DC-Build-Header: posixtestsuite 1.5.2-8 / 2020-02-24 12:21:58 +0000
DC-Task: type:rebuild-binarch-only source:posixtestsuite version:1.5.2-8 chroot:unstable esttime:2862 logfile:/tmp/posixtestsuite_1.5.2-8_unstable_clang8.log modes:clang8:binarch-only
DC-Sbuild-call: su user42 -c 'sbuild -n --arch-any --apt-update -d unstable -v --no-run-lintian --chroot-setup-commands=/tmp/clang8 posixtestsuite_1.5.2-8'
sbuild (Debian sbuild) 0.78.1 (09 February 2019) on ip-172-31-11-224.eu-central-1.compute.internal

+==============================================================================+
| posixtestsuite 1.5.2-8 (amd64)               Mon, 24 Feb 2020 12:22:00 +0000 |
+==============================================================================+

Package: posixtestsuite
Version: 1.5.2-8
Source Version: 1.5.2-8
Distribution: unstable
Machine Architecture: amd64
Host Architecture: amd64
Build Architecture: amd64
Build Type: binary

I: NOTICE: Log filtering will replace 'var/run/schroot/mount/sid-amd64-sbuild-94c50c3a-d8a8-45ef-9115-a45bcc7e7802' with '<<CHROOT>>'

+------------------------------------------------------------------------------+
| Chroot Setup Commands                                                        |
+------------------------------------------------------------------------------+


/tmp/clang8
-----------

+ echo 'Entering customization script...'
Entering customization script...
+ CLANG_VERSION=8
+ echo 'Install of clang-8'
Install of clang-8
+ apt-get update
Get:1 http://127.0.0.1:12990/debian sid InRelease [142 kB]
Get:2 http://127.0.0.1:12990/debian sid/main Sources.diff/Index [27.9 kB]
Get:3 http://127.0.0.1:12990/debian sid/main amd64 Packages.diff/Index [27.9 kB]
Get:4 http://127.0.0.1:12990/debian sid/main Sources 2020-02-24-0823.32.pdiff [11.0 kB]
Get:4 http://127.0.0.1:12990/debian sid/main Sources 2020-02-24-0823.32.pdiff [11.0 kB]
Get:5 http://127.0.0.1:12990/debian sid/main amd64 Packages 2020-02-24-0823.32.pdiff [15.5 kB]
Get:5 http://127.0.0.1:12990/debian sid/main amd64 Packages 2020-02-24-0823.32.pdiff [15.5 kB]
Get:6 http://127.0.0.1:12990/debian sid/main Translation-en [6191 kB]
Fetched 6416 kB in 11s (611 kB/s)
Reading package lists...
+ apt-get install --yes --no-install-recommends --force-yes clang-8 libomp-8-dev libobjc-9-dev
Reading package lists...
Building dependency tree...
The following additional packages will be installed:
  gcc-8-base lib32gcc-s1 lib32gcc1 lib32stdc++6 libbsd0 libc6-i386
  libclang-common-8-dev libclang1-8 libedit2 libgc1c2 libgcc-8-dev libllvm8
  libmpx2 libobjc-8-dev libobjc4 libomp5-8 libstdc++-8-dev
Suggested packages:
  clang-8-doc libomp-8-doc libstdc++-8-doc
Recommended packages:
  llvm-8-dev python3
The following NEW packages will be installed:
  clang-8 gcc-8-base lib32gcc-s1 lib32gcc1 lib32stdc++6 libbsd0 libc6-i386
  libclang-common-8-dev libclang1-8 libedit2 libgc1c2 libgcc-8-dev libllvm8
  libmpx2 libobjc-8-dev libobjc-9-dev libobjc4 libomp-8-dev libomp5-8
  libstdc++-8-dev
0 upgraded, 20 newly installed, 0 to remove and 1 not upgraded.
Need to get 39.9 MB of archives.
After this operation, 223 MB of additional disk space will be used.
Get:1 http://127.0.0.1:12990/debian sid/main amd64 libbsd0 amd64 0.10.0-1 [107 kB]
Get:2 http://127.0.0.1:12990/debian sid/main amd64 libedit2 amd64 3.1-20191231-1 [95.4 kB]
Get:3 http://127.0.0.1:12990/debian sid/main amd64 libllvm8 amd64 1:8.0.1-7 [13.8 MB]
Get:4 http://127.0.0.1:12990/debian sid/main amd64 gcc-8-base amd64 8.3.0-29 [194 kB]
Get:5 http://127.0.0.1:12990/debian sid/main amd64 libmpx2 amd64 8.3.0-29 [11.4 kB]
Get:6 http://127.0.0.1:12990/debian sid/main amd64 libgcc-8-dev amd64 8.3.0-29 [2297 kB]
Get:7 http://127.0.0.1:12990/debian sid/main amd64 libstdc++-8-dev amd64 8.3.0-29 [1543 kB]
Get:8 http://127.0.0.1:12990/debian sid/main amd64 libgc1c2 amd64 1:7.6.4-0.4 [224 kB]
Get:9 http://127.0.0.1:12990/debian sid/main amd64 libobjc4 amd64 10-20200222-1 [41.6 kB]
Get:10 http://127.0.0.1:12990/debian sid/main amd64 libobjc-8-dev amd64 8.3.0-29 [227 kB]
Get:11 http://127.0.0.1:12990/debian sid/main amd64 libc6-i386 amd64 2.29-10 [2918 kB]
Get:12 http://127.0.0.1:12990/debian sid/main amd64 lib32gcc-s1 amd64 10-20200222-1 [49.4 kB]
Get:13 http://127.0.0.1:12990/debian sid/main amd64 lib32gcc1 amd64 1:10-20200222-1 [1104 B]
Get:14 http://127.0.0.1:12990/debian sid/main amd64 lib32stdc++6 amd64 10-20200222-1 [510 kB]
Get:15 http://127.0.0.1:12990/debian sid/main amd64 libclang-common-8-dev amd64 1:8.0.1-7 [2989 kB]
Get:16 http://127.0.0.1:12990/debian sid/main amd64 libclang1-8 amd64 1:8.0.1-7 [6244 kB]
Get:17 http://127.0.0.1:12990/debian sid/main amd64 clang-8 amd64 1:8.0.1-7 [8010 kB]
Get:18 http://127.0.0.1:12990/debian sid/main amd64 libobjc-9-dev amd64 9.2.1-29 [219 kB]
Get:19 http://127.0.0.1:12990/debian sid/main amd64 libomp5-8 amd64 1:8.0.1-7 [331 kB]
Get:20 http://127.0.0.1:12990/debian sid/main amd64 libomp-8-dev amd64 1:8.0.1-7 [62.3 kB]
debconf: delaying package configuration, since apt-utils is not installed
Fetched 39.9 MB in 2s (19.6 MB/s)
Selecting previously unselected package libbsd0:amd64.
(Reading database ... (Reading database ... 5%(Reading database ... 10%(Reading database ... 15%(Reading database ... 20%(Reading database ... 25%(Reading database ... 30%(Reading database ... 35%(Reading database ... 40%(Reading database ... 45%(Reading database ... 50%(Reading database ... 55%(Reading database ... 60%(Reading database ... 65%(Reading database ... 70%(Reading database ... 75%(Reading database ... 80%(Reading database ... 85%(Reading database ... 90%(Reading database ... 95%(Reading database ... 100%(Reading database ... 12119 files and directories currently installed.)
Preparing to unpack .../00-libbsd0_0.10.0-1_amd64.deb ...
Unpacking libbsd0:amd64 (0.10.0-1) ...
Selecting previously unselected package libedit2:amd64.
Preparing to unpack .../01-libedit2_3.1-20191231-1_amd64.deb ...
Unpacking libedit2:amd64 (3.1-20191231-1) ...
Selecting previously unselected package libllvm8:amd64.
Preparing to unpack .../02-libllvm8_1%3a8.0.1-7_amd64.deb ...
Unpacking libllvm8:amd64 (1:8.0.1-7) ...
Selecting previously unselected package gcc-8-base:amd64.
Preparing to unpack .../03-gcc-8-base_8.3.0-29_amd64.deb ...
Unpacking gcc-8-base:amd64 (8.3.0-29) ...
Selecting previously unselected package libmpx2:amd64.
Preparing to unpack .../04-libmpx2_8.3.0-29_amd64.deb ...
Unpacking libmpx2:amd64 (8.3.0-29) ...
Selecting previously unselected package libgcc-8-dev:amd64.
Preparing to unpack .../05-libgcc-8-dev_8.3.0-29_amd64.deb ...
Unpacking libgcc-8-dev:amd64 (8.3.0-29) ...
Selecting previously unselected package libstdc++-8-dev:amd64.
Preparing to unpack .../06-libstdc++-8-dev_8.3.0-29_amd64.deb ...
Unpacking libstdc++-8-dev:amd64 (8.3.0-29) ...
Selecting previously unselected package libgc1c2:amd64.
Preparing to unpack .../07-libgc1c2_1%3a7.6.4-0.4_amd64.deb ...
Unpacking libgc1c2:amd64 (1:7.6.4-0.4) ...
Selecting previously unselected package libobjc4:amd64.
Preparing to unpack .../08-libobjc4_10-20200222-1_amd64.deb ...
Unpacking libobjc4:amd64 (10-20200222-1) ...
Selecting previously unselected package libobjc-8-dev:amd64.
Preparing to unpack .../09-libobjc-8-dev_8.3.0-29_amd64.deb ...
Unpacking libobjc-8-dev:amd64 (8.3.0-29) ...
Selecting previously unselected package libc6-i386.
Preparing to unpack .../10-libc6-i386_2.29-10_amd64.deb ...
Unpacking libc6-i386 (2.29-10) ...
Selecting previously unselected package lib32gcc-s1.
Preparing to unpack .../11-lib32gcc-s1_10-20200222-1_amd64.deb ...
Unpacking lib32gcc-s1 (10-20200222-1) ...
Selecting previously unselected package lib32gcc1.
Preparing to unpack .../12-lib32gcc1_1%3a10-20200222-1_amd64.deb ...
Unpacking lib32gcc1 (1:10-20200222-1) ...
Selecting previously unselected package lib32stdc++6.
Preparing to unpack .../13-lib32stdc++6_10-20200222-1_amd64.deb ...
Unpacking lib32stdc++6 (10-20200222-1) ...
Selecting previously unselected package libclang-common-8-dev.
Preparing to unpack .../14-libclang-common-8-dev_1%3a8.0.1-7_amd64.deb ...
Unpacking libclang-common-8-dev (1:8.0.1-7) ...
Selecting previously unselected package libclang1-8.
Preparing to unpack .../15-libclang1-8_1%3a8.0.1-7_amd64.deb ...
Unpacking libclang1-8 (1:8.0.1-7) ...
Selecting previously unselected package clang-8.
Preparing to unpack .../16-clang-8_1%3a8.0.1-7_amd64.deb ...
Unpacking clang-8 (1:8.0.1-7) ...
Selecting previously unselected package libobjc-9-dev:amd64.
Preparing to unpack .../17-libobjc-9-dev_9.2.1-29_amd64.deb ...
Unpacking libobjc-9-dev:amd64 (9.2.1-29) ...
Selecting previously unselected package libomp5-8:amd64.
Preparing to unpack .../18-libomp5-8_1%3a8.0.1-7_amd64.deb ...
Unpacking libomp5-8:amd64 (1:8.0.1-7) ...
Selecting previously unselected package libomp-8-dev.
Preparing to unpack .../19-libomp-8-dev_1%3a8.0.1-7_amd64.deb ...
Unpacking libomp-8-dev (1:8.0.1-7) ...
Setting up libgc1c2:amd64 (1:7.6.4-0.4) ...
Setting up libobjc4:amd64 (10-20200222-1) ...
Setting up gcc-8-base:amd64 (8.3.0-29) ...
Setting up libobjc-9-dev:amd64 (9.2.1-29) ...
Setting up libmpx2:amd64 (8.3.0-29) ...
Setting up libc6-i386 (2.29-10) ...
Setting up libbsd0:amd64 (0.10.0-1) ...
Setting up libomp5-8:amd64 (1:8.0.1-7) ...
Setting up libomp-8-dev (1:8.0.1-7) ...
Setting up libedit2:amd64 (3.1-20191231-1) ...
Setting up lib32gcc-s1 (10-20200222-1) ...
Setting up libgcc-8-dev:amd64 (8.3.0-29) ...
Setting up libstdc++-8-dev:amd64 (8.3.0-29) ...
Setting up libllvm8:amd64 (1:8.0.1-7) ...
Setting up libclang1-8 (1:8.0.1-7) ...
Setting up lib32gcc1 (1:10-20200222-1) ...
Setting up libobjc-8-dev:amd64 (8.3.0-29) ...
Setting up lib32stdc++6 (10-20200222-1) ...
Setting up libclang-common-8-dev (1:8.0.1-7) ...
Setting up clang-8 (1:8.0.1-7) ...
Processing triggers for libc-bin (2.29-10) ...
W: --force-yes is deprecated, use one of the options starting with --allow instead.
+ echo 'Replace gcc, g++ & cpp by clang'
Replace gcc, g++ & cpp by clang
+ VERSIONS='4.6 4.7 4.8 4.9 5 6 7 8 9 10'
+ cd /usr/bin
+ for VERSION in $VERSIONS
+ rm -f g++-4.6 gcc-4.6 cpp-4.6 gcc
+ ln -s clang++-8 g++-4.6
+ ln -s clang-8 gcc-4.6
+ ln -s clang-8 cpp-4.6
+ ln -s clang-8 gcc
+ dpkg --set-selections
+ echo 'gcc-4.6 hold'
dpkg: warning: package not in status nor available database at line 1: gcc-4.6
dpkg: warning: found unknown packages; this might mean the available database
is outdated, and needs to be updated through a frontend method;
please see the FAQ <https://wiki.debian.org/Teams/Dpkg/FAQ>
+ dpkg --set-selections
+ echo 'g++-4.6 hold'
dpkg: warning: package not in status nor available database at line 1: g++-4.6
dpkg: warning: found unknown packages; this might mean the available database
is outdated, and needs to be updated through a frontend method;
please see the FAQ <https://wiki.debian.org/Teams/Dpkg/FAQ>
+ for VERSION in $VERSIONS
+ rm -f g++-4.7 gcc-4.7 cpp-4.7 gcc
+ ln -s clang++-8 g++-4.7
+ ln -s clang-8 gcc-4.7
+ ln -s clang-8 cpp-4.7
+ ln -s clang-8 gcc
+ dpkg --set-selections
+ echo 'gcc-4.7 hold'
dpkg: warning: package not in status nor available database at line 1: gcc-4.7
dpkg: warning: found unknown packages; this might mean the available database
is outdated, and needs to be updated through a frontend method;
please see the FAQ <https://wiki.debian.org/Teams/Dpkg/FAQ>
+ dpkg --set-selections
+ echo 'g++-4.7 hold'
dpkg: warning: package not in status nor available database at line 1: g++-4.7
dpkg: warning: found unknown packages; this might mean the available database
is outdated, and needs to be updated through a frontend method;
please see the FAQ <https://wiki.debian.org/Teams/Dpkg/FAQ>
+ for VERSION in $VERSIONS
+ rm -f g++-4.8 gcc-4.8 cpp-4.8 gcc
+ ln -s clang++-8 g++-4.8
+ ln -s clang-8 gcc-4.8
+ ln -s clang-8 cpp-4.8
+ ln -s clang-8 gcc
+ echo 'gcc-4.8 hold'
+ dpkg --set-selections
dpkg: warning: package not in status nor available database at line 1: gcc-4.8
dpkg: warning: found unknown packages; this might mean the available database
is outdated, and needs to be updated through a frontend method;
please see the FAQ <https://wiki.debian.org/Teams/Dpkg/FAQ>
+ echo 'g++-4.8 hold'
+ dpkg --set-selections
dpkg: warning: package not in status nor available database at line 1: g++-4.8
dpkg: warning: found unknown packages; this might mean the available database
is outdated, and needs to be updated through a frontend method;
please see the FAQ <https://wiki.debian.org/Teams/Dpkg/FAQ>
+ for VERSION in $VERSIONS
+ rm -f g++-4.9 gcc-4.9 cpp-4.9 gcc
+ ln -s clang++-8 g++-4.9
+ ln -s clang-8 gcc-4.9
+ ln -s clang-8 cpp-4.9
+ ln -s clang-8 gcc
+ dpkg --set-selections
+ echo 'gcc-4.9 hold'
dpkg: warning: package not in status nor available database at line 1: gcc-4.9
dpkg: warning: found unknown packages; this might mean the available database
is outdated, and needs to be updated through a frontend method;
please see the FAQ <https://wiki.debian.org/Teams/Dpkg/FAQ>
+ dpkg --set-selections
+ echo 'g++-4.9 hold'
dpkg: warning: package not in status nor available database at line 1: g++-4.9
dpkg: warning: found unknown packages; this might mean the available database
is outdated, and needs to be updated through a frontend method;
please see the FAQ <https://wiki.debian.org/Teams/Dpkg/FAQ>
+ for VERSION in $VERSIONS
+ rm -f g++-5 gcc-5 cpp-5 gcc
+ ln -s clang++-8 g++-5
+ ln -s clang-8 gcc-5
+ ln -s clang-8 cpp-5
+ ln -s clang-8 gcc
+ dpkg --set-selections
+ echo 'gcc-5 hold'
dpkg: warning: package not in status nor available database at line 1: gcc-5
dpkg: warning: found unknown packages; this might mean the available database
is outdated, and needs to be updated through a frontend method;
please see the FAQ <https://wiki.debian.org/Teams/Dpkg/FAQ>
+ dpkg --set-selections
+ echo 'g++-5 hold'
dpkg: warning: package not in status nor available database at line 1: g++-5
dpkg: warning: found unknown packages; this might mean the available database
is outdated, and needs to be updated through a frontend method;
please see the FAQ <https://wiki.debian.org/Teams/Dpkg/FAQ>
+ for VERSION in $VERSIONS
+ rm -f g++-6 gcc-6 cpp-6 gcc
+ ln -s clang++-8 g++-6
+ ln -s clang-8 gcc-6
+ ln -s clang-8 cpp-6
+ ln -s clang-8 gcc
+ dpkg --set-selections
+ echo 'gcc-6 hold'
dpkg: warning: package not in status nor available database at line 1: gcc-6
dpkg: warning: found unknown packages; this might mean the available database
is outdated, and needs to be updated through a frontend method;
please see the FAQ <https://wiki.debian.org/Teams/Dpkg/FAQ>
+ dpkg --set-selections
+ echo 'g++-6 hold'
dpkg: warning: package not in status nor available database at line 1: g++-6
dpkg: warning: found unknown packages; this might mean the available database
is outdated, and needs to be updated through a frontend method;
please see the FAQ <https://wiki.debian.org/Teams/Dpkg/FAQ>
+ for VERSION in $VERSIONS
+ rm -f g++-7 gcc-7 cpp-7 gcc
+ ln -s clang++-8 g++-7
+ ln -s clang-8 gcc-7
+ ln -s clang-8 cpp-7
+ ln -s clang-8 gcc
+ dpkg --set-selections
+ echo 'gcc-7 hold'
dpkg: warning: package not in status nor available database at line 1: gcc-7
dpkg: warning: found unknown packages; this might mean the available database
is outdated, and needs to be updated through a frontend method;
please see the FAQ <https://wiki.debian.org/Teams/Dpkg/FAQ>
+ echo 'g++-7 hold'
+ dpkg --set-selections
dpkg: warning: package not in status nor available database at line 1: g++-7
dpkg: warning: found unknown packages; this might mean the available database
is outdated, and needs to be updated through a frontend method;
please see the FAQ <https://wiki.debian.org/Teams/Dpkg/FAQ>
+ for VERSION in $VERSIONS
+ rm -f g++-8 gcc-8 cpp-8 gcc
+ ln -s clang++-8 g++-8
+ ln -s clang-8 gcc-8
+ ln -s clang-8 cpp-8
+ ln -s clang-8 gcc
+ dpkg --set-selections
+ echo 'gcc-8 hold'
dpkg: warning: package not in status nor available database at line 1: gcc-8
dpkg: warning: found unknown packages; this might mean the available database
is outdated, and needs to be updated through a frontend method;
please see the FAQ <https://wiki.debian.org/Teams/Dpkg/FAQ>
+ echo 'g++-8 hold'
+ dpkg --set-selections
dpkg: warning: package not in status nor available database at line 1: g++-8
dpkg: warning: found unknown packages; this might mean the available database
is outdated, and needs to be updated through a frontend method;
please see the FAQ <https://wiki.debian.org/Teams/Dpkg/FAQ>
+ for VERSION in $VERSIONS
+ rm -f g++-9 gcc-9 cpp-9 gcc
+ ln -s clang++-8 g++-9
+ ln -s clang-8 gcc-9
+ ln -s clang-8 cpp-9
+ ln -s clang-8 gcc
+ dpkg --set-selections
+ echo 'gcc-9 hold'
+ dpkg --set-selections
+ echo 'g++-9 hold'
+ for VERSION in $VERSIONS
+ rm -f g++-10 gcc-10 cpp-10 gcc
+ ln -s clang++-8 g++-10
+ ln -s clang-8 gcc-10
+ ln -s clang-8 cpp-10
+ ln -s clang-8 gcc
+ dpkg --set-selections
+ echo 'gcc-10 hold'
dpkg: warning: package not in status nor available database at line 1: gcc-10
dpkg: warning: found unknown packages; this might mean the available database
is outdated, and needs to be updated through a frontend method;
please see the FAQ <https://wiki.debian.org/Teams/Dpkg/FAQ>
+ dpkg --set-selections
+ echo 'g++-10 hold'
dpkg: warning: package not in status nor available database at line 1: g++-10
dpkg: warning: found unknown packages; this might mean the available database
is outdated, and needs to be updated through a frontend method;
please see the FAQ <https://wiki.debian.org/Teams/Dpkg/FAQ>
+ cd -
/build/posixtestsuite-x6HNOc
+ echo 'Check if gcc, g++ & cpp are actually clang'
Check if gcc, g++ & cpp are actually clang
+ grep clang
+ gcc --version
+ grep clang
+ cpp --version
+ grep clang
+ g++ --version

I: Finished running '/tmp/clang8'.

Finished processing commands.
--------------------------------------------------------------------------------
I: NOTICE: Log filtering will replace 'build/posixtestsuite-x6HNOc/resolver-lRwkKD' with '<<RESOLVERDIR>>'

+------------------------------------------------------------------------------+
| Update chroot                                                                |
+------------------------------------------------------------------------------+

Hit:1 http://127.0.0.1:12990/debian sid InRelease
Reading package lists...
Reading package lists...
Building dependency tree...
Reading state information...
Calculating upgrade...
The following packages will be upgraded:
  libgmp10
1 upgraded, 0 newly installed, 0 to remove and 0 not upgraded.
Need to get 253 kB of archives.
After this operation, 0 B of additional disk space will be used.
Get:1 http://127.0.0.1:12990/debian sid/main amd64 libgmp10 amd64 2:6.2.0+dfsg-4 [253 kB]
debconf: delaying package configuration, since apt-utils is not installed
Fetched 253 kB in 0s (1342 kB/s)
(Reading database ... (Reading database ... 5%(Reading database ... 10%(Reading database ... 15%(Reading database ... 20%(Reading database ... 25%(Reading database ... 30%(Reading database ... 35%(Reading database ... 40%(Reading database ... 45%(Reading database ... 50%(Reading database ... 55%(Reading database ... 60%(Reading database ... 65%(Reading database ... 70%(Reading database ... 75%(Reading database ... 80%(Reading database ... 85%(Reading database ... 90%(Reading database ... 95%(Reading database ... 100%(Reading database ... 13887 files and directories currently installed.)
Preparing to unpack .../libgmp10_2%3a6.2.0+dfsg-4_amd64.deb ...
Unpacking libgmp10:amd64 (2:6.2.0+dfsg-4) over (2:6.2.0+dfsg-3) ...
Setting up libgmp10:amd64 (2:6.2.0+dfsg-4) ...
Processing triggers for libc-bin (2.29-10) ...

+------------------------------------------------------------------------------+
| Fetch source files                                                           |
+------------------------------------------------------------------------------+


Check APT
---------

Checking available source versions...

Download source files with APT
------------------------------

Reading package lists...
NOTICE: 'posixtestsuite' packaging is maintained in the 'Git' version control system at:
https://git.hadrons.org/git/debian/pkgs/posixtestsuite.git
Please use:
git clone https://git.hadrons.org/git/debian/pkgs/posixtestsuite.git
to retrieve the latest (possibly unreleased) updates to the package.
Need to get 1101 kB of source archives.
Get:1 http://127.0.0.1:12990/debian sid/main posixtestsuite 1.5.2-8 (dsc) [1912 B]
Get:2 http://127.0.0.1:12990/debian sid/main posixtestsuite 1.5.2-8 (tar) [1093 kB]
Get:3 http://127.0.0.1:12990/debian sid/main posixtestsuite 1.5.2-8 (diff) [6572 B]
Fetched 1101 kB in 0s (2733 kB/s)
Download complete and in download only mode
I: NOTICE: Log filtering will replace 'build/posixtestsuite-x6HNOc/posixtestsuite-1.5.2' with '<<PKGBUILDDIR>>'
I: NOTICE: Log filtering will replace 'build/posixtestsuite-x6HNOc' with '<<BUILDDIR>>'

+------------------------------------------------------------------------------+
| Install package build dependencies                                           |
+------------------------------------------------------------------------------+


Setup apt archive
-----------------

Merged Build-Depends: debhelper (>= 11), build-essential, fakeroot
Filtered Build-Depends: debhelper (>= 11), build-essential, fakeroot
dpkg-deb: building package 'sbuild-build-depends-main-dummy' in '/<<RESOLVERDIR>>/apt_archive/sbuild-build-depends-main-dummy.deb'.
Ign:1 copy:/<<RESOLVERDIR>>/apt_archive ./ InRelease
Get:2 copy:/<<RESOLVERDIR>>/apt_archive ./ Release [957 B]
Ign:3 copy:/<<RESOLVERDIR>>/apt_archive ./ Release.gpg
Get:4 copy:/<<RESOLVERDIR>>/apt_archive ./ Sources [365 B]
Get:5 copy:/<<RESOLVERDIR>>/apt_archive ./ Packages [447 B]
Fetched 1769 B in 0s (23.6 kB/s)
Reading package lists...
Reading package lists...

Install main build dependencies (apt-based resolver)
----------------------------------------------------

Installing build dependencies
Reading package lists...
Building dependency tree...
Reading state information...
The following additional packages will be installed:
  autoconf automake autopoint autotools-dev bsdmainutils debhelper
  dh-autoreconf dh-strip-nondeterminism dwz file gettext gettext-base
  groff-base intltool-debian libarchive-zip-perl libcroco3 libdebhelper-perl
  libelf1 libfile-stripnondeterminism-perl libglib2.0-0 libicu63 libmagic-mgc
  libmagic1 libpipeline1 libsigsegv2 libsub-override-perl libtool libuchardet0
  libxml2 m4 man-db po-debconf sensible-utils
Suggested packages:
  autoconf-archive gnu-standards autoconf-doc wamerican | wordlist whois
  vacation dh-make gettext-doc libasprintf-dev libgettextpo-dev groff
  libtool-doc gfortran | fortran95-compiler gcj-jdk m4-doc apparmor less
  www-browser libmail-box-perl
Recommended packages:
  curl | wget | lynx libarchive-cpio-perl libglib2.0-data shared-mime-info
  xdg-user-dirs libltdl-dev libmail-sendmail-perl
The following NEW packages will be installed:
  autoconf automake autopoint autotools-dev bsdmainutils debhelper
  dh-autoreconf dh-strip-nondeterminism dwz file gettext gettext-base
  groff-base intltool-debian libarchive-zip-perl libcroco3 libdebhelper-perl
  libelf1 libfile-stripnondeterminism-perl libglib2.0-0 libicu63 libmagic-mgc
  libmagic1 libpipeline1 libsigsegv2 libsub-override-perl libtool libuchardet0
  libxml2 m4 man-db po-debconf sbuild-build-depends-main-dummy sensible-utils
0 upgraded, 34 newly installed, 0 to remove and 0 not upgraded.
Need to get 19.2 MB of archives.
After this operation, 70.4 MB of additional disk space will be used.
Get:1 copy:/<<RESOLVERDIR>>/apt_archive ./ sbuild-build-depends-main-dummy 0.invalid.0 [872 B]
Get:2 http://127.0.0.1:12990/debian sid/main amd64 bsdmainutils amd64 11.1.2+b1 [191 kB]
Get:3 http://127.0.0.1:12990/debian sid/main amd64 libuchardet0 amd64 0.0.6-3 [64.9 kB]
Get:4 http://127.0.0.1:12990/debian sid/main amd64 groff-base amd64 1.22.4-4 [919 kB]
Get:5 http://127.0.0.1:12990/debian sid/main amd64 libpipeline1 amd64 1.5.2-2 [33.9 kB]
Get:6 http://127.0.0.1:12990/debian sid/main amd64 man-db amd64 2.9.0-2 [1307 kB]
Get:7 http://127.0.0.1:12990/debian sid/main amd64 sensible-utils all 0.0.12+nmu1 [16.0 kB]
Get:8 http://127.0.0.1:12990/debian sid/main amd64 libmagic-mgc amd64 1:5.38-4 [262 kB]
Get:9 http://127.0.0.1:12990/debian sid/main amd64 libmagic1 amd64 1:5.38-4 [120 kB]
Get:10 http://127.0.0.1:12990/debian sid/main amd64 file amd64 1:5.38-4 [67.9 kB]
Get:11 http://127.0.0.1:12990/debian sid/main amd64 gettext-base amd64 0.19.8.1-10 [123 kB]
Get:12 http://127.0.0.1:12990/debian sid/main amd64 libsigsegv2 amd64 2.12-2 [32.8 kB]
Get:13 http://127.0.0.1:12990/debian sid/main amd64 m4 amd64 1.4.18-4 [203 kB]
Get:14 http://127.0.0.1:12990/debian sid/main amd64 autoconf all 2.69-11.1 [341 kB]
Get:15 http://127.0.0.1:12990/debian sid/main amd64 autotools-dev all 20180224.1 [77.0 kB]
Get:16 http://127.0.0.1:12990/debian sid/main amd64 automake all 1:1.16.1-4 [771 kB]
Get:17 http://127.0.0.1:12990/debian sid/main amd64 autopoint all 0.19.8.1-10 [435 kB]
Get:18 http://127.0.0.1:12990/debian sid/main amd64 libtool all 2.4.6-13 [513 kB]
Get:19 http://127.0.0.1:12990/debian sid/main amd64 dh-autoreconf all 19 [16.9 kB]
Get:20 http://127.0.0.1:12990/debian sid/main amd64 libdebhelper-perl all 12.9 [183 kB]
Get:21 http://127.0.0.1:12990/debian sid/main amd64 libarchive-zip-perl all 1.67-1 [104 kB]
Get:22 http://127.0.0.1:12990/debian sid/main amd64 libsub-override-perl all 0.09-2 [10.2 kB]
Get:23 http://127.0.0.1:12990/debian sid/main amd64 libfile-stripnondeterminism-perl all 1.6.3-2 [23.7 kB]
Get:24 http://127.0.0.1:12990/debian sid/main amd64 dh-strip-nondeterminism all 1.6.3-2 [14.7 kB]
Get:25 http://127.0.0.1:12990/debian sid/main amd64 libelf1 amd64 0.176-1.1 [161 kB]
Get:26 http://127.0.0.1:12990/debian sid/main amd64 dwz amd64 0.13-5 [151 kB]
Get:27 http://127.0.0.1:12990/debian sid/main amd64 libglib2.0-0 amd64 2.62.4-2 [1319 kB]
Get:28 http://127.0.0.1:12990/debian sid/main amd64 libicu63 amd64 63.2-2 [8301 kB]
Get:29 http://127.0.0.1:12990/debian sid/main amd64 libxml2 amd64 2.9.10+dfsg-3 [709 kB]
Get:30 http://127.0.0.1:12990/debian sid/main amd64 libcroco3 amd64 0.6.13-1 [146 kB]
Get:31 http://127.0.0.1:12990/debian sid/main amd64 gettext amd64 0.19.8.1-10 [1303 kB]
Get:32 http://127.0.0.1:12990/debian sid/main amd64 intltool-debian all 0.35.0+20060710.5 [26.8 kB]
Get:33 http://127.0.0.1:12990/debian sid/main amd64 po-debconf all 1.0.21 [248 kB]
Get:34 http://127.0.0.1:12990/debian sid/main amd64 debhelper all 12.9 [994 kB]
debconf: delaying package configuration, since apt-utils is not installed
Fetched 19.2 MB in 1s (20.4 MB/s)
Selecting previously unselected package bsdmainutils.
(Reading database ... 13887 files and directories currently installed.)
Preparing to unpack .../00-bsdmainutils_11.1.2+b1_amd64.deb ...
Unpacking bsdmainutils (11.1.2+b1) ...
Selecting previously unselected package libuchardet0:amd64.
Preparing to unpack .../01-libuchardet0_0.0.6-3_amd64.deb ...
Unpacking libuchardet0:amd64 (0.0.6-3) ...
Selecting previously unselected package groff-base.
Preparing to unpack .../02-groff-base_1.22.4-4_amd64.deb ...
Unpacking groff-base (1.22.4-4) ...
Selecting previously unselected package libpipeline1:amd64.
Preparing to unpack .../03-libpipeline1_1.5.2-2_amd64.deb ...
Unpacking libpipeline1:amd64 (1.5.2-2) ...
Selecting previously unselected package man-db.
Preparing to unpack .../04-man-db_2.9.0-2_amd64.deb ...
Unpacking man-db (2.9.0-2) ...
Selecting previously unselected package sensible-utils.
Preparing to unpack .../05-sensible-utils_0.0.12+nmu1_all.deb ...
Unpacking sensible-utils (0.0.12+nmu1) ...
Selecting previously unselected package libmagic-mgc.
Preparing to unpack .../06-libmagic-mgc_1%3a5.38-4_amd64.deb ...
Unpacking libmagic-mgc (1:5.38-4) ...
Selecting previously unselected package libmagic1:amd64.
Preparing to unpack .../07-libmagic1_1%3a5.38-4_amd64.deb ...
Unpacking libmagic1:amd64 (1:5.38-4) ...
Selecting previously unselected package file.
Preparing to unpack .../08-file_1%3a5.38-4_amd64.deb ...
Unpacking file (1:5.38-4) ...
Selecting previously unselected package gettext-base.
Preparing to unpack .../09-gettext-base_0.19.8.1-10_amd64.deb ...
Unpacking gettext-base (0.19.8.1-10) ...
Selecting previously unselected package libsigsegv2:amd64.
Preparing to unpack .../10-libsigsegv2_2.12-2_amd64.deb ...
Unpacking libsigsegv2:amd64 (2.12-2) ...
Selecting previously unselected package m4.
Preparing to unpack .../11-m4_1.4.18-4_amd64.deb ...
Unpacking m4 (1.4.18-4) ...
Selecting previously unselected package autoconf.
Preparing to unpack .../12-autoconf_2.69-11.1_all.deb ...
Unpacking autoconf (2.69-11.1) ...
Selecting previously unselected package autotools-dev.
Preparing to unpack .../13-autotools-dev_20180224.1_all.deb ...
Unpacking autotools-dev (20180224.1) ...
Selecting previously unselected package automake.
Preparing to unpack .../14-automake_1%3a1.16.1-4_all.deb ...
Unpacking automake (1:1.16.1-4) ...
Selecting previously unselected package autopoint.
Preparing to unpack .../15-autopoint_0.19.8.1-10_all.deb ...
Unpacking autopoint (0.19.8.1-10) ...
Selecting previously unselected package libtool.
Preparing to unpack .../16-libtool_2.4.6-13_all.deb ...
Unpacking libtool (2.4.6-13) ...
Selecting previously unselected package dh-autoreconf.
Preparing to unpack .../17-dh-autoreconf_19_all.deb ...
Unpacking dh-autoreconf (19) ...
Selecting previously unselected package libdebhelper-perl.
Preparing to unpack .../18-libdebhelper-perl_12.9_all.deb ...
Unpacking libdebhelper-perl (12.9) ...
Selecting previously unselected package libarchive-zip-perl.
Preparing to unpack .../19-libarchive-zip-perl_1.67-1_all.deb ...
Unpacking libarchive-zip-perl (1.67-1) ...
Selecting previously unselected package libsub-override-perl.
Preparing to unpack .../20-libsub-override-perl_0.09-2_all.deb ...
Unpacking libsub-override-perl (0.09-2) ...
Selecting previously unselected package libfile-stripnondeterminism-perl.
Preparing to unpack .../21-libfile-stripnondeterminism-perl_1.6.3-2_all.deb ...
Unpacking libfile-stripnondeterminism-perl (1.6.3-2) ...
Selecting previously unselected package dh-strip-nondeterminism.
Preparing to unpack .../22-dh-strip-nondeterminism_1.6.3-2_all.deb ...
Unpacking dh-strip-nondeterminism (1.6.3-2) ...
Selecting previously unselected package libelf1:amd64.
Preparing to unpack .../23-libelf1_0.176-1.1_amd64.deb ...
Unpacking libelf1:amd64 (0.176-1.1) ...
Selecting previously unselected package dwz.
Preparing to unpack .../24-dwz_0.13-5_amd64.deb ...
Unpacking dwz (0.13-5) ...
Selecting previously unselected package libglib2.0-0:amd64.
Preparing to unpack .../25-libglib2.0-0_2.62.4-2_amd64.deb ...
Unpacking libglib2.0-0:amd64 (2.62.4-2) ...
Selecting previously unselected package libicu63:amd64.
Preparing to unpack .../26-libicu63_63.2-2_amd64.deb ...
Unpacking libicu63:amd64 (63.2-2) ...
Selecting previously unselected package libxml2:amd64.
Preparing to unpack .../27-libxml2_2.9.10+dfsg-3_amd64.deb ...
Unpacking libxml2:amd64 (2.9.10+dfsg-3) ...
Selecting previously unselected package libcroco3:amd64.
Preparing to unpack .../28-libcroco3_0.6.13-1_amd64.deb ...
Unpacking libcroco3:amd64 (0.6.13-1) ...
Selecting previously unselected package gettext.
Preparing to unpack .../29-gettext_0.19.8.1-10_amd64.deb ...
Unpacking gettext (0.19.8.1-10) ...
Selecting previously unselected package intltool-debian.
Preparing to unpack .../30-intltool-debian_0.35.0+20060710.5_all.deb ...
Unpacking intltool-debian (0.35.0+20060710.5) ...
Selecting previously unselected package po-debconf.
Preparing to unpack .../31-po-debconf_1.0.21_all.deb ...
Unpacking po-debconf (1.0.21) ...
Selecting previously unselected package debhelper.
Preparing to unpack .../32-debhelper_12.9_all.deb ...
Unpacking debhelper (12.9) ...
Selecting previously unselected package sbuild-build-depends-main-dummy.
Preparing to unpack .../33-sbuild-build-depends-main-dummy_0.invalid.0_amd64.deb ...
Unpacking sbuild-build-depends-main-dummy (0.invalid.0) ...
Setting up libpipeline1:amd64 (1.5.2-2) ...
Setting up libmagic-mgc (1:5.38-4) ...
Setting up libarchive-zip-perl (1.67-1) ...
Setting up libglib2.0-0:amd64 (2.62.4-2) ...
No schema files found: doing nothing.
Setting up libdebhelper-perl (12.9) ...
Setting up libmagic1:amd64 (1:5.38-4) ...
Setting up gettext-base (0.19.8.1-10) ...
Setting up file (1:5.38-4) ...
Setting up libicu63:amd64 (63.2-2) ...
Setting up autotools-dev (20180224.1) ...
Setting up libsigsegv2:amd64 (2.12-2) ...
Setting up bsdmainutils (11.1.2+b1) ...
update-alternatives: using /usr/bin/bsd-write to provide /usr/bin/write (write) in auto mode
update-alternatives: using /usr/bin/bsd-from to provide /usr/bin/from (from) in auto mode
Setting up autopoint (0.19.8.1-10) ...
Setting up sensible-utils (0.0.12+nmu1) ...
Setting up libuchardet0:amd64 (0.0.6-3) ...
Setting up libsub-override-perl (0.09-2) ...
Setting up libelf1:amd64 (0.176-1.1) ...
Setting up libxml2:amd64 (2.9.10+dfsg-3) ...
Setting up libfile-stripnondeterminism-perl (1.6.3-2) ...
Setting up libtool (2.4.6-13) ...
Setting up m4 (1.4.18-4) ...
Setting up libcroco3:amd64 (0.6.13-1) ...
Setting up autoconf (2.69-11.1) ...
Setting up dh-strip-nondeterminism (1.6.3-2) ...
Setting up dwz (0.13-5) ...
Setting up groff-base (1.22.4-4) ...
Setting up automake (1:1.16.1-4) ...
update-alternatives: using /usr/bin/automake-1.16 to provide /usr/bin/automake (automake) in auto mode
Setting up gettext (0.19.8.1-10) ...
Setting up man-db (2.9.0-2) ...
Not building database; man-db/auto-update is not 'true'.
Setting up intltool-debian (0.35.0+20060710.5) ...
Setting up po-debconf (1.0.21) ...
Setting up dh-autoreconf (19) ...
Setting up debhelper (12.9) ...
Setting up sbuild-build-depends-main-dummy (0.invalid.0) ...
Processing triggers for libc-bin (2.29-10) ...

+------------------------------------------------------------------------------+
| Check architectures                                                          |
+------------------------------------------------------------------------------+

Arch check ok (amd64 included in any)

+------------------------------------------------------------------------------+
| Build environment                                                            |
+------------------------------------------------------------------------------+

Kernel: Linux 4.19.0-6-cloud-amd64 #1 SMP Debian 4.19.67-2+deb10u2 (2019-11-11) amd64 (x86_64)
Toolchain package versions: binutils_2.34-3 dpkg-dev_1.19.7 g++-9_9.2.1-29 gcc-9_9.2.1-29 libc6-dev_2.29-10 libstdc++-8-dev_8.3.0-29 libstdc++-9-dev_9.2.1-29 libstdc++6_10-20200222-1 linux-libc-dev_5.4.19-1
Package versions: adduser_3.118 apt_1.8.4 autoconf_2.69-11.1 automake_1:1.16.1-4 autopoint_0.19.8.1-10 autotools-dev_20180224.1 base-files_11 base-passwd_3.5.47 bash_5.0-5 binutils_2.34-3 binutils-common_2.34-3 binutils-x86-64-linux-gnu_2.34-3 bsdmainutils_11.1.2+b1 bsdutils_1:2.34-0.1 build-essential_12.8 bzip2_1.0.8-2 clang-8_1:8.0.1-7 coreutils_8.30-3+b1 cpp_4:9.2.1-3.1 cpp-9_9.2.1-29 dash_0.5.10.2-6 debconf_1.5.73 debhelper_12.9 debian-archive-keyring_2019.1 debianutils_4.9.1 dh-autoreconf_19 dh-strip-nondeterminism_1.6.3-2 diffutils_1:3.7-3 dpkg_1.19.7 dpkg-dev_1.19.7 dwz_0.13-5 e2fsprogs_1.45.5-2 fakeroot_1.24-1 fdisk_2.34-0.1 file_1:5.38-4 findutils_4.7.0-1 g++_4:9.2.1-3.1 g++-9_9.2.1-29 gcc_4:9.2.1-3.1 gcc-10-base_10-20200222-1 gcc-8-base_8.3.0-29 gcc-9_9.2.1-29 gcc-9-base_9.2.1-29 gettext_0.19.8.1-10 gettext-base_0.19.8.1-10 gpgv_2.2.19-1 grep_3.4-1 groff-base_1.22.4-4 gzip_1.9-3+b1 hostname_3.23 init-system-helpers_1.57 intltool-debian_0.35.0+20060710.5 lib32gcc-s1_10-20200222-1 lib32gcc1_1:10-20200222-1 lib32stdc++6_10-20200222-1 libacl1_2.2.53-5 libapt-pkg5.0_1.8.4 libarchive-zip-perl_1.67-1 libasan5_9.2.1-29 libatomic1_10-20200222-1 libattr1_1:2.4.48-5 libaudit-common_1:2.8.5-2 libaudit1_1:2.8.5-2+b1 libbinutils_2.34-3 libblkid1_2.34-0.1 libbsd0_0.10.0-1 libbz2-1.0_1.0.8-2 libc-bin_2.29-10 libc-dev-bin_2.29-10 libc6_2.29-10 libc6-dev_2.29-10 libc6-i386_2.29-10 libcap-ng0_0.7.9-2.1+b1 libcc1-0_10-20200222-1 libclang-common-8-dev_1:8.0.1-7 libclang1-8_1:8.0.1-7 libcom-err2_1.45.5-2 libcroco3_0.6.13-1 libcrypt-dev_1:4.4.10-10 libcrypt1_1:4.4.10-10 libctf-nobfd0_2.34-3 libctf0_2.34-3 libdb5.3_5.3.28+dfsg1-0.6 libdebconfclient0_0.251 libdebhelper-perl_12.9 libdpkg-perl_1.19.7 libedit2_3.1-20191231-1 libelf1_0.176-1.1 libext2fs2_1.45.5-2 libfakeroot_1.24-1 libfdisk1_2.34-0.1 libffi7_3.3-3 libfile-stripnondeterminism-perl_1.6.3-2 libgc1c2_1:7.6.4-0.4 libgcc-8-dev_8.3.0-29 libgcc-9-dev_9.2.1-29 libgcc-s1_10-20200222-1 libgcc1_1:10-20200222-1 libgcrypt20_1.8.5-5 libgdbm-compat4_1.18.1-5 libgdbm6_1.18.1-5 libglib2.0-0_2.62.4-2 libgmp10_2:6.2.0+dfsg-4 libgnutls30_3.6.12-2 libgomp1_10-20200222-1 libgpg-error0_1.37-1 libhogweed5_3.5.1+really3.5.1-2 libicu63_63.2-2 libidn2-0_2.2.0-2 libisl22_0.22.1-1 libitm1_10-20200222-1 libllvm8_1:8.0.1-7 liblsan0_10-20200222-1 liblz4-1_1.9.2-2 liblzma5_5.2.4-1+b1 libmagic-mgc_1:5.38-4 libmagic1_1:5.38-4 libmount1_2.34-0.1 libmpc3_1.1.0-1 libmpfr6_4.0.2-1 libmpx2_8.3.0-29 libncursesw6_6.1+20191019-1 libnettle7_3.5.1+really3.5.1-2 libobjc-8-dev_8.3.0-29 libobjc-9-dev_9.2.1-29 libobjc4_10-20200222-1 libomp-8-dev_1:8.0.1-7 libomp5-8_1:8.0.1-7 libp11-kit0_0.23.20-1 libpam-modules_1.3.1-5 libpam-modules-bin_1.3.1-5 libpam-runtime_1.3.1-5 libpam0g_1.3.1-5 libpcre2-8-0_10.34-7 libpcre3_2:8.39-12+b1 libperl5.30_5.30.0-9 libpipeline1_1.5.2-2 libquadmath0_10-20200222-1 libseccomp2_2.4.2-2 libselinux1_3.0-1+b1 libsemanage-common_3.0-1 libsemanage1_3.0-1+b1 libsepol1_3.0-1 libsigsegv2_2.12-2 libsmartcols1_2.34-0.1 libss2_1.45.5-2 libstdc++-8-dev_8.3.0-29 libstdc++-9-dev_9.2.1-29 libstdc++6_10-20200222-1 libsub-override-perl_0.09-2 libsystemd0_244.3-1 libtasn1-6_4.16.0-2 libtinfo6_6.1+20191019-1 libtool_2.4.6-13 libtsan0_10-20200222-1 libubsan1_10-20200222-1 libuchardet0_0.0.6-3 libudev1_244.3-1 libunistring2_0.9.10-2 libuuid1_2.34-0.1 libxml2_2.9.10+dfsg-3 libzstd1_1.4.4+dfsg-3 linux-libc-dev_5.4.19-1 login_1:4.8.1-1 logsave_1.45.5-2 lsb-base_11.1.0 m4_1.4.18-4 make_4.2.1-1.2 man-db_2.9.0-2 mawk_1.3.4.20200120-2 mount_2.34-0.1 ncurses-base_6.1+20191019-1 ncurses-bin_6.1+20191019-1 passwd_1:4.8.1-1 patch_2.7.6-6 perl_5.30.0-9 perl-base_5.30.0-9 perl-modules-5.30_5.30.0-9 po-debconf_1.0.21 sbuild-build-depends-main-dummy_0.invalid.0 sed_4.7-1 sensible-utils_0.0.12+nmu1 sysvinit-utils_2.96-2.1 tar_1.30+dfsg-6+b1 tzdata_2019c-3 util-linux_2.34-0.1 xz-utils_5.2.4-1+b1 zlib1g_1:1.2.11.dfsg-1.2

+------------------------------------------------------------------------------+
| Build                                                                        |
+------------------------------------------------------------------------------+


Unpack source
-------------

-----BEGIN PGP SIGNED MESSAGE-----
Hash: SHA512

Format: 3.0 (quilt)
Source: posixtestsuite
Binary: posixtestsuite
Architecture: any
Version: 1.5.2-8
Maintainer: Debian QA Group <packages@qa.debian.org>
Homepage: http://posixtest.sourceforge.net/
Standards-Version: 4.3.0
Vcs-Browser: https://git.hadrons.org/cgit/debian/pkgs/posixtestsuite.git
Vcs-Git: https://git.hadrons.org/git/debian/pkgs/posixtestsuite.git
Build-Depends: debhelper (>= 11)
Package-List:
 posixtestsuite deb devel optional arch=any
Checksums-Sha1:
 7fa215c8e5a53f58d324cef1997edfea52f3d678 1092856 posixtestsuite_1.5.2.orig.tar.gz
 3e76b7710aa6d00fd4518dabfb45db95a3d7e8dc 6572 posixtestsuite_1.5.2-8.debian.tar.xz
Checksums-Sha256:
 15a2185672127cba851d35ec9d538ff6148defdbb75f99c7e9c50aeba0f94757 1092856 posixtestsuite_1.5.2.orig.tar.gz
 56bcecc2e99f57b88ed493bd0d5e48f0731c85651b6fc41a60922c9e184864b3 6572 posixtestsuite_1.5.2-8.debian.tar.xz
Files:
 9a8e6516585c886fddc257270061b59c 1092856 posixtestsuite_1.5.2.orig.tar.gz
 9e4bd15415b3280683377f62a2238fe9 6572 posixtestsuite_1.5.2-8.debian.tar.xz

-----BEGIN PGP SIGNATURE-----

iQIzBAEBCgAdFiEETz509DYFDBD1aWV0uXK/PqSuV6MFAlxgjsgACgkQuXK/PqSu
V6OU6xAAy6tNez6AYCBbB6v3z9KWbiBQTJHOA25LWdDinFTsYg157a0UkvTZPlF3
xbf042XK0q2rAl3pMAFp3b4d6yaqwMcrWWKXHrIhyvDXO7IuCahwUX2HBD+TJW+a
evXaPfy58She23jehX29Wn20tNoBFiICy7yhHYw6BvZRSpCyNBvehyIEwJfqLfTy
74NE916k4DJnaYudZPKIhL24uvJ+5+qJknqNw8nnstZ/9bSZ76IoH9YOo+aREZRU
UpazOK8qNHM5yxJcnMT9LAaVkH485pIco6B3Ku5fKfKF8Fn6OmHulxDG56DJjbTH
rd0Q4Xxvi+oK5iJZZI4yW88rTaQi0M2eXyaUhCao64RVZQRtkQEyDbZj35PEaRQS
0+VjPE4IGbCKQ/FVf3mZuTCGO6JvFE12C7MHe4jjr/jddKsVPUupZjq6XimhpvDu
0OZT38IWEtRnqFjdXuH36ejFpeN8lyCMjMwccQFsHP/JzftO8Wa9+xiysczgc/zL
dh5eaJ0O9wOJvm6QUsud+xhh9L0D3c2oT3GtDcaeT2iXlX4OVokvss0P11H6lbOH
PH5I9coOz2OcXliq3xGmWvoB4ZAMU2Eszv4uZEkzp3nkUI8xY6Bmu77olI54hlHn
CinzfFgR5PVlLXOZikUAk6Hs2ZI3aubShHOrJBLBxrOlCVQgMlk=
=yPzN
-----END PGP SIGNATURE-----

gpgv: unknown type of key resource 'trustedkeys.kbx'
gpgv: keyblock resource '/sbuild-nonexistent/.gnupg/trustedkeys.kbx': General error
gpgv: Signature made Sun Feb 10 20:51:20 2019 UTC
gpgv:                using RSA key 4F3E74F436050C10F5696574B972BF3EA4AE57A3
gpgv: Can't check signature: No public key
dpkg-source: warning: failed to verify signature on ./posixtestsuite_1.5.2-8.dsc
dpkg-source: info: extracting posixtestsuite in /<<PKGBUILDDIR>>
dpkg-source: info: unpacking posixtestsuite_1.5.2.orig.tar.gz
dpkg-source: info: unpacking posixtestsuite_1.5.2-8.debian.tar.xz
dpkg-source: info: using patch list from debian/patches/series
dpkg-source: info: applying 01_gnu.patch
dpkg-source: info: applying 02_timeout.patch
dpkg-source: info: applying build_Werror_fixes.patch
dpkg-source: info: applying restrict-test-find.patch

Check disk space
----------------

Sufficient free space for build

User Environment
----------------

APT_CONFIG=/var/lib/sbuild/apt.conf
HOME=/sbuild-nonexistent
LANG=C.UTF-8
LC_ALL=C.UTF-8
LOGNAME=user42
PATH=/usr/local/sbin:/usr/local/bin:/usr/sbin:/usr/bin:/sbin:/bin:/usr/games
SCHROOT_ALIAS_NAME=unstable
SCHROOT_CHROOT_NAME=sid-amd64-sbuild
SCHROOT_COMMAND=env
SCHROOT_GID=1001
SCHROOT_GROUP=user42
SCHROOT_SESSION_ID=sid-amd64-sbuild-94c50c3a-d8a8-45ef-9115-a45bcc7e7802
SCHROOT_UID=1001
SCHROOT_USER=user42
SHELL=/bin/sh
USER=user42

dpkg-buildpackage
-----------------

Command: dpkg-buildpackage -us -uc -b -rfakeroot
dpkg-buildpackage: info: source package posixtestsuite
dpkg-buildpackage: info: source version 1.5.2-8
dpkg-buildpackage: info: source distribution unstable
dpkg-buildpackage: info: source changed by Guillem Jover <guillem@debian.org>
 dpkg-source --before-build .
dpkg-buildpackage: info: host architecture amd64
 debian/rules clean
dh_testdir
dh_testroot
/usr/bin/make clean
make[1]: Entering directory '/<<PKGBUILDDIR>>'
make[1]: Leaving directory '/<<PKGBUILDDIR>>'
rm -f *-stamp
dh_clean
 debian/rules binary
# Nothing to do.
dh_testdir
/usr/bin/make
make[1]: Entering directory '/<<PKGBUILDDIR>>'
conformance/behavior/WIFEXITED/1-1: build: FAILED 
conformance/behavior/WIFEXITED/1-2: build: FAILED 
conformance/behavior/WIFEXITED/1-3: build: FAILED 
conformance/behavior/timers/1-1: build: FAILED 
conformance/behavior/timers/2-1: build: FAILED 
conformance/definitions/sys/shm_h/1-1: build: FAILED 
conformance/definitions/sys/shm_h/7-4: build: FAILED 
conformance/definitions/sys/shm_h/3-1: build: FAILED 
conformance/definitions/sys/shm_h/2-2: build: FAILED 
conformance/definitions/sys/shm_h/5-1: build: FAILED 
conformance/definitions/sys/shm_h/6-1: build: FAILED 
conformance/definitions/sys/shm_h/12-3: build: FAILED 
conformance/definitions/sys/shm_h/10-1: build: FAILED 
conformance/definitions/sys/shm_h/2-1: build: FAILED 
conformance/definitions/sys/shm_h/9-1: build: FAILED 
conformance/definitions/sys/shm_h/7-3: build: FAILED 
conformance/definitions/sys/shm_h/4-1: build: FAILED 
conformance/definitions/sys/shm_h/7-2: build: FAILED 
conformance/definitions/sys/shm_h/12-2: build: FAILED 
conformance/definitions/sys/shm_h/7-1: build: FAILED 
conformance/definitions/sys/shm_h/8-1: build: FAILED 
conformance/definitions/sys/shm_h/11-1: build: FAILED 
conformance/definitions/sys/shm_h/12-1: build: FAILED 
conformance/definitions/sys/mman_h/23-1: build: FAILED 
conformance/definitions/sys/mman_h/1-1: build: FAILED 
conformance/definitions/sys/mman_h/7-4: build: FAILED 
conformance/definitions/sys/mman_h/3-1: build: FAILED 
conformance/definitions/sys/mman_h/7-5: build: FAILED 
conformance/definitions/sys/mman_h/9-3: build: FAILED 
conformance/definitions/sys/mman_h/2-2: build: FAILED 
conformance/definitions/sys/mman_h/2-4: build: FAILED 
conformance/definitions/sys/mman_h/5-1: build: FAILED 
conformance/definitions/sys/mman_h/4-3: build: FAILED 
conformance/definitions/sys/mman_h/15-1: build: FAILED 
conformance/definitions/sys/mman_h/3-3: build: FAILED 
conformance/definitions/sys/mman_h/21-1: build: FAILED 
conformance/definitions/sys/mman_h/24-1: build: FAILED 
conformance/definitions/sys/mman_h/13-1: build: FAILED 
conformance/definitions/sys/mman_h/20-1: build: FAILED 
conformance/definitions/sys/mman_h/6-1: build: FAILED 
conformance/definitions/sys/mman_h/10-1: build: FAILED 
conformance/definitions/sys/mman_h/5-2: build: FAILED 
conformance/definitions/sys/mman_h/2-1: build: FAILED 
conformance/definitions/sys/mman_h/9-1: build: FAILED 
conformance/definitions/sys/mman_h/22-1: build: FAILED 
conformance/definitions/sys/mman_h/16-1: build: FAILED 
conformance/definitions/sys/mman_h/18-1: build: FAILED 
conformance/definitions/sys/mman_h/17-1: build: FAILED 
conformance/definitions/sys/mman_h/2-3: build: FAILED 
conformance/definitions/sys/mman_h/8-3: build: FAILED 
conformance/definitions/sys/mman_h/9-2: build: FAILED 
conformance/definitions/sys/mman_h/7-3: build: FAILED 
conformance/definitions/sys/mman_h/4-1: build: FAILED 
conformance/definitions/sys/mman_h/7-2: build: FAILED 
conformance/definitions/sys/mman_h/7-1: build: FAILED 
conformance/definitions/sys/mman_h/3-2: build: FAILED 
conformance/definitions/sys/mman_h/8-2: build: FAILED 
conformance/definitions/sys/mman_h/8-1: build: FAILED 
conformance/definitions/sys/mman_h/4-2: build: FAILED 
conformance/definitions/sys/mman_h/19-1: build: FAILED 
conformance/definitions/sys/mman_h/14-1: build: FAILED 
conformance/definitions/sys/mman_h/11-1: build: FAILED 
conformance/definitions/sys/mman_h/12-1: build: FAILED 
conformance/definitions/time_h/3-4: build: FAILED 
conformance/definitions/time_h/23-1: build: FAILED 
conformance/definitions/time_h/32-1: build: FAILED 
conformance/definitions/time_h/1-1: build: FAILED 
conformance/definitions/time_h/7-4: build: FAILED 
conformance/definitions/time_h/6-2: build: FAILED 
conformance/definitions/time_h/3-1: build: FAILED 
conformance/definitions/time_h/7-5: build: FAILED 
conformance/definitions/time_h/6-3: build: FAILED 
conformance/definitions/time_h/35-3: build: FAILED 
conformance/definitions/time_h/26-1: build: FAILED 
conformance/definitions/time_h/5-1: build: FAILED 
conformance/definitions/time_h/15-1: build: FAILED 
conformance/definitions/time_h/35-1: build: FAILED 
conformance/definitions/time_h/3-3: build: FAILED 
conformance/definitions/time_h/21-1: build: FAILED 
conformance/definitions/time_h/24-1: build: FAILED 
conformance/definitions/time_h/13-1: build: FAILED 
conformance/definitions/time_h/20-1: build: FAILED 
conformance/definitions/time_h/34-1: build: FAILED 
conformance/definitions/time_h/6-1: build: FAILED 
conformance/definitions/time_h/29-1: build: FAILED 
conformance/definitions/time_h/10-1: build: FAILED 
conformance/definitions/time_h/2-1: build: FAILED 
conformance/definitions/time_h/9-1: build: FAILED 
conformance/definitions/time_h/22-1: build: FAILED 
conformance/definitions/time_h/30-1: build: FAILED 
conformance/definitions/time_h/27-1: build: FAILED 
conformance/definitions/time_h/16-1: build: FAILED 
conformance/definitions/time_h/18-1: build: FAILED 
conformance/definitions/time_h/17-1: build: FAILED 
conformance/definitions/time_h/35-2: build: FAILED 
conformance/definitions/time_h/7-3: build: FAILED 
conformance/definitions/time_h/4-1: build: FAILED 
conformance/definitions/time_h/25-1: build: FAILED 
conformance/definitions/time_h/31-1: build: FAILED 
conformance/definitions/time_h/7-2: build: FAILED 
conformance/definitions/time_h/7-1: build: FAILED 
conformance/definitions/time_h/3-2: build: FAILED 
conformance/definitions/time_h/8-1: build: FAILED 
conformance/definitions/time_h/19-1: build: FAILED 
conformance/definitions/time_h/14-1: build: FAILED 
conformance/definitions/time_h/33-1: build: FAILED 
conformance/definitions/time_h/11-1: build: FAILED 
conformance/definitions/time_h/12-1: build: FAILED 
conformance/definitions/time_h/28-1: build: FAILED 
conformance/definitions/signal_h/22-30: build: FAILED 
conformance/definitions/signal_h/22-8: build: FAILED 
conformance/definitions/signal_h/22-23: build: FAILED 
conformance/definitions/signal_h/23-1: build: FAILED 
conformance/definitions/signal_h/43-1: build: FAILED 
conformance/definitions/signal_h/32-1: build: FAILED 
conformance/definitions/signal_h/42-1: build: FAILED 
conformance/definitions/signal_h/1-1: build: FAILED 
conformance/definitions/signal_h/22-27: build: FAILED 
conformance/definitions/signal_h/3-1: build: FAILED 
conformance/definitions/signal_h/22-32: build: FAILED 
conformance/definitions/signal_h/48-1: build: FAILED 
conformance/definitions/signal_h/22-11: build: FAILED 
conformance/definitions/signal_h/2-2: build: FAILED 
conformance/definitions/signal_h/22-38: build: FAILED 
conformance/definitions/signal_h/39-1: build: FAILED 
conformance/definitions/signal_h/2-4: build: FAILED 
conformance/definitions/signal_h/26-1: build: FAILED 
conformance/definitions/signal_h/5-1: build: FAILED 
conformance/definitions/signal_h/22-14: build: FAILED 
conformance/definitions/signal_h/15-1: build: FAILED 
conformance/definitions/signal_h/35-1: build: FAILED 
conformance/definitions/signal_h/21-1: build: FAILED 
conformance/definitions/signal_h/24-1: build: FAILED 
conformance/definitions/signal_h/22-19: build: FAILED 
conformance/definitions/signal_h/50-1: build: FAILED 
conformance/definitions/signal_h/22-17: build: FAILED 
conformance/definitions/signal_h/13-1: build: FAILED 
conformance/definitions/signal_h/20-1: build: FAILED 
conformance/definitions/signal_h/34-1: build: FAILED 
conformance/definitions/signal_h/22-2: build: FAILED 
conformance/definitions/signal_h/22-24: build: FAILED 
conformance/definitions/signal_h/47-1: build: FAILED 
conformance/definitions/signal_h/29-1: build: FAILED 
conformance/definitions/signal_h/22-9: build: FAILED 
conformance/definitions/signal_h/22-3: build: FAILED 
conformance/definitions/signal_h/22-26: build: FAILED 
conformance/definitions/signal_h/22-15: build: FAILED 
conformance/definitions/signal_h/44-1: build: FAILED 
conformance/definitions/signal_h/22-39: build: FAILED 
conformance/definitions/signal_h/22-16: build: FAILED 
conformance/definitions/signal_h/22-29: build: FAILED 
conformance/definitions/signal_h/22-28: build: FAILED 
conformance/definitions/signal_h/2-1: build: FAILED 
conformance/definitions/signal_h/22-25: build: FAILED 
conformance/definitions/signal_h/37-1: build: FAILED 
conformance/definitions/signal_h/22-1: build: FAILED 
conformance/definitions/signal_h/38-1: build: FAILED 
conformance/definitions/signal_h/30-1: build: FAILED 
conformance/definitions/signal_h/27-1: build: FAILED 
conformance/definitions/signal_h/22-22: build: FAILED 
conformance/definitions/signal_h/16-1: build: FAILED 
conformance/definitions/signal_h/18-1: build: FAILED 
conformance/definitions/signal_h/17-1: build: FAILED 
conformance/definitions/signal_h/2-3: build: FAILED 
conformance/definitions/signal_h/22-18: build: FAILED 
conformance/definitions/signal_h/22-6: build: FAILED 
conformance/definitions/signal_h/22-5: build: FAILED 
conformance/definitions/signal_h/22-33: build: FAILED 
conformance/definitions/signal_h/22-4: build: FAILED 
conformance/definitions/signal_h/40-1: build: FAILED 
conformance/definitions/signal_h/22-12: build: FAILED 
conformance/definitions/signal_h/4-1: build: FAILED 
conformance/definitions/signal_h/25-1: build: FAILED 
conformance/definitions/signal_h/31-1: build: FAILED 
conformance/definitions/signal_h/22-10: build: FAILED 
conformance/definitions/signal_h/22-34: build: FAILED 
conformance/definitions/signal_h/22-37: build: FAILED 
conformance/definitions/signal_h/49-1: build: FAILED 
conformance/definitions/signal_h/41-1: build: FAILED 
conformance/definitions/signal_h/22-40: build: FAILED 
conformance/definitions/signal_h/19-1: build: FAILED 
conformance/definitions/signal_h/36-1: build: FAILED 
conformance/definitions/signal_h/45-1: build: FAILED 
conformance/definitions/signal_h/22-31: build: FAILED 
conformance/definitions/signal_h/22-20: build: FAILED 
conformance/definitions/signal_h/14-1: build: FAILED 
conformance/definitions/signal_h/46-1: build: FAILED 
conformance/definitions/signal_h/33-1: build: FAILED 
conformance/definitions/signal_h/22-35: build: FAILED 
conformance/definitions/signal_h/22-13: build: FAILED 
conformance/definitions/signal_h/22-21: build: FAILED 
conformance/definitions/signal_h/28-1: build: FAILED 
conformance/definitions/signal_h/22-36: build: FAILED 
conformance/definitions/signal_h/22-7: build: FAILED 
conformance/definitions/unistd_h/1-1: build: FAILED 
conformance/definitions/unistd_h/2-1: build: FAILED 
conformance/definitions/errno_h/1-1: build: FAILED 
conformance/definitions/errno_h/3-1: build: FAILED 
conformance/definitions/errno_h/2-1: build: FAILED 
conformance/definitions/errno_h/4-1: build: FAILED 
conformance/definitions/errno_h/3-2: build: FAILED 
conformance/definitions/pthread_h/3-4: build: FAILED 
conformance/definitions/pthread_h/1-1: build: FAILED 
conformance/definitions/pthread_h/3-11: build: FAILED 
conformance/definitions/pthread_h/3-13: build: FAILED 
conformance/definitions/pthread_h/3-1: build: FAILED 
conformance/definitions/pthread_h/3-12: build: FAILED 
conformance/definitions/pthread_h/3-10: build: FAILED 
conformance/definitions/pthread_h/2-2: build: FAILED 
conformance/definitions/pthread_h/5-1: build: FAILED 
conformance/definitions/pthread_h/15-1: build: FAILED 
conformance/definitions/pthread_h/3-3: build: FAILED 
conformance/definitions/pthread_h/3-8: build: FAILED 
conformance/definitions/pthread_h/13-1: build: FAILED 
conformance/definitions/pthread_h/20-1: build: FAILED 
conformance/definitions/pthread_h/6-1: build: FAILED 
conformance/definitions/pthread_h/3-5: build: FAILED 
conformance/definitions/pthread_h/3-7: build: FAILED 
conformance/definitions/pthread_h/2-1: build: FAILED 
conformance/definitions/pthread_h/3-9: build: FAILED 
conformance/definitions/pthread_h/9-1: build: FAILED 
conformance/definitions/pthread_h/16-1: build: FAILED 
conformance/definitions/pthread_h/18-1: build: FAILED 
conformance/definitions/pthread_h/17-1: build: FAILED 
conformance/definitions/pthread_h/3-6: build: FAILED 
conformance/definitions/pthread_h/4-1: build: FAILED 
conformance/definitions/pthread_h/7-1: build: FAILED 
conformance/definitions/pthread_h/3-2: build: FAILED 
conformance/definitions/pthread_h/8-1: build: FAILED 
conformance/definitions/pthread_h/19-1: build: FAILED 
conformance/definitions/pthread_h/14-1: build: FAILED 
conformance/definitions/pthread_h/11-1: build: FAILED 
conformance/definitions/pthread_h/12-1: build: FAILED 
conformance/definitions/aio_h/1-1: build: FAILED 
conformance/definitions/aio_h/3-1: build: FAILED 
conformance/definitions/aio_h/2-1: build: FAILED 
conformance/definitions/aio_h/1-2: build: FAILED 
conformance/definitions/aio_h/4-1: build: FAILED 
conformance/definitions/sched_h/1-1: build: FAILED 
conformance/definitions/sched_h/3-1: build: FAILED 
conformance/definitions/sched_h/15-1: build: FAILED 
conformance/definitions/sched_h/13-1: build: FAILED 
conformance/definitions/sched_h/10-1: build: FAILED 
conformance/definitions/sched_h/2-1: build: FAILED 
conformance/definitions/sched_h/16-1: build: FAILED 
conformance/definitions/sched_h/18-1: build: FAILED 
conformance/definitions/sched_h/17-1: build: FAILED 
conformance/definitions/sched_h/8-3: build: FAILED 
conformance/definitions/sched_h/8-4: build: FAILED 
conformance/definitions/sched_h/4-1: build: FAILED 
conformance/definitions/sched_h/8-2: build: FAILED 
conformance/definitions/sched_h/8-1: build: FAILED 
conformance/definitions/sched_h/19-1: build: FAILED 
conformance/definitions/sched_h/14-1: build: FAILED 
conformance/definitions/sched_h/11-1: build: FAILED 
conformance/definitions/sched_h/12-1: build: FAILED 
conformance/definitions/mqueue_h/1-1: build: FAILED 
conformance/definitions/mqueue_h/3-1: build: FAILED 
conformance/definitions/mqueue_h/5-1: build: FAILED 
conformance/definitions/mqueue_h/6-1: build: FAILED 
conformance/definitions/mqueue_h/10-1: build: FAILED 
conformance/definitions/mqueue_h/2-1: build: FAILED 
conformance/definitions/mqueue_h/9-1: build: FAILED 
conformance/definitions/mqueue_h/4-1: build: FAILED 
conformance/definitions/mqueue_h/7-1: build: FAILED 
conformance/definitions/mqueue_h/8-1: build: FAILED 
conformance/definitions/mqueue_h/11-1: build: FAILED 
conformance/interfaces/nanosleep/1-1: build: FAILED 
conformance/interfaces/nanosleep/3-1: build: FAILED 
conformance/interfaces/nanosleep/5-1: build: FAILED 
conformance/interfaces/nanosleep/6-1: build: FAILED 
conformance/interfaces/nanosleep/5-2: build: FAILED 
conformance/interfaces/nanosleep/2-1: build: FAILED 
conformance/interfaces/nanosleep/1-2: build: FAILED 
conformance/interfaces/nanosleep/7-2: build: FAILED 
conformance/interfaces/nanosleep/7-1: build: FAILED 
conformance/interfaces/nanosleep/3-2: build: FAILED 
conformance/interfaces/nanosleep/10000-1: build: FAILED 
conformance/interfaces/nanosleep/1-3: build: FAILED 
conformance/interfaces/pthread_setspecific/1-1: build: FAILED 
conformance/interfaces/pthread_setspecific/1-2: build: FAILED 
conformance/interfaces/killpg/1-1: build: FAILED 
conformance/interfaces/killpg/5-1: build: FAILED 
conformance/interfaces/killpg/6-1: build: FAILED 
conformance/interfaces/killpg/2-1: build: FAILED 
conformance/interfaces/killpg/1-2: build: FAILED 
conformance/interfaces/killpg/4-1: build: FAILED 
conformance/interfaces/killpg/8-1: build: FAILED 
conformance/interfaces/aio_write/1-1: build: FAILED 
conformance/interfaces/aio_write/3-1: build: FAILED 
conformance/interfaces/aio_write/5-1: build: FAILED 
conformance/interfaces/aio_write/13-1: build: FAILED 
conformance/interfaces/aio_write/6-1: build: FAILED 
conformance/interfaces/aio_write/10-1: build: FAILED 
conformance/interfaces/aio_write/2-1: build: FAILED 
conformance/interfaces/aio_write/9-1: build: FAILED 
conformance/interfaces/aio_write/1-2: build: FAILED 
conformance/interfaces/aio_write/9-2: build: FAILED 
conformance/interfaces/aio_write/4-1: build: FAILED 
conformance/interfaces/aio_write/7-1: build: FAILED 
conformance/interfaces/aio_write/8-2: build: FAILED 
conformance/interfaces/aio_write/8-1: build: FAILED 
conformance/interfaces/aio_write/11-1: build: FAILED 
conformance/interfaces/aio_write/12-1: build: FAILED 
conformance/interfaces/sem_getvalue/1-1: build: FAILED 
conformance/interfaces/sem_getvalue/2-2: build: FAILED 
conformance/interfaces/sem_getvalue/5-1: build: FAILED 
conformance/interfaces/sem_getvalue/2-1: build: FAILED 
conformance/interfaces/sem_getvalue/4-1: build: FAILED 
conformance/interfaces/pthread_attr_getschedpolicy/2-1: build: FAILED 
conformance/interfaces/aio_read/1-1: build: FAILED 
conformance/interfaces/aio_read/11-2: build: FAILED 
conformance/interfaces/aio_read/3-1: build: FAILED 
conformance/interfaces/aio_read/5-1: build: FAILED 
conformance/interfaces/aio_read/15-1: build: FAILED 
conformance/interfaces/aio_read/13-1: build: FAILED 
conformance/interfaces/aio_read/6-1: build: FAILED 
conformance/interfaces/aio_read/10-1: build: FAILED 
conformance/interfaces/aio_read/2-1: build: FAILED 
conformance/interfaces/aio_read/9-1: build: FAILED 
conformance/interfaces/aio_read/4-1: build: FAILED 
conformance/interfaces/aio_read/7-1: build: FAILED 
conformance/interfaces/aio_read/3-2: build: FAILED 
conformance/interfaces/aio_read/8-1: build: FAILED 
conformance/interfaces/aio_read/14-1: build: FAILED 
conformance/interfaces/aio_read/11-1: build: FAILED 
conformance/interfaces/aio_read/12-1: build: FAILED 
conformance/interfaces/pthread_barrierattr_init/1-1: build: FAILED 
conformance/interfaces/pthread_barrierattr_init/2-1: build: FAILED 
conformance/interfaces/sigrelse/1-1: build: FAILED 
conformance/interfaces/sigrelse/3-core-buildonly: build: FAILED 
conformance/interfaces/sigrelse/2-1: build: FAILED 
conformance/interfaces/pthread_condattr_destroy/1-1: build: FAILED 
conformance/interfaces/pthread_condattr_destroy/3-1: build: FAILED 
conformance/interfaces/pthread_condattr_destroy/2-1: build: FAILED 
conformance/interfaces/pthread_condattr_destroy/4-1: build: FAILED 
conformance/interfaces/sem_timedwait/1-1: build: FAILED 
conformance/interfaces/sem_timedwait/6-2: build: FAILED 
conformance/interfaces/sem_timedwait/3-1: build: FAILED 
conformance/interfaces/sem_timedwait/2-2: build: FAILED 
conformance/interfaces/sem_timedwait/6-1: build: FAILED 
conformance/interfaces/sem_timedwait/10-1: build: FAILED 
conformance/interfaces/sem_timedwait/2-1: build: FAILED 
conformance/interfaces/sem_timedwait/9-1: build: FAILED 
conformance/interfaces/sem_timedwait/4-1: build: FAILED 
conformance/interfaces/sem_timedwait/7-1: build: FAILED 
conformance/interfaces/sem_timedwait/11-1: build: FAILED 
conformance/interfaces/aio_return/1-1: build: FAILED 
conformance/interfaces/aio_return/3-1: build: FAILED 
conformance/interfaces/aio_return/2-1: build: FAILED 
conformance/interfaces/aio_return/4-1: build: FAILED 
conformance/interfaces/aio_return/3-2: build: FAILED 
conformance/interfaces/pthread_attr_setstacksize/1-1: build: FAILED 
conformance/interfaces/pthread_attr_setstacksize/2-1: build: FAILED 
conformance/interfaces/pthread_attr_setstacksize/4-1: build: FAILED 
conformance/interfaces/munmap/1-1: build: FAILED 
conformance/interfaces/munmap/3-1: build: FAILED 
conformance/interfaces/munmap/2-1: build: FAILED 
conformance/interfaces/munmap/9-1: build: FAILED 
conformance/interfaces/munmap/1-2: build: FAILED 
conformance/interfaces/munmap/4-1: build: FAILED 
conformance/interfaces/munmap/8-1: build: FAILED 
conformance/interfaces/pthread_rwlock_wrlock/1-1: build: FAILED 
conformance/interfaces/pthread_rwlock_wrlock/3-1: build: FAILED 
conformance/interfaces/pthread_rwlock_wrlock/2-1: build: FAILED 
conformance/interfaces/pthread_rwlock_trywrlock/1-1: build: FAILED 
conformance/interfaces/pthread_rwlock_trywrlock/speculative/3-1: build: FAILED 
conformance/interfaces/sched_getscheduler/1-1: build: FAILED 
conformance/interfaces/sched_getscheduler/3-1: build: FAILED 
conformance/interfaces/sched_getscheduler/5-1: build: FAILED 
conformance/interfaces/sched_getscheduler/2-1: build: FAILED 
conformance/interfaces/sched_getscheduler/4-1: build: FAILED 
conformance/interfaces/sched_getscheduler/7-1: build: FAILED 
conformance/interfaces/clock_gettime/1-1: build: FAILED 
conformance/interfaces/clock_gettime/3-1: build: FAILED 
conformance/interfaces/clock_gettime/2-1: build: FAILED 
conformance/interfaces/clock_gettime/1-2: build: FAILED 
conformance/interfaces/clock_gettime/4-1: build: FAILED 
conformance/interfaces/clock_gettime/7-1: build: FAILED 
conformance/interfaces/clock_gettime/8-2: build: FAILED 
conformance/interfaces/clock_gettime/8-1: build: FAILED 
conformance/interfaces/pthread_condattr_getpshared/1-1: build: FAILED 
conformance/interfaces/pthread_condattr_getpshared/2-1: build: FAILED 
conformance/interfaces/pthread_condattr_getpshared/1-2: build: FAILED 
conformance/interfaces/sigtimedwait/1-1: build: FAILED 
conformance/interfaces/sigtimedwait/5-1: build: FAILED 
conformance/interfaces/sigtimedwait/6-1: build: FAILED 
conformance/interfaces/sigtimedwait/2-1: build: FAILED 
conformance/interfaces/sigtimedwait/4-1: build: FAILED 
conformance/interfaces/pthread_testcancel/1-1: build: FAILED 
conformance/interfaces/pthread_testcancel/2-1: build: FAILED 
conformance/interfaces/pthread_condattr_setpshared/1-1: build: FAILED 
conformance/interfaces/pthread_condattr_setpshared/2-1: build: FAILED 
conformance/interfaces/pthread_condattr_setpshared/1-2: build: FAILED 
conformance/interfaces/shm_open/23-1: build: FAILED 
conformance/interfaces/shm_open/32-1: build: FAILED 
conformance/interfaces/shm_open/42-1: build: FAILED 
conformance/interfaces/shm_open/1-1: build: FAILED 
conformance/interfaces/shm_open/3-1: build: FAILED 
conformance/interfaces/shm_open/39-2: build: FAILED 
conformance/interfaces/shm_open/39-1: build: FAILED 
conformance/interfaces/shm_open/26-1: build: FAILED 
conformance/interfaces/shm_open/5-1: build: FAILED 
conformance/interfaces/shm_open/15-1: build: FAILED 
conformance/interfaces/shm_open/21-1: build: FAILED 
conformance/interfaces/shm_open/24-1: build: FAILED 
conformance/interfaces/shm_open/14-2: build: FAILED 
conformance/interfaces/shm_open/13-1: build: FAILED 
conformance/interfaces/shm_open/20-1: build: FAILED 
conformance/interfaces/shm_open/34-1: build: FAILED 
conformance/interfaces/shm_open/6-1: build: FAILED 
conformance/interfaces/shm_open/29-1: build: FAILED 
conformance/interfaces/shm_open/20-3: build: FAILED 
conformance/interfaces/shm_open/10-1: build: FAILED 
conformance/interfaces/shm_open/2-1: build: FAILED 
conformance/interfaces/shm_open/28-2: build: FAILED 
conformance/interfaces/shm_open/37-1: build: FAILED 
conformance/interfaces/shm_open/26-2: build: FAILED 
conformance/interfaces/shm_open/28-3: build: FAILED 
conformance/interfaces/shm_open/9-1: build: FAILED 
conformance/interfaces/shm_open/22-1: build: FAILED 
conformance/interfaces/shm_open/38-1: build: FAILED 
conformance/interfaces/shm_open/27-1: build: FAILED 
conformance/interfaces/shm_open/16-1: build: FAILED 
conformance/interfaces/shm_open/18-1: build: FAILED 
conformance/interfaces/shm_open/17-1: build: FAILED 
conformance/interfaces/shm_open/20-2: build: FAILED 
conformance/interfaces/shm_open/25-1: build: FAILED 
conformance/interfaces/shm_open/7-1: build: FAILED 
conformance/interfaces/shm_open/8-1: build: FAILED 
conformance/interfaces/shm_open/41-1: build: FAILED 
conformance/interfaces/shm_open/19-1: build: FAILED 
conformance/interfaces/shm_open/36-1: build: FAILED 
conformance/interfaces/shm_open/11-1: build: FAILED 
conformance/interfaces/shm_open/12-1: build: FAILED 
conformance/interfaces/shm_open/28-1: build: FAILED 
conformance/interfaces/pthread_setschedprio/1-1: build: FAILED 
conformance/interfaces/sem_destroy/3-1: build: FAILED 
conformance/interfaces/sem_destroy/4-1: build: FAILED 
conformance/interfaces/gmtime/1-1: build: FAILED 
conformance/interfaces/gmtime/2-1: build: FAILED 
conformance/interfaces/pthread_exit/1-1: build: FAILED 
conformance/interfaces/pthread_exit/6-2: build: FAILED 
conformance/interfaces/pthread_exit/3-1: build: FAILED 
conformance/interfaces/pthread_exit/2-2: build: FAILED 
conformance/interfaces/pthread_exit/5-1: build: FAILED 
conformance/interfaces/pthread_exit/6-1: build: FAILED 
conformance/interfaces/pthread_exit/2-1: build: FAILED 
conformance/interfaces/pthread_exit/1-2: build: FAILED 
conformance/interfaces/pthread_exit/4-1: build: FAILED 
conformance/interfaces/pthread_exit/3-2: build: FAILED 
conformance/interfaces/pthread_condattr_setclock/1-1: build: FAILED 
conformance/interfaces/pthread_condattr_setclock/2-1: build: FAILED 
conformance/interfaces/pthread_condattr_setclock/1-2: build: FAILED 
conformance/interfaces/pthread_condattr_setclock/1-3: build: FAILED 
conformance/interfaces/pthread_barrier_destroy/1-1: build: FAILED 
conformance/interfaces/pthread_barrier_destroy/2-1: build: FAILED 
conformance/interfaces/pthread_barrierattr_setpshared/1-1: build: FAILED 
conformance/interfaces/pthread_barrierattr_setpshared/2-1: build: FAILED 
conformance/interfaces/pthread_self/1-1: build: FAILED 
conformance/interfaces/pthread_cond_destroy/1-1: build: FAILED 
conformance/interfaces/pthread_cond_destroy/3-1: build: FAILED 
conformance/interfaces/pthread_cond_destroy/2-1: build: FAILED 
conformance/interfaces/pthread_cond_destroy/speculative/4-1: build: FAILED 
conformance/interfaces/pthread_rwlockattr_init/1-1: build: FAILED 
conformance/interfaces/pthread_rwlockattr_init/2-1: build: FAILED 
conformance/interfaces/pthread_mutexattr_gettype/1-1: build: FAILED 
conformance/interfaces/pthread_mutexattr_gettype/1-5: build: FAILED 
conformance/interfaces/pthread_mutexattr_gettype/speculative/3-1: build: FAILED 
conformance/interfaces/pthread_mutexattr_gettype/1-2: build: FAILED 
conformance/interfaces/pthread_mutexattr_gettype/1-4: build: FAILED 
conformance/interfaces/pthread_mutexattr_gettype/1-3: build: FAILED 
conformance/interfaces/pthread_create/1-1: build: FAILED 
conformance/interfaces/pthread_create/3-1: build: FAILED 
conformance/interfaces/pthread_create/5-1: build: FAILED 
conformance/interfaces/pthread_create/1-5: build: FAILED 
conformance/interfaces/pthread_create/15-1: build: FAILED 
conformance/interfaces/pthread_create/10-1: build: FAILED 
conformance/interfaces/pthread_create/5-2: build: FAILED 
conformance/interfaces/pthread_create/2-1: build: FAILED 
conformance/interfaces/pthread_create/1-2: build: FAILED 
conformance/interfaces/pthread_create/4-1: build: FAILED 
conformance/interfaces/pthread_create/3-2: build: FAILED 
conformance/interfaces/pthread_create/8-2: build: FAILED 
conformance/interfaces/pthread_create/8-1: build: FAILED 
conformance/interfaces/pthread_create/14-1: build: FAILED 
conformance/interfaces/pthread_create/1-4: build: FAILED 
conformance/interfaces/pthread_create/1-3: build: FAILED 
conformance/interfaces/pthread_create/11-1: build: FAILED 
conformance/interfaces/pthread_create/12-1: build: FAILED 
conformance/interfaces/pthread_create/1-6: build: FAILED 
conformance/interfaces/pthread_join/1-1: build: FAILED 
conformance/interfaces/pthread_join/6-2: build: FAILED 
conformance/interfaces/pthread_join/3-1: build: FAILED 
conformance/interfaces/pthread_join/6-3: build: FAILED 
conformance/interfaces/pthread_join/5-1: build: FAILED 
conformance/interfaces/pthread_join/2-1: build: FAILED 
conformance/interfaces/pthread_join/speculative/6-1: build: FAILED 
conformance/interfaces/pthread_join/1-2: build: FAILED 
conformance/interfaces/pthread_join/4-1: build: FAILED 
conformance/interfaces/pthread_setcanceltype/1-1: build: FAILED 
conformance/interfaces/pthread_setcanceltype/2-1: build: FAILED 
conformance/interfaces/pthread_setcanceltype/1-2: build: FAILED 
conformance/interfaces/pthread_condattr_init/1-1: build: FAILED 
conformance/interfaces/pthread_condattr_init/3-1: build: FAILED 
conformance/interfaces/sigaction/6-8: build: FAILED 
conformance/interfaces/sigaction/4-11: build: FAILED 
conformance/interfaces/sigaction/12-28: build: FAILED 
conformance/interfaces/sigaction/3-4: build: FAILED 
conformance/interfaces/sigaction/4-34: build: FAILED 
conformance/interfaces/sigaction/4-57: build: FAILED 
conformance/interfaces/sigaction/17-13: build: FAILED 
conformance/interfaces/sigaction/22-8: build: FAILED 
conformance/interfaces/sigaction/22-23: build: FAILED 
conformance/interfaces/sigaction/6-10: build: FAILED 
conformance/interfaces/sigaction/25-2: build: FAILED 
conformance/interfaces/sigaction/17-9: build: FAILED 
conformance/interfaces/sigaction/4-27: build: FAILED 
conformance/interfaces/sigaction/23-14: build: FAILED 
conformance/interfaces/sigaction/1-9: build: FAILED 
conformance/interfaces/sigaction/12-42: build: FAILED 
conformance/interfaces/sigaction/12-34: build: FAILED 
conformance/interfaces/sigaction/18-17: build: FAILED 
conformance/interfaces/sigaction/16-17: build: FAILED 
conformance/interfaces/sigaction/2-22: build: FAILED 
conformance/interfaces/sigaction/4-51: build: FAILED 
conformance/interfaces/sigaction/12-33: build: FAILED 
conformance/interfaces/sigaction/23-1: build: FAILED 
conformance/interfaces/sigaction/13-11: build: FAILED 
conformance/interfaces/sigaction/12-9: build: FAILED 
conformance/interfaces/sigaction/17-8: build: FAILED 
conformance/interfaces/sigaction/23-2: build: FAILED 
conformance/interfaces/sigaction/8-13: build: FAILED 
conformance/interfaces/sigaction/3-14: build: FAILED 
conformance/interfaces/sigaction/3-19: build: FAILED 
conformance/interfaces/sigaction/1-8: build: FAILED 
conformance/interfaces/sigaction/2-5: build: FAILED 
conformance/interfaces/sigaction/13-4: build: FAILED 
conformance/interfaces/sigaction/23-9: build: FAILED 
conformance/interfaces/sigaction/1-1: build: FAILED 
conformance/interfaces/sigaction/4-76: build: FAILED 
conformance/interfaces/sigaction/13-23: build: FAILED 
conformance/interfaces/sigaction/3-11: build: FAILED 
conformance/interfaces/sigaction/4-75: build: FAILED 
conformance/interfaces/sigaction/12-30: build: FAILED 
conformance/interfaces/sigaction/4-50: build: FAILED 
conformance/interfaces/sigaction/25-23: build: FAILED 
conformance/interfaces/sigaction/18-13: build: FAILED 
conformance/interfaces/sigaction/25-22: build: FAILED 
conformance/interfaces/sigaction/23-16: build: FAILED 
conformance/interfaces/sigaction/3-13: build: FAILED 
conformance/interfaces/sigaction/17-4: build: FAILED 
conformance/interfaces/sigaction/16-10: build: FAILED 
conformance/interfaces/sigaction/4-29: build: FAILED 
conformance/interfaces/sigaction/6-22: build: FAILED 
conformance/interfaces/sigaction/6-14: build: FAILED 
conformance/interfaces/sigaction/17-22: build: FAILED 
conformance/interfaces/sigaction/12-31: build: FAILED 
conformance/interfaces/sigaction/16-21: build: FAILED 
conformance/interfaces/sigaction/6-2: build: FAILED 
conformance/interfaces/sigaction/3-1: build: FAILED 
conformance/interfaces/sigaction/16-24: build: FAILED 
conformance/interfaces/sigaction/1-16: build: FAILED 
conformance/interfaces/sigaction/4-52: build: FAILED 
conformance/interfaces/sigaction/4-61: build: FAILED 
conformance/interfaces/sigaction/4-45: build: FAILED 
conformance/interfaces/sigaction/16-9: build: FAILED 
conformance/interfaces/sigaction/17-20: build: FAILED 
conformance/interfaces/sigaction/2-21: build: FAILED 
conformance/interfaces/sigaction/12-20: build: FAILED 
conformance/interfaces/sigaction/4-13: build: FAILED 
conformance/interfaces/sigaction/1-11: build: FAILED 
conformance/interfaces/sigaction/19-21: build: FAILED 
conformance/interfaces/sigaction/28-8: build: FAILED 
conformance/interfaces/sigaction/19-6: build: FAILED 
conformance/interfaces/sigaction/4-77: build: FAILED 
conformance/interfaces/sigaction/12-48: build: FAILED 
conformance/interfaces/sigaction/12-6: build: FAILED 
conformance/interfaces/sigaction/23-19: build: FAILED 
conformance/interfaces/sigaction/6-3: build: FAILED 
conformance/interfaces/sigaction/3-12: build: FAILED 
conformance/interfaces/sigaction/3-10: build: FAILED 
conformance/interfaces/sigaction/12-15: build: FAILED 
conformance/interfaces/sigaction/19-26: build: FAILED 
conformance/interfaces/sigaction/22-11: build: FAILED 
conformance/interfaces/sigaction/6-18: build: FAILED 
conformance/interfaces/sigaction/4-79: build: FAILED 
conformance/interfaces/sigaction/12-41: build: FAILED 
conformance/interfaces/sigaction/8-18: build: FAILED 
conformance/interfaces/sigaction/23-12: build: FAILED 
conformance/interfaces/sigaction/12-5: build: FAILED 
conformance/interfaces/sigaction/25-25: build: FAILED 
conformance/interfaces/sigaction/13-26: build: FAILED 
conformance/interfaces/sigaction/28-16: build: FAILED 
conformance/interfaces/sigaction/16-20: build: FAILED 
conformance/interfaces/sigaction/12-24: build: FAILED 
conformance/interfaces/sigaction/2-2: build: FAILED 
conformance/interfaces/sigaction/12-12: build: FAILED 
conformance/interfaces/sigaction/12-25: build: FAILED 
conformance/interfaces/sigaction/28-24: build: FAILED 
conformance/interfaces/sigaction/4-62: build: FAILED 
conformance/interfaces/sigaction/4-68: build: FAILED 
conformance/interfaces/sigaction/2-7: build: FAILED 
conformance/interfaces/sigaction/13-19: build: FAILED 
conformance/interfaces/sigaction/12-45: build: FAILED 
conformance/interfaces/sigaction/18-22: build: FAILED 
conformance/interfaces/sigaction/1-13: build: FAILED 
conformance/interfaces/sigaction/4-72: build: FAILED 
conformance/interfaces/sigaction/2-4: build: FAILED 
conformance/interfaces/sigaction/4-99: build: FAILED 
conformance/interfaces/sigaction/12-14: build: FAILED 
conformance/interfaces/sigaction/25-12: build: FAILED 
conformance/interfaces/sigaction/6-7: build: FAILED 
conformance/interfaces/sigaction/4-98: build: FAILED 
conformance/interfaces/sigaction/4-49: build: FAILED 
conformance/interfaces/sigaction/28-10: build: FAILED 
conformance/interfaces/sigaction/16-25: build: FAILED 
conformance/interfaces/sigaction/12-52: build: FAILED 
conformance/interfaces/sigaction/6-16: build: FAILED 
conformance/interfaces/sigaction/19-19: build: FAILED 
conformance/interfaces/sigaction/1-24: build: FAILED 
conformance/interfaces/sigaction/4-10: build: FAILED 
conformance/interfaces/sigaction/1-5: build: FAILED 
conformance/interfaces/sigaction/3-20: build: FAILED 
conformance/interfaces/sigaction/28-21: build: FAILED 
conformance/interfaces/sigaction/17-21: build: FAILED 
conformance/interfaces/sigaction/28-15: build: FAILED 
conformance/interfaces/sigaction/17-12: build: FAILED 
conformance/interfaces/sigaction/4-17: build: FAILED 
conformance/interfaces/sigaction/28-14: build: FAILED 
conformance/interfaces/sigaction/4-22: build: FAILED 
conformance/interfaces/sigaction/4-39: build: FAILED 
conformance/interfaces/sigaction/28-20: build: FAILED 
conformance/interfaces/sigaction/6-25: build: FAILED 
conformance/interfaces/sigaction/23-7: build: FAILED 
conformance/interfaces/sigaction/18-5: build: FAILED 
conformance/interfaces/sigaction/13-13: build: FAILED 
conformance/interfaces/sigaction/4-102: build: FAILED 
conformance/interfaces/sigaction/17-11: build: FAILED 
conformance/interfaces/sigaction/22-14: build: FAILED 
conformance/interfaces/sigaction/4-3: build: FAILED 
conformance/interfaces/sigaction/18-18: build: FAILED 
conformance/interfaces/sigaction/13-6: build: FAILED 
conformance/interfaces/sigaction/28-18: build: FAILED 
conformance/interfaces/sigaction/3-17: build: FAILED 
conformance/interfaces/sigaction/3-3: build: FAILED 
conformance/interfaces/sigaction/17-10: build: FAILED 
conformance/interfaces/sigaction/12-23: build: FAILED 
conformance/interfaces/sigaction/21-1: build: FAILED 
conformance/interfaces/sigaction/4-104: build: FAILED 
conformance/interfaces/sigaction/25-20: build: FAILED 
conformance/interfaces/sigaction/4-55: build: FAILED 
conformance/interfaces/sigaction/13-16: build: FAILED 
conformance/interfaces/sigaction/13-7: build: FAILED 
conformance/interfaces/sigaction/19-15: build: FAILED 
conformance/interfaces/sigaction/2-25: build: FAILED 
conformance/interfaces/sigaction/18-7: build: FAILED 
conformance/interfaces/sigaction/2-9: build: FAILED 
conformance/interfaces/sigaction/22-19: build: FAILED 
conformance/interfaces/sigaction/19-3: build: FAILED 
conformance/interfaces/sigaction/1-19: build: FAILED 
conformance/interfaces/sigaction/4-31: build: FAILED 
conformance/interfaces/sigaction/22-17: build: FAILED 
conformance/interfaces/sigaction/3-8: build: FAILED 
conformance/interfaces/sigaction/12-50: build: FAILED 
conformance/interfaces/sigaction/4-73: build: FAILED 
conformance/interfaces/sigaction/12-47: build: FAILED 
conformance/interfaces/sigaction/12-27: build: FAILED 
conformance/interfaces/sigaction/18-10: build: FAILED 
conformance/interfaces/sigaction/25-17: build: FAILED 
conformance/interfaces/sigaction/8-5: build: FAILED 
conformance/interfaces/sigaction/4-56: build: FAILED 
conformance/interfaces/sigaction/12-13: build: FAILED 
conformance/interfaces/sigaction/19-20: build: FAILED 
conformance/interfaces/sigaction/6-20: build: FAILED 
conformance/interfaces/sigaction/13-1: build: FAILED 
conformance/interfaces/sigaction/13-17: build: FAILED 
conformance/interfaces/sigaction/4-5: build: FAILED 
conformance/interfaces/sigaction/16-2: build: FAILED 
conformance/interfaces/sigaction/19-14: build: FAILED 
conformance/interfaces/sigaction/18-16: build: FAILED 
conformance/interfaces/sigaction/16-7: build: FAILED 
conformance/interfaces/sigaction/8-21: build: FAILED 
conformance/interfaces/sigaction/2-17: build: FAILED 
conformance/interfaces/sigaction/23-6: build: FAILED 
conformance/interfaces/sigaction/4-4: build: FAILED 
conformance/interfaces/sigaction/22-2: build: FAILED 
conformance/interfaces/sigaction/2-6: build: FAILED 
conformance/interfaces/sigaction/3-23: build: FAILED 
conformance/interfaces/sigaction/22-24: build: FAILED 
conformance/interfaces/sigaction/17-16: build: FAILED 
conformance/interfaces/sigaction/17-18: build: FAILED 
conformance/interfaces/sigaction/13-20: build: FAILED 
conformance/interfaces/sigaction/16-5: build: FAILED 
conformance/interfaces/sigaction/8-8: build: FAILED 
conformance/interfaces/sigaction/4-63: build: FAILED 
conformance/interfaces/sigaction/28-7: build: FAILED 
conformance/interfaces/sigaction/6-1: build: FAILED 
conformance/interfaces/sigaction/4-81: build: FAILED 
conformance/interfaces/sigaction/28-23: build: FAILED 
conformance/interfaces/sigaction/12-32: build: FAILED 
conformance/interfaces/sigaction/4-30: build: FAILED 
conformance/interfaces/sigaction/4-23: build: FAILED 
conformance/interfaces/sigaction/29-1: build: FAILED 
conformance/interfaces/sigaction/13-10: build: FAILED 
conformance/interfaces/sigaction/16-12: build: FAILED 
conformance/interfaces/sigaction/23-20: build: FAILED 
conformance/interfaces/sigaction/19-23: build: FAILED 
conformance/interfaces/sigaction/22-9: build: FAILED 
conformance/interfaces/sigaction/2-12: build: FAILED 
conformance/interfaces/sigaction/8-17: build: FAILED 
conformance/interfaces/sigaction/4-26: build: FAILED 
conformance/interfaces/sigaction/25-26: build: FAILED 
conformance/interfaces/sigaction/13-12: build: FAILED 
conformance/interfaces/sigaction/18-19: build: FAILED 
conformance/interfaces/sigaction/12-3: build: FAILED 
conformance/interfaces/sigaction/4-100: build: FAILED 
conformance/interfaces/sigaction/4-37: build: FAILED 
conformance/interfaces/sigaction/17-23: build: FAILED 
conformance/interfaces/sigaction/6-21: build: FAILED 
conformance/interfaces/sigaction/2-8: build: FAILED 
conformance/interfaces/sigaction/3-5: build: FAILED 
conformance/interfaces/sigaction/17-5: build: FAILED 
conformance/interfaces/sigaction/12-46: build: FAILED 
conformance/interfaces/sigaction/16-15: build: FAILED 
conformance/interfaces/sigaction/25-18: build: FAILED 
conformance/interfaces/sigaction/22-3: build: FAILED 
conformance/interfaces/sigaction/28-26: build: FAILED 
conformance/interfaces/sigaction/4-92: build: FAILED 
conformance/interfaces/sigaction/4-74: build: FAILED 
conformance/interfaces/sigaction/28-4: build: FAILED 
conformance/interfaces/sigaction/12-19: build: FAILED 
conformance/interfaces/sigaction/22-26: build: FAILED 
conformance/interfaces/sigaction/1-12: build: FAILED 
conformance/interfaces/sigaction/18-11: build: FAILED 
conformance/interfaces/sigaction/22-15: build: FAILED 
conformance/interfaces/sigaction/4-20: build: FAILED 
conformance/interfaces/sigaction/8-10: build: FAILED 
conformance/interfaces/sigaction/6-17: build: FAILED 
conformance/interfaces/sigaction/10-1: build: FAILED 
conformance/interfaces/sigaction/13-5: build: FAILED 
conformance/interfaces/sigaction/23-3: build: FAILED 
conformance/interfaces/sigaction/18-15: build: FAILED 
conformance/interfaces/sigaction/3-7: build: FAILED 
conformance/interfaces/sigaction/6-15: build: FAILED 
conformance/interfaces/sigaction/4-8: build: FAILED 
conformance/interfaces/sigaction/3-22: build: FAILED 
conformance/interfaces/sigaction/12-8: build: FAILED 
conformance/interfaces/sigaction/4-44: build: FAILED 
conformance/interfaces/sigaction/23-26: build: FAILED 
conformance/interfaces/sigaction/22-16: build: FAILED 
conformance/interfaces/sigaction/8-26: build: FAILED 
conformance/interfaces/sigaction/12-17: build: FAILED 
conformance/interfaces/sigaction/4-60: build: FAILED 
conformance/interfaces/sigaction/17-26: build: FAILED 
conformance/interfaces/sigaction/12-37: build: FAILED 
conformance/interfaces/sigaction/12-35: build: FAILED 
conformance/interfaces/sigaction/13-21: build: FAILED 
conformance/interfaces/sigaction/1-20: build: FAILED 
conformance/interfaces/sigaction/6-12: build: FAILED 
conformance/interfaces/sigaction/4-16: build: FAILED 
conformance/interfaces/sigaction/23-23: build: FAILED 
conformance/interfaces/sigaction/17-24: build: FAILED 
conformance/interfaces/sigaction/12-40: build: FAILED 
conformance/interfaces/sigaction/23-13: build: FAILED 
conformance/interfaces/sigaction/4-103: build: FAILED 
conformance/interfaces/sigaction/28-25: build: FAILED 
conformance/interfaces/sigaction/1-15: build: FAILED 
conformance/interfaces/sigaction/8-15: build: FAILED 
conformance/interfaces/sigaction/19-25: build: FAILED 
conformance/interfaces/sigaction/23-10: build: FAILED 
conformance/interfaces/sigaction/28-22: build: FAILED 
conformance/interfaces/sigaction/3-18: build: FAILED 
conformance/interfaces/sigaction/18-3: build: FAILED 
conformance/interfaces/sigaction/23-5: build: FAILED 
conformance/interfaces/sigaction/4-101: build: FAILED 
conformance/interfaces/sigaction/18-6: build: FAILED 
conformance/interfaces/sigaction/4-24: build: FAILED 
conformance/interfaces/sigaction/12-16: build: FAILED 
conformance/interfaces/sigaction/6-13: build: FAILED 
conformance/interfaces/sigaction/4-94: build: FAILED 
conformance/interfaces/sigaction/6-6: build: FAILED 
conformance/interfaces/sigaction/2-1: build: FAILED 
conformance/interfaces/sigaction/25-24: build: FAILED 
conformance/interfaces/sigaction/8-7: build: FAILED 
conformance/interfaces/sigaction/4-96: build: FAILED 
conformance/interfaces/sigaction/22-25: build: FAILED 
conformance/interfaces/sigaction/12-36: build: FAILED 
conformance/interfaces/sigaction/28-2: build: FAILED 
conformance/interfaces/sigaction/19-7: build: FAILED 
conformance/interfaces/sigaction/4-65: build: FAILED 
conformance/interfaces/sigaction/28-11: build: FAILED 
conformance/interfaces/sigaction/12-26: build: FAILED 
conformance/interfaces/sigaction/6-26: build: FAILED 
conformance/interfaces/sigaction/19-24: build: FAILED 
conformance/interfaces/sigaction/25-9: build: FAILED 
conformance/interfaces/sigaction/3-9: build: FAILED 
conformance/interfaces/sigaction/25-3: build: FAILED 
conformance/interfaces/sigaction/18-21: build: FAILED 
conformance/interfaces/sigaction/13-2: build: FAILED 
conformance/interfaces/sigaction/17-25: build: FAILED 
conformance/interfaces/sigaction/28-3: build: FAILED 
conformance/interfaces/sigaction/18-26: build: FAILED 
conformance/interfaces/sigaction/8-20: build: FAILED 
conformance/interfaces/sigaction/9-1: build: FAILED 
conformance/interfaces/sigaction/16-23: build: FAILED 
conformance/interfaces/sigaction/1-10: build: FAILED 
conformance/interfaces/sigaction/3-21: build: FAILED 
conformance/interfaces/sigaction/22-1: build: FAILED 
conformance/interfaces/sigaction/13-22: build: FAILED 
conformance/interfaces/sigaction/28-12: build: FAILED 
conformance/interfaces/sigaction/23-8: build: FAILED 
conformance/interfaces/sigaction/3-24: build: FAILED 
conformance/interfaces/sigaction/30-1: build: FAILED 
conformance/interfaces/sigaction/4-38: build: FAILED 
conformance/interfaces/sigaction/16-16: build: FAILED 
conformance/interfaces/sigaction/6-24: build: FAILED 
conformance/interfaces/sigaction/18-12: build: FAILED 
conformance/interfaces/sigaction/16-19: build: FAILED 
conformance/interfaces/sigaction/16-14: build: FAILED 
conformance/interfaces/sigaction/4-67: build: FAILED 
conformance/interfaces/sigaction/19-4: build: FAILED 
conformance/interfaces/sigaction/1-18: build: FAILED 
conformance/interfaces/sigaction/25-14: build: FAILED 
conformance/interfaces/sigaction/19-10: build: FAILED 
conformance/interfaces/sigaction/22-22: build: FAILED 
conformance/interfaces/sigaction/19-17: build: FAILED 
conformance/interfaces/sigaction/16-1: build: FAILED 
conformance/interfaces/sigaction/4-47: build: FAILED 
conformance/interfaces/sigaction/13-18: build: FAILED 
conformance/interfaces/sigaction/18-1: build: FAILED 
conformance/interfaces/sigaction/19-8: build: FAILED 
conformance/interfaces/sigaction/12-22: build: FAILED 
conformance/interfaces/sigaction/8-9: build: FAILED 
conformance/interfaces/sigaction/25-11: build: FAILED 
conformance/interfaces/sigaction/25-8: build: FAILED 
conformance/interfaces/sigaction/19-18: build: FAILED 
conformance/interfaces/sigaction/4-64: build: FAILED 
conformance/interfaces/sigaction/4-15: build: FAILED 
conformance/interfaces/sigaction/17-1: build: FAILED 
conformance/interfaces/sigaction/4-21: build: FAILED 
conformance/interfaces/sigaction/4-70: build: FAILED 
conformance/interfaces/sigaction/16-11: build: FAILED 
conformance/interfaces/sigaction/2-3: build: FAILED 
conformance/interfaces/sigaction/1-2: build: FAILED 
conformance/interfaces/sigaction/17-15: build: FAILED 
conformance/interfaces/sigaction/18-14: build: FAILED 
conformance/interfaces/sigaction/8-3: build: FAILED 
conformance/interfaces/sigaction/3-6: build: FAILED 
conformance/interfaces/sigaction/13-25: build: FAILED 
conformance/interfaces/sigaction/17-3: build: FAILED 
conformance/interfaces/sigaction/22-18: build: FAILED 
conformance/interfaces/sigaction/4-7: build: FAILED 
conformance/interfaces/sigaction/23-15: build: FAILED 
conformance/interfaces/sigaction/2-20: build: FAILED 
conformance/interfaces/sigaction/4-87: build: FAILED 
conformance/interfaces/sigaction/8-16: build: FAILED 
conformance/interfaces/sigaction/22-6: build: FAILED 
conformance/interfaces/sigaction/22-5: build: FAILED 
conformance/interfaces/sigaction/28-5: build: FAILED 
conformance/interfaces/sigaction/8-14: build: FAILED 
conformance/interfaces/sigaction/8-11: build: FAILED 
conformance/interfaces/sigaction/8-23: build: FAILED 
conformance/interfaces/sigaction/12-4: build: FAILED 
conformance/interfaces/sigaction/19-11: build: FAILED 
conformance/interfaces/sigaction/19-13: build: FAILED 
conformance/interfaces/sigaction/4-6: build: FAILED 
conformance/interfaces/sigaction/28-17: build: FAILED 
conformance/interfaces/sigaction/17-19: build: FAILED 
conformance/interfaces/sigaction/4-89: build: FAILED 
conformance/interfaces/sigaction/25-10: build: FAILED 
conformance/interfaces/sigaction/17-14: build: FAILED 
conformance/interfaces/sigaction/23-25: build: FAILED 
conformance/interfaces/sigaction/4-88: build: FAILED 
conformance/interfaces/sigaction/17-17: build: FAILED 
conformance/interfaces/sigaction/1-14: build: FAILED 
conformance/interfaces/sigaction/4-32: build: FAILED 
conformance/interfaces/sigaction/2-23: build: FAILED 
conformance/interfaces/sigaction/12-38: build: FAILED 
conformance/interfaces/sigaction/13-9: build: FAILED 
conformance/interfaces/sigaction/1-26: build: FAILED 
conformance/interfaces/sigaction/22-4: build: FAILED 
conformance/interfaces/sigaction/13-8: build: FAILED 
conformance/interfaces/sigaction/18-2: build: FAILED 
conformance/interfaces/sigaction/6-4: build: FAILED 
conformance/interfaces/sigaction/23-4: build: FAILED 
conformance/interfaces/sigaction/1-23: build: FAILED 
conformance/interfaces/sigaction/8-4: build: FAILED 
conformance/interfaces/sigaction/22-12: build: FAILED 
conformance/interfaces/sigaction/8-25: build: FAILED 
conformance/interfaces/sigaction/4-97: build: FAILED 
conformance/interfaces/sigaction/4-1: build: FAILED 
conformance/interfaces/sigaction/16-6: build: FAILED 
conformance/interfaces/sigaction/25-7: build: FAILED 
conformance/interfaces/sigaction/4-9: build: FAILED 
conformance/interfaces/sigaction/19-12: build: FAILED 
conformance/interfaces/sigaction/2-18: build: FAILED 
conformance/interfaces/sigaction/25-1: build: FAILED 
conformance/interfaces/sigaction/4-53: build: FAILED 
conformance/interfaces/sigaction/3-16: build: FAILED 
conformance/interfaces/sigaction/12-39: build: FAILED 
conformance/interfaces/sigaction/12-10: build: FAILED 
conformance/interfaces/sigaction/4-80: build: FAILED 
conformance/interfaces/sigaction/16-8: build: FAILED 
conformance/interfaces/sigaction/18-25: build: FAILED 
conformance/interfaces/sigaction/16-26: build: FAILED 
conformance/interfaces/sigaction/18-8: build: FAILED 
conformance/interfaces/sigaction/12-2: build: FAILED 
conformance/interfaces/sigaction/12-44: build: FAILED 
conformance/interfaces/sigaction/4-69: build: FAILED 
conformance/interfaces/sigaction/4-86: build: FAILED 
conformance/interfaces/sigaction/25-13: build: FAILED 
conformance/interfaces/sigaction/25-16: build: FAILED 
conformance/interfaces/sigaction/12-18: build: FAILED 
conformance/interfaces/sigaction/4-40: build: FAILED 
conformance/interfaces/sigaction/22-10: build: FAILED 
conformance/interfaces/sigaction/3-2: build: FAILED 
conformance/interfaces/sigaction/17-6: build: FAILED 
conformance/interfaces/sigaction/8-2: build: FAILED 
conformance/interfaces/sigaction/8-1: build: FAILED 
conformance/interfaces/sigaction/28-6: build: FAILED 
conformance/interfaces/sigaction/25-4: build: FAILED 
conformance/interfaces/sigaction/19-5: build: FAILED 
conformance/interfaces/sigaction/16-3: build: FAILED 
conformance/interfaces/sigaction/23-11: build: FAILED 
conformance/interfaces/sigaction/13-14: build: FAILED 
conformance/interfaces/sigaction/1-17: build: FAILED 
conformance/interfaces/sigaction/17-7: build: FAILED 
conformance/interfaces/sigaction/1-7: build: FAILED 
conformance/interfaces/sigaction/25-6: build: FAILED 
conformance/interfaces/sigaction/4-82: build: FAILED 
conformance/interfaces/sigaction/2-26: build: FAILED 
conformance/interfaces/sigaction/28-19: build: FAILED 
conformance/interfaces/sigaction/8-6: build: FAILED 
conformance/interfaces/sigaction/4-78: build: FAILED 
conformance/interfaces/sigaction/1-25: build: FAILED 
conformance/interfaces/sigaction/4-95: build: FAILED 
conformance/interfaces/sigaction/1-22: build: FAILED 
conformance/interfaces/sigaction/6-9: build: FAILED 
conformance/interfaces/sigaction/23-22: build: FAILED 
conformance/interfaces/sigaction/4-66: build: FAILED 
conformance/interfaces/sigaction/18-20: build: FAILED 
conformance/interfaces/sigaction/4-25: build: FAILED 
conformance/interfaces/sigaction/4-2: build: FAILED 
conformance/interfaces/sigaction/17-2: build: FAILED 
conformance/interfaces/sigaction/23-18: build: FAILED 
conformance/interfaces/sigaction/19-1: build: FAILED 
conformance/interfaces/sigaction/2-14: build: FAILED 
conformance/interfaces/sigaction/19-9: build: FAILED 
conformance/interfaces/sigaction/13-15: build: FAILED 
conformance/interfaces/sigaction/4-48: build: FAILED 
conformance/interfaces/sigaction/8-12: build: FAILED 
conformance/interfaces/sigaction/6-5: build: FAILED 
conformance/interfaces/sigaction/4-84: build: FAILED 
conformance/interfaces/sigaction/4-58: build: FAILED 
conformance/interfaces/sigaction/18-9: build: FAILED 
conformance/interfaces/sigaction/12-7: build: FAILED 
conformance/interfaces/sigaction/12-43: build: FAILED 
conformance/interfaces/sigaction/4-35: build: FAILED 
conformance/interfaces/sigaction/22-20: build: FAILED 
conformance/interfaces/sigaction/23-24: build: FAILED 
conformance/interfaces/sigaction/4-71: build: FAILED 
conformance/interfaces/sigaction/3-26: build: FAILED 
conformance/interfaces/sigaction/2-19: build: FAILED 
conformance/interfaces/sigaction/2-10: build: FAILED 
conformance/interfaces/sigaction/3-25: build: FAILED 
conformance/interfaces/sigaction/4-83: build: FAILED 
conformance/interfaces/sigaction/4-33: build: FAILED 
conformance/interfaces/sigaction/4-90: build: FAILED 
conformance/interfaces/sigaction/4-46: build: FAILED 
conformance/interfaces/sigaction/6-11: build: FAILED 
conformance/interfaces/sigaction/4-54: build: FAILED 
conformance/interfaces/sigaction/25-19: build: FAILED 
conformance/interfaces/sigaction/1-4: build: FAILED 
conformance/interfaces/sigaction/1-3: build: FAILED 
conformance/interfaces/sigaction/19-2: build: FAILED 
conformance/interfaces/sigaction/28-13: build: FAILED 
conformance/interfaces/sigaction/4-42: build: FAILED 
conformance/interfaces/sigaction/2-13: build: FAILED 
conformance/interfaces/sigaction/12-49: build: FAILED 
conformance/interfaces/sigaction/13-24: build: FAILED 
conformance/interfaces/sigaction/4-41: build: FAILED 
conformance/interfaces/sigaction/4-28: build: FAILED 
conformance/interfaces/sigaction/11-1: build: FAILED 
conformance/interfaces/sigaction/4-14: build: FAILED 
conformance/interfaces/sigaction/25-5: build: FAILED 
conformance/interfaces/sigaction/25-21: build: FAILED 
conformance/interfaces/sigaction/13-3: build: FAILED 
conformance/interfaces/sigaction/12-1: build: FAILED 
conformance/interfaces/sigaction/4-18: build: FAILED 
conformance/interfaces/sigaction/16-18: build: FAILED 
conformance/interfaces/sigaction/22-13: build: FAILED 
conformance/interfaces/sigaction/16-4: build: FAILED 
conformance/interfaces/sigaction/2-11: build: FAILED 
conformance/interfaces/sigaction/1-21: build: FAILED 
conformance/interfaces/sigaction/2-15: build: FAILED 
conformance/interfaces/sigaction/2-24: build: FAILED 
conformance/interfaces/sigaction/16-22: build: FAILED 
conformance/interfaces/sigaction/19-22: build: FAILED 
conformance/interfaces/sigaction/8-24: build: FAILED 
conformance/interfaces/sigaction/3-15: build: FAILED 
conformance/interfaces/sigaction/8-19: build: FAILED 
conformance/interfaces/sigaction/4-19: build: FAILED 
conformance/interfaces/sigaction/1-6: build: FAILED 
conformance/interfaces/sigaction/23-17: build: FAILED 
conformance/interfaces/sigaction/12-21: build: FAILED 
conformance/interfaces/sigaction/18-4: build: FAILED 
conformance/interfaces/sigaction/4-36: build: FAILED 
conformance/interfaces/sigaction/4-59: build: FAILED 
conformance/interfaces/sigaction/12-51: build: FAILED 
conformance/interfaces/sigaction/8-22: build: FAILED 
conformance/interfaces/sigaction/22-21: build: FAILED 
conformance/interfaces/sigaction/4-93: build: FAILED 
conformance/interfaces/sigaction/6-23: build: FAILED 
conformance/interfaces/sigaction/4-12: build: FAILED 
conformance/interfaces/sigaction/18-23: build: FAILED 
conformance/interfaces/sigaction/28-1: build: FAILED 
conformance/interfaces/sigaction/16-13: build: FAILED 
conformance/interfaces/sigaction/22-7: build: FAILED 
conformance/interfaces/sigaction/12-29: build: FAILED 
conformance/interfaces/sigaction/6-19: build: FAILED 
conformance/interfaces/sigaction/4-85: build: FAILED 
conformance/interfaces/sigaction/23-21: build: FAILED 
conformance/interfaces/sigaction/2-16: build: FAILED 
conformance/interfaces/sigaction/18-24: build: FAILED 
conformance/interfaces/sigaction/19-16: build: FAILED 
conformance/interfaces/sigaction/28-9: build: FAILED 
conformance/interfaces/sigaction/12-11: build: FAILED 
conformance/interfaces/sigaction/4-43: build: FAILED 
conformance/interfaces/sigaction/4-91: build: FAILED 
conformance/interfaces/sigaction/25-15: build: FAILED 
conformance/interfaces/pthread_cleanup_push/1-1: build: FAILED 
conformance/interfaces/pthread_cleanup_push/1-2: build: FAILED 
conformance/interfaces/pthread_cleanup_push/1-3: build: FAILED 
conformance/interfaces/pthread_attr_getscope/1-1: build: FAILED 
conformance/interfaces/pthread_mutexattr_destroy/1-1: build: FAILED 
conformance/interfaces/pthread_mutexattr_destroy/3-1: build: FAILED 
conformance/interfaces/pthread_mutexattr_destroy/2-1: build: FAILED 
conformance/interfaces/pthread_mutexattr_destroy/4-1: build: FAILED 
conformance/interfaces/mktime/1-1: build: FAILED 
conformance/interfaces/sched_setparam/25-2: build: FAILED 
conformance/interfaces/sched_setparam/23-1: build: FAILED 
conformance/interfaces/sched_setparam/23-2: build: FAILED 
conformance/interfaces/sched_setparam/1-1: build: FAILED 
conformance/interfaces/sched_setparam/3-1: build: FAILED 
conformance/interfaces/sched_setparam/2-2: build: FAILED 
conformance/interfaces/sched_setparam/26-1: build: FAILED 
conformance/interfaces/sched_setparam/5-1: build: FAILED 
conformance/interfaces/sched_setparam/23-7: build: FAILED 
conformance/interfaces/sched_setparam/15-1: build: FAILED 
conformance/interfaces/sched_setparam/21-1: build: FAILED 
conformance/interfaces/sched_setparam/13-1: build: FAILED 
conformance/interfaces/sched_setparam/20-1: build: FAILED 
conformance/interfaces/sched_setparam/23-6: build: FAILED 
conformance/interfaces/sched_setparam/6-1: build: FAILED 
conformance/interfaces/sched_setparam/10-1: build: FAILED 
conformance/interfaces/sched_setparam/23-3: build: FAILED 
conformance/interfaces/sched_setparam/23-5: build: FAILED 
conformance/interfaces/sched_setparam/2-1: build: FAILED 
conformance/interfaces/sched_setparam/25-3: build: FAILED 
conformance/interfaces/sched_setparam/9-1: build: FAILED 
conformance/interfaces/sched_setparam/22-1: build: FAILED 
conformance/interfaces/sched_setparam/27-1: build: FAILED 
conformance/interfaces/sched_setparam/16-1: build: FAILED 
conformance/interfaces/sched_setparam/18-1: build: FAILED 
conformance/interfaces/sched_setparam/17-1: build: FAILED 
conformance/interfaces/sched_setparam/23-4: build: FAILED 
conformance/interfaces/sched_setparam/25-1: build: FAILED 
conformance/interfaces/sched_setparam/21-2: build: FAILED 
conformance/interfaces/sched_setparam/7-1: build: FAILED 
conformance/interfaces/sched_setparam/8-1: build: FAILED 
conformance/interfaces/sched_setparam/25-4: build: FAILED 
conformance/interfaces/sched_setparam/19-1: build: FAILED 
conformance/interfaces/sched_setparam/14-1: build: FAILED 
conformance/interfaces/sched_setparam/12-1: build: FAILED 
conformance/interfaces/pthread_getschedparam/1-1: build: FAILED 
conformance/interfaces/pthread_getschedparam/1-2: build: FAILED 
conformance/interfaces/pthread_getschedparam/4-1: build: FAILED 
conformance/interfaces/pthread_getschedparam/1-3: build: FAILED 
conformance/interfaces/getpid/1-1: build: FAILED 
conformance/interfaces/pthread_cond_signal/1-1: build: FAILED 
conformance/interfaces/pthread_cond_signal/2-2: build: FAILED 
conformance/interfaces/pthread_cond_signal/2-1: build: FAILED 
conformance/interfaces/pthread_cond_signal/1-2: build: FAILED 
conformance/interfaces/pthread_cond_signal/4-1: build: FAILED 
conformance/interfaces/pthread_cond_signal/4-2: build: FAILED 
conformance/interfaces/clock_nanosleep/1-1: build: FAILED 
conformance/interfaces/clock_nanosleep/3-1: build: FAILED 
conformance/interfaces/clock_nanosleep/2-2: build: FAILED 
conformance/interfaces/clock_nanosleep/1-5: build: FAILED 
conformance/interfaces/clock_nanosleep/13-1: build: FAILED 
conformance/interfaces/clock_nanosleep/10-1: build: FAILED 
conformance/interfaces/clock_nanosleep/2-1: build: FAILED 
conformance/interfaces/clock_nanosleep/9-1: build: FAILED 
conformance/interfaces/clock_nanosleep/2-3: build: FAILED 
conformance/interfaces/clock_nanosleep/1-4: build: FAILED 
conformance/interfaces/clock_nanosleep/1-3: build: FAILED 
conformance/interfaces/clock_nanosleep/11-1: build: FAILED 
conformance/interfaces/mlockall/13-1: build: FAILED 
conformance/interfaces/mlockall/3-7: build: FAILED 
conformance/interfaces/mlockall/13-2: build: FAILED 
conformance/interfaces/mlockall/speculative/15-1: build: FAILED 
conformance/interfaces/mlockall/3-6: build: FAILED 
conformance/interfaces/mlockall/8-1: build: FAILED 
conformance/interfaces/sigaddset/2-1: build: FAILED 
conformance/interfaces/sigaddset/4-core-buildonly: build: FAILED 
conformance/interfaces/sigaddset/1-core-buildonly: build: FAILED 
conformance/interfaces/sigaddset/1-3: build: FAILED 
conformance/interfaces/pthread_rwlock_unlock/1-1: build: FAILED 
conformance/interfaces/pthread_rwlock_unlock/3-1: build: FAILED 
conformance/interfaces/pthread_rwlock_unlock/2-1: build: FAILED 
conformance/interfaces/pthread_rwlock_unlock/4-1: build: FAILED 
conformance/interfaces/pthread_rwlock_unlock/4-2: build: FAILED 
conformance/interfaces/pthread_mutexattr_init/1-1: build: FAILED 
conformance/interfaces/pthread_mutexattr_init/3-1: build: FAILED 
conformance/interfaces/pthread_mutexattr_getprotocol/1-1: build: FAILED 
conformance/interfaces/pthread_mutexattr_getprotocol/1-2: build: FAILED 
conformance/interfaces/sigqueue/1-1: build: FAILED 
conformance/interfaces/sigqueue/3-1: build: FAILED 
conformance/interfaces/sigqueue/2-2: build: FAILED 
conformance/interfaces/sigqueue/5-1: build: FAILED 
conformance/interfaces/sigqueue/6-1: build: FAILED 
conformance/interfaces/sigqueue/10-1: build: FAILED 
conformance/interfaces/sigqueue/2-1: build: FAILED 
conformance/interfaces/sigqueue/9-1: build: FAILED 
conformance/interfaces/sigqueue/4-1: build: FAILED 
conformance/interfaces/sigqueue/7-1: build: FAILED 
conformance/interfaces/sigqueue/8-1: build: FAILED 
conformance/interfaces/sigqueue/11-1: build: FAILED 
conformance/interfaces/sigqueue/12-1: build: FAILED 
conformance/interfaces/mq_unlink/1-1: build: FAILED 
conformance/interfaces/mq_unlink/2-2: build: FAILED 
conformance/interfaces/mq_unlink/2-1: build: FAILED 
conformance/interfaces/mq_unlink/speculative/7-2: build: FAILED 
conformance/interfaces/mq_unlink/2-3: build: FAILED 
conformance/interfaces/mq_unlink/7-1: build: FAILED 
conformance/interfaces/mq_close/1-1: build: FAILED 
conformance/interfaces/mq_close/3-1: build: FAILED 
conformance/interfaces/mq_close/5-1: build: FAILED 
conformance/interfaces/mq_close/3-3: build: FAILED 
conformance/interfaces/mq_close/2-1: build: FAILED 
conformance/interfaces/mq_close/4-1: build: FAILED 
conformance/interfaces/mq_close/3-2: build: FAILED 
conformance/interfaces/raise/1-1: build: FAILED 
conformance/interfaces/raise/6-1: build: FAILED 
conformance/interfaces/raise/2-1: build: FAILED 
conformance/interfaces/raise/1-2: build: FAILED 
conformance/interfaces/raise/4-1: build: FAILED 
conformance/interfaces/raise/7-1: build: FAILED 
conformance/interfaces/raise/10000-1: build: FAILED 
conformance/interfaces/sem_close/1-1: build: FAILED 
conformance/interfaces/sem_close/3-1: build: FAILED 
conformance/interfaces/sem_close/2-1: build: FAILED 
conformance/interfaces/sem_close/3-2: build: FAILED 
conformance/interfaces/sem_post/1-1: build: FAILED 
conformance/interfaces/sem_post/5-1: build: FAILED 
conformance/interfaces/sem_post/6-1: build: FAILED 
conformance/interfaces/sem_post/2-1: build: FAILED 
conformance/interfaces/sem_post/1-2: build: FAILED 
conformance/interfaces/sem_post/4-1: build: FAILED 
conformance/interfaces/sem_post/8-1: build: FAILED 
conformance/interfaces/sigprocmask/5-1: build: FAILED 
conformance/interfaces/sigprocmask/15-1: build: FAILED 
conformance/interfaces/sigprocmask/6-1: build: FAILED 
conformance/interfaces/sigprocmask/10-1: build: FAILED 
conformance/interfaces/sigprocmask/9-1: build: FAILED 
conformance/interfaces/sigprocmask/8-3: build: FAILED 
conformance/interfaces/sigprocmask/4-1: build: FAILED 
conformance/interfaces/sigprocmask/17-core-buildonly: build: FAILED 
conformance/interfaces/sigprocmask/7-1: build: FAILED 
conformance/interfaces/sigprocmask/8-2: build: FAILED 
conformance/interfaces/sigprocmask/8-1: build: FAILED 
conformance/interfaces/sigprocmask/12-1: build: FAILED 
conformance/interfaces/pthread_attr_setdetachstate/1-1: build: FAILED 
conformance/interfaces/pthread_attr_setdetachstate/2-1: build: FAILED 
conformance/interfaces/pthread_attr_setdetachstate/1-2: build: FAILED 
conformance/interfaces/pthread_attr_setdetachstate/4-1: build: FAILED 
conformance/interfaces/pthread_spin_destroy/1-1: build: FAILED 
conformance/interfaces/pthread_spin_destroy/3-1: build: FAILED 
conformance/interfaces/pthread_attr_setstack/1-1: build: FAILED 
conformance/interfaces/pthread_attr_setstack/6-1: build: FAILED 
conformance/interfaces/pthread_attr_setstack/2-1: build: FAILED 
conformance/interfaces/pthread_attr_setstack/4-1: build: FAILED 
conformance/interfaces/pthread_attr_setstack/7-1: build: FAILED 
conformance/interfaces/sigset/1-1: build: FAILED 
conformance/interfaces/sigset/3-1: build: FAILED 
conformance/interfaces/sigset/5-1: build: FAILED 
conformance/interfaces/sigset/6-1: build: FAILED 
conformance/interfaces/sigset/10-1: build: FAILED 
conformance/interfaces/sigset/2-1: build: FAILED 
conformance/interfaces/sigset/9-1: build: FAILED 
conformance/interfaces/sigset/4-1: build: FAILED 
conformance/interfaces/sigset/7-1: build: FAILED 
conformance/interfaces/sigset/8-1: build: FAILED 
conformance/interfaces/pthread_rwlockattr_getpshared/1-1: build: FAILED 
conformance/interfaces/pthread_rwlockattr_getpshared/2-1: build: FAILED 
conformance/interfaces/pthread_rwlockattr_getpshared/4-1: build: FAILED 
conformance/interfaces/timer_create/1-1: build: FAILED 
conformance/interfaces/timer_create/3-1: build: FAILED 
conformance/interfaces/timer_create/10-1: build: FAILED 
conformance/interfaces/timer_create/9-1: build: FAILED 
conformance/interfaces/timer_create/speculative/5-1: build: FAILED 
conformance/interfaces/timer_create/speculative/15-1: build: FAILED 
conformance/interfaces/timer_create/speculative/2-1: build: FAILED 
conformance/interfaces/timer_create/16-1: build: FAILED 
conformance/interfaces/timer_create/7-1: build: FAILED 
conformance/interfaces/timer_create/8-1: build: FAILED 
conformance/interfaces/timer_create/11-1: build: FAILED 
conformance/interfaces/sched_getparam/1-1: build: FAILED 
conformance/interfaces/sched_getparam/3-1: build: FAILED 
conformance/interfaces/sched_getparam/6-1: build: FAILED 
conformance/interfaces/sched_getparam/2-1: build: FAILED 
conformance/interfaces/sched_getparam/speculative/7-1: build: FAILED 
conformance/interfaces/sched_getparam/4-1: build: FAILED 
conformance/interfaces/kill/1-1: build: FAILED 
conformance/interfaces/kill/3-1: build: FAILED 
conformance/interfaces/kill/2-2: build: FAILED 
conformance/interfaces/kill/2-1: build: FAILED 
conformance/interfaces/kill/1-2: build: FAILED 
conformance/interfaces/pthread_mutexattr_setpshared/1-1: build: FAILED 
conformance/interfaces/pthread_mutexattr_setpshared/3-1: build: FAILED 
conformance/interfaces/pthread_mutexattr_setpshared/2-2: build: FAILED 
conformance/interfaces/pthread_mutexattr_setpshared/2-1: build: FAILED 
conformance/interfaces/pthread_mutexattr_setpshared/1-2: build: FAILED 
conformance/interfaces/pthread_mutexattr_setpshared/3-2: build: FAILED 
conformance/interfaces/pthread_key_delete/1-1: build: FAILED 
conformance/interfaces/pthread_key_delete/2-1: build: FAILED 
conformance/interfaces/pthread_key_delete/1-2: build: FAILED 
conformance/interfaces/aio_fsync/1-1: build: FAILED 
conformance/interfaces/aio_fsync/3-1: build: FAILED 
conformance/interfaces/aio_fsync/5-1: build: FAILED 
conformance/interfaces/aio_fsync/13-1: build: FAILED 
conformance/interfaces/aio_fsync/6-1: build: FAILED 
conformance/interfaces/aio_fsync/10-1: build: FAILED 
conformance/interfaces/aio_fsync/2-1: build: FAILED 
conformance/interfaces/aio_fsync/9-1: build: FAILED 
conformance/interfaces/aio_fsync/8-3: build: FAILED 
conformance/interfaces/aio_fsync/8-4: build: FAILED 
conformance/interfaces/aio_fsync/4-1: build: FAILED 
conformance/interfaces/aio_fsync/7-1: build: FAILED 
conformance/interfaces/aio_fsync/8-2: build: FAILED 
conformance/interfaces/aio_fsync/8-1: build: FAILED 
conformance/interfaces/aio_fsync/4-2: build: FAILED 
conformance/interfaces/aio_fsync/14-1: build: FAILED 
conformance/interfaces/aio_fsync/11-1: build: FAILED 
conformance/interfaces/aio_fsync/12-1: build: FAILED 
conformance/interfaces/pthread_attr_setschedparam/1-1: build: FAILED 
conformance/interfaces/pthread_attr_setschedparam/speculative/3-1: build: FAILED 
conformance/interfaces/pthread_attr_setschedparam/speculative/3-2: build: FAILED 
conformance/interfaces/pthread_attr_setschedparam/1-2: build: FAILED 
conformance/interfaces/pthread_attr_setschedparam/1-4: build: FAILED 
conformance/interfaces/pthread_attr_setschedparam/1-3: build: FAILED 
conformance/interfaces/clock/1-1: build: FAILED 
conformance/interfaces/clock/2-1: build: FAILED 
conformance/interfaces/pthread_spin_unlock/1-1: build: FAILED 
conformance/interfaces/pthread_spin_unlock/3-1: build: FAILED 
conformance/interfaces/pthread_spin_unlock/1-2: build: FAILED 
conformance/interfaces/sigfillset/1-1: build: FAILED 
conformance/interfaces/sigfillset/2-1: build: FAILED 
conformance/interfaces/pthread_barrierattr_getpshared/1-1: build: FAILED 
conformance/interfaces/pthread_barrierattr_getpshared/2-1: build: FAILED 
conformance/interfaces/pthread_cleanup_pop/1-1: build: FAILED 
conformance/interfaces/pthread_cleanup_pop/1-2: build: FAILED 
conformance/interfaces/pthread_cleanup_pop/1-3: build: FAILED 
conformance/interfaces/pthread_getcpuclockid/1-1: build: FAILED 
conformance/interfaces/pthread_getcpuclockid/speculative/3-1: build: FAILED 
conformance/interfaces/pthread_kill/1-1: build: FAILED 
conformance/interfaces/pthread_kill/3-1: build: FAILED 
conformance/interfaces/pthread_kill/6-1: build: FAILED 
conformance/interfaces/pthread_kill/2-1: build: FAILED 
conformance/interfaces/pthread_kill/1-2: build: FAILED 
conformance/interfaces/pthread_kill/7-1: build: FAILED 
conformance/interfaces/pthread_kill/8-1: build: FAILED 
conformance/interfaces/mq_receive/1-1: build: FAILED 
conformance/interfaces/mq_receive/11-2: build: FAILED 
conformance/interfaces/mq_receive/5-1: build: FAILED 
conformance/interfaces/mq_receive/13-1: build: FAILED 
conformance/interfaces/mq_receive/10-1: build: FAILED 
conformance/interfaces/mq_receive/2-1: build: FAILED 
conformance/interfaces/mq_receive/7-1: build: FAILED 
conformance/interfaces/mq_receive/8-1: build: FAILED 
conformance/interfaces/mq_receive/11-1: build: FAILED 
conformance/interfaces/mq_receive/12-1: build: FAILED 
conformance/interfaces/munlock/10-1: build: FAILED 
conformance/interfaces/munlock/7-1: build: FAILED 
conformance/interfaces/munlock/11-1: build: FAILED 
conformance/interfaces/sem_open/1-1: build: FAILED 
conformance/interfaces/sem_open/3-1: build: FAILED 
conformance/interfaces/sem_open/2-2: build: FAILED 
conformance/interfaces/sem_open/5-1: build: FAILED 
conformance/interfaces/sem_open/15-1: build: FAILED 
conformance/interfaces/sem_open/6-1: build: FAILED 
conformance/interfaces/sem_open/10-1: build: FAILED 
conformance/interfaces/sem_open/2-1: build: FAILED 
conformance/interfaces/sem_open/1-2: build: FAILED 
conformance/interfaces/sem_open/4-1: build: FAILED 
conformance/interfaces/sem_open/1-4: build: FAILED 
conformance/interfaces/sem_open/1-3: build: FAILED 
conformance/interfaces/pthread_barrier_wait/1-1: build: FAILED 
conformance/interfaces/pthread_barrier_wait/3-1: build: FAILED 
conformance/interfaces/pthread_barrier_wait/6-1: build: FAILED 
conformance/interfaces/pthread_barrier_wait/2-1: build: FAILED 
conformance/interfaces/pthread_barrier_wait/3-2: build: FAILED 
conformance/interfaces/munlockall/5-1: build: FAILED 
conformance/interfaces/pthread_rwlock_timedwrlock/1-1: build: FAILED 
conformance/interfaces/pthread_rwlock_timedwrlock/6-2: build: FAILED 
conformance/interfaces/pthread_rwlock_timedwrlock/3-1: build: FAILED 
conformance/interfaces/pthread_rwlock_timedwrlock/5-1: build: FAILED 
conformance/interfaces/pthread_rwlock_timedwrlock/6-1: build: FAILED 
conformance/interfaces/pthread_rwlock_timedwrlock/2-1: build: FAILED 
conformance/interfaces/sigwait/1-1: build: FAILED 
conformance/interfaces/sigwait/6-2: build: FAILED 
conformance/interfaces/sigwait/3-1: build: FAILED 
conformance/interfaces/sigwait/6-1: build: FAILED 
conformance/interfaces/sigwait/2-1: build: FAILED 
conformance/interfaces/sigwait/4-1: build: FAILED 
conformance/interfaces/sigwait/7-1: build: FAILED 
conformance/interfaces/sigwait/8-1: build: FAILED 
conformance/interfaces/mq_notify/1-1: build: FAILED 
conformance/interfaces/mq_notify/3-1: build: FAILED 
conformance/interfaces/mq_notify/5-1: build: FAILED 
conformance/interfaces/mq_notify/2-1: build: FAILED 
conformance/interfaces/mq_notify/9-1: build: FAILED 
conformance/interfaces/mq_notify/4-1: build: FAILED 
conformance/interfaces/mq_notify/8-1: build: FAILED 
conformance/interfaces/sched_get_priority_max/1-1: build: FAILED 
conformance/interfaces/sched_get_priority_max/2-1: build: FAILED 
conformance/interfaces/sched_get_priority_max/1-2: build: FAILED 
conformance/interfaces/sched_get_priority_max/1-4: build: FAILED 
conformance/interfaces/sched_get_priority_max/1-3: build: FAILED 
conformance/interfaces/sigpause/1-1: build: FAILED 
conformance/interfaces/sigpause/3-1: build: FAILED 
conformance/interfaces/sigpause/2-1: build: FAILED 
conformance/interfaces/sigpause/1-2: build: FAILED 
conformance/interfaces/sigpause/4-1: build: FAILED 
conformance/interfaces/shm_unlink/1-1: build: FAILED 
conformance/interfaces/shm_unlink/3-1: build: FAILED 
conformance/interfaces/shm_unlink/5-1: build: FAILED 
conformance/interfaces/shm_unlink/6-1: build: FAILED 
conformance/interfaces/shm_unlink/10-1: build: FAILED 
conformance/interfaces/shm_unlink/2-1: build: FAILED 
conformance/interfaces/shm_unlink/9-1: build: FAILED 
conformance/interfaces/shm_unlink/8-1: build: FAILED 
conformance/interfaces/shm_unlink/11-1: build: FAILED 
conformance/interfaces/shm_unlink/10-2: build: FAILED 
conformance/interfaces/sighold/1-1: build: FAILED 
conformance/interfaces/sighold/3-core-buildonly: build: FAILED 
conformance/interfaces/sighold/2-1: build: FAILED 
conformance/interfaces/pthread_cond_timedwait/2-5: build: FAILED 
conformance/interfaces/pthread_cond_timedwait/1-1: build: FAILED 
conformance/interfaces/pthread_cond_timedwait/3-1: build: FAILED 
conformance/interfaces/pthread_cond_timedwait/2-2: build: FAILED 
conformance/interfaces/pthread_cond_timedwait/2-7: build: FAILED 
conformance/interfaces/pthread_cond_timedwait/2-4: build: FAILED 
conformance/interfaces/pthread_cond_timedwait/4-3: build: FAILED 
conformance/interfaces/pthread_cond_timedwait/2-6: build: FAILED 
conformance/interfaces/pthread_cond_timedwait/2-1: build: FAILED 
conformance/interfaces/pthread_cond_timedwait/2-3: build: FAILED 
conformance/interfaces/pthread_cond_timedwait/4-1: build: FAILED 
conformance/interfaces/pthread_cond_timedwait/4-2: build: FAILED 
conformance/interfaces/pthread_mutex_trylock/1-1: build: FAILED 
conformance/interfaces/pthread_mutex_trylock/3-1: build: FAILED 
conformance/interfaces/pthread_mutex_trylock/4-3: build: FAILED 
conformance/interfaces/pthread_mutex_trylock/2-1: build: FAILED 
conformance/interfaces/pthread_mutex_trylock/1-2: build: FAILED 
conformance/interfaces/pthread_mutex_trylock/4-1: build: FAILED 
conformance/interfaces/pthread_mutex_trylock/4-2: build: FAILED 
conformance/interfaces/pthread_condattr_getclock/1-1: build: FAILED 
conformance/interfaces/pthread_condattr_getclock/1-2: build: FAILED 
conformance/interfaces/fork/1-1: build: FAILED 
conformance/interfaces/fork/3-1: build: FAILED 
conformance/interfaces/fork/21-1: build: FAILED 
conformance/interfaces/fork/13-1: build: FAILED 
conformance/interfaces/fork/6-1: build: FAILED 
conformance/interfaces/fork/2-1: build: FAILED 
conformance/interfaces/fork/9-1: build: FAILED 
conformance/interfaces/fork/22-1: build: FAILED 
conformance/interfaces/fork/16-1: build: FAILED 
conformance/interfaces/fork/18-1: build: FAILED 
conformance/interfaces/fork/17-1: build: FAILED 
conformance/interfaces/fork/4-1: build: FAILED 
conformance/interfaces/fork/7-1: build: FAILED 
conformance/interfaces/fork/8-1: build: FAILED 
conformance/interfaces/fork/17-2: build: FAILED 
conformance/interfaces/fork/19-1: build: FAILED 
conformance/interfaces/fork/14-1: build: FAILED 
conformance/interfaces/fork/11-1: build: FAILED 
conformance/interfaces/fork/12-1: build: FAILED 
conformance/interfaces/pthread_mutex_getprioceiling/1-1: build: FAILED 
conformance/interfaces/pthread_attr_getstack/1-1: build: FAILED 
conformance/interfaces/fsync/5-1: build: FAILED 
conformance/interfaces/fsync/4-1: build: FAILED 
conformance/interfaces/fsync/7-1: build: FAILED 
conformance/interfaces/pthread_rwlockattr_setpshared/1-1: build: FAILED 
conformance/interfaces/pthread_rwlock_rdlock/1-1: build: FAILED 
conformance/interfaces/pthread_rwlock_rdlock/2-2: build: FAILED 
conformance/interfaces/pthread_rwlock_rdlock/5-1: build: FAILED 
conformance/interfaces/pthread_rwlock_rdlock/2-1: build: FAILED 
conformance/interfaces/pthread_rwlock_rdlock/2-3: build: FAILED 
conformance/interfaces/pthread_rwlock_rdlock/4-1: build: FAILED 
conformance/interfaces/difftime/1-1: build: FAILED 
conformance/interfaces/asctime/1-1: build: FAILED 
conformance/interfaces/sem_wait/1-1: build: FAILED 
conformance/interfaces/sem_wait/3-1: build: FAILED 
conformance/interfaces/sem_wait/5-1: build: FAILED 
conformance/interfaces/sem_wait/13-1: build: FAILED 
conformance/interfaces/sem_wait/1-2: build: FAILED 
conformance/interfaces/sem_wait/7-1: build: FAILED 
conformance/interfaces/sem_wait/11-1: build: FAILED 
conformance/interfaces/sem_wait/12-1: build: FAILED 
conformance/interfaces/pthread_cond_wait/1-1: build: FAILED 
conformance/interfaces/pthread_cond_wait/3-1: build: FAILED 
conformance/interfaces/pthread_cond_wait/2-2: build: FAILED 
conformance/interfaces/pthread_cond_wait/2-1: build: FAILED 
conformance/interfaces/pthread_cond_wait/2-3: build: FAILED 
conformance/interfaces/pthread_cond_wait/4-1: build: FAILED 
conformance/interfaces/aio_cancel/1-1: build: FAILED 
conformance/interfaces/aio_cancel/3-1: build: FAILED 
conformance/interfaces/aio_cancel/2-2: build: FAILED 
conformance/interfaces/aio_cancel/5-1: build: FAILED 
conformance/interfaces/aio_cancel/6-1: build: FAILED 
conformance/interfaces/aio_cancel/10-1: build: FAILED 
conformance/interfaces/aio_cancel/2-1: build: FAILED 
conformance/interfaces/aio_cancel/9-1: build: FAILED 
conformance/interfaces/aio_cancel/4-1: build: FAILED 
conformance/interfaces/aio_cancel/7-1: build: FAILED 
conformance/interfaces/aio_cancel/8-1: build: FAILED 
conformance/interfaces/pthread_key_create/1-1: build: FAILED 
conformance/interfaces/pthread_key_create/3-1: build: FAILED 
conformance/interfaces/pthread_key_create/2-1: build: FAILED 
conformance/interfaces/pthread_key_create/speculative/5-1: build: FAILED 
conformance/interfaces/pthread_key_create/1-2: build: FAILED 
conformance/interfaces/pthread_mutexattr_setprioceiling/1-1: build: FAILED 
conformance/interfaces/pthread_mutexattr_setprioceiling/3-1: build: FAILED 
conformance/interfaces/pthread_mutexattr_setprioceiling/3-2: build: FAILED 
conformance/interfaces/clock_settime/1-1: build: FAILED 
conformance/interfaces/clock_settime/5-1: build: FAILED 
conformance/interfaces/clock_settime/20-1: build: FAILED 
conformance/interfaces/clock_settime/6-1: build: FAILED 
conformance/interfaces/clock_settime/5-2: build: FAILED 
conformance/interfaces/clock_settime/speculative/4-3: build: FAILED 
conformance/interfaces/clock_settime/speculative/4-4: build: FAILED 
conformance/interfaces/clock_settime/17-1: build: FAILED 
conformance/interfaces/clock_settime/4-1: build: FAILED 
conformance/interfaces/clock_settime/7-2: build: FAILED 
conformance/interfaces/clock_settime/7-1: build: FAILED 
conformance/interfaces/clock_settime/8-1: build: FAILED 
conformance/interfaces/clock_settime/4-2: build: FAILED 
conformance/interfaces/clock_settime/17-2: build: FAILED 
conformance/interfaces/clock_settime/19-1: build: FAILED 
conformance/interfaces/pthread_once/1-1: build: FAILED 
conformance/interfaces/pthread_once/3-1: build: FAILED 
conformance/interfaces/pthread_once/6-1: build: FAILED 
conformance/interfaces/pthread_once/2-1: build: FAILED 
conformance/interfaces/pthread_once/1-2: build: FAILED 
conformance/interfaces/pthread_once/4-1: build: FAILED 
conformance/interfaces/pthread_once/1-3: build: FAILED 
conformance/interfaces/pthread_spin_init/1-1: build: FAILED 
conformance/interfaces/pthread_spin_init/2-2: build: FAILED 
conformance/interfaces/pthread_spin_init/2-1: build: FAILED 
conformance/interfaces/pthread_spin_init/4-1: build: FAILED 
conformance/interfaces/pthread_barrier_init/1-1: build: FAILED 
conformance/interfaces/pthread_barrier_init/3-1: build: FAILED 
conformance/interfaces/pthread_barrier_init/4-1: build: FAILED 
conformance/interfaces/mlock/5-1: build: FAILED 
conformance/interfaces/mlock/10-1: build: FAILED 
conformance/interfaces/mlock/speculative/12-1: build: FAILED 
conformance/interfaces/mlock/8-1: build: FAILED 
conformance/interfaces/sigwaitinfo/1-1: build: FAILED 
conformance/interfaces/sigwaitinfo/3-1: build: FAILED 
conformance/interfaces/sigwaitinfo/5-1: build: FAILED 
conformance/interfaces/sigwaitinfo/6-1: build: FAILED 
conformance/interfaces/sigwaitinfo/2-1: build: FAILED 
conformance/interfaces/sigwaitinfo/9-1: build: FAILED 
conformance/interfaces/sigwaitinfo/7-1: build: FAILED 
conformance/interfaces/sigwaitinfo/8-1: build: FAILED 
conformance/interfaces/sigsuspend/1-1: build: FAILED 
conformance/interfaces/sigsuspend/3-1: build: FAILED 
conformance/interfaces/sigsuspend/6-1: build: FAILED 
conformance/interfaces/sigsuspend/4-1: build: FAILED 
conformance/interfaces/mq_getattr/3-1: build: FAILED 
conformance/interfaces/mq_getattr/2-2: build: FAILED 
conformance/interfaces/mq_getattr/2-1: build: FAILED 
conformance/interfaces/mq_getattr/speculative/7-1: build: FAILED 
conformance/interfaces/mq_getattr/4-1: build: FAILED 
conformance/interfaces/timer_settime/1-1: build: FAILED 
conformance/interfaces/timer_settime/3-1: build: FAILED 
conformance/interfaces/timer_settime/5-1: build: FAILED 
conformance/interfaces/timer_settime/3-3: build: FAILED 
conformance/interfaces/timer_settime/5-3: build: FAILED 
conformance/interfaces/timer_settime/13-1: build: FAILED 
conformance/interfaces/timer_settime/6-1: build: FAILED 
conformance/interfaces/timer_settime/5-2: build: FAILED 
conformance/interfaces/timer_settime/2-1: build: FAILED 
conformance/interfaces/timer_settime/9-1: build: FAILED 
conformance/interfaces/timer_settime/speculative/12-3: build: FAILED 
conformance/interfaces/timer_settime/speculative/12-2: build: FAILED 
conformance/interfaces/timer_settime/speculative/12-1: build: FAILED 
conformance/interfaces/timer_settime/1-2: build: FAILED 
conformance/interfaces/timer_settime/8-3: build: FAILED 
conformance/interfaces/timer_settime/9-2: build: FAILED 
conformance/interfaces/timer_settime/8-4: build: FAILED 
conformance/interfaces/timer_settime/3-2: build: FAILED 
conformance/interfaces/timer_settime/8-2: build: FAILED 
conformance/interfaces/timer_settime/8-1: build: FAILED 
conformance/interfaces/localtime/1-1: build: FAILED 
conformance/interfaces/sigdelset/2-1: build: FAILED 
conformance/interfaces/sigdelset/4-core-buildonly: build: FAILED 
conformance/interfaces/sigdelset/1-core-buildonly: build: FAILED 
conformance/interfaces/sigdelset/1-4: build: FAILED 
conformance/interfaces/sigdelset/1-3: build: FAILED 
conformance/interfaces/pthread_mutexattr_setprotocol/1-1: build: FAILED 
conformance/interfaces/pthread_mutexattr_setprotocol/3-1: build: FAILED 
conformance/interfaces/pthread_mutexattr_setprotocol/3-2: build: FAILED 
conformance/interfaces/lio_listio/23-1: build: FAILED 
conformance/interfaces/lio_listio/1-1: build: FAILED 
conformance/interfaces/lio_listio/3-1: build: FAILED 
conformance/interfaces/lio_listio/5-1: build: FAILED 
conformance/interfaces/lio_listio/15-1: build: FAILED 
conformance/interfaces/lio_listio/21-1: build: FAILED 
conformance/interfaces/lio_listio/24-1: build: FAILED 
conformance/interfaces/lio_listio/13-1: build: FAILED 
conformance/interfaces/lio_listio/20-1: build: FAILED 
conformance/interfaces/lio_listio/6-1: build: FAILED 
conformance/interfaces/lio_listio/10-1: build: FAILED 
conformance/interfaces/lio_listio/2-1: build: FAILED 
conformance/interfaces/lio_listio/9-1: build: FAILED 
conformance/interfaces/lio_listio/22-1: build: FAILED 
conformance/interfaces/lio_listio/16-1: build: FAILED 
conformance/interfaces/lio_listio/18-1: build: FAILED 
conformance/interfaces/lio_listio/17-1: build: FAILED 
conformance/interfaces/lio_listio/4-1: build: FAILED 
conformance/interfaces/lio_listio/25-1: build: FAILED 
conformance/interfaces/lio_listio/7-1: build: FAILED 
conformance/interfaces/lio_listio/8-1: build: FAILED 
conformance/interfaces/lio_listio/19-1: build: FAILED 
conformance/interfaces/lio_listio/14-1: build: FAILED 
conformance/interfaces/lio_listio/11-1: build: FAILED 
conformance/interfaces/lio_listio/12-1: build: FAILED 
conformance/interfaces/sched_rr_get_interval/1-1: build: FAILED 
conformance/interfaces/sched_rr_get_interval/3-1: build: FAILED 
conformance/interfaces/sched_rr_get_interval/2-1: build: FAILED 
conformance/interfaces/sched_rr_get_interval/speculative/5-1: build: FAILED 
conformance/interfaces/pthread_setcancelstate/1-1: build: FAILED 
conformance/interfaces/pthread_setcancelstate/3-1: build: FAILED 
conformance/interfaces/pthread_setcancelstate/2-1: build: FAILED 
conformance/interfaces/pthread_setcancelstate/1-2: build: FAILED 
conformance/interfaces/pthread_rwlockattr_destroy/1-1: build: FAILED 
conformance/interfaces/pthread_rwlockattr_destroy/2-1: build: FAILED 
conformance/interfaces/mmap/11-4: build: FAILED 
conformance/interfaces/mmap/23-1: build: FAILED 
conformance/interfaces/mmap/1-1: build: FAILED 
conformance/interfaces/mmap/11-2: build: FAILED 
conformance/interfaces/mmap/7-4: build: FAILED 
conformance/interfaces/mmap/6-2: build: FAILED 
conformance/interfaces/mmap/3-1: build: FAILED 
conformance/interfaces/mmap/6-3: build: FAILED 
conformance/interfaces/mmap/11-5: build: FAILED 
conformance/interfaces/mmap/5-1: build: FAILED 
conformance/interfaces/mmap/21-1: build: FAILED 
conformance/interfaces/mmap/24-1: build: FAILED 
conformance/interfaces/mmap/24-2: build: FAILED 
conformance/interfaces/mmap/13-1: build: FAILED 
conformance/interfaces/mmap/6-1: build: FAILED 
conformance/interfaces/mmap/10-1: build: FAILED 
conformance/interfaces/mmap/11-3: build: FAILED 
conformance/interfaces/mmap/6-6: build: FAILED 
conformance/interfaces/mmap/9-1: build: FAILED 
conformance/interfaces/mmap/27-1: build: FAILED 
conformance/interfaces/mmap/18-1: build: FAILED 
conformance/interfaces/mmap/1-2: build: FAILED 
conformance/interfaces/mmap/7-3: build: FAILED 
conformance/interfaces/mmap/6-4: build: FAILED 
conformance/interfaces/mmap/31-1: build: FAILED 
conformance/interfaces/mmap/7-2: build: FAILED 
conformance/interfaces/mmap/7-1: build: FAILED 
conformance/interfaces/mmap/19-1: build: FAILED 
conformance/interfaces/mmap/6-5: build: FAILED 
conformance/interfaces/mmap/14-1: build: FAILED 
conformance/interfaces/mmap/11-1: build: FAILED 
conformance/interfaces/mmap/12-1: build: FAILED 
conformance/interfaces/mmap/28-1: build: FAILED 
conformance/interfaces/pthread_spin_trylock/1-1: build: FAILED 
conformance/interfaces/pthread_spin_trylock/4-1: build: FAILED 
conformance/interfaces/sigpending/1-1: build: FAILED 
conformance/interfaces/sigpending/2-1: build: FAILED 
conformance/interfaces/sigpending/1-2: build: FAILED 
conformance/interfaces/sigpending/1-3: build: FAILED 
conformance/interfaces/pthread_attr_getstacksize/1-1: build: FAILED 
conformance/interfaces/pthread_rwlock_tryrdlock/1-1: build: FAILED 
conformance/interfaces/pthread_setschedparam/1-1: build: FAILED 
conformance/interfaces/pthread_setschedparam/5-1: build: FAILED 
conformance/interfaces/pthread_setschedparam/1-2: build: FAILED 
conformance/interfaces/pthread_setschedparam/4-1: build: FAILED 
conformance/interfaces/clock_getres/1-1: build: FAILED 
conformance/interfaces/clock_getres/6-2: build: FAILED 
conformance/interfaces/clock_getres/3-1: build: FAILED 
conformance/interfaces/clock_getres/5-1: build: FAILED 
conformance/interfaces/clock_getres/6-1: build: FAILED 
conformance/interfaces/clock_getres/7-1: build: FAILED 
conformance/interfaces/clock_getres/8-1: build: FAILED 
conformance/interfaces/pthread_cond_broadcast/1-1: build: FAILED 
conformance/interfaces/pthread_cond_broadcast/2-2: build: FAILED 
conformance/interfaces/pthread_cond_broadcast/2-1: build: FAILED 
conformance/interfaces/pthread_cond_broadcast/2-3: build: FAILED 
conformance/interfaces/pthread_cond_broadcast/1-2: build: FAILED 
conformance/interfaces/pthread_cond_broadcast/4-1: build: FAILED 
conformance/interfaces/pthread_cond_broadcast/4-2: build: FAILED 
conformance/interfaces/pthread_atfork/1-1: build: FAILED 
conformance/interfaces/pthread_atfork/2-2: build: FAILED 
conformance/interfaces/pthread_atfork/3-3: build: FAILED 
conformance/interfaces/pthread_atfork/2-1: build: FAILED 
conformance/interfaces/pthread_atfork/1-2: build: FAILED 
conformance/interfaces/pthread_atfork/4-1: build: FAILED 
conformance/interfaces/pthread_atfork/3-2: build: FAILED 
conformance/interfaces/pthread_mutex_unlock/1-1: build: FAILED 
conformance/interfaces/pthread_mutex_unlock/3-1: build: FAILED 
conformance/interfaces/pthread_mutex_unlock/5-1: build: FAILED 
conformance/interfaces/pthread_mutex_unlock/5-2: build: FAILED 
conformance/interfaces/pthread_mutex_unlock/2-1: build: FAILED 
conformance/interfaces/pthread_mutex_init/1-1: build: FAILED 
conformance/interfaces/pthread_mutex_init/3-1: build: FAILED 
conformance/interfaces/pthread_mutex_init/5-1: build: FAILED 
conformance/interfaces/pthread_mutex_init/5-3: build: FAILED 
conformance/interfaces/pthread_mutex_init/2-1: build: FAILED 
conformance/interfaces/pthread_mutex_init/speculative/5-2: build: FAILED 
conformance/interfaces/pthread_mutex_init/1-2: build: FAILED 
conformance/interfaces/pthread_mutex_init/4-1: build: FAILED 
conformance/interfaces/pthread_mutex_init/3-2: build: FAILED 
conformance/interfaces/pthread_spin_lock/1-1: build: FAILED 
conformance/interfaces/pthread_spin_lock/3-1: build: FAILED 
conformance/interfaces/pthread_spin_lock/1-2: build: FAILED 
conformance/interfaces/pthread_spin_lock/3-2: build: FAILED 
conformance/interfaces/sched_yield/1-1: build: FAILED 
conformance/interfaces/sched_yield/2-1: build: FAILED 
conformance/interfaces/clock_getcpuclockid/1-1: build: FAILED 
conformance/interfaces/clock_getcpuclockid/2-1: build: FAILED 
conformance/interfaces/pthread_attr_setschedpolicy/1-1: build: FAILED 
conformance/interfaces/pthread_attr_setschedpolicy/speculative/5-1: build: FAILED 
conformance/interfaces/pthread_attr_setschedpolicy/4-1: build: FAILED 
conformance/interfaces/pthread_attr_getdetachstate/1-1: build: FAILED 
conformance/interfaces/pthread_attr_getdetachstate/1-2: build: FAILED 
conformance/interfaces/pthread_mutex_destroy/1-1: build: FAILED 
conformance/interfaces/pthread_mutex_destroy/3-1: build: FAILED 
conformance/interfaces/pthread_mutex_destroy/2-2: build: FAILED 
conformance/interfaces/pthread_mutex_destroy/5-1: build: FAILED 
conformance/interfaces/pthread_mutex_destroy/5-2: build: FAILED 
conformance/interfaces/pthread_mutex_destroy/2-1: build: FAILED 
conformance/interfaces/pthread_mutex_destroy/speculative/4-2: build: FAILED 
conformance/interfaces/pthread_attr_setinheritsched/1-1: build: FAILED 
conformance/interfaces/pthread_attr_setinheritsched/2-2: build: FAILED 
conformance/interfaces/pthread_attr_setinheritsched/2-4: build: FAILED 
conformance/interfaces/pthread_attr_setinheritsched/2-1: build: FAILED 
conformance/interfaces/pthread_attr_setinheritsched/2-3: build: FAILED 
conformance/interfaces/pthread_attr_setinheritsched/4-1: build: FAILED 
conformance/interfaces/aio_error/1-1: build: FAILED 
conformance/interfaces/aio_error/3-1: build: FAILED 
conformance/interfaces/aio_error/2-1: build: FAILED 
conformance/interfaces/timer_delete/1-1: build: FAILED 
conformance/interfaces/timer_delete/speculative/5-1: build: FAILED 
conformance/interfaces/timer_delete/speculative/5-2: build: FAILED 
conformance/interfaces/timer_delete/1-2: build: FAILED 
conformance/interfaces/sigignore/1-1: build: FAILED 
conformance/interfaces/sigignore/6-2: build: FAILED 
conformance/interfaces/sigignore/5-core-buildonly: build: FAILED 
conformance/interfaces/sigignore/6-1: build: FAILED 
conformance/interfaces/sigignore/4-1: build: FAILED 
conformance/interfaces/pthread_cond_init/1-1: build: FAILED 
conformance/interfaces/pthread_cond_init/3-1: build: FAILED 
conformance/interfaces/pthread_cond_init/2-2: build: FAILED 
conformance/interfaces/pthread_cond_init/2-1: build: FAILED 
conformance/interfaces/pthread_cond_init/1-2: build: FAILED 
conformance/interfaces/pthread_cond_init/4-1: build: FAILED 
conformance/interfaces/pthread_cond_init/4-2: build: FAILED 
conformance/interfaces/pthread_cond_init/1-3: build: FAILED 
conformance/interfaces/mq_send/1-1: build: FAILED 
conformance/interfaces/mq_send/11-2: build: FAILED 
conformance/interfaces/mq_send/3-1: build: FAILED 
conformance/interfaces/mq_send/5-1: build: FAILED 
conformance/interfaces/mq_send/4-3: build: FAILED 
conformance/interfaces/mq_send/13-1: build: FAILED 
conformance/interfaces/mq_send/6-1: build: FAILED 
conformance/interfaces/mq_send/10-1: build: FAILED 
conformance/interfaces/mq_send/5-2: build: FAILED 
conformance/interfaces/mq_send/2-1: build: FAILED 
conformance/interfaces/mq_send/9-1: build: FAILED 
conformance/interfaces/mq_send/4-1: build: FAILED 
conformance/interfaces/mq_send/7-1: build: FAILED 
conformance/interfaces/mq_send/3-2: build: FAILED 
conformance/interfaces/mq_send/8-1: build: FAILED 
conformance/interfaces/mq_send/4-2: build: FAILED 
conformance/interfaces/mq_send/14-1: build: FAILED 
conformance/interfaces/mq_send/11-1: build: FAILED 
conformance/interfaces/mq_send/12-1: build: FAILED 
conformance/interfaces/sem_init/1-1: build: FAILED 
conformance/interfaces/sem_init/3-1: build: FAILED 
conformance/interfaces/sem_init/2-2: build: FAILED 
conformance/interfaces/sem_init/5-1: build: FAILED 
conformance/interfaces/sem_init/3-3: build: FAILED 
conformance/interfaces/sem_init/6-1: build: FAILED 
conformance/interfaces/sem_init/5-2: build: FAILED 
conformance/interfaces/sem_init/2-1: build: FAILED 
conformance/interfaces/sem_init/7-1: build: FAILED 
conformance/interfaces/sem_init/3-2: build: FAILED 
conformance/interfaces/pthread_barrierattr_destroy/1-1: build: FAILED 
conformance/interfaces/sched_get_priority_min/1-1: build: FAILED 
conformance/interfaces/sched_get_priority_min/2-1: build: FAILED 
conformance/interfaces/sched_get_priority_min/1-2: build: FAILED 
conformance/interfaces/sched_get_priority_min/1-4: build: FAILED 
conformance/interfaces/sched_get_priority_min/1-3: build: FAILED 
conformance/interfaces/pthread_mutexattr_settype/3-4: build: FAILED 
conformance/interfaces/pthread_mutexattr_settype/1-1: build: FAILED 
conformance/interfaces/pthread_mutexattr_settype/3-1: build: FAILED 
conformance/interfaces/pthread_mutexattr_settype/3-3: build: FAILED 
conformance/interfaces/pthread_mutexattr_settype/2-1: build: FAILED 
conformance/interfaces/pthread_mutexattr_settype/7-1: build: FAILED 
conformance/interfaces/pthread_mutexattr_settype/3-2: build: FAILED 
conformance/interfaces/sigaltstack/1-1: build: FAILED 
conformance/interfaces/sigaltstack/3-1: build: FAILED 
conformance/interfaces/sigaltstack/5-1: build: FAILED 
conformance/interfaces/sigaltstack/6-1: build: FAILED 
conformance/interfaces/sigaltstack/10-1: build: FAILED 
conformance/interfaces/sigaltstack/2-1: build: FAILED 
conformance/interfaces/sigaltstack/9-buildonly: build: FAILED 
conformance/interfaces/sigaltstack/9-1: build: FAILED 
conformance/interfaces/sigaltstack/7-1: build: FAILED 
conformance/interfaces/sigaltstack/8-1: build: FAILED 
conformance/interfaces/sigaltstack/11-1: build: FAILED 
conformance/interfaces/sigaltstack/12-1: build: FAILED 
conformance/interfaces/strftime/1-1: build: FAILED 
conformance/interfaces/strftime/3-1: build: FAILED 
conformance/interfaces/strftime/2-1: build: FAILED 
conformance/interfaces/pthread_rwlock_timedrdlock/1-1: build: FAILED 
conformance/interfaces/pthread_rwlock_timedrdlock/6-2: build: FAILED 
conformance/interfaces/pthread_rwlock_timedrdlock/3-1: build: FAILED 
conformance/interfaces/pthread_rwlock_timedrdlock/5-1: build: FAILED 
conformance/interfaces/pthread_rwlock_timedrdlock/6-1: build: FAILED 
conformance/interfaces/pthread_rwlock_timedrdlock/2-1: build: FAILED 
conformance/interfaces/time/1-1: build: FAILED 
conformance/interfaces/mq_timedsend/1-1: build: FAILED 
conformance/interfaces/mq_timedsend/11-2: build: FAILED 
conformance/interfaces/mq_timedsend/3-1: build: FAILED 
conformance/interfaces/mq_timedsend/5-1: build: FAILED 
conformance/interfaces/mq_timedsend/4-3: build: FAILED 
conformance/interfaces/mq_timedsend/15-1: build: FAILED 
conformance/interfaces/mq_timedsend/5-3: build: FAILED 
conformance/interfaces/mq_timedsend/13-1: build: FAILED 
conformance/interfaces/mq_timedsend/20-1: build: FAILED 
conformance/interfaces/mq_timedsend/6-1: build: FAILED 
conformance/interfaces/mq_timedsend/10-1: build: FAILED 
conformance/interfaces/mq_timedsend/5-2: build: FAILED 
conformance/interfaces/mq_timedsend/2-1: build: FAILED 
conformance/interfaces/mq_timedsend/9-1: build: FAILED 
conformance/interfaces/mq_timedsend/speculative/18-2: build: FAILED 
conformance/interfaces/mq_timedsend/16-1: build: FAILED 
conformance/interfaces/mq_timedsend/18-1: build: FAILED 
conformance/interfaces/mq_timedsend/17-1: build: FAILED 
conformance/interfaces/mq_timedsend/4-1: build: FAILED 
conformance/interfaces/mq_timedsend/7-1: build: FAILED 
conformance/interfaces/mq_timedsend/3-2: build: FAILED 
conformance/interfaces/mq_timedsend/8-1: build: FAILED 
conformance/interfaces/mq_timedsend/4-2: build: FAILED 
conformance/interfaces/mq_timedsend/19-1: build: FAILED 
conformance/interfaces/mq_timedsend/14-1: build: FAILED 
conformance/interfaces/mq_timedsend/11-1: build: FAILED 
conformance/interfaces/mq_timedsend/12-1: build: FAILED 
conformance/interfaces/pthread_mutexattr_getprioceiling/1-1: build: FAILED 
conformance/interfaces/pthread_mutexattr_getprioceiling/3-1: build: FAILED 
conformance/interfaces/pthread_mutexattr_getprioceiling/1-2: build: FAILED 
conformance/interfaces/pthread_attr_destroy/1-1: build: FAILED 
conformance/interfaces/pthread_attr_destroy/3-1: build: FAILED 
conformance/interfaces/pthread_attr_destroy/2-1: build: FAILED 
conformance/interfaces/pthread_sigmask/5-1: build: FAILED 
conformance/interfaces/pthread_sigmask/15-1: build: FAILED 
conformance/interfaces/pthread_sigmask/6-1: build: FAILED 
conformance/interfaces/pthread_sigmask/10-1: build: FAILED 
conformance/interfaces/pthread_sigmask/9-1: build: FAILED 
conformance/interfaces/pthread_sigmask/16-1: build: FAILED 
conformance/interfaces/pthread_sigmask/18-1: build: FAILED 
conformance/interfaces/pthread_sigmask/8-3: build: FAILED 
conformance/interfaces/pthread_sigmask/4-1: build: FAILED 
conformance/interfaces/pthread_sigmask/7-1: build: FAILED 
conformance/interfaces/pthread_sigmask/8-2: build: FAILED 
conformance/interfaces/pthread_sigmask/8-1: build: FAILED 
conformance/interfaces/pthread_sigmask/14-1: build: FAILED 
conformance/interfaces/pthread_sigmask/12-1: build: FAILED 
conformance/interfaces/pthread_attr_getinheritsched/1-1: build: FAILED 
conformance/interfaces/pthread_mutexattr_getpshared/1-1: build: FAILED 
conformance/interfaces/pthread_mutexattr_getpshared/3-1: build: FAILED 
conformance/interfaces/pthread_mutexattr_getpshared/1-2: build: FAILED 
conformance/interfaces/pthread_mutexattr_getpshared/1-3: build: FAILED 
conformance/interfaces/pthread_rwlock_init/1-1: build: FAILED 
conformance/interfaces/pthread_rwlock_init/3-1: build: FAILED 
conformance/interfaces/pthread_rwlock_init/6-1: build: FAILED 
conformance/interfaces/pthread_rwlock_init/2-1: build: FAILED 
conformance/interfaces/pthread_attr_setscope/1-1: build: FAILED 
conformance/interfaces/pthread_attr_setscope/5-1: build: FAILED 
conformance/interfaces/pthread_attr_setscope/4-1: build: FAILED 
conformance/interfaces/sem_unlink/1-1: build: FAILED 
conformance/interfaces/sem_unlink/3-1: build: FAILED 
conformance/interfaces/sem_unlink/2-2: build: FAILED 
conformance/interfaces/sem_unlink/5-1: build: FAILED 
conformance/interfaces/sem_unlink/6-1: build: FAILED 
conformance/interfaces/sem_unlink/2-1: build: FAILED 
conformance/interfaces/sem_unlink/9-1: build: FAILED 
conformance/interfaces/sem_unlink/4-1: build: FAILED 
conformance/interfaces/sem_unlink/7-1: build: FAILED 
conformance/interfaces/sem_unlink/4-2: build: FAILED 
conformance/interfaces/sigismember/3-1: build: FAILED 
conformance/interfaces/sigismember/5-core-buildonly: build: FAILED 
conformance/interfaces/sigismember/4-1: build: FAILED 
conformance/interfaces/pthread_rwlock_destroy/1-1: build: FAILED 
conformance/interfaces/pthread_rwlock_destroy/3-1: build: FAILED 
conformance/interfaces/pthread_detach/1-1: build: FAILED 
conformance/interfaces/pthread_detach/3-1: build: FAILED 
conformance/interfaces/pthread_detach/2-2: build: FAILED 
conformance/interfaces/pthread_detach/4-3: build: FAILED 
conformance/interfaces/pthread_detach/2-1: build: FAILED 
conformance/interfaces/pthread_detach/1-2: build: FAILED 
conformance/interfaces/pthread_detach/4-1: build: FAILED 
conformance/interfaces/pthread_detach/4-2: build: FAILED 
conformance/interfaces/pthread_cancel/1-1: build: FAILED 
conformance/interfaces/pthread_cancel/3-1: build: FAILED 
conformance/interfaces/pthread_cancel/2-2: build: FAILED 
conformance/interfaces/pthread_cancel/5-1: build: FAILED 
conformance/interfaces/pthread_cancel/5-2: build: FAILED 
conformance/interfaces/pthread_cancel/2-1: build: FAILED 
conformance/interfaces/pthread_cancel/2-3: build: FAILED 
conformance/interfaces/pthread_cancel/1-2: build: FAILED 
conformance/interfaces/pthread_cancel/4-1: build: FAILED 
conformance/interfaces/pthread_cancel/1-3: build: FAILED 
conformance/interfaces/aio_suspend/1-1: build: FAILED 
conformance/interfaces/aio_suspend/3-1: build: FAILED 
conformance/interfaces/aio_suspend/5-1: build: FAILED 
conformance/interfaces/aio_suspend/6-1: build: FAILED 
conformance/interfaces/aio_suspend/2-1: build: FAILED 
conformance/interfaces/aio_suspend/9-1: build: FAILED 
conformance/interfaces/aio_suspend/4-1: build: FAILED 
conformance/interfaces/aio_suspend/7-1: build: FAILED 
conformance/interfaces/aio_suspend/8-1: build: FAILED 
conformance/interfaces/mq_timedreceive/1-1: build: FAILED 
conformance/interfaces/mq_timedreceive/5-1: build: FAILED 
conformance/interfaces/mq_timedreceive/15-1: build: FAILED 
conformance/interfaces/mq_timedreceive/5-3: build: FAILED 
conformance/interfaces/mq_timedreceive/13-1: build: FAILED 
conformance/interfaces/mq_timedreceive/10-1: build: FAILED 
conformance/interfaces/mq_timedreceive/5-2: build: FAILED 
conformance/interfaces/mq_timedreceive/2-1: build: FAILED 
conformance/interfaces/mq_timedreceive/speculative/10-2: build: FAILED 
conformance/interfaces/mq_timedreceive/18-1: build: FAILED 
conformance/interfaces/mq_timedreceive/17-1: build: FAILED 
conformance/interfaces/mq_timedreceive/17-3: build: FAILED 
conformance/interfaces/mq_timedreceive/18-2: build: FAILED 
conformance/interfaces/mq_timedreceive/7-1: build: FAILED 
conformance/interfaces/mq_timedreceive/8-1: build: FAILED 
conformance/interfaces/mq_timedreceive/17-2: build: FAILED 
conformance/interfaces/mq_timedreceive/14-1: build: FAILED 
conformance/interfaces/mq_timedreceive/11-1: build: FAILED 
conformance/interfaces/mq_timedreceive/10-2: build: FAILED 
conformance/interfaces/ctime/1-1: build: FAILED 
conformance/interfaces/pthread_attr_init/1-1: build: FAILED 
conformance/interfaces/pthread_attr_init/3-1: build: FAILED 
conformance/interfaces/pthread_attr_init/2-1: build: FAILED 
conformance/interfaces/pthread_attr_init/4-1: build: FAILED 
conformance/interfaces/pthread_attr_getschedparam/1-1: build: FAILED 
conformance/interfaces/pthread_mutex_timedlock/1-1: build: FAILED 
conformance/interfaces/pthread_mutex_timedlock/5-1: build: FAILED 
conformance/interfaces/pthread_mutex_timedlock/5-3: build: FAILED 
conformance/interfaces/pthread_mutex_timedlock/5-2: build: FAILED 
conformance/interfaces/pthread_mutex_timedlock/2-1: build: FAILED 
conformance/interfaces/pthread_mutex_timedlock/4-1: build: FAILED 
conformance/interfaces/pthread_equal/1-1: build: FAILED 
conformance/interfaces/pthread_equal/2-1: build: FAILED 
conformance/interfaces/pthread_equal/1-2: build: FAILED 
conformance/interfaces/sched_setscheduler/1-1: build: FAILED 
conformance/interfaces/sched_setscheduler/17-4: build: FAILED 
conformance/interfaces/sched_setscheduler/5-1: build: FAILED 
conformance/interfaces/sched_setscheduler/15-1: build: FAILED 
conformance/interfaces/sched_setscheduler/21-1: build: FAILED 
conformance/interfaces/sched_setscheduler/19-3: build: FAILED 
conformance/interfaces/sched_setscheduler/13-1: build: FAILED 
conformance/interfaces/sched_setscheduler/20-1: build: FAILED 
conformance/interfaces/sched_setscheduler/22-2: build: FAILED 
conformance/interfaces/sched_setscheduler/6-1: build: FAILED 
conformance/interfaces/sched_setscheduler/17-5: build: FAILED 
conformance/interfaces/sched_setscheduler/10-1: build: FAILED 
conformance/interfaces/sched_setscheduler/2-1: build: FAILED 
conformance/interfaces/sched_setscheduler/9-1: build: FAILED 
conformance/interfaces/sched_setscheduler/22-1: build: FAILED 
conformance/interfaces/sched_setscheduler/19-4: build: FAILED 
conformance/interfaces/sched_setscheduler/16-1: build: FAILED 
conformance/interfaces/sched_setscheduler/17-1: build: FAILED 
conformance/interfaces/sched_setscheduler/17-3: build: FAILED 
conformance/interfaces/sched_setscheduler/4-1: build: FAILED 
conformance/interfaces/sched_setscheduler/7-1: build: FAILED 
conformance/interfaces/sched_setscheduler/17-6: build: FAILED 
conformance/interfaces/sched_setscheduler/19-5: build: FAILED 
conformance/interfaces/sched_setscheduler/17-7: build: FAILED 
conformance/interfaces/sched_setscheduler/17-2: build: FAILED 
conformance/interfaces/sched_setscheduler/19-1: build: FAILED 
conformance/interfaces/sched_setscheduler/14-1: build: FAILED 
conformance/interfaces/sched_setscheduler/19-2: build: FAILED 
conformance/interfaces/sched_setscheduler/11-1: build: FAILED 
conformance/interfaces/sched_setscheduler/12-1: build: FAILED 
conformance/interfaces/sched_setscheduler/15-2: build: FAILED 
conformance/interfaces/mq_open/25-2: build: FAILED 
conformance/interfaces/mq_open/23-1: build: FAILED 
conformance/interfaces/mq_open/1-1: build: FAILED 
conformance/interfaces/mq_open/3-1: build: FAILED 
conformance/interfaces/mq_open/27-2: build: FAILED 
conformance/interfaces/mq_open/15-1: build: FAILED 
conformance/interfaces/mq_open/21-1: build: FAILED 
conformance/interfaces/mq_open/24-1: build: FAILED 
conformance/interfaces/mq_open/13-1: build: FAILED 
conformance/interfaces/mq_open/20-1: build: FAILED 
conformance/interfaces/mq_open/29-1: build: FAILED 
conformance/interfaces/mq_open/10-1: build: FAILED 
conformance/interfaces/mq_open/2-1: build: FAILED 
conformance/interfaces/mq_open/9-1: build: FAILED 
conformance/interfaces/mq_open/22-1: build: FAILED 
conformance/interfaces/mq_open/30-1: build: FAILED 
conformance/interfaces/mq_open/speculative/2-2: build: FAILED 
conformance/interfaces/mq_open/speculative/26-1: build: FAILED 
conformance/interfaces/mq_open/speculative/6-1: build: FAILED 
conformance/interfaces/mq_open/speculative/2-3: build: FAILED 
conformance/interfaces/mq_open/27-1: build: FAILED 
conformance/interfaces/mq_open/16-1: build: FAILED 
conformance/interfaces/mq_open/18-1: build: FAILED 
conformance/interfaces/mq_open/17-1: build: FAILED 
conformance/interfaces/mq_open/9-2: build: FAILED 
conformance/interfaces/mq_open/7-3: build: FAILED 
conformance/interfaces/mq_open/4-1: build: FAILED 
conformance/interfaces/mq_open/25-1: build: FAILED 
conformance/interfaces/mq_open/7-2: build: FAILED 
conformance/interfaces/mq_open/7-1: build: FAILED 
conformance/interfaces/mq_open/8-2: build: FAILED 
conformance/interfaces/mq_open/8-1: build: FAILED 
conformance/interfaces/mq_open/19-1: build: FAILED 
conformance/interfaces/mq_open/14-1: build: FAILED 
conformance/interfaces/mq_open/11-1: build: FAILED 
conformance/interfaces/mq_open/12-1: build: FAILED 
conformance/interfaces/mq_open/28-1: build: FAILED 
conformance/interfaces/pthread_mutex_lock/1-1: build: FAILED 
conformance/interfaces/pthread_mutex_lock/3-1: build: FAILED 
conformance/interfaces/pthread_mutex_lock/5-1: build: FAILED 
conformance/interfaces/pthread_mutex_lock/2-1: build: FAILED 
conformance/interfaces/pthread_mutex_lock/4-1: build: FAILED 
conformance/interfaces/pthread_getspecific/1-1: build: FAILED 
conformance/interfaces/pthread_getspecific/3-1: build: FAILED 
conformance/interfaces/mq_setattr/1-1: build: FAILED 
conformance/interfaces/mq_setattr/5-1: build: FAILED 
conformance/interfaces/mq_setattr/2-1: build: FAILED 
conformance/interfaces/mq_setattr/1-2: build: FAILED 
conformance/interfaces/signal/1-1: build: FAILED 
conformance/interfaces/signal/3-1: build: FAILED 
conformance/interfaces/signal/5-1: build: FAILED 
conformance/interfaces/signal/6-1: build: FAILED 
conformance/interfaces/signal/2-1: build: FAILED 
conformance/interfaces/signal/7-1: build: FAILED 
conformance/interfaces/timer_gettime/1-1: build: FAILED 
conformance/interfaces/timer_gettime/3-1: build: FAILED 
conformance/interfaces/timer_gettime/2-2: build: FAILED 
conformance/interfaces/timer_gettime/2-1: build: FAILED 
conformance/interfaces/timer_gettime/speculative/6-2: build: FAILED 
conformance/interfaces/timer_gettime/speculative/6-3: build: FAILED 
conformance/interfaces/timer_gettime/speculative/6-1: build: FAILED 
conformance/interfaces/timer_gettime/1-2: build: FAILED 
conformance/interfaces/timer_gettime/1-4: build: FAILED 
conformance/interfaces/timer_gettime/1-3: build: FAILED 
conformance/interfaces/sigemptyset/1-1: build: FAILED 
conformance/interfaces/sigemptyset/2-1: build: FAILED 
conformance/interfaces/timer_getoverrun/1-1: build: FAILED 
conformance/interfaces/timer_getoverrun/3-1: build: FAILED 
conformance/interfaces/timer_getoverrun/2-2: build: FAILED 
conformance/interfaces/timer_getoverrun/2-1: build: FAILED 
conformance/interfaces/timer_getoverrun/speculative/6-2: build: FAILED 
conformance/interfaces/timer_getoverrun/speculative/6-3: build: FAILED 
conformance/interfaces/timer_getoverrun/speculative/6-1: build: FAILED 
conformance/interfaces/timer_getoverrun/2-3: build: FAILED 
functional/threads/schedule/1-1: build: FAILED 
functional/threads/schedule/1-2: build: FAILED 
echo `timeout 1 sleep 2; echo $?` > ./t0.val
conformance/interfaces/nanosleep/4-1: execution: PASS
conformance/interfaces/pthread_setspecific/3-1: execution: PASS
conformance/interfaces/pthread_attr_getschedpolicy/1-1: execution: PASS
conformance/interfaces/pthread_attr_getschedpolicy/3-1: execution: PASS
conformance/interfaces/pthread_barrierattr_init/3-1: execution: PASS
conformance/interfaces/sigrelse/3-1: execution: FAILED 
conformance/interfaces/sigrelse/3-3: execution: FAILED 
conformance/interfaces/sigrelse/3-2: execution: FAILED 
conformance/interfaces/sigrelse/3-4: execution: FAILED 
conformance/interfaces/pthread_attr_setstacksize/3-1: execution: PASS
conformance/interfaces/munmap/10-1: execution: PASS
conformance/interfaces/munmap/7-1: execution: PASS
conformance/interfaces/pthread_rwlock_trywrlock/2-1: execution: PASS
conformance/interfaces/sched_getscheduler/6-1: execution: PASS
conformance/interfaces/clock_gettime/6-1: execution: PASS
conformance/interfaces/pthread_condattr_getpshared/3-1: execution: PASS
conformance/interfaces/shm_open/31-1: execution: PASS
conformance/interfaces/shm_open/14-1: execution: PASS
conformance/interfaces/shm_open/4-1: execution: PASS
conformance/interfaces/shm_open/30-1: execution: PASS
conformance/interfaces/shm_open/35-1: execution: PASS
conformance/interfaces/shm_open/13-2: execution: PASS
conformance/interfaces/pthread_barrier_destroy/3-1: execution: PASS
conformance/interfaces/pthread_barrierattr_setpshared/3-1: execution: PASS
conformance/interfaces/pthread_rwlockattr_init/3-1: execution: PASS
conformance/interfaces/pthread_cleanup_push/2-1: execution: PASS
conformance/interfaces/pthread_attr_getscope/2-1: execution: PASS
conformance/interfaces/sched_setparam/4-1: execution: PASS
conformance/interfaces/sched_setparam/24-1: execution: PASS
conformance/interfaces/sched_setparam/11-1: execution: PASS
conformance/interfaces/clock_nanosleep/4-1: execution: PASS
conformance/interfaces/clock_nanosleep/8-1: execution: PASS
conformance/interfaces/clock_nanosleep/15-1: execution: PASS
conformance/interfaces/clock_nanosleep/6-1: execution: PASS
conformance/interfaces/clock_nanosleep/1-2: execution: PASS
conformance/interfaces/clock_nanosleep/5-1: execution: PASS
conformance/interfaces/mlockall/7-1: execution: PASS
conformance/interfaces/mlockall/9-1: execution: PASS
conformance/interfaces/mlockall/2-1: execution: PASS
conformance/interfaces/sigaddset/1-1: execution: FAILED 
conformance/interfaces/sigaddset/4-4: execution: FAILED 
conformance/interfaces/sigaddset/4-1: execution: FAILED 
conformance/interfaces/sigaddset/4-3: execution: FAILED 
conformance/interfaces/sigaddset/1-2: execution: FAILED 
conformance/interfaces/sigaddset/4-2: execution: FAILED 
conformance/interfaces/mq_unlink/4-1: execution: PASS
conformance/interfaces/mq_unlink/3-1: execution: PASS
conformance/interfaces/sigprocmask/17-4: execution: FAILED 
conformance/interfaces/sigprocmask/17-2: execution: FAILED 
conformance/interfaces/sigprocmask/17-3: execution: FAILED 
conformance/interfaces/sigprocmask/17-1: execution: FAILED 
conformance/interfaces/pthread_attr_setdetachstate/3-1: execution: PASS
conformance/interfaces/pthread_spin_destroy/2-1: execution: PASS
conformance/interfaces/pthread_attr_setstack/3-1: execution: PASS
conformance/interfaces/pthread_attr_setstack/5-1: execution: PASS
conformance/interfaces/pthread_rwlockattr_getpshared/5-1: execution: PASS
conformance/interfaces/timer_create/14-1: execution: PASS
conformance/interfaces/timer_create/4-1: execution: PASS
conformance/interfaces/timer_create/13-1: execution: PASS
conformance/interfaces/timer_create/6-1: execution: PASS
conformance/interfaces/sched_getparam/5-1: execution: PASS
conformance/interfaces/pthread_key_delete/3-1: execution: PASS
conformance/interfaces/pthread_attr_setschedparam/2-1: execution: PASS
conformance/interfaces/clock/4-1: execution: PASS
conformance/interfaces/pthread_spin_unlock/2-1: execution: PASS
conformance/interfaces/pthread_barrierattr_getpshared/3-1: execution: PASS
conformance/interfaces/pthread_cleanup_pop/2-1: execution: PASS
conformance/interfaces/pthread_getcpuclockid/2-1: execution: PASS
conformance/interfaces/mq_receive/9-1: execution: PASS
conformance/interfaces/mq_receive/4-1: execution: PASS
conformance/interfaces/munlock/9-1: execution: PASS
conformance/interfaces/munlock/2-1: execution: PASS
conformance/interfaces/pthread_barrier_wait/4-1: execution: PASS
conformance/interfaces/pthread_barrier_wait/5-1: execution: PASS
conformance/interfaces/munlockall/6-1: execution: PASS
conformance/interfaces/pthread_rwlock_timedwrlock/7-1: execution: PASS
conformance/interfaces/pthread_rwlock_timedwrlock/4-1: execution: PASS
conformance/interfaces/mq_notify/7-1: execution: PASS
conformance/interfaces/mq_notify/6-1: execution: PASS
conformance/interfaces/sched_get_priority_max/3-1: execution: PASS
conformance/interfaces/shm_unlink/7-1: execution: PASS
conformance/interfaces/shm_unlink/4-1: execution: PASS
conformance/interfaces/sighold/3-1: execution: FAILED 
conformance/interfaces/sighold/3-3: execution: FAILED 
conformance/interfaces/sighold/3-2: execution: FAILED 
conformance/interfaces/sighold/3-4: execution: FAILED 
conformance/interfaces/pthread_condattr_getclock/2-1: execution: PASS
conformance/interfaces/pthread_attr_getstack/2-1: execution: PASS
conformance/interfaces/pthread_rwlockattr_setpshared/2-1: execution: PASS
conformance/interfaces/pthread_rwlock_rdlock/6-2: execution: PASS
conformance/interfaces/difftime/2-1: execution: PASS
conformance/interfaces/pthread_mutexattr_setprioceiling/2-1: execution: PASS
conformance/interfaces/clock_settime/18-1: execution: PASS
conformance/interfaces/clock_settime/16-1: execution: PASS
conformance/interfaces/clock_settime/3-1: execution: PASS
conformance/interfaces/clock_settime/15-1: execution: PASS
conformance/interfaces/pthread_spin_init/3-1: execution: PASS
conformance/interfaces/pthread_barrier_init/2-1: execution: PASS
conformance/interfaces/mlock/7-1: execution: PASS
conformance/interfaces/mlock/4-1: execution: PASS
conformance/interfaces/mlock/2-1: execution: PASS
conformance/interfaces/mq_getattr/1-1: execution: PASS
conformance/interfaces/mq_getattr/6-1: execution: PASS
conformance/interfaces/mq_getattr/5-1: execution: PASS
conformance/interfaces/timer_settime/10-1: execution: PASS
conformance/interfaces/timer_settime/4-1: execution: PASS
conformance/interfaces/timer_settime/11-1: execution: PASS
conformance/interfaces/sigdelset/1-1: execution: FAILED 
conformance/interfaces/sigdelset/4-4: execution: FAILED 
conformance/interfaces/sigdelset/4-1: execution: FAILED 
conformance/interfaces/sigdelset/4-3: execution: FAILED 
conformance/interfaces/sigdelset/1-2: execution: FAILED 
conformance/interfaces/sigdelset/4-2: execution: FAILED 
conformance/interfaces/pthread_mutexattr_setprotocol/2-2: execution: PASS
conformance/interfaces/sched_rr_get_interval/4-1: execution: PASS
conformance/interfaces/pthread_rwlockattr_destroy/3-1: execution: PASS
conformance/interfaces/mmap/16-1: execution: PASS
conformance/interfaces/mmap/20-1: execution: PASS
conformance/interfaces/mmap/17-1: execution: PASS
conformance/interfaces/pthread_spin_trylock/3-1: execution: PASS
conformance/interfaces/pthread_spin_trylock/2-1: execution: PASS
conformance/interfaces/pthread_attr_getstacksize/2-1: execution: PASS
conformance/interfaces/pthread_rwlock_tryrdlock/3-1: execution: PASS
conformance/interfaces/pthread_rwlock_tryrdlock/2-1: execution: PASS
conformance/interfaces/clock_getres/4-1: execution: PASS
conformance/interfaces/clock_getres/2-1: execution: PASS
conformance/interfaces/pthread_atfork/3-1: execution: PASS
conformance/interfaces/pthread_spin_lock/2-1: execution: PASS
conformance/interfaces/sched_yield/3-1: execution: PASS
conformance/interfaces/pthread_attr_setschedpolicy/3-1: execution: PASS
conformance/interfaces/pthread_attr_getdetachstate/2-1: execution: PASS
conformance/interfaces/pthread_attr_setinheritsched/3-1: execution: PASS
conformance/interfaces/timer_delete/4-1: execution: PASS
conformance/interfaces/timer_delete/3-1: execution: PASS
conformance/interfaces/timer_delete/2-1: execution: PASS
conformance/interfaces/sigignore/5-2: execution: FAILED 
conformance/interfaces/sigignore/5-3: execution: FAILED 
conformance/interfaces/sigignore/5-4: execution: FAILED 
conformance/interfaces/sigignore/5-1: execution: FAILED 
conformance/interfaces/pthread_barrierattr_destroy/2-1: execution: PASS
conformance/interfaces/sched_get_priority_min/3-1: execution: PASS
conformance/interfaces/pthread_mutexattr_settype/6-1: execution: PASS
conformance/interfaces/pthread_rwlock_timedrdlock/7-1: execution: PASS
conformance/interfaces/pthread_rwlock_timedrdlock/4-1: execution: PASS
conformance/interfaces/pthread_mutexattr_getprioceiling/2-1: execution: PASS
conformance/interfaces/pthread_attr_getinheritsched/2-1: execution: PASS
conformance/interfaces/pthread_mutexattr_getpshared/2-1: execution: PASS
conformance/interfaces/pthread_rwlock_init/4-1: execution: PASS
conformance/interfaces/pthread_attr_setscope/3-1: execution: PASS
conformance/interfaces/sigismember/5-2: execution: FAILED 
conformance/interfaces/sigismember/5-3: execution: FAILED 
conformance/interfaces/sigismember/5-4: execution: FAILED 
conformance/interfaces/sigismember/5-1: execution: FAILED 
conformance/interfaces/pthread_rwlock_destroy/2-1: execution: PASS
conformance/interfaces/mq_timedreceive/4-1: execution: PASS
conformance/interfaces/mq_timedreceive/16-1: execution: PASS
conformance/interfaces/mq_timedreceive/12-1: execution: PASS
conformance/interfaces/pthread_attr_getschedparam/2-1: execution: PASS
conformance/interfaces/sched_setscheduler/18-1: execution: PASS
conformance/interfaces/sched_setscheduler/3-1: execution: PASS
conformance/interfaces/sched_setscheduler/8-1: execution: PASS
conformance/interfaces/mq_setattr/4-1: execution: PASS
conformance/interfaces/mq_setattr/3-1: execution: PASS
conformance/interfaces/timer_gettime/4-1: execution: PASS
conformance/interfaces/timer_gettime/5-1: execution: PASS
conformance/interfaces/timer_getoverrun/4-1: execution: PASS
conformance/interfaces/timer_getoverrun/5-1: execution: PASS
make[1]: Leaving directory '/<<PKGBUILDDIR>>'
touch build-arch-stamp
dh_testdir
dh_testroot
dh_prep
dh_installdirs
gzip -nc9 logfile >/<<PKGBUILDDIR>>/debian/posixtestsuite//usr/share/doc/posixtestsuite/report.x86_64-linux-gnu.log.gz
dh_testdir
dh_testroot
dh_installdocs
dh_installman
dh_installchangelogs
dh_link
dh_strip
dh_compress
dh_fixperms
dh_installdeb
dh_shlibdeps
dh_gencontrol
dh_md5sums
dh_builddeb
dpkg-deb: building package 'posixtestsuite' in '../posixtestsuite_1.5.2-8_amd64.deb'.
 dpkg-genbuildinfo --build=binary
 dpkg-genchanges --build=binary >../posixtestsuite_1.5.2-8_amd64.changes
dpkg-genchanges: info: binary-only upload (no source code included)
 dpkg-source --after-build .
dpkg-buildpackage: info: binary-only upload (no source included)
--------------------------------------------------------------------------------
Build finished at 2020-02-24T12:47:27Z

Finished
--------

I: Built successfully

+------------------------------------------------------------------------------+
| Changes                                                                      |
+------------------------------------------------------------------------------+


posixtestsuite_1.5.2-8_amd64.changes:
-------------------------------------

Format: 1.8
Date: Sun, 10 Feb 2019 20:00:32 +0100
Source: posixtestsuite
Binary: posixtestsuite
Architecture: amd64
Version: 1.5.2-8
Distribution: unstable
Urgency: medium
Maintainer: Debian QA Group <packages@qa.debian.org>
Changed-By: Guillem Jover <guillem@debian.org>
Description:
 posixtestsuite - POSIX conformance test suite report log
Changes:
 posixtestsuite (1.5.2-8) unstable; urgency=medium
 .
   * Orphan package, set maintainer to Debian QA Group.
   * Namespace debhelper fragment files with binary package name.
   * Switch to debhelper compatibility level 11.
   * Mark binary package as Multi-Arch: same.
   * Remove spurious space from package description.
   * Now using Standards-Version 4.3.0 (no changes needed).
Checksums-Sha1:
 e924d39f1af66701813be02d304a0b1010d4cc6d 4907 posixtestsuite_1.5.2-8_amd64.buildinfo
 c5b789cf555337ba57378ba888938110b972e3ce 15700 posixtestsuite_1.5.2-8_amd64.deb
Checksums-Sha256:
 c54ee0cfe31314b3b9bf37884c984b0e52487422a64c137c2ae0036132bf0f08 4907 posixtestsuite_1.5.2-8_amd64.buildinfo
 8a210a0c855a8f6005f2a6b34c5c4a48a110c39482c8ba2177dbfa0b79194d49 15700 posixtestsuite_1.5.2-8_amd64.deb
Files:
 1994460432d318b9749f4e3bad431564 4907 devel optional posixtestsuite_1.5.2-8_amd64.buildinfo
 eb95ee60285cc9547c4da9bd8872bd83 15700 devel optional posixtestsuite_1.5.2-8_amd64.deb

+------------------------------------------------------------------------------+
| Buildinfo                                                                    |
+------------------------------------------------------------------------------+

Format: 1.0
Source: posixtestsuite
Binary: posixtestsuite
Architecture: amd64
Version: 1.5.2-8
Checksums-Md5:
 eb95ee60285cc9547c4da9bd8872bd83 15700 posixtestsuite_1.5.2-8_amd64.deb
Checksums-Sha1:
 c5b789cf555337ba57378ba888938110b972e3ce 15700 posixtestsuite_1.5.2-8_amd64.deb
Checksums-Sha256:
 8a210a0c855a8f6005f2a6b34c5c4a48a110c39482c8ba2177dbfa0b79194d49 15700 posixtestsuite_1.5.2-8_amd64.deb
Build-Origin: Debian
Build-Architecture: amd64
Build-Date: Mon, 24 Feb 2020 12:47:26 +0000
Build-Path: /<<PKGBUILDDIR>>
Installed-Build-Depends:
 autoconf (= 2.69-11.1),
 automake (= 1:1.16.1-4),
 autopoint (= 0.19.8.1-10),
 autotools-dev (= 20180224.1),
 base-files (= 11),
 base-passwd (= 3.5.47),
 bash (= 5.0-5),
 binutils (= 2.34-3),
 binutils-common (= 2.34-3),
 binutils-x86-64-linux-gnu (= 2.34-3),
 bsdmainutils (= 11.1.2+b1),
 bsdutils (= 1:2.34-0.1),
 build-essential (= 12.8),
 bzip2 (= 1.0.8-2),
 clang-8 (= 1:8.0.1-7),
 coreutils (= 8.30-3+b1),
 cpp (= 4:9.2.1-3.1),
 cpp-9 (= 9.2.1-29),
 dash (= 0.5.10.2-6),
 debconf (= 1.5.73),
 debhelper (= 12.9),
 debianutils (= 4.9.1),
 dh-autoreconf (= 19),
 dh-strip-nondeterminism (= 1.6.3-2),
 diffutils (= 1:3.7-3),
 dpkg (= 1.19.7),
 dpkg-dev (= 1.19.7),
 dwz (= 0.13-5),
 fdisk (= 2.34-0.1),
 file (= 1:5.38-4),
 findutils (= 4.7.0-1),
 g++ (= 4:9.2.1-3.1),
 g++-9 (= 9.2.1-29),
 gcc (= 4:9.2.1-3.1),
 gcc-10-base (= 10-20200222-1),
 gcc-8-base (= 8.3.0-29),
 gcc-9 (= 9.2.1-29),
 gcc-9-base (= 9.2.1-29),
 gettext (= 0.19.8.1-10),
 gettext-base (= 0.19.8.1-10),
 grep (= 3.4-1),
 groff-base (= 1.22.4-4),
 gzip (= 1.9-3+b1),
 hostname (= 3.23),
 init-system-helpers (= 1.57),
 intltool-debian (= 0.35.0+20060710.5),
 lib32gcc-s1 (= 10-20200222-1),
 lib32gcc1 (= 1:10-20200222-1),
 lib32stdc++6 (= 10-20200222-1),
 libacl1 (= 2.2.53-5),
 libarchive-zip-perl (= 1.67-1),
 libasan5 (= 9.2.1-29),
 libatomic1 (= 10-20200222-1),
 libattr1 (= 1:2.4.48-5),
 libaudit-common (= 1:2.8.5-2),
 libaudit1 (= 1:2.8.5-2+b1),
 libbinutils (= 2.34-3),
 libblkid1 (= 2.34-0.1),
 libbsd0 (= 0.10.0-1),
 libbz2-1.0 (= 1.0.8-2),
 libc-bin (= 2.29-10),
 libc-dev-bin (= 2.29-10),
 libc6 (= 2.29-10),
 libc6-dev (= 2.29-10),
 libc6-i386 (= 2.29-10),
 libcap-ng0 (= 0.7.9-2.1+b1),
 libcc1-0 (= 10-20200222-1),
 libclang-common-8-dev (= 1:8.0.1-7),
 libclang1-8 (= 1:8.0.1-7),
 libcroco3 (= 0.6.13-1),
 libcrypt-dev (= 1:4.4.10-10),
 libcrypt1 (= 1:4.4.10-10),
 libctf-nobfd0 (= 2.34-3),
 libctf0 (= 2.34-3),
 libdb5.3 (= 5.3.28+dfsg1-0.6),
 libdebconfclient0 (= 0.251),
 libdebhelper-perl (= 12.9),
 libdpkg-perl (= 1.19.7),
 libedit2 (= 3.1-20191231-1),
 libelf1 (= 0.176-1.1),
 libfdisk1 (= 2.34-0.1),
 libffi7 (= 3.3-3),
 libfile-stripnondeterminism-perl (= 1.6.3-2),
 libgc1c2 (= 1:7.6.4-0.4),
 libgcc-8-dev (= 8.3.0-29),
 libgcc-9-dev (= 9.2.1-29),
 libgcc-s1 (= 10-20200222-1),
 libgcc1 (= 1:10-20200222-1),
 libgcrypt20 (= 1.8.5-5),
 libgdbm-compat4 (= 1.18.1-5),
 libgdbm6 (= 1.18.1-5),
 libglib2.0-0 (= 2.62.4-2),
 libgmp10 (= 2:6.2.0+dfsg-4),
 libgomp1 (= 10-20200222-1),
 libgpg-error0 (= 1.37-1),
 libicu63 (= 63.2-2),
 libisl22 (= 0.22.1-1),
 libitm1 (= 10-20200222-1),
 libllvm8 (= 1:8.0.1-7),
 liblsan0 (= 10-20200222-1),
 liblz4-1 (= 1.9.2-2),
 liblzma5 (= 5.2.4-1+b1),
 libmagic-mgc (= 1:5.38-4),
 libmagic1 (= 1:5.38-4),
 libmount1 (= 2.34-0.1),
 libmpc3 (= 1.1.0-1),
 libmpfr6 (= 4.0.2-1),
 libmpx2 (= 8.3.0-29),
 libncursesw6 (= 6.1+20191019-1),
 libobjc-8-dev (= 8.3.0-29),
 libobjc4 (= 10-20200222-1),
 libpam-modules (= 1.3.1-5),
 libpam-modules-bin (= 1.3.1-5),
 libpam-runtime (= 1.3.1-5),
 libpam0g (= 1.3.1-5),
 libpcre2-8-0 (= 10.34-7),
 libpcre3 (= 2:8.39-12+b1),
 libperl5.30 (= 5.30.0-9),
 libpipeline1 (= 1.5.2-2),
 libquadmath0 (= 10-20200222-1),
 libseccomp2 (= 2.4.2-2),
 libselinux1 (= 3.0-1+b1),
 libsigsegv2 (= 2.12-2),
 libsmartcols1 (= 2.34-0.1),
 libstdc++-8-dev (= 8.3.0-29),
 libstdc++-9-dev (= 9.2.1-29),
 libstdc++6 (= 10-20200222-1),
 libsub-override-perl (= 0.09-2),
 libsystemd0 (= 244.3-1),
 libtinfo6 (= 6.1+20191019-1),
 libtool (= 2.4.6-13),
 libtsan0 (= 10-20200222-1),
 libubsan1 (= 10-20200222-1),
 libuchardet0 (= 0.0.6-3),
 libudev1 (= 244.3-1),
 libunistring2 (= 0.9.10-2),
 libuuid1 (= 2.34-0.1),
 libxml2 (= 2.9.10+dfsg-3),
 linux-libc-dev (= 5.4.19-1),
 login (= 1:4.8.1-1),
 lsb-base (= 11.1.0),
 m4 (= 1.4.18-4),
 make (= 4.2.1-1.2),
 man-db (= 2.9.0-2),
 mawk (= 1.3.4.20200120-2),
 ncurses-base (= 6.1+20191019-1),
 ncurses-bin (= 6.1+20191019-1),
 patch (= 2.7.6-6),
 perl (= 5.30.0-9),
 perl-base (= 5.30.0-9),
 perl-modules-5.30 (= 5.30.0-9),
 po-debconf (= 1.0.21),
 sed (= 4.7-1),
 sensible-utils (= 0.0.12+nmu1),
 sysvinit-utils (= 2.96-2.1),
 tar (= 1.30+dfsg-6+b1),
 util-linux (= 2.34-0.1),
 xz-utils (= 5.2.4-1+b1),
 zlib1g (= 1:1.2.11.dfsg-1.2)
Environment:
 DEB_BUILD_OPTIONS="parallel=4"
 LANG="C.UTF-8"
 LC_ALL="C.UTF-8"
 SOURCE_DATE_EPOCH="1549825232"


+------------------------------------------------------------------------------+
| Package contents                                                             |
+------------------------------------------------------------------------------+


posixtestsuite_1.5.2-8_amd64.deb
--------------------------------

 new Debian package, version 2.0.
 size 15700 bytes: control archive=840 bytes.
     711 bytes,    18 lines      control              
     326 bytes,     4 lines      md5sums              
 Package: posixtestsuite
 Version: 1.5.2-8
 Architecture: amd64
 Maintainer: Debian QA Group <packages@qa.debian.org>
 Installed-Size: 23
 Section: devel
 Priority: optional
 Multi-Arch: same
 Homepage: http://posixtest.sourceforge.net/
 Description: POSIX conformance test suite report log
  The POSIX Test Suite is a free (as in speech) test suite with the goal
  of performing conformance, functional, and stress testing of the IEEE
  1003.1-2001 System Interfaces specification in a manner that is agnostic
  to any given implementation.
  .
  This package only provides the test suite results in a log file. If you
  want to run the testsuite, use the source package of the same name (e.g.
  apt-get source posixtestsuite).

drwxr-xr-x root/root         0 2019-02-10 19:00 ./
drwxr-xr-x root/root         0 2019-02-10 19:00 ./usr/
drwxr-xr-x root/root         0 2019-02-10 19:00 ./usr/share/
drwxr-xr-x root/root         0 2019-02-10 19:00 ./usr/share/doc/
drwxr-xr-x root/root         0 2019-02-10 19:00 ./usr/share/doc/posixtestsuite/
-rw-r--r-- root/root      2097 2019-02-10 19:00 ./usr/share/doc/posixtestsuite/changelog.Debian.gz
-rw-r--r-- root/root      2369 2006-10-17 08:53 ./usr/share/doc/posixtestsuite/changelog.gz
-rw-r--r-- root/root      1365 2015-05-02 03:07 ./usr/share/doc/posixtestsuite/copyright
-rw-r--r-- root/root      9023 2019-02-10 19:00 ./usr/share/doc/posixtestsuite/report.x86_64-linux-gnu.log.gz


+------------------------------------------------------------------------------+
| Post Build                                                                   |
+------------------------------------------------------------------------------+


+------------------------------------------------------------------------------+
| Cleanup                                                                      |
+------------------------------------------------------------------------------+

Purging /<<BUILDDIR>>
Not cleaning session: cloned chroot in use

+------------------------------------------------------------------------------+
| Summary                                                                      |
+------------------------------------------------------------------------------+

Build Architecture: amd64
Build Type: binary
Build-Space: 15736
Build-Time: 1429
Distribution: unstable
Host Architecture: amd64
Install-Time: 26
Job: posixtestsuite_1.5.2-8
Machine Architecture: amd64
Package: posixtestsuite
Package-Time: 1527
Source-Version: 1.5.2-8
Space: 15736
Status: successful
Version: 1.5.2-8
--------------------------------------------------------------------------------
Finished at 2020-02-24T12:47:27Z
Build needed 00:25:27, 15736k disk space
DC-Status: OK 1532.642990662s
DC-Time-Estimation: 1532.642990662 versus expected 2862 (r/m: 0.8673624695623381 ; m: 1532.642990662)
