DC-Build-Header: dvi2dvi 2.0alpha-10 / 2017-08-20 19:19:13 +0000
DC-Task: type:rebuild-binarch-only source:dvi2dvi version:2.0alpha-10 chroot:unstable esttime:16 logfile:/tmp/dvi2dvi_2.0alpha-10_unstable_clang5.0.log modes:clang50:binarch-only
DC-Sbuild-call: su user42 -c 'sbuild -n --arch-any --apt-update -d unstable -v  --chroot-setup-commands=/tmp/clang50 dvi2dvi_2.0alpha-10'
sbuild (Debian sbuild) 0.73.0 (23 Dec 2016) on ip-172-31-47-161.eu-central-1.compute.internal

+==============================================================================+
| dvi2dvi 2.0alpha-10 (amd64)                  Sun, 20 Aug 2017 19:19:14 +0000 |
+==============================================================================+

Package: dvi2dvi
Version: 2.0alpha-10
Source Version: 2.0alpha-10
Distribution: unstable
Machine Architecture: amd64
Host Architecture: amd64
Build Architecture: amd64
Build Type: any

I: NOTICE: Log filtering will replace 'var/run/schroot/mount/unstable-amd64-sbuild-f684075b-0b2b-4a15-8f04-7a51ec8fb324' with '<<CHROOT>>'

+------------------------------------------------------------------------------+
| Chroot Setup Commands                                                        |
+------------------------------------------------------------------------------+


/tmp/clang50
------------

+ echo 'Entering customization script...'
Entering customization script...
+ CLANG_VERSION=5.0
+ echo 'Install of clang-5.0'
Install of clang-5.0
+ apt-get update
Hit:1 http://127.0.0.1:9999/debian unstable InRelease
Get:2 http://127.0.0.1:9999/debian unstable/main Translation-en [5785 kB]
Fetched 5785 kB in 1s (4001 kB/s)
Reading package lists...
+ apt-get install --yes --no-install-recommends --force-yes clang-5.0
Reading package lists...
Building dependency tree...
Reading state information...
The following additional packages will be installed:
  libasan3 libbsd0 libclang-common-5.0-dev libclang1-5.0 libedit2 libgcc-6-dev
  libjsoncpp1 libllvm5.0 libncurses5 libobjc-6-dev libobjc4 libstdc++-6-dev
Suggested packages:
  gnustep gnustep-devel clang-5.0-doc libomp-dev libstdc++-6-doc
Recommended packages:
  llvm-5.0-dev python libgpm2
The following NEW packages will be installed:
  clang-5.0 libasan3 libbsd0 libclang-common-5.0-dev libclang1-5.0 libedit2
  libgcc-6-dev libjsoncpp1 libllvm5.0 libncurses5 libobjc-6-dev libobjc4
  libstdc++-6-dev
0 upgraded, 13 newly installed, 0 to remove and 0 not upgraded.
Need to get 88.4 MB of archives.
After this operation, 376 MB of additional disk space will be used.
Get:1 http://127.0.0.1:9999/debian unstable/main amd64 libbsd0 amd64 0.8.6-1 [90.3 kB]
Get:2 http://127.0.0.1:9999/debian unstable/main amd64 libncurses5 amd64 6.0+20170715-2 [93.8 kB]
Get:3 http://127.0.0.1:9999/debian unstable/main amd64 libedit2 amd64 3.1-20170329-1 [85.2 kB]
Get:4 http://127.0.0.1:9999/debian unstable/main amd64 libllvm5.0 amd64 1:5.0~+rc2-1 [13.5 MB]
Get:5 http://127.0.0.1:9999/debian unstable/main amd64 libclang1-5.0 amd64 1:5.0~+rc2-1 [6729 kB]
Get:6 http://127.0.0.1:9999/debian unstable/main amd64 libjsoncpp1 amd64 1.7.4-3 [75.6 kB]
Get:7 http://127.0.0.1:9999/debian unstable/main amd64 libasan3 amd64 6.4.0-3 [311 kB]
Get:8 http://127.0.0.1:9999/debian unstable/main amd64 libgcc-6-dev amd64 6.4.0-3 [2296 kB]
Get:9 http://127.0.0.1:9999/debian unstable/main amd64 libstdc++-6-dev amd64 6.4.0-3 [1421 kB]
Get:10 http://127.0.0.1:9999/debian unstable/main amd64 libobjc4 amd64 7.2.0-1 [51.0 kB]
Get:11 http://127.0.0.1:9999/debian unstable/main amd64 libobjc-6-dev amd64 6.4.0-3 [197 kB]
Get:12 http://127.0.0.1:9999/debian unstable/main amd64 libclang-common-5.0-dev amd64 1:5.0~+rc2-1 [1989 kB]
Get:13 http://127.0.0.1:9999/debian unstable/main amd64 clang-5.0 amd64 1:5.0~+rc2-1 [61.6 MB]
debconf: delaying package configuration, since apt-utils is not installed
Fetched 88.4 MB in 0s (96.0 MB/s)
Selecting previously unselected package libbsd0:amd64.
(Reading database ... (Reading database ... 5%(Reading database ... 10%(Reading database ... 15%(Reading database ... 20%(Reading database ... 25%(Reading database ... 30%(Reading database ... 35%(Reading database ... 40%(Reading database ... 45%(Reading database ... 50%(Reading database ... 55%(Reading database ... 60%(Reading database ... 65%(Reading database ... 70%(Reading database ... 75%(Reading database ... 80%(Reading database ... 85%(Reading database ... 90%(Reading database ... 95%(Reading database ... 100%(Reading database ... 9822 files and directories currently installed.)
Preparing to unpack .../00-libbsd0_0.8.6-1_amd64.deb ...
Unpacking libbsd0:amd64 (0.8.6-1) ...
Selecting previously unselected package libncurses5:amd64.
Preparing to unpack .../01-libncurses5_6.0+20170715-2_amd64.deb ...
Unpacking libncurses5:amd64 (6.0+20170715-2) ...
Selecting previously unselected package libedit2:amd64.
Preparing to unpack .../02-libedit2_3.1-20170329-1_amd64.deb ...
Unpacking libedit2:amd64 (3.1-20170329-1) ...
Selecting previously unselected package libllvm5.0:amd64.
Preparing to unpack .../03-libllvm5.0_1%3a5.0~+rc2-1_amd64.deb ...
Unpacking libllvm5.0:amd64 (1:5.0~+rc2-1) ...
Selecting previously unselected package libclang1-5.0:amd64.
Preparing to unpack .../04-libclang1-5.0_1%3a5.0~+rc2-1_amd64.deb ...
Unpacking libclang1-5.0:amd64 (1:5.0~+rc2-1) ...
Selecting previously unselected package libjsoncpp1:amd64.
Preparing to unpack .../05-libjsoncpp1_1.7.4-3_amd64.deb ...
Unpacking libjsoncpp1:amd64 (1.7.4-3) ...
Selecting previously unselected package libasan3:amd64.
Preparing to unpack .../06-libasan3_6.4.0-3_amd64.deb ...
Unpacking libasan3:amd64 (6.4.0-3) ...
Selecting previously unselected package libgcc-6-dev:amd64.
Preparing to unpack .../07-libgcc-6-dev_6.4.0-3_amd64.deb ...
Unpacking libgcc-6-dev:amd64 (6.4.0-3) ...
Selecting previously unselected package libstdc++-6-dev:amd64.
Preparing to unpack .../08-libstdc++-6-dev_6.4.0-3_amd64.deb ...
Unpacking libstdc++-6-dev:amd64 (6.4.0-3) ...
Selecting previously unselected package libobjc4:amd64.
Preparing to unpack .../09-libobjc4_7.2.0-1_amd64.deb ...
Unpacking libobjc4:amd64 (7.2.0-1) ...
Selecting previously unselected package libobjc-6-dev:amd64.
Preparing to unpack .../10-libobjc-6-dev_6.4.0-3_amd64.deb ...
Unpacking libobjc-6-dev:amd64 (6.4.0-3) ...
Selecting previously unselected package libclang-common-5.0-dev.
Preparing to unpack .../11-libclang-common-5.0-dev_1%3a5.0~+rc2-1_amd64.deb ...
Unpacking libclang-common-5.0-dev (1:5.0~+rc2-1) ...
Selecting previously unselected package clang-5.0.
Preparing to unpack .../12-clang-5.0_1%3a5.0~+rc2-1_amd64.deb ...
Unpacking clang-5.0 (1:5.0~+rc2-1) ...
Setting up libncurses5:amd64 (6.0+20170715-2) ...
Setting up libobjc4:amd64 (7.2.0-1) ...
Setting up libasan3:amd64 (6.4.0-3) ...
Setting up libgcc-6-dev:amd64 (6.4.0-3) ...
Setting up libstdc++-6-dev:amd64 (6.4.0-3) ...
Setting up libbsd0:amd64 (0.8.6-1) ...
Processing triggers for libc-bin (2.24-14) ...
Setting up libobjc-6-dev:amd64 (6.4.0-3) ...
Setting up libjsoncpp1:amd64 (1.7.4-3) ...
Setting up libedit2:amd64 (3.1-20170329-1) ...
Setting up libllvm5.0:amd64 (1:5.0~+rc2-1) ...
Setting up libclang1-5.0:amd64 (1:5.0~+rc2-1) ...
Setting up libclang-common-5.0-dev (1:5.0~+rc2-1) ...
Setting up clang-5.0 (1:5.0~+rc2-1) ...
Processing triggers for libc-bin (2.24-14) ...
W: --force-yes is deprecated, use one of the options starting with --allow instead.
+ echo 'Replace gcc, g++ & cpp by clang'
Replace gcc, g++ & cpp by clang
+ VERSIONS='4.6 4.7 4.8 4.9 5 6 7'
+ cd /usr/bin
+ for VERSION in $VERSIONS
+ rm -f g++-4.6 gcc-4.6 cpp-4.6 gcc
+ ln -s clang++-5.0 g++-4.6
+ ln -s clang-5.0 gcc-4.6
+ ln -s clang-5.0 cpp-4.6
+ ln -s clang-5.0 gcc
+ echo 'gcc-4.6 hold'
+ dpkg --set-selections
dpkg: warning: package not in status nor available database at line 1: gcc-4.6
dpkg: warning: found unknown packages; this might mean the available database
is outdated, and needs to be updated through a frontend method;
please see the FAQ <https://wiki.debian.org/Teams/Dpkg/FAQ>
+ echo 'g++-4.6 hold'
+ dpkg --set-selections
dpkg: warning: package not in status nor available database at line 1: g++-4.6
dpkg: warning: found unknown packages; this might mean the available database
is outdated, and needs to be updated through a frontend method;
please see the FAQ <https://wiki.debian.org/Teams/Dpkg/FAQ>
+ for VERSION in $VERSIONS
+ rm -f g++-4.7 gcc-4.7 cpp-4.7 gcc
+ ln -s clang++-5.0 g++-4.7
+ ln -s clang-5.0 gcc-4.7
+ ln -s clang-5.0 cpp-4.7
+ ln -s clang-5.0 gcc
+ echo 'gcc-4.7 hold'
+ dpkg --set-selections
dpkg: warning: package not in status nor available database at line 1: gcc-4.7
dpkg: warning: found unknown packages; this might mean the available database
is outdated, and needs to be updated through a frontend method;
please see the FAQ <https://wiki.debian.org/Teams/Dpkg/FAQ>
+ echo 'g++-4.7 hold'
+ dpkg --set-selections
dpkg: warning: package not in status nor available database at line 1: g++-4.7
dpkg: warning: found unknown packages; this might mean the available database
is outdated, and needs to be updated through a frontend method;
please see the FAQ <https://wiki.debian.org/Teams/Dpkg/FAQ>
+ for VERSION in $VERSIONS
+ rm -f g++-4.8 gcc-4.8 cpp-4.8 gcc
+ ln -s clang++-5.0 g++-4.8
+ ln -s clang-5.0 gcc-4.8
+ ln -s clang-5.0 cpp-4.8
+ ln -s clang-5.0 gcc
+ echo 'gcc-4.8 hold'
+ dpkg --set-selections
dpkg: warning: package not in status nor available database at line 1: gcc-4.8
dpkg: warning: found unknown packages; this might mean the available database
is outdated, and needs to be updated through a frontend method;
please see the FAQ <https://wiki.debian.org/Teams/Dpkg/FAQ>
+ echo 'g++-4.8 hold'
+ dpkg --set-selections
dpkg: warning: package not in status nor available database at line 1: g++-4.8
dpkg: warning: found unknown packages; this might mean the available database
is outdated, and needs to be updated through a frontend method;
please see the FAQ <https://wiki.debian.org/Teams/Dpkg/FAQ>
+ for VERSION in $VERSIONS
+ rm -f g++-4.9 gcc-4.9 cpp-4.9 gcc
+ ln -s clang++-5.0 g++-4.9
+ ln -s clang-5.0 gcc-4.9
+ ln -s clang-5.0 cpp-4.9
+ ln -s clang-5.0 gcc
+ echo 'gcc-4.9 hold'
+ dpkg --set-selections
dpkg: warning: package not in status nor available database at line 1: gcc-4.9
dpkg: warning: found unknown packages; this might mean the available database
is outdated, and needs to be updated through a frontend method;
please see the FAQ <https://wiki.debian.org/Teams/Dpkg/FAQ>
+ echo 'g++-4.9 hold'
+ dpkg --set-selections
dpkg: warning: package not in status nor available database at line 1: g++-4.9
dpkg: warning: found unknown packages; this might mean the available database
is outdated, and needs to be updated through a frontend method;
please see the FAQ <https://wiki.debian.org/Teams/Dpkg/FAQ>
+ for VERSION in $VERSIONS
+ rm -f g++-5 gcc-5 cpp-5 gcc
+ ln -s clang++-5.0 g++-5
+ ln -s clang-5.0 gcc-5
+ ln -s clang-5.0 cpp-5
+ ln -s clang-5.0 gcc
+ echo 'gcc-5 hold'
+ dpkg --set-selections
+ echo 'g++-5 hold'
+ dpkg --set-selections
+ for VERSION in $VERSIONS
+ rm -f g++-6 gcc-6 cpp-6 gcc
+ ln -s clang++-5.0 g++-6
+ ln -s clang-5.0 gcc-6
+ ln -s clang-5.0 cpp-6
+ ln -s clang-5.0 gcc
+ echo 'gcc-6 hold'
+ dpkg --set-selections
dpkg: warning: package not in status nor available database at line 1: gcc-6
dpkg: warning: found unknown packages; this might mean the available database
is outdated, and needs to be updated through a frontend method;
please see the FAQ <https://wiki.debian.org/Teams/Dpkg/FAQ>
+ echo 'g++-6 hold'
+ dpkg --set-selections
dpkg: warning: package not in status nor available database at line 1: g++-6
dpkg: warning: found unknown packages; this might mean the available database
is outdated, and needs to be updated through a frontend method;
please see the FAQ <https://wiki.debian.org/Teams/Dpkg/FAQ>
+ for VERSION in $VERSIONS
+ rm -f g++-7 gcc-7 cpp-7 gcc
+ ln -s clang++-5.0 g++-7
+ ln -s clang-5.0 gcc-7
+ ln -s clang-5.0 cpp-7
+ ln -s clang-5.0 gcc
+ echo 'gcc-7 hold'
+ dpkg --set-selections
+ echo 'g++-7 hold'
+ dpkg --set-selections
+ cd -
/build/dvi2dvi-XyBmhR
+ echo 'Check if gcc, g++ & cpp are actually clang'
Check if gcc, g++ & cpp are actually clang
+ gcc --version
+ grep clang
+ cpp --version
+ grep clang
+ g++ --version
+ grep clang

I: Finished running '/tmp/clang50'.

Finished processing commands.
--------------------------------------------------------------------------------

+------------------------------------------------------------------------------+
| Update chroot                                                                |
+------------------------------------------------------------------------------+

Hit:1 http://127.0.0.1:9999/debian unstable InRelease
Reading package lists...
Reading package lists...
Building dependency tree...
Reading state information...
Calculating upgrade...
0 upgraded, 0 newly installed, 0 to remove and 0 not upgraded.

+------------------------------------------------------------------------------+
| Fetch source files                                                           |
+------------------------------------------------------------------------------+


Check APT
---------

Checking available source versions...

Download source files with APT
------------------------------

Reading package lists...
Need to get 58.1 kB of source archives.
Get:1 http://127.0.0.1:9999/debian unstable/main dvi2dvi 2.0alpha-10 (dsc) [1750 B]
Get:2 http://127.0.0.1:9999/debian unstable/main dvi2dvi 2.0alpha-10 (tar) [48.7 kB]
Get:3 http://127.0.0.1:9999/debian unstable/main dvi2dvi 2.0alpha-10 (diff) [7612 B]
Fetched 58.1 kB in 0s (368 kB/s)
Download complete and in download only mode
I: NOTICE: Log filtering will replace 'build/dvi2dvi-XyBmhR/dvi2dvi-2.0alpha' with '<<PKGBUILDDIR>>'
I: NOTICE: Log filtering will replace 'build/dvi2dvi-XyBmhR' with '<<BUILDDIR>>'

+------------------------------------------------------------------------------+
| Install build-essential                                                      |
+------------------------------------------------------------------------------+


Setup apt archive
-----------------

Merged Build-Depends: build-essential, fakeroot
Filtered Build-Depends: build-essential, fakeroot
dpkg-deb: building package 'sbuild-build-depends-core-dummy' in '/<<BUILDDIR>>/resolver-HSQ4FJ/apt_archive/sbuild-build-depends-core-dummy.deb'.
dpkg-scanpackages: warning: Packages in archive but missing from override file:
dpkg-scanpackages: warning:   sbuild-build-depends-core-dummy
dpkg-scanpackages: info: Wrote 1 entries to output Packages file.
Ign:1 copy:/<<BUILDDIR>>/resolver-HSQ4FJ/apt_archive ./ InRelease
Get:2 copy:/<<BUILDDIR>>/resolver-HSQ4FJ/apt_archive ./ Release [957 B]
Ign:3 copy:/<<BUILDDIR>>/resolver-HSQ4FJ/apt_archive ./ Release.gpg
Get:4 copy:/<<BUILDDIR>>/resolver-HSQ4FJ/apt_archive ./ Sources [349 B]
Get:5 copy:/<<BUILDDIR>>/resolver-HSQ4FJ/apt_archive ./ Packages [430 B]
Fetched 1736 B in 0s (0 B/s)
Reading package lists...
Reading package lists...

Install core build dependencies (apt-based resolver)
----------------------------------------------------

Installing build dependencies
Reading package lists...
Building dependency tree...
Reading state information...
The following NEW packages will be installed:
  sbuild-build-depends-core-dummy
0 upgraded, 1 newly installed, 0 to remove and 0 not upgraded.
Need to get 782 B of archives.
After this operation, 0 B of additional disk space will be used.
Get:1 copy:/<<BUILDDIR>>/resolver-HSQ4FJ/apt_archive ./ sbuild-build-depends-core-dummy 0.invalid.0 [782 B]
debconf: delaying package configuration, since apt-utils is not installed
Fetched 782 B in 0s (0 B/s)
Selecting previously unselected package sbuild-build-depends-core-dummy.
(Reading database ... 11331 files and directories currently installed.)
Preparing to unpack .../sbuild-build-depends-core-dummy_0.invalid.0_amd64.deb ...
Unpacking sbuild-build-depends-core-dummy (0.invalid.0) ...
Setting up sbuild-build-depends-core-dummy (0.invalid.0) ...

+------------------------------------------------------------------------------+
| Check architectures                                                          |
+------------------------------------------------------------------------------+

Arch check ok (amd64 included in any)

+------------------------------------------------------------------------------+
| Install package build dependencies                                           |
+------------------------------------------------------------------------------+


Setup apt archive
-----------------

Merged Build-Depends: debhelper (>= 10~), libkpathsea-dev
Filtered Build-Depends: debhelper (>= 10~), libkpathsea-dev
dpkg-deb: building package 'sbuild-build-depends-dvi2dvi-dummy' in '/<<BUILDDIR>>/resolver-HSQ4FJ/apt_archive/sbuild-build-depends-dvi2dvi-dummy.deb'.
dpkg-scanpackages: warning: Packages in archive but missing from override file:
dpkg-scanpackages: warning:   sbuild-build-depends-core-dummy sbuild-build-depends-dvi2dvi-dummy
dpkg-scanpackages: info: Wrote 2 entries to output Packages file.
Ign:1 copy:/<<BUILDDIR>>/resolver-HSQ4FJ/apt_archive ./ InRelease
Get:2 copy:/<<BUILDDIR>>/resolver-HSQ4FJ/apt_archive ./ Release [963 B]
Ign:3 copy:/<<BUILDDIR>>/resolver-HSQ4FJ/apt_archive ./ Release.gpg
Get:4 copy:/<<BUILDDIR>>/resolver-HSQ4FJ/apt_archive ./ Sources [499 B]
Get:5 copy:/<<BUILDDIR>>/resolver-HSQ4FJ/apt_archive ./ Packages [580 B]
Fetched 2042 B in 0s (0 B/s)
Reading package lists...
Reading package lists...

Install dvi2dvi build dependencies (apt-based resolver)
-------------------------------------------------------

Installing build dependencies
Reading package lists...
Building dependency tree...
Reading state information...
The following additional packages will be installed:
  autoconf automake autopoint autotools-dev bsdmainutils debhelper
  dh-autoreconf dh-strip-nondeterminism file gettext gettext-base groff-base
  intltool-debian libarchive-zip-perl libcroco3
  libfile-stripnondeterminism-perl libglib2.0-0 libicu57 libkpathsea-dev
  libkpathsea6 libmagic-mgc libmagic1 libpipeline1 libsigsegv2
  libtimedate-perl libtool libxml2 m4 man-db po-debconf
Suggested packages:
  autoconf-archive gnu-standards autoconf-doc wamerican | wordlist whois
  vacation dh-make gettext-doc libasprintf-dev libgettextpo-dev groff
  libtool-doc gfortran | fortran95-compiler gcj-jdk m4-doc less www-browser
  libmail-box-perl
Recommended packages:
  curl | wget | lynx-cur libarchive-cpio-perl libglib2.0-data shared-mime-info
  xdg-user-dirs libltdl-dev xml-core libmail-sendmail-perl
The following NEW packages will be installed:
  autoconf automake autopoint autotools-dev bsdmainutils debhelper
  dh-autoreconf dh-strip-nondeterminism file gettext gettext-base groff-base
  intltool-debian libarchive-zip-perl libcroco3
  libfile-stripnondeterminism-perl libglib2.0-0 libicu57 libkpathsea-dev
  libkpathsea6 libmagic-mgc libmagic1 libpipeline1 libsigsegv2
  libtimedate-perl libtool libxml2 m4 man-db po-debconf
  sbuild-build-depends-dvi2dvi-dummy
0 upgraded, 31 newly installed, 0 to remove and 0 not upgraded.
Need to get 19.7 MB of archives.
After this operation, 66.6 MB of additional disk space will be used.
Get:1 copy:/<<BUILDDIR>>/resolver-HSQ4FJ/apt_archive ./ sbuild-build-depends-dvi2dvi-dummy 0.invalid.0 [796 B]
Get:2 http://127.0.0.1:9999/debian unstable/main amd64 groff-base amd64 1.22.3-9 [1160 kB]
Get:3 http://127.0.0.1:9999/debian unstable/main amd64 bsdmainutils amd64 9.0.12+nmu1 [186 kB]
Get:4 http://127.0.0.1:9999/debian unstable/main amd64 libpipeline1 amd64 1.4.2-1 [28.3 kB]
Get:5 http://127.0.0.1:9999/debian unstable/main amd64 man-db amd64 2.7.6.1-2 [1044 kB]
Get:6 http://127.0.0.1:9999/debian unstable/main amd64 libmagic-mgc amd64 1:5.31-1 [223 kB]
Get:7 http://127.0.0.1:9999/debian unstable/main amd64 libmagic1 amd64 1:5.31-1 [112 kB]
Get:8 http://127.0.0.1:9999/debian unstable/main amd64 file amd64 1:5.31-1 [64.2 kB]
Get:9 http://127.0.0.1:9999/debian unstable/main amd64 gettext-base amd64 0.19.8.1-2+b1 [122 kB]
Get:10 http://127.0.0.1:9999/debian unstable/main amd64 libicu57 amd64 57.1-6 [7701 kB]
Get:11 http://127.0.0.1:9999/debian unstable/main amd64 libxml2 amd64 2.9.4+dfsg1-3 [715 kB]
Get:12 http://127.0.0.1:9999/debian unstable/main amd64 libsigsegv2 amd64 2.11-1 [29.9 kB]
Get:13 http://127.0.0.1:9999/debian unstable/main amd64 m4 amd64 1.4.18-1 [202 kB]
Get:14 http://127.0.0.1:9999/debian unstable/main amd64 autoconf all 2.69-10 [338 kB]
Get:15 http://127.0.0.1:9999/debian unstable/main amd64 autotools-dev all 20161112.1 [73.4 kB]
Get:16 http://127.0.0.1:9999/debian unstable/main amd64 automake all 1:1.15.1-2 [736 kB]
Get:17 http://127.0.0.1:9999/debian unstable/main amd64 autopoint all 0.19.8.1-2 [433 kB]
Get:18 http://127.0.0.1:9999/debian unstable/main amd64 libtool all 2.4.6-2 [545 kB]
Get:19 http://127.0.0.1:9999/debian unstable/main amd64 dh-autoreconf all 14 [15.9 kB]
Get:20 http://127.0.0.1:9999/debian unstable/main amd64 libarchive-zip-perl all 1.59-1 [95.5 kB]
Get:21 http://127.0.0.1:9999/debian unstable/main amd64 libfile-stripnondeterminism-perl all 0.038-1 [17.6 kB]
Get:22 http://127.0.0.1:9999/debian unstable/main amd64 libtimedate-perl all 2.3000-2 [42.2 kB]
Get:23 http://127.0.0.1:9999/debian unstable/main amd64 dh-strip-nondeterminism all 0.038-1 [11.1 kB]
Get:24 http://127.0.0.1:9999/debian unstable/main amd64 libglib2.0-0 amd64 2.53.4-3 [2796 kB]
Get:25 http://127.0.0.1:9999/debian unstable/main amd64 libcroco3 amd64 0.6.12-1 [144 kB]
Get:26 http://127.0.0.1:9999/debian unstable/main amd64 gettext amd64 0.19.8.1-2+b1 [1301 kB]
Get:27 http://127.0.0.1:9999/debian unstable/main amd64 intltool-debian all 0.35.0+20060710.4 [26.3 kB]
Get:28 http://127.0.0.1:9999/debian unstable/main amd64 po-debconf all 1.0.20 [247 kB]
Get:29 http://127.0.0.1:9999/debian unstable/main amd64 debhelper all 10.7.2 [975 kB]
Get:30 http://127.0.0.1:9999/debian unstable/main amd64 libkpathsea6 amd64 2017.20170613.44572-5 [161 kB]
Get:31 http://127.0.0.1:9999/debian unstable/main amd64 libkpathsea-dev amd64 2017.20170613.44572-5 [189 kB]
debconf: delaying package configuration, since apt-utils is not installed
Fetched 19.7 MB in 0s (22.3 MB/s)
Selecting previously unselected package groff-base.
(Reading database ... 11331 files and directories currently installed.)
Preparing to unpack .../00-groff-base_1.22.3-9_amd64.deb ...
Unpacking groff-base (1.22.3-9) ...
Selecting previously unselected package bsdmainutils.
Preparing to unpack .../01-bsdmainutils_9.0.12+nmu1_amd64.deb ...
Unpacking bsdmainutils (9.0.12+nmu1) ...
Selecting previously unselected package libpipeline1:amd64.
Preparing to unpack .../02-libpipeline1_1.4.2-1_amd64.deb ...
Unpacking libpipeline1:amd64 (1.4.2-1) ...
Selecting previously unselected package man-db.
Preparing to unpack .../03-man-db_2.7.6.1-2_amd64.deb ...
Unpacking man-db (2.7.6.1-2) ...
Selecting previously unselected package libmagic-mgc.
Preparing to unpack .../04-libmagic-mgc_1%3a5.31-1_amd64.deb ...
Unpacking libmagic-mgc (1:5.31-1) ...
Selecting previously unselected package libmagic1:amd64.
Preparing to unpack .../05-libmagic1_1%3a5.31-1_amd64.deb ...
Unpacking libmagic1:amd64 (1:5.31-1) ...
Selecting previously unselected package file.
Preparing to unpack .../06-file_1%3a5.31-1_amd64.deb ...
Unpacking file (1:5.31-1) ...
Selecting previously unselected package gettext-base.
Preparing to unpack .../07-gettext-base_0.19.8.1-2+b1_amd64.deb ...
Unpacking gettext-base (0.19.8.1-2+b1) ...
Selecting previously unselected package libicu57:amd64.
Preparing to unpack .../08-libicu57_57.1-6_amd64.deb ...
Unpacking libicu57:amd64 (57.1-6) ...
Selecting previously unselected package libxml2:amd64.
Preparing to unpack .../09-libxml2_2.9.4+dfsg1-3_amd64.deb ...
Unpacking libxml2:amd64 (2.9.4+dfsg1-3) ...
Selecting previously unselected package libsigsegv2:amd64.
Preparing to unpack .../10-libsigsegv2_2.11-1_amd64.deb ...
Unpacking libsigsegv2:amd64 (2.11-1) ...
Selecting previously unselected package m4.
Preparing to unpack .../11-m4_1.4.18-1_amd64.deb ...
Unpacking m4 (1.4.18-1) ...
Selecting previously unselected package autoconf.
Preparing to unpack .../12-autoconf_2.69-10_all.deb ...
Unpacking autoconf (2.69-10) ...
Selecting previously unselected package autotools-dev.
Preparing to unpack .../13-autotools-dev_20161112.1_all.deb ...
Unpacking autotools-dev (20161112.1) ...
Selecting previously unselected package automake.
Preparing to unpack .../14-automake_1%3a1.15.1-2_all.deb ...
Unpacking automake (1:1.15.1-2) ...
Selecting previously unselected package autopoint.
Preparing to unpack .../15-autopoint_0.19.8.1-2_all.deb ...
Unpacking autopoint (0.19.8.1-2) ...
Selecting previously unselected package libtool.
Preparing to unpack .../16-libtool_2.4.6-2_all.deb ...
Unpacking libtool (2.4.6-2) ...
Selecting previously unselected package dh-autoreconf.
Preparing to unpack .../17-dh-autoreconf_14_all.deb ...
Unpacking dh-autoreconf (14) ...
Selecting previously unselected package libarchive-zip-perl.
Preparing to unpack .../18-libarchive-zip-perl_1.59-1_all.deb ...
Unpacking libarchive-zip-perl (1.59-1) ...
Selecting previously unselected package libfile-stripnondeterminism-perl.
Preparing to unpack .../19-libfile-stripnondeterminism-perl_0.038-1_all.deb ...
Unpacking libfile-stripnondeterminism-perl (0.038-1) ...
Selecting previously unselected package libtimedate-perl.
Preparing to unpack .../20-libtimedate-perl_2.3000-2_all.deb ...
Unpacking libtimedate-perl (2.3000-2) ...
Selecting previously unselected package dh-strip-nondeterminism.
Preparing to unpack .../21-dh-strip-nondeterminism_0.038-1_all.deb ...
Unpacking dh-strip-nondeterminism (0.038-1) ...
Selecting previously unselected package libglib2.0-0:amd64.
Preparing to unpack .../22-libglib2.0-0_2.53.4-3_amd64.deb ...
Unpacking libglib2.0-0:amd64 (2.53.4-3) ...
Selecting previously unselected package libcroco3:amd64.
Preparing to unpack .../23-libcroco3_0.6.12-1_amd64.deb ...
Unpacking libcroco3:amd64 (0.6.12-1) ...
Selecting previously unselected package gettext.
Preparing to unpack .../24-gettext_0.19.8.1-2+b1_amd64.deb ...
Unpacking gettext (0.19.8.1-2+b1) ...
Selecting previously unselected package intltool-debian.
Preparing to unpack .../25-intltool-debian_0.35.0+20060710.4_all.deb ...
Unpacking intltool-debian (0.35.0+20060710.4) ...
Selecting previously unselected package po-debconf.
Preparing to unpack .../26-po-debconf_1.0.20_all.deb ...
Unpacking po-debconf (1.0.20) ...
Selecting previously unselected package debhelper.
Preparing to unpack .../27-debhelper_10.7.2_all.deb ...
Unpacking debhelper (10.7.2) ...
Selecting previously unselected package libkpathsea6:amd64.
Preparing to unpack .../28-libkpathsea6_2017.20170613.44572-5_amd64.deb ...
Unpacking libkpathsea6:amd64 (2017.20170613.44572-5) ...
Selecting previously unselected package libkpathsea-dev:amd64.
Preparing to unpack .../29-libkpathsea-dev_2017.20170613.44572-5_amd64.deb ...
Unpacking libkpathsea-dev:amd64 (2017.20170613.44572-5) ...
Selecting previously unselected package sbuild-build-depends-dvi2dvi-dummy.
Preparing to unpack .../30-sbuild-build-depends-dvi2dvi-dummy_0.invalid.0_amd64.deb ...
Unpacking sbuild-build-depends-dvi2dvi-dummy (0.invalid.0) ...
Setting up libkpathsea6:amd64 (2017.20170613.44572-5) ...
Setting up libarchive-zip-perl (1.59-1) ...
Setting up libtimedate-perl (2.3000-2) ...
Setting up libsigsegv2:amd64 (2.11-1) ...
Setting up groff-base (1.22.3-9) ...
Setting up libglib2.0-0:amd64 (2.53.4-3) ...
No schema files found: doing nothing.
Setting up gettext-base (0.19.8.1-2+b1) ...
Setting up libpipeline1:amd64 (1.4.2-1) ...
Setting up m4 (1.4.18-1) ...
Setting up libkpathsea-dev:amd64 (2017.20170613.44572-5) ...
Setting up libicu57:amd64 (57.1-6) ...
Setting up libxml2:amd64 (2.9.4+dfsg1-3) ...
Setting up libmagic-mgc (1:5.31-1) ...
Setting up libmagic1:amd64 (1:5.31-1) ...
Setting up libcroco3:amd64 (0.6.12-1) ...
Processing triggers for libc-bin (2.24-14) ...
Setting up autotools-dev (20161112.1) ...
Setting up bsdmainutils (9.0.12+nmu1) ...
update-alternatives: using /usr/bin/bsd-write to provide /usr/bin/write (write) in auto mode
update-alternatives: using /usr/bin/bsd-from to provide /usr/bin/from (from) in auto mode
Setting up autopoint (0.19.8.1-2) ...
Setting up libfile-stripnondeterminism-perl (0.038-1) ...
Setting up gettext (0.19.8.1-2+b1) ...
Setting up autoconf (2.69-10) ...
Setting up file (1:5.31-1) ...
Setting up intltool-debian (0.35.0+20060710.4) ...
Setting up automake (1:1.15.1-2) ...
update-alternatives: using /usr/bin/automake-1.15 to provide /usr/bin/automake (automake) in auto mode
Setting up man-db (2.7.6.1-2) ...
Not building database; man-db/auto-update is not 'true'.
Setting up libtool (2.4.6-2) ...
Setting up po-debconf (1.0.20) ...
Setting up dh-autoreconf (14) ...
Setting up dh-strip-nondeterminism (0.038-1) ...
Setting up debhelper (10.7.2) ...
Setting up sbuild-build-depends-dvi2dvi-dummy (0.invalid.0) ...

+------------------------------------------------------------------------------+
| Build environment                                                            |
+------------------------------------------------------------------------------+

Kernel: Linux 4.9.0-2-amd64 amd64 (x86_64)
Toolchain package versions: binutils_2.29-4 dpkg-dev_1.18.24 g++-7_7.2.0-1 gcc-7_7.2.0-1 libc6-dev_2.24-14 libstdc++-6-dev_6.4.0-3 libstdc++-7-dev_7.2.0-1 libstdc++6_7.2.0-1 linux-libc-dev_4.12.6-1
Package versions: adduser_3.116 apt_1.5~beta2 autoconf_2.69-10 automake_1:1.15.1-2 autopoint_0.19.8.1-2 autotools-dev_20161112.1 base-files_10 base-passwd_3.5.43 bash_4.4-5 binutils_2.29-4 bsdmainutils_9.0.12+nmu1 bsdutils_1:2.29.2-4 build-essential_12.3 bzip2_1.0.6-8.1 clang-5.0_1:5.0~+rc2-1 coreutils_8.26-3 cpp_4:7.1.0-2 cpp-7_7.2.0-1 dash_0.5.8-2.5 debconf_1.5.63 debfoster_2.7-2.1+b1 debhelper_10.7.2 debian-archive-keyring_2017.5 debianutils_4.8.2 dh-autoreconf_14 dh-strip-nondeterminism_0.038-1 diffutils_1:3.6-1 dpkg_1.18.24 dpkg-dev_1.18.24 e2fslibs_1.43.5-1 e2fsprogs_1.43.5-1 eatmydata_105-5 fakeroot_1.22-1 fdisk_2.29.2-4 file_1:5.31-1 findutils_4.6.0+git+20170729-2 g++_4:7.1.0-2 g++-7_7.2.0-1 gcc_4:7.1.0-2 gcc-6-base_6.4.0-3 gcc-7_7.2.0-1 gcc-7-base_7.2.0-1 gettext_0.19.8.1-2+b1 gettext-base_0.19.8.1-2+b1 gpgv_2.1.23-2 grep_3.1-2 groff-base_1.22.3-9 gzip_1.6-5+b1 hostname_3.18+b1 init-system-helpers_1.49 intltool-debian_0.35.0+20060710.4 libacl1_2.2.52-3+b1 libapt-pkg5.0_1.5~beta2 libarchive-zip-perl_1.59-1 libasan3_6.4.0-3 libasan4_7.2.0-1 libatomic1_7.2.0-1 libattr1_1:2.4.47-2+b2 libaudit-common_1:2.7.7-1 libaudit1_1:2.7.7-1+b2 libblkid1_2.29.2-4 libbsd0_0.8.6-1 libbz2-1.0_1.0.6-8.1 libc-bin_2.24-14 libc-dev-bin_2.24-14 libc6_2.24-14 libc6-dev_2.24-14 libcap-ng0_0.7.7-3+b1 libcc1-0_7.2.0-1 libcilkrts5_7.2.0-1 libclang-common-5.0-dev_1:5.0~+rc2-1 libclang1-5.0_1:5.0~+rc2-1 libcomerr2_1.43.5-1 libcroco3_0.6.12-1 libdb5.3_5.3.28-13 libdebconfclient0_0.229 libdpkg-perl_1.18.24 libeatmydata1_105-5 libedit2_3.1-20170329-1 libfakeroot_1.22-1 libfdisk1_2.29.2-4 libffi6_3.2.1-6 libfile-stripnondeterminism-perl_0.038-1 libgc1c2_1:7.4.2-8 libgcc-6-dev_6.4.0-3 libgcc-7-dev_7.2.0-1 libgcc1_1:7.2.0-1 libgcrypt20_1.7.8-2 libgdbm3_1.8.3-14 libglib2.0-0_2.53.4-3 libgmp10_2:6.1.2+dfsg-1 libgnutls30_3.5.14-3 libgomp1_7.2.0-1 libgpg-error0_1.27-3 libhogweed4_3.3-1+b1 libicu57_57.1-6 libidn2-0_2.0.2-3 libisl15_0.18-1 libitm1_7.2.0-1 libjsoncpp1_1.7.4-3 libkpathsea-dev_2017.20170613.44572-5 libkpathsea6_2017.20170613.44572-5 libllvm5.0_1:5.0~+rc2-1 liblsan0_7.2.0-1 liblz4-1_0.0~r131-2+b1 liblzma5_5.2.2-1.3 libmagic-mgc_1:5.31-1 libmagic1_1:5.31-1 libmount1_2.29.2-4 libmpc3_1.0.3-1+b2 libmpfr4_3.1.5-1 libmpx2_7.2.0-1 libncurses5_6.0+20170715-2 libncursesw5_6.0+20170715-2 libnettle6_3.3-1+b1 libobjc-6-dev_6.4.0-3 libobjc4_7.2.0-1 libp11-kit0_0.23.7-3 libpam-modules_1.1.8-3.6 libpam-modules-bin_1.1.8-3.6 libpam-runtime_1.1.8-3.6 libpam0g_1.1.8-3.6 libpcre3_2:8.39-4 libperl5.26_5.26.0-5 libpipeline1_1.4.2-1 libquadmath0_7.2.0-1 libselinux1_2.6-3+b2 libsemanage-common_2.6-2 libsemanage1_2.6-2+b1 libsepol1_2.6-2 libsigsegv2_2.11-1 libsmartcols1_2.29.2-4 libss2_1.43.5-1 libstdc++-6-dev_6.4.0-3 libstdc++-7-dev_7.2.0-1 libstdc++6_7.2.0-1 libsystemd0_234-2 libtasn1-6_4.12-2.1 libtimedate-perl_2.3000-2 libtinfo5_6.0+20170715-2 libtool_2.4.6-2 libtsan0_7.2.0-1 libubsan0_7.2.0-1 libudev1_234-2 libunistring2_0.9.7-2 libustr-1.0-1_1.0.4-6 libuuid1_2.29.2-4 libxml2_2.9.4+dfsg1-3 linux-libc-dev_4.12.6-1 login_1:4.4-4.1 m4_1.4.18-1 make_4.1-9.1 man-db_2.7.6.1-2 mawk_1.3.3-17+b3 mount_2.29.2-4 multiarch-support_2.24-14 ncurses-base_6.0+20170715-2 ncurses-bin_6.0+20170715-2 passwd_1:4.4-4.1 patch_2.7.5-1+b2 perl_5.26.0-5 perl-base_5.26.0-5 perl-modules-5.26_5.26.0-5 po-debconf_1.0.20 sbuild-build-depends-core-dummy_0.invalid.0 sbuild-build-depends-dvi2dvi-dummy_0.invalid.0 sed_4.4-1 sensible-utils_0.0.10 sysvinit-utils_2.88dsf-59.9 tar_1.29b-2 util-linux_2.29.2-4 xz-utils_5.2.2-1.3 zlib1g_1:1.2.8.dfsg-5

+------------------------------------------------------------------------------+
| Build                                                                        |
+------------------------------------------------------------------------------+


Unpack source
-------------

gpgv: unknown type of key resource 'trustedkeys.kbx'
gpgv: keyblock resource '/sbuild-nonexistent/.gnupg/trustedkeys.kbx': General error
gpgv: Signature made Sat Jan 14 10:17:19 2017 UTC
gpgv:                using RSA key C42C58EB591492FD
gpgv: Can't check signature: No public key
dpkg-source: warning: failed to verify signature on ./dvi2dvi_2.0alpha-10.dsc
dpkg-source: info: extracting dvi2dvi in /<<PKGBUILDDIR>>
dpkg-source: info: unpacking dvi2dvi_2.0alpha.orig.tar.gz
tar: A lone zero block at 460
dpkg-source: info: unpacking dvi2dvi_2.0alpha-10.debian.tar.xz
dpkg-source: info: applying fix-install-path.patch
dpkg-source: info: applying enhance-dvi2path.patch
dpkg-source: info: applying declare-replfont.patch
dpkg-source: info: applying include-c-auto.patch
dpkg-source: info: applying cast-ptr.patch
dpkg-source: info: applying add-forward-declaration.patch
dpkg-source: info: applying use-kpse_set_progname.patch
dpkg-source: info: applying pass-flags-hardening-build.patch
dpkg-source: info: applying dont-overwrite-prototypes.patch
dpkg-source: info: applying fix-printf-usage.patch

Check disk space
----------------

Sufficient free space for build

User Environment
----------------

APT_CONFIG=/var/lib/sbuild/apt.conf
HOME=/sbuild-nonexistent
LANG=en_US.UTF-8
LC_ALL=POSIX
LOGNAME=user42
PATH=/usr/local/sbin:/usr/local/bin:/usr/sbin:/usr/bin:/sbin:/bin:/usr/games
SCHROOT_ALIAS_NAME=unstable-amd64-sbuild
SCHROOT_CHROOT_NAME=unstable-amd64-sbuild
SCHROOT_COMMAND=env
SCHROOT_GID=1001
SCHROOT_GROUP=user42
SCHROOT_SESSION_ID=unstable-amd64-sbuild-f684075b-0b2b-4a15-8f04-7a51ec8fb324
SCHROOT_UID=1001
SCHROOT_USER=user42
SHELL=/bin/sh
USER=user42

dpkg-buildpackage
-----------------

dpkg-buildpackage: info: source package dvi2dvi
dpkg-buildpackage: info: source version 2.0alpha-10
dpkg-buildpackage: info: source distribution unstable
dpkg-buildpackage: info: source changed by Christoph Biedl <debian.axhn@manchmal.in-ulm.de>
 dpkg-source --before-build dvi2dvi-2.0alpha
dpkg-buildpackage: info: host architecture amd64
 fakeroot debian/rules clean
dh clean
   debian/rules override_dh_auto_clean
make[1]: Entering directory '/<<PKGBUILDDIR>>'
dh_auto_clean
	make -j16 clean
make[2]: Entering directory '/<<PKGBUILDDIR>>'
rm -f dvi2dvi *.o *.orig core
make[2]: Leaving directory '/<<PKGBUILDDIR>>'
rm -rf lib/
make[1]: Leaving directory '/<<PKGBUILDDIR>>'
   dh_autoreconf_clean
   dh_clean
 debian/rules build-arch
dh build-arch
   dh_update_autotools_config -a
   dh_autoreconf -a
   dh_auto_configure -a
   debian/rules override_dh_auto_build
make[1]: Entering directory '/<<PKGBUILDDIR>>'
dh_auto_build
	make -j16
make[2]: Entering directory '/<<PKGBUILDDIR>>'
gcc -g -O2 -fdebug-prefix-map=/<<PKGBUILDDIR>>=. -fstack-protector-strong -Wformat -Werror=format-security -g -DPOSIX -DANSI -I/usr/include -DKPATHSEA -Wdate-time -D_FORTIFY_SOURCE=2 -Wl,-z,relro -c -DDVI2PATH=\".:/etc/texmf/dvi2dvi\" -DDVI2LIB=\"/etc/texmf/dvi2dvi\" -DFONTDESC=\"//fontdesc\" dvi2.c
gcc -g -O2 -fdebug-prefix-map=/<<PKGBUILDDIR>>=. -fstack-protector-strong -Wformat -Werror=format-security -g -DPOSIX -DANSI -I/usr/include -DKPATHSEA -Wdate-time -D_FORTIFY_SOURCE=2  -c -o dviconv.o dviconv.c
gcc -g -O2 -fdebug-prefix-map=/<<PKGBUILDDIR>>=. -fstack-protector-strong -Wformat -Werror=format-security -g -DPOSIX -DANSI -I/usr/include -DKPATHSEA -Wdate-time -D_FORTIFY_SOURCE=2  -c -o dfdcom.o dfdcom.c
gcc -g -O2 -fdebug-prefix-map=/<<PKGBUILDDIR>>=. -fstack-protector-strong -Wformat -Werror=format-security -g -DPOSIX -DANSI -I/usr/include -DKPATHSEA -Wdate-time -D_FORTIFY_SOURCE=2  -c -o fontcom.o fontcom.c
gcc -g -O2 -fdebug-prefix-map=/<<PKGBUILDDIR>>=. -fstack-protector-strong -Wformat -Werror=format-security -g -DPOSIX -DANSI -I/usr/include -DKPATHSEA -Wdate-time -D_FORTIFY_SOURCE=2  -c -o set.o set.c
gcc -g -O2 -fdebug-prefix-map=/<<PKGBUILDDIR>>=. -fstack-protector-strong -Wformat -Werror=format-security -g -DPOSIX -DANSI -I/usr/include -DKPATHSEA -Wdate-time -D_FORTIFY_SOURCE=2  -c -o rfset.o rfset.c
gcc -g -O2 -fdebug-prefix-map=/<<PKGBUILDDIR>>=. -fstack-protector-strong -Wformat -Werror=format-security -g -DPOSIX -DANSI -I/usr/include -DKPATHSEA -Wdate-time -D_FORTIFY_SOURCE=2  -c -o vfset.o vfset.c
gcc -g -O2 -fdebug-prefix-map=/<<PKGBUILDDIR>>=. -fstack-protector-strong -Wformat -Werror=format-security -g -DPOSIX -DANSI -I/usr/include -DKPATHSEA -Wdate-time -D_FORTIFY_SOURCE=2  -c -o dconv.o dconv.c
gcc -g -O2 -fdebug-prefix-map=/<<PKGBUILDDIR>>=. -fstack-protector-strong -Wformat -Werror=format-security -g -DPOSIX -DANSI -I/usr/include -DKPATHSEA -Wdate-time -D_FORTIFY_SOURCE=2  -c -o run.o run.c
gcc -g -O2 -fdebug-prefix-map=/<<PKGBUILDDIR>>=. -fstack-protector-strong -Wformat -Werror=format-security -g -DPOSIX -DANSI -I/usr/include -DKPATHSEA -Wdate-time -D_FORTIFY_SOURCE=2  -c -o fontdesc.o fontdesc.c
gcc -g -O2 -fdebug-prefix-map=/<<PKGBUILDDIR>>=. -fstack-protector-strong -Wformat -Werror=format-security -g -DPOSIX -DANSI -I/usr/include -DKPATHSEA -Wdate-time -D_FORTIFY_SOURCE=2  -c -o scanfont.o scanfont.c
gcc -g -O2 -fdebug-prefix-map=/<<PKGBUILDDIR>>=. -fstack-protector-strong -Wformat -Werror=format-security -g -DPOSIX -DANSI -I/usr/include -DKPATHSEA -Wdate-time -D_FORTIFY_SOURCE=2  -c -o virfont.o virfont.c
gcc -g -O2 -fdebug-prefix-map=/<<PKGBUILDDIR>>=. -fstack-protector-strong -Wformat -Werror=format-security -g -DPOSIX -DANSI -I/usr/include -DKPATHSEA -Wdate-time -D_FORTIFY_SOURCE=2  -c -o vfdcom.o vfdcom.c
gcc -g -O2 -fdebug-prefix-map=/<<PKGBUILDDIR>>=. -fstack-protector-strong -Wformat -Werror=format-security -g -DPOSIX -DANSI -I/usr/include -DKPATHSEA -Wdate-time -D_FORTIFY_SOURCE=2  -c -o bifont.o bifont.c
gcc -g -O2 -fdebug-prefix-map=/<<PKGBUILDDIR>>=. -fstack-protector-strong -Wformat -Werror=format-security -g -DPOSIX -DANSI -I/usr/include -DKPATHSEA -Wdate-time -D_FORTIFY_SOURCE=2  -c -o compfont.o compfont.c
gcc -g -O2 -fdebug-prefix-map=/<<PKGBUILDDIR>>=. -fstack-protector-strong -Wformat -Werror=format-security -g -DPOSIX -DANSI -I/usr/include -DKPATHSEA -Wdate-time -D_FORTIFY_SOURCE=2  -c -o decompfont.o decompfont.c
clang: warning: -Wl,-z,relro: 'linker' input unused [-Wunused-command-line-argument]
run.c:42:7: warning: implicit declaration of function 'arg_define' is invalid in C99 [-Wimplicit-function-declaration]
                    arg_define(argv[argind]);
                    ^
run.c:124:7: warning: implicit declaration of function 'dev_arg' is invalid in C99 [-Wimplicit-function-declaration]
                    dev_arg('o', argv[argind]);
                    ^
run.c:157:7: warning: implicit declaration of function 'usage' is invalid in C99 [-Wimplicit-function-declaration]
                    usage(*tcp);
                    ^
run.c:198:13: warning: implicit declaration of function 'getenv' is invalid in C99 [-Wimplicit-function-declaration]
        if ((tmp = getenv("TMP")) == NULL)
                   ^
run.c:198:11: warning: incompatible integer to pointer conversion assigning to 'char *' from 'int' [-Wint-conversion]
        if ((tmp = getenv("TMP")) == NULL)
                 ^ ~~~~~~~~~~~~~
run.c:201:8: warning: implicit declaration of function 'mktemp' is invalid in C99 [-Wimplicit-function-declaration]
        (void)mktemp(strcat(dvifilename, DVITEMPLATE));
              ^
run.c:231:16: warning: implicit declaration of function 'atoi' is invalid in C99 [-Wimplicit-function-declaration]
                resolution = atoi(argv[++argind]);
                             ^
run.c:250:1: warning: type specifier missing, defaults to 'int' [-Wimplicit-int]
usage(c)
^
run.c:262:1: warning: control reaches end of non-void function [-Wreturn-type]
}
^
run.c:276:5: warning: implicitly declaring library function 'exit' with type 'void (int) __attribute__((noreturn))' [-Wimplicit-function-declaration]
    exit(code);
    ^
run.c:276:5: note: include the header <stdlib.h> or explicitly provide a declaration for 'exit'
run.c:290:5: warning: implicit declaration of function 'dev_finish' is invalid in C99 [-Wimplicit-function-declaration]
    dev_finish();
    ^
dviconv.c:28:1: warning: type specifier missing, defaults to 'int' [-Wimplicit-int]
dviconv(hdfidx)
^
dviconv.cscanfont.c:10:1: warning: type specifier missing, defaults to 'int' [-Wimplicit-int]
scanfont(PreLoad, hdfip)
^
:42:20: warning: '/*' within block comment [-Wcomment]
    /*long cpagep;      /* current page pointer         */
                        ^
dviconv.c:84:6: warning: implicit declaration of function 'setdir' is invalid in C99 [-Wimplicit-function-declaration]
            setdir(HOR, FALSE);
            ^
dviconv.c:88:6: scanfont.c:147:21: warning: implicit declaration of function 'HasBeenRead' is invalid in C99 [-Wimplicit-function-declaration]
            if (PreLoad || HasBeenRead(k, *hdfip))
                           ^
warning: implicit declaration of function 'dev_initpage' is invalid in C99 [-Wimplicit-function-declaration]
            dev_initpage();scanfont.c:159:6: error: non-void function 'scanfont' should return a value [-Wreturn-type]
            return;
            ^

            ^
dviconv.c:93:3: warning: implicit declaration of function 'dev_bop' is invalid in C99 [-Wimplicit-function-declaration]
                dev_bop(count);2 warnings and 1 error generated.

                ^
vfdcom.c:41:1dviconv.c:101:3: warning: implicit declaration of function 'dev_eop' is invalid in C99 [-Wimplicit-function-declaration]
                dev_eop();
                ^
: warning: type specifier missing, defaults to 'int' [-Wimplicit-int]
vfd_dirkeep()
^
dviconv.c:119:7: vfdcom.c:46:1: warning: control reaches end of non-void function [-Wreturn-type]
}
^
error: non-void function 'dviconv' should return a value [-Wreturn-type]
                    return;
                    ^
dviconv.c:118:3: warning: add explicit braces to avoid dangling else [-Wdangling-else]
                else
                ^
dviconv.c:133:6: warning: implicit declaration of function 'dev_push' is invalid in C99 [-Wimplicit-function-declaration]
            dev_push();
            ^
dviconv.c:147:6: warning: implicit declaration of function 'dev_pop' is invalid in C99 [-Wimplicit-function-declaration]
            dev_pop();
            ^
vfdcom.c:108:2: warning: implicit declaration of function 'dev_move0' is invalid in C99 [-Wimplicit-function-declaration]
        dev_move0(command);
        ^
vfdcom.c:110:2: warning: implicit declaration of function 'dev_makemove' is invalid in C99 [-Wimplicit-function-declaration]
        dev_makemove(scale(makeint(a, n), dc_scale), command-n);
        ^
vfdcom.c:110:15: warning: implicit declaration of function 'scale_exact' is invalid in C99 [-Wimplicit-function-declaration]
dviconv.c:221:6: error: non-void function 'dviconv' should return a value [-Wreturn-type]
            return;        dev_makemove(scale(makeint(a, n), dc_scale), command-n);

            ^
                     ^
./defs.h:152:20: note: expanded from macro 'scale'
#define scale(x,s)      scale_exact(x,s)
                        ^
rfset.c:24:2: warningdviconv.c:243:1: warning: type specifier missing, defaults to 'int' [-Wimplicit-int]
initdir()
^
: implicit declaration of function 'dev_setfont' is invalid in C99 [-Wimplicit-function-declaration]
        dev_setfont(devf);
        ^
<builtin>: recipe for target 'scanfont.o' failed
make[2]: *** [scanfont.o] Error 1
make[2]: *** Waiting for unfinished jobs....
rfset.c:25:2: warning: implicit declaration of function 'dev_setposn' is invalid in C99 [-Wimplicit-function-declaration]
        dev_setposn(h, v);
        ^
dviconv.c:249:1: warning: type specifier missing, defaults to 'int' [-Wimplicit-int]
setdir(d, dev)
^
dviconv.c:258:6: warning: implicit declaration of function 'setdirhor' is invalid in C99 [-Wimplicit-function-declaration]
            setdirhor();
            ^
dviconv.c:261:6: warning: implicit declaration of function 'setdirver' is invalid in C99 [-Wimplicit-function-declaration]
            setdirver();
            ^
dviconv.c:265:6: warning: implicit declaration of function 'dev_dir' is invalid in C99 [-Wimplicit-function-declaration]
            dev_dir(d);
            ^
14vfdcom.c:149:5: warning: implicit declaration of function 'dev_setrule' is invalid in C99 [-Wimplicit-function-declaration]
    dev_setrule(scale(makeint(a, 4), dc_scale),
    ^
 warnings and 2 errors generated.
vfdcom.c:158:5: warning: implicit declaration of function 'd_setrule_v' is invalid in C99 [-Wimplicit-function-declaration]
    d_setrule_v(scale(makeint(a, 4), dc_scale),
    ^
dvi2.c:104:1: warning: type specifier missing, defaults to 'int' [-Wimplicit-int]
main(argc, argv)
^
dvi2.c:119:21: warning: implicit declaration of function 'getenv' is invalid in C99 [-Wimplicit-function-declaration]
    if ((dvi2path = getenv(DVI2PATHENV)) == NULL)
                    ^
dvi2.c:119:19: warning: incompatible integer to pointer conversion assigning to 'char *' from 'int' [-Wint-conversion]
    if ((dvi2path = getenv(DVI2PATHENV)) == NULL)
                  ^ ~~~~~~~~~~~~~~~~~~~
virfont.cdvi2.c:124:18: warning: incompatible integer to pointer conversion assigning to 'char *' from 'int' [-Wint-conversion]
    if ((dvi2lib = getenv(DVI2LIBENV)) == NULL)
                 ^ ~~~~~~~~~~~~~~~~~~
:31:dvi2.c:129:23: warning: incompatible integer to pointer conversion assigning to 'char *' from 'int' [-Wint-conversion]
1:    if ((fontdescfile = getenv(FONTDESCENV)) == NULL)
                      ^ ~~~~~~~~~~~~~~~~~~~
 warning: type specifier missing, defaults to 'int' [-Wimplicit-int]
dvi2.cvftype_access(proto, fe, acca)
^
:134:5: warning: implicit declaration of function 'init_default' is invalid in C99 [-Wimplicit-function-declaration]
    init_default(KPSENAME);
    ^
virfont.c:40:12: warning: using the result of an assignment as a condition without parentheses [-Wparentheses]
    if (ok = ((filename = kpsearch_make(proto, fe->n, kpse_vf_format,
        ~~~^~~~~~~~~~~~~~~~~~~~~~~~~~~~~~~~~~~~~~~~~~~~~~~~~~~~~~~~~~dvi2.c
:136:5: warning: implicit declaration of function 'fix_default' is invalid in C99 [-Wimplicit-function-declaration]
    fix_default(RESOLUTION);
    ^
virfont.c:40:12: note: place parentheses around the assignment to silence this warning
    if (ok = ((filename = kpsearch_make(proto, fe->n, kpse_vf_format,
           ^
        (
dvi2.c:151:5: warning: implicit declaration of function 'dev_init' is invalid in C99 [-Wimplicit-function-declaration]
    dev_init();
    ^
virfont.cdvi2.c:40:12: note: use '==' to turn this assignment into an equality comparison
:154    if (ok = ((filename = kpsearch_make(proto, fe->n, kpse_vf_format,
           ^
           ==
:5: warning: implicit declaration of function 'setcurdconv' is invalid in C99 [-Wimplicit-function-declaration]
    setcurdconv(&dfd_dconv_templ);
    ^
dvi2.c:162:5: warning: implicit declaration of function 'dev_setup' is invalid in C99 [-Wimplicit-function-declaration]
    dev_setup();
    ^
dvi2.c:168:5: warning: implicit declaration of function 'scanfont' is invalid in C99 [-Wimplicit-function-declaration]
    scanfont(PreLoad, &hdfontidx);
    ^
dvi2.c:187:5: warning: implicit declaration of function 'dev_endsetup' is invalid in C99 [-Wimplicit-function-declaration]
    dev_endsetup();
    ^
dvi2.c:196:5: warning: implicit declaration of function 'initdir' is invalid in C99 [-Wimplicit-function-declaration]
    initdir();
    ^
<builtin>: recipe for target 'dviconv.o' failed
dvi2.c:197:5: warning: make[2]: *** [dviconv.o] Error 1
implicit declaration of function 'dviconv' is invalid in C99 [-Wimplicit-function-declaration]
    dviconv(hdfontidx);
    ^
set.c:20:10: warning: implicit declaration of function 'init_vfontinfo' is invalid in C99 [-Wimplicit-function-declaration]
            if (init_vfontinfo(new_vfe)) {
                ^
virfont.c:61:5: warning: implicit declaration of function 'read_vf_dviinfo' is invalid in C99 [-Wimplicit-function-declaration]
    read_vf_dviinfo(fe);
    ^
virfont.c:74:5: warning: implicit declaration of function 'read_jvf_dviinfo' is invalid in C99 [-Wimplicit-function-declaration]
    read_jvf_dviinfo(fe);
    ^
virfont.c:86:1: warning: type specifier missing, defaults to 'int' [-Wimplicit-int]
read_vf_dviinfo(fe)
^
virfont.c:89:5: warning: implicit declaration of function 'read_vf_di' is invalid in C99 [-Wimplicit-function-declaration]
    read_vf_di(fe, CODE_NORMAL);
    ^
compfont.c:20:1: warning: type specifier missing, defaults to 'int' [-Wimplicit-int]
virfont.ccomptype_init(pars, ff)
:^
90:1: warning: control reaches end of non-void function [-Wreturn-type]
}
^
compfont.c:28:10: warning: implicit declaration of function 'getstrtok' is invalid in C99 [-Wimplicit-function-declaration]
    if (!getstrtok(pars, ',', &p1))
         ^
virfont.c:92:1: warning: type specifier missing, defaults to 'int' [-Wimplicit-int]
read_jvf_dviinfo(fe)
^
virfont.c:96:1: warning: control reaches end of non-void function [-Wreturn-type]
}
^
virfont.c:98:1: warning: type specifier missing, defaults to 'int' [-Wimplicit-int]
read_vf_di(fe, coding)
^
virfont.c:128:6: warning: implicit declaration of function 'scale_exact' is invalid in C99 [-Wimplicit-function-declaration]
        s = scale(fe->s, getuint(fntfp, 4));    /* scaled size */
            ^
./defs.h:152:20: note: expanded from macro 'scale'
#define scale(x,s)      scale_exact(x,s)
                        ^
virfont.c:173:19: warning: implicit declaration of function 'jis_to_idx94' is invalid in C99 [-Wimplicit-function-declaration]
                else if ((idx = jis_to_idx94(cc)) < 0) {
                                ^
virfont.c:208:1: warning: control reaches end of non-void function [-Wreturn-type]
}
^
fontcom.c:45:9: warning: implicit declaration of function 'replfont' is invalid in C99 [-Wimplicit-function-declaration]
    if (replfont(n, s, rn, &rd, &rs)) {
        ^
dfdcom.c:41:1: warning: type specifier missing, defaults to 'int' [-Wimplicit-int]
dfd_dirkeep()
^
dfdcom.c:46:1: warning: control reaches end of non-void function [-Wreturn-type]
}
^
compfont.c:40:1: warning: type specifier missing, defaults to 'int' [-Wimplicit-int]
comptype_access(ffcmp, fe, acca)
^
compfont.c:57:20: warning: implicit declaration of function 'getjsubfont' is invalid in C99 [-Wimplicit-function-declaration]
            subpre = (s = getjsubfont(fe->n+strlen(ffcmp->cmp_name), &se)) > 0;
                          ^
compfont.c:59:20: warning: implicit declaration of function 'getdcode' is invalid in C99 [-Wimplicit-function-declaration]
            subpre = (s = getdcode(fe->n+strlen(ffcmp->cmp_name), &se)) > 0;
                          ^
compfont.c:60:16: warning: implicit declaration of function 'numstr' is invalid in C99 [-Wimplicit-function-declaration]
        if (subpre && numstr(se+1)) {
                      ^
fontcom.c:100:1: warning: type specifier missing, defaults to 'int' [-Wimplicit-int]
first_markchar(fe, c)
^
virfont.c:231:1: warning: type specifier missing, defaults to 'int' [-Wimplicit-int]
vf_markchar(fe, c)
^
fontcom.c:106:1: warning: control reaches end of non-void function [-Wreturn-type]
}
^
virfont.c:241:2: warning: implicit declaration of function 'vf_mc' is invalid in C99 [-Wimplicit-function-declaration]
        vf_mc(fe, &virfinfo(fe)->ch[c], c);
        ^
virfont.c:242:1: warning: control reaches end of non-void function [-Wreturn-type]
}
^
virfont.c:244dfdcom.c:1:: 139warning:: 5:type specifier missing, defaults to 'int' [-Wimplicit-int] 
warning: implicit declaration of function 'dev_move' is invalid in C99 [-Wimplicit-function-declaration]
jvf_markchar(fe, c)
^
    dev_move(a, n, command-n);
    ^
virfont.c:257:1: warning: control reaches end of non-void function [-Wreturn-type]
}
^
fontcom.c:150:1: warning: type specifier missing, defaults to 'int' [-Wimplicit-int]
null_markchar(fe, c)
^
fontcom.c:154:1: warning: control reaches end of non-void function [-Wreturn-type]
}
^
dfdcom.c:149:5: warning: implicit declaration of function 'dev_makemove' is invalid in C99 [-Wimplicit-function-declaration]
    dev_makemove(-l, RIGHT1-1);
    ^
fontcom.c:178:1: warning: type specifier missing, defaults to 'int' [-Wimplicit-int]
null_setchar(c)
^
fontcom.c:185:1: warning: type specifier missing, defaults to 'int' [-Wimplicit-int]
null_setstring(s, len)
^
dfdcom.c:175:5: warning: implicit declaration of function 'dev_setrule' is invalid in C99 [-Wimplicit-function-declaration]
    dev_setrule(makeint(a, 4), makeint(b, 4), command);
    ^
virfont.c:278:1: warning: type specifier missing, defaults to 'int' [-Wimplicit-int]
vf_mc(fe, ce, c)
^
virfont.c:292:2: error: non-void function 'vf_mc' should return a value [-Wreturn-type]
        return;
        ^
compfont.c:109:1: warning: type specifier missing, defaults to 'int' [-Wimplicit-int]
cmpntt_markchar(fe, c)
^
compfont.c:116:5: warning: implicit declaration of function 'jsub_to_jis' is invalid in C99 [-Wimplicit-function-declaration]
    jsub_to_jis(cmpfinfo(curfontent)->cmp_sub, c, &ku, &ten);
    ^
dfdcom.c:188:6: warning: implicit declaration of function 'dev_push' is invalid in C99 [-Wimplicit-function-declaration]
            dev_push();
            ^
dfdcom.c:192:6: warning: implicit declaration of function 'dev_pop' is invalid in C99 [-Wimplicit-function-declaration]
            dev_pop();
            ^
compfont.c:118:1: warning: control reaches end of non-void function [-Wreturn-type]
}
^
virfont.c:316:9: warning: implicit declaration of function 'setc_com' is invalid in C99 [-Wimplicit-function-declaration]
    if (setc_com(cmd = *dvip, dvip, dvilen, ce)) {
        ^
virfont.c:344:2: error: non-void function 'vf_mc' should return a value [-Wreturn-type]
        return;
        ^
virfont.c:355:5: warning: implicit declaration of function 'setcurdconv' is invalid in C99 [-Wimplicit-function-declaration]
    setcurdconv(&vfd_dconv_templ);
    ^
virfont.c:360:5: warning: implicit declaration of function 'scanfont' is invalid in C99 [-Wimplicit-function-declaration]
    scanfont(TRUE, &(virfinfo(fe)->vf_fontidx));
    ^
virfont.c:369:1: warning: type specifier missing, defaults to 'int' [-Wimplicit-int]
setc_com(cmd, dvip, dvilen, ce)
^
compfont.c:153:1: warning: type specifier missing, defaults to 'int' [-Wimplicit-int]
cmpntt_setchar(fe, c)
^
virfont.c:422:1: warning: type specifier missing, defaults to 'int' [-Wimplicit-int]
vf_setchar(fe, c)
^
virfont.c:429:9: warning: implicit declaration of function 'vf_sc' is invalid in C99 [-Wimplicit-function-declaration]
        return vf_sc(fe, &virfinfo(fe)->ch[c], c);
               ^
virfont.c:432:1: warning: type specifier missing, defaults to 'int' [-Wimplicit-int]
jvf_setchar(fe, c)
^
virfont.ccompfont.c::445165::11::  warning: warningtype specifier missing, defaults to 'int' [-Wimplicit-int]: 
type specifier missing, defaults to 'int' [-Wimplicit-int]
vf_sc(fe, ce, c)
^
cmpntt_setstring(fe, s, len)
^
fontdesc.c:91:9: warning: implicit declaration of function 'searchfile' is invalid in C99 [-Wimplicit-function-declaration]
    if (searchfile(fdn, fdfile, &newlibdir, top, (char *)NULL)) {
        ^
virfont.c:457:6: warning: implicit declaration of function 'dev_vftfm_char' is invalid in C99 [-Wimplicit-function-declaration]
            dev_vftfm_char(ce->vfd.set.f, ce->vfd.set.c, ce->tfmw);
            ^
virfont.c:459:6: warning: implicit declaration of function 'dev_vfjfm_char' is invalid in C99 [-Wimplicit-function-declaration]
            dev_vfjfm_char(ce->vfd.set.f, ce->vfd.set.c, ce->tfmw);
            ^
virfont.c:468:fontdesc.c3: :warning: 109implicit declaration of function 'dev_makemoveover' is invalid in C99 [-Wimplicit-function-declaration]:
2: warning: implicit declaration of function 'getfield' is invalid in C99 [-Wimplicit-function-declaration]
                dev_makemoveover(ce->tfmw);
        getfield(field);                ^

        ^
virfont.c:494:5: warning: implicit declaration of function 'dev_push' is invalid in C99 [-Wimplicit-function-declaration]
    dev_push();
    ^
virfont.c:495:5: warning: implicit declaration of function 'dviconv' is invalid in C99 [-Wimplicit-function-declaration]
    dviconv(virfinfo(fe)->vf_fontidx);
    ^
virfont.c:496:5: warning: implicit declaration of function 'dev_pop' is invalid in C99 [-Wimplicit-function-declaration]
    dev_pop();
    ^
virfont.c:504:5: warning: implicit declaration of function 'setdir' is invalid in C99 [-Wimplicit-function-declaration]
    setdir(save_dir, TRUE);
    ^
compfont.c:195:1: warning: type specifier missing, defaults to 'int' [-Wimplicit-int]
cmpdcd_markchar(fe, c)
^
virfont.c:512:1: warning: type specifier missing, defaults to 'int' [-Wimplicit-int]
vf_setstring(fe, s, len)
^
compfont.c:202:5: warning: implicit declaration of function 'code_to_jis' is invalid in C99 [-Wimplicit-function-declaration]
    code_to_jis(cmpfinfo(curfontent)->cmp_sub, c, &ku, &ten);
    ^
virfont.c:524:1: warning: type specifier missing, defaults to 'int' [-Wimplicit-int]
jvf_setstring(fe, s, len)
^
compfont.c:204:1: warning: control reaches end of non-void function [-Wreturn-type]
}
^
36 warnings and 2 errors generated.
fontdesc.c:121:1: warning: type specifier missing, defaults to 'int' [-Wimplicit-int]
2 warnings generated.
findsearchfile(newf, newlcd, ld, lcd, f, ext)
^
compfont.c:233:1: warning: type specifier missing, defaults to 'int' [-Wimplicit-int]
cmpdcd_setchar(fe, c)
^
fontdesc.c:149:1: warning: type specifier missing, defaults to 'int' [-Wimplicit-int]
pathsearchfile(nextpath, path, newf, newlcd, newld, lcd, f, ext)
^
compfont.c:245:1: warning: type specifier missing, defaults to 'int' [-Wimplicit-int]
cmpdcd_setstring(fe, s, len)
^
fontdesc.c:176:1: warning: type specifier missing, defaults to 'int' [-Wimplicit-int]
searchfile(f, newf, nld, top, ext)
^
bifont.c:74:1: warning: type specifier missing, defaults to 'int' [-Wimplicit-int]
tfm_access(proto, fe, acca)
^
bifont.c:83:12: warning: using the result of an assignment as a condition without parentheses [-Wparentheses]
    if (ok = ((filename = kpsearch_make(proto, fe->n, kpse_tfm_format,
        ~~~^~~~~~~~~~~~~~~~~~~~~~~~~~~~~~~~~~~~~~~~~~~~~~~~~~~~~~~~~~~
bifont.c:83:12: note: place parentheses around the assignment to silence this warning
    if (ok = ((filename = kpsearch_make(proto, fe->n, kpse_tfm_format,
           ^
        (
bifont.c:83:12: note: use '==' to turn this assignment into an equality comparison
    if (ok = ((filename = kpsearch_make(proto, fe->n, kpse_tfm_format,
           ^
           ==
<builtin>: recipe for target 'virfont.o' failed
make[2]: *** [virfont.o] Error 1
dconv.c:20:1: warning: type specifier missing, defaults to 'int' [-Wimplicit-int]
setcurdconv(dp)
^
bifont.c:110:9: warning: implicit declaration of function 'checkjfm' is invalid in C99 [-Wimplicit-function-declaration]
    if (checkjfm(fe->openfile)) {
        ^
dconv.c:43:1: warning: control reaches end of non-void function [-Wreturn-type]
}
^
bifont.c:133:5: warning: implicit declaration of function 'readtfm' is invalid in C99 [-Wimplicit-function-declaration]
    readtfm(fntfp = fe->openfile);
    ^
bifont.c:137:27: warning: '/*' within block comment [-Wcomment]
        /* ce->dev_font = fe->k;        /* Not used */
                                        ^
bifont.c:139:13: warning: implicit declaration of function 'scale_exact' is invalid in C99 [-Wimplicit-function-declaration]
        ce->tfmw = scale(makeuint(width+4*getuint(fntfp,1),4), s);
                   ^
./defs.h:152:20: note: expanded from macro 'scale'
#define scale(x,s)      scale_exact(x,s)
                        ^
dconv.c:45:1: warning: type specifier missing, defaults to 'int' [-Wimplicit-int]
setdirhor()
^
dconv.c:50:1: warning: control reaches end of non-void function [-Wreturn-type]
}
^
dconv.c:52:1: warning: type specifier missing, defaults to 'int' [-Wimplicit-int]
setdirver()
^
dconv.c:57:1: warning: control reaches end of non-void function [-Wreturn-type]
}
^
bifont.c:154:5: warning: implicit declaration of function 'dev_tfm_initfe' is invalid in C99 [-Wimplicit-function-declaration]
    dev_tfm_initfe(fe);
    ^
bifont.c:155:5: warning: implicit declaration of function 'dev_tfm_initfontdict' is invalid in C99 [-Wimplicit-function-declaration]
    dev_tfm_initfontdict(fe);
    ^
bifont.c:335:10: warning: implicit declaration of function 'readjfm' is invalid in C99 [-Wimplicit-function-declaration]
    if (!readjfm(fntfp = fe->openfile))
         ^
fontdesc.c:288:1: warning: type specifier missing, defaults to 'int' [-Wimplicit-int]
getfield(field)
^
fontdesc.c:301:8: warning: add explicit braces to avoid dangling else [-Wdangling-else]
            } else {
              ^
bifont.c:362:5: warning: implicit declaration of function 'dev_jfm_initfe' is invalid in C99 [-Wimplicit-function-declaration]
    dev_jfm_initfe(fe, id);
    ^
bifont.c:363:5: warning: implicit declaration of function 'dev_jfm_initfontdict' is invalid in C99 [-Wimplicit-function-declaration]
fontdesc.c    dev_jfm_initfontdict(fe);
    ^:
311:1: warning: control reaches end of non-void function [-Wreturn-type]
}
^
bifont.c:366:1: warning: type specifier missing, defaults to 'int' [-Wimplicit-int]
getctype(c, jfmfi)
^
fontdesc.c:313:1: warning: type specifier missing, defaults to 'int' [-Wimplicit-int]
getqfield0(field)
^
fontdesc.c:335:1: warning: control reaches end of non-void function [-Wreturn-type]
}
^
bifont.c:392:1: warning: type specifier missing, defaults to 'int' [-Wimplicit-int]
readtfm(fntfp)
^
bifont.c:405:1: warning: control reaches end of non-void function [-Wreturn-type]
}
^
fontdesc.c:337:1: warning: type specifier missing, defaults to 'int' [-Wimplicit-int]
getqfield(field)
^
fontdesc.c:342:1: warning: control reaches end of non-void function [-Wreturn-type]
}
^
fontdesc.c:356:1: warning: type specifier missing, defaults to 'int' [-Wimplicit-int]
getlfield(field)
^
bifont.c:407:1: warning: type specifier missing, defaults to 'int' [-Wimplicit-int]
checkjfm(fntfp)
^
bifont.c:414:1: warning: control may reach end of non-void function [-Wreturn-type]
fontdesc.c}
:^
368:8: warning: add explicit braces to avoid dangling else [-Wdangling-else]
            } else {
              ^
fontdesc.c:377:1: warning: control reaches end of non-void function [-Wreturn-type]
}
^
bifont.c:416:1: warning: type specifier missing, defaults to 'int' [-Wimplicit-int]
readjfm(fntfp)
^
fontdesc.c:481:18: warning: implicit declaration of function 'atoi' is invalid in C99 [-Wimplicit-function-declaration]
    fd->fd_sub = atoi(field_sub);
                 ^
fontdesc.c:521:1: warning: type specifier missing, defaults to 'int' [-Wimplicit-int]
pathtype_init(proto, ff)
^
7 warnings generated.
fontdesc.c:546:1: warning: type specifier missing, defaults to 'int' [-Wimplicit-int]
add_def0(var, val)
^
fontdesc.c:556:1: warning: control reaches end of non-void function [-Wreturn-type]
}
^
fontdesc.c:558:1: warning: type specifier missing, defaults to 'int' [-Wimplicit-int]
add_def(var, val)
^
fontdesc.c:570:1: warning: control reaches end of non-void function [-Wreturn-type]
}
^
decompfont.c:20:1: warning: type specifier missing, defaults to 'int' [-Wimplicit-int]
decomptype_init(pars, ff)
^
decompfont.c:28:10: warning: implicit declaration of function 'getstrtok' is invalid in C99 [-Wimplicit-function-declaration]
    if (!getstrtok(pars, ',', &p1))
         ^
6 warnings generated.
fontdesc.c:585:1: warning: type specifier missing, defaults to 'int' [-Wimplicit-int]
arg_define(def)
^
fontdesc.c:596:1: warning: control reaches end of non-void function [-Wreturn-type]
}
^
7 warnings generated.
1 warning generated.
fontdesc.c:762:16: warning: implicit declaration of function 'scale_exact' is invalid in C99 [-Wimplicit-function-declaration]
                fr->fr_fix = scale_exact(fr->fr_fix, atoi(f+1));
                             ^
decompfont.c:40:1: warning: type specifier missing, defaults to 'int' [-Wimplicit-int]
decomptype_access(ffdcmp, fe, acca)
^
decompfont.c:53:6: warning: implicit declaration of function 'numstr' is invalid in C99 [-Wimplicit-function-declaration]
        if (numstr(fe->n+strlen(ffdcmp->dcmp_name)) ) {
            ^
fontdesc.cdecompfont.c::833:1136:: 1warning: :implicit declaration of function 'inttob' is invalid in C99 [-Wimplicit-function-declaration] 
warning: type specifier missing, defaults to 'int' [-Wimplicit-int]
dcmpntt_markchar(fe, c)
            get_special(dir_spec_vert, dir_spec_vert_len, ds_begin);^

            ^
fontdesc.c:800:6: note: expanded from macro 'get_special'
        n = inttob(k, len); \
            ^
decompfont.c:120:5: warning: implicit declaration of function 'jis_to_jsub' is invalid in C99 [-Wimplicit-function-declaration]
    jis_to_jsub(ku(c), ten(c), &f, &cc);7 warning
s    ^ generated.

decompfont.c:122:1: warning: control reaches end of non-void function [-Wreturn-type]
}
^
decompfont.c:157:1: warning: type specifier missing, defaults to 'int' [-Wimplicit-int]
dcmpntt_setchar(fe, c)14
 warning^s
 generated.
decompfont.c:170:1: warning: type specifier missing, defaults to 'int' [-Wimplicit-int]
dcmpntt_setstring(fe, s, len)
^
decompfont.c:176:1: warning: control reaches end of non-void function [-Wreturn-type]
}
^
decompfont.c:203:1: warning: type specifier missing, defaults to 'int' [-Wimplicit-int]
dcmpdcd_markchar(fe, c)
^
decompfont.c:210:5: warning: implicit declaration of function 'jis_to_dcode' is invalid in C99 [-Wimplicit-function-declaration]
    jis_to_dcode(ku(c), ten(c), &f, &cc);
    ^
decompfont.c:212:1: warning: control reaches end of non-void function [-Wreturn-type]
}
^
fontdesc.c:850:1: warning: type specifier missing, defaults to 'int' [-Wimplicit-int]
init_default(def_kpse)
^
fontdesc.c:854:1: warning: control reaches end of non-void function [-Wreturn-type]
}
^
decompfont.c:241:1: warning: type specifier missing, defaults to 'int' [-Wimplicit-int]
dcmpdcd_setchar(fe, c)
^
fontdesc.c:856:1: warning: type specifier missing, defaults to 'int' [-Wimplicit-int]
fix_default(def_resolution)
^
fontdesc.c:862:1: warning: control reaches end of non-void function [-Wreturn-type]
}
^
fontdesc.c:868:1: warning: type specifier missing, defaults to 'int' [-Wimplicit-int]
replfont(n, s, rn, rd, rs)
^
fontdesc.c:878:6: warning: implicit declaration of function 'match_subf' is invalid in C99 [-Wimplicit-function-declaration]
        if (match_subf(fr->fr_replfont, n, FALSE, &sb, &se)) {
            ^
fontdesc.c:879:6: warning: implicit declaration of function 'subst_subf' is invalid in C99 [-Wimplicit-function-declaration]
            subst_subf(rn, fr->fr_font, sb, se);
            ^
decompfont.c:254:1: warning: type specifier missing, defaults to 'int' [-Wimplicit-int]
dcmpdcd_setstring(fe, s, len)
^
decompfont.c:260:1: warning: control reaches end of non-void function [-Wreturn-type]
}
^
fontdesc.c:893:1: warning: type specifier missing, defaults to 'int' [-Wimplicit-int]
init_finfo(fe, fonts)
^
fontdesc.c:936:1: warning: type specifier missing, defaults to 'int' [-Wimplicit-int]
init_vfontinfo(fe)
^
16 warnings generated.
11 warnings generated.
17 warnings generated.
16 warnings generated.
34 warnings generated.
make[2]: Leaving directory '/<<PKGBUILDDIR>>'
dh_auto_build: make -j16 returned exit code 2
debian/rules:11: recipe for target 'override_dh_auto_build' failed
make[1]: *** [override_dh_auto_build] Error 2
make[1]: Leaving directory '/<<PKGBUILDDIR>>'
debian/rules:4: recipe for target 'build-arch' failed
make: *** [build-arch] Error 2
dpkg-buildpackage: error: debian/rules build-arch gave error exit status 2
--------------------------------------------------------------------------------
Build finished at 2017-08-20T19:19:42Z

Finished
--------


+------------------------------------------------------------------------------+
| Cleanup                                                                      |
+------------------------------------------------------------------------------+

Purging /<<BUILDDIR>>
Not cleaning session: cloned chroot in use
E: Build failure (dpkg-buildpackage died)

+------------------------------------------------------------------------------+
| Summary                                                                      |
+------------------------------------------------------------------------------+

Build Architecture: amd64
Build Type: any
Build-Space: 1000
Build-Time: 1
Distribution: unstable
Fail-Stage: build
Host Architecture: amd64
Install-Time: 6
Job: dvi2dvi_2.0alpha-10
Machine Architecture: amd64
Package: dvi2dvi
Package-Time: 28
Source-Version: 2.0alpha-10
Space: 1000
Status: attempted
Version: 2.0alpha-10
--------------------------------------------------------------------------------
Finished at 2017-08-20T19:19:42Z
Build needed 00:00:28, 1000k disk space
E: Build failure (dpkg-buildpackage died)
DC-Status: Failed 29.698634397s
