DC-Build-Header: libdevel-cover-perl 1.25-2 / 2017-08-20 19:08:46 +0000
DC-Task: type:rebuild-binarch-only source:libdevel-cover-perl version:1.25-2 chroot:unstable esttime:46 logfile:/tmp/libdevel-cover-perl_1.25-2_unstable_clang5.0.log modes:clang50:binarch-only
DC-Sbuild-call: su user42 -c 'sbuild -n --arch-any --apt-update -d unstable -v  --chroot-setup-commands=/tmp/clang50 libdevel-cover-perl_1.25-2'
sbuild (Debian sbuild) 0.73.0 (23 Dec 2016) on ip-172-31-36-72.eu-central-1.compute.internal

+==============================================================================+
| libdevel-cover-perl 1.25-2 (amd64)           Sun, 20 Aug 2017 19:08:46 +0000 |
+==============================================================================+

Package: libdevel-cover-perl
Version: 1.25-2
Source Version: 1.25-2
Distribution: unstable
Machine Architecture: amd64
Host Architecture: amd64
Build Architecture: amd64
Build Type: any

I: NOTICE: Log filtering will replace 'var/run/schroot/mount/unstable-amd64-sbuild-a39102dc-5641-453b-991c-a88a8243d0b0' with '<<CHROOT>>'

+------------------------------------------------------------------------------+
| Chroot Setup Commands                                                        |
+------------------------------------------------------------------------------+


/tmp/clang50
------------

+ echo 'Entering customization script...'
Entering customization script...
+ CLANG_VERSION=5.0
+ echo 'Install of clang-5.0'
Install of clang-5.0
+ apt-get update
Hit:1 http://127.0.0.1:9999/debian unstable InRelease
Get:2 http://127.0.0.1:9999/debian unstable/main Translation-en [5785 kB]
Fetched 5785 kB in 1s (3883 kB/s)
Reading package lists...
+ apt-get install --yes --no-install-recommends --force-yes clang-5.0
Reading package lists...
Building dependency tree...
Reading state information...
The following additional packages will be installed:
  libasan3 libbsd0 libclang-common-5.0-dev libclang1-5.0 libedit2 libgcc-6-dev
  libjsoncpp1 libllvm5.0 libncurses5 libobjc-6-dev libobjc4 libstdc++-6-dev
Suggested packages:
  gnustep gnustep-devel clang-5.0-doc libomp-dev libstdc++-6-doc
Recommended packages:
  llvm-5.0-dev python libgpm2
The following NEW packages will be installed:
  clang-5.0 libasan3 libbsd0 libclang-common-5.0-dev libclang1-5.0 libedit2
  libgcc-6-dev libjsoncpp1 libllvm5.0 libncurses5 libobjc-6-dev libobjc4
  libstdc++-6-dev
0 upgraded, 13 newly installed, 0 to remove and 0 not upgraded.
Need to get 88.4 MB of archives.
After this operation, 376 MB of additional disk space will be used.
Get:1 http://127.0.0.1:9999/debian unstable/main amd64 libbsd0 amd64 0.8.6-1 [90.3 kB]
Get:2 http://127.0.0.1:9999/debian unstable/main amd64 libncurses5 amd64 6.0+20170715-2 [93.8 kB]
Get:3 http://127.0.0.1:9999/debian unstable/main amd64 libedit2 amd64 3.1-20170329-1 [85.2 kB]
Get:4 http://127.0.0.1:9999/debian unstable/main amd64 libllvm5.0 amd64 1:5.0~+rc2-1 [13.5 MB]
Get:5 http://127.0.0.1:9999/debian unstable/main amd64 libclang1-5.0 amd64 1:5.0~+rc2-1 [6729 kB]
Get:6 http://127.0.0.1:9999/debian unstable/main amd64 libjsoncpp1 amd64 1.7.4-3 [75.6 kB]
Get:7 http://127.0.0.1:9999/debian unstable/main amd64 libasan3 amd64 6.4.0-3 [311 kB]
Get:8 http://127.0.0.1:9999/debian unstable/main amd64 libgcc-6-dev amd64 6.4.0-3 [2296 kB]
Get:9 http://127.0.0.1:9999/debian unstable/main amd64 libstdc++-6-dev amd64 6.4.0-3 [1421 kB]
Get:10 http://127.0.0.1:9999/debian unstable/main amd64 libobjc4 amd64 7.2.0-1 [51.0 kB]
Get:11 http://127.0.0.1:9999/debian unstable/main amd64 libobjc-6-dev amd64 6.4.0-3 [197 kB]
Get:12 http://127.0.0.1:9999/debian unstable/main amd64 libclang-common-5.0-dev amd64 1:5.0~+rc2-1 [1989 kB]
Get:13 http://127.0.0.1:9999/debian unstable/main amd64 clang-5.0 amd64 1:5.0~+rc2-1 [61.6 MB]
debconf: delaying package configuration, since apt-utils is not installed
Fetched 88.4 MB in 0s (98.0 MB/s)
Selecting previously unselected package libbsd0:amd64.
(Reading database ... (Reading database ... 5%(Reading database ... 10%(Reading database ... 15%(Reading database ... 20%(Reading database ... 25%(Reading database ... 30%(Reading database ... 35%(Reading database ... 40%(Reading database ... 45%(Reading database ... 50%(Reading database ... 55%(Reading database ... 60%(Reading database ... 65%(Reading database ... 70%(Reading database ... 75%(Reading database ... 80%(Reading database ... 85%(Reading database ... 90%(Reading database ... 95%(Reading database ... 100%(Reading database ... 9822 files and directories currently installed.)
Preparing to unpack .../00-libbsd0_0.8.6-1_amd64.deb ...
Unpacking libbsd0:amd64 (0.8.6-1) ...
Selecting previously unselected package libncurses5:amd64.
Preparing to unpack .../01-libncurses5_6.0+20170715-2_amd64.deb ...
Unpacking libncurses5:amd64 (6.0+20170715-2) ...
Selecting previously unselected package libedit2:amd64.
Preparing to unpack .../02-libedit2_3.1-20170329-1_amd64.deb ...
Unpacking libedit2:amd64 (3.1-20170329-1) ...
Selecting previously unselected package libllvm5.0:amd64.
Preparing to unpack .../03-libllvm5.0_1%3a5.0~+rc2-1_amd64.deb ...
Unpacking libllvm5.0:amd64 (1:5.0~+rc2-1) ...
Selecting previously unselected package libclang1-5.0:amd64.
Preparing to unpack .../04-libclang1-5.0_1%3a5.0~+rc2-1_amd64.deb ...
Unpacking libclang1-5.0:amd64 (1:5.0~+rc2-1) ...
Selecting previously unselected package libjsoncpp1:amd64.
Preparing to unpack .../05-libjsoncpp1_1.7.4-3_amd64.deb ...
Unpacking libjsoncpp1:amd64 (1.7.4-3) ...
Selecting previously unselected package libasan3:amd64.
Preparing to unpack .../06-libasan3_6.4.0-3_amd64.deb ...
Unpacking libasan3:amd64 (6.4.0-3) ...
Selecting previously unselected package libgcc-6-dev:amd64.
Preparing to unpack .../07-libgcc-6-dev_6.4.0-3_amd64.deb ...
Unpacking libgcc-6-dev:amd64 (6.4.0-3) ...
Selecting previously unselected package libstdc++-6-dev:amd64.
Preparing to unpack .../08-libstdc++-6-dev_6.4.0-3_amd64.deb ...
Unpacking libstdc++-6-dev:amd64 (6.4.0-3) ...
Selecting previously unselected package libobjc4:amd64.
Preparing to unpack .../09-libobjc4_7.2.0-1_amd64.deb ...
Unpacking libobjc4:amd64 (7.2.0-1) ...
Selecting previously unselected package libobjc-6-dev:amd64.
Preparing to unpack .../10-libobjc-6-dev_6.4.0-3_amd64.deb ...
Unpacking libobjc-6-dev:amd64 (6.4.0-3) ...
Selecting previously unselected package libclang-common-5.0-dev.
Preparing to unpack .../11-libclang-common-5.0-dev_1%3a5.0~+rc2-1_amd64.deb ...
Unpacking libclang-common-5.0-dev (1:5.0~+rc2-1) ...
Selecting previously unselected package clang-5.0.
Preparing to unpack .../12-clang-5.0_1%3a5.0~+rc2-1_amd64.deb ...
Unpacking clang-5.0 (1:5.0~+rc2-1) ...
Setting up libncurses5:amd64 (6.0+20170715-2) ...
Setting up libobjc4:amd64 (7.2.0-1) ...
Setting up libasan3:amd64 (6.4.0-3) ...
Setting up libgcc-6-dev:amd64 (6.4.0-3) ...
Setting up libstdc++-6-dev:amd64 (6.4.0-3) ...
Setting up libbsd0:amd64 (0.8.6-1) ...
Processing triggers for libc-bin (2.24-14) ...
Setting up libobjc-6-dev:amd64 (6.4.0-3) ...
Setting up libjsoncpp1:amd64 (1.7.4-3) ...
Setting up libedit2:amd64 (3.1-20170329-1) ...
Setting up libllvm5.0:amd64 (1:5.0~+rc2-1) ...
Setting up libclang1-5.0:amd64 (1:5.0~+rc2-1) ...
Setting up libclang-common-5.0-dev (1:5.0~+rc2-1) ...
Setting up clang-5.0 (1:5.0~+rc2-1) ...
Processing triggers for libc-bin (2.24-14) ...
W: --force-yes is deprecated, use one of the options starting with --allow instead.
+ echo 'Replace gcc, g++ & cpp by clang'
Replace gcc, g++ & cpp by clang
+ VERSIONS='4.6 4.7 4.8 4.9 5 6 7'
+ cd /usr/bin
+ for VERSION in $VERSIONS
+ rm -f g++-4.6 gcc-4.6 cpp-4.6 gcc
+ ln -s clang++-5.0 g++-4.6
+ ln -s clang-5.0 gcc-4.6
+ ln -s clang-5.0 cpp-4.6
+ ln -s clang-5.0 gcc
+ echo 'gcc-4.6 hold'
+ dpkg --set-selections
dpkg: warning: package not in status nor available database at line 1: gcc-4.6
dpkg: warning: found unknown packages; this might mean the available database
is outdated, and needs to be updated through a frontend method;
please see the FAQ <https://wiki.debian.org/Teams/Dpkg/FAQ>
+ echo 'g++-4.6 hold'
+ dpkg --set-selections
dpkg: warning: package not in status nor available database at line 1: g++-4.6
dpkg: warning: found unknown packages; this might mean the available database
is outdated, and needs to be updated through a frontend method;
please see the FAQ <https://wiki.debian.org/Teams/Dpkg/FAQ>
+ for VERSION in $VERSIONS
+ rm -f g++-4.7 gcc-4.7 cpp-4.7 gcc
+ ln -s clang++-5.0 g++-4.7
+ ln -s clang-5.0 gcc-4.7
+ ln -s clang-5.0 cpp-4.7
+ ln -s clang-5.0 gcc
+ echo 'gcc-4.7 hold'
+ dpkg --set-selections
dpkg: warning: package not in status nor available database at line 1: gcc-4.7
dpkg: warning: found unknown packages; this might mean the available database
is outdated, and needs to be updated through a frontend method;
please see the FAQ <https://wiki.debian.org/Teams/Dpkg/FAQ>
+ echo 'g++-4.7 hold'
+ dpkg --set-selections
dpkg: warning: package not in status nor available database at line 1: g++-4.7
dpkg: warning: found unknown packages; this might mean the available database
is outdated, and needs to be updated through a frontend method;
please see the FAQ <https://wiki.debian.org/Teams/Dpkg/FAQ>
+ for VERSION in $VERSIONS
+ rm -f g++-4.8 gcc-4.8 cpp-4.8 gcc
+ ln -s clang++-5.0 g++-4.8
+ ln -s clang-5.0 gcc-4.8
+ ln -s clang-5.0 cpp-4.8
+ ln -s clang-5.0 gcc
+ echo 'gcc-4.8 hold'
+ dpkg --set-selections
dpkg: warning: package not in status nor available database at line 1: gcc-4.8
dpkg: warning: found unknown packages; this might mean the available database
is outdated, and needs to be updated through a frontend method;
please see the FAQ <https://wiki.debian.org/Teams/Dpkg/FAQ>
+ echo 'g++-4.8 hold'
+ dpkg --set-selections
dpkg: warning: package not in status nor available database at line 1: g++-4.8
dpkg: warning: found unknown packages; this might mean the available database
is outdated, and needs to be updated through a frontend method;
please see the FAQ <https://wiki.debian.org/Teams/Dpkg/FAQ>
+ for VERSION in $VERSIONS
+ rm -f g++-4.9 gcc-4.9 cpp-4.9 gcc
+ ln -s clang++-5.0 g++-4.9
+ ln -s clang-5.0 gcc-4.9
+ ln -s clang-5.0 cpp-4.9
+ ln -s clang-5.0 gcc
+ echo 'gcc-4.9 hold'
+ dpkg --set-selections
dpkg: warning: package not in status nor available database at line 1: gcc-4.9
dpkg: warning: found unknown packages; this might mean the available database
is outdated, and needs to be updated through a frontend method;
please see the FAQ <https://wiki.debian.org/Teams/Dpkg/FAQ>
+ echo 'g++-4.9 hold'
+ dpkg --set-selections
dpkg: warning: package not in status nor available database at line 1: g++-4.9
dpkg: warning: found unknown packages; this might mean the available database
is outdated, and needs to be updated through a frontend method;
please see the FAQ <https://wiki.debian.org/Teams/Dpkg/FAQ>
+ for VERSION in $VERSIONS
+ rm -f g++-5 gcc-5 cpp-5 gcc
+ ln -s clang++-5.0 g++-5
+ ln -s clang-5.0 gcc-5
+ ln -s clang-5.0 cpp-5
+ ln -s clang-5.0 gcc
+ echo 'gcc-5 hold'
+ dpkg --set-selections
+ echo 'g++-5 hold'
+ dpkg --set-selections
+ for VERSION in $VERSIONS
+ rm -f g++-6 gcc-6 cpp-6 gcc
+ ln -s clang++-5.0 g++-6
+ ln -s clang-5.0 gcc-6
+ ln -s clang-5.0 cpp-6
+ ln -s clang-5.0 gcc
+ echo 'gcc-6 hold'
+ dpkg --set-selections
dpkg: warning: package not in status nor available database at line 1: gcc-6
dpkg: warning: found unknown packages; this might mean the available database
is outdated, and needs to be updated through a frontend method;
please see the FAQ <https://wiki.debian.org/Teams/Dpkg/FAQ>
+ echo 'g++-6 hold'
+ dpkg --set-selections
dpkg: warning: package not in status nor available database at line 1: g++-6
dpkg: warning: found unknown packages; this might mean the available database
is outdated, and needs to be updated through a frontend method;
please see the FAQ <https://wiki.debian.org/Teams/Dpkg/FAQ>
+ for VERSION in $VERSIONS
+ rm -f g++-7 gcc-7 cpp-7 gcc
+ ln -s clang++-5.0 g++-7
+ ln -s clang-5.0 gcc-7
+ ln -s clang-5.0 cpp-7
+ ln -s clang-5.0 gcc
+ echo 'gcc-7 hold'
+ dpkg --set-selections
+ echo 'g++-7 hold'
+ dpkg --set-selections
+ cd -
/build/libdevel-cover-perl-BLhvdQ
+ echo 'Check if gcc, g++ & cpp are actually clang'
Check if gcc, g++ & cpp are actually clang
+ gcc --version
+ grep clang
+ cpp --version
+ grep clang
+ g++ --version
+ grep clang

I: Finished running '/tmp/clang50'.

Finished processing commands.
--------------------------------------------------------------------------------

+------------------------------------------------------------------------------+
| Update chroot                                                                |
+------------------------------------------------------------------------------+

Hit:1 http://127.0.0.1:9999/debian unstable InRelease
Reading package lists...
Reading package lists...
Building dependency tree...
Reading state information...
Calculating upgrade...
0 upgraded, 0 newly installed, 0 to remove and 0 not upgraded.

+------------------------------------------------------------------------------+
| Fetch source files                                                           |
+------------------------------------------------------------------------------+


Check APT
---------

Checking available source versions...

Download source files with APT
------------------------------

Reading package lists...
NOTICE: 'libdevel-cover-perl' packaging is maintained in the 'Git' version control system at:
https://anonscm.debian.org/git/pkg-perl/packages/libdevel-cover-perl.git
Please use:
git clone https://anonscm.debian.org/git/pkg-perl/packages/libdevel-cover-perl.git
to retrieve the latest (possibly unreleased) updates to the package.
Need to get 214 kB of source archives.
Get:1 http://127.0.0.1:9999/debian unstable/main libdevel-cover-perl 1.25-2 (dsc) [2457 B]
Get:2 http://127.0.0.1:9999/debian unstable/main libdevel-cover-perl 1.25-2 (tar) [205 kB]
Get:3 http://127.0.0.1:9999/debian unstable/main libdevel-cover-perl 1.25-2 (diff) [7008 B]
Fetched 214 kB in 1s (114 kB/s)
Download complete and in download only mode
I: NOTICE: Log filtering will replace 'build/libdevel-cover-perl-BLhvdQ/libdevel-cover-perl-1.25' with '<<PKGBUILDDIR>>'
I: NOTICE: Log filtering will replace 'build/libdevel-cover-perl-BLhvdQ' with '<<BUILDDIR>>'

+------------------------------------------------------------------------------+
| Install build-essential                                                      |
+------------------------------------------------------------------------------+


Setup apt archive
-----------------

Merged Build-Depends: build-essential, fakeroot
Filtered Build-Depends: build-essential, fakeroot
dpkg-deb: building package 'sbuild-build-depends-core-dummy' in '/<<BUILDDIR>>/resolver-daIW85/apt_archive/sbuild-build-depends-core-dummy.deb'.
dpkg-scanpackages: warning: Packages in archive but missing from override file:
dpkg-scanpackages: warning:   sbuild-build-depends-core-dummy
dpkg-scanpackages: info: Wrote 1 entries to output Packages file.
Ign:1 copy:/<<BUILDDIR>>/resolver-daIW85/apt_archive ./ InRelease
Get:2 copy:/<<BUILDDIR>>/resolver-daIW85/apt_archive ./ Release [957 B]
Ign:3 copy:/<<BUILDDIR>>/resolver-daIW85/apt_archive ./ Release.gpg
Get:4 copy:/<<BUILDDIR>>/resolver-daIW85/apt_archive ./ Sources [349 B]
Get:5 copy:/<<BUILDDIR>>/resolver-daIW85/apt_archive ./ Packages [432 B]
Fetched 1738 B in 0s (0 B/s)
Reading package lists...
Reading package lists...

Install core build dependencies (apt-based resolver)
----------------------------------------------------

Installing build dependencies
Reading package lists...
Building dependency tree...
Reading state information...
The following NEW packages will be installed:
  sbuild-build-depends-core-dummy
0 upgraded, 1 newly installed, 0 to remove and 0 not upgraded.
Need to get 784 B of archives.
After this operation, 0 B of additional disk space will be used.
Get:1 copy:/<<BUILDDIR>>/resolver-daIW85/apt_archive ./ sbuild-build-depends-core-dummy 0.invalid.0 [784 B]
debconf: delaying package configuration, since apt-utils is not installed
Fetched 784 B in 0s (0 B/s)
Selecting previously unselected package sbuild-build-depends-core-dummy.
(Reading database ... 11331 files and directories currently installed.)
Preparing to unpack .../sbuild-build-depends-core-dummy_0.invalid.0_amd64.deb ...
Unpacking sbuild-build-depends-core-dummy (0.invalid.0) ...
Setting up sbuild-build-depends-core-dummy (0.invalid.0) ...

+------------------------------------------------------------------------------+
| Check architectures                                                          |
+------------------------------------------------------------------------------+

Arch check ok (amd64 included in any)

+------------------------------------------------------------------------------+
| Install package build dependencies                                           |
+------------------------------------------------------------------------------+


Setup apt archive
-----------------

Merged Build-Depends: debhelper (>= 9.20120312~), perl, libhtml-parser-perl (>= 3.69), libpod-coverage-perl, libppi-html-perl | perltidy, libtemplate-perl, libtest-differences-perl
Filtered Build-Depends: debhelper (>= 9.20120312~), perl, libhtml-parser-perl (>= 3.69), libpod-coverage-perl, libppi-html-perl, libtemplate-perl, libtest-differences-perl
dpkg-deb: building package 'sbuild-build-depends-libdevel-cover-perl-dummy' in '/<<BUILDDIR>>/resolver-daIW85/apt_archive/sbuild-build-depends-libdevel-cover-perl-dummy.deb'.
dpkg-scanpackages: warning: Packages in archive but missing from override file:
dpkg-scanpackages: warning:   sbuild-build-depends-core-dummy sbuild-build-depends-libdevel-cover-perl-dummy
dpkg-scanpackages: info: Wrote 2 entries to output Packages file.
Ign:1 copy:/<<BUILDDIR>>/resolver-daIW85/apt_archive ./ InRelease
Get:2 copy:/<<BUILDDIR>>/resolver-daIW85/apt_archive ./ Release [963 B]
Ign:3 copy:/<<BUILDDIR>>/resolver-daIW85/apt_archive ./ Release.gpg
Get:4 copy:/<<BUILDDIR>>/resolver-daIW85/apt_archive ./ Sources [569 B]
Get:5 copy:/<<BUILDDIR>>/resolver-daIW85/apt_archive ./ Packages [639 B]
Fetched 2171 B in 0s (0 B/s)
Reading package lists...
Reading package lists...

Install libdevel-cover-perl build dependencies (apt-based resolver)
-------------------------------------------------------------------

Installing build dependencies
Reading package lists...
Building dependency tree...
Reading state information...
The following additional packages will be installed:
  autoconf automake autopoint autotools-dev bsdmainutils debhelper
  dh-autoreconf dh-strip-nondeterminism file gettext gettext-base groff-base
  intltool-debian libalgorithm-diff-perl libappconfig-perl libarchive-zip-perl
  libcapture-tiny-perl libclone-perl libcroco3 libcss-tiny-perl
  libdevel-symdump-perl libexporter-tiny-perl libfile-slurp-perl
  libfile-stripnondeterminism-perl libglib2.0-0 libhtml-parser-perl
  libhtml-tagset-perl libicu57 libio-string-perl liblist-moreutils-perl
  libmagic-mgc libmagic1 libparams-util-perl libpipeline1 libpod-coverage-perl
  libppi-html-perl libppi-perl libsigsegv2 libtask-weaken-perl
  libtemplate-perl libtest-differences-perl libtext-diff-perl libtimedate-perl
  libtool liburi-perl libxml2 m4 man-db po-debconf
Suggested packages:
  autoconf-archive gnu-standards autoconf-doc wamerican | wordlist whois
  vacation dh-make gettext-doc libasprintf-dev libgettextpo-dev groff
  libdata-dump-perl libtemplate-perl-doc libtemplate-plugin-gd-perl
  libtemplate-plugin-xml-perl libtool-doc gfortran | fortran95-compiler
  gcj-jdk libwww-perl m4-doc less www-browser libmail-box-perl
Recommended packages:
  curl | wget | lynx-cur libalgorithm-diff-xs-perl libarchive-cpio-perl
  libglib2.0-data shared-mime-info xdg-user-dirs libhttp-message-perl
  libclass-xsaccessor-perl libltdl-dev xml-core libmail-sendmail-perl
The following NEW packages will be installed:
  autoconf automake autopoint autotools-dev bsdmainutils debhelper
  dh-autoreconf dh-strip-nondeterminism file gettext gettext-base groff-base
  intltool-debian libalgorithm-diff-perl libappconfig-perl libarchive-zip-perl
  libcapture-tiny-perl libclone-perl libcroco3 libcss-tiny-perl
  libdevel-symdump-perl libexporter-tiny-perl libfile-slurp-perl
  libfile-stripnondeterminism-perl libglib2.0-0 libhtml-parser-perl
  libhtml-tagset-perl libicu57 libio-string-perl liblist-moreutils-perl
  libmagic-mgc libmagic1 libparams-util-perl libpipeline1 libpod-coverage-perl
  libppi-html-perl libppi-perl libsigsegv2 libtask-weaken-perl
  libtemplate-perl libtest-differences-perl libtext-diff-perl libtimedate-perl
  libtool liburi-perl libxml2 m4 man-db po-debconf
  sbuild-build-depends-libdevel-cover-perl-dummy
0 upgraded, 50 newly installed, 0 to remove and 0 not upgraded.
Need to get 20.9 MB of archives.
After this operation, 70.0 MB of additional disk space will be used.
Get:1 copy:/<<BUILDDIR>>/resolver-daIW85/apt_archive ./ sbuild-build-depends-libdevel-cover-perl-dummy 0.invalid.0 [858 B]
Get:2 http://127.0.0.1:9999/debian unstable/main amd64 groff-base amd64 1.22.3-9 [1160 kB]
Get:3 http://127.0.0.1:9999/debian unstable/main amd64 bsdmainutils amd64 9.0.12+nmu1 [186 kB]
Get:4 http://127.0.0.1:9999/debian unstable/main amd64 libpipeline1 amd64 1.4.2-1 [28.3 kB]
Get:5 http://127.0.0.1:9999/debian unstable/main amd64 man-db amd64 2.7.6.1-2 [1044 kB]
Get:6 http://127.0.0.1:9999/debian unstable/main amd64 libmagic-mgc amd64 1:5.31-1 [223 kB]
Get:7 http://127.0.0.1:9999/debian unstable/main amd64 libmagic1 amd64 1:5.31-1 [112 kB]
Get:8 http://127.0.0.1:9999/debian unstable/main amd64 file amd64 1:5.31-1 [64.2 kB]
Get:9 http://127.0.0.1:9999/debian unstable/main amd64 gettext-base amd64 0.19.8.1-2+b1 [122 kB]
Get:10 http://127.0.0.1:9999/debian unstable/main amd64 libicu57 amd64 57.1-6 [7701 kB]
Get:11 http://127.0.0.1:9999/debian unstable/main amd64 libxml2 amd64 2.9.4+dfsg1-3 [715 kB]
Get:12 http://127.0.0.1:9999/debian unstable/main amd64 libsigsegv2 amd64 2.11-1 [29.9 kB]
Get:13 http://127.0.0.1:9999/debian unstable/main amd64 m4 amd64 1.4.18-1 [202 kB]
Get:14 http://127.0.0.1:9999/debian unstable/main amd64 autoconf all 2.69-10 [338 kB]
Get:15 http://127.0.0.1:9999/debian unstable/main amd64 autotools-dev all 20161112.1 [73.4 kB]
Get:16 http://127.0.0.1:9999/debian unstable/main amd64 automake all 1:1.15.1-2 [736 kB]
Get:17 http://127.0.0.1:9999/debian unstable/main amd64 autopoint all 0.19.8.1-2 [433 kB]
Get:18 http://127.0.0.1:9999/debian unstable/main amd64 libtool all 2.4.6-2 [545 kB]
Get:19 http://127.0.0.1:9999/debian unstable/main amd64 dh-autoreconf all 14 [15.9 kB]
Get:20 http://127.0.0.1:9999/debian unstable/main amd64 libarchive-zip-perl all 1.59-1 [95.5 kB]
Get:21 http://127.0.0.1:9999/debian unstable/main amd64 libfile-stripnondeterminism-perl all 0.038-1 [17.6 kB]
Get:22 http://127.0.0.1:9999/debian unstable/main amd64 libtimedate-perl all 2.3000-2 [42.2 kB]
Get:23 http://127.0.0.1:9999/debian unstable/main amd64 dh-strip-nondeterminism all 0.038-1 [11.1 kB]
Get:24 http://127.0.0.1:9999/debian unstable/main amd64 libglib2.0-0 amd64 2.53.4-3 [2796 kB]
Get:25 http://127.0.0.1:9999/debian unstable/main amd64 libcroco3 amd64 0.6.12-1 [144 kB]
Get:26 http://127.0.0.1:9999/debian unstable/main amd64 gettext amd64 0.19.8.1-2+b1 [1301 kB]
Get:27 http://127.0.0.1:9999/debian unstable/main amd64 intltool-debian all 0.35.0+20060710.4 [26.3 kB]
Get:28 http://127.0.0.1:9999/debian unstable/main amd64 po-debconf all 1.0.20 [247 kB]
Get:29 http://127.0.0.1:9999/debian unstable/main amd64 debhelper all 10.7.2 [975 kB]
Get:30 http://127.0.0.1:9999/debian unstable/main amd64 libalgorithm-diff-perl all 1.19.03-1 [48.7 kB]
Get:31 http://127.0.0.1:9999/debian unstable/main amd64 libappconfig-perl all 1.71-2 [67.2 kB]
Get:32 http://127.0.0.1:9999/debian unstable/main amd64 libcapture-tiny-perl all 0.46-1 [25.7 kB]
Get:33 http://127.0.0.1:9999/debian unstable/main amd64 libclone-perl amd64 0.38-2+b2 [13.7 kB]
Get:34 http://127.0.0.1:9999/debian unstable/main amd64 libcss-tiny-perl all 1.20-1 [12.5 kB]
Get:35 http://127.0.0.1:9999/debian unstable/main amd64 libdevel-symdump-perl all 2.18-1 [17.1 kB]
Get:36 http://127.0.0.1:9999/debian unstable/main amd64 libexporter-tiny-perl all 0.042-1 [32.4 kB]
Get:37 http://127.0.0.1:9999/debian unstable/main amd64 libfile-slurp-perl all 9999.19-6 [43.2 kB]
Get:38 http://127.0.0.1:9999/debian unstable/main amd64 libhtml-tagset-perl all 3.20-3 [12.7 kB]
Get:39 http://127.0.0.1:9999/debian unstable/main amd64 liburi-perl all 1.72-1 [88.7 kB]
Get:40 http://127.0.0.1:9999/debian unstable/main amd64 libhtml-parser-perl amd64 3.72-3+b2 [104 kB]
Get:41 http://127.0.0.1:9999/debian unstable/main amd64 libio-string-perl all 1.08-3 [12.3 kB]
Get:42 http://127.0.0.1:9999/debian unstable/main amd64 liblist-moreutils-perl amd64 0.416-1+b3 [63.0 kB]
Get:43 http://127.0.0.1:9999/debian unstable/main amd64 libparams-util-perl amd64 1.07-3+b3 [22.7 kB]
Get:44 http://127.0.0.1:9999/debian unstable/main amd64 libpod-coverage-perl all 0.23-1 [23.9 kB]
Get:45 http://127.0.0.1:9999/debian unstable/main amd64 libtask-weaken-perl all 1.04-1 [7990 B]
Get:46 http://127.0.0.1:9999/debian unstable/main amd64 libppi-perl all 1.236-1 [313 kB]
Get:47 http://127.0.0.1:9999/debian unstable/main amd64 libppi-html-perl all 1.08-1 [15.6 kB]
Get:48 http://127.0.0.1:9999/debian unstable/main amd64 libtemplate-perl amd64 2.24-1.2+b5 [558 kB]
Get:49 http://127.0.0.1:9999/debian unstable/main amd64 libtext-diff-perl all 1.44-1 [27.4 kB]
Get:50 http://127.0.0.1:9999/debian unstable/main amd64 libtest-differences-perl all 0.64-1 [18.0 kB]
debconf: delaying package configuration, since apt-utils is not installed
Fetched 20.9 MB in 0s (40.4 MB/s)
Selecting previously unselected package groff-base.
(Reading database ... 11331 files and directories currently installed.)
Preparing to unpack .../00-groff-base_1.22.3-9_amd64.deb ...
Unpacking groff-base (1.22.3-9) ...
Selecting previously unselected package bsdmainutils.
Preparing to unpack .../01-bsdmainutils_9.0.12+nmu1_amd64.deb ...
Unpacking bsdmainutils (9.0.12+nmu1) ...
Selecting previously unselected package libpipeline1:amd64.
Preparing to unpack .../02-libpipeline1_1.4.2-1_amd64.deb ...
Unpacking libpipeline1:amd64 (1.4.2-1) ...
Selecting previously unselected package man-db.
Preparing to unpack .../03-man-db_2.7.6.1-2_amd64.deb ...
Unpacking man-db (2.7.6.1-2) ...
Selecting previously unselected package libmagic-mgc.
Preparing to unpack .../04-libmagic-mgc_1%3a5.31-1_amd64.deb ...
Unpacking libmagic-mgc (1:5.31-1) ...
Selecting previously unselected package libmagic1:amd64.
Preparing to unpack .../05-libmagic1_1%3a5.31-1_amd64.deb ...
Unpacking libmagic1:amd64 (1:5.31-1) ...
Selecting previously unselected package file.
Preparing to unpack .../06-file_1%3a5.31-1_amd64.deb ...
Unpacking file (1:5.31-1) ...
Selecting previously unselected package gettext-base.
Preparing to unpack .../07-gettext-base_0.19.8.1-2+b1_amd64.deb ...
Unpacking gettext-base (0.19.8.1-2+b1) ...
Selecting previously unselected package libicu57:amd64.
Preparing to unpack .../08-libicu57_57.1-6_amd64.deb ...
Unpacking libicu57:amd64 (57.1-6) ...
Selecting previously unselected package libxml2:amd64.
Preparing to unpack .../09-libxml2_2.9.4+dfsg1-3_amd64.deb ...
Unpacking libxml2:amd64 (2.9.4+dfsg1-3) ...
Selecting previously unselected package libsigsegv2:amd64.
Preparing to unpack .../10-libsigsegv2_2.11-1_amd64.deb ...
Unpacking libsigsegv2:amd64 (2.11-1) ...
Selecting previously unselected package m4.
Preparing to unpack .../11-m4_1.4.18-1_amd64.deb ...
Unpacking m4 (1.4.18-1) ...
Selecting previously unselected package autoconf.
Preparing to unpack .../12-autoconf_2.69-10_all.deb ...
Unpacking autoconf (2.69-10) ...
Selecting previously unselected package autotools-dev.
Preparing to unpack .../13-autotools-dev_20161112.1_all.deb ...
Unpacking autotools-dev (20161112.1) ...
Selecting previously unselected package automake.
Preparing to unpack .../14-automake_1%3a1.15.1-2_all.deb ...
Unpacking automake (1:1.15.1-2) ...
Selecting previously unselected package autopoint.
Preparing to unpack .../15-autopoint_0.19.8.1-2_all.deb ...
Unpacking autopoint (0.19.8.1-2) ...
Selecting previously unselected package libtool.
Preparing to unpack .../16-libtool_2.4.6-2_all.deb ...
Unpacking libtool (2.4.6-2) ...
Selecting previously unselected package dh-autoreconf.
Preparing to unpack .../17-dh-autoreconf_14_all.deb ...
Unpacking dh-autoreconf (14) ...
Selecting previously unselected package libarchive-zip-perl.
Preparing to unpack .../18-libarchive-zip-perl_1.59-1_all.deb ...
Unpacking libarchive-zip-perl (1.59-1) ...
Selecting previously unselected package libfile-stripnondeterminism-perl.
Preparing to unpack .../19-libfile-stripnondeterminism-perl_0.038-1_all.deb ...
Unpacking libfile-stripnondeterminism-perl (0.038-1) ...
Selecting previously unselected package libtimedate-perl.
Preparing to unpack .../20-libtimedate-perl_2.3000-2_all.deb ...
Unpacking libtimedate-perl (2.3000-2) ...
Selecting previously unselected package dh-strip-nondeterminism.
Preparing to unpack .../21-dh-strip-nondeterminism_0.038-1_all.deb ...
Unpacking dh-strip-nondeterminism (0.038-1) ...
Selecting previously unselected package libglib2.0-0:amd64.
Preparing to unpack .../22-libglib2.0-0_2.53.4-3_amd64.deb ...
Unpacking libglib2.0-0:amd64 (2.53.4-3) ...
Selecting previously unselected package libcroco3:amd64.
Preparing to unpack .../23-libcroco3_0.6.12-1_amd64.deb ...
Unpacking libcroco3:amd64 (0.6.12-1) ...
Selecting previously unselected package gettext.
Preparing to unpack .../24-gettext_0.19.8.1-2+b1_amd64.deb ...
Unpacking gettext (0.19.8.1-2+b1) ...
Selecting previously unselected package intltool-debian.
Preparing to unpack .../25-intltool-debian_0.35.0+20060710.4_all.deb ...
Unpacking intltool-debian (0.35.0+20060710.4) ...
Selecting previously unselected package po-debconf.
Preparing to unpack .../26-po-debconf_1.0.20_all.deb ...
Unpacking po-debconf (1.0.20) ...
Selecting previously unselected package debhelper.
Preparing to unpack .../27-debhelper_10.7.2_all.deb ...
Unpacking debhelper (10.7.2) ...
Selecting previously unselected package libalgorithm-diff-perl.
Preparing to unpack .../28-libalgorithm-diff-perl_1.19.03-1_all.deb ...
Unpacking libalgorithm-diff-perl (1.19.03-1) ...
Selecting previously unselected package libappconfig-perl.
Preparing to unpack .../29-libappconfig-perl_1.71-2_all.deb ...
Unpacking libappconfig-perl (1.71-2) ...
Selecting previously unselected package libcapture-tiny-perl.
Preparing to unpack .../30-libcapture-tiny-perl_0.46-1_all.deb ...
Unpacking libcapture-tiny-perl (0.46-1) ...
Selecting previously unselected package libclone-perl.
Preparing to unpack .../31-libclone-perl_0.38-2+b2_amd64.deb ...
Unpacking libclone-perl (0.38-2+b2) ...
Selecting previously unselected package libcss-tiny-perl.
Preparing to unpack .../32-libcss-tiny-perl_1.20-1_all.deb ...
Unpacking libcss-tiny-perl (1.20-1) ...
Selecting previously unselected package libdevel-symdump-perl.
Preparing to unpack .../33-libdevel-symdump-perl_2.18-1_all.deb ...
Unpacking libdevel-symdump-perl (2.18-1) ...
Selecting previously unselected package libexporter-tiny-perl.
Preparing to unpack .../34-libexporter-tiny-perl_0.042-1_all.deb ...
Unpacking libexporter-tiny-perl (0.042-1) ...
Selecting previously unselected package libfile-slurp-perl.
Preparing to unpack .../35-libfile-slurp-perl_9999.19-6_all.deb ...
Unpacking libfile-slurp-perl (9999.19-6) ...
Selecting previously unselected package libhtml-tagset-perl.
Preparing to unpack .../36-libhtml-tagset-perl_3.20-3_all.deb ...
Unpacking libhtml-tagset-perl (3.20-3) ...
Selecting previously unselected package liburi-perl.
Preparing to unpack .../37-liburi-perl_1.72-1_all.deb ...
Unpacking liburi-perl (1.72-1) ...
Selecting previously unselected package libhtml-parser-perl.
Preparing to unpack .../38-libhtml-parser-perl_3.72-3+b2_amd64.deb ...
Unpacking libhtml-parser-perl (3.72-3+b2) ...
Selecting previously unselected package libio-string-perl.
Preparing to unpack .../39-libio-string-perl_1.08-3_all.deb ...
Unpacking libio-string-perl (1.08-3) ...
Selecting previously unselected package liblist-moreutils-perl.
Preparing to unpack .../40-liblist-moreutils-perl_0.416-1+b3_amd64.deb ...
Unpacking liblist-moreutils-perl (0.416-1+b3) ...
Selecting previously unselected package libparams-util-perl.
Preparing to unpack .../41-libparams-util-perl_1.07-3+b3_amd64.deb ...
Unpacking libparams-util-perl (1.07-3+b3) ...
Selecting previously unselected package libpod-coverage-perl.
Preparing to unpack .../42-libpod-coverage-perl_0.23-1_all.deb ...
Unpacking libpod-coverage-perl (0.23-1) ...
Selecting previously unselected package libtask-weaken-perl.
Preparing to unpack .../43-libtask-weaken-perl_1.04-1_all.deb ...
Unpacking libtask-weaken-perl (1.04-1) ...
Selecting previously unselected package libppi-perl.
Preparing to unpack .../44-libppi-perl_1.236-1_all.deb ...
Unpacking libppi-perl (1.236-1) ...
Selecting previously unselected package libppi-html-perl.
Preparing to unpack .../45-libppi-html-perl_1.08-1_all.deb ...
Unpacking libppi-html-perl (1.08-1) ...
Selecting previously unselected package libtemplate-perl.
Preparing to unpack .../46-libtemplate-perl_2.24-1.2+b5_amd64.deb ...
Unpacking libtemplate-perl (2.24-1.2+b5) ...
Selecting previously unselected package libtext-diff-perl.
Preparing to unpack .../47-libtext-diff-perl_1.44-1_all.deb ...
Unpacking libtext-diff-perl (1.44-1) ...
Selecting previously unselected package libtest-differences-perl.
Preparing to unpack .../48-libtest-differences-perl_0.64-1_all.deb ...
Unpacking libtest-differences-perl (0.64-1) ...
Selecting previously unselected package sbuild-build-depends-libdevel-cover-perl-dummy.
Preparing to unpack .../49-sbuild-build-depends-libdevel-cover-perl-dummy_0.invalid.0_amd64.deb ...
Unpacking sbuild-build-depends-libdevel-cover-perl-dummy (0.invalid.0) ...
Setting up libhtml-tagset-perl (3.20-3) ...
Setting up libdevel-symdump-perl (2.18-1) ...
Setting up libfile-slurp-perl (9999.19-6) ...
Setting up libcss-tiny-perl (1.20-1) ...
Setting up libarchive-zip-perl (1.59-1) ...
Setting up libtimedate-perl (2.3000-2) ...
Setting up libsigsegv2:amd64 (2.11-1) ...
Setting up groff-base (1.22.3-9) ...
Setting up libglib2.0-0:amd64 (2.53.4-3) ...
No schema files found: doing nothing.
Setting up libcapture-tiny-perl (0.46-1) ...
Setting up libexporter-tiny-perl (0.042-1) ...
Setting up gettext-base (0.19.8.1-2+b1) ...
Setting up libpipeline1:amd64 (1.4.2-1) ...
Setting up m4 (1.4.18-1) ...
Setting up libicu57:amd64 (57.1-6) ...
Setting up libxml2:amd64 (2.9.4+dfsg1-3) ...
Setting up libmagic-mgc (1:5.31-1) ...
Setting up libmagic1:amd64 (1:5.31-1) ...
Setting up libcroco3:amd64 (0.6.12-1) ...
Processing triggers for libc-bin (2.24-14) ...
Setting up autotools-dev (20161112.1) ...
Setting up liburi-perl (1.72-1) ...
Setting up libhtml-parser-perl (3.72-3+b2) ...
Setting up libio-string-perl (1.08-3) ...
Setting up libalgorithm-diff-perl (1.19.03-1) ...
Setting up libclone-perl (0.38-2+b2) ...
Setting up libappconfig-perl (1.71-2) ...
Setting up bsdmainutils (9.0.12+nmu1) ...
update-alternatives: using /usr/bin/bsd-write to provide /usr/bin/write (write) in auto mode
update-alternatives: using /usr/bin/bsd-from to provide /usr/bin/from (from) in auto mode
Setting up libparams-util-perl (1.07-3+b3) ...
Setting up autopoint (0.19.8.1-2) ...
Setting up libpod-coverage-perl (0.23-1) ...
Setting up libtask-weaken-perl (1.04-1) ...
Setting up libfile-stripnondeterminism-perl (0.038-1) ...
Setting up liblist-moreutils-perl (0.416-1+b3) ...
Setting up libppi-perl (1.236-1) ...
Setting up gettext (0.19.8.1-2+b1) ...
Setting up libtext-diff-perl (1.44-1) ...
Setting up autoconf (2.69-10) ...
Setting up libtemplate-perl (2.24-1.2+b5) ...
Setting up file (1:5.31-1) ...
Setting up libppi-html-perl (1.08-1) ...
Setting up intltool-debian (0.35.0+20060710.4) ...
Setting up automake (1:1.15.1-2) ...
update-alternatives: using /usr/bin/automake-1.15 to provide /usr/bin/automake (automake) in auto mode
Setting up man-db (2.7.6.1-2) ...
Not building database; man-db/auto-update is not 'true'.
Setting up libtool (2.4.6-2) ...
Setting up libtest-differences-perl (0.64-1) ...
Setting up po-debconf (1.0.20) ...
Setting up dh-autoreconf (14) ...
Setting up dh-strip-nondeterminism (0.038-1) ...
Setting up debhelper (10.7.2) ...
Setting up sbuild-build-depends-libdevel-cover-perl-dummy (0.invalid.0) ...

+------------------------------------------------------------------------------+
| Build environment                                                            |
+------------------------------------------------------------------------------+

Kernel: Linux 4.9.0-2-amd64 amd64 (x86_64)
Toolchain package versions: binutils_2.29-4 dpkg-dev_1.18.24 g++-7_7.2.0-1 gcc-7_7.2.0-1 libc6-dev_2.24-14 libstdc++-6-dev_6.4.0-3 libstdc++-7-dev_7.2.0-1 libstdc++6_7.2.0-1 linux-libc-dev_4.12.6-1
Package versions: adduser_3.116 apt_1.5~beta2 autoconf_2.69-10 automake_1:1.15.1-2 autopoint_0.19.8.1-2 autotools-dev_20161112.1 base-files_10 base-passwd_3.5.43 bash_4.4-5 binutils_2.29-4 bsdmainutils_9.0.12+nmu1 bsdutils_1:2.29.2-4 build-essential_12.3 bzip2_1.0.6-8.1 clang-5.0_1:5.0~+rc2-1 coreutils_8.26-3 cpp_4:7.1.0-2 cpp-7_7.2.0-1 dash_0.5.8-2.5 debconf_1.5.63 debfoster_2.7-2.1+b1 debhelper_10.7.2 debian-archive-keyring_2017.5 debianutils_4.8.2 dh-autoreconf_14 dh-strip-nondeterminism_0.038-1 diffutils_1:3.6-1 dpkg_1.18.24 dpkg-dev_1.18.24 e2fslibs_1.43.5-1 e2fsprogs_1.43.5-1 eatmydata_105-5 fakeroot_1.22-1 fdisk_2.29.2-4 file_1:5.31-1 findutils_4.6.0+git+20170729-2 g++_4:7.1.0-2 g++-7_7.2.0-1 gcc_4:7.1.0-2 gcc-6-base_6.4.0-3 gcc-7_7.2.0-1 gcc-7-base_7.2.0-1 gettext_0.19.8.1-2+b1 gettext-base_0.19.8.1-2+b1 gpgv_2.1.23-2 grep_3.1-2 groff-base_1.22.3-9 gzip_1.6-5+b1 hostname_3.18+b1 init-system-helpers_1.49 intltool-debian_0.35.0+20060710.4 libacl1_2.2.52-3+b1 libalgorithm-diff-perl_1.19.03-1 libappconfig-perl_1.71-2 libapt-pkg5.0_1.5~beta2 libarchive-zip-perl_1.59-1 libasan3_6.4.0-3 libasan4_7.2.0-1 libatomic1_7.2.0-1 libattr1_1:2.4.47-2+b2 libaudit-common_1:2.7.7-1 libaudit1_1:2.7.7-1+b2 libblkid1_2.29.2-4 libbsd0_0.8.6-1 libbz2-1.0_1.0.6-8.1 libc-bin_2.24-14 libc-dev-bin_2.24-14 libc6_2.24-14 libc6-dev_2.24-14 libcap-ng0_0.7.7-3+b1 libcapture-tiny-perl_0.46-1 libcc1-0_7.2.0-1 libcilkrts5_7.2.0-1 libclang-common-5.0-dev_1:5.0~+rc2-1 libclang1-5.0_1:5.0~+rc2-1 libclone-perl_0.38-2+b2 libcomerr2_1.43.5-1 libcroco3_0.6.12-1 libcss-tiny-perl_1.20-1 libdb5.3_5.3.28-13 libdebconfclient0_0.229 libdevel-symdump-perl_2.18-1 libdpkg-perl_1.18.24 libeatmydata1_105-5 libedit2_3.1-20170329-1 libexporter-tiny-perl_0.042-1 libfakeroot_1.22-1 libfdisk1_2.29.2-4 libffi6_3.2.1-6 libfile-slurp-perl_9999.19-6 libfile-stripnondeterminism-perl_0.038-1 libgc1c2_1:7.4.2-8 libgcc-6-dev_6.4.0-3 libgcc-7-dev_7.2.0-1 libgcc1_1:7.2.0-1 libgcrypt20_1.7.8-2 libgdbm3_1.8.3-14 libglib2.0-0_2.53.4-3 libgmp10_2:6.1.2+dfsg-1 libgnutls30_3.5.14-3 libgomp1_7.2.0-1 libgpg-error0_1.27-3 libhogweed4_3.3-1+b1 libhtml-parser-perl_3.72-3+b2 libhtml-tagset-perl_3.20-3 libicu57_57.1-6 libidn2-0_2.0.2-3 libio-string-perl_1.08-3 libisl15_0.18-1 libitm1_7.2.0-1 libjsoncpp1_1.7.4-3 liblist-moreutils-perl_0.416-1+b3 libllvm5.0_1:5.0~+rc2-1 liblsan0_7.2.0-1 liblz4-1_0.0~r131-2+b1 liblzma5_5.2.2-1.3 libmagic-mgc_1:5.31-1 libmagic1_1:5.31-1 libmount1_2.29.2-4 libmpc3_1.0.3-1+b2 libmpfr4_3.1.5-1 libmpx2_7.2.0-1 libncurses5_6.0+20170715-2 libncursesw5_6.0+20170715-2 libnettle6_3.3-1+b1 libobjc-6-dev_6.4.0-3 libobjc4_7.2.0-1 libp11-kit0_0.23.7-3 libpam-modules_1.1.8-3.6 libpam-modules-bin_1.1.8-3.6 libpam-runtime_1.1.8-3.6 libpam0g_1.1.8-3.6 libparams-util-perl_1.07-3+b3 libpcre3_2:8.39-4 libperl5.26_5.26.0-5 libpipeline1_1.4.2-1 libpod-coverage-perl_0.23-1 libppi-html-perl_1.08-1 libppi-perl_1.236-1 libquadmath0_7.2.0-1 libselinux1_2.6-3+b2 libsemanage-common_2.6-2 libsemanage1_2.6-2+b1 libsepol1_2.6-2 libsigsegv2_2.11-1 libsmartcols1_2.29.2-4 libss2_1.43.5-1 libstdc++-6-dev_6.4.0-3 libstdc++-7-dev_7.2.0-1 libstdc++6_7.2.0-1 libsystemd0_234-2 libtask-weaken-perl_1.04-1 libtasn1-6_4.12-2.1 libtemplate-perl_2.24-1.2+b5 libtest-differences-perl_0.64-1 libtext-diff-perl_1.44-1 libtimedate-perl_2.3000-2 libtinfo5_6.0+20170715-2 libtool_2.4.6-2 libtsan0_7.2.0-1 libubsan0_7.2.0-1 libudev1_234-2 libunistring2_0.9.7-2 liburi-perl_1.72-1 libustr-1.0-1_1.0.4-6 libuuid1_2.29.2-4 libxml2_2.9.4+dfsg1-3 linux-libc-dev_4.12.6-1 login_1:4.4-4.1 m4_1.4.18-1 make_4.1-9.1 man-db_2.7.6.1-2 mawk_1.3.3-17+b3 mount_2.29.2-4 multiarch-support_2.24-14 ncurses-base_6.0+20170715-2 ncurses-bin_6.0+20170715-2 passwd_1:4.4-4.1 patch_2.7.5-1+b2 perl_5.26.0-5 perl-base_5.26.0-5 perl-modules-5.26_5.26.0-5 po-debconf_1.0.20 sbuild-build-depends-core-dummy_0.invalid.0 sbuild-build-depends-libdevel-cover-perl-dummy_0.invalid.0 sed_4.4-1 sensible-utils_0.0.10 sysvinit-utils_2.88dsf-59.9 tar_1.29b-2 util-linux_2.29.2-4 xz-utils_5.2.2-1.3 zlib1g_1:1.2.8.dfsg-5

+------------------------------------------------------------------------------+
| Build                                                                        |
+------------------------------------------------------------------------------+


Unpack source
-------------

gpgv: unknown type of key resource 'trustedkeys.kbx'
gpgv: keyblock resource '/sbuild-nonexistent/.gnupg/trustedkeys.kbx': General error
gpgv: Signature made Sat Jun 17 19:07:45 2017 UTC
gpgv:                using RSA key D1E1316E93A760A8104D85FABB3A68018649AA06
gpgv: Can't check signature: No public key
dpkg-source: warning: failed to verify signature on ./libdevel-cover-perl_1.25-2.dsc
dpkg-source: info: extracting libdevel-cover-perl in /<<PKGBUILDDIR>>
dpkg-source: info: unpacking libdevel-cover-perl_1.25.orig.tar.gz
dpkg-source: info: unpacking libdevel-cover-perl_1.25-2.debian.tar.xz
dpkg-source: info: applying reproducible-build.patch

Check disk space
----------------

Sufficient free space for build

User Environment
----------------

APT_CONFIG=/var/lib/sbuild/apt.conf
HOME=/sbuild-nonexistent
LANG=en_US.UTF-8
LC_ALL=POSIX
LOGNAME=user42
PATH=/usr/local/sbin:/usr/local/bin:/usr/sbin:/usr/bin:/sbin:/bin:/usr/games
SCHROOT_ALIAS_NAME=unstable-amd64-sbuild
SCHROOT_CHROOT_NAME=unstable-amd64-sbuild
SCHROOT_COMMAND=env
SCHROOT_GID=1001
SCHROOT_GROUP=user42
SCHROOT_SESSION_ID=unstable-amd64-sbuild-a39102dc-5641-453b-991c-a88a8243d0b0
SCHROOT_UID=1001
SCHROOT_USER=user42
SHELL=/bin/sh
USER=user42

dpkg-buildpackage
-----------------

dpkg-buildpackage: info: source package libdevel-cover-perl
dpkg-buildpackage: info: source version 1.25-2
dpkg-buildpackage: info: source distribution unstable
dpkg-buildpackage: info: source changed by gregor herrmann <gregoa@debian.org>
 dpkg-source --before-build libdevel-cover-perl-1.25
dpkg-buildpackage: info: host architecture amd64
 fakeroot debian/rules clean
dh clean
   dh_auto_clean
   dh_clean
 debian/rules build-arch
dh build-arch
   dh_update_autotools_config -a
   dh_auto_configure -a
	perl -I. Makefile.PL INSTALLDIRS=vendor "OPTIMIZE=-g -O2 -fdebug-prefix-map=/<<PKGBUILDDIR>>=. -fstack-protector-strong -Wformat -Werror=format-security -Wdate-time -D_FORTIFY_SOURCE=2" "LD=x86_64-linux-gnu-gcc -g -O2 -fdebug-prefix-map=/<<PKGBUILDDIR>>=. -fstack-protector-strong -Wformat -Werror=format-security -Wl,-z,relro -Wl,-z,now"
Writing tests ........ done

checking for Storable                            .... 2.62     /usr/lib/x86_64-linux-gnu/perl/5.26/Storable.pm
checking for JSON::MaybeXS                       .... not found


The coverage database can be stored in any of the Storable, JSON or Sereal
formats.  To use the Storable format, the Storable module is required.  This has
been a core module since perl-5.8.0.  To store the database in JSON format
JSON::MaybeXS can be used.  It will use the best JSON backend available, trying
first Cpanel::JSON::XS.  To use the Sereal format, the Sereal module should be
installed.  This is available on CPAN.

Sereal is used if it is available.  Otherwise JSON is used, if available.
Otherwise Storable will be used.  The Sereal and JSON formats should be portable
between all systems, whereas Storable format may not be.


checking for Sereal                              .... not found
checking for Digest::MD5                         .... 2.55     /usr/lib/x86_64-linux-gnu/perl/5.26/Digest/MD5.pm
checking for Test::More                          .... 1.302073 /usr/share/perl/5.26/Test/More.pm
checking for Template           version 2.00     .... 2.24     /usr/lib/x86_64-linux-gnu/perl5/5.26/Template.pm
checking for PPI::HTML          version 1.07     .... 1.08     /usr/share/perl5/PPI/HTML.pm
checking for Perl::Tidy         version 20060719 .... not found


One of PPI::HTML 1.07 or Perl::Tidy 20060719 is required to add syntax
highlighting to some HTML backends to cover and for cpancover.  Unless you have
specific requirements this should not be a problem, but you will not be able to
use syntax highlighting in these reports until you install PPI::HTML or
Perl::Tidy, available from the CPAN.  However, the rest of Devel::Cover will be
available as usual.


checking for Pod::Coverage      version 0.06     .... 0.23     /usr/share/perl5/Pod/Coverage.pm
checking for Pod::Coverage::CountParents         ....          /usr/share/perl5/Pod/Coverage/CountParents.pm
checking for Test::Differences                   .... 0.64     /usr/share/perl5/Test/Differences.pm
checking for Browser::Open                       .... not found


Browser::Open is used to launch a web browser when the -launch flag is specified
with HTML report formats. You can download Browser::Open from CPAN.


checking for HTML::Entities                      .... 3.69     /usr/lib/x86_64-linux-gnu/perl5/5.26/HTML/Entities.pm

Devel::Cover 1.25 has not been tested with perl 5.026000.
Testing will take place against expected output from perl 5.025012.
You may well find failing tests.




Checking if your kit is complete...
Looks good
Generating a Unix-style Makefile
Writing Makefile for Devel::Cover
Writing MYMETA.yml and MYMETA.json

   dh_auto_build -a
	make -j1
make[1]: Entering directory '/<<PKGBUILDDIR>>'
cp lib/Devel/Cover/DB/Structure.pm blib/lib/Devel/Cover/DB/Structure.pm
cp lib/Devel/Cover/Report/Json.pm blib/lib/Devel/Cover/Report/Json.pm
cp lib/Devel/Cover/Annotation/Git.pm blib/lib/Devel/Cover/Annotation/Git.pm
cp lib/Devel/Cover/DB/File.pm blib/lib/Devel/Cover/DB/File.pm
cp lib/Devel/Cover/Annotation/Random.pm blib/lib/Devel/Cover/Annotation/Random.pm
cp lib/Devel/Cover/Annotation/Svk.pm blib/lib/Devel/Cover/Annotation/Svk.pm
cp lib/Devel/Cover/Report/Sort.pm blib/lib/Devel/Cover/Report/Sort.pm
cp lib/Devel/Cover.pm blib/lib/Devel/Cover.pm
cp lib/Devel/Cover/Branch.pm blib/lib/Devel/Cover/Branch.pm
cp lib/Devel/Cover/DB/IO.pm blib/lib/Devel/Cover/DB/IO.pm
cp lib/Devel/Cover/Report/Html_subtle.pm blib/lib/Devel/Cover/Report/Html_subtle.pm
cp lib/Devel/Cover/Criterion.pm blib/lib/Devel/Cover/Criterion.pm
cp lib/Devel/Cover/Report/Text2.pm blib/lib/Devel/Cover/Report/Text2.pm
cp lib/Devel/Cover/DB/IO/Sereal.pm blib/lib/Devel/Cover/DB/IO/Sereal.pm
cp lib/Devel/Cover/Report/Text.pm blib/lib/Devel/Cover/Report/Text.pm
cp lib/Devel/Cover/Report/Html_minimal.pm blib/lib/Devel/Cover/Report/Html_minimal.pm
cp lib/Devel/Cover/Inc.pm blib/lib/Devel/Cover/Inc.pm
cp lib/Devel/Cover/Report/Html_basic.pm blib/lib/Devel/Cover/Report/Html_basic.pm
cp lib/Devel/Cover/Report/Html.pm blib/lib/Devel/Cover/Report/Html.pm
cp lib/Devel/Cover/Html_Common.pm blib/lib/Devel/Cover/Html_Common.pm
cp lib/Devel/Cover/DB/Digests.pm blib/lib/Devel/Cover/DB/Digests.pm
cp lib/Devel/Cover/DB/IO/JSON.pm blib/lib/Devel/Cover/DB/IO/JSON.pm
cp lib/Devel/Cover/Dumper.pm blib/lib/Devel/Cover/Dumper.pm
cp lib/Devel/Cover/Condition_and_3.pm blib/lib/Devel/Cover/Condition_and_3.pm
cp lib/Devel/Cover/Condition_xor_4.pm blib/lib/Devel/Cover/Condition_xor_4.pm
cp lib/Devel/Cover/Condition_and_2.pm blib/lib/Devel/Cover/Condition_and_2.pm
cp lib/Devel/Cover/Report/Compilation.pm blib/lib/Devel/Cover/Report/Compilation.pm
cp lib/Devel/Cover/Condition_or_3.pm blib/lib/Devel/Cover/Condition_or_3.pm
cp lib/Devel/Cover/Pod.pm blib/lib/Devel/Cover/Pod.pm
cp lib/Devel/Cover/Op.pm blib/lib/Devel/Cover/Op.pm
cp lib/Devel/Cover/DB/IO/Storable.pm blib/lib/Devel/Cover/DB/IO/Storable.pm
cp lib/Devel/Cover/Report/Vim.pm blib/lib/Devel/Cover/Report/Vim.pm
cp lib/Devel/Cover/Collection.pm blib/lib/Devel/Cover/Collection.pm
cp lib/Devel/Cover/Condition_or_2.pm blib/lib/Devel/Cover/Condition_or_2.pm
cp lib/Devel/Cover/DB.pm blib/lib/Devel/Cover/DB.pm
cp lib/Devel/Cover/Condition.pm blib/lib/Devel/Cover/Condition.pm
cp lib/Devel/Cover/Statement.pm blib/lib/Devel/Cover/Statement.pm
cp lib/Devel/Cover/Tutorial.pod blib/lib/Devel/Cover/Tutorial.pod
cp lib/Devel/Cover/Web.pm blib/lib/Devel/Cover/Web.pm
cp lib/Devel/Cover/Truth_Table.pm blib/lib/Devel/Cover/Truth_Table.pm
cp lib/Devel/Cover/Util.pm blib/lib/Devel/Cover/Util.pm
cp lib/Devel/Cover/Subroutine.pm blib/lib/Devel/Cover/Subroutine.pm
cp lib/Devel/Cover/Time.pm blib/lib/Devel/Cover/Time.pm
cp lib/Devel/Cover/Test.pm blib/lib/Devel/Cover/Test.pm
Running Mkbootstrap for Cover ()
chmod 644 "Cover.bs"
"/usr/bin/perl" -MExtUtils::Command::MM -e 'cp_nonempty' -- Cover.bs blib/arch/auto/Devel/Cover/Cover.bs 644
"/usr/bin/perl" "/usr/share/perl/5.26/ExtUtils/xsubpp"  -typemap '/usr/share/perl/5.26/ExtUtils/typemap' -typemap '/<<PKGBUILDDIR>>/utils/typemap'  Cover.xs > Cover.xsc
mv Cover.xsc Cover.c
x86_64-linux-gnu-gcc -c   -D_REENTRANT -D_GNU_SOURCE -DDEBIAN -fwrapv -fno-strict-aliasing -pipe -I/usr/local/include -D_LARGEFILE_SOURCE -D_FILE_OFFSET_BITS=64 -g -O2 -fdebug-prefix-map=/<<PKGBUILDDIR>>=. -fstack-protector-strong -Wformat -Werror=format-security -Wdate-time -D_FORTIFY_SOURCE=2  -DPERL_EXTMALLOC_DEF -Dmalloc=Perl_malloc -Dfree=Perl_mfree -Drealloc=Perl_realloc -Dcalloc=Perl_calloc -DVERSION=\"1.25\" -DXS_VERSION=\"1.25\" -fPIC "-I/usr/lib/x86_64-linux-gnu/perl/5.26/CORE"   Cover.c
Cover.xs:82:5: warning: macro expansion producing 'defined' has undefined behavior [-Wexpansion-to-defined]
#if CAN_PROFILE
    ^
Cover.xs:64:21: note: expanded from macro 'CAN_PROFILE'
#define CAN_PROFILE defined HAS_GETTIMEOFDAY || defined HAS_TIMES
                    ^
Cover.xs:82:5: warning: macro expansion producing 'defined' has undefined behavior [-Wexpansion-to-defined]
Cover.xs:64:49: note: expanded from macro 'CAN_PROFILE'
#define CAN_PROFILE defined HAS_GETTIMEOFDAY || defined HAS_TIMES
                                                ^
Cover.xs:365:5: warning: macro expansion producing 'defined' has undefined behavior [-Wexpansion-to-defined]
#if CAN_PROFILE
    ^
Cover.xs:64:21: note: expanded from macro 'CAN_PROFILE'
#define CAN_PROFILE defined HAS_GETTIMEOFDAY || defined HAS_TIMES
                    ^
Cover.xs:365:5: warning: macro expansion producing 'defined' has undefined behavior [-Wexpansion-to-defined]
Cover.xs:64:49: note: expanded from macro 'CAN_PROFILE'
#define CAN_PROFILE defined HAS_GETTIMEOFDAY || defined HAS_TIMES
                                                ^
Cover.xs:407:5: warning: macro expansion producing 'defined' has undefined behavior [-Wexpansion-to-defined]
#if CAN_PROFILE
    ^
Cover.xs:64:21: note: expanded from macro 'CAN_PROFILE'
#define CAN_PROFILE defined HAS_GETTIMEOFDAY || defined HAS_TIMES
                    ^
Cover.xs:407:5: warning: macro expansion producing 'defined' has undefined behavior [-Wexpansion-to-defined]
Cover.xs:64:49: note: expanded from macro 'CAN_PROFILE'
#define CAN_PROFILE defined HAS_GETTIMEOFDAY || defined HAS_TIMES
                                                ^
Cover.xs:473:5: warning: macro expansion producing 'defined' has undefined behavior [-Wexpansion-to-defined]
#if CAN_PROFILE
    ^
Cover.xs:64:21: note: expanded from macro 'CAN_PROFILE'
#define CAN_PROFILE defined HAS_GETTIMEOFDAY || defined HAS_TIMES
                    ^
Cover.xs:473:5: warning: macro expansion producing 'defined' has undefined behavior [-Wexpansion-to-defined]
Cover.xs:64:49: note: expanded from macro 'CAN_PROFILE'
#define CAN_PROFILE defined HAS_GETTIMEOFDAY || defined HAS_TIMES
                                                ^
Cover.xs:950:28: warning: using the result of an assignment as a condition without parentheses [-Wparentheses]
            while (skipped = find_skipped_conditional(aTHX_ skipped))
                   ~~~~~~~~^~~~~~~~~~~~~~~~~~~~~~~~~~~~~~~~~~~~~~~~~
Cover.xs:950:28: note: place parentheses around the assignment to silence this warning
            while (skipped = find_skipped_conditional(aTHX_ skipped))
                           ^
                   (                                                )
Cover.xs:950:28: note: use '==' to turn this assignment into an equality comparison
            while (skipped = find_skipped_conditional(aTHX_ skipped))
                           ^
                           ==
Cover.xs:1183:5: warning: macro expansion producing 'defined' has undefined behavior [-Wexpansion-to-defined]
#if CAN_PROFILE
    ^
Cover.xs:64:21: note: expanded from macro 'CAN_PROFILE'
#define CAN_PROFILE defined HAS_GETTIMEOFDAY || defined HAS_TIMES
                    ^
Cover.xs:1183:5: warning: macro expansion producing 'defined' has undefined behavior [-Wexpansion-to-defined]
Cover.xs:64:49: note: expanded from macro 'CAN_PROFILE'
#define CAN_PROFILE defined HAS_GETTIMEOFDAY || defined HAS_TIMES
                                                ^
Cover.xs:1199:5: warning: macro expansion producing 'defined' has undefined behavior [-Wexpansion-to-defined]
#if CAN_PROFILE
    ^
Cover.xs:64:21: note: expanded from macro 'CAN_PROFILE'
#define CAN_PROFILE defined HAS_GETTIMEOFDAY || defined HAS_TIMES
                    ^
Cover.xs:1199:5: warning: macro expansion producing 'defined' has undefined behavior [-Wexpansion-to-defined]
Cover.xs:64:49: note: expanded from macro 'CAN_PROFILE'
#define CAN_PROFILE defined HAS_GETTIMEOFDAY || defined HAS_TIMES
                                                ^
Cover.xs:1315:5: warning: macro expansion producing 'defined' has undefined behavior [-Wexpansion-to-defined]
#if CAN_PROFILE
    ^
Cover.xs:64:21: note: expanded from macro 'CAN_PROFILE'
#define CAN_PROFILE defined HAS_GETTIMEOFDAY || defined HAS_TIMES
                    ^
Cover.xs:1315:5: warning: macro expansion producing 'defined' has undefined behavior [-Wexpansion-to-defined]
Cover.xs:64:49: note: expanded from macro 'CAN_PROFILE'
#define CAN_PROFILE defined HAS_GETTIMEOFDAY || defined HAS_TIMES
                                                ^
15 warnings generated.
rm -f blib/arch/auto/Devel/Cover/Cover.so
x86_64-linux-gnu-gcc -g -O2 -fdebug-prefix-map=/<<PKGBUILDDIR>>=. -fstack-protector-strong -Wformat -Werror=format-security -Wl,-z,relro -Wl,-z,now  -shared -L/usr/local/lib -fstack-protector-strong Cover.o  -o blib/arch/auto/Devel/Cover/Cover.so  \
      \
  
chmod 755 blib/arch/auto/Devel/Cover/Cover.so
cp bin/cover blib/script/cover
"/usr/bin/perl" -MExtUtils::MY -e 'MY->fixin(shift)' -- blib/script/cover
cp bin/cpancover blib/script/cpancover
"/usr/bin/perl" -MExtUtils::MY -e 'MY->fixin(shift)' -- blib/script/cpancover
cp bin/gcov2perl blib/script/gcov2perl
"/usr/bin/perl" -MExtUtils::MY -e 'MY->fixin(shift)' -- blib/script/gcov2perl
Manifying 3 pod documents
Manifying 31 pod documents
Manifying 12 pod documents
make[1]: Leaving directory '/<<PKGBUILDDIR>>'
   dh_auto_test -a
	make -j1 test TEST_VERBOSE=1
make[1]: Entering directory '/<<PKGBUILDDIR>>'
"/usr/bin/perl" -MExtUtils::Command::MM -e 'cp_nonempty' -- Cover.bs blib/arch/auto/Devel/Cover/Cover.bs 644
PERL_DL_NONLAZY=1 "/usr/bin/perl" "-MExtUtils::Command::MM" "-MTest::Harness" "-e" "undef *Test::Harness::Switches; test_harness(1, 'blib/lib', 'blib/arch')" t/*/*.t
Cannot close /usr/bin/perl -I.// -I.//blib/lib -I.//blib/arch -MDevel::Cover=-db,.//t/e2e/cover_db_accessor/,-select,/tests/accessor\b,-ignore,blib,Devel/Cover,-merge,0,-coverage,statement,branch,condition,subroutine .//tests/accessor :  at blib/lib/Devel/Cover/Test.pm line 187.
# Looks like your test exited with 2 before it could output anything.
t/e2e/aaccessor.t ........... 
1..1
Dubious, test returned 2 (wstat 512, 0x200)
Failed 1/1 subtests 
Cannot close /usr/bin/perl -I.// -I.//blib/lib -I.//blib/arch -MDevel::Cover=-db,.//t/e2e/cover_db_alias/,-select,/tests/alias\b,-ignore,blib,Devel/Cover,-merge,0,-coverage,statement,branch,condition,subroutine .//tests/alias :  at blib/lib/Devel/Cover/Test.pm line 187.
# Looks like your test exited with 2 before it could output anything.
t/e2e/aalias.t .............. 
1..1
Dubious, test returned 2 (wstat 512, 0x200)
Failed 1/1 subtests 
Cannot close /usr/bin/perl -I.// -I.//blib/lib -I.//blib/arch -MDevel::Cover=-db,.//t/e2e/cover_db_alias1/,-select,/tests/alias1\b,-ignore,blib,Devel/Cover,-merge,0,-coverage,statement,branch,condition,subroutine .//tests/alias1 :  at blib/lib/Devel/Cover/Test.pm line 187.
# Looks like your test exited with 2 before it could output anything.
t/e2e/aalias1.t ............. 
1..1
Dubious, test returned 2 (wstat 512, 0x200)
Failed 1/1 subtests 
Cannot close /usr/bin/perl -I.// -I.//blib/lib -I.//blib/arch -MDevel::Cover=-db,.//t/e2e/cover_db_and/,-select,/tests/and\b,-ignore,blib,Devel/Cover,-merge,0,-coverage,statement,branch,condition,subroutine .//tests/and :  at blib/lib/Devel/Cover/Test.pm line 187.
# Looks like your test exited with 2 before it could output anything.
t/e2e/aand.t ................ 
1..1
Dubious, test returned 2 (wstat 512, 0x200)
Failed 1/1 subtests 
Cannot close /usr/bin/perl -I.// -I.//blib/lib -I.//blib/arch -MDevel::Cover=-db,.//t/e2e/cover_db_bigint/,-select,/tests/bigint\b,-ignore,blib,Devel/Cover,-merge,0,-coverage,statement,branch,condition,subroutine .//tests/bigint :  at blib/lib/Devel/Cover/Test.pm line 187.
# Looks like your test exited with 2 before it could output anything.
t/e2e/abigint.t ............. 
1..1
Dubious, test returned 2 (wstat 512, 0x200)
Failed 1/1 subtests 
Cannot close /usr/bin/perl -I.// -I.//blib/lib -I.//blib/arch -MDevel::Cover=-db,.//t/e2e/cover_db_branch_return_sub/,-select,/tests/branch_return_sub\b,-ignore,blib,Devel/Cover,-merge,0,-coverage,statement,branch,condition,subroutine .//tests/branch_return_sub :  at blib/lib/Devel/Cover/Test.pm line 187.
# Looks like your test exited with 2 before it could output anything.
t/e2e/abranch_return_sub.t .. 
1..1
Dubious, test returned 2 (wstat 512, 0x200)
Failed 1/1 subtests 
Cannot close /usr/bin/perl -I.// -I.//blib/lib -I.//blib/arch -MDevel::Cover=-db,.//t/e2e/cover_db_cond_and/,-select,/tests/cond_and\b,-ignore,blib,Devel/Cover,-merge,0,-coverage,statement,branch,condition,subroutine .//tests/cond_and :  at blib/lib/Devel/Cover/Test.pm line 187.
# Looks like your test exited with 2 before it could output anything.
t/e2e/acond_and.t ........... 
1..1
Dubious, test returned 2 (wstat 512, 0x200)
Failed 1/1 subtests 
Cannot close /usr/bin/perl -I.// -I.//blib/lib -I.//blib/arch -MDevel::Cover=-db,.//t/e2e/cover_db_cond_branch/,-select,/tests/cond_branch\b,-ignore,blib,Devel/Cover,-merge,0,-coverage,statement,branch,condition,subroutine .//tests/cond_branch :  at blib/lib/Devel/Cover/Test.pm line 187.
# Looks like your test exited with 2 before it could output anything.
t/e2e/acond_branch.t ........ 
1..1
Dubious, test returned 2 (wstat 512, 0x200)
Failed 1/1 subtests 
Cannot close /usr/bin/perl -I.// -I.//blib/lib -I.//blib/arch -MDevel::Cover=-db,.//t/e2e/cover_db_cond_chained/,-select,/tests/cond_chained\b,-ignore,blib,Devel/Cover,-merge,0,-coverage,statement,branch,condition,subroutine .//tests/cond_chained :  at blib/lib/Devel/Cover/Test.pm line 187.
# Looks like your test exited with 2 before it could output anything.
t/e2e/acond_chained.t ....... 
1..1
Dubious, test returned 2 (wstat 512, 0x200)
Failed 1/1 subtests 
Cannot close /usr/bin/perl -I.// -I.//blib/lib -I.//blib/arch -MDevel::Cover=-db,.//t/e2e/cover_db_cond_or/,-select,/tests/cond_or\b,-ignore,blib,Devel/Cover,-merge,0,-coverage,statement,branch,condition,subroutine .//tests/cond_or :  at blib/lib/Devel/Cover/Test.pm line 187.
# Looks like your test exited with 2 before it could output anything.
t/e2e/acond_or.t ............ 
1..1
Dubious, test returned 2 (wstat 512, 0x200)
Failed 1/1 subtests 
Cannot close /usr/bin/perl -I.// -I.//blib/lib -I.//blib/arch -MDevel::Cover=-db,.//t/e2e/cover_db_cond_xor/,-select,/tests/cond_xor\b,-ignore,blib,Devel/Cover,-merge,0,-coverage,statement,branch,condition,subroutine .//tests/cond_xor :  at blib/lib/Devel/Cover/Test.pm line 187.
# Looks like your test exited with 2 before it could output anything.
t/e2e/acond_xor.t ........... 
1..1
Dubious, test returned 2 (wstat 512, 0x200)
Failed 1/1 subtests 
Cannot close /usr/bin/perl -I.// -I.//blib/lib -I.//blib/arch -MDevel::Cover=-db,.//t/e2e/cover_db_cop/,-select,/tests/cop\b,-ignore,blib,Devel/Cover,-merge,0,-coverage,statement,branch,condition,subroutine .//tests/cop :  at blib/lib/Devel/Cover/Test.pm line 187.
# Looks like your test exited with 2 before it could output anything.
t/e2e/acop.t ................ 
1..1
Dubious, test returned 2 (wstat 512, 0x200)
Failed 1/1 subtests 
t/e2e/adbm_cond.t ........... skipped: DBM::Deep not available
Cannot close /usr/bin/perl -I.// -I.//blib/lib -I.//blib/arch -MDevel::Cover=-db,.//t/e2e/cover_db_default_param/,-select,/tests/default_param\b,-ignore,blib,Devel/Cover,-merge,0,-coverage,statement,branch,condition,subroutine .//tests/default_param :  at blib/lib/Devel/Cover/Test.pm line 187.
# Looks like your test exited with 2 before it could output anything.
t/e2e/adefault_param.t ...... 
1..1
Dubious, test returned 2 (wstat 512, 0x200)
Failed 1/1 subtests 
Cannot close /usr/bin/perl -I.// -I.//blib/lib -I.//blib/arch -MDevel::Cover=-db,.//t/e2e/cover_db_deparse/,-select,/tests/deparse\b,-ignore,blib,Devel/Cover,-merge,0,-coverage,statement,branch,condition,subroutine .//tests/deparse :  at blib/lib/Devel/Cover/Test.pm line 187.
# Looks like your test exited with 2 before it could output anything.
t/e2e/adeparse.t ............ 
1..1
Dubious, test returned 2 (wstat 512, 0x200)
Failed 1/1 subtests 
Cannot close /usr/bin/perl -I.// -I.//blib/lib -I.//blib/arch -MDevel::Cover=-db,.//t/e2e/cover_db_destroy/,-select,/tests/destroy\b,-ignore,blib,Devel/Cover,-merge,0,-coverage,statement,branch,condition,subroutine .//tests/destroy :  at blib/lib/Devel/Cover/Test.pm line 187.
# Looks like your test exited with 2 before it could output anything.
t/e2e/adestroy.t ............ 
1..1
Dubious, test returned 2 (wstat 512, 0x200)
Failed 1/1 subtests 
Cannot close /usr/bin/perl -I.// -I.//blib/lib -I.//blib/arch -MDevel::Cover=-db,.//t/e2e/cover_db_dynamic_subs/,-select,/tests/dynamic_subs\b,-ignore,blib,Devel/Cover,-merge,0,-coverage,statement,branch,condition,subroutine .//tests/dynamic_subs :  at blib/lib/Devel/Cover/Test.pm line 187.
# Looks like your test exited with 2 before it could output anything.
t/e2e/adynamic_subs.t ....... 
1..1
Dubious, test returned 2 (wstat 512, 0x200)
Failed 1/1 subtests 
Cannot close /usr/bin/perl -I.// -I.//blib/lib -I.//blib/arch -MDevel::Cover=-db,.//t/e2e/cover_db_empty/,-select,/tests/empty\b,-ignore,blib,Devel/Cover,-merge,0,-coverage,statement,branch,condition,subroutine .//tests/empty :  at blib/lib/Devel/Cover/Test.pm line 187.
# Looks like your test exited with 2 before it could output anything.
t/e2e/aempty.t .............. 
1..1
Dubious, test returned 2 (wstat 512, 0x200)
Failed 1/1 subtests 
Cannot close /usr/bin/perl -I.// -I.//blib/lib -I.//blib/arch -MDevel::Cover=-db,.//t/e2e/cover_db_end_constant/,-select,/tests/end_constant\b,-ignore,blib,Devel/Cover,-merge,0,-coverage,statement,branch,condition,subroutine .//tests/end_constant :  at blib/lib/Devel/Cover/Test.pm line 187.
# Looks like your test exited with 2 before it could output anything.
t/e2e/aend_constant.t ....... 
1..1
Dubious, test returned 2 (wstat 512, 0x200)
Failed 1/1 subtests 
Cannot close /usr/bin/perl -I.// -I.//blib/lib -I.//blib/arch -MDevel::Cover=-db,.//t/e2e/cover_db_eval1/,-select,/tests/eval1\b,-ignore,blib,Devel/Cover,-merge,0,-coverage,statement,branch,condition,subroutine .//tests/eval1 :  at blib/lib/Devel/Cover/Test.pm line 187.
# Looks like your test exited with 2 before it could output anything.
t/e2e/aeval1.t .............. 
1..1
Dubious, test returned 2 (wstat 512, 0x200)
Failed 1/1 subtests 
Cannot close /usr/bin/perl -I.// -I.//blib/lib -I.//blib/arch -MDevel::Cover=-db,.//t/e2e/cover_db_eval2/,-select,/tests/eval2\b,-ignore,blib,Devel/Cover,-merge,0,-coverage,statement,branch,condition,subroutine .//tests/eval2 :  at blib/lib/Devel/Cover/Test.pm line 187.
# Looks like your test exited with 2 before it could output anything.
t/e2e/aeval2.t .............. 
1..1
Dubious, test returned 2 (wstat 512, 0x200)
Failed 1/1 subtests 
Cannot close /usr/bin/perl -I.// -I.//blib/lib -I.//blib/arch -MDevel::Cover=-db,.//t/e2e/cover_db_eval3/,-select,/tests/eval3\b,-ignore,blib,Devel/Cover,-merge,0,-coverage,statement,branch,condition,subroutine .//tests/eval3 :  at blib/lib/Devel/Cover/Test.pm line 187.
# Looks like your test exited with 2 before it could output anything.
t/e2e/aeval3.t .............. 
1..1
Dubious, test returned 2 (wstat 512, 0x200)
Failed 1/1 subtests 
Cannot close /usr/bin/perl -I.// -I.//blib/lib -I.//blib/arch -MDevel::Cover=-db,.//t/e2e/cover_db_eval_merge/,-select,/tests/eval_merge\b,-ignore,blib,Devel/Cover,-merge,0,-coverage,statement,branch,condition,subroutine .//tests/eval_merge :  at blib/lib/Devel/Cover/Test.pm line 187.
# Looks like your test exited with 2 before it could output anything.
t/e2e/aeval_merge.t ......... 
1..1
Dubious, test returned 2 (wstat 512, 0x200)
Failed 1/1 subtests 
Cannot close /usr/bin/perl -I.// -I.//blib/lib -I.//blib/arch -MDevel::Cover=-db,.//t/e2e/cover_db_eval_merge_0/,-select,/tests/eval_merge_0\b,-ignore,blib,Devel/Cover,-merge,0,-coverage,statement,branch,condition,subroutine .//tests/eval_merge_0 :  at blib/lib/Devel/Cover/Test.pm line 187.
# Looks like your test exited with 2 before it could output anything.
t/e2e/aeval_merge_0.t ....... 
1..1
Dubious, test returned 2 (wstat 512, 0x200)
Failed 1/1 subtests 
Cannot close /usr/bin/perl -I.// -I.//blib/lib -I.//blib/arch -MDevel::Cover=-db,.//t/e2e/cover_db_eval_merge_1/,-select,/tests/eval_merge_1\b,-ignore,blib,Devel/Cover,-merge,0,-coverage,statement,branch,condition,subroutine .//tests/eval_merge_1 :  at blib/lib/Devel/Cover/Test.pm line 187.
# Looks like your test exited with 2 before it could output anything.
t/e2e/aeval_merge_1.t ....... 
1..1
Dubious, test returned 2 (wstat 512, 0x200)
Failed 1/1 subtests 
Cannot close /usr/bin/perl -I.// -I.//blib/lib -I.//blib/arch -MDevel::Cover=-db,.//t/e2e/cover_db_eval_nested/,-select,/tests/eval_nested\b,-ignore,blib,Devel/Cover,-merge,0,-coverage,statement,branch,condition,subroutine .//tests/eval_nested :  at blib/lib/Devel/Cover/Test.pm line 187.
# Looks like your test exited with 2 before it could output anything.
t/e2e/aeval_nested.t ........ 
1..1
Dubious, test returned 2 (wstat 512, 0x200)
Failed 1/1 subtests 
Cannot close /usr/bin/perl -I.// -I.//blib/lib -I.//blib/arch -MDevel::Cover=-db,.//t/e2e/cover_db_exec/,-select,/tests/exec\b,-ignore,blib,Devel/Cover,-merge,0,-coverage,statement,branch,condition,subroutine .//tests/exec :  at blib/lib/Devel/Cover/Test.pm line 187.
# Looks like your test exited with 2 before it could output anything.
t/e2e/aexec.t ............... 
1..1
Dubious, test returned 2 (wstat 512, 0x200)
Failed 1/1 subtests 
Cannot close /usr/bin/perl -I.// -I.//blib/lib -I.//blib/arch -MDevel::Cover=-db,.//t/e2e/cover_db_exec_die/,-select,/tests/exec_die\b,-ignore,blib,Devel/Cover,-merge,0,-coverage,statement,branch,condition,subroutine .//tests/exec_die :  at blib/lib/Devel/Cover/Test.pm line 187.
# Looks like your test exited with 2 before it could output anything.
t/e2e/aexec_die.t ........... 
1..1
Dubious, test returned 2 (wstat 512, 0x200)
Failed 1/1 subtests 
Cannot close /usr/bin/perl -I.// -I.//blib/lib -I.//blib/arch -MDevel::Cover=-db,.//t/e2e/cover_db_final_op/,-select,/tests/final_op\b,-ignore,blib,Devel/Cover,-merge,0,-coverage,statement,branch,condition,subroutine .//tests/final_op :  at blib/lib/Devel/Cover/Test.pm line 187.
# Looks like your test exited with 2 before it could output anything.
t/e2e/afinal_op.t ........... 
1..1
Dubious, test returned 2 (wstat 512, 0x200)
Failed 1/1 subtests 
Cannot close /usr/bin/perl -I.// -I.//blib/lib -I.//blib/arch -MDevel::Cover=-db,.//t/e2e/cover_db_fork/,-select,/tests/fork\b,-ignore,blib,Devel/Cover,-merge,0,-coverage,statement,branch,condition,subroutine .//tests/fork :  at blib/lib/Devel/Cover/Test.pm line 187.
# Looks like your test exited with 2 before it could output anything.
t/e2e/afork.t ............... 
1..1
Dubious, test returned 2 (wstat 512, 0x200)
Failed 1/1 subtests 
Cannot close /usr/bin/perl -I.// -I.//blib/lib -I.//blib/arch -MDevel::Cover=-db,.//t/e2e/cover_db_if/,-select,/tests/if\b,-ignore,blib,Devel/Cover,-merge,0,-coverage,statement,branch,condition,subroutine .//tests/if :  at blib/lib/Devel/Cover/Test.pm line 187.
# Looks like your test exited with 2 before it could output anything.
t/e2e/aif.t ................. 
1..1
Dubious, test returned 2 (wstat 512, 0x200)
Failed 1/1 subtests 
t/e2e/ainc_sub.t ............ skipped: depends too much on specific installed perl
Cannot close /usr/bin/perl -I.// -I.//blib/lib -I.//blib/arch -MDevel::Cover=-db,.//t/e2e/cover_db_module1/,-select,/tests/module1\b,-ignore,blib,Devel/Cover,-merge,0,-coverage,statement,branch,condition,subroutine .//tests/module1 :  at blib/lib/Devel/Cover/Test.pm line 187.
# Looks like your test exited with 2 before it could output anything.
t/e2e/amodule1.t ............ 
1..1
Dubious, test returned 2 (wstat 512, 0x200)
Failed 1/1 subtests 
Cannot close /usr/bin/perl -I.// -I.//blib/lib -I.//blib/arch -MDevel::Cover=-db,.//t/e2e/cover_db_module2/,-select,/tests/module2\b,-ignore,blib,Devel/Cover,-merge,0,-coverage,statement,branch,condition,subroutine .//tests/module2 :  at blib/lib/Devel/Cover/Test.pm line 187.
# Looks like your test exited with 2 before it could output anything.
t/e2e/amodule2.t ............ 
1..1
Dubious, test returned 2 (wstat 512, 0x200)
Failed 1/1 subtests 
Cannot close /usr/bin/perl -I.// -I.//blib/lib -I.//blib/arch -MDevel::Cover=-db,.//t/e2e/cover_db_module_ignore/,-select,/tests/module_ignore\b,-ignore,blib,Devel/Cover,Module1,-merge,0,-coverage,statement,branch,condition,subroutine .//tests/module_ignore :  at blib/lib/Devel/Cover/Test.pm line 187.
# Looks like your test exited with 2 before it could output anything.
t/e2e/amodule_ignore.t ...... 
1..1
Dubious, test returned 2 (wstat 512, 0x200)
Failed 1/1 subtests 
Cannot close /usr/bin/perl -I.// -I.//blib/lib -I.//blib/arch -MDevel::Cover=-db,.//t/e2e/cover_db_module_import/,-select,/tests/module_import\b,-ignore,blib,Devel/Cover,-merge,0,-coverage,statement,branch,condition,subroutine .//tests/module_import :  at blib/lib/Devel/Cover/Test.pm line 187.
# Looks like your test exited with 2 before it could output anything.
t/e2e/amodule_import.t ...... 
1..1
Dubious, test returned 2 (wstat 512, 0x200)
Failed 1/1 subtests 
Cannot close /usr/bin/perl -I.// -I.//blib/lib -I.//blib/arch -MDevel::Cover=-db,.//t/e2e/cover_db_module_relative/,-select,/tests/module_relative\b,-ignore,blib,Devel/Cover,-merge,0,-coverage,statement,branch,condition,subroutine .//tests/module_relative :  at blib/lib/Devel/Cover/Test.pm line 187.
# Looks like your test exited with 2 before it could output anything.
t/e2e/amodule_relative.t .... 
1..1
Dubious, test returned 2 (wstat 512, 0x200)
Failed 1/1 subtests 
Cannot close /usr/bin/perl -I.// -I.//blib/lib -I.//blib/arch -MDevel::Cover=-db,.//t/e2e/cover_db_module_statements/,-select,/tests/module_statements\b,-ignore,blib,Devel/Cover,-merge,0,-coverage,statement,branch,condition,subroutine .//tests/module_statements :  at blib/lib/Devel/Cover/Test.pm line 187.
# Looks like your test exited with 2 before it could output anything.
t/e2e/amodule_statements.t .. 
1..1
Dubious, test returned 2 (wstat 512, 0x200)
Failed 1/1 subtests 
t/e2e/amoo_cond.t ........... skipped: Moo not available
t/e2e/amoose_basic.t ........ skipped: Moose not available or unreliable with Devel::Cover
t/e2e/amoose_cond.t ......... skipped: Moose 2 not available or unreliable with Devel::Cover
t/e2e/amoose_constraint.t ... skipped: Moose not available or unreliable with Devel::Cover
Cannot close /usr/bin/perl -I.// -I.//blib/lib -I.//blib/arch -MDevel::Cover=-db,.//t/e2e/cover_db_overload_bool/,-select,/tests/overload_bool\b,-ignore,blib,Devel/Cover,-merge,0,-coverage,statement,branch,condition,subroutine .//tests/overload_bool :  at blib/lib/Devel/Cover/Test.pm line 187.
# Looks like your test exited with 2 before it could output anything.
t/e2e/aoverload_bool.t ...... 
1..1
Dubious, test returned 2 (wstat 512, 0x200)
Failed 1/1 subtests 
Cannot close /usr/bin/perl -I.// -I.//blib/lib -I.//blib/arch -MDevel::Cover=-db,.//t/e2e/cover_db_overload_bool2/,-select,/tests/overload_bool2\b,-ignore,blib,Devel/Cover,-merge,0,-coverage,statement,branch,condition,subroutine .//tests/overload_bool2 :  at blib/lib/Devel/Cover/Test.pm line 187.
# Looks like your test exited with 2 before it could output anything.
t/e2e/aoverload_bool2.t ..... 
1..1
Dubious, test returned 2 (wstat 512, 0x200)
Failed 1/1 subtests 
Cannot close /usr/bin/perl -I.// -I.//blib/lib -I.//blib/arch -MDevel::Cover=-db,.//t/e2e/cover_db_overloaded/,-select,/tests/overloaded\b,-ignore,blib,Devel/Cover,-merge,0,-coverage,statement,branch,condition,subroutine .//tests/overloaded :  at blib/lib/Devel/Cover/Test.pm line 187.
# Looks like your test exited with 2 before it could output anything.
t/e2e/aoverloaded.t ......... 
1..1
Dubious, test returned 2 (wstat 512, 0x200)
Failed 1/1 subtests 
Cannot close /usr/bin/perl -I.// -I.//blib/lib -I.//blib/arch -MDevel::Cover=-db,.//t/e2e/cover_db_padrange/,-select,/tests/padrange\b,-ignore,blib,Devel/Cover,-merge,0,-coverage,statement,branch,condition,subroutine .//tests/padrange :  at blib/lib/Devel/Cover/Test.pm line 187.
# Looks like your test exited with 2 before it could output anything.
t/e2e/apadrange.t ........... 
1..1
Dubious, test returned 2 (wstat 512, 0x200)
Failed 1/1 subtests 
Cannot close /usr/bin/perl -I.// -I.//blib/lib -I.//blib/arch -MDevel::Cover=-db,.//t/e2e/cover_db_pod/,-select,/tests/pod\b,-ignore,blib,Devel/Cover,-merge,0,-coverage,pod-also_private-xx .//tests/pod :  at blib/lib/Devel/Cover/Test.pm line 187.
# Looks like your test exited with 2 before it could output anything.
t/e2e/apod.t ................ 
1..1
Dubious, test returned 2 (wstat 512, 0x200)
Failed 1/1 subtests 
Cannot close /usr/bin/perl -I.// -I.//blib/lib -I.//blib/arch -MDevel::Cover=-db,.//t/e2e/cover_db_pod_nocp/,-select,/tests/pod_nocp\b,-ignore,blib,Devel/Cover,-merge,0,-coverage,pod-nocp-also_private-xx .//tests/pod_nocp :  at blib/lib/Devel/Cover/Test.pm line 187.
# Looks like your test exited with 2 before it could output anything.
t/e2e/apod_nocp.t ........... 
1..1
Dubious, test returned 2 (wstat 512, 0x200)
Failed 1/1 subtests 
t/e2e/areadonly.t ........... skipped: Readonly not available
Cannot close /usr/bin/perl -I.// -I.//blib/lib -I.//blib/arch -MDevel::Cover=-db,.//t/e2e/cover_db_redefine_sub/,-select,/tests/redefine_sub\b,-ignore,blib,Devel/Cover,-merge,0,-coverage,statement,branch,condition,subroutine .//tests/redefine_sub :  at blib/lib/Devel/Cover/Test.pm line 187.
# Looks like your test exited with 2 before it could output anything.
t/e2e/aredefine_sub.t ....... 
1..1
Dubious, test returned 2 (wstat 512, 0x200)
Failed 1/1 subtests 
Cannot close /usr/bin/perl -I.// -I.//blib/lib -I.//blib/arch -MDevel::Cover=-db,.//t/e2e/cover_db_require/,-select,/tests/require\b,-ignore,blib,Devel/Cover,-merge,0,-coverage,statement,branch,condition,subroutine .//tests/require :  at blib/lib/Devel/Cover/Test.pm line 187.
# Looks like your test exited with 2 before it could output anything.
t/e2e/arequire.t ............ 
1..1
Dubious, test returned 2 (wstat 512, 0x200)
Failed 1/1 subtests 
Cannot close /usr/bin/perl -I.// -I.//blib/lib -I.//blib/arch -MDevel::Cover=-db,.//t/e2e/cover_db_skip/,-select,/tests/skip\b,-ignore,blib,Devel/Cover,-merge,0,-coverage,statement,branch,condition,subroutine .//tests/skip :  at blib/lib/Devel/Cover/Test.pm line 187.
# Looks like your test exited with 2 before it could output anything.
t/e2e/askip.t ............... 
1..1
Dubious, test returned 2 (wstat 512, 0x200)
Failed 1/1 subtests 
Cannot close /usr/bin/perl -I.// -I.//blib/lib -I.//blib/arch -MDevel::Cover=-db,.//t/e2e/cover_db_sort/,-select,/tests/sort\b,-ignore,blib,Devel/Cover,-merge,0,-coverage,statement,branch,condition,subroutine .//tests/sort :  at blib/lib/Devel/Cover/Test.pm line 187.
# Looks like your test exited with 2 before it could output anything.
t/e2e/asort.t ............... 
1..1
Dubious, test returned 2 (wstat 512, 0x200)
Failed 1/1 subtests 
Cannot close /usr/bin/perl -I.// -I.//blib/lib -I.//blib/arch -MDevel::Cover=-db,.//t/e2e/cover_db_special_blocks/,-select,/tests/special_blocks\b,-ignore,blib,Devel/Cover,-merge,0,-coverage,statement,branch,condition,subroutine .//tests/special_blocks :  at blib/lib/Devel/Cover/Test.pm line 187.
# Looks like your test exited with 2 before it could output anything.
t/e2e/aspecial_blocks.t ..... 
1..1
Dubious, test returned 2 (wstat 512, 0x200)
Failed 1/1 subtests 
Cannot close /usr/bin/perl -I.// -I.//blib/lib -I.//blib/arch -MDevel::Cover=-db,.//t/e2e/cover_db_statement/,-select,/tests/statement\b,-ignore,blib,Devel/Cover,-merge,0,-coverage,statement,branch,condition,subroutine .//tests/statement :  at blib/lib/Devel/Cover/Test.pm line 187.
# Looks like your test exited with 2 before it could output anything.
t/e2e/astatement.t .......... 
1..1
Dubious, test returned 2 (wstat 512, 0x200)
Failed 1/1 subtests 
Cannot close /usr/bin/perl -I.// -I.//blib/lib -I.//blib/arch -MDevel::Cover=-db,.//t/e2e/cover_db_subs_only/,-select,/tests/subs_only\b,-ignore,blib,Devel/Cover,-merge,0,-coverage,statement,branch,condition,subroutine,-subs_only,1 .//tests/subs_only :  at blib/lib/Devel/Cover/Test.pm line 187.
# Looks like your test exited with 2 before it could output anything.
t/e2e/asubs_only.t .......... 
1..1
Dubious, test returned 2 (wstat 512, 0x200)
Failed 1/1 subtests 
Cannot close /usr/bin/perl -I.// -I.//blib/lib -I.//blib/arch -MDevel::Cover=-db,.//t/e2e/cover_db_t0/,-select,/tests/t0\b,-ignore,blib,Devel/Cover,-merge,0,-coverage,statement,branch,condition,subroutine .//tests/t0 :  at blib/lib/Devel/Cover/Test.pm line 187.
# Looks like your test exited with 2 before it could output anything.
t/e2e/at0.t ................. 
1..1
Dubious, test returned 2 (wstat 512, 0x200)
Failed 1/1 subtests 
Cannot close /usr/bin/perl -I.// -I.//blib/lib -I.//blib/arch -MDevel::Cover=-db,.//t/e2e/cover_db_t1/,-select,/tests/t1\b,-ignore,blib,Devel/Cover,-merge,0,-coverage,statement,branch,condition,subroutine .//tests/t1 :  at blib/lib/Devel/Cover/Test.pm line 187.
# Looks like your test exited with 2 before it could output anything.
t/e2e/at1.t ................. 
1..1
Dubious, test returned 2 (wstat 512, 0x200)
Failed 1/1 subtests 
Cannot close /usr/bin/perl -I.// -I.//blib/lib -I.//blib/arch -MDevel::Cover=-db,.//t/e2e/cover_db_t2/,-select,/tests/t2\b,-ignore,blib,Devel/Cover,-merge,0,-coverage,statement,branch,condition,subroutine .//tests/t2 :  at blib/lib/Devel/Cover/Test.pm line 187.
# Looks like your test exited with 2 before it could output anything.
t/e2e/at2.t ................. 
1..1
Dubious, test returned 2 (wstat 512, 0x200)
Failed 1/1 subtests 
Cannot close /usr/bin/perl -I.// -I.//blib/lib -I.//blib/arch -MDevel::Cover=-db,.//t/e2e/cover_db_taint/,-select,/tests/taint\b,-ignore,blib,Devel/Cover,-merge,0,-coverage,statement,branch,condition,subroutine .//tests/taint :  at blib/lib/Devel/Cover/Test.pm line 187.
# Looks like your test exited with 2 before it could output anything.
t/e2e/ataint.t .............. 
1..1
Dubious, test returned 2 (wstat 512, 0x200)
Failed 1/1 subtests 
Cannot close /usr/bin/perl -I.// -I.//blib/lib -I.//blib/arch -MDevel::Cover=-db,.//t/e2e/cover_db_trivial/,-select,/tests/trivial\b,-ignore,blib,Devel/Cover,-merge,0,-coverage,statement,branch,condition,subroutine .//tests/trivial :  at blib/lib/Devel/Cover/Test.pm line 187.
# Looks like your test exited with 2 before it could output anything.
t/e2e/atrivial.t ............ 
1..1
Dubious, test returned 2 (wstat 512, 0x200)
Failed 1/1 subtests 
Cannot close /usr/bin/perl -I.// -I.//blib/lib -I.//blib/arch -MDevel::Cover=-db,.//t/e2e/cover_db_uncoverable/,-select,/tests/uncoverable\b,-ignore,blib,Devel/Cover,-merge,0,-coverage,statement,branch,condition,subroutine .//tests/uncoverable :  at blib/lib/Devel/Cover/Test.pm line 187.
# Looks like your test exited with 2 before it could output anything.
t/e2e/auncoverable.t ........ 
1..1
Dubious, test returned 2 (wstat 512, 0x200)
Failed 1/1 subtests 
Cannot close /usr/bin/perl -I.// -I.//blib/lib -I.//blib/arch -MDevel::Cover=-db,.//t/e2e/cover_db_v-58x/,-select,/tests/v-58x\b,-ignore,blib,Devel/Cover,-merge,0,-coverage,statement,branch,condition,subroutine .//tests/v-58x :  at blib/lib/Devel/Cover/Test.pm line 187.
# Looks like your test exited with 2 before it could output anything.
t/e2e/av-58x.t .............. 
1..1
Dubious, test returned 2 (wstat 512, 0x200)
Failed 1/1 subtests 
Cannot close /usr/bin/perl -I.// -I.//blib/lib -I.//blib/arch -MDevel::Cover=-db,.//t/e2e/cover_db_xor_constant_fold/,-select,/tests/xor_constant_fold\b,-ignore,blib,Devel/Cover,-merge,0,-coverage,statement,branch,condition,subroutine .//tests/xor_constant_fold :  at blib/lib/Devel/Cover/Test.pm line 187.
# Looks like your test exited with 2 before it could output anything.
t/e2e/axor_constant_fold.t .. 
1..1
Dubious, test returned 2 (wstat 512, 0x200)
Failed 1/1 subtests 
Cannot close /usr/bin/perl -I.// -I.//blib/lib -I.//blib/arch -MDevel::Cover=-db,.//t/e2e/cover_db_complex_change/,-select,/tests/change\b,-ignore,blib,Devel/Cover,-merge,0,-coverage,statement,branch,condition,subroutine .//tests/change :  at /<<PKGBUILDDIR>>/blib/lib/Devel/Cover/Test.pm line 187.
# Looks like your test exited with 2 before it could output anything.
t/e2e/change.t .............. 
1..1
Dubious, test returned 2 (wstat 512, 0x200)
Failed 1/1 subtests 
Cannot close /usr/bin/perl -I.// -I.//blib/lib -I.//blib/arch -MDevel::Cover=-db,.//t/e2e/cover_db_complex_eval_merge/,-select,/tests/eval_merge\b,-ignore,blib,Devel/Cover,-merge,0,-coverage,statement,branch,condition,subroutine .//tests/eval_merge 0:  at /<<PKGBUILDDIR>>/blib/lib/Devel/Cover/Test.pm line 187.
# Looks like your test exited with 2 before it could output anything.
t/e2e/eval_merge.t .......... 
1..1
Dubious, test returned 2 (wstat 512, 0x200)
Failed 1/1 subtests 
Cannot close /usr/bin/perl -I.// -I.//blib/lib -I.//blib/arch -MDevel::Cover=-db,.//t/e2e/cover_db_complex_eval_merge_sep/,-select,/tests/eval_merge_sep\b,-ignore,blib,Devel/Cover,-merge,0,-coverage,statement,branch,condition,subroutine .//tests/eval_merge_0 :  at /<<PKGBUILDDIR>>/blib/lib/Devel/Cover/Test.pm line 187.
# Looks like your test exited with 2 before it could output anything.
t/e2e/eval_merge_sep.t ...... 
1..1
Dubious, test returned 2 (wstat 512, 0x200)
Failed 1/1 subtests 
Cannot close /usr/bin/perl -I.// -I.//blib/lib -I.//blib/arch -MDevel::Cover=-db,.//t/e2e/cover_db_complex_eval_sub/,-select,/tests/eval3\b,-ignore,blib,Devel/Cover,-merge,0,-coverage,statement,branch,condition,subroutine .//tests/eval3 5:  at /<<PKGBUILDDIR>>/blib/lib/Devel/Cover/Test.pm line 187.
# Looks like your test exited with 2 before it could output anything.
t/e2e/eval_sub.t ............ 
1..1
Dubious, test returned 2 (wstat 512, 0x200)
Failed 1/1 subtests 
Cannot close /usr/bin/perl -I.// -I.//blib/lib -I.//blib/arch -MDevel::Cover=-db,.//t/e2e/cover_db_complex_eval_use/,-select,/tests/eval2\b,-ignore,blib,Devel/Cover,-merge,0,-coverage,statement,branch,condition,subroutine .//tests/eval2 :  at /<<PKGBUILDDIR>>/blib/lib/Devel/Cover/Test.pm line 187.
# Looks like your test exited with 2 before it could output anything.
t/e2e/eval_use.t ............ 
1..1
Dubious, test returned 2 (wstat 512, 0x200)
Failed 1/1 subtests 
Cannot close /usr/bin/perl -I.// -I.//blib/lib -I.//blib/arch -MDevel::Cover=-db,.//t/e2e/cover_db_complex_md5/,-select,/tests/md5\b,-ignore,blib,Devel/Cover,-merge,0,-coverage,statement,branch,condition,subroutine .//tests/md5 :  at /<<PKGBUILDDIR>>/blib/lib/Devel/Cover/Test.pm line 187.
# Looks like your test exited with 2 before it could output anything.
t/e2e/md5.t ................. 
1..1
Dubious, test returned 2 (wstat 512, 0x200)
Failed 1/1 subtests 
Can't load '/<<PKGBUILDDIR>>/blib/arch/auto/Devel/Cover/Cover.so' for module Devel::Cover: /<<PKGBUILDDIR>>/blib/arch/auto/Devel/Cover/Cover.so: undefined symbol: perl_tsa_mutex_lock at /usr/lib/x86_64-linux-gnu/perl/5.26/DynaLoader.pm line 187.
  at t/internal/criteria.t line 12.
t/internal/criteria.t ....... 
Dubious, test returned 2 (wstat 512, 0x200)
No subtests run 
t/internal/inc_filter.t ..... 
1..2
ok 1 - cwd_lib was left in the array four times
ok 2 - no other paths were left in the array
ok
t/internal/launch.t ......... 
1..10
ok 1 - Json does not support launch
ok 2 - Compilation does not support launch
ok 3 - Sort does not support launch
ok 4 - Html_minimal supports launch
ok 5 - Html_basic supports launch
ok 6 - Text2 does not support launch
ok 7 - Text does not support launch
ok 8 - Html_subtle supports launch
ok 9 - Vim does not support launch
ok 10 - Html supports launch
ok

#   Failed test 'test with perl -MDevel::Cover,-silent,1 -e'
#   at t/internal/subprocess.t line 18.
#          got: 'Can't load '/<<PKGBUILDDIR>>/blib/arch/auto/Devel/Cover/Cover.so' for module Devel::Cover: /<<PKGBUILDDIR>>/blib/arch/auto/Devel/Cover/Cover.so: undefined symbol: perl_tsa_mutex_lock at /usr/lib/x86_64-linux-gnu/perl/5.26/DynaLoader.pm line 187.
#   at -e line 0.
# BEGIN failed--compilation aborted.
# Undefined subroutine &Devel::Cover::set_first_init_and_end called at /<<PKGBUILDDIR>>/blib/lib/Devel/Cover.pm line 312.
# CHECK failed--call queue aborted.
# '
#     expected: 'Hello, world.'
# Looks like you failed 1 test of 2.
t/internal/subprocess.t ..... 
1..2
ok 1 - simple test with perl -e
not ok 2 - test with perl -MDevel::Cover,-silent,1 -e
Dubious, test returned 1 (wstat 256, 0x100)
Failed 1/2 subtests 
t/regexp/regexp_eval.t ...... 
1..1
ok 1
ok

Test Summary Report
-------------------
t/e2e/aaccessor.t         (Wstat: 512 Tests: 0 Failed: 0)
  Non-zero exit status: 2
  Parse errors: Bad plan.  You planned 1 tests but ran 0.
t/e2e/aalias.t            (Wstat: 512 Tests: 0 Failed: 0)
  Non-zero exit status: 2
  Parse errors: Bad plan.  You planned 1 tests but ran 0.
t/e2e/aalias1.t           (Wstat: 512 Tests: 0 Failed: 0)
  Non-zero exit status: 2
  Parse errors: Bad plan.  You planned 1 tests but ran 0.
t/e2e/aand.t              (Wstat: 512 Tests: 0 Failed: 0)
  Non-zero exit status: 2
  Parse errors: Bad plan.  You planned 1 tests but ran 0.
t/e2e/abigint.t           (Wstat: 512 Tests: 0 Failed: 0)
  Non-zero exit status: 2
  Parse errors: Bad plan.  You planned 1 tests but ran 0.
t/e2e/abranch_return_sub.t (Wstat: 512 Tests: 0 Failed: 0)
  Non-zero exit status: 2
  Parse errors: Bad plan.  You planned 1 tests but ran 0.
t/e2e/acond_and.t         (Wstat: 512 Tests: 0 Failed: 0)
  Non-zero exit status: 2
  Parse errors: Bad plan.  You planned 1 tests but ran 0.
t/e2e/acond_branch.t      (Wstat: 512 Tests: 0 Failed: 0)
  Non-zero exit status: 2
  Parse errors: Bad plan.  You planned 1 tests but ran 0.
t/e2e/acond_chained.t     (Wstat: 512 Tests: 0 Failed: 0)
  Non-zero exit status: 2
  Parse errors: Bad plan.  You planned 1 tests but ran 0.
t/e2e/acond_or.t          (Wstat: 512 Tests: 0 Failed: 0)
  Non-zero exit status: 2
  Parse errors: Bad plan.  You planned 1 tests but ran 0.
t/e2e/acond_xor.t         (Wstat: 512 Tests: 0 Failed: 0)
  Non-zero exit status: 2
  Parse errors: Bad plan.  You planned 1 tests but ran 0.
t/e2e/acop.t              (Wstat: 512 Tests: 0 Failed: 0)
  Non-zero exit status: 2
  Parse errors: Bad plan.  You planned 1 tests but ran 0.
t/e2e/adefault_param.t    (Wstat: 512 Tests: 0 Failed: 0)
  Non-zero exit status: 2
  Parse errors: Bad plan.  You planned 1 tests but ran 0.
t/e2e/adeparse.t          (Wstat: 512 Tests: 0 Failed: 0)
  Non-zero exit status: 2
  Parse errors: Bad plan.  You planned 1 tests but ran 0.
t/e2e/adestroy.t          (Wstat: 512 Tests: 0 Failed: 0)
  Non-zero exit status: 2
  Parse errors: Bad plan.  You planned 1 tests but ran 0.
t/e2e/adynamic_subs.t     (Wstat: 512 Tests: 0 Failed: 0)
  Non-zero exit status: 2
  Parse errors: Bad plan.  You planned 1 tests but ran 0.
t/e2e/aempty.t            (Wstat: 512 Tests: 0 Failed: 0)
  Non-zero exit status: 2
  Parse errors: Bad plan.  You planned 1 tests but ran 0.
t/e2e/aend_constant.t     (Wstat: 512 Tests: 0 Failed: 0)
  Non-zero exit status: 2
  Parse errors: Bad plan.  You planned 1 tests but ran 0.
t/e2e/aeval1.t            (Wstat: 512 Tests: 0 Failed: 0)
  Non-zero exit status: 2
  Parse errors: Bad plan.  You planned 1 tests but ran 0.
t/e2e/aeval2.t            (Wstat: 512 Tests: 0 Failed: 0)
  Non-zero exit status: 2
  Parse errors: Bad plan.  You planned 1 tests but ran 0.
t/e2e/aeval3.t            (Wstat: 512 Tests: 0 Failed: 0)
  Non-zero exit status: 2
  Parse errors: Bad plan.  You planned 1 tests but ran 0.
t/e2e/aeval_merge.t       (Wstat: 512 Tests: 0 Failed: 0)
  Non-zero exit status: 2
  Parse errors: Bad plan.  You planned 1 tests but ran 0.
t/e2e/aeval_merge_0.t     (Wstat: 512 Tests: 0 Failed: 0)
  Non-zero exit status: 2
  Parse errors: Bad plan.  You planned 1 tests but ran 0.
t/e2e/aeval_merge_1.t     (Wstat: 512 Tests: 0 Failed: 0)
  Non-zero exit status: 2
  Parse errors: Bad plan.  You planned 1 tests but ran 0.
t/e2e/aeval_nested.t      (Wstat: 512 Tests: 0 Failed: 0)
  Non-zero exit status: 2
  Parse errors: Bad plan.  You planned 1 tests but ran 0.
t/e2e/aexec.t             (Wstat: 512 Tests: 0 Failed: 0)
  Non-zero exit status: 2
  Parse errors: Bad plan.  You planned 1 tests but ran 0.
t/e2e/aexec_die.t         (Wstat: 512 Tests: 0 Failed: 0)
  Non-zero exit status: 2
  Parse errors: Bad plan.  You planned 1 tests but ran 0.
t/e2e/afinal_op.t         (Wstat: 512 Tests: 0 Failed: 0)
  Non-zero exit status: 2
  Parse errors: Bad plan.  You planned 1 tests but ran 0.
t/e2e/afork.t             (Wstat: 512 Tests: 0 Failed: 0)
  Non-zero exit status: 2
  Parse errors: Bad plan.  You planned 1 tests but ran 0.
t/e2e/aif.t               (Wstat: 512 Tests: 0 Failed: 0)
  Non-zero exit status: 2
  Parse errors: Bad plan.  You planned 1 tests but ran 0.
t/e2e/amodule1.t          (Wstat: 512 Tests: 0 Failed: 0)
  Non-zero exit status: 2
  Parse errors: Bad plan.  You planned 1 tests but ran 0.
t/e2e/amodule2.t          (Wstat: 512 Tests: 0 Failed: 0)
  Non-zero exit status: 2
  Parse errors: Bad plan.  You planned 1 tests but ran 0.
t/e2e/amodule_ignore.t    (Wstat: 512 Tests: 0 Failed: 0)
  Non-zero exit status: 2
  Parse errors: Bad plan.  You planned 1 tests but ran 0.
t/e2e/amodule_import.t    (Wstat: 512 Tests: 0 Failed: 0)
  Non-zero exit status: 2
  Parse errors: Bad plan.  You planned 1 tests but ran 0.
t/e2e/amodule_relative.t  (Wstat: 512 Tests: 0 Failed: 0)
  Non-zero exit status: 2
  Parse errors: Bad plan.  You planned 1 tests but ran 0.
t/e2e/amodule_statements.t (Wstat: 512 Tests: 0 Failed: 0)
  Non-zero exit status: 2
  Parse errors: Bad plan.  You planned 1 tests but ran 0.
t/e2e/aoverload_bool.t    (Wstat: 512 Tests: 0 Failed: 0)
  Non-zero exit status: 2
  Parse errors: Bad plan.  You planned 1 tests but ran 0.
t/e2e/aoverload_bool2.t   (Wstat: 512 Tests: 0 Failed: 0)
  Non-zero exit status: 2
  Parse errors: Bad plan.  You planned 1 tests but ran 0.
t/e2e/aoverloaded.t       (Wstat: 512 Tests: 0 Failed: 0)
  Non-zero exit status: 2
  Parse errors: Bad plan.  You planned 1 tests but ran 0.
t/e2e/apadrange.t         (Wstat: 512 Tests: 0 Failed: 0)
  Non-zero exit status: 2
  Parse errors: Bad plan.  You planned 1 tests but ran 0.
t/e2e/apod.t              (Wstat: 512 Tests: 0 Failed: 0)
  Non-zero exit status: 2
  Parse errors: Bad plan.  You planned 1 tests but ran 0.
t/e2e/apod_nocp.t         (Wstat: 512 Tests: 0 Failed: 0)
  Non-zero exit status: 2
  Parse errors: Bad plan.  You planned 1 tests but ran 0.
t/e2e/aredefine_sub.t     (Wstat: 512 Tests: 0 Failed: 0)
  Non-zero exit status: 2
  Parse errors: Bad plan.  You planned 1 tests but ran 0.
t/e2e/arequire.t          (Wstat: 512 Tests: 0 Failed: 0)
  Non-zero exit status: 2
  Parse errors: Bad plan.  You planned 1 tests but ran 0.
t/e2e/askip.t             (Wstat: 512 Tests: 0 Failed: 0)
  Non-zero exit status: 2
  Parse errors: Bad plan.  You planned 1 tests but ran 0.
t/e2e/asort.t             (Wstat: 512 Tests: 0 Failed: 0)
  Non-zero exit status: 2
  Parse errors: Bad plan.  You planned 1 tests but ran 0.
t/e2e/aspecial_blocks.t   (Wstat: 512 Tests: 0 Failed: 0)
  Non-zero exit status: 2
  Parse errors: Bad plan.  You planned 1 tests but ran 0.
t/e2e/astatement.t        (Wstat: 512 Tests: 0 Failed: 0)
  Non-zero exit status: 2
  Parse errors: Bad plan.  You planned 1 tests but ran 0.
t/e2e/asubs_only.t        (Wstat: 512 Tests: 0 Failed: 0)
  Non-zero exit status: 2
  Parse errors: Bad plan.  You planned 1 tests but ran 0.
t/e2e/at0.t               (Wstat: 512 Tests: 0 Failed: 0)
  Non-zero exit status: 2
  Parse errors: Bad plan.  You planned 1 tests but ran 0.
t/e2e/at1.t               (Wstat: 512 Tests: 0 Failed: 0)
  Non-zero exit status: 2
  Parse errors: Bad plan.  You planned 1 tests but ran 0.
t/e2e/at2.t               (Wstat: 512 Tests: 0 Failed: 0)
  Non-zero exit status: 2
  Parse errors: Bad plan.  You planned 1 tests but ran 0.
t/e2e/ataint.t            (Wstat: 512 Tests: 0 Failed: 0)
  Non-zero exit status: 2
  Parse errors: Bad plan.  You planned 1 tests but ran 0.
t/e2e/atrivial.t          (Wstat: 512 Tests: 0 Failed: 0)
  Non-zero exit status: 2
  Parse errors: Bad plan.  You planned 1 tests but ran 0.
t/e2e/auncoverable.t      (Wstat: 512 Tests: 0 Failed: 0)
  Non-zero exit status: 2
  Parse errors: Bad plan.  You planned 1 tests but ran 0.
t/e2e/av-58x.t            (Wstat: 512 Tests: 0 Failed: 0)
  Non-zero exit status: 2
  Parse errors: Bad plan.  You planned 1 tests but ran 0.
t/e2e/axor_constant_fold.t (Wstat: 512 Tests: 0 Failed: 0)
  Non-zero exit status: 2
  Parse errors: Bad plan.  You planned 1 tests but ran 0.
t/e2e/change.t            (Wstat: 512 Tests: 0 Failed: 0)
  Non-zero exit status: 2
  Parse errors: Bad plan.  You planned 1 tests but ran 0.
t/e2e/eval_merge.t        (Wstat: 512 Tests: 0 Failed: 0)
  Non-zero exit status: 2
  Parse errors: Bad plan.  You planned 1 tests but ran 0.
t/e2e/eval_merge_sep.t    (Wstat: 512 Tests: 0 Failed: 0)
  Non-zero exit status: 2
  Parse errors: Bad plan.  You planned 1 tests but ran 0.
t/e2e/eval_sub.t          (Wstat: 512 Tests: 0 Failed: 0)
  Non-zero exit status: 2
  Parse errors: Bad plan.  You planned 1 tests but ran 0.
t/e2e/eval_use.t          (Wstat: 512 Tests: 0 Failed: 0)
  Non-zero exit status: 2
  Parse errors: Bad plan.  You planned 1 tests but ran 0.
t/e2e/md5.t               (Wstat: 512 Tests: 0 Failed: 0)
  Non-zero exit status: 2
  Parse errors: Bad plan.  You planned 1 tests but ran 0.
t/internal/criteria.t     (Wstat: 512 Tests: 0 Failed: 0)
  Non-zero exit status: 2
  Parse errors: No plan found in TAP output
t/internal/subprocess.t   (Wstat: 256 Tests: 2 Failed: 1)
  Failed test:  2
  Non-zero exit status: 1
Files=75, Tests=15, 11 wallclock secs ( 0.12 usr  0.04 sys +  9.35 cusr  0.77 csys = 10.28 CPU)
Result: FAIL
Failed 65/75 test programs. 1/15 subtests failed.
Makefile:1219: recipe for target 'test_dynamic' failed
make[1]: *** [test_dynamic] Error 255
make[1]: Leaving directory '/<<PKGBUILDDIR>>'
dh_auto_test: make -j1 test TEST_VERBOSE=1 returned exit code 2
debian/rules:9: recipe for target 'build-arch' failed
make: *** [build-arch] Error 2
dpkg-buildpackage: error: debian/rules build-arch gave error exit status 2
--------------------------------------------------------------------------------
Build finished at 2017-08-20T19:09:30Z

Finished
--------


+------------------------------------------------------------------------------+
| Cleanup                                                                      |
+------------------------------------------------------------------------------+

Purging /<<BUILDDIR>>
Not cleaning session: cloned chroot in use
E: Build failure (dpkg-buildpackage died)

+------------------------------------------------------------------------------+
| Summary                                                                      |
+------------------------------------------------------------------------------+

Build Architecture: amd64
Build Type: any
Build-Space: 3868
Build-Time: 14
Distribution: unstable
Fail-Stage: build
Host Architecture: amd64
Install-Time: 6
Job: libdevel-cover-perl_1.25-2
Machine Architecture: amd64
Package: libdevel-cover-perl
Package-Time: 44
Source-Version: 1.25-2
Space: 3868
Status: attempted
Version: 1.25-2
--------------------------------------------------------------------------------
Finished at 2017-08-20T19:09:30Z
Build needed 00:00:44, 3868k disk space
E: Build failure (dpkg-buildpackage died)
DC-Status: Failed 44.185435014s
