DC-Build-Header: librevenge 0.0.4-6 / 2017-08-20 19:06:21 +0000
DC-Task: type:rebuild-binarch-only source:librevenge version:0.0.4-6 chroot:unstable esttime:53 logfile:/tmp/librevenge_0.0.4-6_unstable_clang5.0.log modes:clang50:binarch-only
DC-Sbuild-call: su user42 -c 'sbuild -n --arch-any --apt-update -d unstable -v  --chroot-setup-commands=/tmp/clang50 librevenge_0.0.4-6'
sbuild (Debian sbuild) 0.73.0 (23 Dec 2016) on ip-172-31-36-225.eu-central-1.compute.internal

+==============================================================================+
| librevenge 0.0.4-6 (amd64)                   Sun, 20 Aug 2017 19:06:21 +0000 |
+==============================================================================+

Package: librevenge
Version: 0.0.4-6
Source Version: 0.0.4-6
Distribution: unstable
Machine Architecture: amd64
Host Architecture: amd64
Build Architecture: amd64
Build Type: any

I: NOTICE: Log filtering will replace 'var/run/schroot/mount/unstable-amd64-sbuild-c677cdcd-54a7-45be-bdad-00f09703c9de' with '<<CHROOT>>'

+------------------------------------------------------------------------------+
| Chroot Setup Commands                                                        |
+------------------------------------------------------------------------------+


/tmp/clang50
------------

+ echo 'Entering customization script...'
Entering customization script...
+ CLANG_VERSION=5.0
+ echo 'Install of clang-5.0'
Install of clang-5.0
+ apt-get update
Hit:1 http://127.0.0.1:9999/debian unstable InRelease
Get:2 http://127.0.0.1:9999/debian unstable/main Translation-en [5785 kB]
Fetched 5785 kB in 1s (3972 kB/s)
Reading package lists...
+ apt-get install --yes --no-install-recommends --force-yes clang-5.0
Reading package lists...
Building dependency tree...
Reading state information...
The following additional packages will be installed:
  libasan3 libbsd0 libclang-common-5.0-dev libclang1-5.0 libedit2 libgcc-6-dev
  libjsoncpp1 libllvm5.0 libncurses5 libobjc-6-dev libobjc4 libstdc++-6-dev
Suggested packages:
  gnustep gnustep-devel clang-5.0-doc libomp-dev libstdc++-6-doc
Recommended packages:
  llvm-5.0-dev python libgpm2
The following NEW packages will be installed:
  clang-5.0 libasan3 libbsd0 libclang-common-5.0-dev libclang1-5.0 libedit2
  libgcc-6-dev libjsoncpp1 libllvm5.0 libncurses5 libobjc-6-dev libobjc4
  libstdc++-6-dev
0 upgraded, 13 newly installed, 0 to remove and 0 not upgraded.
Need to get 88.4 MB of archives.
After this operation, 376 MB of additional disk space will be used.
Get:1 http://127.0.0.1:9999/debian unstable/main amd64 libbsd0 amd64 0.8.6-1 [90.3 kB]
Get:2 http://127.0.0.1:9999/debian unstable/main amd64 libncurses5 amd64 6.0+20170715-2 [93.8 kB]
Get:3 http://127.0.0.1:9999/debian unstable/main amd64 libedit2 amd64 3.1-20170329-1 [85.2 kB]
Get:4 http://127.0.0.1:9999/debian unstable/main amd64 libllvm5.0 amd64 1:5.0~+rc2-1 [13.5 MB]
Get:5 http://127.0.0.1:9999/debian unstable/main amd64 libclang1-5.0 amd64 1:5.0~+rc2-1 [6729 kB]
Get:6 http://127.0.0.1:9999/debian unstable/main amd64 libjsoncpp1 amd64 1.7.4-3 [75.6 kB]
Get:7 http://127.0.0.1:9999/debian unstable/main amd64 libasan3 amd64 6.4.0-3 [311 kB]
Get:8 http://127.0.0.1:9999/debian unstable/main amd64 libgcc-6-dev amd64 6.4.0-3 [2296 kB]
Get:9 http://127.0.0.1:9999/debian unstable/main amd64 libstdc++-6-dev amd64 6.4.0-3 [1421 kB]
Get:10 http://127.0.0.1:9999/debian unstable/main amd64 libobjc4 amd64 7.2.0-1 [51.0 kB]
Get:11 http://127.0.0.1:9999/debian unstable/main amd64 libobjc-6-dev amd64 6.4.0-3 [197 kB]
Get:12 http://127.0.0.1:9999/debian unstable/main amd64 libclang-common-5.0-dev amd64 1:5.0~+rc2-1 [1989 kB]
Get:13 http://127.0.0.1:9999/debian unstable/main amd64 clang-5.0 amd64 1:5.0~+rc2-1 [61.6 MB]
debconf: delaying package configuration, since apt-utils is not installed
Fetched 88.4 MB in 0s (98.8 MB/s)
Selecting previously unselected package libbsd0:amd64.
(Reading database ... (Reading database ... 5%(Reading database ... 10%(Reading database ... 15%(Reading database ... 20%(Reading database ... 25%(Reading database ... 30%(Reading database ... 35%(Reading database ... 40%(Reading database ... 45%(Reading database ... 50%(Reading database ... 55%(Reading database ... 60%(Reading database ... 65%(Reading database ... 70%(Reading database ... 75%(Reading database ... 80%(Reading database ... 85%(Reading database ... 90%(Reading database ... 95%(Reading database ... 100%(Reading database ... 9822 files and directories currently installed.)
Preparing to unpack .../00-libbsd0_0.8.6-1_amd64.deb ...
Unpacking libbsd0:amd64 (0.8.6-1) ...
Selecting previously unselected package libncurses5:amd64.
Preparing to unpack .../01-libncurses5_6.0+20170715-2_amd64.deb ...
Unpacking libncurses5:amd64 (6.0+20170715-2) ...
Selecting previously unselected package libedit2:amd64.
Preparing to unpack .../02-libedit2_3.1-20170329-1_amd64.deb ...
Unpacking libedit2:amd64 (3.1-20170329-1) ...
Selecting previously unselected package libllvm5.0:amd64.
Preparing to unpack .../03-libllvm5.0_1%3a5.0~+rc2-1_amd64.deb ...
Unpacking libllvm5.0:amd64 (1:5.0~+rc2-1) ...
Selecting previously unselected package libclang1-5.0:amd64.
Preparing to unpack .../04-libclang1-5.0_1%3a5.0~+rc2-1_amd64.deb ...
Unpacking libclang1-5.0:amd64 (1:5.0~+rc2-1) ...
Selecting previously unselected package libjsoncpp1:amd64.
Preparing to unpack .../05-libjsoncpp1_1.7.4-3_amd64.deb ...
Unpacking libjsoncpp1:amd64 (1.7.4-3) ...
Selecting previously unselected package libasan3:amd64.
Preparing to unpack .../06-libasan3_6.4.0-3_amd64.deb ...
Unpacking libasan3:amd64 (6.4.0-3) ...
Selecting previously unselected package libgcc-6-dev:amd64.
Preparing to unpack .../07-libgcc-6-dev_6.4.0-3_amd64.deb ...
Unpacking libgcc-6-dev:amd64 (6.4.0-3) ...
Selecting previously unselected package libstdc++-6-dev:amd64.
Preparing to unpack .../08-libstdc++-6-dev_6.4.0-3_amd64.deb ...
Unpacking libstdc++-6-dev:amd64 (6.4.0-3) ...
Selecting previously unselected package libobjc4:amd64.
Preparing to unpack .../09-libobjc4_7.2.0-1_amd64.deb ...
Unpacking libobjc4:amd64 (7.2.0-1) ...
Selecting previously unselected package libobjc-6-dev:amd64.
Preparing to unpack .../10-libobjc-6-dev_6.4.0-3_amd64.deb ...
Unpacking libobjc-6-dev:amd64 (6.4.0-3) ...
Selecting previously unselected package libclang-common-5.0-dev.
Preparing to unpack .../11-libclang-common-5.0-dev_1%3a5.0~+rc2-1_amd64.deb ...
Unpacking libclang-common-5.0-dev (1:5.0~+rc2-1) ...
Selecting previously unselected package clang-5.0.
Preparing to unpack .../12-clang-5.0_1%3a5.0~+rc2-1_amd64.deb ...
Unpacking clang-5.0 (1:5.0~+rc2-1) ...
Setting up libncurses5:amd64 (6.0+20170715-2) ...
Setting up libobjc4:amd64 (7.2.0-1) ...
Setting up libasan3:amd64 (6.4.0-3) ...
Setting up libgcc-6-dev:amd64 (6.4.0-3) ...
Setting up libstdc++-6-dev:amd64 (6.4.0-3) ...
Setting up libbsd0:amd64 (0.8.6-1) ...
Processing triggers for libc-bin (2.24-14) ...
Setting up libobjc-6-dev:amd64 (6.4.0-3) ...
Setting up libjsoncpp1:amd64 (1.7.4-3) ...
Setting up libedit2:amd64 (3.1-20170329-1) ...
Setting up libllvm5.0:amd64 (1:5.0~+rc2-1) ...
Setting up libclang1-5.0:amd64 (1:5.0~+rc2-1) ...
Setting up libclang-common-5.0-dev (1:5.0~+rc2-1) ...
Setting up clang-5.0 (1:5.0~+rc2-1) ...
Processing triggers for libc-bin (2.24-14) ...
W: --force-yes is deprecated, use one of the options starting with --allow instead.
+ echo 'Replace gcc, g++ & cpp by clang'
Replace gcc, g++ & cpp by clang
+ VERSIONS='4.6 4.7 4.8 4.9 5 6 7'
+ cd /usr/bin
+ for VERSION in $VERSIONS
+ rm -f g++-4.6 gcc-4.6 cpp-4.6 gcc
+ ln -s clang++-5.0 g++-4.6
+ ln -s clang-5.0 gcc-4.6
+ ln -s clang-5.0 cpp-4.6
+ ln -s clang-5.0 gcc
+ echo 'gcc-4.6 hold'
+ dpkg --set-selections
dpkg: warning: package not in status nor available database at line 1: gcc-4.6
dpkg: warning: found unknown packages; this might mean the available database
is outdated, and needs to be updated through a frontend method;
please see the FAQ <https://wiki.debian.org/Teams/Dpkg/FAQ>
+ echo 'g++-4.6 hold'
+ dpkg --set-selections
dpkg: warning: package not in status nor available database at line 1: g++-4.6
dpkg: warning: found unknown packages; this might mean the available database
is outdated, and needs to be updated through a frontend method;
please see the FAQ <https://wiki.debian.org/Teams/Dpkg/FAQ>
+ for VERSION in $VERSIONS
+ rm -f g++-4.7 gcc-4.7 cpp-4.7 gcc
+ ln -s clang++-5.0 g++-4.7
+ ln -s clang-5.0 gcc-4.7
+ ln -s clang-5.0 cpp-4.7
+ ln -s clang-5.0 gcc
+ echo 'gcc-4.7 hold'
+ dpkg --set-selections
dpkg: warning: package not in status nor available database at line 1: gcc-4.7
dpkg: warning: found unknown packages; this might mean the available database
is outdated, and needs to be updated through a frontend method;
please see the FAQ <https://wiki.debian.org/Teams/Dpkg/FAQ>
+ echo 'g++-4.7 hold'
+ dpkg --set-selections
dpkg: warning: package not in status nor available database at line 1: g++-4.7
dpkg: warning: found unknown packages; this might mean the available database
is outdated, and needs to be updated through a frontend method;
please see the FAQ <https://wiki.debian.org/Teams/Dpkg/FAQ>
+ for VERSION in $VERSIONS
+ rm -f g++-4.8 gcc-4.8 cpp-4.8 gcc
+ ln -s clang++-5.0 g++-4.8
+ ln -s clang-5.0 gcc-4.8
+ ln -s clang-5.0 cpp-4.8
+ ln -s clang-5.0 gcc
+ echo 'gcc-4.8 hold'
+ dpkg --set-selections
dpkg: warning: package not in status nor available database at line 1: gcc-4.8
dpkg: warning: found unknown packages; this might mean the available database
is outdated, and needs to be updated through a frontend method;
please see the FAQ <https://wiki.debian.org/Teams/Dpkg/FAQ>
+ echo 'g++-4.8 hold'
+ dpkg --set-selections
dpkg: warning: package not in status nor available database at line 1: g++-4.8
dpkg: warning: found unknown packages; this might mean the available database
is outdated, and needs to be updated through a frontend method;
please see the FAQ <https://wiki.debian.org/Teams/Dpkg/FAQ>
+ for VERSION in $VERSIONS
+ rm -f g++-4.9 gcc-4.9 cpp-4.9 gcc
+ ln -s clang++-5.0 g++-4.9
+ ln -s clang-5.0 gcc-4.9
+ ln -s clang-5.0 cpp-4.9
+ ln -s clang-5.0 gcc
+ echo 'gcc-4.9 hold'
+ dpkg --set-selections
dpkg: warning: package not in status nor available database at line 1: gcc-4.9
dpkg: warning: found unknown packages; this might mean the available database
is outdated, and needs to be updated through a frontend method;
please see the FAQ <https://wiki.debian.org/Teams/Dpkg/FAQ>
+ echo 'g++-4.9 hold'
+ dpkg --set-selections
dpkg: warning: package not in status nor available database at line 1: g++-4.9
dpkg: warning: found unknown packages; this might mean the available database
is outdated, and needs to be updated through a frontend method;
please see the FAQ <https://wiki.debian.org/Teams/Dpkg/FAQ>
+ for VERSION in $VERSIONS
+ rm -f g++-5 gcc-5 cpp-5 gcc
+ ln -s clang++-5.0 g++-5
+ ln -s clang-5.0 gcc-5
+ ln -s clang-5.0 cpp-5
+ ln -s clang-5.0 gcc
+ echo 'gcc-5 hold'
+ dpkg --set-selections
+ echo 'g++-5 hold'
+ dpkg --set-selections
+ for VERSION in $VERSIONS
+ rm -f g++-6 gcc-6 cpp-6 gcc
+ ln -s clang++-5.0 g++-6
+ ln -s clang-5.0 gcc-6
+ ln -s clang-5.0 cpp-6
+ ln -s clang-5.0 gcc
+ echo 'gcc-6 hold'
+ dpkg --set-selections
dpkg: warning: package not in status nor available database at line 1: gcc-6
dpkg: warning: found unknown packages; this might mean the available database
is outdated, and needs to be updated through a frontend method;
please see the FAQ <https://wiki.debian.org/Teams/Dpkg/FAQ>
+ echo 'g++-6 hold'
+ dpkg --set-selections
dpkg: warning: package not in status nor available database at line 1: g++-6
dpkg: warning: found unknown packages; this might mean the available database
is outdated, and needs to be updated through a frontend method;
please see the FAQ <https://wiki.debian.org/Teams/Dpkg/FAQ>
+ for VERSION in $VERSIONS
+ rm -f g++-7 gcc-7 cpp-7 gcc
+ ln -s clang++-5.0 g++-7
+ ln -s clang-5.0 gcc-7
+ ln -s clang-5.0 cpp-7
+ ln -s clang-5.0 gcc
+ echo 'gcc-7 hold'
+ dpkg --set-selections
+ echo 'g++-7 hold'
+ dpkg --set-selections
+ cd -
/build/librevenge-nw2kvH
+ echo 'Check if gcc, g++ & cpp are actually clang'
Check if gcc, g++ & cpp are actually clang
+ gcc --version
+ grep clang
+ cpp --version
+ grep clang
+ g++ --version
+ grep clang

I: Finished running '/tmp/clang50'.

Finished processing commands.
--------------------------------------------------------------------------------

+------------------------------------------------------------------------------+
| Update chroot                                                                |
+------------------------------------------------------------------------------+

Hit:1 http://127.0.0.1:9999/debian unstable InRelease
Reading package lists...
Reading package lists...
Building dependency tree...
Reading state information...
Calculating upgrade...
0 upgraded, 0 newly installed, 0 to remove and 0 not upgraded.

+------------------------------------------------------------------------------+
| Fetch source files                                                           |
+------------------------------------------------------------------------------+


Check APT
---------

Checking available source versions...

Download source files with APT
------------------------------

Reading package lists...
Need to get 545 kB of source archives.
Get:1 http://127.0.0.1:9999/debian unstable/main librevenge 0.0.4-6 (dsc) [2001 B]
Get:2 http://127.0.0.1:9999/debian unstable/main librevenge 0.0.4-6 (tar) [530 kB]
Get:3 http://127.0.0.1:9999/debian unstable/main librevenge 0.0.4-6 (diff) [13.5 kB]
Fetched 545 kB in 0s (3311 kB/s)
Download complete and in download only mode
I: NOTICE: Log filtering will replace 'build/librevenge-nw2kvH/librevenge-0.0.4' with '<<PKGBUILDDIR>>'
I: NOTICE: Log filtering will replace 'build/librevenge-nw2kvH' with '<<BUILDDIR>>'

+------------------------------------------------------------------------------+
| Install build-essential                                                      |
+------------------------------------------------------------------------------+


Setup apt archive
-----------------

Merged Build-Depends: build-essential, fakeroot
Filtered Build-Depends: build-essential, fakeroot
dpkg-deb: building package 'sbuild-build-depends-core-dummy' in '/<<BUILDDIR>>/resolver-vLXuhB/apt_archive/sbuild-build-depends-core-dummy.deb'.
dpkg-scanpackages: warning: Packages in archive but missing from override file:
dpkg-scanpackages: warning:   sbuild-build-depends-core-dummy
dpkg-scanpackages: info: Wrote 1 entries to output Packages file.
Ign:1 copy:/<<BUILDDIR>>/resolver-vLXuhB/apt_archive ./ InRelease
Get:2 copy:/<<BUILDDIR>>/resolver-vLXuhB/apt_archive ./ Release [957 B]
Ign:3 copy:/<<BUILDDIR>>/resolver-vLXuhB/apt_archive ./ Release.gpg
Get:4 copy:/<<BUILDDIR>>/resolver-vLXuhB/apt_archive ./ Sources [349 B]
Get:5 copy:/<<BUILDDIR>>/resolver-vLXuhB/apt_archive ./ Packages [434 B]
Fetched 1740 B in 0s (0 B/s)
Reading package lists...
Reading package lists...

Install core build dependencies (apt-based resolver)
----------------------------------------------------

Installing build dependencies
Reading package lists...
Building dependency tree...
Reading state information...
The following NEW packages will be installed:
  sbuild-build-depends-core-dummy
0 upgraded, 1 newly installed, 0 to remove and 0 not upgraded.
Need to get 784 B of archives.
After this operation, 0 B of additional disk space will be used.
Get:1 copy:/<<BUILDDIR>>/resolver-vLXuhB/apt_archive ./ sbuild-build-depends-core-dummy 0.invalid.0 [784 B]
debconf: delaying package configuration, since apt-utils is not installed
Fetched 784 B in 0s (0 B/s)
Selecting previously unselected package sbuild-build-depends-core-dummy.
(Reading database ... 11331 files and directories currently installed.)
Preparing to unpack .../sbuild-build-depends-core-dummy_0.invalid.0_amd64.deb ...
Unpacking sbuild-build-depends-core-dummy (0.invalid.0) ...
Setting up sbuild-build-depends-core-dummy (0.invalid.0) ...

+------------------------------------------------------------------------------+
| Check architectures                                                          |
+------------------------------------------------------------------------------+

Arch check ok (amd64 included in any)

+------------------------------------------------------------------------------+
| Install package build dependencies                                           |
+------------------------------------------------------------------------------+


Setup apt archive
-----------------

Merged Build-Depends: autotools-dev, dh-autoreconf, debhelper (>= 9.20160115), libboost-dev, libboost-filesystem-dev, libcppunit-dev, pkg-config, zlib1g-dev
Filtered Build-Depends: autotools-dev, dh-autoreconf, debhelper (>= 9.20160115), libboost-dev, libboost-filesystem-dev, libcppunit-dev, pkg-config, zlib1g-dev
dpkg-deb: building package 'sbuild-build-depends-librevenge-dummy' in '/<<BUILDDIR>>/resolver-vLXuhB/apt_archive/sbuild-build-depends-librevenge-dummy.deb'.
dpkg-scanpackages: warning: Packages in archive but missing from override file:
dpkg-scanpackages: warning:   sbuild-build-depends-core-dummy sbuild-build-depends-librevenge-dummy
dpkg-scanpackages: info: Wrote 2 entries to output Packages file.
Ign:1 copy:/<<BUILDDIR>>/resolver-vLXuhB/apt_archive ./ InRelease
Get:2 copy:/<<BUILDDIR>>/resolver-vLXuhB/apt_archive ./ Release [963 B]
Ign:3 copy:/<<BUILDDIR>>/resolver-vLXuhB/apt_archive ./ Release.gpg
Get:4 copy:/<<BUILDDIR>>/resolver-vLXuhB/apt_archive ./ Sources [550 B]
Get:5 copy:/<<BUILDDIR>>/resolver-vLXuhB/apt_archive ./ Packages [629 B]
Fetched 2142 B in 0s (0 B/s)
Reading package lists...
Reading package lists...

Install librevenge build dependencies (apt-based resolver)
----------------------------------------------------------

Installing build dependencies
Reading package lists...
Building dependency tree...
Reading state information...
The following additional packages will be installed:
  autoconf automake autopoint autotools-dev bsdmainutils debhelper
  dh-autoreconf dh-strip-nondeterminism file gettext gettext-base groff-base
  intltool-debian libarchive-zip-perl libboost-dev libboost-filesystem-dev
  libboost-filesystem1.62-dev libboost-filesystem1.62.0
  libboost-system1.62-dev libboost-system1.62.0 libboost1.62-dev
  libcppunit-1.14-0 libcppunit-dev libcroco3 libfile-stripnondeterminism-perl
  libglib2.0-0 libicu57 libmagic-mgc libmagic1 libpipeline1 libsigsegv2
  libtimedate-perl libtool libxml2 m4 man-db pkg-config po-debconf zlib1g-dev
Suggested packages:
  autoconf-archive gnu-standards autoconf-doc wamerican | wordlist whois
  vacation dh-make gettext-doc libasprintf-dev libgettextpo-dev groff
  libboost-doc libboost1.62-doc libboost-atomic1.62-dev
  libboost-chrono1.62-dev libboost-context1.62-dev libboost-coroutine1.62-dev
  libboost-date-time1.62-dev libboost-exception1.62-dev libboost-fiber1.62-dev
  libboost-graph1.62-dev libboost-graph-parallel1.62-dev
  libboost-iostreams1.62-dev libboost-locale1.62-dev libboost-log1.62-dev
  libboost-math1.62-dev libboost-mpi1.62-dev libboost-mpi-python1.62-dev
  libboost-program-options1.62-dev libboost-python1.62-dev
  libboost-random1.62-dev libboost-regex1.62-dev
  libboost-serialization1.62-dev libboost-signals1.62-dev
  libboost-test1.62-dev libboost-thread1.62-dev libboost-timer1.62-dev
  libboost-type-erasure1.62-dev libboost-wave1.62-dev libboost1.62-tools-dev
  libmpfrc++-dev libntl-dev libcppunit-doc libtool-doc gfortran
  | fortran95-compiler gcj-jdk m4-doc less www-browser libmail-box-perl
Recommended packages:
  curl | wget | lynx-cur libarchive-cpio-perl libglib2.0-data shared-mime-info
  xdg-user-dirs libltdl-dev xml-core libmail-sendmail-perl
The following NEW packages will be installed:
  autoconf automake autopoint autotools-dev bsdmainutils debhelper
  dh-autoreconf dh-strip-nondeterminism file gettext gettext-base groff-base
  intltool-debian libarchive-zip-perl libboost-dev libboost-filesystem-dev
  libboost-filesystem1.62-dev libboost-filesystem1.62.0
  libboost-system1.62-dev libboost-system1.62.0 libboost1.62-dev
  libcppunit-1.14-0 libcppunit-dev libcroco3 libfile-stripnondeterminism-perl
  libglib2.0-0 libicu57 libmagic-mgc libmagic1 libpipeline1 libsigsegv2
  libtimedate-perl libtool libxml2 m4 man-db pkg-config po-debconf
  sbuild-build-depends-librevenge-dummy zlib1g-dev
0 upgraded, 40 newly installed, 0 to remove and 0 not upgraded.
Need to get 27.3 MB of archives.
After this operation, 185 MB of additional disk space will be used.
Get:1 copy:/<<BUILDDIR>>/resolver-vLXuhB/apt_archive ./ sbuild-build-depends-librevenge-dummy 0.invalid.0 [848 B]
Get:2 http://127.0.0.1:9999/debian unstable/main amd64 groff-base amd64 1.22.3-9 [1160 kB]
Get:3 http://127.0.0.1:9999/debian unstable/main amd64 bsdmainutils amd64 9.0.12+nmu1 [186 kB]
Get:4 http://127.0.0.1:9999/debian unstable/main amd64 libpipeline1 amd64 1.4.2-1 [28.3 kB]
Get:5 http://127.0.0.1:9999/debian unstable/main amd64 man-db amd64 2.7.6.1-2 [1044 kB]
Get:6 http://127.0.0.1:9999/debian unstable/main amd64 libmagic-mgc amd64 1:5.31-1 [223 kB]
Get:7 http://127.0.0.1:9999/debian unstable/main amd64 libmagic1 amd64 1:5.31-1 [112 kB]
Get:8 http://127.0.0.1:9999/debian unstable/main amd64 file amd64 1:5.31-1 [64.2 kB]
Get:9 http://127.0.0.1:9999/debian unstable/main amd64 gettext-base amd64 0.19.8.1-2+b1 [122 kB]
Get:10 http://127.0.0.1:9999/debian unstable/main amd64 libicu57 amd64 57.1-6 [7701 kB]
Get:11 http://127.0.0.1:9999/debian unstable/main amd64 libxml2 amd64 2.9.4+dfsg1-3 [715 kB]
Get:12 http://127.0.0.1:9999/debian unstable/main amd64 libsigsegv2 amd64 2.11-1 [29.9 kB]
Get:13 http://127.0.0.1:9999/debian unstable/main amd64 m4 amd64 1.4.18-1 [202 kB]
Get:14 http://127.0.0.1:9999/debian unstable/main amd64 autoconf all 2.69-10 [338 kB]
Get:15 http://127.0.0.1:9999/debian unstable/main amd64 autotools-dev all 20161112.1 [73.4 kB]
Get:16 http://127.0.0.1:9999/debian unstable/main amd64 automake all 1:1.15.1-2 [736 kB]
Get:17 http://127.0.0.1:9999/debian unstable/main amd64 autopoint all 0.19.8.1-2 [433 kB]
Get:18 http://127.0.0.1:9999/debian unstable/main amd64 libtool all 2.4.6-2 [545 kB]
Get:19 http://127.0.0.1:9999/debian unstable/main amd64 dh-autoreconf all 14 [15.9 kB]
Get:20 http://127.0.0.1:9999/debian unstable/main amd64 libarchive-zip-perl all 1.59-1 [95.5 kB]
Get:21 http://127.0.0.1:9999/debian unstable/main amd64 libfile-stripnondeterminism-perl all 0.038-1 [17.6 kB]
Get:22 http://127.0.0.1:9999/debian unstable/main amd64 libtimedate-perl all 2.3000-2 [42.2 kB]
Get:23 http://127.0.0.1:9999/debian unstable/main amd64 dh-strip-nondeterminism all 0.038-1 [11.1 kB]
Get:24 http://127.0.0.1:9999/debian unstable/main amd64 libglib2.0-0 amd64 2.53.4-3 [2796 kB]
Get:25 http://127.0.0.1:9999/debian unstable/main amd64 libcroco3 amd64 0.6.12-1 [144 kB]
Get:26 http://127.0.0.1:9999/debian unstable/main amd64 gettext amd64 0.19.8.1-2+b1 [1301 kB]
Get:27 http://127.0.0.1:9999/debian unstable/main amd64 intltool-debian all 0.35.0+20060710.4 [26.3 kB]
Get:28 http://127.0.0.1:9999/debian unstable/main amd64 po-debconf all 1.0.20 [247 kB]
Get:29 http://127.0.0.1:9999/debian unstable/main amd64 debhelper all 10.7.2 [975 kB]
Get:30 http://127.0.0.1:9999/debian unstable/main amd64 libboost1.62-dev amd64 1.62.0+dfsg-4+b1 [7053 kB]
Get:31 http://127.0.0.1:9999/debian unstable/main amd64 libboost-dev amd64 1.62.0.1 [3632 B]
Get:32 http://127.0.0.1:9999/debian unstable/main amd64 libboost-system1.62.0 amd64 1.62.0+dfsg-4+b1 [32.7 kB]
Get:33 http://127.0.0.1:9999/debian unstable/main amd64 libboost-filesystem1.62.0 amd64 1.62.0+dfsg-4+b1 [63.6 kB]
Get:34 http://127.0.0.1:9999/debian unstable/main amd64 libboost-system1.62-dev amd64 1.62.0+dfsg-4+b1 [34.2 kB]
Get:35 http://127.0.0.1:9999/debian unstable/main amd64 libboost-filesystem1.62-dev amd64 1.62.0+dfsg-4+b1 [73.2 kB]
Get:36 http://127.0.0.1:9999/debian unstable/main amd64 libboost-filesystem-dev amd64 1.62.0.1 [3448 B]
Get:37 http://127.0.0.1:9999/debian unstable/main amd64 libcppunit-1.14-0 amd64 1.14.0-3 [140 kB]
Get:38 http://127.0.0.1:9999/debian unstable/main amd64 libcppunit-dev amd64 1.14.0-3 [196 kB]
Get:39 http://127.0.0.1:9999/debian unstable/main amd64 pkg-config amd64 0.29-4+b1 [63.3 kB]
Get:40 http://127.0.0.1:9999/debian unstable/main amd64 zlib1g-dev amd64 1:1.2.8.dfsg-5 [205 kB]
debconf: delaying package configuration, since apt-utils is not installed
Fetched 27.3 MB in 0s (92.2 MB/s)
Selecting previously unselected package groff-base.
(Reading database ... 11331 files and directories currently installed.)
Preparing to unpack .../00-groff-base_1.22.3-9_amd64.deb ...
Unpacking groff-base (1.22.3-9) ...
Selecting previously unselected package bsdmainutils.
Preparing to unpack .../01-bsdmainutils_9.0.12+nmu1_amd64.deb ...
Unpacking bsdmainutils (9.0.12+nmu1) ...
Selecting previously unselected package libpipeline1:amd64.
Preparing to unpack .../02-libpipeline1_1.4.2-1_amd64.deb ...
Unpacking libpipeline1:amd64 (1.4.2-1) ...
Selecting previously unselected package man-db.
Preparing to unpack .../03-man-db_2.7.6.1-2_amd64.deb ...
Unpacking man-db (2.7.6.1-2) ...
Selecting previously unselected package libmagic-mgc.
Preparing to unpack .../04-libmagic-mgc_1%3a5.31-1_amd64.deb ...
Unpacking libmagic-mgc (1:5.31-1) ...
Selecting previously unselected package libmagic1:amd64.
Preparing to unpack .../05-libmagic1_1%3a5.31-1_amd64.deb ...
Unpacking libmagic1:amd64 (1:5.31-1) ...
Selecting previously unselected package file.
Preparing to unpack .../06-file_1%3a5.31-1_amd64.deb ...
Unpacking file (1:5.31-1) ...
Selecting previously unselected package gettext-base.
Preparing to unpack .../07-gettext-base_0.19.8.1-2+b1_amd64.deb ...
Unpacking gettext-base (0.19.8.1-2+b1) ...
Selecting previously unselected package libicu57:amd64.
Preparing to unpack .../08-libicu57_57.1-6_amd64.deb ...
Unpacking libicu57:amd64 (57.1-6) ...
Selecting previously unselected package libxml2:amd64.
Preparing to unpack .../09-libxml2_2.9.4+dfsg1-3_amd64.deb ...
Unpacking libxml2:amd64 (2.9.4+dfsg1-3) ...
Selecting previously unselected package libsigsegv2:amd64.
Preparing to unpack .../10-libsigsegv2_2.11-1_amd64.deb ...
Unpacking libsigsegv2:amd64 (2.11-1) ...
Selecting previously unselected package m4.
Preparing to unpack .../11-m4_1.4.18-1_amd64.deb ...
Unpacking m4 (1.4.18-1) ...
Selecting previously unselected package autoconf.
Preparing to unpack .../12-autoconf_2.69-10_all.deb ...
Unpacking autoconf (2.69-10) ...
Selecting previously unselected package autotools-dev.
Preparing to unpack .../13-autotools-dev_20161112.1_all.deb ...
Unpacking autotools-dev (20161112.1) ...
Selecting previously unselected package automake.
Preparing to unpack .../14-automake_1%3a1.15.1-2_all.deb ...
Unpacking automake (1:1.15.1-2) ...
Selecting previously unselected package autopoint.
Preparing to unpack .../15-autopoint_0.19.8.1-2_all.deb ...
Unpacking autopoint (0.19.8.1-2) ...
Selecting previously unselected package libtool.
Preparing to unpack .../16-libtool_2.4.6-2_all.deb ...
Unpacking libtool (2.4.6-2) ...
Selecting previously unselected package dh-autoreconf.
Preparing to unpack .../17-dh-autoreconf_14_all.deb ...
Unpacking dh-autoreconf (14) ...
Selecting previously unselected package libarchive-zip-perl.
Preparing to unpack .../18-libarchive-zip-perl_1.59-1_all.deb ...
Unpacking libarchive-zip-perl (1.59-1) ...
Selecting previously unselected package libfile-stripnondeterminism-perl.
Preparing to unpack .../19-libfile-stripnondeterminism-perl_0.038-1_all.deb ...
Unpacking libfile-stripnondeterminism-perl (0.038-1) ...
Selecting previously unselected package libtimedate-perl.
Preparing to unpack .../20-libtimedate-perl_2.3000-2_all.deb ...
Unpacking libtimedate-perl (2.3000-2) ...
Selecting previously unselected package dh-strip-nondeterminism.
Preparing to unpack .../21-dh-strip-nondeterminism_0.038-1_all.deb ...
Unpacking dh-strip-nondeterminism (0.038-1) ...
Selecting previously unselected package libglib2.0-0:amd64.
Preparing to unpack .../22-libglib2.0-0_2.53.4-3_amd64.deb ...
Unpacking libglib2.0-0:amd64 (2.53.4-3) ...
Selecting previously unselected package libcroco3:amd64.
Preparing to unpack .../23-libcroco3_0.6.12-1_amd64.deb ...
Unpacking libcroco3:amd64 (0.6.12-1) ...
Selecting previously unselected package gettext.
Preparing to unpack .../24-gettext_0.19.8.1-2+b1_amd64.deb ...
Unpacking gettext (0.19.8.1-2+b1) ...
Selecting previously unselected package intltool-debian.
Preparing to unpack .../25-intltool-debian_0.35.0+20060710.4_all.deb ...
Unpacking intltool-debian (0.35.0+20060710.4) ...
Selecting previously unselected package po-debconf.
Preparing to unpack .../26-po-debconf_1.0.20_all.deb ...
Unpacking po-debconf (1.0.20) ...
Selecting previously unselected package debhelper.
Preparing to unpack .../27-debhelper_10.7.2_all.deb ...
Unpacking debhelper (10.7.2) ...
Selecting previously unselected package libboost1.62-dev:amd64.
Preparing to unpack .../28-libboost1.62-dev_1.62.0+dfsg-4+b1_amd64.deb ...
Unpacking libboost1.62-dev:amd64 (1.62.0+dfsg-4+b1) ...
Selecting previously unselected package libboost-dev:amd64.
Preparing to unpack .../29-libboost-dev_1.62.0.1_amd64.deb ...
Unpacking libboost-dev:amd64 (1.62.0.1) ...
Selecting previously unselected package libboost-system1.62.0:amd64.
Preparing to unpack .../30-libboost-system1.62.0_1.62.0+dfsg-4+b1_amd64.deb ...
Unpacking libboost-system1.62.0:amd64 (1.62.0+dfsg-4+b1) ...
Selecting previously unselected package libboost-filesystem1.62.0:amd64.
Preparing to unpack .../31-libboost-filesystem1.62.0_1.62.0+dfsg-4+b1_amd64.deb ...
Unpacking libboost-filesystem1.62.0:amd64 (1.62.0+dfsg-4+b1) ...
Selecting previously unselected package libboost-system1.62-dev:amd64.
Preparing to unpack .../32-libboost-system1.62-dev_1.62.0+dfsg-4+b1_amd64.deb ...
Unpacking libboost-system1.62-dev:amd64 (1.62.0+dfsg-4+b1) ...
Selecting previously unselected package libboost-filesystem1.62-dev:amd64.
Preparing to unpack .../33-libboost-filesystem1.62-dev_1.62.0+dfsg-4+b1_amd64.deb ...
Unpacking libboost-filesystem1.62-dev:amd64 (1.62.0+dfsg-4+b1) ...
Selecting previously unselected package libboost-filesystem-dev:amd64.
Preparing to unpack .../34-libboost-filesystem-dev_1.62.0.1_amd64.deb ...
Unpacking libboost-filesystem-dev:amd64 (1.62.0.1) ...
Selecting previously unselected package libcppunit-1.14-0:amd64.
Preparing to unpack .../35-libcppunit-1.14-0_1.14.0-3_amd64.deb ...
Unpacking libcppunit-1.14-0:amd64 (1.14.0-3) ...
Selecting previously unselected package libcppunit-dev.
Preparing to unpack .../36-libcppunit-dev_1.14.0-3_amd64.deb ...
Unpacking libcppunit-dev (1.14.0-3) ...
Selecting previously unselected package pkg-config.
Preparing to unpack .../37-pkg-config_0.29-4+b1_amd64.deb ...
Unpacking pkg-config (0.29-4+b1) ...
Selecting previously unselected package zlib1g-dev:amd64.
Preparing to unpack .../38-zlib1g-dev_1%3a1.2.8.dfsg-5_amd64.deb ...
Unpacking zlib1g-dev:amd64 (1:1.2.8.dfsg-5) ...
Selecting previously unselected package sbuild-build-depends-librevenge-dummy.
Preparing to unpack .../39-sbuild-build-depends-librevenge-dummy_0.invalid.0_amd64.deb ...
Unpacking sbuild-build-depends-librevenge-dummy (0.invalid.0) ...
Setting up libcppunit-1.14-0:amd64 (1.14.0-3) ...
Setting up libarchive-zip-perl (1.59-1) ...
Setting up libboost1.62-dev:amd64 (1.62.0+dfsg-4+b1) ...
Setting up libtimedate-perl (2.3000-2) ...
Setting up libsigsegv2:amd64 (2.11-1) ...
Setting up groff-base (1.22.3-9) ...
Setting up libglib2.0-0:amd64 (2.53.4-3) ...
No schema files found: doing nothing.
Setting up libcppunit-dev (1.14.0-3) ...
Setting up gettext-base (0.19.8.1-2+b1) ...
Setting up libpipeline1:amd64 (1.4.2-1) ...
Setting up m4 (1.4.18-1) ...
Setting up libicu57:amd64 (57.1-6) ...
Setting up libxml2:amd64 (2.9.4+dfsg1-3) ...
Setting up libmagic-mgc (1:5.31-1) ...
Setting up libmagic1:amd64 (1:5.31-1) ...
Setting up libcroco3:amd64 (0.6.12-1) ...
Setting up pkg-config (0.29-4+b1) ...
Processing triggers for libc-bin (2.24-14) ...
Setting up autotools-dev (20161112.1) ...
Setting up libboost-dev:amd64 (1.62.0.1) ...
Setting up bsdmainutils (9.0.12+nmu1) ...
update-alternatives: using /usr/bin/bsd-write to provide /usr/bin/write (write) in auto mode
update-alternatives: using /usr/bin/bsd-from to provide /usr/bin/from (from) in auto mode
Setting up autopoint (0.19.8.1-2) ...
Setting up libboost-system1.62.0:amd64 (1.62.0+dfsg-4+b1) ...
Setting up zlib1g-dev:amd64 (1:1.2.8.dfsg-5) ...
Setting up libfile-stripnondeterminism-perl (0.038-1) ...
Setting up gettext (0.19.8.1-2+b1) ...
Setting up autoconf (2.69-10) ...
Setting up file (1:5.31-1) ...
Setting up intltool-debian (0.35.0+20060710.4) ...
Setting up libboost-system1.62-dev:amd64 (1.62.0+dfsg-4+b1) ...
Setting up libboost-filesystem1.62.0:amd64 (1.62.0+dfsg-4+b1) ...
Setting up automake (1:1.15.1-2) ...
update-alternatives: using /usr/bin/automake-1.15 to provide /usr/bin/automake (automake) in auto mode
Setting up man-db (2.7.6.1-2) ...
Not building database; man-db/auto-update is not 'true'.
Setting up libtool (2.4.6-2) ...
Setting up libboost-filesystem1.62-dev:amd64 (1.62.0+dfsg-4+b1) ...
Setting up po-debconf (1.0.20) ...
Setting up libboost-filesystem-dev:amd64 (1.62.0.1) ...
Setting up dh-autoreconf (14) ...
Setting up dh-strip-nondeterminism (0.038-1) ...
Setting up debhelper (10.7.2) ...
Setting up sbuild-build-depends-librevenge-dummy (0.invalid.0) ...
Processing triggers for libc-bin (2.24-14) ...

+------------------------------------------------------------------------------+
| Build environment                                                            |
+------------------------------------------------------------------------------+

Kernel: Linux 4.9.0-2-amd64 amd64 (x86_64)
Toolchain package versions: binutils_2.29-4 dpkg-dev_1.18.24 g++-7_7.2.0-1 gcc-7_7.2.0-1 libc6-dev_2.24-14 libstdc++-6-dev_6.4.0-3 libstdc++-7-dev_7.2.0-1 libstdc++6_7.2.0-1 linux-libc-dev_4.12.6-1
Package versions: adduser_3.116 apt_1.5~beta2 autoconf_2.69-10 automake_1:1.15.1-2 autopoint_0.19.8.1-2 autotools-dev_20161112.1 base-files_10 base-passwd_3.5.43 bash_4.4-5 binutils_2.29-4 bsdmainutils_9.0.12+nmu1 bsdutils_1:2.29.2-4 build-essential_12.3 bzip2_1.0.6-8.1 clang-5.0_1:5.0~+rc2-1 coreutils_8.26-3 cpp_4:7.1.0-2 cpp-7_7.2.0-1 dash_0.5.8-2.5 debconf_1.5.63 debfoster_2.7-2.1+b1 debhelper_10.7.2 debian-archive-keyring_2017.5 debianutils_4.8.2 dh-autoreconf_14 dh-strip-nondeterminism_0.038-1 diffutils_1:3.6-1 dpkg_1.18.24 dpkg-dev_1.18.24 e2fslibs_1.43.5-1 e2fsprogs_1.43.5-1 eatmydata_105-5 fakeroot_1.22-1 fdisk_2.29.2-4 file_1:5.31-1 findutils_4.6.0+git+20170729-2 g++_4:7.1.0-2 g++-7_7.2.0-1 gcc_4:7.1.0-2 gcc-6-base_6.4.0-3 gcc-7_7.2.0-1 gcc-7-base_7.2.0-1 gettext_0.19.8.1-2+b1 gettext-base_0.19.8.1-2+b1 gpgv_2.1.23-2 grep_3.1-2 groff-base_1.22.3-9 gzip_1.6-5+b1 hostname_3.18+b1 init-system-helpers_1.49 intltool-debian_0.35.0+20060710.4 libacl1_2.2.52-3+b1 libapt-pkg5.0_1.5~beta2 libarchive-zip-perl_1.59-1 libasan3_6.4.0-3 libasan4_7.2.0-1 libatomic1_7.2.0-1 libattr1_1:2.4.47-2+b2 libaudit-common_1:2.7.7-1 libaudit1_1:2.7.7-1+b2 libblkid1_2.29.2-4 libboost-dev_1.62.0.1 libboost-filesystem-dev_1.62.0.1 libboost-filesystem1.62-dev_1.62.0+dfsg-4+b1 libboost-filesystem1.62.0_1.62.0+dfsg-4+b1 libboost-system1.62-dev_1.62.0+dfsg-4+b1 libboost-system1.62.0_1.62.0+dfsg-4+b1 libboost1.62-dev_1.62.0+dfsg-4+b1 libbsd0_0.8.6-1 libbz2-1.0_1.0.6-8.1 libc-bin_2.24-14 libc-dev-bin_2.24-14 libc6_2.24-14 libc6-dev_2.24-14 libcap-ng0_0.7.7-3+b1 libcc1-0_7.2.0-1 libcilkrts5_7.2.0-1 libclang-common-5.0-dev_1:5.0~+rc2-1 libclang1-5.0_1:5.0~+rc2-1 libcomerr2_1.43.5-1 libcppunit-1.14-0_1.14.0-3 libcppunit-dev_1.14.0-3 libcroco3_0.6.12-1 libdb5.3_5.3.28-13 libdebconfclient0_0.229 libdpkg-perl_1.18.24 libeatmydata1_105-5 libedit2_3.1-20170329-1 libfakeroot_1.22-1 libfdisk1_2.29.2-4 libffi6_3.2.1-6 libfile-stripnondeterminism-perl_0.038-1 libgc1c2_1:7.4.2-8 libgcc-6-dev_6.4.0-3 libgcc-7-dev_7.2.0-1 libgcc1_1:7.2.0-1 libgcrypt20_1.7.8-2 libgdbm3_1.8.3-14 libglib2.0-0_2.53.4-3 libgmp10_2:6.1.2+dfsg-1 libgnutls30_3.5.14-3 libgomp1_7.2.0-1 libgpg-error0_1.27-3 libhogweed4_3.3-1+b1 libicu57_57.1-6 libidn2-0_2.0.2-3 libisl15_0.18-1 libitm1_7.2.0-1 libjsoncpp1_1.7.4-3 libllvm5.0_1:5.0~+rc2-1 liblsan0_7.2.0-1 liblz4-1_0.0~r131-2+b1 liblzma5_5.2.2-1.3 libmagic-mgc_1:5.31-1 libmagic1_1:5.31-1 libmount1_2.29.2-4 libmpc3_1.0.3-1+b2 libmpfr4_3.1.5-1 libmpx2_7.2.0-1 libncurses5_6.0+20170715-2 libncursesw5_6.0+20170715-2 libnettle6_3.3-1+b1 libobjc-6-dev_6.4.0-3 libobjc4_7.2.0-1 libp11-kit0_0.23.7-3 libpam-modules_1.1.8-3.6 libpam-modules-bin_1.1.8-3.6 libpam-runtime_1.1.8-3.6 libpam0g_1.1.8-3.6 libpcre3_2:8.39-4 libperl5.26_5.26.0-5 libpipeline1_1.4.2-1 libquadmath0_7.2.0-1 libselinux1_2.6-3+b2 libsemanage-common_2.6-2 libsemanage1_2.6-2+b1 libsepol1_2.6-2 libsigsegv2_2.11-1 libsmartcols1_2.29.2-4 libss2_1.43.5-1 libstdc++-6-dev_6.4.0-3 libstdc++-7-dev_7.2.0-1 libstdc++6_7.2.0-1 libsystemd0_234-2 libtasn1-6_4.12-2.1 libtimedate-perl_2.3000-2 libtinfo5_6.0+20170715-2 libtool_2.4.6-2 libtsan0_7.2.0-1 libubsan0_7.2.0-1 libudev1_234-2 libunistring2_0.9.7-2 libustr-1.0-1_1.0.4-6 libuuid1_2.29.2-4 libxml2_2.9.4+dfsg1-3 linux-libc-dev_4.12.6-1 login_1:4.4-4.1 m4_1.4.18-1 make_4.1-9.1 man-db_2.7.6.1-2 mawk_1.3.3-17+b3 mount_2.29.2-4 multiarch-support_2.24-14 ncurses-base_6.0+20170715-2 ncurses-bin_6.0+20170715-2 passwd_1:4.4-4.1 patch_2.7.5-1+b2 perl_5.26.0-5 perl-base_5.26.0-5 perl-modules-5.26_5.26.0-5 pkg-config_0.29-4+b1 po-debconf_1.0.20 sbuild-build-depends-core-dummy_0.invalid.0 sbuild-build-depends-librevenge-dummy_0.invalid.0 sed_4.4-1 sensible-utils_0.0.10 sysvinit-utils_2.88dsf-59.9 tar_1.29b-2 util-linux_2.29.2-4 xz-utils_5.2.2-1.3 zlib1g_1:1.2.8.dfsg-5 zlib1g-dev_1:1.2.8.dfsg-5

+------------------------------------------------------------------------------+
| Build                                                                        |
+------------------------------------------------------------------------------+


Unpack source
-------------

gpgv: unknown type of key resource 'trustedkeys.kbx'
gpgv: keyblock resource '/sbuild-nonexistent/.gnupg/trustedkeys.kbx': General error
gpgv: Signature made Mon Sep 12 21:51:43 2016 UTC
gpgv:                using RSA key 0AA04571D03E3E70
gpgv: Can't check signature: No public key
dpkg-source: warning: failed to verify signature on ./librevenge_0.0.4-6.dsc
dpkg-source: info: extracting librevenge in /<<PKGBUILDDIR>>
dpkg-source: info: unpacking librevenge_0.0.4.orig.tar.bz2
dpkg-source: info: unpacking librevenge_0.0.4-6.debian.tar.xz

Check disk space
----------------

Sufficient free space for build

User Environment
----------------

APT_CONFIG=/var/lib/sbuild/apt.conf
HOME=/sbuild-nonexistent
LANG=en_US.UTF-8
LC_ALL=POSIX
LOGNAME=user42
PATH=/usr/local/sbin:/usr/local/bin:/usr/sbin:/usr/bin:/sbin:/bin:/usr/games
SCHROOT_ALIAS_NAME=unstable-amd64-sbuild
SCHROOT_CHROOT_NAME=unstable-amd64-sbuild
SCHROOT_COMMAND=env
SCHROOT_GID=1001
SCHROOT_GROUP=user42
SCHROOT_SESSION_ID=unstable-amd64-sbuild-c677cdcd-54a7-45be-bdad-00f09703c9de
SCHROOT_UID=1001
SCHROOT_USER=user42
SHELL=/bin/sh
USER=user42

dpkg-buildpackage
-----------------

dpkg-buildpackage: info: source package librevenge
dpkg-buildpackage: info: source version 0.0.4-6
dpkg-buildpackage: info: source distribution unstable
dpkg-buildpackage: info: source changed by Rene Engelhard <rene@debian.org>
 dpkg-source --before-build librevenge-0.0.4
dpkg-buildpackage: info: host architecture amd64
 fakeroot debian/rules clean
dh clean --parallel --with autoreconf
   dh_auto_clean -O--parallel
   dh_autoreconf_clean -O--parallel
   dh_clean -O--parallel
 debian/rules build-arch
dh build-arch --parallel --with autoreconf
   dh_update_autotools_config -a -O--parallel
   dh_autoreconf -a -O--parallel
libtoolize: putting auxiliary files in '.'.
libtoolize: copying file './ltmain.sh'
libtoolize: putting macros in AC_CONFIG_MACRO_DIRS, 'm4'.
libtoolize: copying file 'm4/libtool.m4'
libtoolize: copying file 'm4/ltoptions.m4'
libtoolize: copying file 'm4/ltsugar.m4'
libtoolize: copying file 'm4/ltversion.m4'
libtoolize: copying file 'm4/lt~obsolete.m4'
configure.ac:26: installing './compile'
configure.ac:19: installing './missing'
src/lib/Makefile.am: installing './depcomp'
   debian/rules override_dh_auto_configure
make[1]: Entering directory '/<<PKGBUILDDIR>>'
dh_auto_configure -- --disable-werror \
	--disable-silent-rules --with-boost-libdir=/usr/lib/x86_64-linux-gnu
	./configure --build=x86_64-linux-gnu --prefix=/usr --includedir=\${prefix}/include --mandir=\${prefix}/share/man --infodir=\${prefix}/share/info --sysconfdir=/etc --localstatedir=/var --disable-silent-rules --libdir=\${prefix}/lib/x86_64-linux-gnu --libexecdir=\${prefix}/lib/x86_64-linux-gnu --disable-maintainer-mode --disable-dependency-tracking --disable-werror --disable-silent-rules --with-boost-libdir=/usr/lib/x86_64-linux-gnu
configure: WARNING: unrecognized options: --disable-maintainer-mode, --with-boost-libdir
checking for a BSD-compatible install... /usr/bin/install -c
checking whether build environment is sane... yes
checking for a thread-safe mkdir -p... /bin/mkdir -p
checking for gawk... no
checking for mawk... mawk
checking whether make sets $(MAKE)... yes
checking whether make supports nested variables... yes
checking whether make supports nested variables... (cached) yes
checking for style of include used by make... GNU
checking for gcc... gcc
checking whether the C compiler works... yes
checking for C compiler default output file name... a.out
checking for suffix of executables... 
checking whether we are cross compiling... no
checking for suffix of object files... o
checking whether we are using the GNU C compiler... yes
checking whether gcc accepts -g... yes
checking for gcc option to accept ISO C89... none needed
checking whether gcc understands -c and -o together... yes
checking dependency style of gcc... none
checking for ar... ar
checking the archiver (ar) interface... ar
checking for gcc... (cached) gcc
checking whether we are using the GNU C compiler... (cached) yes
checking whether gcc accepts -g... (cached) yes
checking for gcc option to accept ISO C89... (cached) none needed
checking whether gcc understands -c and -o together... (cached) yes
checking dependency style of gcc... (cached) none
checking how to run the C preprocessor... gcc -E
checking for g++... g++
checking whether we are using the GNU C++ compiler... yes
checking whether g++ accepts -g... yes
checking dependency style of g++... none
checking whether ln -s works... yes
checking whether make sets $(MAKE)... (cached) yes
checking build system type... x86_64-pc-linux-gnu
checking host system type... x86_64-pc-linux-gnu
checking how to print strings... printf
checking for a sed that does not truncate output... /bin/sed
checking for grep that handles long lines and -e... /bin/grep
checking for egrep... /bin/grep -E
checking for fgrep... /bin/grep -F
checking for ld used by gcc... /usr/bin/ld
checking if the linker (/usr/bin/ld) is GNU ld... yes
checking for BSD- or MS-compatible name lister (nm)... /usr/bin/nm -B
checking the name lister (/usr/bin/nm -B) interface... BSD nm
checking the maximum length of command line arguments... 1572864
checking how to convert x86_64-pc-linux-gnu file names to x86_64-pc-linux-gnu format... func_convert_file_noop
checking how to convert x86_64-pc-linux-gnu file names to toolchain format... func_convert_file_noop
checking for /usr/bin/ld option to reload object files... -r
checking for objdump... objdump
checking how to recognize dependent libraries... pass_all
checking for dlltool... no
checking how to associate runtime and link libraries... printf %s\n
checking for archiver @FILE support... @
checking for strip... strip
checking for ranlib... ranlib
checking command to parse /usr/bin/nm -B output from gcc object... ok
checking for sysroot... no
checking for a working dd... /bin/dd
checking how to truncate binary pipes... /bin/dd bs=4096 count=1
checking for mt... no
checking if : is a manifest tool... no
checking for ANSI C header files... no
checking for sys/types.h... yes
checking for sys/stat.h... yes
checking for stdlib.h... yes
checking for string.h... yes
checking for memory.h... yes
checking for strings.h... yes
checking for inttypes.h... yes
checking for stdint.h... yes
checking for unistd.h... yes
checking for dlfcn.h... yes
checking for objdir... .libs
checking if gcc supports -fno-rtti -fno-exceptions... yes
checking for gcc option to produce PIC... -fPIC -DPIC
checking if gcc PIC flag -fPIC -DPIC works... yes
checking if gcc static flag -static works... yes
checking if gcc supports -c -o file.o... yes
checking if gcc supports -c -o file.o... (cached) yes
checking whether the gcc linker (/usr/bin/ld -m elf_x86_64) supports shared libraries... yes
checking whether -lc should be explicitly linked in... no
checking dynamic linker characteristics... GNU/Linux ld.so
checking how to hardcode library paths into programs... immediate
checking whether stripping libraries is possible... yes
checking if libtool supports shared libraries... yes
checking whether to build shared libraries... yes
checking whether to build static libraries... no
checking how to run the C++ preprocessor... g++ -E
checking for ld used by g++... /usr/bin/ld -m elf_x86_64
checking if the linker (/usr/bin/ld -m elf_x86_64) is GNU ld... yes
checking whether the g++ linker (/usr/bin/ld -m elf_x86_64) supports shared libraries... yes
checking for g++ option to produce PIC... -fPIC -DPIC
checking if g++ PIC flag -fPIC -DPIC works... yes
checking if g++ static flag -static works... yes
checking if g++ supports -c -o file.o... yes
checking if g++ supports -c -o file.o... (cached) yes
checking whether the g++ linker (/usr/bin/ld -m elf_x86_64) supports shared libraries... yes
checking dynamic linker characteristics... (cached) GNU/Linux ld.so
checking how to hardcode library paths into programs... immediate
checking for native Win32... no
checking for Win32 platform in general... no
checking for -fvisibility=hidden compiler flag... yes
checking for Darwin (Mac OS X) platform... no
checking for boost/algorithm/string.hpp... yes
checking for boost/archive/iterators/base64_from_binary.hpp... yes
checking for boost/archive/iterators/binary_from_base64.hpp... yes
checking for boost/archive/iterators/remove_whitespace.hpp... yes
checking for boost/archive/iterators/transform_width.hpp... yes
checking for boost/lexical_cast.hpp... yes
checking for boost/range/iterator_range.hpp... yes
checking for boost/scoped_ptr.hpp... yes
checking for boost/shared_ptr.hpp... yes
checking for boost/spirit/include/classic.hpp... yes
checking for pkg-config... /usr/bin/pkg-config
checking pkg-config is at least version 0.9.0... yes
checking for CPPUNIT... yes
checking for doxygen... no
configure: WARNING: *** Could not find doxygen in your PATH.
configure: WARNING: *** The documentation will not be built.
checking for ZLIB... yes
checking that generated files are newer than configure... done
configure: creating ./config.status
config.status: creating Makefile
config.status: creating data/Makefile
config.status: creating data/gdb/Makefile
config.status: creating data/gdb/auto-load/Makefile
config.status: creating data/gdb/auto-load/librevenge-0.0.py
config.status: WARNING:  'data/gdb/auto-load/librevenge.py.in' seems to ignore the --datarootdir setting
config.status: creating data/gdb/auto-load/librevenge-stream-0.0.py
config.status: WARNING:  'data/gdb/auto-load/librevenge-stream.py.in' seems to ignore the --datarootdir setting
config.status: creating src/Makefile
config.status: creating src/lib/Makefile
config.status: creating src/lib/librevenge.rc
config.status: creating src/lib/librevenge-generators.rc
config.status: creating src/lib/librevenge-stream.rc
config.status: creating src/test/Makefile
config.status: creating inc/Makefile
config.status: creating inc/librevenge/Makefile
config.status: creating inc/librevenge-generators/Makefile
config.status: creating inc/librevenge-stream/Makefile
config.status: creating docs/Makefile
config.status: creating docs/doxygen/Makefile
config.status: creating build/Makefile
config.status: creating build/win32/Makefile
config.status: creating librevenge-0.0.pc
config.status: creating librevenge-generators-0.0.pc
config.status: creating librevenge-stream-0.0.pc
config.status: creating config.h
config.status: executing depfiles commands
config.status: executing libtool commands
configure: WARNING: unrecognized options: --disable-maintainer-mode, --with-boost-libdir
configure:
==============================================================================
Build configuration:
	debug:           no
	docs:            no
	tests:           yes
	generators:      yes
	streams:         yes
	werror:          no
	pretty printers: no
==============================================================================

make[1]: Leaving directory '/<<PKGBUILDDIR>>'
   dh_auto_build -a -O--parallel
	make -j16
make[1]: Entering directory '/<<PKGBUILDDIR>>'
make  all-recursive
make[2]: Entering directory '/<<PKGBUILDDIR>>'
Making all in build
make[3]: Entering directory '/<<PKGBUILDDIR>>/build'
Making all in win32
make[4]: Entering directory '/<<PKGBUILDDIR>>/build/win32'
make[4]: Nothing to be done for 'all'.
make[4]: Leaving directory '/<<PKGBUILDDIR>>/build/win32'
make[4]: Entering directory '/<<PKGBUILDDIR>>/build'
make[4]: Nothing to be done for 'all-am'.
make[4]: Leaving directory '/<<PKGBUILDDIR>>/build'
make[3]: Leaving directory '/<<PKGBUILDDIR>>/build'
Making all in inc
make[3]: Entering directory '/<<PKGBUILDDIR>>/inc'
Making all in librevenge
make[4]: Entering directory '/<<PKGBUILDDIR>>/inc/librevenge'
make[4]: Nothing to be done for 'all'.
make[4]: Leaving directory '/<<PKGBUILDDIR>>/inc/librevenge'
Making all in librevenge-stream
make[4]: Entering directory '/<<PKGBUILDDIR>>/inc/librevenge-stream'
make[4]: Nothing to be done for 'all'.
make[4]: Leaving directory '/<<PKGBUILDDIR>>/inc/librevenge-stream'
Making all in librevenge-generators
make[4]: Entering directory '/<<PKGBUILDDIR>>/inc/librevenge-generators'
make[4]: Nothing to be done for 'all'.
make[4]: Leaving directory '/<<PKGBUILDDIR>>/inc/librevenge-generators'
make[4]: Entering directory '/<<PKGBUILDDIR>>/inc'
make[4]: Nothing to be done for 'all-am'.
make[4]: Leaving directory '/<<PKGBUILDDIR>>/inc'
make[3]: Leaving directory '/<<PKGBUILDDIR>>/inc'
Making all in src
make[3]: Entering directory '/<<PKGBUILDDIR>>/src'
Making all in lib
make[4]: Entering directory '/<<PKGBUILDDIR>>/src/lib'
/bin/bash ../../libtool  --tag=CXX   --mode=compile g++ -DHAVE_CONFIG_H -I. -I../..  -DLIBREVENGE_BUILD -DBOOST_ERROR_CODE_HEADER_ONLY -DLIBREVENGE_VISIBILITY -Wdate-time -D_FORTIFY_SOURCE=2 -I../../inc -DNDEBUG  -fvisibility=hidden -g -O2 -fdebug-prefix-map=/<<PKGBUILDDIR>>=. -fstack-protector-strong -Wformat -Werror=format-security -Wall -Wextra -pedantic -Wshadow -Wunused-variable -Weffc++ -c -o librevenge_0_0_la-RVNGBinaryData.lo `test -f 'RVNGBinaryData.cpp' || echo './'`RVNGBinaryData.cpp
/bin/bash ../../libtool  --tag=CXX   --mode=compile g++ -DHAVE_CONFIG_H -I. -I../..  -DLIBREVENGE_BUILD -DBOOST_ERROR_CODE_HEADER_ONLY -DLIBREVENGE_VISIBILITY -Wdate-time -D_FORTIFY_SOURCE=2 -I../../inc -DNDEBUG  -fvisibility=hidden -g -O2 -fdebug-prefix-map=/<<PKGBUILDDIR>>=. -fstack-protector-strong -Wformat -Werror=format-security -Wall -Wextra -pedantic -Wshadow -Wunused-variable -Weffc++ -c -o librevenge_0_0_la-RVNGMemoryStream.lo `test -f 'RVNGMemoryStream.cpp' || echo './'`RVNGMemoryStream.cpp
/bin/bash ../../libtool  --tag=CXX   --mode=compile g++ -DHAVE_CONFIG_H -I. -I../..  -DLIBREVENGE_BUILD -DBOOST_ERROR_CODE_HEADER_ONLY -DLIBREVENGE_VISIBILITY -Wdate-time -D_FORTIFY_SOURCE=2 -I../../inc -DNDEBUG  -fvisibility=hidden -g -O2 -fdebug-prefix-map=/<<PKGBUILDDIR>>=. -fstack-protector-strong -Wformat -Werror=format-security -Wall -Wextra -pedantic -Wshadow -Wunused-variable -Weffc++ -c -o librevenge_0_0_la-RVNGProperty.lo `test -f 'RVNGProperty.cpp' || echo './'`RVNGProperty.cpp
/bin/bash ../../libtool  --tag=CXX   --mode=compile g++ -DHAVE_CONFIG_H -I. -I../..  -DLIBREVENGE_BUILD -DBOOST_ERROR_CODE_HEADER_ONLY -DLIBREVENGE_VISIBILITY -Wdate-time -D_FORTIFY_SOURCE=2 -I../../inc -DNDEBUG  -fvisibility=hidden -g -O2 -fdebug-prefix-map=/<<PKGBUILDDIR>>=. -fstack-protector-strong -Wformat -Werror=format-security -Wall -Wextra -pedantic -Wshadow -Wunused-variable -Weffc++ -c -o librevenge_0_0_la-RVNGPropertyList.lo `test -f 'RVNGPropertyList.cpp' || echo './'`RVNGPropertyList.cpp
/bin/bash ../../libtool  --tag=CXX   --mode=compile g++ -DHAVE_CONFIG_H -I. -I../..  -DLIBREVENGE_BUILD -DBOOST_ERROR_CODE_HEADER_ONLY -DLIBREVENGE_VISIBILITY -Wdate-time -D_FORTIFY_SOURCE=2 -I../../inc -DNDEBUG  -fvisibility=hidden -g -O2 -fdebug-prefix-map=/<<PKGBUILDDIR>>=. -fstack-protector-strong -Wformat -Werror=format-security -Wall -Wextra -pedantic -Wshadow -Wunused-variable -Weffc++ -c -o librevenge_0_0_la-RVNGPropertyListVector.lo `test -f 'RVNGPropertyListVector.cpp' || echo './'`RVNGPropertyListVector.cpp
/bin/bash ../../libtool  --tag=CXX   --mode=compile g++ -DHAVE_CONFIG_H -I. -I../..  -DLIBREVENGE_BUILD -DBOOST_ERROR_CODE_HEADER_ONLY -DLIBREVENGE_VISIBILITY -Wdate-time -D_FORTIFY_SOURCE=2 -I../../inc -DNDEBUG  -fvisibility=hidden -g -O2 -fdebug-prefix-map=/<<PKGBUILDDIR>>=. -fstack-protector-strong -Wformat -Werror=format-security -Wall -Wextra -pedantic -Wshadow -Wunused-variable -Weffc++ -c -o librevenge_0_0_la-RVNGString.lo `test -f 'RVNGString.cpp' || echo './'`RVNGString.cpp
/bin/bash ../../libtool  --tag=CXX   --mode=compile g++ -DHAVE_CONFIG_H -I. -I../..  -DLIBREVENGE_BUILD -DBOOST_ERROR_CODE_HEADER_ONLY -DLIBREVENGE_VISIBILITY -Wdate-time -D_FORTIFY_SOURCE=2 -I../../inc -DNDEBUG  -fvisibility=hidden -g -O2 -fdebug-prefix-map=/<<PKGBUILDDIR>>=. -fstack-protector-strong -Wformat -Werror=format-security -Wall -Wextra -pedantic -Wshadow -Wunused-variable -Weffc++ -c -o librevenge_0_0_la-RVNGStringVector.lo `test -f 'RVNGStringVector.cpp' || echo './'`RVNGStringVector.cpp
/bin/bash ../../libtool  --tag=CXX   --mode=compile g++ -DHAVE_CONFIG_H -I. -I../..  -DLIBREVENGE_BUILD -DBOOST_ERROR_CODE_HEADER_ONLY -DLIBREVENGE_VISIBILITY -Wdate-time -D_FORTIFY_SOURCE=2 -I../../inc -DNDEBUG  -fvisibility=hidden -g -O2 -fdebug-prefix-map=/<<PKGBUILDDIR>>=. -fstack-protector-strong -Wformat -Werror=format-security -Wall -Wextra -pedantic -Wshadow -Wunused-variable -Weffc++ -c -o librevenge_0_0_la-RVNGSVGDrawingGenerator.lo `test -f 'RVNGSVGDrawingGenerator.cpp' || echo './'`RVNGSVGDrawingGenerator.cpp
/bin/bash ../../libtool  --tag=CXX   --mode=compile g++ -DHAVE_CONFIG_H -I. -I../..  -DLIBREVENGE_GENERATORS_BUILD -DLIBREVENGE_GENERATORS_VISIBILITY -Wdate-time -D_FORTIFY_SOURCE=2 -I../../inc -DNDEBUG  -fvisibility=hidden -g -O2 -fdebug-prefix-map=/<<PKGBUILDDIR>>=. -fstack-protector-strong -Wformat -Werror=format-security -Wall -Wextra -pedantic -Wshadow -Wunused-variable -Weffc++ -c -o librevenge_generators_0_0_la-RVNGCSVSpreadsheetGenerator.lo `test -f 'RVNGCSVSpreadsheetGenerator.cpp' || echo './'`RVNGCSVSpreadsheetGenerator.cpp
/bin/bash ../../libtool  --tag=CXX   --mode=compile g++ -DHAVE_CONFIG_H -I. -I../..  -DLIBREVENGE_GENERATORS_BUILD -DLIBREVENGE_GENERATORS_VISIBILITY -Wdate-time -D_FORTIFY_SOURCE=2 -I../../inc -DNDEBUG  -fvisibility=hidden -g -O2 -fdebug-prefix-map=/<<PKGBUILDDIR>>=. -fstack-protector-strong -Wformat -Werror=format-security -Wall -Wextra -pedantic -Wshadow -Wunused-variable -Weffc++ -c -o librevenge_generators_0_0_la-RVNGHTMLTextGenerator.lo `test -f 'RVNGHTMLTextGenerator.cpp' || echo './'`RVNGHTMLTextGenerator.cpp
/bin/bash ../../libtool  --tag=CXX   --mode=compile g++ -DHAVE_CONFIG_H -I. -I../..  -DLIBREVENGE_GENERATORS_BUILD -DLIBREVENGE_GENERATORS_VISIBILITY -Wdate-time -D_FORTIFY_SOURCE=2 -I../../inc -DNDEBUG  -fvisibility=hidden -g -O2 -fdebug-prefix-map=/<<PKGBUILDDIR>>=. -fstack-protector-strong -Wformat -Werror=format-security -Wall -Wextra -pedantic -Wshadow -Wunused-variable -Weffc++ -c -o librevenge_generators_0_0_la-RVNGHTMLTextTextStyle.lo `test -f 'RVNGHTMLTextTextStyle.cpp' || echo './'`RVNGHTMLTextTextStyle.cpp
/bin/bash ../../libtool  --tag=CXX   --mode=compile g++ -DHAVE_CONFIG_H -I. -I../..  -DLIBREVENGE_GENERATORS_BUILD -DLIBREVENGE_GENERATORS_VISIBILITY -Wdate-time -D_FORTIFY_SOURCE=2 -I../../inc -DNDEBUG  -fvisibility=hidden -g -O2 -fdebug-prefix-map=/<<PKGBUILDDIR>>=. -fstack-protector-strong -Wformat -Werror=format-security -Wall -Wextra -pedantic -Wshadow -Wunused-variable -Weffc++ -c -o librevenge_generators_0_0_la-RVNGHTMLTextTableStyle.lo `test -f 'RVNGHTMLTextTableStyle.cpp' || echo './'`RVNGHTMLTextTableStyle.cpp
/bin/bash ../../libtool  --tag=CXX   --mode=compile g++ -DHAVE_CONFIG_H -I. -I../..  -DLIBREVENGE_GENERATORS_BUILD -DLIBREVENGE_GENERATORS_VISIBILITY -Wdate-time -D_FORTIFY_SOURCE=2 -I../../inc -DNDEBUG  -fvisibility=hidden -g -O2 -fdebug-prefix-map=/<<PKGBUILDDIR>>=. -fstack-protector-strong -Wformat -Werror=format-security -Wall -Wextra -pedantic -Wshadow -Wunused-variable -Weffc++ -c -o librevenge_generators_0_0_la-RVNGRawGeneratorBase.lo `test -f 'RVNGRawGeneratorBase.cpp' || echo './'`RVNGRawGeneratorBase.cpp
/bin/bash ../../libtool  --tag=CXX   --mode=compile g++ -DHAVE_CONFIG_H -I. -I../..  -DLIBREVENGE_GENERATORS_BUILD -DLIBREVENGE_GENERATORS_VISIBILITY -Wdate-time -D_FORTIFY_SOURCE=2 -I../../inc -DNDEBUG  -fvisibility=hidden -g -O2 -fdebug-prefix-map=/<<PKGBUILDDIR>>=. -fstack-protector-strong -Wformat -Werror=format-security -Wall -Wextra -pedantic -Wshadow -Wunused-variable -Weffc++ -c -o librevenge_generators_0_0_la-RVNGRawDrawingGenerator.lo `test -f 'RVNGRawDrawingGenerator.cpp' || echo './'`RVNGRawDrawingGenerator.cpp
/bin/bash ../../libtool  --tag=CXX   --mode=compile g++ -DHAVE_CONFIG_H -I. -I../..  -DLIBREVENGE_GENERATORS_BUILD -DLIBREVENGE_GENERATORS_VISIBILITY -Wdate-time -D_FORTIFY_SOURCE=2 -I../../inc -DNDEBUG  -fvisibility=hidden -g -O2 -fdebug-prefix-map=/<<PKGBUILDDIR>>=. -fstack-protector-strong -Wformat -Werror=format-security -Wall -Wextra -pedantic -Wshadow -Wunused-variable -Weffc++ -c -o librevenge_generators_0_0_la-RVNGRawPresentationGenerator.lo `test -f 'RVNGRawPresentationGenerator.cpp' || echo './'`RVNGRawPresentationGenerator.cpp
/bin/bash ../../libtool  --tag=CXX   --mode=compile g++ -DHAVE_CONFIG_H -I. -I../..  -DLIBREVENGE_GENERATORS_BUILD -DLIBREVENGE_GENERATORS_VISIBILITY -Wdate-time -D_FORTIFY_SOURCE=2 -I../../inc -DNDEBUG  -fvisibility=hidden -g -O2 -fdebug-prefix-map=/<<PKGBUILDDIR>>=. -fstack-protector-strong -Wformat -Werror=format-security -Wall -Wextra -pedantic -Wshadow -Wunused-variable -Weffc++ -c -o librevenge_generators_0_0_la-RVNGRawSpreadsheetGenerator.lo `test -f 'RVNGRawSpreadsheetGenerator.cpp' || echo './'`RVNGRawSpreadsheetGenerator.cpp
libtool: compile:  g++ -DHAVE_CONFIG_H -I. -I../.. -DLIBREVENGE_BUILD -DBOOST_ERROR_CODE_HEADER_ONLY -DLIBREVENGE_VISIBILITY -Wdate-time -D_FORTIFY_SOURCE=2 -I../../inc -DNDEBUG -fvisibility=hidden -g -O2 -fdebug-prefix-map=/<<PKGBUILDDIR>>=. -fstack-protector-strong -Wformat -Werror=format-security -Wall -Wextra -pedantic -Wshadow -Wunused-variable -Weffc++ -c RVNGPropertyList.cpp  -fPIC -DPIC -o .libs/librevenge_0_0_la-RVNGPropertyList.o
libtool: compile:  g++ -DHAVE_CONFIG_H -I. -I../.. -DLIBREVENGE_BUILD -DBOOST_ERROR_CODE_HEADER_ONLY -DLIBREVENGE_VISIBILITY -Wdate-time -D_FORTIFY_SOURCE=2 -I../../inc -DNDEBUG -fvisibility=hidden -g -O2 -fdebug-prefix-map=/<<PKGBUILDDIR>>=. -fstack-protector-strong -Wformat -Werror=format-security -Wall -Wextra -pedantic -Wshadow -Wunused-variable -Weffc++ -c RVNGMemoryStream.cpp  -fPIC -DPIC -o .libs/librevenge_0_0_la-RVNGMemoryStream.o
libtool: compile:  g++ -DHAVE_CONFIG_H -I. -I../.. -DLIBREVENGE_GENERATORS_BUILD -DLIBREVENGE_GENERATORS_VISIBILITY -Wdate-time -D_FORTIFY_SOURCE=2 -I../../inc -DNDEBUG -fvisibility=hidden -g -O2 -fdebug-prefix-map=/<<PKGBUILDDIR>>=. -fstack-protector-strong -Wformat -Werror=format-security -Wall -Wextra -pedantic -Wshadow -Wunused-variable -Weffc++ -c RVNGRawGeneratorBase.cpp  -fPIC -DPIC -o .libs/librevenge_generators_0_0_la-RVNGRawGeneratorBase.o
libtool: compile:  g++ -DHAVE_CONFIG_H -I. -I../.. -DLIBREVENGE_BUILD -DBOOST_ERROR_CODE_HEADER_ONLY -DLIBREVENGE_VISIBILITY -Wdate-time -D_FORTIFY_SOURCE=2 -I../../inc -DNDEBUG -fvisibility=hidden -g -O2 -fdebug-prefix-map=/<<PKGBUILDDIR>>=. -fstack-protector-strong -Wformat -Werror=format-security -Wall -Wextra -pedantic -Wshadow -Wunused-variable -Weffc++ -c RVNGPropertyListVector.cpp  -fPIC -DPIC -o .libs/librevenge_0_0_la-RVNGPropertyListVector.o
libtool: compile:  g++ -DHAVE_CONFIG_H -I. -I../.. -DLIBREVENGE_GENERATORS_BUILD -DLIBREVENGE_GENERATORS_VISIBILITY -Wdate-time -D_FORTIFY_SOURCE=2 -I../../inc -DNDEBUG -fvisibility=hidden -g -O2 -fdebug-prefix-map=/<<PKGBUILDDIR>>=. -fstack-protector-strong -Wformat -Werror=format-security -Wall -Wextra -pedantic -Wshadow -Wunused-variable -Weffc++ -c RVNGRawDrawingGenerator.cpp  -fPIC -DPIC -o .libs/librevenge_generators_0_0_la-RVNGRawDrawingGenerator.o
libtool: compile:  g++ -DHAVE_CONFIG_H -I. -I../.. -DLIBREVENGE_GENERATORS_BUILD -DLIBREVENGE_GENERATORS_VISIBILITY -Wdate-time -D_FORTIFY_SOURCE=2 -I../../inc -DNDEBUG -fvisibility=hidden -g -O2 -fdebug-prefix-map=/<<PKGBUILDDIR>>=. -fstack-protector-strong -Wformat -Werror=format-security -Wall -Wextra -pedantic -Wshadow -Wunused-variable -Weffc++ -c RVNGCSVSpreadsheetGenerator.cpp  -fPIC -DPIC -o .libs/librevenge_generators_0_0_la-RVNGCSVSpreadsheetGenerator.o
libtool: compile:  g++ -DHAVE_CONFIG_H -I. -I../.. -DLIBREVENGE_GENERATORS_BUILD -DLIBREVENGE_GENERATORS_VISIBILITY -Wdate-time -D_FORTIFY_SOURCE=2 -I../../inc -DNDEBUG -fvisibility=hidden -g -O2 -fdebug-prefix-map=/<<PKGBUILDDIR>>=. -fstack-protector-strong -Wformat -Werror=format-security -Wall -Wextra -pedantic -Wshadow -Wunused-variable -Weffc++ -c RVNGHTMLTextTableStyle.cpp  -fPIC -DPIC -o .libs/librevenge_generators_0_0_la-RVNGHTMLTextTableStyle.o
libtool: compile:  g++ -DHAVE_CONFIG_H -I. -I../.. -DLIBREVENGE_GENERATORS_BUILD -DLIBREVENGE_GENERATORS_VISIBILITY -Wdate-time -D_FORTIFY_SOURCE=2 -I../../inc -DNDEBUG -fvisibility=hidden -g -O2 -fdebug-prefix-map=/<<PKGBUILDDIR>>=. -fstack-protector-strong -Wformat -Werror=format-security -Wall -Wextra -pedantic -Wshadow -Wunused-variable -Weffc++ -c RVNGHTMLTextTextStyle.cpp  -fPIC -DPIC -o .libs/librevenge_generators_0_0_la-RVNGHTMLTextTextStyle.o
libtool: compile:  g++ -DHAVE_CONFIG_H -I. -I../.. -DLIBREVENGE_BUILD -DBOOST_ERROR_CODE_HEADER_ONLY -DLIBREVENGE_VISIBILITY -Wdate-time -D_FORTIFY_SOURCE=2 -I../../inc -DNDEBUG -fvisibility=hidden -g -O2 -fdebug-prefix-map=/<<PKGBUILDDIR>>=. -fstack-protector-strong -Wformat -Werror=format-security -Wall -Wextra -pedantic -Wshadow -Wunused-variable -Weffc++ -c RVNGStringVector.cpp  -fPIC -DPIC -o .libs/librevenge_0_0_la-RVNGStringVector.o
libtool: compile:  g++ -DHAVE_CONFIG_H -I. -I../.. -DLIBREVENGE_GENERATORS_BUILD -DLIBREVENGE_GENERATORS_VISIBILITY -Wdate-time -D_FORTIFY_SOURCE=2 -I../../inc -DNDEBUG -fvisibility=hidden -g -O2 -fdebug-prefix-map=/<<PKGBUILDDIR>>=. -fstack-protector-strong -Wformat -Werror=format-security -Wall -Wextra -pedantic -Wshadow -Wunused-variable -Weffc++ -c RVNGHTMLTextGenerator.cpp  -fPIC -DPIC -o .libs/librevenge_generators_0_0_la-RVNGHTMLTextGenerator.o
libtool: compile:  g++ -DHAVE_CONFIG_H -I. -I../.. -DLIBREVENGE_BUILD -DBOOST_ERROR_CODE_HEADER_ONLY -DLIBREVENGE_VISIBILITY -Wdate-time -D_FORTIFY_SOURCE=2 -I../../inc -DNDEBUG -fvisibility=hidden -g -O2 -fdebug-prefix-map=/<<PKGBUILDDIR>>=. -fstack-protector-strong -Wformat -Werror=format-security -Wall -Wextra -pedantic -Wshadow -Wunused-variable -Weffc++ -c RVNGSVGDrawingGenerator.cpp  -fPIC -DPIC -o .libs/librevenge_0_0_la-RVNGSVGDrawingGenerator.o
libtool: compile:  g++ -DHAVE_CONFIG_H -I. -I../.. -DLIBREVENGE_GENERATORS_BUILD -DLIBREVENGE_GENERATORS_VISIBILITY -Wdate-time -D_FORTIFY_SOURCE=2 -I../../inc -DNDEBUG -fvisibility=hidden -g -O2 -fdebug-prefix-map=/<<PKGBUILDDIR>>=. -fstack-protector-strong -Wformat -Werror=format-security -Wall -Wextra -pedantic -Wshadow -Wunused-variable -Weffc++ -c RVNGRawSpreadsheetGenerator.cpp  -fPIC -DPIC -o .libs/librevenge_generators_0_0_la-RVNGRawSpreadsheetGenerator.o
libtool: compile:  g++ -DHAVE_CONFIG_H -I. -I../.. -DLIBREVENGE_BUILD -DBOOST_ERROR_CODE_HEADER_ONLY -DLIBREVENGE_VISIBILITY -Wdate-time -D_FORTIFY_SOURCE=2 -I../../inc -DNDEBUG -fvisibility=hidden -g -O2 -fdebug-prefix-map=/<<PKGBUILDDIR>>=. -fstack-protector-strong -Wformat -Werror=format-security -Wall -Wextra -pedantic -Wshadow -Wunused-variable -Weffc++ -c RVNGBinaryData.cpp  -fPIC -DPIC -o .libs/librevenge_0_0_la-RVNGBinaryData.o
libtool: compile:  g++ -DHAVE_CONFIG_H -I. -I../.. -DLIBREVENGE_BUILD -DBOOST_ERROR_CODE_HEADER_ONLY -DLIBREVENGE_VISIBILITY -Wdate-time -D_FORTIFY_SOURCE=2 -I../../inc -DNDEBUG -fvisibility=hidden -g -O2 -fdebug-prefix-map=/<<PKGBUILDDIR>>=. -fstack-protector-strong -Wformat -Werror=format-security -Wall -Wextra -pedantic -Wshadow -Wunused-variable -Weffc++ -c RVNGProperty.cpp  -fPIC -DPIC -o .libs/librevenge_0_0_la-RVNGProperty.o
libtool: compile:  g++ -DHAVE_CONFIG_H -I. -I../.. -DLIBREVENGE_GENERATORS_BUILD -DLIBREVENGE_GENERATORS_VISIBILITY -Wdate-time -D_FORTIFY_SOURCE=2 -I../../inc -DNDEBUG -fvisibility=hidden -g -O2 -fdebug-prefix-map=/<<PKGBUILDDIR>>=. -fstack-protector-strong -Wformat -Werror=format-security -Wall -Wextra -pedantic -Wshadow -Wunused-variable -Weffc++ -c RVNGRawPresentationGenerator.cpp  -fPIC -DPIC -o .libs/librevenge_generators_0_0_la-RVNGRawPresentationGenerator.o
libtool: compile:  g++ -DHAVE_CONFIG_H -I. -I../.. -DLIBREVENGE_BUILD -DBOOST_ERROR_CODE_HEADER_ONLY -DLIBREVENGE_VISIBILITY -Wdate-time -D_FORTIFY_SOURCE=2 -I../../inc -DNDEBUG -fvisibility=hidden -g -O2 -fdebug-prefix-map=/<<PKGBUILDDIR>>=. -fstack-protector-strong -Wformat -Werror=format-security -Wall -Wextra -pedantic -Wshadow -Wunused-variable -Weffc++ -c RVNGString.cpp  -fPIC -DPIC -o .libs/librevenge_0_0_la-RVNGString.o
/bin/bash ../../libtool  --tag=CXX   --mode=compile g++ -DHAVE_CONFIG_H -I. -I../..  -DLIBREVENGE_GENERATORS_BUILD -DLIBREVENGE_GENERATORS_VISIBILITY -Wdate-time -D_FORTIFY_SOURCE=2 -I../../inc -DNDEBUG  -fvisibility=hidden -g -O2 -fdebug-prefix-map=/<<PKGBUILDDIR>>=. -fstack-protector-strong -Wformat -Werror=format-security -Wall -Wextra -pedantic -Wshadow -Wunused-variable -Weffc++ -c -o librevenge_generators_0_0_la-RVNGRawTextGenerator.lo `test -f 'RVNGRawTextGenerator.cpp' || echo './'`RVNGRawTextGenerator.cpp
libtool: compile:  g++ -DHAVE_CONFIG_H -I. -I../.. -DLIBREVENGE_GENERATORS_BUILD -DLIBREVENGE_GENERATORS_VISIBILITY -Wdate-time -D_FORTIFY_SOURCE=2 -I../../inc -DNDEBUG -fvisibility=hidden -g -O2 -fdebug-prefix-map=/<<PKGBUILDDIR>>=. -fstack-protector-strong -Wformat -Werror=format-security -Wall -Wextra -pedantic -Wshadow -Wunused-variable -Weffc++ -c RVNGRawTextGenerator.cpp  -fPIC -DPIC -o .libs/librevenge_generators_0_0_la-RVNGRawTextGenerator.o
/bin/bash ../../libtool  --tag=CXX   --mode=compile g++ -DHAVE_CONFIG_H -I. -I../..  -DLIBREVENGE_GENERATORS_BUILD -DLIBREVENGE_GENERATORS_VISIBILITY -Wdate-time -D_FORTIFY_SOURCE=2 -I../../inc -DNDEBUG  -fvisibility=hidden -g -O2 -fdebug-prefix-map=/<<PKGBUILDDIR>>=. -fstack-protector-strong -Wformat -Werror=format-security -Wall -Wextra -pedantic -Wshadow -Wunused-variable -Weffc++ -c -o librevenge_generators_0_0_la-RVNGSVGPresentationGenerator.lo `test -f 'RVNGSVGPresentationGenerator.cpp' || echo './'`RVNGSVGPresentationGenerator.cpp
libtool: compile:  g++ -DHAVE_CONFIG_H -I. -I../.. -DLIBREVENGE_GENERATORS_BUILD -DLIBREVENGE_GENERATORS_VISIBILITY -Wdate-time -D_FORTIFY_SOURCE=2 -I../../inc -DNDEBUG -fvisibility=hidden -g -O2 -fdebug-prefix-map=/<<PKGBUILDDIR>>=. -fstack-protector-strong -Wformat -Werror=format-security -Wall -Wextra -pedantic -Wshadow -Wunused-variable -Weffc++ -c RVNGSVGPresentationGenerator.cpp  -fPIC -DPIC -o .libs/librevenge_generators_0_0_la-RVNGSVGPresentationGenerator.o
/bin/bash ../../libtool  --tag=CXX   --mode=compile g++ -DHAVE_CONFIG_H -I. -I../..  -DLIBREVENGE_GENERATORS_BUILD -DLIBREVENGE_GENERATORS_VISIBILITY -Wdate-time -D_FORTIFY_SOURCE=2 -I../../inc -DNDEBUG  -fvisibility=hidden -g -O2 -fdebug-prefix-map=/<<PKGBUILDDIR>>=. -fstack-protector-strong -Wformat -Werror=format-security -Wall -Wextra -pedantic -Wshadow -Wunused-variable -Weffc++ -c -o librevenge_generators_0_0_la-RVNGTextDrawingGenerator.lo `test -f 'RVNGTextDrawingGenerator.cpp' || echo './'`RVNGTextDrawingGenerator.cpp
/bin/bash ../../libtool  --tag=CXX   --mode=compile g++ -DHAVE_CONFIG_H -I. -I../..  -DLIBREVENGE_GENERATORS_BUILD -DLIBREVENGE_GENERATORS_VISIBILITY -Wdate-time -D_FORTIFY_SOURCE=2 -I../../inc -DNDEBUG  -fvisibility=hidden -g -O2 -fdebug-prefix-map=/<<PKGBUILDDIR>>=. -fstack-protector-strong -Wformat -Werror=format-security -Wall -Wextra -pedantic -Wshadow -Wunused-variable -Weffc++ -c -o librevenge_generators_0_0_la-RVNGTextPresentationGenerator.lo `test -f 'RVNGTextPresentationGenerator.cpp' || echo './'`RVNGTextPresentationGenerator.cpp
libtool: compile:  g++ -DHAVE_CONFIG_H -I. -I../.. -DLIBREVENGE_GENERATORS_BUILD -DLIBREVENGE_GENERATORS_VISIBILITY -Wdate-time -D_FORTIFY_SOURCE=2 -I../../inc -DNDEBUG -fvisibility=hidden -g -O2 -fdebug-prefix-map=/<<PKGBUILDDIR>>=. -fstack-protector-strong -Wformat -Werror=format-security -Wall -Wextra -pedantic -Wshadow -Wunused-variable -Weffc++ -c RVNGTextDrawingGenerator.cpp  -fPIC -DPIC -o .libs/librevenge_generators_0_0_la-RVNGTextDrawingGenerator.o
/bin/bash ../../libtool  --tag=CXX   --mode=compile g++ -DHAVE_CONFIG_H -I. -I../..  -DLIBREVENGE_GENERATORS_BUILD -DLIBREVENGE_GENERATORS_VISIBILITY -Wdate-time -D_FORTIFY_SOURCE=2 -I../../inc -DNDEBUG  -fvisibility=hidden -g -O2 -fdebug-prefix-map=/<<PKGBUILDDIR>>=. -fstack-protector-strong -Wformat -Werror=format-security -Wall -Wextra -pedantic -Wshadow -Wunused-variable -Weffc++ -c -o librevenge_generators_0_0_la-RVNGTextSpreadsheetGenerator.lo `test -f 'RVNGTextSpreadsheetGenerator.cpp' || echo './'`RVNGTextSpreadsheetGenerator.cpp
libtool: compile:  g++ -DHAVE_CONFIG_H -I. -I../.. -DLIBREVENGE_GENERATORS_BUILD -DLIBREVENGE_GENERATORS_VISIBILITY -Wdate-time -D_FORTIFY_SOURCE=2 -I../../inc -DNDEBUG -fvisibility=hidden -g -O2 -fdebug-prefix-map=/<<PKGBUILDDIR>>=. -fstack-protector-strong -Wformat -Werror=format-security -Wall -Wextra -pedantic -Wshadow -Wunused-variable -Weffc++ -c RVNGTextPresentationGenerator.cpp  -fPIC -DPIC -o .libs/librevenge_generators_0_0_la-RVNGTextPresentationGenerator.o
/bin/bash ../../libtool  --tag=CXX   --mode=compile g++ -DHAVE_CONFIG_H -I. -I../..  -DLIBREVENGE_GENERATORS_BUILD -DLIBREVENGE_GENERATORS_VISIBILITY -Wdate-time -D_FORTIFY_SOURCE=2 -I../../inc -DNDEBUG  -fvisibility=hidden -g -O2 -fdebug-prefix-map=/<<PKGBUILDDIR>>=. -fstack-protector-strong -Wformat -Werror=format-security -Wall -Wextra -pedantic -Wshadow -Wunused-variable -Weffc++ -c -o librevenge_generators_0_0_la-RVNGTextTextGenerator.lo `test -f 'RVNGTextTextGenerator.cpp' || echo './'`RVNGTextTextGenerator.cpp
/bin/bash ../../libtool  --tag=CXX   --mode=compile g++ -DHAVE_CONFIG_H -I. -I../..  -DLIBREVENGE_STREAM_BUILD -DLIBREVENGE_STREAM_VISIBILITY -Wdate-time -D_FORTIFY_SOURCE=2 -I../../inc -DNDEBUG  -fvisibility=hidden -g -O2 -fdebug-prefix-map=/<<PKGBUILDDIR>>=. -fstack-protector-strong -Wformat -Werror=format-security -Wall -Wextra -pedantic -Wshadow -Wunused-variable -Weffc++ -c -o librevenge_stream_0_0_la-RVNGStreamImplementation.lo `test -f 'RVNGStreamImplementation.cpp' || echo './'`RVNGStreamImplementation.cpp
libtool: compile:  g++ -DHAVE_CONFIG_H -I. -I../.. -DLIBREVENGE_GENERATORS_BUILD -DLIBREVENGE_GENERATORS_VISIBILITY -Wdate-time -D_FORTIFY_SOURCE=2 -I../../inc -DNDEBUG -fvisibility=hidden -g -O2 -fdebug-prefix-map=/<<PKGBUILDDIR>>=. -fstack-protector-strong -Wformat -Werror=format-security -Wall -Wextra -pedantic -Wshadow -Wunused-variable -Weffc++ -c RVNGTextSpreadsheetGenerator.cpp  -fPIC -DPIC -o .libs/librevenge_generators_0_0_la-RVNGTextSpreadsheetGenerator.o
libtool: compile:  g++ -DHAVE_CONFIG_H -I. -I../.. -DLIBREVENGE_GENERATORS_BUILD -DLIBREVENGE_GENERATORS_VISIBILITY -Wdate-time -D_FORTIFY_SOURCE=2 -I../../inc -DNDEBUG -fvisibility=hidden -g -O2 -fdebug-prefix-map=/<<PKGBUILDDIR>>=. -fstack-protector-strong -Wformat -Werror=format-security -Wall -Wextra -pedantic -Wshadow -Wunused-variable -Weffc++ -c RVNGTextTextGenerator.cpp  -fPIC -DPIC -o .libs/librevenge_generators_0_0_la-RVNGTextTextGenerator.o
libtool: compile:  g++ -DHAVE_CONFIG_H -I. -I../.. -DLIBREVENGE_STREAM_BUILD -DLIBREVENGE_STREAM_VISIBILITY -Wdate-time -D_FORTIFY_SOURCE=2 -I../../inc -DNDEBUG -fvisibility=hidden -g -O2 -fdebug-prefix-map=/<<PKGBUILDDIR>>=. -fstack-protector-strong -Wformat -Werror=format-security -Wall -Wextra -pedantic -Wshadow -Wunused-variable -Weffc++ -c RVNGStreamImplementation.cpp  -fPIC -DPIC -o .libs/librevenge_stream_0_0_la-RVNGStreamImplementation.o
/bin/bash ../../libtool  --tag=CXX   --mode=compile g++ -DHAVE_CONFIG_H -I. -I../..  -DLIBREVENGE_STREAM_BUILD -DLIBREVENGE_STREAM_VISIBILITY -Wdate-time -D_FORTIFY_SOURCE=2 -I../../inc -DNDEBUG  -fvisibility=hidden -g -O2 -fdebug-prefix-map=/<<PKGBUILDDIR>>=. -fstack-protector-strong -Wformat -Werror=format-security -Wall -Wextra -pedantic -Wshadow -Wunused-variable -Weffc++ -c -o librevenge_stream_0_0_la-RVNGDirectoryStream.lo `test -f 'RVNGDirectoryStream.cpp' || echo './'`RVNGDirectoryStream.cpp
/bin/bash ../../libtool  --tag=CXX   --mode=compile g++ -DHAVE_CONFIG_H -I. -I../..  -DLIBREVENGE_STREAM_BUILD -DLIBREVENGE_STREAM_VISIBILITY -Wdate-time -D_FORTIFY_SOURCE=2 -I../../inc -DNDEBUG  -fvisibility=hidden -g -O2 -fdebug-prefix-map=/<<PKGBUILDDIR>>=. -fstack-protector-strong -Wformat -Werror=format-security -Wall -Wextra -pedantic -Wshadow -Wunused-variable -Weffc++ -c -o librevenge_stream_0_0_la-RVNGOLEStream.lo `test -f 'RVNGOLEStream.cpp' || echo './'`RVNGOLEStream.cpp
/bin/bash ../../libtool  --tag=CXX   --mode=compile g++ -DHAVE_CONFIG_H -I. -I../..  -DLIBREVENGE_STREAM_BUILD -DLIBREVENGE_STREAM_VISIBILITY -Wdate-time -D_FORTIFY_SOURCE=2 -I../../inc -DNDEBUG  -fvisibility=hidden -g -O2 -fdebug-prefix-map=/<<PKGBUILDDIR>>=. -fstack-protector-strong -Wformat -Werror=format-security -Wall -Wextra -pedantic -Wshadow -Wunused-variable -Weffc++ -c -o librevenge_stream_0_0_la-RVNGZipStream.lo `test -f 'RVNGZipStream.cpp' || echo './'`RVNGZipStream.cpp
libtool: compile:  g++ -DHAVE_CONFIG_H -I. -I../.. -DLIBREVENGE_STREAM_BUILD -DLIBREVENGE_STREAM_VISIBILITY -Wdate-time -D_FORTIFY_SOURCE=2 -I../../inc -DNDEBUG -fvisibility=hidden -g -O2 -fdebug-prefix-map=/<<PKGBUILDDIR>>=. -fstack-protector-strong -Wformat -Werror=format-security -Wall -Wextra -pedantic -Wshadow -Wunused-variable -Weffc++ -c RVNGOLEStream.cpp  -fPIC -DPIC -o .libs/librevenge_stream_0_0_la-RVNGOLEStream.o
libtool: compile:  g++ -DHAVE_CONFIG_H -I. -I../.. -DLIBREVENGE_STREAM_BUILD -DLIBREVENGE_STREAM_VISIBILITY -Wdate-time -D_FORTIFY_SOURCE=2 -I../../inc -DNDEBUG -fvisibility=hidden -g -O2 -fdebug-prefix-map=/<<PKGBUILDDIR>>=. -fstack-protector-strong -Wformat -Werror=format-security -Wall -Wextra -pedantic -Wshadow -Wunused-variable -Weffc++ -c RVNGDirectoryStream.cpp  -fPIC -DPIC -o .libs/librevenge_stream_0_0_la-RVNGDirectoryStream.o
libtool: compile:  g++ -DHAVE_CONFIG_H -I. -I../.. -DLIBREVENGE_STREAM_BUILD -DLIBREVENGE_STREAM_VISIBILITY -Wdate-time -D_FORTIFY_SOURCE=2 -I../../inc -DNDEBUG -fvisibility=hidden -g -O2 -fdebug-prefix-map=/<<PKGBUILDDIR>>=. -fstack-protector-strong -Wformat -Werror=format-security -Wall -Wextra -pedantic -Wshadow -Wunused-variable -Weffc++ -c RVNGZipStream.cpp  -fPIC -DPIC -o .libs/librevenge_stream_0_0_la-RVNGZipStream.o
/bin/bash ../../libtool  --tag=CXX   --mode=link g++ -I../../inc -DNDEBUG  -fvisibility=hidden -g -O2 -fdebug-prefix-map=/<<PKGBUILDDIR>>=. -fstack-protector-strong -Wformat -Werror=format-security -Wall -Wextra -pedantic -Wshadow -Wunused-variable -Weffc++ -version-info 0:4:0 -export-dynamic  -Wl,-z,relro -o librevenge-0.0.la -rpath /usr/lib/x86_64-linux-gnu librevenge_0_0_la-RVNGBinaryData.lo librevenge_0_0_la-RVNGMemoryStream.lo librevenge_0_0_la-RVNGProperty.lo librevenge_0_0_la-RVNGPropertyList.lo librevenge_0_0_la-RVNGPropertyListVector.lo librevenge_0_0_la-RVNGString.lo librevenge_0_0_la-RVNGStringVector.lo librevenge_0_0_la-RVNGSVGDrawingGenerator.lo  
libtool: link: g++  -fPIC -DPIC -shared -nostdlib /usr/bin/../lib/gcc/x86_64-linux-gnu/7.2.0/../../../x86_64-linux-gnu/crti.o /usr/bin/../lib/gcc/x86_64-linux-gnu/7.2.0/crtbeginS.o  .libs/librevenge_0_0_la-RVNGBinaryData.o .libs/librevenge_0_0_la-RVNGMemoryStream.o .libs/librevenge_0_0_la-RVNGProperty.o .libs/librevenge_0_0_la-RVNGPropertyList.o .libs/librevenge_0_0_la-RVNGPropertyListVector.o .libs/librevenge_0_0_la-RVNGString.o .libs/librevenge_0_0_la-RVNGStringVector.o .libs/librevenge_0_0_la-RVNGSVGDrawingGenerator.o   -L/usr/bin/../lib/gcc/x86_64-linux-gnu/7.2.0 -L/usr/bin/../lib/gcc/x86_64-linux-gnu/7.2.0/../../../x86_64-linux-gnu -L/lib/x86_64-linux-gnu -L/lib/../lib64 -L/usr/lib/x86_64-linux-gnu -L/usr/bin/../lib/gcc/x86_64-linux-gnu/7.2.0/../../.. -L/usr/lib/llvm-5.0/bin/../lib -L/lib -L/usr/lib -lstdc++ -lm -lc -lgcc_s /usr/bin/../lib/gcc/x86_64-linux-gnu/7.2.0/crtendS.o /usr/bin/../lib/gcc/x86_64-linux-gnu/7.2.0/../../../x86_64-linux-gnu/crtn.o  -g -O2 -fstack-protector-strong -Wl,-z -Wl,relro   -Wl,-soname -Wl,librevenge-0.0.so.0 -o .libs/librevenge-0.0.so.0.0.4
libtool: link: (cd ".libs" && rm -f "librevenge-0.0.so.0" && ln -s "librevenge-0.0.so.0.0.4" "librevenge-0.0.so.0")
libtool: link: (cd ".libs" && rm -f "librevenge-0.0.so" && ln -s "librevenge-0.0.so.0.0.4" "librevenge-0.0.so")
libtool: link: ( cd ".libs" && rm -f "librevenge-0.0.la" && ln -s "../librevenge-0.0.la" "librevenge-0.0.la" )
/bin/bash ../../libtool  --tag=CXX   --mode=link g++ -I../../inc -DNDEBUG  -fvisibility=hidden -g -O2 -fdebug-prefix-map=/<<PKGBUILDDIR>>=. -fstack-protector-strong -Wformat -Werror=format-security -Wall -Wextra -pedantic -Wshadow -Wunused-variable -Weffc++ -version-info 0:4:0 -export-dynamic  -Wl,-z,relro -o librevenge-generators-0.0.la -rpath /usr/lib/x86_64-linux-gnu librevenge_generators_0_0_la-RVNGCSVSpreadsheetGenerator.lo librevenge_generators_0_0_la-RVNGHTMLTextGenerator.lo librevenge_generators_0_0_la-RVNGHTMLTextTextStyle.lo librevenge_generators_0_0_la-RVNGHTMLTextTableStyle.lo librevenge_generators_0_0_la-RVNGRawGeneratorBase.lo librevenge_generators_0_0_la-RVNGRawDrawingGenerator.lo librevenge_generators_0_0_la-RVNGRawPresentationGenerator.lo librevenge_generators_0_0_la-RVNGRawSpreadsheetGenerator.lo librevenge_generators_0_0_la-RVNGRawTextGenerator.lo librevenge_generators_0_0_la-RVNGSVGPresentationGenerator.lo librevenge_generators_0_0_la-RVNGTextDrawingGenerator.lo librevenge_generators_0_0_la-RVNGTextPresentationGenerator.lo librevenge_generators_0_0_la-RVNGTextSpreadsheetGenerator.lo librevenge_generators_0_0_la-RVNGTextTextGenerator.lo ./librevenge-0.0.la  
libtool: link: g++  -fPIC -DPIC -shared -nostdlib /usr/bin/../lib/gcc/x86_64-linux-gnu/7.2.0/../../../x86_64-linux-gnu/crti.o /usr/bin/../lib/gcc/x86_64-linux-gnu/7.2.0/crtbeginS.o  .libs/librevenge_generators_0_0_la-RVNGCSVSpreadsheetGenerator.o .libs/librevenge_generators_0_0_la-RVNGHTMLTextGenerator.o .libs/librevenge_generators_0_0_la-RVNGHTMLTextTextStyle.o .libs/librevenge_generators_0_0_la-RVNGHTMLTextTableStyle.o .libs/librevenge_generators_0_0_la-RVNGRawGeneratorBase.o .libs/librevenge_generators_0_0_la-RVNGRawDrawingGenerator.o .libs/librevenge_generators_0_0_la-RVNGRawPresentationGenerator.o .libs/librevenge_generators_0_0_la-RVNGRawSpreadsheetGenerator.o .libs/librevenge_generators_0_0_la-RVNGRawTextGenerator.o .libs/librevenge_generators_0_0_la-RVNGSVGPresentationGenerator.o .libs/librevenge_generators_0_0_la-RVNGTextDrawingGenerator.o .libs/librevenge_generators_0_0_la-RVNGTextPresentationGenerator.o .libs/librevenge_generators_0_0_la-RVNGTextSpreadsheetGenerator.o .libs/librevenge_generators_0_0_la-RVNGTextTextGenerator.o   -Wl,-rpath -Wl,/<<PKGBUILDDIR>>/src/lib/.libs ./.libs/librevenge-0.0.so -L/usr/bin/../lib/gcc/x86_64-linux-gnu/7.2.0 -L/usr/bin/../lib/gcc/x86_64-linux-gnu/7.2.0/../../../x86_64-linux-gnu -L/lib/x86_64-linux-gnu -L/lib/../lib64 -L/usr/lib/x86_64-linux-gnu -L/usr/bin/../lib/gcc/x86_64-linux-gnu/7.2.0/../../.. -L/usr/lib/llvm-5.0/bin/../lib -L/lib -L/usr/lib -lstdc++ -lm -lc -lgcc_s /usr/bin/../lib/gcc/x86_64-linux-gnu/7.2.0/crtendS.o /usr/bin/../lib/gcc/x86_64-linux-gnu/7.2.0/../../../x86_64-linux-gnu/crtn.o  -g -O2 -fstack-protector-strong -Wl,-z -Wl,relro   -Wl,-soname -Wl,librevenge-generators-0.0.so.0 -o .libs/librevenge-generators-0.0.so.0.0.4
libtool: link: (cd ".libs" && rm -f "librevenge-generators-0.0.so.0" && ln -s "librevenge-generators-0.0.so.0.0.4" "librevenge-generators-0.0.so.0")
libtool: link: (cd ".libs" && rm -f "librevenge-generators-0.0.so" && ln -s "librevenge-generators-0.0.so.0.0.4" "librevenge-generators-0.0.so")
libtool: link: ( cd ".libs" && rm -f "librevenge-generators-0.0.la" && ln -s "../librevenge-generators-0.0.la" "librevenge-generators-0.0.la" )
/bin/bash ../../libtool  --tag=CXX   --mode=link g++ -I../../inc -DNDEBUG  -fvisibility=hidden -g -O2 -fdebug-prefix-map=/<<PKGBUILDDIR>>=. -fstack-protector-strong -Wformat -Werror=format-security -Wall -Wextra -pedantic -Wshadow -Wunused-variable -Weffc++ -version-info 0:4:0 -export-dynamic  -Wl,-z,relro -o librevenge-stream-0.0.la -rpath /usr/lib/x86_64-linux-gnu librevenge_stream_0_0_la-RVNGStreamImplementation.lo librevenge_stream_0_0_la-RVNGDirectoryStream.lo librevenge_stream_0_0_la-RVNGOLEStream.lo librevenge_stream_0_0_la-RVNGZipStream.lo -lz  
libtool: link: g++  -fPIC -DPIC -shared -nostdlib /usr/bin/../lib/gcc/x86_64-linux-gnu/7.2.0/../../../x86_64-linux-gnu/crti.o /usr/bin/../lib/gcc/x86_64-linux-gnu/7.2.0/crtbeginS.o  .libs/librevenge_stream_0_0_la-RVNGStreamImplementation.o .libs/librevenge_stream_0_0_la-RVNGDirectoryStream.o .libs/librevenge_stream_0_0_la-RVNGOLEStream.o .libs/librevenge_stream_0_0_la-RVNGZipStream.o   -lz -L/usr/bin/../lib/gcc/x86_64-linux-gnu/7.2.0 -L/usr/bin/../lib/gcc/x86_64-linux-gnu/7.2.0/../../../x86_64-linux-gnu -L/lib/x86_64-linux-gnu -L/lib/../lib64 -L/usr/lib/x86_64-linux-gnu -L/usr/bin/../lib/gcc/x86_64-linux-gnu/7.2.0/../../.. -L/usr/lib/llvm-5.0/bin/../lib -L/lib -L/usr/lib -lstdc++ -lm -lc -lgcc_s /usr/bin/../lib/gcc/x86_64-linux-gnu/7.2.0/crtendS.o /usr/bin/../lib/gcc/x86_64-linux-gnu/7.2.0/../../../x86_64-linux-gnu/crtn.o  -g -O2 -fstack-protector-strong -Wl,-z -Wl,relro   -Wl,-soname -Wl,librevenge-stream-0.0.so.0 -o .libs/librevenge-stream-0.0.so.0.0.4
libtool: link: (cd ".libs" && rm -f "librevenge-stream-0.0.so.0" && ln -s "librevenge-stream-0.0.so.0.0.4" "librevenge-stream-0.0.so.0")
libtool: link: (cd ".libs" && rm -f "librevenge-stream-0.0.so" && ln -s "librevenge-stream-0.0.so.0.0.4" "librevenge-stream-0.0.so")
libtool: link: ( cd ".libs" && rm -f "librevenge-stream-0.0.la" && ln -s "../librevenge-stream-0.0.la" "librevenge-stream-0.0.la" )
make[4]: Leaving directory '/<<PKGBUILDDIR>>/src/lib'
Making all in test
make[4]: Entering directory '/<<PKGBUILDDIR>>/src/test'
make[4]: Nothing to be done for 'all'.
make[4]: Leaving directory '/<<PKGBUILDDIR>>/src/test'
make[4]: Entering directory '/<<PKGBUILDDIR>>/src'
make[4]: Nothing to be done for 'all-am'.
make[4]: Leaving directory '/<<PKGBUILDDIR>>/src'
make[3]: Leaving directory '/<<PKGBUILDDIR>>/src'
Making all in data
make[3]: Entering directory '/<<PKGBUILDDIR>>/data'
make[4]: Entering directory '/<<PKGBUILDDIR>>/data'
make[4]: Nothing to be done for 'all-am'.
make[4]: Leaving directory '/<<PKGBUILDDIR>>/data'
make[3]: Leaving directory '/<<PKGBUILDDIR>>/data'
Making all in docs
make[3]: Entering directory '/<<PKGBUILDDIR>>/docs'
Making all in doxygen
make[4]: Entering directory '/<<PKGBUILDDIR>>/docs/doxygen'
make[4]: Nothing to be done for 'all'.
make[4]: Leaving directory '/<<PKGBUILDDIR>>/docs/doxygen'
make[4]: Entering directory '/<<PKGBUILDDIR>>/docs'
make[4]: Nothing to be done for 'all-am'.
make[4]: Leaving directory '/<<PKGBUILDDIR>>/docs'
make[3]: Leaving directory '/<<PKGBUILDDIR>>/docs'
make[3]: Entering directory '/<<PKGBUILDDIR>>'
make[3]: Nothing to be done for 'all-am'.
make[3]: Leaving directory '/<<PKGBUILDDIR>>'
make[2]: Leaving directory '/<<PKGBUILDDIR>>'
make[1]: Leaving directory '/<<PKGBUILDDIR>>'
   dh_auto_test -a -O--parallel
	make -j16 check VERBOSE=1
make[1]: Entering directory '/<<PKGBUILDDIR>>'
Making check in build
make[2]: Entering directory '/<<PKGBUILDDIR>>/build'
Making check in win32
make[3]: Entering directory '/<<PKGBUILDDIR>>/build/win32'
make[3]: Nothing to be done for 'check'.
make[3]: Leaving directory '/<<PKGBUILDDIR>>/build/win32'
make[3]: Entering directory '/<<PKGBUILDDIR>>/build'
make[3]: Nothing to be done for 'check-am'.
make[3]: Leaving directory '/<<PKGBUILDDIR>>/build'
make[2]: Leaving directory '/<<PKGBUILDDIR>>/build'
Making check in inc
make[2]: Entering directory '/<<PKGBUILDDIR>>/inc'
Making check in librevenge
make[3]: Entering directory '/<<PKGBUILDDIR>>/inc/librevenge'
make[3]: Nothing to be done for 'check'.
make[3]: Leaving directory '/<<PKGBUILDDIR>>/inc/librevenge'
Making check in librevenge-stream
make[3]: Entering directory '/<<PKGBUILDDIR>>/inc/librevenge-stream'
make[3]: Nothing to be done for 'check'.
make[3]: Leaving directory '/<<PKGBUILDDIR>>/inc/librevenge-stream'
Making check in librevenge-generators
make[3]: Entering directory '/<<PKGBUILDDIR>>/inc/librevenge-generators'
make[3]: Nothing to be done for 'check'.
make[3]: Leaving directory '/<<PKGBUILDDIR>>/inc/librevenge-generators'
make[3]: Entering directory '/<<PKGBUILDDIR>>/inc'
make[3]: Nothing to be done for 'check-am'.
make[3]: Leaving directory '/<<PKGBUILDDIR>>/inc'
make[2]: Leaving directory '/<<PKGBUILDDIR>>/inc'
Making check in src
make[2]: Entering directory '/<<PKGBUILDDIR>>/src'
Making check in lib
make[3]: Entering directory '/<<PKGBUILDDIR>>/src/lib'
make[3]: Nothing to be done for 'check'.
make[3]: Leaving directory '/<<PKGBUILDDIR>>/src/lib'
Making check in test
make[3]: Entering directory '/<<PKGBUILDDIR>>/src/test'
make  test testfileinfo
make[4]: Entering directory '/<<PKGBUILDDIR>>/src/test'
g++ -DHAVE_CONFIG_H -I. -I../..  -DRVNG_DATA_DIR=\"../../src/test/data\" -DRVNG_DIRECTORY_STREAM_TEST_DIR=\"../../inc/librevenge-stream\" -Wdate-time -D_FORTIFY_SOURCE=2 -I../../inc -I../../src/lib  -DNDEBUG -g -O2 -fdebug-prefix-map=/<<PKGBUILDDIR>>=. -fstack-protector-strong -Wformat -Werror=format-security -Wall -Wextra -pedantic -Wshadow -Wunused-variable -Weffc++ -c -o test-RVNGBinaryDataTest.o `test -f 'RVNGBinaryDataTest.cpp' || echo './'`RVNGBinaryDataTest.cpp
g++ -DHAVE_CONFIG_H -I. -I../..  -DRVNG_DATA_DIR=\"../../src/test/data\" -DRVNG_DIRECTORY_STREAM_TEST_DIR=\"../../inc/librevenge-stream\" -Wdate-time -D_FORTIFY_SOURCE=2 -I../../inc -I../../src/lib  -DNDEBUG -g -O2 -fdebug-prefix-map=/<<PKGBUILDDIR>>=. -fstack-protector-strong -Wformat -Werror=format-security -Wall -Wextra -pedantic -Wshadow -Wunused-variable -Weffc++ -c -o test-RVNGDirectoryStreamTest.o `test -f 'RVNGDirectoryStreamTest.cpp' || echo './'`RVNGDirectoryStreamTest.cpp
g++ -DHAVE_CONFIG_H -I. -I../..  -DRVNG_DATA_DIR=\"../../src/test/data\" -DRVNG_DIRECTORY_STREAM_TEST_DIR=\"../../inc/librevenge-stream\" -Wdate-time -D_FORTIFY_SOURCE=2 -I../../inc -I../../src/lib  -DNDEBUG -g -O2 -fdebug-prefix-map=/<<PKGBUILDDIR>>=. -fstack-protector-strong -Wformat -Werror=format-security -Wall -Wextra -pedantic -Wshadow -Wunused-variable -Weffc++ -c -o test-RVNGOLEStreamTest.o `test -f 'RVNGOLEStreamTest.cpp' || echo './'`RVNGOLEStreamTest.cpp
g++ -DHAVE_CONFIG_H -I. -I../..  -DRVNG_DATA_DIR=\"../../src/test/data\" -DRVNG_DIRECTORY_STREAM_TEST_DIR=\"../../inc/librevenge-stream\" -Wdate-time -D_FORTIFY_SOURCE=2 -I../../inc -I../../src/lib  -DNDEBUG -g -O2 -fdebug-prefix-map=/<<PKGBUILDDIR>>=. -fstack-protector-strong -Wformat -Werror=format-security -Wall -Wextra -pedantic -Wshadow -Wunused-variable -Weffc++ -c -o test-RVNGStreamTest.o `test -f 'RVNGStreamTest.cpp' || echo './'`RVNGStreamTest.cpp
g++ -DHAVE_CONFIG_H -I. -I../..  -DRVNG_DATA_DIR=\"../../src/test/data\" -DRVNG_DIRECTORY_STREAM_TEST_DIR=\"../../inc/librevenge-stream\" -Wdate-time -D_FORTIFY_SOURCE=2 -I../../inc -I../../src/lib  -DNDEBUG -g -O2 -fdebug-prefix-map=/<<PKGBUILDDIR>>=. -fstack-protector-strong -Wformat -Werror=format-security -Wall -Wextra -pedantic -Wshadow -Wunused-variable -Weffc++ -c -o test-RVNGStringIterTest.o `test -f 'RVNGStringIterTest.cpp' || echo './'`RVNGStringIterTest.cpp
g++ -DHAVE_CONFIG_H -I. -I../..  -DRVNG_DATA_DIR=\"../../src/test/data\" -DRVNG_DIRECTORY_STREAM_TEST_DIR=\"../../inc/librevenge-stream\" -Wdate-time -D_FORTIFY_SOURCE=2 -I../../inc -I../../src/lib  -DNDEBUG -g -O2 -fdebug-prefix-map=/<<PKGBUILDDIR>>=. -fstack-protector-strong -Wformat -Werror=format-security -Wall -Wextra -pedantic -Wshadow -Wunused-variable -Weffc++ -c -o test-RVNGStringTest.o `test -f 'RVNGStringTest.cpp' || echo './'`RVNGStringTest.cpp
g++ -DHAVE_CONFIG_H -I. -I../..  -DRVNG_DATA_DIR=\"../../src/test/data\" -DRVNG_DIRECTORY_STREAM_TEST_DIR=\"../../inc/librevenge-stream\" -Wdate-time -D_FORTIFY_SOURCE=2 -I../../inc -I../../src/lib  -DNDEBUG -g -O2 -fdebug-prefix-map=/<<PKGBUILDDIR>>=. -fstack-protector-strong -Wformat -Werror=format-security -Wall -Wextra -pedantic -Wshadow -Wunused-variable -Weffc++ -c -o test-test.o `test -f 'test.cpp' || echo './'`test.cpp
g++ -DHAVE_CONFIG_H -I. -I../..   -Wdate-time -D_FORTIFY_SOURCE=2 -I../../inc -I../../src/lib  -DNDEBUG -g -O2 -fdebug-prefix-map=/<<PKGBUILDDIR>>=. -fstack-protector-strong -Wformat -Werror=format-security -Wall -Wextra -pedantic -Wshadow -Wunused-variable -Weffc++ -c -o RVNGFileInfo.o RVNGFileInfo.cpp
/bin/bash ../../libtool  --tag=CXX   --mode=link g++ -I../../inc -I../../src/lib  -DNDEBUG -g -O2 -fdebug-prefix-map=/<<PKGBUILDDIR>>=. -fstack-protector-strong -Wformat -Werror=format-security -Wall -Wextra -pedantic -Wshadow -Wunused-variable -Weffc++  -Wl,-z,relro -o testfileinfo RVNGFileInfo.o ../../src/lib/librevenge-0.0.la ../../src/lib/librevenge-stream-0.0.la  
In file included from RVNGStreamTest.cpp:26:
In file included from /usr/include/cppunit/extensions/HelperMacros.h:9:
In file included from /usr/include/cppunit/TestCaller.h:5:
In file included from /usr/include/cppunit/TestCase.h:6:
In file included from /usr/include/cppunit/TestAssert.h:8:
In file included from /usr/include/cppunit/tools/StringHelper.h:7:
In file included from /usr/bin/../lib/gcc/x86_64-linux-gnu/7.2.0/../../../../include/c++/7.2.0/type_traits:35:
/usr/bin/../lib/gcc/x86_64-linux-gnu/7.2.0/../../../../include/c++/7.2.0/bits/c++0x_warning.h:32:2: error: This file requires compiler and library support for the ISO C++ 2011 standard. This support must be enabled with the -std=c++11 or -std=gnu++11 compiler options.
#error This file requires compiler and library support \
 ^
In file included from RVNGOLEStreamTest.cpp:26:
In file included from /usr/include/cppunit/extensions/HelperMacros.h:9:
In file included from /usr/include/cppunit/TestCaller.h:5:
In file included from /usr/include/cppunit/TestCase.h:6:
In file included from /usr/include/cppunit/TestAssert.h:8:
In file included from /usr/include/cppunit/tools/StringHelper.h:7:
In file included from /usr/bin/../lib/gcc/x86_64-linux-gnu/7.2.0/../../../../include/c++/7.2.0/type_traits:35:
/usr/bin/../lib/gcc/x86_64-linux-gnu/7.2.0/../../../../include/c++/7.2.0/bits/c++0x_warning.h:32:2: error: This file requires compiler and library support for the ISO C++ 2011 standard. This support must be enabled with the -std=c++11 or -std=gnu++11 compiler options.
#error This file requires compiler and library support \
 ^
In file included from RVNGBinaryDataTest.cpp:20:
In file included from /usr/include/cppunit/extensions/HelperMacros.h:9:
In file included from /usr/include/cppunit/TestCaller.h:5:
In file included from /usr/include/cppunit/TestCase.h:6:
In file included from /usr/include/cppunit/TestAssert.h:8:
In file included from /usr/include/cppunit/tools/StringHelper.h:7:
In file included from /usr/bin/../lib/gcc/x86_64-linux-gnu/7.2.0/../../../../include/c++/7.2.0/type_traits:35:
/usr/bin/../lib/gcc/x86_64-linux-gnu/7.2.0/../../../../include/c++/7.2.0/bits/c++0x_warning.h:32:2: error: This file requires compiler and library support for the ISO C++ 2011 standard. This support must be enabled with the -std=c++11 or -std=gnu++11 compiler options.
#error This file requires compiler and library support \
 ^
In file included from RVNGStreamTest.cpp:26:
In file included from /usr/include/cppunit/extensions/HelperMacros.h:9:
In file included from /usr/include/cppunit/TestCaller.h:5:
In file included from /usr/include/cppunit/TestCase.h:6:
In file included from /usr/include/cppunit/TestAssert.h:8:
/usr/include/cppunit/tools/StringHelper.h:22:10: error: no template named 'enable_if' in namespace 'std'; did you mean '__gnu_cxx::__enable_if'?
typename std::enable_if<!std::is_enum<T>::value, std::string>::type toString(const T& x)
         ^~~~~
/usr/bin/../lib/gcc/x86_64-linux-gnu/7.2.0/../../../../include/c++/7.2.0/ext/type_traits.h:45:12: note: '__gnu_cxx::__enable_if' declared here
    struct __enable_if 
           ^
In file included from RVNGOLEStreamTest.cpp:26:
In file included from /usr/include/cppunit/extensions/HelperMacros.h:9:
In file included from /usr/include/cppunit/TestCaller.h:5:
In file included from /usr/include/cppunit/TestCase.h:6:
In file included from /usr/include/cppunit/TestAssert.h:8:
/usr/include/cppunit/tools/StringHelper.h:22:10: error: no template named 'enable_if' in namespace 'std'; did you mean '__gnu_cxx::__enable_if'?
typename std::enable_if<!std::is_enum<T>::value, std::string>::type toString(const T& x)
         ^~~~~
/usr/bin/../lib/gcc/x86_64-linux-gnu/7.2.0/../../../../include/c++/7.2.0/ext/type_traits.h:45:12: note: '__gnu_cxx::__enable_if' declared here
    struct __enable_if 
           ^
In file included from RVNGBinaryDataTest.cpp:20:
In file included from /usr/include/cppunit/extensions/HelperMacros.h:9:
In file included from /usr/include/cppunit/TestCaller.h:5:
In file included from /usr/include/cppunit/TestCase.h:6:
In file included from /usr/include/cppunit/TestAssert.h:8:
/usr/include/cppunit/tools/StringHelper.h:22:10: error: no template named 'enable_if' in namespace 'std'; did you mean '__gnu_cxx::__enable_if'?
typename std::enable_if<!std::is_enum<T>::value, std::string>::type toString(const T& x)
         ^~~~~
/usr/bin/../lib/gcc/x86_64-linux-gnu/7.2.0/../../../../include/c++/7.2.0/ext/type_traits.h:45:12: note: '__gnu_cxx::__enable_if' declared here
    struct __enable_if 
           ^
In file included from RVNGStreamTest.cpp:26:
In file included from /usr/include/cppunit/extensions/HelperMacros.h:9:
In file included from /usr/include/cppunit/TestCaller.h:5:
In file included from /usr/include/cppunit/TestCase.h:6:
In file included from /usr/include/cppunit/TestAssert.h:8:
/usr/include/cppunit/tools/StringHelper.h:22:39: error: 'T' does not refer to a value
typename std::enable_if<!std::is_enum<T>::value, std::string>::type toString(const T& x)
                                      ^
/usr/include/cppunit/tools/StringHelper.h:21:19: note: declared here
template<typename T>
                  ^
/usr/include/cppunit/tools/StringHelper.h:22:31: error: no member named 'is_enum' in namespace 'std'; did you mean 'isalnum'?
typename std::enable_if<!std::is_enum<T>::value, std::string>::type toString(const T& x)
                         ~~~~~^
/usr/bin/../lib/gcc/x86_64-linux-gnu/7.2.0/../../../../include/c++/7.2.0/cctype:64:11: note: 'isalnum' declared here
  using ::isalnum;
          ^
In file included from RVNGStreamTest.cpp:26:
In file included from /usr/include/cppunit/extensions/HelperMacros.h:9:
In file included from /usr/include/cppunit/TestCaller.h:5:
In file included from /usr/include/cppunit/TestCase.h:6:
In file included from /usr/include/cppunit/TestAssert.h:8:
/usr/include/cppunit/tools/StringHelper.h:22:43: error: definition or redeclaration of 'value' cannot name the global scope
typename std::enable_if<!std::is_enum<T>::value, std::string>::type toString(const T& x)
                                        ~~^
/usr/include/cppunit/tools/StringHelper.h:22:43: error: no member named 'value' in the global namespace
typename std::enable_if<!std::is_enum<T>::value, std::string>::type toString(const T& x)
                                        ~~^
/usr/include/cppunit/tools/StringHelper.h:22:48: error: a template declaration can only declare a single entity
typename std::enable_if<!std::is_enum<T>::value, std::string>::type toString(const T& x)
                                               ^
In file included from RVNGOLEStreamTest.cpp:26:
In file included from /usr/include/cppunit/extensions/HelperMacros.h:9:
In file included from /usr/include/cppunit/TestCaller.h:5:
In file included from /usr/include/cppunit/TestCase.h:6:
In file included from /usr/include/cppunit/TestAssert.h:8:
/usr/include/cppunit/tools/StringHelper.h:22:39: error: 'T' does not refer to a value
typename std::enable_if<!std::is_enum<T>::value, std::string>::type toString(const T& x)
                                      ^
/usr/include/cppunit/tools/StringHelper.h:21:19: note: declared here
template<typename T>
                  ^
/usr/include/cppunit/tools/StringHelper.h:22:31: error: no member named 'is_enum' in namespace 'std'; did you mean 'isalnum'?
typename std::enable_if<!std::is_enum<T>::value, std::string>::type toString(const T& x)
                         ~~~~~^
/usr/bin/../lib/gcc/x86_64-linux-gnu/7.2.0/../../../../include/c++/7.2.0/cctype:64:11: note: 'isalnum' declared here
  using ::isalnum;
          ^
In file included from RVNGOLEStreamTest.cpp:26:
In file included from /usr/include/cppunit/extensions/HelperMacros.h:9:
In file included from /usr/include/cppunit/TestCaller.h:5:
In file included from /usr/include/cppunit/TestCase.h:6:
In file included from /usr/include/cppunit/TestAssert.h:8:
/usr/include/cppunit/tools/StringHelper.h:22:43: error: definition or redeclaration of 'value' cannot name the global scope
typename std::enable_if<!std::is_enum<T>::value, std::string>::type toString(const T& x)
                                        ~~^
/usr/include/cppunit/tools/StringHelper.h:22:43: error: no member named 'value' in the global namespace
typename std::enable_if<!std::is_enum<T>::value, std::string>::type toString(const T& x)
                                        ~~^
/usr/include/cppunit/tools/StringHelper.h:22:48: error: a template declaration can only declare a single entity
typename std::enable_if<!std::is_enum<T>::value, std::string>::type toString(const T& x)
                                               ^
In file included from RVNGBinaryDataTest.cpp:20:
In file included from /usr/include/cppunit/extensions/HelperMacros.h:9:
In file included from /usr/include/cppunit/TestCaller.h:5:
In file included from /usr/include/cppunit/TestCase.h:6:
In file included from /usr/include/cppunit/TestAssert.h:8:
/usr/include/cppunit/tools/StringHelper.h:22:39: error: 'T' does not refer to a value
typename std::enable_if<!std::is_enum<T>::value, std::string>::type toString(const T& x)
                                      ^
/usr/include/cppunit/tools/StringHelper.h:21:19: note: declared here
template<typename T>
                  ^
In file included from RVNGStreamTest.cpp:26:
In file included from /usr/include/cppunit/extensions/HelperMacros.h:9:
In file included from /usr/include/cppunit/TestCaller.h:5:
In file included from /usr/include/cppunit/TestCase.h:6:
/usr/include/cppunit/TestAssert.h:74:16: error: no member named 'toString' in namespace 'CppUnit::StringHelper'; did you mean simply 'toString'?
        return CPPUNIT_NS::StringHelper::toString(x);
               ^~~~~~~~~~~~~~~~~~~~~~~~~~
/usr/include/cppunit/Portability.h:107:21: note: expanded from macro 'CPPUNIT_NS'
# define CPPUNIT_NS CppUnit
                    ^
/usr/include/cppunit/tools/StringHelper.h:22:/usr/include/cppunit/TestAssert.h31::72 :error24: : no member named 'is_enum' in namespace 'std'; did you mean 'isalnum'?note
: 'toString' declared here
    static std::string toString( const T& x )
                       ^
typename std::enable_if<!std::is_enum<T>::value, std::string>::type toString(const T& x)
                         ~~~~~^
/usr/bin/../lib/gcc/x86_64-linux-gnu/7.2.0/../../../../include/c++/7.2.0/cctype:64:11: note: 'isalnum' declared here
  using ::isalnum;
          ^
In file included from RVNGBinaryDataTest.cpp:20:
In file included from /usr/include/cppunit/extensions/HelperMacros.h:9:
In file included from /usr/include/cppunit/TestCaller.h:5:
In file included from /usr/include/cppunit/TestCase.h:6:
In file included from /usr/include/cppunit/TestAssert.h:8:
/usr/include/cppunit/tools/StringHelper.h:22:43: error: definition or redeclaration of 'value' cannot name the global scope
typename std::enable_if<!std::is_enum<T>::value, std::string>::type toString(const T& x)
                                        ~~^
/usr/include/cppunit/tools/StringHelper.h:22:43: error: no member named 'value' in the global namespace
typename std::enable_if<!std::is_enum<T>::value, std::string>::type toString(const T& x)
                                        ~~^
/usr/include/cppunit/tools/StringHelper.h:22:48: error: a template declaration can only declare a single entity
typename std::enable_if<!std::is_enum<T>::value, std::string>::type toString(const T& x)
                                               ^
In file included from RVNGOLEStreamTest.cpp:26:
In file included from /usr/include/cppunit/extensions/HelperMacros.h:9:
In file included from /usr/include/cppunit/TestCaller.h:5:
In file included from /usr/include/cppunit/TestCase.h:6:
/usr/include/cppunit/TestAssert.h:74:16: error: no member named 'toString' in namespace 'CppUnit::StringHelper'; did you mean simply 'toString'?
        return CPPUNIT_NS::StringHelper::toString(x);
               ^~~~~~~~~~~~~~~~~~~~~~~~~~
/usr/include/cppunit/Portability.h:107:21: note: expanded from macro 'CPPUNIT_NS'
# define CPPUNIT_NS CppUnit
                    ^
/usr/include/cppunit/TestAssert.h:72:24: note: 'toString' declared here
    static std::string toString( const T& x )
                       ^
In file included from RVNGBinaryDataTest.cpp:20:
In file included from /usr/include/cppunit/extensions/HelperMacros.h:9:
In file included from /usr/include/cppunit/TestCaller.h:5:
In file included from /usr/include/cppunit/TestCase.h:6:
/usr/include/cppunit/TestAssert.h:74:16: error: no member named 'toString' in namespace 'CppUnit::StringHelper'; did you mean simply 'toString'?
        return CPPUNIT_NS::StringHelper::toString(x);
               ^~~~~~~~~~~~~~~~~~~~~~~~~~
/usr/include/cppunit/Portability.h:107:21: note: expanded from macro 'CPPUNIT_NS'
# define CPPUNIT_NS CppUnit
                    ^
/usr/include/cppunit/TestAssert.h:72:24: note: 'toString' declared here
    static std::string toString( const T& x )
                       ^
In file included from RVNGStreamTest.cpp:26:
In file included from /usr/include/cppunit/extensions/HelperMacros.h:9:
/usr/include/cppunit/TestCaller.h:159:37: error: no template named 'function' in namespace 'std'
  TestCaller(std::string name, std::function<void()> test_function, Fixture* fixture):
                               ~~~~~^
In file included from RVNGOLEStreamTest.cpp:26:
In file included from /usr/include/cppunit/extensions/HelperMacros.h:9:
/usr/include/cppunit/TestCaller.h:159:37: error: no template named 'function' in namespace 'std'
  TestCaller(std::string name, std::function<void()> test_function, Fixture* fixture):
                               ~~~~~^
/usr/include/cppunit/TestCaller.h:200:8: error: no template named 'function' in namespace 'std'
  std::function<void()> m_test_function;
  ~~~~~^
/usr/include/cppunit/TestCaller.h:200:8: error: no template named 'function' in namespace 'std'
  std::function<void()> m_test_function;
  ~~~~~^
In file included from RVNGBinaryDataTest.cpp:20:
In file included from /usr/include/cppunit/extensions/HelperMacros.h:9:
/usr/include/cppunit/TestCaller.h:159:37: error: no template named 'function' in namespace 'std'
  TestCaller(std::string name, std::function<void()> test_function, Fixture* fixture):
                               ~~~~~^
/usr/include/cppunit/TestCaller.h:121:28: error: no member named 'bind' in namespace 'std'; did you mean 'find'?
            m_test_function( std::bind(test, m_fixture) )
                             ~~~~~^
/usr/bin/../lib/gcc/x86_64-linux-gnu/7.2.0/../../../../include/c++/7.2.0/bits/streambuf_iterator.h:369:5: note: 'find' declared here
    find(istreambuf_iterator<_CharT> __first,
    ^
/usr/include/cppunit/TestCaller.h:121:28: error: no member named 'bind' in namespace 'std'; did you mean 'find'?
            m_test_function( std::bind(test, m_fixture) )
                             ~~~~~^
/usr/bin/../lib/gcc/x86_64-linux-gnu/7.2.0/../../../../include/c++/7.2.0/bits/streambuf_iterator.h:369:5: note: 'find' declared here
    find(istreambuf_iterator<_CharT> __first,
    ^
In file included from RVNGOLEStreamTest.cpp:26:
In file included from /usr/include/cppunit/extensions/HelperMacros.h:9:
/usr/include/cppunit/TestCaller.h:138:28: error: no member named 'bind' in namespace 'std'; did you mean 'find'?
            m_test_function( std::bind(test, &fixture) )
                             ~~~~~^
/usr/bin/../lib/gcc/x86_64-linux-gnu/7.2.0/../../../../include/c++/7.2.0/bits/streambuf_iterator.h:369:5: note: 'find' declared here
    find(istreambuf_iterator<_CharT> __first,
    ^
/usr/include/cppunit/TestCaller.h:200:8: error: no template named 'function' in namespace 'std'
  std::function<void()> m_test_function;
  ~~~~~^
In file included from RVNGStreamTest.cpp:26:
In file included from /usr/include/cppunit/extensions/HelperMacros.h:9:
/usr/include/cppunit/TestCaller.h:138:28: error: no member named 'bind' in namespace 'std'; did you mean 'find'?
            m_test_function( std::bind(test, &fixture) )
                             ~~~~~^
/usr/bin/../lib/gcc/x86_64-linux-gnu/7.2.0/../../../../include/c++/7.2.0/bits/streambuf_iterator.h:369:5: note: 'find' declared here
    find(istreambuf_iterator<_CharT> __first,
    ^
In file included from RVNGOLEStreamTest.cpp:26:
In file included from /usr/include/cppunit/extensions/HelperMacros.h:9:
/usr/include/cppunit/TestCaller.h:155:28: error: no member named 'bind' in namespace 'std'; did you mean 'find'?
            m_test_function( std::bind(test, fixture) )
                             ~~~~~^
/usr/bin/../lib/gcc/x86_64-linux-gnu/7.2.0/../../../../include/c++/7.2.0/bits/streambuf_iterator.h:369:5: note: 'find' declared here
    find(istreambuf_iterator<_CharT> __first,
    ^
/usr/include/cppunit/TestCaller.h:121:28: error: no member named 'bind' in namespace 'std'; did you mean 'find'?
            m_test_function( std::bind(test, m_fixture) )
                             ~~~~~^
/usr/bin/../lib/gcc/x86_64-linux-gnu/7.2.0/../../../../include/c++/7.2.0/bits/stl_algo.h:3899:5: note: 'find' declared here
    find(_InputIterator __first, _InputIterator __last,
    ^
In file included from RVNGStreamTest.cpp:26:
In file included from /usr/include/cppunit/extensions/HelperMacros.h:9:
/usr/include/cppunit/TestCaller.h:155:28: error: no member named 'bind' in namespace 'std'; did you mean 'find'?
            m_test_function( std::bind(test, fixture) )
                             ~~~~~^
/usr/bin/../lib/gcc/x86_64-linux-gnu/7.2.0/../../../../include/c++/7.2.0/bits/streambuf_iterator.h:369:5: note: 'find' declared here
    find(istreambuf_iterator<_CharT> __first,
    ^
In file included from RVNGBinaryDataTest.cpp:20:
In file included from /usr/include/cppunit/extensions/HelperMacros.h:9:
/usr/include/cppunit/TestCaller.h:138:28: error: no member named 'bind' in namespace 'std'; did you mean 'find'?
            m_test_function( std::bind(test, &fixture) )
                             ~~~~~^
/usr/bin/../lib/gcc/x86_64-linux-gnu/7.2.0/../../../../include/c++/7.2.0/bits/stl_algo.h:3899:5: note: 'find' declared here
    find(_InputIterator __first, _InputIterator __last,
    ^
In file included from RVNGBinaryDataTest.cpp:20:
In file included from /usr/include/cppunit/extensions/HelperMacros.h:9:
/usr/include/cppunit/TestCaller.h:155:28: error: no member named 'bind' in namespace 'std'; did you mean 'find'?
            m_test_function( std::bind(test, fixture) )
                             ~~~~~^
/usr/bin/../lib/gcc/x86_64-linux-gnu/7.2.0/../../../../include/c++/7.2.0/bits/stl_algo.h:3899:5: note: 'find' declared here
    find(_InputIterator __first, _InputIterator __last,
    ^
In file included from RVNGDirectoryStreamTest.cpp:22:
In file included from /usr/include/cppunit/extensions/HelperMacros.h:9:
In file included from /usr/include/cppunit/TestCaller.h:5:
In file included from /usr/include/cppunit/TestCase.h:6:
In file included from /usr/include/cppunit/TestAssert.h:8:
In file included from /usr/include/cppunit/tools/StringHelper.h:7:
In file included from /usr/bin/../lib/gcc/x86_64-linux-gnu/7.2.0/../../../../include/c++/7.2.0/type_traits:35:
/usr/bin/../lib/gcc/x86_64-linux-gnu/7.2.0/../../../../include/c++/7.2.0/bits/c++0x_warning.h:32:2: error: This file requires compiler and library support for the ISO C++ 2011 standard. This support must be enabled with the -std=c++11 or -std=gnu++11 compiler options.
#error This file requires compiler and library support \
 ^
In file included from RVNGDirectoryStreamTest.cpp:22:
In file included from /usr/include/cppunit/extensions/HelperMacros.h:9:
In file included from /usr/include/cppunit/TestCaller.h:5:
In file included from /usr/include/cppunit/TestCase.h:6:
In file included from /usr/include/cppunit/TestAssert.h:8:
/usr/include/cppunit/tools/StringHelper.h:22:10: error: no template named 'enable_if' in namespace 'std'; did you mean '__gnu_cxx::__enable_if'?
typename std::enable_if<!std::is_enum<T>::value, std::string>::type toString(const T& x)
         ^~~~~
/usr/bin/../lib/gcc/x86_64-linux-gnu/7.2.0/../../../../include/c++/7.2.0/ext/type_traits.h:45:12: note: '__gnu_cxx::__enable_if' declared here
    struct __enable_if 
           ^
In file included from RVNGDirectoryStreamTest.cpp:22:
In file included from /usr/include/cppunit/extensions/HelperMacros.h:9:
In file included from /usr/include/cppunit/TestCaller.h:5:
In file included from /usr/include/cppunit/TestCase.h:6:
In file included from /usr/include/cppunit/TestAssert.h:8:
/usr/include/cppunit/tools/StringHelper.h:22:39: error: 'T' does not refer to a value
typename std::enable_if<!std::is_enum<T>::value, std::string>::type toString(const T& x)
                                      ^
/usr/include/cppunit/tools/StringHelper.h:21:19: note: declared here
template<typename T>
                  ^
/usr/include/cppunit/tools/StringHelper.h:22:31: error: no member named 'is_enum' in namespace 'std'; did you mean 'isalnum'?
typename std::enable_if<!std::is_enum<T>::value, std::string>::type toString(const T& x)
                         ~~~~~^
/usr/bin/../lib/gcc/x86_64-linux-gnu/7.2.0/../../../../include/c++/7.2.0/cctype:64:11: note: 'isalnum' declared here
  using ::isalnum;
          ^
In file included from RVNGDirectoryStreamTest.cpp:22:
In file included from /usr/include/cppunit/extensions/HelperMacros.h:9:
In file included from /usr/include/cppunit/TestCaller.h:5:
In file included from /usr/include/cppunit/TestCase.h:6:
In file included from /usr/include/cppunit/TestAssert.h:8:
/usr/include/cppunit/tools/StringHelper.h:22:43: error: definition or redeclaration of 'value' cannot name the global scope
typename std::enable_if<!std::is_enum<T>::value, std::string>::type toString(const T& x)
                                        ~~^
/usr/include/cppunit/tools/StringHelper.h:22:43: error: no member named 'value' in the global namespace
typename std::enable_if<!std::is_enum<T>::value, std::string>::type toString(const T& x)
                                        ~~^
/usr/include/cppunit/tools/StringHelper.h:22:48: error: a template declaration can only declare a single entity
typename std::enable_if<!std::is_enum<T>::value, std::string>::type toString(const T& x)
                                               ^
In file included from RVNGDirectoryStreamTest.cpp:22:
In file included from /usr/include/cppunit/extensions/HelperMacros.h:9:
In file included from /usr/include/cppunit/TestCaller.h:5:
In file included from /usr/include/cppunit/TestCase.h:6:
/usr/include/cppunit/TestAssert.h:74:16: error: no member named 'toString' in namespace 'CppUnit::StringHelper'; did you mean simply 'toString'?
        return CPPUNIT_NS::StringHelper::toString(x);
               ^~~~~~~~~~~~~~~~~~~~~~~~~~
/usr/include/cppunit/Portability.h:107:21: note: expanded from macro 'CPPUNIT_NS'
# define CPPUNIT_NS CppUnit
                    ^
/usr/include/cppunit/TestAssert.h:72:24: note: 'toString' declared here
    static std::string toString( const T& x )
                       ^
In file included from RVNGDirectoryStreamTest.cpp:22:
In file included from /usr/include/cppunit/extensions/HelperMacros.h:9:
/usr/include/cppunit/TestCaller.h:159:37: error: no template named 'function' in namespace 'std'
  TestCaller(std::string name, std::function<void()> test_function, Fixture* fixture):
                               ~~~~~^
/usr/include/cppunit/TestCaller.h:200:8: error: no template named 'function' in namespace 'std'
  std::function<void()> m_test_function;
  ~~~~~^
/usr/include/cppunit/TestCaller.h:121:28: error: no member named 'bind' in namespace 'std'; did you mean 'find'?
            m_test_function( std::bind(test, m_fixture) )
                             ~~~~~^
/usr/bin/../lib/gcc/x86_64-linux-gnu/7.2.0/../../../../include/c++/7.2.0/bits/streambuf_iterator.h:369:5: note: 'find' declared here
    find(istreambuf_iterator<_CharT> __first,
    ^
In file included from RVNGDirectoryStreamTest.cpp:22:
In file included from /usr/include/cppunit/extensions/HelperMacros.h:9:
/usr/include/cppunit/TestCaller.h:138:28: error: no member named 'bind' in namespace 'std'; did you mean 'find'?
            m_test_function( std::bind(test, &fixture) )
                             ~~~~~^
/usr/bin/../lib/gcc/x86_64-linux-gnu/7.2.0/../../../../include/c++/7.2.0/bits/streambuf_iterator.h:369:5: note: 'find' declared here
    find(istreambuf_iterator<_CharT> __first,
    ^
In file included from RVNGDirectoryStreamTest.cpp:22:
In file included from /usr/include/cppunit/extensions/HelperMacros.h:9:
/usr/include/cppunit/TestCaller.h:155:28: error: no member named 'bind' in namespace 'std'; did you mean 'find'?
            m_test_function( std::bind(test, fixture) )
                             ~~~~~^
/usr/bin/../lib/gcc/x86_64-linux-gnu/7.2.0/../../../../include/c++/7.2.0/bits/streambuf_iterator.h:369:5: note: 'find' declared here
    find(istreambuf_iterator<_CharT> __first,
    ^
In file included from RVNGOLEStreamTest.cpp:26:
In file included from /usr/include/cppunit/extensions/HelperMacros.h:14:
/usr/include/cppunit/extensions/TestNamer.h:70:95: error: no member named 'toString' in namespace 'CppUnit::StringHelper'
      return getTestNameFor(testMethodName) + " with parameter: " + CPPUNIT_NS::StringHelper::toString(val);
                                                                    ~~~~~~~~~~~~~~~~~~~~~~~~~~^
In file included from RVNGBinaryDataTest.cpp:20:
In file included from /usr/include/cppunit/extensions/HelperMacros.h:14:
/usr/include/cppunit/extensions/TestNamer.h:70:95: error: no member named 'toString' in namespace 'CppUnit::StringHelper'
      return getTestNameFor(testMethodName) + " with parameter: " + CPPUNIT_NS::StringHelper::toString(val);
                                                                    ~~~~~~~~~~~~~~~~~~~~~~~~~~^
In file included from RVNGStringTest.cpp:22:
In file included from /usr/include/cppunit/extensions/HelperMacros.h:9:
In file included from /usr/include/cppunit/TestCaller.h:5:
In file included from /usr/include/cppunit/TestCase.h:6:
In file included from /usr/include/cppunit/TestAssert.h:8:
In file included from /usr/include/cppunit/tools/StringHelper.h:7:
In file included from /usr/bin/../lib/gcc/x86_64-linux-gnu/7.2.0/../../../../include/c++/7.2.0/type_traits:35:
/usr/bin/../lib/gcc/x86_64-linux-gnu/7.2.0/../../../../include/c++/7.2.0/bits/c++0x_warning.h:32:2: error: This file requires compiler and library support for the ISO C++ 2011 standard. This support must be enabled with the -std=c++11 or -std=gnu++11 compiler options.
#error This file requires compiler and library support \
 ^
In file included from RVNGStreamTest.cpp:26:
In file included from /usr/include/cppunit/extensions/HelperMacros.h:14:
/usr/include/cppunit/extensions/TestNamer.h:70:95: error: no member named 'toString' in namespace 'CppUnit::StringHelper'
      return getTestNameFor(testMethodName) + " with parameter: " + CPPUNIT_NS::StringHelper::toString(val);
                                                                    ~~~~~~~~~~~~~~~~~~~~~~~~~~^
In file included from RVNGStringTest.cpp:22:
In file included from /usr/include/cppunit/extensions/HelperMacros.h:9:
In file included from /usr/include/cppunit/TestCaller.h:5:
In file included from /usr/include/cppunit/TestCase.h:6:
In file included from /usr/include/cppunit/TestAssert.h:8:
/usr/include/cppunit/tools/StringHelper.h:22:10: error: no template named 'enable_if' in namespace 'std'; did you mean '__gnu_cxx::__enable_if'?
typename std::enable_if<!std::is_enum<T>::value, std::string>::type toString(const T& x)
         ^~~~~
/usr/bin/../lib/gcc/x86_64-linux-gnu/7.2.0/../../../../include/c++/7.2.0/ext/type_traits.h:45:12: note: '__gnu_cxx::__enable_if' declared here
    struct __enable_if 
           ^
In file included from RVNGStringTest.cpp:22:
In file included from /usr/include/cppunit/extensions/HelperMacros.h:9:
In file included from /usr/include/cppunit/TestCaller.h:5:
In file included from /usr/include/cppunit/TestCase.h:6:
In file included from /usr/include/cppunit/TestAssert.h:8:
/usr/include/cppunit/tools/StringHelper.h:22:39: error: 'T' does not refer to a value
typename std::enable_if<!std::is_enum<T>::value, std::string>::type toString(const T& x)
                                      ^
/usr/include/cppunit/tools/StringHelper.h:21:19: note: declared here
template<typename T>
                  ^
/usr/include/cppunit/tools/StringHelper.h:22:31: error: no member named 'is_enum' in namespace 'std'; did you mean 'isalnum'?
typename std::enable_if<!std::is_enum<T>::value, std::string>::type toString(const T& x)
                         ~~~~~^
/usr/bin/../lib/gcc/x86_64-linux-gnu/7.2.0/../../../../include/c++/7.2.0/cctype:64:11: note: 'isalnum' declared here
  using ::isalnum;
          ^
In file included from RVNGStringTest.cpp:22:
In file included from /usr/include/cppunit/extensions/HelperMacros.h:9:
In file included from /usr/include/cppunit/TestCaller.h:5:
In file included from /usr/include/cppunit/TestCase.h:6:
In file included from /usr/include/cppunit/TestAssert.h:8:
/usr/include/cppunit/tools/StringHelper.h:22:43: error: definition or redeclaration of 'value' cannot name the global scope
typename std::enable_if<!std::is_enum<T>::value, std::string>::type toString(const T& x)
                                        ~~^
/usr/include/cppunit/tools/StringHelper.h:22:43: error: no member named 'value' in the global namespace
typename std::enable_if<!std::is_enum<T>::value, std::string>::type toString(const T& x)
                                        ~~^
/usr/include/cppunit/tools/StringHelper.h:22:48: error: a template declaration can only declare a single entity
typename std::enable_if<!std::is_enum<T>::value, std::string>::type toString(const T& x)
                                               ^
In file included from RVNGStringTest.cpp:22:
In file included from /usr/include/cppunit/extensions/HelperMacros.h:9:
In file included from /usr/include/cppunit/TestCaller.h:5:
In file included from /usr/include/cppunit/TestCase.h:6:
/usr/include/cppunit/TestAssert.h:74:16: error: no member named 'toString' in namespace 'CppUnit::StringHelper'; did you mean simply 'toString'?
        return CPPUNIT_NS::StringHelper::toString(x);
               ^~~~~~~~~~~~~~~~~~~~~~~~~~
/usr/include/cppunit/Portability.h:107:21: note: expanded from macro 'CPPUNIT_NS'
# define CPPUNIT_NS CppUnit
                    ^
/usr/include/cppunit/TestAssert.h:72:24: note: 'toString' declared here
    static std::string toString( const T& x )
                       ^
RVNGStreamTest.cpp:51:2: error: no matching constructor for initialization of 'CppUnit::TestCaller<TestFixtureType>' (aka 'TestCaller<test::RVNGStreamTest>')
        CPPUNIT_TEST(testStringStream);
        ^~~~~~~~~~~~~~~~~~~~~~~~~~~~~~
/usr/include/cppunit/extensions/HelperMacros.h:299:15: note: expanded from macro 'CPPUNIT_TEST'
        ( new CPPUNIT_NS::TestCaller<TestFixtureType>(    \
        ~~~~~~^~~~~~~~~~~~~~~~~~~~~~~~~~~~~~~~~~~~~~~~~~~~~
/usr/include/cppunit/Portability.h:107:21: note: expanded from macro 'CPPUNIT_NS'
# define CPPUNIT_NS CppUnit
                    ^
/usr/include/cppunit/extensions/HelperMacros.h:289:24: note: expanded from macro 'CPPUNIT_TEST_SUITE_ADD_TEST'
      context.addTest( test )
                       ^~~~
/usr/include/cppunit/TestCaller.h:194:3: note: candidate constructor not viable: requires single argument 'other', but 3 arguments were provided
  TestCaller( const TestCaller &other ); 
  ^
RVNGBinaryDataTest.cpp:95:2: error: no matching constructor for initialization of 'CppUnit::TestCaller<TestFixtureType>' (aka 'TestCaller<test::RVNGBinaryDataTest>')
        CPPUNIT_TEST(testAppend);
        ^~~~~~~~~~~~~~~~~~~~~~~~
/usr/include/cppunit/extensions/HelperMacros.h:299:15: note: expanded from macro 'CPPUNIT_TEST'
        ( new CPPUNIT_NS::TestCaller<TestFixtureType>(    \
        ~~~~~~^~~~~~~~~~~~~~~~~~~~~~~~~~~~~~~~~~~~~~~~~~~~~
/usr/include/cppunit/Portability.h:107:21: note: expanded from macro 'CPPUNIT_NS'
# define CPPUNIT_NS CppUnit
                    ^
/usr/include/cppunit/extensions/HelperMacros.h:289:24: note: expanded from macro 'CPPUNIT_TEST_SUITE_ADD_TEST'
      context.addTest( test )
                       ^~~~
/usr/include/cppunit/TestCaller.h:194:3: note: candidate constructor not viable: requires single argument 'other', but 3 arguments were provided
  TestCaller( const TestCaller &other ); 
  ^
RVNGBinaryDataTest.cpp:96:2: error: no matching constructor for initialization of 'CppUnit::TestCaller<TestFixtureType>' (aka 'TestCaller<test::RVNGBinaryDataTest>')
        CPPUNIT_TEST(testClear);
        ^~~~~~~~~~~~~~~~~~~~~~~
/usr/include/cppunit/extensions/HelperMacros.h:299:15: note: expanded from macro 'CPPUNIT_TEST'
        ( new CPPUNIT_NS::TestCaller<TestFixtureType>(    \
        ~~~~~~^~~~~~~~~~~~~~~~~~~~~~~~~~~~~~~~~~~~~~~~~~~~~
/usr/include/cppunit/Portability.h:107:21: note: expanded from macro 'CPPUNIT_NS'
# define CPPUNIT_NS CppUnit
                    ^
/usr/include/cppunit/extensions/HelperMacros.h:289:24: note: expanded from macro 'CPPUNIT_TEST_SUITE_ADD_TEST'
      context.addTest( test )
                       ^~~~
/usr/include/cppunit/TestCaller.h:194:3: note: candidate constructor not viable: requires single argument 'other', but 3 arguments were provided
  TestCaller( const TestCaller &other ); 
  ^
RVNGBinaryDataTest.cpp:97:2: error: no matching constructor for initialization of 'CppUnit::TestCaller<TestFixtureType>' (aka 'TestCaller<test::RVNGBinaryDataTest>')
        CPPUNIT_TEST(testBase64);
        ^~~~~~~~~~~~~~~~~~~~~~~~
/usr/include/cppunit/extensions/HelperMacros.h:299:15: note: expanded from macro 'CPPUNIT_TEST'
        ( new CPPUNIT_NS::TestCaller<TestFixtureType>(    \
        ~~~~~~^~~~~~~~~~~~~~~~~~~~~~~~~~~~~~~~~~~~~~~~~~~~~
/usr/include/cppunit/Portability.h:107:21: note: expanded from macro 'CPPUNIT_NS'
# define CPPUNIT_NS CppUnit
                    ^
/usr/include/cppunit/extensions/HelperMacros.h:289:24: note: expanded from macro 'CPPUNIT_TEST_SUITE_ADD_TEST'
      context.addTest( test )
                       ^~~~
/usr/include/cppunit/TestCaller.h:194:3: note: candidate constructor not viable: requires single argument 'other', but 3 arguments were provided
  TestCaller( const TestCaller &other ); 
  ^
RVNGBinaryDataTest.cpp:98:2: error: no matching constructor for initialization of 'CppUnit::TestCaller<TestFixtureType>' (aka 'TestCaller<test::RVNGBinaryDataTest>')
        CPPUNIT_TEST(testStream);
        ^~~~~~~~~~~~~~~~~~~~~~~~
/usr/include/cppunit/extensions/HelperMacros.h:299:15: note: expanded from macro 'CPPUNIT_TEST'
        ( new CPPUNIT_NS::TestCaller<TestFixtureType>(    \
        ~~~~~~^~~~~~~~~~~~~~~~~~~~~~~~~~~~~~~~~~~~~~~~~~~~~
/usr/include/cppunit/Portability.h:107:21: note: expanded from macro 'CPPUNIT_NS'
# define CPPUNIT_NS CppUnit
                    ^
/usr/include/cppunit/extensions/HelperMacros.h:289:24: note: expanded from macro 'CPPUNIT_TEST_SUITE_ADD_TEST'
      context.addTest( test )
                       ^~~~
/usr/include/cppunit/TestCaller.h:194:3: note: candidate constructor not viable: requires single argument 'other', but 3 arguments were provided
  TestCaller( const TestCaller &other ); 
  ^
In file included from RVNGStringTest.cpp:22:
In file included from /usr/include/cppunit/extensions/HelperMacros.h:9:
/usr/include/cppunit/TestCaller.h:159:37: error: no template named 'function' in namespace 'std'
  TestCaller(std::string name, std::function<void()> test_function, Fixture* fixture):
                               ~~~~~^
RVNGOLEStreamTest.cpp:91:2: error: no member named 'unique_ptr' in namespace 'std'
        CPPUNIT_TEST_SUITE_END();
        ^~~~~~~~~~~~~~~~~~~~~~~~
/usr/include/cppunit/extensions/HelperMacros.h:173:12: note: expanded from macro 'CPPUNIT_TEST_SUITE_END'
      std::unique_ptr<CPPUNIT_NS::TestSuite> guard(                            \
      ~~~~~^
RVNGOLEStreamTest.cpp:91:2: error: expected '(' for function-style cast or type construction
        CPPUNIT_TEST_SUITE_END();
        ^~~~~~~~~~~~~~~~~~~~~~~~
/usr/include/cppunit/extensions/HelperMacros.h:173:44: note: expanded from macro 'CPPUNIT_TEST_SUITE_END'
      std::unique_ptr<CPPUNIT_NS::TestSuite> guard(                            \
                      ~~~~~~~~~~~~~~~~~~~~~^
In file included from RVNGDirectoryStreamTest.cpp:22:
In file included from /usr/include/cppunit/extensions/HelperMacros.h:14:
/usr/include/cppunit/extensions/TestNamer.h:70:95: error: no member named 'toString' in namespace 'CppUnit::StringHelper'
      return getTestNameFor(testMethodName) + " with parameter: " + CPPUNIT_NS::StringHelper::toString(val);
                                                                    ~~~~~~~~~~~~~~~~~~~~~~~~~~^
/usr/include/cppunit/TestCaller.h:200:8: error: no template named 'function' in namespace 'std'
  std::function<void()> m_test_function;
  ~~~~~^
RVNGStreamTest.cpp:52:2: error: no member named 'unique_ptr' in namespace 'std'
        CPPUNIT_TEST_SUITE_END();
        ^~~~~~~~~~~~~~~~~~~~~~~~
/usr/include/cppunit/extensions/HelperMacros.h:173:12: note: expanded from macro 'CPPUNIT_TEST_SUITE_END'
      std::unique_ptr<CPPUNIT_NS::TestSuite> guard(                            \
      ~~~~~^
RVNGStreamTest.cpp:52:2: error: expected '(' for function-style cast or type construction
        CPPUNIT_TEST_SUITE_END();
        ^~~~~~~~~~~~~~~~~~~~~~~~
/usr/include/cppunit/extensions/HelperMacros.hRVNGOLEStreamTest.cpp:173::4491:: 2note::  expanded from macro 'CPPUNIT_TEST_SUITE_END'
errorRVNGBinaryDataTest.cpp: use of undeclared identifier 'guard':
99:2: error: no member named 'unique_ptr' in namespace 'std'
/usr/include/cppunit/extensions/HelperMacros.h:173:46: note: expanded from macro 'CPPUNIT_TEST_SUITE_END'
        CPPUNIT_TEST_SUITE_END();
        ^~~~~~~~~~~~~~~~~~~~~~~~
/usr/include/cppunit/extensions/HelperMacros.h:173:12: note: expanded from macro 'CPPUNIT_TEST_SUITE_END'
      std::unique_ptr<CPPUNIT_NS::TestSuite> guard(                            \
                      ~~~~~~~~~~~~~~~~~~~~~^
      std::unique_ptr<CPPUNIT_NS::TestSuite> guard(                            \
      ~~~~~^
      std::unique_ptr<CPPUNIT_NS::TestSuite> guard(                            \
                                             ^
fatal error: too many errors emitted, stopping now [-ferror-limit=]
/usr/include/cppunit/TestCaller.h:121:28: error: no member named 'bind' in namespace 'std'; did you mean 'find'?
            m_test_function( std::bind(test, m_fixture) )
                             ~~~~~^
/usr/bin/../lib/gcc/x86_64-linux-gnu/7.2.0/../../../../include/c++/7.2.0/bits/stl_algo.h:3899:5: note: 'find' declared here
    find(_InputIterator __first, _InputIterator __last,
    ^
RVNGOLEStreamTest.cpp:91:2: error: use of undeclared identifier 'guard'
/usr/include/cppunit/extensions/HelperMacros.h:176:57: note: expanded from macro 'CPPUNIT_TEST_SUITE_END'
      CPPUNIT_NS::TestSuiteBuilderContextBase context( *guard.get(),           \
                                                        ^
RVNGStreamTest.cpp:52:2: error: use of undeclared identifier 'guard'
/usr/include/cppunit/extensions/HelperMacros.h:173:46: note: expanded from macro 'CPPUNIT_TEST_SUITE_END'
      std::unique_ptr<CPPUNIT_NS::TestSuite> guard(                            \
                                             ^
In file included from RVNGStringTest.cpp:22:
In file included from /usr/include/cppunit/extensions/HelperMacros.h:9:
/usr/include/cppunit/TestCaller.h:138:28: error: no member named 'bind' in namespace 'std'; did you mean 'find'?
            m_test_function( std::bind(test, &fixture) )
                             ~~~~~^
/usr/bin/../lib/gcc/x86_64-linux-gnu/7.2.0/../../../../include/c++/7.2.0/bits/stl_algo.h:3899:5: note: 'find' declared here
    find(_InputIterator __first, _InputIterator __last,
    ^
RVNGOLEStreamTest.cpp:91:2: error: use of undeclared identifier 'guard'
/usr/include/cppunit/extensions/HelperMacros.h:180:14: note: expanded from macro 'CPPUNIT_TEST_SUITE_END'
      return guard.release();                                                  \
             ^
In file included from RVNGStringTest.cpp:22:
In file included from /usr/include/cppunit/extensions/HelperMacros.h:9:
/usr/include/cppunit/TestCaller.h:155:28: error: no member named 'bind' in namespace 'std'; did you mean 'find'?
            m_test_function( std::bind(test, fixture) )
                             ~~~~~^
/usr/bin/../lib/gcc/x86_64-linux-gnu/7.2.0/../../../../include/c++/7.2.0/bits/stl_algo.h:3899:5: note: 'find' declared here
    find(_InputIterator __first, _InputIterator __last,
    ^
RVNGStreamTest.cpp:52:2: error: use of undeclared identifier 'guard'
/usr/include/cppunit/extensions/HelperMacros.h:176:57: note: expanded from macro 'CPPUNIT_TEST_SUITE_END'
      CPPUNIT_NS::TestSuiteBuilderContextBase context( *guard.get(),           \
                                                        ^
fatal error: too many errors emitted, stopping now [-ferror-limit=]
20 errors generated.
RVNGDirectoryStreamTest.cpp:108:2: error: no matching constructor for initialization of 'CppUnit::TestCaller<TestFixtureType>' (aka 'TestCaller<test::RVNGDirectoryStreamTest>')
        CPPUNIT_TEST(testDetection);
        ^~~~~~~~~~~~~~~~~~~~~~~~~~~
/usr/include/cppunit/extensions/HelperMacros.h:299:15: note: expanded from macro 'CPPUNIT_TEST'
        ( new CPPUNIT_NS::TestCaller<TestFixtureType>(    \
        ~~~~~~^~~~~~~~~~~~~~~~~~~~~~~~~~~~~~~~~~~~~~~~~~~~~
/usr/include/cppunit/Portability.h:107:21: note: expanded from macro 'CPPUNIT_NS'
# define CPPUNIT_NS CppUnit
                    ^
/usr/include/cppunit/extensions/HelperMacros.h:289:24: note: expanded from macro 'CPPUNIT_TEST_SUITE_ADD_TEST'
      context.addTest( test )
                       ^~~~
/usr/include/cppunit/TestCaller.h:194:3: note: candidate constructor not viable: requires single argument 'other', but 3 arguments were provided
  TestCaller( const TestCaller &other ); 
  ^
RVNGDirectoryStreamTest.cpp:109:2: error: no matching constructor for initialization of 'CppUnit::TestCaller<TestFixtureType>' (aka 'TestCaller<test::RVNGDirectoryStreamTest>')
        CPPUNIT_TEST(testDataOperations);
        ^~~~~~~~~~~~~~~~~~~~~~~~~~~~~~~~
/usr/include/cppunit/extensions/HelperMacros.h:299:15: note: expanded from macro 'CPPUNIT_TEST'
        ( new CPPUNIT_NS::TestCaller<TestFixtureType>(    \
        ~~~~~~^~~~~~~~~~~~~~~~~~~~~~~~~~~~~~~~~~~~~~~~~~~~~
/usr/include/cppunit/Portability.h:107:21: note: expanded from macro 'CPPUNIT_NS'
# define CPPUNIT_NS CppUnit
                    ^
/usr/include/cppunit/extensions/HelperMacros.h:289:24: note: expanded from macro 'CPPUNIT_TEST_SUITE_ADD_TEST'
      context.addTest( test )
                       ^~~~
/usr/include/cppunit/TestCaller.h:194:3: note: candidate constructor not viable: requires single argument 'other', but 3 arguments were provided
  TestCaller( const TestCaller &other ); 
  ^
RVNGDirectoryStreamTest.cpp:110:2: error: no matching constructor for initialization of 'CppUnit::TestCaller<TestFixtureType>' (aka 'TestCaller<test::RVNGDirectoryStreamTest>')
        CPPUNIT_TEST(testStructuredOperations);
        ^~~~~~~~~~~~~~~~~~~~~~~~~~~~~~~~~~~~~~
/usr/include/cppunit/extensions/HelperMacros.h:299:15: note: expanded from macro 'CPPUNIT_TEST'
        ( new CPPUNIT_NS::TestCaller<TestFixtureType>(    \
        ~~~~~~^~~~~~~~~~~~~~~~~~~~~~~~~~~~~~~~~~~~~~~~~~~~~
/usr/include/cppunit/Portability.h:107:21: note: expanded from macro 'CPPUNIT_NS'
# define CPPUNIT_NS CppUnit
                    ^
/usr/include/cppunit/extensions/HelperMacros.h:289:24: note: expanded from macro 'CPPUNIT_TEST_SUITE_ADD_TEST'
      context.addTest( test )
                       ^~~~
/usr/include/cppunit/TestCaller.h:194:3: note: candidate constructor not viable: requires single argument 'other', but 3 arguments were provided
  TestCaller( const TestCaller &other ); 
  ^
20 errors generated.
Makefile:659: recipe for target 'test-RVNGBinaryDataTest.o' failed
make[4]: *** [test-RVNGBinaryDataTest.o] Error 1
make[4]: *** Waiting for unfinished jobs....
RVNGDirectoryStreamTest.cpp:111:2: error: no member named 'unique_ptr' in namespace 'std'
        CPPUNIT_TEST_SUITE_END();
        ^~~~~~~~~~~~~~~~~~~~~~~~
/usr/include/cppunit/extensions/HelperMacros.h:173:12: note: expanded from macro 'CPPUNIT_TEST_SUITE_END'
      std::unique_ptr<CPPUNIT_NS::TestSuite> guard(                            \
      ~~~~~^
RVNGDirectoryStreamTest.cpp:111:2: error: expected '(' for function-style cast or type construction
        CPPUNIT_TEST_SUITE_END();
        ^~~~~~~~~~~~~~~~~~~~~~~~
/usr/include/cppunit/extensions/HelperMacros.h:173:44: note: expanded from macro 'CPPUNIT_TEST_SUITE_END'
      std::unique_ptr<CPPUNIT_NS::TestSuite> guard(                            \
                      ~~~~~~~~~~~~~~~~~~~~~^
fatal error: too many errors emitted, stopping now [-ferror-limit=]
Makefile:701: recipe for target 'test-RVNGStreamTest.o' failed
make[4]: *** [test-RVNGStreamTest.o] Error 1
20 errors generated.
19 errors generated.
Makefile:673: recipe for target 'test-RVNGDirectoryStreamTest.o' failed
make[4]: *** [test-RVNGDirectoryStreamTest.o] Error 1
Makefile:687: recipe for target 'test-RVNGOLEStreamTest.o' failed
make[4]: *** [test-RVNGOLEStreamTest.o] Error 1
libtool: link: g++ -I../../inc -I../../src/lib -DNDEBUG -g -O2 -fdebug-prefix-map=/<<PKGBUILDDIR>>=. -fstack-protector-strong -Wformat -Werror=format-security -Wall -Wextra -pedantic -Wshadow -Wunused-variable -Weffc++ -Wl,-z -Wl,relro -o .libs/testfileinfo RVNGFileInfo.o  ../../src/lib/.libs/librevenge-0.0.so ../../src/lib/.libs/librevenge-stream-0.0.so
In file included from RVNGStringTest.cpp:22:
In file included from /usr/include/cppunit/extensions/HelperMacros.h:14:
/usr/include/cppunit/extensions/TestNamer.h:70:95: error: no member named 'toString' in namespace 'CppUnit::StringHelper'
      return getTestNameFor(testMethodName) + " with parameter: " + CPPUNIT_NS::StringHelper::toString(val);
                                                                    ~~~~~~~~~~~~~~~~~~~~~~~~~~^
RVNGStringTest.cpp:90:2: error: no matching constructor for initialization of 'CppUnit::TestCaller<TestFixtureType>' (aka 'TestCaller<test::RVNGStringTest>')
        CPPUNIT_TEST(testAppend);
        ^~~~~~~~~~~~~~~~~~~~~~~~
/usr/include/cppunit/extensions/HelperMacros.h:299:15: note: expanded from macro 'CPPUNIT_TEST'
        ( new CPPUNIT_NS::TestCaller<TestFixtureType>(    \
        ~~~~~~^~~~~~~~~~~~~~~~~~~~~~~~~~~~~~~~~~~~~~~~~~~~~
/usr/include/cppunit/Portability.h:107:21: note: expanded from macro 'CPPUNIT_NS'
# define CPPUNIT_NS CppUnit
                    ^
/usr/include/cppunit/extensions/HelperMacros.h:289:24: note: expanded from macro 'CPPUNIT_TEST_SUITE_ADD_TEST'
      context.addTest( test )
                       ^~~~
/usr/include/cppunit/TestCaller.h:194:3: note: candidate constructor not viable: requires single argument 'other', but 3 arguments were provided
  TestCaller( const TestCaller &other ); 
  ^
RVNGStringTest.cpp:91:2: error: no matching constructor for initialization of 'CppUnit::TestCaller<TestFixtureType>' (aka 'TestCaller<test::RVNGStringTest>')
        CPPUNIT_TEST(testAppendEscapedXML);
        ^~~~~~~~~~~~~~~~~~~~~~~~~~~~~~~~~~
/usr/include/cppunit/extensions/HelperMacros.h:299:15: note: expanded from macro 'CPPUNIT_TEST'
        ( new CPPUNIT_NS::TestCaller<TestFixtureType>(    \
        ~~~~~~^~~~~~~~~~~~~~~~~~~~~~~~~~~~~~~~~~~~~~~~~~~~~
/usr/include/cppunit/Portability.h:107:21: note: expanded from macro 'CPPUNIT_NS'
# define CPPUNIT_NS CppUnit
                    ^
/usr/include/cppunit/extensions/HelperMacros.h:289:24: note: expanded from macro 'CPPUNIT_TEST_SUITE_ADD_TEST'
      context.addTest( test )
                       ^~~~
/usr/include/cppunit/TestCaller.h:194:3: note: candidate constructor not viable: requires single argument 'other', but 3 arguments were provided
  TestCaller( const TestCaller &other ); 
  ^
RVNGStringTest.cpp:92:2: error: no matching constructor for initialization of 'CppUnit::TestCaller<TestFixtureType>' (aka 'TestCaller<test::RVNGStringTest>')
        CPPUNIT_TEST(testClear);
        ^~~~~~~~~~~~~~~~~~~~~~~
/usr/include/cppunit/extensions/HelperMacros.h:299:15: note: expanded from macro 'CPPUNIT_TEST'
        ( new CPPUNIT_NS::TestCaller<TestFixtureType>(    \
        ~~~~~~^~~~~~~~~~~~~~~~~~~~~~~~~~~~~~~~~~~~~~~~~~~~~
/usr/include/cppunit/Portability.h:107:21: note: expanded from macro 'CPPUNIT_NS'
# define CPPUNIT_NS CppUnit
                    ^
/usr/include/cppunit/extensions/HelperMacros.h:289:24: note: expanded from macro 'CPPUNIT_TEST_SUITE_ADD_TEST'
      context.addTest( test )
                       ^~~~
/usr/include/cppunit/TestCaller.h:194:3: note: candidate constructor not viable: requires single argument 'other', but 3 arguments were provided
  TestCaller( const TestCaller &other ); 
  ^
RVNGStringTest.cpp:93:2: error: no member named 'unique_ptr' in namespace 'std'
        CPPUNIT_TEST_SUITE_END();
        ^~~~~~~~~~~~~~~~~~~~~~~~
/usr/include/cppunit/extensions/HelperMacros.h:173:12: note: expanded from macro 'CPPUNIT_TEST_SUITE_END'
      std::unique_ptr<CPPUNIT_NS::TestSuite> guard(                            \
      ~~~~~^
RVNGStringTest.cpp:93:2: error: expected '(' for function-style cast or type construction
        CPPUNIT_TEST_SUITE_END();
        ^~~~~~~~~~~~~~~~~~~~~~~~
/usr/include/cppunit/extensions/HelperMacros.h:173:44: note: expanded from macro 'CPPUNIT_TEST_SUITE_END'
      std::unique_ptr<CPPUNIT_NS::TestSuite> guard(                            \
                      ~~~~~~~~~~~~~~~~~~~~~^
fatal error: too many errors emitted, stopping now [-ferror-limit=]
20 errors generated.
Makefile:729: recipe for target 'test-RVNGStringTest.o' failed
make[4]: *** [test-RVNGStringTest.o] Error 1
In file included from RVNGStringIterTest.cpp:20:
In file included from /usr/include/cppunit/extensions/HelperMacros.h:9:
In file included from /usr/include/cppunit/TestCaller.h:5:
In file included from /usr/include/cppunit/TestCase.h:6:
In file included from /usr/include/cppunit/TestAssert.h:8:
In file included from /usr/include/cppunit/tools/StringHelper.h:7:
In file included from /usr/bin/../lib/gcc/x86_64-linux-gnu/7.2.0/../../../../include/c++/7.2.0/type_traits:35:
/usr/bin/../lib/gcc/x86_64-linux-gnu/7.2.0/../../../../include/c++/7.2.0/bits/c++0x_warning.h:32:2: error: This file requires compiler and library support for the ISO C++ 2011 standard. This support must be enabled with the -std=c++11 or -std=gnu++11 compiler options.
#error This file requires compiler and library support \
 ^
In file included from RVNGStringIterTest.cpp:20:
In file included from /usr/include/cppunit/extensions/HelperMacros.h:9:
In file included from /usr/include/cppunit/TestCaller.h:5:
In file included from /usr/include/cppunit/TestCase.h:6:
In file included from /usr/include/cppunit/TestAssert.h:8:
/usr/include/cppunit/tools/StringHelper.h:22:10: error: no template named 'enable_if' in namespace 'std'; did you mean 'boost::enable_if'?
typename std::enable_if<!std::is_enum<T>::value, std::string>::type toString(const T& x)
         ^~~~~
/usr/include/boost/core/enable_if.hpp:41:10: note: 'boost::enable_if' declared here
  struct enable_if : public enable_if_c<Cond::value, T> {};
         ^
In file included from RVNGStringIterTest.cpp:20:
In file included from /usr/include/cppunit/extensions/HelperMacros.h:9:
In file included from /usr/include/cppunit/TestCaller.h:5:
In file included from /usr/include/cppunit/TestCase.h:6:
In file included from /usr/include/cppunit/TestAssert.h:8:
/usr/include/cppunit/tools/StringHelper.h:22:26: error: no template named 'is_enum' in namespace 'std'; did you mean 'boost::is_enum'?
typename std::enable_if<!std::is_enum<T>::value, std::string>::type toString(const T& x)
                         ^~~~~
/usr/include/boost/type_traits/is_enum.hpp:160:27: note: 'boost::is_enum' declared here
template <class T> struct is_enum : public integral_constant<bool, BOOST_IS_ENUM(T)> {};
                          ^
In file included from RVNGStringIterTest.cpp:20:
In file included from /usr/include/cppunit/extensions/HelperMacros.h:9:
In file included from /usr/include/cppunit/TestCaller.h:5:
In file included from /usr/include/cppunit/TestCase.h:6:
In file included from /usr/include/cppunit/TestAssert.h:8:
/usr/include/cppunit/tools/StringHelper.h:22:25: error: template argument for template type parameter must be a type
typename std::enable_if<!std::is_enum<T>::value, std::string>::type toString(const T& x)
                        ^~~~~~~~~~~~~~~~~~~~~~~
/usr/include/boost/core/enable_if.hpp:40:19: note: template parameter is declared here
  template <class Cond, class T = void> 
                  ^
In file included from RVNGStringIterTest.cpp:20:
In file included from /usr/include/cppunit/extensions/HelperMacros.h:9:
In file included from /usr/include/cppunit/TestCaller.h:5:
In file included from /usr/include/cppunit/TestCase.h:6:
In file included from /usr/include/cppunit/TestAssert.h:8:
/usr/include/cppunit/tools/StringHelper.h:22:64: error: expected a qualified name after 'typename'
typename std::enable_if<!std::is_enum<T>::value, std::string>::type toString(const T& x)
                                                               ^
/usr/include/cppunit/tools/StringHelper.h:22:68: error: expected ';' at end of declaration
typename std::enable_if<!std::is_enum<T>::value, std::string>::type toString(const T& x)
                                                                   ^
/usr/include/cppunit/tools/StringHelper.h:22:84: error: unknown type name 'T'
typename std::enable_if<!std::is_enum<T>::value, std::string>::type toString(const T& x)
                                                                                   ^
/usr/include/cppunit/tools/StringHelper.h:22:69: error: C++ requires a type specifier for all declarations
typename std::enable_if<!std::is_enum<T>::value, std::string>::type toString(const T& x)
                                                                    ^
/usr/include/cppunit/tools/StringHelper.h:27:12: error: no viable conversion from returned value of type 'std::__cxx11::basic_ostringstream<char, std::char_traits<char>, std::allocator<char> >::__string_type' (aka 'basic_string<char, std::char_traits<char>, std::allocator<char> >') to function return type 'int'
    return ost.str();
           ^~~~~~~~~
/usr/include/cppunit/tools/StringHelper.h:31:10: error: no template named 'enable_if' in namespace 'std'; did you mean 'boost::enable_if'?
typename std::enable_if<std::is_enum<T>::value, std::string>::type toString(const T& x)
         ^~~~~
/usr/include/boost/core/enable_if.hpp:41:10: note: 'boost::enable_if' declared here
  struct enable_if : public enable_if_c<Cond::value, T> {};
         ^
In file included from RVNGStringIterTest.cpp:20:
In file included from /usr/include/cppunit/extensions/HelperMacros.h:9:
In file included from /usr/include/cppunit/TestCaller.h:5:
In file included from /usr/include/cppunit/TestCase.h:6:
In file included from /usr/include/cppunit/TestAssert.h:8:
/usr/include/cppunit/tools/StringHelper.h:31:25: error: no template named 'is_enum' in namespace 'std'; did you mean 'boost::is_enum'?
typename std::enable_if<std::is_enum<T>::value, std::string>::type toString(const T& x)
                        ^~~~~
/usr/include/boost/type_traits/is_enum.hpp:160:27: note: 'boost::is_enum' declared here
template <class T> struct is_enum : public integral_constant<bool, BOOST_IS_ENUM(T)> {};
                          ^
In file included from RVNGStringIterTest.cpp:20:
In file included from /usr/include/cppunit/extensions/HelperMacros.h:9:
In file included from /usr/include/cppunit/TestCaller.h:5:
In file included from /usr/include/cppunit/TestCase.h:6:
In file included from /usr/include/cppunit/TestAssert.h:8:
/usr/include/cppunit/tools/StringHelper.h:31:25: error: template argument for template type parameter must be a type; did you forget 'typename'?
typename std::enable_if<std::is_enum<T>::value, std::string>::type toString(const T& x)
                        ^
/usr/include/boost/core/enable_if.hpp:40:19: note: template parameter is declared here
  template <class Cond, class T = void> 
                  ^
In file included from RVNGStringIterTest.cpp:20:
In file included from /usr/include/cppunit/extensions/HelperMacros.h:9:
In file included from /usr/include/cppunit/TestCaller.h:5:
In file included from /usr/include/cppunit/TestCase.h:6:
In file included from /usr/include/cppunit/TestAssert.h:8:
/usr/include/cppunit/tools/StringHelper.h:34:38: error: no type named 'underlying_type' in namespace 'std'
    ost << static_cast<typename std::underlying_type<T>::type>(x);
                       ~~~~~~~~~~~~~~^~~~~~~~~~~~~~~
/usr/include/cppunit/tools/StringHelper.h:34:53: error: expected '>'
    ost << static_cast<typename std::underlying_type<T>::type>(x);
                                                    ^
/usr/include/cppunit/tools/StringHelper.h:34:23: note: to match this '<'
    ost << static_cast<typename std::underlying_type<T>::type>(x);
                      ^
/usr/include/cppunit/tools/StringHelper.h:34:54: error: 'T' does not refer to a value
    ost << static_cast<typename std::underlying_type<T>::type>(x);
                                                     ^
/usr/include/cppunit/tools/StringHelper.h:30:19: note: declared here
template<typename T>
                  ^
/usr/include/cppunit/tools/StringHelper.h:34:58: error: no member named 'type' in the global namespace
    ost << static_cast<typename std::underlying_type<T>::type>(x);
                                                       ~~^
In file included from RVNGStringIterTest.cpp:20:
In file included from /usr/include/cppunit/extensions/HelperMacros.h:9:
/usr/include/cppunit/TestCaller.h:159:37: error: no template named 'function' in namespace 'std'
  TestCaller(std::string name, std::function<void()> test_function, Fixture* fixture):
                               ~~~~~^
/usr/include/cppunit/TestCaller.h:200:8: error: no template named 'function' in namespace 'std'
  std::function<void()> m_test_function;
  ~~~~~^
/usr/include/cppunit/TestCaller.h:121:28: error: no member named 'bind' in namespace 'std'; did you mean 'find'?
            m_test_function( std::bind(test, m_fixture) )
                             ~~~~~^
/usr/bin/../lib/gcc/x86_64-linux-gnu/7.2.0/../../../../include/c++/7.2.0/bits/streambuf_iterator.h:369:5: note: 'find' declared here
    find(istreambuf_iterator<_CharT> __first,
    ^
fatal error: too many errors emitted, stopping now [-ferror-limit=]
20 errors generated.
Makefile:715: recipe for target 'test-RVNGStringIterTest.o' failed
make[4]: *** [test-RVNGStringIterTest.o] Error 1
make[4]: Leaving directory '/<<PKGBUILDDIR>>/src/test'
Makefile:1004: recipe for target 'check-am' failed
make[3]: *** [check-am] Error 2
make[3]: Leaving directory '/<<PKGBUILDDIR>>/src/test'
Makefile:377: recipe for target 'check-recursive' failed
make[2]: *** [check-recursive] Error 1
make[2]: Leaving directory '/<<PKGBUILDDIR>>/src'
Makefile:495: recipe for target 'check-recursive' failed
make[1]: *** [check-recursive] Error 1
make[1]: Leaving directory '/<<PKGBUILDDIR>>'
dh_auto_test: make -j16 check VERBOSE=1 returned exit code 2
debian/rules:9: recipe for target 'build-arch' failed
make: *** [build-arch] Error 2
dpkg-buildpackage: error: debian/rules build-arch gave error exit status 2
--------------------------------------------------------------------------------
Build finished at 2017-08-20T19:07:13Z

Finished
--------


+------------------------------------------------------------------------------+
| Cleanup                                                                      |
+------------------------------------------------------------------------------+

Purging /<<BUILDDIR>>
Not cleaning session: cloned chroot in use
E: Build failure (dpkg-buildpackage died)

+------------------------------------------------------------------------------+
| Summary                                                                      |
+------------------------------------------------------------------------------+

Build Architecture: amd64
Build Type: any
Build-Space: 21976
Build-Time: 21
Distribution: unstable
Fail-Stage: build
Host Architecture: amd64
Install-Time: 8
Job: librevenge_0.0.4-6
Machine Architecture: amd64
Package: librevenge
Package-Time: 52
Source-Version: 0.0.4-6
Space: 21976
Status: attempted
Version: 0.0.4-6
--------------------------------------------------------------------------------
Finished at 2017-08-20T19:07:13Z
Build needed 00:00:52, 21976k disk space
E: Build failure (dpkg-buildpackage died)
DC-Status: Failed 53.006081739s
