DC-Build-Header: nsis 2.51-1 / 2017-08-20 17:14:47 +0000
DC-Task: type:rebuild-binarch-only source:nsis version:2.51-1 chroot:unstable esttime: logfile:/tmp/nsis_2.51-1_unstable_clang5.0.log modes:clang50:binarch-only
DC-Sbuild-call: su user42 -c 'sbuild -n --arch-any --apt-update -d unstable -v  --chroot-setup-commands=/tmp/clang50 nsis_2.51-1'
sbuild (Debian sbuild) 0.73.0 (23 Dec 2016) on ip-172-31-44-178.eu-central-1.compute.internal

+==============================================================================+
| nsis 2.51-1 (amd64)                          Sun, 20 Aug 2017 17:14:47 +0000 |
+==============================================================================+

Package: nsis
Version: 2.51-1
Source Version: 2.51-1
Distribution: unstable
Machine Architecture: amd64
Host Architecture: amd64
Build Architecture: amd64
Build Type: any

I: NOTICE: Log filtering will replace 'var/run/schroot/mount/unstable-amd64-sbuild-d1f0316f-8fd6-4d71-bf4d-dd9941e23e40' with '<<CHROOT>>'

+------------------------------------------------------------------------------+
| Chroot Setup Commands                                                        |
+------------------------------------------------------------------------------+


/tmp/clang50
------------

+ echo 'Entering customization script...'
Entering customization script...
+ CLANG_VERSION=5.0
+ echo 'Install of clang-5.0'
Install of clang-5.0
+ apt-get update
Hit:1 http://127.0.0.1:9999/debian unstable InRelease
Get:2 http://127.0.0.1:9999/debian unstable/main Translation-en [5785 kB]
Fetched 5785 kB in 1s (3914 kB/s)
Reading package lists...
+ apt-get install --yes --no-install-recommends --force-yes clang-5.0
Reading package lists...
Building dependency tree...
Reading state information...
The following additional packages will be installed:
  libasan3 libbsd0 libclang-common-5.0-dev libclang1-5.0 libedit2 libgcc-6-dev
  libjsoncpp1 libllvm5.0 libncurses5 libobjc-6-dev libobjc4 libstdc++-6-dev
Suggested packages:
  gnustep gnustep-devel clang-5.0-doc libomp-dev libstdc++-6-doc
Recommended packages:
  llvm-5.0-dev python libgpm2
The following NEW packages will be installed:
  clang-5.0 libasan3 libbsd0 libclang-common-5.0-dev libclang1-5.0 libedit2
  libgcc-6-dev libjsoncpp1 libllvm5.0 libncurses5 libobjc-6-dev libobjc4
  libstdc++-6-dev
0 upgraded, 13 newly installed, 0 to remove and 0 not upgraded.
Need to get 88.4 MB of archives.
After this operation, 376 MB of additional disk space will be used.
Get:1 http://127.0.0.1:9999/debian unstable/main amd64 libbsd0 amd64 0.8.6-1 [90.3 kB]
Get:2 http://127.0.0.1:9999/debian unstable/main amd64 libncurses5 amd64 6.0+20170715-2 [93.8 kB]
Get:3 http://127.0.0.1:9999/debian unstable/main amd64 libedit2 amd64 3.1-20170329-1 [85.2 kB]
Get:4 http://127.0.0.1:9999/debian unstable/main amd64 libllvm5.0 amd64 1:5.0~+rc2-1 [13.5 MB]
Get:5 http://127.0.0.1:9999/debian unstable/main amd64 libclang1-5.0 amd64 1:5.0~+rc2-1 [6729 kB]
Get:6 http://127.0.0.1:9999/debian unstable/main amd64 libjsoncpp1 amd64 1.7.4-3 [75.6 kB]
Get:7 http://127.0.0.1:9999/debian unstable/main amd64 libasan3 amd64 6.4.0-3 [311 kB]
Get:8 http://127.0.0.1:9999/debian unstable/main amd64 libgcc-6-dev amd64 6.4.0-3 [2296 kB]
Get:9 http://127.0.0.1:9999/debian unstable/main amd64 libstdc++-6-dev amd64 6.4.0-3 [1421 kB]
Get:10 http://127.0.0.1:9999/debian unstable/main amd64 libobjc4 amd64 7.2.0-1 [51.0 kB]
Get:11 http://127.0.0.1:9999/debian unstable/main amd64 libobjc-6-dev amd64 6.4.0-3 [197 kB]
Get:12 http://127.0.0.1:9999/debian unstable/main amd64 libclang-common-5.0-dev amd64 1:5.0~+rc2-1 [1989 kB]
Get:13 http://127.0.0.1:9999/debian unstable/main amd64 clang-5.0 amd64 1:5.0~+rc2-1 [61.6 MB]
debconf: delaying package configuration, since apt-utils is not installed
Fetched 88.4 MB in 0s (97.5 MB/s)
Selecting previously unselected package libbsd0:amd64.
(Reading database ... (Reading database ... 5%(Reading database ... 10%(Reading database ... 15%(Reading database ... 20%(Reading database ... 25%(Reading database ... 30%(Reading database ... 35%(Reading database ... 40%(Reading database ... 45%(Reading database ... 50%(Reading database ... 55%(Reading database ... 60%(Reading database ... 65%(Reading database ... 70%(Reading database ... 75%(Reading database ... 80%(Reading database ... 85%(Reading database ... 90%(Reading database ... 95%(Reading database ... 100%(Reading database ... 9822 files and directories currently installed.)
Preparing to unpack .../00-libbsd0_0.8.6-1_amd64.deb ...
Unpacking libbsd0:amd64 (0.8.6-1) ...
Selecting previously unselected package libncurses5:amd64.
Preparing to unpack .../01-libncurses5_6.0+20170715-2_amd64.deb ...
Unpacking libncurses5:amd64 (6.0+20170715-2) ...
Selecting previously unselected package libedit2:amd64.
Preparing to unpack .../02-libedit2_3.1-20170329-1_amd64.deb ...
Unpacking libedit2:amd64 (3.1-20170329-1) ...
Selecting previously unselected package libllvm5.0:amd64.
Preparing to unpack .../03-libllvm5.0_1%3a5.0~+rc2-1_amd64.deb ...
Unpacking libllvm5.0:amd64 (1:5.0~+rc2-1) ...
Selecting previously unselected package libclang1-5.0:amd64.
Preparing to unpack .../04-libclang1-5.0_1%3a5.0~+rc2-1_amd64.deb ...
Unpacking libclang1-5.0:amd64 (1:5.0~+rc2-1) ...
Selecting previously unselected package libjsoncpp1:amd64.
Preparing to unpack .../05-libjsoncpp1_1.7.4-3_amd64.deb ...
Unpacking libjsoncpp1:amd64 (1.7.4-3) ...
Selecting previously unselected package libasan3:amd64.
Preparing to unpack .../06-libasan3_6.4.0-3_amd64.deb ...
Unpacking libasan3:amd64 (6.4.0-3) ...
Selecting previously unselected package libgcc-6-dev:amd64.
Preparing to unpack .../07-libgcc-6-dev_6.4.0-3_amd64.deb ...
Unpacking libgcc-6-dev:amd64 (6.4.0-3) ...
Selecting previously unselected package libstdc++-6-dev:amd64.
Preparing to unpack .../08-libstdc++-6-dev_6.4.0-3_amd64.deb ...
Unpacking libstdc++-6-dev:amd64 (6.4.0-3) ...
Selecting previously unselected package libobjc4:amd64.
Preparing to unpack .../09-libobjc4_7.2.0-1_amd64.deb ...
Unpacking libobjc4:amd64 (7.2.0-1) ...
Selecting previously unselected package libobjc-6-dev:amd64.
Preparing to unpack .../10-libobjc-6-dev_6.4.0-3_amd64.deb ...
Unpacking libobjc-6-dev:amd64 (6.4.0-3) ...
Selecting previously unselected package libclang-common-5.0-dev.
Preparing to unpack .../11-libclang-common-5.0-dev_1%3a5.0~+rc2-1_amd64.deb ...
Unpacking libclang-common-5.0-dev (1:5.0~+rc2-1) ...
Selecting previously unselected package clang-5.0.
Preparing to unpack .../12-clang-5.0_1%3a5.0~+rc2-1_amd64.deb ...
Unpacking clang-5.0 (1:5.0~+rc2-1) ...
Setting up libncurses5:amd64 (6.0+20170715-2) ...
Setting up libobjc4:amd64 (7.2.0-1) ...
Setting up libasan3:amd64 (6.4.0-3) ...
Setting up libgcc-6-dev:amd64 (6.4.0-3) ...
Setting up libstdc++-6-dev:amd64 (6.4.0-3) ...
Setting up libbsd0:amd64 (0.8.6-1) ...
Processing triggers for libc-bin (2.24-14) ...
Setting up libobjc-6-dev:amd64 (6.4.0-3) ...
Setting up libjsoncpp1:amd64 (1.7.4-3) ...
Setting up libedit2:amd64 (3.1-20170329-1) ...
Setting up libllvm5.0:amd64 (1:5.0~+rc2-1) ...
Setting up libclang1-5.0:amd64 (1:5.0~+rc2-1) ...
Setting up libclang-common-5.0-dev (1:5.0~+rc2-1) ...
Setting up clang-5.0 (1:5.0~+rc2-1) ...
Processing triggers for libc-bin (2.24-14) ...
W: --force-yes is deprecated, use one of the options starting with --allow instead.
+ echo 'Replace gcc, g++ & cpp by clang'
Replace gcc, g++ & cpp by clang
+ VERSIONS='4.6 4.7 4.8 4.9 5 6 7'
+ cd /usr/bin
+ for VERSION in $VERSIONS
+ rm -f g++-4.6 gcc-4.6 cpp-4.6 gcc
+ ln -s clang++-5.0 g++-4.6
+ ln -s clang-5.0 gcc-4.6
+ ln -s clang-5.0 cpp-4.6
+ ln -s clang-5.0 gcc
+ echo 'gcc-4.6 hold'
+ dpkg --set-selections
dpkg: warning: package not in status nor available database at line 1: gcc-4.6
dpkg: warning: found unknown packages; this might mean the available database
is outdated, and needs to be updated through a frontend method;
please see the FAQ <https://wiki.debian.org/Teams/Dpkg/FAQ>
+ echo 'g++-4.6 hold'
+ dpkg --set-selections
dpkg: warning: package not in status nor available database at line 1: g++-4.6
dpkg: warning: found unknown packages; this might mean the available database
is outdated, and needs to be updated through a frontend method;
please see the FAQ <https://wiki.debian.org/Teams/Dpkg/FAQ>
+ for VERSION in $VERSIONS
+ rm -f g++-4.7 gcc-4.7 cpp-4.7 gcc
+ ln -s clang++-5.0 g++-4.7
+ ln -s clang-5.0 gcc-4.7
+ ln -s clang-5.0 cpp-4.7
+ ln -s clang-5.0 gcc
+ echo 'gcc-4.7 hold'
+ dpkg --set-selections
dpkg: warning: package not in status nor available database at line 1: gcc-4.7
dpkg: warning: found unknown packages; this might mean the available database
is outdated, and needs to be updated through a frontend method;
please see the FAQ <https://wiki.debian.org/Teams/Dpkg/FAQ>
+ echo 'g++-4.7 hold'
+ dpkg --set-selections
dpkg: warning: package not in status nor available database at line 1: g++-4.7
dpkg: warning: found unknown packages; this might mean the available database
is outdated, and needs to be updated through a frontend method;
please see the FAQ <https://wiki.debian.org/Teams/Dpkg/FAQ>
+ for VERSION in $VERSIONS
+ rm -f g++-4.8 gcc-4.8 cpp-4.8 gcc
+ ln -s clang++-5.0 g++-4.8
+ ln -s clang-5.0 gcc-4.8
+ ln -s clang-5.0 cpp-4.8
+ ln -s clang-5.0 gcc
+ echo 'gcc-4.8 hold'
+ dpkg --set-selections
dpkg: warning: package not in status nor available database at line 1: gcc-4.8
dpkg: warning: found unknown packages; this might mean the available database
is outdated, and needs to be updated through a frontend method;
please see the FAQ <https://wiki.debian.org/Teams/Dpkg/FAQ>
+ echo 'g++-4.8 hold'
+ dpkg --set-selections
dpkg: warning: package not in status nor available database at line 1: g++-4.8
dpkg: warning: found unknown packages; this might mean the available database
is outdated, and needs to be updated through a frontend method;
please see the FAQ <https://wiki.debian.org/Teams/Dpkg/FAQ>
+ for VERSION in $VERSIONS
+ rm -f g++-4.9 gcc-4.9 cpp-4.9 gcc
+ ln -s clang++-5.0 g++-4.9
+ ln -s clang-5.0 gcc-4.9
+ ln -s clang-5.0 cpp-4.9
+ ln -s clang-5.0 gcc
+ echo 'gcc-4.9 hold'
+ dpkg --set-selections
dpkg: warning: package not in status nor available database at line 1: gcc-4.9
dpkg: warning: found unknown packages; this might mean the available database
is outdated, and needs to be updated through a frontend method;
please see the FAQ <https://wiki.debian.org/Teams/Dpkg/FAQ>
+ echo 'g++-4.9 hold'
+ dpkg --set-selections
dpkg: warning: package not in status nor available database at line 1: g++-4.9
dpkg: warning: found unknown packages; this might mean the available database
is outdated, and needs to be updated through a frontend method;
please see the FAQ <https://wiki.debian.org/Teams/Dpkg/FAQ>
+ for VERSION in $VERSIONS
+ rm -f g++-5 gcc-5 cpp-5 gcc
+ ln -s clang++-5.0 g++-5
+ ln -s clang-5.0 gcc-5
+ ln -s clang-5.0 cpp-5
+ ln -s clang-5.0 gcc
+ echo 'gcc-5 hold'
+ dpkg --set-selections
+ echo 'g++-5 hold'
+ dpkg --set-selections
+ for VERSION in $VERSIONS
+ rm -f g++-6 gcc-6 cpp-6 gcc
+ ln -s clang++-5.0 g++-6
+ ln -s clang-5.0 gcc-6
+ ln -s clang-5.0 cpp-6
+ ln -s clang-5.0 gcc
+ echo 'gcc-6 hold'
+ dpkg --set-selections
dpkg: warning: package not in status nor available database at line 1: gcc-6
dpkg: warning: found unknown packages; this might mean the available database
is outdated, and needs to be updated through a frontend method;
please see the FAQ <https://wiki.debian.org/Teams/Dpkg/FAQ>
+ echo 'g++-6 hold'
+ dpkg --set-selections
dpkg: warning: package not in status nor available database at line 1: g++-6
dpkg: warning: found unknown packages; this might mean the available database
is outdated, and needs to be updated through a frontend method;
please see the FAQ <https://wiki.debian.org/Teams/Dpkg/FAQ>
+ for VERSION in $VERSIONS
+ rm -f g++-7 gcc-7 cpp-7 gcc
+ ln -s clang++-5.0 g++-7
+ ln -s clang-5.0 gcc-7
+ ln -s clang-5.0 cpp-7
+ ln -s clang-5.0 gcc
+ echo 'gcc-7 hold'
+ dpkg --set-selections
+ echo 'g++-7 hold'
+ dpkg --set-selections
+ cd -
/build/nsis-oBDpbF
+ echo 'Check if gcc, g++ & cpp are actually clang'
Check if gcc, g++ & cpp are actually clang
+ gcc --version
+ grep clang
+ cpp --version
+ grep clang
+ g++ --version
+ grep clang

I: Finished running '/tmp/clang50'.

Finished processing commands.
--------------------------------------------------------------------------------

+------------------------------------------------------------------------------+
| Update chroot                                                                |
+------------------------------------------------------------------------------+

Hit:1 http://127.0.0.1:9999/debian unstable InRelease
Reading package lists...
Reading package lists...
Building dependency tree...
Reading state information...
Calculating upgrade...
0 upgraded, 0 newly installed, 0 to remove and 0 not upgraded.

+------------------------------------------------------------------------------+
| Fetch source files                                                           |
+------------------------------------------------------------------------------+


Check APT
---------

Checking available source versions...

Download source files with APT
------------------------------

Reading package lists...
NOTICE: 'nsis' packaging is maintained in the 'Git' version control system at:
https://alioth.debian.org/anonscm/git/collab-maint/nsis.git
Please use:
git clone https://alioth.debian.org/anonscm/git/collab-maint/nsis.git
to retrieve the latest (possibly unreleased) updates to the package.
Need to get 1579 kB of source archives.
Get:1 http://127.0.0.1:9999/debian unstable/main nsis 2.51-1 (dsc) [1930 B]
Get:2 http://127.0.0.1:9999/debian unstable/main nsis 2.51-1 (tar) [1541 kB]
Get:3 http://127.0.0.1:9999/debian unstable/main nsis 2.51-1 (diff) [36.5 kB]
Fetched 1579 kB in 0s (4797 kB/s)
Download complete and in download only mode
I: NOTICE: Log filtering will replace 'build/nsis-oBDpbF/nsis-2.51' with '<<PKGBUILDDIR>>'
I: NOTICE: Log filtering will replace 'build/nsis-oBDpbF' with '<<BUILDDIR>>'

+------------------------------------------------------------------------------+
| Install build-essential                                                      |
+------------------------------------------------------------------------------+


Setup apt archive
-----------------

Merged Build-Depends: build-essential, fakeroot
Filtered Build-Depends: build-essential, fakeroot
dpkg-deb: building package 'sbuild-build-depends-core-dummy' in '/<<BUILDDIR>>/resolver-gVRkHx/apt_archive/sbuild-build-depends-core-dummy.deb'.
dpkg-scanpackages: warning: Packages in archive but missing from override file:
dpkg-scanpackages: warning:   sbuild-build-depends-core-dummy
dpkg-scanpackages: info: Wrote 1 entries to output Packages file.
Ign:1 copy:/<<BUILDDIR>>/resolver-gVRkHx/apt_archive ./ InRelease
Get:2 copy:/<<BUILDDIR>>/resolver-gVRkHx/apt_archive ./ Release [957 B]
Ign:3 copy:/<<BUILDDIR>>/resolver-gVRkHx/apt_archive ./ Release.gpg
Get:4 copy:/<<BUILDDIR>>/resolver-gVRkHx/apt_archive ./ Sources [349 B]
Get:5 copy:/<<BUILDDIR>>/resolver-gVRkHx/apt_archive ./ Packages [432 B]
Fetched 1738 B in 0s (0 B/s)
Reading package lists...
Reading package lists...

Install core build dependencies (apt-based resolver)
----------------------------------------------------

Installing build dependencies
Reading package lists...
Building dependency tree...
Reading state information...
The following NEW packages will be installed:
  sbuild-build-depends-core-dummy
0 upgraded, 1 newly installed, 0 to remove and 0 not upgraded.
Need to get 782 B of archives.
After this operation, 0 B of additional disk space will be used.
Get:1 copy:/<<BUILDDIR>>/resolver-gVRkHx/apt_archive ./ sbuild-build-depends-core-dummy 0.invalid.0 [782 B]
debconf: delaying package configuration, since apt-utils is not installed
Fetched 782 B in 0s (0 B/s)
Selecting previously unselected package sbuild-build-depends-core-dummy.
(Reading database ... 11331 files and directories currently installed.)
Preparing to unpack .../sbuild-build-depends-core-dummy_0.invalid.0_amd64.deb ...
Unpacking sbuild-build-depends-core-dummy (0.invalid.0) ...
Setting up sbuild-build-depends-core-dummy (0.invalid.0) ...

+------------------------------------------------------------------------------+
| Check architectures                                                          |
+------------------------------------------------------------------------------+

Arch check ok (amd64 included in any all)

+------------------------------------------------------------------------------+
| Install package build dependencies                                           |
+------------------------------------------------------------------------------+


Setup apt archive
-----------------

Merged Build-Depends: debhelper (>= 9), docbook-xsl-ns, docbook5-xml, html2text, libcppunit-dev, mingw-w64 (>= 1.0), scons (>= 1.2.0), xsltproc, zlib1g-dev
Filtered Build-Depends: debhelper (>= 9), docbook-xsl-ns, docbook5-xml, html2text, libcppunit-dev, mingw-w64 (>= 1.0), scons (>= 1.2.0), xsltproc, zlib1g-dev
dpkg-deb: building package 'sbuild-build-depends-nsis-dummy' in '/<<BUILDDIR>>/resolver-gVRkHx/apt_archive/sbuild-build-depends-nsis-dummy.deb'.
dpkg-scanpackages: warning: Packages in archive but missing from override file:
dpkg-scanpackages: warning:   sbuild-build-depends-core-dummy sbuild-build-depends-nsis-dummy
dpkg-scanpackages: info: Wrote 2 entries to output Packages file.
Ign:1 copy:/<<BUILDDIR>>/resolver-gVRkHx/apt_archive ./ InRelease
Get:2 copy:/<<BUILDDIR>>/resolver-gVRkHx/apt_archive ./ Release [963 B]
Ign:3 copy:/<<BUILDDIR>>/resolver-gVRkHx/apt_archive ./ Release.gpg
Get:4 copy:/<<BUILDDIR>>/resolver-gVRkHx/apt_archive ./ Sources [556 B]
Get:5 copy:/<<BUILDDIR>>/resolver-gVRkHx/apt_archive ./ Packages [635 B]
Fetched 2154 B in 0s (0 B/s)
Reading package lists...
Reading package lists...

Install nsis build dependencies (apt-based resolver)
----------------------------------------------------

Installing build dependencies
Reading package lists...
Building dependency tree...
Reading state information...
The following additional packages will be installed:
  autoconf automake autopoint autotools-dev binutils-mingw-w64-i686
  binutils-mingw-w64-x86-64 bsdmainutils debhelper dh-autoreconf
  dh-strip-nondeterminism docbook-xsl-ns docbook5-xml file g++-mingw-w64
  g++-mingw-w64-i686 g++-mingw-w64-x86-64 gcc-mingw-w64 gcc-mingw-w64-base
  gcc-mingw-w64-i686 gcc-mingw-w64-x86-64 gettext gettext-base groff-base
  html2text intltool-debian libarchive-zip-perl libcppunit-1.14-0
  libcppunit-dev libcroco3 libexpat1 libfile-stripnondeterminism-perl
  libglib2.0-0 libicu57 libmagic-mgc libmagic1 libpipeline1 libpython-stdlib
  libpython2.7-minimal libpython2.7-stdlib libreadline7 libsigsegv2
  libsqlite3-0 libssl1.1 libtimedate-perl libtool libxml2 libxslt1.1 m4 man-db
  mime-support mingw-w64 mingw-w64-common mingw-w64-i686-dev
  mingw-w64-x86-64-dev po-debconf python python-minimal python2.7
  python2.7-minimal readline-common scons sgml-base xml-core xsltproc
  zlib1g-dev
Suggested packages:
  autoconf-archive gnu-standards autoconf-doc wamerican | wordlist whois
  vacation dh-make dbtoepub docbook-xsl-doc-html | docbook-xsl-doc-pdf
  | docbook-xsl-doc-text | docbook-xsl-doc docbook-xsl-saxon fop libsaxon-java
  libxalan2-java libxslthl-java xalan docbook5-defguide gcc-6-locales
  gettext-doc libasprintf-dev libgettextpo-dev groff curl | wget
  libcppunit-doc libtool-doc gfortran | fortran95-compiler gcj-jdk m4-doc less
  www-browser wine wine64 libmail-box-perl python-doc python-tk python2.7-doc
  binfmt-support readline-doc sgml-base-doc
Recommended packages:
  gfortran-mingw-w64 gnat-mingw-w64 curl | wget | lynx-cur
  libarchive-cpio-perl libglib2.0-data shared-mime-info xdg-user-dirs
  libltdl-dev libmail-sendmail-perl
The following NEW packages will be installed:
  autoconf automake autopoint autotools-dev binutils-mingw-w64-i686
  binutils-mingw-w64-x86-64 bsdmainutils debhelper dh-autoreconf
  dh-strip-nondeterminism docbook-xsl-ns docbook5-xml file g++-mingw-w64
  g++-mingw-w64-i686 g++-mingw-w64-x86-64 gcc-mingw-w64 gcc-mingw-w64-base
  gcc-mingw-w64-i686 gcc-mingw-w64-x86-64 gettext gettext-base groff-base
  html2text intltool-debian libarchive-zip-perl libcppunit-1.14-0
  libcppunit-dev libcroco3 libexpat1 libfile-stripnondeterminism-perl
  libglib2.0-0 libicu57 libmagic-mgc libmagic1 libpipeline1 libpython-stdlib
  libpython2.7-minimal libpython2.7-stdlib libreadline7 libsigsegv2
  libsqlite3-0 libssl1.1 libtimedate-perl libtool libxml2 libxslt1.1 m4 man-db
  mime-support mingw-w64 mingw-w64-common mingw-w64-i686-dev
  mingw-w64-x86-64-dev po-debconf python python-minimal python2.7
  python2.7-minimal readline-common sbuild-build-depends-nsis-dummy scons
  sgml-base xml-core xsltproc zlib1g-dev
0 upgraded, 66 newly installed, 0 to remove and 0 not upgraded.
Need to get 154 MB of archives.
After this operation, 848 MB of additional disk space will be used.
Get:1 copy:/<<BUILDDIR>>/resolver-gVRkHx/apt_archive ./ sbuild-build-depends-nsis-dummy 0.invalid.0 [846 B]
Get:2 http://127.0.0.1:9999/debian unstable/main amd64 groff-base amd64 1.22.3-9 [1160 kB]
Get:3 http://127.0.0.1:9999/debian unstable/main amd64 bsdmainutils amd64 9.0.12+nmu1 [186 kB]
Get:4 http://127.0.0.1:9999/debian unstable/main amd64 libpipeline1 amd64 1.4.2-1 [28.3 kB]
Get:5 http://127.0.0.1:9999/debian unstable/main amd64 man-db amd64 2.7.6.1-2 [1044 kB]
Get:6 http://127.0.0.1:9999/debian unstable/main amd64 libpython2.7-minimal amd64 2.7.13-4 [392 kB]
Get:7 http://127.0.0.1:9999/debian unstable/main amd64 python2.7-minimal amd64 2.7.13-4 [1370 kB]
Get:8 http://127.0.0.1:9999/debian unstable/main amd64 python-minimal amd64 2.7.13-2 [40.5 kB]
Get:9 http://127.0.0.1:9999/debian unstable/main amd64 mime-support all 3.60 [36.7 kB]
Get:10 http://127.0.0.1:9999/debian unstable/main amd64 libexpat1 amd64 2.2.3-1 [87.5 kB]
Get:11 http://127.0.0.1:9999/debian unstable/main amd64 readline-common all 7.0-3 [70.4 kB]
Get:12 http://127.0.0.1:9999/debian unstable/main amd64 libreadline7 amd64 7.0-3 [151 kB]
Get:13 http://127.0.0.1:9999/debian unstable/main amd64 libsqlite3-0 amd64 3.19.3-3 [582 kB]
Get:14 http://127.0.0.1:9999/debian unstable/main amd64 libssl1.1 amd64 1.1.0f-4 [1349 kB]
Get:15 http://127.0.0.1:9999/debian unstable/main amd64 libpython2.7-stdlib amd64 2.7.13-4 [1898 kB]
Get:16 http://127.0.0.1:9999/debian unstable/main amd64 python2.7 amd64 2.7.13-4 [292 kB]
Get:17 http://127.0.0.1:9999/debian unstable/main amd64 libpython-stdlib amd64 2.7.13-2 [20.0 kB]
Get:18 http://127.0.0.1:9999/debian unstable/main amd64 python amd64 2.7.13-2 [154 kB]
Get:19 http://127.0.0.1:9999/debian unstable/main amd64 sgml-base all 1.29 [14.8 kB]
Get:20 http://127.0.0.1:9999/debian unstable/main amd64 libmagic-mgc amd64 1:5.31-1 [223 kB]
Get:21 http://127.0.0.1:9999/debian unstable/main amd64 libmagic1 amd64 1:5.31-1 [112 kB]
Get:22 http://127.0.0.1:9999/debian unstable/main amd64 file amd64 1:5.31-1 [64.2 kB]
Get:23 http://127.0.0.1:9999/debian unstable/main amd64 gettext-base amd64 0.19.8.1-2+b1 [122 kB]
Get:24 http://127.0.0.1:9999/debian unstable/main amd64 libicu57 amd64 57.1-6 [7701 kB]
Get:25 http://127.0.0.1:9999/debian unstable/main amd64 libxml2 amd64 2.9.4+dfsg1-3 [715 kB]
Get:26 http://127.0.0.1:9999/debian unstable/main amd64 libsigsegv2 amd64 2.11-1 [29.9 kB]
Get:27 http://127.0.0.1:9999/debian unstable/main amd64 m4 amd64 1.4.18-1 [202 kB]
Get:28 http://127.0.0.1:9999/debian unstable/main amd64 autoconf all 2.69-10 [338 kB]
Get:29 http://127.0.0.1:9999/debian unstable/main amd64 autotools-dev all 20161112.1 [73.4 kB]
Get:30 http://127.0.0.1:9999/debian unstable/main amd64 automake all 1:1.15.1-2 [736 kB]
Get:31 http://127.0.0.1:9999/debian unstable/main amd64 autopoint all 0.19.8.1-2 [433 kB]
Get:32 http://127.0.0.1:9999/debian unstable/main amd64 binutils-mingw-w64-i686 amd64 2.28-5+7.4+b4 [2242 kB]
Get:33 http://127.0.0.1:9999/debian unstable/main amd64 binutils-mingw-w64-x86-64 amd64 2.28-5+7.4+b4 [2467 kB]
Get:34 http://127.0.0.1:9999/debian unstable/main amd64 libtool all 2.4.6-2 [545 kB]
Get:35 http://127.0.0.1:9999/debian unstable/main amd64 dh-autoreconf all 14 [15.9 kB]
Get:36 http://127.0.0.1:9999/debian unstable/main amd64 libarchive-zip-perl all 1.59-1 [95.5 kB]
Get:37 http://127.0.0.1:9999/debian unstable/main amd64 libfile-stripnondeterminism-perl all 0.038-1 [17.6 kB]
Get:38 http://127.0.0.1:9999/debian unstable/main amd64 libtimedate-perl all 2.3000-2 [42.2 kB]
Get:39 http://127.0.0.1:9999/debian unstable/main amd64 dh-strip-nondeterminism all 0.038-1 [11.1 kB]
Get:40 http://127.0.0.1:9999/debian unstable/main amd64 libglib2.0-0 amd64 2.53.4-3 [2796 kB]
Get:41 http://127.0.0.1:9999/debian unstable/main amd64 libcroco3 amd64 0.6.12-1 [144 kB]
Get:42 http://127.0.0.1:9999/debian unstable/main amd64 gettext amd64 0.19.8.1-2+b1 [1301 kB]
Get:43 http://127.0.0.1:9999/debian unstable/main amd64 intltool-debian all 0.35.0+20060710.4 [26.3 kB]
Get:44 http://127.0.0.1:9999/debian unstable/main amd64 po-debconf all 1.0.20 [247 kB]
Get:45 http://127.0.0.1:9999/debian unstable/main amd64 debhelper all 10.7.2 [975 kB]
Get:46 http://127.0.0.1:9999/debian unstable/main amd64 xml-core all 0.17 [23.2 kB]
Get:47 http://127.0.0.1:9999/debian unstable/main amd64 docbook-xsl-ns all 1.79.1+dfsg-2 [1239 kB]
Get:48 http://127.0.0.1:9999/debian unstable/main amd64 docbook5-xml all 5.0-2 [807 kB]
Get:49 http://127.0.0.1:9999/debian unstable/main amd64 mingw-w64-common all 5.0.2-2 [4764 kB]
Get:50 http://127.0.0.1:9999/debian unstable/main amd64 mingw-w64-i686-dev all 5.0.2-2 [2218 kB]
Get:51 http://127.0.0.1:9999/debian unstable/main amd64 gcc-mingw-w64-base amd64 6.3.0-18+19.3+b3 [170 kB]
Get:52 http://127.0.0.1:9999/debian unstable/main amd64 gcc-mingw-w64-i686 amd64 6.3.0-18+19.3+b3 [32.6 MB]
Get:53 http://127.0.0.1:9999/debian unstable/main amd64 g++-mingw-w64-i686 amd64 6.3.0-18+19.3+b3 [21.6 MB]
Get:54 http://127.0.0.1:9999/debian unstable/main amd64 mingw-w64-x86-64-dev all 5.0.2-2 [3343 kB]
Get:55 http://127.0.0.1:9999/debian unstable/main amd64 gcc-mingw-w64-x86-64 amd64 6.3.0-18+19.3+b3 [32.7 MB]
Get:56 http://127.0.0.1:9999/debian unstable/main amd64 g++-mingw-w64-x86-64 amd64 6.3.0-18+19.3+b3 [22.4 MB]
Get:57 http://127.0.0.1:9999/debian unstable/main amd64 g++-mingw-w64 all 6.3.0-14+19.3 [169 kB]
Get:58 http://127.0.0.1:9999/debian unstable/main amd64 gcc-mingw-w64 all 6.3.0-14+19.3 [169 kB]
Get:59 http://127.0.0.1:9999/debian unstable/main amd64 html2text amd64 1.3.2a-18+b2 [91.2 kB]
Get:60 http://127.0.0.1:9999/debian unstable/main amd64 libcppunit-1.14-0 amd64 1.14.0-3 [140 kB]
Get:61 http://127.0.0.1:9999/debian unstable/main amd64 libcppunit-dev amd64 1.14.0-3 [196 kB]
Get:62 http://127.0.0.1:9999/debian unstable/main amd64 libxslt1.1 amd64 1.1.29-2.1 [233 kB]
Get:63 http://127.0.0.1:9999/debian unstable/main amd64 mingw-w64 all 5.0.2-2 [12.4 kB]
Get:64 http://127.0.0.1:9999/debian unstable/main amd64 scons all 2.5.1-1 [527 kB]
Get:65 http://127.0.0.1:9999/debian unstable/main amd64 xsltproc amd64 1.1.29-2.1 [120 kB]
Get:66 http://127.0.0.1:9999/debian unstable/main amd64 zlib1g-dev amd64 1:1.2.8.dfsg-5 [205 kB]
debconf: delaying package configuration, since apt-utils is not installed
Fetched 154 MB in 3s (43.4 MB/s)
Selecting previously unselected package groff-base.
(Reading database ... 11331 files and directories currently installed.)
Preparing to unpack .../00-groff-base_1.22.3-9_amd64.deb ...
Unpacking groff-base (1.22.3-9) ...
Selecting previously unselected package bsdmainutils.
Preparing to unpack .../01-bsdmainutils_9.0.12+nmu1_amd64.deb ...
Unpacking bsdmainutils (9.0.12+nmu1) ...
Selecting previously unselected package libpipeline1:amd64.
Preparing to unpack .../02-libpipeline1_1.4.2-1_amd64.deb ...
Unpacking libpipeline1:amd64 (1.4.2-1) ...
Selecting previously unselected package man-db.
Preparing to unpack .../03-man-db_2.7.6.1-2_amd64.deb ...
Unpacking man-db (2.7.6.1-2) ...
Selecting previously unselected package libpython2.7-minimal:amd64.
Preparing to unpack .../04-libpython2.7-minimal_2.7.13-4_amd64.deb ...
Unpacking libpython2.7-minimal:amd64 (2.7.13-4) ...
Selecting previously unselected package python2.7-minimal.
Preparing to unpack .../05-python2.7-minimal_2.7.13-4_amd64.deb ...
Unpacking python2.7-minimal (2.7.13-4) ...
Selecting previously unselected package python-minimal.
Preparing to unpack .../06-python-minimal_2.7.13-2_amd64.deb ...
Unpacking python-minimal (2.7.13-2) ...
Selecting previously unselected package mime-support.
Preparing to unpack .../07-mime-support_3.60_all.deb ...
Unpacking mime-support (3.60) ...
Selecting previously unselected package libexpat1:amd64.
Preparing to unpack .../08-libexpat1_2.2.3-1_amd64.deb ...
Unpacking libexpat1:amd64 (2.2.3-1) ...
Selecting previously unselected package readline-common.
Preparing to unpack .../09-readline-common_7.0-3_all.deb ...
Unpacking readline-common (7.0-3) ...
Selecting previously unselected package libreadline7:amd64.
Preparing to unpack .../10-libreadline7_7.0-3_amd64.deb ...
Unpacking libreadline7:amd64 (7.0-3) ...
Selecting previously unselected package libsqlite3-0:amd64.
Preparing to unpack .../11-libsqlite3-0_3.19.3-3_amd64.deb ...
Unpacking libsqlite3-0:amd64 (3.19.3-3) ...
Selecting previously unselected package libssl1.1:amd64.
Preparing to unpack .../12-libssl1.1_1.1.0f-4_amd64.deb ...
Unpacking libssl1.1:amd64 (1.1.0f-4) ...
Selecting previously unselected package libpython2.7-stdlib:amd64.
Preparing to unpack .../13-libpython2.7-stdlib_2.7.13-4_amd64.deb ...
Unpacking libpython2.7-stdlib:amd64 (2.7.13-4) ...
Selecting previously unselected package python2.7.
Preparing to unpack .../14-python2.7_2.7.13-4_amd64.deb ...
Unpacking python2.7 (2.7.13-4) ...
Selecting previously unselected package libpython-stdlib:amd64.
Preparing to unpack .../15-libpython-stdlib_2.7.13-2_amd64.deb ...
Unpacking libpython-stdlib:amd64 (2.7.13-2) ...
Setting up libpython2.7-minimal:amd64 (2.7.13-4) ...
Setting up python2.7-minimal (2.7.13-4) ...
Setting up python-minimal (2.7.13-2) ...
Selecting previously unselected package python.
(Reading database ... 12714 files and directories currently installed.)
Preparing to unpack .../00-python_2.7.13-2_amd64.deb ...
Unpacking python (2.7.13-2) ...
Selecting previously unselected package sgml-base.
Preparing to unpack .../01-sgml-base_1.29_all.deb ...
Unpacking sgml-base (1.29) ...
Selecting previously unselected package libmagic-mgc.
Preparing to unpack .../02-libmagic-mgc_1%3a5.31-1_amd64.deb ...
Unpacking libmagic-mgc (1:5.31-1) ...
Selecting previously unselected package libmagic1:amd64.
Preparing to unpack .../03-libmagic1_1%3a5.31-1_amd64.deb ...
Unpacking libmagic1:amd64 (1:5.31-1) ...
Selecting previously unselected package file.
Preparing to unpack .../04-file_1%3a5.31-1_amd64.deb ...
Unpacking file (1:5.31-1) ...
Selecting previously unselected package gettext-base.
Preparing to unpack .../05-gettext-base_0.19.8.1-2+b1_amd64.deb ...
Unpacking gettext-base (0.19.8.1-2+b1) ...
Selecting previously unselected package libicu57:amd64.
Preparing to unpack .../06-libicu57_57.1-6_amd64.deb ...
Unpacking libicu57:amd64 (57.1-6) ...
Selecting previously unselected package libxml2:amd64.
Preparing to unpack .../07-libxml2_2.9.4+dfsg1-3_amd64.deb ...
Unpacking libxml2:amd64 (2.9.4+dfsg1-3) ...
Selecting previously unselected package libsigsegv2:amd64.
Preparing to unpack .../08-libsigsegv2_2.11-1_amd64.deb ...
Unpacking libsigsegv2:amd64 (2.11-1) ...
Selecting previously unselected package m4.
Preparing to unpack .../09-m4_1.4.18-1_amd64.deb ...
Unpacking m4 (1.4.18-1) ...
Selecting previously unselected package autoconf.
Preparing to unpack .../10-autoconf_2.69-10_all.deb ...
Unpacking autoconf (2.69-10) ...
Selecting previously unselected package autotools-dev.
Preparing to unpack .../11-autotools-dev_20161112.1_all.deb ...
Unpacking autotools-dev (20161112.1) ...
Selecting previously unselected package automake.
Preparing to unpack .../12-automake_1%3a1.15.1-2_all.deb ...
Unpacking automake (1:1.15.1-2) ...
Selecting previously unselected package autopoint.
Preparing to unpack .../13-autopoint_0.19.8.1-2_all.deb ...
Unpacking autopoint (0.19.8.1-2) ...
Selecting previously unselected package binutils-mingw-w64-i686.
Preparing to unpack .../14-binutils-mingw-w64-i686_2.28-5+7.4+b4_amd64.deb ...
Unpacking binutils-mingw-w64-i686 (2.28-5+7.4+b4) ...
Selecting previously unselected package binutils-mingw-w64-x86-64.
Preparing to unpack .../15-binutils-mingw-w64-x86-64_2.28-5+7.4+b4_amd64.deb ...
Unpacking binutils-mingw-w64-x86-64 (2.28-5+7.4+b4) ...
Selecting previously unselected package libtool.
Preparing to unpack .../16-libtool_2.4.6-2_all.deb ...
Unpacking libtool (2.4.6-2) ...
Selecting previously unselected package dh-autoreconf.
Preparing to unpack .../17-dh-autoreconf_14_all.deb ...
Unpacking dh-autoreconf (14) ...
Selecting previously unselected package libarchive-zip-perl.
Preparing to unpack .../18-libarchive-zip-perl_1.59-1_all.deb ...
Unpacking libarchive-zip-perl (1.59-1) ...
Selecting previously unselected package libfile-stripnondeterminism-perl.
Preparing to unpack .../19-libfile-stripnondeterminism-perl_0.038-1_all.deb ...
Unpacking libfile-stripnondeterminism-perl (0.038-1) ...
Selecting previously unselected package libtimedate-perl.
Preparing to unpack .../20-libtimedate-perl_2.3000-2_all.deb ...
Unpacking libtimedate-perl (2.3000-2) ...
Selecting previously unselected package dh-strip-nondeterminism.
Preparing to unpack .../21-dh-strip-nondeterminism_0.038-1_all.deb ...
Unpacking dh-strip-nondeterminism (0.038-1) ...
Selecting previously unselected package libglib2.0-0:amd64.
Preparing to unpack .../22-libglib2.0-0_2.53.4-3_amd64.deb ...
Unpacking libglib2.0-0:amd64 (2.53.4-3) ...
Selecting previously unselected package libcroco3:amd64.
Preparing to unpack .../23-libcroco3_0.6.12-1_amd64.deb ...
Unpacking libcroco3:amd64 (0.6.12-1) ...
Selecting previously unselected package gettext.
Preparing to unpack .../24-gettext_0.19.8.1-2+b1_amd64.deb ...
Unpacking gettext (0.19.8.1-2+b1) ...
Selecting previously unselected package intltool-debian.
Preparing to unpack .../25-intltool-debian_0.35.0+20060710.4_all.deb ...
Unpacking intltool-debian (0.35.0+20060710.4) ...
Selecting previously unselected package po-debconf.
Preparing to unpack .../26-po-debconf_1.0.20_all.deb ...
Unpacking po-debconf (1.0.20) ...
Selecting previously unselected package debhelper.
Preparing to unpack .../27-debhelper_10.7.2_all.deb ...
Unpacking debhelper (10.7.2) ...
Selecting previously unselected package xml-core.
Preparing to unpack .../28-xml-core_0.17_all.deb ...
Unpacking xml-core (0.17) ...
Selecting previously unselected package docbook-xsl-ns.
Preparing to unpack .../29-docbook-xsl-ns_1.79.1+dfsg-2_all.deb ...
Unpacking docbook-xsl-ns (1.79.1+dfsg-2) ...
Selecting previously unselected package docbook5-xml.
Preparing to unpack .../30-docbook5-xml_5.0-2_all.deb ...
Unpacking docbook5-xml (5.0-2) ...
Selecting previously unselected package mingw-w64-common.
Preparing to unpack .../31-mingw-w64-common_5.0.2-2_all.deb ...
Unpacking mingw-w64-common (5.0.2-2) ...
Selecting previously unselected package mingw-w64-i686-dev.
Preparing to unpack .../32-mingw-w64-i686-dev_5.0.2-2_all.deb ...
Unpacking mingw-w64-i686-dev (5.0.2-2) ...
Selecting previously unselected package gcc-mingw-w64-base.
Preparing to unpack .../33-gcc-mingw-w64-base_6.3.0-18+19.3+b3_amd64.deb ...
Unpacking gcc-mingw-w64-base (6.3.0-18+19.3+b3) ...
Selecting previously unselected package gcc-mingw-w64-i686.
Preparing to unpack .../34-gcc-mingw-w64-i686_6.3.0-18+19.3+b3_amd64.deb ...
Unpacking gcc-mingw-w64-i686 (6.3.0-18+19.3+b3) ...
Selecting previously unselected package g++-mingw-w64-i686.
Preparing to unpack .../35-g++-mingw-w64-i686_6.3.0-18+19.3+b3_amd64.deb ...
Unpacking g++-mingw-w64-i686 (6.3.0-18+19.3+b3) ...
Selecting previously unselected package mingw-w64-x86-64-dev.
Preparing to unpack .../36-mingw-w64-x86-64-dev_5.0.2-2_all.deb ...
Unpacking mingw-w64-x86-64-dev (5.0.2-2) ...
Selecting previously unselected package gcc-mingw-w64-x86-64.
Preparing to unpack .../37-gcc-mingw-w64-x86-64_6.3.0-18+19.3+b3_amd64.deb ...
Unpacking gcc-mingw-w64-x86-64 (6.3.0-18+19.3+b3) ...
Selecting previously unselected package g++-mingw-w64-x86-64.
Preparing to unpack .../38-g++-mingw-w64-x86-64_6.3.0-18+19.3+b3_amd64.deb ...
Unpacking g++-mingw-w64-x86-64 (6.3.0-18+19.3+b3) ...
Selecting previously unselected package g++-mingw-w64.
Preparing to unpack .../39-g++-mingw-w64_6.3.0-14+19.3_all.deb ...
Unpacking g++-mingw-w64 (6.3.0-14+19.3) ...
Selecting previously unselected package gcc-mingw-w64.
Preparing to unpack .../40-gcc-mingw-w64_6.3.0-14+19.3_all.deb ...
Unpacking gcc-mingw-w64 (6.3.0-14+19.3) ...
Selecting previously unselected package html2text.
Preparing to unpack .../41-html2text_1.3.2a-18+b2_amd64.deb ...
Unpacking html2text (1.3.2a-18+b2) ...
Selecting previously unselected package libcppunit-1.14-0:amd64.
Preparing to unpack .../42-libcppunit-1.14-0_1.14.0-3_amd64.deb ...
Unpacking libcppunit-1.14-0:amd64 (1.14.0-3) ...
Selecting previously unselected package libcppunit-dev.
Preparing to unpack .../43-libcppunit-dev_1.14.0-3_amd64.deb ...
Unpacking libcppunit-dev (1.14.0-3) ...
Selecting previously unselected package libxslt1.1:amd64.
Preparing to unpack .../44-libxslt1.1_1.1.29-2.1_amd64.deb ...
Unpacking libxslt1.1:amd64 (1.1.29-2.1) ...
Selecting previously unselected package mingw-w64.
Preparing to unpack .../45-mingw-w64_5.0.2-2_all.deb ...
Unpacking mingw-w64 (5.0.2-2) ...
Selecting previously unselected package scons.
Preparing to unpack .../46-scons_2.5.1-1_all.deb ...
Unpacking scons (2.5.1-1) ...
Selecting previously unselected package xsltproc.
Preparing to unpack .../47-xsltproc_1.1.29-2.1_amd64.deb ...
Unpacking xsltproc (1.1.29-2.1) ...
Selecting previously unselected package zlib1g-dev:amd64.
Preparing to unpack .../48-zlib1g-dev_1%3a1.2.8.dfsg-5_amd64.deb ...
Unpacking zlib1g-dev:amd64 (1:1.2.8.dfsg-5) ...
Selecting previously unselected package sbuild-build-depends-nsis-dummy.
Preparing to unpack .../49-sbuild-build-depends-nsis-dummy_0.invalid.0_amd64.deb ...
Unpacking sbuild-build-depends-nsis-dummy (0.invalid.0) ...
Setting up binutils-mingw-w64-x86-64 (2.28-5+7.4+b4) ...
Setting up libcppunit-1.14-0:amd64 (1.14.0-3) ...
Setting up readline-common (7.0-3) ...
Setting up libexpat1:amd64 (2.2.3-1) ...
Setting up libarchive-zip-perl (1.59-1) ...
Setting up mime-support (3.60) ...
Setting up libtimedate-perl (2.3000-2) ...
Setting up libsigsegv2:amd64 (2.11-1) ...
Setting up libreadline7:amd64 (7.0-3) ...
Setting up binutils-mingw-w64-i686 (2.28-5+7.4+b4) ...
Setting up groff-base (1.22.3-9) ...
Setting up libglib2.0-0:amd64 (2.53.4-3) ...
No schema files found: doing nothing.
Setting up libcppunit-dev (1.14.0-3) ...
Setting up gettext-base (0.19.8.1-2+b1) ...
Setting up libpipeline1:amd64 (1.4.2-1) ...
Setting up m4 (1.4.18-1) ...
Setting up sgml-base (1.29) ...
Setting up libicu57:amd64 (57.1-6) ...
Setting up libxml2:amd64 (2.9.4+dfsg1-3) ...
Setting up libmagic-mgc (1:5.31-1) ...
Setting up libmagic1:amd64 (1:5.31-1) ...
Setting up gcc-mingw-w64-base (6.3.0-18+19.3+b3) ...
Setting up libcroco3:amd64 (0.6.12-1) ...
Setting up libxslt1.1:amd64 (1.1.29-2.1) ...
Processing triggers for libc-bin (2.24-14) ...
Setting up autotools-dev (20161112.1) ...
Setting up libssl1.1:amd64 (1.1.0f-4) ...
Setting up html2text (1.3.2a-18+b2) ...
Setting up libsqlite3-0:amd64 (3.19.3-3) ...
Setting up xml-core (0.17) ...
Setting up bsdmainutils (9.0.12+nmu1) ...
update-alternatives: using /usr/bin/bsd-write to provide /usr/bin/write (write) in auto mode
update-alternatives: using /usr/bin/bsd-from to provide /usr/bin/from (from) in auto mode
Setting up libpython2.7-stdlib:amd64 (2.7.13-4) ...
Setting up autopoint (0.19.8.1-2) ...
Setting up mingw-w64-common (5.0.2-2) ...
Setting up mingw-w64-i686-dev (5.0.2-2) ...
Setting up zlib1g-dev:amd64 (1:1.2.8.dfsg-5) ...
Setting up libfile-stripnondeterminism-perl (0.038-1) ...
Setting up gettext (0.19.8.1-2+b1) ...
Setting up gcc-mingw-w64-i686 (6.3.0-18+19.3+b3) ...
update-alternatives: using /usr/bin/i686-w64-mingw32-gcc-posix to provide /usr/bin/i686-w64-mingw32-gcc (i686-w64-mingw32-gcc) in auto mode
update-alternatives: warning: skip creation of /usr/bin/i686-w64-mingw32-gcc-6 because associated file /usr/bin/i686-w64-mingw32-gcc-6-posix (of link group i686-w64-mingw32-gcc) doesn't exist
update-alternatives: using /usr/bin/i686-w64-mingw32-gcc-win32 to provide /usr/bin/i686-w64-mingw32-gcc (i686-w64-mingw32-gcc) in auto mode
update-alternatives: warning: skip creation of /usr/bin/i686-w64-mingw32-gcc-6 because associated file /usr/bin/i686-w64-mingw32-gcc-6-win32 (of link group i686-w64-mingw32-gcc) doesn't exist
Setting up python2.7 (2.7.13-4) ...
Setting up xsltproc (1.1.29-2.1) ...
Setting up autoconf (2.69-10) ...
Setting up file (1:5.31-1) ...
Setting up libpython-stdlib:amd64 (2.7.13-2) ...
Setting up intltool-debian (0.35.0+20060710.4) ...
Setting up mingw-w64-x86-64-dev (5.0.2-2) ...
Setting up g++-mingw-w64-i686 (6.3.0-18+19.3+b3) ...
update-alternatives: using /usr/bin/i686-w64-mingw32-g++-posix to provide /usr/bin/i686-w64-mingw32-g++ (i686-w64-mingw32-g++) in auto mode
update-alternatives: using /usr/bin/i686-w64-mingw32-g++-win32 to provide /usr/bin/i686-w64-mingw32-g++ (i686-w64-mingw32-g++) in auto mode
Setting up automake (1:1.15.1-2) ...
update-alternatives: using /usr/bin/automake-1.15 to provide /usr/bin/automake (automake) in auto mode
Setting up man-db (2.7.6.1-2) ...
Not building database; man-db/auto-update is not 'true'.
Setting up python (2.7.13-2) ...
Setting up libtool (2.4.6-2) ...
Setting up gcc-mingw-w64-x86-64 (6.3.0-18+19.3+b3) ...
update-alternatives: using /usr/bin/x86_64-w64-mingw32-gcc-posix to provide /usr/bin/x86_64-w64-mingw32-gcc (x86_64-w64-mingw32-gcc) in auto mode
update-alternatives: warning: skip creation of /usr/bin/x86_64-w64-mingw32-gcc-6 because associated file /usr/bin/x86_64-w64-mingw32-gcc-6-posix (of link group x86_64-w64-mingw32-gcc) doesn't exist
update-alternatives: using /usr/bin/x86_64-w64-mingw32-gcc-win32 to provide /usr/bin/x86_64-w64-mingw32-gcc (x86_64-w64-mingw32-gcc) in auto mode
update-alternatives: warning: skip creation of /usr/bin/x86_64-w64-mingw32-gcc-6 because associated file /usr/bin/x86_64-w64-mingw32-gcc-6-win32 (of link group x86_64-w64-mingw32-gcc) doesn't exist
Setting up po-debconf (1.0.20) ...
Setting up scons (2.5.1-1) ...
Setting up gcc-mingw-w64 (6.3.0-14+19.3) ...
Setting up g++-mingw-w64-x86-64 (6.3.0-18+19.3+b3) ...
update-alternatives: using /usr/bin/x86_64-w64-mingw32-g++-posix to provide /usr/bin/x86_64-w64-mingw32-g++ (x86_64-w64-mingw32-g++) in auto mode
update-alternatives: using /usr/bin/x86_64-w64-mingw32-g++-win32 to provide /usr/bin/x86_64-w64-mingw32-g++ (x86_64-w64-mingw32-g++) in auto mode
Setting up g++-mingw-w64 (6.3.0-14+19.3) ...
Setting up mingw-w64 (5.0.2-2) ...
Processing triggers for sgml-base (1.29) ...
Setting up docbook5-xml (5.0-2) ...
Setting up docbook-xsl-ns (1.79.1+dfsg-2) ...
Setting up dh-autoreconf (14) ...
Setting up debhelper (10.7.2) ...
Setting up sbuild-build-depends-nsis-dummy (0.invalid.0) ...
Setting up dh-strip-nondeterminism (0.038-1) ...
Processing triggers for libc-bin (2.24-14) ...

+------------------------------------------------------------------------------+
| Build environment                                                            |
+------------------------------------------------------------------------------+

Kernel: Linux 4.9.0-2-amd64 amd64 (x86_64)
Toolchain package versions: binutils_2.29-4 dpkg-dev_1.18.24 g++-7_7.2.0-1 gcc-7_7.2.0-1 libc6-dev_2.24-14 libstdc++-6-dev_6.4.0-3 libstdc++-7-dev_7.2.0-1 libstdc++6_7.2.0-1 linux-libc-dev_4.12.6-1
Package versions: adduser_3.116 apt_1.5~beta2 autoconf_2.69-10 automake_1:1.15.1-2 autopoint_0.19.8.1-2 autotools-dev_20161112.1 base-files_10 base-passwd_3.5.43 bash_4.4-5 binutils_2.29-4 binutils-mingw-w64-i686_2.28-5+7.4+b4 binutils-mingw-w64-x86-64_2.28-5+7.4+b4 bsdmainutils_9.0.12+nmu1 bsdutils_1:2.29.2-4 build-essential_12.3 bzip2_1.0.6-8.1 clang-5.0_1:5.0~+rc2-1 coreutils_8.26-3 cpp_4:7.1.0-2 cpp-7_7.2.0-1 dash_0.5.8-2.5 debconf_1.5.63 debfoster_2.7-2.1+b1 debhelper_10.7.2 debian-archive-keyring_2017.5 debianutils_4.8.2 dh-autoreconf_14 dh-strip-nondeterminism_0.038-1 diffutils_1:3.6-1 docbook-xsl-ns_1.79.1+dfsg-2 docbook5-xml_5.0-2 dpkg_1.18.24 dpkg-dev_1.18.24 e2fslibs_1.43.5-1 e2fsprogs_1.43.5-1 eatmydata_105-5 fakeroot_1.22-1 fdisk_2.29.2-4 file_1:5.31-1 findutils_4.6.0+git+20170729-2 g++_4:7.1.0-2 g++-7_7.2.0-1 g++-mingw-w64_6.3.0-14+19.3 g++-mingw-w64-i686_6.3.0-18+19.3+b3 g++-mingw-w64-x86-64_6.3.0-18+19.3+b3 gcc_4:7.1.0-2 gcc-6-base_6.4.0-3 gcc-7_7.2.0-1 gcc-7-base_7.2.0-1 gcc-mingw-w64_6.3.0-14+19.3 gcc-mingw-w64-base_6.3.0-18+19.3+b3 gcc-mingw-w64-i686_6.3.0-18+19.3+b3 gcc-mingw-w64-x86-64_6.3.0-18+19.3+b3 gettext_0.19.8.1-2+b1 gettext-base_0.19.8.1-2+b1 gpgv_2.1.23-2 grep_3.1-2 groff-base_1.22.3-9 gzip_1.6-5+b1 hostname_3.18+b1 html2text_1.3.2a-18+b2 init-system-helpers_1.49 intltool-debian_0.35.0+20060710.4 libacl1_2.2.52-3+b1 libapt-pkg5.0_1.5~beta2 libarchive-zip-perl_1.59-1 libasan3_6.4.0-3 libasan4_7.2.0-1 libatomic1_7.2.0-1 libattr1_1:2.4.47-2+b2 libaudit-common_1:2.7.7-1 libaudit1_1:2.7.7-1+b2 libblkid1_2.29.2-4 libbsd0_0.8.6-1 libbz2-1.0_1.0.6-8.1 libc-bin_2.24-14 libc-dev-bin_2.24-14 libc6_2.24-14 libc6-dev_2.24-14 libcap-ng0_0.7.7-3+b1 libcc1-0_7.2.0-1 libcilkrts5_7.2.0-1 libclang-common-5.0-dev_1:5.0~+rc2-1 libclang1-5.0_1:5.0~+rc2-1 libcomerr2_1.43.5-1 libcppunit-1.14-0_1.14.0-3 libcppunit-dev_1.14.0-3 libcroco3_0.6.12-1 libdb5.3_5.3.28-13 libdebconfclient0_0.229 libdpkg-perl_1.18.24 libeatmydata1_105-5 libedit2_3.1-20170329-1 libexpat1_2.2.3-1 libfakeroot_1.22-1 libfdisk1_2.29.2-4 libffi6_3.2.1-6 libfile-stripnondeterminism-perl_0.038-1 libgc1c2_1:7.4.2-8 libgcc-6-dev_6.4.0-3 libgcc-7-dev_7.2.0-1 libgcc1_1:7.2.0-1 libgcrypt20_1.7.8-2 libgdbm3_1.8.3-14 libglib2.0-0_2.53.4-3 libgmp10_2:6.1.2+dfsg-1 libgnutls30_3.5.14-3 libgomp1_7.2.0-1 libgpg-error0_1.27-3 libhogweed4_3.3-1+b1 libicu57_57.1-6 libidn2-0_2.0.2-3 libisl15_0.18-1 libitm1_7.2.0-1 libjsoncpp1_1.7.4-3 libllvm5.0_1:5.0~+rc2-1 liblsan0_7.2.0-1 liblz4-1_0.0~r131-2+b1 liblzma5_5.2.2-1.3 libmagic-mgc_1:5.31-1 libmagic1_1:5.31-1 libmount1_2.29.2-4 libmpc3_1.0.3-1+b2 libmpfr4_3.1.5-1 libmpx2_7.2.0-1 libncurses5_6.0+20170715-2 libncursesw5_6.0+20170715-2 libnettle6_3.3-1+b1 libobjc-6-dev_6.4.0-3 libobjc4_7.2.0-1 libp11-kit0_0.23.7-3 libpam-modules_1.1.8-3.6 libpam-modules-bin_1.1.8-3.6 libpam-runtime_1.1.8-3.6 libpam0g_1.1.8-3.6 libpcre3_2:8.39-4 libperl5.26_5.26.0-5 libpipeline1_1.4.2-1 libpython-stdlib_2.7.13-2 libpython2.7-minimal_2.7.13-4 libpython2.7-stdlib_2.7.13-4 libquadmath0_7.2.0-1 libreadline7_7.0-3 libselinux1_2.6-3+b2 libsemanage-common_2.6-2 libsemanage1_2.6-2+b1 libsepol1_2.6-2 libsigsegv2_2.11-1 libsmartcols1_2.29.2-4 libsqlite3-0_3.19.3-3 libss2_1.43.5-1 libssl1.1_1.1.0f-4 libstdc++-6-dev_6.4.0-3 libstdc++-7-dev_7.2.0-1 libstdc++6_7.2.0-1 libsystemd0_234-2 libtasn1-6_4.12-2.1 libtimedate-perl_2.3000-2 libtinfo5_6.0+20170715-2 libtool_2.4.6-2 libtsan0_7.2.0-1 libubsan0_7.2.0-1 libudev1_234-2 libunistring2_0.9.7-2 libustr-1.0-1_1.0.4-6 libuuid1_2.29.2-4 libxml2_2.9.4+dfsg1-3 libxslt1.1_1.1.29-2.1 linux-libc-dev_4.12.6-1 login_1:4.4-4.1 m4_1.4.18-1 make_4.1-9.1 man-db_2.7.6.1-2 mawk_1.3.3-17+b3 mime-support_3.60 mingw-w64_5.0.2-2 mingw-w64-common_5.0.2-2 mingw-w64-i686-dev_5.0.2-2 mingw-w64-x86-64-dev_5.0.2-2 mount_2.29.2-4 multiarch-support_2.24-14 ncurses-base_6.0+20170715-2 ncurses-bin_6.0+20170715-2 passwd_1:4.4-4.1 patch_2.7.5-1+b2 perl_5.26.0-5 perl-base_5.26.0-5 perl-modules-5.26_5.26.0-5 po-debconf_1.0.20 python_2.7.13-2 python-minimal_2.7.13-2 python2.7_2.7.13-4 python2.7-minimal_2.7.13-4 readline-common_7.0-3 sbuild-build-depends-core-dummy_0.invalid.0 sbuild-build-depends-nsis-dummy_0.invalid.0 scons_2.5.1-1 sed_4.4-1 sensible-utils_0.0.10 sgml-base_1.29 sysvinit-utils_2.88dsf-59.9 tar_1.29b-2 util-linux_2.29.2-4 xml-core_0.17 xsltproc_1.1.29-2.1 xz-utils_5.2.2-1.3 zlib1g_1:1.2.8.dfsg-5 zlib1g-dev_1:1.2.8.dfsg-5

+------------------------------------------------------------------------------+
| Build                                                                        |
+------------------------------------------------------------------------------+


Unpack source
-------------

gpgv: unknown type of key resource 'trustedkeys.kbx'
gpgv: keyblock resource '/sbuild-nonexistent/.gnupg/trustedkeys.kbx': General error
gpgv: Signature made Fri Apr  8 12:28:28 2016 UTC
gpgv:                using RSA key 8BCFA71ECA163455
gpgv: Can't check signature: No public key
dpkg-source: warning: failed to verify signature on ./nsis_2.51-1.dsc
dpkg-source: info: extracting nsis in /<<PKGBUILDDIR>>
dpkg-source: info: unpacking nsis_2.51.orig.tar.bz2
dpkg-source: info: unpacking nsis_2.51-1.debian.tar.xz
dpkg-source: info: applying nsis_system_zlib.patch
dpkg-source: info: applying makensis_native_64bit.patch
dpkg-source: info: applying sconstruct_variant_dir.patch
dpkg-source: info: applying nsi_scripts.patch
dpkg-source: info: applying mingw_w64.patch
dpkg-source: info: applying parallel_build.patch
dpkg-source: info: applying zmemcpy.patch
dpkg-source: info: applying static-libgcc-libstdc++.patch
dpkg-source: info: applying array_bounds.patch
dpkg-source: info: applying stdcall.patch

Check disk space
----------------

Sufficient free space for build

User Environment
----------------

APT_CONFIG=/var/lib/sbuild/apt.conf
HOME=/sbuild-nonexistent
LANG=en_US.UTF-8
LC_ALL=POSIX
LOGNAME=user42
PATH=/usr/local/sbin:/usr/local/bin:/usr/sbin:/usr/bin:/sbin:/bin:/usr/games
SCHROOT_ALIAS_NAME=unstable-amd64-sbuild
SCHROOT_CHROOT_NAME=unstable-amd64-sbuild
SCHROOT_COMMAND=env
SCHROOT_GID=1001
SCHROOT_GROUP=user42
SCHROOT_SESSION_ID=unstable-amd64-sbuild-d1f0316f-8fd6-4d71-bf4d-dd9941e23e40
SCHROOT_UID=1001
SCHROOT_USER=user42
SHELL=/bin/sh
USER=user42

dpkg-buildpackage
-----------------

dpkg-buildpackage: info: source package nsis
dpkg-buildpackage: info: source version 2.51-1
dpkg-buildpackage: info: source distribution unstable
dpkg-buildpackage: info: source changed by Didier Raboud <odyx@debian.org>
 dpkg-source --before-build nsis-2.51
dpkg-buildpackage: info: host architecture amd64
 fakeroot debian/rules clean
dh "clean"
   debian/rules override_dh_auto_clean
make[1]: Entering directory '/<<PKGBUILDDIR>>'
scons -c -j 16 VERSION=2.51-1 PREFIX=/usr PREFIX_CONF=/etc CHMDOCS=0 STRIP_CP=no  PREFIX_PLUGINAPI_INC=/usr/i686-w64-mingw32/include/ PREFIX_PLUGINAPI_LIB=/usr/i686-w64-mingw32/lib/ XGCC_W32_PREFIX=i686-w64-mingw32- SKIPUTILS='Library/RegTool,MakeLangId,Makensisw,NSIS Menu,UIs,zip2exe' 2>&1
scons: Reading SConscript files ...
Mkdir("build/release/config")
Delete("nsis-2.51-1")
Delete(".instdist")
Delete(".test")
Using GNU tools configuration
Checking for linker flag $MAP_FLAG... yes
Checking for linker flag $MAP_FLAG... yes
Checking for memcpy requirement... no
Checking for memset requirement... no
Checking for linker flag -pthread... yes
Checking for __BIG_ENDIAN__... no
Checking for C library gdi32... no
Checking for C library user32... no
Checking for C library pthread... yes
Checking for C library iconv... no
Checking for C library iconv... no
Checking for C library dl... yes
Checking for C library gdi32... no
Checking for C library iconv... no
Checking for C library pthread... yes
Checking for C library user32... no
Checking for C++ library cppunit... no
scons: done reading SConscript files.
scons: Cleaning targets ...
scons: done cleaning targets.
Removing autogenerated file .sconsign.dblite
Removing autogenerated directory .sconf_temp
rm -rf .sconf_temp .sconsign.dblite SCons/Tools/crossmingw.pyc build config.log .test /<<PKGBUILDDIR>>/build/test
rm -f Source/exehead/sconf.h Source/version.h Source/defines.h config.log
make[1]: Leaving directory '/<<PKGBUILDDIR>>'
   dh_clean
 debian/rules build-arch
dh "build-arch"
   dh_update_autotools_config -a
   dh_auto_configure -a
   debian/rules override_dh_auto_build-arch
make[1]: Entering directory '/<<PKGBUILDDIR>>'
scons APPEND_CCFLAGS="-fgnu89-inline -g -O2 -fdebug-prefix-map=/<<PKGBUILDDIR>>=. -fstack-protector-strong -Wformat -Werror=format-security -Wdate-time -D_FORTIFY_SOURCE=2" APPEND_LINKFLAGS="-Wl,-z,relro" -j 16 VERSION=2.51-1 PREFIX=/usr PREFIX_CONF=/etc CHMDOCS=0 STRIP_CP=no  PREFIX_PLUGINAPI_INC=/usr/i686-w64-mingw32/include/ PREFIX_PLUGINAPI_LIB=/usr/i686-w64-mingw32/lib/ XGCC_W32_PREFIX=i686-w64-mingw32- SKIPUTILS='Library/RegTool,MakeLangId,Makensisw,NSIS Menu,UIs,SubStart,zip2exe' SKIPDOC=COPYING Docs/src; \
html2text -nobs "build/release/Docs/html/AppendixF.html" | \
sed -e '0,/^\*\*\*\*\*/c\NSIS Release Notes (automatically converted from AppendixF.html)' -e 's/F\.[.0-9]* //g' -e 's/^\*\*\*\** *\([^*]*\)  *\**\*\*\*/\n\1\n/g' -e '/Changelog/d' -e '/^NSIS_1.x_version_history/,/^=/c\    http://nsis.sourceforge.net/download/nsis1/' -e 's/^\(Released.*\)/    \1\n/g' | cat -s > "build/NEWS"
scons: Reading SConscript files ...
Mkdir("build/release/config")
Delete("nsis-2.51-1")
Delete(".instdist")
Delete(".test")
Using GNU tools configuration
Checking for linker flag $MAP_FLAG... yes
Checking for linker flag $MAP_FLAG... yes
Checking for memcpy requirement... yes
Checking for memset requirement... no
Checking for linker flag -pthread... yes
Checking for __BIG_ENDIAN__... no
Checking for C library gdi32... no
Checking for C library user32... no
Checking for C library pthread... yes
Checking for C library iconv... no
Checking for C library z... yes
Checking for C library iconv... no
Checking for C library z... yes
Checking for C library dl... yes
Checking for C library gdi32... no
Checking for C library iconv... no
Checking for C library pthread... yes
Checking for C library user32... no
Checking for C library z... yes
Checking for C++ library cppunit... no
scons: done reading SConscript files.
scons: Building targets ...
scons: building associated VariantDir targets: build/release/Docs/html
gcc -o build/release/halibut/biblio.o -c -fgnu89-inline -g -O2 -fdebug-prefix-map=/<<PKGBUILDDIR>>=. -fstack-protector-strong -Wformat -Werror=format-security -Wdate-time -D_FORTIFY_SOURCE=2 -DNSISCALL= Docs/src/bin/halibut/biblio.c
gcc -o build/release/halibut/bk_xhtml.o -c -fgnu89-inline -g -O2 -fdebug-prefix-map=/<<PKGBUILDDIR>>=. -fstack-protector-strong -Wformat -Werror=format-security -Wdate-time -D_FORTIFY_SOURCE=2 -DNSISCALL= Docs/src/bin/halibut/bk_xhtml.c
gcc -o build/release/halibut/contents.o -c -fgnu89-inline -g -O2 -fdebug-prefix-map=/<<PKGBUILDDIR>>=. -fstack-protector-strong -Wformat -Werror=format-security -Wdate-time -D_FORTIFY_SOURCE=2 -DNSISCALL= Docs/src/bin/halibut/contents.c
gcc -o build/release/halibut/error.o -c -fgnu89-inline -g -O2 -fdebug-prefix-map=/<<PKGBUILDDIR>>=. -fstack-protector-strong -Wformat -Werror=format-security -Wdate-time -D_FORTIFY_SOURCE=2 -DNSISCALL= Docs/src/bin/halibut/error.c
gcc -o build/release/halibut/help.o -c -fgnu89-inline -g -O2 -fdebug-prefix-map=/<<PKGBUILDDIR>>=. -fstack-protector-strong -Wformat -Werror=format-security -Wdate-time -D_FORTIFY_SOURCE=2 -DNSISCALL= Docs/src/bin/halibut/help.c
gcc -o build/release/halibut/index.o -c -fgnu89-inline -g -O2 -fdebug-prefix-map=/<<PKGBUILDDIR>>=. -fstack-protector-strong -Wformat -Werror=format-security -Wdate-time -D_FORTIFY_SOURCE=2 -DNSISCALL= Docs/src/bin/halibut/index.c
gcc -o build/release/halibut/input.o -c -fgnu89-inline -g -O2 -fdebug-prefix-map=/<<PKGBUILDDIR>>=. -fstack-protector-strong -Wformat -Werror=format-security -Wdate-time -D_FORTIFY_SOURCE=2 -DNSISCALL= Docs/src/bin/halibut/input.c
gcc -o build/release/halibut/keywords.o -c -fgnu89-inline -g -O2 -fdebug-prefix-map=/<<PKGBUILDDIR>>=. -fstack-protector-strong -Wformat -Werror=format-security -Wdate-time -D_FORTIFY_SOURCE=2 -DNSISCALL= Docs/src/bin/halibut/keywords.c
gcc -o build/release/halibut/licence.o -c -fgnu89-inline -g -O2 -fdebug-prefix-map=/<<PKGBUILDDIR>>=. -fstack-protector-strong -Wformat -Werror=format-security -Wdate-time -D_FORTIFY_SOURCE=2 -DNSISCALL= Docs/src/bin/halibut/licence.c
gcc -o build/release/halibut/main.o -c -fgnu89-inline -g -O2 -fdebug-prefix-map=/<<PKGBUILDDIR>>=. -fstack-protector-strong -Wformat -Werror=format-security -Wdate-time -D_FORTIFY_SOURCE=2 -DNSISCALL= Docs/src/bin/halibut/main.c
gcc -o build/release/halibut/malloc.o -c -fgnu89-inline -g -O2 -fdebug-prefix-map=/<<PKGBUILDDIR>>=. -fstack-protector-strong -Wformat -Werror=format-security -Wdate-time -D_FORTIFY_SOURCE=2 -DNSISCALL= Docs/src/bin/halibut/malloc.c
gcc -o build/release/halibut/misc.o -c -fgnu89-inline -g -O2 -fdebug-prefix-map=/<<PKGBUILDDIR>>=. -fstack-protector-strong -Wformat -Werror=format-security -Wdate-time -D_FORTIFY_SOURCE=2 -DNSISCALL= Docs/src/bin/halibut/misc.c
gcc -o build/release/halibut/style.o -c -fgnu89-inline -g -O2 -fdebug-prefix-map=/<<PKGBUILDDIR>>=. -fstack-protector-strong -Wformat -Werror=format-security -Wdate-time -D_FORTIFY_SOURCE=2 -DNSISCALL= Docs/src/bin/halibut/style.c
gcc -o build/release/halibut/tree234.o -c -fgnu89-inline -g -O2 -fdebug-prefix-map=/<<PKGBUILDDIR>>=. -fstack-protector-strong -Wformat -Werror=format-security -Wdate-time -D_FORTIFY_SOURCE=2 -DNSISCALL= Docs/src/bin/halibut/tree234.c
gcc -o build/release/halibut/ustring.o -c -fgnu89-inline -g -O2 -fdebug-prefix-map=/<<PKGBUILDDIR>>=. -fstack-protector-strong -Wformat -Werror=format-security -Wdate-time -D_FORTIFY_SOURCE=2 -DNSISCALL= Docs/src/bin/halibut/ustring.c
gcc -o build/release/halibut/version.o -c -fgnu89-inline -g -O2 -fdebug-prefix-map=/<<PKGBUILDDIR>>=. -fstack-protector-strong -Wformat -Werror=format-security -Wdate-time -D_FORTIFY_SOURCE=2 -DNSISCALL= Docs/src/bin/halibut/version.c
scons: `Docs/src' is up to date.
gcc -o build/release/halibut/halibut -Wl,-z,relro build/release/halibut/biblio.o build/release/halibut/bk_xhtml.o build/release/halibut/contents.o build/release/halibut/error.o build/release/halibut/help.o build/release/halibut/index.o build/release/halibut/input.o build/release/halibut/keywords.o build/release/halibut/licence.o build/release/halibut/main.o build/release/halibut/malloc.o build/release/halibut/misc.o build/release/halibut/style.o build/release/halibut/tree234.o build/release/halibut/ustring.o build/release/halibut/version.o
Copy("/<<PKGBUILDDIR>>/build/release/Docs/html", "Docs/src/../style.css")
os.chdir('/<<PKGBUILDDIR>>/build/release/Docs/html')
/<<PKGBUILDDIR>>/build/release/halibut/halibut /<<PKGBUILDDIR>>/Docs/src/config.but /<<PKGBUILDDIR>>/Docs/src/intro.but /<<PKGBUILDDIR>>/Docs/src/tutorial.but /<<PKGBUILDDIR>>/Docs/src/usage.but /<<PKGBUILDDIR>>/Docs/src/script.but /<<PKGBUILDDIR>>/Docs/src/var.but /<<PKGBUILDDIR>>/Docs/src/labels.but /<<PKGBUILDDIR>>/Docs/src/jumps.but /<<PKGBUILDDIR>>/Docs/src/pages.but /<<PKGBUILDDIR>>/Docs/src/sections.but /<<PKGBUILDDIR>>/Docs/src/usection.but /<<PKGBUILDDIR>>/Docs/src/functions.but /<<PKGBUILDDIR>>/Docs/src/callback.but /<<PKGBUILDDIR>>/Docs/src/attributes.but /<<PKGBUILDDIR>>/Docs/src/compilerflags.but /<<PKGBUILDDIR>>/Docs/src/basic.but /<<PKGBUILDDIR>>/Docs/src/registry.but /<<PKGBUILDDIR>>/Docs/src/generalpurpose.but /<<PKGBUILDDIR>>/Docs/src/flowcontrol.but /<<PKGBUILDDIR>>/Docs/src/file.but /<<PKGBUILDDIR>>/Docs/src/uninstall.but /<<PKGBUILDDIR>>/Docs/src/misc.but /<<PKGBUILDDIR>>/Docs/src/string.but /<<PKGBUILDDIR>>/Docs/src/stack.but /<<PKGBUILDDIR>>/Docs/src/int.but /<<PKGBUILDDIR>>/Docs/src/reboot.but /<<PKGBUILDDIR>>/Docs/src/log.but /<<PKGBUILDDIR>>/Docs/src/sec.but /<<PKGBUILDDIR>>/Docs/src/ui.but /<<PKGBUILDDIR>>/Docs/src/langs.but /<<PKGBUILDDIR>>/Docs/src/plugin.but /<<PKGBUILDDIR>>/Docs/src/silent.but /<<PKGBUILDDIR>>/Docs/src/compiler.but /<<PKGBUILDDIR>>/Docs/src/defines.but /<<PKGBUILDDIR>>/Docs/src/modernui.but /<<PKGBUILDDIR>>/Docs/src/library.but /<<PKGBUILDDIR>>/Docs/src/usefulfunc.but /<<PKGBUILDDIR>>/Docs/src/usefulinfos.but /<<PKGBUILDDIR>>/Docs/src/headers.but /<<PKGBUILDDIR>>/Docs/src/history.but /<<PKGBUILDDIR>>/Docs/src/build.but /<<PKGBUILDDIR>>/Docs/src/credits.but /<<PKGBUILDDIR>>/Docs/src/license.but
os.chdir('/<<PKGBUILDDIR>>')
fix_html(["build/release/Docs/html/fixed/IndexPage.html", "build/release/Docs/html/fixed/Contents.html", "build/release/Docs/html/fixed/Chapter1.html", "build/release/Docs/html/fixed/Chapter2.html", "build/release/Docs/html/fixed/Chapter3.html", "build/release/Docs/html/fixed/Chapter4.html", "build/release/Docs/html/fixed/Chapter5.html", "build/release/Docs/html/fixed/AppendixA.html", "build/release/Docs/html/fixed/AppendixB.html", "build/release/Docs/html/fixed/AppendixC.html", "build/release/Docs/html/fixed/AppendixD.html", "build/release/Docs/html/fixed/AppendixE.html", "build/release/Docs/html/fixed/AppendixF.html", "build/release/Docs/html/fixed/AppendixG.html", "build/release/Docs/html/fixed/AppendixH.html", "build/release/Docs/html/fixed/AppendixI.html"], ["build/release/Docs/html/IndexPage.html", "build/release/Docs/html/Contents.html", "build/release/Docs/html/Chapter1.html", "build/release/Docs/html/Chapter2.html", "build/release/Docs/html/Chapter3.html", "build/release/Docs/html/Chapter4.html", "build/release/Docs/html/Chapter5.html", "build/release/Docs/html/AppendixA.html", "build/release/Docs/html/AppendixB.html", "build/release/Docs/html/AppendixC.html", "build/release/Docs/html/AppendixD.html", "build/release/Docs/html/AppendixE.html", "build/release/Docs/html/AppendixF.html", "build/release/Docs/html/AppendixG.html", "build/release/Docs/html/AppendixH.html", "build/release/Docs/html/AppendixI.html"])
scons: done building targets.
xsltproc --nonet --output build/GenPat.1 debian/GenPat.xml
Note: Writing GenPat.1
xsltproc --nonet --output build/LibraryLocal.1 debian/LibraryLocal.xml
Note: Writing LibraryLocal.1
xsltproc --nonet --output build/makensis.1 debian/makensis.xml
Note: Writing makensis.1
scons APPEND_CCFLAGS="-fgnu89-inline -g -O2 -fdebug-prefix-map=/<<PKGBUILDDIR>>=. -fstack-protector-strong -Wformat -Werror=format-security -Wdate-time -D_FORTIFY_SOURCE=2" APPEND_LINKFLAGS="-Wl,-z,relro" -j 16 VERSION=2.51-1 PREFIX=/usr PREFIX_CONF=/etc CHMDOCS=0 STRIP_CP=no  PREFIX_PLUGINAPI_INC=/usr/i686-w64-mingw32/include/ PREFIX_PLUGINAPI_LIB=/usr/i686-w64-mingw32/lib/ XGCC_W32_PREFIX=i686-w64-mingw32- SKIPUTILS='Library/RegTool,MakeLangId,Makensisw,NSIS Menu,UIs,SubStart,zip2exe' SKIPDOC=COPYING utils makensis
scons: Reading SConscript files ...
Mkdir("build/release/config")
Delete("nsis-2.51-1")
Delete(".instdist")
Delete(".test")
Using GNU tools configuration
Checking for linker flag $MAP_FLAG... (cached) yes
Checking for linker flag $MAP_FLAG... (cached) yes
Checking for memcpy requirement... (cached) yes
Checking for memset requirement... (cached) no
Checking for linker flag -pthread... (cached) yes
Checking for __BIG_ENDIAN__... (cached) no
Checking for C library gdi32... (cached) no
Checking for C library user32... (cached) no
Checking for C library pthread... (cached) yes
Checking for C library iconv... (cached) no
Checking for C library z... (cached) yes
Checking for C library iconv... (cached) no
Checking for C library z... (cached) yes
Checking for C library dl... (cached) yes
Checking for C library gdi32... (cached) no
Checking for C library iconv... (cached) no
Checking for C library pthread... (cached) yes
Checking for C library user32... (cached) no
Checking for C library z... (cached) yes
Checking for C++ library cppunit... (cached) no
scons: done reading SConscript files.
scons: Building targets ...
g++ -o build/release/Library/LibraryLocal/LibraryLocal.o -c -fgnu89-inline -g -O2 -fdebug-prefix-map=/<<PKGBUILDDIR>>=. -fstack-protector-strong -Wformat -Werror=format-security -Wdate-time -D_FORTIFY_SOURCE=2 -O2 -Wall -fno-strict-aliasing -DNSISCALL= -Ibuild/release/config Contrib/Library/LibraryLocal/LibraryLocal.cpp
g++ -o build/release/Library/LibraryLocal/ResourceEditor.o -c -fgnu89-inline -g -O2 -fdebug-prefix-map=/<<PKGBUILDDIR>>=. -fstack-protector-strong -Wformat -Werror=format-security -Wdate-time -D_FORTIFY_SOURCE=2 -O2 -Wall -fno-strict-aliasing -DNSISCALL= -Ibuild/release/config Source/ResourceEditor.cpp
g++ -o build/release/Library/LibraryLocal/util.o -c -fgnu89-inline -g -O2 -fdebug-prefix-map=/<<PKGBUILDDIR>>=. -fstack-protector-strong -Wformat -Werror=format-security -Wdate-time -D_FORTIFY_SOURCE=2 -O2 -Wall -fno-strict-aliasing -DNSISCALL= -Ibuild/release/config Source/util.cpp
g++ -o build/release/Library/LibraryLocal/winchar.o -c -fgnu89-inline -g -O2 -fdebug-prefix-map=/<<PKGBUILDDIR>>=. -fstack-protector-strong -Wformat -Werror=format-security -Wdate-time -D_FORTIFY_SOURCE=2 -O2 -Wall -fno-strict-aliasing -DNSISCALL= -Ibuild/release/config Source/winchar.cpp
error: invalid argument '-fgnu89-inline' not allowed with 'C++'
error: invalid argument '-fgnu89-inline' not allowed with 'C++'
g++ -o build/release/VPatch/Source/GenPat/adler32.o -c -fgnu89-inline -g -O2 -fdebug-prefix-map=/<<PKGBUILDDIR>>=. -fstack-protector-strong -Wformat -Werror=format-security -Wdate-time -D_FORTIFY_SOURCE=2 -O2 -Wall -fno-strict-aliasing -DNSISCALL= -Ibuild/release/config Contrib/VPatch/Source/GenPat/adler32.cpp
error: invalid argument '-fgnu89-inline' not allowed with 'C++'
g++ -o build/release/VPatch/Source/GenPat/Checksums.o -c -fgnu89-inline -g -O2 -fdebug-prefix-map=/<<PKGBUILDDIR>>=. -fstack-protector-strong -Wformat -Werror=format-security -Wdate-time -D_FORTIFY_SOURCE=2 -O2 -Wall -fno-strict-aliasing -DNSISCALL= -Ibuild/release/config Contrib/VPatch/Source/GenPat/Checksums.cpp
error: invalid argument '-fgnu89-inline' not allowed with 'C++'
g++ -o build/release/VPatch/Source/GenPat/ChunkedFile.o -c -fgnu89-inline -g -O2 -fdebug-prefix-map=/<<PKGBUILDDIR>>=. -fstack-protector-strong -Wformat -Werror=format-security -Wdate-time -D_FORTIFY_SOURCE=2 -O2 -Wall -fno-strict-aliasing -DNSISCALL= -Ibuild/release/config Contrib/VPatch/Source/GenPat/ChunkedFile.cpp
error: invalid argument '-fgnu89-inline' not allowed with 'C++'
g++ -o build/release/VPatch/Source/GenPat/FileFormat1.o -c -fgnu89-inline -g -O2 -fdebug-prefix-map=/<<PKGBUILDDIR>>=. -fstack-protector-strong -Wformat -Werror=format-security -Wdate-time -D_FORTIFY_SOURCE=2 -O2 -Wall -fno-strict-aliasing -DNSISCALL= -Ibuild/release/config Contrib/VPatch/Source/GenPat/FileFormat1.cpp
error: invalid argument '-fgnu89-inline' not allowed with 'C++'
g++ -o build/release/VPatch/Source/GenPat/GlobalTypes.o -c -fgnu89-inline -g -O2 -fdebug-prefix-map=/<<PKGBUILDDIR>>=. -fstack-protector-strong -Wformat -Werror=format-security -Wdate-time -D_FORTIFY_SOURCE=2 -O2 -Wall -fno-strict-aliasing -DNSISCALL= -Ibuild/release/config Contrib/VPatch/Source/GenPat/GlobalTypes.cpp
error: invalid argument '-fgnu89-inline' not allowed with 'C++'
g++ -o build/release/VPatch/Source/GenPat/main.o -c -fgnu89-inline -g -O2 -fdebug-prefix-map=/<<PKGBUILDDIR>>=. -fstack-protector-strong -Wformat -Werror=format-security -Wdate-time -D_FORTIFY_SOURCE=2 -O2 -Wall -fno-strict-aliasing -DNSISCALL= -Ibuild/release/config Contrib/VPatch/Source/GenPat/main.cpp
error: invalid argument '-fgnu89-inline' not allowed with 'C++'
gcc -o build/release/VPatch/Source/GenPat/md5.o -c -fgnu89-inline -g -O2 -fdebug-prefix-map=/<<PKGBUILDDIR>>=. -fstack-protector-strong -Wformat -Werror=format-security -Wdate-time -D_FORTIFY_SOURCE=2 -O2 -Wall -fno-strict-aliasing -DNSISCALL= -Ibuild/release/config Contrib/VPatch/Source/GenPat/md5.c
error: invalid argument '-fgnu89-inline' not allowed with 'C++'
g++ -o build/release/VPatch/Source/GenPat/PatchGenerator.o -c -fgnu89-inline -g -O2 -fdebug-prefix-map=/<<PKGBUILDDIR>>=. -fstack-protector-strong -Wformat -Werror=format-security -Wdate-time -D_FORTIFY_SOURCE=2 -O2 -Wall -fno-strict-aliasing -DNSISCALL= -Ibuild/release/config Contrib/VPatch/Source/GenPat/PatchGenerator.cpp
error: invalid argument '-fgnu89-inline' not allowed with 'C++'
g++ -o build/release/VPatch/Source/GenPat/POSIXUtil.o -c -fgnu89-inline -g -O2 -fdebug-prefix-map=/<<PKGBUILDDIR>>=. -fstack-protector-strong -Wformat -Werror=format-security -Wdate-time -D_FORTIFY_SOURCE=2 -O2 -Wall -fno-strict-aliasing -DNSISCALL= -Ibuild/release/config Contrib/VPatch/Source/GenPat/POSIXUtil.cpp
error: invalid argument '-fgnu89-inline' not allowed with 'C++'
error: invalid argument '-fgnu89-inline' not allowed with 'C++'
g++ -o build/release/makensis/build.o -c -Wno-non-virtual-dtor -Wall -fgnu89-inline -g -O2 -fdebug-prefix-map=/<<PKGBUILDDIR>>=. -fstack-protector-strong -Wformat -Werror=format-security -Wdate-time -D_FORTIFY_SOURCE=2 -O2 -DNSISCALL= -D_WIN32_IE=0x0500 -Ibuild/release/config Source/build.cpp
g++ -o build/release/makensis/clzma.o -c -Wno-non-virtual-dtor -Wall -fgnu89-inline -g -O2 -fdebug-prefix-map=/<<PKGBUILDDIR>>=. -fstack-protector-strong -Wformat -Werror=format-security -Wdate-time -D_FORTIFY_SOURCE=2 -O2 -DNSISCALL= -D_WIN32_IE=0x0500 -Ibuild/release/config Source/clzma.cpp
scons: *** [build/release/Library/LibraryLocal/LibraryLocal.o] Error 1
gcc -o build/release/makensis/crc32.o -c -Wall -fgnu89-inline -g -O2 -fdebug-prefix-map=/<<PKGBUILDDIR>>=. -fstack-protector-strong -Wformat -Werror=format-security -Wdate-time -D_FORTIFY_SOURCE=2 -O2 -DNSISCALL= -D_WIN32_IE=0x0500 -Ibuild/release/config Source/crc32.c
scons: *** [build/release/Library/LibraryLocal/ResourceEditor.o] Error 1
scons: *** [build/release/Library/LibraryLocal/util.o] Error 1
scons: *** [build/release/Library/LibraryLocal/winchar.o] Error 1
scons: *** [build/release/VPatch/Source/GenPat/adler32.o] Error 1
scons: *** [build/release/VPatch/Source/GenPat/Checksums.o] Error 1
scons: *** [build/release/VPatch/Source/GenPat/ChunkedFile.o] Error 1
scons: *** [build/release/VPatch/Source/GenPat/FileFormat1.o] Error 1
scons: *** [build/release/VPatch/Source/GenPat/GlobalTypes.o] Error 1
scons: *** [build/release/VPatch/Source/GenPat/main.o] Error 1
scons: *** [build/release/VPatch/Source/GenPat/PatchGenerator.o] Error 1
scons: *** [build/release/VPatch/Source/GenPat/POSIXUtil.o] Error 1
error: invalid argument '-fgnu89-inline' not allowed with 'C++'
scons: *** [build/release/makensis/build.o] Error 1
error: invalid argument '-fgnu89-inline' not allowed with 'C++'
scons: *** [build/release/makensis/clzma.o] Error 1
scons: building terminated because of errors.
debian/rules:134: recipe for target 'override_dh_auto_build-arch' failed
make[1]: *** [override_dh_auto_build-arch] Error 2
make[1]: Leaving directory '/<<PKGBUILDDIR>>'
debian/rules:117: recipe for target 'build-arch' failed
make: *** [build-arch] Error 2
dpkg-buildpackage: error: debian/rules build-arch gave error exit status 2
--------------------------------------------------------------------------------
Build finished at 2017-08-20T17:15:48Z

Finished
--------


+------------------------------------------------------------------------------+
| Cleanup                                                                      |
+------------------------------------------------------------------------------+

Purging /<<BUILDDIR>>
Not cleaning session: cloned chroot in use
E: Build failure (dpkg-buildpackage died)

+------------------------------------------------------------------------------+
| Summary                                                                      |
+------------------------------------------------------------------------------+

Build Architecture: amd64
Build Type: any
Build-Space: 13284
Build-Time: 13
Distribution: unstable
Fail-Stage: build
Host Architecture: amd64
Install-Time: 26
Job: nsis_2.51-1
Machine Architecture: amd64
Package: nsis
Package-Time: 61
Source-Version: 2.51-1
Space: 13284
Status: attempted
Version: 2.51-1
--------------------------------------------------------------------------------
Finished at 2017-08-20T17:15:48Z
Build needed 00:01:01, 13284k disk space
E: Build failure (dpkg-buildpackage died)
DC-Status: Failed 61.81157821s
DC-Time-Estimation: 61.81157821 versus expected 1 (r/m: 60.81157821 ; m: 1.0)
