DC-Build-Header: openvdb 3.2.0-2.1 / 2017-08-20 17:39:56 +0000
DC-Task: type:rebuild-binarch-only source:openvdb version:3.2.0-2.1 chroot:unstable esttime:1118 logfile:/tmp/openvdb_3.2.0-2.1_unstable_clang5.0.log modes:clang50:binarch-only
DC-Sbuild-call: su user42 -c 'sbuild -n --arch-any --apt-update -d unstable -v  --chroot-setup-commands=/tmp/clang50 openvdb_3.2.0-2.1'
sbuild (Debian sbuild) 0.73.0 (23 Dec 2016) on ip-172-31-36-254.eu-central-1.compute.internal

+==============================================================================+
| openvdb 3.2.0-2.1 (amd64)                    Sun, 20 Aug 2017 17:39:56 +0000 |
+==============================================================================+

Package: openvdb
Version: 3.2.0-2.1
Source Version: 3.2.0-2.1
Distribution: unstable
Machine Architecture: amd64
Host Architecture: amd64
Build Architecture: amd64
Build Type: any

I: NOTICE: Log filtering will replace 'var/run/schroot/mount/unstable-amd64-sbuild-0d379c4c-b45d-4bd9-b710-fad546136e32' with '<<CHROOT>>'

+------------------------------------------------------------------------------+
| Chroot Setup Commands                                                        |
+------------------------------------------------------------------------------+


/tmp/clang50
------------

+ echo 'Entering customization script...'
Entering customization script...
+ CLANG_VERSION=5.0
+ echo 'Install of clang-5.0'
Install of clang-5.0
+ apt-get update
Hit:1 http://127.0.0.1:9999/debian unstable InRelease
Get:2 http://127.0.0.1:9999/debian unstable/main Translation-en [5785 kB]
Fetched 5785 kB in 1s (3941 kB/s)
Reading package lists...
+ apt-get install --yes --no-install-recommends --force-yes clang-5.0
Reading package lists...
Building dependency tree...
Reading state information...
The following additional packages will be installed:
  libasan3 libbsd0 libclang-common-5.0-dev libclang1-5.0 libedit2 libgcc-6-dev
  libjsoncpp1 libllvm5.0 libncurses5 libobjc-6-dev libobjc4 libstdc++-6-dev
Suggested packages:
  gnustep gnustep-devel clang-5.0-doc libomp-dev libstdc++-6-doc
Recommended packages:
  llvm-5.0-dev python libgpm2
The following NEW packages will be installed:
  clang-5.0 libasan3 libbsd0 libclang-common-5.0-dev libclang1-5.0 libedit2
  libgcc-6-dev libjsoncpp1 libllvm5.0 libncurses5 libobjc-6-dev libobjc4
  libstdc++-6-dev
0 upgraded, 13 newly installed, 0 to remove and 0 not upgraded.
Need to get 88.4 MB of archives.
After this operation, 376 MB of additional disk space will be used.
Get:1 http://127.0.0.1:9999/debian unstable/main amd64 libbsd0 amd64 0.8.6-1 [90.3 kB]
Get:2 http://127.0.0.1:9999/debian unstable/main amd64 libncurses5 amd64 6.0+20170715-2 [93.8 kB]
Get:3 http://127.0.0.1:9999/debian unstable/main amd64 libedit2 amd64 3.1-20170329-1 [85.2 kB]
Get:4 http://127.0.0.1:9999/debian unstable/main amd64 libllvm5.0 amd64 1:5.0~+rc2-1 [13.5 MB]
Get:5 http://127.0.0.1:9999/debian unstable/main amd64 libclang1-5.0 amd64 1:5.0~+rc2-1 [6729 kB]
Get:6 http://127.0.0.1:9999/debian unstable/main amd64 libjsoncpp1 amd64 1.7.4-3 [75.6 kB]
Get:7 http://127.0.0.1:9999/debian unstable/main amd64 libasan3 amd64 6.4.0-3 [311 kB]
Get:8 http://127.0.0.1:9999/debian unstable/main amd64 libgcc-6-dev amd64 6.4.0-3 [2296 kB]
Get:9 http://127.0.0.1:9999/debian unstable/main amd64 libstdc++-6-dev amd64 6.4.0-3 [1421 kB]
Get:10 http://127.0.0.1:9999/debian unstable/main amd64 libobjc4 amd64 7.2.0-1 [51.0 kB]
Get:11 http://127.0.0.1:9999/debian unstable/main amd64 libobjc-6-dev amd64 6.4.0-3 [197 kB]
Get:12 http://127.0.0.1:9999/debian unstable/main amd64 libclang-common-5.0-dev amd64 1:5.0~+rc2-1 [1989 kB]
Get:13 http://127.0.0.1:9999/debian unstable/main amd64 clang-5.0 amd64 1:5.0~+rc2-1 [61.6 MB]
debconf: delaying package configuration, since apt-utils is not installed
Fetched 88.4 MB in 0s (98.6 MB/s)
Selecting previously unselected package libbsd0:amd64.
(Reading database ... (Reading database ... 5%(Reading database ... 10%(Reading database ... 15%(Reading database ... 20%(Reading database ... 25%(Reading database ... 30%(Reading database ... 35%(Reading database ... 40%(Reading database ... 45%(Reading database ... 50%(Reading database ... 55%(Reading database ... 60%(Reading database ... 65%(Reading database ... 70%(Reading database ... 75%(Reading database ... 80%(Reading database ... 85%(Reading database ... 90%(Reading database ... 95%(Reading database ... 100%(Reading database ... 9822 files and directories currently installed.)
Preparing to unpack .../00-libbsd0_0.8.6-1_amd64.deb ...
Unpacking libbsd0:amd64 (0.8.6-1) ...
Selecting previously unselected package libncurses5:amd64.
Preparing to unpack .../01-libncurses5_6.0+20170715-2_amd64.deb ...
Unpacking libncurses5:amd64 (6.0+20170715-2) ...
Selecting previously unselected package libedit2:amd64.
Preparing to unpack .../02-libedit2_3.1-20170329-1_amd64.deb ...
Unpacking libedit2:amd64 (3.1-20170329-1) ...
Selecting previously unselected package libllvm5.0:amd64.
Preparing to unpack .../03-libllvm5.0_1%3a5.0~+rc2-1_amd64.deb ...
Unpacking libllvm5.0:amd64 (1:5.0~+rc2-1) ...
Selecting previously unselected package libclang1-5.0:amd64.
Preparing to unpack .../04-libclang1-5.0_1%3a5.0~+rc2-1_amd64.deb ...
Unpacking libclang1-5.0:amd64 (1:5.0~+rc2-1) ...
Selecting previously unselected package libjsoncpp1:amd64.
Preparing to unpack .../05-libjsoncpp1_1.7.4-3_amd64.deb ...
Unpacking libjsoncpp1:amd64 (1.7.4-3) ...
Selecting previously unselected package libasan3:amd64.
Preparing to unpack .../06-libasan3_6.4.0-3_amd64.deb ...
Unpacking libasan3:amd64 (6.4.0-3) ...
Selecting previously unselected package libgcc-6-dev:amd64.
Preparing to unpack .../07-libgcc-6-dev_6.4.0-3_amd64.deb ...
Unpacking libgcc-6-dev:amd64 (6.4.0-3) ...
Selecting previously unselected package libstdc++-6-dev:amd64.
Preparing to unpack .../08-libstdc++-6-dev_6.4.0-3_amd64.deb ...
Unpacking libstdc++-6-dev:amd64 (6.4.0-3) ...
Selecting previously unselected package libobjc4:amd64.
Preparing to unpack .../09-libobjc4_7.2.0-1_amd64.deb ...
Unpacking libobjc4:amd64 (7.2.0-1) ...
Selecting previously unselected package libobjc-6-dev:amd64.
Preparing to unpack .../10-libobjc-6-dev_6.4.0-3_amd64.deb ...
Unpacking libobjc-6-dev:amd64 (6.4.0-3) ...
Selecting previously unselected package libclang-common-5.0-dev.
Preparing to unpack .../11-libclang-common-5.0-dev_1%3a5.0~+rc2-1_amd64.deb ...
Unpacking libclang-common-5.0-dev (1:5.0~+rc2-1) ...
Selecting previously unselected package clang-5.0.
Preparing to unpack .../12-clang-5.0_1%3a5.0~+rc2-1_amd64.deb ...
Unpacking clang-5.0 (1:5.0~+rc2-1) ...
Setting up libncurses5:amd64 (6.0+20170715-2) ...
Setting up libobjc4:amd64 (7.2.0-1) ...
Setting up libasan3:amd64 (6.4.0-3) ...
Setting up libgcc-6-dev:amd64 (6.4.0-3) ...
Setting up libstdc++-6-dev:amd64 (6.4.0-3) ...
Setting up libbsd0:amd64 (0.8.6-1) ...
Processing triggers for libc-bin (2.24-14) ...
Setting up libobjc-6-dev:amd64 (6.4.0-3) ...
Setting up libjsoncpp1:amd64 (1.7.4-3) ...
Setting up libedit2:amd64 (3.1-20170329-1) ...
Setting up libllvm5.0:amd64 (1:5.0~+rc2-1) ...
Setting up libclang1-5.0:amd64 (1:5.0~+rc2-1) ...
Setting up libclang-common-5.0-dev (1:5.0~+rc2-1) ...
Setting up clang-5.0 (1:5.0~+rc2-1) ...
Processing triggers for libc-bin (2.24-14) ...
W: --force-yes is deprecated, use one of the options starting with --allow instead.
+ echo 'Replace gcc, g++ & cpp by clang'
Replace gcc, g++ & cpp by clang
+ VERSIONS='4.6 4.7 4.8 4.9 5 6 7'
+ cd /usr/bin
+ for VERSION in $VERSIONS
+ rm -f g++-4.6 gcc-4.6 cpp-4.6 gcc
+ ln -s clang++-5.0 g++-4.6
+ ln -s clang-5.0 gcc-4.6
+ ln -s clang-5.0 cpp-4.6
+ ln -s clang-5.0 gcc
+ echo 'gcc-4.6 hold'
+ dpkg --set-selections
dpkg: warning: package not in status nor available database at line 1: gcc-4.6
dpkg: warning: found unknown packages; this might mean the available database
is outdated, and needs to be updated through a frontend method;
please see the FAQ <https://wiki.debian.org/Teams/Dpkg/FAQ>
+ echo 'g++-4.6 hold'
+ dpkg --set-selections
dpkg: warning: package not in status nor available database at line 1: g++-4.6
dpkg: warning: found unknown packages; this might mean the available database
is outdated, and needs to be updated through a frontend method;
please see the FAQ <https://wiki.debian.org/Teams/Dpkg/FAQ>
+ for VERSION in $VERSIONS
+ rm -f g++-4.7 gcc-4.7 cpp-4.7 gcc
+ ln -s clang++-5.0 g++-4.7
+ ln -s clang-5.0 gcc-4.7
+ ln -s clang-5.0 cpp-4.7
+ ln -s clang-5.0 gcc
+ echo 'gcc-4.7 hold'
+ dpkg --set-selections
dpkg: warning: package not in status nor available database at line 1: gcc-4.7
dpkg: warning: found unknown packages; this might mean the available database
is outdated, and needs to be updated through a frontend method;
please see the FAQ <https://wiki.debian.org/Teams/Dpkg/FAQ>
+ echo 'g++-4.7 hold'
+ dpkg --set-selections
dpkg: warning: package not in status nor available database at line 1: g++-4.7
dpkg: warning: found unknown packages; this might mean the available database
is outdated, and needs to be updated through a frontend method;
please see the FAQ <https://wiki.debian.org/Teams/Dpkg/FAQ>
+ for VERSION in $VERSIONS
+ rm -f g++-4.8 gcc-4.8 cpp-4.8 gcc
+ ln -s clang++-5.0 g++-4.8
+ ln -s clang-5.0 gcc-4.8
+ ln -s clang-5.0 cpp-4.8
+ ln -s clang-5.0 gcc
+ echo 'gcc-4.8 hold'
+ dpkg --set-selections
dpkg: warning: package not in status nor available database at line 1: gcc-4.8
dpkg: warning: found unknown packages; this might mean the available database
is outdated, and needs to be updated through a frontend method;
please see the FAQ <https://wiki.debian.org/Teams/Dpkg/FAQ>
+ echo 'g++-4.8 hold'
+ dpkg --set-selections
dpkg: warning: package not in status nor available database at line 1: g++-4.8
dpkg: warning: found unknown packages; this might mean the available database
is outdated, and needs to be updated through a frontend method;
please see the FAQ <https://wiki.debian.org/Teams/Dpkg/FAQ>
+ for VERSION in $VERSIONS
+ rm -f g++-4.9 gcc-4.9 cpp-4.9 gcc
+ ln -s clang++-5.0 g++-4.9
+ ln -s clang-5.0 gcc-4.9
+ ln -s clang-5.0 cpp-4.9
+ ln -s clang-5.0 gcc
+ echo 'gcc-4.9 hold'
+ dpkg --set-selections
dpkg: warning: package not in status nor available database at line 1: gcc-4.9
dpkg: warning: found unknown packages; this might mean the available database
is outdated, and needs to be updated through a frontend method;
please see the FAQ <https://wiki.debian.org/Teams/Dpkg/FAQ>
+ echo 'g++-4.9 hold'
+ dpkg --set-selections
dpkg: warning: package not in status nor available database at line 1: g++-4.9
dpkg: warning: found unknown packages; this might mean the available database
is outdated, and needs to be updated through a frontend method;
please see the FAQ <https://wiki.debian.org/Teams/Dpkg/FAQ>
+ for VERSION in $VERSIONS
+ rm -f g++-5 gcc-5 cpp-5 gcc
+ ln -s clang++-5.0 g++-5
+ ln -s clang-5.0 gcc-5
+ ln -s clang-5.0 cpp-5
+ ln -s clang-5.0 gcc
+ echo 'gcc-5 hold'
+ dpkg --set-selections
+ echo 'g++-5 hold'
+ dpkg --set-selections
+ for VERSION in $VERSIONS
+ rm -f g++-6 gcc-6 cpp-6 gcc
+ ln -s clang++-5.0 g++-6
+ ln -s clang-5.0 gcc-6
+ ln -s clang-5.0 cpp-6
+ ln -s clang-5.0 gcc
+ echo 'gcc-6 hold'
+ dpkg --set-selections
dpkg: warning: package not in status nor available database at line 1: gcc-6
dpkg: warning: found unknown packages; this might mean the available database
is outdated, and needs to be updated through a frontend method;
please see the FAQ <https://wiki.debian.org/Teams/Dpkg/FAQ>
+ echo 'g++-6 hold'
+ dpkg --set-selections
dpkg: warning: package not in status nor available database at line 1: g++-6
dpkg: warning: found unknown packages; this might mean the available database
is outdated, and needs to be updated through a frontend method;
please see the FAQ <https://wiki.debian.org/Teams/Dpkg/FAQ>
+ for VERSION in $VERSIONS
+ rm -f g++-7 gcc-7 cpp-7 gcc
+ ln -s clang++-5.0 g++-7
+ ln -s clang-5.0 gcc-7
+ ln -s clang-5.0 cpp-7
+ ln -s clang-5.0 gcc
+ echo 'gcc-7 hold'
+ dpkg --set-selections
+ echo 'g++-7 hold'
+ dpkg --set-selections
+ cd -
/build/openvdb-4XbMQ8
+ echo 'Check if gcc, g++ & cpp are actually clang'
Check if gcc, g++ & cpp are actually clang
+ gcc --version
+ grep clang
+ cpp --version
+ grep clang
+ g++ --version
+ grep clang

I: Finished running '/tmp/clang50'.

Finished processing commands.
--------------------------------------------------------------------------------

+------------------------------------------------------------------------------+
| Update chroot                                                                |
+------------------------------------------------------------------------------+

Hit:1 http://127.0.0.1:9999/debian unstable InRelease
Reading package lists...
Reading package lists...
Building dependency tree...
Reading state information...
Calculating upgrade...
0 upgraded, 0 newly installed, 0 to remove and 0 not upgraded.

+------------------------------------------------------------------------------+
| Fetch source files                                                           |
+------------------------------------------------------------------------------+


Check APT
---------

Checking available source versions...

Download source files with APT
------------------------------

Reading package lists...
NOTICE: 'openvdb' packaging is maintained in the 'Svn' version control system at:
svn://anonscm.debian.org/collab-maint/deb-maint/openvdb/trunk
Need to get 1036 kB of source archives.
Get:1 http://127.0.0.1:9999/debian unstable/main openvdb 3.2.0-2.1 (dsc) [2574 B]
Get:2 http://127.0.0.1:9999/debian unstable/main openvdb 3.2.0-2.1 (tar) [1017 kB]
Get:3 http://127.0.0.1:9999/debian unstable/main openvdb 3.2.0-2.1 (diff) [15.8 kB]
Fetched 1036 kB in 0s (4352 kB/s)
Download complete and in download only mode
I: NOTICE: Log filtering will replace 'build/openvdb-4XbMQ8/openvdb-3.2.0' with '<<PKGBUILDDIR>>'
I: NOTICE: Log filtering will replace 'build/openvdb-4XbMQ8' with '<<BUILDDIR>>'

+------------------------------------------------------------------------------+
| Install build-essential                                                      |
+------------------------------------------------------------------------------+


Setup apt archive
-----------------

Merged Build-Depends: build-essential, fakeroot
Filtered Build-Depends: build-essential, fakeroot
dpkg-deb: building package 'sbuild-build-depends-core-dummy' in '/<<BUILDDIR>>/resolver-CLco7O/apt_archive/sbuild-build-depends-core-dummy.deb'.
dpkg-scanpackages: warning: Packages in archive but missing from override file:
dpkg-scanpackages: warning:   sbuild-build-depends-core-dummy
dpkg-scanpackages: info: Wrote 1 entries to output Packages file.
Ign:1 copy:/<<BUILDDIR>>/resolver-CLco7O/apt_archive ./ InRelease
Get:2 copy:/<<BUILDDIR>>/resolver-CLco7O/apt_archive ./ Release [957 B]
Ign:3 copy:/<<BUILDDIR>>/resolver-CLco7O/apt_archive ./ Release.gpg
Get:4 copy:/<<BUILDDIR>>/resolver-CLco7O/apt_archive ./ Sources [349 B]
Get:5 copy:/<<BUILDDIR>>/resolver-CLco7O/apt_archive ./ Packages [430 B]
Fetched 1736 B in 0s (0 B/s)
Reading package lists...
Reading package lists...

Install core build dependencies (apt-based resolver)
----------------------------------------------------

Installing build dependencies
Reading package lists...
Building dependency tree...
Reading state information...
The following NEW packages will be installed:
  sbuild-build-depends-core-dummy
0 upgraded, 1 newly installed, 0 to remove and 0 not upgraded.
Need to get 784 B of archives.
After this operation, 0 B of additional disk space will be used.
Get:1 copy:/<<BUILDDIR>>/resolver-CLco7O/apt_archive ./ sbuild-build-depends-core-dummy 0.invalid.0 [784 B]
debconf: delaying package configuration, since apt-utils is not installed
Fetched 784 B in 0s (0 B/s)
Selecting previously unselected package sbuild-build-depends-core-dummy.
(Reading database ... 11331 files and directories currently installed.)
Preparing to unpack .../sbuild-build-depends-core-dummy_0.invalid.0_amd64.deb ...
Unpacking sbuild-build-depends-core-dummy (0.invalid.0) ...
Setting up sbuild-build-depends-core-dummy (0.invalid.0) ...

+------------------------------------------------------------------------------+
| Check architectures                                                          |
+------------------------------------------------------------------------------+

Arch check ok (amd64 included in any all)

+------------------------------------------------------------------------------+
| Install package build dependencies                                           |
+------------------------------------------------------------------------------+


Setup apt archive
-----------------

Merged Build-Depends: debhelper (>= 9), dh-python, dpkg-dev (>= 1.18.0), libblosc-dev, libboost-dev (>= 1.46), libboost-filesystem-dev, libboost-iostreams-dev, libboost-python-dev, libboost-system-dev, libboost-thread-dev, libcppunit-dev, libglfw3-dev, libglu1-mesa-dev | libglu1-dev, libjemalloc-dev, liblog4cplus-dev, libopenexr-dev, libtbb-dev (>= 4.3~20150611-0.1), libz-dev, python-all-dev, python-numpy
Filtered Build-Depends: debhelper (>= 9), dh-python, dpkg-dev (>= 1.18.0), libblosc-dev, libboost-dev (>= 1.46), libboost-filesystem-dev, libboost-iostreams-dev, libboost-python-dev, libboost-system-dev, libboost-thread-dev, libcppunit-dev, libglfw3-dev, libglu1-mesa-dev, libjemalloc-dev, liblog4cplus-dev, libopenexr-dev, libtbb-dev (>= 4.3~20150611-0.1), libz-dev, python-all-dev, python-numpy
dpkg-deb: building package 'sbuild-build-depends-openvdb-dummy' in '/<<BUILDDIR>>/resolver-CLco7O/apt_archive/sbuild-build-depends-openvdb-dummy.deb'.
dpkg-scanpackages: warning: Packages in archive but missing from override file:
dpkg-scanpackages: warning:   sbuild-build-depends-core-dummy sbuild-build-depends-openvdb-dummy
dpkg-scanpackages: info: Wrote 2 entries to output Packages file.
Ign:1 copy:/<<BUILDDIR>>/resolver-CLco7O/apt_archive ./ InRelease
Get:2 copy:/<<BUILDDIR>>/resolver-CLco7O/apt_archive ./ Release [963 B]
Ign:3 copy:/<<BUILDDIR>>/resolver-CLco7O/apt_archive ./ Release.gpg
Get:4 copy:/<<BUILDDIR>>/resolver-CLco7O/apt_archive ./ Sources [638 B]
Get:5 copy:/<<BUILDDIR>>/resolver-CLco7O/apt_archive ./ Packages [707 B]
Fetched 2308 B in 0s (0 B/s)
Reading package lists...
Reading package lists...

Install openvdb build dependencies (apt-based resolver)
-------------------------------------------------------

Installing build dependencies
Reading package lists...
Building dependency tree...
Reading state information...
The following additional packages will be installed:
  autoconf automake autopoint autotools-dev bsdmainutils debhelper
  dh-autoreconf dh-python dh-strip-nondeterminism file gettext gettext-base
  groff-base icu-devtools intltool-debian libarchive-zip-perl libblas-common
  libblas3 libblosc-dev libblosc1 libboost-atomic1.62-dev
  libboost-atomic1.62.0 libboost-chrono1.62-dev libboost-chrono1.62.0
  libboost-date-time1.62-dev libboost-date-time1.62.0 libboost-dev
  libboost-filesystem-dev libboost-filesystem1.62-dev
  libboost-filesystem1.62.0 libboost-iostreams-dev libboost-iostreams1.62-dev
  libboost-iostreams1.62.0 libboost-python-dev libboost-python1.62-dev
  libboost-python1.62.0 libboost-regex1.62-dev libboost-regex1.62.0
  libboost-serialization1.62-dev libboost-serialization1.62.0
  libboost-system-dev libboost-system1.62-dev libboost-system1.62.0
  libboost-thread-dev libboost-thread1.62-dev libboost-thread1.62.0
  libboost1.62-dev libcppunit-1.14-0 libcppunit-dev libcroco3 libdrm-amdgpu1
  libdrm-common libdrm-dev libdrm-intel1 libdrm-nouveau2 libdrm-radeon1
  libdrm2 libexpat1 libexpat1-dev libfile-stripnondeterminism-perl
  libgfortran3 libgl1-mesa-dev libgl1-mesa-glx libglapi-mesa libglfw3
  libglfw3-dev libglib2.0-0 libglu1-mesa libglu1-mesa-dev libicu-dev libicu57
  libilmbase-dev libilmbase12 libjemalloc-dev libjemalloc1 liblapack3
  liblog4cplus-1.1-9 liblog4cplus-dev libmagic-mgc libmagic1 libmpdec2
  libopenexr-dev libopenexr22 libpciaccess0 libpipeline1 libpthread-stubs0-dev
  libpython-all-dev libpython-dev libpython-stdlib libpython2.7
  libpython2.7-dev libpython2.7-minimal libpython2.7-stdlib libpython3-dev
  libpython3-stdlib libpython3.5 libpython3.5-dev libpython3.5-minimal
  libpython3.5-stdlib libreadline7 libsigsegv2 libsnappy1v5 libsqlite3-0
  libssl1.1 libtbb-dev libtbb2 libtimedate-perl libtool libx11-6 libx11-data
  libx11-dev libx11-xcb-dev libx11-xcb1 libxau-dev libxau6 libxcb-dri2-0
  libxcb-dri2-0-dev libxcb-dri3-0 libxcb-dri3-dev libxcb-glx0 libxcb-glx0-dev
  libxcb-present-dev libxcb-present0 libxcb-randr0 libxcb-randr0-dev
  libxcb-render0 libxcb-render0-dev libxcb-shape0 libxcb-shape0-dev
  libxcb-sync-dev libxcb-sync1 libxcb-xfixes0 libxcb-xfixes0-dev libxcb1
  libxcb1-dev libxcursor1 libxdamage-dev libxdamage1 libxdmcp-dev libxdmcp6
  libxext-dev libxext6 libxfixes-dev libxfixes3 libxinerama1 libxml2
  libxrandr2 libxrender1 libxshmfence-dev libxshmfence1 libxxf86vm-dev
  libxxf86vm1 libzstd1 m4 man-db mesa-common-dev mime-support po-debconf
  python python-all python-all-dev python-dev python-minimal python-numpy
  python2.7 python2.7-dev python2.7-minimal python3 python3-dev
  python3-minimal python3.5 python3.5-dev python3.5-minimal readline-common
  x11proto-core-dev x11proto-damage-dev x11proto-dri2-dev x11proto-fixes-dev
  x11proto-gl-dev x11proto-input-dev x11proto-kb-dev x11proto-xext-dev
  x11proto-xf86vidmode-dev xorg-sgml-doctools xtrans-dev zlib1g-dev
Suggested packages:
  autoconf-archive gnu-standards autoconf-doc wamerican | wordlist whois
  vacation dh-make gettext-doc libasprintf-dev libgettextpo-dev groff
  libboost-doc libboost1.62-doc gccxml libboost-context1.62-dev
  libboost-coroutine1.62-dev libboost-exception1.62-dev libboost-fiber1.62-dev
  libboost-graph1.62-dev libboost-graph-parallel1.62-dev
  libboost-locale1.62-dev libboost-log1.62-dev libboost-math1.62-dev
  libboost-mpi1.62-dev libboost-mpi-python1.62-dev
  libboost-program-options1.62-dev libboost-random1.62-dev
  libboost-signals1.62-dev libboost-test1.62-dev libboost-timer1.62-dev
  libboost-type-erasure1.62-dev libboost-wave1.62-dev libboost1.62-tools-dev
  libmpfrc++-dev libntl-dev libcppunit-doc libegl1-mesa | libegl1-x11
  libvulkan1 icu-doc pciutils tbb-examples libtbb-doc libtool-doc gfortran
  | fortran95-compiler gcj-jdk libxcb-doc libxext-doc m4-doc less www-browser
  libmail-box-perl python-doc python-tk gfortran python-nose python-numpy-dbg
  python-numpy-doc python2.7-doc binfmt-support python3-doc python3-tk
  python3-venv python3.5-venv python3.5-doc readline-doc
Recommended packages:
  curl | wget | lynx-cur libarchive-cpio-perl libgl1-mesa-dri libegl1-mesa-dev
  libvulkan-dev libwayland-dev libxrandr-dev libglib2.0-data shared-mime-info
  xdg-user-dirs libltdl-dev libx11-doc xml-core libmail-sendmail-perl
The following NEW packages will be installed:
  autoconf automake autopoint autotools-dev bsdmainutils debhelper
  dh-autoreconf dh-python dh-strip-nondeterminism file gettext gettext-base
  groff-base icu-devtools intltool-debian libarchive-zip-perl libblas-common
  libblas3 libblosc-dev libblosc1 libboost-atomic1.62-dev
  libboost-atomic1.62.0 libboost-chrono1.62-dev libboost-chrono1.62.0
  libboost-date-time1.62-dev libboost-date-time1.62.0 libboost-dev
  libboost-filesystem-dev libboost-filesystem1.62-dev
  libboost-filesystem1.62.0 libboost-iostreams-dev libboost-iostreams1.62-dev
  libboost-iostreams1.62.0 libboost-python-dev libboost-python1.62-dev
  libboost-python1.62.0 libboost-regex1.62-dev libboost-regex1.62.0
  libboost-serialization1.62-dev libboost-serialization1.62.0
  libboost-system-dev libboost-system1.62-dev libboost-system1.62.0
  libboost-thread-dev libboost-thread1.62-dev libboost-thread1.62.0
  libboost1.62-dev libcppunit-1.14-0 libcppunit-dev libcroco3 libdrm-amdgpu1
  libdrm-common libdrm-dev libdrm-intel1 libdrm-nouveau2 libdrm-radeon1
  libdrm2 libexpat1 libexpat1-dev libfile-stripnondeterminism-perl
  libgfortran3 libgl1-mesa-dev libgl1-mesa-glx libglapi-mesa libglfw3
  libglfw3-dev libglib2.0-0 libglu1-mesa libglu1-mesa-dev libicu-dev libicu57
  libilmbase-dev libilmbase12 libjemalloc-dev libjemalloc1 liblapack3
  liblog4cplus-1.1-9 liblog4cplus-dev libmagic-mgc libmagic1 libmpdec2
  libopenexr-dev libopenexr22 libpciaccess0 libpipeline1 libpthread-stubs0-dev
  libpython-all-dev libpython-dev libpython-stdlib libpython2.7
  libpython2.7-dev libpython2.7-minimal libpython2.7-stdlib libpython3-dev
  libpython3-stdlib libpython3.5 libpython3.5-dev libpython3.5-minimal
  libpython3.5-stdlib libreadline7 libsigsegv2 libsnappy1v5 libsqlite3-0
  libssl1.1 libtbb-dev libtbb2 libtimedate-perl libtool libx11-6 libx11-data
  libx11-dev libx11-xcb-dev libx11-xcb1 libxau-dev libxau6 libxcb-dri2-0
  libxcb-dri2-0-dev libxcb-dri3-0 libxcb-dri3-dev libxcb-glx0 libxcb-glx0-dev
  libxcb-present-dev libxcb-present0 libxcb-randr0 libxcb-randr0-dev
  libxcb-render0 libxcb-render0-dev libxcb-shape0 libxcb-shape0-dev
  libxcb-sync-dev libxcb-sync1 libxcb-xfixes0 libxcb-xfixes0-dev libxcb1
  libxcb1-dev libxcursor1 libxdamage-dev libxdamage1 libxdmcp-dev libxdmcp6
  libxext-dev libxext6 libxfixes-dev libxfixes3 libxinerama1 libxml2
  libxrandr2 libxrender1 libxshmfence-dev libxshmfence1 libxxf86vm-dev
  libxxf86vm1 libzstd1 m4 man-db mesa-common-dev mime-support po-debconf
  python python-all python-all-dev python-dev python-minimal python-numpy
  python2.7 python2.7-dev python2.7-minimal python3 python3-dev
  python3-minimal python3.5 python3.5-dev python3.5-minimal readline-common
  sbuild-build-depends-openvdb-dummy x11proto-core-dev x11proto-damage-dev
  x11proto-dri2-dev x11proto-fixes-dev x11proto-gl-dev x11proto-input-dev
  x11proto-kb-dev x11proto-xext-dev x11proto-xf86vidmode-dev
  xorg-sgml-doctools xtrans-dev zlib1g-dev
0 upgraded, 187 newly installed, 0 to remove and 0 not upgraded.
Need to get 142 MB of archives.
After this operation, 505 MB of additional disk space will be used.
Get:1 copy:/<<BUILDDIR>>/resolver-CLco7O/apt_archive ./ sbuild-build-depends-openvdb-dummy 0.invalid.0 [928 B]
Get:2 http://127.0.0.1:9999/debian unstable/main amd64 groff-base amd64 1.22.3-9 [1160 kB]
Get:3 http://127.0.0.1:9999/debian unstable/main amd64 bsdmainutils amd64 9.0.12+nmu1 [186 kB]
Get:4 http://127.0.0.1:9999/debian unstable/main amd64 libpipeline1 amd64 1.4.2-1 [28.3 kB]
Get:5 http://127.0.0.1:9999/debian unstable/main amd64 man-db amd64 2.7.6.1-2 [1044 kB]
Get:6 http://127.0.0.1:9999/debian unstable/main amd64 libpython2.7-minimal amd64 2.7.13-4 [392 kB]
Get:7 http://127.0.0.1:9999/debian unstable/main amd64 python2.7-minimal amd64 2.7.13-4 [1370 kB]
Get:8 http://127.0.0.1:9999/debian unstable/main amd64 python-minimal amd64 2.7.13-2 [40.5 kB]
Get:9 http://127.0.0.1:9999/debian unstable/main amd64 mime-support all 3.60 [36.7 kB]
Get:10 http://127.0.0.1:9999/debian unstable/main amd64 libexpat1 amd64 2.2.3-1 [87.5 kB]
Get:11 http://127.0.0.1:9999/debian unstable/main amd64 readline-common all 7.0-3 [70.4 kB]
Get:12 http://127.0.0.1:9999/debian unstable/main amd64 libreadline7 amd64 7.0-3 [151 kB]
Get:13 http://127.0.0.1:9999/debian unstable/main amd64 libsqlite3-0 amd64 3.19.3-3 [582 kB]
Get:14 http://127.0.0.1:9999/debian unstable/main amd64 libssl1.1 amd64 1.1.0f-4 [1349 kB]
Get:15 http://127.0.0.1:9999/debian unstable/main amd64 libpython2.7-stdlib amd64 2.7.13-4 [1898 kB]
Get:16 http://127.0.0.1:9999/debian unstable/main amd64 python2.7 amd64 2.7.13-4 [292 kB]
Get:17 http://127.0.0.1:9999/debian unstable/main amd64 libpython-stdlib amd64 2.7.13-2 [20.0 kB]
Get:18 http://127.0.0.1:9999/debian unstable/main amd64 python amd64 2.7.13-2 [154 kB]
Get:19 http://127.0.0.1:9999/debian unstable/main amd64 libilmbase12 amd64 2.2.0-12 [85.3 kB]
Get:20 http://127.0.0.1:9999/debian unstable/main amd64 libilmbase-dev amd64 2.2.0-12 [76.7 kB]
Get:21 http://127.0.0.1:9999/debian unstable/main amd64 libopenexr22 amd64 2.2.0-11+b1 [577 kB]
Get:22 http://127.0.0.1:9999/debian unstable/main amd64 libopenexr-dev amd64 2.2.0-11+b1 [701 kB]
Get:23 http://127.0.0.1:9999/debian unstable/main amd64 libpython3.5-minimal amd64 3.5.4-2 [579 kB]
Get:24 http://127.0.0.1:9999/debian unstable/main amd64 python3.5-minimal amd64 3.5.4-2 [1683 kB]
Get:25 http://127.0.0.1:9999/debian unstable/main amd64 python3-minimal amd64 3.5.3-3 [35.4 kB]
Get:26 http://127.0.0.1:9999/debian unstable/main amd64 libmpdec2 amd64 2.4.2-1 [85.2 kB]
Get:27 http://127.0.0.1:9999/debian unstable/main amd64 libpython3.5-stdlib amd64 3.5.4-2 [2174 kB]
Get:28 http://127.0.0.1:9999/debian unstable/main amd64 python3.5 amd64 3.5.4-2 [241 kB]
Get:29 http://127.0.0.1:9999/debian unstable/main amd64 libpython3-stdlib amd64 3.5.3-3 [18.8 kB]
Get:30 http://127.0.0.1:9999/debian unstable/main amd64 dh-python all 2.20170125 [86.8 kB]
Get:31 http://127.0.0.1:9999/debian unstable/main amd64 python3 amd64 3.5.3-3 [21.8 kB]
Get:32 http://127.0.0.1:9999/debian unstable/main amd64 libmagic-mgc amd64 1:5.31-1 [223 kB]
Get:33 http://127.0.0.1:9999/debian unstable/main amd64 libmagic1 amd64 1:5.31-1 [112 kB]
Get:34 http://127.0.0.1:9999/debian unstable/main amd64 file amd64 1:5.31-1 [64.2 kB]
Get:35 http://127.0.0.1:9999/debian unstable/main amd64 gettext-base amd64 0.19.8.1-2+b1 [122 kB]
Get:36 http://127.0.0.1:9999/debian unstable/main amd64 libicu57 amd64 57.1-6 [7701 kB]
Get:37 http://127.0.0.1:9999/debian unstable/main amd64 libxml2 amd64 2.9.4+dfsg1-3 [715 kB]
Get:38 http://127.0.0.1:9999/debian unstable/main amd64 libsigsegv2 amd64 2.11-1 [29.9 kB]
Get:39 http://127.0.0.1:9999/debian unstable/main amd64 m4 amd64 1.4.18-1 [202 kB]
Get:40 http://127.0.0.1:9999/debian unstable/main amd64 autoconf all 2.69-10 [338 kB]
Get:41 http://127.0.0.1:9999/debian unstable/main amd64 autotools-dev all 20161112.1 [73.4 kB]
Get:42 http://127.0.0.1:9999/debian unstable/main amd64 automake all 1:1.15.1-2 [736 kB]
Get:43 http://127.0.0.1:9999/debian unstable/main amd64 autopoint all 0.19.8.1-2 [433 kB]
Get:44 http://127.0.0.1:9999/debian unstable/main amd64 libtool all 2.4.6-2 [545 kB]
Get:45 http://127.0.0.1:9999/debian unstable/main amd64 dh-autoreconf all 14 [15.9 kB]
Get:46 http://127.0.0.1:9999/debian unstable/main amd64 libarchive-zip-perl all 1.59-1 [95.5 kB]
Get:47 http://127.0.0.1:9999/debian unstable/main amd64 libfile-stripnondeterminism-perl all 0.038-1 [17.6 kB]
Get:48 http://127.0.0.1:9999/debian unstable/main amd64 libtimedate-perl all 2.3000-2 [42.2 kB]
Get:49 http://127.0.0.1:9999/debian unstable/main amd64 dh-strip-nondeterminism all 0.038-1 [11.1 kB]
Get:50 http://127.0.0.1:9999/debian unstable/main amd64 libglib2.0-0 amd64 2.53.4-3 [2796 kB]
Get:51 http://127.0.0.1:9999/debian unstable/main amd64 libcroco3 amd64 0.6.12-1 [144 kB]
Get:52 http://127.0.0.1:9999/debian unstable/main amd64 gettext amd64 0.19.8.1-2+b1 [1301 kB]
Get:53 http://127.0.0.1:9999/debian unstable/main amd64 intltool-debian all 0.35.0+20060710.4 [26.3 kB]
Get:54 http://127.0.0.1:9999/debian unstable/main amd64 po-debconf all 1.0.20 [247 kB]
Get:55 http://127.0.0.1:9999/debian unstable/main amd64 debhelper all 10.7.2 [975 kB]
Get:56 http://127.0.0.1:9999/debian unstable/main amd64 icu-devtools amd64 57.1-6 [178 kB]
Get:57 http://127.0.0.1:9999/debian unstable/main amd64 libblas-common amd64 3.7.1-1 [14.6 kB]
Get:58 http://127.0.0.1:9999/debian unstable/main amd64 libgfortran3 amd64 6.4.0-3 [266 kB]
Get:59 http://127.0.0.1:9999/debian unstable/main amd64 libblas3 amd64 3.7.1-1 [156 kB]
Get:60 http://127.0.0.1:9999/debian unstable/main amd64 libsnappy1v5 amd64 1.1.6-3 [51.8 kB]
Get:61 http://127.0.0.1:9999/debian unstable/main amd64 libzstd1 amd64 1.2.0-1 [154 kB]
Get:62 http://127.0.0.1:9999/debian unstable/main amd64 libblosc1 amd64 1.11.1+ds2-2 [41.2 kB]
Get:63 http://127.0.0.1:9999/debian unstable/main amd64 libblosc-dev amd64 1.11.1+ds2-2 [51.0 kB]
Get:64 http://127.0.0.1:9999/debian unstable/main amd64 libboost1.62-dev amd64 1.62.0+dfsg-4+b1 [7053 kB]
Get:65 http://127.0.0.1:9999/debian unstable/main amd64 libboost-atomic1.62.0 amd64 1.62.0+dfsg-4+b1 [30.8 kB]
Get:66 http://127.0.0.1:9999/debian unstable/main amd64 libboost-atomic1.62-dev amd64 1.62.0+dfsg-4+b1 [29.7 kB]
Get:67 http://127.0.0.1:9999/debian unstable/main amd64 libboost-system1.62.0 amd64 1.62.0+dfsg-4+b1 [32.7 kB]
Get:68 http://127.0.0.1:9999/debian unstable/main amd64 libboost-chrono1.62.0 amd64 1.62.0+dfsg-4+b1 [36.3 kB]
Get:69 http://127.0.0.1:9999/debian unstable/main amd64 libboost-chrono1.62-dev amd64 1.62.0+dfsg-4+b1 [36.7 kB]
Get:70 http://127.0.0.1:9999/debian unstable/main amd64 libboost-date-time1.62.0 amd64 1.62.0+dfsg-4+b1 [43.2 kB]
Get:71 http://127.0.0.1:9999/debian unstable/main amd64 libboost-serialization1.62.0 amd64 1.62.0+dfsg-4+b1 [126 kB]
Get:72 http://127.0.0.1:9999/debian unstable/main amd64 libboost-serialization1.62-dev amd64 1.62.0+dfsg-4+b1 [163 kB]
Get:73 http://127.0.0.1:9999/debian unstable/main amd64 libboost-date-time1.62-dev amd64 1.62.0+dfsg-4+b1 [50.4 kB]
Get:74 http://127.0.0.1:9999/debian unstable/main amd64 libboost-dev amd64 1.62.0.1 [3632 B]
Get:75 http://127.0.0.1:9999/debian unstable/main amd64 libboost-filesystem1.62.0 amd64 1.62.0+dfsg-4+b1 [63.6 kB]
Get:76 http://127.0.0.1:9999/debian unstable/main amd64 libboost-system1.62-dev amd64 1.62.0+dfsg-4+b1 [34.2 kB]
Get:77 http://127.0.0.1:9999/debian unstable/main amd64 libboost-filesystem1.62-dev amd64 1.62.0+dfsg-4+b1 [73.2 kB]
Get:78 http://127.0.0.1:9999/debian unstable/main amd64 libboost-filesystem-dev amd64 1.62.0.1 [3448 B]
Get:79 http://127.0.0.1:9999/debian unstable/main amd64 libboost-regex1.62.0 amd64 1.62.0+dfsg-4+b1 [288 kB]
Get:80 http://127.0.0.1:9999/debian unstable/main amd64 libicu-dev amd64 57.1-6 [16.5 MB]
Get:81 http://127.0.0.1:9999/debian unstable/main amd64 libboost-regex1.62-dev amd64 1.62.0+dfsg-4+b1 [335 kB]
Get:82 http://127.0.0.1:9999/debian unstable/main amd64 libboost-iostreams1.62.0 amd64 1.62.0+dfsg-4+b1 [51.1 kB]
Get:83 http://127.0.0.1:9999/debian unstable/main amd64 libboost-iostreams1.62-dev amd64 1.62.0+dfsg-4+b1 [57.5 kB]
Get:84 http://127.0.0.1:9999/debian unstable/main amd64 libboost-iostreams-dev amd64 1.62.0.1 [3408 B]
Get:85 http://127.0.0.1:9999/debian unstable/main amd64 libboost-python1.62.0 amd64 1.62.0+dfsg-4+b1 [138 kB]
Get:86 http://127.0.0.1:9999/debian unstable/main amd64 libpython2.7 amd64 2.7.13-4 [1073 kB]
Get:87 http://127.0.0.1:9999/debian unstable/main amd64 libexpat1-dev amd64 2.2.3-1 [136 kB]
Get:88 http://127.0.0.1:9999/debian unstable/main amd64 libpython2.7-dev amd64 2.7.13-4 [28.2 MB]
Get:89 http://127.0.0.1:9999/debian unstable/main amd64 libpython-dev amd64 2.7.13-2 [20.1 kB]
Get:90 http://127.0.0.1:9999/debian unstable/main amd64 python2.7-dev amd64 2.7.13-4 [290 kB]
Get:91 http://127.0.0.1:9999/debian unstable/main amd64 python-dev amd64 2.7.13-2 [1126 B]
Get:92 http://127.0.0.1:9999/debian unstable/main amd64 libpython3.5 amd64 3.5.4-2 [1366 kB]
Get:93 http://127.0.0.1:9999/debian unstable/main amd64 libpython3.5-dev amd64 3.5.4-2 [38.0 MB]
Get:94 http://127.0.0.1:9999/debian unstable/main amd64 libpython3-dev amd64 3.5.3-3 [18.9 kB]
Get:95 http://127.0.0.1:9999/debian unstable/main amd64 python3.5-dev amd64 3.5.4-2 [430 kB]
Get:96 http://127.0.0.1:9999/debian unstable/main amd64 python3-dev amd64 3.5.3-3 [1154 B]
Get:97 http://127.0.0.1:9999/debian unstable/main amd64 libboost-python1.62-dev amd64 1.62.0+dfsg-4+b1 [166 kB]
Get:98 http://127.0.0.1:9999/debian unstable/main amd64 libboost-python-dev amd64 1.62.0.1 [3802 B]
Get:99 http://127.0.0.1:9999/debian unstable/main amd64 libboost-system-dev amd64 1.62.0.1 [3554 B]
Get:100 http://127.0.0.1:9999/debian unstable/main amd64 libboost-thread1.62.0 amd64 1.62.0+dfsg-4+b1 [71.8 kB]
Get:101 http://127.0.0.1:9999/debian unstable/main amd64 libboost-thread1.62-dev amd64 1.62.0+dfsg-4+b1 [71.6 kB]
Get:102 http://127.0.0.1:9999/debian unstable/main amd64 libboost-thread-dev amd64 1.62.0.1 [3442 B]
Get:103 http://127.0.0.1:9999/debian unstable/main amd64 libcppunit-1.14-0 amd64 1.14.0-3 [140 kB]
Get:104 http://127.0.0.1:9999/debian unstable/main amd64 libcppunit-dev amd64 1.14.0-3 [196 kB]
Get:105 http://127.0.0.1:9999/debian unstable/main amd64 libdrm-common all 2.4.82-1 [13.0 kB]
Get:106 http://127.0.0.1:9999/debian unstable/main amd64 libdrm2 amd64 2.4.82-1 [38.8 kB]
Get:107 http://127.0.0.1:9999/debian unstable/main amd64 libdrm-amdgpu1 amd64 2.4.82-1 [27.7 kB]
Get:108 http://127.0.0.1:9999/debian unstable/main amd64 libpciaccess0 amd64 0.13.4-1+b2 [50.0 kB]
Get:109 http://127.0.0.1:9999/debian unstable/main amd64 libdrm-intel1 amd64 2.4.82-1 [69.6 kB]
Get:110 http://127.0.0.1:9999/debian unstable/main amd64 libdrm-radeon1 amd64 2.4.82-1 [30.7 kB]
Get:111 http://127.0.0.1:9999/debian unstable/main amd64 libdrm-nouveau2 amd64 2.4.82-1 [25.6 kB]
Get:112 http://127.0.0.1:9999/debian unstable/main amd64 libdrm-dev amd64 2.4.82-1 [243 kB]
Get:113 http://127.0.0.1:9999/debian unstable/main amd64 libxau6 amd64 1:1.0.8-1+b2 [19.9 kB]
Get:114 http://127.0.0.1:9999/debian unstable/main amd64 libxdmcp6 amd64 1:1.1.2-3 [26.3 kB]
Get:115 http://127.0.0.1:9999/debian unstable/main amd64 libxcb1 amd64 1.12-1 [133 kB]
Get:116 http://127.0.0.1:9999/debian unstable/main amd64 libx11-data all 2:1.6.4-3 [290 kB]
Get:117 http://127.0.0.1:9999/debian unstable/main amd64 libx11-6 amd64 2:1.6.4-3 [747 kB]
Get:118 http://127.0.0.1:9999/debian unstable/main amd64 xorg-sgml-doctools all 1:1.11-1 [21.9 kB]
Get:119 http://127.0.0.1:9999/debian unstable/main amd64 x11proto-core-dev all 7.0.31-1 [728 kB]
Get:120 http://127.0.0.1:9999/debian unstable/main amd64 libxau-dev amd64 1:1.0.8-1+b2 [23.1 kB]
Get:121 http://127.0.0.1:9999/debian unstable/main amd64 libxdmcp-dev amd64 1:1.1.2-3 [42.2 kB]
Get:122 http://127.0.0.1:9999/debian unstable/main amd64 x11proto-input-dev all 2.3.2-1 [158 kB]
Get:123 http://127.0.0.1:9999/debian unstable/main amd64 x11proto-kb-dev all 1.0.7-1 [233 kB]
Get:124 http://127.0.0.1:9999/debian unstable/main amd64 xtrans-dev all 1.3.5-1 [100 kB]
Get:125 http://127.0.0.1:9999/debian unstable/main amd64 libpthread-stubs0-dev amd64 0.3-4 [3866 B]
Get:126 http://127.0.0.1:9999/debian unstable/main amd64 libxcb1-dev amd64 1.12-1 [169 kB]
Get:127 http://127.0.0.1:9999/debian unstable/main amd64 libx11-dev amd64 2:1.6.4-3 [815 kB]
Get:128 http://127.0.0.1:9999/debian unstable/main amd64 mesa-common-dev amd64 17.1.5-1 [538 kB]
Get:129 http://127.0.0.1:9999/debian unstable/main amd64 libglapi-mesa amd64 17.1.5-1 [59.8 kB]
Get:130 http://127.0.0.1:9999/debian unstable/main amd64 libx11-xcb1 amd64 2:1.6.4-3 [183 kB]
Get:131 http://127.0.0.1:9999/debian unstable/main amd64 libxcb-dri2-0 amd64 1.12-1 [97.2 kB]
Get:132 http://127.0.0.1:9999/debian unstable/main amd64 libxcb-dri3-0 amd64 1.12-1 [95.6 kB]
Get:133 http://127.0.0.1:9999/debian unstable/main amd64 libxcb-glx0 amd64 1.12-1 [113 kB]
Get:134 http://127.0.0.1:9999/debian unstable/main amd64 libxcb-present0 amd64 1.12-1 [95.8 kB]
Get:135 http://127.0.0.1:9999/debian unstable/main amd64 libxcb-sync1 amd64 1.12-1 [99.2 kB]
Get:136 http://127.0.0.1:9999/debian unstable/main amd64 libxcb-xfixes0 amd64 1.12-1 [99.6 kB]
Get:137 http://127.0.0.1:9999/debian unstable/main amd64 libxfixes3 amd64 1:5.0.3-1 [21.9 kB]
Get:138 http://127.0.0.1:9999/debian unstable/main amd64 libxdamage1 amd64 1:1.1.4-2+b3 [14.5 kB]
Get:139 http://127.0.0.1:9999/debian unstable/main amd64 libxext6 amd64 2:1.3.3-1+b2 [52.5 kB]
Get:140 http://127.0.0.1:9999/debian unstable/main amd64 libxshmfence1 amd64 1.2-1+b2 [7922 B]
Get:141 http://127.0.0.1:9999/debian unstable/main amd64 libxxf86vm1 amd64 1:1.1.4-1+b2 [20.8 kB]
Get:142 http://127.0.0.1:9999/debian unstable/main amd64 libgl1-mesa-glx amd64 17.1.5-1 [168 kB]
Get:143 http://127.0.0.1:9999/debian unstable/main amd64 libx11-xcb-dev amd64 2:1.6.4-3 [185 kB]
Get:144 http://127.0.0.1:9999/debian unstable/main amd64 libxcb-dri3-dev amd64 1.12-1 [96.1 kB]
Get:145 http://127.0.0.1:9999/debian unstable/main amd64 libxcb-randr0 amd64 1.12-1 [107 kB]
Get:146 http://127.0.0.1:9999/debian unstable/main amd64 libxcb-render0 amd64 1.12-1 [105 kB]
Get:147 http://127.0.0.1:9999/debian unstable/main amd64 libxcb-render0-dev amd64 1.12-1 [109 kB]
Get:148 http://127.0.0.1:9999/debian unstable/main amd64 libxcb-randr0-dev amd64 1.12-1 [110 kB]
Get:149 http://127.0.0.1:9999/debian unstable/main amd64 libxcb-shape0 amd64 1.12-1 [96.2 kB]
Get:150 http://127.0.0.1:9999/debian unstable/main amd64 libxcb-shape0-dev amd64 1.12-1 [97.4 kB]
Get:151 http://127.0.0.1:9999/debian unstable/main amd64 libxcb-xfixes0-dev amd64 1.12-1 [102 kB]
Get:152 http://127.0.0.1:9999/debian unstable/main amd64 libxcb-sync-dev amd64 1.12-1 [101 kB]
Get:153 http://127.0.0.1:9999/debian unstable/main amd64 libxcb-present-dev amd64 1.12-1 [97.2 kB]
Get:154 http://127.0.0.1:9999/debian unstable/main amd64 libxshmfence-dev amd64 1.2-1+b2 [7420 B]
Get:155 http://127.0.0.1:9999/debian unstable/main amd64 libxcb-dri2-0-dev amd64 1.12-1 [98.8 kB]
Get:156 http://127.0.0.1:9999/debian unstable/main amd64 libxcb-glx0-dev amd64 1.12-1 [118 kB]
Get:157 http://127.0.0.1:9999/debian unstable/main amd64 x11proto-xext-dev all 7.3.0-1 [212 kB]
Get:158 http://127.0.0.1:9999/debian unstable/main amd64 x11proto-fixes-dev all 1:5.0-2 [19.2 kB]
Get:159 http://127.0.0.1:9999/debian unstable/main amd64 libxfixes-dev amd64 1:5.0.3-1 [23.8 kB]
Get:160 http://127.0.0.1:9999/debian unstable/main amd64 x11proto-damage-dev all 1:1.2.1-2 [11.8 kB]
Get:161 http://127.0.0.1:9999/debian unstable/main amd64 libxdamage-dev amd64 1:1.1.4-2+b3 [14.3 kB]
Get:162 http://127.0.0.1:9999/debian unstable/main amd64 libxext-dev amd64 2:1.3.3-1+b2 [107 kB]
Get:163 http://127.0.0.1:9999/debian unstable/main amd64 x11proto-xf86vidmode-dev all 2.3.1-2 [6114 B]
Get:164 http://127.0.0.1:9999/debian unstable/main amd64 libxxf86vm-dev amd64 1:1.1.4-1+b2 [25.4 kB]
Get:165 http://127.0.0.1:9999/debian unstable/main amd64 x11proto-dri2-dev all 2.8-2 [18.2 kB]
Get:166 http://127.0.0.1:9999/debian unstable/main amd64 x11proto-gl-dev all 1.4.17-1 [28.0 kB]
Get:167 http://127.0.0.1:9999/debian unstable/main amd64 libgl1-mesa-dev amd64 17.1.5-1 [42.1 kB]
Get:168 http://127.0.0.1:9999/debian unstable/main amd64 libxrender1 amd64 1:0.9.10-1 [33.0 kB]
Get:169 http://127.0.0.1:9999/debian unstable/main amd64 libxcursor1 amd64 1:1.1.14-1+b4 [35.0 kB]
Get:170 http://127.0.0.1:9999/debian unstable/main amd64 libxinerama1 amd64 2:1.1.3-1+b3 [16.7 kB]
Get:171 http://127.0.0.1:9999/debian unstable/main amd64 libxrandr2 amd64 2:1.5.1-1 [37.5 kB]
Get:172 http://127.0.0.1:9999/debian unstable/main amd64 libglfw3 amd64 3.2.1-1 [49.3 kB]
Get:173 http://127.0.0.1:9999/debian unstable/main amd64 libglfw3-dev amd64 3.2.1-1 [32.4 kB]
Get:174 http://127.0.0.1:9999/debian unstable/main amd64 libglu1-mesa amd64 9.0.0-2.1 [168 kB]
Get:175 http://127.0.0.1:9999/debian unstable/main amd64 libglu1-mesa-dev amd64 9.0.0-2.1 [202 kB]
Get:176 http://127.0.0.1:9999/debian unstable/main amd64 libjemalloc1 amd64 3.6.0-10 [117 kB]
Get:177 http://127.0.0.1:9999/debian unstable/main amd64 libjemalloc-dev amd64 3.6.0-10 [216 kB]
Get:178 http://127.0.0.1:9999/debian unstable/main amd64 liblapack3 amd64 3.7.1-1 [2141 kB]
Get:179 http://127.0.0.1:9999/debian unstable/main amd64 liblog4cplus-1.1-9 amd64 1.1.2-3.2 [144 kB]
Get:180 http://127.0.0.1:9999/debian unstable/main amd64 liblog4cplus-dev amd64 1.1.2-3.2 [212 kB]
Get:181 http://127.0.0.1:9999/debian unstable/main amd64 libpython-all-dev amd64 2.7.13-2 [960 B]
Get:182 http://127.0.0.1:9999/debian unstable/main amd64 libtbb2 amd64 2017~U7-6 [141 kB]
Get:183 http://127.0.0.1:9999/debian unstable/main amd64 libtbb-dev amd64 2017~U7-6 [264 kB]
Get:184 http://127.0.0.1:9999/debian unstable/main amd64 python-all amd64 2.7.13-2 [942 B]
Get:185 http://127.0.0.1:9999/debian unstable/main amd64 python-all-dev amd64 2.7.13-2 [962 B]
Get:186 http://127.0.0.1:9999/debian unstable/main amd64 python-numpy amd64 1:1.12.1-3+b2 [1936 kB]
Get:187 http://127.0.0.1:9999/debian unstable/main amd64 zlib1g-dev amd64 1:1.2.8.dfsg-5 [205 kB]
debconf: delaying package configuration, since apt-utils is not installed
Fetched 142 MB in 1s (78.7 MB/s)
Selecting previously unselected package groff-base.
(Reading database ... 11331 files and directories currently installed.)
Preparing to unpack .../00-groff-base_1.22.3-9_amd64.deb ...
Unpacking groff-base (1.22.3-9) ...
Selecting previously unselected package bsdmainutils.
Preparing to unpack .../01-bsdmainutils_9.0.12+nmu1_amd64.deb ...
Unpacking bsdmainutils (9.0.12+nmu1) ...
Selecting previously unselected package libpipeline1:amd64.
Preparing to unpack .../02-libpipeline1_1.4.2-1_amd64.deb ...
Unpacking libpipeline1:amd64 (1.4.2-1) ...
Selecting previously unselected package man-db.
Preparing to unpack .../03-man-db_2.7.6.1-2_amd64.deb ...
Unpacking man-db (2.7.6.1-2) ...
Selecting previously unselected package libpython2.7-minimal:amd64.
Preparing to unpack .../04-libpython2.7-minimal_2.7.13-4_amd64.deb ...
Unpacking libpython2.7-minimal:amd64 (2.7.13-4) ...
Selecting previously unselected package python2.7-minimal.
Preparing to unpack .../05-python2.7-minimal_2.7.13-4_amd64.deb ...
Unpacking python2.7-minimal (2.7.13-4) ...
Selecting previously unselected package python-minimal.
Preparing to unpack .../06-python-minimal_2.7.13-2_amd64.deb ...
Unpacking python-minimal (2.7.13-2) ...
Selecting previously unselected package mime-support.
Preparing to unpack .../07-mime-support_3.60_all.deb ...
Unpacking mime-support (3.60) ...
Selecting previously unselected package libexpat1:amd64.
Preparing to unpack .../08-libexpat1_2.2.3-1_amd64.deb ...
Unpacking libexpat1:amd64 (2.2.3-1) ...
Selecting previously unselected package readline-common.
Preparing to unpack .../09-readline-common_7.0-3_all.deb ...
Unpacking readline-common (7.0-3) ...
Selecting previously unselected package libreadline7:amd64.
Preparing to unpack .../10-libreadline7_7.0-3_amd64.deb ...
Unpacking libreadline7:amd64 (7.0-3) ...
Selecting previously unselected package libsqlite3-0:amd64.
Preparing to unpack .../11-libsqlite3-0_3.19.3-3_amd64.deb ...
Unpacking libsqlite3-0:amd64 (3.19.3-3) ...
Selecting previously unselected package libssl1.1:amd64.
Preparing to unpack .../12-libssl1.1_1.1.0f-4_amd64.deb ...
Unpacking libssl1.1:amd64 (1.1.0f-4) ...
Selecting previously unselected package libpython2.7-stdlib:amd64.
Preparing to unpack .../13-libpython2.7-stdlib_2.7.13-4_amd64.deb ...
Unpacking libpython2.7-stdlib:amd64 (2.7.13-4) ...
Selecting previously unselected package python2.7.
Preparing to unpack .../14-python2.7_2.7.13-4_amd64.deb ...
Unpacking python2.7 (2.7.13-4) ...
Selecting previously unselected package libpython-stdlib:amd64.
Preparing to unpack .../15-libpython-stdlib_2.7.13-2_amd64.deb ...
Unpacking libpython-stdlib:amd64 (2.7.13-2) ...
Setting up libpython2.7-minimal:amd64 (2.7.13-4) ...
Setting up python2.7-minimal (2.7.13-4) ...
Setting up python-minimal (2.7.13-2) ...
Selecting previously unselected package python.
(Reading database ... 12714 files and directories currently installed.)
Preparing to unpack .../00-python_2.7.13-2_amd64.deb ...
Unpacking python (2.7.13-2) ...
Selecting previously unselected package libilmbase12:amd64.
Preparing to unpack .../01-libilmbase12_2.2.0-12_amd64.deb ...
Unpacking libilmbase12:amd64 (2.2.0-12) ...
Selecting previously unselected package libilmbase-dev.
Preparing to unpack .../02-libilmbase-dev_2.2.0-12_amd64.deb ...
Unpacking libilmbase-dev (2.2.0-12) ...
Selecting previously unselected package libopenexr22:amd64.
Preparing to unpack .../03-libopenexr22_2.2.0-11+b1_amd64.deb ...
Unpacking libopenexr22:amd64 (2.2.0-11+b1) ...
Selecting previously unselected package libopenexr-dev.
Preparing to unpack .../04-libopenexr-dev_2.2.0-11+b1_amd64.deb ...
Unpacking libopenexr-dev (2.2.0-11+b1) ...
Selecting previously unselected package libpython3.5-minimal:amd64.
Preparing to unpack .../05-libpython3.5-minimal_3.5.4-2_amd64.deb ...
Unpacking libpython3.5-minimal:amd64 (3.5.4-2) ...
Selecting previously unselected package python3.5-minimal.
Preparing to unpack .../06-python3.5-minimal_3.5.4-2_amd64.deb ...
Unpacking python3.5-minimal (3.5.4-2) ...
Selecting previously unselected package python3-minimal.
Preparing to unpack .../07-python3-minimal_3.5.3-3_amd64.deb ...
Unpacking python3-minimal (3.5.3-3) ...
Selecting previously unselected package libmpdec2:amd64.
Preparing to unpack .../08-libmpdec2_2.4.2-1_amd64.deb ...
Unpacking libmpdec2:amd64 (2.4.2-1) ...
Selecting previously unselected package libpython3.5-stdlib:amd64.
Preparing to unpack .../09-libpython3.5-stdlib_3.5.4-2_amd64.deb ...
Unpacking libpython3.5-stdlib:amd64 (3.5.4-2) ...
Selecting previously unselected package python3.5.
Preparing to unpack .../10-python3.5_3.5.4-2_amd64.deb ...
Unpacking python3.5 (3.5.4-2) ...
Selecting previously unselected package libpython3-stdlib:amd64.
Preparing to unpack .../11-libpython3-stdlib_3.5.3-3_amd64.deb ...
Unpacking libpython3-stdlib:amd64 (3.5.3-3) ...
Selecting previously unselected package dh-python.
Preparing to unpack .../12-dh-python_2.20170125_all.deb ...
Unpacking dh-python (2.20170125) ...
Setting up libssl1.1:amd64 (1.1.0f-4) ...
Setting up libpython3.5-minimal:amd64 (3.5.4-2) ...
Setting up libexpat1:amd64 (2.2.3-1) ...
Setting up python3.5-minimal (3.5.4-2) ...
Setting up python3-minimal (3.5.3-3) ...
Selecting previously unselected package python3.
(Reading database ... 13887 files and directories currently installed.)
Preparing to unpack .../000-python3_3.5.3-3_amd64.deb ...
Unpacking python3 (3.5.3-3) ...
Selecting previously unselected package libmagic-mgc.
Preparing to unpack .../001-libmagic-mgc_1%3a5.31-1_amd64.deb ...
Unpacking libmagic-mgc (1:5.31-1) ...
Selecting previously unselected package libmagic1:amd64.
Preparing to unpack .../002-libmagic1_1%3a5.31-1_amd64.deb ...
Unpacking libmagic1:amd64 (1:5.31-1) ...
Selecting previously unselected package file.
Preparing to unpack .../003-file_1%3a5.31-1_amd64.deb ...
Unpacking file (1:5.31-1) ...
Selecting previously unselected package gettext-base.
Preparing to unpack .../004-gettext-base_0.19.8.1-2+b1_amd64.deb ...
Unpacking gettext-base (0.19.8.1-2+b1) ...
Selecting previously unselected package libicu57:amd64.
Preparing to unpack .../005-libicu57_57.1-6_amd64.deb ...
Unpacking libicu57:amd64 (57.1-6) ...
Selecting previously unselected package libxml2:amd64.
Preparing to unpack .../006-libxml2_2.9.4+dfsg1-3_amd64.deb ...
Unpacking libxml2:amd64 (2.9.4+dfsg1-3) ...
Selecting previously unselected package libsigsegv2:amd64.
Preparing to unpack .../007-libsigsegv2_2.11-1_amd64.deb ...
Unpacking libsigsegv2:amd64 (2.11-1) ...
Selecting previously unselected package m4.
Preparing to unpack .../008-m4_1.4.18-1_amd64.deb ...
Unpacking m4 (1.4.18-1) ...
Selecting previously unselected package autoconf.
Preparing to unpack .../009-autoconf_2.69-10_all.deb ...
Unpacking autoconf (2.69-10) ...
Selecting previously unselected package autotools-dev.
Preparing to unpack .../010-autotools-dev_20161112.1_all.deb ...
Unpacking autotools-dev (20161112.1) ...
Selecting previously unselected package automake.
Preparing to unpack .../011-automake_1%3a1.15.1-2_all.deb ...
Unpacking automake (1:1.15.1-2) ...
Selecting previously unselected package autopoint.
Preparing to unpack .../012-autopoint_0.19.8.1-2_all.deb ...
Unpacking autopoint (0.19.8.1-2) ...
Selecting previously unselected package libtool.
Preparing to unpack .../013-libtool_2.4.6-2_all.deb ...
Unpacking libtool (2.4.6-2) ...
Selecting previously unselected package dh-autoreconf.
Preparing to unpack .../014-dh-autoreconf_14_all.deb ...
Unpacking dh-autoreconf (14) ...
Selecting previously unselected package libarchive-zip-perl.
Preparing to unpack .../015-libarchive-zip-perl_1.59-1_all.deb ...
Unpacking libarchive-zip-perl (1.59-1) ...
Selecting previously unselected package libfile-stripnondeterminism-perl.
Preparing to unpack .../016-libfile-stripnondeterminism-perl_0.038-1_all.deb ...
Unpacking libfile-stripnondeterminism-perl (0.038-1) ...
Selecting previously unselected package libtimedate-perl.
Preparing to unpack .../017-libtimedate-perl_2.3000-2_all.deb ...
Unpacking libtimedate-perl (2.3000-2) ...
Selecting previously unselected package dh-strip-nondeterminism.
Preparing to unpack .../018-dh-strip-nondeterminism_0.038-1_all.deb ...
Unpacking dh-strip-nondeterminism (0.038-1) ...
Selecting previously unselected package libglib2.0-0:amd64.
Preparing to unpack .../019-libglib2.0-0_2.53.4-3_amd64.deb ...
Unpacking libglib2.0-0:amd64 (2.53.4-3) ...
Selecting previously unselected package libcroco3:amd64.
Preparing to unpack .../020-libcroco3_0.6.12-1_amd64.deb ...
Unpacking libcroco3:amd64 (0.6.12-1) ...
Selecting previously unselected package gettext.
Preparing to unpack .../021-gettext_0.19.8.1-2+b1_amd64.deb ...
Unpacking gettext (0.19.8.1-2+b1) ...
Selecting previously unselected package intltool-debian.
Preparing to unpack .../022-intltool-debian_0.35.0+20060710.4_all.deb ...
Unpacking intltool-debian (0.35.0+20060710.4) ...
Selecting previously unselected package po-debconf.
Preparing to unpack .../023-po-debconf_1.0.20_all.deb ...
Unpacking po-debconf (1.0.20) ...
Selecting previously unselected package debhelper.
Preparing to unpack .../024-debhelper_10.7.2_all.deb ...
Unpacking debhelper (10.7.2) ...
Selecting previously unselected package icu-devtools.
Preparing to unpack .../025-icu-devtools_57.1-6_amd64.deb ...
Unpacking icu-devtools (57.1-6) ...
Selecting previously unselected package libblas-common.
Preparing to unpack .../026-libblas-common_3.7.1-1_amd64.deb ...
Unpacking libblas-common (3.7.1-1) ...
Selecting previously unselected package libgfortran3:amd64.
Preparing to unpack .../027-libgfortran3_6.4.0-3_amd64.deb ...
Unpacking libgfortran3:amd64 (6.4.0-3) ...
Selecting previously unselected package libblas3.
Preparing to unpack .../028-libblas3_3.7.1-1_amd64.deb ...
Unpacking libblas3 (3.7.1-1) ...
Selecting previously unselected package libsnappy1v5:amd64.
Preparing to unpack .../029-libsnappy1v5_1.1.6-3_amd64.deb ...
Unpacking libsnappy1v5:amd64 (1.1.6-3) ...
Selecting previously unselected package libzstd1.
Preparing to unpack .../030-libzstd1_1.2.0-1_amd64.deb ...
Unpacking libzstd1 (1.2.0-1) ...
Selecting previously unselected package libblosc1.
Preparing to unpack .../031-libblosc1_1.11.1+ds2-2_amd64.deb ...
Unpacking libblosc1 (1.11.1+ds2-2) ...
Selecting previously unselected package libblosc-dev.
Preparing to unpack .../032-libblosc-dev_1.11.1+ds2-2_amd64.deb ...
Unpacking libblosc-dev (1.11.1+ds2-2) ...
Selecting previously unselected package libboost1.62-dev:amd64.
Preparing to unpack .../033-libboost1.62-dev_1.62.0+dfsg-4+b1_amd64.deb ...
Unpacking libboost1.62-dev:amd64 (1.62.0+dfsg-4+b1) ...
Selecting previously unselected package libboost-atomic1.62.0:amd64.
Preparing to unpack .../034-libboost-atomic1.62.0_1.62.0+dfsg-4+b1_amd64.deb ...
Unpacking libboost-atomic1.62.0:amd64 (1.62.0+dfsg-4+b1) ...
Selecting previously unselected package libboost-atomic1.62-dev:amd64.
Preparing to unpack .../035-libboost-atomic1.62-dev_1.62.0+dfsg-4+b1_amd64.deb ...
Unpacking libboost-atomic1.62-dev:amd64 (1.62.0+dfsg-4+b1) ...
Selecting previously unselected package libboost-system1.62.0:amd64.
Preparing to unpack .../036-libboost-system1.62.0_1.62.0+dfsg-4+b1_amd64.deb ...
Unpacking libboost-system1.62.0:amd64 (1.62.0+dfsg-4+b1) ...
Selecting previously unselected package libboost-chrono1.62.0:amd64.
Preparing to unpack .../037-libboost-chrono1.62.0_1.62.0+dfsg-4+b1_amd64.deb ...
Unpacking libboost-chrono1.62.0:amd64 (1.62.0+dfsg-4+b1) ...
Selecting previously unselected package libboost-chrono1.62-dev:amd64.
Preparing to unpack .../038-libboost-chrono1.62-dev_1.62.0+dfsg-4+b1_amd64.deb ...
Unpacking libboost-chrono1.62-dev:amd64 (1.62.0+dfsg-4+b1) ...
Selecting previously unselected package libboost-date-time1.62.0:amd64.
Preparing to unpack .../039-libboost-date-time1.62.0_1.62.0+dfsg-4+b1_amd64.deb ...
Unpacking libboost-date-time1.62.0:amd64 (1.62.0+dfsg-4+b1) ...
Selecting previously unselected package libboost-serialization1.62.0:amd64.
Preparing to unpack .../040-libboost-serialization1.62.0_1.62.0+dfsg-4+b1_amd64.deb ...
Unpacking libboost-serialization1.62.0:amd64 (1.62.0+dfsg-4+b1) ...
Selecting previously unselected package libboost-serialization1.62-dev:amd64.
Preparing to unpack .../041-libboost-serialization1.62-dev_1.62.0+dfsg-4+b1_amd64.deb ...
Unpacking libboost-serialization1.62-dev:amd64 (1.62.0+dfsg-4+b1) ...
Selecting previously unselected package libboost-date-time1.62-dev:amd64.
Preparing to unpack .../042-libboost-date-time1.62-dev_1.62.0+dfsg-4+b1_amd64.deb ...
Unpacking libboost-date-time1.62-dev:amd64 (1.62.0+dfsg-4+b1) ...
Selecting previously unselected package libboost-dev:amd64.
Preparing to unpack .../043-libboost-dev_1.62.0.1_amd64.deb ...
Unpacking libboost-dev:amd64 (1.62.0.1) ...
Selecting previously unselected package libboost-filesystem1.62.0:amd64.
Preparing to unpack .../044-libboost-filesystem1.62.0_1.62.0+dfsg-4+b1_amd64.deb ...
Unpacking libboost-filesystem1.62.0:amd64 (1.62.0+dfsg-4+b1) ...
Selecting previously unselected package libboost-system1.62-dev:amd64.
Preparing to unpack .../045-libboost-system1.62-dev_1.62.0+dfsg-4+b1_amd64.deb ...
Unpacking libboost-system1.62-dev:amd64 (1.62.0+dfsg-4+b1) ...
Selecting previously unselected package libboost-filesystem1.62-dev:amd64.
Preparing to unpack .../046-libboost-filesystem1.62-dev_1.62.0+dfsg-4+b1_amd64.deb ...
Unpacking libboost-filesystem1.62-dev:amd64 (1.62.0+dfsg-4+b1) ...
Selecting previously unselected package libboost-filesystem-dev:amd64.
Preparing to unpack .../047-libboost-filesystem-dev_1.62.0.1_amd64.deb ...
Unpacking libboost-filesystem-dev:amd64 (1.62.0.1) ...
Selecting previously unselected package libboost-regex1.62.0:amd64.
Preparing to unpack .../048-libboost-regex1.62.0_1.62.0+dfsg-4+b1_amd64.deb ...
Unpacking libboost-regex1.62.0:amd64 (1.62.0+dfsg-4+b1) ...
Selecting previously unselected package libicu-dev.
Preparing to unpack .../049-libicu-dev_57.1-6_amd64.deb ...
Unpacking libicu-dev (57.1-6) ...
Selecting previously unselected package libboost-regex1.62-dev:amd64.
Preparing to unpack .../050-libboost-regex1.62-dev_1.62.0+dfsg-4+b1_amd64.deb ...
Unpacking libboost-regex1.62-dev:amd64 (1.62.0+dfsg-4+b1) ...
Selecting previously unselected package libboost-iostreams1.62.0:amd64.
Preparing to unpack .../051-libboost-iostreams1.62.0_1.62.0+dfsg-4+b1_amd64.deb ...
Unpacking libboost-iostreams1.62.0:amd64 (1.62.0+dfsg-4+b1) ...
Selecting previously unselected package libboost-iostreams1.62-dev:amd64.
Preparing to unpack .../052-libboost-iostreams1.62-dev_1.62.0+dfsg-4+b1_amd64.deb ...
Unpacking libboost-iostreams1.62-dev:amd64 (1.62.0+dfsg-4+b1) ...
Selecting previously unselected package libboost-iostreams-dev:amd64.
Preparing to unpack .../053-libboost-iostreams-dev_1.62.0.1_amd64.deb ...
Unpacking libboost-iostreams-dev:amd64 (1.62.0.1) ...
Selecting previously unselected package libboost-python1.62.0.
Preparing to unpack .../054-libboost-python1.62.0_1.62.0+dfsg-4+b1_amd64.deb ...
Unpacking libboost-python1.62.0 (1.62.0+dfsg-4+b1) ...
Selecting previously unselected package libpython2.7:amd64.
Preparing to unpack .../055-libpython2.7_2.7.13-4_amd64.deb ...
Unpacking libpython2.7:amd64 (2.7.13-4) ...
Selecting previously unselected package libexpat1-dev:amd64.
Preparing to unpack .../056-libexpat1-dev_2.2.3-1_amd64.deb ...
Unpacking libexpat1-dev:amd64 (2.2.3-1) ...
Selecting previously unselected package libpython2.7-dev:amd64.
Preparing to unpack .../057-libpython2.7-dev_2.7.13-4_amd64.deb ...
Unpacking libpython2.7-dev:amd64 (2.7.13-4) ...
Selecting previously unselected package libpython-dev:amd64.
Preparing to unpack .../058-libpython-dev_2.7.13-2_amd64.deb ...
Unpacking libpython-dev:amd64 (2.7.13-2) ...
Selecting previously unselected package python2.7-dev.
Preparing to unpack .../059-python2.7-dev_2.7.13-4_amd64.deb ...
Unpacking python2.7-dev (2.7.13-4) ...
Selecting previously unselected package python-dev.
Preparing to unpack .../060-python-dev_2.7.13-2_amd64.deb ...
Unpacking python-dev (2.7.13-2) ...
Selecting previously unselected package libpython3.5:amd64.
Preparing to unpack .../061-libpython3.5_3.5.4-2_amd64.deb ...
Unpacking libpython3.5:amd64 (3.5.4-2) ...
Selecting previously unselected package libpython3.5-dev:amd64.
Preparing to unpack .../062-libpython3.5-dev_3.5.4-2_amd64.deb ...
Unpacking libpython3.5-dev:amd64 (3.5.4-2) ...
Selecting previously unselected package libpython3-dev:amd64.
Preparing to unpack .../063-libpython3-dev_3.5.3-3_amd64.deb ...
Unpacking libpython3-dev:amd64 (3.5.3-3) ...
Selecting previously unselected package python3.5-dev.
Preparing to unpack .../064-python3.5-dev_3.5.4-2_amd64.deb ...
Unpacking python3.5-dev (3.5.4-2) ...
Selecting previously unselected package python3-dev.
Preparing to unpack .../065-python3-dev_3.5.3-3_amd64.deb ...
Unpacking python3-dev (3.5.3-3) ...
Selecting previously unselected package libboost-python1.62-dev.
Preparing to unpack .../066-libboost-python1.62-dev_1.62.0+dfsg-4+b1_amd64.deb ...
Unpacking libboost-python1.62-dev (1.62.0+dfsg-4+b1) ...
Selecting previously unselected package libboost-python-dev.
Preparing to unpack .../067-libboost-python-dev_1.62.0.1_amd64.deb ...
Unpacking libboost-python-dev (1.62.0.1) ...
Selecting previously unselected package libboost-system-dev:amd64.
Preparing to unpack .../068-libboost-system-dev_1.62.0.1_amd64.deb ...
Unpacking libboost-system-dev:amd64 (1.62.0.1) ...
Selecting previously unselected package libboost-thread1.62.0:amd64.
Preparing to unpack .../069-libboost-thread1.62.0_1.62.0+dfsg-4+b1_amd64.deb ...
Unpacking libboost-thread1.62.0:amd64 (1.62.0+dfsg-4+b1) ...
Selecting previously unselected package libboost-thread1.62-dev:amd64.
Preparing to unpack .../070-libboost-thread1.62-dev_1.62.0+dfsg-4+b1_amd64.deb ...
Unpacking libboost-thread1.62-dev:amd64 (1.62.0+dfsg-4+b1) ...
Selecting previously unselected package libboost-thread-dev:amd64.
Preparing to unpack .../071-libboost-thread-dev_1.62.0.1_amd64.deb ...
Unpacking libboost-thread-dev:amd64 (1.62.0.1) ...
Selecting previously unselected package libcppunit-1.14-0:amd64.
Preparing to unpack .../072-libcppunit-1.14-0_1.14.0-3_amd64.deb ...
Unpacking libcppunit-1.14-0:amd64 (1.14.0-3) ...
Selecting previously unselected package libcppunit-dev.
Preparing to unpack .../073-libcppunit-dev_1.14.0-3_amd64.deb ...
Unpacking libcppunit-dev (1.14.0-3) ...
Selecting previously unselected package libdrm-common.
Preparing to unpack .../074-libdrm-common_2.4.82-1_all.deb ...
Unpacking libdrm-common (2.4.82-1) ...
Selecting previously unselected package libdrm2:amd64.
Preparing to unpack .../075-libdrm2_2.4.82-1_amd64.deb ...
Unpacking libdrm2:amd64 (2.4.82-1) ...
Selecting previously unselected package libdrm-amdgpu1:amd64.
Preparing to unpack .../076-libdrm-amdgpu1_2.4.82-1_amd64.deb ...
Unpacking libdrm-amdgpu1:amd64 (2.4.82-1) ...
Selecting previously unselected package libpciaccess0:amd64.
Preparing to unpack .../077-libpciaccess0_0.13.4-1+b2_amd64.deb ...
Unpacking libpciaccess0:amd64 (0.13.4-1+b2) ...
Selecting previously unselected package libdrm-intel1:amd64.
Preparing to unpack .../078-libdrm-intel1_2.4.82-1_amd64.deb ...
Unpacking libdrm-intel1:amd64 (2.4.82-1) ...
Selecting previously unselected package libdrm-radeon1:amd64.
Preparing to unpack .../079-libdrm-radeon1_2.4.82-1_amd64.deb ...
Unpacking libdrm-radeon1:amd64 (2.4.82-1) ...
Selecting previously unselected package libdrm-nouveau2:amd64.
Preparing to unpack .../080-libdrm-nouveau2_2.4.82-1_amd64.deb ...
Unpacking libdrm-nouveau2:amd64 (2.4.82-1) ...
Selecting previously unselected package libdrm-dev:amd64.
Preparing to unpack .../081-libdrm-dev_2.4.82-1_amd64.deb ...
Unpacking libdrm-dev:amd64 (2.4.82-1) ...
Selecting previously unselected package libxau6:amd64.
Preparing to unpack .../082-libxau6_1%3a1.0.8-1+b2_amd64.deb ...
Unpacking libxau6:amd64 (1:1.0.8-1+b2) ...
Selecting previously unselected package libxdmcp6:amd64.
Preparing to unpack .../083-libxdmcp6_1%3a1.1.2-3_amd64.deb ...
Unpacking libxdmcp6:amd64 (1:1.1.2-3) ...
Selecting previously unselected package libxcb1:amd64.
Preparing to unpack .../084-libxcb1_1.12-1_amd64.deb ...
Unpacking libxcb1:amd64 (1.12-1) ...
Selecting previously unselected package libx11-data.
Preparing to unpack .../085-libx11-data_2%3a1.6.4-3_all.deb ...
Unpacking libx11-data (2:1.6.4-3) ...
Selecting previously unselected package libx11-6:amd64.
Preparing to unpack .../086-libx11-6_2%3a1.6.4-3_amd64.deb ...
Unpacking libx11-6:amd64 (2:1.6.4-3) ...
Selecting previously unselected package xorg-sgml-doctools.
Preparing to unpack .../087-xorg-sgml-doctools_1%3a1.11-1_all.deb ...
Unpacking xorg-sgml-doctools (1:1.11-1) ...
Selecting previously unselected package x11proto-core-dev.
Preparing to unpack .../088-x11proto-core-dev_7.0.31-1_all.deb ...
Unpacking x11proto-core-dev (7.0.31-1) ...
Selecting previously unselected package libxau-dev:amd64.
Preparing to unpack .../089-libxau-dev_1%3a1.0.8-1+b2_amd64.deb ...
Unpacking libxau-dev:amd64 (1:1.0.8-1+b2) ...
Selecting previously unselected package libxdmcp-dev:amd64.
Preparing to unpack .../090-libxdmcp-dev_1%3a1.1.2-3_amd64.deb ...
Unpacking libxdmcp-dev:amd64 (1:1.1.2-3) ...
Selecting previously unselected package x11proto-input-dev.
Preparing to unpack .../091-x11proto-input-dev_2.3.2-1_all.deb ...
Unpacking x11proto-input-dev (2.3.2-1) ...
Selecting previously unselected package x11proto-kb-dev.
Preparing to unpack .../092-x11proto-kb-dev_1.0.7-1_all.deb ...
Unpacking x11proto-kb-dev (1.0.7-1) ...
Selecting previously unselected package xtrans-dev.
Preparing to unpack .../093-xtrans-dev_1.3.5-1_all.deb ...
Unpacking xtrans-dev (1.3.5-1) ...
Selecting previously unselected package libpthread-stubs0-dev:amd64.
Preparing to unpack .../094-libpthread-stubs0-dev_0.3-4_amd64.deb ...
Unpacking libpthread-stubs0-dev:amd64 (0.3-4) ...
Selecting previously unselected package libxcb1-dev:amd64.
Preparing to unpack .../095-libxcb1-dev_1.12-1_amd64.deb ...
Unpacking libxcb1-dev:amd64 (1.12-1) ...
Selecting previously unselected package libx11-dev:amd64.
Preparing to unpack .../096-libx11-dev_2%3a1.6.4-3_amd64.deb ...
Unpacking libx11-dev:amd64 (2:1.6.4-3) ...
Selecting previously unselected package mesa-common-dev:amd64.
Preparing to unpack .../097-mesa-common-dev_17.1.5-1_amd64.deb ...
Unpacking mesa-common-dev:amd64 (17.1.5-1) ...
Selecting previously unselected package libglapi-mesa:amd64.
Preparing to unpack .../098-libglapi-mesa_17.1.5-1_amd64.deb ...
Unpacking libglapi-mesa:amd64 (17.1.5-1) ...
Selecting previously unselected package libx11-xcb1:amd64.
Preparing to unpack .../099-libx11-xcb1_2%3a1.6.4-3_amd64.deb ...
Unpacking libx11-xcb1:amd64 (2:1.6.4-3) ...
Selecting previously unselected package libxcb-dri2-0:amd64.
Preparing to unpack .../100-libxcb-dri2-0_1.12-1_amd64.deb ...
Unpacking libxcb-dri2-0:amd64 (1.12-1) ...
Selecting previously unselected package libxcb-dri3-0:amd64.
Preparing to unpack .../101-libxcb-dri3-0_1.12-1_amd64.deb ...
Unpacking libxcb-dri3-0:amd64 (1.12-1) ...
Selecting previously unselected package libxcb-glx0:amd64.
Preparing to unpack .../102-libxcb-glx0_1.12-1_amd64.deb ...
Unpacking libxcb-glx0:amd64 (1.12-1) ...
Selecting previously unselected package libxcb-present0:amd64.
Preparing to unpack .../103-libxcb-present0_1.12-1_amd64.deb ...
Unpacking libxcb-present0:amd64 (1.12-1) ...
Selecting previously unselected package libxcb-sync1:amd64.
Preparing to unpack .../104-libxcb-sync1_1.12-1_amd64.deb ...
Unpacking libxcb-sync1:amd64 (1.12-1) ...
Selecting previously unselected package libxcb-xfixes0:amd64.
Preparing to unpack .../105-libxcb-xfixes0_1.12-1_amd64.deb ...
Unpacking libxcb-xfixes0:amd64 (1.12-1) ...
Selecting previously unselected package libxfixes3:amd64.
Preparing to unpack .../106-libxfixes3_1%3a5.0.3-1_amd64.deb ...
Unpacking libxfixes3:amd64 (1:5.0.3-1) ...
Selecting previously unselected package libxdamage1:amd64.
Preparing to unpack .../107-libxdamage1_1%3a1.1.4-2+b3_amd64.deb ...
Unpacking libxdamage1:amd64 (1:1.1.4-2+b3) ...
Selecting previously unselected package libxext6:amd64.
Preparing to unpack .../108-libxext6_2%3a1.3.3-1+b2_amd64.deb ...
Unpacking libxext6:amd64 (2:1.3.3-1+b2) ...
Selecting previously unselected package libxshmfence1:amd64.
Preparing to unpack .../109-libxshmfence1_1.2-1+b2_amd64.deb ...
Unpacking libxshmfence1:amd64 (1.2-1+b2) ...
Selecting previously unselected package libxxf86vm1:amd64.
Preparing to unpack .../110-libxxf86vm1_1%3a1.1.4-1+b2_amd64.deb ...
Unpacking libxxf86vm1:amd64 (1:1.1.4-1+b2) ...
Selecting previously unselected package libgl1-mesa-glx:amd64.
Preparing to unpack .../111-libgl1-mesa-glx_17.1.5-1_amd64.deb ...
Unpacking libgl1-mesa-glx:amd64 (17.1.5-1) ...
Selecting previously unselected package libx11-xcb-dev:amd64.
Preparing to unpack .../112-libx11-xcb-dev_2%3a1.6.4-3_amd64.deb ...
Unpacking libx11-xcb-dev:amd64 (2:1.6.4-3) ...
Selecting previously unselected package libxcb-dri3-dev:amd64.
Preparing to unpack .../113-libxcb-dri3-dev_1.12-1_amd64.deb ...
Unpacking libxcb-dri3-dev:amd64 (1.12-1) ...
Selecting previously unselected package libxcb-randr0:amd64.
Preparing to unpack .../114-libxcb-randr0_1.12-1_amd64.deb ...
Unpacking libxcb-randr0:amd64 (1.12-1) ...
Selecting previously unselected package libxcb-render0:amd64.
Preparing to unpack .../115-libxcb-render0_1.12-1_amd64.deb ...
Unpacking libxcb-render0:amd64 (1.12-1) ...
Selecting previously unselected package libxcb-render0-dev:amd64.
Preparing to unpack .../116-libxcb-render0-dev_1.12-1_amd64.deb ...
Unpacking libxcb-render0-dev:amd64 (1.12-1) ...
Selecting previously unselected package libxcb-randr0-dev:amd64.
Preparing to unpack .../117-libxcb-randr0-dev_1.12-1_amd64.deb ...
Unpacking libxcb-randr0-dev:amd64 (1.12-1) ...
Selecting previously unselected package libxcb-shape0:amd64.
Preparing to unpack .../118-libxcb-shape0_1.12-1_amd64.deb ...
Unpacking libxcb-shape0:amd64 (1.12-1) ...
Selecting previously unselected package libxcb-shape0-dev:amd64.
Preparing to unpack .../119-libxcb-shape0-dev_1.12-1_amd64.deb ...
Unpacking libxcb-shape0-dev:amd64 (1.12-1) ...
Selecting previously unselected package libxcb-xfixes0-dev:amd64.
Preparing to unpack .../120-libxcb-xfixes0-dev_1.12-1_amd64.deb ...
Unpacking libxcb-xfixes0-dev:amd64 (1.12-1) ...
Selecting previously unselected package libxcb-sync-dev:amd64.
Preparing to unpack .../121-libxcb-sync-dev_1.12-1_amd64.deb ...
Unpacking libxcb-sync-dev:amd64 (1.12-1) ...
Selecting previously unselected package libxcb-present-dev:amd64.
Preparing to unpack .../122-libxcb-present-dev_1.12-1_amd64.deb ...
Unpacking libxcb-present-dev:amd64 (1.12-1) ...
Selecting previously unselected package libxshmfence-dev:amd64.
Preparing to unpack .../123-libxshmfence-dev_1.2-1+b2_amd64.deb ...
Unpacking libxshmfence-dev:amd64 (1.2-1+b2) ...
Selecting previously unselected package libxcb-dri2-0-dev:amd64.
Preparing to unpack .../124-libxcb-dri2-0-dev_1.12-1_amd64.deb ...
Unpacking libxcb-dri2-0-dev:amd64 (1.12-1) ...
Selecting previously unselected package libxcb-glx0-dev:amd64.
Preparing to unpack .../125-libxcb-glx0-dev_1.12-1_amd64.deb ...
Unpacking libxcb-glx0-dev:amd64 (1.12-1) ...
Selecting previously unselected package x11proto-xext-dev.
Preparing to unpack .../126-x11proto-xext-dev_7.3.0-1_all.deb ...
Unpacking x11proto-xext-dev (7.3.0-1) ...
Selecting previously unselected package x11proto-fixes-dev.
Preparing to unpack .../127-x11proto-fixes-dev_1%3a5.0-2_all.deb ...
Unpacking x11proto-fixes-dev (1:5.0-2) ...
Selecting previously unselected package libxfixes-dev:amd64.
Preparing to unpack .../128-libxfixes-dev_1%3a5.0.3-1_amd64.deb ...
Unpacking libxfixes-dev:amd64 (1:5.0.3-1) ...
Selecting previously unselected package x11proto-damage-dev.
Preparing to unpack .../129-x11proto-damage-dev_1%3a1.2.1-2_all.deb ...
Unpacking x11proto-damage-dev (1:1.2.1-2) ...
Selecting previously unselected package libxdamage-dev:amd64.
Preparing to unpack .../130-libxdamage-dev_1%3a1.1.4-2+b3_amd64.deb ...
Unpacking libxdamage-dev:amd64 (1:1.1.4-2+b3) ...
Selecting previously unselected package libxext-dev:amd64.
Preparing to unpack .../131-libxext-dev_2%3a1.3.3-1+b2_amd64.deb ...
Unpacking libxext-dev:amd64 (2:1.3.3-1+b2) ...
Selecting previously unselected package x11proto-xf86vidmode-dev.
Preparing to unpack .../132-x11proto-xf86vidmode-dev_2.3.1-2_all.deb ...
Unpacking x11proto-xf86vidmode-dev (2.3.1-2) ...
Selecting previously unselected package libxxf86vm-dev:amd64.
Preparing to unpack .../133-libxxf86vm-dev_1%3a1.1.4-1+b2_amd64.deb ...
Unpacking libxxf86vm-dev:amd64 (1:1.1.4-1+b2) ...
Selecting previously unselected package x11proto-dri2-dev.
Preparing to unpack .../134-x11proto-dri2-dev_2.8-2_all.deb ...
Unpacking x11proto-dri2-dev (2.8-2) ...
Selecting previously unselected package x11proto-gl-dev.
Preparing to unpack .../135-x11proto-gl-dev_1.4.17-1_all.deb ...
Unpacking x11proto-gl-dev (1.4.17-1) ...
Selecting previously unselected package libgl1-mesa-dev:amd64.
Preparing to unpack .../136-libgl1-mesa-dev_17.1.5-1_amd64.deb ...
Unpacking libgl1-mesa-dev:amd64 (17.1.5-1) ...
Selecting previously unselected package libxrender1:amd64.
Preparing to unpack .../137-libxrender1_1%3a0.9.10-1_amd64.deb ...
Unpacking libxrender1:amd64 (1:0.9.10-1) ...
Selecting previously unselected package libxcursor1:amd64.
Preparing to unpack .../138-libxcursor1_1%3a1.1.14-1+b4_amd64.deb ...
Unpacking libxcursor1:amd64 (1:1.1.14-1+b4) ...
Selecting previously unselected package libxinerama1:amd64.
Preparing to unpack .../139-libxinerama1_2%3a1.1.3-1+b3_amd64.deb ...
Unpacking libxinerama1:amd64 (2:1.1.3-1+b3) ...
Selecting previously unselected package libxrandr2:amd64.
Preparing to unpack .../140-libxrandr2_2%3a1.5.1-1_amd64.deb ...
Unpacking libxrandr2:amd64 (2:1.5.1-1) ...
Selecting previously unselected package libglfw3:amd64.
Preparing to unpack .../141-libglfw3_3.2.1-1_amd64.deb ...
Unpacking libglfw3:amd64 (3.2.1-1) ...
Selecting previously unselected package libglfw3-dev:amd64.
Preparing to unpack .../142-libglfw3-dev_3.2.1-1_amd64.deb ...
Unpacking libglfw3-dev:amd64 (3.2.1-1) ...
Selecting previously unselected package libglu1-mesa:amd64.
Preparing to unpack .../143-libglu1-mesa_9.0.0-2.1_amd64.deb ...
Unpacking libglu1-mesa:amd64 (9.0.0-2.1) ...
Selecting previously unselected package libglu1-mesa-dev:amd64.
Preparing to unpack .../144-libglu1-mesa-dev_9.0.0-2.1_amd64.deb ...
Unpacking libglu1-mesa-dev:amd64 (9.0.0-2.1) ...
Selecting previously unselected package libjemalloc1.
Preparing to unpack .../145-libjemalloc1_3.6.0-10_amd64.deb ...
Unpacking libjemalloc1 (3.6.0-10) ...
Selecting previously unselected package libjemalloc-dev.
Preparing to unpack .../146-libjemalloc-dev_3.6.0-10_amd64.deb ...
Unpacking libjemalloc-dev (3.6.0-10) ...
Selecting previously unselected package liblapack3.
Preparing to unpack .../147-liblapack3_3.7.1-1_amd64.deb ...
Unpacking liblapack3 (3.7.1-1) ...
Selecting previously unselected package liblog4cplus-1.1-9.
Preparing to unpack .../148-liblog4cplus-1.1-9_1.1.2-3.2_amd64.deb ...
Unpacking liblog4cplus-1.1-9 (1.1.2-3.2) ...
Selecting previously unselected package liblog4cplus-dev.
Preparing to unpack .../149-liblog4cplus-dev_1.1.2-3.2_amd64.deb ...
Unpacking liblog4cplus-dev (1.1.2-3.2) ...
Selecting previously unselected package libpython-all-dev:amd64.
Preparing to unpack .../150-libpython-all-dev_2.7.13-2_amd64.deb ...
Unpacking libpython-all-dev:amd64 (2.7.13-2) ...
Selecting previously unselected package libtbb2:amd64.
Preparing to unpack .../151-libtbb2_2017~U7-6_amd64.deb ...
Unpacking libtbb2:amd64 (2017~U7-6) ...
Selecting previously unselected package libtbb-dev:amd64.
Preparing to unpack .../152-libtbb-dev_2017~U7-6_amd64.deb ...
Unpacking libtbb-dev:amd64 (2017~U7-6) ...
Selecting previously unselected package python-all.
Preparing to unpack .../153-python-all_2.7.13-2_amd64.deb ...
Unpacking python-all (2.7.13-2) ...
Selecting previously unselected package python-all-dev.
Preparing to unpack .../154-python-all-dev_2.7.13-2_amd64.deb ...
Unpacking python-all-dev (2.7.13-2) ...
Selecting previously unselected package python-numpy.
Preparing to unpack .../155-python-numpy_1%3a1.12.1-3+b2_amd64.deb ...
Unpacking python-numpy (1:1.12.1-3+b2) ...
Selecting previously unselected package zlib1g-dev:amd64.
Preparing to unpack .../156-zlib1g-dev_1%3a1.2.8.dfsg-5_amd64.deb ...
Unpacking zlib1g-dev:amd64 (1:1.2.8.dfsg-5) ...
Selecting previously unselected package sbuild-build-depends-openvdb-dummy.
Preparing to unpack .../157-sbuild-build-depends-openvdb-dummy_0.invalid.0_amd64.deb ...
Unpacking sbuild-build-depends-openvdb-dummy (0.invalid.0) ...
Setting up libcppunit-1.14-0:amd64 (1.14.0-3) ...
Setting up libboost-serialization1.62.0:amd64 (1.62.0+dfsg-4+b1) ...
Setting up readline-common (7.0-3) ...
Setting up x11proto-dri2-dev (2.8-2) ...
Setting up libboost-date-time1.62.0:amd64 (1.62.0+dfsg-4+b1) ...
Setting up libarchive-zip-perl (1.59-1) ...
Setting up mime-support (3.60) ...
Setting up libboost1.62-dev:amd64 (1.62.0+dfsg-4+b1) ...
Setting up libjemalloc1 (3.6.0-10) ...
Setting up libtimedate-perl (2.3000-2) ...
Setting up libsigsegv2:amd64 (2.11-1) ...
Setting up libpthread-stubs0-dev:amd64 (0.3-4) ...
Setting up libreadline7:amd64 (7.0-3) ...
Setting up libblas-common (3.7.1-1) ...
Setting up libtbb2:amd64 (2017~U7-6) ...
Setting up libgfortran3:amd64 (6.4.0-3) ...
Setting up groff-base (1.22.3-9) ...
Setting up libglib2.0-0:amd64 (2.53.4-3) ...
No schema files found: doing nothing.
Setting up libxshmfence1:amd64 (1.2-1+b2) ...
Setting up xorg-sgml-doctools (1:1.11-1) ...
Setting up libcppunit-dev (1.14.0-3) ...
Setting up libzstd1 (1.2.0-1) ...
Setting up x11proto-xf86vidmode-dev (2.3.1-2) ...
Setting up gettext-base (0.19.8.1-2+b1) ...
Setting up libpipeline1:amd64 (1.4.2-1) ...
Setting up x11proto-kb-dev (1.0.7-1) ...
Setting up libglapi-mesa:amd64 (17.1.5-1) ...
Setting up m4 (1.4.18-1) ...
Setting up libicu57:amd64 (57.1-6) ...
Setting up libjemalloc-dev (3.6.0-10) ...
Setting up liblog4cplus-1.1-9 (1.1.2-3.2) ...
Setting up libboost-serialization1.62-dev:amd64 (1.62.0+dfsg-4+b1) ...
Setting up libxml2:amd64 (2.9.4+dfsg1-3) ...
Setting up libmagic-mgc (1:5.31-1) ...
Setting up libmagic1:amd64 (1:5.31-1) ...
Setting up libdrm-common (2.4.82-1) ...
Setting up libcroco3:amd64 (0.6.12-1) ...
Setting up libboost-iostreams1.62.0:amd64 (1.62.0+dfsg-4+b1) ...
Setting up libilmbase12:amd64 (2.2.0-12) ...
Setting up libx11-xcb1:amd64 (2:1.6.4-3) ...
Setting up xtrans-dev (1.3.5-1) ...
Setting up libblas3 (3.7.1-1) ...
update-alternatives: using /usr/lib/libblas/libblas.so.3 to provide /usr/lib/libblas.so.3 (libblas.so.3) in auto mode
Processing triggers for libc-bin (2.24-14) ...
Setting up autotools-dev (20161112.1) ...
Setting up libsnappy1v5:amd64 (1.1.6-3) ...
Setting up x11proto-gl-dev (1.4.17-1) ...
Setting up libsqlite3-0:amd64 (3.19.3-3) ...
Setting up libboost-atomic1.62.0:amd64 (1.62.0+dfsg-4+b1) ...
Setting up libexpat1-dev:amd64 (2.2.3-1) ...
Setting up libpciaccess0:amd64 (0.13.4-1+b2) ...
Setting up libboost-python1.62.0 (1.62.0+dfsg-4+b1) ...
Setting up icu-devtools (57.1-6) ...
Setting up libboost-dev:amd64 (1.62.0.1) ...
Setting up libxdmcp6:amd64 (1:1.1.2-3) ...
Setting up bsdmainutils (9.0.12+nmu1) ...
update-alternatives: using /usr/bin/bsd-write to provide /usr/bin/write (write) in auto mode
update-alternatives: using /usr/bin/bsd-from to provide /usr/bin/from (from) in auto mode
Setting up libtbb-dev:amd64 (2017~U7-6) ...
Setting up libx11-data (2:1.6.4-3) ...
Setting up libpython2.7-stdlib:amd64 (2.7.13-4) ...
Setting up libxau6:amd64 (1:1.0.8-1+b2) ...
Setting up autopoint (0.19.8.1-2) ...
Setting up libmpdec2:amd64 (2.4.2-1) ...
Setting up libboost-system1.62.0:amd64 (1.62.0+dfsg-4+b1) ...
Setting up zlib1g-dev:amd64 (1:1.2.8.dfsg-5) ...
Setting up libfile-stripnondeterminism-perl (0.038-1) ...
Setting up libboost-atomic1.62-dev:amd64 (1.62.0+dfsg-4+b1) ...
Setting up libboost-date-time1.62-dev:amd64 (1.62.0+dfsg-4+b1) ...
Setting up libblosc1 (1.11.1+ds2-2) ...
Setting up liblog4cplus-dev (1.1.2-3.2) ...
Setting up x11proto-core-dev (7.0.31-1) ...
Setting up libilmbase-dev (2.2.0-12) ...
Setting up libxshmfence-dev:amd64 (1.2-1+b2) ...
Setting up gettext (0.19.8.1-2+b1) ...
Setting up libboost-thread1.62.0:amd64 (1.62.0+dfsg-4+b1) ...
Setting up liblapack3 (3.7.1-1) ...
update-alternatives: using /usr/lib/lapack/liblapack.so.3 to provide /usr/lib/liblapack.so.3 (liblapack.so.3) in auto mode
Setting up libpython3.5-stdlib:amd64 (3.5.4-2) ...
Setting up libboost-regex1.62.0:amd64 (1.62.0+dfsg-4+b1) ...
Setting up python2.7 (2.7.13-4) ...
Setting up libxau-dev:amd64 (1:1.0.8-1+b2) ...
Setting up autoconf (2.69-10) ...
Setting up libicu-dev (57.1-6) ...
Setting up libopenexr22:amd64 (2.2.0-11+b1) ...
Setting up file (1:5.31-1) ...
Setting up libdrm2:amd64 (2.4.82-1) ...
Setting up libpython-stdlib:amd64 (2.7.13-2) ...
Setting up intltool-debian (0.35.0+20060710.4) ...
Setting up libdrm-intel1:amd64 (2.4.82-1) ...
Setting up libxdmcp-dev:amd64 (1:1.1.2-3) ...
Setting up libboost-system1.62-dev:amd64 (1.62.0+dfsg-4+b1) ...
Setting up libboost-filesystem1.62.0:amd64 (1.62.0+dfsg-4+b1) ...
Setting up libpython2.7:amd64 (2.7.13-4) ...
Setting up automake (1:1.15.1-2) ...
update-alternatives: using /usr/bin/automake-1.15 to provide /usr/bin/automake (automake) in auto mode
Setting up libopenexr-dev (2.2.0-11+b1) ...
Setting up man-db (2.7.6.1-2) ...
Not building database; man-db/auto-update is not 'true'.
Setting up libblosc-dev (1.11.1+ds2-2) ...
Setting up libpython2.7-dev:amd64 (2.7.13-4) ...
Setting up libdrm-radeon1:amd64 (2.4.82-1) ...
Setting up libdrm-nouveau2:amd64 (2.4.82-1) ...
Setting up python2.7-dev (2.7.13-4) ...
Setting up libxcb1:amd64 (1.12-1) ...
Setting up x11proto-input-dev (2.3.2-1) ...
Setting up python (2.7.13-2) ...
Setting up libboost-chrono1.62.0:amd64 (1.62.0+dfsg-4+b1) ...
Setting up libtool (2.4.6-2) ...
Setting up python3.5 (3.5.4-2) ...
Setting up libpython3-stdlib:amd64 (3.5.3-3) ...
Setting up libxcb-present0:amd64 (1.12-1) ...
Setting up libpython-dev:amd64 (2.7.13-2) ...
Setting up libxcb-dri2-0:amd64 (1.12-1) ...
Setting up libxcb-dri3-0:amd64 (1.12-1) ...
Setting up libxcb-glx0:amd64 (1.12-1) ...
Setting up libxcb-randr0:amd64 (1.12-1) ...
Setting up libxcb-xfixes0:amd64 (1.12-1) ...
Setting up libxcb-render0:amd64 (1.12-1) ...
Setting up libboost-filesystem1.62-dev:amd64 (1.62.0+dfsg-4+b1) ...
Setting up po-debconf (1.0.20) ...
Setting up libdrm-amdgpu1:amd64 (2.4.82-1) ...
Setting up libboost-regex1.62-dev:amd64 (1.62.0+dfsg-4+b1) ...
Setting up libpython3.5:amd64 (3.5.4-2) ...
Setting up python-dev (2.7.13-2) ...
Setting up libboost-system-dev:amd64 (1.62.0.1) ...
Setting up libdrm-dev:amd64 (2.4.82-1) ...
Setting up libboost-iostreams1.62-dev:amd64 (1.62.0+dfsg-4+b1) ...
Setting up libx11-6:amd64 (2:1.6.4-3) ...
Setting up libpython-all-dev:amd64 (2.7.13-2) ...
Setting up libboost-filesystem-dev:amd64 (1.62.0.1) ...
Setting up libboost-chrono1.62-dev:amd64 (1.62.0+dfsg-4+b1) ...
Setting up libpython3.5-dev:amd64 (3.5.4-2) ...
Setting up python-numpy (1:1.12.1-3+b2) ...
Setting up libxcb-sync1:amd64 (1.12-1) ...
Setting up x11proto-xext-dev (7.3.0-1) ...
Setting up libboost-iostreams-dev:amd64 (1.62.0.1) ...
Setting up libboost-thread1.62-dev:amd64 (1.62.0+dfsg-4+b1) ...
Setting up libxcb-shape0:amd64 (1.12-1) ...
Setting up libxrender1:amd64 (1:0.9.10-1) ...
Setting up libxcb1-dev:amd64 (1.12-1) ...
Setting up libxcb-glx0-dev:amd64 (1.12-1) ...
Setting up libx11-dev:amd64 (2:1.6.4-3) ...
Setting up python3.5-dev (3.5.4-2) ...
Setting up python-all (2.7.13-2) ...
Setting up libxcb-sync-dev:amd64 (1.12-1) ...
Setting up libpython3-dev:amd64 (3.5.3-3) ...
Setting up libx11-xcb-dev:amd64 (2:1.6.4-3) ...
Setting up mesa-common-dev:amd64 (17.1.5-1) ...
Setting up libboost-thread-dev:amd64 (1.62.0.1) ...
Setting up libxext6:amd64 (2:1.3.3-1+b2) ...
Setting up libxfixes3:amd64 (1:5.0.3-1) ...
Setting up x11proto-fixes-dev (1:5.0-2) ...
Setting up libxcb-dri2-0-dev:amd64 (1.12-1) ...
Setting up libxcb-render0-dev:amd64 (1.12-1) ...
Setting up x11proto-damage-dev (1:1.2.1-2) ...
Setting up libxcb-dri3-dev:amd64 (1.12-1) ...
Setting up libxcursor1:amd64 (1:1.1.14-1+b4) ...
Setting up python-all-dev (2.7.13-2) ...
Setting up libxext-dev:amd64 (2:1.3.3-1+b2) ...
Setting up libxcb-shape0-dev:amd64 (1.12-1) ...
Setting up libxxf86vm1:amd64 (1:1.1.4-1+b2) ...
Setting up libxxf86vm-dev:amd64 (1:1.1.4-1+b2) ...
Setting up libxfixes-dev:amd64 (1:5.0.3-1) ...
Setting up libxrandr2:amd64 (2:1.5.1-1) ...
Setting up libxinerama1:amd64 (2:1.1.3-1+b3) ...
Setting up libxcb-randr0-dev:amd64 (1.12-1) ...
Setting up libxdamage1:amd64 (1:1.1.4-2+b3) ...
Setting up libxcb-xfixes0-dev:amd64 (1.12-1) ...
Setting up libxdamage-dev:amd64 (1:1.1.4-2+b3) ...
Setting up libgl1-mesa-glx:amd64 (17.1.5-1) ...
Setting up libglu1-mesa:amd64 (9.0.0-2.1) ...
Setting up libxcb-present-dev:amd64 (1.12-1) ...
Setting up libglfw3:amd64 (3.2.1-1) ...
Setting up libgl1-mesa-dev:amd64 (17.1.5-1) ...
Setting up libglfw3-dev:amd64 (3.2.1-1) ...
Setting up libglu1-mesa-dev:amd64 (9.0.0-2.1) ...
Setting up python3 (3.5.3-3) ...
Setting up python3-dev (3.5.3-3) ...
Setting up dh-python (2.20170125) ...
Setting up dh-autoreconf (14) ...
Setting up libboost-python1.62-dev (1.62.0+dfsg-4+b1) ...
Setting up dh-strip-nondeterminism (0.038-1) ...
Setting up libboost-python-dev (1.62.0.1) ...
Setting up debhelper (10.7.2) ...
Setting up sbuild-build-depends-openvdb-dummy (0.invalid.0) ...
Processing triggers for libc-bin (2.24-14) ...

+------------------------------------------------------------------------------+
| Build environment                                                            |
+------------------------------------------------------------------------------+

Kernel: Linux 4.9.0-2-amd64 amd64 (x86_64)
Toolchain package versions: binutils_2.29-4 dpkg-dev_1.18.24 g++-7_7.2.0-1 gcc-7_7.2.0-1 libc6-dev_2.24-14 libstdc++-6-dev_6.4.0-3 libstdc++-7-dev_7.2.0-1 libstdc++6_7.2.0-1 linux-libc-dev_4.12.6-1
Package versions: adduser_3.116 apt_1.5~beta2 autoconf_2.69-10 automake_1:1.15.1-2 autopoint_0.19.8.1-2 autotools-dev_20161112.1 base-files_10 base-passwd_3.5.43 bash_4.4-5 binutils_2.29-4 bsdmainutils_9.0.12+nmu1 bsdutils_1:2.29.2-4 build-essential_12.3 bzip2_1.0.6-8.1 clang-5.0_1:5.0~+rc2-1 coreutils_8.26-3 cpp_4:7.1.0-2 cpp-7_7.2.0-1 dash_0.5.8-2.5 debconf_1.5.63 debfoster_2.7-2.1+b1 debhelper_10.7.2 debian-archive-keyring_2017.5 debianutils_4.8.2 dh-autoreconf_14 dh-python_2.20170125 dh-strip-nondeterminism_0.038-1 diffutils_1:3.6-1 dpkg_1.18.24 dpkg-dev_1.18.24 e2fslibs_1.43.5-1 e2fsprogs_1.43.5-1 eatmydata_105-5 fakeroot_1.22-1 fdisk_2.29.2-4 file_1:5.31-1 findutils_4.6.0+git+20170729-2 g++_4:7.1.0-2 g++-7_7.2.0-1 gcc_4:7.1.0-2 gcc-6-base_6.4.0-3 gcc-7_7.2.0-1 gcc-7-base_7.2.0-1 gettext_0.19.8.1-2+b1 gettext-base_0.19.8.1-2+b1 gpgv_2.1.23-2 grep_3.1-2 groff-base_1.22.3-9 gzip_1.6-5+b1 hostname_3.18+b1 icu-devtools_57.1-6 init-system-helpers_1.49 intltool-debian_0.35.0+20060710.4 libacl1_2.2.52-3+b1 libapt-pkg5.0_1.5~beta2 libarchive-zip-perl_1.59-1 libasan3_6.4.0-3 libasan4_7.2.0-1 libatomic1_7.2.0-1 libattr1_1:2.4.47-2+b2 libaudit-common_1:2.7.7-1 libaudit1_1:2.7.7-1+b2 libblas-common_3.7.1-1 libblas3_3.7.1-1 libblkid1_2.29.2-4 libblosc-dev_1.11.1+ds2-2 libblosc1_1.11.1+ds2-2 libboost-atomic1.62-dev_1.62.0+dfsg-4+b1 libboost-atomic1.62.0_1.62.0+dfsg-4+b1 libboost-chrono1.62-dev_1.62.0+dfsg-4+b1 libboost-chrono1.62.0_1.62.0+dfsg-4+b1 libboost-date-time1.62-dev_1.62.0+dfsg-4+b1 libboost-date-time1.62.0_1.62.0+dfsg-4+b1 libboost-dev_1.62.0.1 libboost-filesystem-dev_1.62.0.1 libboost-filesystem1.62-dev_1.62.0+dfsg-4+b1 libboost-filesystem1.62.0_1.62.0+dfsg-4+b1 libboost-iostreams-dev_1.62.0.1 libboost-iostreams1.62-dev_1.62.0+dfsg-4+b1 libboost-iostreams1.62.0_1.62.0+dfsg-4+b1 libboost-python-dev_1.62.0.1 libboost-python1.62-dev_1.62.0+dfsg-4+b1 libboost-python1.62.0_1.62.0+dfsg-4+b1 libboost-regex1.62-dev_1.62.0+dfsg-4+b1 libboost-regex1.62.0_1.62.0+dfsg-4+b1 libboost-serialization1.62-dev_1.62.0+dfsg-4+b1 libboost-serialization1.62.0_1.62.0+dfsg-4+b1 libboost-system-dev_1.62.0.1 libboost-system1.62-dev_1.62.0+dfsg-4+b1 libboost-system1.62.0_1.62.0+dfsg-4+b1 libboost-thread-dev_1.62.0.1 libboost-thread1.62-dev_1.62.0+dfsg-4+b1 libboost-thread1.62.0_1.62.0+dfsg-4+b1 libboost1.62-dev_1.62.0+dfsg-4+b1 libbsd0_0.8.6-1 libbz2-1.0_1.0.6-8.1 libc-bin_2.24-14 libc-dev-bin_2.24-14 libc6_2.24-14 libc6-dev_2.24-14 libcap-ng0_0.7.7-3+b1 libcc1-0_7.2.0-1 libcilkrts5_7.2.0-1 libclang-common-5.0-dev_1:5.0~+rc2-1 libclang1-5.0_1:5.0~+rc2-1 libcomerr2_1.43.5-1 libcppunit-1.14-0_1.14.0-3 libcppunit-dev_1.14.0-3 libcroco3_0.6.12-1 libdb5.3_5.3.28-13 libdebconfclient0_0.229 libdpkg-perl_1.18.24 libdrm-amdgpu1_2.4.82-1 libdrm-common_2.4.82-1 libdrm-dev_2.4.82-1 libdrm-intel1_2.4.82-1 libdrm-nouveau2_2.4.82-1 libdrm-radeon1_2.4.82-1 libdrm2_2.4.82-1 libeatmydata1_105-5 libedit2_3.1-20170329-1 libexpat1_2.2.3-1 libexpat1-dev_2.2.3-1 libfakeroot_1.22-1 libfdisk1_2.29.2-4 libffi6_3.2.1-6 libfile-stripnondeterminism-perl_0.038-1 libgc1c2_1:7.4.2-8 libgcc-6-dev_6.4.0-3 libgcc-7-dev_7.2.0-1 libgcc1_1:7.2.0-1 libgcrypt20_1.7.8-2 libgdbm3_1.8.3-14 libgfortran3_6.4.0-3 libgl1-mesa-dev_17.1.5-1 libgl1-mesa-glx_17.1.5-1 libglapi-mesa_17.1.5-1 libglfw3_3.2.1-1 libglfw3-dev_3.2.1-1 libglib2.0-0_2.53.4-3 libglu1-mesa_9.0.0-2.1 libglu1-mesa-dev_9.0.0-2.1 libgmp10_2:6.1.2+dfsg-1 libgnutls30_3.5.14-3 libgomp1_7.2.0-1 libgpg-error0_1.27-3 libhogweed4_3.3-1+b1 libicu-dev_57.1-6 libicu57_57.1-6 libidn2-0_2.0.2-3 libilmbase-dev_2.2.0-12 libilmbase12_2.2.0-12 libisl15_0.18-1 libitm1_7.2.0-1 libjemalloc-dev_3.6.0-10 libjemalloc1_3.6.0-10 libjsoncpp1_1.7.4-3 liblapack3_3.7.1-1 libllvm5.0_1:5.0~+rc2-1 liblog4cplus-1.1-9_1.1.2-3.2 liblog4cplus-dev_1.1.2-3.2 liblsan0_7.2.0-1 liblz4-1_0.0~r131-2+b1 liblzma5_5.2.2-1.3 libmagic-mgc_1:5.31-1 libmagic1_1:5.31-1 libmount1_2.29.2-4 libmpc3_1.0.3-1+b2 libmpdec2_2.4.2-1 libmpfr4_3.1.5-1 libmpx2_7.2.0-1 libncurses5_6.0+20170715-2 libncursesw5_6.0+20170715-2 libnettle6_3.3-1+b1 libobjc-6-dev_6.4.0-3 libobjc4_7.2.0-1 libopenexr-dev_2.2.0-11+b1 libopenexr22_2.2.0-11+b1 libp11-kit0_0.23.7-3 libpam-modules_1.1.8-3.6 libpam-modules-bin_1.1.8-3.6 libpam-runtime_1.1.8-3.6 libpam0g_1.1.8-3.6 libpciaccess0_0.13.4-1+b2 libpcre3_2:8.39-4 libperl5.26_5.26.0-5 libpipeline1_1.4.2-1 libpthread-stubs0-dev_0.3-4 libpython-all-dev_2.7.13-2 libpython-dev_2.7.13-2 libpython-stdlib_2.7.13-2 libpython2.7_2.7.13-4 libpython2.7-dev_2.7.13-4 libpython2.7-minimal_2.7.13-4 libpython2.7-stdlib_2.7.13-4 libpython3-dev_3.5.3-3 libpython3-stdlib_3.5.3-3 libpython3.5_3.5.4-2 libpython3.5-dev_3.5.4-2 libpython3.5-minimal_3.5.4-2 libpython3.5-stdlib_3.5.4-2 libquadmath0_7.2.0-1 libreadline7_7.0-3 libselinux1_2.6-3+b2 libsemanage-common_2.6-2 libsemanage1_2.6-2+b1 libsepol1_2.6-2 libsigsegv2_2.11-1 libsmartcols1_2.29.2-4 libsnappy1v5_1.1.6-3 libsqlite3-0_3.19.3-3 libss2_1.43.5-1 libssl1.1_1.1.0f-4 libstdc++-6-dev_6.4.0-3 libstdc++-7-dev_7.2.0-1 libstdc++6_7.2.0-1 libsystemd0_234-2 libtasn1-6_4.12-2.1 libtbb-dev_2017~U7-6 libtbb2_2017~U7-6 libtimedate-perl_2.3000-2 libtinfo5_6.0+20170715-2 libtool_2.4.6-2 libtsan0_7.2.0-1 libubsan0_7.2.0-1 libudev1_234-2 libunistring2_0.9.7-2 libustr-1.0-1_1.0.4-6 libuuid1_2.29.2-4 libx11-6_2:1.6.4-3 libx11-data_2:1.6.4-3 libx11-dev_2:1.6.4-3 libx11-xcb-dev_2:1.6.4-3 libx11-xcb1_2:1.6.4-3 libxau-dev_1:1.0.8-1+b2 libxau6_1:1.0.8-1+b2 libxcb-dri2-0_1.12-1 libxcb-dri2-0-dev_1.12-1 libxcb-dri3-0_1.12-1 libxcb-dri3-dev_1.12-1 libxcb-glx0_1.12-1 libxcb-glx0-dev_1.12-1 libxcb-present-dev_1.12-1 libxcb-present0_1.12-1 libxcb-randr0_1.12-1 libxcb-randr0-dev_1.12-1 libxcb-render0_1.12-1 libxcb-render0-dev_1.12-1 libxcb-shape0_1.12-1 libxcb-shape0-dev_1.12-1 libxcb-sync-dev_1.12-1 libxcb-sync1_1.12-1 libxcb-xfixes0_1.12-1 libxcb-xfixes0-dev_1.12-1 libxcb1_1.12-1 libxcb1-dev_1.12-1 libxcursor1_1:1.1.14-1+b4 libxdamage-dev_1:1.1.4-2+b3 libxdamage1_1:1.1.4-2+b3 libxdmcp-dev_1:1.1.2-3 libxdmcp6_1:1.1.2-3 libxext-dev_2:1.3.3-1+b2 libxext6_2:1.3.3-1+b2 libxfixes-dev_1:5.0.3-1 libxfixes3_1:5.0.3-1 libxinerama1_2:1.1.3-1+b3 libxml2_2.9.4+dfsg1-3 libxrandr2_2:1.5.1-1 libxrender1_1:0.9.10-1 libxshmfence-dev_1.2-1+b2 libxshmfence1_1.2-1+b2 libxxf86vm-dev_1:1.1.4-1+b2 libxxf86vm1_1:1.1.4-1+b2 libzstd1_1.2.0-1 linux-libc-dev_4.12.6-1 login_1:4.4-4.1 m4_1.4.18-1 make_4.1-9.1 man-db_2.7.6.1-2 mawk_1.3.3-17+b3 mesa-common-dev_17.1.5-1 mime-support_3.60 mount_2.29.2-4 multiarch-support_2.24-14 ncurses-base_6.0+20170715-2 ncurses-bin_6.0+20170715-2 passwd_1:4.4-4.1 patch_2.7.5-1+b2 perl_5.26.0-5 perl-base_5.26.0-5 perl-modules-5.26_5.26.0-5 po-debconf_1.0.20 python_2.7.13-2 python-all_2.7.13-2 python-all-dev_2.7.13-2 python-dev_2.7.13-2 python-minimal_2.7.13-2 python-numpy_1:1.12.1-3+b2 python2.7_2.7.13-4 python2.7-dev_2.7.13-4 python2.7-minimal_2.7.13-4 python3_3.5.3-3 python3-dev_3.5.3-3 python3-minimal_3.5.3-3 python3.5_3.5.4-2 python3.5-dev_3.5.4-2 python3.5-minimal_3.5.4-2 readline-common_7.0-3 sbuild-build-depends-core-dummy_0.invalid.0 sbuild-build-depends-openvdb-dummy_0.invalid.0 sed_4.4-1 sensible-utils_0.0.10 sysvinit-utils_2.88dsf-59.9 tar_1.29b-2 util-linux_2.29.2-4 x11proto-core-dev_7.0.31-1 x11proto-damage-dev_1:1.2.1-2 x11proto-dri2-dev_2.8-2 x11proto-fixes-dev_1:5.0-2 x11proto-gl-dev_1.4.17-1 x11proto-input-dev_2.3.2-1 x11proto-kb-dev_1.0.7-1 x11proto-xext-dev_7.3.0-1 x11proto-xf86vidmode-dev_2.3.1-2 xorg-sgml-doctools_1:1.11-1 xtrans-dev_1.3.5-1 xz-utils_5.2.2-1.3 zlib1g_1:1.2.8.dfsg-5 zlib1g-dev_1:1.2.8.dfsg-5

+------------------------------------------------------------------------------+
| Build                                                                        |
+------------------------------------------------------------------------------+


Unpack source
-------------

gpgv: unknown type of key resource 'trustedkeys.kbx'
gpgv: keyblock resource '/sbuild-nonexistent/.gnupg/trustedkeys.kbx': General error
gpgv: Signature made Sat Dec 24 08:43:13 2016 UTC
gpgv:                using RSA key 73B299CBD4EEADDCC017E87A5BFFDCC258E69433
gpgv:                issuer "jspricke@debian.org"
gpgv: Can't check signature: No public key
dpkg-source: warning: failed to verify signature on ./openvdb_3.2.0-2.1.dsc
dpkg-source: info: extracting openvdb in /<<PKGBUILDDIR>>
dpkg-source: info: unpacking openvdb_3.2.0.orig.tar.gz
dpkg-source: info: unpacking openvdb_3.2.0-2.1.debian.tar.xz
dpkg-source: info: applying install_lib.patch
dpkg-source: info: applying removerpath.patch
dpkg-source: info: applying use_svg.patch
dpkg-source: info: applying fixversionnamesrc.patch
dpkg-source: info: applying numpy.patch
dpkg-source: info: applying size_t.patch
dpkg-source: info: applying isystem.patch
dpkg-source: info: applying remove_cxx0.patch

Check disk space
----------------

Sufficient free space for build

User Environment
----------------

APT_CONFIG=/var/lib/sbuild/apt.conf
HOME=/sbuild-nonexistent
LANG=en_US.UTF-8
LC_ALL=POSIX
LOGNAME=user42
PATH=/usr/local/sbin:/usr/local/bin:/usr/sbin:/usr/bin:/sbin:/bin:/usr/games
SCHROOT_ALIAS_NAME=unstable-amd64-sbuild
SCHROOT_CHROOT_NAME=unstable-amd64-sbuild
SCHROOT_COMMAND=env
SCHROOT_GID=1001
SCHROOT_GROUP=user42
SCHROOT_SESSION_ID=unstable-amd64-sbuild-0d379c4c-b45d-4bd9-b710-fad546136e32
SCHROOT_UID=1001
SCHROOT_USER=user42
SHELL=/bin/sh
USER=user42

dpkg-buildpackage
-----------------

dpkg-buildpackage: info: source package openvdb
dpkg-buildpackage: info: source version 3.2.0-2.1
dpkg-buildpackage: info: source distribution unstable
dpkg-buildpackage: info: source changed by Jochen Sprickerhof <jspricke@debian.org>
 dpkg-source --before-build openvdb-3.2.0
dpkg-buildpackage: info: host architecture amd64
 fakeroot debian/rules clean
dh clean --parallel --with python2
   dh_auto_clean -O--parallel
	make -j16 clean
make[1]: Entering directory '/<<PKGBUILDDIR>>'
rm -f Grid.o io/Archive.o io/Compression.o io/File.o io/GridDescriptor.o io/Queue.o io/Stream.o io/TempFile.o math/Maps.o math/Proximity.o math/QuantizedUnitVec.o math/Transform.o metadata/Metadata.o metadata/MetaMap.o openvdb.o Platform.o util/Formats.o util/Util.o libopenvdb.so.3.2.0 vdb_test vdb_print vdb_render vdb_view dependencies libopenvdb.so libopenvdb.so.3.2 pyopenvdb.so  dependencies
rm -f libopenvdb.a
rm -f libopenvdb.so.3.2.0
rm -f viewer/Camera.o viewer/ClipBox.o viewer/Font.o viewer/RenderModules.o viewer/Viewer.o
rm -f python/pyFloatGrid.o python/pyIntGrid.o python/pyMetadata.o python/pyOpenVDBModule.o python/pyTransform.o python/pyVec3Grid.o
rm -f unittest/main.o unittest/TestBBox.o unittest/TestConjGradient.o unittest/TestCoord.o unittest/TestCpt.o unittest/TestCurl.o unittest/TestDense.o unittest/TestDenseSparseTools.o unittest/TestDiagnostics.o unittest/TestDivergence.o unittest/TestDoubleMetadata.o unittest/TestExceptions.o unittest/TestFile.o unittest/TestFloatMetadata.o unittest/TestGradient.o unittest/TestGrid.o unittest/TestGridBbox.o unittest/TestGridDescriptor.o unittest/TestGridIO.o unittest/TestGridTransformer.o unittest/TestInit.o unittest/TestInt32Metadata.o unittest/TestInt64Metadata.o unittest/TestInternalOrigin.o unittest/TestLaplacian.o unittest/TestLeaf.o unittest/TestLeafBool.o unittest/TestLeafManager.o unittest/TestLeafMask.o unittest/TestLeafIO.o unittest/TestLeafOrigin.o unittest/TestLevelSetRayIntersector.o unittest/TestLevelSetUtil.o unittest/TestLinearInterp.o unittest/TestMaps.o unittest/TestMat4Metadata.o unittest/TestMath.o unittest/TestMeanCurvature.o unittest/TestMeshToVolume.o unittest/TestMetadata.o unittest/TestMetadataIO.o unittest/TestMetaMap.o unittest/TestMultiResGrid.o unittest/TestName.o unittest/TestNodeIterator.o unittest/TestNodeManager.o unittest/TestNodeMask.o unittest/TestParticleAtlas.o unittest/TestParticlesToLevelSet.o unittest/TestPointIndexGrid.o unittest/TestPointPartitioner.o unittest/TestPointsToMask.o unittest/TestPoissonSolver.o unittest/TestPrePostAPI.o unittest/TestQuadraticInterp.o unittest/TestQuantizedUnitVec.o unittest/TestQuat.o unittest/TestRay.o unittest/TestStats.o unittest/TestStream.o unittest/TestStringMetadata.o unittest/TestTools.o unittest/TestTopologyToLevelSet.o unittest/TestTransform.o unittest/TestTree.o unittest/TestTreeCombine.o unittest/TestTreeGetSetValues.o unittest/TestTreeIterators.o unittest/TestTreeVisitor.o unittest/TestUtil.o unittest/TestValueAccessor.o unittest/TestVec2Metadata.o unittest/TestVec3Metadata.o unittest/TestVolumeRayIntersector.o unittest/TestVolumeToMesh.o
rm -f -r ./doc/html ./doc/latex
make[1]: Leaving directory '/<<PKGBUILDDIR>>'
   debian/rules override_dh_clean
make[1]: Entering directory '/<<PKGBUILDDIR>>'
#test -h openvdb || { unlink openvdb; }
dh_clean doc/doxygen_sqlite3.db
make[1]: Leaving directory '/<<PKGBUILDDIR>>'
 debian/rules build-arch
dh build-arch --parallel --with python2
   dh_update_autotools_config -a -O--parallel
   dh_auto_configure -a -O--parallel
   debian/rules override_dh_auto_build-arch
make[1]: Entering directory '/<<PKGBUILDDIR>>'
test -h openvdb || ln -f -s . openvdb
dh_auto_build -- DOXYGEN= EPYDOC= CPPUNIT_INCL_DIR=/usr/include CPPUNIT_LIB_DIR=/usr/lib/x86_64-linux-gnu EXR_INCL_DIR=/usr/include/OpenEXR EXR_LIB_DIR=/usr/lib/x86_64-linux-gnu ILMBASE_INCL_DIR=/usr/include/OpenEXR ILMBASE_LIB_DIR=/usr/lib/x86_64-linux-gnu HT=/usr HDSO=/usr/lib LOG4CPLUS_INCL_DIR=/usr/include LOG4CPLUS_LIB_DIR=/usr/lib/x86_64-linux-gnu BOOST_PYTHON_LIB=-lboost_python-py27 PYTHON_VERSION=2.7 BOOST_PYTHON_LIB_DIR=/usr/lib/x86_64-linux-gnu PYTHON_LIB_DIR=/usr/lib/x86_64-linux-gnu PYTHON_INCL_DIR=/usr/include/python2.7 NUMPY_INCL_DIR=/usr/lib/python2.7/dist-packages/numpy/core/include/numpy/ PYTHON_SONAME_FLAGS= GLFW_INCL_DIR=/usr/include/GL GLFW_LIB_DIR=/usr/lib/x86_64-linux-gnu LIBS_RPATH='-Wl,-z,relro -Wl,--as-needed -ldl -lm -lz -lHalf -ltbb -latomic -lblosc -llog4cplus -lboost_filesystem -lboost_system -lboost_iostreams' LIBOPENVDB_RPATH= verbose=yes debug=yes rpath=no shared=yes
	make -j16 DOXYGEN= EPYDOC= CPPUNIT_INCL_DIR=/usr/include CPPUNIT_LIB_DIR=/usr/lib/x86_64-linux-gnu EXR_INCL_DIR=/usr/include/OpenEXR EXR_LIB_DIR=/usr/lib/x86_64-linux-gnu ILMBASE_INCL_DIR=/usr/include/OpenEXR ILMBASE_LIB_DIR=/usr/lib/x86_64-linux-gnu HT=/usr HDSO=/usr/lib LOG4CPLUS_INCL_DIR=/usr/include LOG4CPLUS_LIB_DIR=/usr/lib/x86_64-linux-gnu BOOST_PYTHON_LIB=-lboost_python-py27 PYTHON_VERSION=2.7 BOOST_PYTHON_LIB_DIR=/usr/lib/x86_64-linux-gnu PYTHON_LIB_DIR=/usr/lib/x86_64-linux-gnu PYTHON_INCL_DIR=/usr/include/python2.7 NUMPY_INCL_DIR=/usr/lib/python2.7/dist-packages/numpy/core/include/numpy/ PYTHON_SONAME_FLAGS= GLFW_INCL_DIR=/usr/include/GL GLFW_LIB_DIR=/usr/lib/x86_64-linux-gnu "LIBS_RPATH=-Wl,-z,relro -Wl,--as-needed -ldl -lm -lz -lHalf -ltbb -latomic -lblosc -llog4cplus -lboost_filesystem -lboost_system -lboost_iostreams" LIBOPENVDB_RPATH= verbose=yes debug=yes rpath=no shared=yes
make[2]: Entering directory '/<<PKGBUILDDIR>>'
Building Grid.o because of Grid.cc
g++ -c -DOPENVDB_PRIVATE -g -O2 -fdebug-prefix-map=/<<PKGBUILDDIR>>=. -fstack-protector-strong -Wformat -Werror=format-security -Wdate-time -D_FORTIFY_SOURCE=2 -fvisibility=hidden -fvisibility-inlines-hidden -pthread -g -I . -I .. -I /usr/include -I /usr/include/OpenEXR -I /usr/include -I /usr/include -I /usr/include -DOPENVDB_USE_BLOSC -DOPENVDB_USE_LOG4CPLUS -DOPENVDB_USE_GLFW_3 -fPIC -o Grid.o Grid.cc
Building io/Archive.o because of Archive.cc
Building io/Compression.o because of Compression.cc
g++ -c -DOPENVDB_PRIVATE -g -O2 -fdebug-prefix-map=/<<PKGBUILDDIR>>=. -fstack-protector-strong -Wformat -Werror=format-security -Wdate-time -D_FORTIFY_SOURCE=2 -fvisibility=hidden -fvisibility-inlines-hidden -pthread -g -I . -I .. -I /usr/include -I /usr/include/OpenEXR -I /usr/include -I /usr/include -I /usr/include -DOPENVDB_USE_BLOSC -DOPENVDB_USE_LOG4CPLUS -DOPENVDB_USE_GLFW_3 -fPIC -o io/Archive.o io/Archive.cc
Building io/File.o because of File.cc
g++ -c -DOPENVDB_PRIVATE -g -O2 -fdebug-prefix-map=/<<PKGBUILDDIR>>=. -fstack-protector-strong -Wformat -Werror=format-security -Wdate-time -D_FORTIFY_SOURCE=2 -fvisibility=hidden -fvisibility-inlines-hidden -pthread -g -I . -I .. -I /usr/include -I /usr/include/OpenEXR -I /usr/include -I /usr/include -I /usr/include -DOPENVDB_USE_BLOSC -DOPENVDB_USE_LOG4CPLUS -DOPENVDB_USE_GLFW_3 -fPIC -o io/Compression.o io/Compression.cc
g++ -c -DOPENVDB_PRIVATE -g -O2 -fdebug-prefix-map=/<<PKGBUILDDIR>>=. -fstack-protector-strong -Wformat -Werror=format-security -Wdate-time -D_FORTIFY_SOURCE=2 -fvisibility=hidden -fvisibility-inlines-hidden -pthread -g -I . -I .. -I /usr/include -I /usr/include/OpenEXR -I /usr/include -I /usr/include -I /usr/include -DOPENVDB_USE_BLOSC -DOPENVDB_USE_LOG4CPLUS -DOPENVDB_USE_GLFW_3 -fPIC -o io/File.o io/File.cc
Building io/GridDescriptor.o because of GridDescriptor.cc
Building io/Queue.o because of Queue.cc
g++ -c -DOPENVDB_PRIVATE -g -O2 -fdebug-prefix-map=/<<PKGBUILDDIR>>=. -fstack-protector-strong -Wformat -Werror=format-security -Wdate-time -D_FORTIFY_SOURCE=2 -fvisibility=hidden -fvisibility-inlines-hidden -pthread -g -I . -I .. -I /usr/include -I /usr/include/OpenEXR -I /usr/include -I /usr/include -I /usr/include -DOPENVDB_USE_BLOSC -DOPENVDB_USE_LOG4CPLUS -DOPENVDB_USE_GLFW_3 -fPIC -o io/GridDescriptor.o io/GridDescriptor.cc
g++ -c -DOPENVDB_PRIVATE -g -O2 -fdebug-prefix-map=/<<PKGBUILDDIR>>=. -fstack-protector-strong -Wformat -Werror=format-security -Wdate-time -D_FORTIFY_SOURCE=2 -fvisibility=hidden -fvisibility-inlines-hidden -pthread -g -I . -I .. -I /usr/include -I /usr/include/OpenEXR -I /usr/include -I /usr/include -I /usr/include -DOPENVDB_USE_BLOSC -DOPENVDB_USE_LOG4CPLUS -DOPENVDB_USE_GLFW_3 -fPIC -o io/Queue.o io/Queue.cc
Building io/Stream.o because of Stream.cc
g++ -c -DOPENVDB_PRIVATE -g -O2 -fdebug-prefix-map=/<<PKGBUILDDIR>>=. -fstack-protector-strong -Wformat -Werror=format-security -Wdate-time -D_FORTIFY_SOURCE=2 -fvisibility=hidden -fvisibility-inlines-hidden -pthread -g -I . -I .. -I /usr/include -I /usr/include/OpenEXR -I /usr/include -I /usr/include -I /usr/include -DOPENVDB_USE_BLOSC -DOPENVDB_USE_LOG4CPLUS -DOPENVDB_USE_GLFW_3 -fPIC -o io/Stream.o io/Stream.cc
Building io/TempFile.o because of TempFile.cc
Building math/Maps.o because of Maps.cc
Building math/Proximity.o because of Proximity.cc
g++ -c -DOPENVDB_PRIVATE -g -O2 -fdebug-prefix-map=/<<PKGBUILDDIR>>=. -fstack-protector-strong -Wformat -Werror=format-security -Wdate-time -D_FORTIFY_SOURCE=2 -fvisibility=hidden -fvisibility-inlines-hidden -pthread -g -I . -I .. -I /usr/include -I /usr/include/OpenEXR -I /usr/include -I /usr/include -I /usr/include -DOPENVDB_USE_BLOSC -DOPENVDB_USE_LOG4CPLUS -DOPENVDB_USE_GLFW_3 -fPIC -o io/TempFile.o io/TempFile.cc
g++ -c -DOPENVDB_PRIVATE -g -O2 -fdebug-prefix-map=/<<PKGBUILDDIR>>=. -fstack-protector-strong -Wformat -Werror=format-security -Wdate-time -D_FORTIFY_SOURCE=2 -fvisibility=hidden -fvisibility-inlines-hidden -pthread -g -I . -I .. -I /usr/include -I /usr/include/OpenEXR -I /usr/include -I /usr/include -I /usr/include -DOPENVDB_USE_BLOSC -DOPENVDB_USE_LOG4CPLUS -DOPENVDB_USE_GLFW_3 -fPIC -o math/Maps.o math/Maps.cc
g++ -c -DOPENVDB_PRIVATE -g -O2 -fdebug-prefix-map=/<<PKGBUILDDIR>>=. -fstack-protector-strong -Wformat -Werror=format-security -Wdate-time -D_FORTIFY_SOURCE=2 -fvisibility=hidden -fvisibility-inlines-hidden -pthread -g -I . -I .. -I /usr/include -I /usr/include/OpenEXR -I /usr/include -I /usr/include -I /usr/include -DOPENVDB_USE_BLOSC -DOPENVDB_USE_LOG4CPLUS -DOPENVDB_USE_GLFW_3 -fPIC -o math/Proximity.o math/Proximity.cc
Building math/QuantizedUnitVec.o because of QuantizedUnitVec.cc
Building math/Transform.o because of Transform.cc
g++ -c -DOPENVDB_PRIVATE -g -O2 -fdebug-prefix-map=/<<PKGBUILDDIR>>=. -fstack-protector-strong -Wformat -Werror=format-security -Wdate-time -D_FORTIFY_SOURCE=2 -fvisibility=hidden -fvisibility-inlines-hidden -pthread -g -I . -I .. -I /usr/include -I /usr/include/OpenEXR -I /usr/include -I /usr/include -I /usr/include -DOPENVDB_USE_BLOSC -DOPENVDB_USE_LOG4CPLUS -DOPENVDB_USE_GLFW_3 -fPIC -o math/QuantizedUnitVec.o math/QuantizedUnitVec.cc
g++ -c -DOPENVDB_PRIVATE -g -O2 -fdebug-prefix-map=/<<PKGBUILDDIR>>=. -fstack-protector-strong -Wformat -Werror=format-security -Wdate-time -D_FORTIFY_SOURCE=2 -fvisibility=hidden -fvisibility-inlines-hidden -pthread -g -I . -I .. -I /usr/include -I /usr/include/OpenEXR -I /usr/include -I /usr/include -I /usr/include -DOPENVDB_USE_BLOSC -DOPENVDB_USE_LOG4CPLUS -DOPENVDB_USE_GLFW_3 -fPIC -o math/Transform.o math/Transform.cc
Building metadata/Metadata.o because of Metadata.cc
g++ -c -DOPENVDB_PRIVATE -g -O2 -fdebug-prefix-map=/<<PKGBUILDDIR>>=. -fstack-protector-strong -Wformat -Werror=format-security -Wdate-time -D_FORTIFY_SOURCE=2 -fvisibility=hidden -fvisibility-inlines-hidden -pthread -g -I . -I .. -I /usr/include -I /usr/include/OpenEXR -I /usr/include -I /usr/include -I /usr/include -DOPENVDB_USE_BLOSC -DOPENVDB_USE_LOG4CPLUS -DOPENVDB_USE_GLFW_3 -fPIC -o metadata/Metadata.o metadata/Metadata.cc
Building metadata/MetaMap.o because of MetaMap.cc
g++ -c -DOPENVDB_PRIVATE -g -O2 -fdebug-prefix-map=/<<PKGBUILDDIR>>=. -fstack-protector-strong -Wformat -Werror=format-security -Wdate-time -D_FORTIFY_SOURCE=2 -fvisibility=hidden -fvisibility-inlines-hidden -pthread -g -I . -I .. -I /usr/include -I /usr/include/OpenEXR -I /usr/include -I /usr/include -I /usr/include -DOPENVDB_USE_BLOSC -DOPENVDB_USE_LOG4CPLUS -DOPENVDB_USE_GLFW_3 -fPIC -o metadata/MetaMap.o metadata/MetaMap.cc
Building Platform.o because of Platform.cc
g++ -c -DOPENVDB_PRIVATE -g -O2 -fdebug-prefix-map=/<<PKGBUILDDIR>>=. -fstack-protector-strong -Wformat -Werror=format-security -Wdate-time -D_FORTIFY_SOURCE=2 -fvisibility=hidden -fvisibility-inlines-hidden -pthread -g -I . -I .. -I /usr/include -I /usr/include/OpenEXR -I /usr/include -I /usr/include -I /usr/include -DOPENVDB_USE_BLOSC -DOPENVDB_USE_LOG4CPLUS -DOPENVDB_USE_GLFW_3 -fPIC -o Platform.o Platform.cc
Building openvdb.o because of openvdb.cc
g++ -c -DOPENVDB_PRIVATE -g -O2 -fdebug-prefix-map=/<<PKGBUILDDIR>>=. -fstack-protector-strong -Wformat -Werror=format-security -Wdate-time -D_FORTIFY_SOURCE=2 -fvisibility=hidden -fvisibility-inlines-hidden -pthread -g -I . -I .. -I /usr/include -I /usr/include/OpenEXR -I /usr/include -I /usr/include -I /usr/include -DOPENVDB_USE_BLOSC -DOPENVDB_USE_LOG4CPLUS -DOPENVDB_USE_GLFW_3 -fPIC -o openvdb.o openvdb.cc
In file included from metadata/MetaMap.cc:32:
In file included from ./openvdb/util/logging.h:52:
In file included from /usr/include/log4cplus/logger.h:36:
In file included from /usr/include/log4cplus/spi/appenderattachable.h:33:
In file included from /usr/include/log4cplus/appender.h:36:
In file included from /usr/include/log4cplus/helpers/pointer.h:43:
In file included from /usr/bin/../lib/gcc/x86_64-linux-gnu/7.2.0/../../../../include/c++/7.2.0/atomic:38:
/usr/bin/../lib/gcc/x86_64-linux-gnu/7.2.0/../../../../include/c++/7.2.0/bits/c++0x_warning.h:32:2: error: This file requires compiler and library support for the ISO C++ 2011 standard. This support must be enabled with the -std=c++11 or -std=gnu++11 compiler options.
#error This file requires compiler and library support \
 ^
In file included from metadata/MetaMap.cc:32:
In file included from ./openvdb/util/logging.h:52:
In file included from /usr/include/log4cplus/logger.h:36:
In file included from /usr/include/log4cplus/spi/appenderattachable.h:33:
In file included from /usr/include/log4cplus/appender.h:36:
/usr/include/log4cplus/helpers/pointer.h:85:26: error: no template named 'atomic' in namespace 'std'
            typedef std::atomic<unsigned> count_type;
                    ~~~~~^
In file included from io/Compression.cc:34:
In file included from ./openvdb/util/logging.h:52:
In file included from /usr/include/log4cplus/logger.h:36:
In file included from /usr/include/log4cplus/spi/appenderattachable.h:33:
In file included from /usr/include/log4cplus/appender.h:36:
In file included from /usr/include/log4cplus/helpers/pointer.h:43:
In file included from /usr/bin/../lib/gcc/x86_64-linux-gnu/7.2.0/../../../../include/c++/7.2.0/atomic:38:
/usr/bin/../lib/gcc/x86_64-linux-gnu/7.2.0/../../../../include/c++/7.2.0/bits/c++0x_warning.h:32:2: error: This file requires compiler and library support for the ISO C++ 2011 standard. This support must be enabled with the -std=c++11 or -std=gnu++11 compiler options.
#error This file requires compiler and library support \
 ^
2 errors generated.
In file included from io/Compression.cc:34:
In file included from ./openvdb/util/logging.h:52:
In file included from /usr/include/log4cplus/logger.h:36:
In file included from /usr/include/log4cplus/spi/appenderattachable.h:33:
In file included from /usr/include/log4cplus/appender.h:36:
/usr/include/log4cplus/helpers/pointer.h:85:26: error: no template named 'atomic' in namespace 'std'
            typedef std::atomic<unsigned> count_type;
                    ~~~~~^
Makefile:690: recipe for target 'metadata/MetaMap.o' failed
make[2]: *** [metadata/MetaMap.o] Error 1
make[2]: *** Waiting for unfinished jobs....
In file included from io/GridDescriptor.cc:31:
In file included from io/GridDescriptor.h:34:
In file included from ./openvdb/Grid.h:43:
In file included from ./openvdb/tree/Tree.h:50:
In file included from ./openvdb/util/logging.h:52:
In file included from /usr/include/log4cplus/logger.h:36:
In file included from /usr/include/log4cplus/spi/appenderattachable.h:33:
In file included from /usr/include/log4cplus/appender.h:36:
In file included from /usr/include/log4cplus/helpers/pointer.h:43:
In file included from /usr/bin/../lib/gcc/x86_64-linux-gnu/7.2.0/../../../../include/c++/7.2.0/atomic:38:
/usr/bin/../lib/gcc/x86_64-linux-gnu/7.2.0/../../../../include/c++/7.2.0/bits/c++0x_warning.h:32:2: error: This file requires compiler and library support for the ISO C++ 2011 standard. This support must be enabled with the -std=c++11 or -std=gnu++11 compiler options.
#error This file requires compiler and library support \
 ^
In file included from Grid.cc:31:
In file included from ./Grid.h:43:
In file included from ./openvdb/tree/Tree.h:50:
In file included from ./openvdb/util/logging.h:52:
In file included from /usr/include/log4cplus/logger.h:36:
In file included from /usr/include/log4cplus/spi/appenderattachable.h:33:
In file included from /usr/include/log4cplus/appender.h:36:
In file included from /usr/include/log4cplus/helpers/pointer.h:43:
In file included from /usr/bin/../lib/gcc/x86_64-linux-gnu/7.2.0/../../../../include/c++/7.2.0/atomic:38:
/usr/bin/../lib/gcc/x86_64-linux-gnu/7.2.0/../../../../include/c++/7.2.0/bits/c++0x_warning.h:32:2: error: This file requires compiler and library support for the ISO C++ 2011 standard. This support must be enabled with the -std=c++11 or -std=gnu++11 compiler options.
#error This file requires compiler and library support \
 ^
In file included from io/Queue.cc:34:
In file included from io/Queue.h:38:
In file included from ./openvdb/Grid.h:43:
In file included from ./openvdb/tree/Tree.h:50:
In file included from ./openvdb/util/logging.h:52:
In file included from /usr/include/log4cplus/logger.h:36:
In file included from /usr/include/log4cplus/spi/appenderattachable.h:33:
In file included from /usr/include/log4cplus/appender.h:36:
In file included from /usr/include/log4cplus/helpers/pointer.h:43:
In file included from /usr/bin/../lib/gcc/x86_64-linux-gnu/7.2.0/../../../../include/c++/7.2.0/atomic:38:
/usr/bin/../lib/gcc/x86_64-linux-gnu/7.2.0/../../../../include/c++/7.2.0/bits/c++0x_warning.h:32:2: error: This file requires compiler and library support for the ISO C++ 2011 standard. This support must be enabled with the -std=c++11 or -std=gnu++11 compiler options.
#error This file requires compiler and library support \
 ^
In file included from io/GridDescriptor.cc:31:
In file included from io/GridDescriptor.h:34:
In file included from ./openvdb/Grid.h:43:
In file included from ./openvdb/tree/Tree.h:50:
In file included from ./openvdb/util/logging.h:52:
In file included from /usr/include/log4cplus/logger.h:36:
In file included from /usr/include/log4cplus/spi/appenderattachable.h:33:
In file included from /usr/include/log4cplus/appender.h:36:
/usr/include/log4cplus/helpers/pointer.h:85:21: error: no template named 'atomic' in namespace 'std'; did you mean 'tbb::atomic'?
            typedef std::atomic<unsigned> count_type;
                    ^~~~~
/usr/include/tbb/atomic.h:407:8: note: 'tbb::atomic' declared here
struct atomic: internal::atomic_impl<T> {
       ^
In file included from io/GridDescriptor.cc:31:
In file included from io/GridDescriptor.h:34:
In file included from ./openvdb/Grid.h:43:
In file included from ./openvdb/tree/Tree.h:50:
In file included from ./openvdb/util/logging.h:52:
In file included from /usr/include/log4cplus/logger.h:36:
In file included from /usr/include/log4cplus/spi/appenderattachable.h:33:
In file included from /usr/include/log4cplus/appender.h:36:
/usr/include/log4cplus/helpers/pointer.h:64:19: error: no matching constructor for initialization of 'log4cplus::helpers::SharedObject::count_type' (aka 'atomic<unsigned int>')
                , count(0)
                  ^     ~
/usr/include/tbb/atomic.h:470:1: note: candidate constructor (the implicit copy constructor) not viable: no known conversion from 'int' to 'const tbb::atomic<unsigned int>' for 1st argument
__TBB_DECL_ATOMIC(unsigned)
^
In file included from Platform.cc:33/usr/include/tbb/atomic.h:
:In file included from 430./openvdb.h::2739::
 In file included from note./Grid.h: :expanded from macro '__TBB_DECL_ATOMIC'43
:
In file included from ./openvdb/tree/Tree.h:50:
In file included from ./openvdb/util/logging.h:52:
In file included from /usr/include/log4cplus/logger.h:36:
In file included from /usr/include/log4cplus/spi/appenderattachable.h:33:
In file included from /usr/include/log4cplus/appender.h:36:
In file included from /usr/include/log4cplus/helpers/pointer.h:43:
In file included from /usr/bin/../lib/gcc/x86_64-linux-gnu/7.2.0/../../../../include/c++/7.2.0/atomic:38:
/usr/bin/../lib/gcc/x86_64-linux-gnu/7.2.0/../../../../include/c++/7.2.0/bits/c++0x_warning.h:32:2: error: This file requires compiler and library support for the ISO C++ 2011 standard. This support must be enabled with the -std=c++11 or -std=gnu++11 compiler options.
        template<> struct atomic<T>: internal::atomic_impl_with_arithmetic<T,T,char> {              \
                          ^
/usr/include/tbb/atomic.h:470:1: note: candidate constructor (the implicit default constructor) not viable: requires 0 arguments, but 1 was provided
#error This file requires compiler and library support \
 ^
/usr/include/tbb/atomic.h:430:27: note: expanded from macro '__TBB_DECL_ATOMIC'
        template<> struct atomic<T>: internal::atomic_impl_with_arithmetic<T,T,char> {              \
                          ^
In file included from io/GridDescriptor.cc:31:
In file included from io/GridDescriptor.h:34:
In file included from ./openvdb/Grid.h:43:
In file included from ./openvdb/tree/Tree.h:50:
In file included from ./openvdb/util/logging.h:52:
In file included from /usr/include/log4cplus/logger.h:36:
In file included from /usr/include/log4cplus/spi/appenderattachable.h:33:
In file included from /usr/include/log4cplus/appender.h:36:
/usr/include/log4cplus/helpers/pointer.h:69:19: error: no matching constructor for initialization of 'log4cplus::helpers::SharedObject::count_type' (aka 'atomic<unsigned int>')
                , count(0)
                  ^     ~
/usr/include/tbb/atomic.h:470:1: note: candidate constructor (the implicit copy constructor) not viable: no known conversion from 'int' to 'const tbb::atomic<unsigned int>' for 1st argument
__TBB_DECL_ATOMIC(unsigned)
^
/usr/include/tbb/atomic.h:430:27: note: expanded from macro '__TBB_DECL_ATOMIC'
        template<> struct atomic<T>: internal::atomic_impl_with_arithmetic<T,T,char> {              \
                          ^
/usr/include/tbb/atomic.h:470:1: note: candidate constructor (the implicit default constructor) not viable: requires 0 arguments, but 1 was provided
/usr/include/tbb/atomic.h:430:27: note: expanded from macro '__TBB_DECL_ATOMIC'
        template<> struct atomic<T>: internal::atomic_impl_with_arithmetic<T,T,char> {              \
                          ^
In file included from Grid.cc:31:
In file included from ./Grid.h:43:
In file included from ./openvdb/tree/Tree.h:50:
In file included from ./openvdb/util/logging.h:52:
In file included from /usr/include/log4cplus/logger.h:36:
In file included from /usr/include/log4cplus/spi/appenderattachable.h:33:
In file included from /usr/include/log4cplus/appender.h:36:
/usr/include/log4cplus/helpers/pointer.h:85:21: error: no template named 'atomic' in namespace 'std'; did you mean 'tbb::atomic'?
            typedef std::atomic<unsigned> count_type;
                    ^~~~~
/usr/include/tbb/atomic.h:407:8: note: 'tbb::atomic' declared here
struct atomic: internal::atomic_impl<T> {
       ^
In file included from Grid.cc:31:
In file included from ./Grid.h:43:
In file included from ./openvdb/tree/Tree.h:50:
In file included from ./openvdb/util/logging.h:52:
In file included from /usr/include/log4cplus/logger.h:36:
In file included from /usr/include/log4cplus/spi/appenderattachable.h:33:
In file included from /usr/include/log4cplus/appender.h:36:
/usr/include/log4cplus/helpers/pointer.h:64:19: error: no matching constructor for initialization of 'log4cplus::helpers::SharedObject::count_type' (aka 'atomic<unsigned int>')
                , count(0)
                  ^     ~
/usr/include/tbb/atomic.h:470:1: note: candidate constructor (the implicit copy constructor) not viable: no known conversion from 'int' to 'const tbb::atomic<unsigned int>' for 1st argument
__TBB_DECL_ATOMIC(unsigned)
^
/usr/include/tbb/atomic.h:430:27: note: expanded from macro '__TBB_DECL_ATOMIC'
        template<> struct atomic<T>: internal::atomic_impl_with_arithmetic<T,T,char> {              \
                          ^
/usr/include/tbb/atomic.h:470:1: note: candidate constructor (the implicit default constructor) not viable: requires 0 arguments, but 1 was provided
/usr/include/tbb/atomic.h:430:27: note: expanded from macro '__TBB_DECL_ATOMIC'
        template<> struct atomic<T>: internal::atomic_impl_with_arithmetic<T,T,char> {              \
                          ^
In file included from Grid.cc:31:
In file included from ./Grid.h:43:
In file included from ./openvdb/tree/Tree.h:50:
In file included from ./openvdb/util/logging.h:52:
In file included from /usr/include/log4cplus/logger.h:36:
In file included from /usr/include/log4cplus/spi/appenderattachable.h:33:
In file included from /usr/include/log4cplus/appender.h:36:
/usr/include/log4cplus/helpers/pointer.h:69:19: error: no matching constructor for initialization of 'log4cplus::helpers::SharedObject::count_type' (aka 'atomic<unsigned int>')
                , count(0)
                  ^     ~
/usr/include/tbb/atomic.h:470:1: note: candidate constructor (the implicit copy constructor) not viable: no known conversion from 'int' to 'const tbb::atomic<unsigned int>' for 1st argument
__TBB_DECL_ATOMIC(unsigned)
^
/usr/include/tbb/atomic.h:430:27: note: expanded from macro '__TBB_DECL_ATOMIC'
        template<> struct atomic<T>: internal::atomic_impl_with_arithmetic<T,T,char> {              \
                          ^
/usr/include/tbb/atomic.h:470:1: note: candidate constructor (the implicit default constructor) not viable: requires 0 arguments, but 1 was provided
/usr/include/tbb/atomic.h:430:27: note: expanded from macro '__TBB_DECL_ATOMIC'
        template<> struct atomic<T>: internal::atomic_impl_with_arithmetic<T,T,char> {              \
                          ^
In file included from io/Queue.cc:34:
In file included from io/Queue.h:38:
In file included from ./openvdb/Grid.h:43:
In file included from ./openvdb/tree/Tree.h:50:
In file included from ./openvdb/util/logging.h:52:
In file included from /usr/include/log4cplus/logger.h:36:
In file included from /usr/include/log4cplus/spi/appenderattachable.h:33:
In file included from /usr/include/log4cplus/appender.h:36:
/usr/include/log4cplus/helpers/pointer.h:85:21: error: no template named 'atomic' in namespace 'std'; did you mean 'tbb::atomic'?
            typedef std::atomic<unsigned> count_type;
                    ^~~~~
/usr/include/tbb/atomic.h:407:8: note: 'tbb::atomic' declared here
struct atomic: internal::atomic_impl<T> {
       ^
In file included from Platform.cc:33:
In file included from ./openvdb.h:39:
In file included from io/Queue.cc:34:
In file included from io/Queue.h:38:
In file included from ./openvdb/Grid.h:43:
In file included from ./openvdb/tree/Tree.h:50:
In file included from ./openvdb/util/logging.h:52:
In file included from /usr/include/log4cplus/logger.h:36:
In file included from /usr/include/log4cplus/spi/appenderattachable.h:33:
In file included from /usr/include/log4cplus/appender.h:36:
/usr/include/log4cplus/helpers/pointer.h:64:19: error: no matching constructor for initialization of 'log4cplus::helpers::SharedObject::count_type' (aka 'atomic<unsigned int>')
                , count(0)
                  ^     ~
/usr/include/tbb/atomic.h:470:1: note: candidate constructor (the implicit copy constructor) not viable: no known conversion from 'int' to 'const tbb::atomic<unsigned int>' for 1st argument
In file included from __TBB_DECL_ATOMIC(unsigned)
^
/usr/include/tbb/atomic.h:430:27: note: expanded from macro '__TBB_DECL_ATOMIC'
./Grid.h:43:
        template<> struct atomic<T>: internal::atomic_impl_with_arithmetic<T,T,char> {              \
                          ^
/usr/include/tbb/atomic.h:470:1: note: candidate constructor (the implicit default constructor) not viable: requires 0 arguments, but 1 was provided
/usr/include/tbb/atomic.h:430:27: note: expanded from macro '__TBB_DECL_ATOMIC'
In file included from ./openvdb/tree/Tree.h:        template<> struct atomic<T>: internal::atomic_impl_with_arithmetic<T,T,char> {              \50:
In file included from ./openvdb/util/logging.h:52:
In file included from /usr/include/log4cplus/logger.h:36:
In file included from /usr/include/log4cplus/spi/appenderattachable.h:33:
In file included from /usr/include/log4cplus/appender.h:36:
/usr/include/log4cplus/helpers/pointer.h:85:21: error: no template named 'atomic' in namespace 'std'; did you mean 'tbb::atomic'?
            typedef std::atomic<unsigned> count_type;
                    ^~~~~

/usr/include/tbb/atomic.h:407:8: note: 'tbb::atomic' declared here
struct atomic: internal::atomic_impl<T> {                          ^

       ^
In file included from io/Queue.cc:34:
In file included from io/Queue.h:38:
In file included from ./openvdb/Grid.h:43:
In file included from Platform.cc:33:
In file included from ./openvdb.h:39:
In file included from ./Grid.h:43:
In file included from ./openvdb/tree/Tree.h:50:
In file included from ./openvdb/util/logging.h:52:
In file included from /usr/include/log4cplus/logger.h:36:
In file included from /usr/include/log4cplus/spi/appenderattachable.h:33:
In file included from /usr/include/log4cplus/appender.h:36:
/usr/include/log4cplus/helpers/pointer.h:64:19: error: no matching constructor for initialization of 'log4cplus::helpers::SharedObject::count_type' (aka 'atomic<unsigned int>')
                , count(0)
                  ^     ~
/usr/include/tbb/atomic.hIn file included from ./openvdb/tree/Tree.h:50:
In file included from ./openvdb/util/logging.h:52:
In file included from /usr/include/log4cplus/logger.h:36:
In file included from /usr/include/log4cplus/spi/appenderattachable.h:33:
In file included from /usr/include/log4cplus/appender.h:36:
/usr/include/log4cplus/helpers/pointer.h:69:19: error: no matching constructor for initialization of 'log4cplus::helpers::SharedObject::count_type' (aka 'atomic<unsigned int>')
                , count(0)
                  ^     ~
/usr/include/tbb/atomic.h:470:1: note: candidate constructor (the implicit copy constructor) not viable: no known conversion from 'int' to 'const tbb::atomic<unsigned int>' for 1st argument
__TBB_DECL_ATOMIC(unsigned)
^
/usr/include/tbb/atomic.h:430:27: note: expanded from macro '__TBB_DECL_ATOMIC'
:470:1        template<> struct atomic<T>: internal::atomic_impl_with_arithmetic<T,T,char> {              \
                          ^
/usr/include/tbb/atomic.h:470:1: note: candidate constructor (the implicit default constructor) not viable: requires 0 arguments, but 1 was provided
/usr/include/tbb/atomic.h:430:27: note: expanded from macro '__TBB_DECL_ATOMIC'
: note        template<> struct atomic<T>: internal::atomic_impl_with_arithmetic<T,T,char> {              \: candidate constructor (the implicit copy constructor) not viable: no known conversion from 'int' to 'const tbb::atomic<unsigned int>' for 1st argument
__TBB_DECL_ATOMIC(unsigned)
^
/usr/include/tbb/atomic.h:430:27: note: expanded from macro '__TBB_DECL_ATOMIC'

        template<> struct atomic<T>: internal::atomic_impl_with_arithmetic<T,T,char> {              \                          ^

                          ^
/usr/include/tbb/atomic.h:470:1: note: candidate constructor (the implicit default constructor) not viable: requires 0 arguments, but 1 was provided
/usr/include/tbb/atomic.h:430:27: note: expanded from macro '__TBB_DECL_ATOMIC'
        template<> struct atomic<T>: internal::atomic_impl_with_arithmetic<T,T,char> {              \
                          ^
In file included from Platform.cc:33:
In file included from ./openvdb.h:39:
In file included from ./Grid.h:43:
In file included from ./openvdb/tree/Tree.h:50:
In file included from ./openvdb/util/logging.h:52:
In file included from /usr/include/log4cplus/logger.h:36:
In file included from /usr/include/log4cplus/spi/appenderattachable.h:33:
In file included from /usr/include/log4cplus/appender.h:36:
/usr/include/log4cplus/helpers/pointer.h:69:19: error: no matching constructor for initialization of 'log4cplus::helpers::SharedObject::count_type' (aka 'atomic<unsigned int>')
                , count(0)
                  ^     ~
/usr/include/tbb/atomic.h:470:1: note: candidate constructor (the implicit copy constructor) not viable: no known conversion from 'int' to 'const tbb::atomic<unsigned int>' for 1st argument
__TBB_DECL_ATOMIC(unsigned)
^
/usr/include/tbb/atomic.h:430:27: note: expanded from macro '__TBB_DECL_ATOMIC'
        template<> struct atomic<T>: internal::atomic_impl_with_arithmetic<T,T,char> {              \
                          ^
/usr/include/tbb/atomic.h:470:1: note: candidate constructor (the implicit default constructor) not viable: requires 0 arguments, but 1 was provided
/usr/include/tbb/atomic.h:430:27: note: expanded from macro '__TBB_DECL_ATOMIC'
        template<> struct atomic<T>: internal::atomic_impl_with_arithmetic<T,T,char> {              \
                          ^
In file included from io/File.cc:33:
In file included from io/File.h:37:
In file included from io/Archive.h:42:
In file included from ./openvdb/Grid.h:43:
In file included from ./openvdb/tree/Tree.h:50:
In file included from ./openvdb/util/logging.h:52:
In file included from /usr/include/log4cplus/logger.h:36:
In file included from /usr/include/log4cplus/spi/appenderattachable.h:33:
In file included from /usr/include/log4cplus/appender.h:36:
In file included from /usr/include/log4cplus/helpers/pointer.h:43:
In file included from /usr/bin/../lib/gcc/x86_64-linux-gnu/7.2.0/../../../../include/c++/7.2.0/atomic:38:
/usr/bin/../lib/gcc/x86_64-linux-gnu/7.2.0/../../../../include/c++/7.2.0/bits/c++0x_warning.h:32:2: error: This file requires compiler and library support for the ISO C++ 2011 standard. This support must be enabled with the -std=c++11 or -std=gnu++11 compiler options.
#error This file requires compiler and library support \
 ^
In file included from io/File.cc:33:
In file included from io/File.h:37:
In file included from io/Archive.h:42:
In file included from ./openvdb/Grid.h:43:
In file included from ./openvdb/tree/Tree.h:50:
In file included from ./openvdb/util/logging.h:52:
In file included from /usr/include/log4cplus/logger.h:36:
In file included from /usr/include/log4cplus/spi/appenderattachable.h:33:
In file included from /usr/include/log4cplus/appender.h:36:
/usr/include/log4cplus/helpers/pointer.h:85:21: error: no template named 'atomic' in namespace 'std'; did you mean 'tbb::atomic'?
            typedef std::atomic<unsigned> count_type;
                    ^~~~~
/usr/include/tbb/atomic.h:407:8: note: 'tbb::atomic' declared here
struct atomic: internal::atomic_impl<T> {
       ^
In file included from io/File.cc:33:
In file included from io/File.h:37:
In file included from io/Archive.h:42:
In file included from ./openvdb/Grid.h:43:
In file included from ./openvdb/tree/Tree.h:50:
In file included from ./openvdb/util/logging.h:52:
In file included from /usr/include/log4cplus/logger.h:36:
In file included from /usr/include/log4cplus/spi/appenderattachable.h:33:
In file included from /usr/include/log4cplus/appender.h:36:
/usr/include/log4cplus/helpers/pointer.h:64:19: error: no matching constructor for initialization of 'log4cplus::helpers::SharedObject::count_type' (aka 'atomic<unsigned int>')
                , count(0)
                  ^     ~
/usr/include/tbb/atomic.h:470:1: note: candidate constructor (the implicit copy constructor) not viable: no known conversion from 'int' to 'const tbb::atomic<unsigned int>' for 1st argument
__TBB_DECL_ATOMIC(unsigned)
^
/usr/include/tbb/atomic.h:430:27: note: expanded from macro '__TBB_DECL_ATOMIC'
        template<> struct atomic<T>: internal::atomic_impl_with_arithmetic<T,T,char> {              \
                          ^
/usr/include/tbb/atomic.h:470:1: note: candidate constructor (the implicit default constructor) not viable: requires 0 arguments, but 1 was provided
/usr/include/tbb/atomic.h:430:27: note: expanded from macro '__TBB_DECL_ATOMIC'
        template<> struct atomic<T>: internal::atomic_impl_with_arithmetic<T,T,char> {              \
                          ^
In file included from io/File.cc:33:
In file included from io/File.h:37:
In file included from io/Archive.h:42:
In file included from ./openvdb/Grid.h:43:
In file included from ./openvdb/tree/Tree.h:50:
In file included from ./openvdb/util/logging.h:52:
In file included from /usr/include/log4cplus/logger.h:36:
In file included from /usr/include/log4cplus/spi/appenderattachable.h:33:
In file included from /usr/include/log4cplus/appender.h:36:
/usr/include/log4cplus/helpers/pointer.h:69:19: error: no matching constructor for initialization of 'log4cplus::helpers::SharedObject::count_type' (aka 'atomic<unsigned int>')
                , count(0)
                  ^     ~
/usr/include/tbb/atomic.h:470:1: note: candidate constructor (the implicit copy constructor) not viable: no known conversion from 'int' to 'const tbb::atomic<unsigned int>' for 1st argument
__TBB_DECL_ATOMIC(unsigned)
^
/usr/include/tbb/atomic.h:430:27: note: expanded from macro '__TBB_DECL_ATOMIC'
        template<> struct atomic<T>: internal::atomic_impl_with_arithmetic<T,T,char> {              \
                          ^
/usr/include/tbb/atomic.h:470:1: note: candidate constructor (the implicit default constructor) not viable: requires 0 arguments, but 1 was provided
/usr/include/tbb/atomic.h:430:27: note: expanded from macro '__TBB_DECL_ATOMIC'
        template<> struct atomic<T>: internal::atomic_impl_with_arithmetic<T,T,char> {              \
                          ^
In file included from io/Archive.cc:31:
In file included from io/Archive.h:42:
In file included from ./openvdb/Grid.h:43:
In file included from ./openvdb/tree/Tree.h:50:
In file included from ./openvdb/util/logging.h:52:
In file included from /usr/include/log4cplus/logger.h:36:
In file included from /usr/include/log4cplus/spi/appenderattachable.h:33:
In file included from /usr/include/log4cplus/appender.h:36:
In file included from /usr/include/log4cplus/helpers/pointer.h:43:
In file included from /usr/bin/../lib/gcc/x86_64-linux-gnu/7.2.0/../../../../include/c++/7.2.0/atomic:38:
/usr/bin/../lib/gcc/x86_64-linux-gnu/7.2.0/../../../../include/c++/7.2.0/bits/c++0x_warning.h:32:2: error: This file requires compiler and library support for the ISO C++ 2011 standard. This support must be enabled with the -std=c++11 or -std=gnu++11 compiler options.
#error This file requires compiler and library support \
 ^
In file included from io/Archive.cc:31:
In file included from io/Archive.h:42:
In file included from ./openvdb/Grid.h:43:
In file included from ./openvdb/tree/Tree.h:50:
In file included from ./openvdb/util/logging.h:52:
In file included from /usr/include/log4cplus/logger.h:36:
In file included from /usr/include/log4cplus/spi/appenderattachable.h:33:
In file included from /usr/include/log4cplus/appender.h:36:
/usr/include/log4cplus/helpers/pointer.h:85:21: error: no template named 'atomic' in namespace 'std'; did you mean 'tbb::atomic'?
            typedef std::atomic<unsigned> count_type;
                    ^~~~~
/usr/include/tbb/atomic.h:407:8: note: 'tbb::atomic' declared here
struct atomic: internal::atomic_impl<T> {
       ^
In file included from io/Archive.cc:31:
In file included from io/Archive.h:42:
In file included from ./openvdb/Grid.h:43:
In file included from ./openvdb/tree/Tree.h:50:
In file included from ./openvdb/util/logging.h:52:
In file included from /usr/include/log4cplus/logger.h:36:
In file included from /usr/include/log4cplus/spi/appenderattachable.h:33:
In file included from /usr/include/log4cplus/appender.h:36:
/usr/include/log4cplus/helpers/pointer.h:64:19: error: no matching constructor for initialization of 'log4cplus::helpers::SharedObject::count_type' (aka 'atomic<unsigned int>')
                , count(0)
                  ^     ~
/usr/include/tbb/atomic.h:470:1: note: candidate constructor (the implicit copy constructor) not viable: no known conversion from 'int' to 'const tbb::atomic<unsigned int>' for 1st argument
__TBB_DECL_ATOMIC(unsigned)
^
/usr/include/tbb/atomic.h:430:27: note: expanded from macro '__TBB_DECL_ATOMIC'
        template<> struct atomic<T>: internal::atomic_impl_with_arithmetic<T,T,char> {              \
                          ^
/usr/include/tbb/atomic.h:470:1: note: candidate constructor (the implicit default constructor) not viable: requires 0 arguments, but 1 was provided
/usr/include/tbb/atomic.h:430:27: note: expanded from macro '__TBB_DECL_ATOMIC'
        template<> struct atomic<T>: internal::atomic_impl_with_arithmetic<T,T,char> {              \
                          ^
In file included from io/Archive.cc:31:
In file included from io/Archive.h:42:
In file included from ./openvdb/Grid.h:43:
In file included from ./openvdb/tree/Tree.h:50:
In file included from ./openvdb/util/logging.h:52:
In file included from /usr/include/log4cplus/logger.h:36:
In file included from /usr/include/log4cplus/spi/appenderattachable.h:33:
In file included from /usr/include/log4cplus/appender.h:36:
/usr/include/log4cplus/helpers/pointer.h:69:19: error: no matching constructor for initialization of 'log4cplus::helpers::SharedObject::count_type' (aka 'atomic<unsigned int>')
                , count(0)
                  ^     ~
/usr/include/tbb/atomic.h:470:1: note: candidate constructor (the implicit copy constructor) not viable: no known conversion from 'int' to 'const tbb::atomic<unsigned int>' for 1st argument
__TBB_DECL_ATOMIC(unsigned)
^
/usr/include/tbb/atomic.h:430:27: note: expanded from macro '__TBB_DECL_ATOMIC'
        template<> struct atomic<T>: internal::atomic_impl_with_arithmetic<T,T,char> {              \
                          ^
/usr/include/tbb/atomic.h:470:1: note: candidate constructor (the implicit default constructor) not viable: requires 0 arguments, but 1 was provided
/usr/include/tbb/atomic.h:430:27: note: expanded from macro '__TBB_DECL_ATOMIC'
        template<> struct atomic<T>: internal::atomic_impl_with_arithmetic<T,T,char> {              \
                          ^
In file included from openvdb.cc:31:
In file included from ./openvdb.h:39:
In file included from ./Grid.h:43:
In file included from ./openvdb/tree/Tree.h:50:
In file included from ./openvdb/util/logging.h:52:
In file included from /usr/include/log4cplus/logger.h:36:
In file included from /usr/include/log4cplus/spi/appenderattachable.h:33:
In file included from /usr/include/log4cplus/appender.h:36:
In file included from /usr/include/log4cplus/helpers/pointer.h:43:
In file included from /usr/bin/../lib/gcc/x86_64-linux-gnu/7.2.0/../../../../include/c++/7.2.0/atomic:38:
/usr/bin/../lib/gcc/x86_64-linux-gnu/7.2.0/../../../../include/c++/7.2.0/bits/c++0x_warning.h:32:2: error: This file requires compiler and library support for the ISO C++ 2011 standard. This support must be enabled with the -std=c++11 or -std=gnu++11 compiler options.
#error This file requires compiler and library support \
 ^
In file included from io/Stream.cc:31:
In file included from io/Stream.h:34:
In file included from io/Archive.h:42:
In file included from ./openvdb/Grid.h:43:
In file included from ./openvdb/tree/Tree.h:50:
In file included from ./openvdb/util/logging.h:52:
In file included from /usr/include/log4cplus/logger.h:36:
In file included from /usr/include/log4cplus/spi/appenderattachable.h:33:
In file included from /usr/include/log4cplus/appender.h:36:
In file included from /usr/include/log4cplus/helpers/pointer.h:43:
In file included from /usr/bin/../lib/gcc/x86_64-linux-gnu/7.2.0/../../../../include/c++/7.2.0/atomic:38:
/usr/bin/../lib/gcc/x86_64-linux-gnu/7.2.0/../../../../include/c++/7.2.0/bits/c++0x_warning.h:32:2: error: This file requires compiler and library support for the ISO C++ 2011 standard. This support must be enabled with the -std=c++11 or -std=gnu++11 compiler options.
#error This file requires compiler and library support \
 ^
In file included from openvdb.cc:31:
In file included from ./openvdb.h:39:
In file included from ./Grid.h:43:
In file included from ./openvdb/tree/Tree.h:50:
In file included from ./openvdb/util/logging.h:52:
In file included from /usr/include/log4cplus/logger.h:36:
In file included from /usr/include/log4cplus/spi/appenderattachable.h:33:
In file included from /usr/include/log4cplus/appender.h:36:
/usr/include/log4cplus/helpers/pointer.h:85:21: error: no template named 'atomic' in namespace 'std'; did you mean 'tbb::atomic'?
            typedef std::atomic<unsigned> count_type;
                    ^~~~~
/usr/include/tbb/atomic.h:407:8: note: 'tbb::atomic' declared here
struct atomic: internal::atomic_impl<T> {
       ^
In file included from openvdb.cc:31:
In file included from ./openvdb.h:39:
In file included from ./Grid.h:43:
In file included from ./openvdb/tree/Tree.h:50:
In file included from ./openvdb/util/logging.h:52:
In file included from /usr/include/log4cplus/logger.h:36:
In file included from /usr/include/log4cplus/spi/appenderattachable.h:33:
In file included from /usr/include/log4cplus/appender.h:36:
/usr/include/log4cplus/helpers/pointer.h:64:19: error: no matching constructor for initialization of 'log4cplus::helpers::SharedObject::count_type' (aka 'atomic<unsigned int>')
                , count(0)
                  ^     ~
/usr/include/tbb/atomic.h:470:1: note: candidate constructor (the implicit copy constructor) not viable: no known conversion from 'int' to 'const tbb::atomic<unsigned int>' for 1st argument
__TBB_DECL_ATOMIC(unsigned)
^
/usr/include/tbb/atomic.h:430:27: note: expanded from macro '__TBB_DECL_ATOMIC'
        template<> struct atomic<T>: internal::atomic_impl_with_arithmetic<T,T,char> {              \
                          ^
In file included from /usr/include/tbb/atomic.h:470:1: note: candidate constructor (the implicit default constructor) not viable: requires 0 arguments, but 1 was provided
/usr/include/tbb/atomic.h:430:27: note: expanded from macro '__TBB_DECL_ATOMIC'
io/Stream.cc        template<> struct atomic<T>: internal::atomic_impl_with_arithmetic<T,T,char> {              \
                          ^
:31:
In file included from io/Stream.h:In file included from openvdb.cc:31:
In file included from ./openvdb.h:39:
In file included from ./Grid.h:43:
In file included from ./openvdb/tree/Tree.h:50:
In file included from ./openvdb/util/logging.h:52:
In file included from /usr/include/log4cplus/logger.h:36:
In file included from /usr/include/log4cplus/spi/appenderattachable.h:33:
In file included from /usr/include/log4cplus/appender.h:36:
/usr/include/log4cplus/helpers/pointer.h:69:19: error: no matching constructor for initialization of 'log4cplus::helpers::SharedObject::count_type' (aka 'atomic<unsigned int>')
                , count(0)
                  ^     ~
/usr/include/tbb/atomic.h34:
In file included from io/Archive.h:42:
In file included from ./openvdb/Grid.h:43:
In file included from ./openvdb/tree/Tree.h:50:
In file included from ./openvdb/util/logging.h:52:
In file included from /usr/include/log4cplus/logger.h:36:
In file included from /usr/include/log4cplus/spi/appenderattachable.h:33:
In file included from /usr/include/log4cplus/appender.h:36:
/usr/include/log4cplus/helpers/pointer.h:85:21: error: no template named 'atomic' in namespace 'std'; did you mean 'tbb::atomic'?
            typedef std::atomic<unsigned> count_type;
                    ^~~~~
:/usr/include/tbb/atomic.h:407:8: note: 'tbb::atomic' declared here
470struct atomic: internal::atomic_impl<T> {
       ^
:1: note: candidate constructor (the implicit copy constructor) not viable: no known conversion from 'int' to 'const tbb::atomic<unsigned int>' for 1st argument
__TBB_DECL_ATOMIC(unsigned)
^
In file included from /usr/include/tbb/atomic.h:430:27: note: expanded from macro '__TBB_DECL_ATOMIC'
io/Stream.cc:        template<> struct atomic<T>: internal::atomic_impl_with_arithmetic<T,T,char> {              \
                          ^
/usr/include/tbb/atomic.h:470:1: note: candidate constructor (the implicit default constructor) not viable: requires 0 arguments, but 1 was provided
/usr/include/tbb/atomic.h:430:27: note: expanded from macro '__TBB_DECL_ATOMIC'
31:
        template<> struct atomic<T>: internal::atomic_impl_with_arithmetic<T,T,char> {              \In file included from io/Stream.h:34:
In file included from io/Archive.h:42:
In file included from ./openvdb/Grid.h:43:
In file included from ./openvdb/tree/Tree.h:50:
In file included from ./openvdb/util/logging.h:52:
In file included from /usr/include/log4cplus/logger.h:36:
In file included from /usr/include/log4cplus/spi/appenderattachable.h:33:
In file included from /usr/include/log4cplus/appender.h:36:
/usr/include/log4cplus/helpers/pointer.h:64:19: error: no matching constructor for initialization of 'log4cplus::helpers::SharedObject::count_type' (aka 'atomic<unsigned int>')
                , count(0)
                  ^     ~
/usr/include/tbb/atomic.h
                          ^
:470:1: note: candidate constructor (the implicit copy constructor) not viable: no known conversion from 'int' to 'const tbb::atomic<unsigned int>' for 1st argument
__TBB_DECL_ATOMIC(unsigned)
^
/usr/include/tbb/atomic.h:430:27: note: expanded from macro '__TBB_DECL_ATOMIC'
        template<> struct atomic<T>: internal::atomic_impl_with_arithmetic<T,T,char> {              \
                          ^
/usr/include/tbb/atomic.h:470:1: note: candidate constructor (the implicit default constructor) not viable: requires 0 arguments, but 1 was provided
/usr/include/tbb/atomic.h:430:27: note: expanded from macro '__TBB_DECL_ATOMIC'
        template<> struct atomic<T>: internal::atomic_impl_with_arithmetic<T,T,char> {              \
                          ^
In file included from io/Stream.cc:31:
In file included from io/Stream.h:34:
In file included from io/Archive.h:42:
In file included from ./openvdb/Grid.h:43:
In file included from ./openvdb/tree/Tree.h:50:
In file included from ./openvdb/util/logging.h:52:
In file included from /usr/include/log4cplus/logger.h:36:
In file included from /usr/include/log4cplus/spi/appenderattachable.h:33:
In file included from /usr/include/log4cplus/appender.h:36:
/usr/include/log4cplus/helpers/pointer.h:69:19: error: no matching constructor for initialization of 'log4cplus::helpers::SharedObject::count_type' (aka 'atomic<unsigned int>')
                , count(0)
                  ^     ~
/usr/include/tbb/atomic.h:470:1: note: candidate constructor (the implicit copy constructor) not viable: no known conversion from 'int' to 'const tbb::atomic<unsigned int>' for 1st argument
__TBB_DECL_ATOMIC(unsigned)
^
/usr/include/tbb/atomic.h:430:27: note: expanded from macro '__TBB_DECL_ATOMIC'
        template<> struct atomic<T>: internal::atomic_impl_with_arithmetic<T,T,char> {              \
                          ^
/usr/include/tbb/atomic.h:470:1: note: candidate constructor (the implicit default constructor) not viable: requires 0 arguments, but 1 was provided
/usr/include/tbb/atomic.h:430:27: note: expanded from macro '__TBB_DECL_ATOMIC'
        template<> struct atomic<T>: internal::atomic_impl_with_arithmetic<T,T,char> {              \
                          ^
2 errors generated.
Makefile:690: recipe for target 'io/Compression.o' failed
make[2]: *** [io/Compression.o] Error 1
4 errors generated.
Makefile:690: recipe for target 'io/Queue.o' failed
make[2]: *** [io/Queue.o] Error 1
4 errors generated.
Makefile:690: recipe for target 'io/GridDescriptor.o' failed
make[2]: *** [io/GridDescriptor.o] Error 1
4 errors generated.
Makefile:690: recipe for target 'Platform.o' failed
make[2]: *** [Platform.o] Error 1
4 errors generated.
Makefile:690: recipe for target 'Grid.o' failed
make[2]: *** [Grid.o] Error 1
4 errors generated.
4 errors generated.
Makefile:690: recipe for target 'io/Stream.o' failed
make[2]: *** [io/Stream.o] Error 1
Makefile:690: recipe for target 'io/File.o' failed
make[2]: *** [io/File.o] Error 1
4 errors generated.
Makefile:690: recipe for target 'io/Archive.o' failed
make[2]: *** [io/Archive.o] Error 1
4 errors generated.
Makefile:690: recipe for target 'openvdb.o' failed
make[2]: *** [openvdb.o] Error 1
make[2]: Leaving directory '/<<PKGBUILDDIR>>'
dh_auto_build: make -j16 DOXYGEN= EPYDOC= CPPUNIT_INCL_DIR=/usr/include CPPUNIT_LIB_DIR=/usr/lib/x86_64-linux-gnu EXR_INCL_DIR=/usr/include/OpenEXR EXR_LIB_DIR=/usr/lib/x86_64-linux-gnu ILMBASE_INCL_DIR=/usr/include/OpenEXR ILMBASE_LIB_DIR=/usr/lib/x86_64-linux-gnu HT=/usr HDSO=/usr/lib LOG4CPLUS_INCL_DIR=/usr/include LOG4CPLUS_LIB_DIR=/usr/lib/x86_64-linux-gnu BOOST_PYTHON_LIB=-lboost_python-py27 PYTHON_VERSION=2.7 BOOST_PYTHON_LIB_DIR=/usr/lib/x86_64-linux-gnu PYTHON_LIB_DIR=/usr/lib/x86_64-linux-gnu PYTHON_INCL_DIR=/usr/include/python2.7 NUMPY_INCL_DIR=/usr/lib/python2.7/dist-packages/numpy/core/include/numpy/ PYTHON_SONAME_FLAGS= GLFW_INCL_DIR=/usr/include/GL GLFW_LIB_DIR=/usr/lib/x86_64-linux-gnu "LIBS_RPATH=-Wl,-z,relro -Wl,--as-needed -ldl -lm -lz -lHalf -ltbb -latomic -lblosc -llog4cplus -lboost_filesystem -lboost_system -lboost_iostreams" LIBOPENVDB_RPATH= verbose=yes debug=yes rpath=no shared=yes returned exit code 2
debian/rules:56: recipe for target 'override_dh_auto_build-arch' failed
make[1]: *** [override_dh_auto_build-arch] Error 2
make[1]: Leaving directory '/<<PKGBUILDDIR>>'
debian/rules:50: recipe for target 'build-arch' failed
make: *** [build-arch] Error 2
dpkg-buildpackage: error: debian/rules build-arch gave error exit status 2
--------------------------------------------------------------------------------
Build finished at 2017-08-20T17:40:51Z

Finished
--------


+------------------------------------------------------------------------------+
| Cleanup                                                                      |
+------------------------------------------------------------------------------+

Purging /<<BUILDDIR>>
Not cleaning session: cloned chroot in use
E: Build failure (dpkg-buildpackage died)

+------------------------------------------------------------------------------+
| Summary                                                                      |
+------------------------------------------------------------------------------+

Build Architecture: amd64
Build Type: any
Build-Space: 12712
Build-Time: 8
Distribution: unstable
Fail-Stage: build
Host Architecture: amd64
Install-Time: 25
Job: openvdb_3.2.0-2.1
Machine Architecture: amd64
Package: openvdb
Package-Time: 55
Source-Version: 3.2.0-2.1
Space: 12712
Status: attempted
Version: 3.2.0-2.1
--------------------------------------------------------------------------------
Finished at 2017-08-20T17:40:51Z
Build needed 00:00:55, 12712k disk space
E: Build failure (dpkg-buildpackage died)
DC-Status: Failed 55.988572148s
DC-Time-Estimation: 55.988572148 versus expected 1118 (r/m: 18.968360633392873 ; m: 55.988572148)
