DC-Build-Header: quantlib-swig 1.10-1 / 2017-08-20 18:15:49 +0000
DC-Task: type:rebuild-binarch-only source:quantlib-swig version:1.10-1 chroot:unstable esttime:388 logfile:/tmp/quantlib-swig_1.10-1_unstable_clang5.0.log modes:clang50:binarch-only
DC-Sbuild-call: su user42 -c 'sbuild -n --arch-any --apt-update -d unstable -v  --chroot-setup-commands=/tmp/clang50 quantlib-swig_1.10-1'
sbuild (Debian sbuild) 0.73.0 (23 Dec 2016) on ip-172-31-47-228.eu-central-1.compute.internal

+==============================================================================+
| quantlib-swig 1.10-1 (amd64)                 Sun, 20 Aug 2017 18:15:50 +0000 |
+==============================================================================+

Package: quantlib-swig
Version: 1.10-1
Source Version: 1.10-1
Distribution: unstable
Machine Architecture: amd64
Host Architecture: amd64
Build Architecture: amd64
Build Type: any

I: NOTICE: Log filtering will replace 'var/run/schroot/mount/unstable-amd64-sbuild-aa5151e9-ddab-48db-98e1-54d932dd24ee' with '<<CHROOT>>'

+------------------------------------------------------------------------------+
| Chroot Setup Commands                                                        |
+------------------------------------------------------------------------------+


/tmp/clang50
------------

+ echo 'Entering customization script...'
Entering customization script...
+ CLANG_VERSION=5.0
+ echo 'Install of clang-5.0'
Install of clang-5.0
+ apt-get update
Hit:1 http://127.0.0.1:9999/debian unstable InRelease
Get:2 http://127.0.0.1:9999/debian unstable/main Translation-en [5785 kB]
Fetched 5785 kB in 1s (3993 kB/s)
Reading package lists...
+ apt-get install --yes --no-install-recommends --force-yes clang-5.0
Reading package lists...
Building dependency tree...
Reading state information...
The following additional packages will be installed:
  libasan3 libbsd0 libclang-common-5.0-dev libclang1-5.0 libedit2 libgcc-6-dev
  libjsoncpp1 libllvm5.0 libncurses5 libobjc-6-dev libobjc4 libstdc++-6-dev
Suggested packages:
  gnustep gnustep-devel clang-5.0-doc libomp-dev libstdc++-6-doc
Recommended packages:
  llvm-5.0-dev python libgpm2
The following NEW packages will be installed:
  clang-5.0 libasan3 libbsd0 libclang-common-5.0-dev libclang1-5.0 libedit2
  libgcc-6-dev libjsoncpp1 libllvm5.0 libncurses5 libobjc-6-dev libobjc4
  libstdc++-6-dev
0 upgraded, 13 newly installed, 0 to remove and 0 not upgraded.
Need to get 88.4 MB of archives.
After this operation, 376 MB of additional disk space will be used.
Get:1 http://127.0.0.1:9999/debian unstable/main amd64 libbsd0 amd64 0.8.6-1 [90.3 kB]
Get:2 http://127.0.0.1:9999/debian unstable/main amd64 libncurses5 amd64 6.0+20170715-2 [93.8 kB]
Get:3 http://127.0.0.1:9999/debian unstable/main amd64 libedit2 amd64 3.1-20170329-1 [85.2 kB]
Get:4 http://127.0.0.1:9999/debian unstable/main amd64 libllvm5.0 amd64 1:5.0~+rc2-1 [13.5 MB]
Get:5 http://127.0.0.1:9999/debian unstable/main amd64 libclang1-5.0 amd64 1:5.0~+rc2-1 [6729 kB]
Get:6 http://127.0.0.1:9999/debian unstable/main amd64 libjsoncpp1 amd64 1.7.4-3 [75.6 kB]
Get:7 http://127.0.0.1:9999/debian unstable/main amd64 libasan3 amd64 6.4.0-3 [311 kB]
Get:8 http://127.0.0.1:9999/debian unstable/main amd64 libgcc-6-dev amd64 6.4.0-3 [2296 kB]
Get:9 http://127.0.0.1:9999/debian unstable/main amd64 libstdc++-6-dev amd64 6.4.0-3 [1421 kB]
Get:10 http://127.0.0.1:9999/debian unstable/main amd64 libobjc4 amd64 7.2.0-1 [51.0 kB]
Get:11 http://127.0.0.1:9999/debian unstable/main amd64 libobjc-6-dev amd64 6.4.0-3 [197 kB]
Get:12 http://127.0.0.1:9999/debian unstable/main amd64 libclang-common-5.0-dev amd64 1:5.0~+rc2-1 [1989 kB]
Get:13 http://127.0.0.1:9999/debian unstable/main amd64 clang-5.0 amd64 1:5.0~+rc2-1 [61.6 MB]
debconf: delaying package configuration, since apt-utils is not installed
Fetched 88.4 MB in 0s (98.5 MB/s)
Selecting previously unselected package libbsd0:amd64.
(Reading database ... (Reading database ... 5%(Reading database ... 10%(Reading database ... 15%(Reading database ... 20%(Reading database ... 25%(Reading database ... 30%(Reading database ... 35%(Reading database ... 40%(Reading database ... 45%(Reading database ... 50%(Reading database ... 55%(Reading database ... 60%(Reading database ... 65%(Reading database ... 70%(Reading database ... 75%(Reading database ... 80%(Reading database ... 85%(Reading database ... 90%(Reading database ... 95%(Reading database ... 100%(Reading database ... 9822 files and directories currently installed.)
Preparing to unpack .../00-libbsd0_0.8.6-1_amd64.deb ...
Unpacking libbsd0:amd64 (0.8.6-1) ...
Selecting previously unselected package libncurses5:amd64.
Preparing to unpack .../01-libncurses5_6.0+20170715-2_amd64.deb ...
Unpacking libncurses5:amd64 (6.0+20170715-2) ...
Selecting previously unselected package libedit2:amd64.
Preparing to unpack .../02-libedit2_3.1-20170329-1_amd64.deb ...
Unpacking libedit2:amd64 (3.1-20170329-1) ...
Selecting previously unselected package libllvm5.0:amd64.
Preparing to unpack .../03-libllvm5.0_1%3a5.0~+rc2-1_amd64.deb ...
Unpacking libllvm5.0:amd64 (1:5.0~+rc2-1) ...
Selecting previously unselected package libclang1-5.0:amd64.
Preparing to unpack .../04-libclang1-5.0_1%3a5.0~+rc2-1_amd64.deb ...
Unpacking libclang1-5.0:amd64 (1:5.0~+rc2-1) ...
Selecting previously unselected package libjsoncpp1:amd64.
Preparing to unpack .../05-libjsoncpp1_1.7.4-3_amd64.deb ...
Unpacking libjsoncpp1:amd64 (1.7.4-3) ...
Selecting previously unselected package libasan3:amd64.
Preparing to unpack .../06-libasan3_6.4.0-3_amd64.deb ...
Unpacking libasan3:amd64 (6.4.0-3) ...
Selecting previously unselected package libgcc-6-dev:amd64.
Preparing to unpack .../07-libgcc-6-dev_6.4.0-3_amd64.deb ...
Unpacking libgcc-6-dev:amd64 (6.4.0-3) ...
Selecting previously unselected package libstdc++-6-dev:amd64.
Preparing to unpack .../08-libstdc++-6-dev_6.4.0-3_amd64.deb ...
Unpacking libstdc++-6-dev:amd64 (6.4.0-3) ...
Selecting previously unselected package libobjc4:amd64.
Preparing to unpack .../09-libobjc4_7.2.0-1_amd64.deb ...
Unpacking libobjc4:amd64 (7.2.0-1) ...
Selecting previously unselected package libobjc-6-dev:amd64.
Preparing to unpack .../10-libobjc-6-dev_6.4.0-3_amd64.deb ...
Unpacking libobjc-6-dev:amd64 (6.4.0-3) ...
Selecting previously unselected package libclang-common-5.0-dev.
Preparing to unpack .../11-libclang-common-5.0-dev_1%3a5.0~+rc2-1_amd64.deb ...
Unpacking libclang-common-5.0-dev (1:5.0~+rc2-1) ...
Selecting previously unselected package clang-5.0.
Preparing to unpack .../12-clang-5.0_1%3a5.0~+rc2-1_amd64.deb ...
Unpacking clang-5.0 (1:5.0~+rc2-1) ...
Setting up libncurses5:amd64 (6.0+20170715-2) ...
Setting up libobjc4:amd64 (7.2.0-1) ...
Setting up libasan3:amd64 (6.4.0-3) ...
Setting up libgcc-6-dev:amd64 (6.4.0-3) ...
Setting up libstdc++-6-dev:amd64 (6.4.0-3) ...
Setting up libbsd0:amd64 (0.8.6-1) ...
Processing triggers for libc-bin (2.24-14) ...
Setting up libobjc-6-dev:amd64 (6.4.0-3) ...
Setting up libjsoncpp1:amd64 (1.7.4-3) ...
Setting up libedit2:amd64 (3.1-20170329-1) ...
Setting up libllvm5.0:amd64 (1:5.0~+rc2-1) ...
Setting up libclang1-5.0:amd64 (1:5.0~+rc2-1) ...
Setting up libclang-common-5.0-dev (1:5.0~+rc2-1) ...
Setting up clang-5.0 (1:5.0~+rc2-1) ...
Processing triggers for libc-bin (2.24-14) ...
W: --force-yes is deprecated, use one of the options starting with --allow instead.
+ echo 'Replace gcc, g++ & cpp by clang'
Replace gcc, g++ & cpp by clang
+ VERSIONS='4.6 4.7 4.8 4.9 5 6 7'
+ cd /usr/bin
+ for VERSION in $VERSIONS
+ rm -f g++-4.6 gcc-4.6 cpp-4.6 gcc
+ ln -s clang++-5.0 g++-4.6
+ ln -s clang-5.0 gcc-4.6
+ ln -s clang-5.0 cpp-4.6
+ ln -s clang-5.0 gcc
+ echo 'gcc-4.6 hold'
+ dpkg --set-selections
dpkg: warning: package not in status nor available database at line 1: gcc-4.6
dpkg: warning: found unknown packages; this might mean the available database
is outdated, and needs to be updated through a frontend method;
please see the FAQ <https://wiki.debian.org/Teams/Dpkg/FAQ>
+ echo 'g++-4.6 hold'
+ dpkg --set-selections
dpkg: warning: package not in status nor available database at line 1: g++-4.6
dpkg: warning: found unknown packages; this might mean the available database
is outdated, and needs to be updated through a frontend method;
please see the FAQ <https://wiki.debian.org/Teams/Dpkg/FAQ>
+ for VERSION in $VERSIONS
+ rm -f g++-4.7 gcc-4.7 cpp-4.7 gcc
+ ln -s clang++-5.0 g++-4.7
+ ln -s clang-5.0 gcc-4.7
+ ln -s clang-5.0 cpp-4.7
+ ln -s clang-5.0 gcc
+ echo 'gcc-4.7 hold'
+ dpkg --set-selections
dpkg: warning: package not in status nor available database at line 1: gcc-4.7
dpkg: warning: found unknown packages; this might mean the available database
is outdated, and needs to be updated through a frontend method;
please see the FAQ <https://wiki.debian.org/Teams/Dpkg/FAQ>
+ echo 'g++-4.7 hold'
+ dpkg --set-selections
dpkg: warning: package not in status nor available database at line 1: g++-4.7
dpkg: warning: found unknown packages; this might mean the available database
is outdated, and needs to be updated through a frontend method;
please see the FAQ <https://wiki.debian.org/Teams/Dpkg/FAQ>
+ for VERSION in $VERSIONS
+ rm -f g++-4.8 gcc-4.8 cpp-4.8 gcc
+ ln -s clang++-5.0 g++-4.8
+ ln -s clang-5.0 gcc-4.8
+ ln -s clang-5.0 cpp-4.8
+ ln -s clang-5.0 gcc
+ echo 'gcc-4.8 hold'
+ dpkg --set-selections
dpkg: warning: package not in status nor available database at line 1: gcc-4.8
dpkg: warning: found unknown packages; this might mean the available database
is outdated, and needs to be updated through a frontend method;
please see the FAQ <https://wiki.debian.org/Teams/Dpkg/FAQ>
+ echo 'g++-4.8 hold'
+ dpkg --set-selections
dpkg: warning: package not in status nor available database at line 1: g++-4.8
dpkg: warning: found unknown packages; this might mean the available database
is outdated, and needs to be updated through a frontend method;
please see the FAQ <https://wiki.debian.org/Teams/Dpkg/FAQ>
+ for VERSION in $VERSIONS
+ rm -f g++-4.9 gcc-4.9 cpp-4.9 gcc
+ ln -s clang++-5.0 g++-4.9
+ ln -s clang-5.0 gcc-4.9
+ ln -s clang-5.0 cpp-4.9
+ ln -s clang-5.0 gcc
+ echo 'gcc-4.9 hold'
+ dpkg --set-selections
dpkg: warning: package not in status nor available database at line 1: gcc-4.9
dpkg: warning: found unknown packages; this might mean the available database
is outdated, and needs to be updated through a frontend method;
please see the FAQ <https://wiki.debian.org/Teams/Dpkg/FAQ>
+ echo 'g++-4.9 hold'
+ dpkg --set-selections
dpkg: warning: package not in status nor available database at line 1: g++-4.9
dpkg: warning: found unknown packages; this might mean the available database
is outdated, and needs to be updated through a frontend method;
please see the FAQ <https://wiki.debian.org/Teams/Dpkg/FAQ>
+ for VERSION in $VERSIONS
+ rm -f g++-5 gcc-5 cpp-5 gcc
+ ln -s clang++-5.0 g++-5
+ ln -s clang-5.0 gcc-5
+ ln -s clang-5.0 cpp-5
+ ln -s clang-5.0 gcc
+ echo 'gcc-5 hold'
+ dpkg --set-selections
+ echo 'g++-5 hold'
+ dpkg --set-selections
+ for VERSION in $VERSIONS
+ rm -f g++-6 gcc-6 cpp-6 gcc
+ ln -s clang++-5.0 g++-6
+ ln -s clang-5.0 gcc-6
+ ln -s clang-5.0 cpp-6
+ ln -s clang-5.0 gcc
+ echo 'gcc-6 hold'
+ dpkg --set-selections
dpkg: warning: package not in status nor available database at line 1: gcc-6
dpkg: warning: found unknown packages; this might mean the available database
is outdated, and needs to be updated through a frontend method;
please see the FAQ <https://wiki.debian.org/Teams/Dpkg/FAQ>
+ echo 'g++-6 hold'
+ dpkg --set-selections
dpkg: warning: package not in status nor available database at line 1: g++-6
dpkg: warning: found unknown packages; this might mean the available database
is outdated, and needs to be updated through a frontend method;
please see the FAQ <https://wiki.debian.org/Teams/Dpkg/FAQ>
+ for VERSION in $VERSIONS
+ rm -f g++-7 gcc-7 cpp-7 gcc
+ ln -s clang++-5.0 g++-7
+ ln -s clang-5.0 gcc-7
+ ln -s clang-5.0 cpp-7
+ ln -s clang-5.0 gcc
+ echo 'gcc-7 hold'
+ dpkg --set-selections
+ echo 'g++-7 hold'
+ dpkg --set-selections
+ cd -
/build/quantlib-swig-4vyJQo
+ echo 'Check if gcc, g++ & cpp are actually clang'
Check if gcc, g++ & cpp are actually clang
+ gcc --version
+ grep clang
+ cpp --version
+ grep clang
+ g++ --version
+ grep clang

I: Finished running '/tmp/clang50'.

Finished processing commands.
--------------------------------------------------------------------------------

+------------------------------------------------------------------------------+
| Update chroot                                                                |
+------------------------------------------------------------------------------+

Hit:1 http://127.0.0.1:9999/debian unstable InRelease
Reading package lists...
Reading package lists...
Building dependency tree...
Reading state information...
Calculating upgrade...
0 upgraded, 0 newly installed, 0 to remove and 0 not upgraded.

+------------------------------------------------------------------------------+
| Fetch source files                                                           |
+------------------------------------------------------------------------------+


Check APT
---------

Checking available source versions...

Download source files with APT
------------------------------

Reading package lists...
Need to get 5587 kB of source archives.
Get:1 http://127.0.0.1:9999/debian unstable/main quantlib-swig 1.10-1 (dsc) [1826 B]
Get:2 http://127.0.0.1:9999/debian unstable/main quantlib-swig 1.10-1 (tar) [5575 kB]
Get:3 http://127.0.0.1:9999/debian unstable/main quantlib-swig 1.10-1 (diff) [10.1 kB]
Fetched 5587 kB in 0s (15.3 MB/s)
Download complete and in download only mode
I: NOTICE: Log filtering will replace 'build/quantlib-swig-4vyJQo/quantlib-swig-1.10' with '<<PKGBUILDDIR>>'
I: NOTICE: Log filtering will replace 'build/quantlib-swig-4vyJQo' with '<<BUILDDIR>>'

+------------------------------------------------------------------------------+
| Install build-essential                                                      |
+------------------------------------------------------------------------------+


Setup apt archive
-----------------

Merged Build-Depends: build-essential, fakeroot
Filtered Build-Depends: build-essential, fakeroot
dpkg-deb: building package 'sbuild-build-depends-core-dummy' in '/<<BUILDDIR>>/resolver-k4kcgn/apt_archive/sbuild-build-depends-core-dummy.deb'.
dpkg-scanpackages: warning: Packages in archive but missing from override file:
dpkg-scanpackages: warning:   sbuild-build-depends-core-dummy
dpkg-scanpackages: info: Wrote 1 entries to output Packages file.
Ign:1 copy:/<<BUILDDIR>>/resolver-k4kcgn/apt_archive ./ InRelease
Get:2 copy:/<<BUILDDIR>>/resolver-k4kcgn/apt_archive ./ Release [957 B]
Ign:3 copy:/<<BUILDDIR>>/resolver-k4kcgn/apt_archive ./ Release.gpg
Get:4 copy:/<<BUILDDIR>>/resolver-k4kcgn/apt_archive ./ Sources [349 B]
Get:5 copy:/<<BUILDDIR>>/resolver-k4kcgn/apt_archive ./ Packages [432 B]
Fetched 1738 B in 0s (0 B/s)
Reading package lists...
Reading package lists...

Install core build dependencies (apt-based resolver)
----------------------------------------------------

Installing build dependencies
Reading package lists...
Building dependency tree...
Reading state information...
The following NEW packages will be installed:
  sbuild-build-depends-core-dummy
0 upgraded, 1 newly installed, 0 to remove and 0 not upgraded.
Need to get 780 B of archives.
After this operation, 0 B of additional disk space will be used.
Get:1 copy:/<<BUILDDIR>>/resolver-k4kcgn/apt_archive ./ sbuild-build-depends-core-dummy 0.invalid.0 [780 B]
debconf: delaying package configuration, since apt-utils is not installed
Fetched 780 B in 0s (0 B/s)
Selecting previously unselected package sbuild-build-depends-core-dummy.
(Reading database ... 11331 files and directories currently installed.)
Preparing to unpack .../sbuild-build-depends-core-dummy_0.invalid.0_amd64.deb ...
Unpacking sbuild-build-depends-core-dummy (0.invalid.0) ...
Setting up sbuild-build-depends-core-dummy (0.invalid.0) ...

+------------------------------------------------------------------------------+
| Check architectures                                                          |
+------------------------------------------------------------------------------+

Arch check ok (amd64 included in any)

+------------------------------------------------------------------------------+
| Install package build dependencies                                           |
+------------------------------------------------------------------------------+


Setup apt archive
-----------------

Merged Build-Depends: debhelper (>= 7.0.0), python, python-all-dev (>= 2.6.6-3), libquantlib0-dev (>= 1.9), gcc (>= 4:5.2), g++ (>= 4:5.2), libboost-dev (>= 1.34.0), libboost-test-dev (>= 1.34.0)
Filtered Build-Depends: debhelper (>= 7.0.0), python, python-all-dev (>= 2.6.6-3), libquantlib0-dev (>= 1.9), gcc (>= 4:5.2), g++ (>= 4:5.2), libboost-dev (>= 1.34.0), libboost-test-dev (>= 1.34.0)
dpkg-deb: building package 'sbuild-build-depends-quantlib-swig-dummy' in '/<<BUILDDIR>>/resolver-k4kcgn/apt_archive/sbuild-build-depends-quantlib-swig-dummy.deb'.
dpkg-scanpackages: warning: Packages in archive but missing from override file:
dpkg-scanpackages: warning:   sbuild-build-depends-core-dummy sbuild-build-depends-quantlib-swig-dummy
dpkg-scanpackages: info: Wrote 2 entries to output Packages file.
Ign:1 copy:/<<BUILDDIR>>/resolver-k4kcgn/apt_archive ./ InRelease
Get:2 copy:/<<BUILDDIR>>/resolver-k4kcgn/apt_archive ./ Release [963 B]
Ign:3 copy:/<<BUILDDIR>>/resolver-k4kcgn/apt_archive ./ Release.gpg
Get:4 copy:/<<BUILDDIR>>/resolver-k4kcgn/apt_archive ./ Sources [556 B]
Get:5 copy:/<<BUILDDIR>>/resolver-k4kcgn/apt_archive ./ Packages [638 B]
Fetched 2157 B in 0s (0 B/s)
Reading package lists...
Reading package lists...

Install quantlib-swig build dependencies (apt-based resolver)
-------------------------------------------------------------

Installing build dependencies
Reading package lists...
Building dependency tree...
Reading state information...
The following additional packages will be installed:
  autoconf automake autopoint autotools-dev bsdmainutils debhelper
  dh-autoreconf dh-strip-nondeterminism file gettext gettext-base groff-base
  intltool-debian libarchive-zip-perl libboost-chrono1.62.0 libboost-dev
  libboost-system1.62.0 libboost-test-dev libboost-test1.62-dev
  libboost-test1.62.0 libboost-timer1.62.0 libboost1.62-dev libcroco3
  libexpat1 libexpat1-dev libfile-stripnondeterminism-perl libglib2.0-0
  libicu57 libmagic-mgc libmagic1 libpipeline1 libpython-all-dev libpython-dev
  libpython-stdlib libpython2.7 libpython2.7-dev libpython2.7-minimal
  libpython2.7-stdlib libquantlib0-dev libquantlib0v5 libreadline7 libsigsegv2
  libsqlite3-0 libssl1.1 libtimedate-perl libtool libxml2 m4 man-db
  mime-support po-debconf python python-all python-all-dev python-dev
  python-minimal python2.7 python2.7-dev python2.7-minimal readline-common
Suggested packages:
  autoconf-archive gnu-standards autoconf-doc wamerican | wordlist whois
  vacation dh-make gettext-doc libasprintf-dev libgettextpo-dev groff
  libboost-doc libboost1.62-doc libboost-atomic1.62-dev
  libboost-chrono1.62-dev libboost-context1.62-dev libboost-coroutine1.62-dev
  libboost-date-time1.62-dev libboost-exception1.62-dev libboost-fiber1.62-dev
  libboost-filesystem1.62-dev libboost-graph1.62-dev
  libboost-graph-parallel1.62-dev libboost-iostreams1.62-dev
  libboost-locale1.62-dev libboost-log1.62-dev libboost-math1.62-dev
  libboost-mpi1.62-dev libboost-mpi-python1.62-dev
  libboost-program-options1.62-dev libboost-python1.62-dev
  libboost-random1.62-dev libboost-regex1.62-dev
  libboost-serialization1.62-dev libboost-signals1.62-dev
  libboost-system1.62-dev libboost-thread1.62-dev libboost-timer1.62-dev
  libboost-type-erasure1.62-dev libboost-wave1.62-dev libboost1.62-tools-dev
  libmpfrc++-dev libntl-dev libtool-doc gfortran | fortran95-compiler gcj-jdk
  m4-doc less www-browser libmail-box-perl python-doc python-tk python2.7-doc
  binfmt-support readline-doc
Recommended packages:
  curl | wget | lynx-cur libarchive-cpio-perl libglib2.0-data shared-mime-info
  xdg-user-dirs libltdl-dev xml-core libmail-sendmail-perl
The following NEW packages will be installed:
  autoconf automake autopoint autotools-dev bsdmainutils debhelper
  dh-autoreconf dh-strip-nondeterminism file gettext gettext-base groff-base
  intltool-debian libarchive-zip-perl libboost-chrono1.62.0 libboost-dev
  libboost-system1.62.0 libboost-test-dev libboost-test1.62-dev
  libboost-test1.62.0 libboost-timer1.62.0 libboost1.62-dev libcroco3
  libexpat1 libexpat1-dev libfile-stripnondeterminism-perl libglib2.0-0
  libicu57 libmagic-mgc libmagic1 libpipeline1 libpython-all-dev libpython-dev
  libpython-stdlib libpython2.7 libpython2.7-dev libpython2.7-minimal
  libpython2.7-stdlib libquantlib0-dev libquantlib0v5 libreadline7 libsigsegv2
  libsqlite3-0 libssl1.1 libtimedate-perl libtool libxml2 m4 man-db
  mime-support po-debconf python python-all python-all-dev python-dev
  python-minimal python2.7 python2.7-dev python2.7-minimal readline-common
  sbuild-build-depends-quantlib-swig-dummy
0 upgraded, 61 newly installed, 0 to remove and 0 not upgraded.
Need to get 88.8 MB of archives.
After this operation, 458 MB of additional disk space will be used.
Get:1 copy:/<<BUILDDIR>>/resolver-k4kcgn/apt_archive ./ sbuild-build-depends-quantlib-swig-dummy 0.invalid.0 [854 B]
Get:2 http://127.0.0.1:9999/debian unstable/main amd64 groff-base amd64 1.22.3-9 [1160 kB]
Get:3 http://127.0.0.1:9999/debian unstable/main amd64 bsdmainutils amd64 9.0.12+nmu1 [186 kB]
Get:4 http://127.0.0.1:9999/debian unstable/main amd64 libpipeline1 amd64 1.4.2-1 [28.3 kB]
Get:5 http://127.0.0.1:9999/debian unstable/main amd64 man-db amd64 2.7.6.1-2 [1044 kB]
Get:6 http://127.0.0.1:9999/debian unstable/main amd64 libpython2.7-minimal amd64 2.7.13-4 [392 kB]
Get:7 http://127.0.0.1:9999/debian unstable/main amd64 python2.7-minimal amd64 2.7.13-4 [1370 kB]
Get:8 http://127.0.0.1:9999/debian unstable/main amd64 python-minimal amd64 2.7.13-2 [40.5 kB]
Get:9 http://127.0.0.1:9999/debian unstable/main amd64 mime-support all 3.60 [36.7 kB]
Get:10 http://127.0.0.1:9999/debian unstable/main amd64 libexpat1 amd64 2.2.3-1 [87.5 kB]
Get:11 http://127.0.0.1:9999/debian unstable/main amd64 readline-common all 7.0-3 [70.4 kB]
Get:12 http://127.0.0.1:9999/debian unstable/main amd64 libreadline7 amd64 7.0-3 [151 kB]
Get:13 http://127.0.0.1:9999/debian unstable/main amd64 libsqlite3-0 amd64 3.19.3-3 [582 kB]
Get:14 http://127.0.0.1:9999/debian unstable/main amd64 libssl1.1 amd64 1.1.0f-4 [1349 kB]
Get:15 http://127.0.0.1:9999/debian unstable/main amd64 libpython2.7-stdlib amd64 2.7.13-4 [1898 kB]
Get:16 http://127.0.0.1:9999/debian unstable/main amd64 python2.7 amd64 2.7.13-4 [292 kB]
Get:17 http://127.0.0.1:9999/debian unstable/main amd64 libpython-stdlib amd64 2.7.13-2 [20.0 kB]
Get:18 http://127.0.0.1:9999/debian unstable/main amd64 python amd64 2.7.13-2 [154 kB]
Get:19 http://127.0.0.1:9999/debian unstable/main amd64 libmagic-mgc amd64 1:5.31-1 [223 kB]
Get:20 http://127.0.0.1:9999/debian unstable/main amd64 libmagic1 amd64 1:5.31-1 [112 kB]
Get:21 http://127.0.0.1:9999/debian unstable/main amd64 file amd64 1:5.31-1 [64.2 kB]
Get:22 http://127.0.0.1:9999/debian unstable/main amd64 gettext-base amd64 0.19.8.1-2+b1 [122 kB]
Get:23 http://127.0.0.1:9999/debian unstable/main amd64 libicu57 amd64 57.1-6 [7701 kB]
Get:24 http://127.0.0.1:9999/debian unstable/main amd64 libxml2 amd64 2.9.4+dfsg1-3 [715 kB]
Get:25 http://127.0.0.1:9999/debian unstable/main amd64 libsigsegv2 amd64 2.11-1 [29.9 kB]
Get:26 http://127.0.0.1:9999/debian unstable/main amd64 m4 amd64 1.4.18-1 [202 kB]
Get:27 http://127.0.0.1:9999/debian unstable/main amd64 autoconf all 2.69-10 [338 kB]
Get:28 http://127.0.0.1:9999/debian unstable/main amd64 autotools-dev all 20161112.1 [73.4 kB]
Get:29 http://127.0.0.1:9999/debian unstable/main amd64 automake all 1:1.15.1-2 [736 kB]
Get:30 http://127.0.0.1:9999/debian unstable/main amd64 autopoint all 0.19.8.1-2 [433 kB]
Get:31 http://127.0.0.1:9999/debian unstable/main amd64 libtool all 2.4.6-2 [545 kB]
Get:32 http://127.0.0.1:9999/debian unstable/main amd64 dh-autoreconf all 14 [15.9 kB]
Get:33 http://127.0.0.1:9999/debian unstable/main amd64 libarchive-zip-perl all 1.59-1 [95.5 kB]
Get:34 http://127.0.0.1:9999/debian unstable/main amd64 libfile-stripnondeterminism-perl all 0.038-1 [17.6 kB]
Get:35 http://127.0.0.1:9999/debian unstable/main amd64 libtimedate-perl all 2.3000-2 [42.2 kB]
Get:36 http://127.0.0.1:9999/debian unstable/main amd64 dh-strip-nondeterminism all 0.038-1 [11.1 kB]
Get:37 http://127.0.0.1:9999/debian unstable/main amd64 libglib2.0-0 amd64 2.53.4-3 [2796 kB]
Get:38 http://127.0.0.1:9999/debian unstable/main amd64 libcroco3 amd64 0.6.12-1 [144 kB]
Get:39 http://127.0.0.1:9999/debian unstable/main amd64 gettext amd64 0.19.8.1-2+b1 [1301 kB]
Get:40 http://127.0.0.1:9999/debian unstable/main amd64 intltool-debian all 0.35.0+20060710.4 [26.3 kB]
Get:41 http://127.0.0.1:9999/debian unstable/main amd64 po-debconf all 1.0.20 [247 kB]
Get:42 http://127.0.0.1:9999/debian unstable/main amd64 debhelper all 10.7.2 [975 kB]
Get:43 http://127.0.0.1:9999/debian unstable/main amd64 libboost-system1.62.0 amd64 1.62.0+dfsg-4+b1 [32.7 kB]
Get:44 http://127.0.0.1:9999/debian unstable/main amd64 libboost-chrono1.62.0 amd64 1.62.0+dfsg-4+b1 [36.3 kB]
Get:45 http://127.0.0.1:9999/debian unstable/main amd64 libboost1.62-dev amd64 1.62.0+dfsg-4+b1 [7053 kB]
Get:46 http://127.0.0.1:9999/debian unstable/main amd64 libboost-dev amd64 1.62.0.1 [3632 B]
Get:47 http://127.0.0.1:9999/debian unstable/main amd64 libboost-timer1.62.0 amd64 1.62.0+dfsg-4+b1 [34.8 kB]
Get:48 http://127.0.0.1:9999/debian unstable/main amd64 libboost-test1.62.0 amd64 1.62.0+dfsg-4+b1 [255 kB]
Get:49 http://127.0.0.1:9999/debian unstable/main amd64 libboost-test1.62-dev amd64 1.62.0+dfsg-4+b1 [301 kB]
Get:50 http://127.0.0.1:9999/debian unstable/main amd64 libboost-test-dev amd64 1.62.0.1 [3456 B]
Get:51 http://127.0.0.1:9999/debian unstable/main amd64 libexpat1-dev amd64 2.2.3-1 [136 kB]
Get:52 http://127.0.0.1:9999/debian unstable/main amd64 libpython2.7 amd64 2.7.13-4 [1073 kB]
Get:53 http://127.0.0.1:9999/debian unstable/main amd64 libpython2.7-dev amd64 2.7.13-4 [28.2 MB]
Get:54 http://127.0.0.1:9999/debian unstable/main amd64 libpython-dev amd64 2.7.13-2 [20.1 kB]
Get:55 http://127.0.0.1:9999/debian unstable/main amd64 libpython-all-dev amd64 2.7.13-2 [960 B]
Get:56 http://127.0.0.1:9999/debian unstable/main amd64 libquantlib0v5 amd64 1.10-1 [7837 kB]
Get:57 http://127.0.0.1:9999/debian unstable/main amd64 libquantlib0-dev amd64 1.10-1 [17.7 MB]
Get:58 http://127.0.0.1:9999/debian unstable/main amd64 python-all amd64 2.7.13-2 [942 B]
Get:59 http://127.0.0.1:9999/debian unstable/main amd64 python2.7-dev amd64 2.7.13-4 [290 kB]
Get:60 http://127.0.0.1:9999/debian unstable/main amd64 python-dev amd64 2.7.13-2 [1126 B]
Get:61 http://127.0.0.1:9999/debian unstable/main amd64 python-all-dev amd64 2.7.13-2 [962 B]
debconf: delaying package configuration, since apt-utils is not installed
Fetched 88.8 MB in 1s (54.6 MB/s)
Selecting previously unselected package groff-base.
(Reading database ... 11331 files and directories currently installed.)
Preparing to unpack .../00-groff-base_1.22.3-9_amd64.deb ...
Unpacking groff-base (1.22.3-9) ...
Selecting previously unselected package bsdmainutils.
Preparing to unpack .../01-bsdmainutils_9.0.12+nmu1_amd64.deb ...
Unpacking bsdmainutils (9.0.12+nmu1) ...
Selecting previously unselected package libpipeline1:amd64.
Preparing to unpack .../02-libpipeline1_1.4.2-1_amd64.deb ...
Unpacking libpipeline1:amd64 (1.4.2-1) ...
Selecting previously unselected package man-db.
Preparing to unpack .../03-man-db_2.7.6.1-2_amd64.deb ...
Unpacking man-db (2.7.6.1-2) ...
Selecting previously unselected package libpython2.7-minimal:amd64.
Preparing to unpack .../04-libpython2.7-minimal_2.7.13-4_amd64.deb ...
Unpacking libpython2.7-minimal:amd64 (2.7.13-4) ...
Selecting previously unselected package python2.7-minimal.
Preparing to unpack .../05-python2.7-minimal_2.7.13-4_amd64.deb ...
Unpacking python2.7-minimal (2.7.13-4) ...
Selecting previously unselected package python-minimal.
Preparing to unpack .../06-python-minimal_2.7.13-2_amd64.deb ...
Unpacking python-minimal (2.7.13-2) ...
Selecting previously unselected package mime-support.
Preparing to unpack .../07-mime-support_3.60_all.deb ...
Unpacking mime-support (3.60) ...
Selecting previously unselected package libexpat1:amd64.
Preparing to unpack .../08-libexpat1_2.2.3-1_amd64.deb ...
Unpacking libexpat1:amd64 (2.2.3-1) ...
Selecting previously unselected package readline-common.
Preparing to unpack .../09-readline-common_7.0-3_all.deb ...
Unpacking readline-common (7.0-3) ...
Selecting previously unselected package libreadline7:amd64.
Preparing to unpack .../10-libreadline7_7.0-3_amd64.deb ...
Unpacking libreadline7:amd64 (7.0-3) ...
Selecting previously unselected package libsqlite3-0:amd64.
Preparing to unpack .../11-libsqlite3-0_3.19.3-3_amd64.deb ...
Unpacking libsqlite3-0:amd64 (3.19.3-3) ...
Selecting previously unselected package libssl1.1:amd64.
Preparing to unpack .../12-libssl1.1_1.1.0f-4_amd64.deb ...
Unpacking libssl1.1:amd64 (1.1.0f-4) ...
Selecting previously unselected package libpython2.7-stdlib:amd64.
Preparing to unpack .../13-libpython2.7-stdlib_2.7.13-4_amd64.deb ...
Unpacking libpython2.7-stdlib:amd64 (2.7.13-4) ...
Selecting previously unselected package python2.7.
Preparing to unpack .../14-python2.7_2.7.13-4_amd64.deb ...
Unpacking python2.7 (2.7.13-4) ...
Selecting previously unselected package libpython-stdlib:amd64.
Preparing to unpack .../15-libpython-stdlib_2.7.13-2_amd64.deb ...
Unpacking libpython-stdlib:amd64 (2.7.13-2) ...
Setting up libpython2.7-minimal:amd64 (2.7.13-4) ...
Setting up python2.7-minimal (2.7.13-4) ...
Setting up python-minimal (2.7.13-2) ...
Selecting previously unselected package python.
(Reading database ... 12714 files and directories currently installed.)
Preparing to unpack .../00-python_2.7.13-2_amd64.deb ...
Unpacking python (2.7.13-2) ...
Selecting previously unselected package libmagic-mgc.
Preparing to unpack .../01-libmagic-mgc_1%3a5.31-1_amd64.deb ...
Unpacking libmagic-mgc (1:5.31-1) ...
Selecting previously unselected package libmagic1:amd64.
Preparing to unpack .../02-libmagic1_1%3a5.31-1_amd64.deb ...
Unpacking libmagic1:amd64 (1:5.31-1) ...
Selecting previously unselected package file.
Preparing to unpack .../03-file_1%3a5.31-1_amd64.deb ...
Unpacking file (1:5.31-1) ...
Selecting previously unselected package gettext-base.
Preparing to unpack .../04-gettext-base_0.19.8.1-2+b1_amd64.deb ...
Unpacking gettext-base (0.19.8.1-2+b1) ...
Selecting previously unselected package libicu57:amd64.
Preparing to unpack .../05-libicu57_57.1-6_amd64.deb ...
Unpacking libicu57:amd64 (57.1-6) ...
Selecting previously unselected package libxml2:amd64.
Preparing to unpack .../06-libxml2_2.9.4+dfsg1-3_amd64.deb ...
Unpacking libxml2:amd64 (2.9.4+dfsg1-3) ...
Selecting previously unselected package libsigsegv2:amd64.
Preparing to unpack .../07-libsigsegv2_2.11-1_amd64.deb ...
Unpacking libsigsegv2:amd64 (2.11-1) ...
Selecting previously unselected package m4.
Preparing to unpack .../08-m4_1.4.18-1_amd64.deb ...
Unpacking m4 (1.4.18-1) ...
Selecting previously unselected package autoconf.
Preparing to unpack .../09-autoconf_2.69-10_all.deb ...
Unpacking autoconf (2.69-10) ...
Selecting previously unselected package autotools-dev.
Preparing to unpack .../10-autotools-dev_20161112.1_all.deb ...
Unpacking autotools-dev (20161112.1) ...
Selecting previously unselected package automake.
Preparing to unpack .../11-automake_1%3a1.15.1-2_all.deb ...
Unpacking automake (1:1.15.1-2) ...
Selecting previously unselected package autopoint.
Preparing to unpack .../12-autopoint_0.19.8.1-2_all.deb ...
Unpacking autopoint (0.19.8.1-2) ...
Selecting previously unselected package libtool.
Preparing to unpack .../13-libtool_2.4.6-2_all.deb ...
Unpacking libtool (2.4.6-2) ...
Selecting previously unselected package dh-autoreconf.
Preparing to unpack .../14-dh-autoreconf_14_all.deb ...
Unpacking dh-autoreconf (14) ...
Selecting previously unselected package libarchive-zip-perl.
Preparing to unpack .../15-libarchive-zip-perl_1.59-1_all.deb ...
Unpacking libarchive-zip-perl (1.59-1) ...
Selecting previously unselected package libfile-stripnondeterminism-perl.
Preparing to unpack .../16-libfile-stripnondeterminism-perl_0.038-1_all.deb ...
Unpacking libfile-stripnondeterminism-perl (0.038-1) ...
Selecting previously unselected package libtimedate-perl.
Preparing to unpack .../17-libtimedate-perl_2.3000-2_all.deb ...
Unpacking libtimedate-perl (2.3000-2) ...
Selecting previously unselected package dh-strip-nondeterminism.
Preparing to unpack .../18-dh-strip-nondeterminism_0.038-1_all.deb ...
Unpacking dh-strip-nondeterminism (0.038-1) ...
Selecting previously unselected package libglib2.0-0:amd64.
Preparing to unpack .../19-libglib2.0-0_2.53.4-3_amd64.deb ...
Unpacking libglib2.0-0:amd64 (2.53.4-3) ...
Selecting previously unselected package libcroco3:amd64.
Preparing to unpack .../20-libcroco3_0.6.12-1_amd64.deb ...
Unpacking libcroco3:amd64 (0.6.12-1) ...
Selecting previously unselected package gettext.
Preparing to unpack .../21-gettext_0.19.8.1-2+b1_amd64.deb ...
Unpacking gettext (0.19.8.1-2+b1) ...
Selecting previously unselected package intltool-debian.
Preparing to unpack .../22-intltool-debian_0.35.0+20060710.4_all.deb ...
Unpacking intltool-debian (0.35.0+20060710.4) ...
Selecting previously unselected package po-debconf.
Preparing to unpack .../23-po-debconf_1.0.20_all.deb ...
Unpacking po-debconf (1.0.20) ...
Selecting previously unselected package debhelper.
Preparing to unpack .../24-debhelper_10.7.2_all.deb ...
Unpacking debhelper (10.7.2) ...
Selecting previously unselected package libboost-system1.62.0:amd64.
Preparing to unpack .../25-libboost-system1.62.0_1.62.0+dfsg-4+b1_amd64.deb ...
Unpacking libboost-system1.62.0:amd64 (1.62.0+dfsg-4+b1) ...
Selecting previously unselected package libboost-chrono1.62.0:amd64.
Preparing to unpack .../26-libboost-chrono1.62.0_1.62.0+dfsg-4+b1_amd64.deb ...
Unpacking libboost-chrono1.62.0:amd64 (1.62.0+dfsg-4+b1) ...
Selecting previously unselected package libboost1.62-dev:amd64.
Preparing to unpack .../27-libboost1.62-dev_1.62.0+dfsg-4+b1_amd64.deb ...
Unpacking libboost1.62-dev:amd64 (1.62.0+dfsg-4+b1) ...
Selecting previously unselected package libboost-dev:amd64.
Preparing to unpack .../28-libboost-dev_1.62.0.1_amd64.deb ...
Unpacking libboost-dev:amd64 (1.62.0.1) ...
Selecting previously unselected package libboost-timer1.62.0:amd64.
Preparing to unpack .../29-libboost-timer1.62.0_1.62.0+dfsg-4+b1_amd64.deb ...
Unpacking libboost-timer1.62.0:amd64 (1.62.0+dfsg-4+b1) ...
Selecting previously unselected package libboost-test1.62.0:amd64.
Preparing to unpack .../30-libboost-test1.62.0_1.62.0+dfsg-4+b1_amd64.deb ...
Unpacking libboost-test1.62.0:amd64 (1.62.0+dfsg-4+b1) ...
Selecting previously unselected package libboost-test1.62-dev:amd64.
Preparing to unpack .../31-libboost-test1.62-dev_1.62.0+dfsg-4+b1_amd64.deb ...
Unpacking libboost-test1.62-dev:amd64 (1.62.0+dfsg-4+b1) ...
Selecting previously unselected package libboost-test-dev:amd64.
Preparing to unpack .../32-libboost-test-dev_1.62.0.1_amd64.deb ...
Unpacking libboost-test-dev:amd64 (1.62.0.1) ...
Selecting previously unselected package libexpat1-dev:amd64.
Preparing to unpack .../33-libexpat1-dev_2.2.3-1_amd64.deb ...
Unpacking libexpat1-dev:amd64 (2.2.3-1) ...
Selecting previously unselected package libpython2.7:amd64.
Preparing to unpack .../34-libpython2.7_2.7.13-4_amd64.deb ...
Unpacking libpython2.7:amd64 (2.7.13-4) ...
Selecting previously unselected package libpython2.7-dev:amd64.
Preparing to unpack .../35-libpython2.7-dev_2.7.13-4_amd64.deb ...
Unpacking libpython2.7-dev:amd64 (2.7.13-4) ...
Selecting previously unselected package libpython-dev:amd64.
Preparing to unpack .../36-libpython-dev_2.7.13-2_amd64.deb ...
Unpacking libpython-dev:amd64 (2.7.13-2) ...
Selecting previously unselected package libpython-all-dev:amd64.
Preparing to unpack .../37-libpython-all-dev_2.7.13-2_amd64.deb ...
Unpacking libpython-all-dev:amd64 (2.7.13-2) ...
Selecting previously unselected package libquantlib0v5.
Preparing to unpack .../38-libquantlib0v5_1.10-1_amd64.deb ...
Unpacking libquantlib0v5 (1.10-1) ...
Selecting previously unselected package libquantlib0-dev.
Preparing to unpack .../39-libquantlib0-dev_1.10-1_amd64.deb ...
Unpacking libquantlib0-dev (1.10-1) ...
Selecting previously unselected package python-all.
Preparing to unpack .../40-python-all_2.7.13-2_amd64.deb ...
Unpacking python-all (2.7.13-2) ...
Selecting previously unselected package python2.7-dev.
Preparing to unpack .../41-python2.7-dev_2.7.13-4_amd64.deb ...
Unpacking python2.7-dev (2.7.13-4) ...
Selecting previously unselected package python-dev.
Preparing to unpack .../42-python-dev_2.7.13-2_amd64.deb ...
Unpacking python-dev (2.7.13-2) ...
Selecting previously unselected package python-all-dev.
Preparing to unpack .../43-python-all-dev_2.7.13-2_amd64.deb ...
Unpacking python-all-dev (2.7.13-2) ...
Selecting previously unselected package sbuild-build-depends-quantlib-swig-dummy.
Preparing to unpack .../44-sbuild-build-depends-quantlib-swig-dummy_0.invalid.0_amd64.deb ...
Unpacking sbuild-build-depends-quantlib-swig-dummy (0.invalid.0) ...
Setting up readline-common (7.0-3) ...
Setting up libexpat1:amd64 (2.2.3-1) ...
Setting up libarchive-zip-perl (1.59-1) ...
Setting up mime-support (3.60) ...
Setting up libboost1.62-dev:amd64 (1.62.0+dfsg-4+b1) ...
Setting up libtimedate-perl (2.3000-2) ...
Setting up libsigsegv2:amd64 (2.11-1) ...
Setting up libreadline7:amd64 (7.0-3) ...
Setting up groff-base (1.22.3-9) ...
Setting up libglib2.0-0:amd64 (2.53.4-3) ...
No schema files found: doing nothing.
Setting up gettext-base (0.19.8.1-2+b1) ...
Setting up libpipeline1:amd64 (1.4.2-1) ...
Setting up m4 (1.4.18-1) ...
Setting up libicu57:amd64 (57.1-6) ...
Setting up libxml2:amd64 (2.9.4+dfsg1-3) ...
Setting up libmagic-mgc (1:5.31-1) ...
Setting up libmagic1:amd64 (1:5.31-1) ...
Setting up libcroco3:amd64 (0.6.12-1) ...
Processing triggers for libc-bin (2.24-14) ...
Setting up libquantlib0v5 (1.10-1) ...
Setting up autotools-dev (20161112.1) ...
Setting up libssl1.1:amd64 (1.1.0f-4) ...
Setting up libsqlite3-0:amd64 (3.19.3-3) ...
Setting up libexpat1-dev:amd64 (2.2.3-1) ...
Setting up libboost-dev:amd64 (1.62.0.1) ...
Setting up bsdmainutils (9.0.12+nmu1) ...
update-alternatives: using /usr/bin/bsd-write to provide /usr/bin/write (write) in auto mode
update-alternatives: using /usr/bin/bsd-from to provide /usr/bin/from (from) in auto mode
Setting up libpython2.7-stdlib:amd64 (2.7.13-4) ...
Setting up autopoint (0.19.8.1-2) ...
Setting up libboost-system1.62.0:amd64 (1.62.0+dfsg-4+b1) ...
Setting up libfile-stripnondeterminism-perl (0.038-1) ...
Setting up gettext (0.19.8.1-2+b1) ...
Setting up python2.7 (2.7.13-4) ...
Setting up autoconf (2.69-10) ...
Setting up file (1:5.31-1) ...
Setting up libpython-stdlib:amd64 (2.7.13-2) ...
Setting up intltool-debian (0.35.0+20060710.4) ...
Setting up libpython2.7:amd64 (2.7.13-4) ...
Setting up automake (1:1.15.1-2) ...
update-alternatives: using /usr/bin/automake-1.15 to provide /usr/bin/automake (automake) in auto mode
Setting up man-db (2.7.6.1-2) ...
Not building database; man-db/auto-update is not 'true'.
Setting up libpython2.7-dev:amd64 (2.7.13-4) ...
Setting up python2.7-dev (2.7.13-4) ...
Setting up python (2.7.13-2) ...
Setting up libboost-chrono1.62.0:amd64 (1.62.0+dfsg-4+b1) ...
Setting up libtool (2.4.6-2) ...
Setting up libpython-dev:amd64 (2.7.13-2) ...
Setting up libboost-timer1.62.0:amd64 (1.62.0+dfsg-4+b1) ...
Setting up po-debconf (1.0.20) ...
Setting up python-dev (2.7.13-2) ...
Setting up libpython-all-dev:amd64 (2.7.13-2) ...
Setting up libboost-test1.62.0:amd64 (1.62.0+dfsg-4+b1) ...
Setting up python-all (2.7.13-2) ...
Setting up libboost-test1.62-dev:amd64 (1.62.0+dfsg-4+b1) ...
Setting up python-all-dev (2.7.13-2) ...
Setting up libboost-test-dev:amd64 (1.62.0.1) ...
Setting up libquantlib0-dev (1.10-1) ...
Setting up dh-autoreconf (14) ...
Setting up debhelper (10.7.2) ...
Setting up sbuild-build-depends-quantlib-swig-dummy (0.invalid.0) ...
Setting up dh-strip-nondeterminism (0.038-1) ...
Processing triggers for libc-bin (2.24-14) ...

+------------------------------------------------------------------------------+
| Build environment                                                            |
+------------------------------------------------------------------------------+

Kernel: Linux 4.9.0-2-amd64 amd64 (x86_64)
Toolchain package versions: binutils_2.29-4 dpkg-dev_1.18.24 g++-7_7.2.0-1 gcc-7_7.2.0-1 libc6-dev_2.24-14 libstdc++-6-dev_6.4.0-3 libstdc++-7-dev_7.2.0-1 libstdc++6_7.2.0-1 linux-libc-dev_4.12.6-1
Package versions: adduser_3.116 apt_1.5~beta2 autoconf_2.69-10 automake_1:1.15.1-2 autopoint_0.19.8.1-2 autotools-dev_20161112.1 base-files_10 base-passwd_3.5.43 bash_4.4-5 binutils_2.29-4 bsdmainutils_9.0.12+nmu1 bsdutils_1:2.29.2-4 build-essential_12.3 bzip2_1.0.6-8.1 clang-5.0_1:5.0~+rc2-1 coreutils_8.26-3 cpp_4:7.1.0-2 cpp-7_7.2.0-1 dash_0.5.8-2.5 debconf_1.5.63 debfoster_2.7-2.1+b1 debhelper_10.7.2 debian-archive-keyring_2017.5 debianutils_4.8.2 dh-autoreconf_14 dh-strip-nondeterminism_0.038-1 diffutils_1:3.6-1 dpkg_1.18.24 dpkg-dev_1.18.24 e2fslibs_1.43.5-1 e2fsprogs_1.43.5-1 eatmydata_105-5 fakeroot_1.22-1 fdisk_2.29.2-4 file_1:5.31-1 findutils_4.6.0+git+20170729-2 g++_4:7.1.0-2 g++-7_7.2.0-1 gcc_4:7.1.0-2 gcc-6-base_6.4.0-3 gcc-7_7.2.0-1 gcc-7-base_7.2.0-1 gettext_0.19.8.1-2+b1 gettext-base_0.19.8.1-2+b1 gpgv_2.1.23-2 grep_3.1-2 groff-base_1.22.3-9 gzip_1.6-5+b1 hostname_3.18+b1 init-system-helpers_1.49 intltool-debian_0.35.0+20060710.4 libacl1_2.2.52-3+b1 libapt-pkg5.0_1.5~beta2 libarchive-zip-perl_1.59-1 libasan3_6.4.0-3 libasan4_7.2.0-1 libatomic1_7.2.0-1 libattr1_1:2.4.47-2+b2 libaudit-common_1:2.7.7-1 libaudit1_1:2.7.7-1+b2 libblkid1_2.29.2-4 libboost-chrono1.62.0_1.62.0+dfsg-4+b1 libboost-dev_1.62.0.1 libboost-system1.62.0_1.62.0+dfsg-4+b1 libboost-test-dev_1.62.0.1 libboost-test1.62-dev_1.62.0+dfsg-4+b1 libboost-test1.62.0_1.62.0+dfsg-4+b1 libboost-timer1.62.0_1.62.0+dfsg-4+b1 libboost1.62-dev_1.62.0+dfsg-4+b1 libbsd0_0.8.6-1 libbz2-1.0_1.0.6-8.1 libc-bin_2.24-14 libc-dev-bin_2.24-14 libc6_2.24-14 libc6-dev_2.24-14 libcap-ng0_0.7.7-3+b1 libcc1-0_7.2.0-1 libcilkrts5_7.2.0-1 libclang-common-5.0-dev_1:5.0~+rc2-1 libclang1-5.0_1:5.0~+rc2-1 libcomerr2_1.43.5-1 libcroco3_0.6.12-1 libdb5.3_5.3.28-13 libdebconfclient0_0.229 libdpkg-perl_1.18.24 libeatmydata1_105-5 libedit2_3.1-20170329-1 libexpat1_2.2.3-1 libexpat1-dev_2.2.3-1 libfakeroot_1.22-1 libfdisk1_2.29.2-4 libffi6_3.2.1-6 libfile-stripnondeterminism-perl_0.038-1 libgc1c2_1:7.4.2-8 libgcc-6-dev_6.4.0-3 libgcc-7-dev_7.2.0-1 libgcc1_1:7.2.0-1 libgcrypt20_1.7.8-2 libgdbm3_1.8.3-14 libglib2.0-0_2.53.4-3 libgmp10_2:6.1.2+dfsg-1 libgnutls30_3.5.14-3 libgomp1_7.2.0-1 libgpg-error0_1.27-3 libhogweed4_3.3-1+b1 libicu57_57.1-6 libidn2-0_2.0.2-3 libisl15_0.18-1 libitm1_7.2.0-1 libjsoncpp1_1.7.4-3 libllvm5.0_1:5.0~+rc2-1 liblsan0_7.2.0-1 liblz4-1_0.0~r131-2+b1 liblzma5_5.2.2-1.3 libmagic-mgc_1:5.31-1 libmagic1_1:5.31-1 libmount1_2.29.2-4 libmpc3_1.0.3-1+b2 libmpfr4_3.1.5-1 libmpx2_7.2.0-1 libncurses5_6.0+20170715-2 libncursesw5_6.0+20170715-2 libnettle6_3.3-1+b1 libobjc-6-dev_6.4.0-3 libobjc4_7.2.0-1 libp11-kit0_0.23.7-3 libpam-modules_1.1.8-3.6 libpam-modules-bin_1.1.8-3.6 libpam-runtime_1.1.8-3.6 libpam0g_1.1.8-3.6 libpcre3_2:8.39-4 libperl5.26_5.26.0-5 libpipeline1_1.4.2-1 libpython-all-dev_2.7.13-2 libpython-dev_2.7.13-2 libpython-stdlib_2.7.13-2 libpython2.7_2.7.13-4 libpython2.7-dev_2.7.13-4 libpython2.7-minimal_2.7.13-4 libpython2.7-stdlib_2.7.13-4 libquadmath0_7.2.0-1 libquantlib0-dev_1.10-1 libquantlib0v5_1.10-1 libreadline7_7.0-3 libselinux1_2.6-3+b2 libsemanage-common_2.6-2 libsemanage1_2.6-2+b1 libsepol1_2.6-2 libsigsegv2_2.11-1 libsmartcols1_2.29.2-4 libsqlite3-0_3.19.3-3 libss2_1.43.5-1 libssl1.1_1.1.0f-4 libstdc++-6-dev_6.4.0-3 libstdc++-7-dev_7.2.0-1 libstdc++6_7.2.0-1 libsystemd0_234-2 libtasn1-6_4.12-2.1 libtimedate-perl_2.3000-2 libtinfo5_6.0+20170715-2 libtool_2.4.6-2 libtsan0_7.2.0-1 libubsan0_7.2.0-1 libudev1_234-2 libunistring2_0.9.7-2 libustr-1.0-1_1.0.4-6 libuuid1_2.29.2-4 libxml2_2.9.4+dfsg1-3 linux-libc-dev_4.12.6-1 login_1:4.4-4.1 m4_1.4.18-1 make_4.1-9.1 man-db_2.7.6.1-2 mawk_1.3.3-17+b3 mime-support_3.60 mount_2.29.2-4 multiarch-support_2.24-14 ncurses-base_6.0+20170715-2 ncurses-bin_6.0+20170715-2 passwd_1:4.4-4.1 patch_2.7.5-1+b2 perl_5.26.0-5 perl-base_5.26.0-5 perl-modules-5.26_5.26.0-5 po-debconf_1.0.20 python_2.7.13-2 python-all_2.7.13-2 python-all-dev_2.7.13-2 python-dev_2.7.13-2 python-minimal_2.7.13-2 python2.7_2.7.13-4 python2.7-dev_2.7.13-4 python2.7-minimal_2.7.13-4 readline-common_7.0-3 sbuild-build-depends-core-dummy_0.invalid.0 sbuild-build-depends-quantlib-swig-dummy_0.invalid.0 sed_4.4-1 sensible-utils_0.0.10 sysvinit-utils_2.88dsf-59.9 tar_1.29b-2 util-linux_2.29.2-4 xz-utils_5.2.2-1.3 zlib1g_1:1.2.8.dfsg-5

+------------------------------------------------------------------------------+
| Build                                                                        |
+------------------------------------------------------------------------------+


Unpack source
-------------

gpgv: unknown type of key resource 'trustedkeys.kbx'
gpgv: keyblock resource '/sbuild-nonexistent/.gnupg/trustedkeys.kbx': General error
gpgv: Signature made Wed May 31 22:43:54 2017 UTC
gpgv:                using RSA key A1489FE2AB99A21A
gpgv: Can't check signature: No public key
dpkg-source: warning: failed to verify signature on ./quantlib-swig_1.10-1.dsc
dpkg-source: info: extracting quantlib-swig in /<<PKGBUILDDIR>>
dpkg-source: info: unpacking quantlib-swig_1.10.orig.tar.gz
dpkg-source: info: applying quantlib-swig_1.10-1.diff.gz

Check disk space
----------------

Sufficient free space for build

User Environment
----------------

APT_CONFIG=/var/lib/sbuild/apt.conf
HOME=/sbuild-nonexistent
LANG=en_US.UTF-8
LC_ALL=POSIX
LOGNAME=user42
PATH=/usr/local/sbin:/usr/local/bin:/usr/sbin:/usr/bin:/sbin:/bin:/usr/games
SCHROOT_ALIAS_NAME=unstable-amd64-sbuild
SCHROOT_CHROOT_NAME=unstable-amd64-sbuild
SCHROOT_COMMAND=env
SCHROOT_GID=1001
SCHROOT_GROUP=user42
SCHROOT_SESSION_ID=unstable-amd64-sbuild-aa5151e9-ddab-48db-98e1-54d932dd24ee
SCHROOT_UID=1001
SCHROOT_USER=user42
SHELL=/bin/sh
USER=user42

dpkg-buildpackage
-----------------

dpkg-buildpackage: info: source package quantlib-swig
dpkg-buildpackage: info: source version 1.10-1
dpkg-buildpackage: info: source distribution unstable
dpkg-buildpackage: info: source changed by Dirk Eddelbuettel <edd@debian.org>
 dpkg-source --before-build quantlib-swig-1.10
dpkg-buildpackage: info: host architecture amd64
 fakeroot debian/rules clean
dh_testdir
dh_testroot
rm -f build-stamp test-stamp install-stamp
test -f Makefile && /usr/bin/make realclean
debian/rules:126: recipe for target 'clean' failed
make: [clean] Error 1 (ignored)
(cd Python && 						\
		python2.7 setup.py clean --all	&&	\
		rm -f QuantLib/*.pyc			)
running clean
'build/lib.linux-x86_64-2.7' does not exist -- can't clean it
'build/bdist.linux-x86_64' does not exist -- can't clean it
'build/scripts-2.7' does not exist -- can't clean it
dh_clean
dh_clean: Compatibility levels before 9 are deprecated (level 5 in use)
 debian/rules build-arch
dh_testdir
*** Running on arch amd64 and cpu x86_64
./configure 	--prefix=/usr 				\
		--build amd64
checking for a BSD-compatible install... /usr/bin/install -c
checking whether build environment is sane... yes
checking for a thread-safe mkdir -p... /bin/mkdir -p
checking for gawk... no
checking for mawk... mawk
checking whether make sets $(MAKE)... yes
checking whether make supports nested variables... yes
checking system... Linux
checking for style of include used by make... GNU
checking for gcc... gcc
checking whether the C compiler works... yes
checking for C compiler default output file name... a.out
checking for suffix of executables... 
checking whether we are cross compiling... no
checking for suffix of object files... o
checking whether we are using the GNU C compiler... yes
checking whether gcc accepts -g... yes
checking for gcc option to accept ISO C89... none needed
checking whether gcc understands -c and -o together... yes
checking dependency style of gcc... none
checking for g++... g++
checking whether we are using the GNU C++ compiler... yes
checking whether g++ accepts -g... yes
checking dependency style of g++... none
checking whether g++ accepts warning flags... yes
checking for QuantLib... 1.10
checking for swig... no
checking for python... /usr/bin/python
checking for perl... /usr/bin/perl
checking for ruby... no
checking for mzscheme... no
checking for guile... no
checking for gmcs... no
checking for mcs... no
checking for gmcs2... no
checking for ocamlc... no
checking for R... no
checking for javac... no
checking for jar... no
checking for java... no
checking that generated files are newer than configure... done
configure: creating ./config.status
config.status: creating Makefile
config.status: creating CSharp/Makefile
config.status: creating Guile/Makefile
config.status: creating Guile/setup.scm
config.status: creating Java/Makefile
config.status: creating MzScheme/Makefile
config.status: creating MzScheme/setup.scm
config.status: creating OCaml/Makefile
config.status: creating Perl/Makefile
config.status: creating Perl/Makefile.PL
config.status: creating Python/Makefile
config.status: creating Python/setup.py
config.status: creating R/Makefile
config.status: creating R/DESCRIPTION
config.status: creating Ruby/Makefile
config.status: creating Ruby/setup.rb
config.status: creating Scala/Makefile
config.status: executing depfiles commands
(cd Python && 						\
		CC="g++"			\
		CXX="g++" 			\
		CFLAGS="-O2 -Wall -Wno-strict-aliasing" 		\
		CXXFLAGS="-O2 -Wall -Wno-strict-aliasing"		\
		python2.7 setup.py build		)
running build
running build_py
creating build
creating build/lib.linux-x86_64-2.7
creating build/lib.linux-x86_64-2.7/QuantLib
copying QuantLib/__init__.py -> build/lib.linux-x86_64-2.7/QuantLib
copying QuantLib/QuantLib.py -> build/lib.linux-x86_64-2.7/QuantLib
running build_ext
building 'QuantLib._QuantLib' extension
creating build/temp.linux-x86_64-2.7
creating build/temp.linux-x86_64-2.7/QuantLib
g++ -DNDEBUG -g -fwrapv -O2 -Wall -Wstrict-prototypes -fno-strict-aliasing -O2 -Wall -Wno-strict-aliasing -fPIC -I/usr/include/python2.7 -I/usr/include -c QuantLib/quantlib_wrap.cpp -o build/temp.linux-x86_64-2.7/QuantLib/quantlib_wrap.o -fopenmp -Wno-unused -O2 -Wall -Wno-strict-aliasing
QuantLib/quantlib_wrap.cpp:7703:62: warning: conversion from string literal to 'char *' is deprecated [-Wc++11-compat-deprecated-writable-strings]
        PyObject* pyResult = PyObject_CallFunction(function_,"d",x);
                                                             ^
QuantLib/quantlib_wrap.cpp:7711:43: warning: conversion from string literal to 'char *' is deprecated [-Wc++11-compat-deprecated-writable-strings]
            PyObject_CallMethod(function_,"derivative","d",x);
                                          ^
QuantLib/quantlib_wrap.cpp:7711:56: warning: conversion from string literal to 'char *' is deprecated [-Wc++11-compat-deprecated-writable-strings]
            PyObject_CallMethod(function_,"derivative","d",x);
                                                       ^
QuantLib/quantlib_wrap.cpp:7743:62: warning: conversion from string literal to 'char *' is deprecated [-Wc++11-compat-deprecated-writable-strings]
        PyObject* pyResult = PyObject_CallFunction(function_,"dd",x,y);
                                                             ^
4 warnings generated.
g++ -shared -Wl,-z,relro -O2 -Wall -Wno-strict-aliasing build/temp.linux-x86_64-2.7/QuantLib/quantlib_wrap.o -lQuantLib -o build/lib.linux-x86_64-2.7/QuantLib/_QuantLib.so -fopenmp
/usr/bin/ld: cannot find -lomp
clang: error: linker command failed with exit code 1 (use -v to see invocation)
error: command 'g++' failed with exit status 1
debian/rules:83: recipe for target 'build-stamp' failed
make: *** [build-stamp] Error 1
dpkg-buildpackage: error: debian/rules build-arch gave error exit status 2
--------------------------------------------------------------------------------
Build finished at 2017-08-20T18:20:39Z

Finished
--------


+------------------------------------------------------------------------------+
| Cleanup                                                                      |
+------------------------------------------------------------------------------+

Purging /<<BUILDDIR>>
Not cleaning session: cloned chroot in use
E: Build failure (dpkg-buildpackage died)

+------------------------------------------------------------------------------+
| Summary                                                                      |
+------------------------------------------------------------------------------+

Build Architecture: amd64
Build Type: any
Build-Space: 249576
Build-Time: 249
Distribution: unstable
Fail-Stage: build
Host Architecture: amd64
Install-Time: 18
Job: quantlib-swig_1.10-1
Machine Architecture: amd64
Package: quantlib-swig
Package-Time: 289
Source-Version: 1.10-1
Space: 249576
Status: attempted
Version: 1.10-1
--------------------------------------------------------------------------------
Finished at 2017-08-20T18:20:39Z
Build needed 00:04:49, 249576k disk space
E: Build failure (dpkg-buildpackage died)
DC-Status: Failed 290.897576288s
