DC-Build-Header: pyregion 2.0-9 / 2020-02-25 17:39:42 +0000
DC-Task: type:rebuild-binarch-only source:pyregion version:2.0-9 chroot:unstable esttime:117 logfile:/tmp/pyregion_2.0-9_unstable_clang10.log modes:clang10:binarch-only
DC-Sbuild-call: su user42 -c 'sbuild -n --arch-any --apt-update -d unstable -v --no-run-lintian --chroot-setup-commands=/tmp/clang10 pyregion_2.0-9'
sbuild (Debian sbuild) 0.78.1 (09 February 2019) on ip-172-31-6-46.eu-central-1.compute.internal

+==============================================================================+
| pyregion 2.0-9 (amd64)                       Tue, 25 Feb 2020 17:39:42 +0000 |
+==============================================================================+

Package: pyregion
Version: 2.0-9
Source Version: 2.0-9
Distribution: unstable
Machine Architecture: amd64
Host Architecture: amd64
Build Architecture: amd64
Build Type: binary

I: NOTICE: Log filtering will replace 'var/run/schroot/mount/sid-amd64-sbuild-790af1f6-eb1f-43af-b0ad-1e4984fb1e0f' with '<<CHROOT>>'

+------------------------------------------------------------------------------+
| Chroot Setup Commands                                                        |
+------------------------------------------------------------------------------+


/tmp/clang10
------------

+ echo 'Entering customization script...'
Entering customization script...
+ CLANG_VERSION=10
+ echo 'Install of clang-10'
Install of clang-10
+ apt-get update
Get:1 http://127.0.0.1:12990/debian sid InRelease [142 kB]
Get:2 http://127.0.0.1:12990/debian sid/main Sources.diff/Index [27.9 kB]
Get:3 http://127.0.0.1:12990/debian sid/main amd64 Packages.diff/Index [27.9 kB]
Get:4 http://127.0.0.1:12990/debian sid/main Sources 2020-02-24-0823.32.pdiff [11.0 kB]
Get:5 http://127.0.0.1:12990/debian sid/main Sources 2020-02-24-1420.34.pdiff [30.2 kB]
Get:6 http://127.0.0.1:12990/debian sid/main Sources 2020-02-24-2014.03.pdiff [16.9 kB]
Get:7 http://127.0.0.1:12990/debian sid/main Sources 2020-02-25-0213.11.pdiff [23.2 kB]
Get:8 http://127.0.0.1:12990/debian sid/main Sources 2020-02-25-0815.22.pdiff [9222 B]
Get:9 http://127.0.0.1:12990/debian sid/main Sources 2020-02-25-1413.15.pdiff [16.3 kB]
Get:10 http://127.0.0.1:12990/debian sid/main amd64 Packages 2020-02-24-0823.32.pdiff [15.5 kB]
Get:11 http://127.0.0.1:12990/debian sid/main amd64 Packages 2020-02-24-1420.34.pdiff [27.5 kB]
Get:12 http://127.0.0.1:12990/debian sid/main amd64 Packages 2020-02-24-2014.03.pdiff [21.6 kB]
Get:13 http://127.0.0.1:12990/debian sid/main amd64 Packages 2020-02-25-0213.11.pdiff [35.0 kB]
Get:14 http://127.0.0.1:12990/debian sid/main amd64 Packages 2020-02-25-0815.22.pdiff [20.1 kB]
Get:15 http://127.0.0.1:12990/debian sid/main amd64 Packages 2020-02-25-1413.15.pdiff [18.4 kB]
Get:9 http://127.0.0.1:12990/debian sid/main Sources 2020-02-25-1413.15.pdiff [16.3 kB]
Get:15 http://127.0.0.1:12990/debian sid/main amd64 Packages 2020-02-25-1413.15.pdiff [18.4 kB]
Get:16 http://127.0.0.1:12990/debian sid/main Translation-en [6195 kB]
Fetched 6638 kB in 2s (3943 kB/s)
Reading package lists...
+ apt-get install --yes --no-install-recommends --force-yes clang-10 libomp-10-dev libobjc-9-dev
Reading package lists...
Building dependency tree...
The following additional packages will be installed:
  cpp-9 g++-9 gcc-9 gcc-9-base lib32gcc-s1 lib32gcc1 lib32stdc++6 libasan5
  libbsd0 libc6-i386 libclang-common-10-dev libclang-cpp10 libclang1-10
  libedit2 libgc1c2 libgcc-9-dev libllvm10 libobjc4 libomp5-10 libstdc++-9-dev
  libz3-4
Suggested packages:
  clang-10-doc gcc-9-locales g++-9-multilib gcc-9-doc gcc-9-multilib
  libomp-10-doc libstdc++-9-doc
Recommended packages:
  llvm-10-dev python3
The following NEW packages will be installed:
  clang-10 lib32gcc-s1 lib32gcc1 lib32stdc++6 libbsd0 libc6-i386
  libclang-common-10-dev libclang-cpp10 libclang1-10 libedit2 libgc1c2
  libllvm10 libobjc-9-dev libobjc4 libomp-10-dev libomp5-10 libz3-4
The following packages will be upgraded:
  cpp-9 g++-9 gcc-9 gcc-9-base libasan5 libgcc-9-dev libstdc++-9-dev
7 upgraded, 17 newly installed, 0 to remove and 3 not upgraded.
Need to get 81.5 MB of archives.
After this operation, 238 MB of additional disk space will be used.
Get:1 http://127.0.0.1:12990/debian sid/main amd64 libasan5 amd64 9.2.1-30 [389 kB]
Get:2 http://127.0.0.1:12990/debian sid/main amd64 g++-9 amd64 9.2.1-30 [10.7 MB]
Get:3 http://127.0.0.1:12990/debian sid/main amd64 gcc-9 amd64 9.2.1-30 [10.0 MB]
Get:4 http://127.0.0.1:12990/debian sid/main amd64 libstdc++-9-dev amd64 9.2.1-30 [1697 kB]
Get:5 http://127.0.0.1:12990/debian sid/main amd64 libgcc-9-dev amd64 9.2.1-30 [2349 kB]
Get:6 http://127.0.0.1:12990/debian sid/main amd64 cpp-9 amd64 9.2.1-30 [9711 kB]
Get:7 http://127.0.0.1:12990/debian sid/main amd64 gcc-9-base amd64 9.2.1-30 [196 kB]
Get:8 http://127.0.0.1:12990/debian sid/main amd64 libbsd0 amd64 0.10.0-1 [107 kB]
Get:9 http://127.0.0.1:12990/debian sid/main amd64 libedit2 amd64 3.1-20191231-1 [95.4 kB]
Get:10 http://127.0.0.1:12990/debian sid/main amd64 libz3-4 amd64 4.8.7-4 [6790 kB]
Get:11 http://127.0.0.1:12990/debian sid/main amd64 libllvm10 amd64 1:10.0.0~+rc2-1 [15.5 MB]
Get:12 http://127.0.0.1:12990/debian sid/main amd64 libclang-cpp10 amd64 1:10.0.0~+rc2-1 [9069 kB]
Get:13 http://127.0.0.1:12990/debian sid/main amd64 libgc1c2 amd64 1:7.6.4-0.4 [224 kB]
Get:14 http://127.0.0.1:12990/debian sid/main amd64 libobjc4 amd64 10-20200222-1 [41.6 kB]
Get:15 http://127.0.0.1:12990/debian sid/main amd64 libobjc-9-dev amd64 9.2.1-30 [219 kB]
Get:16 http://127.0.0.1:12990/debian sid/main amd64 libc6-i386 amd64 2.29-10 [2918 kB]
Get:17 http://127.0.0.1:12990/debian sid/main amd64 lib32gcc-s1 amd64 10-20200222-1 [49.4 kB]
Get:18 http://127.0.0.1:12990/debian sid/main amd64 lib32gcc1 amd64 1:10-20200222-1 [1104 B]
Get:19 http://127.0.0.1:12990/debian sid/main amd64 lib32stdc++6 amd64 10-20200222-1 [510 kB]
Get:20 http://127.0.0.1:12990/debian sid/main amd64 libclang-common-10-dev amd64 1:10.0.0~+rc2-1 [2782 kB]
Get:21 http://127.0.0.1:12990/debian sid/main amd64 libclang1-10 amd64 1:10.0.0~+rc2-1 [7607 kB]
Get:22 http://127.0.0.1:12990/debian sid/main amd64 clang-10 amd64 1:10.0.0~+rc2-1 [103 kB]
Get:23 http://127.0.0.1:12990/debian sid/main amd64 libomp5-10 amd64 1:10.0.0~+rc2-1 [337 kB]
Get:24 http://127.0.0.1:12990/debian sid/main amd64 libomp-10-dev amd64 1:10.0.0~+rc2-1 [84.3 kB]
debconf: delaying package configuration, since apt-utils is not installed
Fetched 81.5 MB in 1s (104 MB/s)
(Reading database ... (Reading database ... 5%(Reading database ... 10%(Reading database ... 15%(Reading database ... 20%(Reading database ... 25%(Reading database ... 30%(Reading database ... 35%(Reading database ... 40%(Reading database ... 45%(Reading database ... 50%(Reading database ... 55%(Reading database ... 60%(Reading database ... 65%(Reading database ... 70%(Reading database ... 75%(Reading database ... 80%(Reading database ... 85%(Reading database ... 90%(Reading database ... 95%(Reading database ... 100%(Reading database ... 12119 files and directories currently installed.)
Preparing to unpack .../00-libasan5_9.2.1-30_amd64.deb ...
Unpacking libasan5:amd64 (9.2.1-30) over (9.2.1-29) ...
Preparing to unpack .../01-g++-9_9.2.1-30_amd64.deb ...
Unpacking g++-9 (9.2.1-30) over (9.2.1-29) ...
Preparing to unpack .../02-gcc-9_9.2.1-30_amd64.deb ...
Unpacking gcc-9 (9.2.1-30) over (9.2.1-29) ...
Preparing to unpack .../03-libstdc++-9-dev_9.2.1-30_amd64.deb ...
Unpacking libstdc++-9-dev:amd64 (9.2.1-30) over (9.2.1-29) ...
Preparing to unpack .../04-libgcc-9-dev_9.2.1-30_amd64.deb ...
Unpacking libgcc-9-dev:amd64 (9.2.1-30) over (9.2.1-29) ...
Preparing to unpack .../05-cpp-9_9.2.1-30_amd64.deb ...
Unpacking cpp-9 (9.2.1-30) over (9.2.1-29) ...
Preparing to unpack .../06-gcc-9-base_9.2.1-30_amd64.deb ...
Unpacking gcc-9-base:amd64 (9.2.1-30) over (9.2.1-29) ...
Selecting previously unselected package libbsd0:amd64.
Preparing to unpack .../07-libbsd0_0.10.0-1_amd64.deb ...
Unpacking libbsd0:amd64 (0.10.0-1) ...
Selecting previously unselected package libedit2:amd64.
Preparing to unpack .../08-libedit2_3.1-20191231-1_amd64.deb ...
Unpacking libedit2:amd64 (3.1-20191231-1) ...
Selecting previously unselected package libz3-4:amd64.
Preparing to unpack .../09-libz3-4_4.8.7-4_amd64.deb ...
Unpacking libz3-4:amd64 (4.8.7-4) ...
Selecting previously unselected package libllvm10:amd64.
Preparing to unpack .../10-libllvm10_1%3a10.0.0~+rc2-1_amd64.deb ...
Unpacking libllvm10:amd64 (1:10.0.0~+rc2-1) ...
Selecting previously unselected package libclang-cpp10.
Preparing to unpack .../11-libclang-cpp10_1%3a10.0.0~+rc2-1_amd64.deb ...
Unpacking libclang-cpp10 (1:10.0.0~+rc2-1) ...
Selecting previously unselected package libgc1c2:amd64.
Preparing to unpack .../12-libgc1c2_1%3a7.6.4-0.4_amd64.deb ...
Unpacking libgc1c2:amd64 (1:7.6.4-0.4) ...
Selecting previously unselected package libobjc4:amd64.
Preparing to unpack .../13-libobjc4_10-20200222-1_amd64.deb ...
Unpacking libobjc4:amd64 (10-20200222-1) ...
Selecting previously unselected package libobjc-9-dev:amd64.
Preparing to unpack .../14-libobjc-9-dev_9.2.1-30_amd64.deb ...
Unpacking libobjc-9-dev:amd64 (9.2.1-30) ...
Selecting previously unselected package libc6-i386.
Preparing to unpack .../15-libc6-i386_2.29-10_amd64.deb ...
Unpacking libc6-i386 (2.29-10) ...
Selecting previously unselected package lib32gcc-s1.
Preparing to unpack .../16-lib32gcc-s1_10-20200222-1_amd64.deb ...
Unpacking lib32gcc-s1 (10-20200222-1) ...
Selecting previously unselected package lib32gcc1.
Preparing to unpack .../17-lib32gcc1_1%3a10-20200222-1_amd64.deb ...
Unpacking lib32gcc1 (1:10-20200222-1) ...
Selecting previously unselected package lib32stdc++6.
Preparing to unpack .../18-lib32stdc++6_10-20200222-1_amd64.deb ...
Unpacking lib32stdc++6 (10-20200222-1) ...
Selecting previously unselected package libclang-common-10-dev.
Preparing to unpack .../19-libclang-common-10-dev_1%3a10.0.0~+rc2-1_amd64.deb ...
Unpacking libclang-common-10-dev (1:10.0.0~+rc2-1) ...
Selecting previously unselected package libclang1-10.
Preparing to unpack .../20-libclang1-10_1%3a10.0.0~+rc2-1_amd64.deb ...
Unpacking libclang1-10 (1:10.0.0~+rc2-1) ...
Selecting previously unselected package clang-10.
Preparing to unpack .../21-clang-10_1%3a10.0.0~+rc2-1_amd64.deb ...
Unpacking clang-10 (1:10.0.0~+rc2-1) ...
Selecting previously unselected package libomp5-10:amd64.
Preparing to unpack .../22-libomp5-10_1%3a10.0.0~+rc2-1_amd64.deb ...
Unpacking libomp5-10:amd64 (1:10.0.0~+rc2-1) ...
Selecting previously unselected package libomp-10-dev.
Preparing to unpack .../23-libomp-10-dev_1%3a10.0.0~+rc2-1_amd64.deb ...
Unpacking libomp-10-dev (1:10.0.0~+rc2-1) ...
Setting up libgc1c2:amd64 (1:7.6.4-0.4) ...
Setting up libobjc4:amd64 (10-20200222-1) ...
Setting up libz3-4:amd64 (4.8.7-4) ...
Setting up libomp5-10:amd64 (1:10.0.0~+rc2-1) ...
Setting up libc6-i386 (2.29-10) ...
Setting up libbsd0:amd64 (0.10.0-1) ...
Setting up gcc-9-base:amd64 (9.2.1-30) ...
Setting up libomp-10-dev (1:10.0.0~+rc2-1) ...
Setting up libedit2:amd64 (3.1-20191231-1) ...
Setting up libllvm10:amd64 (1:10.0.0~+rc2-1) ...
Setting up libasan5:amd64 (9.2.1-30) ...
Setting up lib32gcc-s1 (10-20200222-1) ...
Setting up libclang1-10 (1:10.0.0~+rc2-1) ...
Setting up cpp-9 (9.2.1-30) ...
Setting up lib32gcc1 (1:10-20200222-1) ...
Setting up libclang-cpp10 (1:10.0.0~+rc2-1) ...
Setting up libgcc-9-dev:amd64 (9.2.1-30) ...
Setting up lib32stdc++6 (10-20200222-1) ...
Setting up libobjc-9-dev:amd64 (9.2.1-30) ...
Setting up gcc-9 (9.2.1-30) ...
Setting up libstdc++-9-dev:amd64 (9.2.1-30) ...
Setting up libclang-common-10-dev (1:10.0.0~+rc2-1) ...
Setting up g++-9 (9.2.1-30) ...
Setting up clang-10 (1:10.0.0~+rc2-1) ...
Processing triggers for libc-bin (2.29-10) ...
W: --force-yes is deprecated, use one of the options starting with --allow instead.
+ echo 'Replace gcc, g++ & cpp by clang'
Replace gcc, g++ & cpp by clang
+ VERSIONS='4.6 4.7 4.8 4.9 5 6 7 8 9 10'
+ cd /usr/bin
+ for VERSION in $VERSIONS
+ rm -f g++-4.6 gcc-4.6 cpp-4.6 gcc
+ ln -s clang++-10 g++-4.6
+ ln -s clang-10 gcc-4.6
+ ln -s clang-10 cpp-4.6
+ ln -s clang-10 gcc
+ echo 'gcc-4.6 hold'
+ dpkg --set-selections
dpkg: warning: package not in status nor available database at line 1: gcc-4.6
dpkg: warning: found unknown packages; this might mean the available database
is outdated, and needs to be updated through a frontend method;
please see the FAQ <https://wiki.debian.org/Teams/Dpkg/FAQ>
+ echo 'g++-4.6 hold'
+ dpkg --set-selections
dpkg: warning: package not in status nor available database at line 1: g++-4.6
dpkg: warning: found unknown packages; this might mean the available database
is outdated, and needs to be updated through a frontend method;
please see the FAQ <https://wiki.debian.org/Teams/Dpkg/FAQ>
+ for VERSION in $VERSIONS
+ rm -f g++-4.7 gcc-4.7 cpp-4.7 gcc
+ ln -s clang++-10 g++-4.7
+ ln -s clang-10 gcc-4.7
+ ln -s clang-10 cpp-4.7
+ ln -s clang-10 gcc
+ echo 'gcc-4.7 hold'
+ dpkg --set-selections
dpkg: warning: package not in status nor available database at line 1: gcc-4.7
dpkg: warning: found unknown packages; this might mean the available database
is outdated, and needs to be updated through a frontend method;
please see the FAQ <https://wiki.debian.org/Teams/Dpkg/FAQ>
+ echo 'g++-4.7 hold'
+ dpkg --set-selections
dpkg: warning: package not in status nor available database at line 1: g++-4.7
dpkg: warning: found unknown packages; this might mean the available database
is outdated, and needs to be updated through a frontend method;
please see the FAQ <https://wiki.debian.org/Teams/Dpkg/FAQ>
+ for VERSION in $VERSIONS
+ rm -f g++-4.8 gcc-4.8 cpp-4.8 gcc
+ ln -s clang++-10 g++-4.8
+ ln -s clang-10 gcc-4.8
+ ln -s clang-10 cpp-4.8
+ ln -s clang-10 gcc
+ echo 'gcc-4.8 hold'
+ dpkg --set-selections
dpkg: warning: package not in status nor available database at line 1: gcc-4.8
dpkg: warning: found unknown packages; this might mean the available database
is outdated, and needs to be updated through a frontend method;
please see the FAQ <https://wiki.debian.org/Teams/Dpkg/FAQ>
+ echo 'g++-4.8 hold'
+ dpkg --set-selections
dpkg: warning: package not in status nor available database at line 1: g++-4.8
dpkg: warning: found unknown packages; this might mean the available database
is outdated, and needs to be updated through a frontend method;
please see the FAQ <https://wiki.debian.org/Teams/Dpkg/FAQ>
+ for VERSION in $VERSIONS
+ rm -f g++-4.9 gcc-4.9 cpp-4.9 gcc
+ ln -s clang++-10 g++-4.9
+ ln -s clang-10 gcc-4.9
+ ln -s clang-10 cpp-4.9
+ ln -s clang-10 gcc
+ echo 'gcc-4.9 hold'
+ dpkg --set-selections
dpkg: warning: package not in status nor available database at line 1: gcc-4.9
dpkg: warning: found unknown packages; this might mean the available database
is outdated, and needs to be updated through a frontend method;
please see the FAQ <https://wiki.debian.org/Teams/Dpkg/FAQ>
+ echo 'g++-4.9 hold'
+ dpkg --set-selections
dpkg: warning: package not in status nor available database at line 1: g++-4.9
dpkg: warning: found unknown packages; this might mean the available database
is outdated, and needs to be updated through a frontend method;
please see the FAQ <https://wiki.debian.org/Teams/Dpkg/FAQ>
+ for VERSION in $VERSIONS
+ rm -f g++-5 gcc-5 cpp-5 gcc
+ ln -s clang++-10 g++-5
+ ln -s clang-10 gcc-5
+ ln -s clang-10 cpp-5
+ ln -s clang-10 gcc
+ echo 'gcc-5 hold'
+ dpkg --set-selections
dpkg: warning: package not in status nor available database at line 1: gcc-5
dpkg: warning: found unknown packages; this might mean the available database
is outdated, and needs to be updated through a frontend method;
please see the FAQ <https://wiki.debian.org/Teams/Dpkg/FAQ>
+ echo 'g++-5 hold'
+ dpkg --set-selections
dpkg: warning: package not in status nor available database at line 1: g++-5
dpkg: warning: found unknown packages; this might mean the available database
is outdated, and needs to be updated through a frontend method;
please see the FAQ <https://wiki.debian.org/Teams/Dpkg/FAQ>
+ for VERSION in $VERSIONS
+ rm -f g++-6 gcc-6 cpp-6 gcc
+ ln -s clang++-10 g++-6
+ ln -s clang-10 gcc-6
+ ln -s clang-10 cpp-6
+ ln -s clang-10 gcc
+ echo 'gcc-6 hold'
+ dpkg --set-selections
dpkg: warning: package not in status nor available database at line 1: gcc-6
dpkg: warning: found unknown packages; this might mean the available database
is outdated, and needs to be updated through a frontend method;
please see the FAQ <https://wiki.debian.org/Teams/Dpkg/FAQ>
+ echo 'g++-6 hold'
+ dpkg --set-selections
dpkg: warning: package not in status nor available database at line 1: g++-6
dpkg: warning: found unknown packages; this might mean the available database
is outdated, and needs to be updated through a frontend method;
please see the FAQ <https://wiki.debian.org/Teams/Dpkg/FAQ>
+ for VERSION in $VERSIONS
+ rm -f g++-7 gcc-7 cpp-7 gcc
+ ln -s clang++-10 g++-7
+ ln -s clang-10 gcc-7
+ ln -s clang-10 cpp-7
+ ln -s clang-10 gcc
+ echo 'gcc-7 hold'
+ dpkg --set-selections
dpkg: warning: package not in status nor available database at line 1: gcc-7
dpkg: warning: found unknown packages; this might mean the available database
is outdated, and needs to be updated through a frontend method;
please see the FAQ <https://wiki.debian.org/Teams/Dpkg/FAQ>
+ echo 'g++-7 hold'
+ dpkg --set-selections
dpkg: warning: package not in status nor available database at line 1: g++-7
dpkg: warning: found unknown packages; this might mean the available database
is outdated, and needs to be updated through a frontend method;
please see the FAQ <https://wiki.debian.org/Teams/Dpkg/FAQ>
+ for VERSION in $VERSIONS
+ rm -f g++-8 gcc-8 cpp-8 gcc
+ ln -s clang++-10 g++-8
+ ln -s clang-10 gcc-8
+ ln -s clang-10 cpp-8
+ ln -s clang-10 gcc
+ echo 'gcc-8 hold'
+ dpkg --set-selections
dpkg: warning: package not in status nor available database at line 1: gcc-8
dpkg: warning: found unknown packages; this might mean the available database
is outdated, and needs to be updated through a frontend method;
please see the FAQ <https://wiki.debian.org/Teams/Dpkg/FAQ>
+ echo 'g++-8 hold'
+ dpkg --set-selections
dpkg: warning: package not in status nor available database at line 1: g++-8
dpkg: warning: found unknown packages; this might mean the available database
is outdated, and needs to be updated through a frontend method;
please see the FAQ <https://wiki.debian.org/Teams/Dpkg/FAQ>
+ for VERSION in $VERSIONS
+ rm -f g++-9 gcc-9 cpp-9 gcc
+ ln -s clang++-10 g++-9
+ ln -s clang-10 gcc-9
+ ln -s clang-10 cpp-9
+ ln -s clang-10 gcc
+ echo 'gcc-9 hold'
+ dpkg --set-selections
+ echo 'g++-9 hold'
+ dpkg --set-selections
+ for VERSION in $VERSIONS
+ rm -f g++-10 gcc-10 cpp-10 gcc
+ ln -s clang++-10 g++-10
+ ln -s clang-10 gcc-10
+ ln -s clang-10 cpp-10
+ ln -s clang-10 gcc
+ echo 'gcc-10 hold'
+ dpkg --set-selections
dpkg: warning: package not in status nor available database at line 1: gcc-10
dpkg: warning: found unknown packages; this might mean the available database
is outdated, and needs to be updated through a frontend method;
please see the FAQ <https://wiki.debian.org/Teams/Dpkg/FAQ>
+ echo 'g++-10 hold'
+ dpkg --set-selections
dpkg: warning: package not in status nor available database at line 1: g++-10
dpkg: warning: found unknown packages; this might mean the available database
is outdated, and needs to be updated through a frontend method;
please see the FAQ <https://wiki.debian.org/Teams/Dpkg/FAQ>
+ cd -
/build/pyregion-Hat0Pg
+ echo 'Check if gcc, g++ & cpp are actually clang'
Check if gcc, g++ & cpp are actually clang
+ gcc --version
+ grep clang
+ cpp --version
+ grep clang
+ g++ --version
+ grep clang

I: Finished running '/tmp/clang10'.

Finished processing commands.
--------------------------------------------------------------------------------
I: NOTICE: Log filtering will replace 'build/pyregion-Hat0Pg/resolver-KOFLBw' with '<<RESOLVERDIR>>'

+------------------------------------------------------------------------------+
| Update chroot                                                                |
+------------------------------------------------------------------------------+

Hit:1 http://127.0.0.1:12990/debian sid InRelease
Reading package lists...
Reading package lists...
Building dependency tree...
Reading state information...
Calculating upgrade...
The following packages will be upgraded:
  bash libgmp10 zlib1g
3 upgraded, 0 newly installed, 0 to remove and 0 not upgraded.
Need to get 1722 kB of archives.
After this operation, 4096 B of additional disk space will be used.
Get:1 http://127.0.0.1:12990/debian sid/main amd64 bash amd64 5.0-6 [1379 kB]
Get:2 http://127.0.0.1:12990/debian sid/main amd64 libgmp10 amd64 2:6.2.0+dfsg-4 [253 kB]
Get:3 http://127.0.0.1:12990/debian sid/main amd64 zlib1g amd64 1:1.2.11.dfsg-2 [90.4 kB]
debconf: delaying package configuration, since apt-utils is not installed
Fetched 1722 kB in 0s (74.7 MB/s)
(Reading database ... (Reading database ... 5%(Reading database ... 10%(Reading database ... 15%(Reading database ... 20%(Reading database ... 25%(Reading database ... 30%(Reading database ... 35%(Reading database ... 40%(Reading database ... 45%(Reading database ... 50%(Reading database ... 55%(Reading database ... 60%(Reading database ... 65%(Reading database ... 70%(Reading database ... 75%(Reading database ... 80%(Reading database ... 85%(Reading database ... 90%(Reading database ... 95%(Reading database ... 100%(Reading database ... 12960 files and directories currently installed.)
Preparing to unpack .../archives/bash_5.0-6_amd64.deb ...
Unpacking bash (5.0-6) over (5.0-5) ...
Setting up bash (5.0-6) ...
update-alternatives: using /usr/share/man/man7/bash-builtins.7.gz to provide /usr/share/man/man7/builtins.7.gz (builtins.7.gz) in auto mode
(Reading database ... (Reading database ... 5%(Reading database ... 10%(Reading database ... 15%(Reading database ... 20%(Reading database ... 25%(Reading database ... 30%(Reading database ... 35%(Reading database ... 40%(Reading database ... 45%(Reading database ... 50%(Reading database ... 55%(Reading database ... 60%(Reading database ... 65%(Reading database ... 70%(Reading database ... 75%(Reading database ... 80%(Reading database ... 85%(Reading database ... 90%(Reading database ... 95%(Reading database ... 100%(Reading database ... 12960 files and directories currently installed.)
Preparing to unpack .../libgmp10_2%3a6.2.0+dfsg-4_amd64.deb ...
Unpacking libgmp10:amd64 (2:6.2.0+dfsg-4) over (2:6.2.0+dfsg-3) ...
Setting up libgmp10:amd64 (2:6.2.0+dfsg-4) ...
(Reading database ... (Reading database ... 5%(Reading database ... 10%(Reading database ... 15%(Reading database ... 20%(Reading database ... 25%(Reading database ... 30%(Reading database ... 35%(Reading database ... 40%(Reading database ... 45%(Reading database ... 50%(Reading database ... 55%(Reading database ... 60%(Reading database ... 65%(Reading database ... 70%(Reading database ... 75%(Reading database ... 80%(Reading database ... 85%(Reading database ... 90%(Reading database ... 95%(Reading database ... 100%(Reading database ... 12960 files and directories currently installed.)
Preparing to unpack .../zlib1g_1%3a1.2.11.dfsg-2_amd64.deb ...
Unpacking zlib1g:amd64 (1:1.2.11.dfsg-2) over (1:1.2.11.dfsg-1.2) ...
Setting up zlib1g:amd64 (1:1.2.11.dfsg-2) ...
Processing triggers for libc-bin (2.29-10) ...

+------------------------------------------------------------------------------+
| Fetch source files                                                           |
+------------------------------------------------------------------------------+


Check APT
---------

Checking available source versions...

Download source files with APT
------------------------------

Reading package lists...
NOTICE: 'pyregion' packaging is maintained in the 'Git' version control system at:
https://salsa.debian.org/debian-astro-team/pyregion.git
Please use:
git clone https://salsa.debian.org/debian-astro-team/pyregion.git
to retrieve the latest (possibly unreleased) updates to the package.
Need to get 1111 kB of source archives.
Get:1 http://127.0.0.1:12990/debian sid/main pyregion 2.0-9 (dsc) [2233 B]
Get:2 http://127.0.0.1:12990/debian sid/main pyregion 2.0-9 (tar) [1104 kB]
Get:3 http://127.0.0.1:12990/debian sid/main pyregion 2.0-9 (diff) [4560 B]
Fetched 1111 kB in 0s (10.9 MB/s)
Download complete and in download only mode
I: NOTICE: Log filtering will replace 'build/pyregion-Hat0Pg/pyregion-2.0' with '<<PKGBUILDDIR>>'
I: NOTICE: Log filtering will replace 'build/pyregion-Hat0Pg' with '<<BUILDDIR>>'

+------------------------------------------------------------------------------+
| Install package build dependencies                                           |
+------------------------------------------------------------------------------+


Setup apt archive
-----------------

Merged Build-Depends: cython3, debhelper (>= 12), dh-python, python3-all-dev, python3-astropy, python3-astropy-helpers, python3-matplotlib, python3-numpy, python3-pyparsing, python3-pytest, python3-setuptools, python3-sphinx, build-essential, fakeroot
Filtered Build-Depends: cython3, debhelper (>= 12), dh-python, python3-all-dev, python3-astropy, python3-astropy-helpers, python3-matplotlib, python3-numpy, python3-pyparsing, python3-pytest, python3-setuptools, python3-sphinx, build-essential, fakeroot
dpkg-deb: building package 'sbuild-build-depends-main-dummy' in '/<<RESOLVERDIR>>/apt_archive/sbuild-build-depends-main-dummy.deb'.
Ign:1 copy:/<<RESOLVERDIR>>/apt_archive ./ InRelease
Get:2 copy:/<<RESOLVERDIR>>/apt_archive ./ Release [957 B]
Ign:3 copy:/<<RESOLVERDIR>>/apt_archive ./ Release.gpg
Get:4 copy:/<<RESOLVERDIR>>/apt_archive ./ Sources [437 B]
Get:5 copy:/<<RESOLVERDIR>>/apt_archive ./ Packages [522 B]
Fetched 1916 B in 0s (0 B/s)
Reading package lists...
Reading package lists...

Install main build dependencies (apt-based resolver)
----------------------------------------------------

Installing build dependencies
Reading package lists...
Building dependency tree...
Reading state information...
The following additional packages will be installed:
  autoconf automake autopoint autotools-dev bsdmainutils ca-certificates
  cython3 debhelper dh-autoreconf dh-python dh-strip-nondeterminism
  docutils-common dwz file fonts-lyx gettext gettext-base groff-base
  intltool-debian libarchive-zip-perl libblas3 libbrotli1 libcfitsio8
  libcroco3 libcurl3-gnutls libdebhelper-perl libelf1 liberfa1 libexpat1
  libexpat1-dev libfile-stripnondeterminism-perl libfreetype6 libgfortran5
  libglib2.0-0 libgssapi-krb5-2 libicu63 libimagequant0 libjbig0
  libjpeg62-turbo libjs-jquery libjs-jquery-ui libjs-sphinxdoc
  libjs-underscore libk5crypto3 libkeyutils1 libkrb5-3 libkrb5support0
  liblapack3 liblcms2-2 libldap-2.4-2 libldap-common libmagic-mgc libmagic1
  libmpdec2 libnghttp2-14 libpipeline1 libpng16-16 libpsl5 libpython3-all-dev
  libpython3-dev libpython3-stdlib libpython3.7 libpython3.7-dev
  libpython3.7-minimal libpython3.7-stdlib libpython3.8 libpython3.8-dev
  libpython3.8-minimal libpython3.8-stdlib libreadline8 librtmp1 libsasl2-2
  libsasl2-modules-db libsigsegv2 libsqlite3-0 libssh2-1 libssl1.1
  libsub-override-perl libtiff5 libtool libuchardet0 libwcs7 libwebp6
  libwebpdemux2 libwebpmux3 libxml2 m4 man-db mime-support openssl po-debconf
  python-babel-localedata python-matplotlib-data python3 python3-alabaster
  python3-all python3-all-dev python3-astropy python3-astropy-helpers
  python3-astropy-sphinx-theme python3-atomicwrites python3-attr python3-babel
  python3-certifi python3-chardet python3-configobj python3-cycler
  python3-dateutil python3-dev python3-distutils python3-docutils
  python3-hypothesis python3-idna python3-imagesize python3-importlib-metadata
  python3-jinja2 python3-kiwisolver python3-lib2to3 python3-markupsafe
  python3-matplotlib python3-minimal python3-more-itertools python3-numpy
  python3-numpydoc python3-packaging python3-pil python3-pkg-resources
  python3-pluggy python3-ply python3-psutil python3-py python3-pygments
  python3-pyparsing python3-pytest python3-pytest-arraydiff
  python3-pytest-astropy python3-pytest-astropy-header
  python3-pytest-doctestplus python3-pytest-openfiles
  python3-pytest-remotedata python3-requests python3-roman python3-setuptools
  python3-six python3-sphinx python3-sphinx-astropy python3-sphinx-automodapi
  python3-sphinx-gallery python3-tz python3-urllib3 python3-wcwidth
  python3-zipp python3.7 python3.7-dev python3.7-minimal python3.8
  python3.8-dev python3.8-minimal readline-common sensible-utils sgml-base
  sphinx-common ttf-bitstream-vera xml-core zlib1g-dev
Suggested packages:
  autoconf-archive gnu-standards autoconf-doc wamerican | wordlist whois
  vacation cython-doc dh-make gettext-doc libasprintf-dev libgettextpo-dev
  groff krb5-doc krb5-user libjs-jquery-ui-docs liblcms2-utils libtool-doc
  gfortran | fortran95-compiler gcj-jdk m4-doc apparmor less www-browser
  libmail-box-perl python3-doc python3-tk python3-venv libxml2-utils
  python-astropy-doc python3-astropy-affiliated python3-beautifulsoup
  python3-h5py python3-pandas python3-yaml python-attr-doc
  python-configobj-doc python-cycler-doc docutils-doc fonts-linuxlibertine
  | ttf-linux-libertine texlive-lang-french texlive-latex-base
  texlive-latex-recommended python-hypothesis-doc python-jinja2-doc dvipng
  ffmpeg gir1.2-gtk-3.0 ghostscript inkscape ipython3 librsvg2-common
  python-matplotlib-doc python3-cairocffi python3-gi python3-gi-cairo
  python3-gobject python3-nose python3-pyqt5 python3-scipy python3-sip
  python3-tornado texlive-extra-utils texlive-latex-extra ttf-staypuft
  gfortran python-numpy-doc python3-numpy-dbg python-pil-doc python3-pil-dbg
  python-ply-doc python-psutil-doc subversion python-pygments-doc
  python-pyparsing-doc python3-cryptography python3-openssl python3-socks
  python-setuptools-doc imagemagick-6.q16 latexmk libjs-mathjax
  python3-sphinx-rtd-theme python3-stemmer sphinx-doc
  texlive-fonts-recommended texlive-plain-generic python-sphinx-gallery-doc
  python3-seaborn python3.7-venv python3.7-doc binfmt-support python3.8-venv
  python3.8-doc readline-doc sgml-base-doc
Recommended packages:
  curl | wget | lynx libarchive-cpio-perl libglib2.0-data shared-mime-info
  xdg-user-dirs javascript-common krb5-locales publicsuffix libsasl2-modules
  libltdl-dev libmail-sendmail-perl libjs-jquery-datatables python3-scipy
  libpaper-utils python3-tk python3-olefile graphviz
The following NEW packages will be installed:
  autoconf automake autopoint autotools-dev bsdmainutils ca-certificates
  cython3 debhelper dh-autoreconf dh-python dh-strip-nondeterminism
  docutils-common dwz file fonts-lyx gettext gettext-base groff-base
  intltool-debian libarchive-zip-perl libblas3 libbrotli1 libcfitsio8
  libcroco3 libcurl3-gnutls libdebhelper-perl libelf1 liberfa1 libexpat1
  libexpat1-dev libfile-stripnondeterminism-perl libfreetype6 libgfortran5
  libglib2.0-0 libgssapi-krb5-2 libicu63 libimagequant0 libjbig0
  libjpeg62-turbo libjs-jquery libjs-jquery-ui libjs-sphinxdoc
  libjs-underscore libk5crypto3 libkeyutils1 libkrb5-3 libkrb5support0
  liblapack3 liblcms2-2 libldap-2.4-2 libldap-common libmagic-mgc libmagic1
  libmpdec2 libnghttp2-14 libpipeline1 libpng16-16 libpsl5 libpython3-all-dev
  libpython3-dev libpython3-stdlib libpython3.7 libpython3.7-dev
  libpython3.7-minimal libpython3.7-stdlib libpython3.8 libpython3.8-dev
  libpython3.8-minimal libpython3.8-stdlib libreadline8 librtmp1 libsasl2-2
  libsasl2-modules-db libsigsegv2 libsqlite3-0 libssh2-1 libssl1.1
  libsub-override-perl libtiff5 libtool libuchardet0 libwcs7 libwebp6
  libwebpdemux2 libwebpmux3 libxml2 m4 man-db mime-support openssl po-debconf
  python-babel-localedata python-matplotlib-data python3 python3-alabaster
  python3-all python3-all-dev python3-astropy python3-astropy-helpers
  python3-astropy-sphinx-theme python3-atomicwrites python3-attr python3-babel
  python3-certifi python3-chardet python3-configobj python3-cycler
  python3-dateutil python3-dev python3-distutils python3-docutils
  python3-hypothesis python3-idna python3-imagesize python3-importlib-metadata
  python3-jinja2 python3-kiwisolver python3-lib2to3 python3-markupsafe
  python3-matplotlib python3-minimal python3-more-itertools python3-numpy
  python3-numpydoc python3-packaging python3-pil python3-pkg-resources
  python3-pluggy python3-ply python3-psutil python3-py python3-pygments
  python3-pyparsing python3-pytest python3-pytest-arraydiff
  python3-pytest-astropy python3-pytest-astropy-header
  python3-pytest-doctestplus python3-pytest-openfiles
  python3-pytest-remotedata python3-requests python3-roman python3-setuptools
  python3-six python3-sphinx python3-sphinx-astropy python3-sphinx-automodapi
  python3-sphinx-gallery python3-tz python3-urllib3 python3-wcwidth
  python3-zipp python3.7 python3.7-dev python3.7-minimal python3.8
  python3.8-dev python3.8-minimal readline-common
  sbuild-build-depends-main-dummy sensible-utils sgml-base sphinx-common
  ttf-bitstream-vera xml-core zlib1g-dev
0 upgraded, 166 newly installed, 0 to remove and 0 not upgraded.
Need to get 166 MB of archives.
After this operation, 467 MB of additional disk space will be used.
Get:1 copy:/<<RESOLVERDIR>>/apt_archive ./ sbuild-build-depends-main-dummy 0.invalid.0 [948 B]
Get:2 http://127.0.0.1:12990/debian sid/main amd64 bsdmainutils amd64 11.1.2+b1 [191 kB]
Get:3 http://127.0.0.1:12990/debian sid/main amd64 libuchardet0 amd64 0.0.6-3 [64.9 kB]
Get:4 http://127.0.0.1:12990/debian sid/main amd64 groff-base amd64 1.22.4-4 [919 kB]
Get:5 http://127.0.0.1:12990/debian sid/main amd64 libpipeline1 amd64 1.5.2-2 [33.9 kB]
Get:6 http://127.0.0.1:12990/debian sid/main amd64 man-db amd64 2.9.0-2 [1307 kB]
Get:7 http://127.0.0.1:12990/debian sid/main amd64 libssl1.1 amd64 1.1.1d-2 [1540 kB]
Get:8 http://127.0.0.1:12990/debian sid/main amd64 libpython3.7-minimal amd64 3.7.6-1+b1 [591 kB]
Get:9 http://127.0.0.1:12990/debian sid/main amd64 libexpat1 amd64 2.2.9-1 [94.3 kB]
Get:10 http://127.0.0.1:12990/debian sid/main amd64 python3.7-minimal amd64 3.7.6-1+b1 [1813 kB]
Get:11 http://127.0.0.1:12990/debian sid/main amd64 python3-minimal amd64 3.7.5-3 [36.8 kB]
Get:12 http://127.0.0.1:12990/debian sid/main amd64 mime-support all 3.64 [37.8 kB]
Get:13 http://127.0.0.1:12990/debian sid/main amd64 libmpdec2 amd64 2.4.2-2 [87.2 kB]
Get:14 http://127.0.0.1:12990/debian sid/main amd64 readline-common all 8.0-4 [72.5 kB]
Get:15 http://127.0.0.1:12990/debian sid/main amd64 libreadline8 amd64 8.0-4 [160 kB]
Get:16 http://127.0.0.1:12990/debian sid/main amd64 libsqlite3-0 amd64 3.31.1-3 [661 kB]
Get:17 http://127.0.0.1:12990/debian sid/main amd64 libpython3.7-stdlib amd64 3.7.6-1+b1 [1735 kB]
Get:18 http://127.0.0.1:12990/debian sid/main amd64 python3.7 amd64 3.7.6-1+b1 [351 kB]
Get:19 http://127.0.0.1:12990/debian sid/main amd64 libpython3-stdlib amd64 3.7.5-3 [20.2 kB]
Get:20 http://127.0.0.1:12990/debian sid/main amd64 python3 amd64 3.7.5-3 [62.1 kB]
Get:21 http://127.0.0.1:12990/debian sid/main amd64 libpython3.8-minimal amd64 3.8.2~rc2-2 [750 kB]
Get:22 http://127.0.0.1:12990/debian sid/main amd64 python3.8-minimal amd64 3.8.2~rc2-2 [1939 kB]
Get:23 http://127.0.0.1:12990/debian sid/main amd64 sgml-base all 1.29.1 [15.0 kB]
Get:24 http://127.0.0.1:12990/debian sid/main amd64 sensible-utils all 0.0.12+nmu1 [16.0 kB]
Get:25 http://127.0.0.1:12990/debian sid/main amd64 libmagic-mgc amd64 1:5.38-4 [262 kB]
Get:26 http://127.0.0.1:12990/debian sid/main amd64 libmagic1 amd64 1:5.38-4 [120 kB]
Get:27 http://127.0.0.1:12990/debian sid/main amd64 file amd64 1:5.38-4 [67.9 kB]
Get:28 http://127.0.0.1:12990/debian sid/main amd64 gettext-base amd64 0.19.8.1-10 [123 kB]
Get:29 http://127.0.0.1:12990/debian sid/main amd64 libsigsegv2 amd64 2.12-2 [32.8 kB]
Get:30 http://127.0.0.1:12990/debian sid/main amd64 m4 amd64 1.4.18-4 [203 kB]
Get:31 http://127.0.0.1:12990/debian sid/main amd64 autoconf all 2.69-11.1 [341 kB]
Get:32 http://127.0.0.1:12990/debian sid/main amd64 autotools-dev all 20180224.1 [77.0 kB]
Get:33 http://127.0.0.1:12990/debian sid/main amd64 automake all 1:1.16.1-4 [771 kB]
Get:34 http://127.0.0.1:12990/debian sid/main amd64 autopoint all 0.19.8.1-10 [435 kB]
Get:35 http://127.0.0.1:12990/debian sid/main amd64 openssl amd64 1.1.1d-2 [840 kB]
Get:36 http://127.0.0.1:12990/debian sid/main amd64 ca-certificates all 20190110 [157 kB]
Get:37 http://127.0.0.1:12990/debian sid/main amd64 cython3 amd64 0.29.14-0.1+b1 [2117 kB]
Get:38 http://127.0.0.1:12990/debian sid/main amd64 libtool all 2.4.6-13 [513 kB]
Get:39 http://127.0.0.1:12990/debian sid/main amd64 dh-autoreconf all 19 [16.9 kB]
Get:40 http://127.0.0.1:12990/debian sid/main amd64 libdebhelper-perl all 12.9 [183 kB]
Get:41 http://127.0.0.1:12990/debian sid/main amd64 libarchive-zip-perl all 1.67-1 [104 kB]
Get:42 http://127.0.0.1:12990/debian sid/main amd64 libsub-override-perl all 0.09-2 [10.2 kB]
Get:43 http://127.0.0.1:12990/debian sid/main amd64 libfile-stripnondeterminism-perl all 1.6.3-2 [23.7 kB]
Get:44 http://127.0.0.1:12990/debian sid/main amd64 dh-strip-nondeterminism all 1.6.3-2 [14.7 kB]
Get:45 http://127.0.0.1:12990/debian sid/main amd64 libelf1 amd64 0.176-1.1 [161 kB]
Get:46 http://127.0.0.1:12990/debian sid/main amd64 dwz amd64 0.13-5 [151 kB]
Get:47 http://127.0.0.1:12990/debian sid/main amd64 libglib2.0-0 amd64 2.62.4-2 [1319 kB]
Get:48 http://127.0.0.1:12990/debian sid/main amd64 libicu63 amd64 63.2-2 [8301 kB]
Get:49 http://127.0.0.1:12990/debian sid/main amd64 libxml2 amd64 2.9.10+dfsg-3 [709 kB]
Get:50 http://127.0.0.1:12990/debian sid/main amd64 libcroco3 amd64 0.6.13-1 [146 kB]
Get:51 http://127.0.0.1:12990/debian sid/main amd64 gettext amd64 0.19.8.1-10 [1303 kB]
Get:52 http://127.0.0.1:12990/debian sid/main amd64 intltool-debian all 0.35.0+20060710.5 [26.8 kB]
Get:53 http://127.0.0.1:12990/debian sid/main amd64 po-debconf all 1.0.21 [248 kB]
Get:54 http://127.0.0.1:12990/debian sid/main amd64 debhelper all 12.9 [994 kB]
Get:55 http://127.0.0.1:12990/debian sid/main amd64 python3-lib2to3 all 3.8.0-1 [78.3 kB]
Get:56 http://127.0.0.1:12990/debian sid/main amd64 python3-distutils all 3.8.0-1 [145 kB]
Get:57 http://127.0.0.1:12990/debian sid/main amd64 dh-python all 4.20191017 [94.4 kB]
Get:58 http://127.0.0.1:12990/debian sid/main amd64 xml-core all 0.18+nmu1 [23.8 kB]
Get:59 http://127.0.0.1:12990/debian sid/main amd64 docutils-common all 0.16+dfsg-1 [129 kB]
Get:60 http://127.0.0.1:12990/debian sid/main amd64 fonts-lyx all 2.3.4.2-2 [200 kB]
Get:61 http://127.0.0.1:12990/debian sid/main amd64 libblas3 amd64 3.9.0-1 [153 kB]
Get:62 http://127.0.0.1:12990/debian sid/main amd64 libbrotli1 amd64 1.0.7-6 [266 kB]
Get:63 http://127.0.0.1:12990/debian sid/main amd64 libkeyutils1 amd64 1.6.1-2 [15.4 kB]
Get:64 http://127.0.0.1:12990/debian sid/main amd64 libkrb5support0 amd64 1.17-6 [64.6 kB]
Get:65 http://127.0.0.1:12990/debian sid/main amd64 libk5crypto3 amd64 1.17-6 [116 kB]
Get:66 http://127.0.0.1:12990/debian sid/main amd64 libkrb5-3 amd64 1.17-6 [366 kB]
Get:67 http://127.0.0.1:12990/debian sid/main amd64 libgssapi-krb5-2 amd64 1.17-6 [156 kB]
Get:68 http://127.0.0.1:12990/debian sid/main amd64 libsasl2-modules-db amd64 2.1.27+dfsg-2 [69.0 kB]
Get:69 http://127.0.0.1:12990/debian sid/main amd64 libsasl2-2 amd64 2.1.27+dfsg-2 [106 kB]
Get:70 http://127.0.0.1:12990/debian sid/main amd64 libldap-common all 2.4.49+dfsg-1 [91.9 kB]
Get:71 http://127.0.0.1:12990/debian sid/main amd64 libldap-2.4-2 amd64 2.4.49+dfsg-1 [226 kB]
Get:72 http://127.0.0.1:12990/debian sid/main amd64 libnghttp2-14 amd64 1.40.0-1 [85.0 kB]
Get:73 http://127.0.0.1:12990/debian sid/main amd64 libpsl5 amd64 0.20.2-2 [53.7 kB]
Get:74 http://127.0.0.1:12990/debian sid/main amd64 librtmp1 amd64 2.4+20151223.gitfa8646d.1-2+b1 [60.8 kB]
Get:75 http://127.0.0.1:12990/debian sid/main amd64 libssh2-1 amd64 1.8.0-2.1 [140 kB]
Get:76 http://127.0.0.1:12990/debian sid/main amd64 libcurl3-gnutls amd64 7.68.0-1 [319 kB]
Get:77 http://127.0.0.1:12990/debian sid/main amd64 libcfitsio8 amd64 3.470-3 [542 kB]
Get:78 http://127.0.0.1:12990/debian sid/main amd64 liberfa1 amd64 1.7.0-1 [125 kB]
Get:79 http://127.0.0.1:12990/debian sid/main amd64 libexpat1-dev amd64 2.2.9-1 [136 kB]
Get:80 http://127.0.0.1:12990/debian sid/main amd64 libpng16-16 amd64 1.6.37-2 [292 kB]
Get:81 http://127.0.0.1:12990/debian sid/main amd64 libfreetype6 amd64 2.10.1-2 [392 kB]
Get:82 http://127.0.0.1:12990/debian sid/main amd64 libgfortran5 amd64 10-20200222-1 [721 kB]
Get:83 http://127.0.0.1:12990/debian sid/main amd64 libimagequant0 amd64 2.12.2-1.1 [32.5 kB]
Get:84 http://127.0.0.1:12990/debian sid/main amd64 libjbig0 amd64 2.1-3.1+b2 [31.0 kB]
Get:85 http://127.0.0.1:12990/debian sid/main amd64 libjpeg62-turbo amd64 1:1.5.2-2+b1 [134 kB]
Get:86 http://127.0.0.1:12990/debian sid/main amd64 libjs-jquery all 3.3.1~dfsg-3 [332 kB]
Get:87 http://127.0.0.1:12990/debian sid/main amd64 libjs-jquery-ui all 1.12.1+dfsg-5 [232 kB]
Get:88 http://127.0.0.1:12990/debian sid/main amd64 libjs-underscore all 1.9.1~dfsg-1 [99.4 kB]
Get:89 http://127.0.0.1:12990/debian sid/main amd64 libjs-sphinxdoc all 1.8.5-5 [96.7 kB]
Get:90 http://127.0.0.1:12990/debian sid/main amd64 liblapack3 amd64 3.9.0-1 [2168 kB]
Get:91 http://127.0.0.1:12990/debian sid/main amd64 liblcms2-2 amd64 2.9-4 [146 kB]
Get:92 http://127.0.0.1:12990/debian sid/main amd64 libpython3.7 amd64 3.7.6-1+b1 [1484 kB]
Get:93 http://127.0.0.1:12990/debian sid/main amd64 libpython3.7-dev amd64 3.7.6-1+b1 [41.4 MB]
Get:94 http://127.0.0.1:12990/debian sid/main amd64 libpython3-dev amd64 3.7.5-3 [20.3 kB]
Get:95 http://127.0.0.1:12990/debian sid/main amd64 libpython3.8-stdlib amd64 3.8.2~rc2-2 [1665 kB]
Get:96 http://127.0.0.1:12990/debian sid/main amd64 libpython3.8 amd64 3.8.2~rc2-2 [1619 kB]
Get:97 http://127.0.0.1:12990/debian sid/main amd64 libpython3.8-dev amd64 3.8.2~rc2-2 [47.3 MB]
Get:98 http://127.0.0.1:12990/debian sid/main amd64 libpython3-all-dev amd64 3.7.5-3 [1072 B]
Get:99 http://127.0.0.1:12990/debian sid/main amd64 libwebp6 amd64 0.6.1-2+b1 [261 kB]
Get:100 http://127.0.0.1:12990/debian sid/main amd64 libtiff5 amd64 4.1.0+git191117-2 [271 kB]
Get:101 http://127.0.0.1:12990/debian sid/main amd64 libwcs7 amd64 7.1+ds-2 [266 kB]
Get:102 http://127.0.0.1:12990/debian sid/main amd64 libwebpdemux2 amd64 0.6.1-2+b1 [87.7 kB]
Get:103 http://127.0.0.1:12990/debian sid/main amd64 libwebpmux3 amd64 0.6.1-2+b1 [97.9 kB]
Get:104 http://127.0.0.1:12990/debian sid/main amd64 python-babel-localedata all 2.8.0+dfsg.1-2 [4399 kB]
Get:105 http://127.0.0.1:12990/debian sid/main amd64 ttf-bitstream-vera all 1.10-8 [352 kB]
Get:106 http://127.0.0.1:12990/debian sid/main amd64 python-matplotlib-data all 3.1.2-2 [4139 kB]
Get:107 http://127.0.0.1:12990/debian sid/main amd64 python3-alabaster all 0.7.8-1 [18.4 kB]
Get:108 http://127.0.0.1:12990/debian sid/main amd64 python3.8 amd64 3.8.2~rc2-2 [409 kB]
Get:109 http://127.0.0.1:12990/debian sid/main amd64 python3-all amd64 3.7.5-3 [1060 B]
Get:110 http://127.0.0.1:12990/debian sid/main amd64 zlib1g-dev amd64 1:1.2.11.dfsg-2 [190 kB]
Get:111 http://127.0.0.1:12990/debian sid/main amd64 python3.7-dev amd64 3.7.6-1+b1 [518 kB]
Get:112 http://127.0.0.1:12990/debian sid/main amd64 python3-dev amd64 3.7.5-3 [1260 B]
Get:113 http://127.0.0.1:12990/debian sid/main amd64 python3.8-dev amd64 3.8.2~rc2-2 [515 kB]
Get:114 http://127.0.0.1:12990/debian sid/main amd64 python3-all-dev amd64 3.7.5-3 [1076 B]
Get:115 http://127.0.0.1:12990/debian sid/main amd64 python3-six all 1.14.0-2 [16.7 kB]
Get:116 http://127.0.0.1:12990/debian sid/main amd64 python3-configobj all 5.0.6-3 [35.7 kB]
Get:117 http://127.0.0.1:12990/debian sid/main amd64 python3-attr all 19.3.0-1 [43.1 kB]
Get:118 http://127.0.0.1:12990/debian sid/main amd64 python3-more-itertools all 4.2.0-1 [42.2 kB]
Get:119 http://127.0.0.1:12990/debian sid/main amd64 python3-pkg-resources all 44.0.0-1 [155 kB]
Get:120 http://127.0.0.1:12990/debian sid/main amd64 python3-zipp all 1.0.0-1 [5944 B]
Get:121 http://127.0.0.1:12990/debian sid/main amd64 python3-importlib-metadata all 1.5.0-1 [9956 B]
Get:122 http://127.0.0.1:12990/debian sid/main amd64 python3-pluggy all 0.13.0-2 [21.9 kB]
Get:123 http://127.0.0.1:12990/debian sid/main amd64 python3-py all 1.8.1-1 [86.8 kB]
Get:124 http://127.0.0.1:12990/debian sid/main amd64 python3-atomicwrites all 1.1.5-2 [6892 B]
Get:125 http://127.0.0.1:12990/debian sid/main amd64 python3-pyparsing all 2.4.6-1 [109 kB]
Get:126 http://127.0.0.1:12990/debian sid/main amd64 python3-packaging all 19.1-2 [23.9 kB]
Get:127 http://127.0.0.1:12990/debian sid/main amd64 python3-wcwidth all 0.1.8+dfsg1-3 [17.4 kB]
Get:128 http://127.0.0.1:12990/debian sid/main amd64 python3-pytest all 4.6.9-1 [267 kB]
Get:129 http://127.0.0.1:12990/debian sid/main amd64 python3-dateutil all 2.7.3-3 [64.5 kB]
Get:130 http://127.0.0.1:12990/debian sid/main amd64 python3-hypothesis all 4.36.2-1 [173 kB]
Get:131 http://127.0.0.1:12990/debian sid/main amd64 python3-numpy amd64 1:1.17.4-5 [6150 kB]
Get:132 http://127.0.0.1:12990/debian sid/main amd64 python3-pytest-arraydiff all 0.3-1 [9132 B]
Get:133 http://127.0.0.1:12990/debian sid/main amd64 python3-pytest-astropy-header all 0.1.2-1 [7828 B]
Get:134 http://127.0.0.1:12990/debian sid/main amd64 python3-pytest-doctestplus all 0.5.0-2 [17.7 kB]
Get:135 http://127.0.0.1:12990/debian sid/main amd64 python3-psutil amd64 5.6.7-2 [177 kB]
Get:136 http://127.0.0.1:12990/debian sid/main amd64 python3-pytest-openfiles all 0.4.0-1 [7240 B]
Get:137 http://127.0.0.1:12990/debian sid/main amd64 python3-pytest-remotedata all 0.3.2-1 [8972 B]
Get:138 http://127.0.0.1:12990/debian sid/main amd64 python3-pytest-astropy all 0.7.0-1 [4648 B]
Get:139 http://127.0.0.1:12990/debian sid/main amd64 python3-ply all 3.11-3 [65.1 kB]
Get:140 http://127.0.0.1:12990/debian sid/main amd64 python3-astropy amd64 4.0-4 [3412 kB]
Get:141 http://127.0.0.1:12990/debian sid/main amd64 python3-astropy-sphinx-theme all 1.1-1 [26.0 kB]
Get:142 http://127.0.0.1:12990/debian sid/main amd64 python3-markupsafe amd64 1.1.0-1+b2 [15.5 kB]
Get:143 http://127.0.0.1:12990/debian sid/main amd64 python3-jinja2 all 2.10.1-1 [107 kB]
Get:144 http://127.0.0.1:12990/debian sid/main amd64 sphinx-common all 1.8.5-5 [491 kB]
Get:145 http://127.0.0.1:12990/debian sid/main amd64 python3-tz all 2019.3-1 [27.2 kB]
Get:146 http://127.0.0.1:12990/debian sid/main amd64 python3-babel all 2.8.0+dfsg.1-2 [99.8 kB]
Get:147 http://127.0.0.1:12990/debian sid/main amd64 python3-roman all 2.0.0-3 [8768 B]
Get:148 http://127.0.0.1:12990/debian sid/main amd64 python3-docutils all 0.16+dfsg-1 [383 kB]
Get:149 http://127.0.0.1:12990/debian sid/main amd64 python3-imagesize all 1.2.0-1 [5764 B]
Get:150 http://127.0.0.1:12990/debian sid/main amd64 python3-pygments all 2.3.1+dfsg-1 [594 kB]
Get:151 http://127.0.0.1:12990/debian sid/main amd64 python3-certifi all 2019.11.28-1 [149 kB]
Get:152 http://127.0.0.1:12990/debian sid/main amd64 python3-chardet all 3.0.4-4 [80.8 kB]
Get:153 http://127.0.0.1:12990/debian sid/main amd64 python3-idna all 2.6-2 [34.4 kB]
Get:154 http://127.0.0.1:12990/debian sid/main amd64 python3-urllib3 all 1.25.8-1 [104 kB]
Get:155 http://127.0.0.1:12990/debian sid/main amd64 python3-requests all 2.22.0-2 [67.0 kB]
Get:156 http://127.0.0.1:12990/debian sid/main amd64 python3-sphinx all 1.8.5-5 [482 kB]
Get:157 http://127.0.0.1:12990/debian sid/main amd64 python3-numpydoc all 0.7.0-2 [18.5 kB]
Get:158 http://127.0.0.1:12990/debian sid/main amd64 python3-pil amd64 7.0.0-4 [437 kB]
Get:159 http://127.0.0.1:12990/debian sid/main amd64 python3-sphinx-automodapi all 0.12-2 [31.6 kB]
Get:160 http://127.0.0.1:12990/debian sid/main amd64 python3-cycler all 0.10.0-3 [8084 B]
Get:161 http://127.0.0.1:12990/debian sid/main amd64 python3-kiwisolver amd64 1.0.1-3 [259 kB]
Get:162 http://127.0.0.1:12990/debian sid/main amd64 python3-matplotlib amd64 3.1.2-2 [5387 kB]
Get:163 http://127.0.0.1:12990/debian sid/main amd64 python3-sphinx-gallery all 0.2.0-3 [71.9 kB]
Get:164 http://127.0.0.1:12990/debian sid/main amd64 python3-sphinx-astropy all 1.2-3 [15.0 kB]
Get:165 http://127.0.0.1:12990/debian sid/main amd64 python3-astropy-helpers all 4.0-1 [40.5 kB]
Get:166 http://127.0.0.1:12990/debian sid/main amd64 python3-setuptools all 44.0.0-1 [313 kB]
debconf: delaying package configuration, since apt-utils is not installed
Fetched 166 MB in 2s (96.0 MB/s)
Selecting previously unselected package bsdmainutils.
(Reading database ... 12960 files and directories currently installed.)
Preparing to unpack .../0-bsdmainutils_11.1.2+b1_amd64.deb ...
Unpacking bsdmainutils (11.1.2+b1) ...
Selecting previously unselected package libuchardet0:amd64.
Preparing to unpack .../1-libuchardet0_0.0.6-3_amd64.deb ...
Unpacking libuchardet0:amd64 (0.0.6-3) ...
Selecting previously unselected package groff-base.
Preparing to unpack .../2-groff-base_1.22.4-4_amd64.deb ...
Unpacking groff-base (1.22.4-4) ...
Selecting previously unselected package libpipeline1:amd64.
Preparing to unpack .../3-libpipeline1_1.5.2-2_amd64.deb ...
Unpacking libpipeline1:amd64 (1.5.2-2) ...
Selecting previously unselected package man-db.
Preparing to unpack .../4-man-db_2.9.0-2_amd64.deb ...
Unpacking man-db (2.9.0-2) ...
Selecting previously unselected package libssl1.1:amd64.
Preparing to unpack .../5-libssl1.1_1.1.1d-2_amd64.deb ...
Unpacking libssl1.1:amd64 (1.1.1d-2) ...
Selecting previously unselected package libpython3.7-minimal:amd64.
Preparing to unpack .../6-libpython3.7-minimal_3.7.6-1+b1_amd64.deb ...
Unpacking libpython3.7-minimal:amd64 (3.7.6-1+b1) ...
Selecting previously unselected package libexpat1:amd64.
Preparing to unpack .../7-libexpat1_2.2.9-1_amd64.deb ...
Unpacking libexpat1:amd64 (2.2.9-1) ...
Selecting previously unselected package python3.7-minimal.
Preparing to unpack .../8-python3.7-minimal_3.7.6-1+b1_amd64.deb ...
Unpacking python3.7-minimal (3.7.6-1+b1) ...
Setting up libssl1.1:amd64 (1.1.1d-2) ...
Setting up libpython3.7-minimal:amd64 (3.7.6-1+b1) ...
Setting up libexpat1:amd64 (2.2.9-1) ...
Setting up python3.7-minimal (3.7.6-1+b1) ...
Selecting previously unselected package python3-minimal.
(Reading database ... 13869 files and directories currently installed.)
Preparing to unpack .../0-python3-minimal_3.7.5-3_amd64.deb ...
Unpacking python3-minimal (3.7.5-3) ...
Selecting previously unselected package mime-support.
Preparing to unpack .../1-mime-support_3.64_all.deb ...
Unpacking mime-support (3.64) ...
Selecting previously unselected package libmpdec2:amd64.
Preparing to unpack .../2-libmpdec2_2.4.2-2_amd64.deb ...
Unpacking libmpdec2:amd64 (2.4.2-2) ...
Selecting previously unselected package readline-common.
Preparing to unpack .../3-readline-common_8.0-4_all.deb ...
Unpacking readline-common (8.0-4) ...
Selecting previously unselected package libreadline8:amd64.
Preparing to unpack .../4-libreadline8_8.0-4_amd64.deb ...
Unpacking libreadline8:amd64 (8.0-4) ...
Selecting previously unselected package libsqlite3-0:amd64.
Preparing to unpack .../5-libsqlite3-0_3.31.1-3_amd64.deb ...
Unpacking libsqlite3-0:amd64 (3.31.1-3) ...
Selecting previously unselected package libpython3.7-stdlib:amd64.
Preparing to unpack .../6-libpython3.7-stdlib_3.7.6-1+b1_amd64.deb ...
Unpacking libpython3.7-stdlib:amd64 (3.7.6-1+b1) ...
Selecting previously unselected package python3.7.
Preparing to unpack .../7-python3.7_3.7.6-1+b1_amd64.deb ...
Unpacking python3.7 (3.7.6-1+b1) ...
Selecting previously unselected package libpython3-stdlib:amd64.
Preparing to unpack .../8-libpython3-stdlib_3.7.5-3_amd64.deb ...
Unpacking libpython3-stdlib:amd64 (3.7.5-3) ...
Setting up python3-minimal (3.7.5-3) ...
Selecting previously unselected package python3.
(Reading database ... 14340 files and directories currently installed.)
Preparing to unpack .../000-python3_3.7.5-3_amd64.deb ...
Unpacking python3 (3.7.5-3) ...
Selecting previously unselected package libpython3.8-minimal:amd64.
Preparing to unpack .../001-libpython3.8-minimal_3.8.2~rc2-2_amd64.deb ...
Unpacking libpython3.8-minimal:amd64 (3.8.2~rc2-2) ...
Selecting previously unselected package python3.8-minimal.
Preparing to unpack .../002-python3.8-minimal_3.8.2~rc2-2_amd64.deb ...
Unpacking python3.8-minimal (3.8.2~rc2-2) ...
Selecting previously unselected package sgml-base.
Preparing to unpack .../003-sgml-base_1.29.1_all.deb ...
Unpacking sgml-base (1.29.1) ...
Selecting previously unselected package sensible-utils.
Preparing to unpack .../004-sensible-utils_0.0.12+nmu1_all.deb ...
Unpacking sensible-utils (0.0.12+nmu1) ...
Selecting previously unselected package libmagic-mgc.
Preparing to unpack .../005-libmagic-mgc_1%3a5.38-4_amd64.deb ...
Unpacking libmagic-mgc (1:5.38-4) ...
Selecting previously unselected package libmagic1:amd64.
Preparing to unpack .../006-libmagic1_1%3a5.38-4_amd64.deb ...
Unpacking libmagic1:amd64 (1:5.38-4) ...
Selecting previously unselected package file.
Preparing to unpack .../007-file_1%3a5.38-4_amd64.deb ...
Unpacking file (1:5.38-4) ...
Selecting previously unselected package gettext-base.
Preparing to unpack .../008-gettext-base_0.19.8.1-10_amd64.deb ...
Unpacking gettext-base (0.19.8.1-10) ...
Selecting previously unselected package libsigsegv2:amd64.
Preparing to unpack .../009-libsigsegv2_2.12-2_amd64.deb ...
Unpacking libsigsegv2:amd64 (2.12-2) ...
Selecting previously unselected package m4.
Preparing to unpack .../010-m4_1.4.18-4_amd64.deb ...
Unpacking m4 (1.4.18-4) ...
Selecting previously unselected package autoconf.
Preparing to unpack .../011-autoconf_2.69-11.1_all.deb ...
Unpacking autoconf (2.69-11.1) ...
Selecting previously unselected package autotools-dev.
Preparing to unpack .../012-autotools-dev_20180224.1_all.deb ...
Unpacking autotools-dev (20180224.1) ...
Selecting previously unselected package automake.
Preparing to unpack .../013-automake_1%3a1.16.1-4_all.deb ...
Unpacking automake (1:1.16.1-4) ...
Selecting previously unselected package autopoint.
Preparing to unpack .../014-autopoint_0.19.8.1-10_all.deb ...
Unpacking autopoint (0.19.8.1-10) ...
Selecting previously unselected package openssl.
Preparing to unpack .../015-openssl_1.1.1d-2_amd64.deb ...
Unpacking openssl (1.1.1d-2) ...
Selecting previously unselected package ca-certificates.
Preparing to unpack .../016-ca-certificates_20190110_all.deb ...
Unpacking ca-certificates (20190110) ...
Selecting previously unselected package cython3.
Preparing to unpack .../017-cython3_0.29.14-0.1+b1_amd64.deb ...
Unpacking cython3 (0.29.14-0.1+b1) ...
Selecting previously unselected package libtool.
Preparing to unpack .../018-libtool_2.4.6-13_all.deb ...
Unpacking libtool (2.4.6-13) ...
Selecting previously unselected package dh-autoreconf.
Preparing to unpack .../019-dh-autoreconf_19_all.deb ...
Unpacking dh-autoreconf (19) ...
Selecting previously unselected package libdebhelper-perl.
Preparing to unpack .../020-libdebhelper-perl_12.9_all.deb ...
Unpacking libdebhelper-perl (12.9) ...
Selecting previously unselected package libarchive-zip-perl.
Preparing to unpack .../021-libarchive-zip-perl_1.67-1_all.deb ...
Unpacking libarchive-zip-perl (1.67-1) ...
Selecting previously unselected package libsub-override-perl.
Preparing to unpack .../022-libsub-override-perl_0.09-2_all.deb ...
Unpacking libsub-override-perl (0.09-2) ...
Selecting previously unselected package libfile-stripnondeterminism-perl.
Preparing to unpack .../023-libfile-stripnondeterminism-perl_1.6.3-2_all.deb ...
Unpacking libfile-stripnondeterminism-perl (1.6.3-2) ...
Selecting previously unselected package dh-strip-nondeterminism.
Preparing to unpack .../024-dh-strip-nondeterminism_1.6.3-2_all.deb ...
Unpacking dh-strip-nondeterminism (1.6.3-2) ...
Selecting previously unselected package libelf1:amd64.
Preparing to unpack .../025-libelf1_0.176-1.1_amd64.deb ...
Unpacking libelf1:amd64 (0.176-1.1) ...
Selecting previously unselected package dwz.
Preparing to unpack .../026-dwz_0.13-5_amd64.deb ...
Unpacking dwz (0.13-5) ...
Selecting previously unselected package libglib2.0-0:amd64.
Preparing to unpack .../027-libglib2.0-0_2.62.4-2_amd64.deb ...
Unpacking libglib2.0-0:amd64 (2.62.4-2) ...
Selecting previously unselected package libicu63:amd64.
Preparing to unpack .../028-libicu63_63.2-2_amd64.deb ...
Unpacking libicu63:amd64 (63.2-2) ...
Selecting previously unselected package libxml2:amd64.
Preparing to unpack .../029-libxml2_2.9.10+dfsg-3_amd64.deb ...
Unpacking libxml2:amd64 (2.9.10+dfsg-3) ...
Selecting previously unselected package libcroco3:amd64.
Preparing to unpack .../030-libcroco3_0.6.13-1_amd64.deb ...
Unpacking libcroco3:amd64 (0.6.13-1) ...
Selecting previously unselected package gettext.
Preparing to unpack .../031-gettext_0.19.8.1-10_amd64.deb ...
Unpacking gettext (0.19.8.1-10) ...
Selecting previously unselected package intltool-debian.
Preparing to unpack .../032-intltool-debian_0.35.0+20060710.5_all.deb ...
Unpacking intltool-debian (0.35.0+20060710.5) ...
Selecting previously unselected package po-debconf.
Preparing to unpack .../033-po-debconf_1.0.21_all.deb ...
Unpacking po-debconf (1.0.21) ...
Selecting previously unselected package debhelper.
Preparing to unpack .../034-debhelper_12.9_all.deb ...
Unpacking debhelper (12.9) ...
Selecting previously unselected package python3-lib2to3.
Preparing to unpack .../035-python3-lib2to3_3.8.0-1_all.deb ...
Unpacking python3-lib2to3 (3.8.0-1) ...
Selecting previously unselected package python3-distutils.
Preparing to unpack .../036-python3-distutils_3.8.0-1_all.deb ...
Unpacking python3-distutils (3.8.0-1) ...
Selecting previously unselected package dh-python.
Preparing to unpack .../037-dh-python_4.20191017_all.deb ...
Unpacking dh-python (4.20191017) ...
Selecting previously unselected package xml-core.
Preparing to unpack .../038-xml-core_0.18+nmu1_all.deb ...
Unpacking xml-core (0.18+nmu1) ...
Selecting previously unselected package docutils-common.
Preparing to unpack .../039-docutils-common_0.16+dfsg-1_all.deb ...
Unpacking docutils-common (0.16+dfsg-1) ...
Selecting previously unselected package fonts-lyx.
Preparing to unpack .../040-fonts-lyx_2.3.4.2-2_all.deb ...
Unpacking fonts-lyx (2.3.4.2-2) ...
Selecting previously unselected package libblas3:amd64.
Preparing to unpack .../041-libblas3_3.9.0-1_amd64.deb ...
Unpacking libblas3:amd64 (3.9.0-1) ...
Selecting previously unselected package libbrotli1:amd64.
Preparing to unpack .../042-libbrotli1_1.0.7-6_amd64.deb ...
Unpacking libbrotli1:amd64 (1.0.7-6) ...
Selecting previously unselected package libkeyutils1:amd64.
Preparing to unpack .../043-libkeyutils1_1.6.1-2_amd64.deb ...
Unpacking libkeyutils1:amd64 (1.6.1-2) ...
Selecting previously unselected package libkrb5support0:amd64.
Preparing to unpack .../044-libkrb5support0_1.17-6_amd64.deb ...
Unpacking libkrb5support0:amd64 (1.17-6) ...
Selecting previously unselected package libk5crypto3:amd64.
Preparing to unpack .../045-libk5crypto3_1.17-6_amd64.deb ...
Unpacking libk5crypto3:amd64 (1.17-6) ...
Selecting previously unselected package libkrb5-3:amd64.
Preparing to unpack .../046-libkrb5-3_1.17-6_amd64.deb ...
Unpacking libkrb5-3:amd64 (1.17-6) ...
Selecting previously unselected package libgssapi-krb5-2:amd64.
Preparing to unpack .../047-libgssapi-krb5-2_1.17-6_amd64.deb ...
Unpacking libgssapi-krb5-2:amd64 (1.17-6) ...
Selecting previously unselected package libsasl2-modules-db:amd64.
Preparing to unpack .../048-libsasl2-modules-db_2.1.27+dfsg-2_amd64.deb ...
Unpacking libsasl2-modules-db:amd64 (2.1.27+dfsg-2) ...
Selecting previously unselected package libsasl2-2:amd64.
Preparing to unpack .../049-libsasl2-2_2.1.27+dfsg-2_amd64.deb ...
Unpacking libsasl2-2:amd64 (2.1.27+dfsg-2) ...
Selecting previously unselected package libldap-common.
Preparing to unpack .../050-libldap-common_2.4.49+dfsg-1_all.deb ...
Unpacking libldap-common (2.4.49+dfsg-1) ...
Selecting previously unselected package libldap-2.4-2:amd64.
Preparing to unpack .../051-libldap-2.4-2_2.4.49+dfsg-1_amd64.deb ...
Unpacking libldap-2.4-2:amd64 (2.4.49+dfsg-1) ...
Selecting previously unselected package libnghttp2-14:amd64.
Preparing to unpack .../052-libnghttp2-14_1.40.0-1_amd64.deb ...
Unpacking libnghttp2-14:amd64 (1.40.0-1) ...
Selecting previously unselected package libpsl5:amd64.
Preparing to unpack .../053-libpsl5_0.20.2-2_amd64.deb ...
Unpacking libpsl5:amd64 (0.20.2-2) ...
Selecting previously unselected package librtmp1:amd64.
Preparing to unpack .../054-librtmp1_2.4+20151223.gitfa8646d.1-2+b1_amd64.deb ...
Unpacking librtmp1:amd64 (2.4+20151223.gitfa8646d.1-2+b1) ...
Selecting previously unselected package libssh2-1:amd64.
Preparing to unpack .../055-libssh2-1_1.8.0-2.1_amd64.deb ...
Unpacking libssh2-1:amd64 (1.8.0-2.1) ...
Selecting previously unselected package libcurl3-gnutls:amd64.
Preparing to unpack .../056-libcurl3-gnutls_7.68.0-1_amd64.deb ...
Unpacking libcurl3-gnutls:amd64 (7.68.0-1) ...
Selecting previously unselected package libcfitsio8:amd64.
Preparing to unpack .../057-libcfitsio8_3.470-3_amd64.deb ...
Unpacking libcfitsio8:amd64 (3.470-3) ...
Selecting previously unselected package liberfa1:amd64.
Preparing to unpack .../058-liberfa1_1.7.0-1_amd64.deb ...
Unpacking liberfa1:amd64 (1.7.0-1) ...
Selecting previously unselected package libexpat1-dev:amd64.
Preparing to unpack .../059-libexpat1-dev_2.2.9-1_amd64.deb ...
Unpacking libexpat1-dev:amd64 (2.2.9-1) ...
Selecting previously unselected package libpng16-16:amd64.
Preparing to unpack .../060-libpng16-16_1.6.37-2_amd64.deb ...
Unpacking libpng16-16:amd64 (1.6.37-2) ...
Selecting previously unselected package libfreetype6:amd64.
Preparing to unpack .../061-libfreetype6_2.10.1-2_amd64.deb ...
Unpacking libfreetype6:amd64 (2.10.1-2) ...
Selecting previously unselected package libgfortran5:amd64.
Preparing to unpack .../062-libgfortran5_10-20200222-1_amd64.deb ...
Unpacking libgfortran5:amd64 (10-20200222-1) ...
Selecting previously unselected package libimagequant0:amd64.
Preparing to unpack .../063-libimagequant0_2.12.2-1.1_amd64.deb ...
Unpacking libimagequant0:amd64 (2.12.2-1.1) ...
Selecting previously unselected package libjbig0:amd64.
Preparing to unpack .../064-libjbig0_2.1-3.1+b2_amd64.deb ...
Unpacking libjbig0:amd64 (2.1-3.1+b2) ...
Selecting previously unselected package libjpeg62-turbo:amd64.
Preparing to unpack .../065-libjpeg62-turbo_1%3a1.5.2-2+b1_amd64.deb ...
Unpacking libjpeg62-turbo:amd64 (1:1.5.2-2+b1) ...
Selecting previously unselected package libjs-jquery.
Preparing to unpack .../066-libjs-jquery_3.3.1~dfsg-3_all.deb ...
Unpacking libjs-jquery (3.3.1~dfsg-3) ...
Selecting previously unselected package libjs-jquery-ui.
Preparing to unpack .../067-libjs-jquery-ui_1.12.1+dfsg-5_all.deb ...
Unpacking libjs-jquery-ui (1.12.1+dfsg-5) ...
Selecting previously unselected package libjs-underscore.
Preparing to unpack .../068-libjs-underscore_1.9.1~dfsg-1_all.deb ...
Unpacking libjs-underscore (1.9.1~dfsg-1) ...
Selecting previously unselected package libjs-sphinxdoc.
Preparing to unpack .../069-libjs-sphinxdoc_1.8.5-5_all.deb ...
Unpacking libjs-sphinxdoc (1.8.5-5) ...
Selecting previously unselected package liblapack3:amd64.
Preparing to unpack .../070-liblapack3_3.9.0-1_amd64.deb ...
Unpacking liblapack3:amd64 (3.9.0-1) ...
Selecting previously unselected package liblcms2-2:amd64.
Preparing to unpack .../071-liblcms2-2_2.9-4_amd64.deb ...
Unpacking liblcms2-2:amd64 (2.9-4) ...
Selecting previously unselected package libpython3.7:amd64.
Preparing to unpack .../072-libpython3.7_3.7.6-1+b1_amd64.deb ...
Unpacking libpython3.7:amd64 (3.7.6-1+b1) ...
Selecting previously unselected package libpython3.7-dev:amd64.
Preparing to unpack .../073-libpython3.7-dev_3.7.6-1+b1_amd64.deb ...
Unpacking libpython3.7-dev:amd64 (3.7.6-1+b1) ...
Selecting previously unselected package libpython3-dev:amd64.
Preparing to unpack .../074-libpython3-dev_3.7.5-3_amd64.deb ...
Unpacking libpython3-dev:amd64 (3.7.5-3) ...
Selecting previously unselected package libpython3.8-stdlib:amd64.
Preparing to unpack .../075-libpython3.8-stdlib_3.8.2~rc2-2_amd64.deb ...
Unpacking libpython3.8-stdlib:amd64 (3.8.2~rc2-2) ...
Selecting previously unselected package libpython3.8:amd64.
Preparing to unpack .../076-libpython3.8_3.8.2~rc2-2_amd64.deb ...
Unpacking libpython3.8:amd64 (3.8.2~rc2-2) ...
Selecting previously unselected package libpython3.8-dev:amd64.
Preparing to unpack .../077-libpython3.8-dev_3.8.2~rc2-2_amd64.deb ...
Unpacking libpython3.8-dev:amd64 (3.8.2~rc2-2) ...
Selecting previously unselected package libpython3-all-dev:amd64.
Preparing to unpack .../078-libpython3-all-dev_3.7.5-3_amd64.deb ...
Unpacking libpython3-all-dev:amd64 (3.7.5-3) ...
Selecting previously unselected package libwebp6:amd64.
Preparing to unpack .../079-libwebp6_0.6.1-2+b1_amd64.deb ...
Unpacking libwebp6:amd64 (0.6.1-2+b1) ...
Selecting previously unselected package libtiff5:amd64.
Preparing to unpack .../080-libtiff5_4.1.0+git191117-2_amd64.deb ...
Unpacking libtiff5:amd64 (4.1.0+git191117-2) ...
Selecting previously unselected package libwcs7:amd64.
Preparing to unpack .../081-libwcs7_7.1+ds-2_amd64.deb ...
Unpacking libwcs7:amd64 (7.1+ds-2) ...
Selecting previously unselected package libwebpdemux2:amd64.
Preparing to unpack .../082-libwebpdemux2_0.6.1-2+b1_amd64.deb ...
Unpacking libwebpdemux2:amd64 (0.6.1-2+b1) ...
Selecting previously unselected package libwebpmux3:amd64.
Preparing to unpack .../083-libwebpmux3_0.6.1-2+b1_amd64.deb ...
Unpacking libwebpmux3:amd64 (0.6.1-2+b1) ...
Selecting previously unselected package python-babel-localedata.
Preparing to unpack .../084-python-babel-localedata_2.8.0+dfsg.1-2_all.deb ...
Unpacking python-babel-localedata (2.8.0+dfsg.1-2) ...
Selecting previously unselected package ttf-bitstream-vera.
Preparing to unpack .../085-ttf-bitstream-vera_1.10-8_all.deb ...
Unpacking ttf-bitstream-vera (1.10-8) ...
Selecting previously unselected package python-matplotlib-data.
Preparing to unpack .../086-python-matplotlib-data_3.1.2-2_all.deb ...
Unpacking python-matplotlib-data (3.1.2-2) ...
Selecting previously unselected package python3-alabaster.
Preparing to unpack .../087-python3-alabaster_0.7.8-1_all.deb ...
Unpacking python3-alabaster (0.7.8-1) ...
Selecting previously unselected package python3.8.
Preparing to unpack .../088-python3.8_3.8.2~rc2-2_amd64.deb ...
Unpacking python3.8 (3.8.2~rc2-2) ...
Selecting previously unselected package python3-all.
Preparing to unpack .../089-python3-all_3.7.5-3_amd64.deb ...
Unpacking python3-all (3.7.5-3) ...
Selecting previously unselected package zlib1g-dev:amd64.
Preparing to unpack .../090-zlib1g-dev_1%3a1.2.11.dfsg-2_amd64.deb ...
Unpacking zlib1g-dev:amd64 (1:1.2.11.dfsg-2) ...
Selecting previously unselected package python3.7-dev.
Preparing to unpack .../091-python3.7-dev_3.7.6-1+b1_amd64.deb ...
Unpacking python3.7-dev (3.7.6-1+b1) ...
Selecting previously unselected package python3-dev.
Preparing to unpack .../092-python3-dev_3.7.5-3_amd64.deb ...
Unpacking python3-dev (3.7.5-3) ...
Selecting previously unselected package python3.8-dev.
Preparing to unpack .../093-python3.8-dev_3.8.2~rc2-2_amd64.deb ...
Unpacking python3.8-dev (3.8.2~rc2-2) ...
Selecting previously unselected package python3-all-dev.
Preparing to unpack .../094-python3-all-dev_3.7.5-3_amd64.deb ...
Unpacking python3-all-dev (3.7.5-3) ...
Selecting previously unselected package python3-six.
Preparing to unpack .../095-python3-six_1.14.0-2_all.deb ...
Unpacking python3-six (1.14.0-2) ...
Selecting previously unselected package python3-configobj.
Preparing to unpack .../096-python3-configobj_5.0.6-3_all.deb ...
Unpacking python3-configobj (5.0.6-3) ...
Selecting previously unselected package python3-attr.
Preparing to unpack .../097-python3-attr_19.3.0-1_all.deb ...
Unpacking python3-attr (19.3.0-1) ...
Selecting previously unselected package python3-more-itertools.
Preparing to unpack .../098-python3-more-itertools_4.2.0-1_all.deb ...
Unpacking python3-more-itertools (4.2.0-1) ...
Selecting previously unselected package python3-pkg-resources.
Preparing to unpack .../099-python3-pkg-resources_44.0.0-1_all.deb ...
Unpacking python3-pkg-resources (44.0.0-1) ...
Selecting previously unselected package python3-zipp.
Preparing to unpack .../100-python3-zipp_1.0.0-1_all.deb ...
Unpacking python3-zipp (1.0.0-1) ...
Selecting previously unselected package python3-importlib-metadata.
Preparing to unpack .../101-python3-importlib-metadata_1.5.0-1_all.deb ...
Unpacking python3-importlib-metadata (1.5.0-1) ...
Selecting previously unselected package python3-pluggy.
Preparing to unpack .../102-python3-pluggy_0.13.0-2_all.deb ...
Unpacking python3-pluggy (0.13.0-2) ...
Selecting previously unselected package python3-py.
Preparing to unpack .../103-python3-py_1.8.1-1_all.deb ...
Unpacking python3-py (1.8.1-1) ...
Selecting previously unselected package python3-atomicwrites.
Preparing to unpack .../104-python3-atomicwrites_1.1.5-2_all.deb ...
Unpacking python3-atomicwrites (1.1.5-2) ...
Selecting previously unselected package python3-pyparsing.
Preparing to unpack .../105-python3-pyparsing_2.4.6-1_all.deb ...
Unpacking python3-pyparsing (2.4.6-1) ...
Selecting previously unselected package python3-packaging.
Preparing to unpack .../106-python3-packaging_19.1-2_all.deb ...
Unpacking python3-packaging (19.1-2) ...
Selecting previously unselected package python3-wcwidth.
Preparing to unpack .../107-python3-wcwidth_0.1.8+dfsg1-3_all.deb ...
Unpacking python3-wcwidth (0.1.8+dfsg1-3) ...
Selecting previously unselected package python3-pytest.
Preparing to unpack .../108-python3-pytest_4.6.9-1_all.deb ...
Unpacking python3-pytest (4.6.9-1) ...
Selecting previously unselected package python3-dateutil.
Preparing to unpack .../109-python3-dateutil_2.7.3-3_all.deb ...
Unpacking python3-dateutil (2.7.3-3) ...
Selecting previously unselected package python3-hypothesis.
Preparing to unpack .../110-python3-hypothesis_4.36.2-1_all.deb ...
Unpacking python3-hypothesis (4.36.2-1) ...
Selecting previously unselected package python3-numpy.
Preparing to unpack .../111-python3-numpy_1%3a1.17.4-5_amd64.deb ...
Unpacking python3-numpy (1:1.17.4-5) ...
Selecting previously unselected package python3-pytest-arraydiff.
Preparing to unpack .../112-python3-pytest-arraydiff_0.3-1_all.deb ...
Unpacking python3-pytest-arraydiff (0.3-1) ...
Selecting previously unselected package python3-pytest-astropy-header.
Preparing to unpack .../113-python3-pytest-astropy-header_0.1.2-1_all.deb ...
Unpacking python3-pytest-astropy-header (0.1.2-1) ...
Selecting previously unselected package python3-pytest-doctestplus.
Preparing to unpack .../114-python3-pytest-doctestplus_0.5.0-2_all.deb ...
Unpacking python3-pytest-doctestplus (0.5.0-2) ...
Selecting previously unselected package python3-psutil.
Preparing to unpack .../115-python3-psutil_5.6.7-2_amd64.deb ...
Unpacking python3-psutil (5.6.7-2) ...
Selecting previously unselected package python3-pytest-openfiles.
Preparing to unpack .../116-python3-pytest-openfiles_0.4.0-1_all.deb ...
Unpacking python3-pytest-openfiles (0.4.0-1) ...
Selecting previously unselected package python3-pytest-remotedata.
Preparing to unpack .../117-python3-pytest-remotedata_0.3.2-1_all.deb ...
Unpacking python3-pytest-remotedata (0.3.2-1) ...
Selecting previously unselected package python3-pytest-astropy.
Preparing to unpack .../118-python3-pytest-astropy_0.7.0-1_all.deb ...
Unpacking python3-pytest-astropy (0.7.0-1) ...
Selecting previously unselected package python3-ply.
Preparing to unpack .../119-python3-ply_3.11-3_all.deb ...
Unpacking python3-ply (3.11-3) ...
Selecting previously unselected package python3-astropy.
Preparing to unpack .../120-python3-astropy_4.0-4_amd64.deb ...
Unpacking python3-astropy (4.0-4) ...
Selecting previously unselected package python3-astropy-sphinx-theme.
Preparing to unpack .../121-python3-astropy-sphinx-theme_1.1-1_all.deb ...
Unpacking python3-astropy-sphinx-theme (1.1-1) ...
Selecting previously unselected package python3-markupsafe.
Preparing to unpack .../122-python3-markupsafe_1.1.0-1+b2_amd64.deb ...
Unpacking python3-markupsafe (1.1.0-1+b2) ...
Selecting previously unselected package python3-jinja2.
Preparing to unpack .../123-python3-jinja2_2.10.1-1_all.deb ...
Unpacking python3-jinja2 (2.10.1-1) ...
Selecting previously unselected package sphinx-common.
Preparing to unpack .../124-sphinx-common_1.8.5-5_all.deb ...
Unpacking sphinx-common (1.8.5-5) ...
Selecting previously unselected package python3-tz.
Preparing to unpack .../125-python3-tz_2019.3-1_all.deb ...
Unpacking python3-tz (2019.3-1) ...
Selecting previously unselected package python3-babel.
Preparing to unpack .../126-python3-babel_2.8.0+dfsg.1-2_all.deb ...
Unpacking python3-babel (2.8.0+dfsg.1-2) ...
Selecting previously unselected package python3-roman.
Preparing to unpack .../127-python3-roman_2.0.0-3_all.deb ...
Unpacking python3-roman (2.0.0-3) ...
Selecting previously unselected package python3-docutils.
Preparing to unpack .../128-python3-docutils_0.16+dfsg-1_all.deb ...
Unpacking python3-docutils (0.16+dfsg-1) ...
Selecting previously unselected package python3-imagesize.
Preparing to unpack .../129-python3-imagesize_1.2.0-1_all.deb ...
Unpacking python3-imagesize (1.2.0-1) ...
Selecting previously unselected package python3-pygments.
Preparing to unpack .../130-python3-pygments_2.3.1+dfsg-1_all.deb ...
Unpacking python3-pygments (2.3.1+dfsg-1) ...
Selecting previously unselected package python3-certifi.
Preparing to unpack .../131-python3-certifi_2019.11.28-1_all.deb ...
Unpacking python3-certifi (2019.11.28-1) ...
Selecting previously unselected package python3-chardet.
Preparing to unpack .../132-python3-chardet_3.0.4-4_all.deb ...
Unpacking python3-chardet (3.0.4-4) ...
Selecting previously unselected package python3-idna.
Preparing to unpack .../133-python3-idna_2.6-2_all.deb ...
Unpacking python3-idna (2.6-2) ...
Selecting previously unselected package python3-urllib3.
Preparing to unpack .../134-python3-urllib3_1.25.8-1_all.deb ...
Unpacking python3-urllib3 (1.25.8-1) ...
Selecting previously unselected package python3-requests.
Preparing to unpack .../135-python3-requests_2.22.0-2_all.deb ...
Unpacking python3-requests (2.22.0-2) ...
Selecting previously unselected package python3-sphinx.
Preparing to unpack .../136-python3-sphinx_1.8.5-5_all.deb ...
Unpacking python3-sphinx (1.8.5-5) ...
Selecting previously unselected package python3-numpydoc.
Preparing to unpack .../137-python3-numpydoc_0.7.0-2_all.deb ...
Unpacking python3-numpydoc (0.7.0-2) ...
Selecting previously unselected package python3-pil:amd64.
Preparing to unpack .../138-python3-pil_7.0.0-4_amd64.deb ...
Unpacking python3-pil:amd64 (7.0.0-4) ...
Selecting previously unselected package python3-sphinx-automodapi.
Preparing to unpack .../139-python3-sphinx-automodapi_0.12-2_all.deb ...
Unpacking python3-sphinx-automodapi (0.12-2) ...
Selecting previously unselected package python3-cycler.
Preparing to unpack .../140-python3-cycler_0.10.0-3_all.deb ...
Unpacking python3-cycler (0.10.0-3) ...
Selecting previously unselected package python3-kiwisolver.
Preparing to unpack .../141-python3-kiwisolver_1.0.1-3_amd64.deb ...
Unpacking python3-kiwisolver (1.0.1-3) ...
Selecting previously unselected package python3-matplotlib.
Preparing to unpack .../142-python3-matplotlib_3.1.2-2_amd64.deb ...
Unpacking python3-matplotlib (3.1.2-2) ...
Selecting previously unselected package python3-sphinx-gallery.
Preparing to unpack .../143-python3-sphinx-gallery_0.2.0-3_all.deb ...
Unpacking python3-sphinx-gallery (0.2.0-3) ...
Selecting previously unselected package python3-sphinx-astropy.
Preparing to unpack .../144-python3-sphinx-astropy_1.2-3_all.deb ...
Unpacking python3-sphinx-astropy (1.2-3) ...
Selecting previously unselected package python3-astropy-helpers.
Preparing to unpack .../145-python3-astropy-helpers_4.0-1_all.deb ...
Unpacking python3-astropy-helpers (4.0-1) ...
Selecting previously unselected package python3-setuptools.
Preparing to unpack .../146-python3-setuptools_44.0.0-1_all.deb ...
Unpacking python3-setuptools (44.0.0-1) ...
Selecting previously unselected package sbuild-build-depends-main-dummy.
Preparing to unpack .../147-sbuild-build-depends-main-dummy_0.invalid.0_amd64.deb ...
Unpacking sbuild-build-depends-main-dummy (0.invalid.0) ...
Setting up libpipeline1:amd64 (1.5.2-2) ...
Setting up liberfa1:amd64 (1.7.0-1) ...
Setting up liblcms2-2:amd64 (2.9-4) ...
Setting up libwcs7:amd64 (7.1+ds-2) ...
Setting up libkeyutils1:amd64 (1.6.1-2) ...
Setting up libpsl5:amd64 (0.20.2-2) ...
Setting up ttf-bitstream-vera (1.10-8) ...
Setting up libpython3.8-minimal:amd64 (3.8.2~rc2-2) ...
Setting up mime-support (3.64) ...
Setting up libmagic-mgc (1:5.38-4) ...
Setting up libarchive-zip-perl (1.67-1) ...
Setting up libglib2.0-0:amd64 (2.62.4-2) ...
No schema files found: doing nothing.
Setting up fonts-lyx (2.3.4.2-2) ...
Setting up libdebhelper-perl (12.9) ...
Setting up libbrotli1:amd64 (1.0.7-6) ...
Setting up libsqlite3-0:amd64 (3.31.1-3) ...
Setting up libnghttp2-14:amd64 (1.40.0-1) ...
Setting up libmagic1:amd64 (1:5.38-4) ...
Setting up gettext-base (0.19.8.1-10) ...
Setting up file (1:5.38-4) ...
Setting up libldap-common (2.4.49+dfsg-1) ...
Setting up libjbig0:amd64 (2.1-3.1+b2) ...
Setting up libicu63:amd64 (63.2-2) ...
Setting up python-babel-localedata (2.8.0+dfsg.1-2) ...
Setting up libkrb5support0:amd64 (1.17-6) ...
Setting up libsasl2-modules-db:amd64 (2.1.27+dfsg-2) ...
Setting up autotools-dev (20180224.1) ...
Setting up libblas3:amd64 (3.9.0-1) ...
update-alternatives: using /usr/lib/x86_64-linux-gnu/blas/libblas.so.3 to provide /usr/lib/x86_64-linux-gnu/libblas.so.3 (libblas.so.3-x86_64-linux-gnu) in auto mode
Setting up libexpat1-dev:amd64 (2.2.9-1) ...
Setting up libjpeg62-turbo:amd64 (1:1.5.2-2+b1) ...
Setting up librtmp1:amd64 (2.4+20151223.gitfa8646d.1-2+b1) ...
Setting up libsigsegv2:amd64 (2.12-2) ...
Setting up libimagequant0:amd64 (2.12.2-1.1) ...
Setting up bsdmainutils (11.1.2+b1) ...
update-alternatives: using /usr/bin/bsd-write to provide /usr/bin/write (write) in auto mode
update-alternatives: using /usr/bin/bsd-from to provide /usr/bin/from (from) in auto mode
Setting up libpng16-16:amd64 (1.6.37-2) ...
Setting up autopoint (0.19.8.1-10) ...
Setting up libwebp6:amd64 (0.6.1-2+b1) ...
Setting up libk5crypto3:amd64 (1.17-6) ...
Setting up libsasl2-2:amd64 (2.1.27+dfsg-2) ...
Setting up libgfortran5:amd64 (10-20200222-1) ...
Setting up zlib1g-dev:amd64 (1:1.2.11.dfsg-2) ...
Setting up python3.8-minimal (3.8.2~rc2-2) ...
Setting up sensible-utils (0.0.12+nmu1) ...
Setting up libuchardet0:amd64 (0.0.6-3) ...
Setting up libsub-override-perl (0.09-2) ...
Setting up libssh2-1:amd64 (1.8.0-2.1) ...
Setting up sgml-base (1.29.1) ...
Setting up libkrb5-3:amd64 (1.17-6) ...
Setting up libtiff5:amd64 (4.1.0+git191117-2) ...
Setting up libmpdec2:amd64 (2.4.2-2) ...
Setting up libjs-jquery (3.3.1~dfsg-3) ...
Setting up python-matplotlib-data (3.1.2-2) ...
Setting up openssl (1.1.1d-2) ...
Setting up libwebpmux3:amd64 (0.6.1-2+b1) ...
Setting up libelf1:amd64 (0.176-1.1) ...
Setting up readline-common (8.0-4) ...
Setting up libxml2:amd64 (2.9.10+dfsg-3) ...
Setting up libjs-underscore (1.9.1~dfsg-1) ...
Setting up libfile-stripnondeterminism-perl (1.6.3-2) ...
Setting up liblapack3:amd64 (3.9.0-1) ...
update-alternatives: using /usr/lib/x86_64-linux-gnu/lapack/liblapack.so.3 to provide /usr/lib/x86_64-linux-gnu/liblapack.so.3 (liblapack.so.3-x86_64-linux-gnu) in auto mode
Setting up libtool (2.4.6-13) ...
Setting up libwebpdemux2:amd64 (0.6.1-2+b1) ...
Setting up libreadline8:amd64 (8.0-4) ...
Setting up libldap-2.4-2:amd64 (2.4.49+dfsg-1) ...
Setting up m4 (1.4.18-4) ...
Setting up ca-certificates (20190110) ...
Updating certificates in /etc/ssl/certs...
128 added, 0 removed; done.
Setting up libjs-jquery-ui (1.12.1+dfsg-5) ...
Setting up libfreetype6:amd64 (2.10.1-2) ...
Setting up libgssapi-krb5-2:amd64 (1.17-6) ...
Setting up libcroco3:amd64 (0.6.13-1) ...
Setting up libjs-sphinxdoc (1.8.5-5) ...
Setting up autoconf (2.69-11.1) ...
Setting up dh-strip-nondeterminism (1.6.3-2) ...
Setting up dwz (0.13-5) ...
Setting up groff-base (1.22.4-4) ...
Setting up xml-core (0.18+nmu1) ...
Setting up libpython3.8-stdlib:amd64 (3.8.2~rc2-2) ...
Setting up python3.8 (3.8.2~rc2-2) ...
Setting up automake (1:1.16.1-4) ...
update-alternatives: using /usr/bin/automake-1.16 to provide /usr/bin/automake (automake) in auto mode
Setting up libpython3.7-stdlib:amd64 (3.7.6-1+b1) ...
Setting up gettext (0.19.8.1-10) ...
Setting up libpython3.7:amd64 (3.7.6-1+b1) ...
Setting up libpython3.7-dev:amd64 (3.7.6-1+b1) ...
Setting up libcurl3-gnutls:amd64 (7.68.0-1) ...
Setting up man-db (2.9.0-2) ...
Not building database; man-db/auto-update is not 'true'.
Setting up intltool-debian (0.35.0+20060710.5) ...
Setting up libcfitsio8:amd64 (3.470-3) ...
Setting up libpython3.8:amd64 (3.8.2~rc2-2) ...
Setting up sphinx-common (1.8.5-5) ...
Setting up libpython3-stdlib:amd64 (3.7.5-3) ...
Setting up python3.7 (3.7.6-1+b1) ...
Setting up libpython3-dev:amd64 (3.7.5-3) ...
Setting up po-debconf (1.0.21) ...
Setting up python3 (3.7.5-3) ...
Setting up python3-markupsafe (1.1.0-1+b2) ...
Setting up python3.7-dev (3.7.6-1+b1) ...
Setting up python3-psutil (5.6.7-2) ...
Setting up python3-tz (2019.3-1) ...
Setting up python3-atomicwrites (1.1.5-2) ...
Setting up python3-six (1.14.0-2) ...
Setting up python3-pil:amd64 (7.0.0-4) ...
Setting up python3-roman (2.0.0-3) ...
Setting up python3-jinja2 (2.10.1-1) ...
Setting up python3-pygments (2.3.1+dfsg-1) ...
Setting up python3-configobj (5.0.6-3) ...
Setting up python3-wcwidth (0.1.8+dfsg1-3) ...
Setting up python3-pyparsing (2.4.6-1) ...
Setting up python3-certifi (2019.11.28-1) ...
Setting up libpython3.8-dev:amd64 (3.8.2~rc2-2) ...
Setting up libpython3-all-dev:amd64 (3.7.5-3) ...
Setting up python3-cycler (0.10.0-3) ...
Setting up python3-idna (2.6-2) ...
Setting up cython3 (0.29.14-0.1+b1) ...
Setting up python3-urllib3 (1.25.8-1) ...
Setting up python3.8-dev (3.8.2~rc2-2) ...
Setting up python3-dateutil (2.7.3-3) ...
Setting up python3-lib2to3 (3.8.0-1) ...
Setting up python3-imagesize (1.2.0-1) ...
Setting up python3-pkg-resources (44.0.0-1) ...
Setting up python3-distutils (3.8.0-1) ...
Setting up dh-python (4.20191017) ...
Setting up python3-more-itertools (4.2.0-1) ...
Setting up python3-attr (19.3.0-1) ...
Setting up python3-astropy-sphinx-theme (1.1-1) ...
Setting up python3-setuptools (44.0.0-1) ...
Setting up python3-py (1.8.1-1) ...
Setting up python3-babel (2.8.0+dfsg.1-2) ...
update-alternatives: using /usr/bin/pybabel-python3 to provide /usr/bin/pybabel (pybabel) in auto mode
Setting up python3-alabaster (0.7.8-1) ...
Setting up python3-hypothesis (4.36.2-1) ...
Setting up python3-ply (3.11-3) ...
Setting up python3-all (3.7.5-3) ...
Setting up python3-zipp (1.0.0-1) ...
Setting up python3-packaging (19.1-2) ...
Setting up python3-chardet (3.0.4-4) ...
Setting up python3-dev (3.7.5-3) ...
Setting up python3-requests (2.22.0-2) ...
Setting up python3-kiwisolver (1.0.1-3) ...
Setting up python3-numpy (1:1.17.4-5) ...
Setting up python3-all-dev (3.7.5-3) ...
Setting up python3-matplotlib (3.1.2-2) ...
Setting up python3-importlib-metadata (1.5.0-1) ...
Setting up python3-pluggy (0.13.0-2) ...
Setting up python3-pytest (4.6.9-1) ...
Setting up python3-pytest-arraydiff (0.3-1) ...
Setting up python3-pytest-remotedata (0.3.2-1) ...
Setting up python3-pytest-doctestplus (0.5.0-2) ...
Setting up python3-pytest-openfiles (0.4.0-1) ...
Setting up python3-pytest-astropy-header (0.1.2-1) ...
Setting up python3-pytest-astropy (0.7.0-1) ...
Setting up python3-astropy (4.0-4) ...
Setting up dh-autoreconf (19) ...
Setting up debhelper (12.9) ...
Processing triggers for libc-bin (2.29-10) ...
Processing triggers for sgml-base (1.29.1) ...
Setting up docutils-common (0.16+dfsg-1) ...
Processing triggers for sgml-base (1.29.1) ...
Setting up python3-docutils (0.16+dfsg-1) ...
update-alternatives: using /usr/share/docutils/scripts/python3/rst-buildhtml to provide /usr/bin/rst-buildhtml (rst-buildhtml) in auto mode
update-alternatives: using /usr/share/docutils/scripts/python3/rst2html to provide /usr/bin/rst2html (rst2html) in auto mode
update-alternatives: using /usr/share/docutils/scripts/python3/rst2html4 to provide /usr/bin/rst2html4 (rst2html4) in auto mode
update-alternatives: using /usr/share/docutils/scripts/python3/rst2html5 to provide /usr/bin/rst2html5 (rst2html5) in auto mode
update-alternatives: using /usr/share/docutils/scripts/python3/rst2latex to provide /usr/bin/rst2latex (rst2latex) in auto mode
update-alternatives: using /usr/share/docutils/scripts/python3/rst2man to provide /usr/bin/rst2man (rst2man) in auto mode
update-alternatives: using /usr/share/docutils/scripts/python3/rst2odt to provide /usr/bin/rst2odt (rst2odt) in auto mode
update-alternatives: using /usr/share/docutils/scripts/python3/rst2odt_prepstyles to provide /usr/bin/rst2odt_prepstyles (rst2odt_prepstyles) in auto mode
update-alternatives: using /usr/share/docutils/scripts/python3/rst2pseudoxml to provide /usr/bin/rst2pseudoxml (rst2pseudoxml) in auto mode
update-alternatives: using /usr/share/docutils/scripts/python3/rst2s5 to provide /usr/bin/rst2s5 (rst2s5) in auto mode
update-alternatives: using /usr/share/docutils/scripts/python3/rst2xetex to provide /usr/bin/rst2xetex (rst2xetex) in auto mode
update-alternatives: using /usr/share/docutils/scripts/python3/rst2xml to provide /usr/bin/rst2xml (rst2xml) in auto mode
update-alternatives: using /usr/share/docutils/scripts/python3/rstpep2html to provide /usr/bin/rstpep2html (rstpep2html) in auto mode
Setting up python3-sphinx (1.8.5-5) ...
update-alternatives: using /usr/share/sphinx/scripts/python3/sphinx-apidoc to provide /usr/bin/sphinx-apidoc (sphinx-apidoc) in auto mode
update-alternatives: using /usr/share/sphinx/scripts/python3/sphinx-autogen to provide /usr/bin/sphinx-autogen (sphinx-autogen) in auto mode
update-alternatives: using /usr/share/sphinx/scripts/python3/sphinx-build to provide /usr/bin/sphinx-build (sphinx-build) in auto mode
update-alternatives: using /usr/share/sphinx/scripts/python3/sphinx-quickstart to provide /usr/bin/sphinx-quickstart (sphinx-quickstart) in auto mode
Setting up python3-sphinx-gallery (0.2.0-3) ...
Setting up python3-numpydoc (0.7.0-2) ...
Setting up python3-sphinx-automodapi (0.12-2) ...
Setting up python3-sphinx-astropy (1.2-3) ...
Setting up python3-astropy-helpers (4.0-1) ...
Setting up sbuild-build-depends-main-dummy (0.invalid.0) ...
Processing triggers for ca-certificates (20190110) ...
Updating certificates in /etc/ssl/certs...
0 added, 0 removed; done.
Running hooks in /etc/ca-certificates/update.d...
done.

+------------------------------------------------------------------------------+
| Check architectures                                                          |
+------------------------------------------------------------------------------+

Arch check ok (amd64 included in any all)

+------------------------------------------------------------------------------+
| Build environment                                                            |
+------------------------------------------------------------------------------+

Kernel: Linux 4.19.0-6-cloud-amd64 #1 SMP Debian 4.19.67-2+deb10u2 (2019-11-11) amd64 (x86_64)
Toolchain package versions: binutils_2.34-3 dpkg-dev_1.19.7 g++-9_9.2.1-30 gcc-9_9.2.1-30 libc6-dev_2.29-10 libstdc++-9-dev_9.2.1-30 libstdc++6_10-20200222-1 linux-libc-dev_5.4.19-1
Package versions: adduser_3.118 apt_1.8.4 autoconf_2.69-11.1 automake_1:1.16.1-4 autopoint_0.19.8.1-10 autotools-dev_20180224.1 base-files_11 base-passwd_3.5.47 bash_5.0-6 binutils_2.34-3 binutils-common_2.34-3 binutils-x86-64-linux-gnu_2.34-3 bsdmainutils_11.1.2+b1 bsdutils_1:2.34-0.1 build-essential_12.8 bzip2_1.0.8-2 ca-certificates_20190110 clang-10_1:10.0.0~+rc2-1 coreutils_8.30-3+b1 cpp_4:9.2.1-3.1 cpp-9_9.2.1-30 cython3_0.29.14-0.1+b1 dash_0.5.10.2-6 debconf_1.5.73 debhelper_12.9 debian-archive-keyring_2019.1 debianutils_4.9.1 dh-autoreconf_19 dh-python_4.20191017 dh-strip-nondeterminism_1.6.3-2 diffutils_1:3.7-3 docutils-common_0.16+dfsg-1 dpkg_1.19.7 dpkg-dev_1.19.7 dwz_0.13-5 e2fsprogs_1.45.5-2 fakeroot_1.24-1 fdisk_2.34-0.1 file_1:5.38-4 findutils_4.7.0-1 fonts-lyx_2.3.4.2-2 g++_4:9.2.1-3.1 g++-9_9.2.1-30 gcc_4:9.2.1-3.1 gcc-10-base_10-20200222-1 gcc-9_9.2.1-30 gcc-9-base_9.2.1-30 gettext_0.19.8.1-10 gettext-base_0.19.8.1-10 gpgv_2.2.19-1 grep_3.4-1 groff-base_1.22.4-4 gzip_1.9-3+b1 hostname_3.23 init-system-helpers_1.57 intltool-debian_0.35.0+20060710.5 lib32gcc-s1_10-20200222-1 lib32gcc1_1:10-20200222-1 lib32stdc++6_10-20200222-1 libacl1_2.2.53-5 libapt-pkg5.0_1.8.4 libarchive-zip-perl_1.67-1 libasan5_9.2.1-30 libatomic1_10-20200222-1 libattr1_1:2.4.48-5 libaudit-common_1:2.8.5-2 libaudit1_1:2.8.5-2+b1 libbinutils_2.34-3 libblas3_3.9.0-1 libblkid1_2.34-0.1 libbrotli1_1.0.7-6 libbsd0_0.10.0-1 libbz2-1.0_1.0.8-2 libc-bin_2.29-10 libc-dev-bin_2.29-10 libc6_2.29-10 libc6-dev_2.29-10 libc6-i386_2.29-10 libcap-ng0_0.7.9-2.1+b1 libcc1-0_10-20200222-1 libcfitsio8_3.470-3 libclang-common-10-dev_1:10.0.0~+rc2-1 libclang-cpp10_1:10.0.0~+rc2-1 libclang1-10_1:10.0.0~+rc2-1 libcom-err2_1.45.5-2 libcroco3_0.6.13-1 libcrypt-dev_1:4.4.10-10 libcrypt1_1:4.4.10-10 libctf-nobfd0_2.34-3 libctf0_2.34-3 libcurl3-gnutls_7.68.0-1 libdb5.3_5.3.28+dfsg1-0.6 libdebconfclient0_0.251 libdebhelper-perl_12.9 libdpkg-perl_1.19.7 libedit2_3.1-20191231-1 libelf1_0.176-1.1 liberfa1_1.7.0-1 libexpat1_2.2.9-1 libexpat1-dev_2.2.9-1 libext2fs2_1.45.5-2 libfakeroot_1.24-1 libfdisk1_2.34-0.1 libffi7_3.3-3 libfile-stripnondeterminism-perl_1.6.3-2 libfreetype6_2.10.1-2 libgc1c2_1:7.6.4-0.4 libgcc-9-dev_9.2.1-30 libgcc-s1_10-20200222-1 libgcc1_1:10-20200222-1 libgcrypt20_1.8.5-5 libgdbm-compat4_1.18.1-5 libgdbm6_1.18.1-5 libgfortran5_10-20200222-1 libglib2.0-0_2.62.4-2 libgmp10_2:6.2.0+dfsg-4 libgnutls30_3.6.12-2 libgomp1_10-20200222-1 libgpg-error0_1.37-1 libgssapi-krb5-2_1.17-6 libhogweed5_3.5.1+really3.5.1-2 libicu63_63.2-2 libidn2-0_2.2.0-2 libimagequant0_2.12.2-1.1 libisl22_0.22.1-1 libitm1_10-20200222-1 libjbig0_2.1-3.1+b2 libjpeg62-turbo_1:1.5.2-2+b1 libjs-jquery_3.3.1~dfsg-3 libjs-jquery-ui_1.12.1+dfsg-5 libjs-sphinxdoc_1.8.5-5 libjs-underscore_1.9.1~dfsg-1 libk5crypto3_1.17-6 libkeyutils1_1.6.1-2 libkrb5-3_1.17-6 libkrb5support0_1.17-6 liblapack3_3.9.0-1 liblcms2-2_2.9-4 libldap-2.4-2_2.4.49+dfsg-1 libldap-common_2.4.49+dfsg-1 libllvm10_1:10.0.0~+rc2-1 liblsan0_10-20200222-1 liblz4-1_1.9.2-2 liblzma5_5.2.4-1+b1 libmagic-mgc_1:5.38-4 libmagic1_1:5.38-4 libmount1_2.34-0.1 libmpc3_1.1.0-1 libmpdec2_2.4.2-2 libmpfr6_4.0.2-1 libncursesw6_6.1+20191019-1 libnettle7_3.5.1+really3.5.1-2 libnghttp2-14_1.40.0-1 libobjc-9-dev_9.2.1-30 libobjc4_10-20200222-1 libomp-10-dev_1:10.0.0~+rc2-1 libomp5-10_1:10.0.0~+rc2-1 libp11-kit0_0.23.20-1 libpam-modules_1.3.1-5 libpam-modules-bin_1.3.1-5 libpam-runtime_1.3.1-5 libpam0g_1.3.1-5 libpcre2-8-0_10.34-7 libpcre3_2:8.39-12+b1 libperl5.30_5.30.0-9 libpipeline1_1.5.2-2 libpng16-16_1.6.37-2 libpsl5_0.20.2-2 libpython3-all-dev_3.7.5-3 libpython3-dev_3.7.5-3 libpython3-stdlib_3.7.5-3 libpython3.7_3.7.6-1+b1 libpython3.7-dev_3.7.6-1+b1 libpython3.7-minimal_3.7.6-1+b1 libpython3.7-stdlib_3.7.6-1+b1 libpython3.8_3.8.2~rc2-2 libpython3.8-dev_3.8.2~rc2-2 libpython3.8-minimal_3.8.2~rc2-2 libpython3.8-stdlib_3.8.2~rc2-2 libquadmath0_10-20200222-1 libreadline8_8.0-4 librtmp1_2.4+20151223.gitfa8646d.1-2+b1 libsasl2-2_2.1.27+dfsg-2 libsasl2-modules-db_2.1.27+dfsg-2 libseccomp2_2.4.2-2 libselinux1_3.0-1+b1 libsemanage-common_3.0-1 libsemanage1_3.0-1+b1 libsepol1_3.0-1 libsigsegv2_2.12-2 libsmartcols1_2.34-0.1 libsqlite3-0_3.31.1-3 libss2_1.45.5-2 libssh2-1_1.8.0-2.1 libssl1.1_1.1.1d-2 libstdc++-9-dev_9.2.1-30 libstdc++6_10-20200222-1 libsub-override-perl_0.09-2 libsystemd0_244.3-1 libtasn1-6_4.16.0-2 libtiff5_4.1.0+git191117-2 libtinfo6_6.1+20191019-1 libtool_2.4.6-13 libtsan0_10-20200222-1 libubsan1_10-20200222-1 libuchardet0_0.0.6-3 libudev1_244.3-1 libunistring2_0.9.10-2 libuuid1_2.34-0.1 libwcs7_7.1+ds-2 libwebp6_0.6.1-2+b1 libwebpdemux2_0.6.1-2+b1 libwebpmux3_0.6.1-2+b1 libxml2_2.9.10+dfsg-3 libz3-4_4.8.7-4 libzstd1_1.4.4+dfsg-3 linux-libc-dev_5.4.19-1 login_1:4.8.1-1 logsave_1.45.5-2 lsb-base_11.1.0 m4_1.4.18-4 make_4.2.1-1.2 man-db_2.9.0-2 mawk_1.3.4.20200120-2 mime-support_3.64 mount_2.34-0.1 ncurses-base_6.1+20191019-1 ncurses-bin_6.1+20191019-1 openssl_1.1.1d-2 passwd_1:4.8.1-1 patch_2.7.6-6 perl_5.30.0-9 perl-base_5.30.0-9 perl-modules-5.30_5.30.0-9 po-debconf_1.0.21 python-babel-localedata_2.8.0+dfsg.1-2 python-matplotlib-data_3.1.2-2 python3_3.7.5-3 python3-alabaster_0.7.8-1 python3-all_3.7.5-3 python3-all-dev_3.7.5-3 python3-astropy_4.0-4 python3-astropy-helpers_4.0-1 python3-astropy-sphinx-theme_1.1-1 python3-atomicwrites_1.1.5-2 python3-attr_19.3.0-1 python3-babel_2.8.0+dfsg.1-2 python3-certifi_2019.11.28-1 python3-chardet_3.0.4-4 python3-configobj_5.0.6-3 python3-cycler_0.10.0-3 python3-dateutil_2.7.3-3 python3-dev_3.7.5-3 python3-distutils_3.8.0-1 python3-docutils_0.16+dfsg-1 python3-hypothesis_4.36.2-1 python3-idna_2.6-2 python3-imagesize_1.2.0-1 python3-importlib-metadata_1.5.0-1 python3-jinja2_2.10.1-1 python3-kiwisolver_1.0.1-3 python3-lib2to3_3.8.0-1 python3-markupsafe_1.1.0-1+b2 python3-matplotlib_3.1.2-2 python3-minimal_3.7.5-3 python3-more-itertools_4.2.0-1 python3-numpy_1:1.17.4-5 python3-numpydoc_0.7.0-2 python3-packaging_19.1-2 python3-pil_7.0.0-4 python3-pkg-resources_44.0.0-1 python3-pluggy_0.13.0-2 python3-ply_3.11-3 python3-psutil_5.6.7-2 python3-py_1.8.1-1 python3-pygments_2.3.1+dfsg-1 python3-pyparsing_2.4.6-1 python3-pytest_4.6.9-1 python3-pytest-arraydiff_0.3-1 python3-pytest-astropy_0.7.0-1 python3-pytest-astropy-header_0.1.2-1 python3-pytest-doctestplus_0.5.0-2 python3-pytest-openfiles_0.4.0-1 python3-pytest-remotedata_0.3.2-1 python3-requests_2.22.0-2 python3-roman_2.0.0-3 python3-setuptools_44.0.0-1 python3-six_1.14.0-2 python3-sphinx_1.8.5-5 python3-sphinx-astropy_1.2-3 python3-sphinx-automodapi_0.12-2 python3-sphinx-gallery_0.2.0-3 python3-tz_2019.3-1 python3-urllib3_1.25.8-1 python3-wcwidth_0.1.8+dfsg1-3 python3-zipp_1.0.0-1 python3.7_3.7.6-1+b1 python3.7-dev_3.7.6-1+b1 python3.7-minimal_3.7.6-1+b1 python3.8_3.8.2~rc2-2 python3.8-dev_3.8.2~rc2-2 python3.8-minimal_3.8.2~rc2-2 readline-common_8.0-4 sbuild-build-depends-main-dummy_0.invalid.0 sed_4.7-1 sensible-utils_0.0.12+nmu1 sgml-base_1.29.1 sphinx-common_1.8.5-5 sysvinit-utils_2.96-2.1 tar_1.30+dfsg-6+b1 ttf-bitstream-vera_1.10-8 tzdata_2019c-3 util-linux_2.34-0.1 xml-core_0.18+nmu1 xz-utils_5.2.4-1+b1 zlib1g_1:1.2.11.dfsg-2 zlib1g-dev_1:1.2.11.dfsg-2

+------------------------------------------------------------------------------+
| Build                                                                        |
+------------------------------------------------------------------------------+


Unpack source
-------------

-----BEGIN PGP SIGNED MESSAGE-----
Hash: SHA512

Format: 3.0 (quilt)
Source: pyregion
Binary: python-pyregion-doc, python3-pyregion
Architecture: any all
Version: 2.0-9
Maintainer: Debian Astro Team <debian-astro-maintainers@lists.alioth.debian.org>
Uploaders: Vincent Prat <vinceprat@free.fr>
Homepage: https://pypi.python.org/pypi/pyregion/
Standards-Version: 4.4.0
Vcs-Browser: https://salsa.debian.org/debian-astro-team/pyregion/
Vcs-Git: https://salsa.debian.org/debian-astro-team/pyregion.git
Testsuite: autopkgtest
Build-Depends: cython3, debhelper (>= 12), dh-python, python3-all-dev, python3-astropy, python3-astropy-helpers, python3-matplotlib, python3-numpy, python3-pyparsing, python3-pytest, python3-setuptools, python3-sphinx
Package-List:
 python-pyregion-doc deb doc optional arch=all
 python3-pyregion deb python optional arch=any
Checksums-Sha1:
 201a8e93add13828ab81f7b8634c683dac991180 1104111 pyregion_2.0.orig.tar.gz
 b214e03e49e2e7e8a8ebc47c0746c694eecd2582 4560 pyregion_2.0-9.debian.tar.xz
Checksums-Sha256:
 a8ac5f764b53ec332f6bc43f6f2193ca13e8b7d5a3fb2e20ced6b2ea42a9d094 1104111 pyregion_2.0.orig.tar.gz
 700206dac826b329da3ab90a839d3a06465a17d5ac9f78aedac5e0642f8c1332 4560 pyregion_2.0-9.debian.tar.xz
Files:
 c228b133a1573d2017e0857a9fbf23c5 1104111 pyregion_2.0.orig.tar.gz
 6d7ee0d5146a9cac60f50788274906ee 4560 pyregion_2.0-9.debian.tar.xz

-----BEGIN PGP SIGNATURE-----

iQJGBAEBCgAwFiEEwN+g0Kj2VQgeB/icBzHNjq6Fm38FAl1JagsSHHZpbmNlcHJh
dEBmcmVlLmZyAAoJEAcxzY6uhZt/H/QQAIEmMebbsSPLrYy90boogHa3ZhaGMo1Z
jl3W99kgtEeGkOKnUY6k4Z8LV4q6E0LGTLIftHPnG5xv9kRoGQJnrWyBtzk/ACYd
yS5mHUbvC2fUPk9AifFYdktpPTYX90/KwD7ZU6yZ1iLvu/yV7gId7Q7253GpClE+
sfs8d/DugKUSf8qzJMOedFUSZhKHLwBPr7KtOGzIaBoeo9W0DHP01uSjjtD6xVAQ
dKVVZL8/pxAuBG1W69nJSRwnlJrAx+4S9UA04VJz94vbmx8FKCTHZGlRvsut6SIN
N+7UUIbjTCIXb52oL+Vl4WRkuZ29r5fZT22oV6nkpZzxbVy95r2zWJY6o75F/X2l
gfTsNQ+tuYTRR4Bd1rkWZSi+6fmoLguMVmTc2VaPXG/GBBP+vVu55yGIHE1P6hMq
gYqDjNRpXmUuQ4DkjkXAdZE/CUAFX5W+zb0P1aLvPa89xQQroAnz25mW6xzCrfiU
nxSbEIkWB5b/lRWdSFf66NlB+bD5jC5EwhH39Gf4751IttVc27dCGbegyO57ks9e
YshZuogp9PMN0E8GUQ0n+c9uChGLHFabjeToxNmNUDQ2fat+HUM613/XhXY76yAW
8Lvd9UCKdgjteK4WJWc3Jnu3ueTf0GietvoOGSp8N0Pe2HGJfVXNb7pxJL0qFd4E
5AoFVBeOyePy
=VX8f
-----END PGP SIGNATURE-----

gpgv: unknown type of key resource 'trustedkeys.kbx'
gpgv: keyblock resource '/sbuild-nonexistent/.gnupg/trustedkeys.kbx': General error
gpgv: Signature made Tue Aug  6 11:52:43 2019 UTC
gpgv:                using RSA key C0DFA0D0A8F655081E07F89C0731CD8EAE859B7F
gpgv:                issuer "vinceprat@free.fr"
gpgv: Can't check signature: No public key
dpkg-source: warning: failed to verify signature on ./pyregion_2.0-9.dsc
dpkg-source: info: extracting pyregion in /<<PKGBUILDDIR>>
dpkg-source: info: unpacking pyregion_2.0.orig.tar.gz
dpkg-source: info: unpacking pyregion_2.0-9.debian.tar.xz
dpkg-source: info: using patch list from debian/patches/series
dpkg-source: info: applying no_auto_use_astropy_helpers.patch
dpkg-source: info: applying replace_asscalar.patch
dpkg-source: info: applying Fix-import-failure-from-astropy.tests-on-astropy-3.2.patch

Check disk space
----------------

Sufficient free space for build

User Environment
----------------

APT_CONFIG=/var/lib/sbuild/apt.conf
HOME=/sbuild-nonexistent
LANG=C.UTF-8
LC_ALL=C.UTF-8
LOGNAME=user42
PATH=/usr/local/sbin:/usr/local/bin:/usr/sbin:/usr/bin:/sbin:/bin:/usr/games
SCHROOT_ALIAS_NAME=unstable
SCHROOT_CHROOT_NAME=sid-amd64-sbuild
SCHROOT_COMMAND=env
SCHROOT_GID=1001
SCHROOT_GROUP=user42
SCHROOT_SESSION_ID=sid-amd64-sbuild-790af1f6-eb1f-43af-b0ad-1e4984fb1e0f
SCHROOT_UID=1001
SCHROOT_USER=user42
SHELL=/bin/sh
USER=user42

dpkg-buildpackage
-----------------

Command: dpkg-buildpackage -us -uc -b -rfakeroot
dpkg-buildpackage: info: source package pyregion
dpkg-buildpackage: info: source version 2.0-9
dpkg-buildpackage: info: source distribution unstable
dpkg-buildpackage: info: source changed by Vincent Prat <vinceprat@free.fr>
 dpkg-source --before-build .
dpkg-buildpackage: info: host architecture amd64
 fakeroot debian/rules clean
py3versions: no X-Python3-Version in control file, using supported versions
dh clean --with python3,sphinxdoc --buildsystem=pybuild
   debian/rules override_dh_auto_clean
make[1]: Entering directory '/<<PKGBUILDDIR>>'
py3versions: no X-Python3-Version in control file, using supported versions
dh_auto_clean
I: pybuild base:217: python3.8 setup.py clean 
running clean
removing '/<<PKGBUILDDIR>>/.pybuild/cpython3_3.8_pyregion/build' (and everything under it)
/usr/lib/python3/dist-packages/astropy_helpers/setup_helpers.py:161: AstropyDeprecationWarning: The package argument to generate_version_py has been deprecated and will be removed in future. Specify the package name in setup.cfg instead
  warnings.warn('The package argument to generate_version_py has '
/usr/lib/python3/dist-packages/astropy_helpers/setup_helpers.py:166: AstropyDeprecationWarning: The version argument to generate_version_py has been deprecated and will be removed in future. Specify the version number in setup.cfg instead
  warnings.warn('The version argument to generate_version_py has '
/usr/lib/python3/dist-packages/astropy_helpers/setup_helpers.py:171: AstropyDeprecationWarning: The release argument to generate_version_py has been deprecated and will be removed in future. We now use the presence of the "dev" string in the version to determine whether this is a release
  warnings.warn('The release argument to generate_version_py has '
/usr/lib/python3/dist-packages/astropy_helpers/setup_helpers.py:186: AstropyDeprecationWarning: Specifying the package name using the "package_name" option in setup.cfg is deprecated - use the "name" option instead.
  warnings.warn('Specifying the package name using the "package_name" '
/usr/lib/python3/dist-packages/astropy_helpers/version_helpers.py:239: AstropyDeprecationWarning: The packagename argument to generate_version_py has been deprecated and will be removed in future. Specify the package name in setup.cfg instead
  warnings.warn('The packagename argument to generate_version_py has '
/usr/lib/python3/dist-packages/astropy_helpers/version_helpers.py:244: AstropyDeprecationWarning: The version argument to generate_version_py has been deprecated and will be removed in future. Specify the version number in setup.cfg instead
  warnings.warn('The version argument to generate_version_py has '
/usr/lib/python3/dist-packages/astropy_helpers/version_helpers.py:249: AstropyDeprecationWarning: The release argument to generate_version_py has been deprecated and will be removed in future. We now use the presence of the "dev" string in the version to determine whether this is a release
  warnings.warn('The release argument to generate_version_py has '
/usr/lib/python3/dist-packages/astropy_helpers/version_helpers.py:264: AstropyDeprecationWarning: Specifying the package name using the "package_name" option in setup.cfg is deprecated - use the "name" option instead.
  warnings.warn('Specifying the package name using the "package_name" '
'build/bdist.linux-amd64' does not exist -- can't clean it
'build/scripts-3.8' does not exist -- can't clean it
I: pybuild base:217: python3.7 setup.py clean 
running clean
removing '/<<PKGBUILDDIR>>/.pybuild/cpython3_3.7_pyregion/build' (and everything under it)
/usr/lib/python3/dist-packages/astropy_helpers/setup_helpers.py:163: AstropyDeprecationWarning: The package argument to generate_version_py has been deprecated and will be removed in future. Specify the package name in setup.cfg instead
  'the package name in setup.cfg instead', AstropyDeprecationWarning)
/usr/lib/python3/dist-packages/astropy_helpers/setup_helpers.py:168: AstropyDeprecationWarning: The version argument to generate_version_py has been deprecated and will be removed in future. Specify the version number in setup.cfg instead
  'the version number in setup.cfg instead', AstropyDeprecationWarning)
/usr/lib/python3/dist-packages/astropy_helpers/setup_helpers.py:174: AstropyDeprecationWarning: The release argument to generate_version_py has been deprecated and will be removed in future. We now use the presence of the "dev" string in the version to determine whether this is a release
  'determine whether this is a release', AstropyDeprecationWarning)
/usr/lib/python3/dist-packages/astropy_helpers/setup_helpers.py:188: AstropyDeprecationWarning: Specifying the package name using the "package_name" option in setup.cfg is deprecated - use the "name" option instead.
  'option instead.', AstropyDeprecationWarning)
/usr/lib/python3/dist-packages/astropy_helpers/version_helpers.py:241: AstropyDeprecationWarning: The packagename argument to generate_version_py has been deprecated and will be removed in future. Specify the package name in setup.cfg instead
  'the package name in setup.cfg instead', AstropyDeprecationWarning)
/usr/lib/python3/dist-packages/astropy_helpers/version_helpers.py:246: AstropyDeprecationWarning: The version argument to generate_version_py has been deprecated and will be removed in future. Specify the version number in setup.cfg instead
  'the version number in setup.cfg instead', AstropyDeprecationWarning)
/usr/lib/python3/dist-packages/astropy_helpers/version_helpers.py:252: AstropyDeprecationWarning: The release argument to generate_version_py has been deprecated and will be removed in future. We now use the presence of the "dev" string in the version to determine whether this is a release
  'determine whether this is a release', AstropyDeprecationWarning)
/usr/lib/python3/dist-packages/astropy_helpers/version_helpers.py:266: AstropyDeprecationWarning: Specifying the package name using the "package_name" option in setup.cfg is deprecated - use the "name" option instead.
  'option instead.', AstropyDeprecationWarning)
'build/bdist.linux-amd64' does not exist -- can't clean it
'build/scripts-3.7' does not exist -- can't clean it
rm -rf .cache
rm -rf api
rm -rf pyregion/_region_filter.c
rm -rf pyregion.egg-info
rm -rf build
rm -rf .pybuild
rm -rf .eggs
rm -rf debian/doctrees
make[1]: Leaving directory '/<<PKGBUILDDIR>>'
   dh_autoreconf_clean -O--buildsystem=pybuild
   dh_clean -O--buildsystem=pybuild
 debian/rules build
py3versions: no X-Python3-Version in control file, using supported versions
dh build --with python3,sphinxdoc --buildsystem=pybuild
   dh_update_autotools_config -O--buildsystem=pybuild
   dh_autoreconf -O--buildsystem=pybuild
   dh_auto_configure -O--buildsystem=pybuild
I: pybuild base:217: python3.8 setup.py config 
running config
/usr/lib/python3/dist-packages/astropy_helpers/setup_helpers.py:161: AstropyDeprecationWarning: The package argument to generate_version_py has been deprecated and will be removed in future. Specify the package name in setup.cfg instead
  warnings.warn('The package argument to generate_version_py has '
/usr/lib/python3/dist-packages/astropy_helpers/setup_helpers.py:166: AstropyDeprecationWarning: The version argument to generate_version_py has been deprecated and will be removed in future. Specify the version number in setup.cfg instead
  warnings.warn('The version argument to generate_version_py has '
/usr/lib/python3/dist-packages/astropy_helpers/setup_helpers.py:171: AstropyDeprecationWarning: The release argument to generate_version_py has been deprecated and will be removed in future. We now use the presence of the "dev" string in the version to determine whether this is a release
  warnings.warn('The release argument to generate_version_py has '
/usr/lib/python3/dist-packages/astropy_helpers/setup_helpers.py:186: AstropyDeprecationWarning: Specifying the package name using the "package_name" option in setup.cfg is deprecated - use the "name" option instead.
  warnings.warn('Specifying the package name using the "package_name" '
/usr/lib/python3/dist-packages/astropy_helpers/version_helpers.py:239: AstropyDeprecationWarning: The packagename argument to generate_version_py has been deprecated and will be removed in future. Specify the package name in setup.cfg instead
  warnings.warn('The packagename argument to generate_version_py has '
/usr/lib/python3/dist-packages/astropy_helpers/version_helpers.py:244: AstropyDeprecationWarning: The version argument to generate_version_py has been deprecated and will be removed in future. Specify the version number in setup.cfg instead
  warnings.warn('The version argument to generate_version_py has '
/usr/lib/python3/dist-packages/astropy_helpers/version_helpers.py:249: AstropyDeprecationWarning: The release argument to generate_version_py has been deprecated and will be removed in future. We now use the presence of the "dev" string in the version to determine whether this is a release
  warnings.warn('The release argument to generate_version_py has '
/usr/lib/python3/dist-packages/astropy_helpers/version_helpers.py:264: AstropyDeprecationWarning: Specifying the package name using the "package_name" option in setup.cfg is deprecated - use the "name" option instead.
  warnings.warn('Specifying the package name using the "package_name" '
I: pybuild base:217: python3.7 setup.py config 
running config
/usr/lib/python3/dist-packages/astropy_helpers/setup_helpers.py:163: AstropyDeprecationWarning: The package argument to generate_version_py has been deprecated and will be removed in future. Specify the package name in setup.cfg instead
  'the package name in setup.cfg instead', AstropyDeprecationWarning)
/usr/lib/python3/dist-packages/astropy_helpers/setup_helpers.py:168: AstropyDeprecationWarning: The version argument to generate_version_py has been deprecated and will be removed in future. Specify the version number in setup.cfg instead
  'the version number in setup.cfg instead', AstropyDeprecationWarning)
/usr/lib/python3/dist-packages/astropy_helpers/setup_helpers.py:174: AstropyDeprecationWarning: The release argument to generate_version_py has been deprecated and will be removed in future. We now use the presence of the "dev" string in the version to determine whether this is a release
  'determine whether this is a release', AstropyDeprecationWarning)
/usr/lib/python3/dist-packages/astropy_helpers/setup_helpers.py:188: AstropyDeprecationWarning: Specifying the package name using the "package_name" option in setup.cfg is deprecated - use the "name" option instead.
  'option instead.', AstropyDeprecationWarning)
/usr/lib/python3/dist-packages/astropy_helpers/version_helpers.py:241: AstropyDeprecationWarning: The packagename argument to generate_version_py has been deprecated and will be removed in future. Specify the package name in setup.cfg instead
  'the package name in setup.cfg instead', AstropyDeprecationWarning)
/usr/lib/python3/dist-packages/astropy_helpers/version_helpers.py:246: AstropyDeprecationWarning: The version argument to generate_version_py has been deprecated and will be removed in future. Specify the version number in setup.cfg instead
  'the version number in setup.cfg instead', AstropyDeprecationWarning)
/usr/lib/python3/dist-packages/astropy_helpers/version_helpers.py:252: AstropyDeprecationWarning: The release argument to generate_version_py has been deprecated and will be removed in future. We now use the presence of the "dev" string in the version to determine whether this is a release
  'determine whether this is a release', AstropyDeprecationWarning)
/usr/lib/python3/dist-packages/astropy_helpers/version_helpers.py:266: AstropyDeprecationWarning: Specifying the package name using the "package_name" option in setup.cfg is deprecated - use the "name" option instead.
  'option instead.', AstropyDeprecationWarning)
   debian/rules override_dh_auto_build
make[1]: Entering directory '/<<PKGBUILDDIR>>'
py3versions: no X-Python3-Version in control file, using supported versions
cython3 pyregion/_region_filter.pyx
/usr/lib/python3/dist-packages/Cython/Compiler/Main.py:369: FutureWarning: Cython directive 'language_level' not set, using 2 for now (Py2). This will change in a later release! File: /<<PKGBUILDDIR>>/pyregion/_region_filter.pyx
  tree = Parsing.p_module(s, pxd, full_module_name)
dh_auto_build
I: pybuild base:217: /usr/bin/python3.8 setup.py build 
running build
running build_py
creating /<<PKGBUILDDIR>>/.pybuild/cpython3_3.8_pyregion/build/pyregion
copying pyregion/core.py -> /<<PKGBUILDDIR>>/.pybuild/cpython3_3.8_pyregion/build/pyregion
copying pyregion/__init__.py -> /<<PKGBUILDDIR>>/.pybuild/cpython3_3.8_pyregion/build/pyregion
copying pyregion/physical_coordinate.py -> /<<PKGBUILDDIR>>/.pybuild/cpython3_3.8_pyregion/build/pyregion
copying pyregion/mpl_helper.py -> /<<PKGBUILDDIR>>/.pybuild/cpython3_3.8_pyregion/build/pyregion
copying pyregion/ds9_region_parser.py -> /<<PKGBUILDDIR>>/.pybuild/cpython3_3.8_pyregion/build/pyregion
copying pyregion/_astropy_init.py -> /<<PKGBUILDDIR>>/.pybuild/cpython3_3.8_pyregion/build/pyregion
copying pyregion/wcs_helper.py -> /<<PKGBUILDDIR>>/.pybuild/cpython3_3.8_pyregion/build/pyregion
copying pyregion/wcs_converter.py -> /<<PKGBUILDDIR>>/.pybuild/cpython3_3.8_pyregion/build/pyregion
copying pyregion/cython_version.py -> /<<PKGBUILDDIR>>/.pybuild/cpython3_3.8_pyregion/build/pyregion
copying pyregion/parser_helper.py -> /<<PKGBUILDDIR>>/.pybuild/cpython3_3.8_pyregion/build/pyregion
copying pyregion/conftest.py -> /<<PKGBUILDDIR>>/.pybuild/cpython3_3.8_pyregion/build/pyregion
copying pyregion/version.py -> /<<PKGBUILDDIR>>/.pybuild/cpython3_3.8_pyregion/build/pyregion
copying pyregion/region_numbers.py -> /<<PKGBUILDDIR>>/.pybuild/cpython3_3.8_pyregion/build/pyregion
copying pyregion/ds9_attr_parser.py -> /<<PKGBUILDDIR>>/.pybuild/cpython3_3.8_pyregion/build/pyregion
copying pyregion/region_to_filter.py -> /<<PKGBUILDDIR>>/.pybuild/cpython3_3.8_pyregion/build/pyregion
creating /<<PKGBUILDDIR>>/.pybuild/cpython3_3.8_pyregion/build/pyregion/tests
copying pyregion/tests/test_ds9_attr_parser.py -> /<<PKGBUILDDIR>>/.pybuild/cpython3_3.8_pyregion/build/pyregion/tests
copying pyregion/tests/__init__.py -> /<<PKGBUILDDIR>>/.pybuild/cpython3_3.8_pyregion/build/pyregion/tests
copying pyregion/tests/test_region.py -> /<<PKGBUILDDIR>>/.pybuild/cpython3_3.8_pyregion/build/pyregion/tests
copying pyregion/tests/test_wcs.py -> /<<PKGBUILDDIR>>/.pybuild/cpython3_3.8_pyregion/build/pyregion/tests
copying pyregion/tests/test_cube.py -> /<<PKGBUILDDIR>>/.pybuild/cpython3_3.8_pyregion/build/pyregion/tests
copying pyregion/tests/test_ds9_region_parser.py -> /<<PKGBUILDDIR>>/.pybuild/cpython3_3.8_pyregion/build/pyregion/tests
copying pyregion/tests/test_parser_helper.py -> /<<PKGBUILDDIR>>/.pybuild/cpython3_3.8_pyregion/build/pyregion/tests
copying pyregion/tests/test_get_mask.py -> /<<PKGBUILDDIR>>/.pybuild/cpython3_3.8_pyregion/build/pyregion/tests
copying pyregion/tests/setup_package.py -> /<<PKGBUILDDIR>>/.pybuild/cpython3_3.8_pyregion/build/pyregion/tests
copying pyregion/tests/test_region_numbers.py -> /<<PKGBUILDDIR>>/.pybuild/cpython3_3.8_pyregion/build/pyregion/tests
copying pyregion/_region_filter.c -> /<<PKGBUILDDIR>>/.pybuild/cpython3_3.8_pyregion/build/pyregion
copying pyregion/_compiler.c -> /<<PKGBUILDDIR>>/.pybuild/cpython3_3.8_pyregion/build/pyregion
copying pyregion/tests/coveragerc -> /<<PKGBUILDDIR>>/.pybuild/cpython3_3.8_pyregion/build/pyregion/tests
creating /<<PKGBUILDDIR>>/.pybuild/cpython3_3.8_pyregion/build/pyregion/tests/data
copying pyregion/tests/data/test03_icrs.reg -> /<<PKGBUILDDIR>>/.pybuild/cpython3_3.8_pyregion/build/pyregion/tests/data
copying pyregion/tests/data/test02_1_img.reg -> /<<PKGBUILDDIR>>/.pybuild/cpython3_3.8_pyregion/build/pyregion/tests/data
copying pyregion/tests/data/test03_ciao_physical.reg -> /<<PKGBUILDDIR>>/.pybuild/cpython3_3.8_pyregion/build/pyregion/tests/data
copying pyregion/tests/data/test01_gal.reg -> /<<PKGBUILDDIR>>/.pybuild/cpython3_3.8_pyregion/build/pyregion/tests/data
copying pyregion/tests/data/test01_ds9_physical.reg -> /<<PKGBUILDDIR>>/.pybuild/cpython3_3.8_pyregion/build/pyregion/tests/data
copying pyregion/tests/data/test01_ciao_physical.reg -> /<<PKGBUILDDIR>>/.pybuild/cpython3_3.8_pyregion/build/pyregion/tests/data
copying pyregion/tests/data/test01_icrs.reg -> /<<PKGBUILDDIR>>/.pybuild/cpython3_3.8_pyregion/build/pyregion/tests/data
copying pyregion/tests/data/test03_gal.reg -> /<<PKGBUILDDIR>>/.pybuild/cpython3_3.8_pyregion/build/pyregion/tests/data
copying pyregion/tests/data/test_annuli_wcs.reg -> /<<PKGBUILDDIR>>/.pybuild/cpython3_3.8_pyregion/build/pyregion/tests/data
copying pyregion/tests/data/test_context.reg -> /<<PKGBUILDDIR>>/.pybuild/cpython3_3.8_pyregion/build/pyregion/tests/data
copying pyregion/tests/data/test01.reg -> /<<PKGBUILDDIR>>/.pybuild/cpython3_3.8_pyregion/build/pyregion/tests/data
copying pyregion/tests/data/test01_img.reg -> /<<PKGBUILDDIR>>/.pybuild/cpython3_3.8_pyregion/build/pyregion/tests/data
copying pyregion/tests/data/test02.reg -> /<<PKGBUILDDIR>>/.pybuild/cpython3_3.8_pyregion/build/pyregion/tests/data
copying pyregion/tests/data/test01_mixed.reg -> /<<PKGBUILDDIR>>/.pybuild/cpython3_3.8_pyregion/build/pyregion/tests/data
copying pyregion/tests/data/test03_fk5.reg -> /<<PKGBUILDDIR>>/.pybuild/cpython3_3.8_pyregion/build/pyregion/tests/data
copying pyregion/tests/data/test02_1_fk5.reg -> /<<PKGBUILDDIR>>/.pybuild/cpython3_3.8_pyregion/build/pyregion/tests/data
copying pyregion/tests/data/test_annuli_ciao.reg -> /<<PKGBUILDDIR>>/.pybuild/cpython3_3.8_pyregion/build/pyregion/tests/data
copying pyregion/tests/data/test01_print.reg -> /<<PKGBUILDDIR>>/.pybuild/cpython3_3.8_pyregion/build/pyregion/tests/data
copying pyregion/tests/data/test_annuli.reg -> /<<PKGBUILDDIR>>/.pybuild/cpython3_3.8_pyregion/build/pyregion/tests/data
copying pyregion/tests/data/test_text.reg -> /<<PKGBUILDDIR>>/.pybuild/cpython3_3.8_pyregion/build/pyregion/tests/data
copying pyregion/tests/data/test01_fk5_sexagecimal.reg -> /<<PKGBUILDDIR>>/.pybuild/cpython3_3.8_pyregion/build/pyregion/tests/data
copying pyregion/tests/data/test01_ciao.reg -> /<<PKGBUILDDIR>>/.pybuild/cpython3_3.8_pyregion/build/pyregion/tests/data
copying pyregion/tests/data/test01_fk4.reg -> /<<PKGBUILDDIR>>/.pybuild/cpython3_3.8_pyregion/build/pyregion/tests/data
copying pyregion/tests/data/test04_img.reg -> /<<PKGBUILDDIR>>/.pybuild/cpython3_3.8_pyregion/build/pyregion/tests/data
copying pyregion/tests/data/test03_img.reg -> /<<PKGBUILDDIR>>/.pybuild/cpython3_3.8_pyregion/build/pyregion/tests/data
copying pyregion/tests/data/test01_fk5_degree.reg -> /<<PKGBUILDDIR>>/.pybuild/cpython3_3.8_pyregion/build/pyregion/tests/data
copying pyregion/tests/data/test01_fk5.reg -> /<<PKGBUILDDIR>>/.pybuild/cpython3_3.8_pyregion/build/pyregion/tests/data
copying pyregion/tests/data/sample_fits04.header -> /<<PKGBUILDDIR>>/.pybuild/cpython3_3.8_pyregion/build/pyregion/tests/data
copying pyregion/tests/data/test.header -> /<<PKGBUILDDIR>>/.pybuild/cpython3_3.8_pyregion/build/pyregion/tests/data
copying pyregion/tests/data/sample_fits02.header -> /<<PKGBUILDDIR>>/.pybuild/cpython3_3.8_pyregion/build/pyregion/tests/data
copying pyregion/tests/data/sample_fits03.header -> /<<PKGBUILDDIR>>/.pybuild/cpython3_3.8_pyregion/build/pyregion/tests/data
copying pyregion/tests/data/sample_fits01.header -> /<<PKGBUILDDIR>>/.pybuild/cpython3_3.8_pyregion/build/pyregion/tests/data
running build_ext
building 'pyregion.compiler_version' extension
creating build
creating build/temp.linux-amd64-3.8
creating build/temp.linux-amd64-3.8/pyregion
x86_64-linux-gnu-gcc -pthread -Wno-unused-result -Wsign-compare -DNDEBUG -g -fwrapv -O2 -Wall -g -fstack-protector-strong -Wformat -Werror=format-security -g -fwrapv -O2 -g -O2 -fdebug-prefix-map=/<<PKGBUILDDIR>>=. -fstack-protector-strong -Wformat -Werror=format-security -Wdate-time -D_FORTIFY_SOURCE=2 -fPIC -I/usr/include/python3.8 -c pyregion/_compiler.c -o build/temp.linux-amd64-3.8/pyregion/_compiler.o
x86_64-linux-gnu-gcc -pthread -shared -Wl,-O1 -Wl,-Bsymbolic-functions -Wl,-z,relro -g -fwrapv -O2 -Wl,-z,relro -Wl,-z,now -g -O2 -fdebug-prefix-map=/<<PKGBUILDDIR>>=. -fstack-protector-strong -Wformat -Werror=format-security -Wdate-time -D_FORTIFY_SOURCE=2 build/temp.linux-amd64-3.8/pyregion/_compiler.o -o /<<PKGBUILDDIR>>/.pybuild/cpython3_3.8_pyregion/build/pyregion/compiler_version.cpython-38-x86_64-linux-gnu.so
building 'pyregion._region_filter' extension
x86_64-linux-gnu-gcc -pthread -Wno-unused-result -Wsign-compare -DNDEBUG -g -fwrapv -O2 -Wall -g -fstack-protector-strong -Wformat -Werror=format-security -g -fwrapv -O2 -g -O2 -fdebug-prefix-map=/<<PKGBUILDDIR>>=. -fstack-protector-strong -Wformat -Werror=format-security -Wdate-time -D_FORTIFY_SOURCE=2 -fPIC -I/usr/lib/python3/dist-packages/numpy/core/include -I/usr/include/python3.8 -c pyregion/_region_filter.c -o build/temp.linux-amd64-3.8/pyregion/_region_filter.o -Wp,-w -Wno-unused-function
x86_64-linux-gnu-gcc -pthread -shared -Wl,-O1 -Wl,-Bsymbolic-functions -Wl,-z,relro -g -fwrapv -O2 -Wl,-z,relro -Wl,-z,now -g -O2 -fdebug-prefix-map=/<<PKGBUILDDIR>>=. -fstack-protector-strong -Wformat -Werror=format-security -Wdate-time -D_FORTIFY_SOURCE=2 build/temp.linux-amd64-3.8/pyregion/_region_filter.o -o /<<PKGBUILDDIR>>/.pybuild/cpython3_3.8_pyregion/build/pyregion/_region_filter.cpython-38-x86_64-linux-gnu.so
/usr/lib/python3/dist-packages/astropy_helpers/setup_helpers.py:161: AstropyDeprecationWarning: The package argument to generate_version_py has been deprecated and will be removed in future. Specify the package name in setup.cfg instead
  warnings.warn('The package argument to generate_version_py has '
/usr/lib/python3/dist-packages/astropy_helpers/setup_helpers.py:166: AstropyDeprecationWarning: The version argument to generate_version_py has been deprecated and will be removed in future. Specify the version number in setup.cfg instead
  warnings.warn('The version argument to generate_version_py has '
/usr/lib/python3/dist-packages/astropy_helpers/setup_helpers.py:171: AstropyDeprecationWarning: The release argument to generate_version_py has been deprecated and will be removed in future. We now use the presence of the "dev" string in the version to determine whether this is a release
  warnings.warn('The release argument to generate_version_py has '
/usr/lib/python3/dist-packages/astropy_helpers/setup_helpers.py:186: AstropyDeprecationWarning: Specifying the package name using the "package_name" option in setup.cfg is deprecated - use the "name" option instead.
  warnings.warn('Specifying the package name using the "package_name" '
/usr/lib/python3/dist-packages/astropy_helpers/version_helpers.py:239: AstropyDeprecationWarning: The packagename argument to generate_version_py has been deprecated and will be removed in future. Specify the package name in setup.cfg instead
  warnings.warn('The packagename argument to generate_version_py has '
/usr/lib/python3/dist-packages/astropy_helpers/version_helpers.py:244: AstropyDeprecationWarning: The version argument to generate_version_py has been deprecated and will be removed in future. Specify the version number in setup.cfg instead
  warnings.warn('The version argument to generate_version_py has '
/usr/lib/python3/dist-packages/astropy_helpers/version_helpers.py:249: AstropyDeprecationWarning: The release argument to generate_version_py has been deprecated and will be removed in future. We now use the presence of the "dev" string in the version to determine whether this is a release
  warnings.warn('The release argument to generate_version_py has '
/usr/lib/python3/dist-packages/astropy_helpers/version_helpers.py:264: AstropyDeprecationWarning: Specifying the package name using the "package_name" option in setup.cfg is deprecated - use the "name" option instead.
  warnings.warn('Specifying the package name using the "package_name" '
I: pybuild base:217: /usr/bin/python3 setup.py build 
running build
running build_py
creating /<<PKGBUILDDIR>>/.pybuild/cpython3_3.7_pyregion/build/pyregion
copying pyregion/core.py -> /<<PKGBUILDDIR>>/.pybuild/cpython3_3.7_pyregion/build/pyregion
copying pyregion/__init__.py -> /<<PKGBUILDDIR>>/.pybuild/cpython3_3.7_pyregion/build/pyregion
copying pyregion/physical_coordinate.py -> /<<PKGBUILDDIR>>/.pybuild/cpython3_3.7_pyregion/build/pyregion
copying pyregion/mpl_helper.py -> /<<PKGBUILDDIR>>/.pybuild/cpython3_3.7_pyregion/build/pyregion
copying pyregion/ds9_region_parser.py -> /<<PKGBUILDDIR>>/.pybuild/cpython3_3.7_pyregion/build/pyregion
copying pyregion/_astropy_init.py -> /<<PKGBUILDDIR>>/.pybuild/cpython3_3.7_pyregion/build/pyregion
copying pyregion/wcs_helper.py -> /<<PKGBUILDDIR>>/.pybuild/cpython3_3.7_pyregion/build/pyregion
copying pyregion/wcs_converter.py -> /<<PKGBUILDDIR>>/.pybuild/cpython3_3.7_pyregion/build/pyregion
copying pyregion/cython_version.py -> /<<PKGBUILDDIR>>/.pybuild/cpython3_3.7_pyregion/build/pyregion
copying pyregion/parser_helper.py -> /<<PKGBUILDDIR>>/.pybuild/cpython3_3.7_pyregion/build/pyregion
copying pyregion/conftest.py -> /<<PKGBUILDDIR>>/.pybuild/cpython3_3.7_pyregion/build/pyregion
copying pyregion/version.py -> /<<PKGBUILDDIR>>/.pybuild/cpython3_3.7_pyregion/build/pyregion
copying pyregion/region_numbers.py -> /<<PKGBUILDDIR>>/.pybuild/cpython3_3.7_pyregion/build/pyregion
copying pyregion/ds9_attr_parser.py -> /<<PKGBUILDDIR>>/.pybuild/cpython3_3.7_pyregion/build/pyregion
copying pyregion/region_to_filter.py -> /<<PKGBUILDDIR>>/.pybuild/cpython3_3.7_pyregion/build/pyregion
creating /<<PKGBUILDDIR>>/.pybuild/cpython3_3.7_pyregion/build/pyregion/tests
copying pyregion/tests/test_ds9_attr_parser.py -> /<<PKGBUILDDIR>>/.pybuild/cpython3_3.7_pyregion/build/pyregion/tests
copying pyregion/tests/__init__.py -> /<<PKGBUILDDIR>>/.pybuild/cpython3_3.7_pyregion/build/pyregion/tests
copying pyregion/tests/test_region.py -> /<<PKGBUILDDIR>>/.pybuild/cpython3_3.7_pyregion/build/pyregion/tests
copying pyregion/tests/test_wcs.py -> /<<PKGBUILDDIR>>/.pybuild/cpython3_3.7_pyregion/build/pyregion/tests
copying pyregion/tests/test_cube.py -> /<<PKGBUILDDIR>>/.pybuild/cpython3_3.7_pyregion/build/pyregion/tests
copying pyregion/tests/test_ds9_region_parser.py -> /<<PKGBUILDDIR>>/.pybuild/cpython3_3.7_pyregion/build/pyregion/tests
copying pyregion/tests/test_parser_helper.py -> /<<PKGBUILDDIR>>/.pybuild/cpython3_3.7_pyregion/build/pyregion/tests
copying pyregion/tests/test_get_mask.py -> /<<PKGBUILDDIR>>/.pybuild/cpython3_3.7_pyregion/build/pyregion/tests
copying pyregion/tests/setup_package.py -> /<<PKGBUILDDIR>>/.pybuild/cpython3_3.7_pyregion/build/pyregion/tests
copying pyregion/tests/test_region_numbers.py -> /<<PKGBUILDDIR>>/.pybuild/cpython3_3.7_pyregion/build/pyregion/tests
copying pyregion/_region_filter.c -> /<<PKGBUILDDIR>>/.pybuild/cpython3_3.7_pyregion/build/pyregion
copying pyregion/_compiler.c -> /<<PKGBUILDDIR>>/.pybuild/cpython3_3.7_pyregion/build/pyregion
copying pyregion/tests/coveragerc -> /<<PKGBUILDDIR>>/.pybuild/cpython3_3.7_pyregion/build/pyregion/tests
creating /<<PKGBUILDDIR>>/.pybuild/cpython3_3.7_pyregion/build/pyregion/tests/data
copying pyregion/tests/data/test03_icrs.reg -> /<<PKGBUILDDIR>>/.pybuild/cpython3_3.7_pyregion/build/pyregion/tests/data
copying pyregion/tests/data/test02_1_img.reg -> /<<PKGBUILDDIR>>/.pybuild/cpython3_3.7_pyregion/build/pyregion/tests/data
copying pyregion/tests/data/test03_ciao_physical.reg -> /<<PKGBUILDDIR>>/.pybuild/cpython3_3.7_pyregion/build/pyregion/tests/data
copying pyregion/tests/data/test01_gal.reg -> /<<PKGBUILDDIR>>/.pybuild/cpython3_3.7_pyregion/build/pyregion/tests/data
copying pyregion/tests/data/test01_ds9_physical.reg -> /<<PKGBUILDDIR>>/.pybuild/cpython3_3.7_pyregion/build/pyregion/tests/data
copying pyregion/tests/data/test01_ciao_physical.reg -> /<<PKGBUILDDIR>>/.pybuild/cpython3_3.7_pyregion/build/pyregion/tests/data
copying pyregion/tests/data/test01_icrs.reg -> /<<PKGBUILDDIR>>/.pybuild/cpython3_3.7_pyregion/build/pyregion/tests/data
copying pyregion/tests/data/test03_gal.reg -> /<<PKGBUILDDIR>>/.pybuild/cpython3_3.7_pyregion/build/pyregion/tests/data
copying pyregion/tests/data/test_annuli_wcs.reg -> /<<PKGBUILDDIR>>/.pybuild/cpython3_3.7_pyregion/build/pyregion/tests/data
copying pyregion/tests/data/test_context.reg -> /<<PKGBUILDDIR>>/.pybuild/cpython3_3.7_pyregion/build/pyregion/tests/data
copying pyregion/tests/data/test01.reg -> /<<PKGBUILDDIR>>/.pybuild/cpython3_3.7_pyregion/build/pyregion/tests/data
copying pyregion/tests/data/test01_img.reg -> /<<PKGBUILDDIR>>/.pybuild/cpython3_3.7_pyregion/build/pyregion/tests/data
copying pyregion/tests/data/test02.reg -> /<<PKGBUILDDIR>>/.pybuild/cpython3_3.7_pyregion/build/pyregion/tests/data
copying pyregion/tests/data/test01_mixed.reg -> /<<PKGBUILDDIR>>/.pybuild/cpython3_3.7_pyregion/build/pyregion/tests/data
copying pyregion/tests/data/test03_fk5.reg -> /<<PKGBUILDDIR>>/.pybuild/cpython3_3.7_pyregion/build/pyregion/tests/data
copying pyregion/tests/data/test02_1_fk5.reg -> /<<PKGBUILDDIR>>/.pybuild/cpython3_3.7_pyregion/build/pyregion/tests/data
copying pyregion/tests/data/test_annuli_ciao.reg -> /<<PKGBUILDDIR>>/.pybuild/cpython3_3.7_pyregion/build/pyregion/tests/data
copying pyregion/tests/data/test01_print.reg -> /<<PKGBUILDDIR>>/.pybuild/cpython3_3.7_pyregion/build/pyregion/tests/data
copying pyregion/tests/data/test_annuli.reg -> /<<PKGBUILDDIR>>/.pybuild/cpython3_3.7_pyregion/build/pyregion/tests/data
copying pyregion/tests/data/test_text.reg -> /<<PKGBUILDDIR>>/.pybuild/cpython3_3.7_pyregion/build/pyregion/tests/data
copying pyregion/tests/data/test01_fk5_sexagecimal.reg -> /<<PKGBUILDDIR>>/.pybuild/cpython3_3.7_pyregion/build/pyregion/tests/data
copying pyregion/tests/data/test01_ciao.reg -> /<<PKGBUILDDIR>>/.pybuild/cpython3_3.7_pyregion/build/pyregion/tests/data
copying pyregion/tests/data/test01_fk4.reg -> /<<PKGBUILDDIR>>/.pybuild/cpython3_3.7_pyregion/build/pyregion/tests/data
copying pyregion/tests/data/test04_img.reg -> /<<PKGBUILDDIR>>/.pybuild/cpython3_3.7_pyregion/build/pyregion/tests/data
copying pyregion/tests/data/test03_img.reg -> /<<PKGBUILDDIR>>/.pybuild/cpython3_3.7_pyregion/build/pyregion/tests/data
copying pyregion/tests/data/test01_fk5_degree.reg -> /<<PKGBUILDDIR>>/.pybuild/cpython3_3.7_pyregion/build/pyregion/tests/data
copying pyregion/tests/data/test01_fk5.reg -> /<<PKGBUILDDIR>>/.pybuild/cpython3_3.7_pyregion/build/pyregion/tests/data
copying pyregion/tests/data/sample_fits04.header -> /<<PKGBUILDDIR>>/.pybuild/cpython3_3.7_pyregion/build/pyregion/tests/data
copying pyregion/tests/data/test.header -> /<<PKGBUILDDIR>>/.pybuild/cpython3_3.7_pyregion/build/pyregion/tests/data
copying pyregion/tests/data/sample_fits02.header -> /<<PKGBUILDDIR>>/.pybuild/cpython3_3.7_pyregion/build/pyregion/tests/data
copying pyregion/tests/data/sample_fits03.header -> /<<PKGBUILDDIR>>/.pybuild/cpython3_3.7_pyregion/build/pyregion/tests/data
copying pyregion/tests/data/sample_fits01.header -> /<<PKGBUILDDIR>>/.pybuild/cpython3_3.7_pyregion/build/pyregion/tests/data
running build_ext
building 'pyregion.compiler_version' extension
creating build/temp.linux-amd64-3.7
creating build/temp.linux-amd64-3.7/pyregion
x86_64-linux-gnu-gcc -pthread -Wno-unused-result -Wsign-compare -DNDEBUG -g -fwrapv -O2 -Wall -g -fstack-protector-strong -Wformat -Werror=format-security -g -fwrapv -O2 -g -O2 -fdebug-prefix-map=/<<PKGBUILDDIR>>=. -fstack-protector-strong -Wformat -Werror=format-security -Wdate-time -D_FORTIFY_SOURCE=2 -fPIC -I/usr/include/python3.7m -c pyregion/_compiler.c -o build/temp.linux-amd64-3.7/pyregion/_compiler.o
x86_64-linux-gnu-gcc -pthread -shared -Wl,-O1 -Wl,-Bsymbolic-functions -Wl,-z,relro -Wl,-z,relro -Wl,-z,now -g -O2 -fdebug-prefix-map=/<<PKGBUILDDIR>>=. -fstack-protector-strong -Wformat -Werror=format-security -Wdate-time -D_FORTIFY_SOURCE=2 build/temp.linux-amd64-3.7/pyregion/_compiler.o -o /<<PKGBUILDDIR>>/.pybuild/cpython3_3.7_pyregion/build/pyregion/compiler_version.cpython-37m-x86_64-linux-gnu.so
building 'pyregion._region_filter' extension
x86_64-linux-gnu-gcc -pthread -Wno-unused-result -Wsign-compare -DNDEBUG -g -fwrapv -O2 -Wall -g -fstack-protector-strong -Wformat -Werror=format-security -g -fwrapv -O2 -g -O2 -fdebug-prefix-map=/<<PKGBUILDDIR>>=. -fstack-protector-strong -Wformat -Werror=format-security -Wdate-time -D_FORTIFY_SOURCE=2 -fPIC -I/usr/lib/python3/dist-packages/numpy/core/include -I/usr/include/python3.7m -c pyregion/_region_filter.c -o build/temp.linux-amd64-3.7/pyregion/_region_filter.o -Wp,-w -Wno-unused-function
x86_64-linux-gnu-gcc -pthread -shared -Wl,-O1 -Wl,-Bsymbolic-functions -Wl,-z,relro -Wl,-z,relro -Wl,-z,now -g -O2 -fdebug-prefix-map=/<<PKGBUILDDIR>>=. -fstack-protector-strong -Wformat -Werror=format-security -Wdate-time -D_FORTIFY_SOURCE=2 build/temp.linux-amd64-3.7/pyregion/_region_filter.o -o /<<PKGBUILDDIR>>/.pybuild/cpython3_3.7_pyregion/build/pyregion/_region_filter.cpython-37m-x86_64-linux-gnu.so
/usr/lib/python3/dist-packages/astropy_helpers/setup_helpers.py:163: AstropyDeprecationWarning: The package argument to generate_version_py has been deprecated and will be removed in future. Specify the package name in setup.cfg instead
  'the package name in setup.cfg instead', AstropyDeprecationWarning)
/usr/lib/python3/dist-packages/astropy_helpers/setup_helpers.py:168: AstropyDeprecationWarning: The version argument to generate_version_py has been deprecated and will be removed in future. Specify the version number in setup.cfg instead
  'the version number in setup.cfg instead', AstropyDeprecationWarning)
/usr/lib/python3/dist-packages/astropy_helpers/setup_helpers.py:174: AstropyDeprecationWarning: The release argument to generate_version_py has been deprecated and will be removed in future. We now use the presence of the "dev" string in the version to determine whether this is a release
  'determine whether this is a release', AstropyDeprecationWarning)
/usr/lib/python3/dist-packages/astropy_helpers/setup_helpers.py:188: AstropyDeprecationWarning: Specifying the package name using the "package_name" option in setup.cfg is deprecated - use the "name" option instead.
  'option instead.', AstropyDeprecationWarning)
/usr/lib/python3/dist-packages/astropy_helpers/version_helpers.py:241: AstropyDeprecationWarning: The packagename argument to generate_version_py has been deprecated and will be removed in future. Specify the package name in setup.cfg instead
  'the package name in setup.cfg instead', AstropyDeprecationWarning)
/usr/lib/python3/dist-packages/astropy_helpers/version_helpers.py:246: AstropyDeprecationWarning: The version argument to generate_version_py has been deprecated and will be removed in future. Specify the version number in setup.cfg instead
  'the version number in setup.cfg instead', AstropyDeprecationWarning)
/usr/lib/python3/dist-packages/astropy_helpers/version_helpers.py:252: AstropyDeprecationWarning: The release argument to generate_version_py has been deprecated and will be removed in future. We now use the presence of the "dev" string in the version to determine whether this is a release
  'determine whether this is a release', AstropyDeprecationWarning)
/usr/lib/python3/dist-packages/astropy_helpers/version_helpers.py:266: AstropyDeprecationWarning: Specifying the package name using the "package_name" option in setup.cfg is deprecated - use the "name" option instead.
  'option instead.', AstropyDeprecationWarning)
PYTHONPATH=. sphinx-build -D today="August 06, 2019" -D html_last_updated_fmt="August 06, 2019" -D html_show_copyright=0 -N -bhtml docs/ -d debian/doctrees build/html
Running Sphinx v1.8.5
/usr/lib/python3/dist-packages/astropy_helpers/sphinx/conf.py:5: UserWarning: Note that astropy_helpers.sphinx.conf is deprecated - use sphinx_astropy.conf instead
  warnings.warn("Note that astropy_helpers.sphinx.conf is deprecated - use sphinx_astropy.conf instead")

Configuration error:
There is a programmable error in your configuration file:

Traceback (most recent call last):
  File "/usr/lib/python3/dist-packages/sphinx/config.py", line 368, in eval_config_file
    execfile_(filename, namespace)
  File "/usr/lib/python3/dist-packages/sphinx/util/pycompat.py", line 150, in execfile_
    exec_(code, _globals)
  File "/<<PKGBUILDDIR>>/docs/conf.py", line 57, in <module>
    del intersphinx_mapping['h5py']
KeyError: 'h5py'

make[1]: *** [debian/rules:45: override_dh_auto_build] Error 2
make[1]: Leaving directory '/<<PKGBUILDDIR>>'
make: *** [debian/rules:13: build] Error 2
dpkg-buildpackage: error: debian/rules build subprocess returned exit status 2
--------------------------------------------------------------------------------
Build finished at 2020-02-25T17:40:47Z

Finished
--------


+------------------------------------------------------------------------------+
| Cleanup                                                                      |
+------------------------------------------------------------------------------+

Purging /<<BUILDDIR>>
Not cleaning session: cloned chroot in use
E: Build failure (dpkg-buildpackage died)

+------------------------------------------------------------------------------+
| Summary                                                                      |
+------------------------------------------------------------------------------+

Build Architecture: amd64
Build Type: binary
Build-Space: 7664
Build-Time: 11
Distribution: unstable
Fail-Stage: build
Host Architecture: amd64
Install-Time: 36
Job: pyregion_2.0-9
Machine Architecture: amd64
Package: pyregion
Package-Time: 65
Source-Version: 2.0-9
Space: 7664
Status: attempted
Version: 2.0-9
--------------------------------------------------------------------------------
Finished at 2020-02-25T17:40:47Z
Build needed 00:01:05, 7664k disk space
E: Build failure (dpkg-buildpackage died)
DC-Status: Failed 65.621856872s
DC-Time-Estimation: 65.621856872 versus expected 117 (r/m: 0.7829425373959876 ; m: 65.621856872)
