DC-Build-Header: acpid 1:2.0.17-2 / Mon Jan 28 05:01:21 +0000 2013
DC-Task: logfile:/tmp/acpid_2.0.17-2_unstable_clang.log version:1:2.0.17-2 chroot:unstable modes:binary-only:clang source:acpid architecture:any esttime:131
DC-Sbuild-call: su user -c 'sbuild -n --apt-update -d unstable -v  --chroot-setup-commands=/tmp/switch-to-clang acpid_1:2.0.17-2'
Could not create '/sbuild-nonexistent/logs': No such file or directory
Could not create '/sbuild-nonexistent/logs': No such file or directory
sbuild (Debian sbuild) 0.62.5 (13 Jul 2011) on ip-10-28-88-254.ec2.internal

╔══════════════════════════════════════════════════════════════════════════════╗
║ acpid 1:2.0.17-2 (amd64)                                   28 Jan 2013 05:01 ║
╚══════════════════════════════════════════════════════════════════════════════╝

Package: acpid
Version: 1:2.0.17-2
Source Version: 1:2.0.17-2
Distribution: unstable
Architecture: amd64

I: NOTICE: Log filtering will replace 'build/acpid-0Z1GuJ/acpid-2.0.17' with '«PKGBUILDDIR»'
I: NOTICE: Log filtering will replace 'build/acpid-0Z1GuJ' with '«BUILDDIR»'
I: NOTICE: Log filtering will replace 'var/lib/schroot/mount/unstable-amd64-sbuild-dc323820-2cfd-4072-96dd-81caaf0db4c9' with '«CHROOT»'

┌──────────────────────────────────────────────────────────────────────────────┐
│ Update chroot                                                                │
└──────────────────────────────────────────────────────────────────────────────┘

Ign http://localhost unstable InRelease
Get:1 http://localhost unstable Release.gpg [836 B]
Get:2 http://localhost unstable Release [227 kB]
Ign http://localhost unstable/main Sources/DiffIndex
Ign http://localhost unstable/main amd64 Packages/DiffIndex
Get:3 http://localhost unstable/main Translation-en/DiffIndex [7876 B]
Get:4 http://localhost unstable/main 2013-01-27-2011.16.pdiff [737 B]
Get:5 http://localhost unstable/main 2013-01-27-2011.16.pdiff [737 B]
Get:6 http://localhost unstable/main Sources [8236 kB]
Get:7 http://localhost unstable/main amd64 Packages [8284 kB]
Get:8 http://localhost unstable/main 2013-01-28-0212.01.pdiff [43 B]
Get:9 http://localhost unstable/main 2013-01-28-0212.01.pdiff [43 B]
Fetched 16.8 MB in 3s (4834 kB/s)
Reading package lists...
Reading package lists...
Building dependency tree...
Reading state information...
0 upgraded, 0 newly installed, 0 to remove and 0 not upgraded.

┌──────────────────────────────────────────────────────────────────────────────┐
│ Fetch source files                                                           │
└──────────────────────────────────────────────────────────────────────────────┘


Check APT
─────────

Checking available source versions...

Download source files with APT
──────────────────────────────

Reading package lists...
Building dependency tree...
Reading state information...
NOTICE: 'acpid' packaging is maintained in the 'Git' version control system at:
git://git.debian.org/git/pkg-acpi/acpid.git
Need to get 222 kB of source archives.
Get:1 http://localhost/debian/ unstable/main acpid 1:2.0.17-2 (dsc) [1303 B]
Get:2 http://localhost/debian/ unstable/main acpid 1:2.0.17-2 (tar) [202 kB]
Get:3 http://localhost/debian/ unstable/main acpid 1:2.0.17-2 (diff) [19.0 kB]
Fetched 222 kB in 0s (789 kB/s)
Download complete and in download only mode

Check arch
──────────


┌──────────────────────────────────────────────────────────────────────────────┐
│ Chroot Setup Commands                                                        │
└──────────────────────────────────────────────────────────────────────────────┘


/tmp/switch-to-clang
────────────────────

+ echo 'Entering customization script...'
Entering customization script...
+ echo 'Add experimental as repository'
Add experimental as repository
+ echo deb http://localhost:9999/debian experimental main
+ apt-get update
Ign http://localhost unstable InRelease
Ign http://localhost experimental InRelease
Hit http://localhost unstable Release.gpg
Get:1 http://localhost experimental Release.gpg [836 B]
Hit http://localhost unstable Release
Get:2 http://localhost experimental Release [161 kB]
Ign http://localhost unstable/main Sources/DiffIndex
Ign http://localhost unstable/main amd64 Packages/DiffIndex
Hit http://localhost unstable/main Translation-en/DiffIndex
Get:3 http://localhost experimental/main Translation-en [704 kB]
Get:4 http://localhost experimental/main amd64 Packages [1605 kB]
Hit http://localhost unstable/main Sources
Hit http://localhost unstable/main amd64 Packages
Fetched 2471 kB in 1s (1236 kB/s)
Reading package lists...
+ echo 'Install of clang'
Install of clang
+ apt-get update
Ign http://localhost unstable InRelease
Ign http://localhost experimental InRelease
Hit http://localhost unstable Release.gpg
Hit http://localhost experimental Release.gpg
Hit http://localhost unstable Release
Hit http://localhost experimental Release
Ign http://localhost unstable/main Sources/DiffIndex
Ign http://localhost unstable/main amd64 Packages/DiffIndex
Hit http://localhost unstable/main Translation-en/DiffIndex
Ign http://localhost experimental/main amd64 Packages/DiffIndex
Get:1 http://localhost experimental/main Translation-en/DiffIndex [7819 B]
Hit http://localhost unstable/main Sources
Hit http://localhost unstable/main amd64 Packages
Hit http://localhost experimental/main amd64 Packages
Fetched 7819 B in 2s (3886 B/s)
Reading package lists...
+ apt-get install --yes --no-install-recommends clang -t experimental
Reading package lists...
Building dependency tree...
Reading state information...
The following extra packages will be installed:
  clang-3.2 compiler-rt cpp-4.7 g++-4.7 gcc-4.7 gcc-4.7-base gcc-4.8-base
  libc-dev-bin libc6 libc6-dev libclang-common-dev libexpat1 libffi5
  libgcc-4.7-dev libgcc1 libgomp1 libitm1 libllvm3.2 libncurses5 libncursesw5
  libobjc-4.7-dev libobjc4 libpython2.7-minimal libpython2.7-stdlib
  libquadmath0 libsqlite3-0 libssl1.0.0 libstdc++6 libstdc++6-4.7-dev
  libtinfo5 mime-support python python-minimal python2.7 python2.7-minimal
Suggested packages:
  gcc-4.7-locales g++-4.7-multilib gcc-4.7-doc libstdc++6-4.7-dbg
  gcc-4.7-multilib libmudflap0-4.7-dev libgcc1-dbg libgomp1-dbg libitm1-dbg
  libquadmath0-dbg libmudflap0-dbg libcloog-ppl0 libppl-c2 libppl7
  binutils-gold glibc-doc libstdc++6-4.7-doc python-doc python-tk
  python2.7-doc binfmt-support
Recommended packages:
  llvm-3.2-dev manpages-dev file
The following NEW packages will be installed:
  clang clang-3.2 compiler-rt gcc-4.8-base libclang-common-dev libexpat1
  libffi5 libgcc-4.7-dev libllvm3.2 libncursesw5 libobjc-4.7-dev libobjc4
  libpython2.7-minimal libpython2.7-stdlib libsqlite3-0 libssl1.0.0
  mime-support python python-minimal python2.7 python2.7-minimal
The following packages will be upgraded:
  cpp-4.7 g++-4.7 gcc-4.7 gcc-4.7-base libc-dev-bin libc6 libc6-dev libgcc1
  libgomp1 libitm1 libncurses5 libquadmath0 libstdc++6 libstdc++6-4.7-dev
  libtinfo5
15 upgraded, 21 newly installed, 0 to remove and 24 not upgraded.
Need to get 56.7 MB of archives.
After this operation, 72.6 MB of additional disk space will be used.
Get:1 http://localhost/debian/ experimental/main gcc-4.8-base amd64 4.8-20130127-1 [147 kB]
Get:2 http://localhost/debian/ experimental/main libc6-dev amd64 2.16-0experimental1 [3086 kB]
Get:3 http://localhost/debian/ experimental/main libc-dev-bin amd64 2.16-0experimental1 [226 kB]
Get:4 http://localhost/debian/ experimental/main libc6 amd64 2.16-0experimental1 [4729 kB]
Get:5 http://localhost/debian/ experimental/main libgcc1 amd64 1:4.8-20130127-1 [43.7 kB]
Get:6 http://localhost/debian/ experimental/main libstdc++6 amd64 4.8-20130127-1 [335 kB]
Get:7 http://localhost/debian/ experimental/main libtinfo5 amd64 5.9+20130119-1 [294 kB]
Get:8 http://localhost/debian/ experimental/main libncurses5 amd64 5.9+20130119-1 [115 kB]
Get:9 http://localhost/debian/ experimental/main libncursesw5 amd64 5.9+20130119-1 [142 kB]
Get:10 http://localhost/debian/ unstable/main libssl1.0.0 amd64 1.0.1c-4 [1213 kB]
Get:11 http://localhost/debian/ unstable/main libsqlite3-0 amd64 3.7.15.2-1 [463 kB]
Get:12 http://localhost/debian/ experimental/main libexpat1 amd64 2.1.0-2 [138 kB]
Get:13 http://localhost/debian/ unstable/main libffi5 amd64 3.0.10-3 [24.8 kB]
Get:14 http://localhost/debian/ experimental/main libgomp1 amd64 4.8-20130127-1 [27.4 kB]
Get:15 http://localhost/debian/ experimental/main libitm1 amd64 4.8-20130127-1 [37.7 kB]
Get:16 http://localhost/debian/ unstable/main libllvm3.2 amd64 3.2-2 [7865 kB]
Get:17 http://localhost/debian/ experimental/main libobjc4 amd64 4.8-20130127-1 [163 kB]
Get:18 http://localhost/debian/ experimental/main libquadmath0 amd64 4.8-20130127-1 [139 kB]
Get:19 http://localhost/debian/ experimental/main libstdc++6-4.7-dev amd64 4.7.2-19 [1678 kB]
Get:20 http://localhost/debian/ experimental/main g++-4.7 amd64 4.7.2-19 [5877 kB]
Get:21 http://localhost/debian/ experimental/main gcc-4.7 amd64 4.7.2-19 [5831 kB]
Get:22 http://localhost/debian/ experimental/main cpp-4.7 amd64 4.7.2-19 [5416 kB]
Get:23 http://localhost/debian/ experimental/main libgcc-4.7-dev amd64 4.7.2-19 [2465 kB]
Get:24 http://localhost/debian/ experimental/main gcc-4.7-base amd64 4.7.2-19 [148 kB]
Get:25 http://localhost/debian/ experimental/main mime-support all 3.53~experimental2 [36.5 kB]
Get:26 http://localhost/debian/ experimental/main libpython2.7-minimal amd64 2.7.3-15 [531 kB]
Get:27 http://localhost/debian/ experimental/main python2.7-minimal amd64 2.7.3-15 [1220 kB]
Get:28 http://localhost/debian/ experimental/main libpython2.7-stdlib amd64 2.7.3-15 [2367 kB]
Get:29 http://localhost/debian/ experimental/main python2.7 amd64 2.7.3-15 [326 kB]
Get:30 http://localhost/debian/ experimental/main python-minimal amd64 2.7.3-10 [41.8 kB]
Get:31 http://localhost/debian/ experimental/main python amd64 2.7.3-10 [184 kB]
Get:32 http://localhost/debian/ experimental/main libobjc-4.7-dev amd64 4.7.2-19 [717 kB]
Get:33 http://localhost/debian/ experimental/main libclang-common-dev amd64 3.2-1~exp5 [303 kB]
Get:34 http://localhost/debian/ experimental/main compiler-rt amd64 3.2-1~exp5 [315 kB]
Get:35 http://localhost/debian/ experimental/main clang-3.2 amd64 3.2-1~exp5 [10.1 MB]
Get:36 http://localhost/debian/ experimental/main clang all 3.2-1~exp5 [9506 B]
debconf: delaying package configuration, since apt-utils is not installed
Fetched 56.7 MB in 1s (30.1 MB/s)
Selecting previously unselected package gcc-4.8-base:amd64.
(Reading database ... 13484 files and directories currently installed.)
Unpacking gcc-4.8-base:amd64 (from .../gcc-4.8-base_4.8-20130127-1_amd64.deb) ...
Setting up gcc-4.8-base:amd64 (4.8-20130127-1) ...
(Reading database ... 13491 files and directories currently installed.)
Preparing to replace libc6-dev:amd64 2.13-38 (using .../libc6-dev_2.16-0experimental1_amd64.deb) ...
Unpacking replacement libc6-dev:amd64 ...
Preparing to replace libc-dev-bin 2.13-38 (using .../libc-dev-bin_2.16-0experimental1_amd64.deb) ...
Unpacking replacement libc-dev-bin ...
Preparing to replace libc6:amd64 2.13-38 (using .../libc6_2.16-0experimental1_amd64.deb) ...
debconf: unable to initialize frontend: Dialog
debconf: (Dialog frontend will not work on a dumb terminal, an emacs shell buffer, or without a controlling terminal.)
debconf: falling back to frontend: Readline
debconf: unable to initialize frontend: Readline
debconf: (This frontend requires a controlling tty.)
debconf: falling back to frontend: Teletype
Checking for services that may need to be restarted...
Checking init scripts...
Unpacking replacement libc6:amd64 ...
Setting up libc6:amd64 (2.16-0experimental1) ...
debconf: unable to initialize frontend: Dialog
debconf: (Dialog frontend will not work on a dumb terminal, an emacs shell buffer, or without a controlling terminal.)
debconf: falling back to frontend: Readline
debconf: unable to initialize frontend: Readline
debconf: (This frontend requires a controlling tty.)
debconf: falling back to frontend: Teletype
Checking for services that may need to be restarted...
Checking init scripts...
Nothing to restart.
(Reading database ... 13509 files and directories currently installed.)
Preparing to replace libgcc1:amd64 1:4.7.2-5 (using .../libgcc1_1%3a4.8-20130127-1_amd64.deb) ...
Unpacking replacement libgcc1:amd64 ...
Setting up libgcc1:amd64 (1:4.8-20130127-1) ...
(Reading database ... 13509 files and directories currently installed.)
Preparing to replace libstdc++6:amd64 4.7.2-5 (using .../libstdc++6_4.8-20130127-1_amd64.deb) ...
Unpacking replacement libstdc++6:amd64 ...
Setting up libstdc++6:amd64 (4.8-20130127-1) ...
(Reading database ... 13509 files and directories currently installed.)
Preparing to replace libtinfo5:amd64 5.9-10 (using .../libtinfo5_5.9+20130119-1_amd64.deb) ...
Unpacking replacement libtinfo5:amd64 ...
Setting up libtinfo5:amd64 (5.9+20130119-1) ...
(Reading database ... 13509 files and directories currently installed.)
Preparing to replace libncurses5:amd64 5.9-10 (using .../libncurses5_5.9+20130119-1_amd64.deb) ...
Unpacking replacement libncurses5:amd64 ...
Setting up libncurses5:amd64 (5.9+20130119-1) ...
Selecting previously unselected package libncursesw5:amd64.
(Reading database ... 13509 files and directories currently installed.)
Unpacking libncursesw5:amd64 (from .../libncursesw5_5.9+20130119-1_amd64.deb) ...
Selecting previously unselected package libssl1.0.0:amd64.
Unpacking libssl1.0.0:amd64 (from .../libssl1.0.0_1.0.1c-4_amd64.deb) ...
Selecting previously unselected package libsqlite3-0:amd64.
Unpacking libsqlite3-0:amd64 (from .../libsqlite3-0_3.7.15.2-1_amd64.deb) ...
Selecting previously unselected package libexpat1:amd64.
Unpacking libexpat1:amd64 (from .../libexpat1_2.1.0-2_amd64.deb) ...
Selecting previously unselected package libffi5:amd64.
Unpacking libffi5:amd64 (from .../libffi5_3.0.10-3_amd64.deb) ...
Preparing to replace libgomp1:amd64 4.7.2-5 (using .../libgomp1_4.8-20130127-1_amd64.deb) ...
Unpacking replacement libgomp1:amd64 ...
Preparing to replace libitm1:amd64 4.7.2-5 (using .../libitm1_4.8-20130127-1_amd64.deb) ...
Unpacking replacement libitm1:amd64 ...
Selecting previously unselected package libllvm3.2:amd64.
Unpacking libllvm3.2:amd64 (from .../libllvm3.2_3.2-2_amd64.deb) ...
Selecting previously unselected package libobjc4:amd64.
Unpacking libobjc4:amd64 (from .../libobjc4_4.8-20130127-1_amd64.deb) ...
Preparing to replace libquadmath0:amd64 4.7.2-5 (using .../libquadmath0_4.8-20130127-1_amd64.deb) ...
Unpacking replacement libquadmath0:amd64 ...
Preparing to replace libstdc++6-4.7-dev 4.7.2-5 (using .../libstdc++6-4.7-dev_4.7.2-19_amd64.deb) ...
Unpacking replacement libstdc++6-4.7-dev:amd64 ...
Preparing to replace g++-4.7 4.7.2-5 (using .../g++-4.7_4.7.2-19_amd64.deb) ...
Unpacking replacement g++-4.7 ...
Preparing to replace gcc-4.7 4.7.2-5 (using .../gcc-4.7_4.7.2-19_amd64.deb) ...
Unpacking replacement gcc-4.7 ...
Preparing to replace cpp-4.7 4.7.2-5 (using .../cpp-4.7_4.7.2-19_amd64.deb) ...
Unpacking replacement cpp-4.7 ...
Selecting previously unselected package libgcc-4.7-dev:amd64.
Unpacking libgcc-4.7-dev:amd64 (from .../libgcc-4.7-dev_4.7.2-19_amd64.deb) ...
Preparing to replace gcc-4.7-base:amd64 4.7.2-5 (using .../gcc-4.7-base_4.7.2-19_amd64.deb) ...
Unpacking replacement gcc-4.7-base:amd64 ...
Selecting previously unselected package mime-support.
Unpacking mime-support (from .../mime-support_3.53~experimental2_all.deb) ...
Selecting previously unselected package libpython2.7-minimal:amd64.
Unpacking libpython2.7-minimal:amd64 (from .../libpython2.7-minimal_2.7.3-15_amd64.deb) ...
Selecting previously unselected package python2.7-minimal.
Unpacking python2.7-minimal (from .../python2.7-minimal_2.7.3-15_amd64.deb) ...
Selecting previously unselected package libpython2.7-stdlib:amd64.
Unpacking libpython2.7-stdlib:amd64 (from .../libpython2.7-stdlib_2.7.3-15_amd64.deb) ...
Selecting previously unselected package python2.7.
Unpacking python2.7 (from .../python2.7_2.7.3-15_amd64.deb) ...
Selecting previously unselected package python-minimal.
Unpacking python-minimal (from .../python-minimal_2.7.3-10_amd64.deb) ...
Selecting previously unselected package python.
Unpacking python (from .../python_2.7.3-10_amd64.deb) ...
Selecting previously unselected package libobjc-4.7-dev:amd64.
Unpacking libobjc-4.7-dev:amd64 (from .../libobjc-4.7-dev_4.7.2-19_amd64.deb) ...
Selecting previously unselected package libclang-common-dev.
Unpacking libclang-common-dev (from .../libclang-common-dev_3.2-1~exp5_amd64.deb) ...
Selecting previously unselected package compiler-rt.
Unpacking compiler-rt (from .../compiler-rt_3.2-1~exp5_amd64.deb) ...
Selecting previously unselected package clang-3.2.
Unpacking clang-3.2 (from .../clang-3.2_3.2-1~exp5_amd64.deb) ...
Selecting previously unselected package clang.
Unpacking clang (from .../clang_3.2-1~exp5_all.deb) ...
Setting up libc-dev-bin (2.16-0experimental1) ...
Setting up libc6-dev:amd64 (2.16-0experimental1) ...
Setting up libncursesw5:amd64 (5.9+20130119-1) ...
Setting up libssl1.0.0:amd64 (1.0.1c-4) ...
debconf: unable to initialize frontend: Dialog
debconf: (Dialog frontend will not work on a dumb terminal, an emacs shell buffer, or without a controlling terminal.)
debconf: falling back to frontend: Readline
debconf: unable to initialize frontend: Readline
debconf: (This frontend requires a controlling tty.)
debconf: falling back to frontend: Teletype
Setting up libsqlite3-0:amd64 (3.7.15.2-1) ...
Setting up libexpat1:amd64 (2.1.0-2) ...
Setting up libffi5:amd64 (3.0.10-3) ...
Setting up libgomp1:amd64 (4.8-20130127-1) ...
Setting up libitm1:amd64 (4.8-20130127-1) ...
Setting up libllvm3.2:amd64 (3.2-2) ...
Setting up libobjc4:amd64 (4.8-20130127-1) ...
Setting up libquadmath0:amd64 (4.8-20130127-1) ...
Setting up gcc-4.7-base:amd64 (4.7.2-19) ...
Setting up libgcc-4.7-dev:amd64 (4.7.2-19) ...
Setting up libstdc++6-4.7-dev:amd64 (4.7.2-19) ...
Setting up cpp-4.7 (4.7.2-19) ...
Setting up gcc-4.7 (4.7.2-19) ...
Setting up g++-4.7 (4.7.2-19) ...
Setting up mime-support (3.53~experimental2) ...
Setting up libpython2.7-minimal:amd64 (2.7.3-15) ...
Setting up python2.7-minimal (2.7.3-15) ...
Linking and byte-compiling packages for runtime python2.7...
Setting up libpython2.7-stdlib:amd64 (2.7.3-15) ...
Setting up python2.7 (2.7.3-15) ...
Setting up python-minimal (2.7.3-10) ...
Setting up python (2.7.3-10) ...
Setting up libobjc-4.7-dev:amd64 (4.7.2-19) ...
Setting up libclang-common-dev (3.2-1~exp5) ...
Setting up compiler-rt (3.2-1~exp5) ...
Setting up clang-3.2 (3.2-1~exp5) ...
Setting up clang (3.2-1~exp5) ...
+ echo 'Replace gcc, g++ & cpp by clang'
Replace gcc, g++ & cpp by clang
+ VERSIONS='4.6 4.7'
+ cd /usr/bin
+ for VERSION in '$VERSIONS'
+ rm g++-4.6 gcc-4.6 cpp-4.6
+ ln -s clang++ g++-4.6
+ ln -s clang gcc-4.6
+ ln -s clang cpp-4.6
+ for VERSION in '$VERSIONS'
+ rm g++-4.7 gcc-4.7 cpp-4.7
+ ln -s clang++ g++-4.7
+ ln -s clang gcc-4.7
+ ln -s clang cpp-4.7
+ cd -
/«BUILDDIR»
+ echo 'Block the installation of new gcc version'
Block the installation of new gcc version
+ echo 'gcc-4.6 hold'
+ dpkg --set-selections
+ dpkg --set-selections
+ echo 'cpp-4.6 hold'
+ echo 'g++-4.6 hold'
+ dpkg --set-selections
+ echo 'gcc-4.7 hold'
+ dpkg --set-selections
+ echo 'cpp-4.7 hold'
+ dpkg --set-selections
+ echo 'g++-4.7 hold'
+ dpkg --set-selections
+ echo 'Check if gcc, g++ & cpp are actually clang'
Check if gcc, g++ & cpp are actually clang
+ gcc --version
+ grep clang
+ grep clang
+ cpp --version
+ grep clang
+ g++ --version

I: Finished running '/tmp/switch-to-clang'.

Finished processing commands.
────────────────────────────────────────────────────────────────────────────────
Merged Build-Depends: build-essential, fakeroot
Filtered Build-Depends: build-essential, fakeroot
dpkg-deb: building package `sbuild-build-depends-core-dummy' in `/«BUILDDIR»/resolver-FzMGXK/apt_archive/sbuild-build-depends-core-dummy.deb'.
OK
Reading package lists...

┌──────────────────────────────────────────────────────────────────────────────┐
│ Install core build dependencies (apt-based resolver)                         │
└──────────────────────────────────────────────────────────────────────────────┘

Installing build dependencies
Reading package lists...
Building dependency tree...
Reading state information...
The following NEW packages will be installed:
  sbuild-build-depends-core-dummy
debconf: delaying package configuration, since apt-utils is not installed
0 upgraded, 1 newly installed, 0 to remove and 0 not upgraded.
Need to get 0 B/710 B of archives.
After this operation, 0 B of additional disk space will be used.
Selecting previously unselected package sbuild-build-depends-core-dummy.
(Reading database ... 14674 files and directories currently installed.)
Unpacking sbuild-build-depends-core-dummy (from .../sbuild-build-depends-core-dummy.deb) ...
Setting up sbuild-build-depends-core-dummy (0.invalid.0) ...
Merged Build-Depends: base-files, base-passwd, bash, bsdutils, coreutils, dash, debianutils, diffutils, dpkg, e2fsprogs, findutils, grep, gzip, hostname, libc-bin, login, mount, ncurses-base, ncurses-bin, perl-base, sed, sysvinit, sysvinit-utils, tar, util-linux, libc6-dev | libc-dev, gcc (>= 4:4.4.3), g++ (>= 4:4.4.3), make, dpkg-dev (>= 1.13.5), debhelper (>= 9), dpkg-dev (>= 1.15.7)
Filtered Build-Depends: base-files, base-passwd, bash, bsdutils, coreutils, dash, debianutils, diffutils, dpkg, e2fsprogs, findutils, grep, gzip, hostname, libc-bin, login, mount, ncurses-base, ncurses-bin, perl-base, sed, sysvinit, sysvinit-utils, tar, util-linux, libc6-dev, gcc (>= 4:4.4.3), g++ (>= 4:4.4.3), make, dpkg-dev (>= 1.13.5), debhelper (>= 9), dpkg-dev (>= 1.15.7)
dpkg-deb: building package `sbuild-build-depends-acpid-dummy' in `/«BUILDDIR»/resolver-T7f36f/apt_archive/sbuild-build-depends-acpid-dummy.deb'.
OK
Reading package lists...

┌──────────────────────────────────────────────────────────────────────────────┐
│ Install acpid build dependencies (apt-based resolver)                        │
└──────────────────────────────────────────────────────────────────────────────┘

Installing build dependencies
Reading package lists...
Building dependency tree...
Reading state information...
The following extra packages will be installed:
  bsdmainutils debhelper file gettext gettext-base groff-base html2text
  intltool-debian libasprintf-dev libasprintf0c2 libcroco3 libgettextpo-dev
  libgettextpo0 libglib2.0-0 libmagic1 libpcre3 libpipeline1 libunistring0
  libxml2 man-db po-debconf
Suggested packages:
  wamerican wordlist whois vacation dh-make gettext-doc groff less www-browser
  libmail-box-perl
Recommended packages:
  curl wget lynx-cur autopoint libglib2.0-data shared-mime-info xml-core
  libmail-sendmail-perl
The following NEW packages will be installed:
  bsdmainutils debhelper file gettext gettext-base groff-base html2text
  intltool-debian libasprintf-dev libasprintf0c2 libcroco3 libgettextpo-dev
  libgettextpo0 libglib2.0-0 libmagic1 libpcre3 libpipeline1 libunistring0
  libxml2 man-db po-debconf sbuild-build-depends-acpid-dummy
0 upgraded, 22 newly installed, 0 to remove and 0 not upgraded.
Need to get 9115 kB/9116 kB of archives.
After this operation, 25.9 MB of additional disk space will be used.
Get:1 http://localhost/debian/ unstable/main libpipeline1 amd64 1.2.2-1 [39.9 kB]
Get:2 http://localhost/debian/ unstable/main groff-base amd64 1.22.1-2 [741 kB]
Get:3 http://localhost/debian/ unstable/main bsdmainutils amd64 9.0.4 [210 kB]
Get:4 http://localhost/debian/ unstable/main man-db amd64 2.6.3-3 [898 kB]
Get:5 http://localhost/debian/ unstable/main libasprintf0c2 amd64 0.18.1.1-10 [27.2 kB]
Get:6 http://localhost/debian/ unstable/main libmagic1 amd64 5.11-2 [202 kB]
Get:7 http://localhost/debian/ unstable/main libpcre3 amd64 1:8.31-2 [247 kB]
Get:8 http://localhost/debian/ unstable/main libxml2 amd64 2.8.0+dfsg1-7 [903 kB]
Get:9 http://localhost/debian/ unstable/main libglib2.0-0 amd64 2.33.12+really2.32.4-5 [1838 kB]
Get:10 http://localhost/debian/ unstable/main libcroco3 amd64 0.6.6-2 [134 kB]
Get:11 http://localhost/debian/ unstable/main libunistring0 amd64 0.9.3-5 [434 kB]
Get:12 http://localhost/debian/ unstable/main libgettextpo0 amd64 0.18.1.1-10 [145 kB]
Get:13 http://localhost/debian/ unstable/main file amd64 5.11-2 [51.8 kB]
Get:14 http://localhost/debian/ unstable/main gettext-base amd64 0.18.1.1-10 [154 kB]
Get:15 http://localhost/debian/ unstable/main html2text amd64 1.3.2a-15 [103 kB]
Get:16 http://localhost/debian/ unstable/main libasprintf-dev amd64 0.18.1.1-10 [26.8 kB]
Get:17 http://localhost/debian/ unstable/main libgettextpo-dev amd64 0.18.1.1-10 [184 kB]
Get:18 http://localhost/debian/ unstable/main gettext amd64 0.18.1.1-10 [1815 kB]
Get:19 http://localhost/debian/ unstable/main intltool-debian all 0.35.0+20060710.1 [30.8 kB]
Get:20 http://localhost/debian/ unstable/main po-debconf all 1.0.16+nmu2 [224 kB]
Get:21 http://localhost/debian/ unstable/main debhelper all 9.20120909 [705 kB]
debconf: delaying package configuration, since apt-utils is not installed
Fetched 9115 kB in 0s (24.9 MB/s)
Selecting previously unselected package libpipeline1:amd64.
(Reading database ... 14674 files and directories currently installed.)
Unpacking libpipeline1:amd64 (from .../libpipeline1_1.2.2-1_amd64.deb) ...
Selecting previously unselected package groff-base.
Unpacking groff-base (from .../groff-base_1.22.1-2_amd64.deb) ...
Selecting previously unselected package bsdmainutils.
Unpacking bsdmainutils (from .../bsdmainutils_9.0.4_amd64.deb) ...
Selecting previously unselected package man-db.
Unpacking man-db (from .../man-db_2.6.3-3_amd64.deb) ...
Selecting previously unselected package libasprintf0c2:amd64.
Unpacking libasprintf0c2:amd64 (from .../libasprintf0c2_0.18.1.1-10_amd64.deb) ...
Selecting previously unselected package libmagic1:amd64.
Unpacking libmagic1:amd64 (from .../libmagic1_5.11-2_amd64.deb) ...
Selecting previously unselected package libpcre3:amd64.
Unpacking libpcre3:amd64 (from .../libpcre3_1%3a8.31-2_amd64.deb) ...
Selecting previously unselected package libxml2:amd64.
Unpacking libxml2:amd64 (from .../libxml2_2.8.0+dfsg1-7_amd64.deb) ...
Selecting previously unselected package libglib2.0-0:amd64.
Unpacking libglib2.0-0:amd64 (from .../libglib2.0-0_2.33.12+really2.32.4-5_amd64.deb) ...
Selecting previously unselected package libcroco3:amd64.
Unpacking libcroco3:amd64 (from .../libcroco3_0.6.6-2_amd64.deb) ...
Selecting previously unselected package libunistring0:amd64.
Unpacking libunistring0:amd64 (from .../libunistring0_0.9.3-5_amd64.deb) ...
Selecting previously unselected package libgettextpo0:amd64.
Unpacking libgettextpo0:amd64 (from .../libgettextpo0_0.18.1.1-10_amd64.deb) ...
Selecting previously unselected package file.
Unpacking file (from .../archives/file_5.11-2_amd64.deb) ...
Selecting previously unselected package gettext-base.
Unpacking gettext-base (from .../gettext-base_0.18.1.1-10_amd64.deb) ...
Selecting previously unselected package html2text.
Unpacking html2text (from .../html2text_1.3.2a-15_amd64.deb) ...
Selecting previously unselected package libasprintf-dev:amd64.
Unpacking libasprintf-dev:amd64 (from .../libasprintf-dev_0.18.1.1-10_amd64.deb) ...
Selecting previously unselected package libgettextpo-dev:amd64.
Unpacking libgettextpo-dev:amd64 (from .../libgettextpo-dev_0.18.1.1-10_amd64.deb) ...
Selecting previously unselected package gettext.
Unpacking gettext (from .../gettext_0.18.1.1-10_amd64.deb) ...
Selecting previously unselected package intltool-debian.
Unpacking intltool-debian (from .../intltool-debian_0.35.0+20060710.1_all.deb) ...
Selecting previously unselected package po-debconf.
Unpacking po-debconf (from .../po-debconf_1.0.16+nmu2_all.deb) ...
Selecting previously unselected package debhelper.
Unpacking debhelper (from .../debhelper_9.20120909_all.deb) ...
Selecting previously unselected package sbuild-build-depends-acpid-dummy.
Unpacking sbuild-build-depends-acpid-dummy (from .../sbuild-build-depends-acpid-dummy.deb) ...
Processing triggers for mime-support ...
Setting up libpipeline1:amd64 (1.2.2-1) ...
Setting up groff-base (1.22.1-2) ...
Setting up bsdmainutils (9.0.4) ...
update-alternatives: using /usr/bin/bsd-write to provide /usr/bin/write (write) in auto mode
update-alternatives: using /usr/bin/bsd-from to provide /usr/bin/from (from) in auto mode
Setting up man-db (2.6.3-3) ...
Building database of manual pages ...
Setting up libasprintf0c2:amd64 (0.18.1.1-10) ...
Setting up libmagic1:amd64 (5.11-2) ...
Setting up libpcre3:amd64 (1:8.31-2) ...
Setting up libxml2:amd64 (2.8.0+dfsg1-7) ...
Setting up libglib2.0-0:amd64 (2.33.12+really2.32.4-5) ...
No schema files found: doing nothing.
Setting up libcroco3:amd64 (0.6.6-2) ...
Setting up libunistring0:amd64 (0.9.3-5) ...
Setting up libgettextpo0:amd64 (0.18.1.1-10) ...
Setting up file (5.11-2) ...
Setting up gettext-base (0.18.1.1-10) ...
Setting up html2text (1.3.2a-15) ...
Setting up libasprintf-dev:amd64 (0.18.1.1-10) ...
Setting up libgettextpo-dev:amd64 (0.18.1.1-10) ...
Setting up gettext (0.18.1.1-10) ...
Setting up intltool-debian (0.35.0+20060710.1) ...
Setting up po-debconf (1.0.16+nmu2) ...
Setting up debhelper (9.20120909) ...
Setting up sbuild-build-depends-acpid-dummy (0.invalid.0) ...

┌──────────────────────────────────────────────────────────────────────────────┐
│ Build environment                                                            │
└──────────────────────────────────────────────────────────────────────────────┘

Kernel: Linux 2.6.32-5-xen-amd64 amd64 (x86_64)
Toolchain package versions: binutils_2.22-7.1 dpkg-dev_1.16.9 g++-4.6_4.6.3-15 g++-4.7_4.7.2-19 gcc-4.6_4.6.3-15 gcc-4.7_4.7.2-19 libc6-dev_2.16-0experimental1 libstdc++6_4.8-20130127-1 libstdc++6-4.6-dev_4.6.3-15 libstdc++6-4.7-dev_4.7.2-19 linux-libc-dev_3.2.35-2
Package versions: apt_0.9.7.7 base-files_7.1 base-passwd_3.5.26 bash_4.2+dfsg-0.1 binutils_2.22-7.1 bsdmainutils_9.0.4 bsdutils_1:2.20.1-5.3 build-essential_11.6 bzip2_1.0.6-4 clang_3.2-1~exp5 clang-3.2_3.2-1~exp5 compiler-rt_3.2-1~exp5 coreutils_8.20-3 cpp_4:4.7.2-1 cpp-4.6_4.6.3-15 cpp-4.7_4.7.2-19 dash_0.5.7-3 debconf_1.5.49 debconf-i18n_1.5.49 debfoster_2.7-1.2 debhelper_9.20120909 debian-archive-keyring_2012.4 debianutils_4.3.4 diffutils_1:3.2-7 dpkg_1.16.9 dpkg-dev_1.16.9 e2fslibs_1.42.5-1 e2fsprogs_1.42.5-1 fakeroot_1.18.4-2 file_5.11-2 findutils_4.4.2-5 g++_4:4.7.2-1 g++-4.6_4.6.3-15 g++-4.7_4.7.2-19 gcc_4:4.7.2-1 gcc-4.4-base_4.4.7-3 gcc-4.5-base_4.5.4-1 gcc-4.6_4.6.3-15 gcc-4.6-base_4.6.3-15 gcc-4.7_4.7.2-19 gcc-4.7-base_4.7.2-19 gcc-4.8-base_4.8-20130127-1 gettext_0.18.1.1-10 gettext-base_0.18.1.1-10 gnupg_1.4.12-7 gpgv_1.4.12-7 grep_2.14-1 groff-base_1.22.1-2 gzip_1.5-1.1 hostname_3.12 html2text_1.3.2a-15 initscripts_2.88dsf-39 insserv_1.14.0-5 intltool-debian_0.35.0+20060710.1 libacl1_2.2.51-8 libapt-pkg4.12_0.9.7.7 libasprintf-dev_0.18.1.1-10 libasprintf0c2_0.18.1.1-10 libattr1_1:2.4.46-8 libblkid1_2.20.1-5.3 libbz2-1.0_1.0.6-4 libc-bin_2.13-38 libc-dev-bin_2.16-0experimental1 libc6_2.16-0experimental1 libc6-dev_2.16-0experimental1 libclang-common-dev_3.2-1~exp5 libclass-isa-perl_0.36-5 libcomerr2_1.42.5-1 libcroco3_0.6.6-2 libdb5.1_5.1.29-5 libdpkg-perl_1.16.9 libexpat1_2.1.0-2 libffi5_3.0.10-3 libfile-fcntllock-perl_0.14-2 libgc1c2_1:7.1-9.1 libgcc-4.7-dev_4.7.2-19 libgcc1_1:4.8-20130127-1 libgdbm3_1.8.3-11 libgettextpo-dev_0.18.1.1-10 libgettextpo0_0.18.1.1-10 libglib2.0-0_2.33.12+really2.32.4-5 libgmp10_2:5.0.5+dfsg-2 libgomp1_4.8-20130127-1 libgpm2_1.20.4-6 libitm1_4.8-20130127-1 libllvm3.2_3.2-2 liblocale-gettext-perl_1.05-7+b1 liblzma5_5.1.1alpha+20120614-2 libmagic1_5.11-2 libmount1_2.20.1-5.3 libmpc2_0.9-4 libmpfr4_3.1.0-5 libncurses5_5.9+20130119-1 libncursesw5_5.9+20130119-1 libobjc-4.7-dev_4.7.2-19 libobjc4_4.8-20130127-1 libpam-modules_1.1.3-7.1 libpam-modules-bin_1.1.3-7.1 libpam-runtime_1.1.3-7.1 libpam0g_1.1.3-7.1 libpcre3_1:8.31-2 libpipeline1_1.2.2-1 libpython2.7-minimal_2.7.3-15 libpython2.7-stdlib_2.7.3-15 libquadmath0_4.8-20130127-1 libreadline6_6.2+dfsg-0.1 libselinux1_2.1.9-5 libsemanage-common_2.1.6-6 libsemanage1_2.1.6-6 libsepol1_2.1.4-3 libslang2_2.2.4-15 libsqlite3-0_3.7.15.2-1 libss2_1.42.5-1 libssl1.0.0_1.0.1c-4 libstdc++6_4.8-20130127-1 libstdc++6-4.6-dev_4.6.3-15 libstdc++6-4.7-dev_4.7.2-19 libswitch-perl_2.16-2 libtext-charwidth-perl_0.04-7+b1 libtext-iconv-perl_1.7-5 libtext-wrapi18n-perl_0.06-7 libtimedate-perl_1.2000-1 libtinfo5_5.9+20130119-1 libunistring0_0.9.3-5 libusb-0.1-4_2:0.1.12-23+nmu1 libustr-1.0-1_1.0.4-3 libuuid1_2.20.1-5.3 libxml2_2.8.0+dfsg1-7 linux-libc-dev_3.2.35-2 login_1:4.1.5.1-1 lsb-base_4.1+Debian9 make_3.81-8.2 man-db_2.6.3-3 mawk_1.3.3-17 mime-support_3.53~experimental2 mount_2.20.1-5.3 multiarch-support_2.13-38 ncurses-base_5.9-10 ncurses-bin_5.9-10 passwd_1:4.1.5.1-1 patch_2.6.1-3 perl_5.14.2-17 perl-base_5.14.2-17 perl-modules_5.14.2-17 po-debconf_1.0.16+nmu2 python_2.7.3-10 python-minimal_2.7.3-10 python2.7_2.7.3-15 python2.7-minimal_2.7.3-15 readline-common_6.2+dfsg-0.1 sbuild-build-depends-acpid-dummy_0.invalid.0 sbuild-build-depends-core-dummy_0.invalid.0 sed_4.2.1-10 sensible-utils_0.0.7 sudo_1.8.5p2-1 sysv-rc_2.88dsf-39 sysvinit_2.88dsf-39 sysvinit-utils_2.88dsf-39 tar_1.26+dfsg-0.1 tzdata_2012j-1 ucf_3.0025+nmu3 util-linux_2.20.1-5.3 vim_2:7.3.547-6 vim-common_2:7.3.547-6 vim-runtime_2:7.3.547-6 xz-utils_5.1.1alpha+20120614-2 zlib1g_1:1.2.7.dfsg-13

┌──────────────────────────────────────────────────────────────────────────────┐
│ Build                                                                        │
└──────────────────────────────────────────────────────────────────────────────┘


Unpack source
─────────────

gpgv: keyblock resource `/sbuild-nonexistent/.gnupg/trustedkeys.gpg': file open error
gpgv: Signature made Fri Dec 21 12:30:27 2012 UTC using DSA key ID 29F19BD1
gpgv: Can't check signature: public key not found
dpkg-source: warning: failed to verify signature on ./acpid_2.0.17-2.dsc
dpkg-source: info: extracting acpid in acpid-2.0.17
dpkg-source: info: unpacking acpid_2.0.17.orig.tar.gz
dpkg-source: info: applying acpid_2.0.17-2.diff.gz

Check disc space
────────────────

Sufficient free space for build

User Environment
────────────────

HOME=/sbuild-nonexistent
LOGNAME=user
PATH=/usr/local/sbin:/usr/local/bin:/usr/sbin:/usr/bin:/sbin:/bin:/usr/games
SCHROOT_CHROOT_NAME=unstable-amd64-sbuild
SCHROOT_COMMAND=env
SCHROOT_GID=1000
SCHROOT_GROUP=user
SCHROOT_SESSION_ID=unstable-amd64-sbuild-dc323820-2cfd-4072-96dd-81caaf0db4c9
SCHROOT_UID=1000
SCHROOT_USER=user
SHELL=/bin/sh
USER=user

dpkg-buildpackage
─────────────────

dpkg-buildpackage: source package acpid
dpkg-buildpackage: source version 1:2.0.17-2
dpkg-buildpackage: source changed by Michael Meskes <meskes@debian.org>
 dpkg-source --before-build acpid-2.0.17
dpkg-buildpackage: host architecture amd64
 fakeroot debian/rules clean
dh clean
   dh_testdir
   dh_auto_clean
   dh_clean
 debian/rules build-arch
dh build-arch
   dh_testdir -a
   dh_auto_configure -a
checking for a BSD-compatible install... /usr/bin/install -c
checking whether build environment is sane... yes
checking for a thread-safe mkdir -p... /bin/mkdir -p
checking for gawk... no
checking for mawk... mawk
checking whether make sets $(MAKE)... yes
checking how to create a pax tar archive... gnutar
checking whether make supports nested variables... yes
checking whether to enable maintainer-specific portions of Makefiles... no
checking for gawk... (cached) mawk
checking for style of include used by make... GNU
checking for gcc... gcc
checking whether the C compiler works... yes
checking for C compiler default output file name... a.out
checking for suffix of executables... 
checking whether we are cross compiling... no
checking for suffix of object files... o
checking whether we are using the GNU C compiler... yes
checking whether gcc accepts -g... yes
checking for gcc option to accept ISO C89... none needed
checking dependency style of gcc... none
checking for gcc option to accept ISO C99... none needed
checking for gcc option to accept ISO Standard C... (cached) none needed
checking whether gcc and cc understand -c and -o together... yes
checking how to run the C preprocessor... gcc -E
checking for grep that handles long lines and -e... /bin/grep
checking for egrep... /bin/grep -E
checking for ANSI C header files... yes
checking for sys/types.h... yes
checking for sys/stat.h... yes
checking for stdlib.h... yes
checking for string.h... yes
checking for memory.h... yes
checking for strings.h... yes
checking for inttypes.h... yes
checking for stdint.h... yes
checking for unistd.h... yes
checking minix/config.h usability... no
checking minix/config.h presence... no
checking for minix/config.h... no
checking whether it is safe to define __EXTENSIONS__... yes
checking for special C compiler options needed for large files... no
checking for _FILE_OFFSET_BITS value needed for large files... no
checking whether make sets $(MAKE)... (cached) yes
checking arpa/inet.h usability... yes
checking arpa/inet.h presence... yes
checking for arpa/inet.h... yes
checking fcntl.h usability... yes
checking fcntl.h presence... yes
checking for fcntl.h... yes
checking malloc.h usability... yes
checking malloc.h presence... yes
checking for malloc.h... yes
checking netinet/in.h usability... yes
checking netinet/in.h presence... yes
checking for netinet/in.h... yes
checking for stdlib.h... (cached) yes
checking for string.h... (cached) yes
checking sys/ioctl.h usability... yes
checking sys/ioctl.h presence... yes
checking for sys/ioctl.h... yes
checking sys/socket.h usability... yes
checking sys/socket.h presence... yes
checking for sys/socket.h... yes
checking syslog.h usability... yes
checking syslog.h presence... yes
checking for syslog.h... yes
checking for unistd.h... (cached) yes
checking for mode_t... yes
checking for pid_t... yes
checking for size_t... yes
checking for ssize_t... yes
checking vfork.h usability... no
checking vfork.h presence... no
checking for vfork.h... no
checking for fork... yes
checking for vfork... no
checking for working fork... yes
checking for stdlib.h... (cached) yes
checking for GNU libc compatible malloc... yes
checking for stdlib.h... (cached) yes
checking for GNU libc compatible realloc... yes
checking build system type... x86_64-pc-linux-gnu
checking host system type... x86_64-pc-linux-gnu
checking for working strnlen... no
checking for fchown... yes
checking for chmod... yes
checking for fstat... yes
checking for fstatat... yes
checking for openat... yes
configure: error: "asprintf() not found"
checking for asprintf... no
==> config.log <==
This file contains any messages produced by compilers while
running configure, to aid debugging if configure makes a mistake.

It was created by acpid configure 2.0.17, which was
generated by GNU Autoconf 2.68.  Invocation command line was

  $ ./configure --build=x86_64-linux-gnu --prefix=/usr --includedir=${prefix}/include --mandir=${prefix}/share/man --infodir=${prefix}/share/info --sysconfdir=/etc --localstatedir=/var --libdir=${prefix}/lib/x86_64-linux-gnu --libexecdir=${prefix}/lib/x86_64-linux-gnu --disable-maintainer-mode --disable-dependency-tracking

## --------- ##
## Platform. ##
## --------- ##

hostname = ip-10-28-88-254
uname -m = x86_64
uname -r = 2.6.32-5-xen-amd64
uname -s = Linux
uname -v = #1 SMP Sun Sep 23 13:49:30 UTC 2012

/usr/bin/uname -p = unknown
/bin/uname -X     = unknown

/bin/arch              = unknown
/usr/bin/arch -k       = unknown
/usr/convex/getsysinfo = unknown
/usr/bin/hostinfo      = unknown
/bin/machine           = unknown
/usr/bin/oslevel       = unknown
/bin/universe          = unknown

PATH: /usr/local/sbin
PATH: /usr/local/bin
PATH: /usr/sbin
PATH: /usr/bin
PATH: /sbin
PATH: /bin
PATH: /usr/games


## ----------- ##
## Core tests. ##
## ----------- ##

configure:2238: checking for a BSD-compatible install
configure:2306: result: /usr/bin/install -c
configure:2317: checking whether build environment is sane
configure:2367: result: yes
configure:2508: checking for a thread-safe mkdir -p
configure:2547: result: /bin/mkdir -p
configure:2560: checking for gawk
configure:2590: result: no
configure:2560: checking for mawk
configure:2576: found /usr/bin/mawk
configure:2587: result: mawk
configure:2598: checking whether make sets $(MAKE)
configure:2620: result: yes
configure:2695: checking how to create a pax tar archive
configure:2708: tar --version
tar (GNU tar) 1.26
Copyright (C) 2011 Free Software Foundation, Inc.
License GPLv3+: GNU GPL version 3 or later <http://gnu.org/licenses/gpl.html>.
This is free software: you are free to change and redistribute it.
There is NO WARRANTY, to the extent permitted by law.

Written by John Gilmore and Jay Fenlason.
configure:2711: $? = 0
configure:2751: tardir=conftest.dir && eval tar --format=posix -chf - "$tardir" >conftest.tar
configure:2754: $? = 0
configure:2758: tar -xf - <conftest.tar
configure:2761: $? = 0
configure:2774: result: gnutar
configure:2792: checking whether make supports nested variables
configure:2809: result: yes
configure:2821: checking whether to enable maintainer-specific portions of Makefiles
configure:2830: result: no
configure:2848: checking for gawk
configure:2875: result: mawk
configure:2898: checking for style of include used by make
configure:2926: result: GNU
configure:2997: checking for gcc
configure:3013: found /usr/bin/gcc
configure:3024: result: gcc
configure:3253: checking for C compiler version
configure:3262: gcc --version >&5
Debian clang version 3.2-1~exp5 (tags/RELEASE_32/final) (based on LLVM 3.2)
Target: x86_64-pc-linux-gnu
Thread model: posix
configure:3273: $? = 0
configure:3262: gcc -v >&5
Debian clang version 3.2-1~exp5 (tags/RELEASE_32/final) (based on LLVM 3.2)
Target: x86_64-pc-linux-gnu
Thread model: posix
configure:3273: $? = 0
configure:3262: gcc -V >&5
clang: error: argument to '-V' is missing (expected 1 value)
clang: error: no input files
configure:3273: $? = 1
configure:3262: gcc -qversion >&5
clang: error: no input files
configure:3273: $? = 1
configure:3293: checking whether the C compiler works
configure:3315: gcc -W -Wall -Werror -Wundef -Wshadow -D_GNU_SOURCE -g -O2 -fstack-protector --param=ssp-buffer-size=4 -Wformat -Werror=format-security -fno-strict-aliasing -D_FORTIFY_SOURCE=2 -Wl,-z,relro conftest.c  >&5
configure:3319: $? = 0
configure:3367: result: yes
configure:3370: checking for C compiler default output file name
configure:3372: result: a.out
configure:3378: checking for suffix of executables
configure:3385: gcc -o conftest -W -Wall -Werror -Wundef -Wshadow -D_GNU_SOURCE -g -O2 -fstack-protector --param=ssp-buffer-size=4 -Wformat -Werror=format-security -fno-strict-aliasing -D_FORTIFY_SOURCE=2 -Wl,-z,relro conftest.c  >&5
configure:3389: $? = 0
configure:3411: result: 
configure:3433: checking whether we are cross compiling
configure:3441: gcc -o conftest -W -Wall -Werror -Wundef -Wshadow -D_GNU_SOURCE -g -O2 -fstack-protector --param=ssp-buffer-size=4 -Wformat -Werror=format-security -fno-strict-aliasing -D_FORTIFY_SOURCE=2 -Wl,-z,relro conftest.c  >&5
configure:3445: $? = 0
configure:3452: ./conftest
configure:3456: $? = 0
configure:3471: result: no
configure:3476: checking for suffix of object files
configure:3498: gcc -c -W -Wall -Werror -Wundef -Wshadow -D_GNU_SOURCE -g -O2 -fstack-protector --param=ssp-buffer-size=4 -Wformat -Werror=format-security -fno-strict-aliasing -D_FORTIFY_SOURCE=2 conftest.c >&5
configure:3502: $? = 0
configure:3523: result: o
configure:3527: checking whether we are using the GNU C compiler
configure:3546: gcc -c -W -Wall -Werror -Wundef -Wshadow -D_GNU_SOURCE -g -O2 -fstack-protector --param=ssp-buffer-size=4 -Wformat -Werror=format-security -fno-strict-aliasing -D_FORTIFY_SOURCE=2 conftest.c >&5
configure:3546: $? = 0
configure:3555: result: yes
configure:3564: checking whether gcc accepts -g
configure:3584: gcc -c -g -D_FORTIFY_SOURCE=2 conftest.c >&5
configure:3584: $? = 0
configure:3625: result: yes
configure:3642: checking for gcc option to accept ISO C89
configure:3706: gcc  -c -W -Wall -Werror -Wundef -Wshadow -D_GNU_SOURCE -g -O2 -fstack-protector --param=ssp-buffer-size=4 -Wformat -Werror=format-security -fno-strict-aliasing -D_FORTIFY_SOURCE=2 conftest.c >&5
configure:3706: $? = 0
configure:3719: result: none needed
configure:3741: checking dependency style of gcc
configure:3852: result: none
configure:3871: checking for gcc option to accept ISO C99
configure:4020: gcc  -c -W -Wall -Werror -Wundef -Wshadow -D_GNU_SOURCE -g -O2 -fstack-protector --param=ssp-buffer-size=4 -Wformat -Werror=format-security -fno-strict-aliasing -D_FORTIFY_SOURCE=2 conftest.c >&5
configure:4020: $? = 0
configure:4033: result: none needed
configure:4142: checking for gcc option to accept ISO Standard C
configure:4153: result: none needed
configure:4161: checking whether gcc and cc understand -c and -o together
configure:4192: gcc -c conftest.c -o conftest2.o >&5
configure:4196: $? = 0
configure:4202: gcc -c conftest.c -o conftest2.o >&5
configure:4206: $? = 0
configure:4217: cc -c conftest.c >&5
configure:4221: $? = 0
configure:4229: cc -c conftest.c -o conftest2.o >&5
configure:4233: $? = 0
configure:4239: cc -c conftest.c -o conftest2.o >&5
configure:4243: $? = 0
configure:4261: result: yes
configure:4292: checking how to run the C preprocessor
configure:4323: gcc -E -D_FORTIFY_SOURCE=2 conftest.c
configure:4323: $? = 0
configure:4337: gcc -E -D_FORTIFY_SOURCE=2 conftest.c
conftest.c:11:10: fatal error: 'ac_nonexistent.h' file not found
#include <ac_nonexistent.h>
         ^
1 error generated.
configure:4337: $? = 1
configure: failed program was:
| /* confdefs.h */
| #define PACKAGE_NAME "acpid"
| #define PACKAGE_TARNAME "acpid"
| #define PACKAGE_VERSION "2.0.17"
| #define PACKAGE_STRING "acpid 2.0.17"
| #define PACKAGE_BUGREPORT ""
| #define PACKAGE_URL ""
| #define PACKAGE "acpid"
| #define VERSION "2.0.17"
| /* end confdefs.h.  */
| #include <ac_nonexistent.h>
configure:4362: result: gcc -E
configure:4382: gcc -E -D_FORTIFY_SOURCE=2 conftest.c
configure:4382: $? = 0
configure:4396: gcc -E -D_FORTIFY_SOURCE=2 conftest.c
conftest.c:11:10: fatal error: 'ac_nonexistent.h' file not found
#include <ac_nonexistent.h>
         ^
1 error generated.
configure:4396: $? = 1
configure: failed program was:
| /* confdefs.h */
| #define PACKAGE_NAME "acpid"
| #define PACKAGE_TARNAME "acpid"
| #define PACKAGE_VERSION "2.0.17"
| #define PACKAGE_STRING "acpid 2.0.17"
| #define PACKAGE_BUGREPORT ""
| #define PACKAGE_URL ""
| #define PACKAGE "acpid"
| #define VERSION "2.0.17"
| /* end confdefs.h.  */
| #include <ac_nonexistent.h>
configure:4425: checking for grep that handles long lines and -e
configure:4483: result: /bin/grep
configure:4488: checking for egrep
configure:4550: result: /bin/grep -E
configure:4555: checking for ANSI C header files
configure:4575: gcc -c -W -Wall -Werror -Wundef -Wshadow -D_GNU_SOURCE -g -O2 -fstack-protector --param=ssp-buffer-size=4 -Wformat -Werror=format-security -fno-strict-aliasing -D_FORTIFY_SOURCE=2 conftest.c >&5
configure:4575: $? = 0
configure:4648: gcc -o conftest -W -Wall -Werror -Wundef -Wshadow -D_GNU_SOURCE -g -O2 -fstack-protector --param=ssp-buffer-size=4 -Wformat -Werror=format-security -fno-strict-aliasing -D_FORTIFY_SOURCE=2 -Wl,-z,relro conftest.c  >&5
configure:4648: $? = 0
configure:4648: ./conftest
configure:4648: $? = 0
configure:4659: result: yes
configure:4672: checking for sys/types.h
configure:4672: gcc -c -W -Wall -Werror -Wundef -Wshadow -D_GNU_SOURCE -g -O2 -fstack-protector --param=ssp-buffer-size=4 -Wformat -Werror=format-security -fno-strict-aliasing -D_FORTIFY_SOURCE=2 conftest.c >&5
configure:4672: $? = 0
configure:4672: result: yes
configure:4672: checking for sys/stat.h
configure:4672: gcc -c -W -Wall -Werror -Wundef -Wshadow -D_GNU_SOURCE -g -O2 -fstack-protector --param=ssp-buffer-size=4 -Wformat -Werror=format-security -fno-strict-aliasing -D_FORTIFY_SOURCE=2 conftest.c >&5
configure:4672: $? = 0
configure:4672: result: yes
configure:4672: checking for stdlib.h
configure:4672: gcc -c -W -Wall -Werror -Wundef -Wshadow -D_GNU_SOURCE -g -O2 -fstack-protector --param=ssp-buffer-size=4 -Wformat -Werror=format-security -fno-strict-aliasing -D_FORTIFY_SOURCE=2 conftest.c >&5
configure:4672: $? = 0
configure:4672: result: yes
configure:4672: checking for string.h
configure:4672: gcc -c -W -Wall -Werror -Wundef -Wshadow -D_GNU_SOURCE -g -O2 -fstack-protector --param=ssp-buffer-size=4 -Wformat -Werror=format-security -fno-strict-aliasing -D_FORTIFY_SOURCE=2 conftest.c >&5
configure:4672: $? = 0
configure:4672: result: yes
configure:4672: checking for memory.h
configure:4672: gcc -c -W -Wall -Werror -Wundef -Wshadow -D_GNU_SOURCE -g -O2 -fstack-protector --param=ssp-buffer-size=4 -Wformat -Werror=format-security -fno-strict-aliasing -D_FORTIFY_SOURCE=2 conftest.c >&5
configure:4672: $? = 0
configure:4672: result: yes
configure:4672: checking for strings.h
configure:4672: gcc -c -W -Wall -Werror -Wundef -Wshadow -D_GNU_SOURCE -g -O2 -fstack-protector --param=ssp-buffer-size=4 -Wformat -Werror=format-security -fno-strict-aliasing -D_FORTIFY_SOURCE=2 conftest.c >&5
configure:4672: $? = 0
configure:4672: result: yes
configure:4672: checking for inttypes.h
configure:4672: gcc -c -W -Wall -Werror -Wundef -Wshadow -D_GNU_SOURCE -g -O2 -fstack-protector --param=ssp-buffer-size=4 -Wformat -Werror=format-security -fno-strict-aliasing -D_FORTIFY_SOURCE=2 conftest.c >&5
configure:4672: $? = 0
configure:4672: result: yes
configure:4672: checking for stdint.h
configure:4672: gcc -c -W -Wall -Werror -Wundef -Wshadow -D_GNU_SOURCE -g -O2 -fstack-protector --param=ssp-buffer-size=4 -Wformat -Werror=format-security -fno-strict-aliasing -D_FORTIFY_SOURCE=2 conftest.c >&5
configure:4672: $? = 0
configure:4672: result: yes
configure:4672: checking for unistd.h
configure:4672: gcc -c -W -Wall -Werror -Wundef -Wshadow -D_GNU_SOURCE -g -O2 -fstack-protector --param=ssp-buffer-size=4 -Wformat -Werror=format-security -fno-strict-aliasing -D_FORTIFY_SOURCE=2 conftest.c >&5
configure:4672: $? = 0
configure:4672: result: yes
configure:4685: checking minix/config.h usability
configure:4685: gcc -c -W -Wall -Werror -Wundef -Wshadow -D_GNU_SOURCE -g -O2 -fstack-protector --param=ssp-buffer-size=4 -Wformat -Werror=format-security -fno-strict-aliasing -D_FORTIFY_SOURCE=2 conftest.c >&5
conftest.c:54:10: fatal error: 'minix/config.h' file not found
#include <minix/config.h>
         ^
1 error generated.
configure:4685: $? = 1
configure: failed program was:
| /* confdefs.h */
| #define PACKAGE_NAME "acpid"
| #define PACKAGE_TARNAME "acpid"
| #define PACKAGE_VERSION "2.0.17"
| #define PACKAGE_STRING "acpid 2.0.17"
| #define PACKAGE_BUGREPORT ""
| #define PACKAGE_URL ""
| #define PACKAGE "acpid"
| #define VERSION "2.0.17"
| #define STDC_HEADERS 1
| #define HAVE_SYS_TYPES_H 1
| #define HAVE_SYS_STAT_H 1
| #define HAVE_STDLIB_H 1
| #define HAVE_STRING_H 1
| #define HAVE_MEMORY_H 1
| #define HAVE_STRINGS_H 1
| #define HAVE_INTTYPES_H 1
| #define HAVE_STDINT_H 1
| #define HAVE_UNISTD_H 1
| /* end confdefs.h.  */
| #include <stdio.h>
| #ifdef HAVE_SYS_TYPES_H
| # include <sys/types.h>
| #endif
| #ifdef HAVE_SYS_STAT_H
| # include <sys/stat.h>
| #endif
| #ifdef STDC_HEADERS
| # include <stdlib.h>
| # include <stddef.h>
| #else
| # ifdef HAVE_STDLIB_H
| #  include <stdlib.h>
| # endif
| #endif
| #ifdef HAVE_STRING_H
| # if !defined STDC_HEADERS && defined HAVE_MEMORY_H
| #  include <memory.h>
| # endif
| # include <string.h>
| #endif
| #ifdef HAVE_STRINGS_H
| # include <strings.h>
| #endif
| #ifdef HAVE_INTTYPES_H
| # include <inttypes.h>
| #endif
| #ifdef HAVE_STDINT_H
| # include <stdint.h>
| #endif
| #ifdef HAVE_UNISTD_H
| # include <unistd.h>
| #endif
| #include <minix/config.h>
configure:4685: result: no
configure:4685: checking minix/config.h presence
configure:4685: gcc -E -D_FORTIFY_SOURCE=2 conftest.c
conftest.c:21:10: fatal error: 'minix/config.h' file not found
#include <minix/config.h>
         ^
1 error generated.
configure:4685: $? = 1
configure: failed program was:
| /* confdefs.h */
| #define PACKAGE_NAME "acpid"
| #define PACKAGE_TARNAME "acpid"
| #define PACKAGE_VERSION "2.0.17"
| #define PACKAGE_STRING "acpid 2.0.17"
| #define PACKAGE_BUGREPORT ""
| #define PACKAGE_URL ""
| #define PACKAGE "acpid"
| #define VERSION "2.0.17"
| #define STDC_HEADERS 1
| #define HAVE_SYS_TYPES_H 1
| #define HAVE_SYS_STAT_H 1
| #define HAVE_STDLIB_H 1
| #define HAVE_STRING_H 1
| #define HAVE_MEMORY_H 1
| #define HAVE_STRINGS_H 1
| #define HAVE_INTTYPES_H 1
| #define HAVE_STDINT_H 1
| #define HAVE_UNISTD_H 1
| /* end confdefs.h.  */
| #include <minix/config.h>
configure:4685: result: no
configure:4685: checking for minix/config.h
configure:4685: result: no
configure:4706: checking whether it is safe to define __EXTENSIONS__
configure:4724: gcc -c -W -Wall -Werror -Wundef -Wshadow -D_GNU_SOURCE -g -O2 -fstack-protector --param=ssp-buffer-size=4 -Wformat -Werror=format-security -fno-strict-aliasing -D_FORTIFY_SOURCE=2 conftest.c >&5
configure:4724: $? = 0
configure:4731: result: yes
configure:4752: checking for special C compiler options needed for large files
configure:4797: result: no
configure:4803: checking for _FILE_OFFSET_BITS value needed for large files
configure:4828: gcc -c -W -Wall -Werror -Wundef -Wshadow -D_GNU_SOURCE -g -O2 -fstack-protector --param=ssp-buffer-size=4 -Wformat -Werror=format-security -fno-strict-aliasing -D_FORTIFY_SOURCE=2 conftest.c >&5
configure:4828: $? = 0
configure:4860: result: no
configure:4944: checking whether make sets $(MAKE)
configure:4966: result: yes
configure:4982: checking arpa/inet.h usability
configure:4982: gcc -c -W -Wall -Werror -Wundef -Wshadow -D_GNU_SOURCE -g -O2 -fstack-protector --param=ssp-buffer-size=4 -Wformat -Werror=format-security -fno-strict-aliasing -D_FORTIFY_SOURCE=2 conftest.c >&5
configure:4982: $? = 0
configure:4982: result: yes
configure:4982: checking arpa/inet.h presence
configure:4982: gcc -E -D_FORTIFY_SOURCE=2 conftest.c
configure:4982: $? = 0
configure:4982: result: yes
configure:4982: checking for arpa/inet.h
configure:4982: result: yes
configure:4982: checking fcntl.h usability
configure:4982: gcc -c -W -Wall -Werror -Wundef -Wshadow -D_GNU_SOURCE -g -O2 -fstack-protector --param=ssp-buffer-size=4 -Wformat -Werror=format-security -fno-strict-aliasing -D_FORTIFY_SOURCE=2 conftest.c >&5
configure:4982: $? = 0
configure:4982: result: yes
configure:4982: checking fcntl.h presence
configure:4982: gcc -E -D_FORTIFY_SOURCE=2 conftest.c
configure:4982: $? = 0
configure:4982: result: yes
configure:4982: checking for fcntl.h
configure:4982: result: yes
configure:4982: checking malloc.h usability
configure:4982: gcc -c -W -Wall -Werror -Wundef -Wshadow -D_GNU_SOURCE -g -O2 -fstack-protector --param=ssp-buffer-size=4 -Wformat -Werror=format-security -fno-strict-aliasing -D_FORTIFY_SOURCE=2 conftest.c >&5
configure:4982: $? = 0
configure:4982: result: yes
configure:4982: checking malloc.h presence
configure:4982: gcc -E -D_FORTIFY_SOURCE=2 conftest.c
configure:4982: $? = 0
configure:4982: result: yes
configure:4982: checking for malloc.h
configure:4982: result: yes
configure:4982: checking netinet/in.h usability
configure:4982: gcc -c -W -Wall -Werror -Wundef -Wshadow -D_GNU_SOURCE -g -O2 -fstack-protector --param=ssp-buffer-size=4 -Wformat -Werror=format-security -fno-strict-aliasing -D_FORTIFY_SOURCE=2 conftest.c >&5
configure:4982: $? = 0
configure:4982: result: yes
configure:4982: checking netinet/in.h presence
configure:4982: gcc -E -D_FORTIFY_SOURCE=2 conftest.c
configure:4982: $? = 0
configure:4982: result: yes
configure:4982: checking for netinet/in.h
configure:4982: result: yes
configure:4982: checking for stdlib.h
configure:4982: result: yes
configure:4982: checking for string.h
configure:4982: result: yes
configure:4982: checking sys/ioctl.h usability
configure:4982: gcc -c -W -Wall -Werror -Wundef -Wshadow -D_GNU_SOURCE -g -O2 -fstack-protector --param=ssp-buffer-size=4 -Wformat -Werror=format-security -fno-strict-aliasing -D_FORTIFY_SOURCE=2 conftest.c >&5
configure:4982: $? = 0
configure:4982: result: yes
configure:4982: checking sys/ioctl.h presence
configure:4982: gcc -E -D_FORTIFY_SOURCE=2 conftest.c
configure:4982: $? = 0
configure:4982: result: yes
configure:4982: checking for sys/ioctl.h
configure:4982: result: yes
configure:4982: checking sys/socket.h usability
configure:4982: gcc -c -W -Wall -Werror -Wundef -Wshadow -D_GNU_SOURCE -g -O2 -fstack-protector --param=ssp-buffer-size=4 -Wformat -Werror=format-security -fno-strict-aliasing -D_FORTIFY_SOURCE=2 conftest.c >&5
configure:4982: $? = 0
configure:4982: result: yes
configure:4982: checking sys/socket.h presence
configure:4982: gcc -E -D_FORTIFY_SOURCE=2 conftest.c
configure:4982: $? = 0
configure:4982: result: yes
configure:4982: checking for sys/socket.h
configure:4982: result: yes
configure:4982: checking syslog.h usability
configure:4982: gcc -c -W -Wall -Werror -Wundef -Wshadow -D_GNU_SOURCE -g -O2 -fstack-protector --param=ssp-buffer-size=4 -Wformat -Werror=format-security -fno-strict-aliasing -D_FORTIFY_SOURCE=2 conftest.c >&5
configure:4982: $? = 0
configure:4982: result: yes
configure:4982: checking syslog.h presence
configure:4982: gcc -E -D_FORTIFY_SOURCE=2 conftest.c
configure:4982: $? = 0
configure:4982: result: yes
configure:4982: checking for syslog.h
configure:4982: result: yes
configure:4982: checking for unistd.h
configure:4982: result: yes
configure:4994: checking for mode_t
configure:4994: gcc -c -W -Wall -Werror -Wundef -Wshadow -D_GNU_SOURCE -g -O2 -fstack-protector --param=ssp-buffer-size=4 -Wformat -Werror=format-security -fno-strict-aliasing -D_FORTIFY_SOURCE=2 conftest.c >&5
configure:4994: $? = 0
configure:4994: gcc -c -W -Wall -Werror -Wundef -Wshadow -D_GNU_SOURCE -g -O2 -fstack-protector --param=ssp-buffer-size=4 -Wformat -Werror=format-security -fno-strict-aliasing -D_FORTIFY_SOURCE=2 conftest.c >&5
conftest.c:72:21: error: expected expression
if (sizeof ((mode_t)))
                    ^
1 error generated.
configure:4994: $? = 1
configure: failed program was:
| /* confdefs.h */
| #define PACKAGE_NAME "acpid"
| #define PACKAGE_TARNAME "acpid"
| #define PACKAGE_VERSION "2.0.17"
| #define PACKAGE_STRING "acpid 2.0.17"
| #define PACKAGE_BUGREPORT ""
| #define PACKAGE_URL ""
| #define PACKAGE "acpid"
| #define VERSION "2.0.17"
| #define STDC_HEADERS 1
| #define HAVE_SYS_TYPES_H 1
| #define HAVE_SYS_STAT_H 1
| #define HAVE_STDLIB_H 1
| #define HAVE_STRING_H 1
| #define HAVE_MEMORY_H 1
| #define HAVE_STRINGS_H 1
| #define HAVE_INTTYPES_H 1
| #define HAVE_STDINT_H 1
| #define HAVE_UNISTD_H 1
| #define __EXTENSIONS__ 1
| #define _ALL_SOURCE 1
| #define _GNU_SOURCE 1
| #define _POSIX_PTHREAD_SEMANTICS 1
| #define _TANDEM_SOURCE 1
| #define HAVE_ARPA_INET_H 1
| #define HAVE_FCNTL_H 1
| #define HAVE_MALLOC_H 1
| #define HAVE_NETINET_IN_H 1
| #define HAVE_STDLIB_H 1
| #define HAVE_STRING_H 1
| #define HAVE_SYS_IOCTL_H 1
| #define HAVE_SYS_SOCKET_H 1
| #define HAVE_SYSLOG_H 1
| #define HAVE_UNISTD_H 1
| /* end confdefs.h.  */
| #include <stdio.h>
| #ifdef HAVE_SYS_TYPES_H
| # include <sys/types.h>
| #endif
| #ifdef HAVE_SYS_STAT_H
| # include <sys/stat.h>
| #endif
| #ifdef STDC_HEADERS
| # include <stdlib.h>
| # include <stddef.h>
| #else
| # ifdef HAVE_STDLIB_H
| #  include <stdlib.h>
| # endif
| #endif
| #ifdef HAVE_STRING_H
| # if !defined STDC_HEADERS && defined HAVE_MEMORY_H
| #  include <memory.h>
| # endif
| # include <string.h>
| #endif
| #ifdef HAVE_STRINGS_H
| # include <strings.h>
| #endif
| #ifdef HAVE_INTTYPES_H
| # include <inttypes.h>
| #endif
| #ifdef HAVE_STDINT_H
| # include <stdint.h>
| #endif
| #ifdef HAVE_UNISTD_H
| # include <unistd.h>
| #endif
| int
| main ()
| {
| if (sizeof ((mode_t)))
| 	    return 0;
|   ;
|   return 0;
| }
configure:4994: result: yes
configure:5005: checking for pid_t
configure:5005: gcc -c -W -Wall -Werror -Wundef -Wshadow -D_GNU_SOURCE -g -O2 -fstack-protector --param=ssp-buffer-size=4 -Wformat -Werror=format-security -fno-strict-aliasing -D_FORTIFY_SOURCE=2 conftest.c >&5
configure:5005: $? = 0
configure:5005: gcc -c -W -Wall -Werror -Wundef -Wshadow -D_GNU_SOURCE -g -O2 -fstack-protector --param=ssp-buffer-size=4 -Wformat -Werror=format-security -fno-strict-aliasing -D_FORTIFY_SOURCE=2 conftest.c >&5
conftest.c:72:20: error: expected expression
if (sizeof ((pid_t)))
                   ^
1 error generated.
configure:5005: $? = 1
configure: failed program was:
| /* confdefs.h */
| #define PACKAGE_NAME "acpid"
| #define PACKAGE_TARNAME "acpid"
| #define PACKAGE_VERSION "2.0.17"
| #define PACKAGE_STRING "acpid 2.0.17"
| #define PACKAGE_BUGREPORT ""
| #define PACKAGE_URL ""
| #define PACKAGE "acpid"
| #define VERSION "2.0.17"
| #define STDC_HEADERS 1
| #define HAVE_SYS_TYPES_H 1
| #define HAVE_SYS_STAT_H 1
| #define HAVE_STDLIB_H 1
| #define HAVE_STRING_H 1
| #define HAVE_MEMORY_H 1
| #define HAVE_STRINGS_H 1
| #define HAVE_INTTYPES_H 1
| #define HAVE_STDINT_H 1
| #define HAVE_UNISTD_H 1
| #define __EXTENSIONS__ 1
| #define _ALL_SOURCE 1
| #define _GNU_SOURCE 1
| #define _POSIX_PTHREAD_SEMANTICS 1
| #define _TANDEM_SOURCE 1
| #define HAVE_ARPA_INET_H 1
| #define HAVE_FCNTL_H 1
| #define HAVE_MALLOC_H 1
| #define HAVE_NETINET_IN_H 1
| #define HAVE_STDLIB_H 1
| #define HAVE_STRING_H 1
| #define HAVE_SYS_IOCTL_H 1
| #define HAVE_SYS_SOCKET_H 1
| #define HAVE_SYSLOG_H 1
| #define HAVE_UNISTD_H 1
| /* end confdefs.h.  */
| #include <stdio.h>
| #ifdef HAVE_SYS_TYPES_H
| # include <sys/types.h>
| #endif
| #ifdef HAVE_SYS_STAT_H
| # include <sys/stat.h>
| #endif
| #ifdef STDC_HEADERS
| # include <stdlib.h>
| # include <stddef.h>
| #else
| # ifdef HAVE_STDLIB_H
| #  include <stdlib.h>
| # endif
| #endif
| #ifdef HAVE_STRING_H
| # if !defined STDC_HEADERS && defined HAVE_MEMORY_H
| #  include <memory.h>
| # endif
| # include <string.h>
| #endif
| #ifdef HAVE_STRINGS_H
| # include <strings.h>
| #endif
| #ifdef HAVE_INTTYPES_H
| # include <inttypes.h>
| #endif
| #ifdef HAVE_STDINT_H
| # include <stdint.h>
| #endif
| #ifdef HAVE_UNISTD_H
| # include <unistd.h>
| #endif
| int
| main ()
| {
| if (sizeof ((pid_t)))
| 	    return 0;
|   ;
|   return 0;
| }
configure:5005: result: yes
configure:5016: checking for size_t
configure:5016: gcc -c -W -Wall -Werror -Wundef -Wshadow -D_GNU_SOURCE -g -O2 -fstack-protector --param=ssp-buffer-size=4 -Wformat -Werror=format-security -fno-strict-aliasing -D_FORTIFY_SOURCE=2 conftest.c >&5
configure:5016: $? = 0
configure:5016: gcc -c -W -Wall -Werror -Wundef -Wshadow -D_GNU_SOURCE -g -O2 -fstack-protector --param=ssp-buffer-size=4 -Wformat -Werror=format-security -fno-strict-aliasing -D_FORTIFY_SOURCE=2 conftest.c >&5
conftest.c:72:21: error: expected expression
if (sizeof ((size_t)))
                    ^
1 error generated.
configure:5016: $? = 1
configure: failed program was:
| /* confdefs.h */
| #define PACKAGE_NAME "acpid"
| #define PACKAGE_TARNAME "acpid"
| #define PACKAGE_VERSION "2.0.17"
| #define PACKAGE_STRING "acpid 2.0.17"
| #define PACKAGE_BUGREPORT ""
| #define PACKAGE_URL ""
dh_auto_configure: ./configure --build=x86_64-linux-gnu --prefix=/usr --includedir=${prefix}/include --mandir=${prefix}/share/man --infodir=${prefix}/share/info --sysconfdir=/etc --localstatedir=/var --libdir=${prefix}/lib/x86_64-linux-gnu --libexecdir=${prefix}/lib/x86_64-linux-gnu --disable-maintainer-mode --disable-dependency-tracking returned exit code 1
| #define PACKAGE "acpid"
| #define VERSION "2.0.17"
| #define STDC_HEADERS 1
| #define HAVE_SYS_TYPES_H 1
| #define HAVE_SYS_STAT_H 1
| #define HAVE_STDLIB_H 1
| #define HAVE_STRING_H 1
| #define HAVE_MEMORY_H 1
| #define HAVE_STRINGS_H 1
| #define HAVE_INTTYPES_H 1
| #define HAVE_STDINT_H 1
| #define HAVE_UNISTD_H 1
| #define __EXTENSIONS__ 1
| #define _ALL_SOURCE 1
| #define _GNU_SOURCE 1
| #define _POSIX_PTHREAD_SEMANTICS 1
| #define _TANDEM_SOURCE 1
| #define HAVE_ARPA_INET_H 1
| #define HAVE_FCNTL_H 1
| #define HAVE_MALLOC_H 1
| #define HAVE_NETINET_IN_H 1
| #define HAVE_STDLIB_H 1
| #define HAVE_STRING_H 1
| #define HAVE_SYS_IOCTL_H 1
| #define HAVE_SYS_SOCKET_H 1
| #define HAVE_SYSLOG_H 1
| #define HAVE_UNISTD_H 1
| /* end confdefs.h.  */
| #include <stdio.h>
| #ifdef HAVE_SYS_TYPES_H
| # include <sys/types.h>
| #endif
| #ifdef HAVE_SYS_STAT_H
| # include <sys/stat.h>
| #endif
| #ifdef STDC_HEADERS
| # include <stdlib.h>
| # include <stddef.h>
| #else
| # ifdef HAVE_STDLIB_H
| #  include <stdlib.h>
| # endif
| #endif
| #ifdef HAVE_STRING_H
| # if !defined STDC_HEADERS && defined HAVE_MEMORY_H
| #  include <memory.h>
| # endif
| # include <string.h>
| #endif
| #ifdef HAVE_STRINGS_H
| # include <strings.h>
| #endif
| #ifdef HAVE_INTTYPES_H
| # include <inttypes.h>
| #endif
| #ifdef HAVE_STDINT_H
| # include <stdint.h>
| #endif
| #ifdef HAVE_UNISTD_H
| # include <unistd.h>
| #endif
| int
| main ()
| {
| if (sizeof ((size_t)))
| 	    return 0;
|   ;
|   return 0;
| }
configure:5016: result: yes
configure:5027: checking for ssize_t
configure:5027: gcc -c -W -Wall -Werror -Wundef -Wshadow -D_GNU_SOURCE -g -O2 -fstack-protector --param=ssp-buffer-size=4 -Wformat -Werror=format-security -fno-strict-aliasing -D_FORTIFY_SOURCE=2 conftest.c >&5
configure:5027: $? = 0
configure:5027: gcc -c -W -Wall -Werror -Wundef -Wshadow -D_GNU_SOURCE -g -O2 -fstack-protector --param=ssp-buffer-size=4 -Wformat -Werror=format-security -fno-strict-aliasing -D_FORTIFY_SOURCE=2 conftest.c >&5
conftest.c:72:22: error: expected expression
if (sizeof ((ssize_t)))
                     ^
1 error generated.
configure:5027: $? = 1
configure: failed program was:
| /* confdefs.h */
| #define PACKAGE_NAME "acpid"
| #define PACKAGE_TARNAME "acpid"
| #define PACKAGE_VERSION "2.0.17"
| #define PACKAGE_STRING "acpid 2.0.17"
| #define PACKAGE_BUGREPORT ""
| #define PACKAGE_URL ""
| #define PACKAGE "acpid"
| #define VERSION "2.0.17"
| #define STDC_HEADERS 1
| #define HAVE_SYS_TYPES_H 1
| #define HAVE_SYS_STAT_H 1
| #define HAVE_STDLIB_H 1
| #define HAVE_STRING_H 1
| #define HAVE_MEMORY_H 1
| #define HAVE_STRINGS_H 1
| #define HAVE_INTTYPES_H 1
| #define HAVE_STDINT_H 1
| #define HAVE_UNISTD_H 1
| #define __EXTENSIONS__ 1
| #define _ALL_SOURCE 1
| #define _GNU_SOURCE 1
| #define _POSIX_PTHREAD_SEMANTICS 1
| #define _TANDEM_SOURCE 1
| #define HAVE_ARPA_INET_H 1
| #define HAVE_FCNTL_H 1
| #define HAVE_MALLOC_H 1
| #define HAVE_NETINET_IN_H 1
| #define HAVE_STDLIB_H 1
| #define HAVE_STRING_H 1
| #define HAVE_SYS_IOCTL_H 1
| #define HAVE_SYS_SOCKET_H 1
| #define HAVE_SYSLOG_H 1
| #define HAVE_UNISTD_H 1
| /* end confdefs.h.  */
| #include <stdio.h>
| #ifdef HAVE_SYS_TYPES_H
| # include <sys/types.h>
| #endif
| #ifdef HAVE_SYS_STAT_H
| # include <sys/stat.h>
| #endif
| #ifdef STDC_HEADERS
| # include <stdlib.h>
| # include <stddef.h>
| #else
| # ifdef HAVE_STDLIB_H
| #  include <stdlib.h>
| # endif
| #endif
| #ifdef HAVE_STRING_H
| # if !defined STDC_HEADERS && defined HAVE_MEMORY_H
| #  include <memory.h>
| # endif
| # include <string.h>
| #endif
| #ifdef HAVE_STRINGS_H
| # include <strings.h>
| #endif
| #ifdef HAVE_INTTYPES_H
| # include <inttypes.h>
| #endif
| #ifdef HAVE_STDINT_H
| # include <stdint.h>
| #endif
| #ifdef HAVE_UNISTD_H
| # include <unistd.h>
| #endif
| int
| main ()
| {
| if (sizeof ((ssize_t)))
| 	    return 0;
|   ;
|   return 0;
| }
configure:5027: result: yes
configure:5042: checking vfork.h usability
configure:5042: gcc -c -W -Wall -Werror -Wundef -Wshadow -D_GNU_SOURCE -g -O2 -fstack-protector --param=ssp-buffer-size=4 -Wformat -Werror=format-security -fno-strict-aliasing -D_FORTIFY_SOURCE=2 conftest.c >&5
conftest.c:69:10: fatal error: 'vfork.h' file not found
#include <vfork.h>
         ^
1 error generated.
configure:5042: $? = 1
configure: failed program was:
| /* confdefs.h */
| #define PACKAGE_NAME "acpid"
| #define PACKAGE_TARNAME "acpid"
| #define PACKAGE_VERSION "2.0.17"
| #define PACKAGE_STRING "acpid 2.0.17"
| #define PACKAGE_BUGREPORT ""
| #define PACKAGE_URL ""
| #define PACKAGE "acpid"
| #define VERSION "2.0.17"
| #define STDC_HEADERS 1
| #define HAVE_SYS_TYPES_H 1
| #define HAVE_SYS_STAT_H 1
| #define HAVE_STDLIB_H 1
| #define HAVE_STRING_H 1
| #define HAVE_MEMORY_H 1
| #define HAVE_STRINGS_H 1
| #define HAVE_INTTYPES_H 1
| #define HAVE_STDINT_H 1
| #define HAVE_UNISTD_H 1
| #define __EXTENSIONS__ 1
| #define _ALL_SOURCE 1
| #define _GNU_SOURCE 1
| #define _POSIX_PTHREAD_SEMANTICS 1
| #define _TANDEM_SOURCE 1
| #define HAVE_ARPA_INET_H 1
| #define HAVE_FCNTL_H 1
| #define HAVE_MALLOC_H 1
| #define HAVE_NETINET_IN_H 1
| #define HAVE_STDLIB_H 1
| #define HAVE_STRING_H 1
| #define HAVE_SYS_IOCTL_H 1
| #define HAVE_SYS_SOCKET_H 1
| #define HAVE_SYSLOG_H 1
| #define HAVE_UNISTD_H 1
| /* end confdefs.h.  */
| #include <stdio.h>
| #ifdef HAVE_SYS_TYPES_H
| # include <sys/types.h>
| #endif
| #ifdef HAVE_SYS_STAT_H
| # include <sys/stat.h>
| #endif
| #ifdef STDC_HEADERS
| # include <stdlib.h>
| # include <stddef.h>
| #else
| # ifdef HAVE_STDLIB_H
| #  include <stdlib.h>
| # endif
| #endif
| #ifdef HAVE_STRING_H
| # if !defined STDC_HEADERS && defined HAVE_MEMORY_H
| #  include <memory.h>
| # endif
| # include <string.h>
| #endif
| #ifdef HAVE_STRINGS_H
| # include <strings.h>
| #endif
| #ifdef HAVE_INTTYPES_H
| # include <inttypes.h>
| #endif
| #ifdef HAVE_STDINT_H
| # include <stdint.h>
| #endif
| #ifdef HAVE_UNISTD_H
| # include <unistd.h>
| #endif
| #include <vfork.h>
configure:5042: result: no
configure:5042: checking vfork.h presence
configure:5042: gcc -E -D_FORTIFY_SOURCE=2 conftest.c
conftest.c:36:10: fatal error: 'vfork.h' file not found
#include <vfork.h>
         ^
1 error generated.
configure:5042: $? = 1
configure: failed program was:
| /* confdefs.h */
| #define PACKAGE_NAME "acpid"
| #define PACKAGE_TARNAME "acpid"
| #define PACKAGE_VERSION "2.0.17"
| #define PACKAGE_STRING "acpid 2.0.17"
| #define PACKAGE_BUGREPORT ""
| #define PACKAGE_URL ""
| #define PACKAGE "acpid"
| #define VERSION "2.0.17"
| #define STDC_HEADERS 1
| #define HAVE_SYS_TYPES_H 1
| #define HAVE_SYS_STAT_H 1
| #define HAVE_STDLIB_H 1
| #define HAVE_STRING_H 1
| #define HAVE_MEMORY_H 1
| #define HAVE_STRINGS_H 1
| #define HAVE_INTTYPES_H 1
| #define HAVE_STDINT_H 1
| #define HAVE_UNISTD_H 1
| #define __EXTENSIONS__ 1
| #define _ALL_SOURCE 1
| #define _GNU_SOURCE 1
| #define _POSIX_PTHREAD_SEMANTICS 1
| #define _TANDEM_SOURCE 1
| #define HAVE_ARPA_INET_H 1
| #define HAVE_FCNTL_H 1
| #define HAVE_MALLOC_H 1
| #define HAVE_NETINET_IN_H 1
| #define HAVE_STDLIB_H 1
| #define HAVE_STRING_H 1
| #define HAVE_SYS_IOCTL_H 1
| #define HAVE_SYS_SOCKET_H 1
| #define HAVE_SYSLOG_H 1
| #define HAVE_UNISTD_H 1
| /* end confdefs.h.  */
| #include <vfork.h>
configure:5042: result: no
configure:5042: checking for vfork.h
configure:5042: result: no
configure:5055: checking for fork
configure:5055: gcc -o conftest -W -Wall -Werror -Wundef -Wshadow -D_GNU_SOURCE -g -O2 -fstack-protector --param=ssp-buffer-size=4 -Wformat -Werror=format-security -fno-strict-aliasing -D_FORTIFY_SOURCE=2 -Wl,-z,relro conftest.c  >&5
configure:5055: $? = 0
configure:5055: result: yes
configure:5055: checking for vfork
configure:5055: gcc -o conftest -W -Wall -Werror -Wundef -Wshadow -D_GNU_SOURCE -g -O2 -fstack-protector --param=ssp-buffer-size=4 -Wformat -Werror=format-security -fno-strict-aliasing -D_FORTIFY_SOURCE=2 -Wl,-z,relro conftest.c  >&5
conftest.c:60:6: error: incompatible redeclaration of library function 'vfork' [-Werror]
char vfork ();
     ^
conftest.c:60:6: note: 'vfork' is a builtin with type 'int (void)'
1 error generated.
configure:5055: $? = 1
configure: failed program was:
| /* confdefs.h */
| #define PACKAGE_NAME "acpid"
| #define PACKAGE_TARNAME "acpid"
| #define PACKAGE_VERSION "2.0.17"
| #define PACKAGE_STRING "acpid 2.0.17"
| #define PACKAGE_BUGREPORT ""
| #define PACKAGE_URL ""
| #define PACKAGE "acpid"
| #define VERSION "2.0.17"
| #define STDC_HEADERS 1
| #define HAVE_SYS_TYPES_H 1
| #define HAVE_SYS_STAT_H 1
| #define HAVE_STDLIB_H 1
| #define HAVE_STRING_H 1
| #define HAVE_MEMORY_H 1
| #define HAVE_STRINGS_H 1
| #define HAVE_INTTYPES_H 1
| #define HAVE_STDINT_H 1
| #define HAVE_UNISTD_H 1
| #define __EXTENSIONS__ 1
| #define _ALL_SOURCE 1
| #define _GNU_SOURCE 1
| #define _POSIX_PTHREAD_SEMANTICS 1
| #define _TANDEM_SOURCE 1
| #define HAVE_ARPA_INET_H 1
| #define HAVE_FCNTL_H 1
| #define HAVE_MALLOC_H 1
| #define HAVE_NETINET_IN_H 1
| #define HAVE_STDLIB_H 1
| #define HAVE_STRING_H 1
| #define HAVE_SYS_IOCTL_H 1
| #define HAVE_SYS_SOCKET_H 1
| #define HAVE_SYSLOG_H 1
| #define HAVE_UNISTD_H 1
| #define HAVE_FORK 1
| /* end confdefs.h.  */
| /* Define vfork to an innocuous variant, in case <limits.h> declares vfork.
|    For example, HP-UX 11i <limits.h> declares gettimeofday.  */
| #define vfork innocuous_vfork
| 
| /* System header to define __stub macros and hopefully few prototypes,
|     which can conflict with char vfork (); below.
|     Prefer <limits.h> to <assert.h> if __STDC__ is defined, since
|     <limits.h> exists even on freestanding compilers.  */
| 
| #ifdef __STDC__
| # include <limits.h>
| #else
| # include <assert.h>
| #endif
| 
| #undef vfork
| 
| /* Override any GCC internal prototype to avoid an error.
|    Use char because int might match the return type of a GCC
|    builtin and then its argument prototype would still apply.  */
| #ifdef __cplusplus
| extern "C"
| #endif
| char vfork ();
| /* The GNU C library defines this for functions which it implements
|     to always fail with ENOSYS.  Some functions are actually named
|     something starting with __ and the normal name is an alias.  */
| #if defined __stub_vfork || defined __stub___vfork
| choke me
| #endif
| 
| int
| main ()
| {
| return vfork ();
|   ;
|   return 0;
| }
configure:5055: result: no
configure:5065: checking for working fork
configure:5087: gcc -o conftest -W -Wall -Werror -Wundef -Wshadow -D_GNU_SOURCE -g -O2 -fstack-protector --param=ssp-buffer-size=4 -Wformat -Werror=format-security -fno-strict-aliasing -D_FORTIFY_SOURCE=2 -Wl,-z,relro conftest.c  >&5
configure:5087: $? = 0
configure:5087: ./conftest
configure:5087: $? = 0
configure:5097: result: yes
configure:5255: checking for stdlib.h
configure:5255: result: yes
configure:5265: checking for GNU libc compatible malloc
configure:5289: gcc -o conftest -W -Wall -Werror -Wundef -Wshadow -D_GNU_SOURCE -g -O2 -fstack-protector --param=ssp-buffer-size=4 -Wformat -Werror=format-security -fno-strict-aliasing -D_FORTIFY_SOURCE=2 -Wl,-z,relro conftest.c  >&5
configure:5289: $? = 0
configure:5289: ./conftest
configure:5289: $? = 0
configure:5299: result: yes
configure:5322: checking for stdlib.h
configure:5322: result: yes
configure:5332: checking for GNU libc compatible realloc
configure:5356: gcc -o conftest -W -Wall -Werror -Wundef -Wshadow -D_GNU_SOURCE -g -O2 -fstack-protector --param=ssp-buffer-size=4 -Wformat -Werror=format-security -fno-strict-aliasing -D_FORTIFY_SOURCE=2 -Wl,-z,relro conftest.c  >&5
configure:5356: $? = 0
configure:5356: ./conftest
configure:5356: $? = 0
configure:5366: result: yes
configure:5391: checking build system type
configure:5405: result: x86_64-pc-linux-gnu
configure:5425: checking host system type
configure:5438: result: x86_64-pc-linux-gnu
configure:5458: checking for working strnlen
configure:5496: gcc -o conftest -W -Wall -Werror -Wundef -Wshadow -D_GNU_SOURCE -g -O2 -fstack-protector --param=ssp-buffer-size=4 -Wformat -Werror=format-security -fno-strict-aliasing -D_FORTIFY_SOURCE=2 -Wl,-z,relro conftest.c  >&5
conftest.c:87:17: error: comparison of integers of different signs: 'int' and 'unsigned long' [-Werror,-Wsign-compare]
  for (i = 0; i < S_LEN + 1; ++i)
              ~ ^ ~~~~~~~~~
conftest.c:89:24: error: comparison of integers of different signs: 'int' and 'unsigned long' [-Werror,-Wsign-compare]
      int expected = i <= S_LEN ? i : S_LEN;
                     ~ ^  ~~~~~
conftest.c:90:26: error: comparison of integers of different signs: 'size_t' (aka 'unsigned long') and 'int' [-Werror,-Wsign-compare]
      if (strnlen (S, i) != expected)
          ~~~~~~~~~~~~~~ ^  ~~~~~~~~
3 errors generated.
configure:5496: $? = 1
configure: program exited with status 1
configure: failed program was:
| /* confdefs.h */
| #define PACKAGE_NAME "acpid"
| #define PACKAGE_TARNAME "acpid"
| #define PACKAGE_VERSION "2.0.17"
| #define PACKAGE_STRING "acpid 2.0.17"
| #define PACKAGE_BUGREPORT ""
| #define PACKAGE_URL ""
| #define PACKAGE "acpid"
| #define VERSION "2.0.17"
| #define STDC_HEADERS 1
| #define HAVE_SYS_TYPES_H 1
| #define HAVE_SYS_STAT_H 1
| #define HAVE_STDLIB_H 1
| #define HAVE_STRING_H 1
| #define HAVE_MEMORY_H 1
| #define HAVE_STRINGS_H 1
| #define HAVE_INTTYPES_H 1
| #define HAVE_STDINT_H 1
| #define HAVE_UNISTD_H 1
| #define __EXTENSIONS__ 1
| #define _ALL_SOURCE 1
| #define _GNU_SOURCE 1
| #define _POSIX_PTHREAD_SEMANTICS 1
| #define _TANDEM_SOURCE 1
| #define HAVE_ARPA_INET_H 1
| #define HAVE_FCNTL_H 1
| #define HAVE_MALLOC_H 1
| #define HAVE_NETINET_IN_H 1
| #define HAVE_STDLIB_H 1
| #define HAVE_STRING_H 1
| #define HAVE_SYS_IOCTL_H 1
| #define HAVE_SYS_SOCKET_H 1
| #define HAVE_SYSLOG_H 1
| #define HAVE_UNISTD_H 1
| #define HAVE_FORK 1
| #define vfork fork
| #define HAVE_WORKING_FORK 1
| #define HAVE_STDLIB_H 1
| #define HAVE_MALLOC 1
| #define HAVE_STDLIB_H 1
| #define HAVE_REALLOC 1
| /* end confdefs.h.  */
| #include <stdio.h>
| #ifdef HAVE_SYS_TYPES_H
| # include <sys/types.h>
| #endif
| #ifdef HAVE_SYS_STAT_H
| # include <sys/stat.h>
| #endif
| #ifdef STDC_HEADERS
| # include <stdlib.h>
| # include <stddef.h>
| #else
| # ifdef HAVE_STDLIB_H
| #  include <stdlib.h>
| # endif
| #endif
| #ifdef HAVE_STRING_H
| # if !defined STDC_HEADERS && defined HAVE_MEMORY_H
| #  include <memory.h>
| # endif
| # include <string.h>
| #endif
| #ifdef HAVE_STRINGS_H
| # include <strings.h>
| #endif
| #ifdef HAVE_INTTYPES_H
| # include <inttypes.h>
| #endif
| #ifdef HAVE_STDINT_H
| # include <stdint.h>
| #endif
| #ifdef HAVE_UNISTD_H
| # include <unistd.h>
| #endif
| int
| main ()
| {
| 
| #define S "foobar"
| #define S_LEN (sizeof S - 1)
| 
|   /* At least one implementation is buggy: that of AIX 4.3 would
|      give strnlen (S, 1) == 3.  */
| 
|   int i;
|   for (i = 0; i < S_LEN + 1; ++i)
|     {
|       int expected = i <= S_LEN ? i : S_LEN;
|       if (strnlen (S, i) != expected)
| 	return 1;
|     }
|   return 0;
| 
|   ;
|   return 0;
| }
configure:5506: result: no
configure:5515: checking for fchown
configure:5515: gcc -o conftest -W -Wall -Werror -Wundef -Wshadow -D_GNU_SOURCE -g -O2 -fstack-protector --param=ssp-buffer-size=4 -Wformat -Werror=format-security -fno-strict-aliasing -D_FORTIFY_SOURCE=2 -Wl,-z,relro conftest.c  >&5
configure:5515: $? = 0
configure:5515: result: yes
configure:5524: checking for chmod
configure:5524: gcc -o conftest -W -Wall -Werror -Wundef -Wshadow -D_GNU_SOURCE -g -O2 -fstack-protector --param=ssp-buffer-size=4 -Wformat -Werror=format-security -fno-strict-aliasing -D_FORTIFY_SOURCE=2 -Wl,-z,relro conftest.c  >&5
make: *** [build-arch] Error 255configure:5524: $? = 0

configure:5524: result: yes
configure:5533: checking for fstat
configure:5533: gcc -o conftest -W -Wall -Werror -Wundef -Wshadow -D_GNU_SOURCE -g -O2 -fstack-protector --param=ssp-buffer-size=4 -Wformat -Werror=format-security -fno-strict-aliasing -D_FORTIFY_SOURCE=2 -Wl,-z,relro conftest.c  >&5
configure:5533: $? = 0
configure:5533: result: yes
configure:5542: checking for fstatat
configure:5542: gcc -o conftest -W -Wall -Werror -Wundef -Wshadow -D_GNU_SOURCE -g -O2 -fstack-protector --param=ssp-buffer-size=4 -Wformat -Werror=format-security -fno-strict-aliasing -D_FORTIFY_SOURCE=2 -Wl,-z,relro conftest.c  >&5
configure:5542: $? = 0
configure:5542: result: yes
configure:5551: checking for openat
configure:5551: gcc -o conftest -W -Wall -Werror -Wundef -Wshadow -D_GNU_SOURCE -g -O2 -fstack-protector --param=ssp-buffer-size=4 -Wformat -Werror=format-security -fno-strict-aliasing -D_FORTIFY_SOURCE=2 -Wl,-z,relro conftest.c  >&5
configure:5551: $? = 0
configure:5551: result: yes
configure:5560: checking for asprintf
configure:5560: gcc -o conftest -W -Wall -Werror -Wundef -Wshadow -D_GNU_SOURCE -g -O2 -fstack-protector --param=ssp-buffer-size=4 -Wformat -Werror=format-security -fno-strict-aliasing -D_FORTIFY_SOURCE=2 -Wl,-z,relro conftest.c  >&5
conftest.c:82:18: error: format string missing [-Werror,-Wformat]
return asprintf ();
       ~~~~~~~~  ^
1 error generated.
configure:5560: $? = 1
configure: failed program was:
| /* confdefs.h */
| #define PACKAGE_NAME "acpid"
| #define PACKAGE_TARNAME "acpid"
| #define PACKAGE_VERSION "2.0.17"
| #define PACKAGE_STRING "acpid 2.0.17"
| #define PACKAGE_BUGREPORT ""
| #define PACKAGE_URL ""
| #define PACKAGE "acpid"
| #define VERSION "2.0.17"
| #define STDC_HEADERS 1
| #define HAVE_SYS_TYPES_H 1
| #define HAVE_SYS_STAT_H 1
| #define HAVE_STDLIB_H 1
| #define HAVE_STRING_H 1
| #define HAVE_MEMORY_H 1
| #define HAVE_STRINGS_H 1
| #define HAVE_INTTYPES_H 1
| #define HAVE_STDINT_H 1
| #define HAVE_UNISTD_H 1
| #define __EXTENSIONS__ 1
| #define _ALL_SOURCE 1
| #define _GNU_SOURCE 1
| #define _POSIX_PTHREAD_SEMANTICS 1
| #define _TANDEM_SOURCE 1
| #define HAVE_ARPA_INET_H 1
| #define HAVE_FCNTL_H 1
| #define HAVE_MALLOC_H 1
| #define HAVE_NETINET_IN_H 1
| #define HAVE_STDLIB_H 1
| #define HAVE_STRING_H 1
| #define HAVE_SYS_IOCTL_H 1
| #define HAVE_SYS_SOCKET_H 1
| #define HAVE_SYSLOG_H 1
| #define HAVE_UNISTD_H 1
| #define HAVE_FORK 1
| #define vfork fork
| #define HAVE_WORKING_FORK 1
| #define HAVE_STDLIB_H 1
| #define HAVE_MALLOC 1
| #define HAVE_STDLIB_H 1
| #define HAVE_REALLOC 1
| #define HAVE_FCHOWN 1
| #define HAVE_CHMOD 1
| #define HAVE_FSTAT 1
| #define HAVE_FSTATAT 1
dpkg-buildpackage: error: debian/rules build-arch gave error exit status 2
| #define HAVE_OPENAT 1
| /* end confdefs.h.  */
| /* Define asprintf to an innocuous variant, in case <limits.h> declares asprintf.
|    For example, HP-UX 11i <limits.h> declares gettimeofday.  */
| #define asprintf innocuous_asprintf
| 
| /* System header to define __stub macros and hopefully few prototypes,
|     which can conflict with char asprintf (); below.
|     Prefer <limits.h> to <assert.h> if __STDC__ is defined, since
|     <limits.h> exists even on freestanding compilers.  */
| 
| #ifdef __STDC__
| # include <limits.h>
| #else
| # include <assert.h>
| #endif
| 
| #undef asprintf
| 
| /* Override any GCC internal prototype to avoid an error.
|    Use char because int might match the return type of a GCC
|    builtin and then its argument prototype would still apply.  */
| #ifdef __cplusplus
| extern "C"
| #endif
| char asprintf ();
| /* The GNU C library defines this for functions which it implements
|     to always fail with ENOSYS.  Some functions are actually named
|     something starting with __ and the normal name is an alias.  */
| #if defined __stub_asprintf || defined __stub___asprintf
| choke me
| #endif
| 
| int
| main ()
| {
| return asprintf ();
|   ;
|   return 0;
| }
configure:5560: result: no
configure:5566: error: "asprintf() not found"

## ---------------- ##
## Cache variables. ##
## ---------------- ##

ac_cv_build=x86_64-pc-linux-gnu
ac_cv_c_compiler_gnu=yes
ac_cv_env_CC_set=
ac_cv_env_CC_value=
ac_cv_env_CFLAGS_set=set
ac_cv_env_CFLAGS_value='-W -Wall -Werror -Wundef -Wshadow -D_GNU_SOURCE -g -O2 -fstack-protector --param=ssp-buffer-size=4 -Wformat -Werror=format-security -fno-strict-aliasing'
ac_cv_env_CPPFLAGS_set=set
ac_cv_env_CPPFLAGS_value=-D_FORTIFY_SOURCE=2
ac_cv_env_CPP_set=
ac_cv_env_CPP_value=
ac_cv_env_LDFLAGS_set=set
ac_cv_env_LDFLAGS_value=-Wl,-z,relro
ac_cv_env_LIBS_set=
ac_cv_env_LIBS_value=
ac_cv_env_build_alias_set=set
ac_cv_env_build_alias_value=x86_64-linux-gnu
ac_cv_env_host_alias_set=
ac_cv_env_host_alias_value=
ac_cv_env_target_alias_set=
ac_cv_env_target_alias_value=
ac_cv_func_asprintf=no
ac_cv_func_chmod=yes
ac_cv_func_fchown=yes
ac_cv_func_fork=yes
ac_cv_func_fork_works=yes
ac_cv_func_fstat=yes
ac_cv_func_fstatat=yes
ac_cv_func_malloc_0_nonnull=yes
ac_cv_func_openat=yes
ac_cv_func_realloc_0_nonnull=yes
ac_cv_func_strnlen_working=no
ac_cv_func_vfork=no
ac_cv_func_vfork_works=no
ac_cv_header_arpa_inet_h=yes
ac_cv_header_fcntl_h=yes
ac_cv_header_inttypes_h=yes
ac_cv_header_malloc_h=yes
ac_cv_header_memory_h=yes
ac_cv_header_minix_config_h=no
ac_cv_header_netinet_in_h=yes
ac_cv_header_stdc=yes
ac_cv_header_stdint_h=yes
ac_cv_header_stdlib_h=yes
ac_cv_header_string_h=yes
ac_cv_header_strings_h=yes
ac_cv_header_sys_ioctl_h=yes
ac_cv_header_sys_socket_h=yes
ac_cv_header_sys_stat_h=yes
ac_cv_header_sys_types_h=yes
ac_cv_header_syslog_h=yes
ac_cv_header_unistd_h=yes
ac_cv_header_vfork_h=no
ac_cv_host=x86_64-pc-linux-gnu
ac_cv_objext=o
ac_cv_path_EGREP='/bin/grep -E'
ac_cv_path_GREP=/bin/grep
ac_cv_path_install='/usr/bin/install -c'
ac_cv_path_mkdir=/bin/mkdir
ac_cv_prog_AWK=mawk
ac_cv_prog_CPP='gcc -E'
ac_cv_prog_ac_ct_CC=gcc
ac_cv_prog_cc_c89=
ac_cv_prog_cc_c99=
ac_cv_prog_cc_g=yes
ac_cv_prog_cc_gcc_c_o=yes
ac_cv_prog_cc_stdc=
ac_cv_prog_make_make_set=yes
ac_cv_safe_to_define___extensions__=yes
ac_cv_sys_file_offset_bits=no
ac_cv_sys_largefile_CC=no
ac_cv_type_mode_t=yes
ac_cv_type_pid_t=yes
ac_cv_type_size_t=yes
ac_cv_type_ssize_t=yes
am_cv_CC_dependencies_compiler_type=none
am_cv_make_support_nested_variables=yes
am_cv_prog_tar_pax=gnutar

## ----------------- ##
## Output variables. ##
## ----------------- ##

ACLOCAL='${SHELL} /«PKGBUILDDIR»/build-aux/missing --run aclocal-1.11'
AMDEPBACKSLASH=''
AMDEP_FALSE=''
AMDEP_TRUE='#'
AMTAR='$${TAR-tar}'
AM_BACKSLASH='\'
AM_DEFAULT_V='$(AM_DEFAULT_VERBOSITY)'
AM_DEFAULT_VERBOSITY='1'
AM_V='$(V)'
AUTOCONF='${SHELL} /«PKGBUILDDIR»/build-aux/missing --run autoconf'
AUTOHEADER='${SHELL} /«PKGBUILDDIR»/build-aux/missing --run autoheader'
AUTOMAKE='${SHELL} /«PKGBUILDDIR»/build-aux/missing --run automake-1.11'
AWK='mawk'
CC='gcc'
CCDEPMODE='depmode=none'
CFLAGS='-W -Wall -Werror -Wundef -Wshadow -D_GNU_SOURCE -g -O2 -fstack-protector --param=ssp-buffer-size=4 -Wformat -Werror=format-security -fno-strict-aliasing'
CPP='gcc -E'
CPPFLAGS='-D_FORTIFY_SOURCE=2'
CYGPATH_W='echo'
DEFS=''
DEPDIR='.deps'
ECHO_C=''
ECHO_N='-n'
ECHO_T=''
EGREP='/bin/grep -E'
EXEEXT=''
GREP='/bin/grep'
INSTALL_DATA='${INSTALL} -m 644'
INSTALL_PROGRAM='${INSTALL}'
INSTALL_SCRIPT='${INSTALL}'
INSTALL_STRIP_PROGRAM='$(install_sh) -c -s'
LDFLAGS='-Wl,-z,relro'
LIBOBJS=' strnlen.o'
LIBS=''
LTLIBOBJS=''
MAINT='#'
MAINTAINER_MODE_FALSE=''
MAINTAINER_MODE_TRUE='#'
MAKEINFO='${SHELL} /«PKGBUILDDIR»/build-aux/missing --run makeinfo'
MKDIR_P='/bin/mkdir -p'
OBJEXT='o'
PACKAGE='acpid'
PACKAGE_BUGREPORT=''
PACKAGE_NAME='acpid'
PACKAGE_STRING='acpid 2.0.17'
PACKAGE_TARNAME='acpid'
PACKAGE_URL=''
PACKAGE_VERSION='2.0.17'
PATH_SEPARATOR=':'
SET_MAKE=''
SHELL='/bin/bash'
STRIP=''
VERSION='2.0.17'
ac_ct_CC='gcc'
am__EXEEXT_FALSE=''
am__EXEEXT_TRUE=''
am__fastdepCC_FALSE=''
am__fastdepCC_TRUE='#'
am__include='include'
am__isrc=''
am__leading_dot='.'
am__nodep=''
am__quote=''
am__tar='tar --format=posix -chf - "$$tardir"'
am__untar='tar -xf -'
bindir='${exec_prefix}/bin'
build='x86_64-pc-linux-gnu'
build_alias='x86_64-linux-gnu'
build_cpu='x86_64'
build_os='linux-gnu'
build_vendor='pc'
datadir='${datarootdir}'
datarootdir='${prefix}/share'
docdir='${datarootdir}/doc/${PACKAGE_TARNAME}'
dvidir='${docdir}'
exec_prefix='NONE'
host='x86_64-pc-linux-gnu'
host_alias=''
host_cpu='x86_64'
host_os='linux-gnu'
host_vendor='pc'
htmldir='${docdir}'
includedir='${prefix}/include'
infodir='${prefix}/share/info'
install_sh='${SHELL} /«PKGBUILDDIR»/build-aux/install-sh'
libdir='${prefix}/lib/x86_64-linux-gnu'
libexecdir='${prefix}/lib/x86_64-linux-gnu'
localedir='${datarootdir}/locale'
localstatedir='/var'
mandir='${prefix}/share/man'
mkdir_p='/bin/mkdir -p'
oldincludedir='/usr/include'
pdfdir='${docdir}'
prefix='/usr'
program_transform_name='s,x,x,'
psdir='${docdir}'
sbindir='${exec_prefix}/sbin'
sharedstatedir='${prefix}/com'
sysconfdir='/etc'
target_alias=''

## ----------- ##
## confdefs.h. ##
## ----------- ##

/* confdefs.h */
#define PACKAGE_NAME "acpid"
#define PACKAGE_TARNAME "acpid"
#define PACKAGE_VERSION "2.0.17"
#define PACKAGE_STRING "acpid 2.0.17"
#define PACKAGE_BUGREPORT ""
#define PACKAGE_URL ""
#define PACKAGE "acpid"
#define VERSION "2.0.17"
#define STDC_HEADERS 1
#define HAVE_SYS_TYPES_H 1
#define HAVE_SYS_STAT_H 1
#define HAVE_STDLIB_H 1
#define HAVE_STRING_H 1
#define HAVE_MEMORY_H 1
#define HAVE_STRINGS_H 1
#define HAVE_INTTYPES_H 1
#define HAVE_STDINT_H 1
#define HAVE_UNISTD_H 1
#define __EXTENSIONS__ 1
#define _ALL_SOURCE 1
#define _GNU_SOURCE 1
#define _POSIX_PTHREAD_SEMANTICS 1
#define _TANDEM_SOURCE 1
#define HAVE_ARPA_INET_H 1
#define HAVE_FCNTL_H 1
#define HAVE_MALLOC_H 1
#define HAVE_NETINET_IN_H 1
#define HAVE_STDLIB_H 1
#define HAVE_STRING_H 1
#define HAVE_SYS_IOCTL_H 1
#define HAVE_SYS_SOCKET_H 1
#define HAVE_SYSLOG_H 1
#define HAVE_UNISTD_H 1
#define HAVE_FORK 1
#define vfork fork
#define HAVE_WORKING_FORK 1
#define HAVE_STDLIB_H 1
#define HAVE_MALLOC 1
#define HAVE_STDLIB_H 1
#define HAVE_REALLOC 1
#define HAVE_FCHOWN 1
#define HAVE_CHMOD 1
#define HAVE_FSTAT 1
#define HAVE_FSTATAT 1
#define HAVE_OPENAT 1

configure: exit 1
────────────────────────────────────────────────────────────────────────────────
Build finished at 20130128-0502

Finished
────────

E: Build failure (dpkg-buildpackage died)

┌──────────────────────────────────────────────────────────────────────────────┐
│ Cleanup                                                                      │
└──────────────────────────────────────────────────────────────────────────────┘

Purging /«BUILDDIR»
Not cleaning session: cloned chroot in use

┌──────────────────────────────────────────────────────────────────────────────┐
│ Summary                                                                      │
└──────────────────────────────────────────────────────────────────────────────┘

Architecture: amd64
Build-Space: 1084
Build-Time: 7
Distribution: unstable
Fail-Stage: build
Install-Time: 8
Job: acpid_1:2.0.17-2
Package: acpid
Package-Time: 46
Source-Version: 1:2.0.17-2
Space: 1084
Status: attempted
Version: 1:2.0.17-2
────────────────────────────────────────────────────────────────────────────────
Finished at 20130128-0502
Build needed 00:00:46, 1084k disc space
DC-Status: Failed 46.619759s
DC-Time-Estimation: 46.619759 versus expected 131 (r/m: 1.80996733595298 ; m: 46.619759)
