DC-Build-Header: appstream 0.1-1 / Mon Jan 28 03:56:32 +0000 2013
DC-Task: logfile:/tmp/appstream_0.1-1_unstable_clang.log version:0.1-1 chroot:unstable modes:binary-only:clang source:appstream architecture:any esttime:
DC-Sbuild-call: su user -c 'sbuild -n --apt-update -d unstable -v  --chroot-setup-commands=/tmp/switch-to-clang appstream_0.1-1'
Could not create '/sbuild-nonexistent/logs': No such file or directory
Could not create '/sbuild-nonexistent/logs': No such file or directory
sbuild (Debian sbuild) 0.62.5 (13 Jul 2011) on ip-10-30-133-166.ec2.internal

╔══════════════════════════════════════════════════════════════════════════════╗
║ appstream 0.1-1 (amd64)                                    28 Jan 2013 03:56 ║
╚══════════════════════════════════════════════════════════════════════════════╝

Package: appstream
Version: 0.1-1
Source Version: 0.1-1
Distribution: unstable
Architecture: amd64

I: NOTICE: Log filtering will replace 'build/appstream-D4TC4E/appstream-0.1' with '«PKGBUILDDIR»'
I: NOTICE: Log filtering will replace 'build/appstream-D4TC4E' with '«BUILDDIR»'
I: NOTICE: Log filtering will replace 'var/lib/schroot/mount/unstable-amd64-sbuild-a8f61173-1456-4981-ba3a-28e3f3734d6e' with '«CHROOT»'

┌──────────────────────────────────────────────────────────────────────────────┐
│ Update chroot                                                                │
└──────────────────────────────────────────────────────────────────────────────┘

Ign http://localhost unstable InRelease
Get:1 http://localhost unstable Release.gpg [836 B]
Get:2 http://localhost unstable Release [227 kB]
Ign http://localhost unstable/main Sources/DiffIndex
Ign http://localhost unstable/main amd64 Packages/DiffIndex
Get:3 http://localhost unstable/main Translation-en/DiffIndex [7876 B]
Get:4 http://localhost unstable/main 2013-01-27-2011.16.pdiff [737 B]
Get:5 http://localhost unstable/main 2013-01-27-2011.16.pdiff [737 B]
Get:6 http://localhost unstable/main Sources [8234 kB]
Get:7 http://localhost unstable/main amd64 Packages [8284 kB]
Fetched 16.8 MB in 3s (4896 kB/s)
Reading package lists...
Reading package lists...
Building dependency tree...
Reading state information...
0 upgraded, 0 newly installed, 0 to remove and 0 not upgraded.

┌──────────────────────────────────────────────────────────────────────────────┐
│ Fetch source files                                                           │
└──────────────────────────────────────────────────────────────────────────────┘


Check APT
─────────

Checking available source versions...

Download source files with APT
──────────────────────────────

Reading package lists...
Building dependency tree...
Reading state information...
NOTICE: 'appstream' packaging is maintained in the 'Git' version control system at:
git://anonscm.debian.org/pkg-packagekit/appstream.git
Need to get 54.7 kB of source archives.
Get:1 http://localhost/debian/ unstable/main appstream 0.1-1 (dsc) [1636 B]
Get:2 http://localhost/debian/ unstable/main appstream 0.1-1 (tar) [50.1 kB]
Get:3 http://localhost/debian/ unstable/main appstream 0.1-1 (diff) [2948 B]
Fetched 54.7 kB in 0s (241 kB/s)
Download complete and in download only mode

Check arch
──────────


┌──────────────────────────────────────────────────────────────────────────────┐
│ Chroot Setup Commands                                                        │
└──────────────────────────────────────────────────────────────────────────────┘


/tmp/switch-to-clang
────────────────────

+ echo 'Entering customization script...'
Entering customization script...
+ echo 'Add experimental as repository'
Add experimental as repository
+ echo deb http://localhost:9999/debian experimental main
+ apt-get update
Ign http://localhost unstable InRelease
Ign http://localhost experimental InRelease
Hit http://localhost unstable Release.gpg
Get:1 http://localhost experimental Release.gpg [836 B]
Hit http://localhost unstable Release
Get:2 http://localhost experimental Release [161 kB]
Ign http://localhost unstable/main Sources/DiffIndex
Ign http://localhost unstable/main amd64 Packages/DiffIndex
Hit http://localhost unstable/main Translation-en/DiffIndex
Get:3 http://localhost experimental/main Translation-en [704 kB]
Get:4 http://localhost experimental/main amd64 Packages [1605 kB]
Hit http://localhost unstable/main Sources
Hit http://localhost unstable/main amd64 Packages
Fetched 2471 kB in 1s (1325 kB/s)
Reading package lists...
+ echo 'Install of clang'
Install of clang
+ apt-get update
Ign http://localhost unstable InRelease
Ign http://localhost experimental InRelease
Hit http://localhost unstable Release.gpg
Hit http://localhost experimental Release.gpg
Hit http://localhost unstable Release
Hit http://localhost experimental Release
Ign http://localhost unstable/main Sources/DiffIndex
Ign http://localhost unstable/main amd64 Packages/DiffIndex
Hit http://localhost unstable/main Translation-en/DiffIndex
Ign http://localhost experimental/main amd64 Packages/DiffIndex
Get:1 http://localhost experimental/main Translation-en/DiffIndex [7819 B]
Hit http://localhost unstable/main Sources
Hit http://localhost unstable/main amd64 Packages
Hit http://localhost experimental/main amd64 Packages
Fetched 7819 B in 1s (3981 B/s)
Reading package lists...
+ apt-get install --yes --no-install-recommends clang -t experimental
Reading package lists...
Building dependency tree...
Reading state information...
The following extra packages will be installed:
  clang-3.2 compiler-rt cpp-4.7 g++-4.7 gcc-4.7 gcc-4.7-base gcc-4.8-base
  libc-dev-bin libc6 libc6-dev libclang-common-dev libexpat1 libffi5
  libgcc-4.7-dev libgcc1 libgomp1 libitm1 libllvm3.2 libncurses5 libncursesw5
  libobjc-4.7-dev libobjc4 libpython2.7-minimal libpython2.7-stdlib
  libquadmath0 libsqlite3-0 libssl1.0.0 libstdc++6 libstdc++6-4.7-dev
  libtinfo5 mime-support python python-minimal python2.7 python2.7-minimal
Suggested packages:
  gcc-4.7-locales g++-4.7-multilib gcc-4.7-doc libstdc++6-4.7-dbg
  gcc-4.7-multilib libmudflap0-4.7-dev libgcc1-dbg libgomp1-dbg libitm1-dbg
  libquadmath0-dbg libmudflap0-dbg libcloog-ppl0 libppl-c2 libppl7
  binutils-gold glibc-doc libstdc++6-4.7-doc python-doc python-tk
  python2.7-doc binfmt-support
Recommended packages:
  llvm-3.2-dev manpages-dev file
The following NEW packages will be installed:
  clang clang-3.2 compiler-rt gcc-4.8-base libclang-common-dev libexpat1
  libffi5 libgcc-4.7-dev libllvm3.2 libncursesw5 libobjc-4.7-dev libobjc4
  libpython2.7-minimal libpython2.7-stdlib libsqlite3-0 libssl1.0.0
  mime-support python python-minimal python2.7 python2.7-minimal
The following packages will be upgraded:
  cpp-4.7 g++-4.7 gcc-4.7 gcc-4.7-base libc-dev-bin libc6 libc6-dev libgcc1
  libgomp1 libitm1 libncurses5 libquadmath0 libstdc++6 libstdc++6-4.7-dev
  libtinfo5
15 upgraded, 21 newly installed, 0 to remove and 24 not upgraded.
Need to get 56.7 MB of archives.
After this operation, 72.6 MB of additional disk space will be used.
Get:1 http://localhost/debian/ experimental/main gcc-4.8-base amd64 4.8-20130123-1 [147 kB]
Get:2 http://localhost/debian/ experimental/main libc6-dev amd64 2.16-0experimental1 [3086 kB]
Get:3 http://localhost/debian/ experimental/main libc-dev-bin amd64 2.16-0experimental1 [226 kB]
Get:4 http://localhost/debian/ experimental/main libc6 amd64 2.16-0experimental1 [4729 kB]
Get:5 http://localhost/debian/ experimental/main libgcc1 amd64 1:4.8-20130123-1 [43.7 kB]
Get:6 http://localhost/debian/ experimental/main libstdc++6 amd64 4.8-20130123-1 [336 kB]
Get:7 http://localhost/debian/ experimental/main libtinfo5 amd64 5.9+20130119-1 [294 kB]
Get:8 http://localhost/debian/ experimental/main libncurses5 amd64 5.9+20130119-1 [115 kB]
Get:9 http://localhost/debian/ experimental/main libncursesw5 amd64 5.9+20130119-1 [142 kB]
Get:10 http://localhost/debian/ unstable/main libssl1.0.0 amd64 1.0.1c-4 [1213 kB]
Get:11 http://localhost/debian/ unstable/main libsqlite3-0 amd64 3.7.15.2-1 [463 kB]
Get:12 http://localhost/debian/ experimental/main libexpat1 amd64 2.1.0-2 [138 kB]
Get:13 http://localhost/debian/ unstable/main libffi5 amd64 3.0.10-3 [24.8 kB]
Get:14 http://localhost/debian/ experimental/main libgomp1 amd64 4.8-20130123-1 [27.4 kB]
Get:15 http://localhost/debian/ experimental/main libitm1 amd64 4.8-20130123-1 [37.7 kB]
Get:16 http://localhost/debian/ unstable/main libllvm3.2 amd64 3.2-2 [7865 kB]
Get:17 http://localhost/debian/ experimental/main libobjc4 amd64 4.8-20130123-1 [163 kB]
Get:18 http://localhost/debian/ experimental/main libquadmath0 amd64 4.8-20130123-1 [139 kB]
Get:19 http://localhost/debian/ experimental/main libstdc++6-4.7-dev amd64 4.7.2-19 [1678 kB]
Get:20 http://localhost/debian/ experimental/main g++-4.7 amd64 4.7.2-19 [5877 kB]
Get:21 http://localhost/debian/ experimental/main gcc-4.7 amd64 4.7.2-19 [5831 kB]
Get:22 http://localhost/debian/ experimental/main cpp-4.7 amd64 4.7.2-19 [5416 kB]
Get:23 http://localhost/debian/ experimental/main libgcc-4.7-dev amd64 4.7.2-19 [2465 kB]
Get:24 http://localhost/debian/ experimental/main gcc-4.7-base amd64 4.7.2-19 [148 kB]
Get:25 http://localhost/debian/ experimental/main mime-support all 3.53~experimental2 [36.5 kB]
Get:26 http://localhost/debian/ experimental/main libpython2.7-minimal amd64 2.7.3-15 [531 kB]
Get:27 http://localhost/debian/ experimental/main python2.7-minimal amd64 2.7.3-15 [1220 kB]
Get:28 http://localhost/debian/ experimental/main libpython2.7-stdlib amd64 2.7.3-15 [2367 kB]
Get:29 http://localhost/debian/ experimental/main python2.7 amd64 2.7.3-15 [326 kB]
Get:30 http://localhost/debian/ experimental/main python-minimal amd64 2.7.3-10 [41.8 kB]
Get:31 http://localhost/debian/ experimental/main python amd64 2.7.3-10 [184 kB]
Get:32 http://localhost/debian/ experimental/main libobjc-4.7-dev amd64 4.7.2-19 [717 kB]
Get:33 http://localhost/debian/ experimental/main libclang-common-dev amd64 3.2-1~exp5 [303 kB]
Get:34 http://localhost/debian/ experimental/main compiler-rt amd64 3.2-1~exp5 [315 kB]
Get:35 http://localhost/debian/ experimental/main clang-3.2 amd64 3.2-1~exp5 [10.1 MB]
Get:36 http://localhost/debian/ experimental/main clang all 3.2-1~exp5 [9506 B]
debconf: delaying package configuration, since apt-utils is not installed
Fetched 56.7 MB in 1s (34.0 MB/s)
Selecting previously unselected package gcc-4.8-base:amd64.
(Reading database ... 13484 files and directories currently installed.)
Unpacking gcc-4.8-base:amd64 (from .../gcc-4.8-base_4.8-20130123-1_amd64.deb) ...
Setting up gcc-4.8-base:amd64 (4.8-20130123-1) ...
(Reading database ... 13491 files and directories currently installed.)
Preparing to replace libc6-dev:amd64 2.13-38 (using .../libc6-dev_2.16-0experimental1_amd64.deb) ...
Unpacking replacement libc6-dev:amd64 ...
Preparing to replace libc-dev-bin 2.13-38 (using .../libc-dev-bin_2.16-0experimental1_amd64.deb) ...
Unpacking replacement libc-dev-bin ...
Preparing to replace libc6:amd64 2.13-38 (using .../libc6_2.16-0experimental1_amd64.deb) ...
debconf: unable to initialize frontend: Dialog
debconf: (Dialog frontend will not work on a dumb terminal, an emacs shell buffer, or without a controlling terminal.)
debconf: falling back to frontend: Readline
debconf: unable to initialize frontend: Readline
debconf: (This frontend requires a controlling tty.)
debconf: falling back to frontend: Teletype
Checking for services that may need to be restarted...
Checking init scripts...
Unpacking replacement libc6:amd64 ...
Setting up libc6:amd64 (2.16-0experimental1) ...
debconf: unable to initialize frontend: Dialog
debconf: (Dialog frontend will not work on a dumb terminal, an emacs shell buffer, or without a controlling terminal.)
debconf: falling back to frontend: Readline
debconf: unable to initialize frontend: Readline
debconf: (This frontend requires a controlling tty.)
debconf: falling back to frontend: Teletype
Checking for services that may need to be restarted...
Checking init scripts...
Nothing to restart.
(Reading database ... 13509 files and directories currently installed.)
Preparing to replace libgcc1:amd64 1:4.7.2-5 (using .../libgcc1_1%3a4.8-20130123-1_amd64.deb) ...
Unpacking replacement libgcc1:amd64 ...
Setting up libgcc1:amd64 (1:4.8-20130123-1) ...
(Reading database ... 13509 files and directories currently installed.)
Preparing to replace libstdc++6:amd64 4.7.2-5 (using .../libstdc++6_4.8-20130123-1_amd64.deb) ...
Unpacking replacement libstdc++6:amd64 ...
Setting up libstdc++6:amd64 (4.8-20130123-1) ...
(Reading database ... 13509 files and directories currently installed.)
Preparing to replace libtinfo5:amd64 5.9-10 (using .../libtinfo5_5.9+20130119-1_amd64.deb) ...
Unpacking replacement libtinfo5:amd64 ...
Setting up libtinfo5:amd64 (5.9+20130119-1) ...
(Reading database ... 13509 files and directories currently installed.)
Preparing to replace libncurses5:amd64 5.9-10 (using .../libncurses5_5.9+20130119-1_amd64.deb) ...
Unpacking replacement libncurses5:amd64 ...
Setting up libncurses5:amd64 (5.9+20130119-1) ...
Selecting previously unselected package libncursesw5:amd64.
(Reading database ... 13509 files and directories currently installed.)
Unpacking libncursesw5:amd64 (from .../libncursesw5_5.9+20130119-1_amd64.deb) ...
Selecting previously unselected package libssl1.0.0:amd64.
Unpacking libssl1.0.0:amd64 (from .../libssl1.0.0_1.0.1c-4_amd64.deb) ...
Selecting previously unselected package libsqlite3-0:amd64.
Unpacking libsqlite3-0:amd64 (from .../libsqlite3-0_3.7.15.2-1_amd64.deb) ...
Selecting previously unselected package libexpat1:amd64.
Unpacking libexpat1:amd64 (from .../libexpat1_2.1.0-2_amd64.deb) ...
Selecting previously unselected package libffi5:amd64.
Unpacking libffi5:amd64 (from .../libffi5_3.0.10-3_amd64.deb) ...
Preparing to replace libgomp1:amd64 4.7.2-5 (using .../libgomp1_4.8-20130123-1_amd64.deb) ...
Unpacking replacement libgomp1:amd64 ...
Preparing to replace libitm1:amd64 4.7.2-5 (using .../libitm1_4.8-20130123-1_amd64.deb) ...
Unpacking replacement libitm1:amd64 ...
Selecting previously unselected package libllvm3.2:amd64.
Unpacking libllvm3.2:amd64 (from .../libllvm3.2_3.2-2_amd64.deb) ...
Selecting previously unselected package libobjc4:amd64.
Unpacking libobjc4:amd64 (from .../libobjc4_4.8-20130123-1_amd64.deb) ...
Preparing to replace libquadmath0:amd64 4.7.2-5 (using .../libquadmath0_4.8-20130123-1_amd64.deb) ...
Unpacking replacement libquadmath0:amd64 ...
Preparing to replace libstdc++6-4.7-dev 4.7.2-5 (using .../libstdc++6-4.7-dev_4.7.2-19_amd64.deb) ...
Unpacking replacement libstdc++6-4.7-dev:amd64 ...
Preparing to replace g++-4.7 4.7.2-5 (using .../g++-4.7_4.7.2-19_amd64.deb) ...
Unpacking replacement g++-4.7 ...
Preparing to replace gcc-4.7 4.7.2-5 (using .../gcc-4.7_4.7.2-19_amd64.deb) ...
Unpacking replacement gcc-4.7 ...
Preparing to replace cpp-4.7 4.7.2-5 (using .../cpp-4.7_4.7.2-19_amd64.deb) ...
Unpacking replacement cpp-4.7 ...
Selecting previously unselected package libgcc-4.7-dev:amd64.
Unpacking libgcc-4.7-dev:amd64 (from .../libgcc-4.7-dev_4.7.2-19_amd64.deb) ...
Preparing to replace gcc-4.7-base:amd64 4.7.2-5 (using .../gcc-4.7-base_4.7.2-19_amd64.deb) ...
Unpacking replacement gcc-4.7-base:amd64 ...
Selecting previously unselected package mime-support.
Unpacking mime-support (from .../mime-support_3.53~experimental2_all.deb) ...
Selecting previously unselected package libpython2.7-minimal:amd64.
Unpacking libpython2.7-minimal:amd64 (from .../libpython2.7-minimal_2.7.3-15_amd64.deb) ...
Selecting previously unselected package python2.7-minimal.
Unpacking python2.7-minimal (from .../python2.7-minimal_2.7.3-15_amd64.deb) ...
Selecting previously unselected package libpython2.7-stdlib:amd64.
Unpacking libpython2.7-stdlib:amd64 (from .../libpython2.7-stdlib_2.7.3-15_amd64.deb) ...
Selecting previously unselected package python2.7.
Unpacking python2.7 (from .../python2.7_2.7.3-15_amd64.deb) ...
Selecting previously unselected package python-minimal.
Unpacking python-minimal (from .../python-minimal_2.7.3-10_amd64.deb) ...
Selecting previously unselected package python.
Unpacking python (from .../python_2.7.3-10_amd64.deb) ...
Selecting previously unselected package libobjc-4.7-dev:amd64.
Unpacking libobjc-4.7-dev:amd64 (from .../libobjc-4.7-dev_4.7.2-19_amd64.deb) ...
Selecting previously unselected package libclang-common-dev.
Unpacking libclang-common-dev (from .../libclang-common-dev_3.2-1~exp5_amd64.deb) ...
Selecting previously unselected package compiler-rt.
Unpacking compiler-rt (from .../compiler-rt_3.2-1~exp5_amd64.deb) ...
Selecting previously unselected package clang-3.2.
Unpacking clang-3.2 (from .../clang-3.2_3.2-1~exp5_amd64.deb) ...
Selecting previously unselected package clang.
Unpacking clang (from .../clang_3.2-1~exp5_all.deb) ...
Setting up libc-dev-bin (2.16-0experimental1) ...
Setting up libc6-dev:amd64 (2.16-0experimental1) ...
Setting up libncursesw5:amd64 (5.9+20130119-1) ...
Setting up libssl1.0.0:amd64 (1.0.1c-4) ...
debconf: unable to initialize frontend: Dialog
debconf: (Dialog frontend will not work on a dumb terminal, an emacs shell buffer, or without a controlling terminal.)
debconf: falling back to frontend: Readline
debconf: unable to initialize frontend: Readline
debconf: (This frontend requires a controlling tty.)
debconf: falling back to frontend: Teletype
Setting up libsqlite3-0:amd64 (3.7.15.2-1) ...
Setting up libexpat1:amd64 (2.1.0-2) ...
Setting up libffi5:amd64 (3.0.10-3) ...
Setting up libgomp1:amd64 (4.8-20130123-1) ...
Setting up libitm1:amd64 (4.8-20130123-1) ...
Setting up libllvm3.2:amd64 (3.2-2) ...
Setting up libobjc4:amd64 (4.8-20130123-1) ...
Setting up libquadmath0:amd64 (4.8-20130123-1) ...
Setting up gcc-4.7-base:amd64 (4.7.2-19) ...
Setting up libgcc-4.7-dev:amd64 (4.7.2-19) ...
Setting up libstdc++6-4.7-dev:amd64 (4.7.2-19) ...
Setting up cpp-4.7 (4.7.2-19) ...
Setting up gcc-4.7 (4.7.2-19) ...
Setting up g++-4.7 (4.7.2-19) ...
Setting up mime-support (3.53~experimental2) ...
Setting up libpython2.7-minimal:amd64 (2.7.3-15) ...
Setting up python2.7-minimal (2.7.3-15) ...
Linking and byte-compiling packages for runtime python2.7...
Setting up libpython2.7-stdlib:amd64 (2.7.3-15) ...
Setting up python2.7 (2.7.3-15) ...
Setting up python-minimal (2.7.3-10) ...
Setting up python (2.7.3-10) ...
Setting up libobjc-4.7-dev:amd64 (4.7.2-19) ...
Setting up libclang-common-dev (3.2-1~exp5) ...
Setting up compiler-rt (3.2-1~exp5) ...
Setting up clang-3.2 (3.2-1~exp5) ...
Setting up clang (3.2-1~exp5) ...
+ echo 'Replace gcc, g++ & cpp by clang'
Replace gcc, g++ & cpp by clang
+ VERSIONS='4.6 4.7'
+ cd /usr/bin
+ for VERSION in '$VERSIONS'
+ rm g++-4.6 gcc-4.6 cpp-4.6
+ ln -s clang++ g++-4.6
+ ln -s clang gcc-4.6
+ ln -s clang cpp-4.6
+ for VERSION in '$VERSIONS'
+ rm g++-4.7 gcc-4.7 cpp-4.7
+ ln -s clang++ g++-4.7
+ ln -s clang gcc-4.7
+ ln -s clang cpp-4.7
+ cd -
/«BUILDDIR»
+ echo 'Block the installation of new gcc version'
Block the installation of new gcc version
+ echo 'gcc-4.6 hold'
+ dpkg --set-selections
+ echo 'cpp-4.6 hold'
+ dpkg --set-selections
+ echo 'g++-4.6 hold'
+ dpkg --set-selections
+ echo 'gcc-4.7 hold'
+ dpkg --set-selections
+ echo 'cpp-4.7 hold'
+ dpkg --set-selections
+ echo 'g++-4.7 hold'
+ dpkg --set-selections
+ echo 'Check if gcc, g++ & cpp are actually clang'
Check if gcc, g++ & cpp are actually clang
+ gcc --version
+ grep clang
+ cpp --version
+ grep clang
+ g++ --version
+ grep clang

I: Finished running '/tmp/switch-to-clang'.

Finished processing commands.
────────────────────────────────────────────────────────────────────────────────
Merged Build-Depends: build-essential, fakeroot
Filtered Build-Depends: build-essential, fakeroot
dpkg-deb: building package `sbuild-build-depends-core-dummy' in `/«BUILDDIR»/resolver-YNHW4f/apt_archive/sbuild-build-depends-core-dummy.deb'.
OK
Reading package lists...

┌──────────────────────────────────────────────────────────────────────────────┐
│ Install core build dependencies (apt-based resolver)                         │
└──────────────────────────────────────────────────────────────────────────────┘

Installing build dependencies
Reading package lists...
Building dependency tree...
Reading state information...
The following NEW packages will be installed:
  sbuild-build-depends-core-dummy
debconf: delaying package configuration, since apt-utils is not installed
0 upgraded, 1 newly installed, 0 to remove and 0 not upgraded.
Need to get 0 B/710 B of archives.
After this operation, 0 B of additional disk space will be used.
Selecting previously unselected package sbuild-build-depends-core-dummy.
(Reading database ... 14674 files and directories currently installed.)
Unpacking sbuild-build-depends-core-dummy (from .../sbuild-build-depends-core-dummy.deb) ...
Setting up sbuild-build-depends-core-dummy (0.invalid.0) ...
Merged Build-Depends: base-files, base-passwd, bash, bsdutils, coreutils, dash, debianutils, diffutils, dpkg, e2fsprogs, findutils, grep, gzip, hostname, libc-bin, login, mount, ncurses-base, ncurses-bin, perl-base, sed, sysvinit, sysvinit-utils, tar, util-linux, libc6-dev | libc-dev, gcc (>= 4:4.4.3), g++ (>= 4:4.4.3), make, dpkg-dev (>= 1.13.5), cmake (>= 2.8), debhelper (>= 9.0.0), intltool, libdbus-glib-1-dev, libgirepository1.0-dev (>= 1.32), libglib2.0-dev (>= 2.28), libpolkit-gobject-1-dev, libxapian-dev (>= 1.2.12), libxml2-dev (>= 2.8.0), valac (>= 0.16), xmlto
Filtered Build-Depends: base-files, base-passwd, bash, bsdutils, coreutils, dash, debianutils, diffutils, dpkg, e2fsprogs, findutils, grep, gzip, hostname, libc-bin, login, mount, ncurses-base, ncurses-bin, perl-base, sed, sysvinit, sysvinit-utils, tar, util-linux, libc6-dev, gcc (>= 4:4.4.3), g++ (>= 4:4.4.3), make, dpkg-dev (>= 1.13.5), cmake (>= 2.8), debhelper (>= 9.0.0), intltool, libdbus-glib-1-dev, libgirepository1.0-dev (>= 1.32), libglib2.0-dev (>= 2.28), libpolkit-gobject-1-dev, libxapian-dev (>= 1.2.12), libxml2-dev (>= 2.8.0), valac (>= 0.16), xmlto
dpkg-deb: building package `sbuild-build-depends-appstream-dummy' in `/«BUILDDIR»/resolver-sX6l5t/apt_archive/sbuild-build-depends-appstream-dummy.deb'.
OK
Reading package lists...

┌──────────────────────────────────────────────────────────────────────────────┐
│ Install appstream build dependencies (apt-based resolver)                    │
└──────────────────────────────────────────────────────────────────────────────┘

Installing build dependencies
Reading package lists...
Building dependency tree...
Reading state information...
The following extra packages will be installed:
  autoconf automake autotools-dev bsdmainutils ca-certificates cmake
  cmake-data debhelper docbook-xml docbook-xsl emacsen-common file
  fontconfig-config gettext gettext-base gir1.2-freedesktop gir1.2-glib-2.0
  gir1.2-polkit-1.0 gobject-introspection groff-base html2text intltool
  intltool-debian libarchive12 libasprintf-dev libasprintf0c2
  libcairo-gobject2 libcairo2 libcroco3 libcurl3 libcurl3-gnutls libdbus-1-3
  libdbus-1-dev libdbus-glib-1-2 libdbus-glib-1-dev libelf1
  libencode-locale-perl libffi-dev libfile-listing-perl libfontconfig1
  libfreetype6 libgcrypt11 libgettextpo-dev libgettextpo0
  libgirepository-1.0-1 libgirepository1.0-dev libglib2.0-0 libglib2.0-bin
  libglib2.0-data libglib2.0-dev libgnutls26 libgpg-error0 libgssapi-krb5-2
  libhtml-parser-perl libhtml-tagset-perl libhtml-tree-perl
  libhttp-cookies-perl libhttp-date-perl libhttp-message-perl
  libhttp-negotiate-perl libidn11 libio-socket-ssl-perl libk5crypto3
  libkeyutils1 libkrb5-3 libkrb5support0 libldap-2.4-2 liblwp-mediatypes-perl
  liblwp-protocol-https-perl libmagic1 libnet-http-perl libnet-ssleay-perl
  libnettle4 libp11-kit0 libpcre3 libpcre3-dev libpcrecpp0 libpipeline1
  libpixman-1-0 libpng12-0 libpolkit-agent-1-0 libpolkit-gobject-1-0
  libpolkit-gobject-1-dev libpopt0 libprocps0 librtmp0 libsasl2-2 libsigsegv2
  libssh2-1 libtasn1-3 libunistring0 liburi-perl libvala-0.16-0 libwww-perl
  libwww-robotrules-perl libx11-6 libx11-data libxapian-dev libxapian22
  libxau6 libxcb-render0 libxcb-shm0 libxcb1 libxdmcp6 libxml-parser-perl
  libxml2 libxml2-dev libxml2-utils libxmlrpc-core-c3 libxrender1 libxslt1.1
  m4 man-db netbase openssl pkg-config po-debconf procps python-mako
  python-markupsafe sgml-base sgml-data ttf-dejavu-core valac valac-0.16
  valac-0.16-vapi xml-core xmlto xsltproc zlib1g-dev
Suggested packages:
  autoconf2.13 autoconf-archive gnu-standards autoconf-doc libtool wamerican
  wordlist whois vacation dh-make docbook docbook-dsssl docbook-defguide
  docbook-xsl-doc-html docbook-xsl-doc-pdf docbook-xsl-doc-text
  docbook-xsl-doc libsaxon-java libxalan2-java libxslthl-java
  docbook-xsl-saxon fop xalan dbtoepub gettext-doc groff rng-tools
  libgirepository1.0-doc libglib2.0-doc krb5-doc krb5-user libdata-dump-perl
  libcrypt-ssleay-perl libauthen-ntlm-perl xapian-doc xapian-examples
  xapian-tools less www-browser libmail-box-perl python-beaker python-mako-doc
  sgml-base-doc perlsgml w3-recs opensp xmltex
Recommended packages:
  curl wget lynx-cur autopoint dbus shared-mime-info libhtml-format-perl
  libio-socket-ip-perl libio-socket-inet6-perl krb5-locales libsasl2-modules
  libhtml-form-perl libhttp-daemon-perl libmailtools-perl ifupdown
  libmail-sendmail-perl psmisc libpaper-utils zip
The following NEW packages will be installed:
  autoconf automake autotools-dev bsdmainutils ca-certificates cmake
  cmake-data debhelper docbook-xml docbook-xsl emacsen-common file
  fontconfig-config gettext gettext-base gir1.2-freedesktop gir1.2-glib-2.0
  gir1.2-polkit-1.0 gobject-introspection groff-base html2text intltool
  intltool-debian libarchive12 libasprintf-dev libasprintf0c2
  libcairo-gobject2 libcairo2 libcroco3 libcurl3 libcurl3-gnutls libdbus-1-3
  libdbus-1-dev libdbus-glib-1-2 libdbus-glib-1-dev libelf1
  libencode-locale-perl libffi-dev libfile-listing-perl libfontconfig1
  libfreetype6 libgcrypt11 libgettextpo-dev libgettextpo0
  libgirepository-1.0-1 libgirepository1.0-dev libglib2.0-0 libglib2.0-bin
  libglib2.0-data libglib2.0-dev libgnutls26 libgpg-error0 libgssapi-krb5-2
  libhtml-parser-perl libhtml-tagset-perl libhtml-tree-perl
  libhttp-cookies-perl libhttp-date-perl libhttp-message-perl
  libhttp-negotiate-perl libidn11 libio-socket-ssl-perl libk5crypto3
  libkeyutils1 libkrb5-3 libkrb5support0 libldap-2.4-2 liblwp-mediatypes-perl
  liblwp-protocol-https-perl libmagic1 libnet-http-perl libnet-ssleay-perl
  libnettle4 libp11-kit0 libpcre3 libpcre3-dev libpcrecpp0 libpipeline1
  libpixman-1-0 libpng12-0 libpolkit-agent-1-0 libpolkit-gobject-1-0
  libpolkit-gobject-1-dev libpopt0 libprocps0 librtmp0 libsasl2-2 libsigsegv2
  libssh2-1 libtasn1-3 libunistring0 liburi-perl libvala-0.16-0 libwww-perl
  libwww-robotrules-perl libx11-6 libx11-data libxapian-dev libxapian22
  libxau6 libxcb-render0 libxcb-shm0 libxcb1 libxdmcp6 libxml-parser-perl
  libxml2 libxml2-dev libxml2-utils libxmlrpc-core-c3 libxrender1 libxslt1.1
  m4 man-db netbase openssl pkg-config po-debconf procps python-mako
  python-markupsafe sbuild-build-depends-appstream-dummy sgml-base sgml-data
  ttf-dejavu-core valac valac-0.16 valac-0.16-vapi xml-core xmlto xsltproc
  zlib1g-dev
0 upgraded, 131 newly installed, 0 to remove and 0 not upgraded.
Need to get 46.2 MB/46.2 MB of archives.
After this operation, 141 MB of additional disk space will be used.
Get:1 http://localhost/debian/ unstable/main libpipeline1 amd64 1.2.2-1 [39.9 kB]
Get:2 http://localhost/debian/ unstable/main libpopt0 amd64 1.16-7 [56.4 kB]
Get:3 http://localhost/debian/ unstable/main libprocps0 amd64 1:3.3.4-2 [58.6 kB]
Get:4 http://localhost/debian/ unstable/main groff-base amd64 1.22.1-2 [741 kB]
Get:5 http://localhost/debian/ unstable/main bsdmainutils amd64 9.0.4 [210 kB]
Get:6 http://localhost/debian/ unstable/main man-db amd64 2.6.3-3 [898 kB]
Get:7 http://localhost/debian/ unstable/main libasprintf0c2 amd64 0.18.1.1-10 [27.2 kB]
Get:8 http://localhost/debian/ unstable/main libgpg-error0 amd64 1.10-3.1 [77.9 kB]
Get:9 http://localhost/debian/ unstable/main libgcrypt11 amd64 1.5.0-3 [298 kB]
Get:10 http://localhost/debian/ unstable/main libp11-kit0 amd64 0.12-3 [52.8 kB]
Get:11 http://localhost/debian/ unstable/main libtasn1-3 amd64 2.13-2 [67.7 kB]
Get:12 http://localhost/debian/ unstable/main libgnutls26 amd64 2.12.20-3 [618 kB]
Get:13 http://localhost/debian/ unstable/main libkeyutils1 amd64 1.5.5-4 [8690 B]
Get:14 http://localhost/debian/ unstable/main libkrb5support0 amd64 1.10.1+dfsg-3 [49.2 kB]
Get:15 http://localhost/debian/ unstable/main libk5crypto3 amd64 1.10.1+dfsg-3 [112 kB]
Get:16 http://localhost/debian/ unstable/main libkrb5-3 amd64 1.10.1+dfsg-3 [394 kB]
Get:17 http://localhost/debian/ unstable/main libgssapi-krb5-2 amd64 1.10.1+dfsg-3 [148 kB]
Get:18 http://localhost/debian/ unstable/main libidn11 amd64 1.25-2 [178 kB]
Get:19 http://localhost/debian/ unstable/main libsasl2-2 amd64 2.1.25.dfsg1-6 [120 kB]
Get:20 http://localhost/debian/ unstable/main libldap-2.4-2 amd64 2.4.31-1 [243 kB]
Get:21 http://localhost/debian/ unstable/main libmagic1 amd64 5.11-2 [202 kB]
Get:22 http://localhost/debian/ unstable/main libpcre3 amd64 1:8.31-2 [247 kB]
Get:23 http://localhost/debian/ unstable/main libxml2 amd64 2.8.0+dfsg1-7 [903 kB]
Get:24 http://localhost/debian/ unstable/main sgml-base all 1.26+nmu4 [14.6 kB]
Get:25 http://localhost/debian/ unstable/main xml-core all 0.13+nmu2 [24.2 kB]
Get:26 http://localhost/debian/ unstable/main sgml-data all 2.0.8 [284 kB]
Get:27 http://localhost/debian/ unstable/main docbook-xml all 4.5-7.1 [345 kB]
Get:28 http://localhost/debian/ unstable/main libnettle4 amd64 2.4-3 [149 kB]
Get:29 http://localhost/debian/ unstable/main libarchive12 amd64 3.0.4-2 [303 kB]
Get:30 http://localhost/debian/ unstable/main libfreetype6 amd64 2.4.9-1.1 [451 kB]
Get:31 http://localhost/debian/ unstable/main ttf-dejavu-core all 2.33-3 [1021 kB]
Get:32 http://localhost/debian/ unstable/main fontconfig-config all 2.9.0-7.1 [233 kB]
Get:33 http://localhost/debian/ unstable/main libfontconfig1 amd64 2.9.0-7.1 [300 kB]
Get:34 http://localhost/debian/ unstable/main libpixman-1-0 amd64 0.26.0-3 [427 kB]
Get:35 http://localhost/debian/ unstable/main libpng12-0 amd64 1.2.49-3 [190 kB]
Get:36 http://localhost/debian/ unstable/main libxau6 amd64 1:1.0.7-1 [18.8 kB]
Get:37 http://localhost/debian/ unstable/main libxdmcp6 amd64 1:1.1.1-1 [26.3 kB]
Get:38 http://localhost/debian/ unstable/main libxcb1 amd64 1.8.1-2 [50.1 kB]
Get:39 http://localhost/debian/ unstable/main libx11-data all 2:1.5.0-1 [189 kB]
Get:40 http://localhost/debian/ unstable/main libx11-6 amd64 2:1.5.0-1 [901 kB]
Get:41 http://localhost/debian/ unstable/main libxcb-render0 amd64 1.8.1-2 [18.5 kB]
Get:42 http://localhost/debian/ unstable/main libxcb-shm0 amd64 1.8.1-2 [10.3 kB]
Get:43 http://localhost/debian/ unstable/main libxrender1 amd64 1:0.9.7-1 [32.2 kB]
Get:44 http://localhost/debian/ unstable/main libcairo2 amd64 1.12.2-2.1 [912 kB]
Get:45 http://localhost/debian/ unstable/main libglib2.0-0 amd64 2.33.12+really2.32.4-5 [1838 kB]
Get:46 http://localhost/debian/ unstable/main libcairo-gobject2 amd64 1.12.2-2.1 [438 kB]
Get:47 http://localhost/debian/ unstable/main libcroco3 amd64 0.6.6-2 [134 kB]
Get:48 http://localhost/debian/ unstable/main librtmp0 amd64 2.4+20111222.git4e06e21-1 [62.3 kB]
Get:49 http://localhost/debian/ unstable/main libssh2-1 amd64 1.4.2-1.1 [133 kB]
Get:50 http://localhost/debian/ unstable/main libcurl3 amd64 7.28.0-3 [331 kB]
Get:51 http://localhost/debian/ unstable/main libcurl3-gnutls amd64 7.28.0-3 [322 kB]
Get:52 http://localhost/debian/ unstable/main libdbus-1-3 amd64 1.6.8-1 [173 kB]
Get:53 http://localhost/debian/ unstable/main libdbus-glib-1-2 amd64 0.100-1 [202 kB]
Get:54 http://localhost/debian/ unstable/main libelf1 amd64 0.153-2 [304 kB]
Get:55 http://localhost/debian/ unstable/main libunistring0 amd64 0.9.3-5 [434 kB]
Get:56 http://localhost/debian/ unstable/main libgettextpo0 amd64 0.18.1.1-10 [145 kB]
Get:57 http://localhost/debian/ unstable/main libglib2.0-data all 2.33.12+really2.32.4-5 [1607 kB]
Get:58 http://localhost/debian/ unstable/main libglib2.0-bin amd64 2.33.12+really2.32.4-5 [868 kB]
Get:59 http://localhost/debian/ unstable/main libpcrecpp0 amd64 1:8.31-2 [128 kB]
Get:60 http://localhost/debian/ unstable/main libpolkit-gobject-1-0 amd64 0.105-3 [49.7 kB]
Get:61 http://localhost/debian/ unstable/main libpolkit-agent-1-0 amd64 0.105-3 [25.3 kB]
Get:62 http://localhost/debian/ unstable/main libvala-0.16-0 amd64 0.16.1-2 [1185 kB]
Get:63 http://localhost/debian/ unstable/main libxslt1.1 amd64 1.1.26-14 [253 kB]
Get:64 http://localhost/debian/ unstable/main netbase all 5.0 [20.1 kB]
Get:65 http://localhost/debian/ unstable/main procps amd64 1:3.3.4-2 [259 kB]
Get:66 http://localhost/debian/ unstable/main file amd64 5.11-2 [51.8 kB]
Get:67 http://localhost/debian/ unstable/main gettext-base amd64 0.18.1.1-10 [154 kB]
Get:68 http://localhost/debian/ unstable/main libsigsegv2 amd64 2.9-4 [28.9 kB]
Get:69 http://localhost/debian/ unstable/main m4 amd64 1.4.16-4 [260 kB]
Get:70 http://localhost/debian/ unstable/main autoconf all 2.69-1 [589 kB]
Get:71 http://localhost/debian/ unstable/main autotools-dev all 20120608.1 [73.0 kB]
Get:72 http://localhost/debian/ unstable/main automake all 1:1.11.6-1 [607 kB]
Get:73 http://localhost/debian/ unstable/main openssl amd64 1.0.1c-4 [698 kB]
Get:74 http://localhost/debian/ unstable/main ca-certificates all 20130119 [185 kB]
Get:75 http://localhost/debian/ unstable/main libxmlrpc-core-c3 amd64 1.16.33-3.2 [186 kB]
Get:76 http://localhost/debian/ unstable/main emacsen-common all 2.0.5 [20.9 kB]
Get:77 http://localhost/debian/ unstable/main cmake-data all 2.8.9-1 [1359 kB]
Get:78 http://localhost/debian/ unstable/main cmake amd64 2.8.9-1 [4730 kB]
Get:79 http://localhost/debian/ unstable/main html2text amd64 1.3.2a-15 [103 kB]
Get:80 http://localhost/debian/ unstable/main libasprintf-dev amd64 0.18.1.1-10 [26.8 kB]
Get:81 http://localhost/debian/ unstable/main libgettextpo-dev amd64 0.18.1.1-10 [184 kB]
Get:82 http://localhost/debian/ unstable/main gettext amd64 0.18.1.1-10 [1815 kB]
Get:83 http://localhost/debian/ unstable/main intltool-debian all 0.35.0+20060710.1 [30.8 kB]
Get:84 http://localhost/debian/ unstable/main po-debconf all 1.0.16+nmu2 [224 kB]
Get:85 http://localhost/debian/ unstable/main debhelper all 9.20120909 [705 kB]
Get:86 http://localhost/debian/ unstable/main docbook-xsl all 1.76.1+dfsg-1 [1643 kB]
Get:87 http://localhost/debian/ unstable/main libgirepository-1.0-1 amd64 1.32.1-1 [107 kB]
Get:88 http://localhost/debian/ unstable/main gir1.2-glib-2.0 amd64 1.32.1-1 [171 kB]
Get:89 http://localhost/debian/ unstable/main gir1.2-freedesktop amd64 1.32.1-1 [21.5 kB]
Get:90 http://localhost/debian/ unstable/main gir1.2-polkit-1.0 amd64 0.105-3 [15.0 kB]
Get:91 http://localhost/debian/ unstable/main python-markupsafe amd64 0.15-1 [14.6 kB]
Get:92 http://localhost/debian/ unstable/main python-mako all 0.7.0-1.1 [59.3 kB]
Get:93 http://localhost/debian/ unstable/main gobject-introspection amd64 1.32.1-1 [290 kB]
Get:94 http://localhost/debian/ unstable/main liburi-perl all 1.60-1 [100 kB]
Get:95 http://localhost/debian/ unstable/main libencode-locale-perl all 1.03-1 [13.6 kB]
Get:96 http://localhost/debian/ unstable/main libhttp-date-perl all 6.02-1 [10.7 kB]
Get:97 http://localhost/debian/ unstable/main libfile-listing-perl all 6.04-1 [10.3 kB]
Get:98 http://localhost/debian/ unstable/main libhtml-tagset-perl all 3.20-2 [13.5 kB]
Get:99 http://localhost/debian/ unstable/main libhtml-parser-perl amd64 3.69-2 [114 kB]
Get:100 http://localhost/debian/ unstable/main libhtml-tree-perl all 5.02-1 [225 kB]
Get:101 http://localhost/debian/ unstable/main liblwp-mediatypes-perl all 6.02-1 [22.1 kB]
Get:102 http://localhost/debian/ unstable/main libhttp-message-perl all 6.03-1 [78.5 kB]
Get:103 http://localhost/debian/ unstable/main libhttp-cookies-perl all 6.00-2 [23.5 kB]
Get:104 http://localhost/debian/ unstable/main libhttp-negotiate-perl all 6.00-2 [13.6 kB]
Get:105 http://localhost/debian/ unstable/main libnet-ssleay-perl amd64 1.48-1+b1 [335 kB]
Get:106 http://localhost/debian/ unstable/main libio-socket-ssl-perl all 1.76-2 [68.0 kB]
Get:107 http://localhost/debian/ unstable/main libnet-http-perl all 6.03-2 [24.3 kB]
Get:108 http://localhost/debian/ unstable/main liblwp-protocol-https-perl all 6.03-1 [7580 B]
Get:109 http://localhost/debian/ unstable/main libwww-robotrules-perl all 6.01-1 [14.3 kB]
Get:110 http://localhost/debian/ unstable/main libwww-perl all 6.04-1 [203 kB]
Get:111 http://localhost/debian/ unstable/main libxml-parser-perl amd64 2.41-1+b1 [278 kB]
Get:112 http://localhost/debian/ unstable/main intltool all 0.50.2-2 [101 kB]
Get:113 http://localhost/debian/ unstable/main pkg-config amd64 0.26-1 [59.5 kB]
Get:114 http://localhost/debian/ unstable/main libdbus-1-dev amd64 1.6.8-1 [246 kB]
Get:115 http://localhost/debian/ unstable/main libpcre3-dev amd64 1:8.31-2 [356 kB]
Get:116 http://localhost/debian/ unstable/main zlib1g-dev amd64 1:1.2.7.dfsg-13 [215 kB]
Get:117 http://localhost/debian/ unstable/main libglib2.0-dev amd64 2.33.12+really2.32.4-5 [2051 kB]
Get:118 http://localhost/debian/ unstable/main libdbus-glib-1-dev amd64 0.100-1 [259 kB]
Get:119 http://localhost/debian/ unstable/main libffi-dev amd64 3.0.10-3 [116 kB]
Get:120 http://localhost/debian/ unstable/main libgirepository1.0-dev amd64 1.32.1-1 [779 kB]
Get:121 http://localhost/debian/ unstable/main libpolkit-gobject-1-dev amd64 0.105-3 [78.8 kB]
Get:122 http://localhost/debian/ unstable/main libxapian22 amd64 1.2.12-2 [1187 kB]
Get:123 http://localhost/debian/ unstable/main libxapian-dev amd64 1.2.12-2 [1863 kB]
Get:124 http://localhost/debian/ unstable/main libxml2-dev amd64 2.8.0+dfsg1-7 [899 kB]
Get:125 http://localhost/debian/ unstable/main libxml2-utils amd64 2.8.0+dfsg1-7 [96.2 kB]
Get:126 http://localhost/debian/ unstable/main valac-0.16-vapi all 0.16.1-2 [885 kB]
Get:127 http://localhost/debian/ unstable/main valac-0.16 amd64 0.16.1-2 [294 kB]
Get:128 http://localhost/debian/ unstable/main valac all 0.16.1-2 [118 kB]
Get:129 http://localhost/debian/ unstable/main xsltproc amd64 1.1.26-14 [117 kB]
Get:130 http://localhost/debian/ unstable/main xmlto amd64 0.0.25-2 [36.5 kB]
debconf: delaying package configuration, since apt-utils is not installed
Fetched 46.2 MB in 2s (17.0 MB/s)
Selecting previously unselected package libpipeline1:amd64.
(Reading database ... 14674 files and directories currently installed.)
Unpacking libpipeline1:amd64 (from .../libpipeline1_1.2.2-1_amd64.deb) ...
Selecting previously unselected package libpopt0:amd64.
Unpacking libpopt0:amd64 (from .../libpopt0_1.16-7_amd64.deb) ...
Selecting previously unselected package libprocps0:amd64.
Unpacking libprocps0:amd64 (from .../libprocps0_1%3a3.3.4-2_amd64.deb) ...
Selecting previously unselected package groff-base.
Unpacking groff-base (from .../groff-base_1.22.1-2_amd64.deb) ...
Selecting previously unselected package bsdmainutils.
Unpacking bsdmainutils (from .../bsdmainutils_9.0.4_amd64.deb) ...
Selecting previously unselected package man-db.
Unpacking man-db (from .../man-db_2.6.3-3_amd64.deb) ...
Selecting previously unselected package libasprintf0c2:amd64.
Unpacking libasprintf0c2:amd64 (from .../libasprintf0c2_0.18.1.1-10_amd64.deb) ...
Selecting previously unselected package libgpg-error0:amd64.
Unpacking libgpg-error0:amd64 (from .../libgpg-error0_1.10-3.1_amd64.deb) ...
Selecting previously unselected package libgcrypt11:amd64.
Unpacking libgcrypt11:amd64 (from .../libgcrypt11_1.5.0-3_amd64.deb) ...
Selecting previously unselected package libp11-kit0:amd64.
Unpacking libp11-kit0:amd64 (from .../libp11-kit0_0.12-3_amd64.deb) ...
Selecting previously unselected package libtasn1-3:amd64.
Unpacking libtasn1-3:amd64 (from .../libtasn1-3_2.13-2_amd64.deb) ...
Selecting previously unselected package libgnutls26:amd64.
Unpacking libgnutls26:amd64 (from .../libgnutls26_2.12.20-3_amd64.deb) ...
Selecting previously unselected package libkeyutils1:amd64.
Unpacking libkeyutils1:amd64 (from .../libkeyutils1_1.5.5-4_amd64.deb) ...
Selecting previously unselected package libkrb5support0:amd64.
Unpacking libkrb5support0:amd64 (from .../libkrb5support0_1.10.1+dfsg-3_amd64.deb) ...
Selecting previously unselected package libk5crypto3:amd64.
Unpacking libk5crypto3:amd64 (from .../libk5crypto3_1.10.1+dfsg-3_amd64.deb) ...
Selecting previously unselected package libkrb5-3:amd64.
Unpacking libkrb5-3:amd64 (from .../libkrb5-3_1.10.1+dfsg-3_amd64.deb) ...
Selecting previously unselected package libgssapi-krb5-2:amd64.
Unpacking libgssapi-krb5-2:amd64 (from .../libgssapi-krb5-2_1.10.1+dfsg-3_amd64.deb) ...
Selecting previously unselected package libidn11:amd64.
Unpacking libidn11:amd64 (from .../libidn11_1.25-2_amd64.deb) ...
Selecting previously unselected package libsasl2-2:amd64.
Unpacking libsasl2-2:amd64 (from .../libsasl2-2_2.1.25.dfsg1-6_amd64.deb) ...
Selecting previously unselected package libldap-2.4-2:amd64.
Unpacking libldap-2.4-2:amd64 (from .../libldap-2.4-2_2.4.31-1_amd64.deb) ...
Selecting previously unselected package libmagic1:amd64.
Unpacking libmagic1:amd64 (from .../libmagic1_5.11-2_amd64.deb) ...
Selecting previously unselected package libpcre3:amd64.
Unpacking libpcre3:amd64 (from .../libpcre3_1%3a8.31-2_amd64.deb) ...
Selecting previously unselected package libxml2:amd64.
Unpacking libxml2:amd64 (from .../libxml2_2.8.0+dfsg1-7_amd64.deb) ...
Selecting previously unselected package sgml-base.
Unpacking sgml-base (from .../sgml-base_1.26+nmu4_all.deb) ...
Selecting previously unselected package xml-core.
Unpacking xml-core (from .../xml-core_0.13+nmu2_all.deb) ...
Selecting previously unselected package sgml-data.
Unpacking sgml-data (from .../sgml-data_2.0.8_all.deb) ...
Processing triggers for mime-support ...
Setting up sgml-base (1.26+nmu4) ...
Setting up xml-core (0.13+nmu2) ...
Processing triggers for sgml-base ...
Selecting previously unselected package docbook-xml.
(Reading database ... 15673 files and directories currently installed.)
Unpacking docbook-xml (from .../docbook-xml_4.5-7.1_all.deb) ...
Selecting previously unselected package libnettle4:amd64.
Unpacking libnettle4:amd64 (from .../libnettle4_2.4-3_amd64.deb) ...
Selecting previously unselected package libarchive12:amd64.
Unpacking libarchive12:amd64 (from .../libarchive12_3.0.4-2_amd64.deb) ...
Selecting previously unselected package libfreetype6:amd64.
Unpacking libfreetype6:amd64 (from .../libfreetype6_2.4.9-1.1_amd64.deb) ...
Selecting previously unselected package ttf-dejavu-core.
Unpacking ttf-dejavu-core (from .../ttf-dejavu-core_2.33-3_all.deb) ...
Selecting previously unselected package fontconfig-config.
Unpacking fontconfig-config (from .../fontconfig-config_2.9.0-7.1_all.deb) ...
Selecting previously unselected package libfontconfig1:amd64.
Unpacking libfontconfig1:amd64 (from .../libfontconfig1_2.9.0-7.1_amd64.deb) ...
Selecting previously unselected package libpixman-1-0:amd64.
Unpacking libpixman-1-0:amd64 (from .../libpixman-1-0_0.26.0-3_amd64.deb) ...
Selecting previously unselected package libpng12-0:amd64.
Unpacking libpng12-0:amd64 (from .../libpng12-0_1.2.49-3_amd64.deb) ...
Selecting previously unselected package libxau6:amd64.
Unpacking libxau6:amd64 (from .../libxau6_1%3a1.0.7-1_amd64.deb) ...
Selecting previously unselected package libxdmcp6:amd64.
Unpacking libxdmcp6:amd64 (from .../libxdmcp6_1%3a1.1.1-1_amd64.deb) ...
Selecting previously unselected package libxcb1:amd64.
Unpacking libxcb1:amd64 (from .../libxcb1_1.8.1-2_amd64.deb) ...
Selecting previously unselected package libx11-data.
Unpacking libx11-data (from .../libx11-data_2%3a1.5.0-1_all.deb) ...
Selecting previously unselected package libx11-6:amd64.
Unpacking libx11-6:amd64 (from .../libx11-6_2%3a1.5.0-1_amd64.deb) ...
Selecting previously unselected package libxcb-render0:amd64.
Unpacking libxcb-render0:amd64 (from .../libxcb-render0_1.8.1-2_amd64.deb) ...
Selecting previously unselected package libxcb-shm0:amd64.
Unpacking libxcb-shm0:amd64 (from .../libxcb-shm0_1.8.1-2_amd64.deb) ...
Selecting previously unselected package libxrender1:amd64.
Unpacking libxrender1:amd64 (from .../libxrender1_1%3a0.9.7-1_amd64.deb) ...
Selecting previously unselected package libcairo2:amd64.
Unpacking libcairo2:amd64 (from .../libcairo2_1.12.2-2.1_amd64.deb) ...
Selecting previously unselected package libglib2.0-0:amd64.
Unpacking libglib2.0-0:amd64 (from .../libglib2.0-0_2.33.12+really2.32.4-5_amd64.deb) ...
Selecting previously unselected package libcairo-gobject2:amd64.
Unpacking libcairo-gobject2:amd64 (from .../libcairo-gobject2_1.12.2-2.1_amd64.deb) ...
Selecting previously unselected package libcroco3:amd64.
Unpacking libcroco3:amd64 (from .../libcroco3_0.6.6-2_amd64.deb) ...
Selecting previously unselected package librtmp0:amd64.
Unpacking librtmp0:amd64 (from .../librtmp0_2.4+20111222.git4e06e21-1_amd64.deb) ...
Selecting previously unselected package libssh2-1:amd64.
Unpacking libssh2-1:amd64 (from .../libssh2-1_1.4.2-1.1_amd64.deb) ...
Selecting previously unselected package libcurl3:amd64.
Unpacking libcurl3:amd64 (from .../libcurl3_7.28.0-3_amd64.deb) ...
Selecting previously unselected package libcurl3-gnutls:amd64.
Unpacking libcurl3-gnutls:amd64 (from .../libcurl3-gnutls_7.28.0-3_amd64.deb) ...
Selecting previously unselected package libdbus-1-3:amd64.
Unpacking libdbus-1-3:amd64 (from .../libdbus-1-3_1.6.8-1_amd64.deb) ...
Selecting previously unselected package libdbus-glib-1-2:amd64.
Unpacking libdbus-glib-1-2:amd64 (from .../libdbus-glib-1-2_0.100-1_amd64.deb) ...
Selecting previously unselected package libelf1:amd64.
Unpacking libelf1:amd64 (from .../libelf1_0.153-2_amd64.deb) ...
Selecting previously unselected package libunistring0:amd64.
Unpacking libunistring0:amd64 (from .../libunistring0_0.9.3-5_amd64.deb) ...
Selecting previously unselected package libgettextpo0:amd64.
Unpacking libgettextpo0:amd64 (from .../libgettextpo0_0.18.1.1-10_amd64.deb) ...
Selecting previously unselected package libglib2.0-data.
Unpacking libglib2.0-data (from .../libglib2.0-data_2.33.12+really2.32.4-5_all.deb) ...
Selecting previously unselected package libglib2.0-bin.
Unpacking libglib2.0-bin (from .../libglib2.0-bin_2.33.12+really2.32.4-5_amd64.deb) ...
Selecting previously unselected package libpcrecpp0:amd64.
Unpacking libpcrecpp0:amd64 (from .../libpcrecpp0_1%3a8.31-2_amd64.deb) ...
Selecting previously unselected package libpolkit-gobject-1-0:amd64.
Unpacking libpolkit-gobject-1-0:amd64 (from .../libpolkit-gobject-1-0_0.105-3_amd64.deb) ...
Selecting previously unselected package libpolkit-agent-1-0:amd64.
Unpacking libpolkit-agent-1-0:amd64 (from .../libpolkit-agent-1-0_0.105-3_amd64.deb) ...
Selecting previously unselected package libvala-0.16-0:amd64.
Unpacking libvala-0.16-0:amd64 (from .../libvala-0.16-0_0.16.1-2_amd64.deb) ...
Selecting previously unselected package libxslt1.1:amd64.
Unpacking libxslt1.1:amd64 (from .../libxslt1.1_1.1.26-14_amd64.deb) ...
Selecting previously unselected package netbase.
Unpacking netbase (from .../archives/netbase_5.0_all.deb) ...
Selecting previously unselected package procps.
Unpacking procps (from .../procps_1%3a3.3.4-2_amd64.deb) ...
Selecting previously unselected package file.
Unpacking file (from .../archives/file_5.11-2_amd64.deb) ...
Selecting previously unselected package gettext-base.
Unpacking gettext-base (from .../gettext-base_0.18.1.1-10_amd64.deb) ...
Selecting previously unselected package libsigsegv2.
Unpacking libsigsegv2 (from .../libsigsegv2_2.9-4_amd64.deb) ...
Selecting previously unselected package m4.
Unpacking m4 (from .../archives/m4_1.4.16-4_amd64.deb) ...
Selecting previously unselected package autoconf.
Unpacking autoconf (from .../autoconf_2.69-1_all.deb) ...
Selecting previously unselected package autotools-dev.
Unpacking autotools-dev (from .../autotools-dev_20120608.1_all.deb) ...
Selecting previously unselected package automake.
Unpacking automake (from .../automake_1%3a1.11.6-1_all.deb) ...
Selecting previously unselected package openssl.
Unpacking openssl (from .../openssl_1.0.1c-4_amd64.deb) ...
Selecting previously unselected package ca-certificates.
Unpacking ca-certificates (from .../ca-certificates_20130119_all.deb) ...
Selecting previously unselected package libxmlrpc-core-c3.
Unpacking libxmlrpc-core-c3 (from .../libxmlrpc-core-c3_1.16.33-3.2_amd64.deb) ...
Selecting previously unselected package emacsen-common.
Unpacking emacsen-common (from .../emacsen-common_2.0.5_all.deb) ...
Selecting previously unselected package cmake-data.
Unpacking cmake-data (from .../cmake-data_2.8.9-1_all.deb) ...
Selecting previously unselected package cmake.
Unpacking cmake (from .../cmake_2.8.9-1_amd64.deb) ...
Selecting previously unselected package html2text.
Unpacking html2text (from .../html2text_1.3.2a-15_amd64.deb) ...
Selecting previously unselected package libasprintf-dev:amd64.
Unpacking libasprintf-dev:amd64 (from .../libasprintf-dev_0.18.1.1-10_amd64.deb) ...
Selecting previously unselected package libgettextpo-dev:amd64.
Unpacking libgettextpo-dev:amd64 (from .../libgettextpo-dev_0.18.1.1-10_amd64.deb) ...
Selecting previously unselected package gettext.
Unpacking gettext (from .../gettext_0.18.1.1-10_amd64.deb) ...
Selecting previously unselected package intltool-debian.
Unpacking intltool-debian (from .../intltool-debian_0.35.0+20060710.1_all.deb) ...
Selecting previously unselected package po-debconf.
Unpacking po-debconf (from .../po-debconf_1.0.16+nmu2_all.deb) ...
Selecting previously unselected package debhelper.
Unpacking debhelper (from .../debhelper_9.20120909_all.deb) ...
Selecting previously unselected package docbook-xsl.
Unpacking docbook-xsl (from .../docbook-xsl_1.76.1+dfsg-1_all.deb) ...
Selecting previously unselected package libgirepository-1.0-1.
Unpacking libgirepository-1.0-1 (from .../libgirepository-1.0-1_1.32.1-1_amd64.deb) ...
Selecting previously unselected package gir1.2-glib-2.0.
Unpacking gir1.2-glib-2.0 (from .../gir1.2-glib-2.0_1.32.1-1_amd64.deb) ...
Selecting previously unselected package gir1.2-freedesktop.
Unpacking gir1.2-freedesktop (from .../gir1.2-freedesktop_1.32.1-1_amd64.deb) ...
Selecting previously unselected package gir1.2-polkit-1.0.
Unpacking gir1.2-polkit-1.0 (from .../gir1.2-polkit-1.0_0.105-3_amd64.deb) ...
Selecting previously unselected package python-markupsafe.
Unpacking python-markupsafe (from .../python-markupsafe_0.15-1_amd64.deb) ...
Selecting previously unselected package python-mako.
Unpacking python-mako (from .../python-mako_0.7.0-1.1_all.deb) ...
Selecting previously unselected package gobject-introspection.
Unpacking gobject-introspection (from .../gobject-introspection_1.32.1-1_amd64.deb) ...
Selecting previously unselected package liburi-perl.
Unpacking liburi-perl (from .../liburi-perl_1.60-1_all.deb) ...
Selecting previously unselected package libencode-locale-perl.
Unpacking libencode-locale-perl (from .../libencode-locale-perl_1.03-1_all.deb) ...
Selecting previously unselected package libhttp-date-perl.
Unpacking libhttp-date-perl (from .../libhttp-date-perl_6.02-1_all.deb) ...
Selecting previously unselected package libfile-listing-perl.
Unpacking libfile-listing-perl (from .../libfile-listing-perl_6.04-1_all.deb) ...
Selecting previously unselected package libhtml-tagset-perl.
Unpacking libhtml-tagset-perl (from .../libhtml-tagset-perl_3.20-2_all.deb) ...
Selecting previously unselected package libhtml-parser-perl.
Unpacking libhtml-parser-perl (from .../libhtml-parser-perl_3.69-2_amd64.deb) ...
Selecting previously unselected package libhtml-tree-perl.
Unpacking libhtml-tree-perl (from .../libhtml-tree-perl_5.02-1_all.deb) ...
Selecting previously unselected package liblwp-mediatypes-perl.
Unpacking liblwp-mediatypes-perl (from .../liblwp-mediatypes-perl_6.02-1_all.deb) ...
Selecting previously unselected package libhttp-message-perl.
Unpacking libhttp-message-perl (from .../libhttp-message-perl_6.03-1_all.deb) ...
Selecting previously unselected package libhttp-cookies-perl.
Unpacking libhttp-cookies-perl (from .../libhttp-cookies-perl_6.00-2_all.deb) ...
Selecting previously unselected package libhttp-negotiate-perl.
Unpacking libhttp-negotiate-perl (from .../libhttp-negotiate-perl_6.00-2_all.deb) ...
Selecting previously unselected package libnet-ssleay-perl.
Unpacking libnet-ssleay-perl (from .../libnet-ssleay-perl_1.48-1+b1_amd64.deb) ...
Selecting previously unselected package libio-socket-ssl-perl.
Unpacking libio-socket-ssl-perl (from .../libio-socket-ssl-perl_1.76-2_all.deb) ...
Selecting previously unselected package libnet-http-perl.
Unpacking libnet-http-perl (from .../libnet-http-perl_6.03-2_all.deb) ...
Selecting previously unselected package liblwp-protocol-https-perl.
Unpacking liblwp-protocol-https-perl (from .../liblwp-protocol-https-perl_6.03-1_all.deb) ...
Selecting previously unselected package libwww-robotrules-perl.
Unpacking libwww-robotrules-perl (from .../libwww-robotrules-perl_6.01-1_all.deb) ...
Selecting previously unselected package libwww-perl.
Unpacking libwww-perl (from .../libwww-perl_6.04-1_all.deb) ...
Selecting previously unselected package libxml-parser-perl.
Unpacking libxml-parser-perl (from .../libxml-parser-perl_2.41-1+b1_amd64.deb) ...
Selecting previously unselected package intltool.
Unpacking intltool (from .../intltool_0.50.2-2_all.deb) ...
Selecting previously unselected package pkg-config.
Unpacking pkg-config (from .../pkg-config_0.26-1_amd64.deb) ...
Selecting previously unselected package libdbus-1-dev.
Unpacking libdbus-1-dev (from .../libdbus-1-dev_1.6.8-1_amd64.deb) ...
Selecting previously unselected package libpcre3-dev:amd64.
Unpacking libpcre3-dev:amd64 (from .../libpcre3-dev_1%3a8.31-2_amd64.deb) ...
Selecting previously unselected package zlib1g-dev:amd64.
Unpacking zlib1g-dev:amd64 (from .../zlib1g-dev_1%3a1.2.7.dfsg-13_amd64.deb) ...
Selecting previously unselected package libglib2.0-dev.
Unpacking libglib2.0-dev (from .../libglib2.0-dev_2.33.12+really2.32.4-5_amd64.deb) ...
Selecting previously unselected package libdbus-glib-1-dev.
Unpacking libdbus-glib-1-dev (from .../libdbus-glib-1-dev_0.100-1_amd64.deb) ...
Selecting previously unselected package libffi-dev:amd64.
Unpacking libffi-dev:amd64 (from .../libffi-dev_3.0.10-3_amd64.deb) ...
Selecting previously unselected package libgirepository1.0-dev.
Unpacking libgirepository1.0-dev (from .../libgirepository1.0-dev_1.32.1-1_amd64.deb) ...
Selecting previously unselected package libpolkit-gobject-1-dev.
Unpacking libpolkit-gobject-1-dev (from .../libpolkit-gobject-1-dev_0.105-3_amd64.deb) ...
Selecting previously unselected package libxapian22.
Unpacking libxapian22 (from .../libxapian22_1.2.12-2_amd64.deb) ...
Selecting previously unselected package libxapian-dev.
Unpacking libxapian-dev (from .../libxapian-dev_1.2.12-2_amd64.deb) ...
Selecting previously unselected package libxml2-dev:amd64.
Unpacking libxml2-dev:amd64 (from .../libxml2-dev_2.8.0+dfsg1-7_amd64.deb) ...
Selecting previously unselected package libxml2-utils.
Unpacking libxml2-utils (from .../libxml2-utils_2.8.0+dfsg1-7_amd64.deb) ...
Selecting previously unselected package valac-0.16-vapi.
Unpacking valac-0.16-vapi (from .../valac-0.16-vapi_0.16.1-2_all.deb) ...
Selecting previously unselected package valac-0.16.
Unpacking valac-0.16 (from .../valac-0.16_0.16.1-2_amd64.deb) ...
Selecting previously unselected package valac.
Unpacking valac (from .../valac_0.16.1-2_all.deb) ...
Selecting previously unselected package xsltproc.
Unpacking xsltproc (from .../xsltproc_1.1.26-14_amd64.deb) ...
Selecting previously unselected package xmlto.
Unpacking xmlto (from .../xmlto_0.0.25-2_amd64.deb) ...
Selecting previously unselected package sbuild-build-depends-appstream-dummy.
Unpacking sbuild-build-depends-appstream-dummy (from .../sbuild-build-depends-appstream-dummy.deb) ...
Processing triggers for sgml-base ...
Processing triggers for mime-support ...
Setting up libpipeline1:amd64 (1.2.2-1) ...
Setting up libpopt0:amd64 (1.16-7) ...
Setting up libprocps0:amd64 (1:3.3.4-2) ...
Setting up groff-base (1.22.1-2) ...
Setting up bsdmainutils (9.0.4) ...
update-alternatives: using /usr/bin/bsd-write to provide /usr/bin/write (write) in auto mode
update-alternatives: using /usr/bin/bsd-from to provide /usr/bin/from (from) in auto mode
Setting up man-db (2.6.3-3) ...
Building database of manual pages ...
Setting up libasprintf0c2:amd64 (0.18.1.1-10) ...
Setting up libgpg-error0:amd64 (1.10-3.1) ...
Setting up libgcrypt11:amd64 (1.5.0-3) ...
Setting up libp11-kit0:amd64 (0.12-3) ...
Setting up libtasn1-3:amd64 (2.13-2) ...
Setting up libgnutls26:amd64 (2.12.20-3) ...
Setting up libkeyutils1:amd64 (1.5.5-4) ...
Setting up libkrb5support0:amd64 (1.10.1+dfsg-3) ...
Setting up libk5crypto3:amd64 (1.10.1+dfsg-3) ...
Setting up libkrb5-3:amd64 (1.10.1+dfsg-3) ...
Setting up libgssapi-krb5-2:amd64 (1.10.1+dfsg-3) ...
Setting up libidn11:amd64 (1.25-2) ...
Setting up libsasl2-2:amd64 (2.1.25.dfsg1-6) ...
Setting up libldap-2.4-2:amd64 (2.4.31-1) ...
Setting up libmagic1:amd64 (5.11-2) ...
Setting up libpcre3:amd64 (1:8.31-2) ...
Setting up libxml2:amd64 (2.8.0+dfsg1-7) ...
Setting up sgml-data (2.0.8) ...
Setting up libnettle4:amd64 (2.4-3) ...
Setting up libarchive12:amd64 (3.0.4-2) ...
Setting up libfreetype6:amd64 (2.4.9-1.1) ...
Setting up ttf-dejavu-core (2.33-3) ...
Setting up fontconfig-config (2.9.0-7.1) ...
Setting up libfontconfig1:amd64 (2.9.0-7.1) ...
Setting up libpixman-1-0:amd64 (0.26.0-3) ...
Setting up libpng12-0:amd64 (1.2.49-3) ...
Setting up libxau6:amd64 (1:1.0.7-1) ...
Setting up libxdmcp6:amd64 (1:1.1.1-1) ...
Setting up libxcb1:amd64 (1.8.1-2) ...
Setting up libx11-data (2:1.5.0-1) ...
Setting up libx11-6:amd64 (2:1.5.0-1) ...
Setting up libxcb-render0:amd64 (1.8.1-2) ...
Setting up libxcb-shm0:amd64 (1.8.1-2) ...
Setting up libxrender1:amd64 (1:0.9.7-1) ...
Setting up libcairo2:amd64 (1.12.2-2.1) ...
Setting up libglib2.0-0:amd64 (2.33.12+really2.32.4-5) ...
No schema files found: doing nothing.
Setting up libcairo-gobject2:amd64 (1.12.2-2.1) ...
Setting up libcroco3:amd64 (0.6.6-2) ...
Setting up librtmp0:amd64 (2.4+20111222.git4e06e21-1) ...
Setting up libssh2-1:amd64 (1.4.2-1.1) ...
Setting up libcurl3:amd64 (7.28.0-3) ...
Setting up libcurl3-gnutls:amd64 (7.28.0-3) ...
Setting up libdbus-1-3:amd64 (1.6.8-1) ...
Setting up libdbus-glib-1-2:amd64 (0.100-1) ...
Setting up libelf1:amd64 (0.153-2) ...
Setting up libunistring0:amd64 (0.9.3-5) ...
Setting up libgettextpo0:amd64 (0.18.1.1-10) ...
Setting up libglib2.0-data (2.33.12+really2.32.4-5) ...
Setting up libglib2.0-bin (2.33.12+really2.32.4-5) ...
Setting up libpcrecpp0:amd64 (1:8.31-2) ...
Setting up libpolkit-gobject-1-0:amd64 (0.105-3) ...
Setting up libpolkit-agent-1-0:amd64 (0.105-3) ...
Setting up libvala-0.16-0:amd64 (0.16.1-2) ...
Setting up libxslt1.1:amd64 (1.1.26-14) ...
Setting up netbase (5.0) ...
Setting up procps (1:3.3.4-2) ...
update-alternatives: using /usr/bin/w.procps to provide /usr/bin/w (w) in auto mode
All runlevel operations denied by policy
invoke-rc.d: policy-rc.d denied execution of start.
Setting up file (5.11-2) ...
Setting up gettext-base (0.18.1.1-10) ...
Setting up libsigsegv2 (2.9-4) ...
Setting up m4 (1.4.16-4) ...
Setting up autoconf (2.69-1) ...
Setting up autotools-dev (20120608.1) ...
Setting up automake (1:1.11.6-1) ...
update-alternatives: using /usr/bin/automake-1.11 to provide /usr/bin/automake (automake) in auto mode
Setting up openssl (1.0.1c-4) ...
Setting up ca-certificates (20130119) ...
Setting up libxmlrpc-core-c3 (1.16.33-3.2) ...
Setting up emacsen-common (2.0.5) ...
Setting up cmake-data (2.8.9-1) ...
Install cmake-data for emacs
Setting up cmake (2.8.9-1) ...
Setting up html2text (1.3.2a-15) ...
Setting up libasprintf-dev:amd64 (0.18.1.1-10) ...
Setting up libgettextpo-dev:amd64 (0.18.1.1-10) ...
Setting up gettext (0.18.1.1-10) ...
Setting up intltool-debian (0.35.0+20060710.1) ...
Setting up po-debconf (1.0.16+nmu2) ...
Setting up debhelper (9.20120909) ...
Setting up docbook-xsl (1.76.1+dfsg-1) ...
Setting up libgirepository-1.0-1 (1.32.1-1) ...
Setting up gir1.2-glib-2.0 (1.32.1-1) ...
Setting up gir1.2-freedesktop (1.32.1-1) ...
Setting up gir1.2-polkit-1.0 (0.105-3) ...
Setting up python-markupsafe (0.15-1) ...
Setting up python-mako (0.7.0-1.1) ...
Setting up gobject-introspection (1.32.1-1) ...
Setting up liburi-perl (1.60-1) ...
Setting up libencode-locale-perl (1.03-1) ...
Setting up libhttp-date-perl (6.02-1) ...
Setting up libfile-listing-perl (6.04-1) ...
Setting up libhtml-tagset-perl (3.20-2) ...
Setting up libhtml-parser-perl (3.69-2) ...
Setting up libhtml-tree-perl (5.02-1) ...
Setting up liblwp-mediatypes-perl (6.02-1) ...
Setting up libhttp-message-perl (6.03-1) ...
Setting up libhttp-cookies-perl (6.00-2) ...
Setting up libhttp-negotiate-perl (6.00-2) ...
Setting up libnet-ssleay-perl (1.48-1+b1) ...
Setting up libio-socket-ssl-perl (1.76-2) ...
Setting up libnet-http-perl (6.03-2) ...
Setting up libwww-robotrules-perl (6.01-1) ...
Setting up pkg-config (0.26-1) ...
Setting up libdbus-1-dev (1.6.8-1) ...
Setting up libpcre3-dev:amd64 (1:8.31-2) ...
Setting up zlib1g-dev:amd64 (1:1.2.7.dfsg-13) ...
Setting up libglib2.0-dev (2.33.12+really2.32.4-5) ...
Setting up libdbus-glib-1-dev (0.100-1) ...
Setting up libffi-dev:amd64 (3.0.10-3) ...
Setting up libgirepository1.0-dev (1.32.1-1) ...
Setting up libpolkit-gobject-1-dev (0.105-3) ...
Setting up libxapian22 (1.2.12-2) ...
Setting up libxapian-dev (1.2.12-2) ...
Setting up libxml2-dev:amd64 (2.8.0+dfsg1-7) ...
Setting up libxml2-utils (2.8.0+dfsg1-7) ...
Setting up valac-0.16-vapi (0.16.1-2) ...
Setting up valac-0.16 (0.16.1-2) ...
update-alternatives: using /usr/bin/valac-0.16 to provide /usr/bin/valac (valac) in auto mode
Setting up valac (0.16.1-2) ...
Setting up xsltproc (1.1.26-14) ...
Processing triggers for sgml-base ...
Setting up docbook-xml (4.5-7.1) ...
Processing triggers for sgml-base ...
Setting up xmlto (0.0.25-2) ...
Setting up liblwp-protocol-https-perl (6.03-1) ...
Setting up libwww-perl (6.04-1) ...
Setting up libxml-parser-perl (2.41-1+b1) ...
Setting up intltool (0.50.2-2) ...
Setting up sbuild-build-depends-appstream-dummy (0.invalid.0) ...
Processing triggers for ca-certificates ...
Updating certificates in /etc/ssl/certs... 158 added, 0 removed; done.
Running hooks in /etc/ca-certificates/update.d....done.

┌──────────────────────────────────────────────────────────────────────────────┐
│ Build environment                                                            │
└──────────────────────────────────────────────────────────────────────────────┘

Kernel: Linux 2.6.32-5-xen-amd64 amd64 (x86_64)
Toolchain package versions: binutils_2.22-7.1 dpkg-dev_1.16.9 g++-4.6_4.6.3-15 g++-4.7_4.7.2-19 gcc-4.6_4.6.3-15 gcc-4.7_4.7.2-19 libc6-dev_2.16-0experimental1 libstdc++6_4.8-20130123-1 libstdc++6-4.6-dev_4.6.3-15 libstdc++6-4.7-dev_4.7.2-19 linux-libc-dev_3.2.35-2
Package versions: apt_0.9.7.7 autoconf_2.69-1 automake_1:1.11.6-1 autotools-dev_20120608.1 base-files_7.1 base-passwd_3.5.26 bash_4.2+dfsg-0.1 binutils_2.22-7.1 bsdmainutils_9.0.4 bsdutils_1:2.20.1-5.3 build-essential_11.6 bzip2_1.0.6-4 ca-certificates_20130119 clang_3.2-1~exp5 clang-3.2_3.2-1~exp5 cmake_2.8.9-1 cmake-data_2.8.9-1 compiler-rt_3.2-1~exp5 coreutils_8.20-3 cpp_4:4.7.2-1 cpp-4.6_4.6.3-15 cpp-4.7_4.7.2-19 dash_0.5.7-3 debconf_1.5.49 debconf-i18n_1.5.49 debfoster_2.7-1.2 debhelper_9.20120909 debian-archive-keyring_2012.4 debianutils_4.3.4 diffutils_1:3.2-7 docbook-xml_4.5-7.1 docbook-xsl_1.76.1+dfsg-1 dpkg_1.16.9 dpkg-dev_1.16.9 e2fslibs_1.42.5-1 e2fsprogs_1.42.5-1 emacsen-common_2.0.5 fakeroot_1.18.4-2 file_5.11-2 findutils_4.4.2-5 fontconfig-config_2.9.0-7.1 g++_4:4.7.2-1 g++-4.6_4.6.3-15 g++-4.7_4.7.2-19 gcc_4:4.7.2-1 gcc-4.4-base_4.4.7-3 gcc-4.5-base_4.5.4-1 gcc-4.6_4.6.3-15 gcc-4.6-base_4.6.3-15 gcc-4.7_4.7.2-19 gcc-4.7-base_4.7.2-19 gcc-4.8-base_4.8-20130123-1 gettext_0.18.1.1-10 gettext-base_0.18.1.1-10 gir1.2-freedesktop_1.32.1-1 gir1.2-glib-2.0_1.32.1-1 gir1.2-polkit-1.0_0.105-3 gnupg_1.4.12-7 gobject-introspection_1.32.1-1 gpgv_1.4.12-7 grep_2.14-1 groff-base_1.22.1-2 gzip_1.5-1.1 hostname_3.12 html2text_1.3.2a-15 initscripts_2.88dsf-39 insserv_1.14.0-5 intltool_0.50.2-2 intltool-debian_0.35.0+20060710.1 libacl1_2.2.51-8 libapt-pkg4.12_0.9.7.7 libarchive12_3.0.4-2 libasprintf-dev_0.18.1.1-10 libasprintf0c2_0.18.1.1-10 libattr1_1:2.4.46-8 libblkid1_2.20.1-5.3 libbz2-1.0_1.0.6-4 libc-bin_2.13-38 libc-dev-bin_2.16-0experimental1 libc6_2.16-0experimental1 libc6-dev_2.16-0experimental1 libcairo-gobject2_1.12.2-2.1 libcairo2_1.12.2-2.1 libclang-common-dev_3.2-1~exp5 libclass-isa-perl_0.36-5 libcomerr2_1.42.5-1 libcroco3_0.6.6-2 libcurl3_7.28.0-3 libcurl3-gnutls_7.28.0-3 libdb5.1_5.1.29-5 libdbus-1-3_1.6.8-1 libdbus-1-dev_1.6.8-1 libdbus-glib-1-2_0.100-1 libdbus-glib-1-dev_0.100-1 libdpkg-perl_1.16.9 libelf1_0.153-2 libencode-locale-perl_1.03-1 libexpat1_2.1.0-2 libffi-dev_3.0.10-3 libffi5_3.0.10-3 libfile-fcntllock-perl_0.14-2 libfile-listing-perl_6.04-1 libfontconfig1_2.9.0-7.1 libfreetype6_2.4.9-1.1 libgc1c2_1:7.1-9.1 libgcc-4.7-dev_4.7.2-19 libgcc1_1:4.8-20130123-1 libgcrypt11_1.5.0-3 libgdbm3_1.8.3-11 libgettextpo-dev_0.18.1.1-10 libgettextpo0_0.18.1.1-10 libgirepository-1.0-1_1.32.1-1 libgirepository1.0-dev_1.32.1-1 libglib2.0-0_2.33.12+really2.32.4-5 libglib2.0-bin_2.33.12+really2.32.4-5 libglib2.0-data_2.33.12+really2.32.4-5 libglib2.0-dev_2.33.12+really2.32.4-5 libgmp10_2:5.0.5+dfsg-2 libgnutls26_2.12.20-3 libgomp1_4.8-20130123-1 libgpg-error0_1.10-3.1 libgpm2_1.20.4-6 libgssapi-krb5-2_1.10.1+dfsg-3 libhtml-parser-perl_3.69-2 libhtml-tagset-perl_3.20-2 libhtml-tree-perl_5.02-1 libhttp-cookies-perl_6.00-2 libhttp-date-perl_6.02-1 libhttp-message-perl_6.03-1 libhttp-negotiate-perl_6.00-2 libidn11_1.25-2 libio-socket-ssl-perl_1.76-2 libitm1_4.8-20130123-1 libk5crypto3_1.10.1+dfsg-3 libkeyutils1_1.5.5-4 libkrb5-3_1.10.1+dfsg-3 libkrb5support0_1.10.1+dfsg-3 libldap-2.4-2_2.4.31-1 libllvm3.2_3.2-2 liblocale-gettext-perl_1.05-7+b1 liblwp-mediatypes-perl_6.02-1 liblwp-protocol-https-perl_6.03-1 liblzma5_5.1.1alpha+20120614-2 libmagic1_5.11-2 libmount1_2.20.1-5.3 libmpc2_0.9-4 libmpfr4_3.1.0-5 libncurses5_5.9+20130119-1 libncursesw5_5.9+20130119-1 libnet-http-perl_6.03-2 libnet-ssleay-perl_1.48-1+b1 libnettle4_2.4-3 libobjc-4.7-dev_4.7.2-19 libobjc4_4.8-20130123-1 libp11-kit0_0.12-3 libpam-modules_1.1.3-7.1 libpam-modules-bin_1.1.3-7.1 libpam-runtime_1.1.3-7.1 libpam0g_1.1.3-7.1 libpcre3_1:8.31-2 libpcre3-dev_1:8.31-2 libpcrecpp0_1:8.31-2 libpipeline1_1.2.2-1 libpixman-1-0_0.26.0-3 libpng12-0_1.2.49-3 libpolkit-agent-1-0_0.105-3 libpolkit-gobject-1-0_0.105-3 libpolkit-gobject-1-dev_0.105-3 libpopt0_1.16-7 libprocps0_1:3.3.4-2 libpython2.7-minimal_2.7.3-15 libpython2.7-stdlib_2.7.3-15 libquadmath0_4.8-20130123-1 libreadline6_6.2+dfsg-0.1 librtmp0_2.4+20111222.git4e06e21-1 libsasl2-2_2.1.25.dfsg1-6 libselinux1_2.1.9-5 libsemanage-common_2.1.6-6 libsemanage1_2.1.6-6 libsepol1_2.1.4-3 libsigsegv2_2.9-4 libslang2_2.2.4-15 libsqlite3-0_3.7.15.2-1 libss2_1.42.5-1 libssh2-1_1.4.2-1.1 libssl1.0.0_1.0.1c-4 libstdc++6_4.8-20130123-1 libstdc++6-4.6-dev_4.6.3-15 libstdc++6-4.7-dev_4.7.2-19 libswitch-perl_2.16-2 libtasn1-3_2.13-2 libtext-charwidth-perl_0.04-7+b1 libtext-iconv-perl_1.7-5 libtext-wrapi18n-perl_0.06-7 libtimedate-perl_1.2000-1 libtinfo5_5.9+20130119-1 libunistring0_0.9.3-5 liburi-perl_1.60-1 libusb-0.1-4_2:0.1.12-23+nmu1 libustr-1.0-1_1.0.4-3 libuuid1_2.20.1-5.3 libvala-0.16-0_0.16.1-2 libwww-perl_6.04-1 libwww-robotrules-perl_6.01-1 libx11-6_2:1.5.0-1 libx11-data_2:1.5.0-1 libxapian-dev_1.2.12-2 libxapian22_1.2.12-2 libxau6_1:1.0.7-1 libxcb-render0_1.8.1-2 libxcb-shm0_1.8.1-2 libxcb1_1.8.1-2 libxdmcp6_1:1.1.1-1 libxml-parser-perl_2.41-1+b1 libxml2_2.8.0+dfsg1-7 libxml2-dev_2.8.0+dfsg1-7 libxml2-utils_2.8.0+dfsg1-7 libxmlrpc-core-c3_1.16.33-3.2 libxrender1_1:0.9.7-1 libxslt1.1_1.1.26-14 linux-libc-dev_3.2.35-2 login_1:4.1.5.1-1 lsb-base_4.1+Debian9 m4_1.4.16-4 make_3.81-8.2 man-db_2.6.3-3 mawk_1.3.3-17 mime-support_3.53~experimental2 mount_2.20.1-5.3 multiarch-support_2.13-38 ncurses-base_5.9-10 ncurses-bin_5.9-10 netbase_5.0 openssl_1.0.1c-4 passwd_1:4.1.5.1-1 patch_2.6.1-3 perl_5.14.2-17 perl-base_5.14.2-17 perl-modules_5.14.2-17 pkg-config_0.26-1 po-debconf_1.0.16+nmu2 procps_1:3.3.4-2 python_2.7.3-10 python-mako_0.7.0-1.1 python-markupsafe_0.15-1 python-minimal_2.7.3-10 python2.7_2.7.3-15 python2.7-minimal_2.7.3-15 readline-common_6.2+dfsg-0.1 sbuild-build-depends-appstream-dummy_0.invalid.0 sbuild-build-depends-core-dummy_0.invalid.0 sed_4.2.1-10 sensible-utils_0.0.7 sgml-base_1.26+nmu4 sgml-data_2.0.8 sudo_1.8.5p2-1 sysv-rc_2.88dsf-39 sysvinit_2.88dsf-39 sysvinit-utils_2.88dsf-39 tar_1.26+dfsg-0.1 ttf-dejavu-core_2.33-3 tzdata_2012j-1 ucf_3.0025+nmu3 util-linux_2.20.1-5.3 valac_0.16.1-2 valac-0.16_0.16.1-2 valac-0.16-vapi_0.16.1-2 vim_2:7.3.547-6 vim-common_2:7.3.547-6 vim-runtime_2:7.3.547-6 xml-core_0.13+nmu2 xmlto_0.0.25-2 xsltproc_1.1.26-14 xz-utils_5.1.1alpha+20120614-2 zlib1g_1:1.2.7.dfsg-13 zlib1g-dev_1:1.2.7.dfsg-13

┌──────────────────────────────────────────────────────────────────────────────┐
│ Build                                                                        │
└──────────────────────────────────────────────────────────────────────────────┘


Unpack source
─────────────

gpgv: keyblock resource `/sbuild-nonexistent/.gnupg/trustedkeys.gpg': file open error
gpgv: Signature made Fri Oct 12 12:39:34 2012 UTC using DSA key ID 5662C734
gpgv: Can't check signature: public key not found
dpkg-source: warning: failed to verify signature on ./appstream_0.1-1.dsc
dpkg-source: info: extracting appstream in appstream-0.1
dpkg-source: info: unpacking appstream_0.1.orig.tar.gz
dpkg-source: info: unpacking appstream_0.1-1.debian.tar.gz

Check disc space
────────────────

Sufficient free space for build

User Environment
────────────────

HOME=/sbuild-nonexistent
LOGNAME=user
PATH=/usr/local/sbin:/usr/local/bin:/usr/sbin:/usr/bin:/sbin:/bin:/usr/games
SCHROOT_CHROOT_NAME=unstable-amd64-sbuild
SCHROOT_COMMAND=env
SCHROOT_GID=1000
SCHROOT_GROUP=user
SCHROOT_SESSION_ID=unstable-amd64-sbuild-a8f61173-1456-4981-ba3a-28e3f3734d6e
SCHROOT_UID=1000
SCHROOT_USER=user
SHELL=/bin/sh
USER=user

dpkg-buildpackage
─────────────────

dpkg-buildpackage: source package appstream
dpkg-buildpackage: source version 0.1-1
dpkg-buildpackage: source changed by Matthias Klumpp <matthias@tenstral.net>
 dpkg-source --before-build appstream-0.1
dpkg-buildpackage: host architecture amd64
 fakeroot debian/rules clean
dh clean
   dh_testdir
   dh_auto_clean
   dh_clean
 debian/rules build-arch
dh build-arch
   dh_testdir -a
   debian/rules override_dh_auto_configure
make[1]: Entering directory `/«PKGBUILDDIR»'
dh_auto_configure -- -DPROVIDER_UBUNTU_APPINSTALL=ON
-- The C compiler identification is Clang 3.2.0
-- The CXX compiler identification is Clang 3.2.0
-- Check for working C compiler: /usr/bin/gcc
-- Check for working C compiler: /usr/bin/gcc -- works
-- Detecting C compiler ABI info
-- Detecting C compiler ABI info - done
-- Check for working CXX compiler: /usr/bin/c++
-- Check for working CXX compiler: /usr/bin/c++ -- works
-- Detecting CXX compiler ABI info
-- Detecting CXX compiler ABI info - done
-- Compiling AppStream core modules version 0.1.0
-- Found Gettext: /usr/bin/msgmerge (found version "0.18.1") 
-- Found PkgConfig: /usr/bin/pkg-config (found version "0.26") 
-- Found GLIB2: /usr/lib/x86_64-linux-gnu/libglib-2.0.so (Required is at least version "2.14.0") 
-- Found Vala: /usr/bin/valac  
-- checking for a minimum Vala version of 0.16
-- checking for module 'gio-2.0'
--   found gio-2.0, version 2.32.4
-- checking for module 'gobject-introspection-1.0'
--   found gobject-introspection-1.0, version 1.32.1
-- Found LibXml2: /usr/lib/x86_64-linux-gnu/libxml2.so (found version "2.8.0") 
-- checking for module 'polkit-gobject-1>=0.104'
--   found polkit-gobject-1, version 0.105
-- Configuring done
-- Generating done
-- Build files have been written to: /«PKGBUILDDIR»/obj-x86_64-linux-gnu
make[1]: Leaving directory `/«PKGBUILDDIR»'
   dh_auto_build -a
make[1]: Entering directory `/«PKGBUILDDIR»/obj-x86_64-linux-gnu'
/usr/bin/cmake -H/«PKGBUILDDIR» -B/«PKGBUILDDIR»/obj-x86_64-linux-gnu --check-build-system CMakeFiles/Makefile.cmake 0
/usr/bin/cmake -E cmake_progress_start /«PKGBUILDDIR»/obj-x86_64-linux-gnu/CMakeFiles /«PKGBUILDDIR»/obj-x86_64-linux-gnu/CMakeFiles/progress.marks
make -f CMakeFiles/Makefile2 all
make[2]: Entering directory `/«PKGBUILDDIR»/obj-x86_64-linux-gnu'
make -f src/CMakeFiles/aslib-precomp.dir/build.make src/CMakeFiles/aslib-precomp.dir/depend
make[3]: Entering directory `/«PKGBUILDDIR»/obj-x86_64-linux-gnu'
cd /«PKGBUILDDIR»/obj-x86_64-linux-gnu && /usr/bin/cmake -E cmake_depends "Unix Makefiles" /«PKGBUILDDIR» /«PKGBUILDDIR»/src /«PKGBUILDDIR»/obj-x86_64-linux-gnu /«PKGBUILDDIR»/obj-x86_64-linux-gnu/src /«PKGBUILDDIR»/obj-x86_64-linux-gnu/src/CMakeFiles/aslib-precomp.dir/DependInfo.cmake --color=
Scanning dependencies of target aslib-precomp
make[3]: Leaving directory `/«PKGBUILDDIR»/obj-x86_64-linux-gnu'
make -f src/CMakeFiles/aslib-precomp.dir/build.make src/CMakeFiles/aslib-precomp.dir/build
make[3]: Entering directory `/«PKGBUILDDIR»/obj-x86_64-linux-gnu'
/usr/bin/cmake -E cmake_progress_report /«PKGBUILDDIR»/obj-x86_64-linux-gnu/CMakeFiles 10
[  5%] Precompiling Vala target aslib-precomp
cd /«PKGBUILDDIR»/obj-x86_64-linux-gnu/src && /usr/bin/cmake -DVALA_COMPILER:FILEPATH=/usr/bin/valac -DCMAKE_CFG_INTDIR:STRING=. -DVERBOSE:STRING=1 -P /«PKGBUILDDIR»/obj-x86_64-linux-gnu/src/CMakeFiles/aslib-precomp.dir/precompile.cmake
/usr/bin/valac -C --header=/«PKGBUILDDIR»/obj-x86_64-linux-gnu/src//appstream.h --internal-header=/«PKGBUILDDIR»/obj-x86_64-linux-gnu/src//./appstream_internal.h -b /«PKGBUILDDIR»/src -d /«PKGBUILDDIR»/obj-x86_64-linux-gnu/src//. --vapidir=/«PKGBUILDDIR»/vapi --vapidir=/«PKGBUILDDIR»/src/xapian --pkg=config --pkg=gio-2.0 --pkg=posix --pkg=as-xapian --gir=AppStream-0.1.gir --library appstream --internal-vapi=appstream_internal.vapi.orig /«PKGBUILDDIR»/src/settings.vala /«PKGBUILDDIR»/src/utils.vala /«PKGBUILDDIR»/src/app-info.vala /«PKGBUILDDIR»/src/database.vala /«PKGBUILDDIR»/src/menudir.vala
cd /«PKGBUILDDIR»/obj-x86_64-linux-gnu/src && /usr/bin/cmake -E touch /«PKGBUILDDIR»/obj-x86_64-linux-gnu/src/CMakeFiles/aslib-precomp.dir/precompile.stamp
make[3]: Leaving directory `/«PKGBUILDDIR»/obj-x86_64-linux-gnu'
/usr/bin/cmake -E cmake_progress_report /«PKGBUILDDIR»/obj-x86_64-linux-gnu/CMakeFiles  10
[  5%] Built target aslib-precomp
make -f src/CMakeFiles/gir-compile.dir/build.make src/CMakeFiles/gir-compile.dir/depend
make[3]: Entering directory `/«PKGBUILDDIR»/obj-x86_64-linux-gnu'
cd /«PKGBUILDDIR»/obj-x86_64-linux-gnu && /usr/bin/cmake -E cmake_depends "Unix Makefiles" /«PKGBUILDDIR» /«PKGBUILDDIR»/src /«PKGBUILDDIR»/obj-x86_64-linux-gnu /«PKGBUILDDIR»/obj-x86_64-linux-gnu/src /«PKGBUILDDIR»/obj-x86_64-linux-gnu/src/CMakeFiles/gir-compile.dir/DependInfo.cmake --color=
Scanning dependencies of target gir-compile
make[3]: Leaving directory `/«PKGBUILDDIR»/obj-x86_64-linux-gnu'
make -f src/CMakeFiles/gir-compile.dir/build.make src/CMakeFiles/gir-compile.dir/build
make[3]: Entering directory `/«PKGBUILDDIR»/obj-x86_64-linux-gnu'
cd /«PKGBUILDDIR»/obj-x86_64-linux-gnu/src && /usr/bin/g-ir-compiler --shared-library=appstream --includedir=. /«PKGBUILDDIR»/obj-x86_64-linux-gnu/src/AppStream-0.1.gir -o /«PKGBUILDDIR»/obj-x86_64-linux-gnu/src/AppStream-0.1.typelib
make[3]: Leaving directory `/«PKGBUILDDIR»/obj-x86_64-linux-gnu'
/usr/bin/cmake -E cmake_progress_report /«PKGBUILDDIR»/obj-x86_64-linux-gnu/CMakeFiles 
[  5%] Built target gir-compile
make -f src/CMakeFiles/header_internal_fix.dir/build.make src/CMakeFiles/header_internal_fix.dir/depend
make[3]: Entering directory `/«PKGBUILDDIR»/obj-x86_64-linux-gnu'
cd /«PKGBUILDDIR»/obj-x86_64-linux-gnu && /usr/bin/cmake -E cmake_depends "Unix Makefiles" /«PKGBUILDDIR» /«PKGBUILDDIR»/src /«PKGBUILDDIR»/obj-x86_64-linux-gnu /«PKGBUILDDIR»/obj-x86_64-linux-gnu/src /«PKGBUILDDIR»/obj-x86_64-linux-gnu/src/CMakeFiles/header_internal_fix.dir/DependInfo.cmake --color=
Scanning dependencies of target header_internal_fix
make[3]: Leaving directory `/«PKGBUILDDIR»/obj-x86_64-linux-gnu'
make -f src/CMakeFiles/header_internal_fix.dir/build.make src/CMakeFiles/header_internal_fix.dir/build
make[3]: Entering directory `/«PKGBUILDDIR»/obj-x86_64-linux-gnu'
/usr/bin/cmake -E cmake_progress_report /«PKGBUILDDIR»/obj-x86_64-linux-gnu/CMakeFiles 12
[ 10%] Generating appstream_internal.vapi
cd /«PKGBUILDDIR»/obj-x86_64-linux-gnu/src && /bin/sed 's/"appstream.h"/"appstream_internal.h"/' /«PKGBUILDDIR»/obj-x86_64-linux-gnu/src/appstream_internal.vapi.orig > /«PKGBUILDDIR»/obj-x86_64-linux-gnu/src/appstream_internal.vapi
make[3]: Leaving directory `/«PKGBUILDDIR»/obj-x86_64-linux-gnu'
/usr/bin/cmake -E cmake_progress_report /«PKGBUILDDIR»/obj-x86_64-linux-gnu/CMakeFiles  12
[ 10%] Built target header_internal_fix
make -f src/CMakeFiles/appstream.dir/build.make src/CMakeFiles/appstream.dir/depend
make[3]: Entering directory `/«PKGBUILDDIR»/obj-x86_64-linux-gnu'
cd /«PKGBUILDDIR»/obj-x86_64-linux-gnu && /usr/bin/cmake -E cmake_depends "Unix Makefiles" /«PKGBUILDDIR» /«PKGBUILDDIR»/src /«PKGBUILDDIR»/obj-x86_64-linux-gnu /«PKGBUILDDIR»/obj-x86_64-linux-gnu/src /«PKGBUILDDIR»/obj-x86_64-linux-gnu/src/CMakeFiles/appstream.dir/DependInfo.cmake --color=
Scanning dependencies of target appstream
make[3]: Leaving directory `/«PKGBUILDDIR»/obj-x86_64-linux-gnu'
make -f src/CMakeFiles/appstream.dir/build.make src/CMakeFiles/appstream.dir/build
make[3]: Entering directory `/«PKGBUILDDIR»/obj-x86_64-linux-gnu'
/usr/bin/cmake -E cmake_progress_report /«PKGBUILDDIR»/obj-x86_64-linux-gnu/CMakeFiles 1
[ 15%] Building C object src/CMakeFiles/appstream.dir/settings.c.o
cd /«PKGBUILDDIR»/obj-x86_64-linux-gnu/src && /usr/bin/gcc  -Dappstream_EXPORTS -DCMAKE_INSTALL_PREFIX=\"\"/usr\"\" -DCMAKE_INSTALL_LIBDIR=\"\"\"\" -g -O2 -fstack-protector --param=ssp-buffer-size=4 -Wformat -Werror=format-security -D_FORTIFY_SOURCE=2  -g -fPIC -I/«PKGBUILDDIR»/src/xapian -I/«PKGBUILDDIR»/obj-x86_64-linux-gnu -I/«PKGBUILDDIR»/obj-x86_64-linux-gnu/src -I/usr/include/glib-2.0 -I/usr/lib/x86_64-linux-gnu/glib-2.0/include    --include config.h -o CMakeFiles/appstream.dir/settings.c.o   -c /«PKGBUILDDIR»/obj-x86_64-linux-gnu/src/settings.c
/usr/bin/cmake -E cmake_progress_report /«PKGBUILDDIR»/obj-x86_64-linux-gnu/CMakeFiles 2
[ 20%] Building C object src/CMakeFiles/appstream.dir/utils.c.o
cd /«PKGBUILDDIR»/obj-x86_64-linux-gnu/src && /usr/bin/gcc  -Dappstream_EXPORTS -DCMAKE_INSTALL_PREFIX=\"\"/usr\"\" -DCMAKE_INSTALL_LIBDIR=\"\"\"\" -g -O2 -fstack-protector --param=ssp-buffer-size=4 -Wformat -Werror=format-security -D_FORTIFY_SOURCE=2  -g -fPIC -I/«PKGBUILDDIR»/src/xapian -I/«PKGBUILDDIR»/obj-x86_64-linux-gnu -I/«PKGBUILDDIR»/obj-x86_64-linux-gnu/src -I/usr/include/glib-2.0 -I/usr/lib/x86_64-linux-gnu/glib-2.0/include    --include config.h -o CMakeFiles/appstream.dir/utils.c.o   -c /«PKGBUILDDIR»/obj-x86_64-linux-gnu/src/utils.c
/usr/bin/cmake -E cmake_progress_report /«PKGBUILDDIR»/obj-x86_64-linux-gnu/CMakeFiles 3
[ 25%] Building C object src/CMakeFiles/appstream.dir/app-info.c.o
cd /«PKGBUILDDIR»/obj-x86_64-linux-gnu/src && /usr/bin/gcc  -Dappstream_EXPORTS -DCMAKE_INSTALL_PREFIX=\"\"/usr\"\" -DCMAKE_INSTALL_LIBDIR=\"\"\"\" -g -O2 -fstack-protector --param=ssp-buffer-size=4 -Wformat -Werror=format-security -D_FORTIFY_SOURCE=2  -g -fPIC -I/«PKGBUILDDIR»/src/xapian -I/«PKGBUILDDIR»/obj-x86_64-linux-gnu -I/«PKGBUILDDIR»/obj-x86_64-linux-gnu/src -I/usr/include/glib-2.0 -I/usr/lib/x86_64-linux-gnu/glib-2.0/include    --include config.h -o CMakeFiles/appstream.dir/app-info.c.o   -c /«PKGBUILDDIR»/obj-x86_64-linux-gnu/src/app-info.c
/usr/bin/cmake -E cmake_progress_report /«PKGBUILDDIR»/obj-x86_64-linux-gnu/CMakeFiles 4
[ 30%] Building C object src/CMakeFiles/appstream.dir/database.c.o
cd /«PKGBUILDDIR»/obj-x86_64-linux-gnu/src && /usr/bin/gcc  -Dappstream_EXPORTS -DCMAKE_INSTALL_PREFIX=\"\"/usr\"\" -DCMAKE_INSTALL_LIBDIR=\"\"\"\" -g -O2 -fstack-protector --param=ssp-buffer-size=4 -Wformat -Werror=format-security -D_FORTIFY_SOURCE=2  -g -fPIC -I/«PKGBUILDDIR»/src/xapian -I/«PKGBUILDDIR»/obj-x86_64-linux-gnu -I/«PKGBUILDDIR»/obj-x86_64-linux-gnu/src -I/usr/include/glib-2.0 -I/usr/lib/x86_64-linux-gnu/glib-2.0/include    --include config.h -o CMakeFiles/appstream.dir/database.c.o   -c /«PKGBUILDDIR»/obj-x86_64-linux-gnu/src/database.c
/«PKGBUILDDIR»/obj-x86_64-linux-gnu/src/database.c:397:14: warning: passing 'const gchar *' (aka 'const char *') to parameter of type 'gchar *' (aka 'char *') discards qualifiers [-Wincompatible-pointer-types]
        g_strstrip (_tmp1_);
                    ^~~~~~
/usr/include/glib-2.0/glib/gstrfuncs.h:158:53: note: expanded from macro 'g_strstrip'
#define g_strstrip( string )    g_strchomp (g_strchug (string))
                                                       ^
/usr/include/glib-2.0/glib/gstrfuncs.h:154:55: note: passing argument to parameter 'string' here
gchar*                g_strchug        (gchar        *string);
                                                      ^
/«PKGBUILDDIR»/obj-x86_64-linux-gnu/src/database.c:612:11: warning: implicit declaration of function 'xa_database_read_new' is invalid in C99 [-Wimplicit-function-declaration]
        _tmp0_ = xa_database_read_new ();
                 ^
/«PKGBUILDDIR»/obj-x86_64-linux-gnu/src/database.c:612:9: warning: incompatible integer to pointer conversion assigning to 'struct DatabaseRead *' from 'int' [-Wint-conversion]
        _tmp0_ = xa_database_read_new ();
               ^ ~~~~~~~~~~~~~~~~~~~~~~~
/«PKGBUILDDIR»/obj-x86_64-linux-gnu/src/database.c:613:2: warning: implicit declaration of function 'xa_database_read_free' is invalid in C99 [-Wimplicit-function-declaration]
        _xa_database_read_free0 (self->priv->db);
        ^
/«PKGBUILDDIR»/obj-x86_64-linux-gnu/src/database.c:67:70: note: expanded from macro '_xa_database_read_free0'
#define _xa_database_read_free0(var) ((var == NULL) ? NULL : (var = (xa_database_read_free (var), NULL)))
                                                                     ^
/«PKGBUILDDIR»/obj-x86_64-linux-gnu/src/database.c:631:2: warning: implicit declaration of function 'xa_database_read_open' is invalid in C99 [-Wimplicit-function-declaration]
        xa_database_read_open (_tmp0_, _tmp1_);
        ^
/«PKGBUILDDIR»/obj-x86_64-linux-gnu/src/database.c:672:11: warning: implicit declaration of function 'xa_database_read_get_all_applications' is invalid in C99 [-Wimplicit-function-declaration]
        _tmp2_ = xa_database_read_get_all_applications (_tmp1_);
                 ^
/«PKGBUILDDIR»/obj-x86_64-linux-gnu/src/database.c:672:9: warning: incompatible integer to pointer conversion assigning to 'GArray *' (aka 'struct _GArray *') from 'int' [-Wint-conversion]
        _tmp2_ = xa_database_read_get_all_applications (_tmp1_);
               ^ ~~~~~~~~~~~~~~~~~~~~~~~~~~~~~~~~~~~~~~~~~~~~~~
/«PKGBUILDDIR»/obj-x86_64-linux-gnu/src/database.c:695:11: warning: implicit declaration of function 'xa_database_read_find_applications' is invalid in C99 [-Wimplicit-function-declaration]
        _tmp3_ = xa_database_read_find_applications (_tmp1_, _tmp2_);
                 ^
/«PKGBUILDDIR»/obj-x86_64-linux-gnu/src/database.c:695:9: warning: incompatible integer to pointer conversion assigning to 'GArray *' (aka 'struct _GArray *') from 'int' [-Wint-conversion]
        _tmp3_ = xa_database_read_find_applications (_tmp1_, _tmp2_);
               ^ ~~~~~~~~~~~~~~~~~~~~~~~~~~~~~~~~~~~~~~~~~~~~~~~~~~~
/«PKGBUILDDIR»/obj-x86_64-linux-gnu/src/database.c:830:11: warning: implicit declaration of function 'xa_database_write_new' is invalid in C99 [-Wimplicit-function-declaration]
        _tmp0_ = xa_database_write_new ();
                 ^
/«PKGBUILDDIR»/obj-x86_64-linux-gnu/src/database.c:830:9: warning: incompatible integer to pointer conversion assigning to 'struct DatabaseWrite *' from 'int' [-Wint-conversion]
        _tmp0_ = xa_database_write_new ();
               ^ ~~~~~~~~~~~~~~~~~~~~~~~~
/«PKGBUILDDIR»/obj-x86_64-linux-gnu/src/database.c:831:2: warning: implicit declaration of function 'xa_database_write_free' is invalid in C99 [-Wimplicit-function-declaration]
        _xa_database_write_free0 (self->priv->db_w);
        ^
/«PKGBUILDDIR»/obj-x86_64-linux-gnu/src/database.c:91:71: note: expanded from macro '_xa_database_write_free0'
#define _xa_database_write_free0(var) ((var == NULL) ? NULL : (var = (xa_database_write_free (var), NULL)))
                                                                      ^
/«PKGBUILDDIR»/obj-x86_64-linux-gnu/src/database.c:852:2: warning: implicit declaration of function 'xa_database_write_init' is invalid in C99 [-Wimplicit-function-declaration]
        xa_database_write_init (_tmp0_, _tmp2_);
        ^
/«PKGBUILDDIR»/obj-x86_64-linux-gnu/src/database.c:866:11: warning: implicit declaration of function 'xa_database_write_rebuild' is invalid in C99 [-Wimplicit-function-declaration]
        _tmp2_ = xa_database_write_rebuild (_tmp0_, _tmp1_);
                 ^
14 warnings generated.
/usr/bin/cmake -E cmake_progress_report /«PKGBUILDDIR»/obj-x86_64-linux-gnu/CMakeFiles 5
[ 35%] Building C object src/CMakeFiles/appstream.dir/menudir.c.o
cd /«PKGBUILDDIR»/obj-x86_64-linux-gnu/src && /usr/bin/gcc  -Dappstream_EXPORTS -DCMAKE_INSTALL_PREFIX=\"\"/usr\"\" -DCMAKE_INSTALL_LIBDIR=\"\"\"\" -g -O2 -fstack-protector --param=ssp-buffer-size=4 -Wformat -Werror=format-security -D_FORTIFY_SOURCE=2  -g -fPIC -I/«PKGBUILDDIR»/src/xapian -I/«PKGBUILDDIR»/obj-x86_64-linux-gnu -I/«PKGBUILDDIR»/obj-x86_64-linux-gnu/src -I/usr/include/glib-2.0 -I/usr/lib/x86_64-linux-gnu/glib-2.0/include    --include config.h -o CMakeFiles/appstream.dir/menudir.c.o   -c /«PKGBUILDDIR»/obj-x86_64-linux-gnu/src/menudir.c
/«PKGBUILDDIR»/obj-x86_64-linux-gnu/src/menudir.c:189:60: warning: incompatible pointer types initializing 'void (*)(GMarkupParseContext *, const gchar *, const gchar **, const gchar **, gpointer, GError **)' with an expression of type 'void (GMarkupParseContext *, const gchar *, gchar **, gchar **, gpointer, GError **)' [-Wincompatible-pointer-types]
static const GMarkupParser APPSTREAM_MENU_PARSER_parser = {_appstream_menu_parser_opening_item_gmarkup_parser_start_element_func, _appstream_menu_parser_closing_item_gmarkup_parser_end_element_func, _appstream_menu_parser_get_text_gmarkup_parser_text_func, NULL, NULL};
                                                           ^~~~~~~~~~~~~~~~~~~~~~~~~~~~~~~~~~~~~~~~~~~~~~~~~~~~~~~~~~~~~~~~~~~~~
/«PKGBUILDDIR»/obj-x86_64-linux-gnu/src/menudir.c:957:14: warning: passing 'const gchar *' (aka 'const char *') to parameter of type 'gchar *' (aka 'char *') discards qualifiers [-Wincompatible-pointer-types]
        g_strstrip (_tmp1_);
                    ^~~~~~
/usr/include/glib-2.0/glib/gstrfuncs.h:158:53: note: expanded from macro 'g_strstrip'
#define g_strstrip( string )    g_strchomp (g_strchug (string))
                                                       ^
/usr/include/glib-2.0/glib/gstrfuncs.h:154:55: note: passing argument to parameter 'string' here
gchar*                g_strchug        (gchar        *string);
                                                      ^
2 warnings generated.
/usr/bin/cmake -E cmake_progress_report /«PKGBUILDDIR»/obj-x86_64-linux-gnu/CMakeFiles 6
[ 40%] Building CXX object src/CMakeFiles/appstream.dir/xapian/database-read.cpp.o
cd /«PKGBUILDDIR»/obj-x86_64-linux-gnu/src && /usr/bin/c++   -Dappstream_EXPORTS -DCMAKE_INSTALL_PREFIX=\"\"/usr\"\" -DCMAKE_INSTALL_LIBDIR=\"\"\"\" -g -O2 -fstack-protector --param=ssp-buffer-size=4 -Wformat -Werror=format-security -D_FORTIFY_SOURCE=2  -g -fPIC -I/«PKGBUILDDIR»/src/xapian -I/«PKGBUILDDIR»/obj-x86_64-linux-gnu -I/«PKGBUILDDIR»/obj-x86_64-linux-gnu/src -I/usr/include/glib-2.0 -I/usr/lib/x86_64-linux-gnu/glib-2.0/include    --include config.h -o CMakeFiles/appstream.dir/xapian/database-read.cpp.o -c /«PKGBUILDDIR»/src/xapian/database-read.cpp
In file included from /«PKGBUILDDIR»/src/xapian/database-read.cpp:22:
In file included from /«PKGBUILDDIR»/src/xapian/database-read.hpp:24:
In file included from /usr/bin/../lib/gcc/x86_64-linux-gnu/4.7/../../../../include/c++/4.7/iostream:39:
In file included from /usr/bin/../lib/gcc/x86_64-linux-gnu/4.7/../../../../include/c++/4.7/ostream:39:
In file included from /usr/bin/../lib/gcc/x86_64-linux-gnu/4.7/../../../../include/c++/4.7/ios:38:
In file included from /usr/bin/../lib/gcc/x86_64-linux-gnu/4.7/../../../../include/c++/4.7/iosfwd:41:
In file included from /usr/bin/../lib/gcc/x86_64-linux-gnu/4.7/../../../../include/c++/4.7/bits/postypes.h:41:
In file included from /usr/bin/../lib/gcc/x86_64-linux-gnu/4.7/../../../../include/c++/4.7/cwchar:45:
In file included from /usr/include/wchar.h:884:
/usr/include/x86_64-linux-gnu/bits/wchar2.h:38:1: error: unknown type name '__extern_always_inline'
__fortify_function wchar_t *
^
/usr/include/x86_64-linux-gnu/sys/cdefs.h:143:28: note: expanded from macro '__fortify_function'
#define __fortify_function __extern_always_inline __attribute_artificial__
                           ^
In file included from /«PKGBUILDDIR»/src/xapian/database-read.cpp:22:
In file included from /«PKGBUILDDIR»/src/xapian/database-read.hpp:24:
In file included from /usr/bin/../lib/gcc/x86_64-linux-gnu/4.7/../../../../include/c++/4.7/iostream:39:
In file included from /usr/bin/../lib/gcc/x86_64-linux-gnu/4.7/../../../../include/c++/4.7/ostream:39:
In file included from /usr/bin/../lib/gcc/x86_64-linux-gnu/4.7/../../../../include/c++/4.7/ios:38:
In file included from /usr/bin/../lib/gcc/x86_64-linux-gnu/4.7/../../../../include/c++/4.7/iosfwd:41:
In file included from /usr/bin/../lib/gcc/x86_64-linux-gnu/4.7/../../../../include/c++/4.7/bits/postypes.h:41:
In file included from /usr/bin/../lib/gcc/x86_64-linux-gnu/4.7/../../../../include/c++/4.7/cwchar:45:
In file included from /usr/include/wchar.h:884:
/usr/include/x86_64-linux-gnu/bits/wchar2.h:38:20: error: expected unqualified-id
__fortify_function wchar_t *
                   ^
/usr/include/x86_64-linux-gnu/bits/wchar2.h:67:1: error: unknown type name '__extern_always_inline'
__fortify_function wchar_t *
^
/usr/include/x86_64-linux-gnu/sys/cdefs.h:143:28: note: expanded from macro '__fortify_function'
#define __fortify_function __extern_always_inline __attribute_artificial__
                           ^
In file included from /«PKGBUILDDIR»/src/xapian/database-read.cpp:22:
In file included from /«PKGBUILDDIR»/src/xapian/database-read.hpp:24:
In file included from /usr/bin/../lib/gcc/x86_64-linux-gnu/4.7/../../../../include/c++/4.7/iostream:39:
In file included from /usr/bin/../lib/gcc/x86_64-linux-gnu/4.7/../../../../include/c++/4.7/ostream:39:
In file included from /usr/bin/../lib/gcc/x86_64-linux-gnu/4.7/../../../../include/c++/4.7/ios:38:
In file included from /usr/bin/../lib/gcc/x86_64-linux-gnu/4.7/../../../../include/c++/4.7/iosfwd:41:
In file included from /usr/bin/../lib/gcc/x86_64-linux-gnu/4.7/../../../../include/c++/4.7/bits/postypes.h:41:
In file included from /usr/bin/../lib/gcc/x86_64-linux-gnu/4.7/../../../../include/c++/4.7/cwchar:45:
In file included from /usr/include/wchar.h:884:
/usr/include/x86_64-linux-gnu/bits/wchar2.h:67:20: error: expected unqualified-id
__fortify_function wchar_t *
                   ^
/usr/include/x86_64-linux-gnu/bits/wchar2.h:99:1: error: unknown type name '__extern_always_inline'
__fortify_function wchar_t *
^
/usr/include/x86_64-linux-gnu/sys/cdefs.h:143:28: note: expanded from macro '__fortify_function'
#define __fortify_function __extern_always_inline __attribute_artificial__
                           ^
In file included from /«PKGBUILDDIR»/src/xapian/database-read.cpp:22:
In file included from /«PKGBUILDDIR»/src/xapian/database-read.hpp:24:
In file included from /usr/bin/../lib/gcc/x86_64-linux-gnu/4.7/../../../../include/c++/4.7/iostream:39:
In file included from /usr/bin/../lib/gcc/x86_64-linux-gnu/4.7/../../../../include/c++/4.7/ostream:39:
In file included from /usr/bin/../lib/gcc/x86_64-linux-gnu/4.7/../../../../include/c++/4.7/ios:38:
In file included from /usr/bin/../lib/gcc/x86_64-linux-gnu/4.7/../../../../include/c++/4.7/iosfwd:41:
In file included from /usr/bin/../lib/gcc/x86_64-linux-gnu/4.7/../../../../include/c++/4.7/bits/postypes.h:41:
In file included from /usr/bin/../lib/gcc/x86_64-linux-gnu/4.7/../../../../include/c++/4.7/cwchar:45:
In file included from /usr/include/wchar.h:884:
/usr/include/x86_64-linux-gnu/bits/wchar2.h:99:20: error: expected unqualified-id
__fortify_function wchar_t *
                   ^
/usr/include/x86_64-linux-gnu/bits/wchar2.h:128:1: error: unknown type name '__extern_always_inline'
__fortify_function wchar_t *
^
/usr/include/x86_64-linux-gnu/sys/cdefs.h:143:28: note: expanded from macro '__fortify_function'
#define __fortify_function __extern_always_inline __attribute_artificial__
                           ^
In file included from /«PKGBUILDDIR»/src/xapian/database-read.cpp:22:
In file included from /«PKGBUILDDIR»/src/xapian/database-read.hpp:24:
In file included from /usr/bin/../lib/gcc/x86_64-linux-gnu/4.7/../../../../include/c++/4.7/iostream:39:
In file included from /usr/bin/../lib/gcc/x86_64-linux-gnu/4.7/../../../../include/c++/4.7/ostream:39:
In file included from /usr/bin/../lib/gcc/x86_64-linux-gnu/4.7/../../../../include/c++/4.7/ios:38:
In file included from /usr/bin/../lib/gcc/x86_64-linux-gnu/4.7/../../../../include/c++/4.7/iosfwd:41:
In file included from /usr/bin/../lib/gcc/x86_64-linux-gnu/4.7/../../../../include/c++/4.7/bits/postypes.h:41:
In file included from /usr/bin/../lib/gcc/x86_64-linux-gnu/4.7/../../../../include/c++/4.7/cwchar:45:
In file included from /usr/include/wchar.h:884:
/usr/include/x86_64-linux-gnu/bits/wchar2.h:128:20: error: expected unqualified-id
__fortify_function wchar_t *
                   ^
/usr/include/x86_64-linux-gnu/bits/wchar2.h:151:1: error: unknown type name '__extern_always_inline'
__fortify_function wchar_t *
^
/usr/include/x86_64-linux-gnu/sys/cdefs.h:143:28: note: expanded from macro '__fortify_function'
#define __fortify_function __extern_always_inline __attribute_artificial__
                           ^
In file included from /«PKGBUILDDIR»/src/xapian/database-read.cpp:22:
In file included from /«PKGBUILDDIR»/src/xapian/database-read.hpp:24:
In file included from /usr/bin/../lib/gcc/x86_64-linux-gnu/4.7/../../../../include/c++/4.7/iostream:39:
In file included from /usr/bin/../lib/gcc/x86_64-linux-gnu/4.7/../../../../include/c++/4.7/ostream:39:
In file included from /usr/bin/../lib/gcc/x86_64-linux-gnu/4.7/../../../../include/c++/4.7/ios:38:
In file included from /usr/bin/../lib/gcc/x86_64-linux-gnu/4.7/../../../../include/c++/4.7/iosfwd:41:
In file included from /usr/bin/../lib/gcc/x86_64-linux-gnu/4.7/../../../../include/c++/4.7/bits/postypes.h:41:
In file included from /usr/bin/../lib/gcc/x86_64-linux-gnu/4.7/../../../../include/c++/4.7/cwchar:45:
In file included from /usr/include/wchar.h:884:
/usr/include/x86_64-linux-gnu/bits/wchar2.h:151:20: error: expected unqualified-id
__fortify_function wchar_t *
                   ^
/usr/include/x86_64-linux-gnu/bits/wchar2.h:167:1: error: unknown type name '__extern_always_inline'
__fortify_function wchar_t *
^
/usr/include/x86_64-linux-gnu/sys/cdefs.h:143:28: note: expanded from macro '__fortify_function'
#define __fortify_function __extern_always_inline __attribute_artificial__
                           ^
In file included from /«PKGBUILDDIR»/src/xapian/database-read.cpp:22:
In file included from /«PKGBUILDDIR»/src/xapian/database-read.hpp:24:
In file included from /usr/bin/../lib/gcc/x86_64-linux-gnu/4.7/../../../../include/c++/4.7/iostream:39:
In file included from /usr/bin/../lib/gcc/x86_64-linux-gnu/4.7/../../../../include/c++/4.7/ostream:39:
In file included from /usr/bin/../lib/gcc/x86_64-linux-gnu/4.7/../../../../include/c++/4.7/ios:38:
In file included from /usr/bin/../lib/gcc/x86_64-linux-gnu/4.7/../../../../include/c++/4.7/iosfwd:41:
In file included from /usr/bin/../lib/gcc/x86_64-linux-gnu/4.7/../../../../include/c++/4.7/bits/postypes.h:41:
In file included from /usr/bin/../lib/gcc/x86_64-linux-gnu/4.7/../../../../include/c++/4.7/cwchar:45:
In file included from /usr/include/wchar.h:884:
/usr/include/x86_64-linux-gnu/bits/wchar2.h:167:20: error: expected unqualified-id
__fortify_function wchar_t *
                   ^
/usr/include/x86_64-linux-gnu/bits/wchar2.h:190:1: error: unknown type name '__extern_always_inline'
__fortify_function wchar_t *
^
/usr/include/x86_64-linux-gnu/sys/cdefs.h:143:28: note: expanded from macro '__fortify_function'
#define __fortify_function __extern_always_inline __attribute_artificial__
                           ^
In file included from /«PKGBUILDDIR»/src/xapian/database-read.cpp:22:
In file included from /«PKGBUILDDIR»/src/xapian/database-read.hpp:24:
In file included from /usr/bin/../lib/gcc/x86_64-linux-gnu/4.7/../../../../include/c++/4.7/iostream:39:
In file included from /usr/bin/../lib/gcc/x86_64-linux-gnu/4.7/../../../../include/c++/4.7/ostream:39:
In file included from /usr/bin/../lib/gcc/x86_64-linux-gnu/4.7/../../../../include/c++/4.7/ios:38:
In file included from /usr/bin/../lib/gcc/x86_64-linux-gnu/4.7/../../../../include/c++/4.7/iosfwd:41:
In file included from /usr/bin/../lib/gcc/x86_64-linux-gnu/4.7/../../../../include/c++/4.7/bits/postypes.h:41:
In file included from /usr/bin/../lib/gcc/x86_64-linux-gnu/4.7/../../../../include/c++/4.7/cwchar:45:
In file included from /usr/include/wchar.h:884:
/usr/include/x86_64-linux-gnu/bits/wchar2.h:190:20: error: expected unqualified-id
__fortify_function wchar_t *
                   ^
/usr/include/x86_64-linux-gnu/bits/wchar2.h:221:1: error: unknown type name '__extern_always_inline'
__fortify_function wchar_t *
^
/usr/include/x86_64-linux-gnu/sys/cdefs.h:143:28: note: expanded from macro '__fortify_function'
#define __fortify_function __extern_always_inline __attribute_artificial__
                           ^
In file included from /«PKGBUILDDIR»/src/xapian/database-read.cpp:22:
In file included from /«PKGBUILDDIR»/src/xapian/database-read.hpp:24:
In file included from /usr/bin/../lib/gcc/x86_64-linux-gnu/4.7/../../../../include/c++/4.7/iostream:39:
In file included from /usr/bin/../lib/gcc/x86_64-linux-gnu/4.7/../../../../include/c++/4.7/ostream:39:
In file included from /usr/bin/../lib/gcc/x86_64-linux-gnu/4.7/../../../../include/c++/4.7/ios:38:
In file included from /usr/bin/../lib/gcc/x86_64-linux-gnu/4.7/../../../../include/c++/4.7/iosfwd:41:
In file included from /usr/bin/../lib/gcc/x86_64-linux-gnu/4.7/../../../../include/c++/4.7/bits/postypes.h:41:
In file included from /usr/bin/../lib/gcc/x86_64-linux-gnu/4.7/../../../../include/c++/4.7/cwchar:45:
In file included from /usr/include/wchar.h:884:
/usr/include/x86_64-linux-gnu/bits/wchar2.h:221:20: error: expected unqualified-id
__fortify_function wchar_t *
                   ^
/usr/include/x86_64-linux-gnu/bits/wchar2.h:245:1: error: unknown type name '__extern_always_inline'
__fortify_function wchar_t *
^
/usr/include/x86_64-linux-gnu/sys/cdefs.h:143:28: note: expanded from macro '__fortify_function'
#define __fortify_function __extern_always_inline __attribute_artificial__
                           ^
In file included from /«PKGBUILDDIR»/src/xapian/database-read.cpp:22:
In file included from /«PKGBUILDDIR»/src/xapian/database-read.hpp:24:
In file included from /usr/bin/../lib/gcc/x86_64-linux-gnu/4.7/../../../../include/c++/4.7/iostream:39:
In file included from /usr/bin/../lib/gcc/x86_64-linux-gnu/4.7/../../../../include/c++/4.7/ostream:39:
In file included from /usr/bin/../lib/gcc/x86_64-linux-gnu/4.7/../../../../include/c++/4.7/ios:38:
In file included from /usr/bin/../lib/gcc/x86_64-linux-gnu/4.7/../../../../include/c++/4.7/iosfwd:41:
In file included from /usr/bin/../lib/gcc/x86_64-linux-gnu/4.7/../../../../include/c++/4.7/bits/postypes.h:41:
In file included from /usr/bin/../lib/gcc/x86_64-linux-gnu/4.7/../../../../include/c++/4.7/cwchar:45:
In file included from /usr/include/wchar.h:884:
/usr/include/x86_64-linux-gnu/bits/wchar2.h:245:20: error: expected unqualified-id
__fortify_function wchar_t *
                   ^
/usr/include/x86_64-linux-gnu/bits/wchar2.h:262:1: error: unknown type name '__extern_always_inline'
__fortify_function wchar_t *
^
/usr/include/x86_64-linux-gnu/sys/cdefs.h:143:28: note: expanded from macro '__fortify_function'
#define __fortify_function __extern_always_inline __attribute_artificial__
                           ^
fatal error: too many errors emitted, stopping now [-ferror-limit=]
20 errors generated.
make[3]: *** [src/CMakeFiles/appstream.dir/xapian/database-read.cpp.o] Error 1
make[2]: *** [src/CMakeFiles/appstream.dir/all] Error 2
make[3]: Leaving directory `/«PKGBUILDDIR»/obj-x86_64-linux-gnu'
make[2]: Leaving directory `/«PKGBUILDDIR»/obj-x86_64-linux-gnu'
make[1]: *** [all] Error 2
make[1]: Leaving directory `/«PKGBUILDDIR»/obj-x86_64-linux-gnu'
dh_auto_build: make -j1 returned exit code 2
make: *** [build-arch] Error 2
dpkg-buildpackage: error: debian/rules build-arch gave error exit status 2
────────────────────────────────────────────────────────────────────────────────
Build finished at 20130128-0357

Finished
────────

E: Build failure (dpkg-buildpackage died)

┌──────────────────────────────────────────────────────────────────────────────┐
│ Cleanup                                                                      │
└──────────────────────────────────────────────────────────────────────────────┘

Purging /«BUILDDIR»
Not cleaning session: cloned chroot in use

┌──────────────────────────────────────────────────────────────────────────────┐
│ Summary                                                                      │
└──────────────────────────────────────────────────────────────────────────────┘

Architecture: amd64
Build-Space: 1960
Build-Time: 5
Distribution: unstable
Fail-Stage: build
Install-Time: 22
Job: appstream_0.1-1
Package: appstream
Package-Time: 56
Source-Version: 0.1-1
Space: 1960
Status: attempted
Version: 0.1-1
────────────────────────────────────────────────────────────────────────────────
Finished at 20130128-0357
Build needed 00:00:56, 1960k disc space
DC-Status: Failed 56.707451s
DC-Time-Estimation: 56.707451 versus expected 1 (r/m: 55.707451 ; m: 1.0)
