DC-Build-Header: aria2 1.16.1-1 / Mon Jan 28 04:26:06 +0000 2013
DC-Task: logfile:/tmp/aria2_1.16.1-1_unstable_clang.log version:1.16.1-1 chroot:unstable modes:binary-only:clang source:aria2 architecture:any esttime:501
DC-Sbuild-call: su user -c 'sbuild -n --apt-update -d unstable -v  --chroot-setup-commands=/tmp/switch-to-clang aria2_1.16.1-1'
Could not create '/sbuild-nonexistent/logs': No such file or directory
Could not create '/sbuild-nonexistent/logs': No such file or directory
sbuild (Debian sbuild) 0.62.5 (13 Jul 2011) on ip-10-30-128-142.ec2.internal

╔══════════════════════════════════════════════════════════════════════════════╗
║ aria2 1.16.1-1 (amd64)                                     28 Jan 2013 04:26 ║
╚══════════════════════════════════════════════════════════════════════════════╝

Package: aria2
Version: 1.16.1-1
Source Version: 1.16.1-1
Distribution: unstable
Architecture: amd64

I: NOTICE: Log filtering will replace 'build/aria2-N4ZiCF/aria2-1.16.1' with '«PKGBUILDDIR»'
I: NOTICE: Log filtering will replace 'build/aria2-N4ZiCF' with '«BUILDDIR»'
I: NOTICE: Log filtering will replace 'var/lib/schroot/mount/unstable-amd64-sbuild-ef870b06-70ba-4ab0-87f0-87e9362a25ba' with '«CHROOT»'

┌──────────────────────────────────────────────────────────────────────────────┐
│ Update chroot                                                                │
└──────────────────────────────────────────────────────────────────────────────┘

Ign http://localhost unstable InRelease
Get:1 http://localhost unstable Release.gpg [836 B]
Get:2 http://localhost unstable Release [227 kB]
Ign http://localhost unstable/main Sources/DiffIndex
Ign http://localhost unstable/main amd64 Packages/DiffIndex
Get:3 http://localhost unstable/main Translation-en/DiffIndex [7876 B]
Get:4 http://localhost unstable/main 2013-01-27-2011.16.pdiff [737 B]
Get:5 http://localhost unstable/main 2013-01-27-2011.16.pdiff [737 B]
Get:6 http://localhost unstable/main Sources [8236 kB]
Get:7 http://localhost unstable/main amd64 Packages [8284 kB]
Get:8 http://localhost unstable/main 2013-01-28-0212.01.pdiff [43 B]
Get:9 http://localhost unstable/main 2013-01-28-0212.01.pdiff [43 B]
Fetched 16.8 MB in 3s (4854 kB/s)
Reading package lists...
Reading package lists...
Building dependency tree...
Reading state information...
0 upgraded, 0 newly installed, 0 to remove and 0 not upgraded.

┌──────────────────────────────────────────────────────────────────────────────┐
│ Fetch source files                                                           │
└──────────────────────────────────────────────────────────────────────────────┘


Check APT
─────────

Checking available source versions...

Download source files with APT
──────────────────────────────

Reading package lists...
Building dependency tree...
Reading state information...
NOTICE: 'aria2' packaging is maintained in the 'Git' version control system at:
git://anonscm.debian.org/collab-maint/aria2.git
Need to get 2086 kB of source archives.
Get:1 http://localhost/debian/ unstable/main aria2 1.16.1-1 (dsc) [1407 B]
Get:2 http://localhost/debian/ unstable/main aria2 1.16.1-1 (tar) [2080 kB]
Get:3 http://localhost/debian/ unstable/main aria2 1.16.1-1 (diff) [5133 B]
Fetched 2086 kB in 0s (6693 kB/s)
Download complete and in download only mode

Check arch
──────────


┌──────────────────────────────────────────────────────────────────────────────┐
│ Chroot Setup Commands                                                        │
└──────────────────────────────────────────────────────────────────────────────┘


/tmp/switch-to-clang
────────────────────

+ echo 'Entering customization script...'
Entering customization script...
+ echo 'Add experimental as repository'
Add experimental as repository
+ echo deb http://localhost:9999/debian experimental main
+ apt-get update
Ign http://localhost unstable InRelease
Ign http://localhost experimental InRelease
Hit http://localhost unstable Release.gpg
Get:1 http://localhost experimental Release.gpg [836 B]
Hit http://localhost unstable Release
Get:2 http://localhost experimental Release [161 kB]
Ign http://localhost unstable/main Sources/DiffIndex
Ign http://localhost unstable/main amd64 Packages/DiffIndex
Hit http://localhost unstable/main Translation-en/DiffIndex
Get:3 http://localhost experimental/main Translation-en [704 kB]
Get:4 http://localhost experimental/main amd64 Packages [1605 kB]
Hit http://localhost unstable/main Sources
Hit http://localhost unstable/main amd64 Packages
Fetched 2471 kB in 1s (1335 kB/s)
Reading package lists...
+ echo 'Install of clang'
Install of clang
+ apt-get update
Ign http://localhost unstable InRelease
Ign http://localhost experimental InRelease
Hit http://localhost unstable Release.gpg
Hit http://localhost experimental Release.gpg
Hit http://localhost unstable Release
Hit http://localhost experimental Release
Ign http://localhost unstable/main Sources/DiffIndex
Ign http://localhost unstable/main amd64 Packages/DiffIndex
Hit http://localhost unstable/main Translation-en/DiffIndex
Ign http://localhost experimental/main amd64 Packages/DiffIndex
Get:1 http://localhost experimental/main Translation-en/DiffIndex [7819 B]
Hit http://localhost unstable/main Sources
Hit http://localhost unstable/main amd64 Packages
Hit http://localhost experimental/main amd64 Packages
Fetched 7819 B in 1s (3942 B/s)
Reading package lists...
+ apt-get install --yes --no-install-recommends clang -t experimental
Reading package lists...
Building dependency tree...
Reading state information...
The following extra packages will be installed:
  clang-3.2 compiler-rt cpp-4.7 g++-4.7 gcc-4.7 gcc-4.7-base gcc-4.8-base
  libc-dev-bin libc6 libc6-dev libclang-common-dev libexpat1 libffi5
  libgcc-4.7-dev libgcc1 libgomp1 libitm1 libllvm3.2 libncurses5 libncursesw5
  libobjc-4.7-dev libobjc4 libpython2.7-minimal libpython2.7-stdlib
  libquadmath0 libsqlite3-0 libssl1.0.0 libstdc++6 libstdc++6-4.7-dev
  libtinfo5 mime-support python python-minimal python2.7 python2.7-minimal
Suggested packages:
  gcc-4.7-locales g++-4.7-multilib gcc-4.7-doc libstdc++6-4.7-dbg
  gcc-4.7-multilib libmudflap0-4.7-dev libgcc1-dbg libgomp1-dbg libitm1-dbg
  libquadmath0-dbg libmudflap0-dbg libcloog-ppl0 libppl-c2 libppl7
  binutils-gold glibc-doc libstdc++6-4.7-doc python-doc python-tk
  python2.7-doc binfmt-support
Recommended packages:
  llvm-3.2-dev manpages-dev file
The following NEW packages will be installed:
  clang clang-3.2 compiler-rt gcc-4.8-base libclang-common-dev libexpat1
  libffi5 libgcc-4.7-dev libllvm3.2 libncursesw5 libobjc-4.7-dev libobjc4
  libpython2.7-minimal libpython2.7-stdlib libsqlite3-0 libssl1.0.0
  mime-support python python-minimal python2.7 python2.7-minimal
The following packages will be upgraded:
  cpp-4.7 g++-4.7 gcc-4.7 gcc-4.7-base libc-dev-bin libc6 libc6-dev libgcc1
  libgomp1 libitm1 libncurses5 libquadmath0 libstdc++6 libstdc++6-4.7-dev
  libtinfo5
15 upgraded, 21 newly installed, 0 to remove and 24 not upgraded.
Need to get 56.7 MB of archives.
After this operation, 72.6 MB of additional disk space will be used.
Get:1 http://localhost/debian/ experimental/main gcc-4.8-base amd64 4.8-20130127-1 [147 kB]
Get:2 http://localhost/debian/ experimental/main libc6-dev amd64 2.16-0experimental1 [3086 kB]
Get:3 http://localhost/debian/ experimental/main libc-dev-bin amd64 2.16-0experimental1 [226 kB]
Get:4 http://localhost/debian/ experimental/main libc6 amd64 2.16-0experimental1 [4729 kB]
Get:5 http://localhost/debian/ experimental/main libgcc1 amd64 1:4.8-20130127-1 [43.7 kB]
Get:6 http://localhost/debian/ experimental/main libstdc++6 amd64 4.8-20130127-1 [335 kB]
Get:7 http://localhost/debian/ experimental/main libtinfo5 amd64 5.9+20130119-1 [294 kB]
Get:8 http://localhost/debian/ experimental/main libncurses5 amd64 5.9+20130119-1 [115 kB]
Get:9 http://localhost/debian/ experimental/main libncursesw5 amd64 5.9+20130119-1 [142 kB]
Get:10 http://localhost/debian/ unstable/main libssl1.0.0 amd64 1.0.1c-4 [1213 kB]
Get:11 http://localhost/debian/ unstable/main libsqlite3-0 amd64 3.7.15.2-1 [463 kB]
Get:12 http://localhost/debian/ experimental/main libexpat1 amd64 2.1.0-2 [138 kB]
Get:13 http://localhost/debian/ unstable/main libffi5 amd64 3.0.10-3 [24.8 kB]
Get:14 http://localhost/debian/ experimental/main libgomp1 amd64 4.8-20130127-1 [27.4 kB]
Get:15 http://localhost/debian/ experimental/main libitm1 amd64 4.8-20130127-1 [37.7 kB]
Get:16 http://localhost/debian/ unstable/main libllvm3.2 amd64 3.2-2 [7865 kB]
Get:17 http://localhost/debian/ experimental/main libobjc4 amd64 4.8-20130127-1 [163 kB]
Get:18 http://localhost/debian/ experimental/main libquadmath0 amd64 4.8-20130127-1 [139 kB]
Get:19 http://localhost/debian/ experimental/main libstdc++6-4.7-dev amd64 4.7.2-19 [1678 kB]
Get:20 http://localhost/debian/ experimental/main g++-4.7 amd64 4.7.2-19 [5877 kB]
Get:21 http://localhost/debian/ experimental/main gcc-4.7 amd64 4.7.2-19 [5831 kB]
Get:22 http://localhost/debian/ experimental/main cpp-4.7 amd64 4.7.2-19 [5416 kB]
Get:23 http://localhost/debian/ experimental/main libgcc-4.7-dev amd64 4.7.2-19 [2465 kB]
Get:24 http://localhost/debian/ experimental/main gcc-4.7-base amd64 4.7.2-19 [148 kB]
Get:25 http://localhost/debian/ experimental/main mime-support all 3.53~experimental2 [36.5 kB]
Get:26 http://localhost/debian/ experimental/main libpython2.7-minimal amd64 2.7.3-15 [531 kB]
Get:27 http://localhost/debian/ experimental/main python2.7-minimal amd64 2.7.3-15 [1220 kB]
Get:28 http://localhost/debian/ experimental/main libpython2.7-stdlib amd64 2.7.3-15 [2367 kB]
Get:29 http://localhost/debian/ experimental/main python2.7 amd64 2.7.3-15 [326 kB]
Get:30 http://localhost/debian/ experimental/main python-minimal amd64 2.7.3-10 [41.8 kB]
Get:31 http://localhost/debian/ experimental/main python amd64 2.7.3-10 [184 kB]
Get:32 http://localhost/debian/ experimental/main libobjc-4.7-dev amd64 4.7.2-19 [717 kB]
Get:33 http://localhost/debian/ experimental/main libclang-common-dev amd64 3.2-1~exp5 [303 kB]
Get:34 http://localhost/debian/ experimental/main compiler-rt amd64 3.2-1~exp5 [315 kB]
Get:35 http://localhost/debian/ experimental/main clang-3.2 amd64 3.2-1~exp5 [10.1 MB]
Get:36 http://localhost/debian/ experimental/main clang all 3.2-1~exp5 [9506 B]
debconf: delaying package configuration, since apt-utils is not installed
Fetched 56.7 MB in 1s (35.4 MB/s)
Selecting previously unselected package gcc-4.8-base:amd64.
(Reading database ... 13484 files and directories currently installed.)
Unpacking gcc-4.8-base:amd64 (from .../gcc-4.8-base_4.8-20130127-1_amd64.deb) ...
Setting up gcc-4.8-base:amd64 (4.8-20130127-1) ...
(Reading database ... 13491 files and directories currently installed.)
Preparing to replace libc6-dev:amd64 2.13-38 (using .../libc6-dev_2.16-0experimental1_amd64.deb) ...
Unpacking replacement libc6-dev:amd64 ...
Preparing to replace libc-dev-bin 2.13-38 (using .../libc-dev-bin_2.16-0experimental1_amd64.deb) ...
Unpacking replacement libc-dev-bin ...
Preparing to replace libc6:amd64 2.13-38 (using .../libc6_2.16-0experimental1_amd64.deb) ...
debconf: unable to initialize frontend: Dialog
debconf: (Dialog frontend will not work on a dumb terminal, an emacs shell buffer, or without a controlling terminal.)
debconf: falling back to frontend: Readline
debconf: unable to initialize frontend: Readline
debconf: (This frontend requires a controlling tty.)
debconf: falling back to frontend: Teletype
Checking for services that may need to be restarted...
Checking init scripts...
Unpacking replacement libc6:amd64 ...
Setting up libc6:amd64 (2.16-0experimental1) ...
debconf: unable to initialize frontend: Dialog
debconf: (Dialog frontend will not work on a dumb terminal, an emacs shell buffer, or without a controlling terminal.)
debconf: falling back to frontend: Readline
debconf: unable to initialize frontend: Readline
debconf: (This frontend requires a controlling tty.)
debconf: falling back to frontend: Teletype
Checking for services that may need to be restarted...
Checking init scripts...
Nothing to restart.
(Reading database ... 13509 files and directories currently installed.)
Preparing to replace libgcc1:amd64 1:4.7.2-5 (using .../libgcc1_1%3a4.8-20130127-1_amd64.deb) ...
Unpacking replacement libgcc1:amd64 ...
Setting up libgcc1:amd64 (1:4.8-20130127-1) ...
(Reading database ... 13509 files and directories currently installed.)
Preparing to replace libstdc++6:amd64 4.7.2-5 (using .../libstdc++6_4.8-20130127-1_amd64.deb) ...
Unpacking replacement libstdc++6:amd64 ...
Setting up libstdc++6:amd64 (4.8-20130127-1) ...
(Reading database ... 13509 files and directories currently installed.)
Preparing to replace libtinfo5:amd64 5.9-10 (using .../libtinfo5_5.9+20130119-1_amd64.deb) ...
Unpacking replacement libtinfo5:amd64 ...
Setting up libtinfo5:amd64 (5.9+20130119-1) ...
(Reading database ... 13509 files and directories currently installed.)
Preparing to replace libncurses5:amd64 5.9-10 (using .../libncurses5_5.9+20130119-1_amd64.deb) ...
Unpacking replacement libncurses5:amd64 ...
Setting up libncurses5:amd64 (5.9+20130119-1) ...
Selecting previously unselected package libncursesw5:amd64.
(Reading database ... 13509 files and directories currently installed.)
Unpacking libncursesw5:amd64 (from .../libncursesw5_5.9+20130119-1_amd64.deb) ...
Selecting previously unselected package libssl1.0.0:amd64.
Unpacking libssl1.0.0:amd64 (from .../libssl1.0.0_1.0.1c-4_amd64.deb) ...
Selecting previously unselected package libsqlite3-0:amd64.
Unpacking libsqlite3-0:amd64 (from .../libsqlite3-0_3.7.15.2-1_amd64.deb) ...
Selecting previously unselected package libexpat1:amd64.
Unpacking libexpat1:amd64 (from .../libexpat1_2.1.0-2_amd64.deb) ...
Selecting previously unselected package libffi5:amd64.
Unpacking libffi5:amd64 (from .../libffi5_3.0.10-3_amd64.deb) ...
Preparing to replace libgomp1:amd64 4.7.2-5 (using .../libgomp1_4.8-20130127-1_amd64.deb) ...
Unpacking replacement libgomp1:amd64 ...
Preparing to replace libitm1:amd64 4.7.2-5 (using .../libitm1_4.8-20130127-1_amd64.deb) ...
Unpacking replacement libitm1:amd64 ...
Selecting previously unselected package libllvm3.2:amd64.
Unpacking libllvm3.2:amd64 (from .../libllvm3.2_3.2-2_amd64.deb) ...
Selecting previously unselected package libobjc4:amd64.
Unpacking libobjc4:amd64 (from .../libobjc4_4.8-20130127-1_amd64.deb) ...
Preparing to replace libquadmath0:amd64 4.7.2-5 (using .../libquadmath0_4.8-20130127-1_amd64.deb) ...
Unpacking replacement libquadmath0:amd64 ...
Preparing to replace libstdc++6-4.7-dev 4.7.2-5 (using .../libstdc++6-4.7-dev_4.7.2-19_amd64.deb) ...
Unpacking replacement libstdc++6-4.7-dev:amd64 ...
Preparing to replace g++-4.7 4.7.2-5 (using .../g++-4.7_4.7.2-19_amd64.deb) ...
Unpacking replacement g++-4.7 ...
Preparing to replace gcc-4.7 4.7.2-5 (using .../gcc-4.7_4.7.2-19_amd64.deb) ...
Unpacking replacement gcc-4.7 ...
Preparing to replace cpp-4.7 4.7.2-5 (using .../cpp-4.7_4.7.2-19_amd64.deb) ...
Unpacking replacement cpp-4.7 ...
Selecting previously unselected package libgcc-4.7-dev:amd64.
Unpacking libgcc-4.7-dev:amd64 (from .../libgcc-4.7-dev_4.7.2-19_amd64.deb) ...
Preparing to replace gcc-4.7-base:amd64 4.7.2-5 (using .../gcc-4.7-base_4.7.2-19_amd64.deb) ...
Unpacking replacement gcc-4.7-base:amd64 ...
Selecting previously unselected package mime-support.
Unpacking mime-support (from .../mime-support_3.53~experimental2_all.deb) ...
Selecting previously unselected package libpython2.7-minimal:amd64.
Unpacking libpython2.7-minimal:amd64 (from .../libpython2.7-minimal_2.7.3-15_amd64.deb) ...
Selecting previously unselected package python2.7-minimal.
Unpacking python2.7-minimal (from .../python2.7-minimal_2.7.3-15_amd64.deb) ...
Selecting previously unselected package libpython2.7-stdlib:amd64.
Unpacking libpython2.7-stdlib:amd64 (from .../libpython2.7-stdlib_2.7.3-15_amd64.deb) ...
Selecting previously unselected package python2.7.
Unpacking python2.7 (from .../python2.7_2.7.3-15_amd64.deb) ...
Selecting previously unselected package python-minimal.
Unpacking python-minimal (from .../python-minimal_2.7.3-10_amd64.deb) ...
Selecting previously unselected package python.
Unpacking python (from .../python_2.7.3-10_amd64.deb) ...
Selecting previously unselected package libobjc-4.7-dev:amd64.
Unpacking libobjc-4.7-dev:amd64 (from .../libobjc-4.7-dev_4.7.2-19_amd64.deb) ...
Selecting previously unselected package libclang-common-dev.
Unpacking libclang-common-dev (from .../libclang-common-dev_3.2-1~exp5_amd64.deb) ...
Selecting previously unselected package compiler-rt.
Unpacking compiler-rt (from .../compiler-rt_3.2-1~exp5_amd64.deb) ...
Selecting previously unselected package clang-3.2.
Unpacking clang-3.2 (from .../clang-3.2_3.2-1~exp5_amd64.deb) ...
Selecting previously unselected package clang.
Unpacking clang (from .../clang_3.2-1~exp5_all.deb) ...
Setting up libc-dev-bin (2.16-0experimental1) ...
Setting up libc6-dev:amd64 (2.16-0experimental1) ...
Setting up libncursesw5:amd64 (5.9+20130119-1) ...
Setting up libssl1.0.0:amd64 (1.0.1c-4) ...
debconf: unable to initialize frontend: Dialog
debconf: (Dialog frontend will not work on a dumb terminal, an emacs shell buffer, or without a controlling terminal.)
debconf: falling back to frontend: Readline
debconf: unable to initialize frontend: Readline
debconf: (This frontend requires a controlling tty.)
debconf: falling back to frontend: Teletype
Setting up libsqlite3-0:amd64 (3.7.15.2-1) ...
Setting up libexpat1:amd64 (2.1.0-2) ...
Setting up libffi5:amd64 (3.0.10-3) ...
Setting up libgomp1:amd64 (4.8-20130127-1) ...
Setting up libitm1:amd64 (4.8-20130127-1) ...
Setting up libllvm3.2:amd64 (3.2-2) ...
Setting up libobjc4:amd64 (4.8-20130127-1) ...
Setting up libquadmath0:amd64 (4.8-20130127-1) ...
Setting up gcc-4.7-base:amd64 (4.7.2-19) ...
Setting up libgcc-4.7-dev:amd64 (4.7.2-19) ...
Setting up libstdc++6-4.7-dev:amd64 (4.7.2-19) ...
Setting up cpp-4.7 (4.7.2-19) ...
Setting up gcc-4.7 (4.7.2-19) ...
Setting up g++-4.7 (4.7.2-19) ...
Setting up mime-support (3.53~experimental2) ...
Setting up libpython2.7-minimal:amd64 (2.7.3-15) ...
Setting up python2.7-minimal (2.7.3-15) ...
Linking and byte-compiling packages for runtime python2.7...
Setting up libpython2.7-stdlib:amd64 (2.7.3-15) ...
Setting up python2.7 (2.7.3-15) ...
Setting up python-minimal (2.7.3-10) ...
Setting up python (2.7.3-10) ...
Setting up libobjc-4.7-dev:amd64 (4.7.2-19) ...
Setting up libclang-common-dev (3.2-1~exp5) ...
Setting up compiler-rt (3.2-1~exp5) ...
Setting up clang-3.2 (3.2-1~exp5) ...
Setting up clang (3.2-1~exp5) ...
+ echo 'Replace gcc, g++ & cpp by clang'
Replace gcc, g++ & cpp by clang
+ VERSIONS='4.6 4.7'
+ cd /usr/bin
+ for VERSION in '$VERSIONS'
+ rm g++-4.6 gcc-4.6 cpp-4.6
+ ln -s clang++ g++-4.6
+ ln -s clang gcc-4.6
+ ln -s clang cpp-4.6
+ for VERSION in '$VERSIONS'
+ rm g++-4.7 gcc-4.7 cpp-4.7
+ ln -s clang++ g++-4.7
+ ln -s clang gcc-4.7
+ ln -s clang cpp-4.7
+ cd -
/«BUILDDIR»
+ echo 'Block the installation of new gcc version'
Block the installation of new gcc version
+ echo 'gcc-4.6 hold'
+ dpkg --set-selections
+ echo 'cpp-4.6 hold'
+ dpkg --set-selections
+ echo 'g++-4.6 hold'
+ dpkg --set-selections
+ echo 'gcc-4.7 hold'
+ dpkg --set-selections
+ echo 'cpp-4.7 hold'
+ dpkg --set-selections
+ echo 'g++-4.7 hold'
+ dpkg --set-selections
+ echo 'Check if gcc, g++ & cpp are actually clang'
Check if gcc, g++ & cpp are actually clang
+ gcc --version
+ grep clang
+ cpp --version
+ grep clang
+ g++ --version
+ grep clang

I: Finished running '/tmp/switch-to-clang'.

Finished processing commands.
────────────────────────────────────────────────────────────────────────────────
Merged Build-Depends: build-essential, fakeroot
Filtered Build-Depends: build-essential, fakeroot
dpkg-deb: building package `sbuild-build-depends-core-dummy' in `/«BUILDDIR»/resolver-lI0P9h/apt_archive/sbuild-build-depends-core-dummy.deb'.
OK
Reading package lists...

┌──────────────────────────────────────────────────────────────────────────────┐
│ Install core build dependencies (apt-based resolver)                         │
└──────────────────────────────────────────────────────────────────────────────┘

Installing build dependencies
Reading package lists...
Building dependency tree...
Reading state information...
The following NEW packages will be installed:
  sbuild-build-depends-core-dummy
debconf: delaying package configuration, since apt-utils is not installed
0 upgraded, 1 newly installed, 0 to remove and 0 not upgraded.
Need to get 0 B/710 B of archives.
After this operation, 0 B of additional disk space will be used.
Selecting previously unselected package sbuild-build-depends-core-dummy.
(Reading database ... 14674 files and directories currently installed.)
Unpacking sbuild-build-depends-core-dummy (from .../sbuild-build-depends-core-dummy.deb) ...
Setting up sbuild-build-depends-core-dummy (0.invalid.0) ...
Merged Build-Depends: base-files, base-passwd, bash, bsdutils, coreutils, dash, debianutils, diffutils, dpkg, e2fsprogs, findutils, grep, gzip, hostname, libc-bin, login, mount, ncurses-base, ncurses-bin, perl-base, sed, sysvinit, sysvinit-utils, tar, util-linux, libc6-dev | libc-dev, gcc (>= 4:4.4.3), g++ (>= 4:4.4.3), make, dpkg-dev (>= 1.13.5), debhelper (>= 7), dpkg-dev (>= 1.16.1~), autotools-dev, libc-ares-dev, libgcrypt11-dev (>= 1.5.0-3) | libgcrypt-dev, libgnutls-dev, libxml2-dev, libsqlite3-dev, pkg-config, zlib1g-dev | libz-dev
Filtered Build-Depends: base-files, base-passwd, bash, bsdutils, coreutils, dash, debianutils, diffutils, dpkg, e2fsprogs, findutils, grep, gzip, hostname, libc-bin, login, mount, ncurses-base, ncurses-bin, perl-base, sed, sysvinit, sysvinit-utils, tar, util-linux, libc6-dev, gcc (>= 4:4.4.3), g++ (>= 4:4.4.3), make, dpkg-dev (>= 1.13.5), debhelper (>= 7), dpkg-dev (>= 1.16.1~), autotools-dev, libc-ares-dev, libgcrypt11-dev (>= 1.5.0-3), libgnutls-dev, libxml2-dev, libsqlite3-dev, pkg-config, zlib1g-dev
dpkg-deb: building package `sbuild-build-depends-aria2-dummy' in `/«BUILDDIR»/resolver-mo0vXP/apt_archive/sbuild-build-depends-aria2-dummy.deb'.
OK
Reading package lists...

┌──────────────────────────────────────────────────────────────────────────────┐
│ Install aria2 build dependencies (apt-based resolver)                        │
└──────────────────────────────────────────────────────────────────────────────┘

Installing build dependencies
Reading package lists...
Building dependency tree...
Reading state information...
The following extra packages will be installed:
  autotools-dev bsdmainutils debhelper file gettext gettext-base groff-base
  html2text intltool-debian libasprintf-dev libasprintf0c2 libc-ares-dev
  libc-ares2 libcroco3 libgcrypt11 libgcrypt11-dev libgettextpo-dev
  libgettextpo0 libglib2.0-0 libgnutls-dev libgnutls-openssl27 libgnutls26
  libgnutlsxx27 libgpg-error-dev libgpg-error0 libmagic1 libp11-kit-dev
  libp11-kit0 libpcre3 libpipeline1 libpopt0 libsqlite3-dev libtasn1-3
  libtasn1-3-dev libunistring0 libxml2 libxml2-dev man-db pkg-config
  po-debconf zlib1g-dev
Suggested packages:
  wamerican wordlist whois vacation dh-make gettext-doc groff rng-tools
  libgcrypt11-doc gnutls26-doc sqlite3-doc less www-browser libmail-box-perl
Recommended packages:
  curl wget lynx-cur autopoint libglib2.0-data shared-mime-info xml-core
  libmail-sendmail-perl
The following NEW packages will be installed:
  autotools-dev bsdmainutils debhelper file gettext gettext-base groff-base
  html2text intltool-debian libasprintf-dev libasprintf0c2 libc-ares-dev
  libc-ares2 libcroco3 libgcrypt11 libgcrypt11-dev libgettextpo-dev
  libgettextpo0 libglib2.0-0 libgnutls-dev libgnutls-openssl27 libgnutls26
  libgnutlsxx27 libgpg-error-dev libgpg-error0 libmagic1 libp11-kit-dev
  libp11-kit0 libpcre3 libpipeline1 libpopt0 libsqlite3-dev libtasn1-3
  libtasn1-3-dev libunistring0 libxml2 libxml2-dev man-db pkg-config
  po-debconf sbuild-build-depends-aria2-dummy zlib1g-dev
0 upgraded, 42 newly installed, 0 to remove and 0 not upgraded.
Need to get 14.4 MB/14.4 MB of archives.
After this operation, 39.1 MB of additional disk space will be used.
Get:1 http://localhost/debian/ unstable/main libpipeline1 amd64 1.2.2-1 [39.9 kB]
Get:2 http://localhost/debian/ unstable/main libpopt0 amd64 1.16-7 [56.4 kB]
Get:3 http://localhost/debian/ unstable/main groff-base amd64 1.22.1-2 [741 kB]
Get:4 http://localhost/debian/ unstable/main bsdmainutils amd64 9.0.4 [210 kB]
Get:5 http://localhost/debian/ unstable/main man-db amd64 2.6.3-3 [898 kB]
Get:6 http://localhost/debian/ unstable/main libasprintf0c2 amd64 0.18.1.1-10 [27.2 kB]
Get:7 http://localhost/debian/ unstable/main libgpg-error0 amd64 1.10-3.1 [77.9 kB]
Get:8 http://localhost/debian/ unstable/main libgcrypt11 amd64 1.5.0-3 [298 kB]
Get:9 http://localhost/debian/ unstable/main libp11-kit0 amd64 0.12-3 [52.8 kB]
Get:10 http://localhost/debian/ unstable/main libtasn1-3 amd64 2.13-2 [67.7 kB]
Get:11 http://localhost/debian/ unstable/main libgnutls26 amd64 2.12.20-3 [618 kB]
Get:12 http://localhost/debian/ unstable/main libgnutls-openssl27 amd64 2.12.20-3 [221 kB]
Get:13 http://localhost/debian/ unstable/main libmagic1 amd64 5.11-2 [202 kB]
Get:14 http://localhost/debian/ unstable/main libpcre3 amd64 1:8.31-2 [247 kB]
Get:15 http://localhost/debian/ unstable/main libxml2 amd64 2.8.0+dfsg1-7 [903 kB]
Get:16 http://localhost/debian/ unstable/main libglib2.0-0 amd64 2.33.12+really2.32.4-5 [1838 kB]
Get:17 http://localhost/debian/ unstable/main libcroco3 amd64 0.6.6-2 [134 kB]
Get:18 http://localhost/debian/ unstable/main libunistring0 amd64 0.9.3-5 [434 kB]
Get:19 http://localhost/debian/ unstable/main libgettextpo0 amd64 0.18.1.1-10 [145 kB]
Get:20 http://localhost/debian/ unstable/main libc-ares2 amd64 1.9.1-3 [74.2 kB]
Get:21 http://localhost/debian/ unstable/main libgnutlsxx27 amd64 2.12.20-3 [222 kB]
Get:22 http://localhost/debian/ unstable/main file amd64 5.11-2 [51.8 kB]
Get:23 http://localhost/debian/ unstable/main gettext-base amd64 0.18.1.1-10 [154 kB]
Get:24 http://localhost/debian/ unstable/main autotools-dev all 20120608.1 [73.0 kB]
Get:25 http://localhost/debian/ unstable/main html2text amd64 1.3.2a-15 [103 kB]
Get:26 http://localhost/debian/ unstable/main libasprintf-dev amd64 0.18.1.1-10 [26.8 kB]
Get:27 http://localhost/debian/ unstable/main libgettextpo-dev amd64 0.18.1.1-10 [184 kB]
Get:28 http://localhost/debian/ unstable/main gettext amd64 0.18.1.1-10 [1815 kB]
Get:29 http://localhost/debian/ unstable/main intltool-debian all 0.35.0+20060710.1 [30.8 kB]
Get:30 http://localhost/debian/ unstable/main po-debconf all 1.0.16+nmu2 [224 kB]
Get:31 http://localhost/debian/ unstable/main debhelper all 9.20120909 [705 kB]
Get:32 http://localhost/debian/ unstable/main libgpg-error-dev amd64 1.10-3.1 [43.0 kB]
Get:33 http://localhost/debian/ unstable/main libgcrypt11-dev amd64 1.5.0-3 [402 kB]
Get:34 http://localhost/debian/ unstable/main zlib1g-dev amd64 1:1.2.7.dfsg-13 [215 kB]
Get:35 http://localhost/debian/ unstable/main libtasn1-3-dev amd64 2.13-2 [389 kB]
Get:36 http://localhost/debian/ unstable/main libp11-kit-dev amd64 0.12-3 [67.8 kB]
Get:37 http://localhost/debian/ unstable/main libgnutls-dev amd64 2.12.20-3 [747 kB]
Get:38 http://localhost/debian/ unstable/main libsqlite3-dev amd64 3.7.15.2-1 [589 kB]
Get:39 http://localhost/debian/ unstable/main libxml2-dev amd64 2.8.0+dfsg1-7 [899 kB]
Get:40 http://localhost/debian/ unstable/main pkg-config amd64 0.26-1 [59.5 kB]
Get:41 http://localhost/debian/ unstable/main libc-ares-dev amd64 1.9.1-3 [141 kB]
debconf: delaying package configuration, since apt-utils is not installed
Fetched 14.4 MB in 0s (26.9 MB/s)
Selecting previously unselected package libpipeline1:amd64.
(Reading database ... 14674 files and directories currently installed.)
Unpacking libpipeline1:amd64 (from .../libpipeline1_1.2.2-1_amd64.deb) ...
Selecting previously unselected package libpopt0:amd64.
Unpacking libpopt0:amd64 (from .../libpopt0_1.16-7_amd64.deb) ...
Selecting previously unselected package groff-base.
Unpacking groff-base (from .../groff-base_1.22.1-2_amd64.deb) ...
Selecting previously unselected package bsdmainutils.
Unpacking bsdmainutils (from .../bsdmainutils_9.0.4_amd64.deb) ...
Selecting previously unselected package man-db.
Unpacking man-db (from .../man-db_2.6.3-3_amd64.deb) ...
Selecting previously unselected package libasprintf0c2:amd64.
Unpacking libasprintf0c2:amd64 (from .../libasprintf0c2_0.18.1.1-10_amd64.deb) ...
Selecting previously unselected package libgpg-error0:amd64.
Unpacking libgpg-error0:amd64 (from .../libgpg-error0_1.10-3.1_amd64.deb) ...
Selecting previously unselected package libgcrypt11:amd64.
Unpacking libgcrypt11:amd64 (from .../libgcrypt11_1.5.0-3_amd64.deb) ...
Selecting previously unselected package libp11-kit0:amd64.
Unpacking libp11-kit0:amd64 (from .../libp11-kit0_0.12-3_amd64.deb) ...
Selecting previously unselected package libtasn1-3:amd64.
Unpacking libtasn1-3:amd64 (from .../libtasn1-3_2.13-2_amd64.deb) ...
Selecting previously unselected package libgnutls26:amd64.
Unpacking libgnutls26:amd64 (from .../libgnutls26_2.12.20-3_amd64.deb) ...
Selecting previously unselected package libgnutls-openssl27:amd64.
Unpacking libgnutls-openssl27:amd64 (from .../libgnutls-openssl27_2.12.20-3_amd64.deb) ...
Selecting previously unselected package libmagic1:amd64.
Unpacking libmagic1:amd64 (from .../libmagic1_5.11-2_amd64.deb) ...
Selecting previously unselected package libpcre3:amd64.
Unpacking libpcre3:amd64 (from .../libpcre3_1%3a8.31-2_amd64.deb) ...
Selecting previously unselected package libxml2:amd64.
Unpacking libxml2:amd64 (from .../libxml2_2.8.0+dfsg1-7_amd64.deb) ...
Selecting previously unselected package libglib2.0-0:amd64.
Unpacking libglib2.0-0:amd64 (from .../libglib2.0-0_2.33.12+really2.32.4-5_amd64.deb) ...
Selecting previously unselected package libcroco3:amd64.
Unpacking libcroco3:amd64 (from .../libcroco3_0.6.6-2_amd64.deb) ...
Selecting previously unselected package libunistring0:amd64.
Unpacking libunistring0:amd64 (from .../libunistring0_0.9.3-5_amd64.deb) ...
Selecting previously unselected package libgettextpo0:amd64.
Unpacking libgettextpo0:amd64 (from .../libgettextpo0_0.18.1.1-10_amd64.deb) ...
Selecting previously unselected package libc-ares2:amd64.
Unpacking libc-ares2:amd64 (from .../libc-ares2_1.9.1-3_amd64.deb) ...
Selecting previously unselected package libgnutlsxx27:amd64.
Unpacking libgnutlsxx27:amd64 (from .../libgnutlsxx27_2.12.20-3_amd64.deb) ...
Selecting previously unselected package file.
Unpacking file (from .../archives/file_5.11-2_amd64.deb) ...
Selecting previously unselected package gettext-base.
Unpacking gettext-base (from .../gettext-base_0.18.1.1-10_amd64.deb) ...
Selecting previously unselected package autotools-dev.
Unpacking autotools-dev (from .../autotools-dev_20120608.1_all.deb) ...
Selecting previously unselected package html2text.
Unpacking html2text (from .../html2text_1.3.2a-15_amd64.deb) ...
Selecting previously unselected package libasprintf-dev:amd64.
Unpacking libasprintf-dev:amd64 (from .../libasprintf-dev_0.18.1.1-10_amd64.deb) ...
Selecting previously unselected package libgettextpo-dev:amd64.
Unpacking libgettextpo-dev:amd64 (from .../libgettextpo-dev_0.18.1.1-10_amd64.deb) ...
Selecting previously unselected package gettext.
Unpacking gettext (from .../gettext_0.18.1.1-10_amd64.deb) ...
Selecting previously unselected package intltool-debian.
Unpacking intltool-debian (from .../intltool-debian_0.35.0+20060710.1_all.deb) ...
Selecting previously unselected package po-debconf.
Unpacking po-debconf (from .../po-debconf_1.0.16+nmu2_all.deb) ...
Selecting previously unselected package debhelper.
Unpacking debhelper (from .../debhelper_9.20120909_all.deb) ...
Selecting previously unselected package libgpg-error-dev.
Unpacking libgpg-error-dev (from .../libgpg-error-dev_1.10-3.1_amd64.deb) ...
Selecting previously unselected package libgcrypt11-dev.
Unpacking libgcrypt11-dev (from .../libgcrypt11-dev_1.5.0-3_amd64.deb) ...
Selecting previously unselected package zlib1g-dev:amd64.
Unpacking zlib1g-dev:amd64 (from .../zlib1g-dev_1%3a1.2.7.dfsg-13_amd64.deb) ...
Selecting previously unselected package libtasn1-3-dev.
Unpacking libtasn1-3-dev (from .../libtasn1-3-dev_2.13-2_amd64.deb) ...
Selecting previously unselected package libp11-kit-dev.
Unpacking libp11-kit-dev (from .../libp11-kit-dev_0.12-3_amd64.deb) ...
Selecting previously unselected package libgnutls-dev.
Unpacking libgnutls-dev (from .../libgnutls-dev_2.12.20-3_amd64.deb) ...
Selecting previously unselected package libsqlite3-dev.
Unpacking libsqlite3-dev (from .../libsqlite3-dev_3.7.15.2-1_amd64.deb) ...
Selecting previously unselected package libxml2-dev:amd64.
Unpacking libxml2-dev:amd64 (from .../libxml2-dev_2.8.0+dfsg1-7_amd64.deb) ...
Selecting previously unselected package pkg-config.
Unpacking pkg-config (from .../pkg-config_0.26-1_amd64.deb) ...
Selecting previously unselected package libc-ares-dev:amd64.
Unpacking libc-ares-dev:amd64 (from .../libc-ares-dev_1.9.1-3_amd64.deb) ...
Selecting previously unselected package sbuild-build-depends-aria2-dummy.
Unpacking sbuild-build-depends-aria2-dummy (from .../sbuild-build-depends-aria2-dummy.deb) ...
Processing triggers for mime-support ...
Setting up libpipeline1:amd64 (1.2.2-1) ...
Setting up libpopt0:amd64 (1.16-7) ...
Setting up groff-base (1.22.1-2) ...
Setting up bsdmainutils (9.0.4) ...
update-alternatives: using /usr/bin/bsd-write to provide /usr/bin/write (write) in auto mode
update-alternatives: using /usr/bin/bsd-from to provide /usr/bin/from (from) in auto mode
Setting up man-db (2.6.3-3) ...
Building database of manual pages ...
Setting up libasprintf0c2:amd64 (0.18.1.1-10) ...
Setting up libgpg-error0:amd64 (1.10-3.1) ...
Setting up libgcrypt11:amd64 (1.5.0-3) ...
Setting up libp11-kit0:amd64 (0.12-3) ...
Setting up libtasn1-3:amd64 (2.13-2) ...
Setting up libgnutls26:amd64 (2.12.20-3) ...
Setting up libgnutls-openssl27:amd64 (2.12.20-3) ...
Setting up libmagic1:amd64 (5.11-2) ...
Setting up libpcre3:amd64 (1:8.31-2) ...
Setting up libxml2:amd64 (2.8.0+dfsg1-7) ...
Setting up libglib2.0-0:amd64 (2.33.12+really2.32.4-5) ...
No schema files found: doing nothing.
Setting up libcroco3:amd64 (0.6.6-2) ...
Setting up libunistring0:amd64 (0.9.3-5) ...
Setting up libgettextpo0:amd64 (0.18.1.1-10) ...
Setting up libc-ares2:amd64 (1.9.1-3) ...
Setting up libgnutlsxx27:amd64 (2.12.20-3) ...
Setting up file (5.11-2) ...
Setting up gettext-base (0.18.1.1-10) ...
Setting up autotools-dev (20120608.1) ...
Setting up html2text (1.3.2a-15) ...
Setting up libasprintf-dev:amd64 (0.18.1.1-10) ...
Setting up libgettextpo-dev:amd64 (0.18.1.1-10) ...
Setting up gettext (0.18.1.1-10) ...
Setting up intltool-debian (0.35.0+20060710.1) ...
Setting up po-debconf (1.0.16+nmu2) ...
Setting up debhelper (9.20120909) ...
Setting up libgpg-error-dev (1.10-3.1) ...
Setting up libgcrypt11-dev (1.5.0-3) ...
Setting up zlib1g-dev:amd64 (1:1.2.7.dfsg-13) ...
Setting up libtasn1-3-dev (2.13-2) ...
Setting up libp11-kit-dev (0.12-3) ...
Setting up libgnutls-dev (2.12.20-3) ...
Setting up libsqlite3-dev (3.7.15.2-1) ...
Setting up libxml2-dev:amd64 (2.8.0+dfsg1-7) ...
Setting up pkg-config (0.26-1) ...
Setting up libc-ares-dev:amd64 (1.9.1-3) ...
Setting up sbuild-build-depends-aria2-dummy (0.invalid.0) ...

┌──────────────────────────────────────────────────────────────────────────────┐
│ Build environment                                                            │
└──────────────────────────────────────────────────────────────────────────────┘

Kernel: Linux 2.6.32-5-xen-amd64 amd64 (x86_64)
Toolchain package versions: binutils_2.22-7.1 dpkg-dev_1.16.9 g++-4.6_4.6.3-15 g++-4.7_4.7.2-19 gcc-4.6_4.6.3-15 gcc-4.7_4.7.2-19 libc6-dev_2.16-0experimental1 libstdc++6_4.8-20130127-1 libstdc++6-4.6-dev_4.6.3-15 libstdc++6-4.7-dev_4.7.2-19 linux-libc-dev_3.2.35-2
Package versions: apt_0.9.7.7 autotools-dev_20120608.1 base-files_7.1 base-passwd_3.5.26 bash_4.2+dfsg-0.1 binutils_2.22-7.1 bsdmainutils_9.0.4 bsdutils_1:2.20.1-5.3 build-essential_11.6 bzip2_1.0.6-4 clang_3.2-1~exp5 clang-3.2_3.2-1~exp5 compiler-rt_3.2-1~exp5 coreutils_8.20-3 cpp_4:4.7.2-1 cpp-4.6_4.6.3-15 cpp-4.7_4.7.2-19 dash_0.5.7-3 debconf_1.5.49 debconf-i18n_1.5.49 debfoster_2.7-1.2 debhelper_9.20120909 debian-archive-keyring_2012.4 debianutils_4.3.4 diffutils_1:3.2-7 dpkg_1.16.9 dpkg-dev_1.16.9 e2fslibs_1.42.5-1 e2fsprogs_1.42.5-1 fakeroot_1.18.4-2 file_5.11-2 findutils_4.4.2-5 g++_4:4.7.2-1 g++-4.6_4.6.3-15 g++-4.7_4.7.2-19 gcc_4:4.7.2-1 gcc-4.4-base_4.4.7-3 gcc-4.5-base_4.5.4-1 gcc-4.6_4.6.3-15 gcc-4.6-base_4.6.3-15 gcc-4.7_4.7.2-19 gcc-4.7-base_4.7.2-19 gcc-4.8-base_4.8-20130127-1 gettext_0.18.1.1-10 gettext-base_0.18.1.1-10 gnupg_1.4.12-7 gpgv_1.4.12-7 grep_2.14-1 groff-base_1.22.1-2 gzip_1.5-1.1 hostname_3.12 html2text_1.3.2a-15 initscripts_2.88dsf-39 insserv_1.14.0-5 intltool-debian_0.35.0+20060710.1 libacl1_2.2.51-8 libapt-pkg4.12_0.9.7.7 libasprintf-dev_0.18.1.1-10 libasprintf0c2_0.18.1.1-10 libattr1_1:2.4.46-8 libblkid1_2.20.1-5.3 libbz2-1.0_1.0.6-4 libc-ares-dev_1.9.1-3 libc-ares2_1.9.1-3 libc-bin_2.13-38 libc-dev-bin_2.16-0experimental1 libc6_2.16-0experimental1 libc6-dev_2.16-0experimental1 libclang-common-dev_3.2-1~exp5 libclass-isa-perl_0.36-5 libcomerr2_1.42.5-1 libcroco3_0.6.6-2 libdb5.1_5.1.29-5 libdpkg-perl_1.16.9 libexpat1_2.1.0-2 libffi5_3.0.10-3 libfile-fcntllock-perl_0.14-2 libgc1c2_1:7.1-9.1 libgcc-4.7-dev_4.7.2-19 libgcc1_1:4.8-20130127-1 libgcrypt11_1.5.0-3 libgcrypt11-dev_1.5.0-3 libgdbm3_1.8.3-11 libgettextpo-dev_0.18.1.1-10 libgettextpo0_0.18.1.1-10 libglib2.0-0_2.33.12+really2.32.4-5 libgmp10_2:5.0.5+dfsg-2 libgnutls-dev_2.12.20-3 libgnutls-openssl27_2.12.20-3 libgnutls26_2.12.20-3 libgnutlsxx27_2.12.20-3 libgomp1_4.8-20130127-1 libgpg-error-dev_1.10-3.1 libgpg-error0_1.10-3.1 libgpm2_1.20.4-6 libitm1_4.8-20130127-1 libllvm3.2_3.2-2 liblocale-gettext-perl_1.05-7+b1 liblzma5_5.1.1alpha+20120614-2 libmagic1_5.11-2 libmount1_2.20.1-5.3 libmpc2_0.9-4 libmpfr4_3.1.0-5 libncurses5_5.9+20130119-1 libncursesw5_5.9+20130119-1 libobjc-4.7-dev_4.7.2-19 libobjc4_4.8-20130127-1 libp11-kit-dev_0.12-3 libp11-kit0_0.12-3 libpam-modules_1.1.3-7.1 libpam-modules-bin_1.1.3-7.1 libpam-runtime_1.1.3-7.1 libpam0g_1.1.3-7.1 libpcre3_1:8.31-2 libpipeline1_1.2.2-1 libpopt0_1.16-7 libpython2.7-minimal_2.7.3-15 libpython2.7-stdlib_2.7.3-15 libquadmath0_4.8-20130127-1 libreadline6_6.2+dfsg-0.1 libselinux1_2.1.9-5 libsemanage-common_2.1.6-6 libsemanage1_2.1.6-6 libsepol1_2.1.4-3 libslang2_2.2.4-15 libsqlite3-0_3.7.15.2-1 libsqlite3-dev_3.7.15.2-1 libss2_1.42.5-1 libssl1.0.0_1.0.1c-4 libstdc++6_4.8-20130127-1 libstdc++6-4.6-dev_4.6.3-15 libstdc++6-4.7-dev_4.7.2-19 libswitch-perl_2.16-2 libtasn1-3_2.13-2 libtasn1-3-dev_2.13-2 libtext-charwidth-perl_0.04-7+b1 libtext-iconv-perl_1.7-5 libtext-wrapi18n-perl_0.06-7 libtimedate-perl_1.2000-1 libtinfo5_5.9+20130119-1 libunistring0_0.9.3-5 libusb-0.1-4_2:0.1.12-23+nmu1 libustr-1.0-1_1.0.4-3 libuuid1_2.20.1-5.3 libxml2_2.8.0+dfsg1-7 libxml2-dev_2.8.0+dfsg1-7 linux-libc-dev_3.2.35-2 login_1:4.1.5.1-1 lsb-base_4.1+Debian9 make_3.81-8.2 man-db_2.6.3-3 mawk_1.3.3-17 mime-support_3.53~experimental2 mount_2.20.1-5.3 multiarch-support_2.13-38 ncurses-base_5.9-10 ncurses-bin_5.9-10 passwd_1:4.1.5.1-1 patch_2.6.1-3 perl_5.14.2-17 perl-base_5.14.2-17 perl-modules_5.14.2-17 pkg-config_0.26-1 po-debconf_1.0.16+nmu2 python_2.7.3-10 python-minimal_2.7.3-10 python2.7_2.7.3-15 python2.7-minimal_2.7.3-15 readline-common_6.2+dfsg-0.1 sbuild-build-depends-aria2-dummy_0.invalid.0 sbuild-build-depends-core-dummy_0.invalid.0 sed_4.2.1-10 sensible-utils_0.0.7 sudo_1.8.5p2-1 sysv-rc_2.88dsf-39 sysvinit_2.88dsf-39 sysvinit-utils_2.88dsf-39 tar_1.26+dfsg-0.1 tzdata_2012j-1 ucf_3.0025+nmu3 util-linux_2.20.1-5.3 vim_2:7.3.547-6 vim-common_2:7.3.547-6 vim-runtime_2:7.3.547-6 xz-utils_5.1.1alpha+20120614-2 zlib1g_1:1.2.7.dfsg-13 zlib1g-dev_1:1.2.7.dfsg-13

┌──────────────────────────────────────────────────────────────────────────────┐
│ Build                                                                        │
└──────────────────────────────────────────────────────────────────────────────┘


Unpack source
─────────────

gpgv: keyblock resource `/sbuild-nonexistent/.gnupg/trustedkeys.gpg': file open error
gpgv: Signature made Fri Dec 28 09:03:06 2012 UTC using DSA key ID D1028C8D
gpgv: Can't check signature: public key not found
dpkg-source: warning: failed to verify signature on ./aria2_1.16.1-1.dsc
dpkg-source: info: extracting aria2 in aria2-1.16.1
dpkg-source: info: unpacking aria2_1.16.1.orig.tar.bz2
dpkg-source: info: unpacking aria2_1.16.1-1.debian.tar.gz

Check disc space
────────────────

Sufficient free space for build

User Environment
────────────────

HOME=/sbuild-nonexistent
LOGNAME=user
PATH=/usr/local/sbin:/usr/local/bin:/usr/sbin:/usr/bin:/sbin:/bin:/usr/games
SCHROOT_CHROOT_NAME=unstable-amd64-sbuild
SCHROOT_COMMAND=env
SCHROOT_GID=1000
SCHROOT_GROUP=user
SCHROOT_SESSION_ID=unstable-amd64-sbuild-ef870b06-70ba-4ab0-87f0-87e9362a25ba
SCHROOT_UID=1000
SCHROOT_USER=user
SHELL=/bin/sh
USER=user

dpkg-buildpackage
─────────────────

dpkg-buildpackage: source package aria2
dpkg-buildpackage: source version 1.16.1-1
dpkg-buildpackage: source changed by Kartik Mistry <kartik@debian.org>
 dpkg-source --before-build aria2-1.16.1
dpkg-buildpackage: host architecture amd64
 fakeroot debian/rules clean
dh_testdir
dh_testroot
rm -f build-stamp
rm -f config.guess config.sub
[ ! -f Makefile ] || /usr/bin/make distclean
dh_clean
 debian/rules build-arch
dh_testdir
cp -f /usr/share/misc/config.guess config.guess
cp -f /usr/share/misc/config.sub config.sub
./configure  CFLAGS="-g -O2 -fstack-protector --param=ssp-buffer-size=4 -Wformat -Werror=format-security -D_FORTIFY_SOURCE=2" \
			     LDFLAGS="-Wl,-z,relro -Wl,-z,defs,--as-needed" \
			   --prefix=/usr \
			   --with-gnutls \
			   --without-openssl \
			   --with-ca-bundle=/etc/ssl/certs/ca-certificates.crt
checking for gcc... gcc
checking whether the C compiler works... yes
checking for C compiler default output file name... a.out
checking for suffix of executables... 
checking whether we are cross compiling... no
checking for suffix of object files... o
checking whether we are using the GNU C compiler... yes
checking whether gcc accepts -g... yes
checking for gcc option to accept ISO C89... none needed
checking how to run the C preprocessor... gcc -E
checking for grep that handles long lines and -e... /bin/grep
checking for egrep... /bin/grep -E
checking for ANSI C header files... yes
checking for sys/types.h... yes
checking for sys/stat.h... yes
checking for stdlib.h... yes
checking for string.h... yes
checking for memory.h... yes
checking for strings.h... yes
checking for inttypes.h... yes
checking for stdint.h... yes
checking for unistd.h... yes
checking minix/config.h usability... no
checking minix/config.h presence... no
checking for minix/config.h... no
checking whether it is safe to define __EXTENSIONS__... yes
checking build system type... x86_64-unknown-linux-gnu
checking host system type... x86_64-unknown-linux-gnu
checking how to print strings... printf
checking for a sed that does not truncate output... /bin/sed
checking for fgrep... /bin/grep -F
checking for ld used by gcc... /usr/bin/ld
checking if the linker (/usr/bin/ld) is GNU ld... yes
checking for BSD- or MS-compatible name lister (nm)... /usr/bin/nm -B
checking the name lister (/usr/bin/nm -B) interface... BSD nm
checking whether ln -s works... yes
checking the maximum length of command line arguments... 3458764513820540925
checking whether the shell understands some XSI constructs... yes
checking whether the shell understands "+="... yes
checking how to convert x86_64-unknown-linux-gnu file names to x86_64-unknown-linux-gnu format... func_convert_file_noop
checking how to convert x86_64-unknown-linux-gnu file names to toolchain format... func_convert_file_noop
checking for /usr/bin/ld option to reload object files... -r
checking for objdump... objdump
checking how to recognize dependent libraries... pass_all
checking for dlltool... no
checking how to associate runtime and link libraries... printf %s\n
checking for ar... ar
checking for archiver @FILE support... @
checking for strip... strip
checking for ranlib... ranlib
checking for gawk... no
checking for mawk... mawk
checking command to parse /usr/bin/nm -B output from gcc object... ok
checking for sysroot... no
checking for mt... no
checking if : is a manifest tool... no
checking for dlfcn.h... yes
checking for objdir... .libs
checking if gcc supports -fno-rtti -fno-exceptions... yes
checking for gcc option to produce PIC... -fPIC -DPIC
checking if gcc PIC flag -fPIC -DPIC works... yes
checking if gcc static flag -static works... yes
checking if gcc supports -c -o file.o... yes
checking if gcc supports -c -o file.o... (cached) yes
checking whether the gcc linker (/usr/bin/ld -m elf_x86_64) supports shared libraries... yes
checking whether -lc should be explicitly linked in... no
checking dynamic linker characteristics... GNU/Linux ld.so
checking how to hardcode library paths into programs... immediate
checking whether stripping libraries is possible... yes
checking if libtool supports shared libraries... yes
checking whether to build shared libraries... yes
checking whether to build static libraries... yes
checking target system type... x86_64-unknown-linux-gnu
checking for a BSD-compatible install... /usr/bin/install -c
checking whether build environment is sane... yes
checking for a thread-safe mkdir -p... /bin/mkdir -p
checking whether make sets $(MAKE)... yes
checking for style of include used by make... GNU
checking dependency style of gcc... gcc3
checking for cppunit-config... no
checking for Cppunit - version >= 1.10.2... no
checking for g++... g++
checking whether we are using the GNU C++ compiler... yes
checking whether g++ accepts -g... yes
checking how to run the C++ preprocessor... g++ -E
checking for ld used by g++... /usr/bin/ld -m elf_x86_64
checking if the linker (/usr/bin/ld -m elf_x86_64) is GNU ld... yes
checking whether the g++ linker (/usr/bin/ld -m elf_x86_64) supports shared libraries... yes
checking for g++ option to produce PIC... -fPIC -DPIC
checking if g++ PIC flag -fPIC -DPIC works... yes
checking if g++ static flag -static works... yes
checking if g++ supports -c -o file.o... yes
checking if g++ supports -c -o file.o... (cached) yes
checking whether the g++ linker (/usr/bin/ld -m elf_x86_64) supports shared libraries... yes
checking dynamic linker characteristics... (cached) GNU/Linux ld.so
checking how to hardcode library paths into programs... immediate
checking dependency style of g++... gcc3
checking for gcc... (cached) gcc
checking whether we are using the GNU C compiler... (cached) yes
checking whether gcc accepts -g... (cached) yes
checking for gcc option to accept ISO C89... (cached) none needed
checking for bison... no
checking for byacc... no
checking for ar... (cached) ar
checking for a2x... no
checking for asciidoc... no
checking for pkg-config... /usr/bin/pkg-config
checking pkg-config is at least version 0.20... yes
checking for ZLIB... yes
checking for xml2-config... /usr/bin/xml2-config
checking for libxml - version >= 2.6.24... no
*** Could not run libxml test program, checking why...
*** The test program compiled, but did not run. This usually means
*** that the run-time linker is not finding LIBXML or finding the wrong
*** version of LIBXML. If it is not finding LIBXML, you'll need to set your
*** LD_LIBRARY_PATH environment variable, or edit /etc/ld.so.conf to point
*** to the installed location  Also, make sure you have run ldconfig if that
*** is required on your system
***
*** If you have an old version installed, it is best to remove it, although
*** you may also be able to get things to work by modifying LD_LIBRARY_PATH
checking for XML_ParserCreate in -lexpat... no
checking for SQLITE3... yes
checking for sqlite3_open_v2... yes
checking for LIBGNUTLS... yes
checking for gnutls_certificate_set_x509_system_trust... no
checking for library containing nettle_sha1_init... no
checking for libgcrypt-config... /usr/bin/libgcrypt-config
checking for LIBGCRYPT - version >= 1.2.4... yes (1.5.0)
configure: WARNING:
***
*** The config script /usr/bin/libgcrypt-config was
*** built for x86_64-pc-linux-gnu and thus may not match the
*** used host x86_64-unknown-linux-gnu.
*** You may want to use the configure option --with-libgcrypt-prefix
*** to specify a matching config script.
***
checking for LIBCARES... yes
checking for ares_addr_node... no
checking for ares_set_servers... yes
checking for library containing clock_gettime... -lrt
checking for size_t... no
checking for working alloca.h... no
checking for alloca... yes
checking for ANSI C header files... (cached) yes
checking argz.h usability... no
checking argz.h presence... yes
configure: WARNING: argz.h: present but cannot be compiled
configure: WARNING: argz.h:     check for missing prerequisite headers?
configure: WARNING: argz.h: see the Autoconf documentation
configure: WARNING: argz.h:     section "Present But Cannot Be Compiled"
configure: WARNING: argz.h: proceeding with the compiler's result
configure: WARNING:     ## ----------------------------------------------- ##
configure: WARNING:     ## Report this to t-tujikawa@users.sourceforge.net ##
configure: WARNING:     ## ----------------------------------------------- ##
checking for argz.h... no
checking arpa/inet.h usability... no
checking arpa/inet.h presence... yes
configure: WARNING: arpa/inet.h: present but cannot be compiled
configure: WARNING: arpa/inet.h:     check for missing prerequisite headers?
configure: WARNING: arpa/inet.h: see the Autoconf documentation
configure: WARNING: arpa/inet.h:     section "Present But Cannot Be Compiled"
configure: WARNING: arpa/inet.h: proceeding with the compiler's result
configure: WARNING:     ## ----------------------------------------------- ##
configure: WARNING:     ## Report this to t-tujikawa@users.sourceforge.net ##
configure: WARNING:     ## ----------------------------------------------- ##
checking for arpa/inet.h... no
checking fcntl.h usability... no
checking fcntl.h presence... yes
configure: WARNING: fcntl.h: present but cannot be compiled
configure: WARNING: fcntl.h:     check for missing prerequisite headers?
configure: WARNING: fcntl.h: see the Autoconf documentation
configure: WARNING: fcntl.h:     section "Present But Cannot Be Compiled"
configure: WARNING: fcntl.h: proceeding with the compiler's result
configure: WARNING:     ## ----------------------------------------------- ##
configure: WARNING:     ## Report this to t-tujikawa@users.sourceforge.net ##
configure: WARNING:     ## ----------------------------------------------- ##
checking for fcntl.h... no
checking float.h usability... no
checking float.h presence... yes
configure: WARNING: float.h: present but cannot be compiled
configure: WARNING: float.h:     check for missing prerequisite headers?
configure: WARNING: float.h: see the Autoconf documentation
configure: WARNING: float.h:     section "Present But Cannot Be Compiled"
configure: WARNING: float.h: proceeding with the compiler's result
configure: WARNING:     ## ----------------------------------------------- ##
configure: WARNING:     ## Report this to t-tujikawa@users.sourceforge.net ##
configure: WARNING:     ## ----------------------------------------------- ##
checking for float.h... no
checking for inttypes.h... (cached) yes
checking langinfo.h usability... no
checking langinfo.h presence... yes
configure: WARNING: langinfo.h: present but cannot be compiled
configure: WARNING: langinfo.h:     check for missing prerequisite headers?
configure: WARNING: langinfo.h: see the Autoconf documentation
configure: WARNING: langinfo.h:     section "Present But Cannot Be Compiled"
configure: WARNING: langinfo.h: proceeding with the compiler's result
configure: WARNING:     ## ----------------------------------------------- ##
configure: WARNING:     ## Report this to t-tujikawa@users.sourceforge.net ##
configure: WARNING:     ## ----------------------------------------------- ##
checking for langinfo.h... no
checking libintl.h usability... no
checking libintl.h presence... yes
configure: WARNING: libintl.h: present but cannot be compiled
configure: WARNING: libintl.h:     check for missing prerequisite headers?
configure: WARNING: libintl.h: see the Autoconf documentation
configure: WARNING: libintl.h:     section "Present But Cannot Be Compiled"
configure: WARNING: libintl.h: proceeding with the compiler's result
configure: WARNING:     ## ----------------------------------------------- ##
configure: WARNING:     ## Report this to t-tujikawa@users.sourceforge.net ##
configure: WARNING:     ## ----------------------------------------------- ##
checking for libintl.h... no
checking limits.h usability... no
checking limits.h presence... yes
configure: WARNING: limits.h: present but cannot be compiled
configure: WARNING: limits.h:     check for missing prerequisite headers?
configure: WARNING: limits.h: see the Autoconf documentation
configure: WARNING: limits.h:     section "Present But Cannot Be Compiled"
configure: WARNING: limits.h: proceeding with the compiler's result
configure: WARNING:     ## ----------------------------------------------- ##
configure: WARNING:     ## Report this to t-tujikawa@users.sourceforge.net ##
configure: WARNING:     ## ----------------------------------------------- ##
checking for limits.h... no
checking locale.h usability... no
checking locale.h presence... yes
configure: WARNING: locale.h: present but cannot be compiled
configure: WARNING: locale.h:     check for missing prerequisite headers?
configure: WARNING: locale.h: see the Autoconf documentation
configure: WARNING: locale.h:     section "Present But Cannot Be Compiled"
configure: WARNING: locale.h: proceeding with the compiler's result
configure: WARNING:     ## ----------------------------------------------- ##
configure: WARNING:     ## Report this to t-tujikawa@users.sourceforge.net ##
configure: WARNING:     ## ----------------------------------------------- ##
checking for locale.h... no
checking malloc.h usability... no
checking malloc.h presence... yes
configure: WARNING: malloc.h: present but cannot be compiled
configure: WARNING: malloc.h:     check for missing prerequisite headers?
configure: WARNING: malloc.h: see the Autoconf documentation
configure: WARNING: malloc.h:     section "Present But Cannot Be Compiled"
configure: WARNING: malloc.h: proceeding with the compiler's result
configure: WARNING:     ## ----------------------------------------------- ##
configure: WARNING:     ## Report this to t-tujikawa@users.sourceforge.net ##
configure: WARNING:     ## ----------------------------------------------- ##
checking for malloc.h... no
checking netdb.h usability... no
checking netdb.h presence... yes
configure: WARNING: netdb.h: present but cannot be compiled
configure: WARNING: netdb.h:     check for missing prerequisite headers?
configure: WARNING: netdb.h: see the Autoconf documentation
configure: WARNING: netdb.h:     section "Present But Cannot Be Compiled"
configure: WARNING: netdb.h: proceeding with the compiler's result
configure: WARNING:     ## ----------------------------------------------- ##
configure: WARNING:     ## Report this to t-tujikawa@users.sourceforge.net ##
configure: WARNING:     ## ----------------------------------------------- ##
checking for netdb.h... no
checking netinet/in.h usability... no
checking netinet/in.h presence... yes
configure: WARNING: netinet/in.h: present but cannot be compiled
configure: WARNING: netinet/in.h:     check for missing prerequisite headers?
configure: WARNING: netinet/in.h: see the Autoconf documentation
configure: WARNING: netinet/in.h:     section "Present But Cannot Be Compiled"
configure: WARNING: netinet/in.h: proceeding with the compiler's result
configure: WARNING:     ## ----------------------------------------------- ##
configure: WARNING:     ## Report this to t-tujikawa@users.sourceforge.net ##
configure: WARNING:     ## ----------------------------------------------- ##
checking for netinet/in.h... no
checking netinet/tcp.h usability... no
checking netinet/tcp.h presence... yes
configure: WARNING: netinet/tcp.h: present but cannot be compiled
configure: WARNING: netinet/tcp.h:     check for missing prerequisite headers?
configure: WARNING: netinet/tcp.h: see the Autoconf documentation
configure: WARNING: netinet/tcp.h:     section "Present But Cannot Be Compiled"
configure: WARNING: netinet/tcp.h: proceeding with the compiler's result
configure: WARNING:     ## ----------------------------------------------- ##
configure: WARNING:     ## Report this to t-tujikawa@users.sourceforge.net ##
configure: WARNING:     ## ----------------------------------------------- ##
checking for netinet/tcp.h... no
checking poll.h usability... no
checking poll.h presence... yes
configure: WARNING: poll.h: present but cannot be compiled
configure: WARNING: poll.h:     check for missing prerequisite headers?
configure: WARNING: poll.h: see the Autoconf documentation
configure: WARNING: poll.h:     section "Present But Cannot Be Compiled"
configure: WARNING: poll.h: proceeding with the compiler's result
configure: WARNING:     ## ----------------------------------------------- ##
configure: WARNING:     ## Report this to t-tujikawa@users.sourceforge.net ##
configure: WARNING:     ## ----------------------------------------------- ##
checking for poll.h... no
checking port.h usability... no
checking port.h presence... no
checking for port.h... no
checking stddef.h usability... no
checking stddef.h presence... yes
configure: WARNING: stddef.h: present but cannot be compiled
configure: WARNING: stddef.h:     check for missing prerequisite headers?
configure: WARNING: stddef.h: see the Autoconf documentation
configure: WARNING: stddef.h:     section "Present But Cannot Be Compiled"
configure: WARNING: stddef.h: proceeding with the compiler's result
configure: WARNING:     ## ----------------------------------------------- ##
configure: WARNING:     ## Report this to t-tujikawa@users.sourceforge.net ##
configure: WARNING:     ## ----------------------------------------------- ##
checking for stddef.h... no
checking for stdint.h... (cached) yes
checking stdio_ext.h usability... no
checking stdio_ext.h presence... yes
configure: WARNING: stdio_ext.h: present but cannot be compiled
configure: WARNING: stdio_ext.h:     check for missing prerequisite headers?
configure: WARNING: stdio_ext.h: see the Autoconf documentation
configure: WARNING: stdio_ext.h:     section "Present But Cannot Be Compiled"
configure: WARNING: stdio_ext.h: proceeding with the compiler's result
configure: WARNING:     ## ----------------------------------------------- ##
configure: WARNING:     ## Report this to t-tujikawa@users.sourceforge.net ##
configure: WARNING:     ## ----------------------------------------------- ##
checking for stdio_ext.h... no
checking for stdlib.h... (cached) yes
checking for string.h... (cached) yes
checking for strings.h... (cached) yes
checking sys/ioctl.h usability... no
checking sys/ioctl.h presence... yes
configure: WARNING: sys/ioctl.h: present but cannot be compiled
configure: WARNING: sys/ioctl.h:     check for missing prerequisite headers?
configure: WARNING: sys/ioctl.h: see the Autoconf documentation
configure: WARNING: sys/ioctl.h:     section "Present But Cannot Be Compiled"
configure: WARNING: sys/ioctl.h: proceeding with the compiler's result
configure: WARNING:     ## ----------------------------------------------- ##
configure: WARNING:     ## Report this to t-tujikawa@users.sourceforge.net ##
configure: WARNING:     ## ----------------------------------------------- ##
checking for sys/ioctl.h... no
checking sys/param.h usability... no
checking sys/param.h presence... yes
configure: WARNING: sys/param.h: present but cannot be compiled
configure: WARNING: sys/param.h:     check for missing prerequisite headers?
configure: WARNING: sys/param.h: see the Autoconf documentation
configure: WARNING: sys/param.h:     section "Present But Cannot Be Compiled"
configure: WARNING: sys/param.h: proceeding with the compiler's result
configure: WARNING:     ## ----------------------------------------------- ##
configure: WARNING:     ## Report this to t-tujikawa@users.sourceforge.net ##
configure: WARNING:     ## ----------------------------------------------- ##
checking for sys/param.h... no
checking sys/socket.h usability... no
checking sys/socket.h presence... yes
configure: WARNING: sys/socket.h: present but cannot be compiled
configure: WARNING: sys/socket.h:     check for missing prerequisite headers?
configure: WARNING: sys/socket.h: see the Autoconf documentation
configure: WARNING: sys/socket.h:     section "Present But Cannot Be Compiled"
configure: WARNING: sys/socket.h: proceeding with the compiler's result
configure: WARNING:     ## ----------------------------------------------- ##
configure: WARNING:     ## Report this to t-tujikawa@users.sourceforge.net ##
configure: WARNING:     ## ----------------------------------------------- ##
checking for sys/socket.h... no
checking sys/time.h usability... no
checking sys/time.h presence... yes
configure: WARNING: sys/time.h: present but cannot be compiled
configure: WARNING: sys/time.h:     check for missing prerequisite headers?
configure: WARNING: sys/time.h: see the Autoconf documentation
configure: WARNING: sys/time.h:     section "Present But Cannot Be Compiled"
configure: WARNING: sys/time.h: proceeding with the compiler's result
configure: WARNING:     ## ----------------------------------------------- ##
configure: WARNING:     ## Report this to t-tujikawa@users.sourceforge.net ##
configure: WARNING:     ## ----------------------------------------------- ##
checking for sys/time.h... no
checking for sys/types.h... (cached) yes
checking termios.h usability... no
checking termios.h presence... yes
configure: WARNING: termios.h: present but cannot be compiled
configure: WARNING: termios.h:     check for missing prerequisite headers?
configure: WARNING: termios.h: see the Autoconf documentation
configure: WARNING: termios.h:     section "Present But Cannot Be Compiled"
configure: WARNING: termios.h: proceeding with the compiler's result
configure: WARNING:     ## ----------------------------------------------- ##
configure: WARNING:     ## Report this to t-tujikawa@users.sourceforge.net ##
configure: WARNING:     ## ----------------------------------------------- ##
checking for termios.h... no
checking for unistd.h... (cached) yes
checking utime.h usability... no
checking utime.h presence... yes
configure: WARNING: utime.h: present but cannot be compiled
configure: WARNING: utime.h:     check for missing prerequisite headers?
configure: WARNING: utime.h: see the Autoconf documentation
configure: WARNING: utime.h:     section "Present But Cannot Be Compiled"
configure: WARNING: utime.h: proceeding with the compiler's result
configure: WARNING:     ## ----------------------------------------------- ##
configure: WARNING:     ## Report this to t-tujikawa@users.sourceforge.net ##
configure: WARNING:     ## ----------------------------------------------- ##
checking for utime.h... no
checking wchar.h usability... no
checking wchar.h presence... yes
configure: WARNING: wchar.h: present but cannot be compiled
configure: WARNING: wchar.h:     check for missing prerequisite headers?
configure: WARNING: wchar.h: see the Autoconf documentation
configure: WARNING: wchar.h:     section "Present But Cannot Be Compiled"
configure: WARNING: wchar.h: proceeding with the compiler's result
configure: WARNING:     ## ----------------------------------------------- ##
configure: WARNING:     ## Report this to t-tujikawa@users.sourceforge.net ##
configure: WARNING:     ## ----------------------------------------------- ##
checking for wchar.h... no
checking ifaddrs.h usability... no
checking ifaddrs.h presence... yes
configure: WARNING: ifaddrs.h: present but cannot be compiled
configure: WARNING: ifaddrs.h:     check for missing prerequisite headers?
configure: WARNING: ifaddrs.h: see the Autoconf documentation
configure: WARNING: ifaddrs.h:     section "Present But Cannot Be Compiled"
configure: WARNING: ifaddrs.h: proceeding with the compiler's result
configure: WARNING:     ## ----------------------------------------------- ##
configure: WARNING:     ## Report this to t-tujikawa@users.sourceforge.net ##
configure: WARNING:     ## ----------------------------------------------- ##
checking for ifaddrs.h... no
checking pwd.h usability... no
checking pwd.h presence... yes
configure: WARNING: pwd.h: present but cannot be compiled
configure: WARNING: pwd.h:     check for missing prerequisite headers?
configure: WARNING: pwd.h: see the Autoconf documentation
configure: WARNING: pwd.h:     section "Present But Cannot Be Compiled"
configure: WARNING: pwd.h: proceeding with the compiler's result
configure: WARNING:     ## ----------------------------------------------- ##
configure: WARNING:     ## Report this to t-tujikawa@users.sourceforge.net ##
configure: WARNING:     ## ----------------------------------------------- ##
checking for pwd.h... no
checking for stdbool.h that conforms to C99... yes
checking for _Bool... no
checking for an ANSI C-conforming const... yes
checking for inline... inline
checking for int16_t... no
checking for int32_t... no
checking for int64_t... no
checking for int8_t... no
checking for mode_t... no
checking for off_t... no
checking for size_t... (cached) no
checking for ssize_t... no
checking whether time.h and sys/time.h may both be included... no
checking whether struct tm is in sys/time.h or time.h... sys/time.h
checking for uint16_t... no
checking for uint32_t... no
checking for uint64_t... no
checking for uint8_t... no
checking for pid_t... no
checking for working volatile... yes
checking for ptrdiff_t... no
checking for struct timespec... no
checking whether byte ordering is bigendian... yes
checking for special C compiler options needed for large files... no
checking for _FILE_OFFSET_BITS value needed for large files... unknown
checking for _LARGE_FILES value needed for large files... unknown
checking whether NLS is requested... yes
checking for msgfmt... /usr/bin/msgfmt
checking for gmsgfmt... /usr/bin/msgfmt
checking for xgettext... /usr/bin/xgettext
checking for msgmerge... /usr/bin/msgmerge
checking whether we are using the GNU C Library 2 or newer... yes
checking for ranlib... (cached) ranlib
checking whether the -Werror option is usable... yes
checking for simple visibility declarations... yes
checking for stdint.h... no
checking for stdlib.h... (cached) yes
checking for unistd.h... (cached) yes
checking for sys/param.h... (cached) no
checking for sys/time.h... (cached) no
checking for getpagesize... yes
checking for working mmap... no
checking whether integer division by zero raises SIGFPE... no
checking for inttypes.h... no
checking for unsigned long long int... yes
checking for inttypes.h... (cached) yes
checking whether the inttypes.h PRIxNN macros are broken... yes
checking for ld used by GCC... /usr/bin/ld -m elf_x86_64
checking if the linker (/usr/bin/ld -m elf_x86_64) is GNU ld... yes
checking for shared library run path origin... done
checking whether imported symbols can be declared weak... no
checking pthread.h usability... no
configure: WARNING: pthread.h: present but cannot be compiled
configure: WARNING: pthread.h:     check for missing prerequisite headers?
configure: WARNING: pthread.h: see the Autoconf documentation
configure: WARNING: pthread.h:     section "Present But Cannot Be Compiled"
configure: WARNING: pthread.h: proceeding with the compiler's result
checking pthread.h presence... yes
configure: WARNING:     ## ----------------------------------------------- ##
configure: WARNING:     ## Report this to t-tujikawa@users.sourceforge.net ##
configure: WARNING:     ## ----------------------------------------------- ##
checking for pthread.h... no
checking for multithread API to use... none
checking for argz.h... (cached) no
checking for inttypes.h... (cached) yes
checking for limits.h... (cached) no
checking for unistd.h... (cached) yes
checking for sys/param.h... (cached) no
checking for getcwd... yes
checking for getegid... yes
checking for geteuid... yes
checking for getgid... yes
checking for getuid... yes
checking for mempcpy... yes
checking for munmap... yes
checking for stpcpy... yes
checking for strcasecmp... yes
checking for strdup... yes
checking for strtoul... yes
checking for tsearch... yes
checking for uselocale... yes
checking for argz_count... yes
checking for argz_stringify... yes
checking for argz_next... yes
checking for __fsetlocking... yes
checking whether feof_unlocked is declared... no
checking whether fgets_unlocked is declared... no
checking for iconv... no, consider installing GNU libiconv
checking for bison... no
checking for long long int... yes
checking for wchar_t... no
checking for wint_t... no
checking for intmax_t... no
checking whether printf() supports POSIX/XSI format strings... no
checking whether we are using the GNU C Library 2.1 or newer... yes
checking for stdint.h... (cached) yes
checking for SIZE_MAX... ((size_t)~(size_t)0)
checking for stdint.h... (cached) yes
checking for working fcntl.h... no
checking for CFPreferencesCopyAppValue... no
checking for CFLocaleCopyCurrent... no
checking for ptrdiff_t... (cached) no
checking for stddef.h... (cached) no
checking for stdlib.h... (cached) yes
checking for string.h... (cached) yes
checking for asprintf... yes
checking for fwprintf... yes
checking for newlocale... yes
checking for putenv... yes
checking for setenv... yes
checking for setlocale... yes
checking for snprintf... yes
checking for strnlen... yes
checking for wcslen... yes
checking for wcsnlen... yes
checking for mbrtowc... yes
checking for wcrtomb... yes
checking whether _snprintf is declared... no
checking whether _snwprintf is declared... no
checking whether getc_unlocked is declared... no
checking for nl_langinfo and CODESET... yes
checking for LC_MESSAGES... no
checking for CFPreferencesCopyAppValue... (cached) no
checking for CFLocaleCopyCurrent... (cached) no
checking whether included gettext is requested... no
checking for GNU gettext in libc... yes
checking whether to use NLS... yes
checking where the gettext function comes from... libc
checking for error_at_line... yes
checking whether gcc needs -traditional... no
checking for working memcmp... no
checking for alarm... yes
checking for working mktime... no
checking sys/select.h usability... no
checking sys/select.h presence... yes
configure: WARNING: sys/select.h: present but cannot be compiled
configure: WARNING: sys/select.h:     check for missing prerequisite headers?
configure: WARNING: sys/select.h: see the Autoconf documentation
configure: WARNING: sys/select.h:     section "Present But Cannot Be Compiled"
configure: WARNING: sys/select.h: proceeding with the compiler's result
configure: WARNING:     ## ----------------------------------------------- ##
configure: WARNING:     ## Report this to t-tujikawa@users.sourceforge.net ##
configure: WARNING:     ## ----------------------------------------------- ##
checking for sys/select.h... no
checking for sys/socket.h... (cached) no
checking types of arguments for select... int,int *,struct timeval *
checking whether lstat correctly handles trailing slash... no
checking whether stat accepts an empty string... yes
checking for strftime... yes
checking for vprintf... yes
checking for _doprnt... no
checking vfork.h usability... no
checking vfork.h presence... no
checking for vfork.h... no
checking for fork... yes
checking for vfork... yes
checking for working fork... no
checking for working vfork... (cached) yes
checking for working strtod... no
checking for pow... yes
checking for __argz_count... yes
checking for __argz_next... yes
checking for __argz_stringify... yes
checking for atexit... yes
checking for ftruncate... yes
checking for getcwd... (cached) yes
checking for gethostbyaddr... yes
checking for gethostbyname... yes
checking for getifaddrs... yes
checking for getpagesize... (cached) yes
checking for memchr... yes
checking for memmove... yes
checking for mempcpy... (cached) yes
checking for memset... yes
checking for mkdir... yes
checking for mmap... yes
checking for munmap... (cached) yes
checking for nl_langinfo... yes
checking for posix_memalign... yes
checking for pow... (cached) yes
checking for putenv... (cached) yes
checking for rmdir... yes
checking for select... yes
checking for setlocale... (cached) yes
checking for sleep... yes
checking for socket... yes
checking for stpcpy... (cached) yes
checking for strcasecmp... (cached) yes
checking for strchr... yes
checking for strcspn... yes
checking for strdup... (cached) yes
checking for strerror... yes
checking for strncasecmp... yes
checking for strstr... yes
checking for strtol... yes
checking for strtoul... (cached) yes
checking for strtoull... yes
checking for tzset... yes
checking for unsetenv... yes
checking for usleep... yes
checking for utime... yes
checking for utimes... yes
checking for epoll_create... yes
checking for posix_fallocate... yes
checking for fallocate... no
checking for asctime_r... yes
checking for basename... yes
checking for gai_strerror... yes
checking for getaddrinfo... yes
checking for gettimeofday... yes
checking for localtime_r... yes
checking for strptime... yes
checking for timegm... yes
checking for daemon... yes
checking for clock_gettime... yes
checking for poll... yes
checking for port_associate... no
checking for kqueue... no
checking for struct sockaddr_in.sin_len... no
checking for struct sockaddr_in6.sin6_len... no
checking whether struct option.name is assignable from const char*... no
configure: creating ./config.status
config.status: creating Makefile
config.status: creating src/Makefile
config.status: creating test/Makefile
config.status: creating po/Makefile.in
config.status: creating intl/Makefile
config.status: creating lib/Makefile
config.status: creating doc/Makefile
config.status: creating doc/manual-src/Makefile
config.status: creating doc/manual-src/en/Makefile
config.status: creating doc/manual-src/en/conf.py
config.status: creating doc/manual-src/ru/Makefile
config.status: creating doc/manual-src/ru/conf.py
config.status: creating deps/Makefile
config.status: creating config.h
config.status: executing libtool commands
config.status: executing depfiles commands
config.status: executing po-directories commands
config.status: creating po/POTFILES
config.status: creating po/Makefile
=== configuring in deps/wslay (/«PKGBUILDDIR»/deps/wslay)
configure: running /bin/bash ./configure --disable-option-checking '--prefix=/usr'  'CFLAGS=-g -O2 -fstack-protector --param=ssp-buffer-size=4 -Wformat -Werror=format-security -D_FORTIFY_SOURCE=2' 'LDFLAGS=-Wl,-z,relro -Wl,-z,defs,--as-needed' '--with-gnutls' '--without-openssl' '--with-ca-bundle=/etc/ssl/certs/ca-certificates.crt' 'CPPFLAGS=-D_FORTIFY_SOURCE=2' 'CXXFLAGS=-g -O2 -fstack-protector --param=ssp-buffer-size=4 -Wformat -Werror=format-security -D_FORTIFY_SOURCE=2' --cache-file=/dev/null --srcdir=.
checking build system type... x86_64-unknown-linux-gnu
checking host system type... x86_64-unknown-linux-gnu
checking how to print strings... printf
checking for gcc... gcc
checking whether the C compiler works... yes
checking for C compiler default output file name... a.out
checking for suffix of executables... 
checking whether we are cross compiling... no
checking for suffix of object files... o
checking whether we are using the GNU C compiler... yes
checking whether gcc accepts -g... yes
checking for gcc option to accept ISO C89... none needed
checking for a sed that does not truncate output... /bin/sed
checking for grep that handles long lines and -e... /bin/grep
checking for egrep... /bin/grep -E
checking for fgrep... /bin/grep -F
checking for ld used by gcc... /usr/bin/ld
checking if the linker (/usr/bin/ld) is GNU ld... yes
checking for BSD- or MS-compatible name lister (nm)... /usr/bin/nm -B
checking the name lister (/usr/bin/nm -B) interface... BSD nm
checking whether ln -s works... yes
checking the maximum length of command line arguments... 3458764513820540925
checking whether the shell understands some XSI constructs... yes
checking whether the shell understands "+="... yes
checking how to convert x86_64-unknown-linux-gnu file names to x86_64-unknown-linux-gnu format... func_convert_file_noop
checking how to convert x86_64-unknown-linux-gnu file names to toolchain format... func_convert_file_noop
checking for /usr/bin/ld option to reload object files... -r
checking for objdump... objdump
checking how to recognize dependent libraries... pass_all
checking for dlltool... no
checking how to associate runtime and link libraries... printf %s\n
checking for ar... ar
checking for archiver @FILE support... @
checking for strip... strip
checking for ranlib... ranlib
checking for gawk... no
checking for mawk... mawk
checking command to parse /usr/bin/nm -B output from gcc object... ok
checking for sysroot... no
checking for mt... no
checking if : is a manifest tool... no
checking how to run the C preprocessor... gcc -E
checking for ANSI C header files... yes
checking for sys/types.h... yes
checking for sys/stat.h... yes
checking for stdlib.h... yes
checking for string.h... yes
checking for memory.h... yes
checking for strings.h... yes
checking for inttypes.h... yes
checking for stdint.h... yes
checking for unistd.h... yes
checking for dlfcn.h... yes
checking for objdir... .libs
checking if gcc supports -fno-rtti -fno-exceptions... yes
checking for gcc option to produce PIC... -fPIC -DPIC
checking if gcc PIC flag -fPIC -DPIC works... yes
checking if gcc static flag -static works... yes
checking if gcc supports -c -o file.o... yes
checking if gcc supports -c -o file.o... (cached) yes
checking whether the gcc linker (/usr/bin/ld -m elf_x86_64) supports shared libraries... yes
checking dynamic linker characteristics... GNU/Linux ld.so
checking how to hardcode library paths into programs... immediate
checking whether stripping libraries is possible... yes
checking if libtool supports shared libraries... yes
checking whether to build shared libraries... no
checking whether to build static libraries... yes
checking target system type... x86_64-unknown-linux-gnu
checking for a BSD-compatible install... /usr/bin/install -c
checking whether build environment is sane... yes
checking for a thread-safe mkdir -p... /bin/mkdir -p
checking whether make sets $(MAKE)... yes
checking for style of include used by make... GNU
checking dependency style of gcc... gcc3
checking for gcc... (cached) gcc
checking whether we are using the GNU C compiler... (cached) yes
checking whether gcc accepts -g... (cached) yes
checking for gcc option to accept ISO C89... (cached) none needed
checking whether ln -s works... yes
checking whether make sets $(MAKE)... (cached) yes
checking for sphinx-build... no
checking for CU_initialize_registry in -lcunit... no
checking arpa/inet.h usability... yes
checking arpa/inet.h presence... yes
checking for arpa/inet.h... yes
checking netinet/in.h usability... yes
checking netinet/in.h presence... yes
checking for netinet/in.h... yes
checking stddef.h usability... yes
checking stddef.h presence... yes
checking for stddef.h... yes
checking for stdint.h... (cached) yes
checking for stdlib.h... (cached) yes
checking for string.h... (cached) yes
checking for unistd.h... (cached) yes
checking for size_t... yes
checking for ssize_t... yes
checking for uint8_t... yes
checking for uint16_t... yes
checking for uint32_t... yes
checking for uint64_t... yes
checking for ptrdiff_t... yes
checking whether byte ordering is bigendian... no
checking for stdlib.h... (cached) yes
checking for GNU libc compatible malloc... yes
checking for memmove... yes
checking for memset... yes
checking for ntohl... yes
checking for ntohs... yes
checking for htons... yes
configure: creating ./config.status
config.status: creating Makefile
config.status: creating lib/Makefile
config.status: creating lib/libwslay.pc
config.status: creating lib/includes/Makefile
config.status: creating lib/includes/wslay/wslayver.h
config.status: creating tests/Makefile
config.status: creating config.h
config.status: executing libtool commands
config.status: executing depfiles commands
configure: summary of build options:

    version:        0.1.1 shared 0:0:0
    Host type:      x86_64-unknown-linux-gnu
    Install prefix: /usr
    C compiler:     gcc
    CFlags:         -g -O2 -fstack-protector --param=ssp-buffer-size=4 -Wformat -Werror=format-security -D_FORTIFY_SOURCE=2
    Library types:  Shared=no, Static=yes
    CUnit:          no

 
Build:          x86_64-unknown-linux-gnu
Host:           x86_64-unknown-linux-gnu
Target:         x86_64-unknown-linux-gnu
Install prefix: /usr
CXXFLAGS:       -g -O2 -fstack-protector --param=ssp-buffer-size=4 -Wformat -Werror=format-security -D_FORTIFY_SOURCE=2
CFLAGS:         -g -O2 -fstack-protector --param=ssp-buffer-size=4 -Wformat -Werror=format-security -D_FORTIFY_SOURCE=2
CPPFLAGS:       -I$(top_builddir)/deps/wslay/lib/includes -I$(top_srcdir)/deps/wslay/lib/includes    -I/usr/include/p11-kit-1       -D_FORTIFY_SOURCE=2
LDFLAGS:        -Wl,-z,relro -Wl,-z,defs,--as-needed
LIBS:           $(top_builddir)/deps/wslay/lib/libwslay.la -lrt -lcares   -L/lib/x86_64-linux-gnu -lgcrypt -lgnutls   -lsqlite3   -lz   
DEFS:           -DHAVE_CONFIG_H
SQLite3:        yes
GnuTLS:         yes
OpenSSL:        
CA Bundle:      /etc/ssl/certs/ca-certificates.crt
LibXML2:        
LibExpat:       
LibCares:       yes
Zlib:           yes
Epoll:          yes
Bittorrent:     yes
Metalink:       no
XML-RPC:        
Message Digest: yes
WebSocket:      yes
bash_completion dir: ${datarootdir}/doc/${PACKAGE_TARNAME}/bash_completion
Static build:   
dh_testdir
/usr/bin/make
make[1]: Entering directory `/«PKGBUILDDIR»'
/usr/bin/make  all-recursive
make[2]: Entering directory `/«PKGBUILDDIR»'
Making all in po
make[3]: Entering directory `/«PKGBUILDDIR»/po'
make[3]: Leaving directory `/«PKGBUILDDIR»/po'
Making all in intl
make[3]: Entering directory `/«PKGBUILDDIR»/intl'
make[3]: Nothing to be done for `all'.
make[3]: Leaving directory `/«PKGBUILDDIR»/intl'
Making all in lib
make[3]: Entering directory `/«PKGBUILDDIR»/lib'
make[3]: Nothing to be done for `all'.
make[3]: Leaving directory `/«PKGBUILDDIR»/lib'
Making all in deps
make[3]: Entering directory `/«PKGBUILDDIR»/deps'
Making all in wslay
make[4]: Entering directory `/«PKGBUILDDIR»/deps/wslay'
/usr/bin/make  all-recursive
make[5]: Entering directory `/«PKGBUILDDIR»/deps/wslay'
Making all in lib
make[6]: Entering directory `/«PKGBUILDDIR»/deps/wslay/lib'
Making all in includes
make[7]: Entering directory `/«PKGBUILDDIR»/deps/wslay/lib/includes'
make[7]: Nothing to be done for `all'.
make[7]: Leaving directory `/«PKGBUILDDIR»/deps/wslay/lib/includes'
make[7]: Entering directory `/«PKGBUILDDIR»/deps/wslay/lib'
/bin/bash ../libtool --tag=CC   --mode=compile gcc -DHAVE_CONFIG_H -I. -I..  -DHAVE_CONFIG_H -I./includes -I./includes -D_FORTIFY_SOURCE=2 -Wall -g -O2 -fstack-protector --param=ssp-buffer-size=4 -Wformat -Werror=format-security -D_FORTIFY_SOURCE=2 -MT wslay_frame.lo -MD -MP -MF .deps/wslay_frame.Tpo -c -o wslay_frame.lo wslay_frame.c
libtool: compile:  gcc -DHAVE_CONFIG_H -I. -I.. -DHAVE_CONFIG_H -I./includes -I./includes -D_FORTIFY_SOURCE=2 -Wall -g -O2 -fstack-protector --param=ssp-buffer-size=4 -Wformat -Werror=format-security -D_FORTIFY_SOURCE=2 -MT wslay_frame.lo -MD -MP -MF .deps/wslay_frame.Tpo -c wslay_frame.c -o wslay_frame.o
mv -f .deps/wslay_frame.Tpo .deps/wslay_frame.Plo
/bin/bash ../libtool --tag=CC   --mode=compile gcc -DHAVE_CONFIG_H -I. -I..  -DHAVE_CONFIG_H -I./includes -I./includes -D_FORTIFY_SOURCE=2 -Wall -g -O2 -fstack-protector --param=ssp-buffer-size=4 -Wformat -Werror=format-security -D_FORTIFY_SOURCE=2 -MT wslay_event.lo -MD -MP -MF .deps/wslay_event.Tpo -c -o wslay_event.lo wslay_event.c
libtool: compile:  gcc -DHAVE_CONFIG_H -I. -I.. -DHAVE_CONFIG_H -I./includes -I./includes -D_FORTIFY_SOURCE=2 -Wall -g -O2 -fstack-protector --param=ssp-buffer-size=4 -Wformat -Werror=format-security -D_FORTIFY_SOURCE=2 -MT wslay_event.lo -MD -MP -MF .deps/wslay_event.Tpo -c wslay_event.c -o wslay_event.o
mv -f .deps/wslay_event.Tpo .deps/wslay_event.Plo
/bin/bash ../libtool --tag=CC   --mode=compile gcc -DHAVE_CONFIG_H -I. -I..  -DHAVE_CONFIG_H -I./includes -I./includes -D_FORTIFY_SOURCE=2 -Wall -g -O2 -fstack-protector --param=ssp-buffer-size=4 -Wformat -Werror=format-security -D_FORTIFY_SOURCE=2 -MT wslay_queue.lo -MD -MP -MF .deps/wslay_queue.Tpo -c -o wslay_queue.lo wslay_queue.c
libtool: compile:  gcc -DHAVE_CONFIG_H -I. -I.. -DHAVE_CONFIG_H -I./includes -I./includes -D_FORTIFY_SOURCE=2 -Wall -g -O2 -fstack-protector --param=ssp-buffer-size=4 -Wformat -Werror=format-security -D_FORTIFY_SOURCE=2 -MT wslay_queue.lo -MD -MP -MF .deps/wslay_queue.Tpo -c wslay_queue.c -o wslay_queue.o
mv -f .deps/wslay_queue.Tpo .deps/wslay_queue.Plo
/bin/bash ../libtool --tag=CC   --mode=compile gcc -DHAVE_CONFIG_H -I. -I..  -DHAVE_CONFIG_H -I./includes -I./includes -D_FORTIFY_SOURCE=2 -Wall -g -O2 -fstack-protector --param=ssp-buffer-size=4 -Wformat -Werror=format-security -D_FORTIFY_SOURCE=2 -MT wslay_net.lo -MD -MP -MF .deps/wslay_net.Tpo -c -o wslay_net.lo wslay_net.c
libtool: compile:  gcc -DHAVE_CONFIG_H -I. -I.. -DHAVE_CONFIG_H -I./includes -I./includes -D_FORTIFY_SOURCE=2 -Wall -g -O2 -fstack-protector --param=ssp-buffer-size=4 -Wformat -Werror=format-security -D_FORTIFY_SOURCE=2 -MT wslay_net.lo -MD -MP -MF .deps/wslay_net.Tpo -c wslay_net.c -o wslay_net.o
mv -f .deps/wslay_net.Tpo .deps/wslay_net.Plo
/bin/bash ../libtool --tag=CC   --mode=link gcc -Wall -g -O2 -fstack-protector --param=ssp-buffer-size=4 -Wformat -Werror=format-security -D_FORTIFY_SOURCE=2 -no-undefined -version-info 0:0:0 -Wl,-z,relro -Wl,-z,defs,--as-needed -o libwslay.la   wslay_frame.lo wslay_event.lo wslay_queue.lo wslay_net.lo  
libtool: link: warning: `-version-info/-version-number' is ignored for convenience libraries
libtool: link: ar cru .libs/libwslay.a  wslay_frame.o wslay_event.o wslay_queue.o wslay_net.o
libtool: link: ranlib .libs/libwslay.a
libtool: link: ( cd ".libs" && rm -f "libwslay.la" && ln -s "../libwslay.la" "libwslay.la" )
make[7]: Leaving directory `/«PKGBUILDDIR»/deps/wslay/lib'
make[6]: Leaving directory `/«PKGBUILDDIR»/deps/wslay/lib'
Making all in tests
make[6]: Entering directory `/«PKGBUILDDIR»/deps/wslay/tests'
make[6]: Nothing to be done for `all'.
make[6]: Leaving directory `/«PKGBUILDDIR»/deps/wslay/tests'
make[6]: Entering directory `/«PKGBUILDDIR»/deps/wslay'
make[6]: Leaving directory `/«PKGBUILDDIR»/deps/wslay'
make[5]: Leaving directory `/«PKGBUILDDIR»/deps/wslay'
make[4]: Leaving directory `/«PKGBUILDDIR»/deps/wslay'
make[4]: Entering directory `/«PKGBUILDDIR»/deps'
make[4]: Nothing to be done for `all-am'.
make[4]: Leaving directory `/«PKGBUILDDIR»/deps'
make[3]: Leaving directory `/«PKGBUILDDIR»/deps'
Making all in src
make[3]: Entering directory `/«PKGBUILDDIR»/src'
g++ -DHAVE_CONFIG_H -I. -I..  -Wall -I../lib -I../intl -DLOCALEDIR=\"/usr/share/locale\" -DCA_BUNDLE=\"/etc/ssl/certs/ca-certificates.crt\" -DHAVE_CONFIG_H  -I../deps/wslay/lib/includes -I../deps/wslay/lib/includes    -I/usr/include/p11-kit-1       -D_FORTIFY_SOURCE=2  -g -O2 -fstack-protector --param=ssp-buffer-size=4 -Wformat -Werror=format-security -D_FORTIFY_SOURCE=2 -MT SocketCore.o -MD -MP -MF .deps/SocketCore.Tpo -c -o SocketCore.o SocketCore.cc
In file included from SocketCore.cc:35:
In file included from ./SocketCore.h:38:
In file included from ./common.h:78:
In file included from /usr/include/clang/3.2/include/stdint.h:31:
/usr/include/stdint.h:135:27: error: cannot combine with previous 'long long' declaration specifier
typedef unsigned long int       uintmax_t;
                                ^
../config.h:862:33: note: expanded from macro 'uintmax_t'
#define uintmax_t unsigned long long
                                ^
In file included from SocketCore.cc:35:
In file included from ./SocketCore.h:38:
In file included from ./common.h:88:
/usr/include/x86_64-linux-gnu/sys/types.h:70:18: error: cannot combine with previous 'type-name' declaration specifier
typedef __mode_t mode_t;
                 ^
../config.h:826:16: note: expanded from macro 'mode_t'
#define mode_t int
               ^
In file included from SocketCore.cc:35:
In file included from ./SocketCore.h:38:
In file included from ./common.h:88:
/usr/include/x86_64-linux-gnu/sys/types.h:86:17: error: cannot combine with previous 'type-name' declaration specifier
typedef __off_t off_t;
                ^
../config.h:829:20: note: expanded from macro 'off_t'
#define off_t long int
                   ^
In file included from SocketCore.cc:35:
In file included from ./SocketCore.h:38:
In file included from ./common.h:88:
/usr/include/x86_64-linux-gnu/sys/types.h:86:17: error: 'long type-name' is invalid
typedef __off_t off_t;
                ^
../config.h:829:15: note: expanded from macro 'off_t'
#define off_t long int
              ^
In file included from SocketCore.cc:35:
In file included from ./SocketCore.h:38:
In file included from ./common.h:88:
/usr/include/x86_64-linux-gnu/sys/types.h:98:17: error: cannot combine with previous 'type-name' declaration specifier
typedef __pid_t pid_t;
                ^
../config.h:832:15: note: expanded from macro 'pid_t'
#define pid_t int
              ^
In file included from SocketCore.cc:35:
In file included from ./SocketCore.h:38:
In file included from ./common.h:88:
/usr/include/x86_64-linux-gnu/sys/types.h:109:19: error: cannot combine with previous 'type-name' declaration specifier
typedef __ssize_t ssize_t;
                  ^
../config.h:842:17: note: expanded from macro 'ssize_t'
#define ssize_t int
                ^
In file included from SocketCore.cc:35:
In file included from ./SocketCore.h:38:
In file included from ./common.h:88:
In file included from /usr/include/x86_64-linux-gnu/sys/types.h:146:
/usr/include/clang/3.2/include/stddef.h:31:41: error: 'long typeof' is invalid
typedef __typeof__(((int*)0)-((int*)0)) ptrdiff_t;
                                        ^
../config.h:836:19: note: expanded from macro 'ptrdiff_t'
#define ptrdiff_t long
                  ^
In file included from SocketCore.cc:35:
In file included from ./SocketCore.h:38:
In file included from ./common.h:88:
In file included from /usr/include/x86_64-linux-gnu/sys/types.h:146:
/usr/include/clang/3.2/include/stddef.h:35:33: error: cannot combine with previous 'typeof' declaration specifier
typedef __typeof__(sizeof(int)) size_t;
                                ^
../config.h:839:25: note: expanded from macro 'size_t'
#define size_t unsigned int
                        ^
In file included from SocketCore.cc:35:
In file included from ./SocketCore.h:38:
In file included from ./common.h:88:
In file included from /usr/include/x86_64-linux-gnu/sys/types.h:146:
/usr/include/clang/3.2/include/stddef.h:35:33: error: 'typeof' cannot be signed or unsigned
typedef __typeof__(sizeof(int)) size_t;
                                ^
../config.h:839:16: note: expanded from macro 'size_t'
#define size_t unsigned int
               ^
In file included from SocketCore.cc:35:
In file included from ./SocketCore.h:40:
In file included from /usr/bin/../lib/gcc/x86_64-linux-gnu/4.7/../../../../include/c++/4.7/string:39:
/usr/bin/../lib/gcc/x86_64-linux-gnu/4.7/../../../../include/x86_64-linux-gnu/c++/4.7/bits/c++config.h:173:26: error: cannot combine with previous 'int' declaration specifier
  typedef __SIZE_TYPE__         size_t;
                                ^
../config.h:839:25: note: expanded from macro 'size_t'
#define size_t unsigned int
                        ^
In file included from SocketCore.cc:35:
In file included from ./SocketCore.h:40:
In file included from /usr/bin/../lib/gcc/x86_64-linux-gnu/4.7/../../../../include/c++/4.7/string:41:
In file included from /usr/bin/../lib/gcc/x86_64-linux-gnu/4.7/../../../../include/c++/4.7/bits/char_traits.h:41:
In file included from /usr/bin/../lib/gcc/x86_64-linux-gnu/4.7/../../../../include/c++/4.7/bits/postypes.h:41:
In file included from /usr/bin/../lib/gcc/x86_64-linux-gnu/4.7/../../../../include/c++/4.7/cwchar:45:
In file included from /usr/include/wchar.h:884:
/usr/include/x86_64-linux-gnu/bits/wchar2.h:38:1: error: unknown type name '__extern_always_inline'
__fortify_function wchar_t *
^
/usr/include/x86_64-linux-gnu/sys/cdefs.h:143:28: note: expanded from macro '__fortify_function'
#define __fortify_function __extern_always_inline __attribute_artificial__
                           ^
In file included from SocketCore.cc:35:
In file included from ./SocketCore.h:40:
In file included from /usr/bin/../lib/gcc/x86_64-linux-gnu/4.7/../../../../include/c++/4.7/string:41:
In file included from /usr/bin/../lib/gcc/x86_64-linux-gnu/4.7/../../../../include/c++/4.7/bits/char_traits.h:41:
In file included from /usr/bin/../lib/gcc/x86_64-linux-gnu/4.7/../../../../include/c++/4.7/bits/postypes.h:41:
In file included from /usr/bin/../lib/gcc/x86_64-linux-gnu/4.7/../../../../include/c++/4.7/cwchar:45:
In file included from /usr/include/wchar.h:884:
/usr/include/x86_64-linux-gnu/bits/wchar2.h:38:20: error: expected unqualified-id
__fortify_function wchar_t *
                   ^
/usr/include/x86_64-linux-gnu/bits/wchar2.h:67:1: error: unknown type name '__extern_always_inline'
__fortify_function wchar_t *
^
/usr/include/x86_64-linux-gnu/sys/cdefs.h:143:28: note: expanded from macro '__fortify_function'
#define __fortify_function __extern_always_inline __attribute_artificial__
                           ^
In file included from SocketCore.cc:35:
In file included from ./SocketCore.h:40:
In file included from /usr/bin/../lib/gcc/x86_64-linux-gnu/4.7/../../../../include/c++/4.7/string:41:
In file included from /usr/bin/../lib/gcc/x86_64-linux-gnu/4.7/../../../../include/c++/4.7/bits/char_traits.h:41:
In file included from /usr/bin/../lib/gcc/x86_64-linux-gnu/4.7/../../../../include/c++/4.7/bits/postypes.h:41:
In file included from /usr/bin/../lib/gcc/x86_64-linux-gnu/4.7/../../../../include/c++/4.7/cwchar:45:
In file included from /usr/include/wchar.h:884:
/usr/include/x86_64-linux-gnu/bits/wchar2.h:67:20: error: expected unqualified-id
__fortify_function wchar_t *
                   ^
/usr/include/x86_64-linux-gnu/bits/wchar2.h:99:1: error: unknown type name '__extern_always_inline'
__fortify_function wchar_t *
^
/usr/include/x86_64-linux-gnu/sys/cdefs.h:143:28: note: expanded from macro '__fortify_function'
#define __fortify_function __extern_always_inline __attribute_artificial__
                           ^
In file included from SocketCore.cc:35:
In file included from ./SocketCore.h:40:
In file included from /usr/bin/../lib/gcc/x86_64-linux-gnu/4.7/../../../../include/c++/4.7/string:41:
In file included from /usr/bin/../lib/gcc/x86_64-linux-gnu/4.7/../../../../include/c++/4.7/bits/char_traits.h:41:
In file included from /usr/bin/../lib/gcc/x86_64-linux-gnu/4.7/../../../../include/c++/4.7/bits/postypes.h:41:
In file included from /usr/bin/../lib/gcc/x86_64-linux-gnu/4.7/../../../../include/c++/4.7/cwchar:45:
In file included from /usr/include/wchar.h:884:
/usr/include/x86_64-linux-gnu/bits/wchar2.h:99:20: error: expected unqualified-id
__fortify_function wchar_t *
                   ^
/usr/include/x86_64-linux-gnu/bits/wchar2.h:128:1: error: unknown type name '__extern_always_inline'
__fortify_function wchar_t *
^
/usr/include/x86_64-linux-gnu/sys/cdefs.h:143:28: note: expanded from macro '__fortify_function'
#define __fortify_function __extern_always_inline __attribute_artificial__
                           ^
In file included from SocketCore.cc:35:
In file included from ./SocketCore.h:40:
In file included from /usr/bin/../lib/gcc/x86_64-linux-gnu/4.7/../../../../include/c++/4.7/string:41:
In file included from /usr/bin/../lib/gcc/x86_64-linux-gnu/4.7/../../../../include/c++/4.7/bits/char_traits.h:41:
In file included from /usr/bin/../lib/gcc/x86_64-linux-gnu/4.7/../../../../include/c++/4.7/bits/postypes.h:41:
In file included from /usr/bin/../lib/gcc/x86_64-linux-gnu/4.7/../../../../include/c++/4.7/cwchar:45:
In file included from /usr/include/wchar.h:884:
/usr/include/x86_64-linux-gnu/bits/wchar2.h:128:20: error: expected unqualified-id
__fortify_function wchar_t *
                   ^
/usr/include/x86_64-linux-gnu/bits/wchar2.h:151:1: error: unknown type name '__extern_always_inline'
__fortify_function wchar_t *
^
/usr/include/x86_64-linux-gnu/sys/cdefs.h:143:28: note: expanded from macro '__fortify_function'
#define __fortify_function __extern_always_inline __attribute_artificial__
                           ^
fatal error: too many errors emitted, stopping now [-ferror-limit=]
0  libLLVM-3.2.so.1 0x00002ba752beac3f
1  libLLVM-3.2.so.1 0x00002ba752beb0a9
2  libpthread.so.0  0x00002ba75356f310
3  clang            0x0000000000a34459 clang::Sema::DeclareGlobalAllocationFunction(clang::DeclarationName, clang::QualType, clang::QualType, bool) + 153
4  clang            0x0000000000a349ba clang::Sema::DeclareGlobalNewDelete() + 154
5  clang            0x0000000000a6c204 clang::LookupResult::configure() + 148
6  clang            0x0000000000a0b5e0 clang::Sema::ActOnIdExpression(clang::Scope*, clang::CXXScopeSpec&, clang::SourceLocation, clang::UnqualifiedId&, bool, bool, clang::CorrectionCandidateCallback*) + 528
7  clang            0x00000000008ac8db clang::Parser::ParseCXXIdExpression(bool) + 235
8  clang            0x000000000089432c clang::Parser::ParseCastExpression(bool, bool, bool&, clang::Parser::TypeCastState) + 188
9  clang            0x00000000008974ad clang::Parser::ParseCastExpression(bool, bool, clang::Parser::TypeCastState) + 29
10 clang            0x0000000000894721 clang::Parser::ParseCastExpression(bool, bool, bool&, clang::Parser::TypeCastState) + 1201
11 clang            0x00000000008974ad clang::Parser::ParseCastExpression(bool, bool, clang::Parser::TypeCastState) + 29
12 clang            0x00000000008985df clang::Parser::ParseAssignmentExpression(clang::Parser::TypeCastState) + 31
13 clang            0x0000000000899579 clang::Parser::ParseExpression(clang::Parser::TypeCastState) + 9
14 clang            0x00000000008a1743 clang::Parser::ParseCXXCasts() + 1939
15 clang            0x0000000000894c1e clang::Parser::ParseCastExpression(bool, bool, bool&, clang::Parser::TypeCastState) + 2478
16 clang            0x00000000008974ad clang::Parser::ParseCastExpression(bool, bool, clang::Parser::TypeCastState) + 29
17 clang            0x00000000008985df clang::Parser::ParseAssignmentExpression(clang::Parser::TypeCastState) + 31
18 clang            0x0000000000899579 clang::Parser::ParseExpression(clang::Parser::TypeCastState) + 9
19 clang            0x00000000008c158d clang::Parser::ParseReturnStatement() + 109
20 clang            0x00000000008c7f68 clang::Parser::ParseStatementOrDeclarationAfterAttributes(llvm::SmallVector<clang::Stmt*, 32u>&, bool, clang::SourceLocation*, clang::Parser::ParsedAttributesWithRange&) + 2216
21 clang            0x00000000008c84dd clang::Parser::ParseStatementOrDeclaration(llvm::SmallVector<clang::Stmt*, 32u>&, bool, clang::SourceLocation*) + 141
22 clang            0x00000000008c50b7 clang::Parser::ParseCompoundStatementBody(bool) + 1831
23 clang            0x00000000008ccfc2 clang::Parser::ParseFunctionStatementBody(clang::Decl*, clang::Parser::ParseScope&) + 130
24 clang            0x00000000008daf8a clang::Parser::ParseLexedMethodDef(clang::Parser::LexedMethod&) + 490
25 clang            0x00000000008dad20 clang::Parser::ParseLexedMethodDefs(clang::Parser::ParsingClass&) + 128
26 clang            0x000000000088fc64 clang::Parser::ParseCXXMemberSpecification(clang::SourceLocation, unsigned int, clang::Decl*) + 1108
27 clang            0x00000000008912a7 clang::Parser::ParseClassSpecifier(clang::tok::TokenKind, clang::SourceLocation, clang::DeclSpec&, clang::Parser::ParsedTemplateInfo const&, clang::AccessSpecifier, bool, clang::Parser::DeclSpecContext) + 3079
28 clang            0x0000000000878330 clang::Parser::ParseDeclarationSpecifiers(clang::DeclSpec&, clang::Parser::ParsedTemplateInfo const&, clang::AccessSpecifier, clang::Parser::DeclSpecContext, clang::Parser::LateParsedAttrList*) + 1968
29 clang            0x00000000008d2106 clang::Parser::ParseSingleDeclarationAfterTemplate(unsigned int, clang::Parser::ParsedTemplateInfo const&, clang::ParsingDeclRAIIObject&, clang::SourceLocation&, clang::AccessSpecifier, clang::AttributeList*) + 918
30 clang            0x00000000008d3368 clang::Parser::ParseTemplateDeclarationOrSpecialization(unsigned int, clang::SourceLocation&, clang::AccessSpecifier, clang::AttributeList*) + 680
31 clang            0x00000000008d380d clang::Parser::ParseDeclarationStartingWithTemplate(unsigned int, clang::SourceLocation&, clang::AccessSpecifier, clang::AttributeList*) + 141
32 clang            0x0000000000884146 clang::Parser::ParseDeclaration(llvm::SmallVector<clang::Stmt*, 32u>&, unsigned int, clang::SourceLocation&, clang::Parser::ParsedAttributesWithRange&) + 598
33 clang            0x000000000086e6d3 clang::Parser::ParseExternalDeclaration(clang::Parser::ParsedAttributesWithRange&, clang::ParsingDeclSpec*) + 1203
34 clang            0x000000000088b42a clang::Parser::ParseInnerNamespace(std::vector<clang::SourceLocation, std::allocator<clang::SourceLocation> >&, std::vector<clang::IdentifierInfo*, std::allocator<clang::IdentifierInfo*> >&, std::vector<clang::SourceLocation, std::allocator<clang::SourceLocation> >&, unsigned int, clang::SourceLocation&, clang::ParsedAttributes&, clang::BalancedDelimiterTracker&) + 378
35 clang            0x000000000088ed76 clang::Parser::ParseNamespace(unsigned int, clang::SourceLocation&, clang::SourceLocation) + 1686
36 clang            0x0000000000884170 clang::Parser::ParseDeclaration(llvm::SmallVector<clang::Stmt*, 32u>&, unsigned int, clang::SourceLocation&, clang::Parser::ParsedAttributesWithRange&) + 640
37 clang            0x000000000086e6d3 clang::Parser::ParseExternalDeclaration(clang::Parser::ParsedAttributesWithRange&, clang::ParsingDeclSpec*) + 1203
38 clang            0x000000000086ef0f clang::Parser::ParseTopLevelDecl(clang::OpaquePtr<clang::DeclGroupRef>&) + 191
39 clang            0x00000000008675ae clang::ParseAST(clang::Sema&, bool, bool) + 270
40 clang            0x00000000006073f1 clang::FrontendAction::Execute() + 97
41 clang            0x00000000005eeb2a clang::CompilerInstance::ExecuteAction(clang::FrontendAction&) + 282
42 clang            0x00000000005d8702 clang::ExecuteCompilerInvocation(clang::CompilerInstance*) + 1378
43 clang            0x00000000005d3828 cc1_main(char const**, char const**, char const*, void*) + 1128
44 clang            0x00000000005d26ff main + 7247
45 libc.so.6        0x00002ba7543c96ad __libc_start_main + 237
46 clang            0x00000000005d3229
Stack dump:
0.	Program arguments: /usr/bin/clang -cc1 -triple x86_64-pc-linux-gnu -emit-obj -disable-free -disable-llvm-verifier -main-file-name SocketCore.cc -mrelocation-model static -fmath-errno -masm-verbose -mconstructor-aliases -munwind-tables -fuse-init-array -target-cpu x86-64 -target-linker-version 2.22 -momit-leaf-frame-pointer -g -coverage-file /«PKGBUILDDIR»/src/SocketCore.o -resource-dir /usr/bin/../lib/clang/3.2 -dependency-file .deps/SocketCore.Tpo -sys-header-deps -MP -MT SocketCore.o -D HAVE_CONFIG_H -D LOCALEDIR="/usr/share/locale" -D CA_BUNDLE="/etc/ssl/certs/ca-certificates.crt" -D HAVE_CONFIG_H -D _FORTIFY_SOURCE=2 -D _FORTIFY_SOURCE=2 -I . -I .. -I ../lib -I ../intl -I ../deps/wslay/lib/includes -I ../deps/wslay/lib/includes -I /usr/include/p11-kit-1 -fmodule-cache-path /var/tmp/clang-module-cache -internal-isystem /usr/bin/../lib/gcc/x86_64-linux-gnu/4.7/../../../../include/c++/4.7 -internal-isystem /usr/bin/../lib/gcc/x86_64-linux-gnu/4.7/../../../../include/c++/4.7/x86_64-linux-gnu -internal-isystem /usr/bin/../lib/gcc/x86_64-linux-gnu/4.7/../../../../include/c++/4.7/backward -internal-isystem /usr/bin/../lib/gcc/x86_64-linux-gnu/4.7/../../../../include/x86_64-linux-gnu/c++/4.7 -internal-isystem /usr/bin/../lib/gcc/x86_64-linux-gnu/4.7/../../../../include/x86_64-linux-gnu/c++/4.7/x86_64-linux-gnu -internal-isystem /usr/bin/../lib/gcc/x86_64-linux-gnu/4.7/../../../../include/x86_64-linux-gnu/c++/4.7/backward -internal-isystem /usr/bin/../lib/gcc/x86_64-linux-gnu/4.7/../../../../include/x86_64-linux-gnu/c++/4.7 -internal-isystem /usr/bin/../lib/gcc/x86_64-linux-gnu/4.7/../../../../include/x86_64-linux-gnu/c++/4.7/x86_64-linux-gnu -internal-isystem /usr/bin/../lib/gcc/x86_64-linux-gnu/4.7/../../../../include/x86_64-linux-gnu/c++/4.7/backward -internal-isystem /usr/bin/../lib/gcc/x86_64-linux-gnu/4.7/../../../../include/c++ -internal-isystem /usr/bin/../lib/gcc/x86_64-linux-gnu/4.7/../../../../include/c++/x86_64-linux-gnu -internal-isystem /usr/bin/../lib/gcc/x86_64-linux-gnu/4.7/../../../../include/c++/backward -internal-isystem /usr/local/include -internal-isystem /usr/bin/../lib/clang/3.2/include -internal-isystem /usr/include/clang/3.2/include/ -internal-externc-isystem /usr/include/x86_64-linux-gnu -internal-externc-isystem /usr/include/x86_64-linux-gnu -internal-externc-isystem /usr/include -O2 -Wall -Wformat -Werror=format-security -fdeprecated-macro -fdebug-compilation-dir /«PKGBUILDDIR»/src -ferror-limit 19 -fmessage-length 0 -stack-protector 1 -stack-protector-buffer-size 4 -mstackrealign -fobjc-runtime=gcc -fcxx-exceptions -fexceptions -fdiagnostics-show-option -o SocketCore.o -x c++ SocketCore.cc 
1.	/usr/bin/../lib/gcc/x86_64-linux-gnu/4.7/../../../../include/c++/4.7/ext/new_allocator.h:94:41: current parser token '('
2.	/usr/bin/../lib/gcc/x86_64-linux-gnu/4.7/../../../../include/c++/4.7/ext/new_allocator.h:38:1: parsing namespace '__gnu_cxx'
3.	/usr/bin/../lib/gcc/x86_64-linux-gnu/4.7/../../../../include/c++/4.7/ext/new_allocator.h:54:5: parsing struct/union/class body 'new_allocator'
4.	/usr/bin/../lib/gcc/x86_64-linux-gnu/4.7/../../../../include/c++/4.7/ext/new_allocator.h:90:7: parsing function body 'allocate'
5.	/usr/bin/../lib/gcc/x86_64-linux-gnu/4.7/../../../../include/c++/4.7/ext/new_allocator.h:90:7: in compound statement ('{}')
clang: error: unable to execute command: Segmentation fault
clang: error: clang frontend command failed due to signal (use -v to see invocation)
Debian clang version 3.2-1~exp5 (tags/RELEASE_32/final) (based on LLVM 3.2)
Target: x86_64-pc-linux-gnu
Thread model: posix
clang: note: diagnostic msg: PLEASE submit a bug report to http://llvm.org/bugs/ and include the crash backtrace, preprocessed source, and associated run script.
clang: note: diagnostic msg: 
********************

PLEASE ATTACH THE FOLLOWING FILES TO THE BUG REPORT:
Preprocessed source(s) and associated run script(s) are located at:
clang: note: diagnostic msg: /tmp/SocketCore-jaJuvk.cpp
clang: note: diagnostic msg: /tmp/SocketCore-jaJuvk.sh
clang: note: diagnostic msg: 

********************
make[3]: *** [SocketCore.o] Error 254
make[3]: Leaving directory `/«PKGBUILDDIR»/src'
make[2]: *** [all-recursive] Error 1
make[2]: Leaving directory `/«PKGBUILDDIR»'
make[1]: *** [all] Error 2
make[1]: Leaving directory `/«PKGBUILDDIR»'
make: *** [build-stamp] Error 2
dpkg-buildpackage: error: debian/rules build-arch gave error exit status 2
────────────────────────────────────────────────────────────────────────────────
Build finished at 20130128-0427

Finished
────────

E: Build failure (dpkg-buildpackage died)

┌──────────────────────────────────────────────────────────────────────────────┐
│ Cleanup                                                                      │
└──────────────────────────────────────────────────────────────────────────────┘

Purging /«BUILDDIR»
Not cleaning session: cloned chroot in use

┌──────────────────────────────────────────────────────────────────────────────┐
│ Summary                                                                      │
└──────────────────────────────────────────────────────────────────────────────┘

Architecture: amd64
Build-Space: 24988
Build-Time: 45
Distribution: unstable
Fail-Stage: build
Install-Time: 8
Job: aria2_1.16.1-1
Package: aria2
Package-Time: 82
Source-Version: 1.16.1-1
Space: 24988
Status: attempted
Version: 1.16.1-1
────────────────────────────────────────────────────────────────────────────────
Finished at 20130128-0427
Build needed 00:01:22, 24988k disc space
DC-Status: Failed 82.055095s
DC-Time-Estimation: 82.055095 versus expected 501 (r/m: 5.10565376836137 ; m: 82.055095)
