DC-Build-Header: charybdis 3.3.0-7.1 / Mon Jan 28 05:06:51 +0000 2013
DC-Task: logfile:/tmp/charybdis_3.3.0-7.1_unstable_clang.log version:3.3.0-7.1 chroot:unstable modes:binary-only:clang source:charybdis architecture:any esttime:104
DC-Sbuild-call: su user -c 'sbuild -n --apt-update -d unstable -v  --chroot-setup-commands=/tmp/switch-to-clang charybdis_3.3.0-7.1'
Could not create '/sbuild-nonexistent/logs': No such file or directory
Could not create '/sbuild-nonexistent/logs': No such file or directory
sbuild (Debian sbuild) 0.62.5 (13 Jul 2011) on ip-10-30-144-176.ec2.internal

╔══════════════════════════════════════════════════════════════════════════════╗
║ charybdis 3.3.0-7.1 (amd64)                                28 Jan 2013 05:06 ║
╚══════════════════════════════════════════════════════════════════════════════╝

Package: charybdis
Version: 3.3.0-7.1
Source Version: 3.3.0-7.1
Distribution: unstable
Architecture: amd64

I: NOTICE: Log filtering will replace 'build/charybdis-vzKPav/charybdis-3.3.0' with '«PKGBUILDDIR»'
I: NOTICE: Log filtering will replace 'build/charybdis-vzKPav' with '«BUILDDIR»'
I: NOTICE: Log filtering will replace 'var/lib/schroot/mount/unstable-amd64-sbuild-14815799-b5ca-4294-81df-2aacf728d819' with '«CHROOT»'

┌──────────────────────────────────────────────────────────────────────────────┐
│ Update chroot                                                                │
└──────────────────────────────────────────────────────────────────────────────┘

Ign http://localhost unstable InRelease
Get:1 http://localhost unstable Release.gpg [836 B]
Get:2 http://localhost unstable Release [227 kB]
Ign http://localhost unstable/main Sources/DiffIndex
Ign http://localhost unstable/main amd64 Packages/DiffIndex
Get:3 http://localhost unstable/main Translation-en/DiffIndex [7876 B]
Get:4 http://localhost unstable/main 2013-01-27-2011.16.pdiff [737 B]
Get:5 http://localhost unstable/main 2013-01-27-2011.16.pdiff [737 B]
Get:6 http://localhost unstable/main Sources [8236 kB]
Get:7 http://localhost unstable/main amd64 Packages [8284 kB]
Get:8 http://localhost unstable/main 2013-01-28-0212.01.pdiff [43 B]
Get:9 http://localhost unstable/main 2013-01-28-0212.01.pdiff [43 B]
Fetched 16.8 MB in 3s (4940 kB/s)
Reading package lists...
Reading package lists...
Building dependency tree...
Reading state information...
0 upgraded, 0 newly installed, 0 to remove and 0 not upgraded.

┌──────────────────────────────────────────────────────────────────────────────┐
│ Fetch source files                                                           │
└──────────────────────────────────────────────────────────────────────────────┘


Check APT
─────────

Checking available source versions...

Download source files with APT
──────────────────────────────

Reading package lists...
Building dependency tree...
Reading state information...
NOTICE: 'charybdis' packaging is maintained in the 'Git' version control system at:
git://git.debian.org/collab-maint/charybdis.git
Need to get 1903 kB of source archives.
Get:1 http://localhost/debian/ unstable/main charybdis 3.3.0-7.1 (dsc) [1974 B]
Get:2 http://localhost/debian/ unstable/main charybdis 3.3.0-7.1 (tar) [1881 kB]
Get:3 http://localhost/debian/ unstable/main charybdis 3.3.0-7.1 (diff) [19.3 kB]
Fetched 1903 kB in 0s (6134 kB/s)
Download complete and in download only mode

Check arch
──────────


┌──────────────────────────────────────────────────────────────────────────────┐
│ Chroot Setup Commands                                                        │
└──────────────────────────────────────────────────────────────────────────────┘


/tmp/switch-to-clang
────────────────────

+ echo 'Entering customization script...'
Entering customization script...
+ echo 'Add experimental as repository'
Add experimental as repository
+ echo deb http://localhost:9999/debian experimental main
+ apt-get update
Ign http://localhost unstable InRelease
Ign http://localhost experimental InRelease
Hit http://localhost unstable Release.gpg
Get:1 http://localhost experimental Release.gpg [836 B]
Hit http://localhost unstable Release
Get:2 http://localhost experimental Release [161 kB]
Ign http://localhost unstable/main Sources/DiffIndex
Ign http://localhost unstable/main amd64 Packages/DiffIndex
Hit http://localhost unstable/main Translation-en/DiffIndex
Get:3 http://localhost experimental/main Translation-en [704 kB]
Get:4 http://localhost experimental/main amd64 Packages [1605 kB]
Hit http://localhost unstable/main Sources
Hit http://localhost unstable/main amd64 Packages
Fetched 2471 kB in 1s (1398 kB/s)
Reading package lists...
+ echo 'Install of clang'
Install of clang
+ apt-get update
Ign http://localhost unstable InRelease
Ign http://localhost experimental InRelease
Hit http://localhost unstable Release.gpg
Hit http://localhost experimental Release.gpg
Hit http://localhost unstable Release
Hit http://localhost experimental Release
Ign http://localhost unstable/main Sources/DiffIndex
Ign http://localhost unstable/main amd64 Packages/DiffIndex
Hit http://localhost unstable/main Translation-en/DiffIndex
Ign http://localhost experimental/main amd64 Packages/DiffIndex
Get:1 http://localhost experimental/main Translation-en/DiffIndex [7819 B]
Hit http://localhost unstable/main Sources
Hit http://localhost unstable/main amd64 Packages
Hit http://localhost experimental/main amd64 Packages
Fetched 7819 B in 1s (3921 B/s)
Reading package lists...
+ apt-get install --yes --no-install-recommends clang -t experimental
Reading package lists...
Building dependency tree...
Reading state information...
The following extra packages will be installed:
  clang-3.2 compiler-rt cpp-4.7 g++-4.7 gcc-4.7 gcc-4.7-base gcc-4.8-base
  libc-dev-bin libc6 libc6-dev libclang-common-dev libexpat1 libffi5
  libgcc-4.7-dev libgcc1 libgomp1 libitm1 libllvm3.2 libncurses5 libncursesw5
  libobjc-4.7-dev libobjc4 libpython2.7-minimal libpython2.7-stdlib
  libquadmath0 libsqlite3-0 libssl1.0.0 libstdc++6 libstdc++6-4.7-dev
  libtinfo5 mime-support python python-minimal python2.7 python2.7-minimal
Suggested packages:
  gcc-4.7-locales g++-4.7-multilib gcc-4.7-doc libstdc++6-4.7-dbg
  gcc-4.7-multilib libmudflap0-4.7-dev libgcc1-dbg libgomp1-dbg libitm1-dbg
  libquadmath0-dbg libmudflap0-dbg libcloog-ppl0 libppl-c2 libppl7
  binutils-gold glibc-doc libstdc++6-4.7-doc python-doc python-tk
  python2.7-doc binfmt-support
Recommended packages:
  llvm-3.2-dev manpages-dev file
The following NEW packages will be installed:
  clang clang-3.2 compiler-rt gcc-4.8-base libclang-common-dev libexpat1
  libffi5 libgcc-4.7-dev libllvm3.2 libncursesw5 libobjc-4.7-dev libobjc4
  libpython2.7-minimal libpython2.7-stdlib libsqlite3-0 libssl1.0.0
  mime-support python python-minimal python2.7 python2.7-minimal
The following packages will be upgraded:
  cpp-4.7 g++-4.7 gcc-4.7 gcc-4.7-base libc-dev-bin libc6 libc6-dev libgcc1
  libgomp1 libitm1 libncurses5 libquadmath0 libstdc++6 libstdc++6-4.7-dev
  libtinfo5
15 upgraded, 21 newly installed, 0 to remove and 24 not upgraded.
Need to get 56.7 MB of archives.
After this operation, 72.6 MB of additional disk space will be used.
Get:1 http://localhost/debian/ experimental/main gcc-4.8-base amd64 4.8-20130127-1 [147 kB]
Get:2 http://localhost/debian/ experimental/main libc6-dev amd64 2.16-0experimental1 [3086 kB]
Get:3 http://localhost/debian/ experimental/main libc-dev-bin amd64 2.16-0experimental1 [226 kB]
Get:4 http://localhost/debian/ experimental/main libc6 amd64 2.16-0experimental1 [4729 kB]
Get:5 http://localhost/debian/ experimental/main libgcc1 amd64 1:4.8-20130127-1 [43.7 kB]
Get:6 http://localhost/debian/ experimental/main libstdc++6 amd64 4.8-20130127-1 [335 kB]
Get:7 http://localhost/debian/ experimental/main libtinfo5 amd64 5.9+20130119-1 [294 kB]
Get:8 http://localhost/debian/ experimental/main libncurses5 amd64 5.9+20130119-1 [115 kB]
Get:9 http://localhost/debian/ experimental/main libncursesw5 amd64 5.9+20130119-1 [142 kB]
Get:10 http://localhost/debian/ unstable/main libssl1.0.0 amd64 1.0.1c-4 [1213 kB]
Get:11 http://localhost/debian/ unstable/main libsqlite3-0 amd64 3.7.15.2-1 [463 kB]
Get:12 http://localhost/debian/ experimental/main libexpat1 amd64 2.1.0-2 [138 kB]
Get:13 http://localhost/debian/ unstable/main libffi5 amd64 3.0.10-3 [24.8 kB]
Get:14 http://localhost/debian/ experimental/main libgomp1 amd64 4.8-20130127-1 [27.4 kB]
Get:15 http://localhost/debian/ experimental/main libitm1 amd64 4.8-20130127-1 [37.7 kB]
Get:16 http://localhost/debian/ unstable/main libllvm3.2 amd64 3.2-2 [7865 kB]
Get:17 http://localhost/debian/ experimental/main libobjc4 amd64 4.8-20130127-1 [163 kB]
Get:18 http://localhost/debian/ experimental/main libquadmath0 amd64 4.8-20130127-1 [139 kB]
Get:19 http://localhost/debian/ experimental/main libstdc++6-4.7-dev amd64 4.7.2-19 [1678 kB]
Get:20 http://localhost/debian/ experimental/main g++-4.7 amd64 4.7.2-19 [5877 kB]
Get:21 http://localhost/debian/ experimental/main gcc-4.7 amd64 4.7.2-19 [5831 kB]
Get:22 http://localhost/debian/ experimental/main cpp-4.7 amd64 4.7.2-19 [5416 kB]
Get:23 http://localhost/debian/ experimental/main libgcc-4.7-dev amd64 4.7.2-19 [2465 kB]
Get:24 http://localhost/debian/ experimental/main gcc-4.7-base amd64 4.7.2-19 [148 kB]
Get:25 http://localhost/debian/ experimental/main mime-support all 3.53~experimental2 [36.5 kB]
Get:26 http://localhost/debian/ experimental/main libpython2.7-minimal amd64 2.7.3-15 [531 kB]
Get:27 http://localhost/debian/ experimental/main python2.7-minimal amd64 2.7.3-15 [1220 kB]
Get:28 http://localhost/debian/ experimental/main libpython2.7-stdlib amd64 2.7.3-15 [2367 kB]
Get:29 http://localhost/debian/ experimental/main python2.7 amd64 2.7.3-15 [326 kB]
Get:30 http://localhost/debian/ experimental/main python-minimal amd64 2.7.3-10 [41.8 kB]
Get:31 http://localhost/debian/ experimental/main python amd64 2.7.3-10 [184 kB]
Get:32 http://localhost/debian/ experimental/main libobjc-4.7-dev amd64 4.7.2-19 [717 kB]
Get:33 http://localhost/debian/ experimental/main libclang-common-dev amd64 3.2-1~exp5 [303 kB]
Get:34 http://localhost/debian/ experimental/main compiler-rt amd64 3.2-1~exp5 [315 kB]
Get:35 http://localhost/debian/ experimental/main clang-3.2 amd64 3.2-1~exp5 [10.1 MB]
Get:36 http://localhost/debian/ experimental/main clang all 3.2-1~exp5 [9506 B]
debconf: delaying package configuration, since apt-utils is not installed
Fetched 56.7 MB in 1s (39.9 MB/s)
Selecting previously unselected package gcc-4.8-base:amd64.
(Reading database ... 13484 files and directories currently installed.)
Unpacking gcc-4.8-base:amd64 (from .../gcc-4.8-base_4.8-20130127-1_amd64.deb) ...
Setting up gcc-4.8-base:amd64 (4.8-20130127-1) ...
(Reading database ... 13491 files and directories currently installed.)
Preparing to replace libc6-dev:amd64 2.13-38 (using .../libc6-dev_2.16-0experimental1_amd64.deb) ...
Unpacking replacement libc6-dev:amd64 ...
Preparing to replace libc-dev-bin 2.13-38 (using .../libc-dev-bin_2.16-0experimental1_amd64.deb) ...
Unpacking replacement libc-dev-bin ...
Preparing to replace libc6:amd64 2.13-38 (using .../libc6_2.16-0experimental1_amd64.deb) ...
debconf: unable to initialize frontend: Dialog
debconf: (Dialog frontend will not work on a dumb terminal, an emacs shell buffer, or without a controlling terminal.)
debconf: falling back to frontend: Readline
debconf: unable to initialize frontend: Readline
debconf: (This frontend requires a controlling tty.)
debconf: falling back to frontend: Teletype
Checking for services that may need to be restarted...
Checking init scripts...
Unpacking replacement libc6:amd64 ...
Setting up libc6:amd64 (2.16-0experimental1) ...
debconf: unable to initialize frontend: Dialog
debconf: (Dialog frontend will not work on a dumb terminal, an emacs shell buffer, or without a controlling terminal.)
debconf: falling back to frontend: Readline
debconf: unable to initialize frontend: Readline
debconf: (This frontend requires a controlling tty.)
debconf: falling back to frontend: Teletype
Checking for services that may need to be restarted...
Checking init scripts...
Nothing to restart.
(Reading database ... 13509 files and directories currently installed.)
Preparing to replace libgcc1:amd64 1:4.7.2-5 (using .../libgcc1_1%3a4.8-20130127-1_amd64.deb) ...
Unpacking replacement libgcc1:amd64 ...
Setting up libgcc1:amd64 (1:4.8-20130127-1) ...
(Reading database ... 13509 files and directories currently installed.)
Preparing to replace libstdc++6:amd64 4.7.2-5 (using .../libstdc++6_4.8-20130127-1_amd64.deb) ...
Unpacking replacement libstdc++6:amd64 ...
Setting up libstdc++6:amd64 (4.8-20130127-1) ...
(Reading database ... 13509 files and directories currently installed.)
Preparing to replace libtinfo5:amd64 5.9-10 (using .../libtinfo5_5.9+20130119-1_amd64.deb) ...
Unpacking replacement libtinfo5:amd64 ...
Setting up libtinfo5:amd64 (5.9+20130119-1) ...
(Reading database ... 13509 files and directories currently installed.)
Preparing to replace libncurses5:amd64 5.9-10 (using .../libncurses5_5.9+20130119-1_amd64.deb) ...
Unpacking replacement libncurses5:amd64 ...
Setting up libncurses5:amd64 (5.9+20130119-1) ...
Selecting previously unselected package libncursesw5:amd64.
(Reading database ... 13509 files and directories currently installed.)
Unpacking libncursesw5:amd64 (from .../libncursesw5_5.9+20130119-1_amd64.deb) ...
Selecting previously unselected package libssl1.0.0:amd64.
Unpacking libssl1.0.0:amd64 (from .../libssl1.0.0_1.0.1c-4_amd64.deb) ...
Selecting previously unselected package libsqlite3-0:amd64.
Unpacking libsqlite3-0:amd64 (from .../libsqlite3-0_3.7.15.2-1_amd64.deb) ...
Selecting previously unselected package libexpat1:amd64.
Unpacking libexpat1:amd64 (from .../libexpat1_2.1.0-2_amd64.deb) ...
Selecting previously unselected package libffi5:amd64.
Unpacking libffi5:amd64 (from .../libffi5_3.0.10-3_amd64.deb) ...
Preparing to replace libgomp1:amd64 4.7.2-5 (using .../libgomp1_4.8-20130127-1_amd64.deb) ...
Unpacking replacement libgomp1:amd64 ...
Preparing to replace libitm1:amd64 4.7.2-5 (using .../libitm1_4.8-20130127-1_amd64.deb) ...
Unpacking replacement libitm1:amd64 ...
Selecting previously unselected package libllvm3.2:amd64.
Unpacking libllvm3.2:amd64 (from .../libllvm3.2_3.2-2_amd64.deb) ...
Selecting previously unselected package libobjc4:amd64.
Unpacking libobjc4:amd64 (from .../libobjc4_4.8-20130127-1_amd64.deb) ...
Preparing to replace libquadmath0:amd64 4.7.2-5 (using .../libquadmath0_4.8-20130127-1_amd64.deb) ...
Unpacking replacement libquadmath0:amd64 ...
Preparing to replace libstdc++6-4.7-dev 4.7.2-5 (using .../libstdc++6-4.7-dev_4.7.2-19_amd64.deb) ...
Unpacking replacement libstdc++6-4.7-dev:amd64 ...
Preparing to replace g++-4.7 4.7.2-5 (using .../g++-4.7_4.7.2-19_amd64.deb) ...
Unpacking replacement g++-4.7 ...
Preparing to replace gcc-4.7 4.7.2-5 (using .../gcc-4.7_4.7.2-19_amd64.deb) ...
Unpacking replacement gcc-4.7 ...
Preparing to replace cpp-4.7 4.7.2-5 (using .../cpp-4.7_4.7.2-19_amd64.deb) ...
Unpacking replacement cpp-4.7 ...
Selecting previously unselected package libgcc-4.7-dev:amd64.
Unpacking libgcc-4.7-dev:amd64 (from .../libgcc-4.7-dev_4.7.2-19_amd64.deb) ...
Preparing to replace gcc-4.7-base:amd64 4.7.2-5 (using .../gcc-4.7-base_4.7.2-19_amd64.deb) ...
Unpacking replacement gcc-4.7-base:amd64 ...
Selecting previously unselected package mime-support.
Unpacking mime-support (from .../mime-support_3.53~experimental2_all.deb) ...
Selecting previously unselected package libpython2.7-minimal:amd64.
Unpacking libpython2.7-minimal:amd64 (from .../libpython2.7-minimal_2.7.3-15_amd64.deb) ...
Selecting previously unselected package python2.7-minimal.
Unpacking python2.7-minimal (from .../python2.7-minimal_2.7.3-15_amd64.deb) ...
Selecting previously unselected package libpython2.7-stdlib:amd64.
Unpacking libpython2.7-stdlib:amd64 (from .../libpython2.7-stdlib_2.7.3-15_amd64.deb) ...
Selecting previously unselected package python2.7.
Unpacking python2.7 (from .../python2.7_2.7.3-15_amd64.deb) ...
Selecting previously unselected package python-minimal.
Unpacking python-minimal (from .../python-minimal_2.7.3-10_amd64.deb) ...
Selecting previously unselected package python.
Unpacking python (from .../python_2.7.3-10_amd64.deb) ...
Selecting previously unselected package libobjc-4.7-dev:amd64.
Unpacking libobjc-4.7-dev:amd64 (from .../libobjc-4.7-dev_4.7.2-19_amd64.deb) ...
Selecting previously unselected package libclang-common-dev.
Unpacking libclang-common-dev (from .../libclang-common-dev_3.2-1~exp5_amd64.deb) ...
Selecting previously unselected package compiler-rt.
Unpacking compiler-rt (from .../compiler-rt_3.2-1~exp5_amd64.deb) ...
Selecting previously unselected package clang-3.2.
Unpacking clang-3.2 (from .../clang-3.2_3.2-1~exp5_amd64.deb) ...
Selecting previously unselected package clang.
Unpacking clang (from .../clang_3.2-1~exp5_all.deb) ...
Setting up libc-dev-bin (2.16-0experimental1) ...
Setting up libc6-dev:amd64 (2.16-0experimental1) ...
Setting up libncursesw5:amd64 (5.9+20130119-1) ...
Setting up libssl1.0.0:amd64 (1.0.1c-4) ...
debconf: unable to initialize frontend: Dialog
debconf: (Dialog frontend will not work on a dumb terminal, an emacs shell buffer, or without a controlling terminal.)
debconf: falling back to frontend: Readline
debconf: unable to initialize frontend: Readline
debconf: (This frontend requires a controlling tty.)
debconf: falling back to frontend: Teletype
Setting up libsqlite3-0:amd64 (3.7.15.2-1) ...
Setting up libexpat1:amd64 (2.1.0-2) ...
Setting up libffi5:amd64 (3.0.10-3) ...
Setting up libgomp1:amd64 (4.8-20130127-1) ...
Setting up libitm1:amd64 (4.8-20130127-1) ...
Setting up libllvm3.2:amd64 (3.2-2) ...
Setting up libobjc4:amd64 (4.8-20130127-1) ...
Setting up libquadmath0:amd64 (4.8-20130127-1) ...
Setting up gcc-4.7-base:amd64 (4.7.2-19) ...
Setting up libgcc-4.7-dev:amd64 (4.7.2-19) ...
Setting up libstdc++6-4.7-dev:amd64 (4.7.2-19) ...
Setting up cpp-4.7 (4.7.2-19) ...
Setting up gcc-4.7 (4.7.2-19) ...
Setting up g++-4.7 (4.7.2-19) ...
Setting up mime-support (3.53~experimental2) ...
Setting up libpython2.7-minimal:amd64 (2.7.3-15) ...
Setting up python2.7-minimal (2.7.3-15) ...
Linking and byte-compiling packages for runtime python2.7...
Setting up libpython2.7-stdlib:amd64 (2.7.3-15) ...
Setting up python2.7 (2.7.3-15) ...
Setting up python-minimal (2.7.3-10) ...
Setting up python (2.7.3-10) ...
Setting up libobjc-4.7-dev:amd64 (4.7.2-19) ...
Setting up libclang-common-dev (3.2-1~exp5) ...
Setting up compiler-rt (3.2-1~exp5) ...
Setting up clang-3.2 (3.2-1~exp5) ...
Setting up clang (3.2-1~exp5) ...
+ echo 'Replace gcc, g++ & cpp by clang'
Replace gcc, g++ & cpp by clang
+ VERSIONS='4.6 4.7'
+ cd /usr/bin
+ for VERSION in '$VERSIONS'
+ rm g++-4.6 gcc-4.6 cpp-4.6
+ ln -s clang++ g++-4.6
+ ln -s clang gcc-4.6
+ ln -s clang cpp-4.6
+ for VERSION in '$VERSIONS'
+ rm g++-4.7 gcc-4.7 cpp-4.7
+ ln -s clang++ g++-4.7
+ ln -s clang gcc-4.7
+ ln -s clang cpp-4.7
+ cd -
/«BUILDDIR»
+ echo 'Block the installation of new gcc version'
Block the installation of new gcc version
+ echo 'gcc-4.6 hold'
+ dpkg --set-selections
+ echo 'cpp-4.6 hold'
+ dpkg --set-selections
+ echo 'g++-4.6 hold'
+ dpkg --set-selections
+ echo 'gcc-4.7 hold'
+ dpkg --set-selections
+ echo 'cpp-4.7 hold'
+ dpkg --set-selections
+ echo 'g++-4.7 hold'
+ dpkg --set-selections
+ echo 'Check if gcc, g++ & cpp are actually clang'
Check if gcc, g++ & cpp are actually clang
+ gcc --version
+ grep clang
+ cpp --version
+ grep clang
+ g++ --version
+ grep clang

I: Finished running '/tmp/switch-to-clang'.

Finished processing commands.
────────────────────────────────────────────────────────────────────────────────
Merged Build-Depends: build-essential, fakeroot
Filtered Build-Depends: build-essential, fakeroot
dpkg-deb: building package `sbuild-build-depends-core-dummy' in `/«BUILDDIR»/resolver-khTjJ5/apt_archive/sbuild-build-depends-core-dummy.deb'.
OK
Reading package lists...

┌──────────────────────────────────────────────────────────────────────────────┐
│ Install core build dependencies (apt-based resolver)                         │
└──────────────────────────────────────────────────────────────────────────────┘

Installing build dependencies
Reading package lists...
Building dependency tree...
Reading state information...
The following NEW packages will be installed:
  sbuild-build-depends-core-dummy
debconf: delaying package configuration, since apt-utils is not installed
0 upgraded, 1 newly installed, 0 to remove and 0 not upgraded.
Need to get 0 B/710 B of archives.
After this operation, 0 B of additional disk space will be used.
Selecting previously unselected package sbuild-build-depends-core-dummy.
(Reading database ... 14674 files and directories currently installed.)
Unpacking sbuild-build-depends-core-dummy (from .../sbuild-build-depends-core-dummy.deb) ...
Setting up sbuild-build-depends-core-dummy (0.invalid.0) ...
Merged Build-Depends: base-files, base-passwd, bash, bsdutils, coreutils, dash, debianutils, diffutils, dpkg, e2fsprogs, findutils, grep, gzip, hostname, libc-bin, login, mount, ncurses-base, ncurses-bin, perl-base, sed, sysvinit, sysvinit-utils, tar, util-linux, libc6-dev | libc-dev, gcc (>= 4:4.4.3), g++ (>= 4:4.4.3), make, dpkg-dev (>= 1.13.5), debhelper (>= 8.0.0), autotools-dev, autoconf, pkg-config, libgnutls-dev, libz-dev, libsqlite3-dev, bison | byacc, flex
Filtered Build-Depends: base-files, base-passwd, bash, bsdutils, coreutils, dash, debianutils, diffutils, dpkg, e2fsprogs, findutils, grep, gzip, hostname, libc-bin, login, mount, ncurses-base, ncurses-bin, perl-base, sed, sysvinit, sysvinit-utils, tar, util-linux, libc6-dev, gcc (>= 4:4.4.3), g++ (>= 4:4.4.3), make, dpkg-dev (>= 1.13.5), debhelper (>= 8.0.0), autotools-dev, autoconf, pkg-config, libgnutls-dev, libz-dev, libsqlite3-dev, bison, flex
dpkg-deb: building package `sbuild-build-depends-charybdis-dummy' in `/«BUILDDIR»/resolver-m1hFiW/apt_archive/sbuild-build-depends-charybdis-dummy.deb'.
OK
Reading package lists...

┌──────────────────────────────────────────────────────────────────────────────┐
│ Install charybdis build dependencies (apt-based resolver)                    │
└──────────────────────────────────────────────────────────────────────────────┘

Installing build dependencies
Reading package lists...
Building dependency tree...
Reading state information...
The following extra packages will be installed:
  autoconf autotools-dev bison bsdmainutils debhelper file flex gettext
  gettext-base groff-base html2text intltool-debian libasprintf-dev
  libasprintf0c2 libbison-dev libcroco3 libgcrypt11 libgcrypt11-dev
  libgettextpo-dev libgettextpo0 libglib2.0-0 libgnutls-dev
  libgnutls-openssl27 libgnutls26 libgnutlsxx27 libgpg-error-dev libgpg-error0
  libmagic1 libp11-kit-dev libp11-kit0 libpcre3 libpipeline1 libpopt0
  libsigsegv2 libsqlite3-dev libtasn1-3 libtasn1-3-dev libunistring0 libxml2
  m4 man-db pkg-config po-debconf zlib1g-dev
Suggested packages:
  autoconf2.13 autoconf-archive gnu-standards autoconf-doc libtool bison-doc
  wamerican wordlist whois vacation dh-make gettext-doc groff rng-tools
  libgcrypt11-doc gnutls26-doc sqlite3-doc less www-browser libmail-box-perl
Recommended packages:
  automake automaken curl wget lynx-cur autopoint libglib2.0-data
  shared-mime-info xml-core libmail-sendmail-perl
The following NEW packages will be installed:
  autoconf autotools-dev bison bsdmainutils debhelper file flex gettext
  gettext-base groff-base html2text intltool-debian libasprintf-dev
  libasprintf0c2 libbison-dev libcroco3 libgcrypt11 libgcrypt11-dev
  libgettextpo-dev libgettextpo0 libglib2.0-0 libgnutls-dev
  libgnutls-openssl27 libgnutls26 libgnutlsxx27 libgpg-error-dev libgpg-error0
  libmagic1 libp11-kit-dev libp11-kit0 libpcre3 libpipeline1 libpopt0
  libsigsegv2 libsqlite3-dev libtasn1-3 libtasn1-3-dev libunistring0 libxml2
  m4 man-db pkg-config po-debconf sbuild-build-depends-charybdis-dummy
  zlib1g-dev
0 upgraded, 45 newly installed, 0 to remove and 0 not upgraded.
Need to get 15.5 MB/15.5 MB of archives.
After this operation, 41.4 MB of additional disk space will be used.
Get:1 http://localhost/debian/ unstable/main libpipeline1 amd64 1.2.2-1 [39.9 kB]
Get:2 http://localhost/debian/ unstable/main libpopt0 amd64 1.16-7 [56.4 kB]
Get:3 http://localhost/debian/ unstable/main groff-base amd64 1.22.1-2 [741 kB]
Get:4 http://localhost/debian/ unstable/main bsdmainutils amd64 9.0.4 [210 kB]
Get:5 http://localhost/debian/ unstable/main man-db amd64 2.6.3-3 [898 kB]
Get:6 http://localhost/debian/ unstable/main libasprintf0c2 amd64 0.18.1.1-10 [27.2 kB]
Get:7 http://localhost/debian/ unstable/main libgpg-error0 amd64 1.10-3.1 [77.9 kB]
Get:8 http://localhost/debian/ unstable/main libgcrypt11 amd64 1.5.0-3 [298 kB]
Get:9 http://localhost/debian/ unstable/main libp11-kit0 amd64 0.12-3 [52.8 kB]
Get:10 http://localhost/debian/ unstable/main libtasn1-3 amd64 2.13-2 [67.7 kB]
Get:11 http://localhost/debian/ unstable/main libgnutls26 amd64 2.12.20-3 [618 kB]
Get:12 http://localhost/debian/ unstable/main libgnutls-openssl27 amd64 2.12.20-3 [221 kB]
Get:13 http://localhost/debian/ unstable/main libmagic1 amd64 5.11-2 [202 kB]
Get:14 http://localhost/debian/ unstable/main libpcre3 amd64 1:8.31-2 [247 kB]
Get:15 http://localhost/debian/ unstable/main libxml2 amd64 2.8.0+dfsg1-7 [903 kB]
Get:16 http://localhost/debian/ unstable/main libsigsegv2 amd64 2.9-4 [28.9 kB]
Get:17 http://localhost/debian/ unstable/main m4 amd64 1.4.16-4 [260 kB]
Get:18 http://localhost/debian/ unstable/main flex amd64 2.5.35-10.1 [332 kB]
Get:19 http://localhost/debian/ unstable/main libglib2.0-0 amd64 2.33.12+really2.32.4-5 [1838 kB]
Get:20 http://localhost/debian/ unstable/main libcroco3 amd64 0.6.6-2 [134 kB]
Get:21 http://localhost/debian/ unstable/main libunistring0 amd64 0.9.3-5 [434 kB]
Get:22 http://localhost/debian/ unstable/main libgettextpo0 amd64 0.18.1.1-10 [145 kB]
Get:23 http://localhost/debian/ unstable/main libgnutlsxx27 amd64 2.12.20-3 [222 kB]
Get:24 http://localhost/debian/ unstable/main file amd64 5.11-2 [51.8 kB]
Get:25 http://localhost/debian/ unstable/main gettext-base amd64 0.18.1.1-10 [154 kB]
Get:26 http://localhost/debian/ unstable/main autoconf all 2.69-1 [589 kB]
Get:27 http://localhost/debian/ unstable/main autotools-dev all 20120608.1 [73.0 kB]
Get:28 http://localhost/debian/ unstable/main libbison-dev amd64 2:2.5.dfsg-3 [289 kB]
Get:29 http://localhost/debian/ unstable/main bison amd64 2:2.5.dfsg-3 [688 kB]
Get:30 http://localhost/debian/ unstable/main html2text amd64 1.3.2a-15 [103 kB]
Get:31 http://localhost/debian/ unstable/main libasprintf-dev amd64 0.18.1.1-10 [26.8 kB]
Get:32 http://localhost/debian/ unstable/main libgettextpo-dev amd64 0.18.1.1-10 [184 kB]
Get:33 http://localhost/debian/ unstable/main gettext amd64 0.18.1.1-10 [1815 kB]
Get:34 http://localhost/debian/ unstable/main intltool-debian all 0.35.0+20060710.1 [30.8 kB]
Get:35 http://localhost/debian/ unstable/main po-debconf all 1.0.16+nmu2 [224 kB]
Get:36 http://localhost/debian/ unstable/main debhelper all 9.20120909 [705 kB]
Get:37 http://localhost/debian/ unstable/main libgpg-error-dev amd64 1.10-3.1 [43.0 kB]
Get:38 http://localhost/debian/ unstable/main libgcrypt11-dev amd64 1.5.0-3 [402 kB]
Get:39 http://localhost/debian/ unstable/main zlib1g-dev amd64 1:1.2.7.dfsg-13 [215 kB]
Get:40 http://localhost/debian/ unstable/main libtasn1-3-dev amd64 2.13-2 [389 kB]
Get:41 http://localhost/debian/ unstable/main libp11-kit-dev amd64 0.12-3 [67.8 kB]
Get:42 http://localhost/debian/ unstable/main libgnutls-dev amd64 2.12.20-3 [747 kB]
Get:43 http://localhost/debian/ unstable/main libsqlite3-dev amd64 3.7.15.2-1 [589 kB]
Get:44 http://localhost/debian/ unstable/main pkg-config amd64 0.26-1 [59.5 kB]
debconf: delaying package configuration, since apt-utils is not installed
Fetched 15.5 MB in 0s (28.3 MB/s)
Selecting previously unselected package libpipeline1:amd64.
(Reading database ... 14674 files and directories currently installed.)
Unpacking libpipeline1:amd64 (from .../libpipeline1_1.2.2-1_amd64.deb) ...
Selecting previously unselected package libpopt0:amd64.
Unpacking libpopt0:amd64 (from .../libpopt0_1.16-7_amd64.deb) ...
Selecting previously unselected package groff-base.
Unpacking groff-base (from .../groff-base_1.22.1-2_amd64.deb) ...
Selecting previously unselected package bsdmainutils.
Unpacking bsdmainutils (from .../bsdmainutils_9.0.4_amd64.deb) ...
Selecting previously unselected package man-db.
Unpacking man-db (from .../man-db_2.6.3-3_amd64.deb) ...
Selecting previously unselected package libasprintf0c2:amd64.
Unpacking libasprintf0c2:amd64 (from .../libasprintf0c2_0.18.1.1-10_amd64.deb) ...
Selecting previously unselected package libgpg-error0:amd64.
Unpacking libgpg-error0:amd64 (from .../libgpg-error0_1.10-3.1_amd64.deb) ...
Selecting previously unselected package libgcrypt11:amd64.
Unpacking libgcrypt11:amd64 (from .../libgcrypt11_1.5.0-3_amd64.deb) ...
Selecting previously unselected package libp11-kit0:amd64.
Unpacking libp11-kit0:amd64 (from .../libp11-kit0_0.12-3_amd64.deb) ...
Selecting previously unselected package libtasn1-3:amd64.
Unpacking libtasn1-3:amd64 (from .../libtasn1-3_2.13-2_amd64.deb) ...
Selecting previously unselected package libgnutls26:amd64.
Unpacking libgnutls26:amd64 (from .../libgnutls26_2.12.20-3_amd64.deb) ...
Selecting previously unselected package libgnutls-openssl27:amd64.
Unpacking libgnutls-openssl27:amd64 (from .../libgnutls-openssl27_2.12.20-3_amd64.deb) ...
Selecting previously unselected package libmagic1:amd64.
Unpacking libmagic1:amd64 (from .../libmagic1_5.11-2_amd64.deb) ...
Selecting previously unselected package libpcre3:amd64.
Unpacking libpcre3:amd64 (from .../libpcre3_1%3a8.31-2_amd64.deb) ...
Selecting previously unselected package libxml2:amd64.
Unpacking libxml2:amd64 (from .../libxml2_2.8.0+dfsg1-7_amd64.deb) ...
Selecting previously unselected package libsigsegv2.
Unpacking libsigsegv2 (from .../libsigsegv2_2.9-4_amd64.deb) ...
Selecting previously unselected package m4.
Unpacking m4 (from .../archives/m4_1.4.16-4_amd64.deb) ...
Selecting previously unselected package flex.
Unpacking flex (from .../flex_2.5.35-10.1_amd64.deb) ...
Selecting previously unselected package libglib2.0-0:amd64.
Unpacking libglib2.0-0:amd64 (from .../libglib2.0-0_2.33.12+really2.32.4-5_amd64.deb) ...
Selecting previously unselected package libcroco3:amd64.
Unpacking libcroco3:amd64 (from .../libcroco3_0.6.6-2_amd64.deb) ...
Selecting previously unselected package libunistring0:amd64.
Unpacking libunistring0:amd64 (from .../libunistring0_0.9.3-5_amd64.deb) ...
Selecting previously unselected package libgettextpo0:amd64.
Unpacking libgettextpo0:amd64 (from .../libgettextpo0_0.18.1.1-10_amd64.deb) ...
Selecting previously unselected package libgnutlsxx27:amd64.
Unpacking libgnutlsxx27:amd64 (from .../libgnutlsxx27_2.12.20-3_amd64.deb) ...
Selecting previously unselected package file.
Unpacking file (from .../archives/file_5.11-2_amd64.deb) ...
Selecting previously unselected package gettext-base.
Unpacking gettext-base (from .../gettext-base_0.18.1.1-10_amd64.deb) ...
Selecting previously unselected package autoconf.
Unpacking autoconf (from .../autoconf_2.69-1_all.deb) ...
Selecting previously unselected package autotools-dev.
Unpacking autotools-dev (from .../autotools-dev_20120608.1_all.deb) ...
Selecting previously unselected package libbison-dev:amd64.
Unpacking libbison-dev:amd64 (from .../libbison-dev_2%3a2.5.dfsg-3_amd64.deb) ...
Selecting previously unselected package bison.
Unpacking bison (from .../bison_2%3a2.5.dfsg-3_amd64.deb) ...
Selecting previously unselected package html2text.
Unpacking html2text (from .../html2text_1.3.2a-15_amd64.deb) ...
Selecting previously unselected package libasprintf-dev:amd64.
Unpacking libasprintf-dev:amd64 (from .../libasprintf-dev_0.18.1.1-10_amd64.deb) ...
Selecting previously unselected package libgettextpo-dev:amd64.
Unpacking libgettextpo-dev:amd64 (from .../libgettextpo-dev_0.18.1.1-10_amd64.deb) ...
Selecting previously unselected package gettext.
Unpacking gettext (from .../gettext_0.18.1.1-10_amd64.deb) ...
Selecting previously unselected package intltool-debian.
Unpacking intltool-debian (from .../intltool-debian_0.35.0+20060710.1_all.deb) ...
Selecting previously unselected package po-debconf.
Unpacking po-debconf (from .../po-debconf_1.0.16+nmu2_all.deb) ...
Selecting previously unselected package debhelper.
Unpacking debhelper (from .../debhelper_9.20120909_all.deb) ...
Selecting previously unselected package libgpg-error-dev.
Unpacking libgpg-error-dev (from .../libgpg-error-dev_1.10-3.1_amd64.deb) ...
Selecting previously unselected package libgcrypt11-dev.
Unpacking libgcrypt11-dev (from .../libgcrypt11-dev_1.5.0-3_amd64.deb) ...
Selecting previously unselected package zlib1g-dev:amd64.
Unpacking zlib1g-dev:amd64 (from .../zlib1g-dev_1%3a1.2.7.dfsg-13_amd64.deb) ...
Selecting previously unselected package libtasn1-3-dev.
Unpacking libtasn1-3-dev (from .../libtasn1-3-dev_2.13-2_amd64.deb) ...
Selecting previously unselected package libp11-kit-dev.
Unpacking libp11-kit-dev (from .../libp11-kit-dev_0.12-3_amd64.deb) ...
Selecting previously unselected package libgnutls-dev.
Unpacking libgnutls-dev (from .../libgnutls-dev_2.12.20-3_amd64.deb) ...
Selecting previously unselected package libsqlite3-dev.
Unpacking libsqlite3-dev (from .../libsqlite3-dev_3.7.15.2-1_amd64.deb) ...
Selecting previously unselected package pkg-config.
Unpacking pkg-config (from .../pkg-config_0.26-1_amd64.deb) ...
Selecting previously unselected package sbuild-build-depends-charybdis-dummy.
Unpacking sbuild-build-depends-charybdis-dummy (from .../sbuild-build-depends-charybdis-dummy.deb) ...
Processing triggers for mime-support ...
Setting up libpipeline1:amd64 (1.2.2-1) ...
Setting up libpopt0:amd64 (1.16-7) ...
Setting up groff-base (1.22.1-2) ...
Setting up bsdmainutils (9.0.4) ...
update-alternatives: using /usr/bin/bsd-write to provide /usr/bin/write (write) in auto mode
update-alternatives: using /usr/bin/bsd-from to provide /usr/bin/from (from) in auto mode
Setting up man-db (2.6.3-3) ...
Building database of manual pages ...
Setting up libasprintf0c2:amd64 (0.18.1.1-10) ...
Setting up libgpg-error0:amd64 (1.10-3.1) ...
Setting up libgcrypt11:amd64 (1.5.0-3) ...
Setting up libp11-kit0:amd64 (0.12-3) ...
Setting up libtasn1-3:amd64 (2.13-2) ...
Setting up libgnutls26:amd64 (2.12.20-3) ...
Setting up libgnutls-openssl27:amd64 (2.12.20-3) ...
Setting up libmagic1:amd64 (5.11-2) ...
Setting up libpcre3:amd64 (1:8.31-2) ...
Setting up libxml2:amd64 (2.8.0+dfsg1-7) ...
Setting up libsigsegv2 (2.9-4) ...
Setting up m4 (1.4.16-4) ...
Setting up flex (2.5.35-10.1) ...
Setting up libglib2.0-0:amd64 (2.33.12+really2.32.4-5) ...
No schema files found: doing nothing.
Setting up libcroco3:amd64 (0.6.6-2) ...
Setting up libunistring0:amd64 (0.9.3-5) ...
Setting up libgettextpo0:amd64 (0.18.1.1-10) ...
Setting up libgnutlsxx27:amd64 (2.12.20-3) ...
Setting up file (5.11-2) ...
Setting up gettext-base (0.18.1.1-10) ...
Setting up autoconf (2.69-1) ...
Setting up autotools-dev (20120608.1) ...
Setting up libbison-dev:amd64 (2:2.5.dfsg-3) ...
Setting up bison (2:2.5.dfsg-3) ...
update-alternatives: using /usr/bin/bison.yacc to provide /usr/bin/yacc (yacc) in auto mode
Setting up html2text (1.3.2a-15) ...
Setting up libasprintf-dev:amd64 (0.18.1.1-10) ...
Setting up libgettextpo-dev:amd64 (0.18.1.1-10) ...
Setting up gettext (0.18.1.1-10) ...
Setting up intltool-debian (0.35.0+20060710.1) ...
Setting up po-debconf (1.0.16+nmu2) ...
Setting up debhelper (9.20120909) ...
Setting up libgpg-error-dev (1.10-3.1) ...
Setting up libgcrypt11-dev (1.5.0-3) ...
Setting up zlib1g-dev:amd64 (1:1.2.7.dfsg-13) ...
Setting up libtasn1-3-dev (2.13-2) ...
Setting up libp11-kit-dev (0.12-3) ...
Setting up libgnutls-dev (2.12.20-3) ...
Setting up libsqlite3-dev (3.7.15.2-1) ...
Setting up pkg-config (0.26-1) ...
Setting up sbuild-build-depends-charybdis-dummy (0.invalid.0) ...

┌──────────────────────────────────────────────────────────────────────────────┐
│ Build environment                                                            │
└──────────────────────────────────────────────────────────────────────────────┘

Kernel: Linux 2.6.32-5-xen-amd64 amd64 (x86_64)
Toolchain package versions: binutils_2.22-7.1 dpkg-dev_1.16.9 g++-4.6_4.6.3-15 g++-4.7_4.7.2-19 gcc-4.6_4.6.3-15 gcc-4.7_4.7.2-19 libc6-dev_2.16-0experimental1 libstdc++6_4.8-20130127-1 libstdc++6-4.6-dev_4.6.3-15 libstdc++6-4.7-dev_4.7.2-19 linux-libc-dev_3.2.35-2
Package versions: apt_0.9.7.7 autoconf_2.69-1 autotools-dev_20120608.1 base-files_7.1 base-passwd_3.5.26 bash_4.2+dfsg-0.1 binutils_2.22-7.1 bison_2:2.5.dfsg-3 bsdmainutils_9.0.4 bsdutils_1:2.20.1-5.3 build-essential_11.6 bzip2_1.0.6-4 clang_3.2-1~exp5 clang-3.2_3.2-1~exp5 compiler-rt_3.2-1~exp5 coreutils_8.20-3 cpp_4:4.7.2-1 cpp-4.6_4.6.3-15 cpp-4.7_4.7.2-19 dash_0.5.7-3 debconf_1.5.49 debconf-i18n_1.5.49 debfoster_2.7-1.2 debhelper_9.20120909 debian-archive-keyring_2012.4 debianutils_4.3.4 diffutils_1:3.2-7 dpkg_1.16.9 dpkg-dev_1.16.9 e2fslibs_1.42.5-1 e2fsprogs_1.42.5-1 fakeroot_1.18.4-2 file_5.11-2 findutils_4.4.2-5 flex_2.5.35-10.1 g++_4:4.7.2-1 g++-4.6_4.6.3-15 g++-4.7_4.7.2-19 gcc_4:4.7.2-1 gcc-4.4-base_4.4.7-3 gcc-4.5-base_4.5.4-1 gcc-4.6_4.6.3-15 gcc-4.6-base_4.6.3-15 gcc-4.7_4.7.2-19 gcc-4.7-base_4.7.2-19 gcc-4.8-base_4.8-20130127-1 gettext_0.18.1.1-10 gettext-base_0.18.1.1-10 gnupg_1.4.12-7 gpgv_1.4.12-7 grep_2.14-1 groff-base_1.22.1-2 gzip_1.5-1.1 hostname_3.12 html2text_1.3.2a-15 initscripts_2.88dsf-39 insserv_1.14.0-5 intltool-debian_0.35.0+20060710.1 libacl1_2.2.51-8 libapt-pkg4.12_0.9.7.7 libasprintf-dev_0.18.1.1-10 libasprintf0c2_0.18.1.1-10 libattr1_1:2.4.46-8 libbison-dev_2:2.5.dfsg-3 libblkid1_2.20.1-5.3 libbz2-1.0_1.0.6-4 libc-bin_2.13-38 libc-dev-bin_2.16-0experimental1 libc6_2.16-0experimental1 libc6-dev_2.16-0experimental1 libclang-common-dev_3.2-1~exp5 libclass-isa-perl_0.36-5 libcomerr2_1.42.5-1 libcroco3_0.6.6-2 libdb5.1_5.1.29-5 libdpkg-perl_1.16.9 libexpat1_2.1.0-2 libffi5_3.0.10-3 libfile-fcntllock-perl_0.14-2 libgc1c2_1:7.1-9.1 libgcc-4.7-dev_4.7.2-19 libgcc1_1:4.8-20130127-1 libgcrypt11_1.5.0-3 libgcrypt11-dev_1.5.0-3 libgdbm3_1.8.3-11 libgettextpo-dev_0.18.1.1-10 libgettextpo0_0.18.1.1-10 libglib2.0-0_2.33.12+really2.32.4-5 libgmp10_2:5.0.5+dfsg-2 libgnutls-dev_2.12.20-3 libgnutls-openssl27_2.12.20-3 libgnutls26_2.12.20-3 libgnutlsxx27_2.12.20-3 libgomp1_4.8-20130127-1 libgpg-error-dev_1.10-3.1 libgpg-error0_1.10-3.1 libgpm2_1.20.4-6 libitm1_4.8-20130127-1 libllvm3.2_3.2-2 liblocale-gettext-perl_1.05-7+b1 liblzma5_5.1.1alpha+20120614-2 libmagic1_5.11-2 libmount1_2.20.1-5.3 libmpc2_0.9-4 libmpfr4_3.1.0-5 libncurses5_5.9+20130119-1 libncursesw5_5.9+20130119-1 libobjc-4.7-dev_4.7.2-19 libobjc4_4.8-20130127-1 libp11-kit-dev_0.12-3 libp11-kit0_0.12-3 libpam-modules_1.1.3-7.1 libpam-modules-bin_1.1.3-7.1 libpam-runtime_1.1.3-7.1 libpam0g_1.1.3-7.1 libpcre3_1:8.31-2 libpipeline1_1.2.2-1 libpopt0_1.16-7 libpython2.7-minimal_2.7.3-15 libpython2.7-stdlib_2.7.3-15 libquadmath0_4.8-20130127-1 libreadline6_6.2+dfsg-0.1 libselinux1_2.1.9-5 libsemanage-common_2.1.6-6 libsemanage1_2.1.6-6 libsepol1_2.1.4-3 libsigsegv2_2.9-4 libslang2_2.2.4-15 libsqlite3-0_3.7.15.2-1 libsqlite3-dev_3.7.15.2-1 libss2_1.42.5-1 libssl1.0.0_1.0.1c-4 libstdc++6_4.8-20130127-1 libstdc++6-4.6-dev_4.6.3-15 libstdc++6-4.7-dev_4.7.2-19 libswitch-perl_2.16-2 libtasn1-3_2.13-2 libtasn1-3-dev_2.13-2 libtext-charwidth-perl_0.04-7+b1 libtext-iconv-perl_1.7-5 libtext-wrapi18n-perl_0.06-7 libtimedate-perl_1.2000-1 libtinfo5_5.9+20130119-1 libunistring0_0.9.3-5 libusb-0.1-4_2:0.1.12-23+nmu1 libustr-1.0-1_1.0.4-3 libuuid1_2.20.1-5.3 libxml2_2.8.0+dfsg1-7 linux-libc-dev_3.2.35-2 login_1:4.1.5.1-1 lsb-base_4.1+Debian9 m4_1.4.16-4 make_3.81-8.2 man-db_2.6.3-3 mawk_1.3.3-17 mime-support_3.53~experimental2 mount_2.20.1-5.3 multiarch-support_2.13-38 ncurses-base_5.9-10 ncurses-bin_5.9-10 passwd_1:4.1.5.1-1 patch_2.6.1-3 perl_5.14.2-17 perl-base_5.14.2-17 perl-modules_5.14.2-17 pkg-config_0.26-1 po-debconf_1.0.16+nmu2 python_2.7.3-10 python-minimal_2.7.3-10 python2.7_2.7.3-15 python2.7-minimal_2.7.3-15 readline-common_6.2+dfsg-0.1 sbuild-build-depends-charybdis-dummy_0.invalid.0 sbuild-build-depends-core-dummy_0.invalid.0 sed_4.2.1-10 sensible-utils_0.0.7 sudo_1.8.5p2-1 sysv-rc_2.88dsf-39 sysvinit_2.88dsf-39 sysvinit-utils_2.88dsf-39 tar_1.26+dfsg-0.1 tzdata_2012j-1 ucf_3.0025+nmu3 util-linux_2.20.1-5.3 vim_2:7.3.547-6 vim-common_2:7.3.547-6 vim-runtime_2:7.3.547-6 xz-utils_5.1.1alpha+20120614-2 zlib1g_1:1.2.7.dfsg-13 zlib1g-dev_1:1.2.7.dfsg-13

┌──────────────────────────────────────────────────────────────────────────────┐
│ Build                                                                        │
└──────────────────────────────────────────────────────────────────────────────┘


Unpack source
─────────────

gpgv: keyblock resource `/sbuild-nonexistent/.gnupg/trustedkeys.gpg': file open error
gpgv: Signature made Fri Jan  4 16:12:06 2013 UTC using RSA key ID F5B5F913
gpgv: Can't check signature: public key not found
dpkg-source: warning: failed to verify signature on ./charybdis_3.3.0-7.1.dsc
dpkg-source: info: extracting charybdis in charybdis-3.3.0
dpkg-source: info: unpacking charybdis_3.3.0.orig.tar.gz
dpkg-source: info: unpacking charybdis_3.3.0-7.1.debian.tar.gz
dpkg-source: info: applying fix-paths
dpkg-source: info: applying ircd.conf
dpkg-source: info: applying no_hardcoded_bandb_dpath
dpkg-source: info: applying non-static-sqlite
dpkg-source: info: applying no-rpath
dpkg-source: info: applying cleanup-bandb-properly
dpkg-source: info: applying default_nicklen
dpkg-source: info: applying CVE-2012-6084.patch

Check disc space
────────────────

Sufficient free space for build

User Environment
────────────────

HOME=/sbuild-nonexistent
LOGNAME=user
PATH=/usr/local/sbin:/usr/local/bin:/usr/sbin:/usr/bin:/sbin:/bin:/usr/games
SCHROOT_CHROOT_NAME=unstable-amd64-sbuild
SCHROOT_COMMAND=env
SCHROOT_GID=1000
SCHROOT_GROUP=user
SCHROOT_SESSION_ID=unstable-amd64-sbuild-14815799-b5ca-4294-81df-2aacf728d819
SCHROOT_UID=1000
SCHROOT_USER=user
SHELL=/bin/sh
USER=user

dpkg-buildpackage
─────────────────

dpkg-buildpackage: source package charybdis
dpkg-buildpackage: source version 3.3.0-7.1
dpkg-buildpackage: source changed by John Paul Adrian Glaubitz <glaubitz@physik.fu-berlin.de>
 dpkg-source --before-build charybdis-3.3.0
dpkg-buildpackage: host architecture amd64
 fakeroot debian/rules clean
dh clean 
   dh_testdir
   dh_auto_clean
   dh_clean
 debian/rules build-arch
dh build-arch 
   dh_testdir -a
   debian/rules override_dh_auto_configure
make[1]: Entering directory `/«PKGBUILDDIR»'
autoconf
configure.ac:297: warning: AC_LANG_CONFTEST: no AC_LANG_SOURCE call detected in body
../../lib/autoconf/lang.m4:193: AC_LANG_CONFTEST is expanded from...
../../lib/autoconf/general.m4:2590: _AC_COMPILE_IFELSE is expanded from...
../../lib/autoconf/general.m4:2606: AC_COMPILE_IFELSE is expanded from...
../../lib/m4sugar/m4sh.m4:639: AS_IF is expanded from...
../../lib/autoconf/general.m4:2031: AC_CACHE_VAL is expanded from...
../../lib/autoconf/general.m4:2052: AC_CACHE_CHECK is expanded from...
configure.ac:297: the top level
configure.ac:487: warning: AC_LANG_CONFTEST: no AC_LANG_SOURCE call detected in body
../../lib/autoconf/lang.m4:193: AC_LANG_CONFTEST is expanded from...
../../lib/autoconf/general.m4:2729: _AC_RUN_IFELSE is expanded from...
../../lib/m4sugar/m4sh.m4:639: AS_IF is expanded from...
../../lib/autoconf/general.m4:2748: AC_RUN_IFELSE is expanded from...
configure.ac:487: the top level
configure.ac:947: warning: AC_LANG_CONFTEST: no AC_LANG_SOURCE call detected in body
../../lib/autoconf/lang.m4:193: AC_LANG_CONFTEST is expanded from...
../../lib/autoconf/general.m4:2661: _AC_LINK_IFELSE is expanded from...
../../lib/autoconf/general.m4:2678: AC_LINK_IFELSE is expanded from...
configure.ac:947: the top level
configure.ac:1078: warning: AC_CACHE_VAL(symbol_underscores, ...): suspicious cache-id, must contain _cv_ to be cached
../../lib/autoconf/general.m4:2031: AC_CACHE_VAL is expanded from...
configure.ac:1078: the top level
./configure --prefix=/usr --with-confdir=/etc/charybdis \
		--enable-epoll --disable-openssl \
		--with-logdir=/var/log/charybdis \
		--with-moduledir=/usr/lib/charybdis/modules \
		--with-helpdir=/usr/share/doc/charybdis/help \
		--bindir=/usr/lib/charybdis \
		--enable-ipv6
checking for gcc... gcc
checking whether the C compiler works... yes
checking for C compiler default output file name... a.out
checking for suffix of executables... 
checking whether we are cross compiling... no
checking for suffix of object files... o
checking whether we are using the GNU C compiler... yes
checking whether gcc accepts -g... yes
checking for gcc option to accept ISO C89... none needed
checking how to run the C preprocessor... gcc -E
checking for grep that handles long lines and -e... /bin/grep
checking for egrep... /bin/grep -E
checking for ANSI C header files... yes
checking for sys/types.h... yes
checking for sys/stat.h... yes
checking for stdlib.h... yes
checking for string.h... yes
checking for memory.h... yes
checking for strings.h... yes
checking for inttypes.h... yes
checking for stdint.h... yes
checking for unistd.h... yes
checking minix/config.h usability... no
checking minix/config.h presence... no
checking for minix/config.h... no
checking whether it is safe to define __EXTENSIONS__... yes
checking for gcc... (cached) gcc
checking whether we are using the GNU C compiler... (cached) yes
checking whether gcc accepts -g... (cached) yes
checking for gcc option to accept ISO C89... (cached) none needed
checking uname -s for Solaris, AIX or HPUX... no
checking if gcc is Apple GCC... no
checking if gcc supports the SVR4 SGS interfaces... no
checking for mkdep... no
checking for makedepend... no
checking how to generate dependency info... gcc -MM
checking for /dev/null... yes
checking for library containing strerror... none required
checking for inline... inline
checking whether gcc needs -traditional... no
checking whether make sets $(MAKE)... yes
checking for a BSD-compatible install... /usr/bin/install -c
checking for rm... /bin/rm
checking for cp... /bin/cp
checking for mv... /bin/mv
checking for ln... /bin/ln
checking for sed... /bin/sed
checking for ar... /usr/bin/ar
checking for ld... /usr/bin/ld
checking for ranlib... /usr/bin/ranlib
checking for touch... /usr/bin/touch
checking for bison... bison -y
checking for flex... flex
checking lex output file root... lex.yy
checking lex library... -lfl
checking whether yytext is a pointer... yes
checking for ANSI C header files... (cached) yes
checking crypt.h usability... yes
checking crypt.h presence... yes
checking for crypt.h... yes
checking sys/resource.h usability... yes
checking sys/resource.h presence... yes
checking for sys/resource.h... yes
checking sys/param.h usability... yes
checking sys/param.h presence... yes
checking for sys/param.h... yes
checking errno.h usability... yes
checking errno.h presence... yes
checking for errno.h... yes
checking sys/syslog.h usability... yes
checking sys/syslog.h presence... yes
checking for sys/syslog.h... yes
checking stddef.h usability... yes
checking stddef.h presence... yes
checking for stddef.h... yes
checking sys/wait.h usability... yes
checking sys/wait.h presence... yes
checking for sys/wait.h... yes
checking wait.h usability... yes
checking wait.h presence... yes
checking for wait.h... yes
checking sys/epoll.h usability... yes
checking sys/epoll.h presence... yes
checking for sys/epoll.h... yes
checking sys/uio.h usability... yes
checking sys/uio.h presence... yes
checking for sys/uio.h... yes
checking machine/endian.h usability... no
checking machine/endian.h presence... no
checking for machine/endian.h... no
checking for an ANSI C-conforming const... yes
checking whether byte ordering is bigendian... no
checking for pid_t... yes
checking for size_t... yes
checking size of short... 2
checking size of int... 4
checking size of long... 8
checking size of long long... 8
checking for library containing socket... none required
checking for socklen_t... yes
checking for library containing crypt... -lcrypt
checking whether string.h and strings.h may both be included... yes
checking whether byte ordering is bigendian... (cached) no
checking stdarg.h usability... yes
checking stdarg.h presence... yes
checking for stdarg.h... yes
checking for strlcpy... no
checking for strlcat... no
checking for u_int32_t... yes
checking for u_int16_t... yes
checking for in_port_t... yes
checking for sa_family_t... yes
checking for uintptr_t... yes
checking for socketpair... yes
checking for vsnprintf... yes
checking for mmap... yes
checking for gettimeofday... yes
checking for strdup... yes
checking for strndup... yes
checking for working alloca.h... yes
checking for alloca... yes
checking for nanosleep... yes
checking for OpenSSL... disabled
checking zlib.h usability... yes
checking zlib.h presence... yes
checking for zlib.h... yes
checking for zlibVersion in -lz... yes
checking for epoll_ctl... yes
checking whether to modify confdir... yes
checking whether to modify logdir... yes
checking whether to modify helpdir... yes
checking whether to modify moduledir... yes
Forcing epoll to be enabled
Using epoll for select loop.
checking if you want IO Debugging hooks... no
checking if you want to do a profile build... no
checking dlfcn.h usability... yes
checking dlfcn.h presence... yes
checking for dlfcn.h... yes
checking for library containing shl_load... no
checking for library containing dlopen... -ldl
checking for dlsym... yes
checking for dlfunc... no
checking for the ld -export-dynamic flag... yes
checking for compiler option to produce PIC... gcc: -fPIC -DPIC -shared
checking for nlist... no
checking for nlist in -ldl... no
checking for nlist in -lelf... no
checking libelf/nlist.h usability... no
checking libelf/nlist.h presence... no
checking for libelf/nlist.h... no
checking elf/nlist.h usability... no
checking elf/nlist.h presence... no
checking for elf/nlist.h... no
checking nlist.h usability... no
checking nlist.h presence... no
checking for nlist.h... no
configure: creating ./config.status
config.status: creating Makefile
config.status: WARNING:  'Makefile.in' seems to ignore the --datarootdir setting
config.status: creating bandb/Makefile
config.status: creating ssld/Makefile
config.status: creating extensions/Makefile
config.status: creating src/Makefile
config.status: creating modules/Makefile
config.status: creating tools/Makefile
config.status: creating doc/Makefile
config.status: WARNING:  'doc/Makefile.in' seems to ignore the --datarootdir setting
config.status: creating help/Makefile
config.status: creating include/setup.h
=== configuring in libratbox (/«PKGBUILDDIR»/libratbox)
configure: running /bin/bash ./configure --disable-option-checking '--prefix=/usr'  '--with-confdir=/etc/charybdis' '--enable-epoll' '--disable-openssl' '--with-logdir=/var/log/charybdis' '--with-moduledir=/usr/lib/charybdis/modules' '--with-helpdir=/usr/share/doc/charybdis/help' '--bindir=/usr/lib/charybdis' '--enable-ipv6' --cache-file=/dev/null --srcdir=.
checking for a BSD-compatible install... /usr/bin/install -c
checking whether build environment is sane... yes
checking for a thread-safe mkdir -p... /bin/mkdir -p
checking for gawk... no
checking for mawk... mawk
checking whether make sets $(MAKE)... yes
checking for style of include used by make... GNU
checking for gcc... gcc
checking whether the C compiler works... yes
checking for C compiler default output file name... a.out
checking for suffix of executables... 
checking whether we are cross compiling... no
checking for suffix of object files... o
checking whether we are using the GNU C compiler... yes
checking whether gcc accepts -g... yes
checking for gcc option to accept ISO C89... none needed
checking dependency style of gcc... gcc3
checking how to run the C preprocessor... gcc -E
checking for grep that handles long lines and -e... /bin/grep
checking for egrep... /bin/grep -E
checking for ANSI C header files... yes
checking for sys/types.h... yes
checking for sys/stat.h... yes
checking for stdlib.h... yes
checking for string.h... yes
checking for memory.h... yes
checking for strings.h... yes
checking for inttypes.h... yes
checking for stdint.h... yes
checking for unistd.h... yes
checking minix/config.h usability... no
checking minix/config.h presence... no
checking for minix/config.h... no
checking whether it is safe to define __EXTENSIONS__... yes
checking for gcc option to accept ISO C99... none needed
checking for egrep... (cached) /bin/grep -E
checking for a sed that does not truncate output... /bin/sed
checking whether to enable maintainer-specific portions of Makefiles... no
checking for library containing strerror... none required
checking for inline... inline
checking for an ANSI C-conforming const... yes
checking whether make sets $(MAKE)... (cached) yes
checking for automake... no
checking for aclocal... no
checking for autoheader... /usr/bin/autoheader
checking for as... /usr/bin/as
checking for rm... /bin/rm
checking for cp... /bin/cp
checking for mv... /bin/mv
checking for ln... /bin/ln
checking for touch... /usr/bin/touch
checking build system type... x86_64-unknown-linux-gnu
checking host system type... x86_64-unknown-linux-gnu
checking for a sed that does not truncate output... (cached) /bin/sed
checking for fgrep... /bin/grep -F
checking for ld used by gcc... /usr/bin/ld
checking if the linker (/usr/bin/ld) is GNU ld... yes
checking for BSD- or MS-compatible name lister (nm)... /usr/bin/nm -B
checking the name lister (/usr/bin/nm -B) interface... BSD nm
checking whether ln -s works... yes
checking the maximum length of command line arguments... 3458764513820540925
checking whether the shell understands some XSI constructs... yes
checking whether the shell understands "+="... yes
checking for /usr/bin/ld option to reload object files... -r
checking for objdump... objdump
checking how to recognize dependent libraries... pass_all
checking for ar... ar
checking for strip... strip
checking for ranlib... ranlib
checking command to parse /usr/bin/nm -B output from gcc object... ok
checking for dlfcn.h... yes
checking for objdir... .libs
checking if gcc supports -fno-rtti -fno-exceptions... yes
checking for gcc option to produce PIC... -fPIC -DPIC
checking if gcc PIC flag -fPIC -DPIC works... yes
checking if gcc static flag -static works... yes
/bin/rm: cannot remove 'conftest*': No such file or directory
checking if gcc supports -c -o file.o... yes
checking if gcc supports -c -o file.o... (cached) yes
checking whether the gcc linker (/usr/bin/ld -m elf_x86_64) supports shared libraries... yes
/bin/rm: cannot remove 'conftest*': No such file or directory
checking whether -lc should be explicitly linked in... no
checking dynamic linker characteristics... GNU/Linux ld.so
checking how to hardcode library paths into programs... immediate
checking whether stripping libraries is possible... yes
checking if libtool supports shared libraries... yes
checking whether to build shared libraries... yes
checking whether to build static libraries... no
checking for pid_t... yes
checking for size_t... yes
checking for ssize_t... yes
checking for uid_t in sys/types.h... yes
checking for ANSI C header files... (cached) yes
checking crypt.h usability... yes
checking crypt.h presence... yes
checking for crypt.h... yes
checking for unistd.h... (cached) yes
checking sys/socket.h usability... yes
checking sys/socket.h presence... yes
checking for sys/socket.h... yes
checking for sys/stat.h... (cached) yes
checking sys/time.h usability... yes
checking sys/time.h presence... yes
checking for sys/time.h... yes
checking time.h usability... yes
checking time.h presence... yes
checking for time.h... yes
checking netinet/in.h usability... yes
checking netinet/in.h presence... yes
checking for netinet/in.h... yes
checking arpa/inet.h usability... yes
checking arpa/inet.h presence... yes
checking for arpa/inet.h... yes
checking errno.h usability... yes
checking errno.h presence... yes
checking for errno.h... yes
checking sys/uio.h usability... yes
checking sys/uio.h presence... yes
checking for sys/uio.h... yes
checking spawn.h usability... yes
checking spawn.h presence... yes
checking for spawn.h... yes
checking sys/poll.h usability... yes
checking sys/poll.h presence... yes
checking for sys/poll.h... yes
checking sys/epoll.h usability... yes
checking sys/epoll.h presence... yes
checking for sys/epoll.h... yes
checking sys/select.h usability... yes
checking sys/select.h presence... yes
checking for sys/select.h... yes
checking sys/devpoll.h usability... no
checking sys/devpoll.h presence... no
checking for sys/devpoll.h... no
checking sys/event.h usability... no
checking sys/event.h presence... no
checking for sys/event.h... no
checking port.h usability... no
checking port.h presence... no
checking for port.h... no
checking signal.h usability... yes
checking signal.h presence... yes
checking for signal.h... yes
checking sys/signalfd.h usability... yes
checking sys/signalfd.h presence... yes
checking for sys/signalfd.h... yes
checking sys/timerfd.h usability... yes
checking sys/timerfd.h presence... yes
checking for sys/timerfd.h... yes
checking whether time.h and sys/time.h may both be included... yes
checking for library containing socket... none required
checking for struct sockaddr.sa_len... no
checking for socklen_t... yes
checking for INET6 protocol support... yes
checking for struct sockaddr_in6... yes
checking for struct sockaddr_storage... yes
checking for library containing crypt... -lcrypt
checking stdarg.h usability... yes
checking stdarg.h presence... yes
checking for stdarg.h... yes
checking for sa_family_t... yes
checking for socketpair... yes
checking for gettimeofday... yes
checking for writev... yes
checking for sendmsg... yes
checking for gmtime_r... yes
checking for strtok_r... yes
checking for usleep... yes
checking for posix_spawn... yes
checking for strlcpy... no
checking for strlcat... no
checking for strnlen... yes
checking for fstat... yes
checking for signalfd... yes
checking for select... yes
checking for poll... yes
checking for kevent... no
checking for port_create... no
checking for epoll_ctl... yes
checking for arc4random... no
checking for getrusage... yes
checking for timerfd_create... yes
checking for library containing nanosleep... none required
checking for library containing timer_create... -lrt
checking for a working timer_create(CLOCK_REALTIME)... yes
checking for a working timerfd_create(CLOCK_REALTIME)... yes
checking for working alloca.h... yes
checking for alloca... yes
checking vfork.h usability... no
checking vfork.h presence... no
checking for vfork.h... no
checking for fork... yes
checking for vfork... yes
checking for working fork... yes
checking for working vfork... (cached) yes
checking for stdlib.h... (cached) yes
checking for unistd.h... (cached) yes
checking for sys/param.h... yes
checking for getpagesize... yes
checking for working mmap... yes
checking for /dev/poll... no
checking for OpenSSL... disabled
checking for GnuTLS... checking for pkg-config... /usr/bin/pkg-config
checking pkg-config is at least version 0.9.0... yes
checking for GNUTLS... yes
checking if you want to do a profile build... no
configure: creating ./config.status
config.status: creating src/Makefile
config.status: creating Makefile
config.status: creating libratbox.pc
config.status: creating include/libratbox_config.h
config.status: executing depfiles commands
config.status: executing libtool commands
/bin/rm: cannot remove 'libtoolT': No such file or directory
config.status: executing include/librb-config.h commands

Compiling libratbox devel

Installing into: /usr
IPv6 support ................... yes
Assert debugging ............... no
Block allocator ................ yes
SSL Type........................ gnutls


Configuration:
	Install directory  : /usr

	Ziplinks           : yes
	OpenSSL            : no
	Socket Engine      : epoll
	Small network      : no
	Block allocator    : yes

	Nickname length    : 30
	Topic length       : 390

Use (g)make to compile Charybdis, then (g)make install to install it.

make[1]: Leaving directory `/«PKGBUILDDIR»'
   dh_auto_build -a
make[1]: Entering directory `/«PKGBUILDDIR»'
build ==> libratbox
make[2]: Entering directory `/«PKGBUILDDIR»/libratbox'
Making all in src
make[3]: Entering directory `/«PKGBUILDDIR»/libratbox/src'
/bin/bash ./version.c.SH
Extracting libratbox/src/version.c...
/bin/cp version.c version.c.last
make  all-am
make[4]: Entering directory `/«PKGBUILDDIR»/libratbox/src'
/bin/bash ../libtool --silent --tag=CC   --mode=compile gcc -DHAVE_CONFIG_H -I. -I../include -I. -I../include  -I/usr/include/p11-kit-1      -g -O2 -Wall -MT unix.lo -MD -MP -MF .deps/unix.Tpo -c -o unix.lo unix.c
mv -f .deps/unix.Tpo .deps/unix.Plo
/bin/bash ../libtool --silent --tag=CC   --mode=compile gcc -DHAVE_CONFIG_H -I. -I../include -I. -I../include  -I/usr/include/p11-kit-1      -g -O2 -Wall -MT win32.lo -MD -MP -MF .deps/win32.Tpo -c -o win32.lo win32.c
mv -f .deps/win32.Tpo .deps/win32.Plo
/bin/bash ../libtool --silent --tag=CC   --mode=compile gcc -DHAVE_CONFIG_H -I. -I../include -I. -I../include  -I/usr/include/p11-kit-1      -g -O2 -Wall -MT crypt.lo -MD -MP -MF .deps/crypt.Tpo -c -o crypt.lo crypt.c
mv -f .deps/crypt.Tpo .deps/crypt.Plo
/bin/bash ../libtool --silent --tag=CC   --mode=compile gcc -DHAVE_CONFIG_H -I. -I../include -I. -I../include  -I/usr/include/p11-kit-1      -g -O2 -Wall -MT balloc.lo -MD -MP -MF .deps/balloc.Tpo -c -o balloc.lo balloc.c
mv -f .deps/balloc.Tpo .deps/balloc.Plo
/bin/bash ../libtool --silent --tag=CC   --mode=compile gcc -DHAVE_CONFIG_H -I. -I../include -I. -I../include  -I/usr/include/p11-kit-1      -g -O2 -Wall -MT commio.lo -MD -MP -MF .deps/commio.Tpo -c -o commio.lo commio.c
commio.c:2203:25: warning: 'memset' call operates on objects of type 'struct msghdr' while the size is based on a different type 'struct msghdr *' [-Wsizeof-pointer-memaccess]
        memset(&msg, 0, sizeof(&msg));
               ~~~~            ^~~~
commio.c:2203:25: note: did you mean to remove the addressof in the argument to 'sizeof' (and multiply it by the number of elements)?
        memset(&msg, 0, sizeof(&msg));
                               ^~~~
1 warning generated.
mv -f .deps/commio.Tpo .deps/commio.Plo
/bin/bash ../libtool --silent --tag=CC   --mode=compile gcc -DHAVE_CONFIG_H -I. -I../include -I. -I../include  -I/usr/include/p11-kit-1      -g -O2 -Wall -MT openssl.lo -MD -MP -MF .deps/openssl.Tpo -c -o openssl.lo openssl.c
mv -f .deps/openssl.Tpo .deps/openssl.Plo
/bin/bash ../libtool --silent --tag=CC   --mode=compile gcc -DHAVE_CONFIG_H -I. -I../include -I. -I../include  -I/usr/include/p11-kit-1      -g -O2 -Wall -MT gnutls.lo -MD -MP -MF .deps/gnutls.Tpo -c -o gnutls.lo gnutls.c
mv -f .deps/gnutls.Tpo .deps/gnutls.Plo
/bin/bash ../libtool --silent --tag=CC   --mode=compile gcc -DHAVE_CONFIG_H -I. -I../include -I. -I../include  -I/usr/include/p11-kit-1      -g -O2 -Wall -MT nossl.lo -MD -MP -MF .deps/nossl.Tpo -c -o nossl.lo nossl.c
mv -f .deps/nossl.Tpo .deps/nossl.Plo
/bin/bash ../libtool --silent --tag=CC   --mode=compile gcc -DHAVE_CONFIG_H -I. -I../include -I. -I../include  -I/usr/include/p11-kit-1      -g -O2 -Wall -MT event.lo -MD -MP -MF .deps/event.Tpo -c -o event.lo event.c
mv -f .deps/event.Tpo .deps/event.Plo
/bin/bash ../libtool --silent --tag=CC   --mode=compile gcc -DHAVE_CONFIG_H -I. -I../include -I. -I../include  -I/usr/include/p11-kit-1      -g -O2 -Wall -MT ratbox_lib.lo -MD -MP -MF .deps/ratbox_lib.Tpo -c -o ratbox_lib.lo ratbox_lib.c
mv -f .deps/ratbox_lib.Tpo .deps/ratbox_lib.Plo
/bin/bash ../libtool --silent --tag=CC   --mode=compile gcc -DHAVE_CONFIG_H -I. -I../include -I. -I../include  -I/usr/include/p11-kit-1      -g -O2 -Wall -MT rb_memory.lo -MD -MP -MF .deps/rb_memory.Tpo -c -o rb_memory.lo rb_memory.c
mv -f .deps/rb_memory.Tpo .deps/rb_memory.Plo
/bin/bash ../libtool --silent --tag=CC   --mode=compile gcc -DHAVE_CONFIG_H -I. -I../include -I. -I../include  -I/usr/include/p11-kit-1      -g -O2 -Wall -MT linebuf.lo -MD -MP -MF .deps/linebuf.Tpo -c -o linebuf.lo linebuf.c
mv -f .deps/linebuf.Tpo .deps/linebuf.Plo
/bin/bash ../libtool --silent --tag=CC   --mode=compile gcc -DHAVE_CONFIG_H -I. -I../include -I. -I../include  -I/usr/include/p11-kit-1      -g -O2 -Wall -MT snprintf.lo -MD -MP -MF .deps/snprintf.Tpo -c -o snprintf.lo snprintf.c
mv -f .deps/snprintf.Tpo .deps/snprintf.Plo
/bin/bash ../libtool --silent --tag=CC   --mode=compile gcc -DHAVE_CONFIG_H -I. -I../include -I. -I../include  -I/usr/include/p11-kit-1      -g -O2 -Wall -MT tools.lo -MD -MP -MF .deps/tools.Tpo -c -o tools.lo tools.c
mv -f .deps/tools.Tpo .deps/tools.Plo
/bin/bash ../libtool --silent --tag=CC   --mode=compile gcc -DHAVE_CONFIG_H -I. -I../include -I. -I../include  -I/usr/include/p11-kit-1      -g -O2 -Wall -MT helper.lo -MD -MP -MF .deps/helper.Tpo -c -o helper.lo helper.c
mv -f .deps/helper.Tpo .deps/helper.Plo
/bin/bash ../libtool --silent --tag=CC   --mode=compile gcc -DHAVE_CONFIG_H -I. -I../include -I. -I../include  -I/usr/include/p11-kit-1      -g -O2 -Wall -MT devpoll.lo -MD -MP -MF .deps/devpoll.Tpo -c -o devpoll.lo devpoll.c
mv -f .deps/devpoll.Tpo .deps/devpoll.Plo
/bin/bash ../libtool --silent --tag=CC   --mode=compile gcc -DHAVE_CONFIG_H -I. -I../include -I. -I../include  -I/usr/include/p11-kit-1      -g -O2 -Wall -MT epoll.lo -MD -MP -MF .deps/epoll.Tpo -c -o epoll.lo epoll.c
epoll.c:400:24: warning: 'memset' call operates on objects of type 'struct sigevent' while the size is based on a different type 'struct sigevent *' [-Wsizeof-pointer-memaccess]
        memset(&ev, 0, sizeof(&ev));
               ~~~            ^~~
epoll.c:400:24: note: did you mean to remove the addressof in the argument to 'sizeof' (and multiply it by the number of elements)?
        memset(&ev, 0, sizeof(&ev));
                              ^~~
1 warning generated.
mv -f .deps/epoll.Tpo .deps/epoll.Plo
/bin/bash ../libtool --silent --tag=CC   --mode=compile gcc -DHAVE_CONFIG_H -I. -I../include -I. -I../include  -I/usr/include/p11-kit-1      -g -O2 -Wall -MT poll.lo -MD -MP -MF .deps/poll.Tpo -c -o poll.lo poll.c
mv -f .deps/poll.Tpo .deps/poll.Plo
/bin/bash ../libtool --silent --tag=CC   --mode=compile gcc -DHAVE_CONFIG_H -I. -I../include -I. -I../include  -I/usr/include/p11-kit-1      -g -O2 -Wall -MT ports.lo -MD -MP -MF .deps/ports.Tpo -c -o ports.lo ports.c
mv -f .deps/ports.Tpo .deps/ports.Plo
/bin/bash ../libtool --silent --tag=CC   --mode=compile gcc -DHAVE_CONFIG_H -I. -I../include -I. -I../include  -I/usr/include/p11-kit-1      -g -O2 -Wall -MT sigio.lo -MD -MP -MF .deps/sigio.Tpo -c -o sigio.lo sigio.c
sigio.c:238:17: error: variable has incomplete type 'struct siginfo'
        struct siginfo si;
                       ^
sigio.c:238:9: note: forward declaration of 'struct siginfo'
        struct siginfo si;
               ^
sigio.c:415:24: warning: 'memset' call operates on objects of type 'struct sigevent' while the size is based on a different type 'struct sigevent *' [-Wsizeof-pointer-memaccess]
        memset(&ev, 0, sizeof(&ev));
               ~~~            ^~~
sigio.c:415:24: note: did you mean to remove the addressof in the argument to 'sizeof' (and multiply it by the number of elements)?
        memset(&ev, 0, sizeof(&ev));
                              ^~~
1 warning and 1 error generated.
make[4]: *** [sigio.lo] Error 1
make[3]: *** [all] Error 2
make[4]: Leaving directory `/«PKGBUILDDIR»/libratbox/src'
make[3]: Leaving directory `/«PKGBUILDDIR»/libratbox/src'
make[2]: *** [all-recursive] Error 1
make[1]: *** [build] Error 2
dh_auto_build: make -j1 returned exit code 2
make[2]: Leaving directory `/«PKGBUILDDIR»/libratbox'
make[1]: Leaving directory `/«PKGBUILDDIR»'
make: *** [build-arch] Error 2
dpkg-buildpackage: error: debian/rules build-arch gave error exit status 2
────────────────────────────────────────────────────────────────────────────────
Build finished at 20130128-0507

Finished
────────

E: Build failure (dpkg-buildpackage died)

┌──────────────────────────────────────────────────────────────────────────────┐
│ Cleanup                                                                      │
└──────────────────────────────────────────────────────────────────────────────┘

Purging /«BUILDDIR»
Not cleaning session: cloned chroot in use

┌──────────────────────────────────────────────────────────────────────────────┐
│ Summary                                                                      │
└──────────────────────────────────────────────────────────────────────────────┘

Architecture: amd64
Build-Space: 10960
Build-Time: 27
Distribution: unstable
Fail-Stage: build
Install-Time: 8
Job: charybdis_3.3.0-7.1
Package: charybdis
Package-Time: 64
Source-Version: 3.3.0-7.1
Space: 10960
Status: attempted
Version: 3.3.0-7.1
────────────────────────────────────────────────────────────────────────────────
Finished at 20130128-0507
Build needed 00:01:04, 10960k disc space
DC-Status: Failed 65.415422s
