DC-Build-Header: dcmtk 3.6.0-12 / Mon Jan 28 04:09:57 +0000 2013
DC-Task: logfile:/tmp/dcmtk_3.6.0-12_unstable_clang.log version:3.6.0-12 chroot:unstable modes:binary-only:clang source:dcmtk architecture:any esttime:2891
DC-Sbuild-call: su user -c 'sbuild -n --apt-update -d unstable -v  --chroot-setup-commands=/tmp/switch-to-clang dcmtk_3.6.0-12'
Could not create '/sbuild-nonexistent/logs': No such file or directory
Could not create '/sbuild-nonexistent/logs': No such file or directory
sbuild (Debian sbuild) 0.62.5 (13 Jul 2011) on ip-10-28-88-254.ec2.internal

╔══════════════════════════════════════════════════════════════════════════════╗
║ dcmtk 3.6.0-12 (amd64)                                     28 Jan 2013 04:09 ║
╚══════════════════════════════════════════════════════════════════════════════╝

Package: dcmtk
Version: 3.6.0-12
Source Version: 3.6.0-12
Distribution: unstable
Architecture: amd64

I: NOTICE: Log filtering will replace 'build/dcmtk-GKEHBt/dcmtk-3.6.0' with '«PKGBUILDDIR»'
I: NOTICE: Log filtering will replace 'build/dcmtk-GKEHBt' with '«BUILDDIR»'
I: NOTICE: Log filtering will replace 'var/lib/schroot/mount/unstable-amd64-sbuild-6f713f81-23fb-4be2-8d9e-b3aca80b2b19' with '«CHROOT»'

┌──────────────────────────────────────────────────────────────────────────────┐
│ Update chroot                                                                │
└──────────────────────────────────────────────────────────────────────────────┘

Ign http://localhost unstable InRelease
Get:1 http://localhost unstable Release.gpg [836 B]
Get:2 http://localhost unstable Release [227 kB]
Ign http://localhost unstable/main Sources/DiffIndex
Ign http://localhost unstable/main amd64 Packages/DiffIndex
Get:3 http://localhost unstable/main Translation-en/DiffIndex [7876 B]
Get:4 http://localhost unstable/main 2013-01-27-2011.16.pdiff [737 B]
Get:5 http://localhost unstable/main 2013-01-27-2011.16.pdiff [737 B]
Get:6 http://localhost unstable/main Sources [8234 kB]
Get:7 http://localhost unstable/main amd64 Packages [8284 kB]
Fetched 16.8 MB in 4s (4025 kB/s)
Reading package lists...
Reading package lists...
Building dependency tree...
Reading state information...
0 upgraded, 0 newly installed, 0 to remove and 0 not upgraded.

┌──────────────────────────────────────────────────────────────────────────────┐
│ Fetch source files                                                           │
└──────────────────────────────────────────────────────────────────────────────┘


Check APT
─────────

Checking available source versions...

Download source files with APT
──────────────────────────────

Reading package lists...
Building dependency tree...
Reading state information...
NOTICE: 'dcmtk' packaging is maintained in the 'Svn' version control system at:
svn://svn.debian.org/debian-med/trunk/packages/dcmtk/trunk/
Need to get 4734 kB of source archives.
Get:1 http://localhost/debian/ unstable/main dcmtk 3.6.0-12 (dsc) [2353 B]
Get:2 http://localhost/debian/ unstable/main dcmtk 3.6.0-12 (tar) [4673 kB]
Get:3 http://localhost/debian/ unstable/main dcmtk 3.6.0-12 (diff) [58.9 kB]
Fetched 4734 kB in 0s (9284 kB/s)
Download complete and in download only mode

Check arch
──────────


┌──────────────────────────────────────────────────────────────────────────────┐
│ Chroot Setup Commands                                                        │
└──────────────────────────────────────────────────────────────────────────────┘


/tmp/switch-to-clang
────────────────────

+ echo 'Entering customization script...'
Entering customization script...
+ echo 'Add experimental as repository'
Add experimental as repository
+ echo deb http://localhost:9999/debian experimental main
+ apt-get update
Ign http://localhost unstable InRelease
Ign http://localhost experimental InRelease
Hit http://localhost unstable Release.gpg
Get:1 http://localhost experimental Release.gpg [836 B]
Hit http://localhost unstable Release
Get:2 http://localhost experimental Release [161 kB]
Ign http://localhost unstable/main Sources/DiffIndex
Ign http://localhost unstable/main amd64 Packages/DiffIndex
Hit http://localhost unstable/main Translation-en/DiffIndex
Get:3 http://localhost experimental/main Translation-en [704 kB]
Get:4 http://localhost experimental/main amd64 Packages [1605 kB]
Hit http://localhost unstable/main Sources
Hit http://localhost unstable/main amd64 Packages
Fetched 2471 kB in 1s (1388 kB/s)
Reading package lists...
+ echo 'Install of clang'
Install of clang
+ apt-get update
Ign http://localhost unstable InRelease
Ign http://localhost experimental InRelease
Hit http://localhost unstable Release.gpg
Hit http://localhost experimental Release.gpg
Hit http://localhost unstable Release
Hit http://localhost experimental Release
Ign http://localhost unstable/main Sources/DiffIndex
Ign http://localhost unstable/main amd64 Packages/DiffIndex
Hit http://localhost unstable/main Translation-en/DiffIndex
Ign http://localhost experimental/main amd64 Packages/DiffIndex
Get:1 http://localhost experimental/main Translation-en/DiffIndex [7819 B]
Hit http://localhost unstable/main Sources
Hit http://localhost unstable/main amd64 Packages
Hit http://localhost experimental/main amd64 Packages
Fetched 7819 B in 1s (4134 B/s)
Reading package lists...
+ apt-get install --yes --no-install-recommends clang -t experimental
Reading package lists...
Building dependency tree...
Reading state information...
The following extra packages will be installed:
  clang-3.2 compiler-rt cpp-4.7 g++-4.7 gcc-4.7 gcc-4.7-base gcc-4.8-base
  libc-dev-bin libc6 libc6-dev libclang-common-dev libexpat1 libffi5
  libgcc-4.7-dev libgcc1 libgomp1 libitm1 libllvm3.2 libncurses5 libncursesw5
  libobjc-4.7-dev libobjc4 libpython2.7-minimal libpython2.7-stdlib
  libquadmath0 libsqlite3-0 libssl1.0.0 libstdc++6 libstdc++6-4.7-dev
  libtinfo5 mime-support python python-minimal python2.7 python2.7-minimal
Suggested packages:
  gcc-4.7-locales g++-4.7-multilib gcc-4.7-doc libstdc++6-4.7-dbg
  gcc-4.7-multilib libmudflap0-4.7-dev libgcc1-dbg libgomp1-dbg libitm1-dbg
  libquadmath0-dbg libmudflap0-dbg libcloog-ppl0 libppl-c2 libppl7
  binutils-gold glibc-doc libstdc++6-4.7-doc python-doc python-tk
  python2.7-doc binfmt-support
Recommended packages:
  llvm-3.2-dev manpages-dev file
The following NEW packages will be installed:
  clang clang-3.2 compiler-rt gcc-4.8-base libclang-common-dev libexpat1
  libffi5 libgcc-4.7-dev libllvm3.2 libncursesw5 libobjc-4.7-dev libobjc4
  libpython2.7-minimal libpython2.7-stdlib libsqlite3-0 libssl1.0.0
  mime-support python python-minimal python2.7 python2.7-minimal
The following packages will be upgraded:
  cpp-4.7 g++-4.7 gcc-4.7 gcc-4.7-base libc-dev-bin libc6 libc6-dev libgcc1
  libgomp1 libitm1 libncurses5 libquadmath0 libstdc++6 libstdc++6-4.7-dev
  libtinfo5
15 upgraded, 21 newly installed, 0 to remove and 24 not upgraded.
Need to get 56.7 MB of archives.
After this operation, 72.6 MB of additional disk space will be used.
Get:1 http://localhost/debian/ experimental/main gcc-4.8-base amd64 4.8-20130123-1 [147 kB]
Get:2 http://localhost/debian/ experimental/main libc6-dev amd64 2.16-0experimental1 [3086 kB]
Get:3 http://localhost/debian/ experimental/main libc-dev-bin amd64 2.16-0experimental1 [226 kB]
Get:4 http://localhost/debian/ experimental/main libc6 amd64 2.16-0experimental1 [4729 kB]
Get:5 http://localhost/debian/ experimental/main libgcc1 amd64 1:4.8-20130123-1 [43.7 kB]
Get:6 http://localhost/debian/ experimental/main libstdc++6 amd64 4.8-20130123-1 [336 kB]
Get:7 http://localhost/debian/ experimental/main libtinfo5 amd64 5.9+20130119-1 [294 kB]
Get:8 http://localhost/debian/ experimental/main libncurses5 amd64 5.9+20130119-1 [115 kB]
Get:9 http://localhost/debian/ experimental/main libncursesw5 amd64 5.9+20130119-1 [142 kB]
Get:10 http://localhost/debian/ unstable/main libssl1.0.0 amd64 1.0.1c-4 [1213 kB]
Get:11 http://localhost/debian/ unstable/main libsqlite3-0 amd64 3.7.15.2-1 [463 kB]
Get:12 http://localhost/debian/ experimental/main libexpat1 amd64 2.1.0-2 [138 kB]
Get:13 http://localhost/debian/ unstable/main libffi5 amd64 3.0.10-3 [24.8 kB]
Get:14 http://localhost/debian/ experimental/main libgomp1 amd64 4.8-20130123-1 [27.4 kB]
Get:15 http://localhost/debian/ experimental/main libitm1 amd64 4.8-20130123-1 [37.7 kB]
Get:16 http://localhost/debian/ unstable/main libllvm3.2 amd64 3.2-2 [7865 kB]
Get:17 http://localhost/debian/ experimental/main libobjc4 amd64 4.8-20130123-1 [163 kB]
Get:18 http://localhost/debian/ experimental/main libquadmath0 amd64 4.8-20130123-1 [139 kB]
Get:19 http://localhost/debian/ experimental/main libstdc++6-4.7-dev amd64 4.7.2-19 [1678 kB]
Get:20 http://localhost/debian/ experimental/main g++-4.7 amd64 4.7.2-19 [5877 kB]
Get:21 http://localhost/debian/ experimental/main gcc-4.7 amd64 4.7.2-19 [5831 kB]
Get:22 http://localhost/debian/ experimental/main cpp-4.7 amd64 4.7.2-19 [5416 kB]
Get:23 http://localhost/debian/ experimental/main libgcc-4.7-dev amd64 4.7.2-19 [2465 kB]
Get:24 http://localhost/debian/ experimental/main gcc-4.7-base amd64 4.7.2-19 [148 kB]
Get:25 http://localhost/debian/ experimental/main mime-support all 3.53~experimental2 [36.5 kB]
Get:26 http://localhost/debian/ experimental/main libpython2.7-minimal amd64 2.7.3-15 [531 kB]
Get:27 http://localhost/debian/ experimental/main python2.7-minimal amd64 2.7.3-15 [1220 kB]
Get:28 http://localhost/debian/ experimental/main libpython2.7-stdlib amd64 2.7.3-15 [2367 kB]
Get:29 http://localhost/debian/ experimental/main python2.7 amd64 2.7.3-15 [326 kB]
Get:30 http://localhost/debian/ experimental/main python-minimal amd64 2.7.3-10 [41.8 kB]
Get:31 http://localhost/debian/ experimental/main python amd64 2.7.3-10 [184 kB]
Get:32 http://localhost/debian/ experimental/main libobjc-4.7-dev amd64 4.7.2-19 [717 kB]
Get:33 http://localhost/debian/ experimental/main libclang-common-dev amd64 3.2-1~exp5 [303 kB]
Get:34 http://localhost/debian/ experimental/main compiler-rt amd64 3.2-1~exp5 [315 kB]
Get:35 http://localhost/debian/ experimental/main clang-3.2 amd64 3.2-1~exp5 [10.1 MB]
Get:36 http://localhost/debian/ experimental/main clang all 3.2-1~exp5 [9506 B]
debconf: delaying package configuration, since apt-utils is not installed
Fetched 56.7 MB in 1s (34.0 MB/s)
Selecting previously unselected package gcc-4.8-base:amd64.
(Reading database ... 13484 files and directories currently installed.)
Unpacking gcc-4.8-base:amd64 (from .../gcc-4.8-base_4.8-20130123-1_amd64.deb) ...
Setting up gcc-4.8-base:amd64 (4.8-20130123-1) ...
(Reading database ... 13491 files and directories currently installed.)
Preparing to replace libc6-dev:amd64 2.13-38 (using .../libc6-dev_2.16-0experimental1_amd64.deb) ...
Unpacking replacement libc6-dev:amd64 ...
Preparing to replace libc-dev-bin 2.13-38 (using .../libc-dev-bin_2.16-0experimental1_amd64.deb) ...
Unpacking replacement libc-dev-bin ...
Preparing to replace libc6:amd64 2.13-38 (using .../libc6_2.16-0experimental1_amd64.deb) ...
debconf: unable to initialize frontend: Dialog
debconf: (Dialog frontend will not work on a dumb terminal, an emacs shell buffer, or without a controlling terminal.)
debconf: falling back to frontend: Readline
debconf: unable to initialize frontend: Readline
debconf: (This frontend requires a controlling tty.)
debconf: falling back to frontend: Teletype
Checking for services that may need to be restarted...
Checking init scripts...
Unpacking replacement libc6:amd64 ...
Setting up libc6:amd64 (2.16-0experimental1) ...
debconf: unable to initialize frontend: Dialog
debconf: (Dialog frontend will not work on a dumb terminal, an emacs shell buffer, or without a controlling terminal.)
debconf: falling back to frontend: Readline
debconf: unable to initialize frontend: Readline
debconf: (This frontend requires a controlling tty.)
debconf: falling back to frontend: Teletype
Checking for services that may need to be restarted...
Checking init scripts...
Nothing to restart.
(Reading database ... 13509 files and directories currently installed.)
Preparing to replace libgcc1:amd64 1:4.7.2-5 (using .../libgcc1_1%3a4.8-20130123-1_amd64.deb) ...
Unpacking replacement libgcc1:amd64 ...
Setting up libgcc1:amd64 (1:4.8-20130123-1) ...
(Reading database ... 13509 files and directories currently installed.)
Preparing to replace libstdc++6:amd64 4.7.2-5 (using .../libstdc++6_4.8-20130123-1_amd64.deb) ...
Unpacking replacement libstdc++6:amd64 ...
Setting up libstdc++6:amd64 (4.8-20130123-1) ...
(Reading database ... 13509 files and directories currently installed.)
Preparing to replace libtinfo5:amd64 5.9-10 (using .../libtinfo5_5.9+20130119-1_amd64.deb) ...
Unpacking replacement libtinfo5:amd64 ...
Setting up libtinfo5:amd64 (5.9+20130119-1) ...
(Reading database ... 13509 files and directories currently installed.)
Preparing to replace libncurses5:amd64 5.9-10 (using .../libncurses5_5.9+20130119-1_amd64.deb) ...
Unpacking replacement libncurses5:amd64 ...
Setting up libncurses5:amd64 (5.9+20130119-1) ...
Selecting previously unselected package libncursesw5:amd64.
(Reading database ... 13509 files and directories currently installed.)
Unpacking libncursesw5:amd64 (from .../libncursesw5_5.9+20130119-1_amd64.deb) ...
Selecting previously unselected package libssl1.0.0:amd64.
Unpacking libssl1.0.0:amd64 (from .../libssl1.0.0_1.0.1c-4_amd64.deb) ...
Selecting previously unselected package libsqlite3-0:amd64.
Unpacking libsqlite3-0:amd64 (from .../libsqlite3-0_3.7.15.2-1_amd64.deb) ...
Selecting previously unselected package libexpat1:amd64.
Unpacking libexpat1:amd64 (from .../libexpat1_2.1.0-2_amd64.deb) ...
Selecting previously unselected package libffi5:amd64.
Unpacking libffi5:amd64 (from .../libffi5_3.0.10-3_amd64.deb) ...
Preparing to replace libgomp1:amd64 4.7.2-5 (using .../libgomp1_4.8-20130123-1_amd64.deb) ...
Unpacking replacement libgomp1:amd64 ...
Preparing to replace libitm1:amd64 4.7.2-5 (using .../libitm1_4.8-20130123-1_amd64.deb) ...
Unpacking replacement libitm1:amd64 ...
Selecting previously unselected package libllvm3.2:amd64.
Unpacking libllvm3.2:amd64 (from .../libllvm3.2_3.2-2_amd64.deb) ...
Selecting previously unselected package libobjc4:amd64.
Unpacking libobjc4:amd64 (from .../libobjc4_4.8-20130123-1_amd64.deb) ...
Preparing to replace libquadmath0:amd64 4.7.2-5 (using .../libquadmath0_4.8-20130123-1_amd64.deb) ...
Unpacking replacement libquadmath0:amd64 ...
Preparing to replace libstdc++6-4.7-dev 4.7.2-5 (using .../libstdc++6-4.7-dev_4.7.2-19_amd64.deb) ...
Unpacking replacement libstdc++6-4.7-dev:amd64 ...
Preparing to replace g++-4.7 4.7.2-5 (using .../g++-4.7_4.7.2-19_amd64.deb) ...
Unpacking replacement g++-4.7 ...
Preparing to replace gcc-4.7 4.7.2-5 (using .../gcc-4.7_4.7.2-19_amd64.deb) ...
Unpacking replacement gcc-4.7 ...
Preparing to replace cpp-4.7 4.7.2-5 (using .../cpp-4.7_4.7.2-19_amd64.deb) ...
Unpacking replacement cpp-4.7 ...
Selecting previously unselected package libgcc-4.7-dev:amd64.
Unpacking libgcc-4.7-dev:amd64 (from .../libgcc-4.7-dev_4.7.2-19_amd64.deb) ...
Preparing to replace gcc-4.7-base:amd64 4.7.2-5 (using .../gcc-4.7-base_4.7.2-19_amd64.deb) ...
Unpacking replacement gcc-4.7-base:amd64 ...
Selecting previously unselected package mime-support.
Unpacking mime-support (from .../mime-support_3.53~experimental2_all.deb) ...
Selecting previously unselected package libpython2.7-minimal:amd64.
Unpacking libpython2.7-minimal:amd64 (from .../libpython2.7-minimal_2.7.3-15_amd64.deb) ...
Selecting previously unselected package python2.7-minimal.
Unpacking python2.7-minimal (from .../python2.7-minimal_2.7.3-15_amd64.deb) ...
Selecting previously unselected package libpython2.7-stdlib:amd64.
Unpacking libpython2.7-stdlib:amd64 (from .../libpython2.7-stdlib_2.7.3-15_amd64.deb) ...
Selecting previously unselected package python2.7.
Unpacking python2.7 (from .../python2.7_2.7.3-15_amd64.deb) ...
Selecting previously unselected package python-minimal.
Unpacking python-minimal (from .../python-minimal_2.7.3-10_amd64.deb) ...
Selecting previously unselected package python.
Unpacking python (from .../python_2.7.3-10_amd64.deb) ...
Selecting previously unselected package libobjc-4.7-dev:amd64.
Unpacking libobjc-4.7-dev:amd64 (from .../libobjc-4.7-dev_4.7.2-19_amd64.deb) ...
Selecting previously unselected package libclang-common-dev.
Unpacking libclang-common-dev (from .../libclang-common-dev_3.2-1~exp5_amd64.deb) ...
Selecting previously unselected package compiler-rt.
Unpacking compiler-rt (from .../compiler-rt_3.2-1~exp5_amd64.deb) ...
Selecting previously unselected package clang-3.2.
Unpacking clang-3.2 (from .../clang-3.2_3.2-1~exp5_amd64.deb) ...
Selecting previously unselected package clang.
Unpacking clang (from .../clang_3.2-1~exp5_all.deb) ...
Setting up libc-dev-bin (2.16-0experimental1) ...
Setting up libc6-dev:amd64 (2.16-0experimental1) ...
Setting up libncursesw5:amd64 (5.9+20130119-1) ...
Setting up libssl1.0.0:amd64 (1.0.1c-4) ...
debconf: unable to initialize frontend: Dialog
debconf: (Dialog frontend will not work on a dumb terminal, an emacs shell buffer, or without a controlling terminal.)
debconf: falling back to frontend: Readline
debconf: unable to initialize frontend: Readline
debconf: (This frontend requires a controlling tty.)
debconf: falling back to frontend: Teletype
Setting up libsqlite3-0:amd64 (3.7.15.2-1) ...
Setting up libexpat1:amd64 (2.1.0-2) ...
Setting up libffi5:amd64 (3.0.10-3) ...
Setting up libgomp1:amd64 (4.8-20130123-1) ...
Setting up libitm1:amd64 (4.8-20130123-1) ...
Setting up libllvm3.2:amd64 (3.2-2) ...
Setting up libobjc4:amd64 (4.8-20130123-1) ...
Setting up libquadmath0:amd64 (4.8-20130123-1) ...
Setting up gcc-4.7-base:amd64 (4.7.2-19) ...
Setting up libgcc-4.7-dev:amd64 (4.7.2-19) ...
Setting up libstdc++6-4.7-dev:amd64 (4.7.2-19) ...
Setting up cpp-4.7 (4.7.2-19) ...
Setting up gcc-4.7 (4.7.2-19) ...
Setting up g++-4.7 (4.7.2-19) ...
Setting up mime-support (3.53~experimental2) ...
Setting up libpython2.7-minimal:amd64 (2.7.3-15) ...
Setting up python2.7-minimal (2.7.3-15) ...
Linking and byte-compiling packages for runtime python2.7...
Setting up libpython2.7-stdlib:amd64 (2.7.3-15) ...
Setting up python2.7 (2.7.3-15) ...
Setting up python-minimal (2.7.3-10) ...
Setting up python (2.7.3-10) ...
Setting up libobjc-4.7-dev:amd64 (4.7.2-19) ...
Setting up libclang-common-dev (3.2-1~exp5) ...
Setting up compiler-rt (3.2-1~exp5) ...
Setting up clang-3.2 (3.2-1~exp5) ...
Setting up clang (3.2-1~exp5) ...
+ echo 'Replace gcc, g++ & cpp by clang'
Replace gcc, g++ & cpp by clang
+ VERSIONS='4.6 4.7'
+ cd /usr/bin
+ for VERSION in '$VERSIONS'
+ rm g++-4.6 gcc-4.6 cpp-4.6
+ ln -s clang++ g++-4.6
+ ln -s clang gcc-4.6
+ ln -s clang cpp-4.6
+ for VERSION in '$VERSIONS'
+ rm g++-4.7 gcc-4.7 cpp-4.7
+ ln -s clang++ g++-4.7
+ ln -s clang gcc-4.7
+ ln -s clang cpp-4.7
+ cd -
/«BUILDDIR»
+ echo 'Block the installation of new gcc version'
Block the installation of new gcc version
+ echo 'gcc-4.6 hold'
+ dpkg --set-selections
+ echo 'cpp-4.6 hold'
+ dpkg --set-selections
+ echo 'g++-4.6 hold'
+ dpkg --set-selections
+ echo 'gcc-4.7 hold'
+ dpkg --set-selections
+ echo 'cpp-4.7 hold'
+ dpkg --set-selections
+ echo 'g++-4.7 hold'
+ dpkg --set-selections
+ echo 'Check if gcc, g++ & cpp are actually clang'
Check if gcc, g++ & cpp are actually clang
+ gcc --version
+ grep clang
+ cpp --version
+ grep clang
+ g++ --version
+ grep clang

I: Finished running '/tmp/switch-to-clang'.

Finished processing commands.
────────────────────────────────────────────────────────────────────────────────
Merged Build-Depends: build-essential, fakeroot
Filtered Build-Depends: build-essential, fakeroot
dpkg-deb: building package `sbuild-build-depends-core-dummy' in `/«BUILDDIR»/resolver-atOu2K/apt_archive/sbuild-build-depends-core-dummy.deb'.
OK
Reading package lists...

┌──────────────────────────────────────────────────────────────────────────────┐
│ Install core build dependencies (apt-based resolver)                         │
└──────────────────────────────────────────────────────────────────────────────┘

Installing build dependencies
Reading package lists...
Building dependency tree...
Reading state information...
The following NEW packages will be installed:
  sbuild-build-depends-core-dummy
debconf: delaying package configuration, since apt-utils is not installed
0 upgraded, 1 newly installed, 0 to remove and 0 not upgraded.
Need to get 0 B/710 B of archives.
After this operation, 0 B of additional disk space will be used.
Selecting previously unselected package sbuild-build-depends-core-dummy.
(Reading database ... 14674 files and directories currently installed.)
Unpacking sbuild-build-depends-core-dummy (from .../sbuild-build-depends-core-dummy.deb) ...
Setting up sbuild-build-depends-core-dummy (0.invalid.0) ...
Merged Build-Depends: base-files, base-passwd, bash, bsdutils, coreutils, dash, debianutils, diffutils, dpkg, e2fsprogs, findutils, grep, gzip, hostname, libc-bin, login, mount, ncurses-base, ncurses-bin, perl-base, sed, sysvinit, sysvinit-utils, tar, util-linux, libc6-dev | libc-dev, gcc (>= 4:4.4.3), g++ (>= 4:4.4.3), make, dpkg-dev (>= 1.13.5), debhelper (>= 9), autoconf, autotools-dev, zlib1g-dev, libtiff-dev, dpkg-dev (>= 1.16.1~), libpng-dev, libxml2-dev, libwrap0-dev, libssl-dev, doxygen (>= 1.7.4), graphviz, libcharls-dev
Filtered Build-Depends: base-files, base-passwd, bash, bsdutils, coreutils, dash, debianutils, diffutils, dpkg, e2fsprogs, findutils, grep, gzip, hostname, libc-bin, login, mount, ncurses-base, ncurses-bin, perl-base, sed, sysvinit, sysvinit-utils, tar, util-linux, libc6-dev, gcc (>= 4:4.4.3), g++ (>= 4:4.4.3), make, dpkg-dev (>= 1.13.5), debhelper (>= 9), autoconf, autotools-dev, zlib1g-dev, libtiff-dev, dpkg-dev (>= 1.16.1~), libpng-dev, libxml2-dev, libwrap0-dev, libssl-dev, doxygen (>= 1.7.4), graphviz, libcharls-dev
dpkg-deb: building package `sbuild-build-depends-dcmtk-dummy' in `/«BUILDDIR»/resolver-r0WsV6/apt_archive/sbuild-build-depends-dcmtk-dummy.deb'.
OK
Reading package lists...

┌──────────────────────────────────────────────────────────────────────────────┐
│ Install dcmtk build dependencies (apt-based resolver)                        │
└──────────────────────────────────────────────────────────────────────────────┘

Installing build dependencies
Reading package lists...
Building dependency tree...
Reading state information...
The following extra packages will be installed:
  autoconf autotools-dev bsdmainutils debhelper doxygen file fontconfig
  fontconfig-config gettext gettext-base graphviz groff-base html2text
  intltool-debian libasprintf-dev libasprintf0c2 libcairo2 libcdt4 libcgraph5
  libcharls-dev libcharls1 libcroco3 libdatrie1 libfontconfig1 libfreetype6
  libgd2-noxpm libgettextpo-dev libgettextpo0 libglib2.0-0 libgraph4 libgvc5
  libgvpr1 libice6 libjbig-dev libjbig0 libjpeg8 libjpeg8-dev libmagic1
  libpango1.0-0 libpathplan4 libpcre3 libpipeline1 libpixman-1-0 libpng12-0
  libpng12-dev libsigsegv2 libsm6 libssl-dev libthai-data libthai0 libtiff4
  libtiff4-dev libtiffxx0c2 libunistring0 libwrap0 libwrap0-dev libx11-6
  libx11-data libxau6 libxaw7 libxcb-render0 libxcb-shm0 libxcb1 libxdmcp6
  libxdot4 libxext6 libxft2 libxml2 libxml2-dev libxmu6 libxpm4 libxrender1
  libxt6 m4 man-db po-debconf ttf-dejavu-core x11-common zlib1g-dev
Suggested packages:
  autoconf2.13 autoconf-archive gnu-standards autoconf-doc libtool wamerican
  wordlist whois vacation dh-make doxygen-doc doxygen-gui gettext-doc gsfonts
  graphviz-doc groff libgd-tools ttf-baekmuk ttf-arphic-gbsn00lp
  ttf-arphic-bsmi00lp ttf-arphic-gkai00mp ttf-arphic-bkai00mp less www-browser
  libmail-box-perl
Recommended packages:
  automake automaken doxygen-latex curl wget lynx-cur autopoint ttf-liberation
  libglib2.0-data shared-mime-info libssl-doc tcpd xml-core
  libmail-sendmail-perl
The following NEW packages will be installed:
  autoconf autotools-dev bsdmainutils debhelper doxygen file fontconfig
  fontconfig-config gettext gettext-base graphviz groff-base html2text
  intltool-debian libasprintf-dev libasprintf0c2 libcairo2 libcdt4 libcgraph5
  libcharls-dev libcharls1 libcroco3 libdatrie1 libfontconfig1 libfreetype6
  libgd2-noxpm libgettextpo-dev libgettextpo0 libglib2.0-0 libgraph4 libgvc5
  libgvpr1 libice6 libjbig-dev libjbig0 libjpeg8 libjpeg8-dev libmagic1
  libpango1.0-0 libpathplan4 libpcre3 libpipeline1 libpixman-1-0 libpng12-0
  libpng12-dev libsigsegv2 libsm6 libssl-dev libthai-data libthai0 libtiff4
  libtiff4-dev libtiffxx0c2 libunistring0 libwrap0 libwrap0-dev libx11-6
  libx11-data libxau6 libxaw7 libxcb-render0 libxcb-shm0 libxcb1 libxdmcp6
  libxdot4 libxext6 libxft2 libxml2 libxml2-dev libxmu6 libxpm4 libxrender1
  libxt6 m4 man-db po-debconf sbuild-build-depends-dcmtk-dummy ttf-dejavu-core
  x11-common zlib1g-dev
0 upgraded, 80 newly installed, 0 to remove and 0 not upgraded.
Need to get 25.5 MB/25.5 MB of archives.
After this operation, 68.1 MB of additional disk space will be used.
Get:1 http://localhost/debian/ unstable/main libpipeline1 amd64 1.2.2-1 [39.9 kB]
Get:2 http://localhost/debian/ unstable/main groff-base amd64 1.22.1-2 [741 kB]
Get:3 http://localhost/debian/ unstable/main bsdmainutils amd64 9.0.4 [210 kB]
Get:4 http://localhost/debian/ unstable/main man-db amd64 2.6.3-3 [898 kB]
Get:5 http://localhost/debian/ unstable/main libasprintf0c2 amd64 0.18.1.1-10 [27.2 kB]
Get:6 http://localhost/debian/ unstable/main libmagic1 amd64 5.11-2 [202 kB]
Get:7 http://localhost/debian/ unstable/main libpcre3 amd64 1:8.31-2 [247 kB]
Get:8 http://localhost/debian/ unstable/main libwrap0 amd64 7.6.q-24 [62.4 kB]
Get:9 http://localhost/debian/ unstable/main libxml2 amd64 2.8.0+dfsg1-7 [903 kB]
Get:10 http://localhost/debian/ unstable/main libfreetype6 amd64 2.4.9-1.1 [451 kB]
Get:11 http://localhost/debian/ unstable/main ttf-dejavu-core all 2.33-3 [1021 kB]
Get:12 http://localhost/debian/ unstable/main fontconfig-config all 2.9.0-7.1 [233 kB]
Get:13 http://localhost/debian/ unstable/main libfontconfig1 amd64 2.9.0-7.1 [300 kB]
Get:14 http://localhost/debian/ unstable/main libpixman-1-0 amd64 0.26.0-3 [427 kB]
Get:15 http://localhost/debian/ unstable/main libpng12-0 amd64 1.2.49-3 [190 kB]
Get:16 http://localhost/debian/ unstable/main libxau6 amd64 1:1.0.7-1 [18.8 kB]
Get:17 http://localhost/debian/ unstable/main libxdmcp6 amd64 1:1.1.1-1 [26.3 kB]
Get:18 http://localhost/debian/ unstable/main libxcb1 amd64 1.8.1-2 [50.1 kB]
Get:19 http://localhost/debian/ unstable/main libx11-data all 2:1.5.0-1 [189 kB]
Get:20 http://localhost/debian/ unstable/main libx11-6 amd64 2:1.5.0-1 [901 kB]
Get:21 http://localhost/debian/ unstable/main libxcb-render0 amd64 1.8.1-2 [18.5 kB]
Get:22 http://localhost/debian/ unstable/main libxcb-shm0 amd64 1.8.1-2 [10.3 kB]
Get:23 http://localhost/debian/ unstable/main libxrender1 amd64 1:0.9.7-1 [32.2 kB]
Get:24 http://localhost/debian/ unstable/main libcairo2 amd64 1.12.2-2.1 [912 kB]
Get:25 http://localhost/debian/ unstable/main libcharls1 amd64 1.0-2 [81.3 kB]
Get:26 http://localhost/debian/ unstable/main libglib2.0-0 amd64 2.33.12+really2.32.4-5 [1838 kB]
Get:27 http://localhost/debian/ unstable/main libcroco3 amd64 0.6.6-2 [134 kB]
Get:28 http://localhost/debian/ unstable/main libdatrie1 amd64 0.2.5-3 [28.6 kB]
Get:29 http://localhost/debian/ unstable/main libjpeg8 amd64 8d-1 [134 kB]
Get:30 http://localhost/debian/ unstable/main libgd2-noxpm amd64 2.0.36~rc1~dfsg-6.1 [229 kB]
Get:31 http://localhost/debian/ unstable/main libunistring0 amd64 0.9.3-5 [434 kB]
Get:32 http://localhost/debian/ unstable/main libgettextpo0 amd64 0.18.1.1-10 [145 kB]
Get:33 http://localhost/debian/ unstable/main x11-common all 1:7.7+1 [278 kB]
Get:34 http://localhost/debian/ unstable/main libice6 amd64 2:1.0.8-2 [63.1 kB]
Get:35 http://localhost/debian/ unstable/main libthai-data all 0.1.18-2 [154 kB]
Get:36 http://localhost/debian/ unstable/main libthai0 amd64 0.1.18-2 [42.3 kB]
Get:37 http://localhost/debian/ unstable/main libxft2 amd64 2.3.1-1 [61.0 kB]
Get:38 http://localhost/debian/ unstable/main fontconfig amd64 2.9.0-7.1 [348 kB]
Get:39 http://localhost/debian/ unstable/main libpango1.0-0 amd64 1.30.0-1 [461 kB]
Get:40 http://localhost/debian/ unstable/main libsm6 amd64 2:1.2.1-2 [34.2 kB]
Get:41 http://localhost/debian/ unstable/main libjbig0 amd64 2.0-2 [32.2 kB]
Get:42 http://localhost/debian/ unstable/main libtiff4 amd64 3.9.6-11 [202 kB]
Get:43 http://localhost/debian/ unstable/main libtiffxx0c2 amd64 3.9.6-11 [63.4 kB]
Get:44 http://localhost/debian/ unstable/main libxext6 amd64 2:1.3.1-2 [55.3 kB]
Get:45 http://localhost/debian/ unstable/main libxt6 amd64 1:1.1.3-1 [211 kB]
Get:46 http://localhost/debian/ unstable/main libxmu6 amd64 2:1.1.1-1 [66.6 kB]
Get:47 http://localhost/debian/ unstable/main libxpm4 amd64 1:3.5.10-1 [49.4 kB]
Get:48 http://localhost/debian/ unstable/main libxaw7 amd64 2:1.0.10-2 [226 kB]
Get:49 http://localhost/debian/ unstable/main libjbig-dev amd64 2.0-2 [11.3 kB]
Get:50 http://localhost/debian/ unstable/main file amd64 5.11-2 [51.8 kB]
Get:51 http://localhost/debian/ unstable/main gettext-base amd64 0.18.1.1-10 [154 kB]
Get:52 http://localhost/debian/ unstable/main libsigsegv2 amd64 2.9-4 [28.9 kB]
Get:53 http://localhost/debian/ unstable/main m4 amd64 1.4.16-4 [260 kB]
Get:54 http://localhost/debian/ unstable/main autoconf all 2.69-1 [589 kB]
Get:55 http://localhost/debian/ unstable/main autotools-dev all 20120608.1 [73.0 kB]
Get:56 http://localhost/debian/ unstable/main html2text amd64 1.3.2a-15 [103 kB]
Get:57 http://localhost/debian/ unstable/main libasprintf-dev amd64 0.18.1.1-10 [26.8 kB]
Get:58 http://localhost/debian/ unstable/main libgettextpo-dev amd64 0.18.1.1-10 [184 kB]
Get:59 http://localhost/debian/ unstable/main gettext amd64 0.18.1.1-10 [1815 kB]
Get:60 http://localhost/debian/ unstable/main intltool-debian all 0.35.0+20060710.1 [30.8 kB]
Get:61 http://localhost/debian/ unstable/main po-debconf all 1.0.16+nmu2 [224 kB]
Get:62 http://localhost/debian/ unstable/main debhelper all 9.20120909 [705 kB]
Get:63 http://localhost/debian/ unstable/main doxygen amd64 1.8.1.2-1 [2571 kB]
Get:64 http://localhost/debian/ unstable/main libcdt4 amd64 2.26.3-12 [59.4 kB]
Get:65 http://localhost/debian/ unstable/main libcgraph5 amd64 2.26.3-12 [87.3 kB]
Get:66 http://localhost/debian/ unstable/main libgraph4 amd64 2.26.3-12 [73.4 kB]
Get:67 http://localhost/debian/ unstable/main libpathplan4 amd64 2.26.3-12 [64.7 kB]
Get:68 http://localhost/debian/ unstable/main libxdot4 amd64 2.26.3-12 [53.8 kB]
Get:69 http://localhost/debian/ unstable/main libgvc5 amd64 2.26.3-12 [558 kB]
Get:70 http://localhost/debian/ unstable/main libgvpr1 amd64 2.26.3-12 [243 kB]
Get:71 http://localhost/debian/ unstable/main graphviz amd64 2.26.3-12 [375 kB]
Get:72 http://localhost/debian/ unstable/main libcharls-dev amd64 1.0-2 [20.0 kB]
Get:73 http://localhost/debian/ unstable/main libjpeg8-dev amd64 8d-1 [242 kB]
Get:74 http://localhost/debian/ unstable/main zlib1g-dev amd64 1:1.2.7.dfsg-13 [215 kB]
Get:75 http://localhost/debian/ unstable/main libpng12-dev amd64 1.2.49-3 [267 kB]
Get:76 http://localhost/debian/ unstable/main libssl-dev amd64 1.0.1c-4 [1698 kB]
Get:77 http://localhost/debian/ unstable/main libtiff4-dev amd64 3.9.6-11 [337 kB]
Get:78 http://localhost/debian/ unstable/main libwrap0-dev amd64 7.6.q-24 [25.4 kB]
Get:79 http://localhost/debian/ unstable/main libxml2-dev amd64 2.8.0+dfsg1-7 [899 kB]
debconf: delaying package configuration, since apt-utils is not installed
Fetched 25.5 MB in 1s (21.7 MB/s)
Selecting previously unselected package libpipeline1:amd64.
(Reading database ... 14674 files and directories currently installed.)
Unpacking libpipeline1:amd64 (from .../libpipeline1_1.2.2-1_amd64.deb) ...
Selecting previously unselected package groff-base.
Unpacking groff-base (from .../groff-base_1.22.1-2_amd64.deb) ...
Selecting previously unselected package bsdmainutils.
Unpacking bsdmainutils (from .../bsdmainutils_9.0.4_amd64.deb) ...
Selecting previously unselected package man-db.
Unpacking man-db (from .../man-db_2.6.3-3_amd64.deb) ...
Selecting previously unselected package libasprintf0c2:amd64.
Unpacking libasprintf0c2:amd64 (from .../libasprintf0c2_0.18.1.1-10_amd64.deb) ...
Selecting previously unselected package libmagic1:amd64.
Unpacking libmagic1:amd64 (from .../libmagic1_5.11-2_amd64.deb) ...
Selecting previously unselected package libpcre3:amd64.
Unpacking libpcre3:amd64 (from .../libpcre3_1%3a8.31-2_amd64.deb) ...
Selecting previously unselected package libwrap0:amd64.
Unpacking libwrap0:amd64 (from .../libwrap0_7.6.q-24_amd64.deb) ...
Selecting previously unselected package libxml2:amd64.
Unpacking libxml2:amd64 (from .../libxml2_2.8.0+dfsg1-7_amd64.deb) ...
Selecting previously unselected package libfreetype6:amd64.
Unpacking libfreetype6:amd64 (from .../libfreetype6_2.4.9-1.1_amd64.deb) ...
Selecting previously unselected package ttf-dejavu-core.
Unpacking ttf-dejavu-core (from .../ttf-dejavu-core_2.33-3_all.deb) ...
Selecting previously unselected package fontconfig-config.
Unpacking fontconfig-config (from .../fontconfig-config_2.9.0-7.1_all.deb) ...
Selecting previously unselected package libfontconfig1:amd64.
Unpacking libfontconfig1:amd64 (from .../libfontconfig1_2.9.0-7.1_amd64.deb) ...
Selecting previously unselected package libpixman-1-0:amd64.
Unpacking libpixman-1-0:amd64 (from .../libpixman-1-0_0.26.0-3_amd64.deb) ...
Selecting previously unselected package libpng12-0:amd64.
Unpacking libpng12-0:amd64 (from .../libpng12-0_1.2.49-3_amd64.deb) ...
Selecting previously unselected package libxau6:amd64.
Unpacking libxau6:amd64 (from .../libxau6_1%3a1.0.7-1_amd64.deb) ...
Selecting previously unselected package libxdmcp6:amd64.
Unpacking libxdmcp6:amd64 (from .../libxdmcp6_1%3a1.1.1-1_amd64.deb) ...
Selecting previously unselected package libxcb1:amd64.
Unpacking libxcb1:amd64 (from .../libxcb1_1.8.1-2_amd64.deb) ...
Selecting previously unselected package libx11-data.
Unpacking libx11-data (from .../libx11-data_2%3a1.5.0-1_all.deb) ...
Selecting previously unselected package libx11-6:amd64.
Unpacking libx11-6:amd64 (from .../libx11-6_2%3a1.5.0-1_amd64.deb) ...
Selecting previously unselected package libxcb-render0:amd64.
Unpacking libxcb-render0:amd64 (from .../libxcb-render0_1.8.1-2_amd64.deb) ...
Selecting previously unselected package libxcb-shm0:amd64.
Unpacking libxcb-shm0:amd64 (from .../libxcb-shm0_1.8.1-2_amd64.deb) ...
Selecting previously unselected package libxrender1:amd64.
Unpacking libxrender1:amd64 (from .../libxrender1_1%3a0.9.7-1_amd64.deb) ...
Selecting previously unselected package libcairo2:amd64.
Unpacking libcairo2:amd64 (from .../libcairo2_1.12.2-2.1_amd64.deb) ...
Selecting previously unselected package libcharls1.
Unpacking libcharls1 (from .../libcharls1_1.0-2_amd64.deb) ...
Selecting previously unselected package libglib2.0-0:amd64.
Unpacking libglib2.0-0:amd64 (from .../libglib2.0-0_2.33.12+really2.32.4-5_amd64.deb) ...
Selecting previously unselected package libcroco3:amd64.
Unpacking libcroco3:amd64 (from .../libcroco3_0.6.6-2_amd64.deb) ...
Selecting previously unselected package libdatrie1:amd64.
Unpacking libdatrie1:amd64 (from .../libdatrie1_0.2.5-3_amd64.deb) ...
Selecting previously unselected package libjpeg8:amd64.
Unpacking libjpeg8:amd64 (from .../libjpeg8_8d-1_amd64.deb) ...
Selecting previously unselected package libgd2-noxpm:amd64.
Unpacking libgd2-noxpm:amd64 (from .../libgd2-noxpm_2.0.36~rc1~dfsg-6.1_amd64.deb) ...
Selecting previously unselected package libunistring0:amd64.
Unpacking libunistring0:amd64 (from .../libunistring0_0.9.3-5_amd64.deb) ...
Selecting previously unselected package libgettextpo0:amd64.
Unpacking libgettextpo0:amd64 (from .../libgettextpo0_0.18.1.1-10_amd64.deb) ...
Selecting previously unselected package x11-common.
Unpacking x11-common (from .../x11-common_1%3a7.7+1_all.deb) ...
Selecting previously unselected package libice6:amd64.
Unpacking libice6:amd64 (from .../libice6_2%3a1.0.8-2_amd64.deb) ...
Selecting previously unselected package libthai-data.
Unpacking libthai-data (from .../libthai-data_0.1.18-2_all.deb) ...
Selecting previously unselected package libthai0:amd64.
Unpacking libthai0:amd64 (from .../libthai0_0.1.18-2_amd64.deb) ...
Selecting previously unselected package libxft2:amd64.
Unpacking libxft2:amd64 (from .../libxft2_2.3.1-1_amd64.deb) ...
Selecting previously unselected package fontconfig.
Unpacking fontconfig (from .../fontconfig_2.9.0-7.1_amd64.deb) ...
Selecting previously unselected package libpango1.0-0:amd64.
Unpacking libpango1.0-0:amd64 (from .../libpango1.0-0_1.30.0-1_amd64.deb) ...
Selecting previously unselected package libsm6:amd64.
Unpacking libsm6:amd64 (from .../libsm6_2%3a1.2.1-2_amd64.deb) ...
Selecting previously unselected package libjbig0:amd64.
Unpacking libjbig0:amd64 (from .../libjbig0_2.0-2_amd64.deb) ...
Selecting previously unselected package libtiff4:amd64.
Unpacking libtiff4:amd64 (from .../libtiff4_3.9.6-11_amd64.deb) ...
Selecting previously unselected package libtiffxx0c2:amd64.
Unpacking libtiffxx0c2:amd64 (from .../libtiffxx0c2_3.9.6-11_amd64.deb) ...
Selecting previously unselected package libxext6:amd64.
Unpacking libxext6:amd64 (from .../libxext6_2%3a1.3.1-2_amd64.deb) ...
Selecting previously unselected package libxt6:amd64.
Unpacking libxt6:amd64 (from .../libxt6_1%3a1.1.3-1_amd64.deb) ...
Selecting previously unselected package libxmu6:amd64.
Unpacking libxmu6:amd64 (from .../libxmu6_2%3a1.1.1-1_amd64.deb) ...
Selecting previously unselected package libxpm4:amd64.
Unpacking libxpm4:amd64 (from .../libxpm4_1%3a3.5.10-1_amd64.deb) ...
Selecting previously unselected package libxaw7:amd64.
Unpacking libxaw7:amd64 (from .../libxaw7_2%3a1.0.10-2_amd64.deb) ...
Selecting previously unselected package libjbig-dev:amd64.
Unpacking libjbig-dev:amd64 (from .../libjbig-dev_2.0-2_amd64.deb) ...
Selecting previously unselected package file.
Unpacking file (from .../archives/file_5.11-2_amd64.deb) ...
Selecting previously unselected package gettext-base.
Unpacking gettext-base (from .../gettext-base_0.18.1.1-10_amd64.deb) ...
Selecting previously unselected package libsigsegv2.
Unpacking libsigsegv2 (from .../libsigsegv2_2.9-4_amd64.deb) ...
Selecting previously unselected package m4.
Unpacking m4 (from .../archives/m4_1.4.16-4_amd64.deb) ...
Selecting previously unselected package autoconf.
Unpacking autoconf (from .../autoconf_2.69-1_all.deb) ...
Selecting previously unselected package autotools-dev.
Unpacking autotools-dev (from .../autotools-dev_20120608.1_all.deb) ...
Selecting previously unselected package html2text.
Unpacking html2text (from .../html2text_1.3.2a-15_amd64.deb) ...
Selecting previously unselected package libasprintf-dev:amd64.
Unpacking libasprintf-dev:amd64 (from .../libasprintf-dev_0.18.1.1-10_amd64.deb) ...
Selecting previously unselected package libgettextpo-dev:amd64.
Unpacking libgettextpo-dev:amd64 (from .../libgettextpo-dev_0.18.1.1-10_amd64.deb) ...
Selecting previously unselected package gettext.
Unpacking gettext (from .../gettext_0.18.1.1-10_amd64.deb) ...
Selecting previously unselected package intltool-debian.
Unpacking intltool-debian (from .../intltool-debian_0.35.0+20060710.1_all.deb) ...
Selecting previously unselected package po-debconf.
Unpacking po-debconf (from .../po-debconf_1.0.16+nmu2_all.deb) ...
Selecting previously unselected package debhelper.
Unpacking debhelper (from .../debhelper_9.20120909_all.deb) ...
Selecting previously unselected package doxygen.
Unpacking doxygen (from .../doxygen_1.8.1.2-1_amd64.deb) ...
Selecting previously unselected package libcdt4.
Unpacking libcdt4 (from .../libcdt4_2.26.3-12_amd64.deb) ...
Selecting previously unselected package libcgraph5.
Unpacking libcgraph5 (from .../libcgraph5_2.26.3-12_amd64.deb) ...
Selecting previously unselected package libgraph4.
Unpacking libgraph4 (from .../libgraph4_2.26.3-12_amd64.deb) ...
Selecting previously unselected package libpathplan4.
Unpacking libpathplan4 (from .../libpathplan4_2.26.3-12_amd64.deb) ...
Selecting previously unselected package libxdot4.
Unpacking libxdot4 (from .../libxdot4_2.26.3-12_amd64.deb) ...
Selecting previously unselected package libgvc5.
Unpacking libgvc5 (from .../libgvc5_2.26.3-12_amd64.deb) ...
Selecting previously unselected package libgvpr1.
Unpacking libgvpr1 (from .../libgvpr1_2.26.3-12_amd64.deb) ...
Selecting previously unselected package graphviz.
Unpacking graphviz (from .../graphviz_2.26.3-12_amd64.deb) ...
Selecting previously unselected package libcharls-dev.
Unpacking libcharls-dev (from .../libcharls-dev_1.0-2_amd64.deb) ...
Selecting previously unselected package libjpeg8-dev:amd64.
Unpacking libjpeg8-dev:amd64 (from .../libjpeg8-dev_8d-1_amd64.deb) ...
Selecting previously unselected package zlib1g-dev:amd64.
Unpacking zlib1g-dev:amd64 (from .../zlib1g-dev_1%3a1.2.7.dfsg-13_amd64.deb) ...
Selecting previously unselected package libpng12-dev.
Unpacking libpng12-dev (from .../libpng12-dev_1.2.49-3_amd64.deb) ...
Selecting previously unselected package libssl-dev.
Unpacking libssl-dev (from .../libssl-dev_1.0.1c-4_amd64.deb) ...
Selecting previously unselected package libtiff4-dev.
Unpacking libtiff4-dev (from .../libtiff4-dev_3.9.6-11_amd64.deb) ...
Selecting previously unselected package libwrap0-dev:amd64.
Unpacking libwrap0-dev:amd64 (from .../libwrap0-dev_7.6.q-24_amd64.deb) ...
Selecting previously unselected package libxml2-dev:amd64.
Unpacking libxml2-dev:amd64 (from .../libxml2-dev_2.8.0+dfsg1-7_amd64.deb) ...
Selecting previously unselected package sbuild-build-depends-dcmtk-dummy.
Unpacking sbuild-build-depends-dcmtk-dummy (from .../sbuild-build-depends-dcmtk-dummy.deb) ...
Processing triggers for mime-support ...
Setting up libpipeline1:amd64 (1.2.2-1) ...
Setting up groff-base (1.22.1-2) ...
Setting up bsdmainutils (9.0.4) ...
update-alternatives: using /usr/bin/bsd-write to provide /usr/bin/write (write) in auto mode
update-alternatives: using /usr/bin/bsd-from to provide /usr/bin/from (from) in auto mode
Setting up man-db (2.6.3-3) ...
Building database of manual pages ...
Setting up libasprintf0c2:amd64 (0.18.1.1-10) ...
Setting up libmagic1:amd64 (5.11-2) ...
Setting up libpcre3:amd64 (1:8.31-2) ...
Setting up libwrap0:amd64 (7.6.q-24) ...
Setting up libxml2:amd64 (2.8.0+dfsg1-7) ...
Setting up libfreetype6:amd64 (2.4.9-1.1) ...
Setting up ttf-dejavu-core (2.33-3) ...
Setting up fontconfig-config (2.9.0-7.1) ...
Setting up libfontconfig1:amd64 (2.9.0-7.1) ...
Setting up libpixman-1-0:amd64 (0.26.0-3) ...
Setting up libpng12-0:amd64 (1.2.49-3) ...
Setting up libxau6:amd64 (1:1.0.7-1) ...
Setting up libxdmcp6:amd64 (1:1.1.1-1) ...
Setting up libxcb1:amd64 (1.8.1-2) ...
Setting up libx11-data (2:1.5.0-1) ...
Setting up libx11-6:amd64 (2:1.5.0-1) ...
Setting up libxcb-render0:amd64 (1.8.1-2) ...
Setting up libxcb-shm0:amd64 (1.8.1-2) ...
Setting up libxrender1:amd64 (1:0.9.7-1) ...
Setting up libcairo2:amd64 (1.12.2-2.1) ...
Setting up libcharls1 (1.0-2) ...
Setting up libglib2.0-0:amd64 (2.33.12+really2.32.4-5) ...
No schema files found: doing nothing.
Setting up libcroco3:amd64 (0.6.6-2) ...
Setting up libdatrie1:amd64 (0.2.5-3) ...
Setting up libjpeg8:amd64 (8d-1) ...
Setting up libgd2-noxpm:amd64 (2.0.36~rc1~dfsg-6.1) ...
Setting up libunistring0:amd64 (0.9.3-5) ...
Setting up libgettextpo0:amd64 (0.18.1.1-10) ...
Setting up x11-common (1:7.7+1) ...
All runlevel operations denied by policy
invoke-rc.d: policy-rc.d denied execution of start.
Setting up libice6:amd64 (2:1.0.8-2) ...
Setting up libthai-data (0.1.18-2) ...
Setting up libthai0:amd64 (0.1.18-2) ...
Setting up libxft2:amd64 (2.3.1-1) ...
Setting up fontconfig (2.9.0-7.1) ...
Regenerating fonts cache... done.
Setting up libpango1.0-0:amd64 (1.30.0-1) ...
Setting up libsm6:amd64 (2:1.2.1-2) ...
Setting up libjbig0:amd64 (2.0-2) ...
Setting up libtiff4:amd64 (3.9.6-11) ...
Setting up libtiffxx0c2:amd64 (3.9.6-11) ...
Setting up libxext6:amd64 (2:1.3.1-2) ...
Setting up libxt6:amd64 (1:1.1.3-1) ...
Setting up libxmu6:amd64 (2:1.1.1-1) ...
Setting up libxpm4:amd64 (1:3.5.10-1) ...
Setting up libxaw7:amd64 (2:1.0.10-2) ...
Setting up libjbig-dev:amd64 (2.0-2) ...
Setting up file (5.11-2) ...
Setting up gettext-base (0.18.1.1-10) ...
Setting up libsigsegv2 (2.9-4) ...
Setting up m4 (1.4.16-4) ...
Setting up autoconf (2.69-1) ...
Setting up autotools-dev (20120608.1) ...
Setting up html2text (1.3.2a-15) ...
Setting up libasprintf-dev:amd64 (0.18.1.1-10) ...
Setting up libgettextpo-dev:amd64 (0.18.1.1-10) ...
Setting up gettext (0.18.1.1-10) ...
Setting up intltool-debian (0.35.0+20060710.1) ...
Setting up po-debconf (1.0.16+nmu2) ...
Setting up debhelper (9.20120909) ...
Setting up doxygen (1.8.1.2-1) ...
Setting up libcdt4 (2.26.3-12) ...
Setting up libcgraph5 (2.26.3-12) ...
Setting up libgraph4 (2.26.3-12) ...
Setting up libpathplan4 (2.26.3-12) ...
Setting up libxdot4 (2.26.3-12) ...
Setting up libgvc5 (2.26.3-12) ...
Setting up libgvpr1 (2.26.3-12) ...
Setting up graphviz (2.26.3-12) ...
Setting up libcharls-dev (1.0-2) ...
Setting up libjpeg8-dev:amd64 (8d-1) ...
Setting up zlib1g-dev:amd64 (1:1.2.7.dfsg-13) ...
Setting up libpng12-dev (1.2.49-3) ...
Setting up libssl-dev (1.0.1c-4) ...
Setting up libtiff4-dev (3.9.6-11) ...
Setting up libwrap0-dev:amd64 (7.6.q-24) ...
Setting up libxml2-dev:amd64 (2.8.0+dfsg1-7) ...
Setting up sbuild-build-depends-dcmtk-dummy (0.invalid.0) ...

┌──────────────────────────────────────────────────────────────────────────────┐
│ Build environment                                                            │
└──────────────────────────────────────────────────────────────────────────────┘

Kernel: Linux 2.6.32-5-xen-amd64 amd64 (x86_64)
Toolchain package versions: binutils_2.22-7.1 dpkg-dev_1.16.9 g++-4.6_4.6.3-15 g++-4.7_4.7.2-19 gcc-4.6_4.6.3-15 gcc-4.7_4.7.2-19 libc6-dev_2.16-0experimental1 libstdc++6_4.8-20130123-1 libstdc++6-4.6-dev_4.6.3-15 libstdc++6-4.7-dev_4.7.2-19 linux-libc-dev_3.2.35-2
Package versions: apt_0.9.7.7 autoconf_2.69-1 autotools-dev_20120608.1 base-files_7.1 base-passwd_3.5.26 bash_4.2+dfsg-0.1 binutils_2.22-7.1 bsdmainutils_9.0.4 bsdutils_1:2.20.1-5.3 build-essential_11.6 bzip2_1.0.6-4 clang_3.2-1~exp5 clang-3.2_3.2-1~exp5 compiler-rt_3.2-1~exp5 coreutils_8.20-3 cpp_4:4.7.2-1 cpp-4.6_4.6.3-15 cpp-4.7_4.7.2-19 dash_0.5.7-3 debconf_1.5.49 debconf-i18n_1.5.49 debfoster_2.7-1.2 debhelper_9.20120909 debian-archive-keyring_2012.4 debianutils_4.3.4 diffutils_1:3.2-7 doxygen_1.8.1.2-1 dpkg_1.16.9 dpkg-dev_1.16.9 e2fslibs_1.42.5-1 e2fsprogs_1.42.5-1 fakeroot_1.18.4-2 file_5.11-2 findutils_4.4.2-5 fontconfig_2.9.0-7.1 fontconfig-config_2.9.0-7.1 g++_4:4.7.2-1 g++-4.6_4.6.3-15 g++-4.7_4.7.2-19 gcc_4:4.7.2-1 gcc-4.4-base_4.4.7-3 gcc-4.5-base_4.5.4-1 gcc-4.6_4.6.3-15 gcc-4.6-base_4.6.3-15 gcc-4.7_4.7.2-19 gcc-4.7-base_4.7.2-19 gcc-4.8-base_4.8-20130123-1 gettext_0.18.1.1-10 gettext-base_0.18.1.1-10 gnupg_1.4.12-7 gpgv_1.4.12-7 graphviz_2.26.3-12 grep_2.14-1 groff-base_1.22.1-2 gzip_1.5-1.1 hostname_3.12 html2text_1.3.2a-15 initscripts_2.88dsf-39 insserv_1.14.0-5 intltool-debian_0.35.0+20060710.1 libacl1_2.2.51-8 libapt-pkg4.12_0.9.7.7 libasprintf-dev_0.18.1.1-10 libasprintf0c2_0.18.1.1-10 libattr1_1:2.4.46-8 libblkid1_2.20.1-5.3 libbz2-1.0_1.0.6-4 libc-bin_2.13-38 libc-dev-bin_2.16-0experimental1 libc6_2.16-0experimental1 libc6-dev_2.16-0experimental1 libcairo2_1.12.2-2.1 libcdt4_2.26.3-12 libcgraph5_2.26.3-12 libcharls-dev_1.0-2 libcharls1_1.0-2 libclang-common-dev_3.2-1~exp5 libclass-isa-perl_0.36-5 libcomerr2_1.42.5-1 libcroco3_0.6.6-2 libdatrie1_0.2.5-3 libdb5.1_5.1.29-5 libdpkg-perl_1.16.9 libexpat1_2.1.0-2 libffi5_3.0.10-3 libfile-fcntllock-perl_0.14-2 libfontconfig1_2.9.0-7.1 libfreetype6_2.4.9-1.1 libgc1c2_1:7.1-9.1 libgcc-4.7-dev_4.7.2-19 libgcc1_1:4.8-20130123-1 libgd2-noxpm_2.0.36~rc1~dfsg-6.1 libgdbm3_1.8.3-11 libgettextpo-dev_0.18.1.1-10 libgettextpo0_0.18.1.1-10 libglib2.0-0_2.33.12+really2.32.4-5 libgmp10_2:5.0.5+dfsg-2 libgomp1_4.8-20130123-1 libgpm2_1.20.4-6 libgraph4_2.26.3-12 libgvc5_2.26.3-12 libgvpr1_2.26.3-12 libice6_2:1.0.8-2 libitm1_4.8-20130123-1 libjbig-dev_2.0-2 libjbig0_2.0-2 libjpeg8_8d-1 libjpeg8-dev_8d-1 libllvm3.2_3.2-2 liblocale-gettext-perl_1.05-7+b1 liblzma5_5.1.1alpha+20120614-2 libmagic1_5.11-2 libmount1_2.20.1-5.3 libmpc2_0.9-4 libmpfr4_3.1.0-5 libncurses5_5.9+20130119-1 libncursesw5_5.9+20130119-1 libobjc-4.7-dev_4.7.2-19 libobjc4_4.8-20130123-1 libpam-modules_1.1.3-7.1 libpam-modules-bin_1.1.3-7.1 libpam-runtime_1.1.3-7.1 libpam0g_1.1.3-7.1 libpango1.0-0_1.30.0-1 libpathplan4_2.26.3-12 libpcre3_1:8.31-2 libpipeline1_1.2.2-1 libpixman-1-0_0.26.0-3 libpng12-0_1.2.49-3 libpng12-dev_1.2.49-3 libpython2.7-minimal_2.7.3-15 libpython2.7-stdlib_2.7.3-15 libquadmath0_4.8-20130123-1 libreadline6_6.2+dfsg-0.1 libselinux1_2.1.9-5 libsemanage-common_2.1.6-6 libsemanage1_2.1.6-6 libsepol1_2.1.4-3 libsigsegv2_2.9-4 libslang2_2.2.4-15 libsm6_2:1.2.1-2 libsqlite3-0_3.7.15.2-1 libss2_1.42.5-1 libssl-dev_1.0.1c-4 libssl1.0.0_1.0.1c-4 libstdc++6_4.8-20130123-1 libstdc++6-4.6-dev_4.6.3-15 libstdc++6-4.7-dev_4.7.2-19 libswitch-perl_2.16-2 libtext-charwidth-perl_0.04-7+b1 libtext-iconv-perl_1.7-5 libtext-wrapi18n-perl_0.06-7 libthai-data_0.1.18-2 libthai0_0.1.18-2 libtiff4_3.9.6-11 libtiff4-dev_3.9.6-11 libtiffxx0c2_3.9.6-11 libtimedate-perl_1.2000-1 libtinfo5_5.9+20130119-1 libunistring0_0.9.3-5 libusb-0.1-4_2:0.1.12-23+nmu1 libustr-1.0-1_1.0.4-3 libuuid1_2.20.1-5.3 libwrap0_7.6.q-24 libwrap0-dev_7.6.q-24 libx11-6_2:1.5.0-1 libx11-data_2:1.5.0-1 libxau6_1:1.0.7-1 libxaw7_2:1.0.10-2 libxcb-render0_1.8.1-2 libxcb-shm0_1.8.1-2 libxcb1_1.8.1-2 libxdmcp6_1:1.1.1-1 libxdot4_2.26.3-12 libxext6_2:1.3.1-2 libxft2_2.3.1-1 libxml2_2.8.0+dfsg1-7 libxml2-dev_2.8.0+dfsg1-7 libxmu6_2:1.1.1-1 libxpm4_1:3.5.10-1 libxrender1_1:0.9.7-1 libxt6_1:1.1.3-1 linux-libc-dev_3.2.35-2 login_1:4.1.5.1-1 lsb-base_4.1+Debian9 m4_1.4.16-4 make_3.81-8.2 man-db_2.6.3-3 mawk_1.3.3-17 mime-support_3.53~experimental2 mount_2.20.1-5.3 multiarch-support_2.13-38 ncurses-base_5.9-10 ncurses-bin_5.9-10 passwd_1:4.1.5.1-1 patch_2.6.1-3 perl_5.14.2-17 perl-base_5.14.2-17 perl-modules_5.14.2-17 po-debconf_1.0.16+nmu2 python_2.7.3-10 python-minimal_2.7.3-10 python2.7_2.7.3-15 python2.7-minimal_2.7.3-15 readline-common_6.2+dfsg-0.1 sbuild-build-depends-core-dummy_0.invalid.0 sbuild-build-depends-dcmtk-dummy_0.invalid.0 sed_4.2.1-10 sensible-utils_0.0.7 sudo_1.8.5p2-1 sysv-rc_2.88dsf-39 sysvinit_2.88dsf-39 sysvinit-utils_2.88dsf-39 tar_1.26+dfsg-0.1 ttf-dejavu-core_2.33-3 tzdata_2012j-1 ucf_3.0025+nmu3 util-linux_2.20.1-5.3 vim_2:7.3.547-6 vim-common_2:7.3.547-6 vim-runtime_2:7.3.547-6 x11-common_1:7.7+1 xz-utils_5.1.1alpha+20120614-2 zlib1g_1:1.2.7.dfsg-13 zlib1g-dev_1:1.2.7.dfsg-13

┌──────────────────────────────────────────────────────────────────────────────┐
│ Build                                                                        │
└──────────────────────────────────────────────────────────────────────────────┘


Unpack source
─────────────

gpgv: keyblock resource `/sbuild-nonexistent/.gnupg/trustedkeys.gpg': file open error
gpgv: Signature made Thu Dec 20 12:57:17 2012 UTC using RSA key ID 8AE09345
gpgv: Can't check signature: public key not found
dpkg-source: warning: failed to verify signature on ./dcmtk_3.6.0-12.dsc
dpkg-source: info: extracting dcmtk in dcmtk-3.6.0
dpkg-source: info: unpacking dcmtk_3.6.0.orig.tar.gz
dpkg-source: info: unpacking dcmtk_3.6.0-12.debian.tar.gz
dpkg-source: info: applying 01_fix_perl_script_path.patch
dpkg-source: info: applying 02_dcmtk_3.6.0-1.patch
dpkg-source: info: applying 04_nostrip.patch
dpkg-source: info: applying 05_no_www_docs.patch
dpkg-source: info: applying 07_doxygen.patch
dpkg-source: info: applying png_tiff.patch
dpkg-source: info: applying prefs.patch
dpkg-source: info: applying removedocsfromall.patch
dpkg-source: info: applying dcmtk_version_number.patch
dpkg-source: info: applying regression_stacksequenceisodd.patch
dpkg-source: info: applying removecharls.patch
dpkg-source: info: applying bug674361.patch
dpkg-source: info: applying underlink.patch

Check disc space
────────────────

Sufficient free space for build

User Environment
────────────────

HOME=/sbuild-nonexistent
LOGNAME=user
PATH=/usr/local/sbin:/usr/local/bin:/usr/sbin:/usr/bin:/sbin:/bin:/usr/games
SCHROOT_CHROOT_NAME=unstable-amd64-sbuild
SCHROOT_COMMAND=env
SCHROOT_GID=1000
SCHROOT_GROUP=user
SCHROOT_SESSION_ID=unstable-amd64-sbuild-6f713f81-23fb-4be2-8d9e-b3aca80b2b19
SCHROOT_UID=1000
SCHROOT_USER=user
SHELL=/bin/sh
USER=user

dpkg-buildpackage
─────────────────

dpkg-buildpackage: source package dcmtk
dpkg-buildpackage: source version 3.6.0-12
dpkg-buildpackage: source changed by Mathieu Malaterre <malat@debian.org>
 dpkg-source --before-build dcmtk-3.6.0
dpkg-buildpackage: host architecture amd64
 fakeroot debian/rules clean
dh_testdir
dh_testroot
if [ -d config/backup ] ; then cd config; mv backup/* . ; rm -rf backup ; fi
rm -f build-arch-stamp build-indep-stamp config/config.status
[ ! -f config/Makefile.def ] || /usr/bin/make distclean
# Do not forget to remove shared libs as well
find /«PKGBUILDDIR» -name '*.so' -exec rm -f \{\} \;
test -r config/lzwtest.tif && \
		rm -f config/lzwtest.tif
make: [clean] Error 1 (ignored)
rm -f config/config.sub
rm -f config/config.guess
dh_clean
 debian/rules build-arch
dh_testdir
# keep ap copy of the original config files to be able to move
# them back right into place in the clean target
cd config && mkdir backup && cp -a config* confmod include backup
cp -f /usr/share/misc/config.sub config/config.sub
cp -f /usr/share/misc/config.guess config/config.guess
cd config && ./autoall && cd .. && 			\
	./configure 	--host=x86_64-linux-gnu		\
			--build=x86_64-linux-gnu		\
			--prefix=/usr				\
			--exec-prefix=/usr			\
			--mandir=\${prefix}/share/man 		\
			--infodir=\${prefix}/share/info 	\
			--includedir=\${prefix}/include	\
			--libdir=\${prefix}/lib		\
			--datadir=\${prefix}/share/dcmtk		\
			--sysconfdir=/etc/dcmtk		\
			--with-private-tags 			\
			--with-libxml                  	\
			--with-libtiff                  	\
			--with-zlib                     	\
			--with-libpng                   	\
			--with-libwrap 				\
			--with-openssl
autoheader: warning: missing template: HAVE_NO_TYPEDEF_PID_T
autoheader: Use AC_DEFINE([HAVE_NO_TYPEDEF_PID_T], [], [Description])
autoheader: warning: missing template: HAVE_NO_TYPEDEF_SIZE_T
autoheader: warning: missing template: HAVE_NO_TYPEDEF_SSIZE_T
autoheader: warning: missing template: HAVE_NO_TYPEDEF_UINT
autoheader: warning: missing template: HAVE_NO_TYPEDEF_ULONG
autoheader: warning: missing template: HAVE_NO_TYPEDEF_USHORT
Running configure for module config.
checking build system type... x86_64-pc-linux-gnu
checking host system type... x86_64-pc-linux-gnu
checking whether make sets $(MAKE)... yes
checking for a BSD-compatible install... /usr/bin/install -c
checking for x86_64-linux-gnu-gcc... x86_64-linux-gnu-gcc
checking whether the C compiler works... yes
checking for C compiler default output file name... a.out
checking for suffix of executables... 
checking whether we are cross compiling... no
checking for suffix of object files... o
checking whether we are using the GNU C compiler... yes
checking whether x86_64-linux-gnu-gcc accepts -g... yes
checking for x86_64-linux-gnu-gcc option to accept ISO C89... none needed
checking how to run the C preprocessor... x86_64-linux-gnu-gcc -E
checking for c++... c++
checking whether we are using the GNU C++ compiler... yes
checking whether c++ accepts -g... yes
checking how to run the C++ preprocessor... c++ -E
checking for ranlib... ranlib
checking for ar... ar
checking for libtool... no
checking for grep that handles long lines and -e... /bin/grep
checking for egrep... /bin/grep -E
checking for ANSI C header files... yes
checking for sys/types.h... yes
checking for sys/stat.h... yes
checking for stdlib.h... yes
checking for string.h... yes
checking for memory.h... yes
checking for strings.h... yes
checking for inttypes.h... yes
checking for stdint.h... yes
checking for unistd.h... yes
checking minix/config.h usability... no
checking minix/config.h presence... no
checking for minix/config.h... no
checking whether it is safe to define __EXTENSIONS__... yes
checking for library containing strerror... none required
checking for long file names... yes
checking for inline... inline
checking for working const... yes
checking whether char is unsigned... no
checking whether right shift is unsigned... no
checking for uchar... no
checking for ushort... yes
checking for uint... yes
checking for ulong... yes
checking for longlong... no
checking for ulonglong... no
checking whether variable-length arrays are supported... yes
checking stdbool.h usability... yes
checking stdbool.h presence... yes
checking for stdbool.h... yes
checking for stdint.h... (cached) yes
checking for int64_t... yes
checking for uint64_t... yes
checking for working memcmp... yes
checking for vprintf... yes
checking for _doprnt... no
checking return type of signal handlers... void
checking for wait3 that fills in rusage... yes
checking for gethostname... yes
checking for gethostid... yes
checking for socket... yes
checking for sysinfo... yes
checking for strchr... yes
checking for strstr... yes
checking for strtoul... yes
checking for itoa... no
checking for memcpy... yes
checking for memset... yes
checking for memmove... yes
checking for memcmp... yes
checking for bcopy... yes
checking for bcmp... yes
checking for getpid... yes
checking for mktemp... yes
checking for tempnam... yes
checking for tmpnam... yes
checking for getenv... yes
checking for mkstemp... yes
checking for stat... yes
checking for malloc_debug... no
checking for strerror... yes
checking for strdup... yes
checking for bzero... yes
checking for index... yes
checking for rindex... yes
checking for access... yes
checking for uname... yes
checking for cuserid... yes
checking for getlogin... yes
checking for usleep... yes
checking for flock... yes
checking for lockf... yes
checking for listen... yes
checking for connect... yes
checking for setsockopt... yes
checking for getsockopt... yes
checking for select... yes
checking for gethostbyname... yes
checking for bind... yes
checking for accept... yes
checking for getsockname... yes
checking for getaddrinfo... yes
checking for waitpid... yes
checking for getuid... yes
checking for geteuid... yes
checking for setuid... yes
checking for getpwnam... yes
checking for getgrnam... yes
checking for sleep... yes
checking for fork... yes
checking for _findfirst... no
checking for strlcpy... no
checking for strlcat... no
checking for vsnprintf... yes
checking for _LARGEFILE_SOURCE value needed for large files... no
checking for ftime... yes
checking for gmtime_r... yes
checking for localtime_r... yes
checking for lstat... yes
checking for htons... yes
checking for htonl... yes
checking for ntohs... yes
checking for ntohl... yes
checking netinet/in.h usability... yes
checking netinet/in.h presence... yes
checking for netinet/in.h... yes
checking syslog.h usability... yes
checking syslog.h presence... yes
checking for syslog.h... yes
checking for socklen_t... yes
checking for finite... yes
checking for isinf... yes
checking for isnan... yes
checking whether the compiler supports const_cast<>... yes
checking whether the compiler supports dynamic_cast<>... yes
checking whether the compiler supports reinterpret_cast<>... yes
checking whether the compiler supports static_cast<>... yes
checking whether the compiler supports std::nothrow... yes
checking whether the compiler supports operator delete (std::nothrow)... yes
checking whether to compile in debug mode... no
checking whether to enable thread support... automatic detection
checking whether to enable large file support... automatic detection
checking for -lg++... no
checking for main in -liostream... no
checking for main in -lnsl... yes
checking for main in -lsocket... no
checking for socket in -lsocket... no
checking for main in -ldl... yes
checking for main in -lm... yes
checking for main in -lwsock32... no
checking for main in -lnetapi32... no
checking for ANSI C header files... (cached) yes
checking for sys/wait.h that is POSIX.1 compatible... yes
checking for dirent.h that defines DIR... yes
checking for library containing opendir... none required
checking netinet/in_systm.h usability... no
checking netinet/in_systm.h presence... yes
configure: WARNING: netinet/in_systm.h: present but cannot be compiled
configure: WARNING: netinet/in_systm.h:     check for missing prerequisite headers?
configure: WARNING: netinet/in_systm.h: see the Autoconf documentation
configure: WARNING: netinet/in_systm.h:     section "Present But Cannot Be Compiled"
configure: WARNING: netinet/in_systm.h: proceeding with the compiler's result
configure: WARNING:     ## ---------------------------------- ##
configure: WARNING:     ## Report this to dicom-bugs@offis.de ##
configure: WARNING:     ## ---------------------------------- ##
checking for netinet/in_systm.h... no
checking for netinet/in.h... (cached) yes
checking for netinet/tcp.h... yes
checking alloca.h usability... no
configure: WARNING: alloca.h: present but cannot be compiled
configure: WARNING: alloca.h:     check for missing prerequisite headers?
configure: WARNING: alloca.h: see the Autoconf documentation
configure: WARNING: alloca.h:     section "Present But Cannot Be Compiled"
configure: WARNING: alloca.h: proceeding with the compiler's result
checking alloca.h presence... yes
configure: WARNING:     ## ---------------------------------- ##
configure: WARNING:     ## Report this to dicom-bugs@offis.de ##
configure: WARNING:     ## ---------------------------------- ##
checking for alloca.h... no
checking arpa/inet.h usability... no
configure: WARNING: arpa/inet.h: present but cannot be compiled
configure: WARNING: arpa/inet.h:     check for missing prerequisite headers?
configure: WARNING: arpa/inet.h: see the Autoconf documentation
configure: WARNING: arpa/inet.h:     section "Present But Cannot Be Compiled"
configure: WARNING: arpa/inet.h: proceeding with the compiler's result
checking arpa/inet.h presence... yes
configure: WARNING:     ## ---------------------------------- ##
configure: WARNING:     ## Report this to dicom-bugs@offis.de ##
configure: WARNING:     ## ---------------------------------- ##
checking for arpa/inet.h... no
checking assert.h usability... no
configure: WARNING: assert.h: present but cannot be compiled
configure: WARNING: assert.h:     check for missing prerequisite headers?
configure: WARNING: assert.h: see the Autoconf documentation
configure: WARNING: assert.h:     section "Present But Cannot Be Compiled"
configure: WARNING: assert.h: proceeding with the compiler's result
checking assert.h presence... yes
configure: WARNING:     ## ---------------------------------- ##
configure: WARNING:     ## Report this to dicom-bugs@offis.de ##
configure: WARNING:     ## ---------------------------------- ##
checking for assert.h... no
checking ctype.h usability... no
configure: WARNING: ctype.h: present but cannot be compiled
configure: WARNING: ctype.h:     check for missing prerequisite headers?
configure: WARNING: ctype.h: see the Autoconf documentation
configure: WARNING: ctype.h:     section "Present But Cannot Be Compiled"
configure: WARNING: ctype.h: proceeding with the compiler's result
checking ctype.h presence... yes
configure: WARNING:     ## ---------------------------------- ##
configure: WARNING:     ## Report this to dicom-bugs@offis.de ##
configure: WARNING:     ## ---------------------------------- ##
checking for ctype.h... no
checking errno.h usability... no
configure: WARNING: errno.h: present but cannot be compiled
configure: WARNING: errno.h:     check for missing prerequisite headers?
configure: WARNING: errno.h: see the Autoconf documentation
configure: WARNING: errno.h:     section "Present But Cannot Be Compiled"
configure: WARNING: errno.h: proceeding with the compiler's result
checking errno.h presence... yes
configure: WARNING:     ## ---------------------------------- ##
configure: WARNING:     ## Report this to dicom-bugs@offis.de ##
configure: WARNING:     ## ---------------------------------- ##
checking for errno.h... no
checking fcntl.h usability... no
checking fcntl.h presence... yes
configure: WARNING: fcntl.h: present but cannot be compiled
configure: WARNING: fcntl.h:     check for missing prerequisite headers?
configure: WARNING: fcntl.h: see the Autoconf documentation
configure: WARNING: fcntl.h:     section "Present But Cannot Be Compiled"
configure: WARNING: fcntl.h: proceeding with the compiler's result
configure: WARNING:     ## ---------------------------------- ##
configure: WARNING:     ## Report this to dicom-bugs@offis.de ##
configure: WARNING:     ## ---------------------------------- ##
checking for fcntl.h... no
checking float.h usability... no
configure: WARNING: float.h: present but cannot be compiled
configure: WARNING: float.h:     check for missing prerequisite headers?
configure: WARNING: float.h: see the Autoconf documentation
configure: WARNING: float.h:     section "Present But Cannot Be Compiled"
configure: WARNING: float.h: proceeding with the compiler's result
checking float.h presence... yes
configure: WARNING:     ## ---------------------------------- ##
configure: WARNING:     ## Report this to dicom-bugs@offis.de ##
configure: WARNING:     ## ---------------------------------- ##
checking for float.h... no
checking fnmatch.h usability... no
checking fnmatch.h presence... yes
configure: WARNING: fnmatch.h: present but cannot be compiled
configure: WARNING: fnmatch.h:     check for missing prerequisite headers?
configure: WARNING: fnmatch.h: see the Autoconf documentation
configure: WARNING: fnmatch.h:     section "Present But Cannot Be Compiled"
configure: WARNING: fnmatch.h: proceeding with the compiler's result
configure: WARNING:     ## ---------------------------------- ##
configure: WARNING:     ## Report this to dicom-bugs@offis.de ##
configure: WARNING:     ## ---------------------------------- ##
checking for fnmatch.h... no
checking fstream usability... no
configure: WARNING: fstream: present but cannot be compiled
configure: WARNING: fstream:     check for missing prerequisite headers?
configure: WARNING: fstream: see the Autoconf documentation
configure: WARNING: fstream:     section "Present But Cannot Be Compiled"
configure: WARNING: fstream: proceeding with the compiler's result
configure: WARNING:     ## ---------------------------------- ##
configure: WARNING:     ## Report this to dicom-bugs@offis.de ##
configure: WARNING:     ## ---------------------------------- ##
checking fstream presence... yes
checking for fstream... no
checking fstream.h usability... no
checking fstream.h presence... no
checking for fstream.h... no
checking grp.h usability... no
checking grp.h presence... yes
configure: WARNING: grp.h: present but cannot be compiled
configure: WARNING: grp.h:     check for missing prerequisite headers?
configure: WARNING: grp.h: see the Autoconf documentation
configure: WARNING: grp.h:     section "Present But Cannot Be Compiled"
configure: WARNING: grp.h: proceeding with the compiler's result
configure: WARNING:     ## ---------------------------------- ##
configure: WARNING:     ## Report this to dicom-bugs@offis.de ##
configure: WARNING:     ## ---------------------------------- ##
checking for grp.h... no
checking ieeefp.h usability... no
checking ieeefp.h presence... no
checking for ieeefp.h... no
checking io.h usability... no
checking io.h presence... no
checking for io.h... no
checking iomanip usability... no
checking iomanip presence... yes
configure: WARNING: iomanip: present but cannot be compiled
configure: WARNING: iomanip:     check for missing prerequisite headers?
configure: WARNING: iomanip: see the Autoconf documentation
configure: WARNING: iomanip:     section "Present But Cannot Be Compiled"
configure: WARNING: iomanip: proceeding with the compiler's result
configure: WARNING:     ## ---------------------------------- ##
configure: WARNING:     ## Report this to dicom-bugs@offis.de ##
configure: WARNING:     ## ---------------------------------- ##
checking for iomanip... no
checking iomanip.h usability... no
checking iomanip.h presence... no
checking for iomanip.h... no
checking iostream usability... no
checking iostream presence... yes
configure: WARNING: iostream: present but cannot be compiled
configure: WARNING: iostream:     check for missing prerequisite headers?
configure: WARNING: iostream: see the Autoconf documentation
configure: WARNING: iostream:     section "Present But Cannot Be Compiled"
configure: WARNING: iostream: proceeding with the compiler's result
configure: WARNING:     ## ---------------------------------- ##
configure: WARNING:     ## Report this to dicom-bugs@offis.de ##
configure: WARNING:     ## ---------------------------------- ##
checking for iostream... no
checking iostream.h usability... no
checking iostream.h presence... no
checking for iostream.h... no
checking iso646.h usability... no
checking iso646.h presence... yes
configure: WARNING: iso646.h: present but cannot be compiled
configure: WARNING: iso646.h:     check for missing prerequisite headers?
configure: WARNING: iso646.h: see the Autoconf documentation
configure: WARNING: iso646.h:     section "Present But Cannot Be Compiled"
configure: WARNING: iso646.h: proceeding with the compiler's result
configure: WARNING:     ## ---------------------------------- ##
configure: WARNING:     ## Report this to dicom-bugs@offis.de ##
configure: WARNING:     ## ---------------------------------- ##
checking for iso646.h... no
checking libc.h usability... no
checking libc.h presence... no
checking for libc.h... no
checking limits.h usability... no
checking limits.h presence... yes
configure: WARNING: limits.h: present but cannot be compiled
configure: WARNING: limits.h:     check for missing prerequisite headers?
configure: WARNING: limits.h: see the Autoconf documentation
configure: WARNING: limits.h:     section "Present But Cannot Be Compiled"
configure: WARNING: limits.h: proceeding with the compiler's result
configure: WARNING:     ## ---------------------------------- ##
configure: WARNING:     ## Report this to dicom-bugs@offis.de ##
configure: WARNING:     ## ---------------------------------- ##
checking for limits.h... no
checking locale.h usability... no
checking locale.h presence... yes
configure: WARNING: locale.h: present but cannot be compiled
configure: WARNING: locale.h:     check for missing prerequisite headers?
configure: WARNING: locale.h: see the Autoconf documentation
configure: WARNING: locale.h:     section "Present But Cannot Be Compiled"
configure: WARNING: locale.h: proceeding with the compiler's result
configure: WARNING:     ## ---------------------------------- ##
configure: WARNING:     ## Report this to dicom-bugs@offis.de ##
configure: WARNING:     ## ---------------------------------- ##
checking for locale.h... no
checking malloc.h usability... no
checking malloc.h presence... yes
configure: WARNING: malloc.h: present but cannot be compiled
configure: WARNING: malloc.h:     check for missing prerequisite headers?
configure: WARNING: malloc.h: see the Autoconf documentation
configure: WARNING: malloc.h:     section "Present But Cannot Be Compiled"
configure: WARNING: malloc.h: proceeding with the compiler's result
configure: WARNING:     ## ---------------------------------- ##
configure: WARNING:     ## Report this to dicom-bugs@offis.de ##
configure: WARNING:     ## ---------------------------------- ##
checking for malloc.h... no
checking math.h usability... no
checking math.h presence... yes
configure: WARNING: math.h: present but cannot be compiled
configure: WARNING: math.h:     check for missing prerequisite headers?
configure: WARNING: math.h: see the Autoconf documentation
configure: WARNING: math.h:     section "Present But Cannot Be Compiled"
configure: WARNING: math.h: proceeding with the compiler's result
configure: WARNING:     ## ---------------------------------- ##
configure: WARNING:     ## Report this to dicom-bugs@offis.de ##
configure: WARNING:     ## ---------------------------------- ##
checking for math.h... no
checking new usability... no
configure: WARNING: new: present but cannot be compiled
checking new presence... yes
configure: WARNING: new:     check for missing prerequisite headers?
configure: WARNING: new: see the Autoconf documentation
configure: WARNING: new:     section "Present But Cannot Be Compiled"
configure: WARNING: new: proceeding with the compiler's result
configure: WARNING:     ## ---------------------------------- ##
configure: WARNING:     ## Report this to dicom-bugs@offis.de ##
configure: WARNING:     ## ---------------------------------- ##
checking for new... no
checking new.h usability... no
checking new.h presence... no
checking for new.h... no
checking netdb.h usability... no
checking netdb.h presence... yes
configure: WARNING: netdb.h: present but cannot be compiled
configure: WARNING: netdb.h:     check for missing prerequisite headers?
configure: WARNING: netdb.h: see the Autoconf documentation
configure: WARNING: netdb.h:     section "Present But Cannot Be Compiled"
configure: WARNING: netdb.h: proceeding with the compiler's result
configure: WARNING:     ## ---------------------------------- ##
configure: WARNING:     ## Report this to dicom-bugs@offis.de ##
configure: WARNING:     ## ---------------------------------- ##
checking for netdb.h... no
checking pthread.h usability... no
checking pthread.h presence... yes
configure: WARNING: pthread.h: present but cannot be compiled
configure: WARNING: pthread.h:     check for missing prerequisite headers?
configure: WARNING: pthread.h: see the Autoconf documentation
configure: WARNING: pthread.h:     section "Present But Cannot Be Compiled"
configure: WARNING: pthread.h: proceeding with the compiler's result
configure: WARNING:     ## ---------------------------------- ##
configure: WARNING:     ## Report this to dicom-bugs@offis.de ##
configure: WARNING:     ## ---------------------------------- ##
checking for pthread.h... no
checking pwd.h usability... no
checking pwd.h presence... yes
configure: WARNING: pwd.h: present but cannot be compiled
configure: WARNING: pwd.h:     check for missing prerequisite headers?
configure: WARNING: pwd.h: see the Autoconf documentation
configure: WARNING: pwd.h:     section "Present But Cannot Be Compiled"
configure: WARNING: pwd.h: proceeding with the compiler's result
configure: WARNING:     ## ---------------------------------- ##
configure: WARNING:     ## Report this to dicom-bugs@offis.de ##
configure: WARNING:     ## ---------------------------------- ##
checking for pwd.h... no
checking semaphore.h usability... no
checking semaphore.h presence... yes
configure: WARNING: semaphore.h: present but cannot be compiled
configure: WARNING: semaphore.h:     check for missing prerequisite headers?
configure: WARNING: semaphore.h: see the Autoconf documentation
configure: WARNING: semaphore.h:     section "Present But Cannot Be Compiled"
configure: WARNING: semaphore.h: proceeding with the compiler's result
configure: WARNING:     ## ---------------------------------- ##
configure: WARNING:     ## Report this to dicom-bugs@offis.de ##
configure: WARNING:     ## ---------------------------------- ##
checking for semaphore.h... no
checking setjmp.h usability... no
checking setjmp.h presence... yes
configure: WARNING: setjmp.h: present but cannot be compiled
configure: WARNING: setjmp.h:     check for missing prerequisite headers?
configure: WARNING: setjmp.h: see the Autoconf documentation
configure: WARNING: setjmp.h:     section "Present But Cannot Be Compiled"
configure: WARNING: setjmp.h: proceeding with the compiler's result
configure: WARNING:     ## ---------------------------------- ##
configure: WARNING:     ## Report this to dicom-bugs@offis.de ##
configure: WARNING:     ## ---------------------------------- ##
checking for setjmp.h... no
checking signal.h usability... no
checking signal.h presence... yes
configure: WARNING: signal.h: present but cannot be compiled
configure: WARNING: signal.h:     check for missing prerequisite headers?
configure: WARNING: signal.h: see the Autoconf documentation
configure: WARNING: signal.h:     section "Present But Cannot Be Compiled"
configure: WARNING: signal.h: proceeding with the compiler's result
configure: WARNING:     ## ---------------------------------- ##
configure: WARNING:     ## Report this to dicom-bugs@offis.de ##
configure: WARNING:     ## ---------------------------------- ##
checking for signal.h... no
checking sstream usability... no
checking sstream presence... yes
configure: WARNING: sstream: present but cannot be compiled
configure: WARNING: sstream:     check for missing prerequisite headers?
configure: WARNING: sstream: see the Autoconf documentation
configure: WARNING: sstream:     section "Present But Cannot Be Compiled"
configure: WARNING: sstream: proceeding with the compiler's result
configure: WARNING:     ## ---------------------------------- ##
configure: WARNING:     ## Report this to dicom-bugs@offis.de ##
configure: WARNING:     ## ---------------------------------- ##
checking for sstream... no
checking sstream.h usability... no
checking sstream.h presence... no
checking for sstream.h... no
checking stat.h usability... no
checking stat.h presence... no
checking for stat.h... no
checking cstdarg usability... no
checking cstdarg presence... yes
configure: WARNING: cstdarg: present but cannot be compiled
configure: WARNING: cstdarg:     check for missing prerequisite headers?
configure: WARNING: cstdarg: see the Autoconf documentation
configure: WARNING: cstdarg:     section "Present But Cannot Be Compiled"
configure: WARNING: cstdarg: proceeding with the compiler's result
configure: WARNING:     ## ---------------------------------- ##
configure: WARNING:     ## Report this to dicom-bugs@offis.de ##
configure: WARNING:     ## ---------------------------------- ##
checking for cstdarg... no
checking stdarg.h usability... no
configure: WARNING: stdarg.h: present but cannot be compiled
configure: WARNING: stdarg.h:     check for missing prerequisite headers?
configure: WARNING: stdarg.h: see the Autoconf documentation
configure: WARNING: stdarg.h:     section "Present But Cannot Be Compiled"
configure: WARNING: stdarg.h: proceeding with the compiler's result
configure: WARNING:     ## ---------------------------------- ##
configure: WARNING:     ## Report this to dicom-bugs@offis.de ##
configure: WARNING:     ## ---------------------------------- ##
checking stdarg.h presence... yes
checking for stdarg.h... no
checking stddef.h usability... no
checking stddef.h presence... yes
configure: WARNING: stddef.h: present but cannot be compiled
configure: WARNING: stddef.h:     check for missing prerequisite headers?
configure: WARNING: stddef.h: see the Autoconf documentation
configure: WARNING: stddef.h:     section "Present But Cannot Be Compiled"
configure: WARNING: stddef.h: proceeding with the compiler's result
configure: WARNING:     ## ---------------------------------- ##
configure: WARNING:     ## Report this to dicom-bugs@offis.de ##
configure: WARNING:     ## ---------------------------------- ##
checking for stddef.h... no
checking cstdio usability... no
checking cstdio presence... yes
configure: WARNING: cstdio: present but cannot be compiled
configure: WARNING: cstdio:     check for missing prerequisite headers?
configure: WARNING: cstdio: see the Autoconf documentation
configure: WARNING: cstdio:     section "Present But Cannot Be Compiled"
configure: WARNING: cstdio: proceeding with the compiler's result
configure: WARNING:     ## ---------------------------------- ##
configure: WARNING:     ## Report this to dicom-bugs@offis.de ##
configure: WARNING:     ## ---------------------------------- ##
checking for cstdio... no
checking stdio.h usability... no
checking stdio.h presence... yes
configure: WARNING: stdio.h: present but cannot be compiled
configure: WARNING: stdio.h:     check for missing prerequisite headers?
configure: WARNING: stdio.h: see the Autoconf documentation
configure: WARNING: stdio.h:     section "Present But Cannot Be Compiled"
configure: WARNING: stdio.h: proceeding with the compiler's result
configure: WARNING:     ## ---------------------------------- ##
configure: WARNING:     ## Report this to dicom-bugs@offis.de ##
configure: WARNING:     ## ---------------------------------- ##
checking for stdio.h... no
checking for stdint.h... (cached) yes
checking for stdlib.h... (cached) yes
checking for string.h... (cached) yes
checking for strings.h... (cached) yes
checking strstrea.h usability... no
checking strstrea.h presence... no
checking for strstrea.h... no
checking strstream usability... no
checking strstream presence... yes
configure: WARNING: strstream: present but cannot be compiled
configure: WARNING: strstream:     check for missing prerequisite headers?
configure: WARNING: strstream: see the Autoconf documentation
configure: WARNING: strstream:     section "Present But Cannot Be Compiled"
configure: WARNING: strstream: proceeding with the compiler's result
configure: WARNING:     ## ---------------------------------- ##
configure: WARNING:     ## Report this to dicom-bugs@offis.de ##
configure: WARNING:     ## ---------------------------------- ##
checking for strstream... no
checking strstream.h usability... no
checking strstream.h presence... no
checking for strstream.h... no
checking synch.h usability... no
checking synch.h presence... no
checking for synch.h... no
checking sys/errno.h usability... no
checking sys/errno.h presence... yes
configure: WARNING: sys/errno.h: present but cannot be compiled
configure: WARNING: sys/errno.h:     check for missing prerequisite headers?
configure: WARNING: sys/errno.h: see the Autoconf documentation
configure: WARNING: sys/errno.h:     section "Present But Cannot Be Compiled"
configure: WARNING: sys/errno.h: proceeding with the compiler's result
configure: WARNING:     ## ---------------------------------- ##
configure: WARNING:     ## Report this to dicom-bugs@offis.de ##
configure: WARNING:     ## ---------------------------------- ##
checking for sys/errno.h... no
checking sys/file.h usability... no
checking sys/file.h presence... yes
configure: WARNING: sys/file.h: present but cannot be compiled
configure: WARNING: sys/file.h:     check for missing prerequisite headers?
configure: WARNING: sys/file.h: see the Autoconf documentation
configure: WARNING: sys/file.h:     section "Present But Cannot Be Compiled"
configure: WARNING: sys/file.h: proceeding with the compiler's result
configure: WARNING:     ## ---------------------------------- ##
configure: WARNING:     ## Report this to dicom-bugs@offis.de ##
configure: WARNING:     ## ---------------------------------- ##
checking for sys/file.h... no
checking sys/param.h usability... no
checking sys/param.h presence... yes
configure: WARNING: sys/param.h: present but cannot be compiled
configure: WARNING: sys/param.h:     check for missing prerequisite headers?
configure: WARNING: sys/param.h: see the Autoconf documentation
configure: WARNING: sys/param.h:     section "Present But Cannot Be Compiled"
configure: WARNING: sys/param.h: proceeding with the compiler's result
configure: WARNING:     ## ---------------------------------- ##
configure: WARNING:     ## Report this to dicom-bugs@offis.de ##
configure: WARNING:     ## ---------------------------------- ##
checking for sys/param.h... no
checking sys/resource.h usability... no
checking sys/resource.h presence... yes
configure: WARNING: sys/resource.h: present but cannot be compiled
configure: WARNING: sys/resource.h:     check for missing prerequisite headers?
configure: WARNING: sys/resource.h: see the Autoconf documentation
configure: WARNING: sys/resource.h:     section "Present But Cannot Be Compiled"
configure: WARNING: sys/resource.h: proceeding with the compiler's result
configure: WARNING:     ## ---------------------------------- ##
configure: WARNING:     ## Report this to dicom-bugs@offis.de ##
configure: WARNING:     ## ---------------------------------- ##
checking for sys/resource.h... no
checking sys/select.h usability... no
checking sys/select.h presence... yes
configure: WARNING: sys/select.h: present but cannot be compiled
configure: WARNING: sys/select.h:     check for missing prerequisite headers?
configure: WARNING: sys/select.h: see the Autoconf documentation
configure: WARNING: sys/select.h:     section "Present But Cannot Be Compiled"
configure: WARNING: sys/select.h: proceeding with the compiler's result
configure: WARNING:     ## ---------------------------------- ##
configure: WARNING:     ## Report this to dicom-bugs@offis.de ##
configure: WARNING:     ## ---------------------------------- ##
checking for sys/select.h... no
checking sys/socket.h usability... no
checking sys/socket.h presence... yes
configure: WARNING: sys/socket.h: present but cannot be compiled
configure: WARNING: sys/socket.h:     check for missing prerequisite headers?
configure: WARNING: sys/socket.h: see the Autoconf documentation
configure: WARNING: sys/socket.h:     section "Present But Cannot Be Compiled"
configure: WARNING: sys/socket.h: proceeding with the compiler's result
configure: WARNING:     ## ---------------------------------- ##
configure: WARNING:     ## Report this to dicom-bugs@offis.de ##
configure: WARNING:     ## ---------------------------------- ##
checking for sys/socket.h... no
checking for sys/stat.h... (cached) yes
checking sys/time.h usability... no
configure: WARNING: sys/time.h: present but cannot be compiled
configure: WARNING: sys/time.h:     check for missing prerequisite headers?
configure: WARNING: sys/time.h: see the Autoconf documentation
configure: WARNING: sys/time.h:     section "Present But Cannot Be Compiled"
configure: WARNING: sys/time.h: proceeding with the compiler's result
checking sys/time.h presence... yes
configure: WARNING:     ## ---------------------------------- ##
configure: WARNING:     ## Report this to dicom-bugs@offis.de ##
configure: WARNING:     ## ---------------------------------- ##
checking for sys/time.h... no
checking for sys/types.h... (cached) yes
checking sys/utime.h usability... no
checking sys/utime.h presence... no
checking for sys/utime.h... no
checking sys/utsname.h usability... no
checking sys/utsname.h presence... yes
configure: WARNING: sys/utsname.h: present but cannot be compiled
configure: WARNING: sys/utsname.h:     check for missing prerequisite headers?
configure: WARNING: sys/utsname.h: see the Autoconf documentation
configure: WARNING: sys/utsname.h:     section "Present But Cannot Be Compiled"
configure: WARNING: sys/utsname.h: proceeding with the compiler's result
configure: WARNING:     ## ---------------------------------- ##
configure: WARNING:     ## Report this to dicom-bugs@offis.de ##
configure: WARNING:     ## ---------------------------------- ##
checking for sys/utsname.h... no
checking thread.h usability... no
checking thread.h presence... no
checking for thread.h... no
checking time.h usability... no
checking time.h presence... yes
configure: WARNING: time.h: present but cannot be compiled
configure: WARNING: time.h:     check for missing prerequisite headers?
configure: WARNING: time.h: see the Autoconf documentation
configure: WARNING: time.h:     section "Present But Cannot Be Compiled"
configure: WARNING: time.h: proceeding with the compiler's result
configure: WARNING:     ## ---------------------------------- ##
configure: WARNING:     ## Report this to dicom-bugs@offis.de ##
configure: WARNING:     ## ---------------------------------- ##
checking for time.h... no
checking for unistd.h... (cached) yes
checking unix.h usability... no
checking unix.h presence... no
checking for unix.h... no
checking utime.h usability... no
checking utime.h presence... yes
configure: WARNING: utime.h: present but cannot be compiled
configure: WARNING: utime.h:     check for missing prerequisite headers?
configure: WARNING: utime.h: see the Autoconf documentation
configure: WARNING: utime.h:     section "Present But Cannot Be Compiled"
configure: WARNING: utime.h: proceeding with the compiler's result
configure: WARNING:     ## ---------------------------------- ##
configure: WARNING:     ## Report this to dicom-bugs@offis.de ##
configure: WARNING:     ## ---------------------------------- ##
checking for utime.h... no
checking wctype.h usability... no
checking wctype.h presence... yes
configure: WARNING: wctype.h: present but cannot be compiled
configure: WARNING: wctype.h:     check for missing prerequisite headers?
configure: WARNING: wctype.h: see the Autoconf documentation
configure: WARNING: wctype.h:     section "Present But Cannot Be Compiled"
configure: WARNING: wctype.h: proceeding with the compiler's result
configure: WARNING:     ## ---------------------------------- ##
configure: WARNING:     ## Report this to dicom-bugs@offis.de ##
configure: WARNING:     ## ---------------------------------- ##
checking for wctype.h... no
checking multi-thread support... none
checking for explicit large file support... yes
checking for size_t... no
checking for ssize_t... no
checking for pid_t... no
checking whether char is unsigned... yes
checking size of char... 0
checking size of short... 0
checking size of int... 0
checking size of long... 0
checking size of float... 0
checking size of double... 0
checking size of void *... 0
checking whether struct tm is in sys/time.h or time.h... time.h
checking prototype for _stricmp (in string.h)... yes
checking prototype for accept (in sys/types.h sys/socket.h)... no
checking prototype for bind (in sys/types.h sys/socket.h)... no
checking prototype for bzero (in string.h strings.h libc.h unistd.h stdlib.h)... yes
checking prototype for connect (in sys/types.h sys/socket.h)... no
checking prototype for finite (in math.h)... no
checking prototype for isinf (in math.h)... no
checking prototype for isnan (in math.h)... no
checking prototype for flock (in sys/file.h)... no
checking prototype for gethostbyname (in libc.h unistd.h stdlib.h netdb.h)... yes
checking prototype for gethostid (in libc.h unistd.h stdlib.h netdb.h)... yes
checking prototype for gethostname (in unistd.h libc.h stdlib.h netdb.h)... yes
checking prototype for getsockname (in sys/types.h sys/socket.h)... no
checking prototype for getsockopt (in sys/types.h sys/socket.h)... no
checking prototype for strerror_r (in string.h)... yes
checking if strerror_r() returns a char * (in string.h)... yes
checking prototype for gettimeofday (in sys/time.h unistd.h)... yes
checking prototype for listen (in sys/types.h sys/socket.h)... no
checking prototype for mktemp (in libc.h unistd.h stdlib.h)... yes
checking prototype for mkstemp (in libc.h unistd.h stdlib.h)... yes
checking prototype for select (in sys/select.h sys/types.h sys/socket.h sys/time.h)... yes
checking if select() needs int* parameters (in sys/select.h sys/types.h sys/socket.h sys/time.h)... no
checking prototype for setsockopt (in sys/types.h sys/socket.h)... no
checking prototype for socket (in sys/types.h sys/socket.h)... no
checking prototype for strcasecmp (in string.h)... yes
checking prototype for strncasecmp (in string.h)... yes
checking prototype for usleep (in libc.h unistd.h stdlib.h)... yes
checking prototype for vsnprintf (in stdio.h stdarg.h)... no
checking prototype for wait3 (in libc.h sys/wait.h sys/time.h sys/resource.h)... yes
checking prototype for waitpid (in sys/wait.h sys/time.h sys/resource.h)... yes
checking declaration for struct utimbuf (in sys/types.h utime.h sys/utime.h)... no
checking declaration for socklen_t (in sys/types.h sys/socket.h)... no
checking if declaration of readdir_r conforms to Posix 1.c draft 6... no
checking if signal() callback needs ellipse (in signal.h)... no
checking whether to use C++ standard includes... no
checking declaration for std::ios_base::openmode (in iostream.h)... no
checking declaration of ios::nocreate (in fstream.h)... no
checking for std::vfprintf (in stdarg.h stdio.h)... no
checking for std::vsnprintf (in stdarg.h stdio.h)... no
checking for C++ class template... yes
checking for C++ static methods in class templates... yes
checking for C++ function template... yes
checking for C++ explicit template specialization syntax... yes
checking if bool is built-in type... yes
checking if volatile is known keyword... yes
checking whether the compiler recognizes typename... yes
checking whether to enable private tag dictionary... yes
checking whether to include OpenSSL support... yes
checking for jpeg_set_defaults in -ljpeg... yes
checking whether to include zlib support... yes
checking whether to include libtiff support... yes
checking whether libtiff supports LZW compression... yes
checking libpng/png.h usability... no
checking libpng/png.h presence... yes
configure: WARNING: libpng/png.h: present but cannot be compiled
configure: WARNING: libpng/png.h:     check for missing prerequisite headers?
configure: WARNING: libpng/png.h: see the Autoconf documentation
configure: WARNING: libpng/png.h:     section "Present But Cannot Be Compiled"
configure: WARNING: libpng/png.h: proceeding with the compiler's result
configure: WARNING:     ## ---------------------------------- ##
configure: WARNING:     ## Report this to dicom-bugs@offis.de ##
configure: WARNING:     ## ---------------------------------- ##
checking for libpng/png.h... no
checking whether to include libpng support... yes
checking whether to include libxml support... yes
checking whether to include libwrap support... yes
checking sndfile.h usability... no
checking sndfile.h presence... no
checking for sndfile.h... no
checking whether to include sndfile support... no
configure: creating ./config.status
config.status: creating Makefile.def
config.status: creating Makefile
config.status: creating include/dcmtk/config/cfunix.h
Running configure for module dcmdata.
running configure for this module
confmod: WARNING: unrecognized options: --with-private-tags, --with-libxml, --with-libtiff, --with-zlib, --with-libpng, --with-libwrap, --with-openssl
checking whether make sets $(MAKE)... yes
confmod: creating ./config.status
config.status: creating ./libsrc/Makefile
config.status: creating ./include/Makefile
config.status: creating ./libi2d/Makefile
config.status: creating ./etc/Makefile
config.status: creating ./data/Makefile
config.status: creating ./apps/Makefile
config.status: creating ./tests/Makefile
config.status: creating ./Makefile
config.status: creating ./docs/Makefile
confmod: WARNING: unrecognized options: --with-private-tags, --with-libxml, --with-libtiff, --with-zlib, --with-libpng, --with-libwrap, --with-openssl
Running configure for module dcmimage.
running configure for this module
confmod: WARNING: unrecognized options: --with-private-tags, --with-libxml, --with-libtiff, --with-zlib, --with-libpng, --with-libwrap, --with-openssl
checking whether make sets $(MAKE)... yes
confmod: creating ./config.status
config.status: creating ./libsrc/Makefile
config.status: creating ./include/Makefile
config.status: creating ./etc/Makefile
config.status: creating ./data/Makefile
config.status: creating ./apps/Makefile
config.status: creating ./tests/Makefile
config.status: creating ./Makefile
config.status: creating ./docs/Makefile
confmod: WARNING: unrecognized options: --with-private-tags, --with-libxml, --with-libtiff, --with-zlib, --with-libpng, --with-libwrap, --with-openssl
Running configure for module dcmimgle.
running configure for this module
confmod: WARNING: unrecognized options: --with-private-tags, --with-libxml, --with-libtiff, --with-zlib, --with-libpng, --with-libwrap, --with-openssl
checking whether make sets $(MAKE)... yes
confmod: creating ./config.status
config.status: creating ./libsrc/Makefile
config.status: creating ./include/Makefile
config.status: creating ./etc/Makefile
config.status: creating ./data/Makefile
config.status: creating ./apps/Makefile
config.status: creating ./tests/Makefile
config.status: creating ./Makefile
config.status: creating ./docs/Makefile
confmod: WARNING: unrecognized options: --with-private-tags, --with-libxml, --with-libtiff, --with-zlib, --with-libpng, --with-libwrap, --with-openssl
Running configure for module dcmjpeg.
running configure for this module
confmod: WARNING: unrecognized options: --with-private-tags, --with-libxml, --with-libtiff, --with-zlib, --with-libpng, --with-libwrap, --with-openssl
checking whether make sets $(MAKE)... yes
confmod: creating ./config.status
config.status: creating ./libsrc/Makefile
config.status: creating ./include/Makefile
config.status: creating ./libijg8/Makefile
config.status: creating ./etc/Makefile
config.status: creating ./data/Makefile
config.status: creating ./apps/Makefile
config.status: creating ./tests/Makefile
config.status: creating ./libijg12/Makefile
config.status: creating ./Makefile
config.status: creating ./docs/Makefile
config.status: creating ./libijg16/Makefile
confmod: WARNING: unrecognized options: --with-private-tags, --with-libxml, --with-libtiff, --with-zlib, --with-libpng, --with-libwrap, --with-openssl
Running configure for module dcmjpls.
running configure for this module
confmod: WARNING: unrecognized options: --with-private-tags, --with-libxml, --with-libtiff, --with-zlib, --with-libpng, --with-libwrap, --with-openssl
checking whether make sets $(MAKE)... yes
confmod: creating ./config.status
config.status: creating ./Makefile
config.status: creating ./libsrc/Makefile
config.status: creating ./include/Makefile
config.status: creating ./etc/Makefile
config.status: creating ./data/Makefile
config.status: creating ./apps/Makefile
config.status: creating ./tests/Makefile
config.status: creating ./libcharls/Makefile
config.status: creating ./docs/Makefile
confmod: WARNING: unrecognized options: --with-private-tags, --with-libxml, --with-libtiff, --with-zlib, --with-libpng, --with-libwrap, --with-openssl
Running configure for module dcmnet.
running configure for this module
confmod: WARNING: unrecognized options: --with-private-tags, --with-libxml, --with-libtiff, --with-zlib, --with-libpng, --with-libwrap, --with-openssl
checking whether make sets $(MAKE)... yes
confmod: creating ./config.status
config.status: creating ./libsrc/Makefile
config.status: creating ./include/Makefile
config.status: creating ./etc/Makefile
config.status: creating ./data/Makefile
config.status: creating ./apps/Makefile
config.status: creating ./tests/Makefile
config.status: creating ./Makefile
config.status: creating ./docs/Makefile
confmod: WARNING: unrecognized options: --with-private-tags, --with-libxml, --with-libtiff, --with-zlib, --with-libpng, --with-libwrap, --with-openssl
Running configure for module dcmpstat.
running configure for this module
confmod: WARNING: unrecognized options: --with-private-tags, --with-libxml, --with-libtiff, --with-zlib, --with-libpng, --with-libwrap, --with-openssl
checking whether make sets $(MAKE)... yes
confmod: creating ./config.status
config.status: creating ./libsrc/Makefile
config.status: creating ./include/Makefile
config.status: creating ./etc/Makefile
config.status: creating ./data/Makefile
config.status: creating ./apps/Makefile
config.status: creating ./tests/Makefile
config.status: creating ./Makefile
config.status: creating ./docs/Makefile
config.status: creating ./jni/Makefile
confmod: WARNING: unrecognized options: --with-private-tags, --with-libxml, --with-libtiff, --with-zlib, --with-libpng, --with-libwrap, --with-openssl
Running configure for module dcmqrdb.
running configure for this module
confmod: WARNING: unrecognized options: --with-private-tags, --with-libxml, --with-libtiff, --with-zlib, --with-libpng, --with-libwrap, --with-openssl
checking whether make sets $(MAKE)... yes
confmod: creating ./config.status
config.status: creating ./libsrc/Makefile
config.status: creating ./include/Makefile
config.status: creating ./etc/Makefile
config.status: creating ./data/Makefile
config.status: creating ./apps/Makefile
config.status: creating ./tests/Makefile
config.status: creating ./Makefile
config.status: creating ./docs/Makefile
confmod: WARNING: unrecognized options: --with-private-tags, --with-libxml, --with-libtiff, --with-zlib, --with-libpng, --with-libwrap, --with-openssl
Running configure for module dcmsign.
running configure for this module
confmod: WARNING: unrecognized options: --with-private-tags, --with-libxml, --with-libtiff, --with-zlib, --with-libpng, --with-libwrap, --with-openssl
checking whether make sets $(MAKE)... yes
confmod: creating ./config.status
config.status: creating ./libsrc/Makefile
config.status: creating ./include/Makefile
config.status: creating ./etc/Makefile
config.status: creating ./data/Makefile
config.status: creating ./apps/Makefile
config.status: creating ./tests/Makefile
config.status: creating ./Makefile
config.status: creating ./docs/Makefile
confmod: WARNING: unrecognized options: --with-private-tags, --with-libxml, --with-libtiff, --with-zlib, --with-libpng, --with-libwrap, --with-openssl
Running configure for module dcmsr.
running configure for this module
confmod: WARNING: unrecognized options: --with-private-tags, --with-libxml, --with-libtiff, --with-zlib, --with-libpng, --with-libwrap, --with-openssl
checking whether make sets $(MAKE)... yes
confmod: creating ./config.status
config.status: creating ./libsrc/Makefile
config.status: creating ./include/Makefile
config.status: creating ./etc/Makefile
config.status: creating ./data/Makefile
config.status: creating ./apps/Makefile
config.status: creating ./tests/Makefile
config.status: creating ./Makefile
config.status: creating ./docs/Makefile
confmod: WARNING: unrecognized options: --with-private-tags, --with-libxml, --with-libtiff, --with-zlib, --with-libpng, --with-libwrap, --with-openssl
Running configure for module dcmtls.
running configure for this module
confmod: WARNING: unrecognized options: --with-private-tags, --with-libxml, --with-libtiff, --with-zlib, --with-libpng, --with-libwrap, --with-openssl
checking whether make sets $(MAKE)... yes
confmod: creating ./config.status
config.status: creating ./libsrc/Makefile
config.status: creating ./include/Makefile
config.status: creating ./etc/Makefile
config.status: creating ./data/Makefile
config.status: creating ./apps/Makefile
config.status: creating ./tests/Makefile
config.status: creating ./Makefile
config.status: creating ./docs/Makefile
confmod: WARNING: unrecognized options: --with-private-tags, --with-libxml, --with-libtiff, --with-zlib, --with-libpng, --with-libwrap, --with-openssl
Running configure for module dcmwlm.
running configure for this module
confmod: WARNING: unrecognized options: --with-private-tags, --with-libxml, --with-libtiff, --with-zlib, --with-libpng, --with-libwrap, --with-openssl
checking whether make sets $(MAKE)... yes
confmod: creating ./config.status
config.status: creating ./libsrc/Makefile
config.status: creating ./include/Makefile
config.status: creating ./etc/Makefile
config.status: creating ./data/Makefile
config.status: creating ./apps/Makefile
config.status: creating ./tests/Makefile
config.status: creating ./Makefile
config.status: creating ./wwwapps/Makefile
config.status: creating ./docs/Makefile
confmod: WARNING: unrecognized options: --with-private-tags, --with-libxml, --with-libtiff, --with-zlib, --with-libpng, --with-libwrap, --with-openssl
Running configure for module oflog.
running configure for this module
confmod: WARNING: unrecognized options: --with-private-tags, --with-libxml, --with-libtiff, --with-zlib, --with-libpng, --with-libwrap, --with-openssl
checking whether make sets $(MAKE)... yes
confmod: creating ./config.status
config.status: creating ./libsrc/Makefile
config.status: creating ./include/Makefile
config.status: creating ./etc/Makefile
config.status: creating ./data/Makefile
config.status: creating ./tests/Makefile
config.status: creating ./Makefile
config.status: creating ./docs/Makefile
confmod: WARNING: unrecognized options: --with-private-tags, --with-libxml, --with-libtiff, --with-zlib, --with-libpng, --with-libwrap, --with-openssl
Running configure for module ofstd.
running configure for this module
confmod: WARNING: unrecognized options: --with-private-tags, --with-libxml, --with-libtiff, --with-zlib, --with-libpng, --with-libwrap, --with-openssl
checking whether make sets $(MAKE)... yes
confmod: creating ./config.status
config.status: creating ./libsrc/Makefile
config.status: creating ./include/Makefile
config.status: creating ./etc/Makefile
config.status: creating ./data/Makefile
config.status: creating ./tests/Makefile
config.status: creating ./Makefile
config.status: creating ./docs/Makefile
confmod: WARNING: unrecognized options: --with-private-tags, --with-libxml, --with-libtiff, --with-zlib, --with-libpng, --with-libwrap, --with-openssl
Running configure for module doxygen.
running configure for this module
confmod: WARNING: unrecognized options: --with-private-tags, --with-libxml, --with-libtiff, --with-zlib, --with-libpng, --with-libwrap, --with-openssl
checking whether make sets $(MAKE)... yes
confmod: creating ./config.status
config.status: creating ./Makefile
confmod: WARNING: unrecognized options: --with-private-tags, --with-libxml, --with-libtiff, --with-zlib, --with-libpng, --with-libwrap, --with-openssl
dh_testdir
# Add here commands to compile the package.
# We have to perfom some magic here to have the dcmtk utilies
# linked against shared dcmtk libs without forcing the utilities
# themselves to be compiled with -fPIC as well.
# In a first step we adjust config/Makefile.def to
# build shared libraries. In a second step we build
# the shared libs only (i.e. without utilities). In a third step we
# restore the original state of config/Makefile.def. In a forth
# step we run `make clean' on the source tree. (This leaves the
# *.so libs untouched but forces recompilation in the next step.)
# In the last step we run `make all'. This will build both the
# utilities and the static libraries without -fPIC but links the
# utilities dynamically against the shared library versions.
mv config/Makefile.def config/Makefile.def.static && \
	sed -e '/^CFLAGS =/s/-O -/-fPIC -/' -e '/^CXXFLAGS =/s/-O -/-fPIC -/' \
	-e '/^AR =/s/ar/g++/' -e '/^ARFLAGS =/s/cruv/-Wl,-z,relro -Wl,--as-needed -Wl,--no-undefined -shared	-Wl,-soname,\$\@.2 -o/' \
	-e '/^LIBEXT =/s/a/so/' -e '/^RANLIB =/s/ranlib/:/' \
	<config/Makefile.def.static >config/Makefile.def && \
	/usr/bin/make libsrc-all && \
	mv config/Makefile.def.static config/Makefile.def && \
	/usr/bin/make clean && \
	/usr/bin/make
make[1]: Entering directory `/«PKGBUILDDIR»'
(cd ofstd && /usr/bin/make ARCH="" DESTDIR="" libsrc-all)
make[2]: Entering directory `/«PKGBUILDDIR»/ofstd'
(cd include && /usr/bin/make ARCH="" all)
make[3]: Entering directory `/«PKGBUILDDIR»/ofstd/include'
make[3]: Nothing to be done for `all'.
make[3]: Leaving directory `/«PKGBUILDDIR»/ofstd/include'
(cd libsrc && /usr/bin/make ARCH="" all)
make[3]: Entering directory `/«PKGBUILDDIR»/ofstd/libsrc'
c++	-DHAVE_CONFIG_H -DUSE_NULL_SAFE_OFSTRING  -DNDEBUG  -c -I. -I. -I../include -I../../config/include   \
		-D_FORTIFY_SOURCE=2 -fPIC -I/usr/include/libxml2 -g -O2 -fstack-protector --param=ssp-buffer-size=4 -Wformat -Werror=format-security oflist.cc
In file included from oflist.cc:38:
In file included from ../include/dcmtk/ofstd/oflist.h:49:
In file included from ../include/dcmtk/ofstd/oftypes.h:37:
In file included from /usr/include/x86_64-linux-gnu/sys/types.h:146:
/usr/include/clang/3.2/include/stddef.h:35:33: error: typedef redefinition with different types ('typeof (sizeof(int))' (aka 'unsigned long') vs 'unsigned int')
typedef __typeof__(sizeof(int)) size_t;
                                ^
../../config/include/dcmtk/config/cfunix.h:389:18: note: previous definition is here
typedef unsigned size_t;
                 ^
In file included from oflist.cc:38:
../include/dcmtk/ofstd/oflist.h:223:9: error: use of undeclared identifier 'assert'
        assert(!node->dummy);
        ^
oflist.cc:60:5: error: use of undeclared identifier 'assert'
    assert(pos && newElem);
    ^
oflist.cc:76:5: error: use of undeclared identifier 'assert'
    assert(pos && pos != afterLast);
    ^
oflist.cc:89:5: error: use of undeclared identifier 'assert'
    assert(pos && begin && end);
    ^
5 errors generated.
make[3]: *** [oflist.o] Error 1
make[3]: Leaving directory `/«PKGBUILDDIR»/ofstd/libsrc'
make[2]: *** [libsrc-all] Error 2
make[1]: *** [ofstd-libsrc-all] Error 2
make: *** [build-arch-stamp] Error 2
dpkg-buildpackage: error: debian/rules build-arch gave error exit status 2
make[2]: Leaving directory `/«PKGBUILDDIR»/ofstd'
make[1]: Leaving directory `/«PKGBUILDDIR»'
────────────────────────────────────────────────────────────────────────────────
Build finished at 20130128-0411

Finished
────────

E: Build failure (dpkg-buildpackage died)

┌──────────────────────────────────────────────────────────────────────────────┐
│ Cleanup                                                                      │
└──────────────────────────────────────────────────────────────────────────────┘

Purging /«BUILDDIR»
Not cleaning session: cloned chroot in use

┌──────────────────────────────────────────────────────────────────────────────┐
│ Summary                                                                      │
└──────────────────────────────────────────────────────────────────────────────┘

Architecture: amd64
Build-Space: 36840
Build-Time: 68
Distribution: unstable
Fail-Stage: build
Install-Time: 13
Job: dcmtk_3.6.0-12
Package: dcmtk
Package-Time: 112
Source-Version: 3.6.0-12
Space: 36840
Status: attempted
Version: 3.6.0-12
────────────────────────────────────────────────────────────────────────────────
Finished at 20130128-0411
Build needed 00:01:52, 36840k disc space
DC-Status: Failed 113.068178s
DC-Time-Estimation: 113.068178 versus expected 2891 (r/m: 24.568644079504 ; m: 113.068178)
