DC-Build-Header: hlbr 1.7.2-2 / Mon Jan 28 06:05:09 +0000 2013
DC-Task: logfile:/tmp/hlbr_1.7.2-2_unstable_clang.log version:1.7.2-2 chroot:unstable modes:binary-only:clang source:hlbr architecture:any esttime:29
DC-Sbuild-call: su user -c 'sbuild -n --apt-update -d unstable -v  --chroot-setup-commands=/tmp/switch-to-clang hlbr_1.7.2-2'
Could not create '/sbuild-nonexistent/logs': No such file or directory
Could not create '/sbuild-nonexistent/logs': No such file or directory
sbuild (Debian sbuild) 0.62.5 (13 Jul 2011) on ip-10-30-128-142.ec2.internal

╔══════════════════════════════════════════════════════════════════════════════╗
║ hlbr 1.7.2-2 (amd64)                                       28 Jan 2013 06:05 ║
╚══════════════════════════════════════════════════════════════════════════════╝

Package: hlbr
Version: 1.7.2-2
Source Version: 1.7.2-2
Distribution: unstable
Architecture: amd64

I: NOTICE: Log filtering will replace 'build/hlbr-O86wRB/hlbr-1.7.2' with '«PKGBUILDDIR»'
I: NOTICE: Log filtering will replace 'build/hlbr-O86wRB' with '«BUILDDIR»'
I: NOTICE: Log filtering will replace 'var/lib/schroot/mount/unstable-amd64-sbuild-bcd238ae-627c-45c2-ba24-df2f0ba2c97f' with '«CHROOT»'

┌──────────────────────────────────────────────────────────────────────────────┐
│ Update chroot                                                                │
└──────────────────────────────────────────────────────────────────────────────┘

Ign http://localhost unstable InRelease
Get:1 http://localhost unstable Release.gpg [836 B]
Get:2 http://localhost unstable Release [227 kB]
Ign http://localhost unstable/main Sources/DiffIndex
Ign http://localhost unstable/main amd64 Packages/DiffIndex
Get:3 http://localhost unstable/main Translation-en/DiffIndex [7876 B]
Get:4 http://localhost unstable/main 2013-01-27-2011.16.pdiff [737 B]
Get:5 http://localhost unstable/main 2013-01-27-2011.16.pdiff [737 B]
Get:6 http://localhost unstable/main Sources [8236 kB]
Get:7 http://localhost unstable/main amd64 Packages [8284 kB]
Get:8 http://localhost unstable/main 2013-01-28-0212.01.pdiff [43 B]
Get:9 http://localhost unstable/main 2013-01-28-0212.01.pdiff [43 B]
Fetched 16.8 MB in 3s (4946 kB/s)
Reading package lists...
Reading package lists...
Building dependency tree...
Reading state information...
0 upgraded, 0 newly installed, 0 to remove and 0 not upgraded.

┌──────────────────────────────────────────────────────────────────────────────┐
│ Fetch source files                                                           │
└──────────────────────────────────────────────────────────────────────────────┘


Check APT
─────────

Checking available source versions...

Download source files with APT
──────────────────────────────

Reading package lists...
Building dependency tree...
Reading state information...
NOTICE: 'hlbr' packaging is maintained in the 'Svn' version control system at:
svn://svn.debian.org/svn/debian-br-team/packages/hlbr
Need to get 216 kB of source archives.
Get:1 http://localhost/debian/ unstable/main hlbr 1.7.2-2 (dsc) [1193 B]
Get:2 http://localhost/debian/ unstable/main hlbr 1.7.2-2 (tar) [210 kB]
Get:3 http://localhost/debian/ unstable/main hlbr 1.7.2-2 (diff) [4538 B]
Fetched 216 kB in 0s (794 kB/s)
Download complete and in download only mode

Check arch
──────────


┌──────────────────────────────────────────────────────────────────────────────┐
│ Chroot Setup Commands                                                        │
└──────────────────────────────────────────────────────────────────────────────┘


/tmp/switch-to-clang
────────────────────

+ echo 'Entering customization script...'
Entering customization script...
+ echo 'Add experimental as repository'
Add experimental as repository
+ echo deb http://localhost:9999/debian experimental main
+ apt-get update
Ign http://localhost unstable InRelease
Ign http://localhost experimental InRelease
Hit http://localhost unstable Release.gpg
Get:1 http://localhost experimental Release.gpg [836 B]
Hit http://localhost unstable Release
Get:2 http://localhost experimental Release [161 kB]
Ign http://localhost unstable/main Sources/DiffIndex
Ign http://localhost unstable/main amd64 Packages/DiffIndex
Hit http://localhost unstable/main Translation-en/DiffIndex
Get:3 http://localhost experimental/main Translation-en [704 kB]
Get:4 http://localhost experimental/main amd64 Packages [1605 kB]
Hit http://localhost unstable/main Sources
Hit http://localhost unstable/main amd64 Packages
Fetched 2471 kB in 1s (1341 kB/s)
Reading package lists...
+ echo 'Install of clang'
Install of clang
+ apt-get update
Ign http://localhost unstable InRelease
Ign http://localhost experimental InRelease
Hit http://localhost unstable Release.gpg
Hit http://localhost experimental Release.gpg
Hit http://localhost unstable Release
Hit http://localhost experimental Release
Ign http://localhost unstable/main Sources/DiffIndex
Ign http://localhost unstable/main amd64 Packages/DiffIndex
Hit http://localhost unstable/main Translation-en/DiffIndex
Ign http://localhost experimental/main amd64 Packages/DiffIndex
Get:1 http://localhost experimental/main Translation-en/DiffIndex [7819 B]
Hit http://localhost unstable/main Sources
Hit http://localhost unstable/main amd64 Packages
Hit http://localhost experimental/main amd64 Packages
Fetched 7819 B in 1s (3956 B/s)
Reading package lists...
+ apt-get install --yes --no-install-recommends clang -t experimental
Reading package lists...
Building dependency tree...
Reading state information...
The following extra packages will be installed:
  clang-3.2 compiler-rt cpp-4.7 g++-4.7 gcc-4.7 gcc-4.7-base gcc-4.8-base
  libc-dev-bin libc6 libc6-dev libclang-common-dev libexpat1 libffi5
  libgcc-4.7-dev libgcc1 libgomp1 libitm1 libllvm3.2 libncurses5 libncursesw5
  libobjc-4.7-dev libobjc4 libpython2.7-minimal libpython2.7-stdlib
  libquadmath0 libsqlite3-0 libssl1.0.0 libstdc++6 libstdc++6-4.7-dev
  libtinfo5 mime-support python python-minimal python2.7 python2.7-minimal
Suggested packages:
  gcc-4.7-locales g++-4.7-multilib gcc-4.7-doc libstdc++6-4.7-dbg
  gcc-4.7-multilib libmudflap0-4.7-dev libgcc1-dbg libgomp1-dbg libitm1-dbg
  libquadmath0-dbg libmudflap0-dbg libcloog-ppl0 libppl-c2 libppl7
  binutils-gold glibc-doc libstdc++6-4.7-doc python-doc python-tk
  python2.7-doc binfmt-support
Recommended packages:
  llvm-3.2-dev manpages-dev file
The following NEW packages will be installed:
  clang clang-3.2 compiler-rt gcc-4.8-base libclang-common-dev libexpat1
  libffi5 libgcc-4.7-dev libllvm3.2 libncursesw5 libobjc-4.7-dev libobjc4
  libpython2.7-minimal libpython2.7-stdlib libsqlite3-0 libssl1.0.0
  mime-support python python-minimal python2.7 python2.7-minimal
The following packages will be upgraded:
  cpp-4.7 g++-4.7 gcc-4.7 gcc-4.7-base libc-dev-bin libc6 libc6-dev libgcc1
  libgomp1 libitm1 libncurses5 libquadmath0 libstdc++6 libstdc++6-4.7-dev
  libtinfo5
15 upgraded, 21 newly installed, 0 to remove and 24 not upgraded.
Need to get 56.7 MB of archives.
After this operation, 72.6 MB of additional disk space will be used.
Get:1 http://localhost/debian/ experimental/main gcc-4.8-base amd64 4.8-20130127-1 [147 kB]
Get:2 http://localhost/debian/ experimental/main libc6-dev amd64 2.16-0experimental1 [3086 kB]
Get:3 http://localhost/debian/ experimental/main libc-dev-bin amd64 2.16-0experimental1 [226 kB]
Get:4 http://localhost/debian/ experimental/main libc6 amd64 2.16-0experimental1 [4729 kB]
Get:5 http://localhost/debian/ experimental/main libgcc1 amd64 1:4.8-20130127-1 [43.7 kB]
Get:6 http://localhost/debian/ experimental/main libstdc++6 amd64 4.8-20130127-1 [335 kB]
Get:7 http://localhost/debian/ experimental/main libtinfo5 amd64 5.9+20130119-1 [294 kB]
Get:8 http://localhost/debian/ experimental/main libncurses5 amd64 5.9+20130119-1 [115 kB]
Get:9 http://localhost/debian/ experimental/main libncursesw5 amd64 5.9+20130119-1 [142 kB]
Get:10 http://localhost/debian/ unstable/main libssl1.0.0 amd64 1.0.1c-4 [1213 kB]
Get:11 http://localhost/debian/ unstable/main libsqlite3-0 amd64 3.7.15.2-1 [463 kB]
Get:12 http://localhost/debian/ experimental/main libexpat1 amd64 2.1.0-2 [138 kB]
Get:13 http://localhost/debian/ unstable/main libffi5 amd64 3.0.10-3 [24.8 kB]
Get:14 http://localhost/debian/ experimental/main libgomp1 amd64 4.8-20130127-1 [27.4 kB]
Get:15 http://localhost/debian/ experimental/main libitm1 amd64 4.8-20130127-1 [37.7 kB]
Get:16 http://localhost/debian/ unstable/main libllvm3.2 amd64 3.2-2 [7865 kB]
Get:17 http://localhost/debian/ experimental/main libobjc4 amd64 4.8-20130127-1 [163 kB]
Get:18 http://localhost/debian/ experimental/main libquadmath0 amd64 4.8-20130127-1 [139 kB]
Get:19 http://localhost/debian/ experimental/main libstdc++6-4.7-dev amd64 4.7.2-19 [1678 kB]
Get:20 http://localhost/debian/ experimental/main g++-4.7 amd64 4.7.2-19 [5877 kB]
Get:21 http://localhost/debian/ experimental/main gcc-4.7 amd64 4.7.2-19 [5831 kB]
Get:22 http://localhost/debian/ experimental/main cpp-4.7 amd64 4.7.2-19 [5416 kB]
Get:23 http://localhost/debian/ experimental/main libgcc-4.7-dev amd64 4.7.2-19 [2465 kB]
Get:24 http://localhost/debian/ experimental/main gcc-4.7-base amd64 4.7.2-19 [148 kB]
Get:25 http://localhost/debian/ experimental/main mime-support all 3.53~experimental2 [36.5 kB]
Get:26 http://localhost/debian/ experimental/main libpython2.7-minimal amd64 2.7.3-15 [531 kB]
Get:27 http://localhost/debian/ experimental/main python2.7-minimal amd64 2.7.3-15 [1220 kB]
Get:28 http://localhost/debian/ experimental/main libpython2.7-stdlib amd64 2.7.3-15 [2367 kB]
Get:29 http://localhost/debian/ experimental/main python2.7 amd64 2.7.3-15 [326 kB]
Get:30 http://localhost/debian/ experimental/main python-minimal amd64 2.7.3-10 [41.8 kB]
Get:31 http://localhost/debian/ experimental/main python amd64 2.7.3-10 [184 kB]
Get:32 http://localhost/debian/ experimental/main libobjc-4.7-dev amd64 4.7.2-19 [717 kB]
Get:33 http://localhost/debian/ experimental/main libclang-common-dev amd64 3.2-1~exp5 [303 kB]
Get:34 http://localhost/debian/ experimental/main compiler-rt amd64 3.2-1~exp5 [315 kB]
Get:35 http://localhost/debian/ experimental/main clang-3.2 amd64 3.2-1~exp5 [10.1 MB]
Get:36 http://localhost/debian/ experimental/main clang all 3.2-1~exp5 [9506 B]
debconf: delaying package configuration, since apt-utils is not installed
Fetched 56.7 MB in 1s (34.3 MB/s)
Selecting previously unselected package gcc-4.8-base:amd64.
(Reading database ... 13484 files and directories currently installed.)
Unpacking gcc-4.8-base:amd64 (from .../gcc-4.8-base_4.8-20130127-1_amd64.deb) ...
Setting up gcc-4.8-base:amd64 (4.8-20130127-1) ...
(Reading database ... 13491 files and directories currently installed.)
Preparing to replace libc6-dev:amd64 2.13-38 (using .../libc6-dev_2.16-0experimental1_amd64.deb) ...
Unpacking replacement libc6-dev:amd64 ...
Preparing to replace libc-dev-bin 2.13-38 (using .../libc-dev-bin_2.16-0experimental1_amd64.deb) ...
Unpacking replacement libc-dev-bin ...
Preparing to replace libc6:amd64 2.13-38 (using .../libc6_2.16-0experimental1_amd64.deb) ...
debconf: unable to initialize frontend: Dialog
debconf: (Dialog frontend will not work on a dumb terminal, an emacs shell buffer, or without a controlling terminal.)
debconf: falling back to frontend: Readline
debconf: unable to initialize frontend: Readline
debconf: (This frontend requires a controlling tty.)
debconf: falling back to frontend: Teletype
Checking for services that may need to be restarted...
Checking init scripts...
Unpacking replacement libc6:amd64 ...
Setting up libc6:amd64 (2.16-0experimental1) ...
debconf: unable to initialize frontend: Dialog
debconf: (Dialog frontend will not work on a dumb terminal, an emacs shell buffer, or without a controlling terminal.)
debconf: falling back to frontend: Readline
debconf: unable to initialize frontend: Readline
debconf: (This frontend requires a controlling tty.)
debconf: falling back to frontend: Teletype
Checking for services that may need to be restarted...
Checking init scripts...
Nothing to restart.
(Reading database ... 13509 files and directories currently installed.)
Preparing to replace libgcc1:amd64 1:4.7.2-5 (using .../libgcc1_1%3a4.8-20130127-1_amd64.deb) ...
Unpacking replacement libgcc1:amd64 ...
Setting up libgcc1:amd64 (1:4.8-20130127-1) ...
(Reading database ... 13509 files and directories currently installed.)
Preparing to replace libstdc++6:amd64 4.7.2-5 (using .../libstdc++6_4.8-20130127-1_amd64.deb) ...
Unpacking replacement libstdc++6:amd64 ...
Setting up libstdc++6:amd64 (4.8-20130127-1) ...
(Reading database ... 13509 files and directories currently installed.)
Preparing to replace libtinfo5:amd64 5.9-10 (using .../libtinfo5_5.9+20130119-1_amd64.deb) ...
Unpacking replacement libtinfo5:amd64 ...
Setting up libtinfo5:amd64 (5.9+20130119-1) ...
(Reading database ... 13509 files and directories currently installed.)
Preparing to replace libncurses5:amd64 5.9-10 (using .../libncurses5_5.9+20130119-1_amd64.deb) ...
Unpacking replacement libncurses5:amd64 ...
Setting up libncurses5:amd64 (5.9+20130119-1) ...
Selecting previously unselected package libncursesw5:amd64.
(Reading database ... 13509 files and directories currently installed.)
Unpacking libncursesw5:amd64 (from .../libncursesw5_5.9+20130119-1_amd64.deb) ...
Selecting previously unselected package libssl1.0.0:amd64.
Unpacking libssl1.0.0:amd64 (from .../libssl1.0.0_1.0.1c-4_amd64.deb) ...
Selecting previously unselected package libsqlite3-0:amd64.
Unpacking libsqlite3-0:amd64 (from .../libsqlite3-0_3.7.15.2-1_amd64.deb) ...
Selecting previously unselected package libexpat1:amd64.
Unpacking libexpat1:amd64 (from .../libexpat1_2.1.0-2_amd64.deb) ...
Selecting previously unselected package libffi5:amd64.
Unpacking libffi5:amd64 (from .../libffi5_3.0.10-3_amd64.deb) ...
Preparing to replace libgomp1:amd64 4.7.2-5 (using .../libgomp1_4.8-20130127-1_amd64.deb) ...
Unpacking replacement libgomp1:amd64 ...
Preparing to replace libitm1:amd64 4.7.2-5 (using .../libitm1_4.8-20130127-1_amd64.deb) ...
Unpacking replacement libitm1:amd64 ...
Selecting previously unselected package libllvm3.2:amd64.
Unpacking libllvm3.2:amd64 (from .../libllvm3.2_3.2-2_amd64.deb) ...
Selecting previously unselected package libobjc4:amd64.
Unpacking libobjc4:amd64 (from .../libobjc4_4.8-20130127-1_amd64.deb) ...
Preparing to replace libquadmath0:amd64 4.7.2-5 (using .../libquadmath0_4.8-20130127-1_amd64.deb) ...
Unpacking replacement libquadmath0:amd64 ...
Preparing to replace libstdc++6-4.7-dev 4.7.2-5 (using .../libstdc++6-4.7-dev_4.7.2-19_amd64.deb) ...
Unpacking replacement libstdc++6-4.7-dev:amd64 ...
Preparing to replace g++-4.7 4.7.2-5 (using .../g++-4.7_4.7.2-19_amd64.deb) ...
Unpacking replacement g++-4.7 ...
Preparing to replace gcc-4.7 4.7.2-5 (using .../gcc-4.7_4.7.2-19_amd64.deb) ...
Unpacking replacement gcc-4.7 ...
Preparing to replace cpp-4.7 4.7.2-5 (using .../cpp-4.7_4.7.2-19_amd64.deb) ...
Unpacking replacement cpp-4.7 ...
Selecting previously unselected package libgcc-4.7-dev:amd64.
Unpacking libgcc-4.7-dev:amd64 (from .../libgcc-4.7-dev_4.7.2-19_amd64.deb) ...
Preparing to replace gcc-4.7-base:amd64 4.7.2-5 (using .../gcc-4.7-base_4.7.2-19_amd64.deb) ...
Unpacking replacement gcc-4.7-base:amd64 ...
Selecting previously unselected package mime-support.
Unpacking mime-support (from .../mime-support_3.53~experimental2_all.deb) ...
Selecting previously unselected package libpython2.7-minimal:amd64.
Unpacking libpython2.7-minimal:amd64 (from .../libpython2.7-minimal_2.7.3-15_amd64.deb) ...
Selecting previously unselected package python2.7-minimal.
Unpacking python2.7-minimal (from .../python2.7-minimal_2.7.3-15_amd64.deb) ...
Selecting previously unselected package libpython2.7-stdlib:amd64.
Unpacking libpython2.7-stdlib:amd64 (from .../libpython2.7-stdlib_2.7.3-15_amd64.deb) ...
Selecting previously unselected package python2.7.
Unpacking python2.7 (from .../python2.7_2.7.3-15_amd64.deb) ...
Selecting previously unselected package python-minimal.
Unpacking python-minimal (from .../python-minimal_2.7.3-10_amd64.deb) ...
Selecting previously unselected package python.
Unpacking python (from .../python_2.7.3-10_amd64.deb) ...
Selecting previously unselected package libobjc-4.7-dev:amd64.
Unpacking libobjc-4.7-dev:amd64 (from .../libobjc-4.7-dev_4.7.2-19_amd64.deb) ...
Selecting previously unselected package libclang-common-dev.
Unpacking libclang-common-dev (from .../libclang-common-dev_3.2-1~exp5_amd64.deb) ...
Selecting previously unselected package compiler-rt.
Unpacking compiler-rt (from .../compiler-rt_3.2-1~exp5_amd64.deb) ...
Selecting previously unselected package clang-3.2.
Unpacking clang-3.2 (from .../clang-3.2_3.2-1~exp5_amd64.deb) ...
Selecting previously unselected package clang.
Unpacking clang (from .../clang_3.2-1~exp5_all.deb) ...
Setting up libc-dev-bin (2.16-0experimental1) ...
Setting up libc6-dev:amd64 (2.16-0experimental1) ...
Setting up libncursesw5:amd64 (5.9+20130119-1) ...
Setting up libssl1.0.0:amd64 (1.0.1c-4) ...
debconf: unable to initialize frontend: Dialog
debconf: (Dialog frontend will not work on a dumb terminal, an emacs shell buffer, or without a controlling terminal.)
debconf: falling back to frontend: Readline
debconf: unable to initialize frontend: Readline
debconf: (This frontend requires a controlling tty.)
debconf: falling back to frontend: Teletype
Setting up libsqlite3-0:amd64 (3.7.15.2-1) ...
Setting up libexpat1:amd64 (2.1.0-2) ...
Setting up libffi5:amd64 (3.0.10-3) ...
Setting up libgomp1:amd64 (4.8-20130127-1) ...
Setting up libitm1:amd64 (4.8-20130127-1) ...
Setting up libllvm3.2:amd64 (3.2-2) ...
Setting up libobjc4:amd64 (4.8-20130127-1) ...
Setting up libquadmath0:amd64 (4.8-20130127-1) ...
Setting up gcc-4.7-base:amd64 (4.7.2-19) ...
Setting up libgcc-4.7-dev:amd64 (4.7.2-19) ...
Setting up libstdc++6-4.7-dev:amd64 (4.7.2-19) ...
Setting up cpp-4.7 (4.7.2-19) ...
Setting up gcc-4.7 (4.7.2-19) ...
Setting up g++-4.7 (4.7.2-19) ...
Setting up mime-support (3.53~experimental2) ...
Setting up libpython2.7-minimal:amd64 (2.7.3-15) ...
Setting up python2.7-minimal (2.7.3-15) ...
Linking and byte-compiling packages for runtime python2.7...
Setting up libpython2.7-stdlib:amd64 (2.7.3-15) ...
Setting up python2.7 (2.7.3-15) ...
Setting up python-minimal (2.7.3-10) ...
Setting up python (2.7.3-10) ...
Setting up libobjc-4.7-dev:amd64 (4.7.2-19) ...
Setting up libclang-common-dev (3.2-1~exp5) ...
Setting up compiler-rt (3.2-1~exp5) ...
Setting up clang-3.2 (3.2-1~exp5) ...
Setting up clang (3.2-1~exp5) ...
+ echo 'Replace gcc, g++ & cpp by clang'
Replace gcc, g++ & cpp by clang
+ VERSIONS='4.6 4.7'
+ cd /usr/bin
+ for VERSION in '$VERSIONS'
+ rm g++-4.6 gcc-4.6 cpp-4.6
+ ln -s clang++ g++-4.6
+ ln -s clang gcc-4.6
+ ln -s clang cpp-4.6
+ for VERSION in '$VERSIONS'
+ rm g++-4.7 gcc-4.7 cpp-4.7
+ ln -s clang++ g++-4.7
+ ln -s clang gcc-4.7
+ ln -s clang cpp-4.7
+ cd -
/«BUILDDIR»
+ echo 'Block the installation of new gcc version'
Block the installation of new gcc version
+ echo 'gcc-4.6 hold'
+ dpkg --set-selections
+ echo 'cpp-4.6 hold'
+ dpkg --set-selections
+ echo 'g++-4.6 hold'
+ dpkg --set-selections
+ echo 'gcc-4.7 hold'
+ dpkg --set-selections
+ echo 'cpp-4.7 hold'
+ dpkg --set-selections
+ echo 'g++-4.7 hold'
+ dpkg --set-selections
+ echo 'Check if gcc, g++ & cpp are actually clang'
Check if gcc, g++ & cpp are actually clang
+ gcc --version
+ grep clang
+ cpp --version
+ grep clang
+ g++ --version
+ grep clang

I: Finished running '/tmp/switch-to-clang'.

Finished processing commands.
────────────────────────────────────────────────────────────────────────────────
Merged Build-Depends: build-essential, fakeroot
Filtered Build-Depends: build-essential, fakeroot
dpkg-deb: building package `sbuild-build-depends-core-dummy' in `/«BUILDDIR»/resolver-UEz93a/apt_archive/sbuild-build-depends-core-dummy.deb'.
OK
Reading package lists...

┌──────────────────────────────────────────────────────────────────────────────┐
│ Install core build dependencies (apt-based resolver)                         │
└──────────────────────────────────────────────────────────────────────────────┘

Installing build dependencies
Reading package lists...
Building dependency tree...
Reading state information...
The following NEW packages will be installed:
  sbuild-build-depends-core-dummy
debconf: delaying package configuration, since apt-utils is not installed
0 upgraded, 1 newly installed, 0 to remove and 0 not upgraded.
Need to get 0 B/710 B of archives.
After this operation, 0 B of additional disk space will be used.
Selecting previously unselected package sbuild-build-depends-core-dummy.
(Reading database ... 14674 files and directories currently installed.)
Unpacking sbuild-build-depends-core-dummy (from .../sbuild-build-depends-core-dummy.deb) ...
Setting up sbuild-build-depends-core-dummy (0.invalid.0) ...
Merged Build-Depends: base-files, base-passwd, bash, bsdutils, coreutils, dash, debianutils, diffutils, dpkg, e2fsprogs, findutils, grep, gzip, hostname, libc-bin, login, mount, ncurses-base, ncurses-bin, perl-base, sed, sysvinit, sysvinit-utils, tar, util-linux, libc6-dev | libc-dev, gcc (>= 4:4.4.3), g++ (>= 4:4.4.3), make, dpkg-dev (>= 1.13.5), debhelper (>= 7), dpatch, libpcre3-dev
Filtered Build-Depends: base-files, base-passwd, bash, bsdutils, coreutils, dash, debianutils, diffutils, dpkg, e2fsprogs, findutils, grep, gzip, hostname, libc-bin, login, mount, ncurses-base, ncurses-bin, perl-base, sed, sysvinit, sysvinit-utils, tar, util-linux, libc6-dev, gcc (>= 4:4.4.3), g++ (>= 4:4.4.3), make, dpkg-dev (>= 1.13.5), debhelper (>= 7), dpatch, libpcre3-dev
dpkg-deb: building package `sbuild-build-depends-hlbr-dummy' in `/«BUILDDIR»/resolver-RdYdkQ/apt_archive/sbuild-build-depends-hlbr-dummy.deb'.
OK
Reading package lists...

┌──────────────────────────────────────────────────────────────────────────────┐
│ Install hlbr build dependencies (apt-based resolver)                         │
└──────────────────────────────────────────────────────────────────────────────┘

Installing build dependencies
Reading package lists...
Building dependency tree...
Reading state information...
The following extra packages will be installed:
  bsdmainutils debhelper dpatch file gettext gettext-base groff-base html2text
  intltool-debian libasprintf-dev libasprintf0c2 libcroco3 libgettextpo-dev
  libgettextpo0 libglib2.0-0 libmagic1 libpcre3 libpcre3-dev libpcrecpp0
  libpipeline1 libunistring0 libxml2 man-db po-debconf
Suggested packages:
  wamerican wordlist whois vacation dh-make curl gettext-doc groff less
  www-browser libmail-box-perl
Recommended packages:
  patchutils autopoint libglib2.0-data shared-mime-info xml-core
  libmail-sendmail-perl
The following NEW packages will be installed:
  bsdmainutils debhelper dpatch file gettext gettext-base groff-base html2text
  intltool-debian libasprintf-dev libasprintf0c2 libcroco3 libgettextpo-dev
  libgettextpo0 libglib2.0-0 libmagic1 libpcre3 libpcre3-dev libpcrecpp0
  libpipeline1 libunistring0 libxml2 man-db po-debconf
  sbuild-build-depends-hlbr-dummy
0 upgraded, 25 newly installed, 0 to remove and 0 not upgraded.
Need to get 9693 kB/9694 kB of archives.
After this operation, 27.0 MB of additional disk space will be used.
Get:1 http://localhost/debian/ unstable/main libpipeline1 amd64 1.2.2-1 [39.9 kB]
Get:2 http://localhost/debian/ unstable/main groff-base amd64 1.22.1-2 [741 kB]
Get:3 http://localhost/debian/ unstable/main bsdmainutils amd64 9.0.4 [210 kB]
Get:4 http://localhost/debian/ unstable/main man-db amd64 2.6.3-3 [898 kB]
Get:5 http://localhost/debian/ unstable/main libasprintf0c2 amd64 0.18.1.1-10 [27.2 kB]
Get:6 http://localhost/debian/ unstable/main libmagic1 amd64 5.11-2 [202 kB]
Get:7 http://localhost/debian/ unstable/main libpcre3 amd64 1:8.31-2 [247 kB]
Get:8 http://localhost/debian/ unstable/main libxml2 amd64 2.8.0+dfsg1-7 [903 kB]
Get:9 http://localhost/debian/ unstable/main libglib2.0-0 amd64 2.33.12+really2.32.4-5 [1838 kB]
Get:10 http://localhost/debian/ unstable/main libcroco3 amd64 0.6.6-2 [134 kB]
Get:11 http://localhost/debian/ unstable/main libunistring0 amd64 0.9.3-5 [434 kB]
Get:12 http://localhost/debian/ unstable/main libgettextpo0 amd64 0.18.1.1-10 [145 kB]
Get:13 http://localhost/debian/ unstable/main libpcrecpp0 amd64 1:8.31-2 [128 kB]
Get:14 http://localhost/debian/ unstable/main file amd64 5.11-2 [51.8 kB]
Get:15 http://localhost/debian/ unstable/main gettext-base amd64 0.18.1.1-10 [154 kB]
Get:16 http://localhost/debian/ unstable/main html2text amd64 1.3.2a-15 [103 kB]
Get:17 http://localhost/debian/ unstable/main libasprintf-dev amd64 0.18.1.1-10 [26.8 kB]
Get:18 http://localhost/debian/ unstable/main libgettextpo-dev amd64 0.18.1.1-10 [184 kB]
Get:19 http://localhost/debian/ unstable/main gettext amd64 0.18.1.1-10 [1815 kB]
Get:20 http://localhost/debian/ unstable/main intltool-debian all 0.35.0+20060710.1 [30.8 kB]
Get:21 http://localhost/debian/ unstable/main po-debconf all 1.0.16+nmu2 [224 kB]
Get:22 http://localhost/debian/ unstable/main debhelper all 9.20120909 [705 kB]
Get:23 http://localhost/debian/ unstable/main dpatch all 2.0.35 [95.2 kB]
Get:24 http://localhost/debian/ unstable/main libpcre3-dev amd64 1:8.31-2 [356 kB]
debconf: delaying package configuration, since apt-utils is not installed
Fetched 9693 kB in 0s (28.4 MB/s)
Selecting previously unselected package libpipeline1:amd64.
(Reading database ... 14674 files and directories currently installed.)
Unpacking libpipeline1:amd64 (from .../libpipeline1_1.2.2-1_amd64.deb) ...
Selecting previously unselected package groff-base.
Unpacking groff-base (from .../groff-base_1.22.1-2_amd64.deb) ...
Selecting previously unselected package bsdmainutils.
Unpacking bsdmainutils (from .../bsdmainutils_9.0.4_amd64.deb) ...
Selecting previously unselected package man-db.
Unpacking man-db (from .../man-db_2.6.3-3_amd64.deb) ...
Selecting previously unselected package libasprintf0c2:amd64.
Unpacking libasprintf0c2:amd64 (from .../libasprintf0c2_0.18.1.1-10_amd64.deb) ...
Selecting previously unselected package libmagic1:amd64.
Unpacking libmagic1:amd64 (from .../libmagic1_5.11-2_amd64.deb) ...
Selecting previously unselected package libpcre3:amd64.
Unpacking libpcre3:amd64 (from .../libpcre3_1%3a8.31-2_amd64.deb) ...
Selecting previously unselected package libxml2:amd64.
Unpacking libxml2:amd64 (from .../libxml2_2.8.0+dfsg1-7_amd64.deb) ...
Selecting previously unselected package libglib2.0-0:amd64.
Unpacking libglib2.0-0:amd64 (from .../libglib2.0-0_2.33.12+really2.32.4-5_amd64.deb) ...
Selecting previously unselected package libcroco3:amd64.
Unpacking libcroco3:amd64 (from .../libcroco3_0.6.6-2_amd64.deb) ...
Selecting previously unselected package libunistring0:amd64.
Unpacking libunistring0:amd64 (from .../libunistring0_0.9.3-5_amd64.deb) ...
Selecting previously unselected package libgettextpo0:amd64.
Unpacking libgettextpo0:amd64 (from .../libgettextpo0_0.18.1.1-10_amd64.deb) ...
Selecting previously unselected package libpcrecpp0:amd64.
Unpacking libpcrecpp0:amd64 (from .../libpcrecpp0_1%3a8.31-2_amd64.deb) ...
Selecting previously unselected package file.
Unpacking file (from .../archives/file_5.11-2_amd64.deb) ...
Selecting previously unselected package gettext-base.
Unpacking gettext-base (from .../gettext-base_0.18.1.1-10_amd64.deb) ...
Selecting previously unselected package html2text.
Unpacking html2text (from .../html2text_1.3.2a-15_amd64.deb) ...
Selecting previously unselected package libasprintf-dev:amd64.
Unpacking libasprintf-dev:amd64 (from .../libasprintf-dev_0.18.1.1-10_amd64.deb) ...
Selecting previously unselected package libgettextpo-dev:amd64.
Unpacking libgettextpo-dev:amd64 (from .../libgettextpo-dev_0.18.1.1-10_amd64.deb) ...
Selecting previously unselected package gettext.
Unpacking gettext (from .../gettext_0.18.1.1-10_amd64.deb) ...
Selecting previously unselected package intltool-debian.
Unpacking intltool-debian (from .../intltool-debian_0.35.0+20060710.1_all.deb) ...
Selecting previously unselected package po-debconf.
Unpacking po-debconf (from .../po-debconf_1.0.16+nmu2_all.deb) ...
Selecting previously unselected package debhelper.
Unpacking debhelper (from .../debhelper_9.20120909_all.deb) ...
Selecting previously unselected package dpatch.
Unpacking dpatch (from .../archives/dpatch_2.0.35_all.deb) ...
Selecting previously unselected package libpcre3-dev:amd64.
Unpacking libpcre3-dev:amd64 (from .../libpcre3-dev_1%3a8.31-2_amd64.deb) ...
Selecting previously unselected package sbuild-build-depends-hlbr-dummy.
Unpacking sbuild-build-depends-hlbr-dummy (from .../sbuild-build-depends-hlbr-dummy.deb) ...
Processing triggers for mime-support ...
Setting up libpipeline1:amd64 (1.2.2-1) ...
Setting up groff-base (1.22.1-2) ...
Setting up bsdmainutils (9.0.4) ...
update-alternatives: using /usr/bin/bsd-write to provide /usr/bin/write (write) in auto mode
update-alternatives: using /usr/bin/bsd-from to provide /usr/bin/from (from) in auto mode
Setting up man-db (2.6.3-3) ...
Building database of manual pages ...
Setting up libasprintf0c2:amd64 (0.18.1.1-10) ...
Setting up libmagic1:amd64 (5.11-2) ...
Setting up libpcre3:amd64 (1:8.31-2) ...
Setting up libxml2:amd64 (2.8.0+dfsg1-7) ...
Setting up libglib2.0-0:amd64 (2.33.12+really2.32.4-5) ...
No schema files found: doing nothing.
Setting up libcroco3:amd64 (0.6.6-2) ...
Setting up libunistring0:amd64 (0.9.3-5) ...
Setting up libgettextpo0:amd64 (0.18.1.1-10) ...
Setting up libpcrecpp0:amd64 (1:8.31-2) ...
Setting up file (5.11-2) ...
Setting up gettext-base (0.18.1.1-10) ...
Setting up html2text (1.3.2a-15) ...
Setting up libasprintf-dev:amd64 (0.18.1.1-10) ...
Setting up libgettextpo-dev:amd64 (0.18.1.1-10) ...
Setting up gettext (0.18.1.1-10) ...
Setting up intltool-debian (0.35.0+20060710.1) ...
Setting up po-debconf (1.0.16+nmu2) ...
Setting up debhelper (9.20120909) ...
Setting up dpatch (2.0.35) ...
Setting up libpcre3-dev:amd64 (1:8.31-2) ...
Setting up sbuild-build-depends-hlbr-dummy (0.invalid.0) ...

┌──────────────────────────────────────────────────────────────────────────────┐
│ Build environment                                                            │
└──────────────────────────────────────────────────────────────────────────────┘

Kernel: Linux 2.6.32-5-xen-amd64 amd64 (x86_64)
Toolchain package versions: binutils_2.22-7.1 dpkg-dev_1.16.9 g++-4.6_4.6.3-15 g++-4.7_4.7.2-19 gcc-4.6_4.6.3-15 gcc-4.7_4.7.2-19 libc6-dev_2.16-0experimental1 libstdc++6_4.8-20130127-1 libstdc++6-4.6-dev_4.6.3-15 libstdc++6-4.7-dev_4.7.2-19 linux-libc-dev_3.2.35-2
Package versions: apt_0.9.7.7 base-files_7.1 base-passwd_3.5.26 bash_4.2+dfsg-0.1 binutils_2.22-7.1 bsdmainutils_9.0.4 bsdutils_1:2.20.1-5.3 build-essential_11.6 bzip2_1.0.6-4 clang_3.2-1~exp5 clang-3.2_3.2-1~exp5 compiler-rt_3.2-1~exp5 coreutils_8.20-3 cpp_4:4.7.2-1 cpp-4.6_4.6.3-15 cpp-4.7_4.7.2-19 dash_0.5.7-3 debconf_1.5.49 debconf-i18n_1.5.49 debfoster_2.7-1.2 debhelper_9.20120909 debian-archive-keyring_2012.4 debianutils_4.3.4 diffutils_1:3.2-7 dpatch_2.0.35 dpkg_1.16.9 dpkg-dev_1.16.9 e2fslibs_1.42.5-1 e2fsprogs_1.42.5-1 fakeroot_1.18.4-2 file_5.11-2 findutils_4.4.2-5 g++_4:4.7.2-1 g++-4.6_4.6.3-15 g++-4.7_4.7.2-19 gcc_4:4.7.2-1 gcc-4.4-base_4.4.7-3 gcc-4.5-base_4.5.4-1 gcc-4.6_4.6.3-15 gcc-4.6-base_4.6.3-15 gcc-4.7_4.7.2-19 gcc-4.7-base_4.7.2-19 gcc-4.8-base_4.8-20130127-1 gettext_0.18.1.1-10 gettext-base_0.18.1.1-10 gnupg_1.4.12-7 gpgv_1.4.12-7 grep_2.14-1 groff-base_1.22.1-2 gzip_1.5-1.1 hostname_3.12 html2text_1.3.2a-15 initscripts_2.88dsf-39 insserv_1.14.0-5 intltool-debian_0.35.0+20060710.1 libacl1_2.2.51-8 libapt-pkg4.12_0.9.7.7 libasprintf-dev_0.18.1.1-10 libasprintf0c2_0.18.1.1-10 libattr1_1:2.4.46-8 libblkid1_2.20.1-5.3 libbz2-1.0_1.0.6-4 libc-bin_2.13-38 libc-dev-bin_2.16-0experimental1 libc6_2.16-0experimental1 libc6-dev_2.16-0experimental1 libclang-common-dev_3.2-1~exp5 libclass-isa-perl_0.36-5 libcomerr2_1.42.5-1 libcroco3_0.6.6-2 libdb5.1_5.1.29-5 libdpkg-perl_1.16.9 libexpat1_2.1.0-2 libffi5_3.0.10-3 libfile-fcntllock-perl_0.14-2 libgc1c2_1:7.1-9.1 libgcc-4.7-dev_4.7.2-19 libgcc1_1:4.8-20130127-1 libgdbm3_1.8.3-11 libgettextpo-dev_0.18.1.1-10 libgettextpo0_0.18.1.1-10 libglib2.0-0_2.33.12+really2.32.4-5 libgmp10_2:5.0.5+dfsg-2 libgomp1_4.8-20130127-1 libgpm2_1.20.4-6 libitm1_4.8-20130127-1 libllvm3.2_3.2-2 liblocale-gettext-perl_1.05-7+b1 liblzma5_5.1.1alpha+20120614-2 libmagic1_5.11-2 libmount1_2.20.1-5.3 libmpc2_0.9-4 libmpfr4_3.1.0-5 libncurses5_5.9+20130119-1 libncursesw5_5.9+20130119-1 libobjc-4.7-dev_4.7.2-19 libobjc4_4.8-20130127-1 libpam-modules_1.1.3-7.1 libpam-modules-bin_1.1.3-7.1 libpam-runtime_1.1.3-7.1 libpam0g_1.1.3-7.1 libpcre3_1:8.31-2 libpcre3-dev_1:8.31-2 libpcrecpp0_1:8.31-2 libpipeline1_1.2.2-1 libpython2.7-minimal_2.7.3-15 libpython2.7-stdlib_2.7.3-15 libquadmath0_4.8-20130127-1 libreadline6_6.2+dfsg-0.1 libselinux1_2.1.9-5 libsemanage-common_2.1.6-6 libsemanage1_2.1.6-6 libsepol1_2.1.4-3 libslang2_2.2.4-15 libsqlite3-0_3.7.15.2-1 libss2_1.42.5-1 libssl1.0.0_1.0.1c-4 libstdc++6_4.8-20130127-1 libstdc++6-4.6-dev_4.6.3-15 libstdc++6-4.7-dev_4.7.2-19 libswitch-perl_2.16-2 libtext-charwidth-perl_0.04-7+b1 libtext-iconv-perl_1.7-5 libtext-wrapi18n-perl_0.06-7 libtimedate-perl_1.2000-1 libtinfo5_5.9+20130119-1 libunistring0_0.9.3-5 libusb-0.1-4_2:0.1.12-23+nmu1 libustr-1.0-1_1.0.4-3 libuuid1_2.20.1-5.3 libxml2_2.8.0+dfsg1-7 linux-libc-dev_3.2.35-2 login_1:4.1.5.1-1 lsb-base_4.1+Debian9 make_3.81-8.2 man-db_2.6.3-3 mawk_1.3.3-17 mime-support_3.53~experimental2 mount_2.20.1-5.3 multiarch-support_2.13-38 ncurses-base_5.9-10 ncurses-bin_5.9-10 passwd_1:4.1.5.1-1 patch_2.6.1-3 perl_5.14.2-17 perl-base_5.14.2-17 perl-modules_5.14.2-17 po-debconf_1.0.16+nmu2 python_2.7.3-10 python-minimal_2.7.3-10 python2.7_2.7.3-15 python2.7-minimal_2.7.3-15 readline-common_6.2+dfsg-0.1 sbuild-build-depends-core-dummy_0.invalid.0 sbuild-build-depends-hlbr-dummy_0.invalid.0 sed_4.2.1-10 sensible-utils_0.0.7 sudo_1.8.5p2-1 sysv-rc_2.88dsf-39 sysvinit_2.88dsf-39 sysvinit-utils_2.88dsf-39 tar_1.26+dfsg-0.1 tzdata_2012j-1 ucf_3.0025+nmu3 util-linux_2.20.1-5.3 vim_2:7.3.547-6 vim-common_2:7.3.547-6 vim-runtime_2:7.3.547-6 xz-utils_5.1.1alpha+20120614-2 zlib1g_1:1.2.7.dfsg-13

┌──────────────────────────────────────────────────────────────────────────────┐
│ Build                                                                        │
└──────────────────────────────────────────────────────────────────────────────┘


Unpack source
─────────────

gpgv: keyblock resource `/sbuild-nonexistent/.gnupg/trustedkeys.gpg': file open error
gpgv: Signature made Mon Mar  8 14:25:34 2010 UTC using DSA key ID D9309644
gpgv: Can't check signature: public key not found
dpkg-source: warning: failed to verify signature on ./hlbr_1.7.2-2.dsc
dpkg-source: info: extracting hlbr in hlbr-1.7.2
dpkg-source: info: unpacking hlbr_1.7.2.orig.tar.gz
dpkg-source: info: applying hlbr_1.7.2-2.diff.gz

Check disc space
────────────────

Sufficient free space for build

User Environment
────────────────

HOME=/sbuild-nonexistent
LOGNAME=user
PATH=/usr/local/sbin:/usr/local/bin:/usr/sbin:/usr/bin:/sbin:/bin:/usr/games
SCHROOT_CHROOT_NAME=unstable-amd64-sbuild
SCHROOT_COMMAND=env
SCHROOT_GID=1000
SCHROOT_GROUP=user
SCHROOT_SESSION_ID=unstable-amd64-sbuild-bcd238ae-627c-45c2-ba24-df2f0ba2c97f
SCHROOT_UID=1000
SCHROOT_USER=user
SHELL=/bin/sh
USER=user

dpkg-buildpackage
─────────────────

dpkg-buildpackage: source package hlbr
dpkg-buildpackage: source version 1.7.2-2
dpkg-buildpackage: source changed by Joao Eriberto Mota Filho <eriberto@eriberto.pro.br>
 dpkg-source --before-build hlbr-1.7.2
dpkg-buildpackage: host architecture amd64
 fakeroot debian/rules clean
dpatch  deapply-all  
01_configure not applied to ./ .
rm -rf patch-stamp patch-stampT debian/patched
dh_testdir
dh_testroot
rm -f build-stamp config.status
[ ! -f Makefile ] || /usr/bin/make clean
rm -f config.sub config.guess
dh_clean
dpkg-buildpackage: warning: debian/rules must be updated to support the 'build-arch' and 'build-indep' targets (at least 'build-arch' seems to be missing)
 debian/rules build
test -d debian/patched || install -d debian/patched
dpatch  apply-all  
applying patch 01_configure to ./ ... ok.
dpatch  cat-all  >>patch-stampT
mv -f patch-stampT patch-stamp
dh_testdir
./configure --build x86_64-linux-gnu CFLAGS="" LDFLAGS="-Wl,-z,defs"

***********************************
Arquivo de configuracao para o HLBR
     Configure script for HLBR
***********************************


Buscando SO / Checking OS..........................LINUX
Buscando compilador C / Checking for a C compiler../usr/bin/gcc
Buscando endianness / Checking endianness..........LITTLE

-----------------------------------------------------------
Por favor, selecione o idioma / Please, select the language

Portugues - Pressione p e ENTER
English - Press ENTER
-----------------------------------------------------------

Language: english


Buscando o daemon / Checking for daemon............Encontrado / Found
Buscando freopen / Checking for freopen............Encontrado / Found
Buscando dlopen / Checking for dlopen..............Encontrado / Found
Buscando libpcre / Checking for libpcre............Encontrado / Found



-------------------------------

HLBR - Hogwash Light BR
Version: 1.7.2
Date: Feb 27, 2010

Pronto / Done.

-------------------------------
Execute "# make" para compilar.
Run "# make" to compile.
-------------------------------

touch config.status
dh_testdir
/usr/bin/make
make[1]: Entering directory `/«PKGBUILDDIR»'
gcc -g    -c -o engine/hlbr.o engine/hlbr.c
gcc -g    -c -o engine/alert_limit.o engine/alert_limit.c
gcc -g    -c -o engine/bits.o engine/bits.c
gcc -g    -c -o engine/parse_config.o engine/parse_config.c
engine/parse_config.c:121:37: warning: format string is not a string literal (potentially insecure) [-Wformat-security]
        snprintf(List->Name, MAX_NAME_LEN, Name);
                                           ^~~~
engine/parse_config.c:237:23: warning: implicit declaration of function 'getpid' is invalid in C99 [-Wimplicit-function-declaration]
        fprintf (fp, "%d\n", getpid());
                             ^
engine/parse_config.c:274:52: warning: format string is not a string literal (potentially insecure) [-Wformat-security]
                        snprintf(Globals.SensorName, strlen(Current)+1, Current);
                                                                        ^~~~~~~
engine/parse_config.c:351:52: warning: format string is not a string literal (potentially insecure) [-Wformat-security]
        snprintf(Interface->Name, MAX_INTERFACE_NAME_LEN, Name);
                                                          ^~~~
4 warnings generated.
gcc -g    -c -o engine/parse_rules.o engine/parse_rules.c
engine/parse_rules.c:234:56: warning: for loop has empty body [-Wempty-body]
                for (i = strlen(FDir); i >= 0 && FDir[i] != '/'; i--);
                                                                     ^
engine/parse_rules.c:234:56: note: put the semicolon on a separate line to silence this warning
1 warning generated.
gcc -g    -c -o engine/main_loop.o engine/main_loop.c
gcc -g    -c -o engine/session.o engine/session.c
gcc -g    -c -o engine/jtree.o engine/jtree.c
gcc -g    -c -o engine/num_list.o engine/num_list.c
gcc -g    -c -o engine/message.o engine/message.c
gcc -g    -c -o engine/cache.o engine/cache.c
gcc -g    -c -o engine/regex.o engine/regex.c
gcc -g    -c -o engine/hlbrlib.o engine/hlbrlib.c
engine/hlbrlib.c:181:9: warning: format specifies type 'unsigned int' but the argument has type 'char *' [-Wformat]
   FREE(s);
   ~~~~~^
engine/hlbr.h:127:72: note: expanded from macro 'FREE'
                PRINTERROR3("Attempting to free a NULL pointer at 0x%x (%s():%d)\n", x, __FUNCTION__, __LINE__); \
                                                                                     ^
engine/hlbr.h:93:59: note: expanded from macro 'PRINTERROR3'
#define PRINTERROR3(msg, p1, p2, p3)    fprintf(stderr, msg, p1, p2, p3)
                                                             ^
engine/hlbrlib.c:182:9: warning: format specifies type 'unsigned int' but the argument has type 'char *' [-Wformat]
   FREE(ptr);
   ~~~~~^~~
engine/hlbr.h:127:72: note: expanded from macro 'FREE'
                PRINTERROR3("Attempting to free a NULL pointer at 0x%x (%s():%d)\n", x, __FUNCTION__, __LINE__); \
                                                                                     ^
engine/hlbr.h:93:59: note: expanded from macro 'PRINTERROR3'
#define PRINTERROR3(msg, p1, p2, p3)    fprintf(stderr, msg, p1, p2, p3)
                                                             ^
engine/hlbrlib.c:204:11: warning: format specifies type 'unsigned int' but the argument has type 'char *' [-Wformat]
            FREE(ll->item);
            ~~~~~^~~~~~~~
engine/hlbr.h:127:72: note: expanded from macro 'FREE'
                PRINTERROR3("Attempting to free a NULL pointer at 0x%x (%s():%d)\n", x, __FUNCTION__, __LINE__); \
                                                                                     ^
engine/hlbr.h:93:59: note: expanded from macro 'PRINTERROR3'
#define PRINTERROR3(msg, p1, p2, p3)    fprintf(stderr, msg, p1, p2, p3)
                                                             ^
engine/hlbrlib.c:205:11: warning: format specifies type 'unsigned int' but the argument has type 'QueueList *' (aka 'struct queue_t *') [-Wformat]
            FREE(ll);
            ~~~~~^~
engine/hlbr.h:127:72: note: expanded from macro 'FREE'
                PRINTERROR3("Attempting to free a NULL pointer at 0x%x (%s():%d)\n", x, __FUNCTION__, __LINE__); \
                                                                                     ^
engine/hlbr.h:93:59: note: expanded from macro 'PRINTERROR3'
#define PRINTERROR3(msg, p1, p2, p3)    fprintf(stderr, msg, p1, p2, p3)
                                                             ^
engine/hlbrlib.c:209:11: warning: format specifies type 'unsigned int' but the argument has type 'char *' [-Wformat]
            FREE(ll->item);
            ~~~~~^~~~~~~~
engine/hlbr.h:127:72: note: expanded from macro 'FREE'
                PRINTERROR3("Attempting to free a NULL pointer at 0x%x (%s():%d)\n", x, __FUNCTION__, __LINE__); \
                                                                                     ^
engine/hlbr.h:93:59: note: expanded from macro 'PRINTERROR3'
#define PRINTERROR3(msg, p1, p2, p3)    fprintf(stderr, msg, p1, p2, p3)
                                                             ^
engine/hlbrlib.c:210:11: warning: format specifies type 'unsigned int' but the argument has type 'QueueList *' (aka 'struct queue_t *') [-Wformat]
            FREE(ll);
            ~~~~~^~
engine/hlbr.h:127:72: note: expanded from macro 'FREE'
                PRINTERROR3("Attempting to free a NULL pointer at 0x%x (%s():%d)\n", x, __FUNCTION__, __LINE__); \
                                                                                     ^
engine/hlbr.h:93:59: note: expanded from macro 'PRINTERROR3'
#define PRINTERROR3(msg, p1, p2, p3)    fprintf(stderr, msg, p1, p2, p3)
                                                             ^
engine/hlbrlib.c:229:12: warning: format specifies type 'unsigned int' but the argument has type 'char *' [-Wformat]
      FREE(ll->item);
      ~~~~~^~~~~~~~
engine/hlbr.h:127:72: note: expanded from macro 'FREE'
                PRINTERROR3("Attempting to free a NULL pointer at 0x%x (%s():%d)\n", x, __FUNCTION__, __LINE__); \
                                                                                     ^
engine/hlbr.h:93:59: note: expanded from macro 'PRINTERROR3'
#define PRINTERROR3(msg, p1, p2, p3)    fprintf(stderr, msg, p1, p2, p3)
                                                             ^
engine/hlbrlib.c:230:12: warning: format specifies type 'unsigned int' but the argument has type 'QueueList *' (aka 'struct queue_t *') [-Wformat]
      FREE(ll);
      ~~~~~^~
engine/hlbr.h:127:72: note: expanded from macro 'FREE'
                PRINTERROR3("Attempting to free a NULL pointer at 0x%x (%s():%d)\n", x, __FUNCTION__, __LINE__); \
                                                                                     ^
engine/hlbr.h:93:59: note: expanded from macro 'PRINTERROR3'
#define PRINTERROR3(msg, p1, p2, p3)    fprintf(stderr, msg, p1, p2, p3)
                                                             ^
8 warnings generated.
gcc -g    -c -o engine/url.o engine/url.c
engine/url.c:57:44: warning: passing 'char *' to parameter of type 'unsigned char *' converts between pointers to integer types with different sign [-Wpointer-sign]
                        decoded[(*decoded_size)++] = urietohex (&content[i++]);
                                                                ^~~~~~~~~~~~~
engine/url.c:11:39: note: passing argument to parameter 'str' here
inline char urietohex (unsigned char *str) {
                                      ^
1 warning generated.
gcc -g    -c -o packets/packet.o packets/packet.c
gcc -g    -c -o packets/packet_linux_raw.o packets/packet_linux_raw.c
packets/packet_linux_raw.c:243:3: warning: cast to 'void *' from smaller integer type 'int' [-Wint-to-pointer-cast]
                (void*)InterfaceID
                ^
1 warning generated.
gcc -g    -c -o packets/packet_obsd_bpf.o packets/packet_obsd_bpf.c
gcc -g    -c -o packets/packet_osx_bpf.o packets/packet_osx_bpf.c
gcc -g    -c -o packets/packet_tcpdump.o packets/packet_tcpdump.c
packets/packet_tcpdump.c:179:3: warning: cast to 'void *' from smaller integer type 'int' [-Wint-to-pointer-cast]
                (void*)InterfaceID
                ^
1 warning generated.
gcc -g    -c -o packets/packet_solaris_dlpi.o packets/packet_solaris_dlpi.c
gcc -g    -c -o decoders/decode.o decoders/decode.c
decoders/decode.c:99:59: warning: format string is not a string literal (potentially insecure) [-Wformat-security]
        snprintf(Globals.Decoders[DecoderID].Name, MAX_NAME_LEN, Name);
                                                                 ^~~~
1 warning generated.
gcc -g    -c -o decoders/decode_interface.o decoders/decode_interface.c
gcc -g    -c -o decoders/decode_ethernet.o decoders/decode_ethernet.c
gcc -g    -c -o decoders/decode_ip.o decoders/decode_ip.c
gcc -g    -c -o decoders/decode_ip_defrag.o decoders/decode_ip_defrag.c
decoders/decode_ip_defrag.c:113:2: warning: implicit declaration of function 'PacketZero' is invalid in C99 [-Wimplicit-function-declaration]
        PacketZero (newp);
        ^
decoders/decode_ip_defrag.c:316:2: warning: implicit declaration of function 'CacheTimeout' is invalid in C99 [-Wimplicit-function-declaration]
        CacheTimeout(FragCache, time(NULL));
        ^
2 warnings generated.
gcc -g    -c -o decoders/decode_icmp.o decoders/decode_icmp.c
gcc -g    -c -o decoders/decode_udp.o decoders/decode_udp.c
gcc -g    -c -o decoders/decode_tcp.o decoders/decode_tcp.c
decoders/decode_tcp.c:51:2: warning: implicit declaration of function 'AssignSessionTCP' is invalid in C99 [-Wimplicit-function-declaration]
        AssignSessionTCP(PacketSlot, (void*)data);
        ^
1 warning generated.
gcc -g    -c -o decoders/decode_http.o decoders/decode_http.c
decoders/decode_http.c:99:8: warning: assigning to 'char *' from 'unsigned char *' converts between pointers to integer types with different sign [-Wpointer-sign]
        pbaux = Globals.Packets[PacketSlot].RawPacket + Globals.Packets[PacketSlot].BeginData;
              ^ ~~~~~~~~~~~~~~~~~~~~~~~~~~~~~~~~~~~~~~~~~~~~~~~~~~~~~~~~~~~~~~~~~~~~~~~~~~~~~
1 warning generated.
gcc -g    -c -o decoders/decode_dns.o decoders/decode_dns.c
decoders/decode_dns.c:102:50: warning: passing 'unsigned char [1024]' to parameter of type 'char *' converts between pointers to integer types with different sign [-Wpointer-sign]
                        DNS2Human((char*)(p->RawPacket+p->BeginData), data->Q[i].Query, MAX_DNS_QUERY_LEN);
                                                                      ^~~~~~~~~~~~~~~~
decoders/decode_dns.c:17:32: note: passing argument to parameter 'Human' here
int DNS2Human(char* DNS, char* Human, int HumanLen){
                               ^
1 warning generated.
gcc -g    -c -o decoders/decode_arp.o decoders/decode_arp.c
gcc -g    -c -o tests/test.o tests/test.c
gcc -g    -c -o tests/test_interface_name.o tests/test_interface_name.c
gcc -g    -c -o tests/test_ethernet_type.o tests/test_ethernet_type.c
gcc -g    -c -o tests/test_ethernet_src.o tests/test_ethernet_src.c
gcc -g    -c -o tests/test_ethernet_dst.o tests/test_ethernet_dst.c
gcc -g    -c -o tests/test_ip_src.o tests/test_ip_src.c
tests/test_ip_src.c:71:4: warning: implicit declaration of function 'NotAndBitFields' is invalid in C99 [-Wimplicit-function-declaration]
                        NotAndBitFields(p->RuleBits, t->RuleBits, p->RuleBits, Globals.NumRules);
                        ^
tests/test_ip_src.c:121:3: warning: implicit declaration of function 'SetBit' is invalid in C99 [-Wimplicit-function-declaration]
                SetBit(data->RuleBits, Globals.NumRules, RuleID, 1);
                ^
2 warnings generated.
gcc -g    -c -o tests/test_ip_dst.o tests/test_ip_dst.c
gcc -g    -c -o tests/test_ip_proto.o tests/test_ip_proto.c
gcc -g    -c -o tests/test_ip_ttl.o tests/test_ip_ttl.c
gcc -g    -c -o tests/test_ip_check.o tests/test_ip_check.c
gcc -g    -c -o tests/test_icmp_type.o tests/test_icmp_type.c
gcc -g    -c -o tests/test_icmp_code.o tests/test_icmp_code.c
gcc -g    -c -o tests/test_tcp_port.o tests/test_tcp_port.c
gcc -g    -c -o tests/test_tcp_src.o tests/test_tcp_src.c
gcc -g    -c -o tests/test_tcp_dst.o tests/test_tcp_dst.c
gcc -g    -c -o tests/test_tcp_content.o tests/test_tcp_content.c
tests/test_tcp_content.c:99:11: warning: passing 'unsigned char [256]' to parameter of type 'char *' converts between pointers to integer types with different sign [-Wpointer-sign]
        snprintf(data->tcp_content, MAX_CONTENT_LEN, Args);
                 ^~~~~~~~~~~~~~~~~
/usr/include/stdio.h:386:39: note: passing argument to parameter '__s' here
extern int snprintf (char *__restrict __s, size_t __maxlen,
                                      ^
tests/test_tcp_content.c:99:47: warning: format string is not a string literal (potentially insecure) [-Wformat-security]
        snprintf(data->tcp_content, MAX_CONTENT_LEN, Args);
                                                     ^~~~
tests/test_tcp_content.c:101:39: warning: passing 'char *' to parameter of type 'unsigned char *' converts between pointers to integer types with different sign [-Wpointer-sign]
        if (!AddStringJTree(&TCPContentTree, Args, strlen(Args), RuleID)){
                                             ^~~~
tests/../engine/jtree.h:41:45: note: passing argument to parameter 'String' here
int AddStringJTree(JTree* j, unsigned char* String, int SLen, int RuleID);
                                            ^
3 warnings generated.
gcc -g    -c -o tests/test_tcp_nocase.o tests/test_tcp_nocase.c
tests/test_tcp_nocase.c:74:11: warning: passing 'unsigned char [256]' to parameter of type 'char *' converts between pointers to integer types with different sign [-Wpointer-sign]
        snprintf(data->tcp_content, MAX_CONTENT_LEN, "%s", Args);
                 ^~~~~~~~~~~~~~~~~
/usr/include/stdio.h:386:39: note: passing argument to parameter '__s' here
extern int snprintf (char *__restrict __s, size_t __maxlen,
                                      ^
tests/test_tcp_nocase.c:76:38: warning: passing 'char *' to parameter of type 'unsigned char *' converts between pointers to integer types with different sign [-Wpointer-sign]
        if (!AddStringJTree(&TCPNoCaseTree, Args, strlen(Args), RuleID)){
                                            ^~~~
tests/../engine/jtree.h:41:45: note: passing argument to parameter 'String' here
int AddStringJTree(JTree* j, unsigned char* String, int SLen, int RuleID);
                                            ^
2 warnings generated.
gcc -g    -c -o tests/test_tcp_listcontent.o tests/test_tcp_listcontent.c
tests/test_tcp_listcontent.c:115:45: warning: passing 'char [10240]' to parameter of type 'unsigned char *' converts between pointers to integer types with different sign [-Wpointer-sign]
                        if (!AddStringJTree(&TCPListContentTree, LineBuff, strlen(LineBuff), RuleID)) {
                                                                 ^~~~~~~~
tests/../engine/jtree.h:41:45: note: passing argument to parameter 'String' here
int AddStringJTree(JTree* j, unsigned char* String, int SLen, int RuleID);
                                            ^
1 warning generated.
gcc -g    -c -o tests/test_tcp_listnocase.o tests/test_tcp_listnocase.c
tests/test_tcp_listnocase.c:94:44: warning: passing 'char [10240]' to parameter of type 'unsigned char *' converts between pointers to integer types with different sign [-Wpointer-sign]
                        if (!AddStringJTree(&TCPListNoCaseTree, LineBuff, strlen(LineBuff), RuleID)) {
                                                                ^~~~~~~~
tests/../engine/jtree.h:41:45: note: passing argument to parameter 'String' here
int AddStringJTree(JTree* j, unsigned char* String, int SLen, int RuleID);
                                            ^
1 warning generated.
gcc -g    -c -o tests/test_tcp_flags.o tests/test_tcp_flags.c
gcc -g    -c -o tests/test_tcp_offset.o tests/test_tcp_offset.c
tests/test_tcp_offset.c:120:3: warning: assigning to 'unsigned char *' from 'char *' converts between pointers to integer types with different sign [-Wpointer-sign]
        c=Args;
         ^~~~~
tests/test_tcp_offset.c:128:20: warning: passing 'unsigned char *' to parameter of type 'const char *' converts between pointers to integer types with different sign [-Wpointer-sign]
        data->offset=atoi(c);
                          ^
/usr/include/stdlib.h:147:30: note: passing argument to parameter '__nptr' here
extern int atoi (const char *__nptr)
                             ^
tests/test_tcp_offset.c:134:14: warning: passing 'unsigned char *' to parameter of type 'const char *' converts between pointers to integer types with different sign [-Wpointer-sign]
        SLen=strlen(c1);
                    ^~
/usr/include/string.h:395:35: note: passing argument to parameter '__s' here
extern size_t strlen (const char *__s)
                                  ^
3 warnings generated.
gcc -g    -c -o tests/test_tcp_regex.o tests/test_tcp_regex.c
tests/test_tcp_regex.c:60:32: warning: passing 'unsigned char *' to parameter of type 'char *' converts between pointers to integer types with different sign [-Wpointer-sign]
                        if (!RegexExec(data->regex, p->RawPacket + p->BeginData, p->PacketLen - p->BeginData))
                                                    ^~~~~~~~~~~~~~~~~~~~~~~~~~~
tests/../engine/regex.h:26:40: note: passing argument to parameter 'data' here
int RegexExec (HLBRRegex *regex, char *data, int data_size);
                                       ^
tests/test_tcp_regex.c:91:11: warning: passing 'unsigned char [256]' to parameter of type 'char *' converts between pointers to integer types with different sign [-Wpointer-sign]
        snprintf(data->tcp_content, MAX_CONTENT_LEN, "%s", Args);
                 ^~~~~~~~~~~~~~~~~
/usr/include/stdio.h:386:39: note: passing argument to parameter '__s' here
extern int snprintf (char *__restrict __s, size_t __maxlen,
                                      ^
tests/test_tcp_regex.c:93:29: warning: passing 'unsigned char [256]' to parameter of type 'char *' converts between pointers to integer types with different sign [-Wpointer-sign]
        data->regex = RegexCompile(data->tcp_content, PCRE_MULTILINE, NOTEMPTY, 0);
                                   ^~~~~~~~~~~~~~~~~
tests/../engine/regex.h:25:32: note: passing argument to parameter 'Args' here
HLBRRegex *RegexCompile (char *Args, int coptions, int eoptions, int offset);
                               ^
3 warnings generated.
gcc -g    -c -o tests/test_http_content.o tests/test_http_content.c
tests/test_http_content.c:49:2: warning: implicit declaration of function 'GetDataByID' is invalid in C99 [-Wimplicit-function-declaration]
        GetDataByID (PacketSlot, HTTPDecoderID, (void **)&http);
        ^
tests/test_http_content.c:51:71: warning: passing 'char *' to parameter of type 'unsigned char *' converts between pointers to integer types with different sign [-Wpointer-sign]
        MatchStrings(&HTTPContentTree, Globals.Packets[PacketSlot].RuleBits, http->decoded, http->decoded_size);
                                                                             ^~~~~~~~~~~~~
tests/../engine/jtree.h:43:74: note: passing argument to parameter 'String' here
int MatchStrings(JTree* j, unsigned char* PacketRuleBits, unsigned char* String, int SLen);
                                                                         ^
tests/test_http_content.c:76:11: warning: passing 'unsigned char [256]' to parameter of type 'char *' converts between pointers to integer types with different sign [-Wpointer-sign]
        snprintf(data->http_content, MAX_CONTENT_LEN, Args);
                 ^~~~~~~~~~~~~~~~~~
/usr/include/stdio.h:386:39: note: passing argument to parameter '__s' here
extern int snprintf (char *__restrict __s, size_t __maxlen,
                                      ^
tests/test_http_content.c:76:48: warning: format string is not a string literal (potentially insecure) [-Wformat-security]
        snprintf(data->http_content, MAX_CONTENT_LEN, Args);
                                                      ^~~~
tests/test_http_content.c:78:40: warning: passing 'char *' to parameter of type 'unsigned char *' converts between pointers to integer types with different sign [-Wpointer-sign]
        if (!AddStringJTree(&HTTPContentTree, Args, strlen(Args), RuleID)){
                                              ^~~~
tests/../engine/jtree.h:41:45: note: passing argument to parameter 'String' here
int AddStringJTree(JTree* j, unsigned char* String, int SLen, int RuleID);
                                            ^
tests/test_http_content.c:114:16: warning: implicit declaration of function 'GetDecoderByName' is invalid in C99 [-Wimplicit-function-declaration]
        HTTPDecoderID=GetDecoderByName("HTTP");
                      ^
6 warnings generated.
gcc -g    -c -o tests/test_http_method.o tests/test_http_method.c
gcc -g    -c -o tests/test_http_nocase.o tests/test_http_nocase.c
tests/test_http_nocase.c:53:2: warning: implicit declaration of function 'GetDataByID' is invalid in C99 [-Wimplicit-function-declaration]
        GetDataByID (PacketSlot, HTTPDecoderID, (void **)&http);
        ^
tests/test_http_nocase.c:55:70: warning: passing 'char *' to parameter of type 'unsigned char *' converts between pointers to integer types with different sign [-Wpointer-sign]
        MatchStrings(&HTTPNoCaseTree, Globals.Packets[PacketSlot].RuleBits, http->decoded, http->decoded_size);
                                                                            ^~~~~~~~~~~~~
tests/../engine/jtree.h:43:74: note: passing argument to parameter 'String' here
int MatchStrings(JTree* j, unsigned char* PacketRuleBits, unsigned char* String, int SLen);
                                                                         ^
tests/test_http_nocase.c:83:11: warning: passing 'unsigned char [256]' to parameter of type 'char *' converts between pointers to integer types with different sign [-Wpointer-sign]
        snprintf(data->http_content, MAX_CONTENT_LEN, "%s", Args);
                 ^~~~~~~~~~~~~~~~~~
/usr/include/stdio.h:386:39: note: passing argument to parameter '__s' here
extern int snprintf (char *__restrict __s, size_t __maxlen,
                                      ^
tests/test_http_nocase.c:85:39: warning: passing 'char *' to parameter of type 'unsigned char *' converts between pointers to integer types with different sign [-Wpointer-sign]
        if (!AddStringJTree(&HTTPNoCaseTree, Args, strlen(Args), RuleID)){
                                             ^~~~
tests/../engine/jtree.h:41:45: note: passing argument to parameter 'String' here
int AddStringJTree(JTree* j, unsigned char* String, int SLen, int RuleID);
                                            ^
tests/test_http_nocase.c:121:16: warning: implicit declaration of function 'GetDecoderByName' is invalid in C99 [-Wimplicit-function-declaration]
        HTTPDecoderID=GetDecoderByName("HTTP");
                      ^
5 warnings generated.
gcc -g    -c -o tests/test_http_regex.o tests/test_http_regex.c
tests/test_http_regex.c:53:2: warning: implicit declaration of function 'GetDataByID' is invalid in C99 [-Wimplicit-function-declaration]
        GetDataByID (PacketSlot, HTTPDecoderID, (void **)&http);
        ^
tests/test_http_regex.c:119:16: warning: implicit declaration of function 'GetDecoderByName' is invalid in C99 [-Wimplicit-function-declaration]
        HTTPDecoderID=GetDecoderByName("HTTP");
                      ^
2 warnings generated.
gcc -g    -c -o tests/test_udp_regex.o tests/test_udp_regex.c
tests/test_udp_regex.c:61:32: warning: passing 'unsigned char *' to parameter of type 'char *' converts between pointers to integer types with different sign [-Wpointer-sign]
                        if (!RegexExec(data->regex, p->RawPacket + p->BeginData, p->PacketLen - p->BeginData))
                                                    ^~~~~~~~~~~~~~~~~~~~~~~~~~~
tests/../engine/regex.h:26:40: note: passing argument to parameter 'data' here
int RegexExec (HLBRRegex *regex, char *data, int data_size);
                                       ^
tests/test_udp_regex.c:92:11: warning: passing 'unsigned char [256]' to parameter of type 'char *' converts between pointers to integer types with different sign [-Wpointer-sign]
        snprintf(data->udp_content, MAX_CONTENT_LEN, "%s", Args);
                 ^~~~~~~~~~~~~~~~~
/usr/include/stdio.h:386:39: note: passing argument to parameter '__s' here
extern int snprintf (char *__restrict __s, size_t __maxlen,
                                      ^
tests/test_udp_regex.c:94:29: warning: passing 'unsigned char [256]' to parameter of type 'char *' converts between pointers to integer types with different sign [-Wpointer-sign]
        data->regex = RegexCompile(data->udp_content, MULTILINE, NOTEMPTY, 0);
                                   ^~~~~~~~~~~~~~~~~
tests/../engine/regex.h:25:32: note: passing argument to parameter 'Args' here
HLBRRegex *RegexCompile (char *Args, int coptions, int eoptions, int offset);
                               ^
3 warnings generated.
gcc -g    -c -o tests/test_udp_src.o tests/test_udp_src.c
gcc -g    -c -o tests/test_udp_dst.o tests/test_udp_dst.c
gcc -g    -c -o tests/test_udp_content.o tests/test_udp_content.c
tests/test_udp_content.c:99:11: warning: passing 'unsigned char [256]' to parameter of type 'char *' converts between pointers to integer types with different sign [-Wpointer-sign]
        snprintf(data->udp_content, MAX_CONTENT_LEN, Args);
                 ^~~~~~~~~~~~~~~~~
/usr/include/stdio.h:386:39: note: passing argument to parameter '__s' here
extern int snprintf (char *__restrict __s, size_t __maxlen,
                                      ^
tests/test_udp_content.c:99:47: warning: format string is not a string literal (potentially insecure) [-Wformat-security]
        snprintf(data->udp_content, MAX_CONTENT_LEN, Args);
                                                     ^~~~
tests/test_udp_content.c:101:39: warning: passing 'char *' to parameter of type 'unsigned char *' converts between pointers to integer types with different sign [-Wpointer-sign]
        if (!AddStringJTree(&UDPContentTree, Args, strlen(Args), RuleID)){
                                             ^~~~
tests/../engine/jtree.h:41:45: note: passing argument to parameter 'String' here
int AddStringJTree(JTree* j, unsigned char* String, int SLen, int RuleID);
                                            ^
3 warnings generated.
gcc -g    -c -o tests/test_udp_nocase.o tests/test_udp_nocase.c
tests/test_udp_nocase.c:74:11: warning: passing 'unsigned char [256]' to parameter of type 'char *' converts between pointers to integer types with different sign [-Wpointer-sign]
        snprintf(data->udp_content, MAX_CONTENT_LEN, Args);
                 ^~~~~~~~~~~~~~~~~
/usr/include/stdio.h:386:39: note: passing argument to parameter '__s' here
extern int snprintf (char *__restrict __s, size_t __maxlen,
                                      ^
tests/test_udp_nocase.c:74:47: warning: format string is not a string literal (potentially insecure) [-Wformat-security]
        snprintf(data->udp_content, MAX_CONTENT_LEN, Args);
                                                     ^~~~
tests/test_udp_nocase.c:76:38: warning: passing 'char *' to parameter of type 'unsigned char *' converts between pointers to integer types with different sign [-Wpointer-sign]
        if (!AddStringJTree(&UDPNoCaseTree, Args, strlen(Args), RuleID)){
                                            ^~~~
tests/../engine/jtree.h:41:45: note: passing argument to parameter 'String' here
int AddStringJTree(JTree* j, unsigned char* String, int SLen, int RuleID);
                                            ^
3 warnings generated.
gcc -g    -c -o actions/action.o actions/action.c
actions/action.c:83:61: warning: format string is not a string literal (potentially insecure) [-Wformat-security]
        snprintf(Globals.ActionItems[ActionID].Name, MAX_NAME_LEN, Name);
                                                                   ^~~~
1 warning generated.
gcc -g    -c -o actions/action_drop.o actions/action_drop.c
gcc -g    -c -o actions/action_alert_console.o actions/action_alert_console.c
gcc -g    -c -o actions/action_alert_file.o actions/action_alert_file.c
gcc -g    -c -o actions/action_dump_packet.o actions/action_dump_packet.c
gcc -g    -c -o actions/action_route_sip.o actions/action_route_sip.c
gcc -g    -c -o actions/action_bns.o actions/action_bns.c
gcc -g    -c -o actions/action_alert_syslog.o actions/action_alert_syslog.c
actions/action_alert_syslog.c:207:11: warning: format specifies type 'unsigned int' but the argument has type 'char *' [-Wformat]
            FREE(ptr);
            ~~~~~^~~
actions/../engine/hlbr.h:127:72: note: expanded from macro 'FREE'
                PRINTERROR3("Attempting to free a NULL pointer at 0x%x (%s():%d)\n", x, __FUNCTION__, __LINE__); \
                                                                                     ^
actions/../engine/hlbr.h:93:59: note: expanded from macro 'PRINTERROR3'
#define PRINTERROR3(msg, p1, p2, p3)    fprintf(stderr, msg, p1, p2, p3)
                                                             ^
actions/action_alert_syslog.c:218:11: warning: format specifies type 'unsigned int' but the argument has type 'char *' [-Wformat]
            FREE(ptr);
            ~~~~~^~~
actions/../engine/hlbr.h:127:72: note: expanded from macro 'FREE'
                PRINTERROR3("Attempting to free a NULL pointer at 0x%x (%s():%d)\n", x, __FUNCTION__, __LINE__); \
                                                                                     ^
actions/../engine/hlbr.h:93:59: note: expanded from macro 'PRINTERROR3'
#define PRINTERROR3(msg, p1, p2, p3)    fprintf(stderr, msg, p1, p2, p3)
                                                             ^
actions/action_alert_syslog.c:234:11: warning: format specifies type 'unsigned int' but the argument has type 'char *' [-Wformat]
            FREE(ptr);
            ~~~~~^~~
actions/../engine/hlbr.h:127:72: note: expanded from macro 'FREE'
                PRINTERROR3("Attempting to free a NULL pointer at 0x%x (%s():%d)\n", x, __FUNCTION__, __LINE__); \
                                                                                     ^
actions/../engine/hlbr.h:93:59: note: expanded from macro 'PRINTERROR3'
#define PRINTERROR3(msg, p1, p2, p3)    fprintf(stderr, msg, p1, p2, p3)
                                                             ^
3 warnings generated.
gcc -g    -c -o actions/action_alert_email.o actions/action_alert_email.c
gcc -g    -c -o actions/action_alert_socket.o actions/action_alert_socket.c
gcc -g    -c -o actions/action_alert_listensocket.o actions/action_alert_listensocket.c
actions/action_alert_listensocket.c:121:66: warning: passing 'int *' to parameter of type 'socklen_t *' (aka 'unsigned int *') converts between pointers to integer types with different sign [-Wpointer-sign]
                                                RCons[i].FD=accept(sockfd, (struct sockaddr*)&remote_addr, &sin_size);
                                                                                                           ^~~~~~~~~
/usr/include/x86_64-linux-gnu/sys/socket.h:214:28: note: passing argument to parameter '__addr_len' here
                   socklen_t *__restrict __addr_len);
                                         ^
actions/action_alert_listensocket.c:248:11: warning: passing 'unsigned char [1024]' to parameter of type 'char *' converts between pointers to integer types with different sign [-Wpointer-sign]
        snprintf(alert.Message, 1024, "%s %s\n",Buff, Buff2);
                 ^~~~~~~~~~~~~
/usr/include/stdio.h:386:39: note: passing argument to parameter '__s' here
extern int snprintf (char *__restrict __s, size_t __maxlen,
                                      ^
2 warnings generated.
gcc -g    -c -o routes/route.o routes/route.c
routes/route.c:89:55: warning: format string is not a string literal (potentially insecure) [-Wformat-security]
        snprintf(Globals.Routes[RouteID].Name, MAX_NAME_LEN, Name);
                                                             ^~~~
1 warning generated.
gcc -g    -c -o routes/route_macfilter.o routes/route_macfilter.c
routes/route_macfilter.c:179:35: warning: format string is not a string literal (potentially insecure) [-Wformat-security]
                snprintf(Aliases[i].Alias, 512, Globals.Interfaces[i].Name);
                                                ^~~~~~~~~~~~~~~~~~~~~~~~~~
1 warning generated.
gcc -g    -c -o routes/route_simple_bridge.o routes/route_simple_bridge.c
gcc -g    -c -o routes/route_dip.o routes/route_dip.c
gcc -g    -c -o routes/route_sip.o routes/route_sip.c
gcc -g    -c -o routes/route_broadcast.o routes/route_broadcast.c
gcc -g    -c -o routes/route_arp.o routes/route_arp.c
gcc -g    -c -o routes/route_interface.o routes/route_interface.c
gcc -g    -c -o routes/route_bns.o routes/route_bns.c
cd engine;make
make[2]: Entering directory `/«PKGBUILDDIR»/engine'
make[2]: Nothing to be done for `all'.
make[2]: Leaving directory `/«PKGBUILDDIR»/engine'
cd packets; make
make[2]: Entering directory `/«PKGBUILDDIR»/packets'
make[2]: Nothing to be done for `all'.
make[2]: Leaving directory `/«PKGBUILDDIR»/packets'
cd decoders; make
make[2]: Entering directory `/«PKGBUILDDIR»/decoders'
make[2]: Nothing to be done for `all'.
make[2]: Leaving directory `/«PKGBUILDDIR»/decoders'
cd tests; make
make[2]: Entering directory `/«PKGBUILDDIR»/tests'
make[2]: Nothing to be done for `all'.
make[2]: Leaving directory `/«PKGBUILDDIR»/tests'
cd actions; make 
make[2]: Entering directory `/«PKGBUILDDIR»/actions'
make[2]: Nothing to be done for `all'.
make[2]: Leaving directory `/«PKGBUILDDIR»/actions'
cd routes; make
make[2]: Entering directory `/«PKGBUILDDIR»/routes'
make[2]: Nothing to be done for `all'.
make[2]: Leaving directory `/«PKGBUILDDIR»/routes'
gcc -g -o hlbr -g -Wall engine/hlbr.o engine/alert_limit.o engine/bits.o engine/parse_config.o engine/parse_rules.o engine/main_loop.o engine/session.o engine/jtree.o engine/num_list.o engine/message.o engine/cache.o engine/regex.o engine/hlbrlib.o engine/url.o packets/packet.o packets/packet_linux_raw.o packets/packet_obsd_bpf.o packets/packet_osx_bpf.o packets/packet_tcpdump.o packets/packet_solaris_dlpi.o decoders/decode.o decoders/decode_interface.o decoders/decode_ethernet.o decoders/decode_ip.o decoders/decode_ip_defrag.o decoders/decode_icmp.o decoders/decode_udp.o decoders/decode_tcp.o decoders/decode_http.o decoders/decode_dns.o decoders/decode_arp.o tests/test.o tests/test_interface_name.o tests/test_ethernet_type.o tests/test_ethernet_src.o tests/test_ethernet_dst.o tests/test_ip_src.o tests/test_ip_dst.o tests/test_ip_proto.o tests/test_ip_ttl.o tests/test_ip_check.o tests/test_icmp_type.o tests/test_icmp_code.o tests/test_tcp_port.o tests/test_tcp_src.o tests/test_tcp_dst.o tests/test_tcp_content.o tests/test_tcp_nocase.o tests/test_tcp_listcontent.o tests/test_tcp_listnocase.o tests/test_tcp_flags.o tests/test_tcp_offset.o tests/test_tcp_regex.o tests/test_http_content.o tests/test_http_method.o tests/test_http_nocase.o tests/test_http_regex.o tests/test_udp_regex.o tests/test_udp_src.o tests/test_udp_dst.o tests/test_udp_content.o tests/test_udp_nocase.o actions/action.o actions/action_drop.o actions/action_alert_console.o actions/action_alert_file.o actions/action_dump_packet.o actions/action_route_sip.o actions/action_bns.o actions/action_alert_syslog.o actions/action_alert_email.o actions/action_alert_socket.o actions/action_alert_listensocket.o routes/route.o routes/route_macfilter.o routes/route_simple_bridge.o routes/route_dip.o routes/route_sip.o routes/route_broadcast.o routes/route_arp.o routes/route_interface.o routes/route_bns.o -lpthread -ldl -lpcre -rdynamic
engine/url.o: In function `URLDecode':
/«PKGBUILDDIR»/engine/url.c:56: undefined reference to `isencoded'
/«PKGBUILDDIR»/engine/url.c:57: undefined reference to `urietohex'
decoders/decode_http.o: In function `DecodeHTTP':
/«PKGBUILDDIR»/decoders/decode_http.c:115: undefined reference to `BinSearch'
decoders/decode_http.o: In function `ParseMethods':
/«PKGBUILDDIR»/decoders/decode_http.c:176: undefined reference to `ShellSort'
tests/test_http_method.o: In function `TestHTTPMethod':
/«PKGBUILDDIR»/tests/test_http_method.c:61: undefined reference to `BinSearch'
tests/test_http_method.o: In function `HTTPMethodAddNode':
/«PKGBUILDDIR»/tests/test_http_method.c:108: undefined reference to `BinSearch'
/«PKGBUILDDIR»/tests/test_http_method.c:157: undefined reference to `ShellSort'
clang: error: linker command failed with exit code 1 (use -v to see invocation)
make[1]: *** [hlbr] Error 1
make: make[1]: Leaving directory `/«PKGBUILDDIR»'
*** [build-stamp] Error 2
dpkg-buildpackage: error: debian/rules build gave error exit status 2
────────────────────────────────────────────────────────────────────────────────
Build finished at 20130128-0605

Finished
────────

E: Build failure (dpkg-buildpackage died)

┌──────────────────────────────────────────────────────────────────────────────┐
│ Cleanup                                                                      │
└──────────────────────────────────────────────────────────────────────────────┘

Purging /«BUILDDIR»
Not cleaning session: cloned chroot in use

┌──────────────────────────────────────────────────────────────────────────────┐
│ Summary                                                                      │
└──────────────────────────────────────────────────────────────────────────────┘

Architecture: amd64
Build-Space: 3468
Build-Time: 6
Distribution: unstable
Fail-Stage: build
Install-Time: 7
Job: hlbr_1.7.2-2
Package: hlbr
Package-Time: 41
Source-Version: 1.7.2-2
Space: 3468
Status: attempted
Version: 1.7.2-2
────────────────────────────────────────────────────────────────────────────────
Finished at 20130128-0605
Build needed 00:00:41, 3468k disc space
DC-Status: Failed 41.768707s
