DC-Build-Header: ldc 0.9.1+hg1634-1 / Mon Jan 28 03:52:24 +0000 2013
DC-Task: logfile:/tmp/ldc_0.9.1+hg1634-1_unstable_clang.log version:0.9.1+hg1634-1 chroot:unstable modes:binary-only:clang source:ldc architecture:any esttime:
DC-Sbuild-call: su user -c 'sbuild -n --apt-update -d unstable -v  --chroot-setup-commands=/tmp/switch-to-clang ldc_0.9.1+hg1634-1'
Could not create '/sbuild-nonexistent/logs': No such file or directory
Could not create '/sbuild-nonexistent/logs': No such file or directory
sbuild (Debian sbuild) 0.62.5 (13 Jul 2011) on ip-10-30-133-166.ec2.internal

╔══════════════════════════════════════════════════════════════════════════════╗
║ ldc 0.9.1+hg1634-1 (amd64)                                 28 Jan 2013 03:52 ║
╚══════════════════════════════════════════════════════════════════════════════╝

Package: ldc
Version: 0.9.1+hg1634-1
Source Version: 0.9.1+hg1634-1
Distribution: unstable
Architecture: amd64

I: NOTICE: Log filtering will replace 'build/ldc-8NJQVh/ldc-0.9.1+hg1634' with '«PKGBUILDDIR»'
I: NOTICE: Log filtering will replace 'build/ldc-8NJQVh' with '«BUILDDIR»'
I: NOTICE: Log filtering will replace 'var/lib/schroot/mount/unstable-amd64-sbuild-aa0adc76-9328-475e-8345-6c415e8119cd' with '«CHROOT»'

┌──────────────────────────────────────────────────────────────────────────────┐
│ Update chroot                                                                │
└──────────────────────────────────────────────────────────────────────────────┘

Ign http://localhost unstable InRelease
Get:1 http://localhost unstable Release.gpg [836 B]
Get:2 http://localhost unstable Release [227 kB]
Ign http://localhost unstable/main Sources/DiffIndex
Ign http://localhost unstable/main amd64 Packages/DiffIndex
Get:3 http://localhost unstable/main Translation-en/DiffIndex [7876 B]
Get:4 http://localhost unstable/main 2013-01-27-2011.16.pdiff [737 B]
Get:5 http://localhost unstable/main 2013-01-27-2011.16.pdiff [737 B]
Get:6 http://localhost unstable/main Sources [8234 kB]
Get:7 http://localhost unstable/main amd64 Packages [8284 kB]
Fetched 16.8 MB in 3s (4947 kB/s)
Reading package lists...
Reading package lists...
Building dependency tree...
Reading state information...
0 upgraded, 0 newly installed, 0 to remove and 0 not upgraded.

┌──────────────────────────────────────────────────────────────────────────────┐
│ Fetch source files                                                           │
└──────────────────────────────────────────────────────────────────────────────┘


Check APT
─────────

Checking available source versions...

Download source files with APT
──────────────────────────────

Reading package lists...
Building dependency tree...
Reading state information...
Need to get 1593 kB of source archives.
Get:1 http://localhost/debian/ unstable/main ldc 0.9.1+hg1634-1 (dsc) [1138 B]
Get:2 http://localhost/debian/ unstable/main ldc 0.9.1+hg1634-1 (tar) [1578 kB]
Get:3 http://localhost/debian/ unstable/main ldc 0.9.1+hg1634-1 (diff) [13.9 kB]
Fetched 1593 kB in 0s (4700 kB/s)
Download complete and in download only mode

Check arch
──────────


┌──────────────────────────────────────────────────────────────────────────────┐
│ Chroot Setup Commands                                                        │
└──────────────────────────────────────────────────────────────────────────────┘


/tmp/switch-to-clang
────────────────────

+ echo 'Entering customization script...'
Entering customization script...
+ echo 'Add experimental as repository'
Add experimental as repository
+ echo deb http://localhost:9999/debian experimental main
+ apt-get update
Ign http://localhost unstable InRelease
Ign http://localhost experimental InRelease
Hit http://localhost unstable Release.gpg
Get:1 http://localhost experimental Release.gpg [836 B]
Hit http://localhost unstable Release
Get:2 http://localhost experimental Release [161 kB]
Ign http://localhost unstable/main Sources/DiffIndex
Ign http://localhost unstable/main amd64 Packages/DiffIndex
Hit http://localhost unstable/main Translation-en/DiffIndex
Get:3 http://localhost experimental/main Translation-en [704 kB]
Get:4 http://localhost experimental/main amd64 Packages [1605 kB]
Hit http://localhost unstable/main Sources
Hit http://localhost unstable/main amd64 Packages
Fetched 2471 kB in 1s (1278 kB/s)
Reading package lists...
+ echo 'Install of clang'
Install of clang
+ apt-get update
Ign http://localhost unstable InRelease
Ign http://localhost experimental InRelease
Hit http://localhost unstable Release.gpg
Hit http://localhost experimental Release.gpg
Hit http://localhost unstable Release
Hit http://localhost experimental Release
Ign http://localhost unstable/main Sources/DiffIndex
Ign http://localhost unstable/main amd64 Packages/DiffIndex
Hit http://localhost unstable/main Translation-en/DiffIndex
Ign http://localhost experimental/main amd64 Packages/DiffIndex
Get:1 http://localhost experimental/main Translation-en/DiffIndex [7819 B]
Hit http://localhost unstable/main Sources
Hit http://localhost unstable/main amd64 Packages
Hit http://localhost experimental/main amd64 Packages
Fetched 7819 B in 1s (3977 B/s)
Reading package lists...
+ apt-get install --yes --no-install-recommends clang -t experimental
Reading package lists...
Building dependency tree...
Reading state information...
The following extra packages will be installed:
  clang-3.2 compiler-rt cpp-4.7 g++-4.7 gcc-4.7 gcc-4.7-base gcc-4.8-base
  libc-dev-bin libc6 libc6-dev libclang-common-dev libexpat1 libffi5
  libgcc-4.7-dev libgcc1 libgomp1 libitm1 libllvm3.2 libncurses5 libncursesw5
  libobjc-4.7-dev libobjc4 libpython2.7-minimal libpython2.7-stdlib
  libquadmath0 libsqlite3-0 libssl1.0.0 libstdc++6 libstdc++6-4.7-dev
  libtinfo5 mime-support python python-minimal python2.7 python2.7-minimal
Suggested packages:
  gcc-4.7-locales g++-4.7-multilib gcc-4.7-doc libstdc++6-4.7-dbg
  gcc-4.7-multilib libmudflap0-4.7-dev libgcc1-dbg libgomp1-dbg libitm1-dbg
  libquadmath0-dbg libmudflap0-dbg libcloog-ppl0 libppl-c2 libppl7
  binutils-gold glibc-doc libstdc++6-4.7-doc python-doc python-tk
  python2.7-doc binfmt-support
Recommended packages:
  llvm-3.2-dev manpages-dev file
The following NEW packages will be installed:
  clang clang-3.2 compiler-rt gcc-4.8-base libclang-common-dev libexpat1
  libffi5 libgcc-4.7-dev libllvm3.2 libncursesw5 libobjc-4.7-dev libobjc4
  libpython2.7-minimal libpython2.7-stdlib libsqlite3-0 libssl1.0.0
  mime-support python python-minimal python2.7 python2.7-minimal
The following packages will be upgraded:
  cpp-4.7 g++-4.7 gcc-4.7 gcc-4.7-base libc-dev-bin libc6 libc6-dev libgcc1
  libgomp1 libitm1 libncurses5 libquadmath0 libstdc++6 libstdc++6-4.7-dev
  libtinfo5
15 upgraded, 21 newly installed, 0 to remove and 24 not upgraded.
Need to get 56.7 MB of archives.
After this operation, 72.6 MB of additional disk space will be used.
Get:1 http://localhost/debian/ experimental/main gcc-4.8-base amd64 4.8-20130123-1 [147 kB]
Get:2 http://localhost/debian/ experimental/main libc6-dev amd64 2.16-0experimental1 [3086 kB]
Get:3 http://localhost/debian/ experimental/main libc-dev-bin amd64 2.16-0experimental1 [226 kB]
Get:4 http://localhost/debian/ experimental/main libc6 amd64 2.16-0experimental1 [4729 kB]
Get:5 http://localhost/debian/ experimental/main libgcc1 amd64 1:4.8-20130123-1 [43.7 kB]
Get:6 http://localhost/debian/ experimental/main libstdc++6 amd64 4.8-20130123-1 [336 kB]
Get:7 http://localhost/debian/ experimental/main libtinfo5 amd64 5.9+20130119-1 [294 kB]
Get:8 http://localhost/debian/ experimental/main libncurses5 amd64 5.9+20130119-1 [115 kB]
Get:9 http://localhost/debian/ experimental/main libncursesw5 amd64 5.9+20130119-1 [142 kB]
Get:10 http://localhost/debian/ unstable/main libssl1.0.0 amd64 1.0.1c-4 [1213 kB]
Get:11 http://localhost/debian/ unstable/main libsqlite3-0 amd64 3.7.15.2-1 [463 kB]
Get:12 http://localhost/debian/ experimental/main libexpat1 amd64 2.1.0-2 [138 kB]
Get:13 http://localhost/debian/ unstable/main libffi5 amd64 3.0.10-3 [24.8 kB]
Get:14 http://localhost/debian/ experimental/main libgomp1 amd64 4.8-20130123-1 [27.4 kB]
Get:15 http://localhost/debian/ experimental/main libitm1 amd64 4.8-20130123-1 [37.7 kB]
Get:16 http://localhost/debian/ unstable/main libllvm3.2 amd64 3.2-2 [7865 kB]
Get:17 http://localhost/debian/ experimental/main libobjc4 amd64 4.8-20130123-1 [163 kB]
Get:18 http://localhost/debian/ experimental/main libquadmath0 amd64 4.8-20130123-1 [139 kB]
Get:19 http://localhost/debian/ experimental/main libstdc++6-4.7-dev amd64 4.7.2-19 [1678 kB]
Get:20 http://localhost/debian/ experimental/main g++-4.7 amd64 4.7.2-19 [5877 kB]
Get:21 http://localhost/debian/ experimental/main gcc-4.7 amd64 4.7.2-19 [5831 kB]
Get:22 http://localhost/debian/ experimental/main cpp-4.7 amd64 4.7.2-19 [5416 kB]
Get:23 http://localhost/debian/ experimental/main libgcc-4.7-dev amd64 4.7.2-19 [2465 kB]
Get:24 http://localhost/debian/ experimental/main gcc-4.7-base amd64 4.7.2-19 [148 kB]
Get:25 http://localhost/debian/ experimental/main mime-support all 3.53~experimental2 [36.5 kB]
Get:26 http://localhost/debian/ experimental/main libpython2.7-minimal amd64 2.7.3-15 [531 kB]
Get:27 http://localhost/debian/ experimental/main python2.7-minimal amd64 2.7.3-15 [1220 kB]
Get:28 http://localhost/debian/ experimental/main libpython2.7-stdlib amd64 2.7.3-15 [2367 kB]
Get:29 http://localhost/debian/ experimental/main python2.7 amd64 2.7.3-15 [326 kB]
Get:30 http://localhost/debian/ experimental/main python-minimal amd64 2.7.3-10 [41.8 kB]
Get:31 http://localhost/debian/ experimental/main python amd64 2.7.3-10 [184 kB]
Get:32 http://localhost/debian/ experimental/main libobjc-4.7-dev amd64 4.7.2-19 [717 kB]
Get:33 http://localhost/debian/ experimental/main libclang-common-dev amd64 3.2-1~exp5 [303 kB]
Get:34 http://localhost/debian/ experimental/main compiler-rt amd64 3.2-1~exp5 [315 kB]
Get:35 http://localhost/debian/ experimental/main clang-3.2 amd64 3.2-1~exp5 [10.1 MB]
Get:36 http://localhost/debian/ experimental/main clang all 3.2-1~exp5 [9506 B]
debconf: delaying package configuration, since apt-utils is not installed
Fetched 56.7 MB in 1s (34.4 MB/s)
Selecting previously unselected package gcc-4.8-base:amd64.
(Reading database ... 13484 files and directories currently installed.)
Unpacking gcc-4.8-base:amd64 (from .../gcc-4.8-base_4.8-20130123-1_amd64.deb) ...
Setting up gcc-4.8-base:amd64 (4.8-20130123-1) ...
(Reading database ... 13491 files and directories currently installed.)
Preparing to replace libc6-dev:amd64 2.13-38 (using .../libc6-dev_2.16-0experimental1_amd64.deb) ...
Unpacking replacement libc6-dev:amd64 ...
Preparing to replace libc-dev-bin 2.13-38 (using .../libc-dev-bin_2.16-0experimental1_amd64.deb) ...
Unpacking replacement libc-dev-bin ...
Preparing to replace libc6:amd64 2.13-38 (using .../libc6_2.16-0experimental1_amd64.deb) ...
debconf: unable to initialize frontend: Dialog
debconf: (Dialog frontend will not work on a dumb terminal, an emacs shell buffer, or without a controlling terminal.)
debconf: falling back to frontend: Readline
debconf: unable to initialize frontend: Readline
debconf: (This frontend requires a controlling tty.)
debconf: falling back to frontend: Teletype
Checking for services that may need to be restarted...
Checking init scripts...
Unpacking replacement libc6:amd64 ...
Setting up libc6:amd64 (2.16-0experimental1) ...
debconf: unable to initialize frontend: Dialog
debconf: (Dialog frontend will not work on a dumb terminal, an emacs shell buffer, or without a controlling terminal.)
debconf: falling back to frontend: Readline
debconf: unable to initialize frontend: Readline
debconf: (This frontend requires a controlling tty.)
debconf: falling back to frontend: Teletype
Checking for services that may need to be restarted...
Checking init scripts...
Nothing to restart.
(Reading database ... 13509 files and directories currently installed.)
Preparing to replace libgcc1:amd64 1:4.7.2-5 (using .../libgcc1_1%3a4.8-20130123-1_amd64.deb) ...
Unpacking replacement libgcc1:amd64 ...
Setting up libgcc1:amd64 (1:4.8-20130123-1) ...
(Reading database ... 13509 files and directories currently installed.)
Preparing to replace libstdc++6:amd64 4.7.2-5 (using .../libstdc++6_4.8-20130123-1_amd64.deb) ...
Unpacking replacement libstdc++6:amd64 ...
Setting up libstdc++6:amd64 (4.8-20130123-1) ...
(Reading database ... 13509 files and directories currently installed.)
Preparing to replace libtinfo5:amd64 5.9-10 (using .../libtinfo5_5.9+20130119-1_amd64.deb) ...
Unpacking replacement libtinfo5:amd64 ...
Setting up libtinfo5:amd64 (5.9+20130119-1) ...
(Reading database ... 13509 files and directories currently installed.)
Preparing to replace libncurses5:amd64 5.9-10 (using .../libncurses5_5.9+20130119-1_amd64.deb) ...
Unpacking replacement libncurses5:amd64 ...
Setting up libncurses5:amd64 (5.9+20130119-1) ...
Selecting previously unselected package libncursesw5:amd64.
(Reading database ... 13509 files and directories currently installed.)
Unpacking libncursesw5:amd64 (from .../libncursesw5_5.9+20130119-1_amd64.deb) ...
Selecting previously unselected package libssl1.0.0:amd64.
Unpacking libssl1.0.0:amd64 (from .../libssl1.0.0_1.0.1c-4_amd64.deb) ...
Selecting previously unselected package libsqlite3-0:amd64.
Unpacking libsqlite3-0:amd64 (from .../libsqlite3-0_3.7.15.2-1_amd64.deb) ...
Selecting previously unselected package libexpat1:amd64.
Unpacking libexpat1:amd64 (from .../libexpat1_2.1.0-2_amd64.deb) ...
Selecting previously unselected package libffi5:amd64.
Unpacking libffi5:amd64 (from .../libffi5_3.0.10-3_amd64.deb) ...
Preparing to replace libgomp1:amd64 4.7.2-5 (using .../libgomp1_4.8-20130123-1_amd64.deb) ...
Unpacking replacement libgomp1:amd64 ...
Preparing to replace libitm1:amd64 4.7.2-5 (using .../libitm1_4.8-20130123-1_amd64.deb) ...
Unpacking replacement libitm1:amd64 ...
Selecting previously unselected package libllvm3.2:amd64.
Unpacking libllvm3.2:amd64 (from .../libllvm3.2_3.2-2_amd64.deb) ...
Selecting previously unselected package libobjc4:amd64.
Unpacking libobjc4:amd64 (from .../libobjc4_4.8-20130123-1_amd64.deb) ...
Preparing to replace libquadmath0:amd64 4.7.2-5 (using .../libquadmath0_4.8-20130123-1_amd64.deb) ...
Unpacking replacement libquadmath0:amd64 ...
Preparing to replace libstdc++6-4.7-dev 4.7.2-5 (using .../libstdc++6-4.7-dev_4.7.2-19_amd64.deb) ...
Unpacking replacement libstdc++6-4.7-dev:amd64 ...
Preparing to replace g++-4.7 4.7.2-5 (using .../g++-4.7_4.7.2-19_amd64.deb) ...
Unpacking replacement g++-4.7 ...
Preparing to replace gcc-4.7 4.7.2-5 (using .../gcc-4.7_4.7.2-19_amd64.deb) ...
Unpacking replacement gcc-4.7 ...
Preparing to replace cpp-4.7 4.7.2-5 (using .../cpp-4.7_4.7.2-19_amd64.deb) ...
Unpacking replacement cpp-4.7 ...
Selecting previously unselected package libgcc-4.7-dev:amd64.
Unpacking libgcc-4.7-dev:amd64 (from .../libgcc-4.7-dev_4.7.2-19_amd64.deb) ...
Preparing to replace gcc-4.7-base:amd64 4.7.2-5 (using .../gcc-4.7-base_4.7.2-19_amd64.deb) ...
Unpacking replacement gcc-4.7-base:amd64 ...
Selecting previously unselected package mime-support.
Unpacking mime-support (from .../mime-support_3.53~experimental2_all.deb) ...
Selecting previously unselected package libpython2.7-minimal:amd64.
Unpacking libpython2.7-minimal:amd64 (from .../libpython2.7-minimal_2.7.3-15_amd64.deb) ...
Selecting previously unselected package python2.7-minimal.
Unpacking python2.7-minimal (from .../python2.7-minimal_2.7.3-15_amd64.deb) ...
Selecting previously unselected package libpython2.7-stdlib:amd64.
Unpacking libpython2.7-stdlib:amd64 (from .../libpython2.7-stdlib_2.7.3-15_amd64.deb) ...
Selecting previously unselected package python2.7.
Unpacking python2.7 (from .../python2.7_2.7.3-15_amd64.deb) ...
Selecting previously unselected package python-minimal.
Unpacking python-minimal (from .../python-minimal_2.7.3-10_amd64.deb) ...
Selecting previously unselected package python.
Unpacking python (from .../python_2.7.3-10_amd64.deb) ...
Selecting previously unselected package libobjc-4.7-dev:amd64.
Unpacking libobjc-4.7-dev:amd64 (from .../libobjc-4.7-dev_4.7.2-19_amd64.deb) ...
Selecting previously unselected package libclang-common-dev.
Unpacking libclang-common-dev (from .../libclang-common-dev_3.2-1~exp5_amd64.deb) ...
Selecting previously unselected package compiler-rt.
Unpacking compiler-rt (from .../compiler-rt_3.2-1~exp5_amd64.deb) ...
Selecting previously unselected package clang-3.2.
Unpacking clang-3.2 (from .../clang-3.2_3.2-1~exp5_amd64.deb) ...
Selecting previously unselected package clang.
Unpacking clang (from .../clang_3.2-1~exp5_all.deb) ...
Setting up libc-dev-bin (2.16-0experimental1) ...
Setting up libc6-dev:amd64 (2.16-0experimental1) ...
Setting up libncursesw5:amd64 (5.9+20130119-1) ...
Setting up libssl1.0.0:amd64 (1.0.1c-4) ...
debconf: unable to initialize frontend: Dialog
debconf: (Dialog frontend will not work on a dumb terminal, an emacs shell buffer, or without a controlling terminal.)
debconf: falling back to frontend: Readline
debconf: unable to initialize frontend: Readline
debconf: (This frontend requires a controlling tty.)
debconf: falling back to frontend: Teletype
Setting up libsqlite3-0:amd64 (3.7.15.2-1) ...
Setting up libexpat1:amd64 (2.1.0-2) ...
Setting up libffi5:amd64 (3.0.10-3) ...
Setting up libgomp1:amd64 (4.8-20130123-1) ...
Setting up libitm1:amd64 (4.8-20130123-1) ...
Setting up libllvm3.2:amd64 (3.2-2) ...
Setting up libobjc4:amd64 (4.8-20130123-1) ...
Setting up libquadmath0:amd64 (4.8-20130123-1) ...
Setting up gcc-4.7-base:amd64 (4.7.2-19) ...
Setting up libgcc-4.7-dev:amd64 (4.7.2-19) ...
Setting up libstdc++6-4.7-dev:amd64 (4.7.2-19) ...
Setting up cpp-4.7 (4.7.2-19) ...
Setting up gcc-4.7 (4.7.2-19) ...
Setting up g++-4.7 (4.7.2-19) ...
Setting up mime-support (3.53~experimental2) ...
Setting up libpython2.7-minimal:amd64 (2.7.3-15) ...
Setting up python2.7-minimal (2.7.3-15) ...
Linking and byte-compiling packages for runtime python2.7...
Setting up libpython2.7-stdlib:amd64 (2.7.3-15) ...
Setting up python2.7 (2.7.3-15) ...
Setting up python-minimal (2.7.3-10) ...
Setting up python (2.7.3-10) ...
Setting up libobjc-4.7-dev:amd64 (4.7.2-19) ...
Setting up libclang-common-dev (3.2-1~exp5) ...
Setting up compiler-rt (3.2-1~exp5) ...
Setting up clang-3.2 (3.2-1~exp5) ...
Setting up clang (3.2-1~exp5) ...
+ echo 'Replace gcc, g++ & cpp by clang'
Replace gcc, g++ & cpp by clang
+ VERSIONS='4.6 4.7'
+ cd /usr/bin
+ for VERSION in '$VERSIONS'
+ rm g++-4.6 gcc-4.6 cpp-4.6
+ ln -s clang++ g++-4.6
+ ln -s clang gcc-4.6
+ ln -s clang cpp-4.6
+ for VERSION in '$VERSIONS'
+ rm g++-4.7 gcc-4.7 cpp-4.7
+ ln -s clang++ g++-4.7
+ ln -s clang gcc-4.7
+ ln -s clang cpp-4.7
+ cd -
/«BUILDDIR»
+ echo 'Block the installation of new gcc version'
Block the installation of new gcc version
+ echo 'gcc-4.6 hold'
+ dpkg --set-selections
+ echo 'cpp-4.6 hold'
+ dpkg --set-selections
+ echo 'g++-4.6 hold'
+ dpkg --set-selections
+ echo 'gcc-4.7 hold'
+ dpkg --set-selections
+ echo 'cpp-4.7 hold'
+ dpkg --set-selections
+ echo 'g++-4.7 hold'
+ dpkg --set-selections
+ echo 'Check if gcc, g++ & cpp are actually clang'
Check if gcc, g++ & cpp are actually clang
+ gcc --version
+ grep clang
+ cpp --version
+ grep clang
+ g++ --version
+ grep clang

I: Finished running '/tmp/switch-to-clang'.

Finished processing commands.
────────────────────────────────────────────────────────────────────────────────
Merged Build-Depends: build-essential, fakeroot
Filtered Build-Depends: build-essential, fakeroot
dpkg-deb: building package `sbuild-build-depends-core-dummy' in `/«BUILDDIR»/resolver-mV6xzw/apt_archive/sbuild-build-depends-core-dummy.deb'.
OK
Reading package lists...

┌──────────────────────────────────────────────────────────────────────────────┐
│ Install core build dependencies (apt-based resolver)                         │
└──────────────────────────────────────────────────────────────────────────────┘

Installing build dependencies
Reading package lists...
Building dependency tree...
Reading state information...
The following NEW packages will be installed:
  sbuild-build-depends-core-dummy
debconf: delaying package configuration, since apt-utils is not installed
0 upgraded, 1 newly installed, 0 to remove and 0 not upgraded.
Need to get 0 B/710 B of archives.
After this operation, 0 B of additional disk space will be used.
Selecting previously unselected package sbuild-build-depends-core-dummy.
(Reading database ... 14674 files and directories currently installed.)
Unpacking sbuild-build-depends-core-dummy (from .../sbuild-build-depends-core-dummy.deb) ...
Setting up sbuild-build-depends-core-dummy (0.invalid.0) ...
Merged Build-Depends: base-files, base-passwd, bash, bsdutils, coreutils, dash, debianutils, diffutils, dpkg, e2fsprogs, findutils, grep, gzip, hostname, libc-bin, login, mount, ncurses-base, ncurses-bin, perl-base, sed, sysvinit, sysvinit-utils, tar, util-linux, libc6-dev | libc-dev, gcc (>= 4:4.4.3), g++ (>= 4:4.4.3), make, dpkg-dev (>= 1.13.5), debhelper (>= 7), quilt (>= 0.40), cmake, pkg-config (>= 0.20), llvm-dev (>= 2.6), libffi-dev, libconfig8-dev, libconfig++8-dev
Filtered Build-Depends: base-files, base-passwd, bash, bsdutils, coreutils, dash, debianutils, diffutils, dpkg, e2fsprogs, findutils, grep, gzip, hostname, libc-bin, login, mount, ncurses-base, ncurses-bin, perl-base, sed, sysvinit, sysvinit-utils, tar, util-linux, libc6-dev, gcc (>= 4:4.4.3), g++ (>= 4:4.4.3), make, dpkg-dev (>= 1.13.5), debhelper (>= 7), quilt (>= 0.40), cmake, pkg-config (>= 0.20), llvm-dev (>= 2.6), libffi-dev, libconfig8-dev, libconfig++8-dev
dpkg-deb: building package `sbuild-build-depends-ldc-dummy' in `/«BUILDDIR»/resolver-wJwMs_/apt_archive/sbuild-build-depends-ldc-dummy.deb'.
OK
Reading package lists...

┌──────────────────────────────────────────────────────────────────────────────┐
│ Install ldc build dependencies (apt-based resolver)                          │
└──────────────────────────────────────────────────────────────────────────────┘

Installing build dependencies
Reading package lists...
Building dependency tree...
Reading state information...
The following extra packages will be installed:
  binfmt-support bsdmainutils cmake cmake-data debhelper diffstat
  emacsen-common file gettext gettext-base groff-base html2text
  intltool-debian libarchive12 libasprintf-dev libasprintf0c2 libconfig++-dev
  libconfig++8-dev libconfig++9 libconfig-dev libconfig8-dev libconfig9
  libcroco3 libcurl3 libcurl3-gnutls libffi-dev libgcrypt11 libgettextpo-dev
  libgettextpo0 libglib2.0-0 libgnutls26 libgpg-error0 libgssapi-krb5-2
  libidn11 libk5crypto3 libkeyutils1 libkrb5-3 libkrb5support0 libldap-2.4-2
  libllvm3.0 libmagic1 libnettle4 libp11-kit0 libpcre3 libpipeline1 libpopt0
  libprocps0 librtmp0 libsasl2-2 libssh2-1 libtasn1-3 libunistring0 libxml2
  libxmlrpc-core-c3 llvm llvm-3.0 llvm-3.0-dev llvm-3.0-runtime llvm-dev
  llvm-runtime man-db pkg-config po-debconf procps quilt
Suggested packages:
  wamerican wordlist whois vacation dh-make gettext-doc groff rng-tools
  krb5-doc krb5-user llvm-3.0-doc less www-browser libmail-box-perl procmail
  graphviz default-mta mail-transport-agent
Recommended packages:
  curl wget lynx-cur autopoint libconfig-doc ca-certificates libglib2.0-data
  shared-mime-info krb5-locales libsasl2-modules xml-core
  libmail-sendmail-perl psmisc
The following NEW packages will be installed:
  binfmt-support bsdmainutils cmake cmake-data debhelper diffstat
  emacsen-common file gettext gettext-base groff-base html2text
  intltool-debian libarchive12 libasprintf-dev libasprintf0c2 libconfig++-dev
  libconfig++8-dev libconfig++9 libconfig-dev libconfig8-dev libconfig9
  libcroco3 libcurl3 libcurl3-gnutls libffi-dev libgcrypt11 libgettextpo-dev
  libgettextpo0 libglib2.0-0 libgnutls26 libgpg-error0 libgssapi-krb5-2
  libidn11 libk5crypto3 libkeyutils1 libkrb5-3 libkrb5support0 libldap-2.4-2
  libllvm3.0 libmagic1 libnettle4 libp11-kit0 libpcre3 libpipeline1 libpopt0
  libprocps0 librtmp0 libsasl2-2 libssh2-1 libtasn1-3 libunistring0 libxml2
  libxmlrpc-core-c3 llvm llvm-3.0 llvm-3.0-dev llvm-3.0-runtime llvm-dev
  llvm-runtime man-db pkg-config po-debconf procps quilt
  sbuild-build-depends-ldc-dummy
0 upgraded, 66 newly installed, 0 to remove and 0 not upgraded.
Need to get 42.2 MB/42.2 MB of archives.
After this operation, 132 MB of additional disk space will be used.
Get:1 http://localhost/debian/ unstable/main libpipeline1 amd64 1.2.2-1 [39.9 kB]
Get:2 http://localhost/debian/ unstable/main libpopt0 amd64 1.16-7 [56.4 kB]
Get:3 http://localhost/debian/ unstable/main libprocps0 amd64 1:3.3.4-2 [58.6 kB]
Get:4 http://localhost/debian/ unstable/main groff-base amd64 1.22.1-2 [741 kB]
Get:5 http://localhost/debian/ unstable/main bsdmainutils amd64 9.0.4 [210 kB]
Get:6 http://localhost/debian/ unstable/main man-db amd64 2.6.3-3 [898 kB]
Get:7 http://localhost/debian/ unstable/main libasprintf0c2 amd64 0.18.1.1-10 [27.2 kB]
Get:8 http://localhost/debian/ unstable/main libgpg-error0 amd64 1.10-3.1 [77.9 kB]
Get:9 http://localhost/debian/ unstable/main libgcrypt11 amd64 1.5.0-3 [298 kB]
Get:10 http://localhost/debian/ unstable/main libp11-kit0 amd64 0.12-3 [52.8 kB]
Get:11 http://localhost/debian/ unstable/main libtasn1-3 amd64 2.13-2 [67.7 kB]
Get:12 http://localhost/debian/ unstable/main libgnutls26 amd64 2.12.20-3 [618 kB]
Get:13 http://localhost/debian/ unstable/main libkeyutils1 amd64 1.5.5-4 [8690 B]
Get:14 http://localhost/debian/ unstable/main libkrb5support0 amd64 1.10.1+dfsg-3 [49.2 kB]
Get:15 http://localhost/debian/ unstable/main libk5crypto3 amd64 1.10.1+dfsg-3 [112 kB]
Get:16 http://localhost/debian/ unstable/main libkrb5-3 amd64 1.10.1+dfsg-3 [394 kB]
Get:17 http://localhost/debian/ unstable/main libgssapi-krb5-2 amd64 1.10.1+dfsg-3 [148 kB]
Get:18 http://localhost/debian/ unstable/main libidn11 amd64 1.25-2 [178 kB]
Get:19 http://localhost/debian/ unstable/main libsasl2-2 amd64 2.1.25.dfsg1-6 [120 kB]
Get:20 http://localhost/debian/ unstable/main libldap-2.4-2 amd64 2.4.31-1 [243 kB]
Get:21 http://localhost/debian/ unstable/main libmagic1 amd64 5.11-2 [202 kB]
Get:22 http://localhost/debian/ unstable/main libpcre3 amd64 1:8.31-2 [247 kB]
Get:23 http://localhost/debian/ unstable/main libxml2 amd64 2.8.0+dfsg1-7 [903 kB]
Get:24 http://localhost/debian/ unstable/main libnettle4 amd64 2.4-3 [149 kB]
Get:25 http://localhost/debian/ unstable/main libarchive12 amd64 3.0.4-2 [303 kB]
Get:26 http://localhost/debian/ unstable/main libconfig++9 amd64 1.4.8-5 [46.1 kB]
Get:27 http://localhost/debian/ unstable/main libconfig9 amd64 1.4.8-5 [32.6 kB]
Get:28 http://localhost/debian/ unstable/main libglib2.0-0 amd64 2.33.12+really2.32.4-5 [1838 kB]
Get:29 http://localhost/debian/ unstable/main libcroco3 amd64 0.6.6-2 [134 kB]
Get:30 http://localhost/debian/ unstable/main librtmp0 amd64 2.4+20111222.git4e06e21-1 [62.3 kB]
Get:31 http://localhost/debian/ unstable/main libssh2-1 amd64 1.4.2-1.1 [133 kB]
Get:32 http://localhost/debian/ unstable/main libcurl3 amd64 7.28.0-3 [331 kB]
Get:33 http://localhost/debian/ unstable/main libcurl3-gnutls amd64 7.28.0-3 [322 kB]
Get:34 http://localhost/debian/ unstable/main libunistring0 amd64 0.9.3-5 [434 kB]
Get:35 http://localhost/debian/ unstable/main libgettextpo0 amd64 0.18.1.1-10 [145 kB]
Get:36 http://localhost/debian/ unstable/main libllvm3.0 amd64 3.0-10 [7529 kB]
Get:37 http://localhost/debian/ unstable/main procps amd64 1:3.3.4-2 [259 kB]
Get:38 http://localhost/debian/ unstable/main file amd64 5.11-2 [51.8 kB]
Get:39 http://localhost/debian/ unstable/main gettext-base amd64 0.18.1.1-10 [154 kB]
Get:40 http://localhost/debian/ unstable/main binfmt-support amd64 2.0.13 [85.2 kB]
Get:41 http://localhost/debian/ unstable/main libxmlrpc-core-c3 amd64 1.16.33-3.2 [186 kB]
Get:42 http://localhost/debian/ unstable/main emacsen-common all 2.0.5 [20.9 kB]
Get:43 http://localhost/debian/ unstable/main cmake-data all 2.8.9-1 [1359 kB]
Get:44 http://localhost/debian/ unstable/main cmake amd64 2.8.9-1 [4730 kB]
Get:45 http://localhost/debian/ unstable/main html2text amd64 1.3.2a-15 [103 kB]
Get:46 http://localhost/debian/ unstable/main libasprintf-dev amd64 0.18.1.1-10 [26.8 kB]
Get:47 http://localhost/debian/ unstable/main libgettextpo-dev amd64 0.18.1.1-10 [184 kB]
Get:48 http://localhost/debian/ unstable/main gettext amd64 0.18.1.1-10 [1815 kB]
Get:49 http://localhost/debian/ unstable/main intltool-debian all 0.35.0+20060710.1 [30.8 kB]
Get:50 http://localhost/debian/ unstable/main po-debconf all 1.0.16+nmu2 [224 kB]
Get:51 http://localhost/debian/ unstable/main debhelper all 9.20120909 [705 kB]
Get:52 http://localhost/debian/ unstable/main diffstat amd64 1.55-3 [30.0 kB]
Get:53 http://localhost/debian/ unstable/main pkg-config amd64 0.26-1 [59.5 kB]
Get:54 http://localhost/debian/ unstable/main libconfig-dev amd64 1.4.8-5 [113 kB]
Get:55 http://localhost/debian/ unstable/main libconfig++-dev amd64 1.4.8-5 [171 kB]
Get:56 http://localhost/debian/ unstable/main libffi-dev amd64 3.0.10-3 [116 kB]
Get:57 http://localhost/debian/ unstable/main llvm-3.0-runtime amd64 3.0-10 [43.0 kB]
Get:58 http://localhost/debian/ unstable/main llvm-runtime amd64 1:3.0-14+nmu2 [3008 B]
Get:59 http://localhost/debian/ unstable/main llvm-3.0 amd64 3.0-10 [1325 kB]
Get:60 http://localhost/debian/ unstable/main llvm amd64 1:3.0-14+nmu2 [1814 B]
Get:61 http://localhost/debian/ unstable/main llvm-3.0-dev amd64 3.0-10 [12.8 MB]
Get:62 http://localhost/debian/ unstable/main llvm-dev amd64 1:3.0-14+nmu2 [1338 B]
Get:63 http://localhost/debian/ unstable/main quilt all 0.60-7 [381 kB]
Get:64 http://localhost/debian/ unstable/main libconfig++8-dev amd64 1.4.8-5 [9614 B]
Get:65 http://localhost/debian/ unstable/main libconfig8-dev amd64 1.4.8-5 [9610 B]
debconf: delaying package configuration, since apt-utils is not installed
Fetched 42.2 MB in 3s (11.8 MB/s)
Selecting previously unselected package libpipeline1:amd64.
(Reading database ... 14674 files and directories currently installed.)
Unpacking libpipeline1:amd64 (from .../libpipeline1_1.2.2-1_amd64.deb) ...
Selecting previously unselected package libpopt0:amd64.
Unpacking libpopt0:amd64 (from .../libpopt0_1.16-7_amd64.deb) ...
Selecting previously unselected package libprocps0:amd64.
Unpacking libprocps0:amd64 (from .../libprocps0_1%3a3.3.4-2_amd64.deb) ...
Selecting previously unselected package groff-base.
Unpacking groff-base (from .../groff-base_1.22.1-2_amd64.deb) ...
Selecting previously unselected package bsdmainutils.
Unpacking bsdmainutils (from .../bsdmainutils_9.0.4_amd64.deb) ...
Selecting previously unselected package man-db.
Unpacking man-db (from .../man-db_2.6.3-3_amd64.deb) ...
Selecting previously unselected package libasprintf0c2:amd64.
Unpacking libasprintf0c2:amd64 (from .../libasprintf0c2_0.18.1.1-10_amd64.deb) ...
Selecting previously unselected package libgpg-error0:amd64.
Unpacking libgpg-error0:amd64 (from .../libgpg-error0_1.10-3.1_amd64.deb) ...
Selecting previously unselected package libgcrypt11:amd64.
Unpacking libgcrypt11:amd64 (from .../libgcrypt11_1.5.0-3_amd64.deb) ...
Selecting previously unselected package libp11-kit0:amd64.
Unpacking libp11-kit0:amd64 (from .../libp11-kit0_0.12-3_amd64.deb) ...
Selecting previously unselected package libtasn1-3:amd64.
Unpacking libtasn1-3:amd64 (from .../libtasn1-3_2.13-2_amd64.deb) ...
Selecting previously unselected package libgnutls26:amd64.
Unpacking libgnutls26:amd64 (from .../libgnutls26_2.12.20-3_amd64.deb) ...
Selecting previously unselected package libkeyutils1:amd64.
Unpacking libkeyutils1:amd64 (from .../libkeyutils1_1.5.5-4_amd64.deb) ...
Selecting previously unselected package libkrb5support0:amd64.
Unpacking libkrb5support0:amd64 (from .../libkrb5support0_1.10.1+dfsg-3_amd64.deb) ...
Selecting previously unselected package libk5crypto3:amd64.
Unpacking libk5crypto3:amd64 (from .../libk5crypto3_1.10.1+dfsg-3_amd64.deb) ...
Selecting previously unselected package libkrb5-3:amd64.
Unpacking libkrb5-3:amd64 (from .../libkrb5-3_1.10.1+dfsg-3_amd64.deb) ...
Selecting previously unselected package libgssapi-krb5-2:amd64.
Unpacking libgssapi-krb5-2:amd64 (from .../libgssapi-krb5-2_1.10.1+dfsg-3_amd64.deb) ...
Selecting previously unselected package libidn11:amd64.
Unpacking libidn11:amd64 (from .../libidn11_1.25-2_amd64.deb) ...
Selecting previously unselected package libsasl2-2:amd64.
Unpacking libsasl2-2:amd64 (from .../libsasl2-2_2.1.25.dfsg1-6_amd64.deb) ...
Selecting previously unselected package libldap-2.4-2:amd64.
Unpacking libldap-2.4-2:amd64 (from .../libldap-2.4-2_2.4.31-1_amd64.deb) ...
Selecting previously unselected package libmagic1:amd64.
Unpacking libmagic1:amd64 (from .../libmagic1_5.11-2_amd64.deb) ...
Selecting previously unselected package libpcre3:amd64.
Unpacking libpcre3:amd64 (from .../libpcre3_1%3a8.31-2_amd64.deb) ...
Selecting previously unselected package libxml2:amd64.
Unpacking libxml2:amd64 (from .../libxml2_2.8.0+dfsg1-7_amd64.deb) ...
Selecting previously unselected package libnettle4:amd64.
Unpacking libnettle4:amd64 (from .../libnettle4_2.4-3_amd64.deb) ...
Selecting previously unselected package libarchive12:amd64.
Unpacking libarchive12:amd64 (from .../libarchive12_3.0.4-2_amd64.deb) ...
Selecting previously unselected package libconfig++9:amd64.
Unpacking libconfig++9:amd64 (from .../libconfig++9_1.4.8-5_amd64.deb) ...
Selecting previously unselected package libconfig9:amd64.
Unpacking libconfig9:amd64 (from .../libconfig9_1.4.8-5_amd64.deb) ...
Selecting previously unselected package libglib2.0-0:amd64.
Unpacking libglib2.0-0:amd64 (from .../libglib2.0-0_2.33.12+really2.32.4-5_amd64.deb) ...
Selecting previously unselected package libcroco3:amd64.
Unpacking libcroco3:amd64 (from .../libcroco3_0.6.6-2_amd64.deb) ...
Selecting previously unselected package librtmp0:amd64.
Unpacking librtmp0:amd64 (from .../librtmp0_2.4+20111222.git4e06e21-1_amd64.deb) ...
Selecting previously unselected package libssh2-1:amd64.
Unpacking libssh2-1:amd64 (from .../libssh2-1_1.4.2-1.1_amd64.deb) ...
Selecting previously unselected package libcurl3:amd64.
Unpacking libcurl3:amd64 (from .../libcurl3_7.28.0-3_amd64.deb) ...
Selecting previously unselected package libcurl3-gnutls:amd64.
Unpacking libcurl3-gnutls:amd64 (from .../libcurl3-gnutls_7.28.0-3_amd64.deb) ...
Selecting previously unselected package libunistring0:amd64.
Unpacking libunistring0:amd64 (from .../libunistring0_0.9.3-5_amd64.deb) ...
Selecting previously unselected package libgettextpo0:amd64.
Unpacking libgettextpo0:amd64 (from .../libgettextpo0_0.18.1.1-10_amd64.deb) ...
Selecting previously unselected package libllvm3.0:amd64.
Unpacking libllvm3.0:amd64 (from .../libllvm3.0_3.0-10_amd64.deb) ...
Selecting previously unselected package procps.
Unpacking procps (from .../procps_1%3a3.3.4-2_amd64.deb) ...
Selecting previously unselected package file.
Unpacking file (from .../archives/file_5.11-2_amd64.deb) ...
Selecting previously unselected package gettext-base.
Unpacking gettext-base (from .../gettext-base_0.18.1.1-10_amd64.deb) ...
Selecting previously unselected package binfmt-support.
Unpacking binfmt-support (from .../binfmt-support_2.0.13_amd64.deb) ...
Selecting previously unselected package libxmlrpc-core-c3.
Unpacking libxmlrpc-core-c3 (from .../libxmlrpc-core-c3_1.16.33-3.2_amd64.deb) ...
Selecting previously unselected package emacsen-common.
Unpacking emacsen-common (from .../emacsen-common_2.0.5_all.deb) ...
Selecting previously unselected package cmake-data.
Unpacking cmake-data (from .../cmake-data_2.8.9-1_all.deb) ...
Selecting previously unselected package cmake.
Unpacking cmake (from .../cmake_2.8.9-1_amd64.deb) ...
Selecting previously unselected package html2text.
Unpacking html2text (from .../html2text_1.3.2a-15_amd64.deb) ...
Selecting previously unselected package libasprintf-dev:amd64.
Unpacking libasprintf-dev:amd64 (from .../libasprintf-dev_0.18.1.1-10_amd64.deb) ...
Selecting previously unselected package libgettextpo-dev:amd64.
Unpacking libgettextpo-dev:amd64 (from .../libgettextpo-dev_0.18.1.1-10_amd64.deb) ...
Selecting previously unselected package gettext.
Unpacking gettext (from .../gettext_0.18.1.1-10_amd64.deb) ...
Selecting previously unselected package intltool-debian.
Unpacking intltool-debian (from .../intltool-debian_0.35.0+20060710.1_all.deb) ...
Selecting previously unselected package po-debconf.
Unpacking po-debconf (from .../po-debconf_1.0.16+nmu2_all.deb) ...
Selecting previously unselected package debhelper.
Unpacking debhelper (from .../debhelper_9.20120909_all.deb) ...
Selecting previously unselected package diffstat.
Unpacking diffstat (from .../diffstat_1.55-3_amd64.deb) ...
Selecting previously unselected package pkg-config.
Unpacking pkg-config (from .../pkg-config_0.26-1_amd64.deb) ...
Selecting previously unselected package libconfig-dev:amd64.
Unpacking libconfig-dev:amd64 (from .../libconfig-dev_1.4.8-5_amd64.deb) ...
Selecting previously unselected package libconfig++-dev:amd64.
Unpacking libconfig++-dev:amd64 (from .../libconfig++-dev_1.4.8-5_amd64.deb) ...
Selecting previously unselected package libffi-dev:amd64.
Unpacking libffi-dev:amd64 (from .../libffi-dev_3.0.10-3_amd64.deb) ...
Selecting previously unselected package llvm-3.0-runtime.
Unpacking llvm-3.0-runtime (from .../llvm-3.0-runtime_3.0-10_amd64.deb) ...
Selecting previously unselected package llvm-runtime.
Unpacking llvm-runtime (from .../llvm-runtime_1%3a3.0-14+nmu2_amd64.deb) ...
Selecting previously unselected package llvm-3.0.
Unpacking llvm-3.0 (from .../llvm-3.0_3.0-10_amd64.deb) ...
Selecting previously unselected package llvm.
Unpacking llvm (from .../llvm_1%3a3.0-14+nmu2_amd64.deb) ...
Selecting previously unselected package llvm-3.0-dev.
Unpacking llvm-3.0-dev (from .../llvm-3.0-dev_3.0-10_amd64.deb) ...
Selecting previously unselected package llvm-dev.
Unpacking llvm-dev (from .../llvm-dev_1%3a3.0-14+nmu2_amd64.deb) ...
Selecting previously unselected package quilt.
Unpacking quilt (from .../archives/quilt_0.60-7_all.deb) ...
Selecting previously unselected package libconfig++8-dev.
Unpacking libconfig++8-dev (from .../libconfig++8-dev_1.4.8-5_amd64.deb) ...
Selecting previously unselected package libconfig8-dev.
Unpacking libconfig8-dev (from .../libconfig8-dev_1.4.8-5_amd64.deb) ...
Selecting previously unselected package sbuild-build-depends-ldc-dummy.
Unpacking sbuild-build-depends-ldc-dummy (from .../sbuild-build-depends-ldc-dummy.deb) ...
Processing triggers for mime-support ...
Setting up libpipeline1:amd64 (1.2.2-1) ...
Setting up libpopt0:amd64 (1.16-7) ...
Setting up libprocps0:amd64 (1:3.3.4-2) ...
Setting up groff-base (1.22.1-2) ...
Setting up bsdmainutils (9.0.4) ...
update-alternatives: using /usr/bin/bsd-write to provide /usr/bin/write (write) in auto mode
update-alternatives: using /usr/bin/bsd-from to provide /usr/bin/from (from) in auto mode
Setting up man-db (2.6.3-3) ...
Building database of manual pages ...
Setting up libasprintf0c2:amd64 (0.18.1.1-10) ...
Setting up libgpg-error0:amd64 (1.10-3.1) ...
Setting up libgcrypt11:amd64 (1.5.0-3) ...
Setting up libp11-kit0:amd64 (0.12-3) ...
Setting up libtasn1-3:amd64 (2.13-2) ...
Setting up libgnutls26:amd64 (2.12.20-3) ...
Setting up libkeyutils1:amd64 (1.5.5-4) ...
Setting up libkrb5support0:amd64 (1.10.1+dfsg-3) ...
Setting up libk5crypto3:amd64 (1.10.1+dfsg-3) ...
Setting up libkrb5-3:amd64 (1.10.1+dfsg-3) ...
Setting up libgssapi-krb5-2:amd64 (1.10.1+dfsg-3) ...
Setting up libidn11:amd64 (1.25-2) ...
Setting up libsasl2-2:amd64 (2.1.25.dfsg1-6) ...
Setting up libldap-2.4-2:amd64 (2.4.31-1) ...
Setting up libmagic1:amd64 (5.11-2) ...
Setting up libpcre3:amd64 (1:8.31-2) ...
Setting up libxml2:amd64 (2.8.0+dfsg1-7) ...
Setting up libnettle4:amd64 (2.4-3) ...
Setting up libarchive12:amd64 (3.0.4-2) ...
Setting up libconfig++9:amd64 (1.4.8-5) ...
Setting up libconfig9:amd64 (1.4.8-5) ...
Setting up libglib2.0-0:amd64 (2.33.12+really2.32.4-5) ...
No schema files found: doing nothing.
Setting up libcroco3:amd64 (0.6.6-2) ...
Setting up librtmp0:amd64 (2.4+20111222.git4e06e21-1) ...
Setting up libssh2-1:amd64 (1.4.2-1.1) ...
Setting up libcurl3:amd64 (7.28.0-3) ...
Setting up libcurl3-gnutls:amd64 (7.28.0-3) ...
Setting up libunistring0:amd64 (0.9.3-5) ...
Setting up libgettextpo0:amd64 (0.18.1.1-10) ...
Setting up libllvm3.0:amd64 (3.0-10) ...
Setting up procps (1:3.3.4-2) ...
update-alternatives: using /usr/bin/w.procps to provide /usr/bin/w (w) in auto mode
All runlevel operations denied by policy
invoke-rc.d: policy-rc.d denied execution of start.
Setting up file (5.11-2) ...
Setting up gettext-base (0.18.1.1-10) ...
Setting up binfmt-support (2.0.13) ...
update-binfmts: warning: Couldn't load the binfmt_misc module.
update-binfmts: warning: Couldn't load the binfmt_misc module.
All runlevel operations denied by policy
invoke-rc.d: policy-rc.d denied execution of start.
Setting up libxmlrpc-core-c3 (1.16.33-3.2) ...
Setting up emacsen-common (2.0.5) ...
Setting up cmake-data (2.8.9-1) ...
Install cmake-data for emacs
Setting up cmake (2.8.9-1) ...
Setting up html2text (1.3.2a-15) ...
Setting up libasprintf-dev:amd64 (0.18.1.1-10) ...
Setting up libgettextpo-dev:amd64 (0.18.1.1-10) ...
Setting up gettext (0.18.1.1-10) ...
Setting up intltool-debian (0.35.0+20060710.1) ...
Setting up po-debconf (1.0.16+nmu2) ...
Setting up debhelper (9.20120909) ...
Setting up diffstat (1.55-3) ...
Setting up pkg-config (0.26-1) ...
Setting up libconfig-dev:amd64 (1.4.8-5) ...
Setting up libconfig++-dev:amd64 (1.4.8-5) ...
Setting up libffi-dev:amd64 (3.0.10-3) ...
Setting up llvm-3.0-runtime (3.0-10) ...
update-binfmts: warning: Couldn't load the binfmt_misc module.
Setting up llvm-runtime (1:3.0-14+nmu2) ...
Setting up llvm-3.0 (3.0-10) ...
Setting up llvm (1:3.0-14+nmu2) ...
Setting up llvm-3.0-dev (3.0-10) ...
Setting up llvm-dev (1:3.0-14+nmu2) ...
Setting up quilt (0.60-7) ...
Setting up libconfig++8-dev (1.4.8-5) ...
Setting up libconfig8-dev (1.4.8-5) ...
Setting up sbuild-build-depends-ldc-dummy (0.invalid.0) ...

┌──────────────────────────────────────────────────────────────────────────────┐
│ Build environment                                                            │
└──────────────────────────────────────────────────────────────────────────────┘

Kernel: Linux 2.6.32-5-xen-amd64 amd64 (x86_64)
Toolchain package versions: binutils_2.22-7.1 dpkg-dev_1.16.9 g++-4.6_4.6.3-15 g++-4.7_4.7.2-19 gcc-4.6_4.6.3-15 gcc-4.7_4.7.2-19 libc6-dev_2.16-0experimental1 libstdc++6_4.8-20130123-1 libstdc++6-4.6-dev_4.6.3-15 libstdc++6-4.7-dev_4.7.2-19 linux-libc-dev_3.2.35-2
Package versions: apt_0.9.7.7 base-files_7.1 base-passwd_3.5.26 bash_4.2+dfsg-0.1 binfmt-support_2.0.13 binutils_2.22-7.1 bsdmainutils_9.0.4 bsdutils_1:2.20.1-5.3 build-essential_11.6 bzip2_1.0.6-4 clang_3.2-1~exp5 clang-3.2_3.2-1~exp5 cmake_2.8.9-1 cmake-data_2.8.9-1 compiler-rt_3.2-1~exp5 coreutils_8.20-3 cpp_4:4.7.2-1 cpp-4.6_4.6.3-15 cpp-4.7_4.7.2-19 dash_0.5.7-3 debconf_1.5.49 debconf-i18n_1.5.49 debfoster_2.7-1.2 debhelper_9.20120909 debian-archive-keyring_2012.4 debianutils_4.3.4 diffstat_1.55-3 diffutils_1:3.2-7 dpkg_1.16.9 dpkg-dev_1.16.9 e2fslibs_1.42.5-1 e2fsprogs_1.42.5-1 emacsen-common_2.0.5 fakeroot_1.18.4-2 file_5.11-2 findutils_4.4.2-5 g++_4:4.7.2-1 g++-4.6_4.6.3-15 g++-4.7_4.7.2-19 gcc_4:4.7.2-1 gcc-4.4-base_4.4.7-3 gcc-4.5-base_4.5.4-1 gcc-4.6_4.6.3-15 gcc-4.6-base_4.6.3-15 gcc-4.7_4.7.2-19 gcc-4.7-base_4.7.2-19 gcc-4.8-base_4.8-20130123-1 gettext_0.18.1.1-10 gettext-base_0.18.1.1-10 gnupg_1.4.12-7 gpgv_1.4.12-7 grep_2.14-1 groff-base_1.22.1-2 gzip_1.5-1.1 hostname_3.12 html2text_1.3.2a-15 initscripts_2.88dsf-39 insserv_1.14.0-5 intltool-debian_0.35.0+20060710.1 libacl1_2.2.51-8 libapt-pkg4.12_0.9.7.7 libarchive12_3.0.4-2 libasprintf-dev_0.18.1.1-10 libasprintf0c2_0.18.1.1-10 libattr1_1:2.4.46-8 libblkid1_2.20.1-5.3 libbz2-1.0_1.0.6-4 libc-bin_2.13-38 libc-dev-bin_2.16-0experimental1 libc6_2.16-0experimental1 libc6-dev_2.16-0experimental1 libclang-common-dev_3.2-1~exp5 libclass-isa-perl_0.36-5 libcomerr2_1.42.5-1 libconfig++-dev_1.4.8-5 libconfig++8-dev_1.4.8-5 libconfig++9_1.4.8-5 libconfig-dev_1.4.8-5 libconfig8-dev_1.4.8-5 libconfig9_1.4.8-5 libcroco3_0.6.6-2 libcurl3_7.28.0-3 libcurl3-gnutls_7.28.0-3 libdb5.1_5.1.29-5 libdpkg-perl_1.16.9 libexpat1_2.1.0-2 libffi-dev_3.0.10-3 libffi5_3.0.10-3 libfile-fcntllock-perl_0.14-2 libgc1c2_1:7.1-9.1 libgcc-4.7-dev_4.7.2-19 libgcc1_1:4.8-20130123-1 libgcrypt11_1.5.0-3 libgdbm3_1.8.3-11 libgettextpo-dev_0.18.1.1-10 libgettextpo0_0.18.1.1-10 libglib2.0-0_2.33.12+really2.32.4-5 libgmp10_2:5.0.5+dfsg-2 libgnutls26_2.12.20-3 libgomp1_4.8-20130123-1 libgpg-error0_1.10-3.1 libgpm2_1.20.4-6 libgssapi-krb5-2_1.10.1+dfsg-3 libidn11_1.25-2 libitm1_4.8-20130123-1 libk5crypto3_1.10.1+dfsg-3 libkeyutils1_1.5.5-4 libkrb5-3_1.10.1+dfsg-3 libkrb5support0_1.10.1+dfsg-3 libldap-2.4-2_2.4.31-1 libllvm3.0_3.0-10 libllvm3.2_3.2-2 liblocale-gettext-perl_1.05-7+b1 liblzma5_5.1.1alpha+20120614-2 libmagic1_5.11-2 libmount1_2.20.1-5.3 libmpc2_0.9-4 libmpfr4_3.1.0-5 libncurses5_5.9+20130119-1 libncursesw5_5.9+20130119-1 libnettle4_2.4-3 libobjc-4.7-dev_4.7.2-19 libobjc4_4.8-20130123-1 libp11-kit0_0.12-3 libpam-modules_1.1.3-7.1 libpam-modules-bin_1.1.3-7.1 libpam-runtime_1.1.3-7.1 libpam0g_1.1.3-7.1 libpcre3_1:8.31-2 libpipeline1_1.2.2-1 libpopt0_1.16-7 libprocps0_1:3.3.4-2 libpython2.7-minimal_2.7.3-15 libpython2.7-stdlib_2.7.3-15 libquadmath0_4.8-20130123-1 libreadline6_6.2+dfsg-0.1 librtmp0_2.4+20111222.git4e06e21-1 libsasl2-2_2.1.25.dfsg1-6 libselinux1_2.1.9-5 libsemanage-common_2.1.6-6 libsemanage1_2.1.6-6 libsepol1_2.1.4-3 libslang2_2.2.4-15 libsqlite3-0_3.7.15.2-1 libss2_1.42.5-1 libssh2-1_1.4.2-1.1 libssl1.0.0_1.0.1c-4 libstdc++6_4.8-20130123-1 libstdc++6-4.6-dev_4.6.3-15 libstdc++6-4.7-dev_4.7.2-19 libswitch-perl_2.16-2 libtasn1-3_2.13-2 libtext-charwidth-perl_0.04-7+b1 libtext-iconv-perl_1.7-5 libtext-wrapi18n-perl_0.06-7 libtimedate-perl_1.2000-1 libtinfo5_5.9+20130119-1 libunistring0_0.9.3-5 libusb-0.1-4_2:0.1.12-23+nmu1 libustr-1.0-1_1.0.4-3 libuuid1_2.20.1-5.3 libxml2_2.8.0+dfsg1-7 libxmlrpc-core-c3_1.16.33-3.2 linux-libc-dev_3.2.35-2 llvm_1:3.0-14+nmu2 llvm-3.0_3.0-10 llvm-3.0-dev_3.0-10 llvm-3.0-runtime_3.0-10 llvm-dev_1:3.0-14+nmu2 llvm-runtime_1:3.0-14+nmu2 login_1:4.1.5.1-1 lsb-base_4.1+Debian9 make_3.81-8.2 man-db_2.6.3-3 mawk_1.3.3-17 mime-support_3.53~experimental2 mount_2.20.1-5.3 multiarch-support_2.13-38 ncurses-base_5.9-10 ncurses-bin_5.9-10 passwd_1:4.1.5.1-1 patch_2.6.1-3 perl_5.14.2-17 perl-base_5.14.2-17 perl-modules_5.14.2-17 pkg-config_0.26-1 po-debconf_1.0.16+nmu2 procps_1:3.3.4-2 python_2.7.3-10 python-minimal_2.7.3-10 python2.7_2.7.3-15 python2.7-minimal_2.7.3-15 quilt_0.60-7 readline-common_6.2+dfsg-0.1 sbuild-build-depends-core-dummy_0.invalid.0 sbuild-build-depends-ldc-dummy_0.invalid.0 sed_4.2.1-10 sensible-utils_0.0.7 sudo_1.8.5p2-1 sysv-rc_2.88dsf-39 sysvinit_2.88dsf-39 sysvinit-utils_2.88dsf-39 tar_1.26+dfsg-0.1 tzdata_2012j-1 ucf_3.0025+nmu3 util-linux_2.20.1-5.3 vim_2:7.3.547-6 vim-common_2:7.3.547-6 vim-runtime_2:7.3.547-6 xz-utils_5.1.1alpha+20120614-2 zlib1g_1:1.2.7.dfsg-13

┌──────────────────────────────────────────────────────────────────────────────┐
│ Build                                                                        │
└──────────────────────────────────────────────────────────────────────────────┘


Unpack source
─────────────

gpgv: keyblock resource `/sbuild-nonexistent/.gnupg/trustedkeys.gpg': file open error
gpgv: Signature made Sat Feb 27 11:07:04 2010 UTC using DSA key ID 21275CC4
gpgv: Can't check signature: public key not found
dpkg-source: warning: failed to verify signature on ./ldc_0.9.1+hg1634-1.dsc
dpkg-source: info: extracting ldc in ldc-0.9.1+hg1634
dpkg-source: info: unpacking ldc_0.9.1+hg1634.orig.tar.gz
dpkg-source: info: applying ldc_0.9.1+hg1634-1.diff.gz

Check disc space
────────────────

Sufficient free space for build

User Environment
────────────────

HOME=/sbuild-nonexistent
LOGNAME=user
PATH=/usr/local/sbin:/usr/local/bin:/usr/sbin:/usr/bin:/sbin:/bin:/usr/games
SCHROOT_CHROOT_NAME=unstable-amd64-sbuild
SCHROOT_COMMAND=env
SCHROOT_GID=1000
SCHROOT_GROUP=user
SCHROOT_SESSION_ID=unstable-amd64-sbuild-aa0adc76-9328-475e-8345-6c415e8119cd
SCHROOT_UID=1000
SCHROOT_USER=user
SHELL=/bin/sh
USER=user

dpkg-buildpackage
─────────────────

dpkg-buildpackage: source package ldc
dpkg-buildpackage: source version 0.9.1+hg1634-1
dpkg-buildpackage: source changed by Arthur Loiret <aloiret@debian.org>
 dpkg-source --before-build ldc-0.9.1+hg1634
dpkg-buildpackage: host architecture amd64
 fakeroot debian/rules clean
QUILT_PATCHES=debian/patches \
		quilt --quiltrc /dev/null pop -a -R || test $? = 2
No patch removed
rm -rf .pc debian/stamp-patched
dh_testdir
dh_testroot
[ ! -f Makefile ] || /usr/bin/make clean
/usr/bin/make -f debian/Makefile distclean
make[1]: Entering directory `/«BUILDDIR»/ldc-0.9.1+hg1634'
rm -f -r \
	Makefile \
	CMakeFiles \
	cmake_install.cmake \
	runtime/Makefile \
	runtime/CMakeFiles \
	runtime/cmake_install.cmake \
	CMakeCache.txt \
	revisions.pl \
	gen/revisions.h \
	gen/llvm-version.h \
	install_manifest.txt \
	bin/ldc.conf \
	bin/ldc.rebuild.conf
make[1]: Leaving directory `/«BUILDDIR»/ldc-0.9.1+hg1634'
find . -type f -name "a.out" -or -name "*.bin" | xargs rm -f
rm -f tools/binding/*.o tools/binding/*.a
rm -f configure-stamp build-stamp
dh_clean
dpkg-buildpackage: warning: debian/rules must be updated to support the 'build-arch' and 'build-indep' targets (at least 'build-arch' seems to be missing)
 debian/rules build
QUILT_PATCHES=debian/patches \
		quilt --quiltrc /dev/null push -a || test $? = 2
Applying patch 01_llvm-rev.diff
patching file revisions.pl.in

Applying patch 02_llvm-bindings.diff
patching file tools/binding/llvm-ext.cpp

Applying patch 03_ldc-conf.diff
patching file ldc.conf.in
patching file ldc.rebuild.conf.in

Applying patch 04_kfreebsd.diff
patching file dmd/root/port.c
patching file gen/main.cpp

Applying patch 05_alpha.diff
patching file gen/main.cpp
patching file dmd/mars.h
Hunk #1 succeeded at 133 (offset 4 lines).

Applying patch 06_sh4.diff
patching file dmd/constfold.c

Now at patch 06_sh4.diff
touch debian/stamp-patched
dh_testdir
LDFLAGS='' CXXFLAGS='-g -O2' \
		cmake -DCMAKE_INSTALL_PREFIX='/usr' .
-- The C compiler identification is Clang 3.2.0
-- The CXX compiler identification is Clang 3.2.0
-- Check for working C compiler: /usr/bin/gcc
-- Check for working C compiler: /usr/bin/gcc -- works
-- Detecting C compiler ABI info
-- Detecting C compiler ABI info - done
-- Check for working CXX compiler: /usr/bin/c++
-- Check for working CXX compiler: /usr/bin/c++ -- works
-- Detecting CXX compiler ABI info
-- Detecting CXX compiler ABI info - done
-- Found Perl: /usr/bin/perl (found version "5.14.2") 
-- Found PkgConfig: /usr/bin/pkg-config (found version "0.26") 
-- checking for one of the modules 'libconfig++'
-- Found native target #define LLVM_NATIVE_ARCH X86
-- Configuring done
WARNING: Preprocessor definitions containing '#' may not be passed on the compiler command line because many compilers do not support it.
CMake is dropping a preprocessor definition: LDC_TARGETS=LLVM_TARGET(#define LLVM_NATIVE_ARCH X86)
Consider defining the macro in a (configured) header file.

-- Generating done
-- Build files have been written to: /«BUILDDIR»/ldc-0.9.1+hg1634
touch configure-stamp
dh_testdir
/usr/bin/make VERBOSE=1
make[1]: Entering directory `/«BUILDDIR»/ldc-0.9.1+hg1634'
/usr/bin/cmake -H/«BUILDDIR»/ldc-0.9.1+hg1634 -B/«BUILDDIR»/ldc-0.9.1+hg1634 --check-build-system CMakeFiles/Makefile.cmake 0
/usr/bin/cmake -E cmake_progress_start /«BUILDDIR»/ldc-0.9.1+hg1634/CMakeFiles /«BUILDDIR»/ldc-0.9.1+hg1634/CMakeFiles/progress.marks
/usr/bin/make -f CMakeFiles/Makefile2 all
make[2]: Entering directory `/«BUILDDIR»/ldc-0.9.1+hg1634'
/usr/bin/make -f CMakeFiles/idgen.dir/build.make CMakeFiles/idgen.dir/depend
make[3]: Entering directory `/«BUILDDIR»/ldc-0.9.1+hg1634'
cd /«BUILDDIR»/ldc-0.9.1+hg1634 && /usr/bin/cmake -E cmake_depends "Unix Makefiles" /«BUILDDIR»/ldc-0.9.1+hg1634 /«BUILDDIR»/ldc-0.9.1+hg1634 /«BUILDDIR»/ldc-0.9.1+hg1634 /«BUILDDIR»/ldc-0.9.1+hg1634 /«BUILDDIR»/ldc-0.9.1+hg1634/CMakeFiles/idgen.dir/DependInfo.cmake --color=
Dependee "/«BUILDDIR»/ldc-0.9.1+hg1634/CMakeFiles/idgen.dir/DependInfo.cmake" is newer than depender "/«BUILDDIR»/ldc-0.9.1+hg1634/CMakeFiles/idgen.dir/depend.internal".
Dependee "/«BUILDDIR»/ldc-0.9.1+hg1634/CMakeFiles/CMakeDirectoryInformation.cmake" is newer than depender "/«BUILDDIR»/ldc-0.9.1+hg1634/CMakeFiles/idgen.dir/depend.internal".
Scanning dependencies of target idgen
make[3]: Leaving directory `/«BUILDDIR»/ldc-0.9.1+hg1634'
/usr/bin/make -f CMakeFiles/idgen.dir/build.make CMakeFiles/idgen.dir/build
make[3]: Entering directory `/«BUILDDIR»/ldc-0.9.1+hg1634'
/usr/bin/cmake -E cmake_progress_report /«BUILDDIR»/ldc-0.9.1+hg1634/CMakeFiles 1
[  1%] Building CXX object CMakeFiles/idgen.dir/dmd/idgen.c.o
/usr/bin/c++   -DDMDV1 -DIN_LLVM -D_DH -DOPAQUE_VTBLS -DPOSIX -DDEFAULT_TARGET_TRIPLE=\"x86_64-pc-linux-gnu\" -DDEFAULT_ALT_TARGET_TRIPLE=\"i686-pc-linux-gnu\" -DLDC_INSTALL_PREFIX=\"/usr\" -g -O2  -I/«BUILDDIR»/ldc-0.9.1+hg1634/. -I/«BUILDDIR»/ldc-0.9.1+hg1634/dmd -I/«BUILDDIR»/ldc-0.9.1+hg1634/dmd/root -I/«BUILDDIR»/ldc-0.9.1+hg1634 -I/usr/lib/llvm-3.0/include    -I/usr/lib/llvm-3.0/include  -DNDEBUG -D_GNU_SOURCE -D__STDC_CONSTANT_MACROS -D__STDC_FORMAT_MACROS -D__STDC_LIMIT_MACROS -g -O2 -fomit-frame-pointer -fno-exceptions -fPIC -Woverloaded-virtual -Wcast-qual -o CMakeFiles/idgen.dir/dmd/idgen.c.o -c /«BUILDDIR»/ldc-0.9.1+hg1634/dmd/idgen.c
clang: warning: treating 'c' input as 'c++' when in C++ mode, this behavior is deprecated
Linking CXX executable dmd/idgen
/usr/bin/cmake -E cmake_link_script CMakeFiles/idgen.dir/link.txt --verbose=1
/usr/bin/c++   -g -O2     CMakeFiles/idgen.dir/dmd/idgen.c.o  -o dmd/idgen -rdynamic 
make[3]: Leaving directory `/«BUILDDIR»/ldc-0.9.1+hg1634'
/usr/bin/cmake -E cmake_progress_report /«BUILDDIR»/ldc-0.9.1+hg1634/CMakeFiles  1
[  1%] Built target idgen
/usr/bin/make -f CMakeFiles/impcnvgen.dir/build.make CMakeFiles/impcnvgen.dir/depend
make[3]: Entering directory `/«BUILDDIR»/ldc-0.9.1+hg1634'
cd /«BUILDDIR»/ldc-0.9.1+hg1634 && /usr/bin/cmake -E cmake_depends "Unix Makefiles" /«BUILDDIR»/ldc-0.9.1+hg1634 /«BUILDDIR»/ldc-0.9.1+hg1634 /«BUILDDIR»/ldc-0.9.1+hg1634 /«BUILDDIR»/ldc-0.9.1+hg1634 /«BUILDDIR»/ldc-0.9.1+hg1634/CMakeFiles/impcnvgen.dir/DependInfo.cmake --color=
Dependee "/«BUILDDIR»/ldc-0.9.1+hg1634/CMakeFiles/impcnvgen.dir/DependInfo.cmake" is newer than depender "/«BUILDDIR»/ldc-0.9.1+hg1634/CMakeFiles/impcnvgen.dir/depend.internal".
Dependee "/«BUILDDIR»/ldc-0.9.1+hg1634/CMakeFiles/CMakeDirectoryInformation.cmake" is newer than depender "/«BUILDDIR»/ldc-0.9.1+hg1634/CMakeFiles/impcnvgen.dir/depend.internal".
Scanning dependencies of target impcnvgen
make[3]: Leaving directory `/«BUILDDIR»/ldc-0.9.1+hg1634'
/usr/bin/make -f CMakeFiles/impcnvgen.dir/build.make CMakeFiles/impcnvgen.dir/build
make[3]: Entering directory `/«BUILDDIR»/ldc-0.9.1+hg1634'
/usr/bin/cmake -E cmake_progress_report /«BUILDDIR»/ldc-0.9.1+hg1634/CMakeFiles 
[  1%] Building CXX object CMakeFiles/impcnvgen.dir/dmd/impcnvgen.c.o
/usr/bin/c++   -DDMDV1 -DIN_LLVM -D_DH -DOPAQUE_VTBLS -DPOSIX -DDEFAULT_TARGET_TRIPLE=\"x86_64-pc-linux-gnu\" -DDEFAULT_ALT_TARGET_TRIPLE=\"i686-pc-linux-gnu\" -DLDC_INSTALL_PREFIX=\"/usr\" -g -O2  -I/«BUILDDIR»/ldc-0.9.1+hg1634/. -I/«BUILDDIR»/ldc-0.9.1+hg1634/dmd -I/«BUILDDIR»/ldc-0.9.1+hg1634/dmd/root -I/«BUILDDIR»/ldc-0.9.1+hg1634 -I/usr/lib/llvm-3.0/include    -I/usr/lib/llvm-3.0/include  -DNDEBUG -D_GNU_SOURCE -D__STDC_CONSTANT_MACROS -D__STDC_FORMAT_MACROS -D__STDC_LIMIT_MACROS -g -O2 -fomit-frame-pointer -fno-exceptions -fPIC -Woverloaded-virtual -Wcast-qual -o CMakeFiles/impcnvgen.dir/dmd/impcnvgen.c.o -c /«BUILDDIR»/ldc-0.9.1+hg1634/dmd/impcnvgen.c
clang: warning: treating 'c' input as 'c++' when in C++ mode, this behavior is deprecated
Linking CXX executable dmd/impcnvgen
/usr/bin/cmake -E cmake_link_script CMakeFiles/impcnvgen.dir/link.txt --verbose=1
/usr/bin/c++   -g -O2     CMakeFiles/impcnvgen.dir/dmd/impcnvgen.c.o  -o dmd/impcnvgen -rdynamic 
make[3]: Leaving directory `/«BUILDDIR»/ldc-0.9.1+hg1634'
/usr/bin/cmake -E cmake_progress_report /«BUILDDIR»/ldc-0.9.1+hg1634/CMakeFiles 
[  1%] Built target impcnvgen
/usr/bin/make -f CMakeFiles/gen_revs_h.dir/build.make CMakeFiles/gen_revs_h.dir/depend
make[3]: Entering directory `/«BUILDDIR»/ldc-0.9.1+hg1634'
cd /«BUILDDIR»/ldc-0.9.1+hg1634 && /usr/bin/cmake -E cmake_depends "Unix Makefiles" /«BUILDDIR»/ldc-0.9.1+hg1634 /«BUILDDIR»/ldc-0.9.1+hg1634 /«BUILDDIR»/ldc-0.9.1+hg1634 /«BUILDDIR»/ldc-0.9.1+hg1634 /«BUILDDIR»/ldc-0.9.1+hg1634/CMakeFiles/gen_revs_h.dir/DependInfo.cmake --color=
Dependee "/«BUILDDIR»/ldc-0.9.1+hg1634/CMakeFiles/gen_revs_h.dir/DependInfo.cmake" is newer than depender "/«BUILDDIR»/ldc-0.9.1+hg1634/CMakeFiles/gen_revs_h.dir/depend.internal".
Dependee "/«BUILDDIR»/ldc-0.9.1+hg1634/CMakeFiles/CMakeDirectoryInformation.cmake" is newer than depender "/«BUILDDIR»/ldc-0.9.1+hg1634/CMakeFiles/gen_revs_h.dir/depend.internal".
Scanning dependencies of target gen_revs_h
make[3]: Leaving directory `/«BUILDDIR»/ldc-0.9.1+hg1634'
/usr/bin/make -f CMakeFiles/gen_revs_h.dir/build.make CMakeFiles/gen_revs_h.dir/build
make[3]: Entering directory `/«BUILDDIR»/ldc-0.9.1+hg1634'
/usr/bin/cmake -E cmake_progress_report /«BUILDDIR»/ldc-0.9.1+hg1634/CMakeFiles 
[  1%] Generating revisions.h and llvm-version.h
cd /«BUILDDIR»/ldc-0.9.1+hg1634/gen && /usr/bin/perl /«BUILDDIR»/ldc-0.9.1+hg1634/revisions.pl
sh: 1: hg: not found
make[3]: Leaving directory `/«BUILDDIR»/ldc-0.9.1+hg1634'
/usr/bin/cmake -E cmake_progress_report /«BUILDDIR»/ldc-0.9.1+hg1634/CMakeFiles 
[  1%] Built target gen_revs_h
/usr/bin/make -f CMakeFiles/ldc.dir/build.make CMakeFiles/ldc.dir/depend
make[3]: Entering directory `/«BUILDDIR»/ldc-0.9.1+hg1634'
/usr/bin/cmake -E cmake_progress_report /«BUILDDIR»/ldc-0.9.1+hg1634/CMakeFiles 
[  1%] Generating dmd/impcnvtab.c
cd /«BUILDDIR»/ldc-0.9.1+hg1634/dmd && /«BUILDDIR»/ldc-0.9.1+hg1634/dmd/impcnvgen
/usr/bin/cmake -E cmake_progress_report /«BUILDDIR»/ldc-0.9.1+hg1634/CMakeFiles 2
[  3%] Generating dmd/id.c, dmd/id.h
cd /«BUILDDIR»/ldc-0.9.1+hg1634/dmd && /«BUILDDIR»/ldc-0.9.1+hg1634/dmd/idgen
cd /«BUILDDIR»/ldc-0.9.1+hg1634 && /usr/bin/cmake -E cmake_depends "Unix Makefiles" /«BUILDDIR»/ldc-0.9.1+hg1634 /«BUILDDIR»/ldc-0.9.1+hg1634 /«BUILDDIR»/ldc-0.9.1+hg1634 /«BUILDDIR»/ldc-0.9.1+hg1634 /«BUILDDIR»/ldc-0.9.1+hg1634/CMakeFiles/ldc.dir/DependInfo.cmake --color=
Dependee "/«BUILDDIR»/ldc-0.9.1+hg1634/CMakeFiles/ldc.dir/DependInfo.cmake" is newer than depender "/«BUILDDIR»/ldc-0.9.1+hg1634/CMakeFiles/ldc.dir/depend.internal".
Dependee "/«BUILDDIR»/ldc-0.9.1+hg1634/CMakeFiles/CMakeDirectoryInformation.cmake" is newer than depender "/«BUILDDIR»/ldc-0.9.1+hg1634/CMakeFiles/ldc.dir/depend.internal".
Scanning dependencies of target ldc
make[3]: Leaving directory `/«BUILDDIR»/ldc-0.9.1+hg1634'
/usr/bin/make -f CMakeFiles/ldc.dir/build.make CMakeFiles/ldc.dir/build
make[3]: Entering directory `/«BUILDDIR»/ldc-0.9.1+hg1634'
/usr/bin/cmake -E cmake_progress_report /«BUILDDIR»/ldc-0.9.1+hg1634/CMakeFiles 3
[  4%] Building CXX object CMakeFiles/ldc.dir/dmd/id.c.o
/usr/bin/c++   -DDMDV1 -DIN_LLVM -D_DH -DOPAQUE_VTBLS -DPOSIX -DDEFAULT_TARGET_TRIPLE=\"x86_64-pc-linux-gnu\" -DDEFAULT_ALT_TARGET_TRIPLE=\"i686-pc-linux-gnu\" -DLDC_INSTALL_PREFIX=\"/usr\" -g -O2  -I/«BUILDDIR»/ldc-0.9.1+hg1634/. -I/«BUILDDIR»/ldc-0.9.1+hg1634/dmd -I/«BUILDDIR»/ldc-0.9.1+hg1634/dmd/root -I/«BUILDDIR»/ldc-0.9.1+hg1634 -I/usr/lib/llvm-3.0/include    -I/usr/lib/llvm-3.0/include  -DNDEBUG -D_GNU_SOURCE -D__STDC_CONSTANT_MACROS -D__STDC_FORMAT_MACROS -D__STDC_LIMIT_MACROS -g -O2 -fomit-frame-pointer -fno-exceptions -fPIC -Woverloaded-virtual -Wcast-qual  -Wno-deprecated -Wno-write-strings -o CMakeFiles/ldc.dir/dmd/id.c.o -c /«BUILDDIR»/ldc-0.9.1+hg1634/dmd/id.c
/usr/bin/cmake -E cmake_progress_report /«BUILDDIR»/ldc-0.9.1+hg1634/CMakeFiles 4
[  6%] Building CXX object CMakeFiles/ldc.dir/dmd/id.h.o
/usr/bin/c++   -DDMDV1 -DIN_LLVM -D_DH -DOPAQUE_VTBLS -DPOSIX -DDEFAULT_TARGET_TRIPLE=\"x86_64-pc-linux-gnu\" -DDEFAULT_ALT_TARGET_TRIPLE=\"i686-pc-linux-gnu\" -DLDC_INSTALL_PREFIX=\"/usr\" -g -O2  -I/«BUILDDIR»/ldc-0.9.1+hg1634/. -I/«BUILDDIR»/ldc-0.9.1+hg1634/dmd -I/«BUILDDIR»/ldc-0.9.1+hg1634/dmd/root -I/«BUILDDIR»/ldc-0.9.1+hg1634 -I/usr/lib/llvm-3.0/include    -I/usr/lib/llvm-3.0/include  -DNDEBUG -D_GNU_SOURCE -D__STDC_CONSTANT_MACROS -D__STDC_FORMAT_MACROS -D__STDC_LIMIT_MACROS -g -O2 -fomit-frame-pointer -fno-exceptions -fPIC -Woverloaded-virtual -Wcast-qual  -Wno-deprecated -Wno-write-strings -o CMakeFiles/ldc.dir/dmd/id.h.o -c /«BUILDDIR»/ldc-0.9.1+hg1634/dmd/id.h
/usr/bin/cmake -E cmake_progress_report /«BUILDDIR»/ldc-0.9.1+hg1634/CMakeFiles 
[  6%] Building CXX object CMakeFiles/ldc.dir/dmd/impcnvtab.c.o
/usr/bin/c++   -DDMDV1 -DIN_LLVM -D_DH -DOPAQUE_VTBLS -DPOSIX -DDEFAULT_TARGET_TRIPLE=\"x86_64-pc-linux-gnu\" -DDEFAULT_ALT_TARGET_TRIPLE=\"i686-pc-linux-gnu\" -DLDC_INSTALL_PREFIX=\"/usr\" -g -O2  -I/«BUILDDIR»/ldc-0.9.1+hg1634/. -I/«BUILDDIR»/ldc-0.9.1+hg1634/dmd -I/«BUILDDIR»/ldc-0.9.1+hg1634/dmd/root -I/«BUILDDIR»/ldc-0.9.1+hg1634 -I/usr/lib/llvm-3.0/include    -I/usr/lib/llvm-3.0/include  -DNDEBUG -D_GNU_SOURCE -D__STDC_CONSTANT_MACROS -D__STDC_FORMAT_MACROS -D__STDC_LIMIT_MACROS -g -O2 -fomit-frame-pointer -fno-exceptions -fPIC -Woverloaded-virtual -Wcast-qual  -Wno-deprecated -Wno-write-strings -o CMakeFiles/ldc.dir/dmd/impcnvtab.c.o -c /«BUILDDIR»/ldc-0.9.1+hg1634/dmd/impcnvtab.c
/usr/bin/cmake -E cmake_progress_report /«BUILDDIR»/ldc-0.9.1+hg1634/CMakeFiles 5
[  7%] Building CXX object CMakeFiles/ldc.dir/dmd/constfold.c.o
/usr/bin/c++   -DDMDV1 -DIN_LLVM -D_DH -DOPAQUE_VTBLS -DPOSIX -DDEFAULT_TARGET_TRIPLE=\"x86_64-pc-linux-gnu\" -DDEFAULT_ALT_TARGET_TRIPLE=\"i686-pc-linux-gnu\" -DLDC_INSTALL_PREFIX=\"/usr\" -g -O2  -I/«BUILDDIR»/ldc-0.9.1+hg1634/. -I/«BUILDDIR»/ldc-0.9.1+hg1634/dmd -I/«BUILDDIR»/ldc-0.9.1+hg1634/dmd/root -I/«BUILDDIR»/ldc-0.9.1+hg1634 -I/usr/lib/llvm-3.0/include    -I/usr/lib/llvm-3.0/include  -DNDEBUG -D_GNU_SOURCE -D__STDC_CONSTANT_MACROS -D__STDC_FORMAT_MACROS -D__STDC_LIMIT_MACROS -g -O2 -fomit-frame-pointer -fno-exceptions -fPIC -Woverloaded-virtual -Wcast-qual  -Wno-deprecated -Wno-write-strings -o CMakeFiles/ldc.dir/dmd/constfold.c.o -c /«BUILDDIR»/ldc-0.9.1+hg1634/dmd/constfold.c
/usr/bin/cmake -E cmake_progress_report /«BUILDDIR»/ldc-0.9.1+hg1634/CMakeFiles 
[  7%] Building CXX object CMakeFiles/ldc.dir/dmd/func.c.o
/usr/bin/c++   -DDMDV1 -DIN_LLVM -D_DH -DOPAQUE_VTBLS -DPOSIX -DDEFAULT_TARGET_TRIPLE=\"x86_64-pc-linux-gnu\" -DDEFAULT_ALT_TARGET_TRIPLE=\"i686-pc-linux-gnu\" -DLDC_INSTALL_PREFIX=\"/usr\" -g -O2  -I/«BUILDDIR»/ldc-0.9.1+hg1634/. -I/«BUILDDIR»/ldc-0.9.1+hg1634/dmd -I/«BUILDDIR»/ldc-0.9.1+hg1634/dmd/root -I/«BUILDDIR»/ldc-0.9.1+hg1634 -I/usr/lib/llvm-3.0/include    -I/usr/lib/llvm-3.0/include  -DNDEBUG -D_GNU_SOURCE -D__STDC_CONSTANT_MACROS -D__STDC_FORMAT_MACROS -D__STDC_LIMIT_MACROS -g -O2 -fomit-frame-pointer -fno-exceptions -fPIC -Woverloaded-virtual -Wcast-qual  -Wno-deprecated -Wno-write-strings -o CMakeFiles/ldc.dir/dmd/func.c.o -c /«BUILDDIR»/ldc-0.9.1+hg1634/dmd/func.c
/usr/bin/cmake -E cmake_progress_report /«BUILDDIR»/ldc-0.9.1+hg1634/CMakeFiles 6
[  9%] Building CXX object CMakeFiles/ldc.dir/dmd/entity.c.o
/usr/bin/c++   -DDMDV1 -DIN_LLVM -D_DH -DOPAQUE_VTBLS -DPOSIX -DDEFAULT_TARGET_TRIPLE=\"x86_64-pc-linux-gnu\" -DDEFAULT_ALT_TARGET_TRIPLE=\"i686-pc-linux-gnu\" -DLDC_INSTALL_PREFIX=\"/usr\" -g -O2  -I/«BUILDDIR»/ldc-0.9.1+hg1634/. -I/«BUILDDIR»/ldc-0.9.1+hg1634/dmd -I/«BUILDDIR»/ldc-0.9.1+hg1634/dmd/root -I/«BUILDDIR»/ldc-0.9.1+hg1634 -I/usr/lib/llvm-3.0/include    -I/usr/lib/llvm-3.0/include  -DNDEBUG -D_GNU_SOURCE -D__STDC_CONSTANT_MACROS -D__STDC_FORMAT_MACROS -D__STDC_LIMIT_MACROS -g -O2 -fomit-frame-pointer -fno-exceptions -fPIC -Woverloaded-virtual -Wcast-qual  -Wno-deprecated -Wno-write-strings -o CMakeFiles/ldc.dir/dmd/entity.c.o -c /«BUILDDIR»/ldc-0.9.1+hg1634/dmd/entity.c
/usr/bin/cmake -E cmake_progress_report /«BUILDDIR»/ldc-0.9.1+hg1634/CMakeFiles 
[  9%] Building CXX object CMakeFiles/ldc.dir/dmd/template.c.o
/usr/bin/c++   -DDMDV1 -DIN_LLVM -D_DH -DOPAQUE_VTBLS -DPOSIX -DDEFAULT_TARGET_TRIPLE=\"x86_64-pc-linux-gnu\" -DDEFAULT_ALT_TARGET_TRIPLE=\"i686-pc-linux-gnu\" -DLDC_INSTALL_PREFIX=\"/usr\" -g -O2  -I/«BUILDDIR»/ldc-0.9.1+hg1634/. -I/«BUILDDIR»/ldc-0.9.1+hg1634/dmd -I/«BUILDDIR»/ldc-0.9.1+hg1634/dmd/root -I/«BUILDDIR»/ldc-0.9.1+hg1634 -I/usr/lib/llvm-3.0/include    -I/usr/lib/llvm-3.0/include  -DNDEBUG -D_GNU_SOURCE -D__STDC_CONSTANT_MACROS -D__STDC_FORMAT_MACROS -D__STDC_LIMIT_MACROS -g -O2 -fomit-frame-pointer -fno-exceptions -fPIC -Woverloaded-virtual -Wcast-qual  -Wno-deprecated -Wno-write-strings -o CMakeFiles/ldc.dir/dmd/template.c.o -c /«BUILDDIR»/ldc-0.9.1+hg1634/dmd/template.c
/«BUILDDIR»/ldc-0.9.1+hg1634/dmd/template.c:4425:15: warning: using the result of an assignment as a condition without parentheses [-Wparentheses]
    while(cur = cur->tinst)
          ~~~~^~~~~~~~~~~~
/«BUILDDIR»/ldc-0.9.1+hg1634/dmd/template.c:4425:15: note: place parentheses around the assignment to silence this warning
    while(cur = cur->tinst)
              ^
          (               )
/«BUILDDIR»/ldc-0.9.1+hg1634/dmd/template.c:4425:15: note: use '==' to turn this assignment into an equality comparison
    while(cur = cur->tinst)
              ^
              ==
1 warning generated.
/usr/bin/cmake -E cmake_progress_report /«BUILDDIR»/ldc-0.9.1+hg1634/CMakeFiles 7
[ 10%] Building CXX object CMakeFiles/ldc.dir/dmd/cast.c.o
/usr/bin/c++   -DDMDV1 -DIN_LLVM -D_DH -DOPAQUE_VTBLS -DPOSIX -DDEFAULT_TARGET_TRIPLE=\"x86_64-pc-linux-gnu\" -DDEFAULT_ALT_TARGET_TRIPLE=\"i686-pc-linux-gnu\" -DLDC_INSTALL_PREFIX=\"/usr\" -g -O2  -I/«BUILDDIR»/ldc-0.9.1+hg1634/. -I/«BUILDDIR»/ldc-0.9.1+hg1634/dmd -I/«BUILDDIR»/ldc-0.9.1+hg1634/dmd/root -I/«BUILDDIR»/ldc-0.9.1+hg1634 -I/usr/lib/llvm-3.0/include    -I/usr/lib/llvm-3.0/include  -DNDEBUG -D_GNU_SOURCE -D__STDC_CONSTANT_MACROS -D__STDC_FORMAT_MACROS -D__STDC_LIMIT_MACROS -g -O2 -fomit-frame-pointer -fno-exceptions -fPIC -Woverloaded-virtual -Wcast-qual  -Wno-deprecated -Wno-write-strings -o CMakeFiles/ldc.dir/dmd/cast.c.o -c /«BUILDDIR»/ldc-0.9.1+hg1634/dmd/cast.c
/«BUILDDIR»/ldc-0.9.1+hg1634/dmd/cast.c:216:13: warning: 29 enumeration values not handled in switch: 'Tarray', 'Tsarray', 'Taarray'... [-Wswitch]
    switch (toty)
            ^
/«BUILDDIR»/ldc-0.9.1+hg1634/dmd/cast.c:408:14: warning: 40 enumeration values not handled in switch: 'Taarray', 'Treference', 'Tfunction'... [-Wswitch]
            switch (t->ty)
                    ^
/«BUILDDIR»/ldc-0.9.1+hg1634/dmd/cast.c:1576:13: warning: 33 enumeration values not handled in switch: 'Tarray', 'Tsarray', 'Taarray'... [-Wswitch]
    switch (type->toBasetype()->ty)
            ^
3 warnings generated.
/usr/bin/cmake -E cmake_progress_report /«BUILDDIR»/ldc-0.9.1+hg1634/CMakeFiles 8
[ 12%] Building CXX object CMakeFiles/ldc.dir/dmd/mars.c.o
/usr/bin/c++   -DDMDV1 -DIN_LLVM -D_DH -DOPAQUE_VTBLS -DPOSIX -DDEFAULT_TARGET_TRIPLE=\"x86_64-pc-linux-gnu\" -DDEFAULT_ALT_TARGET_TRIPLE=\"i686-pc-linux-gnu\" -DLDC_INSTALL_PREFIX=\"/usr\" -g -O2  -I/«BUILDDIR»/ldc-0.9.1+hg1634/. -I/«BUILDDIR»/ldc-0.9.1+hg1634/dmd -I/«BUILDDIR»/ldc-0.9.1+hg1634/dmd/root -I/«BUILDDIR»/ldc-0.9.1+hg1634 -I/usr/lib/llvm-3.0/include    -I/usr/lib/llvm-3.0/include  -DNDEBUG -D_GNU_SOURCE -D__STDC_CONSTANT_MACROS -D__STDC_FORMAT_MACROS -D__STDC_LIMIT_MACROS -g -O2 -fomit-frame-pointer -fno-exceptions -fPIC -Woverloaded-virtual -Wcast-qual  -Wno-deprecated -Wno-write-strings -o CMakeFiles/ldc.dir/dmd/mars.c.o -c /«BUILDDIR»/ldc-0.9.1+hg1634/dmd/mars.c
/usr/bin/cmake -E cmake_progress_report /«BUILDDIR»/ldc-0.9.1+hg1634/CMakeFiles 
[ 12%] Building CXX object CMakeFiles/ldc.dir/dmd/utf.c.o
/usr/bin/c++   -DDMDV1 -DIN_LLVM -D_DH -DOPAQUE_VTBLS -DPOSIX -DDEFAULT_TARGET_TRIPLE=\"x86_64-pc-linux-gnu\" -DDEFAULT_ALT_TARGET_TRIPLE=\"i686-pc-linux-gnu\" -DLDC_INSTALL_PREFIX=\"/usr\" -g -O2  -I/«BUILDDIR»/ldc-0.9.1+hg1634/. -I/«BUILDDIR»/ldc-0.9.1+hg1634/dmd -I/«BUILDDIR»/ldc-0.9.1+hg1634/dmd/root -I/«BUILDDIR»/ldc-0.9.1+hg1634 -I/usr/lib/llvm-3.0/include    -I/usr/lib/llvm-3.0/include  -DNDEBUG -D_GNU_SOURCE -D__STDC_CONSTANT_MACROS -D__STDC_FORMAT_MACROS -D__STDC_LIMIT_MACROS -g -O2 -fomit-frame-pointer -fno-exceptions -fPIC -Woverloaded-virtual -Wcast-qual  -Wno-deprecated -Wno-write-strings -o CMakeFiles/ldc.dir/dmd/utf.c.o -c /«BUILDDIR»/ldc-0.9.1+hg1634/dmd/utf.c
/usr/bin/cmake -E cmake_progress_report /«BUILDDIR»/ldc-0.9.1+hg1634/CMakeFiles 9
[ 14%] Building CXX object CMakeFiles/ldc.dir/dmd/unialpha.c.o
/usr/bin/c++   -DDMDV1 -DIN_LLVM -D_DH -DOPAQUE_VTBLS -DPOSIX -DDEFAULT_TARGET_TRIPLE=\"x86_64-pc-linux-gnu\" -DDEFAULT_ALT_TARGET_TRIPLE=\"i686-pc-linux-gnu\" -DLDC_INSTALL_PREFIX=\"/usr\" -g -O2  -I/«BUILDDIR»/ldc-0.9.1+hg1634/. -I/«BUILDDIR»/ldc-0.9.1+hg1634/dmd -I/«BUILDDIR»/ldc-0.9.1+hg1634/dmd/root -I/«BUILDDIR»/ldc-0.9.1+hg1634 -I/usr/lib/llvm-3.0/include    -I/usr/lib/llvm-3.0/include  -DNDEBUG -D_GNU_SOURCE -D__STDC_CONSTANT_MACROS -D__STDC_FORMAT_MACROS -D__STDC_LIMIT_MACROS -g -O2 -fomit-frame-pointer -fno-exceptions -fPIC -Woverloaded-virtual -Wcast-qual  -Wno-deprecated -Wno-write-strings -o CMakeFiles/ldc.dir/dmd/unialpha.c.o -c /«BUILDDIR»/ldc-0.9.1+hg1634/dmd/unialpha.c
/usr/bin/cmake -E cmake_progress_report /«BUILDDIR»/ldc-0.9.1+hg1634/CMakeFiles 
[ 14%] Building CXX object CMakeFiles/ldc.dir/dmd/macro.c.o
/usr/bin/c++   -DDMDV1 -DIN_LLVM -D_DH -DOPAQUE_VTBLS -DPOSIX -DDEFAULT_TARGET_TRIPLE=\"x86_64-pc-linux-gnu\" -DDEFAULT_ALT_TARGET_TRIPLE=\"i686-pc-linux-gnu\" -DLDC_INSTALL_PREFIX=\"/usr\" -g -O2  -I/«BUILDDIR»/ldc-0.9.1+hg1634/. -I/«BUILDDIR»/ldc-0.9.1+hg1634/dmd -I/«BUILDDIR»/ldc-0.9.1+hg1634/dmd/root -I/«BUILDDIR»/ldc-0.9.1+hg1634 -I/usr/lib/llvm-3.0/include    -I/usr/lib/llvm-3.0/include  -DNDEBUG -D_GNU_SOURCE -D__STDC_CONSTANT_MACROS -D__STDC_FORMAT_MACROS -D__STDC_LIMIT_MACROS -g -O2 -fomit-frame-pointer -fno-exceptions -fPIC -Woverloaded-virtual -Wcast-qual  -Wno-deprecated -Wno-write-strings -o CMakeFiles/ldc.dir/dmd/macro.c.o -c /«BUILDDIR»/ldc-0.9.1+hg1634/dmd/macro.c
/usr/bin/cmake -E cmake_progress_report /«BUILDDIR»/ldc-0.9.1+hg1634/CMakeFiles 10
[ 15%] Building CXX object CMakeFiles/ldc.dir/dmd/parse.c.o
/usr/bin/c++   -DDMDV1 -DIN_LLVM -D_DH -DOPAQUE_VTBLS -DPOSIX -DDEFAULT_TARGET_TRIPLE=\"x86_64-pc-linux-gnu\" -DDEFAULT_ALT_TARGET_TRIPLE=\"i686-pc-linux-gnu\" -DLDC_INSTALL_PREFIX=\"/usr\" -g -O2  -I/«BUILDDIR»/ldc-0.9.1+hg1634/. -I/«BUILDDIR»/ldc-0.9.1+hg1634/dmd -I/«BUILDDIR»/ldc-0.9.1+hg1634/dmd/root -I/«BUILDDIR»/ldc-0.9.1+hg1634 -I/usr/lib/llvm-3.0/include    -I/usr/lib/llvm-3.0/include  -DNDEBUG -D_GNU_SOURCE -D__STDC_CONSTANT_MACROS -D__STDC_FORMAT_MACROS -D__STDC_LIMIT_MACROS -g -O2 -fomit-frame-pointer -fno-exceptions -fPIC -Woverloaded-virtual -Wcast-qual  -Wno-deprecated -Wno-write-strings -o CMakeFiles/ldc.dir/dmd/parse.c.o -c /«BUILDDIR»/ldc-0.9.1+hg1634/dmd/parse.c
/«BUILDDIR»/ldc-0.9.1+hg1634/dmd/parse.c:375:11: warning: 209 enumeration values not handled in switch: 'TOKreserved', 'TOKlparen', 'TOKrparen'... [-Wswitch]
                switch (token.value)
                        ^
/«BUILDDIR»/ldc-0.9.1+hg1634/dmd/parse.c:2014:10: warning: 212 enumeration values not handled in switch: 'TOKreserved', 'TOKrparen', 'TOKrbracket'... [-Wswitch]
        switch (token.value)
                ^
/«BUILDDIR»/ldc-0.9.1+hg1634/dmd/parse.c:3708:10: warning: 208 enumeration values not handled in switch: 'TOKreserved', 'TOKrparen', 'TOKrbracket'... [-Wswitch]
        switch (t->value)
                ^
/«BUILDDIR»/ldc-0.9.1+hg1634/dmd/parse.c:4723:11: warning: 161 enumeration values not handled in switch: 'TOKreserved', 'TOKrparen', 'TOKlbracket'... [-Wswitch]
                switch (tk->value)
                        ^
4 warnings generated.
/usr/bin/cmake -E cmake_progress_report /«BUILDDIR»/ldc-0.9.1+hg1634/CMakeFiles 
[ 15%] Building CXX object CMakeFiles/ldc.dir/dmd/hdrgen.c.o
/usr/bin/c++   -DDMDV1 -DIN_LLVM -D_DH -DOPAQUE_VTBLS -DPOSIX -DDEFAULT_TARGET_TRIPLE=\"x86_64-pc-linux-gnu\" -DDEFAULT_ALT_TARGET_TRIPLE=\"i686-pc-linux-gnu\" -DLDC_INSTALL_PREFIX=\"/usr\" -g -O2  -I/«BUILDDIR»/ldc-0.9.1+hg1634/. -I/«BUILDDIR»/ldc-0.9.1+hg1634/dmd -I/«BUILDDIR»/ldc-0.9.1+hg1634/dmd/root -I/«BUILDDIR»/ldc-0.9.1+hg1634 -I/usr/lib/llvm-3.0/include    -I/usr/lib/llvm-3.0/include  -DNDEBUG -D_GNU_SOURCE -D__STDC_CONSTANT_MACROS -D__STDC_FORMAT_MACROS -D__STDC_LIMIT_MACROS -g -O2 -fomit-frame-pointer -fno-exceptions -fPIC -Woverloaded-virtual -Wcast-qual  -Wno-deprecated -Wno-write-strings -o CMakeFiles/ldc.dir/dmd/hdrgen.c.o -c /«BUILDDIR»/ldc-0.9.1+hg1634/dmd/hdrgen.c
/usr/bin/cmake -E cmake_progress_report /«BUILDDIR»/ldc-0.9.1+hg1634/CMakeFiles 11
[ 17%] Building CXX object CMakeFiles/ldc.dir/dmd/interpret.c.o
/usr/bin/c++   -DDMDV1 -DIN_LLVM -D_DH -DOPAQUE_VTBLS -DPOSIX -DDEFAULT_TARGET_TRIPLE=\"x86_64-pc-linux-gnu\" -DDEFAULT_ALT_TARGET_TRIPLE=\"i686-pc-linux-gnu\" -DLDC_INSTALL_PREFIX=\"/usr\" -g -O2  -I/«BUILDDIR»/ldc-0.9.1+hg1634/. -I/«BUILDDIR»/ldc-0.9.1+hg1634/dmd -I/«BUILDDIR»/ldc-0.9.1+hg1634/dmd/root -I/«BUILDDIR»/ldc-0.9.1+hg1634 -I/usr/lib/llvm-3.0/include    -I/usr/lib/llvm-3.0/include  -DNDEBUG -D_GNU_SOURCE -D__STDC_CONSTANT_MACROS -D__STDC_FORMAT_MACROS -D__STDC_LIMIT_MACROS -g -O2 -fomit-frame-pointer -fno-exceptions -fPIC -Woverloaded-virtual -Wcast-qual  -Wno-deprecated -Wno-write-strings -o CMakeFiles/ldc.dir/dmd/interpret.c.o -c /«BUILDDIR»/ldc-0.9.1+hg1634/dmd/interpret.c
/«BUILDDIR»/ldc-0.9.1+hg1634/dmd/interpret.c:2175:3: warning: format specifies type 'int' but the argument has type 'size_t' (aka 'unsigned long') [-Wformat]
                dim, lowerbound, upperbound);
                ^~~
/«BUILDDIR»/ldc-0.9.1+hg1634/dmd/interpret.c:2190:67: warning: format specifies type 'int' but the argument has type 'size_t' (aka 'unsigned long') [-Wformat]
            error("Array length mismatch assigning [0..%d] to [%d..%d]", srclen, lowerbound, upperbound);
                                                       ~~                ^~~~~~
                                                       %ld
/«BUILDDIR»/ldc-0.9.1+hg1634/dmd/interpret.c:2696:6: warning: add explicit braces to avoid dangling else [-Wdangling-else]
            else
            ^
3 warnings generated.
/usr/bin/cmake -E cmake_progress_report /«BUILDDIR»/ldc-0.9.1+hg1634/CMakeFiles 12
[ 18%] Building CXX object CMakeFiles/ldc.dir/dmd/init.c.o
/usr/bin/c++   -DDMDV1 -DIN_LLVM -D_DH -DOPAQUE_VTBLS -DPOSIX -DDEFAULT_TARGET_TRIPLE=\"x86_64-pc-linux-gnu\" -DDEFAULT_ALT_TARGET_TRIPLE=\"i686-pc-linux-gnu\" -DLDC_INSTALL_PREFIX=\"/usr\" -g -O2  -I/«BUILDDIR»/ldc-0.9.1+hg1634/. -I/«BUILDDIR»/ldc-0.9.1+hg1634/dmd -I/«BUILDDIR»/ldc-0.9.1+hg1634/dmd/root -I/«BUILDDIR»/ldc-0.9.1+hg1634 -I/usr/lib/llvm-3.0/include    -I/usr/lib/llvm-3.0/include  -DNDEBUG -D_GNU_SOURCE -D__STDC_CONSTANT_MACROS -D__STDC_FORMAT_MACROS -D__STDC_LIMIT_MACROS -g -O2 -fomit-frame-pointer -fno-exceptions -fPIC -Woverloaded-virtual -Wcast-qual  -Wno-deprecated -Wno-write-strings -o CMakeFiles/ldc.dir/dmd/init.c.o -c /«BUILDDIR»/ldc-0.9.1+hg1634/dmd/init.c
/usr/bin/cmake -E cmake_progress_report /«BUILDDIR»/ldc-0.9.1+hg1634/CMakeFiles 
[ 18%] Building CXX object CMakeFiles/ldc.dir/dmd/mtype.c.o
/usr/bin/c++   -DDMDV1 -DIN_LLVM -D_DH -DOPAQUE_VTBLS -DPOSIX -DDEFAULT_TARGET_TRIPLE=\"x86_64-pc-linux-gnu\" -DDEFAULT_ALT_TARGET_TRIPLE=\"i686-pc-linux-gnu\" -DLDC_INSTALL_PREFIX=\"/usr\" -g -O2  -I/«BUILDDIR»/ldc-0.9.1+hg1634/. -I/«BUILDDIR»/ldc-0.9.1+hg1634/dmd -I/«BUILDDIR»/ldc-0.9.1+hg1634/dmd/root -I/«BUILDDIR»/ldc-0.9.1+hg1634 -I/usr/lib/llvm-3.0/include    -I/usr/lib/llvm-3.0/include  -DNDEBUG -D_GNU_SOURCE -D__STDC_CONSTANT_MACROS -D__STDC_FORMAT_MACROS -D__STDC_LIMIT_MACROS -g -O2 -fomit-frame-pointer -fno-exceptions -fPIC -Woverloaded-virtual -Wcast-qual  -Wno-deprecated -Wno-write-strings -o CMakeFiles/ldc.dir/dmd/mtype.c.o -c /«BUILDDIR»/ldc-0.9.1+hg1634/dmd/mtype.c
/«BUILDDIR»/ldc-0.9.1+hg1634/dmd/mtype.c:166:25: warning: '&&' within '||' [-Wlogical-op-parentheses]
        (t && deco == t->deco) &&               // deco strings are unique
        ~~~~~~~~~~~~~~~~~~~~~~~^~~~~~~~~~~~~~~~~~~~~~~~~~~~~~~~~~~~~~~~~~~
/«BUILDDIR»/ldc-0.9.1+hg1634/dmd/mtype.c:166:25: note: place parentheses around the '&&' expression to silence this warning
        (t && deco == t->deco) &&               // deco strings are unique
        ~~~~~~~~~~~~~~~~~~~~~~~^~~~~~~~~~~~~~~~~~~~~~~~~~~~~~~~~~~~~~~~~~~
/«BUILDDIR»/ldc-0.9.1+hg1634/dmd/mtype.c:1119:10: warning: 21 enumeration values not handled in switch: 'Tarray', 'Tsarray', 'Taarray'... [-Wswitch]
        switch (ty)
                ^
/«BUILDDIR»/ldc-0.9.1+hg1634/dmd/mtype.c:1148:10: warning: 21 enumeration values not handled in switch: 'Tarray', 'Tsarray', 'Taarray'... [-Wswitch]
        switch (ty)
                ^
/«BUILDDIR»/ldc-0.9.1+hg1634/dmd/mtype.c:1177:10: warning: 34 enumeration values not handled in switch: 'Tarray', 'Tsarray', 'Taarray'... [-Wswitch]
        switch (ty)
                ^
/«BUILDDIR»/ldc-0.9.1+hg1634/dmd/mtype.c:1196:10: warning: 34 enumeration values not handled in switch: 'Tarray', 'Tsarray', 'Taarray'... [-Wswitch]
        switch (ty)
                ^
/«BUILDDIR»/ldc-0.9.1+hg1634/dmd/mtype.c:1213:10: warning: 34 enumeration values not handled in switch: 'Tarray', 'Tsarray', 'Taarray'... [-Wswitch]
        switch (ty)
                ^
/«BUILDDIR»/ldc-0.9.1+hg1634/dmd/mtype.c:1228:10: warning: 34 enumeration values not handled in switch: 'Tarray', 'Tsarray', 'Taarray'... [-Wswitch]
        switch (ty)
                ^
/«BUILDDIR»/ldc-0.9.1+hg1634/dmd/mtype.c:1243:10: warning: 34 enumeration values not handled in switch: 'Tarray', 'Tsarray', 'Taarray'... [-Wswitch]
        switch (ty)
                ^
/«BUILDDIR»/ldc-0.9.1+hg1634/dmd/mtype.c:1258:10: warning: 34 enumeration values not handled in switch: 'Tarray', 'Tsarray', 'Taarray'... [-Wswitch]
        switch (ty)
                ^
/«BUILDDIR»/ldc-0.9.1+hg1634/dmd/mtype.c:1273:10: warning: 34 enumeration values not handled in switch: 'Tarray', 'Tsarray', 'Taarray'... [-Wswitch]
        switch (ty)
                ^
/«BUILDDIR»/ldc-0.9.1+hg1634/dmd/mtype.c:1288:10: warning: 34 enumeration values not handled in switch: 'Tarray', 'Tsarray', 'Taarray'... [-Wswitch]
        switch (ty)
                ^
/«BUILDDIR»/ldc-0.9.1+hg1634/dmd/mtype.c:1303:10: warning: 34 enumeration values not handled in switch: 'Tarray', 'Tsarray', 'Taarray'... [-Wswitch]
        switch (ty)
                ^
/«BUILDDIR»/ldc-0.9.1+hg1634/dmd/mtype.c:1428:13: warning: 30 enumeration values not handled in switch: 'Tarray', 'Tsarray', 'Taarray'... [-Wswitch]
    switch (ty)
            ^
/«BUILDDIR»/ldc-0.9.1+hg1634/dmd/mtype.c:1458:13: warning: 31 enumeration values not handled in switch: 'Tarray', 'Tsarray', 'Taarray'... [-Wswitch]
    switch (ty)
            ^
/«BUILDDIR»/ldc-0.9.1+hg1634/dmd/mtype.c:1981:13: warning: 40 enumeration values not handled in switch: 'Tarray', 'Tsarray', 'Taarray'... [-Wswitch]
    switch (tbn->ty)
            ^
/«BUILDDIR»/ldc-0.9.1+hg1634/dmd/mtype.c:2156:13: warning: 40 enumeration values not handled in switch: 'Tarray', 'Tsarray', 'Taarray'... [-Wswitch]
    switch (tbn->ty)
            ^
/«BUILDDIR»/ldc-0.9.1+hg1634/dmd/mtype.c:2328:13: warning: 36 enumeration values not handled in switch: 'Tarray', 'Taarray', 'Tpointer'... [-Wswitch]
    switch (key->ty)
            ^
/«BUILDDIR»/ldc-0.9.1+hg1634/dmd/mtype.c:2355:13: warning: 41 enumeration values not handled in switch: 'Tarray', 'Tsarray', 'Taarray'... [-Wswitch]
    switch (next->toBasetype()->ty)
            ^
/«BUILDDIR»/ldc-0.9.1+hg1634/dmd/mtype.c:2563:13: warning: 42 enumeration values not handled in switch: 'Tarray', 'Tsarray', 'Taarray'... [-Wswitch]
    switch (n->toBasetype()->ty)
            ^
/«BUILDDIR»/ldc-0.9.1+hg1634/dmd/mtype.c:2973:12: warning: destination for this 'memcpy' call is a pointer to dynamic class 'TypeFunction'; vtable pointer will be overwritten [-Wdynamic-class-memaccess]
    memcpy(tf, this, sizeof(TypeFunction));
    ~~~~~~ ^
/«BUILDDIR»/ldc-0.9.1+hg1634/dmd/mtype.c:2973:12: note: explicitly cast the pointer to silence this warning
    memcpy(tf, this, sizeof(TypeFunction));
           ^
           (void*)
/«BUILDDIR»/ldc-0.9.1+hg1634/dmd/mtype.c:2979:13: warning: destination for this 'memcpy' call is a pointer to dynamic class 'Parameter'; vtable pointer will be overwritten [-Wdynamic-class-memaccess]
            memcpy(cpy, arg, sizeof(Parameter));
            ~~~~~~ ^
/«BUILDDIR»/ldc-0.9.1+hg1634/dmd/mtype.c:2979:13: note: explicitly cast the pointer to silence this warning
            memcpy(cpy, arg, sizeof(Parameter));
                   ^
                   (void*)
21 warnings generated.
/usr/bin/cmake -E cmake_progress_report /«BUILDDIR»/ldc-0.9.1+hg1634/CMakeFiles 13
[ 20%] Building CXX object CMakeFiles/ldc.dir/dmd/doc.c.o
/usr/bin/c++   -DDMDV1 -DIN_LLVM -D_DH -DOPAQUE_VTBLS -DPOSIX -DDEFAULT_TARGET_TRIPLE=\"x86_64-pc-linux-gnu\" -DDEFAULT_ALT_TARGET_TRIPLE=\"i686-pc-linux-gnu\" -DLDC_INSTALL_PREFIX=\"/usr\" -g -O2  -I/«BUILDDIR»/ldc-0.9.1+hg1634/. -I/«BUILDDIR»/ldc-0.9.1+hg1634/dmd -I/«BUILDDIR»/ldc-0.9.1+hg1634/dmd/root -I/«BUILDDIR»/ldc-0.9.1+hg1634 -I/usr/lib/llvm-3.0/include    -I/usr/lib/llvm-3.0/include  -DNDEBUG -D_GNU_SOURCE -D__STDC_CONSTANT_MACROS -D__STDC_FORMAT_MACROS -D__STDC_LIMIT_MACROS -g -O2 -fomit-frame-pointer -fno-exceptions -fPIC -Woverloaded-virtual -Wcast-qual  -Wno-deprecated -Wno-write-strings -o CMakeFiles/ldc.dir/dmd/doc.c.o -c /«BUILDDIR»/ldc-0.9.1+hg1634/dmd/doc.c
/«BUILDDIR»/ldc-0.9.1+hg1634/dmd/doc.c:987:39: warning: '&&' within '||' [-Wlogical-op-parentheses]
                if (!*p || *p == '\r' || *p == '\n' && numdash >= 3)
                                      ~~ ~~~~~~~~~~~^~~~~~~~~~~~~~~
/«BUILDDIR»/ldc-0.9.1+hg1634/dmd/doc.c:987:39: note: place parentheses around the '&&' expression to silence this warning
                if (!*p || *p == '\r' || *p == '\n' && numdash >= 3)
                                                    ^
                                         (                         )
1 warning generated.
/usr/bin/cmake -E cmake_progress_report /«BUILDDIR»/ldc-0.9.1+hg1634/CMakeFiles 
[ 20%] Building CXX object CMakeFiles/ldc.dir/dmd/opover.c.o
/usr/bin/c++   -DDMDV1 -DIN_LLVM -D_DH -DOPAQUE_VTBLS -DPOSIX -DDEFAULT_TARGET_TRIPLE=\"x86_64-pc-linux-gnu\" -DDEFAULT_ALT_TARGET_TRIPLE=\"i686-pc-linux-gnu\" -DLDC_INSTALL_PREFIX=\"/usr\" -g -O2  -I/«BUILDDIR»/ldc-0.9.1+hg1634/. -I/«BUILDDIR»/ldc-0.9.1+hg1634/dmd -I/«BUILDDIR»/ldc-0.9.1+hg1634/dmd/root -I/«BUILDDIR»/ldc-0.9.1+hg1634 -I/usr/lib/llvm-3.0/include    -I/usr/lib/llvm-3.0/include  -DNDEBUG -D_GNU_SOURCE -D__STDC_CONSTANT_MACROS -D__STDC_FORMAT_MACROS -D__STDC_LIMIT_MACROS -g -O2 -fomit-frame-pointer -fno-exceptions -fPIC -Woverloaded-virtual -Wcast-qual  -Wno-deprecated -Wno-write-strings -o CMakeFiles/ldc.dir/dmd/opover.c.o -c /«BUILDDIR»/ldc-0.9.1+hg1634/dmd/opover.c
/«BUILDDIR»/ldc-0.9.1+hg1634/dmd/opover.c:326:17: warning: '&&' within '||' [-Wlogical-op-parentheses]
        else if (lastf && m.lastf == lastf || m.last == MATCHnomatch)
                 ~~~~~~^~~~~~~~~~~~~~~~~~~ ~~
/«BUILDDIR»/ldc-0.9.1+hg1634/dmd/opover.c:326:17: note: place parentheses around the '&&' expression to silence this warning
        else if (lastf && m.lastf == lastf || m.last == MATCHnomatch)
                       ^
                 (                        )
/«BUILDDIR»/ldc-0.9.1+hg1634/dmd/opover.c:408:16: warning: '&&' within '||' [-Wlogical-op-parentheses]
            if (lastf && m.lastf == lastf ||
                ~~~~~~^~~~~~~~~~~~~~~~~~~ ~~
/«BUILDDIR»/ldc-0.9.1+hg1634/dmd/opover.c:408:16: note: place parentheses around the '&&' expression to silence this warning
            if (lastf && m.lastf == lastf ||
                      ^
                (                        )
/«BUILDDIR»/ldc-0.9.1+hg1634/dmd/opover.c:409:8: warning: '&&' within '||' [-Wlogical-op-parentheses]
                id_r && m.last == MATCHnomatch)
                ~~~~~^~~~~~~~~~~~~~~~~~~~~~~~~
/«BUILDDIR»/ldc-0.9.1+hg1634/dmd/opover.c:409:8: note: place parentheses around the '&&' expression to silence this warning
                id_r && m.last == MATCHnomatch)
                     ^
                (                             )
/«BUILDDIR»/ldc-0.9.1+hg1634/dmd/opover.c:418:14: warning: 202 enumeration values not handled in switch: 'TOKreserved', 'TOKlparen', 'TOKrparen'... [-Wswitch]
            switch (op)
                    ^
4 warnings generated.
/usr/bin/cmake -E cmake_progress_report /«BUILDDIR»/ldc-0.9.1+hg1634/CMakeFiles 14
[ 21%] Building CXX object CMakeFiles/ldc.dir/dmd/access.c.o
/usr/bin/c++   -DDMDV1 -DIN_LLVM -D_DH -DOPAQUE_VTBLS -DPOSIX -DDEFAULT_TARGET_TRIPLE=\"x86_64-pc-linux-gnu\" -DDEFAULT_ALT_TARGET_TRIPLE=\"i686-pc-linux-gnu\" -DLDC_INSTALL_PREFIX=\"/usr\" -g -O2  -I/«BUILDDIR»/ldc-0.9.1+hg1634/. -I/«BUILDDIR»/ldc-0.9.1+hg1634/dmd -I/«BUILDDIR»/ldc-0.9.1+hg1634/dmd/root -I/«BUILDDIR»/ldc-0.9.1+hg1634 -I/usr/lib/llvm-3.0/include    -I/usr/lib/llvm-3.0/include  -DNDEBUG -D_GNU_SOURCE -D__STDC_CONSTANT_MACROS -D__STDC_FORMAT_MACROS -D__STDC_LIMIT_MACROS -g -O2 -fomit-frame-pointer -fno-exceptions -fPIC -Woverloaded-virtual -Wcast-qual  -Wno-deprecated -Wno-write-strings -o CMakeFiles/ldc.dir/dmd/access.c.o -c /«BUILDDIR»/ldc-0.9.1+hg1634/dmd/access.c
/«BUILDDIR»/ldc-0.9.1+hg1634/dmd/access.c:395:31: warning: '&&' within '||' [-Wlogical-op-parentheses]
        if (d->prot() == PROTprivate && d->getModule() != sc->module ||
            ~~~~~~~~~~~~~~~~~~~~~~~~~^~~~~~~~~~~~~~~~~~~~~~~~~~~~~~~ ~~
/«BUILDDIR»/ldc-0.9.1+hg1634/dmd/access.c:395:31: note: place parentheses around the '&&' expression to silence this warning
        if (d->prot() == PROTprivate && d->getModule() != sc->module ||
                                     ^
            (                                                       )
/«BUILDDIR»/ldc-0.9.1+hg1634/dmd/access.c:396:31: warning: '&&' within '||' [-Wlogical-op-parentheses]
            d->prot() == PROTpackage && !hasPackageAccess(sc, d))
            ~~~~~~~~~~~~~~~~~~~~~~~~~^~~~~~~~~~~~~~~~~~~~~~~~~~~
/«BUILDDIR»/ldc-0.9.1+hg1634/dmd/access.c:396:31: note: place parentheses around the '&&' expression to silence this warning
            d->prot() == PROTpackage && !hasPackageAccess(sc, d))
                                     ^
            (                                                   )
2 warnings generated.
/usr/bin/cmake -E cmake_progress_report /«BUILDDIR»/ldc-0.9.1+hg1634/CMakeFiles 15
[ 23%] Building CXX object CMakeFiles/ldc.dir/dmd/delegatize.c.o
/usr/bin/c++   -DDMDV1 -DIN_LLVM -D_DH -DOPAQUE_VTBLS -DPOSIX -DDEFAULT_TARGET_TRIPLE=\"x86_64-pc-linux-gnu\" -DDEFAULT_ALT_TARGET_TRIPLE=\"i686-pc-linux-gnu\" -DLDC_INSTALL_PREFIX=\"/usr\" -g -O2  -I/«BUILDDIR»/ldc-0.9.1+hg1634/. -I/«BUILDDIR»/ldc-0.9.1+hg1634/dmd -I/«BUILDDIR»/ldc-0.9.1+hg1634/dmd/root -I/«BUILDDIR»/ldc-0.9.1+hg1634 -I/usr/lib/llvm-3.0/include    -I/usr/lib/llvm-3.0/include  -DNDEBUG -D_GNU_SOURCE -D__STDC_CONSTANT_MACROS -D__STDC_FORMAT_MACROS -D__STDC_LIMIT_MACROS -g -O2 -fomit-frame-pointer -fno-exceptions -fPIC -Woverloaded-virtual -Wcast-qual  -Wno-deprecated -Wno-write-strings -o CMakeFiles/ldc.dir/dmd/delegatize.c.o -c /«BUILDDIR»/ldc-0.9.1+hg1634/dmd/delegatize.c
/usr/bin/cmake -E cmake_progress_report /«BUILDDIR»/ldc-0.9.1+hg1634/CMakeFiles 
[ 23%] Building CXX object CMakeFiles/ldc.dir/dmd/statement.c.o
/usr/bin/c++   -DDMDV1 -DIN_LLVM -D_DH -DOPAQUE_VTBLS -DPOSIX -DDEFAULT_TARGET_TRIPLE=\"x86_64-pc-linux-gnu\" -DDEFAULT_ALT_TARGET_TRIPLE=\"i686-pc-linux-gnu\" -DLDC_INSTALL_PREFIX=\"/usr\" -g -O2  -I/«BUILDDIR»/ldc-0.9.1+hg1634/. -I/«BUILDDIR»/ldc-0.9.1+hg1634/dmd -I/«BUILDDIR»/ldc-0.9.1+hg1634/dmd/root -I/«BUILDDIR»/ldc-0.9.1+hg1634 -I/usr/lib/llvm-3.0/include    -I/usr/lib/llvm-3.0/include  -DNDEBUG -D_GNU_SOURCE -D__STDC_CONSTANT_MACROS -D__STDC_FORMAT_MACROS -D__STDC_LIMIT_MACROS -g -O2 -fomit-frame-pointer -fno-exceptions -fPIC -Woverloaded-virtual -Wcast-qual  -Wno-deprecated -Wno-write-strings -o CMakeFiles/ldc.dir/dmd/statement.c.o -c /«BUILDDIR»/ldc-0.9.1+hg1634/dmd/statement.c
/«BUILDDIR»/ldc-0.9.1+hg1634/dmd/statement.c:2500:23: warning: format string is not a string literal (potentially insecure) [-Wformat-security]
                    fprintf(stdmsg, e->toChars());
                                    ^~~~~~~~~~~~
1 warning generated.
/usr/bin/cmake -E cmake_progress_report /«BUILDDIR»/ldc-0.9.1+hg1634/CMakeFiles 16
[ 25%] Building CXX object CMakeFiles/ldc.dir/dmd/declaration.c.o
/usr/bin/c++   -DDMDV1 -DIN_LLVM -D_DH -DOPAQUE_VTBLS -DPOSIX -DDEFAULT_TARGET_TRIPLE=\"x86_64-pc-linux-gnu\" -DDEFAULT_ALT_TARGET_TRIPLE=\"i686-pc-linux-gnu\" -DLDC_INSTALL_PREFIX=\"/usr\" -g -O2  -I/«BUILDDIR»/ldc-0.9.1+hg1634/. -I/«BUILDDIR»/ldc-0.9.1+hg1634/dmd -I/«BUILDDIR»/ldc-0.9.1+hg1634/dmd/root -I/«BUILDDIR»/ldc-0.9.1+hg1634 -I/usr/lib/llvm-3.0/include    -I/usr/lib/llvm-3.0/include  -DNDEBUG -D_GNU_SOURCE -D__STDC_CONSTANT_MACROS -D__STDC_FORMAT_MACROS -D__STDC_LIMIT_MACROS -g -O2 -fomit-frame-pointer -fno-exceptions -fPIC -Woverloaded-virtual -Wcast-qual  -Wno-deprecated -Wno-write-strings -o CMakeFiles/ldc.dir/dmd/declaration.c.o -c /«BUILDDIR»/ldc-0.9.1+hg1634/dmd/declaration.c
/usr/bin/cmake -E cmake_progress_report /«BUILDDIR»/ldc-0.9.1+hg1634/CMakeFiles 
[ 25%] Building CXX object CMakeFiles/ldc.dir/dmd/optimize.c.o
/usr/bin/c++   -DDMDV1 -DIN_LLVM -D_DH -DOPAQUE_VTBLS -DPOSIX -DDEFAULT_TARGET_TRIPLE=\"x86_64-pc-linux-gnu\" -DDEFAULT_ALT_TARGET_TRIPLE=\"i686-pc-linux-gnu\" -DLDC_INSTALL_PREFIX=\"/usr\" -g -O2  -I/«BUILDDIR»/ldc-0.9.1+hg1634/. -I/«BUILDDIR»/ldc-0.9.1+hg1634/dmd -I/«BUILDDIR»/ldc-0.9.1+hg1634/dmd/root -I/«BUILDDIR»/ldc-0.9.1+hg1634 -I/usr/lib/llvm-3.0/include    -I/usr/lib/llvm-3.0/include  -DNDEBUG -D_GNU_SOURCE -D__STDC_CONSTANT_MACROS -D__STDC_FORMAT_MACROS -D__STDC_LIMIT_MACROS -g -O2 -fomit-frame-pointer -fno-exceptions -fPIC -Woverloaded-virtual -Wcast-qual  -Wno-deprecated -Wno-write-strings -o CMakeFiles/ldc.dir/dmd/optimize.c.o -c /«BUILDDIR»/ldc-0.9.1+hg1634/dmd/optimize.c
/«BUILDDIR»/ldc-0.9.1+hg1634/dmd/optimize.c:464:13: warning: comparison of unsigned expression < 0 is always false [-Wtautological-compare]
            if (i2 < 0 || i2 > sz)
                ~~ ^ ~
/«BUILDDIR»/ldc-0.9.1+hg1634/dmd/optimize.c:559:9: warning: comparison of unsigned expression < 0 is always false [-Wtautological-compare]
        if (i2 < 0 || i2 > sz)
            ~~ ^ ~
2 warnings generated.
/usr/bin/cmake -E cmake_progress_report /«BUILDDIR»/ldc-0.9.1+hg1634/CMakeFiles 17
[ 26%] Building CXX object CMakeFiles/ldc.dir/dmd/scope.c.o
/usr/bin/c++   -DDMDV1 -DIN_LLVM -D_DH -DOPAQUE_VTBLS -DPOSIX -DDEFAULT_TARGET_TRIPLE=\"x86_64-pc-linux-gnu\" -DDEFAULT_ALT_TARGET_TRIPLE=\"i686-pc-linux-gnu\" -DLDC_INSTALL_PREFIX=\"/usr\" -g -O2  -I/«BUILDDIR»/ldc-0.9.1+hg1634/. -I/«BUILDDIR»/ldc-0.9.1+hg1634/dmd -I/«BUILDDIR»/ldc-0.9.1+hg1634/dmd/root -I/«BUILDDIR»/ldc-0.9.1+hg1634 -I/usr/lib/llvm-3.0/include    -I/usr/lib/llvm-3.0/include  -DNDEBUG -D_GNU_SOURCE -D__STDC_CONSTANT_MACROS -D__STDC_FORMAT_MACROS -D__STDC_LIMIT_MACROS -g -O2 -fomit-frame-pointer -fno-exceptions -fPIC -Woverloaded-virtual -Wcast-qual  -Wno-deprecated -Wno-write-strings -o CMakeFiles/ldc.dir/dmd/scope.c.o -c /«BUILDDIR»/ldc-0.9.1+hg1634/dmd/scope.c
/usr/bin/cmake -E cmake_progress_report /«BUILDDIR»/ldc-0.9.1+hg1634/CMakeFiles 
[ 26%] Building CXX object CMakeFiles/ldc.dir/dmd/json.c.o
/usr/bin/c++   -DDMDV1 -DIN_LLVM -D_DH -DOPAQUE_VTBLS -DPOSIX -DDEFAULT_TARGET_TRIPLE=\"x86_64-pc-linux-gnu\" -DDEFAULT_ALT_TARGET_TRIPLE=\"i686-pc-linux-gnu\" -DLDC_INSTALL_PREFIX=\"/usr\" -g -O2  -I/«BUILDDIR»/ldc-0.9.1+hg1634/. -I/«BUILDDIR»/ldc-0.9.1+hg1634/dmd -I/«BUILDDIR»/ldc-0.9.1+hg1634/dmd/root -I/«BUILDDIR»/ldc-0.9.1+hg1634 -I/usr/lib/llvm-3.0/include    -I/usr/lib/llvm-3.0/include  -DNDEBUG -D_GNU_SOURCE -D__STDC_CONSTANT_MACROS -D__STDC_FORMAT_MACROS -D__STDC_LIMIT_MACROS -g -O2 -fomit-frame-pointer -fno-exceptions -fPIC -Woverloaded-virtual -Wcast-qual  -Wno-deprecated -Wno-write-strings -o CMakeFiles/ldc.dir/dmd/json.c.o -c /«BUILDDIR»/ldc-0.9.1+hg1634/dmd/json.c
/usr/bin/cmake -E cmake_progress_report /«BUILDDIR»/ldc-0.9.1+hg1634/CMakeFiles 18
[ 28%] Building CXX object CMakeFiles/ldc.dir/dmd/enum.c.o
/usr/bin/c++   -DDMDV1 -DIN_LLVM -D_DH -DOPAQUE_VTBLS -DPOSIX -DDEFAULT_TARGET_TRIPLE=\"x86_64-pc-linux-gnu\" -DDEFAULT_ALT_TARGET_TRIPLE=\"i686-pc-linux-gnu\" -DLDC_INSTALL_PREFIX=\"/usr\" -g -O2  -I/«BUILDDIR»/ldc-0.9.1+hg1634/. -I/«BUILDDIR»/ldc-0.9.1+hg1634/dmd -I/«BUILDDIR»/ldc-0.9.1+hg1634/dmd/root -I/«BUILDDIR»/ldc-0.9.1+hg1634 -I/usr/lib/llvm-3.0/include    -I/usr/lib/llvm-3.0/include  -DNDEBUG -D_GNU_SOURCE -D__STDC_CONSTANT_MACROS -D__STDC_FORMAT_MACROS -D__STDC_LIMIT_MACROS -g -O2 -fomit-frame-pointer -fno-exceptions -fPIC -Woverloaded-virtual -Wcast-qual  -Wno-deprecated -Wno-write-strings -o CMakeFiles/ldc.dir/dmd/enum.c.o -c /«BUILDDIR»/ldc-0.9.1+hg1634/dmd/enum.c
/usr/bin/cmake -E cmake_progress_report /«BUILDDIR»/ldc-0.9.1+hg1634/CMakeFiles 19
[ 29%] Building CXX object CMakeFiles/ldc.dir/dmd/struct.c.o
/usr/bin/c++   -DDMDV1 -DIN_LLVM -D_DH -DOPAQUE_VTBLS -DPOSIX -DDEFAULT_TARGET_TRIPLE=\"x86_64-pc-linux-gnu\" -DDEFAULT_ALT_TARGET_TRIPLE=\"i686-pc-linux-gnu\" -DLDC_INSTALL_PREFIX=\"/usr\" -g -O2  -I/«BUILDDIR»/ldc-0.9.1+hg1634/. -I/«BUILDDIR»/ldc-0.9.1+hg1634/dmd -I/«BUILDDIR»/ldc-0.9.1+hg1634/dmd/root -I/«BUILDDIR»/ldc-0.9.1+hg1634 -I/usr/lib/llvm-3.0/include    -I/usr/lib/llvm-3.0/include  -DNDEBUG -D_GNU_SOURCE -D__STDC_CONSTANT_MACROS -D__STDC_FORMAT_MACROS -D__STDC_LIMIT_MACROS -g -O2 -fomit-frame-pointer -fno-exceptions -fPIC -Woverloaded-virtual -Wcast-qual  -Wno-deprecated -Wno-write-strings -o CMakeFiles/ldc.dir/dmd/struct.c.o -c /«BUILDDIR»/ldc-0.9.1+hg1634/dmd/struct.c
/usr/bin/cmake -E cmake_progress_report /«BUILDDIR»/ldc-0.9.1+hg1634/CMakeFiles 
[ 29%] Building CXX object CMakeFiles/ldc.dir/dmd/clone.c.o
/usr/bin/c++   -DDMDV1 -DIN_LLVM -D_DH -DOPAQUE_VTBLS -DPOSIX -DDEFAULT_TARGET_TRIPLE=\"x86_64-pc-linux-gnu\" -DDEFAULT_ALT_TARGET_TRIPLE=\"i686-pc-linux-gnu\" -DLDC_INSTALL_PREFIX=\"/usr\" -g -O2  -I/«BUILDDIR»/ldc-0.9.1+hg1634/. -I/«BUILDDIR»/ldc-0.9.1+hg1634/dmd -I/«BUILDDIR»/ldc-0.9.1+hg1634/dmd/root -I/«BUILDDIR»/ldc-0.9.1+hg1634 -I/usr/lib/llvm-3.0/include    -I/usr/lib/llvm-3.0/include  -DNDEBUG -D_GNU_SOURCE -D__STDC_CONSTANT_MACROS -D__STDC_FORMAT_MACROS -D__STDC_LIMIT_MACROS -g -O2 -fomit-frame-pointer -fno-exceptions -fPIC -Woverloaded-virtual -Wcast-qual  -Wno-deprecated -Wno-write-strings -o CMakeFiles/ldc.dir/dmd/clone.c.o -c /«BUILDDIR»/ldc-0.9.1+hg1634/dmd/clone.c
/usr/bin/cmake -E cmake_progress_report /«BUILDDIR»/ldc-0.9.1+hg1634/CMakeFiles 20
[ 31%] Building CXX object CMakeFiles/ldc.dir/dmd/inline.c.o
/usr/bin/c++   -DDMDV1 -DIN_LLVM -D_DH -DOPAQUE_VTBLS -DPOSIX -DDEFAULT_TARGET_TRIPLE=\"x86_64-pc-linux-gnu\" -DDEFAULT_ALT_TARGET_TRIPLE=\"i686-pc-linux-gnu\" -DLDC_INSTALL_PREFIX=\"/usr\" -g -O2  -I/«BUILDDIR»/ldc-0.9.1+hg1634/. -I/«BUILDDIR»/ldc-0.9.1+hg1634/dmd -I/«BUILDDIR»/ldc-0.9.1+hg1634/dmd/root -I/«BUILDDIR»/ldc-0.9.1+hg1634 -I/usr/lib/llvm-3.0/include    -I/usr/lib/llvm-3.0/include  -DNDEBUG -D_GNU_SOURCE -D__STDC_CONSTANT_MACROS -D__STDC_FORMAT_MACROS -D__STDC_LIMIT_MACROS -g -O2 -fomit-frame-pointer -fno-exceptions -fPIC -Woverloaded-virtual -Wcast-qual  -Wno-deprecated -Wno-write-strings -o CMakeFiles/ldc.dir/dmd/inline.c.o -c /«BUILDDIR»/ldc-0.9.1+hg1634/dmd/inline.c
/«BUILDDIR»/ldc-0.9.1+hg1634/dmd/inline.c:1343:11: warning: '&&' within '||' [-Wlogical-op-parentheses]
        !hdrscan &&
        ~~~~~~~~~^~
/«BUILDDIR»/ldc-0.9.1+hg1634/dmd/inline.c:1343:11: note: place parentheses around the '&&' expression to silence this warning
        !hdrscan &&
                 ^
1 warning generated.
/usr/bin/cmake -E cmake_progress_report /«BUILDDIR»/ldc-0.9.1+hg1634/CMakeFiles 
[ 31%] Building CXX object CMakeFiles/ldc.dir/dmd/mem.c.o
/usr/bin/c++   -DDMDV1 -DIN_LLVM -D_DH -DOPAQUE_VTBLS -DPOSIX -DDEFAULT_TARGET_TRIPLE=\"x86_64-pc-linux-gnu\" -DDEFAULT_ALT_TARGET_TRIPLE=\"i686-pc-linux-gnu\" -DLDC_INSTALL_PREFIX=\"/usr\" -g -O2  -I/«BUILDDIR»/ldc-0.9.1+hg1634/. -I/«BUILDDIR»/ldc-0.9.1+hg1634/dmd -I/«BUILDDIR»/ldc-0.9.1+hg1634/dmd/root -I/«BUILDDIR»/ldc-0.9.1+hg1634 -I/usr/lib/llvm-3.0/include    -I/usr/lib/llvm-3.0/include  -DNDEBUG -D_GNU_SOURCE -D__STDC_CONSTANT_MACROS -D__STDC_FORMAT_MACROS -D__STDC_LIMIT_MACROS -g -O2 -fomit-frame-pointer -fno-exceptions -fPIC -Woverloaded-virtual -Wcast-qual  -Wno-deprecated -Wno-write-strings -o CMakeFiles/ldc.dir/dmd/mem.c.o -c /«BUILDDIR»/ldc-0.9.1+hg1634/dmd/mem.c
/usr/bin/cmake -E cmake_progress_report /«BUILDDIR»/ldc-0.9.1+hg1634/CMakeFiles 21
[ 32%] Building CXX object CMakeFiles/ldc.dir/dmd/class.c.o
/usr/bin/c++   -DDMDV1 -DIN_LLVM -D_DH -DOPAQUE_VTBLS -DPOSIX -DDEFAULT_TARGET_TRIPLE=\"x86_64-pc-linux-gnu\" -DDEFAULT_ALT_TARGET_TRIPLE=\"i686-pc-linux-gnu\" -DLDC_INSTALL_PREFIX=\"/usr\" -g -O2  -I/«BUILDDIR»/ldc-0.9.1+hg1634/. -I/«BUILDDIR»/ldc-0.9.1+hg1634/dmd -I/«BUILDDIR»/ldc-0.9.1+hg1634/dmd/root -I/«BUILDDIR»/ldc-0.9.1+hg1634 -I/usr/lib/llvm-3.0/include    -I/usr/lib/llvm-3.0/include  -DNDEBUG -D_GNU_SOURCE -D__STDC_CONSTANT_MACROS -D__STDC_FORMAT_MACROS -D__STDC_LIMIT_MACROS -g -O2 -fomit-frame-pointer -fno-exceptions -fPIC -Woverloaded-virtual -Wcast-qual  -Wno-deprecated -Wno-write-strings -o CMakeFiles/ldc.dir/dmd/class.c.o -c /«BUILDDIR»/ldc-0.9.1+hg1634/dmd/class.c
/usr/bin/cmake -E cmake_progress_report /«BUILDDIR»/ldc-0.9.1+hg1634/CMakeFiles 
[ 32%] Building CXX object CMakeFiles/ldc.dir/dmd/version.c.o
/usr/bin/c++   -DDMDV1 -DIN_LLVM -D_DH -DOPAQUE_VTBLS -DPOSIX -DDEFAULT_TARGET_TRIPLE=\"x86_64-pc-linux-gnu\" -DDEFAULT_ALT_TARGET_TRIPLE=\"i686-pc-linux-gnu\" -DLDC_INSTALL_PREFIX=\"/usr\" -g -O2  -I/«BUILDDIR»/ldc-0.9.1+hg1634/. -I/«BUILDDIR»/ldc-0.9.1+hg1634/dmd -I/«BUILDDIR»/ldc-0.9.1+hg1634/dmd/root -I/«BUILDDIR»/ldc-0.9.1+hg1634 -I/usr/lib/llvm-3.0/include    -I/usr/lib/llvm-3.0/include  -DNDEBUG -D_GNU_SOURCE -D__STDC_CONSTANT_MACROS -D__STDC_FORMAT_MACROS -D__STDC_LIMIT_MACROS -g -O2 -fomit-frame-pointer -fno-exceptions -fPIC -Woverloaded-virtual -Wcast-qual  -Wno-deprecated -Wno-write-strings -o CMakeFiles/ldc.dir/dmd/version.c.o -c /«BUILDDIR»/ldc-0.9.1+hg1634/dmd/version.c
/usr/bin/cmake -E cmake_progress_report /«BUILDDIR»/ldc-0.9.1+hg1634/CMakeFiles 22
[ 34%] Building CXX object CMakeFiles/ldc.dir/dmd/dsymbol.c.o
/usr/bin/c++   -DDMDV1 -DIN_LLVM -D_DH -DOPAQUE_VTBLS -DPOSIX -DDEFAULT_TARGET_TRIPLE=\"x86_64-pc-linux-gnu\" -DDEFAULT_ALT_TARGET_TRIPLE=\"i686-pc-linux-gnu\" -DLDC_INSTALL_PREFIX=\"/usr\" -g -O2  -I/«BUILDDIR»/ldc-0.9.1+hg1634/. -I/«BUILDDIR»/ldc-0.9.1+hg1634/dmd -I/«BUILDDIR»/ldc-0.9.1+hg1634/dmd/root -I/«BUILDDIR»/ldc-0.9.1+hg1634 -I/usr/lib/llvm-3.0/include    -I/usr/lib/llvm-3.0/include  -DNDEBUG -D_GNU_SOURCE -D__STDC_CONSTANT_MACROS -D__STDC_FORMAT_MACROS -D__STDC_LIMIT_MACROS -g -O2 -fomit-frame-pointer -fno-exceptions -fPIC -Woverloaded-virtual -Wcast-qual  -Wno-deprecated -Wno-write-strings -o CMakeFiles/ldc.dir/dmd/dsymbol.c.o -c /«BUILDDIR»/ldc-0.9.1+hg1634/dmd/dsymbol.c
/usr/bin/cmake -E cmake_progress_report /«BUILDDIR»/ldc-0.9.1+hg1634/CMakeFiles 23
[ 35%] Building CXX object CMakeFiles/ldc.dir/dmd/cond.c.o
/usr/bin/c++   -DDMDV1 -DIN_LLVM -D_DH -DOPAQUE_VTBLS -DPOSIX -DDEFAULT_TARGET_TRIPLE=\"x86_64-pc-linux-gnu\" -DDEFAULT_ALT_TARGET_TRIPLE=\"i686-pc-linux-gnu\" -DLDC_INSTALL_PREFIX=\"/usr\" -g -O2  -I/«BUILDDIR»/ldc-0.9.1+hg1634/. -I/«BUILDDIR»/ldc-0.9.1+hg1634/dmd -I/«BUILDDIR»/ldc-0.9.1+hg1634/dmd/root -I/«BUILDDIR»/ldc-0.9.1+hg1634 -I/usr/lib/llvm-3.0/include    -I/usr/lib/llvm-3.0/include  -DNDEBUG -D_GNU_SOURCE -D__STDC_CONSTANT_MACROS -D__STDC_FORMAT_MACROS -D__STDC_LIMIT_MACROS -g -O2 -fomit-frame-pointer -fno-exceptions -fPIC -Woverloaded-virtual -Wcast-qual  -Wno-deprecated -Wno-write-strings -o CMakeFiles/ldc.dir/dmd/cond.c.o -c /«BUILDDIR»/ldc-0.9.1+hg1634/dmd/cond.c
/usr/bin/cmake -E cmake_progress_report /«BUILDDIR»/ldc-0.9.1+hg1634/CMakeFiles 
[ 35%] Building CXX object CMakeFiles/ldc.dir/dmd/lexer.c.o
/usr/bin/c++   -DDMDV1 -DIN_LLVM -D_DH -DOPAQUE_VTBLS -DPOSIX -DDEFAULT_TARGET_TRIPLE=\"x86_64-pc-linux-gnu\" -DDEFAULT_ALT_TARGET_TRIPLE=\"i686-pc-linux-gnu\" -DLDC_INSTALL_PREFIX=\"/usr\" -g -O2  -I/«BUILDDIR»/ldc-0.9.1+hg1634/. -I/«BUILDDIR»/ldc-0.9.1+hg1634/dmd -I/«BUILDDIR»/ldc-0.9.1+hg1634/dmd/root -I/«BUILDDIR»/ldc-0.9.1+hg1634 -I/usr/lib/llvm-3.0/include    -I/usr/lib/llvm-3.0/include  -DNDEBUG -D_GNU_SOURCE -D__STDC_CONSTANT_MACROS -D__STDC_FORMAT_MACROS -D__STDC_LIMIT_MACROS -g -O2 -fomit-frame-pointer -fno-exceptions -fPIC -Woverloaded-virtual -Wcast-qual  -Wno-deprecated -Wno-write-strings -o CMakeFiles/ldc.dir/dmd/lexer.c.o -c /«BUILDDIR»/ldc-0.9.1+hg1634/dmd/lexer.c
/«BUILDDIR»/ldc-0.9.1+hg1634/dmd/lexer.c:2238:7: warning: case value not in enumerated type 'enum FLAGS' [-Wswitch]
        case 0:
             ^
/«BUILDDIR»/ldc-0.9.1+hg1634/dmd/lexer.c:2266:21: warning: case value not in enumerated type 'enum FLAGS' [-Wswitch]
        case FLAGS_decimal | FLAGS_unsigned:
                           ^
/«BUILDDIR»/ldc-0.9.1+hg1634/dmd/lexer.c:2275:21: warning: case value not in enumerated type 'enum FLAGS' [-Wswitch]
        case FLAGS_decimal | FLAGS_long:
                           ^
/«BUILDDIR»/ldc-0.9.1+hg1634/dmd/lexer.c:2291:22: warning: case value not in enumerated type 'enum FLAGS' [-Wswitch]
        case FLAGS_unsigned | FLAGS_long:
                            ^
/«BUILDDIR»/ldc-0.9.1+hg1634/dmd/lexer.c:2292:38: warning: case value not in enumerated type 'enum FLAGS' [-Wswitch]
        case FLAGS_decimal | FLAGS_unsigned | FLAGS_long:
                                            ^
/«BUILDDIR»/ldc-0.9.1+hg1634/dmd/lexer.c:2390:8: warning: '&&' within '||' [-Wlogical-op-parentheses]
                        hex && (c == 'P' || c == 'p'))
                        ~~~~^~~~~~~~~~~~~~~~~~~~~~~~~
/«BUILDDIR»/ldc-0.9.1+hg1634/dmd/lexer.c:2390:8: note: place parentheses around the '&&' expression to silence this warning
                        hex && (c == 'P' || c == 'p'))
                            ^
                        (                            )
/«BUILDDIR»/ldc-0.9.1+hg1634/dmd/lexer.c:2476:10: warning: 211 enumeration values not handled in switch: 'TOKreserved', 'TOKlparen', 'TOKrparen'... [-Wswitch]
        switch (result)
                ^
7 warnings generated.
/usr/bin/cmake -E cmake_progress_report /«BUILDDIR»/ldc-0.9.1+hg1634/CMakeFiles 24
[ 37%] Building CXX object CMakeFiles/ldc.dir/dmd/html.c.o
/usr/bin/c++   -DDMDV1 -DIN_LLVM -D_DH -DOPAQUE_VTBLS -DPOSIX -DDEFAULT_TARGET_TRIPLE=\"x86_64-pc-linux-gnu\" -DDEFAULT_ALT_TARGET_TRIPLE=\"i686-pc-linux-gnu\" -DLDC_INSTALL_PREFIX=\"/usr\" -g -O2  -I/«BUILDDIR»/ldc-0.9.1+hg1634/. -I/«BUILDDIR»/ldc-0.9.1+hg1634/dmd -I/«BUILDDIR»/ldc-0.9.1+hg1634/dmd/root -I/«BUILDDIR»/ldc-0.9.1+hg1634 -I/usr/lib/llvm-3.0/include    -I/usr/lib/llvm-3.0/include  -DNDEBUG -D_GNU_SOURCE -D__STDC_CONSTANT_MACROS -D__STDC_FORMAT_MACROS -D__STDC_LIMIT_MACROS -g -O2 -fomit-frame-pointer -fno-exceptions -fPIC -Woverloaded-virtual -Wcast-qual  -Wno-deprecated -Wno-write-strings -o CMakeFiles/ldc.dir/dmd/html.c.o -c /«BUILDDIR»/ldc-0.9.1+hg1634/dmd/html.c
/usr/bin/cmake -E cmake_progress_report /«BUILDDIR»/ldc-0.9.1+hg1634/CMakeFiles 
[ 37%] Building CXX object CMakeFiles/ldc.dir/dmd/expression.c.o
/usr/bin/c++   -DDMDV1 -DIN_LLVM -D_DH -DOPAQUE_VTBLS -DPOSIX -DDEFAULT_TARGET_TRIPLE=\"x86_64-pc-linux-gnu\" -DDEFAULT_ALT_TARGET_TRIPLE=\"i686-pc-linux-gnu\" -DLDC_INSTALL_PREFIX=\"/usr\" -g -O2  -I/«BUILDDIR»/ldc-0.9.1+hg1634/. -I/«BUILDDIR»/ldc-0.9.1+hg1634/dmd -I/«BUILDDIR»/ldc-0.9.1+hg1634/dmd/root -I/«BUILDDIR»/ldc-0.9.1+hg1634 -I/usr/lib/llvm-3.0/include    -I/usr/lib/llvm-3.0/include  -DNDEBUG -D_GNU_SOURCE -D__STDC_CONSTANT_MACROS -D__STDC_FORMAT_MACROS -D__STDC_LIMIT_MACROS -g -O2 -fomit-frame-pointer -fno-exceptions -fPIC -Woverloaded-virtual -Wcast-qual  -Wno-deprecated -Wno-write-strings -o CMakeFiles/ldc.dir/dmd/expression.c.o -c /«BUILDDIR»/ldc-0.9.1+hg1634/dmd/expression.c
/«BUILDDIR»/ldc-0.9.1+hg1634/dmd/expression.c:853:11: warning: 41 enumeration values not handled in switch: 'Tarray', 'Tsarray', 'Taarray'... [-Wswitch]
                switch (arg->type->ty)
                        ^
/«BUILDDIR»/ldc-0.9.1+hg1634/dmd/expression.c:1016:33: warning: destination for this 'memcpy' call is a pointer to dynamic class 'Expression'; vtable pointer will be overwritten [-Wdynamic-class-memaccess]
    return (Expression *)memcpy(e, this, size);
                         ~~~~~~ ^
/«BUILDDIR»/ldc-0.9.1+hg1634/dmd/expression.c:1016:33: note: explicitly cast the pointer to silence this warning
    return (Expression *)memcpy(e, this, size);
                                ^
                                (void*)
/«BUILDDIR»/ldc-0.9.1+hg1634/dmd/expression.c:6487:29: warning: '&&' within '||' [-Wlogical-op-parentheses]
    if (e1->op == TOKdotvar && t1->ty == Tfunction ||
        ~~~~~~~~~~~~~~~~~~~~^~~~~~~~~~~~~~~~~~~~~~ ~~
/«BUILDDIR»/ldc-0.9.1+hg1634/dmd/expression.c:6487:29: note: place parentheses around the '&&' expression to silence this warning
    if (e1->op == TOKdotvar && t1->ty == Tfunction ||
                            ^
        (                                         )
/«BUILDDIR»/ldc-0.9.1+hg1634/dmd/expression.c:8573:2: warning: '/*' within block comment [-Wcomment]
        /* Do not allow appending wchar to char[] because if wchar happens
        ^
/«BUILDDIR»/ldc-0.9.1+hg1634/dmd/expression.c:8919:31: warning: '&&' within '||' [-Wlogical-op-parentheses]
        else if (tb1->ty == Tpointer && e2->type->isintegral() ||
                 ~~~~~~~~~~~~~~~~~~~~^~~~~~~~~~~~~~~~~~~~~~~~~ ~~
/«BUILDDIR»/ldc-0.9.1+hg1634/dmd/expression.c:8919:31: note: place parentheses around the '&&' expression to silence this warning
        else if (tb1->ty == Tpointer && e2->type->isintegral() ||
                                     ^
                 (                                            )
/«BUILDDIR»/ldc-0.9.1+hg1634/dmd/expression.c:8920:26: warning: '&&' within '||' [-Wlogical-op-parentheses]
            tb2->ty == Tpointer && e1->type->isintegral())
            ~~~~~~~~~~~~~~~~~~~~^~~~~~~~~~~~~~~~~~~~~~~~~
/«BUILDDIR»/ldc-0.9.1+hg1634/dmd/expression.c:8920:26: note: place parentheses around the '&&' expression to silence this warning
            tb2->ty == Tpointer && e1->type->isintegral())
                                ^
            (                                            )
/«BUILDDIR»/ldc-0.9.1+hg1634/dmd/expression.c:9706:26: warning: '&&' within '||' [-Wlogical-op-parentheses]
    if (t1->ty == Tclass && e2->op == TOKnull ||
        ~~~~~~~~~~~~~~~~~^~~~~~~~~~~~~~~~~~~~ ~~
/«BUILDDIR»/ldc-0.9.1+hg1634/dmd/expression.c:9706:26: note: place parentheses around the '&&' expression to silence this warning
    if (t1->ty == Tclass && e2->op == TOKnull ||
                         ^
        (                                    )
/«BUILDDIR»/ldc-0.9.1+hg1634/dmd/expression.c:9707:19: warning: '&&' within '||' [-Wlogical-op-parentheses]
        t2->ty == Tclass && e1->op == TOKnull)
        ~~~~~~~~~~~~~~~~~^~~~~~~~~~~~~~~~~~~~
/«BUILDDIR»/ldc-0.9.1+hg1634/dmd/expression.c:9707:19: note: place parentheses around the '&&' expression to silence this warning
        t2->ty == Tclass && e1->op == TOKnull)
                         ^
        (                                    )
/«BUILDDIR»/ldc-0.9.1+hg1634/dmd/expression.c:9729:48: warning: '&&' within '||' [-Wlogical-op-parentheses]
    if (e1->op == TOKslice && t1->ty == Tarray && e2->implicitConvTo(t1->nextOf()) ||
        ~~~~~~~~~~~~~~~~~~~~~~~~~~~~~~~~~~~~~~~^~~~~~~~~~~~~~~~~~~~~~~~~~~~~~~~~~~ ~~
/«BUILDDIR»/ldc-0.9.1+hg1634/dmd/expression.c:9729:48: note: place parentheses around the '&&' expression to silence this warning
    if (e1->op == TOKslice && t1->ty == Tarray && e2->implicitConvTo(t1->nextOf()) ||
                                               ^
        (                                                                         )
/«BUILDDIR»/ldc-0.9.1+hg1634/dmd/expression.c:9730:41: warning: '&&' within '||' [-Wlogical-op-parentheses]
        e2->op == TOKslice && t2->ty == Tarray && e1->implicitConvTo(t2->nextOf()))
        ~~~~~~~~~~~~~~~~~~~~~~~~~~~~~~~~~~~~~~~^~~~~~~~~~~~~~~~~~~~~~~~~~~~~~~~~~~
/«BUILDDIR»/ldc-0.9.1+hg1634/dmd/expression.c:9730:41: note: place parentheses around the '&&' expression to silence this warning
        e2->op == TOKslice && t2->ty == Tarray && e1->implicitConvTo(t2->nextOf()))
                                               ^
        (                                                                         )
/«BUILDDIR»/ldc-0.9.1+hg1634/dmd/expression.c:9817:26: warning: '&&' within '||' [-Wlogical-op-parentheses]
    if (t1->ty == Tclass && e2->op == TOKnull ||
        ~~~~~~~~~~~~~~~~~^~~~~~~~~~~~~~~~~~~~ ~~
/«BUILDDIR»/ldc-0.9.1+hg1634/dmd/expression.c:9817:26: note: place parentheses around the '&&' expression to silence this warning
    if (t1->ty == Tclass && e2->op == TOKnull ||
                         ^
        (                                    )
/«BUILDDIR»/ldc-0.9.1+hg1634/dmd/expression.c:9818:19: warning: '&&' within '||' [-Wlogical-op-parentheses]
        t2->ty == Tclass && e1->op == TOKnull)
        ~~~~~~~~~~~~~~~~~^~~~~~~~~~~~~~~~~~~~
/«BUILDDIR»/ldc-0.9.1+hg1634/dmd/expression.c:9818:19: note: place parentheses around the '&&' expression to silence this warning
        t2->ty == Tclass && e1->op == TOKnull)
                         ^
        (                                    )
/«BUILDDIR»/ldc-0.9.1+hg1634/dmd/expression.c:9841:48: warning: '&&' within '||' [-Wlogical-op-parentheses]
    if (e1->op == TOKslice && t1->ty == Tarray && e2->implicitConvTo(t1->nextOf()) ||
        ~~~~~~~~~~~~~~~~~~~~~~~~~~~~~~~~~~~~~~~^~~~~~~~~~~~~~~~~~~~~~~~~~~~~~~~~~~ ~~
/«BUILDDIR»/ldc-0.9.1+hg1634/dmd/expression.c:9841:48: note: place parentheses around the '&&' expression to silence this warning
    if (e1->op == TOKslice && t1->ty == Tarray && e2->implicitConvTo(t1->nextOf()) ||
                                               ^
        (                                                                         )
/«BUILDDIR»/ldc-0.9.1+hg1634/dmd/expression.c:9842:41: warning: '&&' within '||' [-Wlogical-op-parentheses]
        e2->op == TOKslice && t2->ty == Tarray && e1->implicitConvTo(t2->nextOf()))
        ~~~~~~~~~~~~~~~~~~~~~~~~~~~~~~~~~~~~~~~^~~~~~~~~~~~~~~~~~~~~~~~~~~~~~~~~~~
/«BUILDDIR»/ldc-0.9.1+hg1634/dmd/expression.c:9842:41: note: place parentheses around the '&&' expression to silence this warning
        e2->op == TOKslice && t2->ty == Tarray && e1->implicitConvTo(t2->nextOf()))
                                               ^
        (                                                                         )
/«BUILDDIR»/ldc-0.9.1+hg1634/dmd/expression.c:9984:10: warning: 40 enumeration values not handled in switch: 'Tarray', 'Tsarray', 'Taarray'... [-Wswitch]
        switch (e1->type->toBasetype()->ty)
                ^
/«BUILDDIR»/ldc-0.9.1+hg1634/dmd/expression.c:9992:10: warning: 40 enumeration values not handled in switch: 'Tarray', 'Tsarray', 'Taarray'... [-Wswitch]
        switch (e2->type->toBasetype()->ty)
                ^
16 warnings generated.
/usr/bin/cmake -E cmake_progress_report /«BUILDDIR»/ldc-0.9.1+hg1634/CMakeFiles 25
[ 39%] Building CXX object CMakeFiles/ldc.dir/dmd/dump.c.o
/usr/bin/c++   -DDMDV1 -DIN_LLVM -D_DH -DOPAQUE_VTBLS -DPOSIX -DDEFAULT_TARGET_TRIPLE=\"x86_64-pc-linux-gnu\" -DDEFAULT_ALT_TARGET_TRIPLE=\"i686-pc-linux-gnu\" -DLDC_INSTALL_PREFIX=\"/usr\" -g -O2  -I/«BUILDDIR»/ldc-0.9.1+hg1634/. -I/«BUILDDIR»/ldc-0.9.1+hg1634/dmd -I/«BUILDDIR»/ldc-0.9.1+hg1634/dmd/root -I/«BUILDDIR»/ldc-0.9.1+hg1634 -I/usr/lib/llvm-3.0/include    -I/usr/lib/llvm-3.0/include  -DNDEBUG -D_GNU_SOURCE -D__STDC_CONSTANT_MACROS -D__STDC_FORMAT_MACROS -D__STDC_LIMIT_MACROS -g -O2 -fomit-frame-pointer -fno-exceptions -fPIC -Woverloaded-virtual -Wcast-qual  -Wno-deprecated -Wno-write-strings -o CMakeFiles/ldc.dir/dmd/dump.c.o -c /«BUILDDIR»/ldc-0.9.1+hg1634/dmd/dump.c
/usr/bin/cmake -E cmake_progress_report /«BUILDDIR»/ldc-0.9.1+hg1634/CMakeFiles 26
[ 40%] Building CXX object CMakeFiles/ldc.dir/dmd/arrayop.c.o
/usr/bin/c++   -DDMDV1 -DIN_LLVM -D_DH -DOPAQUE_VTBLS -DPOSIX -DDEFAULT_TARGET_TRIPLE=\"x86_64-pc-linux-gnu\" -DDEFAULT_ALT_TARGET_TRIPLE=\"i686-pc-linux-gnu\" -DLDC_INSTALL_PREFIX=\"/usr\" -g -O2  -I/«BUILDDIR»/ldc-0.9.1+hg1634/. -I/«BUILDDIR»/ldc-0.9.1+hg1634/dmd -I/«BUILDDIR»/ldc-0.9.1+hg1634/dmd/root -I/«BUILDDIR»/ldc-0.9.1+hg1634 -I/usr/lib/llvm-3.0/include    -I/usr/lib/llvm-3.0/include  -DNDEBUG -D_GNU_SOURCE -D__STDC_CONSTANT_MACROS -D__STDC_FORMAT_MACROS -D__STDC_LIMIT_MACROS -g -O2 -fomit-frame-pointer -fno-exceptions -fPIC -Woverloaded-virtual -Wcast-qual  -Wno-deprecated -Wno-write-strings -o CMakeFiles/ldc.dir/dmd/arrayop.c.o -c /«BUILDDIR»/ldc-0.9.1+hg1634/dmd/arrayop.c
/usr/bin/cmake -E cmake_progress_report /«BUILDDIR»/ldc-0.9.1+hg1634/CMakeFiles 
[ 40%] Building CXX object CMakeFiles/ldc.dir/dmd/import.c.o
/usr/bin/c++   -DDMDV1 -DIN_LLVM -D_DH -DOPAQUE_VTBLS -DPOSIX -DDEFAULT_TARGET_TRIPLE=\"x86_64-pc-linux-gnu\" -DDEFAULT_ALT_TARGET_TRIPLE=\"i686-pc-linux-gnu\" -DLDC_INSTALL_PREFIX=\"/usr\" -g -O2  -I/«BUILDDIR»/ldc-0.9.1+hg1634/. -I/«BUILDDIR»/ldc-0.9.1+hg1634/dmd -I/«BUILDDIR»/ldc-0.9.1+hg1634/dmd/root -I/«BUILDDIR»/ldc-0.9.1+hg1634 -I/usr/lib/llvm-3.0/include    -I/usr/lib/llvm-3.0/include  -DNDEBUG -D_GNU_SOURCE -D__STDC_CONSTANT_MACROS -D__STDC_FORMAT_MACROS -D__STDC_LIMIT_MACROS -g -O2 -fomit-frame-pointer -fno-exceptions -fPIC -Woverloaded-virtual -Wcast-qual  -Wno-deprecated -Wno-write-strings -o CMakeFiles/ldc.dir/dmd/import.c.o -c /«BUILDDIR»/ldc-0.9.1+hg1634/dmd/import.c
/usr/bin/cmake -E cmake_progress_report /«BUILDDIR»/ldc-0.9.1+hg1634/CMakeFiles 27
[ 42%] Building CXX object CMakeFiles/ldc.dir/dmd/mangle.c.o
/usr/bin/c++   -DDMDV1 -DIN_LLVM -D_DH -DOPAQUE_VTBLS -DPOSIX -DDEFAULT_TARGET_TRIPLE=\"x86_64-pc-linux-gnu\" -DDEFAULT_ALT_TARGET_TRIPLE=\"i686-pc-linux-gnu\" -DLDC_INSTALL_PREFIX=\"/usr\" -g -O2  -I/«BUILDDIR»/ldc-0.9.1+hg1634/. -I/«BUILDDIR»/ldc-0.9.1+hg1634/dmd -I/«BUILDDIR»/ldc-0.9.1+hg1634/dmd/root -I/«BUILDDIR»/ldc-0.9.1+hg1634 -I/usr/lib/llvm-3.0/include    -I/usr/lib/llvm-3.0/include  -DNDEBUG -D_GNU_SOURCE -D__STDC_CONSTANT_MACROS -D__STDC_FORMAT_MACROS -D__STDC_LIMIT_MACROS -g -O2 -fomit-frame-pointer -fno-exceptions -fPIC -Woverloaded-virtual -Wcast-qual  -Wno-deprecated -Wno-write-strings -o CMakeFiles/ldc.dir/dmd/mangle.c.o -c /«BUILDDIR»/ldc-0.9.1+hg1634/dmd/mangle.c
/usr/bin/cmake -E cmake_progress_report /«BUILDDIR»/ldc-0.9.1+hg1634/CMakeFiles 
[ 42%] Building CXX object CMakeFiles/ldc.dir/dmd/identifier.c.o
/usr/bin/c++   -DDMDV1 -DIN_LLVM -D_DH -DOPAQUE_VTBLS -DPOSIX -DDEFAULT_TARGET_TRIPLE=\"x86_64-pc-linux-gnu\" -DDEFAULT_ALT_TARGET_TRIPLE=\"i686-pc-linux-gnu\" -DLDC_INSTALL_PREFIX=\"/usr\" -g -O2  -I/«BUILDDIR»/ldc-0.9.1+hg1634/. -I/«BUILDDIR»/ldc-0.9.1+hg1634/dmd -I/«BUILDDIR»/ldc-0.9.1+hg1634/dmd/root -I/«BUILDDIR»/ldc-0.9.1+hg1634 -I/usr/lib/llvm-3.0/include    -I/usr/lib/llvm-3.0/include  -DNDEBUG -D_GNU_SOURCE -D__STDC_CONSTANT_MACROS -D__STDC_FORMAT_MACROS -D__STDC_LIMIT_MACROS -g -O2 -fomit-frame-pointer -fno-exceptions -fPIC -Woverloaded-virtual -Wcast-qual  -Wno-deprecated -Wno-write-strings -o CMakeFiles/ldc.dir/dmd/identifier.c.o -c /«BUILDDIR»/ldc-0.9.1+hg1634/dmd/identifier.c
/usr/bin/cmake -E cmake_progress_report /«BUILDDIR»/ldc-0.9.1+hg1634/CMakeFiles 28
[ 43%] Building CXX object CMakeFiles/ldc.dir/dmd/module.c.o
/usr/bin/c++   -DDMDV1 -DIN_LLVM -D_DH -DOPAQUE_VTBLS -DPOSIX -DDEFAULT_TARGET_TRIPLE=\"x86_64-pc-linux-gnu\" -DDEFAULT_ALT_TARGET_TRIPLE=\"i686-pc-linux-gnu\" -DLDC_INSTALL_PREFIX=\"/usr\" -g -O2  -I/«BUILDDIR»/ldc-0.9.1+hg1634/. -I/«BUILDDIR»/ldc-0.9.1+hg1634/dmd -I/«BUILDDIR»/ldc-0.9.1+hg1634/dmd/root -I/«BUILDDIR»/ldc-0.9.1+hg1634 -I/usr/lib/llvm-3.0/include    -I/usr/lib/llvm-3.0/include  -DNDEBUG -D_GNU_SOURCE -D__STDC_CONSTANT_MACROS -D__STDC_FORMAT_MACROS -D__STDC_LIMIT_MACROS -g -O2 -fomit-frame-pointer -fno-exceptions -fPIC -Woverloaded-virtual -Wcast-qual  -Wno-deprecated -Wno-write-strings -o CMakeFiles/ldc.dir/dmd/module.c.o -c /«BUILDDIR»/ldc-0.9.1+hg1634/dmd/module.c
/usr/bin/cmake -E cmake_progress_report /«BUILDDIR»/ldc-0.9.1+hg1634/CMakeFiles 
[ 43%] Building CXX object CMakeFiles/ldc.dir/dmd/staticassert.c.o
/usr/bin/c++   -DDMDV1 -DIN_LLVM -D_DH -DOPAQUE_VTBLS -DPOSIX -DDEFAULT_TARGET_TRIPLE=\"x86_64-pc-linux-gnu\" -DDEFAULT_ALT_TARGET_TRIPLE=\"i686-pc-linux-gnu\" -DLDC_INSTALL_PREFIX=\"/usr\" -g -O2  -I/«BUILDDIR»/ldc-0.9.1+hg1634/. -I/«BUILDDIR»/ldc-0.9.1+hg1634/dmd -I/«BUILDDIR»/ldc-0.9.1+hg1634/dmd/root -I/«BUILDDIR»/ldc-0.9.1+hg1634 -I/usr/lib/llvm-3.0/include    -I/usr/lib/llvm-3.0/include  -DNDEBUG -D_GNU_SOURCE -D__STDC_CONSTANT_MACROS -D__STDC_FORMAT_MACROS -D__STDC_LIMIT_MACROS -g -O2 -fomit-frame-pointer -fno-exceptions -fPIC -Woverloaded-virtual -Wcast-qual  -Wno-deprecated -Wno-write-strings -o CMakeFiles/ldc.dir/dmd/staticassert.c.o -c /«BUILDDIR»/ldc-0.9.1+hg1634/dmd/staticassert.c
/usr/bin/cmake -E cmake_progress_report /«BUILDDIR»/ldc-0.9.1+hg1634/CMakeFiles 29
[ 45%] Building CXX object CMakeFiles/ldc.dir/dmd/attrib.c.o
/usr/bin/c++   -DDMDV1 -DIN_LLVM -D_DH -DOPAQUE_VTBLS -DPOSIX -DDEFAULT_TARGET_TRIPLE=\"x86_64-pc-linux-gnu\" -DDEFAULT_ALT_TARGET_TRIPLE=\"i686-pc-linux-gnu\" -DLDC_INSTALL_PREFIX=\"/usr\" -g -O2  -I/«BUILDDIR»/ldc-0.9.1+hg1634/. -I/«BUILDDIR»/ldc-0.9.1+hg1634/dmd -I/«BUILDDIR»/ldc-0.9.1+hg1634/dmd/root -I/«BUILDDIR»/ldc-0.9.1+hg1634 -I/usr/lib/llvm-3.0/include    -I/usr/lib/llvm-3.0/include  -DNDEBUG -D_GNU_SOURCE -D__STDC_CONSTANT_MACROS -D__STDC_FORMAT_MACROS -D__STDC_LIMIT_MACROS -g -O2 -fomit-frame-pointer -fno-exceptions -fPIC -Woverloaded-virtual -Wcast-qual  -Wno-deprecated -Wno-write-strings -o CMakeFiles/ldc.dir/dmd/attrib.c.o -c /«BUILDDIR»/ldc-0.9.1+hg1634/dmd/attrib.c
/«BUILDDIR»/ldc-0.9.1+hg1634/dmd/attrib.c:966:23: warning: format string is not a string literal (potentially insecure) [-Wformat-security]
                    fprintf(stdmsg, e->toChars());
                                    ^~~~~~~~~~~~
1 warning generated.
/usr/bin/cmake -E cmake_progress_report /«BUILDDIR»/ldc-0.9.1+hg1634/CMakeFiles 30
[ 46%] Building CXX object CMakeFiles/ldc.dir/dmd/root/port.c.o
/usr/bin/c++   -DDMDV1 -DIN_LLVM -D_DH -DOPAQUE_VTBLS -DPOSIX -DDEFAULT_TARGET_TRIPLE=\"x86_64-pc-linux-gnu\" -DDEFAULT_ALT_TARGET_TRIPLE=\"i686-pc-linux-gnu\" -DLDC_INSTALL_PREFIX=\"/usr\" -g -O2  -I/«BUILDDIR»/ldc-0.9.1+hg1634/. -I/«BUILDDIR»/ldc-0.9.1+hg1634/dmd -I/«BUILDDIR»/ldc-0.9.1+hg1634/dmd/root -I/«BUILDDIR»/ldc-0.9.1+hg1634 -I/usr/lib/llvm-3.0/include    -I/usr/lib/llvm-3.0/include  -DNDEBUG -D_GNU_SOURCE -D__STDC_CONSTANT_MACROS -D__STDC_FORMAT_MACROS -D__STDC_LIMIT_MACROS -g -O2 -fomit-frame-pointer -fno-exceptions -fPIC -Woverloaded-virtual -Wcast-qual  -Wno-deprecated -Wno-write-strings -o CMakeFiles/ldc.dir/dmd/root/port.c.o -c /«BUILDDIR»/ldc-0.9.1+hg1634/dmd/root/port.c
/usr/bin/cmake -E cmake_progress_report /«BUILDDIR»/ldc-0.9.1+hg1634/CMakeFiles 
[ 46%] Building CXX object CMakeFiles/ldc.dir/dmd/root/gnuc.c.o
/usr/bin/c++   -DDMDV1 -DIN_LLVM -D_DH -DOPAQUE_VTBLS -DPOSIX -DDEFAULT_TARGET_TRIPLE=\"x86_64-pc-linux-gnu\" -DDEFAULT_ALT_TARGET_TRIPLE=\"i686-pc-linux-gnu\" -DLDC_INSTALL_PREFIX=\"/usr\" -g -O2  -I/«BUILDDIR»/ldc-0.9.1+hg1634/. -I/«BUILDDIR»/ldc-0.9.1+hg1634/dmd -I/«BUILDDIR»/ldc-0.9.1+hg1634/dmd/root -I/«BUILDDIR»/ldc-0.9.1+hg1634 -I/usr/lib/llvm-3.0/include    -I/usr/lib/llvm-3.0/include  -DNDEBUG -D_GNU_SOURCE -D__STDC_CONSTANT_MACROS -D__STDC_FORMAT_MACROS -D__STDC_LIMIT_MACROS -g -O2 -fomit-frame-pointer -fno-exceptions -fPIC -Woverloaded-virtual -Wcast-qual  -Wno-deprecated -Wno-write-strings -o CMakeFiles/ldc.dir/dmd/root/gnuc.c.o -c /«BUILDDIR»/ldc-0.9.1+hg1634/dmd/root/gnuc.c
/usr/bin/cmake -E cmake_progress_report /«BUILDDIR»/ldc-0.9.1+hg1634/CMakeFiles 31
[ 48%] Building CXX object CMakeFiles/ldc.dir/dmd/root/async.c.o
/usr/bin/c++   -DDMDV1 -DIN_LLVM -D_DH -DOPAQUE_VTBLS -DPOSIX -DDEFAULT_TARGET_TRIPLE=\"x86_64-pc-linux-gnu\" -DDEFAULT_ALT_TARGET_TRIPLE=\"i686-pc-linux-gnu\" -DLDC_INSTALL_PREFIX=\"/usr\" -g -O2  -I/«BUILDDIR»/ldc-0.9.1+hg1634/. -I/«BUILDDIR»/ldc-0.9.1+hg1634/dmd -I/«BUILDDIR»/ldc-0.9.1+hg1634/dmd/root -I/«BUILDDIR»/ldc-0.9.1+hg1634 -I/usr/lib/llvm-3.0/include    -I/usr/lib/llvm-3.0/include  -DNDEBUG -D_GNU_SOURCE -D__STDC_CONSTANT_MACROS -D__STDC_FORMAT_MACROS -D__STDC_LIMIT_MACROS -g -O2 -fomit-frame-pointer -fno-exceptions -fPIC -Woverloaded-virtual -Wcast-qual  -Wno-deprecated -Wno-write-strings -o CMakeFiles/ldc.dir/dmd/root/async.c.o -c /«BUILDDIR»/ldc-0.9.1+hg1634/dmd/root/async.c
/usr/bin/cmake -E cmake_progress_report /«BUILDDIR»/ldc-0.9.1+hg1634/CMakeFiles 
[ 48%] Building CXX object CMakeFiles/ldc.dir/dmd/root/root.c.o
/usr/bin/c++   -DDMDV1 -DIN_LLVM -D_DH -DOPAQUE_VTBLS -DPOSIX -DDEFAULT_TARGET_TRIPLE=\"x86_64-pc-linux-gnu\" -DDEFAULT_ALT_TARGET_TRIPLE=\"i686-pc-linux-gnu\" -DLDC_INSTALL_PREFIX=\"/usr\" -g -O2  -I/«BUILDDIR»/ldc-0.9.1+hg1634/. -I/«BUILDDIR»/ldc-0.9.1+hg1634/dmd -I/«BUILDDIR»/ldc-0.9.1+hg1634/dmd/root -I/«BUILDDIR»/ldc-0.9.1+hg1634 -I/usr/lib/llvm-3.0/include    -I/usr/lib/llvm-3.0/include  -DNDEBUG -D_GNU_SOURCE -D__STDC_CONSTANT_MACROS -D__STDC_FORMAT_MACROS -D__STDC_LIMIT_MACROS -g -O2 -fomit-frame-pointer -fno-exceptions -fPIC -Woverloaded-virtual -Wcast-qual  -Wno-deprecated -Wno-write-strings -o CMakeFiles/ldc.dir/dmd/root/root.c.o -c /«BUILDDIR»/ldc-0.9.1+hg1634/dmd/root/root.c
/usr/bin/cmake -E cmake_progress_report /«BUILDDIR»/ldc-0.9.1+hg1634/CMakeFiles 32
[ 50%] Building CXX object CMakeFiles/ldc.dir/dmd/root/array.c.o
/usr/bin/c++   -DDMDV1 -DIN_LLVM -D_DH -DOPAQUE_VTBLS -DPOSIX -DDEFAULT_TARGET_TRIPLE=\"x86_64-pc-linux-gnu\" -DDEFAULT_ALT_TARGET_TRIPLE=\"i686-pc-linux-gnu\" -DLDC_INSTALL_PREFIX=\"/usr\" -g -O2  -I/«BUILDDIR»/ldc-0.9.1+hg1634/. -I/«BUILDDIR»/ldc-0.9.1+hg1634/dmd -I/«BUILDDIR»/ldc-0.9.1+hg1634/dmd/root -I/«BUILDDIR»/ldc-0.9.1+hg1634 -I/usr/lib/llvm-3.0/include    -I/usr/lib/llvm-3.0/include  -DNDEBUG -D_GNU_SOURCE -D__STDC_CONSTANT_MACROS -D__STDC_FORMAT_MACROS -D__STDC_LIMIT_MACROS -g -O2 -fomit-frame-pointer -fno-exceptions -fPIC -Woverloaded-virtual -Wcast-qual  -Wno-deprecated -Wno-write-strings -o CMakeFiles/ldc.dir/dmd/root/array.c.o -c /«BUILDDIR»/ldc-0.9.1+hg1634/dmd/root/array.c
/usr/bin/cmake -E cmake_progress_report /«BUILDDIR»/ldc-0.9.1+hg1634/CMakeFiles 
[ 50%] Building CXX object CMakeFiles/ldc.dir/dmd/root/lstring.c.o
/usr/bin/c++   -DDMDV1 -DIN_LLVM -D_DH -DOPAQUE_VTBLS -DPOSIX -DDEFAULT_TARGET_TRIPLE=\"x86_64-pc-linux-gnu\" -DDEFAULT_ALT_TARGET_TRIPLE=\"i686-pc-linux-gnu\" -DLDC_INSTALL_PREFIX=\"/usr\" -g -O2  -I/«BUILDDIR»/ldc-0.9.1+hg1634/. -I/«BUILDDIR»/ldc-0.9.1+hg1634/dmd -I/«BUILDDIR»/ldc-0.9.1+hg1634/dmd/root -I/«BUILDDIR»/ldc-0.9.1+hg1634 -I/usr/lib/llvm-3.0/include    -I/usr/lib/llvm-3.0/include  -DNDEBUG -D_GNU_SOURCE -D__STDC_CONSTANT_MACROS -D__STDC_FORMAT_MACROS -D__STDC_LIMIT_MACROS -g -O2 -fomit-frame-pointer -fno-exceptions -fPIC -Woverloaded-virtual -Wcast-qual  -Wno-deprecated -Wno-write-strings -o CMakeFiles/ldc.dir/dmd/root/lstring.c.o -c /«BUILDDIR»/ldc-0.9.1+hg1634/dmd/root/lstring.c
/usr/bin/cmake -E cmake_progress_report /«BUILDDIR»/ldc-0.9.1+hg1634/CMakeFiles 33
[ 51%] Building CXX object CMakeFiles/ldc.dir/dmd/root/stringtable.c.o
/usr/bin/c++   -DDMDV1 -DIN_LLVM -D_DH -DOPAQUE_VTBLS -DPOSIX -DDEFAULT_TARGET_TRIPLE=\"x86_64-pc-linux-gnu\" -DDEFAULT_ALT_TARGET_TRIPLE=\"i686-pc-linux-gnu\" -DLDC_INSTALL_PREFIX=\"/usr\" -g -O2  -I/«BUILDDIR»/ldc-0.9.1+hg1634/. -I/«BUILDDIR»/ldc-0.9.1+hg1634/dmd -I/«BUILDDIR»/ldc-0.9.1+hg1634/dmd/root -I/«BUILDDIR»/ldc-0.9.1+hg1634 -I/usr/lib/llvm-3.0/include    -I/usr/lib/llvm-3.0/include  -DNDEBUG -D_GNU_SOURCE -D__STDC_CONSTANT_MACROS -D__STDC_FORMAT_MACROS -D__STDC_LIMIT_MACROS -g -O2 -fomit-frame-pointer -fno-exceptions -fPIC -Woverloaded-virtual -Wcast-qual  -Wno-deprecated -Wno-write-strings -o CMakeFiles/ldc.dir/dmd/root/stringtable.c.o -c /«BUILDDIR»/ldc-0.9.1+hg1634/dmd/root/stringtable.c
/usr/bin/cmake -E cmake_progress_report /«BUILDDIR»/ldc-0.9.1+hg1634/CMakeFiles 34
[ 53%] Building CXX object CMakeFiles/ldc.dir/dmd/root/man.c.o
/usr/bin/c++   -DDMDV1 -DIN_LLVM -D_DH -DOPAQUE_VTBLS -DPOSIX -DDEFAULT_TARGET_TRIPLE=\"x86_64-pc-linux-gnu\" -DDEFAULT_ALT_TARGET_TRIPLE=\"i686-pc-linux-gnu\" -DLDC_INSTALL_PREFIX=\"/usr\" -g -O2  -I/«BUILDDIR»/ldc-0.9.1+hg1634/. -I/«BUILDDIR»/ldc-0.9.1+hg1634/dmd -I/«BUILDDIR»/ldc-0.9.1+hg1634/dmd/root -I/«BUILDDIR»/ldc-0.9.1+hg1634 -I/usr/lib/llvm-3.0/include    -I/usr/lib/llvm-3.0/include  -DNDEBUG -D_GNU_SOURCE -D__STDC_CONSTANT_MACROS -D__STDC_FORMAT_MACROS -D__STDC_LIMIT_MACROS -g -O2 -fomit-frame-pointer -fno-exceptions -fPIC -Woverloaded-virtual -Wcast-qual  -Wno-deprecated -Wno-write-strings -o CMakeFiles/ldc.dir/dmd/root/man.c.o -c /«BUILDDIR»/ldc-0.9.1+hg1634/dmd/root/man.c
/usr/bin/cmake -E cmake_progress_report /«BUILDDIR»/ldc-0.9.1+hg1634/CMakeFiles 
[ 53%] Building CXX object CMakeFiles/ldc.dir/dmd/root/dchar.c.o
/usr/bin/c++   -DDMDV1 -DIN_LLVM -D_DH -DOPAQUE_VTBLS -DPOSIX -DDEFAULT_TARGET_TRIPLE=\"x86_64-pc-linux-gnu\" -DDEFAULT_ALT_TARGET_TRIPLE=\"i686-pc-linux-gnu\" -DLDC_INSTALL_PREFIX=\"/usr\" -g -O2  -I/«BUILDDIR»/ldc-0.9.1+hg1634/. -I/«BUILDDIR»/ldc-0.9.1+hg1634/dmd -I/«BUILDDIR»/ldc-0.9.1+hg1634/dmd/root -I/«BUILDDIR»/ldc-0.9.1+hg1634 -I/usr/lib/llvm-3.0/include    -I/usr/lib/llvm-3.0/include  -DNDEBUG -D_GNU_SOURCE -D__STDC_CONSTANT_MACROS -D__STDC_FORMAT_MACROS -D__STDC_LIMIT_MACROS -g -O2 -fomit-frame-pointer -fno-exceptions -fPIC -Woverloaded-virtual -Wcast-qual  -Wno-deprecated -Wno-write-strings -o CMakeFiles/ldc.dir/dmd/root/dchar.c.o -c /«BUILDDIR»/ldc-0.9.1+hg1634/dmd/root/dchar.c
/usr/bin/cmake -E cmake_progress_report /«BUILDDIR»/ldc-0.9.1+hg1634/CMakeFiles 35
[ 54%] Building CXX object CMakeFiles/ldc.dir/gen/main.cpp.o
/usr/bin/c++   -DDMDV1 -DIN_LLVM -D_DH -DOPAQUE_VTBLS -DPOSIX -DDEFAULT_TARGET_TRIPLE=\"x86_64-pc-linux-gnu\" -DDEFAULT_ALT_TARGET_TRIPLE=\"i686-pc-linux-gnu\" -DLDC_INSTALL_PREFIX=\"/usr\" -g -O2  -I/«BUILDDIR»/ldc-0.9.1+hg1634/. -I/«BUILDDIR»/ldc-0.9.1+hg1634/dmd -I/«BUILDDIR»/ldc-0.9.1+hg1634/dmd/root -I/«BUILDDIR»/ldc-0.9.1+hg1634 -I/usr/lib/llvm-3.0/include    -I/usr/lib/llvm-3.0/include  -DNDEBUG -D_GNU_SOURCE -D__STDC_CONSTANT_MACROS -D__STDC_FORMAT_MACROS -D__STDC_LIMIT_MACROS -g -O2 -fomit-frame-pointer -fno-exceptions -fPIC -Woverloaded-virtual -Wcast-qual  -Wno-deprecated -Wno-write-strings -o CMakeFiles/ldc.dir/gen/main.cpp.o -c /«BUILDDIR»/ldc-0.9.1+hg1634/gen/main.cpp
/«BUILDDIR»/ldc-0.9.1+hg1634/gen/main.cpp:11:10: fatal error: 'llvm/System/Signals.h' file not found
#include "llvm/System/Signals.h"
         ^
1 error generated.
make[3]: *** [CMakeFiles/ldc.dir/gen/main.cpp.o] Error 1
make[3]: Leaving directory `/«BUILDDIR»/ldc-0.9.1+hg1634'
make[2]: *** [CMakeFiles/ldc.dir/all] Error 2
make[2]: Leaving directory `/«BUILDDIR»/ldc-0.9.1+hg1634'
make[1]: *** [all] Error 2
make[1]: Leaving directory `/«BUILDDIR»/ldc-0.9.1+hg1634'
make: *** [build-stamp] Error 2
dpkg-buildpackage: error: debian/rules build gave error exit status 2
────────────────────────────────────────────────────────────────────────────────
Build finished at 20130128-0353

Finished
────────

E: Build failure (dpkg-buildpackage died)

┌──────────────────────────────────────────────────────────────────────────────┐
│ Cleanup                                                                      │
└──────────────────────────────────────────────────────────────────────────────┘

Purging /«BUILDDIR»
Not cleaning session: cloned chroot in use

┌──────────────────────────────────────────────────────────────────────────────┐
│ Summary                                                                      │
└──────────────────────────────────────────────────────────────────────────────┘

Architecture: amd64
Build-Space: 25116
Build-Time: 32
Distribution: unstable
Fail-Stage: build
Install-Time: 12
Job: ldc_0.9.1+hg1634-1
Package: ldc
Package-Time: 73
Source-Version: 0.9.1+hg1634-1
Space: 25116
Status: attempted
Version: 0.9.1+hg1634-1
────────────────────────────────────────────────────────────────────────────────
Finished at 20130128-0353
Build needed 00:01:13, 25116k disc space
DC-Status: Failed 74.532963s
DC-Time-Estimation: 74.532963 versus expected 1 (r/m: 73.532963 ; m: 1.0)
