DC-Build-Header: libpam-unix2 1:2.4.1-6 / Mon Jan 28 05:51:07 +0000 2013
DC-Task: logfile:/tmp/libpam-unix2_2.4.1-6_unstable_clang.log version:1:2.4.1-6 chroot:unstable modes:binary-only:clang source:libpam-unix2 architecture:any esttime:39
DC-Sbuild-call: su user -c 'sbuild -n --apt-update -d unstable -v  --chroot-setup-commands=/tmp/switch-to-clang libpam-unix2_1:2.4.1-6'
Could not create '/sbuild-nonexistent/logs': No such file or directory
Could not create '/sbuild-nonexistent/logs': No such file or directory
sbuild (Debian sbuild) 0.62.5 (13 Jul 2011) on ip-10-30-128-142.ec2.internal

╔══════════════════════════════════════════════════════════════════════════════╗
║ libpam-unix2 1:2.4.1-6 (amd64)                             28 Jan 2013 05:51 ║
╚══════════════════════════════════════════════════════════════════════════════╝

Package: libpam-unix2
Version: 1:2.4.1-6
Source Version: 1:2.4.1-6
Distribution: unstable
Architecture: amd64

I: NOTICE: Log filtering will replace 'build/libpam-unix2-bNmGuq/libpam-unix2-2.4.1' with '«PKGBUILDDIR»'
I: NOTICE: Log filtering will replace 'build/libpam-unix2-bNmGuq' with '«BUILDDIR»'
I: NOTICE: Log filtering will replace 'var/lib/schroot/mount/unstable-amd64-sbuild-6ea3ec15-568a-4a5d-8f6c-a0b861ceb37f' with '«CHROOT»'

┌──────────────────────────────────────────────────────────────────────────────┐
│ Update chroot                                                                │
└──────────────────────────────────────────────────────────────────────────────┘

Ign http://localhost unstable InRelease
Get:1 http://localhost unstable Release.gpg [836 B]
Get:2 http://localhost unstable Release [227 kB]
Ign http://localhost unstable/main Sources/DiffIndex
Ign http://localhost unstable/main amd64 Packages/DiffIndex
Get:3 http://localhost unstable/main Translation-en/DiffIndex [7876 B]
Get:4 http://localhost unstable/main 2013-01-27-2011.16.pdiff [737 B]
Get:5 http://localhost unstable/main 2013-01-27-2011.16.pdiff [737 B]
Get:6 http://localhost unstable/main Sources [8236 kB]
Get:7 http://localhost unstable/main amd64 Packages [8284 kB]
Get:8 http://localhost unstable/main 2013-01-28-0212.01.pdiff [43 B]
Get:9 http://localhost unstable/main 2013-01-28-0212.01.pdiff [43 B]
Fetched 16.8 MB in 3s (4535 kB/s)
Reading package lists...
Reading package lists...
Building dependency tree...
Reading state information...
0 upgraded, 0 newly installed, 0 to remove and 0 not upgraded.

┌──────────────────────────────────────────────────────────────────────────────┐
│ Fetch source files                                                           │
└──────────────────────────────────────────────────────────────────────────────┘


Check APT
─────────

Checking available source versions...

Download source files with APT
──────────────────────────────

Reading package lists...
Building dependency tree...
Reading state information...
Need to get 312 kB of source archives.
Get:1 http://localhost/debian/ unstable/main libpam-unix2 1:2.4.1-6 (dsc) [1851 B]
Get:2 http://localhost/debian/ unstable/main libpam-unix2 1:2.4.1-6 (tar) [299 kB]
Get:3 http://localhost/debian/ unstable/main libpam-unix2 1:2.4.1-6 (diff) [11.1 kB]
Fetched 312 kB in 0s (1188 kB/s)
Download complete and in download only mode

Check arch
──────────


┌──────────────────────────────────────────────────────────────────────────────┐
│ Chroot Setup Commands                                                        │
└──────────────────────────────────────────────────────────────────────────────┘


/tmp/switch-to-clang
────────────────────

+ echo 'Entering customization script...'
Entering customization script...
+ echo 'Add experimental as repository'
Add experimental as repository
+ echo deb http://localhost:9999/debian experimental main
+ apt-get update
Ign http://localhost unstable InRelease
Ign http://localhost experimental InRelease
Hit http://localhost unstable Release.gpg
Get:1 http://localhost experimental Release.gpg [836 B]
Hit http://localhost unstable Release
Get:2 http://localhost experimental Release [161 kB]
Ign http://localhost unstable/main Sources/DiffIndex
Ign http://localhost unstable/main amd64 Packages/DiffIndex
Hit http://localhost unstable/main Translation-en/DiffIndex
Get:3 http://localhost experimental/main Translation-en [704 kB]
Get:4 http://localhost experimental/main amd64 Packages [1605 kB]
Hit http://localhost unstable/main Sources
Hit http://localhost unstable/main amd64 Packages
Fetched 2471 kB in 1s (1340 kB/s)
Reading package lists...
+ echo 'Install of clang'
Install of clang
+ apt-get update
Ign http://localhost unstable InRelease
Ign http://localhost experimental InRelease
Hit http://localhost unstable Release.gpg
Hit http://localhost experimental Release.gpg
Hit http://localhost unstable Release
Hit http://localhost experimental Release
Ign http://localhost unstable/main Sources/DiffIndex
Ign http://localhost unstable/main amd64 Packages/DiffIndex
Hit http://localhost unstable/main Translation-en/DiffIndex
Ign http://localhost experimental/main amd64 Packages/DiffIndex
Get:1 http://localhost experimental/main Translation-en/DiffIndex [7819 B]
Hit http://localhost unstable/main Sources
Hit http://localhost unstable/main amd64 Packages
Hit http://localhost experimental/main amd64 Packages
Fetched 7819 B in 1s (3981 B/s)
Reading package lists...
+ apt-get install --yes --no-install-recommends clang -t experimental
Reading package lists...
Building dependency tree...
Reading state information...
The following extra packages will be installed:
  clang-3.2 compiler-rt cpp-4.7 g++-4.7 gcc-4.7 gcc-4.7-base gcc-4.8-base
  libc-dev-bin libc6 libc6-dev libclang-common-dev libexpat1 libffi5
  libgcc-4.7-dev libgcc1 libgomp1 libitm1 libllvm3.2 libncurses5 libncursesw5
  libobjc-4.7-dev libobjc4 libpython2.7-minimal libpython2.7-stdlib
  libquadmath0 libsqlite3-0 libssl1.0.0 libstdc++6 libstdc++6-4.7-dev
  libtinfo5 mime-support python python-minimal python2.7 python2.7-minimal
Suggested packages:
  gcc-4.7-locales g++-4.7-multilib gcc-4.7-doc libstdc++6-4.7-dbg
  gcc-4.7-multilib libmudflap0-4.7-dev libgcc1-dbg libgomp1-dbg libitm1-dbg
  libquadmath0-dbg libmudflap0-dbg libcloog-ppl0 libppl-c2 libppl7
  binutils-gold glibc-doc libstdc++6-4.7-doc python-doc python-tk
  python2.7-doc binfmt-support
Recommended packages:
  llvm-3.2-dev manpages-dev file
The following NEW packages will be installed:
  clang clang-3.2 compiler-rt gcc-4.8-base libclang-common-dev libexpat1
  libffi5 libgcc-4.7-dev libllvm3.2 libncursesw5 libobjc-4.7-dev libobjc4
  libpython2.7-minimal libpython2.7-stdlib libsqlite3-0 libssl1.0.0
  mime-support python python-minimal python2.7 python2.7-minimal
The following packages will be upgraded:
  cpp-4.7 g++-4.7 gcc-4.7 gcc-4.7-base libc-dev-bin libc6 libc6-dev libgcc1
  libgomp1 libitm1 libncurses5 libquadmath0 libstdc++6 libstdc++6-4.7-dev
  libtinfo5
15 upgraded, 21 newly installed, 0 to remove and 24 not upgraded.
Need to get 56.7 MB of archives.
After this operation, 72.6 MB of additional disk space will be used.
Get:1 http://localhost/debian/ experimental/main gcc-4.8-base amd64 4.8-20130127-1 [147 kB]
Get:2 http://localhost/debian/ experimental/main libc6-dev amd64 2.16-0experimental1 [3086 kB]
Get:3 http://localhost/debian/ experimental/main libc-dev-bin amd64 2.16-0experimental1 [226 kB]
Get:4 http://localhost/debian/ experimental/main libc6 amd64 2.16-0experimental1 [4729 kB]
Get:5 http://localhost/debian/ experimental/main libgcc1 amd64 1:4.8-20130127-1 [43.7 kB]
Get:6 http://localhost/debian/ experimental/main libstdc++6 amd64 4.8-20130127-1 [335 kB]
Get:7 http://localhost/debian/ experimental/main libtinfo5 amd64 5.9+20130119-1 [294 kB]
Get:8 http://localhost/debian/ experimental/main libncurses5 amd64 5.9+20130119-1 [115 kB]
Get:9 http://localhost/debian/ experimental/main libncursesw5 amd64 5.9+20130119-1 [142 kB]
Get:10 http://localhost/debian/ unstable/main libssl1.0.0 amd64 1.0.1c-4 [1213 kB]
Get:11 http://localhost/debian/ unstable/main libsqlite3-0 amd64 3.7.15.2-1 [463 kB]
Get:12 http://localhost/debian/ experimental/main libexpat1 amd64 2.1.0-2 [138 kB]
Get:13 http://localhost/debian/ unstable/main libffi5 amd64 3.0.10-3 [24.8 kB]
Get:14 http://localhost/debian/ experimental/main libgomp1 amd64 4.8-20130127-1 [27.4 kB]
Get:15 http://localhost/debian/ experimental/main libitm1 amd64 4.8-20130127-1 [37.7 kB]
Get:16 http://localhost/debian/ unstable/main libllvm3.2 amd64 3.2-2 [7865 kB]
Get:17 http://localhost/debian/ experimental/main libobjc4 amd64 4.8-20130127-1 [163 kB]
Get:18 http://localhost/debian/ experimental/main libquadmath0 amd64 4.8-20130127-1 [139 kB]
Get:19 http://localhost/debian/ experimental/main libstdc++6-4.7-dev amd64 4.7.2-19 [1678 kB]
Get:20 http://localhost/debian/ experimental/main g++-4.7 amd64 4.7.2-19 [5877 kB]
Get:21 http://localhost/debian/ experimental/main gcc-4.7 amd64 4.7.2-19 [5831 kB]
Get:22 http://localhost/debian/ experimental/main cpp-4.7 amd64 4.7.2-19 [5416 kB]
Get:23 http://localhost/debian/ experimental/main libgcc-4.7-dev amd64 4.7.2-19 [2465 kB]
Get:24 http://localhost/debian/ experimental/main gcc-4.7-base amd64 4.7.2-19 [148 kB]
Get:25 http://localhost/debian/ experimental/main mime-support all 3.53~experimental2 [36.5 kB]
Get:26 http://localhost/debian/ experimental/main libpython2.7-minimal amd64 2.7.3-15 [531 kB]
Get:27 http://localhost/debian/ experimental/main python2.7-minimal amd64 2.7.3-15 [1220 kB]
Get:28 http://localhost/debian/ experimental/main libpython2.7-stdlib amd64 2.7.3-15 [2367 kB]
Get:29 http://localhost/debian/ experimental/main python2.7 amd64 2.7.3-15 [326 kB]
Get:30 http://localhost/debian/ experimental/main python-minimal amd64 2.7.3-10 [41.8 kB]
Get:31 http://localhost/debian/ experimental/main python amd64 2.7.3-10 [184 kB]
Get:32 http://localhost/debian/ experimental/main libobjc-4.7-dev amd64 4.7.2-19 [717 kB]
Get:33 http://localhost/debian/ experimental/main libclang-common-dev amd64 3.2-1~exp5 [303 kB]
Get:34 http://localhost/debian/ experimental/main compiler-rt amd64 3.2-1~exp5 [315 kB]
Get:35 http://localhost/debian/ experimental/main clang-3.2 amd64 3.2-1~exp5 [10.1 MB]
Get:36 http://localhost/debian/ experimental/main clang all 3.2-1~exp5 [9506 B]
debconf: delaying package configuration, since apt-utils is not installed
Fetched 56.7 MB in 1s (34.5 MB/s)
Selecting previously unselected package gcc-4.8-base:amd64.
(Reading database ... 13484 files and directories currently installed.)
Unpacking gcc-4.8-base:amd64 (from .../gcc-4.8-base_4.8-20130127-1_amd64.deb) ...
Setting up gcc-4.8-base:amd64 (4.8-20130127-1) ...
(Reading database ... 13491 files and directories currently installed.)
Preparing to replace libc6-dev:amd64 2.13-38 (using .../libc6-dev_2.16-0experimental1_amd64.deb) ...
Unpacking replacement libc6-dev:amd64 ...
Preparing to replace libc-dev-bin 2.13-38 (using .../libc-dev-bin_2.16-0experimental1_amd64.deb) ...
Unpacking replacement libc-dev-bin ...
Preparing to replace libc6:amd64 2.13-38 (using .../libc6_2.16-0experimental1_amd64.deb) ...
debconf: unable to initialize frontend: Dialog
debconf: (Dialog frontend will not work on a dumb terminal, an emacs shell buffer, or without a controlling terminal.)
debconf: falling back to frontend: Readline
debconf: unable to initialize frontend: Readline
debconf: (This frontend requires a controlling tty.)
debconf: falling back to frontend: Teletype
Checking for services that may need to be restarted...
Checking init scripts...
Unpacking replacement libc6:amd64 ...
Setting up libc6:amd64 (2.16-0experimental1) ...
debconf: unable to initialize frontend: Dialog
debconf: (Dialog frontend will not work on a dumb terminal, an emacs shell buffer, or without a controlling terminal.)
debconf: falling back to frontend: Readline
debconf: unable to initialize frontend: Readline
debconf: (This frontend requires a controlling tty.)
debconf: falling back to frontend: Teletype
Checking for services that may need to be restarted...
Checking init scripts...
Nothing to restart.
(Reading database ... 13509 files and directories currently installed.)
Preparing to replace libgcc1:amd64 1:4.7.2-5 (using .../libgcc1_1%3a4.8-20130127-1_amd64.deb) ...
Unpacking replacement libgcc1:amd64 ...
Setting up libgcc1:amd64 (1:4.8-20130127-1) ...
(Reading database ... 13509 files and directories currently installed.)
Preparing to replace libstdc++6:amd64 4.7.2-5 (using .../libstdc++6_4.8-20130127-1_amd64.deb) ...
Unpacking replacement libstdc++6:amd64 ...
Setting up libstdc++6:amd64 (4.8-20130127-1) ...
(Reading database ... 13509 files and directories currently installed.)
Preparing to replace libtinfo5:amd64 5.9-10 (using .../libtinfo5_5.9+20130119-1_amd64.deb) ...
Unpacking replacement libtinfo5:amd64 ...
Setting up libtinfo5:amd64 (5.9+20130119-1) ...
(Reading database ... 13509 files and directories currently installed.)
Preparing to replace libncurses5:amd64 5.9-10 (using .../libncurses5_5.9+20130119-1_amd64.deb) ...
Unpacking replacement libncurses5:amd64 ...
Setting up libncurses5:amd64 (5.9+20130119-1) ...
Selecting previously unselected package libncursesw5:amd64.
(Reading database ... 13509 files and directories currently installed.)
Unpacking libncursesw5:amd64 (from .../libncursesw5_5.9+20130119-1_amd64.deb) ...
Selecting previously unselected package libssl1.0.0:amd64.
Unpacking libssl1.0.0:amd64 (from .../libssl1.0.0_1.0.1c-4_amd64.deb) ...
Selecting previously unselected package libsqlite3-0:amd64.
Unpacking libsqlite3-0:amd64 (from .../libsqlite3-0_3.7.15.2-1_amd64.deb) ...
Selecting previously unselected package libexpat1:amd64.
Unpacking libexpat1:amd64 (from .../libexpat1_2.1.0-2_amd64.deb) ...
Selecting previously unselected package libffi5:amd64.
Unpacking libffi5:amd64 (from .../libffi5_3.0.10-3_amd64.deb) ...
Preparing to replace libgomp1:amd64 4.7.2-5 (using .../libgomp1_4.8-20130127-1_amd64.deb) ...
Unpacking replacement libgomp1:amd64 ...
Preparing to replace libitm1:amd64 4.7.2-5 (using .../libitm1_4.8-20130127-1_amd64.deb) ...
Unpacking replacement libitm1:amd64 ...
Selecting previously unselected package libllvm3.2:amd64.
Unpacking libllvm3.2:amd64 (from .../libllvm3.2_3.2-2_amd64.deb) ...
Selecting previously unselected package libobjc4:amd64.
Unpacking libobjc4:amd64 (from .../libobjc4_4.8-20130127-1_amd64.deb) ...
Preparing to replace libquadmath0:amd64 4.7.2-5 (using .../libquadmath0_4.8-20130127-1_amd64.deb) ...
Unpacking replacement libquadmath0:amd64 ...
Preparing to replace libstdc++6-4.7-dev 4.7.2-5 (using .../libstdc++6-4.7-dev_4.7.2-19_amd64.deb) ...
Unpacking replacement libstdc++6-4.7-dev:amd64 ...
Preparing to replace g++-4.7 4.7.2-5 (using .../g++-4.7_4.7.2-19_amd64.deb) ...
Unpacking replacement g++-4.7 ...
Preparing to replace gcc-4.7 4.7.2-5 (using .../gcc-4.7_4.7.2-19_amd64.deb) ...
Unpacking replacement gcc-4.7 ...
Preparing to replace cpp-4.7 4.7.2-5 (using .../cpp-4.7_4.7.2-19_amd64.deb) ...
Unpacking replacement cpp-4.7 ...
Selecting previously unselected package libgcc-4.7-dev:amd64.
Unpacking libgcc-4.7-dev:amd64 (from .../libgcc-4.7-dev_4.7.2-19_amd64.deb) ...
Preparing to replace gcc-4.7-base:amd64 4.7.2-5 (using .../gcc-4.7-base_4.7.2-19_amd64.deb) ...
Unpacking replacement gcc-4.7-base:amd64 ...
Selecting previously unselected package mime-support.
Unpacking mime-support (from .../mime-support_3.53~experimental2_all.deb) ...
Selecting previously unselected package libpython2.7-minimal:amd64.
Unpacking libpython2.7-minimal:amd64 (from .../libpython2.7-minimal_2.7.3-15_amd64.deb) ...
Selecting previously unselected package python2.7-minimal.
Unpacking python2.7-minimal (from .../python2.7-minimal_2.7.3-15_amd64.deb) ...
Selecting previously unselected package libpython2.7-stdlib:amd64.
Unpacking libpython2.7-stdlib:amd64 (from .../libpython2.7-stdlib_2.7.3-15_amd64.deb) ...
Selecting previously unselected package python2.7.
Unpacking python2.7 (from .../python2.7_2.7.3-15_amd64.deb) ...
Selecting previously unselected package python-minimal.
Unpacking python-minimal (from .../python-minimal_2.7.3-10_amd64.deb) ...
Selecting previously unselected package python.
Unpacking python (from .../python_2.7.3-10_amd64.deb) ...
Selecting previously unselected package libobjc-4.7-dev:amd64.
Unpacking libobjc-4.7-dev:amd64 (from .../libobjc-4.7-dev_4.7.2-19_amd64.deb) ...
Selecting previously unselected package libclang-common-dev.
Unpacking libclang-common-dev (from .../libclang-common-dev_3.2-1~exp5_amd64.deb) ...
Selecting previously unselected package compiler-rt.
Unpacking compiler-rt (from .../compiler-rt_3.2-1~exp5_amd64.deb) ...
Selecting previously unselected package clang-3.2.
Unpacking clang-3.2 (from .../clang-3.2_3.2-1~exp5_amd64.deb) ...
Selecting previously unselected package clang.
Unpacking clang (from .../clang_3.2-1~exp5_all.deb) ...
Setting up libc-dev-bin (2.16-0experimental1) ...
Setting up libc6-dev:amd64 (2.16-0experimental1) ...
Setting up libncursesw5:amd64 (5.9+20130119-1) ...
Setting up libssl1.0.0:amd64 (1.0.1c-4) ...
debconf: unable to initialize frontend: Dialog
debconf: (Dialog frontend will not work on a dumb terminal, an emacs shell buffer, or without a controlling terminal.)
debconf: falling back to frontend: Readline
debconf: unable to initialize frontend: Readline
debconf: (This frontend requires a controlling tty.)
debconf: falling back to frontend: Teletype
Setting up libsqlite3-0:amd64 (3.7.15.2-1) ...
Setting up libexpat1:amd64 (2.1.0-2) ...
Setting up libffi5:amd64 (3.0.10-3) ...
Setting up libgomp1:amd64 (4.8-20130127-1) ...
Setting up libitm1:amd64 (4.8-20130127-1) ...
Setting up libllvm3.2:amd64 (3.2-2) ...
Setting up libobjc4:amd64 (4.8-20130127-1) ...
Setting up libquadmath0:amd64 (4.8-20130127-1) ...
Setting up gcc-4.7-base:amd64 (4.7.2-19) ...
Setting up libgcc-4.7-dev:amd64 (4.7.2-19) ...
Setting up libstdc++6-4.7-dev:amd64 (4.7.2-19) ...
Setting up cpp-4.7 (4.7.2-19) ...
Setting up gcc-4.7 (4.7.2-19) ...
Setting up g++-4.7 (4.7.2-19) ...
Setting up mime-support (3.53~experimental2) ...
Setting up libpython2.7-minimal:amd64 (2.7.3-15) ...
Setting up python2.7-minimal (2.7.3-15) ...
Linking and byte-compiling packages for runtime python2.7...
Setting up libpython2.7-stdlib:amd64 (2.7.3-15) ...
Setting up python2.7 (2.7.3-15) ...
Setting up python-minimal (2.7.3-10) ...
Setting up python (2.7.3-10) ...
Setting up libobjc-4.7-dev:amd64 (4.7.2-19) ...
Setting up libclang-common-dev (3.2-1~exp5) ...
Setting up compiler-rt (3.2-1~exp5) ...
Setting up clang-3.2 (3.2-1~exp5) ...
Setting up clang (3.2-1~exp5) ...
+ echo 'Replace gcc, g++ & cpp by clang'
Replace gcc, g++ & cpp by clang
+ VERSIONS='4.6 4.7'
+ cd /usr/bin
+ for VERSION in '$VERSIONS'
+ rm g++-4.6 gcc-4.6 cpp-4.6
+ ln -s clang++ g++-4.6
+ ln -s clang gcc-4.6
+ ln -s clang cpp-4.6
+ for VERSION in '$VERSIONS'
+ rm g++-4.7 gcc-4.7 cpp-4.7
+ ln -s clang++ g++-4.7
+ ln -s clang gcc-4.7
+ ln -s clang cpp-4.7
+ cd -
/«BUILDDIR»
+ echo 'Block the installation of new gcc version'
Block the installation of new gcc version
+ echo 'gcc-4.6 hold'
+ dpkg --set-selections
+ echo 'cpp-4.6 hold'
+ dpkg --set-selections
+ echo 'g++-4.6 hold'
+ dpkg --set-selections
+ echo 'gcc-4.7 hold'
+ dpkg --set-selections
+ echo 'cpp-4.7 hold'
+ dpkg --set-selections
+ echo 'g++-4.7 hold'
+ dpkg --set-selections
+ echo 'Check if gcc, g++ & cpp are actually clang'
Check if gcc, g++ & cpp are actually clang
+ gcc --version
+ grep clang
+ cpp --version
+ grep clang
+ g++ --version
+ grep clang

I: Finished running '/tmp/switch-to-clang'.

Finished processing commands.
────────────────────────────────────────────────────────────────────────────────
Merged Build-Depends: build-essential, fakeroot
Filtered Build-Depends: build-essential, fakeroot
dpkg-deb: building package `sbuild-build-depends-core-dummy' in `/«BUILDDIR»/resolver-TV5j7f/apt_archive/sbuild-build-depends-core-dummy.deb'.
OK
Reading package lists...

┌──────────────────────────────────────────────────────────────────────────────┐
│ Install core build dependencies (apt-based resolver)                         │
└──────────────────────────────────────────────────────────────────────────────┘

Installing build dependencies
Reading package lists...
Building dependency tree...
Reading state information...
The following NEW packages will be installed:
  sbuild-build-depends-core-dummy
debconf: delaying package configuration, since apt-utils is not installed
0 upgraded, 1 newly installed, 0 to remove and 0 not upgraded.
Need to get 0 B/706 B of archives.
After this operation, 0 B of additional disk space will be used.
Selecting previously unselected package sbuild-build-depends-core-dummy.
(Reading database ... 14674 files and directories currently installed.)
Unpacking sbuild-build-depends-core-dummy (from .../sbuild-build-depends-core-dummy.deb) ...
Setting up sbuild-build-depends-core-dummy (0.invalid.0) ...
Merged Build-Depends: base-files, base-passwd, bash, bsdutils, coreutils, dash, debianutils, diffutils, dpkg, e2fsprogs, findutils, grep, gzip, hostname, libc-bin, login, mount, ncurses-base, ncurses-bin, perl-base, sed, sysvinit, sysvinit-utils, tar, util-linux, libc6-dev | libc-dev, gcc (>= 4:4.4.3), g++ (>= 4:4.4.3), make, dpkg-dev (>= 1.13.5), debhelper (>= 7), dpkg-dev (>= 1.15.7), libpam0g-dev (>= 0.81), autoconf, automake, libxcrypt-dev (>= 1:2.4), libxcrypt-dev (<< 1:3.0)
Merged Build-Conflicts: libxcrypt2
Filtered Build-Depends: base-files, base-passwd, bash, bsdutils, coreutils, dash, debianutils, diffutils, dpkg, e2fsprogs, findutils, grep, gzip, hostname, libc-bin, login, mount, ncurses-base, ncurses-bin, perl-base, sed, sysvinit, sysvinit-utils, tar, util-linux, libc6-dev, gcc (>= 4:4.4.3), g++ (>= 4:4.4.3), make, dpkg-dev (>= 1.13.5), debhelper (>= 7), dpkg-dev (>= 1.15.7), libpam0g-dev (>= 0.81), autoconf, automake, libxcrypt-dev (>= 1:2.4), libxcrypt-dev (<< 1:3.0)
Filtered Build-Conflicts: libxcrypt2
dpkg-deb: building package `sbuild-build-depends-libpam-unix2-dummy' in `/«BUILDDIR»/resolver-cTwVMR/apt_archive/sbuild-build-depends-libpam-unix2-dummy.deb'.
OK
Reading package lists...

┌──────────────────────────────────────────────────────────────────────────────┐
│ Install libpam-unix2 build dependencies (apt-based resolver)                 │
└──────────────────────────────────────────────────────────────────────────────┘

Installing build dependencies
Reading package lists...
Building dependency tree...
Reading state information...
The following extra packages will be installed:
  autoconf automake autotools-dev bsdmainutils debhelper file gettext
  gettext-base groff-base html2text intltool-debian libasprintf-dev
  libasprintf0c2 libcroco3 libgettextpo-dev libgettextpo0 libglib2.0-0
  libmagic1 libpam0g-dev libpcre3 libpipeline1 libsigsegv2 libunistring0
  libxcrypt-dev libxcrypt1 libxml2 m4 man-db po-debconf
Suggested packages:
  autoconf2.13 autoconf-archive gnu-standards autoconf-doc libtool wamerican
  wordlist whois vacation dh-make gettext-doc groff less www-browser
  libmail-box-perl
Recommended packages:
  curl wget lynx-cur autopoint libglib2.0-data shared-mime-info xml-core
  libmail-sendmail-perl
The following NEW packages will be installed:
  autoconf automake autotools-dev bsdmainutils debhelper file gettext
  gettext-base groff-base html2text intltool-debian libasprintf-dev
  libasprintf0c2 libcroco3 libgettextpo-dev libgettextpo0 libglib2.0-0
  libmagic1 libpam0g-dev libpcre3 libpipeline1 libsigsegv2 libunistring0
  libxcrypt-dev libxcrypt1 libxml2 m4 man-db po-debconf
  sbuild-build-depends-libpam-unix2-dummy
0 upgraded, 30 newly installed, 0 to remove and 0 not upgraded.
Need to get 10.9 MB/10.9 MB of archives.
After this operation, 30.6 MB of additional disk space will be used.
Get:1 http://localhost/debian/ unstable/main libpipeline1 amd64 1.2.2-1 [39.9 kB]
Get:2 http://localhost/debian/ unstable/main groff-base amd64 1.22.1-2 [741 kB]
Get:3 http://localhost/debian/ unstable/main bsdmainutils amd64 9.0.4 [210 kB]
Get:4 http://localhost/debian/ unstable/main man-db amd64 2.6.3-3 [898 kB]
Get:5 http://localhost/debian/ unstable/main libasprintf0c2 amd64 0.18.1.1-10 [27.2 kB]
Get:6 http://localhost/debian/ unstable/main libmagic1 amd64 5.11-2 [202 kB]
Get:7 http://localhost/debian/ unstable/main libpcre3 amd64 1:8.31-2 [247 kB]
Get:8 http://localhost/debian/ unstable/main libxml2 amd64 2.8.0+dfsg1-7 [903 kB]
Get:9 http://localhost/debian/ unstable/main libglib2.0-0 amd64 2.33.12+really2.32.4-5 [1838 kB]
Get:10 http://localhost/debian/ unstable/main libcroco3 amd64 0.6.6-2 [134 kB]
Get:11 http://localhost/debian/ unstable/main libunistring0 amd64 0.9.3-5 [434 kB]
Get:12 http://localhost/debian/ unstable/main libgettextpo0 amd64 0.18.1.1-10 [145 kB]
Get:13 http://localhost/debian/ unstable/main file amd64 5.11-2 [51.8 kB]
Get:14 http://localhost/debian/ unstable/main gettext-base amd64 0.18.1.1-10 [154 kB]
Get:15 http://localhost/debian/ unstable/main libsigsegv2 amd64 2.9-4 [28.9 kB]
Get:16 http://localhost/debian/ unstable/main m4 amd64 1.4.16-4 [260 kB]
Get:17 http://localhost/debian/ unstable/main autoconf all 2.69-1 [589 kB]
Get:18 http://localhost/debian/ unstable/main autotools-dev all 20120608.1 [73.0 kB]
Get:19 http://localhost/debian/ unstable/main automake all 1:1.11.6-1 [607 kB]
Get:20 http://localhost/debian/ unstable/main html2text amd64 1.3.2a-15 [103 kB]
Get:21 http://localhost/debian/ unstable/main libasprintf-dev amd64 0.18.1.1-10 [26.8 kB]
Get:22 http://localhost/debian/ unstable/main libgettextpo-dev amd64 0.18.1.1-10 [184 kB]
Get:23 http://localhost/debian/ unstable/main gettext amd64 0.18.1.1-10 [1815 kB]
Get:24 http://localhost/debian/ unstable/main intltool-debian all 0.35.0+20060710.1 [30.8 kB]
Get:25 http://localhost/debian/ unstable/main po-debconf all 1.0.16+nmu2 [224 kB]
Get:26 http://localhost/debian/ unstable/main debhelper all 9.20120909 [705 kB]
Get:27 http://localhost/debian/ unstable/main libpam0g-dev amd64 1.1.3-7.1 [191 kB]
Get:28 http://localhost/debian/ unstable/main libxcrypt1 amd64 1:2.4-3 [34.9 kB]
Get:29 http://localhost/debian/ unstable/main libxcrypt-dev amd64 1:2.4-3 [39.6 kB]
debconf: delaying package configuration, since apt-utils is not installed
Fetched 10.9 MB in 0s (11.1 MB/s)
Selecting previously unselected package libpipeline1:amd64.
(Reading database ... 14674 files and directories currently installed.)
Unpacking libpipeline1:amd64 (from .../libpipeline1_1.2.2-1_amd64.deb) ...
Selecting previously unselected package groff-base.
Unpacking groff-base (from .../groff-base_1.22.1-2_amd64.deb) ...
Selecting previously unselected package bsdmainutils.
Unpacking bsdmainutils (from .../bsdmainutils_9.0.4_amd64.deb) ...
Selecting previously unselected package man-db.
Unpacking man-db (from .../man-db_2.6.3-3_amd64.deb) ...
Selecting previously unselected package libasprintf0c2:amd64.
Unpacking libasprintf0c2:amd64 (from .../libasprintf0c2_0.18.1.1-10_amd64.deb) ...
Selecting previously unselected package libmagic1:amd64.
Unpacking libmagic1:amd64 (from .../libmagic1_5.11-2_amd64.deb) ...
Selecting previously unselected package libpcre3:amd64.
Unpacking libpcre3:amd64 (from .../libpcre3_1%3a8.31-2_amd64.deb) ...
Selecting previously unselected package libxml2:amd64.
Unpacking libxml2:amd64 (from .../libxml2_2.8.0+dfsg1-7_amd64.deb) ...
Selecting previously unselected package libglib2.0-0:amd64.
Unpacking libglib2.0-0:amd64 (from .../libglib2.0-0_2.33.12+really2.32.4-5_amd64.deb) ...
Selecting previously unselected package libcroco3:amd64.
Unpacking libcroco3:amd64 (from .../libcroco3_0.6.6-2_amd64.deb) ...
Selecting previously unselected package libunistring0:amd64.
Unpacking libunistring0:amd64 (from .../libunistring0_0.9.3-5_amd64.deb) ...
Selecting previously unselected package libgettextpo0:amd64.
Unpacking libgettextpo0:amd64 (from .../libgettextpo0_0.18.1.1-10_amd64.deb) ...
Selecting previously unselected package file.
Unpacking file (from .../archives/file_5.11-2_amd64.deb) ...
Selecting previously unselected package gettext-base.
Unpacking gettext-base (from .../gettext-base_0.18.1.1-10_amd64.deb) ...
Selecting previously unselected package libsigsegv2.
Unpacking libsigsegv2 (from .../libsigsegv2_2.9-4_amd64.deb) ...
Selecting previously unselected package m4.
Unpacking m4 (from .../archives/m4_1.4.16-4_amd64.deb) ...
Selecting previously unselected package autoconf.
Unpacking autoconf (from .../autoconf_2.69-1_all.deb) ...
Selecting previously unselected package autotools-dev.
Unpacking autotools-dev (from .../autotools-dev_20120608.1_all.deb) ...
Selecting previously unselected package automake.
Unpacking automake (from .../automake_1%3a1.11.6-1_all.deb) ...
Selecting previously unselected package html2text.
Unpacking html2text (from .../html2text_1.3.2a-15_amd64.deb) ...
Selecting previously unselected package libasprintf-dev:amd64.
Unpacking libasprintf-dev:amd64 (from .../libasprintf-dev_0.18.1.1-10_amd64.deb) ...
Selecting previously unselected package libgettextpo-dev:amd64.
Unpacking libgettextpo-dev:amd64 (from .../libgettextpo-dev_0.18.1.1-10_amd64.deb) ...
Selecting previously unselected package gettext.
Unpacking gettext (from .../gettext_0.18.1.1-10_amd64.deb) ...
Selecting previously unselected package intltool-debian.
Unpacking intltool-debian (from .../intltool-debian_0.35.0+20060710.1_all.deb) ...
Selecting previously unselected package po-debconf.
Unpacking po-debconf (from .../po-debconf_1.0.16+nmu2_all.deb) ...
Selecting previously unselected package debhelper.
Unpacking debhelper (from .../debhelper_9.20120909_all.deb) ...
Selecting previously unselected package libpam0g-dev:amd64.
Unpacking libpam0g-dev:amd64 (from .../libpam0g-dev_1.1.3-7.1_amd64.deb) ...
Selecting previously unselected package libxcrypt1.
Unpacking libxcrypt1 (from .../libxcrypt1_1%3a2.4-3_amd64.deb) ...
Selecting previously unselected package libxcrypt-dev.
Unpacking libxcrypt-dev (from .../libxcrypt-dev_1%3a2.4-3_amd64.deb) ...
Selecting previously unselected package sbuild-build-depends-libpam-unix2-dummy.
Unpacking sbuild-build-depends-libpam-unix2-dummy (from .../sbuild-build-depends-libpam-unix2-dummy.deb) ...
Processing triggers for mime-support ...
Setting up libpipeline1:amd64 (1.2.2-1) ...
Setting up groff-base (1.22.1-2) ...
Setting up bsdmainutils (9.0.4) ...
update-alternatives: using /usr/bin/bsd-write to provide /usr/bin/write (write) in auto mode
update-alternatives: using /usr/bin/bsd-from to provide /usr/bin/from (from) in auto mode
Setting up man-db (2.6.3-3) ...
Building database of manual pages ...
Setting up libasprintf0c2:amd64 (0.18.1.1-10) ...
Setting up libmagic1:amd64 (5.11-2) ...
Setting up libpcre3:amd64 (1:8.31-2) ...
Setting up libxml2:amd64 (2.8.0+dfsg1-7) ...
Setting up libglib2.0-0:amd64 (2.33.12+really2.32.4-5) ...
No schema files found: doing nothing.
Setting up libcroco3:amd64 (0.6.6-2) ...
Setting up libunistring0:amd64 (0.9.3-5) ...
Setting up libgettextpo0:amd64 (0.18.1.1-10) ...
Setting up file (5.11-2) ...
Setting up gettext-base (0.18.1.1-10) ...
Setting up libsigsegv2 (2.9-4) ...
Setting up m4 (1.4.16-4) ...
Setting up autoconf (2.69-1) ...
Setting up autotools-dev (20120608.1) ...
Setting up automake (1:1.11.6-1) ...
update-alternatives: using /usr/bin/automake-1.11 to provide /usr/bin/automake (automake) in auto mode
Setting up html2text (1.3.2a-15) ...
Setting up libasprintf-dev:amd64 (0.18.1.1-10) ...
Setting up libgettextpo-dev:amd64 (0.18.1.1-10) ...
Setting up gettext (0.18.1.1-10) ...
Setting up intltool-debian (0.35.0+20060710.1) ...
Setting up po-debconf (1.0.16+nmu2) ...
Setting up debhelper (9.20120909) ...
Setting up libpam0g-dev:amd64 (1.1.3-7.1) ...
Setting up libxcrypt1 (1:2.4-3) ...
Setting up libxcrypt-dev (1:2.4-3) ...
Setting up sbuild-build-depends-libpam-unix2-dummy (0.invalid.0) ...

┌──────────────────────────────────────────────────────────────────────────────┐
│ Build environment                                                            │
└──────────────────────────────────────────────────────────────────────────────┘

Kernel: Linux 2.6.32-5-xen-amd64 amd64 (x86_64)
Toolchain package versions: binutils_2.22-7.1 dpkg-dev_1.16.9 g++-4.6_4.6.3-15 g++-4.7_4.7.2-19 gcc-4.6_4.6.3-15 gcc-4.7_4.7.2-19 libc6-dev_2.16-0experimental1 libstdc++6_4.8-20130127-1 libstdc++6-4.6-dev_4.6.3-15 libstdc++6-4.7-dev_4.7.2-19 linux-libc-dev_3.2.35-2
Package versions: apt_0.9.7.7 autoconf_2.69-1 automake_1:1.11.6-1 autotools-dev_20120608.1 base-files_7.1 base-passwd_3.5.26 bash_4.2+dfsg-0.1 binutils_2.22-7.1 bsdmainutils_9.0.4 bsdutils_1:2.20.1-5.3 build-essential_11.6 bzip2_1.0.6-4 clang_3.2-1~exp5 clang-3.2_3.2-1~exp5 compiler-rt_3.2-1~exp5 coreutils_8.20-3 cpp_4:4.7.2-1 cpp-4.6_4.6.3-15 cpp-4.7_4.7.2-19 dash_0.5.7-3 debconf_1.5.49 debconf-i18n_1.5.49 debfoster_2.7-1.2 debhelper_9.20120909 debian-archive-keyring_2012.4 debianutils_4.3.4 diffutils_1:3.2-7 dpkg_1.16.9 dpkg-dev_1.16.9 e2fslibs_1.42.5-1 e2fsprogs_1.42.5-1 fakeroot_1.18.4-2 file_5.11-2 findutils_4.4.2-5 g++_4:4.7.2-1 g++-4.6_4.6.3-15 g++-4.7_4.7.2-19 gcc_4:4.7.2-1 gcc-4.4-base_4.4.7-3 gcc-4.5-base_4.5.4-1 gcc-4.6_4.6.3-15 gcc-4.6-base_4.6.3-15 gcc-4.7_4.7.2-19 gcc-4.7-base_4.7.2-19 gcc-4.8-base_4.8-20130127-1 gettext_0.18.1.1-10 gettext-base_0.18.1.1-10 gnupg_1.4.12-7 gpgv_1.4.12-7 grep_2.14-1 groff-base_1.22.1-2 gzip_1.5-1.1 hostname_3.12 html2text_1.3.2a-15 initscripts_2.88dsf-39 insserv_1.14.0-5 intltool-debian_0.35.0+20060710.1 libacl1_2.2.51-8 libapt-pkg4.12_0.9.7.7 libasprintf-dev_0.18.1.1-10 libasprintf0c2_0.18.1.1-10 libattr1_1:2.4.46-8 libblkid1_2.20.1-5.3 libbz2-1.0_1.0.6-4 libc-bin_2.13-38 libc-dev-bin_2.16-0experimental1 libc6_2.16-0experimental1 libc6-dev_2.16-0experimental1 libclang-common-dev_3.2-1~exp5 libclass-isa-perl_0.36-5 libcomerr2_1.42.5-1 libcroco3_0.6.6-2 libdb5.1_5.1.29-5 libdpkg-perl_1.16.9 libexpat1_2.1.0-2 libffi5_3.0.10-3 libfile-fcntllock-perl_0.14-2 libgc1c2_1:7.1-9.1 libgcc-4.7-dev_4.7.2-19 libgcc1_1:4.8-20130127-1 libgdbm3_1.8.3-11 libgettextpo-dev_0.18.1.1-10 libgettextpo0_0.18.1.1-10 libglib2.0-0_2.33.12+really2.32.4-5 libgmp10_2:5.0.5+dfsg-2 libgomp1_4.8-20130127-1 libgpm2_1.20.4-6 libitm1_4.8-20130127-1 libllvm3.2_3.2-2 liblocale-gettext-perl_1.05-7+b1 liblzma5_5.1.1alpha+20120614-2 libmagic1_5.11-2 libmount1_2.20.1-5.3 libmpc2_0.9-4 libmpfr4_3.1.0-5 libncurses5_5.9+20130119-1 libncursesw5_5.9+20130119-1 libobjc-4.7-dev_4.7.2-19 libobjc4_4.8-20130127-1 libpam-modules_1.1.3-7.1 libpam-modules-bin_1.1.3-7.1 libpam-runtime_1.1.3-7.1 libpam0g_1.1.3-7.1 libpam0g-dev_1.1.3-7.1 libpcre3_1:8.31-2 libpipeline1_1.2.2-1 libpython2.7-minimal_2.7.3-15 libpython2.7-stdlib_2.7.3-15 libquadmath0_4.8-20130127-1 libreadline6_6.2+dfsg-0.1 libselinux1_2.1.9-5 libsemanage-common_2.1.6-6 libsemanage1_2.1.6-6 libsepol1_2.1.4-3 libsigsegv2_2.9-4 libslang2_2.2.4-15 libsqlite3-0_3.7.15.2-1 libss2_1.42.5-1 libssl1.0.0_1.0.1c-4 libstdc++6_4.8-20130127-1 libstdc++6-4.6-dev_4.6.3-15 libstdc++6-4.7-dev_4.7.2-19 libswitch-perl_2.16-2 libtext-charwidth-perl_0.04-7+b1 libtext-iconv-perl_1.7-5 libtext-wrapi18n-perl_0.06-7 libtimedate-perl_1.2000-1 libtinfo5_5.9+20130119-1 libunistring0_0.9.3-5 libusb-0.1-4_2:0.1.12-23+nmu1 libustr-1.0-1_1.0.4-3 libuuid1_2.20.1-5.3 libxcrypt-dev_1:2.4-3 libxcrypt1_1:2.4-3 libxml2_2.8.0+dfsg1-7 linux-libc-dev_3.2.35-2 login_1:4.1.5.1-1 lsb-base_4.1+Debian9 m4_1.4.16-4 make_3.81-8.2 man-db_2.6.3-3 mawk_1.3.3-17 mime-support_3.53~experimental2 mount_2.20.1-5.3 multiarch-support_2.13-38 ncurses-base_5.9-10 ncurses-bin_5.9-10 passwd_1:4.1.5.1-1 patch_2.6.1-3 perl_5.14.2-17 perl-base_5.14.2-17 perl-modules_5.14.2-17 po-debconf_1.0.16+nmu2 python_2.7.3-10 python-minimal_2.7.3-10 python2.7_2.7.3-15 python2.7-minimal_2.7.3-15 readline-common_6.2+dfsg-0.1 sbuild-build-depends-core-dummy_0.invalid.0 sbuild-build-depends-libpam-unix2-dummy_0.invalid.0 sed_4.2.1-10 sensible-utils_0.0.7 sudo_1.8.5p2-1 sysv-rc_2.88dsf-39 sysvinit_2.88dsf-39 sysvinit-utils_2.88dsf-39 tar_1.26+dfsg-0.1 tzdata_2012j-1 ucf_3.0025+nmu3 util-linux_2.20.1-5.3 vim_2:7.3.547-6 vim-common_2:7.3.547-6 vim-runtime_2:7.3.547-6 xz-utils_5.1.1alpha+20120614-2 zlib1g_1:1.2.7.dfsg-13

┌──────────────────────────────────────────────────────────────────────────────┐
│ Build                                                                        │
└──────────────────────────────────────────────────────────────────────────────┘


Unpack source
─────────────

gpgv: keyblock resource `/sbuild-nonexistent/.gnupg/trustedkeys.gpg': file open error
gpgv: Signature made Sun Jun 10 20:17:46 2012 UTC using RSA key ID 015475F5
gpgv: Can't check signature: public key not found
dpkg-source: warning: failed to verify signature on ./libpam-unix2_2.4.1-6.dsc
dpkg-source: info: extracting libpam-unix2 in libpam-unix2-2.4.1
dpkg-source: info: unpacking libpam-unix2_2.4.1.orig.tar.gz
dpkg-source: info: unpacking libpam-unix2_2.4.1-6.debian.tar.gz
dpkg-source: info: applying 01_conf_location.diff
dpkg-source: info: applying 02_helper.diff
dpkg-source: info: applying 03_format_security.diff
dpkg-source: info: applying 04_typos.diff

Check disc space
────────────────

Sufficient free space for build

User Environment
────────────────

HOME=/sbuild-nonexistent
LOGNAME=user
PATH=/usr/local/sbin:/usr/local/bin:/usr/sbin:/usr/bin:/sbin:/bin:/usr/games
SCHROOT_CHROOT_NAME=unstable-amd64-sbuild
SCHROOT_COMMAND=env
SCHROOT_GID=1000
SCHROOT_GROUP=user
SCHROOT_SESSION_ID=unstable-amd64-sbuild-6ea3ec15-568a-4a5d-8f6c-a0b861ceb37f
SCHROOT_UID=1000
SCHROOT_USER=user
SHELL=/bin/sh
USER=user

dpkg-buildpackage
─────────────────

dpkg-buildpackage: source package libpam-unix2
dpkg-buildpackage: source version 1:2.4.1-6
dpkg-buildpackage: source changed by Jakub Wilk <jwilk@debian.org>
 dpkg-source --before-build libpam-unix2-2.4.1
dpkg-buildpackage: host architecture amd64
dpkg-source: info: using options from libpam-unix2-2.4.1/debian/source/options: --extend-diff-ignore=^config[.](sub|guess)$ --extend-diff-ignore=^(aclocal[.]m4|config[.]h[.]in|configure)$ --extend-diff-ignore=(^|/)Makefile[.]in$
 fakeroot debian/rules clean
dh_testdir
dh_testroot
[ ! -f Makefile ] || /usr/bin/make distclean
/usr/bin/make -C unix2_chkpwd clean
make[1]: Entering directory `/«PKGBUILDDIR»/unix2_chkpwd'
rm -f unix2_chkpwd unix2_chkpwd.o
make[1]: Leaving directory `/«PKGBUILDDIR»/unix2_chkpwd'
dh_clean 
 debian/rules build-arch
dh_testdir
autoreconf -vf
autoreconf: Entering directory `.'
autoreconf: configure.in: not running autopoint: --install not given
autoreconf: running: aclocal --force -I m4
autoreconf: configure.in: tracing
autoreconf: configure.in: not using Libtool
autoreconf: running: /usr/bin/autoconf --force
autoreconf: running: /usr/bin/autoheader --force
autoreconf: running: automake --force-missing
autoreconf: Leaving directory `.'
cp -f /usr/share/misc/config.sub config.sub
cp -f /usr/share/misc/config.guess config.guess
./configure --build x86_64-linux-gnu --prefix=/usr --mandir=\${prefix}/share/man --infodir=\${prefix}/share/info
checking for a BSD-compatible install... /usr/bin/install -c
checking whether build environment is sane... yes
checking for a thread-safe mkdir -p... /bin/mkdir -p
checking for gawk... no
checking for mawk... mawk
checking whether make sets $(MAKE)... yes
checking for gcc... gcc
checking whether the C compiler works... yes
checking for C compiler default output file name... a.out
checking for suffix of executables... 
checking whether we are cross compiling... no
checking for suffix of object files... o
checking whether we are using the GNU C compiler... yes
checking whether gcc accepts -g... yes
checking for gcc option to accept ISO C89... none needed
checking for style of include used by make... GNU
checking dependency style of gcc... gcc3
checking whether make sets $(MAKE)... (cached) yes
checking how to run the C preprocessor... gcc -E
checking for grep that handles long lines and -e... /bin/grep
checking for egrep... /bin/grep -E
checking for ANSI C header files... yes
checking for sys/types.h... yes
checking for sys/stat.h... yes
checking for stdlib.h... yes
checking for string.h... yes
checking for memory.h... yes
checking for strings.h... yes
checking for inttypes.h... yes
checking for stdint.h... yes
checking for unistd.h... yes
checking minix/config.h usability... no
checking minix/config.h presence... no
checking for minix/config.h... no
checking whether it is safe to define __EXTENSIONS__... yes
checking for library containing crypt... -lxcrypt
checking for dlerror in -ldl... yes
checking for yp_get_default_domain in -lnsl... yes
checking for pam_start in -lpam... yes
checking for is_selinux_enabled in -lselinux... no
checking for ANSI C header files... (cached) yes
checking xcrypt.h usability... yes
checking xcrypt.h presence... yes
checking for xcrypt.h... yes
checking crypt.h usability... yes
checking crypt.h presence... yes
checking for crypt.h... yes
checking for stdlib.h... (cached) yes
checking pwd.h usability... yes
checking pwd.h presence... yes
checking for pwd.h... yes
checking for sys/types.h... (cached) yes
checking syslog.h usability... yes
checking syslog.h presence... yes
checking for syslog.h... yes
checking sys/syslog.h usability... yes
checking sys/syslog.h presence... yes
checking for sys/syslog.h... yes
checking for string.h... (cached) yes
checking for strings.h... (cached) yes
checking security/pam_appl.h usability... yes
checking security/pam_appl.h presence... yes
checking for security/pam_appl.h... yes
checking security/pam_modules.h usability... yes
checking security/pam_modules.h presence... yes
checking for security/pam_modules.h... yes
checking security/pam_ext.h usability... yes
checking security/pam_ext.h presence... yes
checking for security/pam_ext.h... yes
checking for pam_vprompt... yes
checking for pam_prompt... yes
checking for pam_syslog... yes
checking sys/xattr.h usability... yes
checking sys/xattr.h presence... yes
checking for sys/xattr.h... yes
checking for llistxattr... yes
checking for lgetxattr... yes
checking for lsetxattr... yes
checking for fprintf... yes
checking for snprintf... yes
checking for syslog... yes
checking for strncmp... yes
checking for getline... yes
checking for getdelim... yes
checking for crypt... yes
checking for crypt_r... yes
checking for crypt_rn... yes
checking for crypt_gensalt_rn... yes
checking for bigcrypt... yes
checking for the ld -shared flag... no
checking whether NLS is requested... yes
checking for msgfmt... /usr/bin/msgfmt
checking for gmsgfmt... /usr/bin/msgfmt
checking for xgettext... /usr/bin/xgettext
checking for msgmerge... /usr/bin/msgmerge
checking build system type... x86_64-pc-linux-gnu
checking host system type... x86_64-pc-linux-gnu
checking for ld used by GCC... /usr/bin/ld
checking if the linker (/usr/bin/ld) is GNU ld... yes
checking for shared library run path origin... done
checking for CFPreferencesCopyAppValue... no
checking for CFLocaleCopyCurrent... no
checking for GNU gettext in libc... no
checking for iconv... no, consider installing GNU libiconv
checking for GNU gettext in libintl... no
checking whether to use NLS... no
configure: creating ./config.status
config.status: creating doc/Makefile
config.status: creating etc/Makefile
config.status: creating src/Makefile
config.status: creating Makefile
config.status: creating po/Makefile.in
config.status: creating m4/Makefile
config.status: creating config.h
config.status: executing depfiles commands
config.status: executing po-directories commands
config.status: creating po/POTFILES
config.status: creating po/Makefile
dh_testdir
/usr/bin/make
make[1]: Entering directory `/«PKGBUILDDIR»'
/usr/bin/make  all-recursive
make[2]: Entering directory `/«PKGBUILDDIR»'
Making all in m4
make[3]: Entering directory `/«PKGBUILDDIR»/m4'
make[3]: Nothing to be done for `all'.
make[3]: Leaving directory `/«PKGBUILDDIR»/m4'
Making all in src
make[3]: Entering directory `/«PKGBUILDDIR»/src'
gcc -DHAVE_CONFIG_H -I. -I..   -D_FORTIFY_SOURCE=2 -D_REENTRANT -DPAMDIR=\"/lib/security\" -DSYSCONFDIR=\"/etc/security\" -Wall -g -O2 -fstack-protector --param=ssp-buffer-size=4 -Wformat -Werror=format-security -fPIC -DPIC -MT passwd_nss.o -MD -MP -MF .deps/passwd_nss.Tpo -c -o passwd_nss.o passwd_nss.c
mv -f .deps/passwd_nss.Tpo .deps/passwd_nss.Po
gcc -DHAVE_CONFIG_H -I. -I..   -D_FORTIFY_SOURCE=2 -D_REENTRANT -DPAMDIR=\"/lib/security\" -DSYSCONFDIR=\"/etc/security\" -Wall -g -O2 -fstack-protector --param=ssp-buffer-size=4 -Wformat -Werror=format-security -fPIC -DPIC -MT unix_acct.o -MD -MP -MF .deps/unix_acct.Tpo -c -o unix_acct.o unix_acct.c
mv -f .deps/unix_acct.Tpo .deps/unix_acct.Po
gcc -DHAVE_CONFIG_H -I. -I..   -D_FORTIFY_SOURCE=2 -D_REENTRANT -DPAMDIR=\"/lib/security\" -DSYSCONFDIR=\"/etc/security\" -Wall -g -O2 -fstack-protector --param=ssp-buffer-size=4 -Wformat -Werror=format-security -fPIC -DPIC -MT get_options.o -MD -MP -MF .deps/get_options.Tpo -c -o get_options.o get_options.c
mv -f .deps/get_options.Tpo .deps/get_options.Po
gcc -DHAVE_CONFIG_H -I. -I..   -D_FORTIFY_SOURCE=2 -D_REENTRANT -DPAMDIR=\"/lib/security\" -DSYSCONFDIR=\"/etc/security\" -Wall -g -O2 -fstack-protector --param=ssp-buffer-size=4 -Wformat -Werror=format-security -fPIC -DPIC -MT unix_passwd.o -MD -MP -MF .deps/unix_passwd.Tpo -c -o unix_passwd.o unix_passwd.c
unix_passwd.c:851:15: warning: variable 'passwd_tmp' is used uninitialized whenever 'if' condition is true [-Wsometimes-uninitialized]
          if (fclose (newpf) != 0)
              ^~~~~~~~~~~~~~~~~~~
unix_passwd.c:1005:12: note: uninitialized use occurs here
          unlink (passwd_tmp);
                  ^~~~~~~~~~
unix_passwd.c:851:11: note: remove the 'if' if its condition is always false
          if (fclose (newpf) != 0)
          ^~~~~~~~~~~~~~~~~~~~~~~~
unix_passwd.c:843:15: warning: variable 'passwd_tmp' is used uninitialized whenever 'if' condition is true [-Wsometimes-uninitialized]
          if (fclose (oldpf) != 0)
              ^~~~~~~~~~~~~~~~~~~
unix_passwd.c:1005:12: note: uninitialized use occurs here
          unlink (passwd_tmp);
                  ^~~~~~~~~~
unix_passwd.c:843:11: note: remove the 'if' if its condition is always false
          if (fclose (oldpf) != 0)
          ^~~~~~~~~~~~~~~~~~~~~~~~
unix_passwd.c:875:4: note: variable 'passwd_tmp' is declared here
          char *passwd_tmp =
          ^
2 warnings generated.
mv -f .deps/unix_passwd.Tpo .deps/unix_passwd.Po
gcc -DHAVE_CONFIG_H -I. -I..   -D_FORTIFY_SOURCE=2 -D_REENTRANT -DPAMDIR=\"/lib/security\" -DSYSCONFDIR=\"/etc/security\" -Wall -g -O2 -fstack-protector --param=ssp-buffer-size=4 -Wformat -Werror=format-security -fPIC -DPIC -MT yppasswd_xdr.o -MD -MP -MF .deps/yppasswd_xdr.Tpo -c -o yppasswd_xdr.o yppasswd_xdr.c
mv -f .deps/yppasswd_xdr.Tpo .deps/yppasswd_xdr.Po
gcc -DHAVE_CONFIG_H -I. -I..   -D_FORTIFY_SOURCE=2 -D_REENTRANT -DPAMDIR=\"/lib/security\" -DSYSCONFDIR=\"/etc/security\" -Wall -g -O2 -fstack-protector --param=ssp-buffer-size=4 -Wformat -Werror=format-security -fPIC -DPIC -MT support.o -MD -MP -MF .deps/support.Tpo -c -o support.o support.c
mv -f .deps/support.Tpo .deps/support.Po
gcc -DHAVE_CONFIG_H -I. -I..   -D_FORTIFY_SOURCE=2 -D_REENTRANT -DPAMDIR=\"/lib/security\" -DSYSCONFDIR=\"/etc/security\" -Wall -g -O2 -fstack-protector --param=ssp-buffer-size=4 -Wformat -Werror=format-security -fPIC -DPIC -MT unix_auth.o -MD -MP -MF .deps/unix_auth.Tpo -c -o unix_auth.o unix_auth.c
unix_auth.c:174:6: warning: ignoring return value of function declared with warn_unused_result attribute [-Wunused-result]
            write(fds[1], passwd, strlen(passwd)+1);
            ^~~~~ ~~~~~~~~~~~~~~~~~~~~~~~~~~~~~~~~
unix_auth.c:177:6: warning: ignoring return value of function declared with warn_unused_result attribute [-Wunused-result]
            write(fds[1], "", 1);                        /* blank password */
            ^~~~~ ~~~~~~~~~~~~~
2 warnings generated.
mv -f .deps/unix_auth.Tpo .deps/unix_auth.Po
gcc -DHAVE_CONFIG_H -I. -I..   -D_FORTIFY_SOURCE=2 -D_REENTRANT -DPAMDIR=\"/lib/security\" -DSYSCONFDIR=\"/etc/security\" -Wall -g -O2 -fstack-protector --param=ssp-buffer-size=4 -Wformat -Werror=format-security -fPIC -DPIC -MT unix_sess.o -MD -MP -MF .deps/unix_sess.Tpo -c -o unix_sess.o unix_sess.c
mv -f .deps/unix_sess.Tpo .deps/unix_sess.Po
gcc -DHAVE_CONFIG_H -I. -I..   -D_FORTIFY_SOURCE=2 -D_REENTRANT -DPAMDIR=\"/lib/security\" -DSYSCONFDIR=\"/etc/security\" -Wall -g -O2 -fstack-protector --param=ssp-buffer-size=4 -Wformat -Werror=format-security -fPIC -DPIC -MT read-files.o -MD -MP -MF .deps/read-files.Tpo -c -o read-files.o read-files.c
read-files.c:344:3: warning: implicit declaration of function '__libc_lock_define_initialized' is invalid in C99 [-Wimplicit-function-declaration]
  __libc_lock_define_initialized (static, lock)
  ^
read-files.c:344:35: error: expected expression
  __libc_lock_define_initialized (static, lock)
                                  ^
read-files.c:348:3: warning: implicit declaration of function '__libc_lock_lock' is invalid in C99 [-Wimplicit-function-declaration]
  __libc_lock_lock (lock);
  ^
read-files.c:348:21: error: use of undeclared identifier 'lock'
  __libc_lock_lock (lock);
                    ^
read-files.c:350:3: error: use of undeclared identifier 'status'
  status = internal_setent (&stream, "/shadow");
  ^
read-files.c:351:7: error: use of undeclared identifier 'status'
  if (status == NSS_STATUS_SUCCESS)
      ^
read-files.c:354:15: error: use of undeclared identifier 'status'; did you mean 'static'?
      while ((status = internal_getspent (stream, result, buffer, buflen,
              ^
read-files.c:364:3: warning: implicit declaration of function '__libc_lock_unlock' is invalid in C99 [-Wimplicit-function-declaration]
  __libc_lock_unlock (lock);
  ^
read-files.c:364:23: error: use of undeclared identifier 'lock'
  __libc_lock_unlock (lock);
                      ^
read-files.c:366:10: error: use of undeclared identifier 'status'
  return status;
         ^
read-files.c:374:35: error: expected expression
  __libc_lock_define_initialized (static, lock)
                                  ^
read-files.c:378:21: error: use of undeclared identifier 'lock'
  __libc_lock_lock (lock);
                    ^
read-files.c:380:3: error: use of undeclared identifier 'status'
  status = internal_setent (&stream, "/passwd");
  ^
read-files.c:381:7: error: use of undeclared identifier 'status'
  if (status == NSS_STATUS_SUCCESS)
      ^
read-files.c:384:15: error: use of undeclared identifier 'status'; did you mean 'static'?
      while ((status = internal_getpwent (stream, result, buffer, buflen,
              ^
read-files.c:394:23: error: use of undeclared identifier 'lock'
  __libc_lock_unlock (lock);
                      ^
read-files.c:396:10: error: use of undeclared identifier 'status'
  return status;
         ^
3 warnings and 14 errors generated.
make[3]: *** [read-files.o] Error 1
make[3]: Leaving directory `/«PKGBUILDDIR»/src'
make[2]: *** [all-recursive] Error 1
make[1]: *** [all] Error 2
make: *** [build-stamp] Error 2
make[2]: Leaving directory `/«PKGBUILDDIR»'
make[1]: Leaving directory `/«PKGBUILDDIR»'
dpkg-buildpackage: error: debian/rules build-arch gave error exit status 2
────────────────────────────────────────────────────────────────────────────────
Build finished at 20130128-0551

Finished
────────

E: Build failure (dpkg-buildpackage died)

┌──────────────────────────────────────────────────────────────────────────────┐
│ Cleanup                                                                      │
└──────────────────────────────────────────────────────────────────────────────┘

Purging /«BUILDDIR»
Not cleaning session: cloned chroot in use

┌──────────────────────────────────────────────────────────────────────────────┐
│ Summary                                                                      │
└──────────────────────────────────────────────────────────────────────────────┘

Architecture: amd64
Build-Space: 3216
Build-Time: 13
Distribution: unstable
Fail-Stage: build
Install-Time: 7
Job: libpam-unix2_1:2.4.1-6
Package: libpam-unix2
Package-Time: 49
Source-Version: 1:2.4.1-6
Space: 3216
Status: attempted
Version: 1:2.4.1-6
────────────────────────────────────────────────────────────────────────────────
Finished at 20130128-0551
Build needed 00:00:49, 3216k disc space
DC-Status: Failed 49.896152s
