DC-Build-Header: mimetic 0.9.7-3 / Mon Jan 28 04:59:47 +0000 2013
DC-Task: logfile:/tmp/mimetic_0.9.7-3_unstable_clang.log version:0.9.7-3 chroot:unstable modes:binary-only:clang source:mimetic architecture:any esttime:142
DC-Sbuild-call: su user -c 'sbuild -n --apt-update -d unstable -v  --chroot-setup-commands=/tmp/switch-to-clang mimetic_0.9.7-3'
Could not create '/sbuild-nonexistent/logs': No such file or directory
Could not create '/sbuild-nonexistent/logs': No such file or directory
sbuild (Debian sbuild) 0.62.5 (13 Jul 2011) on ip-10-30-141-233.ec2.internal

╔══════════════════════════════════════════════════════════════════════════════╗
║ mimetic 0.9.7-3 (amd64)                                    28 Jan 2013 04:59 ║
╚══════════════════════════════════════════════════════════════════════════════╝

Package: mimetic
Version: 0.9.7-3
Source Version: 0.9.7-3
Distribution: unstable
Architecture: amd64

I: NOTICE: Log filtering will replace 'build/mimetic-wZ6txI/mimetic-0.9.7' with '«PKGBUILDDIR»'
I: NOTICE: Log filtering will replace 'build/mimetic-wZ6txI' with '«BUILDDIR»'
I: NOTICE: Log filtering will replace 'var/lib/schroot/mount/unstable-amd64-sbuild-5727787b-8721-4e3d-a4bb-92602ff2d6c8' with '«CHROOT»'

┌──────────────────────────────────────────────────────────────────────────────┐
│ Update chroot                                                                │
└──────────────────────────────────────────────────────────────────────────────┘

Ign http://localhost unstable InRelease
Get:1 http://localhost unstable Release.gpg [836 B]
Get:2 http://localhost unstable Release [227 kB]
Ign http://localhost unstable/main Sources/DiffIndex
Ign http://localhost unstable/main amd64 Packages/DiffIndex
Get:3 http://localhost unstable/main Translation-en/DiffIndex [7876 B]
Get:4 http://localhost unstable/main 2013-01-27-2011.16.pdiff [737 B]
Get:5 http://localhost unstable/main 2013-01-27-2011.16.pdiff [737 B]
Get:6 http://localhost unstable/main Sources [8236 kB]
Get:7 http://localhost unstable/main amd64 Packages [8284 kB]
Get:8 http://localhost unstable/main 2013-01-28-0212.01.pdiff [43 B]
Get:9 http://localhost unstable/main 2013-01-28-0212.01.pdiff [43 B]
Fetched 16.8 MB in 3s (5435 kB/s)
Reading package lists...
Reading package lists...
Building dependency tree...
Reading state information...
0 upgraded, 0 newly installed, 0 to remove and 0 not upgraded.

┌──────────────────────────────────────────────────────────────────────────────┐
│ Fetch source files                                                           │
└──────────────────────────────────────────────────────────────────────────────┘


Check APT
─────────

Checking available source versions...

Download source files with APT
──────────────────────────────

Reading package lists...
Building dependency tree...
Reading state information...
NOTICE: 'mimetic' packaging is maintained in the 'Git' version control system at:
git://git.toastfreeware.priv.at/debian/mimetic.git
Need to get 565 kB of source archives.
Get:1 http://localhost/debian/ unstable/main mimetic 0.9.7-3 (dsc) [2069 B]
Get:2 http://localhost/debian/ unstable/main mimetic 0.9.7-3 (tar) [557 kB]
Get:3 http://localhost/debian/ unstable/main mimetic 0.9.7-3 (diff) [5832 B]
Fetched 565 kB in 0s (2396 kB/s)
Download complete and in download only mode

Check arch
──────────


┌──────────────────────────────────────────────────────────────────────────────┐
│ Chroot Setup Commands                                                        │
└──────────────────────────────────────────────────────────────────────────────┘


/tmp/switch-to-clang
────────────────────

+ echo 'Entering customization script...'
Entering customization script...
+ echo 'Add experimental as repository'
Add experimental as repository
+ echo deb http://localhost:9999/debian experimental main
+ apt-get update
Ign http://localhost unstable InRelease
Ign http://localhost experimental InRelease
Hit http://localhost unstable Release.gpg
Get:1 http://localhost experimental Release.gpg [836 B]
Hit http://localhost unstable Release
Get:2 http://localhost experimental Release [161 kB]
Ign http://localhost unstable/main Sources/DiffIndex
Ign http://localhost unstable/main amd64 Packages/DiffIndex
Hit http://localhost unstable/main Translation-en/DiffIndex
Get:3 http://localhost experimental/main Translation-en [704 kB]
Get:4 http://localhost experimental/main amd64 Packages [1605 kB]
Hit http://localhost unstable/main Sources
Hit http://localhost unstable/main amd64 Packages
Fetched 2471 kB in 1s (1394 kB/s)
Reading package lists...
+ echo 'Install of clang'
Install of clang
+ apt-get update
Ign http://localhost unstable InRelease
Ign http://localhost experimental InRelease
Hit http://localhost unstable Release.gpg
Hit http://localhost experimental Release.gpg
Hit http://localhost unstable Release
Hit http://localhost experimental Release
Ign http://localhost unstable/main Sources/DiffIndex
Ign http://localhost unstable/main amd64 Packages/DiffIndex
Hit http://localhost unstable/main Translation-en/DiffIndex
Ign http://localhost experimental/main amd64 Packages/DiffIndex
Get:1 http://localhost experimental/main Translation-en/DiffIndex [7819 B]
Hit http://localhost unstable/main Sources
Hit http://localhost unstable/main amd64 Packages
Hit http://localhost experimental/main amd64 Packages
Fetched 7819 B in 2s (3186 B/s)
Reading package lists...
+ apt-get install --yes --no-install-recommends clang -t experimental
Reading package lists...
Building dependency tree...
Reading state information...
The following extra packages will be installed:
  clang-3.2 compiler-rt cpp-4.7 g++-4.7 gcc-4.7 gcc-4.7-base gcc-4.8-base
  libc-dev-bin libc6 libc6-dev libclang-common-dev libexpat1 libffi5
  libgcc-4.7-dev libgcc1 libgomp1 libitm1 libllvm3.2 libncurses5 libncursesw5
  libobjc-4.7-dev libobjc4 libpython2.7-minimal libpython2.7-stdlib
  libquadmath0 libsqlite3-0 libssl1.0.0 libstdc++6 libstdc++6-4.7-dev
  libtinfo5 mime-support python python-minimal python2.7 python2.7-minimal
Suggested packages:
  gcc-4.7-locales g++-4.7-multilib gcc-4.7-doc libstdc++6-4.7-dbg
  gcc-4.7-multilib libmudflap0-4.7-dev libgcc1-dbg libgomp1-dbg libitm1-dbg
  libquadmath0-dbg libmudflap0-dbg libcloog-ppl0 libppl-c2 libppl7
  binutils-gold glibc-doc libstdc++6-4.7-doc python-doc python-tk
  python2.7-doc binfmt-support
Recommended packages:
  llvm-3.2-dev manpages-dev file
The following NEW packages will be installed:
  clang clang-3.2 compiler-rt gcc-4.8-base libclang-common-dev libexpat1
  libffi5 libgcc-4.7-dev libllvm3.2 libncursesw5 libobjc-4.7-dev libobjc4
  libpython2.7-minimal libpython2.7-stdlib libsqlite3-0 libssl1.0.0
  mime-support python python-minimal python2.7 python2.7-minimal
The following packages will be upgraded:
  cpp-4.7 g++-4.7 gcc-4.7 gcc-4.7-base libc-dev-bin libc6 libc6-dev libgcc1
  libgomp1 libitm1 libncurses5 libquadmath0 libstdc++6 libstdc++6-4.7-dev
  libtinfo5
15 upgraded, 21 newly installed, 0 to remove and 24 not upgraded.
Need to get 56.7 MB of archives.
After this operation, 72.6 MB of additional disk space will be used.
Get:1 http://localhost/debian/ experimental/main gcc-4.8-base amd64 4.8-20130127-1 [147 kB]
Get:2 http://localhost/debian/ experimental/main libc6-dev amd64 2.16-0experimental1 [3086 kB]
Get:3 http://localhost/debian/ experimental/main libc-dev-bin amd64 2.16-0experimental1 [226 kB]
Get:4 http://localhost/debian/ experimental/main libc6 amd64 2.16-0experimental1 [4729 kB]
Get:5 http://localhost/debian/ experimental/main libgcc1 amd64 1:4.8-20130127-1 [43.7 kB]
Get:6 http://localhost/debian/ experimental/main libstdc++6 amd64 4.8-20130127-1 [335 kB]
Get:7 http://localhost/debian/ experimental/main libtinfo5 amd64 5.9+20130119-1 [294 kB]
Get:8 http://localhost/debian/ experimental/main libncurses5 amd64 5.9+20130119-1 [115 kB]
Get:9 http://localhost/debian/ experimental/main libncursesw5 amd64 5.9+20130119-1 [142 kB]
Get:10 http://localhost/debian/ unstable/main libssl1.0.0 amd64 1.0.1c-4 [1213 kB]
Get:11 http://localhost/debian/ unstable/main libsqlite3-0 amd64 3.7.15.2-1 [463 kB]
Get:12 http://localhost/debian/ experimental/main libexpat1 amd64 2.1.0-2 [138 kB]
Get:13 http://localhost/debian/ unstable/main libffi5 amd64 3.0.10-3 [24.8 kB]
Get:14 http://localhost/debian/ experimental/main libgomp1 amd64 4.8-20130127-1 [27.4 kB]
Get:15 http://localhost/debian/ experimental/main libitm1 amd64 4.8-20130127-1 [37.7 kB]
Get:16 http://localhost/debian/ unstable/main libllvm3.2 amd64 3.2-2 [7865 kB]
Get:17 http://localhost/debian/ experimental/main libobjc4 amd64 4.8-20130127-1 [163 kB]
Get:18 http://localhost/debian/ experimental/main libquadmath0 amd64 4.8-20130127-1 [139 kB]
Get:19 http://localhost/debian/ experimental/main libstdc++6-4.7-dev amd64 4.7.2-19 [1678 kB]
Get:20 http://localhost/debian/ experimental/main g++-4.7 amd64 4.7.2-19 [5877 kB]
Get:21 http://localhost/debian/ experimental/main gcc-4.7 amd64 4.7.2-19 [5831 kB]
Get:22 http://localhost/debian/ experimental/main cpp-4.7 amd64 4.7.2-19 [5416 kB]
Get:23 http://localhost/debian/ experimental/main libgcc-4.7-dev amd64 4.7.2-19 [2465 kB]
Get:24 http://localhost/debian/ experimental/main gcc-4.7-base amd64 4.7.2-19 [148 kB]
Get:25 http://localhost/debian/ experimental/main mime-support all 3.53~experimental2 [36.5 kB]
Get:26 http://localhost/debian/ experimental/main libpython2.7-minimal amd64 2.7.3-15 [531 kB]
Get:27 http://localhost/debian/ experimental/main python2.7-minimal amd64 2.7.3-15 [1220 kB]
Get:28 http://localhost/debian/ experimental/main libpython2.7-stdlib amd64 2.7.3-15 [2367 kB]
Get:29 http://localhost/debian/ experimental/main python2.7 amd64 2.7.3-15 [326 kB]
Get:30 http://localhost/debian/ experimental/main python-minimal amd64 2.7.3-10 [41.8 kB]
Get:31 http://localhost/debian/ experimental/main python amd64 2.7.3-10 [184 kB]
Get:32 http://localhost/debian/ experimental/main libobjc-4.7-dev amd64 4.7.2-19 [717 kB]
Get:33 http://localhost/debian/ experimental/main libclang-common-dev amd64 3.2-1~exp5 [303 kB]
Get:34 http://localhost/debian/ experimental/main compiler-rt amd64 3.2-1~exp5 [315 kB]
Get:35 http://localhost/debian/ experimental/main clang-3.2 amd64 3.2-1~exp5 [10.1 MB]
Get:36 http://localhost/debian/ experimental/main clang all 3.2-1~exp5 [9506 B]
debconf: delaying package configuration, since apt-utils is not installed
Fetched 56.7 MB in 1s (38.3 MB/s)
Selecting previously unselected package gcc-4.8-base:amd64.
(Reading database ... 13484 files and directories currently installed.)
Unpacking gcc-4.8-base:amd64 (from .../gcc-4.8-base_4.8-20130127-1_amd64.deb) ...
Setting up gcc-4.8-base:amd64 (4.8-20130127-1) ...
(Reading database ... 13491 files and directories currently installed.)
Preparing to replace libc6-dev:amd64 2.13-38 (using .../libc6-dev_2.16-0experimental1_amd64.deb) ...
Unpacking replacement libc6-dev:amd64 ...
Preparing to replace libc-dev-bin 2.13-38 (using .../libc-dev-bin_2.16-0experimental1_amd64.deb) ...
Unpacking replacement libc-dev-bin ...
Preparing to replace libc6:amd64 2.13-38 (using .../libc6_2.16-0experimental1_amd64.deb) ...
debconf: unable to initialize frontend: Dialog
debconf: (Dialog frontend will not work on a dumb terminal, an emacs shell buffer, or without a controlling terminal.)
debconf: falling back to frontend: Readline
debconf: unable to initialize frontend: Readline
debconf: (This frontend requires a controlling tty.)
debconf: falling back to frontend: Teletype
Checking for services that may need to be restarted...
Checking init scripts...
Unpacking replacement libc6:amd64 ...
Setting up libc6:amd64 (2.16-0experimental1) ...
debconf: unable to initialize frontend: Dialog
debconf: (Dialog frontend will not work on a dumb terminal, an emacs shell buffer, or without a controlling terminal.)
debconf: falling back to frontend: Readline
debconf: unable to initialize frontend: Readline
debconf: (This frontend requires a controlling tty.)
debconf: falling back to frontend: Teletype
Checking for services that may need to be restarted...
Checking init scripts...
Nothing to restart.
(Reading database ... 13509 files and directories currently installed.)
Preparing to replace libgcc1:amd64 1:4.7.2-5 (using .../libgcc1_1%3a4.8-20130127-1_amd64.deb) ...
Unpacking replacement libgcc1:amd64 ...
Setting up libgcc1:amd64 (1:4.8-20130127-1) ...
(Reading database ... 13509 files and directories currently installed.)
Preparing to replace libstdc++6:amd64 4.7.2-5 (using .../libstdc++6_4.8-20130127-1_amd64.deb) ...
Unpacking replacement libstdc++6:amd64 ...
Setting up libstdc++6:amd64 (4.8-20130127-1) ...
(Reading database ... 13509 files and directories currently installed.)
Preparing to replace libtinfo5:amd64 5.9-10 (using .../libtinfo5_5.9+20130119-1_amd64.deb) ...
Unpacking replacement libtinfo5:amd64 ...
Setting up libtinfo5:amd64 (5.9+20130119-1) ...
(Reading database ... 13509 files and directories currently installed.)
Preparing to replace libncurses5:amd64 5.9-10 (using .../libncurses5_5.9+20130119-1_amd64.deb) ...
Unpacking replacement libncurses5:amd64 ...
Setting up libncurses5:amd64 (5.9+20130119-1) ...
Selecting previously unselected package libncursesw5:amd64.
(Reading database ... 13509 files and directories currently installed.)
Unpacking libncursesw5:amd64 (from .../libncursesw5_5.9+20130119-1_amd64.deb) ...
Selecting previously unselected package libssl1.0.0:amd64.
Unpacking libssl1.0.0:amd64 (from .../libssl1.0.0_1.0.1c-4_amd64.deb) ...
Selecting previously unselected package libsqlite3-0:amd64.
Unpacking libsqlite3-0:amd64 (from .../libsqlite3-0_3.7.15.2-1_amd64.deb) ...
Selecting previously unselected package libexpat1:amd64.
Unpacking libexpat1:amd64 (from .../libexpat1_2.1.0-2_amd64.deb) ...
Selecting previously unselected package libffi5:amd64.
Unpacking libffi5:amd64 (from .../libffi5_3.0.10-3_amd64.deb) ...
Preparing to replace libgomp1:amd64 4.7.2-5 (using .../libgomp1_4.8-20130127-1_amd64.deb) ...
Unpacking replacement libgomp1:amd64 ...
Preparing to replace libitm1:amd64 4.7.2-5 (using .../libitm1_4.8-20130127-1_amd64.deb) ...
Unpacking replacement libitm1:amd64 ...
Selecting previously unselected package libllvm3.2:amd64.
Unpacking libllvm3.2:amd64 (from .../libllvm3.2_3.2-2_amd64.deb) ...
Selecting previously unselected package libobjc4:amd64.
Unpacking libobjc4:amd64 (from .../libobjc4_4.8-20130127-1_amd64.deb) ...
Preparing to replace libquadmath0:amd64 4.7.2-5 (using .../libquadmath0_4.8-20130127-1_amd64.deb) ...
Unpacking replacement libquadmath0:amd64 ...
Preparing to replace libstdc++6-4.7-dev 4.7.2-5 (using .../libstdc++6-4.7-dev_4.7.2-19_amd64.deb) ...
Unpacking replacement libstdc++6-4.7-dev:amd64 ...
Preparing to replace g++-4.7 4.7.2-5 (using .../g++-4.7_4.7.2-19_amd64.deb) ...
Unpacking replacement g++-4.7 ...
Preparing to replace gcc-4.7 4.7.2-5 (using .../gcc-4.7_4.7.2-19_amd64.deb) ...
Unpacking replacement gcc-4.7 ...
Preparing to replace cpp-4.7 4.7.2-5 (using .../cpp-4.7_4.7.2-19_amd64.deb) ...
Unpacking replacement cpp-4.7 ...
Selecting previously unselected package libgcc-4.7-dev:amd64.
Unpacking libgcc-4.7-dev:amd64 (from .../libgcc-4.7-dev_4.7.2-19_amd64.deb) ...
Preparing to replace gcc-4.7-base:amd64 4.7.2-5 (using .../gcc-4.7-base_4.7.2-19_amd64.deb) ...
Unpacking replacement gcc-4.7-base:amd64 ...
Selecting previously unselected package mime-support.
Unpacking mime-support (from .../mime-support_3.53~experimental2_all.deb) ...
Selecting previously unselected package libpython2.7-minimal:amd64.
Unpacking libpython2.7-minimal:amd64 (from .../libpython2.7-minimal_2.7.3-15_amd64.deb) ...
Selecting previously unselected package python2.7-minimal.
Unpacking python2.7-minimal (from .../python2.7-minimal_2.7.3-15_amd64.deb) ...
Selecting previously unselected package libpython2.7-stdlib:amd64.
Unpacking libpython2.7-stdlib:amd64 (from .../libpython2.7-stdlib_2.7.3-15_amd64.deb) ...
Selecting previously unselected package python2.7.
Unpacking python2.7 (from .../python2.7_2.7.3-15_amd64.deb) ...
Selecting previously unselected package python-minimal.
Unpacking python-minimal (from .../python-minimal_2.7.3-10_amd64.deb) ...
Selecting previously unselected package python.
Unpacking python (from .../python_2.7.3-10_amd64.deb) ...
Selecting previously unselected package libobjc-4.7-dev:amd64.
Unpacking libobjc-4.7-dev:amd64 (from .../libobjc-4.7-dev_4.7.2-19_amd64.deb) ...
Selecting previously unselected package libclang-common-dev.
Unpacking libclang-common-dev (from .../libclang-common-dev_3.2-1~exp5_amd64.deb) ...
Selecting previously unselected package compiler-rt.
Unpacking compiler-rt (from .../compiler-rt_3.2-1~exp5_amd64.deb) ...
Selecting previously unselected package clang-3.2.
Unpacking clang-3.2 (from .../clang-3.2_3.2-1~exp5_amd64.deb) ...
Selecting previously unselected package clang.
Unpacking clang (from .../clang_3.2-1~exp5_all.deb) ...
Setting up libc-dev-bin (2.16-0experimental1) ...
Setting up libc6-dev:amd64 (2.16-0experimental1) ...
Setting up libncursesw5:amd64 (5.9+20130119-1) ...
Setting up libssl1.0.0:amd64 (1.0.1c-4) ...
debconf: unable to initialize frontend: Dialog
debconf: (Dialog frontend will not work on a dumb terminal, an emacs shell buffer, or without a controlling terminal.)
debconf: falling back to frontend: Readline
debconf: unable to initialize frontend: Readline
debconf: (This frontend requires a controlling tty.)
debconf: falling back to frontend: Teletype
Setting up libsqlite3-0:amd64 (3.7.15.2-1) ...
Setting up libexpat1:amd64 (2.1.0-2) ...
Setting up libffi5:amd64 (3.0.10-3) ...
Setting up libgomp1:amd64 (4.8-20130127-1) ...
Setting up libitm1:amd64 (4.8-20130127-1) ...
Setting up libllvm3.2:amd64 (3.2-2) ...
Setting up libobjc4:amd64 (4.8-20130127-1) ...
Setting up libquadmath0:amd64 (4.8-20130127-1) ...
Setting up gcc-4.7-base:amd64 (4.7.2-19) ...
Setting up libgcc-4.7-dev:amd64 (4.7.2-19) ...
Setting up libstdc++6-4.7-dev:amd64 (4.7.2-19) ...
Setting up cpp-4.7 (4.7.2-19) ...
Setting up gcc-4.7 (4.7.2-19) ...
Setting up g++-4.7 (4.7.2-19) ...
Setting up mime-support (3.53~experimental2) ...
Setting up libpython2.7-minimal:amd64 (2.7.3-15) ...
Setting up python2.7-minimal (2.7.3-15) ...
Linking and byte-compiling packages for runtime python2.7...
Setting up libpython2.7-stdlib:amd64 (2.7.3-15) ...
Setting up python2.7 (2.7.3-15) ...
Setting up python-minimal (2.7.3-10) ...
Setting up python (2.7.3-10) ...
Setting up libobjc-4.7-dev:amd64 (4.7.2-19) ...
Setting up libclang-common-dev (3.2-1~exp5) ...
Setting up compiler-rt (3.2-1~exp5) ...
Setting up clang-3.2 (3.2-1~exp5) ...
Setting up clang (3.2-1~exp5) ...
+ echo 'Replace gcc, g++ & cpp by clang'
Replace gcc, g++ & cpp by clang
+ VERSIONS='4.6 4.7'
+ cd /usr/bin
+ for VERSION in '$VERSIONS'
+ rm g++-4.6 gcc-4.6 cpp-4.6
+ ln -s clang++ g++-4.6
+ ln -s clang gcc-4.6
+ ln -s clang cpp-4.6
+ for VERSION in '$VERSIONS'
+ rm g++-4.7 gcc-4.7 cpp-4.7
+ ln -s clang++ g++-4.7
+ ln -s clang gcc-4.7
+ ln -s clang cpp-4.7
+ cd -
/«BUILDDIR»
+ echo 'Block the installation of new gcc version'
Block the installation of new gcc version
+ echo 'gcc-4.6 hold'
+ dpkg --set-selections
+ echo 'cpp-4.6 hold'
+ dpkg --set-selections
+ echo 'g++-4.6 hold'
+ dpkg --set-selections
+ echo 'gcc-4.7 hold'
+ dpkg --set-selections
+ echo 'cpp-4.7 hold'
+ dpkg --set-selections
+ echo 'g++-4.7 hold'
+ dpkg --set-selections
+ echo 'Check if gcc, g++ & cpp are actually clang'
Check if gcc, g++ & cpp are actually clang
+ gcc --version
+ grep clang
+ cpp --version
+ grep clang
+ g++ --version
+ grep clang

I: Finished running '/tmp/switch-to-clang'.

Finished processing commands.
────────────────────────────────────────────────────────────────────────────────
Merged Build-Depends: build-essential, fakeroot
Filtered Build-Depends: build-essential, fakeroot
dpkg-deb: building package `sbuild-build-depends-core-dummy' in `/«BUILDDIR»/resolver-j9RDt7/apt_archive/sbuild-build-depends-core-dummy.deb'.
OK
Reading package lists...

┌──────────────────────────────────────────────────────────────────────────────┐
│ Install core build dependencies (apt-based resolver)                         │
└──────────────────────────────────────────────────────────────────────────────┘

Installing build dependencies
Reading package lists...
Building dependency tree...
Reading state information...
The following NEW packages will be installed:
  sbuild-build-depends-core-dummy
debconf: delaying package configuration, since apt-utils is not installed
0 upgraded, 1 newly installed, 0 to remove and 0 not upgraded.
Need to get 0 B/710 B of archives.
After this operation, 0 B of additional disk space will be used.
Selecting previously unselected package sbuild-build-depends-core-dummy.
(Reading database ... 14674 files and directories currently installed.)
Unpacking sbuild-build-depends-core-dummy (from .../sbuild-build-depends-core-dummy.deb) ...
Setting up sbuild-build-depends-core-dummy (0.invalid.0) ...
Merged Build-Depends: base-files, base-passwd, bash, bsdutils, coreutils, dash, debianutils, diffutils, dpkg, e2fsprogs, findutils, grep, gzip, hostname, libc-bin, login, mount, ncurses-base, ncurses-bin, perl-base, sed, sysvinit, sysvinit-utils, tar, util-linux, libc6-dev | libc-dev, gcc (>= 4:4.4.3), g++ (>= 4:4.4.3), make, dpkg-dev (>= 1.13.5), debhelper (>= 9), dh-autoreconf, doxygen
Filtered Build-Depends: base-files, base-passwd, bash, bsdutils, coreutils, dash, debianutils, diffutils, dpkg, e2fsprogs, findutils, grep, gzip, hostname, libc-bin, login, mount, ncurses-base, ncurses-bin, perl-base, sed, sysvinit, sysvinit-utils, tar, util-linux, libc6-dev, gcc (>= 4:4.4.3), g++ (>= 4:4.4.3), make, dpkg-dev (>= 1.13.5), debhelper (>= 9), dh-autoreconf, doxygen
dpkg-deb: building package `sbuild-build-depends-mimetic-dummy' in `/«BUILDDIR»/resolver-c4iIby/apt_archive/sbuild-build-depends-mimetic-dummy.deb'.
OK
Reading package lists...

┌──────────────────────────────────────────────────────────────────────────────┐
│ Install mimetic build dependencies (apt-based resolver)                      │
└──────────────────────────────────────────────────────────────────────────────┘

Installing build dependencies
Reading package lists...
Building dependency tree...
Reading state information...
The following extra packages will be installed:
  autoconf automake autotools-dev bsdmainutils debhelper dh-autoreconf doxygen
  file gettext gettext-base groff-base html2text intltool-debian
  libasprintf-dev libasprintf0c2 libcroco3 libgettextpo-dev libgettextpo0
  libglib2.0-0 libmagic1 libpcre3 libpipeline1 libsigsegv2 libtool
  libunistring0 libxml2 m4 man-db po-debconf
Suggested packages:
  autoconf2.13 autoconf-archive gnu-standards autoconf-doc wamerican wordlist
  whois vacation dh-make doxygen-doc doxygen-gui graphviz gettext-doc groff
  libtool-doc automaken gfortran fortran95-compiler gcj less www-browser
  libmail-box-perl
Recommended packages:
  autopoint doxygen-latex curl wget lynx-cur libglib2.0-data shared-mime-info
  libltdl-dev xml-core libmail-sendmail-perl
The following NEW packages will be installed:
  autoconf automake autotools-dev bsdmainutils debhelper dh-autoreconf doxygen
  file gettext gettext-base groff-base html2text intltool-debian
  libasprintf-dev libasprintf0c2 libcroco3 libgettextpo-dev libgettextpo0
  libglib2.0-0 libmagic1 libpcre3 libpipeline1 libsigsegv2 libtool
  libunistring0 libxml2 m4 man-db po-debconf
  sbuild-build-depends-mimetic-dummy
0 upgraded, 30 newly installed, 0 to remove and 0 not upgraded.
Need to get 13.9 MB/13.9 MB of archives.
After this operation, 38.8 MB of additional disk space will be used.
Get:1 http://localhost/debian/ unstable/main libpipeline1 amd64 1.2.2-1 [39.9 kB]
Get:2 http://localhost/debian/ unstable/main groff-base amd64 1.22.1-2 [741 kB]
Get:3 http://localhost/debian/ unstable/main bsdmainutils amd64 9.0.4 [210 kB]
Get:4 http://localhost/debian/ unstable/main man-db amd64 2.6.3-3 [898 kB]
Get:5 http://localhost/debian/ unstable/main libasprintf0c2 amd64 0.18.1.1-10 [27.2 kB]
Get:6 http://localhost/debian/ unstable/main libmagic1 amd64 5.11-2 [202 kB]
Get:7 http://localhost/debian/ unstable/main libpcre3 amd64 1:8.31-2 [247 kB]
Get:8 http://localhost/debian/ unstable/main libxml2 amd64 2.8.0+dfsg1-7 [903 kB]
Get:9 http://localhost/debian/ unstable/main libglib2.0-0 amd64 2.33.12+really2.32.4-5 [1838 kB]
Get:10 http://localhost/debian/ unstable/main libcroco3 amd64 0.6.6-2 [134 kB]
Get:11 http://localhost/debian/ unstable/main libunistring0 amd64 0.9.3-5 [434 kB]
Get:12 http://localhost/debian/ unstable/main libgettextpo0 amd64 0.18.1.1-10 [145 kB]
Get:13 http://localhost/debian/ unstable/main file amd64 5.11-2 [51.8 kB]
Get:14 http://localhost/debian/ unstable/main gettext-base amd64 0.18.1.1-10 [154 kB]
Get:15 http://localhost/debian/ unstable/main libsigsegv2 amd64 2.9-4 [28.9 kB]
Get:16 http://localhost/debian/ unstable/main m4 amd64 1.4.16-4 [260 kB]
Get:17 http://localhost/debian/ unstable/main autoconf all 2.69-1 [589 kB]
Get:18 http://localhost/debian/ unstable/main autotools-dev all 20120608.1 [73.0 kB]
Get:19 http://localhost/debian/ unstable/main automake all 1:1.11.6-1 [607 kB]
Get:20 http://localhost/debian/ unstable/main html2text amd64 1.3.2a-15 [103 kB]
Get:21 http://localhost/debian/ unstable/main libasprintf-dev amd64 0.18.1.1-10 [26.8 kB]
Get:22 http://localhost/debian/ unstable/main libgettextpo-dev amd64 0.18.1.1-10 [184 kB]
Get:23 http://localhost/debian/ unstable/main gettext amd64 0.18.1.1-10 [1815 kB]
Get:24 http://localhost/debian/ unstable/main intltool-debian all 0.35.0+20060710.1 [30.8 kB]
Get:25 http://localhost/debian/ unstable/main po-debconf all 1.0.16+nmu2 [224 kB]
Get:26 http://localhost/debian/ unstable/main debhelper all 9.20120909 [705 kB]
Get:27 http://localhost/debian/ unstable/main libtool amd64 2.4.2-1.2 [621 kB]
Get:28 http://localhost/debian/ unstable/main dh-autoreconf all 7 [15.3 kB]
Get:29 http://localhost/debian/ unstable/main doxygen amd64 1.8.1.2-1 [2571 kB]
debconf: delaying package configuration, since apt-utils is not installed
Fetched 13.9 MB in 0s (27.7 MB/s)
Selecting previously unselected package libpipeline1:amd64.
(Reading database ... 14674 files and directories currently installed.)
Unpacking libpipeline1:amd64 (from .../libpipeline1_1.2.2-1_amd64.deb) ...
Selecting previously unselected package groff-base.
Unpacking groff-base (from .../groff-base_1.22.1-2_amd64.deb) ...
Selecting previously unselected package bsdmainutils.
Unpacking bsdmainutils (from .../bsdmainutils_9.0.4_amd64.deb) ...
Selecting previously unselected package man-db.
Unpacking man-db (from .../man-db_2.6.3-3_amd64.deb) ...
Selecting previously unselected package libasprintf0c2:amd64.
Unpacking libasprintf0c2:amd64 (from .../libasprintf0c2_0.18.1.1-10_amd64.deb) ...
Selecting previously unselected package libmagic1:amd64.
Unpacking libmagic1:amd64 (from .../libmagic1_5.11-2_amd64.deb) ...
Selecting previously unselected package libpcre3:amd64.
Unpacking libpcre3:amd64 (from .../libpcre3_1%3a8.31-2_amd64.deb) ...
Selecting previously unselected package libxml2:amd64.
Unpacking libxml2:amd64 (from .../libxml2_2.8.0+dfsg1-7_amd64.deb) ...
Selecting previously unselected package libglib2.0-0:amd64.
Unpacking libglib2.0-0:amd64 (from .../libglib2.0-0_2.33.12+really2.32.4-5_amd64.deb) ...
Selecting previously unselected package libcroco3:amd64.
Unpacking libcroco3:amd64 (from .../libcroco3_0.6.6-2_amd64.deb) ...
Selecting previously unselected package libunistring0:amd64.
Unpacking libunistring0:amd64 (from .../libunistring0_0.9.3-5_amd64.deb) ...
Selecting previously unselected package libgettextpo0:amd64.
Unpacking libgettextpo0:amd64 (from .../libgettextpo0_0.18.1.1-10_amd64.deb) ...
Selecting previously unselected package file.
Unpacking file (from .../archives/file_5.11-2_amd64.deb) ...
Selecting previously unselected package gettext-base.
Unpacking gettext-base (from .../gettext-base_0.18.1.1-10_amd64.deb) ...
Selecting previously unselected package libsigsegv2.
Unpacking libsigsegv2 (from .../libsigsegv2_2.9-4_amd64.deb) ...
Selecting previously unselected package m4.
Unpacking m4 (from .../archives/m4_1.4.16-4_amd64.deb) ...
Selecting previously unselected package autoconf.
Unpacking autoconf (from .../autoconf_2.69-1_all.deb) ...
Selecting previously unselected package autotools-dev.
Unpacking autotools-dev (from .../autotools-dev_20120608.1_all.deb) ...
Selecting previously unselected package automake.
Unpacking automake (from .../automake_1%3a1.11.6-1_all.deb) ...
Selecting previously unselected package html2text.
Unpacking html2text (from .../html2text_1.3.2a-15_amd64.deb) ...
Selecting previously unselected package libasprintf-dev:amd64.
Unpacking libasprintf-dev:amd64 (from .../libasprintf-dev_0.18.1.1-10_amd64.deb) ...
Selecting previously unselected package libgettextpo-dev:amd64.
Unpacking libgettextpo-dev:amd64 (from .../libgettextpo-dev_0.18.1.1-10_amd64.deb) ...
Selecting previously unselected package gettext.
Unpacking gettext (from .../gettext_0.18.1.1-10_amd64.deb) ...
Selecting previously unselected package intltool-debian.
Unpacking intltool-debian (from .../intltool-debian_0.35.0+20060710.1_all.deb) ...
Selecting previously unselected package po-debconf.
Unpacking po-debconf (from .../po-debconf_1.0.16+nmu2_all.deb) ...
Selecting previously unselected package debhelper.
Unpacking debhelper (from .../debhelper_9.20120909_all.deb) ...
Selecting previously unselected package libtool.
Unpacking libtool (from .../libtool_2.4.2-1.2_amd64.deb) ...
Selecting previously unselected package dh-autoreconf.
Unpacking dh-autoreconf (from .../dh-autoreconf_7_all.deb) ...
Selecting previously unselected package doxygen.
Unpacking doxygen (from .../doxygen_1.8.1.2-1_amd64.deb) ...
Selecting previously unselected package sbuild-build-depends-mimetic-dummy.
Unpacking sbuild-build-depends-mimetic-dummy (from .../sbuild-build-depends-mimetic-dummy.deb) ...
Processing triggers for mime-support ...
Setting up libpipeline1:amd64 (1.2.2-1) ...
Setting up groff-base (1.22.1-2) ...
Setting up bsdmainutils (9.0.4) ...
update-alternatives: using /usr/bin/bsd-write to provide /usr/bin/write (write) in auto mode
update-alternatives: using /usr/bin/bsd-from to provide /usr/bin/from (from) in auto mode
Setting up man-db (2.6.3-3) ...
Building database of manual pages ...
Setting up libasprintf0c2:amd64 (0.18.1.1-10) ...
Setting up libmagic1:amd64 (5.11-2) ...
Setting up libpcre3:amd64 (1:8.31-2) ...
Setting up libxml2:amd64 (2.8.0+dfsg1-7) ...
Setting up libglib2.0-0:amd64 (2.33.12+really2.32.4-5) ...
No schema files found: doing nothing.
Setting up libcroco3:amd64 (0.6.6-2) ...
Setting up libunistring0:amd64 (0.9.3-5) ...
Setting up libgettextpo0:amd64 (0.18.1.1-10) ...
Setting up file (5.11-2) ...
Setting up gettext-base (0.18.1.1-10) ...
Setting up libsigsegv2 (2.9-4) ...
Setting up m4 (1.4.16-4) ...
Setting up autoconf (2.69-1) ...
Setting up autotools-dev (20120608.1) ...
Setting up automake (1:1.11.6-1) ...
update-alternatives: using /usr/bin/automake-1.11 to provide /usr/bin/automake (automake) in auto mode
Setting up html2text (1.3.2a-15) ...
Setting up libasprintf-dev:amd64 (0.18.1.1-10) ...
Setting up libgettextpo-dev:amd64 (0.18.1.1-10) ...
Setting up gettext (0.18.1.1-10) ...
Setting up intltool-debian (0.35.0+20060710.1) ...
Setting up po-debconf (1.0.16+nmu2) ...
Setting up debhelper (9.20120909) ...
Setting up libtool (2.4.2-1.2) ...
Setting up dh-autoreconf (7) ...
Setting up doxygen (1.8.1.2-1) ...
Setting up sbuild-build-depends-mimetic-dummy (0.invalid.0) ...

┌──────────────────────────────────────────────────────────────────────────────┐
│ Build environment                                                            │
└──────────────────────────────────────────────────────────────────────────────┘

Kernel: Linux 2.6.32-5-xen-amd64 amd64 (x86_64)
Toolchain package versions: binutils_2.22-7.1 dpkg-dev_1.16.9 g++-4.6_4.6.3-15 g++-4.7_4.7.2-19 gcc-4.6_4.6.3-15 gcc-4.7_4.7.2-19 libc6-dev_2.16-0experimental1 libstdc++6_4.8-20130127-1 libstdc++6-4.6-dev_4.6.3-15 libstdc++6-4.7-dev_4.7.2-19 linux-libc-dev_3.2.35-2
Package versions: apt_0.9.7.7 autoconf_2.69-1 automake_1:1.11.6-1 autotools-dev_20120608.1 base-files_7.1 base-passwd_3.5.26 bash_4.2+dfsg-0.1 binutils_2.22-7.1 bsdmainutils_9.0.4 bsdutils_1:2.20.1-5.3 build-essential_11.6 bzip2_1.0.6-4 clang_3.2-1~exp5 clang-3.2_3.2-1~exp5 compiler-rt_3.2-1~exp5 coreutils_8.20-3 cpp_4:4.7.2-1 cpp-4.6_4.6.3-15 cpp-4.7_4.7.2-19 dash_0.5.7-3 debconf_1.5.49 debconf-i18n_1.5.49 debfoster_2.7-1.2 debhelper_9.20120909 debian-archive-keyring_2012.4 debianutils_4.3.4 dh-autoreconf_7 diffutils_1:3.2-7 doxygen_1.8.1.2-1 dpkg_1.16.9 dpkg-dev_1.16.9 e2fslibs_1.42.5-1 e2fsprogs_1.42.5-1 fakeroot_1.18.4-2 file_5.11-2 findutils_4.4.2-5 g++_4:4.7.2-1 g++-4.6_4.6.3-15 g++-4.7_4.7.2-19 gcc_4:4.7.2-1 gcc-4.4-base_4.4.7-3 gcc-4.5-base_4.5.4-1 gcc-4.6_4.6.3-15 gcc-4.6-base_4.6.3-15 gcc-4.7_4.7.2-19 gcc-4.7-base_4.7.2-19 gcc-4.8-base_4.8-20130127-1 gettext_0.18.1.1-10 gettext-base_0.18.1.1-10 gnupg_1.4.12-7 gpgv_1.4.12-7 grep_2.14-1 groff-base_1.22.1-2 gzip_1.5-1.1 hostname_3.12 html2text_1.3.2a-15 initscripts_2.88dsf-39 insserv_1.14.0-5 intltool-debian_0.35.0+20060710.1 libacl1_2.2.51-8 libapt-pkg4.12_0.9.7.7 libasprintf-dev_0.18.1.1-10 libasprintf0c2_0.18.1.1-10 libattr1_1:2.4.46-8 libblkid1_2.20.1-5.3 libbz2-1.0_1.0.6-4 libc-bin_2.13-38 libc-dev-bin_2.16-0experimental1 libc6_2.16-0experimental1 libc6-dev_2.16-0experimental1 libclang-common-dev_3.2-1~exp5 libclass-isa-perl_0.36-5 libcomerr2_1.42.5-1 libcroco3_0.6.6-2 libdb5.1_5.1.29-5 libdpkg-perl_1.16.9 libexpat1_2.1.0-2 libffi5_3.0.10-3 libfile-fcntllock-perl_0.14-2 libgc1c2_1:7.1-9.1 libgcc-4.7-dev_4.7.2-19 libgcc1_1:4.8-20130127-1 libgdbm3_1.8.3-11 libgettextpo-dev_0.18.1.1-10 libgettextpo0_0.18.1.1-10 libglib2.0-0_2.33.12+really2.32.4-5 libgmp10_2:5.0.5+dfsg-2 libgomp1_4.8-20130127-1 libgpm2_1.20.4-6 libitm1_4.8-20130127-1 libllvm3.2_3.2-2 liblocale-gettext-perl_1.05-7+b1 liblzma5_5.1.1alpha+20120614-2 libmagic1_5.11-2 libmount1_2.20.1-5.3 libmpc2_0.9-4 libmpfr4_3.1.0-5 libncurses5_5.9+20130119-1 libncursesw5_5.9+20130119-1 libobjc-4.7-dev_4.7.2-19 libobjc4_4.8-20130127-1 libpam-modules_1.1.3-7.1 libpam-modules-bin_1.1.3-7.1 libpam-runtime_1.1.3-7.1 libpam0g_1.1.3-7.1 libpcre3_1:8.31-2 libpipeline1_1.2.2-1 libpython2.7-minimal_2.7.3-15 libpython2.7-stdlib_2.7.3-15 libquadmath0_4.8-20130127-1 libreadline6_6.2+dfsg-0.1 libselinux1_2.1.9-5 libsemanage-common_2.1.6-6 libsemanage1_2.1.6-6 libsepol1_2.1.4-3 libsigsegv2_2.9-4 libslang2_2.2.4-15 libsqlite3-0_3.7.15.2-1 libss2_1.42.5-1 libssl1.0.0_1.0.1c-4 libstdc++6_4.8-20130127-1 libstdc++6-4.6-dev_4.6.3-15 libstdc++6-4.7-dev_4.7.2-19 libswitch-perl_2.16-2 libtext-charwidth-perl_0.04-7+b1 libtext-iconv-perl_1.7-5 libtext-wrapi18n-perl_0.06-7 libtimedate-perl_1.2000-1 libtinfo5_5.9+20130119-1 libtool_2.4.2-1.2 libunistring0_0.9.3-5 libusb-0.1-4_2:0.1.12-23+nmu1 libustr-1.0-1_1.0.4-3 libuuid1_2.20.1-5.3 libxml2_2.8.0+dfsg1-7 linux-libc-dev_3.2.35-2 login_1:4.1.5.1-1 lsb-base_4.1+Debian9 m4_1.4.16-4 make_3.81-8.2 man-db_2.6.3-3 mawk_1.3.3-17 mime-support_3.53~experimental2 mount_2.20.1-5.3 multiarch-support_2.13-38 ncurses-base_5.9-10 ncurses-bin_5.9-10 passwd_1:4.1.5.1-1 patch_2.6.1-3 perl_5.14.2-17 perl-base_5.14.2-17 perl-modules_5.14.2-17 po-debconf_1.0.16+nmu2 python_2.7.3-10 python-minimal_2.7.3-10 python2.7_2.7.3-15 python2.7-minimal_2.7.3-15 readline-common_6.2+dfsg-0.1 sbuild-build-depends-core-dummy_0.invalid.0 sbuild-build-depends-mimetic-dummy_0.invalid.0 sed_4.2.1-10 sensible-utils_0.0.7 sudo_1.8.5p2-1 sysv-rc_2.88dsf-39 sysvinit_2.88dsf-39 sysvinit-utils_2.88dsf-39 tar_1.26+dfsg-0.1 tzdata_2012j-1 ucf_3.0025+nmu3 util-linux_2.20.1-5.3 vim_2:7.3.547-6 vim-common_2:7.3.547-6 vim-runtime_2:7.3.547-6 xz-utils_5.1.1alpha+20120614-2 zlib1g_1:1.2.7.dfsg-13

┌──────────────────────────────────────────────────────────────────────────────┐
│ Build                                                                        │
└──────────────────────────────────────────────────────────────────────────────┘


Unpack source
─────────────

gpgv: keyblock resource `/sbuild-nonexistent/.gnupg/trustedkeys.gpg': file open error
gpgv: Signature made Fri Apr 13 15:46:41 2012 UTC using RSA key ID 8649AA06
gpgv: Can't check signature: public key not found
dpkg-source: warning: failed to verify signature on ./mimetic_0.9.7-3.dsc
dpkg-source: info: extracting mimetic in mimetic-0.9.7
dpkg-source: info: unpacking mimetic_0.9.7.orig.tar.gz
dpkg-source: info: unpacking mimetic_0.9.7-3.debian.tar.gz
dpkg-source: info: applying gcc-4.7.patch

Check disc space
────────────────

Sufficient free space for build

User Environment
────────────────

HOME=/sbuild-nonexistent
LOGNAME=user
PATH=/usr/local/sbin:/usr/local/bin:/usr/sbin:/usr/bin:/sbin:/bin:/usr/games
SCHROOT_CHROOT_NAME=unstable-amd64-sbuild
SCHROOT_COMMAND=env
SCHROOT_GID=1000
SCHROOT_GROUP=user
SCHROOT_SESSION_ID=unstable-amd64-sbuild-5727787b-8721-4e3d-a4bb-92602ff2d6c8
SCHROOT_UID=1000
SCHROOT_USER=user
SHELL=/bin/sh
USER=user

dpkg-buildpackage
─────────────────

dpkg-buildpackage: source package mimetic
dpkg-buildpackage: source version 0.9.7-3
dpkg-buildpackage: source changed by gregor herrmann <gregoa@debian.org>
 dpkg-source --before-build mimetic-0.9.7
dpkg-buildpackage: host architecture amd64
 fakeroot debian/rules clean
dh clean --with autoreconf
   dh_testdir
   dh_auto_clean
   dh_autoreconf_clean
   dh_clean
 debian/rules build-arch
dh build-arch --with autoreconf
   dh_testdir -a
   dh_autoreconf -a
configure.in:13: warning: AC_LANG_CONFTEST: no AC_LANG_SOURCE call detected in body
../../lib/autoconf/lang.m4:193: AC_LANG_CONFTEST is expanded from...
../../lib/autoconf/general.m4:2661: _AC_LINK_IFELSE is expanded from...
../../lib/autoconf/general.m4:2678: AC_LINK_IFELSE is expanded from...
m4/libtool.m4:1022: _LT_SYS_MODULE_PATH_AIX is expanded from...
m4/libtool.m4:4170: _LT_LINKER_SHLIBS is expanded from...
m4/libtool.m4:5252: _LT_LANG_C_CONFIG is expanded from...
m4/libtool.m4:138: _LT_SETUP is expanded from...
m4/libtool.m4:67: LT_INIT is expanded from...
m4/libtool.m4:102: AC_PROG_LIBTOOL is expanded from...
configure.in:13: the top level
configure.in:13: warning: AC_LANG_CONFTEST: no AC_LANG_SOURCE call detected in body
../../lib/autoconf/lang.m4:193: AC_LANG_CONFTEST is expanded from...
../../lib/autoconf/general.m4:2661: _AC_LINK_IFELSE is expanded from...
../../lib/autoconf/general.m4:2678: AC_LINK_IFELSE is expanded from...
m4/libtool.m4:4170: _LT_LINKER_SHLIBS is expanded from...
m4/libtool.m4:5252: _LT_LANG_C_CONFIG is expanded from...
m4/libtool.m4:138: _LT_SETUP is expanded from...
m4/libtool.m4:67: LT_INIT is expanded from...
m4/libtool.m4:102: AC_PROG_LIBTOOL is expanded from...
configure.in:13: the top level
configure.in:19: warning: AC_LANG_CONFTEST: no AC_LANG_SOURCE call detected in body
../../lib/autoconf/lang.m4:193: AC_LANG_CONFTEST is expanded from...
../../lib/autoconf/general.m4:2661: _AC_LINK_IFELSE is expanded from...
../../lib/autoconf/general.m4:2678: AC_LINK_IFELSE is expanded from...
m4/libtool.m4:1022: _LT_SYS_MODULE_PATH_AIX is expanded from...
m4/libtool.m4:5359: _LT_LANG_CXX_CONFIG is expanded from...
m4/libtool.m4:785: _LT_LANG is expanded from...
m4/libtool.m4:768: LT_LANG is expanded from...
configure.in:19: the top level
configure.in:13: warning: AC_LANG_CONFTEST: no AC_LANG_SOURCE call detected in body
../../lib/autoconf/lang.m4:193: AC_LANG_CONFTEST is expanded from...
../../lib/autoconf/general.m4:2661: _AC_LINK_IFELSE is expanded from...
../../lib/autoconf/general.m4:2678: AC_LINK_IFELSE is expanded from...
m4/libtool.m4:1022: _LT_SYS_MODULE_PATH_AIX is expanded from...
m4/libtool.m4:4170: _LT_LINKER_SHLIBS is expanded from...
m4/libtool.m4:5252: _LT_LANG_C_CONFIG is expanded from...
m4/libtool.m4:138: _LT_SETUP is expanded from...
m4/libtool.m4:67: LT_INIT is expanded from...
m4/libtool.m4:102: AC_PROG_LIBTOOL is expanded from...
configure.in:13: the top level
configure.in:13: warning: AC_LANG_CONFTEST: no AC_LANG_SOURCE call detected in body
../../lib/autoconf/lang.m4:193: AC_LANG_CONFTEST is expanded from...
../../lib/autoconf/general.m4:2661: _AC_LINK_IFELSE is expanded from...
../../lib/autoconf/general.m4:2678: AC_LINK_IFELSE is expanded from...
m4/libtool.m4:4170: _LT_LINKER_SHLIBS is expanded from...
m4/libtool.m4:5252: _LT_LANG_C_CONFIG is expanded from...
m4/libtool.m4:138: _LT_SETUP is expanded from...
m4/libtool.m4:67: LT_INIT is expanded from...
m4/libtool.m4:102: AC_PROG_LIBTOOL is expanded from...
configure.in:13: the top level
configure.in:19: warning: AC_LANG_CONFTEST: no AC_LANG_SOURCE call detected in body
../../lib/autoconf/lang.m4:193: AC_LANG_CONFTEST is expanded from...
../../lib/autoconf/general.m4:2661: _AC_LINK_IFELSE is expanded from...
../../lib/autoconf/general.m4:2678: AC_LINK_IFELSE is expanded from...
m4/libtool.m4:1022: _LT_SYS_MODULE_PATH_AIX is expanded from...
m4/libtool.m4:5359: _LT_LANG_CXX_CONFIG is expanded from...
m4/libtool.m4:785: _LT_LANG is expanded from...
m4/libtool.m4:768: LT_LANG is expanded from...
configure.in:19: the top level
libtoolize: putting auxiliary files in `.'.
libtoolize: copying file `./ltmain.sh'
libtoolize: putting macros in AC_CONFIG_MACRO_DIR, `m4'.
libtoolize: copying file `m4/libtool.m4'
libtoolize: copying file `m4/ltoptions.m4'
libtoolize: copying file `m4/ltsugar.m4'
libtoolize: copying file `m4/ltversion.m4'
libtoolize: copying file `m4/lt~obsolete.m4'
test/Makefile.am:26: addprefix $(srcdir: non-POSIX variable name
test/Makefile.am:26: (probably a GNU make extension)
   dh_auto_configure -a
configure: WARNING: unrecognized options: --disable-maintainer-mode
checking build system type... x86_64-pc-linux-gnu
checking host system type... x86_64-pc-linux-gnu
checking target system type... x86_64-pc-linux-gnu
checking for a BSD-compatible install... /usr/bin/install -c
checking whether build environment is sane... yes
checking for a thread-safe mkdir -p... /bin/mkdir -p
checking for gawk... no
checking for mawk... mawk
checking whether make sets $(MAKE)... yes
checking for gcc... gcc
checking whether the C compiler works... yes
checking for C compiler default output file name... a.out
checking for suffix of executables... 
checking whether we are cross compiling... no
checking for suffix of object files... o
checking whether we are using the GNU C compiler... yes
checking whether gcc accepts -g... yes
checking for gcc option to accept ISO C89... none needed
checking for style of include used by make... GNU
checking dependency style of gcc... none
checking whether make sets $(MAKE)... (cached) yes
checking how to print strings... printf
checking for a sed that does not truncate output... /bin/sed
checking for grep that handles long lines and -e... /bin/grep
checking for egrep... /bin/grep -E
checking for fgrep... /bin/grep -F
checking for ld used by gcc... /usr/bin/ld
checking if the linker (/usr/bin/ld) is GNU ld... yes
checking for BSD- or MS-compatible name lister (nm)... /usr/bin/nm -B
checking the name lister (/usr/bin/nm -B) interface... BSD nm
checking whether ln -s works... yes
checking the maximum length of command line arguments... 3458764513820540925
checking whether the shell understands some XSI constructs... yes
checking whether the shell understands "+="... yes
checking how to convert x86_64-pc-linux-gnu file names to x86_64-pc-linux-gnu format... func_convert_file_noop
checking how to convert x86_64-pc-linux-gnu file names to toolchain format... func_convert_file_noop
checking for /usr/bin/ld option to reload object files... -r
checking for objdump... objdump
checking how to recognize dependent libraries... pass_all
checking for dlltool... no
checking how to associate runtime and link libraries... printf %s\n
checking for ar... ar
checking for archiver @FILE support... @
checking for strip... strip
checking for ranlib... ranlib
checking command to parse /usr/bin/nm -B output from gcc object... ok
checking for sysroot... no
checking for mt... no
checking if : is a manifest tool... no
checking how to run the C preprocessor... gcc -E
checking for ANSI C header files... yes
checking for sys/types.h... yes
checking for sys/stat.h... yes
checking for stdlib.h... yes
checking for string.h... yes
checking for memory.h... yes
checking for strings.h... yes
checking for inttypes.h... yes
checking for stdint.h... yes
checking for unistd.h... yes
checking for dlfcn.h... yes
checking for objdir... .libs
checking if gcc supports -fno-rtti -fno-exceptions... yes
checking for gcc option to produce PIC... -fPIC -DPIC
checking if gcc PIC flag -fPIC -DPIC works... yes
checking if gcc static flag -static works... yes
checking if gcc supports -c -o file.o... yes
checking if gcc supports -c -o file.o... (cached) yes
checking whether the gcc linker (/usr/bin/ld -m elf_x86_64) supports shared libraries... yes
checking whether -lc should be explicitly linked in... no
checking dynamic linker characteristics... GNU/Linux ld.so
checking how to hardcode library paths into programs... immediate
checking whether stripping libraries is possible... yes
checking if libtool supports shared libraries... yes
checking whether to build shared libraries... yes
checking whether to build static libraries... yes
checking for stdlib.h... (cached) yes
checking for unistd.h... (cached) yes
checking for sys/param.h... yes
checking for getpagesize... yes
checking for working mmap... yes
checking for madvise... yes
checking for g++... g++
checking whether we are using the GNU C++ compiler... yes
checking whether g++ accepts -g... yes
checking dependency style of g++... none
checking how to run the C++ preprocessor... g++ -E
checking for ld used by g++... /usr/bin/ld -m elf_x86_64
checking if the linker (/usr/bin/ld -m elf_x86_64) is GNU ld... yes
checking whether the g++ linker (/usr/bin/ld -m elf_x86_64) supports shared libraries... yes
checking for g++ option to produce PIC... -fPIC -DPIC
checking if g++ PIC flag -fPIC -DPIC works... yes
checking if g++ static flag -static works... yes
checking if g++ supports -c -o file.o... yes
checking if g++ supports -c -o file.o... (cached) yes
checking whether the g++ linker (/usr/bin/ld -m elf_x86_64) supports shared libraries... yes
checking dynamic linker characteristics... (cached) GNU/Linux ld.so
checking how to hardcode library paths into programs... immediate
checking how to run the C++ preprocessor... g++ -E
configure: error: std::char_traits unsupported
checking STL required features... ==> config.log <==
This file contains any messages produced by compilers while
running configure, to aid debugging if configure makes a mistake.

It was created by configure, which was
generated by GNU Autoconf 2.69.  Invocation command line was

  $ ./configure --build=x86_64-linux-gnu --prefix=/usr --includedir=${prefix}/include --mandir=${prefix}/share/man --infodir=${prefix}/share/info --sysconfdir=/etc --localstatedir=/var --libdir=${prefix}/lib/x86_64-linux-gnu --libexecdir=${prefix}/lib/x86_64-linux-gnu --disable-maintainer-mode --disable-dependency-tracking

## --------- ##
## Platform. ##
## --------- ##

hostname = ip-10-30-141-233
uname -m = x86_64
uname -r = 2.6.32-5-xen-amd64
uname -s = Linux
uname -v = #1 SMP Sun Sep 23 13:49:30 UTC 2012

/usr/bin/uname -p = unknown
/bin/uname -X     = unknown

/bin/arch              = unknown
/usr/bin/arch -k       = unknown
/usr/convex/getsysinfo = unknown
/usr/bin/hostinfo      = unknown
/bin/machine           = unknown
/usr/bin/oslevel       = unknown
/bin/universe          = unknown

PATH: /usr/local/sbin
PATH: /usr/local/bin
PATH: /usr/sbin
PATH: /usr/bin
PATH: /sbin
PATH: /bin
PATH: /usr/games


## ----------- ##
## Core tests. ##
## ----------- ##

configure:2432: checking build system type
configure:2446: result: x86_64-pc-linux-gnu
configure:2466: checking host system type
configure:2479: result: x86_64-pc-linux-gnu
configure:2499: checking target system type
configure:2512: result: x86_64-pc-linux-gnu
configure:2557: checking for a BSD-compatible install
configure:2625: result: /usr/bin/install -c
configure:2636: checking whether build environment is sane
configure:2686: result: yes
configure:2827: checking for a thread-safe mkdir -p
configure:2866: result: /bin/mkdir -p
configure:2879: checking for gawk
configure:2909: result: no
configure:2879: checking for mawk
configure:2895: found /usr/bin/mawk
configure:2906: result: mawk
configure:2917: checking whether make sets $(MAKE)
configure:2939: result: yes
configure:3070: checking for gcc
configure:3086: found /usr/bin/gcc
configure:3097: result: gcc
configure:3326: checking for C compiler version
configure:3335: gcc --version >&5
Debian clang version 3.2-1~exp5 (tags/RELEASE_32/final) (based on LLVM 3.2)
Target: x86_64-pc-linux-gnu
Thread model: posix
configure:3346: $? = 0
configure:3335: gcc -v >&5
Debian clang version 3.2-1~exp5 (tags/RELEASE_32/final) (based on LLVM 3.2)
Target: x86_64-pc-linux-gnu
Thread model: posix
configure:3346: $? = 0
configure:3335: gcc -V >&5
clang: error: argument to '-V' is missing (expected 1 value)
clang: error: no input files
configure:3346: $? = 1
configure:3335: gcc -qversion >&5
clang: error: no input files
configure:3346: $? = 1
configure:3366: checking whether the C compiler works
configure:3388: gcc -g -O2 -fstack-protector --param=ssp-buffer-size=4 -Wformat -Werror=format-security -D_FORTIFY_SOURCE=2 -Wl,-z,relro conftest.c  >&5
configure:3392: $? = 0
configure:3440: result: yes
configure:3443: checking for C compiler default output file name
configure:3445: result: a.out
configure:3451: checking for suffix of executables
configure:3458: gcc -o conftest -g -O2 -fstack-protector --param=ssp-buffer-size=4 -Wformat -Werror=format-security -D_FORTIFY_SOURCE=2 -Wl,-z,relro conftest.c  >&5
configure:3462: $? = 0
configure:3484: result: 
configure:3506: checking whether we are cross compiling
configure:3514: gcc -o conftest -g -O2 -fstack-protector --param=ssp-buffer-size=4 -Wformat -Werror=format-security -D_FORTIFY_SOURCE=2 -Wl,-z,relro conftest.c  >&5
configure:3518: $? = 0
configure:3525: ./conftest
configure:3529: $? = 0
configure:3544: result: no
configure:3549: checking for suffix of object files
configure:3571: gcc -c -g -O2 -fstack-protector --param=ssp-buffer-size=4 -Wformat -Werror=format-security -D_FORTIFY_SOURCE=2 conftest.c >&5
configure:3575: $? = 0
configure:3596: result: o
configure:3600: checking whether we are using the GNU C compiler
configure:3619: gcc -c -g -O2 -fstack-protector --param=ssp-buffer-size=4 -Wformat -Werror=format-security -D_FORTIFY_SOURCE=2 conftest.c >&5
configure:3619: $? = 0
configure:3628: result: yes
configure:3637: checking whether gcc accepts -g
configure:3657: gcc -c -g -D_FORTIFY_SOURCE=2 conftest.c >&5
configure:3657: $? = 0
configure:3698: result: yes
configure:3715: checking for gcc option to accept ISO C89
configure:3778: gcc  -c -g -O2 -fstack-protector --param=ssp-buffer-size=4 -Wformat -Werror=format-security -D_FORTIFY_SOURCE=2 conftest.c >&5
configure:3778: $? = 0
configure:3791: result: none needed
configure:3822: checking for style of include used by make
configure:3850: result: GNU
configure:3876: checking dependency style of gcc
configure:3987: result: none
configure:4002: checking whether make sets $(MAKE)
configure:4024: result: yes
configure:4079: checking how to print strings
configure:4106: result: printf
configure:4127: checking for a sed that does not truncate output
configure:4191: result: /bin/sed
configure:4209: checking for grep that handles long lines and -e
configure:4267: result: /bin/grep
configure:4272: checking for egrep
configure:4334: result: /bin/grep -E
configure:4339: checking for fgrep
configure:4401: result: /bin/grep -F
configure:4436: checking for ld used by gcc
configure:4503: result: /usr/bin/ld
configure:4510: checking if the linker (/usr/bin/ld) is GNU ld
configure:4525: result: yes
configure:4537: checking for BSD- or MS-compatible name lister (nm)
configure:4586: result: /usr/bin/nm -B
configure:4716: checking the name lister (/usr/bin/nm -B) interface
configure:4723: gcc -c -g -O2 -fstack-protector --param=ssp-buffer-size=4 -Wformat -Werror=format-security -D_FORTIFY_SOURCE=2 conftest.c >&5
configure:4726: /usr/bin/nm -B "conftest.o"
configure:4729: output
0000000000000000 B some_variable
configure:4736: result: BSD nm
configure:4739: checking whether ln -s works
configure:4743: result: yes
configure:4751: checking the maximum length of command line arguments
configure:4882: result: 3458764513820540925
configure:4899: checking whether the shell understands some XSI constructs
configure:4909: result: yes
configure:4913: checking whether the shell understands "+="
configure:4919: result: yes
configure:4954: checking how to convert x86_64-pc-linux-gnu file names to x86_64-pc-linux-gnu format
configure:4994: result: func_convert_file_noop
configure:5001: checking how to convert x86_64-pc-linux-gnu file names to toolchain format
configure:5021: result: func_convert_file_noop
configure:5028: checking for /usr/bin/ld option to reload object files
configure:5035: result: -r
configure:5109: checking for objdump
configure:5125: found /usr/bin/objdump
configure:5136: result: objdump
configure:5168: checking how to recognize dependent libraries
configure:5366: result: pass_all
configure:5451: checking for dlltool
configure:5481: result: no
configure:5511: checking how to associate runtime and link libraries
configure:5538: result: printf %s\n
configure:5599: checking for ar
configure:5615: found /usr/bin/ar
configure:5626: result: ar
configure:5663: checking for archiver @FILE support
configure:5680: gcc -c -g -O2 -fstack-protector --param=ssp-buffer-size=4 -Wformat -Werror=format-security -D_FORTIFY_SOURCE=2 conftest.c >&5
configure:5680: $? = 0
configure:5683: ar cru libconftest.a @conftest.lst >&5
configure:5686: $? = 0
configure:5691: ar cru libconftest.a @conftest.lst >&5
ar: conftest.o: No such file or directory
configure:5694: $? = 1
configure:5706: result: @
configure:5764: checking for strip
configure:5780: found /usr/bin/strip
configure:5791: result: strip
configure:5863: checking for ranlib
configure:5879: found /usr/bin/ranlib
configure:5890: result: ranlib
configure:5992: checking command to parse /usr/bin/nm -B output from gcc object
configure:6112: gcc -c -g -O2 -fstack-protector --param=ssp-buffer-size=4 -Wformat -Werror=format-security -D_FORTIFY_SOURCE=2 conftest.c >&5
configure:6115: $? = 0
configure:6119: /usr/bin/nm -B conftest.o \| sed -n -e 's/^.*[ ]\([ABCDGIRSTW][ABCDGIRSTW]*\)[ ][ ]*\([_A-Za-z][_A-Za-z0-9]*\)$/\1 \2 \2/p' | sed '/ __gnu_lto/d' \> conftest.nm
configure:6122: $? = 0
configure:6188: gcc -o conftest -g -O2 -fstack-protector --param=ssp-buffer-size=4 -Wformat -Werror=format-security -D_FORTIFY_SOURCE=2 -Wl,-z,relro conftest.c conftstm.o >&5
configure:6191: $? = 0
configure:6229: result: ok
configure:6266: checking for sysroot
configure:6296: result: no
configure:6373: gcc -c -g -O2 -fstack-protector --param=ssp-buffer-size=4 -Wformat -Werror=format-security -D_FORTIFY_SOURCE=2 conftest.c >&5
configure:6376: $? = 0
configure:6559: checking for mt
configure:6589: result: no
configure:6609: checking if : is a manifest tool
configure:6615: : '-?'
configure:6623: result: no
configure:7265: checking how to run the C preprocessor
configure:7296: gcc -E -D_FORTIFY_SOURCE=2 conftest.c
configure:7296: $? = 0
configure:7310: gcc -E -D_FORTIFY_SOURCE=2 conftest.c
conftest.c:11:10: fatal error: 'ac_nonexistent.h' file not found
#include <ac_nonexistent.h>
         ^
1 error generated.
configure:7310: $? = 1
configure: failed program was:
| /* confdefs.h */
| #define PACKAGE_NAME ""
| #define PACKAGE_TARNAME ""
| #define PACKAGE_VERSION ""
| #define PACKAGE_STRING ""
| #define PACKAGE_BUGREPORT ""
| #define PACKAGE_URL ""
| #define PACKAGE "mimetic"
| #define VERSION "0.9.7"
| /* end confdefs.h.  */
| #include <ac_nonexistent.h>
configure:7335: result: gcc -E
configure:7355: gcc -E -D_FORTIFY_SOURCE=2 conftest.c
configure:7355: $? = 0
configure:7369: gcc -E -D_FORTIFY_SOURCE=2 conftest.c
conftest.c:11:10: fatal error: 'ac_nonexistent.h' file not found
#include <ac_nonexistent.h>
         ^
1 error generated.
configure:7369: $? = 1
configure: failed program was:
| /* confdefs.h */
| #define PACKAGE_NAME ""
| #define PACKAGE_TARNAME ""
| #define PACKAGE_VERSION ""
| #define PACKAGE_STRING ""
| #define PACKAGE_BUGREPORT ""
| #define PACKAGE_URL ""
| #define PACKAGE "mimetic"
| #define VERSION "0.9.7"
| /* end confdefs.h.  */
| #include <ac_nonexistent.h>
configure:7398: checking for ANSI C header files
configure:7418: gcc -c -g -O2 -fstack-protector --param=ssp-buffer-size=4 -Wformat -Werror=format-security -D_FORTIFY_SOURCE=2 conftest.c >&5
configure:7418: $? = 0
configure:7491: gcc -o conftest -g -O2 -fstack-protector --param=ssp-buffer-size=4 -Wformat -Werror=format-security -D_FORTIFY_SOURCE=2 -Wl,-z,relro conftest.c  >&5
configure:7491: $? = 0
configure:7491: ./conftest
configure:7491: $? = 0
configure:7502: result: yes
configure:7515: checking for sys/types.h
configure:7515: gcc -c -g -O2 -fstack-protector --param=ssp-buffer-size=4 -Wformat -Werror=format-security -D_FORTIFY_SOURCE=2 conftest.c >&5
configure:7515: $? = 0
configure:7515: result: yes
configure:7515: checking for sys/stat.h
configure:7515: gcc -c -g -O2 -fstack-protector --param=ssp-buffer-size=4 -Wformat -Werror=format-security -D_FORTIFY_SOURCE=2 conftest.c >&5
configure:7515: $? = 0
configure:7515: result: yes
configure:7515: checking for stdlib.h
configure:7515: gcc -c -g -O2 -fstack-protector --param=ssp-buffer-size=4 -Wformat -Werror=format-security -D_FORTIFY_SOURCE=2 conftest.c >&5
configure:7515: $? = 0
configure:7515: result: yes
configure:7515: checking for string.h
configure:7515: gcc -c -g -O2 -fstack-protector --param=ssp-buffer-size=4 -Wformat -Werror=format-security -D_FORTIFY_SOURCE=2 conftest.c >&5
configure:7515: $? = 0
configure:7515: result: yes
configure:7515: checking for memory.h
configure:7515: gcc -c -g -O2 -fstack-protector --param=ssp-buffer-size=4 -Wformat -Werror=format-security -D_FORTIFY_SOURCE=2 conftest.c >&5
configure:7515: $? = 0
configure:7515: result: yes
configure:7515: checking for strings.h
configure:7515: gcc -c -g -O2 -fstack-protector --param=ssp-buffer-size=4 -Wformat -Werror=format-security -D_FORTIFY_SOURCE=2 conftest.c >&5
configure:7515: $? = 0
configure:7515: result: yes
configure:7515: checking for inttypes.h
configure:7515: gcc -c -g -O2 -fstack-protector --param=ssp-buffer-size=4 -Wformat -Werror=format-security -D_FORTIFY_SOURCE=2 conftest.c >&5
configure:7515: $? = 0
configure:7515: result: yes
configure:7515: checking for stdint.h
configure:7515: gcc -c -g -O2 -fstack-protector --param=ssp-buffer-size=4 -Wformat -Werror=format-security -D_FORTIFY_SOURCE=2 conftest.c >&5
configure:7515: $? = 0
configure:7515: result: yes
configure:7515: checking for unistd.h
configure:7515: gcc -c -g -O2 -fstack-protector --param=ssp-buffer-size=4 -Wformat -Werror=format-security -D_FORTIFY_SOURCE=2 conftest.c >&5
configure:7515: $? = 0
configure:7515: result: yes
configure:7529: checking for dlfcn.h
configure:7529: gcc -c -g -O2 -fstack-protector --param=ssp-buffer-size=4 -Wformat -Werror=format-security -D_FORTIFY_SOURCE=2 conftest.c >&5
configure:7529: $? = 0
configure:7529: result: yes
configure:7735: checking for objdir
configure:7750: result: .libs
configure:8021: checking if gcc supports -fno-rtti -fno-exceptions
configure:8039: gcc -c -g -O2 -fstack-protector --param=ssp-buffer-size=4 -Wformat -Werror=format-security -D_FORTIFY_SOURCE=2 -fno-rtti -fno-exceptions conftest.c >&5
configure:8043: $? = 0
configure:8056: result: yes
configure:8383: checking for gcc option to produce PIC
configure:8390: result: -fPIC -DPIC
configure:8398: checking if gcc PIC flag -fPIC -DPIC works
configure:8416: gcc -c -g -O2 -fstack-protector --param=ssp-buffer-size=4 -Wformat -Werror=format-security -D_FORTIFY_SOURCE=2 -fPIC -DPIC -DPIC conftest.c >&5
configure:8420: $? = 0
configure:8433: result: yes
configure:8462: checking if gcc static flag -static works
configure:8490: result: yes
configure:8505: checking if gcc supports -c -o file.o
configure:8526: gcc -c -g -O2 -fstack-protector --param=ssp-buffer-size=4 -Wformat -Werror=format-security -D_FORTIFY_SOURCE=2 -o out/conftest2.o conftest.c >&5
configure:8530: $? = 0
configure:8552: result: yes
configure:8560: checking if gcc supports -c -o file.o
configure:8607: result: yes
configure:8640: checking whether the gcc linker (/usr/bin/ld -m elf_x86_64) supports shared libraries
configure:9797: result: yes
configure:9834: checking whether -lc should be explicitly linked in
configure:9842: gcc -c -g -O2 -fstack-protector --param=ssp-buffer-size=4 -Wformat -Werror=format-security -D_FORTIFY_SOURCE=2 conftest.c >&5
configure:9845: $? = 0
configure:9860: gcc -shared  -fPIC -DPIC conftest.o  -v -Wl,-soname -Wl,conftest -o conftest 2\>\&1 \| /bin/grep  -lc  \>/dev/null 2\>\&1
configure:9863: $? = 0
configure:9877: result: no
configure:10037: checking dynamic linker characteristics
configure:10537: gcc -o conftest -g -O2 -fstack-protector --param=ssp-buffer-size=4 -Wformat -Werror=format-security -D_FORTIFY_SOURCE=2 -Wl,-z,relro -Wl,-rpath -Wl,/foo conftest.c  >&5
configure:10537: $? = 0
configure:10771: result: GNU/Linux ld.so
configure:10878: checking how to hardcode library paths into programs
configure:10903: result: immediate
configure:11443: checking whether stripping libraries is possible
configure:11448: result: yes
configure:11483: checking if libtool supports shared libraries
configure:11485: result: yes
configure:11488: checking whether to build shared libraries
configure:11509: result: yes
configure:11512: checking whether to build static libraries
configure:11516: result: yes
configure:11560: checking for stdlib.h
configure:11560: result: yes
configure:11560: checking for unistd.h
configure:11560: result: yes
configure:11560: checking for sys/param.h
configure:11560: gcc -c -g -O2 -fstack-protector --param=ssp-buffer-size=4 -Wformat -Werror=format-security -D_FORTIFY_SOURCE=2 conftest.c >&5
configure:11560: $? = 0
configure:11560: result: yes
configure:11580: checking for getpagesize
configure:11580: gcc -o conftest -g -O2 -fstack-protector --param=ssp-buffer-size=4 -Wformat -Werror=format-security -D_FORTIFY_SOURCE=2 -Wl,-z,relro conftest.c  >&5
configure:11580: $? = 0
configure:11580: result: yes
configure:11589: checking for working mmap
configure:11736: gcc -o conftest -g -O2 -fstack-protector --param=ssp-buffer-size=4 -Wformat -Werror=format-security -D_FORTIFY_SOURCE=2 -Wl,-z,relro conftest.c  >&5
configure:11736: $? = 0
configure:11736: ./conftest
configure:11736: $? = 0
configure:11746: result: yes
configure:11757: checking for madvise
configure:11757: gcc -o conftest -g -O2 -fstack-protector --param=ssp-buffer-size=4 -Wformat -Werror=format-security -D_FORTIFY_SOURCE=2 -Wl,-z,relro conftest.c  >&5
configure:11757: $? = 0
configure:11757: result: yes
configure:11825: checking for g++
configure:11841: found /usr/bin/g++
configure:11852: result: g++
configure:11879: checking for C++ compiler version
configure:11888: g++ --version >&5
Debian clang version 3.2-1~exp5 (tags/RELEASE_32/final) (based on LLVM 3.2)
Target: x86_64-pc-linux-gnu
Thread model: posix
configure:11899: $? = 0
configure:11888: g++ -v >&5
Debian clang version 3.2-1~exp5 (tags/RELEASE_32/final) (based on LLVM 3.2)
Target: x86_64-pc-linux-gnu
Thread model: posix
configure:11899: $? = 0
configure:11888: g++ -V >&5
clang: error: argument to '-V' is missing (expected 1 value)
clang: error: no input files
configure:11899: $? = 1
configure:11888: g++ -qversion >&5
clang: error: no input files
configure:11899: $? = 1
configure:11903: checking whether we are using the GNU C++ compiler
configure:11922: g++ -c -g -O2 -fstack-protector --param=ssp-buffer-size=4 -Wformat -Werror=format-security -D_FORTIFY_SOURCE=2 conftest.cpp >&5
configure:11922: $? = 0
configure:11931: result: yes
configure:11940: checking whether g++ accepts -g
configure:11960: g++ -c -g -D_FORTIFY_SOURCE=2 conftest.cpp >&5
configure:11960: $? = 0
configure:12001: result: yes
configure:12026: checking dependency style of g++
configure:12137: result: none
configure:12170: checking how to run the C++ preprocessor
configure:12197: g++ -E -D_FORTIFY_SOURCE=2 conftest.cpp
configure:12197: $? = 0
configure:12211: g++ -E -D_FORTIFY_SOURCE=2 conftest.cpp
conftest.cpp:29:10: fatal error: 'ac_nonexistent.h' file not found
#include <ac_nonexistent.h>
         ^
1 error generated.
configure:12211: $? = 1
configure: failed program was:
| /* confdefs.h */
| #define PACKAGE_NAME ""
| #define PACKAGE_TARNAME ""
| #define PACKAGE_VERSION ""
| #define PACKAGE_STRING ""
| #define PACKAGE_BUGREPORT ""
| #define PACKAGE_URL ""
| #define PACKAGE "mimetic"
| #define VERSION "0.9.7"
| #define STDC_HEADERS 1
| #define HAVE_SYS_TYPES_H 1
| #define HAVE_SYS_STAT_H 1
| #define HAVE_STDLIB_H 1
| #define HAVE_STRING_H 1
| #define HAVE_MEMORY_H 1
| #define HAVE_STRINGS_H 1
| #define HAVE_INTTYPES_H 1
| #define HAVE_STDINT_H 1
| #define HAVE_UNISTD_H 1
| #define HAVE_DLFCN_H 1
| #define LT_OBJDIR ".libs/"
| #define HAVE_STDLIB_H 1
| #define HAVE_UNISTD_H 1
| #define HAVE_SYS_PARAM_H 1
| #define HAVE_GETPAGESIZE 1
| #define HAVE_MMAP 1
| #define HAVE_MADVISE 1
| /* end confdefs.h.  */
| #include <ac_nonexistent.h>
configure:12236: result: g++ -E
configure:12256: g++ -E -D_FORTIFY_SOURCE=2 conftest.cpp
configure:12256: $? = 0
configure:12270: g++ -E -D_FORTIFY_SOURCE=2 conftest.cpp
conftest.cpp:29:10: fatal error: 'ac_nonexistent.h' file not found
#include <ac_nonexistent.h>
         ^
1 error generated.
configure:12270: $? = 1
configure: failed program was:
| /* confdefs.h */
| #define PACKAGE_NAME ""
| #define PACKAGE_TARNAME ""
| #define PACKAGE_VERSION ""
| #define PACKAGE_STRING ""
| #define PACKAGE_BUGREPORT ""
| #define PACKAGE_URL ""
| #define PACKAGE "mimetic"
| #define VERSION "0.9.7"
| #define STDC_HEADERS 1
| #define HAVE_SYS_TYPES_H 1
| #define HAVE_SYS_STAT_H 1
| #define HAVE_STDLIB_H 1
| #define HAVE_STRING_H 1
| #define HAVE_MEMORY_H 1
| #define HAVE_STRINGS_H 1
| #define HAVE_INTTYPES_H 1
| #define HAVE_STDINT_H 1
| #define HAVE_UNISTD_H 1
| #define HAVE_DLFCN_H 1
| #define LT_OBJDIR ".libs/"
| #define HAVE_STDLIB_H 1
| #define HAVE_UNISTD_H 1
| #define HAVE_SYS_PARAM_H 1
| #define HAVE_GETPAGESIZE 1
| #define HAVE_MMAP 1
| #define HAVE_MADVISE 1
| /* end confdefs.h.  */
| #include <ac_nonexistent.h>
configure:12439: checking for ld used by g++
configure:12506: result: /usr/bin/ld -m elf_x86_64
configure:12513: checking if the linker (/usr/bin/ld -m elf_x86_64) is GNU ld
configure:12528: result: yes
configure:12583: checking whether the g++ linker (/usr/bin/ld -m elf_x86_64) supports shared libraries
configure:13585: result: yes
dh_auto_configure: ./configure --build=x86_64-linux-gnu --prefix=/usr --includedir=${prefix}/include --mandir=${prefix}/share/man --infodir=${prefix}/share/info --sysconfdir=/etc --localstatedir=/var --libdir=${prefix}/lib/x86_64-linux-gnu --libexecdir=${prefix}/lib/x86_64-linux-gnu --disable-maintainer-mode --disable-dependency-tracking returned exit code 1
configure:13621: g++ -c -g -O2 -fstack-protector --param=ssp-buffer-size=4 -Wformat -Werror=format-security -D_FORTIFY_SOURCE=2 conftest.cpp >&5
configure:13624: $? = 0
configure:14144: checking for g++ option to produce PIC
configure:14151: result: -fPIC -DPIC
configure:14159: checking if g++ PIC flag -fPIC -DPIC works
configure:14177: g++ -c -g -O2 -fstack-protector --param=ssp-buffer-size=4 -Wformat -Werror=format-security -D_FORTIFY_SOURCE=2 -fPIC -DPIC -DPIC conftest.cpp >&5
configure:14181: $? = 0
configure:14194: result: yes
configure:14217: checking if g++ static flag -static works
configure:14245: result: yes
configure:14257: checking if g++ supports -c -o file.o
configure:14278: g++ -c -g -O2 -fstack-protector --param=ssp-buffer-size=4 -Wformat -Werror=format-security -D_FORTIFY_SOURCE=2 -o out/conftest2.o conftest.cpp >&5
configure:14282: $? = 0
configure:14304: result: yes
configure:14309: checking if g++ supports -c -o file.o
configure:14356: result: yes
configure:14386: checking whether the g++ linker (/usr/bin/ld -m elf_x86_64) supports shared libraries
configure:14425: result: yes
configure:14566: checking dynamic linker characteristics
configure:15234: result: GNU/Linux ld.so
configure:15287: checking how to hardcode library paths into programs
configure:15312: result: immediate
configure:15357: checking how to run the C++ preprocessor
configure:15423: result: g++ -E
configure:15443: g++ -E -D_FORTIFY_SOURCE=2 conftest.cpp
configure:15443: $? = 0
configure:15457: g++ -E -D_FORTIFY_SOURCE=2 conftest.cpp
conftest.cpp:29:10: fatal error: 'ac_nonexistent.h' file not found
#include <ac_nonexistent.h>
         ^
1 error generated.
configure:15457: $? = 1
configure: failed program was:
| /* confdefs.h */
| #define PACKAGE_NAME ""
| #define PACKAGE_TARNAME ""
| #define PACKAGE_VERSION ""
| #define PACKAGE_STRING ""
| #define PACKAGE_BUGREPORT ""
| #define PACKAGE_URL ""
| #define PACKAGE "mimetic"
| #define VERSION "0.9.7"
| #define STDC_HEADERS 1
| #define HAVE_SYS_TYPES_H 1
| #define HAVE_SYS_STAT_H 1
| #define HAVE_STDLIB_H 1
| #define HAVE_STRING_H 1
| #define HAVE_MEMORY_H 1
| #define HAVE_STRINGS_H 1
| #define HAVE_INTTYPES_H 1
| #define HAVE_STDINT_H 1
| #define HAVE_UNISTD_H 1
| #define HAVE_DLFCN_H 1
| #define LT_OBJDIR ".libs/"
| #define HAVE_STDLIB_H 1
| #define HAVE_UNISTD_H 1
| #define HAVE_SYS_PARAM_H 1
| #define HAVE_GETPAGESIZE 1
| #define HAVE_MMAP 1
| #define HAVE_MADVISE 1
| /* end confdefs.h.  */
| #include <ac_nonexistent.h>
configure:15777: checking STL required features
configure:15790: g++ -c -g -O2 -fstack-protector --param=ssp-buffer-size=4 -Wformat -Werror=format-security -DNDEBUG -DHAVE_MIMETIC_CONFIG -D_FORTIFY_SOURCE=2 conftest.cpp >&5
In file included from conftest.cpp:29:
In file included from /usr/bin/../lib/gcc/x86_64-linux-gnu/4.7/../../../../include/c++/4.7/string:41:
In file included from /usr/bin/../lib/gcc/x86_64-linux-gnu/4.7/../../../../include/c++/4.7/bits/char_traits.h:41:
In file included from /usr/bin/../lib/gcc/x86_64-linux-gnu/4.7/../../../../include/c++/4.7/bits/postypes.h:41:
In file included from /usr/bin/../lib/gcc/x86_64-linux-gnu/4.7/../../../../include/c++/4.7/cwchar:45:
In file included from /usr/include/wchar.h:884:
/usr/include/x86_64-linux-gnu/bits/wchar2.h:38:1: error: unknown type name '__extern_always_inline'
__fortify_function wchar_t *
^
/usr/include/x86_64-linux-gnu/sys/cdefs.h:143:28: note: expanded from macro '__fortify_function'
#define __fortify_function __extern_always_inline __attribute_artificial__
                           ^
In file included from conftest.cpp:29:
In file included from /usr/bin/../lib/gcc/x86_64-linux-gnu/4.7/../../../../include/c++/4.7/string:41:
In file included from /usr/bin/../lib/gcc/x86_64-linux-gnu/4.7/../../../../include/c++/4.7/bits/char_traits.h:41:
In file included from /usr/bin/../lib/gcc/x86_64-linux-gnu/4.7/../../../../include/c++/4.7/bits/postypes.h:41:
In file included from /usr/bin/../lib/gcc/x86_64-linux-gnu/4.7/../../../../include/c++/4.7/cwchar:45:
In file included from /usr/include/wchar.h:884:
/usr/include/x86_64-linux-gnu/bits/wchar2.h:38:20: error: expected unqualified-id
__fortify_function wchar_t *
                   ^
/usr/include/x86_64-linux-gnu/bits/wchar2.h:67:1: error: unknown type name '__extern_always_inline'
__fortify_function wchar_t *
^
/usr/include/x86_64-linux-gnu/sys/cdefs.h:143:28: note: expanded from macro '__fortify_function'
#define __fortify_function __extern_always_inline __attribute_artificial__
                           ^
In file included from conftest.cpp:29:
In file included from /usr/bin/../lib/gcc/x86_64-linux-gnu/4.7/../../../../include/c++/4.7/string:41:
In file included from /usr/bin/../lib/gcc/x86_64-linux-gnu/4.7/../../../../include/c++/4.7/bits/char_traits.h:41:
In file included from /usr/bin/../lib/gcc/x86_64-linux-gnu/4.7/../../../../include/c++/4.7/bits/postypes.h:41:
In file included from /usr/bin/../lib/gcc/x86_64-linux-gnu/4.7/../../../../include/c++/4.7/cwchar:45:
In file included from /usr/include/wchar.h:884:
/usr/include/x86_64-linux-gnu/bits/wchar2.h:67:20: error: expected unqualified-id
__fortify_function wchar_t *
                   ^
/usr/include/x86_64-linux-gnu/bits/wchar2.h:99:1: error: unknown type name '__extern_always_inline'
__fortify_function wchar_t *
^
/usr/include/x86_64-linux-gnu/sys/cdefs.h:143:28: note: expanded from macro '__fortify_function'
#define __fortify_function __extern_always_inline __attribute_artificial__
                           ^
In file included from conftest.cpp:29:
In file included from /usr/bin/../lib/gcc/x86_64-linux-gnu/4.7/../../../../include/c++/4.7/string:41:
In file included from /usr/bin/../lib/gcc/x86_64-linux-gnu/4.7/../../../../include/c++/4.7/bits/char_traits.h:41:
In file included from /usr/bin/../lib/gcc/x86_64-linux-gnu/4.7/../../../../include/c++/4.7/bits/postypes.h:41:
In file included from /usr/bin/../lib/gcc/x86_64-linux-gnu/4.7/../../../../include/c++/4.7/cwchar:45:
In file included from /usr/include/wchar.h:884:
/usr/include/x86_64-linux-gnu/bits/wchar2.h:99:20: error: expected unqualified-id
__fortify_function wchar_t *
                   ^
/usr/include/x86_64-linux-gnu/bits/wchar2.h:128:1: error: unknown type name '__extern_always_inline'
__fortify_function wchar_t *
^
/usr/include/x86_64-linux-gnu/sys/cdefs.h:143:28: note: expanded from macro '__fortify_function'
#define __fortify_function __extern_always_inline __attribute_artificial__
                           ^
In file included from conftest.cpp:29:
In file included from /usr/bin/../lib/gcc/x86_64-linux-gnu/4.7/../../../../include/c++/4.7/string:41:
In file included from /usr/bin/../lib/gcc/x86_64-linux-gnu/4.7/../../../../include/c++/4.7/bits/char_traits.h:41:
In file included from /usr/bin/../lib/gcc/x86_64-linux-gnu/4.7/../../../../include/c++/4.7/bits/postypes.h:41:
In file included from /usr/bin/../lib/gcc/x86_64-linux-gnu/4.7/../../../../include/c++/4.7/cwchar:45:
In file included from /usr/include/wchar.h:884:
/usr/include/x86_64-linux-gnu/bits/wchar2.h:128:20: error: expected unqualified-id
__fortify_function wchar_t *
                   ^
/usr/include/x86_64-linux-gnu/bits/wchar2.h:151:1: error: unknown type name '__extern_always_inline'
__fortify_function wchar_t *
^
/usr/include/x86_64-linux-gnu/sys/cdefs.h:143:28: note: expanded from macro '__fortify_function'
#define __fortify_function __extern_always_inline __attribute_artificial__
                           ^
In file included from conftest.cpp:29:
In file included from /usr/bin/../lib/gcc/x86_64-linux-gnu/4.7/../../../../include/c++/4.7/string:41:
In file included from /usr/bin/../lib/gcc/x86_64-linux-gnu/4.7/../../../../include/c++/4.7/bits/char_traits.h:41:
In file included from /usr/bin/../lib/gcc/x86_64-linux-gnu/4.7/../../../../include/c++/4.7/bits/postypes.h:41:
In file included from /usr/bin/../lib/gcc/x86_64-linux-gnu/4.7/../../../../include/c++/4.7/cwchar:45:
In file included from /usr/include/wchar.h:884:
/usr/include/x86_64-linux-gnu/bits/wchar2.h:151:20: error: expected unqualified-id
__fortify_function wchar_t *
                   ^
/usr/include/x86_64-linux-gnu/bits/wchar2.h:167:1: error: unknown type name '__extern_always_inline'
__fortify_function wchar_t *
^
/usr/include/x86_64-linux-gnu/sys/cdefs.h:143:28: note: expanded from macro '__fortify_function'
#define __fortify_function __extern_always_inline __attribute_artificial__
                           ^
In file included from conftest.cpp:29:
In file included from /usr/bin/../lib/gcc/x86_64-linux-gnu/4.7/../../../../include/c++/4.7/string:41:
In file included from /usr/bin/../lib/gcc/x86_64-linux-gnu/4.7/../../../../include/c++/4.7/bits/char_traits.h:41:
In file included from /usr/bin/../lib/gcc/x86_64-linux-gnu/4.7/../../../../include/c++/4.7/bits/postypes.h:41:
In file included from /usr/bin/../lib/gcc/x86_64-linux-gnu/4.7/../../../../include/c++/4.7/cwchar:45:
In file included from /usr/include/wchar.h:884:
/usr/include/x86_64-linux-gnu/bits/wchar2.h:167:20: error: expected unqualified-id
__fortify_function wchar_t *
                   ^
/usr/include/x86_64-linux-gnu/bits/wchar2.h:190:1: error: unknown type name '__extern_always_inline'
__fortify_function wchar_t *
^
/usr/include/x86_64-linux-gnu/sys/cdefs.h:143:28: note: expanded from macro '__fortify_function'
#define __fortify_function __extern_always_inline __attribute_artificial__
                           ^
In file included from conftest.cpp:29:
In file included from /usr/bin/../lib/gcc/x86_64-linux-gnu/4.7/../../../../include/c++/4.7/string:41:
In file included from /usr/bin/../lib/gcc/x86_64-linux-gnu/4.7/../../../../include/c++/4.7/bits/char_traits.h:41:
In file included from /usr/bin/../lib/gcc/x86_64-linux-gnu/4.7/../../../../include/c++/4.7/bits/postypes.h:41:
In file included from /usr/bin/../lib/gcc/x86_64-linux-gnu/4.7/../../../../include/c++/4.7/cwchar:45:
In file included from /usr/include/wchar.h:884:
/usr/include/x86_64-linux-gnu/bits/wchar2.h:190:20: error: expected unqualified-id
__fortify_function wchar_t *
                   ^
/usr/include/x86_64-linux-gnu/bits/wchar2.h:221:1: error: unknown type name '__extern_always_inline'
__fortify_function wchar_t *
^
/usr/include/x86_64-linux-gnu/sys/cdefs.h:143:28: note: expanded from macro '__fortify_function'
#define __fortify_function __extern_always_inline __attribute_artificial__
                           ^
In file included from conftest.cpp:29:
In file included from /usr/bin/../lib/gcc/x86_64-linux-gnu/4.7/../../../../include/c++/4.7/string:41:
In file included from /usr/bin/../lib/gcc/x86_64-linux-gnu/4.7/../../../../include/c++/4.7/bits/char_traits.h:41:
In file included from /usr/bin/../lib/gcc/x86_64-linux-gnu/4.7/../../../../include/c++/4.7/bits/postypes.h:41:
In file included from /usr/bin/../lib/gcc/x86_64-linux-gnu/4.7/../../../../include/c++/4.7/cwchar:45:
In file included from /usr/include/wchar.h:884:
/usr/include/x86_64-linux-gnu/bits/wchar2.h:221:20: error: expected unqualified-id
__fortify_function wchar_t *
                   ^
/usr/include/x86_64-linux-gnu/bits/wchar2.h:245:1: error: unknown type name '__extern_always_inline'
__fortify_function wchar_t *
^
/usr/include/x86_64-linux-gnu/sys/cdefs.h:143:28: note: expanded from macro '__fortify_function'
#define __fortify_function __extern_always_inline __attribute_artificial__
                           ^
In file included from conftest.cpp:29:
In file included from /usr/bin/../lib/gcc/x86_64-linux-gnu/4.7/../../../../include/c++/4.7/string:41:
In file included from /usr/bin/../lib/gcc/x86_64-linux-gnu/4.7/../../../../include/c++/4.7/bits/char_traits.h:41:
In file included from /usr/bin/../lib/gcc/x86_64-linux-gnu/4.7/../../../../include/c++/4.7/bits/postypes.h:41:
In file included from /usr/bin/../lib/gcc/x86_64-linux-gnu/4.7/../../../../include/c++/4.7/cwchar:45:
In file included from /usr/include/wchar.h:884:
/usr/include/x86_64-linux-gnu/bits/wchar2.h:245:20: error: expected unqualified-id
__fortify_function wchar_t *
                   ^
/usr/include/x86_64-linux-gnu/bits/wchar2.h:262:1: error: unknown type name '__extern_always_inline'
__fortify_function wchar_t *
^
/usr/include/x86_64-linux-gnu/sys/cdefs.h:143:28: note: expanded from macro '__fortify_function'
#define __fortify_function __extern_always_inline __attribute_artificial__
                           ^
fatal error: too many errors emitted, stopping now [-ferror-limit=]
20 errors generated.
configure:15790: $? = 1
configure: failed program was:
| /* confdefs.h */
| #define PACKAGE_NAME ""
| #define PACKAGE_TARNAME ""
| #define PACKAGE_VERSION ""
| #define PACKAGE_STRING ""
| #define PACKAGE_BUGREPORT ""
| #define PACKAGE_URL ""
| #define PACKAGE "mimetic"
| #define VERSION "0.9.7"
| #define STDC_HEADERS 1
| #define HAVE_SYS_TYPES_H 1
| #define HAVE_SYS_STAT_H 1
| #define HAVE_STDLIB_H 1
| #define HAVE_STRING_H 1
| #define HAVE_MEMORY_H 1
| #define HAVE_STRINGS_H 1
| #define HAVE_INTTYPES_H 1
| #define HAVE_STDINT_H 1
| #define HAVE_UNISTD_H 1
| #define HAVE_DLFCN_H 1
| #define LT_OBJDIR ".libs/"
| #define HAVE_STDLIB_H 1
| #define HAVE_UNISTD_H 1
| #define HAVE_SYS_PARAM_H 1
| #define HAVE_GETPAGESIZE 1
| #define HAVE_MMAP 1
| #define HAVE_MADVISE 1
| /* end confdefs.h.  */
| #include <string>
| int
| main ()
| {
| using namespace std; char_traits<char>::eq('a','a');
|   ;
|   return 0;
| }
configure:15793: error: std::char_traits unsupported

## ---------------- ##
## Cache variables. ##
## ---------------- ##

ac_cv_build=x86_64-pc-linux-gnu
ac_cv_c_compiler_gnu=yes
ac_cv_cxx_compiler_gnu=yes
ac_cv_env_CCC_set=
ac_cv_env_CCC_value=
ac_cv_env_CC_set=
ac_cv_env_CC_value=
ac_cv_env_CFLAGS_set=set
ac_cv_env_CFLAGS_value='-g -O2 -fstack-protector --param=ssp-buffer-size=4 -Wformat -Werror=format-security'
ac_cv_env_CPPFLAGS_set=set
ac_cv_env_CPPFLAGS_value=-D_FORTIFY_SOURCE=2
ac_cv_env_CPP_set=
ac_cv_env_CPP_value=
ac_cv_env_CXXCPP_set=
ac_cv_env_CXXCPP_value=
ac_cv_env_CXXFLAGS_set=set
ac_cv_env_CXXFLAGS_value='-g -O2 -fstack-protector --param=ssp-buffer-size=4 -Wformat -Werror=format-security'
ac_cv_env_CXX_set=
ac_cv_env_CXX_value=
ac_cv_env_LDFLAGS_set=set
ac_cv_env_LDFLAGS_value=-Wl,-z,relro
ac_cv_env_LIBS_set=
ac_cv_env_LIBS_value=
ac_cv_env_build_alias_set=set
ac_cv_env_build_alias_value=x86_64-linux-gnu
ac_cv_env_host_alias_set=
ac_cv_env_host_alias_value=
ac_cv_env_target_alias_set=
ac_cv_env_target_alias_value=
ac_cv_func_getpagesize=yes
ac_cv_func_madvise=yes
ac_cv_func_mmap_fixed_mapped=yes
ac_cv_header_dlfcn_h=yes
ac_cv_header_inttypes_h=yes
ac_cv_header_memory_h=yes
ac_cv_header_stdc=yes
ac_cv_header_stdint_h=yes
ac_cv_header_stdlib_h=yes
ac_cv_header_string_h=yes
ac_cv_header_strings_h=yes
ac_cv_header_sys_param_h=yes
ac_cv_header_sys_stat_h=yes
ac_cv_header_sys_types_h=yes
ac_cv_header_unistd_h=yes
ac_cv_host=x86_64-pc-linux-gnu
ac_cv_objext=o
ac_cv_path_EGREP='/bin/grep -E'
ac_cv_path_FGREP='/bin/grep -F'
ac_cv_path_GREP=/bin/grep
ac_cv_path_SED=/bin/sed
ac_cv_path_install='/usr/bin/install -c'
ac_cv_path_mkdir=/bin/mkdir
ac_cv_prog_AWK=mawk
ac_cv_prog_CPP='gcc -E'
ac_cv_prog_CXXCPP='g++ -E'
ac_cv_prog_ac_ct_AR=ar
ac_cv_prog_ac_ct_CC=gcc
ac_cv_prog_ac_ct_CXX=g++
ac_cv_prog_ac_ct_OBJDUMP=objdump
ac_cv_prog_ac_ct_RANLIB=ranlib
ac_cv_prog_ac_ct_STRIP=strip
ac_cv_prog_cc_c89=
ac_cv_prog_cc_g=yes
ac_cv_prog_cxx_g=yes
ac_cv_prog_make_make_set=yes
ac_cv_target=x86_64-pc-linux-gnu
am_cv_CC_dependencies_compiler_type=none
am_cv_CXX_dependencies_compiler_type=none
lt_cv_ar_at_file=@
lt_cv_archive_cmds_need_lc=no
lt_cv_deplibs_check_method=pass_all
lt_cv_file_magic_cmd='$MAGIC_CMD'
lt_cv_file_magic_test_file=
lt_cv_ld_reload_flag=-r
lt_cv_nm_interface='BSD nm'
lt_cv_objdir=.libs
lt_cv_path_LD=/usr/bin/ld
lt_cv_path_LDCXX='/usr/bin/ld -m elf_x86_64'
lt_cv_path_NM='/usr/bin/nm -B'
lt_cv_path_mainfest_tool=no
lt_cv_prog_compiler_c_o=yes
lt_cv_prog_compiler_c_o_CXX=yes
lt_cv_prog_compiler_pic='-fPIC -DPIC'
lt_cv_prog_compiler_pic_CXX='-fPIC -DPIC'
lt_cv_prog_compiler_pic_works=yes
lt_cv_prog_compiler_pic_works_CXX=yes
lt_cv_prog_compiler_rtti_exceptions=yes
lt_cv_prog_compiler_static_works=yes
lt_cv_prog_compiler_static_works_CXX=yes
lt_cv_prog_gnu_ld=yes
lt_cv_prog_gnu_ldcxx=yes
lt_cv_sharedlib_from_linklib_cmd='printf %s\n'
lt_cv_shlibpath_overrides_runpath=no
lt_cv_sys_global_symbol_pipe='sed -n -e '\''s/^.*[	 ]\([ABCDGIRSTW][ABCDGIRSTW]*\)[	 ][	 ]*\([_A-Za-z][_A-Za-z0-9]*\)$/\1 \2 \2/p'\'' | sed '\''/ __gnu_lto/d'\'''
lt_cv_sys_global_symbol_to_c_name_address='sed -n -e '\''s/^: \([^ ]*\)[ ]*$/  {\"\1\", (void *) 0},/p'\'' -e '\''s/^[ABCDGIRSTW]* \([^ ]*\) \([^ ]*\)$/  {"\2", (void *) \&\2},/p'\'''
lt_cv_sys_global_symbol_to_c_name_address_lib_prefix='sed -n -e '\''s/^: \([^ ]*\)[ ]*$/  {\"\1\", (void *) 0},/p'\'' -e '\''s/^[ABCDGIRSTW]* \([^ ]*\) \(lib[^ ]*\)$/  {"\2", (void *) \&\2},/p'\'' -e '\''s/^[ABCDGIRSTW]* \([^ ]*\) \([^ ]*\)$/  {"lib\2", (void *) \&\2},/p'\'''
lt_cv_sys_global_symbol_to_cdecl='sed -n -e '\''s/^T .* \(.*\)$/extern int \1();/p'\'' -e '\''s/^[ABCDGIRSTW]* .* \(.*\)$/extern char \1;/p'\'''
lt_cv_sys_max_cmd_len=3458764513820540925
lt_cv_to_host_file_cmd=func_convert_file_noop
lt_cv_to_tool_file_cmd=func_convert_file_noop

## ----------------- ##
## Output variables. ##
## ----------------- ##

ACLOCAL='${SHELL} /«PKGBUILDDIR»/missing --run aclocal-1.11'
AMDEPBACKSLASH=''
AMDEP_FALSE=''
AMDEP_TRUE='#'
AMTAR='$${TAR-tar}'
AR='ar'
AUTOCONF='${SHELL} /«PKGBUILDDIR»/missing --run autoconf'
AUTOHEADER='${SHELL} /«PKGBUILDDIR»/missing --run autoheader'
AUTOMAKE='${SHELL} /«PKGBUILDDIR»/missing --run automake-1.11'
AWK='mawk'
CC='gcc'
CCDEPMODE='depmode=none'
CFLAGS='-g -O2 -fstack-protector --param=ssp-buffer-size=4 -Wformat -Werror=format-security -DNDEBUG -DHAVE_MIMETIC_CONFIG'
CPP='gcc -E'
CPPFLAGS='-D_FORTIFY_SOURCE=2'
CXX='g++'
CXXCPP='g++ -E'
CXXDEPMODE='depmode=none'
CXXFLAGS='-g -O2 -fstack-protector --param=ssp-buffer-size=4 -Wformat -Werror=format-security -DNDEBUG -DHAVE_MIMETIC_CONFIG'
CYGPATH_W='echo'
DEFS=''
DEPDIR='.deps'
DLLTOOL='false'
DSYMUTIL=''
DUMPBIN=''
ECHO_C=''
ECHO_N='-n'
ECHO_T=''
EGREP='/bin/grep -E'
EXEEXT=''
FGREP='/bin/grep -F'
GREP='/bin/grep'
INCLUDEDIR='${prefix}/include/mimetic'
INSTALL_DATA='${INSTALL} -m 644'
INSTALL_PROGRAM='${INSTALL}'
INSTALL_SCRIPT='${INSTALL}'
INSTALL_STRIP_PROGRAM='$(install_sh) -c -s'
LD='/usr/bin/ld -m elf_x86_64'
LDFLAGS='-Wl,-z,relro'
LIBOBJS=''
LIBS=''
LIBTOOL='$(SHELL) $(top_builddir)/libtool'
LIPO=''
LN_S='ln -s'
LTLIBOBJS=''
MAKEINFO='${SHELL} /«PKGBUILDDIR»/missing --run makeinfo'
MANIFEST_TOOL=':'
MKDIR_P='/bin/mkdir -p'
NM='/usr/bin/nm -B'
NMEDIT=''
OBJDUMP='objdump'
OBJEXT='o'
OTOOL64=''
OTOOL=''
PACKAGE='mimetic'
PACKAGE_BUGREPORT=''
PACKAGE_NAME=''
PACKAGE_STRING=''
PACKAGE_TARNAME=''
PACKAGE_URL=''
PACKAGE_VERSION=''
PATH_SEPARATOR=':'
RANLIB='ranlib'
SED='/bin/sed'
SET_MAKE=''
SHELL='/bin/bash'
STRIP='strip'
VERSION='0.9.7'
ac_ct_AR='ar'
ac_ct_CC='gcc'
ac_ct_CXX='g++'
ac_ct_DUMPBIN=''
am__EXEEXT_FALSE=''
am__EXEEXT_TRUE=''
am__fastdepCC_FALSE=''
am__fastdepCC_TRUE='#'
am__fastdepCXX_FALSE=''
am__fastdepCXX_TRUE='#'
am__include='include'
am__isrc=''
am__leading_dot='.'
am__nodep=''
am__quote=''
am__tar='$${TAR-tar} chof - "$$tardir"'
am__untar='$${TAR-tar} xf -'
bindir='${exec_prefix}/bin'
build='x86_64-pc-linux-gnu'
build_alias='x86_64-linux-gnu'
build_cpu='x86_64'
build_os='linux-gnu'
build_vendor='pc'
datadir='${datarootdir}'
datarootdir='${prefix}/share'
docdir='${datarootdir}/doc/${PACKAGE}'
dvidir='${docdir}'
exec_prefix='NONE'
host='x86_64-pc-linux-gnu'
host_alias=''
host_cpu='x86_64'
host_os='linux-gnu'
host_vendor='pc'
htmldir='${docdir}'
includedir='${prefix}/include'
infodir='${prefix}/share/info'
install_sh='${SHELL} /«PKGBUILDDIR»/install-sh'
libdir='${prefix}/lib/x86_64-linux-gnu'
libexecdir='${prefix}/lib/x86_64-linux-gnu'
localedir='${datarootdir}/locale'
localstatedir='/var'
mandir='${prefix}/share/man'
mkdir_p='/bin/mkdir -p'
oldincludedir='/usr/include'
pdfdir='${docdir}'
prefix='/usr'
program_transform_name='s,x,x,'
psdir='${docdir}'
sbindir='${exec_prefix}/sbin'
sharedstatedir='${prefix}/com'
sysconfdir='/etc'
target='x86_64-pc-linux-gnu'
target_alias=''
target_cpu='x86_64'
target_os='linux-gnu'
target_vendor='pc'

## ----------- ##
## confdefs.h. ##
## ----------- ##

/* confdefs.h */
#define PACKAGE_NAME ""
#define PACKAGE_TARNAME ""
#define PACKAGE_VERSION ""
#define PACKAGE_STRING ""
#define PACKAGE_BUGREPORT ""
#define PACKAGE_URL ""
#define PACKAGE "mimetic"
#define VERSION "0.9.7"
#define STDC_HEADERS 1
#define HAVE_SYS_TYPES_H 1
#define HAVE_SYS_STAT_H 1
#define HAVE_STDLIB_H 1
#define HAVE_STRING_H 1
#define HAVE_MEMORY_H 1
#define HAVE_STRINGS_H 1
#define HAVE_INTTYPES_H 1
#define HAVE_STDINT_H 1
#define HAVE_UNISTD_H 1
#define HAVE_DLFCN_H 1
#define LT_OBJDIR ".libs/"
#define HAVE_STDLIB_H 1
#define HAVE_UNISTD_H 1
#define HAVE_SYS_PARAM_H 1
#define HAVE_GETPAGESIZE 1
#define HAVE_MMAP 1
#define HAVE_MADVISE 1

configure: exit 1
make: *** [build-arch] Error 255
dpkg-buildpackage: error: debian/rules build-arch gave error exit status 2
────────────────────────────────────────────────────────────────────────────────
Build finished at 20130128-0500

Finished
────────

E: Build failure (dpkg-buildpackage died)

┌──────────────────────────────────────────────────────────────────────────────┐
│ Cleanup                                                                      │
└──────────────────────────────────────────────────────────────────────────────┘

Purging /«BUILDDIR»
Not cleaning session: cloned chroot in use

┌──────────────────────────────────────────────────────────────────────────────┐
│ Summary                                                                      │
└──────────────────────────────────────────────────────────────────────────────┘

Architecture: amd64
Build-Space: 4784
Build-Time: 20
Distribution: unstable
Fail-Stage: build
Install-Time: 9
Job: mimetic_0.9.7-3
Package: mimetic
Package-Time: 59
Source-Version: 0.9.7-3
Space: 4784
Status: attempted
Version: 0.9.7-3
────────────────────────────────────────────────────────────────────────────────
Finished at 20130128-0500
Build needed 00:00:59, 4784k disc space
DC-Status: Failed 59.88134s
DC-Time-Estimation: 59.88134 versus expected 142 (r/m: 1.37135641921173 ; m: 59.88134)
