DC-Build-Header: minetest 0.3.1+dfsg-4 / Mon Jan 28 04:32:51 +0000 2013
DC-Task: logfile:/tmp/minetest_0.3.1+dfsg-4_unstable_clang.log version:0.3.1+dfsg-4 chroot:unstable modes:binary-only:clang source:minetest architecture:any esttime:334
DC-Sbuild-call: su user -c 'sbuild -n --apt-update -d unstable -v  --chroot-setup-commands=/tmp/switch-to-clang minetest_0.3.1+dfsg-4'
Could not create '/sbuild-nonexistent/logs': No such file or directory
Could not create '/sbuild-nonexistent/logs': No such file or directory
sbuild (Debian sbuild) 0.62.5 (13 Jul 2011) on ip-10-157-2-66.ec2.internal

╔══════════════════════════════════════════════════════════════════════════════╗
║ minetest 0.3.1+dfsg-4 (amd64)                              28 Jan 2013 04:32 ║
╚══════════════════════════════════════════════════════════════════════════════╝

Package: minetest
Version: 0.3.1+dfsg-4
Source Version: 0.3.1+dfsg-4
Distribution: unstable
Architecture: amd64

I: NOTICE: Log filtering will replace 'build/minetest-Ekcph3/minetest-0.3.1+dfsg' with '«PKGBUILDDIR»'
I: NOTICE: Log filtering will replace 'build/minetest-Ekcph3' with '«BUILDDIR»'
I: NOTICE: Log filtering will replace 'var/lib/schroot/mount/unstable-amd64-sbuild-fb262211-bcfd-4310-bfc2-c5d08ddbc7d3' with '«CHROOT»'

┌──────────────────────────────────────────────────────────────────────────────┐
│ Update chroot                                                                │
└──────────────────────────────────────────────────────────────────────────────┘

Ign http://localhost unstable InRelease
Get:1 http://localhost unstable Release.gpg [836 B]
Get:2 http://localhost unstable Release [227 kB]
Ign http://localhost unstable/main Sources/DiffIndex
Ign http://localhost unstable/main amd64 Packages/DiffIndex
Get:3 http://localhost unstable/main Translation-en/DiffIndex [7876 B]
Get:4 http://localhost unstable/main 2013-01-27-2011.16.pdiff [737 B]
Get:5 http://localhost unstable/main 2013-01-27-2011.16.pdiff [737 B]
Get:6 http://localhost unstable/main Sources [8236 kB]
Get:7 http://localhost unstable/main amd64 Packages [8284 kB]
Get:8 http://localhost unstable/main 2013-01-28-0212.01.pdiff [43 B]
Get:9 http://localhost unstable/main 2013-01-28-0212.01.pdiff [43 B]
Fetched 16.8 MB in 3s (4693 kB/s)
Reading package lists...
Reading package lists...
Building dependency tree...
Reading state information...
0 upgraded, 0 newly installed, 0 to remove and 0 not upgraded.

┌──────────────────────────────────────────────────────────────────────────────┐
│ Fetch source files                                                           │
└──────────────────────────────────────────────────────────────────────────────┘


Check APT
─────────

Checking available source versions...

Download source files with APT
──────────────────────────────

Reading package lists...
Building dependency tree...
Reading state information...
NOTICE: 'minetest' packaging is maintained in the 'Git' version control system at:
git://git.debian.org/git/pkg-games/minetest.git
Need to get 491 kB of source archives.
Get:1 http://localhost/debian/ unstable/main minetest 0.3.1+dfsg-4 (dsc) [2923 B]
Get:2 http://localhost/debian/ unstable/main minetest 0.3.1+dfsg-4 (tar) [482 kB]
Get:3 http://localhost/debian/ unstable/main minetest 0.3.1+dfsg-4 (diff) [6745 B]
Fetched 491 kB in 0s (3034 kB/s)
Download complete and in download only mode

Check arch
──────────


┌──────────────────────────────────────────────────────────────────────────────┐
│ Chroot Setup Commands                                                        │
└──────────────────────────────────────────────────────────────────────────────┘


/tmp/switch-to-clang
────────────────────

+ echo 'Entering customization script...'
Entering customization script...
+ echo 'Add experimental as repository'
Add experimental as repository
+ echo deb http://localhost:9999/debian experimental main
+ apt-get update
Ign http://localhost unstable InRelease
Ign http://localhost experimental InRelease
Hit http://localhost unstable Release.gpg
Get:1 http://localhost experimental Release.gpg [836 B]
Hit http://localhost unstable Release
Get:2 http://localhost experimental Release [161 kB]
Ign http://localhost unstable/main Sources/DiffIndex
Ign http://localhost unstable/main amd64 Packages/DiffIndex
Hit http://localhost unstable/main Translation-en/DiffIndex
Get:3 http://localhost experimental/main Translation-en [704 kB]
Get:4 http://localhost experimental/main amd64 Packages [1605 kB]
Hit http://localhost unstable/main Sources
Hit http://localhost unstable/main amd64 Packages
Fetched 2471 kB in 1s (1309 kB/s)
Reading package lists...
+ echo 'Install of clang'
Install of clang
+ apt-get update
Ign http://localhost unstable InRelease
Ign http://localhost experimental InRelease
Hit http://localhost unstable Release.gpg
Hit http://localhost experimental Release.gpg
Hit http://localhost unstable Release
Hit http://localhost experimental Release
Ign http://localhost unstable/main Sources/DiffIndex
Ign http://localhost unstable/main amd64 Packages/DiffIndex
Hit http://localhost unstable/main Translation-en/DiffIndex
Ign http://localhost experimental/main amd64 Packages/DiffIndex
Get:1 http://localhost experimental/main Translation-en/DiffIndex [7819 B]
Hit http://localhost unstable/main Sources
Hit http://localhost unstable/main amd64 Packages
Hit http://localhost experimental/main amd64 Packages
Fetched 7819 B in 1s (3951 B/s)
Reading package lists...
+ apt-get install --yes --no-install-recommends clang -t experimental
Reading package lists...
Building dependency tree...
Reading state information...
The following extra packages will be installed:
  clang-3.2 compiler-rt cpp-4.7 g++-4.7 gcc-4.7 gcc-4.7-base gcc-4.8-base
  libc-dev-bin libc6 libc6-dev libclang-common-dev libexpat1 libffi5
  libgcc-4.7-dev libgcc1 libgomp1 libitm1 libllvm3.2 libncurses5 libncursesw5
  libobjc-4.7-dev libobjc4 libpython2.7-minimal libpython2.7-stdlib
  libquadmath0 libsqlite3-0 libssl1.0.0 libstdc++6 libstdc++6-4.7-dev
  libtinfo5 mime-support python python-minimal python2.7 python2.7-minimal
Suggested packages:
  gcc-4.7-locales g++-4.7-multilib gcc-4.7-doc libstdc++6-4.7-dbg
  gcc-4.7-multilib libmudflap0-4.7-dev libgcc1-dbg libgomp1-dbg libitm1-dbg
  libquadmath0-dbg libmudflap0-dbg libcloog-ppl0 libppl-c2 libppl7
  binutils-gold glibc-doc libstdc++6-4.7-doc python-doc python-tk
  python2.7-doc binfmt-support
Recommended packages:
  llvm-3.2-dev manpages-dev file
The following NEW packages will be installed:
  clang clang-3.2 compiler-rt gcc-4.8-base libclang-common-dev libexpat1
  libffi5 libgcc-4.7-dev libllvm3.2 libncursesw5 libobjc-4.7-dev libobjc4
  libpython2.7-minimal libpython2.7-stdlib libsqlite3-0 libssl1.0.0
  mime-support python python-minimal python2.7 python2.7-minimal
The following packages will be upgraded:
  cpp-4.7 g++-4.7 gcc-4.7 gcc-4.7-base libc-dev-bin libc6 libc6-dev libgcc1
  libgomp1 libitm1 libncurses5 libquadmath0 libstdc++6 libstdc++6-4.7-dev
  libtinfo5
15 upgraded, 21 newly installed, 0 to remove and 24 not upgraded.
Need to get 56.7 MB of archives.
After this operation, 72.6 MB of additional disk space will be used.
Get:1 http://localhost/debian/ experimental/main gcc-4.8-base amd64 4.8-20130127-1 [147 kB]
Get:2 http://localhost/debian/ experimental/main libc6-dev amd64 2.16-0experimental1 [3086 kB]
Get:3 http://localhost/debian/ experimental/main libc-dev-bin amd64 2.16-0experimental1 [226 kB]
Get:4 http://localhost/debian/ experimental/main libc6 amd64 2.16-0experimental1 [4729 kB]
Get:5 http://localhost/debian/ experimental/main libgcc1 amd64 1:4.8-20130127-1 [43.7 kB]
Get:6 http://localhost/debian/ experimental/main libstdc++6 amd64 4.8-20130127-1 [335 kB]
Get:7 http://localhost/debian/ experimental/main libtinfo5 amd64 5.9+20130119-1 [294 kB]
Get:8 http://localhost/debian/ experimental/main libncurses5 amd64 5.9+20130119-1 [115 kB]
Get:9 http://localhost/debian/ experimental/main libncursesw5 amd64 5.9+20130119-1 [142 kB]
Get:10 http://localhost/debian/ unstable/main libssl1.0.0 amd64 1.0.1c-4 [1213 kB]
Get:11 http://localhost/debian/ unstable/main libsqlite3-0 amd64 3.7.15.2-1 [463 kB]
Get:12 http://localhost/debian/ experimental/main libexpat1 amd64 2.1.0-2 [138 kB]
Get:13 http://localhost/debian/ unstable/main libffi5 amd64 3.0.10-3 [24.8 kB]
Get:14 http://localhost/debian/ experimental/main libgomp1 amd64 4.8-20130127-1 [27.4 kB]
Get:15 http://localhost/debian/ experimental/main libitm1 amd64 4.8-20130127-1 [37.7 kB]
Get:16 http://localhost/debian/ unstable/main libllvm3.2 amd64 3.2-2 [7865 kB]
Get:17 http://localhost/debian/ experimental/main libobjc4 amd64 4.8-20130127-1 [163 kB]
Get:18 http://localhost/debian/ experimental/main libquadmath0 amd64 4.8-20130127-1 [139 kB]
Get:19 http://localhost/debian/ experimental/main libstdc++6-4.7-dev amd64 4.7.2-19 [1678 kB]
Get:20 http://localhost/debian/ experimental/main g++-4.7 amd64 4.7.2-19 [5877 kB]
Get:21 http://localhost/debian/ experimental/main gcc-4.7 amd64 4.7.2-19 [5831 kB]
Get:22 http://localhost/debian/ experimental/main cpp-4.7 amd64 4.7.2-19 [5416 kB]
Get:23 http://localhost/debian/ experimental/main libgcc-4.7-dev amd64 4.7.2-19 [2465 kB]
Get:24 http://localhost/debian/ experimental/main gcc-4.7-base amd64 4.7.2-19 [148 kB]
Get:25 http://localhost/debian/ experimental/main mime-support all 3.53~experimental2 [36.5 kB]
Get:26 http://localhost/debian/ experimental/main libpython2.7-minimal amd64 2.7.3-15 [531 kB]
Get:27 http://localhost/debian/ experimental/main python2.7-minimal amd64 2.7.3-15 [1220 kB]
Get:28 http://localhost/debian/ experimental/main libpython2.7-stdlib amd64 2.7.3-15 [2367 kB]
Get:29 http://localhost/debian/ experimental/main python2.7 amd64 2.7.3-15 [326 kB]
Get:30 http://localhost/debian/ experimental/main python-minimal amd64 2.7.3-10 [41.8 kB]
Get:31 http://localhost/debian/ experimental/main python amd64 2.7.3-10 [184 kB]
Get:32 http://localhost/debian/ experimental/main libobjc-4.7-dev amd64 4.7.2-19 [717 kB]
Get:33 http://localhost/debian/ experimental/main libclang-common-dev amd64 3.2-1~exp5 [303 kB]
Get:34 http://localhost/debian/ experimental/main compiler-rt amd64 3.2-1~exp5 [315 kB]
Get:35 http://localhost/debian/ experimental/main clang-3.2 amd64 3.2-1~exp5 [10.1 MB]
Get:36 http://localhost/debian/ experimental/main clang all 3.2-1~exp5 [9506 B]
debconf: delaying package configuration, since apt-utils is not installed
Fetched 56.7 MB in 1s (34.1 MB/s)
Selecting previously unselected package gcc-4.8-base:amd64.
(Reading database ... 13484 files and directories currently installed.)
Unpacking gcc-4.8-base:amd64 (from .../gcc-4.8-base_4.8-20130127-1_amd64.deb) ...
Setting up gcc-4.8-base:amd64 (4.8-20130127-1) ...
(Reading database ... 13491 files and directories currently installed.)
Preparing to replace libc6-dev:amd64 2.13-38 (using .../libc6-dev_2.16-0experimental1_amd64.deb) ...
Unpacking replacement libc6-dev:amd64 ...
Preparing to replace libc-dev-bin 2.13-38 (using .../libc-dev-bin_2.16-0experimental1_amd64.deb) ...
Unpacking replacement libc-dev-bin ...
Preparing to replace libc6:amd64 2.13-38 (using .../libc6_2.16-0experimental1_amd64.deb) ...
debconf: unable to initialize frontend: Dialog
debconf: (Dialog frontend will not work on a dumb terminal, an emacs shell buffer, or without a controlling terminal.)
debconf: falling back to frontend: Readline
debconf: unable to initialize frontend: Readline
debconf: (This frontend requires a controlling tty.)
debconf: falling back to frontend: Teletype
Checking for services that may need to be restarted...
Checking init scripts...
Unpacking replacement libc6:amd64 ...
Setting up libc6:amd64 (2.16-0experimental1) ...
debconf: unable to initialize frontend: Dialog
debconf: (Dialog frontend will not work on a dumb terminal, an emacs shell buffer, or without a controlling terminal.)
debconf: falling back to frontend: Readline
debconf: unable to initialize frontend: Readline
debconf: (This frontend requires a controlling tty.)
debconf: falling back to frontend: Teletype
Checking for services that may need to be restarted...
Checking init scripts...
Nothing to restart.
(Reading database ... 13509 files and directories currently installed.)
Preparing to replace libgcc1:amd64 1:4.7.2-5 (using .../libgcc1_1%3a4.8-20130127-1_amd64.deb) ...
Unpacking replacement libgcc1:amd64 ...
Setting up libgcc1:amd64 (1:4.8-20130127-1) ...
(Reading database ... 13509 files and directories currently installed.)
Preparing to replace libstdc++6:amd64 4.7.2-5 (using .../libstdc++6_4.8-20130127-1_amd64.deb) ...
Unpacking replacement libstdc++6:amd64 ...
Setting up libstdc++6:amd64 (4.8-20130127-1) ...
(Reading database ... 13509 files and directories currently installed.)
Preparing to replace libtinfo5:amd64 5.9-10 (using .../libtinfo5_5.9+20130119-1_amd64.deb) ...
Unpacking replacement libtinfo5:amd64 ...
Setting up libtinfo5:amd64 (5.9+20130119-1) ...
(Reading database ... 13509 files and directories currently installed.)
Preparing to replace libncurses5:amd64 5.9-10 (using .../libncurses5_5.9+20130119-1_amd64.deb) ...
Unpacking replacement libncurses5:amd64 ...
Setting up libncurses5:amd64 (5.9+20130119-1) ...
Selecting previously unselected package libncursesw5:amd64.
(Reading database ... 13509 files and directories currently installed.)
Unpacking libncursesw5:amd64 (from .../libncursesw5_5.9+20130119-1_amd64.deb) ...
Selecting previously unselected package libssl1.0.0:amd64.
Unpacking libssl1.0.0:amd64 (from .../libssl1.0.0_1.0.1c-4_amd64.deb) ...
Selecting previously unselected package libsqlite3-0:amd64.
Unpacking libsqlite3-0:amd64 (from .../libsqlite3-0_3.7.15.2-1_amd64.deb) ...
Selecting previously unselected package libexpat1:amd64.
Unpacking libexpat1:amd64 (from .../libexpat1_2.1.0-2_amd64.deb) ...
Selecting previously unselected package libffi5:amd64.
Unpacking libffi5:amd64 (from .../libffi5_3.0.10-3_amd64.deb) ...
Preparing to replace libgomp1:amd64 4.7.2-5 (using .../libgomp1_4.8-20130127-1_amd64.deb) ...
Unpacking replacement libgomp1:amd64 ...
Preparing to replace libitm1:amd64 4.7.2-5 (using .../libitm1_4.8-20130127-1_amd64.deb) ...
Unpacking replacement libitm1:amd64 ...
Selecting previously unselected package libllvm3.2:amd64.
Unpacking libllvm3.2:amd64 (from .../libllvm3.2_3.2-2_amd64.deb) ...
Selecting previously unselected package libobjc4:amd64.
Unpacking libobjc4:amd64 (from .../libobjc4_4.8-20130127-1_amd64.deb) ...
Preparing to replace libquadmath0:amd64 4.7.2-5 (using .../libquadmath0_4.8-20130127-1_amd64.deb) ...
Unpacking replacement libquadmath0:amd64 ...
Preparing to replace libstdc++6-4.7-dev 4.7.2-5 (using .../libstdc++6-4.7-dev_4.7.2-19_amd64.deb) ...
Unpacking replacement libstdc++6-4.7-dev:amd64 ...
Preparing to replace g++-4.7 4.7.2-5 (using .../g++-4.7_4.7.2-19_amd64.deb) ...
Unpacking replacement g++-4.7 ...
Preparing to replace gcc-4.7 4.7.2-5 (using .../gcc-4.7_4.7.2-19_amd64.deb) ...
Unpacking replacement gcc-4.7 ...
Preparing to replace cpp-4.7 4.7.2-5 (using .../cpp-4.7_4.7.2-19_amd64.deb) ...
Unpacking replacement cpp-4.7 ...
Selecting previously unselected package libgcc-4.7-dev:amd64.
Unpacking libgcc-4.7-dev:amd64 (from .../libgcc-4.7-dev_4.7.2-19_amd64.deb) ...
Preparing to replace gcc-4.7-base:amd64 4.7.2-5 (using .../gcc-4.7-base_4.7.2-19_amd64.deb) ...
Unpacking replacement gcc-4.7-base:amd64 ...
Selecting previously unselected package mime-support.
Unpacking mime-support (from .../mime-support_3.53~experimental2_all.deb) ...
Selecting previously unselected package libpython2.7-minimal:amd64.
Unpacking libpython2.7-minimal:amd64 (from .../libpython2.7-minimal_2.7.3-15_amd64.deb) ...
Selecting previously unselected package python2.7-minimal.
Unpacking python2.7-minimal (from .../python2.7-minimal_2.7.3-15_amd64.deb) ...
Selecting previously unselected package libpython2.7-stdlib:amd64.
Unpacking libpython2.7-stdlib:amd64 (from .../libpython2.7-stdlib_2.7.3-15_amd64.deb) ...
Selecting previously unselected package python2.7.
Unpacking python2.7 (from .../python2.7_2.7.3-15_amd64.deb) ...
Selecting previously unselected package python-minimal.
Unpacking python-minimal (from .../python-minimal_2.7.3-10_amd64.deb) ...
Selecting previously unselected package python.
Unpacking python (from .../python_2.7.3-10_amd64.deb) ...
Selecting previously unselected package libobjc-4.7-dev:amd64.
Unpacking libobjc-4.7-dev:amd64 (from .../libobjc-4.7-dev_4.7.2-19_amd64.deb) ...
Selecting previously unselected package libclang-common-dev.
Unpacking libclang-common-dev (from .../libclang-common-dev_3.2-1~exp5_amd64.deb) ...
Selecting previously unselected package compiler-rt.
Unpacking compiler-rt (from .../compiler-rt_3.2-1~exp5_amd64.deb) ...
Selecting previously unselected package clang-3.2.
Unpacking clang-3.2 (from .../clang-3.2_3.2-1~exp5_amd64.deb) ...
Selecting previously unselected package clang.
Unpacking clang (from .../clang_3.2-1~exp5_all.deb) ...
Setting up libc-dev-bin (2.16-0experimental1) ...
Setting up libc6-dev:amd64 (2.16-0experimental1) ...
Setting up libncursesw5:amd64 (5.9+20130119-1) ...
Setting up libssl1.0.0:amd64 (1.0.1c-4) ...
debconf: unable to initialize frontend: Dialog
debconf: (Dialog frontend will not work on a dumb terminal, an emacs shell buffer, or without a controlling terminal.)
debconf: falling back to frontend: Readline
debconf: unable to initialize frontend: Readline
debconf: (This frontend requires a controlling tty.)
debconf: falling back to frontend: Teletype
Setting up libsqlite3-0:amd64 (3.7.15.2-1) ...
Setting up libexpat1:amd64 (2.1.0-2) ...
Setting up libffi5:amd64 (3.0.10-3) ...
Setting up libgomp1:amd64 (4.8-20130127-1) ...
Setting up libitm1:amd64 (4.8-20130127-1) ...
Setting up libllvm3.2:amd64 (3.2-2) ...
Setting up libobjc4:amd64 (4.8-20130127-1) ...
Setting up libquadmath0:amd64 (4.8-20130127-1) ...
Setting up gcc-4.7-base:amd64 (4.7.2-19) ...
Setting up libgcc-4.7-dev:amd64 (4.7.2-19) ...
Setting up libstdc++6-4.7-dev:amd64 (4.7.2-19) ...
Setting up cpp-4.7 (4.7.2-19) ...
Setting up gcc-4.7 (4.7.2-19) ...
Setting up g++-4.7 (4.7.2-19) ...
Setting up mime-support (3.53~experimental2) ...
Setting up libpython2.7-minimal:amd64 (2.7.3-15) ...
Setting up python2.7-minimal (2.7.3-15) ...
Linking and byte-compiling packages for runtime python2.7...
Setting up libpython2.7-stdlib:amd64 (2.7.3-15) ...
Setting up python2.7 (2.7.3-15) ...
Setting up python-minimal (2.7.3-10) ...
Setting up python (2.7.3-10) ...
Setting up libobjc-4.7-dev:amd64 (4.7.2-19) ...
Setting up libclang-common-dev (3.2-1~exp5) ...
Setting up compiler-rt (3.2-1~exp5) ...
Setting up clang-3.2 (3.2-1~exp5) ...
Setting up clang (3.2-1~exp5) ...
+ echo 'Replace gcc, g++ & cpp by clang'
Replace gcc, g++ & cpp by clang
+ VERSIONS='4.6 4.7'
+ cd /usr/bin
+ for VERSION in '$VERSIONS'
+ rm g++-4.6 gcc-4.6 cpp-4.6
+ ln -s clang++ g++-4.6
+ ln -s clang gcc-4.6
+ ln -s clang cpp-4.6
+ for VERSION in '$VERSIONS'
+ rm g++-4.7 gcc-4.7 cpp-4.7
+ ln -s clang++ g++-4.7
+ ln -s clang gcc-4.7
+ ln -s clang cpp-4.7
+ cd -
/«BUILDDIR»
+ echo 'Block the installation of new gcc version'
Block the installation of new gcc version
+ echo 'gcc-4.6 hold'
+ dpkg --set-selections
+ echo 'cpp-4.6 hold'
+ dpkg --set-selections
+ echo 'g++-4.6 hold'
+ dpkg --set-selections
+ echo 'gcc-4.7 hold'
+ dpkg --set-selections
+ echo 'cpp-4.7 hold'
+ dpkg --set-selections
+ echo 'g++-4.7 hold'
+ dpkg --set-selections
+ echo 'Check if gcc, g++ & cpp are actually clang'
Check if gcc, g++ & cpp are actually clang
+ gcc --version
+ grep clang
+ cpp --version
+ grep clang
+ g++ --version
+ grep clang

I: Finished running '/tmp/switch-to-clang'.

Finished processing commands.
────────────────────────────────────────────────────────────────────────────────
Merged Build-Depends: build-essential, fakeroot
Filtered Build-Depends: build-essential, fakeroot
dpkg-deb: building package `sbuild-build-depends-core-dummy' in `/«BUILDDIR»/resolver-Vhli6D/apt_archive/sbuild-build-depends-core-dummy.deb'.
OK
Reading package lists...

┌──────────────────────────────────────────────────────────────────────────────┐
│ Install core build dependencies (apt-based resolver)                         │
└──────────────────────────────────────────────────────────────────────────────┘

Installing build dependencies
Reading package lists...
Building dependency tree...
Reading state information...
The following NEW packages will be installed:
  sbuild-build-depends-core-dummy
debconf: delaying package configuration, since apt-utils is not installed
0 upgraded, 1 newly installed, 0 to remove and 0 not upgraded.
Need to get 0 B/710 B of archives.
After this operation, 0 B of additional disk space will be used.
Selecting previously unselected package sbuild-build-depends-core-dummy.
(Reading database ... 14674 files and directories currently installed.)
Unpacking sbuild-build-depends-core-dummy (from .../sbuild-build-depends-core-dummy.deb) ...
Setting up sbuild-build-depends-core-dummy (0.invalid.0) ...
Merged Build-Depends: base-files, base-passwd, bash, bsdutils, coreutils, dash, debianutils, diffutils, dpkg, e2fsprogs, findutils, grep, gzip, hostname, libc-bin, login, mount, ncurses-base, ncurses-bin, perl-base, sed, sysvinit, sysvinit-utils, tar, util-linux, libc6-dev | libc-dev, gcc (>= 4:4.4.3), g++ (>= 4:4.4.3), make, dpkg-dev (>= 1.13.5), debhelper (>= 9), cmake, libbz2-dev, imagemagick, libpng-dev, libjpeg8-dev, libjthread-dev, libxxf86vm-dev, libgl1-mesa-dev, libirrlicht-dev (>= 1.7.0), libsqlite3-dev
Filtered Build-Depends: base-files, base-passwd, bash, bsdutils, coreutils, dash, debianutils, diffutils, dpkg, e2fsprogs, findutils, grep, gzip, hostname, libc-bin, login, mount, ncurses-base, ncurses-bin, perl-base, sed, sysvinit, sysvinit-utils, tar, util-linux, libc6-dev, gcc (>= 4:4.4.3), g++ (>= 4:4.4.3), make, dpkg-dev (>= 1.13.5), debhelper (>= 9), cmake, libbz2-dev, imagemagick, libpng-dev, libjpeg8-dev, libjthread-dev, libxxf86vm-dev, libgl1-mesa-dev, libirrlicht-dev (>= 1.7.0), libsqlite3-dev
dpkg-deb: building package `sbuild-build-depends-minetest-dummy' in `/«BUILDDIR»/resolver-kFBURR/apt_archive/sbuild-build-depends-minetest-dummy.deb'.
OK
Reading package lists...

┌──────────────────────────────────────────────────────────────────────────────┐
│ Install minetest build dependencies (apt-based resolver)                     │
└──────────────────────────────────────────────────────────────────────────────┘

Installing build dependencies
Reading package lists...
Building dependency tree...
Reading state information...
The following extra packages will be installed:
  bsdmainutils cmake cmake-data debhelper emacsen-common file
  fontconfig-config gettext gettext-base groff-base hicolor-icon-theme
  html2text imagemagick imagemagick-common intltool-debian libarchive12
  libasprintf-dev libasprintf0c2 libbz2-dev libcroco3 libcurl3 libcurl3-gnutls
  libdrm2 libfontconfig1 libfreetype6 libgcrypt11 libgettextpo-dev
  libgettextpo0 libgl1-mesa-dev libgl1-mesa-glx libglapi-mesa libglib2.0-0
  libgnutls26 libgpg-error0 libgssapi-krb5-2 libice6 libidn11 libirrlicht-dev
  libirrlicht1.7a libjasper1 libjbig0 libjpeg8 libjpeg8-dev libjthread-dev
  libjthread1.3.1 libk5crypto3 libkeyutils1 libkrb5-3 libkrb5support0
  liblcms2-2 libldap-2.4-2 liblqr-1-0 libltdl7 libmagic1 libmagickcore5
  libmagickwand5 libnettle4 libp11-kit0 libpcre3 libpipeline1 libpng12-0
  libpng12-dev libprocps0 libpthread-stubs0 libpthread-stubs0-dev librtmp0
  libsasl2-2 libsm6 libsqlite3-dev libssh2-1 libtasn1-3 libtiff4 libunistring0
  libx11-6 libx11-data libx11-dev libx11-xcb1 libxau-dev libxau6 libxcb-glx0
  libxcb1 libxcb1-dev libxdamage1 libxdmcp-dev libxdmcp6 libxext-dev libxext6
  libxfixes3 libxml2 libxmlrpc-core-c3 libxt6 libxxf86vm-dev libxxf86vm1
  man-db mesa-common-dev po-debconf procps ttf-dejavu-core x11-common
  x11proto-core-dev x11proto-input-dev x11proto-kb-dev x11proto-xext-dev
  x11proto-xf86vidmode-dev xorg-sgml-doctools xtrans-dev zlib1g-dev
Suggested packages:
  wamerican wordlist whois vacation dh-make gettext-doc groff imagemagick-doc
  autotrace cups-bsd lpr lprng enscript ffmpeg gimp gnuplot grads hp2xx
  html2ps libwmf-bin mplayer povray radiance sane-utils texlive-base-bin
  transfig xdg-utils rng-tools krb5-doc krb5-user libirrlicht-doc
  libjasper-runtime liblcms2-utils sqlite3-doc libxcb-doc libxext-doc less
  www-browser libmail-box-perl
Recommended packages:
  curl wget lynx-cur autopoint libmagickcore5-extra ghostscript netpbm
  ufraw-batch ca-certificates libgl1-mesa-dri libglib2.0-data shared-mime-info
  libjthread-doc krb5-locales gsfonts libsasl2-modules libx11-doc xml-core
  libmail-sendmail-perl psmisc
The following NEW packages will be installed:
  bsdmainutils cmake cmake-data debhelper emacsen-common file
  fontconfig-config gettext gettext-base groff-base hicolor-icon-theme
  html2text imagemagick imagemagick-common intltool-debian libarchive12
  libasprintf-dev libasprintf0c2 libbz2-dev libcroco3 libcurl3 libcurl3-gnutls
  libdrm2 libfontconfig1 libfreetype6 libgcrypt11 libgettextpo-dev
  libgettextpo0 libgl1-mesa-dev libgl1-mesa-glx libglapi-mesa libglib2.0-0
  libgnutls26 libgpg-error0 libgssapi-krb5-2 libice6 libidn11 libirrlicht-dev
  libirrlicht1.7a libjasper1 libjbig0 libjpeg8 libjpeg8-dev libjthread-dev
  libjthread1.3.1 libk5crypto3 libkeyutils1 libkrb5-3 libkrb5support0
  liblcms2-2 libldap-2.4-2 liblqr-1-0 libltdl7 libmagic1 libmagickcore5
  libmagickwand5 libnettle4 libp11-kit0 libpcre3 libpipeline1 libpng12-0
  libpng12-dev libprocps0 libpthread-stubs0 libpthread-stubs0-dev librtmp0
  libsasl2-2 libsm6 libsqlite3-dev libssh2-1 libtasn1-3 libtiff4 libunistring0
  libx11-6 libx11-data libx11-dev libx11-xcb1 libxau-dev libxau6 libxcb-glx0
  libxcb1 libxcb1-dev libxdamage1 libxdmcp-dev libxdmcp6 libxext-dev libxext6
  libxfixes3 libxml2 libxmlrpc-core-c3 libxt6 libxxf86vm-dev libxxf86vm1
  man-db mesa-common-dev po-debconf procps sbuild-build-depends-minetest-dummy
  ttf-dejavu-core x11-common x11proto-core-dev x11proto-input-dev
  x11proto-kb-dev x11proto-xext-dev x11proto-xf86vidmode-dev
  xorg-sgml-doctools xtrans-dev zlib1g-dev
0 upgraded, 108 newly installed, 0 to remove and 0 not upgraded.
Need to get 38.5 MB/38.5 MB of archives.
After this operation, 111 MB of additional disk space will be used.
Get:1 http://localhost/debian/ unstable/main libpipeline1 amd64 1.2.2-1 [39.9 kB]
Get:2 http://localhost/debian/ unstable/main libprocps0 amd64 1:3.3.4-2 [58.6 kB]
Get:3 http://localhost/debian/ unstable/main groff-base amd64 1.22.1-2 [741 kB]
Get:4 http://localhost/debian/ unstable/main bsdmainutils amd64 9.0.4 [210 kB]
Get:5 http://localhost/debian/ unstable/main man-db amd64 2.6.3-3 [898 kB]
Get:6 http://localhost/debian/ unstable/main libasprintf0c2 amd64 0.18.1.1-10 [27.2 kB]
Get:7 http://localhost/debian/ unstable/main libgpg-error0 amd64 1.10-3.1 [77.9 kB]
Get:8 http://localhost/debian/ unstable/main libgcrypt11 amd64 1.5.0-3 [298 kB]
Get:9 http://localhost/debian/ unstable/main libp11-kit0 amd64 0.12-3 [52.8 kB]
Get:10 http://localhost/debian/ unstable/main libtasn1-3 amd64 2.13-2 [67.7 kB]
Get:11 http://localhost/debian/ unstable/main libgnutls26 amd64 2.12.20-3 [618 kB]
Get:12 http://localhost/debian/ unstable/main libkeyutils1 amd64 1.5.5-4 [8690 B]
Get:13 http://localhost/debian/ unstable/main libkrb5support0 amd64 1.10.1+dfsg-3 [49.2 kB]
Get:14 http://localhost/debian/ unstable/main libk5crypto3 amd64 1.10.1+dfsg-3 [112 kB]
Get:15 http://localhost/debian/ unstable/main libkrb5-3 amd64 1.10.1+dfsg-3 [394 kB]
Get:16 http://localhost/debian/ unstable/main libgssapi-krb5-2 amd64 1.10.1+dfsg-3 [148 kB]
Get:17 http://localhost/debian/ unstable/main libidn11 amd64 1.25-2 [178 kB]
Get:18 http://localhost/debian/ unstable/main libsasl2-2 amd64 2.1.25.dfsg1-6 [120 kB]
Get:19 http://localhost/debian/ unstable/main libldap-2.4-2 amd64 2.4.31-1 [243 kB]
Get:20 http://localhost/debian/ unstable/main libmagic1 amd64 5.11-2 [202 kB]
Get:21 http://localhost/debian/ unstable/main libpcre3 amd64 1:8.31-2 [247 kB]
Get:22 http://localhost/debian/ unstable/main libxml2 amd64 2.8.0+dfsg1-7 [903 kB]
Get:23 http://localhost/debian/ unstable/main imagemagick-common all 8:6.7.7.10-5 [128 kB]
Get:24 http://localhost/debian/ unstable/main libnettle4 amd64 2.4-3 [149 kB]
Get:25 http://localhost/debian/ unstable/main libarchive12 amd64 3.0.4-2 [303 kB]
Get:26 http://localhost/debian/ unstable/main libglib2.0-0 amd64 2.33.12+really2.32.4-5 [1838 kB]
Get:27 http://localhost/debian/ unstable/main libcroco3 amd64 0.6.6-2 [134 kB]
Get:28 http://localhost/debian/ unstable/main librtmp0 amd64 2.4+20111222.git4e06e21-1 [62.3 kB]
Get:29 http://localhost/debian/ unstable/main libssh2-1 amd64 1.4.2-1.1 [133 kB]
Get:30 http://localhost/debian/ unstable/main libcurl3 amd64 7.28.0-3 [331 kB]
Get:31 http://localhost/debian/ unstable/main libcurl3-gnutls amd64 7.28.0-3 [322 kB]
Get:32 http://localhost/debian/ unstable/main libdrm2 amd64 2.4.40-1~deb7u2 [459 kB]
Get:33 http://localhost/debian/ unstable/main libfreetype6 amd64 2.4.9-1.1 [451 kB]
Get:34 http://localhost/debian/ unstable/main ttf-dejavu-core all 2.33-3 [1021 kB]
Get:35 http://localhost/debian/ unstable/main fontconfig-config all 2.9.0-7.1 [233 kB]
Get:36 http://localhost/debian/ unstable/main libfontconfig1 amd64 2.9.0-7.1 [300 kB]
Get:37 http://localhost/debian/ unstable/main libunistring0 amd64 0.9.3-5 [434 kB]
Get:38 http://localhost/debian/ unstable/main libgettextpo0 amd64 0.18.1.1-10 [145 kB]
Get:39 http://localhost/debian/ unstable/main libglapi-mesa amd64 8.0.5-3 [46.6 kB]
Get:40 http://localhost/debian/ unstable/main libxau6 amd64 1:1.0.7-1 [18.8 kB]
Get:41 http://localhost/debian/ unstable/main libxdmcp6 amd64 1:1.1.1-1 [26.3 kB]
Get:42 http://localhost/debian/ unstable/main libxcb1 amd64 1.8.1-2 [50.1 kB]
Get:43 http://localhost/debian/ unstable/main libx11-data all 2:1.5.0-1 [189 kB]
Get:44 http://localhost/debian/ unstable/main libx11-6 amd64 2:1.5.0-1 [901 kB]
Get:45 http://localhost/debian/ unstable/main libx11-xcb1 amd64 2:1.5.0-1 [139 kB]
Get:46 http://localhost/debian/ unstable/main libxcb-glx0 amd64 1.8.1-2 [32.1 kB]
Get:47 http://localhost/debian/ unstable/main libxfixes3 amd64 1:5.0-4 [21.5 kB]
Get:48 http://localhost/debian/ unstable/main libxdamage1 amd64 1:1.1.3-2 [14.3 kB]
Get:49 http://localhost/debian/ unstable/main libxext6 amd64 2:1.3.1-2 [55.3 kB]
Get:50 http://localhost/debian/ unstable/main libxxf86vm1 amd64 1:1.1.2-1 [19.0 kB]
Get:51 http://localhost/debian/ unstable/main libgl1-mesa-glx amd64 8.0.5-3 [134 kB]
Get:52 http://localhost/debian/ unstable/main x11-common all 1:7.7+1 [278 kB]
Get:53 http://localhost/debian/ unstable/main libice6 amd64 2:1.0.8-2 [63.1 kB]
Get:54 http://localhost/debian/ unstable/main libjpeg8 amd64 8d-1 [134 kB]
Get:55 http://localhost/debian/ unstable/main libpng12-0 amd64 1.2.49-3 [190 kB]
Get:56 http://localhost/debian/ unstable/main libirrlicht1.7a amd64 1.7.3+dfsg1-4 [1930 kB]
Get:57 http://localhost/debian/ unstable/main libjasper1 amd64 1.900.1-14 [160 kB]
Get:58 http://localhost/debian/ unstable/main liblcms2-2 amd64 2.2+git20110628-2.2 [143 kB]
Get:59 http://localhost/debian/ unstable/main liblqr-1-0 amd64 0.4.1-2 [29.9 kB]
Get:60 http://localhost/debian/ unstable/main libltdl7 amd64 2.4.2-1.2 [352 kB]
Get:61 http://localhost/debian/ unstable/main libjbig0 amd64 2.0-2 [32.2 kB]
Get:62 http://localhost/debian/ unstable/main libsm6 amd64 2:1.2.1-2 [34.2 kB]
Get:63 http://localhost/debian/ unstable/main libtiff4 amd64 3.9.6-11 [202 kB]
Get:64 http://localhost/debian/ unstable/main libxt6 amd64 1:1.1.3-1 [211 kB]
Get:65 http://localhost/debian/ unstable/main libmagickcore5 amd64 8:6.7.7.10-5 [2083 kB]
Get:66 http://localhost/debian/ unstable/main libmagickwand5 amd64 8:6.7.7.10-5 [462 kB]
Get:67 http://localhost/debian/ unstable/main libjthread1.3.1 amd64 1.3.1-3 [8164 B]
Get:68 http://localhost/debian/ unstable/main procps amd64 1:3.3.4-2 [259 kB]
Get:69 http://localhost/debian/ unstable/main file amd64 5.11-2 [51.8 kB]
Get:70 http://localhost/debian/ unstable/main gettext-base amd64 0.18.1.1-10 [154 kB]
Get:71 http://localhost/debian/ unstable/main libxmlrpc-core-c3 amd64 1.16.33-3.2 [186 kB]
Get:72 http://localhost/debian/ unstable/main emacsen-common all 2.0.5 [20.9 kB]
Get:73 http://localhost/debian/ unstable/main cmake-data all 2.8.9-1 [1359 kB]
Get:74 http://localhost/debian/ unstable/main cmake amd64 2.8.9-1 [4730 kB]
Get:75 http://localhost/debian/ unstable/main html2text amd64 1.3.2a-15 [103 kB]
Get:76 http://localhost/debian/ unstable/main libasprintf-dev amd64 0.18.1.1-10 [26.8 kB]
Get:77 http://localhost/debian/ unstable/main libgettextpo-dev amd64 0.18.1.1-10 [184 kB]
Get:78 http://localhost/debian/ unstable/main gettext amd64 0.18.1.1-10 [1815 kB]
Get:79 http://localhost/debian/ unstable/main intltool-debian all 0.35.0+20060710.1 [30.8 kB]
Get:80 http://localhost/debian/ unstable/main po-debconf all 1.0.16+nmu2 [224 kB]
Get:81 http://localhost/debian/ unstable/main debhelper all 9.20120909 [705 kB]
Get:82 http://localhost/debian/ unstable/main hicolor-icon-theme all 0.12-1 [11.7 kB]
Get:83 http://localhost/debian/ unstable/main imagemagick amd64 8:6.7.7.10-5 [285 kB]
Get:84 http://localhost/debian/ unstable/main libbz2-dev amd64 1.0.6-4 [32.8 kB]
Get:85 http://localhost/debian/ unstable/main xorg-sgml-doctools all 1:1.10-1 [24.1 kB]
Get:86 http://localhost/debian/ unstable/main x11proto-core-dev all 7.0.23-1 [774 kB]
Get:87 http://localhost/debian/ unstable/main libxau-dev amd64 1:1.0.7-1 [21.7 kB]
Get:88 http://localhost/debian/ unstable/main libxdmcp-dev amd64 1:1.1.1-1 [42.3 kB]
Get:89 http://localhost/debian/ unstable/main x11proto-input-dev all 2.2-1 [172 kB]
Get:90 http://localhost/debian/ unstable/main x11proto-kb-dev all 1.0.6-2 [269 kB]
Get:91 http://localhost/debian/ unstable/main xtrans-dev all 1.2.7-1 [112 kB]
Get:92 http://localhost/debian/ unstable/main libpthread-stubs0 amd64 0.3-3 [3228 B]
Get:93 http://localhost/debian/ unstable/main libpthread-stubs0-dev amd64 0.3-3 [3998 B]
Get:94 http://localhost/debian/ unstable/main libxcb1-dev amd64 1.8.1-2 [88.1 kB]
Get:95 http://localhost/debian/ unstable/main libx11-dev amd64 2:1.5.0-1 [1037 kB]
Get:96 http://localhost/debian/ unstable/main mesa-common-dev amd64 8.0.5-3 [277 kB]
Get:97 http://localhost/debian/ unstable/main x11proto-xext-dev all 7.2.1-1 [273 kB]
Get:98 http://localhost/debian/ unstable/main libxext-dev amd64 2:1.3.1-2 [115 kB]
Get:99 http://localhost/debian/ unstable/main libgl1-mesa-dev amd64 8.0.5-3 [32.5 kB]
Get:100 http://localhost/debian/ unstable/main libirrlicht-dev amd64 1.7.3+dfsg1-4 [3635 kB]
Get:101 http://localhost/debian/ unstable/main libjpeg8-dev amd64 8d-1 [242 kB]
Get:102 http://localhost/debian/ unstable/main zlib1g-dev amd64 1:1.2.7.dfsg-13 [215 kB]
Get:103 http://localhost/debian/ unstable/main libpng12-dev amd64 1.2.49-3 [267 kB]
Get:104 http://localhost/debian/ unstable/main libsqlite3-dev amd64 3.7.15.2-1 [589 kB]
Get:105 http://localhost/debian/ unstable/main x11proto-xf86vidmode-dev all 2.3.1-2 [6114 B]
Get:106 http://localhost/debian/ unstable/main libxxf86vm-dev amd64 1:1.1.2-1 [23.5 kB]
Get:107 http://localhost/debian/ unstable/main libjthread-dev amd64 1.3.1-3 [8070 B]
debconf: delaying package configuration, since apt-utils is not installed
Fetched 38.5 MB in 2s (15.0 MB/s)
Selecting previously unselected package libpipeline1:amd64.
(Reading database ... 14674 files and directories currently installed.)
Unpacking libpipeline1:amd64 (from .../libpipeline1_1.2.2-1_amd64.deb) ...
Selecting previously unselected package libprocps0:amd64.
Unpacking libprocps0:amd64 (from .../libprocps0_1%3a3.3.4-2_amd64.deb) ...
Selecting previously unselected package groff-base.
Unpacking groff-base (from .../groff-base_1.22.1-2_amd64.deb) ...
Selecting previously unselected package bsdmainutils.
Unpacking bsdmainutils (from .../bsdmainutils_9.0.4_amd64.deb) ...
Selecting previously unselected package man-db.
Unpacking man-db (from .../man-db_2.6.3-3_amd64.deb) ...
Selecting previously unselected package libasprintf0c2:amd64.
Unpacking libasprintf0c2:amd64 (from .../libasprintf0c2_0.18.1.1-10_amd64.deb) ...
Selecting previously unselected package libgpg-error0:amd64.
Unpacking libgpg-error0:amd64 (from .../libgpg-error0_1.10-3.1_amd64.deb) ...
Selecting previously unselected package libgcrypt11:amd64.
Unpacking libgcrypt11:amd64 (from .../libgcrypt11_1.5.0-3_amd64.deb) ...
Selecting previously unselected package libp11-kit0:amd64.
Unpacking libp11-kit0:amd64 (from .../libp11-kit0_0.12-3_amd64.deb) ...
Selecting previously unselected package libtasn1-3:amd64.
Unpacking libtasn1-3:amd64 (from .../libtasn1-3_2.13-2_amd64.deb) ...
Selecting previously unselected package libgnutls26:amd64.
Unpacking libgnutls26:amd64 (from .../libgnutls26_2.12.20-3_amd64.deb) ...
Selecting previously unselected package libkeyutils1:amd64.
Unpacking libkeyutils1:amd64 (from .../libkeyutils1_1.5.5-4_amd64.deb) ...
Selecting previously unselected package libkrb5support0:amd64.
Unpacking libkrb5support0:amd64 (from .../libkrb5support0_1.10.1+dfsg-3_amd64.deb) ...
Selecting previously unselected package libk5crypto3:amd64.
Unpacking libk5crypto3:amd64 (from .../libk5crypto3_1.10.1+dfsg-3_amd64.deb) ...
Selecting previously unselected package libkrb5-3:amd64.
Unpacking libkrb5-3:amd64 (from .../libkrb5-3_1.10.1+dfsg-3_amd64.deb) ...
Selecting previously unselected package libgssapi-krb5-2:amd64.
Unpacking libgssapi-krb5-2:amd64 (from .../libgssapi-krb5-2_1.10.1+dfsg-3_amd64.deb) ...
Selecting previously unselected package libidn11:amd64.
Unpacking libidn11:amd64 (from .../libidn11_1.25-2_amd64.deb) ...
Selecting previously unselected package libsasl2-2:amd64.
Unpacking libsasl2-2:amd64 (from .../libsasl2-2_2.1.25.dfsg1-6_amd64.deb) ...
Selecting previously unselected package libldap-2.4-2:amd64.
Unpacking libldap-2.4-2:amd64 (from .../libldap-2.4-2_2.4.31-1_amd64.deb) ...
Selecting previously unselected package libmagic1:amd64.
Unpacking libmagic1:amd64 (from .../libmagic1_5.11-2_amd64.deb) ...
Selecting previously unselected package libpcre3:amd64.
Unpacking libpcre3:amd64 (from .../libpcre3_1%3a8.31-2_amd64.deb) ...
Selecting previously unselected package libxml2:amd64.
Unpacking libxml2:amd64 (from .../libxml2_2.8.0+dfsg1-7_amd64.deb) ...
Selecting previously unselected package imagemagick-common.
Unpacking imagemagick-common (from .../imagemagick-common_8%3a6.7.7.10-5_all.deb) ...
Selecting previously unselected package libnettle4:amd64.
Unpacking libnettle4:amd64 (from .../libnettle4_2.4-3_amd64.deb) ...
Selecting previously unselected package libarchive12:amd64.
Unpacking libarchive12:amd64 (from .../libarchive12_3.0.4-2_amd64.deb) ...
Selecting previously unselected package libglib2.0-0:amd64.
Unpacking libglib2.0-0:amd64 (from .../libglib2.0-0_2.33.12+really2.32.4-5_amd64.deb) ...
Selecting previously unselected package libcroco3:amd64.
Unpacking libcroco3:amd64 (from .../libcroco3_0.6.6-2_amd64.deb) ...
Selecting previously unselected package librtmp0:amd64.
Unpacking librtmp0:amd64 (from .../librtmp0_2.4+20111222.git4e06e21-1_amd64.deb) ...
Selecting previously unselected package libssh2-1:amd64.
Unpacking libssh2-1:amd64 (from .../libssh2-1_1.4.2-1.1_amd64.deb) ...
Selecting previously unselected package libcurl3:amd64.
Unpacking libcurl3:amd64 (from .../libcurl3_7.28.0-3_amd64.deb) ...
Selecting previously unselected package libcurl3-gnutls:amd64.
Unpacking libcurl3-gnutls:amd64 (from .../libcurl3-gnutls_7.28.0-3_amd64.deb) ...
Selecting previously unselected package libdrm2:amd64.
Unpacking libdrm2:amd64 (from .../libdrm2_2.4.40-1~deb7u2_amd64.deb) ...
Selecting previously unselected package libfreetype6:amd64.
Unpacking libfreetype6:amd64 (from .../libfreetype6_2.4.9-1.1_amd64.deb) ...
Selecting previously unselected package ttf-dejavu-core.
Unpacking ttf-dejavu-core (from .../ttf-dejavu-core_2.33-3_all.deb) ...
Selecting previously unselected package fontconfig-config.
Unpacking fontconfig-config (from .../fontconfig-config_2.9.0-7.1_all.deb) ...
Selecting previously unselected package libfontconfig1:amd64.
Unpacking libfontconfig1:amd64 (from .../libfontconfig1_2.9.0-7.1_amd64.deb) ...
Selecting previously unselected package libunistring0:amd64.
Unpacking libunistring0:amd64 (from .../libunistring0_0.9.3-5_amd64.deb) ...
Selecting previously unselected package libgettextpo0:amd64.
Unpacking libgettextpo0:amd64 (from .../libgettextpo0_0.18.1.1-10_amd64.deb) ...
Selecting previously unselected package libglapi-mesa:amd64.
Unpacking libglapi-mesa:amd64 (from .../libglapi-mesa_8.0.5-3_amd64.deb) ...
Selecting previously unselected package libxau6:amd64.
Unpacking libxau6:amd64 (from .../libxau6_1%3a1.0.7-1_amd64.deb) ...
Selecting previously unselected package libxdmcp6:amd64.
Unpacking libxdmcp6:amd64 (from .../libxdmcp6_1%3a1.1.1-1_amd64.deb) ...
Selecting previously unselected package libxcb1:amd64.
Unpacking libxcb1:amd64 (from .../libxcb1_1.8.1-2_amd64.deb) ...
Selecting previously unselected package libx11-data.
Unpacking libx11-data (from .../libx11-data_2%3a1.5.0-1_all.deb) ...
Selecting previously unselected package libx11-6:amd64.
Unpacking libx11-6:amd64 (from .../libx11-6_2%3a1.5.0-1_amd64.deb) ...
Selecting previously unselected package libx11-xcb1:amd64.
Unpacking libx11-xcb1:amd64 (from .../libx11-xcb1_2%3a1.5.0-1_amd64.deb) ...
Selecting previously unselected package libxcb-glx0:amd64.
Unpacking libxcb-glx0:amd64 (from .../libxcb-glx0_1.8.1-2_amd64.deb) ...
Selecting previously unselected package libxfixes3:amd64.
Unpacking libxfixes3:amd64 (from .../libxfixes3_1%3a5.0-4_amd64.deb) ...
Selecting previously unselected package libxdamage1:amd64.
Unpacking libxdamage1:amd64 (from .../libxdamage1_1%3a1.1.3-2_amd64.deb) ...
Selecting previously unselected package libxext6:amd64.
Unpacking libxext6:amd64 (from .../libxext6_2%3a1.3.1-2_amd64.deb) ...
Selecting previously unselected package libxxf86vm1:amd64.
Unpacking libxxf86vm1:amd64 (from .../libxxf86vm1_1%3a1.1.2-1_amd64.deb) ...
Selecting previously unselected package libgl1-mesa-glx:amd64.
Unpacking libgl1-mesa-glx:amd64 (from .../libgl1-mesa-glx_8.0.5-3_amd64.deb) ...
Selecting previously unselected package x11-common.
Unpacking x11-common (from .../x11-common_1%3a7.7+1_all.deb) ...
Selecting previously unselected package libice6:amd64.
Unpacking libice6:amd64 (from .../libice6_2%3a1.0.8-2_amd64.deb) ...
Selecting previously unselected package libjpeg8:amd64.
Unpacking libjpeg8:amd64 (from .../libjpeg8_8d-1_amd64.deb) ...
Selecting previously unselected package libpng12-0:amd64.
Unpacking libpng12-0:amd64 (from .../libpng12-0_1.2.49-3_amd64.deb) ...
Selecting previously unselected package libirrlicht1.7a:amd64.
Unpacking libirrlicht1.7a:amd64 (from .../libirrlicht1.7a_1.7.3+dfsg1-4_amd64.deb) ...
Selecting previously unselected package libjasper1:amd64.
Unpacking libjasper1:amd64 (from .../libjasper1_1.900.1-14_amd64.deb) ...
Selecting previously unselected package liblcms2-2:amd64.
Unpacking liblcms2-2:amd64 (from .../liblcms2-2_2.2+git20110628-2.2_amd64.deb) ...
Selecting previously unselected package liblqr-1-0:amd64.
Unpacking liblqr-1-0:amd64 (from .../liblqr-1-0_0.4.1-2_amd64.deb) ...
Selecting previously unselected package libltdl7:amd64.
Unpacking libltdl7:amd64 (from .../libltdl7_2.4.2-1.2_amd64.deb) ...
Selecting previously unselected package libjbig0:amd64.
Unpacking libjbig0:amd64 (from .../libjbig0_2.0-2_amd64.deb) ...
Selecting previously unselected package libsm6:amd64.
Unpacking libsm6:amd64 (from .../libsm6_2%3a1.2.1-2_amd64.deb) ...
Selecting previously unselected package libtiff4:amd64.
Unpacking libtiff4:amd64 (from .../libtiff4_3.9.6-11_amd64.deb) ...
Selecting previously unselected package libxt6:amd64.
Unpacking libxt6:amd64 (from .../libxt6_1%3a1.1.3-1_amd64.deb) ...
Selecting previously unselected package libmagickcore5:amd64.
Unpacking libmagickcore5:amd64 (from .../libmagickcore5_8%3a6.7.7.10-5_amd64.deb) ...
Selecting previously unselected package libmagickwand5:amd64.
Unpacking libmagickwand5:amd64 (from .../libmagickwand5_8%3a6.7.7.10-5_amd64.deb) ...
Selecting previously unselected package libjthread1.3.1.
Unpacking libjthread1.3.1 (from .../libjthread1.3.1_1.3.1-3_amd64.deb) ...
Selecting previously unselected package procps.
Unpacking procps (from .../procps_1%3a3.3.4-2_amd64.deb) ...
Selecting previously unselected package file.
Unpacking file (from .../archives/file_5.11-2_amd64.deb) ...
Selecting previously unselected package gettext-base.
Unpacking gettext-base (from .../gettext-base_0.18.1.1-10_amd64.deb) ...
Selecting previously unselected package libxmlrpc-core-c3.
Unpacking libxmlrpc-core-c3 (from .../libxmlrpc-core-c3_1.16.33-3.2_amd64.deb) ...
Selecting previously unselected package emacsen-common.
Unpacking emacsen-common (from .../emacsen-common_2.0.5_all.deb) ...
Selecting previously unselected package cmake-data.
Unpacking cmake-data (from .../cmake-data_2.8.9-1_all.deb) ...
Selecting previously unselected package cmake.
Unpacking cmake (from .../cmake_2.8.9-1_amd64.deb) ...
Selecting previously unselected package html2text.
Unpacking html2text (from .../html2text_1.3.2a-15_amd64.deb) ...
Selecting previously unselected package libasprintf-dev:amd64.
Unpacking libasprintf-dev:amd64 (from .../libasprintf-dev_0.18.1.1-10_amd64.deb) ...
Selecting previously unselected package libgettextpo-dev:amd64.
Unpacking libgettextpo-dev:amd64 (from .../libgettextpo-dev_0.18.1.1-10_amd64.deb) ...
Selecting previously unselected package gettext.
Unpacking gettext (from .../gettext_0.18.1.1-10_amd64.deb) ...
Selecting previously unselected package intltool-debian.
Unpacking intltool-debian (from .../intltool-debian_0.35.0+20060710.1_all.deb) ...
Selecting previously unselected package po-debconf.
Unpacking po-debconf (from .../po-debconf_1.0.16+nmu2_all.deb) ...
Selecting previously unselected package debhelper.
Unpacking debhelper (from .../debhelper_9.20120909_all.deb) ...
Selecting previously unselected package hicolor-icon-theme.
Unpacking hicolor-icon-theme (from .../hicolor-icon-theme_0.12-1_all.deb) ...
Selecting previously unselected package imagemagick.
Unpacking imagemagick (from .../imagemagick_8%3a6.7.7.10-5_amd64.deb) ...
Selecting previously unselected package libbz2-dev:amd64.
Unpacking libbz2-dev:amd64 (from .../libbz2-dev_1.0.6-4_amd64.deb) ...
Selecting previously unselected package xorg-sgml-doctools.
Unpacking xorg-sgml-doctools (from .../xorg-sgml-doctools_1%3a1.10-1_all.deb) ...
Selecting previously unselected package x11proto-core-dev.
Unpacking x11proto-core-dev (from .../x11proto-core-dev_7.0.23-1_all.deb) ...
Selecting previously unselected package libxau-dev:amd64.
Unpacking libxau-dev:amd64 (from .../libxau-dev_1%3a1.0.7-1_amd64.deb) ...
Selecting previously unselected package libxdmcp-dev:amd64.
Unpacking libxdmcp-dev:amd64 (from .../libxdmcp-dev_1%3a1.1.1-1_amd64.deb) ...
Selecting previously unselected package x11proto-input-dev.
Unpacking x11proto-input-dev (from .../x11proto-input-dev_2.2-1_all.deb) ...
Selecting previously unselected package x11proto-kb-dev.
Unpacking x11proto-kb-dev (from .../x11proto-kb-dev_1.0.6-2_all.deb) ...
Selecting previously unselected package xtrans-dev.
Unpacking xtrans-dev (from .../xtrans-dev_1.2.7-1_all.deb) ...
Selecting previously unselected package libpthread-stubs0:amd64.
Unpacking libpthread-stubs0:amd64 (from .../libpthread-stubs0_0.3-3_amd64.deb) ...
Selecting previously unselected package libpthread-stubs0-dev:amd64.
Unpacking libpthread-stubs0-dev:amd64 (from .../libpthread-stubs0-dev_0.3-3_amd64.deb) ...
Selecting previously unselected package libxcb1-dev:amd64.
Unpacking libxcb1-dev:amd64 (from .../libxcb1-dev_1.8.1-2_amd64.deb) ...
Selecting previously unselected package libx11-dev:amd64.
Unpacking libx11-dev:amd64 (from .../libx11-dev_2%3a1.5.0-1_amd64.deb) ...
Selecting previously unselected package mesa-common-dev.
Unpacking mesa-common-dev (from .../mesa-common-dev_8.0.5-3_amd64.deb) ...
Selecting previously unselected package x11proto-xext-dev.
Unpacking x11proto-xext-dev (from .../x11proto-xext-dev_7.2.1-1_all.deb) ...
Selecting previously unselected package libxext-dev:amd64.
Unpacking libxext-dev:amd64 (from .../libxext-dev_2%3a1.3.1-2_amd64.deb) ...
Selecting previously unselected package libgl1-mesa-dev.
Unpacking libgl1-mesa-dev (from .../libgl1-mesa-dev_8.0.5-3_amd64.deb) ...
Selecting previously unselected package libirrlicht-dev:amd64.
Unpacking libirrlicht-dev:amd64 (from .../libirrlicht-dev_1.7.3+dfsg1-4_amd64.deb) ...
Selecting previously unselected package libjpeg8-dev:amd64.
Unpacking libjpeg8-dev:amd64 (from .../libjpeg8-dev_8d-1_amd64.deb) ...
Selecting previously unselected package zlib1g-dev:amd64.
Unpacking zlib1g-dev:amd64 (from .../zlib1g-dev_1%3a1.2.7.dfsg-13_amd64.deb) ...
Selecting previously unselected package libpng12-dev.
Unpacking libpng12-dev (from .../libpng12-dev_1.2.49-3_amd64.deb) ...
Selecting previously unselected package libsqlite3-dev.
Unpacking libsqlite3-dev (from .../libsqlite3-dev_3.7.15.2-1_amd64.deb) ...
Selecting previously unselected package x11proto-xf86vidmode-dev.
Unpacking x11proto-xf86vidmode-dev (from .../x11proto-xf86vidmode-dev_2.3.1-2_all.deb) ...
Selecting previously unselected package libxxf86vm-dev.
Unpacking libxxf86vm-dev (from .../libxxf86vm-dev_1%3a1.1.2-1_amd64.deb) ...
Selecting previously unselected package libjthread-dev.
Unpacking libjthread-dev (from .../libjthread-dev_1.3.1-3_amd64.deb) ...
Selecting previously unselected package sbuild-build-depends-minetest-dummy.
Unpacking sbuild-build-depends-minetest-dummy (from .../sbuild-build-depends-minetest-dummy.deb) ...
Processing triggers for mime-support ...
Setting up libpipeline1:amd64 (1.2.2-1) ...
Setting up libprocps0:amd64 (1:3.3.4-2) ...
Setting up groff-base (1.22.1-2) ...
Setting up bsdmainutils (9.0.4) ...
update-alternatives: using /usr/bin/bsd-write to provide /usr/bin/write (write) in auto mode
update-alternatives: using /usr/bin/bsd-from to provide /usr/bin/from (from) in auto mode
Setting up man-db (2.6.3-3) ...
Building database of manual pages ...
Setting up libasprintf0c2:amd64 (0.18.1.1-10) ...
Setting up libgpg-error0:amd64 (1.10-3.1) ...
Setting up libgcrypt11:amd64 (1.5.0-3) ...
Setting up libp11-kit0:amd64 (0.12-3) ...
Setting up libtasn1-3:amd64 (2.13-2) ...
Setting up libgnutls26:amd64 (2.12.20-3) ...
Setting up libkeyutils1:amd64 (1.5.5-4) ...
Setting up libkrb5support0:amd64 (1.10.1+dfsg-3) ...
Setting up libk5crypto3:amd64 (1.10.1+dfsg-3) ...
Setting up libkrb5-3:amd64 (1.10.1+dfsg-3) ...
Setting up libgssapi-krb5-2:amd64 (1.10.1+dfsg-3) ...
Setting up libidn11:amd64 (1.25-2) ...
Setting up libsasl2-2:amd64 (2.1.25.dfsg1-6) ...
Setting up libldap-2.4-2:amd64 (2.4.31-1) ...
Setting up libmagic1:amd64 (5.11-2) ...
Setting up libpcre3:amd64 (1:8.31-2) ...
Setting up libxml2:amd64 (2.8.0+dfsg1-7) ...
Setting up imagemagick-common (8:6.7.7.10-5) ...
Setting up libnettle4:amd64 (2.4-3) ...
Setting up libarchive12:amd64 (3.0.4-2) ...
Setting up libglib2.0-0:amd64 (2.33.12+really2.32.4-5) ...
No schema files found: doing nothing.
Setting up libcroco3:amd64 (0.6.6-2) ...
Setting up librtmp0:amd64 (2.4+20111222.git4e06e21-1) ...
Setting up libssh2-1:amd64 (1.4.2-1.1) ...
Setting up libcurl3:amd64 (7.28.0-3) ...
Setting up libcurl3-gnutls:amd64 (7.28.0-3) ...
Setting up libdrm2:amd64 (2.4.40-1~deb7u2) ...
Setting up libfreetype6:amd64 (2.4.9-1.1) ...
Setting up ttf-dejavu-core (2.33-3) ...
Setting up fontconfig-config (2.9.0-7.1) ...
Setting up libfontconfig1:amd64 (2.9.0-7.1) ...
Setting up libunistring0:amd64 (0.9.3-5) ...
Setting up libgettextpo0:amd64 (0.18.1.1-10) ...
Setting up libglapi-mesa:amd64 (8.0.5-3) ...
Setting up libxau6:amd64 (1:1.0.7-1) ...
Setting up libxdmcp6:amd64 (1:1.1.1-1) ...
Setting up libxcb1:amd64 (1.8.1-2) ...
Setting up libx11-data (2:1.5.0-1) ...
Setting up libx11-6:amd64 (2:1.5.0-1) ...
Setting up libx11-xcb1:amd64 (2:1.5.0-1) ...
Setting up libxcb-glx0:amd64 (1.8.1-2) ...
Setting up libxfixes3:amd64 (1:5.0-4) ...
Setting up libxdamage1:amd64 (1:1.1.3-2) ...
Setting up libxext6:amd64 (2:1.3.1-2) ...
Setting up libxxf86vm1:amd64 (1:1.1.2-1) ...
Setting up libgl1-mesa-glx:amd64 (8.0.5-3) ...
Setting up x11-common (1:7.7+1) ...
All runlevel operations denied by policy
invoke-rc.d: policy-rc.d denied execution of start.
Setting up libice6:amd64 (2:1.0.8-2) ...
Setting up libjpeg8:amd64 (8d-1) ...
Setting up libpng12-0:amd64 (1.2.49-3) ...
Setting up libirrlicht1.7a:amd64 (1.7.3+dfsg1-4) ...
Setting up libjasper1:amd64 (1.900.1-14) ...
Setting up liblcms2-2:amd64 (2.2+git20110628-2.2) ...
Setting up liblqr-1-0:amd64 (0.4.1-2) ...
Setting up libltdl7:amd64 (2.4.2-1.2) ...
Setting up libjbig0:amd64 (2.0-2) ...
Setting up libsm6:amd64 (2:1.2.1-2) ...
Setting up libtiff4:amd64 (3.9.6-11) ...
Setting up libxt6:amd64 (1:1.1.3-1) ...
Setting up libmagickcore5:amd64 (8:6.7.7.10-5) ...
Setting up libmagickwand5:amd64 (8:6.7.7.10-5) ...
Setting up libjthread1.3.1 (1.3.1-3) ...
Setting up procps (1:3.3.4-2) ...
update-alternatives: using /usr/bin/w.procps to provide /usr/bin/w (w) in auto mode
All runlevel operations denied by policy
invoke-rc.d: policy-rc.d denied execution of start.
Setting up file (5.11-2) ...
Setting up gettext-base (0.18.1.1-10) ...
Setting up libxmlrpc-core-c3 (1.16.33-3.2) ...
Setting up emacsen-common (2.0.5) ...
Setting up cmake-data (2.8.9-1) ...
Install cmake-data for emacs
Setting up cmake (2.8.9-1) ...
Setting up html2text (1.3.2a-15) ...
Setting up libasprintf-dev:amd64 (0.18.1.1-10) ...
Setting up libgettextpo-dev:amd64 (0.18.1.1-10) ...
Setting up gettext (0.18.1.1-10) ...
Setting up intltool-debian (0.35.0+20060710.1) ...
Setting up po-debconf (1.0.16+nmu2) ...
Setting up debhelper (9.20120909) ...
Setting up hicolor-icon-theme (0.12-1) ...
Setting up imagemagick (8:6.7.7.10-5) ...
update-alternatives: using /usr/bin/compare.im6 to provide /usr/bin/compare (compare) in auto mode
update-alternatives: using /usr/bin/animate.im6 to provide /usr/bin/animate (animate) in auto mode
update-alternatives: using /usr/bin/convert.im6 to provide /usr/bin/convert (convert) in auto mode
update-alternatives: using /usr/bin/composite.im6 to provide /usr/bin/composite (composite) in auto mode
update-alternatives: using /usr/bin/conjure.im6 to provide /usr/bin/conjure (conjure) in auto mode
update-alternatives: using /usr/bin/import.im6 to provide /usr/bin/import (import) in auto mode
update-alternatives: using /usr/bin/identify.im6 to provide /usr/bin/identify (identify) in auto mode
update-alternatives: using /usr/bin/stream.im6 to provide /usr/bin/stream (stream) in auto mode
update-alternatives: using /usr/bin/display.im6 to provide /usr/bin/display (display) in auto mode
update-alternatives: using /usr/bin/montage.im6 to provide /usr/bin/montage (montage) in auto mode
update-alternatives: using /usr/bin/mogrify.im6 to provide /usr/bin/mogrify (mogrify) in auto mode
Setting up libbz2-dev:amd64 (1.0.6-4) ...
Setting up xorg-sgml-doctools (1:1.10-1) ...
Setting up x11proto-core-dev (7.0.23-1) ...
Setting up libxau-dev:amd64 (1:1.0.7-1) ...
Setting up libxdmcp-dev:amd64 (1:1.1.1-1) ...
Setting up x11proto-input-dev (2.2-1) ...
Setting up x11proto-kb-dev (1.0.6-2) ...
Setting up xtrans-dev (1.2.7-1) ...
Setting up libpthread-stubs0:amd64 (0.3-3) ...
Setting up libpthread-stubs0-dev:amd64 (0.3-3) ...
Setting up libxcb1-dev:amd64 (1.8.1-2) ...
Setting up libx11-dev:amd64 (2:1.5.0-1) ...
Setting up mesa-common-dev (8.0.5-3) ...
Setting up x11proto-xext-dev (7.2.1-1) ...
Setting up libxext-dev:amd64 (2:1.3.1-2) ...
Setting up libgl1-mesa-dev (8.0.5-3) ...
Setting up libirrlicht-dev:amd64 (1.7.3+dfsg1-4) ...
Setting up libjpeg8-dev:amd64 (8d-1) ...
Setting up zlib1g-dev:amd64 (1:1.2.7.dfsg-13) ...
Setting up libpng12-dev (1.2.49-3) ...
Setting up libsqlite3-dev (3.7.15.2-1) ...
Setting up x11proto-xf86vidmode-dev (2.3.1-2) ...
Setting up libxxf86vm-dev (1:1.1.2-1) ...
Setting up libjthread-dev (1.3.1-3) ...
Setting up sbuild-build-depends-minetest-dummy (0.invalid.0) ...

┌──────────────────────────────────────────────────────────────────────────────┐
│ Build environment                                                            │
└──────────────────────────────────────────────────────────────────────────────┘

Kernel: Linux 2.6.32-5-xen-amd64 amd64 (x86_64)
Toolchain package versions: binutils_2.22-7.1 dpkg-dev_1.16.9 g++-4.6_4.6.3-15 g++-4.7_4.7.2-19 gcc-4.6_4.6.3-15 gcc-4.7_4.7.2-19 libc6-dev_2.16-0experimental1 libstdc++6_4.8-20130127-1 libstdc++6-4.6-dev_4.6.3-15 libstdc++6-4.7-dev_4.7.2-19 linux-libc-dev_3.2.35-2
Package versions: apt_0.9.7.7 base-files_7.1 base-passwd_3.5.26 bash_4.2+dfsg-0.1 binutils_2.22-7.1 bsdmainutils_9.0.4 bsdutils_1:2.20.1-5.3 build-essential_11.6 bzip2_1.0.6-4 clang_3.2-1~exp5 clang-3.2_3.2-1~exp5 cmake_2.8.9-1 cmake-data_2.8.9-1 compiler-rt_3.2-1~exp5 coreutils_8.20-3 cpp_4:4.7.2-1 cpp-4.6_4.6.3-15 cpp-4.7_4.7.2-19 dash_0.5.7-3 debconf_1.5.49 debconf-i18n_1.5.49 debfoster_2.7-1.2 debhelper_9.20120909 debian-archive-keyring_2012.4 debianutils_4.3.4 diffutils_1:3.2-7 dpkg_1.16.9 dpkg-dev_1.16.9 e2fslibs_1.42.5-1 e2fsprogs_1.42.5-1 emacsen-common_2.0.5 fakeroot_1.18.4-2 file_5.11-2 findutils_4.4.2-5 fontconfig-config_2.9.0-7.1 g++_4:4.7.2-1 g++-4.6_4.6.3-15 g++-4.7_4.7.2-19 gcc_4:4.7.2-1 gcc-4.4-base_4.4.7-3 gcc-4.5-base_4.5.4-1 gcc-4.6_4.6.3-15 gcc-4.6-base_4.6.3-15 gcc-4.7_4.7.2-19 gcc-4.7-base_4.7.2-19 gcc-4.8-base_4.8-20130127-1 gettext_0.18.1.1-10 gettext-base_0.18.1.1-10 gnupg_1.4.12-7 gpgv_1.4.12-7 grep_2.14-1 groff-base_1.22.1-2 gzip_1.5-1.1 hicolor-icon-theme_0.12-1 hostname_3.12 html2text_1.3.2a-15 imagemagick_8:6.7.7.10-5 imagemagick-common_8:6.7.7.10-5 initscripts_2.88dsf-39 insserv_1.14.0-5 intltool-debian_0.35.0+20060710.1 libacl1_2.2.51-8 libapt-pkg4.12_0.9.7.7 libarchive12_3.0.4-2 libasprintf-dev_0.18.1.1-10 libasprintf0c2_0.18.1.1-10 libattr1_1:2.4.46-8 libblkid1_2.20.1-5.3 libbz2-1.0_1.0.6-4 libbz2-dev_1.0.6-4 libc-bin_2.13-38 libc-dev-bin_2.16-0experimental1 libc6_2.16-0experimental1 libc6-dev_2.16-0experimental1 libclang-common-dev_3.2-1~exp5 libclass-isa-perl_0.36-5 libcomerr2_1.42.5-1 libcroco3_0.6.6-2 libcurl3_7.28.0-3 libcurl3-gnutls_7.28.0-3 libdb5.1_5.1.29-5 libdpkg-perl_1.16.9 libdrm2_2.4.40-1~deb7u2 libexpat1_2.1.0-2 libffi5_3.0.10-3 libfile-fcntllock-perl_0.14-2 libfontconfig1_2.9.0-7.1 libfreetype6_2.4.9-1.1 libgc1c2_1:7.1-9.1 libgcc-4.7-dev_4.7.2-19 libgcc1_1:4.8-20130127-1 libgcrypt11_1.5.0-3 libgdbm3_1.8.3-11 libgettextpo-dev_0.18.1.1-10 libgettextpo0_0.18.1.1-10 libgl1-mesa-dev_8.0.5-3 libgl1-mesa-glx_8.0.5-3 libglapi-mesa_8.0.5-3 libglib2.0-0_2.33.12+really2.32.4-5 libgmp10_2:5.0.5+dfsg-2 libgnutls26_2.12.20-3 libgomp1_4.8-20130127-1 libgpg-error0_1.10-3.1 libgpm2_1.20.4-6 libgssapi-krb5-2_1.10.1+dfsg-3 libice6_2:1.0.8-2 libidn11_1.25-2 libirrlicht-dev_1.7.3+dfsg1-4 libirrlicht1.7a_1.7.3+dfsg1-4 libitm1_4.8-20130127-1 libjasper1_1.900.1-14 libjbig0_2.0-2 libjpeg8_8d-1 libjpeg8-dev_8d-1 libjthread-dev_1.3.1-3 libjthread1.3.1_1.3.1-3 libk5crypto3_1.10.1+dfsg-3 libkeyutils1_1.5.5-4 libkrb5-3_1.10.1+dfsg-3 libkrb5support0_1.10.1+dfsg-3 liblcms2-2_2.2+git20110628-2.2 libldap-2.4-2_2.4.31-1 libllvm3.2_3.2-2 liblocale-gettext-perl_1.05-7+b1 liblqr-1-0_0.4.1-2 libltdl7_2.4.2-1.2 liblzma5_5.1.1alpha+20120614-2 libmagic1_5.11-2 libmagickcore5_8:6.7.7.10-5 libmagickwand5_8:6.7.7.10-5 libmount1_2.20.1-5.3 libmpc2_0.9-4 libmpfr4_3.1.0-5 libncurses5_5.9+20130119-1 libncursesw5_5.9+20130119-1 libnettle4_2.4-3 libobjc-4.7-dev_4.7.2-19 libobjc4_4.8-20130127-1 libp11-kit0_0.12-3 libpam-modules_1.1.3-7.1 libpam-modules-bin_1.1.3-7.1 libpam-runtime_1.1.3-7.1 libpam0g_1.1.3-7.1 libpcre3_1:8.31-2 libpipeline1_1.2.2-1 libpng12-0_1.2.49-3 libpng12-dev_1.2.49-3 libprocps0_1:3.3.4-2 libpthread-stubs0_0.3-3 libpthread-stubs0-dev_0.3-3 libpython2.7-minimal_2.7.3-15 libpython2.7-stdlib_2.7.3-15 libquadmath0_4.8-20130127-1 libreadline6_6.2+dfsg-0.1 librtmp0_2.4+20111222.git4e06e21-1 libsasl2-2_2.1.25.dfsg1-6 libselinux1_2.1.9-5 libsemanage-common_2.1.6-6 libsemanage1_2.1.6-6 libsepol1_2.1.4-3 libslang2_2.2.4-15 libsm6_2:1.2.1-2 libsqlite3-0_3.7.15.2-1 libsqlite3-dev_3.7.15.2-1 libss2_1.42.5-1 libssh2-1_1.4.2-1.1 libssl1.0.0_1.0.1c-4 libstdc++6_4.8-20130127-1 libstdc++6-4.6-dev_4.6.3-15 libstdc++6-4.7-dev_4.7.2-19 libswitch-perl_2.16-2 libtasn1-3_2.13-2 libtext-charwidth-perl_0.04-7+b1 libtext-iconv-perl_1.7-5 libtext-wrapi18n-perl_0.06-7 libtiff4_3.9.6-11 libtimedate-perl_1.2000-1 libtinfo5_5.9+20130119-1 libunistring0_0.9.3-5 libusb-0.1-4_2:0.1.12-23+nmu1 libustr-1.0-1_1.0.4-3 libuuid1_2.20.1-5.3 libx11-6_2:1.5.0-1 libx11-data_2:1.5.0-1 libx11-dev_2:1.5.0-1 libx11-xcb1_2:1.5.0-1 libxau-dev_1:1.0.7-1 libxau6_1:1.0.7-1 libxcb-glx0_1.8.1-2 libxcb1_1.8.1-2 libxcb1-dev_1.8.1-2 libxdamage1_1:1.1.3-2 libxdmcp-dev_1:1.1.1-1 libxdmcp6_1:1.1.1-1 libxext-dev_2:1.3.1-2 libxext6_2:1.3.1-2 libxfixes3_1:5.0-4 libxml2_2.8.0+dfsg1-7 libxmlrpc-core-c3_1.16.33-3.2 libxt6_1:1.1.3-1 libxxf86vm-dev_1:1.1.2-1 libxxf86vm1_1:1.1.2-1 linux-libc-dev_3.2.35-2 login_1:4.1.5.1-1 lsb-base_4.1+Debian9 make_3.81-8.2 man-db_2.6.3-3 mawk_1.3.3-17 mesa-common-dev_8.0.5-3 mime-support_3.53~experimental2 mount_2.20.1-5.3 multiarch-support_2.13-38 ncurses-base_5.9-10 ncurses-bin_5.9-10 passwd_1:4.1.5.1-1 patch_2.6.1-3 perl_5.14.2-17 perl-base_5.14.2-17 perl-modules_5.14.2-17 po-debconf_1.0.16+nmu2 procps_1:3.3.4-2 python_2.7.3-10 python-minimal_2.7.3-10 python2.7_2.7.3-15 python2.7-minimal_2.7.3-15 readline-common_6.2+dfsg-0.1 sbuild-build-depends-core-dummy_0.invalid.0 sbuild-build-depends-minetest-dummy_0.invalid.0 sed_4.2.1-10 sensible-utils_0.0.7 sudo_1.8.5p2-1 sysv-rc_2.88dsf-39 sysvinit_2.88dsf-39 sysvinit-utils_2.88dsf-39 tar_1.26+dfsg-0.1 ttf-dejavu-core_2.33-3 tzdata_2012j-1 ucf_3.0025+nmu3 util-linux_2.20.1-5.3 vim_2:7.3.547-6 vim-common_2:7.3.547-6 vim-runtime_2:7.3.547-6 x11-common_1:7.7+1 x11proto-core-dev_7.0.23-1 x11proto-input-dev_2.2-1 x11proto-kb-dev_1.0.6-2 x11proto-xext-dev_7.2.1-1 x11proto-xf86vidmode-dev_2.3.1-2 xorg-sgml-doctools_1:1.10-1 xtrans-dev_1.2.7-1 xz-utils_5.1.1alpha+20120614-2 zlib1g_1:1.2.7.dfsg-13 zlib1g-dev_1:1.2.7.dfsg-13

┌──────────────────────────────────────────────────────────────────────────────┐
│ Build                                                                        │
└──────────────────────────────────────────────────────────────────────────────┘


Unpack source
─────────────

gpgv: keyblock resource `/sbuild-nonexistent/.gnupg/trustedkeys.gpg': file open error
gpgv: Signature made Wed Apr 25 20:30:33 2012 UTC using RSA key ID 02D6F473
gpgv: Can't check signature: public key not found
dpkg-source: warning: failed to verify signature on ./minetest_0.3.1+dfsg-4.dsc
dpkg-source: info: extracting minetest in minetest-0.3.1+dfsg
dpkg-source: info: unpacking minetest_0.3.1+dfsg.orig.tar.gz
dpkg-source: info: unpacking minetest_0.3.1+dfsg-4.debian.tar.gz
dpkg-source: info: applying debianization.patch
dpkg-source: info: applying gcc47.patch

Check disc space
────────────────

Sufficient free space for build

User Environment
────────────────

HOME=/sbuild-nonexistent
LOGNAME=user
PATH=/usr/local/sbin:/usr/local/bin:/usr/sbin:/usr/bin:/sbin:/bin:/usr/games
SCHROOT_CHROOT_NAME=unstable-amd64-sbuild
SCHROOT_COMMAND=env
SCHROOT_GID=1000
SCHROOT_GROUP=user
SCHROOT_SESSION_ID=unstable-amd64-sbuild-fb262211-bcfd-4310-bfc2-c5d08ddbc7d3
SCHROOT_UID=1000
SCHROOT_USER=user
SHELL=/bin/sh
USER=user

dpkg-buildpackage
─────────────────

dpkg-buildpackage: source package minetest
dpkg-buildpackage: source version 0.3.1+dfsg-4
dpkg-buildpackage: source changed by Michael Gilbert <mgilbert@debian.org>
 dpkg-source --before-build minetest-0.3.1+dfsg
dpkg-buildpackage: host architecture amd64
 fakeroot debian/rules clean
dh clean 
dh: warning: invalid flag in DEB_BUILD_MAINT_OPTIONS: "hardening=+all"
   dh_testdir
   debian/rules override_dh_auto_clean
make[1]: Entering directory `/«BUILDDIR»/minetest-0.3.1+dfsg'
dh_clean
sed -e s/jthread\:\:JMutex/JMutex/g -e s/jthread\:\:JThread/JThread/g \
	    -i ./.pc/gcc47.patch/src/filesys.cpp ./misc/map.cpp ./misc/noise.cpp ./src/filesys.cpp ./src/content_mapblock.cpp ./src/server.cpp ./src/clouds.cpp ./src/porting.cpp ./src/mapblock.cpp ./src/auth.cpp ./src/farmesh.cpp ./src/content_cao.cpp ./src/tile.cpp ./src/test.cpp ./src/guiInventoryMenu.cpp ./src/guiMessageMenu.cpp ./src/socket.cpp ./src/light.cpp ./src/mapsector.cpp ./src/content_inventory.cpp ./src/nodemetadata.cpp ./src/base64.cpp ./src/guiKeyChangeMenu.cpp ./src/servercommand.cpp ./src/content_craft.cpp ./src/map.cpp ./src/content_nodemeta.cpp ./src/collision.cpp ./src/content_mapnode.cpp ./src/guiPauseMenu.cpp ./src/game.cpp ./src/environment.cpp ./src/MyBillboardSceneNode.cpp ./src/guiMainMenu.cpp ./src/main.cpp ./src/materials.cpp ./src/noise.cpp ./src/defaultsettings.cpp ./src/inventory.cpp ./src/mapblock_mesh.cpp ./src/content_sao.cpp ./src/log.cpp ./src/connection.cpp ./src/camera.cpp ./src/keycode.cpp ./src/mineral.cpp ./src/debug.cpp ./src/sha1.cpp ./src/voxel.cpp ./src/utility.cpp ./src/clientobject.cpp ./src/mapgen.cpp ./src/ban.cpp ./src/guiTextInputMenu.cpp ./src/guiDeathScreen.cpp ./src/guiPasswordChange.cpp ./src/mapnode.cpp ./src/servermain.cpp ./src/serialization.cpp ./src/player.cpp ./src/serverobject.cpp ./src/client.cpp ./misc/noise.h ./src/materials.h ./src/sha1.h ./src/camera.h ./src/serverobject.h ./src/main.h ./src/clouds.h ./src/mapnode.h ./src/modalMenu.h ./src/activeobject.h ./src/noise.h ./src/mapblock.h ./src/mapsector.h ./src/profiler.h ./src/map.h ./src/gettext.h ./src/mapblock_mesh.h ./src/common_irrlicht.h ./src/content_inventory.h ./src/guiTextInputMenu.h ./src/staticobject.h ./src/content_cao.h ./src/base64.h ./src/mineral.h ./src/light.h ./src/ban.h ./src/nodemetadata.h ./src/farmesh.h ./src/socket.h ./src/test.h ./src/gettime.h ./src/constants.h ./src/servercommand.h ./src/client.h ./src/utility.h ./src/environment.h ./src/guiMessageMenu.h ./src/auth.h ./src/guiPauseMenu.h ./src/mapchunk.h ./src/guiInventoryMenu.h ./src/settings.h ./src/collision.h ./src/exceptions.h ./src/filesys.h ./src/clientobject.h ./src/MyBillboardSceneNode.h ./src/content_object.h ./src/serialization.h ./src/content_sao.h ./src/log.h ./src/guiDeathScreen.h ./src/config.h ./src/inventory.h ./src/content_mapblock.h ./src/mapgen.h ./src/porting.h ./src/strfnd.h ./src/defaultsettings.h ./src/content_craft.h ./src/tile.h ./src/content_mapnode.h ./src/server.h ./src/clientserver.h ./src/keycode.h ./src/debug.h ./src/connection.h ./src/content_nodemeta.h ./src/guiMainMenu.h ./src/mainmenumanager.h ./src/player.h ./src/mapblock_nodemod.h ./src/threads.h ./src/guiPasswordChange.h ./src/guiKeyChangeMenu.h ./src/game.h ./src/voxel.h
rm -rf bin CMakeFiles src/CMakeFiles CMakeCache.txt CPackConfig.cmake CPackSourceConfig.cmake Makefile cmake_install.cmake old/Makefile.bak src/Makefile src/cmake_config.h src/cmake_install.cmake locale install_manifest.txt minetest.xpm minetest.svg minetest.png
make[1]: Leaving directory `/«BUILDDIR»/minetest-0.3.1+dfsg'
   dh_clean
 debian/rules build-arch
dh build-arch 
dh: warning: invalid flag in DEB_BUILD_MAINT_OPTIONS: "hardening=+all"
   dh_testdir -a
   debian/rules override_dh_auto_configure
make[1]: Entering directory `/«BUILDDIR»/minetest-0.3.1+dfsg'
CFLAGS="-g -O2 -fstack-protector --param=ssp-buffer-size=4 -Wformat -Werror=format-security" \
	    LDFLAGS="-Wl,-z,relro" \
	    CXXFLAGS="-g -O2 -fstack-protector --param=ssp-buffer-size=4 -Wformat -Werror=format-security -D_FORTIFY_SOURCE=2" \
	    cmake -DCMAKE_INCLUDE_PATH=/usr/include/jthread -DCMAKE_INSTALL_PREFIX=/usr .
-- The C compiler identification is Clang 3.2.0
-- The CXX compiler identification is Clang 3.2.0
-- Check for working C compiler: /usr/bin/gcc
-- Check for working C compiler: /usr/bin/gcc -- works
-- Detecting C compiler ABI info
-- Detecting C compiler ABI info - done
-- Check for working CXX compiler: /usr/bin/c++
-- Check for working CXX compiler: /usr/bin/c++ -- works
-- Detecting CXX compiler ABI info
-- Detecting CXX compiler ABI info - done
-- *** Will build version 0.3.1 ***
-- IRRLICHT_SOURCE_DIR = 
-- IRRLICHT_INCLUDE_DIR = /usr/include/irrlicht
-- IRRLICHT_LIBRARY = /usr/lib/x86_64-linux-gnu/libIrrlicht.so
-- Found IRRLICHT: /usr/lib/x86_64-linux-gnu/libIrrlicht.so  
-- gettext include path: /usr/include
-- gettext msgfmt path: /usr/bin/msgfmt
-- GetText enabled; locales found: it;fr;de;da
-- Looking for XOpenDisplay in /usr/lib/x86_64-linux-gnu/libX11.so;/usr/lib/x86_64-linux-gnu/libXext.so
-- Looking for XOpenDisplay in /usr/lib/x86_64-linux-gnu/libX11.so;/usr/lib/x86_64-linux-gnu/libXext.so - found
-- Looking for gethostbyname
-- Looking for gethostbyname - found
-- Looking for connect
-- Looking for connect - found
-- Looking for remove
-- Looking for remove - found
-- Looking for shmat
-- Looking for shmat - found
-- Found X11: /usr/lib/x86_64-linux-gnu/libX11.so
-- Found OpenGL: /usr/lib/x86_64-linux-gnu/libGL.so  
-- Found JPEG: /usr/lib/x86_64-linux-gnu/libjpeg.so  
-- Found BZip2: /usr/lib/x86_64-linux-gnu/libbz2.so (found version "1.0.6") 
-- Looking for BZ2_bzCompressInit in /usr/lib/x86_64-linux-gnu/libbz2.so
-- Looking for BZ2_bzCompressInit in /usr/lib/x86_64-linux-gnu/libbz2.so - found
-- Found ZLIB: /usr/lib/x86_64-linux-gnu/libz.so (found version "1.2.7") 
-- Found PNG: /usr/lib/x86_64-linux-gnu/libpng.so (found version "1.2.49") 
-- Found system jthread header file in /usr/include/jthread
-- Found system jthread library /usr/lib/x86_64-linux-gnu/libjthread.so
-- Found system sqlite3 header file in /usr/include
-- Found system sqlite3 library /usr/lib/x86_64-linux-gnu/libsqlite3.so
-- Configuring done
-- Generating done
-- Build files have been written to: /«BUILDDIR»/minetest-0.3.1+dfsg
make[1]: Leaving directory `/«BUILDDIR»/minetest-0.3.1+dfsg'
   debian/rules override_dh_auto_build
make[1]: Entering directory `/«BUILDDIR»/minetest-0.3.1+dfsg'
sed -e s/JMutex/jthread\:\:JMutex/g -e s/JThread/jthread\:\:JThread/g \
	    -i ./CMakeFiles/CompilerIdCXX/CMakeCXXCompilerId.cpp ./.pc/gcc47.patch/src/filesys.cpp ./misc/noise.cpp ./misc/map.cpp ./src/client.cpp ./src/serverobject.cpp ./src/player.cpp ./src/serialization.cpp ./src/servermain.cpp ./src/mapnode.cpp ./src/guiPasswordChange.cpp ./src/guiDeathScreen.cpp ./src/guiTextInputMenu.cpp ./src/ban.cpp ./src/mapgen.cpp ./src/clientobject.cpp ./src/utility.cpp ./src/voxel.cpp ./src/sha1.cpp ./src/debug.cpp ./src/mineral.cpp ./src/keycode.cpp ./src/camera.cpp ./src/connection.cpp ./src/log.cpp ./src/content_sao.cpp ./src/mapblock_mesh.cpp ./src/inventory.cpp ./src/defaultsettings.cpp ./src/noise.cpp ./src/materials.cpp ./src/main.cpp ./src/guiMainMenu.cpp ./src/MyBillboardSceneNode.cpp ./src/environment.cpp ./src/game.cpp ./src/guiPauseMenu.cpp ./src/content_mapnode.cpp ./src/collision.cpp ./src/content_nodemeta.cpp ./src/map.cpp ./src/content_craft.cpp ./src/servercommand.cpp ./src/guiKeyChangeMenu.cpp ./src/base64.cpp ./src/nodemetadata.cpp ./src/content_inventory.cpp ./src/mapsector.cpp ./src/light.cpp ./src/socket.cpp ./src/guiMessageMenu.cpp ./src/guiInventoryMenu.cpp ./src/test.cpp ./src/tile.cpp ./src/content_cao.cpp ./src/farmesh.cpp ./src/auth.cpp ./src/mapblock.cpp ./src/porting.cpp ./src/clouds.cpp ./src/server.cpp ./src/content_mapblock.cpp ./src/filesys.cpp ./misc/noise.h ./src/cmake_config.h ./src/voxel.h ./src/game.h ./src/guiKeyChangeMenu.h ./src/guiPasswordChange.h ./src/threads.h ./src/mapblock_nodemod.h ./src/player.h ./src/mainmenumanager.h ./src/guiMainMenu.h ./src/content_nodemeta.h ./src/connection.h ./src/debug.h ./src/keycode.h ./src/clientserver.h ./src/server.h ./src/content_mapnode.h ./src/tile.h ./src/content_craft.h ./src/defaultsettings.h ./src/strfnd.h ./src/porting.h ./src/mapgen.h ./src/content_mapblock.h ./src/inventory.h ./src/config.h ./src/guiDeathScreen.h ./src/log.h ./src/content_sao.h ./src/serialization.h ./src/content_object.h ./src/MyBillboardSceneNode.h ./src/clientobject.h ./src/filesys.h ./src/exceptions.h ./src/collision.h ./src/settings.h ./src/guiInventoryMenu.h ./src/mapchunk.h ./src/guiPauseMenu.h ./src/auth.h ./src/guiMessageMenu.h ./src/environment.h ./src/utility.h ./src/client.h ./src/servercommand.h ./src/constants.h ./src/gettime.h ./src/test.h ./src/socket.h ./src/farmesh.h ./src/nodemetadata.h ./src/ban.h ./src/light.h ./src/mineral.h ./src/base64.h ./src/content_cao.h ./src/staticobject.h ./src/guiTextInputMenu.h ./src/content_inventory.h ./src/common_irrlicht.h ./src/mapblock_mesh.h ./src/gettext.h ./src/map.h ./src/profiler.h ./src/mapsector.h ./src/mapblock.h ./src/noise.h ./src/activeobject.h ./src/modalMenu.h ./src/mapnode.h ./src/clouds.h ./src/main.h ./src/serverobject.h ./src/camera.h ./src/sha1.h ./src/materials.h
make VERBOSE=1 
make[2]: Entering directory `/«BUILDDIR»/minetest-0.3.1+dfsg'
/usr/bin/cmake -H/«BUILDDIR»/minetest-0.3.1+dfsg -B/«BUILDDIR»/minetest-0.3.1+dfsg --check-build-system CMakeFiles/Makefile.cmake 0
/usr/bin/cmake -E cmake_progress_start /«BUILDDIR»/minetest-0.3.1+dfsg/CMakeFiles /«BUILDDIR»/minetest-0.3.1+dfsg/CMakeFiles/progress.marks
make -f CMakeFiles/Makefile2 all
make[3]: Entering directory `/«BUILDDIR»/minetest-0.3.1+dfsg'
make -f src/CMakeFiles/minetest.dir/build.make src/CMakeFiles/minetest.dir/depend
make[4]: Entering directory `/«BUILDDIR»/minetest-0.3.1+dfsg'
cd /«BUILDDIR»/minetest-0.3.1+dfsg && /usr/bin/cmake -E cmake_depends "Unix Makefiles" /«BUILDDIR»/minetest-0.3.1+dfsg /«BUILDDIR»/minetest-0.3.1+dfsg/src /«BUILDDIR»/minetest-0.3.1+dfsg /«BUILDDIR»/minetest-0.3.1+dfsg/src /«BUILDDIR»/minetest-0.3.1+dfsg/src/CMakeFiles/minetest.dir/DependInfo.cmake --color=
Dependee "/«BUILDDIR»/minetest-0.3.1+dfsg/src/CMakeFiles/minetest.dir/DependInfo.cmake" is newer than depender "/«BUILDDIR»/minetest-0.3.1+dfsg/src/CMakeFiles/minetest.dir/depend.internal".
Dependee "/«BUILDDIR»/minetest-0.3.1+dfsg/src/CMakeFiles/CMakeDirectoryInformation.cmake" is newer than depender "/«BUILDDIR»/minetest-0.3.1+dfsg/src/CMakeFiles/minetest.dir/depend.internal".
Scanning dependencies of target minetest
make[4]: Leaving directory `/«BUILDDIR»/minetest-0.3.1+dfsg'
make -f src/CMakeFiles/minetest.dir/build.make src/CMakeFiles/minetest.dir/build
make[4]: Entering directory `/«BUILDDIR»/minetest-0.3.1+dfsg'
/usr/bin/cmake -E cmake_progress_report /«BUILDDIR»/minetest-0.3.1+dfsg/CMakeFiles 
[  0%] Building CXX object src/CMakeFiles/minetest.dir/log.cpp.o
cd /«BUILDDIR»/minetest-0.3.1+dfsg/src && /usr/bin/c++   -DUSE_CMAKE_CONFIG_H -g -O2 -fstack-protector --param=ssp-buffer-size=4 -Wformat -Werror=format-security -D_FORTIFY_SOURCE=2  -DNDEBUG -Wall  -ffast-math -Wall -fomit-frame-pointer -pipe -funroll-loops -I/«BUILDDIR»/minetest-0.3.1+dfsg/src -I/usr/include/irrlicht -I/«BUILDDIR»/minetest-0.3.1+dfsg/src/Release -I/usr/include/jthread    -o CMakeFiles/minetest.dir/log.cpp.o -c /«BUILDDIR»/minetest-0.3.1+dfsg/src/log.cpp
In file included from /«BUILDDIR»/minetest-0.3.1+dfsg/src/log.cpp:20:
In file included from /«BUILDDIR»/minetest-0.3.1+dfsg/src/log.h:23:
In file included from /usr/bin/../lib/gcc/x86_64-linux-gnu/4.7/../../../../include/c++/4.7/string:41:
In file included from /usr/bin/../lib/gcc/x86_64-linux-gnu/4.7/../../../../include/c++/4.7/bits/char_traits.h:41:
In file included from /usr/bin/../lib/gcc/x86_64-linux-gnu/4.7/../../../../include/c++/4.7/bits/postypes.h:41:
In file included from /usr/bin/../lib/gcc/x86_64-linux-gnu/4.7/../../../../include/c++/4.7/cwchar:45:
In file included from /usr/include/wchar.h:884:
/usr/include/x86_64-linux-gnu/bits/wchar2.h:38:1: error: unknown type name '__extern_always_inline'
__fortify_function wchar_t *
^
/usr/include/x86_64-linux-gnu/sys/cdefs.h:143:28: note: expanded from macro '__fortify_function'
#define __fortify_function __extern_always_inline __attribute_artificial__
                           ^
In file included from /«BUILDDIR»/minetest-0.3.1+dfsg/src/log.cpp:20:
In file included from /«BUILDDIR»/minetest-0.3.1+dfsg/src/log.h:23:
In file included from /usr/bin/../lib/gcc/x86_64-linux-gnu/4.7/../../../../include/c++/4.7/string:41:
In file included from /usr/bin/../lib/gcc/x86_64-linux-gnu/4.7/../../../../include/c++/4.7/bits/char_traits.h:41:
In file included from /usr/bin/../lib/gcc/x86_64-linux-gnu/4.7/../../../../include/c++/4.7/bits/postypes.h:41:
In file included from /usr/bin/../lib/gcc/x86_64-linux-gnu/4.7/../../../../include/c++/4.7/cwchar:45:
In file included from /usr/include/wchar.h:884:
/usr/include/x86_64-linux-gnu/bits/wchar2.h:38:20: error: expected unqualified-id
__fortify_function wchar_t *
                   ^
/usr/include/x86_64-linux-gnu/bits/wchar2.h:67:1: error: unknown type name '__extern_always_inline'
__fortify_function wchar_t *
^
/usr/include/x86_64-linux-gnu/sys/cdefs.h:143:28: note: expanded from macro '__fortify_function'
#define __fortify_function __extern_always_inline __attribute_artificial__
                           ^
In file included from /«BUILDDIR»/minetest-0.3.1+dfsg/src/log.cpp:20:
In file included from /«BUILDDIR»/minetest-0.3.1+dfsg/src/log.h:23:
In file included from /usr/bin/../lib/gcc/x86_64-linux-gnu/4.7/../../../../include/c++/4.7/string:41:
In file included from /usr/bin/../lib/gcc/x86_64-linux-gnu/4.7/../../../../include/c++/4.7/bits/char_traits.h:41:
In file included from /usr/bin/../lib/gcc/x86_64-linux-gnu/4.7/../../../../include/c++/4.7/bits/postypes.h:41:
In file included from /usr/bin/../lib/gcc/x86_64-linux-gnu/4.7/../../../../include/c++/4.7/cwchar:45:
In file included from /usr/include/wchar.h:884:
/usr/include/x86_64-linux-gnu/bits/wchar2.h:67:20: error: expected unqualified-id
__fortify_function wchar_t *
                   ^
/usr/include/x86_64-linux-gnu/bits/wchar2.h:99:1: error: unknown type name '__extern_always_inline'
__fortify_function wchar_t *
^
/usr/include/x86_64-linux-gnu/sys/cdefs.h:143:28: note: expanded from macro '__fortify_function'
#define __fortify_function __extern_always_inline __attribute_artificial__
                           ^
In file included from /«BUILDDIR»/minetest-0.3.1+dfsg/src/log.cpp:20:
In file included from /«BUILDDIR»/minetest-0.3.1+dfsg/src/log.h:23:
In file included from /usr/bin/../lib/gcc/x86_64-linux-gnu/4.7/../../../../include/c++/4.7/string:41:
In file included from /usr/bin/../lib/gcc/x86_64-linux-gnu/4.7/../../../../include/c++/4.7/bits/char_traits.h:41:
In file included from /usr/bin/../lib/gcc/x86_64-linux-gnu/4.7/../../../../include/c++/4.7/bits/postypes.h:41:
In file included from /usr/bin/../lib/gcc/x86_64-linux-gnu/4.7/../../../../include/c++/4.7/cwchar:45:
In file included from /usr/include/wchar.h:884:
/usr/include/x86_64-linux-gnu/bits/wchar2.h:99:20: error: expected unqualified-id
__fortify_function wchar_t *
                   ^
/usr/include/x86_64-linux-gnu/bits/wchar2.h:128:1: error: unknown type name '__extern_always_inline'
__fortify_function wchar_t *
^
/usr/include/x86_64-linux-gnu/sys/cdefs.h:143:28: note: expanded from macro '__fortify_function'
#define __fortify_function __extern_always_inline __attribute_artificial__
                           ^
In file included from /«BUILDDIR»/minetest-0.3.1+dfsg/src/log.cpp:20:
In file included from /«BUILDDIR»/minetest-0.3.1+dfsg/src/log.h:23:
In file included from /usr/bin/../lib/gcc/x86_64-linux-gnu/4.7/../../../../include/c++/4.7/string:41:
In file included from /usr/bin/../lib/gcc/x86_64-linux-gnu/4.7/../../../../include/c++/4.7/bits/char_traits.h:41:
In file included from /usr/bin/../lib/gcc/x86_64-linux-gnu/4.7/../../../../include/c++/4.7/bits/postypes.h:41:
In file included from /usr/bin/../lib/gcc/x86_64-linux-gnu/4.7/../../../../include/c++/4.7/cwchar:45:
In file included from /usr/include/wchar.h:884:
/usr/include/x86_64-linux-gnu/bits/wchar2.h:128:20: error: expected unqualified-id
__fortify_function wchar_t *
                   ^
/usr/include/x86_64-linux-gnu/bits/wchar2.h:151:1: error: unknown type name '__extern_always_inline'
__fortify_function wchar_t *
^
/usr/include/x86_64-linux-gnu/sys/cdefs.h:143:28: note: expanded from macro '__fortify_function'
#define __fortify_function __extern_always_inline __attribute_artificial__
                           ^
In file included from /«BUILDDIR»/minetest-0.3.1+dfsg/src/log.cpp:20:
In file included from /«BUILDDIR»/minetest-0.3.1+dfsg/src/log.h:23:
In file included from /usr/bin/../lib/gcc/x86_64-linux-gnu/4.7/../../../../include/c++/4.7/string:41:
In file included from /usr/bin/../lib/gcc/x86_64-linux-gnu/4.7/../../../../include/c++/4.7/bits/char_traits.h:41:
In file included from /usr/bin/../lib/gcc/x86_64-linux-gnu/4.7/../../../../include/c++/4.7/bits/postypes.h:41:
In file included from /usr/bin/../lib/gcc/x86_64-linux-gnu/4.7/../../../../include/c++/4.7/cwchar:45:
In file included from /usr/include/wchar.h:884:
/usr/include/x86_64-linux-gnu/bits/wchar2.h:151:20: error: expected unqualified-id
__fortify_function wchar_t *
                   ^
/usr/include/x86_64-linux-gnu/bits/wchar2.h:167:1: error: unknown type name '__extern_always_inline'
__fortify_function wchar_t *
^
/usr/include/x86_64-linux-gnu/sys/cdefs.h:143:28: note: expanded from macro '__fortify_function'
#define __fortify_function __extern_always_inline __attribute_artificial__
                           ^
In file included from /«BUILDDIR»/minetest-0.3.1+dfsg/src/log.cpp:20:
In file included from /«BUILDDIR»/minetest-0.3.1+dfsg/src/log.h:23:
In file included from /usr/bin/../lib/gcc/x86_64-linux-gnu/4.7/../../../../include/c++/4.7/string:41:
In file included from /usr/bin/../lib/gcc/x86_64-linux-gnu/4.7/../../../../include/c++/4.7/bits/char_traits.h:41:
In file included from /usr/bin/../lib/gcc/x86_64-linux-gnu/4.7/../../../../include/c++/4.7/bits/postypes.h:41:
In file included from /usr/bin/../lib/gcc/x86_64-linux-gnu/4.7/../../../../include/c++/4.7/cwchar:45:
In file included from /usr/include/wchar.h:884:
/usr/include/x86_64-linux-gnu/bits/wchar2.h:167:20: error: expected unqualified-id
__fortify_function wchar_t *
                   ^
/usr/include/x86_64-linux-gnu/bits/wchar2.h:190:1: error: unknown type name '__extern_always_inline'
__fortify_function wchar_t *
^
/usr/include/x86_64-linux-gnu/sys/cdefs.h:143:28: note: expanded from macro '__fortify_function'
#define __fortify_function __extern_always_inline __attribute_artificial__
                           ^
In file included from /«BUILDDIR»/minetest-0.3.1+dfsg/src/log.cpp:20:
In file included from /«BUILDDIR»/minetest-0.3.1+dfsg/src/log.h:23:
In file included from /usr/bin/../lib/gcc/x86_64-linux-gnu/4.7/../../../../include/c++/4.7/string:41:
In file included from /usr/bin/../lib/gcc/x86_64-linux-gnu/4.7/../../../../include/c++/4.7/bits/char_traits.h:41:
In file included from /usr/bin/../lib/gcc/x86_64-linux-gnu/4.7/../../../../include/c++/4.7/bits/postypes.h:41:
In file included from /usr/bin/../lib/gcc/x86_64-linux-gnu/4.7/../../../../include/c++/4.7/cwchar:45:
In file included from /usr/include/wchar.h:884:
/usr/include/x86_64-linux-gnu/bits/wchar2.h:190:20: error: expected unqualified-id
__fortify_function wchar_t *
                   ^
/usr/include/x86_64-linux-gnu/bits/wchar2.h:221:1: error: unknown type name '__extern_always_inline'
__fortify_function wchar_t *
^
/usr/include/x86_64-linux-gnu/sys/cdefs.h:143:28: note: expanded from macro '__fortify_function'
#define __fortify_function __extern_always_inline __attribute_artificial__
                           ^
In file included from /«BUILDDIR»/minetest-0.3.1+dfsg/src/log.cpp:20:
In file included from /«BUILDDIR»/minetest-0.3.1+dfsg/src/log.h:23:
In file included from /usr/bin/../lib/gcc/x86_64-linux-gnu/4.7/../../../../include/c++/4.7/string:41:
In file included from /usr/bin/../lib/gcc/x86_64-linux-gnu/4.7/../../../../include/c++/4.7/bits/char_traits.h:41:
In file included from /usr/bin/../lib/gcc/x86_64-linux-gnu/4.7/../../../../include/c++/4.7/bits/postypes.h:41:
In file included from /usr/bin/../lib/gcc/x86_64-linux-gnu/4.7/../../../../include/c++/4.7/cwchar:45:
In file included from /usr/include/wchar.h:884:
/usr/include/x86_64-linux-gnu/bits/wchar2.h:221:20: error: expected unqualified-id
__fortify_function wchar_t *
                   ^
/usr/include/x86_64-linux-gnu/bits/wchar2.h:245:1: error: unknown type name '__extern_always_inline'
__fortify_function wchar_t *
^
/usr/include/x86_64-linux-gnu/sys/cdefs.h:143:28: note: expanded from macro '__fortify_function'
#define __fortify_function __extern_always_inline __attribute_artificial__
                           ^
In file included from /«BUILDDIR»/minetest-0.3.1+dfsg/src/log.cpp:20:
In file included from /«BUILDDIR»/minetest-0.3.1+dfsg/src/log.h:23:
In file included from /usr/bin/../lib/gcc/x86_64-linux-gnu/4.7/../../../../include/c++/4.7/string:41:
In file included from /usr/bin/../lib/gcc/x86_64-linux-gnu/4.7/../../../../include/c++/4.7/bits/char_traits.h:41:
In file included from /usr/bin/../lib/gcc/x86_64-linux-gnu/4.7/../../../../include/c++/4.7/bits/postypes.h:41:
In file included from /usr/bin/../lib/gcc/x86_64-linux-gnu/4.7/../../../../include/c++/4.7/cwchar:45:
In file included from /usr/include/wchar.h:884:
/usr/include/x86_64-linux-gnu/bits/wchar2.h:245:20: error: expected unqualified-id
__fortify_function wchar_t *
                   ^
/usr/include/x86_64-linux-gnu/bits/wchar2.h:262:1: error: unknown type name '__extern_always_inline'
__fortify_function wchar_t *
^
/usr/include/x86_64-linux-gnu/sys/cdefs.h:143:28: note: expanded from macro '__fortify_function'
#define __fortify_function __extern_always_inline __attribute_artificial__
                           ^
fatal error: too many errors emitted, stopping now [-ferror-limit=]
20 errors generated.
make[4]: *** [src/CMakeFiles/minetest.dir/log.cpp.o] Error 1
make[3]: *** [src/CMakeFiles/minetest.dir/all] Error 2
make[4]: Leaving directory `/«BUILDDIR»/minetest-0.3.1+dfsg'
make[3]: Leaving directory `/«BUILDDIR»/minetest-0.3.1+dfsg'
make[2]: *** [all] Error 2
make[1]: *** [override_dh_auto_build] Error 2
make: *** [build-arch] Error 2
dpkg-buildpackage: error: debian/rules build-arch gave error exit status 2
make[2]: Leaving directory `/«BUILDDIR»/minetest-0.3.1+dfsg'
make[1]: Leaving directory `/«BUILDDIR»/minetest-0.3.1+dfsg'
────────────────────────────────────────────────────────────────────────────────
Build finished at 20130128-0433

Finished
────────

E: Build failure (dpkg-buildpackage died)

┌──────────────────────────────────────────────────────────────────────────────┐
│ Cleanup                                                                      │
└──────────────────────────────────────────────────────────────────────────────┘

Purging /«BUILDDIR»
Not cleaning session: cloned chroot in use

┌──────────────────────────────────────────────────────────────────────────────┐
│ Summary                                                                      │
└──────────────────────────────────────────────────────────────────────────────┘

Architecture: amd64
Build-Space: 4160
Build-Time: 4
Distribution: unstable
Fail-Stage: build
Install-Time: 14
Job: minetest_0.3.1+dfsg-4
Package: minetest
Package-Time: 46
Source-Version: 0.3.1+dfsg-4
Space: 4160
Status: attempted
Version: 0.3.1+dfsg-4
────────────────────────────────────────────────────────────────────────────────
Finished at 20130128-0433
Build needed 00:00:46, 4160k disc space
DC-Status: Failed 47.108464s
DC-Time-Estimation: 47.108464 versus expected 334 (r/m: 6.09002102042639 ; m: 47.108464)
