DC-Build-Header: pantomime1.2 1.2.0~pre3+snap20071004+dfsg-4 / Thu Jan 31 19:03:29 +0000 2013
DC-Task: logfile:/tmp/pantomime1.2_1.2.0~pre3+snap20071004+dfsg-4_unstable_clang.log version:1.2.0~pre3+snap20071004+dfsg-4 modes:binary-only:clang chroot:unstable source:pantomime1.2 esttime:58 architecture:any
DC-Sbuild-call: su user -c 'sbuild -n --apt-update -d unstable -v  --chroot-setup-commands=/tmp/switch-to-clang pantomime1.2_1.2.0~pre3+snap20071004+dfsg-4'
Could not create '/sbuild-nonexistent/logs': No such file or directory
Could not create '/sbuild-nonexistent/logs': No such file or directory
sbuild (Debian sbuild) 0.62.5 (13 Jul 2011) on ip-10-28-52-156.ec2.internal

╔══════════════════════════════════════════════════════════════════════════════╗
║ pantomime1.2 1.2.0~pre3+snap20071004+dfsg-4 (amd64)        31 Jan 2013 19:03 ║
╚══════════════════════════════════════════════════════════════════════════════╝

Package: pantomime1.2
Version: 1.2.0~pre3+snap20071004+dfsg-4
Source Version: 1.2.0~pre3+snap20071004+dfsg-4
Distribution: unstable
Architecture: amd64

I: NOTICE: Log filtering will replace 'build/pantomime1.2-6Z42aR/pantomime1.2-1.2.0~pre3+snap20071004+dfsg' with '«PKGBUILDDIR»'
I: NOTICE: Log filtering will replace 'build/pantomime1.2-6Z42aR' with '«BUILDDIR»'
I: NOTICE: Log filtering will replace 'var/lib/schroot/mount/unstable-amd64-sbuild-779bef54-2be7-4fd4-a71f-b4529e0b4e57' with '«CHROOT»'

┌──────────────────────────────────────────────────────────────────────────────┐
│ Update chroot                                                                │
└──────────────────────────────────────────────────────────────────────────────┘

Ign http://localhost unstable InRelease
Get:1 http://localhost unstable Release.gpg [836 B]
Get:2 http://localhost unstable Release [227 kB]
Ign http://localhost unstable/main Sources/DiffIndex
Ign http://localhost unstable/main amd64 Packages/DiffIndex
Hit http://localhost unstable/main Translation-en/DiffIndex
Get:3 http://localhost unstable/main Sources [8236 kB]
Get:4 http://localhost unstable/main amd64 Packages [8279 kB]
Fetched 16.7 MB in 3s (5496 kB/s)
Reading package lists...
Reading package lists...
Building dependency tree...
Reading state information...
0 upgraded, 0 newly installed, 0 to remove and 0 not upgraded.

┌──────────────────────────────────────────────────────────────────────────────┐
│ Fetch source files                                                           │
└──────────────────────────────────────────────────────────────────────────────┘


Check APT
─────────

Checking available source versions...

Download source files with APT
──────────────────────────────

Reading package lists...
Building dependency tree...
Reading state information...
NOTICE: 'pantomime1.2' packaging is maintained in the 'Git' version control system at:
git://git.debian.org/pkg-gnustep/pantomime.git
Need to get 286 kB of source archives.
Get:1 http://localhost/debian/ unstable/main pantomime1.2 1.2.0~pre3+snap20071004+dfsg-4 (dsc) [1561 B]
Get:2 http://localhost/debian/ unstable/main pantomime1.2 1.2.0~pre3+snap20071004+dfsg-4 (tar) [279 kB]
Get:3 http://localhost/debian/ unstable/main pantomime1.2 1.2.0~pre3+snap20071004+dfsg-4 (diff) [5674 B]
Fetched 286 kB in 0s (851 kB/s)
Download complete and in download only mode

Check arch
──────────


┌──────────────────────────────────────────────────────────────────────────────┐
│ Chroot Setup Commands                                                        │
└──────────────────────────────────────────────────────────────────────────────┘


/tmp/switch-to-clang
────────────────────

+ echo 'Entering customization script...'
Entering customization script...
+ echo 'Add an unstable version of clang as repository'
Add an unstable version of clang as repository
+ echo deb http://clang.ecranbleu.org/apt/debian unstable main
+ apt-get update
Ign http://localhost unstable InRelease
Hit http://localhost unstable Release.gpg
Hit http://localhost unstable Release
Ign http://clang.ecranbleu.org unstable InRelease
Ign http://localhost unstable/main Sources/DiffIndex
Ign http://clang.ecranbleu.org unstable Release.gpg
Get:1 http://clang.ecranbleu.org unstable Release [1616 B]
Ign http://localhost unstable/main amd64 Packages/DiffIndex
Hit http://localhost unstable/main Translation-en/DiffIndex
Hit http://localhost unstable/main Sources
Get:2 http://clang.ecranbleu.org unstable/main amd64 Packages [2354 B]
Hit http://localhost unstable/main amd64 Packages
Ign http://clang.ecranbleu.org unstable/main Translation-en
Fetched 3970 B in 1s (2658 B/s)
Reading package lists...
+ echo 'Install of clang'
Install of clang
+ apt-get update
Ign http://localhost unstable InRelease
Hit http://localhost unstable Release.gpg
Hit http://localhost unstable Release
Ign http://localhost unstable/main Sources/DiffIndex
Ign http://clang.ecranbleu.org unstable InRelease
Ign http://clang.ecranbleu.org unstable Release.gpg
Ign http://localhost unstable/main amd64 Packages/DiffIndex
Hit http://clang.ecranbleu.org unstable Release
Hit http://localhost unstable/main Translation-en/DiffIndex
Ign http://clang.ecranbleu.org unstable/main amd64 Packages/DiffIndex
Hit http://localhost unstable/main Sources
Hit http://localhost unstable/main amd64 Packages
Hit http://clang.ecranbleu.org unstable/main amd64 Packages
Ign http://clang.ecranbleu.org unstable/main Translation-en
Reading package lists...
+ apt-get install --yes --no-install-recommends --force-yes clang
Reading package lists...
Building dependency tree...
Reading state information...
The following extra packages will be installed:
  clang-3.2 compiler-rt libclang-common-dev libexpat1 libffi5 libllvm3.2
  libncursesw5 libsqlite3-0 libssl1.0.0 mime-support python python-minimal
  python2.7 python2.7-minimal
Suggested packages:
  python-doc python-tk python2.7-doc binfmt-support
Recommended packages:
  llvm-3.2-dev file
The following NEW packages will be installed:
  clang clang-3.2 compiler-rt libclang-common-dev libexpat1 libffi5 libllvm3.2
  libncursesw5 libsqlite3-0 libssl1.0.0 mime-support python python-minimal
  python2.7 python2.7-minimal
0 upgraded, 15 newly installed, 0 to remove and 0 not upgraded.
Need to get 25.3 MB of archives.
After this operation, 70.1 MB of additional disk space will be used.
WARNING: The following packages cannot be authenticated!
  libclang-common-dev compiler-rt clang-3.2 clang
Get:1 http://localhost/debian/ unstable/main libncursesw5 amd64 5.9-10 [141 kB]
Get:2 http://localhost/debian/ unstable/main libssl1.0.0 amd64 1.0.1c-4 [1213 kB]
Get:3 http://localhost/debian/ unstable/main libsqlite3-0 amd64 3.7.15.2-1 [463 kB]
Get:4 http://localhost/debian/ unstable/main libexpat1 amd64 2.1.0-1 [141 kB]
Get:5 http://clang.ecranbleu.org/apt/debian/ unstable/main libclang-common-dev amd64 3.2-2 [303 kB]
Get:6 http://localhost/debian/ unstable/main libffi5 amd64 3.0.10-3 [24.8 kB]
Get:7 http://localhost/debian/ unstable/main libllvm3.2 amd64 3.2-2 [7865 kB]
Get:8 http://localhost/debian/ unstable/main mime-support all 3.52-2 [35.2 kB]
Get:9 http://localhost/debian/ unstable/main python2.7-minimal amd64 2.7.3-6 [1783 kB]
Get:10 http://localhost/debian/ unstable/main python2.7 amd64 2.7.3-6 [2729 kB]
Get:11 http://localhost/debian/ unstable/main python-minimal all 2.7.3-3 [42.5 kB]
Get:12 http://localhost/debian/ unstable/main python all 2.7.3-3 [179 kB]
Get:13 http://clang.ecranbleu.org/apt/debian/ unstable/main compiler-rt amd64 3.2-2 [312 kB]
Get:14 http://clang.ecranbleu.org/apt/debian/ unstable/main clang-3.2 amd64 3.2-2 [10.0 MB]
Get:15 http://clang.ecranbleu.org/apt/debian/ unstable/main clang all 3.2-2 [9558 B]
debconf: delaying package configuration, since apt-utils is not installed
Fetched 25.3 MB in 9s (2626 kB/s)
Selecting previously unselected package libncursesw5:amd64.
(Reading database ... 13484 files and directories currently installed.)
Unpacking libncursesw5:amd64 (from .../libncursesw5_5.9-10_amd64.deb) ...
Selecting previously unselected package libssl1.0.0:amd64.
Unpacking libssl1.0.0:amd64 (from .../libssl1.0.0_1.0.1c-4_amd64.deb) ...
Selecting previously unselected package libsqlite3-0:amd64.
Unpacking libsqlite3-0:amd64 (from .../libsqlite3-0_3.7.15.2-1_amd64.deb) ...
Selecting previously unselected package libexpat1:amd64.
Unpacking libexpat1:amd64 (from .../libexpat1_2.1.0-1_amd64.deb) ...
Selecting previously unselected package libffi5:amd64.
Unpacking libffi5:amd64 (from .../libffi5_3.0.10-3_amd64.deb) ...
Selecting previously unselected package libllvm3.2:amd64.
Unpacking libllvm3.2:amd64 (from .../libllvm3.2_3.2-2_amd64.deb) ...
Selecting previously unselected package mime-support.
Unpacking mime-support (from .../mime-support_3.52-2_all.deb) ...
Selecting previously unselected package python2.7-minimal.
Unpacking python2.7-minimal (from .../python2.7-minimal_2.7.3-6_amd64.deb) ...
Selecting previously unselected package python2.7.
Unpacking python2.7 (from .../python2.7_2.7.3-6_amd64.deb) ...
Selecting previously unselected package python-minimal.
Unpacking python-minimal (from .../python-minimal_2.7.3-3_all.deb) ...
Selecting previously unselected package python.
Unpacking python (from .../python_2.7.3-3_all.deb) ...
Selecting previously unselected package libclang-common-dev.
Unpacking libclang-common-dev (from .../libclang-common-dev_3.2-2_amd64.deb) ...
Selecting previously unselected package compiler-rt.
Unpacking compiler-rt (from .../compiler-rt_3.2-2_amd64.deb) ...
Selecting previously unselected package clang-3.2.
Unpacking clang-3.2 (from .../clang-3.2_3.2-2_amd64.deb) ...
Selecting previously unselected package clang.
Unpacking clang (from .../archives/clang_3.2-2_all.deb) ...
Setting up libncursesw5:amd64 (5.9-10) ...
Setting up libssl1.0.0:amd64 (1.0.1c-4) ...
debconf: unable to initialize frontend: Dialog
debconf: (Dialog frontend will not work on a dumb terminal, an emacs shell buffer, or without a controlling terminal.)
debconf: falling back to frontend: Readline
debconf: unable to initialize frontend: Readline
debconf: (This frontend requires a controlling tty.)
debconf: falling back to frontend: Teletype
Setting up libsqlite3-0:amd64 (3.7.15.2-1) ...
Setting up libexpat1:amd64 (2.1.0-1) ...
Setting up libffi5:amd64 (3.0.10-3) ...
Setting up libllvm3.2:amd64 (3.2-2) ...
Setting up mime-support (3.52-2) ...
Setting up python2.7-minimal (2.7.3-6) ...
Linking and byte-compiling packages for runtime python2.7...
Setting up python2.7 (2.7.3-6) ...
Setting up python-minimal (2.7.3-3) ...
Setting up python (2.7.3-3) ...
Setting up libclang-common-dev (3.2-2) ...
Setting up compiler-rt (3.2-2) ...
Setting up clang-3.2 (3.2-2) ...
Setting up clang (3.2-2) ...
+ echo 'Replace gcc, g++ & cpp by clang'
Replace gcc, g++ & cpp by clang
+ VERSIONS='4.6 4.7'
+ cd /usr/bin
+ for VERSION in '$VERSIONS'
+ rm g++-4.6 gcc-4.6 cpp-4.6
+ ln -s clang++ g++-4.6
+ ln -s clang gcc-4.6
+ ln -s clang cpp-4.6
+ for VERSION in '$VERSIONS'
+ rm g++-4.7 gcc-4.7 cpp-4.7
+ ln -s clang++ g++-4.7
+ ln -s clang gcc-4.7
+ ln -s clang cpp-4.7
+ cd -
/«BUILDDIR»
+ echo 'Block the installation of new gcc version'
Block the installation of new gcc version
+ echo 'gcc-4.6 hold'
+ dpkg --set-selections
+ echo 'cpp-4.6 hold'
+ dpkg --set-selections
+ echo 'g++-4.6 hold'
+ dpkg --set-selections
+ echo 'gcc-4.7 hold'
+ dpkg --set-selections
+ echo 'cpp-4.7 hold'
+ dpkg --set-selections
+ echo 'g++-4.7 hold'
+ dpkg --set-selections
+ echo 'Check if gcc, g++ & cpp are actually clang'
Check if gcc, g++ & cpp are actually clang
+ grep clang
+ gcc --version
+ cpp --version
+ grep clang
+ g++ --version
+ grep clang

I: Finished running '/tmp/switch-to-clang'.

Finished processing commands.
────────────────────────────────────────────────────────────────────────────────
Merged Build-Depends: build-essential, fakeroot
Filtered Build-Depends: build-essential, fakeroot
dpkg-deb: building package `sbuild-build-depends-core-dummy' in `/«BUILDDIR»/resolver-5BeHUp/apt_archive/sbuild-build-depends-core-dummy.deb'.
OK
Reading package lists...

┌──────────────────────────────────────────────────────────────────────────────┐
│ Install core build dependencies (apt-based resolver)                         │
└──────────────────────────────────────────────────────────────────────────────┘

Installing build dependencies
Reading package lists...
Building dependency tree...
Reading state information...
The following NEW packages will be installed:
  sbuild-build-depends-core-dummy
debconf: delaying package configuration, since apt-utils is not installed
0 upgraded, 1 newly installed, 0 to remove and 0 not upgraded.
Need to get 0 B/708 B of archives.
After this operation, 0 B of additional disk space will be used.
Selecting previously unselected package sbuild-build-depends-core-dummy.
(Reading database ... 14662 files and directories currently installed.)
Unpacking sbuild-build-depends-core-dummy (from .../sbuild-build-depends-core-dummy.deb) ...
Setting up sbuild-build-depends-core-dummy (0.invalid.0) ...
Merged Build-Depends: base-files, base-passwd, bash, bsdutils, coreutils, dash, debianutils, diffutils, dpkg, e2fsprogs, findutils, grep, gzip, hostname, libc-bin, login, mount, ncurses-base, ncurses-bin, perl-base, sed, sysvinit, sysvinit-utils, tar, util-linux, libc6-dev | libc-dev, gcc (>= 4:4.4.3), g++ (>= 4:4.4.3), make, dpkg-dev (>= 1.13.5), cdbs, debhelper (>= 7), quilt, libgnustep-base-dev, libssl-dev
Filtered Build-Depends: base-files, base-passwd, bash, bsdutils, coreutils, dash, debianutils, diffutils, dpkg, e2fsprogs, findutils, grep, gzip, hostname, libc-bin, login, mount, ncurses-base, ncurses-bin, perl-base, sed, sysvinit, sysvinit-utils, tar, util-linux, libc6-dev, gcc (>= 4:4.4.3), g++ (>= 4:4.4.3), make, dpkg-dev (>= 1.13.5), cdbs, debhelper (>= 7), quilt, libgnustep-base-dev, libssl-dev
dpkg-deb: building package `sbuild-build-depends-pantomime1.2-dummy' in `/«BUILDDIR»/resolver-jj6buq/apt_archive/sbuild-build-depends-pantomime1.2-dummy.deb'.
OK
Reading package lists...

┌──────────────────────────────────────────────────────────────────────────────┐
│ Install pantomime1.2 build dependencies (apt-based resolver)                 │
└──────────────────────────────────────────────────────────────────────────────┘

Installing build dependencies
Reading package lists...
Building dependency tree...
Reading state information...
The following extra packages will be installed:
  autotools-dev bsdmainutils cdbs debhelper diffstat file gettext gettext-base
  gnustep-base-common gnustep-base-runtime gnustep-common gnustep-make gobjc
  gobjc-4.7 groff-base html2text intltool-debian libasprintf-dev
  libasprintf0c2 libavahi-client3 libavahi-common-data libavahi-common3
  libcroco3 libdbus-1-3 libgcrypt11 libgettextpo-dev libgettextpo0
  libglib2.0-0 libgnustep-base-dev libgnustep-base1.22 libgnutls26
  libgpg-error0 libicu48 libmagic1 libobjc4 libp11-kit0 libpcre3 libpipeline1
  libssl-dev libtasn1-3 libunistring0 libxml2 libxslt1.1 man-db po-debconf
  quilt sgml-base xml-core zlib1g-dev
Suggested packages:
  wamerican wordlist whois vacation devscripts dh-make gettext-doc
  gnustep-base-doc gnustep-make-doc gobjc-multilib gobjc-4.7-multilib
  gcc-4.7-doc libobjc4-dbg groff rng-tools less www-browser libmail-box-perl
  procmail graphviz default-mta mail-transport-agent sgml-base-doc
Recommended packages:
  curl wget lynx-cur autopoint dbus libglib2.0-data shared-mime-info
  libssl-doc libmail-sendmail-perl
The following NEW packages will be installed:
  autotools-dev bsdmainutils cdbs debhelper diffstat file gettext gettext-base
  gnustep-base-common gnustep-base-runtime gnustep-common gnustep-make gobjc
  gobjc-4.7 groff-base html2text intltool-debian libasprintf-dev
  libasprintf0c2 libavahi-client3 libavahi-common-data libavahi-common3
  libcroco3 libdbus-1-3 libgcrypt11 libgettextpo-dev libgettextpo0
  libglib2.0-0 libgnustep-base-dev libgnustep-base1.22 libgnutls26
  libgpg-error0 libicu48 libmagic1 libobjc4 libp11-kit0 libpcre3 libpipeline1
  libssl-dev libtasn1-3 libunistring0 libxml2 libxslt1.1 man-db po-debconf
  quilt sbuild-build-depends-pantomime1.2-dummy sgml-base xml-core zlib1g-dev
0 upgraded, 50 newly installed, 0 to remove and 0 not upgraded.
Need to get 28.5 MB/28.5 MB of archives.
After this operation, 94.9 MB of additional disk space will be used.
Get:1 http://localhost/debian/ unstable/main libpipeline1 amd64 1.2.2-1 [39.9 kB]
Get:2 http://localhost/debian/ unstable/main groff-base amd64 1.22.1-2 [741 kB]
Get:3 http://localhost/debian/ unstable/main bsdmainutils amd64 9.0.4 [210 kB]
Get:4 http://localhost/debian/ unstable/main man-db amd64 2.6.3-3 [898 kB]
Get:5 http://localhost/debian/ unstable/main libasprintf0c2 amd64 0.18.1.1-10 [27.2 kB]
Get:6 http://localhost/debian/ unstable/main libgpg-error0 amd64 1.10-3.1 [77.9 kB]
Get:7 http://localhost/debian/ unstable/main libgcrypt11 amd64 1.5.0-3 [298 kB]
Get:8 http://localhost/debian/ unstable/main libp11-kit0 amd64 0.12-3 [52.8 kB]
Get:9 http://localhost/debian/ unstable/main libtasn1-3 amd64 2.13-2 [67.7 kB]
Get:10 http://localhost/debian/ unstable/main libgnutls26 amd64 2.12.20-3 [618 kB]
Get:11 http://localhost/debian/ unstable/main libmagic1 amd64 5.11-2 [202 kB]
Get:12 http://localhost/debian/ unstable/main libpcre3 amd64 1:8.31-2 [247 kB]
Get:13 http://localhost/debian/ unstable/main libxml2 amd64 2.8.0+dfsg1-7 [903 kB]
Get:14 http://localhost/debian/ unstable/main libavahi-common-data amd64 0.6.31-1 [134 kB]
Get:15 http://localhost/debian/ unstable/main libavahi-common3 amd64 0.6.31-1 [54.3 kB]
Get:16 http://localhost/debian/ unstable/main libdbus-1-3 amd64 1.6.8-1 [173 kB]
Get:17 http://localhost/debian/ unstable/main libavahi-client3 amd64 0.6.31-1 [59.1 kB]
Get:18 http://localhost/debian/ unstable/main libglib2.0-0 amd64 2.33.12+really2.32.4-5 [1838 kB]
Get:19 http://localhost/debian/ unstable/main libcroco3 amd64 0.6.6-2 [134 kB]
Get:20 http://localhost/debian/ unstable/main libunistring0 amd64 0.9.3-5 [434 kB]
Get:21 http://localhost/debian/ unstable/main libgettextpo0 amd64 0.18.1.1-10 [145 kB]
Get:22 http://localhost/debian/ unstable/main libicu48 amd64 4.8.1.1-10 [4741 kB]
Get:23 http://localhost/debian/ unstable/main libobjc4 amd64 4.7.2-5 [158 kB]
Get:24 http://localhost/debian/ unstable/main libxslt1.1 amd64 1.1.26-14 [253 kB]
Get:25 http://localhost/debian/ unstable/main sgml-base all 1.26+nmu4 [14.6 kB]
Get:26 http://localhost/debian/ unstable/main file amd64 5.11-2 [51.8 kB]
Get:27 http://localhost/debian/ unstable/main gettext-base amd64 0.18.1.1-10 [154 kB]
Get:28 http://localhost/debian/ unstable/main autotools-dev all 20120608.1 [73.0 kB]
Get:29 http://localhost/debian/ unstable/main cdbs all 0.4.120 [80.4 kB]
Get:30 http://localhost/debian/ unstable/main html2text amd64 1.3.2a-15 [103 kB]
Get:31 http://localhost/debian/ unstable/main libasprintf-dev amd64 0.18.1.1-10 [26.8 kB]
Get:32 http://localhost/debian/ unstable/main libgettextpo-dev amd64 0.18.1.1-10 [184 kB]
Get:33 http://localhost/debian/ unstable/main gettext amd64 0.18.1.1-10 [1815 kB]
Get:34 http://localhost/debian/ unstable/main intltool-debian all 0.35.0+20060710.1 [30.8 kB]
Get:35 http://localhost/debian/ unstable/main po-debconf all 1.0.16+nmu2 [224 kB]
Get:36 http://localhost/debian/ unstable/main debhelper all 9.20120909 [705 kB]
Get:37 http://localhost/debian/ unstable/main diffstat amd64 1.55-3 [30.0 kB]
Get:38 http://localhost/debian/ unstable/main gnustep-common amd64 2.6.2-2 [120 kB]
Get:39 http://localhost/debian/ unstable/main xml-core all 0.13+nmu2 [24.2 kB]
Get:40 http://localhost/debian/ unstable/main gnustep-base-common all 1.22.1-4 [205 kB]
Get:41 http://localhost/debian/ unstable/main libgnustep-base1.22 amd64 1.22.1-4 [1540 kB]
Get:42 http://localhost/debian/ unstable/main gnustep-base-runtime amd64 1.22.1-4 [233 kB]
Get:43 http://localhost/debian/ unstable/main gobjc-4.7 amd64 4.7.2-5 [5477 kB]
Get:44 http://localhost/debian/ unstable/main gobjc amd64 4:4.7.2-1 [850 B]
Get:45 http://localhost/debian/ unstable/main gnustep-make all 2.6.2-2 [230 kB]
Get:46 http://localhost/debian/ unstable/main libgnustep-base-dev amd64 1.22.1-4 [2398 kB]
Get:47 http://localhost/debian/ unstable/main zlib1g-dev amd64 1:1.2.7.dfsg-13 [215 kB]
Get:48 http://localhost/debian/ unstable/main libssl-dev amd64 1.0.1c-4 [1698 kB]
Get:49 http://localhost/debian/ unstable/main quilt all 0.60-7 [381 kB]
debconf: delaying package configuration, since apt-utils is not installed
Fetched 28.5 MB in 0s (32.9 MB/s)
Selecting previously unselected package libpipeline1:amd64.
(Reading database ... 14662 files and directories currently installed.)
Unpacking libpipeline1:amd64 (from .../libpipeline1_1.2.2-1_amd64.deb) ...
Selecting previously unselected package groff-base.
Unpacking groff-base (from .../groff-base_1.22.1-2_amd64.deb) ...
Selecting previously unselected package bsdmainutils.
Unpacking bsdmainutils (from .../bsdmainutils_9.0.4_amd64.deb) ...
Selecting previously unselected package man-db.
Unpacking man-db (from .../man-db_2.6.3-3_amd64.deb) ...
Selecting previously unselected package libasprintf0c2:amd64.
Unpacking libasprintf0c2:amd64 (from .../libasprintf0c2_0.18.1.1-10_amd64.deb) ...
Selecting previously unselected package libgpg-error0:amd64.
Unpacking libgpg-error0:amd64 (from .../libgpg-error0_1.10-3.1_amd64.deb) ...
Selecting previously unselected package libgcrypt11:amd64.
Unpacking libgcrypt11:amd64 (from .../libgcrypt11_1.5.0-3_amd64.deb) ...
Selecting previously unselected package libp11-kit0:amd64.
Unpacking libp11-kit0:amd64 (from .../libp11-kit0_0.12-3_amd64.deb) ...
Selecting previously unselected package libtasn1-3:amd64.
Unpacking libtasn1-3:amd64 (from .../libtasn1-3_2.13-2_amd64.deb) ...
Selecting previously unselected package libgnutls26:amd64.
Unpacking libgnutls26:amd64 (from .../libgnutls26_2.12.20-3_amd64.deb) ...
Selecting previously unselected package libmagic1:amd64.
Unpacking libmagic1:amd64 (from .../libmagic1_5.11-2_amd64.deb) ...
Selecting previously unselected package libpcre3:amd64.
Unpacking libpcre3:amd64 (from .../libpcre3_1%3a8.31-2_amd64.deb) ...
Selecting previously unselected package libxml2:amd64.
Unpacking libxml2:amd64 (from .../libxml2_2.8.0+dfsg1-7_amd64.deb) ...
Selecting previously unselected package libavahi-common-data:amd64.
Unpacking libavahi-common-data:amd64 (from .../libavahi-common-data_0.6.31-1_amd64.deb) ...
Selecting previously unselected package libavahi-common3:amd64.
Unpacking libavahi-common3:amd64 (from .../libavahi-common3_0.6.31-1_amd64.deb) ...
Selecting previously unselected package libdbus-1-3:amd64.
Unpacking libdbus-1-3:amd64 (from .../libdbus-1-3_1.6.8-1_amd64.deb) ...
Selecting previously unselected package libavahi-client3:amd64.
Unpacking libavahi-client3:amd64 (from .../libavahi-client3_0.6.31-1_amd64.deb) ...
Selecting previously unselected package libglib2.0-0:amd64.
Unpacking libglib2.0-0:amd64 (from .../libglib2.0-0_2.33.12+really2.32.4-5_amd64.deb) ...
Selecting previously unselected package libcroco3:amd64.
Unpacking libcroco3:amd64 (from .../libcroco3_0.6.6-2_amd64.deb) ...
Selecting previously unselected package libunistring0:amd64.
Unpacking libunistring0:amd64 (from .../libunistring0_0.9.3-5_amd64.deb) ...
Selecting previously unselected package libgettextpo0:amd64.
Unpacking libgettextpo0:amd64 (from .../libgettextpo0_0.18.1.1-10_amd64.deb) ...
Selecting previously unselected package libicu48:amd64.
Unpacking libicu48:amd64 (from .../libicu48_4.8.1.1-10_amd64.deb) ...
Selecting previously unselected package libobjc4:amd64.
Unpacking libobjc4:amd64 (from .../libobjc4_4.7.2-5_amd64.deb) ...
Selecting previously unselected package libxslt1.1:amd64.
Unpacking libxslt1.1:amd64 (from .../libxslt1.1_1.1.26-14_amd64.deb) ...
Selecting previously unselected package sgml-base.
Unpacking sgml-base (from .../sgml-base_1.26+nmu4_all.deb) ...
Selecting previously unselected package file.
Unpacking file (from .../archives/file_5.11-2_amd64.deb) ...
Selecting previously unselected package gettext-base.
Unpacking gettext-base (from .../gettext-base_0.18.1.1-10_amd64.deb) ...
Selecting previously unselected package autotools-dev.
Unpacking autotools-dev (from .../autotools-dev_20120608.1_all.deb) ...
Selecting previously unselected package cdbs.
Unpacking cdbs (from .../archives/cdbs_0.4.120_all.deb) ...
Selecting previously unselected package html2text.
Unpacking html2text (from .../html2text_1.3.2a-15_amd64.deb) ...
Selecting previously unselected package libasprintf-dev:amd64.
Unpacking libasprintf-dev:amd64 (from .../libasprintf-dev_0.18.1.1-10_amd64.deb) ...
Selecting previously unselected package libgettextpo-dev:amd64.
Unpacking libgettextpo-dev:amd64 (from .../libgettextpo-dev_0.18.1.1-10_amd64.deb) ...
Selecting previously unselected package gettext.
Unpacking gettext (from .../gettext_0.18.1.1-10_amd64.deb) ...
Selecting previously unselected package intltool-debian.
Unpacking intltool-debian (from .../intltool-debian_0.35.0+20060710.1_all.deb) ...
Selecting previously unselected package po-debconf.
Unpacking po-debconf (from .../po-debconf_1.0.16+nmu2_all.deb) ...
Selecting previously unselected package debhelper.
Unpacking debhelper (from .../debhelper_9.20120909_all.deb) ...
Selecting previously unselected package diffstat.
Unpacking diffstat (from .../diffstat_1.55-3_amd64.deb) ...
Selecting previously unselected package gnustep-common.
Unpacking gnustep-common (from .../gnustep-common_2.6.2-2_amd64.deb) ...
Selecting previously unselected package xml-core.
Unpacking xml-core (from .../xml-core_0.13+nmu2_all.deb) ...
Selecting previously unselected package gnustep-base-common.
Unpacking gnustep-base-common (from .../gnustep-base-common_1.22.1-4_all.deb) ...
Selecting previously unselected package libgnustep-base1.22.
Unpacking libgnustep-base1.22 (from .../libgnustep-base1.22_1.22.1-4_amd64.deb) ...
Selecting previously unselected package gnustep-base-runtime.
Unpacking gnustep-base-runtime (from .../gnustep-base-runtime_1.22.1-4_amd64.deb) ...
Selecting previously unselected package gobjc-4.7.
Unpacking gobjc-4.7 (from .../gobjc-4.7_4.7.2-5_amd64.deb) ...
Selecting previously unselected package gobjc.
Unpacking gobjc (from .../gobjc_4%3a4.7.2-1_amd64.deb) ...
Selecting previously unselected package gnustep-make.
Unpacking gnustep-make (from .../gnustep-make_2.6.2-2_all.deb) ...
Selecting previously unselected package libgnustep-base-dev.
Unpacking libgnustep-base-dev (from .../libgnustep-base-dev_1.22.1-4_amd64.deb) ...
Selecting previously unselected package zlib1g-dev:amd64.
Unpacking zlib1g-dev:amd64 (from .../zlib1g-dev_1%3a1.2.7.dfsg-13_amd64.deb) ...
Selecting previously unselected package libssl-dev.
Unpacking libssl-dev (from .../libssl-dev_1.0.1c-4_amd64.deb) ...
Selecting previously unselected package quilt.
Unpacking quilt (from .../archives/quilt_0.60-7_all.deb) ...
Selecting previously unselected package sbuild-build-depends-pantomime1.2-dummy.
Unpacking sbuild-build-depends-pantomime1.2-dummy (from .../sbuild-build-depends-pantomime1.2-dummy.deb) ...
Processing triggers for mime-support ...
Setting up libpipeline1:amd64 (1.2.2-1) ...
Setting up groff-base (1.22.1-2) ...
Setting up bsdmainutils (9.0.4) ...
update-alternatives: using /usr/bin/bsd-write to provide /usr/bin/write (write) in auto mode
update-alternatives: using /usr/bin/bsd-from to provide /usr/bin/from (from) in auto mode
Setting up man-db (2.6.3-3) ...
Building database of manual pages ...
Setting up libasprintf0c2:amd64 (0.18.1.1-10) ...
Setting up libgpg-error0:amd64 (1.10-3.1) ...
Setting up libgcrypt11:amd64 (1.5.0-3) ...
Setting up libp11-kit0:amd64 (0.12-3) ...
Setting up libtasn1-3:amd64 (2.13-2) ...
Setting up libgnutls26:amd64 (2.12.20-3) ...
Setting up libmagic1:amd64 (5.11-2) ...
Setting up libpcre3:amd64 (1:8.31-2) ...
Setting up libxml2:amd64 (2.8.0+dfsg1-7) ...
Setting up libavahi-common-data:amd64 (0.6.31-1) ...
Setting up libavahi-common3:amd64 (0.6.31-1) ...
Setting up libdbus-1-3:amd64 (1.6.8-1) ...
Setting up libavahi-client3:amd64 (0.6.31-1) ...
Setting up libglib2.0-0:amd64 (2.33.12+really2.32.4-5) ...
No schema files found: doing nothing.
Setting up libcroco3:amd64 (0.6.6-2) ...
Setting up libunistring0:amd64 (0.9.3-5) ...
Setting up libgettextpo0:amd64 (0.18.1.1-10) ...
Setting up libicu48:amd64 (4.8.1.1-10) ...
Setting up libobjc4:amd64 (4.7.2-5) ...
Setting up libxslt1.1:amd64 (1.1.26-14) ...
Setting up sgml-base (1.26+nmu4) ...
Setting up file (5.11-2) ...
Setting up gettext-base (0.18.1.1-10) ...
Setting up autotools-dev (20120608.1) ...
Setting up cdbs (0.4.120) ...
Setting up html2text (1.3.2a-15) ...
Setting up libasprintf-dev:amd64 (0.18.1.1-10) ...
Setting up libgettextpo-dev:amd64 (0.18.1.1-10) ...
Setting up gettext (0.18.1.1-10) ...
Setting up intltool-debian (0.35.0+20060710.1) ...
Setting up po-debconf (1.0.16+nmu2) ...
Setting up debhelper (9.20120909) ...
Setting up diffstat (1.55-3) ...
Setting up gnustep-common (2.6.2-2) ...
Setting up xml-core (0.13+nmu2) ...
Setting up gobjc-4.7 (4.7.2-5) ...
Setting up gobjc (4:4.7.2-1) ...
Setting up gnustep-make (2.6.2-2) ...
Setting up zlib1g-dev:amd64 (1:1.2.7.dfsg-13) ...
Setting up libssl-dev (1.0.1c-4) ...
Setting up quilt (0.60-7) ...
Processing triggers for sgml-base ...
Setting up gnustep-base-common (1.22.1-4) ...
Setting up libgnustep-base1.22 (1.22.1-4) ...
Setting up gnustep-base-runtime (1.22.1-4) ...
All runlevel operations denied by policy
invoke-rc.d: policy-rc.d denied execution of start.
Setting up libgnustep-base-dev (1.22.1-4) ...
Setting up sbuild-build-depends-pantomime1.2-dummy (0.invalid.0) ...

┌──────────────────────────────────────────────────────────────────────────────┐
│ Build environment                                                            │
└──────────────────────────────────────────────────────────────────────────────┘

Kernel: Linux 2.6.32-5-xen-amd64 amd64 (x86_64)
Toolchain package versions: binutils_2.22-7.1 dpkg-dev_1.16.9 g++-4.6_4.6.3-15 g++-4.7_4.7.2-5 gcc-4.6_4.6.3-15 gcc-4.7_4.7.2-5 libc6-dev_2.13-38 libstdc++6_4.7.2-5 libstdc++6-4.6-dev_4.6.3-15 libstdc++6-4.7-dev_4.7.2-5 linux-libc-dev_3.2.35-2
Package versions: apt_0.9.7.7 autotools-dev_20120608.1 base-files_7.1 base-passwd_3.5.26 bash_4.2+dfsg-0.1 binutils_2.22-7.1 bsdmainutils_9.0.4 bsdutils_1:2.20.1-5.3 build-essential_11.6 bzip2_1.0.6-4 cdbs_0.4.120 clang_3.2-2 clang-3.2_3.2-2 compiler-rt_3.2-2 coreutils_8.20-3 cpp_4:4.7.2-1 cpp-4.6_4.6.3-15 cpp-4.7_4.7.2-5 dash_0.5.7-3 debconf_1.5.49 debconf-i18n_1.5.49 debfoster_2.7-1.2 debhelper_9.20120909 debian-archive-keyring_2012.4 debianutils_4.3.4 diffstat_1.55-3 diffutils_1:3.2-7 dpkg_1.16.9 dpkg-dev_1.16.9 e2fslibs_1.42.5-1 e2fsprogs_1.42.5-1 fakeroot_1.18.4-2 file_5.11-2 findutils_4.4.2-5 g++_4:4.7.2-1 g++-4.6_4.6.3-15 g++-4.7_4.7.2-5 gcc_4:4.7.2-1 gcc-4.4-base_4.4.7-3 gcc-4.5-base_4.5.4-1 gcc-4.6_4.6.3-15 gcc-4.6-base_4.6.3-15 gcc-4.7_4.7.2-5 gcc-4.7-base_4.7.2-5 gettext_0.18.1.1-10 gettext-base_0.18.1.1-10 gnupg_1.4.12-7 gnustep-base-common_1.22.1-4 gnustep-base-runtime_1.22.1-4 gnustep-common_2.6.2-2 gnustep-make_2.6.2-2 gobjc_4:4.7.2-1 gobjc-4.7_4.7.2-5 gpgv_1.4.12-7 grep_2.14-1 groff-base_1.22.1-2 gzip_1.5-1.1 hostname_3.12 html2text_1.3.2a-15 initscripts_2.88dsf-39 insserv_1.14.0-5 intltool-debian_0.35.0+20060710.1 libacl1_2.2.51-8 libapt-pkg4.12_0.9.7.7 libasprintf-dev_0.18.1.1-10 libasprintf0c2_0.18.1.1-10 libattr1_1:2.4.46-8 libavahi-client3_0.6.31-1 libavahi-common-data_0.6.31-1 libavahi-common3_0.6.31-1 libblkid1_2.20.1-5.3 libbz2-1.0_1.0.6-4 libc-bin_2.13-38 libc-dev-bin_2.13-38 libc6_2.13-38 libc6-dev_2.13-38 libclang-common-dev_3.2-2 libclass-isa-perl_0.36-5 libcomerr2_1.42.5-1 libcroco3_0.6.6-2 libdb5.1_5.1.29-5 libdbus-1-3_1.6.8-1 libdpkg-perl_1.16.9 libexpat1_2.1.0-1 libffi5_3.0.10-3 libfile-fcntllock-perl_0.14-2 libgc1c2_1:7.1-9.1 libgcc1_1:4.7.2-5 libgcrypt11_1.5.0-3 libgdbm3_1.8.3-11 libgettextpo-dev_0.18.1.1-10 libgettextpo0_0.18.1.1-10 libglib2.0-0_2.33.12+really2.32.4-5 libgmp10_2:5.0.5+dfsg-2 libgnustep-base-dev_1.22.1-4 libgnustep-base1.22_1.22.1-4 libgnutls26_2.12.20-3 libgomp1_4.7.2-5 libgpg-error0_1.10-3.1 libgpm2_1.20.4-6 libicu48_4.8.1.1-10 libitm1_4.7.2-5 libllvm3.2_3.2-2 liblocale-gettext-perl_1.05-7+b1 liblzma5_5.1.1alpha+20120614-2 libmagic1_5.11-2 libmount1_2.20.1-5.3 libmpc2_0.9-4 libmpfr4_3.1.0-5 libncurses5_5.9-10 libncursesw5_5.9-10 libobjc4_4.7.2-5 libp11-kit0_0.12-3 libpam-modules_1.1.3-7.1 libpam-modules-bin_1.1.3-7.1 libpam-runtime_1.1.3-7.1 libpam0g_1.1.3-7.1 libpcre3_1:8.31-2 libpipeline1_1.2.2-1 libquadmath0_4.7.2-5 libreadline6_6.2+dfsg-0.1 libselinux1_2.1.9-5 libsemanage-common_2.1.6-6 libsemanage1_2.1.6-6 libsepol1_2.1.4-3 libslang2_2.2.4-15 libsqlite3-0_3.7.15.2-1 libss2_1.42.5-1 libssl-dev_1.0.1c-4 libssl1.0.0_1.0.1c-4 libstdc++6_4.7.2-5 libstdc++6-4.6-dev_4.6.3-15 libstdc++6-4.7-dev_4.7.2-5 libswitch-perl_2.16-2 libtasn1-3_2.13-2 libtext-charwidth-perl_0.04-7+b1 libtext-iconv-perl_1.7-5 libtext-wrapi18n-perl_0.06-7 libtimedate-perl_1.2000-1 libtinfo5_5.9-10 libunistring0_0.9.3-5 libusb-0.1-4_2:0.1.12-23+nmu1 libustr-1.0-1_1.0.4-3 libuuid1_2.20.1-5.3 libxml2_2.8.0+dfsg1-7 libxslt1.1_1.1.26-14 linux-libc-dev_3.2.35-2 login_1:4.1.5.1-1 lsb-base_4.1+Debian9 make_3.81-8.2 man-db_2.6.3-3 mawk_1.3.3-17 mime-support_3.52-2 mount_2.20.1-5.3 multiarch-support_2.13-38 ncurses-base_5.9-10 ncurses-bin_5.9-10 passwd_1:4.1.5.1-1 patch_2.6.1-3 perl_5.14.2-17 perl-base_5.14.2-17 perl-modules_5.14.2-17 po-debconf_1.0.16+nmu2 python_2.7.3-3 python-minimal_2.7.3-3 python2.7_2.7.3-6 python2.7-minimal_2.7.3-6 quilt_0.60-7 readline-common_6.2+dfsg-0.1 sbuild-build-depends-core-dummy_0.invalid.0 sbuild-build-depends-pantomime1.2-dummy_0.invalid.0 sed_4.2.1-10 sensible-utils_0.0.7 sgml-base_1.26+nmu4 sudo_1.8.5p2-1 sysv-rc_2.88dsf-39 sysvinit_2.88dsf-39 sysvinit-utils_2.88dsf-39 tar_1.26+dfsg-0.1 tzdata_2012j-1 ucf_3.0025+nmu3 util-linux_2.20.1-5.3 vim_2:7.3.547-6 vim-common_2:7.3.547-6 vim-runtime_2:7.3.547-6 xml-core_0.13+nmu2 xz-utils_5.1.1alpha+20120614-2 zlib1g_1:1.2.7.dfsg-13 zlib1g-dev_1:1.2.7.dfsg-13

┌──────────────────────────────────────────────────────────────────────────────┐
│ Build                                                                        │
└──────────────────────────────────────────────────────────────────────────────┘


Unpack source
─────────────

gpgv: keyblock resource `/sbuild-nonexistent/.gnupg/trustedkeys.gpg': file open error
gpgv: Signature made Mon Sep 26 00:21:29 2011 UTC using DSA key ID 1557BC10
gpgv: Can't check signature: public key not found
dpkg-source: warning: failed to verify signature on ./pantomime1.2_1.2.0~pre3+snap20071004+dfsg-4.dsc
dpkg-source: info: extracting pantomime1.2 in pantomime1.2-1.2.0~pre3+snap20071004+dfsg
dpkg-source: info: unpacking pantomime1.2_1.2.0~pre3+snap20071004+dfsg.orig.tar.gz
dpkg-source: info: applying pantomime1.2_1.2.0~pre3+snap20071004+dfsg-4.diff.gz

Check disc space
────────────────

Sufficient free space for build

User Environment
────────────────

HOME=/sbuild-nonexistent
LOGNAME=user
PATH=/usr/local/sbin:/usr/local/bin:/usr/sbin:/usr/bin:/sbin:/bin:/usr/games
SCHROOT_CHROOT_NAME=unstable-amd64-sbuild
SCHROOT_COMMAND=env
SCHROOT_GID=1000
SCHROOT_GROUP=user
SCHROOT_SESSION_ID=unstable-amd64-sbuild-779bef54-2be7-4fd4-a71f-b4529e0b4e57
SCHROOT_UID=1000
SCHROOT_USER=user
SHELL=/bin/sh
USER=user

dpkg-buildpackage
─────────────────

dpkg-buildpackage: source package pantomime1.2
dpkg-buildpackage: source version 1.2.0~pre3+snap20071004+dfsg-4
dpkg-buildpackage: source changed by Yavor Doganov <yavor@gnu.org>
 dpkg-source --before-build pantomime1.2-1.2.0~pre3+snap20071004+dfsg
dpkg-buildpackage: host architecture amd64
 fakeroot debian/rules clean
test -x debian/rules
dh_testroot
rm -f debian/stamp-makefile-build debian/stamp-makefile-install
GNUSTEP_MAKEFILES=/usr/share/GNUstep/Makefiles /usr/bin/make  -C . CFLAGS="-g -O2 -fstack-protector --param=ssp-buffer-size=4 -Wformat -Werror=format-security -Wall" CXXFLAGS="-g -O2 -fstack-protector --param=ssp-buffer-size=4 -Wformat -Werror=format-security -Wall" CPPFLAGS="-D_FORTIFY_SOURCE=2" LDFLAGS="-Wl,-z,defs -Wl,--as-needed"   LDFLAGS="-Wl,-z,defs -Wl,--as-needed" -k clean
This is gnustep-make 2.6.2. Type 'make print-gnustep-make-help' for help.
make[1]: Entering directory `/«BUILDDIR»/pantomime1.2-1.2.0~pre3+snap20071004+dfsg'
rm -rf ./*~ ./obj
Making clean in Framework/Pantomime ...
make[2]: Entering directory `/«BUILDDIR»/pantomime1.2-1.2.0~pre3+snap20071004+dfsg/Framework/Pantomime'
rm -rf ./*~ ./obj
Making clean for framework Pantomime...
rm -rf \
	         \
	       ./Pantomime.framework ./derived_src
make[2]: Leaving directory `/«BUILDDIR»/pantomime1.2-1.2.0~pre3+snap20071004+dfsg/Framework/Pantomime'
cd charsets ; /usr/bin/make clean
make[2]: Entering directory `/«BUILDDIR»/pantomime1.2-1.2.0~pre3+snap20071004+dfsg/charsets'
rm -rf ./*~ ./obj
(cd .; \
	rm -rf    *.app)
make[2]: Leaving directory `/«BUILDDIR»/pantomime1.2-1.2.0~pre3+snap20071004+dfsg/charsets'
make[1]: Leaving directory `/«BUILDDIR»/pantomime1.2-1.2.0~pre3+snap20071004+dfsg'
dh_clean 
rm -f debian/libpantomime1.2.install
rm -f debian/libpantomime1.2-dev.install
/usr/bin/make -f debian/rules reverse-config
make[1]: Entering directory `/«BUILDDIR»/pantomime1.2-1.2.0~pre3+snap20071004+dfsg'
make[1]: Nothing to be done for `reverse-config'.
make[1]: Leaving directory `/«BUILDDIR»/pantomime1.2-1.2.0~pre3+snap20071004+dfsg'
if [ -d "." ]; then \
	  cd . && QUILT_PATCHES=/«BUILDDIR»/pantomime1.2-1.2.0~pre3+snap20071004+dfsg/debian/patches quilt --quiltrc /dev/null pop -a -R || test $? = 2 ; \
	fi
No patch removed
rm -rf ./.pc
rm -f debian/stamp-patch*
 debian/rules build-arch
test -x debian/rules
mkdir -p "."
/usr/bin/make -f debian/rules reverse-config
make[1]: Entering directory `/«BUILDDIR»/pantomime1.2-1.2.0~pre3+snap20071004+dfsg'
make[1]: Nothing to be done for `reverse-config'.
make[1]: Leaving directory `/«BUILDDIR»/pantomime1.2-1.2.0~pre3+snap20071004+dfsg'
cd . && QUILT_PATCHES=/«BUILDDIR»/pantomime1.2-1.2.0~pre3+snap20071004+dfsg/debian/patches quilt --quiltrc /dev/null push -a || test $? = 2
Applying patch compilation-errors.patch
patching file Framework/Pantomime/NSString+Extensions.m

Applying patch link-libs.patch
patching file Framework/Pantomime/GNUmakefile

Applying patch compilation-warnings.patch
patching file Framework/Pantomime/io.c
patching file Framework/Pantomime/CWDNSManager.m
patching file Framework/Pantomime/CWInternetAddress.m
patching file Framework/Pantomime/CWLocalFolder+maildir.m
patching file Framework/Pantomime/CWParser.m

Now at patch compilation-warnings.patch
touch debian/stamp-patched
/usr/bin/make -f debian/rules update-config
make[1]: Entering directory `/«BUILDDIR»/pantomime1.2-1.2.0~pre3+snap20071004+dfsg'
make[1]: Nothing to be done for `update-config'.
make[1]: Leaving directory `/«BUILDDIR»/pantomime1.2-1.2.0~pre3+snap20071004+dfsg'
GNUSTEP_MAKEFILES=/usr/share/GNUstep/Makefiles /usr/bin/make  -C . CFLAGS="-g -O2 -fstack-protector --param=ssp-buffer-size=4 -Wformat -Werror=format-security -Wall" CXXFLAGS="-g -O2 -fstack-protector --param=ssp-buffer-size=4 -Wformat -Werror=format-security -Wall" CPPFLAGS="-D_FORTIFY_SOURCE=2" LDFLAGS="-Wl,-z,defs -Wl,--as-needed"   LDFLAGS="-Wl,-z,defs -Wl,--as-needed" 
This is gnustep-make 2.6.2. Type 'make print-gnustep-make-help' for help.
make[1]: Entering directory `/«BUILDDIR»/pantomime1.2-1.2.0~pre3+snap20071004+dfsg'
Making all in Framework/Pantomime ...
make[2]: Entering directory `/«BUILDDIR»/pantomime1.2-1.2.0~pre3+snap20071004+dfsg/Framework/Pantomime'
Making build-headers for framework Pantomime...
/usr/share/GNUstep/Makefiles/mkinstalldirs Pantomime.framework/Versions/1.2/Headers
/usr/bin/install -c -p  -m 644 io.h Pantomime.framework/Versions/1.2/Headers/io.h
/usr/bin/install -c -p  -m 644 CWCacheManager.h Pantomime.framework/Versions/1.2/Headers/CWCacheManager.h
/usr/bin/install -c -p  -m 644 CWCharset.h Pantomime.framework/Versions/1.2/Headers/CWCharset.h
/usr/bin/install -c -p  -m 644 CWConnection.h Pantomime.framework/Versions/1.2/Headers/CWConnection.h
/usr/bin/install -c -p  -m 644 CWConstants.h Pantomime.framework/Versions/1.2/Headers/CWConstants.h
/usr/bin/install -c -p  -m 644 CWContainer.h Pantomime.framework/Versions/1.2/Headers/CWContainer.h
/usr/bin/install -c -p  -m 644 CWDNSManager.h Pantomime.framework/Versions/1.2/Headers/CWDNSManager.h
/usr/bin/install -c -p  -m 644 CWFlags.h Pantomime.framework/Versions/1.2/Headers/CWFlags.h
/usr/bin/install -c -p  -m 644 CWFolder.h Pantomime.framework/Versions/1.2/Headers/CWFolder.h
/usr/bin/install -c -p  -m 644 CWFolderInformation.h Pantomime.framework/Versions/1.2/Headers/CWFolderInformation.h
/usr/bin/install -c -p  -m 644 CWIMAPCacheManager.h Pantomime.framework/Versions/1.2/Headers/CWIMAPCacheManager.h
/usr/bin/install -c -p  -m 644 CWIMAPFolder.h Pantomime.framework/Versions/1.2/Headers/CWIMAPFolder.h
/usr/bin/install -c -p  -m 644 CWIMAPMessage.h Pantomime.framework/Versions/1.2/Headers/CWIMAPMessage.h
/usr/bin/install -c -p  -m 644 CWIMAPStore.h Pantomime.framework/Versions/1.2/Headers/CWIMAPStore.h
/usr/bin/install -c -p  -m 644 CWInternetAddress.h Pantomime.framework/Versions/1.2/Headers/CWInternetAddress.h
/usr/bin/install -c -p  -m 644 CWISO8859_1.h Pantomime.framework/Versions/1.2/Headers/CWISO8859_1.h
/usr/bin/install -c -p  -m 644 CWISO8859_2.h Pantomime.framework/Versions/1.2/Headers/CWISO8859_2.h
/usr/bin/install -c -p  -m 644 CWISO8859_3.h Pantomime.framework/Versions/1.2/Headers/CWISO8859_3.h
/usr/bin/install -c -p  -m 644 CWISO8859_4.h Pantomime.framework/Versions/1.2/Headers/CWISO8859_4.h
/usr/bin/install -c -p  -m 644 CWISO8859_5.h Pantomime.framework/Versions/1.2/Headers/CWISO8859_5.h
/usr/bin/install -c -p  -m 644 CWISO8859_6.h Pantomime.framework/Versions/1.2/Headers/CWISO8859_6.h
/usr/bin/install -c -p  -m 644 CWISO8859_7.h Pantomime.framework/Versions/1.2/Headers/CWISO8859_7.h
/usr/bin/install -c -p  -m 644 CWISO8859_8.h Pantomime.framework/Versions/1.2/Headers/CWISO8859_8.h
/usr/bin/install -c -p  -m 644 CWISO8859_9.h Pantomime.framework/Versions/1.2/Headers/CWISO8859_9.h
/usr/bin/install -c -p  -m 644 CWISO8859_10.h Pantomime.framework/Versions/1.2/Headers/CWISO8859_10.h
/usr/bin/install -c -p  -m 644 CWISO8859_11.h Pantomime.framework/Versions/1.2/Headers/CWISO8859_11.h
/usr/bin/install -c -p  -m 644 CWISO8859_13.h Pantomime.framework/Versions/1.2/Headers/CWISO8859_13.h
/usr/bin/install -c -p  -m 644 CWISO8859_14.h Pantomime.framework/Versions/1.2/Headers/CWISO8859_14.h
/usr/bin/install -c -p  -m 644 CWISO8859_15.h Pantomime.framework/Versions/1.2/Headers/CWISO8859_15.h
/usr/bin/install -c -p  -m 644 CWKOI8_R.h Pantomime.framework/Versions/1.2/Headers/CWKOI8_R.h
/usr/bin/install -c -p  -m 644 CWKOI8_U.h Pantomime.framework/Versions/1.2/Headers/CWKOI8_U.h
/usr/bin/install -c -p  -m 644 CWLocalCacheManager.h Pantomime.framework/Versions/1.2/Headers/CWLocalCacheManager.h
/usr/bin/install -c -p  -m 644 CWLocalFolder.h Pantomime.framework/Versions/1.2/Headers/CWLocalFolder.h
/usr/bin/install -c -p  -m 644 CWLocalFolder+maildir.h Pantomime.framework/Versions/1.2/Headers/CWLocalFolder+maildir.h
/usr/bin/install -c -p  -m 644 CWLocalFolder+mbox.h Pantomime.framework/Versions/1.2/Headers/CWLocalFolder+mbox.h
/usr/bin/install -c -p  -m 644 CWLocalMessage.h Pantomime.framework/Versions/1.2/Headers/CWLocalMessage.h
/usr/bin/install -c -p  -m 644 CWLocalStore.h Pantomime.framework/Versions/1.2/Headers/CWLocalStore.h
/usr/bin/install -c -p  -m 644 CWMD5.h Pantomime.framework/Versions/1.2/Headers/CWMD5.h
/usr/bin/install -c -p  -m 644 CWMIMEMultipart.h Pantomime.framework/Versions/1.2/Headers/CWMIMEMultipart.h
/usr/bin/install -c -p  -m 644 CWMIMEUtility.h Pantomime.framework/Versions/1.2/Headers/CWMIMEUtility.h
/usr/bin/install -c -p  -m 644 CWMessage.h Pantomime.framework/Versions/1.2/Headers/CWMessage.h
/usr/bin/install -c -p  -m 644 CWParser.h Pantomime.framework/Versions/1.2/Headers/CWParser.h
/usr/bin/install -c -p  -m 644 CWPart.h Pantomime.framework/Versions/1.2/Headers/CWPart.h
/usr/bin/install -c -p  -m 644 CWPOP3CacheManager.h Pantomime.framework/Versions/1.2/Headers/CWPOP3CacheManager.h
/usr/bin/install -c -p  -m 644 CWPOP3CacheObject.h Pantomime.framework/Versions/1.2/Headers/CWPOP3CacheObject.h
/usr/bin/install -c -p  -m 644 CWPOP3Folder.h Pantomime.framework/Versions/1.2/Headers/CWPOP3Folder.h
/usr/bin/install -c -p  -m 644 CWPOP3Message.h Pantomime.framework/Versions/1.2/Headers/CWPOP3Message.h
/usr/bin/install -c -p  -m 644 CWPOP3Store.h Pantomime.framework/Versions/1.2/Headers/CWPOP3Store.h
/usr/bin/install -c -p  -m 644 CWRegEx.h Pantomime.framework/Versions/1.2/Headers/CWRegEx.h
/usr/bin/install -c -p  -m 644 CWSendmail.h Pantomime.framework/Versions/1.2/Headers/CWSendmail.h
/usr/bin/install -c -p  -m 644 CWService.h Pantomime.framework/Versions/1.2/Headers/CWService.h
/usr/bin/install -c -p  -m 644 CWSMTP.h Pantomime.framework/Versions/1.2/Headers/CWSMTP.h
/usr/bin/install -c -p  -m 644 CWStore.h Pantomime.framework/Versions/1.2/Headers/CWStore.h
/usr/bin/install -c -p  -m 644 CWTCPConnection.h Pantomime.framework/Versions/1.2/Headers/CWTCPConnection.h
/usr/bin/install -c -p  -m 644 CWTransport.h Pantomime.framework/Versions/1.2/Headers/CWTransport.h
/usr/bin/install -c -p  -m 644 CWURLName.h Pantomime.framework/Versions/1.2/Headers/CWURLName.h
/usr/bin/install -c -p  -m 644 CWUUFile.h Pantomime.framework/Versions/1.2/Headers/CWUUFile.h
/usr/bin/install -c -p  -m 644 CWVirtualFolder.h Pantomime.framework/Versions/1.2/Headers/CWVirtualFolder.h
/usr/bin/install -c -p  -m 644 CWWINDOWS_1250.h Pantomime.framework/Versions/1.2/Headers/CWWINDOWS_1250.h
/usr/bin/install -c -p  -m 644 CWWINDOWS_1251.h Pantomime.framework/Versions/1.2/Headers/CWWINDOWS_1251.h
/usr/bin/install -c -p  -m 644 CWWINDOWS_1252.h Pantomime.framework/Versions/1.2/Headers/CWWINDOWS_1252.h
/usr/bin/install -c -p  -m 644 CWWINDOWS_1253.h Pantomime.framework/Versions/1.2/Headers/CWWINDOWS_1253.h
/usr/bin/install -c -p  -m 644 CWWINDOWS_1254.h Pantomime.framework/Versions/1.2/Headers/CWWINDOWS_1254.h
/usr/bin/install -c -p  -m 644 NSData+Extensions.h Pantomime.framework/Versions/1.2/Headers/NSData+Extensions.h
/usr/bin/install -c -p  -m 644 NSFileManager+Extensions.h Pantomime.framework/Versions/1.2/Headers/NSFileManager+Extensions.h
/usr/bin/install -c -p  -m 644 NSScanner+Extensions.h Pantomime.framework/Versions/1.2/Headers/NSScanner+Extensions.h
/usr/bin/install -c -p  -m 644 NSString+Extensions.h Pantomime.framework/Versions/1.2/Headers/NSString+Extensions.h
/usr/bin/install -c -p  -m 644 Pantomime.h Pantomime.framework/Versions/1.2/Headers/Pantomime.h
/usr/share/GNUstep/Makefiles/mkinstalldirs ./derived_src; \
	touch derived_src/.stamp
/usr/share/GNUstep/Makefiles/mkinstalldirs Pantomime.framework/Versions/1.2/Resources
cd ./Pantomime.framework/Versions; \
	rm -f Current; \
	ln -s 1.2 Current
cd ./Pantomime.framework; \
	  if [ ! -h "Resources" ]; then \
	    rm -f Resources; \
	    ln -s Versions/Current/Resources Resources; \
	  fi; \
	  if [ ! -h "Headers" ]; then \
	    rm -f Headers; \
	    ln -s Versions/Current/Headers Headers; \
	  fi
cd ./derived_src; \
	  if [ ! -h "Pantomime" ]; then \
	    rm -f ./Pantomime; \
	    ln -s ../Pantomime.framework/Headers \
                    ./Pantomime; \
	  fi
cd .; \
	/usr/share/GNUstep/Makefiles/mkinstalldirs ./obj
Making all for framework Pantomime...
cd .; \
	/usr/share/GNUstep/Makefiles/mkinstalldirs ./obj/Pantomime.obj/
gcc io.c -c \
	      -MMD -MP -D_FORTIFY_SOURCE=2 -DGNUSTEP -DGNUSTEP_BASE_LIBRARY=1 -DGNU_RUNTIME=1 -DGNUSTEP_BASE_LIBRARY=1 -pthread -pthread -fPIC -Wall -DGSWARN -DGSDIAGNOSE -Wno-import -g -O2 -I.. -I./derived_src -I. -I/usr/local/include/GNUstep -I/usr/include/GNUstep \
	       -o obj/Pantomime.obj/io.c.o
io.c:203:7: warning: ignoring return value of function declared with warn_unused_result attribute [-Wunused-result]
      read(fd, buf, *count);
      ^~~~ ~~~~~~~~~~~~~~~
1 warning generated.
gcc CWCacheManager.m -c \
	      -MMD -MP -D_FORTIFY_SOURCE=2 -DGNUSTEP -DGNUSTEP_BASE_LIBRARY=1 -DGNU_RUNTIME=1 -DGNUSTEP_BASE_LIBRARY=1 -fno-strict-aliasing -fexceptions -fobjc-exceptions -D_NATIVE_OBJC_EXCEPTIONS -pthread -fPIC -Wall -DGSWARN -DGSDIAGNOSE -Wno-import -g -O2 -fgnu-runtime -DHAVE_ICONV -Wall -Wno-import -fconstant-string-class=NSConstantString -I.. -I./derived_src -I. -I/usr/local/include/GNUstep -I/usr/include/GNUstep \
	       -o obj/Pantomime.obj/CWCacheManager.m.o
In file included from CWCacheManager.m:23:
In file included from ../Pantomime/CWCacheManager.h:26:
In file included from /usr/include/GNUstep/Foundation/NSArray.h:27:
In file included from /usr/include/GNUstep/GNUstepBase/GSVersionMacros.h:193:
In file included from /usr/include/GNUstep/GNUstepBase/GSConfig.h:229:
/usr/include/GNUstep/GNUstepBase/preface.h:112:11: fatal error: 'objc/objc.h' file not found
 #include <objc/objc.h>
          ^
1 error generated.
make[4]: *** [obj/Pantomime.obj/CWCacheManager.m.o] Error 1
make[3]: *** [internal-framework-run-compile-submake] Error 2
make[2]: *** [Pantomime.all.framework.variables] Error 2
make[2]: Leaving directory `/«BUILDDIR»/pantomime1.2-1.2.0~pre3+snap20071004+dfsg/Framework/Pantomime'
make[1]: *** [internal-all] Error 2
make[1]: Leaving directory `/«BUILDDIR»/pantomime1.2-1.2.0~pre3+snap20071004+dfsg'
make: *** [debian/stamp-makefile-build] Error 2
dpkg-buildpackage: error: debian/rules build-arch gave error exit status 2
────────────────────────────────────────────────────────────────────────────────
Build finished at 20130131-1904

Finished
────────

E: Build failure (dpkg-buildpackage died)

┌──────────────────────────────────────────────────────────────────────────────┐
│ Cleanup                                                                      │
└──────────────────────────────────────────────────────────────────────────────┘

Purging /«BUILDDIR»
Not cleaning session: cloned chroot in use

┌──────────────────────────────────────────────────────────────────────────────┐
│ Summary                                                                      │
└──────────────────────────────────────────────────────────────────────────────┘

Architecture: amd64
Build-Space: 2404
Build-Time: 8
Distribution: unstable
Fail-Stage: build
Install-Time: 12
Job: pantomime1.2_1.2.0~pre3+snap20071004+dfsg-4
Package: pantomime1.2
Package-Time: 51
Source-Version: 1.2.0~pre3+snap20071004+dfsg-4
Space: 2404
Status: attempted
Version: 1.2.0~pre3+snap20071004+dfsg-4
────────────────────────────────────────────────────────────────────────────────
Finished at 20130131-1904
Build needed 00:00:51, 2404k disc space
DC-Status: Failed 51.223289s
