DC-Build-Header: pygame 1.9.1release+dfsg-8 / Sat Feb 02 03:19:46 +0000 2013
DC-Task: logfile:/tmp/pygame_1.9.1release+dfsg-8_unstable_clang.log version:1.9.1release+dfsg-8 modes:binary-only:clang chroot:unstable source:pygame esttime:140 architecture:any
DC-Sbuild-call: su user -c 'sbuild -n --apt-update -d unstable -v  --chroot-setup-commands=/tmp/switch-to-clang pygame_1.9.1release+dfsg-8'
Could not create '/sbuild-nonexistent/logs': No such file or directory
Could not create '/sbuild-nonexistent/logs': No such file or directory
sbuild (Debian sbuild) 0.62.5 (13 Jul 2011) on ip-10-31-133-149.ec2.internal

╔══════════════════════════════════════════════════════════════════════════════╗
║ pygame 1.9.1release+dfsg-8 (amd64)                         02 Feb 2013 03:19 ║
╚══════════════════════════════════════════════════════════════════════════════╝

Package: pygame
Version: 1.9.1release+dfsg-8
Source Version: 1.9.1release+dfsg-8
Distribution: unstable
Architecture: amd64

I: NOTICE: Log filtering will replace 'build/pygame-34aouF/pygame-1.9.1release+dfsg' with '«PKGBUILDDIR»'
I: NOTICE: Log filtering will replace 'build/pygame-34aouF' with '«BUILDDIR»'
I: NOTICE: Log filtering will replace 'var/lib/schroot/mount/unstable-amd64-sbuild-d1112a1e-8c2f-4415-b197-c320ab1f331d' with '«CHROOT»'

┌──────────────────────────────────────────────────────────────────────────────┐
│ Update chroot                                                                │
└──────────────────────────────────────────────────────────────────────────────┘

Ign http://localhost unstable InRelease
Get:1 http://localhost unstable Release.gpg [836 B]
Get:2 http://localhost unstable Release [227 kB]
Ign http://localhost unstable/main Sources/DiffIndex
Ign http://localhost unstable/main amd64 Packages/DiffIndex
Get:3 http://localhost unstable/main Translation-en/DiffIndex [7876 B]
Get:4 http://localhost unstable/main 2013-02-01-2012.11.pdiff [40 B]
Get:5 http://localhost unstable/main 2013-02-01-2012.11.pdiff [40 B]
Get:6 http://localhost unstable/main Sources [8235 kB]
Get:7 http://localhost unstable/main amd64 Packages [8278 kB]
Fetched 16.7 MB in 3s (4922 kB/s)
Reading package lists...
Reading package lists...
Building dependency tree...
Reading state information...
0 upgraded, 0 newly installed, 0 to remove and 0 not upgraded.

┌──────────────────────────────────────────────────────────────────────────────┐
│ Fetch source files                                                           │
└──────────────────────────────────────────────────────────────────────────────┘


Check APT
─────────

Checking available source versions...

Download source files with APT
──────────────────────────────

Reading package lists...
Building dependency tree...
Reading state information...
NOTICE: 'pygame' packaging is maintained in the 'Svn' version control system at:
svn://svn.debian.org/svn/collab-maint/deb-maint/pygame/trunk
Need to get 2108 kB of source archives.
Get:1 http://localhost/debian/ unstable/main pygame 1.9.1release+dfsg-8 (dsc) [2289 B]
Get:2 http://localhost/debian/ unstable/main pygame 1.9.1release+dfsg-8 (tar) [2091 kB]
Get:3 http://localhost/debian/ unstable/main pygame 1.9.1release+dfsg-8 (diff) [14.6 kB]
Fetched 2108 kB in 0s (4187 kB/s)
Download complete and in download only mode

Check arch
──────────


┌──────────────────────────────────────────────────────────────────────────────┐
│ Chroot Setup Commands                                                        │
└──────────────────────────────────────────────────────────────────────────────┘


/tmp/switch-to-clang
────────────────────

+ echo 'Entering customization script...'
Entering customization script...
+ echo 'Add an unstable version of clang as repository'
Add an unstable version of clang as repository
+ echo deb http://clang.ecranbleu.org/apt/debian unstable main
+ apt-get update
Ign http://localhost unstable InRelease
Hit http://localhost unstable Release.gpg
Hit http://localhost unstable Release
Ign http://clang.ecranbleu.org unstable InRelease
Ign http://localhost unstable/main Sources/DiffIndex
Ign http://clang.ecranbleu.org unstable Release.gpg
Get:1 http://clang.ecranbleu.org unstable Release [1616 B]
Ign http://localhost unstable/main amd64 Packages/DiffIndex
Hit http://localhost unstable/main Translation-en/DiffIndex
Get:2 http://clang.ecranbleu.org unstable/main amd64 Packages [2354 B]
Hit http://localhost unstable/main Sources
Hit http://localhost unstable/main amd64 Packages
Ign http://clang.ecranbleu.org unstable/main Translation-en
Fetched 3970 B in 1s (2646 B/s)
Reading package lists...
+ echo 'Install of clang'
Install of clang
+ apt-get update
Ign http://localhost unstable InRelease
Hit http://localhost unstable Release.gpg
Hit http://localhost unstable Release
Ign http://clang.ecranbleu.org unstable InRelease
Ign http://localhost unstable/main Sources/DiffIndex
Ign http://clang.ecranbleu.org unstable Release.gpg
Hit http://clang.ecranbleu.org unstable Release
Ign http://localhost unstable/main amd64 Packages/DiffIndex
Ign http://clang.ecranbleu.org unstable/main amd64 Packages/DiffIndex
Hit http://localhost unstable/main Translation-en/DiffIndex
Hit http://localhost unstable/main Sources
Hit http://localhost unstable/main amd64 Packages
Hit http://clang.ecranbleu.org unstable/main amd64 Packages
Ign http://clang.ecranbleu.org unstable/main Translation-en
Reading package lists...
+ apt-get install --yes --no-install-recommends --force-yes clang
Reading package lists...
Building dependency tree...
Reading state information...
The following extra packages will be installed:
  clang-3.2 compiler-rt libclang-common-dev libexpat1 libffi5 libllvm3.2
  libncursesw5 libsqlite3-0 libssl1.0.0 mime-support python python-minimal
  python2.7 python2.7-minimal
Suggested packages:
  python-doc python-tk python2.7-doc binfmt-support
Recommended packages:
  llvm-3.2-dev file
The following NEW packages will be installed:
  clang clang-3.2 compiler-rt libclang-common-dev libexpat1 libffi5 libllvm3.2
  libncursesw5 libsqlite3-0 libssl1.0.0 mime-support python python-minimal
  python2.7 python2.7-minimal
0 upgraded, 15 newly installed, 0 to remove and 0 not upgraded.
Need to get 25.3 MB of archives.
After this operation, 70.1 MB of additional disk space will be used.
WARNING: The following packages cannot be authenticated!
  libclang-common-dev compiler-rt clang-3.2 clang
Get:1 http://localhost/debian/ unstable/main libncursesw5 amd64 5.9-10 [141 kB]
Get:2 http://localhost/debian/ unstable/main libssl1.0.0 amd64 1.0.1c-4 [1213 kB]
Get:3 http://localhost/debian/ unstable/main libsqlite3-0 amd64 3.7.15.2-1 [463 kB]
Get:4 http://localhost/debian/ unstable/main libexpat1 amd64 2.1.0-1 [141 kB]
Get:5 http://localhost/debian/ unstable/main libffi5 amd64 3.0.10-3 [24.8 kB]
Get:6 http://localhost/debian/ unstable/main libllvm3.2 amd64 3.2-2 [7865 kB]
Get:7 http://clang.ecranbleu.org/apt/debian/ unstable/main libclang-common-dev amd64 3.2-2 [303 kB]
Get:8 http://localhost/debian/ unstable/main mime-support all 3.52-2 [35.2 kB]
Get:9 http://localhost/debian/ unstable/main python2.7-minimal amd64 2.7.3-6 [1783 kB]
Get:10 http://localhost/debian/ unstable/main python2.7 amd64 2.7.3-6 [2729 kB]
Get:11 http://localhost/debian/ unstable/main python-minimal all 2.7.3-3 [42.5 kB]
Get:12 http://localhost/debian/ unstable/main python all 2.7.3-3 [179 kB]
Get:13 http://clang.ecranbleu.org/apt/debian/ unstable/main compiler-rt amd64 3.2-2 [312 kB]
Get:14 http://clang.ecranbleu.org/apt/debian/ unstable/main clang-3.2 amd64 3.2-2 [10.0 MB]
Get:15 http://clang.ecranbleu.org/apt/debian/ unstable/main clang all 3.2-2 [9558 B]
debconf: delaying package configuration, since apt-utils is not installed
Fetched 25.3 MB in 3s (6388 kB/s)
Selecting previously unselected package libncursesw5:amd64.
(Reading database ... 13484 files and directories currently installed.)
Unpacking libncursesw5:amd64 (from .../libncursesw5_5.9-10_amd64.deb) ...
Selecting previously unselected package libssl1.0.0:amd64.
Unpacking libssl1.0.0:amd64 (from .../libssl1.0.0_1.0.1c-4_amd64.deb) ...
Selecting previously unselected package libsqlite3-0:amd64.
Unpacking libsqlite3-0:amd64 (from .../libsqlite3-0_3.7.15.2-1_amd64.deb) ...
Selecting previously unselected package libexpat1:amd64.
Unpacking libexpat1:amd64 (from .../libexpat1_2.1.0-1_amd64.deb) ...
Selecting previously unselected package libffi5:amd64.
Unpacking libffi5:amd64 (from .../libffi5_3.0.10-3_amd64.deb) ...
Selecting previously unselected package libllvm3.2:amd64.
Unpacking libllvm3.2:amd64 (from .../libllvm3.2_3.2-2_amd64.deb) ...
Selecting previously unselected package mime-support.
Unpacking mime-support (from .../mime-support_3.52-2_all.deb) ...
Selecting previously unselected package python2.7-minimal.
Unpacking python2.7-minimal (from .../python2.7-minimal_2.7.3-6_amd64.deb) ...
Selecting previously unselected package python2.7.
Unpacking python2.7 (from .../python2.7_2.7.3-6_amd64.deb) ...
Selecting previously unselected package python-minimal.
Unpacking python-minimal (from .../python-minimal_2.7.3-3_all.deb) ...
Selecting previously unselected package python.
Unpacking python (from .../python_2.7.3-3_all.deb) ...
Selecting previously unselected package libclang-common-dev.
Unpacking libclang-common-dev (from .../libclang-common-dev_3.2-2_amd64.deb) ...
Selecting previously unselected package compiler-rt.
Unpacking compiler-rt (from .../compiler-rt_3.2-2_amd64.deb) ...
Selecting previously unselected package clang-3.2.
Unpacking clang-3.2 (from .../clang-3.2_3.2-2_amd64.deb) ...
Selecting previously unselected package clang.
Unpacking clang (from .../archives/clang_3.2-2_all.deb) ...
Setting up libncursesw5:amd64 (5.9-10) ...
Setting up libssl1.0.0:amd64 (1.0.1c-4) ...
debconf: unable to initialize frontend: Dialog
debconf: (Dialog frontend will not work on a dumb terminal, an emacs shell buffer, or without a controlling terminal.)
debconf: falling back to frontend: Readline
debconf: unable to initialize frontend: Readline
debconf: (This frontend requires a controlling tty.)
debconf: falling back to frontend: Teletype
Setting up libsqlite3-0:amd64 (3.7.15.2-1) ...
Setting up libexpat1:amd64 (2.1.0-1) ...
Setting up libffi5:amd64 (3.0.10-3) ...
Setting up libllvm3.2:amd64 (3.2-2) ...
Setting up mime-support (3.52-2) ...
Setting up python2.7-minimal (2.7.3-6) ...
Linking and byte-compiling packages for runtime python2.7...
Setting up python2.7 (2.7.3-6) ...
Setting up python-minimal (2.7.3-3) ...
Setting up python (2.7.3-3) ...
Setting up libclang-common-dev (3.2-2) ...
Setting up compiler-rt (3.2-2) ...
Setting up clang-3.2 (3.2-2) ...
Setting up clang (3.2-2) ...
+ echo 'Replace gcc, g++ & cpp by clang'
Replace gcc, g++ & cpp by clang
+ VERSIONS='4.6 4.7'
+ cd /usr/bin
+ for VERSION in '$VERSIONS'
+ rm g++-4.6 gcc-4.6 cpp-4.6
+ ln -s clang++ g++-4.6
+ ln -s clang gcc-4.6
+ ln -s clang cpp-4.6
+ for VERSION in '$VERSIONS'
+ rm g++-4.7 gcc-4.7 cpp-4.7
+ ln -s clang++ g++-4.7
+ ln -s clang gcc-4.7
+ ln -s clang cpp-4.7
+ cd -
/«BUILDDIR»
+ echo 'Block the installation of new gcc version'
Block the installation of new gcc version
+ echo 'gcc-4.6 hold'
+ dpkg --set-selections
+ echo 'cpp-4.6 hold'
+ dpkg --set-selections
+ echo 'g++-4.6 hold'
+ dpkg --set-selections
+ echo 'gcc-4.7 hold'
+ dpkg --set-selections
+ echo 'cpp-4.7 hold'
+ dpkg --set-selections
+ echo 'g++-4.7 hold'
+ dpkg --set-selections
+ echo 'Check if gcc, g++ & cpp are actually clang'
Check if gcc, g++ & cpp are actually clang
+ gcc --version
+ grep clang
+ cpp --version
+ grep clang
+ g++ --version
+ grep clang

I: Finished running '/tmp/switch-to-clang'.

Finished processing commands.
────────────────────────────────────────────────────────────────────────────────
Merged Build-Depends: build-essential, fakeroot
Filtered Build-Depends: build-essential, fakeroot
dpkg-deb: building package `sbuild-build-depends-core-dummy' in `/«BUILDDIR»/resolver-KNP5Vm/apt_archive/sbuild-build-depends-core-dummy.deb'.
OK
Reading package lists...

┌──────────────────────────────────────────────────────────────────────────────┐
│ Install core build dependencies (apt-based resolver)                         │
└──────────────────────────────────────────────────────────────────────────────┘

Installing build dependencies
Reading package lists...
Building dependency tree...
Reading state information...
The following NEW packages will be installed:
  sbuild-build-depends-core-dummy
debconf: delaying package configuration, since apt-utils is not installed
0 upgraded, 1 newly installed, 0 to remove and 0 not upgraded.
Need to get 0 B/710 B of archives.
After this operation, 0 B of additional disk space will be used.
Selecting previously unselected package sbuild-build-depends-core-dummy.
(Reading database ... 14662 files and directories currently installed.)
Unpacking sbuild-build-depends-core-dummy (from .../sbuild-build-depends-core-dummy.deb) ...
Setting up sbuild-build-depends-core-dummy (0.invalid.0) ...
Merged Build-Depends: base-files, base-passwd, bash, bsdutils, coreutils, dash, debianutils, diffutils, dpkg, e2fsprogs, findutils, grep, gzip, hostname, libc-bin, login, mount, ncurses-base, ncurses-bin, perl-base, sed, sysvinit, sysvinit-utils, tar, util-linux, libc6-dev | libc-dev, gcc (>= 4:4.4.3), g++ (>= 4:4.4.3), make, dpkg-dev (>= 1.13.5), debhelper (>= 9), libjpeg-dev, libpng-dev, libportmidi-dev, libsdl-image1.2-dev (>= 1.2.0-1.1), libsdl-mixer1.2-dev (>= 1.2.0-1.1), libsdl-ttf2.0-dev (>= 1.2.2-1.1), libsdl1.2-dev (>= 1.2.2-3.1), libsmpeg-dev (>= 0.4.5+cvs20030824-1.3), python-all-dev (>= 2.6.6-3~), python-numpy, sharutils
Filtered Build-Depends: base-files, base-passwd, bash, bsdutils, coreutils, dash, debianutils, diffutils, dpkg, e2fsprogs, findutils, grep, gzip, hostname, libc-bin, login, mount, ncurses-base, ncurses-bin, perl-base, sed, sysvinit, sysvinit-utils, tar, util-linux, libc6-dev, gcc (>= 4:4.4.3), g++ (>= 4:4.4.3), make, dpkg-dev (>= 1.13.5), debhelper (>= 9), libjpeg-dev, libpng-dev, libportmidi-dev, libsdl-image1.2-dev (>= 1.2.0-1.1), libsdl-mixer1.2-dev (>= 1.2.0-1.1), libsdl-ttf2.0-dev (>= 1.2.2-1.1), libsdl1.2-dev (>= 1.2.2-3.1), libsmpeg-dev (>= 0.4.5+cvs20030824-1.3), python-all-dev (>= 2.6.6-3~), python-numpy, sharutils
dpkg-deb: building package `sbuild-build-depends-pygame-dummy' in `/«BUILDDIR»/resolver-_vtT_O/apt_archive/sbuild-build-depends-pygame-dummy.deb'.
OK
Reading package lists...

┌──────────────────────────────────────────────────────────────────────────────┐
│ Install pygame build dependencies (apt-based resolver)                       │
└──────────────────────────────────────────────────────────────────────────────┘

Installing build dependencies
Reading package lists...
Building dependency tree...
Reading state information...
The following extra packages will be installed:
  bsdmainutils debhelper file gettext gettext-base groff-base html2text
  intltool-debian libasound2 libasound2-dev libasprintf-dev libasprintf0c2
  libasyncns0 libavahi-client-dev libavahi-client3 libavahi-common-data
  libavahi-common-dev libavahi-common3 libblas3 libblas3gf libcaca-dev
  libcaca0 libcap2 libcroco3 libdbus-1-3 libdbus-1-dev libdirectfb-1.2-9
  libdirectfb-dev libdirectfb-extra libdrm2 libelf1 libexpat1-dev libflac-dev
  libflac8 libfreetype6 libfreetype6-dev libgettextpo-dev libgettextpo0
  libgfortran3 libgl1-mesa-dev libgl1-mesa-glx libglapi-mesa libglib2.0-0
  libglib2.0-bin libglib2.0-data libglib2.0-dev libglu1-mesa libglu1-mesa-dev
  libice6 libjbig-dev libjbig0 libjpeg8 libjpeg8-dev libjson0 liblapack3
  liblapack3gf libmad0 libmad0-dev libmagic1 libmikmod2 libmikmod2-dev
  libogg-dev libogg0 libpcre3 libpcre3-dev libpcrecpp0 libpipeline1 libpng12-0
  libpng12-dev libpopt0 libportmidi-dev libportmidi0 libpthread-stubs0
  libpthread-stubs0-dev libpulse-dev libpulse-mainloop-glib0 libpulse0
  libpython2.6 libpython2.7 libsdl-image1.2 libsdl-image1.2-dev
  libsdl-mixer1.2 libsdl-mixer1.2-dev libsdl-ttf2.0-0 libsdl-ttf2.0-dev
  libsdl1.2-dev libsdl1.2debian libslang2-dev libsm6 libsmpeg-dev libsmpeg0
  libsndfile1 libssl-dev libtiff4 libtiff4-dev libtiffxx0c2 libts-0.0-0
  libts-dev libunistring0 libvorbis-dev libvorbis0a libvorbisenc2
  libvorbisfile3 libwebp-dev libwebp2 libwrap0 libx11-6 libx11-data libx11-dev
  libx11-xcb1 libxau-dev libxau6 libxcb-glx0 libxcb1 libxcb1-dev libxdamage1
  libxdmcp-dev libxdmcp6 libxext-dev libxext6 libxfixes3 libxi6 libxml2
  libxtst6 libxxf86vm1 man-db mesa-common-dev pkg-config po-debconf python-all
  python-all-dev python-dev python-numpy python-support python2.6
  python2.6-dev python2.6-minimal python2.7-dev sharutils tsconf x11-common
  x11proto-core-dev x11proto-input-dev x11proto-kb-dev x11proto-xext-dev
  xorg-sgml-doctools xtrans-dev zlib1g-dev
Suggested packages:
  wamerican wordlist whois vacation dh-make gettext-doc groff
  libasound2-plugins libasound2-doc libglib2.0-doc pulseaudio-esound-compat
  oss-compat pulseaudio libxcb-doc libxext-doc less www-browser
  libmail-box-perl python-numpy-doc python-numpy-dbg python-nose gfortran
  python2.6-doc binfmt-support bsd-mailx mailx
Recommended packages:
  curl wget lynx-cur autopoint dbus libgl1-mesa-dri shared-mime-info
  libssl-doc tcpd libx11-doc xml-core libmail-sendmail-perl
The following NEW packages will be installed:
  bsdmainutils debhelper file gettext gettext-base groff-base html2text
  intltool-debian libasound2 libasound2-dev libasprintf-dev libasprintf0c2
  libasyncns0 libavahi-client-dev libavahi-client3 libavahi-common-data
  libavahi-common-dev libavahi-common3 libblas3 libblas3gf libcaca-dev
  libcaca0 libcap2 libcroco3 libdbus-1-3 libdbus-1-dev libdirectfb-1.2-9
  libdirectfb-dev libdirectfb-extra libdrm2 libelf1 libexpat1-dev libflac-dev
  libflac8 libfreetype6 libfreetype6-dev libgettextpo-dev libgettextpo0
  libgfortran3 libgl1-mesa-dev libgl1-mesa-glx libglapi-mesa libglib2.0-0
  libglib2.0-bin libglib2.0-data libglib2.0-dev libglu1-mesa libglu1-mesa-dev
  libice6 libjbig-dev libjbig0 libjpeg8 libjpeg8-dev libjson0 liblapack3
  liblapack3gf libmad0 libmad0-dev libmagic1 libmikmod2 libmikmod2-dev
  libogg-dev libogg0 libpcre3 libpcre3-dev libpcrecpp0 libpipeline1 libpng12-0
  libpng12-dev libpopt0 libportmidi-dev libportmidi0 libpthread-stubs0
  libpthread-stubs0-dev libpulse-dev libpulse-mainloop-glib0 libpulse0
  libpython2.6 libpython2.7 libsdl-image1.2 libsdl-image1.2-dev
  libsdl-mixer1.2 libsdl-mixer1.2-dev libsdl-ttf2.0-0 libsdl-ttf2.0-dev
  libsdl1.2-dev libsdl1.2debian libslang2-dev libsm6 libsmpeg-dev libsmpeg0
  libsndfile1 libssl-dev libtiff4 libtiff4-dev libtiffxx0c2 libts-0.0-0
  libts-dev libunistring0 libvorbis-dev libvorbis0a libvorbisenc2
  libvorbisfile3 libwebp-dev libwebp2 libwrap0 libx11-6 libx11-data libx11-dev
  libx11-xcb1 libxau-dev libxau6 libxcb-glx0 libxcb1 libxcb1-dev libxdamage1
  libxdmcp-dev libxdmcp6 libxext-dev libxext6 libxfixes3 libxi6 libxml2
  libxtst6 libxxf86vm1 man-db mesa-common-dev pkg-config po-debconf python-all
  python-all-dev python-dev python-numpy python-support python2.6
  python2.6-dev python2.6-minimal python2.7-dev
  sbuild-build-depends-pygame-dummy sharutils tsconf x11-common
  x11proto-core-dev x11proto-input-dev x11proto-kb-dev x11proto-xext-dev
  xorg-sgml-doctools xtrans-dev zlib1g-dev
0 upgraded, 149 newly installed, 0 to remove and 0 not upgraded.
Need to get 78.1 MB/78.1 MB of archives.
After this operation, 204 MB of additional disk space will be used.
Get:1 http://localhost/debian/ unstable/main libpipeline1 amd64 1.2.2-1 [39.9 kB]
Get:2 http://localhost/debian/ unstable/main libpopt0 amd64 1.16-7 [56.4 kB]
Get:3 http://localhost/debian/ unstable/main groff-base amd64 1.22.1-2 [741 kB]
Get:4 http://localhost/debian/ unstable/main bsdmainutils amd64 9.0.4 [210 kB]
Get:5 http://localhost/debian/ unstable/main man-db amd64 2.6.3-3 [898 kB]
Get:6 http://localhost/debian/ unstable/main libasprintf0c2 amd64 0.18.1.1-10 [27.2 kB]
Get:7 http://localhost/debian/ unstable/main libcap2 amd64 1:2.22-1.2 [13.6 kB]
Get:8 http://localhost/debian/ unstable/main libmagic1 amd64 5.11-2 [202 kB]
Get:9 http://localhost/debian/ unstable/main libpcre3 amd64 1:8.31-2 [247 kB]
Get:10 http://localhost/debian/ unstable/main libwrap0 amd64 7.6.q-24 [62.4 kB]
Get:11 http://localhost/debian/ unstable/main libxml2 amd64 2.8.0+dfsg1-7 [903 kB]
Get:12 http://localhost/debian/ unstable/main libasound2 amd64 1.0.25-4 [461 kB]
Get:13 http://localhost/debian/ unstable/main libasyncns0 amd64 0.8-4 [13.6 kB]
Get:14 http://localhost/debian/ unstable/main libavahi-common-data amd64 0.6.31-1 [134 kB]
Get:15 http://localhost/debian/ unstable/main libavahi-common3 amd64 0.6.31-1 [54.3 kB]
Get:16 http://localhost/debian/ unstable/main libdbus-1-3 amd64 1.6.8-1 [173 kB]
Get:17 http://localhost/debian/ unstable/main libavahi-client3 amd64 0.6.31-1 [59.1 kB]
Get:18 http://localhost/debian/ unstable/main libcaca0 amd64 0.99.beta18-1 [395 kB]
Get:19 http://localhost/debian/ unstable/main libglib2.0-0 amd64 2.33.12+really2.32.4-5 [1838 kB]
Get:20 http://localhost/debian/ unstable/main libcroco3 amd64 0.6.6-2 [134 kB]
Get:21 http://localhost/debian/ unstable/main tsconf all 1.0-11 [13.4 kB]
Get:22 http://localhost/debian/ unstable/main libts-0.0-0 amd64 1.0-11 [29.9 kB]
Get:23 http://localhost/debian/ unstable/main libdirectfb-1.2-9 amd64 1.2.10.0-5 [1203 kB]
Get:24 http://localhost/debian/ unstable/main libfreetype6 amd64 2.4.9-1.1 [451 kB]
Get:25 http://localhost/debian/ unstable/main libjpeg8 amd64 8d-1 [134 kB]
Get:26 http://localhost/debian/ unstable/main libpng12-0 amd64 1.2.49-3 [190 kB]
Get:27 http://localhost/debian/ unstable/main libxau6 amd64 1:1.0.7-1 [18.8 kB]
Get:28 http://localhost/debian/ unstable/main libxdmcp6 amd64 1:1.1.1-1 [26.3 kB]
Get:29 http://localhost/debian/ unstable/main libxcb1 amd64 1.8.1-2 [50.1 kB]
Get:30 http://localhost/debian/ unstable/main libx11-data all 2:1.5.0-1 [189 kB]
Get:31 http://localhost/debian/ unstable/main libx11-6 amd64 2:1.5.0-1 [901 kB]
Get:32 http://localhost/debian/ unstable/main libxext6 amd64 2:1.3.1-2 [55.3 kB]
Get:33 http://localhost/debian/ unstable/main libdirectfb-extra amd64 1.2.10.0-5 [36.9 kB]
Get:34 http://localhost/debian/ unstable/main libdrm2 amd64 2.4.40-1~deb7u2 [459 kB]
Get:35 http://localhost/debian/ unstable/main libelf1 amd64 0.153-2 [304 kB]
Get:36 http://localhost/debian/ unstable/main libogg0 amd64 1.3.0-4 [20.6 kB]
Get:37 http://localhost/debian/ unstable/main libflac8 amd64 1.2.1-6 [154 kB]
Get:38 http://localhost/debian/ unstable/main libunistring0 amd64 0.9.3-5 [434 kB]
Get:39 http://localhost/debian/ unstable/main libgettextpo0 amd64 0.18.1.1-10 [145 kB]
Get:40 http://localhost/debian/ unstable/main libgfortran3 amd64 4.7.2-5 [351 kB]
Get:41 http://localhost/debian/ unstable/main libglapi-mesa amd64 8.0.5-3 [46.6 kB]
Get:42 http://localhost/debian/ unstable/main libx11-xcb1 amd64 2:1.5.0-1 [139 kB]
Get:43 http://localhost/debian/ unstable/main libxcb-glx0 amd64 1.8.1-2 [32.1 kB]
Get:44 http://localhost/debian/ unstable/main libxfixes3 amd64 1:5.0-4 [21.5 kB]
Get:45 http://localhost/debian/ unstable/main libxdamage1 amd64 1:1.1.3-2 [14.3 kB]
Get:46 http://localhost/debian/ unstable/main libxxf86vm1 amd64 1:1.1.2-1 [19.0 kB]
Get:47 http://localhost/debian/ unstable/main libgl1-mesa-glx amd64 8.0.5-3 [134 kB]
Get:48 http://localhost/debian/ unstable/main libglib2.0-data all 2.33.12+really2.32.4-5 [1607 kB]
Get:49 http://localhost/debian/ unstable/main libglib2.0-bin amd64 2.33.12+really2.32.4-5 [868 kB]
Get:50 http://localhost/debian/ unstable/main libglu1-mesa amd64 8.0.5-3 [190 kB]
Get:51 http://localhost/debian/ unstable/main x11-common all 1:7.7+1 [278 kB]
Get:52 http://localhost/debian/ unstable/main libice6 amd64 2:1.0.8-2 [63.1 kB]
Get:53 http://localhost/debian/ unstable/main libmikmod2 amd64 3.1.12-5 [171 kB]
Get:54 http://localhost/debian/ unstable/main libpcrecpp0 amd64 1:8.31-2 [128 kB]
Get:55 http://localhost/debian/ unstable/main libjson0 amd64 0.10-1.2 [24.2 kB]
Get:56 http://localhost/debian/ unstable/main libsm6 amd64 2:1.2.1-2 [34.2 kB]
Get:57 http://localhost/debian/ unstable/main libvorbis0a amd64 1.3.2-1.3 [109 kB]
Get:58 http://localhost/debian/ unstable/main libvorbisenc2 amd64 1.3.2-1.3 [143 kB]
Get:59 http://localhost/debian/ unstable/main libsndfile1 amd64 1.0.25-5 [240 kB]
Get:60 http://localhost/debian/ unstable/main libxi6 amd64 2:1.6.1-1 [75.0 kB]
Get:61 http://localhost/debian/ unstable/main libxtst6 amd64 2:1.2.1-1 [26.6 kB]
Get:62 http://localhost/debian/ unstable/main libpulse0 amd64 2.0-6 [231 kB]
Get:63 http://localhost/debian/ unstable/main libpulse-mainloop-glib0 amd64 2.0-6 [23.6 kB]
Get:64 http://localhost/debian/ unstable/main libsdl1.2debian amd64 1.2.15-5 [220 kB]
Get:65 http://localhost/debian/ unstable/main libjbig0 amd64 2.0-2 [32.2 kB]
Get:66 http://localhost/debian/ unstable/main libtiff4 amd64 3.9.6-11 [202 kB]
Get:67 http://localhost/debian/ unstable/main libwebp2 amd64 0.1.3-3 [115 kB]
Get:68 http://localhost/debian/ unstable/main libsdl-image1.2 amd64 1.2.12-2 [37.6 kB]
Get:69 http://localhost/debian/ unstable/main libmad0 amd64 0.15.1b-7 [78.5 kB]
Get:70 http://localhost/debian/ unstable/main libvorbisfile3 amd64 1.3.2-1.3 [24.9 kB]
Get:71 http://localhost/debian/ unstable/main libsdl-mixer1.2 amd64 1.2.12-3 [93.8 kB]
Get:72 http://localhost/debian/ unstable/main libsdl-ttf2.0-0 amd64 2.0.11-2 [20.4 kB]
Get:73 http://localhost/debian/ unstable/main libsmpeg0 amd64 0.4.5+cvs20030824-4 [106 kB]
Get:74 http://localhost/debian/ unstable/main libtiffxx0c2 amd64 3.9.6-11 [63.4 kB]
Get:75 http://localhost/debian/ unstable/main libjbig-dev amd64 2.0-2 [11.3 kB]
Get:76 http://localhost/debian/ unstable/main file amd64 5.11-2 [51.8 kB]
Get:77 http://localhost/debian/ unstable/main gettext-base amd64 0.18.1.1-10 [154 kB]
Get:78 http://localhost/debian/ unstable/main python-support all 1.0.15 [33.6 kB]
Get:79 http://localhost/debian/ unstable/main python2.6-minimal amd64 2.6.8-1.1 [1547 kB]
Get:80 http://localhost/debian/ unstable/main html2text amd64 1.3.2a-15 [103 kB]
Get:81 http://localhost/debian/ unstable/main libasprintf-dev amd64 0.18.1.1-10 [26.8 kB]
Get:82 http://localhost/debian/ unstable/main libgettextpo-dev amd64 0.18.1.1-10 [184 kB]
Get:83 http://localhost/debian/ unstable/main gettext amd64 0.18.1.1-10 [1815 kB]
Get:84 http://localhost/debian/ unstable/main intltool-debian all 0.35.0+20060710.1 [30.8 kB]
Get:85 http://localhost/debian/ unstable/main po-debconf all 1.0.16+nmu2 [224 kB]
Get:86 http://localhost/debian/ unstable/main debhelper all 9.20120909 [705 kB]
Get:87 http://localhost/debian/ unstable/main libasound2-dev amd64 1.0.25-4 [70.3 kB]
Get:88 http://localhost/debian/ unstable/main libavahi-common-dev amd64 0.6.31-1 [72.0 kB]
Get:89 http://localhost/debian/ unstable/main pkg-config amd64 0.26-1 [59.5 kB]
Get:90 http://localhost/debian/ unstable/main libdbus-1-dev amd64 1.6.8-1 [246 kB]
Get:91 http://localhost/debian/ unstable/main libavahi-client-dev amd64 0.6.31-1 [66.3 kB]
Get:92 http://localhost/debian/ unstable/main libblas3 amd64 1.2.20110419-5 [293 kB]
Get:93 http://localhost/debian/ unstable/main libblas3gf all 1.2.20110419-5 [8090 B]
Get:94 http://localhost/debian/ unstable/main zlib1g-dev amd64 1:1.2.7.dfsg-13 [215 kB]
Get:95 http://localhost/debian/ unstable/main libpng12-dev amd64 1.2.49-3 [267 kB]
Get:96 http://localhost/debian/ unstable/main libslang2-dev amd64 2.2.4-15 [595 kB]
Get:97 http://localhost/debian/ unstable/main libcaca-dev amd64 0.99.beta18-1 [1005 kB]
Get:98 http://localhost/debian/ unstable/main libfreetype6-dev amd64 2.4.9-1.1 [805 kB]
Get:99 http://localhost/debian/ unstable/main libjpeg8-dev amd64 8d-1 [242 kB]
Get:100 http://localhost/debian/ unstable/main xorg-sgml-doctools all 1:1.10-1 [24.1 kB]
Get:101 http://localhost/debian/ unstable/main x11proto-core-dev all 7.0.23-1 [774 kB]
Get:102 http://localhost/debian/ unstable/main libxau-dev amd64 1:1.0.7-1 [21.7 kB]
Get:103 http://localhost/debian/ unstable/main libxdmcp-dev amd64 1:1.1.1-1 [42.3 kB]
Get:104 http://localhost/debian/ unstable/main x11proto-input-dev all 2.2-1 [172 kB]
Get:105 http://localhost/debian/ unstable/main x11proto-kb-dev all 1.0.6-2 [269 kB]
Get:106 http://localhost/debian/ unstable/main xtrans-dev all 1.2.7-1 [112 kB]
Get:107 http://localhost/debian/ unstable/main libpthread-stubs0 amd64 0.3-3 [3228 B]
Get:108 http://localhost/debian/ unstable/main libpthread-stubs0-dev amd64 0.3-3 [3998 B]
Get:109 http://localhost/debian/ unstable/main libxcb1-dev amd64 1.8.1-2 [88.1 kB]
Get:110 http://localhost/debian/ unstable/main libx11-dev amd64 2:1.5.0-1 [1037 kB]
Get:111 http://localhost/debian/ unstable/main x11proto-xext-dev all 7.2.1-1 [273 kB]
Get:112 http://localhost/debian/ unstable/main libxext-dev amd64 2:1.3.1-2 [115 kB]
Get:113 http://localhost/debian/ unstable/main libdirectfb-dev amd64 1.2.10.0-5 [928 kB]
Get:114 http://localhost/debian/ unstable/main libexpat1-dev amd64 2.1.0-1 [229 kB]
Get:115 http://localhost/debian/ unstable/main libogg-dev amd64 1.3.0-4 [94.4 kB]
Get:116 http://localhost/debian/ unstable/main libflac-dev amd64 1.2.1-6 [227 kB]
Get:117 http://localhost/debian/ unstable/main mesa-common-dev amd64 8.0.5-3 [277 kB]
Get:118 http://localhost/debian/ unstable/main libgl1-mesa-dev amd64 8.0.5-3 [32.5 kB]
Get:119 http://localhost/debian/ unstable/main libpcre3-dev amd64 1:8.31-2 [356 kB]
Get:120 http://localhost/debian/ unstable/main libglib2.0-dev amd64 2.33.12+really2.32.4-5 [2051 kB]
Get:121 http://localhost/debian/ unstable/main libglu1-mesa-dev amd64 8.0.5-3 [226 kB]
Get:122 http://localhost/debian/ unstable/main liblapack3 amd64 3.4.1-6 [5036 kB]
Get:123 http://localhost/debian/ unstable/main liblapack3gf all 3.4.1-6 [10.2 kB]
Get:124 http://localhost/debian/ unstable/main libmad0-dev amd64 0.15.1b-7 [91.1 kB]
Get:125 http://localhost/debian/ unstable/main libmikmod2-dev amd64 3.1.12-5 [277 kB]
Get:126 http://localhost/debian/ unstable/main libportmidi0 amd64 1:184-2.1 [25.1 kB]
Get:127 http://localhost/debian/ unstable/main libportmidi-dev amd64 1:184-2.1 [68.5 kB]
Get:128 http://localhost/debian/ unstable/main libpulse-dev amd64 2.0-6 [78.5 kB]
Get:129 http://localhost/debian/ unstable/main python2.6 amd64 2.6.8-1.1 [2509 kB]
Get:130 http://localhost/debian/ unstable/main libpython2.6 amd64 2.6.8-1.1 [1104 kB]
Get:131 http://localhost/debian/ unstable/main libpython2.7 amd64 2.7.3-6 [1208 kB]
Get:132 http://localhost/debian/ unstable/main libts-dev amd64 1.0-11 [11.7 kB]
Get:133 http://localhost/debian/ unstable/main libsdl1.2-dev amd64 1.2.15-5 [905 kB]
Get:134 http://localhost/debian/ unstable/main libtiff4-dev amd64 3.9.6-11 [337 kB]
Get:135 http://localhost/debian/ unstable/main libwebp-dev amd64 0.1.3-3 [151 kB]
Get:136 http://localhost/debian/ unstable/main libsdl-image1.2-dev amd64 1.2.12-2 [43.6 kB]
Get:137 http://localhost/debian/ unstable/main libvorbis-dev amd64 1.3.2-1.3 [476 kB]
Get:138 http://localhost/debian/ unstable/main libsdl-mixer1.2-dev amd64 1.2.12-3 [128 kB]
Get:139 http://localhost/debian/ unstable/main libsdl-ttf2.0-dev amd64 2.0.11-2 [29.1 kB]
Get:140 http://localhost/debian/ unstable/main libsmpeg-dev amd64 0.4.5+cvs20030824-4 [132 kB]
Get:141 http://localhost/debian/ unstable/main libssl-dev amd64 1.0.1c-4 [1698 kB]
Get:142 http://localhost/debian/ unstable/main python-all all 2.7.3-3 [876 B]
Get:143 http://localhost/debian/ unstable/main python2.7-dev amd64 2.7.3-6 [22.8 MB]
Get:144 http://localhost/debian/ unstable/main python-dev all 2.7.3-3 [916 B]
Get:145 http://localhost/debian/ unstable/main python2.6-dev amd64 2.6.8-1.1 [4577 kB]
Get:146 http://localhost/debian/ unstable/main python-all-dev all 2.7.3-3 [894 B]
Get:147 http://localhost/debian/ unstable/main python-numpy amd64 1:1.6.2-1 [2631 kB]
Get:148 http://localhost/debian/ unstable/main sharutils amd64 1:4.11.1-1 [195 kB]
debconf: delaying package configuration, since apt-utils is not installed
Fetched 78.1 MB in 3s (22.0 MB/s)
Selecting previously unselected package libpipeline1:amd64.
(Reading database ... 14662 files and directories currently installed.)
Unpacking libpipeline1:amd64 (from .../libpipeline1_1.2.2-1_amd64.deb) ...
Selecting previously unselected package libpopt0:amd64.
Unpacking libpopt0:amd64 (from .../libpopt0_1.16-7_amd64.deb) ...
Selecting previously unselected package groff-base.
Unpacking groff-base (from .../groff-base_1.22.1-2_amd64.deb) ...
Selecting previously unselected package bsdmainutils.
Unpacking bsdmainutils (from .../bsdmainutils_9.0.4_amd64.deb) ...
Selecting previously unselected package man-db.
Unpacking man-db (from .../man-db_2.6.3-3_amd64.deb) ...
Selecting previously unselected package libasprintf0c2:amd64.
Unpacking libasprintf0c2:amd64 (from .../libasprintf0c2_0.18.1.1-10_amd64.deb) ...
Selecting previously unselected package libcap2:amd64.
Unpacking libcap2:amd64 (from .../libcap2_1%3a2.22-1.2_amd64.deb) ...
Selecting previously unselected package libmagic1:amd64.
Unpacking libmagic1:amd64 (from .../libmagic1_5.11-2_amd64.deb) ...
Selecting previously unselected package libpcre3:amd64.
Unpacking libpcre3:amd64 (from .../libpcre3_1%3a8.31-2_amd64.deb) ...
Selecting previously unselected package libwrap0:amd64.
Unpacking libwrap0:amd64 (from .../libwrap0_7.6.q-24_amd64.deb) ...
Selecting previously unselected package libxml2:amd64.
Unpacking libxml2:amd64 (from .../libxml2_2.8.0+dfsg1-7_amd64.deb) ...
Selecting previously unselected package libasound2:amd64.
Unpacking libasound2:amd64 (from .../libasound2_1.0.25-4_amd64.deb) ...
Selecting previously unselected package libasyncns0:amd64.
Unpacking libasyncns0:amd64 (from .../libasyncns0_0.8-4_amd64.deb) ...
Selecting previously unselected package libavahi-common-data:amd64.
Unpacking libavahi-common-data:amd64 (from .../libavahi-common-data_0.6.31-1_amd64.deb) ...
Selecting previously unselected package libavahi-common3:amd64.
Unpacking libavahi-common3:amd64 (from .../libavahi-common3_0.6.31-1_amd64.deb) ...
Selecting previously unselected package libdbus-1-3:amd64.
Unpacking libdbus-1-3:amd64 (from .../libdbus-1-3_1.6.8-1_amd64.deb) ...
Selecting previously unselected package libavahi-client3:amd64.
Unpacking libavahi-client3:amd64 (from .../libavahi-client3_0.6.31-1_amd64.deb) ...
Selecting previously unselected package libcaca0:amd64.
Unpacking libcaca0:amd64 (from .../libcaca0_0.99.beta18-1_amd64.deb) ...
Selecting previously unselected package libglib2.0-0:amd64.
Unpacking libglib2.0-0:amd64 (from .../libglib2.0-0_2.33.12+really2.32.4-5_amd64.deb) ...
Selecting previously unselected package libcroco3:amd64.
Unpacking libcroco3:amd64 (from .../libcroco3_0.6.6-2_amd64.deb) ...
Selecting previously unselected package tsconf.
Unpacking tsconf (from .../archives/tsconf_1.0-11_all.deb) ...
Selecting previously unselected package libts-0.0-0:amd64.
Unpacking libts-0.0-0:amd64 (from .../libts-0.0-0_1.0-11_amd64.deb) ...
Selecting previously unselected package libdirectfb-1.2-9:amd64.
Unpacking libdirectfb-1.2-9:amd64 (from .../libdirectfb-1.2-9_1.2.10.0-5_amd64.deb) ...
Selecting previously unselected package libfreetype6:amd64.
Unpacking libfreetype6:amd64 (from .../libfreetype6_2.4.9-1.1_amd64.deb) ...
Selecting previously unselected package libjpeg8:amd64.
Unpacking libjpeg8:amd64 (from .../libjpeg8_8d-1_amd64.deb) ...
Selecting previously unselected package libpng12-0:amd64.
Unpacking libpng12-0:amd64 (from .../libpng12-0_1.2.49-3_amd64.deb) ...
Selecting previously unselected package libxau6:amd64.
Unpacking libxau6:amd64 (from .../libxau6_1%3a1.0.7-1_amd64.deb) ...
Selecting previously unselected package libxdmcp6:amd64.
Unpacking libxdmcp6:amd64 (from .../libxdmcp6_1%3a1.1.1-1_amd64.deb) ...
Selecting previously unselected package libxcb1:amd64.
Unpacking libxcb1:amd64 (from .../libxcb1_1.8.1-2_amd64.deb) ...
Selecting previously unselected package libx11-data.
Unpacking libx11-data (from .../libx11-data_2%3a1.5.0-1_all.deb) ...
Selecting previously unselected package libx11-6:amd64.
Unpacking libx11-6:amd64 (from .../libx11-6_2%3a1.5.0-1_amd64.deb) ...
Selecting previously unselected package libxext6:amd64.
Unpacking libxext6:amd64 (from .../libxext6_2%3a1.3.1-2_amd64.deb) ...
Selecting previously unselected package libdirectfb-extra:amd64.
Unpacking libdirectfb-extra:amd64 (from .../libdirectfb-extra_1.2.10.0-5_amd64.deb) ...
Selecting previously unselected package libdrm2:amd64.
Unpacking libdrm2:amd64 (from .../libdrm2_2.4.40-1~deb7u2_amd64.deb) ...
Selecting previously unselected package libelf1:amd64.
Unpacking libelf1:amd64 (from .../libelf1_0.153-2_amd64.deb) ...
Selecting previously unselected package libogg0:amd64.
Unpacking libogg0:amd64 (from .../libogg0_1.3.0-4_amd64.deb) ...
Selecting previously unselected package libflac8:amd64.
Unpacking libflac8:amd64 (from .../libflac8_1.2.1-6_amd64.deb) ...
Selecting previously unselected package libunistring0:amd64.
Unpacking libunistring0:amd64 (from .../libunistring0_0.9.3-5_amd64.deb) ...
Selecting previously unselected package libgettextpo0:amd64.
Unpacking libgettextpo0:amd64 (from .../libgettextpo0_0.18.1.1-10_amd64.deb) ...
Selecting previously unselected package libgfortran3:amd64.
Unpacking libgfortran3:amd64 (from .../libgfortran3_4.7.2-5_amd64.deb) ...
Selecting previously unselected package libglapi-mesa:amd64.
Unpacking libglapi-mesa:amd64 (from .../libglapi-mesa_8.0.5-3_amd64.deb) ...
Selecting previously unselected package libx11-xcb1:amd64.
Unpacking libx11-xcb1:amd64 (from .../libx11-xcb1_2%3a1.5.0-1_amd64.deb) ...
Selecting previously unselected package libxcb-glx0:amd64.
Unpacking libxcb-glx0:amd64 (from .../libxcb-glx0_1.8.1-2_amd64.deb) ...
Selecting previously unselected package libxfixes3:amd64.
Unpacking libxfixes3:amd64 (from .../libxfixes3_1%3a5.0-4_amd64.deb) ...
Selecting previously unselected package libxdamage1:amd64.
Unpacking libxdamage1:amd64 (from .../libxdamage1_1%3a1.1.3-2_amd64.deb) ...
Selecting previously unselected package libxxf86vm1:amd64.
Unpacking libxxf86vm1:amd64 (from .../libxxf86vm1_1%3a1.1.2-1_amd64.deb) ...
Selecting previously unselected package libgl1-mesa-glx:amd64.
Unpacking libgl1-mesa-glx:amd64 (from .../libgl1-mesa-glx_8.0.5-3_amd64.deb) ...
Selecting previously unselected package libglib2.0-data.
Unpacking libglib2.0-data (from .../libglib2.0-data_2.33.12+really2.32.4-5_all.deb) ...
Selecting previously unselected package libglib2.0-bin.
Unpacking libglib2.0-bin (from .../libglib2.0-bin_2.33.12+really2.32.4-5_amd64.deb) ...
Selecting previously unselected package libglu1-mesa:amd64.
Unpacking libglu1-mesa:amd64 (from .../libglu1-mesa_8.0.5-3_amd64.deb) ...
Selecting previously unselected package x11-common.
Unpacking x11-common (from .../x11-common_1%3a7.7+1_all.deb) ...
Selecting previously unselected package libice6:amd64.
Unpacking libice6:amd64 (from .../libice6_2%3a1.0.8-2_amd64.deb) ...
Selecting previously unselected package libmikmod2:amd64.
Unpacking libmikmod2:amd64 (from .../libmikmod2_3.1.12-5_amd64.deb) ...
Selecting previously unselected package libpcrecpp0:amd64.
Unpacking libpcrecpp0:amd64 (from .../libpcrecpp0_1%3a8.31-2_amd64.deb) ...
Selecting previously unselected package libjson0:amd64.
Unpacking libjson0:amd64 (from .../libjson0_0.10-1.2_amd64.deb) ...
Selecting previously unselected package libsm6:amd64.
Unpacking libsm6:amd64 (from .../libsm6_2%3a1.2.1-2_amd64.deb) ...
Selecting previously unselected package libvorbis0a:amd64.
Unpacking libvorbis0a:amd64 (from .../libvorbis0a_1.3.2-1.3_amd64.deb) ...
Selecting previously unselected package libvorbisenc2:amd64.
Unpacking libvorbisenc2:amd64 (from .../libvorbisenc2_1.3.2-1.3_amd64.deb) ...
Selecting previously unselected package libsndfile1:amd64.
Unpacking libsndfile1:amd64 (from .../libsndfile1_1.0.25-5_amd64.deb) ...
Selecting previously unselected package libxi6:amd64.
Unpacking libxi6:amd64 (from .../libxi6_2%3a1.6.1-1_amd64.deb) ...
Selecting previously unselected package libxtst6:amd64.
Unpacking libxtst6:amd64 (from .../libxtst6_2%3a1.2.1-1_amd64.deb) ...
Selecting previously unselected package libpulse0:amd64.
Unpacking libpulse0:amd64 (from .../libpulse0_2.0-6_amd64.deb) ...
Selecting previously unselected package libpulse-mainloop-glib0:amd64.
Unpacking libpulse-mainloop-glib0:amd64 (from .../libpulse-mainloop-glib0_2.0-6_amd64.deb) ...
Selecting previously unselected package libsdl1.2debian:amd64.
Unpacking libsdl1.2debian:amd64 (from .../libsdl1.2debian_1.2.15-5_amd64.deb) ...
Selecting previously unselected package libjbig0:amd64.
Unpacking libjbig0:amd64 (from .../libjbig0_2.0-2_amd64.deb) ...
Selecting previously unselected package libtiff4:amd64.
Unpacking libtiff4:amd64 (from .../libtiff4_3.9.6-11_amd64.deb) ...
Selecting previously unselected package libwebp2:amd64.
Unpacking libwebp2:amd64 (from .../libwebp2_0.1.3-3_amd64.deb) ...
Selecting previously unselected package libsdl-image1.2:amd64.
Unpacking libsdl-image1.2:amd64 (from .../libsdl-image1.2_1.2.12-2_amd64.deb) ...
Selecting previously unselected package libmad0.
Unpacking libmad0 (from .../libmad0_0.15.1b-7_amd64.deb) ...
Selecting previously unselected package libvorbisfile3:amd64.
Unpacking libvorbisfile3:amd64 (from .../libvorbisfile3_1.3.2-1.3_amd64.deb) ...
Selecting previously unselected package libsdl-mixer1.2:amd64.
Unpacking libsdl-mixer1.2:amd64 (from .../libsdl-mixer1.2_1.2.12-3_amd64.deb) ...
Selecting previously unselected package libsdl-ttf2.0-0:amd64.
Unpacking libsdl-ttf2.0-0:amd64 (from .../libsdl-ttf2.0-0_2.0.11-2_amd64.deb) ...
Selecting previously unselected package libsmpeg0:amd64.
Unpacking libsmpeg0:amd64 (from .../libsmpeg0_0.4.5+cvs20030824-4_amd64.deb) ...
Selecting previously unselected package libtiffxx0c2:amd64.
Unpacking libtiffxx0c2:amd64 (from .../libtiffxx0c2_3.9.6-11_amd64.deb) ...
Selecting previously unselected package libjbig-dev:amd64.
Unpacking libjbig-dev:amd64 (from .../libjbig-dev_2.0-2_amd64.deb) ...
Selecting previously unselected package file.
Unpacking file (from .../archives/file_5.11-2_amd64.deb) ...
Selecting previously unselected package gettext-base.
Unpacking gettext-base (from .../gettext-base_0.18.1.1-10_amd64.deb) ...
Selecting previously unselected package python-support.
Unpacking python-support (from .../python-support_1.0.15_all.deb) ...
Selecting previously unselected package python2.6-minimal.
Unpacking python2.6-minimal (from .../python2.6-minimal_2.6.8-1.1_amd64.deb) ...
Selecting previously unselected package html2text.
Unpacking html2text (from .../html2text_1.3.2a-15_amd64.deb) ...
Selecting previously unselected package libasprintf-dev:amd64.
Unpacking libasprintf-dev:amd64 (from .../libasprintf-dev_0.18.1.1-10_amd64.deb) ...
Selecting previously unselected package libgettextpo-dev:amd64.
Unpacking libgettextpo-dev:amd64 (from .../libgettextpo-dev_0.18.1.1-10_amd64.deb) ...
Selecting previously unselected package gettext.
Unpacking gettext (from .../gettext_0.18.1.1-10_amd64.deb) ...
Selecting previously unselected package intltool-debian.
Unpacking intltool-debian (from .../intltool-debian_0.35.0+20060710.1_all.deb) ...
Selecting previously unselected package po-debconf.
Unpacking po-debconf (from .../po-debconf_1.0.16+nmu2_all.deb) ...
Selecting previously unselected package debhelper.
Unpacking debhelper (from .../debhelper_9.20120909_all.deb) ...
Selecting previously unselected package libasound2-dev:amd64.
Unpacking libasound2-dev:amd64 (from .../libasound2-dev_1.0.25-4_amd64.deb) ...
Selecting previously unselected package libavahi-common-dev.
Unpacking libavahi-common-dev (from .../libavahi-common-dev_0.6.31-1_amd64.deb) ...
Selecting previously unselected package pkg-config.
Unpacking pkg-config (from .../pkg-config_0.26-1_amd64.deb) ...
Selecting previously unselected package libdbus-1-dev.
Unpacking libdbus-1-dev (from .../libdbus-1-dev_1.6.8-1_amd64.deb) ...
Selecting previously unselected package libavahi-client-dev.
Unpacking libavahi-client-dev (from .../libavahi-client-dev_0.6.31-1_amd64.deb) ...
Selecting previously unselected package libblas3.
Unpacking libblas3 (from .../libblas3_1.2.20110419-5_amd64.deb) ...
Selecting previously unselected package libblas3gf.
Unpacking libblas3gf (from .../libblas3gf_1.2.20110419-5_all.deb) ...
Selecting previously unselected package zlib1g-dev:amd64.
Unpacking zlib1g-dev:amd64 (from .../zlib1g-dev_1%3a1.2.7.dfsg-13_amd64.deb) ...
Selecting previously unselected package libpng12-dev.
Unpacking libpng12-dev (from .../libpng12-dev_1.2.49-3_amd64.deb) ...
Selecting previously unselected package libslang2-dev:amd64.
Unpacking libslang2-dev:amd64 (from .../libslang2-dev_2.2.4-15_amd64.deb) ...
Selecting previously unselected package libcaca-dev.
Unpacking libcaca-dev (from .../libcaca-dev_0.99.beta18-1_amd64.deb) ...
Selecting previously unselected package libfreetype6-dev.
Unpacking libfreetype6-dev (from .../libfreetype6-dev_2.4.9-1.1_amd64.deb) ...
Selecting previously unselected package libjpeg8-dev:amd64.
Unpacking libjpeg8-dev:amd64 (from .../libjpeg8-dev_8d-1_amd64.deb) ...
Selecting previously unselected package xorg-sgml-doctools.
Unpacking xorg-sgml-doctools (from .../xorg-sgml-doctools_1%3a1.10-1_all.deb) ...
Selecting previously unselected package x11proto-core-dev.
Unpacking x11proto-core-dev (from .../x11proto-core-dev_7.0.23-1_all.deb) ...
Selecting previously unselected package libxau-dev:amd64.
Unpacking libxau-dev:amd64 (from .../libxau-dev_1%3a1.0.7-1_amd64.deb) ...
Selecting previously unselected package libxdmcp-dev:amd64.
Unpacking libxdmcp-dev:amd64 (from .../libxdmcp-dev_1%3a1.1.1-1_amd64.deb) ...
Selecting previously unselected package x11proto-input-dev.
Unpacking x11proto-input-dev (from .../x11proto-input-dev_2.2-1_all.deb) ...
Selecting previously unselected package x11proto-kb-dev.
Unpacking x11proto-kb-dev (from .../x11proto-kb-dev_1.0.6-2_all.deb) ...
Selecting previously unselected package xtrans-dev.
Unpacking xtrans-dev (from .../xtrans-dev_1.2.7-1_all.deb) ...
Selecting previously unselected package libpthread-stubs0:amd64.
Unpacking libpthread-stubs0:amd64 (from .../libpthread-stubs0_0.3-3_amd64.deb) ...
Selecting previously unselected package libpthread-stubs0-dev:amd64.
Unpacking libpthread-stubs0-dev:amd64 (from .../libpthread-stubs0-dev_0.3-3_amd64.deb) ...
Selecting previously unselected package libxcb1-dev:amd64.
Unpacking libxcb1-dev:amd64 (from .../libxcb1-dev_1.8.1-2_amd64.deb) ...
Selecting previously unselected package libx11-dev:amd64.
Unpacking libx11-dev:amd64 (from .../libx11-dev_2%3a1.5.0-1_amd64.deb) ...
Selecting previously unselected package x11proto-xext-dev.
Unpacking x11proto-xext-dev (from .../x11proto-xext-dev_7.2.1-1_all.deb) ...
Selecting previously unselected package libxext-dev:amd64.
Unpacking libxext-dev:amd64 (from .../libxext-dev_2%3a1.3.1-2_amd64.deb) ...
Selecting previously unselected package libdirectfb-dev.
Unpacking libdirectfb-dev (from .../libdirectfb-dev_1.2.10.0-5_amd64.deb) ...
Selecting previously unselected package libexpat1-dev.
Unpacking libexpat1-dev (from .../libexpat1-dev_2.1.0-1_amd64.deb) ...
Selecting previously unselected package libogg-dev:amd64.
Unpacking libogg-dev:amd64 (from .../libogg-dev_1.3.0-4_amd64.deb) ...
Selecting previously unselected package libflac-dev:amd64.
Unpacking libflac-dev:amd64 (from .../libflac-dev_1.2.1-6_amd64.deb) ...
Selecting previously unselected package mesa-common-dev.
Unpacking mesa-common-dev (from .../mesa-common-dev_8.0.5-3_amd64.deb) ...
Selecting previously unselected package libgl1-mesa-dev.
Unpacking libgl1-mesa-dev (from .../libgl1-mesa-dev_8.0.5-3_amd64.deb) ...
Selecting previously unselected package libpcre3-dev:amd64.
Unpacking libpcre3-dev:amd64 (from .../libpcre3-dev_1%3a8.31-2_amd64.deb) ...
Selecting previously unselected package libglib2.0-dev.
Unpacking libglib2.0-dev (from .../libglib2.0-dev_2.33.12+really2.32.4-5_amd64.deb) ...
Selecting previously unselected package libglu1-mesa-dev.
Unpacking libglu1-mesa-dev (from .../libglu1-mesa-dev_8.0.5-3_amd64.deb) ...
Selecting previously unselected package liblapack3.
Unpacking liblapack3 (from .../liblapack3_3.4.1-6_amd64.deb) ...
Selecting previously unselected package liblapack3gf.
Unpacking liblapack3gf (from .../liblapack3gf_3.4.1-6_all.deb) ...
Selecting previously unselected package libmad0-dev.
Unpacking libmad0-dev (from .../libmad0-dev_0.15.1b-7_amd64.deb) ...
Selecting previously unselected package libmikmod2-dev:amd64.
Unpacking libmikmod2-dev:amd64 (from .../libmikmod2-dev_3.1.12-5_amd64.deb) ...
Selecting previously unselected package libportmidi0.
Unpacking libportmidi0 (from .../libportmidi0_1%3a184-2.1_amd64.deb) ...
Selecting previously unselected package libportmidi-dev.
Unpacking libportmidi-dev (from .../libportmidi-dev_1%3a184-2.1_amd64.deb) ...
Selecting previously unselected package libpulse-dev:amd64.
Unpacking libpulse-dev:amd64 (from .../libpulse-dev_2.0-6_amd64.deb) ...
Selecting previously unselected package python2.6.
Unpacking python2.6 (from .../python2.6_2.6.8-1.1_amd64.deb) ...
Selecting previously unselected package libpython2.6.
Unpacking libpython2.6 (from .../libpython2.6_2.6.8-1.1_amd64.deb) ...
Selecting previously unselected package libpython2.7.
Unpacking libpython2.7 (from .../libpython2.7_2.7.3-6_amd64.deb) ...
Selecting previously unselected package libts-dev:amd64.
Unpacking libts-dev:amd64 (from .../libts-dev_1.0-11_amd64.deb) ...
Selecting previously unselected package libsdl1.2-dev.
Unpacking libsdl1.2-dev (from .../libsdl1.2-dev_1.2.15-5_amd64.deb) ...
Selecting previously unselected package libtiff4-dev.
Unpacking libtiff4-dev (from .../libtiff4-dev_3.9.6-11_amd64.deb) ...
Selecting previously unselected package libwebp-dev:amd64.
Unpacking libwebp-dev:amd64 (from .../libwebp-dev_0.1.3-3_amd64.deb) ...
Selecting previously unselected package libsdl-image1.2-dev:amd64.
Unpacking libsdl-image1.2-dev:amd64 (from .../libsdl-image1.2-dev_1.2.12-2_amd64.deb) ...
Selecting previously unselected package libvorbis-dev:amd64.
Unpacking libvorbis-dev:amd64 (from .../libvorbis-dev_1.3.2-1.3_amd64.deb) ...
Selecting previously unselected package libsdl-mixer1.2-dev:amd64.
Unpacking libsdl-mixer1.2-dev:amd64 (from .../libsdl-mixer1.2-dev_1.2.12-3_amd64.deb) ...
Selecting previously unselected package libsdl-ttf2.0-dev:amd64.
Unpacking libsdl-ttf2.0-dev:amd64 (from .../libsdl-ttf2.0-dev_2.0.11-2_amd64.deb) ...
Selecting previously unselected package libsmpeg-dev.
Unpacking libsmpeg-dev (from .../libsmpeg-dev_0.4.5+cvs20030824-4_amd64.deb) ...
Selecting previously unselected package libssl-dev.
Unpacking libssl-dev (from .../libssl-dev_1.0.1c-4_amd64.deb) ...
Selecting previously unselected package python-all.
Unpacking python-all (from .../python-all_2.7.3-3_all.deb) ...
Selecting previously unselected package python2.7-dev.
Unpacking python2.7-dev (from .../python2.7-dev_2.7.3-6_amd64.deb) ...
Selecting previously unselected package python-dev.
Unpacking python-dev (from .../python-dev_2.7.3-3_all.deb) ...
Selecting previously unselected package python2.6-dev.
Unpacking python2.6-dev (from .../python2.6-dev_2.6.8-1.1_amd64.deb) ...
Selecting previously unselected package python-all-dev.
Unpacking python-all-dev (from .../python-all-dev_2.7.3-3_all.deb) ...
Selecting previously unselected package python-numpy.
Unpacking python-numpy (from .../python-numpy_1%3a1.6.2-1_amd64.deb) ...
Selecting previously unselected package sharutils.
Unpacking sharutils (from .../sharutils_1%3a4.11.1-1_amd64.deb) ...
Selecting previously unselected package sbuild-build-depends-pygame-dummy.
Unpacking sbuild-build-depends-pygame-dummy (from .../sbuild-build-depends-pygame-dummy.deb) ...
Processing triggers for mime-support ...
Setting up libpipeline1:amd64 (1.2.2-1) ...
Setting up libpopt0:amd64 (1.16-7) ...
Setting up groff-base (1.22.1-2) ...
Setting up bsdmainutils (9.0.4) ...
update-alternatives: using /usr/bin/bsd-write to provide /usr/bin/write (write) in auto mode
update-alternatives: using /usr/bin/bsd-from to provide /usr/bin/from (from) in auto mode
Setting up man-db (2.6.3-3) ...
Building database of manual pages ...
Setting up libasprintf0c2:amd64 (0.18.1.1-10) ...
Setting up libcap2:amd64 (1:2.22-1.2) ...
Setting up libmagic1:amd64 (5.11-2) ...
Setting up libpcre3:amd64 (1:8.31-2) ...
Setting up libwrap0:amd64 (7.6.q-24) ...
Setting up libxml2:amd64 (2.8.0+dfsg1-7) ...
Setting up libasound2:amd64 (1.0.25-4) ...
Setting up libasyncns0:amd64 (0.8-4) ...
Setting up libavahi-common-data:amd64 (0.6.31-1) ...
Setting up libavahi-common3:amd64 (0.6.31-1) ...
Setting up libdbus-1-3:amd64 (1.6.8-1) ...
Setting up libavahi-client3:amd64 (0.6.31-1) ...
Setting up libcaca0:amd64 (0.99.beta18-1) ...
Setting up libglib2.0-0:amd64 (2.33.12+really2.32.4-5) ...
No schema files found: doing nothing.
Setting up libcroco3:amd64 (0.6.6-2) ...
Setting up tsconf (1.0-11) ...
Setting up libts-0.0-0:amd64 (1.0-11) ...
Setting up libdirectfb-1.2-9:amd64 (1.2.10.0-5) ...
Setting up libfreetype6:amd64 (2.4.9-1.1) ...
Setting up libjpeg8:amd64 (8d-1) ...
Setting up libpng12-0:amd64 (1.2.49-3) ...
Setting up libxau6:amd64 (1:1.0.7-1) ...
Setting up libxdmcp6:amd64 (1:1.1.1-1) ...
Setting up libxcb1:amd64 (1.8.1-2) ...
Setting up libx11-data (2:1.5.0-1) ...
Setting up libx11-6:amd64 (2:1.5.0-1) ...
Setting up libxext6:amd64 (2:1.3.1-2) ...
Setting up libdirectfb-extra:amd64 (1.2.10.0-5) ...
Setting up libdrm2:amd64 (2.4.40-1~deb7u2) ...
Setting up libelf1:amd64 (0.153-2) ...
Setting up libogg0:amd64 (1.3.0-4) ...
Setting up libflac8:amd64 (1.2.1-6) ...
Setting up libunistring0:amd64 (0.9.3-5) ...
Setting up libgettextpo0:amd64 (0.18.1.1-10) ...
Setting up libgfortran3:amd64 (4.7.2-5) ...
Setting up libglapi-mesa:amd64 (8.0.5-3) ...
Setting up libx11-xcb1:amd64 (2:1.5.0-1) ...
Setting up libxcb-glx0:amd64 (1.8.1-2) ...
Setting up libxfixes3:amd64 (1:5.0-4) ...
Setting up libxdamage1:amd64 (1:1.1.3-2) ...
Setting up libxxf86vm1:amd64 (1:1.1.2-1) ...
Setting up libgl1-mesa-glx:amd64 (8.0.5-3) ...
Setting up libglib2.0-data (2.33.12+really2.32.4-5) ...
Setting up libglib2.0-bin (2.33.12+really2.32.4-5) ...
Setting up libglu1-mesa:amd64 (8.0.5-3) ...
Setting up x11-common (1:7.7+1) ...
All runlevel operations denied by policy
invoke-rc.d: policy-rc.d denied execution of start.
Setting up libice6:amd64 (2:1.0.8-2) ...
Setting up libmikmod2:amd64 (3.1.12-5) ...
Setting up libpcrecpp0:amd64 (1:8.31-2) ...
Setting up libjson0:amd64 (0.10-1.2) ...
Setting up libsm6:amd64 (2:1.2.1-2) ...
Setting up libvorbis0a:amd64 (1.3.2-1.3) ...
Setting up libvorbisenc2:amd64 (1.3.2-1.3) ...
Setting up libsndfile1:amd64 (1.0.25-5) ...
Setting up libxi6:amd64 (2:1.6.1-1) ...
Setting up libxtst6:amd64 (2:1.2.1-1) ...
Setting up libpulse0:amd64 (2.0-6) ...
Setting up libpulse-mainloop-glib0:amd64 (2.0-6) ...
Setting up libsdl1.2debian:amd64 (1.2.15-5) ...
Setting up libjbig0:amd64 (2.0-2) ...
Setting up libtiff4:amd64 (3.9.6-11) ...
Setting up libwebp2:amd64 (0.1.3-3) ...
Setting up libsdl-image1.2:amd64 (1.2.12-2) ...
Setting up libmad0 (0.15.1b-7) ...
Setting up libvorbisfile3:amd64 (1.3.2-1.3) ...
Setting up libsdl-mixer1.2:amd64 (1.2.12-3) ...
Setting up libsdl-ttf2.0-0:amd64 (2.0.11-2) ...
Setting up libsmpeg0:amd64 (0.4.5+cvs20030824-4) ...
Setting up libtiffxx0c2:amd64 (3.9.6-11) ...
Setting up libjbig-dev:amd64 (2.0-2) ...
Setting up file (5.11-2) ...
Setting up gettext-base (0.18.1.1-10) ...
Setting up python-support (1.0.15) ...
Setting up python2.6-minimal (2.6.8-1.1) ...
Setting up html2text (1.3.2a-15) ...
Setting up libasprintf-dev:amd64 (0.18.1.1-10) ...
Setting up libgettextpo-dev:amd64 (0.18.1.1-10) ...
Setting up gettext (0.18.1.1-10) ...
Setting up intltool-debian (0.35.0+20060710.1) ...
Setting up po-debconf (1.0.16+nmu2) ...
Setting up debhelper (9.20120909) ...
Setting up libasound2-dev:amd64 (1.0.25-4) ...
Setting up libavahi-common-dev (0.6.31-1) ...
Setting up pkg-config (0.26-1) ...
Setting up libdbus-1-dev (1.6.8-1) ...
Setting up libavahi-client-dev (0.6.31-1) ...
Setting up libblas3 (1.2.20110419-5) ...
update-alternatives: using /usr/lib/libblas/libblas.so.3 to provide /usr/lib/libblas.so.3 (libblas.so.3) in auto mode
Setting up libblas3gf (1.2.20110419-5) ...
Setting up zlib1g-dev:amd64 (1:1.2.7.dfsg-13) ...
Setting up libpng12-dev (1.2.49-3) ...
Setting up libslang2-dev:amd64 (2.2.4-15) ...
Setting up libcaca-dev (0.99.beta18-1) ...
Setting up libfreetype6-dev (2.4.9-1.1) ...
Setting up libjpeg8-dev:amd64 (8d-1) ...
Setting up xorg-sgml-doctools (1:1.10-1) ...
Setting up x11proto-core-dev (7.0.23-1) ...
Setting up libxau-dev:amd64 (1:1.0.7-1) ...
Setting up libxdmcp-dev:amd64 (1:1.1.1-1) ...
Setting up x11proto-input-dev (2.2-1) ...
Setting up x11proto-kb-dev (1.0.6-2) ...
Setting up xtrans-dev (1.2.7-1) ...
Setting up libpthread-stubs0:amd64 (0.3-3) ...
Setting up libpthread-stubs0-dev:amd64 (0.3-3) ...
Setting up libxcb1-dev:amd64 (1.8.1-2) ...
Setting up libx11-dev:amd64 (2:1.5.0-1) ...
Setting up x11proto-xext-dev (7.2.1-1) ...
Setting up libxext-dev:amd64 (2:1.3.1-2) ...
Setting up libdirectfb-dev (1.2.10.0-5) ...
Setting up libexpat1-dev (2.1.0-1) ...
Setting up libogg-dev:amd64 (1.3.0-4) ...
Setting up libflac-dev:amd64 (1.2.1-6) ...
Setting up mesa-common-dev (8.0.5-3) ...
Setting up libgl1-mesa-dev (8.0.5-3) ...
Setting up libpcre3-dev:amd64 (1:8.31-2) ...
Setting up libglib2.0-dev (2.33.12+really2.32.4-5) ...
Setting up libglu1-mesa-dev (8.0.5-3) ...
Setting up liblapack3 (3.4.1-6) ...
update-alternatives: using /usr/lib/lapack/liblapack.so.3 to provide /usr/lib/liblapack.so.3 (liblapack.so.3) in auto mode
Setting up liblapack3gf (3.4.1-6) ...
Setting up libmad0-dev (0.15.1b-7) ...
Setting up libmikmod2-dev:amd64 (3.1.12-5) ...
Setting up libportmidi0 (1:184-2.1) ...
Setting up libportmidi-dev (1:184-2.1) ...
Setting up libpulse-dev:amd64 (2.0-6) ...
Setting up python2.6 (2.6.8-1.1) ...
Setting up libpython2.6 (2.6.8-1.1) ...
Setting up libpython2.7 (2.7.3-6) ...
Setting up libts-dev:amd64 (1.0-11) ...
Setting up libsdl1.2-dev (1.2.15-5) ...
Setting up libtiff4-dev (3.9.6-11) ...
Setting up libwebp-dev:amd64 (0.1.3-3) ...
Setting up libsdl-image1.2-dev:amd64 (1.2.12-2) ...
Setting up libvorbis-dev:amd64 (1.3.2-1.3) ...
Setting up libsdl-mixer1.2-dev:amd64 (1.2.12-3) ...
Setting up libsdl-ttf2.0-dev:amd64 (2.0.11-2) ...
Setting up libsmpeg-dev (0.4.5+cvs20030824-4) ...
Setting up libssl-dev (1.0.1c-4) ...
Setting up python-all (2.7.3-3) ...
Setting up python2.7-dev (2.7.3-6) ...
Setting up python-dev (2.7.3-3) ...
Setting up python2.6-dev (2.6.8-1.1) ...
Setting up python-all-dev (2.7.3-3) ...
Setting up python-numpy (1:1.6.2-1) ...
Setting up sharutils (1:4.11.1-1) ...
Setting up sbuild-build-depends-pygame-dummy (0.invalid.0) ...
Processing triggers for python-support ...

┌──────────────────────────────────────────────────────────────────────────────┐
│ Build environment                                                            │
└──────────────────────────────────────────────────────────────────────────────┘

Kernel: Linux 2.6.32-5-xen-amd64 amd64 (x86_64)
Toolchain package versions: binutils_2.22-7.1 dpkg-dev_1.16.9 g++-4.6_4.6.3-15 g++-4.7_4.7.2-5 gcc-4.6_4.6.3-15 gcc-4.7_4.7.2-5 libc6-dev_2.13-38 libstdc++6_4.7.2-5 libstdc++6-4.6-dev_4.6.3-15 libstdc++6-4.7-dev_4.7.2-5 linux-libc-dev_3.2.35-2
Package versions: apt_0.9.7.7 base-files_7.1 base-passwd_3.5.26 bash_4.2+dfsg-0.1 binutils_2.22-7.1 bsdmainutils_9.0.4 bsdutils_1:2.20.1-5.3 build-essential_11.6 bzip2_1.0.6-4 clang_3.2-2 clang-3.2_3.2-2 compiler-rt_3.2-2 coreutils_8.20-3 cpp_4:4.7.2-1 cpp-4.6_4.6.3-15 cpp-4.7_4.7.2-5 dash_0.5.7-3 debconf_1.5.49 debconf-i18n_1.5.49 debfoster_2.7-1.2 debhelper_9.20120909 debian-archive-keyring_2012.4 debianutils_4.3.4 diffutils_1:3.2-7 dpkg_1.16.9 dpkg-dev_1.16.9 e2fslibs_1.42.5-1 e2fsprogs_1.42.5-1 fakeroot_1.18.4-2 file_5.11-2 findutils_4.4.2-5 g++_4:4.7.2-1 g++-4.6_4.6.3-15 g++-4.7_4.7.2-5 gcc_4:4.7.2-1 gcc-4.4-base_4.4.7-3 gcc-4.5-base_4.5.4-1 gcc-4.6_4.6.3-15 gcc-4.6-base_4.6.3-15 gcc-4.7_4.7.2-5 gcc-4.7-base_4.7.2-5 gettext_0.18.1.1-10 gettext-base_0.18.1.1-10 gnupg_1.4.12-7 gpgv_1.4.12-7 grep_2.14-1 groff-base_1.22.1-2 gzip_1.5-1.1 hostname_3.12 html2text_1.3.2a-15 initscripts_2.88dsf-39 insserv_1.14.0-5 intltool-debian_0.35.0+20060710.1 libacl1_2.2.51-8 libapt-pkg4.12_0.9.7.7 libasound2_1.0.25-4 libasound2-dev_1.0.25-4 libasprintf-dev_0.18.1.1-10 libasprintf0c2_0.18.1.1-10 libasyncns0_0.8-4 libattr1_1:2.4.46-8 libavahi-client-dev_0.6.31-1 libavahi-client3_0.6.31-1 libavahi-common-data_0.6.31-1 libavahi-common-dev_0.6.31-1 libavahi-common3_0.6.31-1 libblas3_1.2.20110419-5 libblas3gf_1.2.20110419-5 libblkid1_2.20.1-5.3 libbz2-1.0_1.0.6-4 libc-bin_2.13-38 libc-dev-bin_2.13-38 libc6_2.13-38 libc6-dev_2.13-38 libcaca-dev_0.99.beta18-1 libcaca0_0.99.beta18-1 libcap2_1:2.22-1.2 libclang-common-dev_3.2-2 libclass-isa-perl_0.36-5 libcomerr2_1.42.5-1 libcroco3_0.6.6-2 libdb5.1_5.1.29-5 libdbus-1-3_1.6.8-1 libdbus-1-dev_1.6.8-1 libdirectfb-1.2-9_1.2.10.0-5 libdirectfb-dev_1.2.10.0-5 libdirectfb-extra_1.2.10.0-5 libdpkg-perl_1.16.9 libdrm2_2.4.40-1~deb7u2 libelf1_0.153-2 libexpat1_2.1.0-1 libexpat1-dev_2.1.0-1 libffi5_3.0.10-3 libfile-fcntllock-perl_0.14-2 libflac-dev_1.2.1-6 libflac8_1.2.1-6 libfreetype6_2.4.9-1.1 libfreetype6-dev_2.4.9-1.1 libgc1c2_1:7.1-9.1 libgcc1_1:4.7.2-5 libgdbm3_1.8.3-11 libgettextpo-dev_0.18.1.1-10 libgettextpo0_0.18.1.1-10 libgfortran3_4.7.2-5 libgl1-mesa-dev_8.0.5-3 libgl1-mesa-glx_8.0.5-3 libglapi-mesa_8.0.5-3 libglib2.0-0_2.33.12+really2.32.4-5 libglib2.0-bin_2.33.12+really2.32.4-5 libglib2.0-data_2.33.12+really2.32.4-5 libglib2.0-dev_2.33.12+really2.32.4-5 libglu1-mesa_8.0.5-3 libglu1-mesa-dev_8.0.5-3 libgmp10_2:5.0.5+dfsg-2 libgomp1_4.7.2-5 libgpm2_1.20.4-6 libice6_2:1.0.8-2 libitm1_4.7.2-5 libjbig-dev_2.0-2 libjbig0_2.0-2 libjpeg8_8d-1 libjpeg8-dev_8d-1 libjson0_0.10-1.2 liblapack3_3.4.1-6 liblapack3gf_3.4.1-6 libllvm3.2_3.2-2 liblocale-gettext-perl_1.05-7+b1 liblzma5_5.1.1alpha+20120614-2 libmad0_0.15.1b-7 libmad0-dev_0.15.1b-7 libmagic1_5.11-2 libmikmod2_3.1.12-5 libmikmod2-dev_3.1.12-5 libmount1_2.20.1-5.3 libmpc2_0.9-4 libmpfr4_3.1.0-5 libncurses5_5.9-10 libncursesw5_5.9-10 libogg-dev_1.3.0-4 libogg0_1.3.0-4 libpam-modules_1.1.3-7.1 libpam-modules-bin_1.1.3-7.1 libpam-runtime_1.1.3-7.1 libpam0g_1.1.3-7.1 libpcre3_1:8.31-2 libpcre3-dev_1:8.31-2 libpcrecpp0_1:8.31-2 libpipeline1_1.2.2-1 libpng12-0_1.2.49-3 libpng12-dev_1.2.49-3 libpopt0_1.16-7 libportmidi-dev_1:184-2.1 libportmidi0_1:184-2.1 libpthread-stubs0_0.3-3 libpthread-stubs0-dev_0.3-3 libpulse-dev_2.0-6 libpulse-mainloop-glib0_2.0-6 libpulse0_2.0-6 libpython2.6_2.6.8-1.1 libpython2.7_2.7.3-6 libquadmath0_4.7.2-5 libreadline6_6.2+dfsg-0.1 libsdl-image1.2_1.2.12-2 libsdl-image1.2-dev_1.2.12-2 libsdl-mixer1.2_1.2.12-3 libsdl-mixer1.2-dev_1.2.12-3 libsdl-ttf2.0-0_2.0.11-2 libsdl-ttf2.0-dev_2.0.11-2 libsdl1.2-dev_1.2.15-5 libsdl1.2debian_1.2.15-5 libselinux1_2.1.9-5 libsemanage-common_2.1.6-6 libsemanage1_2.1.6-6 libsepol1_2.1.4-3 libslang2_2.2.4-15 libslang2-dev_2.2.4-15 libsm6_2:1.2.1-2 libsmpeg-dev_0.4.5+cvs20030824-4 libsmpeg0_0.4.5+cvs20030824-4 libsndfile1_1.0.25-5 libsqlite3-0_3.7.15.2-1 libss2_1.42.5-1 libssl-dev_1.0.1c-4 libssl1.0.0_1.0.1c-4 libstdc++6_4.7.2-5 libstdc++6-4.6-dev_4.6.3-15 libstdc++6-4.7-dev_4.7.2-5 libswitch-perl_2.16-2 libtext-charwidth-perl_0.04-7+b1 libtext-iconv-perl_1.7-5 libtext-wrapi18n-perl_0.06-7 libtiff4_3.9.6-11 libtiff4-dev_3.9.6-11 libtiffxx0c2_3.9.6-11 libtimedate-perl_1.2000-1 libtinfo5_5.9-10 libts-0.0-0_1.0-11 libts-dev_1.0-11 libunistring0_0.9.3-5 libusb-0.1-4_2:0.1.12-23+nmu1 libustr-1.0-1_1.0.4-3 libuuid1_2.20.1-5.3 libvorbis-dev_1.3.2-1.3 libvorbis0a_1.3.2-1.3 libvorbisenc2_1.3.2-1.3 libvorbisfile3_1.3.2-1.3 libwebp-dev_0.1.3-3 libwebp2_0.1.3-3 libwrap0_7.6.q-24 libx11-6_2:1.5.0-1 libx11-data_2:1.5.0-1 libx11-dev_2:1.5.0-1 libx11-xcb1_2:1.5.0-1 libxau-dev_1:1.0.7-1 libxau6_1:1.0.7-1 libxcb-glx0_1.8.1-2 libxcb1_1.8.1-2 libxcb1-dev_1.8.1-2 libxdamage1_1:1.1.3-2 libxdmcp-dev_1:1.1.1-1 libxdmcp6_1:1.1.1-1 libxext-dev_2:1.3.1-2 libxext6_2:1.3.1-2 libxfixes3_1:5.0-4 libxi6_2:1.6.1-1 libxml2_2.8.0+dfsg1-7 libxtst6_2:1.2.1-1 libxxf86vm1_1:1.1.2-1 linux-libc-dev_3.2.35-2 login_1:4.1.5.1-1 lsb-base_4.1+Debian9 make_3.81-8.2 man-db_2.6.3-3 mawk_1.3.3-17 mesa-common-dev_8.0.5-3 mime-support_3.52-2 mount_2.20.1-5.3 multiarch-support_2.13-38 ncurses-base_5.9-10 ncurses-bin_5.9-10 passwd_1:4.1.5.1-1 patch_2.6.1-3 perl_5.14.2-17 perl-base_5.14.2-17 perl-modules_5.14.2-17 pkg-config_0.26-1 po-debconf_1.0.16+nmu2 python_2.7.3-3 python-all_2.7.3-3 python-all-dev_2.7.3-3 python-dev_2.7.3-3 python-minimal_2.7.3-3 python-numpy_1:1.6.2-1 python-support_1.0.15 python2.6_2.6.8-1.1 python2.6-dev_2.6.8-1.1 python2.6-minimal_2.6.8-1.1 python2.7_2.7.3-6 python2.7-dev_2.7.3-6 python2.7-minimal_2.7.3-6 readline-common_6.2+dfsg-0.1 sbuild-build-depends-core-dummy_0.invalid.0 sbuild-build-depends-pygame-dummy_0.invalid.0 sed_4.2.1-10 sensible-utils_0.0.7 sharutils_1:4.11.1-1 sudo_1.8.5p2-1 sysv-rc_2.88dsf-39 sysvinit_2.88dsf-39 sysvinit-utils_2.88dsf-39 tar_1.26+dfsg-0.1 tsconf_1.0-11 tzdata_2012j-1 ucf_3.0025+nmu3 util-linux_2.20.1-5.3 vim_2:7.3.547-6 vim-common_2:7.3.547-6 vim-runtime_2:7.3.547-6 x11-common_1:7.7+1 x11proto-core-dev_7.0.23-1 x11proto-input-dev_2.2-1 x11proto-kb-dev_1.0.6-2 x11proto-xext-dev_7.2.1-1 xorg-sgml-doctools_1:1.10-1 xtrans-dev_1.2.7-1 xz-utils_5.1.1alpha+20120614-2 zlib1g_1:1.2.7.dfsg-13 zlib1g-dev_1:1.2.7.dfsg-13

┌──────────────────────────────────────────────────────────────────────────────┐
│ Build                                                                        │
└──────────────────────────────────────────────────────────────────────────────┘


Unpack source
─────────────

gpgv: keyblock resource `/sbuild-nonexistent/.gnupg/trustedkeys.gpg': file open error
gpgv: Signature made Tue Jan 15 03:28:37 2013 UTC using RSA key ID AA1F32FF
gpgv: Can't check signature: public key not found
dpkg-source: warning: failed to verify signature on ./pygame_1.9.1release+dfsg-8.dsc
dpkg-source: info: extracting pygame in pygame-1.9.1release+dfsg
dpkg-source: info: unpacking pygame_1.9.1release+dfsg.orig.tar.gz
dpkg-source: info: unpacking pygame_1.9.1release+dfsg-8.debian.tar.gz
dpkg-source: info: applying read_origlibdirs_from_env.patch
dpkg-source: info: applying drop_v4l_support.patch
dpkg-source: info: applying set_WM_CLASS.patch
dpkg-source: info: applying MMX.diff
dpkg-source: info: applying setup_ignore_portmidi_on_non_linux.diff
dpkg-source: info: applying check_for_v4l2.diff
dpkg-source: info: applying no_asm_types_h.diff

Check disc space
────────────────

Sufficient free space for build

User Environment
────────────────

HOME=/sbuild-nonexistent
LOGNAME=user
PATH=/usr/local/sbin:/usr/local/bin:/usr/sbin:/usr/bin:/sbin:/bin:/usr/games
SCHROOT_CHROOT_NAME=unstable-amd64-sbuild
SCHROOT_COMMAND=env
SCHROOT_GID=1000
SCHROOT_GROUP=user
SCHROOT_SESSION_ID=unstable-amd64-sbuild-d1112a1e-8c2f-4415-b197-c320ab1f331d
SCHROOT_UID=1000
SCHROOT_USER=user
SHELL=/bin/sh
USER=user

dpkg-buildpackage
─────────────────

dpkg-buildpackage: source package pygame
dpkg-buildpackage: source version 1.9.1release+dfsg-8
dpkg-buildpackage: source changed by Vincent Cheng <Vincentc1208@gmail.com>
 dpkg-source --before-build pygame-1.9.1release+dfsg
dpkg-buildpackage: host architecture amd64
 fakeroot debian/rules clean
dh clean --with python2
   dh_testdir
   dh_auto_clean


WARNING, No "Setup" File Exists, Running "config.py"
Using UNIX configuration...


Hunting dependencies...
SDL     : found 1.2.15
FONT    : found
IMAGE   : found
MIXER   : found
SMPEG   : found 0.4.5
PNG     : found
JPEG    : found
SCRAP   : found
PORTMIDI: found
PORTTIME: found
V4L2    : found

If you get compiler errors during install, doublecheck
the compiler flags in the "Setup" file.


Continuing With "setup.py"
running clean
'build/lib.linux-x86_64-2.6' does not exist -- can't clean it
'build/bdist.linux-x86_64' does not exist -- can't clean it
'build/scripts-2.6' does not exist -- can't clean it
running clean
'build/lib.linux-x86_64-2.7' does not exist -- can't clean it
'build/bdist.linux-x86_64' does not exist -- can't clean it
'build/scripts-2.7' does not exist -- can't clean it
   debian/rules override_dh_clean
make[1]: Entering directory `/«BUILDDIR»/pygame-1.9.1release+dfsg'
rm -f *.pyc Setup
rm -rf build
dh_clean
make[1]: Leaving directory `/«BUILDDIR»/pygame-1.9.1release+dfsg'
 debian/rules build-arch
dh build-arch --with python2
   dh_testdir -a
   dh_auto_configure -a
   dh_auto_build -a


WARNING, No "Setup" File Exists, Running "config.py"
Using UNIX configuration...


Hunting dependencies...
SDL     : found 1.2.15
FONT    : found
IMAGE   : found
MIXER   : found
SMPEG   : found 0.4.5
PNG     : found
JPEG    : found
SCRAP   : found
PORTMIDI: found
PORTTIME: found
V4L2    : found

If you get compiler errors during install, doublecheck
the compiler flags in the "Setup" file.


Continuing With "setup.py"
running build
running build_py
creating build
creating build/lib.linux-x86_64-2.6
creating build/lib.linux-x86_64-2.6/pygame
copying lib/__init__.py -> build/lib.linux-x86_64-2.6/pygame
copying lib/_camera_opencv_highgui.py -> build/lib.linux-x86_64-2.6/pygame
copying lib/_camera_vidcapture.py -> build/lib.linux-x86_64-2.6/pygame
copying lib/_numpysndarray.py -> build/lib.linux-x86_64-2.6/pygame
copying lib/_numpysurfarray.py -> build/lib.linux-x86_64-2.6/pygame
copying lib/camera.py -> build/lib.linux-x86_64-2.6/pygame
copying lib/colordict.py -> build/lib.linux-x86_64-2.6/pygame
copying lib/compat.py -> build/lib.linux-x86_64-2.6/pygame
copying lib/cursors.py -> build/lib.linux-x86_64-2.6/pygame
copying lib/locals.py -> build/lib.linux-x86_64-2.6/pygame
copying lib/mac_scrap.py -> build/lib.linux-x86_64-2.6/pygame
copying lib/macosx.py -> build/lib.linux-x86_64-2.6/pygame
copying lib/midi.py -> build/lib.linux-x86_64-2.6/pygame
copying lib/pkgdata.py -> build/lib.linux-x86_64-2.6/pygame
copying lib/sndarray.py -> build/lib.linux-x86_64-2.6/pygame
copying lib/sprite.py -> build/lib.linux-x86_64-2.6/pygame
copying lib/surfarray.py -> build/lib.linux-x86_64-2.6/pygame
copying lib/sysfont.py -> build/lib.linux-x86_64-2.6/pygame
copying lib/version.py -> build/lib.linux-x86_64-2.6/pygame
creating build/lib.linux-x86_64-2.6/pygame/gp2x
copying lib/gp2x/__init__.py -> build/lib.linux-x86_64-2.6/pygame/gp2x
copying lib/gp2x/constants.py -> build/lib.linux-x86_64-2.6/pygame/gp2x
copying lib/gp2x/locals.py -> build/lib.linux-x86_64-2.6/pygame/gp2x
creating build/lib.linux-x86_64-2.6/pygame/threads
copying lib/threads/__init__.py -> build/lib.linux-x86_64-2.6/pygame/threads
copying lib/threads/Py25Queue.py -> build/lib.linux-x86_64-2.6/pygame/threads
creating build/lib.linux-x86_64-2.6/pygame/tests
copying test/__init__.py -> build/lib.linux-x86_64-2.6/pygame/tests
copying test/__main__.py -> build/lib.linux-x86_64-2.6/pygame/tests
copying test/base_test.py -> build/lib.linux-x86_64-2.6/pygame/tests
copying test/blit_test.py -> build/lib.linux-x86_64-2.6/pygame/tests
copying test/bufferproxy_test.py -> build/lib.linux-x86_64-2.6/pygame/tests
copying test/cdrom_tags.py -> build/lib.linux-x86_64-2.6/pygame/tests
copying test/cdrom_test.py -> build/lib.linux-x86_64-2.6/pygame/tests
copying test/color_test.py -> build/lib.linux-x86_64-2.6/pygame/tests
copying test/cursors_test.py -> build/lib.linux-x86_64-2.6/pygame/tests
copying test/display_test.py -> build/lib.linux-x86_64-2.6/pygame/tests
copying test/draw_test.py -> build/lib.linux-x86_64-2.6/pygame/tests
copying test/event_test.py -> build/lib.linux-x86_64-2.6/pygame/tests
copying test/fastevent_test.py -> build/lib.linux-x86_64-2.6/pygame/tests
copying test/font_test.py -> build/lib.linux-x86_64-2.6/pygame/tests
copying test/gfxdraw_test.py -> build/lib.linux-x86_64-2.6/pygame/tests
copying test/image__save_gl_surface_test.py -> build/lib.linux-x86_64-2.6/pygame/tests
copying test/image_test.py -> build/lib.linux-x86_64-2.6/pygame/tests
copying test/joystick_test.py -> build/lib.linux-x86_64-2.6/pygame/tests
copying test/key_test.py -> build/lib.linux-x86_64-2.6/pygame/tests
copying test/mask_test.py -> build/lib.linux-x86_64-2.6/pygame/tests
copying test/midi_test.py -> build/lib.linux-x86_64-2.6/pygame/tests
copying test/mixer_music_test.py -> build/lib.linux-x86_64-2.6/pygame/tests
copying test/mixer_test.py -> build/lib.linux-x86_64-2.6/pygame/tests
copying test/mouse_test.py -> build/lib.linux-x86_64-2.6/pygame/tests
copying test/movie_tags.py -> build/lib.linux-x86_64-2.6/pygame/tests
copying test/movie_test.py -> build/lib.linux-x86_64-2.6/pygame/tests
copying test/overlay_test.py -> build/lib.linux-x86_64-2.6/pygame/tests
copying test/pixelarray_test.py -> build/lib.linux-x86_64-2.6/pygame/tests
copying test/rect_test.py -> build/lib.linux-x86_64-2.6/pygame/tests
copying test/scrap_tags.py -> build/lib.linux-x86_64-2.6/pygame/tests
copying test/scrap_test.py -> build/lib.linux-x86_64-2.6/pygame/tests
copying test/sndarray_tags.py -> build/lib.linux-x86_64-2.6/pygame/tests
copying test/sndarray_test.py -> build/lib.linux-x86_64-2.6/pygame/tests
copying test/sprite_test.py -> build/lib.linux-x86_64-2.6/pygame/tests
copying test/surface_test.py -> build/lib.linux-x86_64-2.6/pygame/tests
copying test/surfarray_tags.py -> build/lib.linux-x86_64-2.6/pygame/tests
copying test/surfarray_test.py -> build/lib.linux-x86_64-2.6/pygame/tests
copying test/surflock_test.py -> build/lib.linux-x86_64-2.6/pygame/tests
copying test/sysfont_test.py -> build/lib.linux-x86_64-2.6/pygame/tests
copying test/test_test_.py -> build/lib.linux-x86_64-2.6/pygame/tests
copying test/threads_tags.py -> build/lib.linux-x86_64-2.6/pygame/tests
copying test/threads_test.py -> build/lib.linux-x86_64-2.6/pygame/tests
copying test/time_test.py -> build/lib.linux-x86_64-2.6/pygame/tests
copying test/transform_test.py -> build/lib.linux-x86_64-2.6/pygame/tests
creating build/lib.linux-x86_64-2.6/pygame/tests/test_utils
copying test/test_utils/__init__.py -> build/lib.linux-x86_64-2.6/pygame/tests/test_utils
copying test/test_utils/async_sub.py -> build/lib.linux-x86_64-2.6/pygame/tests/test_utils
copying test/test_utils/run_tests.py -> build/lib.linux-x86_64-2.6/pygame/tests/test_utils
copying test/test_utils/test_runner.py -> build/lib.linux-x86_64-2.6/pygame/tests/test_utils
copying test/test_utils/unittest.py -> build/lib.linux-x86_64-2.6/pygame/tests/test_utils
copying test/test_utils/unittest_patch.py -> build/lib.linux-x86_64-2.6/pygame/tests/test_utils
creating build/lib.linux-x86_64-2.6/pygame/tests/run_tests__tests
copying test/run_tests__tests/__init__.py -> build/lib.linux-x86_64-2.6/pygame/tests/run_tests__tests
copying test/run_tests__tests/run_tests__test.py -> build/lib.linux-x86_64-2.6/pygame/tests/run_tests__tests
creating build/lib.linux-x86_64-2.6/pygame/tests/run_tests__tests/all_ok
copying test/run_tests__tests/all_ok/__init__.py -> build/lib.linux-x86_64-2.6/pygame/tests/run_tests__tests/all_ok
copying test/run_tests__tests/all_ok/fake_2_test.py -> build/lib.linux-x86_64-2.6/pygame/tests/run_tests__tests/all_ok
copying test/run_tests__tests/all_ok/fake_3_test.py -> build/lib.linux-x86_64-2.6/pygame/tests/run_tests__tests/all_ok
copying test/run_tests__tests/all_ok/fake_4_test.py -> build/lib.linux-x86_64-2.6/pygame/tests/run_tests__tests/all_ok
copying test/run_tests__tests/all_ok/fake_5_test.py -> build/lib.linux-x86_64-2.6/pygame/tests/run_tests__tests/all_ok
copying test/run_tests__tests/all_ok/fake_6_test.py -> build/lib.linux-x86_64-2.6/pygame/tests/run_tests__tests/all_ok
copying test/run_tests__tests/all_ok/no_assertions__ret_code_of_1__test.py -> build/lib.linux-x86_64-2.6/pygame/tests/run_tests__tests/all_ok
copying test/run_tests__tests/all_ok/zero_tests_test.py -> build/lib.linux-x86_64-2.6/pygame/tests/run_tests__tests/all_ok
creating build/lib.linux-x86_64-2.6/pygame/tests/run_tests__tests/failures1
copying test/run_tests__tests/failures1/__init__.py -> build/lib.linux-x86_64-2.6/pygame/tests/run_tests__tests/failures1
copying test/run_tests__tests/failures1/fake_2_test.py -> build/lib.linux-x86_64-2.6/pygame/tests/run_tests__tests/failures1
copying test/run_tests__tests/failures1/fake_3_test.py -> build/lib.linux-x86_64-2.6/pygame/tests/run_tests__tests/failures1
copying test/run_tests__tests/failures1/fake_4_test.py -> build/lib.linux-x86_64-2.6/pygame/tests/run_tests__tests/failures1
creating build/lib.linux-x86_64-2.6/pygame/tests/run_tests__tests/incomplete
copying test/run_tests__tests/incomplete/__init__.py -> build/lib.linux-x86_64-2.6/pygame/tests/run_tests__tests/incomplete
copying test/run_tests__tests/incomplete/fake_2_test.py -> build/lib.linux-x86_64-2.6/pygame/tests/run_tests__tests/incomplete
copying test/run_tests__tests/incomplete/fake_3_test.py -> build/lib.linux-x86_64-2.6/pygame/tests/run_tests__tests/incomplete
creating build/lib.linux-x86_64-2.6/pygame/tests/run_tests__tests/infinite_loop
copying test/run_tests__tests/infinite_loop/__init__.py -> build/lib.linux-x86_64-2.6/pygame/tests/run_tests__tests/infinite_loop
copying test/run_tests__tests/infinite_loop/fake_1_test.py -> build/lib.linux-x86_64-2.6/pygame/tests/run_tests__tests/infinite_loop
copying test/run_tests__tests/infinite_loop/fake_2_test.py -> build/lib.linux-x86_64-2.6/pygame/tests/run_tests__tests/infinite_loop
creating build/lib.linux-x86_64-2.6/pygame/tests/run_tests__tests/print_stderr
copying test/run_tests__tests/print_stderr/__init__.py -> build/lib.linux-x86_64-2.6/pygame/tests/run_tests__tests/print_stderr
copying test/run_tests__tests/print_stderr/fake_2_test.py -> build/lib.linux-x86_64-2.6/pygame/tests/run_tests__tests/print_stderr
copying test/run_tests__tests/print_stderr/fake_3_test.py -> build/lib.linux-x86_64-2.6/pygame/tests/run_tests__tests/print_stderr
copying test/run_tests__tests/print_stderr/fake_4_test.py -> build/lib.linux-x86_64-2.6/pygame/tests/run_tests__tests/print_stderr
creating build/lib.linux-x86_64-2.6/pygame/tests/run_tests__tests/print_stdout
copying test/run_tests__tests/print_stdout/__init__.py -> build/lib.linux-x86_64-2.6/pygame/tests/run_tests__tests/print_stdout
copying test/run_tests__tests/print_stdout/fake_2_test.py -> build/lib.linux-x86_64-2.6/pygame/tests/run_tests__tests/print_stdout
copying test/run_tests__tests/print_stdout/fake_3_test.py -> build/lib.linux-x86_64-2.6/pygame/tests/run_tests__tests/print_stdout
copying test/run_tests__tests/print_stdout/fake_4_test.py -> build/lib.linux-x86_64-2.6/pygame/tests/run_tests__tests/print_stdout
creating build/lib.linux-x86_64-2.6/pygame/tests/run_tests__tests/incomplete_todo
copying test/run_tests__tests/incomplete_todo/__init__.py -> build/lib.linux-x86_64-2.6/pygame/tests/run_tests__tests/incomplete_todo
copying test/run_tests__tests/incomplete_todo/fake_2_test.py -> build/lib.linux-x86_64-2.6/pygame/tests/run_tests__tests/incomplete_todo
copying test/run_tests__tests/incomplete_todo/fake_3_test.py -> build/lib.linux-x86_64-2.6/pygame/tests/run_tests__tests/incomplete_todo
creating build/lib.linux-x86_64-2.6/pygame/tests/run_tests__tests/exclude
copying test/run_tests__tests/exclude/__init__.py -> build/lib.linux-x86_64-2.6/pygame/tests/run_tests__tests/exclude
copying test/run_tests__tests/exclude/fake_2_test.py -> build/lib.linux-x86_64-2.6/pygame/tests/run_tests__tests/exclude
copying test/run_tests__tests/exclude/invisible_tag_test.py -> build/lib.linux-x86_64-2.6/pygame/tests/run_tests__tests/exclude
copying test/run_tests__tests/exclude/magic_tag_test.py -> build/lib.linux-x86_64-2.6/pygame/tests/run_tests__tests/exclude
creating build/lib.linux-x86_64-2.6/pygame/tests/run_tests__tests/timeout
copying test/run_tests__tests/timeout/__init__.py -> build/lib.linux-x86_64-2.6/pygame/tests/run_tests__tests/timeout
copying test/run_tests__tests/timeout/fake_2_test.py -> build/lib.linux-x86_64-2.6/pygame/tests/run_tests__tests/timeout
copying test/run_tests__tests/timeout/sleep_test.py -> build/lib.linux-x86_64-2.6/pygame/tests/run_tests__tests/timeout
creating build/lib.linux-x86_64-2.6/pygame/tests/run_tests__tests/everything
copying test/run_tests__tests/everything/__init__.py -> build/lib.linux-x86_64-2.6/pygame/tests/run_tests__tests/everything
copying test/run_tests__tests/everything/fake_2_test.py -> build/lib.linux-x86_64-2.6/pygame/tests/run_tests__tests/everything
copying test/run_tests__tests/everything/incomplete_todo_test.py -> build/lib.linux-x86_64-2.6/pygame/tests/run_tests__tests/everything
copying test/run_tests__tests/everything/magic_tag_test.py -> build/lib.linux-x86_64-2.6/pygame/tests/run_tests__tests/everything
copying test/run_tests__tests/everything/sleep_test.py -> build/lib.linux-x86_64-2.6/pygame/tests/run_tests__tests/everything
creating build/lib.linux-x86_64-2.6/pygame/docs
copying docs/__init__.py -> build/lib.linux-x86_64-2.6/pygame/docs
copying docs/__main__.py -> build/lib.linux-x86_64-2.6/pygame/docs
creating build/lib.linux-x86_64-2.6/pygame/examples
copying examples/__init__.py -> build/lib.linux-x86_64-2.6/pygame/examples
copying examples/aacircle.py -> build/lib.linux-x86_64-2.6/pygame/examples
copying examples/aliens.py -> build/lib.linux-x86_64-2.6/pygame/examples
copying examples/arraydemo.py -> build/lib.linux-x86_64-2.6/pygame/examples
copying examples/blend_fill.py -> build/lib.linux-x86_64-2.6/pygame/examples
copying examples/blit_blends.py -> build/lib.linux-x86_64-2.6/pygame/examples
copying examples/camera.py -> build/lib.linux-x86_64-2.6/pygame/examples
copying examples/chimp.py -> build/lib.linux-x86_64-2.6/pygame/examples
copying examples/cursors.py -> build/lib.linux-x86_64-2.6/pygame/examples
copying examples/eventlist.py -> build/lib.linux-x86_64-2.6/pygame/examples
copying examples/fastevents.py -> build/lib.linux-x86_64-2.6/pygame/examples
copying examples/fonty.py -> build/lib.linux-x86_64-2.6/pygame/examples
copying examples/glcube.py -> build/lib.linux-x86_64-2.6/pygame/examples
copying examples/headless_no_windows_needed.py -> build/lib.linux-x86_64-2.6/pygame/examples
copying examples/liquid.py -> build/lib.linux-x86_64-2.6/pygame/examples
copying examples/mask.py -> build/lib.linux-x86_64-2.6/pygame/examples
copying examples/midi.py -> build/lib.linux-x86_64-2.6/pygame/examples
copying examples/moveit.py -> build/lib.linux-x86_64-2.6/pygame/examples
copying examples/movieplayer.py -> build/lib.linux-x86_64-2.6/pygame/examples
copying examples/oldalien.py -> build/lib.linux-x86_64-2.6/pygame/examples
copying examples/overlay.py -> build/lib.linux-x86_64-2.6/pygame/examples
copying examples/pixelarray.py -> build/lib.linux-x86_64-2.6/pygame/examples
copying examples/scaletest.py -> build/lib.linux-x86_64-2.6/pygame/examples
copying examples/scrap_clipboard.py -> build/lib.linux-x86_64-2.6/pygame/examples
copying examples/scroll.py -> build/lib.linux-x86_64-2.6/pygame/examples
copying examples/sound.py -> build/lib.linux-x86_64-2.6/pygame/examples
copying examples/sound_array_demos.py -> build/lib.linux-x86_64-2.6/pygame/examples
copying examples/stars.py -> build/lib.linux-x86_64-2.6/pygame/examples
copying examples/testsprite.py -> build/lib.linux-x86_64-2.6/pygame/examples
copying examples/vgrade.py -> build/lib.linux-x86_64-2.6/pygame/examples
running build_ext
building 'pygame.imageext' extension
creating build/temp.linux-x86_64-2.6
creating build/temp.linux-x86_64-2.6/src
gcc -pthread -fno-strict-aliasing -DNDEBUG -g -fwrapv -O2 -Wall -Wstrict-prototypes -g -O2 -fstack-protector --param=ssp-buffer-size=4 -Wformat -Werror=format-security -D_FORTIFY_SOURCE=2 -fPIC -D_REENTRANT -I/usr/X11R6/include -I/usr/include/SDL -I/usr/include/SDL -I/usr/include -I/usr/include -I/usr/include/python2.6 -c src/imageext.c -o build/temp.linux-x86_64-2.6/src/imageext.o
In file included from src/imageext.c:47:
In file included from src/pygame.h:75:
In file included from /usr/include/python2.6/Python.h:8:
/usr/include/python2.6/pyconfig.h:1031:9: warning: '_POSIX_C_SOURCE' macro redefined
#define _POSIX_C_SOURCE 200112L
        ^
/usr/include/features.h:214:11: note: previous definition is here
#  define _POSIX_C_SOURCE       200809L
          ^
src/imageext.c:506:9: warning: expression result unused [-Wunused-value]
        RAISE (PyExc_RuntimeError, "Cannot get video surface.");
        ^~~~~~~~~~~~~~~~~~~~~~~~~~~~~~~~~~~~~~~~~~~~~~~~~~~~~~~
src/pygame.h:109:59: note: expanded from macro 'RAISE'
#define RAISE(x,y) (PyErr_SetString((x), (y)), (PyObject*)NULL)
                                                          ^~~~
/usr/include/clang/3.2/include/stddef.h:52:24: note: expanded from macro 'NULL'
#  define NULL ((void*)0)
                       ^
src/imageext.c:510:9: warning: expression result unused [-Wunused-value]
        RAISE (PyExc_RuntimeError, "Cannot find glReadPixels function.");
        ^~~~~~~~~~~~~~~~~~~~~~~~~~~~~~~~~~~~~~~~~~~~~~~~~~~~~~~~~~~~~~~~
src/pygame.h:109:59: note: expanded from macro 'RAISE'
#define RAISE(x,y) (PyErr_SetString((x), (y)), (PyObject*)NULL)
                                                          ^~~~
/usr/include/clang/3.2/include/stddef.h:52:24: note: expanded from macro 'NULL'
#  define NULL ((void*)0)
                       ^
src/imageext.c:517:9: warning: expression result unused [-Wunused-value]
        RAISE (PyExc_MemoryError, "Cannot allocate enough memory for pixels.");
        ^~~~~~~~~~~~~~~~~~~~~~~~~~~~~~~~~~~~~~~~~~~~~~~~~~~~~~~~~~~~~~~~~~~~~~
src/pygame.h:109:59: note: expanded from macro 'RAISE'
#define RAISE(x,y) (PyErr_SetString((x), (y)), (PyObject*)NULL)
                                                          ^~~~
/usr/include/clang/3.2/include/stddef.h:52:24: note: expanded from macro 'NULL'
#  define NULL ((void*)0)
                       ^
src/imageext.c:537:9: warning: expression result unused [-Wunused-value]
        RAISE (PyExc_SDLError, SDL_GetError ());
        ^~~~~~~~~~~~~~~~~~~~~~~~~~~~~~~~~~~~~~~
src/pygame.h:109:59: note: expanded from macro 'RAISE'
#define RAISE(x,y) (PyErr_SetString((x), (y)), (PyObject*)NULL)
                                                          ^~~~
/usr/include/clang/3.2/include/stddef.h:52:24: note: expanded from macro 'NULL'
#  define NULL ((void*)0)
                       ^
5 warnings generated.
gcc -pthread -shared -Wl,-O1 -Wl,-Bsymbolic-functions -Wl,-z,relro -g -O2 -fstack-protector --param=ssp-buffer-size=4 -Wformat -Werror=format-security -D_FORTIFY_SOURCE=2 build/temp.linux-x86_64-2.6/src/imageext.o -L/usr/lib/x86_64-linux-gnu -L/usr/lib/x86_64-linux-gnu -L/usr/lib/x86_64-linux-gnu -L/usr/lib/x86_64-linux-gnu -lSDL -lSDL_image -lpng -ljpeg -o build/lib.linux-x86_64-2.6/pygame/imageext.so
clang: warning: argument unused during compilation: '--param ssp-buffer-size=4'
building 'pygame.font' extension
gcc -pthread -fno-strict-aliasing -DNDEBUG -g -fwrapv -O2 -Wall -Wstrict-prototypes -g -O2 -fstack-protector --param=ssp-buffer-size=4 -Wformat -Werror=format-security -D_FORTIFY_SOURCE=2 -fPIC -D_REENTRANT -I/usr/X11R6/include -I/usr/include/SDL -I/usr/include/SDL -I/usr/include/python2.6 -c src/font.c -o build/temp.linux-x86_64-2.6/src/font.o
src/font.c:42:19: warning: duplicate 'const' declaration specifier [-Wduplicate-decl-specifier]
static const char const *font_defaultname = "freesansbold.ttf";
                  ^
src/font.c:43:19: warning: duplicate 'const' declaration specifier [-Wduplicate-decl-specifier]
static const char const *pkgdatamodule_name = "pygame.pkgdata";
                  ^
src/font.c:44:19: warning: duplicate 'const' declaration specifier [-Wduplicate-decl-specifier]
static const char const *resourcefunc_name = "getResource";
                  ^
src/font.c:544:9: warning: expression result unused [-Wunused-value]
        RAISE (PyExc_SDLError, "font not initialized");
        ^~~~~~~~~~~~~~~~~~~~~~~~~~~~~~~~~~~~~~~~~~~~~~
src/pygame.h:109:59: note: expanded from macro 'RAISE'
#define RAISE(x,y) (PyErr_SetString((x), (y)), (PyObject*)NULL)
                                                          ^~~~
/usr/include/clang/3.2/include/stddef.h:52:24: note: expanded from macro 'NULL'
#  define NULL ((void*)0)
                       ^
src/font.c:562:13: warning: expression result unused [-Wunused-value]
            RAISE (PyExc_RuntimeError, error);
            ^~~~~~~~~~~~~~~~~~~~~~~~~~~~~~~~~
src/pygame.h:109:59: note: expanded from macro 'RAISE'
#define RAISE(x,y) (PyErr_SetString((x), (y)), (PyObject*)NULL)
                                                          ^~~~
/usr/include/clang/3.2/include/stddef.h:52:24: note: expanded from macro 'NULL'
#  define NULL ((void*)0)
                       ^
src/font.c:635:9: warning: expression result unused [-Wunused-value]
        RAISE (PyExc_RuntimeError, SDL_GetError ());
        ^~~~~~~~~~~~~~~~~~~~~~~~~~~~~~~~~~~~~~~~~~~
src/pygame.h:109:59: note: expanded from macro 'RAISE'
#define RAISE(x,y) (PyErr_SetString((x), (y)), (PyObject*)NULL)
                                                          ^~~~
/usr/include/clang/3.2/include/stddef.h:52:24: note: expanded from macro 'NULL'
#  define NULL ((void*)0)
                       ^
6 warnings generated.
gcc -pthread -shared -Wl,-O1 -Wl,-Bsymbolic-functions -Wl,-z,relro -g -O2 -fstack-protector --param=ssp-buffer-size=4 -Wformat -Werror=format-security -D_FORTIFY_SOURCE=2 build/temp.linux-x86_64-2.6/src/font.o -L/usr/lib/x86_64-linux-gnu -L/usr/lib/x86_64-linux-gnu -lSDL -lSDL_ttf -o build/lib.linux-x86_64-2.6/pygame/font.so
clang: warning: argument unused during compilation: '--param ssp-buffer-size=4'
building 'pygame.mixer' extension
gcc -pthread -fno-strict-aliasing -DNDEBUG -g -fwrapv -O2 -Wall -Wstrict-prototypes -g -O2 -fstack-protector --param=ssp-buffer-size=4 -Wformat -Werror=format-security -D_FORTIFY_SOURCE=2 -fPIC -D_REENTRANT -I/usr/X11R6/include -I/usr/include/SDL -I/usr/include/SDL -I/usr/include/python2.6 -c src/mixer.c -o build/temp.linux-x86_64-2.6/src/mixer.o
src/mixer.c:987:9: warning: expression result unused [-Wunused-value]
        RAISE (PyExc_SDLError, "mixer system not initialized");
        ^~~~~~~~~~~~~~~~~~~~~~~~~~~~~~~~~~~~~~~~~~~~~~~~~~~~~~
src/pygame.h:109:59: note: expanded from macro 'RAISE'
#define RAISE(x,y) (PyErr_SetString((x), (y)), (PyObject*)NULL)
                                                          ^~~~
/usr/include/clang/3.2/include/stddef.h:52:24: note: expanded from macro 'NULL'
#  define NULL ((void*)0)
                       ^
src/mixer.c:1025:17: warning: expression result unused [-Wunused-value]
                RAISE (PyExc_MemoryError, "cannot allocate chunk");
                ^~~~~~~~~~~~~~~~~~~~~~~~~~~~~~~~~~~~~~~~~~~~~~~~~~
src/pygame.h:109:59: note: expanded from macro 'RAISE'
#define RAISE(x,y) (PyErr_SetString((x), (y)), (PyObject*)NULL)
                                                          ^~~~
/usr/include/clang/3.2/include/stddef.h:52:24: note: expanded from macro 'NULL'
#  define NULL ((void*)0)
                       ^
src/mixer.c:1033:17: warning: expression result unused [-Wunused-value]
                RAISE (PyExc_MemoryError, "cannot allocate chunk");
                ^~~~~~~~~~~~~~~~~~~~~~~~~~~~~~~~~~~~~~~~~~~~~~~~~~
src/pygame.h:109:59: note: expanded from macro 'RAISE'
#define RAISE(x,y) (PyErr_SetString((x), (y)), (PyObject*)NULL)
                                                          ^~~~
/usr/include/clang/3.2/include/stddef.h:52:24: note: expanded from macro 'NULL'
#  define NULL ((void*)0)
                       ^
src/mixer.c:1061:9: warning: expression result unused [-Wunused-value]
        RAISE (PyExc_SDLError, SDL_GetError ());
        ^~~~~~~~~~~~~~~~~~~~~~~~~~~~~~~~~~~~~~~
src/pygame.h:109:59: note: expanded from macro 'RAISE'
#define RAISE(x,y) (PyErr_SetString((x), (y)), (PyObject*)NULL)
                                                          ^~~~
/usr/include/clang/3.2/include/stddef.h:52:24: note: expanded from macro 'NULL'
#  define NULL ((void*)0)
                       ^
4 warnings generated.
gcc -pthread -shared -Wl,-O1 -Wl,-Bsymbolic-functions -Wl,-z,relro -g -O2 -fstack-protector --param=ssp-buffer-size=4 -Wformat -Werror=format-security -D_FORTIFY_SOURCE=2 build/temp.linux-x86_64-2.6/src/mixer.o -L/usr/lib/x86_64-linux-gnu -L/usr/lib/x86_64-linux-gnu -lSDL -lSDL_mixer -o build/lib.linux-x86_64-2.6/pygame/mixer.so
clang: warning: argument unused during compilation: '--param ssp-buffer-size=4'
building 'pygame.mixer_music' extension
gcc -pthread -fno-strict-aliasing -DNDEBUG -g -fwrapv -O2 -Wall -Wstrict-prototypes -g -O2 -fstack-protector --param=ssp-buffer-size=4 -Wformat -Werror=format-security -D_FORTIFY_SOURCE=2 -fPIC -D_REENTRANT -I/usr/X11R6/include -I/usr/include/SDL -I/usr/include/SDL -I/usr/include/python2.6 -c src/music.c -o build/temp.linux-x86_64-2.6/src/music.o
gcc -pthread -shared -Wl,-O1 -Wl,-Bsymbolic-functions -Wl,-z,relro -g -O2 -fstack-protector --param=ssp-buffer-size=4 -Wformat -Werror=format-security -D_FORTIFY_SOURCE=2 build/temp.linux-x86_64-2.6/src/music.o -L/usr/lib/x86_64-linux-gnu -L/usr/lib/x86_64-linux-gnu -lSDL -lSDL_mixer -o build/lib.linux-x86_64-2.6/pygame/mixer_music.so
clang: warning: argument unused during compilation: '--param ssp-buffer-size=4'
building 'pygame._numericsurfarray' extension
gcc -pthread -fno-strict-aliasing -DNDEBUG -g -fwrapv -O2 -Wall -Wstrict-prototypes -g -O2 -fstack-protector --param=ssp-buffer-size=4 -Wformat -Werror=format-security -D_FORTIFY_SOURCE=2 -fPIC -D_REENTRANT -I/usr/X11R6/include -I/usr/include/SDL -I/usr/include/python2.6 -c src/_numericsurfarray.c -o build/temp.linux-x86_64-2.6/src/_numericsurfarray.o
gcc -pthread -shared -Wl,-O1 -Wl,-Bsymbolic-functions -Wl,-z,relro -g -O2 -fstack-protector --param=ssp-buffer-size=4 -Wformat -Werror=format-security -D_FORTIFY_SOURCE=2 build/temp.linux-x86_64-2.6/src/_numericsurfarray.o -L/usr/lib/x86_64-linux-gnu -lSDL -o build/lib.linux-x86_64-2.6/pygame/_numericsurfarray.so
clang: warning: argument unused during compilation: '--param ssp-buffer-size=4'
building 'pygame._numericsndarray' extension
gcc -pthread -fno-strict-aliasing -DNDEBUG -g -fwrapv -O2 -Wall -Wstrict-prototypes -g -O2 -fstack-protector --param=ssp-buffer-size=4 -Wformat -Werror=format-security -D_FORTIFY_SOURCE=2 -fPIC -D_REENTRANT -I/usr/X11R6/include -I/usr/include/SDL -I/usr/include/SDL -I/usr/include/python2.6 -c src/_numericsndarray.c -o build/temp.linux-x86_64-2.6/src/_numericsndarray.o
gcc -pthread -shared -Wl,-O1 -Wl,-Bsymbolic-functions -Wl,-z,relro -g -O2 -fstack-protector --param=ssp-buffer-size=4 -Wformat -Werror=format-security -D_FORTIFY_SOURCE=2 build/temp.linux-x86_64-2.6/src/_numericsndarray.o -L/usr/lib/x86_64-linux-gnu -L/usr/lib/x86_64-linux-gnu -lSDL -lSDL_mixer -o build/lib.linux-x86_64-2.6/pygame/_numericsndarray.so
clang: warning: argument unused during compilation: '--param ssp-buffer-size=4'
building 'pygame.movie' extension
gcc -pthread -fno-strict-aliasing -DNDEBUG -g -fwrapv -O2 -Wall -Wstrict-prototypes -g -O2 -fstack-protector --param=ssp-buffer-size=4 -Wformat -Werror=format-security -D_FORTIFY_SOURCE=2 -fPIC -D_REENTRANT -D_REENTRANT -I/usr/X11R6/include -I/usr/include/SDL -I/usr/include/smpeg -I/usr/include/SDL -I/usr/include/python2.6 -c src/movie.c -o build/temp.linux-x86_64-2.6/src/movie.o
gcc -pthread -shared -Wl,-O1 -Wl,-Bsymbolic-functions -Wl,-z,relro -g -O2 -fstack-protector --param=ssp-buffer-size=4 -Wformat -Werror=format-security -D_FORTIFY_SOURCE=2 build/temp.linux-x86_64-2.6/src/movie.o -L/usr/lib/x86_64-linux-gnu -L/usr/lib/x86_64-linux-gnu -L/usr/lib/x86_64-linux-gnu -lSDL -lsmpeg -lSDL -o build/lib.linux-x86_64-2.6/pygame/movie.so
clang: warning: argument unused during compilation: '--param ssp-buffer-size=4'
building 'pygame.scrap' extension
gcc -pthread -fno-strict-aliasing -DNDEBUG -g -fwrapv -O2 -Wall -Wstrict-prototypes -g -O2 -fstack-protector --param=ssp-buffer-size=4 -Wformat -Werror=format-security -D_FORTIFY_SOURCE=2 -fPIC -D_REENTRANT -I/usr/X11R6/include -I/usr/include/SDL -I/usr/include/python2.6 -c src/scrap.c -o build/temp.linux-x86_64-2.6/src/scrap.o
In file included from src/scrap.c:30:
In file included from src/scrap.h:22:
In file included from /usr/include/python2.6/Python.h:8:
/usr/include/python2.6/pyconfig.h:1031:9: warning: '_POSIX_C_SOURCE' macro redefined
#define _POSIX_C_SOURCE 200112L
        ^
/usr/include/features.h:214:11: note: previous definition is here
#  define _POSIX_C_SOURCE       200809L
          ^
In file included from src/scrap.c:59:
src/scrap_x11.c:567:17: warning: assigning to 'unsigned char *' from 'char *' converts between pointers to integer types with different sign [-Wpointer-sign]
        p.value = retval;
                ^ ~~~~~~
src/scrap_x11.c:825:35: warning: incompatible pointer types passing 'int *' to parameter of type 'Py_ssize_t *' (aka 'long *') [-Wincompatible-pointer-types]
        while (PyDict_Next (dict, &pos, &key, NULL))
                                  ^~~~
/usr/include/python2.6/dictobject.h:103:31: note: passing argument to parameter 'pos' here
    PyObject *mp, Py_ssize_t *pos, PyObject **key, PyObject **value);
                              ^
3 warnings generated.
gcc -pthread -shared -Wl,-O1 -Wl,-Bsymbolic-functions -Wl,-z,relro -g -O2 -fstack-protector --param=ssp-buffer-size=4 -Wformat -Werror=format-security -D_FORTIFY_SOURCE=2 build/temp.linux-x86_64-2.6/src/scrap.o -L/usr/lib/x86_64-linux-gnu -L/usr/lib/x86_64-linux-gnu -lSDL -lX11 -o build/lib.linux-x86_64-2.6/pygame/scrap.so
clang: warning: argument unused during compilation: '--param ssp-buffer-size=4'
building 'pygame._camera' extension
gcc -pthread -fno-strict-aliasing -DNDEBUG -g -fwrapv -O2 -Wall -Wstrict-prototypes -g -O2 -fstack-protector --param=ssp-buffer-size=4 -Wformat -Werror=format-security -D_FORTIFY_SOURCE=2 -fPIC -D_REENTRANT -I/usr/include -I/usr/X11R6/include -I/usr/include/SDL -I/usr/include/python2.6 -c src/_camera.c -o build/temp.linux-x86_64-2.6/src/_camera.o
gcc -pthread -fno-strict-aliasing -DNDEBUG -g -fwrapv -O2 -Wall -Wstrict-prototypes -g -O2 -fstack-protector --param=ssp-buffer-size=4 -Wformat -Werror=format-security -D_FORTIFY_SOURCE=2 -fPIC -D_REENTRANT -I/usr/include -I/usr/X11R6/include -I/usr/include/SDL -I/usr/include/python2.6 -c src/camera_v4l2.c -o build/temp.linux-x86_64-2.6/src/camera_v4l2.o
In file included from src/camera_v4l2.c:22:
In file included from src/camera.h:20:
src/pygame.h:678:14: warning: unused variable 'PyGAME_C_API' [-Wunused-variable]
static void* PyGAME_C_API[PYGAMEAPI_TOTALSLOTS] = { NULL };
             ^
1 warning generated.
gcc -pthread -shared -Wl,-O1 -Wl,-Bsymbolic-functions -Wl,-z,relro -g -O2 -fstack-protector --param=ssp-buffer-size=4 -Wformat -Werror=format-security -D_FORTIFY_SOURCE=2 build/temp.linux-x86_64-2.6/src/_camera.o build/temp.linux-x86_64-2.6/src/camera_v4l2.o -L/usr/lib/x86_64-linux-gnu -L/usr/lib/x86_64-linux-gnu -lSDL -o build/lib.linux-x86_64-2.6/pygame/_camera.so
clang: warning: argument unused during compilation: '--param ssp-buffer-size=4'
building 'pygame.pypm' extension
gcc -pthread -fno-strict-aliasing -DNDEBUG -g -fwrapv -O2 -Wall -Wstrict-prototypes -g -O2 -fstack-protector --param=ssp-buffer-size=4 -Wformat -Werror=format-security -D_FORTIFY_SOURCE=2 -fPIC -D_REENTRANT -I/usr/X11R6/include -I/usr/include/SDL -I/usr/include -I/usr/include -I/usr/include/python2.6 -c src/pypm.c -o build/temp.linux-x86_64-2.6/src/pypm.o
src/pypm.c:653:14: warning: explicitly assigning a variable of type 'PyObject *' (aka 'struct _object *') to itself [-Wself-assign]
  __pyx_self = __pyx_self;
  ~~~~~~~~~~ ^ ~~~~~~~~~~
src/pypm.c:692:14: warning: explicitly assigning a variable of type 'PyObject *' (aka 'struct _object *') to itself [-Wself-assign]
  __pyx_self = __pyx_self;
  ~~~~~~~~~~ ^ ~~~~~~~~~~
src/pypm.c:722:14: warning: explicitly assigning a variable of type 'PyObject *' (aka 'struct _object *') to itself [-Wself-assign]
  __pyx_self = __pyx_self;
  ~~~~~~~~~~ ^ ~~~~~~~~~~
src/pypm.c:763:14: warning: explicitly assigning a variable of type 'PyObject *' (aka 'struct _object *') to itself [-Wself-assign]
  __pyx_self = __pyx_self;
  ~~~~~~~~~~ ^ ~~~~~~~~~~
src/pypm.c:804:14: warning: explicitly assigning a variable of type 'PyObject *' (aka 'struct _object *') to itself [-Wself-assign]
  __pyx_self = __pyx_self;
  ~~~~~~~~~~ ^ ~~~~~~~~~~
src/pypm.c:854:14: warning: explicitly assigning a variable of type 'PyObject *' (aka 'struct _object *') to itself [-Wself-assign]
  __pyx_self = __pyx_self;
  ~~~~~~~~~~ ^ ~~~~~~~~~~
src/pypm.c:954:14: warning: explicitly assigning a variable of type 'PyObject *' (aka 'struct _object *') to itself [-Wself-assign]
  __pyx_self = __pyx_self;
  ~~~~~~~~~~ ^ ~~~~~~~~~~
src/pypm.c:997:14: warning: explicitly assigning a variable of type 'PyObject *' (aka 'struct _object *') to itself [-Wself-assign]
  __pyx_self = __pyx_self;
  ~~~~~~~~~~ ^ ~~~~~~~~~~
src/pypm.c:1041:14: warning: explicitly assigning a variable of type 'PyObject *' (aka 'struct _object *') to itself [-Wself-assign]
  __pyx_self = __pyx_self;
  ~~~~~~~~~~ ^ ~~~~~~~~~~
9 warnings generated.
gcc -pthread -shared -Wl,-O1 -Wl,-Bsymbolic-functions -Wl,-z,relro -g -O2 -fstack-protector --param=ssp-buffer-size=4 -Wformat -Werror=format-security -D_FORTIFY_SOURCE=2 build/temp.linux-x86_64-2.6/src/pypm.o -L/usr/lib/x86_64-linux-gnu -lSDL -lportmidi -lporttime -o build/lib.linux-x86_64-2.6/pygame/pypm.so
clang: warning: argument unused during compilation: '--param ssp-buffer-size=4'
building 'pygame.gfxdraw' extension
creating build/temp.linux-x86_64-2.6/src/SDL_gfx
gcc -pthread -fno-strict-aliasing -DNDEBUG -g -fwrapv -O2 -Wall -Wstrict-prototypes -g -O2 -fstack-protector --param=ssp-buffer-size=4 -Wformat -Werror=format-security -D_FORTIFY_SOURCE=2 -fPIC -D_REENTRANT -I/usr/X11R6/include -I/usr/include/SDL -I/usr/include/python2.6 -c src/gfxdraw.c -o build/temp.linux-x86_64-2.6/src/gfxdraw.o
gcc -pthread -fno-strict-aliasing -DNDEBUG -g -fwrapv -O2 -Wall -Wstrict-prototypes -g -O2 -fstack-protector --param=ssp-buffer-size=4 -Wformat -Werror=format-security -D_FORTIFY_SOURCE=2 -fPIC -D_REENTRANT -I/usr/X11R6/include -I/usr/include/SDL -I/usr/include/python2.6 -c src/SDL_gfx/SDL_gfxPrimitives.c -o build/temp.linux-x86_64-2.6/src/SDL_gfx/SDL_gfxPrimitives.o
src/SDL_gfx/SDL_gfxPrimitives.c:1988:12: warning: unused variable 'ocx' [-Wunused-variable]
    Sint16 ocx = (Sint16) 0xffff;
           ^
src/SDL_gfx/SDL_gfxPrimitives.c:1989:12: warning: unused variable 'ocy' [-Wunused-variable]
    Sint16 ocy = (Sint16) 0xffff;
           ^
src/SDL_gfx/SDL_gfxPrimitives.c:2208:12: warning: unused variable 'ocy' [-Wunused-variable]
    Sint16 ocy = (Sint16) 0xffff;
           ^
src/SDL_gfx/SDL_gfxPrimitives.c:2207:12: warning: unused variable 'ocx' [-Wunused-variable]
    Sint16 ocx = (Sint16) 0xffff;
           ^
4 warnings generated.
gcc -pthread -shared -Wl,-O1 -Wl,-Bsymbolic-functions -Wl,-z,relro -g -O2 -fstack-protector --param=ssp-buffer-size=4 -Wformat -Werror=format-security -D_FORTIFY_SOURCE=2 build/temp.linux-x86_64-2.6/src/gfxdraw.o build/temp.linux-x86_64-2.6/src/SDL_gfx/SDL_gfxPrimitives.o -L/usr/lib/x86_64-linux-gnu -lSDL -o build/lib.linux-x86_64-2.6/pygame/gfxdraw.so
clang: warning: argument unused during compilation: '--param ssp-buffer-size=4'
building 'pygame.base' extension
gcc -pthread -fno-strict-aliasing -DNDEBUG -g -fwrapv -O2 -Wall -Wstrict-prototypes -g -O2 -fstack-protector --param=ssp-buffer-size=4 -Wformat -Werror=format-security -D_FORTIFY_SOURCE=2 -fPIC -D_REENTRANT -I/usr/X11R6/include -I/usr/include/SDL -I/usr/include/python2.6 -c src/base.c -o build/temp.linux-x86_64-2.6/src/base.o
gcc -pthread -shared -Wl,-O1 -Wl,-Bsymbolic-functions -Wl,-z,relro -g -O2 -fstack-protector --param=ssp-buffer-size=4 -Wformat -Werror=format-security -D_FORTIFY_SOURCE=2 build/temp.linux-x86_64-2.6/src/base.o -L/usr/lib/x86_64-linux-gnu -lSDL -o build/lib.linux-x86_64-2.6/pygame/base.so
clang: warning: argument unused during compilation: '--param ssp-buffer-size=4'
building 'pygame.cdrom' extension
gcc -pthread -fno-strict-aliasing -DNDEBUG -g -fwrapv -O2 -Wall -Wstrict-prototypes -g -O2 -fstack-protector --param=ssp-buffer-size=4 -Wformat -Werror=format-security -D_FORTIFY_SOURCE=2 -fPIC -D_REENTRANT -I/usr/X11R6/include -I/usr/include/SDL -I/usr/include/python2.6 -c src/cdrom.c -o build/temp.linux-x86_64-2.6/src/cdrom.o
gcc -pthread -shared -Wl,-O1 -Wl,-Bsymbolic-functions -Wl,-z,relro -g -O2 -fstack-protector --param=ssp-buffer-size=4 -Wformat -Werror=format-security -D_FORTIFY_SOURCE=2 build/temp.linux-x86_64-2.6/src/cdrom.o -L/usr/lib/x86_64-linux-gnu -lSDL -o build/lib.linux-x86_64-2.6/pygame/cdrom.so
clang: warning: argument unused during compilation: '--param ssp-buffer-size=4'
building 'pygame.color' extension
gcc -pthread -fno-strict-aliasing -DNDEBUG -g -fwrapv -O2 -Wall -Wstrict-prototypes -g -O2 -fstack-protector --param=ssp-buffer-size=4 -Wformat -Werror=format-security -D_FORTIFY_SOURCE=2 -fPIC -D_REENTRANT -I/usr/X11R6/include -I/usr/include/SDL -I/usr/include/python2.6 -c src/color.c -o build/temp.linux-x86_64-2.6/src/color.o
src/color.c:1458:13: warning: comparison of constant 9223372036854775807 with expression of type 'Uint32' (aka 'unsigned int') is always true [-Wtautological-constant-out-of-range-compare]
    if (tmp < LONG_MAX)
        ~~~ ^ ~~~~~~~~
src/color.c:1497:13: warning: comparison of constant 9223372036854775807 with expression of type 'Uint32' (aka 'unsigned int') is always true [-Wtautological-constant-out-of-range-compare]
    if (tmp < LONG_MAX)
        ~~~ ^ ~~~~~~~~
src/color.c:1513:13: warning: comparison of constant 9223372036854775807 with expression of type 'Uint32' (aka 'unsigned int') is always true [-Wtautological-constant-out-of-range-compare]
    if (tmp < LONG_MAX)
        ~~~ ^ ~~~~~~~~
3 warnings generated.
gcc -pthread -shared -Wl,-O1 -Wl,-Bsymbolic-functions -Wl,-z,relro -g -O2 -fstack-protector --param=ssp-buffer-size=4 -Wformat -Werror=format-security -D_FORTIFY_SOURCE=2 build/temp.linux-x86_64-2.6/src/color.o -L/usr/lib/x86_64-linux-gnu -lSDL -o build/lib.linux-x86_64-2.6/pygame/color.so
clang: warning: argument unused during compilation: '--param ssp-buffer-size=4'
building 'pygame.constants' extension
gcc -pthread -fno-strict-aliasing -DNDEBUG -g -fwrapv -O2 -Wall -Wstrict-prototypes -g -O2 -fstack-protector --param=ssp-buffer-size=4 -Wformat -Werror=format-security -D_FORTIFY_SOURCE=2 -fPIC -D_REENTRANT -I/usr/X11R6/include -I/usr/include/SDL -I/usr/include/python2.6 -c src/constants.c -o build/temp.linux-x86_64-2.6/src/constants.o
gcc -pthread -shared -Wl,-O1 -Wl,-Bsymbolic-functions -Wl,-z,relro -g -O2 -fstack-protector --param=ssp-buffer-size=4 -Wformat -Werror=format-security -D_FORTIFY_SOURCE=2 build/temp.linux-x86_64-2.6/src/constants.o -L/usr/lib/x86_64-linux-gnu -lSDL -o build/lib.linux-x86_64-2.6/pygame/constants.so
clang: warning: argument unused during compilation: '--param ssp-buffer-size=4'
building 'pygame.display' extension
gcc -pthread -fno-strict-aliasing -DNDEBUG -g -fwrapv -O2 -Wall -Wstrict-prototypes -g -O2 -fstack-protector --param=ssp-buffer-size=4 -Wformat -Werror=format-security -D_FORTIFY_SOURCE=2 -fPIC -D_REENTRANT -I/usr/X11R6/include -I/usr/include/SDL -I/usr/include/python2.6 -c src/display.c -o build/temp.linux-x86_64-2.6/src/display.o
src/display.c:855:9: warning: expression result unused [-Wunused-value]
        RAISE (PyExc_RuntimeError, "Memory not allocated for c_uint16_array.");
        ^~~~~~~~~~~~~~~~~~~~~~~~~~~~~~~~~~~~~~~~~~~~~~~~~~~~~~~~~~~~~~~~~~~~~~
src/pygame.h:109:59: note: expanded from macro 'RAISE'
#define RAISE(x,y) (PyErr_SetString((x), (y)), (PyObject*)NULL)
                                                          ^~~~
/usr/include/clang/3.2/include/stddef.h:52:24: note: expanded from macro 'NULL'
#  define NULL ((void*)0)
                       ^
src/display.c:861:9: warning: expression result unused [-Wunused-value]
        RAISE (PyExc_TypeError, "Array must be sequence type");
        ^~~~~~~~~~~~~~~~~~~~~~~~~~~~~~~~~~~~~~~~~~~~~~~~~~~~~~
src/pygame.h:109:59: note: expanded from macro 'RAISE'
#define RAISE(x,y) (PyErr_SetString((x), (y)), (PyObject*)NULL)
                                                          ^~~~
/usr/include/clang/3.2/include/stddef.h:52:24: note: expanded from macro 'NULL'
#  define NULL ((void*)0)
                       ^
src/display.c:867:9: warning: expression result unused [-Wunused-value]
        RAISE (PyExc_ValueError, "gamma ramp must be 256 elements long");
        ^~~~~~~~~~~~~~~~~~~~~~~~~~~~~~~~~~~~~~~~~~~~~~~~~~~~~~~~~~~~~~~~
src/pygame.h:109:59: note: expanded from macro 'RAISE'
#define RAISE(x,y) (PyErr_SetString((x), (y)), (PyObject*)NULL)
                                                          ^~~~
/usr/include/clang/3.2/include/stddef.h:52:24: note: expanded from macro 'NULL'
#  define NULL ((void*)0)
                       ^
src/display.c:875:13: warning: expression result unused [-Wunused-value]
            RAISE (PyExc_ValueError,
            ^~~~~~~~~~~~~~~~~~~~~~~~
src/pygame.h:109:59: note: expanded from macro 'RAISE'
#define RAISE(x,y) (PyErr_SetString((x), (y)), (PyObject*)NULL)
                                                          ^~~~
/usr/include/clang/3.2/include/stddef.h:52:24: note: expanded from macro 'NULL'
#  define NULL ((void*)0)
                       ^
4 warnings generated.
gcc -pthread -shared -Wl,-O1 -Wl,-Bsymbolic-functions -Wl,-z,relro -g -O2 -fstack-protector --param=ssp-buffer-size=4 -Wformat -Werror=format-security -D_FORTIFY_SOURCE=2 build/temp.linux-x86_64-2.6/src/display.o -L/usr/lib/x86_64-linux-gnu -lSDL -o build/lib.linux-x86_64-2.6/pygame/display.so
clang: warning: argument unused during compilation: '--param ssp-buffer-size=4'
building 'pygame.event' extension
gcc -pthread -fno-strict-aliasing -DNDEBUG -g -fwrapv -O2 -Wall -Wstrict-prototypes -g -O2 -fstack-protector --param=ssp-buffer-size=4 -Wformat -Werror=format-security -D_FORTIFY_SOURCE=2 -fPIC -D_REENTRANT -I/usr/X11R6/include -I/usr/include/SDL -I/usr/include/python2.6 -c src/event.c -o build/temp.linux-x86_64-2.6/src/event.o
src/event.c:396:9: warning: expression result unused [-Wunused-value]
        RAISE (PyExc_AttributeError, "event member not defined");
        ^~~~~~~~~~~~~~~~~~~~~~~~~~~~~~~~~~~~~~~~~~~~~~~~~~~~~~~~
src/pygame.h:109:59: note: expanded from macro 'RAISE'
#define RAISE(x,y) (PyErr_SetString((x), (y)), (PyObject*)NULL)
                                                          ^~~~
/usr/include/clang/3.2/include/stddef.h:52:24: note: expanded from macro 'NULL'
#  define NULL ((void*)0)
                       ^
1 warning generated.
gcc -pthread -shared -Wl,-O1 -Wl,-Bsymbolic-functions -Wl,-z,relro -g -O2 -fstack-protector --param=ssp-buffer-size=4 -Wformat -Werror=format-security -D_FORTIFY_SOURCE=2 build/temp.linux-x86_64-2.6/src/event.o -L/usr/lib/x86_64-linux-gnu -lSDL -o build/lib.linux-x86_64-2.6/pygame/event.so
clang: warning: argument unused during compilation: '--param ssp-buffer-size=4'
building 'pygame.fastevent' extension
gcc -pthread -fno-strict-aliasing -DNDEBUG -g -fwrapv -O2 -Wall -Wstrict-prototypes -g -O2 -fstack-protector --param=ssp-buffer-size=4 -Wformat -Werror=format-security -D_FORTIFY_SOURCE=2 -fPIC -D_REENTRANT -I/usr/X11R6/include -I/usr/include/SDL -I/usr/include/python2.6 -c src/fastevent.c -o build/temp.linux-x86_64-2.6/src/fastevent.o
gcc -pthread -fno-strict-aliasing -DNDEBUG -g -fwrapv -O2 -Wall -Wstrict-prototypes -g -O2 -fstack-protector --param=ssp-buffer-size=4 -Wformat -Werror=format-security -D_FORTIFY_SOURCE=2 -fPIC -D_REENTRANT -I/usr/X11R6/include -I/usr/include/SDL -I/usr/include/python2.6 -c src/fastevents.c -o build/temp.linux-x86_64-2.6/src/fastevents.o
gcc -pthread -shared -Wl,-O1 -Wl,-Bsymbolic-functions -Wl,-z,relro -g -O2 -fstack-protector --param=ssp-buffer-size=4 -Wformat -Werror=format-security -D_FORTIFY_SOURCE=2 build/temp.linux-x86_64-2.6/src/fastevent.o build/temp.linux-x86_64-2.6/src/fastevents.o -L/usr/lib/x86_64-linux-gnu -lSDL -o build/lib.linux-x86_64-2.6/pygame/fastevent.so
clang: warning: argument unused during compilation: '--param ssp-buffer-size=4'
building 'pygame.key' extension
gcc -pthread -fno-strict-aliasing -DNDEBUG -g -fwrapv -O2 -Wall -Wstrict-prototypes -g -O2 -fstack-protector --param=ssp-buffer-size=4 -Wformat -Werror=format-security -D_FORTIFY_SOURCE=2 -fPIC -D_REENTRANT -I/usr/X11R6/include -I/usr/include/SDL -I/usr/include/python2.6 -c src/key.c -o build/temp.linux-x86_64-2.6/src/key.o
gcc -pthread -shared -Wl,-O1 -Wl,-Bsymbolic-functions -Wl,-z,relro -g -O2 -fstack-protector --param=ssp-buffer-size=4 -Wformat -Werror=format-security -D_FORTIFY_SOURCE=2 build/temp.linux-x86_64-2.6/src/key.o -L/usr/lib/x86_64-linux-gnu -lSDL -o build/lib.linux-x86_64-2.6/pygame/key.so
clang: warning: argument unused during compilation: '--param ssp-buffer-size=4'
building 'pygame.mouse' extension
gcc -pthread -fno-strict-aliasing -DNDEBUG -g -fwrapv -O2 -Wall -Wstrict-prototypes -g -O2 -fstack-protector --param=ssp-buffer-size=4 -Wformat -Werror=format-security -D_FORTIFY_SOURCE=2 -fPIC -D_REENTRANT -I/usr/X11R6/include -I/usr/include/SDL -I/usr/include/python2.6 -c src/mouse.c -o build/temp.linux-x86_64-2.6/src/mouse.o
gcc -pthread -shared -Wl,-O1 -Wl,-Bsymbolic-functions -Wl,-z,relro -g -O2 -fstack-protector --param=ssp-buffer-size=4 -Wformat -Werror=format-security -D_FORTIFY_SOURCE=2 build/temp.linux-x86_64-2.6/src/mouse.o -L/usr/lib/x86_64-linux-gnu -lSDL -o build/lib.linux-x86_64-2.6/pygame/mouse.so
clang: warning: argument unused during compilation: '--param ssp-buffer-size=4'
building 'pygame.rect' extension
gcc -pthread -fno-strict-aliasing -DNDEBUG -g -fwrapv -O2 -Wall -Wstrict-prototypes -g -O2 -fstack-protector --param=ssp-buffer-size=4 -Wformat -Werror=format-security -D_FORTIFY_SOURCE=2 -fPIC -D_REENTRANT -I/usr/X11R6/include -I/usr/include/SDL -I/usr/include/python2.6 -c src/rect.c -o build/temp.linux-x86_64-2.6/src/rect.o
src/rect.c:311:13: warning: expression result unused [-Wunused-value]
            RAISE (PyExc_TypeError,
            ^~~~~~~~~~~~~~~~~~~~~~~
src/pygame.h:109:59: note: expanded from macro 'RAISE'
#define RAISE(x,y) (PyErr_SetString((x), (y)), (PyObject*)NULL)
                                                          ^~~~
/usr/include/clang/3.2/include/stddef.h:52:24: note: expanded from macro 'NULL'
#  define NULL ((void*)0)
                       ^
src/rect.c:354:13: warning: expression result unused [-Wunused-value]
            RAISE (PyExc_TypeError,
            ^~~~~~~~~~~~~~~~~~~~~~~
src/pygame.h:109:59: note: expanded from macro 'RAISE'
#define RAISE(x,y) (PyErr_SetString((x), (y)), (PyObject*)NULL)
                                                          ^~~~
/usr/include/clang/3.2/include/stddef.h:52:24: note: expanded from macro 'NULL'
#  define NULL ((void*)0)
                       ^
src/rect.c:422:13: warning: expression result unused [-Wunused-value]
            RAISE (PyExc_TypeError,
            ^~~~~~~~~~~~~~~~~~~~~~~
src/pygame.h:109:59: note: expanded from macro 'RAISE'
#define RAISE(x,y) (PyErr_SetString((x), (y)), (PyObject*)NULL)
                                                          ^~~~
/usr/include/clang/3.2/include/stddef.h:52:24: note: expanded from macro 'NULL'
#  define NULL ((void*)0)
                       ^
src/rect.c:512:17: warning: expression result unused [-Wunused-value]
                RAISE (PyExc_TypeError,
                ^~~~~~~~~~~~~~~~~~~~~~~
src/pygame.h:109:59: note: expanded from macro 'RAISE'
#define RAISE(x,y) (PyErr_SetString((x), (y)), (PyObject*)NULL)
                                                          ^~~~
/usr/include/clang/3.2/include/stddef.h:52:24: note: expanded from macro 'NULL'
#  define NULL ((void*)0)
                       ^
src/rect.c:519:17: warning: expression result unused [-Wunused-value]
                RAISE (PyExc_TypeError,
                ^~~~~~~~~~~~~~~~~~~~~~~
src/pygame.h:109:59: note: expanded from macro 'RAISE'
#define RAISE(x,y) (PyErr_SetString((x), (y)), (PyObject*)NULL)
                                                          ^~~~
/usr/include/clang/3.2/include/stddef.h:52:24: note: expanded from macro 'NULL'
#  define NULL ((void*)0)
                       ^
src/rect.c:818:9: warning: expression result unused [-Wunused-value]
        RAISE (PyExc_IndexError, "Invalid rect Index");
        ^~~~~~~~~~~~~~~~~~~~~~~~~~~~~~~~~~~~~~~~~~~~~~
src/pygame.h:109:59: note: expanded from macro 'RAISE'
#define RAISE(x,y) (PyErr_SetString((x), (y)), (PyObject*)NULL)
                                                          ^~~~
/usr/include/clang/3.2/include/stddef.h:52:24: note: expanded from macro 'NULL'
#  define NULL ((void*)0)
                       ^
src/rect.c:823:9: warning: expression result unused [-Wunused-value]
        RAISE (PyExc_TypeError, "Must assign numeric values");
        ^~~~~~~~~~~~~~~~~~~~~~~~~~~~~~~~~~~~~~~~~~~~~~~~~~~~~
src/pygame.h:109:59: note: expanded from macro 'RAISE'
#define RAISE(x,y) (PyErr_SetString((x), (y)), (PyObject*)NULL)
                                                          ^~~~
/usr/include/clang/3.2/include/stddef.h:52:24: note: expanded from macro 'NULL'
#  define NULL ((void*)0)
                       ^
src/rect.c:874:9: warning: expression result unused [-Wunused-value]
        RAISE (PyExc_TypeError, "Assigned slice must be a sequence");
        ^~~~~~~~~~~~~~~~~~~~~~~~~~~~~~~~~~~~~~~~~~~~~~~~~~~~~~~~~~~~
src/pygame.h:109:59: note: expanded from macro 'RAISE'
#define RAISE(x,y) (PyErr_SetString((x), (y)), (PyObject*)NULL)
                                                          ^~~~
/usr/include/clang/3.2/include/stddef.h:52:24: note: expanded from macro 'NULL'
#  define NULL ((void*)0)
                       ^
src/rect.c:898:9: warning: expression result unused [-Wunused-value]
        RAISE (PyExc_ValueError, "Assigned slice must be same length");
        ^~~~~~~~~~~~~~~~~~~~~~~~~~~~~~~~~~~~~~~~~~~~~~~~~~~~~~~~~~~~~~
src/pygame.h:109:59: note: expanded from macro 'RAISE'
#define RAISE(x,y) (PyErr_SetString((x), (y)), (PyObject*)NULL)
                                                          ^~~~
/usr/include/clang/3.2/include/stddef.h:52:24: note: expanded from macro 'NULL'
#  define NULL ((void*)0)
                       ^
src/rect.c:1107:9: warning: expression result unused [-Wunused-value]
        RAISE (PyExc_TypeError, "invalid rect assignment");
        ^~~~~~~~~~~~~~~~~~~~~~~~~~~~~~~~~~~~~~~~~~~~~~~~~~
src/pygame.h:109:59: note: expanded from macro 'RAISE'
#define RAISE(x,y) (PyErr_SetString((x), (y)), (PyObject*)NULL)
                                                          ^~~~
/usr/include/clang/3.2/include/stddef.h:52:24: note: expanded from macro 'NULL'
#  define NULL ((void*)0)
                       ^
src/rect.c:1127:9: warning: expression result unused [-Wunused-value]
        RAISE (PyExc_TypeError, "invalid rect assignment");
        ^~~~~~~~~~~~~~~~~~~~~~~~~~~~~~~~~~~~~~~~~~~~~~~~~~
src/pygame.h:109:59: note: expanded from macro 'RAISE'
#define RAISE(x,y) (PyErr_SetString((x), (y)), (PyObject*)NULL)
                                                          ^~~~
/usr/include/clang/3.2/include/stddef.h:52:24: note: expanded from macro 'NULL'
#  define NULL ((void*)0)
                       ^
src/rect.c:1147:9: warning: expression result unused [-Wunused-value]
        RAISE (PyExc_TypeError, "invalid rect assignment");
        ^~~~~~~~~~~~~~~~~~~~~~~~~~~~~~~~~~~~~~~~~~~~~~~~~~
src/pygame.h:109:59: note: expanded from macro 'RAISE'
#define RAISE(x,y) (PyErr_SetString((x), (y)), (PyObject*)NULL)
                                                          ^~~~
/usr/include/clang/3.2/include/stddef.h:52:24: note: expanded from macro 'NULL'
#  define NULL ((void*)0)
                       ^
src/rect.c:1167:9: warning: expression result unused [-Wunused-value]
        RAISE (PyExc_TypeError, "invalid rect assignment");
        ^~~~~~~~~~~~~~~~~~~~~~~~~~~~~~~~~~~~~~~~~~~~~~~~~~
src/pygame.h:109:59: note: expanded from macro 'RAISE'
#define RAISE(x,y) (PyErr_SetString((x), (y)), (PyObject*)NULL)
                                                          ^~~~
/usr/include/clang/3.2/include/stddef.h:52:24: note: expanded from macro 'NULL'
#  define NULL ((void*)0)
                       ^
src/rect.c:1187:9: warning: expression result unused [-Wunused-value]
        RAISE (PyExc_TypeError, "invalid rect assignment");
        ^~~~~~~~~~~~~~~~~~~~~~~~~~~~~~~~~~~~~~~~~~~~~~~~~~
src/pygame.h:109:59: note: expanded from macro 'RAISE'
#define RAISE(x,y) (PyErr_SetString((x), (y)), (PyObject*)NULL)
                                                          ^~~~
/usr/include/clang/3.2/include/stddef.h:52:24: note: expanded from macro 'NULL'
#  define NULL ((void*)0)
                       ^
src/rect.c:1207:9: warning: expression result unused [-Wunused-value]
        RAISE (PyExc_TypeError, "invalid rect assignment");
        ^~~~~~~~~~~~~~~~~~~~~~~~~~~~~~~~~~~~~~~~~~~~~~~~~~
src/pygame.h:109:59: note: expanded from macro 'RAISE'
#define RAISE(x,y) (PyErr_SetString((x), (y)), (PyObject*)NULL)
                                                          ^~~~
/usr/include/clang/3.2/include/stddef.h:52:24: note: expanded from macro 'NULL'
#  define NULL ((void*)0)
                       ^
src/rect.c:1227:9: warning: expression result unused [-Wunused-value]
        RAISE (PyExc_TypeError, "invalid rect assignment");
        ^~~~~~~~~~~~~~~~~~~~~~~~~~~~~~~~~~~~~~~~~~~~~~~~~~
src/pygame.h:109:59: note: expanded from macro 'RAISE'
#define RAISE(x,y) (PyErr_SetString((x), (y)), (PyObject*)NULL)
                                                          ^~~~
/usr/include/clang/3.2/include/stddef.h:52:24: note: expanded from macro 'NULL'
#  define NULL ((void*)0)
                       ^
src/rect.c:1247:9: warning: expression result unused [-Wunused-value]
        RAISE (PyExc_TypeError, "invalid rect assignment");
        ^~~~~~~~~~~~~~~~~~~~~~~~~~~~~~~~~~~~~~~~~~~~~~~~~~
src/pygame.h:109:59: note: expanded from macro 'RAISE'
#define RAISE(x,y) (PyErr_SetString((x), (y)), (PyObject*)NULL)
                                                          ^~~~
/usr/include/clang/3.2/include/stddef.h:52:24: note: expanded from macro 'NULL'
#  define NULL ((void*)0)
                       ^
src/rect.c:1268:9: warning: expression result unused [-Wunused-value]
        RAISE (PyExc_TypeError, "invalid rect assignment");
        ^~~~~~~~~~~~~~~~~~~~~~~~~~~~~~~~~~~~~~~~~~~~~~~~~~
src/pygame.h:109:59: note: expanded from macro 'RAISE'
#define RAISE(x,y) (PyErr_SetString((x), (y)), (PyObject*)NULL)
                                                          ^~~~
/usr/include/clang/3.2/include/stddef.h:52:24: note: expanded from macro 'NULL'
#  define NULL ((void*)0)
                       ^
src/rect.c:1289:9: warning: expression result unused [-Wunused-value]
        RAISE (PyExc_TypeError, "invalid rect assignment");
        ^~~~~~~~~~~~~~~~~~~~~~~~~~~~~~~~~~~~~~~~~~~~~~~~~~
src/pygame.h:109:59: note: expanded from macro 'RAISE'
#define RAISE(x,y) (PyErr_SetString((x), (y)), (PyObject*)NULL)
                                                          ^~~~
/usr/include/clang/3.2/include/stddef.h:52:24: note: expanded from macro 'NULL'
#  define NULL ((void*)0)
                       ^
src/rect.c:1310:9: warning: expression result unused [-Wunused-value]
        RAISE (PyExc_TypeError, "invalid rect assignment");
        ^~~~~~~~~~~~~~~~~~~~~~~~~~~~~~~~~~~~~~~~~~~~~~~~~~
src/pygame.h:109:59: note: expanded from macro 'RAISE'
#define RAISE(x,y) (PyErr_SetString((x), (y)), (PyObject*)NULL)
                                                          ^~~~
/usr/include/clang/3.2/include/stddef.h:52:24: note: expanded from macro 'NULL'
#  define NULL ((void*)0)
                       ^
src/rect.c:1331:9: warning: expression result unused [-Wunused-value]
        RAISE (PyExc_TypeError, "invalid rect assignment");
        ^~~~~~~~~~~~~~~~~~~~~~~~~~~~~~~~~~~~~~~~~~~~~~~~~~
src/pygame.h:109:59: note: expanded from macro 'RAISE'
#define RAISE(x,y) (PyErr_SetString((x), (y)), (PyObject*)NULL)
                                                          ^~~~
/usr/include/clang/3.2/include/stddef.h:52:24: note: expanded from macro 'NULL'
#  define NULL ((void*)0)
                       ^
src/rect.c:1352:9: warning: expression result unused [-Wunused-value]
        RAISE (PyExc_TypeError, "invalid rect assignment");
        ^~~~~~~~~~~~~~~~~~~~~~~~~~~~~~~~~~~~~~~~~~~~~~~~~~
src/pygame.h:109:59: note: expanded from macro 'RAISE'
#define RAISE(x,y) (PyErr_SetString((x), (y)), (PyObject*)NULL)
                                                          ^~~~
/usr/include/clang/3.2/include/stddef.h:52:24: note: expanded from macro 'NULL'
#  define NULL ((void*)0)
                       ^
src/rect.c:1374:9: warning: expression result unused [-Wunused-value]
        RAISE (PyExc_TypeError, "invalid rect assignment");
        ^~~~~~~~~~~~~~~~~~~~~~~~~~~~~~~~~~~~~~~~~~~~~~~~~~
src/pygame.h:109:59: note: expanded from macro 'RAISE'
#define RAISE(x,y) (PyErr_SetString((x), (y)), (PyObject*)NULL)
                                                          ^~~~
/usr/include/clang/3.2/include/stddef.h:52:24: note: expanded from macro 'NULL'
#  define NULL ((void*)0)
                       ^
src/rect.c:1396:9: warning: expression result unused [-Wunused-value]
        RAISE (PyExc_TypeError, "invalid rect assignment");
        ^~~~~~~~~~~~~~~~~~~~~~~~~~~~~~~~~~~~~~~~~~~~~~~~~~
src/pygame.h:109:59: note: expanded from macro 'RAISE'
#define RAISE(x,y) (PyErr_SetString((x), (y)), (PyObject*)NULL)
                                                          ^~~~
/usr/include/clang/3.2/include/stddef.h:52:24: note: expanded from macro 'NULL'
#  define NULL ((void*)0)
                       ^
src/rect.c:1418:9: warning: expression result unused [-Wunused-value]
        RAISE (PyExc_TypeError, "invalid rect assignment");
        ^~~~~~~~~~~~~~~~~~~~~~~~~~~~~~~~~~~~~~~~~~~~~~~~~~
src/pygame.h:109:59: note: expanded from macro 'RAISE'
#define RAISE(x,y) (PyErr_SetString((x), (y)), (PyObject*)NULL)
                                                          ^~~~
/usr/include/clang/3.2/include/stddef.h:52:24: note: expanded from macro 'NULL'
#  define NULL ((void*)0)
                       ^
src/rect.c:1439:9: warning: expression result unused [-Wunused-value]
        RAISE (PyExc_TypeError, "invalid rect assignment");
        ^~~~~~~~~~~~~~~~~~~~~~~~~~~~~~~~~~~~~~~~~~~~~~~~~~
src/pygame.h:109:59: note: expanded from macro 'RAISE'
#define RAISE(x,y) (PyErr_SetString((x), (y)), (PyObject*)NULL)
                                                          ^~~~
/usr/include/clang/3.2/include/stddef.h:52:24: note: expanded from macro 'NULL'
#  define NULL ((void*)0)
                       ^
src/rect.c:1549:9: warning: expression result unused [-Wunused-value]
        RAISE (PyExc_TypeError, "Argument must be rect style object");
        ^~~~~~~~~~~~~~~~~~~~~~~~~~~~~~~~~~~~~~~~~~~~~~~~~~~~~~~~~~~~~
src/pygame.h:109:59: note: expanded from macro 'RAISE'
#define RAISE(x,y) (PyErr_SetString((x), (y)), (PyObject*)NULL)
                                                          ^~~~
/usr/include/clang/3.2/include/stddef.h:52:24: note: expanded from macro 'NULL'
#  define NULL ((void*)0)
                       ^
27 warnings generated.
gcc -pthread -shared -Wl,-O1 -Wl,-Bsymbolic-functions -Wl,-z,relro -g -O2 -fstack-protector --param=ssp-buffer-size=4 -Wformat -Werror=format-security -D_FORTIFY_SOURCE=2 build/temp.linux-x86_64-2.6/src/rect.o -L/usr/lib/x86_64-linux-gnu -lSDL -o build/lib.linux-x86_64-2.6/pygame/rect.so
clang: warning: argument unused during compilation: '--param ssp-buffer-size=4'
building 'pygame.rwobject' extension
gcc -pthread -fno-strict-aliasing -DNDEBUG -g -fwrapv -O2 -Wall -Wstrict-prototypes -g -O2 -fstack-protector --param=ssp-buffer-size=4 -Wformat -Werror=format-security -D_FORTIFY_SOURCE=2 -fPIC -D_REENTRANT -I/usr/X11R6/include -I/usr/include/SDL -I/usr/include/python2.6 -c src/rwobject.c -o build/temp.linux-x86_64-2.6/src/rwobject.o
gcc -pthread -shared -Wl,-O1 -Wl,-Bsymbolic-functions -Wl,-z,relro -g -O2 -fstack-protector --param=ssp-buffer-size=4 -Wformat -Werror=format-security -D_FORTIFY_SOURCE=2 build/temp.linux-x86_64-2.6/src/rwobject.o -L/usr/lib/x86_64-linux-gnu -lSDL -o build/lib.linux-x86_64-2.6/pygame/rwobject.so
clang: warning: argument unused during compilation: '--param ssp-buffer-size=4'
building 'pygame.surface' extension
gcc -pthread -fno-strict-aliasing -DNDEBUG -g -fwrapv -O2 -Wall -Wstrict-prototypes -g -O2 -fstack-protector --param=ssp-buffer-size=4 -Wformat -Werror=format-security -D_FORTIFY_SOURCE=2 -fPIC -D_REENTRANT -I/usr/X11R6/include -I/usr/include/SDL -I/usr/include/python2.6 -c src/surface.c -o build/temp.linux-x86_64-2.6/src/surface.o
In file included from src/surface.c:26:
In file included from src/surface.h:28:
In file included from src/pygame.h:75:
In file included from /usr/include/python2.6/Python.h:8:
/usr/include/python2.6/pyconfig.h:1031:9: warning: '_POSIX_C_SOURCE' macro redefined
#define _POSIX_C_SOURCE 200112L
        ^
/usr/include/features.h:214:11: note: previous definition is here
#  define _POSIX_C_SOURCE       200809L
          ^
src/surface.c:352:13: warning: expression result unused [-Wunused-value]
            RAISE (PyExc_ValueError, "size needs to be (int width, int height)");
            ^~~~~~~~~~~~~~~~~~~~~~~~~~~~~~~~~~~~~~~~~~~~~~~~~~~~~~~~~~~~~~~~~~~~
src/pygame.h:109:59: note: expanded from macro 'RAISE'
#define RAISE(x,y) (PyErr_SetString((x), (y)), (PyObject*)NULL)
                                                          ^~~~
/usr/include/clang/3.2/include/stddef.h:52:24: note: expanded from macro 'NULL'
#  define NULL ((void*)0)
                       ^
src/surface.c:356:9: warning: expression result unused [-Wunused-value]
        RAISE (PyExc_ValueError, "size needs to be (int width, int height)");
        ^~~~~~~~~~~~~~~~~~~~~~~~~~~~~~~~~~~~~~~~~~~~~~~~~~~~~~~~~~~~~~~~~~~~
src/pygame.h:109:59: note: expanded from macro 'RAISE'
#define RAISE(x,y) (PyErr_SetString((x), (y)), (PyObject*)NULL)
                                                          ^~~~
/usr/include/clang/3.2/include/stddef.h:52:24: note: expanded from macro 'NULL'
#  define NULL ((void*)0)
                       ^
src/surface.c:362:9: warning: expression result unused [-Wunused-value]
        RAISE (PyExc_SDLError, "Invalid resolution for Surface");
        ^~~~~~~~~~~~~~~~~~~~~~~~~~~~~~~~~~~~~~~~~~~~~~~~~~~~~~~~
src/pygame.h:109:59: note: expanded from macro 'RAISE'
#define RAISE(x,y) (PyErr_SetString((x), (y)), (PyObject*)NULL)
                                                          ^~~~
/usr/include/clang/3.2/include/stddef.h:52:24: note: expanded from macro 'NULL'
#  define NULL ((void*)0)
                       ^
src/surface.c:372:13: warning: expression result unused [-Wunused-value]
            RAISE (PyExc_ValueError, "cannot pass surface for depth and color masks");
            ^~~~~~~~~~~~~~~~~~~~~~~~~~~~~~~~~~~~~~~~~~~~~~~~~~~~~~~~~~~~~~~~~~~~~~~~~
src/pygame.h:109:59: note: expanded from macro 'RAISE'
#define RAISE(x,y) (PyErr_SetString((x), (y)), (PyObject*)NULL)
                                                          ^~~~
/usr/include/clang/3.2/include/stddef.h:52:24: note: expanded from macro 'NULL'
#  define NULL ((void*)0)
                       ^
src/surface.c:376:13: warning: expression result unused [-Wunused-value]
            RAISE (PyExc_ValueError, "invalid bits per pixel depth argument");
            ^~~~~~~~~~~~~~~~~~~~~~~~~~~~~~~~~~~~~~~~~~~~~~~~~~~~~~~~~~~~~~~~~
src/pygame.h:109:59: note: expanded from macro 'RAISE'
#define RAISE(x,y) (PyErr_SetString((x), (y)), (PyObject*)NULL)
                                                          ^~~~
/usr/include/clang/3.2/include/stddef.h:52:24: note: expanded from macro 'NULL'
#  define NULL ((void*)0)
                       ^
src/surface.c:380:13: warning: expression result unused [-Wunused-value]
            RAISE (PyExc_ValueError, "masks argument must be sequence of four numbers");
            ^~~~~~~~~~~~~~~~~~~~~~~~~~~~~~~~~~~~~~~~~~~~~~~~~~~~~~~~~~~~~~~~~~~~~~~~~~~
src/pygame.h:109:59: note: expanded from macro 'RAISE'
#define RAISE(x,y) (PyErr_SetString((x), (y)), (PyObject*)NULL)
                                                          ^~~~
/usr/include/clang/3.2/include/stddef.h:52:24: note: expanded from macro 'NULL'
#  define NULL ((void*)0)
                       ^
src/surface.c:387:13: warning: expression result unused [-Wunused-value]
            RAISE (PyExc_ValueError, "invalid mask values in masks sequence");
            ^~~~~~~~~~~~~~~~~~~~~~~~~~~~~~~~~~~~~~~~~~~~~~~~~~~~~~~~~~~~~~~~~
src/pygame.h:109:59: note: expanded from macro 'RAISE'
#define RAISE(x,y) (PyErr_SetString((x), (y)), (PyObject*)NULL)
                                                          ^~~~
/usr/include/clang/3.2/include/stddef.h:52:24: note: expanded from macro 'NULL'
#  define NULL ((void*)0)
                       ^
src/surface.c:394:13: warning: expression result unused [-Wunused-value]
            RAISE (PyExc_ValueError, "invalid bits per pixel depth argument");
            ^~~~~~~~~~~~~~~~~~~~~~~~~~~~~~~~~~~~~~~~~~~~~~~~~~~~~~~~~~~~~~~~~
src/pygame.h:109:59: note: expanded from macro 'RAISE'
#define RAISE(x,y) (PyErr_SetString((x), (y)), (PyObject*)NULL)
                                                          ^~~~
/usr/include/clang/3.2/include/stddef.h:52:24: note: expanded from macro 'NULL'
#  define NULL ((void*)0)
                       ^
src/surface.c:414:17: warning: expression result unused [-Wunused-value]
                RAISE (PyExc_ValueError, "no standard masks exist for given bitdepth with alpha");
                ^~~~~~~~~~~~~~~~~~~~~~~~~~~~~~~~~~~~~~~~~~~~~~~~~~~~~~~~~~~~~~~~~~~~~~~~~~~~~~~~~
src/pygame.h:109:59: note: expanded from macro 'RAISE'
#define RAISE(x,y) (PyErr_SetString((x), (y)), (PyObject*)NULL)
                                                          ^~~~
/usr/include/clang/3.2/include/stddef.h:52:24: note: expanded from macro 'NULL'
#  define NULL ((void*)0)
                       ^
src/surface.c:450:17: warning: expression result unused [-Wunused-value]
                RAISE (PyExc_ValueError, "nonstandard bit depth given");
                ^~~~~~~~~~~~~~~~~~~~~~~~~~~~~~~~~~~~~~~~~~~~~~~~~~~~~~~
src/pygame.h:109:59: note: expanded from macro 'RAISE'
#define RAISE(x,y) (PyErr_SetString((x), (y)), (PyObject*)NULL)
                                                          ^~~~
/usr/include/clang/3.2/include/stddef.h:52:24: note: expanded from macro 'NULL'
#  define NULL ((void*)0)
                       ^
src/surface.c:495:17: warning: expression result unused [-Wunused-value]
                RAISE (PyExc_ValueError, "no standard masks exist for given bitdepth with alpha");
                ^~~~~~~~~~~~~~~~~~~~~~~~~~~~~~~~~~~~~~~~~~~~~~~~~~~~~~~~~~~~~~~~~~~~~~~~~~~~~~~~~
src/pygame.h:109:59: note: expanded from macro 'RAISE'
#define RAISE(x,y) (PyErr_SetString((x), (y)), (PyObject*)NULL)
                                                          ^~~~
/usr/include/clang/3.2/include/stddef.h:52:24: note: expanded from macro 'NULL'
#  define NULL ((void*)0)
                       ^
src/surface.c:512:9: warning: expression result unused [-Wunused-value]
        RAISE (PyExc_SDLError, SDL_GetError ());
        ^~~~~~~~~~~~~~~~~~~~~~~~~~~~~~~~~~~~~~~
src/pygame.h:109:59: note: expanded from macro 'RAISE'
#define RAISE(x,y) (PyErr_SetString((x), (y)), (PyObject*)NULL)
                                                          ^~~~
/usr/include/clang/3.2/include/stddef.h:52:24: note: expanded from macro 'NULL'
#  define NULL ((void*)0)
                       ^
src/surface.c:537:6: warning: expression result unused [-Wunused-value]
            RAISE (PyExc_ValueError, "Invalid mask values");
            ^~~~~~~~~~~~~~~~~~~~~~~~~~~~~~~~~~~~~~~~~~~~~~~
src/pygame.h:109:59: note: expanded from macro 'RAISE'
#define RAISE(x,y) (PyErr_SetString((x), (y)), (PyObject*)NULL)
                                                          ^~~~
/usr/include/clang/3.2/include/stddef.h:52:24: note: expanded from macro 'NULL'
#  define NULL ((void*)0)
                       ^
src/surface.c:2329:9: warning: expression result unused [-Wunused-value]
        RAISE (PyExc_SDLError, SDL_GetError ());
        ^~~~~~~~~~~~~~~~~~~~~~~~~~~~~~~~~~~~~~~
src/pygame.h:109:59: note: expanded from macro 'RAISE'
#define RAISE(x,y) (PyErr_SetString((x), (y)), (PyObject*)NULL)
                                                          ^~~~
/usr/include/clang/3.2/include/stddef.h:52:24: note: expanded from macro 'NULL'
#  define NULL ((void*)0)
                       ^
src/surface.c:2331:9: warning: expression result unused [-Wunused-value]
        RAISE (PyExc_SDLError, "Surface was lost");
        ^~~~~~~~~~~~~~~~~~~~~~~~~~~~~~~~~~~~~~~~~~
src/pygame.h:109:59: note: expanded from macro 'RAISE'
#define RAISE(x,y) (PyErr_SetString((x), (y)), (PyObject*)NULL)
                                                          ^~~~
/usr/include/clang/3.2/include/stddef.h:52:24: note: expanded from macro 'NULL'
#  define NULL ((void*)0)
                       ^
16 warnings generated.
gcc -pthread -fno-strict-aliasing -DNDEBUG -g -fwrapv -O2 -Wall -Wstrict-prototypes -g -O2 -fstack-protector --param=ssp-buffer-size=4 -Wformat -Werror=format-security -D_FORTIFY_SOURCE=2 -fPIC -D_REENTRANT -I/usr/X11R6/include -I/usr/include/SDL -I/usr/include/python2.6 -c src/alphablit.c -o build/temp.linux-x86_64-2.6/src/alphablit.o
In file included from src/alphablit.c:25:
In file included from src/surface.h:28:
In file included from src/pygame.h:75:
In file included from /usr/include/python2.6/Python.h:8:
/usr/include/python2.6/pyconfig.h:1031:9: warning: '_POSIX_C_SOURCE' macro redefined
#define _POSIX_C_SOURCE 200112L
        ^
/usr/include/features.h:214:11: note: previous definition is here
#  define _POSIX_C_SOURCE       200809L
          ^
In file included from src/alphablit.c:25:
In file included from src/surface.h:28:
src/pygame.h:678:14: warning: unused variable 'PyGAME_C_API' [-Wunused-variable]
static void* PyGAME_C_API[PYGAMEAPI_TOTALSLOTS] = { NULL };
             ^
2 warnings generated.
gcc -pthread -fno-strict-aliasing -DNDEBUG -g -fwrapv -O2 -Wall -Wstrict-prototypes -g -O2 -fstack-protector --param=ssp-buffer-size=4 -Wformat -Werror=format-security -D_FORTIFY_SOURCE=2 -fPIC -D_REENTRANT -I/usr/X11R6/include -I/usr/include/SDL -I/usr/include/python2.6 -c src/surface_fill.c -o build/temp.linux-x86_64-2.6/src/surface_fill.o
In file included from src/surface_fill.c:20:
In file included from src/surface.h:28:
In file included from src/pygame.h:75:
In file included from /usr/include/python2.6/Python.h:8:
/usr/include/python2.6/pyconfig.h:1031:9: warning: '_POSIX_C_SOURCE' macro redefined
#define _POSIX_C_SOURCE 200112L
        ^
/usr/include/features.h:214:11: note: previous definition is here
#  define _POSIX_C_SOURCE       200809L
          ^
In file included from src/surface_fill.c:20:
In file included from src/surface.h:28:
src/pygame.h:678:14: warning: unused variable 'PyGAME_C_API' [-Wunused-variable]
static void* PyGAME_C_API[PYGAMEAPI_TOTALSLOTS] = { NULL };
             ^
2 warnings generated.
gcc -pthread -shared -Wl,-O1 -Wl,-Bsymbolic-functions -Wl,-z,relro -g -O2 -fstack-protector --param=ssp-buffer-size=4 -Wformat -Werror=format-security -D_FORTIFY_SOURCE=2 build/temp.linux-x86_64-2.6/src/surface.o build/temp.linux-x86_64-2.6/src/alphablit.o build/temp.linux-x86_64-2.6/src/surface_fill.o -L/usr/lib/x86_64-linux-gnu -lSDL -o build/lib.linux-x86_64-2.6/pygame/surface.so
clang: warning: argument unused during compilation: '--param ssp-buffer-size=4'
building 'pygame.surflock' extension
gcc -pthread -fno-strict-aliasing -DNDEBUG -g -fwrapv -O2 -Wall -Wstrict-prototypes -g -O2 -fstack-protector --param=ssp-buffer-size=4 -Wformat -Werror=format-security -D_FORTIFY_SOURCE=2 -fPIC -D_REENTRANT -I/usr/X11R6/include -I/usr/include/SDL -I/usr/include/python2.6 -c src/surflock.c -o build/temp.linux-x86_64-2.6/src/surflock.o
gcc -pthread -shared -Wl,-O1 -Wl,-Bsymbolic-functions -Wl,-z,relro -g -O2 -fstack-protector --param=ssp-buffer-size=4 -Wformat -Werror=format-security -D_FORTIFY_SOURCE=2 build/temp.linux-x86_64-2.6/src/surflock.o -L/usr/lib/x86_64-linux-gnu -lSDL -o build/lib.linux-x86_64-2.6/pygame/surflock.so
clang: warning: argument unused during compilation: '--param ssp-buffer-size=4'
building 'pygame.time' extension
gcc -pthread -fno-strict-aliasing -DNDEBUG -g -fwrapv -O2 -Wall -Wstrict-prototypes -g -O2 -fstack-protector --param=ssp-buffer-size=4 -Wformat -Werror=format-security -D_FORTIFY_SOURCE=2 -fPIC -D_REENTRANT -I/usr/X11R6/include -I/usr/include/SDL -I/usr/include/python2.6 -c src/time.c -o build/temp.linux-x86_64-2.6/src/time.o
src/time.c:54:13: warning: expression result unused [-Wunused-value]
            RAISE (PyExc_SDLError, SDL_GetError ());
            ^~~~~~~~~~~~~~~~~~~~~~~~~~~~~~~~~~~~~~~
src/pygame.h:109:59: note: expanded from macro 'RAISE'
#define RAISE(x,y) (PyErr_SetString((x), (y)), (PyObject*)NULL)
                                                          ^~~~
/usr/include/clang/3.2/include/stddef.h:52:24: note: expanded from macro 'NULL'
#  define NULL ((void*)0)
                       ^
src/time.c:128:13: warning: expression result unused [-Wunused-value]
            RAISE (PyExc_SDLError, SDL_GetError ());
            ^~~~~~~~~~~~~~~~~~~~~~~~~~~~~~~~~~~~~~~
src/pygame.h:109:59: note: expanded from macro 'RAISE'
#define RAISE(x,y) (PyErr_SetString((x), (y)), (PyObject*)NULL)
                                                          ^~~~
/usr/include/clang/3.2/include/stddef.h:52:24: note: expanded from macro 'NULL'
#  define NULL ((void*)0)
                       ^
src/time.c:216:17: warning: expression result unused [-Wunused-value]
                RAISE (PyExc_SDLError, SDL_GetError ());
                ^~~~~~~~~~~~~~~~~~~~~~~~~~~~~~~~~~~~~~~
src/pygame.h:109:59: note: expanded from macro 'RAISE'
#define RAISE(x,y) (PyErr_SetString((x), (y)), (PyObject*)NULL)
                                                          ^~~~
/usr/include/clang/3.2/include/stddef.h:52:24: note: expanded from macro 'NULL'
#  define NULL ((void*)0)
                       ^
3 warnings generated.
gcc -pthread -shared -Wl,-O1 -Wl,-Bsymbolic-functions -Wl,-z,relro -g -O2 -fstack-protector --param=ssp-buffer-size=4 -Wformat -Werror=format-security -D_FORTIFY_SOURCE=2 build/temp.linux-x86_64-2.6/src/time.o -L/usr/lib/x86_64-linux-gnu -lSDL -o build/lib.linux-x86_64-2.6/pygame/time.so
clang: warning: argument unused during compilation: '--param ssp-buffer-size=4'
building 'pygame.joystick' extension
gcc -pthread -fno-strict-aliasing -DNDEBUG -g -fwrapv -O2 -Wall -Wstrict-prototypes -g -O2 -fstack-protector --param=ssp-buffer-size=4 -Wformat -Werror=format-security -D_FORTIFY_SOURCE=2 -fPIC -D_REENTRANT -I/usr/X11R6/include -I/usr/include/SDL -I/usr/include/python2.6 -c src/joystick.c -o build/temp.linux-x86_64-2.6/src/joystick.o
gcc -pthread -shared -Wl,-O1 -Wl,-Bsymbolic-functions -Wl,-z,relro -g -O2 -fstack-protector --param=ssp-buffer-size=4 -Wformat -Werror=format-security -D_FORTIFY_SOURCE=2 build/temp.linux-x86_64-2.6/src/joystick.o -L/usr/lib/x86_64-linux-gnu -lSDL -o build/lib.linux-x86_64-2.6/pygame/joystick.so
clang: warning: argument unused during compilation: '--param ssp-buffer-size=4'
building 'pygame.draw' extension
gcc -pthread -fno-strict-aliasing -DNDEBUG -g -fwrapv -O2 -Wall -Wstrict-prototypes -g -O2 -fstack-protector --param=ssp-buffer-size=4 -Wformat -Werror=format-security -D_FORTIFY_SOURCE=2 -fPIC -D_REENTRANT -I/usr/X11R6/include -I/usr/include/SDL -I/usr/include/python2.6 -c src/draw.c -o build/temp.linux-x86_64-2.6/src/draw.o
gcc -pthread -shared -Wl,-O1 -Wl,-Bsymbolic-functions -Wl,-z,relro -g -O2 -fstack-protector --param=ssp-buffer-size=4 -Wformat -Werror=format-security -D_FORTIFY_SOURCE=2 build/temp.linux-x86_64-2.6/src/draw.o -L/usr/lib/x86_64-linux-gnu -lSDL -o build/lib.linux-x86_64-2.6/pygame/draw.so
clang: warning: argument unused during compilation: '--param ssp-buffer-size=4'
building 'pygame.image' extension
gcc -pthread -fno-strict-aliasing -DNDEBUG -g -fwrapv -O2 -Wall -Wstrict-prototypes -g -O2 -fstack-protector --param=ssp-buffer-size=4 -Wformat -Werror=format-security -D_FORTIFY_SOURCE=2 -fPIC -D_REENTRANT -I/usr/X11R6/include -I/usr/include/SDL -I/usr/include/python2.6 -c src/image.c -o build/temp.linux-x86_64-2.6/src/image.o
src/image.c:126:9: warning: expression result unused [-Wunused-value]
        RAISE (PyExc_RuntimeError, "Cannot get video surface.");
        ^~~~~~~~~~~~~~~~~~~~~~~~~~~~~~~~~~~~~~~~~~~~~~~~~~~~~~~
src/pygame.h:109:59: note: expanded from macro 'RAISE'
#define RAISE(x,y) (PyErr_SetString((x), (y)), (PyObject*)NULL)
                                                          ^~~~
/usr/include/clang/3.2/include/stddef.h:52:24: note: expanded from macro 'NULL'
#  define NULL ((void*)0)
                       ^
src/image.c:132:9: warning: expression result unused [-Wunused-value]
        RAISE (PyExc_RuntimeError, "Cannot find glReadPixels function.");
        ^~~~~~~~~~~~~~~~~~~~~~~~~~~~~~~~~~~~~~~~~~~~~~~~~~~~~~~~~~~~~~~~
src/pygame.h:109:59: note: expanded from macro 'RAISE'
#define RAISE(x,y) (PyErr_SetString((x), (y)), (PyObject*)NULL)
                                                          ^~~~
/usr/include/clang/3.2/include/stddef.h:52:24: note: expanded from macro 'NULL'
#  define NULL ((void*)0)
                       ^
src/image.c:144:9: warning: expression result unused [-Wunused-value]
        RAISE (PyExc_MemoryError, "Cannot allocate enough memory for pixels.");
        ^~~~~~~~~~~~~~~~~~~~~~~~~~~~~~~~~~~~~~~~~~~~~~~~~~~~~~~~~~~~~~~~~~~~~~
src/pygame.h:109:59: note: expanded from macro 'RAISE'
#define RAISE(x,y) (PyErr_SetString((x), (y)), (PyObject*)NULL)
                                                          ^~~~
/usr/include/clang/3.2/include/stddef.h:52:24: note: expanded from macro 'NULL'
#  define NULL ((void*)0)
                       ^
src/image.c:164:9: warning: expression result unused [-Wunused-value]
        RAISE (PyExc_SDLError, SDL_GetError ());
        ^~~~~~~~~~~~~~~~~~~~~~~~~~~~~~~~~~~~~~~
src/pygame.h:109:59: note: expanded from macro 'RAISE'
#define RAISE(x,y) (PyErr_SetString((x), (y)), (PyObject*)NULL)
                                                          ^~~~
/usr/include/clang/3.2/include/stddef.h:52:24: note: expanded from macro 'NULL'
#  define NULL ((void*)0)
                       ^
4 warnings generated.
gcc -pthread -shared -Wl,-O1 -Wl,-Bsymbolic-functions -Wl,-z,relro -g -O2 -fstack-protector --param=ssp-buffer-size=4 -Wformat -Werror=format-security -D_FORTIFY_SOURCE=2 build/temp.linux-x86_64-2.6/src/image.o -L/usr/lib/x86_64-linux-gnu -lSDL -o build/lib.linux-x86_64-2.6/pygame/image.so
clang: warning: argument unused during compilation: '--param ssp-buffer-size=4'
building 'pygame.overlay' extension
gcc -pthread -fno-strict-aliasing -DNDEBUG -g -fwrapv -O2 -Wall -Wstrict-prototypes -g -O2 -fstack-protector --param=ssp-buffer-size=4 -Wformat -Werror=format-security -D_FORTIFY_SOURCE=2 -fPIC -D_REENTRANT -I/usr/X11R6/include -I/usr/include/SDL -I/usr/include/python2.6 -c src/overlay.c -o build/temp.linux-x86_64-2.6/src/overlay.o
gcc -pthread -shared -Wl,-O1 -Wl,-Bsymbolic-functions -Wl,-z,relro -g -O2 -fstack-protector --param=ssp-buffer-size=4 -Wformat -Werror=format-security -D_FORTIFY_SOURCE=2 build/temp.linux-x86_64-2.6/src/overlay.o -L/usr/lib/x86_64-linux-gnu -lSDL -o build/lib.linux-x86_64-2.6/pygame/overlay.so
clang: warning: argument unused during compilation: '--param ssp-buffer-size=4'
building 'pygame.transform' extension
gcc -pthread -fno-strict-aliasing -DNDEBUG -g -fwrapv -O2 -Wall -Wstrict-prototypes -g -O2 -fstack-protector --param=ssp-buffer-size=4 -Wformat -Werror=format-security -D_FORTIFY_SOURCE=2 -fPIC -D_REENTRANT -I/usr/X11R6/include -I/usr/include/SDL -I/usr/include/python2.6 -c src/transform.c -o build/temp.linux-x86_64-2.6/src/transform.o
gcc -pthread -fno-strict-aliasing -DNDEBUG -g -fwrapv -O2 -Wall -Wstrict-prototypes -g -O2 -fstack-protector --param=ssp-buffer-size=4 -Wformat -Werror=format-security -D_FORTIFY_SOURCE=2 -fPIC -D_REENTRANT -I/usr/X11R6/include -I/usr/include/SDL -I/usr/include/python2.6 -c src/rotozoom.c -o build/temp.linux-x86_64-2.6/src/rotozoom.o
gcc -pthread -fno-strict-aliasing -DNDEBUG -g -fwrapv -O2 -Wall -Wstrict-prototypes -g -O2 -fstack-protector --param=ssp-buffer-size=4 -Wformat -Werror=format-security -D_FORTIFY_SOURCE=2 -fPIC -D_REENTRANT -I/usr/X11R6/include -I/usr/include/SDL -I/usr/include/python2.6 -c src/scale2x.c -o build/temp.linux-x86_64-2.6/src/scale2x.o
gcc -pthread -fno-strict-aliasing -DNDEBUG -g -fwrapv -O2 -Wall -Wstrict-prototypes -g -O2 -fstack-protector --param=ssp-buffer-size=4 -Wformat -Werror=format-security -D_FORTIFY_SOURCE=2 -fPIC -D_REENTRANT -I/usr/X11R6/include -I/usr/include/SDL -I/usr/include/python2.6 -c src/scale_mmx.c -o build/temp.linux-x86_64-2.6/src/scale_mmx.o
In file included from src/scale_mmx.c:33:
src/scale_mmx64.c:424:27: error: invalid instruction mnemonic 'movsxl'
        asm __volatile__( " /* MMX code for inner loop of X bilinear filter */ "
                          ^
<inline asm>:1:190: note: instantiated into assembly here
         /* MMX code for inner loop of X bilinear filter */  movl             36(%rsp),      %ecx;            pxor          %mm0,      %mm0;           1:                                           movsxl         (%r14),      %rax;            add              $4,         %r14;            movq           (%rbp),      %mm1;            add              $8,         %rbp;            movq           (%rbx),      %mm2;            add              $8,         %rbx;            movd   (%r8,%rax,4),      %mm4;            movd  4(%r8,%rax,4),      %mm5;            punpcklbw     %mm0,      %mm4;            punpcklbw     %mm0,      %mm5;            pmullw        %mm1,      %mm4;            pmullw        %mm2,      %mm5;            paddw         %mm4,      %mm5;            psrlw            $8,      %mm5;            packuswb      %mm0,      %mm5;            movd          %mm5,       (%r9);            add              $4,         %r9;            decl          %ecx;                        jne              1b;                        emms;                                      
         ~~~~~~~~~~~~~~~~~~~~~~~~~~~~~~~~~~~~~~~~~~~~~~~~~~~~~~~~~~~~~~~~~~~~~~~~~~~~~~~~~~~~~~~~~~~~~~~~~~~~~~~~~~~~~~~~~~~~~~~~~~~~~~~~~~~~~~~~~~~~~~~~~~~~~~~~~~~~~~~~~~~~~~~~~~~~~~~~~~~~~~~~~~~^~~~~~~~~~~~~~~~~~~~~~~~~~~~~~~~~~~~~~~~~~~~~~~~~~~~~~~~~~~~~~~~~~~~~~~~~~~~~~~~~~~~~~~~~~~~~~~~~~~~~~~~~~~~~~~~~~~~~~~~~~~~~~~~~~~~~~~~~~~~~~~~~~~~~~~~~~~~~~~~~~~~~~~~~~~~~~~~~~~~~~~~~~~~~~~~~~~~~~~~~~~~~~~~~~~~~~~~~~~~~~~~~~~~~~~~~~~~~~~~~~~~~~~~~~~~~~~~~~~~~~~~~~~~~~~~~~~~~~~~~~~~~~~~~~~~~~~~~~~~~~~~~~~~~~~~~~~~~~~~~~~~~~~~~~~~~~~~~~~~~~~~~~~~~~~~~~~~~~~~~~~~~~~~~~~~~~~~~~~~~~~~~~~~~~~~~~~~~~~~~~~~~~~~~~~~~~~~~~~~~~~~~~~~~~~~~~~~~~~~~~~~~~~~~~~~~~~~~~~~~~~~~~~~~~~~~~~~~~~~~~~~~~~~~~~~~~~~~~~~~~~~~~~~~~~~~~~~~~~~~~~~~~~~~~~~~~~~~~~~~~~~~~~~~~~~~~~~~~~~~~~~~~~~~~~~~~~~~~~~~~~~~~~~~~~~~~~~~~~~~~~~~~~~~~~~~~~~~~~~~~~~~~~~~~~~~~~~~~~~~~~~~~~~~~~~~~~~~~~~~~~~~~~~~~~~~~~~~~~~~~~~~~~~~~~~~~~~~~~~~~~~~~~~~~~~~~~~~~~~~~~~~~~~~~~~~~~~~~~~~~~~~~~~~~~~~~~~~~~~~~~~~~~~~~~~~~~~~~~~~~~~~~~~~~~~~~~~~~~~~~~~~~~~~~~~~~~~~~~~~~~~~~~~~~~~~~~
In file included from src/scale_mmx.c:33:
src/scale_mmx64.c:499:27: error: invalid instruction mnemonic 'movsxl'
        asm __volatile__( " /* MMX code for inner loop of X bilinear filter */ "
                          ^
<inline asm>:1:190: note: instantiated into assembly here
         /* MMX code for inner loop of X bilinear filter */  movl             36(%rsp),      %ecx;            pxor          %mm0,      %mm0;           1:                                           movsxl         (%r14),      %rax;            add              $4,         %r14;            movq           (%rbp),      %mm1;            add              $8,         %rbp;            movq           (%rbx),      %mm2;            add              $8,         %rbx;            movd   (%r8,%rax,4),      %mm4;            movd  4(%r8,%rax,4),      %mm5;            punpcklbw     %mm0,      %mm4;            punpcklbw     %mm0,      %mm5;            pmullw        %mm1,      %mm4;            pmullw        %mm2,      %mm5;            paddw         %mm4,      %mm5;            psrlw            $8,      %mm5;            packuswb      %mm0,      %mm5;            movd          %mm5,       (%r9);            add              $4,         %r9;            decl          %ecx;                        jne              1b;                        emms;                                      
         ~~~~~~~~~~~~~~~~~~~~~~~~~~~~~~~~~~~~~~~~~~~~~~~~~~~~~~~~~~~~~~~~~~~~~~~~~~~~~~~~~~~~~~~~~~~~~~~~~~~~~~~~~~~~~~~~~~~~~~~~~~~~~~~~~~~~~~~~~~~~~~~~~~~~~~~~~~~~~~~~~~~~~~~~~~~~~~~~~~~~~~~~~~~^~~~~~~~~~~~~~~~~~~~~~~~~~~~~~~~~~~~~~~~~~~~~~~~~~~~~~~~~~~~~~~~~~~~~~~~~~~~~~~~~~~~~~~~~~~~~~~~~~~~~~~~~~~~~~~~~~~~~~~~~~~~~~~~~~~~~~~~~~~~~~~~~~~~~~~~~~~~~~~~~~~~~~~~~~~~~~~~~~~~~~~~~~~~~~~~~~~~~~~~~~~~~~~~~~~~~~~~~~~~~~~~~~~~~~~~~~~~~~~~~~~~~~~~~~~~~~~~~~~~~~~~~~~~~~~~~~~~~~~~~~~~~~~~~~~~~~~~~~~~~~~~~~~~~~~~~~~~~~~~~~~~~~~~~~~~~~~~~~~~~~~~~~~~~~~~~~~~~~~~~~~~~~~~~~~~~~~~~~~~~~~~~~~~~~~~~~~~~~~~~~~~~~~~~~~~~~~~~~~~~~~~~~~~~~~~~~~~~~~~~~~~~~~~~~~~~~~~~~~~~~~~~~~~~~~~~~~~~~~~~~~~~~~~~~~~~~~~~~~~~~~~~~~~~~~~~~~~~~~~~~~~~~~~~~~~~~~~~~~~~~~~~~~~~~~~~~~~~~~~~~~~~~~~~~~~~~~~~~~~~~~~~~~~~~~~~~~~~~~~~~~~~~~~~~~~~~~~~~~~~~~~~~~~~~~~~~~~~~~~~~~~~~~~~~~~~~~~~~~~~~~~~~~~~~~~~~~~~~~~~~~~~~~~~~~~~~~~~~~~~~~~~~~~~~~~~~~~~~~~~~~~~~~~~~~~~~~~~~~~~~~~~~~~~~~~~~~~~~~~~~~~~~~~~~~~~~~~~~~~~~~~~~~~~~~~~~~~~~~~~~~~~~~~~~~~~~~~~~~~~~~~~~~~~~~~~~~
2 errors generated.
error: command 'gcc' failed with exit status 1
dh_auto_build: python2.6 setup.py build --force returned exit code 1
make: *** [build-arch] Error 1
dpkg-buildpackage: error: debian/rules build-arch gave error exit status 2
────────────────────────────────────────────────────────────────────────────────
Build finished at 20130202-0320

Finished
────────

E: Build failure (dpkg-buildpackage died)

┌──────────────────────────────────────────────────────────────────────────────┐
│ Cleanup                                                                      │
└──────────────────────────────────────────────────────────────────────────────┘

Purging /«BUILDDIR»
Not cleaning session: cloned chroot in use

┌──────────────────────────────────────────────────────────────────────────────┐
│ Summary                                                                      │
└──────────────────────────────────────────────────────────────────────────────┘

Architecture: amd64
Build-Space: 15512
Build-Time: 20
Distribution: unstable
Fail-Stage: build
Install-Time: 20
Job: pygame_1.9.1release+dfsg-8
Package: pygame
Package-Time: 65
Source-Version: 1.9.1release+dfsg-8
Space: 15512
Status: attempted
Version: 1.9.1release+dfsg-8
────────────────────────────────────────────────────────────────────────────────
Finished at 20130202-0320
Build needed 00:01:05, 15512k disc space
DC-Status: Failed 65.058838s
DC-Time-Estimation: 65.058838 versus expected 140 (r/m: 1.15189825554523 ; m: 65.058838)
