DC-Build-Header: pywavelets 0.2.0-5 / Sat Feb 02 03:26:03 +0000 2013
DC-Task: logfile:/tmp/pywavelets_0.2.0-5_unstable_clang.log version:0.2.0-5 modes:binary-only:clang chroot:unstable source:pywavelets esttime:94 architecture:any
DC-Sbuild-call: su user -c 'sbuild -n --apt-update -d unstable -v  --chroot-setup-commands=/tmp/switch-to-clang pywavelets_0.2.0-5'
Could not create '/sbuild-nonexistent/logs': No such file or directory
Could not create '/sbuild-nonexistent/logs': No such file or directory
sbuild (Debian sbuild) 0.62.5 (13 Jul 2011) on ip-10-28-52-139.ec2.internal

╔══════════════════════════════════════════════════════════════════════════════╗
║ pywavelets 0.2.0-5 (amd64)                                 02 Feb 2013 03:26 ║
╚══════════════════════════════════════════════════════════════════════════════╝

Package: pywavelets
Version: 0.2.0-5
Source Version: 0.2.0-5
Distribution: unstable
Architecture: amd64

I: NOTICE: Log filtering will replace 'build/pywavelets-A0n684/pywavelets-0.2.0' with '«PKGBUILDDIR»'
I: NOTICE: Log filtering will replace 'build/pywavelets-A0n684' with '«BUILDDIR»'
I: NOTICE: Log filtering will replace 'var/lib/schroot/mount/unstable-amd64-sbuild-9eb46470-62c6-4449-a984-d792510682ac' with '«CHROOT»'

┌──────────────────────────────────────────────────────────────────────────────┐
│ Update chroot                                                                │
└──────────────────────────────────────────────────────────────────────────────┘

Ign http://localhost unstable InRelease
Get:1 http://localhost unstable Release.gpg [836 B]
Get:2 http://localhost unstable Release [227 kB]
Ign http://localhost unstable/main Sources/DiffIndex
Ign http://localhost unstable/main amd64 Packages/DiffIndex
Get:3 http://localhost unstable/main Translation-en/DiffIndex [7876 B]
Get:4 http://localhost unstable/main 2013-02-01-2012.11.pdiff [40 B]
Get:5 http://localhost unstable/main 2013-02-01-2012.11.pdiff [40 B]
Get:6 http://localhost unstable/main Sources [8235 kB]
Get:7 http://localhost unstable/main amd64 Packages [8278 kB]
Fetched 16.7 MB in 3s (4192 kB/s)
Reading package lists...
Reading package lists...
Building dependency tree...
Reading state information...
0 upgraded, 0 newly installed, 0 to remove and 0 not upgraded.

┌──────────────────────────────────────────────────────────────────────────────┐
│ Fetch source files                                                           │
└──────────────────────────────────────────────────────────────────────────────┘


Check APT
─────────

Checking available source versions...

Download source files with APT
──────────────────────────────

Reading package lists...
Building dependency tree...
Reading state information...
NOTICE: 'pywavelets' packaging is maintained in the 'Svn' version control system at:
svn://svn.debian.org/python-modules/packages/pywavelets/trunk/
Need to get 772 kB of source archives.
Get:1 http://localhost/debian/ unstable/main pywavelets 0.2.0-5 (dsc) [2103 B]
Get:2 http://localhost/debian/ unstable/main pywavelets 0.2.0-5 (tar) [764 kB]
Get:3 http://localhost/debian/ unstable/main pywavelets 0.2.0-5 (diff) [6388 B]
Fetched 772 kB in 0s (1104 kB/s)
Download complete and in download only mode

Check arch
──────────


┌──────────────────────────────────────────────────────────────────────────────┐
│ Chroot Setup Commands                                                        │
└──────────────────────────────────────────────────────────────────────────────┘


/tmp/switch-to-clang
────────────────────

+ echo 'Entering customization script...'
Entering customization script...
+ echo 'Add an unstable version of clang as repository'
Add an unstable version of clang as repository
+ echo deb http://clang.ecranbleu.org/apt/debian unstable main
+ apt-get update
Ign http://localhost unstable InRelease
Hit http://localhost unstable Release.gpg
Hit http://localhost unstable Release
Ign http://clang.ecranbleu.org unstable InRelease
Ign http://localhost unstable/main Sources/DiffIndex
Ign http://clang.ecranbleu.org unstable Release.gpg
Get:1 http://clang.ecranbleu.org unstable Release [1616 B]
Ign http://localhost unstable/main amd64 Packages/DiffIndex
Hit http://localhost unstable/main Translation-en/DiffIndex
Get:2 http://clang.ecranbleu.org unstable/main amd64 Packages [2354 B]
Hit http://localhost unstable/main Sources
Ign http://clang.ecranbleu.org unstable/main Translation-en
Hit http://localhost unstable/main amd64 Packages
Fetched 3970 B in 1s (2623 B/s)
Reading package lists...
+ echo 'Install of clang'
Install of clang
+ apt-get update
Ign http://localhost unstable InRelease
Hit http://localhost unstable Release.gpg
Hit http://localhost unstable Release
Ign http://clang.ecranbleu.org unstable InRelease
Ign http://localhost unstable/main Sources/DiffIndex
Ign http://clang.ecranbleu.org unstable Release.gpg
Hit http://clang.ecranbleu.org unstable Release
Ign http://localhost unstable/main amd64 Packages/DiffIndex
Ign http://clang.ecranbleu.org unstable/main amd64 Packages/DiffIndex
Hit http://localhost unstable/main Translation-en/DiffIndex
Hit http://localhost unstable/main Sources
Hit http://localhost unstable/main amd64 Packages
Hit http://clang.ecranbleu.org unstable/main amd64 Packages
Ign http://clang.ecranbleu.org unstable/main Translation-en
Reading package lists...
+ apt-get install --yes --no-install-recommends --force-yes clang
Reading package lists...
Building dependency tree...
Reading state information...
The following extra packages will be installed:
  clang-3.2 compiler-rt libclang-common-dev libexpat1 libffi5 libllvm3.2
  libncursesw5 libsqlite3-0 libssl1.0.0 mime-support python python-minimal
  python2.7 python2.7-minimal
Suggested packages:
  python-doc python-tk python2.7-doc binfmt-support
Recommended packages:
  llvm-3.2-dev file
The following NEW packages will be installed:
  clang clang-3.2 compiler-rt libclang-common-dev libexpat1 libffi5 libllvm3.2
  libncursesw5 libsqlite3-0 libssl1.0.0 mime-support python python-minimal
  python2.7 python2.7-minimal
0 upgraded, 15 newly installed, 0 to remove and 0 not upgraded.
Need to get 25.3 MB of archives.
After this operation, 70.1 MB of additional disk space will be used.
WARNING: The following packages cannot be authenticated!
  libclang-common-dev compiler-rt clang-3.2 clang
Get:1 http://localhost/debian/ unstable/main libncursesw5 amd64 5.9-10 [141 kB]
Get:2 http://localhost/debian/ unstable/main libssl1.0.0 amd64 1.0.1c-4 [1213 kB]
Get:3 http://localhost/debian/ unstable/main libsqlite3-0 amd64 3.7.15.2-1 [463 kB]
Get:4 http://localhost/debian/ unstable/main libexpat1 amd64 2.1.0-1 [141 kB]
Get:5 http://localhost/debian/ unstable/main libffi5 amd64 3.0.10-3 [24.8 kB]
Get:6 http://localhost/debian/ unstable/main libllvm3.2 amd64 3.2-2 [7865 kB]
Get:7 http://clang.ecranbleu.org/apt/debian/ unstable/main libclang-common-dev amd64 3.2-2 [303 kB]
Get:8 http://localhost/debian/ unstable/main mime-support all 3.52-2 [35.2 kB]
Get:9 http://localhost/debian/ unstable/main python2.7-minimal amd64 2.7.3-6 [1783 kB]
Get:10 http://localhost/debian/ unstable/main python2.7 amd64 2.7.3-6 [2729 kB]
Get:11 http://localhost/debian/ unstable/main python-minimal all 2.7.3-3 [42.5 kB]
Get:12 http://localhost/debian/ unstable/main python all 2.7.3-3 [179 kB]
Get:13 http://clang.ecranbleu.org/apt/debian/ unstable/main compiler-rt amd64 3.2-2 [312 kB]
Get:14 http://clang.ecranbleu.org/apt/debian/ unstable/main clang-3.2 amd64 3.2-2 [10.0 MB]
Get:15 http://clang.ecranbleu.org/apt/debian/ unstable/main clang all 3.2-2 [9558 B]
debconf: delaying package configuration, since apt-utils is not installed
Fetched 25.3 MB in 2s (8485 kB/s)
Selecting previously unselected package libncursesw5:amd64.
(Reading database ... 13484 files and directories currently installed.)
Unpacking libncursesw5:amd64 (from .../libncursesw5_5.9-10_amd64.deb) ...
Selecting previously unselected package libssl1.0.0:amd64.
Unpacking libssl1.0.0:amd64 (from .../libssl1.0.0_1.0.1c-4_amd64.deb) ...
Selecting previously unselected package libsqlite3-0:amd64.
Unpacking libsqlite3-0:amd64 (from .../libsqlite3-0_3.7.15.2-1_amd64.deb) ...
Selecting previously unselected package libexpat1:amd64.
Unpacking libexpat1:amd64 (from .../libexpat1_2.1.0-1_amd64.deb) ...
Selecting previously unselected package libffi5:amd64.
Unpacking libffi5:amd64 (from .../libffi5_3.0.10-3_amd64.deb) ...
Selecting previously unselected package libllvm3.2:amd64.
Unpacking libllvm3.2:amd64 (from .../libllvm3.2_3.2-2_amd64.deb) ...
Selecting previously unselected package mime-support.
Unpacking mime-support (from .../mime-support_3.52-2_all.deb) ...
Selecting previously unselected package python2.7-minimal.
Unpacking python2.7-minimal (from .../python2.7-minimal_2.7.3-6_amd64.deb) ...
Selecting previously unselected package python2.7.
Unpacking python2.7 (from .../python2.7_2.7.3-6_amd64.deb) ...
Selecting previously unselected package python-minimal.
Unpacking python-minimal (from .../python-minimal_2.7.3-3_all.deb) ...
Selecting previously unselected package python.
Unpacking python (from .../python_2.7.3-3_all.deb) ...
Selecting previously unselected package libclang-common-dev.
Unpacking libclang-common-dev (from .../libclang-common-dev_3.2-2_amd64.deb) ...
Selecting previously unselected package compiler-rt.
Unpacking compiler-rt (from .../compiler-rt_3.2-2_amd64.deb) ...
Selecting previously unselected package clang-3.2.
Unpacking clang-3.2 (from .../clang-3.2_3.2-2_amd64.deb) ...
Selecting previously unselected package clang.
Unpacking clang (from .../archives/clang_3.2-2_all.deb) ...
Setting up libncursesw5:amd64 (5.9-10) ...
Setting up libssl1.0.0:amd64 (1.0.1c-4) ...
debconf: unable to initialize frontend: Dialog
debconf: (Dialog frontend will not work on a dumb terminal, an emacs shell buffer, or without a controlling terminal.)
debconf: falling back to frontend: Readline
debconf: unable to initialize frontend: Readline
debconf: (This frontend requires a controlling tty.)
debconf: falling back to frontend: Teletype
Setting up libsqlite3-0:amd64 (3.7.15.2-1) ...
Setting up libexpat1:amd64 (2.1.0-1) ...
Setting up libffi5:amd64 (3.0.10-3) ...
Setting up libllvm3.2:amd64 (3.2-2) ...
Setting up mime-support (3.52-2) ...
Setting up python2.7-minimal (2.7.3-6) ...
Linking and byte-compiling packages for runtime python2.7...
Setting up python2.7 (2.7.3-6) ...
Setting up python-minimal (2.7.3-3) ...
Setting up python (2.7.3-3) ...
Setting up libclang-common-dev (3.2-2) ...
Setting up compiler-rt (3.2-2) ...
Setting up clang-3.2 (3.2-2) ...
Setting up clang (3.2-2) ...
+ echo 'Replace gcc, g++ & cpp by clang'
Replace gcc, g++ & cpp by clang
+ VERSIONS='4.6 4.7'
+ cd /usr/bin
+ for VERSION in '$VERSIONS'
+ rm g++-4.6 gcc-4.6 cpp-4.6
+ ln -s clang++ g++-4.6
+ ln -s clang gcc-4.6
+ ln -s clang cpp-4.6
+ for VERSION in '$VERSIONS'
+ rm g++-4.7 gcc-4.7 cpp-4.7
+ ln -s clang++ g++-4.7
+ ln -s clang gcc-4.7
+ ln -s clang cpp-4.7
+ cd -
/«BUILDDIR»
+ echo 'Block the installation of new gcc version'
Block the installation of new gcc version
+ echo 'gcc-4.6 hold'
+ dpkg --set-selections
+ echo 'cpp-4.6 hold'
+ dpkg --set-selections
+ dpkg --set-selections
+ echo 'g++-4.6 hold'
+ dpkg --set-selections
+ echo 'gcc-4.7 hold'
+ dpkg --set-selections
+ echo 'cpp-4.7 hold'
+ echo 'g++-4.7 hold'
+ dpkg --set-selections
+ echo 'Check if gcc, g++ & cpp are actually clang'
Check if gcc, g++ & cpp are actually clang
+ gcc --version
+ grep clang
+ cpp --version
+ grep clang
+ g++ --version
+ grep clang

I: Finished running '/tmp/switch-to-clang'.

Finished processing commands.
────────────────────────────────────────────────────────────────────────────────
Merged Build-Depends: build-essential, fakeroot
Filtered Build-Depends: build-essential, fakeroot
dpkg-deb: building package `sbuild-build-depends-core-dummy' in `/«BUILDDIR»/resolver-MEf2uK/apt_archive/sbuild-build-depends-core-dummy.deb'.
OK
Reading package lists...

┌──────────────────────────────────────────────────────────────────────────────┐
│ Install core build dependencies (apt-based resolver)                         │
└──────────────────────────────────────────────────────────────────────────────┘

Installing build dependencies
Reading package lists...
Building dependency tree...
Reading state information...
The following NEW packages will be installed:
  sbuild-build-depends-core-dummy
debconf: delaying package configuration, since apt-utils is not installed
0 upgraded, 1 newly installed, 0 to remove and 0 not upgraded.
Need to get 0 B/710 B of archives.
After this operation, 0 B of additional disk space will be used.
Selecting previously unselected package sbuild-build-depends-core-dummy.
(Reading database ... 14662 files and directories currently installed.)
Unpacking sbuild-build-depends-core-dummy (from .../sbuild-build-depends-core-dummy.deb) ...
Setting up sbuild-build-depends-core-dummy (0.invalid.0) ...
Merged Build-Depends: base-files, base-passwd, bash, bsdutils, coreutils, dash, debianutils, diffutils, dpkg, e2fsprogs, findutils, grep, gzip, hostname, libc-bin, login, mount, ncurses-base, ncurses-bin, perl-base, sed, sysvinit, sysvinit-utils, tar, util-linux, libc6-dev | libc-dev, gcc (>= 4:4.4.3), g++ (>= 4:4.4.3), make, dpkg-dev (>= 1.13.5), cython, debhelper (>= 5.0.38), python-all-dev (>= 2.6.6-3), python-numpy (>= 1:0.9.8-2), python-setuptools (>= 0.6b3-1~), python-sphinx (>= 1.0.7+dfsg)
Filtered Build-Depends: base-files, base-passwd, bash, bsdutils, coreutils, dash, debianutils, diffutils, dpkg, e2fsprogs, findutils, grep, gzip, hostname, libc-bin, login, mount, ncurses-base, ncurses-bin, perl-base, sed, sysvinit, sysvinit-utils, tar, util-linux, libc6-dev, gcc (>= 4:4.4.3), g++ (>= 4:4.4.3), make, dpkg-dev (>= 1.13.5), cython, debhelper (>= 5.0.38), python-all-dev (>= 2.6.6-3), python-numpy (>= 1:0.9.8-2), python-setuptools (>= 0.6b3-1~), python-sphinx (>= 1.0.7+dfsg)
dpkg-deb: building package `sbuild-build-depends-pywavelets-dummy' in `/«BUILDDIR»/resolver-MM9Ojw/apt_archive/sbuild-build-depends-pywavelets-dummy.deb'.
OK
Reading package lists...

┌──────────────────────────────────────────────────────────────────────────────┐
│ Install pywavelets build dependencies (apt-based resolver)                   │
└──────────────────────────────────────────────────────────────────────────────┘

Installing build dependencies
Reading package lists...
Building dependency tree...
Reading state information...
The following extra packages will be installed:
  bsdmainutils cython debhelper docutils-common file gettext gettext-base
  groff-base html2text intltool-debian libasprintf-dev libasprintf0c2 libblas3
  libblas3gf libcroco3 libexpat1-dev libgettextpo-dev libgettextpo0
  libgfortran3 libglib2.0-0 libjs-jquery libjs-sphinxdoc libjs-underscore
  liblapack3 liblapack3gf libmagic1 libpcre3 libpipeline1 libpython2.6
  libpython2.7 libssl-dev libunistring0 libxml2 man-db po-debconf python-all
  python-all-dev python-dev python-docutils python-jinja2 python-markupsafe
  python-numpy python-pkg-resources python-pygments python-roman
  python-setuptools python-sphinx python-support python2.6 python2.6-dev
  python2.6-minimal python2.7-dev sgml-base sphinx-common xml-core zlib1g-dev
Suggested packages:
  wamerican wordlist whois vacation dh-make gettext-doc groff less www-browser
  libmail-box-perl texlive-latex-recommended texlive-latex-base
  texlive-lang-french fonts-linuxlibertine ttf-linux-libertine
  python-jinja2-doc python-numpy-doc python-numpy-dbg python-nose gfortran
  python-distribute python-distribute-doc ttf-bitstream-vera jsmath
  libjs-mathjax texlive-latex-extra texlive-fonts-recommended python2.6-doc
  binfmt-support sgml-base-doc
Recommended packages:
  curl wget lynx-cur autopoint libglib2.0-data shared-mime-info
  javascript-common libssl-doc libmail-sendmail-perl python-imaging
  libpaper-utils python-lxml docutils-doc python-chardet sphinx-doc
The following NEW packages will be installed:
  bsdmainutils cython debhelper docutils-common file gettext gettext-base
  groff-base html2text intltool-debian libasprintf-dev libasprintf0c2 libblas3
  libblas3gf libcroco3 libexpat1-dev libgettextpo-dev libgettextpo0
  libgfortran3 libglib2.0-0 libjs-jquery libjs-sphinxdoc libjs-underscore
  liblapack3 liblapack3gf libmagic1 libpcre3 libpipeline1 libpython2.6
  libpython2.7 libssl-dev libunistring0 libxml2 man-db po-debconf python-all
  python-all-dev python-dev python-docutils python-jinja2 python-markupsafe
  python-numpy python-pkg-resources python-pygments python-roman
  python-setuptools python-sphinx python-support python2.6 python2.6-dev
  python2.6-minimal python2.7-dev sbuild-build-depends-pywavelets-dummy
  sgml-base sphinx-common xml-core zlib1g-dev
0 upgraded, 57 newly installed, 0 to remove and 0 not upgraded.
Need to get 58.0 MB/58.0 MB of archives.
After this operation, 139 MB of additional disk space will be used.
Get:1 http://localhost/debian/ unstable/main libpipeline1 amd64 1.2.2-1 [39.9 kB]
Get:2 http://localhost/debian/ unstable/main groff-base amd64 1.22.1-2 [741 kB]
Get:3 http://localhost/debian/ unstable/main bsdmainutils amd64 9.0.4 [210 kB]
Get:4 http://localhost/debian/ unstable/main man-db amd64 2.6.3-3 [898 kB]
Get:5 http://localhost/debian/ unstable/main libasprintf0c2 amd64 0.18.1.1-10 [27.2 kB]
Get:6 http://localhost/debian/ unstable/main libmagic1 amd64 5.11-2 [202 kB]
Get:7 http://localhost/debian/ unstable/main libpcre3 amd64 1:8.31-2 [247 kB]
Get:8 http://localhost/debian/ unstable/main libxml2 amd64 2.8.0+dfsg1-7 [903 kB]
Get:9 http://localhost/debian/ unstable/main libglib2.0-0 amd64 2.33.12+really2.32.4-5 [1838 kB]
Get:10 http://localhost/debian/ unstable/main libcroco3 amd64 0.6.6-2 [134 kB]
Get:11 http://localhost/debian/ unstable/main libunistring0 amd64 0.9.3-5 [434 kB]
Get:12 http://localhost/debian/ unstable/main libgettextpo0 amd64 0.18.1.1-10 [145 kB]
Get:13 http://localhost/debian/ unstable/main libgfortran3 amd64 4.7.2-5 [351 kB]
Get:14 http://localhost/debian/ unstable/main sgml-base all 1.26+nmu4 [14.6 kB]
Get:15 http://localhost/debian/ unstable/main file amd64 5.11-2 [51.8 kB]
Get:16 http://localhost/debian/ unstable/main gettext-base amd64 0.18.1.1-10 [154 kB]
Get:17 http://localhost/debian/ unstable/main python-support all 1.0.15 [33.6 kB]
Get:18 http://localhost/debian/ unstable/main python2.6-minimal amd64 2.6.8-1.1 [1547 kB]
Get:19 http://localhost/debian/ unstable/main cython amd64 0.15.1-2 [1923 kB]
Get:20 http://localhost/debian/ unstable/main html2text amd64 1.3.2a-15 [103 kB]
Get:21 http://localhost/debian/ unstable/main libasprintf-dev amd64 0.18.1.1-10 [26.8 kB]
Get:22 http://localhost/debian/ unstable/main libgettextpo-dev amd64 0.18.1.1-10 [184 kB]
Get:23 http://localhost/debian/ unstable/main gettext amd64 0.18.1.1-10 [1815 kB]
Get:24 http://localhost/debian/ unstable/main intltool-debian all 0.35.0+20060710.1 [30.8 kB]
Get:25 http://localhost/debian/ unstable/main po-debconf all 1.0.16+nmu2 [224 kB]
Get:26 http://localhost/debian/ unstable/main debhelper all 9.20120909 [705 kB]
Get:27 http://localhost/debian/ unstable/main xml-core all 0.13+nmu2 [24.2 kB]
Get:28 http://localhost/debian/ unstable/main docutils-common all 0.8.1-8 [200 kB]
Get:29 http://localhost/debian/ unstable/main libblas3 amd64 1.2.20110419-5 [293 kB]
Get:30 http://localhost/debian/ unstable/main libblas3gf all 1.2.20110419-5 [8090 B]
Get:31 http://localhost/debian/ unstable/main libexpat1-dev amd64 2.1.0-1 [229 kB]
Get:32 http://localhost/debian/ unstable/main libjs-jquery all 1.7.2+dfsg-1 [80.1 kB]
Get:33 http://localhost/debian/ unstable/main libjs-underscore all 1.4.1-1 [46.3 kB]
Get:34 http://localhost/debian/ unstable/main libjs-sphinxdoc all 1.1.3+dfsg-4 [43.8 kB]
Get:35 http://localhost/debian/ unstable/main liblapack3 amd64 3.4.1-6 [5036 kB]
Get:36 http://localhost/debian/ unstable/main liblapack3gf all 3.4.1-6 [10.2 kB]
Get:37 http://localhost/debian/ unstable/main python2.6 amd64 2.6.8-1.1 [2509 kB]
Get:38 http://localhost/debian/ unstable/main libpython2.6 amd64 2.6.8-1.1 [1104 kB]
Get:39 http://localhost/debian/ unstable/main libpython2.7 amd64 2.7.3-6 [1208 kB]
Get:40 http://localhost/debian/ unstable/main zlib1g-dev amd64 1:1.2.7.dfsg-13 [215 kB]
Get:41 http://localhost/debian/ unstable/main libssl-dev amd64 1.0.1c-4 [1698 kB]
Get:42 http://localhost/debian/ unstable/main python-all all 2.7.3-3 [876 B]
Get:43 http://localhost/debian/ unstable/main python2.7-dev amd64 2.7.3-6 [22.8 MB]
Get:44 http://localhost/debian/ unstable/main python-dev all 2.7.3-3 [916 B]
Get:45 http://localhost/debian/ unstable/main python2.6-dev amd64 2.6.8-1.1 [4577 kB]
Get:46 http://localhost/debian/ unstable/main python-all-dev all 2.7.3-3 [894 B]
Get:47 http://localhost/debian/ unstable/main python-roman all 0.8.1-8 [51.9 kB]
Get:48 http://localhost/debian/ unstable/main python-docutils all 0.8.1-8 [392 kB]
Get:49 http://localhost/debian/ unstable/main python-markupsafe amd64 0.15-1 [14.6 kB]
Get:50 http://localhost/debian/ unstable/main python-jinja2 amd64 2.6-1 [168 kB]
Get:51 http://localhost/debian/ unstable/main python-numpy amd64 1:1.6.2-1 [2631 kB]
Get:52 http://localhost/debian/ unstable/main python-pkg-resources all 0.6.24-1 [63.6 kB]
Get:53 http://localhost/debian/ unstable/main python-pygments all 1.5+dfsg-2 [447 kB]
Get:54 http://localhost/debian/ unstable/main python-setuptools all 0.6.24-1 [449 kB]
Get:55 http://localhost/debian/ unstable/main sphinx-common all 1.1.3+dfsg-4 [412 kB]
Get:56 http://localhost/debian/ unstable/main python-sphinx all 1.1.3+dfsg-4 [311 kB]
debconf: delaying package configuration, since apt-utils is not installed
Fetched 58.0 MB in 1s (31.0 MB/s)
Selecting previously unselected package libpipeline1:amd64.
(Reading database ... 14662 files and directories currently installed.)
Unpacking libpipeline1:amd64 (from .../libpipeline1_1.2.2-1_amd64.deb) ...
Selecting previously unselected package groff-base.
Unpacking groff-base (from .../groff-base_1.22.1-2_amd64.deb) ...
Selecting previously unselected package bsdmainutils.
Unpacking bsdmainutils (from .../bsdmainutils_9.0.4_amd64.deb) ...
Selecting previously unselected package man-db.
Unpacking man-db (from .../man-db_2.6.3-3_amd64.deb) ...
Selecting previously unselected package libasprintf0c2:amd64.
Unpacking libasprintf0c2:amd64 (from .../libasprintf0c2_0.18.1.1-10_amd64.deb) ...
Selecting previously unselected package libmagic1:amd64.
Unpacking libmagic1:amd64 (from .../libmagic1_5.11-2_amd64.deb) ...
Selecting previously unselected package libpcre3:amd64.
Unpacking libpcre3:amd64 (from .../libpcre3_1%3a8.31-2_amd64.deb) ...
Selecting previously unselected package libxml2:amd64.
Unpacking libxml2:amd64 (from .../libxml2_2.8.0+dfsg1-7_amd64.deb) ...
Selecting previously unselected package libglib2.0-0:amd64.
Unpacking libglib2.0-0:amd64 (from .../libglib2.0-0_2.33.12+really2.32.4-5_amd64.deb) ...
Selecting previously unselected package libcroco3:amd64.
Unpacking libcroco3:amd64 (from .../libcroco3_0.6.6-2_amd64.deb) ...
Selecting previously unselected package libunistring0:amd64.
Unpacking libunistring0:amd64 (from .../libunistring0_0.9.3-5_amd64.deb) ...
Selecting previously unselected package libgettextpo0:amd64.
Unpacking libgettextpo0:amd64 (from .../libgettextpo0_0.18.1.1-10_amd64.deb) ...
Selecting previously unselected package libgfortran3:amd64.
Unpacking libgfortran3:amd64 (from .../libgfortran3_4.7.2-5_amd64.deb) ...
Selecting previously unselected package sgml-base.
Unpacking sgml-base (from .../sgml-base_1.26+nmu4_all.deb) ...
Selecting previously unselected package file.
Unpacking file (from .../archives/file_5.11-2_amd64.deb) ...
Selecting previously unselected package gettext-base.
Unpacking gettext-base (from .../gettext-base_0.18.1.1-10_amd64.deb) ...
Selecting previously unselected package python-support.
Unpacking python-support (from .../python-support_1.0.15_all.deb) ...
Selecting previously unselected package python2.6-minimal.
Unpacking python2.6-minimal (from .../python2.6-minimal_2.6.8-1.1_amd64.deb) ...
Selecting previously unselected package cython.
Unpacking cython (from .../cython_0.15.1-2_amd64.deb) ...
Selecting previously unselected package html2text.
Unpacking html2text (from .../html2text_1.3.2a-15_amd64.deb) ...
Selecting previously unselected package libasprintf-dev:amd64.
Unpacking libasprintf-dev:amd64 (from .../libasprintf-dev_0.18.1.1-10_amd64.deb) ...
Selecting previously unselected package libgettextpo-dev:amd64.
Unpacking libgettextpo-dev:amd64 (from .../libgettextpo-dev_0.18.1.1-10_amd64.deb) ...
Selecting previously unselected package gettext.
Unpacking gettext (from .../gettext_0.18.1.1-10_amd64.deb) ...
Selecting previously unselected package intltool-debian.
Unpacking intltool-debian (from .../intltool-debian_0.35.0+20060710.1_all.deb) ...
Selecting previously unselected package po-debconf.
Unpacking po-debconf (from .../po-debconf_1.0.16+nmu2_all.deb) ...
Selecting previously unselected package debhelper.
Unpacking debhelper (from .../debhelper_9.20120909_all.deb) ...
Selecting previously unselected package xml-core.
Unpacking xml-core (from .../xml-core_0.13+nmu2_all.deb) ...
Selecting previously unselected package docutils-common.
Unpacking docutils-common (from .../docutils-common_0.8.1-8_all.deb) ...
Selecting previously unselected package libblas3.
Unpacking libblas3 (from .../libblas3_1.2.20110419-5_amd64.deb) ...
Selecting previously unselected package libblas3gf.
Unpacking libblas3gf (from .../libblas3gf_1.2.20110419-5_all.deb) ...
Selecting previously unselected package libexpat1-dev.
Unpacking libexpat1-dev (from .../libexpat1-dev_2.1.0-1_amd64.deb) ...
Selecting previously unselected package libjs-jquery.
Unpacking libjs-jquery (from .../libjs-jquery_1.7.2+dfsg-1_all.deb) ...
Selecting previously unselected package libjs-underscore.
Unpacking libjs-underscore (from .../libjs-underscore_1.4.1-1_all.deb) ...
Selecting previously unselected package libjs-sphinxdoc.
Unpacking libjs-sphinxdoc (from .../libjs-sphinxdoc_1.1.3+dfsg-4_all.deb) ...
Selecting previously unselected package liblapack3.
Unpacking liblapack3 (from .../liblapack3_3.4.1-6_amd64.deb) ...
Selecting previously unselected package liblapack3gf.
Unpacking liblapack3gf (from .../liblapack3gf_3.4.1-6_all.deb) ...
Selecting previously unselected package python2.6.
Unpacking python2.6 (from .../python2.6_2.6.8-1.1_amd64.deb) ...
Selecting previously unselected package libpython2.6.
Unpacking libpython2.6 (from .../libpython2.6_2.6.8-1.1_amd64.deb) ...
Selecting previously unselected package libpython2.7.
Unpacking libpython2.7 (from .../libpython2.7_2.7.3-6_amd64.deb) ...
Selecting previously unselected package zlib1g-dev:amd64.
Unpacking zlib1g-dev:amd64 (from .../zlib1g-dev_1%3a1.2.7.dfsg-13_amd64.deb) ...
Selecting previously unselected package libssl-dev.
Unpacking libssl-dev (from .../libssl-dev_1.0.1c-4_amd64.deb) ...
Selecting previously unselected package python-all.
Unpacking python-all (from .../python-all_2.7.3-3_all.deb) ...
Selecting previously unselected package python2.7-dev.
Unpacking python2.7-dev (from .../python2.7-dev_2.7.3-6_amd64.deb) ...
Selecting previously unselected package python-dev.
Unpacking python-dev (from .../python-dev_2.7.3-3_all.deb) ...
Selecting previously unselected package python2.6-dev.
Unpacking python2.6-dev (from .../python2.6-dev_2.6.8-1.1_amd64.deb) ...
Selecting previously unselected package python-all-dev.
Unpacking python-all-dev (from .../python-all-dev_2.7.3-3_all.deb) ...
Selecting previously unselected package python-roman.
Unpacking python-roman (from .../python-roman_0.8.1-8_all.deb) ...
Selecting previously unselected package python-docutils.
Unpacking python-docutils (from .../python-docutils_0.8.1-8_all.deb) ...
Selecting previously unselected package python-markupsafe.
Unpacking python-markupsafe (from .../python-markupsafe_0.15-1_amd64.deb) ...
Selecting previously unselected package python-jinja2.
Unpacking python-jinja2 (from .../python-jinja2_2.6-1_amd64.deb) ...
Selecting previously unselected package python-numpy.
Unpacking python-numpy (from .../python-numpy_1%3a1.6.2-1_amd64.deb) ...
Selecting previously unselected package python-pkg-resources.
Unpacking python-pkg-resources (from .../python-pkg-resources_0.6.24-1_all.deb) ...
Selecting previously unselected package python-pygments.
Unpacking python-pygments (from .../python-pygments_1.5+dfsg-2_all.deb) ...
Selecting previously unselected package python-setuptools.
Unpacking python-setuptools (from .../python-setuptools_0.6.24-1_all.deb) ...
Selecting previously unselected package sphinx-common.
Unpacking sphinx-common (from .../sphinx-common_1.1.3+dfsg-4_all.deb) ...
Selecting previously unselected package python-sphinx.
Unpacking python-sphinx (from .../python-sphinx_1.1.3+dfsg-4_all.deb) ...
Selecting previously unselected package sbuild-build-depends-pywavelets-dummy.
Unpacking sbuild-build-depends-pywavelets-dummy (from .../sbuild-build-depends-pywavelets-dummy.deb) ...
Processing triggers for mime-support ...
Setting up libpipeline1:amd64 (1.2.2-1) ...
Setting up groff-base (1.22.1-2) ...
Setting up bsdmainutils (9.0.4) ...
update-alternatives: using /usr/bin/bsd-write to provide /usr/bin/write (write) in auto mode
update-alternatives: using /usr/bin/bsd-from to provide /usr/bin/from (from) in auto mode
Setting up man-db (2.6.3-3) ...
Building database of manual pages ...
Setting up libasprintf0c2:amd64 (0.18.1.1-10) ...
Setting up libmagic1:amd64 (5.11-2) ...
Setting up libpcre3:amd64 (1:8.31-2) ...
Setting up libxml2:amd64 (2.8.0+dfsg1-7) ...
Setting up libglib2.0-0:amd64 (2.33.12+really2.32.4-5) ...
No schema files found: doing nothing.
Setting up libcroco3:amd64 (0.6.6-2) ...
Setting up libunistring0:amd64 (0.9.3-5) ...
Setting up libgettextpo0:amd64 (0.18.1.1-10) ...
Setting up libgfortran3:amd64 (4.7.2-5) ...
Setting up sgml-base (1.26+nmu4) ...
Setting up file (5.11-2) ...
Setting up gettext-base (0.18.1.1-10) ...
Setting up python-support (1.0.15) ...
Setting up python2.6-minimal (2.6.8-1.1) ...
Setting up cython (0.15.1-2) ...
Setting up html2text (1.3.2a-15) ...
Setting up libasprintf-dev:amd64 (0.18.1.1-10) ...
Setting up libgettextpo-dev:amd64 (0.18.1.1-10) ...
Setting up gettext (0.18.1.1-10) ...
Setting up intltool-debian (0.35.0+20060710.1) ...
Setting up po-debconf (1.0.16+nmu2) ...
Setting up debhelper (9.20120909) ...
Setting up xml-core (0.13+nmu2) ...
Setting up libblas3 (1.2.20110419-5) ...
update-alternatives: using /usr/lib/libblas/libblas.so.3 to provide /usr/lib/libblas.so.3 (libblas.so.3) in auto mode
Setting up libblas3gf (1.2.20110419-5) ...
Setting up libexpat1-dev (2.1.0-1) ...
Setting up libjs-jquery (1.7.2+dfsg-1) ...
Setting up libjs-underscore (1.4.1-1) ...
Setting up libjs-sphinxdoc (1.1.3+dfsg-4) ...
Setting up liblapack3 (3.4.1-6) ...
update-alternatives: using /usr/lib/lapack/liblapack.so.3 to provide /usr/lib/liblapack.so.3 (liblapack.so.3) in auto mode
Setting up liblapack3gf (3.4.1-6) ...
Setting up python2.6 (2.6.8-1.1) ...
Setting up libpython2.6 (2.6.8-1.1) ...
Setting up libpython2.7 (2.7.3-6) ...
Setting up zlib1g-dev:amd64 (1:1.2.7.dfsg-13) ...
Setting up libssl-dev (1.0.1c-4) ...
Setting up python-all (2.7.3-3) ...
Setting up python2.7-dev (2.7.3-6) ...
Setting up python-dev (2.7.3-3) ...
Setting up python2.6-dev (2.6.8-1.1) ...
Setting up python-all-dev (2.7.3-3) ...
Setting up python-roman (0.8.1-8) ...
Setting up python-markupsafe (0.15-1) ...
Setting up python-jinja2 (2.6-1) ...
Setting up python-numpy (1:1.6.2-1) ...
Setting up python-pkg-resources (0.6.24-1) ...
Setting up python-pygments (1.5+dfsg-2) ...
Setting up python-setuptools (0.6.24-1) ...
Setting up sphinx-common (1.1.3+dfsg-4) ...
Processing triggers for sgml-base ...
Setting up docutils-common (0.8.1-8) ...
Processing triggers for sgml-base ...
Setting up python-docutils (0.8.1-8) ...
update-alternatives: using /usr/share/docutils/scripts/python2/rst-buildhtml to provide /usr/bin/rst-buildhtml (rst-buildhtml) in auto mode
update-alternatives: using /usr/share/docutils/scripts/python2/rst2html to provide /usr/bin/rst2html (rst2html) in auto mode
update-alternatives: using /usr/share/docutils/scripts/python2/rst2latex to provide /usr/bin/rst2latex (rst2latex) in auto mode
update-alternatives: using /usr/share/docutils/scripts/python2/rst2man to provide /usr/bin/rst2man (rst2man) in auto mode
update-alternatives: using /usr/share/docutils/scripts/python2/rst2odt to provide /usr/bin/rst2odt (rst2odt) in auto mode
update-alternatives: using /usr/share/docutils/scripts/python2/rst2odt_prepstyles to provide /usr/bin/rst2odt_prepstyles (rst2odt_prepstyles) in auto mode
update-alternatives: using /usr/share/docutils/scripts/python2/rst2pseudoxml to provide /usr/bin/rst2pseudoxml (rst2pseudoxml) in auto mode
update-alternatives: using /usr/share/docutils/scripts/python2/rst2s5 to provide /usr/bin/rst2s5 (rst2s5) in auto mode
update-alternatives: using /usr/share/docutils/scripts/python2/rst2xetex to provide /usr/bin/rst2xetex (rst2xetex) in auto mode
update-alternatives: using /usr/share/docutils/scripts/python2/rst2xml to provide /usr/bin/rst2xml (rst2xml) in auto mode
update-alternatives: using /usr/share/docutils/scripts/python2/rstpep2html to provide /usr/bin/rstpep2html (rstpep2html) in auto mode
Setting up python-sphinx (1.1.3+dfsg-4) ...
Setting up sbuild-build-depends-pywavelets-dummy (0.invalid.0) ...
Processing triggers for python-support ...

┌──────────────────────────────────────────────────────────────────────────────┐
│ Build environment                                                            │
└──────────────────────────────────────────────────────────────────────────────┘

Kernel: Linux 2.6.32-5-xen-amd64 amd64 (x86_64)
Toolchain package versions: binutils_2.22-7.1 dpkg-dev_1.16.9 g++-4.6_4.6.3-15 g++-4.7_4.7.2-5 gcc-4.6_4.6.3-15 gcc-4.7_4.7.2-5 libc6-dev_2.13-38 libstdc++6_4.7.2-5 libstdc++6-4.6-dev_4.6.3-15 libstdc++6-4.7-dev_4.7.2-5 linux-libc-dev_3.2.35-2
Package versions: apt_0.9.7.7 base-files_7.1 base-passwd_3.5.26 bash_4.2+dfsg-0.1 binutils_2.22-7.1 bsdmainutils_9.0.4 bsdutils_1:2.20.1-5.3 build-essential_11.6 bzip2_1.0.6-4 clang_3.2-2 clang-3.2_3.2-2 compiler-rt_3.2-2 coreutils_8.20-3 cpp_4:4.7.2-1 cpp-4.6_4.6.3-15 cpp-4.7_4.7.2-5 cython_0.15.1-2 dash_0.5.7-3 debconf_1.5.49 debconf-i18n_1.5.49 debfoster_2.7-1.2 debhelper_9.20120909 debian-archive-keyring_2012.4 debianutils_4.3.4 diffutils_1:3.2-7 docutils-common_0.8.1-8 dpkg_1.16.9 dpkg-dev_1.16.9 e2fslibs_1.42.5-1 e2fsprogs_1.42.5-1 fakeroot_1.18.4-2 file_5.11-2 findutils_4.4.2-5 g++_4:4.7.2-1 g++-4.6_4.6.3-15 g++-4.7_4.7.2-5 gcc_4:4.7.2-1 gcc-4.4-base_4.4.7-3 gcc-4.5-base_4.5.4-1 gcc-4.6_4.6.3-15 gcc-4.6-base_4.6.3-15 gcc-4.7_4.7.2-5 gcc-4.7-base_4.7.2-5 gettext_0.18.1.1-10 gettext-base_0.18.1.1-10 gnupg_1.4.12-7 gpgv_1.4.12-7 grep_2.14-1 groff-base_1.22.1-2 gzip_1.5-1.1 hostname_3.12 html2text_1.3.2a-15 initscripts_2.88dsf-39 insserv_1.14.0-5 intltool-debian_0.35.0+20060710.1 libacl1_2.2.51-8 libapt-pkg4.12_0.9.7.7 libasprintf-dev_0.18.1.1-10 libasprintf0c2_0.18.1.1-10 libattr1_1:2.4.46-8 libblas3_1.2.20110419-5 libblas3gf_1.2.20110419-5 libblkid1_2.20.1-5.3 libbz2-1.0_1.0.6-4 libc-bin_2.13-38 libc-dev-bin_2.13-38 libc6_2.13-38 libc6-dev_2.13-38 libclang-common-dev_3.2-2 libclass-isa-perl_0.36-5 libcomerr2_1.42.5-1 libcroco3_0.6.6-2 libdb5.1_5.1.29-5 libdpkg-perl_1.16.9 libexpat1_2.1.0-1 libexpat1-dev_2.1.0-1 libffi5_3.0.10-3 libfile-fcntllock-perl_0.14-2 libgc1c2_1:7.1-9.1 libgcc1_1:4.7.2-5 libgdbm3_1.8.3-11 libgettextpo-dev_0.18.1.1-10 libgettextpo0_0.18.1.1-10 libgfortran3_4.7.2-5 libglib2.0-0_2.33.12+really2.32.4-5 libgmp10_2:5.0.5+dfsg-2 libgomp1_4.7.2-5 libgpm2_1.20.4-6 libitm1_4.7.2-5 libjs-jquery_1.7.2+dfsg-1 libjs-sphinxdoc_1.1.3+dfsg-4 libjs-underscore_1.4.1-1 liblapack3_3.4.1-6 liblapack3gf_3.4.1-6 libllvm3.2_3.2-2 liblocale-gettext-perl_1.05-7+b1 liblzma5_5.1.1alpha+20120614-2 libmagic1_5.11-2 libmount1_2.20.1-5.3 libmpc2_0.9-4 libmpfr4_3.1.0-5 libncurses5_5.9-10 libncursesw5_5.9-10 libpam-modules_1.1.3-7.1 libpam-modules-bin_1.1.3-7.1 libpam-runtime_1.1.3-7.1 libpam0g_1.1.3-7.1 libpcre3_1:8.31-2 libpipeline1_1.2.2-1 libpython2.6_2.6.8-1.1 libpython2.7_2.7.3-6 libquadmath0_4.7.2-5 libreadline6_6.2+dfsg-0.1 libselinux1_2.1.9-5 libsemanage-common_2.1.6-6 libsemanage1_2.1.6-6 libsepol1_2.1.4-3 libslang2_2.2.4-15 libsqlite3-0_3.7.15.2-1 libss2_1.42.5-1 libssl-dev_1.0.1c-4 libssl1.0.0_1.0.1c-4 libstdc++6_4.7.2-5 libstdc++6-4.6-dev_4.6.3-15 libstdc++6-4.7-dev_4.7.2-5 libswitch-perl_2.16-2 libtext-charwidth-perl_0.04-7+b1 libtext-iconv-perl_1.7-5 libtext-wrapi18n-perl_0.06-7 libtimedate-perl_1.2000-1 libtinfo5_5.9-10 libunistring0_0.9.3-5 libusb-0.1-4_2:0.1.12-23+nmu1 libustr-1.0-1_1.0.4-3 libuuid1_2.20.1-5.3 libxml2_2.8.0+dfsg1-7 linux-libc-dev_3.2.35-2 login_1:4.1.5.1-1 lsb-base_4.1+Debian9 make_3.81-8.2 man-db_2.6.3-3 mawk_1.3.3-17 mime-support_3.52-2 mount_2.20.1-5.3 multiarch-support_2.13-38 ncurses-base_5.9-10 ncurses-bin_5.9-10 passwd_1:4.1.5.1-1 patch_2.6.1-3 perl_5.14.2-17 perl-base_5.14.2-17 perl-modules_5.14.2-17 po-debconf_1.0.16+nmu2 python_2.7.3-3 python-all_2.7.3-3 python-all-dev_2.7.3-3 python-dev_2.7.3-3 python-docutils_0.8.1-8 python-jinja2_2.6-1 python-markupsafe_0.15-1 python-minimal_2.7.3-3 python-numpy_1:1.6.2-1 python-pkg-resources_0.6.24-1 python-pygments_1.5+dfsg-2 python-roman_0.8.1-8 python-setuptools_0.6.24-1 python-sphinx_1.1.3+dfsg-4 python-support_1.0.15 python2.6_2.6.8-1.1 python2.6-dev_2.6.8-1.1 python2.6-minimal_2.6.8-1.1 python2.7_2.7.3-6 python2.7-dev_2.7.3-6 python2.7-minimal_2.7.3-6 readline-common_6.2+dfsg-0.1 sbuild-build-depends-core-dummy_0.invalid.0 sbuild-build-depends-pywavelets-dummy_0.invalid.0 sed_4.2.1-10 sensible-utils_0.0.7 sgml-base_1.26+nmu4 sphinx-common_1.1.3+dfsg-4 sudo_1.8.5p2-1 sysv-rc_2.88dsf-39 sysvinit_2.88dsf-39 sysvinit-utils_2.88dsf-39 tar_1.26+dfsg-0.1 tzdata_2012j-1 ucf_3.0025+nmu3 util-linux_2.20.1-5.3 vim_2:7.3.547-6 vim-common_2:7.3.547-6 vim-runtime_2:7.3.547-6 xml-core_0.13+nmu2 xz-utils_5.1.1alpha+20120614-2 zlib1g_1:1.2.7.dfsg-13 zlib1g-dev_1:1.2.7.dfsg-13

┌──────────────────────────────────────────────────────────────────────────────┐
│ Build                                                                        │
└──────────────────────────────────────────────────────────────────────────────┘


Unpack source
─────────────

gpgv: keyblock resource `/sbuild-nonexistent/.gnupg/trustedkeys.gpg': file open error
gpgv: Signature made Wed Jun  6 21:36:38 2012 UTC using RSA key ID A7457645
gpgv: Can't check signature: public key not found
dpkg-source: warning: failed to verify signature on ./pywavelets_0.2.0-5.dsc
dpkg-source: info: extracting pywavelets in pywavelets-0.2.0
dpkg-source: info: unpacking pywavelets_0.2.0.orig.tar.gz
dpkg-source: info: unpacking pywavelets_0.2.0-5.debian.tar.gz
dpkg-source: info: applying 01_fix-cython-0-14-compiling.patch
dpkg-source: info: applying 02_format-float-array-in-doctests.patch
dpkg-source: info: applying 03_fix-help.patch

Check disc space
────────────────

Sufficient free space for build

User Environment
────────────────

HOME=/sbuild-nonexistent
LOGNAME=user
PATH=/usr/local/sbin:/usr/local/bin:/usr/sbin:/usr/bin:/sbin:/bin:/usr/games
SCHROOT_CHROOT_NAME=unstable-amd64-sbuild
SCHROOT_COMMAND=env
SCHROOT_GID=1000
SCHROOT_GROUP=user
SCHROOT_SESSION_ID=unstable-amd64-sbuild-9eb46470-62c6-4449-a984-d792510682ac
SCHROOT_UID=1000
SCHROOT_USER=user
SHELL=/bin/sh
USER=user

dpkg-buildpackage
─────────────────

dpkg-buildpackage: source package pywavelets
dpkg-buildpackage: source version 0.2.0-5
dpkg-buildpackage: source changed by Daniele Tricoli <eriol@mornie.org>
 dpkg-source --before-build pywavelets-0.2.0
dpkg-buildpackage: host architecture amd64
 fakeroot debian/rules clean
dh_testdir
dh_testroot
rm -rf build doc/build src/_pywt.[ch]
rm -rf PyWavelets.egg-info
find . -name '*\.py[co]' -delete
dh_clean install-stamp install-ext-* build-stamp build-ext-* build-docs
 debian/rules build-arch
make -C doc html
make[1]: Entering directory `/«PKGBUILDDIR»/doc'
sphinx-build -b html -d build/doctrees   source build/html
Making output directory...
Running Sphinx v1.1.3
loading pickled environment... not yet created
building [html]: targets for 24 source files that are out of date
updating environment: 24 added, 0 changed, 0 removed
reading sources... [  4%] dev/building_on_linux
reading sources... [  8%] dev/building_on_windows
reading sources... [ 12%] dev/index
reading sources... [ 16%] index
reading sources... [ 20%] overview
reading sources... [ 25%] ref/2d-dwt-and-idwt
reading sources... [ 29%] ref/dwt-discrete-wavelet-transform
reading sources... [ 33%] ref/idwt-inverse-discrete-wavelet-transform
reading sources... [ 37%] ref/index
reading sources... [ 41%] ref/other-functions
reading sources... [ 45%] ref/signal-extension-modes
reading sources... [ 50%] ref/swt-stationary-wavelet-transform
reading sources... [ 54%] ref/thresholding-functions
reading sources... [ 58%] ref/wavelet-packets
reading sources... [ 62%] ref/wavelets
reading sources... [ 66%] regression/dwt-idwt
reading sources... [ 70%] regression/gotchas
reading sources... [ 75%] regression/index
reading sources... [ 79%] regression/modes
reading sources... [ 83%] regression/multilevel
reading sources... [ 87%] regression/wavelet
reading sources... [ 91%] regression/wp
reading sources... [ 95%] regression/wp2d
reading sources... [100%] resources

/«PKGBUILDDIR»/doc/source/ref/wavelet-packets.rst:128: ERROR: Error in "note" directive:
invalid option block.

.. note:: Descends to subnodes and recursively calls
          :meth:`~BaseNode.reconstruct` on them.
looking for now-outdated files... none found
pickling environment... done
checking consistency... done
preparing documents... done
writing output... [  4%] dev/building_on_linux
writing output... [  8%] dev/building_on_windows
writing output... [ 12%] dev/index
writing output... [ 16%] index
writing output... [ 20%] overview
writing output... [ 25%] ref/2d-dwt-and-idwt
writing output... [ 29%] ref/dwt-discrete-wavelet-transform
writing output... [ 33%] ref/idwt-inverse-discrete-wavelet-transform
writing output... [ 37%] ref/index
writing output... [ 41%] ref/other-functions
writing output... [ 45%] ref/signal-extension-modes
writing output... [ 50%] ref/swt-stationary-wavelet-transform
writing output... [ 54%] ref/thresholding-functions
writing output... [ 58%] ref/wavelet-packets
writing output... [ 62%] ref/wavelets
writing output... [ 66%] regression/dwt-idwt
writing output... [ 70%] regression/gotchas
writing output... [ 75%] regression/index
writing output... [ 79%] regression/modes
writing output... [ 83%] regression/multilevel
writing output... [ 87%] regression/wavelet
writing output... [ 91%] regression/wp
writing output... [ 95%] regression/wp2d
writing output... [100%] resources

writing additional files... genindex py-modindex search
copying downloadable files... [100%] /«PKGBUILDDIR»/doc/source/COPYING.txt

copying static files... done
dumping search index... done
dumping object inventory... done
build succeeded, 1 warning.

Build finished. The HTML pages are in build/html.
make[1]: Leaving directory `/«PKGBUILDDIR»/doc'
touch build-docs
dh_testdir
python2.7 setup.py build
running build
running build_py
creating build
creating build/lib.linux-x86_64-2.7
creating build/lib.linux-x86_64-2.7/pywt
copying pywt/wavelet_packets.py -> build/lib.linux-x86_64-2.7/pywt
copying pywt/__init__.py -> build/lib.linux-x86_64-2.7/pywt
copying pywt/numerix.py -> build/lib.linux-x86_64-2.7/pywt
copying pywt/multidim.py -> build/lib.linux-x86_64-2.7/pywt
copying pywt/multilevel.py -> build/lib.linux-x86_64-2.7/pywt
copying pywt/thresholding.py -> build/lib.linux-x86_64-2.7/pywt
copying pywt/release_details.py -> build/lib.linux-x86_64-2.7/pywt
copying pywt/functions.py -> build/lib.linux-x86_64-2.7/pywt
running build_ext
cythoning src/_pywt.pyx to src/_pywt.c
warning: src/arraytools.pxi:55:16: Unreachable code
warning: src/arraytools.pxi:59:16: Unreachable code
warning: src/arraytools.pxi:68:16: Unreachable code
warning: src/_pywt.pyx:48:12: Unreachable code
warning: src/_pywt.pyx:58:12: Unreachable code
building 'pywt._pywt' extension
creating build/temp.linux-x86_64-2.7
creating build/temp.linux-x86_64-2.7/src
gcc -pthread -fno-strict-aliasing -DNDEBUG -g -fwrapv -O2 -Wall -Wstrict-prototypes -g -O2 -fstack-protector --param=ssp-buffer-size=4 -Wformat -Werror=format-security -D_FORTIFY_SOURCE=2 -fPIC -DPY_EXTENSION -Isrc -I/usr/include/python2.7 -c src/_pywt.c -o build/temp.linux-x86_64-2.7/src/_pywt.o -fwrapv -O2 -Wall -fno-strict-aliasing -finline-limit=1
clang: warning: argument unused during compilation: '-finline-limit=1'
src/_pywt.c:2328:14: warning: explicitly assigning a variable of type 'PyObject *' (aka 'struct _object *') to itself [-Wself-assign]
  __pyx_self = __pyx_self;
  ~~~~~~~~~~ ^ ~~~~~~~~~~
src/_pywt.c:2606:14: warning: explicitly assigning a variable of type 'PyObject *' (aka 'struct _object *') to itself [-Wself-assign]
  __pyx_self = __pyx_self;
  ~~~~~~~~~~ ^ ~~~~~~~~~~
src/_pywt.c:3047:14: warning: explicitly assigning a variable of type 'PyObject *' (aka 'struct _object *') to itself [-Wself-assign]
  __pyx_self = __pyx_self;
  ~~~~~~~~~~ ^ ~~~~~~~~~~
src/_pywt.c:6644:14: warning: explicitly assigning a variable of type 'PyObject *' (aka 'struct _object *') to itself [-Wself-assign]
  __pyx_self = __pyx_self;
  ~~~~~~~~~~ ^ ~~~~~~~~~~
src/_pywt.c:6779:14: warning: explicitly assigning a variable of type 'PyObject *' (aka 'struct _object *') to itself [-Wself-assign]
  __pyx_self = __pyx_self;
  ~~~~~~~~~~ ^ ~~~~~~~~~~
src/_pywt.c:6934:14: warning: explicitly assigning a variable of type 'PyObject *' (aka 'struct _object *') to itself [-Wself-assign]
  __pyx_self = __pyx_self;
  ~~~~~~~~~~ ^ ~~~~~~~~~~
src/_pywt.c:7401:14: warning: explicitly assigning a variable of type 'PyObject *' (aka 'struct _object *') to itself [-Wself-assign]
  __pyx_self = __pyx_self;
  ~~~~~~~~~~ ^ ~~~~~~~~~~
src/_pywt.c:7627:14: warning: explicitly assigning a variable of type 'PyObject *' (aka 'struct _object *') to itself [-Wself-assign]
  __pyx_self = __pyx_self;
  ~~~~~~~~~~ ^ ~~~~~~~~~~
src/_pywt.c:8565:14: warning: explicitly assigning a variable of type 'PyObject *' (aka 'struct _object *') to itself [-Wself-assign]
  __pyx_self = __pyx_self;
  ~~~~~~~~~~ ^ ~~~~~~~~~~
src/_pywt.c:9343:14: warning: explicitly assigning a variable of type 'PyObject *' (aka 'struct _object *') to itself [-Wself-assign]
  __pyx_self = __pyx_self;
  ~~~~~~~~~~ ^ ~~~~~~~~~~
src/_pywt.c:9974:14: warning: explicitly assigning a variable of type 'PyObject *' (aka 'struct _object *') to itself [-Wself-assign]
  __pyx_self = __pyx_self;
  ~~~~~~~~~~ ^ ~~~~~~~~~~
src/_pywt.c:10049:14: warning: explicitly assigning a variable of type 'PyObject *' (aka 'struct _object *') to itself [-Wself-assign]
  __pyx_self = __pyx_self;
  ~~~~~~~~~~ ^ ~~~~~~~~~~
12 warnings generated.
gcc -pthread -fno-strict-aliasing -DNDEBUG -g -fwrapv -O2 -Wall -Wstrict-prototypes -g -O2 -fstack-protector --param=ssp-buffer-size=4 -Wformat -Werror=format-security -D_FORTIFY_SOURCE=2 -fPIC -DPY_EXTENSION -Isrc -I/usr/include/python2.7 -c src/common.c -o build/temp.linux-x86_64-2.7/src/common.o -fwrapv -O2 -Wall -fno-strict-aliasing -finline-limit=1
clang: warning: argument unused during compilation: '-finline-limit=1'
In file included from src/common.c:6:
In file included from src/common.h:34:
In file included from /usr/include/python2.7/Python.h:8:
/usr/include/python2.7/pyconfig.h:1161:9: warning: '_POSIX_C_SOURCE' macro redefined
#define _POSIX_C_SOURCE 200112L
        ^
/usr/include/features.h:214:11: note: previous definition is here
#  define _POSIX_C_SOURCE       200809L
          ^
1 warning generated.
gcc -pthread -fno-strict-aliasing -DNDEBUG -g -fwrapv -O2 -Wall -Wstrict-prototypes -g -O2 -fstack-protector --param=ssp-buffer-size=4 -Wformat -Werror=format-security -D_FORTIFY_SOURCE=2 -fPIC -DPY_EXTENSION -Isrc -I/usr/include/python2.7 -c src/convolution.c -o build/temp.linux-x86_64-2.7/src/convolution.o -fwrapv -O2 -Wall -fno-strict-aliasing -finline-limit=1
clang: warning: argument unused during compilation: '-finline-limit=1'
In file included from src/convolution.c:6:
In file included from src/convolution.h:10:
In file included from src/common.h:34:
In file included from /usr/include/python2.7/Python.h:8:
/usr/include/python2.7/pyconfig.h:1161:9: warning: '_POSIX_C_SOURCE' macro redefined
#define _POSIX_C_SOURCE 200112L
        ^
/usr/include/features.h:214:11: note: previous definition is here
#  define _POSIX_C_SOURCE       200809L
          ^
1 warning generated.
gcc -pthread -fno-strict-aliasing -DNDEBUG -g -fwrapv -O2 -Wall -Wstrict-prototypes -g -O2 -fstack-protector --param=ssp-buffer-size=4 -Wformat -Werror=format-security -D_FORTIFY_SOURCE=2 -fPIC -DPY_EXTENSION -Isrc -I/usr/include/python2.7 -c src/wavelets.c -o build/temp.linux-x86_64-2.7/src/wavelets.o -fwrapv -O2 -Wall -fno-strict-aliasing -finline-limit=1
clang: warning: argument unused during compilation: '-finline-limit=1'
In file included from src/wavelets.c:7:
In file included from src/wavelets.h:11:
In file included from src/common.h:34:
In file included from /usr/include/python2.7/Python.h:8:
/usr/include/python2.7/pyconfig.h:1161:9: warning: '_POSIX_C_SOURCE' macro redefined
#define _POSIX_C_SOURCE 200112L
        ^
/usr/include/features.h:214:11: note: previous definition is here
#  define _POSIX_C_SOURCE       200809L
          ^
1 warning generated.
gcc -pthread -fno-strict-aliasing -DNDEBUG -g -fwrapv -O2 -Wall -Wstrict-prototypes -g -O2 -fstack-protector --param=ssp-buffer-size=4 -Wformat -Werror=format-security -D_FORTIFY_SOURCE=2 -fPIC -DPY_EXTENSION -Isrc -I/usr/include/python2.7 -c src/wt.c -o build/temp.linux-x86_64-2.7/src/wt.o -fwrapv -O2 -Wall -fno-strict-aliasing -finline-limit=1
clang: warning: argument unused during compilation: '-finline-limit=1'
In file included from src/wt.c:6:
In file included from src/wt.h:14:
In file included from src/common.h:34:
In file included from /usr/include/python2.7/Python.h:8:
/usr/include/python2.7/pyconfig.h:1161:9: warning: '_POSIX_C_SOURCE' macro redefined
#define _POSIX_C_SOURCE 200112L
        ^
/usr/include/features.h:214:11: note: previous definition is here
#  define _POSIX_C_SOURCE       200809L
          ^
1 warning generated.
gcc -pthread -shared -Wl,-O1 -Wl,-Bsymbolic-functions -Wl,-z,relro -Wl,-z,relro -Wl,-z,relro -g -O2 -fstack-protector --param=ssp-buffer-size=4 -Wformat -Werror=format-security -D_FORTIFY_SOURCE=2 build/temp.linux-x86_64-2.7/src/_pywt.o build/temp.linux-x86_64-2.7/src/common.o build/temp.linux-x86_64-2.7/src/convolution.o build/temp.linux-x86_64-2.7/src/wavelets.o build/temp.linux-x86_64-2.7/src/wt.o -o build/lib.linux-x86_64-2.7/pywt/_pywt.so
clang: warning: argument unused during compilation: '--param ssp-buffer-size=4'
set -e; \
	cd tests; \
	for test in test_doc.py test_perfect_reconstruction.py test_regression.py; do \
		PYTHONPATH=$(_py_=python2.7; _py_=${_py_#python}; ls -d /«PKGBUILDDIR»/build/lib.*-${_py_}) python2.7 $test; \
	done
testing ../doc/source/substitutions.rst
testing ../doc/source/resources.rst
testing ../doc/source/overview.rst
**********************************************************************
File "../doc/source/overview.rst", line 19, in overview.rst
Failed example:
    import pywt
Exception raised:
    Traceback (most recent call last):
      File "/usr/lib/python2.7/doctest.py", line 1289, in __run
        compileflags, 1) in test.globs
      File "<doctest overview.rst[0]>", line 1, in <module>
        import pywt
      File "/«PKGBUILDDIR»/build/lib.linux-x86_64-2.7/pywt/__init__.py", line 13, in <module>
        from _pywt import *
    ImportError: /«PKGBUILDDIR»/build/lib.linux-x86_64-2.7/pywt/_pywt.so: undefined symbol: float_swt_
**********************************************************************
File "../doc/source/overview.rst", line 20, in overview.rst
Failed example:
    cA, cD = pywt.dwt([1, 2, 3, 4], 'db1')
Exception raised:
    Traceback (most recent call last):
      File "/usr/lib/python2.7/doctest.py", line 1289, in __run
        compileflags, 1) in test.globs
      File "<doctest overview.rst[1]>", line 1, in <module>
        cA, cD = pywt.dwt([1, 2, 3, 4], 'db1')
    NameError: name 'pywt' is not defined
**********************************************************************
1 items had failures:
   2 of   2 in overview.rst
***Test Failed*** 2 failures.
testing ../doc/source/index.rst
testing ../doc/source/ref/wavelets.rst
**********************************************************************
File "../doc/source/ref/wavelets.rst", line 30, in wavelets.rst
Failed example:
    import pywt
Exception raised:
    Traceback (most recent call last):
      File "/usr/lib/python2.7/doctest.py", line 1289, in __run
        compileflags, 1) in test.globs
      File "<doctest wavelets.rst[0]>", line 1, in <module>
        import pywt
      File "/«PKGBUILDDIR»/build/lib.linux-x86_64-2.7/pywt/__init__.py", line 13, in <module>
        from _pywt import *
    ImportError: /«PKGBUILDDIR»/build/lib.linux-x86_64-2.7/pywt/_pywt.so: undefined symbol: float_swt_
**********************************************************************
File "../doc/source/ref/wavelets.rst", line 31, in wavelets.rst
Failed example:
    print pywt.families()
Exception raised:
    Traceback (most recent call last):
      File "/usr/lib/python2.7/doctest.py", line 1289, in __run
        compileflags, 1) in test.globs
      File "<doctest wavelets.rst[1]>", line 1, in <module>
        print pywt.families()
    NameError: name 'pywt' is not defined
**********************************************************************
File "../doc/source/ref/wavelets.rst", line 51, in wavelets.rst
Failed example:
    import pywt
Exception raised:
    Traceback (most recent call last):
      File "/usr/lib/python2.7/doctest.py", line 1289, in __run
        compileflags, 1) in test.globs
      File "<doctest wavelets.rst[2]>", line 1, in <module>
        import pywt
      File "/«PKGBUILDDIR»/build/lib.linux-x86_64-2.7/pywt/__init__.py", line 13, in <module>
        from _pywt import *
    ImportError: /«PKGBUILDDIR»/build/lib.linux-x86_64-2.7/pywt/_pywt.so: undefined symbol: float_swt_
**********************************************************************
File "../doc/source/ref/wavelets.rst", line 52, in wavelets.rst
Failed example:
    print pywt.wavelist('coif')
Exception raised:
    Traceback (most recent call last):
      File "/usr/lib/python2.7/doctest.py", line 1289, in __run
        compileflags, 1) in test.globs
      File "<doctest wavelets.rst[3]>", line 1, in <module>
        print pywt.wavelist('coif')
    NameError: name 'pywt' is not defined
**********************************************************************
File "../doc/source/ref/wavelets.rst", line 93, in wavelets.rst
Failed example:
    import pywt
Exception raised:
    Traceback (most recent call last):
      File "/usr/lib/python2.7/doctest.py", line 1289, in __run
        compileflags, 1) in test.globs
      File "<doctest wavelets.rst[4]>", line 1, in <module>
        import pywt
      File "/«PKGBUILDDIR»/build/lib.linux-x86_64-2.7/pywt/__init__.py", line 13, in <module>
        from _pywt import *
    ImportError: /«PKGBUILDDIR»/build/lib.linux-x86_64-2.7/pywt/_pywt.so: undefined symbol: float_swt_
**********************************************************************
File "../doc/source/ref/wavelets.rst", line 94, in wavelets.rst
Failed example:
    wavelet = pywt.Wavelet('db1')
Exception raised:
    Traceback (most recent call last):
      File "/usr/lib/python2.7/doctest.py", line 1289, in __run
        compileflags, 1) in test.globs
      File "<doctest wavelets.rst[5]>", line 1, in <module>
        wavelet = pywt.Wavelet('db1')
    NameError: name 'pywt' is not defined
**********************************************************************
File "../doc/source/ref/wavelets.rst", line 180, in wavelets.rst
Failed example:
    import pywt
Exception raised:
    Traceback (most recent call last):
      File "/usr/lib/python2.7/doctest.py", line 1289, in __run
        compileflags, 1) in test.globs
      File "<doctest wavelets.rst[7]>", line 1, in <module>
        import pywt
      File "/«PKGBUILDDIR»/build/lib.linux-x86_64-2.7/pywt/__init__.py", line 13, in <module>
        from _pywt import *
    ImportError: /«PKGBUILDDIR»/build/lib.linux-x86_64-2.7/pywt/_pywt.so: undefined symbol: float_swt_
**********************************************************************
File "../doc/source/ref/wavelets.rst", line 181, in wavelets.rst
Failed example:
    wavelet = pywt.Wavelet('db1')
Exception raised:
    Traceback (most recent call last):
      File "/usr/lib/python2.7/doctest.py", line 1289, in __run
        compileflags, 1) in test.globs
      File "<doctest wavelets.rst[8]>", line 1, in <module>
        wavelet = pywt.Wavelet('db1')
    NameError: name 'pywt' is not defined
**********************************************************************
File "../doc/source/ref/wavelets.rst", line 182, in wavelets.rst
Failed example:
    print wavelet
Exception raised:
    Traceback (most recent call last):
      File "/usr/lib/python2.7/doctest.py", line 1289, in __run
        compileflags, 1) in test.globs
      File "<doctest wavelets.rst[9]>", line 1, in <module>
        print wavelet
    NameError: name 'wavelet' is not defined
**********************************************************************
File "../doc/source/ref/wavelets.rst", line 190, in wavelets.rst
Failed example:
    print format_array(wavelet.dec_lo), format_array(wavelet.dec_hi)
Exception raised:
    Traceback (most recent call last):
      File "/usr/lib/python2.7/doctest.py", line 1289, in __run
        compileflags, 1) in test.globs
      File "<doctest wavelets.rst[10]>", line 1, in <module>
        print format_array(wavelet.dec_lo), format_array(wavelet.dec_hi)
    NameError: name 'wavelet' is not defined
**********************************************************************
File "../doc/source/ref/wavelets.rst", line 192, in wavelets.rst
Failed example:
    print format_array(wavelet.rec_lo), format_array(wavelet.rec_hi)
Exception raised:
    Traceback (most recent call last):
      File "/usr/lib/python2.7/doctest.py", line 1289, in __run
        compileflags, 1) in test.globs
      File "<doctest wavelets.rst[11]>", line 1, in <module>
        print format_array(wavelet.rec_lo), format_array(wavelet.rec_hi)
    NameError: name 'wavelet' is not defined
**********************************************************************
File "../doc/source/ref/wavelets.rst", line 218, in wavelets.rst
Failed example:
    import pywt
Exception raised:
    Traceback (most recent call last):
      File "/usr/lib/python2.7/doctest.py", line 1289, in __run
        compileflags, 1) in test.globs
      File "<doctest wavelets.rst[12]>", line 1, in <module>
        import pywt
      File "/«PKGBUILDDIR»/build/lib.linux-x86_64-2.7/pywt/__init__.py", line 13, in <module>
        from _pywt import *
    ImportError: /«PKGBUILDDIR»/build/lib.linux-x86_64-2.7/pywt/_pywt.so: undefined symbol: float_swt_
**********************************************************************
File "../doc/source/ref/wavelets.rst", line 219, in wavelets.rst
Failed example:
    wavelet = pywt.Wavelet('db2')
Exception raised:
    Traceback (most recent call last):
      File "/usr/lib/python2.7/doctest.py", line 1289, in __run
        compileflags, 1) in test.globs
      File "<doctest wavelets.rst[13]>", line 1, in <module>
        wavelet = pywt.Wavelet('db2')
    NameError: name 'pywt' is not defined
**********************************************************************
File "../doc/source/ref/wavelets.rst", line 220, in wavelets.rst
Failed example:
    phi, psi, x = wavelet.wavefun(level=5)
Exception raised:
    Traceback (most recent call last):
      File "/usr/lib/python2.7/doctest.py", line 1289, in __run
        compileflags, 1) in test.globs
      File "<doctest wavelets.rst[14]>", line 1, in <module>
        phi, psi, x = wavelet.wavefun(level=5)
    NameError: name 'wavelet' is not defined
**********************************************************************
File "../doc/source/ref/wavelets.rst", line 233, in wavelets.rst
Failed example:
    import pywt
Exception raised:
    Traceback (most recent call last):
      File "/usr/lib/python2.7/doctest.py", line 1289, in __run
        compileflags, 1) in test.globs
      File "<doctest wavelets.rst[15]>", line 1, in <module>
        import pywt
      File "/«PKGBUILDDIR»/build/lib.linux-x86_64-2.7/pywt/__init__.py", line 13, in <module>
        from _pywt import *
    ImportError: /«PKGBUILDDIR»/build/lib.linux-x86_64-2.7/pywt/_pywt.so: undefined symbol: float_swt_
**********************************************************************
File "../doc/source/ref/wavelets.rst", line 234, in wavelets.rst
Failed example:
    wavelet = pywt.Wavelet('bior3.5')
Exception raised:
    Traceback (most recent call last):
      File "/usr/lib/python2.7/doctest.py", line 1289, in __run
        compileflags, 1) in test.globs
      File "<doctest wavelets.rst[16]>", line 1, in <module>
        wavelet = pywt.Wavelet('bior3.5')
    NameError: name 'pywt' is not defined
**********************************************************************
File "../doc/source/ref/wavelets.rst", line 235, in wavelets.rst
Failed example:
    phi_d, psi_d, phi_r, psi_r, x = wavelet.wavefun(level=5)
Exception raised:
    Traceback (most recent call last):
      File "/usr/lib/python2.7/doctest.py", line 1289, in __run
        compileflags, 1) in test.globs
      File "<doctest wavelets.rst[17]>", line 1, in <module>
        phi_d, psi_d, phi_r, psi_r, x = wavelet.wavefun(level=5)
    NameError: name 'wavelet' is not defined
**********************************************************************
File "../doc/source/ref/wavelets.rst", line 281, in wavelets.rst
Failed example:
    import pywt, math
Exception raised:
    Traceback (most recent call last):
      File "/usr/lib/python2.7/doctest.py", line 1289, in __run
        compileflags, 1) in test.globs
      File "<doctest wavelets.rst[18]>", line 1, in <module>
        import pywt, math
      File "/«PKGBUILDDIR»/build/lib.linux-x86_64-2.7/pywt/__init__.py", line 13, in <module>
        from _pywt import *
    ImportError: /«PKGBUILDDIR»/build/lib.linux-x86_64-2.7/pywt/_pywt.so: undefined symbol: float_swt_
**********************************************************************
File "../doc/source/ref/wavelets.rst", line 282, in wavelets.rst
Failed example:
    c = math.sqrt(2)/2
Exception raised:
    Traceback (most recent call last):
      File "/usr/lib/python2.7/doctest.py", line 1289, in __run
        compileflags, 1) in test.globs
      File "<doctest wavelets.rst[19]>", line 1, in <module>
        c = math.sqrt(2)/2
    NameError: name 'math' is not defined
**********************************************************************
File "../doc/source/ref/wavelets.rst", line 283, in wavelets.rst
Failed example:
    dec_lo, dec_hi, rec_lo, rec_hi = [c, c], [-c, c], [c, c], [c, -c]
Exception raised:
    Traceback (most recent call last):
      File "/usr/lib/python2.7/doctest.py", line 1289, in __run
        compileflags, 1) in test.globs
      File "<doctest wavelets.rst[20]>", line 1, in <module>
        dec_lo, dec_hi, rec_lo, rec_hi = [c, c], [-c, c], [c, c], [c, -c]
    NameError: name 'c' is not defined
**********************************************************************
File "../doc/source/ref/wavelets.rst", line 284, in wavelets.rst
Failed example:
    filter_bank = [dec_lo, dec_hi, rec_lo, rec_hi]
Exception raised:
    Traceback (most recent call last):
      File "/usr/lib/python2.7/doctest.py", line 1289, in __run
        compileflags, 1) in test.globs
      File "<doctest wavelets.rst[21]>", line 1, in <module>
        filter_bank = [dec_lo, dec_hi, rec_lo, rec_hi]
    NameError: name 'dec_lo' is not defined
**********************************************************************
File "../doc/source/ref/wavelets.rst", line 285, in wavelets.rst
Failed example:
    myWavelet = pywt.Wavelet(name="myHaarWavelet", filter_bank=filter_bank)
Exception raised:
    Traceback (most recent call last):
      File "/usr/lib/python2.7/doctest.py", line 1289, in __run
        compileflags, 1) in test.globs
      File "<doctest wavelets.rst[22]>", line 1, in <module>
        myWavelet = pywt.Wavelet(name="myHaarWavelet", filter_bank=filter_bank)
    NameError: name 'pywt' is not defined
**********************************************************************
File "../doc/source/ref/wavelets.rst", line 294, in wavelets.rst
Failed example:
    myOtherWavelet = pywt.Wavelet(name="myHaarWavelet", filter_bank=filter_bank)
Exception raised:
    Traceback (most recent call last):
      File "/usr/lib/python2.7/doctest.py", line 1289, in __run
        compileflags, 1) in test.globs
      File "<doctest wavelets.rst[25]>", line 1, in <module>
        myOtherWavelet = pywt.Wavelet(name="myHaarWavelet", filter_bank=filter_bank)
    NameError: name 'pywt' is not defined
**********************************************************************
1 items had failures:
  23 of  26 in wavelets.rst
***Test Failed*** 23 failures.
testing ../doc/source/ref/dwt-discrete-wavelet-transform.rst
**********************************************************************
File "../doc/source/ref/dwt-discrete-wavelet-transform.rst", line 52, in dwt-discrete-wavelet-transform.rst
Failed example:
    import pywt
Exception raised:
    Traceback (most recent call last):
      File "/usr/lib/python2.7/doctest.py", line 1289, in __run
        compileflags, 1) in test.globs
      File "<doctest dwt-discrete-wavelet-transform.rst[0]>", line 1, in <module>
        import pywt
      File "/«PKGBUILDDIR»/build/lib.linux-x86_64-2.7/pywt/__init__.py", line 13, in <module>
        from _pywt import *
    ImportError: /«PKGBUILDDIR»/build/lib.linux-x86_64-2.7/pywt/_pywt.so: undefined symbol: float_swt_
**********************************************************************
File "../doc/source/ref/dwt-discrete-wavelet-transform.rst", line 53, in dwt-discrete-wavelet-transform.rst
Failed example:
    (cA, cD) = pywt.dwt([1,2,3,4,5,6], 'db1')
Exception raised:
    Traceback (most recent call last):
      File "/usr/lib/python2.7/doctest.py", line 1289, in __run
        compileflags, 1) in test.globs
      File "<doctest dwt-discrete-wavelet-transform.rst[1]>", line 1, in <module>
        (cA, cD) = pywt.dwt([1,2,3,4,5,6], 'db1')
    NameError: name 'pywt' is not defined
**********************************************************************
File "../doc/source/ref/dwt-discrete-wavelet-transform.rst", line 54, in dwt-discrete-wavelet-transform.rst
Failed example:
    print cA
Exception raised:
    Traceback (most recent call last):
      File "/usr/lib/python2.7/doctest.py", line 1289, in __run
        compileflags, 1) in test.globs
      File "<doctest dwt-discrete-wavelet-transform.rst[2]>", line 1, in <module>
        print cA
    NameError: name 'cA' is not defined
**********************************************************************
File "../doc/source/ref/dwt-discrete-wavelet-transform.rst", line 56, in dwt-discrete-wavelet-transform.rst
Failed example:
    print cD
Exception raised:
    Traceback (most recent call last):
      File "/usr/lib/python2.7/doctest.py", line 1289, in __run
        compileflags, 1) in test.globs
      File "<doctest dwt-discrete-wavelet-transform.rst[3]>", line 1, in <module>
        print cD
    NameError: name 'cD' is not defined
**********************************************************************
File "../doc/source/ref/dwt-discrete-wavelet-transform.rst", line 94, in dwt-discrete-wavelet-transform.rst
Failed example:
    import pywt
Exception raised:
    Traceback (most recent call last):
      File "/usr/lib/python2.7/doctest.py", line 1289, in __run
        compileflags, 1) in test.globs
      File "<doctest dwt-discrete-wavelet-transform.rst[4]>", line 1, in <module>
        import pywt
      File "/«PKGBUILDDIR»/build/lib.linux-x86_64-2.7/pywt/__init__.py", line 13, in <module>
        from _pywt import *
    ImportError: /«PKGBUILDDIR»/build/lib.linux-x86_64-2.7/pywt/_pywt.so: undefined symbol: float_swt_
**********************************************************************
File "../doc/source/ref/dwt-discrete-wavelet-transform.rst", line 95, in dwt-discrete-wavelet-transform.rst
Failed example:
    coeffs = pywt.wavedec([1,2,3,4,5,6,7,8], 'db1', level=2)
Exception raised:
    Traceback (most recent call last):
      File "/usr/lib/python2.7/doctest.py", line 1289, in __run
        compileflags, 1) in test.globs
      File "<doctest dwt-discrete-wavelet-transform.rst[5]>", line 1, in <module>
        coeffs = pywt.wavedec([1,2,3,4,5,6,7,8], 'db1', level=2)
    NameError: name 'pywt' is not defined
**********************************************************************
File "../doc/source/ref/dwt-discrete-wavelet-transform.rst", line 96, in dwt-discrete-wavelet-transform.rst
Failed example:
    cA2, cD2, cD1 = coeffs
Exception raised:
    Traceback (most recent call last):
      File "/usr/lib/python2.7/doctest.py", line 1289, in __run
        compileflags, 1) in test.globs
      File "<doctest dwt-discrete-wavelet-transform.rst[6]>", line 1, in <module>
        cA2, cD2, cD1 = coeffs
    NameError: name 'coeffs' is not defined
**********************************************************************
File "../doc/source/ref/dwt-discrete-wavelet-transform.rst", line 97, in dwt-discrete-wavelet-transform.rst
Failed example:
    print cD1
Exception raised:
    Traceback (most recent call last):
      File "/usr/lib/python2.7/doctest.py", line 1289, in __run
        compileflags, 1) in test.globs
      File "<doctest dwt-discrete-wavelet-transform.rst[7]>", line 1, in <module>
        print cD1
    NameError: name 'cD1' is not defined
**********************************************************************
File "../doc/source/ref/dwt-discrete-wavelet-transform.rst", line 99, in dwt-discrete-wavelet-transform.rst
Failed example:
    print cD2
Exception raised:
    Traceback (most recent call last):
      File "/usr/lib/python2.7/doctest.py", line 1289, in __run
        compileflags, 1) in test.globs
      File "<doctest dwt-discrete-wavelet-transform.rst[8]>", line 1, in <module>
        print cD2
    NameError: name 'cD2' is not defined
**********************************************************************
File "../doc/source/ref/dwt-discrete-wavelet-transform.rst", line 101, in dwt-discrete-wavelet-transform.rst
Failed example:
    print cA2
Exception raised:
    Traceback (most recent call last):
      File "/usr/lib/python2.7/doctest.py", line 1289, in __run
        compileflags, 1) in test.globs
      File "<doctest dwt-discrete-wavelet-transform.rst[9]>", line 1, in <module>
        print cA2
    NameError: name 'cA2' is not defined
**********************************************************************
File "../doc/source/ref/dwt-discrete-wavelet-transform.rst", line 149, in dwt-discrete-wavelet-transform.rst
Failed example:
    import pywt
Exception raised:
    Traceback (most recent call last):
      File "/usr/lib/python2.7/doctest.py", line 1289, in __run
        compileflags, 1) in test.globs
      File "<doctest dwt-discrete-wavelet-transform.rst[10]>", line 1, in <module>
        import pywt
      File "/«PKGBUILDDIR»/build/lib.linux-x86_64-2.7/pywt/__init__.py", line 13, in <module>
        from _pywt import *
    ImportError: /«PKGBUILDDIR»/build/lib.linux-x86_64-2.7/pywt/_pywt.so: undefined symbol: float_swt_
**********************************************************************
File "../doc/source/ref/dwt-discrete-wavelet-transform.rst", line 150, in dwt-discrete-wavelet-transform.rst
Failed example:
    w = pywt.Wavelet('sym5')
Exception raised:
    Traceback (most recent call last):
      File "/usr/lib/python2.7/doctest.py", line 1289, in __run
        compileflags, 1) in test.globs
      File "<doctest dwt-discrete-wavelet-transform.rst[11]>", line 1, in <module>
        w = pywt.Wavelet('sym5')
    NameError: name 'pywt' is not defined
**********************************************************************
File "../doc/source/ref/dwt-discrete-wavelet-transform.rst", line 151, in dwt-discrete-wavelet-transform.rst
Failed example:
    print pywt.dwt_max_level(data_len=1000, filter_len=w.dec_len)
Exception raised:
    Traceback (most recent call last):
      File "/usr/lib/python2.7/doctest.py", line 1289, in __run
        compileflags, 1) in test.globs
      File "<doctest dwt-discrete-wavelet-transform.rst[12]>", line 1, in <module>
        print pywt.dwt_max_level(data_len=1000, filter_len=w.dec_len)
    NameError: name 'pywt' is not defined
**********************************************************************
File "../doc/source/ref/dwt-discrete-wavelet-transform.rst", line 153, in dwt-discrete-wavelet-transform.rst
Failed example:
    print pywt.dwt_max_level(1000, w)
Exception raised:
    Traceback (most recent call last):
      File "/usr/lib/python2.7/doctest.py", line 1289, in __run
        compileflags, 1) in test.globs
      File "<doctest dwt-discrete-wavelet-transform.rst[13]>", line 1, in <module>
        print pywt.dwt_max_level(1000, w)
    NameError: name 'pywt' is not defined
**********************************************************************
1 items had failures:
  14 of  14 in dwt-discrete-wavelet-transform.rst
***Test Failed*** 14 failures.
testing ../doc/source/ref/signal-extension-modes.rst
**********************************************************************
File "../doc/source/ref/signal-extension-modes.rst", line 72, in signal-extension-modes.rst
Failed example:
    import pywt
Exception raised:
    Traceback (most recent call last):
      File "/usr/lib/python2.7/doctest.py", line 1289, in __run
        compileflags, 1) in test.globs
      File "<doctest signal-extension-modes.rst[0]>", line 1, in <module>
        import pywt
      File "/«PKGBUILDDIR»/build/lib.linux-x86_64-2.7/pywt/__init__.py", line 13, in <module>
        from _pywt import *
    ImportError: /«PKGBUILDDIR»/build/lib.linux-x86_64-2.7/pywt/_pywt.so: undefined symbol: float_swt_
**********************************************************************
File "../doc/source/ref/signal-extension-modes.rst", line 73, in signal-extension-modes.rst
Failed example:
    print pywt.MODES.modes
Exception raised:
    Traceback (most recent call last):
      File "/usr/lib/python2.7/doctest.py", line 1289, in __run
        compileflags, 1) in test.globs
      File "<doctest signal-extension-modes.rst[1]>", line 1, in <module>
        print pywt.MODES.modes
    NameError: name 'pywt' is not defined
**********************************************************************
File "../doc/source/ref/signal-extension-modes.rst", line 82, in signal-extension-modes.rst
Failed example:
    import pywt
Exception raised:
    Traceback (most recent call last):
      File "/usr/lib/python2.7/doctest.py", line 1289, in __run
        compileflags, 1) in test.globs
      File "<doctest signal-extension-modes.rst[2]>", line 1, in <module>
        import pywt
      File "/«PKGBUILDDIR»/build/lib.linux-x86_64-2.7/pywt/__init__.py", line 13, in <module>
        from _pywt import *
    ImportError: /«PKGBUILDDIR»/build/lib.linux-x86_64-2.7/pywt/_pywt.so: undefined symbol: float_swt_
**********************************************************************
File "../doc/source/ref/signal-extension-modes.rst", line 83, in signal-extension-modes.rst
Failed example:
    (a, d) = pywt.dwt([1,2,3,4,5,6], 'db2', 'sp1')
Exception raised:
    Traceback (most recent call last):
      File "/usr/lib/python2.7/doctest.py", line 1289, in __run
        compileflags, 1) in test.globs
      File "<doctest signal-extension-modes.rst[3]>", line 1, in <module>
        (a, d) = pywt.dwt([1,2,3,4,5,6], 'db2', 'sp1')
    NameError: name 'pywt' is not defined
**********************************************************************
File "../doc/source/ref/signal-extension-modes.rst", line 84, in signal-extension-modes.rst
Failed example:
    (a, d) = pywt.dwt([1,2,3,4,5,6], pywt.Wavelet('db2'), pywt.MODES.sp1)
Exception raised:
    Traceback (most recent call last):
      File "/usr/lib/python2.7/doctest.py", line 1289, in __run
        compileflags, 1) in test.globs
      File "<doctest signal-extension-modes.rst[4]>", line 1, in <module>
        (a, d) = pywt.dwt([1,2,3,4,5,6], pywt.Wavelet('db2'), pywt.MODES.sp1)
    NameError: name 'pywt' is not defined
**********************************************************************
1 items had failures:
   5 of   5 in signal-extension-modes.rst
***Test Failed*** 5 failures.
testing ../doc/source/ref/other-functions.rst
**********************************************************************
File "../doc/source/ref/other-functions.rst", line 66, in other-functions.rst
Failed example:
    import pywt
Exception raised:
    Traceback (most recent call last):
      File "/usr/lib/python2.7/doctest.py", line 1289, in __run
        compileflags, 1) in test.globs
      File "<doctest other-functions.rst[0]>", line 1, in <module>
        import pywt
      File "/«PKGBUILDDIR»/build/lib.linux-x86_64-2.7/pywt/__init__.py", line 13, in <module>
        from _pywt import *
    ImportError: /«PKGBUILDDIR»/build/lib.linux-x86_64-2.7/pywt/_pywt.so: undefined symbol: float_swt_
**********************************************************************
File "../doc/source/ref/other-functions.rst", line 67, in other-functions.rst
Failed example:
    wavelet1 = pywt.Wavelet('db2')
Exception raised:
    Traceback (most recent call last):
      File "/usr/lib/python2.7/doctest.py", line 1289, in __run
        compileflags, 1) in test.globs
      File "<doctest other-functions.rst[1]>", line 1, in <module>
        wavelet1 = pywt.Wavelet('db2')
    NameError: name 'pywt' is not defined
**********************************************************************
File "../doc/source/ref/other-functions.rst", line 68, in other-functions.rst
Failed example:
    [int_psi, x] = pywt.intwave(wavelet1, precision=5)
Exception raised:
    Traceback (most recent call last):
      File "/usr/lib/python2.7/doctest.py", line 1289, in __run
        compileflags, 1) in test.globs
      File "<doctest other-functions.rst[2]>", line 1, in <module>
        [int_psi, x] = pywt.intwave(wavelet1, precision=5)
    NameError: name 'pywt' is not defined
**********************************************************************
File "../doc/source/ref/other-functions.rst", line 69, in other-functions.rst
Failed example:
    wavelet2 = pywt.Wavelet('bior1.3')
Exception raised:
    Traceback (most recent call last):
      File "/usr/lib/python2.7/doctest.py", line 1289, in __run
        compileflags, 1) in test.globs
      File "<doctest other-functions.rst[3]>", line 1, in <module>
        wavelet2 = pywt.Wavelet('bior1.3')
    NameError: name 'pywt' is not defined
**********************************************************************
File "../doc/source/ref/other-functions.rst", line 70, in other-functions.rst
Failed example:
    [int_psi_d, int_psi_r, x] = pywt.intwave(wavelet2, precision=5)
Exception raised:
    Traceback (most recent call last):
      File "/usr/lib/python2.7/doctest.py", line 1289, in __run
        compileflags, 1) in test.globs
      File "<doctest other-functions.rst[4]>", line 1, in <module>
        [int_psi_d, int_psi_r, x] = pywt.intwave(wavelet2, precision=5)
    NameError: name 'pywt' is not defined
**********************************************************************
1 items had failures:
   5 of   5 in other-functions.rst
***Test Failed*** 5 failures.
testing ../doc/source/ref/idwt-inverse-discrete-wavelet-transform.rst
**********************************************************************
File "../doc/source/ref/idwt-inverse-discrete-wavelet-transform.rst", line 42, in idwt-inverse-discrete-wavelet-transform.rst
Failed example:
    import pywt
Exception raised:
    Traceback (most recent call last):
      File "/usr/lib/python2.7/doctest.py", line 1289, in __run
        compileflags, 1) in test.globs
      File "<doctest idwt-inverse-discrete-wavelet-transform.rst[0]>", line 1, in <module>
        import pywt
      File "/«PKGBUILDDIR»/build/lib.linux-x86_64-2.7/pywt/__init__.py", line 13, in <module>
        from _pywt import *
    ImportError: /«PKGBUILDDIR»/build/lib.linux-x86_64-2.7/pywt/_pywt.so: undefined symbol: float_swt_
**********************************************************************
File "../doc/source/ref/idwt-inverse-discrete-wavelet-transform.rst", line 43, in idwt-inverse-discrete-wavelet-transform.rst
Failed example:
    (cA, cD) = pywt.dwt([1,2,3,4,5,6], 'db2', 'sp1')
Exception raised:
    Traceback (most recent call last):
      File "/usr/lib/python2.7/doctest.py", line 1289, in __run
        compileflags, 1) in test.globs
      File "<doctest idwt-inverse-discrete-wavelet-transform.rst[1]>", line 1, in <module>
        (cA, cD) = pywt.dwt([1,2,3,4,5,6], 'db2', 'sp1')
    NameError: name 'pywt' is not defined
**********************************************************************
File "../doc/source/ref/idwt-inverse-discrete-wavelet-transform.rst", line 44, in idwt-inverse-discrete-wavelet-transform.rst
Failed example:
    print pywt.idwt(cA, cD, 'db2', 'sp1')
Exception raised:
    Traceback (most recent call last):
      File "/usr/lib/python2.7/doctest.py", line 1289, in __run
        compileflags, 1) in test.globs
      File "<doctest idwt-inverse-discrete-wavelet-transform.rst[2]>", line 1, in <module>
        print pywt.idwt(cA, cD, 'db2', 'sp1')
    NameError: name 'pywt' is not defined
**********************************************************************
File "../doc/source/ref/idwt-inverse-discrete-wavelet-transform.rst", line 56, in idwt-inverse-discrete-wavelet-transform.rst
Failed example:
    import pywt
Exception raised:
    Traceback (most recent call last):
      File "/usr/lib/python2.7/doctest.py", line 1289, in __run
        compileflags, 1) in test.globs
      File "<doctest idwt-inverse-discrete-wavelet-transform.rst[3]>", line 1, in <module>
        import pywt
      File "/«PKGBUILDDIR»/build/lib.linux-x86_64-2.7/pywt/__init__.py", line 13, in <module>
        from _pywt import *
    ImportError: /«PKGBUILDDIR»/build/lib.linux-x86_64-2.7/pywt/_pywt.so: undefined symbol: float_swt_
**********************************************************************
File "../doc/source/ref/idwt-inverse-discrete-wavelet-transform.rst", line 57, in idwt-inverse-discrete-wavelet-transform.rst
Failed example:
    (cA, cD) = pywt.dwt([1,2,3,4,5,6], 'db2', 'sp1')
Exception raised:
    Traceback (most recent call last):
      File "/usr/lib/python2.7/doctest.py", line 1289, in __run
        compileflags, 1) in test.globs
      File "<doctest idwt-inverse-discrete-wavelet-transform.rst[4]>", line 1, in <module>
        (cA, cD) = pywt.dwt([1,2,3,4,5,6], 'db2', 'sp1')
    NameError: name 'pywt' is not defined
**********************************************************************
File "../doc/source/ref/idwt-inverse-discrete-wavelet-transform.rst", line 58, in idwt-inverse-discrete-wavelet-transform.rst
Failed example:
    A = pywt.idwt(cA, None, 'db2', 'sp1')
Exception raised:
    Traceback (most recent call last):
      File "/usr/lib/python2.7/doctest.py", line 1289, in __run
        compileflags, 1) in test.globs
      File "<doctest idwt-inverse-discrete-wavelet-transform.rst[5]>", line 1, in <module>
        A = pywt.idwt(cA, None, 'db2', 'sp1')
    NameError: name 'pywt' is not defined
**********************************************************************
File "../doc/source/ref/idwt-inverse-discrete-wavelet-transform.rst", line 59, in idwt-inverse-discrete-wavelet-transform.rst
Failed example:
    D = pywt.idwt(None, cD, 'db2', 'sp1')
Exception raised:
    Traceback (most recent call last):
      File "/usr/lib/python2.7/doctest.py", line 1289, in __run
        compileflags, 1) in test.globs
      File "<doctest idwt-inverse-discrete-wavelet-transform.rst[6]>", line 1, in <module>
        D = pywt.idwt(None, cD, 'db2', 'sp1')
    NameError: name 'pywt' is not defined
**********************************************************************
File "../doc/source/ref/idwt-inverse-discrete-wavelet-transform.rst", line 60, in idwt-inverse-discrete-wavelet-transform.rst
Failed example:
    print A + D
Exception raised:
    Traceback (most recent call last):
      File "/usr/lib/python2.7/doctest.py", line 1289, in __run
        compileflags, 1) in test.globs
      File "<doctest idwt-inverse-discrete-wavelet-transform.rst[7]>", line 1, in <module>
        print A + D
    NameError: name 'A' is not defined
**********************************************************************
File "../doc/source/ref/idwt-inverse-discrete-wavelet-transform.rst", line 85, in idwt-inverse-discrete-wavelet-transform.rst
Failed example:
    import pywt
Exception raised:
    Traceback (most recent call last):
      File "/usr/lib/python2.7/doctest.py", line 1289, in __run
        compileflags, 1) in test.globs
      File "<doctest idwt-inverse-discrete-wavelet-transform.rst[8]>", line 1, in <module>
        import pywt
      File "/«PKGBUILDDIR»/build/lib.linux-x86_64-2.7/pywt/__init__.py", line 13, in <module>
        from _pywt import *
    ImportError: /«PKGBUILDDIR»/build/lib.linux-x86_64-2.7/pywt/_pywt.so: undefined symbol: float_swt_
**********************************************************************
File "../doc/source/ref/idwt-inverse-discrete-wavelet-transform.rst", line 86, in idwt-inverse-discrete-wavelet-transform.rst
Failed example:
    coeffs = pywt.wavedec([1,2,3,4,5,6,7,8], 'db2', level=2)
Exception raised:
    Traceback (most recent call last):
      File "/usr/lib/python2.7/doctest.py", line 1289, in __run
        compileflags, 1) in test.globs
      File "<doctest idwt-inverse-discrete-wavelet-transform.rst[9]>", line 1, in <module>
        coeffs = pywt.wavedec([1,2,3,4,5,6,7,8], 'db2', level=2)
    NameError: name 'pywt' is not defined
**********************************************************************
File "../doc/source/ref/idwt-inverse-discrete-wavelet-transform.rst", line 87, in idwt-inverse-discrete-wavelet-transform.rst
Failed example:
    print pywt.waverec(coeffs, 'db2')
Exception raised:
    Traceback (most recent call last):
      File "/usr/lib/python2.7/doctest.py", line 1289, in __run
        compileflags, 1) in test.globs
      File "<doctest idwt-inverse-discrete-wavelet-transform.rst[10]>", line 1, in <module>
        print pywt.waverec(coeffs, 'db2')
    NameError: name 'pywt' is not defined
**********************************************************************
File "../doc/source/ref/idwt-inverse-discrete-wavelet-transform.rst", line 118, in idwt-inverse-discrete-wavelet-transform.rst
Failed example:
    import pywt
Exception raised:
    Traceback (most recent call last):
      File "/usr/lib/python2.7/doctest.py", line 1289, in __run
        compileflags, 1) in test.globs
      File "<doctest idwt-inverse-discrete-wavelet-transform.rst[11]>", line 1, in <module>
        import pywt
      File "/«PKGBUILDDIR»/build/lib.linux-x86_64-2.7/pywt/__init__.py", line 13, in <module>
        from _pywt import *
    ImportError: /«PKGBUILDDIR»/build/lib.linux-x86_64-2.7/pywt/_pywt.so: undefined symbol: float_swt_
**********************************************************************
File "../doc/source/ref/idwt-inverse-discrete-wavelet-transform.rst", line 120, in idwt-inverse-discrete-wavelet-transform.rst
Failed example:
    (cA, cD) = pywt.dwt(data, 'db2', 'sp1')
Exception raised:
    Traceback (most recent call last):
      File "/usr/lib/python2.7/doctest.py", line 1289, in __run
        compileflags, 1) in test.globs
      File "<doctest idwt-inverse-discrete-wavelet-transform.rst[13]>", line 1, in <module>
        (cA, cD) = pywt.dwt(data, 'db2', 'sp1')
    NameError: name 'pywt' is not defined
**********************************************************************
File "../doc/source/ref/idwt-inverse-discrete-wavelet-transform.rst", line 121, in idwt-inverse-discrete-wavelet-transform.rst
Failed example:
    print pywt.upcoef('a', cA, 'db2') + pywt.upcoef('d', cD, 'db2')
Exception raised:
    Traceback (most recent call last):
      File "/usr/lib/python2.7/doctest.py", line 1289, in __run
        compileflags, 1) in test.globs
      File "<doctest idwt-inverse-discrete-wavelet-transform.rst[14]>", line 1, in <module>
        print pywt.upcoef('a', cA, 'db2') + pywt.upcoef('d', cD, 'db2')
    NameError: name 'pywt' is not defined
**********************************************************************
File "../doc/source/ref/idwt-inverse-discrete-wavelet-transform.rst", line 125, in idwt-inverse-discrete-wavelet-transform.rst
Failed example:
    print pywt.upcoef('a',cA,'db2',take=n) + pywt.upcoef('d',cD,'db2',take=n)
Exception raised:
    Traceback (most recent call last):
      File "/usr/lib/python2.7/doctest.py", line 1289, in __run
        compileflags, 1) in test.globs
      File "<doctest idwt-inverse-discrete-wavelet-transform.rst[16]>", line 1, in <module>
        print pywt.upcoef('a',cA,'db2',take=n) + pywt.upcoef('d',cD,'db2',take=n)
    NameError: name 'pywt' is not defined
**********************************************************************
1 items had failures:
  15 of  17 in idwt-inverse-discrete-wavelet-transform.rst
***Test Failed*** 15 failures.
testing ../doc/source/ref/thresholding-functions.rst
testing ../doc/source/ref/2d-dwt-and-idwt.rst
**********************************************************************
File "../doc/source/ref/2d-dwt-and-idwt.rst", line 59, in 2d-dwt-and-idwt.rst
Failed example:
    import pywt, numpy
Exception raised:
    Traceback (most recent call last):
      File "/usr/lib/python2.7/doctest.py", line 1289, in __run
        compileflags, 1) in test.globs
      File "<doctest 2d-dwt-and-idwt.rst[0]>", line 1, in <module>
        import pywt, numpy
      File "/«PKGBUILDDIR»/build/lib.linux-x86_64-2.7/pywt/__init__.py", line 13, in <module>
        from _pywt import *
    ImportError: /«PKGBUILDDIR»/build/lib.linux-x86_64-2.7/pywt/_pywt.so: undefined symbol: float_swt_
**********************************************************************
File "../doc/source/ref/2d-dwt-and-idwt.rst", line 60, in 2d-dwt-and-idwt.rst
Failed example:
    data = numpy.ones((4,4), dtype=numpy.float64)
Exception raised:
    Traceback (most recent call last):
      File "/usr/lib/python2.7/doctest.py", line 1289, in __run
        compileflags, 1) in test.globs
      File "<doctest 2d-dwt-and-idwt.rst[1]>", line 1, in <module>
        data = numpy.ones((4,4), dtype=numpy.float64)
    NameError: name 'numpy' is not defined
**********************************************************************
File "../doc/source/ref/2d-dwt-and-idwt.rst", line 61, in 2d-dwt-and-idwt.rst
Failed example:
    coeffs = pywt.dwt2(data, 'haar')
Exception raised:
    Traceback (most recent call last):
      File "/usr/lib/python2.7/doctest.py", line 1289, in __run
        compileflags, 1) in test.globs
      File "<doctest 2d-dwt-and-idwt.rst[2]>", line 1, in <module>
        coeffs = pywt.dwt2(data, 'haar')
    NameError: name 'pywt' is not defined
**********************************************************************
File "../doc/source/ref/2d-dwt-and-idwt.rst", line 62, in 2d-dwt-and-idwt.rst
Failed example:
    cA, (cH, cV, cD) = coeffs
Exception raised:
    Traceback (most recent call last):
      File "/usr/lib/python2.7/doctest.py", line 1289, in __run
        compileflags, 1) in test.globs
      File "<doctest 2d-dwt-and-idwt.rst[3]>", line 1, in <module>
        cA, (cH, cV, cD) = coeffs
    NameError: name 'coeffs' is not defined
**********************************************************************
File "../doc/source/ref/2d-dwt-and-idwt.rst", line 63, in 2d-dwt-and-idwt.rst
Failed example:
    print cA
Exception raised:
    Traceback (most recent call last):
      File "/usr/lib/python2.7/doctest.py", line 1289, in __run
        compileflags, 1) in test.globs
      File "<doctest 2d-dwt-and-idwt.rst[4]>", line 1, in <module>
        print cA
    NameError: name 'cA' is not defined
**********************************************************************
File "../doc/source/ref/2d-dwt-and-idwt.rst", line 66, in 2d-dwt-and-idwt.rst
Failed example:
    print cV
Exception raised:
    Traceback (most recent call last):
      File "/usr/lib/python2.7/doctest.py", line 1289, in __run
        compileflags, 1) in test.globs
      File "<doctest 2d-dwt-and-idwt.rst[5]>", line 1, in <module>
        print cV
    NameError: name 'cV' is not defined
**********************************************************************
File "../doc/source/ref/2d-dwt-and-idwt.rst", line 93, in 2d-dwt-and-idwt.rst
Failed example:
    import pywt, numpy
Exception raised:
    Traceback (most recent call last):
      File "/usr/lib/python2.7/doctest.py", line 1289, in __run
        compileflags, 1) in test.globs
      File "<doctest 2d-dwt-and-idwt.rst[6]>", line 1, in <module>
        import pywt, numpy
      File "/«PKGBUILDDIR»/build/lib.linux-x86_64-2.7/pywt/__init__.py", line 13, in <module>
        from _pywt import *
    ImportError: /«PKGBUILDDIR»/build/lib.linux-x86_64-2.7/pywt/_pywt.so: undefined symbol: float_swt_
**********************************************************************
File "../doc/source/ref/2d-dwt-and-idwt.rst", line 94, in 2d-dwt-and-idwt.rst
Failed example:
    data = numpy.array([[1,2], [3,4]], dtype=numpy.float64)
Exception raised:
    Traceback (most recent call last):
      File "/usr/lib/python2.7/doctest.py", line 1289, in __run
        compileflags, 1) in test.globs
      File "<doctest 2d-dwt-and-idwt.rst[7]>", line 1, in <module>
        data = numpy.array([[1,2], [3,4]], dtype=numpy.float64)
    NameError: name 'numpy' is not defined
**********************************************************************
File "../doc/source/ref/2d-dwt-and-idwt.rst", line 95, in 2d-dwt-and-idwt.rst
Failed example:
    coeffs = pywt.dwt2(data, 'haar')
Exception raised:
    Traceback (most recent call last):
      File "/usr/lib/python2.7/doctest.py", line 1289, in __run
        compileflags, 1) in test.globs
      File "<doctest 2d-dwt-and-idwt.rst[8]>", line 1, in <module>
        coeffs = pywt.dwt2(data, 'haar')
    NameError: name 'pywt' is not defined
**********************************************************************
File "../doc/source/ref/2d-dwt-and-idwt.rst", line 96, in 2d-dwt-and-idwt.rst
Failed example:
    print pywt.idwt2(coeffs, 'haar')
Exception raised:
    Traceback (most recent call last):
      File "/usr/lib/python2.7/doctest.py", line 1289, in __run
        compileflags, 1) in test.globs
      File "<doctest 2d-dwt-and-idwt.rst[9]>", line 1, in <module>
        print pywt.idwt2(coeffs, 'haar')
    NameError: name 'pywt' is not defined
**********************************************************************
File "../doc/source/ref/2d-dwt-and-idwt.rst", line 131, in 2d-dwt-and-idwt.rst
Failed example:
    import pywt, numpy
Exception raised:
    Traceback (most recent call last):
      File "/usr/lib/python2.7/doctest.py", line 1289, in __run
        compileflags, 1) in test.globs
      File "<doctest 2d-dwt-and-idwt.rst[10]>", line 1, in <module>
        import pywt, numpy
      File "/«PKGBUILDDIR»/build/lib.linux-x86_64-2.7/pywt/__init__.py", line 13, in <module>
        from _pywt import *
    ImportError: /«PKGBUILDDIR»/build/lib.linux-x86_64-2.7/pywt/_pywt.so: undefined symbol: float_swt_
**********************************************************************
File "../doc/source/ref/2d-dwt-and-idwt.rst", line 132, in 2d-dwt-and-idwt.rst
Failed example:
    coeffs = pywt.wavedec2(numpy.ones((8,8)), 'db1', level=2)
Exception raised:
    Traceback (most recent call last):
      File "/usr/lib/python2.7/doctest.py", line 1289, in __run
        compileflags, 1) in test.globs
      File "<doctest 2d-dwt-and-idwt.rst[11]>", line 1, in <module>
        coeffs = pywt.wavedec2(numpy.ones((8,8)), 'db1', level=2)
    NameError: name 'pywt' is not defined
**********************************************************************
File "../doc/source/ref/2d-dwt-and-idwt.rst", line 133, in 2d-dwt-and-idwt.rst
Failed example:
    cA2, (cH2, cV2, cD2), (cH1, cV1, cD1) = coeffs
Exception raised:
    Traceback (most recent call last):
      File "/usr/lib/python2.7/doctest.py", line 1289, in __run
        compileflags, 1) in test.globs
      File "<doctest 2d-dwt-and-idwt.rst[12]>", line 1, in <module>
        cA2, (cH2, cV2, cD2), (cH1, cV1, cD1) = coeffs
    NameError: name 'coeffs' is not defined
**********************************************************************
File "../doc/source/ref/2d-dwt-and-idwt.rst", line 134, in 2d-dwt-and-idwt.rst
Failed example:
    print cA2
Exception raised:
    Traceback (most recent call last):
      File "/usr/lib/python2.7/doctest.py", line 1289, in __run
        compileflags, 1) in test.globs
      File "<doctest 2d-dwt-and-idwt.rst[13]>", line 1, in <module>
        print cA2
    NameError: name 'cA2' is not defined
**********************************************************************
File "../doc/source/ref/2d-dwt-and-idwt.rst", line 159, in 2d-dwt-and-idwt.rst
Failed example:
    import pywt, numpy
Exception raised:
    Traceback (most recent call last):
      File "/usr/lib/python2.7/doctest.py", line 1289, in __run
        compileflags, 1) in test.globs
      File "<doctest 2d-dwt-and-idwt.rst[14]>", line 1, in <module>
        import pywt, numpy
      File "/«PKGBUILDDIR»/build/lib.linux-x86_64-2.7/pywt/__init__.py", line 13, in <module>
        from _pywt import *
    ImportError: /«PKGBUILDDIR»/build/lib.linux-x86_64-2.7/pywt/_pywt.so: undefined symbol: float_swt_
**********************************************************************
File "../doc/source/ref/2d-dwt-and-idwt.rst", line 160, in 2d-dwt-and-idwt.rst
Failed example:
    coeffs = pywt.wavedec2(numpy.ones((4,4)), 'db1')
Exception raised:
    Traceback (most recent call last):
      File "/usr/lib/python2.7/doctest.py", line 1289, in __run
        compileflags, 1) in test.globs
      File "<doctest 2d-dwt-and-idwt.rst[15]>", line 1, in <module>
        coeffs = pywt.wavedec2(numpy.ones((4,4)), 'db1')
    NameError: name 'pywt' is not defined
**********************************************************************
File "../doc/source/ref/2d-dwt-and-idwt.rst", line 161, in 2d-dwt-and-idwt.rst
Failed example:
    print "levels:", len(coeffs)-1
Exception raised:
    Traceback (most recent call last):
      File "/usr/lib/python2.7/doctest.py", line 1289, in __run
        compileflags, 1) in test.globs
      File "<doctest 2d-dwt-and-idwt.rst[16]>", line 1, in <module>
        print "levels:", len(coeffs)-1
    NameError: name 'coeffs' is not defined
**********************************************************************
File "../doc/source/ref/2d-dwt-and-idwt.rst", line 163, in 2d-dwt-and-idwt.rst
Failed example:
    print pywt.waverec2(coeffs, 'db1')
Exception raised:
    Traceback (most recent call last):
      File "/usr/lib/python2.7/doctest.py", line 1289, in __run
        compileflags, 1) in test.globs
      File "<doctest 2d-dwt-and-idwt.rst[17]>", line 1, in <module>
        print pywt.waverec2(coeffs, 'db1')
    NameError: name 'pywt' is not defined
**********************************************************************
1 items had failures:
  18 of  18 in 2d-dwt-and-idwt.rst
***Test Failed*** 18 failures.
testing ../doc/source/ref/wavelet-packets.rst
testing ../doc/source/ref/swt-stationary-wavelet-transform.rst
testing ../doc/source/ref/index.rst
Traceback (most recent call last):
  File "test_perfect_reconstruction.py", line 9, in <module>
    import pywt
  File "/«PKGBUILDDIR»/build/lib.linux-x86_64-2.7/pywt/__init__.py", line 13, in <module>
    from _pywt import *
ImportError: /«PKGBUILDDIR»/build/lib.linux-x86_64-2.7/pywt/_pywt.so: undefined symbol: float_swt_
make: *** [build-ext-2.7] Error 1
dpkg-buildpackage: error: debian/rules build-arch gave error exit status 2
────────────────────────────────────────────────────────────────────────────────
Build finished at 20130202-0327

Finished
────────

E: Build failure (dpkg-buildpackage died)

┌──────────────────────────────────────────────────────────────────────────────┐
│ Cleanup                                                                      │
└──────────────────────────────────────────────────────────────────────────────┘

Purging /«BUILDDIR»
Not cleaning session: cloned chroot in use

┌──────────────────────────────────────────────────────────────────────────────┐
│ Summary                                                                      │
└──────────────────────────────────────────────────────────────────────────────┘

Architecture: amd64
Build-Space: 6328
Build-Time: 9
Distribution: unstable
Fail-Stage: build
Install-Time: 22
Job: pywavelets_0.2.0-5
Package: pywavelets
Package-Time: 58
Source-Version: 0.2.0-5
Space: 6328
Status: attempted
Version: 0.2.0-5
────────────────────────────────────────────────────────────────────────────────
Finished at 20130202-0327
Build needed 00:00:58, 6328k disc space
DC-Status: Failed 58.553759s
