DC-Build-Header: ruby-kyotocabinet 1.32-1 / Mon Jan 28 03:55:51 +0000 2013
DC-Task: logfile:/tmp/ruby-kyotocabinet_1.32-1_unstable_clang.log version:1.32-1 chroot:unstable modes:binary-only:clang source:ruby-kyotocabinet architecture:any esttime:
DC-Sbuild-call: su user -c 'sbuild -n --apt-update -d unstable -v  --chroot-setup-commands=/tmp/switch-to-clang ruby-kyotocabinet_1.32-1'
Could not create '/sbuild-nonexistent/logs': No such file or directory
Could not create '/sbuild-nonexistent/logs': No such file or directory
sbuild (Debian sbuild) 0.62.5 (13 Jul 2011) on ip-10-29-139-29.ec2.internal

╔══════════════════════════════════════════════════════════════════════════════╗
║ ruby-kyotocabinet 1.32-1 (amd64)                           28 Jan 2013 03:55 ║
╚══════════════════════════════════════════════════════════════════════════════╝

Package: ruby-kyotocabinet
Version: 1.32-1
Source Version: 1.32-1
Distribution: unstable
Architecture: amd64

I: NOTICE: Log filtering will replace 'build/ruby-kyotocabinet-1tovV3/ruby-kyotocabinet-1.32' with '«PKGBUILDDIR»'
I: NOTICE: Log filtering will replace 'build/ruby-kyotocabinet-1tovV3' with '«BUILDDIR»'
I: NOTICE: Log filtering will replace 'var/lib/schroot/mount/unstable-amd64-sbuild-471ac89f-3e90-4808-b923-b2421c151385' with '«CHROOT»'

┌──────────────────────────────────────────────────────────────────────────────┐
│ Update chroot                                                                │
└──────────────────────────────────────────────────────────────────────────────┘

Ign http://localhost unstable InRelease
Get:1 http://localhost unstable Release.gpg [836 B]
Get:2 http://localhost unstable Release [227 kB]
Ign http://localhost unstable/main Sources/DiffIndex
Ign http://localhost unstable/main amd64 Packages/DiffIndex
Get:3 http://localhost unstable/main Translation-en/DiffIndex [7876 B]
Get:4 http://localhost unstable/main 2013-01-27-2011.16.pdiff [737 B]
Get:5 http://localhost unstable/main 2013-01-27-2011.16.pdiff [737 B]
Get:6 http://localhost unstable/main Sources [8234 kB]
Get:7 http://localhost unstable/main amd64 Packages [8284 kB]
Fetched 16.8 MB in 3s (4932 kB/s)
Reading package lists...
Reading package lists...
Building dependency tree...
Reading state information...
0 upgraded, 0 newly installed, 0 to remove and 0 not upgraded.

┌──────────────────────────────────────────────────────────────────────────────┐
│ Fetch source files                                                           │
└──────────────────────────────────────────────────────────────────────────────┘


Check APT
─────────

Checking available source versions...

Download source files with APT
──────────────────────────────

Reading package lists...
Building dependency tree...
Reading state information...
NOTICE: 'ruby-kyotocabinet' packaging is maintained in the 'Git' version control system at:
git://git.debian.org/pkg-ruby-extras/ruby-kyotocabinet.git
Need to get 167 kB of source archives.
Get:1 http://localhost/debian/ unstable/main ruby-kyotocabinet 1.32-1 (dsc) [2131 B]
Get:2 http://localhost/debian/ unstable/main ruby-kyotocabinet 1.32-1 (tar) [107 kB]
Get:3 http://localhost/debian/ unstable/main ruby-kyotocabinet 1.32-1 (diff) [57.7 kB]
Fetched 167 kB in 0s (643 kB/s)
Download complete and in download only mode

Check arch
──────────


┌──────────────────────────────────────────────────────────────────────────────┐
│ Chroot Setup Commands                                                        │
└──────────────────────────────────────────────────────────────────────────────┘


/tmp/switch-to-clang
────────────────────

+ echo 'Entering customization script...'
Entering customization script...
+ echo 'Add experimental as repository'
Add experimental as repository
+ echo deb http://localhost:9999/debian experimental main
+ apt-get update
Ign http://localhost unstable InRelease
Ign http://localhost experimental InRelease
Hit http://localhost unstable Release.gpg
Get:1 http://localhost experimental Release.gpg [836 B]
Hit http://localhost unstable Release
Get:2 http://localhost experimental Release [161 kB]
Ign http://localhost unstable/main Sources/DiffIndex
Ign http://localhost unstable/main amd64 Packages/DiffIndex
Hit http://localhost unstable/main Translation-en/DiffIndex
Get:3 http://localhost experimental/main Translation-en [704 kB]
Get:4 http://localhost experimental/main amd64 Packages [1605 kB]
Hit http://localhost unstable/main Sources
Hit http://localhost unstable/main amd64 Packages
Fetched 2471 kB in 1s (1334 kB/s)
Reading package lists...
+ echo 'Install of clang'
Install of clang
+ apt-get update
Ign http://localhost unstable InRelease
Ign http://localhost experimental InRelease
Hit http://localhost unstable Release.gpg
Hit http://localhost experimental Release.gpg
Hit http://localhost unstable Release
Hit http://localhost experimental Release
Ign http://localhost unstable/main Sources/DiffIndex
Ign http://localhost unstable/main amd64 Packages/DiffIndex
Hit http://localhost unstable/main Translation-en/DiffIndex
Ign http://localhost experimental/main amd64 Packages/DiffIndex
Get:1 http://localhost experimental/main Translation-en/DiffIndex [7819 B]
Hit http://localhost unstable/main Sources
Hit http://localhost unstable/main amd64 Packages
Hit http://localhost experimental/main amd64 Packages
Fetched 7819 B in 1s (3977 B/s)
Reading package lists...
+ apt-get install --yes --no-install-recommends clang -t experimental
Reading package lists...
Building dependency tree...
Reading state information...
The following extra packages will be installed:
  clang-3.2 compiler-rt cpp-4.7 g++-4.7 gcc-4.7 gcc-4.7-base gcc-4.8-base
  libc-dev-bin libc6 libc6-dev libclang-common-dev libexpat1 libffi5
  libgcc-4.7-dev libgcc1 libgomp1 libitm1 libllvm3.2 libncurses5 libncursesw5
  libobjc-4.7-dev libobjc4 libpython2.7-minimal libpython2.7-stdlib
  libquadmath0 libsqlite3-0 libssl1.0.0 libstdc++6 libstdc++6-4.7-dev
  libtinfo5 mime-support python python-minimal python2.7 python2.7-minimal
Suggested packages:
  gcc-4.7-locales g++-4.7-multilib gcc-4.7-doc libstdc++6-4.7-dbg
  gcc-4.7-multilib libmudflap0-4.7-dev libgcc1-dbg libgomp1-dbg libitm1-dbg
  libquadmath0-dbg libmudflap0-dbg libcloog-ppl0 libppl-c2 libppl7
  binutils-gold glibc-doc libstdc++6-4.7-doc python-doc python-tk
  python2.7-doc binfmt-support
Recommended packages:
  llvm-3.2-dev manpages-dev file
The following NEW packages will be installed:
  clang clang-3.2 compiler-rt gcc-4.8-base libclang-common-dev libexpat1
  libffi5 libgcc-4.7-dev libllvm3.2 libncursesw5 libobjc-4.7-dev libobjc4
  libpython2.7-minimal libpython2.7-stdlib libsqlite3-0 libssl1.0.0
  mime-support python python-minimal python2.7 python2.7-minimal
The following packages will be upgraded:
  cpp-4.7 g++-4.7 gcc-4.7 gcc-4.7-base libc-dev-bin libc6 libc6-dev libgcc1
  libgomp1 libitm1 libncurses5 libquadmath0 libstdc++6 libstdc++6-4.7-dev
  libtinfo5
15 upgraded, 21 newly installed, 0 to remove and 24 not upgraded.
Need to get 56.7 MB of archives.
After this operation, 72.6 MB of additional disk space will be used.
Get:1 http://localhost/debian/ experimental/main gcc-4.8-base amd64 4.8-20130123-1 [147 kB]
Get:2 http://localhost/debian/ experimental/main libc6-dev amd64 2.16-0experimental1 [3086 kB]
Get:3 http://localhost/debian/ experimental/main libc-dev-bin amd64 2.16-0experimental1 [226 kB]
Get:4 http://localhost/debian/ experimental/main libc6 amd64 2.16-0experimental1 [4729 kB]
Get:5 http://localhost/debian/ experimental/main libgcc1 amd64 1:4.8-20130123-1 [43.7 kB]
Get:6 http://localhost/debian/ experimental/main libstdc++6 amd64 4.8-20130123-1 [336 kB]
Get:7 http://localhost/debian/ experimental/main libtinfo5 amd64 5.9+20130119-1 [294 kB]
Get:8 http://localhost/debian/ experimental/main libncurses5 amd64 5.9+20130119-1 [115 kB]
Get:9 http://localhost/debian/ experimental/main libncursesw5 amd64 5.9+20130119-1 [142 kB]
Get:10 http://localhost/debian/ unstable/main libssl1.0.0 amd64 1.0.1c-4 [1213 kB]
Get:11 http://localhost/debian/ unstable/main libsqlite3-0 amd64 3.7.15.2-1 [463 kB]
Get:12 http://localhost/debian/ experimental/main libexpat1 amd64 2.1.0-2 [138 kB]
Get:13 http://localhost/debian/ unstable/main libffi5 amd64 3.0.10-3 [24.8 kB]
Get:14 http://localhost/debian/ experimental/main libgomp1 amd64 4.8-20130123-1 [27.4 kB]
Get:15 http://localhost/debian/ experimental/main libitm1 amd64 4.8-20130123-1 [37.7 kB]
Get:16 http://localhost/debian/ unstable/main libllvm3.2 amd64 3.2-2 [7865 kB]
Get:17 http://localhost/debian/ experimental/main libobjc4 amd64 4.8-20130123-1 [163 kB]
Get:18 http://localhost/debian/ experimental/main libquadmath0 amd64 4.8-20130123-1 [139 kB]
Get:19 http://localhost/debian/ experimental/main libstdc++6-4.7-dev amd64 4.7.2-19 [1678 kB]
Get:20 http://localhost/debian/ experimental/main g++-4.7 amd64 4.7.2-19 [5877 kB]
Get:21 http://localhost/debian/ experimental/main gcc-4.7 amd64 4.7.2-19 [5831 kB]
Get:22 http://localhost/debian/ experimental/main cpp-4.7 amd64 4.7.2-19 [5416 kB]
Get:23 http://localhost/debian/ experimental/main libgcc-4.7-dev amd64 4.7.2-19 [2465 kB]
Get:24 http://localhost/debian/ experimental/main gcc-4.7-base amd64 4.7.2-19 [148 kB]
Get:25 http://localhost/debian/ experimental/main mime-support all 3.53~experimental2 [36.5 kB]
Get:26 http://localhost/debian/ experimental/main libpython2.7-minimal amd64 2.7.3-15 [531 kB]
Get:27 http://localhost/debian/ experimental/main python2.7-minimal amd64 2.7.3-15 [1220 kB]
Get:28 http://localhost/debian/ experimental/main libpython2.7-stdlib amd64 2.7.3-15 [2367 kB]
Get:29 http://localhost/debian/ experimental/main python2.7 amd64 2.7.3-15 [326 kB]
Get:30 http://localhost/debian/ experimental/main python-minimal amd64 2.7.3-10 [41.8 kB]
Get:31 http://localhost/debian/ experimental/main python amd64 2.7.3-10 [184 kB]
Get:32 http://localhost/debian/ experimental/main libobjc-4.7-dev amd64 4.7.2-19 [717 kB]
Get:33 http://localhost/debian/ experimental/main libclang-common-dev amd64 3.2-1~exp5 [303 kB]
Get:34 http://localhost/debian/ experimental/main compiler-rt amd64 3.2-1~exp5 [315 kB]
Get:35 http://localhost/debian/ experimental/main clang-3.2 amd64 3.2-1~exp5 [10.1 MB]
Get:36 http://localhost/debian/ experimental/main clang all 3.2-1~exp5 [9506 B]
debconf: delaying package configuration, since apt-utils is not installed
Fetched 56.7 MB in 1s (34.1 MB/s)
Selecting previously unselected package gcc-4.8-base:amd64.
(Reading database ... 13484 files and directories currently installed.)
Unpacking gcc-4.8-base:amd64 (from .../gcc-4.8-base_4.8-20130123-1_amd64.deb) ...
Setting up gcc-4.8-base:amd64 (4.8-20130123-1) ...
(Reading database ... 13491 files and directories currently installed.)
Preparing to replace libc6-dev:amd64 2.13-38 (using .../libc6-dev_2.16-0experimental1_amd64.deb) ...
Unpacking replacement libc6-dev:amd64 ...
Preparing to replace libc-dev-bin 2.13-38 (using .../libc-dev-bin_2.16-0experimental1_amd64.deb) ...
Unpacking replacement libc-dev-bin ...
Preparing to replace libc6:amd64 2.13-38 (using .../libc6_2.16-0experimental1_amd64.deb) ...
debconf: unable to initialize frontend: Dialog
debconf: (Dialog frontend will not work on a dumb terminal, an emacs shell buffer, or without a controlling terminal.)
debconf: falling back to frontend: Readline
debconf: unable to initialize frontend: Readline
debconf: (This frontend requires a controlling tty.)
debconf: falling back to frontend: Teletype
Checking for services that may need to be restarted...
Checking init scripts...
Unpacking replacement libc6:amd64 ...
Setting up libc6:amd64 (2.16-0experimental1) ...
debconf: unable to initialize frontend: Dialog
debconf: (Dialog frontend will not work on a dumb terminal, an emacs shell buffer, or without a controlling terminal.)
debconf: falling back to frontend: Readline
debconf: unable to initialize frontend: Readline
debconf: (This frontend requires a controlling tty.)
debconf: falling back to frontend: Teletype
Checking for services that may need to be restarted...
Checking init scripts...
Nothing to restart.
(Reading database ... 13509 files and directories currently installed.)
Preparing to replace libgcc1:amd64 1:4.7.2-5 (using .../libgcc1_1%3a4.8-20130123-1_amd64.deb) ...
Unpacking replacement libgcc1:amd64 ...
Setting up libgcc1:amd64 (1:4.8-20130123-1) ...
(Reading database ... 13509 files and directories currently installed.)
Preparing to replace libstdc++6:amd64 4.7.2-5 (using .../libstdc++6_4.8-20130123-1_amd64.deb) ...
Unpacking replacement libstdc++6:amd64 ...
Setting up libstdc++6:amd64 (4.8-20130123-1) ...
(Reading database ... 13509 files and directories currently installed.)
Preparing to replace libtinfo5:amd64 5.9-10 (using .../libtinfo5_5.9+20130119-1_amd64.deb) ...
Unpacking replacement libtinfo5:amd64 ...
Setting up libtinfo5:amd64 (5.9+20130119-1) ...
(Reading database ... 13509 files and directories currently installed.)
Preparing to replace libncurses5:amd64 5.9-10 (using .../libncurses5_5.9+20130119-1_amd64.deb) ...
Unpacking replacement libncurses5:amd64 ...
Setting up libncurses5:amd64 (5.9+20130119-1) ...
Selecting previously unselected package libncursesw5:amd64.
(Reading database ... 13509 files and directories currently installed.)
Unpacking libncursesw5:amd64 (from .../libncursesw5_5.9+20130119-1_amd64.deb) ...
Selecting previously unselected package libssl1.0.0:amd64.
Unpacking libssl1.0.0:amd64 (from .../libssl1.0.0_1.0.1c-4_amd64.deb) ...
Selecting previously unselected package libsqlite3-0:amd64.
Unpacking libsqlite3-0:amd64 (from .../libsqlite3-0_3.7.15.2-1_amd64.deb) ...
Selecting previously unselected package libexpat1:amd64.
Unpacking libexpat1:amd64 (from .../libexpat1_2.1.0-2_amd64.deb) ...
Selecting previously unselected package libffi5:amd64.
Unpacking libffi5:amd64 (from .../libffi5_3.0.10-3_amd64.deb) ...
Preparing to replace libgomp1:amd64 4.7.2-5 (using .../libgomp1_4.8-20130123-1_amd64.deb) ...
Unpacking replacement libgomp1:amd64 ...
Preparing to replace libitm1:amd64 4.7.2-5 (using .../libitm1_4.8-20130123-1_amd64.deb) ...
Unpacking replacement libitm1:amd64 ...
Selecting previously unselected package libllvm3.2:amd64.
Unpacking libllvm3.2:amd64 (from .../libllvm3.2_3.2-2_amd64.deb) ...
Selecting previously unselected package libobjc4:amd64.
Unpacking libobjc4:amd64 (from .../libobjc4_4.8-20130123-1_amd64.deb) ...
Preparing to replace libquadmath0:amd64 4.7.2-5 (using .../libquadmath0_4.8-20130123-1_amd64.deb) ...
Unpacking replacement libquadmath0:amd64 ...
Preparing to replace libstdc++6-4.7-dev 4.7.2-5 (using .../libstdc++6-4.7-dev_4.7.2-19_amd64.deb) ...
Unpacking replacement libstdc++6-4.7-dev:amd64 ...
Preparing to replace g++-4.7 4.7.2-5 (using .../g++-4.7_4.7.2-19_amd64.deb) ...
Unpacking replacement g++-4.7 ...
Preparing to replace gcc-4.7 4.7.2-5 (using .../gcc-4.7_4.7.2-19_amd64.deb) ...
Unpacking replacement gcc-4.7 ...
Preparing to replace cpp-4.7 4.7.2-5 (using .../cpp-4.7_4.7.2-19_amd64.deb) ...
Unpacking replacement cpp-4.7 ...
Selecting previously unselected package libgcc-4.7-dev:amd64.
Unpacking libgcc-4.7-dev:amd64 (from .../libgcc-4.7-dev_4.7.2-19_amd64.deb) ...
Preparing to replace gcc-4.7-base:amd64 4.7.2-5 (using .../gcc-4.7-base_4.7.2-19_amd64.deb) ...
Unpacking replacement gcc-4.7-base:amd64 ...
Selecting previously unselected package mime-support.
Unpacking mime-support (from .../mime-support_3.53~experimental2_all.deb) ...
Selecting previously unselected package libpython2.7-minimal:amd64.
Unpacking libpython2.7-minimal:amd64 (from .../libpython2.7-minimal_2.7.3-15_amd64.deb) ...
Selecting previously unselected package python2.7-minimal.
Unpacking python2.7-minimal (from .../python2.7-minimal_2.7.3-15_amd64.deb) ...
Selecting previously unselected package libpython2.7-stdlib:amd64.
Unpacking libpython2.7-stdlib:amd64 (from .../libpython2.7-stdlib_2.7.3-15_amd64.deb) ...
Selecting previously unselected package python2.7.
Unpacking python2.7 (from .../python2.7_2.7.3-15_amd64.deb) ...
Selecting previously unselected package python-minimal.
Unpacking python-minimal (from .../python-minimal_2.7.3-10_amd64.deb) ...
Selecting previously unselected package python.
Unpacking python (from .../python_2.7.3-10_amd64.deb) ...
Selecting previously unselected package libobjc-4.7-dev:amd64.
Unpacking libobjc-4.7-dev:amd64 (from .../libobjc-4.7-dev_4.7.2-19_amd64.deb) ...
Selecting previously unselected package libclang-common-dev.
Unpacking libclang-common-dev (from .../libclang-common-dev_3.2-1~exp5_amd64.deb) ...
Selecting previously unselected package compiler-rt.
Unpacking compiler-rt (from .../compiler-rt_3.2-1~exp5_amd64.deb) ...
Selecting previously unselected package clang-3.2.
Unpacking clang-3.2 (from .../clang-3.2_3.2-1~exp5_amd64.deb) ...
Selecting previously unselected package clang.
Unpacking clang (from .../clang_3.2-1~exp5_all.deb) ...
Setting up libc-dev-bin (2.16-0experimental1) ...
Setting up libc6-dev:amd64 (2.16-0experimental1) ...
Setting up libncursesw5:amd64 (5.9+20130119-1) ...
Setting up libssl1.0.0:amd64 (1.0.1c-4) ...
debconf: unable to initialize frontend: Dialog
debconf: (Dialog frontend will not work on a dumb terminal, an emacs shell buffer, or without a controlling terminal.)
debconf: falling back to frontend: Readline
debconf: unable to initialize frontend: Readline
debconf: (This frontend requires a controlling tty.)
debconf: falling back to frontend: Teletype
Setting up libsqlite3-0:amd64 (3.7.15.2-1) ...
Setting up libexpat1:amd64 (2.1.0-2) ...
Setting up libffi5:amd64 (3.0.10-3) ...
Setting up libgomp1:amd64 (4.8-20130123-1) ...
Setting up libitm1:amd64 (4.8-20130123-1) ...
Setting up libllvm3.2:amd64 (3.2-2) ...
Setting up libobjc4:amd64 (4.8-20130123-1) ...
Setting up libquadmath0:amd64 (4.8-20130123-1) ...
Setting up gcc-4.7-base:amd64 (4.7.2-19) ...
Setting up libgcc-4.7-dev:amd64 (4.7.2-19) ...
Setting up libstdc++6-4.7-dev:amd64 (4.7.2-19) ...
Setting up cpp-4.7 (4.7.2-19) ...
Setting up gcc-4.7 (4.7.2-19) ...
Setting up g++-4.7 (4.7.2-19) ...
Setting up mime-support (3.53~experimental2) ...
Setting up libpython2.7-minimal:amd64 (2.7.3-15) ...
Setting up python2.7-minimal (2.7.3-15) ...
Linking and byte-compiling packages for runtime python2.7...
Setting up libpython2.7-stdlib:amd64 (2.7.3-15) ...
Setting up python2.7 (2.7.3-15) ...
Setting up python-minimal (2.7.3-10) ...
Setting up python (2.7.3-10) ...
Setting up libobjc-4.7-dev:amd64 (4.7.2-19) ...
Setting up libclang-common-dev (3.2-1~exp5) ...
Setting up compiler-rt (3.2-1~exp5) ...
Setting up clang-3.2 (3.2-1~exp5) ...
Setting up clang (3.2-1~exp5) ...
+ echo 'Replace gcc, g++ & cpp by clang'
Replace gcc, g++ & cpp by clang
+ VERSIONS='4.6 4.7'
+ cd /usr/bin
+ for VERSION in '$VERSIONS'
+ rm g++-4.6 gcc-4.6 cpp-4.6
+ ln -s clang++ g++-4.6
+ ln -s clang gcc-4.6
+ ln -s clang cpp-4.6
+ for VERSION in '$VERSIONS'
+ rm g++-4.7 gcc-4.7 cpp-4.7
+ ln -s clang++ g++-4.7
+ ln -s clang gcc-4.7
+ ln -s clang cpp-4.7
+ cd -
/«BUILDDIR»
+ echo 'Block the installation of new gcc version'
Block the installation of new gcc version
+ echo 'gcc-4.6 hold'
+ dpkg --set-selections
+ echo 'cpp-4.6 hold'
+ dpkg --set-selections
+ echo 'g++-4.6 hold'
+ dpkg --set-selections
+ echo 'gcc-4.7 hold'
+ dpkg --set-selections
+ echo 'cpp-4.7 hold'
+ dpkg --set-selections
+ echo 'g++-4.7 hold'
+ dpkg --set-selections
+ echo 'Check if gcc, g++ & cpp are actually clang'
Check if gcc, g++ & cpp are actually clang
+ gcc --version
+ grep clang
+ cpp --version
+ grep clang
+ g++ --version
+ grep clang

I: Finished running '/tmp/switch-to-clang'.

Finished processing commands.
────────────────────────────────────────────────────────────────────────────────
Merged Build-Depends: build-essential, fakeroot
Filtered Build-Depends: build-essential, fakeroot
dpkg-deb: building package `sbuild-build-depends-core-dummy' in `/«BUILDDIR»/resolver-w9Rtf1/apt_archive/sbuild-build-depends-core-dummy.deb'.
OK
Reading package lists...

┌──────────────────────────────────────────────────────────────────────────────┐
│ Install core build dependencies (apt-based resolver)                         │
└──────────────────────────────────────────────────────────────────────────────┘

Installing build dependencies
Reading package lists...
Building dependency tree...
Reading state information...
The following NEW packages will be installed:
  sbuild-build-depends-core-dummy
debconf: delaying package configuration, since apt-utils is not installed
0 upgraded, 1 newly installed, 0 to remove and 0 not upgraded.
Need to get 0 B/710 B of archives.
After this operation, 0 B of additional disk space will be used.
Selecting previously unselected package sbuild-build-depends-core-dummy.
(Reading database ... 14674 files and directories currently installed.)
Unpacking sbuild-build-depends-core-dummy (from .../sbuild-build-depends-core-dummy.deb) ...
Setting up sbuild-build-depends-core-dummy (0.invalid.0) ...
Merged Build-Depends: base-files, base-passwd, bash, bsdutils, coreutils, dash, debianutils, diffutils, dpkg, e2fsprogs, findutils, grep, gzip, hostname, libc-bin, login, mount, ncurses-base, ncurses-bin, perl-base, sed, sysvinit, sysvinit-utils, tar, util-linux, libc6-dev | libc-dev, gcc (>= 4:4.4.3), g++ (>= 4:4.4.3), make, dpkg-dev (>= 1.13.5), debhelper (>= 9), gem2deb (>= 0.2.12~), libkyotocabinet-dev, pkg-config
Filtered Build-Depends: base-files, base-passwd, bash, bsdutils, coreutils, dash, debianutils, diffutils, dpkg, e2fsprogs, findutils, grep, gzip, hostname, libc-bin, login, mount, ncurses-base, ncurses-bin, perl-base, sed, sysvinit, sysvinit-utils, tar, util-linux, libc6-dev, gcc (>= 4:4.4.3), g++ (>= 4:4.4.3), make, dpkg-dev (>= 1.13.5), debhelper (>= 9), gem2deb (>= 0.2.12~), libkyotocabinet-dev, pkg-config
dpkg-deb: building package `sbuild-build-depends-ruby-kyotocabinet-dummy' in `/«BUILDDIR»/resolver-jvDTNV/apt_archive/sbuild-build-depends-ruby-kyotocabinet-dummy.deb'.
OK
Reading package lists...

┌──────────────────────────────────────────────────────────────────────────────┐
│ Install ruby-kyotocabinet build dependencies (apt-based resolver)            │
└──────────────────────────────────────────────────────────────────────────────┘

Installing build dependencies
Reading package lists...
Building dependency tree...
Reading state information...
The following extra packages will be installed:
  bsdmainutils debhelper devscripts file gem2deb gettext gettext-base
  groff-base html2text intltool-debian libasprintf-dev libasprintf0c2
  libcroco3 libgettextpo-dev libgettextpo0 libglib2.0-0 libkyotocabinet-dev
  libkyotocabinet16 liblzma-dev liblzo2-2 liblzo2-dev libmagic1 libpcre3
  libpipeline1 libpopt0 libreadline5 libruby1.8 libruby1.9.1 libunistring0
  libxml2 libyaml-0-2 man-db pkg-config po-debconf ruby ruby1.8 ruby1.8-dev
  ruby1.9.1 ruby1.9.1-dev rubygems zlib1g-dev
Suggested packages:
  wamerican wordlist whois vacation dh-make bsd-mailx mailx cvs-buildpackage
  devscripts-el gnuplot libauthen-sasl-perl libfile-desktopentry-perl
  libnet-smtp-ssl-perl libterm-size-perl libyaml-syck-perl mutt ssh-client
  svn-buildpackage w3m gettext-doc groff liblzma-doc less www-browser
  libmail-box-perl ri ruby-dev ruby1.8-examples ri1.8 ruby-switch
  ruby1.9.1-examples ri1.9.1 graphviz
Recommended packages:
  at curl wget dctrl-tools dput dupload libdistro-info-perl libjson-perl
  libparse-debcontrol-perl liburi-perl libwww-perl lintian patchutils
  python-debian python-magic strace unzip wdiff debian-keyring equivs
  libcrypt-ssleay-perl libsoap-lite-perl autopoint libglib2.0-data
  shared-mime-info xml-core libmail-sendmail-perl
The following NEW packages will be installed:
  bsdmainutils debhelper devscripts file gem2deb gettext gettext-base
  groff-base html2text intltool-debian libasprintf-dev libasprintf0c2
  libcroco3 libgettextpo-dev libgettextpo0 libglib2.0-0 libkyotocabinet-dev
  libkyotocabinet16 liblzma-dev liblzo2-2 liblzo2-dev libmagic1 libpcre3
  libpipeline1 libpopt0 libreadline5 libruby1.8 libruby1.9.1 libunistring0
  libxml2 libyaml-0-2 man-db pkg-config po-debconf ruby ruby1.8 ruby1.8-dev
  ruby1.9.1 ruby1.9.1-dev rubygems
  sbuild-build-depends-ruby-kyotocabinet-dummy zlib1g-dev
0 upgraded, 42 newly installed, 0 to remove and 0 not upgraded.
Need to get 21.7 MB/21.7 MB of archives.
After this operation, 64.9 MB of additional disk space will be used.
Get:1 http://localhost/debian/ unstable/main libpipeline1 amd64 1.2.2-1 [39.9 kB]
Get:2 http://localhost/debian/ unstable/main libpopt0 amd64 1.16-7 [56.4 kB]
Get:3 http://localhost/debian/ unstable/main groff-base amd64 1.22.1-2 [741 kB]
Get:4 http://localhost/debian/ unstable/main bsdmainutils amd64 9.0.4 [210 kB]
Get:5 http://localhost/debian/ unstable/main man-db amd64 2.6.3-3 [898 kB]
Get:6 http://localhost/debian/ unstable/main libasprintf0c2 amd64 0.18.1.1-10 [27.2 kB]
Get:7 http://localhost/debian/ unstable/main libmagic1 amd64 5.11-2 [202 kB]
Get:8 http://localhost/debian/ unstable/main libpcre3 amd64 1:8.31-2 [247 kB]
Get:9 http://localhost/debian/ unstable/main libxml2 amd64 2.8.0+dfsg1-7 [903 kB]
Get:10 http://localhost/debian/ unstable/main libglib2.0-0 amd64 2.33.12+really2.32.4-5 [1838 kB]
Get:11 http://localhost/debian/ unstable/main libcroco3 amd64 0.6.6-2 [134 kB]
Get:12 http://localhost/debian/ unstable/main libunistring0 amd64 0.9.3-5 [434 kB]
Get:13 http://localhost/debian/ unstable/main libgettextpo0 amd64 0.18.1.1-10 [145 kB]
Get:14 http://localhost/debian/ unstable/main liblzo2-2 amd64 2.06-1 [57.7 kB]
Get:15 http://localhost/debian/ unstable/main libkyotocabinet16 amd64 1.2.76-4 [302 kB]
Get:16 http://localhost/debian/ unstable/main libreadline5 amd64 5.2+dfsg-1 [150 kB]
Get:17 http://localhost/debian/ unstable/main libyaml-0-2 amd64 0.1.4-2 [56.5 kB]
Get:18 http://localhost/debian/ unstable/main file amd64 5.11-2 [51.8 kB]
Get:19 http://localhost/debian/ unstable/main gettext-base amd64 0.18.1.1-10 [154 kB]
Get:20 http://localhost/debian/ unstable/main html2text amd64 1.3.2a-15 [103 kB]
Get:21 http://localhost/debian/ unstable/main libasprintf-dev amd64 0.18.1.1-10 [26.8 kB]
Get:22 http://localhost/debian/ unstable/main libgettextpo-dev amd64 0.18.1.1-10 [184 kB]
Get:23 http://localhost/debian/ unstable/main gettext amd64 0.18.1.1-10 [1815 kB]
Get:24 http://localhost/debian/ unstable/main intltool-debian all 0.35.0+20060710.1 [30.8 kB]
Get:25 http://localhost/debian/ unstable/main po-debconf all 1.0.16+nmu2 [224 kB]
Get:26 http://localhost/debian/ unstable/main debhelper all 9.20120909 [705 kB]
Get:27 http://localhost/debian/ unstable/main devscripts amd64 2.12.6 [879 kB]
Get:28 http://localhost/debian/ unstable/main libruby1.9.1 amd64 1.9.3.194-5 [4414 kB]
Get:29 http://localhost/debian/ unstable/main ruby1.9.1 amd64 1.9.3.194-5 [208 kB]
Get:30 http://localhost/debian/ unstable/main ruby all 4.9 [6350 B]
Get:31 http://localhost/debian/ unstable/main libruby1.8 amd64 1.8.7.358-6 [2090 kB]
Get:32 http://localhost/debian/ unstable/main ruby1.8 amd64 1.8.7.358-6 [320 kB]
Get:33 http://localhost/debian/ unstable/main rubygems all 1.8.24-1 [597 kB]
Get:34 http://localhost/debian/ unstable/main ruby1.8-dev amd64 1.8.7.358-6 [911 kB]
Get:35 http://localhost/debian/ unstable/main ruby1.9.1-dev amd64 1.9.3.194-5 [1384 kB]
Get:36 http://localhost/debian/ unstable/main gem2deb all 0.3.0 [43.5 kB]
Get:37 http://localhost/debian/ unstable/main zlib1g-dev amd64 1:1.2.7.dfsg-13 [215 kB]
Get:38 http://localhost/debian/ unstable/main liblzma-dev amd64 5.1.1alpha+20120614-2 [277 kB]
Get:39 http://localhost/debian/ unstable/main liblzo2-dev amd64 2.06-1 [148 kB]
Get:40 http://localhost/debian/ unstable/main libkyotocabinet-dev amd64 1.2.76-4 [410 kB]
Get:41 http://localhost/debian/ unstable/main pkg-config amd64 0.26-1 [59.5 kB]
debconf: delaying package configuration, since apt-utils is not installed
Fetched 21.7 MB in 1s (16.4 MB/s)
Selecting previously unselected package libpipeline1:amd64.
(Reading database ... 14674 files and directories currently installed.)
Unpacking libpipeline1:amd64 (from .../libpipeline1_1.2.2-1_amd64.deb) ...
Selecting previously unselected package libpopt0:amd64.
Unpacking libpopt0:amd64 (from .../libpopt0_1.16-7_amd64.deb) ...
Selecting previously unselected package groff-base.
Unpacking groff-base (from .../groff-base_1.22.1-2_amd64.deb) ...
Selecting previously unselected package bsdmainutils.
Unpacking bsdmainutils (from .../bsdmainutils_9.0.4_amd64.deb) ...
Selecting previously unselected package man-db.
Unpacking man-db (from .../man-db_2.6.3-3_amd64.deb) ...
Selecting previously unselected package libasprintf0c2:amd64.
Unpacking libasprintf0c2:amd64 (from .../libasprintf0c2_0.18.1.1-10_amd64.deb) ...
Selecting previously unselected package libmagic1:amd64.
Unpacking libmagic1:amd64 (from .../libmagic1_5.11-2_amd64.deb) ...
Selecting previously unselected package libpcre3:amd64.
Unpacking libpcre3:amd64 (from .../libpcre3_1%3a8.31-2_amd64.deb) ...
Selecting previously unselected package libxml2:amd64.
Unpacking libxml2:amd64 (from .../libxml2_2.8.0+dfsg1-7_amd64.deb) ...
Selecting previously unselected package libglib2.0-0:amd64.
Unpacking libglib2.0-0:amd64 (from .../libglib2.0-0_2.33.12+really2.32.4-5_amd64.deb) ...
Selecting previously unselected package libcroco3:amd64.
Unpacking libcroco3:amd64 (from .../libcroco3_0.6.6-2_amd64.deb) ...
Selecting previously unselected package libunistring0:amd64.
Unpacking libunistring0:amd64 (from .../libunistring0_0.9.3-5_amd64.deb) ...
Selecting previously unselected package libgettextpo0:amd64.
Unpacking libgettextpo0:amd64 (from .../libgettextpo0_0.18.1.1-10_amd64.deb) ...
Selecting previously unselected package liblzo2-2:amd64.
Unpacking liblzo2-2:amd64 (from .../liblzo2-2_2.06-1_amd64.deb) ...
Selecting previously unselected package libkyotocabinet16:amd64.
Unpacking libkyotocabinet16:amd64 (from .../libkyotocabinet16_1.2.76-4_amd64.deb) ...
Selecting previously unselected package libreadline5:amd64.
Unpacking libreadline5:amd64 (from .../libreadline5_5.2+dfsg-1_amd64.deb) ...
Selecting previously unselected package libyaml-0-2:amd64.
Unpacking libyaml-0-2:amd64 (from .../libyaml-0-2_0.1.4-2_amd64.deb) ...
Selecting previously unselected package file.
Unpacking file (from .../archives/file_5.11-2_amd64.deb) ...
Selecting previously unselected package gettext-base.
Unpacking gettext-base (from .../gettext-base_0.18.1.1-10_amd64.deb) ...
Selecting previously unselected package html2text.
Unpacking html2text (from .../html2text_1.3.2a-15_amd64.deb) ...
Selecting previously unselected package libasprintf-dev:amd64.
Unpacking libasprintf-dev:amd64 (from .../libasprintf-dev_0.18.1.1-10_amd64.deb) ...
Selecting previously unselected package libgettextpo-dev:amd64.
Unpacking libgettextpo-dev:amd64 (from .../libgettextpo-dev_0.18.1.1-10_amd64.deb) ...
Selecting previously unselected package gettext.
Unpacking gettext (from .../gettext_0.18.1.1-10_amd64.deb) ...
Selecting previously unselected package intltool-debian.
Unpacking intltool-debian (from .../intltool-debian_0.35.0+20060710.1_all.deb) ...
Selecting previously unselected package po-debconf.
Unpacking po-debconf (from .../po-debconf_1.0.16+nmu2_all.deb) ...
Selecting previously unselected package debhelper.
Unpacking debhelper (from .../debhelper_9.20120909_all.deb) ...
Selecting previously unselected package devscripts.
Unpacking devscripts (from .../devscripts_2.12.6_amd64.deb) ...
Selecting previously unselected package libruby1.9.1.
Unpacking libruby1.9.1 (from .../libruby1.9.1_1.9.3.194-5_amd64.deb) ...
Selecting previously unselected package ruby1.9.1.
Unpacking ruby1.9.1 (from .../ruby1.9.1_1.9.3.194-5_amd64.deb) ...
Selecting previously unselected package ruby.
Unpacking ruby (from .../apt/archives/ruby_4.9_all.deb) ...
Selecting previously unselected package libruby1.8.
Unpacking libruby1.8 (from .../libruby1.8_1.8.7.358-6_amd64.deb) ...
Selecting previously unselected package ruby1.8.
Unpacking ruby1.8 (from .../ruby1.8_1.8.7.358-6_amd64.deb) ...
Selecting previously unselected package rubygems.
Unpacking rubygems (from .../rubygems_1.8.24-1_all.deb) ...
Selecting previously unselected package ruby1.8-dev.
Unpacking ruby1.8-dev (from .../ruby1.8-dev_1.8.7.358-6_amd64.deb) ...
Selecting previously unselected package ruby1.9.1-dev.
Unpacking ruby1.9.1-dev (from .../ruby1.9.1-dev_1.9.3.194-5_amd64.deb) ...
Selecting previously unselected package gem2deb.
Unpacking gem2deb (from .../archives/gem2deb_0.3.0_all.deb) ...
Selecting previously unselected package zlib1g-dev:amd64.
Unpacking zlib1g-dev:amd64 (from .../zlib1g-dev_1%3a1.2.7.dfsg-13_amd64.deb) ...
Selecting previously unselected package liblzma-dev:amd64.
Unpacking liblzma-dev:amd64 (from .../liblzma-dev_5.1.1alpha+20120614-2_amd64.deb) ...
Selecting previously unselected package liblzo2-dev.
Unpacking liblzo2-dev (from .../liblzo2-dev_2.06-1_amd64.deb) ...
Selecting previously unselected package libkyotocabinet-dev:amd64.
Unpacking libkyotocabinet-dev:amd64 (from .../libkyotocabinet-dev_1.2.76-4_amd64.deb) ...
Selecting previously unselected package pkg-config.
Unpacking pkg-config (from .../pkg-config_0.26-1_amd64.deb) ...
Selecting previously unselected package sbuild-build-depends-ruby-kyotocabinet-dummy.
Unpacking sbuild-build-depends-ruby-kyotocabinet-dummy (from .../sbuild-build-depends-ruby-kyotocabinet-dummy.deb) ...
Processing triggers for mime-support ...
Setting up libpipeline1:amd64 (1.2.2-1) ...
Setting up libpopt0:amd64 (1.16-7) ...
Setting up groff-base (1.22.1-2) ...
Setting up bsdmainutils (9.0.4) ...
update-alternatives: using /usr/bin/bsd-write to provide /usr/bin/write (write) in auto mode
update-alternatives: using /usr/bin/bsd-from to provide /usr/bin/from (from) in auto mode
Setting up man-db (2.6.3-3) ...
Building database of manual pages ...
Setting up libasprintf0c2:amd64 (0.18.1.1-10) ...
Setting up libmagic1:amd64 (5.11-2) ...
Setting up libpcre3:amd64 (1:8.31-2) ...
Setting up libxml2:amd64 (2.8.0+dfsg1-7) ...
Setting up libglib2.0-0:amd64 (2.33.12+really2.32.4-5) ...
No schema files found: doing nothing.
Setting up libcroco3:amd64 (0.6.6-2) ...
Setting up libunistring0:amd64 (0.9.3-5) ...
Setting up libgettextpo0:amd64 (0.18.1.1-10) ...
Setting up liblzo2-2:amd64 (2.06-1) ...
Setting up libkyotocabinet16:amd64 (1.2.76-4) ...
Setting up libreadline5:amd64 (5.2+dfsg-1) ...
Setting up libyaml-0-2:amd64 (0.1.4-2) ...
Setting up file (5.11-2) ...
Setting up gettext-base (0.18.1.1-10) ...
Setting up html2text (1.3.2a-15) ...
Setting up libasprintf-dev:amd64 (0.18.1.1-10) ...
Setting up libgettextpo-dev:amd64 (0.18.1.1-10) ...
Setting up gettext (0.18.1.1-10) ...
Setting up intltool-debian (0.35.0+20060710.1) ...
Setting up po-debconf (1.0.16+nmu2) ...
Setting up debhelper (9.20120909) ...
Setting up devscripts (2.12.6) ...
Setting up libruby1.9.1 (1.9.3.194-5) ...
Setting up ruby1.9.1 (1.9.3.194-5) ...
update-alternatives: using /usr/bin/gem1.9.1 to provide /usr/bin/gem (gem) in auto mode
update-alternatives: using /usr/bin/ruby1.9.1 to provide /usr/bin/ruby (ruby) in auto mode
Setting up ruby (4.9) ...
Setting up libruby1.8 (1.8.7.358-6) ...
Setting up ruby1.8 (1.8.7.358-6) ...
Setting up rubygems (1.8.24-1) ...
Setting up ruby1.8-dev (1.8.7.358-6) ...
Setting up ruby1.9.1-dev (1.9.3.194-5) ...
Setting up gem2deb (0.3.0) ...
Setting up zlib1g-dev:amd64 (1:1.2.7.dfsg-13) ...
Setting up liblzma-dev:amd64 (5.1.1alpha+20120614-2) ...
Setting up liblzo2-dev (2.06-1) ...
Setting up libkyotocabinet-dev:amd64 (1.2.76-4) ...
Setting up pkg-config (0.26-1) ...
Setting up sbuild-build-depends-ruby-kyotocabinet-dummy (0.invalid.0) ...

┌──────────────────────────────────────────────────────────────────────────────┐
│ Build environment                                                            │
└──────────────────────────────────────────────────────────────────────────────┘

Kernel: Linux 2.6.32-5-xen-amd64 amd64 (x86_64)
Toolchain package versions: binutils_2.22-7.1 dpkg-dev_1.16.9 g++-4.6_4.6.3-15 g++-4.7_4.7.2-19 gcc-4.6_4.6.3-15 gcc-4.7_4.7.2-19 libc6-dev_2.16-0experimental1 libstdc++6_4.8-20130123-1 libstdc++6-4.6-dev_4.6.3-15 libstdc++6-4.7-dev_4.7.2-19 linux-libc-dev_3.2.35-2
Package versions: apt_0.9.7.7 base-files_7.1 base-passwd_3.5.26 bash_4.2+dfsg-0.1 binutils_2.22-7.1 bsdmainutils_9.0.4 bsdutils_1:2.20.1-5.3 build-essential_11.6 bzip2_1.0.6-4 clang_3.2-1~exp5 clang-3.2_3.2-1~exp5 compiler-rt_3.2-1~exp5 coreutils_8.20-3 cpp_4:4.7.2-1 cpp-4.6_4.6.3-15 cpp-4.7_4.7.2-19 dash_0.5.7-3 debconf_1.5.49 debconf-i18n_1.5.49 debfoster_2.7-1.2 debhelper_9.20120909 debian-archive-keyring_2012.4 debianutils_4.3.4 devscripts_2.12.6 diffutils_1:3.2-7 dpkg_1.16.9 dpkg-dev_1.16.9 e2fslibs_1.42.5-1 e2fsprogs_1.42.5-1 fakeroot_1.18.4-2 file_5.11-2 findutils_4.4.2-5 g++_4:4.7.2-1 g++-4.6_4.6.3-15 g++-4.7_4.7.2-19 gcc_4:4.7.2-1 gcc-4.4-base_4.4.7-3 gcc-4.5-base_4.5.4-1 gcc-4.6_4.6.3-15 gcc-4.6-base_4.6.3-15 gcc-4.7_4.7.2-19 gcc-4.7-base_4.7.2-19 gcc-4.8-base_4.8-20130123-1 gem2deb_0.3.0 gettext_0.18.1.1-10 gettext-base_0.18.1.1-10 gnupg_1.4.12-7 gpgv_1.4.12-7 grep_2.14-1 groff-base_1.22.1-2 gzip_1.5-1.1 hostname_3.12 html2text_1.3.2a-15 initscripts_2.88dsf-39 insserv_1.14.0-5 intltool-debian_0.35.0+20060710.1 libacl1_2.2.51-8 libapt-pkg4.12_0.9.7.7 libasprintf-dev_0.18.1.1-10 libasprintf0c2_0.18.1.1-10 libattr1_1:2.4.46-8 libblkid1_2.20.1-5.3 libbz2-1.0_1.0.6-4 libc-bin_2.13-38 libc-dev-bin_2.16-0experimental1 libc6_2.16-0experimental1 libc6-dev_2.16-0experimental1 libclang-common-dev_3.2-1~exp5 libclass-isa-perl_0.36-5 libcomerr2_1.42.5-1 libcroco3_0.6.6-2 libdb5.1_5.1.29-5 libdpkg-perl_1.16.9 libexpat1_2.1.0-2 libffi5_3.0.10-3 libfile-fcntllock-perl_0.14-2 libgc1c2_1:7.1-9.1 libgcc-4.7-dev_4.7.2-19 libgcc1_1:4.8-20130123-1 libgdbm3_1.8.3-11 libgettextpo-dev_0.18.1.1-10 libgettextpo0_0.18.1.1-10 libglib2.0-0_2.33.12+really2.32.4-5 libgmp10_2:5.0.5+dfsg-2 libgomp1_4.8-20130123-1 libgpm2_1.20.4-6 libitm1_4.8-20130123-1 libkyotocabinet-dev_1.2.76-4 libkyotocabinet16_1.2.76-4 libllvm3.2_3.2-2 liblocale-gettext-perl_1.05-7+b1 liblzma-dev_5.1.1alpha+20120614-2 liblzma5_5.1.1alpha+20120614-2 liblzo2-2_2.06-1 liblzo2-dev_2.06-1 libmagic1_5.11-2 libmount1_2.20.1-5.3 libmpc2_0.9-4 libmpfr4_3.1.0-5 libncurses5_5.9+20130119-1 libncursesw5_5.9+20130119-1 libobjc-4.7-dev_4.7.2-19 libobjc4_4.8-20130123-1 libpam-modules_1.1.3-7.1 libpam-modules-bin_1.1.3-7.1 libpam-runtime_1.1.3-7.1 libpam0g_1.1.3-7.1 libpcre3_1:8.31-2 libpipeline1_1.2.2-1 libpopt0_1.16-7 libpython2.7-minimal_2.7.3-15 libpython2.7-stdlib_2.7.3-15 libquadmath0_4.8-20130123-1 libreadline5_5.2+dfsg-1 libreadline6_6.2+dfsg-0.1 libruby1.8_1.8.7.358-6 libruby1.9.1_1.9.3.194-5 libselinux1_2.1.9-5 libsemanage-common_2.1.6-6 libsemanage1_2.1.6-6 libsepol1_2.1.4-3 libslang2_2.2.4-15 libsqlite3-0_3.7.15.2-1 libss2_1.42.5-1 libssl1.0.0_1.0.1c-4 libstdc++6_4.8-20130123-1 libstdc++6-4.6-dev_4.6.3-15 libstdc++6-4.7-dev_4.7.2-19 libswitch-perl_2.16-2 libtext-charwidth-perl_0.04-7+b1 libtext-iconv-perl_1.7-5 libtext-wrapi18n-perl_0.06-7 libtimedate-perl_1.2000-1 libtinfo5_5.9+20130119-1 libunistring0_0.9.3-5 libusb-0.1-4_2:0.1.12-23+nmu1 libustr-1.0-1_1.0.4-3 libuuid1_2.20.1-5.3 libxml2_2.8.0+dfsg1-7 libyaml-0-2_0.1.4-2 linux-libc-dev_3.2.35-2 login_1:4.1.5.1-1 lsb-base_4.1+Debian9 make_3.81-8.2 man-db_2.6.3-3 mawk_1.3.3-17 mime-support_3.53~experimental2 mount_2.20.1-5.3 multiarch-support_2.13-38 ncurses-base_5.9-10 ncurses-bin_5.9-10 passwd_1:4.1.5.1-1 patch_2.6.1-3 perl_5.14.2-17 perl-base_5.14.2-17 perl-modules_5.14.2-17 pkg-config_0.26-1 po-debconf_1.0.16+nmu2 python_2.7.3-10 python-minimal_2.7.3-10 python2.7_2.7.3-15 python2.7-minimal_2.7.3-15 readline-common_6.2+dfsg-0.1 ruby_4.9 ruby1.8_1.8.7.358-6 ruby1.8-dev_1.8.7.358-6 ruby1.9.1_1.9.3.194-5 ruby1.9.1-dev_1.9.3.194-5 rubygems_1.8.24-1 sbuild-build-depends-core-dummy_0.invalid.0 sbuild-build-depends-ruby-kyotocabinet-dummy_0.invalid.0 sed_4.2.1-10 sensible-utils_0.0.7 sudo_1.8.5p2-1 sysv-rc_2.88dsf-39 sysvinit_2.88dsf-39 sysvinit-utils_2.88dsf-39 tar_1.26+dfsg-0.1 tzdata_2012j-1 ucf_3.0025+nmu3 util-linux_2.20.1-5.3 vim_2:7.3.547-6 vim-common_2:7.3.547-6 vim-runtime_2:7.3.547-6 xz-utils_5.1.1alpha+20120614-2 zlib1g_1:1.2.7.dfsg-13 zlib1g-dev_1:1.2.7.dfsg-13

┌──────────────────────────────────────────────────────────────────────────────┐
│ Build                                                                        │
└──────────────────────────────────────────────────────────────────────────────┘


Unpack source
─────────────

gpgv: keyblock resource `/sbuild-nonexistent/.gnupg/trustedkeys.gpg': file open error
gpgv: Signature made Tue Aug 21 17:20:58 2012 UTC using RSA key ID B495450A
gpgv: Can't check signature: public key not found
dpkg-source: warning: failed to verify signature on ./ruby-kyotocabinet_1.32-1.dsc
dpkg-source: info: extracting ruby-kyotocabinet in ruby-kyotocabinet-1.32
dpkg-source: info: unpacking ruby-kyotocabinet_1.32.orig.tar.gz
dpkg-source: info: unpacking ruby-kyotocabinet_1.32-1.debian.tar.gz
dpkg-source: info: applying 0001-return-spec-in-kyotocabinet.gemspec-for-gem2deb.patch
dpkg-source: info: applying 0002-use-pkg-config-in-extconf.rb.patch
dpkg-source: info: applying 0003-fix-test.rb-to-work-with-gem2deb.patch
dpkg-source: info: applying 0004-DFSG-include-source-for-jquery.js-1.2.6.patch
dpkg-source: info: applying 0005-DFSG-include-source-for-thickbox-3.patch

Check disc space
────────────────

Sufficient free space for build

User Environment
────────────────

HOME=/sbuild-nonexistent
LOGNAME=user
PATH=/usr/local/sbin:/usr/local/bin:/usr/sbin:/usr/bin:/sbin:/bin:/usr/games
SCHROOT_CHROOT_NAME=unstable-amd64-sbuild
SCHROOT_COMMAND=env
SCHROOT_GID=1000
SCHROOT_GROUP=user
SCHROOT_SESSION_ID=unstable-amd64-sbuild-471ac89f-3e90-4808-b923-b2421c151385
SCHROOT_UID=1000
SCHROOT_USER=user
SHELL=/bin/sh
USER=user

dpkg-buildpackage
─────────────────

dpkg-buildpackage: source package ruby-kyotocabinet
dpkg-buildpackage: source version 1.32-1
dpkg-buildpackage: source changed by Shawn Landden <shawnlandden@gmail.com>
 dpkg-source --before-build ruby-kyotocabinet-1.32
dpkg-buildpackage: host architecture amd64
 fakeroot debian/rules clean
dh clean --buildsystem=ruby --with ruby
   dh_testdir -O--buildsystem=ruby
   dh_auto_clean -O--buildsystem=ruby
/usr/lib/ruby/vendor_ruby/gem2deb.rb:17: warning: setting Encoding.default_external
  Entering dh_ruby --clean
  Leaving dh_ruby --clean
   dh_clean -O--buildsystem=ruby
 debian/rules build-arch
dh build-arch --buildsystem=ruby --with ruby
   dh_testdir -a -O--buildsystem=ruby
   dh_auto_configure -a -O--buildsystem=ruby
/usr/lib/ruby/vendor_ruby/gem2deb.rb:17: warning: setting Encoding.default_external
   dh_auto_build -a -O--buildsystem=ruby
/usr/lib/ruby/vendor_ruby/gem2deb.rb:17: warning: setting Encoding.default_external
   dh_auto_test -a -O--buildsystem=ruby
/usr/lib/ruby/vendor_ruby/gem2deb.rb:17: warning: setting Encoding.default_external
 fakeroot debian/rules binary-arch
dh binary-arch --buildsystem=ruby --with ruby
   dh_testroot -a -O--buildsystem=ruby
   dh_prep -a -O--buildsystem=ruby
   dh_installdirs -a -O--buildsystem=ruby
   dh_auto_install -a -O--buildsystem=ruby
/usr/lib/ruby/vendor_ruby/gem2deb.rb:17: warning: setting Encoding.default_external
  Entering dh_ruby --install
Building extension for ruby1.8 ...
/usr/bin/ruby1.8 -I/usr/lib/ruby/vendor_ruby /usr/lib/ruby/vendor_ruby/gem2deb/extension_builder.rb ruby-kyotocabinet
/usr/bin/ruby1.8 extconf.rb
setting variables ...
  $CFLAGS = -I.   -Wall -g -O2 -fstack-protector --param=ssp-buffer-size=4 -Wformat -Werror=format-security -Wall -fno-strict-aliasing -g -g -O2  -fPIC $(cflags) -O2
  $LDFLAGS = -L. -Wl,-z,relro -rdynamic -Wl,-export-dynamic -L.  
  $libs =  -lkyotocabinet  
checking for kccommon.h... yes
creating Makefile
make
make[1]: Entering directory `/«PKGBUILDDIR»'
g++ -I. -I/usr/lib/ruby/1.8/x86_64-linux -I/usr/lib/ruby/1.8/x86_64-linux -I. -DHAVE_KCCOMMON_H -D_FORTIFY_SOURCE=2   -fPIC -I.   -Wall -g -O2 -fstack-protector --param=ssp-buffer-size=4 -Wformat -Werror=format-security -Wall -fno-strict-aliasing -g -g -O2  -fPIC  -O2   -c kyotocabinet.cc
In file included from kyotocabinet.cc:16:
In file included from /usr/include/kcpolydb.h:19:
In file included from /usr/include/kccommon.h:21:
In file included from /usr/include/unistd.h:1169:
/usr/include/x86_64-linux-gnu/bits/unistd.h:33:1: error: unknown type name '__extern_always_inline'
__fortify_function __wur ssize_t
^
/usr/include/x86_64-linux-gnu/sys/cdefs.h:143:28: note: expanded from macro '__fortify_function'
#define __fortify_function __extern_always_inline __attribute_artificial__
                           ^
In file included from kyotocabinet.cc:16:
In file included from /usr/include/kcpolydb.h:19:
In file included from /usr/include/kccommon.h:21:
In file included from /usr/include/unistd.h:1169:
/usr/include/x86_64-linux-gnu/bits/unistd.h:33:20: error: expected unqualified-id
__fortify_function __wur ssize_t
                   ^
/usr/include/x86_64-linux-gnu/sys/cdefs.h:297:17: note: expanded from macro '__wur'
#  define __wur __attribute_warn_unused_result__
                ^
/usr/include/x86_64-linux-gnu/sys/cdefs.h:295:4: note: expanded from macro '__attribute_warn_unused_result__'
   __attribute__ ((__warn_unused_result__))
   ^
In file included from kyotocabinet.cc:16:
In file included from /usr/include/kcpolydb.h:19:
In file included from /usr/include/kccommon.h:21:
In file included from /usr/include/unistd.h:1169:
/usr/include/x86_64-linux-gnu/bits/unistd.h:71:1: error: unknown type name '__extern_always_inline'
__fortify_function __wur ssize_t
^
/usr/include/x86_64-linux-gnu/sys/cdefs.h:143:28: note: expanded from macro '__fortify_function'
#define __fortify_function __extern_always_inline __attribute_artificial__
                           ^
In file included from kyotocabinet.cc:16:
In file included from /usr/include/kcpolydb.h:19:
In file included from /usr/include/kccommon.h:21:
In file included from /usr/include/unistd.h:1169:
/usr/include/x86_64-linux-gnu/bits/unistd.h:71:20: error: expected unqualified-id
__fortify_function __wur ssize_t
                   ^
/usr/include/x86_64-linux-gnu/sys/cdefs.h:297:17: note: expanded from macro '__wur'
#  define __wur __attribute_warn_unused_result__
                ^
/usr/include/x86_64-linux-gnu/sys/cdefs.h:295:4: note: expanded from macro '__attribute_warn_unused_result__'
   __attribute__ ((__warn_unused_result__))
   ^
In file included from kyotocabinet.cc:16:
In file included from /usr/include/kcpolydb.h:19:
In file included from /usr/include/kccommon.h:21:
In file included from /usr/include/unistd.h:1169:
/usr/include/x86_64-linux-gnu/bits/unistd.h:104:1: error: unknown type name '__extern_always_inline'
__fortify_function __wur ssize_t
^
/usr/include/x86_64-linux-gnu/sys/cdefs.h:143:28: note: expanded from macro '__fortify_function'
#define __fortify_function __extern_always_inline __attribute_artificial__
                           ^
In file included from kyotocabinet.cc:16:
In file included from /usr/include/kcpolydb.h:19:
In file included from /usr/include/kccommon.h:21:
In file included from /usr/include/unistd.h:1169:
/usr/include/x86_64-linux-gnu/bits/unistd.h:104:20: error: expected unqualified-id
__fortify_function __wur ssize_t
                   ^
/usr/include/x86_64-linux-gnu/sys/cdefs.h:297:17: note: expanded from macro '__wur'
#  define __wur __attribute_warn_unused_result__
                ^
/usr/lib/ruby/vendor_ruby/1.8/rubygems/ext/builder.rb:37:in `make': make failed: (Gem::InstallError)

/usr/bin/ruby1.8 extconf.rbsetting variables ...
  $CFLAGS = -I.   -Wall -g -O2 -fstack-protector --param=ssp-buffer-size=4 -Wformat -Werror=format-security -Wall -fno-strict-aliasing -g -g -O2  -fPIC $(cflags) -O2
  $LDFLAGS = -L. -Wl,-z,relro -rdynamic -Wl,-export-dynamic -L.  
  $libs =  -lkyotocabinet  
checking for kccommon.h... yes
creating Makefile
makemake[1]: Entering directory `/«PKGBUILDDIR»'
g++ -I. -I/usr/lib/ruby/1.8/x86_64-linux -I/usr/lib/ruby/1.8/x86_64-linux -I. -DHAVE_KCCOMMON_H -D_FORTIFY_SOURCE=2   -fPIC -I.   -Wall -g -O2 -fstack-protector --param=ssp-buffer-size=4 -Wformat -Werror=format-security -Wall -fno-strict-aliasing -g -g -O2  -fPIC  -O2   -c kyotocabinet.cc
In file included from kyotocabinet.cc:16:
In file included from /usr/include/kcpolydb.h:19:
In file included from /usr/include/kccommon.h:21:
In file included from /usr/include/unistd.h:1169:
/usr/include/x86_64-linux-gnu/bits/unistd.h:33:1: error: unknown type name '__extern_always_inline'
__fortify_function __wur ssize_t
^
/usr/include/x86_64-linux-gnu/sys/cdefs.h:143:28: note: expanded from macro '__fortify_function'
#define __fortify_function __extern_always_inline __attribute_artificial__
                           ^
In file included from kyotocabinet.cc:16:
In file included from /usr/include/kcpolydb.h:19:
In file included from /usr/include/kccommon.h:21:
In file included from /usr/include/unistd.h:1169:
/usr/include/x86_64-linux-gnu/bits/unistd.h:33:20: error: expected unqualified-id
__fortify_function __wur ssize_t
                   ^
/usr/include/x86_64-linux-gnu/sys/cdefs.h:297:17: note: expanded from macro '__wur'
#  define __wur __attribute_warn_unused_result__
                ^
/usr/include/x86_64-linux-gnu/sys/cdefs.h:295:4: note: expanded from macro '__attribute_warn_unused_result__'
   __attribute__ ((__warn_unused_result__))
   ^
In file included from kyotocabinet.cc:16:
In file included from /usr/include/kcpolydb.h:19:
In file included from /usr/include/kccommon.h:21:
In file included from /usr/include/unistd.h:1169:
/usr/include/x86_64-linux-gnu/bits/unistd.h:71:1: error: unknown type name '__extern_always_inline'
__fortify_function __wur ssize_t
^
/usr/include/x86_64-linux-gnu/sys/cdefs.h:143:28: note: expanded from macro '__fortify_function'
#define __fortify_function __extern_always_inline __attribute_artificial__
                           ^
In file included from kyotocabinet.cc:16:
In file included from /usr/include/kcpolydb.h:19:
In file included from /usr/include/kccommon.h:21:
In file included from /usr/include/unistd.h:1169:
/usr/include/x86_64-linux-gnu/bits/unistd.h:71:20: error: expected unqualified-id
__fortify_function __wur ssize_t
                   ^
/usr/include/x86_64-linux-gnu/sys/cdefs.h:297:17: note: expanded from macro '__wur'
#  define __wur __attribute_warn_unused_result__
                ^
/usr/include/x86_64-linux-gnu/sys/cdefs.h:295:4: note: expanded from macro '__attribute_warn_unused_result__'
   __attribute__ ((__warn_unused_result__))
   ^
In file included from kyotocabinet.cc:16:
In file included from /usr/include/kcpolydb.h:19:
In file included from /usr/include/kccommon.h:21:
In file included from /usr/include/unistd.h:1169:
/usr/include/x86_64-linux-gnu/bits/unistd.h:104:1: error: unknown type name '__extern_always_inline'
__fortify_function __wur ssize_t
^
/usr/include/x86_64-linux-gnu/sys/cdefs.h:143:28: note: expanded from macro '__fortify_function'
#define __fortify_function __extern_always_inline __attribute_artificial__
                           ^
In file included from kyotocabinet.cc:16:
In file included from /usr/include/kcpolydb.h:19:
In file included from /usr/include/kccommon.h:21:
In file included from /usr/include/unistd.h:1169:
/usr/include/x86_64-linux-gnu/bits/unistd.h:104:20: error: expected unqualified-id
__fortify_function __wur ssize_t
                   ^
/usr/include/x86_64-linux-gnu/sys/cdefs.h:297:17: note: expanded from macro '__wur'
#  define __wur __attribute_warn_unused_result__
                ^
/usr/include/x86_64-linux-gnu/sys/cdefs.h:295:4: note: expanded from macro '__attribute_warn_unused_result__'
   __attribute__ ((__warn_unused_result__))
   ^
In file included from kyotocabinet.cc:16:
In file included from /usr/include/kcpolydb.h:19:
In file included from /usr/include/kccommon.h:21:
In file included from /usr/include/unistd.h:1169:
/usr/include/x86_64-linux-gnu/bits/unistd.h:138:1: error: unknown type name '__extern_always_inline'
__fortify_function __nonnull ((1, 2)) __wur ssize_t
^
/usr/include/x86_64-linux-gnu/sys/cdefs.h:143:28: note: expanded from macro '__fortify_function'
#define __fortify_function __extern_always_inline __attribute_artificial__
                           ^
In file included from kyotocabinet.cc:16:
In file included from /usr/include/kcpolydb.h:19:
In file included from /usr/include/kccommon.h:21:
In file included from /usr/include/unistd.h:1169:
/usr/include/x86_64-linux-gnu/bits/unistd.h:138:20: error: expected unqualified-id
__fortify_function __nonnull ((1, 2)) __wur ssize_t
                   ^
/usr/include/x86_64-linux-gnu/sys/cdefs.h:286:28: note: expanded from macro '__nonnull'
# define __nonnull(params) __attribute__ ((__nonnull__ params))
                           ^
In file included from kyotocabinet.cc:16:
In file included from /usr/include/kcpolydb.h:19:
In file included from /usr/include/kccommon.h:21:
In file included from /usr/include/unistd.h:1169:
/usr/include/x86_64-linux-gnu/bits/unistd.h:172:1: error: unknown type name '__extern_always_inline'
__fortify_function __nonnull ((2, 3)) __wur ssize_t
^
/usr/include/x86_64-linux-gnu/sys/cdefs.h:143:28: note: expanded from macro '__fortify_function'
#define __fortify_function __extern_always_inline __attribute_artificial__
                           ^
In file included from kyotocabinet.cc:16:
In file included from /usr/include/kcpolydb.h:19:
In file included from /usr/include/kccommon.h:21:
In file included from /usr/include/unistd.h:1169:
/usr/include/x86_64-linux-gnu/bits/unistd.h:172:20: error: expected unqualified-id
__fortify_function __nonnull ((2, 3)) __wur ssize_t
                   ^
/usr/include/x86_64-linux-gnu/sys/cdefs.h:286:28: note: expanded from macro '__nonnull'
# define __nonnull(params) __attribute__ ((__nonnull__ params))
                           ^
In file included from kyotocabinet.cc:16:
In file included from /usr/include/kcpolydb.h:19:
In file included from /usr/include/kccommon.h:21:
In file included from /usr/include/unistd.h:1169:
/usr/include/x86_64-linux-gnu/bits/unistd.h:199:1: error: unknown type name '__extern_always_inline'
__fortify_function __wur char *
^
/usr/include/x86_64-linux-gnu/sys/cdefs.h:143:28: note: expanded from macro '__fortify_function'
#define __fortify_function __extern_always_inline __attribute_artificial__
                           ^
In file included from kyotocabinet.cc:16:
In file included from /usr/include/kcpolydb.h:19:
In file included from /usr/include/kccommon.h:21:
In file included from /usr/include/unistd.h:1169:
/usr/include/x86_64-linux-gnu/bits/unistd.h:199:20: error: expected unqualified-id
__fortify_function __wur char *
                   ^
/usr/include/x86_64-linux-gnu/sys/cdefs.h:297:17: note: expanded from macro '__wur'
#  define __wur __attribute_warn_unused_result__
                ^
/usr/include/x86_64-linux-gnu/sys/cdefs.h:295:4: note: expanded from macro '__attribute_warn_unused_result__'
   __attribute__ ((__warn_unused_result__))
   ^
In file included from kyotocabinet.cc:16:
In file included from /usr/include/kcpolydb.h:19:
In file included from /usr/include/kccommon.h:21:
In file included from /usr/include/unistd.h:1169:
/usr/include/x86_64-linux-gnu/bits/unistd.h:220:1: error: unknown type name '__extern_always_inline'
__fortify_function __nonnull ((1)) __attribute_deprecated__ __wur char *
^
/usr/include/x86_64-linux-gnu/sys/cdefs.h:143:28: note: expanded from macro '__fortify_function'
#define __fortify_function __extern_always_inline __attribute_artificial__
                           ^
In file included from kyotocabinet.cc:16:
In file included from /usr/include/kcpolydb.h:19:
In file included from /usr/include/kccommon.h:21:
In file included from /usr/include/unistd.h:1169:
/usr/include/x86_64-linux-gnu/bits/unistd.h:220:20: error: expected unqualified-id
__fortify_function __nonnull ((1)) __attribute_deprecated__ __wur char *
                   ^
/usr/include/x86_64-linux-gnu/sys/cdefs.h:286:28: note: expanded from macro '__nonnull'
# define __nonnull(params) __attribute__ ((__nonnull__ params))
                           ^
In file included from kyotocabinet.cc:16:
In file included from /usr/include/kcpolydb.h:19:
In file included from /usr/include/kccommon.h:21:
In file included from /usr/include/unistd.h:1169:
/usr/include/x86_64-linux-gnu/bits/unistd.h:239:1: error: unknown type name '__extern_always_inline'
__fortify_function size_t
^
/usr/include/x86_64-linux-gnu/sys/cdefs.h:143:28: note: expanded from macro '__fortify_function'
#define __fortify_function __extern_always_inline __attribute_artificial__
                           ^
In file included from kyotocabinet.cc:16:
In file included from /usr/include/kcpolydb.h:19:
In file included from /usr/include/kccommon.h:21:
In file included from /usr/include/unistd.h:1169:
/usr/include/x86_64-linux-gnu/bits/unistd.h:239:26: error: expected ';' after top level declarator
__fortify_function size_t
                         ^
/usr/include/x86_64-linux-gnu/bits/unistd.h:259:38: error: reference to 'size_t' is ambiguous
                           (int __size, __gid_t __list[], size_t __listlen),
                                                          ^
/usr/include/x86_64-linux-gnu/sys/cdefs.h:190:11: note: expanded from macro '__REDIRECT_NTH'
     name proto __THROW __asm__ (__ASMNAME (#alias))
          ^
/usr/include/x86_64-linux-gnu/bits/unistd.h:239:20: note: candidate found by name lookup is 'size_t'
__fortify_function size_t
                   ^
/usr/include/clang/3.2/include/stddef.h:35:33: note: candidate found by name lookup is 'size_t'
typedef __typeof__(sizeof(int)) size_t;
                                ^
In file included from kyotocabinet.cc:16:
In file included from /usr/include/kcpolydb.h:19:
In file included from /usr/include/kccommon.h:21:
In file included from /usr/include/unistd.h:1169:
/usr/include/x86_64-linux-gnu/bits/unistd.h:264:1: error: unknown type name '__extern_always_inline'
__fortify_function int
^
/usr/include/x86_64-linux-gnu/sys/cdefs.h:143:28: note: expanded from macro '__fortify_function'
#define __fortify_function __extern_always_inline __attribute_artificial__
                           ^
In file included from kyotocabinet.cc:16:
In file included from /usr/include/kcpolydb.h:19:
In file included from /usr/include/kccommon.h:21:
In file included from /usr/include/unistd.h:1169:
/usr/include/x86_64-linux-gnu/bits/unistd.h:264:20: error: expected unqualified-id
__fortify_function int
                   ^
fatal error: too many errors emitted, stopping now [-ferror-limit=]
20 errors generated.
make[1]: *** [kyotocabinet.o] Error 1
make[1]: Leaving directory `/«PKGBUILDDIR»'
	from /usr/lib/ruby/vendor_ruby/1.8/rubygems/ext/builder.rb:32:in `each'
	from /usr/lib/ruby/vendor_ruby/1.8/rubygems/ext/builder.rb:32:in `make'
	from /usr/lib/ruby/vendor_ruby/1.8/rubygems/ext/ext_conf_builder.rb:18:in `build'
	from /usr/lib/ruby/vendor_ruby/gem2deb/extension_builder.rb:62:in `build_and_install'
	from /usr/lib/ruby/vendor_ruby/gem2deb/extension_builder.rb:61:in `chdir'
	from /usr/lib/ruby/vendor_ruby/gem2deb/extension_builder.rb:61:in `build_and_install'
	from /usr/lib/ruby/vendor_ruby/gem2deb/extension_builder.rb:75:in `build_all_extensions'
	from /usr/lib/ruby/vendor_ruby/gem2deb/extension_builder.rb:72:in `each'
	from /usr/lib/ruby/vendor_ruby/gem2deb/extension_builder.rb:72:in `build_all_extensions'
	from /usr/lib/ruby/vendor_ruby/gem2deb/extension_builder.rb:88
/usr/lib/ruby/vendor_ruby/gem2deb.rb:29:in `run': [/usr/bin/ruby1.8 -I/usr/lib/ruby/vendor_ruby /usr/lib/ruby/vendor_ruby/gem2deb/extension_builder.rb ruby-kyotocabinet failed!] (Gem2Deb::CommandFailed)
	from /usr/lib/ruby/vendor_ruby/gem2deb/dh_ruby.rb:144:in `block in install_files_and_build_extensions'
	from /usr/lib/ruby/vendor_ruby/gem2deb/dh_ruby.rb:142:in `each'
	from /usr/lib/ruby/vendor_ruby/gem2deb/dh_ruby.rb:142:in `install_files_and_build_extensions'
	from /usr/lib/ruby/vendor_ruby/gem2deb/dh_ruby.rb:97:in `install'
	from /usr/bin/dh_ruby:63:in `block (2 levels) in <main>'
	from /usr/lib/ruby/1.9.1/optparse.rb:1360:in `call'
	from /usr/lib/ruby/1.9.1/optparse.rb:1360:in `block in parse_in_order'
	from /usr/lib/ruby/1.9.1/optparse.rb:1347:in `catch'
	from /usr/lib/ruby/1.9.1/optparse.rb:1347:in `parse_in_order'
	from /usr/lib/ruby/1.9.1/optparse.rb:1341:in `order!'
	from /usr/lib/ruby/1.9.1/optparse.rb:1432:in `permute!'
	from /usr/lib/ruby/1.9.1/optparse.rb:1453:in `parse!'
	from /usr/bin/dh_ruby:67:in `<main>'
/usr/include/x86_64-linux-gnu/sys/cdefs.h:295:4: note: expanded from macro '__attribute_warn_unused_result__'
   __attribute__ ((__warn_unused_result__))
   ^
In file included from kyotocabinet.cc:16:
In file included from /usr/include/kcpolydb.h:19:
In file included from /usr/include/kccommon.h:21:
In file included from /usr/include/unistd.h:1169:
/usr/include/x86_64-linux-gnu/bits/unistd.h:138:1: error: unknown type name '__extern_always_inline'
__fortify_function __nonnull ((1, 2)) __wur ssize_t
^
/usr/include/x86_64-linux-gnu/sys/cdefs.h:143:28: note: expanded from macro '__fortify_function'
#define __fortify_function __extern_always_inline __attribute_artificial__
                           ^
In file included from kyotocabinet.cc:16:
In file included from /usr/include/kcpolydb.h:19:
In file included from /usr/include/kccommon.h:21:
In file included from /usr/include/unistd.h:1169:
/usr/include/x86_64-linux-gnu/bits/unistd.h:138:20: error: expected unqualified-id
__fortify_function __nonnull ((1, 2)) __wur ssize_t
                   ^
/usr/include/x86_64-linux-gnu/sys/cdefs.h:286:28: note: expanded from macro '__nonnull'
# define __nonnull(params) __attribute__ ((__nonnull__ params))
                           ^
In file included from kyotocabinet.cc:16:
In file included from /usr/include/kcpolydb.h:19:
In file included from /usr/include/kccommon.h:21:
In file included from /usr/include/unistd.h:1169:
/usr/include/x86_64-linux-gnu/bits/unistd.h:172:1: error: unknown type name '__extern_always_inline'
__fortify_function __nonnull ((2, 3)) __wur ssize_t
^
/usr/include/x86_64-linux-gnu/sys/cdefs.h:143:28: note: expanded from macro '__fortify_function'
#define __fortify_function __extern_always_inline __attribute_artificial__
                           ^
In file included from kyotocabinet.cc:16:
In file included from /usr/include/kcpolydb.h:19:
In file included from /usr/include/kccommon.h:21:
In file included from /usr/include/unistd.h:1169:
/usr/include/x86_64-linux-gnu/bits/unistd.h:172:20: error: expected unqualified-id
__fortify_function __nonnull ((2, 3)) __wur ssize_t
                   ^
/usr/include/x86_64-linux-gnu/sys/cdefs.h:286:28: note: expanded from macro '__nonnull'
# define __nonnull(params) __attribute__ ((__nonnull__ params))
                           ^
In file included from kyotocabinet.cc:16:
In file included from /usr/include/kcpolydb.h:19:
In file included from /usr/include/kccommon.h:21:
In file included from /usr/include/unistd.h:1169:
/usr/include/x86_64-linux-gnu/bits/unistd.h:199:1: error: unknown type name '__extern_always_inline'
__fortify_function __wur char *
^
/usr/include/x86_64-linux-gnu/sys/cdefs.h:143:28: note: expanded from macro '__fortify_function'
#define __fortify_function __extern_always_inline __attribute_artificial__
                           ^
In file included from kyotocabinet.cc:16:
In file included from /usr/include/kcpolydb.h:19:
In file included from /usr/include/kccommon.h:21:
In file included from /usr/include/unistd.h:1169:
/usr/include/x86_64-linux-gnu/bits/unistd.h:199:20: error: expected unqualified-id
__fortify_function __wur char *
                   ^
/usr/include/x86_64-linux-gnu/sys/cdefs.h:297:17: note: expanded from macro '__wur'
#  define __wur __attribute_warn_unused_result__
                ^
/usr/include/x86_64-linux-gnu/sys/cdefs.h:295:4: note: expanded from macro '__attribute_warn_unused_result__'
   __attribute__ ((__warn_unused_result__))
   ^
In file included from kyotocabinet.cc:16:
In file included from /usr/include/kcpolydb.h:19:
In file included from /usr/include/kccommon.h:21:
In file included from /usr/include/unistd.h:1169:
/usr/include/x86_64-linux-gnu/bits/unistd.h:220:1: error: unknown type name '__extern_always_inline'
__fortify_function __nonnull ((1)) __attribute_deprecated__ __wur char *
^
/usr/include/x86_64-linux-gnu/sys/cdefs.h:143:28: note: expanded from macro '__fortify_function'
#define __fortify_function __extern_always_inline __attribute_artificial__
                           ^
In file included from kyotocabinet.cc:16:
In file included from /usr/include/kcpolydb.h:19:
In file included from /usr/include/kccommon.h:21:
In file included from /usr/include/unistd.h:1169:
/usr/include/x86_64-linux-gnu/bits/unistd.h:220:20: error: expected unqualified-id
__fortify_function __nonnull ((1)) __attribute_deprecated__ __wur char *
                   ^
/usr/include/x86_64-linux-gnu/sys/cdefs.h:286:28: note: expanded from macro '__nonnull'
# define __nonnull(params) __attribute__ ((__nonnull__ params))
                           ^
In file included from kyotocabinet.cc:16:
In file included from /usr/include/kcpolydb.h:19:
In file included from /usr/include/kccommon.h:21:
In file included from /usr/include/unistd.h:1169:
/usr/include/x86_64-linux-gnu/bits/unistd.h:239:1: error: unknown type name '__extern_always_inline'
__fortify_function size_t
^
/usr/include/x86_64-linux-gnu/sys/cdefs.h:143:28: note: expanded from macro '__fortify_function'
#define __fortify_function __extern_always_inline __attribute_artificial__
                           ^
In file included from kyotocabinet.cc:16:
In file included from /usr/include/kcpolydb.h:19:
In file included from /usr/include/kccommon.h:21:
In file included from /usr/include/unistd.h:1169:
/usr/include/x86_64-linux-gnu/bits/unistd.h:239:26: error: expected ';' after top level declarator
__fortify_function size_t
                         ^
/usr/include/x86_64-linux-gnu/bits/unistd.h:259:38: error: reference to 'size_t' is ambiguous
                           (int __size, __gid_t __list[], size_t __listlen),
                                                          ^
/usr/include/x86_64-linux-gnu/sys/cdefs.h:190:11: note: expanded from macro '__REDIRECT_NTH'
     name proto __THROW __asm__ (__ASMNAME (#alias))
          ^
/usr/include/x86_64-linux-gnu/bits/unistd.h:239:20: note: candidate found by name lookup is 'size_t'
__fortify_function size_t
                   ^
/usr/include/clang/3.2/include/stddef.h:35:33: note: candidate found by name lookup is 'size_t'
typedef __typeof__(sizeof(int)) size_t;
                                ^
In file included from kyotocabinet.cc:16:
In file included from /usr/include/kcpolydb.h:19:
In file included from /usr/include/kccommon.h:21:
In file included from /usr/include/unistd.h:1169:
/usr/include/x86_64-linux-gnu/bits/unistd.h:264:1: error: unknown type name '__extern_always_inline'
__fortify_function int
^
/usr/include/x86_64-linux-gnu/sys/cdefs.h:143:28: note: expanded from macro '__fortify_function'
#define __fortify_function __extern_always_inline __attribute_artificial__
                           ^
In file included from kyotocabinet.cc:16:
In file included from /usr/include/kcpolydb.h:19:
In file included from /usr/include/kccommon.h:21:
In file included from /usr/include/unistd.h:1169:
/usr/include/x86_64-linux-gnu/bits/unistd.h:264:20: error: expected unqualified-id
__fortify_function int
                   ^
fatal error: too many errors emitted, stopping now [-ferror-limit=]
20 errors generated.
make[1]: *** [kyotocabinet.o] Error 1
make[1]: Leaving directory `/«PKGBUILDDIR»'
dh_auto_install: dh_ruby --install /«PKGBUILDDIR»/debian/ruby-kyotocabinet returned exit code 1
make: *** [binary-arch] Error 1
dpkg-buildpackage: error: fakeroot debian/rules binary-arch gave error exit status 2
────────────────────────────────────────────────────────────────────────────────
Build finished at 20130128-0356

Finished
────────

E: Build failure (dpkg-buildpackage died)

┌──────────────────────────────────────────────────────────────────────────────┐
│ Cleanup                                                                      │
└──────────────────────────────────────────────────────────────────────────────┘

Purging /«BUILDDIR»
Not cleaning session: cloned chroot in use

┌──────────────────────────────────────────────────────────────────────────────┐
│ Summary                                                                      │
└──────────────────────────────────────────────────────────────────────────────┘

Architecture: amd64
Build-Space: 1068
Build-Time: 4
Distribution: unstable
Fail-Stage: build
Install-Time: 9
Job: ruby-kyotocabinet_1.32-1
Package: ruby-kyotocabinet
Package-Time: 41
Source-Version: 1.32-1
Space: 1068
Status: attempted
Version: 1.32-1
────────────────────────────────────────────────────────────────────────────────
Finished at 20130128-0356
Build needed 00:00:41, 1068k disc space
DC-Status: Failed 41.724661s
DC-Time-Estimation: 41.724661 versus expected 1 (r/m: 40.724661 ; m: 1.0)
