DC-Build-Header: sam2p 0.49.1-1 / Mon Jan 28 05:40:22 +0000 2013
DC-Task: logfile:/tmp/sam2p_0.49.1-1_unstable_clang.log version:0.49.1-1 chroot:unstable modes:binary-only:clang source:sam2p architecture:any esttime:48
DC-Sbuild-call: su user -c 'sbuild -n --apt-update -d unstable -v  --chroot-setup-commands=/tmp/switch-to-clang sam2p_0.49.1-1'
Could not create '/sbuild-nonexistent/logs': No such file or directory
Could not create '/sbuild-nonexistent/logs': No such file or directory
sbuild (Debian sbuild) 0.62.5 (13 Jul 2011) on ip-10-31-131-110.ec2.internal

╔══════════════════════════════════════════════════════════════════════════════╗
║ sam2p 0.49.1-1 (amd64)                                     28 Jan 2013 05:40 ║
╚══════════════════════════════════════════════════════════════════════════════╝

Package: sam2p
Version: 0.49.1-1
Source Version: 0.49.1-1
Distribution: unstable
Architecture: amd64

I: NOTICE: Log filtering will replace 'build/sam2p-oDSsWO/sam2p-0.49.1' with '«PKGBUILDDIR»'
I: NOTICE: Log filtering will replace 'build/sam2p-oDSsWO' with '«BUILDDIR»'
I: NOTICE: Log filtering will replace 'var/lib/schroot/mount/unstable-amd64-sbuild-8d7df8de-6772-4bca-b635-afad4798f3ca' with '«CHROOT»'

┌──────────────────────────────────────────────────────────────────────────────┐
│ Update chroot                                                                │
└──────────────────────────────────────────────────────────────────────────────┘

Ign http://localhost unstable InRelease
Get:1 http://localhost unstable Release.gpg [836 B]
Get:2 http://localhost unstable Release [227 kB]
Ign http://localhost unstable/main Sources/DiffIndex
Ign http://localhost unstable/main amd64 Packages/DiffIndex
Get:3 http://localhost unstable/main Translation-en/DiffIndex [7876 B]
Get:4 http://localhost unstable/main 2013-01-27-2011.16.pdiff [737 B]
Get:5 http://localhost unstable/main 2013-01-27-2011.16.pdiff [737 B]
Get:6 http://localhost unstable/main Sources [8236 kB]
Get:7 http://localhost unstable/main amd64 Packages [8284 kB]
Get:8 http://localhost unstable/main 2013-01-28-0212.01.pdiff [43 B]
Get:9 http://localhost unstable/main 2013-01-28-0212.01.pdiff [43 B]
Fetched 16.8 MB in 3s (4713 kB/s)
Reading package lists...
Reading package lists...
Building dependency tree...
Reading state information...
0 upgraded, 0 newly installed, 0 to remove and 0 not upgraded.

┌──────────────────────────────────────────────────────────────────────────────┐
│ Fetch source files                                                           │
└──────────────────────────────────────────────────────────────────────────────┘


Check APT
─────────

Checking available source versions...

Download source files with APT
──────────────────────────────

Reading package lists...
Building dependency tree...
Reading state information...
NOTICE: 'sam2p' packaging is maintained in the 'Git' version control system at:
git://git.debian.org/collab-maint/sam2p.git/
Need to get 577 kB of source archives.
Get:1 http://localhost/debian/ unstable/main sam2p 0.49.1-1 (dsc) [1912 B]
Get:2 http://localhost/debian/ unstable/main sam2p 0.49.1-1 (tar) [562 kB]
Get:3 http://localhost/debian/ unstable/main sam2p 0.49.1-1 (diff) [12.8 kB]
Fetched 577 kB in 0s (1922 kB/s)
Download complete and in download only mode

Check arch
──────────


┌──────────────────────────────────────────────────────────────────────────────┐
│ Chroot Setup Commands                                                        │
└──────────────────────────────────────────────────────────────────────────────┘


/tmp/switch-to-clang
────────────────────

+ echo 'Entering customization script...'
Entering customization script...
+ echo 'Add experimental as repository'
Add experimental as repository
+ echo deb http://localhost:9999/debian experimental main
+ apt-get update
Ign http://localhost unstable InRelease
Ign http://localhost experimental InRelease
Hit http://localhost unstable Release.gpg
Get:1 http://localhost experimental Release.gpg [836 B]
Hit http://localhost unstable Release
Get:2 http://localhost experimental Release [161 kB]
Ign http://localhost unstable/main Sources/DiffIndex
Ign http://localhost unstable/main amd64 Packages/DiffIndex
Hit http://localhost unstable/main Translation-en/DiffIndex
Get:3 http://localhost experimental/main Translation-en [704 kB]
Get:4 http://localhost experimental/main amd64 Packages [1605 kB]
Hit http://localhost unstable/main Sources
Hit http://localhost unstable/main amd64 Packages
Fetched 2471 kB in 1s (1335 kB/s)
Reading package lists...
+ echo 'Install of clang'
Install of clang
+ apt-get update
Ign http://localhost unstable InRelease
Ign http://localhost experimental InRelease
Hit http://localhost unstable Release.gpg
Hit http://localhost experimental Release.gpg
Hit http://localhost unstable Release
Hit http://localhost experimental Release
Ign http://localhost unstable/main Sources/DiffIndex
Ign http://localhost unstable/main amd64 Packages/DiffIndex
Hit http://localhost unstable/main Translation-en/DiffIndex
Ign http://localhost experimental/main amd64 Packages/DiffIndex
Get:1 http://localhost experimental/main Translation-en/DiffIndex [7819 B]
Hit http://localhost unstable/main Sources
Hit http://localhost unstable/main amd64 Packages
Hit http://localhost experimental/main amd64 Packages
Fetched 7819 B in 2s (3903 B/s)
Reading package lists...
+ apt-get install --yes --no-install-recommends clang -t experimental
Reading package lists...
Building dependency tree...
Reading state information...
The following extra packages will be installed:
  clang-3.2 compiler-rt cpp-4.7 g++-4.7 gcc-4.7 gcc-4.7-base gcc-4.8-base
  libc-dev-bin libc6 libc6-dev libclang-common-dev libexpat1 libffi5
  libgcc-4.7-dev libgcc1 libgomp1 libitm1 libllvm3.2 libncurses5 libncursesw5
  libobjc-4.7-dev libobjc4 libpython2.7-minimal libpython2.7-stdlib
  libquadmath0 libsqlite3-0 libssl1.0.0 libstdc++6 libstdc++6-4.7-dev
  libtinfo5 mime-support python python-minimal python2.7 python2.7-minimal
Suggested packages:
  gcc-4.7-locales g++-4.7-multilib gcc-4.7-doc libstdc++6-4.7-dbg
  gcc-4.7-multilib libmudflap0-4.7-dev libgcc1-dbg libgomp1-dbg libitm1-dbg
  libquadmath0-dbg libmudflap0-dbg libcloog-ppl0 libppl-c2 libppl7
  binutils-gold glibc-doc libstdc++6-4.7-doc python-doc python-tk
  python2.7-doc binfmt-support
Recommended packages:
  llvm-3.2-dev manpages-dev file
The following NEW packages will be installed:
  clang clang-3.2 compiler-rt gcc-4.8-base libclang-common-dev libexpat1
  libffi5 libgcc-4.7-dev libllvm3.2 libncursesw5 libobjc-4.7-dev libobjc4
  libpython2.7-minimal libpython2.7-stdlib libsqlite3-0 libssl1.0.0
  mime-support python python-minimal python2.7 python2.7-minimal
The following packages will be upgraded:
  cpp-4.7 g++-4.7 gcc-4.7 gcc-4.7-base libc-dev-bin libc6 libc6-dev libgcc1
  libgomp1 libitm1 libncurses5 libquadmath0 libstdc++6 libstdc++6-4.7-dev
  libtinfo5
15 upgraded, 21 newly installed, 0 to remove and 24 not upgraded.
Need to get 56.7 MB of archives.
After this operation, 72.6 MB of additional disk space will be used.
Get:1 http://localhost/debian/ experimental/main gcc-4.8-base amd64 4.8-20130127-1 [147 kB]
Get:2 http://localhost/debian/ experimental/main libc6-dev amd64 2.16-0experimental1 [3086 kB]
Get:3 http://localhost/debian/ experimental/main libc-dev-bin amd64 2.16-0experimental1 [226 kB]
Get:4 http://localhost/debian/ experimental/main libc6 amd64 2.16-0experimental1 [4729 kB]
Get:5 http://localhost/debian/ experimental/main libgcc1 amd64 1:4.8-20130127-1 [43.7 kB]
Get:6 http://localhost/debian/ experimental/main libstdc++6 amd64 4.8-20130127-1 [335 kB]
Get:7 http://localhost/debian/ experimental/main libtinfo5 amd64 5.9+20130119-1 [294 kB]
Get:8 http://localhost/debian/ experimental/main libncurses5 amd64 5.9+20130119-1 [115 kB]
Get:9 http://localhost/debian/ experimental/main libncursesw5 amd64 5.9+20130119-1 [142 kB]
Get:10 http://localhost/debian/ unstable/main libssl1.0.0 amd64 1.0.1c-4 [1213 kB]
Get:11 http://localhost/debian/ unstable/main libsqlite3-0 amd64 3.7.15.2-1 [463 kB]
Get:12 http://localhost/debian/ experimental/main libexpat1 amd64 2.1.0-2 [138 kB]
Get:13 http://localhost/debian/ unstable/main libffi5 amd64 3.0.10-3 [24.8 kB]
Get:14 http://localhost/debian/ experimental/main libgomp1 amd64 4.8-20130127-1 [27.4 kB]
Get:15 http://localhost/debian/ experimental/main libitm1 amd64 4.8-20130127-1 [37.7 kB]
Get:16 http://localhost/debian/ unstable/main libllvm3.2 amd64 3.2-2 [7865 kB]
Get:17 http://localhost/debian/ experimental/main libobjc4 amd64 4.8-20130127-1 [163 kB]
Get:18 http://localhost/debian/ experimental/main libquadmath0 amd64 4.8-20130127-1 [139 kB]
Get:19 http://localhost/debian/ experimental/main libstdc++6-4.7-dev amd64 4.7.2-19 [1678 kB]
Get:20 http://localhost/debian/ experimental/main g++-4.7 amd64 4.7.2-19 [5877 kB]
Get:21 http://localhost/debian/ experimental/main gcc-4.7 amd64 4.7.2-19 [5831 kB]
Get:22 http://localhost/debian/ experimental/main cpp-4.7 amd64 4.7.2-19 [5416 kB]
Get:23 http://localhost/debian/ experimental/main libgcc-4.7-dev amd64 4.7.2-19 [2465 kB]
Get:24 http://localhost/debian/ experimental/main gcc-4.7-base amd64 4.7.2-19 [148 kB]
Get:25 http://localhost/debian/ experimental/main mime-support all 3.53~experimental2 [36.5 kB]
Get:26 http://localhost/debian/ experimental/main libpython2.7-minimal amd64 2.7.3-15 [531 kB]
Get:27 http://localhost/debian/ experimental/main python2.7-minimal amd64 2.7.3-15 [1220 kB]
Get:28 http://localhost/debian/ experimental/main libpython2.7-stdlib amd64 2.7.3-15 [2367 kB]
Get:29 http://localhost/debian/ experimental/main python2.7 amd64 2.7.3-15 [326 kB]
Get:30 http://localhost/debian/ experimental/main python-minimal amd64 2.7.3-10 [41.8 kB]
Get:31 http://localhost/debian/ experimental/main python amd64 2.7.3-10 [184 kB]
Get:32 http://localhost/debian/ experimental/main libobjc-4.7-dev amd64 4.7.2-19 [717 kB]
Get:33 http://localhost/debian/ experimental/main libclang-common-dev amd64 3.2-1~exp5 [303 kB]
Get:34 http://localhost/debian/ experimental/main compiler-rt amd64 3.2-1~exp5 [315 kB]
Get:35 http://localhost/debian/ experimental/main clang-3.2 amd64 3.2-1~exp5 [10.1 MB]
Get:36 http://localhost/debian/ experimental/main clang all 3.2-1~exp5 [9506 B]
debconf: delaying package configuration, since apt-utils is not installed
Fetched 56.7 MB in 1s (34.1 MB/s)
Selecting previously unselected package gcc-4.8-base:amd64.
(Reading database ... 13484 files and directories currently installed.)
Unpacking gcc-4.8-base:amd64 (from .../gcc-4.8-base_4.8-20130127-1_amd64.deb) ...
Setting up gcc-4.8-base:amd64 (4.8-20130127-1) ...
(Reading database ... 13491 files and directories currently installed.)
Preparing to replace libc6-dev:amd64 2.13-38 (using .../libc6-dev_2.16-0experimental1_amd64.deb) ...
Unpacking replacement libc6-dev:amd64 ...
Preparing to replace libc-dev-bin 2.13-38 (using .../libc-dev-bin_2.16-0experimental1_amd64.deb) ...
Unpacking replacement libc-dev-bin ...
Preparing to replace libc6:amd64 2.13-38 (using .../libc6_2.16-0experimental1_amd64.deb) ...
debconf: unable to initialize frontend: Dialog
debconf: (Dialog frontend will not work on a dumb terminal, an emacs shell buffer, or without a controlling terminal.)
debconf: falling back to frontend: Readline
debconf: unable to initialize frontend: Readline
debconf: (This frontend requires a controlling tty.)
debconf: falling back to frontend: Teletype
Checking for services that may need to be restarted...
Checking init scripts...
Unpacking replacement libc6:amd64 ...
Setting up libc6:amd64 (2.16-0experimental1) ...
debconf: unable to initialize frontend: Dialog
debconf: (Dialog frontend will not work on a dumb terminal, an emacs shell buffer, or without a controlling terminal.)
debconf: falling back to frontend: Readline
debconf: unable to initialize frontend: Readline
debconf: (This frontend requires a controlling tty.)
debconf: falling back to frontend: Teletype
Checking for services that may need to be restarted...
Checking init scripts...
Nothing to restart.
(Reading database ... 13509 files and directories currently installed.)
Preparing to replace libgcc1:amd64 1:4.7.2-5 (using .../libgcc1_1%3a4.8-20130127-1_amd64.deb) ...
Unpacking replacement libgcc1:amd64 ...
Setting up libgcc1:amd64 (1:4.8-20130127-1) ...
(Reading database ... 13509 files and directories currently installed.)
Preparing to replace libstdc++6:amd64 4.7.2-5 (using .../libstdc++6_4.8-20130127-1_amd64.deb) ...
Unpacking replacement libstdc++6:amd64 ...
Setting up libstdc++6:amd64 (4.8-20130127-1) ...
(Reading database ... 13509 files and directories currently installed.)
Preparing to replace libtinfo5:amd64 5.9-10 (using .../libtinfo5_5.9+20130119-1_amd64.deb) ...
Unpacking replacement libtinfo5:amd64 ...
Setting up libtinfo5:amd64 (5.9+20130119-1) ...
(Reading database ... 13509 files and directories currently installed.)
Preparing to replace libncurses5:amd64 5.9-10 (using .../libncurses5_5.9+20130119-1_amd64.deb) ...
Unpacking replacement libncurses5:amd64 ...
Setting up libncurses5:amd64 (5.9+20130119-1) ...
Selecting previously unselected package libncursesw5:amd64.
(Reading database ... 13509 files and directories currently installed.)
Unpacking libncursesw5:amd64 (from .../libncursesw5_5.9+20130119-1_amd64.deb) ...
Selecting previously unselected package libssl1.0.0:amd64.
Unpacking libssl1.0.0:amd64 (from .../libssl1.0.0_1.0.1c-4_amd64.deb) ...
Selecting previously unselected package libsqlite3-0:amd64.
Unpacking libsqlite3-0:amd64 (from .../libsqlite3-0_3.7.15.2-1_amd64.deb) ...
Selecting previously unselected package libexpat1:amd64.
Unpacking libexpat1:amd64 (from .../libexpat1_2.1.0-2_amd64.deb) ...
Selecting previously unselected package libffi5:amd64.
Unpacking libffi5:amd64 (from .../libffi5_3.0.10-3_amd64.deb) ...
Preparing to replace libgomp1:amd64 4.7.2-5 (using .../libgomp1_4.8-20130127-1_amd64.deb) ...
Unpacking replacement libgomp1:amd64 ...
Preparing to replace libitm1:amd64 4.7.2-5 (using .../libitm1_4.8-20130127-1_amd64.deb) ...
Unpacking replacement libitm1:amd64 ...
Selecting previously unselected package libllvm3.2:amd64.
Unpacking libllvm3.2:amd64 (from .../libllvm3.2_3.2-2_amd64.deb) ...
Selecting previously unselected package libobjc4:amd64.
Unpacking libobjc4:amd64 (from .../libobjc4_4.8-20130127-1_amd64.deb) ...
Preparing to replace libquadmath0:amd64 4.7.2-5 (using .../libquadmath0_4.8-20130127-1_amd64.deb) ...
Unpacking replacement libquadmath0:amd64 ...
Preparing to replace libstdc++6-4.7-dev 4.7.2-5 (using .../libstdc++6-4.7-dev_4.7.2-19_amd64.deb) ...
Unpacking replacement libstdc++6-4.7-dev:amd64 ...
Preparing to replace g++-4.7 4.7.2-5 (using .../g++-4.7_4.7.2-19_amd64.deb) ...
Unpacking replacement g++-4.7 ...
Preparing to replace gcc-4.7 4.7.2-5 (using .../gcc-4.7_4.7.2-19_amd64.deb) ...
Unpacking replacement gcc-4.7 ...
Preparing to replace cpp-4.7 4.7.2-5 (using .../cpp-4.7_4.7.2-19_amd64.deb) ...
Unpacking replacement cpp-4.7 ...
Selecting previously unselected package libgcc-4.7-dev:amd64.
Unpacking libgcc-4.7-dev:amd64 (from .../libgcc-4.7-dev_4.7.2-19_amd64.deb) ...
Preparing to replace gcc-4.7-base:amd64 4.7.2-5 (using .../gcc-4.7-base_4.7.2-19_amd64.deb) ...
Unpacking replacement gcc-4.7-base:amd64 ...
Selecting previously unselected package mime-support.
Unpacking mime-support (from .../mime-support_3.53~experimental2_all.deb) ...
Selecting previously unselected package libpython2.7-minimal:amd64.
Unpacking libpython2.7-minimal:amd64 (from .../libpython2.7-minimal_2.7.3-15_amd64.deb) ...
Selecting previously unselected package python2.7-minimal.
Unpacking python2.7-minimal (from .../python2.7-minimal_2.7.3-15_amd64.deb) ...
Selecting previously unselected package libpython2.7-stdlib:amd64.
Unpacking libpython2.7-stdlib:amd64 (from .../libpython2.7-stdlib_2.7.3-15_amd64.deb) ...
Selecting previously unselected package python2.7.
Unpacking python2.7 (from .../python2.7_2.7.3-15_amd64.deb) ...
Selecting previously unselected package python-minimal.
Unpacking python-minimal (from .../python-minimal_2.7.3-10_amd64.deb) ...
Selecting previously unselected package python.
Unpacking python (from .../python_2.7.3-10_amd64.deb) ...
Selecting previously unselected package libobjc-4.7-dev:amd64.
Unpacking libobjc-4.7-dev:amd64 (from .../libobjc-4.7-dev_4.7.2-19_amd64.deb) ...
Selecting previously unselected package libclang-common-dev.
Unpacking libclang-common-dev (from .../libclang-common-dev_3.2-1~exp5_amd64.deb) ...
Selecting previously unselected package compiler-rt.
Unpacking compiler-rt (from .../compiler-rt_3.2-1~exp5_amd64.deb) ...
Selecting previously unselected package clang-3.2.
Unpacking clang-3.2 (from .../clang-3.2_3.2-1~exp5_amd64.deb) ...
Selecting previously unselected package clang.
Unpacking clang (from .../clang_3.2-1~exp5_all.deb) ...
Setting up libc-dev-bin (2.16-0experimental1) ...
Setting up libc6-dev:amd64 (2.16-0experimental1) ...
Setting up libncursesw5:amd64 (5.9+20130119-1) ...
Setting up libssl1.0.0:amd64 (1.0.1c-4) ...
debconf: unable to initialize frontend: Dialog
debconf: (Dialog frontend will not work on a dumb terminal, an emacs shell buffer, or without a controlling terminal.)
debconf: falling back to frontend: Readline
debconf: unable to initialize frontend: Readline
debconf: (This frontend requires a controlling tty.)
debconf: falling back to frontend: Teletype
Setting up libsqlite3-0:amd64 (3.7.15.2-1) ...
Setting up libexpat1:amd64 (2.1.0-2) ...
Setting up libffi5:amd64 (3.0.10-3) ...
Setting up libgomp1:amd64 (4.8-20130127-1) ...
Setting up libitm1:amd64 (4.8-20130127-1) ...
Setting up libllvm3.2:amd64 (3.2-2) ...
Setting up libobjc4:amd64 (4.8-20130127-1) ...
Setting up libquadmath0:amd64 (4.8-20130127-1) ...
Setting up gcc-4.7-base:amd64 (4.7.2-19) ...
Setting up libgcc-4.7-dev:amd64 (4.7.2-19) ...
Setting up libstdc++6-4.7-dev:amd64 (4.7.2-19) ...
Setting up cpp-4.7 (4.7.2-19) ...
Setting up gcc-4.7 (4.7.2-19) ...
Setting up g++-4.7 (4.7.2-19) ...
Setting up mime-support (3.53~experimental2) ...
Setting up libpython2.7-minimal:amd64 (2.7.3-15) ...
Setting up python2.7-minimal (2.7.3-15) ...
Linking and byte-compiling packages for runtime python2.7...
Setting up libpython2.7-stdlib:amd64 (2.7.3-15) ...
Setting up python2.7 (2.7.3-15) ...
Setting up python-minimal (2.7.3-10) ...
Setting up python (2.7.3-10) ...
Setting up libobjc-4.7-dev:amd64 (4.7.2-19) ...
Setting up libclang-common-dev (3.2-1~exp5) ...
Setting up compiler-rt (3.2-1~exp5) ...
Setting up clang-3.2 (3.2-1~exp5) ...
Setting up clang (3.2-1~exp5) ...
+ echo 'Replace gcc, g++ & cpp by clang'
Replace gcc, g++ & cpp by clang
+ VERSIONS='4.6 4.7'
+ cd /usr/bin
+ for VERSION in '$VERSIONS'
+ rm g++-4.6 gcc-4.6 cpp-4.6
+ ln -s clang++ g++-4.6
+ ln -s clang gcc-4.6
+ ln -s clang cpp-4.6
+ for VERSION in '$VERSIONS'
+ rm g++-4.7 gcc-4.7 cpp-4.7
+ ln -s clang++ g++-4.7
+ ln -s clang gcc-4.7
+ ln -s clang cpp-4.7
+ cd -
/«BUILDDIR»
+ echo 'Block the installation of new gcc version'
Block the installation of new gcc version
+ echo 'gcc-4.6 hold'
+ dpkg --set-selections
+ echo 'cpp-4.6 hold'
+ dpkg --set-selections
+ echo 'g++-4.6 hold'
+ dpkg --set-selections
+ echo 'gcc-4.7 hold'
+ dpkg --set-selections
+ echo 'cpp-4.7 hold'
+ dpkg --set-selections
+ echo 'g++-4.7 hold'
+ dpkg --set-selections
+ echo 'Check if gcc, g++ & cpp are actually clang'
Check if gcc, g++ & cpp are actually clang
+ gcc --version
+ grep clang
+ cpp --version
+ grep clang
+ g++ --version
+ grep clang

I: Finished running '/tmp/switch-to-clang'.

Finished processing commands.
────────────────────────────────────────────────────────────────────────────────
Merged Build-Depends: build-essential, fakeroot
Filtered Build-Depends: build-essential, fakeroot
dpkg-deb: building package `sbuild-build-depends-core-dummy' in `/«BUILDDIR»/resolver-Tfj4_o/apt_archive/sbuild-build-depends-core-dummy.deb'.
OK
Reading package lists...

┌──────────────────────────────────────────────────────────────────────────────┐
│ Install core build dependencies (apt-based resolver)                         │
└──────────────────────────────────────────────────────────────────────────────┘

Installing build dependencies
Reading package lists...
Building dependency tree...
Reading state information...
The following NEW packages will be installed:
  sbuild-build-depends-core-dummy
debconf: delaying package configuration, since apt-utils is not installed
0 upgraded, 1 newly installed, 0 to remove and 0 not upgraded.
Need to get 0 B/710 B of archives.
After this operation, 0 B of additional disk space will be used.
Selecting previously unselected package sbuild-build-depends-core-dummy.
(Reading database ... 14674 files and directories currently installed.)
Unpacking sbuild-build-depends-core-dummy (from .../sbuild-build-depends-core-dummy.deb) ...
Setting up sbuild-build-depends-core-dummy (0.invalid.0) ...
Merged Build-Depends: base-files, base-passwd, bash, bsdutils, coreutils, dash, debianutils, diffutils, dpkg, e2fsprogs, findutils, grep, gzip, hostname, libc-bin, login, mount, ncurses-base, ncurses-bin, perl-base, sed, sysvinit, sysvinit-utils, tar, util-linux, libc6-dev | libc-dev, gcc (>= 4:4.4.3), g++ (>= 4:4.4.3), make, dpkg-dev (>= 1.13.5), debhelper (>= 7.0.50~), perl, docbook-xsl-ns, xsltproc
Filtered Build-Depends: base-files, base-passwd, bash, bsdutils, coreutils, dash, debianutils, diffutils, dpkg, e2fsprogs, findutils, grep, gzip, hostname, libc-bin, login, mount, ncurses-base, ncurses-bin, perl-base, sed, sysvinit, sysvinit-utils, tar, util-linux, libc6-dev, gcc (>= 4:4.4.3), g++ (>= 4:4.4.3), make, dpkg-dev (>= 1.13.5), debhelper (>= 7.0.50~), perl, docbook-xsl-ns, xsltproc
dpkg-deb: building package `sbuild-build-depends-sam2p-dummy' in `/«BUILDDIR»/resolver-HhtccA/apt_archive/sbuild-build-depends-sam2p-dummy.deb'.
OK
Reading package lists...

┌──────────────────────────────────────────────────────────────────────────────┐
│ Install sam2p build dependencies (apt-based resolver)                        │
└──────────────────────────────────────────────────────────────────────────────┘

Installing build dependencies
Reading package lists...
Building dependency tree...
Reading state information...
The following extra packages will be installed:
  bsdmainutils debhelper docbook-xsl-ns file gettext gettext-base groff-base
  html2text intltool-debian libasprintf-dev libasprintf0c2 libcroco3
  libgcrypt11 libgettextpo-dev libgettextpo0 libglib2.0-0 libgpg-error0
  libmagic1 libpcre3 libpipeline1 libunistring0 libxml2 libxslt1.1 man-db
  po-debconf sgml-base xml-core xsltproc
Suggested packages:
  wamerican wordlist whois vacation dh-make docbook-xsl-doc-html
  docbook-xsl-doc-pdf docbook-xsl-doc-text docbook-xsl-doc libsaxon-java
  libxalan2-java libxslthl-java docbook-xsl-saxon fop xalan dbtoepub
  gettext-doc groff rng-tools less www-browser libmail-box-perl sgml-base-doc
Recommended packages:
  docbook5-xml curl wget lynx-cur autopoint libglib2.0-data shared-mime-info
  libmail-sendmail-perl
The following NEW packages will be installed:
  bsdmainutils debhelper docbook-xsl-ns file gettext gettext-base groff-base
  html2text intltool-debian libasprintf-dev libasprintf0c2 libcroco3
  libgcrypt11 libgettextpo-dev libgettextpo0 libglib2.0-0 libgpg-error0
  libmagic1 libpcre3 libpipeline1 libunistring0 libxml2 libxslt1.1 man-db
  po-debconf sbuild-build-depends-sam2p-dummy sgml-base xml-core xsltproc
0 upgraded, 29 newly installed, 0 to remove and 0 not upgraded.
Need to get 11.5 MB/11.5 MB of archives.
After this operation, 39.7 MB of additional disk space will be used.
Get:1 http://localhost/debian/ unstable/main libpipeline1 amd64 1.2.2-1 [39.9 kB]
Get:2 http://localhost/debian/ unstable/main groff-base amd64 1.22.1-2 [741 kB]
Get:3 http://localhost/debian/ unstable/main bsdmainutils amd64 9.0.4 [210 kB]
Get:4 http://localhost/debian/ unstable/main man-db amd64 2.6.3-3 [898 kB]
Get:5 http://localhost/debian/ unstable/main libasprintf0c2 amd64 0.18.1.1-10 [27.2 kB]
Get:6 http://localhost/debian/ unstable/main libgpg-error0 amd64 1.10-3.1 [77.9 kB]
Get:7 http://localhost/debian/ unstable/main libgcrypt11 amd64 1.5.0-3 [298 kB]
Get:8 http://localhost/debian/ unstable/main libmagic1 amd64 5.11-2 [202 kB]
Get:9 http://localhost/debian/ unstable/main libpcre3 amd64 1:8.31-2 [247 kB]
Get:10 http://localhost/debian/ unstable/main libxml2 amd64 2.8.0+dfsg1-7 [903 kB]
Get:11 http://localhost/debian/ unstable/main libglib2.0-0 amd64 2.33.12+really2.32.4-5 [1838 kB]
Get:12 http://localhost/debian/ unstable/main libcroco3 amd64 0.6.6-2 [134 kB]
Get:13 http://localhost/debian/ unstable/main libunistring0 amd64 0.9.3-5 [434 kB]
Get:14 http://localhost/debian/ unstable/main libgettextpo0 amd64 0.18.1.1-10 [145 kB]
Get:15 http://localhost/debian/ unstable/main libxslt1.1 amd64 1.1.26-14 [253 kB]
Get:16 http://localhost/debian/ unstable/main sgml-base all 1.26+nmu4 [14.6 kB]
Get:17 http://localhost/debian/ unstable/main file amd64 5.11-2 [51.8 kB]
Get:18 http://localhost/debian/ unstable/main gettext-base amd64 0.18.1.1-10 [154 kB]
Get:19 http://localhost/debian/ unstable/main html2text amd64 1.3.2a-15 [103 kB]
Get:20 http://localhost/debian/ unstable/main libasprintf-dev amd64 0.18.1.1-10 [26.8 kB]
Get:21 http://localhost/debian/ unstable/main libgettextpo-dev amd64 0.18.1.1-10 [184 kB]
Get:22 http://localhost/debian/ unstable/main gettext amd64 0.18.1.1-10 [1815 kB]
Get:23 http://localhost/debian/ unstable/main intltool-debian all 0.35.0+20060710.1 [30.8 kB]
Get:24 http://localhost/debian/ unstable/main po-debconf all 1.0.16+nmu2 [224 kB]
Get:25 http://localhost/debian/ unstable/main debhelper all 9.20120909 [705 kB]
Get:26 http://localhost/debian/ unstable/main xml-core all 0.13+nmu2 [24.2 kB]
Get:27 http://localhost/debian/ unstable/main docbook-xsl-ns all 1.76.1+dfsg-1 [1642 kB]
Get:28 http://localhost/debian/ unstable/main xsltproc amd64 1.1.26-14 [117 kB]
debconf: delaying package configuration, since apt-utils is not installed
Fetched 11.5 MB in 0s (15.8 MB/s)
Selecting previously unselected package libpipeline1:amd64.
(Reading database ... 14674 files and directories currently installed.)
Unpacking libpipeline1:amd64 (from .../libpipeline1_1.2.2-1_amd64.deb) ...
Selecting previously unselected package groff-base.
Unpacking groff-base (from .../groff-base_1.22.1-2_amd64.deb) ...
Selecting previously unselected package bsdmainutils.
Unpacking bsdmainutils (from .../bsdmainutils_9.0.4_amd64.deb) ...
Selecting previously unselected package man-db.
Unpacking man-db (from .../man-db_2.6.3-3_amd64.deb) ...
Selecting previously unselected package libasprintf0c2:amd64.
Unpacking libasprintf0c2:amd64 (from .../libasprintf0c2_0.18.1.1-10_amd64.deb) ...
Selecting previously unselected package libgpg-error0:amd64.
Unpacking libgpg-error0:amd64 (from .../libgpg-error0_1.10-3.1_amd64.deb) ...
Selecting previously unselected package libgcrypt11:amd64.
Unpacking libgcrypt11:amd64 (from .../libgcrypt11_1.5.0-3_amd64.deb) ...
Selecting previously unselected package libmagic1:amd64.
Unpacking libmagic1:amd64 (from .../libmagic1_5.11-2_amd64.deb) ...
Selecting previously unselected package libpcre3:amd64.
Unpacking libpcre3:amd64 (from .../libpcre3_1%3a8.31-2_amd64.deb) ...
Selecting previously unselected package libxml2:amd64.
Unpacking libxml2:amd64 (from .../libxml2_2.8.0+dfsg1-7_amd64.deb) ...
Selecting previously unselected package libglib2.0-0:amd64.
Unpacking libglib2.0-0:amd64 (from .../libglib2.0-0_2.33.12+really2.32.4-5_amd64.deb) ...
Selecting previously unselected package libcroco3:amd64.
Unpacking libcroco3:amd64 (from .../libcroco3_0.6.6-2_amd64.deb) ...
Selecting previously unselected package libunistring0:amd64.
Unpacking libunistring0:amd64 (from .../libunistring0_0.9.3-5_amd64.deb) ...
Selecting previously unselected package libgettextpo0:amd64.
Unpacking libgettextpo0:amd64 (from .../libgettextpo0_0.18.1.1-10_amd64.deb) ...
Selecting previously unselected package libxslt1.1:amd64.
Unpacking libxslt1.1:amd64 (from .../libxslt1.1_1.1.26-14_amd64.deb) ...
Selecting previously unselected package sgml-base.
Unpacking sgml-base (from .../sgml-base_1.26+nmu4_all.deb) ...
Selecting previously unselected package file.
Unpacking file (from .../archives/file_5.11-2_amd64.deb) ...
Selecting previously unselected package gettext-base.
Unpacking gettext-base (from .../gettext-base_0.18.1.1-10_amd64.deb) ...
Selecting previously unselected package html2text.
Unpacking html2text (from .../html2text_1.3.2a-15_amd64.deb) ...
Selecting previously unselected package libasprintf-dev:amd64.
Unpacking libasprintf-dev:amd64 (from .../libasprintf-dev_0.18.1.1-10_amd64.deb) ...
Selecting previously unselected package libgettextpo-dev:amd64.
Unpacking libgettextpo-dev:amd64 (from .../libgettextpo-dev_0.18.1.1-10_amd64.deb) ...
Selecting previously unselected package gettext.
Unpacking gettext (from .../gettext_0.18.1.1-10_amd64.deb) ...
Selecting previously unselected package intltool-debian.
Unpacking intltool-debian (from .../intltool-debian_0.35.0+20060710.1_all.deb) ...
Selecting previously unselected package po-debconf.
Unpacking po-debconf (from .../po-debconf_1.0.16+nmu2_all.deb) ...
Selecting previously unselected package debhelper.
Unpacking debhelper (from .../debhelper_9.20120909_all.deb) ...
Selecting previously unselected package xml-core.
Unpacking xml-core (from .../xml-core_0.13+nmu2_all.deb) ...
Selecting previously unselected package docbook-xsl-ns.
Unpacking docbook-xsl-ns (from .../docbook-xsl-ns_1.76.1+dfsg-1_all.deb) ...
Selecting previously unselected package xsltproc.
Unpacking xsltproc (from .../xsltproc_1.1.26-14_amd64.deb) ...
Selecting previously unselected package sbuild-build-depends-sam2p-dummy.
Unpacking sbuild-build-depends-sam2p-dummy (from .../sbuild-build-depends-sam2p-dummy.deb) ...
Processing triggers for mime-support ...
Setting up libpipeline1:amd64 (1.2.2-1) ...
Setting up groff-base (1.22.1-2) ...
Setting up bsdmainutils (9.0.4) ...
update-alternatives: using /usr/bin/bsd-write to provide /usr/bin/write (write) in auto mode
update-alternatives: using /usr/bin/bsd-from to provide /usr/bin/from (from) in auto mode
Setting up man-db (2.6.3-3) ...
Building database of manual pages ...
Setting up libasprintf0c2:amd64 (0.18.1.1-10) ...
Setting up libgpg-error0:amd64 (1.10-3.1) ...
Setting up libgcrypt11:amd64 (1.5.0-3) ...
Setting up libmagic1:amd64 (5.11-2) ...
Setting up libpcre3:amd64 (1:8.31-2) ...
Setting up libxml2:amd64 (2.8.0+dfsg1-7) ...
Setting up libglib2.0-0:amd64 (2.33.12+really2.32.4-5) ...
No schema files found: doing nothing.
Setting up libcroco3:amd64 (0.6.6-2) ...
Setting up libunistring0:amd64 (0.9.3-5) ...
Setting up libgettextpo0:amd64 (0.18.1.1-10) ...
Setting up libxslt1.1:amd64 (1.1.26-14) ...
Setting up sgml-base (1.26+nmu4) ...
Setting up file (5.11-2) ...
Setting up gettext-base (0.18.1.1-10) ...
Setting up html2text (1.3.2a-15) ...
Setting up libasprintf-dev:amd64 (0.18.1.1-10) ...
Setting up libgettextpo-dev:amd64 (0.18.1.1-10) ...
Setting up gettext (0.18.1.1-10) ...
Setting up intltool-debian (0.35.0+20060710.1) ...
Setting up po-debconf (1.0.16+nmu2) ...
Setting up debhelper (9.20120909) ...
Setting up xml-core (0.13+nmu2) ...
Setting up xsltproc (1.1.26-14) ...
Processing triggers for sgml-base ...
Setting up docbook-xsl-ns (1.76.1+dfsg-1) ...
Setting up sbuild-build-depends-sam2p-dummy (0.invalid.0) ...

┌──────────────────────────────────────────────────────────────────────────────┐
│ Build environment                                                            │
└──────────────────────────────────────────────────────────────────────────────┘

Kernel: Linux 2.6.32-5-xen-amd64 amd64 (x86_64)
Toolchain package versions: binutils_2.22-7.1 dpkg-dev_1.16.9 g++-4.6_4.6.3-15 g++-4.7_4.7.2-19 gcc-4.6_4.6.3-15 gcc-4.7_4.7.2-19 libc6-dev_2.16-0experimental1 libstdc++6_4.8-20130127-1 libstdc++6-4.6-dev_4.6.3-15 libstdc++6-4.7-dev_4.7.2-19 linux-libc-dev_3.2.35-2
Package versions: apt_0.9.7.7 base-files_7.1 base-passwd_3.5.26 bash_4.2+dfsg-0.1 binutils_2.22-7.1 bsdmainutils_9.0.4 bsdutils_1:2.20.1-5.3 build-essential_11.6 bzip2_1.0.6-4 clang_3.2-1~exp5 clang-3.2_3.2-1~exp5 compiler-rt_3.2-1~exp5 coreutils_8.20-3 cpp_4:4.7.2-1 cpp-4.6_4.6.3-15 cpp-4.7_4.7.2-19 dash_0.5.7-3 debconf_1.5.49 debconf-i18n_1.5.49 debfoster_2.7-1.2 debhelper_9.20120909 debian-archive-keyring_2012.4 debianutils_4.3.4 diffutils_1:3.2-7 docbook-xsl-ns_1.76.1+dfsg-1 dpkg_1.16.9 dpkg-dev_1.16.9 e2fslibs_1.42.5-1 e2fsprogs_1.42.5-1 fakeroot_1.18.4-2 file_5.11-2 findutils_4.4.2-5 g++_4:4.7.2-1 g++-4.6_4.6.3-15 g++-4.7_4.7.2-19 gcc_4:4.7.2-1 gcc-4.4-base_4.4.7-3 gcc-4.5-base_4.5.4-1 gcc-4.6_4.6.3-15 gcc-4.6-base_4.6.3-15 gcc-4.7_4.7.2-19 gcc-4.7-base_4.7.2-19 gcc-4.8-base_4.8-20130127-1 gettext_0.18.1.1-10 gettext-base_0.18.1.1-10 gnupg_1.4.12-7 gpgv_1.4.12-7 grep_2.14-1 groff-base_1.22.1-2 gzip_1.5-1.1 hostname_3.12 html2text_1.3.2a-15 initscripts_2.88dsf-39 insserv_1.14.0-5 intltool-debian_0.35.0+20060710.1 libacl1_2.2.51-8 libapt-pkg4.12_0.9.7.7 libasprintf-dev_0.18.1.1-10 libasprintf0c2_0.18.1.1-10 libattr1_1:2.4.46-8 libblkid1_2.20.1-5.3 libbz2-1.0_1.0.6-4 libc-bin_2.13-38 libc-dev-bin_2.16-0experimental1 libc6_2.16-0experimental1 libc6-dev_2.16-0experimental1 libclang-common-dev_3.2-1~exp5 libclass-isa-perl_0.36-5 libcomerr2_1.42.5-1 libcroco3_0.6.6-2 libdb5.1_5.1.29-5 libdpkg-perl_1.16.9 libexpat1_2.1.0-2 libffi5_3.0.10-3 libfile-fcntllock-perl_0.14-2 libgc1c2_1:7.1-9.1 libgcc-4.7-dev_4.7.2-19 libgcc1_1:4.8-20130127-1 libgcrypt11_1.5.0-3 libgdbm3_1.8.3-11 libgettextpo-dev_0.18.1.1-10 libgettextpo0_0.18.1.1-10 libglib2.0-0_2.33.12+really2.32.4-5 libgmp10_2:5.0.5+dfsg-2 libgomp1_4.8-20130127-1 libgpg-error0_1.10-3.1 libgpm2_1.20.4-6 libitm1_4.8-20130127-1 libllvm3.2_3.2-2 liblocale-gettext-perl_1.05-7+b1 liblzma5_5.1.1alpha+20120614-2 libmagic1_5.11-2 libmount1_2.20.1-5.3 libmpc2_0.9-4 libmpfr4_3.1.0-5 libncurses5_5.9+20130119-1 libncursesw5_5.9+20130119-1 libobjc-4.7-dev_4.7.2-19 libobjc4_4.8-20130127-1 libpam-modules_1.1.3-7.1 libpam-modules-bin_1.1.3-7.1 libpam-runtime_1.1.3-7.1 libpam0g_1.1.3-7.1 libpcre3_1:8.31-2 libpipeline1_1.2.2-1 libpython2.7-minimal_2.7.3-15 libpython2.7-stdlib_2.7.3-15 libquadmath0_4.8-20130127-1 libreadline6_6.2+dfsg-0.1 libselinux1_2.1.9-5 libsemanage-common_2.1.6-6 libsemanage1_2.1.6-6 libsepol1_2.1.4-3 libslang2_2.2.4-15 libsqlite3-0_3.7.15.2-1 libss2_1.42.5-1 libssl1.0.0_1.0.1c-4 libstdc++6_4.8-20130127-1 libstdc++6-4.6-dev_4.6.3-15 libstdc++6-4.7-dev_4.7.2-19 libswitch-perl_2.16-2 libtext-charwidth-perl_0.04-7+b1 libtext-iconv-perl_1.7-5 libtext-wrapi18n-perl_0.06-7 libtimedate-perl_1.2000-1 libtinfo5_5.9+20130119-1 libunistring0_0.9.3-5 libusb-0.1-4_2:0.1.12-23+nmu1 libustr-1.0-1_1.0.4-3 libuuid1_2.20.1-5.3 libxml2_2.8.0+dfsg1-7 libxslt1.1_1.1.26-14 linux-libc-dev_3.2.35-2 login_1:4.1.5.1-1 lsb-base_4.1+Debian9 make_3.81-8.2 man-db_2.6.3-3 mawk_1.3.3-17 mime-support_3.53~experimental2 mount_2.20.1-5.3 multiarch-support_2.13-38 ncurses-base_5.9-10 ncurses-bin_5.9-10 passwd_1:4.1.5.1-1 patch_2.6.1-3 perl_5.14.2-17 perl-base_5.14.2-17 perl-modules_5.14.2-17 po-debconf_1.0.16+nmu2 python_2.7.3-10 python-minimal_2.7.3-10 python2.7_2.7.3-15 python2.7-minimal_2.7.3-15 readline-common_6.2+dfsg-0.1 sbuild-build-depends-core-dummy_0.invalid.0 sbuild-build-depends-sam2p-dummy_0.invalid.0 sed_4.2.1-10 sensible-utils_0.0.7 sgml-base_1.26+nmu4 sudo_1.8.5p2-1 sysv-rc_2.88dsf-39 sysvinit_2.88dsf-39 sysvinit-utils_2.88dsf-39 tar_1.26+dfsg-0.1 tzdata_2012j-1 ucf_3.0025+nmu3 util-linux_2.20.1-5.3 vim_2:7.3.547-6 vim-common_2:7.3.547-6 vim-runtime_2:7.3.547-6 xml-core_0.13+nmu2 xsltproc_1.1.26-14 xz-utils_5.1.1alpha+20120614-2 zlib1g_1:1.2.7.dfsg-13

┌──────────────────────────────────────────────────────────────────────────────┐
│ Build                                                                        │
└──────────────────────────────────────────────────────────────────────────────┘


Unpack source
─────────────

gpgv: keyblock resource `/sbuild-nonexistent/.gnupg/trustedkeys.gpg': file open error
gpgv: Signature made Thu Dec 15 22:55:46 2011 UTC using RSA key ID C5006819
gpgv: Can't check signature: public key not found
dpkg-source: warning: failed to verify signature on ./sam2p_0.49.1-1.dsc
dpkg-source: info: extracting sam2p in sam2p-0.49.1
dpkg-source: info: unpacking sam2p_0.49.1.orig.tar.gz
dpkg-source: info: unpacking sam2p_0.49.1-1.debian.tar.gz
dpkg-source: info: applying 03_avoid_errormessage.patch
dpkg-source: info: applying 05_fix_nostrip.patch

Check disc space
────────────────

Sufficient free space for build

User Environment
────────────────

HOME=/sbuild-nonexistent
LOGNAME=user
PATH=/usr/local/sbin:/usr/local/bin:/usr/sbin:/usr/bin:/sbin:/bin:/usr/games
SCHROOT_CHROOT_NAME=unstable-amd64-sbuild
SCHROOT_COMMAND=env
SCHROOT_GID=1000
SCHROOT_GROUP=user
SCHROOT_SESSION_ID=unstable-amd64-sbuild-8d7df8de-6772-4bca-b635-afad4798f3ca
SCHROOT_UID=1000
SCHROOT_USER=user
SHELL=/bin/sh
USER=user

dpkg-buildpackage
─────────────────

dpkg-buildpackage: source package sam2p
dpkg-buildpackage: source version 0.49.1-1
dpkg-buildpackage: source changed by Tanguy Ortolo <tanguy+debian@ortolo.eu>
 dpkg-source --before-build sam2p-0.49.1
dpkg-buildpackage: host architecture amd64
 fakeroot debian/rules clean
dh clean
   dh_testdir
   debian/rules override_dh_auto_clean
make[1]: Entering directory `/«PKGBUILDDIR»'
# Work around the annoying configure removal by make clean
ln configure configure.bak
dh_auto_clean
mv configure.bak configure
make[1]: Leaving directory `/«PKGBUILDDIR»'
   dh_clean
 debian/rules build-arch
dh build-arch
   dh_testdir -a
   debian/rules override_dh_auto_configure
make[1]: Entering directory `/«PKGBUILDDIR»'
dh_auto_configure -- --enable-gif --enable-lzw
checking for --enable-debug... assert
checking for --enable-lzw... yes
checking for --enable-zip... yes
checking for --enable-fax... yes
checking for --enable-gif... yes
configure: WARNING: GIF is a resistered trademark of Compuserve; ask permission from them to use it!
checking for g++... g++
checking for C++ compiler default output... a.out
checking whether the C++ compiler works... yes
checking whether we are cross compiling... no
checking for suffix of executables... 
checking for suffix of object files... o
checking whether we are using the GNU C++ compiler... yes
checking whether g++ accepts -g... yes
checking whether g++ accepts -fsigned-char... yes
checking whether g++ accepts -fno-rtti -fno-exceptions... yes
checking whether g++ accepts -ansi -pedantic -Wall -W... yes
checking whether g++ accepts -felide-constructors -Wstrict-prototypes -Wpointer-arith -Wcast-align -Winline -Wcast-qual -Wmissing-prototypes... yes
checking for ignored -W -Wall -Wnested-externs -Wbad-function-cast -Wmissing-declarations... no
checking whether g++ accepts -Wnested-externs -Wbad-function-cast -Wmissing-declarations... yes
configure: WARNING: cjpeg would provide increased functionality to this program:
configure: WARNING: cjpeg is required for /Compression/IJG
checking whether gcc can link C++ code... no
checking for cjpeg... no
checking for djpeg... no
configure: WARNING: djpeg would provide increased functionality to this program:
configure: WARNING: djpeg is required for loading JPEG files
checking for tif22pnm... no
configure: WARNING: tif22pnm would provide increased functionality to this program:
configure: WARNING: tif22pnm is required for loading TIFF files
checking for tifftopnm... no
configure: WARNING: tifftopnm would provide increased functionality to this program:
configure: WARNING: tifftopnm might become useful for loading TIFF files
checking for pngtopnm... no
configure: WARNING: pngtopnm would provide increased functionality to this program:
configure: WARNING: pngtopnm might become useful for loading PNG files
checking for gs... no
configure: WARNING: gs would provide increased functionality to this program:
configure: WARNING: gs is recommended for viewing PS files, and might become recommended for /Compression/ZIP
checking for lzw_codec... no
configure: WARNING: lzw_codec would provide increased functionality to this program:
configure: WARNING: lzw_codec might become recommended for /Compression/LZW
checking for gzip... /bin/gzip
checking for zip... no
configure: WARNING: zip would provide increased functionality to this program:
configure: WARNING: zip might become useful for /Compression/ZIP
checking for bash... /bin/bash
checking for make... /usr/bin/make
checking for perl... /usr/bin/perl
checking how to run the C++ preprocessor... g++ -E
checking for egrep... grep -E
checking for ANSI C header files... no
checking whether cc supports prototypes... yes
checking whether cc compiles standard C... yes
checking for switch(enum) bug... no
checking for ASCII system... yes
checking for an ANSI C-conforming const... yes
checking for C keyword volatile... yes
checking whether c++ supports static const... yes
checking for working getc in stdio.h... yes
checking for working fgetc in stdio.h... yes
checking for working putc in stdio.h... yes
checking for working fputc in stdio.h... yes
checking for working sprintf in stdio.h... yes
checking for working atoi in stdlib.h... yes
checking for working write in unistd.h... yes
checking for working system in stdlib.h... yes
checking for working lstat in sys/stat.h... yes
checking for working strcpy in string.h... yes
checking for working memcpy in string.h... yes
checking whether memcmp and memcpy are built-in... no
checking for working malloc in stdlib.h... yes
checking for working alloca.h... yes
checking for alloca... yes
checking for width of printf .g... ".16"
checking for tmpdir... "/tmp"
checking for binary popen_... yes
checking for binary popen_b... (cached) no
checking for working vsnprintf... c99
checking for working system(3)... unix
checking whether char is unsigned... no
checking size of char... 1
checking size of short... (cached) 2
checking size of int... (cached) 4
checking size of long... (cached) 8
checking size of long long... 8
checking size of very long... (cached) 0
checking size of __int64... (cached) 0
configure: WARNING: cannot find inttype: sizeof(inttype)==16
checking size of char *... (cached) 8
checking size of void *... 8
checking for an integral type to hold a ptr... long
checking for ptr <-> integral conversion... yes
checking for integral type size_t... unsigned long
checking size of bool... 1
configure: creating ./config.status
config.status: creating Makehelp
config.status: creating config.h
configure: error: cannot compute depends
running make Makedep... error
==> config.log <==
This file contains any messages produced by compilers while
running configure, to aid debugging if configure makes a mistake.

It was created by configure, which was
generated by GNU Autoconf 2.57.  Invocation command line was

  $ ./configure --build=x86_64-linux-gnu --prefix=/usr --includedir=${prefix}/include --mandir=${prefix}/share/man --infodir=${prefix}/share/info --sysconfdir=/etc --localstatedir=/var --libexecdir=${prefix}/lib/sam2p --disable-maintainer-mode --disable-dependency-tracking --enable-gif --enable-lzw

## --------- ##
## Platform. ##
## --------- ##

hostname = ip-10-31-131-110
uname -m = x86_64
uname -r = 2.6.32-5-xen-amd64
uname -s = Linux
uname -v = #1 SMP Sun Sep 23 13:49:30 UTC 2012

/usr/bin/uname -p = unknown
/bin/uname -X     = unknown

/bin/arch              = unknown
/usr/bin/arch -k       = unknown
/usr/convex/getsysinfo = unknown
hostinfo               = unknown
/bin/machine           = unknown
/usr/bin/oslevel       = unknown
/bin/universe          = unknown

PATH: /usr/local/sbin
PATH: /usr/local/bin
PATH: /usr/sbin
PATH: /usr/bin
PATH: /sbin
PATH: /bin
PATH: /usr/games


## ----------- ##
## Core tests. ##
## ----------- ##

configure:1229: checking for --enable-debug
configure:1242: result: assert
configure:1260: checking for --enable-lzw
configure:1273: result: yes
configure:1296: checking for --enable-zip
configure:1307: result: yes
configure:1315: checking for --enable-fax
configure:1326: result: yes
configure:1334: checking for --enable-gif
configure:1342: result: yes
configure:1352: WARNING: GIF is a resistered trademark of Compuserve; ask permission from them to use it!
configure:1419: checking for g++
configure:1435: found /usr/bin/g++
configure:1445: result: g++
configure:1461: checking for C++ compiler version
configure:1464: g++ --version </dev/null >&5
Debian clang version 3.2-1~exp5 (tags/RELEASE_32/final) (based on LLVM 3.2)
Target: x86_64-pc-linux-gnu
Thread model: posix
configure:1467: $? = 0
configure:1469: g++ -v </dev/null >&5
Debian clang version 3.2-1~exp5 (tags/RELEASE_32/final) (based on LLVM 3.2)
Target: x86_64-pc-linux-gnu
Thread model: posix
configure:1472: $? = 0
configure:1474: g++ -V </dev/null >&5
clang: error: argument to '-V' is missing (expected 1 value)
clang: error: no input files
configure:1477: $? = 1
configure:1501: checking for C++ compiler default output
configure:1504: g++    -Wl,--as-needed conftest.cc  >&5
configure:1507: $? = 0
configure:1553: result: a.out
configure:1558: checking whether the C++ compiler works
configure:1564: ./a.out
configure:1567: $? = 0
configure:1584: result: yes
configure:1591: checking whether we are cross compiling
configure:1593: result: no
configure:1596: checking for suffix of executables
configure:1598: g++ -o conftest    -Wl,--as-needed conftest.cc  >&5
configure:1601: $? = 0
configure:1626: result: 
configure:1632: checking for suffix of object files
configure:1654: g++ -c    conftest.cc >&5
configure:1657: $? = 0
configure:1679: result: o
configure:1683: checking whether we are using the GNU C++ compiler
configure:1708: g++ -c    conftest.cc >&5
configure:1711: $? = 0
configure:1714: test -s conftest.o
configure:1717: $? = 0
configure:1730: result: yes
configure:1736: checking whether g++ accepts -g
configure:1758: g++ -c -g  conftest.cc >&5
configure:1761: $? = 0
configure:1764: test -s conftest.o
configure:1767: $? = 0
configure:1778: result: yes
configure:1807: checking whether g++ accepts -fsigned-char
configure:1819: result: yes
configure:1824: checking whether g++ accepts -fno-rtti -fno-exceptions
configure:1836: result: yes
configure:1842: checking whether g++ accepts -ansi -pedantic -Wall -W
configure:1854: result: yes
configure:1860: checking whether g++ accepts -felide-constructors -Wstrict-prototypes -Wpointer-arith -Wcast-align -Winline -Wcast-qual -Wmissing-prototypes
configure:1872: result: yes
configure:1881: checking for ignored -W -Wall -Wnested-externs -Wbad-function-cast -Wmissing-declarations
configure:1904: g++ -Werror -W -Wall -Wnested-externs -Wbad-function-cast -Wmissing-declarations -c   -fsigned-char -fno-rtti -fno-exceptions  conftest.cc >&5
configure:1907: $? = 0
configure:1910: test -s conftest.o
configure:1913: $? = 0
configure:1924: result: no
configure:1934: checking whether g++ accepts -Wnested-externs -Wbad-function-cast -Wmissing-declarations
configure:1946: result: yes
configure:1953: checking whether gcc can link C++ code
configure:1984: g++ -c   -fsigned-char -fno-rtti -fno-exceptions  conftest.cc >&5
configure:1978:7: warning: delete called on 'B' that is abstract but has non-virtual destructor [-Wdelete-non-virtual-dtor]
      delete p;
      ^
1 warning generated.
configure:1987: $? = 0
configure:1999: gcc -o conftest   -fsigned-char -fno-rtti -fno-exceptions  -Wl,--as-needed conftest.o  >&5
conftest.o: In function `main':
conftest.cc:(.text+0x32): undefined reference to `operator new(unsigned long)'
conftest.cc:(.text+0x72): undefined reference to `operator new(unsigned long)'
conftest.cc:(.text+0xe1): undefined reference to `operator delete(void*)'
conftest.o:(.rodata._ZTV1B[_ZTV1B]+0x10): undefined reference to `__cxa_pure_virtual'
clang: error: linker command failed with exit code 1 (use -v to see invocation)
configure:2002: $? = 1
configure:2007: gcc -o conftest   -fsigned-char -fno-rtti -fno-exceptions  -Wl,--as-needed conftest.o  c_lgcc.cpp >&5
c_lgcc.cpp:47:7: error: 'operator new' takes type size_t ('unsigned long') as first parameter
void* operator new  (unsigned len) __attribute__((alias("emulate_cc_new")));
      ^
c_lgcc.cpp:48:7: error: 'operator new[]' takes type size_t ('unsigned long') as first parameter
void* operator new[](unsigned len) __attribute__((alias("emulate_cc_new")));
      ^
2 errors generated.
configure:2010: $? = 1
configure:2015: gcc -o conftest   -fsigned-char -fno-rtti -fno-exceptions  -Wl,--as-needed conftest.o  c_lgcc3.cpp >&5
conftest.o: In function `main':
conftest.cc:(.text+0x32): undefined reference to `operator new(unsigned long)'
conftest.cc:(.text+0x72): undefined reference to `operator new(unsigned long)'
clang: error: linker command failed with exit code 1 (use -v to see invocation)
configure:2018: $? = 1
configure:2037: result: no
configure:2059: checking for cjpeg
configure:2090: result: no
configure:2095: WARNING: cjpeg would provide increased functionality to this program:
configure:2097: WARNING: cjpeg is required for /Compression/IJG
configure:2103: checking for djpeg
configure:2134: result: no
configure:2139: WARNING: djpeg would provide increased functionality to this program:
configure:2141: WARNING: djpeg is required for loading JPEG files
configure:2147: checking for tif22pnm
configure:2178: result: no
configure:2183: WARNING: tif22pnm would provide increased functionality to this program:
configure:2185: WARNING: tif22pnm is required for loading TIFF files
configure:2191: checking for tifftopnm
configure:2222: result: no
configure:2227: WARNING: tifftopnm would provide increased functionality to this program:
configure:2229: WARNING: tifftopnm might become useful for loading TIFF files
configure:2235: checking for pngtopnm
configure:2266: result: no
configure:2271: WARNING: pngtopnm would provide increased functionality to this program:
configure:2273: WARNING: pngtopnm might become useful for loading PNG files
configure:2279: checking for gs
configure:2310: result: no
configure:2315: WARNING: gs would provide increased functionality to this program:
configure:2317: WARNING: gs is recommended for viewing PS files, and might become recommended for /Compression/ZIP
configure:2323: checking for lzw_codec
configure:2354: result: no
configure:2359: WARNING: lzw_codec would provide increased functionality to this program:
configure:2361: WARNING: lzw_codec might become recommended for /Compression/LZW
configure:2367: checking for gzip
configure:2395: result: /bin/gzip
configure:2411: checking for zip
configure:2442: result: no
configure:2447: WARNING: zip would provide increased functionality to this program:
configure:2449: WARNING: zip might become useful for /Compression/ZIP
configure:2455: checking for bash
configure:2483: result: /bin/bash
configure:2500: checking for make
configure:2528: result: /usr/bin/make
configure:2545: checking for perl
configure:2573: result: /usr/bin/perl
configure:2596: checking how to run the C++ preprocessor
configure:2628: g++ -E  conftest.cc
configure:2634: $? = 0
configure:2666: g++ -E  conftest.cc
configure:2670:10: fatal error: 'ac_nonexistent.h' file not found
#include <ac_nonexistent.h>
         ^
1 error generated.
configure:2672: $? = 1
configure: failed program was:
| #line 2657 "configure"
| /* confdefs.h.  */
| 
| #define PACKAGE_NAME ""
| #define PACKAGE_TARNAME ""
| #define PACKAGE_VERSION ""
| #define PACKAGE_STRING ""
| #define PACKAGE_BUGREPORT ""
| #define USE_BUILTIN_LZW 1
| #define USE_BUILTIN_ZIP 1
| #define USE_BUILTIN_FAXE 1
| #define USE_IN_GIF 1
| #define USE_OUT_GIF 1
| /* end confdefs.h.  */
| #include <ac_nonexistent.h>
configure:2710: result: g++ -E
configure:2735: g++ -E  conftest.cc
configure:2741: $? = 0
configure:2773: g++ -E  conftest.cc
configure:2777:10: fatal error: 'ac_nonexistent.h' file not found
#include <ac_nonexistent.h>
         ^
1 error generated.
configure:2779: $? = 1
configure: failed program was:
| #line 2764 "configure"
| /* confdefs.h.  */
| 
| #define PACKAGE_NAME ""
| #define PACKAGE_TARNAME ""
| #define PACKAGE_VERSION ""
| #define PACKAGE_STRING ""
| #define PACKAGE_BUGREPORT ""
| #define USE_BUILTIN_LZW 1
| #define USE_BUILTIN_ZIP 1
| #define USE_BUILTIN_FAXE 1
| #define USE_IN_GIF 1
| #define USE_OUT_GIF 1
| /* end confdefs.h.  */
| #include <ac_nonexistent.h>
configure:2822: checking for egrep
configure:2832: result: grep -E
configure:2837: checking for ANSI C header files
configure:2863: g++ -c   -fsigned-char -fno-rtti -fno-exceptions  conftest.cc >&5
configure:2866: $? = 0
configure:2869: test -s conftest.o
configure:2872: $? = 0
configure:2964: g++ -o conftest   -fsigned-char -fno-rtti -fno-exceptions  -Wl,--as-needed conftest.cc  >&5
configure:2962:7: error: use of undeclared identifier 'exit'
      exit(2);
      ^
configure:2963:3: error: use of undeclared identifier 'exit'
  exit (0);
  ^
2 errors generated.
configure:2967: $? = 1
configure: program exited with status 1
configure: failed program was:
| #line 2932 "configure"
| /* confdefs.h.  */
| 
| #define PACKAGE_NAME ""
| #define PACKAGE_TARNAME ""
| #define PACKAGE_VERSION ""
| #define PACKAGE_STRING ""
| #define PACKAGE_BUGREPORT ""
| #define USE_BUILTIN_LZW 1
| #define USE_BUILTIN_ZIP 1
| #define USE_BUILTIN_FAXE 1
| #define USE_IN_GIF 1
| #define USE_OUT_GIF 1
| /* end confdefs.h.  */
| #include <ctype.h>
| #if ((' ' & 0x0FF) == 0x020)
| # define ISLOWER(c) ('a' <= (c) && (c) <= 'z')
| # define TOUPPER(c) (ISLOWER(c) ? 'A' + ((c) - 'a') : (c))
| #else
| # define ISLOWER(c)                    (('a' <= (c) && (c) <= 'i')                      || ('j' <= (c) && (c) <= 'r')                      || ('s' <= (c) && (c) <= 'z'))
| # define TOUPPER(c) (ISLOWER(c) ? ((c) | 0x40) : (c))
| #endif
| 
| #define XOR(e, f) (((e) && !(f)) || (!(e) && (f)))
| int
| main ()
| {
|   int i;
|   for (i = 0; i < 256; i++)
|     if (XOR (islower (i), ISLOWER (i))
|         || toupper (i) != TOUPPER (i))
|       exit(2);
|   exit (0);
| }
configure:2987: result: no
configure:2998: checking whether cc supports prototypes
configure:3021: g++ -c   -fsigned-char -fno-rtti -fno-exceptions  conftest.cc >&5
configure:3024: $? = 0
configure:3027: test -s conftest.o
configure:3030: $? = 0
configure:3043: result: yes
configure:3055: checking whether cc compiles standard C
configure:3101: result: yes
configure:3111: checking for switch(enum) bug
configure:3147: g++ -o conftest   -fsigned-char -fno-rtti -fno-exceptions  -Wl,--as-needed conftest.cc  >&5
configure:3150: $? = 0
configure:3152: ./conftest
configure:3155: $? = 0
configure:3170: result: no
configure:3181: checking for ASCII system
configure:3213: result: yes
configure:3228: checking for an ANSI C-conforming const
configure:3296: g++ -c   -fsigned-char -fno-rtti -fno-exceptions  conftest.cc >&5
configure:3299: $? = 0
configure:3302: test -s conftest.o
configure:3305: $? = 0
configure:3316: result: yes
configure:3327: checking for C keyword volatile
configure:3350: g++ -c   -fsigned-char -fno-rtti -fno-exceptions  conftest.cc >&5
configure:3353: $? = 0
configure:3356: test -s conftest.o
configure:3359: $? = 0
configure:3372: result: yes
configure:3382: checking whether c++ supports static const
configure:3406: g++ -c   -fsigned-char -fno-rtti -fno-exceptions  conftest.cc >&5
configure:3409: $? = 0
configure:3412: test -s conftest.o
configure:3415: $? = 0
configure:3428: result: yes
configure:3443: checking for working getc in stdio.h
configure:3481: g++ -o conftest   -fsigned-char -fno-rtti -fno-exceptions -ansi  -Wl,--as-needed conftest.cc  >&5
configure:3484: $? = 0
configure:3486: ./conftest
configure:3489: $? = 0
configure:3504: result: yes
configure:3514: checking for working fgetc in stdio.h
configure:3552: g++ -o conftest   -fsigned-char -fno-rtti -fno-exceptions -ansi  -Wl,--as-needed conftest.cc  >&5
configure:3555: $? = 0
configure:3557: ./conftest
configure:3560: $? = 0
configure:3575: result: yes
configure:3585: checking for working putc in stdio.h
configure:3623: g++ -o conftest   -fsigned-char -fno-rtti -fno-exceptions -ansi  -Wl,--as-needed conftest.cc  >&5
configure:3626: $? = 0
configure:3628: ./conftest
configure:3631: $? = 0
configure:3646: result: yes
configure:3656: checking for working fputc in stdio.h
configure:3694: g++ -o conftest   -fsigned-char -fno-rtti -fno-exceptions -ansi  -Wl,--as-needed conftest.cc  >&5
configure:3697: $? = 0
configure:3699: ./conftest
configure:3702: $? = 0
configure:3717: result: yes
configure:3729: checking for working sprintf in stdio.h
configure:3767: g++ -o conftest   -fsigned-char -fno-rtti -fno-exceptions  -Wl,--as-needed conftest.cc  >&5
configure:3770: $? = 0
configure:3772: ./conftest
configure:3775: $? = 0
configure:3790: result: yes
configure:3800: checking for working atoi in stdlib.h
configure:3838: g++ -o conftest   -fsigned-char -fno-rtti -fno-exceptions  -Wl,--as-needed conftest.cc  >&5
configure:3841: $? = 0
configure:3843: ./conftest
configure:3846: $? = 0
configure:3861: result: yes
configure:3871: checking for working write in unistd.h
configure:3909: g++ -o conftest   -fsigned-char -fno-rtti -fno-exceptions  -Wl,--as-needed conftest.cc  >&5
configure:3912: $? = 0
configure:3914: ./conftest
configure:3917: $? = 0
configure:3932: result: yes
configure:3942: checking for working system in stdlib.h
configure:3980: g++ -o conftest   -fsigned-char -fno-rtti -fno-exceptions  -Wl,--as-needed conftest.cc  >&5
configure:3983: $? = 0
configure:3985: ./conftest
configure:3988: $? = 0
configure:4003: result: yes
configure:4013: checking for working lstat in sys/stat.h
configure:4051: g++ -o conftest   -fsigned-char -fno-rtti -fno-exceptions  -Wl,--as-needed conftest.cc  >&5
configure:4054: $? = 0
configure:4056: ./conftest
configure:4059: $? = 0
configure:4074: result: yes
configure:4085: checking for working strcpy in string.h
configure:4123: g++ -o conftest   -fsigned-char -fno-rtti -fno-exceptions  -Wl,--as-needed conftest.cc  >&5
configure:4126: $? = 0
configure:4128: ./conftest
configure:4131: $? = 0
configure:4146: result: yes
configure:4245: checking for working memcpy in string.h
configure:4283: g++ -o conftest   -fsigned-char -fno-rtti -fno-exceptions  -Wl,--as-needed conftest.cc  >&5
configure:4286: $? = 0
configure:4288: ./conftest
configure:4291: $? = 0
configure:4306: result: yes
configure:4317: checking whether memcmp and memcpy are built-in
configure:4378: result: no
configure:4389: checking for working malloc in stdlib.h
configure:4427: g++ -o conftest   -fsigned-char -fno-rtti -fno-exceptions  -Wl,--as-needed conftest.cc  >&5
configure:4430: $? = 0
configure:4432: ./conftest
configure:4435: $? = 0
configure:4450: result: yes
configure:4535: checking for working alloca.h
configure:4557: g++ -o conftest   -fsigned-char -fno-rtti -fno-exceptions  -Wl,--as-needed conftest.cc  >&5
configure:4560: $? = 0
configure:4563: test -s conftest
configure:4566: $? = 0
configure:4577: result: yes
configure:4587: checking for alloca
configure:4629: g++ -o conftest   -fsigned-char -fno-rtti -fno-exceptions  -Wl,--as-needed conftest.cc  >&5
configure:4632: $? = 0
configure:4635: test -s conftest
configure:4638: $? = 0
configure:4649: result: yes
configure:4857: checking for width of printf .g
configure:4905: g++ -o conftest   -fsigned-char -fno-rtti -fno-exceptions  -Wl,--as-needed conftest.cc  >&5
configure:4908: $? = 0
configure:4910: ./conftest
configure:4913: $? = 0
configure:4929: result: ".16"
configure:4939: checking for tmpdir
configure:4977: g++ -o conftest   -fsigned-char -fno-rtti -fno-exceptions  -Wl,--as-needed conftest.cc  >&5
configure:4980: $? = 0
configure:4982: ./conftest
configure:4985: $? = 0
configure:5000: result: "/tmp"
configure:5008: checking for binary popen_
configure:5065: g++ -o conftest   -fsigned-char -fno-rtti -fno-exceptions  -Wl,--as-needed conftest.cc  >&5
configure:5068: $? = 0
configure:5070: ./conftest
configure:5073: $? = 0
configure:5088: result: yes
configure:5101: checking for binary popen_b
configure:5181: result: no
configure:5191: checking for working vsnprintf
configure:5297: g++ -o conftest   -fsigned-char -fno-rtti -fno-exceptions  -Wl,--as-needed conftest.cc  >&5
configure:5290:25: warning: conversion from string literal to 'char *' is deprecated [-Wdeprecated-writable-strings]
    i=myprintf(10, buf, "%s-%ld", "Alma", -1234567L);
                        ^
configure:5296:25: warning: conversion from string literal to 'char *' is deprecated [-Wdeprecated-writable-strings]
    i=myprintf(10, buf, "%s-%ld", "Alma", -123L);
                        ^
configure:5301:25: warning: conversion from string literal to 'char *' is deprecated [-Wdeprecated-writable-strings]
    i=myprintf(10, buf, "%s-%ld", "Alma", -1234L);
                        ^
configure:5306:24: warning: conversion from string literal to 'char *' is deprecated [-Wdeprecated-writable-strings]
    i=myprintf(0, buf, "%s-%ld", "Alma", -1234L);
                       ^
configure:5312:24: warning: conversion from string literal to 'char *' is deprecated [-Wdeprecated-writable-strings]
    i=myprintf(1, buf, "%s-%ld", "Alma", -1234L);
                       ^
5 warnings generated.
configure:5300: $? = 0
configure:5302: ./conftest
configure:5305: $? = 0
configure:5320: result: c99
configure:5349: checking for working system(3)
configure:5393: g++ -o conftest   -fsigned-char -fno-rtti -fno-exceptions  -Wl,--as-needed conftest.cc  >&5
configure:5396: $? = 0
configure:5398: ./conftest
configure:5401: $? = 0
configure:5425: result: unix
configure:5473: checking whether char is unsigned
configure:5522: g++ -o conftest   -fsigned-char -fno-rtti -fno-exceptions  -Wl,--as-needed conftest.cc  >&5
configure:5525: $? = 0
configure:5527: ./conftest
configure:5530: $? = 1
configure: program exited with status 1
configure: failed program was:
| #line 5506 "configure"
| /* confdefs.h.  */
| 
| #define PACKAGE_NAME ""
| #define PACKAGE_TARNAME ""
| #define PACKAGE_VERSION ""
| #define PACKAGE_STRING ""
| #define PACKAGE_BUGREPORT ""
| #define USE_BUILTIN_LZW 1
| #define USE_BUILTIN_ZIP 1
| #define USE_BUILTIN_FAXE 1
| #define USE_IN_GIF 1
| #define USE_OUT_GIF 1
| #define HAVE_PROTOTYPES 1
| #define HAVE_PTS_STDC 1
| #define HAVE_ASCII_SYSTEM 1
| #define HAVE_STATIC_CONST 1
| #define HAVE_getc_in_stdio 1
| #define HAVE_fgetc_in_stdio 1
| #define HAVE_putc_in_stdio 1
| #define HAVE_fputc_in_stdio 1
| #define HAVE_sprintf_in_stdio 1
| #define HAVE_atoi_in_stdlib 1
| #define HAVE_write_in_unistd 1
| #define HAVE_system_in_stdlib 1
| #define HAVE_lstat_in_sys_stat 1
| #define HAVE_strcpy_in_string 1
| #define HAVE_STRING 1
| #define HAVE_memcpy_in_stringxs 1
| #define HAVE_malloc_in_stdlib 1
| #define HAVE_ALLOCA_H 1
| #define HAVE_ALLOCA 1
| #define PTS_CFG_PRINTFGLEN ".16"
| #define PTS_CFG_P_TMPDIR "/tmp"
| #define HAVE_PTS_POPEN_ 1
| #define HAVE_PTS_SYSTEMF 1
| #define HAVE_PTS_SYSTEMF_UNIX 1
| /* end confdefs.h.  */
| /* volatile prevents gcc2 from optimizing the test away on sparcs.  */
| #if !defined(__STDC__) || __STDC__ != 1
dh_auto_configure: ./configure --build=x86_64-linux-gnu --prefix=/usr --includedir=${prefix}/include --mandir=${prefix}/share/man --infodir=${prefix}/share/info --sysconfdir=/etc --localstatedir=/var --libexecdir=${prefix}/lib/sam2p --disable-maintainer-mode --disable-dependency-tracking --enable-gif --enable-lzw returned exit code 1
make[1]: *** [override_dh_auto_configure] Error 25
| #define volatile
| #endif
| int main() {
|   volatile char c = 255; return(c < 0);
make: *** [build-arch] Error 2| }

configure:5545: result: no
configure:5556: checking size of char
configure:5589: g++ -o conftest   -fsigned-char -fno-rtti -fno-exceptions  -Wl,--as-needed conftest.cc  >&5
configure:5610:40: warning: format specifies type 'int' but the argument has type 'unsigned long' [-Wformat]
  fprintf(f, "ac_cv_sizeof_char=%d\n", sizeof(char));
                                ~~     ^~~~~~~~~~~~
                                %ld
configure:5611:42: warning: format specifies type 'int' but the argument has type 'unsigned long' [-Wformat]
  fprintf(f, "ac_cv_sizeof_char_p=%d\n", sizeof(char*));
                                  ~~     ^~~~~~~~~~~~~
                                  %ld
configure:5612:41: warning: format specifies type 'int' but the argument has type 'unsigned long' [-Wformat]
  fprintf(f, "ac_cv_sizeof_short=%d\n", sizeof(short));
                                 ~~     ^~~~~~~~~~~~~
                                 %ld
configure:5613:39: warning: format specifies type 'int' but the argument has type 'unsigned long' [-Wformat]
  fprintf(f, "ac_cv_sizeof_int=%d\n", sizeof(int));
                               ~~     ^~~~~~~~~~~
                               %ld
configure:5614:40: warning: format specifies type 'int' but the argument has type 'unsigned long' [-Wformat]
  fprintf(f, "ac_cv_sizeof_long=%d\n", sizeof(long));
                                ~~     ^~~~~~~~~~~~
                                %ld
5 warnings generated.
configure:5592: $? = 0
configure:5594: ./conftest
configure:5597: $? = 0
configure:5610: result: 1
configure:5639: checking size of short
configure:5686: result: 2
configure:5693: checking size of int
configure:5740: result: 4
configure:5747: checking size of long
configure:5794: result: 8
configure:5801: checking size of long long
configure:5826: g++ -o conftest   -fsigned-char -fno-rtti -fno-exceptions  -Wl,--as-needed conftest.cc  >&5
configure:5859:22: warning: format specifies type 'int' but the argument has type 'unsigned long' [-Wformat]
  fprintf(f, "%d\n", sizeof(long long));
              ~~     ^~~~~~~~~~~~~~~~~
              %ld
1 warning generated.
configure:5829: $? = 0
configure:5831: ./conftest
configure:5834: $? = 0
configure:5848: result: 8
configure:5857: checking size of very long
configure:5904: result: 0
configure:5912: checking size of __int64
configure:5959: result: 0
configure:6028: WARNING: cannot find inttype: sizeof(inttype)==16
configure:6038: checking size of char *
configure:6085: result: 8
configure:6092: checking size of void *
configure:6117: g++ -o conftest   -fsigned-char -fno-rtti -fno-exceptions  -Wl,--as-needed conftest.cc  >&5
configure:6158:22: warning: format specifies type 'int' but the argument has type 'unsigned long' [-Wformat]
  fprintf(f, "%d\n", sizeof(void *));
              ~~     ^~~~~~~~~~~~~~
              %ld
1 warning generated.
configure:6120: $? = 0
configure:6122: ./conftest
configure:6125: $? = 0
configure:6139: result: 8
configure:6146: checking for an integral type to hold a ptr
configure:6179: result: long
configure:6181: checking for ptr <-> integral conversion
configure:6218: g++ -o conftest   -fsigned-char -fno-rtti -fno-exceptions  -Wl,--as-needed conftest.cc  >&5
configure:6221: $? = 0
configure:6223: ./conftest
dpkg-buildpackage: error: debian/rules build-arch gave error exit status 2
configure:6226: $? = 0
configure:6246: result: yes
configure:6255: checking for integral type size_t
configure:6315: g++ -o conftest   -fsigned-char -fno-rtti -fno-exceptions  -Wl,--as-needed conftest.cc  >&5
configure:6318: $? = 0
configure:6320: ./conftest
configure:6323: $? = 0
configure:6349: result: unsigned long
configure:6353: checking size of bool
configure:6378: g++ -o conftest   -fsigned-char -fno-rtti -fno-exceptions  -Wl,--as-needed conftest.cc  >&5
configure:6423:22: warning: format specifies type 'int' but the argument has type 'unsigned long' [-Wformat]
  fprintf(f, "%d\n", sizeof(bool));
              ~~     ^~~~~~~~~~~~
              %ld
1 warning generated.
configure:6381: $? = 0
configure:6383: ./conftest
configure:6386: $? = 0
configure:6400: result: 1
configure:6506: creating ./config.status

## ---------------------- ##
## Running config.status. ##
## ---------------------- ##

This file was extended by config.status, which was
generated by GNU Autoconf 2.57.  Invocation command line was

  CONFIG_FILES    = 
  CONFIG_HEADERS  = 
  CONFIG_LINKS    = 
  CONFIG_COMMANDS = 
  $ ./config.status 

on ip-10-31-131-110

config.status:624: creating Makehelp
config.status:727: creating config.h
configure:7504: running make Makedep
make[2]: Entering directory `/«PKGBUILDDIR»'
Makefile:45: Makedep: No such file or directory
(echo '/* Generated automatically by Makefile. */' && \
	 echo '#ifndef SAM2P_VERSION_H' && \
	 echo '#define SAM2P_VERSION_H 1' && \
	 echo '#define SAM2P_VERSION "0.49.1"' && \
	 echo '#endif') >sam2p_version.h
perl -x -S ./ccdep.pl --FAL=assert,no,yes,checker g++
./ccdep.pl: running.
+ g++ -DOBJDEP -M -MG -E 2>&1 in_png.cpp in_tiff.cpp ps_tiny.c mapping.cpp out_gif.cpp in_jai.cpp appliers.cpp pts_defl.c pts_lzw.c sam2p_main.cpp rule.cpp minips.cpp in_tga.cpp in_xpm.cpp in_pnm.cpp crc32.c in_ps.cpp in_pcx.cpp in_lbm.cpp in_jpeg.cpp in_gif.cpp in_bmp.cpp image.cpp error.cpp encoder.cpp cgif.c gensio.cpp gensi.cpp pts_fax.c snprintf.c testfax_main.c test_main.cpp jpegdump_main.cpp c_lgcc3.cpp c_lgcc.cpp StdAfx.cpp vcsam2p.cpp
+ g++ -DOBJDEP -E 2>&1 >/dev/null in_png.cpp in_tiff.cpp ps_tiny.c mapping.cpp out_gif.cpp in_jai.cpp appliers.cpp pts_defl.c pts_lzw.c sam2p_main.cpp rule.cpp minips.cpp in_tga.cpp in_xpm.cpp in_pnm.cpp crc32.c in_ps.cpp in_pcx.cpp in_lbm.cpp in_jpeg.cpp in_gif.cpp in_bmp.cpp image.cpp error.cpp encoder.cpp cgif.c gensio.cpp gensi.cpp pts_fax.c snprintf.c testfax_main.c test_main.cpp jpegdump_main.cpp c_lgcc3.cpp c_lgcc.cpp StdAfx.cpp vcsam2p.cpp
./ccdep.pl: invalid depret: [clang: warning: treating 'c' input as 'c++' when in C++ mode, this behavior is deprecated]
make[2]: *** [Makedep] Error 1
make[2]: Leaving directory `/«PKGBUILDDIR»'
configure:7510: result: error
configure:7512: error: cannot compute depends

## ---------------- ##
## Cache variables. ##
## ---------------- ##

ac_cv_c_char_unsigned=no
ac_cv_c_const=yes
ac_cv_cxx_compiler_gnu=yes
ac_cv_env_CPPFLAGS_set=
ac_cv_env_CPPFLAGS_value=
ac_cv_env_CXXCPP_set=
ac_cv_env_CXXCPP_value=
ac_cv_env_CXXFLAGS_set=
ac_cv_env_CXXFLAGS_value=
ac_cv_env_CXX_set=
ac_cv_env_CXX_value=
ac_cv_env_LDFLAGS_set=set
ac_cv_env_LDFLAGS_value=-Wl,--as-needed
ac_cv_env_build_alias_set=set
ac_cv_env_build_alias_value=x86_64-linux-gnu
ac_cv_env_host_alias_set=
ac_cv_env_host_alias_value=
ac_cv_env_target_alias_set=
ac_cv_env_target_alias_value=
ac_cv_exeext=
ac_cv_func_alloca_works=yes
ac_cv_header_stdc=no
ac_cv_integral_type_size_t='unsigned long'
ac_cv_objext=o
ac_cv_path_pts_bash=/bin/bash
ac_cv_path_pts_gzip=/bin/gzip
ac_cv_path_pts_make=/usr/bin/make
ac_cv_path_pts_perl=/usr/bin/perl
ac_cv_prog_CXXCPP='g++ -E'
ac_cv_prog_ac_ct_CXX=g++
ac_cv_prog_cxx_apwaw=yes
ac_cv_prog_cxx_fs=yes
ac_cv_prog_cxx_g=yes
ac_cv_prog_cxx_nebfcmd=yes
ac_cv_prog_cxx_nrne=yes
ac_cv_prog_cxx_ptscxxopts=yes
ac_cv_prog_egrep='grep -E'
ac_cv_pts_atoi_in_stdlib=yes
ac_cv_pts_cfg_p_tmpdir='"/tmp"'
ac_cv_pts_cfg_printfglen='".16"'
ac_cv_pts_fgetc_in_stdio=yes
ac_cv_pts_fputc_in_stdio=yes
ac_cv_pts_gcc_links_cxx=no
ac_cv_pts_getc_in_stdio=yes
ac_cv_pts_have_ascii_system=yes
ac_cv_pts_have_memcmpy_builtin=no
ac_cv_pts_have_popen_=yes
ac_cv_pts_have_popen_b=no
ac_cv_pts_have_prototypes=yes
ac_cv_pts_have_static_const=yes
ac_cv_pts_have_stdc=yes
ac_cv_pts_have_string=yes
ac_cv_pts_have_switch_enum_bug=no
ac_cv_pts_have_systemf=yes
ac_cv_pts_have_volatile=yes
ac_cv_pts_have_vsnprintf=no
ac_cv_pts_ignoring_nebfcmd=no
ac_cv_pts_int128_t=0
ac_cv_pts_int16_t=short
ac_cv_pts_int32_t=int
ac_cv_pts_int64_t=long
ac_cv_pts_intp_ok=yes
ac_cv_pts_intp_t=long
ac_cv_pts_lstat_in_sys_stat=yes
ac_cv_pts_malloc_in_stdlib=yes
ac_cv_pts_memcpy_in_stringxs=yes
ac_cv_pts_putc_in_stdio=yes
ac_cv_pts_sprintf_in_stdio=yes
ac_cv_pts_strcpy_in_string=yes
ac_cv_pts_string_header=string
ac_cv_pts_system_in_stdlib=yes
ac_cv_pts_systemf=unix
ac_cv_pts_vsnprintf=no
ac_cv_pts_write_in_unistd=yes
ac_cv_sizeof___int64=0
ac_cv_sizeof_bool=1
ac_cv_sizeof_char=1
ac_cv_sizeof_char_p=8
ac_cv_sizeof_int=4
ac_cv_sizeof_long=8
ac_cv_sizeof_long_long=8
ac_cv_sizeof_short=2
ac_cv_sizeof_very_long=0
ac_cv_sizeof_void_p=8
ac_cv_working_alloca_h=yes

## ----------------- ##
## Output variables. ##
## ----------------- ##

ALLOCA=''
CPPFLAGS=''
CXX='g++'
CXXCPP='g++ -E'
CXXFLAGS='  -fsigned-char -fno-rtti -fno-exceptions'
CXXFLAGSB=' -ansi -pedantic -Wall -W -felide-constructors -Wstrict-prototypes -Wpointer-arith -Wcast-align -Winline -Wcast-qual -Wmissing-prototypes -Wnested-externs -Wbad-function-cast -Wmissing-declarations'
DEFS='-DHAVE_CONFIG_H'
ECHO_C=''
ECHO_N='-n'
ECHO_T=''
EGREP='grep -E'
ENABLE_DEBUG='assert'
EXEEXT=''
GFLAG='-g'
LDFLAGS='-Wl,--as-needed'
LDXX='g++'
LIBOBJS=''
LIBS=''
LTLIBOBJS=''
OBJEXT='o'
PACKAGE_BUGREPORT=''
PACKAGE_NAME=''
PACKAGE_STRING=''
PACKAGE_TARNAME=''
PACKAGE_VERSION=''
PATH_SEPARATOR=':'
SHELL='/bin/bash'
ac_ct_CXX='g++'
bindir='${exec_prefix}/bin'
build_alias='x86_64-linux-gnu'
datadir='${prefix}/share'
exec_prefix='${prefix}'
host_alias=''
includedir='${prefix}/include'
infodir='${prefix}/share/info'
libdir='${exec_prefix}/lib'
libexecdir='${prefix}/lib/sam2p'
localstatedir='/var'
mandir='${prefix}/share/man'
oldincludedir='/usr/include'
prefix='/usr'
program_transform_name='s,x,x,'
pts_bash='/bin/bash'
pts_cjpeg=''
pts_djpeg=''
pts_gs=''
pts_gzip='/bin/gzip'
pts_lzw_codec=''
pts_make='/usr/bin/make'
pts_perl='/usr/bin/perl'
pts_pngtopnm=''
pts_tif22pnm=''
pts_tifftopnm=''
pts_zip=''
sbindir='${exec_prefix}/sbin'
sharedstatedir='${prefix}/com'
sysconfdir='/etc'
target_alias=''

## ----------- ##
## confdefs.h. ##
## ----------- ##

#define HAVE_ALLOCA 1
#define HAVE_ALLOCA_H 1
#define HAVE_ASCII_SYSTEM 1
#define HAVE_PROTOTYPES 1
#define HAVE_PTS_POPEN_ 1
#define HAVE_PTS_STDC 1
#define HAVE_PTS_SYSTEMF 1
#define HAVE_PTS_SYSTEMF_UNIX 1
#define HAVE_STATIC_CONST 1
#define HAVE_STRING 1
#define HAVE_atoi_in_stdlib 1
#define HAVE_fgetc_in_stdio 1
#define HAVE_fputc_in_stdio 1
#define HAVE_getc_in_stdio 1
#define HAVE_lstat_in_sys_stat 1
#define HAVE_malloc_in_stdlib 1
#define HAVE_memcpy_in_stringxs 1
#define HAVE_putc_in_stdio 1
#define HAVE_sprintf_in_stdio 1
#define HAVE_strcpy_in_string 1
#define HAVE_system_in_stdlib 1
#define HAVE_write_in_unistd 1
#define PACKAGE_BUGREPORT ""
#define PACKAGE_NAME ""
#define PACKAGE_STRING ""
#define PACKAGE_TARNAME ""
#define PACKAGE_VERSION ""
#define PTS_CFG_PRINTFGLEN ".16"
#define PTS_CFG_P_TMPDIR "/tmp"
#define PTS_INT128_T 0
#define PTS_INT16_T short
#define PTS_INT32_T int
#define PTS_INT64_T long
#define PTS_INTP_OK 1
#define PTS_INTP_T long
#define PTS_size_t unsigned long
#define SIZEOF_BOOL 1
#define SIZEOF_CHAR 1
#define SIZEOF_CHAR_P 8
#define SIZEOF_CHAR_P 8
#define SIZEOF_INT 4
#define SIZEOF_INT 4
#define SIZEOF_LONG 8
#define SIZEOF_LONG 8
#define SIZEOF_LONG_LONG 8
#define SIZEOF_SHORT 2
#define SIZEOF_SHORT 2
#define SIZEOF_VERY_LONG 0
#define SIZEOF_VOID_P 8
#define SIZEOF___INT64 0
#define USE_BUILTIN_FAXE 1
#define USE_BUILTIN_LZW 1
#define USE_BUILTIN_ZIP 1
#define USE_IN_GIF 1
#define USE_OUT_GIF 1

configure: exit 1
make[1]: Leaving directory `/«PKGBUILDDIR»'
────────────────────────────────────────────────────────────────────────────────
Build finished at 20130128-0541

Finished
────────

E: Build failure (dpkg-buildpackage died)

┌──────────────────────────────────────────────────────────────────────────────┐
│ Cleanup                                                                      │
└──────────────────────────────────────────────────────────────────────────────┘

Purging /«BUILDDIR»
Not cleaning session: cloned chroot in use

┌──────────────────────────────────────────────────────────────────────────────┐
│ Summary                                                                      │
└──────────────────────────────────────────────────────────────────────────────┘

Architecture: amd64
Build-Space: 2792
Build-Time: 6
Distribution: unstable
Fail-Stage: build
Install-Time: 7
Job: sam2p_0.49.1-1
Package: sam2p
Package-Time: 43
Source-Version: 0.49.1-1
Space: 2792
Status: attempted
Version: 0.49.1-1
────────────────────────────────────────────────────────────────────────────────
Finished at 20130128-0541
Build needed 00:00:43, 2792k disc space
DC-Status: Failed 44.052382s
