DC-Build-Header: socks4-server 4.3.beta2-18 / Thu Jan 31 19:12:36 +0000 2013
DC-Task: logfile:/tmp/socks4-server_4.3.beta2-18_unstable_clang.log version:4.3.beta2-18 modes:binary-only:clang chroot:unstable source:socks4-server esttime:33 architecture:any
DC-Sbuild-call: su user -c 'sbuild -n --apt-update -d unstable -v  --chroot-setup-commands=/tmp/switch-to-clang socks4-server_4.3.beta2-18'
Could not create '/sbuild-nonexistent/logs': No such file or directory
Could not create '/sbuild-nonexistent/logs': No such file or directory
sbuild (Debian sbuild) 0.62.5 (13 Jul 2011) on ip-10-30-142-45.ec2.internal

╔══════════════════════════════════════════════════════════════════════════════╗
║ socks4-server 4.3.beta2-18 (amd64)                         31 Jan 2013 19:12 ║
╚══════════════════════════════════════════════════════════════════════════════╝

Package: socks4-server
Version: 4.3.beta2-18
Source Version: 4.3.beta2-18
Distribution: unstable
Architecture: amd64

I: NOTICE: Log filtering will replace 'build/socks4-server-NA_TD2/socks4-server-4.3.beta2' with '«PKGBUILDDIR»'
I: NOTICE: Log filtering will replace 'build/socks4-server-NA_TD2' with '«BUILDDIR»'
I: NOTICE: Log filtering will replace 'var/lib/schroot/mount/unstable-amd64-sbuild-00554290-bfed-42ea-8d94-1535a55bbe7c' with '«CHROOT»'

┌──────────────────────────────────────────────────────────────────────────────┐
│ Update chroot                                                                │
└──────────────────────────────────────────────────────────────────────────────┘

Ign http://localhost unstable InRelease
Get:1 http://localhost unstable Release.gpg [836 B]
Get:2 http://localhost unstable Release [227 kB]
Ign http://localhost unstable/main Sources/DiffIndex
Ign http://localhost unstable/main amd64 Packages/DiffIndex
Hit http://localhost unstable/main Translation-en/DiffIndex
Get:3 http://localhost unstable/main Sources [8236 kB]
Get:4 http://localhost unstable/main amd64 Packages [8279 kB]
Fetched 16.7 MB in 3s (5003 kB/s)
Reading package lists...
Reading package lists...
Building dependency tree...
Reading state information...
0 upgraded, 0 newly installed, 0 to remove and 0 not upgraded.

┌──────────────────────────────────────────────────────────────────────────────┐
│ Fetch source files                                                           │
└──────────────────────────────────────────────────────────────────────────────┘


Check APT
─────────

Checking available source versions...

Download source files with APT
──────────────────────────────

Reading package lists...
Building dependency tree...
Reading state information...
Need to get 267 kB of source archives.
Get:1 http://localhost/debian/ unstable/main socks4-server 4.3.beta2-18 (dsc) [1790 B]
Get:2 http://localhost/debian/ unstable/main socks4-server 4.3.beta2-18 (tar) [246 kB]
Get:3 http://localhost/debian/ unstable/main socks4-server 4.3.beta2-18 (diff) [19.1 kB]
Fetched 267 kB in 0s (997 kB/s)
Download complete and in download only mode

Check arch
──────────


┌──────────────────────────────────────────────────────────────────────────────┐
│ Chroot Setup Commands                                                        │
└──────────────────────────────────────────────────────────────────────────────┘


/tmp/switch-to-clang
────────────────────

+ echo 'Entering customization script...'
Entering customization script...
+ echo 'Add an unstable version of clang as repository'
Add an unstable version of clang as repository
+ echo deb http://clang.ecranbleu.org/apt/debian unstable main
+ apt-get update
Ign http://localhost unstable InRelease
Hit http://localhost unstable Release.gpg
Hit http://localhost unstable Release
Ign http://clang.ecranbleu.org unstable InRelease
Ign http://localhost unstable/main Sources/DiffIndex
Ign http://clang.ecranbleu.org unstable Release.gpg
Get:1 http://clang.ecranbleu.org unstable Release [1616 B]
Ign http://localhost unstable/main amd64 Packages/DiffIndex
Hit http://localhost unstable/main Translation-en/DiffIndex
Get:2 http://clang.ecranbleu.org unstable/main amd64 Packages [2354 B]
Hit http://localhost unstable/main Sources
Ign http://clang.ecranbleu.org unstable/main Translation-en
Hit http://localhost unstable/main amd64 Packages
Fetched 3970 B in 1s (2645 B/s)
Reading package lists...
+ echo 'Install of clang'
Install of clang
+ apt-get update
Ign http://localhost unstable InRelease
Hit http://localhost unstable Release.gpg
Hit http://localhost unstable Release
Ign http://clang.ecranbleu.org unstable InRelease
Ign http://localhost unstable/main Sources/DiffIndex
Ign http://clang.ecranbleu.org unstable Release.gpg
Hit http://clang.ecranbleu.org unstable Release
Ign http://localhost unstable/main amd64 Packages/DiffIndex
Ign http://clang.ecranbleu.org unstable/main amd64 Packages/DiffIndex
Hit http://localhost unstable/main Translation-en/DiffIndex
Hit http://localhost unstable/main Sources
Hit http://localhost unstable/main amd64 Packages
Hit http://clang.ecranbleu.org unstable/main amd64 Packages
Ign http://clang.ecranbleu.org unstable/main Translation-en
Reading package lists...
+ apt-get install --yes --no-install-recommends --force-yes clang
Reading package lists...
Building dependency tree...
Reading state information...
The following extra packages will be installed:
  clang-3.2 compiler-rt libclang-common-dev libexpat1 libffi5 libllvm3.2
  libncursesw5 libsqlite3-0 libssl1.0.0 mime-support python python-minimal
  python2.7 python2.7-minimal
Suggested packages:
  python-doc python-tk python2.7-doc binfmt-support
Recommended packages:
  llvm-3.2-dev file
The following NEW packages will be installed:
  clang clang-3.2 compiler-rt libclang-common-dev libexpat1 libffi5 libllvm3.2
  libncursesw5 libsqlite3-0 libssl1.0.0 mime-support python python-minimal
  python2.7 python2.7-minimal
0 upgraded, 15 newly installed, 0 to remove and 0 not upgraded.
Need to get 25.3 MB of archives.
After this operation, 70.1 MB of additional disk space will be used.
WARNING: The following packages cannot be authenticated!
  libclang-common-dev compiler-rt clang-3.2 clang
Get:1 http://localhost/debian/ unstable/main libncursesw5 amd64 5.9-10 [141 kB]
Get:2 http://localhost/debian/ unstable/main libssl1.0.0 amd64 1.0.1c-4 [1213 kB]
Get:3 http://localhost/debian/ unstable/main libsqlite3-0 amd64 3.7.15.2-1 [463 kB]
Get:4 http://localhost/debian/ unstable/main libexpat1 amd64 2.1.0-1 [141 kB]
Get:5 http://localhost/debian/ unstable/main libffi5 amd64 3.0.10-3 [24.8 kB]
Get:6 http://localhost/debian/ unstable/main libllvm3.2 amd64 3.2-2 [7865 kB]
Get:7 http://clang.ecranbleu.org/apt/debian/ unstable/main libclang-common-dev amd64 3.2-2 [303 kB]
Get:8 http://localhost/debian/ unstable/main mime-support all 3.52-2 [35.2 kB]
Get:9 http://localhost/debian/ unstable/main python2.7-minimal amd64 2.7.3-6 [1783 kB]
Get:10 http://localhost/debian/ unstable/main python2.7 amd64 2.7.3-6 [2729 kB]
Get:11 http://localhost/debian/ unstable/main python-minimal all 2.7.3-3 [42.5 kB]
Get:12 http://localhost/debian/ unstable/main python all 2.7.3-3 [179 kB]
Get:13 http://clang.ecranbleu.org/apt/debian/ unstable/main compiler-rt amd64 3.2-2 [312 kB]
Get:14 http://clang.ecranbleu.org/apt/debian/ unstable/main clang-3.2 amd64 3.2-2 [10.0 MB]
Get:15 http://clang.ecranbleu.org/apt/debian/ unstable/main clang all 3.2-2 [9558 B]
debconf: delaying package configuration, since apt-utils is not installed
Fetched 25.3 MB in 3s (6395 kB/s)
Selecting previously unselected package libncursesw5:amd64.
(Reading database ... 13484 files and directories currently installed.)
Unpacking libncursesw5:amd64 (from .../libncursesw5_5.9-10_amd64.deb) ...
Selecting previously unselected package libssl1.0.0:amd64.
Unpacking libssl1.0.0:amd64 (from .../libssl1.0.0_1.0.1c-4_amd64.deb) ...
Selecting previously unselected package libsqlite3-0:amd64.
Unpacking libsqlite3-0:amd64 (from .../libsqlite3-0_3.7.15.2-1_amd64.deb) ...
Selecting previously unselected package libexpat1:amd64.
Unpacking libexpat1:amd64 (from .../libexpat1_2.1.0-1_amd64.deb) ...
Selecting previously unselected package libffi5:amd64.
Unpacking libffi5:amd64 (from .../libffi5_3.0.10-3_amd64.deb) ...
Selecting previously unselected package libllvm3.2:amd64.
Unpacking libllvm3.2:amd64 (from .../libllvm3.2_3.2-2_amd64.deb) ...
Selecting previously unselected package mime-support.
Unpacking mime-support (from .../mime-support_3.52-2_all.deb) ...
Selecting previously unselected package python2.7-minimal.
Unpacking python2.7-minimal (from .../python2.7-minimal_2.7.3-6_amd64.deb) ...
Selecting previously unselected package python2.7.
Unpacking python2.7 (from .../python2.7_2.7.3-6_amd64.deb) ...
Selecting previously unselected package python-minimal.
Unpacking python-minimal (from .../python-minimal_2.7.3-3_all.deb) ...
Selecting previously unselected package python.
Unpacking python (from .../python_2.7.3-3_all.deb) ...
Selecting previously unselected package libclang-common-dev.
Unpacking libclang-common-dev (from .../libclang-common-dev_3.2-2_amd64.deb) ...
Selecting previously unselected package compiler-rt.
Unpacking compiler-rt (from .../compiler-rt_3.2-2_amd64.deb) ...
Selecting previously unselected package clang-3.2.
Unpacking clang-3.2 (from .../clang-3.2_3.2-2_amd64.deb) ...
Selecting previously unselected package clang.
Unpacking clang (from .../archives/clang_3.2-2_all.deb) ...
Setting up libncursesw5:amd64 (5.9-10) ...
Setting up libssl1.0.0:amd64 (1.0.1c-4) ...
debconf: unable to initialize frontend: Dialog
debconf: (Dialog frontend will not work on a dumb terminal, an emacs shell buffer, or without a controlling terminal.)
debconf: falling back to frontend: Readline
debconf: unable to initialize frontend: Readline
debconf: (This frontend requires a controlling tty.)
debconf: falling back to frontend: Teletype
Setting up libsqlite3-0:amd64 (3.7.15.2-1) ...
Setting up libexpat1:amd64 (2.1.0-1) ...
Setting up libffi5:amd64 (3.0.10-3) ...
Setting up libllvm3.2:amd64 (3.2-2) ...
Setting up mime-support (3.52-2) ...
Setting up python2.7-minimal (2.7.3-6) ...
Linking and byte-compiling packages for runtime python2.7...
Setting up python2.7 (2.7.3-6) ...
Setting up python-minimal (2.7.3-3) ...
Setting up python (2.7.3-3) ...
Setting up libclang-common-dev (3.2-2) ...
Setting up compiler-rt (3.2-2) ...
Setting up clang-3.2 (3.2-2) ...
Setting up clang (3.2-2) ...
+ echo 'Replace gcc, g++ & cpp by clang'
Replace gcc, g++ & cpp by clang
+ VERSIONS='4.6 4.7'
+ cd /usr/bin
+ for VERSION in '$VERSIONS'
+ rm g++-4.6 gcc-4.6 cpp-4.6
+ ln -s clang++ g++-4.6
+ ln -s clang gcc-4.6
+ ln -s clang cpp-4.6
+ for VERSION in '$VERSIONS'
+ rm g++-4.7 gcc-4.7 cpp-4.7
+ ln -s clang++ g++-4.7
+ ln -s clang gcc-4.7
+ ln -s clang cpp-4.7
+ cd -
/«BUILDDIR»
+ echo 'Block the installation of new gcc version'
Block the installation of new gcc version
+ echo 'gcc-4.6 hold'
+ dpkg --set-selections
+ echo 'cpp-4.6 hold'
+ dpkg --set-selections
+ dpkg --set-selections
+ echo 'g++-4.6 hold'
+ echo 'gcc-4.7 hold'
+ dpkg --set-selections
+ echo 'cpp-4.7 hold'
+ dpkg --set-selections
+ echo 'g++-4.7 hold'
+ dpkg --set-selections
+ echo 'Check if gcc, g++ & cpp are actually clang'
Check if gcc, g++ & cpp are actually clang
+ grep clang
+ gcc --version
+ cpp --version
+ grep clang
+ g++ --version
+ grep clang

I: Finished running '/tmp/switch-to-clang'.

Finished processing commands.
────────────────────────────────────────────────────────────────────────────────
Merged Build-Depends: build-essential, fakeroot
Filtered Build-Depends: build-essential, fakeroot
dpkg-deb: building package `sbuild-build-depends-core-dummy' in `/«BUILDDIR»/resolver-_qjEJH/apt_archive/sbuild-build-depends-core-dummy.deb'.
OK
Reading package lists...

┌──────────────────────────────────────────────────────────────────────────────┐
│ Install core build dependencies (apt-based resolver)                         │
└──────────────────────────────────────────────────────────────────────────────┘

Installing build dependencies
Reading package lists...
Building dependency tree...
Reading state information...
The following NEW packages will be installed:
  sbuild-build-depends-core-dummy
debconf: delaying package configuration, since apt-utils is not installed
0 upgraded, 1 newly installed, 0 to remove and 0 not upgraded.
Need to get 0 B/708 B of archives.
After this operation, 0 B of additional disk space will be used.
Selecting previously unselected package sbuild-build-depends-core-dummy.
(Reading database ... 14662 files and directories currently installed.)
Unpacking sbuild-build-depends-core-dummy (from .../sbuild-build-depends-core-dummy.deb) ...
Setting up sbuild-build-depends-core-dummy (0.invalid.0) ...
Merged Build-Depends: base-files, base-passwd, bash, bsdutils, coreutils, dash, debianutils, diffutils, dpkg, e2fsprogs, findutils, grep, gzip, hostname, libc-bin, login, mount, ncurses-base, ncurses-bin, perl-base, sed, sysvinit, sysvinit-utils, tar, util-linux, libc6-dev | libc-dev, gcc (>= 4:4.4.3), g++ (>= 4:4.4.3), make, dpkg-dev (>= 1.13.5), debhelper (>= 4.2.0), libident-dev, libncurses5-dev
Filtered Build-Depends: base-files, base-passwd, bash, bsdutils, coreutils, dash, debianutils, diffutils, dpkg, e2fsprogs, findutils, grep, gzip, hostname, libc-bin, login, mount, ncurses-base, ncurses-bin, perl-base, sed, sysvinit, sysvinit-utils, tar, util-linux, libc6-dev, gcc (>= 4:4.4.3), g++ (>= 4:4.4.3), make, dpkg-dev (>= 1.13.5), debhelper (>= 4.2.0), libident-dev, libncurses5-dev
dpkg-deb: building package `sbuild-build-depends-socks4-server-dummy' in `/«BUILDDIR»/resolver-Jz3YdY/apt_archive/sbuild-build-depends-socks4-server-dummy.deb'.
OK
Reading package lists...

┌──────────────────────────────────────────────────────────────────────────────┐
│ Install socks4-server build dependencies (apt-based resolver)                │
└──────────────────────────────────────────────────────────────────────────────┘

Installing build dependencies
Reading package lists...
Building dependency tree...
Reading state information...
The following extra packages will be installed:
  bsdmainutils debhelper file gettext gettext-base groff-base html2text
  intltool-debian libasprintf-dev libasprintf0c2 libcroco3 libgettextpo-dev
  libgettextpo0 libglib2.0-0 libident libident-dev libmagic1 libncurses5-dev
  libpcre3 libpipeline1 libtinfo-dev libunistring0 libxml2 man-db po-debconf
Suggested packages:
  wamerican wordlist whois vacation dh-make gettext-doc groff ncurses-doc less
  www-browser libmail-box-perl
Recommended packages:
  curl wget lynx-cur autopoint libglib2.0-data shared-mime-info xml-core
  libmail-sendmail-perl
The following NEW packages will be installed:
  bsdmainutils debhelper file gettext gettext-base groff-base html2text
  intltool-debian libasprintf-dev libasprintf0c2 libcroco3 libgettextpo-dev
  libgettextpo0 libglib2.0-0 libident libident-dev libmagic1 libncurses5-dev
  libpcre3 libpipeline1 libtinfo-dev libunistring0 libxml2 man-db po-debconf
  sbuild-build-depends-socks4-server-dummy
0 upgraded, 26 newly installed, 0 to remove and 0 not upgraded.
Need to get 9466 kB/9467 kB of archives.
After this operation, 27.5 MB of additional disk space will be used.
Get:1 http://localhost/debian/ unstable/main libpipeline1 amd64 1.2.2-1 [39.9 kB]
Get:2 http://localhost/debian/ unstable/main groff-base amd64 1.22.1-2 [741 kB]
Get:3 http://localhost/debian/ unstable/main bsdmainutils amd64 9.0.4 [210 kB]
Get:4 http://localhost/debian/ unstable/main man-db amd64 2.6.3-3 [898 kB]
Get:5 http://localhost/debian/ unstable/main libasprintf0c2 amd64 0.18.1.1-10 [27.2 kB]
Get:6 http://localhost/debian/ unstable/main libmagic1 amd64 5.11-2 [202 kB]
Get:7 http://localhost/debian/ unstable/main libpcre3 amd64 1:8.31-2 [247 kB]
Get:8 http://localhost/debian/ unstable/main libxml2 amd64 2.8.0+dfsg1-7 [903 kB]
Get:9 http://localhost/debian/ unstable/main libglib2.0-0 amd64 2.33.12+really2.32.4-5 [1838 kB]
Get:10 http://localhost/debian/ unstable/main libcroco3 amd64 0.6.6-2 [134 kB]
Get:11 http://localhost/debian/ unstable/main libunistring0 amd64 0.9.3-5 [434 kB]
Get:12 http://localhost/debian/ unstable/main libgettextpo0 amd64 0.18.1.1-10 [145 kB]
Get:13 http://localhost/debian/ unstable/main file amd64 5.11-2 [51.8 kB]
Get:14 http://localhost/debian/ unstable/main gettext-base amd64 0.18.1.1-10 [154 kB]
Get:15 http://localhost/debian/ unstable/main html2text amd64 1.3.2a-15 [103 kB]
Get:16 http://localhost/debian/ unstable/main libasprintf-dev amd64 0.18.1.1-10 [26.8 kB]
Get:17 http://localhost/debian/ unstable/main libgettextpo-dev amd64 0.18.1.1-10 [184 kB]
Get:18 http://localhost/debian/ unstable/main gettext amd64 0.18.1.1-10 [1815 kB]
Get:19 http://localhost/debian/ unstable/main intltool-debian all 0.35.0+20060710.1 [30.8 kB]
Get:20 http://localhost/debian/ unstable/main po-debconf all 1.0.16+nmu2 [224 kB]
Get:21 http://localhost/debian/ unstable/main debhelper all 9.20120909 [705 kB]
Get:22 http://localhost/debian/ unstable/main libident amd64 0.22-3 [14.3 kB]
Get:23 http://localhost/debian/ unstable/main libident-dev amd64 0.22-3 [9276 B]
Get:24 http://localhost/debian/ unstable/main libtinfo-dev amd64 5.9-10 [105 kB]
Get:25 http://localhost/debian/ unstable/main libncurses5-dev amd64 5.9-10 [223 kB]
debconf: delaying package configuration, since apt-utils is not installed
Fetched 9466 kB in 0s (17.6 MB/s)
Selecting previously unselected package libpipeline1:amd64.
(Reading database ... 14662 files and directories currently installed.)
Unpacking libpipeline1:amd64 (from .../libpipeline1_1.2.2-1_amd64.deb) ...
Selecting previously unselected package groff-base.
Unpacking groff-base (from .../groff-base_1.22.1-2_amd64.deb) ...
Selecting previously unselected package bsdmainutils.
Unpacking bsdmainutils (from .../bsdmainutils_9.0.4_amd64.deb) ...
Selecting previously unselected package man-db.
Unpacking man-db (from .../man-db_2.6.3-3_amd64.deb) ...
Selecting previously unselected package libasprintf0c2:amd64.
Unpacking libasprintf0c2:amd64 (from .../libasprintf0c2_0.18.1.1-10_amd64.deb) ...
Selecting previously unselected package libmagic1:amd64.
Unpacking libmagic1:amd64 (from .../libmagic1_5.11-2_amd64.deb) ...
Selecting previously unselected package libpcre3:amd64.
Unpacking libpcre3:amd64 (from .../libpcre3_1%3a8.31-2_amd64.deb) ...
Selecting previously unselected package libxml2:amd64.
Unpacking libxml2:amd64 (from .../libxml2_2.8.0+dfsg1-7_amd64.deb) ...
Selecting previously unselected package libglib2.0-0:amd64.
Unpacking libglib2.0-0:amd64 (from .../libglib2.0-0_2.33.12+really2.32.4-5_amd64.deb) ...
Selecting previously unselected package libcroco3:amd64.
Unpacking libcroco3:amd64 (from .../libcroco3_0.6.6-2_amd64.deb) ...
Selecting previously unselected package libunistring0:amd64.
Unpacking libunistring0:amd64 (from .../libunistring0_0.9.3-5_amd64.deb) ...
Selecting previously unselected package libgettextpo0:amd64.
Unpacking libgettextpo0:amd64 (from .../libgettextpo0_0.18.1.1-10_amd64.deb) ...
Selecting previously unselected package file.
Unpacking file (from .../archives/file_5.11-2_amd64.deb) ...
Selecting previously unselected package gettext-base.
Unpacking gettext-base (from .../gettext-base_0.18.1.1-10_amd64.deb) ...
Selecting previously unselected package html2text.
Unpacking html2text (from .../html2text_1.3.2a-15_amd64.deb) ...
Selecting previously unselected package libasprintf-dev:amd64.
Unpacking libasprintf-dev:amd64 (from .../libasprintf-dev_0.18.1.1-10_amd64.deb) ...
Selecting previously unselected package libgettextpo-dev:amd64.
Unpacking libgettextpo-dev:amd64 (from .../libgettextpo-dev_0.18.1.1-10_amd64.deb) ...
Selecting previously unselected package gettext.
Unpacking gettext (from .../gettext_0.18.1.1-10_amd64.deb) ...
Selecting previously unselected package intltool-debian.
Unpacking intltool-debian (from .../intltool-debian_0.35.0+20060710.1_all.deb) ...
Selecting previously unselected package po-debconf.
Unpacking po-debconf (from .../po-debconf_1.0.16+nmu2_all.deb) ...
Selecting previously unselected package debhelper.
Unpacking debhelper (from .../debhelper_9.20120909_all.deb) ...
Selecting previously unselected package libident.
Unpacking libident (from .../libident_0.22-3_amd64.deb) ...
Selecting previously unselected package libident-dev.
Unpacking libident-dev (from .../libident-dev_0.22-3_amd64.deb) ...
Selecting previously unselected package libtinfo-dev:amd64.
Unpacking libtinfo-dev:amd64 (from .../libtinfo-dev_5.9-10_amd64.deb) ...
Selecting previously unselected package libncurses5-dev.
Unpacking libncurses5-dev (from .../libncurses5-dev_5.9-10_amd64.deb) ...
Selecting previously unselected package sbuild-build-depends-socks4-server-dummy.
Unpacking sbuild-build-depends-socks4-server-dummy (from .../sbuild-build-depends-socks4-server-dummy.deb) ...
Processing triggers for mime-support ...
Setting up libpipeline1:amd64 (1.2.2-1) ...
Setting up groff-base (1.22.1-2) ...
Setting up bsdmainutils (9.0.4) ...
update-alternatives: using /usr/bin/bsd-write to provide /usr/bin/write (write) in auto mode
update-alternatives: using /usr/bin/bsd-from to provide /usr/bin/from (from) in auto mode
Setting up man-db (2.6.3-3) ...
Building database of manual pages ...
Setting up libasprintf0c2:amd64 (0.18.1.1-10) ...
Setting up libmagic1:amd64 (5.11-2) ...
Setting up libpcre3:amd64 (1:8.31-2) ...
Setting up libxml2:amd64 (2.8.0+dfsg1-7) ...
Setting up libglib2.0-0:amd64 (2.33.12+really2.32.4-5) ...
No schema files found: doing nothing.
Setting up libcroco3:amd64 (0.6.6-2) ...
Setting up libunistring0:amd64 (0.9.3-5) ...
Setting up libgettextpo0:amd64 (0.18.1.1-10) ...
Setting up file (5.11-2) ...
Setting up gettext-base (0.18.1.1-10) ...
Setting up html2text (1.3.2a-15) ...
Setting up libasprintf-dev:amd64 (0.18.1.1-10) ...
Setting up libgettextpo-dev:amd64 (0.18.1.1-10) ...
Setting up gettext (0.18.1.1-10) ...
Setting up intltool-debian (0.35.0+20060710.1) ...
Setting up po-debconf (1.0.16+nmu2) ...
Setting up debhelper (9.20120909) ...
Setting up libident (0.22-3) ...
Setting up libident-dev (0.22-3) ...
Setting up libtinfo-dev:amd64 (5.9-10) ...
Setting up libncurses5-dev (5.9-10) ...
Setting up sbuild-build-depends-socks4-server-dummy (0.invalid.0) ...

┌──────────────────────────────────────────────────────────────────────────────┐
│ Build environment                                                            │
└──────────────────────────────────────────────────────────────────────────────┘

Kernel: Linux 2.6.32-5-xen-amd64 amd64 (x86_64)
Toolchain package versions: binutils_2.22-7.1 dpkg-dev_1.16.9 g++-4.6_4.6.3-15 g++-4.7_4.7.2-5 gcc-4.6_4.6.3-15 gcc-4.7_4.7.2-5 libc6-dev_2.13-38 libstdc++6_4.7.2-5 libstdc++6-4.6-dev_4.6.3-15 libstdc++6-4.7-dev_4.7.2-5 linux-libc-dev_3.2.35-2
Package versions: apt_0.9.7.7 base-files_7.1 base-passwd_3.5.26 bash_4.2+dfsg-0.1 binutils_2.22-7.1 bsdmainutils_9.0.4 bsdutils_1:2.20.1-5.3 build-essential_11.6 bzip2_1.0.6-4 clang_3.2-2 clang-3.2_3.2-2 compiler-rt_3.2-2 coreutils_8.20-3 cpp_4:4.7.2-1 cpp-4.6_4.6.3-15 cpp-4.7_4.7.2-5 dash_0.5.7-3 debconf_1.5.49 debconf-i18n_1.5.49 debfoster_2.7-1.2 debhelper_9.20120909 debian-archive-keyring_2012.4 debianutils_4.3.4 diffutils_1:3.2-7 dpkg_1.16.9 dpkg-dev_1.16.9 e2fslibs_1.42.5-1 e2fsprogs_1.42.5-1 fakeroot_1.18.4-2 file_5.11-2 findutils_4.4.2-5 g++_4:4.7.2-1 g++-4.6_4.6.3-15 g++-4.7_4.7.2-5 gcc_4:4.7.2-1 gcc-4.4-base_4.4.7-3 gcc-4.5-base_4.5.4-1 gcc-4.6_4.6.3-15 gcc-4.6-base_4.6.3-15 gcc-4.7_4.7.2-5 gcc-4.7-base_4.7.2-5 gettext_0.18.1.1-10 gettext-base_0.18.1.1-10 gnupg_1.4.12-7 gpgv_1.4.12-7 grep_2.14-1 groff-base_1.22.1-2 gzip_1.5-1.1 hostname_3.12 html2text_1.3.2a-15 initscripts_2.88dsf-39 insserv_1.14.0-5 intltool-debian_0.35.0+20060710.1 libacl1_2.2.51-8 libapt-pkg4.12_0.9.7.7 libasprintf-dev_0.18.1.1-10 libasprintf0c2_0.18.1.1-10 libattr1_1:2.4.46-8 libblkid1_2.20.1-5.3 libbz2-1.0_1.0.6-4 libc-bin_2.13-38 libc-dev-bin_2.13-38 libc6_2.13-38 libc6-dev_2.13-38 libclang-common-dev_3.2-2 libclass-isa-perl_0.36-5 libcomerr2_1.42.5-1 libcroco3_0.6.6-2 libdb5.1_5.1.29-5 libdpkg-perl_1.16.9 libexpat1_2.1.0-1 libffi5_3.0.10-3 libfile-fcntllock-perl_0.14-2 libgc1c2_1:7.1-9.1 libgcc1_1:4.7.2-5 libgdbm3_1.8.3-11 libgettextpo-dev_0.18.1.1-10 libgettextpo0_0.18.1.1-10 libglib2.0-0_2.33.12+really2.32.4-5 libgmp10_2:5.0.5+dfsg-2 libgomp1_4.7.2-5 libgpm2_1.20.4-6 libident_0.22-3 libident-dev_0.22-3 libitm1_4.7.2-5 libllvm3.2_3.2-2 liblocale-gettext-perl_1.05-7+b1 liblzma5_5.1.1alpha+20120614-2 libmagic1_5.11-2 libmount1_2.20.1-5.3 libmpc2_0.9-4 libmpfr4_3.1.0-5 libncurses5_5.9-10 libncurses5-dev_5.9-10 libncursesw5_5.9-10 libpam-modules_1.1.3-7.1 libpam-modules-bin_1.1.3-7.1 libpam-runtime_1.1.3-7.1 libpam0g_1.1.3-7.1 libpcre3_1:8.31-2 libpipeline1_1.2.2-1 libquadmath0_4.7.2-5 libreadline6_6.2+dfsg-0.1 libselinux1_2.1.9-5 libsemanage-common_2.1.6-6 libsemanage1_2.1.6-6 libsepol1_2.1.4-3 libslang2_2.2.4-15 libsqlite3-0_3.7.15.2-1 libss2_1.42.5-1 libssl1.0.0_1.0.1c-4 libstdc++6_4.7.2-5 libstdc++6-4.6-dev_4.6.3-15 libstdc++6-4.7-dev_4.7.2-5 libswitch-perl_2.16-2 libtext-charwidth-perl_0.04-7+b1 libtext-iconv-perl_1.7-5 libtext-wrapi18n-perl_0.06-7 libtimedate-perl_1.2000-1 libtinfo-dev_5.9-10 libtinfo5_5.9-10 libunistring0_0.9.3-5 libusb-0.1-4_2:0.1.12-23+nmu1 libustr-1.0-1_1.0.4-3 libuuid1_2.20.1-5.3 libxml2_2.8.0+dfsg1-7 linux-libc-dev_3.2.35-2 login_1:4.1.5.1-1 lsb-base_4.1+Debian9 make_3.81-8.2 man-db_2.6.3-3 mawk_1.3.3-17 mime-support_3.52-2 mount_2.20.1-5.3 multiarch-support_2.13-38 ncurses-base_5.9-10 ncurses-bin_5.9-10 passwd_1:4.1.5.1-1 patch_2.6.1-3 perl_5.14.2-17 perl-base_5.14.2-17 perl-modules_5.14.2-17 po-debconf_1.0.16+nmu2 python_2.7.3-3 python-minimal_2.7.3-3 python2.7_2.7.3-6 python2.7-minimal_2.7.3-6 readline-common_6.2+dfsg-0.1 sbuild-build-depends-core-dummy_0.invalid.0 sbuild-build-depends-socks4-server-dummy_0.invalid.0 sed_4.2.1-10 sensible-utils_0.0.7 sudo_1.8.5p2-1 sysv-rc_2.88dsf-39 sysvinit_2.88dsf-39 sysvinit-utils_2.88dsf-39 tar_1.26+dfsg-0.1 tzdata_2012j-1 ucf_3.0025+nmu3 util-linux_2.20.1-5.3 vim_2:7.3.547-6 vim-common_2:7.3.547-6 vim-runtime_2:7.3.547-6 xz-utils_5.1.1alpha+20120614-2 zlib1g_1:1.2.7.dfsg-13

┌──────────────────────────────────────────────────────────────────────────────┐
│ Build                                                                        │
└──────────────────────────────────────────────────────────────────────────────┘


Unpack source
─────────────

gpgv: keyblock resource `/sbuild-nonexistent/.gnupg/trustedkeys.gpg': file open error
gpgv: Signature made Mon Sep 19 16:29:41 2011 UTC using RSA key ID 7D86500B
gpgv: Can't check signature: public key not found
dpkg-source: warning: failed to verify signature on ./socks4-server_4.3.beta2-18.dsc
dpkg-source: info: extracting socks4-server in socks4-server-4.3.beta2
dpkg-source: info: unpacking socks4-server_4.3.beta2.orig.tar.gz
dpkg-source: info: applying socks4-server_4.3.beta2-18.diff.gz
dpkg-source: info: upstream files that have been modified: 
 socks4-server-4.3.beta2/Makefile
 socks4-server-4.3.beta2/doc/sockd.8
 socks4-server-4.3.beta2/include/socks.h
 socks4-server-4.3.beta2/lib/Makefile
 socks4-server-4.3.beta2/lib/Rconnect.c
 socks4-server-4.3.beta2/lib/Rconnect.c,v
 socks4-server-4.3.beta2/libident/id_open.c
 socks4-server-4.3.beta2/libident/id_open.c,v
 socks4-server-4.3.beta2/mkfc/Makefile
 socks4-server-4.3.beta2/rfinger/Makefile
 socks4-server-4.3.beta2/rfinger/finger.c
 socks4-server-4.3.beta2/rftp/Makefile
 socks4-server-4.3.beta2/rftp/cmds.c
 socks4-server-4.3.beta2/rftp/domacro.c
 socks4-server-4.3.beta2/rftp/ftp.c
 socks4-server-4.3.beta2/rftp/ftp_var.h
 socks4-server-4.3.beta2/rftp/glob.c
 socks4-server-4.3.beta2/rftp/ruserpass.c
 socks4-server-4.3.beta2/rtelnet/Config.local
 socks4-server-4.3.beta2/rtelnet/Makefile
 socks4-server-4.3.beta2/rtelnet/libtelnet/Makefile
 socks4-server-4.3.beta2/rtelnet/telnet/Makefile
 socks4-server-4.3.beta2/rtelnet/telnet/commands.c
 socks4-server-4.3.beta2/rtelnet/telnet/externs.h
 socks4-server-4.3.beta2/rtelnet/telnet/sys_bsd.c
 socks4-server-4.3.beta2/runsocks/Makefile
 socks4-server-4.3.beta2/runsocks/README.runsocks
 socks4-server-4.3.beta2/runsocks/accept.c
 socks4-server-4.3.beta2/runsocks/bind.c
 socks4-server-4.3.beta2/runsocks/connect.c
 socks4-server-4.3.beta2/runsocks/gethostbyname.c
 socks4-server-4.3.beta2/runsocks/listen.c
 socks4-server-4.3.beta2/runsocks/runsocks
 socks4-server-4.3.beta2/runsocks/wrap.c
 socks4-server-4.3.beta2/runsocks/wrap.h
 socks4-server-4.3.beta2/sockd/Makefile

Check disc space
────────────────

Sufficient free space for build

User Environment
────────────────

HOME=/sbuild-nonexistent
LOGNAME=user
PATH=/usr/local/sbin:/usr/local/bin:/usr/sbin:/usr/bin:/sbin:/bin:/usr/games
SCHROOT_CHROOT_NAME=unstable-amd64-sbuild
SCHROOT_COMMAND=env
SCHROOT_GID=1000
SCHROOT_GROUP=user
SCHROOT_SESSION_ID=unstable-amd64-sbuild-00554290-bfed-42ea-8d94-1535a55bbe7c
SCHROOT_UID=1000
SCHROOT_USER=user
SHELL=/bin/sh
USER=user

dpkg-buildpackage
─────────────────

dpkg-buildpackage: source package socks4-server
dpkg-buildpackage: source version 4.3.beta2-18
dpkg-buildpackage: source changed by Colin Watson <cjwatson@debian.org>
 dpkg-source --before-build socks4-server-4.3.beta2
dpkg-buildpackage: host architecture amd64
 fakeroot debian/rules clean
dh_testdir
dh_testroot
rm -f build-stamp install-stamp
make clean
make[1]: Entering directory `/«PKGBUILDDIR»'
for i in lib libident sockd rfinger rftp rtelnet runsocks mkfc; do \
		( cd $i ; make clean); done
make[2]: Entering directory `/«PKGBUILDDIR»/lib'
/«PKGBUILDDIR»/lib
rm -f *.o *.lo libsocks.a libsocks.so* core
make[2]: Leaving directory `/«PKGBUILDDIR»/lib'
make[2]: Entering directory `/«PKGBUILDDIR»/libident'
/«PKGBUILDDIR»/libident
rm -f libident.a *~ core *.o \#*
make[2]: Leaving directory `/«PKGBUILDDIR»/libident'
make[2]: Entering directory `/«PKGBUILDDIR»/sockd'
/«PKGBUILDDIR»/sockd
rm -f *.o libsockd.a sockd rsockd core
make[2]: Leaving directory `/«PKGBUILDDIR»/sockd'
make[2]: Entering directory `/«PKGBUILDDIR»/rfinger'
/«PKGBUILDDIR»/rfinger
rm -f finger.o rwhois rfinger core
make[2]: Leaving directory `/«PKGBUILDDIR»/rfinger'
make[2]: Entering directory `/«PKGBUILDDIR»/rftp'
/«PKGBUILDDIR»/rftp
rm -f cmds.o cmdtab.o ftp.o glob.o main.o ruserpass.o domacro.o core rftp
make[2]: Leaving directory `/«PKGBUILDDIR»/rftp'
make[2]: Entering directory `/«PKGBUILDDIR»/rtelnet'
/«PKGBUILDDIR»/rtelnet
rm -f rtelnet
cd libtelnet; make -f Makefile.generic clean
make[3]: Entering directory `/«PKGBUILDDIR»/rtelnet/libtelnet'
rm -f *.o libtelnet.a core a.out
make[3]: Leaving directory `/«PKGBUILDDIR»/rtelnet/libtelnet'
cd telnet; make -f Makefile.generic clean
make[3]: Entering directory `/«PKGBUILDDIR»/rtelnet/telnet'
rm -f authenc.o commands.o main.o network.o ring.o sys_bsd.o telnet.o terminal.o utilities.o  core errs l.errs ../rtelnet
make[3]: Leaving directory `/«PKGBUILDDIR»/rtelnet/telnet'
make[2]: Leaving directory `/«PKGBUILDDIR»/rtelnet'
make[2]: Entering directory `/«PKGBUILDDIR»/runsocks'
rm -f *.o *.so
make[2]: Leaving directory `/«PKGBUILDDIR»/runsocks'
make[2]: Entering directory `/«PKGBUILDDIR»/mkfc'
/«PKGBUILDDIR»/mkfc
rm -rf make_socksfc make_sockdfc make_sockdfr dump_socksfc dump_sockdfc dump_sockdfr *.o core
make[2]: Leaving directory `/«PKGBUILDDIR»/mkfc'
make[1]: Leaving directory `/«PKGBUILDDIR»'
rm -f `find . -name "*~"`
rm -rf debian/socks4-server debian/libsocks4 debian/socks4-clients `find debian/* -type d` debian/files* core
rm -f debian/*substvars
dh_clean
dpkg-buildpackage: warning: debian/rules must be updated to support the 'build-arch' and 'build-indep' targets (at least 'build-arch' seems to be missing)
 debian/rules build
dh_testdir
make
make[1]: Entering directory `/«PKGBUILDDIR»'
(cd lib; make CC="gcc" GETPASS="getpass.o" \
		STRDUP="" OPTIMIZE="-g" \
		OTHER_CFLAGS="-DLINUX          " \
		RANLIB="ranlib")
make[2]: Entering directory `/«PKGBUILDDIR»/lib'
/«PKGBUILDDIR»/lib
gcc -I../include -g -DLINUX             -c -o Rconnect.o Rconnect.c
Rconnect.c:124:3: error: non-void function 'SOCKSinit' should return a value [-Wreturn-type]
                return;
                ^
Rconnect.c:144:2: warning: implicit declaration of function 'gethostname' is invalid in C99 [-Wimplicit-function-declaration]
        gethostname(socks_src_name, sizeof(socks_src_name));
        ^
Rconnect.c:145:6: warning: implicit declaration of function 'socks_host' is invalid in C99 [-Wimplicit-function-declaration]
        if (socks_host(socks_src_name, &socks_srcsh) < 0) {
            ^
Rconnect.c:150:3: warning: implicitly declaring library function 'exit' with type 'void (int) __attribute__((noreturn))'
                exit(1);
                ^
Rconnect.c:150:3: note: please include the header <stdlib.h> or explicitly provide a declaration for 'exit'
Rconnect.c:152:37: warning: using the result of an assignment as a condition without parentheses [-Wparentheses]
        if (socks_srcsh.shipaddr[0].s_addr = 0) {
            ~~~~~~~~~~~~~~~~~~~~~~~~~~~~~~~^~~
Rconnect.c:152:37: note: place parentheses around the assignment to silence this warning
        if (socks_srcsh.shipaddr[0].s_addr = 0) {
                                           ^
            (                                 )
Rconnect.c:152:37: note: use '==' to turn this assignment into an equality comparison
        if (socks_srcsh.shipaddr[0].s_addr = 0) {
                                           ^
                                           ==
Rconnect.c:165:25: warning: implicit declaration of function 'geteuid' is invalid in C99 [-Wimplicit-function-declaration]
        if ((pw = getpwuid(uid=geteuid())) == NULL) {
                               ^
Rconnect.c:244:13: warning: data argument not used by format string [-Wformat-extra-args]
                        RELEASE, socks_def_server);
                                 ^
Rconnect.c:260:10: warning: implicit declaration of function 'socks_rdfz' is invalid in C99 [-Wimplicit-function-declaration]
                socks_rdfz(SOCKS_FC, &scfAddr, &Nscf, &cfStrings, socks_useSyslog);
                ^
Rconnect.c:262:10: warning: implicit declaration of function 'socks_rdconf' is invalid in C99 [-Wimplicit-function-declaration]
                socks_rdconf(SOCKS_CONF, &scfAddr, &Nscf, socks_useSyslog);
                ^
Rconnect.c:280:22: warning: using the result of an assignment as a condition without parentheses [-Wparentheses]
        while (socks_server = socks_serverlist) {
               ~~~~~~~~~~~~~^~~~~~~~~~~~~~~~~~
Rconnect.c:280:22: note: place parentheses around the assignment to silence this warning
        while (socks_server = socks_serverlist) {
                            ^
               (                              )
Rconnect.c:280:22: note: use '==' to turn this assignment into an equality comparison
        while (socks_server = socks_serverlist) {
                            ^
                            ==
Rconnect.c:281:24: warning: using the result of an assignment as a condition without parentheses [-Wparentheses]
                if (socks_serverlist = index(socks_serverlist, ','))
                    ~~~~~~~~~~~~~~~~~^~~~~~~~~~~~~~~~~~~~~~~~~~~~~~
Rconnect.c:281:24: note: place parentheses around the assignment to silence this warning
                if (socks_serverlist = index(socks_serverlist, ','))
                                     ^
                    (                                              )
Rconnect.c:281:24: note: use '==' to turn this assignment into an equality comparison
                if (socks_serverlist = index(socks_serverlist, ','))
                                     ^
                                     ==
Rconnect.c:283:7: warning: implicit declaration of function 'socks_GetQuad' is invalid in C99 [-Wimplicit-function-declaration]
                if (socks_GetQuad(socks_server, &socks_nsin.sin_addr) != -1) {
                    ^
Rconnect.c:298:9: warning: implicit declaration of function 'dup2' is invalid in C99 [-Wimplicit-function-declaration]
                                if (dup2(new_sock, sock) < 0) {
                                    ^
Rconnect.c:299:6: warning: implicit declaration of function 'close' is invalid in C99 [-Wimplicit-function-declaration]
                                        close(new_sock);
                                        ^
Rconnect.c:353:11: warning: implicit declaration of function 'write' is invalid in C99 [-Wimplicit-function-declaration]
                if((n = write(s, p, i)) <= 0) {
                        ^
Rconnect.c:371:13: warning: implicit declaration of function 'socks_SendDst' is invalid in C99 [-Wimplicit-function-declaration]
        if ((sta = socks_SendDst(s, dst)) < 0) {
                   ^
Rconnect.c:397:13: warning: implicit declaration of function 'socks_GetDst' is invalid in C99 [-Wimplicit-function-declaration]
        if ((sta = socks_GetDst(s, dst)) < 0) {
                   ^
Rconnect.c:420:2: warning: implicit declaration of function 'alarm' is invalid in C99 [-Wimplicit-function-declaration]
        alarm(CLIENT_CONN_TIMEOUT);
        ^
Rconnect.c:465:7: warning: implicit declaration of function 'socks_IPtohost' is invalid in C99 [-Wimplicit-function-declaration]
                if (socks_IPtohost(&sin->sin_addr, &socks_dstsh) < 0) {
                    ^
Rconnect.c:474:20: warning: using the result of an assignment as a condition without parentheses [-Wparentheses]
        } else if (status = socks_conn_code) {
                   ~~~~~~~^~~~~~~~~~~~~~~~~
Rconnect.c:474:20: note: place parentheses around the assignment to silence this warning
        } else if (status = socks_conn_code) {
                          ^
                   (                       )
Rconnect.c:474:20: note: use '==' to turn this assignment into an equality comparison
        } else if (status = socks_conn_code) {
                          ^
                          ==
Rconnect.c:538:18: warning: implicit declaration of function 'socks_ckcf' is invalid in C99 [-Wimplicit-function-declaration]
                socks_direct = socks_ckcf(&socks_srcsh, &socks_dstsh, scfAddr, Nscf, socks_useSyslog);
                               ^
Rconnect.c:581:22: warning: implicit declaration of function 'fork' is invalid in C99 [-Wimplicit-function-declaration]
        switch (child_pid = fork()) {
                            ^
21 warnings and 1 error generated.
make[2]: *** [Rconnect.o] Error 1
make[2]: Leaving directory `/«PKGBUILDDIR»/lib'
make[1]: *** [LIB] Error 2
make[1]: Leaving directory `/«PKGBUILDDIR»'
make: *** [build-stamp] Error 2
dpkg-buildpackage: error: debian/rules build gave error exit status 2
────────────────────────────────────────────────────────────────────────────────
Build finished at 20130131-1913

Finished
────────

E: Build failure (dpkg-buildpackage died)

┌──────────────────────────────────────────────────────────────────────────────┐
│ Cleanup                                                                      │
└──────────────────────────────────────────────────────────────────────────────┘

Purging /«BUILDDIR»
Not cleaning session: cloned chroot in use

┌──────────────────────────────────────────────────────────────────────────────┐
│ Summary                                                                      │
└──────────────────────────────────────────────────────────────────────────────┘

Architecture: amd64
Build-Space: 1468
Build-Time: 2
Distribution: unstable
Fail-Stage: build
Install-Time: 8
Job: socks4-server_4.3.beta2-18
Package: socks4-server
Package-Time: 36
Source-Version: 4.3.beta2-18
Space: 1468
Status: attempted
Version: 4.3.beta2-18
────────────────────────────────────────────────────────────────────────────────
Finished at 20130131-1913
Build needed 00:00:36, 1468k disc space
DC-Status: Failed 36.457656s
