DC-Build-Header: xen-api 1.3.2-14 / Sat Feb 02 02:45:53 +0000 2013
DC-Task: logfile:/tmp/xen-api_1.3.2-14_unstable_clang.log version:1.3.2-14 modes:binary-only:clang chroot:unstable source:xen-api esttime:1192 architecture:any
DC-Sbuild-call: su user -c 'sbuild -n --apt-update -d unstable -v  --chroot-setup-commands=/tmp/switch-to-clang xen-api_1.3.2-14'
Could not create '/sbuild-nonexistent/logs': No such file or directory
Could not create '/sbuild-nonexistent/logs': No such file or directory
sbuild (Debian sbuild) 0.62.5 (13 Jul 2011) on ip-10-28-230-68.ec2.internal

╔══════════════════════════════════════════════════════════════════════════════╗
║ xen-api 1.3.2-14 (amd64)                                   02 Feb 2013 02:45 ║
╚══════════════════════════════════════════════════════════════════════════════╝

Package: xen-api
Version: 1.3.2-14
Source Version: 1.3.2-14
Distribution: unstable
Architecture: amd64

I: NOTICE: Log filtering will replace 'build/xen-api-A_tT6W/xen-api-1.3.2' with '«PKGBUILDDIR»'
I: NOTICE: Log filtering will replace 'build/xen-api-A_tT6W' with '«BUILDDIR»'
I: NOTICE: Log filtering will replace 'var/lib/schroot/mount/unstable-amd64-sbuild-f5ee87d8-9f0f-476a-8229-e2df7ceb9b11' with '«CHROOT»'

┌──────────────────────────────────────────────────────────────────────────────┐
│ Update chroot                                                                │
└──────────────────────────────────────────────────────────────────────────────┘

Ign http://localhost unstable InRelease
Get:1 http://localhost unstable Release.gpg [836 B]
Get:2 http://localhost unstable Release [227 kB]
Ign http://localhost unstable/main Sources/DiffIndex
Ign http://localhost unstable/main amd64 Packages/DiffIndex
Get:3 http://localhost unstable/main Translation-en/DiffIndex [7876 B]
Get:4 http://localhost unstable/main 2013-02-01-2012.11.pdiff [40 B]
Get:5 http://localhost unstable/main 2013-02-01-2012.11.pdiff [40 B]
Get:6 http://localhost unstable/main Sources [8235 kB]
Get:7 http://localhost unstable/main amd64 Packages [8278 kB]
Fetched 16.7 MB in 11s (1421 kB/s)
Reading package lists...
Reading package lists...
Building dependency tree...
Reading state information...
0 upgraded, 0 newly installed, 0 to remove and 0 not upgraded.

┌──────────────────────────────────────────────────────────────────────────────┐
│ Fetch source files                                                           │
└──────────────────────────────────────────────────────────────────────────────┘


Check APT
─────────

Checking available source versions...

Download source files with APT
──────────────────────────────

Reading package lists...
Building dependency tree...
Reading state information...
NOTICE: 'xen-api' packaging is maintained in the 'Git' version control system at:
http://anonscm.debian.org/git/pkg-xen/xen-api.git
Need to get 2676 kB of source archives.
Get:1 http://localhost/debian/ unstable/main xen-api 1.3.2-14 (dsc) [1990 B]
Get:2 http://localhost/debian/ unstable/main xen-api 1.3.2-14 (tar) [2608 kB]
Get:3 http://localhost/debian/ unstable/main xen-api 1.3.2-14 (diff) [66.2 kB]
Fetched 2676 kB in 0s (5328 kB/s)
Download complete and in download only mode

Check arch
──────────


┌──────────────────────────────────────────────────────────────────────────────┐
│ Chroot Setup Commands                                                        │
└──────────────────────────────────────────────────────────────────────────────┘


/tmp/switch-to-clang
────────────────────

+ echo 'Entering customization script...'
Entering customization script...
+ echo 'Add an unstable version of clang as repository'
Add an unstable version of clang as repository
+ echo deb http://clang.ecranbleu.org/apt/debian unstable main
+ apt-get update
Ign http://localhost unstable InRelease
Hit http://localhost unstable Release.gpg
Hit http://localhost unstable Release
Ign http://localhost unstable/main Sources/DiffIndex
Ign http://clang.ecranbleu.org unstable InRelease
Ign http://localhost unstable/main amd64 Packages/DiffIndex
Ign http://clang.ecranbleu.org unstable Release.gpg
Hit http://localhost unstable/main Translation-en/DiffIndex
Get:1 http://clang.ecranbleu.org unstable Release [1616 B]
Hit http://localhost unstable/main Sources
Hit http://localhost unstable/main amd64 Packages
Get:2 http://clang.ecranbleu.org unstable/main amd64 Packages [2354 B]
Ign http://clang.ecranbleu.org unstable/main Translation-en
Fetched 3970 B in 2s (1948 B/s)
Reading package lists...
+ echo 'Install of clang'
Install of clang
+ apt-get update
Ign http://localhost unstable InRelease
Hit http://localhost unstable Release.gpg
Hit http://localhost unstable Release
Ign http://localhost unstable/main Sources/DiffIndex
Ign http://clang.ecranbleu.org unstable InRelease
Ign http://localhost unstable/main amd64 Packages/DiffIndex
Ign http://clang.ecranbleu.org unstable Release.gpg
Hit http://localhost unstable/main Translation-en/DiffIndex
Hit http://clang.ecranbleu.org unstable Release
Ign http://clang.ecranbleu.org unstable/main amd64 Packages/DiffIndex
Hit http://localhost unstable/main Sources
Hit http://localhost unstable/main amd64 Packages
Hit http://clang.ecranbleu.org unstable/main amd64 Packages
Ign http://clang.ecranbleu.org unstable/main Translation-en
Reading package lists...
+ apt-get install --yes --no-install-recommends --force-yes clang
Reading package lists...
Building dependency tree...
Reading state information...
The following extra packages will be installed:
  clang-3.2 compiler-rt libclang-common-dev libexpat1 libffi5 libllvm3.2
  libncursesw5 libsqlite3-0 libssl1.0.0 mime-support python python-minimal
  python2.7 python2.7-minimal
Suggested packages:
  python-doc python-tk python2.7-doc binfmt-support
Recommended packages:
  llvm-3.2-dev file
The following NEW packages will be installed:
  clang clang-3.2 compiler-rt libclang-common-dev libexpat1 libffi5 libllvm3.2
  libncursesw5 libsqlite3-0 libssl1.0.0 mime-support python python-minimal
  python2.7 python2.7-minimal
0 upgraded, 15 newly installed, 0 to remove and 0 not upgraded.
Need to get 25.3 MB of archives.
After this operation, 70.1 MB of additional disk space will be used.
WARNING: The following packages cannot be authenticated!
  libclang-common-dev compiler-rt clang-3.2 clang
Get:1 http://localhost/debian/ unstable/main libncursesw5 amd64 5.9-10 [141 kB]
Get:2 http://localhost/debian/ unstable/main libssl1.0.0 amd64 1.0.1c-4 [1213 kB]
Get:3 http://clang.ecranbleu.org/apt/debian/ unstable/main libclang-common-dev amd64 3.2-2 [303 kB]
Get:4 http://localhost/debian/ unstable/main libsqlite3-0 amd64 3.7.15.2-1 [463 kB]
Get:5 http://localhost/debian/ unstable/main libexpat1 amd64 2.1.0-1 [141 kB]
Get:6 http://localhost/debian/ unstable/main libffi5 amd64 3.0.10-3 [24.8 kB]
Get:7 http://localhost/debian/ unstable/main libllvm3.2 amd64 3.2-2 [7865 kB]
Get:8 http://clang.ecranbleu.org/apt/debian/ unstable/main compiler-rt amd64 3.2-2 [312 kB]
Get:9 http://clang.ecranbleu.org/apt/debian/ unstable/main clang-3.2 amd64 3.2-2 [10.0 MB]
Get:10 http://clang.ecranbleu.org/apt/debian/ unstable/main clang all 3.2-2 [9558 B]
Get:11 http://localhost/debian/ unstable/main mime-support all 3.52-2 [35.2 kB]
Get:12 http://localhost/debian/ unstable/main python2.7-minimal amd64 2.7.3-6 [1783 kB]
Get:13 http://localhost/debian/ unstable/main python2.7 amd64 2.7.3-6 [2729 kB]
Get:14 http://localhost/debian/ unstable/main python-minimal all 2.7.3-3 [42.5 kB]
Get:15 http://localhost/debian/ unstable/main python all 2.7.3-3 [179 kB]
debconf: delaying package configuration, since apt-utils is not installed
Fetched 25.3 MB in 6s (3717 kB/s)
Selecting previously unselected package libncursesw5:amd64.
(Reading database ... 13484 files and directories currently installed.)
Unpacking libncursesw5:amd64 (from .../libncursesw5_5.9-10_amd64.deb) ...
Selecting previously unselected package libssl1.0.0:amd64.
Unpacking libssl1.0.0:amd64 (from .../libssl1.0.0_1.0.1c-4_amd64.deb) ...
Selecting previously unselected package libsqlite3-0:amd64.
Unpacking libsqlite3-0:amd64 (from .../libsqlite3-0_3.7.15.2-1_amd64.deb) ...
Selecting previously unselected package libexpat1:amd64.
Unpacking libexpat1:amd64 (from .../libexpat1_2.1.0-1_amd64.deb) ...
Selecting previously unselected package libffi5:amd64.
Unpacking libffi5:amd64 (from .../libffi5_3.0.10-3_amd64.deb) ...
Selecting previously unselected package libllvm3.2:amd64.
Unpacking libllvm3.2:amd64 (from .../libllvm3.2_3.2-2_amd64.deb) ...
Selecting previously unselected package mime-support.
Unpacking mime-support (from .../mime-support_3.52-2_all.deb) ...
Selecting previously unselected package python2.7-minimal.
Unpacking python2.7-minimal (from .../python2.7-minimal_2.7.3-6_amd64.deb) ...
Selecting previously unselected package python2.7.
Unpacking python2.7 (from .../python2.7_2.7.3-6_amd64.deb) ...
Selecting previously unselected package python-minimal.
Unpacking python-minimal (from .../python-minimal_2.7.3-3_all.deb) ...
Selecting previously unselected package python.
Unpacking python (from .../python_2.7.3-3_all.deb) ...
Selecting previously unselected package libclang-common-dev.
Unpacking libclang-common-dev (from .../libclang-common-dev_3.2-2_amd64.deb) ...
Selecting previously unselected package compiler-rt.
Unpacking compiler-rt (from .../compiler-rt_3.2-2_amd64.deb) ...
Selecting previously unselected package clang-3.2.
Unpacking clang-3.2 (from .../clang-3.2_3.2-2_amd64.deb) ...
Selecting previously unselected package clang.
Unpacking clang (from .../archives/clang_3.2-2_all.deb) ...
Setting up libncursesw5:amd64 (5.9-10) ...
Setting up libssl1.0.0:amd64 (1.0.1c-4) ...
debconf: unable to initialize frontend: Dialog
debconf: (Dialog frontend will not work on a dumb terminal, an emacs shell buffer, or without a controlling terminal.)
debconf: falling back to frontend: Readline
debconf: unable to initialize frontend: Readline
debconf: (This frontend requires a controlling tty.)
debconf: falling back to frontend: Teletype
Setting up libsqlite3-0:amd64 (3.7.15.2-1) ...
Setting up libexpat1:amd64 (2.1.0-1) ...
Setting up libffi5:amd64 (3.0.10-3) ...
Setting up libllvm3.2:amd64 (3.2-2) ...
Setting up mime-support (3.52-2) ...
Setting up python2.7-minimal (2.7.3-6) ...
Linking and byte-compiling packages for runtime python2.7...
Setting up python2.7 (2.7.3-6) ...
Setting up python-minimal (2.7.3-3) ...
Setting up python (2.7.3-3) ...
Setting up libclang-common-dev (3.2-2) ...
Setting up compiler-rt (3.2-2) ...
Setting up clang-3.2 (3.2-2) ...
Setting up clang (3.2-2) ...
+ echo 'Replace gcc, g++ & cpp by clang'
Replace gcc, g++ & cpp by clang
+ VERSIONS='4.6 4.7'
+ cd /usr/bin
+ for VERSION in '$VERSIONS'
+ rm g++-4.6 gcc-4.6 cpp-4.6
+ ln -s clang++ g++-4.6
+ ln -s clang gcc-4.6
+ ln -s clang cpp-4.6
+ for VERSION in '$VERSIONS'
+ rm g++-4.7 gcc-4.7 cpp-4.7
+ ln -s clang++ g++-4.7
+ ln -s clang gcc-4.7
+ ln -s clang cpp-4.7
+ cd -
/«BUILDDIR»
+ echo 'Block the installation of new gcc version'
Block the installation of new gcc version
+ echo 'gcc-4.6 hold'
+ dpkg --set-selections
+ echo 'cpp-4.6 hold'
+ dpkg --set-selections
+ echo 'g++-4.6 hold'
+ dpkg --set-selections
+ echo 'gcc-4.7 hold'
+ dpkg --set-selections
+ echo 'cpp-4.7 hold'
+ dpkg --set-selections
+ echo 'g++-4.7 hold'
+ dpkg --set-selections
+ echo 'Check if gcc, g++ & cpp are actually clang'
Check if gcc, g++ & cpp are actually clang
+ gcc --version
+ grep clang
+ cpp --version
+ grep clang
+ g++ --version
+ grep clang

I: Finished running '/tmp/switch-to-clang'.

Finished processing commands.
────────────────────────────────────────────────────────────────────────────────
Merged Build-Depends: build-essential, fakeroot
Filtered Build-Depends: build-essential, fakeroot
dpkg-deb: building package `sbuild-build-depends-core-dummy' in `/«BUILDDIR»/resolver-PUuloG/apt_archive/sbuild-build-depends-core-dummy.deb'.
OK
Reading package lists...

┌──────────────────────────────────────────────────────────────────────────────┐
│ Install core build dependencies (apt-based resolver)                         │
└──────────────────────────────────────────────────────────────────────────────┘

Installing build dependencies
Reading package lists...
Building dependency tree...
Reading state information...
The following NEW packages will be installed:
  sbuild-build-depends-core-dummy
debconf: delaying package configuration, since apt-utils is not installed
0 upgraded, 1 newly installed, 0 to remove and 0 not upgraded.
Need to get 0 B/710 B of archives.
After this operation, 0 B of additional disk space will be used.
Selecting previously unselected package sbuild-build-depends-core-dummy.
(Reading database ... 14662 files and directories currently installed.)
Unpacking sbuild-build-depends-core-dummy (from .../sbuild-build-depends-core-dummy.deb) ...
Setting up sbuild-build-depends-core-dummy (0.invalid.0) ...
Merged Build-Depends: base-files, base-passwd, bash, bsdutils, coreutils, dash, debianutils, diffutils, dpkg, e2fsprogs, findutils, grep, gzip, hostname, libc-bin, login, mount, ncurses-base, ncurses-bin, perl-base, sed, sysvinit, sysvinit-utils, tar, util-linux, libc6-dev | libc-dev, gcc (>= 4:4.4.3), g++ (>= 4:4.4.3), make, dpkg-dev (>= 1.13.5), debhelper (>= 8.0.0), dh-autoreconf, dh-ocaml, ocaml-native-compilers, ocaml-findlib, camlp4, camlp4-extra, autotools-dev, libtype-conv-camlp4-dev, libxmlm-ocaml-dev, uuid-dev, libxcp-ocaml, libxcp-ocaml-dev, omake, libxen-ocaml-dev, libxen-ocaml, libpam-dev, zlib1g-dev, xen-utils, libxen-dev, libounit-ocaml-dev, python-all (>= 2.6.6-3~), po-debconf
Filtered Build-Depends: base-files, base-passwd, bash, bsdutils, coreutils, dash, debianutils, diffutils, dpkg, e2fsprogs, findutils, grep, gzip, hostname, libc-bin, login, mount, ncurses-base, ncurses-bin, perl-base, sed, sysvinit, sysvinit-utils, tar, util-linux, libc6-dev, gcc (>= 4:4.4.3), g++ (>= 4:4.4.3), make, dpkg-dev (>= 1.13.5), debhelper (>= 8.0.0), dh-autoreconf, dh-ocaml, ocaml-native-compilers, ocaml-findlib, camlp4, camlp4-extra, autotools-dev, libtype-conv-camlp4-dev, libxmlm-ocaml-dev, uuid-dev, libxcp-ocaml, libxcp-ocaml-dev, omake, libxen-ocaml-dev, libxen-ocaml, libpam-dev, zlib1g-dev, xen-utils, libxen-dev, libounit-ocaml-dev, python-all (>= 2.6.6-3~), po-debconf
dpkg-deb: building package `sbuild-build-depends-xen-api-dummy' in `/«BUILDDIR»/resolver-fTMr0A/apt_archive/sbuild-build-depends-xen-api-dummy.deb'.
OK
Reading package lists...

┌──────────────────────────────────────────────────────────────────────────────┐
│ Install xen-api build dependencies (apt-based resolver)                      │
└──────────────────────────────────────────────────────────────────────────────┘

Installing build dependencies
Reading package lists...
Building dependency tree...
Reading state information...
The following extra packages will be installed:
  autoconf automake autotools-dev blktap-dev bsdmainutils camlp4 camlp4-extra
  debhelper dh-autoreconf dh-ocaml dmsetup file gawk gettext gettext-base
  groff-base html2text intltool-debian libasprintf-dev libasprintf0c2
  libblktapctl0 libcroco3 libdevmapper1.02.1 libfam0 libfindlib-ocaml
  libgcrypt11 libgettextpo-dev libgettextpo0 libglib2.0-0 libgnutls26
  libgpg-error0 libmagic1 libncurses5-dev libounit-ocaml-dev libp11-kit0
  libpam0g-dev libpci3 libpcre3 libpipeline1 libprocps0 libsigsegv2 libtasn1-3
  libtinfo-dev libtool libtype-conv-camlp4-dev libudev0 libunistring0 libvhd0
  libvhdio-2.0.90 libxcp-ocaml libxcp-ocaml-dev libxen-4.1 libxen-dev
  libxen-ocaml libxen-ocaml-dev libxenstore3.0 libxml2 libxmlm-ocaml-dev m4
  man-db ocaml-base-nox ocaml-findlib ocaml-interp ocaml-native-compilers
  ocaml-nox omake po-debconf procps python-all python2.6 python2.6-minimal
  udev uuid-dev xen-utils-4.1 xen-utils-common xenstore-utils zlib1g-dev
Suggested packages:
  autoconf2.13 autoconf-archive gnu-standards autoconf-doc wamerican wordlist
  whois vacation dh-make git gawk-doc gettext-doc groff fam rng-tools
  ncurses-doc libtool-doc automaken gfortran fortran95-compiler gcj less
  www-browser ocaml-findlib-wizard ocaml-doc libgdbm-dev tuareg-mode
  ocaml-mode libmail-box-perl python2.6-doc binfmt-support xen-docs-4.1
Recommended packages:
  autopoint curl wget lynx-cur libglib2.0-data shared-mime-info libltdl-dev
  xml-core libfindlib-ocaml-dev ledit readline-editor omake-doc
  libmail-sendmail-perl psmisc usbutils pciutils bridge-utils
  xen-hypervisor-4.1 qemu-keymaps qemu-utils
The following NEW packages will be installed:
  autoconf automake autotools-dev blktap-dev bsdmainutils camlp4 camlp4-extra
  debhelper dh-autoreconf dh-ocaml dmsetup file gawk gettext gettext-base
  groff-base html2text intltool-debian libasprintf-dev libasprintf0c2
  libblktapctl0 libcroco3 libdevmapper1.02.1 libfam0 libfindlib-ocaml
  libgcrypt11 libgettextpo-dev libgettextpo0 libglib2.0-0 libgnutls26
  libgpg-error0 libmagic1 libncurses5-dev libounit-ocaml-dev libp11-kit0
  libpam0g-dev libpci3 libpcre3 libpipeline1 libprocps0 libsigsegv2 libtasn1-3
  libtinfo-dev libtool libtype-conv-camlp4-dev libudev0 libunistring0 libvhd0
  libvhdio-2.0.90 libxcp-ocaml libxcp-ocaml-dev libxen-4.1 libxen-dev
  libxen-ocaml libxen-ocaml-dev libxenstore3.0 libxml2 libxmlm-ocaml-dev m4
  man-db ocaml-base-nox ocaml-findlib ocaml-interp ocaml-native-compilers
  ocaml-nox omake po-debconf procps python-all python2.6 python2.6-minimal
  sbuild-build-depends-xen-api-dummy udev uuid-dev xen-utils-4.1
  xen-utils-common xenstore-utils zlib1g-dev
0 upgraded, 78 newly installed, 0 to remove and 0 not upgraded.
Need to get 73.8 MB/73.8 MB of archives.
After this operation, 233 MB of additional disk space will be used.
Get:1 http://localhost/debian/ unstable/main libpipeline1 amd64 1.2.2-1 [39.9 kB]
Get:2 http://localhost/debian/ unstable/main libprocps0 amd64 1:3.3.4-2 [58.6 kB]
Get:3 http://localhost/debian/ unstable/main libudev0 amd64 175-7.1 [126 kB]
Get:4 http://localhost/debian/ unstable/main groff-base amd64 1.22.1-2 [741 kB]
Get:5 http://localhost/debian/ unstable/main bsdmainutils amd64 9.0.4 [210 kB]
Get:6 http://localhost/debian/ unstable/main man-db amd64 2.6.3-3 [898 kB]
Get:7 http://localhost/debian/ unstable/main procps amd64 1:3.3.4-2 [259 kB]
Get:8 http://localhost/debian/ unstable/main udev amd64 175-7.1 [360 kB]
Get:9 http://localhost/debian/ unstable/main libasprintf0c2 amd64 0.18.1.1-10 [27.2 kB]
Get:10 http://localhost/debian/ unstable/main libgpg-error0 amd64 1.10-3.1 [77.9 kB]
Get:11 http://localhost/debian/ unstable/main libgcrypt11 amd64 1.5.0-3 [298 kB]
Get:12 http://localhost/debian/ unstable/main libp11-kit0 amd64 0.12-3 [52.8 kB]
Get:13 http://localhost/debian/ unstable/main libtasn1-3 amd64 2.13-2 [67.7 kB]
Get:14 http://localhost/debian/ unstable/main libgnutls26 amd64 2.12.20-3 [618 kB]
Get:15 http://localhost/debian/ unstable/main libmagic1 amd64 5.11-2 [202 kB]
Get:16 http://localhost/debian/ unstable/main libpci3 amd64 1:3.1.9-6 [58.4 kB]
Get:17 http://localhost/debian/ unstable/main libpcre3 amd64 1:8.31-2 [247 kB]
Get:18 http://localhost/debian/ unstable/main libxml2 amd64 2.8.0+dfsg1-7 [903 kB]
Get:19 http://localhost/debian/ unstable/main libglib2.0-0 amd64 2.33.12+really2.32.4-5 [1838 kB]
Get:20 http://localhost/debian/ unstable/main libcroco3 amd64 0.6.6-2 [134 kB]
Get:21 http://localhost/debian/ unstable/main dmsetup amd64 2:1.02.74-6 [67.8 kB]
Get:22 http://localhost/debian/ unstable/main libdevmapper1.02.1 amd64 2:1.02.74-6 [130 kB]
Get:23 http://localhost/debian/ unstable/main libunistring0 amd64 0.9.3-5 [434 kB]
Get:24 http://localhost/debian/ unstable/main libgettextpo0 amd64 0.18.1.1-10 [145 kB]
Get:25 http://localhost/debian/ unstable/main file amd64 5.11-2 [51.8 kB]
Get:26 http://localhost/debian/ unstable/main gettext-base amd64 0.18.1.1-10 [154 kB]
Get:27 http://localhost/debian/ unstable/main libsigsegv2 amd64 2.9-4 [28.9 kB]
Get:28 http://localhost/debian/ unstable/main m4 amd64 1.4.16-4 [260 kB]
Get:29 http://localhost/debian/ unstable/main python2.6-minimal amd64 2.6.8-1.1 [1547 kB]
Get:30 http://localhost/debian/ unstable/main autoconf all 2.69-1 [589 kB]
Get:31 http://localhost/debian/ unstable/main autotools-dev all 20120608.1 [73.0 kB]
Get:32 http://localhost/debian/ unstable/main automake all 1:1.11.6-1 [607 kB]
Get:33 http://localhost/debian/ unstable/main ocaml-base-nox amd64 3.12.1-4 [663 kB]
Get:34 http://localhost/debian/ unstable/main libtinfo-dev amd64 5.9-10 [105 kB]
Get:35 http://localhost/debian/ unstable/main libncurses5-dev amd64 5.9-10 [223 kB]
Get:36 http://localhost/debian/ unstable/main ocaml-interp amd64 3.12.1-4 [317 kB]
Get:37 http://localhost/debian/ unstable/main ocaml-nox amd64 3.12.1-4 [7611 kB]
Get:38 http://localhost/debian/ unstable/main camlp4 amd64 3.12.1-4 [18.7 MB]
Get:39 http://localhost/debian/ unstable/main camlp4-extra amd64 3.12.1-4 [18.0 MB]
Get:40 http://localhost/debian/ unstable/main html2text amd64 1.3.2a-15 [103 kB]
Get:41 http://localhost/debian/ unstable/main libasprintf-dev amd64 0.18.1.1-10 [26.8 kB]
Get:42 http://localhost/debian/ unstable/main libgettextpo-dev amd64 0.18.1.1-10 [184 kB]
Get:43 http://localhost/debian/ unstable/main gettext amd64 0.18.1.1-10 [1815 kB]
Get:44 http://localhost/debian/ unstable/main intltool-debian all 0.35.0+20060710.1 [30.8 kB]
Get:45 http://localhost/debian/ unstable/main po-debconf all 1.0.16+nmu2 [224 kB]
Get:46 http://localhost/debian/ unstable/main debhelper all 9.20120909 [705 kB]
Get:47 http://localhost/debian/ unstable/main libtool amd64 2.4.2-1.2 [621 kB]
Get:48 http://localhost/debian/ unstable/main dh-autoreconf all 7 [15.3 kB]
Get:49 http://localhost/debian/ unstable/main gawk amd64 1:4.0.1+dfsg-2 [972 kB]
Get:50 http://localhost/debian/ unstable/main libfam0 amd64 2.7.0-17 [28.8 kB]
Get:51 http://localhost/debian/ unstable/main libfindlib-ocaml amd64 1.3.1-1 [109 kB]
Get:52 http://localhost/debian/ unstable/main libounit-ocaml-dev amd64 1.1.1-1 [89.6 kB]
Get:53 http://localhost/debian/ unstable/main libpam0g-dev amd64 1.1.3-7.1 [191 kB]
Get:54 http://localhost/debian/ unstable/main libxen-4.1 amd64 4.1.4-1 [140 kB]
Get:55 http://localhost/debian/ unstable/main libxenstore3.0 amd64 4.1.4-1 [29.3 kB]
Get:56 http://localhost/debian/ unstable/main libxen-dev amd64 4.1.4-1 [291 kB]
Get:57 http://localhost/debian/ unstable/main libxen-ocaml amd64 4.1.4-1 [63.1 kB]
Get:58 http://localhost/debian/ unstable/main libxen-ocaml-dev amd64 4.1.4-1 [88.7 kB]
Get:59 http://localhost/debian/ unstable/main ocaml-findlib amd64 1.3.1-1 [271 kB]
Get:60 http://localhost/debian/ unstable/main libxmlm-ocaml-dev amd64 1.1.0-1 [313 kB]
Get:61 http://localhost/debian/ unstable/main ocaml-native-compilers amd64 3.12.1-4 [3209 kB]
Get:62 http://localhost/debian/ unstable/main omake amd64 0.9.8.5-3-8 [925 kB]
Get:63 http://localhost/debian/ unstable/main python2.6 amd64 2.6.8-1.1 [2509 kB]
Get:64 http://localhost/debian/ unstable/main python-all all 2.7.3-3 [876 B]
Get:65 http://localhost/debian/ unstable/main xenstore-utils amd64 4.1.4-1 [26.6 kB]
Get:66 http://localhost/debian/ unstable/main xen-utils-common all 4.1.4-1 [79.2 kB]
Get:67 http://localhost/debian/ unstable/main xen-utils-4.1 amd64 4.1.4-1 [1608 kB]
Get:68 http://localhost/debian/ unstable/main zlib1g-dev amd64 1:1.2.7.dfsg-13 [215 kB]
Get:69 http://localhost/debian/ unstable/main libvhd0 amd64 2.0.90-1 [72.1 kB]
Get:70 http://localhost/debian/ unstable/main libvhdio-2.0.90 amd64 2.0.90-1 [17.0 kB]
Get:71 http://localhost/debian/ unstable/main libblktapctl0 amd64 2.0.90-1 [16.4 kB]
Get:72 http://localhost/debian/ unstable/main blktap-dev amd64 2.0.90-1 [117 kB]
Get:73 http://localhost/debian/ unstable/main dh-ocaml all 1.0.7 [94.4 kB]
Get:74 http://localhost/debian/ unstable/main libtype-conv-camlp4-dev amd64 3.0.4-1 [112 kB]
Get:75 http://localhost/debian/ unstable/main libxcp-ocaml amd64 0.5.2-3+b1 [869 kB]
Get:76 http://localhost/debian/ unstable/main libxcp-ocaml-dev amd64 0.5.2-3+b1 [734 kB]
Get:77 http://localhost/debian/ unstable/main uuid-dev amd64 2.20.1-5.3 [72.4 kB]
debconf: delaying package configuration, since apt-utils is not installed
Fetched 73.8 MB in 14s (5101 kB/s)
Selecting previously unselected package libpipeline1:amd64.
(Reading database ... 14662 files and directories currently installed.)
Unpacking libpipeline1:amd64 (from .../libpipeline1_1.2.2-1_amd64.deb) ...
Selecting previously unselected package libprocps0:amd64.
Unpacking libprocps0:amd64 (from .../libprocps0_1%3a3.3.4-2_amd64.deb) ...
Selecting previously unselected package libudev0:amd64.
Unpacking libudev0:amd64 (from .../libudev0_175-7.1_amd64.deb) ...
Selecting previously unselected package groff-base.
Unpacking groff-base (from .../groff-base_1.22.1-2_amd64.deb) ...
Selecting previously unselected package bsdmainutils.
Unpacking bsdmainutils (from .../bsdmainutils_9.0.4_amd64.deb) ...
Selecting previously unselected package man-db.
Unpacking man-db (from .../man-db_2.6.3-3_amd64.deb) ...
Selecting previously unselected package procps.
Unpacking procps (from .../procps_1%3a3.3.4-2_amd64.deb) ...
Selecting previously unselected package udev.
Unpacking udev (from .../udev_175-7.1_amd64.deb) ...
Selecting previously unselected package libasprintf0c2:amd64.
Unpacking libasprintf0c2:amd64 (from .../libasprintf0c2_0.18.1.1-10_amd64.deb) ...
Selecting previously unselected package libgpg-error0:amd64.
Unpacking libgpg-error0:amd64 (from .../libgpg-error0_1.10-3.1_amd64.deb) ...
Selecting previously unselected package libgcrypt11:amd64.
Unpacking libgcrypt11:amd64 (from .../libgcrypt11_1.5.0-3_amd64.deb) ...
Selecting previously unselected package libp11-kit0:amd64.
Unpacking libp11-kit0:amd64 (from .../libp11-kit0_0.12-3_amd64.deb) ...
Selecting previously unselected package libtasn1-3:amd64.
Unpacking libtasn1-3:amd64 (from .../libtasn1-3_2.13-2_amd64.deb) ...
Selecting previously unselected package libgnutls26:amd64.
Unpacking libgnutls26:amd64 (from .../libgnutls26_2.12.20-3_amd64.deb) ...
Selecting previously unselected package libmagic1:amd64.
Unpacking libmagic1:amd64 (from .../libmagic1_5.11-2_amd64.deb) ...
Selecting previously unselected package libpci3:amd64.
Unpacking libpci3:amd64 (from .../libpci3_1%3a3.1.9-6_amd64.deb) ...
Selecting previously unselected package libpcre3:amd64.
Unpacking libpcre3:amd64 (from .../libpcre3_1%3a8.31-2_amd64.deb) ...
Selecting previously unselected package libxml2:amd64.
Unpacking libxml2:amd64 (from .../libxml2_2.8.0+dfsg1-7_amd64.deb) ...
Selecting previously unselected package libglib2.0-0:amd64.
Unpacking libglib2.0-0:amd64 (from .../libglib2.0-0_2.33.12+really2.32.4-5_amd64.deb) ...
Selecting previously unselected package libcroco3:amd64.
Unpacking libcroco3:amd64 (from .../libcroco3_0.6.6-2_amd64.deb) ...
Selecting previously unselected package dmsetup.
Unpacking dmsetup (from .../dmsetup_2%3a1.02.74-6_amd64.deb) ...
Selecting previously unselected package libdevmapper1.02.1:amd64.
Unpacking libdevmapper1.02.1:amd64 (from .../libdevmapper1.02.1_2%3a1.02.74-6_amd64.deb) ...
Selecting previously unselected package libunistring0:amd64.
Unpacking libunistring0:amd64 (from .../libunistring0_0.9.3-5_amd64.deb) ...
Selecting previously unselected package libgettextpo0:amd64.
Unpacking libgettextpo0:amd64 (from .../libgettextpo0_0.18.1.1-10_amd64.deb) ...
Selecting previously unselected package file.
Unpacking file (from .../archives/file_5.11-2_amd64.deb) ...
Selecting previously unselected package gettext-base.
Unpacking gettext-base (from .../gettext-base_0.18.1.1-10_amd64.deb) ...
Selecting previously unselected package libsigsegv2.
Unpacking libsigsegv2 (from .../libsigsegv2_2.9-4_amd64.deb) ...
Selecting previously unselected package m4.
Unpacking m4 (from .../archives/m4_1.4.16-4_amd64.deb) ...
Selecting previously unselected package python2.6-minimal.
Unpacking python2.6-minimal (from .../python2.6-minimal_2.6.8-1.1_amd64.deb) ...
Selecting previously unselected package autoconf.
Unpacking autoconf (from .../autoconf_2.69-1_all.deb) ...
Selecting previously unselected package autotools-dev.
Unpacking autotools-dev (from .../autotools-dev_20120608.1_all.deb) ...
Selecting previously unselected package automake.
Unpacking automake (from .../automake_1%3a1.11.6-1_all.deb) ...
Selecting previously unselected package ocaml-base-nox.
Unpacking ocaml-base-nox (from .../ocaml-base-nox_3.12.1-4_amd64.deb) ...
Selecting previously unselected package libtinfo-dev:amd64.
Unpacking libtinfo-dev:amd64 (from .../libtinfo-dev_5.9-10_amd64.deb) ...
Selecting previously unselected package libncurses5-dev.
Unpacking libncurses5-dev (from .../libncurses5-dev_5.9-10_amd64.deb) ...
Selecting previously unselected package ocaml-interp.
Unpacking ocaml-interp (from .../ocaml-interp_3.12.1-4_amd64.deb) ...
Selecting previously unselected package ocaml-nox.
Unpacking ocaml-nox (from .../ocaml-nox_3.12.1-4_amd64.deb) ...
Selecting previously unselected package camlp4.
Unpacking camlp4 (from .../camlp4_3.12.1-4_amd64.deb) ...
Selecting previously unselected package camlp4-extra.
Unpacking camlp4-extra (from .../camlp4-extra_3.12.1-4_amd64.deb) ...
Selecting previously unselected package html2text.
Unpacking html2text (from .../html2text_1.3.2a-15_amd64.deb) ...
Selecting previously unselected package libasprintf-dev:amd64.
Unpacking libasprintf-dev:amd64 (from .../libasprintf-dev_0.18.1.1-10_amd64.deb) ...
Selecting previously unselected package libgettextpo-dev:amd64.
Unpacking libgettextpo-dev:amd64 (from .../libgettextpo-dev_0.18.1.1-10_amd64.deb) ...
Selecting previously unselected package gettext.
Unpacking gettext (from .../gettext_0.18.1.1-10_amd64.deb) ...
Selecting previously unselected package intltool-debian.
Unpacking intltool-debian (from .../intltool-debian_0.35.0+20060710.1_all.deb) ...
Selecting previously unselected package po-debconf.
Unpacking po-debconf (from .../po-debconf_1.0.16+nmu2_all.deb) ...
Selecting previously unselected package debhelper.
Unpacking debhelper (from .../debhelper_9.20120909_all.deb) ...
Selecting previously unselected package libtool.
Unpacking libtool (from .../libtool_2.4.2-1.2_amd64.deb) ...
Selecting previously unselected package dh-autoreconf.
Unpacking dh-autoreconf (from .../dh-autoreconf_7_all.deb) ...
Selecting previously unselected package gawk.
Unpacking gawk (from .../gawk_1%3a4.0.1+dfsg-2_amd64.deb) ...
Selecting previously unselected package libfam0.
Unpacking libfam0 (from .../libfam0_2.7.0-17_amd64.deb) ...
Selecting previously unselected package libfindlib-ocaml.
Unpacking libfindlib-ocaml (from .../libfindlib-ocaml_1.3.1-1_amd64.deb) ...
Selecting previously unselected package libounit-ocaml-dev.
Unpacking libounit-ocaml-dev (from .../libounit-ocaml-dev_1.1.1-1_amd64.deb) ...
Selecting previously unselected package libpam0g-dev:amd64.
Unpacking libpam0g-dev:amd64 (from .../libpam0g-dev_1.1.3-7.1_amd64.deb) ...
Selecting previously unselected package libxen-4.1.
Unpacking libxen-4.1 (from .../libxen-4.1_4.1.4-1_amd64.deb) ...
Selecting previously unselected package libxenstore3.0.
Unpacking libxenstore3.0 (from .../libxenstore3.0_4.1.4-1_amd64.deb) ...
Selecting previously unselected package libxen-dev.
Unpacking libxen-dev (from .../libxen-dev_4.1.4-1_amd64.deb) ...
Selecting previously unselected package libxen-ocaml.
Unpacking libxen-ocaml (from .../libxen-ocaml_4.1.4-1_amd64.deb) ...
Selecting previously unselected package libxen-ocaml-dev.
Unpacking libxen-ocaml-dev (from .../libxen-ocaml-dev_4.1.4-1_amd64.deb) ...
Selecting previously unselected package ocaml-findlib.
Unpacking ocaml-findlib (from .../ocaml-findlib_1.3.1-1_amd64.deb) ...
Selecting previously unselected package libxmlm-ocaml-dev.
Unpacking libxmlm-ocaml-dev (from .../libxmlm-ocaml-dev_1.1.0-1_amd64.deb) ...
Selecting previously unselected package ocaml-native-compilers.
Unpacking ocaml-native-compilers (from .../ocaml-native-compilers_3.12.1-4_amd64.deb) ...
Selecting previously unselected package omake.
Unpacking omake (from .../omake_0.9.8.5-3-8_amd64.deb) ...
Selecting previously unselected package python2.6.
Unpacking python2.6 (from .../python2.6_2.6.8-1.1_amd64.deb) ...
Selecting previously unselected package python-all.
Unpacking python-all (from .../python-all_2.7.3-3_all.deb) ...
Selecting previously unselected package xenstore-utils.
Unpacking xenstore-utils (from .../xenstore-utils_4.1.4-1_amd64.deb) ...
Selecting previously unselected package xen-utils-common.
Unpacking xen-utils-common (from .../xen-utils-common_4.1.4-1_all.deb) ...
Selecting previously unselected package xen-utils-4.1.
Unpacking xen-utils-4.1 (from .../xen-utils-4.1_4.1.4-1_amd64.deb) ...
Selecting previously unselected package zlib1g-dev:amd64.
Unpacking zlib1g-dev:amd64 (from .../zlib1g-dev_1%3a1.2.7.dfsg-13_amd64.deb) ...
Selecting previously unselected package libvhd0.
Unpacking libvhd0 (from .../libvhd0_2.0.90-1_amd64.deb) ...
Selecting previously unselected package libvhdio-2.0.90.
Unpacking libvhdio-2.0.90 (from .../libvhdio-2.0.90_2.0.90-1_amd64.deb) ...
Selecting previously unselected package libblktapctl0.
Unpacking libblktapctl0 (from .../libblktapctl0_2.0.90-1_amd64.deb) ...
Selecting previously unselected package blktap-dev.
Unpacking blktap-dev (from .../blktap-dev_2.0.90-1_amd64.deb) ...
Selecting previously unselected package dh-ocaml.
Unpacking dh-ocaml (from .../dh-ocaml_1.0.7_all.deb) ...
Selecting previously unselected package libtype-conv-camlp4-dev.
Unpacking libtype-conv-camlp4-dev (from .../libtype-conv-camlp4-dev_3.0.4-1_amd64.deb) ...
Selecting previously unselected package libxcp-ocaml.
Unpacking libxcp-ocaml (from .../libxcp-ocaml_0.5.2-3+b1_amd64.deb) ...
Selecting previously unselected package libxcp-ocaml-dev.
Unpacking libxcp-ocaml-dev (from .../libxcp-ocaml-dev_0.5.2-3+b1_amd64.deb) ...
Selecting previously unselected package uuid-dev.
Unpacking uuid-dev (from .../uuid-dev_2.20.1-5.3_amd64.deb) ...
Selecting previously unselected package sbuild-build-depends-xen-api-dummy.
Unpacking sbuild-build-depends-xen-api-dummy (from .../sbuild-build-depends-xen-api-dummy.deb) ...
Processing triggers for mime-support ...
Setting up libpipeline1:amd64 (1.2.2-1) ...
Setting up libprocps0:amd64 (1:3.3.4-2) ...
Setting up libudev0:amd64 (175-7.1) ...
Setting up groff-base (1.22.1-2) ...
Setting up bsdmainutils (9.0.4) ...
update-alternatives: using /usr/bin/bsd-write to provide /usr/bin/write (write) in auto mode
update-alternatives: using /usr/bin/bsd-from to provide /usr/bin/from (from) in auto mode
Setting up man-db (2.6.3-3) ...
Building database of manual pages ...
Setting up procps (1:3.3.4-2) ...
update-alternatives: using /usr/bin/w.procps to provide /usr/bin/w (w) in auto mode
All runlevel operations denied by policy
invoke-rc.d: policy-rc.d denied execution of start.
Setting up udev (175-7.1) ...
A chroot environment has been detected, udev not started.
Setting up libasprintf0c2:amd64 (0.18.1.1-10) ...
Setting up libgpg-error0:amd64 (1.10-3.1) ...
Setting up libgcrypt11:amd64 (1.5.0-3) ...
Setting up libp11-kit0:amd64 (0.12-3) ...
Setting up libtasn1-3:amd64 (2.13-2) ...
Setting up libgnutls26:amd64 (2.12.20-3) ...
Setting up libmagic1:amd64 (5.11-2) ...
Setting up libpci3:amd64 (1:3.1.9-6) ...
Setting up libpcre3:amd64 (1:8.31-2) ...
Setting up libxml2:amd64 (2.8.0+dfsg1-7) ...
Setting up libglib2.0-0:amd64 (2.33.12+really2.32.4-5) ...
No schema files found: doing nothing.
Setting up libcroco3:amd64 (0.6.6-2) ...
Setting up libunistring0:amd64 (0.9.3-5) ...
Setting up libgettextpo0:amd64 (0.18.1.1-10) ...
Setting up file (5.11-2) ...
Setting up gettext-base (0.18.1.1-10) ...
Setting up libsigsegv2 (2.9-4) ...
Setting up m4 (1.4.16-4) ...
Setting up python2.6-minimal (2.6.8-1.1) ...
Setting up autoconf (2.69-1) ...
Setting up autotools-dev (20120608.1) ...
Setting up automake (1:1.11.6-1) ...
update-alternatives: using /usr/bin/automake-1.11 to provide /usr/bin/automake (automake) in auto mode
Setting up ocaml-base-nox (3.12.1-4) ...
Setting up libtinfo-dev:amd64 (5.9-10) ...
Setting up libncurses5-dev (5.9-10) ...
Setting up ocaml-interp (3.12.1-4) ...
Setting up ocaml-nox (3.12.1-4) ...
Setting up camlp4 (3.12.1-4) ...
Setting up camlp4-extra (3.12.1-4) ...
Setting up html2text (1.3.2a-15) ...
Setting up libasprintf-dev:amd64 (0.18.1.1-10) ...
Setting up libgettextpo-dev:amd64 (0.18.1.1-10) ...
Setting up gettext (0.18.1.1-10) ...
Setting up intltool-debian (0.35.0+20060710.1) ...
Setting up po-debconf (1.0.16+nmu2) ...
Setting up debhelper (9.20120909) ...
Setting up libtool (2.4.2-1.2) ...
Setting up dh-autoreconf (7) ...
Setting up gawk (1:4.0.1+dfsg-2) ...
Setting up libfam0 (2.7.0-17) ...
Setting up libfindlib-ocaml (1.3.1-1) ...
Setting up libounit-ocaml-dev (1.1.1-1) ...
Setting up libpam0g-dev:amd64 (1.1.3-7.1) ...
Setting up libxen-4.1 (4.1.4-1) ...
Setting up libxenstore3.0 (4.1.4-1) ...
Setting up libxen-dev (4.1.4-1) ...
Setting up libxen-ocaml (4.1.4-1) ...
Setting up libxen-ocaml-dev (4.1.4-1) ...
Setting up ocaml-findlib (1.3.1-1) ...
Setting up libxmlm-ocaml-dev (1.1.0-1) ...
Setting up ocaml-native-compilers (3.12.1-4) ...
Setting up omake (0.9.8.5-3-8) ...
Setting up python2.6 (2.6.8-1.1) ...
Setting up python-all (2.7.3-3) ...
Setting up xenstore-utils (4.1.4-1) ...
Setting up xen-utils-common (4.1.4-1) ...
All runlevel operations denied by policy
invoke-rc.d: policy-rc.d denied execution of start.

Creating config file /etc/default/xen with new version
Setting up xen-utils-4.1 (4.1.4-1) ...
All runlevel operations denied by policy
invoke-rc.d: policy-rc.d denied execution of start.
Setting up zlib1g-dev:amd64 (1:1.2.7.dfsg-13) ...
Setting up libvhd0 (2.0.90-1) ...
Setting up libvhdio-2.0.90 (2.0.90-1) ...
Setting up libblktapctl0 (2.0.90-1) ...
Setting up blktap-dev (2.0.90-1) ...
Setting up dh-ocaml (1.0.7) ...
Setting up libtype-conv-camlp4-dev (3.0.4-1) ...
Setting up uuid-dev (2.20.1-5.3) ...
Setting up libdevmapper1.02.1:amd64 (2:1.02.74-6) ...
Setting up libxcp-ocaml (0.5.2-3+b1) ...
Setting up libxcp-ocaml-dev (0.5.2-3+b1) ...
Setting up sbuild-build-depends-xen-api-dummy (0.invalid.0) ...
Setting up dmsetup (2:1.02.74-6) ...

┌──────────────────────────────────────────────────────────────────────────────┐
│ Build environment                                                            │
└──────────────────────────────────────────────────────────────────────────────┘

Kernel: Linux 2.6.32-5-xen-amd64 amd64 (x86_64)
Toolchain package versions: binutils_2.22-7.1 dpkg-dev_1.16.9 g++-4.6_4.6.3-15 g++-4.7_4.7.2-5 gcc-4.6_4.6.3-15 gcc-4.7_4.7.2-5 libc6-dev_2.13-38 libstdc++6_4.7.2-5 libstdc++6-4.6-dev_4.6.3-15 libstdc++6-4.7-dev_4.7.2-5 linux-libc-dev_3.2.35-2
Package versions: apt_0.9.7.7 autoconf_2.69-1 automake_1:1.11.6-1 autotools-dev_20120608.1 base-files_7.1 base-passwd_3.5.26 bash_4.2+dfsg-0.1 binutils_2.22-7.1 blktap-dev_2.0.90-1 bsdmainutils_9.0.4 bsdutils_1:2.20.1-5.3 build-essential_11.6 bzip2_1.0.6-4 camlp4_3.12.1-4 camlp4-extra_3.12.1-4 clang_3.2-2 clang-3.2_3.2-2 compiler-rt_3.2-2 coreutils_8.20-3 cpp_4:4.7.2-1 cpp-4.6_4.6.3-15 cpp-4.7_4.7.2-5 dash_0.5.7-3 debconf_1.5.49 debconf-i18n_1.5.49 debfoster_2.7-1.2 debhelper_9.20120909 debian-archive-keyring_2012.4 debianutils_4.3.4 dh-autoreconf_7 dh-ocaml_1.0.7 diffutils_1:3.2-7 dmsetup_2:1.02.74-6 dpkg_1.16.9 dpkg-dev_1.16.9 e2fslibs_1.42.5-1 e2fsprogs_1.42.5-1 fakeroot_1.18.4-2 file_5.11-2 findutils_4.4.2-5 g++_4:4.7.2-1 g++-4.6_4.6.3-15 g++-4.7_4.7.2-5 gawk_1:4.0.1+dfsg-2 gcc_4:4.7.2-1 gcc-4.4-base_4.4.7-3 gcc-4.5-base_4.5.4-1 gcc-4.6_4.6.3-15 gcc-4.6-base_4.6.3-15 gcc-4.7_4.7.2-5 gcc-4.7-base_4.7.2-5 gettext_0.18.1.1-10 gettext-base_0.18.1.1-10 gnupg_1.4.12-7 gpgv_1.4.12-7 grep_2.14-1 groff-base_1.22.1-2 gzip_1.5-1.1 hostname_3.12 html2text_1.3.2a-15 initscripts_2.88dsf-39 insserv_1.14.0-5 intltool-debian_0.35.0+20060710.1 libacl1_2.2.51-8 libapt-pkg4.12_0.9.7.7 libasprintf-dev_0.18.1.1-10 libasprintf0c2_0.18.1.1-10 libattr1_1:2.4.46-8 libblkid1_2.20.1-5.3 libblktapctl0_2.0.90-1 libbz2-1.0_1.0.6-4 libc-bin_2.13-38 libc-dev-bin_2.13-38 libc6_2.13-38 libc6-dev_2.13-38 libclang-common-dev_3.2-2 libclass-isa-perl_0.36-5 libcomerr2_1.42.5-1 libcroco3_0.6.6-2 libdb5.1_5.1.29-5 libdevmapper1.02.1_2:1.02.74-6 libdpkg-perl_1.16.9 libexpat1_2.1.0-1 libfam0_2.7.0-17 libffi5_3.0.10-3 libfile-fcntllock-perl_0.14-2 libfindlib-ocaml_1.3.1-1 libgc1c2_1:7.1-9.1 libgcc1_1:4.7.2-5 libgcrypt11_1.5.0-3 libgdbm3_1.8.3-11 libgettextpo-dev_0.18.1.1-10 libgettextpo0_0.18.1.1-10 libglib2.0-0_2.33.12+really2.32.4-5 libgmp10_2:5.0.5+dfsg-2 libgnutls26_2.12.20-3 libgomp1_4.7.2-5 libgpg-error0_1.10-3.1 libgpm2_1.20.4-6 libitm1_4.7.2-5 libllvm3.2_3.2-2 liblocale-gettext-perl_1.05-7+b1 liblzma5_5.1.1alpha+20120614-2 libmagic1_5.11-2 libmount1_2.20.1-5.3 libmpc2_0.9-4 libmpfr4_3.1.0-5 libncurses5_5.9-10 libncurses5-dev_5.9-10 libncursesw5_5.9-10 libounit-ocaml-dev_1.1.1-1 libp11-kit0_0.12-3 libpam-modules_1.1.3-7.1 libpam-modules-bin_1.1.3-7.1 libpam-runtime_1.1.3-7.1 libpam0g_1.1.3-7.1 libpam0g-dev_1.1.3-7.1 libpci3_1:3.1.9-6 libpcre3_1:8.31-2 libpipeline1_1.2.2-1 libprocps0_1:3.3.4-2 libquadmath0_4.7.2-5 libreadline6_6.2+dfsg-0.1 libselinux1_2.1.9-5 libsemanage-common_2.1.6-6 libsemanage1_2.1.6-6 libsepol1_2.1.4-3 libsigsegv2_2.9-4 libslang2_2.2.4-15 libsqlite3-0_3.7.15.2-1 libss2_1.42.5-1 libssl1.0.0_1.0.1c-4 libstdc++6_4.7.2-5 libstdc++6-4.6-dev_4.6.3-15 libstdc++6-4.7-dev_4.7.2-5 libswitch-perl_2.16-2 libtasn1-3_2.13-2 libtext-charwidth-perl_0.04-7+b1 libtext-iconv-perl_1.7-5 libtext-wrapi18n-perl_0.06-7 libtimedate-perl_1.2000-1 libtinfo-dev_5.9-10 libtinfo5_5.9-10 libtool_2.4.2-1.2 libtype-conv-camlp4-dev_3.0.4-1 libudev0_175-7.1 libunistring0_0.9.3-5 libusb-0.1-4_2:0.1.12-23+nmu1 libustr-1.0-1_1.0.4-3 libuuid1_2.20.1-5.3 libvhd0_2.0.90-1 libvhdio-2.0.90_2.0.90-1 libxcp-ocaml_0.5.2-3+b1 libxcp-ocaml-dev_0.5.2-3+b1 libxen-4.1_4.1.4-1 libxen-dev_4.1.4-1 libxen-ocaml_4.1.4-1 libxen-ocaml-dev_4.1.4-1 libxenstore3.0_4.1.4-1 libxml2_2.8.0+dfsg1-7 libxmlm-ocaml-dev_1.1.0-1 linux-libc-dev_3.2.35-2 login_1:4.1.5.1-1 lsb-base_4.1+Debian9 m4_1.4.16-4 make_3.81-8.2 man-db_2.6.3-3 mawk_1.3.3-17 mime-support_3.52-2 mount_2.20.1-5.3 multiarch-support_2.13-38 ncurses-base_5.9-10 ncurses-bin_5.9-10 ocaml-base-nox_3.12.1-4 ocaml-findlib_1.3.1-1 ocaml-interp_3.12.1-4 ocaml-native-compilers_3.12.1-4 ocaml-nox_3.12.1-4 omake_0.9.8.5-3-8 passwd_1:4.1.5.1-1 patch_2.6.1-3 perl_5.14.2-17 perl-base_5.14.2-17 perl-modules_5.14.2-17 po-debconf_1.0.16+nmu2 procps_1:3.3.4-2 python_2.7.3-3 python-all_2.7.3-3 python-minimal_2.7.3-3 python2.6_2.6.8-1.1 python2.6-minimal_2.6.8-1.1 python2.7_2.7.3-6 python2.7-minimal_2.7.3-6 readline-common_6.2+dfsg-0.1 sbuild-build-depends-core-dummy_0.invalid.0 sbuild-build-depends-xen-api-dummy_0.invalid.0 sed_4.2.1-10 sensible-utils_0.0.7 sudo_1.8.5p2-1 sysv-rc_2.88dsf-39 sysvinit_2.88dsf-39 sysvinit-utils_2.88dsf-39 tar_1.26+dfsg-0.1 tzdata_2012j-1 ucf_3.0025+nmu3 udev_175-7.1 util-linux_2.20.1-5.3 uuid-dev_2.20.1-5.3 vim_2:7.3.547-6 vim-common_2:7.3.547-6 vim-runtime_2:7.3.547-6 xen-utils-4.1_4.1.4-1 xen-utils-common_4.1.4-1 xenstore-utils_4.1.4-1 xz-utils_5.1.1alpha+20120614-2 zlib1g_1:1.2.7.dfsg-13 zlib1g-dev_1:1.2.7.dfsg-13

┌──────────────────────────────────────────────────────────────────────────────┐
│ Build                                                                        │
└──────────────────────────────────────────────────────────────────────────────┘


Unpack source
─────────────

gpgv: keyblock resource `/sbuild-nonexistent/.gnupg/trustedkeys.gpg': file open error
gpgv: Signature made Thu Dec 27 13:24:46 2012 UTC using DSA key ID 98EF9A49
gpgv: Can't check signature: public key not found
dpkg-source: warning: failed to verify signature on ./xen-api_1.3.2-14.dsc
dpkg-source: info: extracting xen-api in xen-api-1.3.2
dpkg-source: info: unpacking xen-api_1.3.2.orig.tar.gz
dpkg-source: info: unpacking xen-api_1.3.2-14.debian.tar.gz
dpkg-source: info: applying 0002-dont-build-xiu.patch
dpkg-source: info: applying 0003-no-runstate-info.patch
dpkg-source: info: applying 0004-no-max_nr_vcpus.patch
dpkg-source: info: applying 0005-fix-xenguest.patch
dpkg-source: info: applying 0006-qemu-fixes.patch
dpkg-source: info: applying 0007-remove-missing-xc-calls.patch
dpkg-source: info: applying 0008-install-locations.patch
dpkg-source: info: applying 0009-fix-xenapi-py.patch
dpkg-source: info: applying 0010-fix-base-path-script.patch
dpkg-source: info: applying 0012-debian-qemu-location.patch
dpkg-source: info: applying 0013-dom0-memory.patch
dpkg-source: info: applying 0014-interface-reconfigure.patch
dpkg-source: info: applying 0015-pygrub-path.patch
dpkg-source: info: applying 0016-udev-fixes.patch
dpkg-source: info: applying 0017-vncterm-fixes.patch
dpkg-source: info: applying 0018-pam.patch
dpkg-source: info: applying 0019-python-XenAPI-install-path.patch
dpkg-source: info: applying 0020-xapissl-script-install.patch
dpkg-source: info: applying 0022-new-ocaml-layout.patch
dpkg-source: info: applying 0023-dont-statically-link-anything.patch
dpkg-source: info: applying 0024-remove-calls-to-xenlight.patch
dpkg-source: info: applying 0025-log-filenames.patch
dpkg-source: info: applying 0026-fix-permissions.patch
dpkg-source: info: applying 0028-iface-reconf-needs-env-python.patch
dpkg-source: info: applying 0030-xe-install-to-usr-bin.patch
dpkg-source: info: applying 0031-Correct-some-english-typoes.patch
dpkg-source: info: applying no-web
dpkg-source: info: applying default-management-interface
dpkg-source: info: applying fixes-an-English-typo
dpkg-source: info: applying xe-mount-iso-sr-paths
dpkg-source: info: applying networkd-brctl-path
dpkg-source: info: applying xe-toolstack-restart-paths
dpkg-source: info: applying fix-xenapi-py
dpkg-source: info: applying fix-vif-script
dpkg-source: info: applying xe-edit-bootloader.patch
dpkg-source: info: applying bug677395-remove-old-ip
dpkg-source: info: applying write-dom0-xenstore-keys-on-startup.patch
dpkg-source: info: applying bug680102-pool-eject
dpkg-source: info: applying pam-auth-root-xapi-group
dpkg-source: info: applying Fixes-bashism-in-ocaml-rt-install-debian-pv.sh.patch
dpkg-source: info: applying Fixes-bashism-in-interface-visualise.patch
dpkg-source: info: applying fixes-set-hostname-was-designed-for-centos.patch

Check disc space
────────────────

Sufficient free space for build

User Environment
────────────────

HOME=/sbuild-nonexistent
LOGNAME=user
PATH=/usr/local/sbin:/usr/local/bin:/usr/sbin:/usr/bin:/sbin:/bin:/usr/games
SCHROOT_CHROOT_NAME=unstable-amd64-sbuild
SCHROOT_COMMAND=env
SCHROOT_GID=1000
SCHROOT_GROUP=user
SCHROOT_SESSION_ID=unstable-amd64-sbuild-f5ee87d8-9f0f-476a-8229-e2df7ceb9b11
SCHROOT_UID=1000
SCHROOT_USER=user
SHELL=/bin/sh
USER=user

dpkg-buildpackage
─────────────────

dpkg-buildpackage: source package xen-api
dpkg-buildpackage: source version 1.3.2-14
dpkg-buildpackage: source changed by Thomas Goirand <zigo@debian.org>
 dpkg-source --before-build xen-api-1.3.2
dpkg-buildpackage: host architecture amd64
 fakeroot debian/rules clean
dh clean
   dh_testdir
   dh_auto_clean
make[1]: Entering directory `/«PKGBUILDDIR»'
omake clean
omake: Symbol `FamErrlist' has different size in shared object, consider re-linking
*** omake: reading OMakefiles
OMake warning: could not create and/or lock a cache file for
   /usr/lib/omake/Pervasives.om
OMake warning: could not create and/or lock a cache file for
   /usr/lib/omake/build/C.om
OMake warning: could not create and/or lock a cache file for
   /usr/lib/omake/build/Common.om
OMake warning: could not create and/or lock a cache file for
   /usr/lib/omake/configure/Configure.om
OMake warning: could not create and/or lock a cache file for
   /usr/lib/omake/build/OCaml.om
OMake warning: could not create and/or lock a cache file for
   /usr/lib/omake/build/LaTeX.om
*** omake: finished reading OMakefiles (0.40 sec)
*** omake: warning: stdout is not a tty, disabling the progress bar
   (use --progress to override).
*** omake: done (1.49 sec, 0/0 scans, 36/36 rules, 52/230 digests)
omake lib-uninstall
omake: Symbol `FamErrlist' has different size in shared object, consider re-linking
*** omake: reading OMakefiles
OMake warning: could not create and/or lock a cache file for
   /usr/lib/omake/Pervasives.om
OMake warning: could not create and/or lock a cache file for
   /usr/lib/omake/build/C.om
OMake warning: could not create and/or lock a cache file for
   /usr/lib/omake/build/Common.om
OMake warning: could not create and/or lock a cache file for
   /usr/lib/omake/configure/Configure.om
OMake warning: could not create and/or lock a cache file for
   /usr/lib/omake/build/OCaml.om
OMake warning: could not create and/or lock a cache file for
   /usr/lib/omake/build/LaTeX.om
*** omake: finished reading OMakefiles (0.19 sec)
- build ocaml/idl <lib-uninstall>
ocamlfind: [WARNING] No such directory: /usr/local/lib/ocaml/3.12.1/xapi-datamodel
+ ocamlfind remove -destdir /usr/local/lib/ocaml/3.12.1 xapi-datamodel
- build ocaml/idl/ocaml_backend <lib-uninstall>
ocamlfind: [WARNING] No such directory: /usr/local/lib/ocaml/3.12.1/xapi-client
+ ocamlfind remove -destdir /usr/local/lib/ocaml/3.12.1 xapi-client
*** omake: done (0.22 sec, 0/0 scans, 2/2 rules, 0/230 digests)
rm -rf dist/staging
rm -f .omakedb .omakedb.lock xapi.spec
make[1]: Leaving directory `/«PKGBUILDDIR»'
   dh_clean
find . -name "*.omc" | xargs rm
 debian/rules build-arch
dh build-arch --with ocaml,python2
   dh_testdir -a
   dh_ocamlinit -a
   dh_auto_configure -a
   dh_auto_build -a
/bin/sh: 1: git: not found
make[1]: Entering directory `/«PKGBUILDDIR»'
omake phase1
omake: Symbol `FamErrlist' has different size in shared object, consider re-linking
*** omake: reading OMakefiles
OMake warning: could not create and/or lock a cache file for
   /usr/lib/omake/Pervasives.om
OMake warning: could not create and/or lock a cache file for
   /usr/lib/omake/build/C.om
OMake warning: could not create and/or lock a cache file for
   /usr/lib/omake/build/Common.om
OMake warning: could not create and/or lock a cache file for
   /usr/lib/omake/configure/Configure.om
OMake warning: could not create and/or lock a cache file for
   /usr/lib/omake/build/OCaml.om
OMake warning: could not create and/or lock a cache file for
   /usr/lib/omake/build/LaTeX.om
*** omake: finished reading OMakefiles (0.25 sec)
--- Checking for ocamlfind... (found /usr/bin/ocamlfind)
--- Checking for ocamlc.opt... (found /usr/bin/ocamlc.opt)
--- Checking for ocamlopt.opt... (found /usr/bin/ocamlopt.opt)
--- Checking whether ocamlc understands the "z" warnings... (yes)
*** omake: warning: stdout is not a tty, disabling the progress bar
   (use --progress to override).
*** omake: done (17.39 sec, 37/37 scans, 51/109 rules, 198/564 digests)
omake phase2
omake: Symbol `FamErrlist' has different size in shared object, consider re-linking
*** omake: reading OMakefiles
OMake warning: could not create and/or lock a cache file for
   /usr/lib/omake/Pervasives.om
OMake warning: could not create and/or lock a cache file for
   /usr/lib/omake/build/C.om
OMake warning: could not create and/or lock a cache file for
   /usr/lib/omake/build/Common.om
OMake warning: could not create and/or lock a cache file for
   /usr/lib/omake/configure/Configure.om
OMake warning: could not create and/or lock a cache file for
   /usr/lib/omake/build/OCaml.om
OMake warning: could not create and/or lock a cache file for
   /usr/lib/omake/build/LaTeX.om
*** omake: finished reading OMakefiles (0.17 sec)
*** omake: warning: stdout is not a tty, disabling the progress bar
   (use --progress to override).
*** omake: done (22.36 sec, 15/52 scans, 20/146 rules, 55/570 digests)
omake phase3
omake: Symbol `FamErrlist' has different size in shared object, consider re-linking
*** omake: reading OMakefiles
OMake warning: could not create and/or lock a cache file for
   /usr/lib/omake/Pervasives.om
OMake warning: could not create and/or lock a cache file for
   /usr/lib/omake/build/C.om
OMake warning: could not create and/or lock a cache file for
   /usr/lib/omake/build/Common.om
OMake warning: could not create and/or lock a cache file for
   /usr/lib/omake/configure/Configure.om
OMake warning: could not create and/or lock a cache file for
   /usr/lib/omake/build/OCaml.om
OMake warning: could not create and/or lock a cache file for
   /usr/lib/omake/build/LaTeX.om
*** omake: finished reading OMakefiles (0.17 sec)
*** omake: warning: stdout is not a tty, disabling the progress bar
   (use --progress to override).
--- Checking for gcc... (found /usr/bin/gcc)
--- Checking for g++... (found /usr/bin/g++)
- build ocaml/auth xa_auth_stubs.o
xa_auth_stubs.c+ gcc -g -O2 -DCOMPILE_NATIVE -I/usr/lib/ocaml -I. -c -o xa_auth_stubs.o xa_auth_stubs.c
:40:5: warning: implicit declaration of function 'caml_enter_blocking_section' is invalid in C99 [-Wimplicit-function-declaration]
    caml_enter_blocking_section();
    ^
xa_auth_stubs.c:42:5: warning: implicit declaration of function 'caml_leave_blocking_section' is invalid in C99 [-Wimplicit-function-declaration]
    caml_leave_blocking_section();
    ^
2 warnings generated.
*** omake: saved .omakedb
*** omake: saved .omakedb
- build ocaml/xenguest xenguest_stubs.o
In file included from + gcc -g -O2 -DCOMPILE_NATIVE -I/usr/lib/ocaml -I/usr/include -I. -c -o xenguest_stubs.o xenguest_stubs.c
xenguest_stubs.c:22:
In file included from /usr/include/xenctrl.h:56:
/usr/include/xen/foreign/x86_64.h:201:47: error: 'aligned' attribute ignored when parsing type
    __align8__ uint64_t evtchn_pending[sizeof(__align8__ uint64_t) * 8];
                                              ^~~~~~~~~~
/usr/include/xen/foreign/x86_64.h:13:36: note: expanded from macro '__align8__'
# define __align8__ __attribute__((aligned (8)))
                                   ^~~~~~~~~~~
/usr/include/xen/foreign/x86_64.h:202:44: error: 'aligned' attribute ignored when parsing type
    __align8__ uint64_t evtchn_mask[sizeof(__align8__ uint64_t) * 8];
                                           ^~~~~~~~~~
/usr/include/xen/foreign/x86_64.h:13:36: note: expanded from macro '__align8__'
# define __align8__ __attribute__((aligned (8)))
                                   ^~~~~~~~~~~
xenguest_stubs.c:74:9: warning: implicit declaration of function 'vasprintf' is invalid in C99 [-Wimplicit-function-declaration]
    if (vasprintf(buf, fmt, ap) == -1) {
        ^
xenguest_stubs.c:139:34: warning: format specifies type 'long long *' but the argument has type 'uint64_t *' (aka 'unsigned long *') [-Wformat]
       else if (sscanf(s, "%Ld", &value) != 1)
                           ~~~   ^~~~~~
                           %ld
xenguest_stubs.c:305:2: warning: implicit declaration of function 'xc_dom_loginit' is invalid in C99 [-Wimplicit-function-declaration]
        xc_dom_loginit(xch);
        ^
xenguest_stubs.c:323:2: warning: implicit declaration of function 'xc_dom_release' is invalid in C99 [-Wimplicit-function-declaration]
        xc_dom_release(dom);
        ^
xenguest_stubs.c:455:5: warning: implicit declaration of function 'errx' is invalid in C99 [-Wimplicit-function-declaration]
    errx(1, "Couldn't contact xenstore");
    ^
xenguest_stubs.c:470:15: warning: incompatible pointer types initializing 'int (*)(void *)' with an expression of type 'int (int, unsigned int, void *)' [-Wincompatible-pointer-types]
  .postcopy = switch_qemu_logdirty,
              ^~~~~~~~~~~~~~~~~~~~
xenguest_stubs.c:490:18: warning: incompatible integer to pointer conversion assigning to 'void *' from 'uint32_t' (aka 'unsigned int') [-Wint-conversion]
  callbacks.data = c_domid;
                 ^ ~~~~~~~
7 warnings and 2 errors generated.
*** omake: targets were not rebuilt because of errors:
   ocaml/xenguest/xenguest_stubs.o
      depends on: ocaml/xenguest/xenguest_stubs.c
*** omake: 2289/2757 targets are up to date
*** omake: failed (2 min 42.81 sec, 405/456 scans, 456/1187 rules, 1452/3934 digests)
make[1]: *** [all] Error 1
make[1]: Leaving directory `/«PKGBUILDDIR»'
dh_auto_build: make -j1 returned exit code 2
make: *** [build-arch] Error 2
dpkg-buildpackage: error: debian/rules build-arch gave error exit status 2
────────────────────────────────────────────────────────────────────────────────
Build finished at 20130202-0250

Finished
────────

E: Build failure (dpkg-buildpackage died)

┌──────────────────────────────────────────────────────────────────────────────┐
│ Cleanup                                                                      │
└──────────────────────────────────────────────────────────────────────────────┘

Purging /«BUILDDIR»
Not cleaning session: cloned chroot in use

┌──────────────────────────────────────────────────────────────────────────────┐
│ Summary                                                                      │
└──────────────────────────────────────────────────────────────────────────────┘

Architecture: amd64
Build-Space: 208936
Build-Time: 206
Distribution: unstable
Fail-Stage: build
Install-Time: 29
Job: xen-api_1.3.2-14
Package: xen-api
Package-Time: 275
Source-Version: 1.3.2-14
Space: 208936
Status: attempted
Version: 1.3.2-14
────────────────────────────────────────────────────────────────────────────────
Finished at 20130202-0250
Build needed 00:04:35, 208936k disc space
DC-Status: Failed 276.783818s
DC-Time-Estimation: 276.783818 versus expected 1192 (r/m: 3.3066101501642 ; m: 276.783818)
