DC-Build-Header: openvpn-auth-ldap 2.0.3-6.1 / 2019-01-09 22:31:19 +0000
DC-Task: type:rebuild-binarch-only source:openvpn-auth-ldap version:2.0.3-6.1 chroot:unstable esttime:37 logfile:/tmp/openvpn-auth-ldap_2.0.3-6.1_unstable_clang7.log modes:clang7:binarch-only
DC-Sbuild-call: su user42 -c 'sbuild -n --arch-any --apt-update -d unstable -v  --chroot-setup-commands=/tmp/clang7 openvpn-auth-ldap_2.0.3-6.1'
sbuild (Debian sbuild) 0.73.0 (23 Dec 2016) on ip-172-31-13-15.eu-central-1.compute.internal

+==============================================================================+
| openvpn-auth-ldap 2.0.3-6.1 (amd64)          Wed, 09 Jan 2019 22:31:19 +0000 |
+==============================================================================+

Package: openvpn-auth-ldap
Version: 2.0.3-6.1
Source Version: 2.0.3-6.1
Distribution: unstable
Machine Architecture: amd64
Host Architecture: amd64
Build Architecture: amd64
Build Type: any

I: NOTICE: Log filtering will replace 'var/run/schroot/mount/sid-amd64-sbuild-5cf5a405-edf7-47f9-8c48-9fd1e4ad0aa0' with '<<CHROOT>>'

+------------------------------------------------------------------------------+
| Chroot Setup Commands                                                        |
+------------------------------------------------------------------------------+


/tmp/clang7
-----------

+ echo 'Entering customization script...'
Entering customization script...
+ CLANG_VERSION=7
+ echo 'Install of clang-7'
Install of clang-7
+ apt-get update
Get:1 http://127.0.0.1:9999/debian sid InRelease [238 kB]
Get:2 http://127.0.0.1:9999/debian sid/main Sources.diff/Index [27.9 kB]
Get:3 http://127.0.0.1:9999/debian sid/main amd64 Packages.diff/Index [27.9 kB]
Get:4 http://127.0.0.1:9999/debian sid/main Sources 2019-01-09-1430.36.pdiff [24.1 kB]
Get:5 http://127.0.0.1:9999/debian sid/main Sources 2019-01-09-2026.40.pdiff [16.8 kB]
Get:6 http://127.0.0.1:9999/debian sid/main amd64 Packages 2019-01-09-1430.36.pdiff [40.9 kB]
Get:7 http://127.0.0.1:9999/debian sid/main amd64 Packages 2019-01-09-2026.40.pdiff [32.0 kB]
Get:5 http://127.0.0.1:9999/debian sid/main Sources 2019-01-09-2026.40.pdiff [16.8 kB]
Get:7 http://127.0.0.1:9999/debian sid/main amd64 Packages 2019-01-09-2026.40.pdiff [32.0 kB]
Get:8 http://127.0.0.1:9999/debian sid/main Translation-en [6274 kB]
Fetched 6681 kB in 2s (3289 kB/s)
Reading package lists...
+ apt-get install --yes --no-install-recommends --force-yes clang-7 libomp-7-dev libobjc-8-dev
Reading package lists...
Building dependency tree...
The following additional packages will be installed:
  lib32gcc1 lib32stdc++6 libbsd0 libc6-i386 libclang-common-7-dev libclang1-7
  libedit2 libgc1c2 libllvm7 libobjc4 libomp5-7
Suggested packages:
  clang-7-doc libomp-7-doc
Recommended packages:
  llvm-7-dev python
The following NEW packages will be installed:
  clang-7 lib32gcc1 lib32stdc++6 libbsd0 libc6-i386 libclang-common-7-dev
  libclang1-7 libedit2 libgc1c2 libllvm7 libobjc-8-dev libobjc4 libomp-7-dev
  libomp5-7
0 upgraded, 14 newly installed, 0 to remove and 5 not upgraded.
Need to get 34.5 MB of archives.
After this operation, 185 MB of additional disk space will be used.
Get:1 http://127.0.0.1:9999/debian sid/main amd64 libbsd0 amd64 0.9.1-1 [99.3 kB]
Get:2 http://127.0.0.1:9999/debian sid/main amd64 libedit2 amd64 3.1-20181209-1 [94.0 kB]
Get:3 http://127.0.0.1:9999/debian sid/main amd64 libllvm7 amd64 1:7.0.1-4 [13.0 MB]
Get:4 http://127.0.0.1:9999/debian sid/main amd64 libgc1c2 amd64 1:7.6.4-0.4 [224 kB]
Get:5 http://127.0.0.1:9999/debian sid/main amd64 libobjc4 amd64 8.2.0-14 [50.4 kB]
Get:6 http://127.0.0.1:9999/debian sid/main amd64 libobjc-8-dev amd64 8.2.0-14 [225 kB]
Get:7 http://127.0.0.1:9999/debian sid/main amd64 libc6-i386 amd64 2.28-4 [2873 kB]
Get:8 http://127.0.0.1:9999/debian sid/main amd64 lib32gcc1 amd64 1:8.2.0-14 [47.9 kB]
Get:9 http://127.0.0.1:9999/debian sid/main amd64 lib32stdc++6 amd64 8.2.0-14 [406 kB]
Get:10 http://127.0.0.1:9999/debian sid/main amd64 libclang-common-7-dev amd64 1:7.0.1-4 [3155 kB]
Get:11 http://127.0.0.1:9999/debian sid/main amd64 libclang1-7 amd64 1:7.0.1-4 [5991 kB]
Get:12 http://127.0.0.1:9999/debian sid/main amd64 clang-7 amd64 1:7.0.1-4 [7887 kB]
Get:13 http://127.0.0.1:9999/debian sid/main amd64 libomp5-7 amd64 1:7.0.1-4 [318 kB]
Get:14 http://127.0.0.1:9999/debian sid/main amd64 libomp-7-dev amd64 1:7.0.1-4 [57.1 kB]
debconf: delaying package configuration, since apt-utils is not installed
Fetched 34.5 MB in 0s (116 MB/s)
Selecting previously unselected package libbsd0:amd64.
(Reading database ... (Reading database ... 5%(Reading database ... 10%(Reading database ... 15%(Reading database ... 20%(Reading database ... 25%(Reading database ... 30%(Reading database ... 35%(Reading database ... 40%(Reading database ... 45%(Reading database ... 50%(Reading database ... 55%(Reading database ... 60%(Reading database ... 65%(Reading database ... 70%(Reading database ... 75%(Reading database ... 80%(Reading database ... 85%(Reading database ... 90%(Reading database ... 95%(Reading database ... 100%(Reading database ... 11802 files and directories currently installed.)
Preparing to unpack .../00-libbsd0_0.9.1-1_amd64.deb ...
Unpacking libbsd0:amd64 (0.9.1-1) ...
Selecting previously unselected package libedit2:amd64.
Preparing to unpack .../01-libedit2_3.1-20181209-1_amd64.deb ...
Unpacking libedit2:amd64 (3.1-20181209-1) ...
Selecting previously unselected package libllvm7:amd64.
Preparing to unpack .../02-libllvm7_1%3a7.0.1-4_amd64.deb ...
Unpacking libllvm7:amd64 (1:7.0.1-4) ...
Selecting previously unselected package libgc1c2:amd64.
Preparing to unpack .../03-libgc1c2_1%3a7.6.4-0.4_amd64.deb ...
Unpacking libgc1c2:amd64 (1:7.6.4-0.4) ...
Selecting previously unselected package libobjc4:amd64.
Preparing to unpack .../04-libobjc4_8.2.0-14_amd64.deb ...
Unpacking libobjc4:amd64 (8.2.0-14) ...
Selecting previously unselected package libobjc-8-dev:amd64.
Preparing to unpack .../05-libobjc-8-dev_8.2.0-14_amd64.deb ...
Unpacking libobjc-8-dev:amd64 (8.2.0-14) ...
Selecting previously unselected package libc6-i386.
Preparing to unpack .../06-libc6-i386_2.28-4_amd64.deb ...
Unpacking libc6-i386 (2.28-4) ...
Selecting previously unselected package lib32gcc1.
Preparing to unpack .../07-lib32gcc1_1%3a8.2.0-14_amd64.deb ...
Unpacking lib32gcc1 (1:8.2.0-14) ...
Selecting previously unselected package lib32stdc++6.
Preparing to unpack .../08-lib32stdc++6_8.2.0-14_amd64.deb ...
Unpacking lib32stdc++6 (8.2.0-14) ...
Selecting previously unselected package libclang-common-7-dev.
Preparing to unpack .../09-libclang-common-7-dev_1%3a7.0.1-4_amd64.deb ...
Unpacking libclang-common-7-dev (1:7.0.1-4) ...
Selecting previously unselected package libclang1-7:amd64.
Preparing to unpack .../10-libclang1-7_1%3a7.0.1-4_amd64.deb ...
Unpacking libclang1-7:amd64 (1:7.0.1-4) ...
Selecting previously unselected package clang-7.
Preparing to unpack .../11-clang-7_1%3a7.0.1-4_amd64.deb ...
Unpacking clang-7 (1:7.0.1-4) ...
Selecting previously unselected package libomp5-7:amd64.
Preparing to unpack .../12-libomp5-7_1%3a7.0.1-4_amd64.deb ...
Unpacking libomp5-7:amd64 (1:7.0.1-4) ...
Selecting previously unselected package libomp-7-dev.
Preparing to unpack .../13-libomp-7-dev_1%3a7.0.1-4_amd64.deb ...
Unpacking libomp-7-dev (1:7.0.1-4) ...
Setting up libgc1c2:amd64 (1:7.6.4-0.4) ...
Setting up libc6-i386 (2.28-4) ...
Setting up libbsd0:amd64 (0.9.1-1) ...
Setting up libomp5-7:amd64 (1:7.0.1-4) ...
Processing triggers for libc-bin (2.28-4) ...
Setting up libomp-7-dev (1:7.0.1-4) ...
Setting up lib32gcc1 (1:8.2.0-14) ...
Setting up libedit2:amd64 (3.1-20181209-1) ...
Setting up libobjc4:amd64 (8.2.0-14) ...
Setting up libobjc-8-dev:amd64 (8.2.0-14) ...
Setting up libllvm7:amd64 (1:7.0.1-4) ...
Setting up libclang1-7:amd64 (1:7.0.1-4) ...
Setting up lib32stdc++6 (8.2.0-14) ...
Setting up libclang-common-7-dev (1:7.0.1-4) ...
Setting up clang-7 (1:7.0.1-4) ...
Processing triggers for libc-bin (2.28-4) ...
W: --force-yes is deprecated, use one of the options starting with --allow instead.
+ echo 'Replace gcc, g++ & cpp by clang'
Replace gcc, g++ & cpp by clang
+ VERSIONS='4.6 4.7 4.8 4.9 5 6 7 8'
+ cd /usr/bin
+ for VERSION in $VERSIONS
+ rm -f g++-4.6 gcc-4.6 cpp-4.6 gcc
+ ln -s clang++-7 g++-4.6
+ ln -s clang-7 gcc-4.6
+ ln -s clang-7 cpp-4.6
+ ln -s clang-7 gcc
+ echo 'gcc-4.6 hold'
+ dpkg --set-selections
dpkg: warning: package not in status nor available database at line 1: gcc-4.6
dpkg: warning: found unknown packages; this might mean the available database
is outdated, and needs to be updated through a frontend method;
please see the FAQ <https://wiki.debian.org/Teams/Dpkg/FAQ>
+ echo 'g++-4.6 hold'
+ dpkg --set-selections
dpkg: warning: package not in status nor available database at line 1: g++-4.6
dpkg: warning: found unknown packages; this might mean the available database
is outdated, and needs to be updated through a frontend method;
please see the FAQ <https://wiki.debian.org/Teams/Dpkg/FAQ>
+ for VERSION in $VERSIONS
+ rm -f g++-4.7 gcc-4.7 cpp-4.7 gcc
+ ln -s clang++-7 g++-4.7
+ ln -s clang-7 gcc-4.7
+ ln -s clang-7 cpp-4.7
+ ln -s clang-7 gcc
+ echo 'gcc-4.7 hold'
+ dpkg --set-selections
dpkg: warning: package not in status nor available database at line 1: gcc-4.7
dpkg: warning: found unknown packages; this might mean the available database
is outdated, and needs to be updated through a frontend method;
please see the FAQ <https://wiki.debian.org/Teams/Dpkg/FAQ>
+ echo 'g++-4.7 hold'
+ dpkg --set-selections
dpkg: warning: package not in status nor available database at line 1: g++-4.7
dpkg: warning: found unknown packages; this might mean the available database
is outdated, and needs to be updated through a frontend method;
please see the FAQ <https://wiki.debian.org/Teams/Dpkg/FAQ>
+ for VERSION in $VERSIONS
+ rm -f g++-4.8 gcc-4.8 cpp-4.8 gcc
+ ln -s clang++-7 g++-4.8
+ ln -s clang-7 gcc-4.8
+ ln -s clang-7 cpp-4.8
+ ln -s clang-7 gcc
+ echo 'gcc-4.8 hold'
+ dpkg --set-selections
dpkg: warning: package not in status nor available database at line 1: gcc-4.8
dpkg: warning: found unknown packages; this might mean the available database
is outdated, and needs to be updated through a frontend method;
please see the FAQ <https://wiki.debian.org/Teams/Dpkg/FAQ>
+ echo 'g++-4.8 hold'
+ dpkg --set-selections
dpkg: warning: package not in status nor available database at line 1: g++-4.8
dpkg: warning: found unknown packages; this might mean the available database
is outdated, and needs to be updated through a frontend method;
please see the FAQ <https://wiki.debian.org/Teams/Dpkg/FAQ>
+ for VERSION in $VERSIONS
+ rm -f g++-4.9 gcc-4.9 cpp-4.9 gcc
+ ln -s clang++-7 g++-4.9
+ ln -s clang-7 gcc-4.9
+ ln -s clang-7 cpp-4.9
+ ln -s clang-7 gcc
+ echo 'gcc-4.9 hold'
+ dpkg --set-selections
dpkg: warning: package not in status nor available database at line 1: gcc-4.9
dpkg: warning: found unknown packages; this might mean the available database
is outdated, and needs to be updated through a frontend method;
please see the FAQ <https://wiki.debian.org/Teams/Dpkg/FAQ>
+ echo 'g++-4.9 hold'
+ dpkg --set-selections
dpkg: warning: package not in status nor available database at line 1: g++-4.9
dpkg: warning: found unknown packages; this might mean the available database
is outdated, and needs to be updated through a frontend method;
please see the FAQ <https://wiki.debian.org/Teams/Dpkg/FAQ>
+ for VERSION in $VERSIONS
+ rm -f g++-5 gcc-5 cpp-5 gcc
+ ln -s clang++-7 g++-5
+ ln -s clang-7 gcc-5
+ ln -s clang-7 cpp-5
+ ln -s clang-7 gcc
+ echo 'gcc-5 hold'
+ dpkg --set-selections
dpkg: warning: package not in status nor available database at line 1: gcc-5
dpkg: warning: found unknown packages; this might mean the available database
is outdated, and needs to be updated through a frontend method;
please see the FAQ <https://wiki.debian.org/Teams/Dpkg/FAQ>
+ echo 'g++-5 hold'
+ dpkg --set-selections
dpkg: warning: package not in status nor available database at line 1: g++-5
dpkg: warning: found unknown packages; this might mean the available database
is outdated, and needs to be updated through a frontend method;
please see the FAQ <https://wiki.debian.org/Teams/Dpkg/FAQ>
+ for VERSION in $VERSIONS
+ rm -f g++-6 gcc-6 cpp-6 gcc
+ ln -s clang++-7 g++-6
+ ln -s clang-7 gcc-6
+ ln -s clang-7 cpp-6
+ ln -s clang-7 gcc
+ echo 'gcc-6 hold'
+ dpkg --set-selections
dpkg: warning: package not in status nor available database at line 1: gcc-6
dpkg: warning: found unknown packages; this might mean the available database
is outdated, and needs to be updated through a frontend method;
please see the FAQ <https://wiki.debian.org/Teams/Dpkg/FAQ>
+ echo 'g++-6 hold'
+ dpkg --set-selections
dpkg: warning: package not in status nor available database at line 1: g++-6
dpkg: warning: found unknown packages; this might mean the available database
is outdated, and needs to be updated through a frontend method;
please see the FAQ <https://wiki.debian.org/Teams/Dpkg/FAQ>
+ for VERSION in $VERSIONS
+ rm -f g++-7 gcc-7 cpp-7 gcc
+ ln -s clang++-7 g++-7
+ ln -s clang-7 gcc-7
+ ln -s clang-7 cpp-7
+ ln -s clang-7 gcc
+ echo 'gcc-7 hold'
+ dpkg --set-selections
dpkg: warning: package not in status nor available database at line 1: gcc-7
dpkg: warning: found unknown packages; this might mean the available database
is outdated, and needs to be updated through a frontend method;
please see the FAQ <https://wiki.debian.org/Teams/Dpkg/FAQ>
+ echo 'g++-7 hold'
+ dpkg --set-selections
dpkg: warning: package not in status nor available database at line 1: g++-7
dpkg: warning: found unknown packages; this might mean the available database
is outdated, and needs to be updated through a frontend method;
please see the FAQ <https://wiki.debian.org/Teams/Dpkg/FAQ>
+ for VERSION in $VERSIONS
+ rm -f g++-8 gcc-8 cpp-8 gcc
+ ln -s clang++-7 g++-8
+ ln -s clang-7 gcc-8
+ ln -s clang-7 cpp-8
+ ln -s clang-7 gcc
+ echo 'gcc-8 hold'
+ dpkg --set-selections
+ echo 'g++-8 hold'
+ dpkg --set-selections
+ cd -
/build/openvpn-auth-ldap-DpIC9M
+ echo 'Check if gcc, g++ & cpp are actually clang'
Check if gcc, g++ & cpp are actually clang
+ gcc --version
+ grep clang
+ cpp --version
+ grep clang
+ g++ --version
+ grep clang

I: Finished running '/tmp/clang7'.

Finished processing commands.
--------------------------------------------------------------------------------

+------------------------------------------------------------------------------+
| Update chroot                                                                |
+------------------------------------------------------------------------------+

Hit:1 http://127.0.0.1:9999/debian sid InRelease
Reading package lists...
Reading package lists...
Building dependency tree...
Reading state information...
Calculating upgrade...
The following packages will be upgraded:
  libmpfr6 libpam-modules libpam-modules-bin libpam-runtime libpam0g
5 upgraded, 0 newly installed, 0 to remove and 0 not upgraded.
Need to get 1519 kB of archives.
After this operation, 7168 B of additional disk space will be used.
Get:1 http://127.0.0.1:9999/debian sid/main amd64 libpam0g amd64 1.1.8-4 [124 kB]
Get:2 http://127.0.0.1:9999/debian sid/main amd64 libpam-modules-bin amd64 1.1.8-4 [106 kB]
Get:3 http://127.0.0.1:9999/debian sid/main amd64 libpam-modules amd64 1.1.8-4 [305 kB]
Get:4 http://127.0.0.1:9999/debian sid/main amd64 libpam-runtime all 1.1.8-4 [211 kB]
Get:5 http://127.0.0.1:9999/debian sid/main amd64 libmpfr6 amd64 4.0.2~rc1-1 [773 kB]
debconf: delaying package configuration, since apt-utils is not installed
Fetched 1519 kB in 0s (76.7 MB/s)
(Reading database ... (Reading database ... 5%(Reading database ... 10%(Reading database ... 15%(Reading database ... 20%(Reading database ... 25%(Reading database ... 30%(Reading database ... 35%(Reading database ... 40%(Reading database ... 45%(Reading database ... 50%(Reading database ... 55%(Reading database ... 60%(Reading database ... 65%(Reading database ... 70%(Reading database ... 75%(Reading database ... 80%(Reading database ... 85%(Reading database ... 90%(Reading database ... 95%(Reading database ... 100%(Reading database ... 12592 files and directories currently installed.)
Preparing to unpack .../libpam0g_1.1.8-4_amd64.deb ...
Unpacking libpam0g:amd64 (1.1.8-4) over (1.1.8-3.8) ...
Setting up libpam0g:amd64 (1.1.8-4) ...
(Reading database ... (Reading database ... 5%(Reading database ... 10%(Reading database ... 15%(Reading database ... 20%(Reading database ... 25%(Reading database ... 30%(Reading database ... 35%(Reading database ... 40%(Reading database ... 45%(Reading database ... 50%(Reading database ... 55%(Reading database ... 60%(Reading database ... 65%(Reading database ... 70%(Reading database ... 75%(Reading database ... 80%(Reading database ... 85%(Reading database ... 90%(Reading database ... 95%(Reading database ... 100%(Reading database ... 12592 files and directories currently installed.)
Preparing to unpack .../libpam-modules-bin_1.1.8-4_amd64.deb ...
Unpacking libpam-modules-bin (1.1.8-4) over (1.1.8-3.8) ...
Setting up libpam-modules-bin (1.1.8-4) ...
(Reading database ... (Reading database ... 5%(Reading database ... 10%(Reading database ... 15%(Reading database ... 20%(Reading database ... 25%(Reading database ... 30%(Reading database ... 35%(Reading database ... 40%(Reading database ... 45%(Reading database ... 50%(Reading database ... 55%(Reading database ... 60%(Reading database ... 65%(Reading database ... 70%(Reading database ... 75%(Reading database ... 80%(Reading database ... 85%(Reading database ... 90%(Reading database ... 95%(Reading database ... 100%(Reading database ... 12592 files and directories currently installed.)
Preparing to unpack .../libpam-modules_1.1.8-4_amd64.deb ...
Unpacking libpam-modules:amd64 (1.1.8-4) over (1.1.8-3.8) ...
Setting up libpam-modules:amd64 (1.1.8-4) ...
(Reading database ... (Reading database ... 5%(Reading database ... 10%(Reading database ... 15%(Reading database ... 20%(Reading database ... 25%(Reading database ... 30%(Reading database ... 35%(Reading database ... 40%(Reading database ... 45%(Reading database ... 50%(Reading database ... 55%(Reading database ... 60%(Reading database ... 65%(Reading database ... 70%(Reading database ... 75%(Reading database ... 80%(Reading database ... 85%(Reading database ... 90%(Reading database ... 95%(Reading database ... 100%(Reading database ... 12592 files and directories currently installed.)
Preparing to unpack .../libpam-runtime_1.1.8-4_all.deb ...
Unpacking libpam-runtime (1.1.8-4) over (1.1.8-3.8) ...
Setting up libpam-runtime (1.1.8-4) ...
(Reading database ... (Reading database ... 5%(Reading database ... 10%(Reading database ... 15%(Reading database ... 20%(Reading database ... 25%(Reading database ... 30%(Reading database ... 35%(Reading database ... 40%(Reading database ... 45%(Reading database ... 50%(Reading database ... 55%(Reading database ... 60%(Reading database ... 65%(Reading database ... 70%(Reading database ... 75%(Reading database ... 80%(Reading database ... 85%(Reading database ... 90%(Reading database ... 95%(Reading database ... 100%(Reading database ... 12592 files and directories currently installed.)
Preparing to unpack .../libmpfr6_4.0.2~rc1-1_amd64.deb ...
Unpacking libmpfr6:amd64 (4.0.2~rc1-1) over (4.0.1-2) ...
Setting up libmpfr6:amd64 (4.0.2~rc1-1) ...
Processing triggers for libc-bin (2.28-4) ...

+------------------------------------------------------------------------------+
| Fetch source files                                                           |
+------------------------------------------------------------------------------+


Check APT
---------

Checking available source versions...

Download source files with APT
------------------------------

Reading package lists...
Need to get 271 kB of source archives.
Get:1 http://127.0.0.1:9999/debian sid/main openvpn-auth-ldap 2.0.3-6.1 (dsc) [1910 B]
Get:2 http://127.0.0.1:9999/debian sid/main openvpn-auth-ldap 2.0.3-6.1 (tar) [262 kB]
Get:3 http://127.0.0.1:9999/debian sid/main openvpn-auth-ldap 2.0.3-6.1 (diff) [7072 B]
Fetched 271 kB in 1s (330 kB/s)
Download complete and in download only mode
I: NOTICE: Log filtering will replace 'build/openvpn-auth-ldap-DpIC9M/openvpn-auth-ldap-2.0.3' with '<<PKGBUILDDIR>>'
I: NOTICE: Log filtering will replace 'build/openvpn-auth-ldap-DpIC9M' with '<<BUILDDIR>>'

+------------------------------------------------------------------------------+
| Install build-essential                                                      |
+------------------------------------------------------------------------------+


Setup apt archive
-----------------

Merged Build-Depends: build-essential, fakeroot
Filtered Build-Depends: build-essential, fakeroot
dpkg-deb: building package 'sbuild-build-depends-core-dummy' in '/<<BUILDDIR>>/resolver-VCZ43y/apt_archive/sbuild-build-depends-core-dummy.deb'.
dpkg-scanpackages: warning: Packages in archive but missing from override file:
dpkg-scanpackages: warning:   sbuild-build-depends-core-dummy
dpkg-scanpackages: info: Wrote 1 entries to output Packages file.
Ign:1 copy:/<<BUILDDIR>>/resolver-VCZ43y/apt_archive ./ InRelease
Get:2 copy:/<<BUILDDIR>>/resolver-VCZ43y/apt_archive ./ Release [957 B]
Ign:3 copy:/<<BUILDDIR>>/resolver-VCZ43y/apt_archive ./ Release.gpg
Get:4 copy:/<<BUILDDIR>>/resolver-VCZ43y/apt_archive ./ Sources [349 B]
Get:5 copy:/<<BUILDDIR>>/resolver-VCZ43y/apt_archive ./ Packages [432 B]
Fetched 1738 B in 0s (0 B/s)
Reading package lists...
Reading package lists...

Install core build dependencies (apt-based resolver)
----------------------------------------------------

Installing build dependencies
Reading package lists...
Building dependency tree...
Reading state information...
The following NEW packages will be installed:
  sbuild-build-depends-core-dummy
0 upgraded, 1 newly installed, 0 to remove and 0 not upgraded.
Need to get 856 B of archives.
After this operation, 0 B of additional disk space will be used.
Get:1 copy:/<<BUILDDIR>>/resolver-VCZ43y/apt_archive ./ sbuild-build-depends-core-dummy 0.invalid.0 [856 B]
debconf: delaying package configuration, since apt-utils is not installed
Fetched 856 B in 0s (0 B/s)
Selecting previously unselected package sbuild-build-depends-core-dummy.
(Reading database ... 12592 files and directories currently installed.)
Preparing to unpack .../sbuild-build-depends-core-dummy_0.invalid.0_amd64.deb ...
Unpacking sbuild-build-depends-core-dummy (0.invalid.0) ...
Setting up sbuild-build-depends-core-dummy (0.invalid.0) ...

+------------------------------------------------------------------------------+
| Check architectures                                                          |
+------------------------------------------------------------------------------+

Arch check ok (amd64 included in any)

+------------------------------------------------------------------------------+
| Install package build dependencies                                           |
+------------------------------------------------------------------------------+


Setup apt archive
-----------------

Merged Build-Depends: debhelper (>= 8.9.7), openvpn (>= 2), re2c, libldap2-dev, gobjc, autotools-dev, dh-autoreconf, libgnustep-base-dev
Filtered Build-Depends: debhelper (>= 8.9.7), openvpn (>= 2), re2c, libldap2-dev, gobjc, autotools-dev, dh-autoreconf, libgnustep-base-dev
dpkg-deb: building package 'sbuild-build-depends-openvpn-auth-ldap-dummy' in '/<<BUILDDIR>>/resolver-VCZ43y/apt_archive/sbuild-build-depends-openvpn-auth-ldap-dummy.deb'.
dpkg-scanpackages: warning: Packages in archive but missing from override file:
dpkg-scanpackages: warning:   sbuild-build-depends-core-dummy sbuild-build-depends-openvpn-auth-ldap-dummy
dpkg-scanpackages: info: Wrote 2 entries to output Packages file.
Ign:1 copy:/<<BUILDDIR>>/resolver-VCZ43y/apt_archive ./ InRelease
Get:2 copy:/<<BUILDDIR>>/resolver-VCZ43y/apt_archive ./ Release [963 B]
Ign:3 copy:/<<BUILDDIR>>/resolver-VCZ43y/apt_archive ./ Release.gpg
Get:4 copy:/<<BUILDDIR>>/resolver-VCZ43y/apt_archive ./ Sources [548 B]
Get:5 copy:/<<BUILDDIR>>/resolver-VCZ43y/apt_archive ./ Packages [633 B]
Fetched 2144 B in 0s (0 B/s)
Reading package lists...
Reading package lists...

Install openvpn-auth-ldap build dependencies (apt-based resolver)
-----------------------------------------------------------------

Installing build dependencies
Reading package lists...
Building dependency tree...
Reading state information...
The following additional packages will be installed:
  autoconf automake autopoint autotools-dev bsdmainutils ca-certificates
  debhelper dh-autoreconf dh-strip-nondeterminism dwz file gettext
  gettext-base gnustep-base-common gnustep-base-runtime gnustep-common
  gnustep-make gobjc gobjc-8 groff-base intltool-debian iproute2
  libarchive-zip-perl libavahi-client3 libavahi-common-data libavahi-common3
  libcap2 libcap2-bin libcroco3 libdbus-1-3 libelf1
  libfile-stripnondeterminism-perl libglib2.0-0 libgnustep-base-dev
  libgnustep-base1.25 libgssapi-krb5-2 libicu63 libk5crypto3 libkeyutils1
  libkrb5-3 libkrb5support0 libldap-2.4-2 libldap-common libldap2-dev
  liblzo2-2 libmagic-mgc libmagic1 libmnl0 libncurses6 libpipeline1
  libpkcs11-helper1 libsasl2-2 libsasl2-modules-db libsigsegv2 libssl1.1
  libtool libuchardet0 libxml2 libxslt1.1 libxtables12 lsb-base m4 man-db
  openssl openvpn po-debconf re2c sensible-utils
Suggested packages:
  autoconf-archive gnu-standards autoconf-doc wamerican | wordlist whois
  vacation dh-make gettext-doc libasprintf-dev libgettextpo-dev
  gnustep-make-doc gobjc-multilib gobjc-8-multilib gcc-8-doc libobjc4-dbg
  groff iproute2-doc gnustep-base-doc krb5-doc krb5-user libtool-doc gfortran
  | fortran95-compiler gcj-jdk m4-doc apparmor less www-browser resolvconf
  libmail-box-perl
Recommended packages:
  curl | wget | lynx libatm1 libpam-cap dbus libarchive-cpio-perl
  libglib2.0-data shared-mime-info xdg-user-dirs krb5-locales libgpm2
  libsasl2-modules libltdl-dev easy-rsa libmail-sendmail-perl
The following NEW packages will be installed:
  autoconf automake autopoint autotools-dev bsdmainutils ca-certificates
  debhelper dh-autoreconf dh-strip-nondeterminism dwz file gettext
  gettext-base gnustep-base-common gnustep-base-runtime gnustep-common
  gnustep-make gobjc gobjc-8 groff-base intltool-debian iproute2
  libarchive-zip-perl libavahi-client3 libavahi-common-data libavahi-common3
  libcap2 libcap2-bin libcroco3 libdbus-1-3 libelf1
  libfile-stripnondeterminism-perl libglib2.0-0 libgnustep-base-dev
  libgnustep-base1.25 libgssapi-krb5-2 libicu63 libk5crypto3 libkeyutils1
  libkrb5-3 libkrb5support0 libldap-2.4-2 libldap-common libldap2-dev
  liblzo2-2 libmagic-mgc libmagic1 libmnl0 libncurses6 libpipeline1
  libpkcs11-helper1 libsasl2-2 libsasl2-modules-db libsigsegv2 libssl1.1
  libtool libuchardet0 libxml2 libxslt1.1 libxtables12 lsb-base m4 man-db
  openssl openvpn po-debconf re2c sbuild-build-depends-openvpn-auth-ldap-dummy
  sensible-utils
0 upgraded, 69 newly installed, 0 to remove and 0 not upgraded.
Need to get 36.9 MB of archives.
After this operation, 135 MB of additional disk space will be used.
Get:1 copy:/<<BUILDDIR>>/resolver-VCZ43y/apt_archive ./ sbuild-build-depends-openvpn-auth-ldap-dummy 0.invalid.0 [924 B]
Get:2 http://127.0.0.1:9999/debian sid/main amd64 bsdmainutils amd64 11.1.2+b1 [191 kB]
Get:3 http://127.0.0.1:9999/debian sid/main amd64 libuchardet0 amd64 0.0.6-3 [64.9 kB]
Get:4 http://127.0.0.1:9999/debian sid/main amd64 groff-base amd64 1.22.4-2 [917 kB]
Get:5 http://127.0.0.1:9999/debian sid/main amd64 libpipeline1 amd64 1.5.0-2 [29.5 kB]
Get:6 http://127.0.0.1:9999/debian sid/main amd64 man-db amd64 2.8.5-1 [1274 kB]
Get:7 http://127.0.0.1:9999/debian sid/main amd64 libcap2 amd64 1:2.25-1.2 [17.2 kB]
Get:8 http://127.0.0.1:9999/debian sid/main amd64 libelf1 amd64 0.175-2 [160 kB]
Get:9 http://127.0.0.1:9999/debian sid/main amd64 libmnl0 amd64 1.0.4-2 [12.2 kB]
Get:10 http://127.0.0.1:9999/debian sid/main amd64 libxtables12 amd64 1.8.2-3 [79.9 kB]
Get:11 http://127.0.0.1:9999/debian sid/main amd64 libcap2-bin amd64 1:2.25-1.2 [27.2 kB]
Get:12 http://127.0.0.1:9999/debian sid/main amd64 iproute2 amd64 4.19.0-2 [817 kB]
Get:13 http://127.0.0.1:9999/debian sid/main amd64 sensible-utils all 0.0.12 [15.8 kB]
Get:14 http://127.0.0.1:9999/debian sid/main amd64 libmagic-mgc amd64 1:5.34-2 [239 kB]
Get:15 http://127.0.0.1:9999/debian sid/main amd64 libmagic1 amd64 1:5.34-2 [116 kB]
Get:16 http://127.0.0.1:9999/debian sid/main amd64 file amd64 1:5.34-2 [65.8 kB]
Get:17 http://127.0.0.1:9999/debian sid/main amd64 gettext-base amd64 0.19.8.1-9 [123 kB]
Get:18 http://127.0.0.1:9999/debian sid/main amd64 libsigsegv2 amd64 2.12-2 [32.8 kB]
Get:19 http://127.0.0.1:9999/debian sid/main amd64 m4 amd64 1.4.18-2 [203 kB]
Get:20 http://127.0.0.1:9999/debian sid/main amd64 autoconf all 2.69-11 [341 kB]
Get:21 http://127.0.0.1:9999/debian sid/main amd64 autotools-dev all 20180224.1 [77.0 kB]
Get:22 http://127.0.0.1:9999/debian sid/main amd64 automake all 1:1.16.1-4 [771 kB]
Get:23 http://127.0.0.1:9999/debian sid/main amd64 autopoint all 0.19.8.1-9 [434 kB]
Get:24 http://127.0.0.1:9999/debian sid/main amd64 libssl1.1 amd64 1.1.1a-1 [1527 kB]
Get:25 http://127.0.0.1:9999/debian sid/main amd64 openssl amd64 1.1.1a-1 [836 kB]
Get:26 http://127.0.0.1:9999/debian sid/main amd64 ca-certificates all 20180409 [161 kB]
Get:27 http://127.0.0.1:9999/debian sid/main amd64 libtool all 2.4.6-6 [547 kB]
Get:28 http://127.0.0.1:9999/debian sid/main amd64 dh-autoreconf all 19 [16.9 kB]
Get:29 http://127.0.0.1:9999/debian sid/main amd64 libarchive-zip-perl all 1.64-1 [96.8 kB]
Get:30 http://127.0.0.1:9999/debian sid/main amd64 libfile-stripnondeterminism-perl all 1.0.0-1 [19.5 kB]
Get:31 http://127.0.0.1:9999/debian sid/main amd64 dh-strip-nondeterminism all 1.0.0-1 [12.5 kB]
Get:32 http://127.0.0.1:9999/debian sid/main amd64 dwz amd64 0.12-3 [78.0 kB]
Get:33 http://127.0.0.1:9999/debian sid/main amd64 libglib2.0-0 amd64 2.58.2-3 [1257 kB]
Get:34 http://127.0.0.1:9999/debian sid/main amd64 libicu63 amd64 63.1-5 [8293 kB]
Get:35 http://127.0.0.1:9999/debian sid/main amd64 libxml2 amd64 2.9.4+dfsg1-7+b3 [687 kB]
Get:36 http://127.0.0.1:9999/debian sid/main amd64 libcroco3 amd64 0.6.12-3 [145 kB]
Get:37 http://127.0.0.1:9999/debian sid/main amd64 libncurses6 amd64 6.1+20181013-1 [102 kB]
Get:38 http://127.0.0.1:9999/debian sid/main amd64 gettext amd64 0.19.8.1-9 [1303 kB]
Get:39 http://127.0.0.1:9999/debian sid/main amd64 intltool-debian all 0.35.0+20060710.4 [26.3 kB]
Get:40 http://127.0.0.1:9999/debian sid/main amd64 po-debconf all 1.0.21 [248 kB]
Get:41 http://127.0.0.1:9999/debian sid/main amd64 debhelper all 12 [1002 kB]
Get:42 http://127.0.0.1:9999/debian sid/main amd64 gnustep-common amd64 2.7.0-4 [116 kB]
Get:43 http://127.0.0.1:9999/debian sid/main amd64 gnustep-base-common all 1.25.1-4 [268 kB]
Get:44 http://127.0.0.1:9999/debian sid/main amd64 libavahi-common-data amd64 0.7-4+b1 [122 kB]
Get:45 http://127.0.0.1:9999/debian sid/main amd64 libavahi-common3 amd64 0.7-4+b1 [54.6 kB]
Get:46 http://127.0.0.1:9999/debian sid/main amd64 libdbus-1-3 amd64 1.12.12-1 [212 kB]
Get:47 http://127.0.0.1:9999/debian sid/main amd64 libavahi-client3 amd64 0.7-4+b1 [58.1 kB]
Get:48 http://127.0.0.1:9999/debian sid/main amd64 libxslt1.1 amd64 1.1.32-2 [236 kB]
Get:49 http://127.0.0.1:9999/debian sid/main amd64 libgnustep-base1.25 amd64 1.25.1-4+b1 [1520 kB]
Get:50 http://127.0.0.1:9999/debian sid/main amd64 lsb-base all 10.2018112800 [28.3 kB]
Get:51 http://127.0.0.1:9999/debian sid/main amd64 gnustep-base-runtime amd64 1.25.1-4+b1 [419 kB]
Get:52 http://127.0.0.1:9999/debian sid/main amd64 gobjc-8 amd64 8.2.0-14 [6986 kB]
Get:53 http://127.0.0.1:9999/debian sid/main amd64 gobjc amd64 4:8.2.0-2 [1000 B]
Get:54 http://127.0.0.1:9999/debian sid/main amd64 gnustep-make all 2.7.0-4 [211 kB]
Get:55 http://127.0.0.1:9999/debian sid/main amd64 libgnustep-base-dev amd64 1.25.1-4+b1 [1932 kB]
Get:56 http://127.0.0.1:9999/debian sid/main amd64 libkeyutils1 amd64 1.5.9-9.3 [13.0 kB]
Get:57 http://127.0.0.1:9999/debian sid/main amd64 libkrb5support0 amd64 1.16.2-1 [63.3 kB]
Get:58 http://127.0.0.1:9999/debian sid/main amd64 libk5crypto3 amd64 1.16.2-1 [121 kB]
Get:59 http://127.0.0.1:9999/debian sid/main amd64 libkrb5-3 amd64 1.16.2-1 [320 kB]
Get:60 http://127.0.0.1:9999/debian sid/main amd64 libgssapi-krb5-2 amd64 1.16.2-1 [158 kB]
Get:61 http://127.0.0.1:9999/debian sid/main amd64 libsasl2-modules-db amd64 2.1.27~rc8-1 [68.4 kB]
Get:62 http://127.0.0.1:9999/debian sid/main amd64 libsasl2-2 amd64 2.1.27~rc8-1 [105 kB]
Get:63 http://127.0.0.1:9999/debian sid/main amd64 libldap-common all 2.4.47+dfsg-1 [88.8 kB]
Get:64 http://127.0.0.1:9999/debian sid/main amd64 libldap-2.4-2 amd64 2.4.47+dfsg-1 [224 kB]
Get:65 http://127.0.0.1:9999/debian sid/main amd64 libldap2-dev amd64 2.4.47+dfsg-1 [330 kB]
Get:66 http://127.0.0.1:9999/debian sid/main amd64 liblzo2-2 amd64 2.10-0.1 [56.1 kB]
Get:67 http://127.0.0.1:9999/debian sid/main amd64 libpkcs11-helper1 amd64 1.25.1-1 [47.6 kB]
Get:68 http://127.0.0.1:9999/debian sid/main amd64 openvpn amd64 2.4.6-1 [486 kB]
Get:69 http://127.0.0.1:9999/debian sid/main amd64 re2c amd64 1.1.1-1 [293 kB]
debconf: delaying package configuration, since apt-utils is not installed
Fetched 36.9 MB in 1s (29.1 MB/s)
Selecting previously unselected package bsdmainutils.
(Reading database ... 12592 files and directories currently installed.)
Preparing to unpack .../00-bsdmainutils_11.1.2+b1_amd64.deb ...
Unpacking bsdmainutils (11.1.2+b1) ...
Selecting previously unselected package libuchardet0:amd64.
Preparing to unpack .../01-libuchardet0_0.0.6-3_amd64.deb ...
Unpacking libuchardet0:amd64 (0.0.6-3) ...
Selecting previously unselected package groff-base.
Preparing to unpack .../02-groff-base_1.22.4-2_amd64.deb ...
Unpacking groff-base (1.22.4-2) ...
Selecting previously unselected package libpipeline1:amd64.
Preparing to unpack .../03-libpipeline1_1.5.0-2_amd64.deb ...
Unpacking libpipeline1:amd64 (1.5.0-2) ...
Selecting previously unselected package man-db.
Preparing to unpack .../04-man-db_2.8.5-1_amd64.deb ...
Unpacking man-db (2.8.5-1) ...
Selecting previously unselected package libcap2:amd64.
Preparing to unpack .../05-libcap2_1%3a2.25-1.2_amd64.deb ...
Unpacking libcap2:amd64 (1:2.25-1.2) ...
Selecting previously unselected package libelf1:amd64.
Preparing to unpack .../06-libelf1_0.175-2_amd64.deb ...
Unpacking libelf1:amd64 (0.175-2) ...
Selecting previously unselected package libmnl0:amd64.
Preparing to unpack .../07-libmnl0_1.0.4-2_amd64.deb ...
Unpacking libmnl0:amd64 (1.0.4-2) ...
Selecting previously unselected package libxtables12:amd64.
Preparing to unpack .../08-libxtables12_1.8.2-3_amd64.deb ...
Unpacking libxtables12:amd64 (1.8.2-3) ...
Selecting previously unselected package libcap2-bin.
Preparing to unpack .../09-libcap2-bin_1%3a2.25-1.2_amd64.deb ...
Unpacking libcap2-bin (1:2.25-1.2) ...
Selecting previously unselected package iproute2.
Preparing to unpack .../10-iproute2_4.19.0-2_amd64.deb ...
Unpacking iproute2 (4.19.0-2) ...
Selecting previously unselected package sensible-utils.
Preparing to unpack .../11-sensible-utils_0.0.12_all.deb ...
Unpacking sensible-utils (0.0.12) ...
Selecting previously unselected package libmagic-mgc.
Preparing to unpack .../12-libmagic-mgc_1%3a5.34-2_amd64.deb ...
Unpacking libmagic-mgc (1:5.34-2) ...
Selecting previously unselected package libmagic1:amd64.
Preparing to unpack .../13-libmagic1_1%3a5.34-2_amd64.deb ...
Unpacking libmagic1:amd64 (1:5.34-2) ...
Selecting previously unselected package file.
Preparing to unpack .../14-file_1%3a5.34-2_amd64.deb ...
Unpacking file (1:5.34-2) ...
Selecting previously unselected package gettext-base.
Preparing to unpack .../15-gettext-base_0.19.8.1-9_amd64.deb ...
Unpacking gettext-base (0.19.8.1-9) ...
Selecting previously unselected package libsigsegv2:amd64.
Preparing to unpack .../16-libsigsegv2_2.12-2_amd64.deb ...
Unpacking libsigsegv2:amd64 (2.12-2) ...
Selecting previously unselected package m4.
Preparing to unpack .../17-m4_1.4.18-2_amd64.deb ...
Unpacking m4 (1.4.18-2) ...
Selecting previously unselected package autoconf.
Preparing to unpack .../18-autoconf_2.69-11_all.deb ...
Unpacking autoconf (2.69-11) ...
Selecting previously unselected package autotools-dev.
Preparing to unpack .../19-autotools-dev_20180224.1_all.deb ...
Unpacking autotools-dev (20180224.1) ...
Selecting previously unselected package automake.
Preparing to unpack .../20-automake_1%3a1.16.1-4_all.deb ...
Unpacking automake (1:1.16.1-4) ...
Selecting previously unselected package autopoint.
Preparing to unpack .../21-autopoint_0.19.8.1-9_all.deb ...
Unpacking autopoint (0.19.8.1-9) ...
Selecting previously unselected package libssl1.1:amd64.
Preparing to unpack .../22-libssl1.1_1.1.1a-1_amd64.deb ...
Unpacking libssl1.1:amd64 (1.1.1a-1) ...
Selecting previously unselected package openssl.
Preparing to unpack .../23-openssl_1.1.1a-1_amd64.deb ...
Unpacking openssl (1.1.1a-1) ...
Selecting previously unselected package ca-certificates.
Preparing to unpack .../24-ca-certificates_20180409_all.deb ...
Unpacking ca-certificates (20180409) ...
Selecting previously unselected package libtool.
Preparing to unpack .../25-libtool_2.4.6-6_all.deb ...
Unpacking libtool (2.4.6-6) ...
Selecting previously unselected package dh-autoreconf.
Preparing to unpack .../26-dh-autoreconf_19_all.deb ...
Unpacking dh-autoreconf (19) ...
Selecting previously unselected package libarchive-zip-perl.
Preparing to unpack .../27-libarchive-zip-perl_1.64-1_all.deb ...
Unpacking libarchive-zip-perl (1.64-1) ...
Selecting previously unselected package libfile-stripnondeterminism-perl.
Preparing to unpack .../28-libfile-stripnondeterminism-perl_1.0.0-1_all.deb ...
Unpacking libfile-stripnondeterminism-perl (1.0.0-1) ...
Selecting previously unselected package dh-strip-nondeterminism.
Preparing to unpack .../29-dh-strip-nondeterminism_1.0.0-1_all.deb ...
Unpacking dh-strip-nondeterminism (1.0.0-1) ...
Selecting previously unselected package dwz.
Preparing to unpack .../30-dwz_0.12-3_amd64.deb ...
Unpacking dwz (0.12-3) ...
Selecting previously unselected package libglib2.0-0:amd64.
Preparing to unpack .../31-libglib2.0-0_2.58.2-3_amd64.deb ...
Unpacking libglib2.0-0:amd64 (2.58.2-3) ...
Selecting previously unselected package libicu63:amd64.
Preparing to unpack .../32-libicu63_63.1-5_amd64.deb ...
Unpacking libicu63:amd64 (63.1-5) ...
Selecting previously unselected package libxml2:amd64.
Preparing to unpack .../33-libxml2_2.9.4+dfsg1-7+b3_amd64.deb ...
Unpacking libxml2:amd64 (2.9.4+dfsg1-7+b3) ...
Selecting previously unselected package libcroco3:amd64.
Preparing to unpack .../34-libcroco3_0.6.12-3_amd64.deb ...
Unpacking libcroco3:amd64 (0.6.12-3) ...
Selecting previously unselected package libncurses6:amd64.
Preparing to unpack .../35-libncurses6_6.1+20181013-1_amd64.deb ...
Unpacking libncurses6:amd64 (6.1+20181013-1) ...
Selecting previously unselected package gettext.
Preparing to unpack .../36-gettext_0.19.8.1-9_amd64.deb ...
Unpacking gettext (0.19.8.1-9) ...
Selecting previously unselected package intltool-debian.
Preparing to unpack .../37-intltool-debian_0.35.0+20060710.4_all.deb ...
Unpacking intltool-debian (0.35.0+20060710.4) ...
Selecting previously unselected package po-debconf.
Preparing to unpack .../38-po-debconf_1.0.21_all.deb ...
Unpacking po-debconf (1.0.21) ...
Selecting previously unselected package debhelper.
Preparing to unpack .../39-debhelper_12_all.deb ...
Unpacking debhelper (12) ...
Selecting previously unselected package gnustep-common.
Preparing to unpack .../40-gnustep-common_2.7.0-4_amd64.deb ...
Unpacking gnustep-common (2.7.0-4) ...
Selecting previously unselected package gnustep-base-common.
Preparing to unpack .../41-gnustep-base-common_1.25.1-4_all.deb ...
Unpacking gnustep-base-common (1.25.1-4) ...
Selecting previously unselected package libavahi-common-data:amd64.
Preparing to unpack .../42-libavahi-common-data_0.7-4+b1_amd64.deb ...
Unpacking libavahi-common-data:amd64 (0.7-4+b1) ...
Selecting previously unselected package libavahi-common3:amd64.
Preparing to unpack .../43-libavahi-common3_0.7-4+b1_amd64.deb ...
Unpacking libavahi-common3:amd64 (0.7-4+b1) ...
Selecting previously unselected package libdbus-1-3:amd64.
Preparing to unpack .../44-libdbus-1-3_1.12.12-1_amd64.deb ...
Unpacking libdbus-1-3:amd64 (1.12.12-1) ...
Selecting previously unselected package libavahi-client3:amd64.
Preparing to unpack .../45-libavahi-client3_0.7-4+b1_amd64.deb ...
Unpacking libavahi-client3:amd64 (0.7-4+b1) ...
Selecting previously unselected package libxslt1.1:amd64.
Preparing to unpack .../46-libxslt1.1_1.1.32-2_amd64.deb ...
Unpacking libxslt1.1:amd64 (1.1.32-2) ...
Selecting previously unselected package libgnustep-base1.25.
Preparing to unpack .../47-libgnustep-base1.25_1.25.1-4+b1_amd64.deb ...
Unpacking libgnustep-base1.25 (1.25.1-4+b1) ...
Selecting previously unselected package lsb-base.
Preparing to unpack .../48-lsb-base_10.2018112800_all.deb ...
Unpacking lsb-base (10.2018112800) ...
Selecting previously unselected package gnustep-base-runtime.
Preparing to unpack .../49-gnustep-base-runtime_1.25.1-4+b1_amd64.deb ...
Unpacking gnustep-base-runtime (1.25.1-4+b1) ...
Selecting previously unselected package gobjc-8.
Preparing to unpack .../50-gobjc-8_8.2.0-14_amd64.deb ...
Unpacking gobjc-8 (8.2.0-14) ...
Selecting previously unselected package gobjc.
Preparing to unpack .../51-gobjc_4%3a8.2.0-2_amd64.deb ...
Unpacking gobjc (4:8.2.0-2) ...
Selecting previously unselected package gnustep-make.
Preparing to unpack .../52-gnustep-make_2.7.0-4_all.deb ...
Unpacking gnustep-make (2.7.0-4) ...
Selecting previously unselected package libgnustep-base-dev.
Preparing to unpack .../53-libgnustep-base-dev_1.25.1-4+b1_amd64.deb ...
Unpacking libgnustep-base-dev (1.25.1-4+b1) ...
Selecting previously unselected package libkeyutils1:amd64.
Preparing to unpack .../54-libkeyutils1_1.5.9-9.3_amd64.deb ...
Unpacking libkeyutils1:amd64 (1.5.9-9.3) ...
Selecting previously unselected package libkrb5support0:amd64.
Preparing to unpack .../55-libkrb5support0_1.16.2-1_amd64.deb ...
Unpacking libkrb5support0:amd64 (1.16.2-1) ...
Selecting previously unselected package libk5crypto3:amd64.
Preparing to unpack .../56-libk5crypto3_1.16.2-1_amd64.deb ...
Unpacking libk5crypto3:amd64 (1.16.2-1) ...
Selecting previously unselected package libkrb5-3:amd64.
Preparing to unpack .../57-libkrb5-3_1.16.2-1_amd64.deb ...
Unpacking libkrb5-3:amd64 (1.16.2-1) ...
Selecting previously unselected package libgssapi-krb5-2:amd64.
Preparing to unpack .../58-libgssapi-krb5-2_1.16.2-1_amd64.deb ...
Unpacking libgssapi-krb5-2:amd64 (1.16.2-1) ...
Selecting previously unselected package libsasl2-modules-db:amd64.
Preparing to unpack .../59-libsasl2-modules-db_2.1.27~rc8-1_amd64.deb ...
Unpacking libsasl2-modules-db:amd64 (2.1.27~rc8-1) ...
Selecting previously unselected package libsasl2-2:amd64.
Preparing to unpack .../60-libsasl2-2_2.1.27~rc8-1_amd64.deb ...
Unpacking libsasl2-2:amd64 (2.1.27~rc8-1) ...
Selecting previously unselected package libldap-common.
Preparing to unpack .../61-libldap-common_2.4.47+dfsg-1_all.deb ...
Unpacking libldap-common (2.4.47+dfsg-1) ...
Selecting previously unselected package libldap-2.4-2:amd64.
Preparing to unpack .../62-libldap-2.4-2_2.4.47+dfsg-1_amd64.deb ...
Unpacking libldap-2.4-2:amd64 (2.4.47+dfsg-1) ...
Selecting previously unselected package libldap2-dev:amd64.
Preparing to unpack .../63-libldap2-dev_2.4.47+dfsg-1_amd64.deb ...
Unpacking libldap2-dev:amd64 (2.4.47+dfsg-1) ...
Selecting previously unselected package liblzo2-2:amd64.
Preparing to unpack .../64-liblzo2-2_2.10-0.1_amd64.deb ...
Unpacking liblzo2-2:amd64 (2.10-0.1) ...
Selecting previously unselected package libpkcs11-helper1:amd64.
Preparing to unpack .../65-libpkcs11-helper1_1.25.1-1_amd64.deb ...
Unpacking libpkcs11-helper1:amd64 (1.25.1-1) ...
Selecting previously unselected package openvpn.
Preparing to unpack .../66-openvpn_2.4.6-1_amd64.deb ...
Unpacking openvpn (2.4.6-1) ...
Selecting previously unselected package re2c.
Preparing to unpack .../67-re2c_1.1.1-1_amd64.deb ...
Unpacking re2c (1.1.1-1) ...
Selecting previously unselected package sbuild-build-depends-openvpn-auth-ldap-dummy.
Preparing to unpack .../68-sbuild-build-depends-openvpn-auth-ldap-dummy_0.invalid.0_amd64.deb ...
Unpacking sbuild-build-depends-openvpn-auth-ldap-dummy (0.invalid.0) ...
Setting up libarchive-zip-perl (1.64-1) ...
Setting up libicu63:amd64 (63.1-5) ...
Setting up libsigsegv2:amd64 (2.12-2) ...
Setting up libldap-common (2.4.47+dfsg-1) ...
Setting up re2c (1.1.1-1) ...
Setting up libelf1:amd64 (0.175-2) ...
Setting up libglib2.0-0:amd64 (2.58.2-3) ...
No schema files found: doing nothing.
Setting up libcap2:amd64 (1:2.25-1.2) ...
Setting up gettext-base (0.19.8.1-9) ...
Setting up libpipeline1:amd64 (1.5.0-2) ...
Setting up m4 (1.4.18-2) ...
Setting up gnustep-common (2.7.0-4) ...
Setting up libxml2:amd64 (2.9.4+dfsg1-7+b3) ...
Setting up libuchardet0:amd64 (0.0.6-3) ...
Setting up libmagic-mgc (1:5.34-2) ...
Setting up libmagic1:amd64 (1:5.34-2) ...
Setting up lsb-base (10.2018112800) ...
Setting up libcroco3:amd64 (0.6.12-3) ...
Setting up libxslt1.1:amd64 (1.1.32-2) ...
Setting up gobjc-8 (8.2.0-14) ...
Setting up sensible-utils (0.0.12) ...
Processing triggers for libc-bin (2.28-4) ...
Setting up dwz (0.12-3) ...
Setting up libxtables12:amd64 (1.8.2-3) ...
Setting up autotools-dev (20180224.1) ...
Setting up libssl1.1:amd64 (1.1.1a-1) ...
Setting up openssl (1.1.1a-1) ...
Setting up libkeyutils1:amd64 (1.5.9-9.3) ...
Setting up bsdmainutils (11.1.2+b1) ...
update-alternatives: using /usr/bin/bsd-write to provide /usr/bin/write (write) in auto mode
update-alternatives: using /usr/bin/bsd-from to provide /usr/bin/from (from) in auto mode
Setting up ca-certificates (20180409) ...
Updating certificates in /etc/ssl/certs...
133 added, 0 removed; done.
Setting up libmnl0:amd64 (1.0.4-2) ...
Setting up libncurses6:amd64 (6.1+20181013-1) ...
Setting up autopoint (0.19.8.1-9) ...
Setting up libdbus-1-3:amd64 (1.12.12-1) ...
Setting up liblzo2-2:amd64 (2.10-0.1) ...
Setting up libavahi-common-data:amd64 (0.7-4+b1) ...
Setting up libfile-stripnondeterminism-perl (1.0.0-1) ...
Setting up gnustep-base-common (1.25.1-4) ...
Setting up gettext (0.19.8.1-9) ...
Setting up libcap2-bin (1:2.25-1.2) ...
Setting up libpkcs11-helper1:amd64 (1.25.1-1) ...
Setting up groff-base (1.22.4-2) ...
Setting up gobjc (4:8.2.0-2) ...
Setting up autoconf (2.69-11) ...
Setting up file (1:5.34-2) ...
Setting up iproute2 (4.19.0-2) ...
Setting up libkrb5support0:amd64 (1.16.2-1) ...
Setting up intltool-debian (0.35.0+20060710.4) ...
Setting up openvpn (2.4.6-1) ...
invoke-rc.d: could not determine current runlevel
All runlevel operations denied by policy
invoke-rc.d: policy-rc.d denied execution of cond-restart.
Setting up gnustep-make (2.7.0-4) ...
Setting up automake (1:1.16.1-4) ...
update-alternatives: using /usr/bin/automake-1.16 to provide /usr/bin/automake (automake) in auto mode
Setting up man-db (2.8.5-1) ...
Not building database; man-db/auto-update is not 'true'.
Setting up libavahi-common3:amd64 (0.7-4+b1) ...
Setting up libtool (2.4.6-6) ...
Setting up libk5crypto3:amd64 (1.16.2-1) ...
Setting up po-debconf (1.0.21) ...
Setting up libavahi-client3:amd64 (0.7-4+b1) ...
Setting up libkrb5-3:amd64 (1.16.2-1) ...
Setting up libgnustep-base1.25 (1.25.1-4+b1) ...
Setting up libgssapi-krb5-2:amd64 (1.16.2-1) ...
Setting up gnustep-base-runtime (1.25.1-4+b1) ...
invoke-rc.d: could not determine current runlevel
All runlevel operations denied by policy
invoke-rc.d: policy-rc.d denied execution of start.
Setting up libgnustep-base-dev (1.25.1-4+b1) ...
Setting up libsasl2-modules-db:amd64 (2.1.27~rc8-1) ...
Setting up libsasl2-2:amd64 (2.1.27~rc8-1) ...
Setting up libldap-2.4-2:amd64 (2.4.47+dfsg-1) ...
Setting up libldap2-dev:amd64 (2.4.47+dfsg-1) ...
Setting up debhelper (12) ...
Setting up dh-autoreconf (19) ...
Setting up dh-strip-nondeterminism (1.0.0-1) ...
Setting up sbuild-build-depends-openvpn-auth-ldap-dummy (0.invalid.0) ...
Processing triggers for libc-bin (2.28-4) ...
Processing triggers for ca-certificates (20180409) ...
Updating certificates in /etc/ssl/certs...
0 added, 0 removed; done.
Running hooks in /etc/ca-certificates/update.d...
done.

+------------------------------------------------------------------------------+
| Build environment                                                            |
+------------------------------------------------------------------------------+

Kernel: Linux 4.9.0-8-amd64 amd64 (x86_64)
Toolchain package versions: binutils_2.31.1-11 dpkg-dev_1.19.2 g++-8_8.2.0-14 gcc-8_8.2.0-14 libc6-dev_2.28-4 libstdc++-8-dev_8.2.0-14 libstdc++6_8.2.0-14 linux-libc-dev_4.19.13-1
Package versions: adduser_3.118 apt_1.8.0~alpha3 autoconf_2.69-11 automake_1:1.16.1-4 autopoint_0.19.8.1-9 autotools-dev_20180224.1 base-files_10.1 base-passwd_3.5.45 bash_4.4.18-3.1 binutils_2.31.1-11 binutils-common_2.31.1-11 binutils-x86-64-linux-gnu_2.31.1-11 bsdmainutils_11.1.2+b1 bsdutils_1:2.33-0.2 build-essential_12.5 bzip2_1.0.6-9 ca-certificates_20180409 clang-7_1:7.0.1-4 coreutils_8.30-1 cpp_4:8.2.0-2 cpp-8_8.2.0-14 dash_0.5.10.2-4 debconf_1.5.69 debhelper_12 debian-archive-keyring_2018.1 debianutils_4.8.6 dh-autoreconf_19 dh-strip-nondeterminism_1.0.0-1 diffutils_1:3.6-1 dpkg_1.19.2 dpkg-dev_1.19.2 dwz_0.12-3 e2fsprogs_1.44.5-1 fakeroot_1.23-1 fdisk_2.33-0.2 file_1:5.34-2 findutils_4.6.0+git+20181018-1 g++_4:8.2.0-2 g++-8_8.2.0-14 gcc_4:8.2.0-2 gcc-8_8.2.0-14 gcc-8-base_8.2.0-14 gettext_0.19.8.1-9 gettext-base_0.19.8.1-9 gnustep-base-common_1.25.1-4 gnustep-base-runtime_1.25.1-4+b1 gnustep-common_2.7.0-4 gnustep-make_2.7.0-4 gobjc_4:8.2.0-2 gobjc-8_8.2.0-14 gpgv_2.2.12-1 grep_3.3-1 groff-base_1.22.4-2 gzip_1.9-3 hostname_3.21 init-system-helpers_1.56+nmu1 intltool-debian_0.35.0+20060710.4 iproute2_4.19.0-2 lib32gcc1_1:8.2.0-14 lib32stdc++6_8.2.0-14 libacl1_2.2.52-3+b1 libapt-pkg5.0_1.8.0~alpha3 libarchive-zip-perl_1.64-1 libasan5_8.2.0-14 libatomic1_8.2.0-14 libattr1_1:2.4.47-2+b2 libaudit-common_1:2.8.4-2 libaudit1_1:2.8.4-2 libavahi-client3_0.7-4+b1 libavahi-common-data_0.7-4+b1 libavahi-common3_0.7-4+b1 libbinutils_2.31.1-11 libblkid1_2.33-0.2 libbsd0_0.9.1-1 libbz2-1.0_1.0.6-9 libc-bin_2.28-4 libc-dev-bin_2.28-4 libc6_2.28-4 libc6-dev_2.28-4 libc6-i386_2.28-4 libcap-ng0_0.7.9-1+b1 libcap2_1:2.25-1.2 libcap2-bin_1:2.25-1.2 libcc1-0_8.2.0-14 libclang-common-7-dev_1:7.0.1-4 libclang1-7_1:7.0.1-4 libcom-err2_1.44.5-1 libcroco3_0.6.12-3 libdb5.3_5.3.28+dfsg1-0.2 libdbus-1-3_1.12.12-1 libdebconfclient0_0.246 libdpkg-perl_1.19.2 libedit2_3.1-20181209-1 libelf1_0.175-2 libext2fs2_1.44.5-1 libfakeroot_1.23-1 libfdisk1_2.33-0.2 libffi6_3.2.1-9 libfile-stripnondeterminism-perl_1.0.0-1 libgc1c2_1:7.6.4-0.4 libgcc-8-dev_8.2.0-14 libgcc1_1:8.2.0-14 libgcrypt20_1.8.4-4 libgdbm-compat4_1.18.1-2 libgdbm6_1.18.1-2 libglib2.0-0_2.58.2-3 libgmp10_2:6.1.2+dfsg-4 libgnustep-base-dev_1.25.1-4+b1 libgnustep-base1.25_1.25.1-4+b1 libgnutls30_3.6.5-2 libgomp1_8.2.0-14 libgpg-error0_1.33-3 libgssapi-krb5-2_1.16.2-1 libhogweed4_3.4.1~rc1-1 libicu63_63.1-5 libidn2-0_2.0.5-1 libisl19_0.20-2 libitm1_8.2.0-14 libk5crypto3_1.16.2-1 libkeyutils1_1.5.9-9.3 libkrb5-3_1.16.2-1 libkrb5support0_1.16.2-1 libldap-2.4-2_2.4.47+dfsg-1 libldap-common_2.4.47+dfsg-1 libldap2-dev_2.4.47+dfsg-1 libllvm7_1:7.0.1-4 liblsan0_8.2.0-14 liblz4-1_1.8.3-1 liblzma5_5.2.2-1.3 liblzo2-2_2.10-0.1 libmagic-mgc_1:5.34-2 libmagic1_1:5.34-2 libmnl0_1.0.4-2 libmount1_2.33-0.2 libmpc3_1.1.0-1 libmpfr6_4.0.2~rc1-1 libmpx2_8.2.0-14 libncurses6_6.1+20181013-1 libncursesw6_6.1+20181013-1 libnettle6_3.4.1~rc1-1 libobjc-8-dev_8.2.0-14 libobjc4_8.2.0-14 libomp-7-dev_1:7.0.1-4 libomp5-7_1:7.0.1-4 libp11-kit0_0.23.14-2 libpam-modules_1.1.8-4 libpam-modules-bin_1.1.8-4 libpam-runtime_1.1.8-4 libpam0g_1.1.8-4 libpcre3_2:8.39-11 libperl5.28_5.28.1-3 libpipeline1_1.5.0-2 libpkcs11-helper1_1.25.1-1 libquadmath0_8.2.0-14 libsasl2-2_2.1.27~rc8-1 libsasl2-modules-db_2.1.27~rc8-1 libseccomp2_2.3.3-3 libselinux1_2.8-1+b1 libsemanage-common_2.8-2 libsemanage1_2.8-2 libsepol1_2.8-1 libsigsegv2_2.12-2 libsmartcols1_2.33-0.2 libss2_1.44.5-1 libssl1.1_1.1.1a-1 libstdc++-8-dev_8.2.0-14 libstdc++6_8.2.0-14 libsystemd0_240-2 libtasn1-6_4.13-3 libtinfo6_6.1+20181013-1 libtool_2.4.6-6 libtsan0_8.2.0-14 libubsan1_8.2.0-14 libuchardet0_0.0.6-3 libudev1_240-2 libunistring2_0.9.10-1 libuuid1_2.33-0.2 libxml2_2.9.4+dfsg1-7+b3 libxslt1.1_1.1.32-2 libxtables12_1.8.2-3 libzstd1_1.3.8+dfsg-3 linux-libc-dev_4.19.13-1 login_1:4.5-1.1 lsb-base_10.2018112800 m4_1.4.18-2 make_4.2.1-1.2 man-db_2.8.5-1 mawk_1.3.3-17+b3 mount_2.33-0.2 ncurses-base_6.1+20181013-1 ncurses-bin_6.1+20181013-1 openssl_1.1.1a-1 openvpn_2.4.6-1 passwd_1:4.5-1.1 patch_2.7.6-3 perl_5.28.1-3 perl-base_5.28.1-3 perl-modules-5.28_5.28.1-3 po-debconf_1.0.21 re2c_1.1.1-1 sbuild-build-depends-core-dummy_0.invalid.0 sbuild-build-depends-openvpn-auth-ldap-dummy_0.invalid.0 sed_4.7-1 sensible-utils_0.0.12 sysvinit-utils_2.93-3 tar_1.30+dfsg-4 tzdata_2018i-1 util-linux_2.33-0.2 xz-utils_5.2.2-1.3 zlib1g_1:1.2.11.dfsg-1

+------------------------------------------------------------------------------+
| Build                                                                        |
+------------------------------------------------------------------------------+


Unpack source
-------------

gpgv: unknown type of key resource 'trustedkeys.kbx'
gpgv: keyblock resource '/sbuild-nonexistent/.gnupg/trustedkeys.kbx': General error
gpgv: Signature made Tue Oct 14 23:01:51 2014 UTC
gpgv:                using RSA key FB863251A86F9E47
gpgv: Can't check signature: No public key
dpkg-source: warning: failed to verify signature on ./openvpn-auth-ldap_2.0.3-6.1.dsc
dpkg-source: info: extracting openvpn-auth-ldap in /<<PKGBUILDDIR>>
dpkg-source: info: unpacking openvpn-auth-ldap_2.0.3.orig.tar.gz
dpkg-source: info: unpacking openvpn-auth-ldap_2.0.3-6.1.debian.tar.xz
dpkg-source: info: using patch list from debian/patches/series
dpkg-source: info: applying STARTTLS_before_auth.patch
dpkg-source: info: applying gobjc_4.7_runtime.patch
dpkg-source: info: applying openvpn_ldap_simpler_add_handler_4
dpkg-source: info: applying auth-ldap-gnustep.patch

Check disk space
----------------

Sufficient free space for build

User Environment
----------------

APT_CONFIG=/var/lib/sbuild/apt.conf
HOME=/sbuild-nonexistent
LANG=en_US.UTF-8
LC_ALL=POSIX
LOGNAME=user42
PATH=/usr/local/sbin:/usr/local/bin:/usr/sbin:/usr/bin:/sbin:/bin:/usr/games
SCHROOT_ALIAS_NAME=unstable
SCHROOT_CHROOT_NAME=sid-amd64-sbuild
SCHROOT_COMMAND=env
SCHROOT_GID=1001
SCHROOT_GROUP=user42
SCHROOT_SESSION_ID=sid-amd64-sbuild-5cf5a405-edf7-47f9-8c48-9fd1e4ad0aa0
SCHROOT_UID=1001
SCHROOT_USER=user42
SHELL=/bin/sh
USER=user42

dpkg-buildpackage
-----------------

dpkg-buildpackage: info: source package openvpn-auth-ldap
dpkg-buildpackage: info: source version 2.0.3-6.1
dpkg-buildpackage: info: source distribution unstable
dpkg-buildpackage: info: source changed by Wookey <wookey@debian.org>
 dpkg-source --before-build .
dpkg-buildpackage: info: host architecture amd64
 fakeroot debian/rules clean
dh clean --with autoreconf,autotools-dev
dh: Compatibility levels before 9 are deprecated (level 5 in use)
dh: The autotools-dev sequence is deprecated and replaced by dh in debhelper (>= 9.20160115)
dh: This feature will be removed in compat 12.
   debian/rules override_dh_auto_clean
make[1]: Entering directory '/<<PKGBUILDDIR>>'
rm -f tests/Makefile
dh_auto_clean
dh_auto_clean: Compatibility levels before 9 are deprecated (level 5 in use)
make[1]: Leaving directory '/<<PKGBUILDDIR>>'
   dh_autotools-dev_restoreconfig
dh_autotools-dev_restoreconfig: Compatibility levels before 9 are deprecated (level 5 in use)
dh_autotools-dev_restoreconfig: dh_autotools-dev_restoreconfig is deprecated; please see dh_autotools-dev_restoreconfig(1) for a replacement
dh_autotools-dev_restoreconfig: This feature will be removed in compat 12.
   dh_clean
dh_clean: Compatibility levels before 9 are deprecated (level 5 in use)
 debian/rules build-arch
dh build-arch --with autoreconf,autotools-dev
dh: Compatibility levels before 9 are deprecated (level 5 in use)
dh: The autotools-dev sequence is deprecated and replaced by dh in debhelper (>= 9.20160115)
dh: This feature will be removed in compat 12.
   dh_update_autotools_config -a
   dh_autoreconf -a
   dh_autotools-dev_updateconfig -a
dh_autotools-dev_updateconfig: Compatibility levels before 9 are deprecated (level 5 in use)
dh_autotools-dev_updateconfig: dh_autotools-dev_updateconfig is deprecated; please see dh_autotools-dev_updateconfig(1) for a replacement
dh_autotools-dev_updateconfig: This feature will be removed in compat 12.
   debian/rules override_dh_auto_configure
make[1]: Entering directory '/<<PKGBUILDDIR>>'
dh_auto_configure -- CFLAGS="-g -O2 -fdebug-prefix-map=/<<PKGBUILDDIR>>=. -fstack-protector-strong -Wformat -Werror=format-security" CPPFLAGS="-Wdate-time -D_FORTIFY_SOURCE=2" CXXFLAGS="-g -O2 -fdebug-prefix-map=/<<PKGBUILDDIR>>=. -fstack-protector-strong -Wformat -Werror=format-security" FCFLAGS="-g -O2 -fdebug-prefix-map=/<<PKGBUILDDIR>>=. -fstack-protector-strong" FFLAGS="-g -O2 -fdebug-prefix-map=/<<PKGBUILDDIR>>=. -fstack-protector-strong" GCJFLAGS="-g -O2 -fdebug-prefix-map=/<<PKGBUILDDIR>>=. -fstack-protector-strong" LDFLAGS="-Wl,-z,relro" OBJCFLAGS="-g -O2 -fdebug-prefix-map=/<<PKGBUILDDIR>>=. -fstack-protector-strong -Wformat -Werror=format-security" OBJCXXFLAGS="-g -O2 -fdebug-prefix-map=/<<PKGBUILDDIR>>=. -fstack-protector-strong -Wformat -Werror=format-security"  --prefix=/usr --with-openvpn=/usr/include/openvpn --with-objc-runtime=modern
dh_auto_configure: Compatibility levels before 9 are deprecated (level 5 in use)
	./configure --build=x86_64-linux-gnu --prefix=/usr --includedir=\${prefix}/include --mandir=\${prefix}/share/man --infodir=\${prefix}/share/info --sysconfdir=/etc --localstatedir=/var --disable-silent-rules --libexecdir=\${prefix}/lib/openvpn-auth-ldap --disable-maintainer-mode --disable-dependency-tracking "CFLAGS=-g -O2 -fdebug-prefix-map=/<<PKGBUILDDIR>>=. -fstack-protector-strong -Wformat -Werror=format-security" "CPPFLAGS=-Wdate-time -D_FORTIFY_SOURCE=2" "CXXFLAGS=-g -O2 -fdebug-prefix-map=/<<PKGBUILDDIR>>=. -fstack-protector-strong -Wformat -Werror=format-security" "FCFLAGS=-g -O2 -fdebug-prefix-map=/<<PKGBUILDDIR>>=. -fstack-protector-strong" "FFLAGS=-g -O2 -fdebug-prefix-map=/<<PKGBUILDDIR>>=. -fstack-protector-strong" "GCJFLAGS=-g -O2 -fdebug-prefix-map=/<<PKGBUILDDIR>>=. -fstack-protector-strong" LDFLAGS=-Wl,-z,relro "OBJCFLAGS=-g -O2 -fdebug-prefix-map=/<<PKGBUILDDIR>>=. -fstack-protector-strong -Wformat -Werror=format-security" "OBJCXXFLAGS=-g -O2 -fdebug-prefix-map=/<<PKGBUILDDIR>>=. -fstack-protector-strong -Wformat -Werror=format-security" --prefix=/usr --with-openvpn=/usr/include/openvpn --with-objc-runtime=modern
configure: WARNING: unrecognized options: --disable-silent-rules, --disable-maintainer-mode, --disable-dependency-tracking
checking build system type... x86_64-pc-linux-gnu
checking host system type... x86_64-pc-linux-gnu
checking target system type... x86_64-pc-linux-gnu
checking for gcc... gcc
checking whether the C compiler works... yes
checking for C compiler default output file name... a.out
checking for suffix of executables... 
checking whether we are cross compiling... no
checking for suffix of object files... o
checking whether we are using the GNU C compiler... yes
checking whether gcc accepts -g... yes
checking for gcc option to accept ISO C89... none needed
checking for gcc... gcc
checking whether we are using the GNU Objective C compiler... yes
checking whether gcc accepts -g... yes
checking for a BSD-compatible install... /usr/bin/install -c
checking whether ln -s works... yes
checking whether make sets $(MAKE)... yes
checking for re2c... /usr/bin/re2c
checking for doxygen... no
checking for dot... no
checking how to run the C preprocessor... gcc -E
checking for grep that handles long lines and -e... /bin/grep
checking for egrep... /bin/grep -E
checking for ANSI C header files... yes
checking for the pthreads library -lpthreads... no
checking whether pthreads work without any flags... no
checking whether pthreads work with -Kthread... no
checking whether pthreads work with -kthread... no
checking for the pthreads library -llthread... no
checking whether pthreads work with -pthread... yes
checking for joinable pthread attribute... PTHREAD_CREATE_JOINABLE
checking if more special flags are required for pthreads... no
checking for BSD pf(4) support... no
configure: WARNING: pf(4) table support will not be included.
checking for strlcpy... no
checking for openldap... yes
checking for check unit test library... no
configure: WARNING: Check library not found. Unit tests will not be built or run.
checking for openvpn-plugin.h... yes
checking how to run the Objective C preprocessor... gcc -E
checking for sys/types.h... yes
checking for sys/stat.h... yes
checking for stdlib.h... yes
checking for string.h... yes
checking for memory.h... yes
checking for strings.h... yes
checking for inttypes.h... yes
checking for stdint.h... yes
checking for unistd.h... yes
checking objc/objc.h usability... no
checking objc/objc.h presence... no
checking for objc/objc.h... no
configure: error: Can't locate Objective C runtime headers
	tail -v -n \+0 config.log
==> config.log <==
This file contains any messages produced by compilers while
running configure, to aid debugging if configure makes a mistake.

It was created by auth-ldap configure 2.0, which was
generated by GNU Autoconf 2.69.  Invocation command line was

  $ ./configure --build=x86_64-linux-gnu --prefix=/usr --includedir=${prefix}/include --mandir=${prefix}/share/man --infodir=${prefix}/share/info --sysconfdir=/etc --localstatedir=/var --disable-silent-rules --libexecdir=${prefix}/lib/openvpn-auth-ldap --disable-maintainer-mode --disable-dependency-tracking CFLAGS=-g -O2 -fdebug-prefix-map=/<<PKGBUILDDIR>>=. -fstack-protector-strong -Wformat -Werror=format-security CPPFLAGS=-Wdate-time -D_FORTIFY_SOURCE=2 CXXFLAGS=-g -O2 -fdebug-prefix-map=/<<PKGBUILDDIR>>=. -fstack-protector-strong -Wformat -Werror=format-security FCFLAGS=-g -O2 -fdebug-prefix-map=/<<PKGBUILDDIR>>=. -fstack-protector-strong FFLAGS=-g -O2 -fdebug-prefix-map=/<<PKGBUILDDIR>>=. -fstack-protector-strong GCJFLAGS=-g -O2 -fdebug-prefix-map=/<<PKGBUILDDIR>>=. -fstack-protector-strong LDFLAGS=-Wl,-z,relro OBJCFLAGS=-g -O2 -fdebug-prefix-map=/<<PKGBUILDDIR>>=. -fstack-protector-strong -Wformat -Werror=format-security OBJCXXFLAGS=-g -O2 -fdebug-prefix-map=/<<PKGBUILDDIR>>=. -fstack-protector-strong -Wformat -Werror=format-security --prefix=/usr --with-openvpn=/usr/include/openvpn --with-objc-runtime=modern

## --------- ##
## Platform. ##
## --------- ##

hostname = ip-172-31-13-15
uname -m = x86_64
uname -r = 4.9.0-8-amd64
uname -s = Linux
uname -v = #1 SMP Debian 4.9.130-2 (2018-10-27)

/usr/bin/uname -p = unknown
/bin/uname -X     = unknown

/bin/arch              = unknown
/usr/bin/arch -k       = unknown
/usr/convex/getsysinfo = unknown
/usr/bin/hostinfo      = unknown
/bin/machine           = unknown
/usr/bin/oslevel       = unknown
/bin/universe          = unknown

PATH: /usr/local/sbin
PATH: /usr/local/bin
PATH: /usr/sbin
PATH: /usr/bin
PATH: /sbin
PATH: /bin
PATH: /usr/games


## ----------- ##
## Core tests. ##
## ----------- ##

configure:2335: checking build system type
configure:2349: result: x86_64-pc-linux-gnu
configure:2369: checking host system type
configure:2382: result: x86_64-pc-linux-gnu
configure:2402: checking target system type
configure:2415: result: x86_64-pc-linux-gnu
configure:2492: checking for gcc
configure:2508: found /usr/bin/gcc
configure:2519: result: gcc
configure:2748: checking for C compiler version
configure:2757: gcc --version >&5
clang version 7.0.1-4 (tags/RELEASE_701/final)
Target: x86_64-pc-linux-gnu
Thread model: posix
InstalledDir: /usr/bin
configure:2768: $? = 0
configure:2757: gcc -v >&5
clang version 7.0.1-4 (tags/RELEASE_701/final)
Target: x86_64-pc-linux-gnu
Thread model: posix
InstalledDir: /usr/bin
Found candidate GCC installation: /usr/bin/../lib/gcc/x86_64-linux-gnu/8
Found candidate GCC installation: /usr/lib/gcc/x86_64-linux-gnu/8
Selected GCC installation: /usr/bin/../lib/gcc/x86_64-linux-gnu/8
Candidate multilib: .;@m64
Selected multilib: .;@m64
configure:2768: $? = 0
configure:2757: gcc -V >&5
clang: error: argument to '-V' is missing (expected 1 value)
clang: error: no input files
configure:2768: $? = 1
configure:2757: gcc -qversion >&5
clang: error: unknown argument '-qversion', did you mean '--version'?
clang: error: no input files
configure:2768: $? = 1
configure:2788: checking whether the C compiler works
configure:2810: gcc -g -O2 -fdebug-prefix-map=/<<PKGBUILDDIR>>=. -fstack-protector-strong -Wformat -Werror=format-security -Wdate-time -D_FORTIFY_SOURCE=2 -Wl,-z,relro conftest.c  >&5
configure:2814: $? = 0
configure:2862: result: yes
configure:2865: checking for C compiler default output file name
configure:2867: result: a.out
configure:2873: checking for suffix of executables
configure:2880: gcc -o conftest -g -O2 -fdebug-prefix-map=/<<PKGBUILDDIR>>=. -fstack-protector-strong -Wformat -Werror=format-security -Wdate-time -D_FORTIFY_SOURCE=2 -Wl,-z,relro conftest.c  >&5
configure:2884: $? = 0
configure:2906: result: 
configure:2928: checking whether we are cross compiling
configure:2936: gcc -o conftest -g -O2 -fdebug-prefix-map=/<<PKGBUILDDIR>>=. -fstack-protector-strong -Wformat -Werror=format-security -Wdate-time -D_FORTIFY_SOURCE=2 -Wl,-z,relro conftest.c  >&5
configure:2940: $? = 0
configure:2947: ./conftest
configure:2951: $? = 0
configure:2966: result: no
configure:2971: checking for suffix of object files
configure:2993: gcc -c -g -O2 -fdebug-prefix-map=/<<PKGBUILDDIR>>=. -fstack-protector-strong -Wformat -Werror=format-security -Wdate-time -D_FORTIFY_SOURCE=2 conftest.c >&5
configure:2997: $? = 0
configure:3018: result: o
configure:3022: checking whether we are using the GNU C compiler
configure:3041: gcc -c -g -O2 -fdebug-prefix-map=/<<PKGBUILDDIR>>=. -fstack-protector-strong -Wformat -Werror=format-security -Wdate-time -D_FORTIFY_SOURCE=2 conftest.c >&5
configure:3041: $? = 0
configure:3050: result: yes
configure:3059: checking whether gcc accepts -g
configure:3079: gcc -c -g -Wdate-time -D_FORTIFY_SOURCE=2 conftest.c >&5
configure:3079: $? = 0
configure:3120: result: yes
configure:3137: checking for gcc option to accept ISO C89
configure:3200: gcc  -c -g -O2 -fdebug-prefix-map=/<<PKGBUILDDIR>>=. -fstack-protector-strong -Wformat -Werror=format-security -Wdate-time -D_FORTIFY_SOURCE=2 conftest.c >&5
configure:3200: $? = 0
configure:3213: result: none needed
configure:3287: checking for gcc
configure:3303: found /usr/bin/gcc
configure:3314: result: gcc
configure:3339: checking for Objective C compiler version
configure:3348: gcc --version >&5
clang version 7.0.1-4 (tags/RELEASE_701/final)
Target: x86_64-pc-linux-gnu
Thread model: posix
InstalledDir: /usr/bin
configure:3359: $? = 0
configure:3348: gcc -v >&5
clang version 7.0.1-4 (tags/RELEASE_701/final)
Target: x86_64-pc-linux-gnu
Thread model: posix
InstalledDir: /usr/bin
Found candidate GCC installation: /usr/bin/../lib/gcc/x86_64-linux-gnu/8
Found candidate GCC installation: /usr/lib/gcc/x86_64-linux-gnu/8
Selected GCC installation: /usr/bin/../lib/gcc/x86_64-linux-gnu/8
Candidate multilib: .;@m64
Selected multilib: .;@m64
configure:3359: $? = 0
configure:3348: gcc -V >&5
clang: error: argument to '-V' is missing (expected 1 value)
clang: error: no input files
configure:3359: $? = 1
configure:3348: gcc -qversion >&5
clang: error: unknown argument '-qversion', did you mean '--version'?
clang: error: no input files
configure:3359: $? = 1
configure:3363: checking whether we are using the GNU Objective C compiler
configure:3382: gcc -c -g -O2 -fdebug-prefix-map=/<<PKGBUILDDIR>>=. -fstack-protector-strong -Wformat -Werror=format-security -Wdate-time -D_FORTIFY_SOURCE=2 conftest.m >&5
configure:3382: $? = 0
configure:3391: result: yes
configure:3400: checking whether gcc accepts -g
configure:3420: gcc -c -g -Wdate-time -D_FORTIFY_SOURCE=2 conftest.m >&5
configure:3420: $? = 0
configure:3461: result: yes
configure:3598: checking for a BSD-compatible install
configure:3666: result: /usr/bin/install -c
configure:3677: checking whether ln -s works
configure:3681: result: yes
configure:3688: checking whether make sets $(MAKE)
configure:3710: result: yes
configure:3722: checking for re2c
configure:3740: found /usr/bin/re2c
configure:3753: result: /usr/bin/re2c
configure:3767: checking for doxygen
configure:3798: result: no
configure:3812: checking for dot
configure:3843: result: no
configure:3973: checking how to run the C preprocessor
configure:4004: gcc -E -Wdate-time -D_FORTIFY_SOURCE=2 conftest.c
configure:4004: $? = 0
configure:4018: gcc -E -Wdate-time -D_FORTIFY_SOURCE=2 conftest.c
conftest.c:9:10: fatal error: 'ac_nonexistent.h' file not found
#include <ac_nonexistent.h>
         ^~~~~~~~~~~~~~~~~~
1 error generated.
configure:4018: $? = 1
configure: failed program was:
| /* confdefs.h */
| #define PACKAGE_NAME "auth-ldap"
| #define PACKAGE_TARNAME "auth-ldap"
| #define PACKAGE_VERSION "2.0"
| #define PACKAGE_STRING "auth-ldap 2.0"
| #define PACKAGE_BUGREPORT "landonf@opendarwin.org"
| #define PACKAGE_URL ""
| /* end confdefs.h.  */
| #include <ac_nonexistent.h>
configure:4043: result: gcc -E
configure:4063: gcc -E -Wdate-time -D_FORTIFY_SOURCE=2 conftest.c
configure:4063: $? = 0
configure:4077: gcc -E -Wdate-time -D_FORTIFY_SOURCE=2 conftest.c
conftest.c:9:10: fatal error: 'ac_nonexistent.h' file not found
#include <ac_nonexistent.h>
         ^~~~~~~~~~~~~~~~~~
1 error generated.
configure:4077: $? = 1
configure: failed program was:
| /* confdefs.h */
| #define PACKAGE_NAME "auth-ldap"
| #define PACKAGE_TARNAME "auth-ldap"
| #define PACKAGE_VERSION "2.0"
| #define PACKAGE_STRING "auth-ldap 2.0"
| #define PACKAGE_BUGREPORT "landonf@opendarwin.org"
| #define PACKAGE_URL ""
| /* end confdefs.h.  */
| #include <ac_nonexistent.h>
configure:4106: checking for grep that handles long lines and -e
configure:4164: result: /bin/grep
configure:4169: checking for egrep
configure:4231: result: /bin/grep -E
configure:4236: checking for ANSI C header files
configure:4256: gcc -c -g -O2 -fdebug-prefix-map=/<<PKGBUILDDIR>>=. -fstack-protector-strong -Wformat -Werror=format-security -Wdate-time -D_FORTIFY_SOURCE=2 conftest.c >&5
configure:4256: $? = 0
configure:4329: gcc -o conftest -g -O2 -fdebug-prefix-map=/<<PKGBUILDDIR>>=. -fstack-protector-strong -Wformat -Werror=format-security -Wdate-time -D_FORTIFY_SOURCE=2 -Wl,-z,relro conftest.c  >&5
configure:4329: $? = 0
configure:4329: ./conftest
configure:4329: $? = 0
configure:4340: result: yes
configure:4604: checking for the pthreads library -lpthreads
configure:4637: gcc -o conftest -g -O2 -fdebug-prefix-map=/<<PKGBUILDDIR>>=. -fstack-protector-strong -Wformat -Werror=format-security  -Wdate-time -D_FORTIFY_SOURCE=2 -Wl,-z,relro conftest.c -lpthreads  >&5
conftest.c:15:41: warning: null passed to a callee that requires a non-null argument [-Wnonnull]
                     pthread_attr_init(0); pthread_cleanup_push(0, 0);
                                       ~^
conftest.c:16:44: warning: null passed to a callee that requires a non-null argument [-Wnonnull]
                     pthread_create(0,0,0,0); pthread_cleanup_pop(0);
                                    ~      ^
conftest.c:16:44: warning: null passed to a callee that requires a non-null argument [-Wnonnull]
                     pthread_create(0,0,0,0); pthread_cleanup_pop(0);
                                        ~  ^
3 warnings generated.
/usr/bin/ld: cannot find -lpthreads
clang: error: linker command failed with exit code 1 (use -v to see invocation)
configure:4637: $? = 1
configure: failed program was:
| /* confdefs.h */
| #define PACKAGE_NAME "auth-ldap"
| #define PACKAGE_TARNAME "auth-ldap"
| #define PACKAGE_VERSION "2.0"
| #define PACKAGE_STRING "auth-ldap 2.0"
| #define PACKAGE_BUGREPORT "landonf@opendarwin.org"
| #define PACKAGE_URL ""
| #define STDC_HEADERS 1
| /* end confdefs.h.  */
| #include <pthread.h>
| int
| main ()
| {
| pthread_t th; pthread_join(th, 0);
|                      pthread_attr_init(0); pthread_cleanup_push(0, 0);
|                      pthread_create(0,0,0,0); pthread_cleanup_pop(0);
|   ;
|   return 0;
| }
configure:4646: result: no
configure:4549: checking whether pthreads work without any flags
configure:4637: gcc -o conftest -g -O2 -fdebug-prefix-map=/<<PKGBUILDDIR>>=. -fstack-protector-strong -Wformat -Werror=format-security  -Wdate-time -D_FORTIFY_SOURCE=2 -Wl,-z,relro conftest.c   >&5
conftest.c:15:41: warning: null passed to a callee that requires a non-null argument [-Wnonnull]
                     pthread_attr_init(0); pthread_cleanup_push(0, 0);
                                       ~^
conftest.c:16:44: warning: null passed to a callee that requires a non-null argument [-Wnonnull]
                     pthread_create(0,0,0,0); pthread_cleanup_pop(0);
                                    ~      ^
conftest.c:16:44: warning: null passed to a callee that requires a non-null argument [-Wnonnull]
                     pthread_create(0,0,0,0); pthread_cleanup_pop(0);
                                        ~  ^
3 warnings generated.
/usr/bin/ld: /tmp/conftest-2f3491.o: in function `main':
./conftest.c:14: undefined reference to `pthread_join'
/usr/bin/ld: ./conftest.c:15: undefined reference to `__pthread_register_cancel'
/usr/bin/ld: ./conftest.c:16: undefined reference to `pthread_create'
/usr/bin/ld: ./conftest.c:16: undefined reference to `__pthread_unregister_cancel'
clang: error: linker command failed with exit code 1 (use -v to see invocation)
configure:4637: $? = 1
configure: failed program was:
| /* confdefs.h */
| #define PACKAGE_NAME "auth-ldap"
| #define PACKAGE_TARNAME "auth-ldap"
| #define PACKAGE_VERSION "2.0"
| #define PACKAGE_STRING "auth-ldap 2.0"
| #define PACKAGE_BUGREPORT "landonf@opendarwin.org"
| #define PACKAGE_URL ""
| #define STDC_HEADERS 1
| /* end confdefs.h.  */
| #include <pthread.h>
| int
| main ()
| {
| pthread_t th; pthread_join(th, 0);
|                      pthread_attr_init(0); pthread_cleanup_push(0, 0);
|                      pthread_create(0,0,0,0); pthread_cleanup_pop(0);
|   ;
|   return 0;
| }
configure:4646: result: no
configure:4554: checking whether pthreads work with -Kthread
configure:4637: gcc -o conftest -g -O2 -fdebug-prefix-map=/<<PKGBUILDDIR>>=. -fstack-protector-strong -Wformat -Werror=format-security -Kthread -Wdate-time -D_FORTIFY_SOURCE=2 -Wl,-z,relro conftest.c   >&5
clang: error: unknown argument '-Kthread', did you mean '-pthread'?
configure:4637: $? = 1
configure: failed program was:
| /* confdefs.h */
| #define PACKAGE_NAME "auth-ldap"
| #define PACKAGE_TARNAME "auth-ldap"
| #define PACKAGE_VERSION "2.0"
| #define PACKAGE_STRING "auth-ldap 2.0"
| #define PACKAGE_BUGREPORT "landonf@opendarwin.org"
| #define PACKAGE_URL ""
| #define STDC_HEADERS 1
| /* end confdefs.h.  */
| #include <pthread.h>
| int
| main ()
| {
| pthread_t th; pthread_join(th, 0);
|                      pthread_attr_init(0); pthread_cleanup_push(0, 0);
|                      pthread_create(0,0,0,0); pthread_cleanup_pop(0);
|   ;
|   return 0;
| }
configure:4646: result: no
configure:4554: checking whether pthreads work with -kthread
configure:4637: gcc -o conftest -g -O2 -fdebug-prefix-map=/<<PKGBUILDDIR>>=. -fstack-protector-strong -Wformat -Werror=format-security -kthread -Wdate-time -D_FORTIFY_SOURCE=2 -Wl,-z,relro conftest.c   >&5
clang: error: unknown argument '-kthread', did you mean '-pthread'?
configure:4637: $? = 1
configure: failed program was:
| /* confdefs.h */
| #define PACKAGE_NAME "auth-ldap"
| #define PACKAGE_TARNAME "auth-ldap"
| #define PACKAGE_VERSION "2.0"
| #define PACKAGE_STRING "auth-ldap 2.0"
| #define PACKAGE_BUGREPORT "landonf@opendarwin.org"
| #define PACKAGE_URL ""
| #define STDC_HEADERS 1
| /* end confdefs.h.  */
| #include <pthread.h>
| int
| main ()
| {
| pthread_t th; pthread_join(th, 0);
|                      pthread_attr_init(0); pthread_cleanup_push(0, 0);
|                      pthread_create(0,0,0,0); pthread_cleanup_pop(0);
|   ;
|   return 0;
| }
configure:4646: result: no
configure:4604: checking for the pthreads library -llthread
configure:4637: gcc -o conftest -g -O2 -fdebug-prefix-map=/<<PKGBUILDDIR>>=. -fstack-protector-strong -Wformat -Werror=format-security  -Wdate-time -D_FORTIFY_SOURCE=2 -Wl,-z,relro conftest.c -llthread  >&5
conftest.c:15:41: warning: null passed to a callee that requires a non-null argument [-Wnonnull]
                     pthread_attr_init(0); pthread_cleanup_push(0, 0);
                                       ~^
conftest.c:16:44: warning: null passed to a callee that requires a non-null argument [-Wnonnull]
                     pthread_create(0,0,0,0); pthread_cleanup_pop(0);
                                    ~      ^
conftest.c:16:44: warning: null passed to a callee that requires a non-null argument [-Wnonnull]
                     pthread_create(0,0,0,0); pthread_cleanup_pop(0);
                                        ~  ^
3 warnings generated.
/usr/bin/ld: cannot find -llthread
clang: error: linker command failed with exit code 1 (use -v to see invocation)
configure:4637: $? = 1
configure: failed program was:
| /* confdefs.h */
| #define PACKAGE_NAME "auth-ldap"
| #define PACKAGE_TARNAME "auth-ldap"
| #define PACKAGE_VERSION "2.0"
| #define PACKAGE_STRING "auth-ldap 2.0"
| #define PACKAGE_BUGREPORT "landonf@opendarwin.org"
| #define PACKAGE_URL ""
| #define STDC_HEADERS 1
| /* end confdefs.h.  */
| #include <pthread.h>
| int
| main ()
| {
| pthread_t th; pthread_join(th, 0);
|                      pthread_attr_init(0); pthread_cleanup_push(0, 0);
|                      pthread_create(0,0,0,0); pthread_cleanup_pop(0);
|   ;
|   return 0;
| }
configure:4646: result: no
configure:4554: checking whether pthreads work with -pthread
configure:4637: gcc -o conftest -g -O2 -fdebug-prefix-map=/<<PKGBUILDDIR>>=. -fstack-protector-strong -Wformat -Werror=format-security -pthread -Wdate-time -D_FORTIFY_SOURCE=2 -Wl,-z,relro conftest.c   >&5
conftest.c:15:41: warning: null passed to a callee that requires a non-null argument [-Wnonnull]
                     pthread_attr_init(0); pthread_cleanup_push(0, 0);
                                       ~^
conftest.c:16:44: warning: null passed to a callee that requires a non-null argument [-Wnonnull]
                     pthread_create(0,0,0,0); pthread_cleanup_pop(0);
                                    ~      ^
conftest.c:16:44: warning: null passed to a callee that requires a non-null argument [-Wnonnull]
                     pthread_create(0,0,0,0); pthread_cleanup_pop(0);
                                        ~  ^
3 warnings generated.
configure:4637: $? = 0
configure:4646: result: yes
configure:4665: checking for joinable pthread attribute
configure:4680: gcc -o conftest -g -O2 -fdebug-prefix-map=/<<PKGBUILDDIR>>=. -fstack-protector-strong -Wformat -Werror=format-security -pthread -Wdate-time -D_FORTIFY_SOURCE=2 -Wl,-z,relro conftest.c   >&5
configure:4680: $? = 0
configure:4686: result: PTHREAD_CREATE_JOINABLE
configure:4696: checking if more special flags are required for pthreads
configure:4703: result: no
configure:4865: checking for BSD pf(4) support
configure:4892: gcc -o conftest -g -O2 -fdebug-prefix-map=/<<PKGBUILDDIR>>=. -fstack-protector-strong -Wformat -Werror=format-security -Wdate-time -D_FORTIFY_SOURCE=2 -export-dynamic conftest.c  >&5
clang: warning: argument unused during compilation: '-e xport-dynamic' [-Wunused-command-line-argument]
conftest.c:17:16: fatal error: 'net/pfvar.h' file not found
                                                #include <net/pfvar.h>
                                                         ^~~~~~~~~~~~~
1 error generated.
configure:4892: $? = 1
configure: failed program was:
| /* confdefs.h */
| #define PACKAGE_NAME "auth-ldap"
| #define PACKAGE_TARNAME "auth-ldap"
| #define PACKAGE_VERSION "2.0"
| #define PACKAGE_STRING "auth-ldap 2.0"
| #define PACKAGE_BUGREPORT "landonf@opendarwin.org"
| #define PACKAGE_URL ""
| #define STDC_HEADERS 1
| #define HAVE_PTHREAD 1
| /* end confdefs.h.  */
| 
| 
| 						#include <sys/types.h>
| 						#include <sys/ioctl.h>
| 						#include <sys/socket.h>
| 						#include <net/if.h>
| 						#include <net/pfvar.h>
| 
| int
| main ()
| {
| 
| 						unsigned long req = DIOCRCLRTABLES;
| 
|   ;
|   return 0;
| }
| 
configure:4909: result: no
configure:4913: WARNING: pf(4) table support will not be included.
configure:5013: checking for strlcpy
configure:5013: gcc -o conftest -g -O2 -fdebug-prefix-map=/<<PKGBUILDDIR>>=. -fstack-protector-strong -Wformat -Werror=format-security -Wdate-time -D_FORTIFY_SOURCE=2 -export-dynamic conftest.c  >&5
clang: warning: argument unused during compilation: '-e xport-dynamic' [-Wunused-command-line-argument]
/usr/bin/ld: /tmp/conftest-b0553b.o: in function `main':
./conftest.c:45: undefined reference to `strlcpy'
clang: error: linker command failed with exit code 1 (use -v to see invocation)
configure:5013: $? = 1
configure: failed program was:
| /* confdefs.h */
| #define PACKAGE_NAME "auth-ldap"
| #define PACKAGE_TARNAME "auth-ldap"
| #define PACKAGE_VERSION "2.0"
| #define PACKAGE_STRING "auth-ldap 2.0"
| #define PACKAGE_BUGREPORT "landonf@opendarwin.org"
| #define PACKAGE_URL ""
| #define STDC_HEADERS 1
| #define HAVE_PTHREAD 1
| /* end confdefs.h.  */
| /* Define strlcpy to an innocuous variant, in case <limits.h> declares strlcpy.
|    For example, HP-UX 11i <limits.h> declares gettimeofday.  */
| #define strlcpy innocuous_strlcpy
| 
| /* System header to define __stub macros and hopefully few prototypes,
|     which can conflict with char strlcpy (); below.
|     Prefer <limits.h> to <assert.h> if __STDC__ is defined, since
|     <limits.h> exists even on freestanding compilers.  */
| 
| #ifdef __STDC__
| # include <limits.h>
| #else
| # include <assert.h>
| #endif
| 
| #undef strlcpy
| 
| /* Override any GCC internal prototype to avoid an error.
|    Use char because int might match the return type of a GCC
|    builtin and then its argument prototype would still apply.  */
| #ifdef __cplusplus
| extern "C"
| #endif
| char strlcpy ();
| /* The GNU C library defines this for functions which it implements
|     to always fail with ENOSYS.  Some functions are actually named
|     something starting with __ and the normal name is an alias.  */
| #if defined __stub_strlcpy || defined __stub___strlcpy
| choke me
| #endif
| 
| int
| main ()
| {
| return strlcpy ();
|   ;
|   return 0;
| }
configure:5013: result: no
configure:5136: checking for openldap
configure:5160: gcc -o conftest -g -O2 -fdebug-prefix-map=/<<PKGBUILDDIR>>=. -fstack-protector-strong -Wformat -Werror=format-security  -Wdate-time -D_FORTIFY_SOURCE=2 -export-dynamic conftest.c  -lldap -llber >&5
clang: warning: argument unused during compilation: '-e xport-dynamic' [-Wunused-command-line-argument]
configure:5160: $? = 0
configure:5177: result: yes
configure:5210: checking for check unit test library
configure:5242: gcc -o conftest -g -O2 -fdebug-prefix-map=/<<PKGBUILDDIR>>=. -fstack-protector-strong -Wformat -Werror=format-security  -Wdate-time -D_FORTIFY_SOURCE=2 -export-dynamic conftest.c -lcheck  >&5
clang: warning: argument unused during compilation: '-e xport-dynamic' [-Wunused-command-line-argument]
conftest.c:13:15: fatal error: 'check.h' file not found
                                        #include <check.h>
                                                 ^~~~~~~~~
1 error generated.
configure:5242: $? = 1
configure: failed program was:
| /* confdefs.h */
| #define PACKAGE_NAME "auth-ldap"
| #define PACKAGE_TARNAME "auth-ldap"
| #define PACKAGE_VERSION "2.0"
| #define PACKAGE_STRING "auth-ldap 2.0"
| #define PACKAGE_BUGREPORT "landonf@opendarwin.org"
| #define PACKAGE_URL ""
| #define STDC_HEADERS 1
| #define HAVE_PTHREAD 1
| /* end confdefs.h.  */
| 
| 
| 					#include <check.h>
| 
| int
| main ()
| {
| 
| 					Suite *s;
| 					SRunner *sr;
| 
|   ;
|   return 0;
| }
| 
configure:5262: result: no
configure:5269: WARNING: Check library not found. Unit tests will not be built or run.
configure:5300: checking for openvpn-plugin.h
configure:5323: gcc -o conftest -g -O2 -fdebug-prefix-map=/<<PKGBUILDDIR>>=. -fstack-protector-strong -Wformat -Werror=format-security -I/usr/include/openvpn -Wdate-time -D_FORTIFY_SOURCE=2 -export-dynamic conftest.c  >&5
clang: warning: argument unused during compilation: '-e xport-dynamic' [-Wunused-command-line-argument]
configure:5323: $? = 0
configure:5340: result: yes
configure:5364: checking how to run the Objective C preprocessor
configure:5391: gcc -E -Wdate-time -D_FORTIFY_SOURCE=2 conftest.m
configure:5391: $? = 0
configure:5405: gcc -E -Wdate-time -D_FORTIFY_SOURCE=2 conftest.m
conftest.m:11:10: fatal error: 'ac_nonexistent.h' file not found
#include <ac_nonexistent.h>
         ^~~~~~~~~~~~~~~~~~
1 error generated.
configure:5405: $? = 1
configure: failed program was:
| /* confdefs.h */
| #define PACKAGE_NAME "auth-ldap"
| #define PACKAGE_TARNAME "auth-ldap"
| #define PACKAGE_VERSION "2.0"
| #define PACKAGE_STRING "auth-ldap 2.0"
| #define PACKAGE_BUGREPORT "landonf@opendarwin.org"
| #define PACKAGE_URL ""
| #define STDC_HEADERS 1
| #define HAVE_PTHREAD 1
| /* end confdefs.h.  */
| #include <ac_nonexistent.h>
configure:5430: result: gcc -E
configure:5450: gcc -E -Wdate-time -D_FORTIFY_SOURCE=2 conftest.m
configure:5450: $? = 0
configure:5464: gcc -E -Wdate-time -D_FORTIFY_SOURCE=2 conftest.m
conftest.m:11:10: fatal error: 'ac_nonexistent.h' file not found
#include <ac_nonexistent.h>
         ^~~~~~~~~~~~~~~~~~
1 error generated.
configure:5464: $? = 1
configure: failed program was:
| /* confdefs.h */
| #define PACKAGE_NAME "auth-ldap"
| #define PACKAGE_TARNAME "auth-ldap"
| #define PACKAGE_VERSION "2.0"
| #define PACKAGE_STRING "auth-ldap 2.0"
| #define PACKAGE_BUGREPORT "landonf@opendarwin.org"
| #define PACKAGE_URL ""
| #define STDC_HEADERS 1
| #define HAVE_PTHREAD 1
| /* end confdefs.h.  */
| #include <ac_nonexistent.h>
configure:5498: checking for sys/types.h
configure:5498: gcc -c -g -O2 -fdebug-prefix-map=/<<PKGBUILDDIR>>=. -fstack-protector-strong -Wformat -Werror=format-security -Wdate-time -D_FORTIFY_SOURCE=2 conftest.m >&5
configure:5498: $? = 0
configure:5498: result: yes
configure:5498: checking for sys/stat.h
configure:5498: gcc -c -g -O2 -fdebug-prefix-map=/<<PKGBUILDDIR>>=. -fstack-protector-strong -Wformat -Werror=format-security -Wdate-time -D_FORTIFY_SOURCE=2 conftest.m >&5
configure:5498: $? = 0
configure:5498: result: yes
configure:5498: checking for stdlib.h
configure:5498: gcc -c -g -O2 -fdebug-prefix-map=/<<PKGBUILDDIR>>=. -fstack-protector-strong -Wformat -Werror=format-security -Wdate-time -D_FORTIFY_SOURCE=2 conftest.m >&5
configure:5498: $? = 0
configure:5498: result: yes
configure:5498: checking for string.h
configure:5498: gcc -c -g -O2 -fdebug-prefix-map=/<<PKGBUILDDIR>>=. -fstack-protector-strong -Wformat -Werror=format-security -Wdate-time -D_FORTIFY_SOURCE=2 conftest.m >&5
configure:5498: $? = 0
configure:5498: result: yes
configure:5498: checking for memory.h
configure:5498: gcc -c -g -O2 -fdebug-prefix-map=/<<PKGBUILDDIR>>=. -fstack-protector-strong -Wformat -Werror=format-security -Wdate-time -D_FORTIFY_SOURCE=2 conftest.m >&5
configure:5498: $? = 0
configure:5498: result: yes
configure:5498: checking for strings.h
configure:5498: gcc -c -g -O2 -fdebug-prefix-map=/<<PKGBUILDDIR>>=. -fstack-protector-strong -Wformat -Werror=format-security -Wdate-time -D_FORTIFY_SOURCE=2 conftest.m >&5
configure:5498: $? = 0
configure:5498: result: yes
configure:5498: checking for inttypes.h
configure:5498: gcc -c -g -O2 -fdebug-prefix-map=/<<PKGBUILDDIR>>=. -fstack-protector-strong -Wformat -Werror=format-security -Wdate-time -D_FORTIFY_SOURCE=2 conftest.m >&5
configure:5498: $? = 0
configure:5498: result: yes
configure:5498: checking for stdint.h
configure:5498: gcc -c -g -O2 -fdebug-prefix-map=/<<PKGBUILDDIR>>=. -fstack-protector-strong -Wformat -Werror=format-security -Wdate-time -D_FORTIFY_SOURCE=2 conftest.m >&5
configure:5498: $? = 0
configure:5498: result: yes
configure:5498: checking for unistd.h
configure:5498: gcc -c -g -O2 -fdebug-prefix-map=/<<PKGBUILDDIR>>=. -fstack-protector-strong -Wformat -Werror=format-security -Wdate-time -D_FORTIFY_SOURCE=2 conftest.m >&5
configure:5498: $? = 0
configure:5498: result: yes
configure:5543: checking objc/objc.h usability
configure:5543: gcc -c -g -O2 -fdebug-prefix-map=/<<PKGBUILDDIR>>=. -fstack-protector-strong -Wformat -Werror=format-security -Wdate-time -D_FORTIFY_SOURCE=2 conftest.m >&5
conftest.m:53:10: fatal error: 'objc/objc.h' file not found
#include <objc/objc.h>
         ^~~~~~~~~~~~~
1 error generated.
configure:5543: $? = 1
configure: failed program was:
| /* confdefs.h */
| #define PACKAGE_NAME "auth-ldap"
| #define PACKAGE_TARNAME "auth-ldap"
| #define PACKAGE_VERSION "2.0"
| #define PACKAGE_STRING "auth-ldap 2.0"
| #define PACKAGE_BUGREPORT "landonf@opendarwin.org"
| #define PACKAGE_URL ""
| #define STDC_HEADERS 1
| #define HAVE_PTHREAD 1
| #define HAVE_SYS_TYPES_H 1
| #define HAVE_SYS_STAT_H 1
| #define HAVE_STDLIB_H 1
| #define HAVE_STRING_H 1
| #define HAVE_MEMORY_H 1
| #define HAVE_STRINGS_H 1
| #define HAVE_INTTYPES_H 1
| #define HAVE_STDINT_H 1
| #define HAVE_UNISTD_H 1
| /* end confdefs.h.  */
| #include <stdio.h>
| #ifdef HAVE_SYS_TYPES_H
| # include <sys/types.h>
| #endif
| #ifdef HAVE_SYS_STAT_H
| # include <sys/stat.h>
| #endif
| #ifdef STDC_HEADERS
| # include <stdlib.h>
| # include <stddef.h>
| #else
| # ifdef HAVE_STDLIB_H
| #  include <stdlib.h>
| # endif
| #endif
| #ifdef HAVE_STRING_H
| # if !defined STDC_HEADERS && defined HAVE_MEMORY_H
| #  include <memory.h>
| # endif
| # include <string.h>
| #endif
| #ifdef HAVE_STRINGS_H
| # include <strings.h>
| #endif
| #ifdef HAVE_INTTYPES_H
| # include <inttypes.h>
| #endif
| #ifdef HAVE_STDINT_H
| # include <stdint.h>
| #endif
| #ifdef HAVE_UNISTD_H
| # include <unistd.h>
| #endif
| #include <objc/objc.h>
configure:5543: result: no
configure:5543: checking objc/objc.h presence
configure:5543: gcc -E -Wdate-time -D_FORTIFY_SOURCE=2 conftest.m
conftest.m:20:10: fatal error: 'objc/objc.h' file not found
#include <objc/objc.h>
         ^~~~~~~~~~~~~
1 error generated.
configure:5543: $? = 1
configure: failed program was:
| /* confdefs.h */
| #define PACKAGE_NAME "auth-ldap"
| #define PACKAGE_TARNAME "auth-ldap"
| #define PACKAGE_VERSION "2.0"
| #define PACKAGE_STRING "auth-ldap 2.0"
| #define PACKAGE_BUGREPORT "landonf@opendarwin.org"
| #define PACKAGE_URL ""
| #define STDC_HEADERS 1
| #define HAVE_PTHREAD 1
| #define HAVE_SYS_TYPES_H 1
| #define HAVE_SYS_STAT_H 1
| #define HAVE_STDLIB_H 1
| #define HAVE_STRING_H 1
| #define HAVE_MEMORY_H 1
| #define HAVE_STRINGS_H 1
| #define HAVE_INTTYPES_H 1
| #define HAVE_STDINT_H 1
| #define HAVE_UNISTD_H 1
| /* end confdefs.h.  */
| #include <objc/objc.h>
configure:5543: result: no
configure:5543: checking for objc/objc.h
configure:5543: result: no
configure:5550: error: Can't locate Objective C runtime headers

## ---------------- ##
## Cache variables. ##
## ---------------- ##

ac_cv_build=x86_64-pc-linux-gnu
ac_cv_c_compiler_gnu=yes
ac_cv_env_CC_set=
ac_cv_env_CC_value=
ac_cv_env_CFLAGS_set=set
ac_cv_env_CFLAGS_value='-g -O2 -fdebug-prefix-map=/<<PKGBUILDDIR>>=. -fstack-protector-strong -Wformat -Werror=format-security'
ac_cv_env_CPPFLAGS_set=set
ac_cv_env_CPPFLAGS_value='-Wdate-time -D_FORTIFY_SOURCE=2'
ac_cv_env_CPP_set=
ac_cv_env_CPP_value=
ac_cv_env_LDFLAGS_set=set
ac_cv_env_LDFLAGS_value=-Wl,-z,relro
ac_cv_env_LIBS_set=
ac_cv_env_LIBS_value=
ac_cv_env_OBJCFLAGS_set=set
ac_cv_env_OBJCFLAGS_value='-g -O2 -fdebug-prefix-map=/<<PKGBUILDDIR>>=. -fstack-protector-strong -Wformat -Werror=format-security'
ac_cv_env_OBJCPP_set=
ac_cv_env_OBJCPP_value=
ac_cv_env_OBJC_set=
ac_cv_env_OBJC_value=
ac_cv_env_build_alias_set=set
ac_cv_env_build_alias_value=x86_64-linux-gnu
ac_cv_env_host_alias_set=
ac_cv_env_host_alias_value=
ac_cv_env_target_alias_set=
ac_cv_env_target_alias_value=
ac_cv_func_strlcpy=no
ac_cv_header_inttypes_h=yes
ac_cv_header_memory_h=yes
ac_cv_header_objc_objc_h=no
ac_cv_header_stdc=yes
ac_cv_header_stdint_h=yes
ac_cv_header_stdlib_h=yes
ac_cv_header_string_h=yes
ac_cv_header_strings_h=yes
ac_cv_header_sys_stat_h=yes
ac_cv_header_sys_types_h=yes
ac_cv_header_unistd_h=yes
ac_cv_host=x86_64-pc-linux-gnu
ac_cv_objc_compiler_gnu=yes
ac_cv_objext=o
ac_cv_path_DOT=no
ac_cv_path_DOXYGEN=no
ac_cv_path_EGREP='/bin/grep -E'
ac_cv_path_GREP=/bin/grep
ac_cv_path_RE2C=/usr/bin/re2c
ac_cv_path_install='/usr/bin/install -c'
ac_cv_prog_CPP='gcc -E'
ac_cv_prog_OBJCPP='gcc -E'
ac_cv_prog_ac_ct_CC=gcc
ac_cv_prog_ac_ct_OBJC=gcc
ac_cv_prog_cc_c89=
ac_cv_prog_cc_g=yes
ac_cv_prog_make_make_set=yes
ac_cv_prog_objc_g=yes
ac_cv_target=x86_64-pc-linux-gnu
od_cv_libcheck=no
od_cv_openldap=yes
od_cv_openvpn=yes
tr_cv_pf_ioctl=no

## ----------------- ##
## Output variables. ##
## ----------------- ##

CC='gcc'
CFLAGS='-g -O2 -fdebug-prefix-map=/<<PKGBUILDDIR>>=. -fstack-protector-strong -Wformat -Werror=format-security'
CHECK_CFLAGS=''
CHECK_DIRS=''
CHECK_LIBS='-lcheck'
CLEAN_PLUGIN='rm -f ${PLUGIN_FILE}'
CPP='gcc -E'
CPPFLAGS='-Wdate-time -D_FORTIFY_SOURCE=2'
DEFS=''
DOT='no'
DOTDIR=''
DOXYGEN='false'
ECHO_C=''
ECHO_N='-n'
ECHO_T=''
EGREP='/bin/grep -E'
EXEEXT=''
GREP='/bin/grep'
INSTALL_DATA='${INSTALL} -m 644'
INSTALL_PLUGIN='$(INSTALL_LIB) $(PLUGIN_FILE) $(PLUGIN_INSTALL_DIR)/$(PLUGIN_FILE)'
INSTALL_PROGRAM='${INSTALL}'
INSTALL_SCRIPT='${INSTALL}'
LDAP_CFLAGS=''
LDAP_LIBS='-lldap -llber'
LDFLAGS='-export-dynamic'
LIBOBJS=''
LIBS=''
LN_S='ln -s'
LTLIBOBJS=''
MAKE_PLUGIN='${PLUGIN_LD} -o $@ ${PLUGIN_LD_FLAGS} ${PLUGIN_OBJS} ${LIBS}'
OBJC='gcc'
OBJCFLAGS='-g -O2 -fdebug-prefix-map=/<<PKGBUILDDIR>>=. -fstack-protector-strong -Wformat -Werror=format-security'
OBJCPP='gcc -E'
OBJC_LIBS=''
OBJC_PTHREAD_CFLAGS=''
OBJC_PTHREAD_LIBS=''
OBJC_RUNTIME=''
OBJC_RUNTIME_FLAGS=''
OBJEXT='o'
OPENVPN_CFLAGS='-I/usr/include/openvpn'
PACKAGE_BUGREPORT='landonf@opendarwin.org'
PACKAGE_NAME='auth-ldap'
PACKAGE_STRING='auth-ldap 2.0'
PACKAGE_TARNAME='auth-ldap'
PACKAGE_URL=''
PACKAGE_VERSION='2.0'
PATH_SEPARATOR=':'
PLUGIN_CFLAGS='-fPIC'
PLUGIN_FILE='${PLUGIN_NAME}${PLUGIN_SUFFIX}'
PLUGIN_LD='gcc -shared'
PLUGIN_LD_FLAGS=''
PLUGIN_SUFFIX='.so'
PTHREAD_CFLAGS='-pthread'
PTHREAD_LIBS=''
RE2C='/usr/bin/re2c'
SET_MAKE=''
SHELL='/bin/bash'
ac_ct_CC='gcc'
ac_ct_OBJC='gcc'
acx_pthread_config=''
bindir='${exec_prefix}/bin'
build='x86_64-pc-linux-gnu'
build_alias='x86_64-linux-gnu'
build_cpu='x86_64'
build_os='linux-gnu'
build_vendor='pc'
datadir='${datarootdir}'
datarootdir='${prefix}/share'
docdir='${datarootdir}/doc/${PACKAGE_TARNAME}'
dvidir='${docdir}'
exec_prefix='NONE'
have_gs_config=''
host='x86_64-pc-linux-gnu'
host_alias=''
host_cpu='x86_64'
host_os='linux-gnu'
host_vendor='pc'
htmldir='${docdir}'
includedir='${prefix}/include'
infodir='${prefix}/share/info'
libdir='${exec_prefix}/lib'
libexecdir='${prefix}/lib/openvpn-auth-ldap'
localedir='${datarootdir}/locale'
localstatedir='/var'
mandir='${prefix}/share/man'
oldincludedir='/usr/include'
pdfdir='${docdir}'
prefix='/usr'
program_transform_name='s,x,x,'
psdir='${docdir}'
runstatedir='${localstatedir}/run'
sbindir='${exec_prefix}/sbin'
sharedstatedir='${prefix}/com'
sysconfdir='/etc'
target='x86_64-pc-linux-gnu'
target_alias=''
target_cpu='x86_64'
target_os='linux-gnu'
target_vendor='pc'

## ----------- ##
## confdefs.h. ##
## ----------- ##

/* confdefs.h */
#define PACKAGE_NAME "auth-ldap"
#define PACKAGE_TARNAME "auth-ldap"
#define PACKAGE_VERSION "2.0"
#define PACKAGE_STRING "auth-ldap 2.0"
#define PACKAGE_BUGREPORT "landonf@opendarwin.org"
#define PACKAGE_URL ""
#define STDC_HEADERS 1
#define HAVE_PTHREAD 1
#define HAVE_SYS_TYPES_H 1
#define HAVE_SYS_STAT_H 1
#define HAVE_STDLIB_H 1
#define HAVE_STRING_H 1
#define HAVE_MEMORY_H 1
#define HAVE_STRINGS_H 1
#define HAVE_INTTYPES_H 1
#define HAVE_STDINT_H 1
#define HAVE_UNISTD_H 1

configure: exit 1
dh_auto_configure: ./configure --build=x86_64-linux-gnu --prefix=/usr --includedir=\${prefix}/include --mandir=\${prefix}/share/man --infodir=\${prefix}/share/info --sysconfdir=/etc --localstatedir=/var --disable-silent-rules --libexecdir=\${prefix}/lib/openvpn-auth-ldap --disable-maintainer-mode --disable-dependency-tracking "CFLAGS=-g -O2 -fdebug-prefix-map=/<<PKGBUILDDIR>>=. -fstack-protector-strong -Wformat -Werror=format-security" "CPPFLAGS=-Wdate-time -D_FORTIFY_SOURCE=2" "CXXFLAGS=-g -O2 -fdebug-prefix-map=/<<PKGBUILDDIR>>=. -fstack-protector-strong -Wformat -Werror=format-security" "FCFLAGS=-g -O2 -fdebug-prefix-map=/<<PKGBUILDDIR>>=. -fstack-protector-strong" "FFLAGS=-g -O2 -fdebug-prefix-map=/<<PKGBUILDDIR>>=. -fstack-protector-strong" "GCJFLAGS=-g -O2 -fdebug-prefix-map=/<<PKGBUILDDIR>>=. -fstack-protector-strong" LDFLAGS=-Wl,-z,relro "OBJCFLAGS=-g -O2 -fdebug-prefix-map=/<<PKGBUILDDIR>>=. -fstack-protector-strong -Wformat -Werror=format-security" "OBJCXXFLAGS=-g -O2 -fdebug-prefix-map=/<<PKGBUILDDIR>>=. -fstack-protector-strong -Wformat -Werror=format-security" --prefix=/usr --with-openvpn=/usr/include/openvpn --with-objc-runtime=modern returned exit code 1
make[1]: *** [debian/rules:7: override_dh_auto_configure] Error 2
make[1]: Leaving directory '/<<PKGBUILDDIR>>'
make: *** [debian/rules:4: build-arch] Error 2
dpkg-buildpackage: error: debian/rules build-arch subprocess returned exit status 2
--------------------------------------------------------------------------------
Build finished at 2019-01-09T22:31:52Z

Finished
--------


+------------------------------------------------------------------------------+
| Cleanup                                                                      |
+------------------------------------------------------------------------------+

Purging /<<BUILDDIR>>
Not cleaning session: cloned chroot in use
E: Build failure (dpkg-buildpackage died)

+------------------------------------------------------------------------------+
| Summary                                                                      |
+------------------------------------------------------------------------------+

Build Architecture: amd64
Build Type: any
Build-Space: 1848
Build-Time: 4
Distribution: unstable
Fail-Stage: build
Host Architecture: amd64
Install-Time: 13
Job: openvpn-auth-ldap_2.0.3-6.1
Machine Architecture: amd64
Package: openvpn-auth-ldap
Package-Time: 33
Source-Version: 2.0.3-6.1
Space: 1848
Status: attempted
Version: 2.0.3-6.1
--------------------------------------------------------------------------------
Finished at 2019-01-09T22:31:52Z
Build needed 00:00:33, 1848k disk space
E: Build failure (dpkg-buildpackage died)
DC-Status: Failed 33.530078024s
