DC-Build-Header: hnb 1.9.18+ds1-1 / 2017-07-06 21:07:46 +0000
DC-Task: type:rebuild-binarch-only source:hnb version:1.9.18+ds1-1 chroot:unstable esttime:30 logfile:/tmp/hnb_1.9.18+ds1-1_unstable_clang4.0.log modes:clang40:binarch-only
DC-Sbuild-call: su user42 -c 'sbuild -n --arch-any --apt-update -d unstable -v  --chroot-setup-commands=/tmp/clang40 hnb_1.9.18+ds1-1'
sbuild (Debian sbuild) 0.73.0 (23 Dec 2016) on ip-172-31-36-99.eu-central-1.compute.internal

+==============================================================================+
| hnb 1.9.18+ds1-1 (amd64)                     Thu, 06 Jul 2017 21:07:46 +0000 |
+==============================================================================+

Package: hnb
Version: 1.9.18+ds1-1
Source Version: 1.9.18+ds1-1
Distribution: unstable
Machine Architecture: amd64
Host Architecture: amd64
Build Architecture: amd64
Build Type: any

I: NOTICE: Log filtering will replace 'var/run/schroot/mount/unstable-amd64-sbuild-a2199318-bf44-4940-8d83-6b705d2edffe' with '<<CHROOT>>'

+------------------------------------------------------------------------------+
| Chroot Setup Commands                                                        |
+------------------------------------------------------------------------------+


/tmp/clang40
------------

+ echo 'Entering customization script...'
Entering customization script...
+ CLANG_VERSION=4.0
+ echo 'Install of clang-4.0'
Install of clang-4.0
+ apt-get update
Hit:1 http://127.0.0.1:9999/debian unstable InRelease
Get:2 http://127.0.0.1:9999/debian unstable/main Translation-en [5730 kB]
Fetched 5730 kB in 1s (3915 kB/s)
Reading package lists...
+ apt-get install --yes --no-install-recommends --force-yes clang-4.0
Reading package lists...
Building dependency tree...
Reading state information...
The following additional packages will be installed:
  libbsd0 libclang-common-4.0-dev libclang1-4.0 libedit2 libjsoncpp1
  libllvm4.0 libncurses5 libobjc-6-dev libobjc4
Suggested packages:
  gnustep gnustep-devel clang-4.0-doc libomp-dev
Recommended packages:
  llvm-4.0-dev python libgpm2
The following NEW packages will be installed:
  clang-4.0 libbsd0 libclang-common-4.0-dev libclang1-4.0 libedit2 libjsoncpp1
  libllvm4.0 libncurses5 libobjc-6-dev libobjc4
0 upgraded, 10 newly installed, 0 to remove and 0 not upgraded.
Need to get 74.4 MB of archives.
After this operation, 320 MB of additional disk space will be used.
Get:1 http://127.0.0.1:9999/debian unstable/main amd64 libbsd0 amd64 0.8.5-1 [89.6 kB]
Get:2 http://127.0.0.1:9999/debian unstable/main amd64 libncurses5 amd64 6.0+20161126-1 [93.4 kB]
Get:3 http://127.0.0.1:9999/debian unstable/main amd64 libedit2 amd64 3.1-20170329-1 [85.2 kB]
Get:4 http://127.0.0.1:9999/debian unstable/main amd64 libllvm4.0 amd64 1:4.0.1-1 [12.3 MB]
Get:5 http://127.0.0.1:9999/debian unstable/main amd64 libclang1-4.0 amd64 1:4.0.1-1 [6355 kB]
Get:6 http://127.0.0.1:9999/debian unstable/main amd64 libjsoncpp1 amd64 1.7.4-3 [75.6 kB]
Get:7 http://127.0.0.1:9999/debian unstable/main amd64 libobjc4 amd64 7.1.0-9 [51.0 kB]
Get:8 http://127.0.0.1:9999/debian unstable/main amd64 libobjc-6-dev amd64 6.4.0-1 [197 kB]
Get:9 http://127.0.0.1:9999/debian unstable/main amd64 libclang-common-4.0-dev amd64 1:4.0.1-1 [2495 kB]
Get:10 http://127.0.0.1:9999/debian unstable/main amd64 clang-4.0 amd64 1:4.0.1-1 [52.7 MB]
debconf: delaying package configuration, since apt-utils is not installed
Fetched 74.4 MB in 0s (95.0 MB/s)
Selecting previously unselected package libbsd0:amd64.
(Reading database ... (Reading database ... 5%(Reading database ... 10%(Reading database ... 15%(Reading database ... 20%(Reading database ... 25%(Reading database ... 30%(Reading database ... 35%(Reading database ... 40%(Reading database ... 45%(Reading database ... 50%(Reading database ... 55%(Reading database ... 60%(Reading database ... 65%(Reading database ... 70%(Reading database ... 75%(Reading database ... 80%(Reading database ... 85%(Reading database ... 90%(Reading database ... 95%(Reading database ... 100%(Reading database ... 9711 files and directories currently installed.)
Preparing to unpack .../0-libbsd0_0.8.5-1_amd64.deb ...
Unpacking libbsd0:amd64 (0.8.5-1) ...
Selecting previously unselected package libncurses5:amd64.
Preparing to unpack .../1-libncurses5_6.0+20161126-1_amd64.deb ...
Unpacking libncurses5:amd64 (6.0+20161126-1) ...
Selecting previously unselected package libedit2:amd64.
Preparing to unpack .../2-libedit2_3.1-20170329-1_amd64.deb ...
Unpacking libedit2:amd64 (3.1-20170329-1) ...
Selecting previously unselected package libllvm4.0:amd64.
Preparing to unpack .../3-libllvm4.0_1%3a4.0.1-1_amd64.deb ...
Unpacking libllvm4.0:amd64 (1:4.0.1-1) ...
Selecting previously unselected package libclang1-4.0:amd64.
Preparing to unpack .../4-libclang1-4.0_1%3a4.0.1-1_amd64.deb ...
Unpacking libclang1-4.0:amd64 (1:4.0.1-1) ...
Selecting previously unselected package libjsoncpp1:amd64.
Preparing to unpack .../5-libjsoncpp1_1.7.4-3_amd64.deb ...
Unpacking libjsoncpp1:amd64 (1.7.4-3) ...
Selecting previously unselected package libobjc4:amd64.
Preparing to unpack .../6-libobjc4_7.1.0-9_amd64.deb ...
Unpacking libobjc4:amd64 (7.1.0-9) ...
Selecting previously unselected package libobjc-6-dev:amd64.
Preparing to unpack .../7-libobjc-6-dev_6.4.0-1_amd64.deb ...
Unpacking libobjc-6-dev:amd64 (6.4.0-1) ...
Selecting previously unselected package libclang-common-4.0-dev.
Preparing to unpack .../8-libclang-common-4.0-dev_1%3a4.0.1-1_amd64.deb ...
Unpacking libclang-common-4.0-dev (1:4.0.1-1) ...
Selecting previously unselected package clang-4.0.
Preparing to unpack .../9-clang-4.0_1%3a4.0.1-1_amd64.deb ...
Unpacking clang-4.0 (1:4.0.1-1) ...
Setting up libncurses5:amd64 (6.0+20161126-1) ...
Setting up libobjc4:amd64 (7.1.0-9) ...
Setting up libbsd0:amd64 (0.8.5-1) ...
Processing triggers for libc-bin (2.24-12) ...
Setting up libobjc-6-dev:amd64 (6.4.0-1) ...
Setting up libjsoncpp1:amd64 (1.7.4-3) ...
Setting up libedit2:amd64 (3.1-20170329-1) ...
Setting up libllvm4.0:amd64 (1:4.0.1-1) ...
Setting up libclang1-4.0:amd64 (1:4.0.1-1) ...
Setting up libclang-common-4.0-dev (1:4.0.1-1) ...
Setting up clang-4.0 (1:4.0.1-1) ...
Processing triggers for libc-bin (2.24-12) ...
W: --force-yes is deprecated, use one of the options starting with --allow instead.
+ echo 'Replace gcc, g++ & cpp by clang'
Replace gcc, g++ & cpp by clang
+ VERSIONS='4.6 4.7 4.8 4.9 5 6 7'
+ cd /usr/bin
+ for VERSION in $VERSIONS
+ rm -f g++-4.6 gcc-4.6 cpp-4.6 gcc
+ ln -s clang++-4.0 g++-4.6
+ ln -s clang-4.0 gcc-4.6
+ ln -s clang-4.0 cpp-4.6
+ ln -s clang-4.0 gcc
+ echo 'gcc-4.6 hold'
+ dpkg --set-selections
dpkg: warning: package not in status nor available database at line 1: gcc-4.6
dpkg: warning: found unknown packages; this might mean the available database
is outdated, and needs to be updated through a frontend method;
please see the FAQ <https://wiki.debian.org/Teams/Dpkg/FAQ>
+ echo 'g++-4.6 hold'
+ dpkg --set-selections
dpkg: warning: package not in status nor available database at line 1: g++-4.6
dpkg: warning: found unknown packages; this might mean the available database
is outdated, and needs to be updated through a frontend method;
please see the FAQ <https://wiki.debian.org/Teams/Dpkg/FAQ>
+ for VERSION in $VERSIONS
+ rm -f g++-4.7 gcc-4.7 cpp-4.7 gcc
+ ln -s clang++-4.0 g++-4.7
+ ln -s clang-4.0 gcc-4.7
+ ln -s clang-4.0 cpp-4.7
+ ln -s clang-4.0 gcc
+ echo 'gcc-4.7 hold'
+ dpkg --set-selections
dpkg: warning: package not in status nor available database at line 1: gcc-4.7
dpkg: warning: found unknown packages; this might mean the available database
is outdated, and needs to be updated through a frontend method;
please see the FAQ <https://wiki.debian.org/Teams/Dpkg/FAQ>
+ echo 'g++-4.7 hold'
+ dpkg --set-selections
dpkg: warning: package not in status nor available database at line 1: g++-4.7
dpkg: warning: found unknown packages; this might mean the available database
is outdated, and needs to be updated through a frontend method;
please see the FAQ <https://wiki.debian.org/Teams/Dpkg/FAQ>
+ for VERSION in $VERSIONS
+ rm -f g++-4.8 gcc-4.8 cpp-4.8 gcc
+ ln -s clang++-4.0 g++-4.8
+ ln -s clang-4.0 gcc-4.8
+ ln -s clang-4.0 cpp-4.8
+ ln -s clang-4.0 gcc
+ echo 'gcc-4.8 hold'
+ dpkg --set-selections
dpkg: warning: package not in status nor available database at line 1: gcc-4.8
dpkg: warning: found unknown packages; this might mean the available database
is outdated, and needs to be updated through a frontend method;
please see the FAQ <https://wiki.debian.org/Teams/Dpkg/FAQ>
+ echo 'g++-4.8 hold'
+ dpkg --set-selections
dpkg: warning: package not in status nor available database at line 1: g++-4.8
dpkg: warning: found unknown packages; this might mean the available database
is outdated, and needs to be updated through a frontend method;
please see the FAQ <https://wiki.debian.org/Teams/Dpkg/FAQ>
+ for VERSION in $VERSIONS
+ rm -f g++-4.9 gcc-4.9 cpp-4.9 gcc
+ ln -s clang++-4.0 g++-4.9
+ ln -s clang-4.0 gcc-4.9
+ ln -s clang-4.0 cpp-4.9
+ ln -s clang-4.0 gcc
+ echo 'gcc-4.9 hold'
+ dpkg --set-selections
dpkg: warning: package not in status nor available database at line 1: gcc-4.9
dpkg: warning: found unknown packages; this might mean the available database
is outdated, and needs to be updated through a frontend method;
please see the FAQ <https://wiki.debian.org/Teams/Dpkg/FAQ>
+ echo 'g++-4.9 hold'
+ dpkg --set-selections
dpkg: warning: package not in status nor available database at line 1: g++-4.9
dpkg: warning: found unknown packages; this might mean the available database
is outdated, and needs to be updated through a frontend method;
please see the FAQ <https://wiki.debian.org/Teams/Dpkg/FAQ>
+ for VERSION in $VERSIONS
+ rm -f g++-5 gcc-5 cpp-5 gcc
+ ln -s clang++-4.0 g++-5
+ ln -s clang-4.0 gcc-5
+ ln -s clang-4.0 cpp-5
+ ln -s clang-4.0 gcc
+ echo 'gcc-5 hold'
+ dpkg --set-selections
+ echo 'g++-5 hold'
+ dpkg --set-selections
+ for VERSION in $VERSIONS
+ rm -f g++-6 gcc-6 cpp-6 gcc
+ ln -s clang++-4.0 g++-6
+ ln -s clang-4.0 gcc-6
+ ln -s clang-4.0 cpp-6
+ ln -s clang-4.0 gcc
+ echo 'gcc-6 hold'
+ dpkg --set-selections
+ echo 'g++-6 hold'
+ dpkg --set-selections
+ for VERSION in $VERSIONS
+ rm -f g++-7 gcc-7 cpp-7 gcc
+ ln -s clang++-4.0 g++-7
+ ln -s clang-4.0 gcc-7
+ ln -s clang-4.0 cpp-7
+ ln -s clang-4.0 gcc
+ echo 'gcc-7 hold'
+ dpkg --set-selections
dpkg: warning: package not in status nor available database at line 1: gcc-7
dpkg: warning: found unknown packages; this might mean the available database
is outdated, and needs to be updated through a frontend method;
please see the FAQ <https://wiki.debian.org/Teams/Dpkg/FAQ>
+ echo 'g++-7 hold'
+ dpkg --set-selections
dpkg: warning: package not in status nor available database at line 1: g++-7
dpkg: warning: found unknown packages; this might mean the available database
is outdated, and needs to be updated through a frontend method;
please see the FAQ <https://wiki.debian.org/Teams/Dpkg/FAQ>
+ cd -
/build/hnb-AbYDKg
+ echo 'Check if gcc, g++ & cpp are actually clang'
Check if gcc, g++ & cpp are actually clang
+ gcc --version
+ grep clang
+ cpp --version
+ grep clang
+ g++ --version
+ grep clang

I: Finished running '/tmp/clang40'.

Finished processing commands.
--------------------------------------------------------------------------------

+------------------------------------------------------------------------------+
| Update chroot                                                                |
+------------------------------------------------------------------------------+

Hit:1 http://127.0.0.1:9999/debian unstable InRelease
Reading package lists...
Reading package lists...
Building dependency tree...
Reading state information...
Calculating upgrade...
0 upgraded, 0 newly installed, 0 to remove and 0 not upgraded.

+------------------------------------------------------------------------------+
| Fetch source files                                                           |
+------------------------------------------------------------------------------+


Check APT
---------

Checking available source versions...

Download source files with APT
------------------------------

Reading package lists...
NOTICE: 'hnb' packaging is maintained in the 'Git' version control system at:
git://anonscm.debian.org/collab-maint/hnb.git
Please use:
git clone git://anonscm.debian.org/collab-maint/hnb.git
to retrieve the latest (possibly unreleased) updates to the package.
Need to get 130 kB of source archives.
Get:1 http://127.0.0.1:9999/debian unstable/main hnb 1.9.18+ds1-1 (dsc) [1862 B]
Get:2 http://127.0.0.1:9999/debian unstable/main hnb 1.9.18+ds1-1 (tar) [100 kB]
Get:3 http://127.0.0.1:9999/debian unstable/main hnb 1.9.18+ds1-1 (diff) [27.7 kB]
Fetched 130 kB in 0s (1610 kB/s)
Download complete and in download only mode
I: NOTICE: Log filtering will replace 'build/hnb-AbYDKg/hnb-1.9.18+ds1' with '<<PKGBUILDDIR>>'
I: NOTICE: Log filtering will replace 'build/hnb-AbYDKg' with '<<BUILDDIR>>'

+------------------------------------------------------------------------------+
| Install build-essential                                                      |
+------------------------------------------------------------------------------+


Setup apt archive
-----------------

Merged Build-Depends: build-essential, fakeroot
Filtered Build-Depends: build-essential, fakeroot
dpkg-deb: building package 'sbuild-build-depends-core-dummy' in '/<<BUILDDIR>>/resolver-L7S7fS/apt_archive/sbuild-build-depends-core-dummy.deb'.
dpkg-scanpackages: warning: Packages in archive but missing from override file:
dpkg-scanpackages: warning:   sbuild-build-depends-core-dummy
dpkg-scanpackages: info: Wrote 1 entries to output Packages file.
Ign:1 copy:/<<BUILDDIR>>/resolver-L7S7fS/apt_archive ./ InRelease
Get:2 copy:/<<BUILDDIR>>/resolver-L7S7fS/apt_archive ./ Release [957 B]
Ign:3 copy:/<<BUILDDIR>>/resolver-L7S7fS/apt_archive ./ Release.gpg
Get:4 copy:/<<BUILDDIR>>/resolver-L7S7fS/apt_archive ./ Sources [349 B]
Get:5 copy:/<<BUILDDIR>>/resolver-L7S7fS/apt_archive ./ Packages [432 B]
Fetched 1738 B in 0s (0 B/s)
Reading package lists...
Reading package lists...

Install core build dependencies (apt-based resolver)
----------------------------------------------------

Installing build dependencies
Reading package lists...
Building dependency tree...
Reading state information...
The following NEW packages will be installed:
  sbuild-build-depends-core-dummy
0 upgraded, 1 newly installed, 0 to remove and 0 not upgraded.
Need to get 784 B of archives.
After this operation, 0 B of additional disk space will be used.
Get:1 copy:/<<BUILDDIR>>/resolver-L7S7fS/apt_archive ./ sbuild-build-depends-core-dummy 0.invalid.0 [784 B]
debconf: delaying package configuration, since apt-utils is not installed
Fetched 784 B in 0s (0 B/s)
Selecting previously unselected package sbuild-build-depends-core-dummy.
(Reading database ... 10206 files and directories currently installed.)
Preparing to unpack .../sbuild-build-depends-core-dummy_0.invalid.0_amd64.deb ...
Unpacking sbuild-build-depends-core-dummy (0.invalid.0) ...
Setting up sbuild-build-depends-core-dummy (0.invalid.0) ...

+------------------------------------------------------------------------------+
| Check architectures                                                          |
+------------------------------------------------------------------------------+

Arch check ok (amd64 included in any)

+------------------------------------------------------------------------------+
| Install package build dependencies                                           |
+------------------------------------------------------------------------------+


Setup apt archive
-----------------

Merged Build-Depends: debhelper (>= 9~), libncursesw5-dev
Filtered Build-Depends: debhelper (>= 9~), libncursesw5-dev
dpkg-deb: building package 'sbuild-build-depends-hnb-dummy' in '/<<BUILDDIR>>/resolver-L7S7fS/apt_archive/sbuild-build-depends-hnb-dummy.deb'.
dpkg-scanpackages: warning: Packages in archive but missing from override file:
dpkg-scanpackages: warning:   sbuild-build-depends-core-dummy sbuild-build-depends-hnb-dummy
dpkg-scanpackages: info: Wrote 2 entries to output Packages file.
Ign:1 copy:/<<BUILDDIR>>/resolver-L7S7fS/apt_archive ./ InRelease
Get:2 copy:/<<BUILDDIR>>/resolver-L7S7fS/apt_archive ./ Release [963 B]
Ign:3 copy:/<<BUILDDIR>>/resolver-L7S7fS/apt_archive ./ Release.gpg
Get:4 copy:/<<BUILDDIR>>/resolver-L7S7fS/apt_archive ./ Sources [497 B]
Get:5 copy:/<<BUILDDIR>>/resolver-L7S7fS/apt_archive ./ Packages [576 B]
Fetched 2036 B in 0s (0 B/s)
Reading package lists...
Reading package lists...

Install hnb build dependencies (apt-based resolver)
---------------------------------------------------

Installing build dependencies
Reading package lists...
Building dependency tree...
Reading state information...
The following additional packages will be installed:
  autoconf automake autopoint autotools-dev bsdmainutils debhelper
  dh-autoreconf dh-strip-nondeterminism file gettext gettext-base groff-base
  intltool-debian libarchive-zip-perl libcroco3
  libfile-stripnondeterminism-perl libglib2.0-0 libicu57 libmagic-mgc
  libmagic1 libncursesw5-dev libpipeline1 libsigsegv2 libtimedate-perl
  libtinfo-dev libtool libxml2 m4 man-db po-debconf
Suggested packages:
  autoconf-archive gnu-standards autoconf-doc wamerican | wordlist whois
  vacation dh-make gettext-doc libasprintf-dev libgettextpo-dev groff
  ncurses-doc libtool-doc gfortran | fortran95-compiler gcj-jdk m4-doc less
  www-browser libmail-box-perl
Recommended packages:
  curl | wget | lynx-cur libarchive-cpio-perl libglib2.0-data shared-mime-info
  xdg-user-dirs libltdl-dev xml-core libmail-sendmail-perl
The following NEW packages will be installed:
  autoconf automake autopoint autotools-dev bsdmainutils debhelper
  dh-autoreconf dh-strip-nondeterminism file gettext gettext-base groff-base
  intltool-debian libarchive-zip-perl libcroco3
  libfile-stripnondeterminism-perl libglib2.0-0 libicu57 libmagic-mgc
  libmagic1 libncursesw5-dev libpipeline1 libsigsegv2 libtimedate-perl
  libtinfo-dev libtool libxml2 m4 man-db po-debconf
  sbuild-build-depends-hnb-dummy
0 upgraded, 31 newly installed, 0 to remove and 0 not upgraded.
Need to get 19.6 MB of archives.
After this operation, 67.3 MB of additional disk space will be used.
Get:1 copy:/<<BUILDDIR>>/resolver-L7S7fS/apt_archive ./ sbuild-build-depends-hnb-dummy 0.invalid.0 [796 B]
Get:2 http://127.0.0.1:9999/debian unstable/main amd64 groff-base amd64 1.22.3-9 [1160 kB]
Get:3 http://127.0.0.1:9999/debian unstable/main amd64 bsdmainutils amd64 9.0.12+nmu1 [186 kB]
Get:4 http://127.0.0.1:9999/debian unstable/main amd64 libpipeline1 amd64 1.4.1-2 [27.6 kB]
Get:5 http://127.0.0.1:9999/debian unstable/main amd64 man-db amd64 2.7.6.1-2 [1044 kB]
Get:6 http://127.0.0.1:9999/debian unstable/main amd64 libmagic-mgc amd64 1:5.30-1 [222 kB]
Get:7 http://127.0.0.1:9999/debian unstable/main amd64 libmagic1 amd64 1:5.30-1 [111 kB]
Get:8 http://127.0.0.1:9999/debian unstable/main amd64 file amd64 1:5.30-1 [63.9 kB]
Get:9 http://127.0.0.1:9999/debian unstable/main amd64 gettext-base amd64 0.19.8.1-2+b1 [122 kB]
Get:10 http://127.0.0.1:9999/debian unstable/main amd64 libicu57 amd64 57.1-6 [7701 kB]
Get:11 http://127.0.0.1:9999/debian unstable/main amd64 libxml2 amd64 2.9.4+dfsg1-3 [715 kB]
Get:12 http://127.0.0.1:9999/debian unstable/main amd64 libsigsegv2 amd64 2.11-1 [29.9 kB]
Get:13 http://127.0.0.1:9999/debian unstable/main amd64 m4 amd64 1.4.18-1 [202 kB]
Get:14 http://127.0.0.1:9999/debian unstable/main amd64 autoconf all 2.69-10 [338 kB]
Get:15 http://127.0.0.1:9999/debian unstable/main amd64 autotools-dev all 20161112.1 [73.4 kB]
Get:16 http://127.0.0.1:9999/debian unstable/main amd64 automake all 1:1.15.1-2 [736 kB]
Get:17 http://127.0.0.1:9999/debian unstable/main amd64 autopoint all 0.19.8.1-2 [433 kB]
Get:18 http://127.0.0.1:9999/debian unstable/main amd64 libtool all 2.4.6-2 [545 kB]
Get:19 http://127.0.0.1:9999/debian unstable/main amd64 dh-autoreconf all 14 [15.9 kB]
Get:20 http://127.0.0.1:9999/debian unstable/main amd64 libarchive-zip-perl all 1.59-1 [95.5 kB]
Get:21 http://127.0.0.1:9999/debian unstable/main amd64 libfile-stripnondeterminism-perl all 0.035-2 [17.0 kB]
Get:22 http://127.0.0.1:9999/debian unstable/main amd64 libtimedate-perl all 2.3000-2 [42.2 kB]
Get:23 http://127.0.0.1:9999/debian unstable/main amd64 dh-strip-nondeterminism all 0.035-2 [10.7 kB]
Get:24 http://127.0.0.1:9999/debian unstable/main amd64 libglib2.0-0 amd64 2.52.3-1 [2742 kB]
Get:25 http://127.0.0.1:9999/debian unstable/main amd64 libcroco3 amd64 0.6.12-1 [144 kB]
Get:26 http://127.0.0.1:9999/debian unstable/main amd64 gettext amd64 0.19.8.1-2+b1 [1301 kB]
Get:27 http://127.0.0.1:9999/debian unstable/main amd64 intltool-debian all 0.35.0+20060710.4 [26.3 kB]
Get:28 http://127.0.0.1:9999/debian unstable/main amd64 po-debconf all 1.0.20 [247 kB]
Get:29 http://127.0.0.1:9999/debian unstable/main amd64 debhelper all 10.6.2 [968 kB]
Get:30 http://127.0.0.1:9999/debian unstable/main amd64 libtinfo-dev amd64 6.0+20161126-1 [78.8 kB]
Get:31 http://127.0.0.1:9999/debian unstable/main amd64 libncursesw5-dev amd64 6.0+20161126-1 [200 kB]
debconf: delaying package configuration, since apt-utils is not installed
Fetched 19.6 MB in 0s (96.3 MB/s)
Selecting previously unselected package groff-base.
(Reading database ... 10206 files and directories currently installed.)
Preparing to unpack .../00-groff-base_1.22.3-9_amd64.deb ...
Unpacking groff-base (1.22.3-9) ...
Selecting previously unselected package bsdmainutils.
Preparing to unpack .../01-bsdmainutils_9.0.12+nmu1_amd64.deb ...
Unpacking bsdmainutils (9.0.12+nmu1) ...
Selecting previously unselected package libpipeline1:amd64.
Preparing to unpack .../02-libpipeline1_1.4.1-2_amd64.deb ...
Unpacking libpipeline1:amd64 (1.4.1-2) ...
Selecting previously unselected package man-db.
Preparing to unpack .../03-man-db_2.7.6.1-2_amd64.deb ...
Unpacking man-db (2.7.6.1-2) ...
Selecting previously unselected package libmagic-mgc.
Preparing to unpack .../04-libmagic-mgc_1%3a5.30-1_amd64.deb ...
Unpacking libmagic-mgc (1:5.30-1) ...
Selecting previously unselected package libmagic1:amd64.
Preparing to unpack .../05-libmagic1_1%3a5.30-1_amd64.deb ...
Unpacking libmagic1:amd64 (1:5.30-1) ...
Selecting previously unselected package file.
Preparing to unpack .../06-file_1%3a5.30-1_amd64.deb ...
Unpacking file (1:5.30-1) ...
Selecting previously unselected package gettext-base.
Preparing to unpack .../07-gettext-base_0.19.8.1-2+b1_amd64.deb ...
Unpacking gettext-base (0.19.8.1-2+b1) ...
Selecting previously unselected package libicu57:amd64.
Preparing to unpack .../08-libicu57_57.1-6_amd64.deb ...
Unpacking libicu57:amd64 (57.1-6) ...
Selecting previously unselected package libxml2:amd64.
Preparing to unpack .../09-libxml2_2.9.4+dfsg1-3_amd64.deb ...
Unpacking libxml2:amd64 (2.9.4+dfsg1-3) ...
Selecting previously unselected package libsigsegv2:amd64.
Preparing to unpack .../10-libsigsegv2_2.11-1_amd64.deb ...
Unpacking libsigsegv2:amd64 (2.11-1) ...
Selecting previously unselected package m4.
Preparing to unpack .../11-m4_1.4.18-1_amd64.deb ...
Unpacking m4 (1.4.18-1) ...
Selecting previously unselected package autoconf.
Preparing to unpack .../12-autoconf_2.69-10_all.deb ...
Unpacking autoconf (2.69-10) ...
Selecting previously unselected package autotools-dev.
Preparing to unpack .../13-autotools-dev_20161112.1_all.deb ...
Unpacking autotools-dev (20161112.1) ...
Selecting previously unselected package automake.
Preparing to unpack .../14-automake_1%3a1.15.1-2_all.deb ...
Unpacking automake (1:1.15.1-2) ...
Selecting previously unselected package autopoint.
Preparing to unpack .../15-autopoint_0.19.8.1-2_all.deb ...
Unpacking autopoint (0.19.8.1-2) ...
Selecting previously unselected package libtool.
Preparing to unpack .../16-libtool_2.4.6-2_all.deb ...
Unpacking libtool (2.4.6-2) ...
Selecting previously unselected package dh-autoreconf.
Preparing to unpack .../17-dh-autoreconf_14_all.deb ...
Unpacking dh-autoreconf (14) ...
Selecting previously unselected package libarchive-zip-perl.
Preparing to unpack .../18-libarchive-zip-perl_1.59-1_all.deb ...
Unpacking libarchive-zip-perl (1.59-1) ...
Selecting previously unselected package libfile-stripnondeterminism-perl.
Preparing to unpack .../19-libfile-stripnondeterminism-perl_0.035-2_all.deb ...
Unpacking libfile-stripnondeterminism-perl (0.035-2) ...
Selecting previously unselected package libtimedate-perl.
Preparing to unpack .../20-libtimedate-perl_2.3000-2_all.deb ...
Unpacking libtimedate-perl (2.3000-2) ...
Selecting previously unselected package dh-strip-nondeterminism.
Preparing to unpack .../21-dh-strip-nondeterminism_0.035-2_all.deb ...
Unpacking dh-strip-nondeterminism (0.035-2) ...
Selecting previously unselected package libglib2.0-0:amd64.
Preparing to unpack .../22-libglib2.0-0_2.52.3-1_amd64.deb ...
Unpacking libglib2.0-0:amd64 (2.52.3-1) ...
Selecting previously unselected package libcroco3:amd64.
Preparing to unpack .../23-libcroco3_0.6.12-1_amd64.deb ...
Unpacking libcroco3:amd64 (0.6.12-1) ...
Selecting previously unselected package gettext.
Preparing to unpack .../24-gettext_0.19.8.1-2+b1_amd64.deb ...
Unpacking gettext (0.19.8.1-2+b1) ...
Selecting previously unselected package intltool-debian.
Preparing to unpack .../25-intltool-debian_0.35.0+20060710.4_all.deb ...
Unpacking intltool-debian (0.35.0+20060710.4) ...
Selecting previously unselected package po-debconf.
Preparing to unpack .../26-po-debconf_1.0.20_all.deb ...
Unpacking po-debconf (1.0.20) ...
Selecting previously unselected package debhelper.
Preparing to unpack .../27-debhelper_10.6.2_all.deb ...
Unpacking debhelper (10.6.2) ...
Selecting previously unselected package libtinfo-dev:amd64.
Preparing to unpack .../28-libtinfo-dev_6.0+20161126-1_amd64.deb ...
Unpacking libtinfo-dev:amd64 (6.0+20161126-1) ...
Selecting previously unselected package libncursesw5-dev:amd64.
Preparing to unpack .../29-libncursesw5-dev_6.0+20161126-1_amd64.deb ...
Unpacking libncursesw5-dev:amd64 (6.0+20161126-1) ...
Selecting previously unselected package sbuild-build-depends-hnb-dummy.
Preparing to unpack .../30-sbuild-build-depends-hnb-dummy_0.invalid.0_amd64.deb ...
Unpacking sbuild-build-depends-hnb-dummy (0.invalid.0) ...
Setting up libarchive-zip-perl (1.59-1) ...
Setting up libtimedate-perl (2.3000-2) ...
Setting up libsigsegv2:amd64 (2.11-1) ...
Setting up groff-base (1.22.3-9) ...
Setting up libglib2.0-0:amd64 (2.52.3-1) ...
No schema files found: doing nothing.
Setting up libtinfo-dev:amd64 (6.0+20161126-1) ...
Setting up gettext-base (0.19.8.1-2+b1) ...
Setting up libpipeline1:amd64 (1.4.1-2) ...
Setting up m4 (1.4.18-1) ...
Setting up libicu57:amd64 (57.1-6) ...
Setting up libxml2:amd64 (2.9.4+dfsg1-3) ...
Setting up libmagic-mgc (1:5.30-1) ...
Setting up libmagic1:amd64 (1:5.30-1) ...
Setting up libcroco3:amd64 (0.6.12-1) ...
Processing triggers for libc-bin (2.24-12) ...
Setting up autotools-dev (20161112.1) ...
Setting up libncursesw5-dev:amd64 (6.0+20161126-1) ...
Setting up bsdmainutils (9.0.12+nmu1) ...
update-alternatives: using /usr/bin/bsd-write to provide /usr/bin/write (write) in auto mode
update-alternatives: using /usr/bin/bsd-from to provide /usr/bin/from (from) in auto mode
Setting up autopoint (0.19.8.1-2) ...
Setting up libfile-stripnondeterminism-perl (0.035-2) ...
Setting up gettext (0.19.8.1-2+b1) ...
Setting up autoconf (2.69-10) ...
Setting up file (1:5.30-1) ...
Setting up intltool-debian (0.35.0+20060710.4) ...
Setting up automake (1:1.15.1-2) ...
update-alternatives: using /usr/bin/automake-1.15 to provide /usr/bin/automake (automake) in auto mode
Setting up man-db (2.7.6.1-2) ...
Not building database; man-db/auto-update is not 'true'.
Setting up libtool (2.4.6-2) ...
Setting up po-debconf (1.0.20) ...
Setting up dh-autoreconf (14) ...
Setting up dh-strip-nondeterminism (0.035-2) ...
Setting up debhelper (10.6.2) ...
Setting up sbuild-build-depends-hnb-dummy (0.invalid.0) ...

+------------------------------------------------------------------------------+
| Build environment                                                            |
+------------------------------------------------------------------------------+

Kernel: Linux 4.9.0-2-amd64 amd64 (x86_64)
Toolchain package versions: binutils_2.28-6 dpkg-dev_1.18.24 g++-6_6.4.0-1 gcc-6_6.4.0-1 libc6-dev_2.24-12 libstdc++-6-dev_6.4.0-1 libstdc++6_7.1.0-9 linux-libc-dev_4.11.6-1
Package versions: adduser_3.115 apt_1.5~beta1 autoconf_2.69-10 automake_1:1.15.1-2 autopoint_0.19.8.1-2 autotools-dev_20161112.1 base-files_10 base-passwd_3.5.43 bash_4.4-5 binutils_2.28-6 bsdmainutils_9.0.12+nmu1 bsdutils_1:2.29.2-1 build-essential_12.3 bzip2_1.0.6-8.1 clang-4.0_1:4.0.1-1 coreutils_8.26-3 cpp_4:6.3.0-4d1 cpp-6_6.4.0-1 dash_0.5.8-2.4 debconf_1.5.62 debfoster_2.7-2.1+b1 debhelper_10.6.2 debian-archive-keyring_2017.5 debianutils_4.8.1.1 dh-autoreconf_14 dh-strip-nondeterminism_0.035-2 diffutils_1:3.5-3 dpkg_1.18.24 dpkg-dev_1.18.24 e2fslibs_1.43.4-2 e2fsprogs_1.43.4-2 eatmydata_105-5 fakeroot_1.21-3.1 file_1:5.30-1 findutils_4.6.0+git+20170606-2 g++_4:6.3.0-4d1 g++-6_6.4.0-1 gcc_4:6.3.0-4d1 gcc-6_6.4.0-1 gcc-6-base_6.4.0-1 gcc-7-base_7.1.0-9 gettext_0.19.8.1-2+b1 gettext-base_0.19.8.1-2+b1 gpgv_2.1.18-8 grep_2.27-2 groff-base_1.22.3-9 gzip_1.6-5+b1 hostname_3.18+b1 init-system-helpers_1.48 intltool-debian_0.35.0+20060710.4 libacl1_2.2.52-3+b1 libapt-pkg5.0_1.5~beta1 libarchive-zip-perl_1.59-1 libasan3_6.4.0-1 libatomic1_7.1.0-9 libattr1_1:2.4.47-2+b2 libaudit-common_1:2.7.7-1 libaudit1_1:2.7.7-1+b1 libblkid1_2.29.2-1 libbsd0_0.8.5-1 libbz2-1.0_1.0.6-8.1 libc-bin_2.24-12 libc-dev-bin_2.24-12 libc6_2.24-12 libc6-dev_2.24-12 libcap-ng0_0.7.7-3+b1 libcc1-0_7.1.0-9 libcilkrts5_7.1.0-9 libclang-common-4.0-dev_1:4.0.1-1 libclang1-4.0_1:4.0.1-1 libcomerr2_1.43.4-2 libcroco3_0.6.12-1 libdb5.3_5.3.28-12+b1 libdebconfclient0_0.229 libdpkg-perl_1.18.24 libeatmydata1_105-5 libedit2_3.1-20170329-1 libfakeroot_1.21-3.1 libfdisk1_2.29.2-1 libffi6_3.2.1-6 libfile-stripnondeterminism-perl_0.035-2 libgc1c2_1:7.4.2-8 libgcc-6-dev_6.4.0-1 libgcc1_1:7.1.0-9 libgcrypt20_1.7.8-1 libgdbm3_1.8.3-14 libglib2.0-0_2.52.3-1 libgmp10_2:6.1.2+dfsg-1 libgnutls30_3.5.13-2 libgomp1_7.1.0-9 libgpg-error0_1.27-3 libhogweed4_3.3-1+b1 libicu57_57.1-6 libidn2-0_0.16-1+b1 libisl15_0.18-1 libitm1_7.1.0-9 libjsoncpp1_1.7.4-3 libllvm4.0_1:4.0.1-1 liblsan0_7.1.0-9 liblz4-1_0.0~r131-2+b1 liblzma5_5.2.2-1.2+b1 libmagic-mgc_1:5.30-1 libmagic1_1:5.30-1 libmount1_2.29.2-1 libmpc3_1.0.3-1+b2 libmpfr4_3.1.5-1 libmpx2_7.1.0-9 libncurses5_6.0+20161126-1 libncursesw5_6.0+20161126-1 libncursesw5-dev_6.0+20161126-1 libnettle6_3.3-1+b1 libobjc-6-dev_6.4.0-1 libobjc4_7.1.0-9 libp11-kit0_0.23.7-2 libpam-modules_1.1.8-3.6 libpam-modules-bin_1.1.8-3.6 libpam-runtime_1.1.8-3.6 libpam0g_1.1.8-3.6 libpcre3_2:8.39-3 libperl5.24_5.24.1-6 libpipeline1_1.4.1-2 libquadmath0_7.1.0-9 libselinux1_2.6-3+b2 libsemanage-common_2.6-2 libsemanage1_2.6-2+b1 libsepol1_2.6-2 libsigsegv2_2.11-1 libsmartcols1_2.29.2-1 libss2_1.43.4-2 libstdc++-6-dev_6.4.0-1 libstdc++6_7.1.0-9 libsystemd0_233-10 libtasn1-6_4.12-2 libtimedate-perl_2.3000-2 libtinfo-dev_6.0+20161126-1 libtinfo5_6.0+20161126-1 libtool_2.4.6-2 libtsan0_7.1.0-9 libubsan0_7.1.0-9 libudev1_233-10 libunistring2_0.9.7-2 libustr-1.0-1_1.0.4-6 libuuid1_2.29.2-1 libxml2_2.9.4+dfsg1-3 linux-libc-dev_4.11.6-1 login_1:4.4-4.1 m4_1.4.18-1 make_4.1-9.1 man-db_2.7.6.1-2 mawk_1.3.3-17+b3 mount_2.29.2-1 multiarch-support_2.24-12 ncurses-base_6.0+20161126-1 ncurses-bin_6.0+20161126-1 passwd_1:4.4-4.1 patch_2.7.5-1+b2 perl_5.24.1-6 perl-base_5.24.1-6 perl-modules-5.24_5.24.1-6 po-debconf_1.0.20 sbuild-build-depends-core-dummy_0.invalid.0 sbuild-build-depends-hnb-dummy_0.invalid.0 sed_4.4-1 sensible-utils_0.0.9 sysvinit-utils_2.88dsf-59.9 tar_1.29b-1.1 util-linux_2.29.2-1 xz-utils_5.2.2-1.2+b1 zlib1g_1:1.2.8.dfsg-5

+------------------------------------------------------------------------------+
| Build                                                                        |
+------------------------------------------------------------------------------+


Unpack source
-------------

gpgv: unknown type of key resource 'trustedkeys.kbx'
gpgv: keyblock resource '/sbuild-nonexistent/.gnupg/trustedkeys.kbx': General error
gpgv: Signature made Sun Aug 23 11:05:02 2015 UTC
gpgv:                using RSA key 6BE663C75A35C975
gpgv: Can't check signature: No public key
dpkg-source: warning: failed to verify signature on ./hnb_1.9.18+ds1-1.dsc
dpkg-source: info: extracting hnb in /<<BUILDDIR>>/hnb-1.9.18+ds1
dpkg-source: info: unpacking hnb_1.9.18+ds1.orig.tar.xz
dpkg-source: info: unpacking hnb_1.9.18+ds1-1.debian.tar.xz
dpkg-source: info: applying 00_fix_man_section.patch
dpkg-source: info: applying 01_quotations_instead_of_quotes.patch
dpkg-source: info: applying 02_recrusive_expand_collapse.patch
dpkg-source: info: applying 03_hnbrc.patch
dpkg-source: info: applying 04_unset_done_when_toggeling_todo.patch
dpkg-source: info: applying 05_return_null_if_node_is_null.patch
dpkg-source: info: applying 07_postscript_todo.patch
dpkg-source: info: applying 08_fix_implicitly_converted_pointer.patch
dpkg-source: info: applying 09_make_all_callbacks_return_void.patch
dpkg-source: info: applying 10_cursor_bug.patch
dpkg-source: info: applying 11_makefile_doc.patch
dpkg-source: info: applying 12_makefiles_cflags.patch
dpkg-source: info: applying 14_binary_autosave.patch
dpkg-source: info: applying 15_document_export.patch
dpkg-source: info: applying 16_refer_to_documentation_in_man.patch
dpkg-source: info: applying 17_wrap_long_words.patch
dpkg-source: info: applying 18_todo_bullet_configurable.patch
dpkg-source: info: applying 19_decouple_cursor.patch
dpkg-source: info: applying 20_call_setlocale.patch
dpkg-source: info: applying 21_link_against_ncursesw.patch
dpkg-source: info: applying 22_set_encoding_to_utf-8_in_exported_files.patch
dpkg-source: info: applying 23_fix_spelling_errors_in_man_page.patch
dpkg-source: info: applying 24_mark_node_as_not_temporary.patch
dpkg-source: info: applying 25_cli_format-security.patch
dpkg-source: info: applying 26_makefile_ldflags.patch
dpkg-source: info: applying 27_fix_segfault_on_unset_$HOME.patch
dpkg-source: info: applying 50_debian_use_sensible-browser_instead_of_w3m.patch
dpkg-source: info: applying 28_fix_spelling_error_in_binary.patch

Check disk space
----------------

Sufficient free space for build

User Environment
----------------

APT_CONFIG=/var/lib/sbuild/apt.conf
HOME=/sbuild-nonexistent
LANG=en_US.UTF-8
LC_ALL=POSIX
LOGNAME=user42
PATH=/usr/local/sbin:/usr/local/bin:/usr/sbin:/usr/bin:/sbin:/bin:/usr/games
SCHROOT_ALIAS_NAME=unstable-amd64-sbuild
SCHROOT_CHROOT_NAME=unstable-amd64-sbuild
SCHROOT_COMMAND=env
SCHROOT_GID=1001
SCHROOT_GROUP=user42
SCHROOT_SESSION_ID=unstable-amd64-sbuild-a2199318-bf44-4940-8d83-6b705d2edffe
SCHROOT_UID=1001
SCHROOT_USER=user42
SHELL=/bin/sh
USER=user42

dpkg-buildpackage
-----------------

dpkg-buildpackage: info: source package hnb
dpkg-buildpackage: info: source version 1.9.18+ds1-1
dpkg-buildpackage: info: source distribution unstable
dpkg-buildpackage: info: source changed by Axel Beckert <abe@debian.org>
 dpkg-source --before-build hnb-1.9.18+ds1
dpkg-buildpackage: info: host architecture amd64
 fakeroot debian/rules clean
dh clean
   dh_testdir
   dh_auto_clean
	make -j1 clean
make[1]: Entering directory '/<<BUILDDIR>>/hnb-1.9.18+ds1'
(cd src;make clean)
make[2]: Entering directory '/<<BUILDDIR>>/hnb-1.9.18+ds1/src'
rm -f xml_debug hnb clipboard.o state.o path.o tree_todo.o file_binary.o actions.o expanded.o tree_sort.o file_xml.o file_hnb.o ui.o ui_cli.o prefs.o spell.o node.o file_opml.o cli_macro.o tree_misc.o ui_overlay.o ui_draw.o ui_style.o ui_menu.o file_html.o file_ascii.o ui_binding.o query.o autosave.o file.o util_string.o cal.o hnb.o ui_edit.o search.o xml_tok.o statcmds.o file_help.o tokenizer.o tree.o evilloop.o file_ps.o *~ cli_*.inc
(cd libcli;make clean)
make[3]: Entering directory '/<<BUILDDIR>>/hnb-1.9.18+ds1/src/libcli'
rm -f *.o *.a *.so test-s* *~
make[3]: Leaving directory '/<<BUILDDIR>>/hnb-1.9.18+ds1/src/libcli'
make[2]: Leaving directory '/<<BUILDDIR>>/hnb-1.9.18+ds1/src'
(cd util;make clean)
make[2]: Entering directory '/<<BUILDDIR>>/hnb-1.9.18+ds1/util'
rm -f asc2c *~
make[2]: Leaving directory '/<<BUILDDIR>>/hnb-1.9.18+ds1/util'
rm -f *~
make[1]: Leaving directory '/<<BUILDDIR>>/hnb-1.9.18+ds1'
   dh_clean
 debian/rules build-arch
dh build-arch
   dh_testdir -a
   dh_update_autotools_config -a
   dh_auto_configure -a
   debian/rules override_dh_auto_build
make[1]: Entering directory '/<<BUILDDIR>>/hnb-1.9.18+ds1'
/usr/bin/make --always-make src/hnbrc.inc
make[2]: Entering directory '/<<BUILDDIR>>/hnb-1.9.18+ds1'
(cd util;make)
make[3]: Entering directory '/<<BUILDDIR>>/hnb-1.9.18+ds1/util'
cc -g -O2 -fdebug-prefix-map=/<<BUILDDIR>>/hnb-1.9.18+ds1=. -fstack-protector-strong -Wformat -Werror=format-security "-I/usr/include/ncursesw" -Wdate-time -D_FORTIFY_SOURCE=2 -Wl,-z,relro  asc2c.c   -o asc2c
make[3]: Leaving directory '/<<BUILDDIR>>/hnb-1.9.18+ds1/util'
echo -n "\"">src/hnbrc.inc
cat doc/hnbrc | util/asc2c >> src/hnbrc.inc
echo "\"">>src/hnbrc.inc
make[2]: Leaving directory '/<<BUILDDIR>>/hnb-1.9.18+ds1'
/usr/bin/make --always-make -C src init_subsystems.c
make[2]: Entering directory '/<<BUILDDIR>>/hnb-1.9.18+ds1/src'
echo "/* this file is autogenerated, do not edit */">init_subsystems.c
cat *.c | grep "^\!init_" | sort | sed -e "s/^\!/void /g">>init_subsystems.c
echo "">>init_subsystems.c
echo "void init_subsystems(){">>init_subsystems.c
cat *.c | grep "^\!init_" | sort | sed -e "s/^\!/ /g">>init_subsystems.c
echo "}">>init_subsystems.c
make[2]: Leaving directory '/<<BUILDDIR>>/hnb-1.9.18+ds1/src'
dh_auto_build src/hnb
	make -j1
make[2]: Entering directory '/<<BUILDDIR>>/hnb-1.9.18+ds1'
(cd src;make)
make[3]: Entering directory '/<<BUILDDIR>>/hnb-1.9.18+ds1/src'
(cd libcli;make libcli.a)
make[4]: Entering directory '/<<BUILDDIR>>/hnb-1.9.18+ds1/src/libcli'
cc -g -O2 -fdebug-prefix-map=/<<BUILDDIR>>/hnb-1.9.18+ds1=. -fstack-protector-strong -Wformat -Werror=format-security -I.. -Ilibcli -DHAVE_CONFIG_H "-I/usr/include/ncursesw" -Wdate-time -D_FORTIFY_SOURCE=2  -c -o cli.o cli.c
cc -g -O2 -fdebug-prefix-map=/<<BUILDDIR>>/hnb-1.9.18+ds1=. -fstack-protector-strong -Wformat -Werror=format-security -I.. -Ilibcli -DHAVE_CONFIG_H "-I/usr/include/ncursesw" -Wdate-time -D_FORTIFY_SOURCE=2  -c -o cli_history.o cli_history.c
cc -g -O2 -fdebug-prefix-map=/<<BUILDDIR>>/hnb-1.9.18+ds1=. -fstack-protector-strong -Wformat -Werror=format-security -I.. -Ilibcli -DHAVE_CONFIG_H "-I/usr/include/ncursesw" -Wdate-time -D_FORTIFY_SOURCE=2  -c -o cli_tokenize.o cli_tokenize.c
ar rc libcli.a cli*.o
make[4]: Leaving directory '/<<BUILDDIR>>/hnb-1.9.18+ds1/src/libcli'
make[3]: Circular init_subsystems.c <- init_subsystems.c dependency dropped.
cc -c -g -O2 -fdebug-prefix-map=/<<BUILDDIR>>/hnb-1.9.18+ds1=. -fstack-protector-strong -Wformat -Werror=format-security -I.. -Ilibcli -DHAVE_CONFIG_H "-I/usr/include/ncursesw" -Wdate-time -D_FORTIFY_SOURCE=2 -o init_subsystems.o init_subsystems.c
cc -c -g -O2 -fdebug-prefix-map=/<<BUILDDIR>>/hnb-1.9.18+ds1=. -fstack-protector-strong -Wformat -Werror=format-security -I.. -Ilibcli -DHAVE_CONFIG_H "-I/usr/include/ncursesw" -Wdate-time -D_FORTIFY_SOURCE=2 -o clipboard.o clipboard.c
cc -c -g -O2 -fdebug-prefix-map=/<<BUILDDIR>>/hnb-1.9.18+ds1=. -fstack-protector-strong -Wformat -Werror=format-security -I.. -Ilibcli -DHAVE_CONFIG_H "-I/usr/include/ncursesw" -Wdate-time -D_FORTIFY_SOURCE=2 -o state.o state.c
cc -c -g -O2 -fdebug-prefix-map=/<<BUILDDIR>>/hnb-1.9.18+ds1=. -fstack-protector-strong -Wformat -Werror=format-security -I.. -Ilibcli -DHAVE_CONFIG_H "-I/usr/include/ncursesw" -Wdate-time -D_FORTIFY_SOURCE=2 -o path.o path.c
cc -c -g -O2 -fdebug-prefix-map=/<<BUILDDIR>>/hnb-1.9.18+ds1=. -fstack-protector-strong -Wformat -Werror=format-security -I.. -Ilibcli -DHAVE_CONFIG_H "-I/usr/include/ncursesw" -Wdate-time -D_FORTIFY_SOURCE=2 -o tree_todo.o tree_todo.c
cc -c -g -O2 -fdebug-prefix-map=/<<BUILDDIR>>/hnb-1.9.18+ds1=. -fstack-protector-strong -Wformat -Werror=format-security -I.. -Ilibcli -DHAVE_CONFIG_H "-I/usr/include/ncursesw" -Wdate-time -D_FORTIFY_SOURCE=2 -o file_binary.o file_binary.c
file_binary.c:124:3: warning: ignoring return value of function declared with 'warn_unused_result' attribute [-Wunused-result]
                fread(&header, sizeof(int), 1, file);
                ^~~~~ ~~~~~~~~~~~~~~~~~~~~~~~~~~~~~
file_binary.c:125:3: warning: ignoring return value of function declared with 'warn_unused_result' attribute [-Wunused-result]
                fread(&version, sizeof(int), 1, file);
                ^~~~~ ~~~~~~~~~~~~~~~~~~~~~~~~~~~~~~
file_binary.c:147:5: warning: ignoring return value of function declared with 'warn_unused_result' attribute [-Wunused-result]
                                fread(&len, sizeof(int),1,file);
                                ^~~~~ ~~~~~~~~~~~~~~~~~~~~~~~~
file_binary.c:149:5: warning: ignoring return value of function declared with 'warn_unused_result' attribute [-Wunused-result]
                                fread(att_name,1,len,file);
                                ^~~~~ ~~~~~~~~~~~~~~~~~~~
file_binary.c:151:5: warning: ignoring return value of function declared with 'warn_unused_result' attribute [-Wunused-result]
                                fread(&len, sizeof(int),1,file);
                                ^~~~~ ~~~~~~~~~~~~~~~~~~~~~~~~
file_binary.c:153:5: warning: ignoring return value of function declared with 'warn_unused_result' attribute [-Wunused-result]
                                fread(att_data,1,len,file);
                                ^~~~~ ~~~~~~~~~~~~~~~~~~~
file_binary.c:138:3: warning: ignoring return value of function declared with 'warn_unused_result' attribute [-Wunused-result]
                fread(&attributes, sizeof(int),1,file);
                ^~~~~ ~~~~~~~~~~~~~~~~~~~~~~~~~~~~~~~
7 warnings generated.
cc -c -g -O2 -fdebug-prefix-map=/<<BUILDDIR>>/hnb-1.9.18+ds1=. -fstack-protector-strong -Wformat -Werror=format-security -I.. -Ilibcli -DHAVE_CONFIG_H "-I/usr/include/ncursesw" -Wdate-time -D_FORTIFY_SOURCE=2 -o actions.o actions.c
actions.c:41:3: warning: ignoring return value of function declared with 'warn_unused_result' attribute [-Wunused-result]
                system (argv[1]);
                ^~~~~~  ~~~~~~~
actions.c:126:3: warning: ignoring return value of function declared with 'warn_unused_result' attribute [-Wunused-result]
                system (cmdline);
                ^~~~~~  ~~~~~~~
2 warnings generated.
cc -c -g -O2 -fdebug-prefix-map=/<<BUILDDIR>>/hnb-1.9.18+ds1=. -fstack-protector-strong -Wformat -Werror=format-security -I.. -Ilibcli -DHAVE_CONFIG_H "-I/usr/include/ncursesw" -Wdate-time -D_FORTIFY_SOURCE=2 -o expanded.o expanded.c
cc -c -g -O2 -fdebug-prefix-map=/<<BUILDDIR>>/hnb-1.9.18+ds1=. -fstack-protector-strong -Wformat -Werror=format-security -I.. -Ilibcli -DHAVE_CONFIG_H "-I/usr/include/ncursesw" -Wdate-time -D_FORTIFY_SOURCE=2 -o tree_sort.o tree_sort.c
cc -c -g -O2 -fdebug-prefix-map=/<<BUILDDIR>>/hnb-1.9.18+ds1=. -fstack-protector-strong -Wformat -Werror=format-security -I.. -Ilibcli -DHAVE_CONFIG_H "-I/usr/include/ncursesw" -Wdate-time -D_FORTIFY_SOURCE=2 -o file_xml.o file_xml.c
cc -c -g -O2 -fdebug-prefix-map=/<<BUILDDIR>>/hnb-1.9.18+ds1=. -fstack-protector-strong -Wformat -Werror=format-security -I.. -Ilibcli -DHAVE_CONFIG_H "-I/usr/include/ncursesw" -Wdate-time -D_FORTIFY_SOURCE=2 -o file_hnb.o file_hnb.c
cc -c -g -O2 -fdebug-prefix-map=/<<BUILDDIR>>/hnb-1.9.18+ds1=. -fstack-protector-strong -Wformat -Werror=format-security -I.. -Ilibcli -DHAVE_CONFIG_H "-I/usr/include/ncursesw" -Wdate-time -D_FORTIFY_SOURCE=2 -o ui.o ui.c
cc -c -g -O2 -fdebug-prefix-map=/<<BUILDDIR>>/hnb-1.9.18+ds1=. -fstack-protector-strong -Wformat -Werror=format-security -I.. -Ilibcli -DHAVE_CONFIG_H "-I/usr/include/ncursesw" -Wdate-time -D_FORTIFY_SOURCE=2 -o ui_cli.o ui_cli.c
ui_cli.c:252:3: warning: ignoring return value of function declared with 'warn_unused_result' attribute [-Wunused-result]
                fgets (commandline, 4096, stdin);
                ^~~~~  ~~~~~~~~~~~~~~~~~~~~~~~~
1 warning generated.
cc -c -g -O2 -fdebug-prefix-map=/<<BUILDDIR>>/hnb-1.9.18+ds1=. -fstack-protector-strong -Wformat -Werror=format-security -I.. -Ilibcli -DHAVE_CONFIG_H "-I/usr/include/ncursesw" -Wdate-time -D_FORTIFY_SOURCE=2 -o prefs.o prefs.c
prefs.c:92:2: error: embedding a #include directive within macro arguments is not supported
#include "hnbrc.inc"
 ^
prefs.c:91:2: error: expected expression
        fprintf (file,
        ^
/usr/include/x86_64-linux-gnu/bits/stdio2.h:110:62: note: expanded from macro 'fprintf'
  __fprintf_chk (stream, __USE_FORTIFY_LEVEL - 1, __VA_ARGS__)
                                                             ^
2 errors generated.
Makefile:9: recipe for target 'prefs.o' failed
make[3]: *** [prefs.o] Error 1
make[3]: Leaving directory '/<<BUILDDIR>>/hnb-1.9.18+ds1/src'
Makefile:3: recipe for target 'src/hnb' failed
make[2]: *** [src/hnb] Error 2
make[2]: Leaving directory '/<<BUILDDIR>>/hnb-1.9.18+ds1'
dh_auto_build: make -j1 returned exit code 2
debian/rules:15: recipe for target 'override_dh_auto_build' failed
make[1]: *** [override_dh_auto_build] Error 2
make[1]: Leaving directory '/<<BUILDDIR>>/hnb-1.9.18+ds1'
debian/rules:12: recipe for target 'build-arch' failed
make: *** [build-arch] Error 2
dpkg-buildpackage: error: debian/rules build-arch gave error exit status 2
--------------------------------------------------------------------------------
Build finished at 2017-07-06T21:08:11Z

Finished
--------


+------------------------------------------------------------------------------+
| Cleanup                                                                      |
+------------------------------------------------------------------------------+

Purging /<<BUILDDIR>>
Not cleaning session: cloned chroot in use
E: Build failure (dpkg-buildpackage died)

+------------------------------------------------------------------------------+
| Summary                                                                      |
+------------------------------------------------------------------------------+

Build Architecture: amd64
Build Type: any
Build-Space: 2272
Build-Time: 2
Distribution: unstable
Fail-Stage: build
Host Architecture: amd64
Install-Time: 5
Job: hnb_1.9.18+ds1-1
Machine Architecture: amd64
Package: hnb
Package-Time: 25
Source-Version: 1.9.18+ds1-1
Space: 2272
Status: attempted
Version: 1.9.18+ds1-1
--------------------------------------------------------------------------------
Finished at 2017-07-06T21:08:11Z
Build needed 00:00:25, 2272k disk space
E: Build failure (dpkg-buildpackage died)
DC-Status: Failed 25.35349448s
