DC-Build-Header: postgresql-hll 2.7-2.1 / 2017-07-06 19:59:31 +0000
DC-Task: type:rebuild-binarch-only source:postgresql-hll version:2.7-2.1 chroot:unstable esttime:377 logfile:/tmp/postgresql-hll_2.7-2.1_unstable_clang4.0.log modes:clang40:binarch-only
DC-Sbuild-call: su user42 -c 'sbuild -n --arch-any --apt-update -d unstable -v  --chroot-setup-commands=/tmp/clang40 postgresql-hll_2.7-2.1'
sbuild (Debian sbuild) 0.73.0 (23 Dec 2016) on ip-172-31-38-111.eu-central-1.compute.internal

+==============================================================================+
| postgresql-hll 2.7-2.1 (amd64)               Thu, 06 Jul 2017 19:59:32 +0000 |
+==============================================================================+

Package: postgresql-hll
Version: 2.7-2.1
Source Version: 2.7-2.1
Distribution: unstable
Machine Architecture: amd64
Host Architecture: amd64
Build Architecture: amd64
Build Type: any

I: NOTICE: Log filtering will replace 'var/run/schroot/mount/unstable-amd64-sbuild-e3a2b8b4-da14-4321-b990-942a2c3c5139' with '<<CHROOT>>'

+------------------------------------------------------------------------------+
| Chroot Setup Commands                                                        |
+------------------------------------------------------------------------------+


/tmp/clang40
------------

+ echo 'Entering customization script...'
Entering customization script...
+ CLANG_VERSION=4.0
+ echo 'Install of clang-4.0'
Install of clang-4.0
+ apt-get update
Hit:1 http://127.0.0.1:9999/debian unstable InRelease
Get:2 http://127.0.0.1:9999/debian unstable/main Translation-en [5730 kB]
Fetched 5730 kB in 1s (3974 kB/s)
Reading package lists...
+ apt-get install --yes --no-install-recommends --force-yes clang-4.0
Reading package lists...
Building dependency tree...
Reading state information...
The following additional packages will be installed:
  libbsd0 libclang-common-4.0-dev libclang1-4.0 libedit2 libjsoncpp1
  libllvm4.0 libncurses5 libobjc-6-dev libobjc4
Suggested packages:
  gnustep gnustep-devel clang-4.0-doc libomp-dev
Recommended packages:
  llvm-4.0-dev python libgpm2
The following NEW packages will be installed:
  clang-4.0 libbsd0 libclang-common-4.0-dev libclang1-4.0 libedit2 libjsoncpp1
  libllvm4.0 libncurses5 libobjc-6-dev libobjc4
0 upgraded, 10 newly installed, 0 to remove and 0 not upgraded.
Need to get 74.4 MB of archives.
After this operation, 320 MB of additional disk space will be used.
Get:1 http://127.0.0.1:9999/debian unstable/main amd64 libbsd0 amd64 0.8.5-1 [89.6 kB]
Get:2 http://127.0.0.1:9999/debian unstable/main amd64 libncurses5 amd64 6.0+20161126-1 [93.4 kB]
Get:3 http://127.0.0.1:9999/debian unstable/main amd64 libedit2 amd64 3.1-20170329-1 [85.2 kB]
Get:4 http://127.0.0.1:9999/debian unstable/main amd64 libllvm4.0 amd64 1:4.0.1-1 [12.3 MB]
Get:5 http://127.0.0.1:9999/debian unstable/main amd64 libclang1-4.0 amd64 1:4.0.1-1 [6355 kB]
Get:6 http://127.0.0.1:9999/debian unstable/main amd64 libjsoncpp1 amd64 1.7.4-3 [75.6 kB]
Get:7 http://127.0.0.1:9999/debian unstable/main amd64 libobjc4 amd64 7.1.0-9 [51.0 kB]
Get:8 http://127.0.0.1:9999/debian unstable/main amd64 libobjc-6-dev amd64 6.4.0-1 [197 kB]
Get:9 http://127.0.0.1:9999/debian unstable/main amd64 libclang-common-4.0-dev amd64 1:4.0.1-1 [2495 kB]
Get:10 http://127.0.0.1:9999/debian unstable/main amd64 clang-4.0 amd64 1:4.0.1-1 [52.7 MB]
debconf: delaying package configuration, since apt-utils is not installed
Fetched 74.4 MB in 0s (96.7 MB/s)
Selecting previously unselected package libbsd0:amd64.
(Reading database ... (Reading database ... 5%(Reading database ... 10%(Reading database ... 15%(Reading database ... 20%(Reading database ... 25%(Reading database ... 30%(Reading database ... 35%(Reading database ... 40%(Reading database ... 45%(Reading database ... 50%(Reading database ... 55%(Reading database ... 60%(Reading database ... 65%(Reading database ... 70%(Reading database ... 75%(Reading database ... 80%(Reading database ... 85%(Reading database ... 90%(Reading database ... 95%(Reading database ... 100%(Reading database ... 9711 files and directories currently installed.)
Preparing to unpack .../0-libbsd0_0.8.5-1_amd64.deb ...
Unpacking libbsd0:amd64 (0.8.5-1) ...
Selecting previously unselected package libncurses5:amd64.
Preparing to unpack .../1-libncurses5_6.0+20161126-1_amd64.deb ...
Unpacking libncurses5:amd64 (6.0+20161126-1) ...
Selecting previously unselected package libedit2:amd64.
Preparing to unpack .../2-libedit2_3.1-20170329-1_amd64.deb ...
Unpacking libedit2:amd64 (3.1-20170329-1) ...
Selecting previously unselected package libllvm4.0:amd64.
Preparing to unpack .../3-libllvm4.0_1%3a4.0.1-1_amd64.deb ...
Unpacking libllvm4.0:amd64 (1:4.0.1-1) ...
Selecting previously unselected package libclang1-4.0:amd64.
Preparing to unpack .../4-libclang1-4.0_1%3a4.0.1-1_amd64.deb ...
Unpacking libclang1-4.0:amd64 (1:4.0.1-1) ...
Selecting previously unselected package libjsoncpp1:amd64.
Preparing to unpack .../5-libjsoncpp1_1.7.4-3_amd64.deb ...
Unpacking libjsoncpp1:amd64 (1.7.4-3) ...
Selecting previously unselected package libobjc4:amd64.
Preparing to unpack .../6-libobjc4_7.1.0-9_amd64.deb ...
Unpacking libobjc4:amd64 (7.1.0-9) ...
Selecting previously unselected package libobjc-6-dev:amd64.
Preparing to unpack .../7-libobjc-6-dev_6.4.0-1_amd64.deb ...
Unpacking libobjc-6-dev:amd64 (6.4.0-1) ...
Selecting previously unselected package libclang-common-4.0-dev.
Preparing to unpack .../8-libclang-common-4.0-dev_1%3a4.0.1-1_amd64.deb ...
Unpacking libclang-common-4.0-dev (1:4.0.1-1) ...
Selecting previously unselected package clang-4.0.
Preparing to unpack .../9-clang-4.0_1%3a4.0.1-1_amd64.deb ...
Unpacking clang-4.0 (1:4.0.1-1) ...
Setting up libncurses5:amd64 (6.0+20161126-1) ...
Setting up libobjc4:amd64 (7.1.0-9) ...
Setting up libbsd0:amd64 (0.8.5-1) ...
Processing triggers for libc-bin (2.24-12) ...
Setting up libobjc-6-dev:amd64 (6.4.0-1) ...
Setting up libjsoncpp1:amd64 (1.7.4-3) ...
Setting up libedit2:amd64 (3.1-20170329-1) ...
Setting up libllvm4.0:amd64 (1:4.0.1-1) ...
Setting up libclang1-4.0:amd64 (1:4.0.1-1) ...
Setting up libclang-common-4.0-dev (1:4.0.1-1) ...
Setting up clang-4.0 (1:4.0.1-1) ...
Processing triggers for libc-bin (2.24-12) ...
W: --force-yes is deprecated, use one of the options starting with --allow instead.
+ echo 'Replace gcc, g++ & cpp by clang'
Replace gcc, g++ & cpp by clang
+ VERSIONS='4.6 4.7 4.8 4.9 5 6 7'
+ cd /usr/bin
+ for VERSION in $VERSIONS
+ rm -f g++-4.6 gcc-4.6 cpp-4.6 gcc
+ ln -s clang++-4.0 g++-4.6
+ ln -s clang-4.0 gcc-4.6
+ ln -s clang-4.0 cpp-4.6
+ ln -s clang-4.0 gcc
+ echo 'gcc-4.6 hold'
+ dpkg --set-selections
dpkg: warning: package not in status nor available database at line 1: gcc-4.6
dpkg: warning: found unknown packages; this might mean the available database
is outdated, and needs to be updated through a frontend method;
please see the FAQ <https://wiki.debian.org/Teams/Dpkg/FAQ>
+ echo 'g++-4.6 hold'
+ dpkg --set-selections
dpkg: warning: package not in status nor available database at line 1: g++-4.6
dpkg: warning: found unknown packages; this might mean the available database
is outdated, and needs to be updated through a frontend method;
please see the FAQ <https://wiki.debian.org/Teams/Dpkg/FAQ>
+ for VERSION in $VERSIONS
+ rm -f g++-4.7 gcc-4.7 cpp-4.7 gcc
+ ln -s clang++-4.0 g++-4.7
+ ln -s clang-4.0 gcc-4.7
+ ln -s clang-4.0 cpp-4.7
+ ln -s clang-4.0 gcc
+ echo 'gcc-4.7 hold'
+ dpkg --set-selections
dpkg: warning: package not in status nor available database at line 1: gcc-4.7
dpkg: warning: found unknown packages; this might mean the available database
is outdated, and needs to be updated through a frontend method;
please see the FAQ <https://wiki.debian.org/Teams/Dpkg/FAQ>
+ echo 'g++-4.7 hold'
+ dpkg --set-selections
dpkg: warning: package not in status nor available database at line 1: g++-4.7
dpkg: warning: found unknown packages; this might mean the available database
is outdated, and needs to be updated through a frontend method;
please see the FAQ <https://wiki.debian.org/Teams/Dpkg/FAQ>
+ for VERSION in $VERSIONS
+ rm -f g++-4.8 gcc-4.8 cpp-4.8 gcc
+ ln -s clang++-4.0 g++-4.8
+ ln -s clang-4.0 gcc-4.8
+ ln -s clang-4.0 cpp-4.8
+ ln -s clang-4.0 gcc
+ echo 'gcc-4.8 hold'
+ dpkg --set-selections
dpkg: warning: package not in status nor available database at line 1: gcc-4.8
dpkg: warning: found unknown packages; this might mean the available database
is outdated, and needs to be updated through a frontend method;
please see the FAQ <https://wiki.debian.org/Teams/Dpkg/FAQ>
+ echo 'g++-4.8 hold'
+ dpkg --set-selections
dpkg: warning: package not in status nor available database at line 1: g++-4.8
dpkg: warning: found unknown packages; this might mean the available database
is outdated, and needs to be updated through a frontend method;
please see the FAQ <https://wiki.debian.org/Teams/Dpkg/FAQ>
+ for VERSION in $VERSIONS
+ rm -f g++-4.9 gcc-4.9 cpp-4.9 gcc
+ ln -s clang++-4.0 g++-4.9
+ ln -s clang-4.0 gcc-4.9
+ ln -s clang-4.0 cpp-4.9
+ ln -s clang-4.0 gcc
+ echo 'gcc-4.9 hold'
+ dpkg --set-selections
dpkg: warning: package not in status nor available database at line 1: gcc-4.9
dpkg: warning: found unknown packages; this might mean the available database
is outdated, and needs to be updated through a frontend method;
please see the FAQ <https://wiki.debian.org/Teams/Dpkg/FAQ>
+ echo 'g++-4.9 hold'
+ dpkg --set-selections
dpkg: warning: package not in status nor available database at line 1: g++-4.9
dpkg: warning: found unknown packages; this might mean the available database
is outdated, and needs to be updated through a frontend method;
please see the FAQ <https://wiki.debian.org/Teams/Dpkg/FAQ>
+ for VERSION in $VERSIONS
+ rm -f g++-5 gcc-5 cpp-5 gcc
+ ln -s clang++-4.0 g++-5
+ ln -s clang-4.0 gcc-5
+ ln -s clang-4.0 cpp-5
+ ln -s clang-4.0 gcc
+ echo 'gcc-5 hold'
+ dpkg --set-selections
+ echo 'g++-5 hold'
+ dpkg --set-selections
+ for VERSION in $VERSIONS
+ rm -f g++-6 gcc-6 cpp-6 gcc
+ ln -s clang++-4.0 g++-6
+ ln -s clang-4.0 gcc-6
+ ln -s clang-4.0 cpp-6
+ ln -s clang-4.0 gcc
+ echo 'gcc-6 hold'
+ dpkg --set-selections
+ echo 'g++-6 hold'
+ dpkg --set-selections
+ for VERSION in $VERSIONS
+ rm -f g++-7 gcc-7 cpp-7 gcc
+ ln -s clang++-4.0 g++-7
+ ln -s clang-4.0 gcc-7
+ ln -s clang-4.0 cpp-7
+ ln -s clang-4.0 gcc
+ echo 'gcc-7 hold'
+ dpkg --set-selections
dpkg: warning: package not in status nor available database at line 1: gcc-7
dpkg: warning: found unknown packages; this might mean the available database
is outdated, and needs to be updated through a frontend method;
please see the FAQ <https://wiki.debian.org/Teams/Dpkg/FAQ>
+ echo 'g++-7 hold'
+ dpkg --set-selections
dpkg: warning: package not in status nor available database at line 1: g++-7
dpkg: warning: found unknown packages; this might mean the available database
is outdated, and needs to be updated through a frontend method;
please see the FAQ <https://wiki.debian.org/Teams/Dpkg/FAQ>
+ cd -
/build/postgresql-hll-OCeaxW
+ echo 'Check if gcc, g++ & cpp are actually clang'
Check if gcc, g++ & cpp are actually clang
+ gcc --version
+ grep clang
+ cpp --version
+ grep clang
+ g++ --version
+ grep clang

I: Finished running '/tmp/clang40'.

Finished processing commands.
--------------------------------------------------------------------------------

+------------------------------------------------------------------------------+
| Update chroot                                                                |
+------------------------------------------------------------------------------+

Hit:1 http://127.0.0.1:9999/debian unstable InRelease
Reading package lists...
Reading package lists...
Building dependency tree...
Reading state information...
Calculating upgrade...
0 upgraded, 0 newly installed, 0 to remove and 0 not upgraded.

+------------------------------------------------------------------------------+
| Fetch source files                                                           |
+------------------------------------------------------------------------------+


Check APT
---------

Checking available source versions...

Download source files with APT
------------------------------

Reading package lists...
Need to get 2758 kB of source archives.
Get:1 http://127.0.0.1:9999/debian unstable/main postgresql-hll 2.7-2.1 (dsc) [1495 B]
Get:2 http://127.0.0.1:9999/debian unstable/main postgresql-hll 2.7-2.1 (tar) [2754 kB]
Get:3 http://127.0.0.1:9999/debian unstable/main postgresql-hll 2.7-2.1 (diff) [2648 B]
Fetched 2758 kB in 0s (18.5 MB/s)
Download complete and in download only mode
I: NOTICE: Log filtering will replace 'build/postgresql-hll-OCeaxW/postgresql-hll-2.7' with '<<PKGBUILDDIR>>'
I: NOTICE: Log filtering will replace 'build/postgresql-hll-OCeaxW' with '<<BUILDDIR>>'

+------------------------------------------------------------------------------+
| Install build-essential                                                      |
+------------------------------------------------------------------------------+


Setup apt archive
-----------------

Merged Build-Depends: build-essential, fakeroot
Filtered Build-Depends: build-essential, fakeroot
dpkg-deb: building package 'sbuild-build-depends-core-dummy' in '/<<BUILDDIR>>/resolver-TO10oO/apt_archive/sbuild-build-depends-core-dummy.deb'.
dpkg-scanpackages: warning: Packages in archive but missing from override file:
dpkg-scanpackages: warning:   sbuild-build-depends-core-dummy
dpkg-scanpackages: info: Wrote 1 entries to output Packages file.
Ign:1 copy:/<<BUILDDIR>>/resolver-TO10oO/apt_archive ./ InRelease
Get:2 copy:/<<BUILDDIR>>/resolver-TO10oO/apt_archive ./ Release [957 B]
Ign:3 copy:/<<BUILDDIR>>/resolver-TO10oO/apt_archive ./ Release.gpg
Get:4 copy:/<<BUILDDIR>>/resolver-TO10oO/apt_archive ./ Sources [349 B]
Get:5 copy:/<<BUILDDIR>>/resolver-TO10oO/apt_archive ./ Packages [433 B]
Fetched 1739 B in 0s (0 B/s)
Reading package lists...
Reading package lists...

Install core build dependencies (apt-based resolver)
----------------------------------------------------

Installing build dependencies
Reading package lists...
Building dependency tree...
Reading state information...
The following NEW packages will be installed:
  sbuild-build-depends-core-dummy
0 upgraded, 1 newly installed, 0 to remove and 0 not upgraded.
Need to get 782 B of archives.
After this operation, 0 B of additional disk space will be used.
Get:1 copy:/<<BUILDDIR>>/resolver-TO10oO/apt_archive ./ sbuild-build-depends-core-dummy 0.invalid.0 [782 B]
debconf: delaying package configuration, since apt-utils is not installed
Fetched 782 B in 0s (0 B/s)
Selecting previously unselected package sbuild-build-depends-core-dummy.
(Reading database ... 10206 files and directories currently installed.)
Preparing to unpack .../sbuild-build-depends-core-dummy_0.invalid.0_amd64.deb ...
Unpacking sbuild-build-depends-core-dummy (0.invalid.0) ...
Setting up sbuild-build-depends-core-dummy (0.invalid.0) ...

+------------------------------------------------------------------------------+
| Check architectures                                                          |
+------------------------------------------------------------------------------+

Arch check ok (amd64 included in any)

+------------------------------------------------------------------------------+
| Install package build dependencies                                           |
+------------------------------------------------------------------------------+


Setup apt archive
-----------------

Merged Build-Depends: debhelper (>= 8.0.0), postgresql-server-dev-all
Filtered Build-Depends: debhelper (>= 8.0.0), postgresql-server-dev-all
dpkg-deb: building package 'sbuild-build-depends-postgresql-hll-dummy' in '/<<BUILDDIR>>/resolver-TO10oO/apt_archive/sbuild-build-depends-postgresql-hll-dummy.deb'.
dpkg-scanpackages: warning: Packages in archive but missing from override file:
dpkg-scanpackages: warning:   sbuild-build-depends-core-dummy sbuild-build-depends-postgresql-hll-dummy
dpkg-scanpackages: info: Wrote 2 entries to output Packages file.
Ign:1 copy:/<<BUILDDIR>>/resolver-TO10oO/apt_archive ./ InRelease
Get:2 copy:/<<BUILDDIR>>/resolver-TO10oO/apt_archive ./ Release [963 B]
Ign:3 copy:/<<BUILDDIR>>/resolver-TO10oO/apt_archive ./ Release.gpg
Get:4 copy:/<<BUILDDIR>>/resolver-TO10oO/apt_archive ./ Sources [508 B]
Get:5 copy:/<<BUILDDIR>>/resolver-TO10oO/apt_archive ./ Packages [589 B]
Fetched 2060 B in 0s (0 B/s)
Reading package lists...
Reading package lists...

Install postgresql-hll build dependencies (apt-based resolver)
--------------------------------------------------------------

Installing build dependencies
Reading package lists...
Building dependency tree...
Reading state information...
The following additional packages will be installed:
  autoconf automake autopoint autotools-dev bsdmainutils dctrl-tools debhelper
  dh-autoreconf dh-python dh-strip-nondeterminism distro-info-data file
  gettext gettext-base groff-base intltool-debian iproute2 libarchive-zip-perl
  libcroco3 libelf1 libexpat1 libfile-stripnondeterminism-perl libglib2.0-0
  libgssapi-krb5-2 libicu57 libk5crypto3 libkeyutils1 libkrb5-3
  libkrb5support0 libldap-2.4-2 libldap-common libmagic-mgc libmagic1 libmnl0
  libmpdec2 libpipeline1 libpq-dev libpq5 libprocps6 libpython3-stdlib
  libpython3.5-minimal libpython3.5-stdlib libreadline7 libsasl2-2
  libsasl2-modules-db libsigsegv2 libsqlite3-0 libssl1.1 libtimedate-perl
  libtool libxml2 lsb-base lsb-release m4 man-db mime-support netbase openssl
  po-debconf postgresql-client-common postgresql-common
  postgresql-server-dev-9.6 postgresql-server-dev-all procps python3
  python3-minimal python3.5 python3.5-minimal readline-common ssl-cert ucf
Suggested packages:
  autoconf-archive gnu-standards autoconf-doc wamerican | wordlist whois
  vacation debtags dh-make gettext-doc libasprintf-dev libgettextpo-dev groff
  iproute2-doc krb5-doc krb5-user postgresql-doc-9.6 libtool-doc gfortran
  | fortran95-compiler gcj-jdk lsb m4-doc less www-browser ca-certificates
  libmail-box-perl libjson-perl python3-doc python3-tk python3-venv
  python3.5-venv python3.5-doc binfmt-support readline-doc openssl-blacklist
Recommended packages:
  curl | wget | lynx-cur libatm1 libxtables12 libarchive-cpio-perl
  libglib2.0-data shared-mime-info xdg-user-dirs krb5-locales libsasl2-modules
  libltdl-dev xml-core libmail-sendmail-perl logrotate psmisc
The following NEW packages will be installed:
  autoconf automake autopoint autotools-dev bsdmainutils dctrl-tools debhelper
  dh-autoreconf dh-python dh-strip-nondeterminism distro-info-data file
  gettext gettext-base groff-base intltool-debian iproute2 libarchive-zip-perl
  libcroco3 libelf1 libexpat1 libfile-stripnondeterminism-perl libglib2.0-0
  libgssapi-krb5-2 libicu57 libk5crypto3 libkeyutils1 libkrb5-3
  libkrb5support0 libldap-2.4-2 libldap-common libmagic-mgc libmagic1 libmnl0
  libmpdec2 libpipeline1 libpq-dev libpq5 libprocps6 libpython3-stdlib
  libpython3.5-minimal libpython3.5-stdlib libreadline7 libsasl2-2
  libsasl2-modules-db libsigsegv2 libsqlite3-0 libssl1.1 libtimedate-perl
  libtool libxml2 lsb-base lsb-release m4 man-db mime-support netbase openssl
  po-debconf postgresql-client-common postgresql-common
  postgresql-server-dev-9.6 postgresql-server-dev-all procps python3
  python3-minimal python3.5 python3.5-minimal readline-common
  sbuild-build-depends-postgresql-hll-dummy ssl-cert ucf
0 upgraded, 72 newly installed, 0 to remove and 0 not upgraded.
Need to get 31.2 MB of archives.
After this operation, 112 MB of additional disk space will be used.
Get:1 copy:/<<BUILDDIR>>/resolver-TO10oO/apt_archive ./ sbuild-build-depends-postgresql-hll-dummy 0.invalid.0 [804 B]
Get:2 http://127.0.0.1:9999/debian unstable/main amd64 groff-base amd64 1.22.3-9 [1160 kB]
Get:3 http://127.0.0.1:9999/debian unstable/main amd64 bsdmainutils amd64 9.0.12+nmu1 [186 kB]
Get:4 http://127.0.0.1:9999/debian unstable/main amd64 libpipeline1 amd64 1.4.1-2 [27.6 kB]
Get:5 http://127.0.0.1:9999/debian unstable/main amd64 man-db amd64 2.7.6.1-2 [1044 kB]
Get:6 http://127.0.0.1:9999/debian unstable/main amd64 libssl1.1 amd64 1.1.0f-3 [1342 kB]
Get:7 http://127.0.0.1:9999/debian unstable/main amd64 libpython3.5-minimal amd64 3.5.3-3 [577 kB]
Get:8 http://127.0.0.1:9999/debian unstable/main amd64 libexpat1 amd64 2.2.1-3 [85.6 kB]
Get:9 http://127.0.0.1:9999/debian unstable/main amd64 python3.5-minimal amd64 3.5.3-3 [1695 kB]
Get:10 http://127.0.0.1:9999/debian unstable/main amd64 python3-minimal amd64 3.5.3-3 [35.4 kB]
Get:11 http://127.0.0.1:9999/debian unstable/main amd64 mime-support all 3.60 [36.7 kB]
Get:12 http://127.0.0.1:9999/debian unstable/main amd64 libmpdec2 amd64 2.4.2-1 [85.2 kB]
Get:13 http://127.0.0.1:9999/debian unstable/main amd64 readline-common all 7.0-3 [70.4 kB]
Get:14 http://127.0.0.1:9999/debian unstable/main amd64 libreadline7 amd64 7.0-3 [151 kB]
Get:15 http://127.0.0.1:9999/debian unstable/main amd64 libsqlite3-0 amd64 3.16.2-5 [572 kB]
Get:16 http://127.0.0.1:9999/debian unstable/main amd64 libpython3.5-stdlib amd64 3.5.3-3 [2170 kB]
Get:17 http://127.0.0.1:9999/debian unstable/main amd64 python3.5 amd64 3.5.3-3 [237 kB]
Get:18 http://127.0.0.1:9999/debian unstable/main amd64 libpython3-stdlib amd64 3.5.3-3 [18.8 kB]
Get:19 http://127.0.0.1:9999/debian unstable/main amd64 dh-python all 2.20170125 [86.8 kB]
Get:20 http://127.0.0.1:9999/debian unstable/main amd64 python3 amd64 3.5.3-3 [21.8 kB]
Get:21 http://127.0.0.1:9999/debian unstable/main amd64 lsb-base all 9.20161125 [27.9 kB]
Get:22 http://127.0.0.1:9999/debian unstable/main amd64 libelf1 amd64 0.168-1 [157 kB]
Get:23 http://127.0.0.1:9999/debian unstable/main amd64 libmnl0 amd64 1.0.4-2 [12.2 kB]
Get:24 http://127.0.0.1:9999/debian unstable/main amd64 iproute2 amd64 4.9.0-1 [634 kB]
Get:25 http://127.0.0.1:9999/debian unstable/main amd64 libprocps6 amd64 2:3.3.12-3 [58.1 kB]
Get:26 http://127.0.0.1:9999/debian unstable/main amd64 netbase all 5.4 [19.1 kB]
Get:27 http://127.0.0.1:9999/debian unstable/main amd64 procps amd64 2:3.3.12-3 [249 kB]
Get:28 http://127.0.0.1:9999/debian unstable/main amd64 libmagic-mgc amd64 1:5.30-1 [222 kB]
Get:29 http://127.0.0.1:9999/debian unstable/main amd64 libmagic1 amd64 1:5.30-1 [111 kB]
Get:30 http://127.0.0.1:9999/debian unstable/main amd64 file amd64 1:5.30-1 [63.9 kB]
Get:31 http://127.0.0.1:9999/debian unstable/main amd64 gettext-base amd64 0.19.8.1-2+b1 [122 kB]
Get:32 http://127.0.0.1:9999/debian unstable/main amd64 libkeyutils1 amd64 1.5.9-9 [12.4 kB]
Get:33 http://127.0.0.1:9999/debian unstable/main amd64 libkrb5support0 amd64 1.15-1 [61.7 kB]
Get:34 http://127.0.0.1:9999/debian unstable/main amd64 libk5crypto3 amd64 1.15-1 [119 kB]
Get:35 http://127.0.0.1:9999/debian unstable/main amd64 libkrb5-3 amd64 1.15-1 [311 kB]
Get:36 http://127.0.0.1:9999/debian unstable/main amd64 libgssapi-krb5-2 amd64 1.15-1 [154 kB]
Get:37 http://127.0.0.1:9999/debian unstable/main amd64 libsasl2-modules-db amd64 2.1.27~101-g0780600+dfsg-3 [68.2 kB]
Get:38 http://127.0.0.1:9999/debian unstable/main amd64 libsasl2-2 amd64 2.1.27~101-g0780600+dfsg-3 [105 kB]
Get:39 http://127.0.0.1:9999/debian unstable/main amd64 libldap-common all 2.4.44+dfsg-7 [85.2 kB]
Get:40 http://127.0.0.1:9999/debian unstable/main amd64 libldap-2.4-2 amd64 2.4.44+dfsg-7 [219 kB]
Get:41 http://127.0.0.1:9999/debian unstable/main amd64 libicu57 amd64 57.1-6 [7701 kB]
Get:42 http://127.0.0.1:9999/debian unstable/main amd64 libxml2 amd64 2.9.4+dfsg1-3 [715 kB]
Get:43 http://127.0.0.1:9999/debian unstable/main amd64 ucf all 3.0036 [70.2 kB]
Get:44 http://127.0.0.1:9999/debian unstable/main amd64 libsigsegv2 amd64 2.11-1 [29.9 kB]
Get:45 http://127.0.0.1:9999/debian unstable/main amd64 m4 amd64 1.4.18-1 [202 kB]
Get:46 http://127.0.0.1:9999/debian unstable/main amd64 autoconf all 2.69-10 [338 kB]
Get:47 http://127.0.0.1:9999/debian unstable/main amd64 autotools-dev all 20161112.1 [73.4 kB]
Get:48 http://127.0.0.1:9999/debian unstable/main amd64 automake all 1:1.15.1-2 [736 kB]
Get:49 http://127.0.0.1:9999/debian unstable/main amd64 autopoint all 0.19.8.1-2 [433 kB]
Get:50 http://127.0.0.1:9999/debian unstable/main amd64 dctrl-tools amd64 2.24-2+b1 [104 kB]
Get:51 http://127.0.0.1:9999/debian unstable/main amd64 libtool all 2.4.6-2 [545 kB]
Get:52 http://127.0.0.1:9999/debian unstable/main amd64 dh-autoreconf all 14 [15.9 kB]
Get:53 http://127.0.0.1:9999/debian unstable/main amd64 libarchive-zip-perl all 1.59-1 [95.5 kB]
Get:54 http://127.0.0.1:9999/debian unstable/main amd64 libfile-stripnondeterminism-perl all 0.035-2 [17.0 kB]
Get:55 http://127.0.0.1:9999/debian unstable/main amd64 libtimedate-perl all 2.3000-2 [42.2 kB]
Get:56 http://127.0.0.1:9999/debian unstable/main amd64 dh-strip-nondeterminism all 0.035-2 [10.7 kB]
Get:57 http://127.0.0.1:9999/debian unstable/main amd64 libglib2.0-0 amd64 2.52.3-1 [2742 kB]
Get:58 http://127.0.0.1:9999/debian unstable/main amd64 libcroco3 amd64 0.6.12-1 [144 kB]
Get:59 http://127.0.0.1:9999/debian unstable/main amd64 gettext amd64 0.19.8.1-2+b1 [1301 kB]
Get:60 http://127.0.0.1:9999/debian unstable/main amd64 intltool-debian all 0.35.0+20060710.4 [26.3 kB]
Get:61 http://127.0.0.1:9999/debian unstable/main amd64 po-debconf all 1.0.20 [247 kB]
Get:62 http://127.0.0.1:9999/debian unstable/main amd64 debhelper all 10.6.2 [968 kB]
Get:63 http://127.0.0.1:9999/debian unstable/main amd64 distro-info-data all 0.36 [5810 B]
Get:64 http://127.0.0.1:9999/debian unstable/main amd64 libpq5 amd64 9.6.3-3 [129 kB]
Get:65 http://127.0.0.1:9999/debian unstable/main amd64 libpq-dev amd64 9.6.3-3 [211 kB]
Get:66 http://127.0.0.1:9999/debian unstable/main amd64 lsb-release all 9.20161125 [27.1 kB]
Get:67 http://127.0.0.1:9999/debian unstable/main amd64 openssl amd64 1.1.0f-3 [725 kB]
Get:68 http://127.0.0.1:9999/debian unstable/main amd64 postgresql-client-common all 183 [80.5 kB]
Get:69 http://127.0.0.1:9999/debian unstable/main amd64 ssl-cert all 1.0.39 [20.8 kB]
Get:70 http://127.0.0.1:9999/debian unstable/main amd64 postgresql-common all 183 [218 kB]
Get:71 http://127.0.0.1:9999/debian unstable/main amd64 postgresql-server-dev-9.6 amd64 9.6.3-3 [761 kB]
Get:72 http://127.0.0.1:9999/debian unstable/main amd64 postgresql-server-dev-all all 183 [68.5 kB]
debconf: delaying package configuration, since apt-utils is not installed
Fetched 31.2 MB in 0s (86.0 MB/s)
Selecting previously unselected package groff-base.
(Reading database ... 10206 files and directories currently installed.)
Preparing to unpack .../00-groff-base_1.22.3-9_amd64.deb ...
Unpacking groff-base (1.22.3-9) ...
Selecting previously unselected package bsdmainutils.
Preparing to unpack .../01-bsdmainutils_9.0.12+nmu1_amd64.deb ...
Unpacking bsdmainutils (9.0.12+nmu1) ...
Selecting previously unselected package libpipeline1:amd64.
Preparing to unpack .../02-libpipeline1_1.4.1-2_amd64.deb ...
Unpacking libpipeline1:amd64 (1.4.1-2) ...
Selecting previously unselected package man-db.
Preparing to unpack .../03-man-db_2.7.6.1-2_amd64.deb ...
Unpacking man-db (2.7.6.1-2) ...
Selecting previously unselected package libssl1.1:amd64.
Preparing to unpack .../04-libssl1.1_1.1.0f-3_amd64.deb ...
Unpacking libssl1.1:amd64 (1.1.0f-3) ...
Selecting previously unselected package libpython3.5-minimal:amd64.
Preparing to unpack .../05-libpython3.5-minimal_3.5.3-3_amd64.deb ...
Unpacking libpython3.5-minimal:amd64 (3.5.3-3) ...
Selecting previously unselected package libexpat1:amd64.
Preparing to unpack .../06-libexpat1_2.2.1-3_amd64.deb ...
Unpacking libexpat1:amd64 (2.2.1-3) ...
Selecting previously unselected package python3.5-minimal.
Preparing to unpack .../07-python3.5-minimal_3.5.3-3_amd64.deb ...
Unpacking python3.5-minimal (3.5.3-3) ...
Selecting previously unselected package python3-minimal.
Preparing to unpack .../08-python3-minimal_3.5.3-3_amd64.deb ...
Unpacking python3-minimal (3.5.3-3) ...
Selecting previously unselected package mime-support.
Preparing to unpack .../09-mime-support_3.60_all.deb ...
Unpacking mime-support (3.60) ...
Selecting previously unselected package libmpdec2:amd64.
Preparing to unpack .../10-libmpdec2_2.4.2-1_amd64.deb ...
Unpacking libmpdec2:amd64 (2.4.2-1) ...
Selecting previously unselected package readline-common.
Preparing to unpack .../11-readline-common_7.0-3_all.deb ...
Unpacking readline-common (7.0-3) ...
Selecting previously unselected package libreadline7:amd64.
Preparing to unpack .../12-libreadline7_7.0-3_amd64.deb ...
Unpacking libreadline7:amd64 (7.0-3) ...
Selecting previously unselected package libsqlite3-0:amd64.
Preparing to unpack .../13-libsqlite3-0_3.16.2-5_amd64.deb ...
Unpacking libsqlite3-0:amd64 (3.16.2-5) ...
Selecting previously unselected package libpython3.5-stdlib:amd64.
Preparing to unpack .../14-libpython3.5-stdlib_3.5.3-3_amd64.deb ...
Unpacking libpython3.5-stdlib:amd64 (3.5.3-3) ...
Selecting previously unselected package python3.5.
Preparing to unpack .../15-python3.5_3.5.3-3_amd64.deb ...
Unpacking python3.5 (3.5.3-3) ...
Selecting previously unselected package libpython3-stdlib:amd64.
Preparing to unpack .../16-libpython3-stdlib_3.5.3-3_amd64.deb ...
Unpacking libpython3-stdlib:amd64 (3.5.3-3) ...
Selecting previously unselected package dh-python.
Preparing to unpack .../17-dh-python_2.20170125_all.deb ...
Unpacking dh-python (2.20170125) ...
Setting up libssl1.1:amd64 (1.1.0f-3) ...
Setting up libpython3.5-minimal:amd64 (3.5.3-3) ...
Setting up libexpat1:amd64 (2.2.1-3) ...
Setting up python3.5-minimal (3.5.3-3) ...
Setting up python3-minimal (3.5.3-3) ...
Selecting previously unselected package python3.
(Reading database ... 11759 files and directories currently installed.)
Preparing to unpack .../00-python3_3.5.3-3_amd64.deb ...
Unpacking python3 (3.5.3-3) ...
Selecting previously unselected package lsb-base.
Preparing to unpack .../01-lsb-base_9.20161125_all.deb ...
Unpacking lsb-base (9.20161125) ...
Selecting previously unselected package libelf1:amd64.
Preparing to unpack .../02-libelf1_0.168-1_amd64.deb ...
Unpacking libelf1:amd64 (0.168-1) ...
Selecting previously unselected package libmnl0:amd64.
Preparing to unpack .../03-libmnl0_1.0.4-2_amd64.deb ...
Unpacking libmnl0:amd64 (1.0.4-2) ...
Selecting previously unselected package iproute2.
Preparing to unpack .../04-iproute2_4.9.0-1_amd64.deb ...
Unpacking iproute2 (4.9.0-1) ...
Selecting previously unselected package libprocps6:amd64.
Preparing to unpack .../05-libprocps6_2%3a3.3.12-3_amd64.deb ...
Unpacking libprocps6:amd64 (2:3.3.12-3) ...
Selecting previously unselected package netbase.
Preparing to unpack .../06-netbase_5.4_all.deb ...
Unpacking netbase (5.4) ...
Selecting previously unselected package procps.
Preparing to unpack .../07-procps_2%3a3.3.12-3_amd64.deb ...
Unpacking procps (2:3.3.12-3) ...
Selecting previously unselected package libmagic-mgc.
Preparing to unpack .../08-libmagic-mgc_1%3a5.30-1_amd64.deb ...
Unpacking libmagic-mgc (1:5.30-1) ...
Selecting previously unselected package libmagic1:amd64.
Preparing to unpack .../09-libmagic1_1%3a5.30-1_amd64.deb ...
Unpacking libmagic1:amd64 (1:5.30-1) ...
Selecting previously unselected package file.
Preparing to unpack .../10-file_1%3a5.30-1_amd64.deb ...
Unpacking file (1:5.30-1) ...
Selecting previously unselected package gettext-base.
Preparing to unpack .../11-gettext-base_0.19.8.1-2+b1_amd64.deb ...
Unpacking gettext-base (0.19.8.1-2+b1) ...
Selecting previously unselected package libkeyutils1:amd64.
Preparing to unpack .../12-libkeyutils1_1.5.9-9_amd64.deb ...
Unpacking libkeyutils1:amd64 (1.5.9-9) ...
Selecting previously unselected package libkrb5support0:amd64.
Preparing to unpack .../13-libkrb5support0_1.15-1_amd64.deb ...
Unpacking libkrb5support0:amd64 (1.15-1) ...
Selecting previously unselected package libk5crypto3:amd64.
Preparing to unpack .../14-libk5crypto3_1.15-1_amd64.deb ...
Unpacking libk5crypto3:amd64 (1.15-1) ...
Selecting previously unselected package libkrb5-3:amd64.
Preparing to unpack .../15-libkrb5-3_1.15-1_amd64.deb ...
Unpacking libkrb5-3:amd64 (1.15-1) ...
Selecting previously unselected package libgssapi-krb5-2:amd64.
Preparing to unpack .../16-libgssapi-krb5-2_1.15-1_amd64.deb ...
Unpacking libgssapi-krb5-2:amd64 (1.15-1) ...
Selecting previously unselected package libsasl2-modules-db:amd64.
Preparing to unpack .../17-libsasl2-modules-db_2.1.27~101-g0780600+dfsg-3_amd64.deb ...
Unpacking libsasl2-modules-db:amd64 (2.1.27~101-g0780600+dfsg-3) ...
Selecting previously unselected package libsasl2-2:amd64.
Preparing to unpack .../18-libsasl2-2_2.1.27~101-g0780600+dfsg-3_amd64.deb ...
Unpacking libsasl2-2:amd64 (2.1.27~101-g0780600+dfsg-3) ...
Selecting previously unselected package libldap-common.
Preparing to unpack .../19-libldap-common_2.4.44+dfsg-7_all.deb ...
Unpacking libldap-common (2.4.44+dfsg-7) ...
Selecting previously unselected package libldap-2.4-2:amd64.
Preparing to unpack .../20-libldap-2.4-2_2.4.44+dfsg-7_amd64.deb ...
Unpacking libldap-2.4-2:amd64 (2.4.44+dfsg-7) ...
Selecting previously unselected package libicu57:amd64.
Preparing to unpack .../21-libicu57_57.1-6_amd64.deb ...
Unpacking libicu57:amd64 (57.1-6) ...
Selecting previously unselected package libxml2:amd64.
Preparing to unpack .../22-libxml2_2.9.4+dfsg1-3_amd64.deb ...
Unpacking libxml2:amd64 (2.9.4+dfsg1-3) ...
Selecting previously unselected package ucf.
Preparing to unpack .../23-ucf_3.0036_all.deb ...
Moving old data out of the way
Unpacking ucf (3.0036) ...
Selecting previously unselected package libsigsegv2:amd64.
Preparing to unpack .../24-libsigsegv2_2.11-1_amd64.deb ...
Unpacking libsigsegv2:amd64 (2.11-1) ...
Selecting previously unselected package m4.
Preparing to unpack .../25-m4_1.4.18-1_amd64.deb ...
Unpacking m4 (1.4.18-1) ...
Selecting previously unselected package autoconf.
Preparing to unpack .../26-autoconf_2.69-10_all.deb ...
Unpacking autoconf (2.69-10) ...
Selecting previously unselected package autotools-dev.
Preparing to unpack .../27-autotools-dev_20161112.1_all.deb ...
Unpacking autotools-dev (20161112.1) ...
Selecting previously unselected package automake.
Preparing to unpack .../28-automake_1%3a1.15.1-2_all.deb ...
Unpacking automake (1:1.15.1-2) ...
Selecting previously unselected package autopoint.
Preparing to unpack .../29-autopoint_0.19.8.1-2_all.deb ...
Unpacking autopoint (0.19.8.1-2) ...
Selecting previously unselected package dctrl-tools.
Preparing to unpack .../30-dctrl-tools_2.24-2+b1_amd64.deb ...
Unpacking dctrl-tools (2.24-2+b1) ...
Selecting previously unselected package libtool.
Preparing to unpack .../31-libtool_2.4.6-2_all.deb ...
Unpacking libtool (2.4.6-2) ...
Selecting previously unselected package dh-autoreconf.
Preparing to unpack .../32-dh-autoreconf_14_all.deb ...
Unpacking dh-autoreconf (14) ...
Selecting previously unselected package libarchive-zip-perl.
Preparing to unpack .../33-libarchive-zip-perl_1.59-1_all.deb ...
Unpacking libarchive-zip-perl (1.59-1) ...
Selecting previously unselected package libfile-stripnondeterminism-perl.
Preparing to unpack .../34-libfile-stripnondeterminism-perl_0.035-2_all.deb ...
Unpacking libfile-stripnondeterminism-perl (0.035-2) ...
Selecting previously unselected package libtimedate-perl.
Preparing to unpack .../35-libtimedate-perl_2.3000-2_all.deb ...
Unpacking libtimedate-perl (2.3000-2) ...
Selecting previously unselected package dh-strip-nondeterminism.
Preparing to unpack .../36-dh-strip-nondeterminism_0.035-2_all.deb ...
Unpacking dh-strip-nondeterminism (0.035-2) ...
Selecting previously unselected package libglib2.0-0:amd64.
Preparing to unpack .../37-libglib2.0-0_2.52.3-1_amd64.deb ...
Unpacking libglib2.0-0:amd64 (2.52.3-1) ...
Selecting previously unselected package libcroco3:amd64.
Preparing to unpack .../38-libcroco3_0.6.12-1_amd64.deb ...
Unpacking libcroco3:amd64 (0.6.12-1) ...
Selecting previously unselected package gettext.
Preparing to unpack .../39-gettext_0.19.8.1-2+b1_amd64.deb ...
Unpacking gettext (0.19.8.1-2+b1) ...
Selecting previously unselected package intltool-debian.
Preparing to unpack .../40-intltool-debian_0.35.0+20060710.4_all.deb ...
Unpacking intltool-debian (0.35.0+20060710.4) ...
Selecting previously unselected package po-debconf.
Preparing to unpack .../41-po-debconf_1.0.20_all.deb ...
Unpacking po-debconf (1.0.20) ...
Selecting previously unselected package debhelper.
Preparing to unpack .../42-debhelper_10.6.2_all.deb ...
Unpacking debhelper (10.6.2) ...
Selecting previously unselected package distro-info-data.
Preparing to unpack .../43-distro-info-data_0.36_all.deb ...
Unpacking distro-info-data (0.36) ...
Selecting previously unselected package libpq5:amd64.
Preparing to unpack .../44-libpq5_9.6.3-3_amd64.deb ...
Unpacking libpq5:amd64 (9.6.3-3) ...
Selecting previously unselected package libpq-dev.
Preparing to unpack .../45-libpq-dev_9.6.3-3_amd64.deb ...
Unpacking libpq-dev (9.6.3-3) ...
Selecting previously unselected package lsb-release.
Preparing to unpack .../46-lsb-release_9.20161125_all.deb ...
Unpacking lsb-release (9.20161125) ...
Selecting previously unselected package openssl.
Preparing to unpack .../47-openssl_1.1.0f-3_amd64.deb ...
Unpacking openssl (1.1.0f-3) ...
Selecting previously unselected package postgresql-client-common.
Preparing to unpack .../48-postgresql-client-common_183_all.deb ...
Unpacking postgresql-client-common (183) ...
Selecting previously unselected package ssl-cert.
Preparing to unpack .../49-ssl-cert_1.0.39_all.deb ...
Unpacking ssl-cert (1.0.39) ...
Selecting previously unselected package postgresql-common.
Preparing to unpack .../50-postgresql-common_183_all.deb ...
Adding 'diversion of /usr/bin/pg_config to /usr/bin/pg_config.libpq-dev by postgresql-common'
Unpacking postgresql-common (183) ...
Selecting previously unselected package postgresql-server-dev-9.6.
Preparing to unpack .../51-postgresql-server-dev-9.6_9.6.3-3_amd64.deb ...
Unpacking postgresql-server-dev-9.6 (9.6.3-3) ...
Selecting previously unselected package postgresql-server-dev-all.
Preparing to unpack .../52-postgresql-server-dev-all_183_all.deb ...
Unpacking postgresql-server-dev-all (183) ...
Selecting previously unselected package sbuild-build-depends-postgresql-hll-dummy.
Preparing to unpack .../53-sbuild-build-depends-postgresql-hll-dummy_0.invalid.0_amd64.deb ...
Unpacking sbuild-build-depends-postgresql-hll-dummy (0.invalid.0) ...
Setting up readline-common (7.0-3) ...
Setting up libarchive-zip-perl (1.59-1) ...
Setting up mime-support (3.60) ...
Setting up libtimedate-perl (2.3000-2) ...
Setting up libsigsegv2:amd64 (2.11-1) ...
Setting up libldap-common (2.4.44+dfsg-7) ...
Setting up libreadline7:amd64 (7.0-3) ...
Setting up libelf1:amd64 (0.168-1) ...
Setting up groff-base (1.22.3-9) ...
Setting up libglib2.0-0:amd64 (2.52.3-1) ...
No schema files found: doing nothing.
Setting up libsasl2-modules-db:amd64 (2.1.27~101-g0780600+dfsg-3) ...
Setting up libsasl2-2:amd64 (2.1.27~101-g0780600+dfsg-3) ...
Setting up dctrl-tools (2.24-2+b1) ...
Setting up distro-info-data (0.36) ...
Setting up gettext-base (0.19.8.1-2+b1) ...
Setting up libpipeline1:amd64 (1.4.1-2) ...
Setting up m4 (1.4.18-1) ...
Setting up libicu57:amd64 (57.1-6) ...
Setting up libprocps6:amd64 (2:3.3.12-3) ...
Setting up ucf (3.0036) ...
Setting up libxml2:amd64 (2.9.4+dfsg1-3) ...
Setting up libmagic-mgc (1:5.30-1) ...
Setting up libmagic1:amd64 (1:5.30-1) ...
Setting up lsb-base (9.20161125) ...
Setting up procps (2:3.3.12-3) ...
update-alternatives: using /usr/bin/w.procps to provide /usr/bin/w (w) in auto mode
Setting up libcroco3:amd64 (0.6.12-1) ...
Processing triggers for libc-bin (2.24-12) ...
Setting up autotools-dev (20161112.1) ...
Setting up libldap-2.4-2:amd64 (2.4.44+dfsg-7) ...
Setting up openssl (1.1.0f-3) ...
Setting up libsqlite3-0:amd64 (3.16.2-5) ...
Setting up libkeyutils1:amd64 (1.5.9-9) ...
Setting up bsdmainutils (9.0.12+nmu1) ...
update-alternatives: using /usr/bin/bsd-write to provide /usr/bin/write (write) in auto mode
update-alternatives: using /usr/bin/bsd-from to provide /usr/bin/from (from) in auto mode
Setting up libmnl0:amd64 (1.0.4-2) ...
Setting up autopoint (0.19.8.1-2) ...
Setting up libmpdec2:amd64 (2.4.2-1) ...
Setting up netbase (5.4) ...
Setting up libfile-stripnondeterminism-perl (0.035-2) ...
Setting up gettext (0.19.8.1-2+b1) ...
Setting up libpython3.5-stdlib:amd64 (3.5.3-3) ...
Setting up ssl-cert (1.0.39) ...
Setting up autoconf (2.69-10) ...
Setting up file (1:5.30-1) ...
Setting up iproute2 (4.9.0-1) ...
Setting up libkrb5support0:amd64 (1.15-1) ...
Setting up intltool-debian (0.35.0+20060710.4) ...
Setting up postgresql-client-common (183) ...
Setting up postgresql-common (183) ...
ERROR: ld.so: object 'libeatmydata.so' from LD_PRELOAD cannot be preloaded (cannot open shared object file): ignored.
Adding user postgres to group ssl-cert

Creating config file /etc/postgresql-common/createcluster.conf with new version
invoke-rc.d: could not determine current runlevel
All runlevel operations denied by policy
invoke-rc.d: policy-rc.d denied execution of start.
Setting up automake (1:1.15.1-2) ...
update-alternatives: using /usr/bin/automake-1.15 to provide /usr/bin/automake (automake) in auto mode
Setting up man-db (2.7.6.1-2) ...
Not building database; man-db/auto-update is not 'true'.
Setting up libtool (2.4.6-2) ...
Setting up python3.5 (3.5.3-3) ...
Setting up libpython3-stdlib:amd64 (3.5.3-3) ...
Setting up libk5crypto3:amd64 (1.15-1) ...
Setting up po-debconf (1.0.20) ...
Setting up libkrb5-3:amd64 (1.15-1) ...
Setting up libgssapi-krb5-2:amd64 (1.15-1) ...
Setting up libpq5:amd64 (9.6.3-3) ...
Setting up libpq-dev (9.6.3-3) ...
Setting up postgresql-server-dev-9.6 (9.6.3-3) ...
Setting up dh-autoreconf (14) ...
Setting up python3 (3.5.3-3) ...
Setting up lsb-release (9.20161125) ...
Setting up postgresql-server-dev-all (183) ...
Setting up dh-strip-nondeterminism (0.035-2) ...
Setting up dh-python (2.20170125) ...
Setting up debhelper (10.6.2) ...
Setting up sbuild-build-depends-postgresql-hll-dummy (0.invalid.0) ...
Processing triggers for libc-bin (2.24-12) ...

+------------------------------------------------------------------------------+
| Build environment                                                            |
+------------------------------------------------------------------------------+

Kernel: Linux 4.9.0-2-amd64 amd64 (x86_64)
Toolchain package versions: binutils_2.28-6 dpkg-dev_1.18.24 g++-6_6.4.0-1 gcc-6_6.4.0-1 libc6-dev_2.24-12 libstdc++-6-dev_6.4.0-1 libstdc++6_7.1.0-9 linux-libc-dev_4.11.6-1
Package versions: adduser_3.115 apt_1.5~beta1 autoconf_2.69-10 automake_1:1.15.1-2 autopoint_0.19.8.1-2 autotools-dev_20161112.1 base-files_10 base-passwd_3.5.43 bash_4.4-5 binutils_2.28-6 bsdmainutils_9.0.12+nmu1 bsdutils_1:2.29.2-1 build-essential_12.3 bzip2_1.0.6-8.1 clang-4.0_1:4.0.1-1 coreutils_8.26-3 cpp_4:6.3.0-4d1 cpp-6_6.4.0-1 dash_0.5.8-2.4 dctrl-tools_2.24-2+b1 debconf_1.5.62 debfoster_2.7-2.1+b1 debhelper_10.6.2 debian-archive-keyring_2017.5 debianutils_4.8.1.1 dh-autoreconf_14 dh-python_2.20170125 dh-strip-nondeterminism_0.035-2 diffutils_1:3.5-3 distro-info-data_0.36 dpkg_1.18.24 dpkg-dev_1.18.24 e2fslibs_1.43.4-2 e2fsprogs_1.43.4-2 eatmydata_105-5 fakeroot_1.21-3.1 file_1:5.30-1 findutils_4.6.0+git+20170606-2 g++_4:6.3.0-4d1 g++-6_6.4.0-1 gcc_4:6.3.0-4d1 gcc-6_6.4.0-1 gcc-6-base_6.4.0-1 gcc-7-base_7.1.0-9 gettext_0.19.8.1-2+b1 gettext-base_0.19.8.1-2+b1 gpgv_2.1.18-8 grep_2.27-2 groff-base_1.22.3-9 gzip_1.6-5+b1 hostname_3.18+b1 init-system-helpers_1.48 intltool-debian_0.35.0+20060710.4 iproute2_4.9.0-1 libacl1_2.2.52-3+b1 libapt-pkg5.0_1.5~beta1 libarchive-zip-perl_1.59-1 libasan3_6.4.0-1 libatomic1_7.1.0-9 libattr1_1:2.4.47-2+b2 libaudit-common_1:2.7.7-1 libaudit1_1:2.7.7-1+b1 libblkid1_2.29.2-1 libbsd0_0.8.5-1 libbz2-1.0_1.0.6-8.1 libc-bin_2.24-12 libc-dev-bin_2.24-12 libc6_2.24-12 libc6-dev_2.24-12 libcap-ng0_0.7.7-3+b1 libcc1-0_7.1.0-9 libcilkrts5_7.1.0-9 libclang-common-4.0-dev_1:4.0.1-1 libclang1-4.0_1:4.0.1-1 libcomerr2_1.43.4-2 libcroco3_0.6.12-1 libdb5.3_5.3.28-12+b1 libdebconfclient0_0.229 libdpkg-perl_1.18.24 libeatmydata1_105-5 libedit2_3.1-20170329-1 libelf1_0.168-1 libexpat1_2.2.1-3 libfakeroot_1.21-3.1 libfdisk1_2.29.2-1 libffi6_3.2.1-6 libfile-stripnondeterminism-perl_0.035-2 libgc1c2_1:7.4.2-8 libgcc-6-dev_6.4.0-1 libgcc1_1:7.1.0-9 libgcrypt20_1.7.8-1 libgdbm3_1.8.3-14 libglib2.0-0_2.52.3-1 libgmp10_2:6.1.2+dfsg-1 libgnutls30_3.5.13-2 libgomp1_7.1.0-9 libgpg-error0_1.27-3 libgssapi-krb5-2_1.15-1 libhogweed4_3.3-1+b1 libicu57_57.1-6 libidn2-0_0.16-1+b1 libisl15_0.18-1 libitm1_7.1.0-9 libjsoncpp1_1.7.4-3 libk5crypto3_1.15-1 libkeyutils1_1.5.9-9 libkrb5-3_1.15-1 libkrb5support0_1.15-1 libldap-2.4-2_2.4.44+dfsg-7 libldap-common_2.4.44+dfsg-7 libllvm4.0_1:4.0.1-1 liblsan0_7.1.0-9 liblz4-1_0.0~r131-2+b1 liblzma5_5.2.2-1.2+b1 libmagic-mgc_1:5.30-1 libmagic1_1:5.30-1 libmnl0_1.0.4-2 libmount1_2.29.2-1 libmpc3_1.0.3-1+b2 libmpdec2_2.4.2-1 libmpfr4_3.1.5-1 libmpx2_7.1.0-9 libncurses5_6.0+20161126-1 libncursesw5_6.0+20161126-1 libnettle6_3.3-1+b1 libobjc-6-dev_6.4.0-1 libobjc4_7.1.0-9 libp11-kit0_0.23.7-2 libpam-modules_1.1.8-3.6 libpam-modules-bin_1.1.8-3.6 libpam-runtime_1.1.8-3.6 libpam0g_1.1.8-3.6 libpcre3_2:8.39-3 libperl5.24_5.24.1-6 libpipeline1_1.4.1-2 libpq-dev_9.6.3-3 libpq5_9.6.3-3 libprocps6_2:3.3.12-3 libpython3-stdlib_3.5.3-3 libpython3.5-minimal_3.5.3-3 libpython3.5-stdlib_3.5.3-3 libquadmath0_7.1.0-9 libreadline7_7.0-3 libsasl2-2_2.1.27~101-g0780600+dfsg-3 libsasl2-modules-db_2.1.27~101-g0780600+dfsg-3 libselinux1_2.6-3+b2 libsemanage-common_2.6-2 libsemanage1_2.6-2+b1 libsepol1_2.6-2 libsigsegv2_2.11-1 libsmartcols1_2.29.2-1 libsqlite3-0_3.16.2-5 libss2_1.43.4-2 libssl1.1_1.1.0f-3 libstdc++-6-dev_6.4.0-1 libstdc++6_7.1.0-9 libsystemd0_233-10 libtasn1-6_4.12-2 libtimedate-perl_2.3000-2 libtinfo5_6.0+20161126-1 libtool_2.4.6-2 libtsan0_7.1.0-9 libubsan0_7.1.0-9 libudev1_233-10 libunistring2_0.9.7-2 libustr-1.0-1_1.0.4-6 libuuid1_2.29.2-1 libxml2_2.9.4+dfsg1-3 linux-libc-dev_4.11.6-1 login_1:4.4-4.1 lsb-base_9.20161125 lsb-release_9.20161125 m4_1.4.18-1 make_4.1-9.1 man-db_2.7.6.1-2 mawk_1.3.3-17+b3 mime-support_3.60 mount_2.29.2-1 multiarch-support_2.24-12 ncurses-base_6.0+20161126-1 ncurses-bin_6.0+20161126-1 netbase_5.4 openssl_1.1.0f-3 passwd_1:4.4-4.1 patch_2.7.5-1+b2 perl_5.24.1-6 perl-base_5.24.1-6 perl-modules-5.24_5.24.1-6 po-debconf_1.0.20 postgresql-client-common_183 postgresql-common_183 postgresql-server-dev-9.6_9.6.3-3 postgresql-server-dev-all_183 procps_2:3.3.12-3 python3_3.5.3-3 python3-minimal_3.5.3-3 python3.5_3.5.3-3 python3.5-minimal_3.5.3-3 readline-common_7.0-3 sbuild-build-depends-core-dummy_0.invalid.0 sbuild-build-depends-postgresql-hll-dummy_0.invalid.0 sed_4.4-1 sensible-utils_0.0.9 ssl-cert_1.0.39 sysvinit-utils_2.88dsf-59.9 tar_1.29b-1.1 ucf_3.0036 util-linux_2.29.2-1 xz-utils_5.2.2-1.2+b1 zlib1g_1:1.2.8.dfsg-5

+------------------------------------------------------------------------------+
| Build                                                                        |
+------------------------------------------------------------------------------+


Unpack source
-------------

gpgv: unknown type of key resource 'trustedkeys.kbx'
gpgv: keyblock resource '/sbuild-nonexistent/.gnupg/trustedkeys.kbx': General error
gpgv: Signature made Thu Oct 30 03:43:44 2014 UTC
gpgv:                using RSA key 256B7C2B242E199E
gpgv: Can't check signature: No public key
dpkg-source: warning: failed to verify signature on ./postgresql-hll_2.7-2.1.dsc
dpkg-source: info: extracting postgresql-hll in /<<PKGBUILDDIR>>
dpkg-source: info: unpacking postgresql-hll_2.7.orig.tar.gz
dpkg-source: info: unpacking postgresql-hll_2.7-2.1.debian.tar.xz
dpkg-source: info: applying inline.diff

Check disk space
----------------

Sufficient free space for build

User Environment
----------------

APT_CONFIG=/var/lib/sbuild/apt.conf
HOME=/sbuild-nonexistent
LANG=en_US.UTF-8
LC_ALL=POSIX
LOGNAME=user42
PATH=/usr/local/sbin:/usr/local/bin:/usr/sbin:/usr/bin:/sbin:/bin:/usr/games
SCHROOT_ALIAS_NAME=unstable-amd64-sbuild
SCHROOT_CHROOT_NAME=unstable-amd64-sbuild
SCHROOT_COMMAND=env
SCHROOT_GID=1001
SCHROOT_GROUP=user42
SCHROOT_SESSION_ID=unstable-amd64-sbuild-e3a2b8b4-da14-4321-b990-942a2c3c5139
SCHROOT_UID=1001
SCHROOT_USER=user42
SHELL=/bin/sh
USER=user42

dpkg-buildpackage
-----------------

dpkg-buildpackage: info: source package postgresql-hll
dpkg-buildpackage: info: source version 2.7-2.1
dpkg-buildpackage: info: source distribution unstable
dpkg-buildpackage: info: source changed by YunQiang Su <syq@debian.org>
 dpkg-source --before-build postgresql-hll-2.7
dpkg-buildpackage: info: host architecture amd64
 fakeroot debian/rules clean
dh clean
dh: Compatibility levels before 9 are deprecated (level 8 in use)
   dh_testdir
   debian/rules override_dh_auto_clean
make[1]: Entering directory '/<<PKGBUILDDIR>>'
/usr/bin/make PG_CONFIG=pg_config clean
make[2]: Entering directory '/<<PKGBUILDDIR>>'
rm -f hll.so   libhll.a  libhll.pc
rm -f hll.o MurmurHash3.o 
rm -rf -r 
make[2]: Leaving directory '/<<PKGBUILDDIR>>'
make[1]: Leaving directory '/<<PKGBUILDDIR>>'
   dh_clean
dh_clean: Compatibility levels before 9 are deprecated (level 8 in use)
 debian/rules build-arch
dh build-arch
dh: Compatibility levels before 9 are deprecated (level 8 in use)
   dh_testdir -a
   dh_update_autotools_config -a
   dh_auto_configure -a
dh_auto_configure: Compatibility levels before 9 are deprecated (level 8 in use)
   debian/rules override_dh_auto_build
make[1]: Entering directory '/<<PKGBUILDDIR>>'
/usr/bin/make PG_CONFIG=pg_config
make[2]: Entering directory '/<<PKGBUILDDIR>>'
gcc -Wall -Wmissing-prototypes -Wpointer-arith -Wdeclaration-after-statement -Wendif-labels -Wmissing-format-attribute -Wformat-security -fno-strict-aliasing -fwrapv -fexcess-precision=standard -g -g -O2 -fdebug-prefix-map=/build/postgresql-9.6-9gUQkB/postgresql-9.6-9.6.3=. -specs=/usr/share/dpkg/no-pie-compile.specs -fstack-protector-strong -Wformat -Werror=format-security -I/usr/include/mit-krb5 -fPIC -pie -fno-omit-frame-pointer -fpic -fPIC -std=c99 -I. -I./ -I/usr/include/postgresql/9.6/server -I/usr/include/postgresql/internal -Wdate-time -D_FORTIFY_SOURCE=2 -D_GNU_SOURCE -I/usr/include/libxml2  -I/usr/include/tcl8.6  -c -o hll.o hll.c
clang: warning: optimization flag '-fexcess-precision=standard' is not supported [-Wignored-optimization-argument]
clang: warning: argument unused during compilation: '-specs=/usr/share/dpkg/no-pie-compile.specs' [-Wunused-command-line-argument]
clang: warning: argument unused during compilation: '-pie' [-Wunused-command-line-argument]
In file included from hll.c:16:
In file included from /usr/include/postgresql/9.6/server/postgres.h:48:
/usr/include/postgresql/9.6/server/utils/elog.h:136:40: warning: 'format' attribute argument not supported: gnu_printf [-Wignored-attributes]
extern int      errmsg(const char *fmt,...) pg_attribute_printf(1, 2);
                                            ^
/usr/include/postgresql/9.6/server/c.h:627:49: note: expanded from macro 'pg_attribute_printf'
#define pg_attribute_printf(f,a) __attribute__((format(PG_PRINTF_ATTRIBUTE, f, a)))
                                                ^
In file included from hll.c:16:
In file included from /usr/include/postgresql/9.6/server/postgres.h:48:
/usr/include/postgresql/9.6/server/utils/elog.h:137:49: warning: 'format' attribute argument not supported: gnu_printf [-Wignored-attributes]
extern int      errmsg_internal(const char *fmt,...) pg_attribute_printf(1, 2);
                                                     ^
/usr/include/postgresql/9.6/server/c.h:627:49: note: expanded from macro 'pg_attribute_printf'
#define pg_attribute_printf(f,a) __attribute__((format(PG_PRINTF_ATTRIBUTE, f, a)))
                                                ^
In file included from hll.c:16:
In file included from /usr/include/postgresql/9.6/server/postgres.h:48:
/usr/include/postgresql/9.6/server/utils/elog.h:140:49: warning: 'format' attribute argument not supported: gnu_printf [-Wignored-attributes]
        unsigned long n,...) pg_attribute_printf(1, 4) pg_attribute_printf(2, 4);
                                                       ^
/usr/include/postgresql/9.6/server/c.h:627:49: note: expanded from macro 'pg_attribute_printf'
#define pg_attribute_printf(f,a) __attribute__((format(PG_PRINTF_ATTRIBUTE, f, a)))
                                                ^
In file included from hll.c:16:
In file included from /usr/include/postgresql/9.6/server/postgres.h:48:
/usr/include/postgresql/9.6/server/utils/elog.h:140:23: warning: 'format' attribute argument not supported: gnu_printf [-Wignored-attributes]
        unsigned long n,...) pg_attribute_printf(1, 4) pg_attribute_printf(2, 4);
                             ^
/usr/include/postgresql/9.6/server/c.h:627:49: note: expanded from macro 'pg_attribute_printf'
#define pg_attribute_printf(f,a) __attribute__((format(PG_PRINTF_ATTRIBUTE, f, a)))
                                                ^
In file included from hll.c:16:
In file included from /usr/include/postgresql/9.6/server/postgres.h:48:
/usr/include/postgresql/9.6/server/utils/elog.h:142:43: warning: 'format' attribute argument not supported: gnu_printf [-Wignored-attributes]
extern int      errdetail(const char *fmt,...) pg_attribute_printf(1, 2);
                                               ^
/usr/include/postgresql/9.6/server/c.h:627:49: note: expanded from macro 'pg_attribute_printf'
#define pg_attribute_printf(f,a) __attribute__((format(PG_PRINTF_ATTRIBUTE, f, a)))
                                                ^
In file included from hll.c:16:
In file included from /usr/include/postgresql/9.6/server/postgres.h:48:
/usr/include/postgresql/9.6/server/utils/elog.h:143:52: warning: 'format' attribute argument not supported: gnu_printf [-Wignored-attributes]
extern int      errdetail_internal(const char *fmt,...) pg_attribute_printf(1, 2);
                                                        ^
/usr/include/postgresql/9.6/server/c.h:627:49: note: expanded from macro 'pg_attribute_printf'
#define pg_attribute_printf(f,a) __attribute__((format(PG_PRINTF_ATTRIBUTE, f, a)))
                                                ^
In file included from hll.c:16:
In file included from /usr/include/postgresql/9.6/server/postgres.h:48:
/usr/include/postgresql/9.6/server/utils/elog.h:145:47: warning: 'format' attribute argument not supported: gnu_printf [-Wignored-attributes]
extern int      errdetail_log(const char *fmt,...) pg_attribute_printf(1, 2);
                                                   ^
/usr/include/postgresql/9.6/server/c.h:627:49: note: expanded from macro 'pg_attribute_printf'
#define pg_attribute_printf(f,a) __attribute__((format(PG_PRINTF_ATTRIBUTE, f, a)))
                                                ^
In file included from hll.c:16:
In file included from /usr/include/postgresql/9.6/server/postgres.h:48:
/usr/include/postgresql/9.6/server/utils/elog.h:149:49: warning: 'format' attribute argument not supported: gnu_printf [-Wignored-attributes]
        unsigned long n,...) pg_attribute_printf(1, 4) pg_attribute_printf(2, 4);
                                                       ^
/usr/include/postgresql/9.6/server/c.h:627:49: note: expanded from macro 'pg_attribute_printf'
#define pg_attribute_printf(f,a) __attribute__((format(PG_PRINTF_ATTRIBUTE, f, a)))
                                                ^
In file included from hll.c:16:
In file included from /usr/include/postgresql/9.6/server/postgres.h:48:
/usr/include/postgresql/9.6/server/utils/elog.h:149:23: warning: 'format' attribute argument not supported: gnu_printf [-Wignored-attributes]
        unsigned long n,...) pg_attribute_printf(1, 4) pg_attribute_printf(2, 4);
                             ^
/usr/include/postgresql/9.6/server/c.h:627:49: note: expanded from macro 'pg_attribute_printf'
#define pg_attribute_printf(f,a) __attribute__((format(PG_PRINTF_ATTRIBUTE, f, a)))
                                                ^
In file included from hll.c:16:
In file included from /usr/include/postgresql/9.6/server/postgres.h:48:
/usr/include/postgresql/9.6/server/utils/elog.h:152:49: warning: 'format' attribute argument not supported: gnu_printf [-Wignored-attributes]
        unsigned long n,...) pg_attribute_printf(1, 4) pg_attribute_printf(2, 4);
                                                       ^
/usr/include/postgresql/9.6/server/c.h:627:49: note: expanded from macro 'pg_attribute_printf'
#define pg_attribute_printf(f,a) __attribute__((format(PG_PRINTF_ATTRIBUTE, f, a)))
                                                ^
In file included from hll.c:16:
In file included from /usr/include/postgresql/9.6/server/postgres.h:48:
/usr/include/postgresql/9.6/server/utils/elog.h:152:23: warning: 'format' attribute argument not supported: gnu_printf [-Wignored-attributes]
        unsigned long n,...) pg_attribute_printf(1, 4) pg_attribute_printf(2, 4);
                             ^
/usr/include/postgresql/9.6/server/c.h:627:49: note: expanded from macro 'pg_attribute_printf'
#define pg_attribute_printf(f,a) __attribute__((format(PG_PRINTF_ATTRIBUTE, f, a)))
                                                ^
In file included from hll.c:16:
In file included from /usr/include/postgresql/9.6/server/postgres.h:48:
/usr/include/postgresql/9.6/server/utils/elog.h:154:41: warning: 'format' attribute argument not supported: gnu_printf [-Wignored-attributes]
extern int      errhint(const char *fmt,...) pg_attribute_printf(1, 2);
                                             ^
/usr/include/postgresql/9.6/server/c.h:627:49: note: expanded from macro 'pg_attribute_printf'
#define pg_attribute_printf(f,a) __attribute__((format(PG_PRINTF_ATTRIBUTE, f, a)))
                                                ^
In file included from hll.c:16:
In file included from /usr/include/postgresql/9.6/server/postgres.h:48:
/usr/include/postgresql/9.6/server/utils/elog.h:168:48: warning: 'format' attribute argument not supported: gnu_printf [-Wignored-attributes]
extern int      errcontext_msg(const char *fmt,...) pg_attribute_printf(1, 2);
                                                    ^
/usr/include/postgresql/9.6/server/c.h:627:49: note: expanded from macro 'pg_attribute_printf'
#define pg_attribute_printf(f,a) __attribute__((format(PG_PRINTF_ATTRIBUTE, f, a)))
                                                ^
In file included from hll.c:16:
In file included from /usr/include/postgresql/9.6/server/postgres.h:48:
/usr/include/postgresql/9.6/server/utils/elog.h:225:58: warning: 'format' attribute argument not supported: gnu_printf [-Wignored-attributes]
extern void elog_finish(int elevel, const char *fmt,...) pg_attribute_printf(2, 3);
                                                         ^
/usr/include/postgresql/9.6/server/c.h:627:49: note: expanded from macro 'pg_attribute_printf'
#define pg_attribute_printf(f,a) __attribute__((format(PG_PRINTF_ATTRIBUTE, f, a)))
                                                ^
In file included from hll.c:16:
In file included from /usr/include/postgresql/9.6/server/postgres.h:48:
/usr/include/postgresql/9.6/server/utils/elog.h:231:54: warning: 'format' attribute argument not supported: gnu_printf [-Wignored-attributes]
extern char *format_elog_string(const char *fmt,...) pg_attribute_printf(1, 2);
                                                     ^
/usr/include/postgresql/9.6/server/c.h:627:49: note: expanded from macro 'pg_attribute_printf'
#define pg_attribute_printf(f,a) __attribute__((format(PG_PRINTF_ATTRIBUTE, f, a)))
                                                ^
In file included from hll.c:16:
In file included from /usr/include/postgresql/9.6/server/postgres.h:48:
/usr/include/postgresql/9.6/server/utils/elog.h:414:47: warning: 'format' attribute argument not supported: gnu_printf [-Wignored-attributes]
extern void write_stderr(const char *fmt,...) pg_attribute_printf(1, 2);
                                              ^
/usr/include/postgresql/9.6/server/c.h:627:49: note: expanded from macro 'pg_attribute_printf'
#define pg_attribute_printf(f,a) __attribute__((format(PG_PRINTF_ATTRIBUTE, f, a)))
                                                ^
In file included from hll.c:16:
In file included from /usr/include/postgresql/9.6/server/postgres.h:49:
/usr/include/postgresql/9.6/server/utils/palloc.h:131:44: warning: 'format' attribute argument not supported: gnu_printf [-Wignored-attributes]
extern char *psprintf(const char *fmt,...) pg_attribute_printf(1, 2);
                                           ^
/usr/include/postgresql/9.6/server/c.h:627:49: note: expanded from macro 'pg_attribute_printf'
#define pg_attribute_printf(f,a) __attribute__((format(PG_PRINTF_ATTRIBUTE, f, a)))
                                                ^
In file included from hll.c:16:
In file included from /usr/include/postgresql/9.6/server/postgres.h:49:
/usr/include/postgresql/9.6/server/utils/palloc.h:132:80: warning: 'format' attribute argument not supported: gnu_printf [-Wignored-attributes]
extern size_t pvsnprintf(char *buf, size_t len, const char *fmt, va_list args) pg_attribute_printf(3, 0);
                                                                               ^
/usr/include/postgresql/9.6/server/c.h:627:49: note: expanded from macro 'pg_attribute_printf'
#define pg_attribute_printf(f,a) __attribute__((format(PG_PRINTF_ATTRIBUTE, f, a)))
                                                ^
In file included from hll.c:19:
In file included from /usr/include/postgresql/9.6/server/funcapi.h:21:
In file included from /usr/include/postgresql/9.6/server/executor/executor.h:17:
In file included from /usr/include/postgresql/9.6/server/executor/execdesc.h:18:
In file included from /usr/include/postgresql/9.6/server/nodes/execnodes.h:17:
In file included from /usr/include/postgresql/9.6/server/access/genam.h:22:
In file included from /usr/include/postgresql/9.6/server/utils/snapshot.h:18:
In file included from /usr/include/postgresql/9.6/server/lib/pairingheap.h:14:
/usr/include/postgresql/9.6/server/lib/stringinfo.h:95:67: warning: 'format' attribute argument not supported: gnu_printf [-Wignored-attributes]
extern void appendStringInfo(StringInfo str, const char *fmt,...) pg_attribute_printf(2, 3);
                                                                  ^
/usr/include/postgresql/9.6/server/c.h:627:49: note: expanded from macro 'pg_attribute_printf'
#define pg_attribute_printf(f,a) __attribute__((format(PG_PRINTF_ATTRIBUTE, f, a)))
                                                ^
In file included from hll.c:19:
In file included from /usr/include/postgresql/9.6/server/funcapi.h:21:
In file included from /usr/include/postgresql/9.6/server/executor/executor.h:17:
In file included from /usr/include/postgresql/9.6/server/executor/execdesc.h:18:
In file included from /usr/include/postgresql/9.6/server/nodes/execnodes.h:17:
In file included from /usr/include/postgresql/9.6/server/access/genam.h:22:
In file included from /usr/include/postgresql/9.6/server/utils/snapshot.h:18:
In file included from /usr/include/postgresql/9.6/server/lib/pairingheap.h:14:
/usr/include/postgresql/9.6/server/lib/stringinfo.h:106:78: warning: 'format' attribute argument not supported: gnu_printf [-Wignored-attributes]
extern int      appendStringInfoVA(StringInfo str, const char *fmt, va_list args) pg_attribute_printf(2, 0);
                                                                                  ^
/usr/include/postgresql/9.6/server/c.h:627:49: note: expanded from macro 'pg_attribute_printf'
#define pg_attribute_printf(f,a) __attribute__((format(PG_PRINTF_ATTRIBUTE, f, a)))
                                                ^
20 warnings generated.
g++  -fPIC -std=c99 -I. -I./ -I/usr/include/postgresql/9.6/server -I/usr/include/postgresql/internal -Wdate-time -D_FORTIFY_SOURCE=2 -D_GNU_SOURCE -I/usr/include/libxml2  -I/usr/include/tcl8.6  -c -o MurmurHash3.o MurmurHash3.cpp
error: invalid argument '-std=c99' not allowed with 'C++/ObjC++'
<builtin>: recipe for target 'MurmurHash3.o' failed
make[2]: *** [MurmurHash3.o] Error 1
make[2]: Leaving directory '/<<PKGBUILDDIR>>'
debian/rules:20: recipe for target 'override_dh_auto_build' failed
make[1]: *** [override_dh_auto_build] Error 2
make[1]: Leaving directory '/<<PKGBUILDDIR>>'
debian/rules:7: recipe for target 'build-arch' failed
make: *** [build-arch] Error 2
dpkg-buildpackage: error: debian/rules build-arch gave error exit status 2
--------------------------------------------------------------------------------
Build finished at 2017-07-06T19:59:59Z

Finished
--------


+------------------------------------------------------------------------------+
| Cleanup                                                                      |
+------------------------------------------------------------------------------+

Purging /<<BUILDDIR>>
Not cleaning session: cloned chroot in use
E: Build failure (dpkg-buildpackage died)

+------------------------------------------------------------------------------+
| Summary                                                                      |
+------------------------------------------------------------------------------+

Build Architecture: amd64
Build Type: any
Build-Space: 58888
Build-Time: 1
Distribution: unstable
Fail-Stage: build
Host Architecture: amd64
Install-Time: 10
Job: postgresql-hll_2.7-2.1
Machine Architecture: amd64
Package: postgresql-hll
Package-Time: 27
Source-Version: 2.7-2.1
Space: 58888
Status: attempted
Version: 2.7-2.1
--------------------------------------------------------------------------------
Finished at 2017-07-06T19:59:59Z
Build needed 00:00:27, 58888k disk space
E: Build failure (dpkg-buildpackage died)
DC-Status: Failed 28.694902106s
DC-Time-Estimation: 28.694902106 versus expected 377 (r/m: 12.138222204325649 ; m: 28.694902106)
