DC-Build-Header: qtruby 4:4.14.3-1 / 2017-07-06 18:32:11 +0000
DC-Task: type:rebuild-binarch-only source:qtruby version:4:4.14.3-1 chroot:unstable esttime:660 logfile:/tmp/qtruby_4.14.3-1_unstable_clang4.0.log modes:clang40:binarch-only
DC-Sbuild-call: su user42 -c 'sbuild -n --arch-any --apt-update -d unstable -v  --chroot-setup-commands=/tmp/clang40 qtruby_4:4.14.3-1'
sbuild (Debian sbuild) 0.73.0 (23 Dec 2016) on ip-172-31-32-68.eu-central-1.compute.internal

+==============================================================================+
| qtruby 4:4.14.3-1 (amd64)                    Thu, 06 Jul 2017 18:32:11 +0000 |
+==============================================================================+

Package: qtruby
Version: 4:4.14.3-1
Source Version: 4:4.14.3-1
Distribution: unstable
Machine Architecture: amd64
Host Architecture: amd64
Build Architecture: amd64
Build Type: any

I: NOTICE: Log filtering will replace 'var/run/schroot/mount/unstable-amd64-sbuild-7fa68af1-acfc-40af-8699-18806c7b5a5d' with '<<CHROOT>>'

+------------------------------------------------------------------------------+
| Chroot Setup Commands                                                        |
+------------------------------------------------------------------------------+


/tmp/clang40
------------

+ echo 'Entering customization script...'
Entering customization script...
+ CLANG_VERSION=4.0
+ echo 'Install of clang-4.0'
Install of clang-4.0
+ apt-get update
Hit:1 http://127.0.0.1:9999/debian unstable InRelease
Get:2 http://127.0.0.1:9999/debian unstable/main Translation-en [5730 kB]
Fetched 5730 kB in 1s (3942 kB/s)
Reading package lists...
+ apt-get install --yes --no-install-recommends --force-yes clang-4.0
Reading package lists...
Building dependency tree...
Reading state information...
The following additional packages will be installed:
  libbsd0 libclang-common-4.0-dev libclang1-4.0 libedit2 libjsoncpp1
  libllvm4.0 libncurses5 libobjc-6-dev libobjc4
Suggested packages:
  gnustep gnustep-devel clang-4.0-doc libomp-dev
Recommended packages:
  llvm-4.0-dev python libgpm2
The following NEW packages will be installed:
  clang-4.0 libbsd0 libclang-common-4.0-dev libclang1-4.0 libedit2 libjsoncpp1
  libllvm4.0 libncurses5 libobjc-6-dev libobjc4
0 upgraded, 10 newly installed, 0 to remove and 0 not upgraded.
Need to get 74.4 MB of archives.
After this operation, 320 MB of additional disk space will be used.
Get:1 http://127.0.0.1:9999/debian unstable/main amd64 libbsd0 amd64 0.8.5-1 [89.6 kB]
Get:2 http://127.0.0.1:9999/debian unstable/main amd64 libncurses5 amd64 6.0+20161126-1 [93.4 kB]
Get:3 http://127.0.0.1:9999/debian unstable/main amd64 libedit2 amd64 3.1-20170329-1 [85.2 kB]
Get:4 http://127.0.0.1:9999/debian unstable/main amd64 libllvm4.0 amd64 1:4.0.1-1 [12.3 MB]
Get:5 http://127.0.0.1:9999/debian unstable/main amd64 libclang1-4.0 amd64 1:4.0.1-1 [6355 kB]
Get:6 http://127.0.0.1:9999/debian unstable/main amd64 libjsoncpp1 amd64 1.7.4-3 [75.6 kB]
Get:7 http://127.0.0.1:9999/debian unstable/main amd64 libobjc4 amd64 7.1.0-9 [51.0 kB]
Get:8 http://127.0.0.1:9999/debian unstable/main amd64 libobjc-6-dev amd64 6.4.0-1 [197 kB]
Get:9 http://127.0.0.1:9999/debian unstable/main amd64 libclang-common-4.0-dev amd64 1:4.0.1-1 [2495 kB]
Get:10 http://127.0.0.1:9999/debian unstable/main amd64 clang-4.0 amd64 1:4.0.1-1 [52.7 MB]
debconf: delaying package configuration, since apt-utils is not installed
Fetched 74.4 MB in 0s (94.8 MB/s)
Selecting previously unselected package libbsd0:amd64.
(Reading database ... (Reading database ... 5%(Reading database ... 10%(Reading database ... 15%(Reading database ... 20%(Reading database ... 25%(Reading database ... 30%(Reading database ... 35%(Reading database ... 40%(Reading database ... 45%(Reading database ... 50%(Reading database ... 55%(Reading database ... 60%(Reading database ... 65%(Reading database ... 70%(Reading database ... 75%(Reading database ... 80%(Reading database ... 85%(Reading database ... 90%(Reading database ... 95%(Reading database ... 100%(Reading database ... 9711 files and directories currently installed.)
Preparing to unpack .../0-libbsd0_0.8.5-1_amd64.deb ...
Unpacking libbsd0:amd64 (0.8.5-1) ...
Selecting previously unselected package libncurses5:amd64.
Preparing to unpack .../1-libncurses5_6.0+20161126-1_amd64.deb ...
Unpacking libncurses5:amd64 (6.0+20161126-1) ...
Selecting previously unselected package libedit2:amd64.
Preparing to unpack .../2-libedit2_3.1-20170329-1_amd64.deb ...
Unpacking libedit2:amd64 (3.1-20170329-1) ...
Selecting previously unselected package libllvm4.0:amd64.
Preparing to unpack .../3-libllvm4.0_1%3a4.0.1-1_amd64.deb ...
Unpacking libllvm4.0:amd64 (1:4.0.1-1) ...
Selecting previously unselected package libclang1-4.0:amd64.
Preparing to unpack .../4-libclang1-4.0_1%3a4.0.1-1_amd64.deb ...
Unpacking libclang1-4.0:amd64 (1:4.0.1-1) ...
Selecting previously unselected package libjsoncpp1:amd64.
Preparing to unpack .../5-libjsoncpp1_1.7.4-3_amd64.deb ...
Unpacking libjsoncpp1:amd64 (1.7.4-3) ...
Selecting previously unselected package libobjc4:amd64.
Preparing to unpack .../6-libobjc4_7.1.0-9_amd64.deb ...
Unpacking libobjc4:amd64 (7.1.0-9) ...
Selecting previously unselected package libobjc-6-dev:amd64.
Preparing to unpack .../7-libobjc-6-dev_6.4.0-1_amd64.deb ...
Unpacking libobjc-6-dev:amd64 (6.4.0-1) ...
Selecting previously unselected package libclang-common-4.0-dev.
Preparing to unpack .../8-libclang-common-4.0-dev_1%3a4.0.1-1_amd64.deb ...
Unpacking libclang-common-4.0-dev (1:4.0.1-1) ...
Selecting previously unselected package clang-4.0.
Preparing to unpack .../9-clang-4.0_1%3a4.0.1-1_amd64.deb ...
Unpacking clang-4.0 (1:4.0.1-1) ...
Setting up libncurses5:amd64 (6.0+20161126-1) ...
Setting up libobjc4:amd64 (7.1.0-9) ...
Setting up libbsd0:amd64 (0.8.5-1) ...
Processing triggers for libc-bin (2.24-12) ...
Setting up libobjc-6-dev:amd64 (6.4.0-1) ...
Setting up libjsoncpp1:amd64 (1.7.4-3) ...
Setting up libedit2:amd64 (3.1-20170329-1) ...
Setting up libllvm4.0:amd64 (1:4.0.1-1) ...
Setting up libclang1-4.0:amd64 (1:4.0.1-1) ...
Setting up libclang-common-4.0-dev (1:4.0.1-1) ...
Setting up clang-4.0 (1:4.0.1-1) ...
Processing triggers for libc-bin (2.24-12) ...
W: --force-yes is deprecated, use one of the options starting with --allow instead.
+ echo 'Replace gcc, g++ & cpp by clang'
Replace gcc, g++ & cpp by clang
+ VERSIONS='4.6 4.7 4.8 4.9 5 6 7'
+ cd /usr/bin
+ for VERSION in $VERSIONS
+ rm -f g++-4.6 gcc-4.6 cpp-4.6 gcc
+ ln -s clang++-4.0 g++-4.6
+ ln -s clang-4.0 gcc-4.6
+ ln -s clang-4.0 cpp-4.6
+ ln -s clang-4.0 gcc
+ echo 'gcc-4.6 hold'
+ dpkg --set-selections
dpkg: warning: package not in status nor available database at line 1: gcc-4.6
dpkg: warning: found unknown packages; this might mean the available database
is outdated, and needs to be updated through a frontend method;
please see the FAQ <https://wiki.debian.org/Teams/Dpkg/FAQ>
+ echo 'g++-4.6 hold'
+ dpkg --set-selections
dpkg: warning: package not in status nor available database at line 1: g++-4.6
dpkg: warning: found unknown packages; this might mean the available database
is outdated, and needs to be updated through a frontend method;
please see the FAQ <https://wiki.debian.org/Teams/Dpkg/FAQ>
+ for VERSION in $VERSIONS
+ rm -f g++-4.7 gcc-4.7 cpp-4.7 gcc
+ ln -s clang++-4.0 g++-4.7
+ ln -s clang-4.0 gcc-4.7
+ ln -s clang-4.0 cpp-4.7
+ ln -s clang-4.0 gcc
+ echo 'gcc-4.7 hold'
+ dpkg --set-selections
dpkg: warning: package not in status nor available database at line 1: gcc-4.7
dpkg: warning: found unknown packages; this might mean the available database
is outdated, and needs to be updated through a frontend method;
please see the FAQ <https://wiki.debian.org/Teams/Dpkg/FAQ>
+ echo 'g++-4.7 hold'
+ dpkg --set-selections
dpkg: warning: package not in status nor available database at line 1: g++-4.7
dpkg: warning: found unknown packages; this might mean the available database
is outdated, and needs to be updated through a frontend method;
please see the FAQ <https://wiki.debian.org/Teams/Dpkg/FAQ>
+ for VERSION in $VERSIONS
+ rm -f g++-4.8 gcc-4.8 cpp-4.8 gcc
+ ln -s clang++-4.0 g++-4.8
+ ln -s clang-4.0 gcc-4.8
+ ln -s clang-4.0 cpp-4.8
+ ln -s clang-4.0 gcc
+ echo 'gcc-4.8 hold'
+ dpkg --set-selections
dpkg: warning: package not in status nor available database at line 1: gcc-4.8
dpkg: warning: found unknown packages; this might mean the available database
is outdated, and needs to be updated through a frontend method;
please see the FAQ <https://wiki.debian.org/Teams/Dpkg/FAQ>
+ echo 'g++-4.8 hold'
+ dpkg --set-selections
dpkg: warning: package not in status nor available database at line 1: g++-4.8
dpkg: warning: found unknown packages; this might mean the available database
is outdated, and needs to be updated through a frontend method;
please see the FAQ <https://wiki.debian.org/Teams/Dpkg/FAQ>
+ for VERSION in $VERSIONS
+ rm -f g++-4.9 gcc-4.9 cpp-4.9 gcc
+ ln -s clang++-4.0 g++-4.9
+ ln -s clang-4.0 gcc-4.9
+ ln -s clang-4.0 cpp-4.9
+ ln -s clang-4.0 gcc
+ echo 'gcc-4.9 hold'
+ dpkg --set-selections
dpkg: warning: package not in status nor available database at line 1: gcc-4.9
dpkg: warning: found unknown packages; this might mean the available database
is outdated, and needs to be updated through a frontend method;
please see the FAQ <https://wiki.debian.org/Teams/Dpkg/FAQ>
+ echo 'g++-4.9 hold'
+ dpkg --set-selections
dpkg: warning: package not in status nor available database at line 1: g++-4.9
dpkg: warning: found unknown packages; this might mean the available database
is outdated, and needs to be updated through a frontend method;
please see the FAQ <https://wiki.debian.org/Teams/Dpkg/FAQ>
+ for VERSION in $VERSIONS
+ rm -f g++-5 gcc-5 cpp-5 gcc
+ ln -s clang++-4.0 g++-5
+ ln -s clang-4.0 gcc-5
+ ln -s clang-4.0 cpp-5
+ ln -s clang-4.0 gcc
+ echo 'gcc-5 hold'
+ dpkg --set-selections
+ echo 'g++-5 hold'
+ dpkg --set-selections
+ for VERSION in $VERSIONS
+ rm -f g++-6 gcc-6 cpp-6 gcc
+ ln -s clang++-4.0 g++-6
+ ln -s clang-4.0 gcc-6
+ ln -s clang-4.0 cpp-6
+ ln -s clang-4.0 gcc
+ echo 'gcc-6 hold'
+ dpkg --set-selections
+ echo 'g++-6 hold'
+ dpkg --set-selections
+ for VERSION in $VERSIONS
+ rm -f g++-7 gcc-7 cpp-7 gcc
+ ln -s clang++-4.0 g++-7
+ ln -s clang-4.0 gcc-7
+ ln -s clang-4.0 cpp-7
+ ln -s clang-4.0 gcc
+ echo 'gcc-7 hold'
+ dpkg --set-selections
dpkg: warning: package not in status nor available database at line 1: gcc-7
dpkg: warning: found unknown packages; this might mean the available database
is outdated, and needs to be updated through a frontend method;
please see the FAQ <https://wiki.debian.org/Teams/Dpkg/FAQ>
+ echo 'g++-7 hold'
+ dpkg --set-selections
dpkg: warning: package not in status nor available database at line 1: g++-7
dpkg: warning: found unknown packages; this might mean the available database
is outdated, and needs to be updated through a frontend method;
please see the FAQ <https://wiki.debian.org/Teams/Dpkg/FAQ>
+ cd -
/build/qtruby-yHimDM
+ echo 'Check if gcc, g++ & cpp are actually clang'
Check if gcc, g++ & cpp are actually clang
+ gcc --version
+ grep clang
+ cpp --version
+ grep clang
+ g++ --version
+ grep clang

I: Finished running '/tmp/clang40'.

Finished processing commands.
--------------------------------------------------------------------------------

+------------------------------------------------------------------------------+
| Update chroot                                                                |
+------------------------------------------------------------------------------+

Hit:1 http://127.0.0.1:9999/debian unstable InRelease
Reading package lists...
Reading package lists...
Building dependency tree...
Reading state information...
Calculating upgrade...
0 upgraded, 0 newly installed, 0 to remove and 0 not upgraded.

+------------------------------------------------------------------------------+
| Fetch source files                                                           |
+------------------------------------------------------------------------------+


Check APT
---------

Checking available source versions...

Download source files with APT
------------------------------

Reading package lists...
NOTICE: 'qtruby' packaging is maintained in the 'Git' version control system at:
git://anonscm.debian.org/pkg-kde/kde-sc/qtruby.git
Please use:
git clone git://anonscm.debian.org/pkg-kde/kde-sc/qtruby.git
to retrieve the latest (possibly unreleased) updates to the package.
Need to get 544 kB of source archives.
Get:1 http://127.0.0.1:9999/debian unstable/main qtruby 4:4.14.3-1 (dsc) [2924 B]
Get:2 http://127.0.0.1:9999/debian unstable/main qtruby 4:4.14.3-1 (tar) [530 kB]
Get:3 http://127.0.0.1:9999/debian unstable/main qtruby 4:4.14.3-1 (diff) [11.7 kB]
Fetched 544 kB in 0s (4040 kB/s)
Download complete and in download only mode
I: NOTICE: Log filtering will replace 'build/qtruby-yHimDM/qtruby-4.14.3' with '<<PKGBUILDDIR>>'
I: NOTICE: Log filtering will replace 'build/qtruby-yHimDM' with '<<BUILDDIR>>'

+------------------------------------------------------------------------------+
| Install build-essential                                                      |
+------------------------------------------------------------------------------+


Setup apt archive
-----------------

Merged Build-Depends: build-essential, fakeroot
Filtered Build-Depends: build-essential, fakeroot
dpkg-deb: building package 'sbuild-build-depends-core-dummy' in '/<<BUILDDIR>>/resolver-CFixse/apt_archive/sbuild-build-depends-core-dummy.deb'.
dpkg-scanpackages: warning: Packages in archive but missing from override file:
dpkg-scanpackages: warning:   sbuild-build-depends-core-dummy
dpkg-scanpackages: info: Wrote 1 entries to output Packages file.
Ign:1 copy:/<<BUILDDIR>>/resolver-CFixse/apt_archive ./ InRelease
Get:2 copy:/<<BUILDDIR>>/resolver-CFixse/apt_archive ./ Release [957 B]
Ign:3 copy:/<<BUILDDIR>>/resolver-CFixse/apt_archive ./ Release.gpg
Get:4 copy:/<<BUILDDIR>>/resolver-CFixse/apt_archive ./ Sources [349 B]
Get:5 copy:/<<BUILDDIR>>/resolver-CFixse/apt_archive ./ Packages [431 B]
Fetched 1737 B in 0s (0 B/s)
Reading package lists...
Reading package lists...

Install core build dependencies (apt-based resolver)
----------------------------------------------------

Installing build dependencies
Reading package lists...
Building dependency tree...
Reading state information...
The following NEW packages will be installed:
  sbuild-build-depends-core-dummy
0 upgraded, 1 newly installed, 0 to remove and 0 not upgraded.
Need to get 782 B of archives.
After this operation, 0 B of additional disk space will be used.
Get:1 copy:/<<BUILDDIR>>/resolver-CFixse/apt_archive ./ sbuild-build-depends-core-dummy 0.invalid.0 [782 B]
debconf: delaying package configuration, since apt-utils is not installed
Fetched 782 B in 0s (0 B/s)
Selecting previously unselected package sbuild-build-depends-core-dummy.
(Reading database ... 10206 files and directories currently installed.)
Preparing to unpack .../sbuild-build-depends-core-dummy_0.invalid.0_amd64.deb ...
Unpacking sbuild-build-depends-core-dummy (0.invalid.0) ...
Setting up sbuild-build-depends-core-dummy (0.invalid.0) ...

+------------------------------------------------------------------------------+
| Check architectures                                                          |
+------------------------------------------------------------------------------+

Arch check ok (amd64 included in any all)

+------------------------------------------------------------------------------+
| Install package build dependencies                                           |
+------------------------------------------------------------------------------+


Setup apt archive
-----------------

Merged Build-Depends: cmake, debhelper (>= 9), libphonon-dev, libqscintilla2-dev, libqt4-dev, libsmokeqt4-dev (>= 4:4.11), pkg-kde-tools (>= 0.6.8), ruby, ruby-dev, smoke-dev-tools (>= 4:4.11)
Merged Build-Conflicts: libqtwebkit-dev
Filtered Build-Depends: cmake, debhelper (>= 9), libphonon-dev, libqscintilla2-dev, libqt4-dev, libsmokeqt4-dev (>= 4:4.11), pkg-kde-tools (>= 0.6.8), ruby, ruby-dev, smoke-dev-tools (>= 4:4.11)
Filtered Build-Conflicts: libqtwebkit-dev
dpkg-deb: building package 'sbuild-build-depends-qtruby-dummy' in '/<<BUILDDIR>>/resolver-CFixse/apt_archive/sbuild-build-depends-qtruby-dummy.deb'.
dpkg-scanpackages: warning: Packages in archive but missing from override file:
dpkg-scanpackages: warning:   sbuild-build-depends-core-dummy sbuild-build-depends-qtruby-dummy
dpkg-scanpackages: info: Wrote 2 entries to output Packages file.
Ign:1 copy:/<<BUILDDIR>>/resolver-CFixse/apt_archive ./ InRelease
Get:2 copy:/<<BUILDDIR>>/resolver-CFixse/apt_archive ./ Release [963 B]
Ign:3 copy:/<<BUILDDIR>>/resolver-CFixse/apt_archive ./ Release.gpg
Get:4 copy:/<<BUILDDIR>>/resolver-CFixse/apt_archive ./ Sources [577 B]
Get:5 copy:/<<BUILDDIR>>/resolver-CFixse/apt_archive ./ Packages [656 B]
Fetched 2196 B in 0s (0 B/s)
Reading package lists...
Reading package lists...

Install qtruby build dependencies (apt-based resolver)
------------------------------------------------------

Installing build dependencies
Reading package lists...
Building dependency tree...
Reading state information...
The following additional packages will be installed:
  autoconf automake autopoint autotools-dev bsdmainutils ca-certificates cmake
  cmake-data debhelper dh-autoreconf dh-python dh-strip-nondeterminism file
  fontconfig fontconfig-config fonts-dejavu-core gettext gettext-base
  groff-base intltool-debian libarchive-zip-perl libarchive13 libasyncns0
  libaudio2 libcap2 libcroco3 libcurl3 libdbus-1-3 libdrm2 libexpat1
  libfile-stripnondeterminism-perl libflac8 libfontconfig1 libfreetype6
  libgl1-mesa-glx libglapi-mesa libglib2.0-0 libgmp-dev libgmpxx4ldbl
  libgssapi-krb5-2 libice6 libicu57 libjbig0 libjpeg62-turbo libk5crypto3
  libkeyutils1 libkrb5-3 libkrb5support0 liblcms2-2 libldap-2.4-2
  libldap-common liblzo2-2 libmagic-mgc libmagic1 libmng1 libmpdec2
  libnghttp2-14 libogg0 libphonon-dev libphonon4 libpipeline1 libpng16-16
  libprocps6 libpsl5 libpulse-mainloop-glib0 libpulse0 libpython3-stdlib
  libpython3.5-minimal libpython3.5-stdlib libqimageblitz4 libqscintilla2-12v5
  libqscintilla2-dev libqscintilla2-l10n libqt4-dbus libqt4-declarative
  libqt4-designer libqt4-dev libqt4-dev-bin libqt4-help libqt4-network
  libqt4-opengl libqt4-qt3support libqt4-script libqt4-scripttools libqt4-sql
  libqt4-svg libqt4-test libqt4-xml libqt4-xmlpatterns libqtcore4 libqtdbus4
  libqtgui4 libreadline7 librtmp1 libruby2.3 libsasl2-2 libsasl2-modules-db
  libsigsegv2 libsm6 libsmokebase3v5 libsmokephonon3 libsmokeqimageblitz3
  libsmokeqsci3 libsmokeqt3support4-3 libsmokeqt4-dev libsmokeqtcore4-3
  libsmokeqtdbus4-3 libsmokeqtdeclarative4-3 libsmokeqtgui4-3
  libsmokeqthelp4-3 libsmokeqtnetwork4-3 libsmokeqtopengl4-3
  libsmokeqtscript4-3 libsmokeqtsql4-3 libsmokeqtsvg4-3 libsmokeqttest4-3
  libsmokeqtuitools4-3 libsmokeqtxml4-3 libsmokeqtxmlpatterns4-3 libsndfile1
  libsqlite3-0 libssh2-1 libssl1.0.2 libssl1.1 libtiff5 libtimedate-perl
  libtool libuv1 libvorbis0a libvorbisenc2 libwrap0 libx11-6 libx11-data
  libx11-xcb1 libxau6 libxcb-dri2-0 libxcb-dri3-0 libxcb-glx0 libxcb-present0
  libxcb-sync1 libxcb-xfixes0 libxcb1 libxdamage1 libxdmcp6 libxext6
  libxfixes3 libxi6 libxml2 libxrender1 libxshmfence1 libxt6 libxtst6
  libxxf86vm1 libyaml-0-2 lsb-base m4 man-db mime-support openssl phonon
  phonon-backend-null pkg-kde-tools po-debconf procps python3 python3-minimal
  python3.5 python3.5-minimal qdbus qt4-linguist-tools qt4-qmake qtchooser
  qtcore4-l10n rake readline-common ruby ruby-dev ruby-did-you-mean
  ruby-minitest ruby-net-telnet ruby-power-assert ruby-test-unit ruby2.3
  ruby2.3-dev rubygems-integration smoke-dev-tools ucf x11-common
Suggested packages:
  autoconf-archive gnu-standards autoconf-doc wamerican | wordlist whois
  vacation codeblocks eclipse ninja-build dh-make gettext-doc libasprintf-dev
  libgettextpo-dev groff lrzip nas gmp-doc libgmp10-doc libmpfr-dev krb5-doc
  krb5-user liblcms2-utils pulseaudio libqt4-declarative-folderlistmodel
  libqt4-declarative-gestures libqt4-declarative-particles
  libqt4-declarative-shaders qt4-qmlviewer firebird-dev libmysqlclient-dev
  libpq-dev libsqlite0-dev libsqlite3-dev qt4-dev-tools qt4-doc unixodbc-dev
  libthai0 qt4-qtconfig libtool-doc gfortran | fortran95-compiler gcj-jdk
  m4-doc less www-browser phonon-backend-gstreamer phonon-backend-vlc cdbs
  libmail-box-perl python3-doc python3-tk python3-venv python3.5-venv
  python3.5-doc binfmt-support readline-doc ri bundler
Recommended packages:
  curl | wget | lynx-cur dbus libarchive-cpio-perl libgl1-mesa-dri
  libglib2.0-data shared-mime-info xdg-user-dirs krb5-locales publicsuffix
  libqt4-opengl-dev libqt4-sql-mysql | libqt4-sql-odbc | libqt4-sql-psql
  | libqt4-sql-sqlite | libqt4-sql-sqlite2 | libqt4-sql-ibase libcups2
  qt-at-spi libsasl2-modules libltdl-dev tcpd xml-core libwww-perl
  libmail-sendmail-perl psmisc zip fonts-lato libjs-jquery
The following NEW packages will be installed:
  autoconf automake autopoint autotools-dev bsdmainutils ca-certificates cmake
  cmake-data debhelper dh-autoreconf dh-python dh-strip-nondeterminism file
  fontconfig fontconfig-config fonts-dejavu-core gettext gettext-base
  groff-base intltool-debian libarchive-zip-perl libarchive13 libasyncns0
  libaudio2 libcap2 libcroco3 libcurl3 libdbus-1-3 libdrm2 libexpat1
  libfile-stripnondeterminism-perl libflac8 libfontconfig1 libfreetype6
  libgl1-mesa-glx libglapi-mesa libglib2.0-0 libgmp-dev libgmpxx4ldbl
  libgssapi-krb5-2 libice6 libicu57 libjbig0 libjpeg62-turbo libk5crypto3
  libkeyutils1 libkrb5-3 libkrb5support0 liblcms2-2 libldap-2.4-2
  libldap-common liblzo2-2 libmagic-mgc libmagic1 libmng1 libmpdec2
  libnghttp2-14 libogg0 libphonon-dev libphonon4 libpipeline1 libpng16-16
  libprocps6 libpsl5 libpulse-mainloop-glib0 libpulse0 libpython3-stdlib
  libpython3.5-minimal libpython3.5-stdlib libqimageblitz4 libqscintilla2-12v5
  libqscintilla2-dev libqscintilla2-l10n libqt4-dbus libqt4-declarative
  libqt4-designer libqt4-dev libqt4-dev-bin libqt4-help libqt4-network
  libqt4-opengl libqt4-qt3support libqt4-script libqt4-scripttools libqt4-sql
  libqt4-svg libqt4-test libqt4-xml libqt4-xmlpatterns libqtcore4 libqtdbus4
  libqtgui4 libreadline7 librtmp1 libruby2.3 libsasl2-2 libsasl2-modules-db
  libsigsegv2 libsm6 libsmokebase3v5 libsmokephonon3 libsmokeqimageblitz3
  libsmokeqsci3 libsmokeqt3support4-3 libsmokeqt4-dev libsmokeqtcore4-3
  libsmokeqtdbus4-3 libsmokeqtdeclarative4-3 libsmokeqtgui4-3
  libsmokeqthelp4-3 libsmokeqtnetwork4-3 libsmokeqtopengl4-3
  libsmokeqtscript4-3 libsmokeqtsql4-3 libsmokeqtsvg4-3 libsmokeqttest4-3
  libsmokeqtuitools4-3 libsmokeqtxml4-3 libsmokeqtxmlpatterns4-3 libsndfile1
  libsqlite3-0 libssh2-1 libssl1.0.2 libssl1.1 libtiff5 libtimedate-perl
  libtool libuv1 libvorbis0a libvorbisenc2 libwrap0 libx11-6 libx11-data
  libx11-xcb1 libxau6 libxcb-dri2-0 libxcb-dri3-0 libxcb-glx0 libxcb-present0
  libxcb-sync1 libxcb-xfixes0 libxcb1 libxdamage1 libxdmcp6 libxext6
  libxfixes3 libxi6 libxml2 libxrender1 libxshmfence1 libxt6 libxtst6
  libxxf86vm1 libyaml-0-2 lsb-base m4 man-db mime-support openssl phonon
  phonon-backend-null pkg-kde-tools po-debconf procps python3 python3-minimal
  python3.5 python3.5-minimal qdbus qt4-linguist-tools qt4-qmake qtchooser
  qtcore4-l10n rake readline-common ruby ruby-dev ruby-did-you-mean
  ruby-minitest ruby-net-telnet ruby-power-assert ruby-test-unit ruby2.3
  ruby2.3-dev rubygems-integration sbuild-build-depends-qtruby-dummy
  smoke-dev-tools ucf x11-common
0 upgraded, 189 newly installed, 0 to remove and 0 not upgraded.
Need to get 75.3 MB of archives.
After this operation, 282 MB of additional disk space will be used.
Get:1 copy:/<<BUILDDIR>>/resolver-CFixse/apt_archive ./ sbuild-build-depends-qtruby-dummy 0.invalid.0 [872 B]
Get:2 http://127.0.0.1:9999/debian unstable/main amd64 groff-base amd64 1.22.3-9 [1160 kB]
Get:3 http://127.0.0.1:9999/debian unstable/main amd64 bsdmainutils amd64 9.0.12+nmu1 [186 kB]
Get:4 http://127.0.0.1:9999/debian unstable/main amd64 libpipeline1 amd64 1.4.1-2 [27.6 kB]
Get:5 http://127.0.0.1:9999/debian unstable/main amd64 man-db amd64 2.7.6.1-2 [1044 kB]
Get:6 http://127.0.0.1:9999/debian unstable/main amd64 cmake-data all 3.7.2-1 [1216 kB]
Get:7 http://127.0.0.1:9999/debian unstable/main amd64 libprocps6 amd64 2:3.3.12-3 [58.1 kB]
Get:8 http://127.0.0.1:9999/debian unstable/main amd64 lsb-base all 9.20161125 [27.9 kB]
Get:9 http://127.0.0.1:9999/debian unstable/main amd64 procps amd64 2:3.3.12-3 [249 kB]
Get:10 http://127.0.0.1:9999/debian unstable/main amd64 liblzo2-2 amd64 2.08-1.2+b2 [55.0 kB]
Get:11 http://127.0.0.1:9999/debian unstable/main amd64 libicu57 amd64 57.1-6 [7701 kB]
Get:12 http://127.0.0.1:9999/debian unstable/main amd64 libxml2 amd64 2.9.4+dfsg1-3 [715 kB]
Get:13 http://127.0.0.1:9999/debian unstable/main amd64 libarchive13 amd64 3.2.2-2 [294 kB]
Get:14 http://127.0.0.1:9999/debian unstable/main amd64 libkeyutils1 amd64 1.5.9-9 [12.4 kB]
Get:15 http://127.0.0.1:9999/debian unstable/main amd64 libkrb5support0 amd64 1.15-1 [61.7 kB]
Get:16 http://127.0.0.1:9999/debian unstable/main amd64 libk5crypto3 amd64 1.15-1 [119 kB]
Get:17 http://127.0.0.1:9999/debian unstable/main amd64 libkrb5-3 amd64 1.15-1 [311 kB]
Get:18 http://127.0.0.1:9999/debian unstable/main amd64 libgssapi-krb5-2 amd64 1.15-1 [154 kB]
Get:19 http://127.0.0.1:9999/debian unstable/main amd64 libsasl2-modules-db amd64 2.1.27~101-g0780600+dfsg-3 [68.2 kB]
Get:20 http://127.0.0.1:9999/debian unstable/main amd64 libsasl2-2 amd64 2.1.27~101-g0780600+dfsg-3 [105 kB]
Get:21 http://127.0.0.1:9999/debian unstable/main amd64 libldap-common all 2.4.44+dfsg-7 [85.2 kB]
Get:22 http://127.0.0.1:9999/debian unstable/main amd64 libldap-2.4-2 amd64 2.4.44+dfsg-7 [219 kB]
Get:23 http://127.0.0.1:9999/debian unstable/main amd64 libnghttp2-14 amd64 1.24.0-1 [81.6 kB]
Get:24 http://127.0.0.1:9999/debian unstable/main amd64 libpsl5 amd64 0.17.0-4+b1 [43.0 kB]
Get:25 http://127.0.0.1:9999/debian unstable/main amd64 librtmp1 amd64 2.4+20151223.gitfa8646d.1-1+b1 [60.4 kB]
Get:26 http://127.0.0.1:9999/debian unstable/main amd64 libssh2-1 amd64 1.8.0-1 [138 kB]
Get:27 http://127.0.0.1:9999/debian unstable/main amd64 libssl1.0.2 amd64 1.0.2l-2 [1294 kB]
Get:28 http://127.0.0.1:9999/debian unstable/main amd64 libcurl3 amd64 7.52.1-5 [291 kB]
Get:29 http://127.0.0.1:9999/debian unstable/main amd64 libexpat1 amd64 2.2.1-3 [85.6 kB]
Get:30 http://127.0.0.1:9999/debian unstable/main amd64 libuv1 amd64 1.9.1-3 [84.4 kB]
Get:31 http://127.0.0.1:9999/debian unstable/main amd64 cmake amd64 3.7.2-1 [3038 kB]
Get:32 http://127.0.0.1:9999/debian unstable/main amd64 libpng16-16 amd64 1.6.29-3 [281 kB]
Get:33 http://127.0.0.1:9999/debian unstable/main amd64 libfreetype6 amd64 2.8-0.2 [449 kB]
Get:34 http://127.0.0.1:9999/debian unstable/main amd64 ucf all 3.0036 [70.2 kB]
Get:35 http://127.0.0.1:9999/debian unstable/main amd64 fonts-dejavu-core all 2.37-1 [1068 kB]
Get:36 http://127.0.0.1:9999/debian unstable/main amd64 fontconfig-config all 2.12.3-0.1 [303 kB]
Get:37 http://127.0.0.1:9999/debian unstable/main amd64 libfontconfig1 amd64 2.12.3-0.1 [366 kB]
Get:38 http://127.0.0.1:9999/debian unstable/main amd64 fontconfig amd64 2.12.3-0.1 [436 kB]
Get:39 http://127.0.0.1:9999/debian unstable/main amd64 libxau6 amd64 1:1.0.8-1 [20.7 kB]
Get:40 http://127.0.0.1:9999/debian unstable/main amd64 x11-common all 1:7.7+19 [251 kB]
Get:41 http://127.0.0.1:9999/debian unstable/main amd64 libice6 amd64 2:1.0.9-2 [58.7 kB]
Get:42 http://127.0.0.1:9999/debian unstable/main amd64 libsm6 amd64 2:1.2.2-1+b3 [33.3 kB]
Get:43 http://127.0.0.1:9999/debian unstable/main amd64 libxdmcp6 amd64 1:1.1.2-3 [26.3 kB]
Get:44 http://127.0.0.1:9999/debian unstable/main amd64 libxcb1 amd64 1.12-1 [133 kB]
Get:45 http://127.0.0.1:9999/debian unstable/main amd64 libx11-data all 2:1.6.4-3 [290 kB]
Get:46 http://127.0.0.1:9999/debian unstable/main amd64 libx11-6 amd64 2:1.6.4-3 [747 kB]
Get:47 http://127.0.0.1:9999/debian unstable/main amd64 libxt6 amd64 1:1.1.5-1 [188 kB]
Get:48 http://127.0.0.1:9999/debian unstable/main amd64 libaudio2 amd64 1.9.4-5+b1 [79.9 kB]
Get:49 http://127.0.0.1:9999/debian unstable/main amd64 libogg0 amd64 1.3.2-1 [19.9 kB]
Get:50 http://127.0.0.1:9999/debian unstable/main amd64 libssl1.1 amd64 1.1.0f-3 [1342 kB]
Get:51 http://127.0.0.1:9999/debian unstable/main amd64 libpython3.5-minimal amd64 3.5.3-3 [577 kB]
Get:52 http://127.0.0.1:9999/debian unstable/main amd64 python3.5-minimal amd64 3.5.3-3 [1695 kB]
Get:53 http://127.0.0.1:9999/debian unstable/main amd64 python3-minimal amd64 3.5.3-3 [35.4 kB]
Get:54 http://127.0.0.1:9999/debian unstable/main amd64 mime-support all 3.60 [36.7 kB]
Get:55 http://127.0.0.1:9999/debian unstable/main amd64 libmpdec2 amd64 2.4.2-1 [85.2 kB]
Get:56 http://127.0.0.1:9999/debian unstable/main amd64 readline-common all 7.0-3 [70.4 kB]
Get:57 http://127.0.0.1:9999/debian unstable/main amd64 libreadline7 amd64 7.0-3 [151 kB]
Get:58 http://127.0.0.1:9999/debian unstable/main amd64 libsqlite3-0 amd64 3.16.2-5 [572 kB]
Get:59 http://127.0.0.1:9999/debian unstable/main amd64 libpython3.5-stdlib amd64 3.5.3-3 [2170 kB]
Get:60 http://127.0.0.1:9999/debian unstable/main amd64 python3.5 amd64 3.5.3-3 [237 kB]
Get:61 http://127.0.0.1:9999/debian unstable/main amd64 libpython3-stdlib amd64 3.5.3-3 [18.8 kB]
Get:62 http://127.0.0.1:9999/debian unstable/main amd64 dh-python all 2.20170125 [86.8 kB]
Get:63 http://127.0.0.1:9999/debian unstable/main amd64 python3 amd64 3.5.3-3 [21.8 kB]
Get:64 http://127.0.0.1:9999/debian unstable/main amd64 libmagic-mgc amd64 1:5.30-1 [222 kB]
Get:65 http://127.0.0.1:9999/debian unstable/main amd64 libmagic1 amd64 1:5.30-1 [111 kB]
Get:66 http://127.0.0.1:9999/debian unstable/main amd64 file amd64 1:5.30-1 [63.9 kB]
Get:67 http://127.0.0.1:9999/debian unstable/main amd64 gettext-base amd64 0.19.8.1-2+b1 [122 kB]
Get:68 http://127.0.0.1:9999/debian unstable/main amd64 libcap2 amd64 1:2.25-1 [16.8 kB]
Get:69 http://127.0.0.1:9999/debian unstable/main amd64 libwrap0 amd64 7.6.q-26 [58.2 kB]
Get:70 http://127.0.0.1:9999/debian unstable/main amd64 libsigsegv2 amd64 2.11-1 [29.9 kB]
Get:71 http://127.0.0.1:9999/debian unstable/main amd64 m4 amd64 1.4.18-1 [202 kB]
Get:72 http://127.0.0.1:9999/debian unstable/main amd64 autoconf all 2.69-10 [338 kB]
Get:73 http://127.0.0.1:9999/debian unstable/main amd64 autotools-dev all 20161112.1 [73.4 kB]
Get:74 http://127.0.0.1:9999/debian unstable/main amd64 automake all 1:1.15.1-2 [736 kB]
Get:75 http://127.0.0.1:9999/debian unstable/main amd64 autopoint all 0.19.8.1-2 [433 kB]
Get:76 http://127.0.0.1:9999/debian unstable/main amd64 openssl amd64 1.1.0f-3 [725 kB]
Get:77 http://127.0.0.1:9999/debian unstable/main amd64 ca-certificates all 20161130+nmu1 [196 kB]
Get:78 http://127.0.0.1:9999/debian unstable/main amd64 libtool all 2.4.6-2 [545 kB]
Get:79 http://127.0.0.1:9999/debian unstable/main amd64 dh-autoreconf all 14 [15.9 kB]
Get:80 http://127.0.0.1:9999/debian unstable/main amd64 libarchive-zip-perl all 1.59-1 [95.5 kB]
Get:81 http://127.0.0.1:9999/debian unstable/main amd64 libfile-stripnondeterminism-perl all 0.035-2 [17.0 kB]
Get:82 http://127.0.0.1:9999/debian unstable/main amd64 libtimedate-perl all 2.3000-2 [42.2 kB]
Get:83 http://127.0.0.1:9999/debian unstable/main amd64 dh-strip-nondeterminism all 0.035-2 [10.7 kB]
Get:84 http://127.0.0.1:9999/debian unstable/main amd64 libglib2.0-0 amd64 2.52.3-1 [2742 kB]
Get:85 http://127.0.0.1:9999/debian unstable/main amd64 libcroco3 amd64 0.6.12-1 [144 kB]
Get:86 http://127.0.0.1:9999/debian unstable/main amd64 gettext amd64 0.19.8.1-2+b1 [1301 kB]
Get:87 http://127.0.0.1:9999/debian unstable/main amd64 intltool-debian all 0.35.0+20060710.4 [26.3 kB]
Get:88 http://127.0.0.1:9999/debian unstable/main amd64 po-debconf all 1.0.20 [247 kB]
Get:89 http://127.0.0.1:9999/debian unstable/main amd64 debhelper all 10.6.2 [968 kB]
Get:90 http://127.0.0.1:9999/debian unstable/main amd64 libasyncns0 amd64 0.8-6 [12.5 kB]
Get:91 http://127.0.0.1:9999/debian unstable/main amd64 libdbus-1-3 amd64 1.10.20-1 [193 kB]
Get:92 http://127.0.0.1:9999/debian unstable/main amd64 libdrm2 amd64 2.4.81-2 [38.4 kB]
Get:93 http://127.0.0.1:9999/debian unstable/main amd64 libflac8 amd64 1.3.2-1 [221 kB]
Get:94 http://127.0.0.1:9999/debian unstable/main amd64 libglapi-mesa amd64 17.1.4-1 [59.7 kB]
Get:95 http://127.0.0.1:9999/debian unstable/main amd64 libx11-xcb1 amd64 2:1.6.4-3 [183 kB]
Get:96 http://127.0.0.1:9999/debian unstable/main amd64 libxcb-dri2-0 amd64 1.12-1 [97.2 kB]
Get:97 http://127.0.0.1:9999/debian unstable/main amd64 libxcb-dri3-0 amd64 1.12-1 [95.6 kB]
Get:98 http://127.0.0.1:9999/debian unstable/main amd64 libxcb-glx0 amd64 1.12-1 [113 kB]
Get:99 http://127.0.0.1:9999/debian unstable/main amd64 libxcb-present0 amd64 1.12-1 [95.8 kB]
Get:100 http://127.0.0.1:9999/debian unstable/main amd64 libxcb-sync1 amd64 1.12-1 [99.2 kB]
Get:101 http://127.0.0.1:9999/debian unstable/main amd64 libxcb-xfixes0 amd64 1.12-1 [99.6 kB]
Get:102 http://127.0.0.1:9999/debian unstable/main amd64 libxfixes3 amd64 1:5.0.3-1 [21.9 kB]
Get:103 http://127.0.0.1:9999/debian unstable/main amd64 libxdamage1 amd64 1:1.1.4-2+b3 [14.5 kB]
Get:104 http://127.0.0.1:9999/debian unstable/main amd64 libxext6 amd64 2:1.3.3-1+b2 [52.5 kB]
Get:105 http://127.0.0.1:9999/debian unstable/main amd64 libxshmfence1 amd64 1.2-1+b2 [7922 B]
Get:106 http://127.0.0.1:9999/debian unstable/main amd64 libxxf86vm1 amd64 1:1.1.4-1+b2 [20.8 kB]
Get:107 http://127.0.0.1:9999/debian unstable/main amd64 libgl1-mesa-glx amd64 17.1.4-1 [167 kB]
Get:108 http://127.0.0.1:9999/debian unstable/main amd64 libgmpxx4ldbl amd64 2:6.1.2+dfsg-1 [22.2 kB]
Get:109 http://127.0.0.1:9999/debian unstable/main amd64 libgmp-dev amd64 2:6.1.2+dfsg-1 [631 kB]
Get:110 http://127.0.0.1:9999/debian unstable/main amd64 libjbig0 amd64 2.1-3.1+b2 [31.0 kB]
Get:111 http://127.0.0.1:9999/debian unstable/main amd64 libjpeg62-turbo amd64 1:1.5.1-2 [134 kB]
Get:112 http://127.0.0.1:9999/debian unstable/main amd64 liblcms2-2 amd64 2.8-4 [143 kB]
Get:113 http://127.0.0.1:9999/debian unstable/main amd64 libmng1 amd64 1.0.10+dfsg-3.1+b5 [211 kB]
Get:114 http://127.0.0.1:9999/debian unstable/main amd64 libvorbis0a amd64 1.3.5-4 [91.6 kB]
Get:115 http://127.0.0.1:9999/debian unstable/main amd64 libvorbisenc2 amd64 1.3.5-4 [79.0 kB]
Get:116 http://127.0.0.1:9999/debian unstable/main amd64 libsndfile1 amd64 1.0.28-2 [249 kB]
Get:117 http://127.0.0.1:9999/debian unstable/main amd64 libxi6 amd64 2:1.7.9-1 [82.6 kB]
Get:118 http://127.0.0.1:9999/debian unstable/main amd64 libxtst6 amd64 2:1.2.3-1 [27.8 kB]
Get:119 http://127.0.0.1:9999/debian unstable/main amd64 libpulse0 amd64 10.0-2 [282 kB]
Get:120 http://127.0.0.1:9999/debian unstable/main amd64 libpulse-mainloop-glib0 amd64 10.0-2 [44.0 kB]
Get:121 http://127.0.0.1:9999/debian unstable/main amd64 qtcore4-l10n all 4:4.8.7+dfsg-11 [662 kB]
Get:122 http://127.0.0.1:9999/debian unstable/main amd64 libqtcore4 amd64 4:4.8.7+dfsg-11 [1598 kB]
Get:123 http://127.0.0.1:9999/debian unstable/main amd64 libqt4-xml amd64 4:4.8.7+dfsg-11 [143 kB]
Get:124 http://127.0.0.1:9999/debian unstable/main amd64 libqtdbus4 amd64 4:4.8.7+dfsg-11 [232 kB]
Get:125 http://127.0.0.1:9999/debian unstable/main amd64 qtchooser amd64 63-g13a3d08-1 [25.2 kB]
Get:126 http://127.0.0.1:9999/debian unstable/main amd64 qdbus amd64 4:4.8.7+dfsg-11 [76.8 kB]
Get:127 http://127.0.0.1:9999/debian unstable/main amd64 libqt4-dbus amd64 4:4.8.7+dfsg-11 [52.7 kB]
Get:128 http://127.0.0.1:9999/debian unstable/main amd64 libtiff5 amd64 4.0.8-3 [237 kB]
Get:129 http://127.0.0.1:9999/debian unstable/main amd64 libxrender1 amd64 1:0.9.10-1 [33.0 kB]
Get:130 http://127.0.0.1:9999/debian unstable/main amd64 libqtgui4 amd64 4:4.8.7+dfsg-11 [4150 kB]
Get:131 http://127.0.0.1:9999/debian unstable/main amd64 libphonon4 amd64 4:4.9.0-4 [160 kB]
Get:132 http://127.0.0.1:9999/debian unstable/main amd64 phonon-backend-null amd64 4:4.9.0-4 [17.9 kB]
Get:133 http://127.0.0.1:9999/debian unstable/main amd64 phonon amd64 4:4.9.0-4 [17.3 kB]
Get:134 http://127.0.0.1:9999/debian unstable/main amd64 libqt4-network amd64 4:4.8.7+dfsg-11 [606 kB]
Get:135 http://127.0.0.1:9999/debian unstable/main amd64 libqt4-script amd64 4:4.8.7+dfsg-11 [861 kB]
Get:136 http://127.0.0.1:9999/debian unstable/main amd64 libqt4-sql amd64 4:4.8.7+dfsg-11 [145 kB]
Get:137 http://127.0.0.1:9999/debian unstable/main amd64 libqt4-xmlpatterns amd64 4:4.8.7+dfsg-11 [1138 kB]
Get:138 http://127.0.0.1:9999/debian unstable/main amd64 libqt4-declarative amd64 4:4.8.7+dfsg-11 [1131 kB]
Get:139 http://127.0.0.1:9999/debian unstable/main amd64 libqt4-designer amd64 4:4.8.7+dfsg-11 [3679 kB]
Get:140 http://127.0.0.1:9999/debian unstable/main amd64 libqt4-qt3support amd64 4:4.8.7+dfsg-11 [1092 kB]
Get:141 http://127.0.0.1:9999/debian unstable/main amd64 libqt4-dev-bin amd64 4:4.8.7+dfsg-11 [1735 kB]
Get:142 http://127.0.0.1:9999/debian unstable/main amd64 libqt4-help amd64 4:4.8.7+dfsg-11 [252 kB]
Get:143 http://127.0.0.1:9999/debian unstable/main amd64 libqt4-scripttools amd64 4:4.8.7+dfsg-11 [270 kB]
Get:144 http://127.0.0.1:9999/debian unstable/main amd64 libqt4-svg amd64 4:4.8.7+dfsg-11 [185 kB]
Get:145 http://127.0.0.1:9999/debian unstable/main amd64 libqt4-test amd64 4:4.8.7+dfsg-11 [107 kB]
Get:146 http://127.0.0.1:9999/debian unstable/main amd64 qt4-linguist-tools amd64 4:4.8.7+dfsg-11 [919 kB]
Get:147 http://127.0.0.1:9999/debian unstable/main amd64 qt4-qmake amd64 4:4.8.7+dfsg-11 [1296 kB]
Get:148 http://127.0.0.1:9999/debian unstable/main amd64 libqt4-dev amd64 4:4.8.7+dfsg-11 [894 kB]
Get:149 http://127.0.0.1:9999/debian unstable/main amd64 libphonon-dev amd64 4:4.9.0-4 [88.8 kB]
Get:150 http://127.0.0.1:9999/debian unstable/main amd64 libqimageblitz4 amd64 1:0.0.6-5 [53.9 kB]
Get:151 http://127.0.0.1:9999/debian unstable/main amd64 libqscintilla2-l10n all 2.9.3+dfsg-4 [49.6 kB]
Get:152 http://127.0.0.1:9999/debian unstable/main amd64 libqscintilla2-12v5 amd64 2.9.3+dfsg-4+b1 [815 kB]
Get:153 http://127.0.0.1:9999/debian unstable/main amd64 libqscintilla2-dev amd64 2.9.3+dfsg-4+b1 [70.0 kB]
Get:154 http://127.0.0.1:9999/debian unstable/main amd64 libqt4-opengl amd64 4:4.8.7+dfsg-11 [346 kB]
Get:155 http://127.0.0.1:9999/debian unstable/main amd64 rubygems-integration all 1.11 [4994 B]
Get:156 http://127.0.0.1:9999/debian unstable/main amd64 ruby2.3 amd64 2.3.3-1 [186 kB]
Get:157 http://127.0.0.1:9999/debian unstable/main amd64 ruby amd64 1:2.3.3 [10.8 kB]
Get:158 http://127.0.0.1:9999/debian unstable/main amd64 rake all 12.0.0-1 [45.7 kB]
Get:159 http://127.0.0.1:9999/debian unstable/main amd64 ruby-did-you-mean all 1.0.0-2 [11.2 kB]
Get:160 http://127.0.0.1:9999/debian unstable/main amd64 ruby-minitest all 5.10.2-1 [52.2 kB]
Get:161 http://127.0.0.1:9999/debian unstable/main amd64 ruby-net-telnet all 0.1.1-2 [12.5 kB]
Get:162 http://127.0.0.1:9999/debian unstable/main amd64 ruby-power-assert all 0.3.0-1 [7902 B]
Get:163 http://127.0.0.1:9999/debian unstable/main amd64 ruby-test-unit all 3.2.5-1 [71.7 kB]
Get:164 http://127.0.0.1:9999/debian unstable/main amd64 libyaml-0-2 amd64 0.1.7-2 [47.6 kB]
Get:165 http://127.0.0.1:9999/debian unstable/main amd64 libruby2.3 amd64 2.3.3-1 [3104 kB]
Get:166 http://127.0.0.1:9999/debian unstable/main amd64 libsmokebase3v5 amd64 4:4.14.3-1+b1 [8332 B]
Get:167 http://127.0.0.1:9999/debian unstable/main amd64 libsmokeqtcore4-3 amd64 4:4.14.3-1.1 [310 kB]
Get:168 http://127.0.0.1:9999/debian unstable/main amd64 libsmokeqtgui4-3 amd64 4:4.14.3-1.1 [1057 kB]
Get:169 http://127.0.0.1:9999/debian unstable/main amd64 libsmokephonon3 amd64 4:4.14.3-1.1 [66.0 kB]
Get:170 http://127.0.0.1:9999/debian unstable/main amd64 libsmokeqimageblitz3 amd64 4:4.14.3-1.1 [15.6 kB]
Get:171 http://127.0.0.1:9999/debian unstable/main amd64 libsmokeqsci3 amd64 4:4.14.3-1.1 [183 kB]
Get:172 http://127.0.0.1:9999/debian unstable/main amd64 libsmokeqtnetwork4-3 amd64 4:4.14.3-1.1 [104 kB]
Get:173 http://127.0.0.1:9999/debian unstable/main amd64 libsmokeqtsql4-3 amd64 4:4.14.3-1.1 [65.6 kB]
Get:174 http://127.0.0.1:9999/debian unstable/main amd64 libsmokeqtxml4-3 amd64 4:4.14.3-1.1 [50.3 kB]
Get:175 http://127.0.0.1:9999/debian unstable/main amd64 libsmokeqt3support4-3 amd64 4:4.14.3-1.1 [508 kB]
Get:176 http://127.0.0.1:9999/debian unstable/main amd64 smoke-dev-tools amd64 4:4.14.3-1+b1 [325 kB]
Get:177 http://127.0.0.1:9999/debian unstable/main amd64 libsmokeqtdbus4-3 amd64 4:4.14.3-1.1 [48.1 kB]
Get:178 http://127.0.0.1:9999/debian unstable/main amd64 libsmokeqtdeclarative4-3 amd64 4:4.14.3-1.1 [55.1 kB]
Get:179 http://127.0.0.1:9999/debian unstable/main amd64 libsmokeqthelp4-3 amd64 4:4.14.3-1.1 [31.6 kB]
Get:180 http://127.0.0.1:9999/debian unstable/main amd64 libsmokeqtopengl4-3 amd64 4:4.14.3-1.1 [43.3 kB]
Get:181 http://127.0.0.1:9999/debian unstable/main amd64 libsmokeqtscript4-3 amd64 4:4.14.3-1.1 [37.6 kB]
Get:182 http://127.0.0.1:9999/debian unstable/main amd64 libsmokeqtsvg4-3 amd64 4:4.14.3-1.1 [27.9 kB]
Get:183 http://127.0.0.1:9999/debian unstable/main amd64 libsmokeqttest4-3 amd64 4:4.14.3-1.1 [37.0 kB]
Get:184 http://127.0.0.1:9999/debian unstable/main amd64 libsmokeqtuitools4-3 amd64 4:4.14.3-1.1 [202 kB]
Get:185 http://127.0.0.1:9999/debian unstable/main amd64 libsmokeqtxmlpatterns4-3 amd64 4:4.14.3-1.1 [40.1 kB]
Get:186 http://127.0.0.1:9999/debian unstable/main amd64 libsmokeqt4-dev amd64 4:4.14.3-1.1 [135 kB]
Get:187 http://127.0.0.1:9999/debian unstable/main amd64 pkg-kde-tools all 0.15.24 [92.8 kB]
Get:188 http://127.0.0.1:9999/debian unstable/main amd64 ruby2.3-dev amd64 2.3.3-1 [1179 kB]
Get:189 http://127.0.0.1:9999/debian unstable/main amd64 ruby-dev amd64 1:2.3.3 [9574 B]
debconf: delaying package configuration, since apt-utils is not installed
Fetched 75.3 MB in 1s (49.2 MB/s)
Selecting previously unselected package groff-base.
(Reading database ... 10206 files and directories currently installed.)
Preparing to unpack .../00-groff-base_1.22.3-9_amd64.deb ...
Unpacking groff-base (1.22.3-9) ...
Selecting previously unselected package bsdmainutils.
Preparing to unpack .../01-bsdmainutils_9.0.12+nmu1_amd64.deb ...
Unpacking bsdmainutils (9.0.12+nmu1) ...
Selecting previously unselected package libpipeline1:amd64.
Preparing to unpack .../02-libpipeline1_1.4.1-2_amd64.deb ...
Unpacking libpipeline1:amd64 (1.4.1-2) ...
Selecting previously unselected package man-db.
Preparing to unpack .../03-man-db_2.7.6.1-2_amd64.deb ...
Unpacking man-db (2.7.6.1-2) ...
Selecting previously unselected package cmake-data.
Preparing to unpack .../04-cmake-data_3.7.2-1_all.deb ...
Unpacking cmake-data (3.7.2-1) ...
Selecting previously unselected package libprocps6:amd64.
Preparing to unpack .../05-libprocps6_2%3a3.3.12-3_amd64.deb ...
Unpacking libprocps6:amd64 (2:3.3.12-3) ...
Selecting previously unselected package lsb-base.
Preparing to unpack .../06-lsb-base_9.20161125_all.deb ...
Unpacking lsb-base (9.20161125) ...
Selecting previously unselected package procps.
Preparing to unpack .../07-procps_2%3a3.3.12-3_amd64.deb ...
Unpacking procps (2:3.3.12-3) ...
Selecting previously unselected package liblzo2-2:amd64.
Preparing to unpack .../08-liblzo2-2_2.08-1.2+b2_amd64.deb ...
Unpacking liblzo2-2:amd64 (2.08-1.2+b2) ...
Selecting previously unselected package libicu57:amd64.
Preparing to unpack .../09-libicu57_57.1-6_amd64.deb ...
Unpacking libicu57:amd64 (57.1-6) ...
Selecting previously unselected package libxml2:amd64.
Preparing to unpack .../10-libxml2_2.9.4+dfsg1-3_amd64.deb ...
Unpacking libxml2:amd64 (2.9.4+dfsg1-3) ...
Selecting previously unselected package libarchive13:amd64.
Preparing to unpack .../11-libarchive13_3.2.2-2_amd64.deb ...
Unpacking libarchive13:amd64 (3.2.2-2) ...
Selecting previously unselected package libkeyutils1:amd64.
Preparing to unpack .../12-libkeyutils1_1.5.9-9_amd64.deb ...
Unpacking libkeyutils1:amd64 (1.5.9-9) ...
Selecting previously unselected package libkrb5support0:amd64.
Preparing to unpack .../13-libkrb5support0_1.15-1_amd64.deb ...
Unpacking libkrb5support0:amd64 (1.15-1) ...
Selecting previously unselected package libk5crypto3:amd64.
Preparing to unpack .../14-libk5crypto3_1.15-1_amd64.deb ...
Unpacking libk5crypto3:amd64 (1.15-1) ...
Selecting previously unselected package libkrb5-3:amd64.
Preparing to unpack .../15-libkrb5-3_1.15-1_amd64.deb ...
Unpacking libkrb5-3:amd64 (1.15-1) ...
Selecting previously unselected package libgssapi-krb5-2:amd64.
Preparing to unpack .../16-libgssapi-krb5-2_1.15-1_amd64.deb ...
Unpacking libgssapi-krb5-2:amd64 (1.15-1) ...
Selecting previously unselected package libsasl2-modules-db:amd64.
Preparing to unpack .../17-libsasl2-modules-db_2.1.27~101-g0780600+dfsg-3_amd64.deb ...
Unpacking libsasl2-modules-db:amd64 (2.1.27~101-g0780600+dfsg-3) ...
Selecting previously unselected package libsasl2-2:amd64.
Preparing to unpack .../18-libsasl2-2_2.1.27~101-g0780600+dfsg-3_amd64.deb ...
Unpacking libsasl2-2:amd64 (2.1.27~101-g0780600+dfsg-3) ...
Selecting previously unselected package libldap-common.
Preparing to unpack .../19-libldap-common_2.4.44+dfsg-7_all.deb ...
Unpacking libldap-common (2.4.44+dfsg-7) ...
Selecting previously unselected package libldap-2.4-2:amd64.
Preparing to unpack .../20-libldap-2.4-2_2.4.44+dfsg-7_amd64.deb ...
Unpacking libldap-2.4-2:amd64 (2.4.44+dfsg-7) ...
Selecting previously unselected package libnghttp2-14:amd64.
Preparing to unpack .../21-libnghttp2-14_1.24.0-1_amd64.deb ...
Unpacking libnghttp2-14:amd64 (1.24.0-1) ...
Selecting previously unselected package libpsl5:amd64.
Preparing to unpack .../22-libpsl5_0.17.0-4+b1_amd64.deb ...
Unpacking libpsl5:amd64 (0.17.0-4+b1) ...
Selecting previously unselected package librtmp1:amd64.
Preparing to unpack .../23-librtmp1_2.4+20151223.gitfa8646d.1-1+b1_amd64.deb ...
Unpacking librtmp1:amd64 (2.4+20151223.gitfa8646d.1-1+b1) ...
Selecting previously unselected package libssh2-1:amd64.
Preparing to unpack .../24-libssh2-1_1.8.0-1_amd64.deb ...
Unpacking libssh2-1:amd64 (1.8.0-1) ...
Selecting previously unselected package libssl1.0.2:amd64.
Preparing to unpack .../25-libssl1.0.2_1.0.2l-2_amd64.deb ...
Unpacking libssl1.0.2:amd64 (1.0.2l-2) ...
Selecting previously unselected package libcurl3:amd64.
Preparing to unpack .../26-libcurl3_7.52.1-5_amd64.deb ...
Unpacking libcurl3:amd64 (7.52.1-5) ...
Selecting previously unselected package libexpat1:amd64.
Preparing to unpack .../27-libexpat1_2.2.1-3_amd64.deb ...
Unpacking libexpat1:amd64 (2.2.1-3) ...
Selecting previously unselected package libuv1:amd64.
Preparing to unpack .../28-libuv1_1.9.1-3_amd64.deb ...
Unpacking libuv1:amd64 (1.9.1-3) ...
Selecting previously unselected package cmake.
Preparing to unpack .../29-cmake_3.7.2-1_amd64.deb ...
Unpacking cmake (3.7.2-1) ...
Selecting previously unselected package libpng16-16:amd64.
Preparing to unpack .../30-libpng16-16_1.6.29-3_amd64.deb ...
Unpacking libpng16-16:amd64 (1.6.29-3) ...
Selecting previously unselected package libfreetype6:amd64.
Preparing to unpack .../31-libfreetype6_2.8-0.2_amd64.deb ...
Unpacking libfreetype6:amd64 (2.8-0.2) ...
Selecting previously unselected package ucf.
Preparing to unpack .../32-ucf_3.0036_all.deb ...
Moving old data out of the way
Unpacking ucf (3.0036) ...
Selecting previously unselected package fonts-dejavu-core.
Preparing to unpack .../33-fonts-dejavu-core_2.37-1_all.deb ...
Unpacking fonts-dejavu-core (2.37-1) ...
Selecting previously unselected package fontconfig-config.
Preparing to unpack .../34-fontconfig-config_2.12.3-0.1_all.deb ...
Unpacking fontconfig-config (2.12.3-0.1) ...
Selecting previously unselected package libfontconfig1:amd64.
Preparing to unpack .../35-libfontconfig1_2.12.3-0.1_amd64.deb ...
Unpacking libfontconfig1:amd64 (2.12.3-0.1) ...
Selecting previously unselected package fontconfig.
Preparing to unpack .../36-fontconfig_2.12.3-0.1_amd64.deb ...
Unpacking fontconfig (2.12.3-0.1) ...
Selecting previously unselected package libxau6:amd64.
Preparing to unpack .../37-libxau6_1%3a1.0.8-1_amd64.deb ...
Unpacking libxau6:amd64 (1:1.0.8-1) ...
Selecting previously unselected package x11-common.
Preparing to unpack .../38-x11-common_1%3a7.7+19_all.deb ...
Unpacking x11-common (1:7.7+19) ...
Selecting previously unselected package libice6:amd64.
Preparing to unpack .../39-libice6_2%3a1.0.9-2_amd64.deb ...
Unpacking libice6:amd64 (2:1.0.9-2) ...
Selecting previously unselected package libsm6:amd64.
Preparing to unpack .../40-libsm6_2%3a1.2.2-1+b3_amd64.deb ...
Unpacking libsm6:amd64 (2:1.2.2-1+b3) ...
Selecting previously unselected package libxdmcp6:amd64.
Preparing to unpack .../41-libxdmcp6_1%3a1.1.2-3_amd64.deb ...
Unpacking libxdmcp6:amd64 (1:1.1.2-3) ...
Selecting previously unselected package libxcb1:amd64.
Preparing to unpack .../42-libxcb1_1.12-1_amd64.deb ...
Unpacking libxcb1:amd64 (1.12-1) ...
Selecting previously unselected package libx11-data.
Preparing to unpack .../43-libx11-data_2%3a1.6.4-3_all.deb ...
Unpacking libx11-data (2:1.6.4-3) ...
Selecting previously unselected package libx11-6:amd64.
Preparing to unpack .../44-libx11-6_2%3a1.6.4-3_amd64.deb ...
Unpacking libx11-6:amd64 (2:1.6.4-3) ...
Selecting previously unselected package libxt6:amd64.
Preparing to unpack .../45-libxt6_1%3a1.1.5-1_amd64.deb ...
Unpacking libxt6:amd64 (1:1.1.5-1) ...
Selecting previously unselected package libaudio2:amd64.
Preparing to unpack .../46-libaudio2_1.9.4-5+b1_amd64.deb ...
Unpacking libaudio2:amd64 (1.9.4-5+b1) ...
Selecting previously unselected package libogg0:amd64.
Preparing to unpack .../47-libogg0_1.3.2-1_amd64.deb ...
Unpacking libogg0:amd64 (1.3.2-1) ...
Selecting previously unselected package libssl1.1:amd64.
Preparing to unpack .../48-libssl1.1_1.1.0f-3_amd64.deb ...
Unpacking libssl1.1:amd64 (1.1.0f-3) ...
Selecting previously unselected package libpython3.5-minimal:amd64.
Preparing to unpack .../49-libpython3.5-minimal_3.5.3-3_amd64.deb ...
Unpacking libpython3.5-minimal:amd64 (3.5.3-3) ...
Selecting previously unselected package python3.5-minimal.
Preparing to unpack .../50-python3.5-minimal_3.5.3-3_amd64.deb ...
Unpacking python3.5-minimal (3.5.3-3) ...
Selecting previously unselected package python3-minimal.
Preparing to unpack .../51-python3-minimal_3.5.3-3_amd64.deb ...
Unpacking python3-minimal (3.5.3-3) ...
Selecting previously unselected package mime-support.
Preparing to unpack .../52-mime-support_3.60_all.deb ...
Unpacking mime-support (3.60) ...
Selecting previously unselected package libmpdec2:amd64.
Preparing to unpack .../53-libmpdec2_2.4.2-1_amd64.deb ...
Unpacking libmpdec2:amd64 (2.4.2-1) ...
Selecting previously unselected package readline-common.
Preparing to unpack .../54-readline-common_7.0-3_all.deb ...
Unpacking readline-common (7.0-3) ...
Selecting previously unselected package libreadline7:amd64.
Preparing to unpack .../55-libreadline7_7.0-3_amd64.deb ...
Unpacking libreadline7:amd64 (7.0-3) ...
Selecting previously unselected package libsqlite3-0:amd64.
Preparing to unpack .../56-libsqlite3-0_3.16.2-5_amd64.deb ...
Unpacking libsqlite3-0:amd64 (3.16.2-5) ...
Selecting previously unselected package libpython3.5-stdlib:amd64.
Preparing to unpack .../57-libpython3.5-stdlib_3.5.3-3_amd64.deb ...
Unpacking libpython3.5-stdlib:amd64 (3.5.3-3) ...
Selecting previously unselected package python3.5.
Preparing to unpack .../58-python3.5_3.5.3-3_amd64.deb ...
Unpacking python3.5 (3.5.3-3) ...
Selecting previously unselected package libpython3-stdlib:amd64.
Preparing to unpack .../59-libpython3-stdlib_3.5.3-3_amd64.deb ...
Unpacking libpython3-stdlib:amd64 (3.5.3-3) ...
Selecting previously unselected package dh-python.
Preparing to unpack .../60-dh-python_2.20170125_all.deb ...
Unpacking dh-python (2.20170125) ...
Setting up libssl1.1:amd64 (1.1.0f-3) ...
Setting up libpython3.5-minimal:amd64 (3.5.3-3) ...
Setting up libexpat1:amd64 (2.2.1-3) ...
Setting up python3.5-minimal (3.5.3-3) ...
Setting up python3-minimal (3.5.3-3) ...
Selecting previously unselected package python3.
(Reading database ... 14759 files and directories currently installed.)
Preparing to unpack .../000-python3_3.5.3-3_amd64.deb ...
Unpacking python3 (3.5.3-3) ...
Selecting previously unselected package libmagic-mgc.
Preparing to unpack .../001-libmagic-mgc_1%3a5.30-1_amd64.deb ...
Unpacking libmagic-mgc (1:5.30-1) ...
Selecting previously unselected package libmagic1:amd64.
Preparing to unpack .../002-libmagic1_1%3a5.30-1_amd64.deb ...
Unpacking libmagic1:amd64 (1:5.30-1) ...
Selecting previously unselected package file.
Preparing to unpack .../003-file_1%3a5.30-1_amd64.deb ...
Unpacking file (1:5.30-1) ...
Selecting previously unselected package gettext-base.
Preparing to unpack .../004-gettext-base_0.19.8.1-2+b1_amd64.deb ...
Unpacking gettext-base (0.19.8.1-2+b1) ...
Selecting previously unselected package libcap2:amd64.
Preparing to unpack .../005-libcap2_1%3a2.25-1_amd64.deb ...
Unpacking libcap2:amd64 (1:2.25-1) ...
Selecting previously unselected package libwrap0:amd64.
Preparing to unpack .../006-libwrap0_7.6.q-26_amd64.deb ...
Unpacking libwrap0:amd64 (7.6.q-26) ...
Selecting previously unselected package libsigsegv2:amd64.
Preparing to unpack .../007-libsigsegv2_2.11-1_amd64.deb ...
Unpacking libsigsegv2:amd64 (2.11-1) ...
Selecting previously unselected package m4.
Preparing to unpack .../008-m4_1.4.18-1_amd64.deb ...
Unpacking m4 (1.4.18-1) ...
Selecting previously unselected package autoconf.
Preparing to unpack .../009-autoconf_2.69-10_all.deb ...
Unpacking autoconf (2.69-10) ...
Selecting previously unselected package autotools-dev.
Preparing to unpack .../010-autotools-dev_20161112.1_all.deb ...
Unpacking autotools-dev (20161112.1) ...
Selecting previously unselected package automake.
Preparing to unpack .../011-automake_1%3a1.15.1-2_all.deb ...
Unpacking automake (1:1.15.1-2) ...
Selecting previously unselected package autopoint.
Preparing to unpack .../012-autopoint_0.19.8.1-2_all.deb ...
Unpacking autopoint (0.19.8.1-2) ...
Selecting previously unselected package openssl.
Preparing to unpack .../013-openssl_1.1.0f-3_amd64.deb ...
Unpacking openssl (1.1.0f-3) ...
Selecting previously unselected package ca-certificates.
Preparing to unpack .../014-ca-certificates_20161130+nmu1_all.deb ...
Unpacking ca-certificates (20161130+nmu1) ...
Selecting previously unselected package libtool.
Preparing to unpack .../015-libtool_2.4.6-2_all.deb ...
Unpacking libtool (2.4.6-2) ...
Selecting previously unselected package dh-autoreconf.
Preparing to unpack .../016-dh-autoreconf_14_all.deb ...
Unpacking dh-autoreconf (14) ...
Selecting previously unselected package libarchive-zip-perl.
Preparing to unpack .../017-libarchive-zip-perl_1.59-1_all.deb ...
Unpacking libarchive-zip-perl (1.59-1) ...
Selecting previously unselected package libfile-stripnondeterminism-perl.
Preparing to unpack .../018-libfile-stripnondeterminism-perl_0.035-2_all.deb ...
Unpacking libfile-stripnondeterminism-perl (0.035-2) ...
Selecting previously unselected package libtimedate-perl.
Preparing to unpack .../019-libtimedate-perl_2.3000-2_all.deb ...
Unpacking libtimedate-perl (2.3000-2) ...
Selecting previously unselected package dh-strip-nondeterminism.
Preparing to unpack .../020-dh-strip-nondeterminism_0.035-2_all.deb ...
Unpacking dh-strip-nondeterminism (0.035-2) ...
Selecting previously unselected package libglib2.0-0:amd64.
Preparing to unpack .../021-libglib2.0-0_2.52.3-1_amd64.deb ...
Unpacking libglib2.0-0:amd64 (2.52.3-1) ...
Selecting previously unselected package libcroco3:amd64.
Preparing to unpack .../022-libcroco3_0.6.12-1_amd64.deb ...
Unpacking libcroco3:amd64 (0.6.12-1) ...
Selecting previously unselected package gettext.
Preparing to unpack .../023-gettext_0.19.8.1-2+b1_amd64.deb ...
Unpacking gettext (0.19.8.1-2+b1) ...
Selecting previously unselected package intltool-debian.
Preparing to unpack .../024-intltool-debian_0.35.0+20060710.4_all.deb ...
Unpacking intltool-debian (0.35.0+20060710.4) ...
Selecting previously unselected package po-debconf.
Preparing to unpack .../025-po-debconf_1.0.20_all.deb ...
Unpacking po-debconf (1.0.20) ...
Selecting previously unselected package debhelper.
Preparing to unpack .../026-debhelper_10.6.2_all.deb ...
Unpacking debhelper (10.6.2) ...
Selecting previously unselected package libasyncns0:amd64.
Preparing to unpack .../027-libasyncns0_0.8-6_amd64.deb ...
Unpacking libasyncns0:amd64 (0.8-6) ...
Selecting previously unselected package libdbus-1-3:amd64.
Preparing to unpack .../028-libdbus-1-3_1.10.20-1_amd64.deb ...
Unpacking libdbus-1-3:amd64 (1.10.20-1) ...
Selecting previously unselected package libdrm2:amd64.
Preparing to unpack .../029-libdrm2_2.4.81-2_amd64.deb ...
Unpacking libdrm2:amd64 (2.4.81-2) ...
Selecting previously unselected package libflac8:amd64.
Preparing to unpack .../030-libflac8_1.3.2-1_amd64.deb ...
Unpacking libflac8:amd64 (1.3.2-1) ...
Selecting previously unselected package libglapi-mesa:amd64.
Preparing to unpack .../031-libglapi-mesa_17.1.4-1_amd64.deb ...
Unpacking libglapi-mesa:amd64 (17.1.4-1) ...
Selecting previously unselected package libx11-xcb1:amd64.
Preparing to unpack .../032-libx11-xcb1_2%3a1.6.4-3_amd64.deb ...
Unpacking libx11-xcb1:amd64 (2:1.6.4-3) ...
Selecting previously unselected package libxcb-dri2-0:amd64.
Preparing to unpack .../033-libxcb-dri2-0_1.12-1_amd64.deb ...
Unpacking libxcb-dri2-0:amd64 (1.12-1) ...
Selecting previously unselected package libxcb-dri3-0:amd64.
Preparing to unpack .../034-libxcb-dri3-0_1.12-1_amd64.deb ...
Unpacking libxcb-dri3-0:amd64 (1.12-1) ...
Selecting previously unselected package libxcb-glx0:amd64.
Preparing to unpack .../035-libxcb-glx0_1.12-1_amd64.deb ...
Unpacking libxcb-glx0:amd64 (1.12-1) ...
Selecting previously unselected package libxcb-present0:amd64.
Preparing to unpack .../036-libxcb-present0_1.12-1_amd64.deb ...
Unpacking libxcb-present0:amd64 (1.12-1) ...
Selecting previously unselected package libxcb-sync1:amd64.
Preparing to unpack .../037-libxcb-sync1_1.12-1_amd64.deb ...
Unpacking libxcb-sync1:amd64 (1.12-1) ...
Selecting previously unselected package libxcb-xfixes0:amd64.
Preparing to unpack .../038-libxcb-xfixes0_1.12-1_amd64.deb ...
Unpacking libxcb-xfixes0:amd64 (1.12-1) ...
Selecting previously unselected package libxfixes3:amd64.
Preparing to unpack .../039-libxfixes3_1%3a5.0.3-1_amd64.deb ...
Unpacking libxfixes3:amd64 (1:5.0.3-1) ...
Selecting previously unselected package libxdamage1:amd64.
Preparing to unpack .../040-libxdamage1_1%3a1.1.4-2+b3_amd64.deb ...
Unpacking libxdamage1:amd64 (1:1.1.4-2+b3) ...
Selecting previously unselected package libxext6:amd64.
Preparing to unpack .../041-libxext6_2%3a1.3.3-1+b2_amd64.deb ...
Unpacking libxext6:amd64 (2:1.3.3-1+b2) ...
Selecting previously unselected package libxshmfence1:amd64.
Preparing to unpack .../042-libxshmfence1_1.2-1+b2_amd64.deb ...
Unpacking libxshmfence1:amd64 (1.2-1+b2) ...
Selecting previously unselected package libxxf86vm1:amd64.
Preparing to unpack .../043-libxxf86vm1_1%3a1.1.4-1+b2_amd64.deb ...
Unpacking libxxf86vm1:amd64 (1:1.1.4-1+b2) ...
Selecting previously unselected package libgl1-mesa-glx:amd64.
Preparing to unpack .../044-libgl1-mesa-glx_17.1.4-1_amd64.deb ...
Unpacking libgl1-mesa-glx:amd64 (17.1.4-1) ...
Selecting previously unselected package libgmpxx4ldbl:amd64.
Preparing to unpack .../045-libgmpxx4ldbl_2%3a6.1.2+dfsg-1_amd64.deb ...
Unpacking libgmpxx4ldbl:amd64 (2:6.1.2+dfsg-1) ...
Selecting previously unselected package libgmp-dev:amd64.
Preparing to unpack .../046-libgmp-dev_2%3a6.1.2+dfsg-1_amd64.deb ...
Unpacking libgmp-dev:amd64 (2:6.1.2+dfsg-1) ...
Selecting previously unselected package libjbig0:amd64.
Preparing to unpack .../047-libjbig0_2.1-3.1+b2_amd64.deb ...
Unpacking libjbig0:amd64 (2.1-3.1+b2) ...
Selecting previously unselected package libjpeg62-turbo:amd64.
Preparing to unpack .../048-libjpeg62-turbo_1%3a1.5.1-2_amd64.deb ...
Unpacking libjpeg62-turbo:amd64 (1:1.5.1-2) ...
Selecting previously unselected package liblcms2-2:amd64.
Preparing to unpack .../049-liblcms2-2_2.8-4_amd64.deb ...
Unpacking liblcms2-2:amd64 (2.8-4) ...
Selecting previously unselected package libmng1:amd64.
Preparing to unpack .../050-libmng1_1.0.10+dfsg-3.1+b5_amd64.deb ...
Unpacking libmng1:amd64 (1.0.10+dfsg-3.1+b5) ...
Selecting previously unselected package libvorbis0a:amd64.
Preparing to unpack .../051-libvorbis0a_1.3.5-4_amd64.deb ...
Unpacking libvorbis0a:amd64 (1.3.5-4) ...
Selecting previously unselected package libvorbisenc2:amd64.
Preparing to unpack .../052-libvorbisenc2_1.3.5-4_amd64.deb ...
Unpacking libvorbisenc2:amd64 (1.3.5-4) ...
Selecting previously unselected package libsndfile1:amd64.
Preparing to unpack .../053-libsndfile1_1.0.28-2_amd64.deb ...
Unpacking libsndfile1:amd64 (1.0.28-2) ...
Selecting previously unselected package libxi6:amd64.
Preparing to unpack .../054-libxi6_2%3a1.7.9-1_amd64.deb ...
Unpacking libxi6:amd64 (2:1.7.9-1) ...
Selecting previously unselected package libxtst6:amd64.
Preparing to unpack .../055-libxtst6_2%3a1.2.3-1_amd64.deb ...
Unpacking libxtst6:amd64 (2:1.2.3-1) ...
Selecting previously unselected package libpulse0:amd64.
Preparing to unpack .../056-libpulse0_10.0-2_amd64.deb ...
Unpacking libpulse0:amd64 (10.0-2) ...
Selecting previously unselected package libpulse-mainloop-glib0:amd64.
Preparing to unpack .../057-libpulse-mainloop-glib0_10.0-2_amd64.deb ...
Unpacking libpulse-mainloop-glib0:amd64 (10.0-2) ...
Selecting previously unselected package qtcore4-l10n.
Preparing to unpack .../058-qtcore4-l10n_4%3a4.8.7+dfsg-11_all.deb ...
Unpacking qtcore4-l10n (4:4.8.7+dfsg-11) ...
Selecting previously unselected package libqtcore4:amd64.
Preparing to unpack .../059-libqtcore4_4%3a4.8.7+dfsg-11_amd64.deb ...
Unpacking libqtcore4:amd64 (4:4.8.7+dfsg-11) ...
Selecting previously unselected package libqt4-xml:amd64.
Preparing to unpack .../060-libqt4-xml_4%3a4.8.7+dfsg-11_amd64.deb ...
Unpacking libqt4-xml:amd64 (4:4.8.7+dfsg-11) ...
Selecting previously unselected package libqtdbus4:amd64.
Preparing to unpack .../061-libqtdbus4_4%3a4.8.7+dfsg-11_amd64.deb ...
Unpacking libqtdbus4:amd64 (4:4.8.7+dfsg-11) ...
Selecting previously unselected package qtchooser.
Preparing to unpack .../062-qtchooser_63-g13a3d08-1_amd64.deb ...
Unpacking qtchooser (63-g13a3d08-1) ...
Selecting previously unselected package qdbus.
Preparing to unpack .../063-qdbus_4%3a4.8.7+dfsg-11_amd64.deb ...
Unpacking qdbus (4:4.8.7+dfsg-11) ...
Selecting previously unselected package libqt4-dbus:amd64.
Preparing to unpack .../064-libqt4-dbus_4%3a4.8.7+dfsg-11_amd64.deb ...
Unpacking libqt4-dbus:amd64 (4:4.8.7+dfsg-11) ...
Selecting previously unselected package libtiff5:amd64.
Preparing to unpack .../065-libtiff5_4.0.8-3_amd64.deb ...
Unpacking libtiff5:amd64 (4.0.8-3) ...
Selecting previously unselected package libxrender1:amd64.
Preparing to unpack .../066-libxrender1_1%3a0.9.10-1_amd64.deb ...
Unpacking libxrender1:amd64 (1:0.9.10-1) ...
Selecting previously unselected package libqtgui4:amd64.
Preparing to unpack .../067-libqtgui4_4%3a4.8.7+dfsg-11_amd64.deb ...
Unpacking libqtgui4:amd64 (4:4.8.7+dfsg-11) ...
Selecting previously unselected package libphonon4:amd64.
Preparing to unpack .../068-libphonon4_4%3a4.9.0-4_amd64.deb ...
Unpacking libphonon4:amd64 (4:4.9.0-4) ...
Selecting previously unselected package phonon-backend-null:amd64.
Preparing to unpack .../069-phonon-backend-null_4%3a4.9.0-4_amd64.deb ...
Unpacking phonon-backend-null:amd64 (4:4.9.0-4) ...
Selecting previously unselected package phonon:amd64.
Preparing to unpack .../070-phonon_4%3a4.9.0-4_amd64.deb ...
Unpacking phonon:amd64 (4:4.9.0-4) ...
Selecting previously unselected package libqt4-network:amd64.
Preparing to unpack .../071-libqt4-network_4%3a4.8.7+dfsg-11_amd64.deb ...
Unpacking libqt4-network:amd64 (4:4.8.7+dfsg-11) ...
Selecting previously unselected package libqt4-script:amd64.
Preparing to unpack .../072-libqt4-script_4%3a4.8.7+dfsg-11_amd64.deb ...
Unpacking libqt4-script:amd64 (4:4.8.7+dfsg-11) ...
Selecting previously unselected package libqt4-sql:amd64.
Preparing to unpack .../073-libqt4-sql_4%3a4.8.7+dfsg-11_amd64.deb ...
Unpacking libqt4-sql:amd64 (4:4.8.7+dfsg-11) ...
Selecting previously unselected package libqt4-xmlpatterns:amd64.
Preparing to unpack .../074-libqt4-xmlpatterns_4%3a4.8.7+dfsg-11_amd64.deb ...
Unpacking libqt4-xmlpatterns:amd64 (4:4.8.7+dfsg-11) ...
Selecting previously unselected package libqt4-declarative:amd64.
Preparing to unpack .../075-libqt4-declarative_4%3a4.8.7+dfsg-11_amd64.deb ...
Unpacking libqt4-declarative:amd64 (4:4.8.7+dfsg-11) ...
Selecting previously unselected package libqt4-designer:amd64.
Preparing to unpack .../076-libqt4-designer_4%3a4.8.7+dfsg-11_amd64.deb ...
Unpacking libqt4-designer:amd64 (4:4.8.7+dfsg-11) ...
Selecting previously unselected package libqt4-qt3support:amd64.
Preparing to unpack .../077-libqt4-qt3support_4%3a4.8.7+dfsg-11_amd64.deb ...
Unpacking libqt4-qt3support:amd64 (4:4.8.7+dfsg-11) ...
Selecting previously unselected package libqt4-dev-bin.
Preparing to unpack .../078-libqt4-dev-bin_4%3a4.8.7+dfsg-11_amd64.deb ...
Unpacking libqt4-dev-bin (4:4.8.7+dfsg-11) ...
Selecting previously unselected package libqt4-help:amd64.
Preparing to unpack .../079-libqt4-help_4%3a4.8.7+dfsg-11_amd64.deb ...
Unpacking libqt4-help:amd64 (4:4.8.7+dfsg-11) ...
Selecting previously unselected package libqt4-scripttools:amd64.
Preparing to unpack .../080-libqt4-scripttools_4%3a4.8.7+dfsg-11_amd64.deb ...
Unpacking libqt4-scripttools:amd64 (4:4.8.7+dfsg-11) ...
Selecting previously unselected package libqt4-svg:amd64.
Preparing to unpack .../081-libqt4-svg_4%3a4.8.7+dfsg-11_amd64.deb ...
Unpacking libqt4-svg:amd64 (4:4.8.7+dfsg-11) ...
Selecting previously unselected package libqt4-test:amd64.
Preparing to unpack .../082-libqt4-test_4%3a4.8.7+dfsg-11_amd64.deb ...
Unpacking libqt4-test:amd64 (4:4.8.7+dfsg-11) ...
Selecting previously unselected package qt4-linguist-tools.
Preparing to unpack .../083-qt4-linguist-tools_4%3a4.8.7+dfsg-11_amd64.deb ...
Unpacking qt4-linguist-tools (4:4.8.7+dfsg-11) ...
Selecting previously unselected package qt4-qmake.
Preparing to unpack .../084-qt4-qmake_4%3a4.8.7+dfsg-11_amd64.deb ...
Unpacking qt4-qmake (4:4.8.7+dfsg-11) ...
Selecting previously unselected package libqt4-dev.
Preparing to unpack .../085-libqt4-dev_4%3a4.8.7+dfsg-11_amd64.deb ...
Unpacking libqt4-dev (4:4.8.7+dfsg-11) ...
Selecting previously unselected package libphonon-dev.
Preparing to unpack .../086-libphonon-dev_4%3a4.9.0-4_amd64.deb ...
Unpacking libphonon-dev (4:4.9.0-4) ...
Selecting previously unselected package libqimageblitz4.
Preparing to unpack .../087-libqimageblitz4_1%3a0.0.6-5_amd64.deb ...
Unpacking libqimageblitz4 (1:0.0.6-5) ...
Selecting previously unselected package libqscintilla2-l10n.
Preparing to unpack .../088-libqscintilla2-l10n_2.9.3+dfsg-4_all.deb ...
Unpacking libqscintilla2-l10n (2.9.3+dfsg-4) ...
Selecting previously unselected package libqscintilla2-12v5.
Preparing to unpack .../089-libqscintilla2-12v5_2.9.3+dfsg-4+b1_amd64.deb ...
Unpacking libqscintilla2-12v5 (2.9.3+dfsg-4+b1) ...
Selecting previously unselected package libqscintilla2-dev.
Preparing to unpack .../090-libqscintilla2-dev_2.9.3+dfsg-4+b1_amd64.deb ...
Unpacking libqscintilla2-dev (2.9.3+dfsg-4+b1) ...
Selecting previously unselected package libqt4-opengl:amd64.
Preparing to unpack .../091-libqt4-opengl_4%3a4.8.7+dfsg-11_amd64.deb ...
Unpacking libqt4-opengl:amd64 (4:4.8.7+dfsg-11) ...
Selecting previously unselected package rubygems-integration.
Preparing to unpack .../092-rubygems-integration_1.11_all.deb ...
Unpacking rubygems-integration (1.11) ...
Selecting previously unselected package ruby2.3.
Preparing to unpack .../093-ruby2.3_2.3.3-1_amd64.deb ...
Unpacking ruby2.3 (2.3.3-1) ...
Selecting previously unselected package ruby.
Preparing to unpack .../094-ruby_1%3a2.3.3_amd64.deb ...
Unpacking ruby (1:2.3.3) ...
Selecting previously unselected package rake.
Preparing to unpack .../095-rake_12.0.0-1_all.deb ...
Unpacking rake (12.0.0-1) ...
Selecting previously unselected package ruby-did-you-mean.
Preparing to unpack .../096-ruby-did-you-mean_1.0.0-2_all.deb ...
Unpacking ruby-did-you-mean (1.0.0-2) ...
Selecting previously unselected package ruby-minitest.
Preparing to unpack .../097-ruby-minitest_5.10.2-1_all.deb ...
Unpacking ruby-minitest (5.10.2-1) ...
Selecting previously unselected package ruby-net-telnet.
Preparing to unpack .../098-ruby-net-telnet_0.1.1-2_all.deb ...
Unpacking ruby-net-telnet (0.1.1-2) ...
Selecting previously unselected package ruby-power-assert.
Preparing to unpack .../099-ruby-power-assert_0.3.0-1_all.deb ...
Unpacking ruby-power-assert (0.3.0-1) ...
Selecting previously unselected package ruby-test-unit.
Preparing to unpack .../100-ruby-test-unit_3.2.5-1_all.deb ...
Unpacking ruby-test-unit (3.2.5-1) ...
Selecting previously unselected package libyaml-0-2:amd64.
Preparing to unpack .../101-libyaml-0-2_0.1.7-2_amd64.deb ...
Unpacking libyaml-0-2:amd64 (0.1.7-2) ...
Selecting previously unselected package libruby2.3:amd64.
Preparing to unpack .../102-libruby2.3_2.3.3-1_amd64.deb ...
Unpacking libruby2.3:amd64 (2.3.3-1) ...
Selecting previously unselected package libsmokebase3v5.
Preparing to unpack .../103-libsmokebase3v5_4%3a4.14.3-1+b1_amd64.deb ...
Unpacking libsmokebase3v5 (4:4.14.3-1+b1) ...
Selecting previously unselected package libsmokeqtcore4-3.
Preparing to unpack .../104-libsmokeqtcore4-3_4%3a4.14.3-1.1_amd64.deb ...
Unpacking libsmokeqtcore4-3 (4:4.14.3-1.1) ...
Selecting previously unselected package libsmokeqtgui4-3.
Preparing to unpack .../105-libsmokeqtgui4-3_4%3a4.14.3-1.1_amd64.deb ...
Unpacking libsmokeqtgui4-3 (4:4.14.3-1.1) ...
Selecting previously unselected package libsmokephonon3.
Preparing to unpack .../106-libsmokephonon3_4%3a4.14.3-1.1_amd64.deb ...
Unpacking libsmokephonon3 (4:4.14.3-1.1) ...
Selecting previously unselected package libsmokeqimageblitz3.
Preparing to unpack .../107-libsmokeqimageblitz3_4%3a4.14.3-1.1_amd64.deb ...
Unpacking libsmokeqimageblitz3 (4:4.14.3-1.1) ...
Selecting previously unselected package libsmokeqsci3.
Preparing to unpack .../108-libsmokeqsci3_4%3a4.14.3-1.1_amd64.deb ...
Unpacking libsmokeqsci3 (4:4.14.3-1.1) ...
Selecting previously unselected package libsmokeqtnetwork4-3.
Preparing to unpack .../109-libsmokeqtnetwork4-3_4%3a4.14.3-1.1_amd64.deb ...
Unpacking libsmokeqtnetwork4-3 (4:4.14.3-1.1) ...
Selecting previously unselected package libsmokeqtsql4-3.
Preparing to unpack .../110-libsmokeqtsql4-3_4%3a4.14.3-1.1_amd64.deb ...
Unpacking libsmokeqtsql4-3 (4:4.14.3-1.1) ...
Selecting previously unselected package libsmokeqtxml4-3.
Preparing to unpack .../111-libsmokeqtxml4-3_4%3a4.14.3-1.1_amd64.deb ...
Unpacking libsmokeqtxml4-3 (4:4.14.3-1.1) ...
Selecting previously unselected package libsmokeqt3support4-3.
Preparing to unpack .../112-libsmokeqt3support4-3_4%3a4.14.3-1.1_amd64.deb ...
Unpacking libsmokeqt3support4-3 (4:4.14.3-1.1) ...
Selecting previously unselected package smoke-dev-tools.
Preparing to unpack .../113-smoke-dev-tools_4%3a4.14.3-1+b1_amd64.deb ...
Unpacking smoke-dev-tools (4:4.14.3-1+b1) ...
Selecting previously unselected package libsmokeqtdbus4-3.
Preparing to unpack .../114-libsmokeqtdbus4-3_4%3a4.14.3-1.1_amd64.deb ...
Unpacking libsmokeqtdbus4-3 (4:4.14.3-1.1) ...
Selecting previously unselected package libsmokeqtdeclarative4-3.
Preparing to unpack .../115-libsmokeqtdeclarative4-3_4%3a4.14.3-1.1_amd64.deb ...
Unpacking libsmokeqtdeclarative4-3 (4:4.14.3-1.1) ...
Selecting previously unselected package libsmokeqthelp4-3.
Preparing to unpack .../116-libsmokeqthelp4-3_4%3a4.14.3-1.1_amd64.deb ...
Unpacking libsmokeqthelp4-3 (4:4.14.3-1.1) ...
Selecting previously unselected package libsmokeqtopengl4-3.
Preparing to unpack .../117-libsmokeqtopengl4-3_4%3a4.14.3-1.1_amd64.deb ...
Unpacking libsmokeqtopengl4-3 (4:4.14.3-1.1) ...
Selecting previously unselected package libsmokeqtscript4-3.
Preparing to unpack .../118-libsmokeqtscript4-3_4%3a4.14.3-1.1_amd64.deb ...
Unpacking libsmokeqtscript4-3 (4:4.14.3-1.1) ...
Selecting previously unselected package libsmokeqtsvg4-3.
Preparing to unpack .../119-libsmokeqtsvg4-3_4%3a4.14.3-1.1_amd64.deb ...
Unpacking libsmokeqtsvg4-3 (4:4.14.3-1.1) ...
Selecting previously unselected package libsmokeqttest4-3.
Preparing to unpack .../120-libsmokeqttest4-3_4%3a4.14.3-1.1_amd64.deb ...
Unpacking libsmokeqttest4-3 (4:4.14.3-1.1) ...
Selecting previously unselected package libsmokeqtuitools4-3.
Preparing to unpack .../121-libsmokeqtuitools4-3_4%3a4.14.3-1.1_amd64.deb ...
Unpacking libsmokeqtuitools4-3 (4:4.14.3-1.1) ...
Selecting previously unselected package libsmokeqtxmlpatterns4-3.
Preparing to unpack .../122-libsmokeqtxmlpatterns4-3_4%3a4.14.3-1.1_amd64.deb ...
Unpacking libsmokeqtxmlpatterns4-3 (4:4.14.3-1.1) ...
Selecting previously unselected package libsmokeqt4-dev.
Preparing to unpack .../123-libsmokeqt4-dev_4%3a4.14.3-1.1_amd64.deb ...
Unpacking libsmokeqt4-dev (4:4.14.3-1.1) ...
Selecting previously unselected package pkg-kde-tools.
Preparing to unpack .../124-pkg-kde-tools_0.15.24_all.deb ...
Unpacking pkg-kde-tools (0.15.24) ...
Selecting previously unselected package ruby2.3-dev:amd64.
Preparing to unpack .../125-ruby2.3-dev_2.3.3-1_amd64.deb ...
Unpacking ruby2.3-dev:amd64 (2.3.3-1) ...
Selecting previously unselected package ruby-dev:amd64.
Preparing to unpack .../126-ruby-dev_1%3a2.3.3_amd64.deb ...
Unpacking ruby-dev:amd64 (1:2.3.3) ...
Selecting previously unselected package sbuild-build-depends-qtruby-dummy.
Preparing to unpack .../127-sbuild-build-depends-qtruby-dummy_0.invalid.0_amd64.deb ...
Unpacking sbuild-build-depends-qtruby-dummy (0.invalid.0) ...
Setting up libqscintilla2-l10n (2.9.3+dfsg-4) ...
Setting up readline-common (7.0-3) ...
Setting up libasyncns0:amd64 (0.8-6) ...
Setting up libjpeg62-turbo:amd64 (1:1.5.1-2) ...
Setting up libarchive-zip-perl (1.59-1) ...
Setting up libnghttp2-14:amd64 (1.24.0-1) ...
Setting up libsmokebase3v5 (4:4.14.3-1+b1) ...
Setting up mime-support (3.60) ...
Setting up libpng16-16:amd64 (1.6.29-3) ...
Setting up libtimedate-perl (2.3000-2) ...
Setting up liblcms2-2:amd64 (2.8-4) ...
Setting up libjbig0:amd64 (2.1-3.1+b2) ...
Setting up libsigsegv2:amd64 (2.11-1) ...
Setting up libldap-common (2.4.44+dfsg-7) ...
Setting up fonts-dejavu-core (2.37-1) ...
Setting up libuv1:amd64 (1.9.1-3) ...
Setting up libreadline7:amd64 (7.0-3) ...
Setting up libpsl5:amd64 (0.17.0-4+b1) ...
Setting up qtcore4-l10n (4:4.8.7+dfsg-11) ...
Setting up groff-base (1.22.3-9) ...
Setting up libglib2.0-0:amd64 (2.52.3-1) ...
No schema files found: doing nothing.
Setting up libxshmfence1:amd64 (1.2-1+b2) ...
Setting up libcap2:amd64 (1:2.25-1) ...
Setting up qtchooser (63-g13a3d08-1) ...
Setting up libsasl2-modules-db:amd64 (2.1.27~101-g0780600+dfsg-3) ...
Setting up libsasl2-2:amd64 (2.1.27~101-g0780600+dfsg-3) ...
Setting up libtiff5:amd64 (4.0.8-3) ...
Setting up gettext-base (0.19.8.1-2+b1) ...
Setting up cmake-data (3.7.2-1) ...
Setting up libpipeline1:amd64 (1.4.1-2) ...
Setting up libglapi-mesa:amd64 (17.1.4-1) ...
Setting up librtmp1:amd64 (2.4+20151223.gitfa8646d.1-1+b1) ...
Setting up m4 (1.4.18-1) ...
Setting up libicu57:amd64 (57.1-6) ...
Setting up libprocps6:amd64 (2:3.3.12-3) ...
Setting up ucf (3.0036) ...
Setting up libxml2:amd64 (2.9.4+dfsg1-3) ...
Setting up libfreetype6:amd64 (2.8-0.2) ...
Setting up libmagic-mgc (1:5.30-1) ...
Setting up libdrm2:amd64 (2.4.81-2) ...
Setting up libmagic1:amd64 (1:5.30-1) ...
Setting up lsb-base (9.20161125) ...
Setting up procps (2:3.3.12-3) ...
update-alternatives: using /usr/bin/w.procps to provide /usr/bin/w (w) in auto mode
Setting up libcroco3:amd64 (0.6.12-1) ...
Setting up libogg0:amd64 (1.3.2-1) ...
Setting up libssl1.0.2:amd64 (1.0.2l-2) ...
Setting up ruby-did-you-mean (1.0.0-2) ...
Setting up libyaml-0-2:amd64 (0.1.7-2) ...
Setting up libx11-xcb1:amd64 (2:1.6.4-3) ...
Setting up libssh2-1:amd64 (1.8.0-1) ...
Processing triggers for libc-bin (2.24-12) ...
Setting up libqtcore4:amd64 (4:4.8.7+dfsg-11) ...
Setting up autotools-dev (20161112.1) ...
Setting up libldap-2.4-2:amd64 (2.4.44+dfsg-7) ...
Setting up openssl (1.1.0f-3) ...
Setting up ruby-net-telnet (0.1.1-2) ...
Setting up libsqlite3-0:amd64 (3.16.2-5) ...
Setting up libxdmcp6:amd64 (1:1.1.2-3) ...
Setting up libkeyutils1:amd64 (1.5.9-9) ...
Setting up bsdmainutils (9.0.12+nmu1) ...
update-alternatives: using /usr/bin/bsd-write to provide /usr/bin/write (write) in auto mode
update-alternatives: using /usr/bin/bsd-from to provide /usr/bin/from (from) in auto mode
Setting up libgmpxx4ldbl:amd64 (2:6.1.2+dfsg-1) ...
Setting up ruby-minitest (5.10.2-1) ...
Setting up libvorbis0a:amd64 (1.3.5-4) ...
Setting up x11-common (1:7.7+19) ...
update-rc.d: warning: start and stop actions are no longer supported; falling back to defaults
invoke-rc.d: could not determine current runlevel
All runlevel operations denied by policy
invoke-rc.d: policy-rc.d denied execution of start.
Setting up ca-certificates (20161130+nmu1) ...
Updating certificates in /etc/ssl/certs...
166 added, 0 removed; done.
Setting up libqt4-test:amd64 (4:4.8.7+dfsg-11) ...
Setting up libx11-data (2:1.6.4-3) ...
Setting up libqt4-xml:amd64 (4:4.8.7+dfsg-11) ...
Setting up qt4-linguist-tools (4:4.8.7+dfsg-11) ...
Setting up libxau6:amd64 (1:1.0.8-1) ...
Setting up autopoint (0.19.8.1-2) ...
Setting up libmpdec2:amd64 (2.4.2-1) ...
Setting up libdbus-1-3:amd64 (1.10.20-1) ...
Setting up liblzo2-2:amd64 (2.08-1.2+b2) ...
Setting up libwrap0:amd64 (7.6.q-26) ...
Setting up ruby-power-assert (0.3.0-1) ...
Setting up libfile-stripnondeterminism-perl (0.035-2) ...
Setting up libgmp-dev:amd64 (2:6.1.2+dfsg-1) ...
Setting up fontconfig-config (2.12.3-0.1) ...
Setting up libmng1:amd64 (1.0.10+dfsg-3.1+b5) ...
Setting up gettext (0.19.8.1-2+b1) ...
Setting up libarchive13:amd64 (3.2.2-2) ...
Setting up qt4-qmake (4:4.8.7+dfsg-11) ...
Setting up libpython3.5-stdlib:amd64 (3.5.3-3) ...
Setting up libflac8:amd64 (1.3.2-1) ...
Setting up libsmokeqtcore4-3 (4:4.14.3-1.1) ...
Setting up autoconf (2.69-10) ...
Setting up libqt4-sql:amd64 (4:4.8.7+dfsg-11) ...
Setting up file (1:5.30-1) ...
Setting up libkrb5support0:amd64 (1.15-1) ...
Setting up intltool-debian (0.35.0+20060710.4) ...
Setting up smoke-dev-tools (4:4.14.3-1+b1) ...
Setting up automake (1:1.15.1-2) ...
update-alternatives: using /usr/bin/automake-1.15 to provide /usr/bin/automake (automake) in auto mode
Setting up libice6:amd64 (2:1.0.9-2) ...
Setting up rubygems-integration (1.11) ...
Setting up man-db (2.7.6.1-2) ...
Not building database; man-db/auto-update is not 'true'.
Setting up libvorbisenc2:amd64 (1.3.5-4) ...
Setting up libqtdbus4:amd64 (4:4.8.7+dfsg-11) ...
Setting up libxcb1:amd64 (1.12-1) ...
Setting up libtool (2.4.6-2) ...
Setting up python3.5 (3.5.3-3) ...
Setting up libpython3-stdlib:amd64 (3.5.3-3) ...
Setting up libxcb-present0:amd64 (1.12-1) ...
Setting up libfontconfig1:amd64 (2.12.3-0.1) ...
Setting up libxcb-dri2-0:amd64 (1.12-1) ...
Setting up libsm6:amd64 (2:1.2.2-1+b3) ...
Setting up libxcb-dri3-0:amd64 (1.12-1) ...
Setting up libk5crypto3:amd64 (1.15-1) ...
Setting up libxcb-glx0:amd64 (1.12-1) ...
Setting up libxcb-xfixes0:amd64 (1.12-1) ...
Setting up po-debconf (1.0.20) ...
Setting up libqt4-script:amd64 (4:4.8.7+dfsg-11) ...
Setting up libsmokeqtxml4-3 (4:4.14.3-1.1) ...
Setting up libx11-6:amd64 (2:1.6.4-3) ...
Setting up qdbus (4:4.8.7+dfsg-11) ...
Setting up libxcb-sync1:amd64 (1.12-1) ...
Setting up libsndfile1:amd64 (1.0.28-2) ...
Setting up libxt6:amd64 (1:1.1.5-1) ...
Setting up libxrender1:amd64 (1:0.9.10-1) ...
Setting up libkrb5-3:amd64 (1.15-1) ...
Setting up libsmokeqtscript4-3 (4:4.14.3-1.1) ...
Setting up libqt4-dbus:amd64 (4:4.8.7+dfsg-11) ...
Setting up libqt4-network:amd64 (4:4.8.7+dfsg-11) ...
Setting up libsmokeqtdbus4-3 (4:4.14.3-1.1) ...
Setting up libaudio2:amd64 (1.9.4-5+b1) ...
Setting up fontconfig (2.12.3-0.1) ...
Regenerating fonts cache... done.
Setting up libxext6:amd64 (2:1.3.3-1+b2) ...
Setting up libxfixes3:amd64 (1:5.0.3-1) ...
Setting up libsmokeqtnetwork4-3 (4:4.14.3-1.1) ...
Setting up libqt4-xmlpatterns:amd64 (4:4.8.7+dfsg-11) ...
Setting up libsmokeqtxmlpatterns4-3 (4:4.14.3-1.1) ...
Setting up libgssapi-krb5-2:amd64 (1.15-1) ...
Setting up libxxf86vm1:amd64 (1:1.1.4-1+b2) ...
Setting up libxi6:amd64 (2:1.7.9-1) ...
Setting up libqtgui4:amd64 (4:4.8.7+dfsg-11) ...
Setting up libxdamage1:amd64 (1:1.1.4-2+b3) ...
Setting up libsmokeqttest4-3 (4:4.14.3-1.1) ...
Setting up libqt4-designer:amd64 (4:4.8.7+dfsg-11) ...
Setting up libcurl3:amd64 (7.52.1-5) ...
Setting up libqt4-help:amd64 (4:4.8.7+dfsg-11) ...
Setting up libqimageblitz4 (1:0.0.6-5) ...
Setting up libxtst6:amd64 (2:1.2.3-1) ...
Setting up libgl1-mesa-glx:amd64 (17.1.4-1) ...
Setting up libqscintilla2-12v5 (2.9.3+dfsg-4+b1) ...
Setting up cmake (3.7.2-1) ...
Setting up libqt4-svg:amd64 (4:4.8.7+dfsg-11) ...
Setting up libqt4-scripttools:amd64 (4:4.8.7+dfsg-11) ...
Setting up libqt4-opengl:amd64 (4:4.8.7+dfsg-11) ...
Setting up libqt4-declarative:amd64 (4:4.8.7+dfsg-11) ...
Setting up libsmokeqtgui4-3 (4:4.14.3-1.1) ...
Setting up libsmokeqimageblitz3 (4:4.14.3-1.1) ...
Setting up libqt4-qt3support:amd64 (4:4.8.7+dfsg-11) ...
Setting up libsmokeqtsvg4-3 (4:4.14.3-1.1) ...
Setting up libsmokeqtdeclarative4-3 (4:4.14.3-1.1) ...
Setting up libpulse0:amd64 (10.0-2) ...
Setting up libqt4-dev-bin (4:4.8.7+dfsg-11) ...
Setting up libsmokeqtsql4-3 (4:4.14.3-1.1) ...
Setting up libsmokeqsci3 (4:4.14.3-1.1) ...
Setting up libsmokeqtuitools4-3 (4:4.14.3-1.1) ...
Setting up libqt4-dev (4:4.8.7+dfsg-11) ...
Setting up libsmokeqthelp4-3 (4:4.14.3-1.1) ...
Setting up libsmokeqtopengl4-3 (4:4.14.3-1.1) ...
Setting up libpulse-mainloop-glib0:amd64 (10.0-2) ...
Setting up libsmokeqt3support4-3 (4:4.14.3-1.1) ...
Setting up libphonon4:amd64 (4:4.9.0-4) ...
Setting up libqscintilla2-dev (2.9.3+dfsg-4+b1) ...
Setting up phonon-backend-null:amd64 (4:4.9.0-4) ...
Setting up phonon:amd64 (4:4.9.0-4) ...
Setting up libphonon-dev (4:4.9.0-4) ...
Setting up libsmokephonon3 (4:4.14.3-1.1) ...
Setting up libsmokeqt4-dev (4:4.14.3-1.1) ...
Setting up dh-python (2.20170125) ...
Setting up dh-autoreconf (14) ...
Setting up python3 (3.5.3-3) ...
Setting up ruby2.3 (2.3.3-1) ...
Setting up dh-strip-nondeterminism (0.035-2) ...
Setting up ruby (1:2.3.3) ...
Setting up pkg-kde-tools (0.15.24) ...
Setting up debhelper (10.6.2) ...
Setting up ruby-test-unit (3.2.5-1) ...
Setting up rake (12.0.0-1) ...
Setting up libruby2.3:amd64 (2.3.3-1) ...
Setting up ruby2.3-dev:amd64 (2.3.3-1) ...
Setting up ruby-dev:amd64 (1:2.3.3) ...
Setting up sbuild-build-depends-qtruby-dummy (0.invalid.0) ...
Processing triggers for libc-bin (2.24-12) ...
Processing triggers for ca-certificates (20161130+nmu1) ...
Updating certificates in /etc/ssl/certs...
0 added, 0 removed; done.
Running hooks in /etc/ca-certificates/update.d...
done.

+------------------------------------------------------------------------------+
| Build environment                                                            |
+------------------------------------------------------------------------------+

Kernel: Linux 4.9.0-2-amd64 amd64 (x86_64)
Toolchain package versions: binutils_2.28-6 dpkg-dev_1.18.24 g++-6_6.4.0-1 gcc-6_6.4.0-1 libc6-dev_2.24-12 libstdc++-6-dev_6.4.0-1 libstdc++6_7.1.0-9 linux-libc-dev_4.11.6-1
Package versions: adduser_3.115 apt_1.5~beta1 autoconf_2.69-10 automake_1:1.15.1-2 autopoint_0.19.8.1-2 autotools-dev_20161112.1 base-files_10 base-passwd_3.5.43 bash_4.4-5 binutils_2.28-6 bsdmainutils_9.0.12+nmu1 bsdutils_1:2.29.2-1 build-essential_12.3 bzip2_1.0.6-8.1 ca-certificates_20161130+nmu1 clang-4.0_1:4.0.1-1 cmake_3.7.2-1 cmake-data_3.7.2-1 coreutils_8.26-3 cpp_4:6.3.0-4d1 cpp-6_6.4.0-1 dash_0.5.8-2.4 debconf_1.5.62 debfoster_2.7-2.1+b1 debhelper_10.6.2 debian-archive-keyring_2017.5 debianutils_4.8.1.1 dh-autoreconf_14 dh-python_2.20170125 dh-strip-nondeterminism_0.035-2 diffutils_1:3.5-3 dpkg_1.18.24 dpkg-dev_1.18.24 e2fslibs_1.43.4-2 e2fsprogs_1.43.4-2 eatmydata_105-5 fakeroot_1.21-3.1 file_1:5.30-1 findutils_4.6.0+git+20170606-2 fontconfig_2.12.3-0.1 fontconfig-config_2.12.3-0.1 fonts-dejavu-core_2.37-1 g++_4:6.3.0-4d1 g++-6_6.4.0-1 gcc_4:6.3.0-4d1 gcc-6_6.4.0-1 gcc-6-base_6.4.0-1 gcc-7-base_7.1.0-9 gettext_0.19.8.1-2+b1 gettext-base_0.19.8.1-2+b1 gpgv_2.1.18-8 grep_2.27-2 groff-base_1.22.3-9 gzip_1.6-5+b1 hostname_3.18+b1 init-system-helpers_1.48 intltool-debian_0.35.0+20060710.4 libacl1_2.2.52-3+b1 libapt-pkg5.0_1.5~beta1 libarchive-zip-perl_1.59-1 libarchive13_3.2.2-2 libasan3_6.4.0-1 libasyncns0_0.8-6 libatomic1_7.1.0-9 libattr1_1:2.4.47-2+b2 libaudio2_1.9.4-5+b1 libaudit-common_1:2.7.7-1 libaudit1_1:2.7.7-1+b1 libblkid1_2.29.2-1 libbsd0_0.8.5-1 libbz2-1.0_1.0.6-8.1 libc-bin_2.24-12 libc-dev-bin_2.24-12 libc6_2.24-12 libc6-dev_2.24-12 libcap-ng0_0.7.7-3+b1 libcap2_1:2.25-1 libcc1-0_7.1.0-9 libcilkrts5_7.1.0-9 libclang-common-4.0-dev_1:4.0.1-1 libclang1-4.0_1:4.0.1-1 libcomerr2_1.43.4-2 libcroco3_0.6.12-1 libcurl3_7.52.1-5 libdb5.3_5.3.28-12+b1 libdbus-1-3_1.10.20-1 libdebconfclient0_0.229 libdpkg-perl_1.18.24 libdrm2_2.4.81-2 libeatmydata1_105-5 libedit2_3.1-20170329-1 libexpat1_2.2.1-3 libfakeroot_1.21-3.1 libfdisk1_2.29.2-1 libffi6_3.2.1-6 libfile-stripnondeterminism-perl_0.035-2 libflac8_1.3.2-1 libfontconfig1_2.12.3-0.1 libfreetype6_2.8-0.2 libgc1c2_1:7.4.2-8 libgcc-6-dev_6.4.0-1 libgcc1_1:7.1.0-9 libgcrypt20_1.7.8-1 libgdbm3_1.8.3-14 libgl1-mesa-glx_17.1.4-1 libglapi-mesa_17.1.4-1 libglib2.0-0_2.52.3-1 libgmp-dev_2:6.1.2+dfsg-1 libgmp10_2:6.1.2+dfsg-1 libgmpxx4ldbl_2:6.1.2+dfsg-1 libgnutls30_3.5.13-2 libgomp1_7.1.0-9 libgpg-error0_1.27-3 libgssapi-krb5-2_1.15-1 libhogweed4_3.3-1+b1 libice6_2:1.0.9-2 libicu57_57.1-6 libidn2-0_0.16-1+b1 libisl15_0.18-1 libitm1_7.1.0-9 libjbig0_2.1-3.1+b2 libjpeg62-turbo_1:1.5.1-2 libjsoncpp1_1.7.4-3 libk5crypto3_1.15-1 libkeyutils1_1.5.9-9 libkrb5-3_1.15-1 libkrb5support0_1.15-1 liblcms2-2_2.8-4 libldap-2.4-2_2.4.44+dfsg-7 libldap-common_2.4.44+dfsg-7 libllvm4.0_1:4.0.1-1 liblsan0_7.1.0-9 liblz4-1_0.0~r131-2+b1 liblzma5_5.2.2-1.2+b1 liblzo2-2_2.08-1.2+b2 libmagic-mgc_1:5.30-1 libmagic1_1:5.30-1 libmng1_1.0.10+dfsg-3.1+b5 libmount1_2.29.2-1 libmpc3_1.0.3-1+b2 libmpdec2_2.4.2-1 libmpfr4_3.1.5-1 libmpx2_7.1.0-9 libncurses5_6.0+20161126-1 libncursesw5_6.0+20161126-1 libnettle6_3.3-1+b1 libnghttp2-14_1.24.0-1 libobjc-6-dev_6.4.0-1 libobjc4_7.1.0-9 libogg0_1.3.2-1 libp11-kit0_0.23.7-2 libpam-modules_1.1.8-3.6 libpam-modules-bin_1.1.8-3.6 libpam-runtime_1.1.8-3.6 libpam0g_1.1.8-3.6 libpcre3_2:8.39-3 libperl5.24_5.24.1-6 libphonon-dev_4:4.9.0-4 libphonon4_4:4.9.0-4 libpipeline1_1.4.1-2 libpng16-16_1.6.29-3 libprocps6_2:3.3.12-3 libpsl5_0.17.0-4+b1 libpulse-mainloop-glib0_10.0-2 libpulse0_10.0-2 libpython3-stdlib_3.5.3-3 libpython3.5-minimal_3.5.3-3 libpython3.5-stdlib_3.5.3-3 libqimageblitz4_1:0.0.6-5 libqscintilla2-12v5_2.9.3+dfsg-4+b1 libqscintilla2-dev_2.9.3+dfsg-4+b1 libqscintilla2-l10n_2.9.3+dfsg-4 libqt4-dbus_4:4.8.7+dfsg-11 libqt4-declarative_4:4.8.7+dfsg-11 libqt4-designer_4:4.8.7+dfsg-11 libqt4-dev_4:4.8.7+dfsg-11 libqt4-dev-bin_4:4.8.7+dfsg-11 libqt4-help_4:4.8.7+dfsg-11 libqt4-network_4:4.8.7+dfsg-11 libqt4-opengl_4:4.8.7+dfsg-11 libqt4-qt3support_4:4.8.7+dfsg-11 libqt4-script_4:4.8.7+dfsg-11 libqt4-scripttools_4:4.8.7+dfsg-11 libqt4-sql_4:4.8.7+dfsg-11 libqt4-svg_4:4.8.7+dfsg-11 libqt4-test_4:4.8.7+dfsg-11 libqt4-xml_4:4.8.7+dfsg-11 libqt4-xmlpatterns_4:4.8.7+dfsg-11 libqtcore4_4:4.8.7+dfsg-11 libqtdbus4_4:4.8.7+dfsg-11 libqtgui4_4:4.8.7+dfsg-11 libquadmath0_7.1.0-9 libreadline7_7.0-3 librtmp1_2.4+20151223.gitfa8646d.1-1+b1 libruby2.3_2.3.3-1 libsasl2-2_2.1.27~101-g0780600+dfsg-3 libsasl2-modules-db_2.1.27~101-g0780600+dfsg-3 libselinux1_2.6-3+b2 libsemanage-common_2.6-2 libsemanage1_2.6-2+b1 libsepol1_2.6-2 libsigsegv2_2.11-1 libsm6_2:1.2.2-1+b3 libsmartcols1_2.29.2-1 libsmokebase3v5_4:4.14.3-1+b1 libsmokephonon3_4:4.14.3-1.1 libsmokeqimageblitz3_4:4.14.3-1.1 libsmokeqsci3_4:4.14.3-1.1 libsmokeqt3support4-3_4:4.14.3-1.1 libsmokeqt4-dev_4:4.14.3-1.1 libsmokeqtcore4-3_4:4.14.3-1.1 libsmokeqtdbus4-3_4:4.14.3-1.1 libsmokeqtdeclarative4-3_4:4.14.3-1.1 libsmokeqtgui4-3_4:4.14.3-1.1 libsmokeqthelp4-3_4:4.14.3-1.1 libsmokeqtnetwork4-3_4:4.14.3-1.1 libsmokeqtopengl4-3_4:4.14.3-1.1 libsmokeqtscript4-3_4:4.14.3-1.1 libsmokeqtsql4-3_4:4.14.3-1.1 libsmokeqtsvg4-3_4:4.14.3-1.1 libsmokeqttest4-3_4:4.14.3-1.1 libsmokeqtuitools4-3_4:4.14.3-1.1 libsmokeqtxml4-3_4:4.14.3-1.1 libsmokeqtxmlpatterns4-3_4:4.14.3-1.1 libsndfile1_1.0.28-2 libsqlite3-0_3.16.2-5 libss2_1.43.4-2 libssh2-1_1.8.0-1 libssl1.0.2_1.0.2l-2 libssl1.1_1.1.0f-3 libstdc++-6-dev_6.4.0-1 libstdc++6_7.1.0-9 libsystemd0_233-10 libtasn1-6_4.12-2 libtiff5_4.0.8-3 libtimedate-perl_2.3000-2 libtinfo5_6.0+20161126-1 libtool_2.4.6-2 libtsan0_7.1.0-9 libubsan0_7.1.0-9 libudev1_233-10 libunistring2_0.9.7-2 libustr-1.0-1_1.0.4-6 libuuid1_2.29.2-1 libuv1_1.9.1-3 libvorbis0a_1.3.5-4 libvorbisenc2_1.3.5-4 libwrap0_7.6.q-26 libx11-6_2:1.6.4-3 libx11-data_2:1.6.4-3 libx11-xcb1_2:1.6.4-3 libxau6_1:1.0.8-1 libxcb-dri2-0_1.12-1 libxcb-dri3-0_1.12-1 libxcb-glx0_1.12-1 libxcb-present0_1.12-1 libxcb-sync1_1.12-1 libxcb-xfixes0_1.12-1 libxcb1_1.12-1 libxdamage1_1:1.1.4-2+b3 libxdmcp6_1:1.1.2-3 libxext6_2:1.3.3-1+b2 libxfixes3_1:5.0.3-1 libxi6_2:1.7.9-1 libxml2_2.9.4+dfsg1-3 libxrender1_1:0.9.10-1 libxshmfence1_1.2-1+b2 libxt6_1:1.1.5-1 libxtst6_2:1.2.3-1 libxxf86vm1_1:1.1.4-1+b2 libyaml-0-2_0.1.7-2 linux-libc-dev_4.11.6-1 login_1:4.4-4.1 lsb-base_9.20161125 m4_1.4.18-1 make_4.1-9.1 man-db_2.7.6.1-2 mawk_1.3.3-17+b3 mime-support_3.60 mount_2.29.2-1 multiarch-support_2.24-12 ncurses-base_6.0+20161126-1 ncurses-bin_6.0+20161126-1 openssl_1.1.0f-3 passwd_1:4.4-4.1 patch_2.7.5-1+b2 perl_5.24.1-6 perl-base_5.24.1-6 perl-modules-5.24_5.24.1-6 phonon_4:4.9.0-4 phonon-backend-null_4:4.9.0-4 pkg-kde-tools_0.15.24 po-debconf_1.0.20 procps_2:3.3.12-3 python3_3.5.3-3 python3-minimal_3.5.3-3 python3.5_3.5.3-3 python3.5-minimal_3.5.3-3 qdbus_4:4.8.7+dfsg-11 qt4-linguist-tools_4:4.8.7+dfsg-11 qt4-qmake_4:4.8.7+dfsg-11 qtchooser_63-g13a3d08-1 qtcore4-l10n_4:4.8.7+dfsg-11 rake_12.0.0-1 readline-common_7.0-3 ruby_1:2.3.3 ruby-dev_1:2.3.3 ruby-did-you-mean_1.0.0-2 ruby-minitest_5.10.2-1 ruby-net-telnet_0.1.1-2 ruby-power-assert_0.3.0-1 ruby-test-unit_3.2.5-1 ruby2.3_2.3.3-1 ruby2.3-dev_2.3.3-1 rubygems-integration_1.11 sbuild-build-depends-core-dummy_0.invalid.0 sbuild-build-depends-qtruby-dummy_0.invalid.0 sed_4.4-1 sensible-utils_0.0.9 smoke-dev-tools_4:4.14.3-1+b1 sysvinit-utils_2.88dsf-59.9 tar_1.29b-1.1 ucf_3.0036 util-linux_2.29.2-1 x11-common_1:7.7+19 xz-utils_5.2.2-1.2+b1 zlib1g_1:1.2.8.dfsg-5

+------------------------------------------------------------------------------+
| Build                                                                        |
+------------------------------------------------------------------------------+


Unpack source
-------------

gpgv: unknown type of key resource 'trustedkeys.kbx'
gpgv: keyblock resource '/sbuild-nonexistent/.gnupg/trustedkeys.kbx': General error
gpgv: Signature made Fri Sep 11 02:47:25 2015 UTC
gpgv:                using RSA key 78D7DEFB9AD59AF1
gpgv: Can't check signature: No public key
dpkg-source: warning: failed to verify signature on ./qtruby_4.14.3-1.dsc
dpkg-source: info: extracting qtruby in /<<PKGBUILDDIR>>
dpkg-source: info: unpacking qtruby_4.14.3.orig.tar.xz
dpkg-source: info: unpacking qtruby_4.14.3-1.debian.tar.xz
dpkg-source: info: applying fix_ruby_requires.diff

Check disk space
----------------

Sufficient free space for build

User Environment
----------------

APT_CONFIG=/var/lib/sbuild/apt.conf
HOME=/sbuild-nonexistent
LANG=en_US.UTF-8
LC_ALL=POSIX
LOGNAME=user42
PATH=/usr/local/sbin:/usr/local/bin:/usr/sbin:/usr/bin:/sbin:/bin:/usr/games
SCHROOT_ALIAS_NAME=unstable-amd64-sbuild
SCHROOT_CHROOT_NAME=unstable-amd64-sbuild
SCHROOT_COMMAND=env
SCHROOT_GID=1001
SCHROOT_GROUP=user42
SCHROOT_SESSION_ID=unstable-amd64-sbuild-7fa68af1-acfc-40af-8699-18806c7b5a5d
SCHROOT_UID=1001
SCHROOT_USER=user42
SHELL=/bin/sh
USER=user42

dpkg-buildpackage
-----------------

dpkg-buildpackage: info: source package qtruby
dpkg-buildpackage: info: source version 4:4.14.3-1
dpkg-buildpackage: info: source distribution unstable
dpkg-buildpackage: info: source changed by Scott Kitterman <scott@kitterman.com>
 dpkg-source --before-build qtruby-4.14.3
dpkg-buildpackage: info: host architecture amd64
 fakeroot debian/rules clean
dh clean --parallel --with sodeps
   dh_testdir -O--parallel
   debian/rules override_dh_auto_clean
make[1]: Entering directory '/<<PKGBUILDDIR>>'
dh_auto_clean
rm -f debian/shlibs.local
make[1]: Leaving directory '/<<PKGBUILDDIR>>'
   dh_clean -O--parallel
 debian/rules build-arch
dh build-arch --parallel --with sodeps
   dh_testdir -a -O--parallel
   dh_update_autotools_config -a -O--parallel
   debian/rules override_dh_auto_configure
make[1]: Entering directory '/<<PKGBUILDDIR>>'
dh_auto_configure -- -DRUBY_CONFIG_INCLUDE_DIR=/usr/include/x86_64-linux-gnu/ruby-2.3.0 -DCUSTOM_RUBY_SITE_LIB_DIR=/usr/lib/ruby/vendor_ruby/2.3.0 -DCUSTOM_RUBY_SITE_ARCH_DIR=/usr/lib/x86_64-linux-gnu/ruby/vendor_ruby/2.3.0 
	cmake .. -DCMAKE_INSTALL_PREFIX=/usr -DCMAKE_VERBOSE_MAKEFILE=ON -DCMAKE_BUILD_TYPE=None -DCMAKE_INSTALL_SYSCONFDIR=/etc -DCMAKE_INSTALL_LOCALSTATEDIR=/var -DRUBY_CONFIG_INCLUDE_DIR=/usr/include/x86_64-linux-gnu/ruby-2.3.0 -DCUSTOM_RUBY_SITE_LIB_DIR=/usr/lib/ruby/vendor_ruby/2.3.0 -DCUSTOM_RUBY_SITE_ARCH_DIR=/usr/lib/x86_64-linux-gnu/ruby/vendor_ruby/2.3.0
-- The C compiler identification is Clang 4.0.1
-- The CXX compiler identification is Clang 4.0.1
-- Check for working C compiler: /usr/bin/cc
-- Check for working C compiler: /usr/bin/cc -- works
-- Detecting C compiler ABI info
-- Detecting C compiler ABI info - done
-- Detecting C compile features
-- Detecting C compile features - done
-- Check for working CXX compiler: /usr/bin/c++
-- Check for working CXX compiler: /usr/bin/c++ -- works
-- Detecting CXX compiler ABI info
-- Detecting CXX compiler ABI info - done
-- Detecting CXX compile features
-- Detecting CXX compile features - done
-- Found Ruby: /usr/bin/ruby (found version "2.3.0") 
-- Looking for Q_WS_X11
-- Looking for Q_WS_X11 - found
-- Looking for Q_WS_WIN
-- Looking for Q_WS_WIN - not found
-- Looking for Q_WS_QWS
-- Looking for Q_WS_QWS - not found
-- Looking for Q_WS_MAC
-- Looking for Q_WS_MAC - not found
-- Found Qt4: /usr/bin/qmake (found version "4.8.7") 
-- Found SmokeQtCore: /usr/lib/libsmokeqtcore.so
-- Found SmokeQtGui: /usr/lib/libsmokeqtgui.so
-- Found SmokeQtXml: /usr/lib/libsmokeqtxml.so
-- Found SmokeQtOpenGl: /usr/lib/libsmokeqtopengl.so
-- Found SmokeQtSql: /usr/lib/libsmokeqtsql.so
-- Found SmokeQtNetwork: /usr/lib/libsmokeqtnetwork.so
-- Found SmokeQtDbus: /usr/lib/libsmokeqtdbus.so
-- Found SmokeQtSvg: /usr/lib/libsmokeqtsvg.so
-- Found SmokePhonon: /usr/lib/libsmokephonon.so
-- Found SmokeQSci: /usr/lib/libsmokeqsci.so
-- Found SmokeQtDeclarative: /usr/lib/libsmokeqtdeclarative.so
-- Found SmokeQtScript: /usr/lib/libsmokeqtscript.so
-- Could not find SmokeQtWebkit
-- Found SmokeQtUiTools: /usr/lib/libsmokeqtuitools.so
-- Found SmokeQtTest: /usr/lib/libsmokeqttest.so
-- Could not find SmokeQwt
-- Found QScintilla2: /usr/lib/libqscintilla2.so
-- Phonon Version: 4.9.0
-- Found Phonon: /usr/lib/x86_64-linux-gnu/libphonon.so
-- Found Phonon Includes: /usr/include/qt4/KDE;/usr/include/qt4
-- Ruby Executable: /usr/bin/ruby
-- Ruby Libraries: /usr/lib/x86_64-linux-gnu/libruby-2.3.so
-- Ruby Include Directories: /usr/include/ruby-2.3.0/usr/include/x86_64-linux-gnu/ruby-2.3.0
-- Build QtRubyModules bindings: Phonon;QScintilla;QtDeclarative;QtScript;QtTest;QtUiTools
-- Skip QtRubyModules bindings: QtWebKit;Qwt

-----------------------------------------------------------------------------
-- The following external packages were located on your system.
-- This installation will have the extra features provided by these packages.
-----------------------------------------------------------------------------
   * QScintilla2 - QScintilla2 libraries
   * Phonon - Phonon multimedia framework
   * Ruby - Ruby interpreter and libraries

-----------------------------------------------------------------------------
-- The following OPTIONAL packages could NOT be located on your system.
-- Consider installing them to enable more features from this software.
-----------------------------------------------------------------------------
   * Qwt5 for Qt4  <http://qwt.sourceforge.net>
     Qwt5 libraries for Qt4
     Needed to compile Qwt5 bindings

-----------------------------------------------------------------------------

-- Configuring done
-- Generating done
CMake Warning:
  Manually-specified variables were not used by the project:

    CMAKE_INSTALL_LOCALSTATEDIR
    CMAKE_INSTALL_SYSCONFDIR


-- Build files have been written to: /<<PKGBUILDDIR>>/obj-x86_64-linux-gnu
make[1]: Leaving directory '/<<PKGBUILDDIR>>'
   dh_auto_build -a -O--parallel
	make -j16
make[1]: Entering directory '/<<PKGBUILDDIR>>/obj-x86_64-linux-gnu'
/usr/bin/cmake -H/<<PKGBUILDDIR>> -B/<<PKGBUILDDIR>>/obj-x86_64-linux-gnu --check-build-system CMakeFiles/Makefile.cmake 0
/usr/bin/cmake -E cmake_progress_start /<<PKGBUILDDIR>>/obj-x86_64-linux-gnu/CMakeFiles /<<PKGBUILDDIR>>/obj-x86_64-linux-gnu/CMakeFiles/progress.marks
make -f CMakeFiles/Makefile2 all
make[2]: Entering directory '/<<PKGBUILDDIR>>/obj-x86_64-linux-gnu'
make -f src/CMakeFiles/qtruby4shared.dir/build.make src/CMakeFiles/qtruby4shared.dir/depend
make -f tools/rbuic/CMakeFiles/rbuic4_bin.dir/build.make tools/rbuic/CMakeFiles/rbuic4_bin.dir/depend
make -f tools/rbrcc/CMakeFiles/rbrcc.dir/build.make tools/rbrcc/CMakeFiles/rbrcc.dir/depend
make[3]: Entering directory '/<<PKGBUILDDIR>>/obj-x86_64-linux-gnu'
cd /<<PKGBUILDDIR>>/obj-x86_64-linux-gnu && /usr/bin/cmake -E cmake_depends "Unix Makefiles" /<<PKGBUILDDIR>> /<<PKGBUILDDIR>>/src /<<PKGBUILDDIR>>/obj-x86_64-linux-gnu /<<PKGBUILDDIR>>/obj-x86_64-linux-gnu/src /<<PKGBUILDDIR>>/obj-x86_64-linux-gnu/src/CMakeFiles/qtruby4shared.dir/DependInfo.cmake --color=
make[3]: Entering directory '/<<PKGBUILDDIR>>/obj-x86_64-linux-gnu'
cd /<<PKGBUILDDIR>>/obj-x86_64-linux-gnu && /usr/bin/cmake -E cmake_depends "Unix Makefiles" /<<PKGBUILDDIR>> /<<PKGBUILDDIR>>/tools/rbuic /<<PKGBUILDDIR>>/obj-x86_64-linux-gnu /<<PKGBUILDDIR>>/obj-x86_64-linux-gnu/tools/rbuic /<<PKGBUILDDIR>>/obj-x86_64-linux-gnu/tools/rbuic/CMakeFiles/rbuic4_bin.dir/DependInfo.cmake --color=
make[3]: Entering directory '/<<PKGBUILDDIR>>/obj-x86_64-linux-gnu'
cd /<<PKGBUILDDIR>>/obj-x86_64-linux-gnu && /usr/bin/cmake -E cmake_depends "Unix Makefiles" /<<PKGBUILDDIR>> /<<PKGBUILDDIR>>/tools/rbrcc /<<PKGBUILDDIR>>/obj-x86_64-linux-gnu /<<PKGBUILDDIR>>/obj-x86_64-linux-gnu/tools/rbrcc /<<PKGBUILDDIR>>/obj-x86_64-linux-gnu/tools/rbrcc/CMakeFiles/rbrcc.dir/DependInfo.cmake --color=
Scanning dependencies of target rbrcc
make[3]: Leaving directory '/<<PKGBUILDDIR>>/obj-x86_64-linux-gnu'
make -f tools/rbrcc/CMakeFiles/rbrcc.dir/build.make tools/rbrcc/CMakeFiles/rbrcc.dir/build
make[3]: Entering directory '/<<PKGBUILDDIR>>/obj-x86_64-linux-gnu'
[  2%] Building CXX object tools/rbrcc/CMakeFiles/rbrcc.dir/rcc.cpp.o
cd /<<PKGBUILDDIR>>/obj-x86_64-linux-gnu/tools/rbrcc && /usr/bin/c++    -I/usr/include/smoke -I/<<PKGBUILDDIR>>/src -I/usr/include/qt4/QtDesigner -I/usr/include/qt4/QtDeclarative -I/usr/include/qt4/QtScriptTools -I/usr/include/qt4/QtDBus -I/usr/include/qt4/QtXml -I/usr/include/qt4/QtSql -I/usr/include/qt4/QtNetwork -I/usr/include/qt4/phonon -I/usr/include/qt4/QtXmlPatterns -I/usr/include/qt4/QtHelp -I/usr/include/qt4/QtUiTools -I/usr/include/qt4/QtTest -I/usr/include/qt4/QtScript -I/usr/include/qt4/QtSvg -I/usr/include/qt4/Qt3Support -I/usr/include/qt4/QtGui -I/usr/include/qt4/QtCore -I/usr/share/qt4/mkspecs/default -I/usr/include/qt4  -g -O2 -fdebug-prefix-map=/<<PKGBUILDDIR>>=. -fstack-protector-strong -Wformat -Werror=format-security -Wdate-time -D_FORTIFY_SOURCE=2   -o CMakeFiles/rbrcc.dir/rcc.cpp.o -c /<<PKGBUILDDIR>>/tools/rbrcc/rcc.cpp
[  4%] Building CXX object tools/rbrcc/CMakeFiles/rbrcc.dir/main.cpp.o
cd /<<PKGBUILDDIR>>/obj-x86_64-linux-gnu/tools/rbrcc && /usr/bin/c++    -I/usr/include/smoke -I/<<PKGBUILDDIR>>/src -I/usr/include/qt4/QtDesigner -I/usr/include/qt4/QtDeclarative -I/usr/include/qt4/QtScriptTools -I/usr/include/qt4/QtDBus -I/usr/include/qt4/QtXml -I/usr/include/qt4/QtSql -I/usr/include/qt4/QtNetwork -I/usr/include/qt4/phonon -I/usr/include/qt4/QtXmlPatterns -I/usr/include/qt4/QtHelp -I/usr/include/qt4/QtUiTools -I/usr/include/qt4/QtTest -I/usr/include/qt4/QtScript -I/usr/include/qt4/QtSvg -I/usr/include/qt4/Qt3Support -I/usr/include/qt4/QtGui -I/usr/include/qt4/QtCore -I/usr/share/qt4/mkspecs/default -I/usr/include/qt4  -g -O2 -fdebug-prefix-map=/<<PKGBUILDDIR>>=. -fstack-protector-strong -Wformat -Werror=format-security -Wdate-time -D_FORTIFY_SOURCE=2   -o CMakeFiles/rbrcc.dir/main.cpp.o -c /<<PKGBUILDDIR>>/tools/rbrcc/main.cpp
Scanning dependencies of target rbuic4_bin
make[3]: Leaving directory '/<<PKGBUILDDIR>>/obj-x86_64-linux-gnu'
make -f tools/rbuic/CMakeFiles/rbuic4_bin.dir/build.make tools/rbuic/CMakeFiles/rbuic4_bin.dir/build
Scanning dependencies of target qtruby4shared
make[3]: Leaving directory '/<<PKGBUILDDIR>>/obj-x86_64-linux-gnu'
make -f src/CMakeFiles/qtruby4shared.dir/build.make src/CMakeFiles/qtruby4shared.dir/build
make[3]: Entering directory '/<<PKGBUILDDIR>>/obj-x86_64-linux-gnu'
make[3]: Entering directory '/<<PKGBUILDDIR>>/obj-x86_64-linux-gnu'
[  7%] Building CXX object tools/rbuic/CMakeFiles/rbuic4_bin.dir/treewalker.cpp.o
cd /<<PKGBUILDDIR>>/obj-x86_64-linux-gnu/tools/rbuic && /usr/bin/c++    -I/usr/include/smoke -I/<<PKGBUILDDIR>>/src -I/usr/include/qt4/QtDesigner -I/usr/include/qt4/QtDeclarative -I/usr/include/qt4/QtScriptTools -I/usr/include/qt4/QtDBus -I/usr/include/qt4/QtXml -I/usr/include/qt4/QtSql -I/usr/include/qt4/QtNetwork -I/usr/include/qt4/phonon -I/usr/include/qt4/QtXmlPatterns -I/usr/include/qt4/QtHelp -I/usr/include/qt4/QtUiTools -I/usr/include/qt4/QtTest -I/usr/include/qt4/QtScript -I/usr/include/qt4/QtSvg -I/usr/include/qt4/Qt3Support -I/usr/include/qt4/QtGui -I/usr/include/qt4/QtCore -I/usr/share/qt4/mkspecs/default -I/usr/include/qt4 -I/<<PKGBUILDDIR>>/tools/rbuic -I/<<PKGBUILDDIR>>/tools/rbuic/ruby  -g -O2 -fdebug-prefix-map=/<<PKGBUILDDIR>>=. -fstack-protector-strong -Wformat -Werror=format-security -Wdate-time -D_FORTIFY_SOURCE=2   -DQT_UIC_RB_GENERATOR -o CMakeFiles/rbuic4_bin.dir/treewalker.cpp.o -c /<<PKGBUILDDIR>>/tools/rbuic/treewalker.cpp
[  9%] Building CXX object tools/rbuic/CMakeFiles/rbuic4_bin.dir/databaseinfo.cpp.o
[ 11%] Building CXX object tools/rbuic/CMakeFiles/rbuic4_bin.dir/customwidgetsinfo.cpp.o
cd /<<PKGBUILDDIR>>/obj-x86_64-linux-gnu/tools/rbuic && /usr/bin/c++    -I/usr/include/smoke -I/<<PKGBUILDDIR>>/src -I/usr/include/qt4/QtDesigner -I/usr/include/qt4/QtDeclarative -I/usr/include/qt4/QtScriptTools -I/usr/include/qt4/QtDBus -I/usr/include/qt4/QtXml -I/usr/include/qt4/QtSql -I/usr/include/qt4/QtNetwork -I/usr/include/qt4/phonon -I/usr/include/qt4/QtXmlPatterns -I/usr/include/qt4/QtHelp -I/usr/include/qt4/QtUiTools -I/usr/include/qt4/QtTest -I/usr/include/qt4/QtScript -I/usr/include/qt4/QtSvg -I/usr/include/qt4/Qt3Support -I/usr/include/qt4/QtGui -I/usr/include/qt4/QtCore -I/usr/share/qt4/mkspecs/default -I/usr/include/qt4 -I/<<PKGBUILDDIR>>/tools/rbuic -I/<<PKGBUILDDIR>>/tools/rbuic/ruby  -g -O2 -fdebug-prefix-map=/<<PKGBUILDDIR>>=. -fstack-protector-strong -Wformat -Werror=format-security -Wdate-time -D_FORTIFY_SOURCE=2   -DQT_UIC_RB_GENERATOR -o CMakeFiles/rbuic4_bin.dir/databaseinfo.cpp.o -c /<<PKGBUILDDIR>>/tools/rbuic/databaseinfo.cpp
cd /<<PKGBUILDDIR>>/obj-x86_64-linux-gnu/tools/rbuic && /usr/bin/c++    -I/usr/include/smoke -I/<<PKGBUILDDIR>>/src -I/usr/include/qt4/QtDesigner -I/usr/include/qt4/QtDeclarative -I/usr/include/qt4/QtScriptTools -I/usr/include/qt4/QtDBus -I/usr/include/qt4/QtXml -I/usr/include/qt4/QtSql -I/usr/include/qt4/QtNetwork -I/usr/include/qt4/phonon -I/usr/include/qt4/QtXmlPatterns -I/usr/include/qt4/QtHelp -I/usr/include/qt4/QtUiTools -I/usr/include/qt4/QtTest -I/usr/include/qt4/QtScript -I/usr/include/qt4/QtSvg -I/usr/include/qt4/Qt3Support -I/usr/include/qt4/QtGui -I/usr/include/qt4/QtCore -I/usr/share/qt4/mkspecs/default -I/usr/include/qt4 -I/<<PKGBUILDDIR>>/tools/rbuic -I/<<PKGBUILDDIR>>/tools/rbuic/ruby  -g -O2 -fdebug-prefix-map=/<<PKGBUILDDIR>>=. -fstack-protector-strong -Wformat -Werror=format-security -Wdate-time -D_FORTIFY_SOURCE=2   -DQT_UIC_RB_GENERATOR -o CMakeFiles/rbuic4_bin.dir/customwidgetsinfo.cpp.o -c /<<PKGBUILDDIR>>/tools/rbuic/customwidgetsinfo.cpp
[ 14%] Building CXX object src/CMakeFiles/qtruby4shared.dir/Qt.cpp.o
[ 16%] Building CXX object tools/rbuic/CMakeFiles/rbuic4_bin.dir/driver.cpp.o
cd /<<PKGBUILDDIR>>/obj-x86_64-linux-gnu/src && /usr/bin/c++   -DQT_QTDBUS -DRUBY_VERSION=0x20300 -Dqtruby4shared_EXPORTS -I/usr/include/smoke -I/<<PKGBUILDDIR>>/src -I/usr/include/qt4/QtDesigner -I/usr/include/qt4/QtDeclarative -I/usr/include/qt4/QtScriptTools -I/usr/include/qt4/QtDBus -I/usr/include/qt4/QtXml -I/usr/include/qt4/QtSql -I/usr/include/qt4/QtNetwork -I/usr/include/qt4/phonon -I/usr/include/qt4/QtXmlPatterns -I/usr/include/qt4/QtHelp -I/usr/include/qt4/QtUiTools -I/usr/include/qt4/QtTest -I/usr/include/qt4/QtScript -I/usr/include/qt4/QtSvg -I/usr/include/qt4/Qt3Support -I/usr/include/qt4/QtGui -I/usr/include/qt4/QtCore -I/usr/share/qt4/mkspecs/default -I/usr/include/qt4 -I/usr/include/ruby-2.3.0 -I/usr/include/x86_64-linux-gnu/ruby-2.3.0  -g -O2 -fdebug-prefix-map=/<<PKGBUILDDIR>>=. -fstack-protector-strong -Wformat -Werror=format-security -Wdate-time -D_FORTIFY_SOURCE=2 -fPIC   -o CMakeFiles/qtruby4shared.dir/Qt.cpp.o -c /<<PKGBUILDDIR>>/src/Qt.cpp
[ 19%] Building CXX object tools/rbuic/CMakeFiles/rbuic4_bin.dir/uic.cpp.o
cd /<<PKGBUILDDIR>>/obj-x86_64-linux-gnu/tools/rbuic && /usr/bin/c++    -I/usr/include/smoke -I/<<PKGBUILDDIR>>/src -I/usr/include/qt4/QtDesigner -I/usr/include/qt4/QtDeclarative -I/usr/include/qt4/QtScriptTools -I/usr/include/qt4/QtDBus -I/usr/include/qt4/QtXml -I/usr/include/qt4/QtSql -I/usr/include/qt4/QtNetwork -I/usr/include/qt4/phonon -I/usr/include/qt4/QtXmlPatterns -I/usr/include/qt4/QtHelp -I/usr/include/qt4/QtUiTools -I/usr/include/qt4/QtTest -I/usr/include/qt4/QtScript -I/usr/include/qt4/QtSvg -I/usr/include/qt4/Qt3Support -I/usr/include/qt4/QtGui -I/usr/include/qt4/QtCore -I/usr/share/qt4/mkspecs/default -I/usr/include/qt4 -I/<<PKGBUILDDIR>>/tools/rbuic -I/<<PKGBUILDDIR>>/tools/rbuic/ruby  -g -O2 -fdebug-prefix-map=/<<PKGBUILDDIR>>=. -fstack-protector-strong -Wformat -Werror=format-security -Wdate-time -D_FORTIFY_SOURCE=2   -DQT_UIC_RB_GENERATOR -o CMakeFiles/rbuic4_bin.dir/driver.cpp.o -c /<<PKGBUILDDIR>>/tools/rbuic/driver.cpp
[ 21%] Building CXX object src/CMakeFiles/qtruby4shared.dir/handlers.cpp.o
cd /<<PKGBUILDDIR>>/obj-x86_64-linux-gnu/tools/rbuic && /usr/bin/c++    -I/usr/include/smoke -I/<<PKGBUILDDIR>>/src -I/usr/include/qt4/QtDesigner -I/usr/include/qt4/QtDeclarative -I/usr/include/qt4/QtScriptTools -I/usr/include/qt4/QtDBus -I/usr/include/qt4/QtXml -I/usr/include/qt4/QtSql -I/usr/include/qt4/QtNetwork -I/usr/include/qt4/phonon -I/usr/include/qt4/QtXmlPatterns -I/usr/include/qt4/QtHelp -I/usr/include/qt4/QtUiTools -I/usr/include/qt4/QtTest -I/usr/include/qt4/QtScript -I/usr/include/qt4/QtSvg -I/usr/include/qt4/Qt3Support -I/usr/include/qt4/QtGui -I/usr/include/qt4/QtCore -I/usr/share/qt4/mkspecs/default -I/usr/include/qt4 -I/<<PKGBUILDDIR>>/tools/rbuic -I/<<PKGBUILDDIR>>/tools/rbuic/ruby  -g -O2 -fdebug-prefix-map=/<<PKGBUILDDIR>>=. -fstack-protector-strong -Wformat -Werror=format-security -Wdate-time -D_FORTIFY_SOURCE=2   -DQT_UIC_RB_GENERATOR -o CMakeFiles/rbuic4_bin.dir/uic.cpp.o -c /<<PKGBUILDDIR>>/tools/rbuic/uic.cpp
[ 23%] Building CXX object tools/rbuic/CMakeFiles/rbuic4_bin.dir/ruby/rbextractimages.cpp.o
[ 26%] Building CXX object tools/rbuic/CMakeFiles/rbuic4_bin.dir/validator.cpp.o
cd /<<PKGBUILDDIR>>/obj-x86_64-linux-gnu/tools/rbuic && /usr/bin/c++    -I/usr/include/smoke -I/<<PKGBUILDDIR>>/src -I/usr/include/qt4/QtDesigner -I/usr/include/qt4/QtDeclarative -I/usr/include/qt4/QtScriptTools -I/usr/include/qt4/QtDBus -I/usr/include/qt4/QtXml -I/usr/include/qt4/QtSql -I/usr/include/qt4/QtNetwork -I/usr/include/qt4/phonon -I/usr/include/qt4/QtXmlPatterns -I/usr/include/qt4/QtHelp -I/usr/include/qt4/QtUiTools -I/usr/include/qt4/QtTest -I/usr/include/qt4/QtScript -I/usr/include/qt4/QtSvg -I/usr/include/qt4/Qt3Support -I/usr/include/qt4/QtGui -I/usr/include/qt4/QtCore -I/usr/share/qt4/mkspecs/default -I/usr/include/qt4 -I/<<PKGBUILDDIR>>/tools/rbuic -I/<<PKGBUILDDIR>>/tools/rbuic/ruby  -g -O2 -fdebug-prefix-map=/<<PKGBUILDDIR>>=. -fstack-protector-strong -Wformat -Werror=format-security -Wdate-time -D_FORTIFY_SOURCE=2   -DQT_UIC_RB_GENERATOR -o CMakeFiles/rbuic4_bin.dir/ruby/rbextractimages.cpp.o -c /<<PKGBUILDDIR>>/tools/rbuic/ruby/rbextractimages.cpp
cd /<<PKGBUILDDIR>>/obj-x86_64-linux-gnu/tools/rbuic && /usr/bin/c++    -I/usr/include/smoke -I/<<PKGBUILDDIR>>/src -I/usr/include/qt4/QtDesigner -I/usr/include/qt4/QtDeclarative -I/usr/include/qt4/QtScriptTools -I/usr/include/qt4/QtDBus -I/usr/include/qt4/QtXml -I/usr/include/qt4/QtSql -I/usr/include/qt4/QtNetwork -I/usr/include/qt4/phonon -I/usr/include/qt4/QtXmlPatterns -I/usr/include/qt4/QtHelp -I/usr/include/qt4/QtUiTools -I/usr/include/qt4/QtTest -I/usr/include/qt4/QtScript -I/usr/include/qt4/QtSvg -I/usr/include/qt4/Qt3Support -I/usr/include/qt4/QtGui -I/usr/include/qt4/QtCore -I/usr/share/qt4/mkspecs/default -I/usr/include/qt4 -I/<<PKGBUILDDIR>>/tools/rbuic -I/<<PKGBUILDDIR>>/tools/rbuic/ruby  -g -O2 -fdebug-prefix-map=/<<PKGBUILDDIR>>=. -fstack-protector-strong -Wformat -Werror=format-security -Wdate-time -D_FORTIFY_SOURCE=2   -DQT_UIC_RB_GENERATOR -o CMakeFiles/rbuic4_bin.dir/validator.cpp.o -c /<<PKGBUILDDIR>>/tools/rbuic/validator.cpp
cd /<<PKGBUILDDIR>>/obj-x86_64-linux-gnu/src && /usr/bin/c++   -DQT_QTDBUS -DRUBY_VERSION=0x20300 -Dqtruby4shared_EXPORTS -I/usr/include/smoke -I/<<PKGBUILDDIR>>/src -I/usr/include/qt4/QtDesigner -I/usr/include/qt4/QtDeclarative -I/usr/include/qt4/QtScriptTools -I/usr/include/qt4/QtDBus -I/usr/include/qt4/QtXml -I/usr/include/qt4/QtSql -I/usr/include/qt4/QtNetwork -I/usr/include/qt4/phonon -I/usr/include/qt4/QtXmlPatterns -I/usr/include/qt4/QtHelp -I/usr/include/qt4/QtUiTools -I/usr/include/qt4/QtTest -I/usr/include/qt4/QtScript -I/usr/include/qt4/QtSvg -I/usr/include/qt4/Qt3Support -I/usr/include/qt4/QtGui -I/usr/include/qt4/QtCore -I/usr/share/qt4/mkspecs/default -I/usr/include/qt4 -I/usr/include/ruby-2.3.0 -I/usr/include/x86_64-linux-gnu/ruby-2.3.0  -g -O2 -fdebug-prefix-map=/<<PKGBUILDDIR>>=. -fstack-protector-strong -Wformat -Werror=format-security -Wdate-time -D_FORTIFY_SOURCE=2 -fPIC   -o CMakeFiles/qtruby4shared.dir/handlers.cpp.o -c /<<PKGBUILDDIR>>/src/handlers.cpp
[ 28%] Building CXX object tools/rbuic/CMakeFiles/rbuic4_bin.dir/ruby/rbwriteicondeclaration.cpp.o
cd /<<PKGBUILDDIR>>/obj-x86_64-linux-gnu/tools/rbuic && /usr/bin/c++    -I/usr/include/smoke -I/<<PKGBUILDDIR>>/src -I/usr/include/qt4/QtDesigner -I/usr/include/qt4/QtDeclarative -I/usr/include/qt4/QtScriptTools -I/usr/include/qt4/QtDBus -I/usr/include/qt4/QtXml -I/usr/include/qt4/QtSql -I/usr/include/qt4/QtNetwork -I/usr/include/qt4/phonon -I/usr/include/qt4/QtXmlPatterns -I/usr/include/qt4/QtHelp -I/usr/include/qt4/QtUiTools -I/usr/include/qt4/QtTest -I/usr/include/qt4/QtScript -I/usr/include/qt4/QtSvg -I/usr/include/qt4/Qt3Support -I/usr/include/qt4/QtGui -I/usr/include/qt4/QtCore -I/usr/share/qt4/mkspecs/default -I/usr/include/qt4 -I/<<PKGBUILDDIR>>/tools/rbuic -I/<<PKGBUILDDIR>>/tools/rbuic/ruby  -g -O2 -fdebug-prefix-map=/<<PKGBUILDDIR>>=. -fstack-protector-strong -Wformat -Werror=format-security -Wdate-time -D_FORTIFY_SOURCE=2   -DQT_UIC_RB_GENERATOR -o CMakeFiles/rbuic4_bin.dir/ruby/rbwriteicondeclaration.cpp.o -c /<<PKGBUILDDIR>>/tools/rbuic/ruby/rbwriteicondeclaration.cpp
[ 30%] Building CXX object tools/rbuic/CMakeFiles/rbuic4_bin.dir/ui4.cpp.o
cd /<<PKGBUILDDIR>>/obj-x86_64-linux-gnu/tools/rbuic && /usr/bin/c++    -I/usr/include/smoke -I/<<PKGBUILDDIR>>/src -I/usr/include/qt4/QtDesigner -I/usr/include/qt4/QtDeclarative -I/usr/include/qt4/QtScriptTools -I/usr/include/qt4/QtDBus -I/usr/include/qt4/QtXml -I/usr/include/qt4/QtSql -I/usr/include/qt4/QtNetwork -I/usr/include/qt4/phonon -I/usr/include/qt4/QtXmlPatterns -I/usr/include/qt4/QtHelp -I/usr/include/qt4/QtUiTools -I/usr/include/qt4/QtTest -I/usr/include/qt4/QtScript -I/usr/include/qt4/QtSvg -I/usr/include/qt4/Qt3Support -I/usr/include/qt4/QtGui -I/usr/include/qt4/QtCore -I/usr/share/qt4/mkspecs/default -I/usr/include/qt4 -I/<<PKGBUILDDIR>>/tools/rbuic -I/<<PKGBUILDDIR>>/tools/rbuic/ruby  -g -O2 -fdebug-prefix-map=/<<PKGBUILDDIR>>=. -fstack-protector-strong -Wformat -Werror=format-security -Wdate-time -D_FORTIFY_SOURCE=2   -DQT_UIC_RB_GENERATOR -o CMakeFiles/rbuic4_bin.dir/ui4.cpp.o -c /<<PKGBUILDDIR>>/tools/rbuic/ui4.cpp
[ 33%] Building CXX object src/CMakeFiles/qtruby4shared.dir/marshall_types.cpp.o
[ 35%] Building CXX object tools/rbuic/CMakeFiles/rbuic4_bin.dir/ruby/rbwritedeclaration.cpp.o
cd /<<PKGBUILDDIR>>/obj-x86_64-linux-gnu/src && /usr/bin/c++   -DQT_QTDBUS -DRUBY_VERSION=0x20300 -Dqtruby4shared_EXPORTS -I/usr/include/smoke -I/<<PKGBUILDDIR>>/src -I/usr/include/qt4/QtDesigner -I/usr/include/qt4/QtDeclarative -I/usr/include/qt4/QtScriptTools -I/usr/include/qt4/QtDBus -I/usr/include/qt4/QtXml -I/usr/include/qt4/QtSql -I/usr/include/qt4/QtNetwork -I/usr/include/qt4/phonon -I/usr/include/qt4/QtXmlPatterns -I/usr/include/qt4/QtHelp -I/usr/include/qt4/QtUiTools -I/usr/include/qt4/QtTest -I/usr/include/qt4/QtScript -I/usr/include/qt4/QtSvg -I/usr/include/qt4/Qt3Support -I/usr/include/qt4/QtGui -I/usr/include/qt4/QtCore -I/usr/share/qt4/mkspecs/default -I/usr/include/qt4 -I/usr/include/ruby-2.3.0 -I/usr/include/x86_64-linux-gnu/ruby-2.3.0  -g -O2 -fdebug-prefix-map=/<<PKGBUILDDIR>>=. -fstack-protector-strong -Wformat -Werror=format-security -Wdate-time -D_FORTIFY_SOURCE=2 -fPIC   -o CMakeFiles/qtruby4shared.dir/marshall_types.cpp.o -c /<<PKGBUILDDIR>>/src/marshall_types.cpp
cd /<<PKGBUILDDIR>>/obj-x86_64-linux-gnu/tools/rbuic && /usr/bin/c++    -I/usr/include/smoke -I/<<PKGBUILDDIR>>/src -I/usr/include/qt4/QtDesigner -I/usr/include/qt4/QtDeclarative -I/usr/include/qt4/QtScriptTools -I/usr/include/qt4/QtDBus -I/usr/include/qt4/QtXml -I/usr/include/qt4/QtSql -I/usr/include/qt4/QtNetwork -I/usr/include/qt4/phonon -I/usr/include/qt4/QtXmlPatterns -I/usr/include/qt4/QtHelp -I/usr/include/qt4/QtUiTools -I/usr/include/qt4/QtTest -I/usr/include/qt4/QtScript -I/usr/include/qt4/QtSvg -I/usr/include/qt4/Qt3Support -I/usr/include/qt4/QtGui -I/usr/include/qt4/QtCore -I/usr/share/qt4/mkspecs/default -I/usr/include/qt4 -I/<<PKGBUILDDIR>>/tools/rbuic -I/<<PKGBUILDDIR>>/tools/rbuic/ruby  -g -O2 -fdebug-prefix-map=/<<PKGBUILDDIR>>=. -fstack-protector-strong -Wformat -Werror=format-security -Wdate-time -D_FORTIFY_SOURCE=2   -DQT_UIC_RB_GENERATOR -o CMakeFiles/rbuic4_bin.dir/ruby/rbwritedeclaration.cpp.o -c /<<PKGBUILDDIR>>/tools/rbuic/ruby/rbwritedeclaration.cpp
[ 38%] Building CXX object tools/rbuic/CMakeFiles/rbuic4_bin.dir/ruby/rbwriteicondata.cpp.o
cd /<<PKGBUILDDIR>>/obj-x86_64-linux-gnu/tools/rbuic && /usr/bin/c++    -I/usr/include/smoke -I/<<PKGBUILDDIR>>/src -I/usr/include/qt4/QtDesigner -I/usr/include/qt4/QtDeclarative -I/usr/include/qt4/QtScriptTools -I/usr/include/qt4/QtDBus -I/usr/include/qt4/QtXml -I/usr/include/qt4/QtSql -I/usr/include/qt4/QtNetwork -I/usr/include/qt4/phonon -I/usr/include/qt4/QtXmlPatterns -I/usr/include/qt4/QtHelp -I/usr/include/qt4/QtUiTools -I/usr/include/qt4/QtTest -I/usr/include/qt4/QtScript -I/usr/include/qt4/QtSvg -I/usr/include/qt4/Qt3Support -I/usr/include/qt4/QtGui -I/usr/include/qt4/QtCore -I/usr/share/qt4/mkspecs/default -I/usr/include/qt4 -I/<<PKGBUILDDIR>>/tools/rbuic -I/<<PKGBUILDDIR>>/tools/rbuic/ruby  -g -O2 -fdebug-prefix-map=/<<PKGBUILDDIR>>=. -fstack-protector-strong -Wformat -Werror=format-security -Wdate-time -D_FORTIFY_SOURCE=2   -DQT_UIC_RB_GENERATOR -o CMakeFiles/rbuic4_bin.dir/ruby/rbwriteicondata.cpp.o -c /<<PKGBUILDDIR>>/tools/rbuic/ruby/rbwriteicondata.cpp
/<<PKGBUILDDIR>>/tools/rbuic/driver.cpp:214:44: warning: '&&' within '||' [-Wlogical-op-parentheses]
    return c.toUpper() >= QLatin1Char('A') && c.toUpper() <= QLatin1Char('Z')
           ~~~~~~~~~~~~~~~~~~~~~~~~~~~~~~~~^~~~~~~~~~~~~~~~~~~~~~~~~~~~~~~~~~
/<<PKGBUILDDIR>>/tools/rbuic/driver.cpp:214:44: note: place parentheses around the '&&' expression to silence this warning
    return c.toUpper() >= QLatin1Char('A') && c.toUpper() <= QLatin1Char('Z')
                                           ^
           (                                                                 )
[ 40%] Building CXX object tools/rbuic/CMakeFiles/rbuic4_bin.dir/ruby/rbwriteiconinitialization.cpp.o
cd /<<PKGBUILDDIR>>/obj-x86_64-linux-gnu/tools/rbuic && /usr/bin/c++    -I/usr/include/smoke -I/<<PKGBUILDDIR>>/src -I/usr/include/qt4/QtDesigner -I/usr/include/qt4/QtDeclarative -I/usr/include/qt4/QtScriptTools -I/usr/include/qt4/QtDBus -I/usr/include/qt4/QtXml -I/usr/include/qt4/QtSql -I/usr/include/qt4/QtNetwork -I/usr/include/qt4/phonon -I/usr/include/qt4/QtXmlPatterns -I/usr/include/qt4/QtHelp -I/usr/include/qt4/QtUiTools -I/usr/include/qt4/QtTest -I/usr/include/qt4/QtScript -I/usr/include/qt4/QtSvg -I/usr/include/qt4/Qt3Support -I/usr/include/qt4/QtGui -I/usr/include/qt4/QtCore -I/usr/share/qt4/mkspecs/default -I/usr/include/qt4 -I/<<PKGBUILDDIR>>/tools/rbuic -I/<<PKGBUILDDIR>>/tools/rbuic/ruby  -g -O2 -fdebug-prefix-map=/<<PKGBUILDDIR>>=. -fstack-protector-strong -Wformat -Werror=format-security -Wdate-time -D_FORTIFY_SOURCE=2   -DQT_UIC_RB_GENERATOR -o CMakeFiles/rbuic4_bin.dir/ruby/rbwriteiconinitialization.cpp.o -c /<<PKGBUILDDIR>>/tools/rbuic/ruby/rbwriteiconinitialization.cpp
[ 42%] Building CXX object tools/rbuic/CMakeFiles/rbuic4_bin.dir/ruby/rbwriteinitialization.cpp.o
cd /<<PKGBUILDDIR>>/obj-x86_64-linux-gnu/tools/rbuic && /usr/bin/c++    -I/usr/include/smoke -I/<<PKGBUILDDIR>>/src -I/usr/include/qt4/QtDesigner -I/usr/include/qt4/QtDeclarative -I/usr/include/qt4/QtScriptTools -I/usr/include/qt4/QtDBus -I/usr/include/qt4/QtXml -I/usr/include/qt4/QtSql -I/usr/include/qt4/QtNetwork -I/usr/include/qt4/phonon -I/usr/include/qt4/QtXmlPatterns -I/usr/include/qt4/QtHelp -I/usr/include/qt4/QtUiTools -I/usr/include/qt4/QtTest -I/usr/include/qt4/QtScript -I/usr/include/qt4/QtSvg -I/usr/include/qt4/Qt3Support -I/usr/include/qt4/QtGui -I/usr/include/qt4/QtCore -I/usr/share/qt4/mkspecs/default -I/usr/include/qt4 -I/<<PKGBUILDDIR>>/tools/rbuic -I/<<PKGBUILDDIR>>/tools/rbuic/ruby  -g -O2 -fdebug-prefix-map=/<<PKGBUILDDIR>>=. -fstack-protector-strong -Wformat -Werror=format-security -Wdate-time -D_FORTIFY_SOURCE=2   -DQT_UIC_RB_GENERATOR -o CMakeFiles/rbuic4_bin.dir/ruby/rbwriteinitialization.cpp.o -c /<<PKGBUILDDIR>>/tools/rbuic/ruby/rbwriteinitialization.cpp
[ 45%] Building CXX object tools/rbuic/CMakeFiles/rbuic4_bin.dir/main.cpp.o
cd /<<PKGBUILDDIR>>/obj-x86_64-linux-gnu/tools/rbuic && /usr/bin/c++    -I/usr/include/smoke -I/<<PKGBUILDDIR>>/src -I/usr/include/qt4/QtDesigner -I/usr/include/qt4/QtDeclarative -I/usr/include/qt4/QtScriptTools -I/usr/include/qt4/QtDBus -I/usr/include/qt4/QtXml -I/usr/include/qt4/QtSql -I/usr/include/qt4/QtNetwork -I/usr/include/qt4/phonon -I/usr/include/qt4/QtXmlPatterns -I/usr/include/qt4/QtHelp -I/usr/include/qt4/QtUiTools -I/usr/include/qt4/QtTest -I/usr/include/qt4/QtScript -I/usr/include/qt4/QtSvg -I/usr/include/qt4/Qt3Support -I/usr/include/qt4/QtGui -I/usr/include/qt4/QtCore -I/usr/share/qt4/mkspecs/default -I/usr/include/qt4 -I/<<PKGBUILDDIR>>/tools/rbuic -I/<<PKGBUILDDIR>>/tools/rbuic/ruby  -g -O2 -fdebug-prefix-map=/<<PKGBUILDDIR>>=. -fstack-protector-strong -Wformat -Werror=format-security -Wdate-time -D_FORTIFY_SOURCE=2   -DQT_UIC_RB_GENERATOR -o CMakeFiles/rbuic4_bin.dir/main.cpp.o -c /<<PKGBUILDDIR>>/tools/rbuic/main.cpp
/<<PKGBUILDDIR>>/src/handlers.cpp:1797:23: warning: cast to 'void *' from smaller integer type 'int' [-Wint-to-void-pointer-cast]
                m->item().s_voidp = (void*)NUM2INT(*(m->var()));
                                    ^
1 warning generated.
[ 47%] Linking CXX executable rbrcc
cd /<<PKGBUILDDIR>>/obj-x86_64-linux-gnu/tools/rbrcc && /usr/bin/cmake -E cmake_link_script CMakeFiles/rbrcc.dir/link.txt --verbose=1
/usr/bin/c++   -g -O2 -fdebug-prefix-map=/<<PKGBUILDDIR>>=. -fstack-protector-strong -Wformat -Werror=format-security -Wdate-time -D_FORTIFY_SOURCE=2  -Wl,-z,relro CMakeFiles/rbrcc.dir/rcc.cpp.o CMakeFiles/rbrcc.dir/main.cpp.o  -o rbrcc -rdynamic -lQtCore -lQtXml 
make[3]: Leaving directory '/<<PKGBUILDDIR>>/obj-x86_64-linux-gnu'
[ 47%] Built target rbrcc
1 warning generated.
[ 50%] Linking CXX shared library libqtruby4shared.so
cd /<<PKGBUILDDIR>>/obj-x86_64-linux-gnu/src && /usr/bin/cmake -E cmake_link_script CMakeFiles/qtruby4shared.dir/link.txt --verbose=1
/usr/bin/c++  -fPIC -g -O2 -fdebug-prefix-map=/<<PKGBUILDDIR>>=. -fstack-protector-strong -Wformat -Werror=format-security -Wdate-time -D_FORTIFY_SOURCE=2 -Wl,-z,relro -shared -Wl,-soname,libqtruby4shared.so.2 -o libqtruby4shared.so.2.0.0 CMakeFiles/qtruby4shared.dir/Qt.cpp.o CMakeFiles/qtruby4shared.dir/handlers.cpp.o CMakeFiles/qtruby4shared.dir/marshall_types.cpp.o -lQtCore -lQtGui -lruby-2.3 -lQtNetwork -lsmokebase -lsmokeqtcore -lsmokeqtgui -lsmokeqtxml -lsmokeqtopengl -lsmokeqtsql -lsmokeqtnetwork -lsmokeqtdbus -lsmokeqtsvg 
cd /<<PKGBUILDDIR>>/obj-x86_64-linux-gnu/src && /usr/bin/cmake -E cmake_symlink_library libqtruby4shared.so.2.0.0 libqtruby4shared.so.2 libqtruby4shared.so
make[3]: Leaving directory '/<<PKGBUILDDIR>>/obj-x86_64-linux-gnu'
[ 50%] Built target qtruby4shared
make -f modules/qtdeclarative/CMakeFiles/rubyqtdeclarative.dir/build.make modules/qtdeclarative/CMakeFiles/rubyqtdeclarative.dir/depend
make -f modules/qtuitools/CMakeFiles/rubyqtuitools.dir/build.make modules/qtuitools/CMakeFiles/rubyqtuitools.dir/depend
make -f modules/qtscript/CMakeFiles/qtscript.dir/build.make modules/qtscript/CMakeFiles/qtscript.dir/depend
make -f modules/qttest/CMakeFiles/qttest.dir/build.make modules/qttest/CMakeFiles/qttest.dir/depend
make -f modules/phonon/CMakeFiles/rubyphonon.dir/build.make modules/phonon/CMakeFiles/rubyphonon.dir/depend
make -f modules/qscintilla/CMakeFiles/rubyqscintilla.dir/build.make modules/qscintilla/CMakeFiles/rubyqscintilla.dir/depend
make -f src/CMakeFiles/qtruby4.dir/build.make src/CMakeFiles/qtruby4.dir/depend
make[3]: Entering directory '/<<PKGBUILDDIR>>/obj-x86_64-linux-gnu'
cd /<<PKGBUILDDIR>>/obj-x86_64-linux-gnu && /usr/bin/cmake -E cmake_depends "Unix Makefiles" /<<PKGBUILDDIR>> /<<PKGBUILDDIR>>/modules/qtdeclarative /<<PKGBUILDDIR>>/obj-x86_64-linux-gnu /<<PKGBUILDDIR>>/obj-x86_64-linux-gnu/modules/qtdeclarative /<<PKGBUILDDIR>>/obj-x86_64-linux-gnu/modules/qtdeclarative/CMakeFiles/rubyqtdeclarative.dir/DependInfo.cmake --color=
make[3]: Entering directory '/<<PKGBUILDDIR>>/obj-x86_64-linux-gnu'
cd /<<PKGBUILDDIR>>/obj-x86_64-linux-gnu && /usr/bin/cmake -E cmake_depends "Unix Makefiles" /<<PKGBUILDDIR>> /<<PKGBUILDDIR>>/modules/qtuitools /<<PKGBUILDDIR>>/obj-x86_64-linux-gnu /<<PKGBUILDDIR>>/obj-x86_64-linux-gnu/modules/qtuitools /<<PKGBUILDDIR>>/obj-x86_64-linux-gnu/modules/qtuitools/CMakeFiles/rubyqtuitools.dir/DependInfo.cmake --color=
make[3]: Entering directory '/<<PKGBUILDDIR>>/obj-x86_64-linux-gnu'
cd /<<PKGBUILDDIR>>/obj-x86_64-linux-gnu && /usr/bin/cmake -E cmake_depends "Unix Makefiles" /<<PKGBUILDDIR>> /<<PKGBUILDDIR>>/modules/qtscript /<<PKGBUILDDIR>>/obj-x86_64-linux-gnu /<<PKGBUILDDIR>>/obj-x86_64-linux-gnu/modules/qtscript /<<PKGBUILDDIR>>/obj-x86_64-linux-gnu/modules/qtscript/CMakeFiles/qtscript.dir/DependInfo.cmake --color=
make[3]: Entering directory '/<<PKGBUILDDIR>>/obj-x86_64-linux-gnu'
cd /<<PKGBUILDDIR>>/obj-x86_64-linux-gnu && /usr/bin/cmake -E cmake_depends "Unix Makefiles" /<<PKGBUILDDIR>> /<<PKGBUILDDIR>>/modules/qscintilla /<<PKGBUILDDIR>>/obj-x86_64-linux-gnu /<<PKGBUILDDIR>>/obj-x86_64-linux-gnu/modules/qscintilla /<<PKGBUILDDIR>>/obj-x86_64-linux-gnu/modules/qscintilla/CMakeFiles/rubyqscintilla.dir/DependInfo.cmake --color=
make[3]: Entering directory '/<<PKGBUILDDIR>>/obj-x86_64-linux-gnu'
cd /<<PKGBUILDDIR>>/obj-x86_64-linux-gnu && /usr/bin/cmake -E cmake_depends "Unix Makefiles" /<<PKGBUILDDIR>> /<<PKGBUILDDIR>>/modules/qttest /<<PKGBUILDDIR>>/obj-x86_64-linux-gnu /<<PKGBUILDDIR>>/obj-x86_64-linux-gnu/modules/qttest /<<PKGBUILDDIR>>/obj-x86_64-linux-gnu/modules/qttest/CMakeFiles/qttest.dir/DependInfo.cmake --color=
make[3]: Entering directory '/<<PKGBUILDDIR>>/obj-x86_64-linux-gnu'
cd /<<PKGBUILDDIR>>/obj-x86_64-linux-gnu && /usr/bin/cmake -E cmake_depends "Unix Makefiles" /<<PKGBUILDDIR>> /<<PKGBUILDDIR>>/src /<<PKGBUILDDIR>>/obj-x86_64-linux-gnu /<<PKGBUILDDIR>>/obj-x86_64-linux-gnu/src /<<PKGBUILDDIR>>/obj-x86_64-linux-gnu/src/CMakeFiles/qtruby4.dir/DependInfo.cmake --color=
make[3]: Entering directory '/<<PKGBUILDDIR>>/obj-x86_64-linux-gnu'
cd /<<PKGBUILDDIR>>/obj-x86_64-linux-gnu && /usr/bin/cmake -E cmake_depends "Unix Makefiles" /<<PKGBUILDDIR>> /<<PKGBUILDDIR>>/modules/phonon /<<PKGBUILDDIR>>/obj-x86_64-linux-gnu /<<PKGBUILDDIR>>/obj-x86_64-linux-gnu/modules/phonon /<<PKGBUILDDIR>>/obj-x86_64-linux-gnu/modules/phonon/CMakeFiles/rubyphonon.dir/DependInfo.cmake --color=
Scanning dependencies of target rubyqtdeclarative
Scanning dependencies of target rubyqtuitools
Scanning dependencies of target qtscript
make[3]: Leaving directory '/<<PKGBUILDDIR>>/obj-x86_64-linux-gnu'
make -f modules/qtdeclarative/CMakeFiles/rubyqtdeclarative.dir/build.make modules/qtdeclarative/CMakeFiles/rubyqtdeclarative.dir/build
make[3]: Leaving directory '/<<PKGBUILDDIR>>/obj-x86_64-linux-gnu'
make[3]: Leaving directory '/<<PKGBUILDDIR>>/obj-x86_64-linux-gnu'
make -f modules/qtuitools/CMakeFiles/rubyqtuitools.dir/build.make modules/qtuitools/CMakeFiles/rubyqtuitools.dir/build
make -f modules/qtscript/CMakeFiles/qtscript.dir/build.make modules/qtscript/CMakeFiles/qtscript.dir/build
make[3]: Entering directory '/<<PKGBUILDDIR>>/obj-x86_64-linux-gnu'
make[3]: Entering directory '/<<PKGBUILDDIR>>/obj-x86_64-linux-gnu'
make[3]: Entering directory '/<<PKGBUILDDIR>>/obj-x86_64-linux-gnu'
Scanning dependencies of target rubyphonon
make[3]: Leaving directory '/<<PKGBUILDDIR>>/obj-x86_64-linux-gnu'
make -f modules/phonon/CMakeFiles/rubyphonon.dir/build.make modules/phonon/CMakeFiles/rubyphonon.dir/build
Scanning dependencies of target rubyqscintilla
make[3]: Leaving directory '/<<PKGBUILDDIR>>/obj-x86_64-linux-gnu'
Scanning dependencies of target qtruby4
make -f modules/qscintilla/CMakeFiles/rubyqscintilla.dir/build.make modules/qscintilla/CMakeFiles/rubyqscintilla.dir/build
make[3]: Leaving directory '/<<PKGBUILDDIR>>/obj-x86_64-linux-gnu'
make -f src/CMakeFiles/qtruby4.dir/build.make src/CMakeFiles/qtruby4.dir/build
make[3]: Entering directory '/<<PKGBUILDDIR>>/obj-x86_64-linux-gnu'
Scanning dependencies of target qttest
[ 52%] Building CXX object modules/qtdeclarative/CMakeFiles/rubyqtdeclarative.dir/qtdeclarative.cpp.o
make[3]: Entering directory '/<<PKGBUILDDIR>>/obj-x86_64-linux-gnu'
make[3]: Entering directory '/<<PKGBUILDDIR>>/obj-x86_64-linux-gnu'
make[3]: Leaving directory '/<<PKGBUILDDIR>>/obj-x86_64-linux-gnu'
cd /<<PKGBUILDDIR>>/obj-x86_64-linux-gnu/modules/qtdeclarative && /usr/bin/c++   -Drubyqtdeclarative_EXPORTS -I/usr/include/smoke -I/<<PKGBUILDDIR>>/src -I/usr/include/qt4/QtDesigner -I/usr/include/qt4/QtDeclarative -I/usr/include/qt4/QtScriptTools -I/usr/include/qt4/QtDBus -I/usr/include/qt4/QtXml -I/usr/include/qt4/QtSql -I/usr/include/qt4/QtNetwork -I/usr/include/qt4/phonon -I/usr/include/qt4/QtXmlPatterns -I/usr/include/qt4/QtHelp -I/usr/include/qt4/QtUiTools -I/usr/include/qt4/QtTest -I/usr/include/qt4/QtScript -I/usr/include/qt4/QtSvg -I/usr/include/qt4/Qt3Support -I/usr/include/qt4/QtGui -I/usr/include/qt4/QtCore -I/usr/share/qt4/mkspecs/default -I/usr/include/qt4 -I/<<PKGBUILDDIR>>/generator -I/usr/include/ruby-2.3.0 -I/usr/include/x86_64-linux-gnu/ruby-2.3.0 -I/<<PKGBUILDDIR>>/ruby/qtruby/src  -g -O2 -fdebug-prefix-map=/<<PKGBUILDDIR>>=. -fstack-protector-strong -Wformat -Werror=format-security -Wdate-time -D_FORTIFY_SOURCE=2 -fPIC   -o CMakeFiles/rubyqtdeclarative.dir/qtdeclarative.cpp.o -c /<<PKGBUILDDIR>>/modules/qtdeclarative/qtdeclarative.cpp
make -f modules/qttest/CMakeFiles/qttest.dir/build.make modules/qttest/CMakeFiles/qttest.dir/build
[ 54%] Building CXX object modules/qtscript/CMakeFiles/qtscript.dir/qtscripthandlers.cpp.o
cd /<<PKGBUILDDIR>>/obj-x86_64-linux-gnu/modules/qtscript && /usr/bin/c++   -Dqtscript_EXPORTS -I/usr/include/smoke -I/<<PKGBUILDDIR>>/src -I/usr/include/qt4/QtDesigner -I/usr/include/qt4/QtDeclarative -I/usr/include/qt4/QtScriptTools -I/usr/include/qt4/QtDBus -I/usr/include/qt4/QtXml -I/usr/include/qt4/QtSql -I/usr/include/qt4/QtNetwork -I/usr/include/qt4/phonon -I/usr/include/qt4/QtXmlPatterns -I/usr/include/qt4/QtHelp -I/usr/include/qt4/QtUiTools -I/usr/include/qt4/QtTest -I/usr/include/qt4/QtScript -I/usr/include/qt4/QtSvg -I/usr/include/qt4/Qt3Support -I/usr/include/qt4/QtGui -I/usr/include/qt4/QtCore -I/usr/share/qt4/mkspecs/default -I/usr/include/qt4 -I/<<PKGBUILDDIR>>/generator -I/usr/include/ruby-2.3.0 -I/usr/include/x86_64-linux-gnu/ruby-2.3.0 -I/<<PKGBUILDDIR>>/ruby/qtruby/src  -g -O2 -fdebug-prefix-map=/<<PKGBUILDDIR>>=. -fstack-protector-strong -Wformat -Werror=format-security -Wdate-time -D_FORTIFY_SOURCE=2 -fPIC   -o CMakeFiles/qtscript.dir/qtscripthandlers.cpp.o -c /<<PKGBUILDDIR>>/modules/qtscript/qtscripthandlers.cpp
make[3]: Entering directory '/<<PKGBUILDDIR>>/obj-x86_64-linux-gnu'
[ 57%] Building CXX object modules/qtuitools/CMakeFiles/rubyqtuitools.dir/qtuitools.cpp.o
[ 59%] Building CXX object modules/qtuitools/CMakeFiles/rubyqtuitools.dir/qtuitoolshandlers.cpp.o
cd /<<PKGBUILDDIR>>/obj-x86_64-linux-gnu/modules/qtuitools && /usr/bin/c++   -Drubyqtuitools_EXPORTS -I/usr/include/smoke -I/<<PKGBUILDDIR>>/src -I/usr/include/qt4/QtDesigner -I/usr/include/qt4/QtDeclarative -I/usr/include/qt4/QtScriptTools -I/usr/include/qt4/QtDBus -I/usr/include/qt4/QtXml -I/usr/include/qt4/QtSql -I/usr/include/qt4/QtNetwork -I/usr/include/qt4/phonon -I/usr/include/qt4/QtXmlPatterns -I/usr/include/qt4/QtHelp -I/usr/include/qt4/QtUiTools -I/usr/include/qt4/QtTest -I/usr/include/qt4/QtScript -I/usr/include/qt4/QtSvg -I/usr/include/qt4/Qt3Support -I/usr/include/qt4/QtGui -I/usr/include/qt4/QtCore -I/usr/share/qt4/mkspecs/default -I/usr/include/qt4 -I/<<PKGBUILDDIR>>/generator -I/usr/include/ruby-2.3.0 -I/usr/include/x86_64-linux-gnu/ruby-2.3.0 -I/<<PKGBUILDDIR>>/ruby/qtruby/src  -g -O2 -fdebug-prefix-map=/<<PKGBUILDDIR>>=. -fstack-protector-strong -Wformat -Werror=format-security -Wdate-time -D_FORTIFY_SOURCE=2 -fPIC   -o CMakeFiles/rubyqtuitools.dir/qtuitools.cpp.o -c /<<PKGBUILDDIR>>/modules/qtuitools/qtuitools.cpp
[ 61%] Building CXX object modules/qscintilla/CMakeFiles/rubyqscintilla.dir/qscintilla.cpp.o
cd /<<PKGBUILDDIR>>/obj-x86_64-linux-gnu/modules/qtuitools && /usr/bin/c++   -Drubyqtuitools_EXPORTS -I/usr/include/smoke -I/<<PKGBUILDDIR>>/src -I/usr/include/qt4/QtDesigner -I/usr/include/qt4/QtDeclarative -I/usr/include/qt4/QtScriptTools -I/usr/include/qt4/QtDBus -I/usr/include/qt4/QtXml -I/usr/include/qt4/QtSql -I/usr/include/qt4/QtNetwork -I/usr/include/qt4/phonon -I/usr/include/qt4/QtXmlPatterns -I/usr/include/qt4/QtHelp -I/usr/include/qt4/QtUiTools -I/usr/include/qt4/QtTest -I/usr/include/qt4/QtScript -I/usr/include/qt4/QtSvg -I/usr/include/qt4/Qt3Support -I/usr/include/qt4/QtGui -I/usr/include/qt4/QtCore -I/usr/share/qt4/mkspecs/default -I/usr/include/qt4 -I/<<PKGBUILDDIR>>/generator -I/usr/include/ruby-2.3.0 -I/usr/include/x86_64-linux-gnu/ruby-2.3.0 -I/<<PKGBUILDDIR>>/ruby/qtruby/src  -g -O2 -fdebug-prefix-map=/<<PKGBUILDDIR>>=. -fstack-protector-strong -Wformat -Werror=format-security -Wdate-time -D_FORTIFY_SOURCE=2 -fPIC   -o CMakeFiles/rubyqtuitools.dir/qtuitoolshandlers.cpp.o -c /<<PKGBUILDDIR>>/modules/qtuitools/qtuitoolshandlers.cpp
cd /<<PKGBUILDDIR>>/obj-x86_64-linux-gnu/modules/qscintilla && /usr/bin/c++   -Drubyqscintilla_EXPORTS -I/usr/include/smoke -I/<<PKGBUILDDIR>>/src -I/usr/include/qt4/QtDesigner -I/usr/include/qt4/QtDeclarative -I/usr/include/qt4/QtScriptTools -I/usr/include/qt4/QtDBus -I/usr/include/qt4/QtXml -I/usr/include/qt4/QtSql -I/usr/include/qt4/QtNetwork -I/usr/include/qt4/phonon -I/usr/include/qt4/QtXmlPatterns -I/usr/include/qt4/QtHelp -I/usr/include/qt4/QtUiTools -I/usr/include/qt4/QtTest -I/usr/include/qt4/QtScript -I/usr/include/qt4/QtSvg -I/usr/include/qt4/Qt3Support -I/usr/include/qt4/QtGui -I/usr/include/qt4/QtCore -I/usr/share/qt4/mkspecs/default -I/usr/include/qt4 -I/<<PKGBUILDDIR>>/generator -I/usr/include/ruby-2.3.0 -I/usr/include/x86_64-linux-gnu/ruby-2.3.0 -I/<<PKGBUILDDIR>>/ruby/qtruby/src  -g -O2 -fdebug-prefix-map=/<<PKGBUILDDIR>>=. -fstack-protector-strong -Wformat -Werror=format-security -Wdate-time -D_FORTIFY_SOURCE=2 -fPIC   -o CMakeFiles/rubyqscintilla.dir/qscintilla.cpp.o -c /<<PKGBUILDDIR>>/modules/qscintilla/qscintilla.cpp
[ 64%] Building CXX object modules/qtdeclarative/CMakeFiles/rubyqtdeclarative.dir/qtdeclarativehandlers.cpp.o
cd /<<PKGBUILDDIR>>/obj-x86_64-linux-gnu/modules/qtdeclarative && /usr/bin/c++   -Drubyqtdeclarative_EXPORTS -I/usr/include/smoke -I/<<PKGBUILDDIR>>/src -I/usr/include/qt4/QtDesigner -I/usr/include/qt4/QtDeclarative -I/usr/include/qt4/QtScriptTools -I/usr/include/qt4/QtDBus -I/usr/include/qt4/QtXml -I/usr/include/qt4/QtSql -I/usr/include/qt4/QtNetwork -I/usr/include/qt4/phonon -I/usr/include/qt4/QtXmlPatterns -I/usr/include/qt4/QtHelp -I/usr/include/qt4/QtUiTools -I/usr/include/qt4/QtTest -I/usr/include/qt4/QtScript -I/usr/include/qt4/QtSvg -I/usr/include/qt4/Qt3Support -I/usr/include/qt4/QtGui -I/usr/include/qt4/QtCore -I/usr/share/qt4/mkspecs/default -I/usr/include/qt4 -I/<<PKGBUILDDIR>>/generator -I/usr/include/ruby-2.3.0 -I/usr/include/x86_64-linux-gnu/ruby-2.3.0 -I/<<PKGBUILDDIR>>/ruby/qtruby/src  -g -O2 -fdebug-prefix-map=/<<PKGBUILDDIR>>=. -fstack-protector-strong -Wformat -Werror=format-security -Wdate-time -D_FORTIFY_SOURCE=2 -fPIC   -o CMakeFiles/rubyqtdeclarative.dir/qtdeclarativehandlers.cpp.o -c /<<PKGBUILDDIR>>/modules/qtdeclarative/qtdeclarativehandlers.cpp
[ 66%] Building CXX object modules/qtscript/CMakeFiles/qtscript.dir/qtscript.cpp.o
[ 69%] Building CXX object modules/phonon/CMakeFiles/rubyphonon.dir/phonon.cpp.o
cd /<<PKGBUILDDIR>>/obj-x86_64-linux-gnu/modules/qtscript && /usr/bin/c++   -Dqtscript_EXPORTS -I/usr/include/smoke -I/<<PKGBUILDDIR>>/src -I/usr/include/qt4/QtDesigner -I/usr/include/qt4/QtDeclarative -I/usr/include/qt4/QtScriptTools -I/usr/include/qt4/QtDBus -I/usr/include/qt4/QtXml -I/usr/include/qt4/QtSql -I/usr/include/qt4/QtNetwork -I/usr/include/qt4/phonon -I/usr/include/qt4/QtXmlPatterns -I/usr/include/qt4/QtHelp -I/usr/include/qt4/QtUiTools -I/usr/include/qt4/QtTest -I/usr/include/qt4/QtScript -I/usr/include/qt4/QtSvg -I/usr/include/qt4/Qt3Support -I/usr/include/qt4/QtGui -I/usr/include/qt4/QtCore -I/usr/share/qt4/mkspecs/default -I/usr/include/qt4 -I/<<PKGBUILDDIR>>/generator -I/usr/include/ruby-2.3.0 -I/usr/include/x86_64-linux-gnu/ruby-2.3.0 -I/<<PKGBUILDDIR>>/ruby/qtruby/src  -g -O2 -fdebug-prefix-map=/<<PKGBUILDDIR>>=. -fstack-protector-strong -Wformat -Werror=format-security -Wdate-time -D_FORTIFY_SOURCE=2 -fPIC   -o CMakeFiles/qtscript.dir/qtscript.cpp.o -c /<<PKGBUILDDIR>>/modules/qtscript/qtscript.cpp
cd /<<PKGBUILDDIR>>/obj-x86_64-linux-gnu/modules/phonon && /usr/bin/c++   -Drubyphonon_EXPORTS -I/usr/include/smoke -I/<<PKGBUILDDIR>>/src -I/usr/include/qt4/QtDesigner -I/usr/include/qt4/QtDeclarative -I/usr/include/qt4/QtScriptTools -I/usr/include/qt4/QtDBus -I/usr/include/qt4/QtXml -I/usr/include/qt4/QtSql -I/usr/include/qt4/QtNetwork -I/usr/include/qt4/phonon -I/usr/include/qt4/QtXmlPatterns -I/usr/include/qt4/QtHelp -I/usr/include/qt4/QtUiTools -I/usr/include/qt4/QtTest -I/usr/include/qt4/QtScript -I/usr/include/qt4/QtSvg -I/usr/include/qt4/Qt3Support -I/usr/include/qt4/QtGui -I/usr/include/qt4/QtCore -I/usr/share/qt4/mkspecs/default -I/usr/include/qt4 -I/<<PKGBUILDDIR>>/generator -I/usr/include/ruby-2.3.0 -I/usr/include/x86_64-linux-gnu/ruby-2.3.0 -I/<<PKGBUILDDIR>>/ruby/qtruby/src  -g -O2 -fdebug-prefix-map=/<<PKGBUILDDIR>>=. -fstack-protector-strong -Wformat -Werror=format-security -Wdate-time -D_FORTIFY_SOURCE=2 -fPIC   -o CMakeFiles/rubyphonon.dir/phonon.cpp.o -c /<<PKGBUILDDIR>>/modules/phonon/phonon.cpp
[ 71%] Building CXX object modules/qscintilla/CMakeFiles/rubyqscintilla.dir/qscintillahandlers.cpp.o
[ 73%] Building CXX object src/CMakeFiles/qtruby4.dir/qtruby.cpp.o
cd /<<PKGBUILDDIR>>/obj-x86_64-linux-gnu/modules/qscintilla && /usr/bin/c++   -Drubyqscintilla_EXPORTS -I/usr/include/smoke -I/<<PKGBUILDDIR>>/src -I/usr/include/qt4/QtDesigner -I/usr/include/qt4/QtDeclarative -I/usr/include/qt4/QtScriptTools -I/usr/include/qt4/QtDBus -I/usr/include/qt4/QtXml -I/usr/include/qt4/QtSql -I/usr/include/qt4/QtNetwork -I/usr/include/qt4/phonon -I/usr/include/qt4/QtXmlPatterns -I/usr/include/qt4/QtHelp -I/usr/include/qt4/QtUiTools -I/usr/include/qt4/QtTest -I/usr/include/qt4/QtScript -I/usr/include/qt4/QtSvg -I/usr/include/qt4/Qt3Support -I/usr/include/qt4/QtGui -I/usr/include/qt4/QtCore -I/usr/share/qt4/mkspecs/default -I/usr/include/qt4 -I/<<PKGBUILDDIR>>/generator -I/usr/include/ruby-2.3.0 -I/usr/include/x86_64-linux-gnu/ruby-2.3.0 -I/<<PKGBUILDDIR>>/ruby/qtruby/src  -g -O2 -fdebug-prefix-map=/<<PKGBUILDDIR>>=. -fstack-protector-strong -Wformat -Werror=format-security -Wdate-time -D_FORTIFY_SOURCE=2 -fPIC   -o CMakeFiles/rubyqscintilla.dir/qscintillahandlers.cpp.o -c /<<PKGBUILDDIR>>/modules/qscintilla/qscintillahandlers.cpp
cd /<<PKGBUILDDIR>>/obj-x86_64-linux-gnu/src && /usr/bin/c++   -DQT_QTDBUS -DRUBY_VERSION=0x20300 -Dqtruby4_EXPORTS -I/usr/include/smoke -I/<<PKGBUILDDIR>>/src -I/usr/include/qt4/QtDesigner -I/usr/include/qt4/QtDeclarative -I/usr/include/qt4/QtScriptTools -I/usr/include/qt4/QtDBus -I/usr/include/qt4/QtXml -I/usr/include/qt4/QtSql -I/usr/include/qt4/QtNetwork -I/usr/include/qt4/phonon -I/usr/include/qt4/QtXmlPatterns -I/usr/include/qt4/QtHelp -I/usr/include/qt4/QtUiTools -I/usr/include/qt4/QtTest -I/usr/include/qt4/QtScript -I/usr/include/qt4/QtSvg -I/usr/include/qt4/Qt3Support -I/usr/include/qt4/QtGui -I/usr/include/qt4/QtCore -I/usr/share/qt4/mkspecs/default -I/usr/include/qt4 -I/usr/include/ruby-2.3.0 -I/usr/include/x86_64-linux-gnu/ruby-2.3.0  -g -O2 -fdebug-prefix-map=/<<PKGBUILDDIR>>=. -fstack-protector-strong -Wformat -Werror=format-security -Wdate-time -D_FORTIFY_SOURCE=2 -fPIC   -o CMakeFiles/qtruby4.dir/qtruby.cpp.o -c /<<PKGBUILDDIR>>/src/qtruby.cpp
[ 76%] Building CXX object modules/qttest/CMakeFiles/qttest.dir/qttest.cpp.o
cd /<<PKGBUILDDIR>>/obj-x86_64-linux-gnu/modules/qttest && /usr/bin/c++   -Dqttest_EXPORTS -I/usr/include/smoke -I/<<PKGBUILDDIR>>/src -I/usr/include/qt4/QtDesigner -I/usr/include/qt4/QtDeclarative -I/usr/include/qt4/QtScriptTools -I/usr/include/qt4/QtDBus -I/usr/include/qt4/QtXml -I/usr/include/qt4/QtSql -I/usr/include/qt4/QtNetwork -I/usr/include/qt4/phonon -I/usr/include/qt4/QtXmlPatterns -I/usr/include/qt4/QtHelp -I/usr/include/qt4/QtUiTools -I/usr/include/qt4/QtTest -I/usr/include/qt4/QtScript -I/usr/include/qt4/QtSvg -I/usr/include/qt4/Qt3Support -I/usr/include/qt4/QtGui -I/usr/include/qt4/QtCore -I/usr/share/qt4/mkspecs/default -I/usr/include/qt4 -I/<<PKGBUILDDIR>>/generator -I/usr/include/ruby-2.3.0 -I/usr/include/x86_64-linux-gnu/ruby-2.3.0 -I/<<PKGBUILDDIR>>/ruby/qtruby/src  -g -O2 -fdebug-prefix-map=/<<PKGBUILDDIR>>=. -fstack-protector-strong -Wformat -Werror=format-security -Wdate-time -D_FORTIFY_SOURCE=2 -fPIC   -o CMakeFiles/qttest.dir/qttest.cpp.o -c /<<PKGBUILDDIR>>/modules/qttest/qttest.cpp
[ 78%] Building CXX object modules/phonon/CMakeFiles/rubyphonon.dir/phononhandlers.cpp.o
cd /<<PKGBUILDDIR>>/obj-x86_64-linux-gnu/modules/phonon && /usr/bin/c++   -Drubyphonon_EXPORTS -I/usr/include/smoke -I/<<PKGBUILDDIR>>/src -I/usr/include/qt4/QtDesigner -I/usr/include/qt4/QtDeclarative -I/usr/include/qt4/QtScriptTools -I/usr/include/qt4/QtDBus -I/usr/include/qt4/QtXml -I/usr/include/qt4/QtSql -I/usr/include/qt4/QtNetwork -I/usr/include/qt4/phonon -I/usr/include/qt4/QtXmlPatterns -I/usr/include/qt4/QtHelp -I/usr/include/qt4/QtUiTools -I/usr/include/qt4/QtTest -I/usr/include/qt4/QtScript -I/usr/include/qt4/QtSvg -I/usr/include/qt4/Qt3Support -I/usr/include/qt4/QtGui -I/usr/include/qt4/QtCore -I/usr/share/qt4/mkspecs/default -I/usr/include/qt4 -I/<<PKGBUILDDIR>>/generator -I/usr/include/ruby-2.3.0 -I/usr/include/x86_64-linux-gnu/ruby-2.3.0 -I/<<PKGBUILDDIR>>/ruby/qtruby/src  -g -O2 -fdebug-prefix-map=/<<PKGBUILDDIR>>=. -fstack-protector-strong -Wformat -Werror=format-security -Wdate-time -D_FORTIFY_SOURCE=2 -fPIC   -o CMakeFiles/rubyphonon.dir/phononhandlers.cpp.o -c /<<PKGBUILDDIR>>/modules/phonon/phononhandlers.cpp
[ 80%] Building CXX object modules/qttest/CMakeFiles/qttest.dir/qttesthandlers.cpp.o
cd /<<PKGBUILDDIR>>/obj-x86_64-linux-gnu/modules/qttest && /usr/bin/c++   -Dqttest_EXPORTS -I/usr/include/smoke -I/<<PKGBUILDDIR>>/src -I/usr/include/qt4/QtDesigner -I/usr/include/qt4/QtDeclarative -I/usr/include/qt4/QtScriptTools -I/usr/include/qt4/QtDBus -I/usr/include/qt4/QtXml -I/usr/include/qt4/QtSql -I/usr/include/qt4/QtNetwork -I/usr/include/qt4/phonon -I/usr/include/qt4/QtXmlPatterns -I/usr/include/qt4/QtHelp -I/usr/include/qt4/QtUiTools -I/usr/include/qt4/QtTest -I/usr/include/qt4/QtScript -I/usr/include/qt4/QtSvg -I/usr/include/qt4/Qt3Support -I/usr/include/qt4/QtGui -I/usr/include/qt4/QtCore -I/usr/share/qt4/mkspecs/default -I/usr/include/qt4 -I/<<PKGBUILDDIR>>/generator -I/usr/include/ruby-2.3.0 -I/usr/include/x86_64-linux-gnu/ruby-2.3.0 -I/<<PKGBUILDDIR>>/ruby/qtruby/src  -g -O2 -fdebug-prefix-map=/<<PKGBUILDDIR>>=. -fstack-protector-strong -Wformat -Werror=format-security -Wdate-time -D_FORTIFY_SOURCE=2 -fPIC   -o CMakeFiles/qttest.dir/qttesthandlers.cpp.o -c /<<PKGBUILDDIR>>/modules/qttest/qttesthandlers.cpp
[ 83%] Linking CXX executable rbuic4
cd /<<PKGBUILDDIR>>/obj-x86_64-linux-gnu/tools/rbuic && /usr/bin/cmake -E cmake_link_script CMakeFiles/rbuic4_bin.dir/link.txt --verbose=1
/usr/bin/c++   -g -O2 -fdebug-prefix-map=/<<PKGBUILDDIR>>=. -fstack-protector-strong -Wformat -Werror=format-security -Wdate-time -D_FORTIFY_SOURCE=2  -Wl,-z,relro CMakeFiles/rbuic4_bin.dir/customwidgetsinfo.cpp.o CMakeFiles/rbuic4_bin.dir/databaseinfo.cpp.o CMakeFiles/rbuic4_bin.dir/driver.cpp.o CMakeFiles/rbuic4_bin.dir/treewalker.cpp.o CMakeFiles/rbuic4_bin.dir/ui4.cpp.o CMakeFiles/rbuic4_bin.dir/uic.cpp.o CMakeFiles/rbuic4_bin.dir/validator.cpp.o CMakeFiles/rbuic4_bin.dir/ruby/rbextractimages.cpp.o CMakeFiles/rbuic4_bin.dir/ruby/rbwritedeclaration.cpp.o CMakeFiles/rbuic4_bin.dir/ruby/rbwriteicondata.cpp.o CMakeFiles/rbuic4_bin.dir/ruby/rbwriteicondeclaration.cpp.o CMakeFiles/rbuic4_bin.dir/ruby/rbwriteiconinitialization.cpp.o CMakeFiles/rbuic4_bin.dir/ruby/rbwriteinitialization.cpp.o CMakeFiles/rbuic4_bin.dir/main.cpp.o  -o rbuic4 -rdynamic -lQtCore -lQtXml 
make[3]: Leaving directory '/<<PKGBUILDDIR>>/obj-x86_64-linux-gnu'
[ 83%] Built target rbuic4_bin
[ 85%] Linking CXX shared module qtuitools.so
cd /<<PKGBUILDDIR>>/obj-x86_64-linux-gnu/modules/qtuitools && /usr/bin/cmake -E cmake_link_script CMakeFiles/rubyqtuitools.dir/link.txt --verbose=1
/usr/bin/c++  -fPIC -g -O2 -fdebug-prefix-map=/<<PKGBUILDDIR>>=. -fstack-protector-strong -Wformat -Werror=format-security -Wdate-time -D_FORTIFY_SOURCE=2 -Wl,-z,relro -shared  -o qtuitools.so CMakeFiles/rubyqtuitools.dir/qtuitools.cpp.o CMakeFiles/rubyqtuitools.dir/qtuitoolshandlers.cpp.o -Wl,-rpath,/<<PKGBUILDDIR>>/obj-x86_64-linux-gnu/src: -lsmokeqtuitools ../../src/libqtruby4shared.so.2.0.0 -lQtCore -lQtGui -lruby-2.3 -lQtNetwork -lsmokebase -lsmokeqtcore -lsmokeqtgui -lsmokeqtxml -lsmokeqtopengl -lsmokeqtsql -lsmokeqtnetwork -lsmokeqtdbus -lsmokeqtsvg 
make[3]: Leaving directory '/<<PKGBUILDDIR>>/obj-x86_64-linux-gnu'
[ 85%] Built target rubyqtuitools
[ 88%] Linking CXX shared module qttest.so
cd /<<PKGBUILDDIR>>/obj-x86_64-linux-gnu/modules/qttest && /usr/bin/cmake -E cmake_link_script CMakeFiles/qttest.dir/link.txt --verbose=1
/<<PKGBUILDDIR>>/src/qtruby.cpp:2097:17: error: ordered comparison between pointer and zero ('void *' and 'int')
    return (ptr > 0 ? Qtrue : Qfalse);
            ~~~ ^ ~
/usr/bin/c++  -fPIC -g -O2 -fdebug-prefix-map=/<<PKGBUILDDIR>>=. -fstack-protector-strong -Wformat -Werror=format-security -Wdate-time -D_FORTIFY_SOURCE=2 -Wl,-z,relro -shared  -o qttest.so CMakeFiles/qttest.dir/qttest.cpp.o CMakeFiles/qttest.dir/qttesthandlers.cpp.o -Wl,-rpath,/<<PKGBUILDDIR>>/obj-x86_64-linux-gnu/src: -lsmokeqttest ../../src/libqtruby4shared.so.2.0.0 -lQtCore -lQtGui -lruby-2.3 -lQtNetwork -lsmokebase -lsmokeqtcore -lsmokeqtgui -lsmokeqtxml -lsmokeqtopengl -lsmokeqtsql -lsmokeqtnetwork -lsmokeqtdbus -lsmokeqtsvg 
[ 90%] Linking CXX shared module qtdeclarative.so
cd /<<PKGBUILDDIR>>/obj-x86_64-linux-gnu/modules/qtdeclarative && /usr/bin/cmake -E cmake_link_script CMakeFiles/rubyqtdeclarative.dir/link.txt --verbose=1
/usr/bin/c++  -fPIC -g -O2 -fdebug-prefix-map=/<<PKGBUILDDIR>>=. -fstack-protector-strong -Wformat -Werror=format-security -Wdate-time -D_FORTIFY_SOURCE=2 -Wl,-z,relro -shared  -o qtdeclarative.so CMakeFiles/rubyqtdeclarative.dir/qtdeclarative.cpp.o CMakeFiles/rubyqtdeclarative.dir/qtdeclarativehandlers.cpp.o -Wl,-rpath,/<<PKGBUILDDIR>>/obj-x86_64-linux-gnu/src: -lQtDeclarative -lsmokeqtdeclarative ../../src/libqtruby4shared.so.2.0.0 -lQtCore -lQtGui -lruby-2.3 -lQtNetwork -lsmokebase -lsmokeqtcore -lsmokeqtgui -lsmokeqtxml -lsmokeqtopengl -lsmokeqtsql -lsmokeqtnetwork -lsmokeqtdbus -lsmokeqtsvg 
[ 92%] Linking CXX shared module qtscript.so
cd /<<PKGBUILDDIR>>/obj-x86_64-linux-gnu/modules/qtscript && /usr/bin/cmake -E cmake_link_script CMakeFiles/qtscript.dir/link.txt --verbose=1
/usr/bin/c++  -fPIC -g -O2 -fdebug-prefix-map=/<<PKGBUILDDIR>>=. -fstack-protector-strong -Wformat -Werror=format-security -Wdate-time -D_FORTIFY_SOURCE=2 -Wl,-z,relro -shared  -o qtscript.so CMakeFiles/qtscript.dir/qtscript.cpp.o CMakeFiles/qtscript.dir/qtscripthandlers.cpp.o -Wl,-rpath,/<<PKGBUILDDIR>>/obj-x86_64-linux-gnu/src: -lQtScript -lsmokeqtscript ../../src/libqtruby4shared.so.2.0.0 -lQtCore -lQtGui -lruby-2.3 -lQtNetwork -lsmokebase -lsmokeqtcore -lsmokeqtgui -lsmokeqtxml -lsmokeqtopengl -lsmokeqtsql -lsmokeqtnetwork -lsmokeqtdbus -lsmokeqtsvg 
[ 95%] Linking CXX shared module qscintilla.so
cd /<<PKGBUILDDIR>>/obj-x86_64-linux-gnu/modules/qscintilla && /usr/bin/cmake -E cmake_link_script CMakeFiles/rubyqscintilla.dir/link.txt --verbose=1
/usr/bin/c++  -fPIC -g -O2 -fdebug-prefix-map=/<<PKGBUILDDIR>>=. -fstack-protector-strong -Wformat -Werror=format-security -Wdate-time -D_FORTIFY_SOURCE=2 -Wl,-z,relro -shared  -o qscintilla.so CMakeFiles/rubyqscintilla.dir/qscintilla.cpp.o CMakeFiles/rubyqscintilla.dir/qscintillahandlers.cpp.o -Wl,-rpath,/<<PKGBUILDDIR>>/obj-x86_64-linux-gnu/src: -lqscintilla2 -lsmokeqsci ../../src/libqtruby4shared.so.2.0.0 -lQtCore -lQtGui -lruby-2.3 -lQtNetwork -lsmokebase -lsmokeqtcore -lsmokeqtgui -lsmokeqtxml -lsmokeqtopengl -lsmokeqtsql -lsmokeqtnetwork -lsmokeqtdbus -lsmokeqtsvg 
1 error generated.
src/CMakeFiles/qtruby4.dir/build.make:65: recipe for target 'src/CMakeFiles/qtruby4.dir/qtruby.cpp.o' failed
make[3]: *** [src/CMakeFiles/qtruby4.dir/qtruby.cpp.o] Error 1
make[3]: Leaving directory '/<<PKGBUILDDIR>>/obj-x86_64-linux-gnu'
CMakeFiles/Makefile2:491: recipe for target 'src/CMakeFiles/qtruby4.dir/all' failed
make[2]: *** [src/CMakeFiles/qtruby4.dir/all] Error 2
make[2]: *** Waiting for unfinished jobs....
make[3]: Leaving directory '/<<PKGBUILDDIR>>/obj-x86_64-linux-gnu'
[ 95%] Built target qttest
make[3]: Leaving directory '/<<PKGBUILDDIR>>/obj-x86_64-linux-gnu'
make[3]: Leaving directory '/<<PKGBUILDDIR>>/obj-x86_64-linux-gnu'
[ 95%] Built target rubyqtdeclarative
[ 95%] Built target qtscript
make[3]: Leaving directory '/<<PKGBUILDDIR>>/obj-x86_64-linux-gnu'
[ 95%] Built target rubyqscintilla
[ 97%] Linking CXX shared module phonon.so
cd /<<PKGBUILDDIR>>/obj-x86_64-linux-gnu/modules/phonon && /usr/bin/cmake -E cmake_link_script CMakeFiles/rubyphonon.dir/link.txt --verbose=1
/usr/bin/c++  -fPIC -g -O2 -fdebug-prefix-map=/<<PKGBUILDDIR>>=. -fstack-protector-strong -Wformat -Werror=format-security -Wdate-time -D_FORTIFY_SOURCE=2 -Wl,-z,relro -shared  -o phonon.so CMakeFiles/rubyphonon.dir/phonon.cpp.o CMakeFiles/rubyphonon.dir/phononhandlers.cpp.o -Wl,-rpath,/<<PKGBUILDDIR>>/obj-x86_64-linux-gnu/src: -lphonon -lsmokephonon ../../src/libqtruby4shared.so.2.0.0 -lQtCore -lQtGui -lruby-2.3 -lQtNetwork -lsmokebase -lsmokeqtcore -lsmokeqtgui -lsmokeqtxml -lsmokeqtopengl -lsmokeqtsql -lsmokeqtnetwork -lsmokeqtdbus -lsmokeqtsvg 
make[3]: Leaving directory '/<<PKGBUILDDIR>>/obj-x86_64-linux-gnu'
[ 97%] Built target rubyphonon
make[2]: Leaving directory '/<<PKGBUILDDIR>>/obj-x86_64-linux-gnu'
Makefile:130: recipe for target 'all' failed
make[1]: *** [all] Error 2
make[1]: Leaving directory '/<<PKGBUILDDIR>>/obj-x86_64-linux-gnu'
dh_auto_build: make -j16 returned exit code 2
debian/rules:47: recipe for target 'build-arch' failed
make: *** [build-arch] Error 2
dpkg-buildpackage: error: debian/rules build-arch gave error exit status 2
--------------------------------------------------------------------------------
Build finished at 2017-07-06T18:33:03Z

Finished
--------


+------------------------------------------------------------------------------+
| Cleanup                                                                      |
+------------------------------------------------------------------------------+

Purging /<<BUILDDIR>>
Not cleaning session: cloned chroot in use
E: Build failure (dpkg-buildpackage died)

+------------------------------------------------------------------------------+
| Summary                                                                      |
+------------------------------------------------------------------------------+

Build Architecture: amd64
Build Type: any
Build-Space: 31480
Build-Time: 14
Distribution: unstable
Fail-Stage: build
Host Architecture: amd64
Install-Time: 22
Job: qtruby_4:4.14.3-1
Machine Architecture: amd64
Package: qtruby
Package-Time: 52
Source-Version: 4:4.14.3-1
Space: 31480
Status: attempted
Version: 4:4.14.3-1
--------------------------------------------------------------------------------
Finished at 2017-07-06T18:33:03Z
Build needed 00:00:52, 31480k disk space
E: Build failure (dpkg-buildpackage died)
DC-Status: Failed 52.962337883s
DC-Time-Estimation: 52.962337883 versus expected 660 (r/m: 11.461685536956795 ; m: 52.962337883)
