DC-Build-Header: u1db 13.10-6.2 / 2017-07-06 20:51:15 +0000
DC-Task: type:rebuild-binarch-only source:u1db version:13.10-6.2 chroot:unstable esttime:110 logfile:/tmp/u1db_13.10-6.2_unstable_clang4.0.log modes:clang40:binarch-only
DC-Sbuild-call: su user42 -c 'sbuild -n --arch-any --apt-update -d unstable -v  --chroot-setup-commands=/tmp/clang40 u1db_13.10-6.2'
sbuild (Debian sbuild) 0.73.0 (23 Dec 2016) on ip-172-31-44-81.eu-central-1.compute.internal

+==============================================================================+
| u1db 13.10-6.2 (amd64)                       Thu, 06 Jul 2017 20:51:15 +0000 |
+==============================================================================+

Package: u1db
Version: 13.10-6.2
Source Version: 13.10-6.2
Distribution: unstable
Machine Architecture: amd64
Host Architecture: amd64
Build Architecture: amd64
Build Type: any

I: NOTICE: Log filtering will replace 'var/run/schroot/mount/unstable-amd64-sbuild-cfc4afa5-c610-4ff7-9561-2127e909eef5' with '<<CHROOT>>'

+------------------------------------------------------------------------------+
| Chroot Setup Commands                                                        |
+------------------------------------------------------------------------------+


/tmp/clang40
------------

+ echo 'Entering customization script...'
Entering customization script...
+ CLANG_VERSION=4.0
+ echo 'Install of clang-4.0'
Install of clang-4.0
+ apt-get update
Get:1 http://127.0.0.1:9999/debian unstable InRelease [255 kB]
Get:2 http://127.0.0.1:9999/debian unstable/main Sources.diff/Index [27.9 kB]
Get:3 http://127.0.0.1:9999/debian unstable/main amd64 Packages.diff/Index [27.9 kB]
Get:4 http://127.0.0.1:9999/debian unstable/main Translation-en.diff/Index [27.9 kB]
Get:5 http://127.0.0.1:9999/debian unstable/main Sources 2017-07-02-0216.39.pdiff [15.0 kB]
Get:6 http://127.0.0.1:9999/debian unstable/main Sources 2017-07-02-0817.00.pdiff [7416 B]
Get:7 http://127.0.0.1:9999/debian unstable/main Sources 2017-07-02-1415.16.pdiff [17.0 kB]
Get:8 http://127.0.0.1:9999/debian unstable/main Sources 2017-07-02-2015.53.pdiff [15.2 kB]
Get:9 http://127.0.0.1:9999/debian unstable/main Sources 2017-07-03-0215.43.pdiff [50.2 kB]
Get:10 http://127.0.0.1:9999/debian unstable/main Sources 2017-07-03-0815.58.pdiff [5500 B]
Get:11 http://127.0.0.1:9999/debian unstable/main Sources 2017-07-03-1420.59.pdiff [15.8 kB]
Get:12 http://127.0.0.1:9999/debian unstable/main Sources 2017-07-03-2015.52.pdiff [15.6 kB]
Get:13 http://127.0.0.1:9999/debian unstable/main Sources 2017-07-04-0215.56.pdiff [7165 B]
Get:14 http://127.0.0.1:9999/debian unstable/main Sources 2017-07-04-0817.36.pdiff [8303 B]
Get:15 http://127.0.0.1:9999/debian unstable/main Sources 2017-07-04-1416.28.pdiff [11.7 kB]
Get:16 http://127.0.0.1:9999/debian unstable/main Sources 2017-07-04-2017.16.pdiff [12.7 kB]
Get:17 http://127.0.0.1:9999/debian unstable/main Sources 2017-07-05-0215.45.pdiff [7714 B]
Get:18 http://127.0.0.1:9999/debian unstable/main Sources 2017-07-05-0817.10.pdiff [6491 B]
Get:19 http://127.0.0.1:9999/debian unstable/main Sources 2017-07-05-1416.09.pdiff [13.0 kB]
Get:20 http://127.0.0.1:9999/debian unstable/main Sources 2017-07-05-2019.56.pdiff [14.2 kB]
Get:21 http://127.0.0.1:9999/debian unstable/main Sources 2017-07-06-0216.07.pdiff [9132 B]
Get:22 http://127.0.0.1:9999/debian unstable/main Sources 2017-07-06-0817.23.pdiff [16.8 kB]
Get:23 http://127.0.0.1:9999/debian unstable/main amd64 Packages 2017-07-02-0216.39.pdiff [31.6 kB]
Get:24 http://127.0.0.1:9999/debian unstable/main amd64 Packages 2017-07-02-0817.00.pdiff [12.0 kB]
Get:25 http://127.0.0.1:9999/debian unstable/main amd64 Packages 2017-07-02-1415.16.pdiff [11.6 kB]
Get:26 http://127.0.0.1:9999/debian unstable/main amd64 Packages 2017-07-02-2015.53.pdiff [12.9 kB]
Get:27 http://127.0.0.1:9999/debian unstable/main amd64 Packages 2017-07-03-0215.43.pdiff [63.1 kB]
Get:28 http://127.0.0.1:9999/debian unstable/main amd64 Packages 2017-07-03-0815.58.pdiff [23.3 kB]
Get:29 http://127.0.0.1:9999/debian unstable/main amd64 Packages 2017-07-03-1420.59.pdiff [40.0 kB]
Get:30 http://127.0.0.1:9999/debian unstable/main amd64 Packages 2017-07-03-2015.52.pdiff [28.4 kB]
Get:22 http://127.0.0.1:9999/debian unstable/main Sources 2017-07-06-0817.23.pdiff [16.8 kB]
Get:31 http://127.0.0.1:9999/debian unstable/main amd64 Packages 2017-07-04-0215.56.pdiff [7447 B]
Get:32 http://127.0.0.1:9999/debian unstable/main amd64 Packages 2017-07-04-0817.36.pdiff [5458 B]
Get:33 http://127.0.0.1:9999/debian unstable/main amd64 Packages 2017-07-04-1416.28.pdiff [33.1 kB]
Get:34 http://127.0.0.1:9999/debian unstable/main amd64 Packages 2017-07-04-2017.16.pdiff [18.8 kB]
Get:35 http://127.0.0.1:9999/debian unstable/main amd64 Packages 2017-07-05-0215.45.pdiff [5901 B]
Get:36 http://127.0.0.1:9999/debian unstable/main amd64 Packages 2017-07-05-0817.10.pdiff [15.3 kB]
Get:37 http://127.0.0.1:9999/debian unstable/main amd64 Packages 2017-07-05-1416.09.pdiff [11.4 kB]
Get:38 http://127.0.0.1:9999/debian unstable/main amd64 Packages 2017-07-05-2019.56.pdiff [13.0 kB]
Get:39 http://127.0.0.1:9999/debian unstable/main amd64 Packages 2017-07-06-0216.07.pdiff [8638 B]
Get:40 http://127.0.0.1:9999/debian unstable/main amd64 Packages 2017-07-06-0817.23.pdiff [31.2 kB]
Get:41 http://127.0.0.1:9999/debian unstable/main Translation-en 2017-07-02-0216.39.pdiff [1271 B]
Get:42 http://127.0.0.1:9999/debian unstable/main Translation-en 2017-07-02-2015.53.pdiff [793 B]
Get:43 http://127.0.0.1:9999/debian unstable/main Translation-en 2017-07-03-0215.43.pdiff [327 B]
Get:44 http://127.0.0.1:9999/debian unstable/main Translation-en 2017-07-03-0815.58.pdiff [270 B]
Get:45 http://127.0.0.1:9999/debian unstable/main Translation-en 2017-07-03-1420.59.pdiff [1066 B]
Get:46 http://127.0.0.1:9999/debian unstable/main Translation-en 2017-07-03-2015.52.pdiff [465 B]
Get:47 http://127.0.0.1:9999/debian unstable/main Translation-en 2017-07-04-0215.56.pdiff [291 B]
Get:48 http://127.0.0.1:9999/debian unstable/main Translation-en 2017-07-04-0817.36.pdiff [539 B]
Get:40 http://127.0.0.1:9999/debian unstable/main amd64 Packages 2017-07-06-0817.23.pdiff [31.2 kB]
Get:49 http://127.0.0.1:9999/debian unstable/main Translation-en 2017-07-04-1416.28.pdiff [484 B]
Get:50 http://127.0.0.1:9999/debian unstable/main Translation-en 2017-07-04-2017.16.pdiff [1126 B]
Get:51 http://127.0.0.1:9999/debian unstable/main Translation-en 2017-07-05-0215.45.pdiff [214 B]
Get:52 http://127.0.0.1:9999/debian unstable/main Translation-en 2017-07-05-0817.10.pdiff [606 B]
Get:53 http://127.0.0.1:9999/debian unstable/main Translation-en 2017-07-05-1416.09.pdiff [214 B]
Get:54 http://127.0.0.1:9999/debian unstable/main Translation-en 2017-07-05-2019.56.pdiff [2615 B]
Get:55 http://127.0.0.1:9999/debian unstable/main Translation-en 2017-07-06-0216.07.pdiff [1869 B]
Get:56 http://127.0.0.1:9999/debian unstable/main Translation-en 2017-07-06-0817.23.pdiff [915 B]
Get:56 http://127.0.0.1:9999/debian unstable/main Translation-en 2017-07-06-0817.23.pdiff [915 B]
Fetched 974 kB in 1s (811 kB/s)
Reading package lists...
+ apt-get install --yes --no-install-recommends --force-yes clang-4.0
Reading package lists...
Building dependency tree...
Reading state information...
The following additional packages will be installed:
  cpp-6 g++-6 gcc-6 gcc-6-base gcc-7-base libasan3 libatomic1 libbsd0 libcc1-0
  libcilkrts5 libclang-common-4.0-dev libclang1-4.0 libedit2 libffi6
  libgcc-6-dev libgcc1 libgomp1 libitm1 libjsoncpp1 libllvm4.0 liblsan0
  libmpx2 libncurses5 libobjc-6-dev libobjc4 libquadmath0 libstdc++-6-dev
  libstdc++6 libtsan0 libubsan0
Suggested packages:
  gnustep gnustep-devel clang-4.0-doc libomp-dev gcc-6-locales g++-6-multilib
  gcc-6-doc libstdc++6-6-dbg gcc-6-multilib libgcc1-dbg libgomp1-dbg
  libitm1-dbg libatomic1-dbg libasan3-dbg liblsan0-dbg libtsan0-dbg
  libubsan0-dbg libcilkrts5-dbg libmpx2-dbg libquadmath0-dbg libstdc++-6-doc
Recommended packages:
  llvm-4.0-dev python libgpm2
The following NEW packages will be installed:
  clang-4.0 libbsd0 libclang-common-4.0-dev libclang1-4.0 libedit2 libffi6
  libjsoncpp1 libllvm4.0 libncurses5 libobjc-6-dev libobjc4
The following packages will be upgraded:
  cpp-6 g++-6 gcc-6 gcc-6-base gcc-7-base libasan3 libatomic1 libcc1-0
  libcilkrts5 libgcc-6-dev libgcc1 libgomp1 libitm1 liblsan0 libmpx2
  libquadmath0 libstdc++-6-dev libstdc++6 libtsan0 libubsan0
20 upgraded, 11 newly installed, 0 to remove and 13 not upgraded.
Need to get 101 MB of archives.
After this operation, 320 MB of additional disk space will be used.
Get:1 http://127.0.0.1:9999/debian unstable/main amd64 libquadmath0 amd64 7.1.0-9 [132 kB]
Get:2 http://127.0.0.1:9999/debian unstable/main amd64 libitm1 amd64 7.1.0-9 [27.2 kB]
Get:3 http://127.0.0.1:9999/debian unstable/main amd64 gcc-7-base amd64 7.1.0-9 [180 kB]
Get:4 http://127.0.0.1:9999/debian unstable/main amd64 libstdc++6 amd64 7.1.0-9 [398 kB]
Get:5 http://127.0.0.1:9999/debian unstable/main amd64 libmpx2 amd64 7.1.0-9 [11.4 kB]
Get:6 http://127.0.0.1:9999/debian unstable/main amd64 liblsan0 amd64 7.1.0-9 [124 kB]
Get:7 http://127.0.0.1:9999/debian unstable/main amd64 libtsan0 amd64 7.1.0-9 [270 kB]
Get:8 http://127.0.0.1:9999/debian unstable/main amd64 libubsan0 amd64 7.1.0-9 [117 kB]
Get:9 http://127.0.0.1:9999/debian unstable/main amd64 libcilkrts5 amd64 7.1.0-9 [42.0 kB]
Get:10 http://127.0.0.1:9999/debian unstable/main amd64 libcc1-0 amd64 7.1.0-9 [37.7 kB]
Get:11 http://127.0.0.1:9999/debian unstable/main amd64 libatomic1 amd64 7.1.0-9 [8782 B]
Get:12 http://127.0.0.1:9999/debian unstable/main amd64 libgomp1 amd64 7.1.0-9 [75.1 kB]
Get:13 http://127.0.0.1:9999/debian unstable/main amd64 libgcc1 amd64 1:7.1.0-9 [39.3 kB]
Get:14 http://127.0.0.1:9999/debian unstable/main amd64 libasan3 amd64 6.4.0-1 [310 kB]
Get:15 http://127.0.0.1:9999/debian unstable/main amd64 g++-6 amd64 6.4.0-1 [7084 kB]
Get:16 http://127.0.0.1:9999/debian unstable/main amd64 libstdc++-6-dev amd64 6.4.0-1 [1421 kB]
Get:17 http://127.0.0.1:9999/debian unstable/main amd64 gcc-6 amd64 6.4.0-1 [6908 kB]
Get:18 http://127.0.0.1:9999/debian unstable/main amd64 libgcc-6-dev amd64 6.4.0-1 [2297 kB]
Get:19 http://127.0.0.1:9999/debian unstable/main amd64 cpp-6 amd64 6.4.0-1 [6549 kB]
Get:20 http://127.0.0.1:9999/debian unstable/main amd64 gcc-6-base amd64 6.4.0-1 [180 kB]
Get:21 http://127.0.0.1:9999/debian unstable/main amd64 libbsd0 amd64 0.8.5-1 [89.6 kB]
Get:22 http://127.0.0.1:9999/debian unstable/main amd64 libncurses5 amd64 6.0+20161126-1 [93.4 kB]
Get:23 http://127.0.0.1:9999/debian unstable/main amd64 libedit2 amd64 3.1-20170329-1 [85.2 kB]
Get:24 http://127.0.0.1:9999/debian unstable/main amd64 libffi6 amd64 3.2.1-6 [20.4 kB]
Get:25 http://127.0.0.1:9999/debian unstable/main amd64 libllvm4.0 amd64 1:4.0.1-1 [12.3 MB]
Get:26 http://127.0.0.1:9999/debian unstable/main amd64 libclang1-4.0 amd64 1:4.0.1-1 [6355 kB]
Get:27 http://127.0.0.1:9999/debian unstable/main amd64 libjsoncpp1 amd64 1.7.4-3 [75.6 kB]
Get:28 http://127.0.0.1:9999/debian unstable/main amd64 libobjc4 amd64 7.1.0-9 [51.0 kB]
Get:29 http://127.0.0.1:9999/debian unstable/main amd64 libobjc-6-dev amd64 6.4.0-1 [197 kB]
Get:30 http://127.0.0.1:9999/debian unstable/main amd64 libclang-common-4.0-dev amd64 1:4.0.1-1 [2495 kB]
Get:31 http://127.0.0.1:9999/debian unstable/main amd64 clang-4.0 amd64 1:4.0.1-1 [52.7 MB]
debconf: delaying package configuration, since apt-utils is not installed
Fetched 101 MB in 1s (95.1 MB/s)
(Reading database ... (Reading database ... 5%(Reading database ... 10%(Reading database ... 15%(Reading database ... 20%(Reading database ... 25%(Reading database ... 30%(Reading database ... 35%(Reading database ... 40%(Reading database ... 45%(Reading database ... 50%(Reading database ... 55%(Reading database ... 60%(Reading database ... 65%(Reading database ... 70%(Reading database ... 75%(Reading database ... 80%(Reading database ... 85%(Reading database ... 90%(Reading database ... 95%(Reading database ... 100%(Reading database ... 9635 files and directories currently installed.)
Preparing to unpack .../libquadmath0_7.1.0-9_amd64.deb ...
Unpacking libquadmath0:amd64 (7.1.0-9) over (7.1.0-8) ...
Preparing to unpack .../libitm1_7.1.0-9_amd64.deb ...
Unpacking libitm1:amd64 (7.1.0-9) over (7.1.0-8) ...
Preparing to unpack .../gcc-7-base_7.1.0-9_amd64.deb ...
Unpacking gcc-7-base:amd64 (7.1.0-9) over (7.1.0-8) ...
Setting up gcc-7-base:amd64 (7.1.0-9) ...
(Reading database ... (Reading database ... 5%(Reading database ... 10%(Reading database ... 15%(Reading database ... 20%(Reading database ... 25%(Reading database ... 30%(Reading database ... 35%(Reading database ... 40%(Reading database ... 45%(Reading database ... 50%(Reading database ... 55%(Reading database ... 60%(Reading database ... 65%(Reading database ... 70%(Reading database ... 75%(Reading database ... 80%(Reading database ... 85%(Reading database ... 90%(Reading database ... 95%(Reading database ... 100%(Reading database ... 9635 files and directories currently installed.)
Preparing to unpack .../libstdc++6_7.1.0-9_amd64.deb ...
Unpacking libstdc++6:amd64 (7.1.0-9) over (7.1.0-8) ...
Setting up libstdc++6:amd64 (7.1.0-9) ...
(Reading database ... (Reading database ... 5%(Reading database ... 10%(Reading database ... 15%(Reading database ... 20%(Reading database ... 25%(Reading database ... 30%(Reading database ... 35%(Reading database ... 40%(Reading database ... 45%(Reading database ... 50%(Reading database ... 55%(Reading database ... 60%(Reading database ... 65%(Reading database ... 70%(Reading database ... 75%(Reading database ... 80%(Reading database ... 85%(Reading database ... 90%(Reading database ... 95%(Reading database ... 100%(Reading database ... 9635 files and directories currently installed.)
Preparing to unpack .../0-libmpx2_7.1.0-9_amd64.deb ...
Unpacking libmpx2:amd64 (7.1.0-9) over (7.1.0-8) ...
Preparing to unpack .../1-liblsan0_7.1.0-9_amd64.deb ...
Unpacking liblsan0:amd64 (7.1.0-9) over (7.1.0-8) ...
Preparing to unpack .../2-libtsan0_7.1.0-9_amd64.deb ...
Unpacking libtsan0:amd64 (7.1.0-9) over (7.1.0-8) ...
Preparing to unpack .../3-libubsan0_7.1.0-9_amd64.deb ...
Unpacking libubsan0:amd64 (7.1.0-9) over (7.1.0-8) ...
Preparing to unpack .../4-libcilkrts5_7.1.0-9_amd64.deb ...
Unpacking libcilkrts5:amd64 (7.1.0-9) over (7.1.0-8) ...
Preparing to unpack .../5-libcc1-0_7.1.0-9_amd64.deb ...
Unpacking libcc1-0:amd64 (7.1.0-9) over (7.1.0-8) ...
Preparing to unpack .../6-libatomic1_7.1.0-9_amd64.deb ...
Unpacking libatomic1:amd64 (7.1.0-9) over (7.1.0-8) ...
Preparing to unpack .../7-libgomp1_7.1.0-9_amd64.deb ...
Unpacking libgomp1:amd64 (7.1.0-9) over (7.1.0-8) ...
Preparing to unpack .../8-libgcc1_1%3a7.1.0-9_amd64.deb ...
Unpacking libgcc1:amd64 (1:7.1.0-9) over (1:7.1.0-8) ...
Setting up libgcc1:amd64 (1:7.1.0-9) ...
(Reading database ... (Reading database ... 5%(Reading database ... 10%(Reading database ... 15%(Reading database ... 20%(Reading database ... 25%(Reading database ... 30%(Reading database ... 35%(Reading database ... 40%(Reading database ... 45%(Reading database ... 50%(Reading database ... 55%(Reading database ... 60%(Reading database ... 65%(Reading database ... 70%(Reading database ... 75%(Reading database ... 80%(Reading database ... 85%(Reading database ... 90%(Reading database ... 95%(Reading database ... 100%(Reading database ... 9635 files and directories currently installed.)
Preparing to unpack .../00-libasan3_6.4.0-1_amd64.deb ...
Unpacking libasan3:amd64 (6.4.0-1) over (6.3.0-21) ...
Preparing to unpack .../01-g++-6_6.4.0-1_amd64.deb ...
Unpacking g++-6 (6.4.0-1) over (6.3.0-21) ...
Preparing to unpack .../02-libstdc++-6-dev_6.4.0-1_amd64.deb ...
Unpacking libstdc++-6-dev:amd64 (6.4.0-1) over (6.3.0-21) ...
Preparing to unpack .../03-gcc-6_6.4.0-1_amd64.deb ...
Unpacking gcc-6 (6.4.0-1) over (6.3.0-21) ...
Preparing to unpack .../04-libgcc-6-dev_6.4.0-1_amd64.deb ...
Unpacking libgcc-6-dev:amd64 (6.4.0-1) over (6.3.0-21) ...
Preparing to unpack .../05-cpp-6_6.4.0-1_amd64.deb ...
Unpacking cpp-6 (6.4.0-1) over (6.3.0-21) ...
Preparing to unpack .../06-gcc-6-base_6.4.0-1_amd64.deb ...
Unpacking gcc-6-base:amd64 (6.4.0-1) over (6.3.0-21) ...
Selecting previously unselected package libbsd0:amd64.
Preparing to unpack .../07-libbsd0_0.8.5-1_amd64.deb ...
Unpacking libbsd0:amd64 (0.8.5-1) ...
Selecting previously unselected package libncurses5:amd64.
Preparing to unpack .../08-libncurses5_6.0+20161126-1_amd64.deb ...
Unpacking libncurses5:amd64 (6.0+20161126-1) ...
Selecting previously unselected package libedit2:amd64.
Preparing to unpack .../09-libedit2_3.1-20170329-1_amd64.deb ...
Unpacking libedit2:amd64 (3.1-20170329-1) ...
Selecting previously unselected package libffi6:amd64.
Preparing to unpack .../10-libffi6_3.2.1-6_amd64.deb ...
Unpacking libffi6:amd64 (3.2.1-6) ...
Selecting previously unselected package libllvm4.0:amd64.
Preparing to unpack .../11-libllvm4.0_1%3a4.0.1-1_amd64.deb ...
Unpacking libllvm4.0:amd64 (1:4.0.1-1) ...
Selecting previously unselected package libclang1-4.0:amd64.
Preparing to unpack .../12-libclang1-4.0_1%3a4.0.1-1_amd64.deb ...
Unpacking libclang1-4.0:amd64 (1:4.0.1-1) ...
Selecting previously unselected package libjsoncpp1:amd64.
Preparing to unpack .../13-libjsoncpp1_1.7.4-3_amd64.deb ...
Unpacking libjsoncpp1:amd64 (1.7.4-3) ...
Selecting previously unselected package libobjc4:amd64.
Preparing to unpack .../14-libobjc4_7.1.0-9_amd64.deb ...
Unpacking libobjc4:amd64 (7.1.0-9) ...
Selecting previously unselected package libobjc-6-dev:amd64.
Preparing to unpack .../15-libobjc-6-dev_6.4.0-1_amd64.deb ...
Unpacking libobjc-6-dev:amd64 (6.4.0-1) ...
Selecting previously unselected package libclang-common-4.0-dev.
Preparing to unpack .../16-libclang-common-4.0-dev_1%3a4.0.1-1_amd64.deb ...
Unpacking libclang-common-4.0-dev (1:4.0.1-1) ...
Selecting previously unselected package clang-4.0.
Preparing to unpack .../17-clang-4.0_1%3a4.0.1-1_amd64.deb ...
Unpacking clang-4.0 (1:4.0.1-1) ...
Setting up libquadmath0:amd64 (7.1.0-9) ...
Setting up libncurses5:amd64 (6.0+20161126-1) ...
Setting up libgomp1:amd64 (7.1.0-9) ...
Setting up libatomic1:amd64 (7.1.0-9) ...
Setting up libcc1-0:amd64 (7.1.0-9) ...
Setting up libobjc4:amd64 (7.1.0-9) ...
Setting up libcilkrts5:amd64 (7.1.0-9) ...
Setting up libubsan0:amd64 (7.1.0-9) ...
Setting up libtsan0:amd64 (7.1.0-9) ...
Setting up gcc-6-base:amd64 (6.4.0-1) ...
Setting up libbsd0:amd64 (0.8.5-1) ...
Setting up liblsan0:amd64 (7.1.0-9) ...
Setting up libmpx2:amd64 (7.1.0-9) ...
Processing triggers for libc-bin (2.24-12) ...
Setting up libffi6:amd64 (3.2.1-6) ...
Setting up cpp-6 (6.4.0-1) ...
Setting up libitm1:amd64 (7.1.0-9) ...
Setting up libjsoncpp1:amd64 (1.7.4-3) ...
Setting up libedit2:amd64 (3.1-20170329-1) ...
Setting up libasan3:amd64 (6.4.0-1) ...
Setting up libgcc-6-dev:amd64 (6.4.0-1) ...
Setting up libstdc++-6-dev:amd64 (6.4.0-1) ...
Setting up gcc-6 (6.4.0-1) ...
Setting up g++-6 (6.4.0-1) ...
Setting up libllvm4.0:amd64 (1:4.0.1-1) ...
Setting up libobjc-6-dev:amd64 (6.4.0-1) ...
Setting up libclang1-4.0:amd64 (1:4.0.1-1) ...
Setting up libclang-common-4.0-dev (1:4.0.1-1) ...
Setting up clang-4.0 (1:4.0.1-1) ...
Processing triggers for libc-bin (2.24-12) ...
W: --force-yes is deprecated, use one of the options starting with --allow instead.
+ echo 'Replace gcc, g++ & cpp by clang'
Replace gcc, g++ & cpp by clang
+ VERSIONS='4.6 4.7 4.8 4.9 5 6 7'
+ cd /usr/bin
+ for VERSION in $VERSIONS
+ rm -f g++-4.6 gcc-4.6 cpp-4.6 gcc
+ ln -s clang++-4.0 g++-4.6
+ ln -s clang-4.0 gcc-4.6
+ ln -s clang-4.0 cpp-4.6
+ ln -s clang-4.0 gcc
+ echo 'gcc-4.6 hold'
+ dpkg --set-selections
dpkg: warning: package not in status nor available database at line 1: gcc-4.6
dpkg: warning: found unknown packages; this might mean the available database
is outdated, and needs to be updated through a frontend method;
please see the FAQ <https://wiki.debian.org/Teams/Dpkg/FAQ>
+ echo 'g++-4.6 hold'
+ dpkg --set-selections
dpkg: warning: package not in status nor available database at line 1: g++-4.6
dpkg: warning: found unknown packages; this might mean the available database
is outdated, and needs to be updated through a frontend method;
please see the FAQ <https://wiki.debian.org/Teams/Dpkg/FAQ>
+ for VERSION in $VERSIONS
+ rm -f g++-4.7 gcc-4.7 cpp-4.7 gcc
+ ln -s clang++-4.0 g++-4.7
+ ln -s clang-4.0 gcc-4.7
+ ln -s clang-4.0 cpp-4.7
+ ln -s clang-4.0 gcc
+ echo 'gcc-4.7 hold'
+ dpkg --set-selections
dpkg: warning: package not in status nor available database at line 1: gcc-4.7
dpkg: warning: found unknown packages; this might mean the available database
is outdated, and needs to be updated through a frontend method;
please see the FAQ <https://wiki.debian.org/Teams/Dpkg/FAQ>
+ echo 'g++-4.7 hold'
+ dpkg --set-selections
dpkg: warning: package not in status nor available database at line 1: g++-4.7
dpkg: warning: found unknown packages; this might mean the available database
is outdated, and needs to be updated through a frontend method;
please see the FAQ <https://wiki.debian.org/Teams/Dpkg/FAQ>
+ for VERSION in $VERSIONS
+ rm -f g++-4.8 gcc-4.8 cpp-4.8 gcc
+ ln -s clang++-4.0 g++-4.8
+ ln -s clang-4.0 gcc-4.8
+ ln -s clang-4.0 cpp-4.8
+ ln -s clang-4.0 gcc
+ echo 'gcc-4.8 hold'
+ dpkg --set-selections
dpkg: warning: package not in status nor available database at line 1: gcc-4.8
dpkg: warning: found unknown packages; this might mean the available database
is outdated, and needs to be updated through a frontend method;
please see the FAQ <https://wiki.debian.org/Teams/Dpkg/FAQ>
+ echo 'g++-4.8 hold'
+ dpkg --set-selections
dpkg: warning: package not in status nor available database at line 1: g++-4.8
dpkg: warning: found unknown packages; this might mean the available database
is outdated, and needs to be updated through a frontend method;
please see the FAQ <https://wiki.debian.org/Teams/Dpkg/FAQ>
+ for VERSION in $VERSIONS
+ rm -f g++-4.9 gcc-4.9 cpp-4.9 gcc
+ ln -s clang++-4.0 g++-4.9
+ ln -s clang-4.0 gcc-4.9
+ ln -s clang-4.0 cpp-4.9
+ ln -s clang-4.0 gcc
+ echo 'gcc-4.9 hold'
+ dpkg --set-selections
dpkg: warning: package not in status nor available database at line 1: gcc-4.9
dpkg: warning: found unknown packages; this might mean the available database
is outdated, and needs to be updated through a frontend method;
please see the FAQ <https://wiki.debian.org/Teams/Dpkg/FAQ>
+ echo 'g++-4.9 hold'
+ dpkg --set-selections
dpkg: warning: package not in status nor available database at line 1: g++-4.9
dpkg: warning: found unknown packages; this might mean the available database
is outdated, and needs to be updated through a frontend method;
please see the FAQ <https://wiki.debian.org/Teams/Dpkg/FAQ>
+ for VERSION in $VERSIONS
+ rm -f g++-5 gcc-5 cpp-5 gcc
+ ln -s clang++-4.0 g++-5
+ ln -s clang-4.0 gcc-5
+ ln -s clang-4.0 cpp-5
+ ln -s clang-4.0 gcc
+ echo 'gcc-5 hold'
+ dpkg --set-selections
+ echo 'g++-5 hold'
+ dpkg --set-selections
+ for VERSION in $VERSIONS
+ rm -f g++-6 gcc-6 cpp-6 gcc
+ ln -s clang++-4.0 g++-6
+ ln -s clang-4.0 gcc-6
+ ln -s clang-4.0 cpp-6
+ ln -s clang-4.0 gcc
+ echo 'gcc-6 hold'
+ dpkg --set-selections
+ echo 'g++-6 hold'
+ dpkg --set-selections
+ for VERSION in $VERSIONS
+ rm -f g++-7 gcc-7 cpp-7 gcc
+ ln -s clang++-4.0 g++-7
+ ln -s clang-4.0 gcc-7
+ ln -s clang-4.0 cpp-7
+ ln -s clang-4.0 gcc
+ echo 'gcc-7 hold'
+ dpkg --set-selections
dpkg: warning: package not in status nor available database at line 1: gcc-7
dpkg: warning: found unknown packages; this might mean the available database
is outdated, and needs to be updated through a frontend method;
please see the FAQ <https://wiki.debian.org/Teams/Dpkg/FAQ>
+ echo 'g++-7 hold'
+ dpkg --set-selections
dpkg: warning: package not in status nor available database at line 1: g++-7
dpkg: warning: found unknown packages; this might mean the available database
is outdated, and needs to be updated through a frontend method;
please see the FAQ <https://wiki.debian.org/Teams/Dpkg/FAQ>
+ cd -
/build/u1db-ZkCQtL
+ echo 'Check if gcc, g++ & cpp are actually clang'
Check if gcc, g++ & cpp are actually clang
+ gcc --version
+ grep clang
+ cpp --version
+ grep clang
+ g++ --version
+ grep clang

I: Finished running '/tmp/clang40'.

Finished processing commands.
--------------------------------------------------------------------------------

+------------------------------------------------------------------------------+
| Update chroot                                                                |
+------------------------------------------------------------------------------+

Hit:1 http://127.0.0.1:9999/debian unstable InRelease
Reading package lists...
Reading package lists...
Building dependency tree...
Reading state information...
Calculating upgrade...
The following NEW packages will be installed:
  libgnutls30 libhogweed4 libidn2-0 libnettle6 libp11-kit0 libtasn1-6
  libunistring2
The following packages will be upgraded:
  apt cpp debconf g++ gcc libapt-pkg5.0 libdebconfclient0 libperl5.24
  libsystemd0 libudev1 perl perl-base perl-modules-5.24
13 upgraded, 7 newly installed, 0 to remove and 0 not upgraded.
Need to get 12.5 MB of archives.
After this operation, 6330 kB of additional disk space will be used.
Get:1 http://127.0.0.1:9999/debian unstable/main amd64 libperl5.24 amd64 5.24.1-6 [3525 kB]
Get:2 http://127.0.0.1:9999/debian unstable/main amd64 perl amd64 5.24.1-6 [218 kB]
Get:3 http://127.0.0.1:9999/debian unstable/main amd64 perl-base amd64 5.24.1-6 [1344 kB]
Get:4 http://127.0.0.1:9999/debian unstable/main amd64 perl-modules-5.24 all 5.24.1-6 [2723 kB]
Get:5 http://127.0.0.1:9999/debian unstable/main amd64 libapt-pkg5.0 amd64 1.5~beta1 [922 kB]
Get:6 http://127.0.0.1:9999/debian unstable/main amd64 libnettle6 amd64 3.3-1+b1 [191 kB]
Get:7 http://127.0.0.1:9999/debian unstable/main amd64 libhogweed4 amd64 3.3-1+b1 [136 kB]
Get:8 http://127.0.0.1:9999/debian unstable/main amd64 libunistring2 amd64 0.9.7-2 [377 kB]
Get:9 http://127.0.0.1:9999/debian unstable/main amd64 libidn2-0 amd64 0.16-1+b1 [56.6 kB]
Get:10 http://127.0.0.1:9999/debian unstable/main amd64 libp11-kit0 amd64 0.23.7-2 [193 kB]
Get:11 http://127.0.0.1:9999/debian unstable/main amd64 libtasn1-6 amd64 4.12-2 [51.0 kB]
Get:12 http://127.0.0.1:9999/debian unstable/main amd64 libgnutls30 amd64 3.5.13-2 [914 kB]
Get:13 http://127.0.0.1:9999/debian unstable/main amd64 apt amd64 1.5~beta1 [1237 kB]
Get:14 http://127.0.0.1:9999/debian unstable/main amd64 debconf all 1.5.62 [160 kB]
Get:15 http://127.0.0.1:9999/debian unstable/main amd64 libsystemd0 amd64 233-10 [281 kB]
Get:16 http://127.0.0.1:9999/debian unstable/main amd64 libudev1 amd64 233-10 [126 kB]
Get:17 http://127.0.0.1:9999/debian unstable/main amd64 libdebconfclient0 amd64 0.229 [47.9 kB]
Get:18 http://127.0.0.1:9999/debian unstable/main amd64 cpp amd64 4:6.3.0-4d1 [18.8 kB]
Get:19 http://127.0.0.1:9999/debian unstable/main amd64 gcc amd64 4:6.3.0-4d1 [5252 B]
Get:20 http://127.0.0.1:9999/debian unstable/main amd64 g++ amd64 4:6.3.0-4d1 [1548 B]
debconf: delaying package configuration, since apt-utils is not installed
Fetched 12.5 MB in 0s (87.0 MB/s)
(Reading database ... (Reading database ... 5%(Reading database ... 10%(Reading database ... 15%(Reading database ... 20%(Reading database ... 25%(Reading database ... 30%(Reading database ... 35%(Reading database ... 40%(Reading database ... 45%(Reading database ... 50%(Reading database ... 55%(Reading database ... 60%(Reading database ... 65%(Reading database ... 70%(Reading database ... 75%(Reading database ... 80%(Reading database ... 85%(Reading database ... 90%(Reading database ... 95%(Reading database ... 100%(Reading database ... 10135 files and directories currently installed.)
Preparing to unpack .../libperl5.24_5.24.1-6_amd64.deb ...
Unpacking libperl5.24:amd64 (5.24.1-6) over (5.24.1-4) ...
Preparing to unpack .../perl_5.24.1-6_amd64.deb ...
Unpacking perl (5.24.1-6) over (5.24.1-4) ...
Preparing to unpack .../perl-base_5.24.1-6_amd64.deb ...
Unpacking perl-base (5.24.1-6) over (5.24.1-4) ...
Setting up perl-base (5.24.1-6) ...
(Reading database ... (Reading database ... 5%(Reading database ... 10%(Reading database ... 15%(Reading database ... 20%(Reading database ... 25%(Reading database ... 30%(Reading database ... 35%(Reading database ... 40%(Reading database ... 45%(Reading database ... 50%(Reading database ... 55%(Reading database ... 60%(Reading database ... 65%(Reading database ... 70%(Reading database ... 75%(Reading database ... 80%(Reading database ... 85%(Reading database ... 90%(Reading database ... 95%(Reading database ... 100%(Reading database ... 10135 files and directories currently installed.)
Preparing to unpack .../perl-modules-5.24_5.24.1-6_all.deb ...
Unpacking perl-modules-5.24 (5.24.1-6) over (5.24.1-4) ...
Preparing to unpack .../libapt-pkg5.0_1.5~beta1_amd64.deb ...
Unpacking libapt-pkg5.0:amd64 (1.5~beta1) over (1.4.6) ...
Setting up libapt-pkg5.0:amd64 (1.5~beta1) ...
Selecting previously unselected package libnettle6:amd64.
(Reading database ... (Reading database ... 5%(Reading database ... 10%(Reading database ... 15%(Reading database ... 20%(Reading database ... 25%(Reading database ... 30%(Reading database ... 35%(Reading database ... 40%(Reading database ... 45%(Reading database ... 50%(Reading database ... 55%(Reading database ... 60%(Reading database ... 65%(Reading database ... 70%(Reading database ... 75%(Reading database ... 80%(Reading database ... 85%(Reading database ... 90%(Reading database ... 95%(Reading database ... 100%(Reading database ... 10135 files and directories currently installed.)
Preparing to unpack .../libnettle6_3.3-1+b1_amd64.deb ...
Unpacking libnettle6:amd64 (3.3-1+b1) ...
Setting up libnettle6:amd64 (3.3-1+b1) ...
Selecting previously unselected package libhogweed4:amd64.
(Reading database ... (Reading database ... 5%(Reading database ... 10%(Reading database ... 15%(Reading database ... 20%(Reading database ... 25%(Reading database ... 30%(Reading database ... 35%(Reading database ... 40%(Reading database ... 45%(Reading database ... 50%(Reading database ... 55%(Reading database ... 60%(Reading database ... 65%(Reading database ... 70%(Reading database ... 75%(Reading database ... 80%(Reading database ... 85%(Reading database ... 90%(Reading database ... 95%(Reading database ... 100%(Reading database ... 10142 files and directories currently installed.)
Preparing to unpack .../libhogweed4_3.3-1+b1_amd64.deb ...
Unpacking libhogweed4:amd64 (3.3-1+b1) ...
Setting up libhogweed4:amd64 (3.3-1+b1) ...
Selecting previously unselected package libunistring2:amd64.
(Reading database ... (Reading database ... 5%(Reading database ... 10%(Reading database ... 15%(Reading database ... 20%(Reading database ... 25%(Reading database ... 30%(Reading database ... 35%(Reading database ... 40%(Reading database ... 45%(Reading database ... 50%(Reading database ... 55%(Reading database ... 60%(Reading database ... 65%(Reading database ... 70%(Reading database ... 75%(Reading database ... 80%(Reading database ... 85%(Reading database ... 90%(Reading database ... 95%(Reading database ... 100%(Reading database ... 10145 files and directories currently installed.)
Preparing to unpack .../libunistring2_0.9.7-2_amd64.deb ...
Unpacking libunistring2:amd64 (0.9.7-2) ...
Setting up libunistring2:amd64 (0.9.7-2) ...
Selecting previously unselected package libidn2-0:amd64.
(Reading database ... (Reading database ... 5%(Reading database ... 10%(Reading database ... 15%(Reading database ... 20%(Reading database ... 25%(Reading database ... 30%(Reading database ... 35%(Reading database ... 40%(Reading database ... 45%(Reading database ... 50%(Reading database ... 55%(Reading database ... 60%(Reading database ... 65%(Reading database ... 70%(Reading database ... 75%(Reading database ... 80%(Reading database ... 85%(Reading database ... 90%(Reading database ... 95%(Reading database ... 100%(Reading database ... 10151 files and directories currently installed.)
Preparing to unpack .../libidn2-0_0.16-1+b1_amd64.deb ...
Unpacking libidn2-0:amd64 (0.16-1+b1) ...
Setting up libidn2-0:amd64 (0.16-1+b1) ...
Selecting previously unselected package libp11-kit0:amd64.
(Reading database ... (Reading database ... 5%(Reading database ... 10%(Reading database ... 15%(Reading database ... 20%(Reading database ... 25%(Reading database ... 30%(Reading database ... 35%(Reading database ... 40%(Reading database ... 45%(Reading database ... 50%(Reading database ... 55%(Reading database ... 60%(Reading database ... 65%(Reading database ... 70%(Reading database ... 75%(Reading database ... 80%(Reading database ... 85%(Reading database ... 90%(Reading database ... 95%(Reading database ... 100%(Reading database ... 10161 files and directories currently installed.)
Preparing to unpack .../libp11-kit0_0.23.7-2_amd64.deb ...
Unpacking libp11-kit0:amd64 (0.23.7-2) ...
Setting up libp11-kit0:amd64 (0.23.7-2) ...
Selecting previously unselected package libtasn1-6:amd64.
(Reading database ... (Reading database ... 5%(Reading database ... 10%(Reading database ... 15%(Reading database ... 20%(Reading database ... 25%(Reading database ... 30%(Reading database ... 35%(Reading database ... 40%(Reading database ... 45%(Reading database ... 50%(Reading database ... 55%(Reading database ... 60%(Reading database ... 65%(Reading database ... 70%(Reading database ... 75%(Reading database ... 80%(Reading database ... 85%(Reading database ... 90%(Reading database ... 95%(Reading database ... 100%(Reading database ... 10169 files and directories currently installed.)
Preparing to unpack .../libtasn1-6_4.12-2_amd64.deb ...
Unpacking libtasn1-6:amd64 (4.12-2) ...
Setting up libtasn1-6:amd64 (4.12-2) ...
Selecting previously unselected package libgnutls30:amd64.
(Reading database ... (Reading database ... 5%(Reading database ... 10%(Reading database ... 15%(Reading database ... 20%(Reading database ... 25%(Reading database ... 30%(Reading database ... 35%(Reading database ... 40%(Reading database ... 45%(Reading database ... 50%(Reading database ... 55%(Reading database ... 60%(Reading database ... 65%(Reading database ... 70%(Reading database ... 75%(Reading database ... 80%(Reading database ... 85%(Reading database ... 90%(Reading database ... 95%(Reading database ... 100%(Reading database ... 10178 files and directories currently installed.)
Preparing to unpack .../libgnutls30_3.5.13-2_amd64.deb ...
Unpacking libgnutls30:amd64 (3.5.13-2) ...
Setting up libgnutls30:amd64 (3.5.13-2) ...
(Reading database ... (Reading database ... 5%(Reading database ... 10%(Reading database ... 15%(Reading database ... 20%(Reading database ... 25%(Reading database ... 30%(Reading database ... 35%(Reading database ... 40%(Reading database ... 45%(Reading database ... 50%(Reading database ... 55%(Reading database ... 60%(Reading database ... 65%(Reading database ... 70%(Reading database ... 75%(Reading database ... 80%(Reading database ... 85%(Reading database ... 90%(Reading database ... 95%(Reading database ... 100%(Reading database ... 10205 files and directories currently installed.)
Preparing to unpack .../apt_1.5~beta1_amd64.deb ...
Unpacking apt (1.5~beta1) over (1.4.6) ...
Setting up apt (1.5~beta1) ...
(Reading database ... (Reading database ... 5%(Reading database ... 10%(Reading database ... 15%(Reading database ... 20%(Reading database ... 25%(Reading database ... 30%(Reading database ... 35%(Reading database ... 40%(Reading database ... 45%(Reading database ... 50%(Reading database ... 55%(Reading database ... 60%(Reading database ... 65%(Reading database ... 70%(Reading database ... 75%(Reading database ... 80%(Reading database ... 85%(Reading database ... 90%(Reading database ... 95%(Reading database ... 100%(Reading database ... 10204 files and directories currently installed.)
Preparing to unpack .../debconf_1.5.62_all.deb ...
Unpacking debconf (1.5.62) over (1.5.61) ...
Setting up debconf (1.5.62) ...
(Reading database ... (Reading database ... 5%(Reading database ... 10%(Reading database ... 15%(Reading database ... 20%(Reading database ... 25%(Reading database ... 30%(Reading database ... 35%(Reading database ... 40%(Reading database ... 45%(Reading database ... 50%(Reading database ... 55%(Reading database ... 60%(Reading database ... 65%(Reading database ... 70%(Reading database ... 75%(Reading database ... 80%(Reading database ... 85%(Reading database ... 90%(Reading database ... 95%(Reading database ... 100%(Reading database ... 10204 files and directories currently installed.)
Preparing to unpack .../libsystemd0_233-10_amd64.deb ...
Unpacking libsystemd0:amd64 (233-10) over (233-9) ...
Setting up libsystemd0:amd64 (233-10) ...
(Reading database ... (Reading database ... 5%(Reading database ... 10%(Reading database ... 15%(Reading database ... 20%(Reading database ... 25%(Reading database ... 30%(Reading database ... 35%(Reading database ... 40%(Reading database ... 45%(Reading database ... 50%(Reading database ... 55%(Reading database ... 60%(Reading database ... 65%(Reading database ... 70%(Reading database ... 75%(Reading database ... 80%(Reading database ... 85%(Reading database ... 90%(Reading database ... 95%(Reading database ... 100%(Reading database ... 10204 files and directories currently installed.)
Preparing to unpack .../libudev1_233-10_amd64.deb ...
Unpacking libudev1:amd64 (233-10) over (233-9) ...
Setting up libudev1:amd64 (233-10) ...
(Reading database ... (Reading database ... 5%(Reading database ... 10%(Reading database ... 15%(Reading database ... 20%(Reading database ... 25%(Reading database ... 30%(Reading database ... 35%(Reading database ... 40%(Reading database ... 45%(Reading database ... 50%(Reading database ... 55%(Reading database ... 60%(Reading database ... 65%(Reading database ... 70%(Reading database ... 75%(Reading database ... 80%(Reading database ... 85%(Reading database ... 90%(Reading database ... 95%(Reading database ... 100%(Reading database ... 10204 files and directories currently installed.)
Preparing to unpack .../libdebconfclient0_0.229_amd64.deb ...
Unpacking libdebconfclient0:amd64 (0.229) over (0.228) ...
Setting up libdebconfclient0:amd64 (0.229) ...
(Reading database ... (Reading database ... 5%(Reading database ... 10%(Reading database ... 15%(Reading database ... 20%(Reading database ... 25%(Reading database ... 30%(Reading database ... 35%(Reading database ... 40%(Reading database ... 45%(Reading database ... 50%(Reading database ... 55%(Reading database ... 60%(Reading database ... 65%(Reading database ... 70%(Reading database ... 75%(Reading database ... 80%(Reading database ... 85%(Reading database ... 90%(Reading database ... 95%(Reading database ... 100%(Reading database ... 10204 files and directories currently installed.)
Preparing to unpack .../cpp_4%3a6.3.0-4d1_amd64.deb ...
Unpacking cpp (4:6.3.0-4d1) over (4:6.3.0-4) ...
Preparing to unpack .../gcc_4%3a6.3.0-4d1_amd64.deb ...
Removing old gcc doc directory.
Unpacking gcc (4:6.3.0-4d1) over (4:6.3.0-4) ...
Preparing to unpack .../g++_4%3a6.3.0-4d1_amd64.deb ...
Unpacking g++ (4:6.3.0-4d1) over (4:6.3.0-4) ...
Setting up cpp (4:6.3.0-4d1) ...
Setting up perl-modules-5.24 (5.24.1-6) ...
Setting up libperl5.24:amd64 (5.24.1-6) ...
Setting up gcc (4:6.3.0-4d1) ...
Setting up perl (5.24.1-6) ...
Processing triggers for libc-bin (2.24-12) ...
Setting up g++ (4:6.3.0-4d1) ...

+------------------------------------------------------------------------------+
| Fetch source files                                                           |
+------------------------------------------------------------------------------+


Check APT
---------

Checking available source versions...

Download source files with APT
------------------------------

Reading package lists...
Need to get 206 kB of source archives.
Get:1 http://127.0.0.1:9999/debian unstable/main u1db 13.10-6.2 (dsc) [2182 B]
Get:2 http://127.0.0.1:9999/debian unstable/main u1db 13.10-6.2 (tar) [197 kB]
Get:3 http://127.0.0.1:9999/debian unstable/main u1db 13.10-6.2 (diff) [7492 B]
Fetched 206 kB in 0s (2309 kB/s)
Download complete and in download only mode
I: NOTICE: Log filtering will replace 'build/u1db-ZkCQtL/u1db-13.10' with '<<PKGBUILDDIR>>'
I: NOTICE: Log filtering will replace 'build/u1db-ZkCQtL' with '<<BUILDDIR>>'

+------------------------------------------------------------------------------+
| Install build-essential                                                      |
+------------------------------------------------------------------------------+


Setup apt archive
-----------------

Merged Build-Depends: build-essential, fakeroot
Filtered Build-Depends: build-essential, fakeroot
dpkg-deb: building package 'sbuild-build-depends-core-dummy' in '/<<BUILDDIR>>/resolver-PghOpr/apt_archive/sbuild-build-depends-core-dummy.deb'.
dpkg-scanpackages: warning: Packages in archive but missing from override file:
dpkg-scanpackages: warning:   sbuild-build-depends-core-dummy
dpkg-scanpackages: info: Wrote 1 entries to output Packages file.
Ign:1 copy:/<<BUILDDIR>>/resolver-PghOpr/apt_archive ./ InRelease
Get:2 copy:/<<BUILDDIR>>/resolver-PghOpr/apt_archive ./ Release [957 B]
Ign:3 copy:/<<BUILDDIR>>/resolver-PghOpr/apt_archive ./ Release.gpg
Get:4 copy:/<<BUILDDIR>>/resolver-PghOpr/apt_archive ./ Sources [349 B]
Get:5 copy:/<<BUILDDIR>>/resolver-PghOpr/apt_archive ./ Packages [435 B]
Fetched 1741 B in 0s (0 B/s)
Reading package lists...
Reading package lists...

Install core build dependencies (apt-based resolver)
----------------------------------------------------

Installing build dependencies
Reading package lists...
Building dependency tree...
Reading state information...
The following NEW packages will be installed:
  sbuild-build-depends-core-dummy
0 upgraded, 1 newly installed, 0 to remove and 0 not upgraded.
Need to get 784 B of archives.
After this operation, 0 B of additional disk space will be used.
Get:1 copy:/<<BUILDDIR>>/resolver-PghOpr/apt_archive ./ sbuild-build-depends-core-dummy 0.invalid.0 [784 B]
debconf: delaying package configuration, since apt-utils is not installed
Fetched 784 B in 0s (0 B/s)
Selecting previously unselected package sbuild-build-depends-core-dummy.
(Reading database ... 10206 files and directories currently installed.)
Preparing to unpack .../sbuild-build-depends-core-dummy_0.invalid.0_amd64.deb ...
Unpacking sbuild-build-depends-core-dummy (0.invalid.0) ...
Setting up sbuild-build-depends-core-dummy (0.invalid.0) ...

+------------------------------------------------------------------------------+
| Check architectures                                                          |
+------------------------------------------------------------------------------+

Arch check ok (amd64 included in any all)

+------------------------------------------------------------------------------+
| Install package build dependencies                                           |
+------------------------------------------------------------------------------+


Setup apt archive
-----------------

Merged Build-Depends: dh-python, ca-certificates, cmake, cython, debhelper (>= 9), libcurl4-nss-dev | libcurl4-gnutls-dev | libcurl4-openssl-dev, libjson-c-dev, liboauth-dev, libsqlite3-dev, python-all (>= 2.6.6-3~), python-all-dev (>= 2.6.6-3~), python-dirspec, python-oauth, python-openssl, python-paste, python-routes, python-setuptools, python-simplejson, python-testscenarios, python-testtools, pkg-config
Filtered Build-Depends: dh-python, ca-certificates, cmake, cython, debhelper (>= 9), libcurl4-nss-dev, libjson-c-dev, liboauth-dev, libsqlite3-dev, python-all (>= 2.6.6-3~), python-all-dev (>= 2.6.6-3~), python-dirspec, python-oauth, python-openssl, python-paste, python-routes, python-setuptools, python-simplejson, python-testscenarios, python-testtools, pkg-config
dpkg-deb: building package 'sbuild-build-depends-u1db-dummy' in '/<<BUILDDIR>>/resolver-PghOpr/apt_archive/sbuild-build-depends-u1db-dummy.deb'.
dpkg-scanpackages: warning: Packages in archive but missing from override file:
dpkg-scanpackages: warning:   sbuild-build-depends-core-dummy sbuild-build-depends-u1db-dummy
dpkg-scanpackages: info: Wrote 2 entries to output Packages file.
Ign:1 copy:/<<BUILDDIR>>/resolver-PghOpr/apt_archive ./ InRelease
Get:2 copy:/<<BUILDDIR>>/resolver-PghOpr/apt_archive ./ Release [963 B]
Ign:3 copy:/<<BUILDDIR>>/resolver-PghOpr/apt_archive ./ Release.gpg
Get:4 copy:/<<BUILDDIR>>/resolver-PghOpr/apt_archive ./ Sources [642 B]
Get:5 copy:/<<BUILDDIR>>/resolver-PghOpr/apt_archive ./ Packages [707 B]
Fetched 2312 B in 0s (0 B/s)
Reading package lists...
Reading package lists...

Install u1db build dependencies (apt-based resolver)
----------------------------------------------------

Installing build dependencies
Reading package lists...
Building dependency tree...
Reading state information...
The following additional packages will be installed:
  autoconf automake autopoint autotools-dev bsdmainutils ca-certificates cmake
  cmake-data cython debhelper dh-autoreconf dh-python dh-strip-nondeterminism
  file gettext gettext-base groff-base intltool-debian libarchive-zip-perl
  libarchive13 libcroco3 libcurl3 libcurl3-gnutls libcurl3-nss
  libcurl4-nss-dev libexpat1 libexpat1-dev libfile-stripnondeterminism-perl
  libglib2.0-0 libgssapi-krb5-2 libicu57 libjs-jquery libjs-sphinxdoc
  libjs-underscore libjson-c-dev libjson-c3 libk5crypto3 libkeyutils1
  libkrb5-3 libkrb5support0 libldap-2.4-2 libldap-common liblzo2-2
  libmagic-mgc libmagic1 libmpdec2 libnghttp2-14 libnspr4 libnspr4-dev libnss3
  libnss3-dev liboauth-dev liboauth0 libpipeline1 libprocps6 libpsl5
  libpython-all-dev libpython-dev libpython-stdlib libpython2.7
  libpython2.7-dev libpython2.7-minimal libpython2.7-stdlib libpython3-stdlib
  libpython3.5-minimal libpython3.5-stdlib libreadline7 librtmp1 libsasl2-2
  libsasl2-modules-db libsigsegv2 libsqlite3-0 libsqlite3-dev libssh2-1
  libssl1.0.2 libssl1.1 libtimedate-perl libtool libuv1 libxml2 lsb-base m4
  man-db mime-support openssl pkg-config po-debconf procps python python-all
  python-all-dev python-asn1crypto python-cffi-backend python-cryptography
  python-dev python-dirspec python-dnspython python-enum34 python-extras
  python-formencode python-idna python-ipaddress python-linecache2
  python-mimeparse python-minimal python-oauth python-openssl python-paste
  python-pbr python-pkg-resources python-repoze.lru python-routes
  python-setuptools python-simplejson python-six python-tempita
  python-testscenarios python-testtools python-traceback2 python-unittest2
  python2.7 python2.7-dev python2.7-minimal python3 python3-minimal python3.5
  python3.5-minimal readline-common
Suggested packages:
  autoconf-archive gnu-standards autoconf-doc wamerican | wordlist whois
  vacation codeblocks eclipse ninja-build cython-doc dh-make gettext-doc
  libasprintf-dev libgettextpo-dev groff lrzip libcurl4-doc libcurl3-dbg
  libidn11-dev libkrb5-dev libldap2-dev librtmp-dev libssh2-1-dev zlib1g-dev
  krb5-doc krb5-user sqlite3-doc libtool-doc gfortran | fortran95-compiler
  gcj-jdk m4-doc less www-browser libmail-box-perl python-doc python-tk
  python-cryptography-doc python-cryptography-vectors python-enum34-doc
  python-egenix-mxdatetime python-openssl-doc python-openssl-dbg httpd-wsgi
  libapache2-mod-python libapache2-mod-scgi python-pastedeploy
  python-pastescript python-pastewebkit python-setuptools-doc
  python-testtools-doc python-twisted python2.7-doc binfmt-support python3-doc
  python3-tk python3-venv python3.5-venv python3.5-doc readline-doc
Recommended packages:
  curl | wget | lynx-cur libarchive-cpio-perl libglib2.0-data shared-mime-info
  xdg-user-dirs javascript-common krb5-locales publicsuffix libsasl2-modules
  libltdl-dev xml-core libmail-sendmail-perl psmisc libjs-mochikit
  python-openid python-scgi python-webob python-fixtures
The following NEW packages will be installed:
  autoconf automake autopoint autotools-dev bsdmainutils ca-certificates cmake
  cmake-data cython debhelper dh-autoreconf dh-python dh-strip-nondeterminism
  file gettext gettext-base groff-base intltool-debian libarchive-zip-perl
  libarchive13 libcroco3 libcurl3 libcurl3-gnutls libcurl3-nss
  libcurl4-nss-dev libexpat1 libexpat1-dev libfile-stripnondeterminism-perl
  libglib2.0-0 libgssapi-krb5-2 libicu57 libjs-jquery libjs-sphinxdoc
  libjs-underscore libjson-c-dev libjson-c3 libk5crypto3 libkeyutils1
  libkrb5-3 libkrb5support0 libldap-2.4-2 libldap-common liblzo2-2
  libmagic-mgc libmagic1 libmpdec2 libnghttp2-14 libnspr4 libnspr4-dev libnss3
  libnss3-dev liboauth-dev liboauth0 libpipeline1 libprocps6 libpsl5
  libpython-all-dev libpython-dev libpython-stdlib libpython2.7
  libpython2.7-dev libpython2.7-minimal libpython2.7-stdlib libpython3-stdlib
  libpython3.5-minimal libpython3.5-stdlib libreadline7 librtmp1 libsasl2-2
  libsasl2-modules-db libsigsegv2 libsqlite3-0 libsqlite3-dev libssh2-1
  libssl1.0.2 libssl1.1 libtimedate-perl libtool libuv1 libxml2 lsb-base m4
  man-db mime-support openssl pkg-config po-debconf procps python python-all
  python-all-dev python-asn1crypto python-cffi-backend python-cryptography
  python-dev python-dirspec python-dnspython python-enum34 python-extras
  python-formencode python-idna python-ipaddress python-linecache2
  python-mimeparse python-minimal python-oauth python-openssl python-paste
  python-pbr python-pkg-resources python-repoze.lru python-routes
  python-setuptools python-simplejson python-six python-tempita
  python-testscenarios python-testtools python-traceback2 python-unittest2
  python2.7 python2.7-dev python2.7-minimal python3 python3-minimal python3.5
  python3.5-minimal readline-common sbuild-build-depends-u1db-dummy
0 upgraded, 129 newly installed, 0 to remove and 0 not upgraded.
Need to get 77.3 MB of archives.
After this operation, 225 MB of additional disk space will be used.
Get:1 copy:/<<BUILDDIR>>/resolver-PghOpr/apt_archive ./ sbuild-build-depends-u1db-dummy 0.invalid.0 [924 B]
Get:2 http://127.0.0.1:9999/debian unstable/main amd64 groff-base amd64 1.22.3-9 [1160 kB]
Get:3 http://127.0.0.1:9999/debian unstable/main amd64 bsdmainutils amd64 9.0.12+nmu1 [186 kB]
Get:4 http://127.0.0.1:9999/debian unstable/main amd64 libpipeline1 amd64 1.4.1-2 [27.6 kB]
Get:5 http://127.0.0.1:9999/debian unstable/main amd64 man-db amd64 2.7.6.1-2 [1044 kB]
Get:6 http://127.0.0.1:9999/debian unstable/main amd64 libpython2.7-minimal amd64 2.7.13-2 [389 kB]
Get:7 http://127.0.0.1:9999/debian unstable/main amd64 python2.7-minimal amd64 2.7.13-2 [1383 kB]
Get:8 http://127.0.0.1:9999/debian unstable/main amd64 python-minimal amd64 2.7.13-2 [40.5 kB]
Get:9 http://127.0.0.1:9999/debian unstable/main amd64 mime-support all 3.60 [36.7 kB]
Get:10 http://127.0.0.1:9999/debian unstable/main amd64 libexpat1 amd64 2.2.1-3 [85.6 kB]
Get:11 http://127.0.0.1:9999/debian unstable/main amd64 readline-common all 7.0-3 [70.4 kB]
Get:12 http://127.0.0.1:9999/debian unstable/main amd64 libreadline7 amd64 7.0-3 [151 kB]
Get:13 http://127.0.0.1:9999/debian unstable/main amd64 libsqlite3-0 amd64 3.16.2-5 [572 kB]
Get:14 http://127.0.0.1:9999/debian unstable/main amd64 libssl1.1 amd64 1.1.0f-3 [1342 kB]
Get:15 http://127.0.0.1:9999/debian unstable/main amd64 libpython2.7-stdlib amd64 2.7.13-2 [1895 kB]
Get:16 http://127.0.0.1:9999/debian unstable/main amd64 python2.7 amd64 2.7.13-2 [285 kB]
Get:17 http://127.0.0.1:9999/debian unstable/main amd64 libpython-stdlib amd64 2.7.13-2 [20.0 kB]
Get:18 http://127.0.0.1:9999/debian unstable/main amd64 python amd64 2.7.13-2 [154 kB]
Get:19 http://127.0.0.1:9999/debian unstable/main amd64 cmake-data all 3.7.2-1 [1216 kB]
Get:20 http://127.0.0.1:9999/debian unstable/main amd64 libprocps6 amd64 2:3.3.12-3 [58.1 kB]
Get:21 http://127.0.0.1:9999/debian unstable/main amd64 lsb-base all 9.20161125 [27.9 kB]
Get:22 http://127.0.0.1:9999/debian unstable/main amd64 procps amd64 2:3.3.12-3 [249 kB]
Get:23 http://127.0.0.1:9999/debian unstable/main amd64 liblzo2-2 amd64 2.08-1.2+b2 [55.0 kB]
Get:24 http://127.0.0.1:9999/debian unstable/main amd64 libicu57 amd64 57.1-6 [7701 kB]
Get:25 http://127.0.0.1:9999/debian unstable/main amd64 libxml2 amd64 2.9.4+dfsg1-3 [715 kB]
Get:26 http://127.0.0.1:9999/debian unstable/main amd64 libarchive13 amd64 3.2.2-2 [294 kB]
Get:27 http://127.0.0.1:9999/debian unstable/main amd64 libkeyutils1 amd64 1.5.9-9 [12.4 kB]
Get:28 http://127.0.0.1:9999/debian unstable/main amd64 libkrb5support0 amd64 1.15-1 [61.7 kB]
Get:29 http://127.0.0.1:9999/debian unstable/main amd64 libk5crypto3 amd64 1.15-1 [119 kB]
Get:30 http://127.0.0.1:9999/debian unstable/main amd64 libkrb5-3 amd64 1.15-1 [311 kB]
Get:31 http://127.0.0.1:9999/debian unstable/main amd64 libgssapi-krb5-2 amd64 1.15-1 [154 kB]
Get:32 http://127.0.0.1:9999/debian unstable/main amd64 libsasl2-modules-db amd64 2.1.27~101-g0780600+dfsg-3 [68.2 kB]
Get:33 http://127.0.0.1:9999/debian unstable/main amd64 libsasl2-2 amd64 2.1.27~101-g0780600+dfsg-3 [105 kB]
Get:34 http://127.0.0.1:9999/debian unstable/main amd64 libldap-common all 2.4.44+dfsg-7 [85.2 kB]
Get:35 http://127.0.0.1:9999/debian unstable/main amd64 libldap-2.4-2 amd64 2.4.44+dfsg-7 [219 kB]
Get:36 http://127.0.0.1:9999/debian unstable/main amd64 libnghttp2-14 amd64 1.24.0-1 [81.6 kB]
Get:37 http://127.0.0.1:9999/debian unstable/main amd64 libpsl5 amd64 0.17.0-4+b1 [43.0 kB]
Get:38 http://127.0.0.1:9999/debian unstable/main amd64 librtmp1 amd64 2.4+20151223.gitfa8646d.1-1+b1 [60.4 kB]
Get:39 http://127.0.0.1:9999/debian unstable/main amd64 libssh2-1 amd64 1.8.0-1 [138 kB]
Get:40 http://127.0.0.1:9999/debian unstable/main amd64 libssl1.0.2 amd64 1.0.2l-2 [1294 kB]
Get:41 http://127.0.0.1:9999/debian unstable/main amd64 libcurl3 amd64 7.52.1-5 [291 kB]
Get:42 http://127.0.0.1:9999/debian unstable/main amd64 libuv1 amd64 1.9.1-3 [84.4 kB]
Get:43 http://127.0.0.1:9999/debian unstable/main amd64 cmake amd64 3.7.2-1 [3038 kB]
Get:44 http://127.0.0.1:9999/debian unstable/main amd64 libcurl3-gnutls amd64 7.52.1-5 [289 kB]
Get:45 http://127.0.0.1:9999/debian unstable/main amd64 libnspr4 amd64 2:4.15-1 [117 kB]
Get:46 http://127.0.0.1:9999/debian unstable/main amd64 libnss3 amd64 2:3.31-1 [1160 kB]
Get:47 http://127.0.0.1:9999/debian unstable/main amd64 liboauth0 amd64 1.0.1-1 [21.4 kB]
Get:48 http://127.0.0.1:9999/debian unstable/main amd64 python-extras all 0.0.3-3 [7388 B]
Get:49 http://127.0.0.1:9999/debian unstable/main amd64 libpython3.5-minimal amd64 3.5.3-3 [577 kB]
Get:50 http://127.0.0.1:9999/debian unstable/main amd64 python3.5-minimal amd64 3.5.3-3 [1695 kB]
Get:51 http://127.0.0.1:9999/debian unstable/main amd64 python3-minimal amd64 3.5.3-3 [35.4 kB]
Get:52 http://127.0.0.1:9999/debian unstable/main amd64 libmpdec2 amd64 2.4.2-1 [85.2 kB]
Get:53 http://127.0.0.1:9999/debian unstable/main amd64 libpython3.5-stdlib amd64 3.5.3-3 [2170 kB]
Get:54 http://127.0.0.1:9999/debian unstable/main amd64 python3.5 amd64 3.5.3-3 [237 kB]
Get:55 http://127.0.0.1:9999/debian unstable/main amd64 libpython3-stdlib amd64 3.5.3-3 [18.8 kB]
Get:56 http://127.0.0.1:9999/debian unstable/main amd64 dh-python all 2.20170125 [86.8 kB]
Get:57 http://127.0.0.1:9999/debian unstable/main amd64 python3 amd64 3.5.3-3 [21.8 kB]
Get:58 http://127.0.0.1:9999/debian unstable/main amd64 libmagic-mgc amd64 1:5.30-1 [222 kB]
Get:59 http://127.0.0.1:9999/debian unstable/main amd64 libmagic1 amd64 1:5.30-1 [111 kB]
Get:60 http://127.0.0.1:9999/debian unstable/main amd64 file amd64 1:5.30-1 [63.9 kB]
Get:61 http://127.0.0.1:9999/debian unstable/main amd64 gettext-base amd64 0.19.8.1-2+b1 [122 kB]
Get:62 http://127.0.0.1:9999/debian unstable/main amd64 libsigsegv2 amd64 2.11-1 [29.9 kB]
Get:63 http://127.0.0.1:9999/debian unstable/main amd64 m4 amd64 1.4.18-1 [202 kB]
Get:64 http://127.0.0.1:9999/debian unstable/main amd64 autoconf all 2.69-10 [338 kB]
Get:65 http://127.0.0.1:9999/debian unstable/main amd64 autotools-dev all 20161112.1 [73.4 kB]
Get:66 http://127.0.0.1:9999/debian unstable/main amd64 automake all 1:1.15.1-2 [736 kB]
Get:67 http://127.0.0.1:9999/debian unstable/main amd64 autopoint all 0.19.8.1-2 [433 kB]
Get:68 http://127.0.0.1:9999/debian unstable/main amd64 openssl amd64 1.1.0f-3 [725 kB]
Get:69 http://127.0.0.1:9999/debian unstable/main amd64 ca-certificates all 20161130+nmu1 [196 kB]
Get:70 http://127.0.0.1:9999/debian unstable/main amd64 cython amd64 0.25.2-1+b1 [1863 kB]
Get:71 http://127.0.0.1:9999/debian unstable/main amd64 libtool all 2.4.6-2 [545 kB]
Get:72 http://127.0.0.1:9999/debian unstable/main amd64 dh-autoreconf all 14 [15.9 kB]
Get:73 http://127.0.0.1:9999/debian unstable/main amd64 libarchive-zip-perl all 1.59-1 [95.5 kB]
Get:74 http://127.0.0.1:9999/debian unstable/main amd64 libfile-stripnondeterminism-perl all 0.035-2 [17.0 kB]
Get:75 http://127.0.0.1:9999/debian unstable/main amd64 libtimedate-perl all 2.3000-2 [42.2 kB]
Get:76 http://127.0.0.1:9999/debian unstable/main amd64 dh-strip-nondeterminism all 0.035-2 [10.7 kB]
Get:77 http://127.0.0.1:9999/debian unstable/main amd64 libglib2.0-0 amd64 2.52.3-1 [2742 kB]
Get:78 http://127.0.0.1:9999/debian unstable/main amd64 libcroco3 amd64 0.6.12-1 [144 kB]
Get:79 http://127.0.0.1:9999/debian unstable/main amd64 gettext amd64 0.19.8.1-2+b1 [1301 kB]
Get:80 http://127.0.0.1:9999/debian unstable/main amd64 intltool-debian all 0.35.0+20060710.4 [26.3 kB]
Get:81 http://127.0.0.1:9999/debian unstable/main amd64 po-debconf all 1.0.20 [247 kB]
Get:82 http://127.0.0.1:9999/debian unstable/main amd64 debhelper all 10.6.2 [968 kB]
Get:83 http://127.0.0.1:9999/debian unstable/main amd64 libcurl3-nss amd64 7.52.1-5 [295 kB]
Get:84 http://127.0.0.1:9999/debian unstable/main amd64 libcurl4-nss-dev amd64 7.52.1-5 [377 kB]
Get:85 http://127.0.0.1:9999/debian unstable/main amd64 libexpat1-dev amd64 2.2.1-3 [137 kB]
Get:86 http://127.0.0.1:9999/debian unstable/main amd64 libjs-jquery all 3.1.1-2 [154 kB]
Get:87 http://127.0.0.1:9999/debian unstable/main amd64 libjs-underscore all 1.8.3~dfsg-1 [63.8 kB]
Get:88 http://127.0.0.1:9999/debian unstable/main amd64 libjs-sphinxdoc all 1.4.9-2 [69.5 kB]
Get:89 http://127.0.0.1:9999/debian unstable/main amd64 libjson-c3 amd64 0.12.1-1.1 [25.8 kB]
Get:90 http://127.0.0.1:9999/debian unstable/main amd64 libjson-c-dev amd64 0.12.1-1.1 [37.5 kB]
Get:91 http://127.0.0.1:9999/debian unstable/main amd64 libnspr4-dev amd64 2:4.15-1 [217 kB]
Get:92 http://127.0.0.1:9999/debian unstable/main amd64 libnss3-dev amd64 2:3.31-1 [232 kB]
Get:93 http://127.0.0.1:9999/debian unstable/main amd64 liboauth-dev amd64 1.0.1-1 [38.4 kB]
Get:94 http://127.0.0.1:9999/debian unstable/main amd64 libpython2.7 amd64 2.7.13-2 [1072 kB]
Get:95 http://127.0.0.1:9999/debian unstable/main amd64 libpython2.7-dev amd64 2.7.13-2 [28.2 MB]
Get:96 http://127.0.0.1:9999/debian unstable/main amd64 libpython-dev amd64 2.7.13-2 [20.1 kB]
Get:97 http://127.0.0.1:9999/debian unstable/main amd64 libpython-all-dev amd64 2.7.13-2 [960 B]
Get:98 http://127.0.0.1:9999/debian unstable/main amd64 libsqlite3-dev amd64 3.16.2-5 [703 kB]
Get:99 http://127.0.0.1:9999/debian unstable/main amd64 pkg-config amd64 0.29-4+b1 [63.3 kB]
Get:100 http://127.0.0.1:9999/debian unstable/main amd64 python-all amd64 2.7.13-2 [942 B]
Get:101 http://127.0.0.1:9999/debian unstable/main amd64 python2.7-dev amd64 2.7.13-2 [281 kB]
Get:102 http://127.0.0.1:9999/debian unstable/main amd64 python-dev amd64 2.7.13-2 [1126 B]
Get:103 http://127.0.0.1:9999/debian unstable/main amd64 python-all-dev amd64 2.7.13-2 [962 B]
Get:104 http://127.0.0.1:9999/debian unstable/main amd64 python-asn1crypto all 0.22.0-1 [69.9 kB]
Get:105 http://127.0.0.1:9999/debian unstable/main amd64 python-cffi-backend amd64 1.9.1-2+b1 [69.2 kB]
Get:106 http://127.0.0.1:9999/debian unstable/main amd64 python-enum34 all 1.1.6-1 [35.0 kB]
Get:107 http://127.0.0.1:9999/debian unstable/main amd64 python-idna all 2.2-1 [32.6 kB]
Get:108 http://127.0.0.1:9999/debian unstable/main amd64 python-ipaddress all 1.0.17-1 [18.1 kB]
Get:109 http://127.0.0.1:9999/debian unstable/main amd64 python-six all 1.10.0-4 [14.4 kB]
Get:110 http://127.0.0.1:9999/debian unstable/main amd64 python-cryptography amd64 1.9-1 [209 kB]
Get:111 http://127.0.0.1:9999/debian unstable/main amd64 python-dirspec all 13.10-1 [7138 B]
Get:112 http://127.0.0.1:9999/debian unstable/main amd64 python-dnspython all 1.15.0-1 [102 kB]
Get:113 http://127.0.0.1:9999/debian unstable/main amd64 python-pkg-resources all 36.0.1-1 [168 kB]
Get:114 http://127.0.0.1:9999/debian unstable/main amd64 python-formencode all 1.3.0-2 [140 kB]
Get:115 http://127.0.0.1:9999/debian unstable/main amd64 python-linecache2 all 1.0.0-3 [12.3 kB]
Get:116 http://127.0.0.1:9999/debian unstable/main amd64 python-mimeparse all 0.1.4-3 [5942 B]
Get:117 http://127.0.0.1:9999/debian unstable/main amd64 python-oauth all 1.0.1-5 [12.8 kB]
Get:118 http://127.0.0.1:9999/debian unstable/main amd64 python-openssl all 16.2.0-1 [43.7 kB]
Get:119 http://127.0.0.1:9999/debian unstable/main amd64 python-tempita all 0.5.2-2 [13.8 kB]
Get:120 http://127.0.0.1:9999/debian unstable/main amd64 python-paste all 2.0.3+dfsg-4 [474 kB]
Get:121 http://127.0.0.1:9999/debian unstable/main amd64 python-pbr all 1.10.0-1 [52.4 kB]
Get:122 http://127.0.0.1:9999/debian unstable/main amd64 python-repoze.lru all 0.6-6 [12.3 kB]
Get:123 http://127.0.0.1:9999/debian unstable/main amd64 python-routes all 2.3.1-2 [100 kB]
Get:124 http://127.0.0.1:9999/debian unstable/main amd64 python-setuptools all 36.0.1-1 [301 kB]
Get:125 http://127.0.0.1:9999/debian unstable/main amd64 python-simplejson amd64 3.11.1-1+b1 [71.0 kB]
Get:126 http://127.0.0.1:9999/debian unstable/main amd64 python-traceback2 all 1.4.0-4 [16.0 kB]
Get:127 http://127.0.0.1:9999/debian unstable/main amd64 python-unittest2 all 1.1.0-6.1 [75.7 kB]
Get:128 http://127.0.0.1:9999/debian unstable/main amd64 python-testtools all 1.8.0-5 [109 kB]
Get:129 http://127.0.0.1:9999/debian unstable/main amd64 python-testscenarios all 0.4-4 [12.9 kB]
debconf: delaying package configuration, since apt-utils is not installed
Fetched 77.3 MB in 1s (60.9 MB/s)
Selecting previously unselected package groff-base.
(Reading database ... 10206 files and directories currently installed.)
Preparing to unpack .../00-groff-base_1.22.3-9_amd64.deb ...
Unpacking groff-base (1.22.3-9) ...
Selecting previously unselected package bsdmainutils.
Preparing to unpack .../01-bsdmainutils_9.0.12+nmu1_amd64.deb ...
Unpacking bsdmainutils (9.0.12+nmu1) ...
Selecting previously unselected package libpipeline1:amd64.
Preparing to unpack .../02-libpipeline1_1.4.1-2_amd64.deb ...
Unpacking libpipeline1:amd64 (1.4.1-2) ...
Selecting previously unselected package man-db.
Preparing to unpack .../03-man-db_2.7.6.1-2_amd64.deb ...
Unpacking man-db (2.7.6.1-2) ...
Selecting previously unselected package libpython2.7-minimal:amd64.
Preparing to unpack .../04-libpython2.7-minimal_2.7.13-2_amd64.deb ...
Unpacking libpython2.7-minimal:amd64 (2.7.13-2) ...
Selecting previously unselected package python2.7-minimal.
Preparing to unpack .../05-python2.7-minimal_2.7.13-2_amd64.deb ...
Unpacking python2.7-minimal (2.7.13-2) ...
Selecting previously unselected package python-minimal.
Preparing to unpack .../06-python-minimal_2.7.13-2_amd64.deb ...
Unpacking python-minimal (2.7.13-2) ...
Selecting previously unselected package mime-support.
Preparing to unpack .../07-mime-support_3.60_all.deb ...
Unpacking mime-support (3.60) ...
Selecting previously unselected package libexpat1:amd64.
Preparing to unpack .../08-libexpat1_2.2.1-3_amd64.deb ...
Unpacking libexpat1:amd64 (2.2.1-3) ...
Selecting previously unselected package readline-common.
Preparing to unpack .../09-readline-common_7.0-3_all.deb ...
Unpacking readline-common (7.0-3) ...
Selecting previously unselected package libreadline7:amd64.
Preparing to unpack .../10-libreadline7_7.0-3_amd64.deb ...
Unpacking libreadline7:amd64 (7.0-3) ...
Selecting previously unselected package libsqlite3-0:amd64.
Preparing to unpack .../11-libsqlite3-0_3.16.2-5_amd64.deb ...
Unpacking libsqlite3-0:amd64 (3.16.2-5) ...
Selecting previously unselected package libssl1.1:amd64.
Preparing to unpack .../12-libssl1.1_1.1.0f-3_amd64.deb ...
Unpacking libssl1.1:amd64 (1.1.0f-3) ...
Selecting previously unselected package libpython2.7-stdlib:amd64.
Preparing to unpack .../13-libpython2.7-stdlib_2.7.13-2_amd64.deb ...
Unpacking libpython2.7-stdlib:amd64 (2.7.13-2) ...
Selecting previously unselected package python2.7.
Preparing to unpack .../14-python2.7_2.7.13-2_amd64.deb ...
Unpacking python2.7 (2.7.13-2) ...
Selecting previously unselected package libpython-stdlib:amd64.
Preparing to unpack .../15-libpython-stdlib_2.7.13-2_amd64.deb ...
Unpacking libpython-stdlib:amd64 (2.7.13-2) ...
Setting up libpython2.7-minimal:amd64 (2.7.13-2) ...
Setting up python2.7-minimal (2.7.13-2) ...
Setting up python-minimal (2.7.13-2) ...
Selecting previously unselected package python.
(Reading database ... 11586 files and directories currently installed.)
Preparing to unpack .../00-python_2.7.13-2_amd64.deb ...
Unpacking python (2.7.13-2) ...
Selecting previously unselected package cmake-data.
Preparing to unpack .../01-cmake-data_3.7.2-1_all.deb ...
Unpacking cmake-data (3.7.2-1) ...
Selecting previously unselected package libprocps6:amd64.
Preparing to unpack .../02-libprocps6_2%3a3.3.12-3_amd64.deb ...
Unpacking libprocps6:amd64 (2:3.3.12-3) ...
Selecting previously unselected package lsb-base.
Preparing to unpack .../03-lsb-base_9.20161125_all.deb ...
Unpacking lsb-base (9.20161125) ...
Selecting previously unselected package procps.
Preparing to unpack .../04-procps_2%3a3.3.12-3_amd64.deb ...
Unpacking procps (2:3.3.12-3) ...
Selecting previously unselected package liblzo2-2:amd64.
Preparing to unpack .../05-liblzo2-2_2.08-1.2+b2_amd64.deb ...
Unpacking liblzo2-2:amd64 (2.08-1.2+b2) ...
Selecting previously unselected package libicu57:amd64.
Preparing to unpack .../06-libicu57_57.1-6_amd64.deb ...
Unpacking libicu57:amd64 (57.1-6) ...
Selecting previously unselected package libxml2:amd64.
Preparing to unpack .../07-libxml2_2.9.4+dfsg1-3_amd64.deb ...
Unpacking libxml2:amd64 (2.9.4+dfsg1-3) ...
Selecting previously unselected package libarchive13:amd64.
Preparing to unpack .../08-libarchive13_3.2.2-2_amd64.deb ...
Unpacking libarchive13:amd64 (3.2.2-2) ...
Selecting previously unselected package libkeyutils1:amd64.
Preparing to unpack .../09-libkeyutils1_1.5.9-9_amd64.deb ...
Unpacking libkeyutils1:amd64 (1.5.9-9) ...
Selecting previously unselected package libkrb5support0:amd64.
Preparing to unpack .../10-libkrb5support0_1.15-1_amd64.deb ...
Unpacking libkrb5support0:amd64 (1.15-1) ...
Selecting previously unselected package libk5crypto3:amd64.
Preparing to unpack .../11-libk5crypto3_1.15-1_amd64.deb ...
Unpacking libk5crypto3:amd64 (1.15-1) ...
Selecting previously unselected package libkrb5-3:amd64.
Preparing to unpack .../12-libkrb5-3_1.15-1_amd64.deb ...
Unpacking libkrb5-3:amd64 (1.15-1) ...
Selecting previously unselected package libgssapi-krb5-2:amd64.
Preparing to unpack .../13-libgssapi-krb5-2_1.15-1_amd64.deb ...
Unpacking libgssapi-krb5-2:amd64 (1.15-1) ...
Selecting previously unselected package libsasl2-modules-db:amd64.
Preparing to unpack .../14-libsasl2-modules-db_2.1.27~101-g0780600+dfsg-3_amd64.deb ...
Unpacking libsasl2-modules-db:amd64 (2.1.27~101-g0780600+dfsg-3) ...
Selecting previously unselected package libsasl2-2:amd64.
Preparing to unpack .../15-libsasl2-2_2.1.27~101-g0780600+dfsg-3_amd64.deb ...
Unpacking libsasl2-2:amd64 (2.1.27~101-g0780600+dfsg-3) ...
Selecting previously unselected package libldap-common.
Preparing to unpack .../16-libldap-common_2.4.44+dfsg-7_all.deb ...
Unpacking libldap-common (2.4.44+dfsg-7) ...
Selecting previously unselected package libldap-2.4-2:amd64.
Preparing to unpack .../17-libldap-2.4-2_2.4.44+dfsg-7_amd64.deb ...
Unpacking libldap-2.4-2:amd64 (2.4.44+dfsg-7) ...
Selecting previously unselected package libnghttp2-14:amd64.
Preparing to unpack .../18-libnghttp2-14_1.24.0-1_amd64.deb ...
Unpacking libnghttp2-14:amd64 (1.24.0-1) ...
Selecting previously unselected package libpsl5:amd64.
Preparing to unpack .../19-libpsl5_0.17.0-4+b1_amd64.deb ...
Unpacking libpsl5:amd64 (0.17.0-4+b1) ...
Selecting previously unselected package librtmp1:amd64.
Preparing to unpack .../20-librtmp1_2.4+20151223.gitfa8646d.1-1+b1_amd64.deb ...
Unpacking librtmp1:amd64 (2.4+20151223.gitfa8646d.1-1+b1) ...
Selecting previously unselected package libssh2-1:amd64.
Preparing to unpack .../21-libssh2-1_1.8.0-1_amd64.deb ...
Unpacking libssh2-1:amd64 (1.8.0-1) ...
Selecting previously unselected package libssl1.0.2:amd64.
Preparing to unpack .../22-libssl1.0.2_1.0.2l-2_amd64.deb ...
Unpacking libssl1.0.2:amd64 (1.0.2l-2) ...
Selecting previously unselected package libcurl3:amd64.
Preparing to unpack .../23-libcurl3_7.52.1-5_amd64.deb ...
Unpacking libcurl3:amd64 (7.52.1-5) ...
Selecting previously unselected package libuv1:amd64.
Preparing to unpack .../24-libuv1_1.9.1-3_amd64.deb ...
Unpacking libuv1:amd64 (1.9.1-3) ...
Selecting previously unselected package cmake.
Preparing to unpack .../25-cmake_3.7.2-1_amd64.deb ...
Unpacking cmake (3.7.2-1) ...
Selecting previously unselected package libcurl3-gnutls:amd64.
Preparing to unpack .../26-libcurl3-gnutls_7.52.1-5_amd64.deb ...
Unpacking libcurl3-gnutls:amd64 (7.52.1-5) ...
Selecting previously unselected package libnspr4:amd64.
Preparing to unpack .../27-libnspr4_2%3a4.15-1_amd64.deb ...
Unpacking libnspr4:amd64 (2:4.15-1) ...
Selecting previously unselected package libnss3:amd64.
Preparing to unpack .../28-libnss3_2%3a3.31-1_amd64.deb ...
Unpacking libnss3:amd64 (2:3.31-1) ...
Selecting previously unselected package liboauth0:amd64.
Preparing to unpack .../29-liboauth0_1.0.1-1_amd64.deb ...
Unpacking liboauth0:amd64 (1.0.1-1) ...
Selecting previously unselected package python-extras.
Preparing to unpack .../30-python-extras_0.0.3-3_all.deb ...
Unpacking python-extras (0.0.3-3) ...
Selecting previously unselected package libpython3.5-minimal:amd64.
Preparing to unpack .../31-libpython3.5-minimal_3.5.3-3_amd64.deb ...
Unpacking libpython3.5-minimal:amd64 (3.5.3-3) ...
Selecting previously unselected package python3.5-minimal.
Preparing to unpack .../32-python3.5-minimal_3.5.3-3_amd64.deb ...
Unpacking python3.5-minimal (3.5.3-3) ...
Selecting previously unselected package python3-minimal.
Preparing to unpack .../33-python3-minimal_3.5.3-3_amd64.deb ...
Unpacking python3-minimal (3.5.3-3) ...
Selecting previously unselected package libmpdec2:amd64.
Preparing to unpack .../34-libmpdec2_2.4.2-1_amd64.deb ...
Unpacking libmpdec2:amd64 (2.4.2-1) ...
Selecting previously unselected package libpython3.5-stdlib:amd64.
Preparing to unpack .../35-libpython3.5-stdlib_3.5.3-3_amd64.deb ...
Unpacking libpython3.5-stdlib:amd64 (3.5.3-3) ...
Selecting previously unselected package python3.5.
Preparing to unpack .../36-python3.5_3.5.3-3_amd64.deb ...
Unpacking python3.5 (3.5.3-3) ...
Selecting previously unselected package libpython3-stdlib:amd64.
Preparing to unpack .../37-libpython3-stdlib_3.5.3-3_amd64.deb ...
Unpacking libpython3-stdlib:amd64 (3.5.3-3) ...
Selecting previously unselected package dh-python.
Preparing to unpack .../38-dh-python_2.20170125_all.deb ...
Unpacking dh-python (2.20170125) ...
Setting up libssl1.1:amd64 (1.1.0f-3) ...
Setting up libpython3.5-minimal:amd64 (3.5.3-3) ...
Setting up libexpat1:amd64 (2.2.1-3) ...
Setting up python3.5-minimal (3.5.3-3) ...
Setting up python3-minimal (3.5.3-3) ...
Selecting previously unselected package python3.
(Reading database ... 15081 files and directories currently installed.)
Preparing to unpack .../00-python3_3.5.3-3_amd64.deb ...
Unpacking python3 (3.5.3-3) ...
Selecting previously unselected package libmagic-mgc.
Preparing to unpack .../01-libmagic-mgc_1%3a5.30-1_amd64.deb ...
Unpacking libmagic-mgc (1:5.30-1) ...
Selecting previously unselected package libmagic1:amd64.
Preparing to unpack .../02-libmagic1_1%3a5.30-1_amd64.deb ...
Unpacking libmagic1:amd64 (1:5.30-1) ...
Selecting previously unselected package file.
Preparing to unpack .../03-file_1%3a5.30-1_amd64.deb ...
Unpacking file (1:5.30-1) ...
Selecting previously unselected package gettext-base.
Preparing to unpack .../04-gettext-base_0.19.8.1-2+b1_amd64.deb ...
Unpacking gettext-base (0.19.8.1-2+b1) ...
Selecting previously unselected package libsigsegv2:amd64.
Preparing to unpack .../05-libsigsegv2_2.11-1_amd64.deb ...
Unpacking libsigsegv2:amd64 (2.11-1) ...
Selecting previously unselected package m4.
Preparing to unpack .../06-m4_1.4.18-1_amd64.deb ...
Unpacking m4 (1.4.18-1) ...
Selecting previously unselected package autoconf.
Preparing to unpack .../07-autoconf_2.69-10_all.deb ...
Unpacking autoconf (2.69-10) ...
Selecting previously unselected package autotools-dev.
Preparing to unpack .../08-autotools-dev_20161112.1_all.deb ...
Unpacking autotools-dev (20161112.1) ...
Selecting previously unselected package automake.
Preparing to unpack .../09-automake_1%3a1.15.1-2_all.deb ...
Unpacking automake (1:1.15.1-2) ...
Selecting previously unselected package autopoint.
Preparing to unpack .../10-autopoint_0.19.8.1-2_all.deb ...
Unpacking autopoint (0.19.8.1-2) ...
Selecting previously unselected package openssl.
Preparing to unpack .../11-openssl_1.1.0f-3_amd64.deb ...
Unpacking openssl (1.1.0f-3) ...
Selecting previously unselected package ca-certificates.
Preparing to unpack .../12-ca-certificates_20161130+nmu1_all.deb ...
Unpacking ca-certificates (20161130+nmu1) ...
Selecting previously unselected package cython.
Preparing to unpack .../13-cython_0.25.2-1+b1_amd64.deb ...
Unpacking cython (0.25.2-1+b1) ...
Selecting previously unselected package libtool.
Preparing to unpack .../14-libtool_2.4.6-2_all.deb ...
Unpacking libtool (2.4.6-2) ...
Selecting previously unselected package dh-autoreconf.
Preparing to unpack .../15-dh-autoreconf_14_all.deb ...
Unpacking dh-autoreconf (14) ...
Selecting previously unselected package libarchive-zip-perl.
Preparing to unpack .../16-libarchive-zip-perl_1.59-1_all.deb ...
Unpacking libarchive-zip-perl (1.59-1) ...
Selecting previously unselected package libfile-stripnondeterminism-perl.
Preparing to unpack .../17-libfile-stripnondeterminism-perl_0.035-2_all.deb ...
Unpacking libfile-stripnondeterminism-perl (0.035-2) ...
Selecting previously unselected package libtimedate-perl.
Preparing to unpack .../18-libtimedate-perl_2.3000-2_all.deb ...
Unpacking libtimedate-perl (2.3000-2) ...
Selecting previously unselected package dh-strip-nondeterminism.
Preparing to unpack .../19-dh-strip-nondeterminism_0.035-2_all.deb ...
Unpacking dh-strip-nondeterminism (0.035-2) ...
Selecting previously unselected package libglib2.0-0:amd64.
Preparing to unpack .../20-libglib2.0-0_2.52.3-1_amd64.deb ...
Unpacking libglib2.0-0:amd64 (2.52.3-1) ...
Selecting previously unselected package libcroco3:amd64.
Preparing to unpack .../21-libcroco3_0.6.12-1_amd64.deb ...
Unpacking libcroco3:amd64 (0.6.12-1) ...
Selecting previously unselected package gettext.
Preparing to unpack .../22-gettext_0.19.8.1-2+b1_amd64.deb ...
Unpacking gettext (0.19.8.1-2+b1) ...
Selecting previously unselected package intltool-debian.
Preparing to unpack .../23-intltool-debian_0.35.0+20060710.4_all.deb ...
Unpacking intltool-debian (0.35.0+20060710.4) ...
Selecting previously unselected package po-debconf.
Preparing to unpack .../24-po-debconf_1.0.20_all.deb ...
Unpacking po-debconf (1.0.20) ...
Selecting previously unselected package debhelper.
Preparing to unpack .../25-debhelper_10.6.2_all.deb ...
Unpacking debhelper (10.6.2) ...
Selecting previously unselected package libcurl3-nss:amd64.
Preparing to unpack .../26-libcurl3-nss_7.52.1-5_amd64.deb ...
Unpacking libcurl3-nss:amd64 (7.52.1-5) ...
Selecting previously unselected package libcurl4-nss-dev:amd64.
Preparing to unpack .../27-libcurl4-nss-dev_7.52.1-5_amd64.deb ...
Unpacking libcurl4-nss-dev:amd64 (7.52.1-5) ...
Selecting previously unselected package libexpat1-dev:amd64.
Preparing to unpack .../28-libexpat1-dev_2.2.1-3_amd64.deb ...
Unpacking libexpat1-dev:amd64 (2.2.1-3) ...
Selecting previously unselected package libjs-jquery.
Preparing to unpack .../29-libjs-jquery_3.1.1-2_all.deb ...
Unpacking libjs-jquery (3.1.1-2) ...
Selecting previously unselected package libjs-underscore.
Preparing to unpack .../30-libjs-underscore_1.8.3~dfsg-1_all.deb ...
Unpacking libjs-underscore (1.8.3~dfsg-1) ...
Selecting previously unselected package libjs-sphinxdoc.
Preparing to unpack .../31-libjs-sphinxdoc_1.4.9-2_all.deb ...
Unpacking libjs-sphinxdoc (1.4.9-2) ...
Selecting previously unselected package libjson-c3:amd64.
Preparing to unpack .../32-libjson-c3_0.12.1-1.1_amd64.deb ...
Unpacking libjson-c3:amd64 (0.12.1-1.1) ...
Selecting previously unselected package libjson-c-dev:amd64.
Preparing to unpack .../33-libjson-c-dev_0.12.1-1.1_amd64.deb ...
Unpacking libjson-c-dev:amd64 (0.12.1-1.1) ...
Selecting previously unselected package libnspr4-dev.
Preparing to unpack .../34-libnspr4-dev_2%3a4.15-1_amd64.deb ...
Unpacking libnspr4-dev (2:4.15-1) ...
Selecting previously unselected package libnss3-dev:amd64.
Preparing to unpack .../35-libnss3-dev_2%3a3.31-1_amd64.deb ...
Unpacking libnss3-dev:amd64 (2:3.31-1) ...
Selecting previously unselected package liboauth-dev.
Preparing to unpack .../36-liboauth-dev_1.0.1-1_amd64.deb ...
Unpacking liboauth-dev (1.0.1-1) ...
Selecting previously unselected package libpython2.7:amd64.
Preparing to unpack .../37-libpython2.7_2.7.13-2_amd64.deb ...
Unpacking libpython2.7:amd64 (2.7.13-2) ...
Selecting previously unselected package libpython2.7-dev:amd64.
Preparing to unpack .../38-libpython2.7-dev_2.7.13-2_amd64.deb ...
Unpacking libpython2.7-dev:amd64 (2.7.13-2) ...
Selecting previously unselected package libpython-dev:amd64.
Preparing to unpack .../39-libpython-dev_2.7.13-2_amd64.deb ...
Unpacking libpython-dev:amd64 (2.7.13-2) ...
Selecting previously unselected package libpython-all-dev:amd64.
Preparing to unpack .../40-libpython-all-dev_2.7.13-2_amd64.deb ...
Unpacking libpython-all-dev:amd64 (2.7.13-2) ...
Selecting previously unselected package libsqlite3-dev:amd64.
Preparing to unpack .../41-libsqlite3-dev_3.16.2-5_amd64.deb ...
Unpacking libsqlite3-dev:amd64 (3.16.2-5) ...
Selecting previously unselected package pkg-config.
Preparing to unpack .../42-pkg-config_0.29-4+b1_amd64.deb ...
Unpacking pkg-config (0.29-4+b1) ...
Selecting previously unselected package python-all.
Preparing to unpack .../43-python-all_2.7.13-2_amd64.deb ...
Unpacking python-all (2.7.13-2) ...
Selecting previously unselected package python2.7-dev.
Preparing to unpack .../44-python2.7-dev_2.7.13-2_amd64.deb ...
Unpacking python2.7-dev (2.7.13-2) ...
Selecting previously unselected package python-dev.
Preparing to unpack .../45-python-dev_2.7.13-2_amd64.deb ...
Unpacking python-dev (2.7.13-2) ...
Selecting previously unselected package python-all-dev.
Preparing to unpack .../46-python-all-dev_2.7.13-2_amd64.deb ...
Unpacking python-all-dev (2.7.13-2) ...
Selecting previously unselected package python-asn1crypto.
Preparing to unpack .../47-python-asn1crypto_0.22.0-1_all.deb ...
Unpacking python-asn1crypto (0.22.0-1) ...
Selecting previously unselected package python-cffi-backend.
Preparing to unpack .../48-python-cffi-backend_1.9.1-2+b1_amd64.deb ...
Unpacking python-cffi-backend (1.9.1-2+b1) ...
Selecting previously unselected package python-enum34.
Preparing to unpack .../49-python-enum34_1.1.6-1_all.deb ...
Unpacking python-enum34 (1.1.6-1) ...
Selecting previously unselected package python-idna.
Preparing to unpack .../50-python-idna_2.2-1_all.deb ...
Unpacking python-idna (2.2-1) ...
Selecting previously unselected package python-ipaddress.
Preparing to unpack .../51-python-ipaddress_1.0.17-1_all.deb ...
Unpacking python-ipaddress (1.0.17-1) ...
Selecting previously unselected package python-six.
Preparing to unpack .../52-python-six_1.10.0-4_all.deb ...
Unpacking python-six (1.10.0-4) ...
Selecting previously unselected package python-cryptography.
Preparing to unpack .../53-python-cryptography_1.9-1_amd64.deb ...
Unpacking python-cryptography (1.9-1) ...
Selecting previously unselected package python-dirspec.
Preparing to unpack .../54-python-dirspec_13.10-1_all.deb ...
Unpacking python-dirspec (13.10-1) ...
Selecting previously unselected package python-dnspython.
Preparing to unpack .../55-python-dnspython_1.15.0-1_all.deb ...
Unpacking python-dnspython (1.15.0-1) ...
Selecting previously unselected package python-pkg-resources.
Preparing to unpack .../56-python-pkg-resources_36.0.1-1_all.deb ...
Unpacking python-pkg-resources (36.0.1-1) ...
Selecting previously unselected package python-formencode.
Preparing to unpack .../57-python-formencode_1.3.0-2_all.deb ...
Unpacking python-formencode (1.3.0-2) ...
Selecting previously unselected package python-linecache2.
Preparing to unpack .../58-python-linecache2_1.0.0-3_all.deb ...
Unpacking python-linecache2 (1.0.0-3) ...
Selecting previously unselected package python-mimeparse.
Preparing to unpack .../59-python-mimeparse_0.1.4-3_all.deb ...
Unpacking python-mimeparse (0.1.4-3) ...
Selecting previously unselected package python-oauth.
Preparing to unpack .../60-python-oauth_1.0.1-5_all.deb ...
Unpacking python-oauth (1.0.1-5) ...
Selecting previously unselected package python-openssl.
Preparing to unpack .../61-python-openssl_16.2.0-1_all.deb ...
Unpacking python-openssl (16.2.0-1) ...
Selecting previously unselected package python-tempita.
Preparing to unpack .../62-python-tempita_0.5.2-2_all.deb ...
Unpacking python-tempita (0.5.2-2) ...
Selecting previously unselected package python-paste.
Preparing to unpack .../63-python-paste_2.0.3+dfsg-4_all.deb ...
Unpacking python-paste (2.0.3+dfsg-4) ...
Selecting previously unselected package python-pbr.
Preparing to unpack .../64-python-pbr_1.10.0-1_all.deb ...
Unpacking python-pbr (1.10.0-1) ...
Selecting previously unselected package python-repoze.lru.
Preparing to unpack .../65-python-repoze.lru_0.6-6_all.deb ...
Unpacking python-repoze.lru (0.6-6) ...
Selecting previously unselected package python-routes.
Preparing to unpack .../66-python-routes_2.3.1-2_all.deb ...
Unpacking python-routes (2.3.1-2) ...
Selecting previously unselected package python-setuptools.
Preparing to unpack .../67-python-setuptools_36.0.1-1_all.deb ...
Unpacking python-setuptools (36.0.1-1) ...
Selecting previously unselected package python-simplejson.
Preparing to unpack .../68-python-simplejson_3.11.1-1+b1_amd64.deb ...
Unpacking python-simplejson (3.11.1-1+b1) ...
Selecting previously unselected package python-traceback2.
Preparing to unpack .../69-python-traceback2_1.4.0-4_all.deb ...
Unpacking python-traceback2 (1.4.0-4) ...
Selecting previously unselected package python-unittest2.
Preparing to unpack .../70-python-unittest2_1.1.0-6.1_all.deb ...
Unpacking python-unittest2 (1.1.0-6.1) ...
Selecting previously unselected package python-testtools.
Preparing to unpack .../71-python-testtools_1.8.0-5_all.deb ...
Unpacking python-testtools (1.8.0-5) ...
Selecting previously unselected package python-testscenarios.
Preparing to unpack .../72-python-testscenarios_0.4-4_all.deb ...
Unpacking python-testscenarios (0.4-4) ...
Selecting previously unselected package sbuild-build-depends-u1db-dummy.
Preparing to unpack .../73-sbuild-build-depends-u1db-dummy_0.invalid.0_amd64.deb ...
Unpacking sbuild-build-depends-u1db-dummy (0.invalid.0) ...
Setting up libjs-jquery (3.1.1-2) ...
Setting up readline-common (7.0-3) ...
Setting up libarchive-zip-perl (1.59-1) ...
Setting up libnghttp2-14:amd64 (1.24.0-1) ...
Setting up libjs-underscore (1.8.3~dfsg-1) ...
Setting up mime-support (3.60) ...
Setting up libtimedate-perl (2.3000-2) ...
Setting up libsigsegv2:amd64 (2.11-1) ...
Setting up libldap-common (2.4.44+dfsg-7) ...
Setting up libuv1:amd64 (1.9.1-3) ...
Setting up libreadline7:amd64 (7.0-3) ...
Setting up libjson-c3:amd64 (0.12.1-1.1) ...
Setting up libpsl5:amd64 (0.17.0-4+b1) ...
Setting up groff-base (1.22.3-9) ...
Setting up libglib2.0-0:amd64 (2.52.3-1) ...
No schema files found: doing nothing.
Setting up libsasl2-modules-db:amd64 (2.1.27~101-g0780600+dfsg-3) ...
Setting up libsasl2-2:amd64 (2.1.27~101-g0780600+dfsg-3) ...
Setting up libjs-sphinxdoc (1.4.9-2) ...
Setting up gettext-base (0.19.8.1-2+b1) ...
Setting up cmake-data (3.7.2-1) ...
Setting up libpipeline1:amd64 (1.4.1-2) ...
Setting up librtmp1:amd64 (2.4+20151223.gitfa8646d.1-1+b1) ...
Setting up m4 (1.4.18-1) ...
Setting up libicu57:amd64 (57.1-6) ...
Setting up libprocps6:amd64 (2:3.3.12-3) ...
Setting up libnspr4:amd64 (2:4.15-1) ...
Setting up libxml2:amd64 (2.9.4+dfsg1-3) ...
Setting up libmagic-mgc (1:5.30-1) ...
Setting up libnspr4-dev (2:4.15-1) ...
Setting up libmagic1:amd64 (1:5.30-1) ...
Setting up lsb-base (9.20161125) ...
Setting up procps (2:3.3.12-3) ...
update-alternatives: using /usr/bin/w.procps to provide /usr/bin/w (w) in auto mode
Setting up libcroco3:amd64 (0.6.12-1) ...
Setting up libssl1.0.2:amd64 (1.0.2l-2) ...
Setting up pkg-config (0.29-4+b1) ...
Setting up libssh2-1:amd64 (1.8.0-1) ...
Processing triggers for libc-bin (2.24-12) ...
Setting up autotools-dev (20161112.1) ...
Setting up libldap-2.4-2:amd64 (2.4.44+dfsg-7) ...
Setting up openssl (1.1.0f-3) ...
Setting up libjson-c-dev:amd64 (0.12.1-1.1) ...
Setting up libsqlite3-0:amd64 (3.16.2-5) ...
Setting up libexpat1-dev:amd64 (2.2.1-3) ...
Setting up libkeyutils1:amd64 (1.5.9-9) ...
Setting up bsdmainutils (9.0.12+nmu1) ...
update-alternatives: using /usr/bin/bsd-write to provide /usr/bin/write (write) in auto mode
update-alternatives: using /usr/bin/bsd-from to provide /usr/bin/from (from) in auto mode
Setting up ca-certificates (20161130+nmu1) ...
Updating certificates in /etc/ssl/certs...
166 added, 0 removed; done.
Setting up libpython2.7-stdlib:amd64 (2.7.13-2) ...
Setting up autopoint (0.19.8.1-2) ...
Setting up libmpdec2:amd64 (2.4.2-1) ...
Setting up liblzo2-2:amd64 (2.08-1.2+b2) ...
Setting up libfile-stripnondeterminism-perl (0.035-2) ...
Setting up gettext (0.19.8.1-2+b1) ...
Setting up libsqlite3-dev:amd64 (3.16.2-5) ...
Setting up libarchive13:amd64 (3.2.2-2) ...
Setting up libpython3.5-stdlib:amd64 (3.5.3-3) ...
Setting up python2.7 (2.7.13-2) ...
Setting up libnss3:amd64 (2:3.31-1) ...
Setting up autoconf (2.69-10) ...
Setting up libnss3-dev:amd64 (2:3.31-1) ...
Setting up file (1:5.30-1) ...
Setting up libkrb5support0:amd64 (1.15-1) ...
Setting up libpython-stdlib:amd64 (2.7.13-2) ...
Setting up intltool-debian (0.35.0+20060710.4) ...
Setting up libpython2.7:amd64 (2.7.13-2) ...
Setting up automake (1:1.15.1-2) ...
update-alternatives: using /usr/bin/automake-1.15 to provide /usr/bin/automake (automake) in auto mode
Setting up man-db (2.7.6.1-2) ...
Not building database; man-db/auto-update is not 'true'.
Setting up libpython2.7-dev:amd64 (2.7.13-2) ...
Setting up python2.7-dev (2.7.13-2) ...
Setting up python (2.7.13-2) ...
Setting up python-dnspython (1.15.0-1) ...
Setting up python-linecache2 (1.0.0-3) ...
Setting up python-idna (2.2-1) ...
Setting up libtool (2.4.6-2) ...
Setting up python-simplejson (3.11.1-1+b1) ...
Setting up python3.5 (3.5.3-3) ...
Setting up libpython3-stdlib:amd64 (3.5.3-3) ...
Setting up libpython-dev:amd64 (2.7.13-2) ...
Setting up python-repoze.lru (0.6-6) ...
Setting up libk5crypto3:amd64 (1.15-1) ...
Setting up python-asn1crypto (0.22.0-1) ...
Setting up python-extras (0.0.3-3) ...
Setting up po-debconf (1.0.20) ...
Setting up python-mimeparse (0.1.4-3) ...
Setting up python-dev (2.7.13-2) ...
Setting up libpython-all-dev:amd64 (2.7.13-2) ...
Setting up python-dirspec (13.10-1) ...
Setting up python-pkg-resources (36.0.1-1) ...
Setting up cython (0.25.2-1+b1) ...
Setting up python-cffi-backend (1.9.1-2+b1) ...
Setting up python-six (1.10.0-4) ...
Setting up python-pbr (1.10.0-1) ...
update-alternatives: using /usr/bin/python2-pbr to provide /usr/bin/pbr (pbr) in auto mode
Setting up python-enum34 (1.1.6-1) ...
Setting up python-oauth (1.0.1-5) ...
Setting up libkrb5-3:amd64 (1.15-1) ...
Setting up python-traceback2 (1.4.0-4) ...
Setting up python-tempita (0.5.2-2) ...
Setting up python-ipaddress (1.0.17-1) ...
Setting up python-all (2.7.13-2) ...
Setting up python-routes (2.3.1-2) ...
Setting up python-formencode (1.3.0-2) ...
Setting up python-setuptools (36.0.1-1) ...
Setting up python-paste (2.0.3+dfsg-4) ...
Setting up libgssapi-krb5-2:amd64 (1.15-1) ...
Setting up python-unittest2 (1.1.0-6.1) ...
update-alternatives: using /usr/bin/python2-unit2 to provide /usr/bin/unit2 (unit2) in auto mode
Setting up python-all-dev (2.7.13-2) ...
Setting up python-testtools (1.8.0-5) ...
Setting up python-cryptography (1.9-1) ...
Setting up libcurl3-nss:amd64 (7.52.1-5) ...
Setting up python-openssl (16.2.0-1) ...
Setting up libcurl3:amd64 (7.52.1-5) ...
Setting up libcurl3-gnutls:amd64 (7.52.1-5) ...
Setting up python-testscenarios (0.4-4) ...
Setting up liboauth0:amd64 (1.0.1-1) ...
Setting up libcurl4-nss-dev:amd64 (7.52.1-5) ...
Setting up cmake (3.7.2-1) ...
Setting up liboauth-dev (1.0.1-1) ...
Setting up dh-python (2.20170125) ...
Setting up dh-autoreconf (14) ...
Setting up python3 (3.5.3-3) ...
Setting up debhelper (10.6.2) ...
Setting up dh-strip-nondeterminism (0.035-2) ...
Setting up sbuild-build-depends-u1db-dummy (0.invalid.0) ...
Processing triggers for libc-bin (2.24-12) ...
Processing triggers for ca-certificates (20161130+nmu1) ...
Updating certificates in /etc/ssl/certs...
0 added, 0 removed; done.
Running hooks in /etc/ca-certificates/update.d...
done.

+------------------------------------------------------------------------------+
| Build environment                                                            |
+------------------------------------------------------------------------------+

Kernel: Linux 4.9.0-2-amd64 amd64 (x86_64)
Toolchain package versions: binutils_2.28-6 dpkg-dev_1.18.24 g++-6_6.4.0-1 gcc-6_6.4.0-1 libc6-dev_2.24-12 libstdc++-6-dev_6.4.0-1 libstdc++6_7.1.0-9 linux-libc-dev_4.11.6-1
Package versions: adduser_3.115 apt_1.5~beta1 autoconf_2.69-10 automake_1:1.15.1-2 autopoint_0.19.8.1-2 autotools-dev_20161112.1 base-files_10 base-passwd_3.5.43 bash_4.4-5 binutils_2.28-6 bsdmainutils_9.0.12+nmu1 bsdutils_1:2.29.2-1 build-essential_12.3 bzip2_1.0.6-8.1 ca-certificates_20161130+nmu1 clang-4.0_1:4.0.1-1 cmake_3.7.2-1 cmake-data_3.7.2-1 coreutils_8.26-3 cpp_4:6.3.0-4d1 cpp-6_6.4.0-1 cython_0.25.2-1+b1 dash_0.5.8-2.4 debconf_1.5.62 debfoster_2.7-2.1+b1 debhelper_10.6.2 debian-archive-keyring_2017.5 debianutils_4.8.1.1 dh-autoreconf_14 dh-python_2.20170125 dh-strip-nondeterminism_0.035-2 diffutils_1:3.5-3 dpkg_1.18.24 dpkg-dev_1.18.24 e2fslibs_1.43.4-2 e2fsprogs_1.43.4-2 eatmydata_105-5 fakeroot_1.21-3.1 file_1:5.30-1 findutils_4.6.0+git+20170606-2 g++_4:6.3.0-4d1 g++-6_6.4.0-1 gcc_4:6.3.0-4d1 gcc-6_6.4.0-1 gcc-6-base_6.4.0-1 gcc-7-base_7.1.0-9 gettext_0.19.8.1-2+b1 gettext-base_0.19.8.1-2+b1 gpgv_2.1.18-8 grep_2.27-2 groff-base_1.22.3-9 gzip_1.6-5+b1 hostname_3.18+b1 init-system-helpers_1.48 intltool-debian_0.35.0+20060710.4 libacl1_2.2.52-3+b1 libapt-pkg5.0_1.5~beta1 libarchive-zip-perl_1.59-1 libarchive13_3.2.2-2 libasan3_6.4.0-1 libatomic1_7.1.0-9 libattr1_1:2.4.47-2+b2 libaudit-common_1:2.7.7-1 libaudit1_1:2.7.7-1+b1 libblkid1_2.29.2-1 libbsd0_0.8.5-1 libbz2-1.0_1.0.6-8.1 libc-bin_2.24-12 libc-dev-bin_2.24-12 libc6_2.24-12 libc6-dev_2.24-12 libcap-ng0_0.7.7-3+b1 libcc1-0_7.1.0-9 libcilkrts5_7.1.0-9 libclang-common-4.0-dev_1:4.0.1-1 libclang1-4.0_1:4.0.1-1 libcomerr2_1.43.4-2 libcroco3_0.6.12-1 libcurl3_7.52.1-5 libcurl3-gnutls_7.52.1-5 libcurl3-nss_7.52.1-5 libcurl4-nss-dev_7.52.1-5 libdb5.3_5.3.28-12+b1 libdebconfclient0_0.229 libdpkg-perl_1.18.24 libeatmydata1_105-5 libedit2_3.1-20170329-1 libexpat1_2.2.1-3 libexpat1-dev_2.2.1-3 libfakeroot_1.21-3.1 libfdisk1_2.29.2-1 libffi6_3.2.1-6 libfile-stripnondeterminism-perl_0.035-2 libgc1c2_1:7.4.2-8 libgcc-6-dev_6.4.0-1 libgcc1_1:7.1.0-9 libgcrypt20_1.7.8-1 libgdbm3_1.8.3-14 libglib2.0-0_2.52.3-1 libgmp10_2:6.1.2+dfsg-1 libgnutls30_3.5.13-2 libgomp1_7.1.0-9 libgpg-error0_1.27-3 libgssapi-krb5-2_1.15-1 libhogweed4_3.3-1+b1 libicu57_57.1-6 libidn2-0_0.16-1+b1 libisl15_0.18-1 libitm1_7.1.0-9 libjs-jquery_3.1.1-2 libjs-sphinxdoc_1.4.9-2 libjs-underscore_1.8.3~dfsg-1 libjson-c-dev_0.12.1-1.1 libjson-c3_0.12.1-1.1 libjsoncpp1_1.7.4-3 libk5crypto3_1.15-1 libkeyutils1_1.5.9-9 libkrb5-3_1.15-1 libkrb5support0_1.15-1 libldap-2.4-2_2.4.44+dfsg-7 libldap-common_2.4.44+dfsg-7 libllvm4.0_1:4.0.1-1 liblsan0_7.1.0-9 liblz4-1_0.0~r131-2+b1 liblzma5_5.2.2-1.2+b1 liblzo2-2_2.08-1.2+b2 libmagic-mgc_1:5.30-1 libmagic1_1:5.30-1 libmount1_2.29.2-1 libmpc3_1.0.3-1+b2 libmpdec2_2.4.2-1 libmpfr4_3.1.5-1 libmpx2_7.1.0-9 libncurses5_6.0+20161126-1 libncursesw5_6.0+20161126-1 libnettle6_3.3-1+b1 libnghttp2-14_1.24.0-1 libnspr4_2:4.15-1 libnspr4-dev_2:4.15-1 libnss3_2:3.31-1 libnss3-dev_2:3.31-1 liboauth-dev_1.0.1-1 liboauth0_1.0.1-1 libobjc-6-dev_6.4.0-1 libobjc4_7.1.0-9 libp11-kit0_0.23.7-2 libpam-modules_1.1.8-3.6 libpam-modules-bin_1.1.8-3.6 libpam-runtime_1.1.8-3.6 libpam0g_1.1.8-3.6 libpcre3_2:8.39-3 libperl5.24_5.24.1-6 libpipeline1_1.4.1-2 libprocps6_2:3.3.12-3 libpsl5_0.17.0-4+b1 libpython-all-dev_2.7.13-2 libpython-dev_2.7.13-2 libpython-stdlib_2.7.13-2 libpython2.7_2.7.13-2 libpython2.7-dev_2.7.13-2 libpython2.7-minimal_2.7.13-2 libpython2.7-stdlib_2.7.13-2 libpython3-stdlib_3.5.3-3 libpython3.5-minimal_3.5.3-3 libpython3.5-stdlib_3.5.3-3 libquadmath0_7.1.0-9 libreadline7_7.0-3 librtmp1_2.4+20151223.gitfa8646d.1-1+b1 libsasl2-2_2.1.27~101-g0780600+dfsg-3 libsasl2-modules-db_2.1.27~101-g0780600+dfsg-3 libselinux1_2.6-3+b2 libsemanage-common_2.6-2 libsemanage1_2.6-2+b1 libsepol1_2.6-2 libsigsegv2_2.11-1 libsmartcols1_2.29.2-1 libsqlite3-0_3.16.2-5 libsqlite3-dev_3.16.2-5 libss2_1.43.4-2 libssh2-1_1.8.0-1 libssl1.0.2_1.0.2l-2 libssl1.1_1.1.0f-3 libstdc++-6-dev_6.4.0-1 libstdc++6_7.1.0-9 libsystemd0_233-10 libtasn1-6_4.12-2 libtimedate-perl_2.3000-2 libtinfo5_6.0+20161126-1 libtool_2.4.6-2 libtsan0_7.1.0-9 libubsan0_7.1.0-9 libudev1_233-10 libunistring2_0.9.7-2 libustr-1.0-1_1.0.4-6 libuuid1_2.29.2-1 libuv1_1.9.1-3 libxml2_2.9.4+dfsg1-3 linux-libc-dev_4.11.6-1 login_1:4.4-4.1 lsb-base_9.20161125 m4_1.4.18-1 make_4.1-9.1 man-db_2.7.6.1-2 mawk_1.3.3-17+b3 mime-support_3.60 mount_2.29.2-1 multiarch-support_2.24-12 ncurses-base_6.0+20161126-1 ncurses-bin_6.0+20161126-1 openssl_1.1.0f-3 passwd_1:4.4-4.1 patch_2.7.5-1+b2 perl_5.24.1-6 perl-base_5.24.1-6 perl-modules-5.24_5.24.1-6 pkg-config_0.29-4+b1 po-debconf_1.0.20 procps_2:3.3.12-3 python_2.7.13-2 python-all_2.7.13-2 python-all-dev_2.7.13-2 python-asn1crypto_0.22.0-1 python-cffi-backend_1.9.1-2+b1 python-cryptography_1.9-1 python-dev_2.7.13-2 python-dirspec_13.10-1 python-dnspython_1.15.0-1 python-enum34_1.1.6-1 python-extras_0.0.3-3 python-formencode_1.3.0-2 python-idna_2.2-1 python-ipaddress_1.0.17-1 python-linecache2_1.0.0-3 python-mimeparse_0.1.4-3 python-minimal_2.7.13-2 python-oauth_1.0.1-5 python-openssl_16.2.0-1 python-paste_2.0.3+dfsg-4 python-pbr_1.10.0-1 python-pkg-resources_36.0.1-1 python-repoze.lru_0.6-6 python-routes_2.3.1-2 python-setuptools_36.0.1-1 python-simplejson_3.11.1-1+b1 python-six_1.10.0-4 python-tempita_0.5.2-2 python-testscenarios_0.4-4 python-testtools_1.8.0-5 python-traceback2_1.4.0-4 python-unittest2_1.1.0-6.1 python2.7_2.7.13-2 python2.7-dev_2.7.13-2 python2.7-minimal_2.7.13-2 python3_3.5.3-3 python3-minimal_3.5.3-3 python3.5_3.5.3-3 python3.5-minimal_3.5.3-3 readline-common_7.0-3 sbuild-build-depends-core-dummy_0.invalid.0 sbuild-build-depends-u1db-dummy_0.invalid.0 sed_4.4-1 sensible-utils_0.0.9 sysvinit-utils_2.88dsf-59.9 tar_1.29b-1.1 util-linux_2.29.2-1 xz-utils_5.2.2-1.2+b1 zlib1g_1:1.2.8.dfsg-5

+------------------------------------------------------------------------------+
| Build                                                                        |
+------------------------------------------------------------------------------+


Unpack source
-------------

gpgv: unknown type of key resource 'trustedkeys.kbx'
gpgv: keyblock resource '/sbuild-nonexistent/.gnupg/trustedkeys.kbx': General error
gpgv: Signature made Thu Apr 28 12:01:02 2016 UTC
gpgv:                using RSA key F34F09744E9F5DD9
gpgv: Can't check signature: No public key
dpkg-source: warning: failed to verify signature on ./u1db_13.10-6.2.dsc
dpkg-source: info: extracting u1db in /<<PKGBUILDDIR>>
dpkg-source: info: unpacking u1db_13.10.orig.tar.bz2
dpkg-source: info: unpacking u1db_13.10-6.2.debian.tar.xz
dpkg-source: info: applying fix_linking
dpkg-source: info: applying disable_poodle
dpkg-source: info: applying CVE-2013-2099
dpkg-source: info: applying json_object_object_get
dpkg-source: info: applying adjust-for-libjson-c-dev

Check disk space
----------------

Sufficient free space for build

User Environment
----------------

APT_CONFIG=/var/lib/sbuild/apt.conf
HOME=/sbuild-nonexistent
LANG=en_US.UTF-8
LC_ALL=POSIX
LOGNAME=user42
PATH=/usr/local/sbin:/usr/local/bin:/usr/sbin:/usr/bin:/sbin:/bin:/usr/games
SCHROOT_ALIAS_NAME=unstable-amd64-sbuild
SCHROOT_CHROOT_NAME=unstable-amd64-sbuild
SCHROOT_COMMAND=env
SCHROOT_GID=1001
SCHROOT_GROUP=user42
SCHROOT_SESSION_ID=unstable-amd64-sbuild-cfc4afa5-c610-4ff7-9561-2127e909eef5
SCHROOT_UID=1001
SCHROOT_USER=user42
SHELL=/bin/sh
USER=user42

dpkg-buildpackage
-----------------

dpkg-buildpackage: info: source package u1db
dpkg-buildpackage: info: source version 13.10-6.2
dpkg-buildpackage: info: source distribution unstable
dpkg-buildpackage: info: source changed by Gianfranco Costamagna <locutusofborg@debian.org>
 dpkg-source --before-build u1db-13.10
dpkg-buildpackage: info: host architecture amd64
 fakeroot debian/rules clean
dh clean --with python2 --buildsystem cmake --fail-missing
   dh_testdir -O--buildsystem=cmake -O--fail-missing
   debian/rules override_dh_auto_clean
make[1]: Entering directory '/<<PKGBUILDDIR>>'
dh_auto_clean
find . -name \*.pyc -exec rm {} \;
rm -f src/u1db_schema.c
make[1]: Leaving directory '/<<PKGBUILDDIR>>'
   dh_clean -O--buildsystem=cmake -O--fail-missing
 debian/rules build-arch
dh build-arch --with python2 --buildsystem cmake --fail-missing
   dh_testdir -a -O--buildsystem=cmake -O--fail-missing
   dh_update_autotools_config -a -O--buildsystem=cmake -O--fail-missing
   debian/rules override_dh_auto_configure
make[1]: Entering directory '/<<PKGBUILDDIR>>'
dh_auto_configure -- -DBUILD_SHARED_LIBS=1 -DLIB_SUFFIX=/x86_64-linux-gnu
	cmake .. -DCMAKE_INSTALL_PREFIX=/usr -DCMAKE_VERBOSE_MAKEFILE=ON -DCMAKE_BUILD_TYPE=None -DCMAKE_INSTALL_SYSCONFDIR=/etc -DCMAKE_INSTALL_LOCALSTATEDIR=/var -DBUILD_SHARED_LIBS=1 -DLIB_SUFFIX=/x86_64-linux-gnu
CMake Warning (dev) at CMakeLists.txt:77:
  Syntax Warning in cmake code at column 166

  Argument not separated from preceding token by whitespace.
This warning is for project developers.  Use -Wno-dev to suppress it.

CMake Warning (dev) at CMakeLists.txt:77:
  Syntax Warning in cmake code at column 186

  Argument not separated from preceding token by whitespace.
This warning is for project developers.  Use -Wno-dev to suppress it.

-- The C compiler identification is Clang 4.0.1
-- The CXX compiler identification is Clang 4.0.1
-- Check for working C compiler: /usr/bin/cc
-- Check for working C compiler: /usr/bin/cc -- works
-- Detecting C compiler ABI info
-- Detecting C compiler ABI info - done
-- Detecting C compile features
-- Detecting C compile features - done
-- Check for working CXX compiler: /usr/bin/c++
-- Check for working CXX compiler: /usr/bin/c++ -- works
-- Detecting CXX compiler ABI info
-- Detecting CXX compiler ABI info - done
-- Detecting CXX compile features
-- Detecting CXX compile features - done
/usr/lib/python2.7/dist-packages/setuptools/dist.py:336: UserWarning: Normalizing '13.09' to '13.9'
  normalized_version,
-- Found Cython: /usr/bin/cython  
-- Found CURL: /usr/lib/x86_64-linux-gnu/libcurl.so (found version "7.52.1") 
-- Found PkgConfig: /usr/bin/pkg-config (found version "0.29") 
-- Checking for module 'oauth'
--   Found oauth, version 1.0.1
-- Found OAUTH: /usr/lib/x86_64-linux-gnu/liboauth.so  
-- Checking for module 'json-c'
--   Found json-c, version 0.12.1
-- Found JSON: /usr/lib/x86_64-linux-gnu/libjson-c.so  
-- Checking for module 'sqlite3'
--   Found sqlite3, version 3.16.2
-- Found SQLITE3: /usr/lib/x86_64-linux-gnu/libsqlite3.so  
CMake Warning (dev) at src/CMakeLists.txt:2 (project):
  Policy CMP0048 is not set: project() command manages VERSION variables.
  Run "cmake --help-policy CMP0048" for policy details.  Use the cmake_policy
  command to set the policy and suppress this warning.

  The following variable(s) would be set to empty:

    PROJECT_VERSION
This warning is for project developers.  Use -Wno-dev to suppress it.

-- Configuring done
-- Generating done
CMake Warning:
  Manually-specified variables were not used by the project:

    CMAKE_INSTALL_LOCALSTATEDIR
    CMAKE_INSTALL_SYSCONFDIR


-- Build files have been written to: /<<PKGBUILDDIR>>/obj-x86_64-linux-gnu
make[1]: Leaving directory '/<<PKGBUILDDIR>>'
   dh_auto_build -a -O--buildsystem=cmake -O--fail-missing
	make -j1
make[1]: Entering directory '/<<PKGBUILDDIR>>/obj-x86_64-linux-gnu'
/usr/bin/cmake -H/<<PKGBUILDDIR>> -B/<<PKGBUILDDIR>>/obj-x86_64-linux-gnu --check-build-system CMakeFiles/Makefile.cmake 0
/usr/bin/cmake -E cmake_progress_start /<<PKGBUILDDIR>>/obj-x86_64-linux-gnu/CMakeFiles /<<PKGBUILDDIR>>/obj-x86_64-linux-gnu/CMakeFiles/progress.marks
make -f CMakeFiles/Makefile2 all
make[2]: Entering directory '/<<PKGBUILDDIR>>/obj-x86_64-linux-gnu'
make -f src/CMakeFiles/u1db.dir/build.make src/CMakeFiles/u1db.dir/depend
make[3]: Entering directory '/<<PKGBUILDDIR>>/obj-x86_64-linux-gnu'
[ 10%] Generating ../../src/u1db_schema.c
cd /<<PKGBUILDDIR>>/obj-x86_64-linux-gnu/src && python /<<PKGBUILDDIR>>/sql_to_c.py /<<PKGBUILDDIR>>/u1db/backends/dbschema.sql u1db__schema /<<PKGBUILDDIR>>/src/u1db_schema.c
cd /<<PKGBUILDDIR>>/obj-x86_64-linux-gnu && /usr/bin/cmake -E cmake_depends "Unix Makefiles" /<<PKGBUILDDIR>> /<<PKGBUILDDIR>>/src /<<PKGBUILDDIR>>/obj-x86_64-linux-gnu /<<PKGBUILDDIR>>/obj-x86_64-linux-gnu/src /<<PKGBUILDDIR>>/obj-x86_64-linux-gnu/src/CMakeFiles/u1db.dir/DependInfo.cmake --color=
Scanning dependencies of target u1db
make[3]: Leaving directory '/<<PKGBUILDDIR>>/obj-x86_64-linux-gnu'
make -f src/CMakeFiles/u1db.dir/build.make src/CMakeFiles/u1db.dir/build
make[3]: Entering directory '/<<PKGBUILDDIR>>/obj-x86_64-linux-gnu'
[ 20%] Building C object src/CMakeFiles/u1db.dir/mkstemp_compat.c.o
cd /<<PKGBUILDDIR>>/obj-x86_64-linux-gnu/src && /usr/bin/cc  -Du1db_EXPORTS -I/<<PKGBUILDDIR>>/include -I/usr/include/x86_64-linux-gnu -I/usr/include/json-c  -O2 -g -Wall -Werror -fPIC   -fPIC -o CMakeFiles/u1db.dir/mkstemp_compat.c.o   -c /<<PKGBUILDDIR>>/src/mkstemp_compat.c
[ 30%] Building C object src/CMakeFiles/u1db.dir/u1db.c.o
cd /<<PKGBUILDDIR>>/obj-x86_64-linux-gnu/src && /usr/bin/cc  -Du1db_EXPORTS -I/<<PKGBUILDDIR>>/include -I/usr/include/x86_64-linux-gnu -I/usr/include/json-c  -O2 -g -Wall -Werror -fPIC   -fPIC -o CMakeFiles/u1db.dir/u1db.c.o   -c /<<PKGBUILDDIR>>/src/u1db.c
[ 40%] Building C object src/CMakeFiles/u1db.dir/u1db_http_sync_target.c.o
cd /<<PKGBUILDDIR>>/obj-x86_64-linux-gnu/src && /usr/bin/cc  -Du1db_EXPORTS -I/<<PKGBUILDDIR>>/include -I/usr/include/x86_64-linux-gnu -I/usr/include/json-c  -O2 -g -Wall -Werror -fPIC   -fPIC -o CMakeFiles/u1db.dir/u1db_http_sync_target.c.o   -c /<<PKGBUILDDIR>>/src/u1db_http_sync_target.c
[ 50%] Building C object src/CMakeFiles/u1db.dir/u1db_query.c.o
cd /<<PKGBUILDDIR>>/obj-x86_64-linux-gnu/src && /usr/bin/cc  -Du1db_EXPORTS -I/<<PKGBUILDDIR>>/include -I/usr/include/x86_64-linux-gnu -I/usr/include/json-c  -O2 -g -Wall -Werror -fPIC   -fPIC -o CMakeFiles/u1db.dir/u1db_query.c.o   -c /<<PKGBUILDDIR>>/src/u1db_query.c
/<<PKGBUILDDIR>>/src/u1db_query.c:902:9: error: variable 'statement' is used uninitialized whenever 'if' condition is true [-Werror,-Wsometimes-uninitialized]
    if (status != U1DB_OK)
        ^~~~~~~~~~~~~~~~~
/<<PKGBUILDDIR>>/src/u1db_query.c:977:22: note: uninitialized use occurs here
    sqlite3_finalize(statement);
                     ^~~~~~~~~
/<<PKGBUILDDIR>>/src/u1db_query.c:902:5: note: remove the 'if' if its condition is always false
    if (status != U1DB_OK)
    ^~~~~~~~~~~~~~~~~~~~~~
/<<PKGBUILDDIR>>/src/u1db_query.c:899:28: note: initialize the variable 'statement' to silence this warning
    sqlite3_stmt *statement;
                           ^
                            = NULL
1 error generated.
src/CMakeFiles/u1db.dir/build.make:142: recipe for target 'src/CMakeFiles/u1db.dir/u1db_query.c.o' failed
make[3]: *** [src/CMakeFiles/u1db.dir/u1db_query.c.o] Error 1
make[3]: Leaving directory '/<<PKGBUILDDIR>>/obj-x86_64-linux-gnu'
CMakeFiles/Makefile2:486: recipe for target 'src/CMakeFiles/u1db.dir/all' failed
make[2]: *** [src/CMakeFiles/u1db.dir/all] Error 2
make[2]: Leaving directory '/<<PKGBUILDDIR>>/obj-x86_64-linux-gnu'
Makefile:152: recipe for target 'all' failed
make[1]: *** [all] Error 2
make[1]: Leaving directory '/<<PKGBUILDDIR>>/obj-x86_64-linux-gnu'
dh_auto_build: make -j1 returned exit code 2
debian/rules:7: recipe for target 'build-arch' failed
make: *** [build-arch] Error 2
dpkg-buildpackage: error: debian/rules build-arch gave error exit status 2
--------------------------------------------------------------------------------
Build finished at 2017-07-06T20:52:01Z

Finished
--------


+------------------------------------------------------------------------------+
| Cleanup                                                                      |
+------------------------------------------------------------------------------+

Purging /<<BUILDDIR>>
Not cleaning session: cloned chroot in use
E: Build failure (dpkg-buildpackage died)

+------------------------------------------------------------------------------+
| Summary                                                                      |
+------------------------------------------------------------------------------+

Build Architecture: amd64
Build Type: any
Build-Space: 2936
Build-Time: 3
Distribution: unstable
Fail-Stage: build
Host Architecture: amd64
Install-Time: 20
Job: u1db_13.10-6.2
Machine Architecture: amd64
Package: u1db
Package-Time: 46
Source-Version: 13.10-6.2
Space: 2936
Status: attempted
Version: 13.10-6.2
--------------------------------------------------------------------------------
Finished at 2017-07-06T20:52:01Z
Build needed 00:00:46, 2936k disk space
E: Build failure (dpkg-buildpackage died)
DC-Status: Failed 46.920927496s
DC-Time-Estimation: 46.920927496 versus expected 110 (r/m: 1.3443696847079054 ; m: 46.920927496)
