DC-Build-Header: libnet-ssleay-perl 1.85-2 / 2019-01-09 22:29:18 +0000
DC-Task: type:rebuild-binarch-only source:libnet-ssleay-perl version:1.85-2 chroot:unstable esttime:41 logfile:/tmp/libnet-ssleay-perl_1.85-2_unstable_clang8.log modes:clang8:binarch-only
DC-Sbuild-call: su user42 -c 'sbuild -n --arch-any --apt-update -d unstable -v  --chroot-setup-commands=/tmp/clang8 libnet-ssleay-perl_1.85-2'
sbuild (Debian sbuild) 0.73.0 (23 Dec 2016) on ip-172-31-14-82.eu-central-1.compute.internal

+==============================================================================+
| libnet-ssleay-perl 1.85-2 (amd64)            Wed, 09 Jan 2019 22:29:18 +0000 |
+==============================================================================+

Package: libnet-ssleay-perl
Version: 1.85-2
Source Version: 1.85-2
Distribution: unstable
Machine Architecture: amd64
Host Architecture: amd64
Build Architecture: amd64
Build Type: any

I: NOTICE: Log filtering will replace 'var/run/schroot/mount/sid-amd64-sbuild-43a93172-54dc-4b97-bb85-788f9b5d16c5' with '<<CHROOT>>'

+------------------------------------------------------------------------------+
| Chroot Setup Commands                                                        |
+------------------------------------------------------------------------------+


/tmp/clang8
-----------

+ echo 'Entering customization script...'
Entering customization script...
+ CLANG_VERSION=8
+ echo 'Install of clang-8'
Install of clang-8
+ echo deb http://127.0.0.1:9999/debian experimental main
+ apt-get update
Get:1 http://127.0.0.1:9999/debian sid InRelease [238 kB]
Get:2 http://127.0.0.1:9999/debian experimental InRelease [101 kB]
Get:3 http://127.0.0.1:9999/debian sid/main Sources.diff/Index [27.9 kB]
Get:4 http://127.0.0.1:9999/debian sid/main amd64 Packages.diff/Index [27.9 kB]
Get:5 http://127.0.0.1:9999/debian sid/main Sources 2019-01-09-1430.36.pdiff [24.1 kB]
Get:6 http://127.0.0.1:9999/debian sid/main Sources 2019-01-09-2026.40.pdiff [16.8 kB]
Get:7 http://127.0.0.1:9999/debian sid/main amd64 Packages 2019-01-09-1430.36.pdiff [40.9 kB]
Get:8 http://127.0.0.1:9999/debian sid/main amd64 Packages 2019-01-09-2026.40.pdiff [32.0 kB]
Get:6 http://127.0.0.1:9999/debian sid/main Sources 2019-01-09-2026.40.pdiff [16.8 kB]
Get:8 http://127.0.0.1:9999/debian sid/main amd64 Packages 2019-01-09-2026.40.pdiff [32.0 kB]
Get:9 http://127.0.0.1:9999/debian sid/main Translation-en [6274 kB]
Get:10 http://127.0.0.1:9999/debian experimental/main amd64 Packages [248 kB]
Get:11 http://127.0.0.1:9999/debian experimental/main Translation-en [173 kB]
Fetched 7204 kB in 2s (3628 kB/s)
Reading package lists...
+ apt-get install --yes --no-install-recommends --force-yes clang-8 libomp-8-dev libobjc-8-dev
Reading package lists...
Building dependency tree...
The following additional packages will be installed:
  lib32gcc1 lib32stdc++6 libbsd0 libc6-i386 libclang-common-8-dev libclang1-8
  libedit2 libgc1c2 libllvm8 libobjc4 libomp5-8
Suggested packages:
  clang-8-doc libomp-8-doc
Recommended packages:
  llvm-8-dev python
The following NEW packages will be installed:
  clang-8 lib32gcc1 lib32stdc++6 libbsd0 libc6-i386 libclang-common-8-dev
  libclang1-8 libedit2 libgc1c2 libllvm8 libobjc-8-dev libobjc4 libomp-8-dev
  libomp5-8
0 upgraded, 14 newly installed, 0 to remove and 5 not upgraded.
Need to get 35.8 MB of archives.
After this operation, 191 MB of additional disk space will be used.
Get:1 http://127.0.0.1:9999/debian sid/main amd64 libbsd0 amd64 0.9.1-1 [99.3 kB]
Get:2 http://127.0.0.1:9999/debian sid/main amd64 libedit2 amd64 3.1-20181209-1 [94.0 kB]
Get:3 http://127.0.0.1:9999/debian experimental/main amd64 libllvm8 amd64 1:8~svn350193-1~exp1 [13.8 MB]
Get:4 http://127.0.0.1:9999/debian sid/main amd64 libgc1c2 amd64 1:7.6.4-0.4 [224 kB]
Get:5 http://127.0.0.1:9999/debian sid/main amd64 libobjc4 amd64 8.2.0-14 [50.4 kB]
Get:6 http://127.0.0.1:9999/debian sid/main amd64 libobjc-8-dev amd64 8.2.0-14 [225 kB]
Get:7 http://127.0.0.1:9999/debian sid/main amd64 libc6-i386 amd64 2.28-4 [2873 kB]
Get:8 http://127.0.0.1:9999/debian sid/main amd64 lib32gcc1 amd64 1:8.2.0-14 [47.9 kB]
Get:9 http://127.0.0.1:9999/debian sid/main amd64 lib32stdc++6 amd64 8.2.0-14 [406 kB]
Get:10 http://127.0.0.1:9999/debian experimental/main amd64 libclang-common-8-dev amd64 1:8~svn350193-1~exp1 [3350 kB]
Get:11 http://127.0.0.1:9999/debian experimental/main amd64 libclang1-8 amd64 1:8~svn350193-1~exp1 [6255 kB]
Get:12 http://127.0.0.1:9999/debian experimental/main amd64 clang-8 amd64 1:8~svn350193-1~exp1 [8025 kB]
Get:13 http://127.0.0.1:9999/debian experimental/main amd64 libomp5-8 amd64 1:8~svn350193-1~exp1 [328 kB]
Get:14 http://127.0.0.1:9999/debian experimental/main amd64 libomp-8-dev amd64 1:8~svn350193-1~exp1 [58.5 kB]
debconf: delaying package configuration, since apt-utils is not installed
Fetched 35.8 MB in 0s (115 MB/s)
Selecting previously unselected package libbsd0:amd64.
(Reading database ... (Reading database ... 5%(Reading database ... 10%(Reading database ... 15%(Reading database ... 20%(Reading database ... 25%(Reading database ... 30%(Reading database ... 35%(Reading database ... 40%(Reading database ... 45%(Reading database ... 50%(Reading database ... 55%(Reading database ... 60%(Reading database ... 65%(Reading database ... 70%(Reading database ... 75%(Reading database ... 80%(Reading database ... 85%(Reading database ... 90%(Reading database ... 95%(Reading database ... 100%(Reading database ... 11802 files and directories currently installed.)
Preparing to unpack .../00-libbsd0_0.9.1-1_amd64.deb ...
Unpacking libbsd0:amd64 (0.9.1-1) ...
Selecting previously unselected package libedit2:amd64.
Preparing to unpack .../01-libedit2_3.1-20181209-1_amd64.deb ...
Unpacking libedit2:amd64 (3.1-20181209-1) ...
Selecting previously unselected package libllvm8:amd64.
Preparing to unpack .../02-libllvm8_1%3a8~svn350193-1~exp1_amd64.deb ...
Unpacking libllvm8:amd64 (1:8~svn350193-1~exp1) ...
Selecting previously unselected package libgc1c2:amd64.
Preparing to unpack .../03-libgc1c2_1%3a7.6.4-0.4_amd64.deb ...
Unpacking libgc1c2:amd64 (1:7.6.4-0.4) ...
Selecting previously unselected package libobjc4:amd64.
Preparing to unpack .../04-libobjc4_8.2.0-14_amd64.deb ...
Unpacking libobjc4:amd64 (8.2.0-14) ...
Selecting previously unselected package libobjc-8-dev:amd64.
Preparing to unpack .../05-libobjc-8-dev_8.2.0-14_amd64.deb ...
Unpacking libobjc-8-dev:amd64 (8.2.0-14) ...
Selecting previously unselected package libc6-i386.
Preparing to unpack .../06-libc6-i386_2.28-4_amd64.deb ...
Unpacking libc6-i386 (2.28-4) ...
Selecting previously unselected package lib32gcc1.
Preparing to unpack .../07-lib32gcc1_1%3a8.2.0-14_amd64.deb ...
Unpacking lib32gcc1 (1:8.2.0-14) ...
Selecting previously unselected package lib32stdc++6.
Preparing to unpack .../08-lib32stdc++6_8.2.0-14_amd64.deb ...
Unpacking lib32stdc++6 (8.2.0-14) ...
Selecting previously unselected package libclang-common-8-dev.
Preparing to unpack .../09-libclang-common-8-dev_1%3a8~svn350193-1~exp1_amd64.deb ...
Unpacking libclang-common-8-dev (1:8~svn350193-1~exp1) ...
Selecting previously unselected package libclang1-8:amd64.
Preparing to unpack .../10-libclang1-8_1%3a8~svn350193-1~exp1_amd64.deb ...
Unpacking libclang1-8:amd64 (1:8~svn350193-1~exp1) ...
Selecting previously unselected package clang-8.
Preparing to unpack .../11-clang-8_1%3a8~svn350193-1~exp1_amd64.deb ...
Unpacking clang-8 (1:8~svn350193-1~exp1) ...
Selecting previously unselected package libomp5-8:amd64.
Preparing to unpack .../12-libomp5-8_1%3a8~svn350193-1~exp1_amd64.deb ...
Unpacking libomp5-8:amd64 (1:8~svn350193-1~exp1) ...
Selecting previously unselected package libomp-8-dev.
Preparing to unpack .../13-libomp-8-dev_1%3a8~svn350193-1~exp1_amd64.deb ...
Unpacking libomp-8-dev (1:8~svn350193-1~exp1) ...
Setting up libomp5-8:amd64 (1:8~svn350193-1~exp1) ...
Setting up libgc1c2:amd64 (1:7.6.4-0.4) ...
Setting up libc6-i386 (2.28-4) ...
Setting up libbsd0:amd64 (0.9.1-1) ...
Setting up libomp-8-dev (1:8~svn350193-1~exp1) ...
Processing triggers for libc-bin (2.28-4) ...
Setting up lib32gcc1 (1:8.2.0-14) ...
Setting up libedit2:amd64 (3.1-20181209-1) ...
Setting up libobjc4:amd64 (8.2.0-14) ...
Setting up libobjc-8-dev:amd64 (8.2.0-14) ...
Setting up libllvm8:amd64 (1:8~svn350193-1~exp1) ...
Setting up libclang1-8:amd64 (1:8~svn350193-1~exp1) ...
Setting up lib32stdc++6 (8.2.0-14) ...
Setting up libclang-common-8-dev (1:8~svn350193-1~exp1) ...
Setting up clang-8 (1:8~svn350193-1~exp1) ...
Processing triggers for libc-bin (2.28-4) ...
W: --force-yes is deprecated, use one of the options starting with --allow instead.
+ echo 'Replace gcc, g++ & cpp by clang'
Replace gcc, g++ & cpp by clang
+ VERSIONS='4.6 4.7 4.8 4.9 5 6 7 8'
+ cd /usr/bin
+ for VERSION in $VERSIONS
+ rm -f g++-4.6 gcc-4.6 cpp-4.6 gcc
+ ln -s clang++-8 g++-4.6
+ ln -s clang-8 gcc-4.6
+ ln -s clang-8 cpp-4.6
+ ln -s clang-8 gcc
+ echo 'gcc-4.6 hold'
+ dpkg --set-selections
dpkg: warning: package not in status nor available database at line 1: gcc-4.6
dpkg: warning: found unknown packages; this might mean the available database
is outdated, and needs to be updated through a frontend method;
please see the FAQ <https://wiki.debian.org/Teams/Dpkg/FAQ>
+ echo 'g++-4.6 hold'
+ dpkg --set-selections
dpkg: warning: package not in status nor available database at line 1: g++-4.6
dpkg: warning: found unknown packages; this might mean the available database
is outdated, and needs to be updated through a frontend method;
please see the FAQ <https://wiki.debian.org/Teams/Dpkg/FAQ>
+ for VERSION in $VERSIONS
+ rm -f g++-4.7 gcc-4.7 cpp-4.7 gcc
+ ln -s clang++-8 g++-4.7
+ ln -s clang-8 gcc-4.7
+ ln -s clang-8 cpp-4.7
+ ln -s clang-8 gcc
+ echo 'gcc-4.7 hold'
+ dpkg --set-selections
dpkg: warning: package not in status nor available database at line 1: gcc-4.7
dpkg: warning: found unknown packages; this might mean the available database
is outdated, and needs to be updated through a frontend method;
please see the FAQ <https://wiki.debian.org/Teams/Dpkg/FAQ>
+ echo 'g++-4.7 hold'
+ dpkg --set-selections
dpkg: warning: package not in status nor available database at line 1: g++-4.7
dpkg: warning: found unknown packages; this might mean the available database
is outdated, and needs to be updated through a frontend method;
please see the FAQ <https://wiki.debian.org/Teams/Dpkg/FAQ>
+ for VERSION in $VERSIONS
+ rm -f g++-4.8 gcc-4.8 cpp-4.8 gcc
+ ln -s clang++-8 g++-4.8
+ ln -s clang-8 gcc-4.8
+ ln -s clang-8 cpp-4.8
+ ln -s clang-8 gcc
+ echo 'gcc-4.8 hold'
+ dpkg --set-selections
dpkg: warning: package not in status nor available database at line 1: gcc-4.8
dpkg: warning: found unknown packages; this might mean the available database
is outdated, and needs to be updated through a frontend method;
please see the FAQ <https://wiki.debian.org/Teams/Dpkg/FAQ>
+ echo 'g++-4.8 hold'
+ dpkg --set-selections
dpkg: warning: package not in status nor available database at line 1: g++-4.8
dpkg: warning: found unknown packages; this might mean the available database
is outdated, and needs to be updated through a frontend method;
please see the FAQ <https://wiki.debian.org/Teams/Dpkg/FAQ>
+ for VERSION in $VERSIONS
+ rm -f g++-4.9 gcc-4.9 cpp-4.9 gcc
+ ln -s clang++-8 g++-4.9
+ ln -s clang-8 gcc-4.9
+ ln -s clang-8 cpp-4.9
+ ln -s clang-8 gcc
+ echo 'gcc-4.9 hold'
+ dpkg --set-selections
dpkg: warning: package not in status nor available database at line 1: gcc-4.9
dpkg: warning: found unknown packages; this might mean the available database
is outdated, and needs to be updated through a frontend method;
please see the FAQ <https://wiki.debian.org/Teams/Dpkg/FAQ>
+ echo 'g++-4.9 hold'
+ dpkg --set-selections
dpkg: warning: package not in status nor available database at line 1: g++-4.9
dpkg: warning: found unknown packages; this might mean the available database
is outdated, and needs to be updated through a frontend method;
please see the FAQ <https://wiki.debian.org/Teams/Dpkg/FAQ>
+ for VERSION in $VERSIONS
+ rm -f g++-5 gcc-5 cpp-5 gcc
+ ln -s clang++-8 g++-5
+ ln -s clang-8 gcc-5
+ ln -s clang-8 cpp-5
+ ln -s clang-8 gcc
+ echo 'gcc-5 hold'
+ dpkg --set-selections
dpkg: warning: package not in status nor available database at line 1: gcc-5
dpkg: warning: found unknown packages; this might mean the available database
is outdated, and needs to be updated through a frontend method;
please see the FAQ <https://wiki.debian.org/Teams/Dpkg/FAQ>
+ echo 'g++-5 hold'
+ dpkg --set-selections
dpkg: warning: package not in status nor available database at line 1: g++-5
dpkg: warning: found unknown packages; this might mean the available database
is outdated, and needs to be updated through a frontend method;
please see the FAQ <https://wiki.debian.org/Teams/Dpkg/FAQ>
+ for VERSION in $VERSIONS
+ rm -f g++-6 gcc-6 cpp-6 gcc
+ ln -s clang++-8 g++-6
+ ln -s clang-8 gcc-6
+ ln -s clang-8 cpp-6
+ ln -s clang-8 gcc
+ echo 'gcc-6 hold'
+ dpkg --set-selections
dpkg: warning: package not in status nor available database at line 1: gcc-6
dpkg: warning: found unknown packages; this might mean the available database
is outdated, and needs to be updated through a frontend method;
please see the FAQ <https://wiki.debian.org/Teams/Dpkg/FAQ>
+ echo 'g++-6 hold'
+ dpkg --set-selections
dpkg: warning: package not in status nor available database at line 1: g++-6
dpkg: warning: found unknown packages; this might mean the available database
is outdated, and needs to be updated through a frontend method;
please see the FAQ <https://wiki.debian.org/Teams/Dpkg/FAQ>
+ for VERSION in $VERSIONS
+ rm -f g++-7 gcc-7 cpp-7 gcc
+ ln -s clang++-8 g++-7
+ ln -s clang-8 gcc-7
+ ln -s clang-8 cpp-7
+ ln -s clang-8 gcc
+ echo 'gcc-7 hold'
+ dpkg --set-selections
dpkg: warning: package not in status nor available database at line 1: gcc-7
dpkg: warning: found unknown packages; this might mean the available database
is outdated, and needs to be updated through a frontend method;
please see the FAQ <https://wiki.debian.org/Teams/Dpkg/FAQ>
+ echo 'g++-7 hold'
+ dpkg --set-selections
dpkg: warning: package not in status nor available database at line 1: g++-7
dpkg: warning: found unknown packages; this might mean the available database
is outdated, and needs to be updated through a frontend method;
please see the FAQ <https://wiki.debian.org/Teams/Dpkg/FAQ>
+ for VERSION in $VERSIONS
+ rm -f g++-8 gcc-8 cpp-8 gcc
+ ln -s clang++-8 g++-8
+ ln -s clang-8 gcc-8
+ ln -s clang-8 cpp-8
+ ln -s clang-8 gcc
+ echo 'gcc-8 hold'
+ dpkg --set-selections
+ echo 'g++-8 hold'
+ dpkg --set-selections
+ cd -
/build/libnet-ssleay-perl-ja8ANT
+ echo 'Check if gcc, g++ & cpp are actually clang'
Check if gcc, g++ & cpp are actually clang
+ gcc --version
+ grep clang
+ cpp --version
+ grep clang
+ g++ --version
+ grep clang

I: Finished running '/tmp/clang8'.

Finished processing commands.
--------------------------------------------------------------------------------

+------------------------------------------------------------------------------+
| Update chroot                                                                |
+------------------------------------------------------------------------------+

Hit:1 http://127.0.0.1:9999/debian sid InRelease
Hit:2 http://127.0.0.1:9999/debian experimental InRelease
Reading package lists...
Reading package lists...
Building dependency tree...
Reading state information...
Calculating upgrade...
The following packages will be upgraded:
  libmpfr6 libpam-modules libpam-modules-bin libpam-runtime libpam0g
5 upgraded, 0 newly installed, 0 to remove and 0 not upgraded.
Need to get 1519 kB of archives.
After this operation, 7168 B of additional disk space will be used.
Get:1 http://127.0.0.1:9999/debian sid/main amd64 libpam0g amd64 1.1.8-4 [124 kB]
Get:2 http://127.0.0.1:9999/debian sid/main amd64 libpam-modules-bin amd64 1.1.8-4 [106 kB]
Get:3 http://127.0.0.1:9999/debian sid/main amd64 libpam-modules amd64 1.1.8-4 [305 kB]
Get:4 http://127.0.0.1:9999/debian sid/main amd64 libpam-runtime all 1.1.8-4 [211 kB]
Get:5 http://127.0.0.1:9999/debian sid/main amd64 libmpfr6 amd64 4.0.2~rc1-1 [773 kB]
debconf: delaying package configuration, since apt-utils is not installed
Fetched 1519 kB in 0s (78.4 MB/s)
(Reading database ... (Reading database ... 5%(Reading database ... 10%(Reading database ... 15%(Reading database ... 20%(Reading database ... 25%(Reading database ... 30%(Reading database ... 35%(Reading database ... 40%(Reading database ... 45%(Reading database ... 50%(Reading database ... 55%(Reading database ... 60%(Reading database ... 65%(Reading database ... 70%(Reading database ... 75%(Reading database ... 80%(Reading database ... 85%(Reading database ... 90%(Reading database ... 95%(Reading database ... 100%(Reading database ... 12592 files and directories currently installed.)
Preparing to unpack .../libpam0g_1.1.8-4_amd64.deb ...
Unpacking libpam0g:amd64 (1.1.8-4) over (1.1.8-3.8) ...
Setting up libpam0g:amd64 (1.1.8-4) ...
(Reading database ... (Reading database ... 5%(Reading database ... 10%(Reading database ... 15%(Reading database ... 20%(Reading database ... 25%(Reading database ... 30%(Reading database ... 35%(Reading database ... 40%(Reading database ... 45%(Reading database ... 50%(Reading database ... 55%(Reading database ... 60%(Reading database ... 65%(Reading database ... 70%(Reading database ... 75%(Reading database ... 80%(Reading database ... 85%(Reading database ... 90%(Reading database ... 95%(Reading database ... 100%(Reading database ... 12592 files and directories currently installed.)
Preparing to unpack .../libpam-modules-bin_1.1.8-4_amd64.deb ...
Unpacking libpam-modules-bin (1.1.8-4) over (1.1.8-3.8) ...
Setting up libpam-modules-bin (1.1.8-4) ...
(Reading database ... (Reading database ... 5%(Reading database ... 10%(Reading database ... 15%(Reading database ... 20%(Reading database ... 25%(Reading database ... 30%(Reading database ... 35%(Reading database ... 40%(Reading database ... 45%(Reading database ... 50%(Reading database ... 55%(Reading database ... 60%(Reading database ... 65%(Reading database ... 70%(Reading database ... 75%(Reading database ... 80%(Reading database ... 85%(Reading database ... 90%(Reading database ... 95%(Reading database ... 100%(Reading database ... 12592 files and directories currently installed.)
Preparing to unpack .../libpam-modules_1.1.8-4_amd64.deb ...
Unpacking libpam-modules:amd64 (1.1.8-4) over (1.1.8-3.8) ...
Setting up libpam-modules:amd64 (1.1.8-4) ...
(Reading database ... (Reading database ... 5%(Reading database ... 10%(Reading database ... 15%(Reading database ... 20%(Reading database ... 25%(Reading database ... 30%(Reading database ... 35%(Reading database ... 40%(Reading database ... 45%(Reading database ... 50%(Reading database ... 55%(Reading database ... 60%(Reading database ... 65%(Reading database ... 70%(Reading database ... 75%(Reading database ... 80%(Reading database ... 85%(Reading database ... 90%(Reading database ... 95%(Reading database ... 100%(Reading database ... 12592 files and directories currently installed.)
Preparing to unpack .../libpam-runtime_1.1.8-4_all.deb ...
Unpacking libpam-runtime (1.1.8-4) over (1.1.8-3.8) ...
Setting up libpam-runtime (1.1.8-4) ...
(Reading database ... (Reading database ... 5%(Reading database ... 10%(Reading database ... 15%(Reading database ... 20%(Reading database ... 25%(Reading database ... 30%(Reading database ... 35%(Reading database ... 40%(Reading database ... 45%(Reading database ... 50%(Reading database ... 55%(Reading database ... 60%(Reading database ... 65%(Reading database ... 70%(Reading database ... 75%(Reading database ... 80%(Reading database ... 85%(Reading database ... 90%(Reading database ... 95%(Reading database ... 100%(Reading database ... 12592 files and directories currently installed.)
Preparing to unpack .../libmpfr6_4.0.2~rc1-1_amd64.deb ...
Unpacking libmpfr6:amd64 (4.0.2~rc1-1) over (4.0.1-2) ...
Setting up libmpfr6:amd64 (4.0.2~rc1-1) ...
Processing triggers for libc-bin (2.28-4) ...

+------------------------------------------------------------------------------+
| Fetch source files                                                           |
+------------------------------------------------------------------------------+


Check APT
---------

Checking available source versions...

Download source files with APT
------------------------------

Reading package lists...
NOTICE: 'libnet-ssleay-perl' packaging is maintained in the 'Git' version control system at:
https://salsa.debian.org/perl-team/modules/packages/libnet-ssleay-perl.git
Please use:
git clone https://salsa.debian.org/perl-team/modules/packages/libnet-ssleay-perl.git
to retrieve the latest (possibly unreleased) updates to the package.
Need to get 439 kB of source archives.
Get:1 http://127.0.0.1:9999/debian sid/main libnet-ssleay-perl 1.85-2 (dsc) [2244 B]
Get:2 http://127.0.0.1:9999/debian sid/main libnet-ssleay-perl 1.85-2 (tar) [418 kB]
Get:3 http://127.0.0.1:9999/debian sid/main libnet-ssleay-perl 1.85-2 (diff) [18.5 kB]
Fetched 439 kB in 0s (924 kB/s)
Download complete and in download only mode
I: NOTICE: Log filtering will replace 'build/libnet-ssleay-perl-ja8ANT/libnet-ssleay-perl-1.85' with '<<PKGBUILDDIR>>'
I: NOTICE: Log filtering will replace 'build/libnet-ssleay-perl-ja8ANT' with '<<BUILDDIR>>'

+------------------------------------------------------------------------------+
| Install build-essential                                                      |
+------------------------------------------------------------------------------+


Setup apt archive
-----------------

Merged Build-Depends: build-essential, fakeroot
Filtered Build-Depends: build-essential, fakeroot
dpkg-deb: building package 'sbuild-build-depends-core-dummy' in '/<<BUILDDIR>>/resolver-zfsB0h/apt_archive/sbuild-build-depends-core-dummy.deb'.
dpkg-scanpackages: warning: Packages in archive but missing from override file:
dpkg-scanpackages: warning:   sbuild-build-depends-core-dummy
dpkg-scanpackages: info: Wrote 1 entries to output Packages file.
Ign:1 copy:/<<BUILDDIR>>/resolver-zfsB0h/apt_archive ./ InRelease
Get:2 copy:/<<BUILDDIR>>/resolver-zfsB0h/apt_archive ./ Release [957 B]
Ign:3 copy:/<<BUILDDIR>>/resolver-zfsB0h/apt_archive ./ Release.gpg
Get:4 copy:/<<BUILDDIR>>/resolver-zfsB0h/apt_archive ./ Sources [349 B]
Get:5 copy:/<<BUILDDIR>>/resolver-zfsB0h/apt_archive ./ Packages [431 B]
Fetched 1737 B in 0s (0 B/s)
Reading package lists...
Reading package lists...

Install core build dependencies (apt-based resolver)
----------------------------------------------------

Installing build dependencies
Reading package lists...
Building dependency tree...
Reading state information...
The following NEW packages will be installed:
  sbuild-build-depends-core-dummy
0 upgraded, 1 newly installed, 0 to remove and 0 not upgraded.
Need to get 856 B of archives.
After this operation, 0 B of additional disk space will be used.
Get:1 copy:/<<BUILDDIR>>/resolver-zfsB0h/apt_archive ./ sbuild-build-depends-core-dummy 0.invalid.0 [856 B]
debconf: delaying package configuration, since apt-utils is not installed
Fetched 856 B in 0s (0 B/s)
Selecting previously unselected package sbuild-build-depends-core-dummy.
(Reading database ... 12592 files and directories currently installed.)
Preparing to unpack .../sbuild-build-depends-core-dummy_0.invalid.0_amd64.deb ...
Unpacking sbuild-build-depends-core-dummy (0.invalid.0) ...
Setting up sbuild-build-depends-core-dummy (0.invalid.0) ...

+------------------------------------------------------------------------------+
| Check architectures                                                          |
+------------------------------------------------------------------------------+

Arch check ok (amd64 included in any)

+------------------------------------------------------------------------------+
| Install package build dependencies                                           |
+------------------------------------------------------------------------------+


Setup apt archive
-----------------

Merged Build-Depends: debhelper (>= 11), perl, libssl-dev, libtest-exception-perl, libtest-nowarnings-perl, libtest-pod-perl, libtest-warn-perl, openssl, perl-openssl-defaults
Filtered Build-Depends: debhelper (>= 11), perl, libssl-dev, libtest-exception-perl, libtest-nowarnings-perl, libtest-pod-perl, libtest-warn-perl, openssl, perl-openssl-defaults
dpkg-deb: building package 'sbuild-build-depends-libnet-ssleay-perl-dummy' in '/<<BUILDDIR>>/resolver-zfsB0h/apt_archive/sbuild-build-depends-libnet-ssleay-perl-dummy.deb'.
dpkg-scanpackages: warning: Packages in archive but missing from override file:
dpkg-scanpackages: warning:   sbuild-build-depends-core-dummy sbuild-build-depends-libnet-ssleay-perl-dummy
dpkg-scanpackages: info: Wrote 2 entries to output Packages file.
Ign:1 copy:/<<BUILDDIR>>/resolver-zfsB0h/apt_archive ./ InRelease
Get:2 copy:/<<BUILDDIR>>/resolver-zfsB0h/apt_archive ./ Release [963 B]
Ign:3 copy:/<<BUILDDIR>>/resolver-zfsB0h/apt_archive ./ Release.gpg
Get:4 copy:/<<BUILDDIR>>/resolver-zfsB0h/apt_archive ./ Sources [554 B]
Get:5 copy:/<<BUILDDIR>>/resolver-zfsB0h/apt_archive ./ Packages [636 B]
Fetched 2153 B in 0s (0 B/s)
Reading package lists...
Reading package lists...

Install libnet-ssleay-perl build dependencies (apt-based resolver)
------------------------------------------------------------------

Installing build dependencies
Reading package lists...
Building dependency tree...
Reading state information...
The following additional packages will be installed:
  autoconf automake autopoint autotools-dev bsdmainutils debhelper
  dh-autoreconf dh-strip-nondeterminism dwz file gettext gettext-base
  groff-base intltool-debian libarchive-zip-perl libcroco3 libelf1
  libfile-stripnondeterminism-perl libglib2.0-0 libicu63 libmagic-mgc
  libmagic1 libncurses6 libpipeline1 libsigsegv2 libssl-dev libssl1.1
  libsub-uplevel-perl libtest-exception-perl libtest-nowarnings-perl
  libtest-pod-perl libtest-warn-perl libtool libuchardet0 libxml2 m4 man-db
  openssl perl-openssl-defaults po-debconf sensible-utils
Suggested packages:
  autoconf-archive gnu-standards autoconf-doc wamerican | wordlist whois
  vacation dh-make gettext-doc libasprintf-dev libgettextpo-dev groff
  libssl-doc libtool-doc gfortran | fortran95-compiler gcj-jdk m4-doc apparmor
  less www-browser ca-certificates libmail-box-perl
Recommended packages:
  curl | wget | lynx libarchive-cpio-perl libglib2.0-data shared-mime-info
  xdg-user-dirs libgpm2 libltdl-dev libmail-sendmail-perl
The following NEW packages will be installed:
  autoconf automake autopoint autotools-dev bsdmainutils debhelper
  dh-autoreconf dh-strip-nondeterminism dwz file gettext gettext-base
  groff-base intltool-debian libarchive-zip-perl libcroco3 libelf1
  libfile-stripnondeterminism-perl libglib2.0-0 libicu63 libmagic-mgc
  libmagic1 libncurses6 libpipeline1 libsigsegv2 libssl-dev libssl1.1
  libsub-uplevel-perl libtest-exception-perl libtest-nowarnings-perl
  libtest-pod-perl libtest-warn-perl libtool libuchardet0 libxml2 m4 man-db
  openssl perl-openssl-defaults po-debconf
  sbuild-build-depends-libnet-ssleay-perl-dummy sensible-utils
0 upgraded, 42 newly installed, 0 to remove and 0 not upgraded.
Need to get 23.1 MB of archives.
After this operation, 83.2 MB of additional disk space will be used.
Get:1 copy:/<<BUILDDIR>>/resolver-zfsB0h/apt_archive ./ sbuild-build-depends-libnet-ssleay-perl-dummy 0.invalid.0 [928 B]
Get:2 http://127.0.0.1:9999/debian sid/main amd64 bsdmainutils amd64 11.1.2+b1 [191 kB]
Get:3 http://127.0.0.1:9999/debian sid/main amd64 libuchardet0 amd64 0.0.6-3 [64.9 kB]
Get:4 http://127.0.0.1:9999/debian sid/main amd64 groff-base amd64 1.22.4-2 [917 kB]
Get:5 http://127.0.0.1:9999/debian sid/main amd64 libpipeline1 amd64 1.5.0-2 [29.5 kB]
Get:6 http://127.0.0.1:9999/debian sid/main amd64 man-db amd64 2.8.5-1 [1274 kB]
Get:7 http://127.0.0.1:9999/debian sid/main amd64 sensible-utils all 0.0.12 [15.8 kB]
Get:8 http://127.0.0.1:9999/debian sid/main amd64 libmagic-mgc amd64 1:5.34-2 [239 kB]
Get:9 http://127.0.0.1:9999/debian sid/main amd64 libmagic1 amd64 1:5.34-2 [116 kB]
Get:10 http://127.0.0.1:9999/debian sid/main amd64 file amd64 1:5.34-2 [65.8 kB]
Get:11 http://127.0.0.1:9999/debian sid/main amd64 gettext-base amd64 0.19.8.1-9 [123 kB]
Get:12 http://127.0.0.1:9999/debian sid/main amd64 libsigsegv2 amd64 2.12-2 [32.8 kB]
Get:13 http://127.0.0.1:9999/debian sid/main amd64 m4 amd64 1.4.18-2 [203 kB]
Get:14 http://127.0.0.1:9999/debian sid/main amd64 autoconf all 2.69-11 [341 kB]
Get:15 http://127.0.0.1:9999/debian sid/main amd64 autotools-dev all 20180224.1 [77.0 kB]
Get:16 http://127.0.0.1:9999/debian sid/main amd64 automake all 1:1.16.1-4 [771 kB]
Get:17 http://127.0.0.1:9999/debian sid/main amd64 autopoint all 0.19.8.1-9 [434 kB]
Get:18 http://127.0.0.1:9999/debian sid/main amd64 libtool all 2.4.6-6 [547 kB]
Get:19 http://127.0.0.1:9999/debian sid/main amd64 dh-autoreconf all 19 [16.9 kB]
Get:20 http://127.0.0.1:9999/debian sid/main amd64 libarchive-zip-perl all 1.64-1 [96.8 kB]
Get:21 http://127.0.0.1:9999/debian sid/main amd64 libfile-stripnondeterminism-perl all 1.0.0-1 [19.5 kB]
Get:22 http://127.0.0.1:9999/debian sid/main amd64 dh-strip-nondeterminism all 1.0.0-1 [12.5 kB]
Get:23 http://127.0.0.1:9999/debian sid/main amd64 libelf1 amd64 0.175-2 [160 kB]
Get:24 http://127.0.0.1:9999/debian sid/main amd64 dwz amd64 0.12-3 [78.0 kB]
Get:25 http://127.0.0.1:9999/debian sid/main amd64 libglib2.0-0 amd64 2.58.2-3 [1257 kB]
Get:26 http://127.0.0.1:9999/debian sid/main amd64 libicu63 amd64 63.1-5 [8293 kB]
Get:27 http://127.0.0.1:9999/debian sid/main amd64 libxml2 amd64 2.9.4+dfsg1-7+b3 [687 kB]
Get:28 http://127.0.0.1:9999/debian sid/main amd64 libcroco3 amd64 0.6.12-3 [145 kB]
Get:29 http://127.0.0.1:9999/debian sid/main amd64 libncurses6 amd64 6.1+20181013-1 [102 kB]
Get:30 http://127.0.0.1:9999/debian sid/main amd64 gettext amd64 0.19.8.1-9 [1303 kB]
Get:31 http://127.0.0.1:9999/debian sid/main amd64 intltool-debian all 0.35.0+20060710.4 [26.3 kB]
Get:32 http://127.0.0.1:9999/debian sid/main amd64 po-debconf all 1.0.21 [248 kB]
Get:33 http://127.0.0.1:9999/debian sid/main amd64 debhelper all 12 [1002 kB]
Get:34 http://127.0.0.1:9999/debian sid/main amd64 libssl1.1 amd64 1.1.1a-1 [1527 kB]
Get:35 http://127.0.0.1:9999/debian sid/main amd64 libssl-dev amd64 1.1.1a-1 [1788 kB]
Get:36 http://127.0.0.1:9999/debian sid/main amd64 libsub-uplevel-perl all 0.2800-1 [16.3 kB]
Get:37 http://127.0.0.1:9999/debian sid/main amd64 libtest-exception-perl all 0.43-1 [18.7 kB]
Get:38 http://127.0.0.1:9999/debian sid/main amd64 libtest-nowarnings-perl all 1.04-2 [12.2 kB]
Get:39 http://127.0.0.1:9999/debian sid/main amd64 libtest-pod-perl all 1.52-1 [14.2 kB]
Get:40 http://127.0.0.1:9999/debian sid/main amd64 libtest-warn-perl all 0.36-1 [16.2 kB]
Get:41 http://127.0.0.1:9999/debian sid/main amd64 openssl amd64 1.1.1a-1 [836 kB]
Get:42 http://127.0.0.1:9999/debian sid/main amd64 perl-openssl-defaults amd64 3 [6782 B]
debconf: delaying package configuration, since apt-utils is not installed
Fetched 23.1 MB in 1s (26.9 MB/s)
Selecting previously unselected package bsdmainutils.
(Reading database ... 12592 files and directories currently installed.)
Preparing to unpack .../00-bsdmainutils_11.1.2+b1_amd64.deb ...
Unpacking bsdmainutils (11.1.2+b1) ...
Selecting previously unselected package libuchardet0:amd64.
Preparing to unpack .../01-libuchardet0_0.0.6-3_amd64.deb ...
Unpacking libuchardet0:amd64 (0.0.6-3) ...
Selecting previously unselected package groff-base.
Preparing to unpack .../02-groff-base_1.22.4-2_amd64.deb ...
Unpacking groff-base (1.22.4-2) ...
Selecting previously unselected package libpipeline1:amd64.
Preparing to unpack .../03-libpipeline1_1.5.0-2_amd64.deb ...
Unpacking libpipeline1:amd64 (1.5.0-2) ...
Selecting previously unselected package man-db.
Preparing to unpack .../04-man-db_2.8.5-1_amd64.deb ...
Unpacking man-db (2.8.5-1) ...
Selecting previously unselected package sensible-utils.
Preparing to unpack .../05-sensible-utils_0.0.12_all.deb ...
Unpacking sensible-utils (0.0.12) ...
Selecting previously unselected package libmagic-mgc.
Preparing to unpack .../06-libmagic-mgc_1%3a5.34-2_amd64.deb ...
Unpacking libmagic-mgc (1:5.34-2) ...
Selecting previously unselected package libmagic1:amd64.
Preparing to unpack .../07-libmagic1_1%3a5.34-2_amd64.deb ...
Unpacking libmagic1:amd64 (1:5.34-2) ...
Selecting previously unselected package file.
Preparing to unpack .../08-file_1%3a5.34-2_amd64.deb ...
Unpacking file (1:5.34-2) ...
Selecting previously unselected package gettext-base.
Preparing to unpack .../09-gettext-base_0.19.8.1-9_amd64.deb ...
Unpacking gettext-base (0.19.8.1-9) ...
Selecting previously unselected package libsigsegv2:amd64.
Preparing to unpack .../10-libsigsegv2_2.12-2_amd64.deb ...
Unpacking libsigsegv2:amd64 (2.12-2) ...
Selecting previously unselected package m4.
Preparing to unpack .../11-m4_1.4.18-2_amd64.deb ...
Unpacking m4 (1.4.18-2) ...
Selecting previously unselected package autoconf.
Preparing to unpack .../12-autoconf_2.69-11_all.deb ...
Unpacking autoconf (2.69-11) ...
Selecting previously unselected package autotools-dev.
Preparing to unpack .../13-autotools-dev_20180224.1_all.deb ...
Unpacking autotools-dev (20180224.1) ...
Selecting previously unselected package automake.
Preparing to unpack .../14-automake_1%3a1.16.1-4_all.deb ...
Unpacking automake (1:1.16.1-4) ...
Selecting previously unselected package autopoint.
Preparing to unpack .../15-autopoint_0.19.8.1-9_all.deb ...
Unpacking autopoint (0.19.8.1-9) ...
Selecting previously unselected package libtool.
Preparing to unpack .../16-libtool_2.4.6-6_all.deb ...
Unpacking libtool (2.4.6-6) ...
Selecting previously unselected package dh-autoreconf.
Preparing to unpack .../17-dh-autoreconf_19_all.deb ...
Unpacking dh-autoreconf (19) ...
Selecting previously unselected package libarchive-zip-perl.
Preparing to unpack .../18-libarchive-zip-perl_1.64-1_all.deb ...
Unpacking libarchive-zip-perl (1.64-1) ...
Selecting previously unselected package libfile-stripnondeterminism-perl.
Preparing to unpack .../19-libfile-stripnondeterminism-perl_1.0.0-1_all.deb ...
Unpacking libfile-stripnondeterminism-perl (1.0.0-1) ...
Selecting previously unselected package dh-strip-nondeterminism.
Preparing to unpack .../20-dh-strip-nondeterminism_1.0.0-1_all.deb ...
Unpacking dh-strip-nondeterminism (1.0.0-1) ...
Selecting previously unselected package libelf1:amd64.
Preparing to unpack .../21-libelf1_0.175-2_amd64.deb ...
Unpacking libelf1:amd64 (0.175-2) ...
Selecting previously unselected package dwz.
Preparing to unpack .../22-dwz_0.12-3_amd64.deb ...
Unpacking dwz (0.12-3) ...
Selecting previously unselected package libglib2.0-0:amd64.
Preparing to unpack .../23-libglib2.0-0_2.58.2-3_amd64.deb ...
Unpacking libglib2.0-0:amd64 (2.58.2-3) ...
Selecting previously unselected package libicu63:amd64.
Preparing to unpack .../24-libicu63_63.1-5_amd64.deb ...
Unpacking libicu63:amd64 (63.1-5) ...
Selecting previously unselected package libxml2:amd64.
Preparing to unpack .../25-libxml2_2.9.4+dfsg1-7+b3_amd64.deb ...
Unpacking libxml2:amd64 (2.9.4+dfsg1-7+b3) ...
Selecting previously unselected package libcroco3:amd64.
Preparing to unpack .../26-libcroco3_0.6.12-3_amd64.deb ...
Unpacking libcroco3:amd64 (0.6.12-3) ...
Selecting previously unselected package libncurses6:amd64.
Preparing to unpack .../27-libncurses6_6.1+20181013-1_amd64.deb ...
Unpacking libncurses6:amd64 (6.1+20181013-1) ...
Selecting previously unselected package gettext.
Preparing to unpack .../28-gettext_0.19.8.1-9_amd64.deb ...
Unpacking gettext (0.19.8.1-9) ...
Selecting previously unselected package intltool-debian.
Preparing to unpack .../29-intltool-debian_0.35.0+20060710.4_all.deb ...
Unpacking intltool-debian (0.35.0+20060710.4) ...
Selecting previously unselected package po-debconf.
Preparing to unpack .../30-po-debconf_1.0.21_all.deb ...
Unpacking po-debconf (1.0.21) ...
Selecting previously unselected package debhelper.
Preparing to unpack .../31-debhelper_12_all.deb ...
Unpacking debhelper (12) ...
Selecting previously unselected package libssl1.1:amd64.
Preparing to unpack .../32-libssl1.1_1.1.1a-1_amd64.deb ...
Unpacking libssl1.1:amd64 (1.1.1a-1) ...
Selecting previously unselected package libssl-dev:amd64.
Preparing to unpack .../33-libssl-dev_1.1.1a-1_amd64.deb ...
Unpacking libssl-dev:amd64 (1.1.1a-1) ...
Selecting previously unselected package libsub-uplevel-perl.
Preparing to unpack .../34-libsub-uplevel-perl_0.2800-1_all.deb ...
Unpacking libsub-uplevel-perl (0.2800-1) ...
Selecting previously unselected package libtest-exception-perl.
Preparing to unpack .../35-libtest-exception-perl_0.43-1_all.deb ...
Unpacking libtest-exception-perl (0.43-1) ...
Selecting previously unselected package libtest-nowarnings-perl.
Preparing to unpack .../36-libtest-nowarnings-perl_1.04-2_all.deb ...
Unpacking libtest-nowarnings-perl (1.04-2) ...
Selecting previously unselected package libtest-pod-perl.
Preparing to unpack .../37-libtest-pod-perl_1.52-1_all.deb ...
Unpacking libtest-pod-perl (1.52-1) ...
Selecting previously unselected package libtest-warn-perl.
Preparing to unpack .../38-libtest-warn-perl_0.36-1_all.deb ...
Unpacking libtest-warn-perl (0.36-1) ...
Selecting previously unselected package openssl.
Preparing to unpack .../39-openssl_1.1.1a-1_amd64.deb ...
Unpacking openssl (1.1.1a-1) ...
Selecting previously unselected package perl-openssl-defaults:amd64.
Preparing to unpack .../40-perl-openssl-defaults_3_amd64.deb ...
Unpacking perl-openssl-defaults:amd64 (3) ...
Selecting previously unselected package sbuild-build-depends-libnet-ssleay-perl-dummy.
Preparing to unpack .../41-sbuild-build-depends-libnet-ssleay-perl-dummy_0.invalid.0_amd64.deb ...
Unpacking sbuild-build-depends-libnet-ssleay-perl-dummy (0.invalid.0) ...
Setting up libtest-nowarnings-perl (1.04-2) ...
Setting up libarchive-zip-perl (1.64-1) ...
Setting up libicu63:amd64 (63.1-5) ...
Setting up libsigsegv2:amd64 (2.12-2) ...
Setting up libelf1:amd64 (0.175-2) ...
Setting up libglib2.0-0:amd64 (2.58.2-3) ...
No schema files found: doing nothing.
Setting up gettext-base (0.19.8.1-9) ...
Setting up libpipeline1:amd64 (1.5.0-2) ...
Setting up m4 (1.4.18-2) ...
Setting up libxml2:amd64 (2.9.4+dfsg1-7+b3) ...
Setting up libuchardet0:amd64 (0.0.6-3) ...
Setting up libmagic-mgc (1:5.34-2) ...
Setting up libmagic1:amd64 (1:5.34-2) ...
Setting up libcroco3:amd64 (0.6.12-3) ...
Setting up sensible-utils (0.0.12) ...
Processing triggers for libc-bin (2.28-4) ...
Setting up dwz (0.12-3) ...
Setting up autotools-dev (20180224.1) ...
Setting up libssl1.1:amd64 (1.1.1a-1) ...
Setting up openssl (1.1.1a-1) ...
Setting up libtest-pod-perl (1.52-1) ...
Setting up bsdmainutils (11.1.2+b1) ...
update-alternatives: using /usr/bin/bsd-write to provide /usr/bin/write (write) in auto mode
update-alternatives: using /usr/bin/bsd-from to provide /usr/bin/from (from) in auto mode
Setting up libsub-uplevel-perl (0.2800-1) ...
Setting up libncurses6:amd64 (6.1+20181013-1) ...
Setting up autopoint (0.19.8.1-9) ...
Setting up libtest-warn-perl (0.36-1) ...
Setting up libfile-stripnondeterminism-perl (1.0.0-1) ...
Setting up gettext (0.19.8.1-9) ...
Setting up perl-openssl-defaults:amd64 (3) ...
Setting up libssl-dev:amd64 (1.1.1a-1) ...
Setting up groff-base (1.22.4-2) ...
Setting up libtest-exception-perl (0.43-1) ...
Setting up autoconf (2.69-11) ...
Setting up file (1:5.34-2) ...
Setting up intltool-debian (0.35.0+20060710.4) ...
Setting up automake (1:1.16.1-4) ...
update-alternatives: using /usr/bin/automake-1.16 to provide /usr/bin/automake (automake) in auto mode
Setting up man-db (2.8.5-1) ...
Not building database; man-db/auto-update is not 'true'.
Setting up libtool (2.4.6-6) ...
Setting up po-debconf (1.0.21) ...
Setting up dh-autoreconf (19) ...
Setting up dh-strip-nondeterminism (1.0.0-1) ...
Setting up debhelper (12) ...
Setting up sbuild-build-depends-libnet-ssleay-perl-dummy (0.invalid.0) ...
Processing triggers for libc-bin (2.28-4) ...

+------------------------------------------------------------------------------+
| Build environment                                                            |
+------------------------------------------------------------------------------+

Kernel: Linux 4.9.0-8-amd64 amd64 (x86_64)
Toolchain package versions: binutils_2.31.1-11 dpkg-dev_1.19.2 g++-8_8.2.0-14 gcc-8_8.2.0-14 libc6-dev_2.28-4 libstdc++-8-dev_8.2.0-14 libstdc++6_8.2.0-14 linux-libc-dev_4.19.13-1
Package versions: adduser_3.118 apt_1.8.0~alpha3 autoconf_2.69-11 automake_1:1.16.1-4 autopoint_0.19.8.1-9 autotools-dev_20180224.1 base-files_10.1 base-passwd_3.5.45 bash_4.4.18-3.1 binutils_2.31.1-11 binutils-common_2.31.1-11 binutils-x86-64-linux-gnu_2.31.1-11 bsdmainutils_11.1.2+b1 bsdutils_1:2.33-0.2 build-essential_12.5 bzip2_1.0.6-9 clang-8_1:8~svn350193-1~exp1 coreutils_8.30-1 cpp_4:8.2.0-2 cpp-8_8.2.0-14 dash_0.5.10.2-4 debconf_1.5.69 debhelper_12 debian-archive-keyring_2018.1 debianutils_4.8.6 dh-autoreconf_19 dh-strip-nondeterminism_1.0.0-1 diffutils_1:3.6-1 dpkg_1.19.2 dpkg-dev_1.19.2 dwz_0.12-3 e2fsprogs_1.44.5-1 fakeroot_1.23-1 fdisk_2.33-0.2 file_1:5.34-2 findutils_4.6.0+git+20181018-1 g++_4:8.2.0-2 g++-8_8.2.0-14 gcc_4:8.2.0-2 gcc-8_8.2.0-14 gcc-8-base_8.2.0-14 gettext_0.19.8.1-9 gettext-base_0.19.8.1-9 gpgv_2.2.12-1 grep_3.3-1 groff-base_1.22.4-2 gzip_1.9-3 hostname_3.21 init-system-helpers_1.56+nmu1 intltool-debian_0.35.0+20060710.4 lib32gcc1_1:8.2.0-14 lib32stdc++6_8.2.0-14 libacl1_2.2.52-3+b1 libapt-pkg5.0_1.8.0~alpha3 libarchive-zip-perl_1.64-1 libasan5_8.2.0-14 libatomic1_8.2.0-14 libattr1_1:2.4.47-2+b2 libaudit-common_1:2.8.4-2 libaudit1_1:2.8.4-2 libbinutils_2.31.1-11 libblkid1_2.33-0.2 libbsd0_0.9.1-1 libbz2-1.0_1.0.6-9 libc-bin_2.28-4 libc-dev-bin_2.28-4 libc6_2.28-4 libc6-dev_2.28-4 libc6-i386_2.28-4 libcap-ng0_0.7.9-1+b1 libcc1-0_8.2.0-14 libclang-common-8-dev_1:8~svn350193-1~exp1 libclang1-8_1:8~svn350193-1~exp1 libcom-err2_1.44.5-1 libcroco3_0.6.12-3 libdb5.3_5.3.28+dfsg1-0.2 libdebconfclient0_0.246 libdpkg-perl_1.19.2 libedit2_3.1-20181209-1 libelf1_0.175-2 libext2fs2_1.44.5-1 libfakeroot_1.23-1 libfdisk1_2.33-0.2 libffi6_3.2.1-9 libfile-stripnondeterminism-perl_1.0.0-1 libgc1c2_1:7.6.4-0.4 libgcc-8-dev_8.2.0-14 libgcc1_1:8.2.0-14 libgcrypt20_1.8.4-4 libgdbm-compat4_1.18.1-2 libgdbm6_1.18.1-2 libglib2.0-0_2.58.2-3 libgmp10_2:6.1.2+dfsg-4 libgnutls30_3.6.5-2 libgomp1_8.2.0-14 libgpg-error0_1.33-3 libhogweed4_3.4.1~rc1-1 libicu63_63.1-5 libidn2-0_2.0.5-1 libisl19_0.20-2 libitm1_8.2.0-14 libllvm8_1:8~svn350193-1~exp1 liblsan0_8.2.0-14 liblz4-1_1.8.3-1 liblzma5_5.2.2-1.3 libmagic-mgc_1:5.34-2 libmagic1_1:5.34-2 libmount1_2.33-0.2 libmpc3_1.1.0-1 libmpfr6_4.0.2~rc1-1 libmpx2_8.2.0-14 libncurses6_6.1+20181013-1 libncursesw6_6.1+20181013-1 libnettle6_3.4.1~rc1-1 libobjc-8-dev_8.2.0-14 libobjc4_8.2.0-14 libomp-8-dev_1:8~svn350193-1~exp1 libomp5-8_1:8~svn350193-1~exp1 libp11-kit0_0.23.14-2 libpam-modules_1.1.8-4 libpam-modules-bin_1.1.8-4 libpam-runtime_1.1.8-4 libpam0g_1.1.8-4 libpcre3_2:8.39-11 libperl5.28_5.28.1-3 libpipeline1_1.5.0-2 libquadmath0_8.2.0-14 libseccomp2_2.3.3-3 libselinux1_2.8-1+b1 libsemanage-common_2.8-2 libsemanage1_2.8-2 libsepol1_2.8-1 libsigsegv2_2.12-2 libsmartcols1_2.33-0.2 libss2_1.44.5-1 libssl-dev_1.1.1a-1 libssl1.1_1.1.1a-1 libstdc++-8-dev_8.2.0-14 libstdc++6_8.2.0-14 libsub-uplevel-perl_0.2800-1 libsystemd0_240-2 libtasn1-6_4.13-3 libtest-exception-perl_0.43-1 libtest-nowarnings-perl_1.04-2 libtest-pod-perl_1.52-1 libtest-warn-perl_0.36-1 libtinfo6_6.1+20181013-1 libtool_2.4.6-6 libtsan0_8.2.0-14 libubsan1_8.2.0-14 libuchardet0_0.0.6-3 libudev1_240-2 libunistring2_0.9.10-1 libuuid1_2.33-0.2 libxml2_2.9.4+dfsg1-7+b3 libzstd1_1.3.8+dfsg-3 linux-libc-dev_4.19.13-1 login_1:4.5-1.1 m4_1.4.18-2 make_4.2.1-1.2 man-db_2.8.5-1 mawk_1.3.3-17+b3 mount_2.33-0.2 ncurses-base_6.1+20181013-1 ncurses-bin_6.1+20181013-1 openssl_1.1.1a-1 passwd_1:4.5-1.1 patch_2.7.6-3 perl_5.28.1-3 perl-base_5.28.1-3 perl-modules-5.28_5.28.1-3 perl-openssl-defaults_3 po-debconf_1.0.21 sbuild-build-depends-core-dummy_0.invalid.0 sbuild-build-depends-libnet-ssleay-perl-dummy_0.invalid.0 sed_4.7-1 sensible-utils_0.0.12 sysvinit-utils_2.93-3 tar_1.30+dfsg-4 tzdata_2018i-1 util-linux_2.33-0.2 xz-utils_5.2.2-1.3 zlib1g_1:1.2.11.dfsg-1

+------------------------------------------------------------------------------+
| Build                                                                        |
+------------------------------------------------------------------------------+


Unpack source
-------------

gpgv: unknown type of key resource 'trustedkeys.kbx'
gpgv: keyblock resource '/sbuild-nonexistent/.gnupg/trustedkeys.kbx': General error
gpgv: Signature made Sun Sep  2 20:21:10 2018 UTC
gpgv:                using RSA key AEA0C44ECB056E93630D9D33DBBE9D4D99D2A004
gpgv: Can't check signature: No public key
dpkg-source: warning: failed to verify signature on ./libnet-ssleay-perl_1.85-2.dsc
dpkg-source: info: extracting libnet-ssleay-perl in /<<PKGBUILDDIR>>
dpkg-source: info: unpacking libnet-ssleay-perl_1.85.orig.tar.gz
dpkg-source: info: unpacking libnet-ssleay-perl_1.85-2.debian.tar.xz
dpkg-source: info: using patch list from debian/patches/series
dpkg-source: info: applying Adapt-to-OpenSSL-1.1.1.patch
dpkg-source: info: applying Adapt-CTX_get_min_proto_version-tests-to-system-wide.patch
dpkg-source: info: applying Avoid-SIGPIPE-in-t-local-36_verify.t.patch
dpkg-source: info: applying Move-SSL_ERROR_WANT_READ-SSL_ERROR_WANT_WRITE-retry-.patch
dpkg-source: info: applying Move-SSL_ERROR_WANT_READ-SSL_ERROR_WANT_WRITE-retry-from_write_partial.patch
dpkg-source: info: applying 20no-stray-libz-link.patch
dpkg-source: info: applying add-security-level-routines.patch
dpkg-source: info: applying test-with-security-level-1.patch
dpkg-source: info: applying ok-result-is-no-error.patch
dpkg-source: info: applying set_num_tickets-min-version.patch
dpkg-source: info: applying debian-min-tls-ver.patch

Check disk space
----------------

Sufficient free space for build

User Environment
----------------

APT_CONFIG=/var/lib/sbuild/apt.conf
HOME=/sbuild-nonexistent
LANG=en_US.UTF-8
LC_ALL=POSIX
LOGNAME=user42
PATH=/usr/local/sbin:/usr/local/bin:/usr/sbin:/usr/bin:/sbin:/bin:/usr/games
SCHROOT_ALIAS_NAME=unstable
SCHROOT_CHROOT_NAME=sid-amd64-sbuild
SCHROOT_COMMAND=env
SCHROOT_GID=1001
SCHROOT_GROUP=user42
SCHROOT_SESSION_ID=sid-amd64-sbuild-43a93172-54dc-4b97-bb85-788f9b5d16c5
SCHROOT_UID=1001
SCHROOT_USER=user42
SHELL=/bin/sh
USER=user42

dpkg-buildpackage
-----------------

dpkg-buildpackage: info: source package libnet-ssleay-perl
dpkg-buildpackage: info: source version 1.85-2
dpkg-buildpackage: info: source distribution unstable
dpkg-buildpackage: info: source changed by Damyan Ivanov <dmn@debian.org>
 dpkg-source --before-build .
dpkg-buildpackage: info: host architecture amd64
 fakeroot debian/rules clean
dh clean --with perl_openssl
   dh_clean
 debian/rules build-arch
dh build-arch --with perl_openssl
   dh_update_autotools_config -a
   dh_autoreconf -a
   dh_auto_configure -a
	perl Makefile.PL INSTALLDIRS=vendor "OPTIMIZE=-g -O2 -fdebug-prefix-map=/<<PKGBUILDDIR>>=. -fstack-protector-strong -Wformat -Werror=format-security -Wdate-time -D_FORTIFY_SOURCE=2" "LD=x86_64-linux-gnu-gcc -g -O2 -fdebug-prefix-map=/<<PKGBUILDDIR>>=. -fstack-protector-strong -Wformat -Werror=format-security -Wl,-z,relro -Wl,-z,now"
*** Found OpenSSL-1.1.1a installed in /usr
*** That's newer than what this module was tested with
    You should consider checking if there is a newer release of this module
    available. Everything will probably work OK, though.
*** Be sure to use the same compiler and options to compile your OpenSSL, perl,
    and Net::SSLeay. Mixing and matching compilers is not supported.
Do you want to run external tests?
These tests *will* *fail* if you do not have network connectivity. [n] n
Checking if your kit is complete...
Looks good
Generating a Unix-style Makefile
Writing Makefile for Net::SSLeay
Writing MYMETA.yml and MYMETA.json
   dh_auto_build -a
	make -j4
make[1]: Entering directory '/<<PKGBUILDDIR>>'
Running Mkbootstrap for SSLeay ()
"/usr/bin/perl" "-Iinc" "/usr/share/perl/5.28/ExtUtils/xsubpp"  -typemap '/usr/share/perl/5.28/ExtUtils/typemap' -typemap '/<<PKGBUILDDIR>>/typemap'  SSLeay.xs > SSLeay.xsc
chmod 644 "SSLeay.bs"
"/usr/bin/perl" "-Iinc" -MExtUtils::Command::MM -e 'cp_nonempty' -- SSLeay.bs blib/arch/auto/Net/SSLeay/SSLeay.bs 644
cp lib/Net/SSLeay.pod blib/lib/Net/SSLeay.pod
cp lib/Net/SSLeay.pm blib/lib/Net/SSLeay.pm
AutoSplitting blib/lib/Net/SSLeay.pm (blib/lib/auto/Net/SSLeay)
blib/lib/Net/SSLeay.pm: some names are not unique when truncated to 8 characters:
 directory blib/lib/auto/Net/SSLeay:
  do_https3.al, do_https2.al, do_https4.al, do_https.al truncate to do_https
  do_httpx3.al, do_httpx2.al, do_httpx4.al truncate to do_httpx
  get_https.al, get_https3.al, get_https4.al, get_http.al, get_http3.al, get_http4.al, get_httpx.al, get_httpx3.al, get_httpx4.al truncate to get_http
  head_https.al, head_https3.al, head_https4.al, head_http.al, head_http3.al, head_http4.al, head_httpx.al, head_httpx3.al, head_httpx4.al truncate to head_htt
  post_https.al, post_https3.al, post_https4.al, post_http.al, post_http3.al, post_http4.al, post_httpx.al, post_httpx3.al, post_httpx4.al truncate to post_htt
  put_https.al, put_https3.al, put_https4.al, put_http.al, put_http3.al, put_http4.al, put_httpx.al, put_httpx3.al, put_httpx4.al truncate to put_http
  ssl_read_all.al, ssl_read_until.al, ssl_read_CRLF.al truncate to ssl_read
  ssl_write_all.al, ssl_write_CRLF.al truncate to ssl_writ
  tcp_read_all.al, tcp_read_until.al, tcp_read_CRLF.al truncate to tcp_read
  tcp_write_all.al, tcp_write_CRLF.al truncate to tcp_writ
cp lib/Net/SSLeay/Handle.pm blib/lib/Net/SSLeay/Handle.pm
mv SSLeay.xsc SSLeay.c
x86_64-linux-gnu-gcc -c  -I/usr/include -D_REENTRANT -D_GNU_SOURCE -DDEBIAN -fwrapv -fno-strict-aliasing -pipe -I/usr/local/include -D_LARGEFILE_SOURCE -D_FILE_OFFSET_BITS=64 -g -O2 -fdebug-prefix-map=/<<PKGBUILDDIR>>=. -fstack-protector-strong -Wformat -Werror=format-security -Wdate-time -D_FORTIFY_SOURCE=2   -DVERSION=\"1.85\" -DXS_VERSION=\"1.85\" -fPIC "-I/usr/lib/x86_64-linux-gnu/perl/5.28/CORE"   SSLeay.c
SSLeay.xs:1808:28: warning: 'TLSv1_method' is deprecated [-Wdeprecated-declarations]
     RETVAL = SSL_CTX_new (TLSv1_method());
                           ^
/usr/include/openssl/ssl.h:1864:1: note: 'TLSv1_method' has been explicitly marked deprecated here
DEPRECATEDIN_1_1_0(__owur const SSL_METHOD *TLSv1_method(void)) /* TLSv1.0 */
^
/usr/include/x86_64-linux-gnu/openssl/opensslconf.h:152:34: note: expanded from macro 'DEPRECATEDIN_1_1_0'
# define DEPRECATEDIN_1_1_0(f)   DECLARE_DEPRECATED(f)
                                 ^
/usr/include/x86_64-linux-gnu/openssl/opensslconf.h:115:55: note: expanded from macro 'DECLARE_DEPRECATED'
#   define DECLARE_DEPRECATED(f)    f __attribute__ ((deprecated));
                                                      ^
SSLeay.xs:1817:28: warning: 'TLSv1_1_method' is deprecated [-Wdeprecated-declarations]
     RETVAL = SSL_CTX_new (TLSv1_1_method());
                           ^
/usr/include/openssl/ssl.h:1870:1: note: 'TLSv1_1_method' has been explicitly marked deprecated here
DEPRECATEDIN_1_1_0(__owur const SSL_METHOD *TLSv1_1_method(void)) /* TLSv1.1 */
^
/usr/include/x86_64-linux-gnu/openssl/opensslconf.h:152:34: note: expanded from macro 'DEPRECATEDIN_1_1_0'
# define DEPRECATEDIN_1_1_0(f)   DECLARE_DEPRECATED(f)
                                 ^
/usr/include/x86_64-linux-gnu/openssl/opensslconf.h:115:55: note: expanded from macro 'DECLARE_DEPRECATED'
#   define DECLARE_DEPRECATED(f)    f __attribute__ ((deprecated));
                                                      ^
SSLeay.xs:1828:28: warning: 'TLSv1_2_method' is deprecated [-Wdeprecated-declarations]
     RETVAL = SSL_CTX_new (TLSv1_2_method());
                           ^
/usr/include/openssl/ssl.h:1876:1: note: 'TLSv1_2_method' has been explicitly marked deprecated here
DEPRECATEDIN_1_1_0(__owur const SSL_METHOD *TLSv1_2_method(void)) /* TLSv1.2 */
^
/usr/include/x86_64-linux-gnu/openssl/opensslconf.h:152:34: note: expanded from macro 'DEPRECATEDIN_1_1_0'
# define DEPRECATEDIN_1_1_0(f)   DECLARE_DEPRECATED(f)
                                 ^
/usr/include/x86_64-linux-gnu/openssl/opensslconf.h:115:55: note: expanded from macro 'DECLARE_DEPRECATED'
#   define DECLARE_DEPRECATED(f)    f __attribute__ ((deprecated));
                                                      ^
SSLeay.xs:2733:14: warning: 'RAND_pseudo_bytes' is deprecated [-Wdeprecated-declarations]
        rc = RAND_pseudo_bytes(random, num);
             ^
/usr/include/openssl/rand.h:44:1: note: 'RAND_pseudo_bytes' has been explicitly marked deprecated here
DEPRECATEDIN_1_1_0(int RAND_pseudo_bytes(unsigned char *buf, int num))
^
/usr/include/x86_64-linux-gnu/openssl/opensslconf.h:152:34: note: expanded from macro 'DEPRECATEDIN_1_1_0'
# define DEPRECATEDIN_1_1_0(f)   DECLARE_DEPRECATED(f)
                                 ^
/usr/include/x86_64-linux-gnu/openssl/opensslconf.h:115:55: note: expanded from macro 'DECLARE_DEPRECATED'
#   define DECLARE_DEPRECATED(f)    f __attribute__ ((deprecated));
                                                      ^
SSLeay.c:6336:11: warning: 'X509_CRL_get_lastUpdate' is deprecated [-Wdeprecated-declarations]
        RETVAL = X509_CRL_get_lastUpdate(x);
                 ^
/usr/include/openssl/x509.h:727:1: note: 'X509_CRL_get_lastUpdate' has been explicitly marked deprecated here
DEPRECATEDIN_1_1_0(ASN1_TIME *X509_CRL_get_lastUpdate(X509_CRL *crl))
^
/usr/include/x86_64-linux-gnu/openssl/opensslconf.h:152:34: note: expanded from macro 'DEPRECATEDIN_1_1_0'
# define DEPRECATEDIN_1_1_0(f)   DECLARE_DEPRECATED(f)
                                 ^
/usr/include/x86_64-linux-gnu/openssl/opensslconf.h:115:55: note: expanded from macro 'DECLARE_DEPRECATED'
#   define DECLARE_DEPRECATED(f)    f __attribute__ ((deprecated));
                                                      ^
SSLeay.c:6355:11: warning: 'X509_CRL_get_nextUpdate' is deprecated [-Wdeprecated-declarations]
        RETVAL = X509_CRL_get_nextUpdate(x);
                 ^
/usr/include/openssl/x509.h:728:1: note: 'X509_CRL_get_nextUpdate' has been explicitly marked deprecated here
DEPRECATEDIN_1_1_0(ASN1_TIME *X509_CRL_get_nextUpdate(X509_CRL *crl))
^
/usr/include/x86_64-linux-gnu/openssl/opensslconf.h:152:34: note: expanded from macro 'DEPRECATEDIN_1_1_0'
# define DEPRECATEDIN_1_1_0(f)   DECLARE_DEPRECATED(f)
                                 ^
/usr/include/x86_64-linux-gnu/openssl/opensslconf.h:115:55: note: expanded from macro 'DECLARE_DEPRECATED'
#   define DECLARE_DEPRECATED(f)    f __attribute__ ((deprecated));
                                                      ^
SSLeay.xs:3436:64: warning: 'ASN1_STRING_data' is deprecated [-Wdeprecated-declarations]
                         PUSHs(sv_2mortal(newSVpv((const char*)ASN1_STRING_data(subjAltNameDN->d.otherName->value->value.utf8string), ASN1_STRING_length(subjAltNameDN->d.otherName->value->value.utf8string))));
                                                               ^
/usr/include/openssl/asn1.h:554:1: note: 'ASN1_STRING_data' has been explicitly marked deprecated here
DEPRECATEDIN_1_1_0(unsigned char *ASN1_STRING_data(ASN1_STRING *x))
^
/usr/include/x86_64-linux-gnu/openssl/opensslconf.h:152:34: note: expanded from macro 'DEPRECATEDIN_1_1_0'
# define DEPRECATEDIN_1_1_0(f)   DECLARE_DEPRECATED(f)
                                 ^
/usr/include/x86_64-linux-gnu/openssl/opensslconf.h:115:55: note: expanded from macro 'DECLARE_DEPRECATED'
#   define DECLARE_DEPRECATED(f)    f __attribute__ ((deprecated));
                                                      ^
SSLeay.xs:3445:64: warning: 'ASN1_STRING_data' is deprecated [-Wdeprecated-declarations]
                         PUSHs(sv_2mortal(newSVpv((const char*)ASN1_STRING_data(subjAltNameDN->d.ia5), ASN1_STRING_length(subjAltNameDN->d.ia5))));
                                                               ^
/usr/include/openssl/asn1.h:554:1: note: 'ASN1_STRING_data' has been explicitly marked deprecated here
DEPRECATEDIN_1_1_0(unsigned char *ASN1_STRING_data(ASN1_STRING *x))
^
/usr/include/x86_64-linux-gnu/openssl/opensslconf.h:152:34: note: expanded from macro 'DEPRECATEDIN_1_1_0'
# define DEPRECATEDIN_1_1_0(f)   DECLARE_DEPRECATED(f)
                                 ^
/usr/include/x86_64-linux-gnu/openssl/opensslconf.h:115:55: note: expanded from macro 'DECLARE_DEPRECATED'
#   define DECLARE_DEPRECATED(f)    f __attribute__ ((deprecated));
                                                      ^
SSLeay.xs:3496:58: warning: 'ASN1_STRING_data' is deprecated [-Wdeprecated-declarations]
                        XPUSHs(sv_2mortal(newSVpv((char*)ASN1_STRING_data(gn->d.ia5),ASN1_STRING_length(gn->d.ia5))));
                                                         ^
/usr/include/openssl/asn1.h:554:1: note: 'ASN1_STRING_data' has been explicitly marked deprecated here
DEPRECATEDIN_1_1_0(unsigned char *ASN1_STRING_data(ASN1_STRING *x))
^
/usr/include/x86_64-linux-gnu/openssl/opensslconf.h:152:34: note: expanded from macro 'DEPRECATEDIN_1_1_0'
# define DEPRECATEDIN_1_1_0(f)   DECLARE_DEPRECATED(f)
                                 ^
/usr/include/x86_64-linux-gnu/openssl/opensslconf.h:115:55: note: expanded from macro 'DECLARE_DEPRECATED'
#   define DECLARE_DEPRECATED(f)    f __attribute__ ((deprecated));
                                                      ^
SSLeay.xs:3538:14: warning: 'ASN1_STRING_data' is deprecated [-Wdeprecated-declarations]
                    (char*)ASN1_STRING_data(ad->location->d.uniformResourceIdentifier),
                           ^
/usr/include/openssl/asn1.h:554:1: note: 'ASN1_STRING_data' has been explicitly marked deprecated here
DEPRECATEDIN_1_1_0(unsigned char *ASN1_STRING_data(ASN1_STRING *x))
^
/usr/include/x86_64-linux-gnu/openssl/opensslconf.h:152:34: note: expanded from macro 'DEPRECATEDIN_1_1_0'
# define DEPRECATEDIN_1_1_0(f)   DECLARE_DEPRECATED(f)
                                 ^
/usr/include/x86_64-linux-gnu/openssl/opensslconf.h:115:55: note: expanded from macro 'DECLARE_DEPRECATED'
#   define DECLARE_DEPRECATED(f)    f __attribute__ ((deprecated));
                                                      ^
SSLeay.xs:3855:35: warning: 'ASN1_STRING_data' is deprecated [-Wdeprecated-declarations]
        u8 = newSVpv((const char*)ASN1_STRING_data(s), ASN1_STRING_length(s));
                                  ^
/usr/include/openssl/asn1.h:554:1: note: 'ASN1_STRING_data' has been explicitly marked deprecated here
DEPRECATEDIN_1_1_0(unsigned char *ASN1_STRING_data(ASN1_STRING *x))
^
/usr/include/x86_64-linux-gnu/openssl/opensslconf.h:152:34: note: expanded from macro 'DEPRECATEDIN_1_1_0'
# define DEPRECATEDIN_1_1_0(f)   DECLARE_DEPRECATED(f)
                                 ^
/usr/include/x86_64-linux-gnu/openssl/opensslconf.h:115:55: note: expanded from macro 'DECLARE_DEPRECATED'
#   define DECLARE_DEPRECATED(f)    f __attribute__ ((deprecated));
                                                      ^
SSLeay.c:9367:11: warning: 'TLSv1_method' is deprecated [-Wdeprecated-declarations]
        RETVAL = TLSv1_method();
                 ^
/usr/include/openssl/ssl.h:1864:1: note: 'TLSv1_method' has been explicitly marked deprecated here
DEPRECATEDIN_1_1_0(__owur const SSL_METHOD *TLSv1_method(void)) /* TLSv1.0 */
^
/usr/include/x86_64-linux-gnu/openssl/opensslconf.h:152:34: note: expanded from macro 'DEPRECATEDIN_1_1_0'
# define DEPRECATEDIN_1_1_0(f)   DECLARE_DEPRECATED(f)
                                 ^
/usr/include/x86_64-linux-gnu/openssl/opensslconf.h:115:55: note: expanded from macro 'DECLARE_DEPRECATED'
#   define DECLARE_DEPRECATED(f)    f __attribute__ ((deprecated));
                                                      ^
SSLeay.c:9384:11: warning: 'TLSv1_server_method' is deprecated [-Wdeprecated-declarations]
        RETVAL = TLSv1_server_method();
                 ^
/usr/include/openssl/ssl.h:1865:1: note: 'TLSv1_server_method' has been explicitly marked deprecated here
DEPRECATEDIN_1_1_0(__owur const SSL_METHOD *TLSv1_server_method(void))
^
/usr/include/x86_64-linux-gnu/openssl/opensslconf.h:152:34: note: expanded from macro 'DEPRECATEDIN_1_1_0'
# define DEPRECATEDIN_1_1_0(f)   DECLARE_DEPRECATED(f)
                                 ^
/usr/include/x86_64-linux-gnu/openssl/opensslconf.h:115:55: note: expanded from macro 'DECLARE_DEPRECATED'
#   define DECLARE_DEPRECATED(f)    f __attribute__ ((deprecated));
                                                      ^
SSLeay.c:9401:11: warning: 'TLSv1_client_method' is deprecated [-Wdeprecated-declarations]
        RETVAL = TLSv1_client_method();
                 ^
/usr/include/openssl/ssl.h:1866:1: note: 'TLSv1_client_method' has been explicitly marked deprecated here
DEPRECATEDIN_1_1_0(__owur const SSL_METHOD *TLSv1_client_method(void))
^
/usr/include/x86_64-linux-gnu/openssl/opensslconf.h:152:34: note: expanded from macro 'DEPRECATEDIN_1_1_0'
# define DEPRECATEDIN_1_1_0(f)   DECLARE_DEPRECATED(f)
                                 ^
/usr/include/x86_64-linux-gnu/openssl/opensslconf.h:115:55: note: expanded from macro 'DECLARE_DEPRECATED'
#   define DECLARE_DEPRECATED(f)    f __attribute__ ((deprecated));
                                                      ^
SSLeay.c:9421:11: warning: 'TLSv1_1_method' is deprecated [-Wdeprecated-declarations]
        RETVAL = TLSv1_1_method();
                 ^
/usr/include/openssl/ssl.h:1870:1: note: 'TLSv1_1_method' has been explicitly marked deprecated here
DEPRECATEDIN_1_1_0(__owur const SSL_METHOD *TLSv1_1_method(void)) /* TLSv1.1 */
^
/usr/include/x86_64-linux-gnu/openssl/opensslconf.h:152:34: note: expanded from macro 'DEPRECATEDIN_1_1_0'
# define DEPRECATEDIN_1_1_0(f)   DECLARE_DEPRECATED(f)
                                 ^
/usr/include/x86_64-linux-gnu/openssl/opensslconf.h:115:55: note: expanded from macro 'DECLARE_DEPRECATED'
#   define DECLARE_DEPRECATED(f)    f __attribute__ ((deprecated));
                                                      ^
SSLeay.c:9438:11: warning: 'TLSv1_1_server_method' is deprecated [-Wdeprecated-declarations]
        RETVAL = TLSv1_1_server_method();
                 ^
/usr/include/openssl/ssl.h:1871:1: note: 'TLSv1_1_server_method' has been explicitly marked deprecated here
DEPRECATEDIN_1_1_0(__owur const SSL_METHOD *TLSv1_1_server_method(void))
^
/usr/include/x86_64-linux-gnu/openssl/opensslconf.h:152:34: note: expanded from macro 'DEPRECATEDIN_1_1_0'
# define DEPRECATEDIN_1_1_0(f)   DECLARE_DEPRECATED(f)
                                 ^
/usr/include/x86_64-linux-gnu/openssl/opensslconf.h:115:55: note: expanded from macro 'DECLARE_DEPRECATED'
#   define DECLARE_DEPRECATED(f)    f __attribute__ ((deprecated));
                                                      ^
SSLeay.c:9455:11: warning: 'TLSv1_1_client_method' is deprecated [-Wdeprecated-declarations]
        RETVAL = TLSv1_1_client_method();
                 ^
/usr/include/openssl/ssl.h:1872:1: note: 'TLSv1_1_client_method' has been explicitly marked deprecated here
DEPRECATEDIN_1_1_0(__owur const SSL_METHOD *TLSv1_1_client_method(void))
^
/usr/include/x86_64-linux-gnu/openssl/opensslconf.h:152:34: note: expanded from macro 'DEPRECATEDIN_1_1_0'
# define DEPRECATEDIN_1_1_0(f)   DECLARE_DEPRECATED(f)
                                 ^
/usr/include/x86_64-linux-gnu/openssl/opensslconf.h:115:55: note: expanded from macro 'DECLARE_DEPRECATED'
#   define DECLARE_DEPRECATED(f)    f __attribute__ ((deprecated));
                                                      ^
SSLeay.c:9476:11: warning: 'TLSv1_2_method' is deprecated [-Wdeprecated-declarations]
        RETVAL = TLSv1_2_method();
                 ^
/usr/include/openssl/ssl.h:1876:1: note: 'TLSv1_2_method' has been explicitly marked deprecated here
DEPRECATEDIN_1_1_0(__owur const SSL_METHOD *TLSv1_2_method(void)) /* TLSv1.2 */
^
/usr/include/x86_64-linux-gnu/openssl/opensslconf.h:152:34: note: expanded from macro 'DEPRECATEDIN_1_1_0'
# define DEPRECATEDIN_1_1_0(f)   DECLARE_DEPRECATED(f)
                                 ^
/usr/include/x86_64-linux-gnu/openssl/opensslconf.h:115:55: note: expanded from macro 'DECLARE_DEPRECATED'
#   define DECLARE_DEPRECATED(f)    f __attribute__ ((deprecated));
                                                      ^
SSLeay.c:9493:11: warning: 'TLSv1_2_server_method' is deprecated [-Wdeprecated-declarations]
        RETVAL = TLSv1_2_server_method();
                 ^
/usr/include/openssl/ssl.h:1877:1: note: 'TLSv1_2_server_method' has been explicitly marked deprecated here
DEPRECATEDIN_1_1_0(__owur const SSL_METHOD *TLSv1_2_server_method(void))
^
/usr/include/x86_64-linux-gnu/openssl/opensslconf.h:152:34: note: expanded from macro 'DEPRECATEDIN_1_1_0'
# define DEPRECATEDIN_1_1_0(f)   DECLARE_DEPRECATED(f)
                                 ^
/usr/include/x86_64-linux-gnu/openssl/opensslconf.h:115:55: note: expanded from macro 'DECLARE_DEPRECATED'
#   define DECLARE_DEPRECATED(f)    f __attribute__ ((deprecated));
                                                      ^
SSLeay.c:9510:11: warning: 'TLSv1_2_client_method' is deprecated [-Wdeprecated-declarations]
        RETVAL = TLSv1_2_client_method();
                 ^
/usr/include/openssl/ssl.h:1878:1: note: 'TLSv1_2_client_method' has been explicitly marked deprecated here
DEPRECATEDIN_1_1_0(__owur const SSL_METHOD *TLSv1_2_client_method(void))
^
/usr/include/x86_64-linux-gnu/openssl/opensslconf.h:152:34: note: expanded from macro 'DEPRECATEDIN_1_1_0'
# define DEPRECATEDIN_1_1_0(f)   DECLARE_DEPRECATED(f)
                                 ^
/usr/include/x86_64-linux-gnu/openssl/opensslconf.h:115:55: note: expanded from macro 'DECLARE_DEPRECATED'
#   define DECLARE_DEPRECATED(f)    f __attribute__ ((deprecated));
                                                      ^
SSLeay.xs:5469:18: warning: 'RSA_generate_key' is deprecated [-Wdeprecated-declarations]
        RETVAL = RSA_generate_key(bits, e, ssleay_RSA_generate_key_cb_invoke, cb);
                 ^
/usr/include/openssl/rsa.h:234:1: note: 'RSA_generate_key' has been explicitly marked deprecated here
DEPRECATEDIN_0_9_8(RSA *RSA_generate_key(int bits, unsigned long e, void
^
/usr/include/x86_64-linux-gnu/openssl/opensslconf.h:164:34: note: expanded from macro 'DEPRECATEDIN_0_9_8'
# define DEPRECATEDIN_0_9_8(f)   DECLARE_DEPRECATED(f)
                                 ^
/usr/include/x86_64-linux-gnu/openssl/opensslconf.h:115:55: note: expanded from macro 'DECLARE_DEPRECATED'
#   define DECLARE_DEPRECATED(f)    f __attribute__ ((deprecated));
                                                      ^
SSLeay.xs:6807:33: warning: passing 'const OCSP_CERTID *' (aka 'const struct ocsp_cert_id_st *') to parameter of type 'OCSP_CERTID *' (aka 'struct ocsp_cert_id_st *') discards qualifiers [-Wincompatible-pointer-types-discards-qualifiers]
                    int len = i2d_OCSP_CERTID(OCSP_SINGLERESP_get0_id(sir),NULL);
                                              ^~~~~~~~~~~~~~~~~~~~~~~~~~~~
/usr/include/openssl/ocsp.h:330:1: note: passing argument to parameter 'a' here
DECLARE_ASN1_FUNCTIONS(OCSP_CERTID)
^
/usr/include/openssl/asn1.h:217:39: note: expanded from macro 'DECLARE_ASN1_FUNCTIONS'
# define DECLARE_ASN1_FUNCTIONS(type) DECLARE_ASN1_FUNCTIONS_name(type, type)
                                      ^
/usr/include/openssl/asn1.h:224:9: note: expanded from macro 'DECLARE_ASN1_FUNCTIONS_name'
        DECLARE_ASN1_ENCODE_FUNCTIONS(type, name, name)
        ^
/usr/include/openssl/asn1.h:232:30: note: expanded from macro 'DECLARE_ASN1_ENCODE_FUNCTIONS'
        int i2d_##name(type *a, unsigned char **out); \
                             ^
SSLeay.xs:6816:23: warning: passing 'const OCSP_CERTID *' (aka 'const struct ocsp_cert_id_st *') to parameter of type 'OCSP_CERTID *' (aka 'struct ocsp_cert_id_st *') discards qualifiers [-Wincompatible-pointer-types-discards-qualifiers]
                    i2d_OCSP_CERTID(OCSP_SINGLERESP_get0_id(sir),&pi);
                                    ^~~~~~~~~~~~~~~~~~~~~~~~~~~~
/usr/include/openssl/ocsp.h:330:1: note: passing argument to parameter 'a' here
DECLARE_ASN1_FUNCTIONS(OCSP_CERTID)
^
/usr/include/openssl/asn1.h:217:39: note: expanded from macro 'DECLARE_ASN1_FUNCTIONS'
# define DECLARE_ASN1_FUNCTIONS(type) DECLARE_ASN1_FUNCTIONS_name(type, type)
                                      ^
/usr/include/openssl/asn1.h:224:9: note: expanded from macro 'DECLARE_ASN1_FUNCTIONS_name'
        DECLARE_ASN1_ENCODE_FUNCTIONS(type, name, name)
        ^
/usr/include/openssl/asn1.h:232:30: note: expanded from macro 'DECLARE_ASN1_ENCODE_FUNCTIONS'
        int i2d_##name(type *a, unsigned char **out); \
                             ^
23 warnings generated.
rm -f blib/arch/auto/Net/SSLeay/SSLeay.so
x86_64-linux-gnu-gcc -g -O2 -fdebug-prefix-map=/<<PKGBUILDDIR>>=. -fstack-protector-strong -Wformat -Werror=format-security -Wl,-z,relro -Wl,-z,now  -shared -L/usr -L/usr/lib -L/usr/local/lib -fstack-protector-strong  SSLeay.o  -o blib/arch/auto/Net/SSLeay/SSLeay.so  \
   -L/usr -L/usr/lib -lssl -lcrypto   \
  
chmod 755 blib/arch/auto/Net/SSLeay/SSLeay.so
Manifying 2 pod documents
make[1]: Leaving directory '/<<PKGBUILDDIR>>'
   dh_auto_test -a
	make -j4 test TEST_VERBOSE=1
make[1]: Entering directory '/<<PKGBUILDDIR>>'
"/usr/bin/perl" "-Iinc" -MExtUtils::Command::MM -e 'cp_nonempty' -- SSLeay.bs blib/arch/auto/Net/SSLeay/SSLeay.bs 644
PERL_DL_NONLAZY=1 "/usr/bin/perl" "-MExtUtils::Command::MM" "-MTest::Harness" "-e" "undef *Test::Harness::Switches; test_harness(1, 'inc', 'blib/lib', 'blib/arch')" t/local/*.t t/handle/local/*.t
#   Failed test 'use Net::SSLeay::Handle;'
#   at t/handle/local/05_use.t line 8.
#     Tried to use 'Net::SSLeay::Handle'.
#     Error:  Can't load '/<<PKGBUILDDIR>>/blib/arch/auto/Net/SSLeay/SSLeay.so' for module Net::SSLeay: /<<PKGBUILDDIR>>/blib/arch/auto/Net/SSLeay/SSLeay.so: undefined symbol: perl_tsa_mutex_unlock at /usr/lib/x86_64-linux-gnu/perl/5.28/DynaLoader.pm line 187.
#   at /<<PKGBUILDDIR>>/blib/lib/Net/SSLeay/Handle.pm line 7.
# Compilation failed in require at /<<PKGBUILDDIR>>/blib/lib/Net/SSLeay/Handle.pm line 7.
# BEGIN failed--compilation aborted at /<<PKGBUILDDIR>>/blib/lib/Net/SSLeay/Handle.pm line 7.
# Compilation failed in require at t/handle/local/05_use.t line 8.
# BEGIN failed--compilation aborted at t/handle/local/05_use.t line 8.
# Looks like you failed 1 test of 1.
t/handle/local/05_use.t ................ 
1..1
not ok 1 - use Net::SSLeay::Handle;
Dubious, test returned 1 (wstat 256, 0x100)
Failed 1/1 subtests 
t/local/01_pod.t ....................... 
1..2
ok 1 - POD test for blib/lib/Net/SSLeay.pm (no pod)
ok 2 - POD test for blib/lib/Net/SSLeay/Handle.pm
ok
t/local/02_pod_coverage.t .............. skipped: these tests are for only for release candidate testing. Enable with RELEASE_TESTING=1
#   Failed test 'use Net::SSLeay;'
#   at t/local/03_use.t line 8.
#     Tried to use 'Net::SSLeay'.
#     Error:  Can't load '/<<PKGBUILDDIR>>/blib/arch/auto/Net/SSLeay/SSLeay.so' for module Net::SSLeay: /<<PKGBUILDDIR>>/blib/arch/auto/Net/SSLeay/SSLeay.so: undefined symbol: perl_tsa_mutex_unlock at /usr/lib/x86_64-linux-gnu/perl/5.28/DynaLoader.pm line 187.
#   at t/local/03_use.t line 8.
# Compilation failed in require at t/local/03_use.t line 8.
# BEGIN failed--compilation aborted at t/local/03_use.t line 8.
# Looks like you failed 1 test of 1.
t/local/03_use.t ....................... 
1..1
not ok 1 - use Net::SSLeay;
Dubious, test returned 1 (wstat 256, 0x100)
Failed 1/1 subtests 
Can't load '/<<PKGBUILDDIR>>/blib/arch/auto/Net/SSLeay/SSLeay.so' for module Net::SSLeay: /<<PKGBUILDDIR>>/blib/arch/auto/Net/SSLeay/SSLeay.so: undefined symbol: perl_tsa_mutex_unlock at /usr/lib/x86_64-linux-gnu/perl/5.28/DynaLoader.pm line 187.
  at t/local/04_basic.t line 6.
Compilation failed in require at t/local/04_basic.t line 6.
BEGIN failed--compilation aborted at t/local/04_basic.t line 6.
# Looks like your test exited with 2 before it could output anything.
t/local/04_basic.t ..................... 
1..14
Dubious, test returned 2 (wstat 512, 0x200)
Failed 14/14 subtests 
Can't load '/<<PKGBUILDDIR>>/blib/arch/auto/Net/SSLeay/SSLeay.so' for module Net::SSLeay: /<<PKGBUILDDIR>>/blib/arch/auto/Net/SSLeay/SSLeay.so: undefined symbol: perl_tsa_mutex_unlock at /usr/lib/x86_64-linux-gnu/perl/5.28/DynaLoader.pm line 187.
  at t/local/05_passwd_cb.t line 7.
Compilation failed in require at t/local/05_passwd_cb.t line 7.
BEGIN failed--compilation aborted at t/local/05_passwd_cb.t line 7.
# Looks like your test exited with 2 before it could output anything.
t/local/05_passwd_cb.t ................. 
1..36
Dubious, test returned 2 (wstat 512, 0x200)
Failed 36/36 subtests 
Can't load '/<<PKGBUILDDIR>>/blib/arch/auto/Net/SSLeay/SSLeay.so' for module Net::SSLeay: /<<PKGBUILDDIR>>/blib/arch/auto/Net/SSLeay/SSLeay.so: undefined symbol: perl_tsa_mutex_unlock at /usr/lib/x86_64-linux-gnu/perl/5.28/DynaLoader.pm line 187.
  at t/local/06_tcpecho.t line 8.
Compilation failed in require at t/local/06_tcpecho.t line 8.
BEGIN failed--compilation aborted at t/local/06_tcpecho.t line 8.
t/local/06_tcpecho.t ................... 
Dubious, test returned 2 (wstat 512, 0x200)
No subtests run 
Can't load '/<<PKGBUILDDIR>>/blib/arch/auto/Net/SSLeay/SSLeay.so' for module Net::SSLeay: /<<PKGBUILDDIR>>/blib/arch/auto/Net/SSLeay/SSLeay.so: undefined symbol: perl_tsa_mutex_unlock at /usr/lib/x86_64-linux-gnu/perl/5.28/DynaLoader.pm line 187.
  at t/local/07_sslecho.t line 9.
Compilation failed in require at t/local/07_sslecho.t line 9.
BEGIN failed--compilation aborted at t/local/07_sslecho.t line 9.
t/local/07_sslecho.t ................... 
Dubious, test returned 2 (wstat 512, 0x200)
No subtests run 
Can't load '/<<PKGBUILDDIR>>/blib/arch/auto/Net/SSLeay/SSLeay.so' for module Net::SSLeay: /<<PKGBUILDDIR>>/blib/arch/auto/Net/SSLeay/SSLeay.so: undefined symbol: perl_tsa_mutex_unlock at /usr/lib/x86_64-linux-gnu/perl/5.28/DynaLoader.pm line 187.
  at t/local/08_pipe.t line 6.
Compilation failed in require at t/local/08_pipe.t line 6.
BEGIN failed--compilation aborted at t/local/08_pipe.t line 6.
t/local/08_pipe.t ...................... 
Dubious, test returned 2 (wstat 512, 0x200)
No subtests run 
Can't load '/<<PKGBUILDDIR>>/blib/arch/auto/Net/SSLeay/SSLeay.so' for module Net::SSLeay: /<<PKGBUILDDIR>>/blib/arch/auto/Net/SSLeay/SSLeay.so: undefined symbol: perl_tsa_mutex_unlock at /usr/lib/x86_64-linux-gnu/perl/5.28/DynaLoader.pm line 187.
  at t/local/09_ctx_new.t line 8.
Compilation failed in require at t/local/09_ctx_new.t line 8.
BEGIN failed--compilation aborted at t/local/09_ctx_new.t line 8.
# Looks like your test exited with 2 before it could output anything.
t/local/09_ctx_new.t ................... 
1..40
Dubious, test returned 2 (wstat 512, 0x200)
Failed 40/40 subtests 
Can't load '/<<PKGBUILDDIR>>/blib/arch/auto/Net/SSLeay/SSLeay.so' for module Net::SSLeay: /<<PKGBUILDDIR>>/blib/arch/auto/Net/SSLeay/SSLeay.so: undefined symbol: perl_tsa_mutex_unlock at /usr/lib/x86_64-linux-gnu/perl/5.28/DynaLoader.pm line 187.
  at t/local/15_bio.t line 6.
Compilation failed in require at t/local/15_bio.t line 6.
BEGIN failed--compilation aborted at t/local/15_bio.t line 6.
# Looks like your test exited with 2 before it could output anything.
t/local/15_bio.t ....................... 
1..7
Dubious, test returned 2 (wstat 512, 0x200)
Failed 7/7 subtests 
Can't load '/<<PKGBUILDDIR>>/blib/arch/auto/Net/SSLeay/SSLeay.so' for module Net::SSLeay: /<<PKGBUILDDIR>>/blib/arch/auto/Net/SSLeay/SSLeay.so: undefined symbol: perl_tsa_mutex_unlock at /usr/lib/x86_64-linux-gnu/perl/5.28/DynaLoader.pm line 187.
  at t/local/20_autoload.t line 7.
Compilation failed in require at t/local/20_autoload.t line 7.
BEGIN failed--compilation aborted at t/local/20_autoload.t line 7.
t/local/20_autoload.t .................. 
Dubious, test returned 2 (wstat 512, 0x200)
No subtests run 
Can't load '/<<PKGBUILDDIR>>/blib/arch/auto/Net/SSLeay/SSLeay.so' for module Net::SSLeay: /<<PKGBUILDDIR>>/blib/arch/auto/Net/SSLeay/SSLeay.so: undefined symbol: perl_tsa_mutex_unlock at /usr/lib/x86_64-linux-gnu/perl/5.28/DynaLoader.pm line 187.
  at t/local/21_constants.t line 7.
Compilation failed in require at t/local/21_constants.t line 7.
BEGIN failed--compilation aborted at t/local/21_constants.t line 7.
t/local/21_constants.t ................. 
Dubious, test returned 2 (wstat 512, 0x200)
No subtests run 
Can't load '/<<PKGBUILDDIR>>/blib/arch/auto/Net/SSLeay/SSLeay.so' for module Net::SSLeay: /<<PKGBUILDDIR>>/blib/arch/auto/Net/SSLeay/SSLeay.so: undefined symbol: perl_tsa_mutex_unlock at /usr/lib/x86_64-linux-gnu/perl/5.28/DynaLoader.pm line 187.
  at t/local/30_error.t line 11.
Compilation failed in require at t/local/30_error.t line 11.
BEGIN failed--compilation aborted at t/local/30_error.t line 11.
t/local/30_error.t ..................... 
Dubious, test returned 2 (wstat 512, 0x200)
No subtests run 
Can't load '/<<PKGBUILDDIR>>/blib/arch/auto/Net/SSLeay/SSLeay.so' for module Net::SSLeay: /<<PKGBUILDDIR>>/blib/arch/auto/Net/SSLeay/SSLeay.so: undefined symbol: perl_tsa_mutex_unlock at /usr/lib/x86_64-linux-gnu/perl/5.28/DynaLoader.pm line 187.
  at t/local/31_rsa_generate_key.t line 6.
Compilation failed in require at t/local/31_rsa_generate_key.t line 6.
BEGIN failed--compilation aborted at t/local/31_rsa_generate_key.t line 6.
t/local/31_rsa_generate_key.t .......... 
Dubious, test returned 2 (wstat 512, 0x200)
No subtests run 
Can't load '/<<PKGBUILDDIR>>/blib/arch/auto/Net/SSLeay/SSLeay.so' for module Net::SSLeay: /<<PKGBUILDDIR>>/blib/arch/auto/Net/SSLeay/SSLeay.so: undefined symbol: perl_tsa_mutex_unlock at /usr/lib/x86_64-linux-gnu/perl/5.28/DynaLoader.pm line 187.
  at t/local/32_x509_get_cert_info.t line 6.
Compilation failed in require at t/local/32_x509_get_cert_info.t line 6.
BEGIN failed--compilation aborted at t/local/32_x509_get_cert_info.t line 6.
# Looks like your test exited with 2 before it could output anything.
t/local/32_x509_get_cert_info.t ........ 
1..1243
Dubious, test returned 2 (wstat 512, 0x200)
Failed 1243/1243 subtests 
Can't load '/<<PKGBUILDDIR>>/blib/arch/auto/Net/SSLeay/SSLeay.so' for module Net::SSLeay: /<<PKGBUILDDIR>>/blib/arch/auto/Net/SSLeay/SSLeay.so: undefined symbol: perl_tsa_mutex_unlock at /usr/lib/x86_64-linux-gnu/perl/5.28/DynaLoader.pm line 187.
  at t/local/33_x509_create_cert.t line 6.
Compilation failed in require at t/local/33_x509_create_cert.t line 6.
BEGIN failed--compilation aborted at t/local/33_x509_create_cert.t line 6.
# Looks like your test exited with 2 before it could output anything.
t/local/33_x509_create_cert.t .......... 
1..123
Dubious, test returned 2 (wstat 512, 0x200)
Failed 123/123 subtests 
Can't load '/<<PKGBUILDDIR>>/blib/arch/auto/Net/SSLeay/SSLeay.so' for module Net::SSLeay: /<<PKGBUILDDIR>>/blib/arch/auto/Net/SSLeay/SSLeay.so: undefined symbol: perl_tsa_mutex_unlock at /usr/lib/x86_64-linux-gnu/perl/5.28/DynaLoader.pm line 187.
  at t/local/34_x509_crl.t line 6.
Compilation failed in require at t/local/34_x509_crl.t line 6.
BEGIN failed--compilation aborted at t/local/34_x509_crl.t line 6.
# Looks like your test exited with 2 before it could output anything.
t/local/34_x509_crl.t .................. 
1..41
Dubious, test returned 2 (wstat 512, 0x200)
Failed 41/41 subtests 
Can't load '/<<PKGBUILDDIR>>/blib/arch/auto/Net/SSLeay/SSLeay.so' for module Net::SSLeay: /<<PKGBUILDDIR>>/blib/arch/auto/Net/SSLeay/SSLeay.so: undefined symbol: perl_tsa_mutex_unlock at /usr/lib/x86_64-linux-gnu/perl/5.28/DynaLoader.pm line 187.
  at t/local/35_ephemeral.t line 6.
Compilation failed in require at t/local/35_ephemeral.t line 6.
BEGIN failed--compilation aborted at t/local/35_ephemeral.t line 6.
t/local/35_ephemeral.t ................. 
Dubious, test returned 2 (wstat 512, 0x200)
No subtests run 
Can't load '/<<PKGBUILDDIR>>/blib/arch/auto/Net/SSLeay/SSLeay.so' for module Net::SSLeay: /<<PKGBUILDDIR>>/blib/arch/auto/Net/SSLeay/SSLeay.so: undefined symbol: perl_tsa_mutex_unlock at /usr/lib/x86_64-linux-gnu/perl/5.28/DynaLoader.pm line 187.
  at t/local/36_verify.t line 9.
Compilation failed in require at t/local/36_verify.t line 9.
BEGIN failed--compilation aborted at t/local/36_verify.t line 9.
# Looks like your test exited with 2 before it could output anything.
t/local/36_verify.t .................... 
1..79
Dubious, test returned 2 (wstat 512, 0x200)
Failed 79/79 subtests 
Can't load '/<<PKGBUILDDIR>>/blib/arch/auto/Net/SSLeay/SSLeay.so' for module Net::SSLeay: /<<PKGBUILDDIR>>/blib/arch/auto/Net/SSLeay/SSLeay.so: undefined symbol: perl_tsa_mutex_unlock at /usr/lib/x86_64-linux-gnu/perl/5.28/DynaLoader.pm line 187.
  at t/local/37_asn1_time.t line 6.
Compilation failed in require at t/local/37_asn1_time.t line 6.
BEGIN failed--compilation aborted at t/local/37_asn1_time.t line 6.
# Looks like your test exited with 2 before it could output anything.
t/local/37_asn1_time.t ................. 
1..10
Dubious, test returned 2 (wstat 512, 0x200)
Failed 10/10 subtests 
Can't load '/<<PKGBUILDDIR>>/blib/arch/auto/Net/SSLeay/SSLeay.so' for module Net::SSLeay: /<<PKGBUILDDIR>>/blib/arch/auto/Net/SSLeay/SSLeay.so: undefined symbol: perl_tsa_mutex_unlock at /usr/lib/x86_64-linux-gnu/perl/5.28/DynaLoader.pm line 187.
  at t/local/38_priv-key.t line 6.
Compilation failed in require at t/local/38_priv-key.t line 6.
BEGIN failed--compilation aborted at t/local/38_priv-key.t line 6.
# Looks like your test exited with 2 before it could output anything.
t/local/38_priv-key.t .................. 
1..10
Dubious, test returned 2 (wstat 512, 0x200)
Failed 10/10 subtests 
Can't load '/<<PKGBUILDDIR>>/blib/arch/auto/Net/SSLeay/SSLeay.so' for module Net::SSLeay: /<<PKGBUILDDIR>>/blib/arch/auto/Net/SSLeay/SSLeay.so: undefined symbol: perl_tsa_mutex_unlock at /usr/lib/x86_64-linux-gnu/perl/5.28/DynaLoader.pm line 187.
  at t/local/39_pkcs12.t line 6.
Compilation failed in require at t/local/39_pkcs12.t line 6.
BEGIN failed--compilation aborted at t/local/39_pkcs12.t line 6.
# Looks like your test exited with 2 before it could output anything.
t/local/39_pkcs12.t .................... 
1..19
Dubious, test returned 2 (wstat 512, 0x200)
Failed 19/19 subtests 
Can't load '/<<PKGBUILDDIR>>/blib/arch/auto/Net/SSLeay/SSLeay.so' for module Net::SSLeay: /<<PKGBUILDDIR>>/blib/arch/auto/Net/SSLeay/SSLeay.so: undefined symbol: perl_tsa_mutex_unlock at /usr/lib/x86_64-linux-gnu/perl/5.28/DynaLoader.pm line 187.
  at t/local/40_npn_support.t line 9.
Compilation failed in require at t/local/40_npn_support.t line 9.
BEGIN failed--compilation aborted at t/local/40_npn_support.t line 9.
t/local/40_npn_support.t ............... 
Dubious, test returned 2 (wstat 512, 0x200)
No subtests run 
Can't load '/<<PKGBUILDDIR>>/blib/arch/auto/Net/SSLeay/SSLeay.so' for module Net::SSLeay: /<<PKGBUILDDIR>>/blib/arch/auto/Net/SSLeay/SSLeay.so: undefined symbol: perl_tsa_mutex_unlock at /usr/lib/x86_64-linux-gnu/perl/5.28/DynaLoader.pm line 187.
  at t/local/41_alpn_support.t line 9.
Compilation failed in require at t/local/41_alpn_support.t line 9.
BEGIN failed--compilation aborted at t/local/41_alpn_support.t line 9.
t/local/41_alpn_support.t .............. 
Dubious, test returned 2 (wstat 512, 0x200)
No subtests run 
Can't load '/<<PKGBUILDDIR>>/blib/arch/auto/Net/SSLeay/SSLeay.so' for module Net::SSLeay: /<<PKGBUILDDIR>>/blib/arch/auto/Net/SSLeay/SSLeay.so: undefined symbol: perl_tsa_mutex_unlock at /usr/lib/x86_64-linux-gnu/perl/5.28/DynaLoader.pm line 187.
  at t/local/42_info_callback.t line 8.
Compilation failed in require at t/local/42_info_callback.t line 8.
BEGIN failed--compilation aborted at t/local/42_info_callback.t line 8.
t/local/42_info_callback.t ............. 
Dubious, test returned 2 (wstat 512, 0x200)
No subtests run 
Can't load '/<<PKGBUILDDIR>>/blib/arch/auto/Net/SSLeay/SSLeay.so' for module Net::SSLeay: /<<PKGBUILDDIR>>/blib/arch/auto/Net/SSLeay/SSLeay.so: undefined symbol: perl_tsa_mutex_unlock at /usr/lib/x86_64-linux-gnu/perl/5.28/DynaLoader.pm line 187.
  at t/local/50_digest.t line 7.
Compilation failed in require at t/local/50_digest.t line 7.
BEGIN failed--compilation aborted at t/local/50_digest.t line 7.
# Looks like your test exited with 2 before it could output anything.
t/local/50_digest.t .................... 
1..230
Dubious, test returned 2 (wstat 512, 0x200)
Failed 230/230 subtests 
Can't load '/<<PKGBUILDDIR>>/blib/arch/auto/Net/SSLeay/SSLeay.so' for module Net::SSLeay: /<<PKGBUILDDIR>>/blib/arch/auto/Net/SSLeay/SSLeay.so: undefined symbol: perl_tsa_mutex_unlock at /usr/lib/x86_64-linux-gnu/perl/5.28/DynaLoader.pm line 187.
  at t/local/61_threads-cb-crash.t line 19.
Compilation failed in require at t/local/61_threads-cb-crash.t line 19.
BEGIN failed--compilation aborted at t/local/61_threads-cb-crash.t line 19.
t/local/61_threads-cb-crash.t .......... 
Dubious, test returned 2 (wstat 512, 0x200)
No subtests run 
Can't load '/<<PKGBUILDDIR>>/blib/arch/auto/Net/SSLeay/SSLeay.so' for module Net::SSLeay: /<<PKGBUILDDIR>>/blib/arch/auto/Net/SSLeay/SSLeay.so: undefined symbol: perl_tsa_mutex_unlock at /usr/lib/x86_64-linux-gnu/perl/5.28/DynaLoader.pm line 187.
  at t/local/62_threads-ctx_new-deadlock.t line 17.
Compilation failed in require at t/local/62_threads-ctx_new-deadlock.t line 17.
BEGIN failed--compilation aborted at t/local/62_threads-ctx_new-deadlock.t line 17.
t/local/62_threads-ctx_new-deadlock.t .. 
Dubious, test returned 2 (wstat 512, 0x200)
No subtests run 
Can't load '/<<PKGBUILDDIR>>/blib/arch/auto/Net/SSLeay/SSLeay.so' for module Net::SSLeay: /<<PKGBUILDDIR>>/blib/arch/auto/Net/SSLeay/SSLeay.so: undefined symbol: perl_tsa_mutex_unlock at /usr/lib/x86_64-linux-gnu/perl/5.28/DynaLoader.pm line 187.
  at t/local/63_ec_key_generate_key.t line 6.
Compilation failed in require at t/local/63_ec_key_generate_key.t line 6.
BEGIN failed--compilation aborted at t/local/63_ec_key_generate_key.t line 6.
t/local/63_ec_key_generate_key.t ....... 
Dubious, test returned 2 (wstat 512, 0x200)
No subtests run 
Can't load '/<<PKGBUILDDIR>>/blib/arch/auto/Net/SSLeay/SSLeay.so' for module Net::SSLeay: /<<PKGBUILDDIR>>/blib/arch/auto/Net/SSLeay/SSLeay.so: undefined symbol: perl_tsa_mutex_unlock at /usr/lib/x86_64-linux-gnu/perl/5.28/DynaLoader.pm line 187.
  at t/local/64_ticket_sharing.t line 8.
Compilation failed in require at t/local/64_ticket_sharing.t line 8.
BEGIN failed--compilation aborted at t/local/64_ticket_sharing.t line 8.
t/local/64_ticket_sharing.t ............ 
Dubious, test returned 2 (wstat 512, 0x200)
No subtests run 
Can't load '/<<PKGBUILDDIR>>/blib/arch/auto/Net/SSLeay/SSLeay.so' for module Net::SSLeay: /<<PKGBUILDDIR>>/blib/arch/auto/Net/SSLeay/SSLeay.so: undefined symbol: perl_tsa_mutex_unlock at /usr/lib/x86_64-linux-gnu/perl/5.28/DynaLoader.pm line 187.
  at t/local/65_security_level.t line 6.
Compilation failed in require at t/local/65_security_level.t line 6.
BEGIN failed--compilation aborted at t/local/65_security_level.t line 6.
t/local/65_security_level.t ............ 
Dubious, test returned 2 (wstat 512, 0x200)
No subtests run 
t/local/kwalitee.t ..................... skipped: these tests are for only for release candidate testing. Enable with RELEASE_TESTING=1

Test Summary Report
-------------------
t/handle/local/05_use.t              (Wstat: 256 Tests: 1 Failed: 1)
  Failed test:  1
  Non-zero exit status: 1
t/local/03_use.t                     (Wstat: 256 Tests: 1 Failed: 1)
  Failed test:  1
  Non-zero exit status: 1
t/local/04_basic.t                   (Wstat: 512 Tests: 0 Failed: 0)
  Non-zero exit status: 2
  Parse errors: Bad plan.  You planned 14 tests but ran 0.
t/local/05_passwd_cb.t               (Wstat: 512 Tests: 0 Failed: 0)
  Non-zero exit status: 2
  Parse errors: Bad plan.  You planned 36 tests but ran 0.
t/local/06_tcpecho.t                 (Wstat: 512 Tests: 0 Failed: 0)
  Non-zero exit status: 2
  Parse errors: No plan found in TAP output
t/local/07_sslecho.t                 (Wstat: 512 Tests: 0 Failed: 0)
  Non-zero exit status: 2
  Parse errors: No plan found in TAP output
t/local/08_pipe.t                    (Wstat: 512 Tests: 0 Failed: 0)
  Non-zero exit status: 2
  Parse errors: No plan found in TAP output
t/local/09_ctx_new.t                 (Wstat: 512 Tests: 0 Failed: 0)
  Non-zero exit status: 2
  Parse errors: Bad plan.  You planned 40 tests but ran 0.
t/local/15_bio.t                     (Wstat: 512 Tests: 0 Failed: 0)
  Non-zero exit status: 2
  Parse errors: Bad plan.  You planned 7 tests but ran 0.
t/local/20_autoload.t                (Wstat: 512 Tests: 0 Failed: 0)
  Non-zero exit status: 2
  Parse errors: No plan found in TAP output
t/local/21_constants.t               (Wstat: 512 Tests: 0 Failed: 0)
  Non-zero exit status: 2
  Parse errors: No plan found in TAP output
t/local/30_error.t                   (Wstat: 512 Tests: 0 Failed: 0)
  Non-zero exit status: 2
  Parse errors: No plan found in TAP output
t/local/31_rsa_generate_key.t        (Wstat: 512 Tests: 0 Failed: 0)
  Non-zero exit status: 2
  Parse errors: No plan found in TAP output
t/local/32_x509_get_cert_info.t      (Wstat: 512 Tests: 0 Failed: 0)
  Non-zero exit status: 2
  Parse errors: Bad plan.  You planned 1243 tests but ran 0.
t/local/33_x509_create_cert.t        (Wstat: 512 Tests: 0 Failed: 0)
  Non-zero exit status: 2
  Parse errors: Bad plan.  You planned 123 tests but ran 0.
t/local/34_x509_crl.t                (Wstat: 512 Tests: 0 Failed: 0)
  Non-zero exit status: 2
  Parse errors: Bad plan.  You planned 41 tests but ran 0.
t/local/35_ephemeral.t               (Wstat: 512 Tests: 0 Failed: 0)
  Non-zero exit status: 2
  Parse errors: No plan found in TAP output
t/local/36_verify.t                  (Wstat: 512 Tests: 0 Failed: 0)
  Non-zero exit status: 2
  Parse errors: Bad plan.  You planned 79 tests but ran 0.
t/local/37_asn1_time.t               (Wstat: 512 Tests: 0 Failed: 0)
  Non-zero exit status: 2
  Parse errors: Bad plan.  You planned 10 tests but ran 0.
t/local/38_priv-key.t                (Wstat: 512 Tests: 0 Failed: 0)
  Non-zero exit status: 2
  Parse errors: Bad plan.  You planned 10 tests but ran 0.
t/local/39_pkcs12.t                  (Wstat: 512 Tests: 0 Failed: 0)
  Non-zero exit status: 2
  Parse errors: Bad plan.  You planned 19 tests but ran 0.
t/local/40_npn_support.t             (Wstat: 512 Tests: 0 Failed: 0)
  Non-zero exit status: 2
  Parse errors: No plan found in TAP output
t/local/41_alpn_support.t            (Wstat: 512 Tests: 0 Failed: 0)
  Non-zero exit status: 2
  Parse errors: No plan found in TAP output
t/local/42_info_callback.t           (Wstat: 512 Tests: 0 Failed: 0)
  Non-zero exit status: 2
  Parse errors: No plan found in TAP output
t/local/50_digest.t                  (Wstat: 512 Tests: 0 Failed: 0)
  Non-zero exit status: 2
  Parse errors: Bad plan.  You planned 230 tests but ran 0.
t/local/61_threads-cb-crash.t        (Wstat: 512 Tests: 0 Failed: 0)
  Non-zero exit status: 2
  Parse errors: No plan found in TAP output
t/local/62_threads-ctx_new-deadlock.t (Wstat: 512 Tests: 0 Failed: 0)
  Non-zero exit status: 2
  Parse errors: No plan found in TAP output
t/local/63_ec_key_generate_key.t     (Wstat: 512 Tests: 0 Failed: 0)
  Non-zero exit status: 2
  Parse errors: No plan found in TAP output
t/local/64_ticket_sharing.t          (Wstat: 512 Tests: 0 Failed: 0)
  Non-zero exit status: 2
  Parse errors: No plan found in TAP output
t/local/65_security_level.t          (Wstat: 512 Tests: 0 Failed: 0)
  Non-zero exit status: 2
  Parse errors: No plan found in TAP output
Files=33, Tests=4,  2 wallclock secs ( 0.05 usr  0.03 sys +  1.34 cusr  0.19 csys =  1.61 CPU)
Result: FAIL
Failed 30/33 test programs. 2/4 subtests failed.
make[1]: *** [Makefile:963: test_dynamic] Error 255
make[1]: Leaving directory '/<<PKGBUILDDIR>>'
dh_auto_test: make -j4 test TEST_VERBOSE=1 returned exit code 2
make: *** [debian/rules:6: build-arch] Error 2
dpkg-buildpackage: error: debian/rules build-arch subprocess returned exit status 2
--------------------------------------------------------------------------------
Build finished at 2019-01-09T22:29:50Z

Finished
--------


+------------------------------------------------------------------------------+
| Cleanup                                                                      |
+------------------------------------------------------------------------------+

Purging /<<BUILDDIR>>
Not cleaning session: cloned chroot in use
E: Build failure (dpkg-buildpackage died)

+------------------------------------------------------------------------------+
| Summary                                                                      |
+------------------------------------------------------------------------------+

Build Architecture: amd64
Build Type: any
Build-Space: 9380
Build-Time: 9
Distribution: unstable
Fail-Stage: build
Host Architecture: amd64
Install-Time: 8
Job: libnet-ssleay-perl_1.85-2
Machine Architecture: amd64
Package: libnet-ssleay-perl
Package-Time: 32
Source-Version: 1.85-2
Space: 9380
Status: attempted
Version: 1.85-2
--------------------------------------------------------------------------------
Finished at 2019-01-09T22:29:50Z
Build needed 00:00:32, 9380k disk space
E: Build failure (dpkg-buildpackage died)
DC-Status: Failed 31.95797622s
