DC-Build-Header: tagcoll2 2.0.14-2 / 2019-01-09 22:00:57 +0000
DC-Task: type:rebuild-binarch-only source:tagcoll2 version:2.0.14-2 chroot:unstable esttime:131 logfile:/tmp/tagcoll2_2.0.14-2_unstable_clang8.log modes:clang8:binarch-only
DC-Sbuild-call: su user42 -c 'sbuild -n --arch-any --apt-update -d unstable -v  --chroot-setup-commands=/tmp/clang8 tagcoll2_2.0.14-2'
sbuild (Debian sbuild) 0.73.0 (23 Dec 2016) on ip-172-31-14-82.eu-central-1.compute.internal

+==============================================================================+
| tagcoll2 2.0.14-2 (amd64)                    Wed, 09 Jan 2019 22:00:57 +0000 |
+==============================================================================+

Package: tagcoll2
Version: 2.0.14-2
Source Version: 2.0.14-2
Distribution: unstable
Machine Architecture: amd64
Host Architecture: amd64
Build Architecture: amd64
Build Type: any

I: NOTICE: Log filtering will replace 'var/run/schroot/mount/sid-amd64-sbuild-6122d35d-0209-4555-b764-c63d8fc798cf' with '<<CHROOT>>'

+------------------------------------------------------------------------------+
| Chroot Setup Commands                                                        |
+------------------------------------------------------------------------------+


/tmp/clang8
-----------

+ echo 'Entering customization script...'
Entering customization script...
+ CLANG_VERSION=8
+ echo 'Install of clang-8'
Install of clang-8
+ echo deb http://127.0.0.1:9999/debian experimental main
+ apt-get update
Get:1 http://127.0.0.1:9999/debian sid InRelease [238 kB]
Get:2 http://127.0.0.1:9999/debian experimental InRelease [101 kB]
Get:3 http://127.0.0.1:9999/debian sid/main Sources.diff/Index [27.9 kB]
Get:4 http://127.0.0.1:9999/debian sid/main amd64 Packages.diff/Index [27.9 kB]
Get:5 http://127.0.0.1:9999/debian sid/main Sources 2019-01-09-1430.36.pdiff [24.1 kB]
Get:6 http://127.0.0.1:9999/debian sid/main Sources 2019-01-09-2026.40.pdiff [16.8 kB]
Get:7 http://127.0.0.1:9999/debian sid/main amd64 Packages 2019-01-09-1430.36.pdiff [40.9 kB]
Get:8 http://127.0.0.1:9999/debian sid/main amd64 Packages 2019-01-09-2026.40.pdiff [32.0 kB]
Get:6 http://127.0.0.1:9999/debian sid/main Sources 2019-01-09-2026.40.pdiff [16.8 kB]
Get:8 http://127.0.0.1:9999/debian sid/main amd64 Packages 2019-01-09-2026.40.pdiff [32.0 kB]
Get:9 http://127.0.0.1:9999/debian sid/main Translation-en [6274 kB]
Get:10 http://127.0.0.1:9999/debian experimental/main amd64 Packages [248 kB]
Get:11 http://127.0.0.1:9999/debian experimental/main Translation-en [173 kB]
Fetched 7204 kB in 2s (3593 kB/s)
Reading package lists...
+ apt-get install --yes --no-install-recommends --force-yes clang-8 libomp-8-dev libobjc-8-dev
Reading package lists...
Building dependency tree...
The following additional packages will be installed:
  lib32gcc1 lib32stdc++6 libbsd0 libc6-i386 libclang-common-8-dev libclang1-8
  libedit2 libgc1c2 libllvm8 libobjc4 libomp5-8
Suggested packages:
  clang-8-doc libomp-8-doc
Recommended packages:
  llvm-8-dev python
The following NEW packages will be installed:
  clang-8 lib32gcc1 lib32stdc++6 libbsd0 libc6-i386 libclang-common-8-dev
  libclang1-8 libedit2 libgc1c2 libllvm8 libobjc-8-dev libobjc4 libomp-8-dev
  libomp5-8
0 upgraded, 14 newly installed, 0 to remove and 5 not upgraded.
Need to get 35.8 MB of archives.
After this operation, 191 MB of additional disk space will be used.
Get:1 http://127.0.0.1:9999/debian sid/main amd64 libbsd0 amd64 0.9.1-1 [99.3 kB]
Get:2 http://127.0.0.1:9999/debian sid/main amd64 libedit2 amd64 3.1-20181209-1 [94.0 kB]
Get:3 http://127.0.0.1:9999/debian experimental/main amd64 libllvm8 amd64 1:8~svn350193-1~exp1 [13.8 MB]
Get:4 http://127.0.0.1:9999/debian sid/main amd64 libgc1c2 amd64 1:7.6.4-0.4 [224 kB]
Get:5 http://127.0.0.1:9999/debian sid/main amd64 libobjc4 amd64 8.2.0-14 [50.4 kB]
Get:6 http://127.0.0.1:9999/debian sid/main amd64 libobjc-8-dev amd64 8.2.0-14 [225 kB]
Get:7 http://127.0.0.1:9999/debian sid/main amd64 libc6-i386 amd64 2.28-4 [2873 kB]
Get:8 http://127.0.0.1:9999/debian sid/main amd64 lib32gcc1 amd64 1:8.2.0-14 [47.9 kB]
Get:9 http://127.0.0.1:9999/debian sid/main amd64 lib32stdc++6 amd64 8.2.0-14 [406 kB]
Get:10 http://127.0.0.1:9999/debian experimental/main amd64 libclang-common-8-dev amd64 1:8~svn350193-1~exp1 [3350 kB]
Get:11 http://127.0.0.1:9999/debian experimental/main amd64 libclang1-8 amd64 1:8~svn350193-1~exp1 [6255 kB]
Get:12 http://127.0.0.1:9999/debian experimental/main amd64 clang-8 amd64 1:8~svn350193-1~exp1 [8025 kB]
Get:13 http://127.0.0.1:9999/debian experimental/main amd64 libomp5-8 amd64 1:8~svn350193-1~exp1 [328 kB]
Get:14 http://127.0.0.1:9999/debian experimental/main amd64 libomp-8-dev amd64 1:8~svn350193-1~exp1 [58.5 kB]
debconf: delaying package configuration, since apt-utils is not installed
Fetched 35.8 MB in 0s (118 MB/s)
Selecting previously unselected package libbsd0:amd64.
(Reading database ... (Reading database ... 5%(Reading database ... 10%(Reading database ... 15%(Reading database ... 20%(Reading database ... 25%(Reading database ... 30%(Reading database ... 35%(Reading database ... 40%(Reading database ... 45%(Reading database ... 50%(Reading database ... 55%(Reading database ... 60%(Reading database ... 65%(Reading database ... 70%(Reading database ... 75%(Reading database ... 80%(Reading database ... 85%(Reading database ... 90%(Reading database ... 95%(Reading database ... 100%(Reading database ... 11802 files and directories currently installed.)
Preparing to unpack .../00-libbsd0_0.9.1-1_amd64.deb ...
Unpacking libbsd0:amd64 (0.9.1-1) ...
Selecting previously unselected package libedit2:amd64.
Preparing to unpack .../01-libedit2_3.1-20181209-1_amd64.deb ...
Unpacking libedit2:amd64 (3.1-20181209-1) ...
Selecting previously unselected package libllvm8:amd64.
Preparing to unpack .../02-libllvm8_1%3a8~svn350193-1~exp1_amd64.deb ...
Unpacking libllvm8:amd64 (1:8~svn350193-1~exp1) ...
Selecting previously unselected package libgc1c2:amd64.
Preparing to unpack .../03-libgc1c2_1%3a7.6.4-0.4_amd64.deb ...
Unpacking libgc1c2:amd64 (1:7.6.4-0.4) ...
Selecting previously unselected package libobjc4:amd64.
Preparing to unpack .../04-libobjc4_8.2.0-14_amd64.deb ...
Unpacking libobjc4:amd64 (8.2.0-14) ...
Selecting previously unselected package libobjc-8-dev:amd64.
Preparing to unpack .../05-libobjc-8-dev_8.2.0-14_amd64.deb ...
Unpacking libobjc-8-dev:amd64 (8.2.0-14) ...
Selecting previously unselected package libc6-i386.
Preparing to unpack .../06-libc6-i386_2.28-4_amd64.deb ...
Unpacking libc6-i386 (2.28-4) ...
Selecting previously unselected package lib32gcc1.
Preparing to unpack .../07-lib32gcc1_1%3a8.2.0-14_amd64.deb ...
Unpacking lib32gcc1 (1:8.2.0-14) ...
Selecting previously unselected package lib32stdc++6.
Preparing to unpack .../08-lib32stdc++6_8.2.0-14_amd64.deb ...
Unpacking lib32stdc++6 (8.2.0-14) ...
Selecting previously unselected package libclang-common-8-dev.
Preparing to unpack .../09-libclang-common-8-dev_1%3a8~svn350193-1~exp1_amd64.deb ...
Unpacking libclang-common-8-dev (1:8~svn350193-1~exp1) ...
Selecting previously unselected package libclang1-8:amd64.
Preparing to unpack .../10-libclang1-8_1%3a8~svn350193-1~exp1_amd64.deb ...
Unpacking libclang1-8:amd64 (1:8~svn350193-1~exp1) ...
Selecting previously unselected package clang-8.
Preparing to unpack .../11-clang-8_1%3a8~svn350193-1~exp1_amd64.deb ...
Unpacking clang-8 (1:8~svn350193-1~exp1) ...
Selecting previously unselected package libomp5-8:amd64.
Preparing to unpack .../12-libomp5-8_1%3a8~svn350193-1~exp1_amd64.deb ...
Unpacking libomp5-8:amd64 (1:8~svn350193-1~exp1) ...
Selecting previously unselected package libomp-8-dev.
Preparing to unpack .../13-libomp-8-dev_1%3a8~svn350193-1~exp1_amd64.deb ...
Unpacking libomp-8-dev (1:8~svn350193-1~exp1) ...
Setting up libomp5-8:amd64 (1:8~svn350193-1~exp1) ...
Setting up libgc1c2:amd64 (1:7.6.4-0.4) ...
Setting up libc6-i386 (2.28-4) ...
Setting up libbsd0:amd64 (0.9.1-1) ...
Setting up libomp-8-dev (1:8~svn350193-1~exp1) ...
Processing triggers for libc-bin (2.28-4) ...
Setting up lib32gcc1 (1:8.2.0-14) ...
Setting up libedit2:amd64 (3.1-20181209-1) ...
Setting up libobjc4:amd64 (8.2.0-14) ...
Setting up libobjc-8-dev:amd64 (8.2.0-14) ...
Setting up libllvm8:amd64 (1:8~svn350193-1~exp1) ...
Setting up libclang1-8:amd64 (1:8~svn350193-1~exp1) ...
Setting up lib32stdc++6 (8.2.0-14) ...
Setting up libclang-common-8-dev (1:8~svn350193-1~exp1) ...
Setting up clang-8 (1:8~svn350193-1~exp1) ...
Processing triggers for libc-bin (2.28-4) ...
W: --force-yes is deprecated, use one of the options starting with --allow instead.
+ echo 'Replace gcc, g++ & cpp by clang'
Replace gcc, g++ & cpp by clang
+ VERSIONS='4.6 4.7 4.8 4.9 5 6 7 8'
+ cd /usr/bin
+ for VERSION in $VERSIONS
+ rm -f g++-4.6 gcc-4.6 cpp-4.6 gcc
+ ln -s clang++-8 g++-4.6
+ ln -s clang-8 gcc-4.6
+ ln -s clang-8 cpp-4.6
+ ln -s clang-8 gcc
+ echo 'gcc-4.6 hold'
+ dpkg --set-selections
dpkg: warning: package not in status nor available database at line 1: gcc-4.6
dpkg: warning: found unknown packages; this might mean the available database
is outdated, and needs to be updated through a frontend method;
please see the FAQ <https://wiki.debian.org/Teams/Dpkg/FAQ>
+ echo 'g++-4.6 hold'
+ dpkg --set-selections
dpkg: warning: package not in status nor available database at line 1: g++-4.6
dpkg: warning: found unknown packages; this might mean the available database
is outdated, and needs to be updated through a frontend method;
please see the FAQ <https://wiki.debian.org/Teams/Dpkg/FAQ>
+ for VERSION in $VERSIONS
+ rm -f g++-4.7 gcc-4.7 cpp-4.7 gcc
+ ln -s clang++-8 g++-4.7
+ ln -s clang-8 gcc-4.7
+ ln -s clang-8 cpp-4.7
+ ln -s clang-8 gcc
+ echo 'gcc-4.7 hold'
+ dpkg --set-selections
dpkg: warning: package not in status nor available database at line 1: gcc-4.7
dpkg: warning: found unknown packages; this might mean the available database
is outdated, and needs to be updated through a frontend method;
please see the FAQ <https://wiki.debian.org/Teams/Dpkg/FAQ>
+ echo 'g++-4.7 hold'
+ dpkg --set-selections
dpkg: warning: package not in status nor available database at line 1: g++-4.7
dpkg: warning: found unknown packages; this might mean the available database
is outdated, and needs to be updated through a frontend method;
please see the FAQ <https://wiki.debian.org/Teams/Dpkg/FAQ>
+ for VERSION in $VERSIONS
+ rm -f g++-4.8 gcc-4.8 cpp-4.8 gcc
+ ln -s clang++-8 g++-4.8
+ ln -s clang-8 gcc-4.8
+ ln -s clang-8 cpp-4.8
+ ln -s clang-8 gcc
+ echo 'gcc-4.8 hold'
+ dpkg --set-selections
dpkg: warning: package not in status nor available database at line 1: gcc-4.8
dpkg: warning: found unknown packages; this might mean the available database
is outdated, and needs to be updated through a frontend method;
please see the FAQ <https://wiki.debian.org/Teams/Dpkg/FAQ>
+ echo 'g++-4.8 hold'
+ dpkg --set-selections
dpkg: warning: package not in status nor available database at line 1: g++-4.8
dpkg: warning: found unknown packages; this might mean the available database
is outdated, and needs to be updated through a frontend method;
please see the FAQ <https://wiki.debian.org/Teams/Dpkg/FAQ>
+ for VERSION in $VERSIONS
+ rm -f g++-4.9 gcc-4.9 cpp-4.9 gcc
+ ln -s clang++-8 g++-4.9
+ ln -s clang-8 gcc-4.9
+ ln -s clang-8 cpp-4.9
+ ln -s clang-8 gcc
+ echo 'gcc-4.9 hold'
+ dpkg --set-selections
dpkg: warning: package not in status nor available database at line 1: gcc-4.9
dpkg: warning: found unknown packages; this might mean the available database
is outdated, and needs to be updated through a frontend method;
please see the FAQ <https://wiki.debian.org/Teams/Dpkg/FAQ>
+ echo 'g++-4.9 hold'
+ dpkg --set-selections
dpkg: warning: package not in status nor available database at line 1: g++-4.9
dpkg: warning: found unknown packages; this might mean the available database
is outdated, and needs to be updated through a frontend method;
please see the FAQ <https://wiki.debian.org/Teams/Dpkg/FAQ>
+ for VERSION in $VERSIONS
+ rm -f g++-5 gcc-5 cpp-5 gcc
+ ln -s clang++-8 g++-5
+ ln -s clang-8 gcc-5
+ ln -s clang-8 cpp-5
+ ln -s clang-8 gcc
+ echo 'gcc-5 hold'
+ dpkg --set-selections
dpkg: warning: package not in status nor available database at line 1: gcc-5
dpkg: warning: found unknown packages; this might mean the available database
is outdated, and needs to be updated through a frontend method;
please see the FAQ <https://wiki.debian.org/Teams/Dpkg/FAQ>
+ echo 'g++-5 hold'
+ dpkg --set-selections
dpkg: warning: package not in status nor available database at line 1: g++-5
dpkg: warning: found unknown packages; this might mean the available database
is outdated, and needs to be updated through a frontend method;
please see the FAQ <https://wiki.debian.org/Teams/Dpkg/FAQ>
+ for VERSION in $VERSIONS
+ rm -f g++-6 gcc-6 cpp-6 gcc
+ ln -s clang++-8 g++-6
+ ln -s clang-8 gcc-6
+ ln -s clang-8 cpp-6
+ ln -s clang-8 gcc
+ echo 'gcc-6 hold'
+ dpkg --set-selections
dpkg: warning: package not in status nor available database at line 1: gcc-6
dpkg: warning: found unknown packages; this might mean the available database
is outdated, and needs to be updated through a frontend method;
please see the FAQ <https://wiki.debian.org/Teams/Dpkg/FAQ>
+ echo 'g++-6 hold'
+ dpkg --set-selections
dpkg: warning: package not in status nor available database at line 1: g++-6
dpkg: warning: found unknown packages; this might mean the available database
is outdated, and needs to be updated through a frontend method;
please see the FAQ <https://wiki.debian.org/Teams/Dpkg/FAQ>
+ for VERSION in $VERSIONS
+ rm -f g++-7 gcc-7 cpp-7 gcc
+ ln -s clang++-8 g++-7
+ ln -s clang-8 gcc-7
+ ln -s clang-8 cpp-7
+ ln -s clang-8 gcc
+ echo 'gcc-7 hold'
+ dpkg --set-selections
dpkg: warning: package not in status nor available database at line 1: gcc-7
dpkg: warning: found unknown packages; this might mean the available database
is outdated, and needs to be updated through a frontend method;
please see the FAQ <https://wiki.debian.org/Teams/Dpkg/FAQ>
+ echo 'g++-7 hold'
+ dpkg --set-selections
dpkg: warning: package not in status nor available database at line 1: g++-7
dpkg: warning: found unknown packages; this might mean the available database
is outdated, and needs to be updated through a frontend method;
please see the FAQ <https://wiki.debian.org/Teams/Dpkg/FAQ>
+ for VERSION in $VERSIONS
+ rm -f g++-8 gcc-8 cpp-8 gcc
+ ln -s clang++-8 g++-8
+ ln -s clang-8 gcc-8
+ ln -s clang-8 cpp-8
+ ln -s clang-8 gcc
+ echo 'gcc-8 hold'
+ dpkg --set-selections
+ echo 'g++-8 hold'
+ dpkg --set-selections
+ cd -
/build/tagcoll2-ceo5Cy
+ echo 'Check if gcc, g++ & cpp are actually clang'
Check if gcc, g++ & cpp are actually clang
+ gcc --version
+ grep clang
+ cpp --version
+ grep clang
+ g++ --version
+ grep clang

I: Finished running '/tmp/clang8'.

Finished processing commands.
--------------------------------------------------------------------------------

+------------------------------------------------------------------------------+
| Update chroot                                                                |
+------------------------------------------------------------------------------+

Hit:1 http://127.0.0.1:9999/debian sid InRelease
Hit:2 http://127.0.0.1:9999/debian experimental InRelease
Reading package lists...
Reading package lists...
Building dependency tree...
Reading state information...
Calculating upgrade...
The following packages will be upgraded:
  libmpfr6 libpam-modules libpam-modules-bin libpam-runtime libpam0g
5 upgraded, 0 newly installed, 0 to remove and 0 not upgraded.
Need to get 1519 kB of archives.
After this operation, 7168 B of additional disk space will be used.
Get:1 http://127.0.0.1:9999/debian sid/main amd64 libpam0g amd64 1.1.8-4 [124 kB]
Get:2 http://127.0.0.1:9999/debian sid/main amd64 libpam-modules-bin amd64 1.1.8-4 [106 kB]
Get:3 http://127.0.0.1:9999/debian sid/main amd64 libpam-modules amd64 1.1.8-4 [305 kB]
Get:4 http://127.0.0.1:9999/debian sid/main amd64 libpam-runtime all 1.1.8-4 [211 kB]
Get:5 http://127.0.0.1:9999/debian sid/main amd64 libmpfr6 amd64 4.0.2~rc1-1 [773 kB]
debconf: delaying package configuration, since apt-utils is not installed
Fetched 1519 kB in 0s (78.8 MB/s)
(Reading database ... (Reading database ... 5%(Reading database ... 10%(Reading database ... 15%(Reading database ... 20%(Reading database ... 25%(Reading database ... 30%(Reading database ... 35%(Reading database ... 40%(Reading database ... 45%(Reading database ... 50%(Reading database ... 55%(Reading database ... 60%(Reading database ... 65%(Reading database ... 70%(Reading database ... 75%(Reading database ... 80%(Reading database ... 85%(Reading database ... 90%(Reading database ... 95%(Reading database ... 100%(Reading database ... 12592 files and directories currently installed.)
Preparing to unpack .../libpam0g_1.1.8-4_amd64.deb ...
Unpacking libpam0g:amd64 (1.1.8-4) over (1.1.8-3.8) ...
Setting up libpam0g:amd64 (1.1.8-4) ...
(Reading database ... (Reading database ... 5%(Reading database ... 10%(Reading database ... 15%(Reading database ... 20%(Reading database ... 25%(Reading database ... 30%(Reading database ... 35%(Reading database ... 40%(Reading database ... 45%(Reading database ... 50%(Reading database ... 55%(Reading database ... 60%(Reading database ... 65%(Reading database ... 70%(Reading database ... 75%(Reading database ... 80%(Reading database ... 85%(Reading database ... 90%(Reading database ... 95%(Reading database ... 100%(Reading database ... 12592 files and directories currently installed.)
Preparing to unpack .../libpam-modules-bin_1.1.8-4_amd64.deb ...
Unpacking libpam-modules-bin (1.1.8-4) over (1.1.8-3.8) ...
Setting up libpam-modules-bin (1.1.8-4) ...
(Reading database ... (Reading database ... 5%(Reading database ... 10%(Reading database ... 15%(Reading database ... 20%(Reading database ... 25%(Reading database ... 30%(Reading database ... 35%(Reading database ... 40%(Reading database ... 45%(Reading database ... 50%(Reading database ... 55%(Reading database ... 60%(Reading database ... 65%(Reading database ... 70%(Reading database ... 75%(Reading database ... 80%(Reading database ... 85%(Reading database ... 90%(Reading database ... 95%(Reading database ... 100%(Reading database ... 12592 files and directories currently installed.)
Preparing to unpack .../libpam-modules_1.1.8-4_amd64.deb ...
Unpacking libpam-modules:amd64 (1.1.8-4) over (1.1.8-3.8) ...
Setting up libpam-modules:amd64 (1.1.8-4) ...
(Reading database ... (Reading database ... 5%(Reading database ... 10%(Reading database ... 15%(Reading database ... 20%(Reading database ... 25%(Reading database ... 30%(Reading database ... 35%(Reading database ... 40%(Reading database ... 45%(Reading database ... 50%(Reading database ... 55%(Reading database ... 60%(Reading database ... 65%(Reading database ... 70%(Reading database ... 75%(Reading database ... 80%(Reading database ... 85%(Reading database ... 90%(Reading database ... 95%(Reading database ... 100%(Reading database ... 12592 files and directories currently installed.)
Preparing to unpack .../libpam-runtime_1.1.8-4_all.deb ...
Unpacking libpam-runtime (1.1.8-4) over (1.1.8-3.8) ...
Setting up libpam-runtime (1.1.8-4) ...
(Reading database ... (Reading database ... 5%(Reading database ... 10%(Reading database ... 15%(Reading database ... 20%(Reading database ... 25%(Reading database ... 30%(Reading database ... 35%(Reading database ... 40%(Reading database ... 45%(Reading database ... 50%(Reading database ... 55%(Reading database ... 60%(Reading database ... 65%(Reading database ... 70%(Reading database ... 75%(Reading database ... 80%(Reading database ... 85%(Reading database ... 90%(Reading database ... 95%(Reading database ... 100%(Reading database ... 12592 files and directories currently installed.)
Preparing to unpack .../libmpfr6_4.0.2~rc1-1_amd64.deb ...
Unpacking libmpfr6:amd64 (4.0.2~rc1-1) over (4.0.1-2) ...
Setting up libmpfr6:amd64 (4.0.2~rc1-1) ...
Processing triggers for libc-bin (2.28-4) ...

+------------------------------------------------------------------------------+
| Fetch source files                                                           |
+------------------------------------------------------------------------------+


Check APT
---------

Checking available source versions...

Download source files with APT
------------------------------

Reading package lists...
NOTICE: 'tagcoll2' packaging is maintained in the 'Svn' version control system at:
svn://svn.debian.org/debtags/tagcoll/2.0
Need to get 513 kB of source archives.
Get:1 http://127.0.0.1:9999/debian sid/main tagcoll2 2.0.14-2 (dsc) [1998 B]
Get:2 http://127.0.0.1:9999/debian sid/main tagcoll2 2.0.14-2 (tar) [505 kB]
Get:3 http://127.0.0.1:9999/debian sid/main tagcoll2 2.0.14-2 (diff) [5908 B]
Fetched 513 kB in 1s (846 kB/s)
Download complete and in download only mode
I: NOTICE: Log filtering will replace 'build/tagcoll2-ceo5Cy/tagcoll2-2.0.14' with '<<PKGBUILDDIR>>'
I: NOTICE: Log filtering will replace 'build/tagcoll2-ceo5Cy' with '<<BUILDDIR>>'

+------------------------------------------------------------------------------+
| Install build-essential                                                      |
+------------------------------------------------------------------------------+


Setup apt archive
-----------------

Merged Build-Depends: build-essential, fakeroot
Filtered Build-Depends: build-essential, fakeroot
dpkg-deb: building package 'sbuild-build-depends-core-dummy' in '/<<BUILDDIR>>/resolver-Ioct7f/apt_archive/sbuild-build-depends-core-dummy.deb'.
dpkg-scanpackages: warning: Packages in archive but missing from override file:
dpkg-scanpackages: warning:   sbuild-build-depends-core-dummy
dpkg-scanpackages: info: Wrote 1 entries to output Packages file.
Ign:1 copy:/<<BUILDDIR>>/resolver-Ioct7f/apt_archive ./ InRelease
Get:2 copy:/<<BUILDDIR>>/resolver-Ioct7f/apt_archive ./ Release [957 B]
Ign:3 copy:/<<BUILDDIR>>/resolver-Ioct7f/apt_archive ./ Release.gpg
Get:4 copy:/<<BUILDDIR>>/resolver-Ioct7f/apt_archive ./ Sources [349 B]
Get:5 copy:/<<BUILDDIR>>/resolver-Ioct7f/apt_archive ./ Packages [433 B]
Fetched 1739 B in 0s (0 B/s)
Reading package lists...
Reading package lists...

Install core build dependencies (apt-based resolver)
----------------------------------------------------

Installing build dependencies
Reading package lists...
Building dependency tree...
Reading state information...
The following NEW packages will be installed:
  sbuild-build-depends-core-dummy
0 upgraded, 1 newly installed, 0 to remove and 0 not upgraded.
Need to get 856 B of archives.
After this operation, 0 B of additional disk space will be used.
Get:1 copy:/<<BUILDDIR>>/resolver-Ioct7f/apt_archive ./ sbuild-build-depends-core-dummy 0.invalid.0 [856 B]
debconf: delaying package configuration, since apt-utils is not installed
Fetched 856 B in 0s (0 B/s)
Selecting previously unselected package sbuild-build-depends-core-dummy.
(Reading database ... 12592 files and directories currently installed.)
Preparing to unpack .../sbuild-build-depends-core-dummy_0.invalid.0_amd64.deb ...
Unpacking sbuild-build-depends-core-dummy (0.invalid.0) ...
Setting up sbuild-build-depends-core-dummy (0.invalid.0) ...

+------------------------------------------------------------------------------+
| Check architectures                                                          |
+------------------------------------------------------------------------------+

Arch check ok (amd64 included in any)

+------------------------------------------------------------------------------+
| Install package build dependencies                                           |
+------------------------------------------------------------------------------+


Setup apt archive
-----------------

Merged Build-Depends: debhelper (>= 9.0), dh-buildinfo, pkg-config, libwibble-dev (>= 1.0), libwibble-dev (<< 2.0), flex, bison, zlib1g-dev
Filtered Build-Depends: debhelper (>= 9.0), dh-buildinfo, pkg-config, libwibble-dev (>= 1.0), libwibble-dev (<< 2.0), flex, bison, zlib1g-dev
dpkg-deb: building package 'sbuild-build-depends-tagcoll2-dummy' in '/<<BUILDDIR>>/resolver-Ioct7f/apt_archive/sbuild-build-depends-tagcoll2-dummy.deb'.
dpkg-scanpackages: warning: Packages in archive but missing from override file:
dpkg-scanpackages: warning:   sbuild-build-depends-core-dummy sbuild-build-depends-tagcoll2-dummy
dpkg-scanpackages: info: Wrote 2 entries to output Packages file.
Ign:1 copy:/<<BUILDDIR>>/resolver-Ioct7f/apt_archive ./ InRelease
Get:2 copy:/<<BUILDDIR>>/resolver-Ioct7f/apt_archive ./ Release [963 B]
Ign:3 copy:/<<BUILDDIR>>/resolver-Ioct7f/apt_archive ./ Release.gpg
Get:4 copy:/<<BUILDDIR>>/resolver-Ioct7f/apt_archive ./ Sources [543 B]
Get:5 copy:/<<BUILDDIR>>/resolver-Ioct7f/apt_archive ./ Packages [624 B]
Fetched 2130 B in 0s (0 B/s)
Reading package lists...
Reading package lists...

Install tagcoll2 build dependencies (apt-based resolver)
--------------------------------------------------------

Installing build dependencies
Reading package lists...
Building dependency tree...
Reading state information...
The following additional packages will be installed:
  autoconf automake autopoint autotools-dev bison bsdmainutils debhelper
  dh-autoreconf dh-buildinfo dh-strip-nondeterminism dwz file flex gettext
  gettext-base groff-base intltool-debian libarchive-zip-perl libbison-dev
  libcroco3 libelf1 libfile-stripnondeterminism-perl libglib2.0-0 libicu63
  libmagic-mgc libmagic1 libncurses6 libpipeline1 libsigsegv2 libtool
  libuchardet0 libwibble-dev libxml2 m4 man-db pkg-config po-debconf
  sensible-utils zlib1g-dev
Suggested packages:
  autoconf-archive gnu-standards autoconf-doc bison-doc wamerican | wordlist
  whois vacation dh-make flex-doc gettext-doc libasprintf-dev libgettextpo-dev
  groff libtool-doc gfortran | fortran95-compiler gcj-jdk m4-doc apparmor less
  www-browser libmail-box-perl
Recommended packages:
  libfl-dev curl | wget | lynx libarchive-cpio-perl libglib2.0-data
  shared-mime-info xdg-user-dirs libgpm2 libltdl-dev libmail-sendmail-perl
The following NEW packages will be installed:
  autoconf automake autopoint autotools-dev bison bsdmainutils debhelper
  dh-autoreconf dh-buildinfo dh-strip-nondeterminism dwz file flex gettext
  gettext-base groff-base intltool-debian libarchive-zip-perl libbison-dev
  libcroco3 libelf1 libfile-stripnondeterminism-perl libglib2.0-0 libicu63
  libmagic-mgc libmagic1 libncurses6 libpipeline1 libsigsegv2 libtool
  libuchardet0 libwibble-dev libxml2 m4 man-db pkg-config po-debconf
  sbuild-build-depends-tagcoll2-dummy sensible-utils zlib1g-dev
0 upgraded, 40 newly installed, 0 to remove and 0 not upgraded.
Need to get 21.9 MB of archives.
After this operation, 88.7 MB of additional disk space will be used.
Get:1 copy:/<<BUILDDIR>>/resolver-Ioct7f/apt_archive ./ sbuild-build-depends-tagcoll2-dummy 0.invalid.0 [916 B]
Get:2 http://127.0.0.1:9999/debian sid/main amd64 bsdmainutils amd64 11.1.2+b1 [191 kB]
Get:3 http://127.0.0.1:9999/debian sid/main amd64 libuchardet0 amd64 0.0.6-3 [64.9 kB]
Get:4 http://127.0.0.1:9999/debian sid/main amd64 groff-base amd64 1.22.4-2 [917 kB]
Get:5 http://127.0.0.1:9999/debian sid/main amd64 libpipeline1 amd64 1.5.0-2 [29.5 kB]
Get:6 http://127.0.0.1:9999/debian sid/main amd64 man-db amd64 2.8.5-1 [1274 kB]
Get:7 http://127.0.0.1:9999/debian sid/main amd64 libsigsegv2 amd64 2.12-2 [32.8 kB]
Get:8 http://127.0.0.1:9999/debian sid/main amd64 m4 amd64 1.4.18-2 [203 kB]
Get:9 http://127.0.0.1:9999/debian sid/main amd64 flex amd64 2.6.4-6.2 [456 kB]
Get:10 http://127.0.0.1:9999/debian sid/main amd64 sensible-utils all 0.0.12 [15.8 kB]
Get:11 http://127.0.0.1:9999/debian sid/main amd64 libmagic-mgc amd64 1:5.34-2 [239 kB]
Get:12 http://127.0.0.1:9999/debian sid/main amd64 libmagic1 amd64 1:5.34-2 [116 kB]
Get:13 http://127.0.0.1:9999/debian sid/main amd64 file amd64 1:5.34-2 [65.8 kB]
Get:14 http://127.0.0.1:9999/debian sid/main amd64 gettext-base amd64 0.19.8.1-9 [123 kB]
Get:15 http://127.0.0.1:9999/debian sid/main amd64 autoconf all 2.69-11 [341 kB]
Get:16 http://127.0.0.1:9999/debian sid/main amd64 autotools-dev all 20180224.1 [77.0 kB]
Get:17 http://127.0.0.1:9999/debian sid/main amd64 automake all 1:1.16.1-4 [771 kB]
Get:18 http://127.0.0.1:9999/debian sid/main amd64 autopoint all 0.19.8.1-9 [434 kB]
Get:19 http://127.0.0.1:9999/debian sid/main amd64 libbison-dev amd64 2:3.2.4.dfsg-1 [475 kB]
Get:20 http://127.0.0.1:9999/debian sid/main amd64 bison amd64 2:3.2.4.dfsg-1 [843 kB]
Get:21 http://127.0.0.1:9999/debian sid/main amd64 libtool all 2.4.6-6 [547 kB]
Get:22 http://127.0.0.1:9999/debian sid/main amd64 dh-autoreconf all 19 [16.9 kB]
Get:23 http://127.0.0.1:9999/debian sid/main amd64 libarchive-zip-perl all 1.64-1 [96.8 kB]
Get:24 http://127.0.0.1:9999/debian sid/main amd64 libfile-stripnondeterminism-perl all 1.0.0-1 [19.5 kB]
Get:25 http://127.0.0.1:9999/debian sid/main amd64 dh-strip-nondeterminism all 1.0.0-1 [12.5 kB]
Get:26 http://127.0.0.1:9999/debian sid/main amd64 libelf1 amd64 0.175-2 [160 kB]
Get:27 http://127.0.0.1:9999/debian sid/main amd64 dwz amd64 0.12-3 [78.0 kB]
Get:28 http://127.0.0.1:9999/debian sid/main amd64 libglib2.0-0 amd64 2.58.2-3 [1257 kB]
Get:29 http://127.0.0.1:9999/debian sid/main amd64 libicu63 amd64 63.1-5 [8293 kB]
Get:30 http://127.0.0.1:9999/debian sid/main amd64 libxml2 amd64 2.9.4+dfsg1-7+b3 [687 kB]
Get:31 http://127.0.0.1:9999/debian sid/main amd64 libcroco3 amd64 0.6.12-3 [145 kB]
Get:32 http://127.0.0.1:9999/debian sid/main amd64 libncurses6 amd64 6.1+20181013-1 [102 kB]
Get:33 http://127.0.0.1:9999/debian sid/main amd64 gettext amd64 0.19.8.1-9 [1303 kB]
Get:34 http://127.0.0.1:9999/debian sid/main amd64 intltool-debian all 0.35.0+20060710.4 [26.3 kB]
Get:35 http://127.0.0.1:9999/debian sid/main amd64 po-debconf all 1.0.21 [248 kB]
Get:36 http://127.0.0.1:9999/debian sid/main amd64 debhelper all 12 [1002 kB]
Get:37 http://127.0.0.1:9999/debian sid/main amd64 dh-buildinfo all 0.11+nmu2 [18.4 kB]
Get:38 http://127.0.0.1:9999/debian sid/main amd64 libwibble-dev amd64 1.1-2 [925 kB]
Get:39 http://127.0.0.1:9999/debian sid/main amd64 pkg-config amd64 0.29-4+b1 [63.3 kB]
Get:40 http://127.0.0.1:9999/debian sid/main amd64 zlib1g-dev amd64 1:1.2.11.dfsg-1 [214 kB]
debconf: delaying package configuration, since apt-utils is not installed
Fetched 21.9 MB in 0s (57.9 MB/s)
Selecting previously unselected package bsdmainutils.
(Reading database ... 12592 files and directories currently installed.)
Preparing to unpack .../00-bsdmainutils_11.1.2+b1_amd64.deb ...
Unpacking bsdmainutils (11.1.2+b1) ...
Selecting previously unselected package libuchardet0:amd64.
Preparing to unpack .../01-libuchardet0_0.0.6-3_amd64.deb ...
Unpacking libuchardet0:amd64 (0.0.6-3) ...
Selecting previously unselected package groff-base.
Preparing to unpack .../02-groff-base_1.22.4-2_amd64.deb ...
Unpacking groff-base (1.22.4-2) ...
Selecting previously unselected package libpipeline1:amd64.
Preparing to unpack .../03-libpipeline1_1.5.0-2_amd64.deb ...
Unpacking libpipeline1:amd64 (1.5.0-2) ...
Selecting previously unselected package man-db.
Preparing to unpack .../04-man-db_2.8.5-1_amd64.deb ...
Unpacking man-db (2.8.5-1) ...
Selecting previously unselected package libsigsegv2:amd64.
Preparing to unpack .../05-libsigsegv2_2.12-2_amd64.deb ...
Unpacking libsigsegv2:amd64 (2.12-2) ...
Selecting previously unselected package m4.
Preparing to unpack .../06-m4_1.4.18-2_amd64.deb ...
Unpacking m4 (1.4.18-2) ...
Selecting previously unselected package flex.
Preparing to unpack .../07-flex_2.6.4-6.2_amd64.deb ...
Unpacking flex (2.6.4-6.2) ...
Selecting previously unselected package sensible-utils.
Preparing to unpack .../08-sensible-utils_0.0.12_all.deb ...
Unpacking sensible-utils (0.0.12) ...
Selecting previously unselected package libmagic-mgc.
Preparing to unpack .../09-libmagic-mgc_1%3a5.34-2_amd64.deb ...
Unpacking libmagic-mgc (1:5.34-2) ...
Selecting previously unselected package libmagic1:amd64.
Preparing to unpack .../10-libmagic1_1%3a5.34-2_amd64.deb ...
Unpacking libmagic1:amd64 (1:5.34-2) ...
Selecting previously unselected package file.
Preparing to unpack .../11-file_1%3a5.34-2_amd64.deb ...
Unpacking file (1:5.34-2) ...
Selecting previously unselected package gettext-base.
Preparing to unpack .../12-gettext-base_0.19.8.1-9_amd64.deb ...
Unpacking gettext-base (0.19.8.1-9) ...
Selecting previously unselected package autoconf.
Preparing to unpack .../13-autoconf_2.69-11_all.deb ...
Unpacking autoconf (2.69-11) ...
Selecting previously unselected package autotools-dev.
Preparing to unpack .../14-autotools-dev_20180224.1_all.deb ...
Unpacking autotools-dev (20180224.1) ...
Selecting previously unselected package automake.
Preparing to unpack .../15-automake_1%3a1.16.1-4_all.deb ...
Unpacking automake (1:1.16.1-4) ...
Selecting previously unselected package autopoint.
Preparing to unpack .../16-autopoint_0.19.8.1-9_all.deb ...
Unpacking autopoint (0.19.8.1-9) ...
Selecting previously unselected package libbison-dev:amd64.
Preparing to unpack .../17-libbison-dev_2%3a3.2.4.dfsg-1_amd64.deb ...
Unpacking libbison-dev:amd64 (2:3.2.4.dfsg-1) ...
Selecting previously unselected package bison.
Preparing to unpack .../18-bison_2%3a3.2.4.dfsg-1_amd64.deb ...
Unpacking bison (2:3.2.4.dfsg-1) ...
Selecting previously unselected package libtool.
Preparing to unpack .../19-libtool_2.4.6-6_all.deb ...
Unpacking libtool (2.4.6-6) ...
Selecting previously unselected package dh-autoreconf.
Preparing to unpack .../20-dh-autoreconf_19_all.deb ...
Unpacking dh-autoreconf (19) ...
Selecting previously unselected package libarchive-zip-perl.
Preparing to unpack .../21-libarchive-zip-perl_1.64-1_all.deb ...
Unpacking libarchive-zip-perl (1.64-1) ...
Selecting previously unselected package libfile-stripnondeterminism-perl.
Preparing to unpack .../22-libfile-stripnondeterminism-perl_1.0.0-1_all.deb ...
Unpacking libfile-stripnondeterminism-perl (1.0.0-1) ...
Selecting previously unselected package dh-strip-nondeterminism.
Preparing to unpack .../23-dh-strip-nondeterminism_1.0.0-1_all.deb ...
Unpacking dh-strip-nondeterminism (1.0.0-1) ...
Selecting previously unselected package libelf1:amd64.
Preparing to unpack .../24-libelf1_0.175-2_amd64.deb ...
Unpacking libelf1:amd64 (0.175-2) ...
Selecting previously unselected package dwz.
Preparing to unpack .../25-dwz_0.12-3_amd64.deb ...
Unpacking dwz (0.12-3) ...
Selecting previously unselected package libglib2.0-0:amd64.
Preparing to unpack .../26-libglib2.0-0_2.58.2-3_amd64.deb ...
Unpacking libglib2.0-0:amd64 (2.58.2-3) ...
Selecting previously unselected package libicu63:amd64.
Preparing to unpack .../27-libicu63_63.1-5_amd64.deb ...
Unpacking libicu63:amd64 (63.1-5) ...
Selecting previously unselected package libxml2:amd64.
Preparing to unpack .../28-libxml2_2.9.4+dfsg1-7+b3_amd64.deb ...
Unpacking libxml2:amd64 (2.9.4+dfsg1-7+b3) ...
Selecting previously unselected package libcroco3:amd64.
Preparing to unpack .../29-libcroco3_0.6.12-3_amd64.deb ...
Unpacking libcroco3:amd64 (0.6.12-3) ...
Selecting previously unselected package libncurses6:amd64.
Preparing to unpack .../30-libncurses6_6.1+20181013-1_amd64.deb ...
Unpacking libncurses6:amd64 (6.1+20181013-1) ...
Selecting previously unselected package gettext.
Preparing to unpack .../31-gettext_0.19.8.1-9_amd64.deb ...
Unpacking gettext (0.19.8.1-9) ...
Selecting previously unselected package intltool-debian.
Preparing to unpack .../32-intltool-debian_0.35.0+20060710.4_all.deb ...
Unpacking intltool-debian (0.35.0+20060710.4) ...
Selecting previously unselected package po-debconf.
Preparing to unpack .../33-po-debconf_1.0.21_all.deb ...
Unpacking po-debconf (1.0.21) ...
Selecting previously unselected package debhelper.
Preparing to unpack .../34-debhelper_12_all.deb ...
Unpacking debhelper (12) ...
Selecting previously unselected package dh-buildinfo.
Preparing to unpack .../35-dh-buildinfo_0.11+nmu2_all.deb ...
Unpacking dh-buildinfo (0.11+nmu2) ...
Selecting previously unselected package libwibble-dev:amd64.
Preparing to unpack .../36-libwibble-dev_1.1-2_amd64.deb ...
Unpacking libwibble-dev:amd64 (1.1-2) ...
Selecting previously unselected package pkg-config.
Preparing to unpack .../37-pkg-config_0.29-4+b1_amd64.deb ...
Unpacking pkg-config (0.29-4+b1) ...
Selecting previously unselected package zlib1g-dev:amd64.
Preparing to unpack .../38-zlib1g-dev_1%3a1.2.11.dfsg-1_amd64.deb ...
Unpacking zlib1g-dev:amd64 (1:1.2.11.dfsg-1) ...
Selecting previously unselected package sbuild-build-depends-tagcoll2-dummy.
Preparing to unpack .../39-sbuild-build-depends-tagcoll2-dummy_0.invalid.0_amd64.deb ...
Unpacking sbuild-build-depends-tagcoll2-dummy (0.invalid.0) ...
Setting up libarchive-zip-perl (1.64-1) ...
Setting up libicu63:amd64 (63.1-5) ...
Setting up libsigsegv2:amd64 (2.12-2) ...
Setting up libwibble-dev:amd64 (1.1-2) ...
Setting up libelf1:amd64 (0.175-2) ...
Setting up libglib2.0-0:amd64 (2.58.2-3) ...
No schema files found: doing nothing.
Setting up gettext-base (0.19.8.1-9) ...
Setting up libpipeline1:amd64 (1.5.0-2) ...
Setting up m4 (1.4.18-2) ...
Setting up libxml2:amd64 (2.9.4+dfsg1-7+b3) ...
Setting up libuchardet0:amd64 (0.0.6-3) ...
Setting up libmagic-mgc (1:5.34-2) ...
Setting up libmagic1:amd64 (1:5.34-2) ...
Setting up libcroco3:amd64 (0.6.12-3) ...
Setting up pkg-config (0.29-4+b1) ...
Setting up sensible-utils (0.0.12) ...
Processing triggers for libc-bin (2.28-4) ...
Setting up dwz (0.12-3) ...
Setting up autotools-dev (20180224.1) ...
Setting up libbison-dev:amd64 (2:3.2.4.dfsg-1) ...
Setting up bison (2:3.2.4.dfsg-1) ...
update-alternatives: using /usr/bin/bison.yacc to provide /usr/bin/yacc (yacc) in auto mode
Setting up bsdmainutils (11.1.2+b1) ...
update-alternatives: using /usr/bin/bsd-write to provide /usr/bin/write (write) in auto mode
update-alternatives: using /usr/bin/bsd-from to provide /usr/bin/from (from) in auto mode
Setting up libncurses6:amd64 (6.1+20181013-1) ...
Setting up autopoint (0.19.8.1-9) ...
Setting up zlib1g-dev:amd64 (1:1.2.11.dfsg-1) ...
Setting up libfile-stripnondeterminism-perl (1.0.0-1) ...
Setting up gettext (0.19.8.1-9) ...
Setting up flex (2.6.4-6.2) ...
Setting up groff-base (1.22.4-2) ...
Setting up autoconf (2.69-11) ...
Setting up file (1:5.34-2) ...
Setting up intltool-debian (0.35.0+20060710.4) ...
Setting up automake (1:1.16.1-4) ...
update-alternatives: using /usr/bin/automake-1.16 to provide /usr/bin/automake (automake) in auto mode
Setting up man-db (2.8.5-1) ...
Not building database; man-db/auto-update is not 'true'.
Setting up libtool (2.4.6-6) ...
Setting up po-debconf (1.0.21) ...
Setting up dh-autoreconf (19) ...
Setting up dh-strip-nondeterminism (1.0.0-1) ...
Setting up debhelper (12) ...
Setting up dh-buildinfo (0.11+nmu2) ...
Setting up sbuild-build-depends-tagcoll2-dummy (0.invalid.0) ...
Processing triggers for libc-bin (2.28-4) ...

+------------------------------------------------------------------------------+
| Build environment                                                            |
+------------------------------------------------------------------------------+

Kernel: Linux 4.9.0-8-amd64 amd64 (x86_64)
Toolchain package versions: binutils_2.31.1-11 dpkg-dev_1.19.2 g++-8_8.2.0-14 gcc-8_8.2.0-14 libc6-dev_2.28-4 libstdc++-8-dev_8.2.0-14 libstdc++6_8.2.0-14 linux-libc-dev_4.19.13-1
Package versions: adduser_3.118 apt_1.8.0~alpha3 autoconf_2.69-11 automake_1:1.16.1-4 autopoint_0.19.8.1-9 autotools-dev_20180224.1 base-files_10.1 base-passwd_3.5.45 bash_4.4.18-3.1 binutils_2.31.1-11 binutils-common_2.31.1-11 binutils-x86-64-linux-gnu_2.31.1-11 bison_2:3.2.4.dfsg-1 bsdmainutils_11.1.2+b1 bsdutils_1:2.33-0.2 build-essential_12.5 bzip2_1.0.6-9 clang-8_1:8~svn350193-1~exp1 coreutils_8.30-1 cpp_4:8.2.0-2 cpp-8_8.2.0-14 dash_0.5.10.2-4 debconf_1.5.69 debhelper_12 debian-archive-keyring_2018.1 debianutils_4.8.6 dh-autoreconf_19 dh-buildinfo_0.11+nmu2 dh-strip-nondeterminism_1.0.0-1 diffutils_1:3.6-1 dpkg_1.19.2 dpkg-dev_1.19.2 dwz_0.12-3 e2fsprogs_1.44.5-1 fakeroot_1.23-1 fdisk_2.33-0.2 file_1:5.34-2 findutils_4.6.0+git+20181018-1 flex_2.6.4-6.2 g++_4:8.2.0-2 g++-8_8.2.0-14 gcc_4:8.2.0-2 gcc-8_8.2.0-14 gcc-8-base_8.2.0-14 gettext_0.19.8.1-9 gettext-base_0.19.8.1-9 gpgv_2.2.12-1 grep_3.3-1 groff-base_1.22.4-2 gzip_1.9-3 hostname_3.21 init-system-helpers_1.56+nmu1 intltool-debian_0.35.0+20060710.4 lib32gcc1_1:8.2.0-14 lib32stdc++6_8.2.0-14 libacl1_2.2.52-3+b1 libapt-pkg5.0_1.8.0~alpha3 libarchive-zip-perl_1.64-1 libasan5_8.2.0-14 libatomic1_8.2.0-14 libattr1_1:2.4.47-2+b2 libaudit-common_1:2.8.4-2 libaudit1_1:2.8.4-2 libbinutils_2.31.1-11 libbison-dev_2:3.2.4.dfsg-1 libblkid1_2.33-0.2 libbsd0_0.9.1-1 libbz2-1.0_1.0.6-9 libc-bin_2.28-4 libc-dev-bin_2.28-4 libc6_2.28-4 libc6-dev_2.28-4 libc6-i386_2.28-4 libcap-ng0_0.7.9-1+b1 libcc1-0_8.2.0-14 libclang-common-8-dev_1:8~svn350193-1~exp1 libclang1-8_1:8~svn350193-1~exp1 libcom-err2_1.44.5-1 libcroco3_0.6.12-3 libdb5.3_5.3.28+dfsg1-0.2 libdebconfclient0_0.246 libdpkg-perl_1.19.2 libedit2_3.1-20181209-1 libelf1_0.175-2 libext2fs2_1.44.5-1 libfakeroot_1.23-1 libfdisk1_2.33-0.2 libffi6_3.2.1-9 libfile-stripnondeterminism-perl_1.0.0-1 libgc1c2_1:7.6.4-0.4 libgcc-8-dev_8.2.0-14 libgcc1_1:8.2.0-14 libgcrypt20_1.8.4-4 libgdbm-compat4_1.18.1-2 libgdbm6_1.18.1-2 libglib2.0-0_2.58.2-3 libgmp10_2:6.1.2+dfsg-4 libgnutls30_3.6.5-2 libgomp1_8.2.0-14 libgpg-error0_1.33-3 libhogweed4_3.4.1~rc1-1 libicu63_63.1-5 libidn2-0_2.0.5-1 libisl19_0.20-2 libitm1_8.2.0-14 libllvm8_1:8~svn350193-1~exp1 liblsan0_8.2.0-14 liblz4-1_1.8.3-1 liblzma5_5.2.2-1.3 libmagic-mgc_1:5.34-2 libmagic1_1:5.34-2 libmount1_2.33-0.2 libmpc3_1.1.0-1 libmpfr6_4.0.2~rc1-1 libmpx2_8.2.0-14 libncurses6_6.1+20181013-1 libncursesw6_6.1+20181013-1 libnettle6_3.4.1~rc1-1 libobjc-8-dev_8.2.0-14 libobjc4_8.2.0-14 libomp-8-dev_1:8~svn350193-1~exp1 libomp5-8_1:8~svn350193-1~exp1 libp11-kit0_0.23.14-2 libpam-modules_1.1.8-4 libpam-modules-bin_1.1.8-4 libpam-runtime_1.1.8-4 libpam0g_1.1.8-4 libpcre3_2:8.39-11 libperl5.28_5.28.1-3 libpipeline1_1.5.0-2 libquadmath0_8.2.0-14 libseccomp2_2.3.3-3 libselinux1_2.8-1+b1 libsemanage-common_2.8-2 libsemanage1_2.8-2 libsepol1_2.8-1 libsigsegv2_2.12-2 libsmartcols1_2.33-0.2 libss2_1.44.5-1 libstdc++-8-dev_8.2.0-14 libstdc++6_8.2.0-14 libsystemd0_240-2 libtasn1-6_4.13-3 libtinfo6_6.1+20181013-1 libtool_2.4.6-6 libtsan0_8.2.0-14 libubsan1_8.2.0-14 libuchardet0_0.0.6-3 libudev1_240-2 libunistring2_0.9.10-1 libuuid1_2.33-0.2 libwibble-dev_1.1-2 libxml2_2.9.4+dfsg1-7+b3 libzstd1_1.3.8+dfsg-3 linux-libc-dev_4.19.13-1 login_1:4.5-1.1 m4_1.4.18-2 make_4.2.1-1.2 man-db_2.8.5-1 mawk_1.3.3-17+b3 mount_2.33-0.2 ncurses-base_6.1+20181013-1 ncurses-bin_6.1+20181013-1 passwd_1:4.5-1.1 patch_2.7.6-3 perl_5.28.1-3 perl-base_5.28.1-3 perl-modules-5.28_5.28.1-3 pkg-config_0.29-4+b1 po-debconf_1.0.21 sbuild-build-depends-core-dummy_0.invalid.0 sbuild-build-depends-tagcoll2-dummy_0.invalid.0 sed_4.7-1 sensible-utils_0.0.12 sysvinit-utils_2.93-3 tar_1.30+dfsg-4 tzdata_2018i-1 util-linux_2.33-0.2 xz-utils_5.2.2-1.3 zlib1g_1:1.2.11.dfsg-1 zlib1g-dev_1:1.2.11.dfsg-1

+------------------------------------------------------------------------------+
| Build                                                                        |
+------------------------------------------------------------------------------+


Unpack source
-------------

gpgv: unknown type of key resource 'trustedkeys.kbx'
gpgv: keyblock resource '/sbuild-nonexistent/.gnupg/trustedkeys.kbx': General error
gpgv: Signature made Fri Dec  2 21:00:42 2016 UTC
gpgv:                using RSA key A2520FEA0A8670A661DD8C553362F7031A4992E1
gpgv: Can't check signature: No public key
dpkg-source: warning: failed to verify signature on ./tagcoll2_2.0.14-2.dsc
dpkg-source: info: extracting tagcoll2 in /<<PKGBUILDDIR>>
dpkg-source: info: unpacking tagcoll2_2.0.14.orig.tar.gz
dpkg-source: info: unpacking tagcoll2_2.0.14-2.debian.tar.xz

Check disk space
----------------

Sufficient free space for build

User Environment
----------------

APT_CONFIG=/var/lib/sbuild/apt.conf
HOME=/sbuild-nonexistent
LANG=en_US.UTF-8
LC_ALL=POSIX
LOGNAME=user42
PATH=/usr/local/sbin:/usr/local/bin:/usr/sbin:/usr/bin:/sbin:/bin:/usr/games
SCHROOT_ALIAS_NAME=unstable
SCHROOT_CHROOT_NAME=sid-amd64-sbuild
SCHROOT_COMMAND=env
SCHROOT_GID=1001
SCHROOT_GROUP=user42
SCHROOT_SESSION_ID=sid-amd64-sbuild-6122d35d-0209-4555-b764-c63d8fc798cf
SCHROOT_UID=1001
SCHROOT_USER=user42
SHELL=/bin/sh
USER=user42

dpkg-buildpackage
-----------------

dpkg-buildpackage: info: source package tagcoll2
dpkg-buildpackage: info: source version 2.0.14-2
dpkg-buildpackage: info: source distribution unstable
dpkg-buildpackage: info: source changed by Andrey Rahmatullin <wrar@debian.org>
 dpkg-source --before-build .
dpkg-buildpackage: info: host architecture amd64
 fakeroot debian/rules clean
dh clean
   dh_clean
 debian/rules build-arch
dh build-arch
   dh_update_autotools_config -a
   debian/rules override_dh_auto_configure
make[1]: Entering directory '/<<PKGBUILDDIR>>'
dh_auto_configure -- --disable-shared --with-pic --disable-docs
	./configure --build=x86_64-linux-gnu --prefix=/usr --includedir=\${prefix}/include --mandir=\${prefix}/share/man --infodir=\${prefix}/share/info --sysconfdir=/etc --localstatedir=/var --disable-silent-rules --libdir=\${prefix}/lib/x86_64-linux-gnu --libexecdir=\${prefix}/lib/x86_64-linux-gnu --disable-maintainer-mode --disable-dependency-tracking --disable-shared --with-pic --disable-docs
configure: WARNING: unrecognized options: --disable-maintainer-mode
checking for a BSD-compatible install... /usr/bin/install -c
checking whether build environment is sane... yes
checking for a thread-safe mkdir -p... /bin/mkdir -p
checking for gawk... no
checking for mawk... mawk
checking whether make sets $(MAKE)... yes
checking whether make supports nested variables... yes
checking whether make sets $(MAKE)... (cached) yes
checking for style of include used by make... GNU
checking for g++... g++
checking whether the C++ compiler works... yes
checking for C++ compiler default output file name... a.out
checking for suffix of executables... 
checking whether we are cross compiling... no
checking for suffix of object files... o
checking whether we are using the GNU C++ compiler... yes
checking whether g++ accepts -g... yes
checking dependency style of g++... none
checking for library containing strerror... none required
checking whether we are using the GNU C++ compiler... (cached) yes
checking whether g++ accepts -g... (cached) yes
checking dependency style of g++... (cached) none
checking how to run the C++ preprocessor... g++ -E
checking for gcc... gcc
checking whether we are using the GNU C compiler... yes
checking whether gcc accepts -g... yes
checking for gcc option to accept ISO C89... none needed
checking whether gcc understands -c and -o together... yes
checking dependency style of gcc... none
checking for grep that handles long lines and -e... /bin/grep
checking for egrep... /bin/grep -E
checking for ANSI C header files... yes
checking for flex... flex
checking lex output file root... lex.yy
checking lex library... none needed
checking whether yytext is a pointer... no
checking for bison... bison -y
checking build system type... x86_64-pc-linux-gnu
checking host system type... x86_64-pc-linux-gnu
checking how to print strings... printf
checking for a sed that does not truncate output... /bin/sed
checking for fgrep... /bin/grep -F
checking for ld used by gcc... /usr/bin/ld
checking if the linker (/usr/bin/ld) is GNU ld... yes
checking for BSD- or MS-compatible name lister (nm)... /usr/bin/nm -B
checking the name lister (/usr/bin/nm -B) interface... BSD nm
checking whether ln -s works... yes
checking the maximum length of command line arguments... 1572864
checking whether the shell understands some XSI constructs... yes
checking whether the shell understands "+="... yes
checking how to convert x86_64-pc-linux-gnu file names to x86_64-pc-linux-gnu format... func_convert_file_noop
checking how to convert x86_64-pc-linux-gnu file names to toolchain format... func_convert_file_noop
checking for /usr/bin/ld option to reload object files... -r
checking for objdump... objdump
checking how to recognize dependent libraries... pass_all
checking for dlltool... no
checking how to associate runtime and link libraries... printf %s\n
checking for ar... ar
checking for archiver @FILE support... @
checking for strip... strip
checking for ranlib... ranlib
checking command to parse /usr/bin/nm -B output from gcc object... ok
checking for sysroot... no
checking for mt... no
checking if : is a manifest tool... no
checking for sys/types.h... yes
checking for sys/stat.h... yes
checking for stdlib.h... yes
checking for string.h... yes
checking for memory.h... yes
checking for strings.h... yes
checking for inttypes.h... yes
checking for stdint.h... yes
checking for unistd.h... yes
checking for dlfcn.h... yes
checking for objdir... .libs
checking if gcc supports -fno-rtti -fno-exceptions... yes
checking for gcc option to produce PIC... -fPIC -DPIC
checking if gcc PIC flag -fPIC -DPIC works... yes
checking if gcc static flag -static works... yes
checking if gcc supports -c -o file.o... yes
checking if gcc supports -c -o file.o... (cached) yes
checking whether the gcc linker (/usr/bin/ld -m elf_x86_64) supports shared libraries... yes
checking dynamic linker characteristics... GNU/Linux ld.so
checking how to hardcode library paths into programs... immediate
checking whether stripping libraries is possible... yes
checking if libtool supports shared libraries... yes
checking whether to build shared libraries... no
checking whether to build static libraries... yes
checking how to run the C++ preprocessor... g++ -E
checking for ld used by g++... /usr/bin/ld -m elf_x86_64
checking if the linker (/usr/bin/ld -m elf_x86_64) is GNU ld... yes
checking whether the g++ linker (/usr/bin/ld -m elf_x86_64) supports shared libraries... yes
checking for g++ option to produce PIC... -fPIC -DPIC
checking if g++ PIC flag -fPIC -DPIC works... yes
checking if g++ static flag -static works... yes
checking if g++ supports -c -o file.o... yes
checking if g++ supports -c -o file.o... (cached) yes
checking whether the g++ linker (/usr/bin/ld -m elf_x86_64) supports shared libraries... yes
checking dynamic linker characteristics... (cached) GNU/Linux ld.so
checking how to hardcode library paths into programs... immediate
checking for pkg-config... /usr/bin/pkg-config
checking pkg-config is at least version 0.9.0... yes
checking for LIBWIBBLE... yes
checking for fmemopen... yes
checking that generated files are newer than configure... done
configure: creating ./config.status
config.status: creating Makefile
config.status: creating tagcoll/Makefile
config.status: creating tagcoll/tagexpr/Makefile
config.status: creating bench/Makefile
config.status: creating doc/Makefile
config.status: creating tools/Makefile
config.status: creating libtagcoll2.pc
config.status: creating config.h
config.status: executing depfiles commands
config.status: executing libtool commands
configure: WARNING: unrecognized options: --disable-maintainer-mode
make[1]: Leaving directory '/<<PKGBUILDDIR>>'
   dh_auto_build -a
	make -j1
make[1]: Entering directory '/<<PKGBUILDDIR>>'
make  all-recursive
make[2]: Entering directory '/<<PKGBUILDDIR>>'
Making all in tagcoll
make[3]: Entering directory '/<<PKGBUILDDIR>>/tagcoll'
Making all in tagexpr
make[4]: Entering directory '/<<PKGBUILDDIR>>/tagcoll/tagexpr'
/bin/bash ../../libtool  --tag=CXX   --mode=compile g++ -DHAVE_CONFIG_H -I. -I../..  -I../..  -Wdate-time -D_FORTIFY_SOURCE=2  -g -O2 -fdebug-prefix-map=/<<PKGBUILDDIR>>=. -fstack-protector-strong -Wformat -Werror=format-security -std=gnu++98 -Wall -c -o TagexprParser.lo TagexprParser.cc
libtool: compile:  g++ -DHAVE_CONFIG_H -I. -I../.. -I../.. -Wdate-time -D_FORTIFY_SOURCE=2 -g -O2 -fdebug-prefix-map=/<<PKGBUILDDIR>>=. -fstack-protector-strong -Wformat -Werror=format-security -std=gnu++98 -Wall -c TagexprParser.cc  -fPIC -DPIC -o TagexprParser.o
/bin/bash ../../libtool  --tag=CXX   --mode=compile g++ -DHAVE_CONFIG_H -I. -I../..  -I../..  -Wdate-time -D_FORTIFY_SOURCE=2  -g -O2 -fdebug-prefix-map=/<<PKGBUILDDIR>>=. -fstack-protector-strong -Wformat -Werror=format-security -std=gnu++98 -Wall -c -o Tagexpr_parser_y.lo Tagexpr_parser_y.cc
libtool: compile:  g++ -DHAVE_CONFIG_H -I. -I../.. -I../.. -Wdate-time -D_FORTIFY_SOURCE=2 -g -O2 -fdebug-prefix-map=/<<PKGBUILDDIR>>=. -fstack-protector-strong -Wformat -Werror=format-security -std=gnu++98 -Wall -c Tagexpr_parser_y.cc  -fPIC -DPIC -o Tagexpr_parser_y.o
Tagexpr_parser_y.cc:149:9: warning: 'TAG' macro redefined [-Wmacro-redefined]
#define TAG 258
        ^
Tagexpr_parser_y.yy:26:9: note: previous definition is here
#define TAG SAVED_TAG
        ^
1 warning generated.
/bin/bash ../../libtool  --tag=CXX   --mode=compile g++ -DHAVE_CONFIG_H -I. -I../..  -I../..  -Wdate-time -D_FORTIFY_SOURCE=2  -g -O2 -fdebug-prefix-map=/<<PKGBUILDDIR>>=. -fstack-protector-strong -Wformat -Werror=format-security -std=gnu++98 -Wall -c -o Tagexpr_parser_l.lo Tagexpr_parser_l.cc
libtool: compile:  g++ -DHAVE_CONFIG_H -I. -I../.. -I../.. -Wdate-time -D_FORTIFY_SOURCE=2 -g -O2 -fdebug-prefix-map=/<<PKGBUILDDIR>>=. -fstack-protector-strong -Wformat -Werror=format-security -std=gnu++98 -Wall -c Tagexpr_parser_l.cc  -fPIC -DPIC -o Tagexpr_parser_l.o
Tagexpr_parser_l.cc:1137:17: warning: unused function 'yyunput' [-Wunused-function]
    static void yyunput (int c, register char * yy_bp )
                ^
Tagexpr_parser_l.cc:1176:16: warning: function 'yyinput' is not needed and will not be emitted [-Wunneeded-internal-declaration]
    static int yyinput (void)
               ^
2 warnings generated.
/bin/bash ../../libtool  --tag=CXX   --mode=link g++  -g -O2 -fdebug-prefix-map=/<<PKGBUILDDIR>>=. -fstack-protector-strong -Wformat -Werror=format-security -std=gnu++98 -Wall  -Wl,-z,relro -o libtagexpr.la  TagexprParser.lo Tagexpr_parser_y.lo Tagexpr_parser_l.lo   
libtool: link: ar cru .libs/libtagexpr.a  TagexprParser.o Tagexpr_parser_y.o Tagexpr_parser_l.o
ar: `u' modifier ignored since `D' is the default (see `U')
libtool: link: ranlib .libs/libtagexpr.a
libtool: link: ( cd ".libs" && rm -f "libtagexpr.la" && ln -s "../libtagexpr.la" "libtagexpr.la" )
make[4]: Leaving directory '/<<PKGBUILDDIR>>/tagcoll/tagexpr'
Making all in .
make[4]: Entering directory '/<<PKGBUILDDIR>>/tagcoll'
/bin/bash ../libtool  --tag=CXX   --mode=compile g++ -DHAVE_CONFIG_H -I. -I..  -I..  -Wdate-time -D_FORTIFY_SOURCE=2  -g -O2 -fdebug-prefix-map=/<<PKGBUILDDIR>>=. -fstack-protector-strong -Wformat -Werror=format-security -std=gnu++98 -Wall -c -o input/base.lo input/base.cc
libtool: compile:  g++ -DHAVE_CONFIG_H -I. -I.. -I.. -Wdate-time -D_FORTIFY_SOURCE=2 -g -O2 -fdebug-prefix-map=/<<PKGBUILDDIR>>=. -fstack-protector-strong -Wformat -Werror=format-security -std=gnu++98 -Wall -c input/base.cc  -fPIC -DPIC -o input/base.o
/bin/bash ../libtool  --tag=CXX   --mode=compile g++ -DHAVE_CONFIG_H -I. -I..  -I..  -Wdate-time -D_FORTIFY_SOURCE=2  -g -O2 -fdebug-prefix-map=/<<PKGBUILDDIR>>=. -fstack-protector-strong -Wformat -Werror=format-security -std=gnu++98 -Wall -c -o input/memory.lo input/memory.cc
libtool: compile:  g++ -DHAVE_CONFIG_H -I. -I.. -I.. -Wdate-time -D_FORTIFY_SOURCE=2 -g -O2 -fdebug-prefix-map=/<<PKGBUILDDIR>>=. -fstack-protector-strong -Wformat -Werror=format-security -std=gnu++98 -Wall -c input/memory.cc  -fPIC -DPIC -o input/memory.o
/bin/bash ../libtool  --tag=CXX   --mode=compile g++ -DHAVE_CONFIG_H -I. -I..  -I..  -Wdate-time -D_FORTIFY_SOURCE=2  -g -O2 -fdebug-prefix-map=/<<PKGBUILDDIR>>=. -fstack-protector-strong -Wformat -Werror=format-security -std=gnu++98 -Wall -c -o input/string.lo input/string.cc
libtool: compile:  g++ -DHAVE_CONFIG_H -I. -I.. -I.. -Wdate-time -D_FORTIFY_SOURCE=2 -g -O2 -fdebug-prefix-map=/<<PKGBUILDDIR>>=. -fstack-protector-strong -Wformat -Werror=format-security -std=gnu++98 -Wall -c input/string.cc  -fPIC -DPIC -o input/string.o
/bin/bash ../libtool  --tag=CXX   --mode=compile g++ -DHAVE_CONFIG_H -I. -I..  -I..  -Wdate-time -D_FORTIFY_SOURCE=2  -g -O2 -fdebug-prefix-map=/<<PKGBUILDDIR>>=. -fstack-protector-strong -Wformat -Werror=format-security -std=gnu++98 -Wall -c -o input/stdio.lo input/stdio.cc
libtool: compile:  g++ -DHAVE_CONFIG_H -I. -I.. -I.. -Wdate-time -D_FORTIFY_SOURCE=2 -g -O2 -fdebug-prefix-map=/<<PKGBUILDDIR>>=. -fstack-protector-strong -Wformat -Werror=format-security -std=gnu++98 -Wall -c input/stdio.cc  -fPIC -DPIC -o input/stdio.o
/bin/bash ../libtool  --tag=CXX   --mode=compile g++ -DHAVE_CONFIG_H -I. -I..  -I..  -Wdate-time -D_FORTIFY_SOURCE=2  -g -O2 -fdebug-prefix-map=/<<PKGBUILDDIR>>=. -fstack-protector-strong -Wformat -Werror=format-security -std=gnu++98 -Wall -c -o input/zlib.lo input/zlib.cc
libtool: compile:  g++ -DHAVE_CONFIG_H -I. -I.. -I.. -Wdate-time -D_FORTIFY_SOURCE=2 -g -O2 -fdebug-prefix-map=/<<PKGBUILDDIR>>=. -fstack-protector-strong -Wformat -Werror=format-security -std=gnu++98 -Wall -c input/zlib.cc  -fPIC -DPIC -o input/zlib.o
/bin/bash ../libtool  --tag=CXX   --mode=compile g++ -DHAVE_CONFIG_H -I. -I..  -I..  -Wdate-time -D_FORTIFY_SOURCE=2  -g -O2 -fdebug-prefix-map=/<<PKGBUILDDIR>>=. -fstack-protector-strong -Wformat -Werror=format-security -std=gnu++98 -Wall -c -o diskindex/mmap.lo diskindex/mmap.cc
libtool: compile:  g++ -DHAVE_CONFIG_H -I. -I.. -I.. -Wdate-time -D_FORTIFY_SOURCE=2 -g -O2 -fdebug-prefix-map=/<<PKGBUILDDIR>>=. -fstack-protector-strong -Wformat -Werror=format-security -std=gnu++98 -Wall -c diskindex/mmap.cc  -fPIC -DPIC -o diskindex/mmap.o
/bin/bash ../libtool  --tag=CXX   --mode=compile g++ -DHAVE_CONFIG_H -I. -I..  -I..  -Wdate-time -D_FORTIFY_SOURCE=2  -g -O2 -fdebug-prefix-map=/<<PKGBUILDDIR>>=. -fstack-protector-strong -Wformat -Werror=format-security -std=gnu++98 -Wall -c -o diskindex/int.lo diskindex/int.cc
libtool: compile:  g++ -DHAVE_CONFIG_H -I. -I.. -I.. -Wdate-time -D_FORTIFY_SOURCE=2 -g -O2 -fdebug-prefix-map=/<<PKGBUILDDIR>>=. -fstack-protector-strong -Wformat -Werror=format-security -std=gnu++98 -Wall -c diskindex/int.cc  -fPIC -DPIC -o diskindex/int.o
/bin/bash ../libtool  --tag=CXX   --mode=compile g++ -DHAVE_CONFIG_H -I. -I..  -I..  -Wdate-time -D_FORTIFY_SOURCE=2  -g -O2 -fdebug-prefix-map=/<<PKGBUILDDIR>>=. -fstack-protector-strong -Wformat -Werror=format-security -std=gnu++98 -Wall -c -o diskindex/string.lo diskindex/string.cc
libtool: compile:  g++ -DHAVE_CONFIG_H -I. -I.. -I.. -Wdate-time -D_FORTIFY_SOURCE=2 -g -O2 -fdebug-prefix-map=/<<PKGBUILDDIR>>=. -fstack-protector-strong -Wformat -Werror=format-security -std=gnu++98 -Wall -c diskindex/string.cc  -fPIC -DPIC -o diskindex/string.o
/bin/bash ../libtool  --tag=CXX   --mode=compile g++ -DHAVE_CONFIG_H -I. -I..  -I..  -Wdate-time -D_FORTIFY_SOURCE=2  -g -O2 -fdebug-prefix-map=/<<PKGBUILDDIR>>=. -fstack-protector-strong -Wformat -Werror=format-security -std=gnu++98 -Wall -c -o expression.lo expression.cc
libtool: compile:  g++ -DHAVE_CONFIG_H -I. -I.. -I.. -Wdate-time -D_FORTIFY_SOURCE=2 -g -O2 -fdebug-prefix-map=/<<PKGBUILDDIR>>=. -fstack-protector-strong -Wformat -Werror=format-security -std=gnu++98 -Wall -c expression.cc  -fPIC -DPIC -o expression.o
/bin/bash ../libtool  --tag=CXX   --mode=compile g++ -DHAVE_CONFIG_H -I. -I..  -I..  -Wdate-time -D_FORTIFY_SOURCE=2  -g -O2 -fdebug-prefix-map=/<<PKGBUILDDIR>>=. -fstack-protector-strong -Wformat -Werror=format-security -std=gnu++98 -Wall -c -o coll/intdiskindex.lo coll/intdiskindex.cc
libtool: compile:  g++ -DHAVE_CONFIG_H -I. -I.. -I.. -Wdate-time -D_FORTIFY_SOURCE=2 -g -O2 -fdebug-prefix-map=/<<PKGBUILDDIR>>=. -fstack-protector-strong -Wformat -Werror=format-security -std=gnu++98 -Wall -c coll/intdiskindex.cc  -fPIC -DPIC -o coll/intdiskindex.o
In file included from coll/intdiskindex.cc:21:
../tagcoll/coll/intdiskindex.h:38:1: warning: 'coll_traits' defined as a struct template here but previously declared as a class template; this is valid, but may result in linker errors under the Microsoft C++ ABI [-Wmismatched-tags]
struct coll_traits< IntDiskIndex >
^
../tagcoll/coll/base.h:37:1: note: did you mean struct here?
class coll_traits;
^~~~~
struct
1 warning generated.
/bin/bash ../libtool  --tag=CXX   --mode=compile g++ -DHAVE_CONFIG_H -I. -I..  -I..  -Wdate-time -D_FORTIFY_SOURCE=2  -g -O2 -fdebug-prefix-map=/<<PKGBUILDDIR>>=. -fstack-protector-strong -Wformat -Werror=format-security -std=gnu++98 -Wall -c -o SmartHierarchy.lo SmartHierarchy.cc
libtool: compile:  g++ -DHAVE_CONFIG_H -I. -I.. -I.. -Wdate-time -D_FORTIFY_SOURCE=2 -g -O2 -fdebug-prefix-map=/<<PKGBUILDDIR>>=. -fstack-protector-strong -Wformat -Werror=format-security -std=gnu++98 -Wall -c SmartHierarchy.cc  -fPIC -DPIC -o SmartHierarchy.o
/bin/bash ../libtool  --tag=CXX   --mode=compile g++ -DHAVE_CONFIG_H -I. -I..  -I..  -Wdate-time -D_FORTIFY_SOURCE=2  -g -O2 -fdebug-prefix-map=/<<PKGBUILDDIR>>=. -fstack-protector-strong -Wformat -Werror=format-security -std=gnu++98 -Wall -c -o TextFormat.lo TextFormat.cc
libtool: compile:  g++ -DHAVE_CONFIG_H -I. -I.. -I.. -Wdate-time -D_FORTIFY_SOURCE=2 -g -O2 -fdebug-prefix-map=/<<PKGBUILDDIR>>=. -fstack-protector-strong -Wformat -Werror=format-security -std=gnu++98 -Wall -c TextFormat.cc  -fPIC -DPIC -o TextFormat.o
In file included from TextFormat.cc:22:
../tagcoll/patch.h:38:1: warning: 'Patch' defined as a struct template here but previously declared as a class template; this is valid, but may result in linker errors under the Microsoft C++ ABI [-Wmismatched-tags]
struct Patch
^
../tagcoll/TextFormat.h:40:1: note: did you mean struct here?
class Patch;
^~~~~
struct
In file included from TextFormat.cc:208:
../tagcoll/TextFormat.tcc:37:13: warning: 'static' function 'printTagset' declared in header file should be declared 'static inline' [-Wunneeded-internal-declaration]
static void printTagset(const std::set<string>& ts, FILE* out)
            ^
2 warnings generated.
/bin/bash ../libtool  --tag=CXX   --mode=link g++  -g -O2 -fdebug-prefix-map=/<<PKGBUILDDIR>>=. -fstack-protector-strong -Wformat -Werror=format-security -std=gnu++98 -Wall -lwibble -version-info 2:14:0 -Wl,-z,relro -o libtagcoll2.la -rpath /usr/lib/x86_64-linux-gnu input/base.lo input/memory.lo input/string.lo input/stdio.lo input/zlib.lo diskindex/mmap.lo diskindex/int.lo diskindex/string.lo expression.lo coll/intdiskindex.lo SmartHierarchy.lo TextFormat.lo tagexpr/libtagexpr.la 
libtool: link: (cd .libs/libtagcoll2.lax/libtagexpr.a && ar x "/<<PKGBUILDDIR>>/tagcoll/tagexpr/.libs/libtagexpr.a")
copying selected object files to avoid basename conflicts...
libtool: link: ln diskindex/string.o .libs/libtagcoll2.lax/lt1-string.o || cp diskindex/string.o .libs/libtagcoll2.lax/lt1-string.o
libtool: link: ar cru .libs/libtagcoll2.a input/base.o input/memory.o input/string.o input/stdio.o input/zlib.o diskindex/mmap.o diskindex/int.o .libs/libtagcoll2.lax/lt1-string.o expression.o coll/intdiskindex.o SmartHierarchy.o TextFormat.o .libs/libtagcoll2.lax/libtagexpr.a/TagexprParser.o .libs/libtagcoll2.lax/libtagexpr.a/Tagexpr_parser_l.o .libs/libtagcoll2.lax/libtagexpr.a/Tagexpr_parser_y.o
ar: `u' modifier ignored since `D' is the default (see `U')
libtool: link: ranlib .libs/libtagcoll2.a
libtool: link: rm -fr .libs/libtagcoll2.lax .libs/libtagcoll2.lax
libtool: link: ( cd ".libs" && rm -f "libtagcoll2.la" && ln -s "../libtagcoll2.la" "libtagcoll2.la" )
make[4]: Leaving directory '/<<PKGBUILDDIR>>/tagcoll'
make[3]: Leaving directory '/<<PKGBUILDDIR>>/tagcoll'
Making all in tools
make[3]: Entering directory '/<<PKGBUILDDIR>>/tools'
g++ -DHAVE_CONFIG_H -I. -I..  -I.. -Wdate-time -D_FORTIFY_SOURCE=2  -g -O2 -fdebug-prefix-map=/<<PKGBUILDDIR>>=. -fstack-protector-strong -Wformat -Werror=format-security -std=gnu++98 -Wall -c -o tagcoll.o tagcoll.cc
In file included from tagcoll.cc:50:
../tagcoll/coll/simple.h:43:1: warning: 'coll_traits' defined as a struct template here but previously declared as a class template; this is valid, but may result in linker errors under the Microsoft C++ ABI [-Wmismatched-tags]
struct coll_traits< Simple<ITEM, TAG> >
^
../tagcoll/coll/base.h:37:1: note: did you mean struct here?
class coll_traits;
^~~~~
struct
In file included from tagcoll.cc:54:
../tagcoll/coll/fast.h:39:1: warning: 'coll_traits' defined as a struct template here but previously declared as a class template; this is valid, but may result in linker errors under the Microsoft C++ ABI [-Wmismatched-tags]
struct coll_traits< Fast<ITEM, TAG> >
^
../tagcoll/coll/base.h:37:1: note: did you mean struct here?
class coll_traits;
^~~~~
struct
In file included from tagcoll.cc:57:
../tagcoll/TextFormat.h:40:1: warning: class template 'Patch' was previously declared as a struct template; this is valid, but may result in linker errors under the Microsoft C++ ABI [-Wmismatched-tags]
class Patch;
^
../tagcoll/patch.h:38:8: note: previous use is here
struct Patch
       ^
../tagcoll/TextFormat.h:40:1: note: did you mean struct here?
class Patch;
^~~~~
struct
In file included from tagcoll.cc:51:
../tagcoll/Implications.h:67:8: error: no viable overloaded '|='
                        res |= *t;
                        ~~~ ^  ~~
../tagcoll/Implications.h:149:38: note: in instantiation of function template specialization 'tagcoll::Implications<std::__cxx11::basic_string<char> >::expand<std::set<std::__cxx11::basic_string<char>, std::less<std::__cxx11::basic_string<char> >, std::allocator<std::__cxx11::basic_string<char> > > >' requested here
                *out = make_pair(data.first, impls.expand(data.second));
                                                   ^
tagcoll.cc:318:8: note: in instantiation of function template specialization 'tagcoll::AddImplied<std::__cxx11::basic_string<char>, tagcoll::AddDerived<tagcoll::AddImplied<std::__cxx11::basic_string<char>, FilterForwarder> > >::operator=<std::set<std::__cxx11::basic_string<char>, std::less<std::__cxx11::basic_string<char> >, std::allocator<std::__cxx11::basic_string<char> > >, std::set<std::__cxx11::basic_string<char>, std::less<std::__cxx11::basic_string<char> >, std::allocator<std::__cxx11::basic_string<char> > > >' requested here
                *out = data;
                     ^
tagcoll.cc:313:2: note: in instantiation of member function 'StringFilterStep<tagcoll::AddImplied<std::__cxx11::basic_string<char>, tagcoll::AddDerived<tagcoll::AddImplied<std::__cxx11::basic_string<char>, FilterForwarder> > > >::operator=' requested here
        StringFilterStep(const OUT& out) : out(out) {}
        ^
tagcoll.cc:345:13: note: in instantiation of member function 'StringFilterStep<tagcoll::AddImplied<std::__cxx11::basic_string<char>, tagcoll::AddDerived<tagcoll::AddImplied<std::__cxx11::basic_string<char>, FilterForwarder> > > >::StringFilterStep' requested here
        return new StringFilterStep<OUT>(out);
                   ^
tagcoll.cc:436:12: note: in instantiation of function template specialization 'filterStep<tagcoll::AddImplied<std::__cxx11::basic_string<char>, tagcoll::AddDerived<tagcoll::AddImplied<std::__cxx11::basic_string<char>, FilterForwarder> > > >' requested here
                                return filterStep(
                                       ^
/usr/bin/../lib/gcc/x86_64-linux-gnu/8/../../../../include/c++/8/bits/ios_base.h:99:3: note: candidate function not viable: no known conversion from 'std::set<basic_string<char> >' to 'std::_Ios_Fmtflags &' for 1st argument
  operator|=(_Ios_Fmtflags& __a, _Ios_Fmtflags __b)
  ^
/usr/bin/../lib/gcc/x86_64-linux-gnu/8/../../../../include/c++/8/bits/ios_base.h:141:3: note: candidate function not viable: no known conversion from 'std::set<basic_string<char> >' to 'std::_Ios_Openmode &' for 1st argument
  operator|=(_Ios_Openmode& __a, _Ios_Openmode __b)
  ^
/usr/bin/../lib/gcc/x86_64-linux-gnu/8/../../../../include/c++/8/bits/ios_base.h:181:3: note: candidate function not viable: no known conversion from 'std::set<basic_string<char> >' to 'std::_Ios_Iostate &' for 1st argument
  operator|=(_Ios_Iostate& __a, _Ios_Iostate __b)
  ^
In file included from tagcoll.cc:51:
../tagcoll/Implications.h:68:8: error: no viable overloaded '|='
                        res |= expand(*t);
                        ~~~ ^  ~~~~~~~~~~
/usr/bin/../lib/gcc/x86_64-linux-gnu/8/../../../../include/c++/8/bits/ios_base.h:99:3: note: candidate function not viable: no known conversion from 'std::set<basic_string<char> >' to 'std::_Ios_Fmtflags &' for 1st argument
  operator|=(_Ios_Fmtflags& __a, _Ios_Fmtflags __b)
  ^
/usr/bin/../lib/gcc/x86_64-linux-gnu/8/../../../../include/c++/8/bits/ios_base.h:141:3: note: candidate function not viable: no known conversion from 'std::set<basic_string<char> >' to 'std::_Ios_Openmode &' for 1st argument
  operator|=(_Ios_Openmode& __a, _Ios_Openmode __b)
  ^
/usr/bin/../lib/gcc/x86_64-linux-gnu/8/../../../../include/c++/8/bits/ios_base.h:181:3: note: candidate function not viable: no known conversion from 'std::set<basic_string<char> >' to 'std::_Ios_Iostate &' for 1st argument
  operator|=(_Ios_Iostate& __a, _Ios_Iostate __b)
  ^
In file included from tagcoll.cc:51:
../tagcoll/Implications.h:149:38: error: no matching member function for call to 'expand'
                *out = make_pair(data.first, impls.expand(data.second));
                                             ~~~~~~^~~~~~
../tagcoll/DerivedTags.h:113:8: note: in instantiation of function template specialization 'tagcoll::AddImplied<std::__cxx11::basic_string<char>, FilterForwarder>::operator=<std::set<std::__cxx11::basic_string<char>, std::less<std::__cxx11::basic_string<char> >, std::allocator<std::__cxx11::basic_string<char> > >, std::set<std::__cxx11::basic_string<char>, std::less<std::__cxx11::basic_string<char> >, std::allocator<std::__cxx11::basic_string<char> > > >' requested here
                *out = make_pair(data.first, newts);
                     ^
../tagcoll/Implications.h:149:8: note: in instantiation of function template specialization 'tagcoll::AddDerived<tagcoll::AddImplied<std::__cxx11::basic_string<char>, FilterForwarder> >::operator=<std::set<std::__cxx11::basic_string<char>, std::less<std::__cxx11::basic_string<char> >, std::allocator<std::__cxx11::basic_string<char> > >, std::set<std::__cxx11::basic_string<char>, std::less<std::__cxx11::basic_string<char> >, std::allocator<std::__cxx11::basic_string<char> > > >' requested here
                *out = make_pair(data.first, impls.expand(data.second));
                     ^
tagcoll.cc:318:8: note: in instantiation of function template specialization 'tagcoll::AddImplied<std::__cxx11::basic_string<char>, tagcoll::AddDerived<tagcoll::AddImplied<std::__cxx11::basic_string<char>, FilterForwarder> > >::operator=<std::set<std::__cxx11::basic_string<char>, std::less<std::__cxx11::basic_string<char> >, std::allocator<std::__cxx11::basic_string<char> > >, std::set<std::__cxx11::basic_string<char>, std::less<std::__cxx11::basic_string<char> >, std::allocator<std::__cxx11::basic_string<char> > > >' requested here
                *out = data;
                     ^
tagcoll.cc:313:2: note: in instantiation of member function 'StringFilterStep<tagcoll::AddImplied<std::__cxx11::basic_string<char>, tagcoll::AddDerived<tagcoll::AddImplied<std::__cxx11::basic_string<char>, FilterForwarder> > > >::operator=' requested here
        StringFilterStep(const OUT& out) : out(out) {}
        ^
tagcoll.cc:345:13: note: in instantiation of member function 'StringFilterStep<tagcoll::AddImplied<std::__cxx11::basic_string<char>, tagcoll::AddDerived<tagcoll::AddImplied<std::__cxx11::basic_string<char>, FilterForwarder> > > >::StringFilterStep' requested here
        return new StringFilterStep<OUT>(out);
                   ^
tagcoll.cc:436:12: note: in instantiation of function template specialization 'filterStep<tagcoll::AddImplied<std::__cxx11::basic_string<char>, tagcoll::AddDerived<tagcoll::AddImplied<std::__cxx11::basic_string<char>, FilterForwarder> > > >' requested here
                                return filterStep(
                                       ^
../tagcoll/Implications.h:51:16: note: candidate function not viable: no known conversion from 'const std::set<std::__cxx11::basic_string<char>, std::less<std::__cxx11::basic_string<char> >, std::allocator<std::__cxx11::basic_string<char> > >' to 'const std::__cxx11::basic_string<char>' for 1st argument
        std::set<TAG> expand(const TAG& tag) const
                      ^
../tagcoll/Implications.h:60:16: note: candidate template ignored: substitution failure [with IN = std::set<std::__cxx11::basic_string<char>, std::less<std::__cxx11::basic_string<char> >, std::allocator<std::__cxx11::basic_string<char> > >]
        std::set<TAG> expand(const IN& tags) const
                      ^
../tagcoll/Implications.h:149:38: error: no matching member function for call to 'expand'
                *out = make_pair(data.first, impls.expand(data.second));
                                             ~~~~~~^~~~~~
tagcoll.cc:324:8: note: in instantiation of function template specialization 'tagcoll::AddImplied<std::__cxx11::basic_string<char>, tagcoll::AddDerived<tagcoll::AddImplied<std::__cxx11::basic_string<char>, FilterForwarder> > >::operator=<wibble::Singleton<std::__cxx11::basic_string<char> >, std::set<std::__cxx11::basic_string<char>, std::less<std::__cxx11::basic_string<char> >, std::allocator<std::__cxx11::basic_string<char> > > >' requested here
                *out = data;
                     ^
tagcoll.cc:313:2: note: in instantiation of member function 'StringFilterStep<tagcoll::AddImplied<std::__cxx11::basic_string<char>, tagcoll::AddDerived<tagcoll::AddImplied<std::__cxx11::basic_string<char>, FilterForwarder> > > >::operator=' requested here
        StringFilterStep(const OUT& out) : out(out) {}
        ^
tagcoll.cc:345:13: note: in instantiation of member function 'StringFilterStep<tagcoll::AddImplied<std::__cxx11::basic_string<char>, tagcoll::AddDerived<tagcoll::AddImplied<std::__cxx11::basic_string<char>, FilterForwarder> > > >::StringFilterStep' requested here
        return new StringFilterStep<OUT>(out);
                   ^
tagcoll.cc:436:12: note: in instantiation of function template specialization 'filterStep<tagcoll::AddImplied<std::__cxx11::basic_string<char>, tagcoll::AddDerived<tagcoll::AddImplied<std::__cxx11::basic_string<char>, FilterForwarder> > > >' requested here
                                return filterStep(
                                       ^
../tagcoll/Implications.h:51:16: note: candidate function not viable: no known conversion from 'const std::set<std::__cxx11::basic_string<char>, std::less<std::__cxx11::basic_string<char> >, std::allocator<std::__cxx11::basic_string<char> > >' to 'const std::__cxx11::basic_string<char>' for 1st argument
        std::set<TAG> expand(const TAG& tag) const
                      ^
../tagcoll/Implications.h:60:16: note: candidate template ignored: substitution failure [with IN = std::set<std::__cxx11::basic_string<char>, std::less<std::__cxx11::basic_string<char> >, std::allocator<std::__cxx11::basic_string<char> > >]
        std::set<TAG> expand(const IN& tags) const
                      ^
../tagcoll/Implications.h:67:8: error: no viable overloaded '|='
                        res |= *t;
                        ~~~ ^  ~~
../tagcoll/Implications.h:149:38: note: in instantiation of function template specialization 'tagcoll::Implications<std::__cxx11::basic_string<char> >::expand<wibble::Empty<std::__cxx11::basic_string<char> > >' requested here
                *out = make_pair(data.first, impls.expand(data.second));
                                                   ^
tagcoll.cc:330:8: note: in instantiation of function template specialization 'tagcoll::AddImplied<std::__cxx11::basic_string<char>, tagcoll::AddDerived<tagcoll::AddImplied<std::__cxx11::basic_string<char>, FilterForwarder> > >::operator=<std::set<std::__cxx11::basic_string<char>, std::less<std::__cxx11::basic_string<char> >, std::allocator<std::__cxx11::basic_string<char> > >, wibble::Empty<std::__cxx11::basic_string<char> > >' requested here
                *out = data;
                     ^
tagcoll.cc:313:2: note: in instantiation of member function 'StringFilterStep<tagcoll::AddImplied<std::__cxx11::basic_string<char>, tagcoll::AddDerived<tagcoll::AddImplied<std::__cxx11::basic_string<char>, FilterForwarder> > > >::operator=' requested here
        StringFilterStep(const OUT& out) : out(out) {}
        ^
tagcoll.cc:345:13: note: in instantiation of member function 'StringFilterStep<tagcoll::AddImplied<std::__cxx11::basic_string<char>, tagcoll::AddDerived<tagcoll::AddImplied<std::__cxx11::basic_string<char>, FilterForwarder> > > >::StringFilterStep' requested here
        return new StringFilterStep<OUT>(out);
                   ^
tagcoll.cc:436:12: note: in instantiation of function template specialization 'filterStep<tagcoll::AddImplied<std::__cxx11::basic_string<char>, tagcoll::AddDerived<tagcoll::AddImplied<std::__cxx11::basic_string<char>, FilterForwarder> > > >' requested here
                                return filterStep(
                                       ^
/usr/bin/../lib/gcc/x86_64-linux-gnu/8/../../../../include/c++/8/bits/ios_base.h:99:3: note: candidate function not viable: no known conversion from 'std::set<basic_string<char> >' to 'std::_Ios_Fmtflags &' for 1st argument
  operator|=(_Ios_Fmtflags& __a, _Ios_Fmtflags __b)
  ^
/usr/bin/../lib/gcc/x86_64-linux-gnu/8/../../../../include/c++/8/bits/ios_base.h:141:3: note: candidate function not viable: no known conversion from 'std::set<basic_string<char> >' to 'std::_Ios_Openmode &' for 1st argument
  operator|=(_Ios_Openmode& __a, _Ios_Openmode __b)
  ^
/usr/bin/../lib/gcc/x86_64-linux-gnu/8/../../../../include/c++/8/bits/ios_base.h:181:3: note: candidate function not viable: no known conversion from 'std::set<basic_string<char> >' to 'std::_Ios_Iostate &' for 1st argument
  operator|=(_Ios_Iostate& __a, _Ios_Iostate __b)
  ^
In file included from tagcoll.cc:51:
../tagcoll/Implications.h:68:8: error: no viable overloaded '|='
                        res |= expand(*t);
                        ~~~ ^  ~~~~~~~~~~
/usr/bin/../lib/gcc/x86_64-linux-gnu/8/../../../../include/c++/8/bits/ios_base.h:99:3: note: candidate function not viable: no known conversion from 'std::set<basic_string<char> >' to 'std::_Ios_Fmtflags &' for 1st argument
  operator|=(_Ios_Fmtflags& __a, _Ios_Fmtflags __b)
  ^
/usr/bin/../lib/gcc/x86_64-linux-gnu/8/../../../../include/c++/8/bits/ios_base.h:141:3: note: candidate function not viable: no known conversion from 'std::set<basic_string<char> >' to 'std::_Ios_Openmode &' for 1st argument
  operator|=(_Ios_Openmode& __a, _Ios_Openmode __b)
  ^
/usr/bin/../lib/gcc/x86_64-linux-gnu/8/../../../../include/c++/8/bits/ios_base.h:181:3: note: candidate function not viable: no known conversion from 'std::set<basic_string<char> >' to 'std::_Ios_Iostate &' for 1st argument
  operator|=(_Ios_Iostate& __a, _Ios_Iostate __b)
  ^
In file included from tagcoll.cc:51:
../tagcoll/Implications.h:149:38: error: no matching member function for call to 'expand'
                *out = make_pair(data.first, impls.expand(data.second));
                                             ~~~~~~^~~~~~
tagcoll.cc:336:8: note: in instantiation of function template specialization 'tagcoll::AddImplied<std::__cxx11::basic_string<char>, tagcoll::AddDerived<tagcoll::AddImplied<std::__cxx11::basic_string<char>, FilterForwarder> > >::operator=<wibble::Singleton<std::__cxx11::basic_string<char> >, wibble::Empty<std::__cxx11::basic_string<char> > >' requested here
                *out = data;
                     ^
tagcoll.cc:313:2: note: in instantiation of member function 'StringFilterStep<tagcoll::AddImplied<std::__cxx11::basic_string<char>, tagcoll::AddDerived<tagcoll::AddImplied<std::__cxx11::basic_string<char>, FilterForwarder> > > >::operator=' requested here
        StringFilterStep(const OUT& out) : out(out) {}
        ^
tagcoll.cc:345:13: note: in instantiation of member function 'StringFilterStep<tagcoll::AddImplied<std::__cxx11::basic_string<char>, tagcoll::AddDerived<tagcoll::AddImplied<std::__cxx11::basic_string<char>, FilterForwarder> > > >::StringFilterStep' requested here
        return new StringFilterStep<OUT>(out);
                   ^
tagcoll.cc:436:12: note: in instantiation of function template specialization 'filterStep<tagcoll::AddImplied<std::__cxx11::basic_string<char>, tagcoll::AddDerived<tagcoll::AddImplied<std::__cxx11::basic_string<char>, FilterForwarder> > > >' requested here
                                return filterStep(
                                       ^
../tagcoll/Implications.h:51:16: note: candidate function not viable: no known conversion from 'const wibble::Empty<std::__cxx11::basic_string<char> >' to 'const std::__cxx11::basic_string<char>' for 1st argument
        std::set<TAG> expand(const TAG& tag) const
                      ^
../tagcoll/Implications.h:60:16: note: candidate template ignored: substitution failure [with IN = wibble::Empty<std::__cxx11::basic_string<char> >]
        std::set<TAG> expand(const IN& tags) const
                      ^
tagcoll.cc:318:8: error: no viable overloaded '='
                *out = data;
                ~~~~ ^ ~~~~
tagcoll.cc:313:2: note: in instantiation of member function 'StringFilterStep<tagcoll::AddImplied<std::__cxx11::basic_string<char>, FilterForwarder> >::operator=' requested here
        StringFilterStep(const OUT& out) : out(out) {}
        ^
tagcoll.cc:345:13: note: in instantiation of member function 'StringFilterStep<tagcoll::AddImplied<std::__cxx11::basic_string<char>, FilterForwarder> >::StringFilterStep' requested here
        return new StringFilterStep<OUT>(out);
                   ^
tagcoll.cc:441:12: note: in instantiation of function template specialization 'filterStep<tagcoll::AddImplied<std::__cxx11::basic_string<char>, FilterForwarder> >' requested here
                                return filterStep(addImplied(implications, FilterForwarder(out)));
                                       ^
../tagcoll/Implications.h:136:7: note: candidate function (the implicit copy assignment operator) not viable: no known conversion from 'const pair<set<std::__cxx11::string>, set<std::__cxx11::string> >' (aka 'const pair<set<basic_string<char> >, set<basic_string<char> > >') to 'const tagcoll::AddImplied<std::__cxx11::basic_string<char>, FilterForwarder>' for 1st argument
class AddImplied : public wibble::mixin::OutputIterator< AddImplied<TAG, OUT> >
      ^
../tagcoll/Implications.h:147:24: note: candidate template ignored: substitution failure [with ITEMS = std::set<std::__cxx11::basic_string<char>, std::less<std::__cxx11::basic_string<char> >, std::allocator<std::__cxx11::basic_string<char> > >, TAGS = std::set<std::__cxx11::basic_string<char>, std::less<std::__cxx11::basic_string<char> >, std::allocator<std::__cxx11::basic_string<char> > >]
        AddImplied<TAG, OUT>& operator=(const std::pair<ITEMS, TAGS>& data)
                              ^
../tagcoll/Implications.h:149:38: error: no matching member function for call to 'expand'
                *out = make_pair(data.first, impls.expand(data.second));
                                             ~~~~~~^~~~~~
tagcoll.cc:324:8: note: in instantiation of function template specialization 'tagcoll::AddImplied<std::__cxx11::basic_string<char>, FilterForwarder>::operator=<wibble::Singleton<std::__cxx11::basic_string<char> >, std::set<std::__cxx11::basic_string<char>, std::less<std::__cxx11::basic_string<char> >, std::allocator<std::__cxx11::basic_string<char> > > >' requested here
                *out = data;
                     ^
tagcoll.cc:313:2: note: in instantiation of member function 'StringFilterStep<tagcoll::AddImplied<std::__cxx11::basic_string<char>, FilterForwarder> >::operator=' requested here
        StringFilterStep(const OUT& out) : out(out) {}
        ^
tagcoll.cc:345:13: note: in instantiation of member function 'StringFilterStep<tagcoll::AddImplied<std::__cxx11::basic_string<char>, FilterForwarder> >::StringFilterStep' requested here
        return new StringFilterStep<OUT>(out);
                   ^
tagcoll.cc:441:12: note: in instantiation of function template specialization 'filterStep<tagcoll::AddImplied<std::__cxx11::basic_string<char>, FilterForwarder> >' requested here
                                return filterStep(addImplied(implications, FilterForwarder(out)));
                                       ^
../tagcoll/Implications.h:51:16: note: candidate function not viable: no known conversion from 'const std::set<std::__cxx11::basic_string<char>, std::less<std::__cxx11::basic_string<char> >, std::allocator<std::__cxx11::basic_string<char> > >' to 'const std::__cxx11::basic_string<char>' for 1st argument
        std::set<TAG> expand(const TAG& tag) const
                      ^
../tagcoll/Implications.h:60:16: note: candidate template ignored: substitution failure [with IN = std::set<std::__cxx11::basic_string<char>, std::less<std::__cxx11::basic_string<char> >, std::allocator<std::__cxx11::basic_string<char> > >]
        std::set<TAG> expand(const IN& tags) const
                      ^
../tagcoll/Implications.h:149:38: error: no matching member function for call to 'expand'
                *out = make_pair(data.first, impls.expand(data.second));
                                             ~~~~~~^~~~~~
tagcoll.cc:330:8: note: in instantiation of function template specialization 'tagcoll::AddImplied<std::__cxx11::basic_string<char>, FilterForwarder>::operator=<std::set<std::__cxx11::basic_string<char>, std::less<std::__cxx11::basic_string<char> >, std::allocator<std::__cxx11::basic_string<char> > >, wibble::Empty<std::__cxx11::basic_string<char> > >' requested here
                *out = data;
                     ^
tagcoll.cc:313:2: note: in instantiation of member function 'StringFilterStep<tagcoll::AddImplied<std::__cxx11::basic_string<char>, FilterForwarder> >::operator=' requested here
        StringFilterStep(const OUT& out) : out(out) {}
        ^
tagcoll.cc:345:13: note: in instantiation of member function 'StringFilterStep<tagcoll::AddImplied<std::__cxx11::basic_string<char>, FilterForwarder> >::StringFilterStep' requested here
        return new StringFilterStep<OUT>(out);
                   ^
tagcoll.cc:441:12: note: in instantiation of function template specialization 'filterStep<tagcoll::AddImplied<std::__cxx11::basic_string<char>, FilterForwarder> >' requested here
                                return filterStep(addImplied(implications, FilterForwarder(out)));
                                       ^
../tagcoll/Implications.h:51:16: note: candidate function not viable: no known conversion from 'const wibble::Empty<std::__cxx11::basic_string<char> >' to 'const std::__cxx11::basic_string<char>' for 1st argument
        std::set<TAG> expand(const TAG& tag) const
                      ^
../tagcoll/Implications.h:60:16: note: candidate template ignored: substitution failure [with IN = wibble::Empty<std::__cxx11::basic_string<char> >]
        std::set<TAG> expand(const IN& tags) const
                      ^
../tagcoll/Implications.h:149:38: error: no matching member function for call to 'expand'
                *out = make_pair(data.first, impls.expand(data.second));
                                             ~~~~~~^~~~~~
tagcoll.cc:336:8: note: in instantiation of function template specialization 'tagcoll::AddImplied<std::__cxx11::basic_string<char>, FilterForwarder>::operator=<wibble::Singleton<std::__cxx11::basic_string<char> >, wibble::Empty<std::__cxx11::basic_string<char> > >' requested here
                *out = data;
                     ^
tagcoll.cc:313:2: note: in instantiation of member function 'StringFilterStep<tagcoll::AddImplied<std::__cxx11::basic_string<char>, FilterForwarder> >::operator=' requested here
        StringFilterStep(const OUT& out) : out(out) {}
        ^
tagcoll.cc:345:13: note: in instantiation of member function 'StringFilterStep<tagcoll::AddImplied<std::__cxx11::basic_string<char>, FilterForwarder> >::StringFilterStep' requested here
        return new StringFilterStep<OUT>(out);
                   ^
tagcoll.cc:441:12: note: in instantiation of function template specialization 'filterStep<tagcoll::AddImplied<std::__cxx11::basic_string<char>, FilterForwarder> >' requested here
                                return filterStep(addImplied(implications, FilterForwarder(out)));
                                       ^
../tagcoll/Implications.h:51:16: note: candidate function not viable: no known conversion from 'const wibble::Empty<std::__cxx11::basic_string<char> >' to 'const std::__cxx11::basic_string<char>' for 1st argument
        std::set<TAG> expand(const TAG& tag) const
                      ^
../tagcoll/Implications.h:60:16: note: candidate template ignored: substitution failure [with IN = wibble::Empty<std::__cxx11::basic_string<char> >]
        std::set<TAG> expand(const IN& tags) const
                      ^
../tagcoll/Implications.h:149:38: error: no matching member function for call to 'expand'
                *out = make_pair(data.first, impls.expand(data.second));
                                             ~~~~~~^~~~~~
tagcoll.cc:318:8: note: in instantiation of function template specialization 'tagcoll::AddImplied<std::__cxx11::basic_string<char>, tagcoll::RemoveDerived<tagcoll::RemoveImplied<std::__cxx11::basic_string<char>, FilterForwarder> > >::operator=<std::set<std::__cxx11::basic_string<char>, std::less<std::__cxx11::basic_string<char> >, std::allocator<std::__cxx11::basic_string<char> > >, std::set<std::__cxx11::basic_string<char>, std::less<std::__cxx11::basic_string<char> >, std::allocator<std::__cxx11::basic_string<char> > > >' requested here
                *out = data;
                     ^
tagcoll.cc:313:2: note: in instantiation of member function 'StringFilterStep<tagcoll::AddImplied<std::__cxx11::basic_string<char>, tagcoll::RemoveDerived<tagcoll::RemoveImplied<std::__cxx11::basic_string<char>, FilterForwarder> > > >::operator=' requested here
        StringFilterStep(const OUT& out) : out(out) {}
        ^
tagcoll.cc:345:13: note: in instantiation of member function 'StringFilterStep<tagcoll::AddImplied<std::__cxx11::basic_string<char>, tagcoll::RemoveDerived<tagcoll::RemoveImplied<std::__cxx11::basic_string<char>, FilterForwarder> > > >::StringFilterStep' requested here
        return new StringFilterStep<OUT>(out);
                   ^
tagcoll.cc:484:13: note: in instantiation of function template specialization 'filterStep<tagcoll::AddImplied<std::__cxx11::basic_string<char>, tagcoll::RemoveDerived<tagcoll::RemoveImplied<std::__cxx11::basic_string<char>, FilterForwarder> > > >' requested here
                                        return filterStep(
                                               ^
../tagcoll/Implications.h:51:16: note: candidate function not viable: no known conversion from 'const std::set<std::__cxx11::basic_string<char>, std::less<std::__cxx11::basic_string<char> >, std::allocator<std::__cxx11::basic_string<char> > >' to 'const std::__cxx11::basic_string<char>' for 1st argument
        std::set<TAG> expand(const TAG& tag) const
                      ^
../tagcoll/Implications.h:60:16: note: candidate template ignored: substitution failure [with IN = std::set<std::__cxx11::basic_string<char>, std::less<std::__cxx11::basic_string<char> >, std::allocator<std::__cxx11::basic_string<char> > >]
        std::set<TAG> expand(const IN& tags) const
                      ^
../tagcoll/Implications.h:149:38: error: no matching member function for call to 'expand'
                *out = make_pair(data.first, impls.expand(data.second));
                                             ~~~~~~^~~~~~
tagcoll.cc:324:8: note: in instantiation of function template specialization 'tagcoll::AddImplied<std::__cxx11::basic_string<char>, tagcoll::RemoveDerived<tagcoll::RemoveImplied<std::__cxx11::basic_string<char>, FilterForwarder> > >::operator=<wibble::Singleton<std::__cxx11::basic_string<char> >, std::set<std::__cxx11::basic_string<char>, std::less<std::__cxx11::basic_string<char> >, std::allocator<std::__cxx11::basic_string<char> > > >' requested here
                *out = data;
                     ^
tagcoll.cc:313:2: note: in instantiation of member function 'StringFilterStep<tagcoll::AddImplied<std::__cxx11::basic_string<char>, tagcoll::RemoveDerived<tagcoll::RemoveImplied<std::__cxx11::basic_string<char>, FilterForwarder> > > >::operator=' requested here
        StringFilterStep(const OUT& out) : out(out) {}
        ^
tagcoll.cc:345:13: note: in instantiation of member function 'StringFilterStep<tagcoll::AddImplied<std::__cxx11::basic_string<char>, tagcoll::RemoveDerived<tagcoll::RemoveImplied<std::__cxx11::basic_string<char>, FilterForwarder> > > >::StringFilterStep' requested here
        return new StringFilterStep<OUT>(out);
                   ^
tagcoll.cc:484:13: note: in instantiation of function template specialization 'filterStep<tagcoll::AddImplied<std::__cxx11::basic_string<char>, tagcoll::RemoveDerived<tagcoll::RemoveImplied<std::__cxx11::basic_string<char>, FilterForwarder> > > >' requested here
                                        return filterStep(
                                               ^
../tagcoll/Implications.h:51:16: note: candidate function not viable: no known conversion from 'const std::set<std::__cxx11::basic_string<char>, std::less<std::__cxx11::basic_string<char> >, std::allocator<std::__cxx11::basic_string<char> > >' to 'const std::__cxx11::basic_string<char>' for 1st argument
        std::set<TAG> expand(const TAG& tag) const
                      ^
../tagcoll/Implications.h:60:16: note: candidate template ignored: substitution failure [with IN = std::set<std::__cxx11::basic_string<char>, std::less<std::__cxx11::basic_string<char> >, std::allocator<std::__cxx11::basic_string<char> > >]
        std::set<TAG> expand(const IN& tags) const
                      ^
../tagcoll/Implications.h:149:38: error: no matching member function for call to 'expand'
                *out = make_pair(data.first, impls.expand(data.second));
                                             ~~~~~~^~~~~~
tagcoll.cc:330:8: note: in instantiation of function template specialization 'tagcoll::AddImplied<std::__cxx11::basic_string<char>, tagcoll::RemoveDerived<tagcoll::RemoveImplied<std::__cxx11::basic_string<char>, FilterForwarder> > >::operator=<std::set<std::__cxx11::basic_string<char>, std::less<std::__cxx11::basic_string<char> >, std::allocator<std::__cxx11::basic_string<char> > >, wibble::Empty<std::__cxx11::basic_string<char> > >' requested here
                *out = data;
                     ^
tagcoll.cc:313:2: note: in instantiation of member function 'StringFilterStep<tagcoll::AddImplied<std::__cxx11::basic_string<char>, tagcoll::RemoveDerived<tagcoll::RemoveImplied<std::__cxx11::basic_string<char>, FilterForwarder> > > >::operator=' requested here
        StringFilterStep(const OUT& out) : out(out) {}
        ^
tagcoll.cc:345:13: note: in instantiation of member function 'StringFilterStep<tagcoll::AddImplied<std::__cxx11::basic_string<char>, tagcoll::RemoveDerived<tagcoll::RemoveImplied<std::__cxx11::basic_string<char>, FilterForwarder> > > >::StringFilterStep' requested here
        return new StringFilterStep<OUT>(out);
                   ^
tagcoll.cc:484:13: note: in instantiation of function template specialization 'filterStep<tagcoll::AddImplied<std::__cxx11::basic_string<char>, tagcoll::RemoveDerived<tagcoll::RemoveImplied<std::__cxx11::basic_string<char>, FilterForwarder> > > >' requested here
                                        return filterStep(
                                               ^
../tagcoll/Implications.h:51:16: note: candidate function not viable: no known conversion from 'const wibble::Empty<std::__cxx11::basic_string<char> >' to 'const std::__cxx11::basic_string<char>' for 1st argument
        std::set<TAG> expand(const TAG& tag) const
                      ^
../tagcoll/Implications.h:60:16: note: candidate template ignored: substitution failure [with IN = wibble::Empty<std::__cxx11::basic_string<char> >]
        std::set<TAG> expand(const IN& tags) const
                      ^
../tagcoll/Implications.h:149:38: error: no matching member function for call to 'expand'
                *out = make_pair(data.first, impls.expand(data.second));
                                             ~~~~~~^~~~~~
tagcoll.cc:336:8: note: in instantiation of function template specialization 'tagcoll::AddImplied<std::__cxx11::basic_string<char>, tagcoll::RemoveDerived<tagcoll::RemoveImplied<std::__cxx11::basic_string<char>, FilterForwarder> > >::operator=<wibble::Singleton<std::__cxx11::basic_string<char> >, wibble::Empty<std::__cxx11::basic_string<char> > >' requested here
                *out = data;
                     ^
tagcoll.cc:313:2: note: in instantiation of member function 'StringFilterStep<tagcoll::AddImplied<std::__cxx11::basic_string<char>, tagcoll::RemoveDerived<tagcoll::RemoveImplied<std::__cxx11::basic_string<char>, FilterForwarder> > > >::operator=' requested here
        StringFilterStep(const OUT& out) : out(out) {}
        ^
tagcoll.cc:345:13: note: in instantiation of member function 'StringFilterStep<tagcoll::AddImplied<std::__cxx11::basic_string<char>, tagcoll::RemoveDerived<tagcoll::RemoveImplied<std::__cxx11::basic_string<char>, FilterForwarder> > > >::StringFilterStep' requested here
        return new StringFilterStep<OUT>(out);
                   ^
tagcoll.cc:484:13: note: in instantiation of function template specialization 'filterStep<tagcoll::AddImplied<std::__cxx11::basic_string<char>, tagcoll::RemoveDerived<tagcoll::RemoveImplied<std::__cxx11::basic_string<char>, FilterForwarder> > > >' requested here
                                        return filterStep(
                                               ^
../tagcoll/Implications.h:51:16: note: candidate function not viable: no known conversion from 'const wibble::Empty<std::__cxx11::basic_string<char> >' to 'const std::__cxx11::basic_string<char>' for 1st argument
        std::set<TAG> expand(const TAG& tag) const
                      ^
../tagcoll/Implications.h:60:16: note: candidate template ignored: substitution failure [with IN = wibble::Empty<std::__cxx11::basic_string<char> >]
        std::set<TAG> expand(const IN& tags) const
                      ^
3 warnings and 15 errors generated.
make[3]: *** [Makefile:619: tagcoll.o] Error 1
make[3]: Leaving directory '/<<PKGBUILDDIR>>/tools'
make[2]: *** [Makefile:502: all-recursive] Error 1
make[2]: Leaving directory '/<<PKGBUILDDIR>>'
make[1]: *** [Makefile:367: all] Error 2
make[1]: Leaving directory '/<<PKGBUILDDIR>>'
dh_auto_build: make -j1 returned exit code 2
make: *** [debian/rules:6: build-arch] Error 2
dpkg-buildpackage: error: debian/rules build-arch subprocess returned exit status 2
--------------------------------------------------------------------------------
Build finished at 2019-01-09T22:01:31Z

Finished
--------


+------------------------------------------------------------------------------+
| Cleanup                                                                      |
+------------------------------------------------------------------------------+

Purging /<<BUILDDIR>>
Not cleaning session: cloned chroot in use
E: Build failure (dpkg-buildpackage died)

+------------------------------------------------------------------------------+
| Summary                                                                      |
+------------------------------------------------------------------------------+

Build Architecture: amd64
Build Type: any
Build-Space: 11356
Build-Time: 11
Distribution: unstable
Fail-Stage: build
Host Architecture: amd64
Install-Time: 8
Job: tagcoll2_2.0.14-2
Machine Architecture: amd64
Package: tagcoll2
Package-Time: 34
Source-Version: 2.0.14-2
Space: 11356
Status: attempted
Version: 2.0.14-2
--------------------------------------------------------------------------------
Finished at 2019-01-09T22:01:31Z
Build needed 00:00:34, 11356k disk space
E: Build failure (dpkg-buildpackage died)
DC-Status: Failed 35.045659037s
DC-Time-Estimation: 35.045659037 versus expected 131 (r/m: 2.737980782775256 ; m: 35.045659037)
