DC-Build-Header: ale 0.9.0.3-4 / 2020-02-25 18:17:15 +0000
DC-Task: type:rebuild-binarch-only source:ale version:0.9.0.3-4 chroot:unstable esttime:84 logfile:/tmp/ale_0.9.0.3-4_unstable_clang10.log modes:clang10:binarch-only
DC-Sbuild-call: su user42 -c 'sbuild -n --arch-any --apt-update -d unstable -v --no-run-lintian --chroot-setup-commands=/tmp/clang10 ale_0.9.0.3-4'
sbuild (Debian sbuild) 0.78.1 (09 February 2019) on ip-172-31-3-240.eu-central-1.compute.internal

+==============================================================================+
| ale 0.9.0.3-4 (amd64)                        Tue, 25 Feb 2020 18:17:15 +0000 |
+==============================================================================+

Package: ale
Version: 0.9.0.3-4
Source Version: 0.9.0.3-4
Distribution: unstable
Machine Architecture: amd64
Host Architecture: amd64
Build Architecture: amd64
Build Type: binary

I: NOTICE: Log filtering will replace 'var/run/schroot/mount/sid-amd64-sbuild-b967e4e6-2535-426b-aca8-1426278883b0' with '<<CHROOT>>'

+------------------------------------------------------------------------------+
| Chroot Setup Commands                                                        |
+------------------------------------------------------------------------------+


/tmp/clang10
------------

+ echo 'Entering customization script...'
Entering customization script...
+ CLANG_VERSION=10
+ echo 'Install of clang-10'
Install of clang-10
+ apt-get update
Get:1 http://127.0.0.1:12990/debian sid InRelease [142 kB]
Get:2 http://127.0.0.1:12990/debian sid/main Sources.diff/Index [27.9 kB]
Get:3 http://127.0.0.1:12990/debian sid/main amd64 Packages.diff/Index [27.9 kB]
Get:4 http://127.0.0.1:12990/debian sid/main Sources 2020-02-24-0823.32.pdiff [11.0 kB]
Get:5 http://127.0.0.1:12990/debian sid/main Sources 2020-02-24-1420.34.pdiff [30.2 kB]
Get:6 http://127.0.0.1:12990/debian sid/main Sources 2020-02-24-2014.03.pdiff [16.9 kB]
Get:7 http://127.0.0.1:12990/debian sid/main Sources 2020-02-25-0213.11.pdiff [23.2 kB]
Get:8 http://127.0.0.1:12990/debian sid/main Sources 2020-02-25-0815.22.pdiff [9222 B]
Get:9 http://127.0.0.1:12990/debian sid/main Sources 2020-02-25-1413.15.pdiff [16.3 kB]
Get:10 http://127.0.0.1:12990/debian sid/main amd64 Packages 2020-02-24-0823.32.pdiff [15.5 kB]
Get:11 http://127.0.0.1:12990/debian sid/main amd64 Packages 2020-02-24-1420.34.pdiff [27.5 kB]
Get:12 http://127.0.0.1:12990/debian sid/main amd64 Packages 2020-02-24-2014.03.pdiff [21.6 kB]
Get:13 http://127.0.0.1:12990/debian sid/main amd64 Packages 2020-02-25-0213.11.pdiff [35.0 kB]
Get:14 http://127.0.0.1:12990/debian sid/main amd64 Packages 2020-02-25-0815.22.pdiff [20.1 kB]
Get:15 http://127.0.0.1:12990/debian sid/main amd64 Packages 2020-02-25-1413.15.pdiff [18.4 kB]
Get:9 http://127.0.0.1:12990/debian sid/main Sources 2020-02-25-1413.15.pdiff [16.3 kB]
Get:15 http://127.0.0.1:12990/debian sid/main amd64 Packages 2020-02-25-1413.15.pdiff [18.4 kB]
Get:16 http://127.0.0.1:12990/debian sid/main Translation-en [6195 kB]
Fetched 6638 kB in 2s (3617 kB/s)
Reading package lists...
+ apt-get install --yes --no-install-recommends --force-yes clang-10 libomp-10-dev libobjc-9-dev
Reading package lists...
Building dependency tree...
The following additional packages will be installed:
  cpp-9 g++-9 gcc-9 gcc-9-base lib32gcc-s1 lib32gcc1 lib32stdc++6 libasan5
  libbsd0 libc6-i386 libclang-common-10-dev libclang-cpp10 libclang1-10
  libedit2 libgc1c2 libgcc-9-dev libllvm10 libobjc4 libomp5-10 libstdc++-9-dev
  libz3-4
Suggested packages:
  clang-10-doc gcc-9-locales g++-9-multilib gcc-9-doc gcc-9-multilib
  libomp-10-doc libstdc++-9-doc
Recommended packages:
  llvm-10-dev python3
The following NEW packages will be installed:
  clang-10 lib32gcc-s1 lib32gcc1 lib32stdc++6 libbsd0 libc6-i386
  libclang-common-10-dev libclang-cpp10 libclang1-10 libedit2 libgc1c2
  libllvm10 libobjc-9-dev libobjc4 libomp-10-dev libomp5-10 libz3-4
The following packages will be upgraded:
  cpp-9 g++-9 gcc-9 gcc-9-base libasan5 libgcc-9-dev libstdc++-9-dev
7 upgraded, 17 newly installed, 0 to remove and 3 not upgraded.
Need to get 81.5 MB of archives.
After this operation, 238 MB of additional disk space will be used.
Get:1 http://127.0.0.1:12990/debian sid/main amd64 libasan5 amd64 9.2.1-30 [389 kB]
Get:2 http://127.0.0.1:12990/debian sid/main amd64 g++-9 amd64 9.2.1-30 [10.7 MB]
Get:3 http://127.0.0.1:12990/debian sid/main amd64 gcc-9 amd64 9.2.1-30 [10.0 MB]
Get:4 http://127.0.0.1:12990/debian sid/main amd64 libstdc++-9-dev amd64 9.2.1-30 [1697 kB]
Get:5 http://127.0.0.1:12990/debian sid/main amd64 libgcc-9-dev amd64 9.2.1-30 [2349 kB]
Get:6 http://127.0.0.1:12990/debian sid/main amd64 cpp-9 amd64 9.2.1-30 [9711 kB]
Get:7 http://127.0.0.1:12990/debian sid/main amd64 gcc-9-base amd64 9.2.1-30 [196 kB]
Get:8 http://127.0.0.1:12990/debian sid/main amd64 libbsd0 amd64 0.10.0-1 [107 kB]
Get:9 http://127.0.0.1:12990/debian sid/main amd64 libedit2 amd64 3.1-20191231-1 [95.4 kB]
Get:10 http://127.0.0.1:12990/debian sid/main amd64 libz3-4 amd64 4.8.7-4 [6790 kB]
Get:11 http://127.0.0.1:12990/debian sid/main amd64 libllvm10 amd64 1:10.0.0~+rc2-1 [15.5 MB]
Get:12 http://127.0.0.1:12990/debian sid/main amd64 libclang-cpp10 amd64 1:10.0.0~+rc2-1 [9069 kB]
Get:13 http://127.0.0.1:12990/debian sid/main amd64 libgc1c2 amd64 1:7.6.4-0.4 [224 kB]
Get:14 http://127.0.0.1:12990/debian sid/main amd64 libobjc4 amd64 10-20200222-1 [41.6 kB]
Get:15 http://127.0.0.1:12990/debian sid/main amd64 libobjc-9-dev amd64 9.2.1-30 [219 kB]
Get:16 http://127.0.0.1:12990/debian sid/main amd64 libc6-i386 amd64 2.29-10 [2918 kB]
Get:17 http://127.0.0.1:12990/debian sid/main amd64 lib32gcc-s1 amd64 10-20200222-1 [49.4 kB]
Get:18 http://127.0.0.1:12990/debian sid/main amd64 lib32gcc1 amd64 1:10-20200222-1 [1104 B]
Get:19 http://127.0.0.1:12990/debian sid/main amd64 lib32stdc++6 amd64 10-20200222-1 [510 kB]
Get:20 http://127.0.0.1:12990/debian sid/main amd64 libclang-common-10-dev amd64 1:10.0.0~+rc2-1 [2782 kB]
Get:21 http://127.0.0.1:12990/debian sid/main amd64 libclang1-10 amd64 1:10.0.0~+rc2-1 [7607 kB]
Get:22 http://127.0.0.1:12990/debian sid/main amd64 clang-10 amd64 1:10.0.0~+rc2-1 [103 kB]
Get:23 http://127.0.0.1:12990/debian sid/main amd64 libomp5-10 amd64 1:10.0.0~+rc2-1 [337 kB]
Get:24 http://127.0.0.1:12990/debian sid/main amd64 libomp-10-dev amd64 1:10.0.0~+rc2-1 [84.3 kB]
debconf: delaying package configuration, since apt-utils is not installed
Fetched 81.5 MB in 1s (97.0 MB/s)
(Reading database ... (Reading database ... 5%(Reading database ... 10%(Reading database ... 15%(Reading database ... 20%(Reading database ... 25%(Reading database ... 30%(Reading database ... 35%(Reading database ... 40%(Reading database ... 45%(Reading database ... 50%(Reading database ... 55%(Reading database ... 60%(Reading database ... 65%(Reading database ... 70%(Reading database ... 75%(Reading database ... 80%(Reading database ... 85%(Reading database ... 90%(Reading database ... 95%(Reading database ... 100%(Reading database ... 12119 files and directories currently installed.)
Preparing to unpack .../00-libasan5_9.2.1-30_amd64.deb ...
Unpacking libasan5:amd64 (9.2.1-30) over (9.2.1-29) ...
Preparing to unpack .../01-g++-9_9.2.1-30_amd64.deb ...
Unpacking g++-9 (9.2.1-30) over (9.2.1-29) ...
Preparing to unpack .../02-gcc-9_9.2.1-30_amd64.deb ...
Unpacking gcc-9 (9.2.1-30) over (9.2.1-29) ...
Preparing to unpack .../03-libstdc++-9-dev_9.2.1-30_amd64.deb ...
Unpacking libstdc++-9-dev:amd64 (9.2.1-30) over (9.2.1-29) ...
Preparing to unpack .../04-libgcc-9-dev_9.2.1-30_amd64.deb ...
Unpacking libgcc-9-dev:amd64 (9.2.1-30) over (9.2.1-29) ...
Preparing to unpack .../05-cpp-9_9.2.1-30_amd64.deb ...
Unpacking cpp-9 (9.2.1-30) over (9.2.1-29) ...
Preparing to unpack .../06-gcc-9-base_9.2.1-30_amd64.deb ...
Unpacking gcc-9-base:amd64 (9.2.1-30) over (9.2.1-29) ...
Selecting previously unselected package libbsd0:amd64.
Preparing to unpack .../07-libbsd0_0.10.0-1_amd64.deb ...
Unpacking libbsd0:amd64 (0.10.0-1) ...
Selecting previously unselected package libedit2:amd64.
Preparing to unpack .../08-libedit2_3.1-20191231-1_amd64.deb ...
Unpacking libedit2:amd64 (3.1-20191231-1) ...
Selecting previously unselected package libz3-4:amd64.
Preparing to unpack .../09-libz3-4_4.8.7-4_amd64.deb ...
Unpacking libz3-4:amd64 (4.8.7-4) ...
Selecting previously unselected package libllvm10:amd64.
Preparing to unpack .../10-libllvm10_1%3a10.0.0~+rc2-1_amd64.deb ...
Unpacking libllvm10:amd64 (1:10.0.0~+rc2-1) ...
Selecting previously unselected package libclang-cpp10.
Preparing to unpack .../11-libclang-cpp10_1%3a10.0.0~+rc2-1_amd64.deb ...
Unpacking libclang-cpp10 (1:10.0.0~+rc2-1) ...
Selecting previously unselected package libgc1c2:amd64.
Preparing to unpack .../12-libgc1c2_1%3a7.6.4-0.4_amd64.deb ...
Unpacking libgc1c2:amd64 (1:7.6.4-0.4) ...
Selecting previously unselected package libobjc4:amd64.
Preparing to unpack .../13-libobjc4_10-20200222-1_amd64.deb ...
Unpacking libobjc4:amd64 (10-20200222-1) ...
Selecting previously unselected package libobjc-9-dev:amd64.
Preparing to unpack .../14-libobjc-9-dev_9.2.1-30_amd64.deb ...
Unpacking libobjc-9-dev:amd64 (9.2.1-30) ...
Selecting previously unselected package libc6-i386.
Preparing to unpack .../15-libc6-i386_2.29-10_amd64.deb ...
Unpacking libc6-i386 (2.29-10) ...
Selecting previously unselected package lib32gcc-s1.
Preparing to unpack .../16-lib32gcc-s1_10-20200222-1_amd64.deb ...
Unpacking lib32gcc-s1 (10-20200222-1) ...
Selecting previously unselected package lib32gcc1.
Preparing to unpack .../17-lib32gcc1_1%3a10-20200222-1_amd64.deb ...
Unpacking lib32gcc1 (1:10-20200222-1) ...
Selecting previously unselected package lib32stdc++6.
Preparing to unpack .../18-lib32stdc++6_10-20200222-1_amd64.deb ...
Unpacking lib32stdc++6 (10-20200222-1) ...
Selecting previously unselected package libclang-common-10-dev.
Preparing to unpack .../19-libclang-common-10-dev_1%3a10.0.0~+rc2-1_amd64.deb ...
Unpacking libclang-common-10-dev (1:10.0.0~+rc2-1) ...
Selecting previously unselected package libclang1-10.
Preparing to unpack .../20-libclang1-10_1%3a10.0.0~+rc2-1_amd64.deb ...
Unpacking libclang1-10 (1:10.0.0~+rc2-1) ...
Selecting previously unselected package clang-10.
Preparing to unpack .../21-clang-10_1%3a10.0.0~+rc2-1_amd64.deb ...
Unpacking clang-10 (1:10.0.0~+rc2-1) ...
Selecting previously unselected package libomp5-10:amd64.
Preparing to unpack .../22-libomp5-10_1%3a10.0.0~+rc2-1_amd64.deb ...
Unpacking libomp5-10:amd64 (1:10.0.0~+rc2-1) ...
Selecting previously unselected package libomp-10-dev.
Preparing to unpack .../23-libomp-10-dev_1%3a10.0.0~+rc2-1_amd64.deb ...
Unpacking libomp-10-dev (1:10.0.0~+rc2-1) ...
Setting up libgc1c2:amd64 (1:7.6.4-0.4) ...
Setting up libobjc4:amd64 (10-20200222-1) ...
Setting up libz3-4:amd64 (4.8.7-4) ...
Setting up libomp5-10:amd64 (1:10.0.0~+rc2-1) ...
Setting up libc6-i386 (2.29-10) ...
Setting up libbsd0:amd64 (0.10.0-1) ...
Setting up gcc-9-base:amd64 (9.2.1-30) ...
Setting up libomp-10-dev (1:10.0.0~+rc2-1) ...
Setting up libedit2:amd64 (3.1-20191231-1) ...
Setting up libllvm10:amd64 (1:10.0.0~+rc2-1) ...
Setting up libasan5:amd64 (9.2.1-30) ...
Setting up lib32gcc-s1 (10-20200222-1) ...
Setting up libclang1-10 (1:10.0.0~+rc2-1) ...
Setting up cpp-9 (9.2.1-30) ...
Setting up lib32gcc1 (1:10-20200222-1) ...
Setting up libclang-cpp10 (1:10.0.0~+rc2-1) ...
Setting up libgcc-9-dev:amd64 (9.2.1-30) ...
Setting up lib32stdc++6 (10-20200222-1) ...
Setting up libobjc-9-dev:amd64 (9.2.1-30) ...
Setting up gcc-9 (9.2.1-30) ...
Setting up libstdc++-9-dev:amd64 (9.2.1-30) ...
Setting up libclang-common-10-dev (1:10.0.0~+rc2-1) ...
Setting up g++-9 (9.2.1-30) ...
Setting up clang-10 (1:10.0.0~+rc2-1) ...
Processing triggers for libc-bin (2.29-10) ...
W: --force-yes is deprecated, use one of the options starting with --allow instead.
+ echo 'Replace gcc, g++ & cpp by clang'
Replace gcc, g++ & cpp by clang
+ VERSIONS='4.6 4.7 4.8 4.9 5 6 7 8 9 10'
+ cd /usr/bin
+ for VERSION in $VERSIONS
+ rm -f g++-4.6 gcc-4.6 cpp-4.6 gcc
+ ln -s clang++-10 g++-4.6
+ ln -s clang-10 gcc-4.6
+ ln -s clang-10 cpp-4.6
+ ln -s clang-10 gcc
+ echo 'gcc-4.6 hold'
+ dpkg --set-selections
dpkg: warning: package not in status nor available database at line 1: gcc-4.6
dpkg: warning: found unknown packages; this might mean the available database
is outdated, and needs to be updated through a frontend method;
please see the FAQ <https://wiki.debian.org/Teams/Dpkg/FAQ>
+ echo 'g++-4.6 hold'
+ dpkg --set-selections
dpkg: warning: package not in status nor available database at line 1: g++-4.6
dpkg: warning: found unknown packages; this might mean the available database
is outdated, and needs to be updated through a frontend method;
please see the FAQ <https://wiki.debian.org/Teams/Dpkg/FAQ>
+ for VERSION in $VERSIONS
+ rm -f g++-4.7 gcc-4.7 cpp-4.7 gcc
+ ln -s clang++-10 g++-4.7
+ ln -s clang-10 gcc-4.7
+ ln -s clang-10 cpp-4.7
+ ln -s clang-10 gcc
+ echo 'gcc-4.7 hold'
+ dpkg --set-selections
dpkg: warning: package not in status nor available database at line 1: gcc-4.7
dpkg: warning: found unknown packages; this might mean the available database
is outdated, and needs to be updated through a frontend method;
please see the FAQ <https://wiki.debian.org/Teams/Dpkg/FAQ>
+ echo 'g++-4.7 hold'
+ dpkg --set-selections
dpkg: warning: package not in status nor available database at line 1: g++-4.7
dpkg: warning: found unknown packages; this might mean the available database
is outdated, and needs to be updated through a frontend method;
please see the FAQ <https://wiki.debian.org/Teams/Dpkg/FAQ>
+ for VERSION in $VERSIONS
+ rm -f g++-4.8 gcc-4.8 cpp-4.8 gcc
+ ln -s clang++-10 g++-4.8
+ ln -s clang-10 gcc-4.8
+ ln -s clang-10 cpp-4.8
+ ln -s clang-10 gcc
+ echo 'gcc-4.8 hold'
+ dpkg --set-selections
dpkg: warning: package not in status nor available database at line 1: gcc-4.8
dpkg: warning: found unknown packages; this might mean the available database
is outdated, and needs to be updated through a frontend method;
please see the FAQ <https://wiki.debian.org/Teams/Dpkg/FAQ>
+ echo 'g++-4.8 hold'
+ dpkg --set-selections
dpkg: warning: package not in status nor available database at line 1: g++-4.8
dpkg: warning: found unknown packages; this might mean the available database
is outdated, and needs to be updated through a frontend method;
please see the FAQ <https://wiki.debian.org/Teams/Dpkg/FAQ>
+ for VERSION in $VERSIONS
+ rm -f g++-4.9 gcc-4.9 cpp-4.9 gcc
+ ln -s clang++-10 g++-4.9
+ ln -s clang-10 gcc-4.9
+ ln -s clang-10 cpp-4.9
+ ln -s clang-10 gcc
+ echo 'gcc-4.9 hold'
+ dpkg --set-selections
dpkg: warning: package not in status nor available database at line 1: gcc-4.9
dpkg: warning: found unknown packages; this might mean the available database
is outdated, and needs to be updated through a frontend method;
please see the FAQ <https://wiki.debian.org/Teams/Dpkg/FAQ>
+ echo 'g++-4.9 hold'
+ dpkg --set-selections
dpkg: warning: package not in status nor available database at line 1: g++-4.9
dpkg: warning: found unknown packages; this might mean the available database
is outdated, and needs to be updated through a frontend method;
please see the FAQ <https://wiki.debian.org/Teams/Dpkg/FAQ>
+ for VERSION in $VERSIONS
+ rm -f g++-5 gcc-5 cpp-5 gcc
+ ln -s clang++-10 g++-5
+ ln -s clang-10 gcc-5
+ ln -s clang-10 cpp-5
+ ln -s clang-10 gcc
+ echo 'gcc-5 hold'
+ dpkg --set-selections
dpkg: warning: package not in status nor available database at line 1: gcc-5
dpkg: warning: found unknown packages; this might mean the available database
is outdated, and needs to be updated through a frontend method;
please see the FAQ <https://wiki.debian.org/Teams/Dpkg/FAQ>
+ echo 'g++-5 hold'
+ dpkg --set-selections
dpkg: warning: package not in status nor available database at line 1: g++-5
dpkg: warning: found unknown packages; this might mean the available database
is outdated, and needs to be updated through a frontend method;
please see the FAQ <https://wiki.debian.org/Teams/Dpkg/FAQ>
+ for VERSION in $VERSIONS
+ rm -f g++-6 gcc-6 cpp-6 gcc
+ ln -s clang++-10 g++-6
+ ln -s clang-10 gcc-6
+ ln -s clang-10 cpp-6
+ ln -s clang-10 gcc
+ echo 'gcc-6 hold'
+ dpkg --set-selections
dpkg: warning: package not in status nor available database at line 1: gcc-6
dpkg: warning: found unknown packages; this might mean the available database
is outdated, and needs to be updated through a frontend method;
please see the FAQ <https://wiki.debian.org/Teams/Dpkg/FAQ>
+ echo 'g++-6 hold'
+ dpkg --set-selections
dpkg: warning: package not in status nor available database at line 1: g++-6
dpkg: warning: found unknown packages; this might mean the available database
is outdated, and needs to be updated through a frontend method;
please see the FAQ <https://wiki.debian.org/Teams/Dpkg/FAQ>
+ for VERSION in $VERSIONS
+ rm -f g++-7 gcc-7 cpp-7 gcc
+ ln -s clang++-10 g++-7
+ ln -s clang-10 gcc-7
+ ln -s clang-10 cpp-7
+ ln -s clang-10 gcc
+ echo 'gcc-7 hold'
+ dpkg --set-selections
dpkg: warning: package not in status nor available database at line 1: gcc-7
dpkg: warning: found unknown packages; this might mean the available database
is outdated, and needs to be updated through a frontend method;
please see the FAQ <https://wiki.debian.org/Teams/Dpkg/FAQ>
+ echo 'g++-7 hold'
+ dpkg --set-selections
dpkg: warning: package not in status nor available database at line 1: g++-7
dpkg: warning: found unknown packages; this might mean the available database
is outdated, and needs to be updated through a frontend method;
please see the FAQ <https://wiki.debian.org/Teams/Dpkg/FAQ>
+ for VERSION in $VERSIONS
+ rm -f g++-8 gcc-8 cpp-8 gcc
+ ln -s clang++-10 g++-8
+ ln -s clang-10 gcc-8
+ ln -s clang-10 cpp-8
+ ln -s clang-10 gcc
+ echo 'gcc-8 hold'
+ dpkg --set-selections
dpkg: warning: package not in status nor available database at line 1: gcc-8
dpkg: warning: found unknown packages; this might mean the available database
is outdated, and needs to be updated through a frontend method;
please see the FAQ <https://wiki.debian.org/Teams/Dpkg/FAQ>
+ echo 'g++-8 hold'
+ dpkg --set-selections
dpkg: warning: package not in status nor available database at line 1: g++-8
dpkg: warning: found unknown packages; this might mean the available database
is outdated, and needs to be updated through a frontend method;
please see the FAQ <https://wiki.debian.org/Teams/Dpkg/FAQ>
+ for VERSION in $VERSIONS
+ rm -f g++-9 gcc-9 cpp-9 gcc
+ ln -s clang++-10 g++-9
+ ln -s clang-10 gcc-9
+ ln -s clang-10 cpp-9
+ ln -s clang-10 gcc
+ echo 'gcc-9 hold'
+ dpkg --set-selections
+ echo 'g++-9 hold'
+ dpkg --set-selections
+ for VERSION in $VERSIONS
+ rm -f g++-10 gcc-10 cpp-10 gcc
+ ln -s clang++-10 g++-10
+ ln -s clang-10 gcc-10
+ ln -s clang-10 cpp-10
+ ln -s clang-10 gcc
+ echo 'gcc-10 hold'
+ dpkg --set-selections
dpkg: warning: package not in status nor available database at line 1: gcc-10
dpkg: warning: found unknown packages; this might mean the available database
is outdated, and needs to be updated through a frontend method;
please see the FAQ <https://wiki.debian.org/Teams/Dpkg/FAQ>
+ echo 'g++-10 hold'
+ dpkg --set-selections
dpkg: warning: package not in status nor available database at line 1: g++-10
dpkg: warning: found unknown packages; this might mean the available database
is outdated, and needs to be updated through a frontend method;
please see the FAQ <https://wiki.debian.org/Teams/Dpkg/FAQ>
+ cd -
/build/ale-Q4O8Aa
+ echo 'Check if gcc, g++ & cpp are actually clang'
Check if gcc, g++ & cpp are actually clang
+ gcc --version
+ grep clang
+ cpp --version
+ grep clang
+ g++ --version
+ grep clang

I: Finished running '/tmp/clang10'.

Finished processing commands.
--------------------------------------------------------------------------------
I: NOTICE: Log filtering will replace 'build/ale-Q4O8Aa/resolver-wqHDwL' with '<<RESOLVERDIR>>'

+------------------------------------------------------------------------------+
| Update chroot                                                                |
+------------------------------------------------------------------------------+

Hit:1 http://127.0.0.1:12990/debian sid InRelease
Reading package lists...
Reading package lists...
Building dependency tree...
Reading state information...
Calculating upgrade...
The following packages will be upgraded:
  bash libgmp10 zlib1g
3 upgraded, 0 newly installed, 0 to remove and 0 not upgraded.
Need to get 1722 kB of archives.
After this operation, 4096 B of additional disk space will be used.
Get:1 http://127.0.0.1:12990/debian sid/main amd64 bash amd64 5.0-6 [1379 kB]
Get:2 http://127.0.0.1:12990/debian sid/main amd64 libgmp10 amd64 2:6.2.0+dfsg-4 [253 kB]
Get:3 http://127.0.0.1:12990/debian sid/main amd64 zlib1g amd64 1:1.2.11.dfsg-2 [90.4 kB]
debconf: delaying package configuration, since apt-utils is not installed
Fetched 1722 kB in 0s (69.2 MB/s)
(Reading database ... (Reading database ... 5%(Reading database ... 10%(Reading database ... 15%(Reading database ... 20%(Reading database ... 25%(Reading database ... 30%(Reading database ... 35%(Reading database ... 40%(Reading database ... 45%(Reading database ... 50%(Reading database ... 55%(Reading database ... 60%(Reading database ... 65%(Reading database ... 70%(Reading database ... 75%(Reading database ... 80%(Reading database ... 85%(Reading database ... 90%(Reading database ... 95%(Reading database ... 100%(Reading database ... 12960 files and directories currently installed.)
Preparing to unpack .../archives/bash_5.0-6_amd64.deb ...
Unpacking bash (5.0-6) over (5.0-5) ...
Setting up bash (5.0-6) ...
update-alternatives: using /usr/share/man/man7/bash-builtins.7.gz to provide /usr/share/man/man7/builtins.7.gz (builtins.7.gz) in auto mode
(Reading database ... (Reading database ... 5%(Reading database ... 10%(Reading database ... 15%(Reading database ... 20%(Reading database ... 25%(Reading database ... 30%(Reading database ... 35%(Reading database ... 40%(Reading database ... 45%(Reading database ... 50%(Reading database ... 55%(Reading database ... 60%(Reading database ... 65%(Reading database ... 70%(Reading database ... 75%(Reading database ... 80%(Reading database ... 85%(Reading database ... 90%(Reading database ... 95%(Reading database ... 100%(Reading database ... 12960 files and directories currently installed.)
Preparing to unpack .../libgmp10_2%3a6.2.0+dfsg-4_amd64.deb ...
Unpacking libgmp10:amd64 (2:6.2.0+dfsg-4) over (2:6.2.0+dfsg-3) ...
Setting up libgmp10:amd64 (2:6.2.0+dfsg-4) ...
(Reading database ... (Reading database ... 5%(Reading database ... 10%(Reading database ... 15%(Reading database ... 20%(Reading database ... 25%(Reading database ... 30%(Reading database ... 35%(Reading database ... 40%(Reading database ... 45%(Reading database ... 50%(Reading database ... 55%(Reading database ... 60%(Reading database ... 65%(Reading database ... 70%(Reading database ... 75%(Reading database ... 80%(Reading database ... 85%(Reading database ... 90%(Reading database ... 95%(Reading database ... 100%(Reading database ... 12960 files and directories currently installed.)
Preparing to unpack .../zlib1g_1%3a1.2.11.dfsg-2_amd64.deb ...
Unpacking zlib1g:amd64 (1:1.2.11.dfsg-2) over (1:1.2.11.dfsg-1.2) ...
Setting up zlib1g:amd64 (1:1.2.11.dfsg-2) ...
Processing triggers for libc-bin (2.29-10) ...

+------------------------------------------------------------------------------+
| Fetch source files                                                           |
+------------------------------------------------------------------------------+


Check APT
---------

Checking available source versions...

Download source files with APT
------------------------------

Reading package lists...
Need to get 1396 kB of source archives.
Get:1 http://127.0.0.1:12990/debian sid/main ale 0.9.0.3-4 (dsc) [1711 B]
Get:2 http://127.0.0.1:12990/debian sid/main ale 0.9.0.3-4 (tar) [1388 kB]
Get:3 http://127.0.0.1:12990/debian sid/main ale 0.9.0.3-4 (diff) [5820 B]
Fetched 1396 kB in 0s (14.2 MB/s)
Download complete and in download only mode
I: NOTICE: Log filtering will replace 'build/ale-Q4O8Aa/ale-0.9.0.3' with '<<PKGBUILDDIR>>'
I: NOTICE: Log filtering will replace 'build/ale-Q4O8Aa' with '<<BUILDDIR>>'

+------------------------------------------------------------------------------+
| Install package build dependencies                                           |
+------------------------------------------------------------------------------+


Setup apt archive
-----------------

Merged Build-Depends: debhelper-compat (= 12), build-essential, fakeroot
Filtered Build-Depends: debhelper-compat (= 12), build-essential, fakeroot
dpkg-deb: building package 'sbuild-build-depends-main-dummy' in '/<<RESOLVERDIR>>/apt_archive/sbuild-build-depends-main-dummy.deb'.
Ign:1 copy:/<<RESOLVERDIR>>/apt_archive ./ InRelease
Get:2 copy:/<<RESOLVERDIR>>/apt_archive ./ Release [957 B]
Ign:3 copy:/<<RESOLVERDIR>>/apt_archive ./ Release.gpg
Get:4 copy:/<<RESOLVERDIR>>/apt_archive ./ Sources [369 B]
Get:5 copy:/<<RESOLVERDIR>>/apt_archive ./ Packages [451 B]
Fetched 1777 B in 0s (0 B/s)
Reading package lists...
Reading package lists...

Install main build dependencies (apt-based resolver)
----------------------------------------------------

Installing build dependencies
Reading package lists...
Building dependency tree...
Reading state information...
The following additional packages will be installed:
  autoconf automake autopoint autotools-dev bsdmainutils debhelper
  dh-autoreconf dh-strip-nondeterminism dwz file gettext gettext-base
  groff-base intltool-debian libarchive-zip-perl libcroco3 libdebhelper-perl
  libelf1 libfile-stripnondeterminism-perl libglib2.0-0 libicu63 libmagic-mgc
  libmagic1 libpipeline1 libsigsegv2 libsub-override-perl libtool libuchardet0
  libxml2 m4 man-db po-debconf sensible-utils
Suggested packages:
  autoconf-archive gnu-standards autoconf-doc wamerican | wordlist whois
  vacation dh-make gettext-doc libasprintf-dev libgettextpo-dev groff
  libtool-doc gfortran | fortran95-compiler gcj-jdk m4-doc apparmor less
  www-browser libmail-box-perl
Recommended packages:
  curl | wget | lynx libarchive-cpio-perl libglib2.0-data shared-mime-info
  xdg-user-dirs libltdl-dev libmail-sendmail-perl
The following NEW packages will be installed:
  autoconf automake autopoint autotools-dev bsdmainutils debhelper
  dh-autoreconf dh-strip-nondeterminism dwz file gettext gettext-base
  groff-base intltool-debian libarchive-zip-perl libcroco3 libdebhelper-perl
  libelf1 libfile-stripnondeterminism-perl libglib2.0-0 libicu63 libmagic-mgc
  libmagic1 libpipeline1 libsigsegv2 libsub-override-perl libtool libuchardet0
  libxml2 m4 man-db po-debconf sbuild-build-depends-main-dummy sensible-utils
0 upgraded, 34 newly installed, 0 to remove and 0 not upgraded.
Need to get 19.2 MB of archives.
After this operation, 70.4 MB of additional disk space will be used.
Get:1 copy:/<<RESOLVERDIR>>/apt_archive ./ sbuild-build-depends-main-dummy 0.invalid.0 [872 B]
Get:2 http://127.0.0.1:12990/debian sid/main amd64 bsdmainutils amd64 11.1.2+b1 [191 kB]
Get:3 http://127.0.0.1:12990/debian sid/main amd64 libuchardet0 amd64 0.0.6-3 [64.9 kB]
Get:4 http://127.0.0.1:12990/debian sid/main amd64 groff-base amd64 1.22.4-4 [919 kB]
Get:5 http://127.0.0.1:12990/debian sid/main amd64 libpipeline1 amd64 1.5.2-2 [33.9 kB]
Get:6 http://127.0.0.1:12990/debian sid/main amd64 man-db amd64 2.9.0-2 [1307 kB]
Get:7 http://127.0.0.1:12990/debian sid/main amd64 sensible-utils all 0.0.12+nmu1 [16.0 kB]
Get:8 http://127.0.0.1:12990/debian sid/main amd64 libmagic-mgc amd64 1:5.38-4 [262 kB]
Get:9 http://127.0.0.1:12990/debian sid/main amd64 libmagic1 amd64 1:5.38-4 [120 kB]
Get:10 http://127.0.0.1:12990/debian sid/main amd64 file amd64 1:5.38-4 [67.9 kB]
Get:11 http://127.0.0.1:12990/debian sid/main amd64 gettext-base amd64 0.19.8.1-10 [123 kB]
Get:12 http://127.0.0.1:12990/debian sid/main amd64 libsigsegv2 amd64 2.12-2 [32.8 kB]
Get:13 http://127.0.0.1:12990/debian sid/main amd64 m4 amd64 1.4.18-4 [203 kB]
Get:14 http://127.0.0.1:12990/debian sid/main amd64 autoconf all 2.69-11.1 [341 kB]
Get:15 http://127.0.0.1:12990/debian sid/main amd64 autotools-dev all 20180224.1 [77.0 kB]
Get:16 http://127.0.0.1:12990/debian sid/main amd64 automake all 1:1.16.1-4 [771 kB]
Get:17 http://127.0.0.1:12990/debian sid/main amd64 autopoint all 0.19.8.1-10 [435 kB]
Get:18 http://127.0.0.1:12990/debian sid/main amd64 libtool all 2.4.6-13 [513 kB]
Get:19 http://127.0.0.1:12990/debian sid/main amd64 dh-autoreconf all 19 [16.9 kB]
Get:20 http://127.0.0.1:12990/debian sid/main amd64 libdebhelper-perl all 12.9 [183 kB]
Get:21 http://127.0.0.1:12990/debian sid/main amd64 libarchive-zip-perl all 1.67-1 [104 kB]
Get:22 http://127.0.0.1:12990/debian sid/main amd64 libsub-override-perl all 0.09-2 [10.2 kB]
Get:23 http://127.0.0.1:12990/debian sid/main amd64 libfile-stripnondeterminism-perl all 1.6.3-2 [23.7 kB]
Get:24 http://127.0.0.1:12990/debian sid/main amd64 dh-strip-nondeterminism all 1.6.3-2 [14.7 kB]
Get:25 http://127.0.0.1:12990/debian sid/main amd64 libelf1 amd64 0.176-1.1 [161 kB]
Get:26 http://127.0.0.1:12990/debian sid/main amd64 dwz amd64 0.13-5 [151 kB]
Get:27 http://127.0.0.1:12990/debian sid/main amd64 libglib2.0-0 amd64 2.62.4-2 [1319 kB]
Get:28 http://127.0.0.1:12990/debian sid/main amd64 libicu63 amd64 63.2-2 [8301 kB]
Get:29 http://127.0.0.1:12990/debian sid/main amd64 libxml2 amd64 2.9.10+dfsg-3 [709 kB]
Get:30 http://127.0.0.1:12990/debian sid/main amd64 libcroco3 amd64 0.6.13-1 [146 kB]
Get:31 http://127.0.0.1:12990/debian sid/main amd64 gettext amd64 0.19.8.1-10 [1303 kB]
Get:32 http://127.0.0.1:12990/debian sid/main amd64 intltool-debian all 0.35.0+20060710.5 [26.8 kB]
Get:33 http://127.0.0.1:12990/debian sid/main amd64 po-debconf all 1.0.21 [248 kB]
Get:34 http://127.0.0.1:12990/debian sid/main amd64 debhelper all 12.9 [994 kB]
debconf: delaying package configuration, since apt-utils is not installed
Fetched 19.2 MB in 0s (87.1 MB/s)
Selecting previously unselected package bsdmainutils.
(Reading database ... 12960 files and directories currently installed.)
Preparing to unpack .../00-bsdmainutils_11.1.2+b1_amd64.deb ...
Unpacking bsdmainutils (11.1.2+b1) ...
Selecting previously unselected package libuchardet0:amd64.
Preparing to unpack .../01-libuchardet0_0.0.6-3_amd64.deb ...
Unpacking libuchardet0:amd64 (0.0.6-3) ...
Selecting previously unselected package groff-base.
Preparing to unpack .../02-groff-base_1.22.4-4_amd64.deb ...
Unpacking groff-base (1.22.4-4) ...
Selecting previously unselected package libpipeline1:amd64.
Preparing to unpack .../03-libpipeline1_1.5.2-2_amd64.deb ...
Unpacking libpipeline1:amd64 (1.5.2-2) ...
Selecting previously unselected package man-db.
Preparing to unpack .../04-man-db_2.9.0-2_amd64.deb ...
Unpacking man-db (2.9.0-2) ...
Selecting previously unselected package sensible-utils.
Preparing to unpack .../05-sensible-utils_0.0.12+nmu1_all.deb ...
Unpacking sensible-utils (0.0.12+nmu1) ...
Selecting previously unselected package libmagic-mgc.
Preparing to unpack .../06-libmagic-mgc_1%3a5.38-4_amd64.deb ...
Unpacking libmagic-mgc (1:5.38-4) ...
Selecting previously unselected package libmagic1:amd64.
Preparing to unpack .../07-libmagic1_1%3a5.38-4_amd64.deb ...
Unpacking libmagic1:amd64 (1:5.38-4) ...
Selecting previously unselected package file.
Preparing to unpack .../08-file_1%3a5.38-4_amd64.deb ...
Unpacking file (1:5.38-4) ...
Selecting previously unselected package gettext-base.
Preparing to unpack .../09-gettext-base_0.19.8.1-10_amd64.deb ...
Unpacking gettext-base (0.19.8.1-10) ...
Selecting previously unselected package libsigsegv2:amd64.
Preparing to unpack .../10-libsigsegv2_2.12-2_amd64.deb ...
Unpacking libsigsegv2:amd64 (2.12-2) ...
Selecting previously unselected package m4.
Preparing to unpack .../11-m4_1.4.18-4_amd64.deb ...
Unpacking m4 (1.4.18-4) ...
Selecting previously unselected package autoconf.
Preparing to unpack .../12-autoconf_2.69-11.1_all.deb ...
Unpacking autoconf (2.69-11.1) ...
Selecting previously unselected package autotools-dev.
Preparing to unpack .../13-autotools-dev_20180224.1_all.deb ...
Unpacking autotools-dev (20180224.1) ...
Selecting previously unselected package automake.
Preparing to unpack .../14-automake_1%3a1.16.1-4_all.deb ...
Unpacking automake (1:1.16.1-4) ...
Selecting previously unselected package autopoint.
Preparing to unpack .../15-autopoint_0.19.8.1-10_all.deb ...
Unpacking autopoint (0.19.8.1-10) ...
Selecting previously unselected package libtool.
Preparing to unpack .../16-libtool_2.4.6-13_all.deb ...
Unpacking libtool (2.4.6-13) ...
Selecting previously unselected package dh-autoreconf.
Preparing to unpack .../17-dh-autoreconf_19_all.deb ...
Unpacking dh-autoreconf (19) ...
Selecting previously unselected package libdebhelper-perl.
Preparing to unpack .../18-libdebhelper-perl_12.9_all.deb ...
Unpacking libdebhelper-perl (12.9) ...
Selecting previously unselected package libarchive-zip-perl.
Preparing to unpack .../19-libarchive-zip-perl_1.67-1_all.deb ...
Unpacking libarchive-zip-perl (1.67-1) ...
Selecting previously unselected package libsub-override-perl.
Preparing to unpack .../20-libsub-override-perl_0.09-2_all.deb ...
Unpacking libsub-override-perl (0.09-2) ...
Selecting previously unselected package libfile-stripnondeterminism-perl.
Preparing to unpack .../21-libfile-stripnondeterminism-perl_1.6.3-2_all.deb ...
Unpacking libfile-stripnondeterminism-perl (1.6.3-2) ...
Selecting previously unselected package dh-strip-nondeterminism.
Preparing to unpack .../22-dh-strip-nondeterminism_1.6.3-2_all.deb ...
Unpacking dh-strip-nondeterminism (1.6.3-2) ...
Selecting previously unselected package libelf1:amd64.
Preparing to unpack .../23-libelf1_0.176-1.1_amd64.deb ...
Unpacking libelf1:amd64 (0.176-1.1) ...
Selecting previously unselected package dwz.
Preparing to unpack .../24-dwz_0.13-5_amd64.deb ...
Unpacking dwz (0.13-5) ...
Selecting previously unselected package libglib2.0-0:amd64.
Preparing to unpack .../25-libglib2.0-0_2.62.4-2_amd64.deb ...
Unpacking libglib2.0-0:amd64 (2.62.4-2) ...
Selecting previously unselected package libicu63:amd64.
Preparing to unpack .../26-libicu63_63.2-2_amd64.deb ...
Unpacking libicu63:amd64 (63.2-2) ...
Selecting previously unselected package libxml2:amd64.
Preparing to unpack .../27-libxml2_2.9.10+dfsg-3_amd64.deb ...
Unpacking libxml2:amd64 (2.9.10+dfsg-3) ...
Selecting previously unselected package libcroco3:amd64.
Preparing to unpack .../28-libcroco3_0.6.13-1_amd64.deb ...
Unpacking libcroco3:amd64 (0.6.13-1) ...
Selecting previously unselected package gettext.
Preparing to unpack .../29-gettext_0.19.8.1-10_amd64.deb ...
Unpacking gettext (0.19.8.1-10) ...
Selecting previously unselected package intltool-debian.
Preparing to unpack .../30-intltool-debian_0.35.0+20060710.5_all.deb ...
Unpacking intltool-debian (0.35.0+20060710.5) ...
Selecting previously unselected package po-debconf.
Preparing to unpack .../31-po-debconf_1.0.21_all.deb ...
Unpacking po-debconf (1.0.21) ...
Selecting previously unselected package debhelper.
Preparing to unpack .../32-debhelper_12.9_all.deb ...
Unpacking debhelper (12.9) ...
Selecting previously unselected package sbuild-build-depends-main-dummy.
Preparing to unpack .../33-sbuild-build-depends-main-dummy_0.invalid.0_amd64.deb ...
Unpacking sbuild-build-depends-main-dummy (0.invalid.0) ...
Setting up libpipeline1:amd64 (1.5.2-2) ...
Setting up libmagic-mgc (1:5.38-4) ...
Setting up libarchive-zip-perl (1.67-1) ...
Setting up libglib2.0-0:amd64 (2.62.4-2) ...
No schema files found: doing nothing.
Setting up libdebhelper-perl (12.9) ...
Setting up libmagic1:amd64 (1:5.38-4) ...
Setting up gettext-base (0.19.8.1-10) ...
Setting up file (1:5.38-4) ...
Setting up libicu63:amd64 (63.2-2) ...
Setting up autotools-dev (20180224.1) ...
Setting up libsigsegv2:amd64 (2.12-2) ...
Setting up bsdmainutils (11.1.2+b1) ...
update-alternatives: using /usr/bin/bsd-write to provide /usr/bin/write (write) in auto mode
update-alternatives: using /usr/bin/bsd-from to provide /usr/bin/from (from) in auto mode
Setting up autopoint (0.19.8.1-10) ...
Setting up sensible-utils (0.0.12+nmu1) ...
Setting up libuchardet0:amd64 (0.0.6-3) ...
Setting up libsub-override-perl (0.09-2) ...
Setting up libelf1:amd64 (0.176-1.1) ...
Setting up libxml2:amd64 (2.9.10+dfsg-3) ...
Setting up libfile-stripnondeterminism-perl (1.6.3-2) ...
Setting up libtool (2.4.6-13) ...
Setting up m4 (1.4.18-4) ...
Setting up libcroco3:amd64 (0.6.13-1) ...
Setting up autoconf (2.69-11.1) ...
Setting up dh-strip-nondeterminism (1.6.3-2) ...
Setting up dwz (0.13-5) ...
Setting up groff-base (1.22.4-4) ...
Setting up automake (1:1.16.1-4) ...
update-alternatives: using /usr/bin/automake-1.16 to provide /usr/bin/automake (automake) in auto mode
Setting up gettext (0.19.8.1-10) ...
Setting up man-db (2.9.0-2) ...
Not building database; man-db/auto-update is not 'true'.
Setting up intltool-debian (0.35.0+20060710.5) ...
Setting up po-debconf (1.0.21) ...
Setting up dh-autoreconf (19) ...
Setting up debhelper (12.9) ...
Setting up sbuild-build-depends-main-dummy (0.invalid.0) ...
Processing triggers for libc-bin (2.29-10) ...

+------------------------------------------------------------------------------+
| Check architectures                                                          |
+------------------------------------------------------------------------------+

Arch check ok (amd64 included in any)

+------------------------------------------------------------------------------+
| Build environment                                                            |
+------------------------------------------------------------------------------+

Kernel: Linux 4.19.0-6-cloud-amd64 #1 SMP Debian 4.19.67-2+deb10u2 (2019-11-11) amd64 (x86_64)
Toolchain package versions: binutils_2.34-3 dpkg-dev_1.19.7 g++-9_9.2.1-30 gcc-9_9.2.1-30 libc6-dev_2.29-10 libstdc++-9-dev_9.2.1-30 libstdc++6_10-20200222-1 linux-libc-dev_5.4.19-1
Package versions: adduser_3.118 apt_1.8.4 autoconf_2.69-11.1 automake_1:1.16.1-4 autopoint_0.19.8.1-10 autotools-dev_20180224.1 base-files_11 base-passwd_3.5.47 bash_5.0-6 binutils_2.34-3 binutils-common_2.34-3 binutils-x86-64-linux-gnu_2.34-3 bsdmainutils_11.1.2+b1 bsdutils_1:2.34-0.1 build-essential_12.8 bzip2_1.0.8-2 clang-10_1:10.0.0~+rc2-1 coreutils_8.30-3+b1 cpp_4:9.2.1-3.1 cpp-9_9.2.1-30 dash_0.5.10.2-6 debconf_1.5.73 debhelper_12.9 debian-archive-keyring_2019.1 debianutils_4.9.1 dh-autoreconf_19 dh-strip-nondeterminism_1.6.3-2 diffutils_1:3.7-3 dpkg_1.19.7 dpkg-dev_1.19.7 dwz_0.13-5 e2fsprogs_1.45.5-2 fakeroot_1.24-1 fdisk_2.34-0.1 file_1:5.38-4 findutils_4.7.0-1 g++_4:9.2.1-3.1 g++-9_9.2.1-30 gcc_4:9.2.1-3.1 gcc-10-base_10-20200222-1 gcc-9_9.2.1-30 gcc-9-base_9.2.1-30 gettext_0.19.8.1-10 gettext-base_0.19.8.1-10 gpgv_2.2.19-1 grep_3.4-1 groff-base_1.22.4-4 gzip_1.9-3+b1 hostname_3.23 init-system-helpers_1.57 intltool-debian_0.35.0+20060710.5 lib32gcc-s1_10-20200222-1 lib32gcc1_1:10-20200222-1 lib32stdc++6_10-20200222-1 libacl1_2.2.53-5 libapt-pkg5.0_1.8.4 libarchive-zip-perl_1.67-1 libasan5_9.2.1-30 libatomic1_10-20200222-1 libattr1_1:2.4.48-5 libaudit-common_1:2.8.5-2 libaudit1_1:2.8.5-2+b1 libbinutils_2.34-3 libblkid1_2.34-0.1 libbsd0_0.10.0-1 libbz2-1.0_1.0.8-2 libc-bin_2.29-10 libc-dev-bin_2.29-10 libc6_2.29-10 libc6-dev_2.29-10 libc6-i386_2.29-10 libcap-ng0_0.7.9-2.1+b1 libcc1-0_10-20200222-1 libclang-common-10-dev_1:10.0.0~+rc2-1 libclang-cpp10_1:10.0.0~+rc2-1 libclang1-10_1:10.0.0~+rc2-1 libcom-err2_1.45.5-2 libcroco3_0.6.13-1 libcrypt-dev_1:4.4.10-10 libcrypt1_1:4.4.10-10 libctf-nobfd0_2.34-3 libctf0_2.34-3 libdb5.3_5.3.28+dfsg1-0.6 libdebconfclient0_0.251 libdebhelper-perl_12.9 libdpkg-perl_1.19.7 libedit2_3.1-20191231-1 libelf1_0.176-1.1 libext2fs2_1.45.5-2 libfakeroot_1.24-1 libfdisk1_2.34-0.1 libffi7_3.3-3 libfile-stripnondeterminism-perl_1.6.3-2 libgc1c2_1:7.6.4-0.4 libgcc-9-dev_9.2.1-30 libgcc-s1_10-20200222-1 libgcc1_1:10-20200222-1 libgcrypt20_1.8.5-5 libgdbm-compat4_1.18.1-5 libgdbm6_1.18.1-5 libglib2.0-0_2.62.4-2 libgmp10_2:6.2.0+dfsg-4 libgnutls30_3.6.12-2 libgomp1_10-20200222-1 libgpg-error0_1.37-1 libhogweed5_3.5.1+really3.5.1-2 libicu63_63.2-2 libidn2-0_2.2.0-2 libisl22_0.22.1-1 libitm1_10-20200222-1 libllvm10_1:10.0.0~+rc2-1 liblsan0_10-20200222-1 liblz4-1_1.9.2-2 liblzma5_5.2.4-1+b1 libmagic-mgc_1:5.38-4 libmagic1_1:5.38-4 libmount1_2.34-0.1 libmpc3_1.1.0-1 libmpfr6_4.0.2-1 libncursesw6_6.1+20191019-1 libnettle7_3.5.1+really3.5.1-2 libobjc-9-dev_9.2.1-30 libobjc4_10-20200222-1 libomp-10-dev_1:10.0.0~+rc2-1 libomp5-10_1:10.0.0~+rc2-1 libp11-kit0_0.23.20-1 libpam-modules_1.3.1-5 libpam-modules-bin_1.3.1-5 libpam-runtime_1.3.1-5 libpam0g_1.3.1-5 libpcre2-8-0_10.34-7 libpcre3_2:8.39-12+b1 libperl5.30_5.30.0-9 libpipeline1_1.5.2-2 libquadmath0_10-20200222-1 libseccomp2_2.4.2-2 libselinux1_3.0-1+b1 libsemanage-common_3.0-1 libsemanage1_3.0-1+b1 libsepol1_3.0-1 libsigsegv2_2.12-2 libsmartcols1_2.34-0.1 libss2_1.45.5-2 libstdc++-9-dev_9.2.1-30 libstdc++6_10-20200222-1 libsub-override-perl_0.09-2 libsystemd0_244.3-1 libtasn1-6_4.16.0-2 libtinfo6_6.1+20191019-1 libtool_2.4.6-13 libtsan0_10-20200222-1 libubsan1_10-20200222-1 libuchardet0_0.0.6-3 libudev1_244.3-1 libunistring2_0.9.10-2 libuuid1_2.34-0.1 libxml2_2.9.10+dfsg-3 libz3-4_4.8.7-4 libzstd1_1.4.4+dfsg-3 linux-libc-dev_5.4.19-1 login_1:4.8.1-1 logsave_1.45.5-2 lsb-base_11.1.0 m4_1.4.18-4 make_4.2.1-1.2 man-db_2.9.0-2 mawk_1.3.4.20200120-2 mount_2.34-0.1 ncurses-base_6.1+20191019-1 ncurses-bin_6.1+20191019-1 passwd_1:4.8.1-1 patch_2.7.6-6 perl_5.30.0-9 perl-base_5.30.0-9 perl-modules-5.30_5.30.0-9 po-debconf_1.0.21 sbuild-build-depends-main-dummy_0.invalid.0 sed_4.7-1 sensible-utils_0.0.12+nmu1 sysvinit-utils_2.96-2.1 tar_1.30+dfsg-6+b1 tzdata_2019c-3 util-linux_2.34-0.1 xz-utils_5.2.4-1+b1 zlib1g_1:1.2.11.dfsg-2

+------------------------------------------------------------------------------+
| Build                                                                        |
+------------------------------------------------------------------------------+


Unpack source
-------------

-----BEGIN PGP SIGNED MESSAGE-----
Hash: SHA512

Format: 3.0 (quilt)
Source: ale
Binary: ale
Architecture: any
Version: 0.9.0.3-4
Maintainer: Debian QA Group <packages@qa.debian.org>
Homepage: https://repo.or.cz/Ale.git
Standards-Version: 4.4.0
Testsuite: autopkgtest
Build-Depends: debhelper-compat (= 12)
Package-List:
 ale deb graphics optional arch=any
Checksums-Sha1:
 57d8085a1aa9ee3176eb90c2887e0e7cc58710a3 1388080 ale_0.9.0.3.orig.tar.gz
 66d4e5c0050a85c843639800c3df07f44c15ec32 5820 ale_0.9.0.3-4.debian.tar.xz
Checksums-Sha256:
 aa292a3b2f3f0247ffa5f3c32972a537bd1b16d05a82a89b58c817e0d0ad1025 1388080 ale_0.9.0.3.orig.tar.gz
 26fc8e46b72965b942f20118912848c558f694b6e9cafe759772d16970a1a5fd 5820 ale_0.9.0.3-4.debian.tar.xz
Files:
 ace3d9874577085112adbf409f27b069 1388080 ale_0.9.0.3.orig.tar.gz
 9d735d342c0f64dd22990aa8cb9f84f4 5820 ale_0.9.0.3-4.debian.tar.xz

-----BEGIN PGP SIGNATURE-----

iQIzBAEBCgAdFiEEs/UaJxJhnD7NdLjheElO9yN1pmwFAl130wwACgkQeElO9yN1
pmzqEg//WZ6Dahr89Dr92fIZcPlzYNVqNVl9FNnQ4eW8/Bv3t6jQ0QIsylflaEdn
GeKY9crFr6Yy527Ip19byZwQnSl3mQqSW4FPdqLfpma/LpaAZiTd9lTAzquOtaBj
u5E2Eyz/vjydPSaTe+YOZxjugE053RAXF1RFf6TA8T0I+AV/lc9YNPgtr5krbbsm
OgptnxvTau67q+G2BD2gi+Pu6NTWrypzYIdkNu/XzictDJ5E68uJuAPN5vEM+M3I
Bc8BNm4ljYu6oTnjSZbV965MofeDu7oALzrSsB5fGgpBPFFpCCTTl+DmxigKP61H
ybX34m3depxwPQnSav4zMrZPr8vswnjyDTPZ1KcZoQyKJ+I6JzdWRQWexW+dbBDh
dmmQbG9/ZEpBh0bXsF4xAP8g2viSPnGGzoN7uewWviyZhYmSGLTMaSgz8hKMbWMy
wwgt6HrTpHQGg1XWuLQx1OEaI00bCWdG9/CZd+qbySR7n2O2xeXiJpflcthI8npq
fdm1KKBA0pidPUpeIryaCgubpoTnI38Y4nQYKUDXnMnct+atJFThrViDiy+7jUmG
NcgK/nixlltwOwcpSzqtclcNkBCcrCZyDqb9uuWuMwv3WGZHF5MpRPaOmNGGlFbT
XzFQIh4c226HLRm4mR+c/E+Ubb0lEB8TAr2CF1atFV5T79jbZ9A=
=Mr20
-----END PGP SIGNATURE-----

gpgv: unknown type of key resource 'trustedkeys.kbx'
gpgv: keyblock resource '/sbuild-nonexistent/.gnupg/trustedkeys.kbx': General error
gpgv: Signature made Tue Sep 10 16:45:00 2019 UTC
gpgv:                using RSA key B3F51A2712619C3ECD74B8E178494EF72375A66C
gpgv: Can't check signature: No public key
dpkg-source: warning: failed to verify signature on ./ale_0.9.0.3-4.dsc
dpkg-source: info: extracting ale in /<<PKGBUILDDIR>>
dpkg-source: info: unpacking ale_0.9.0.3.orig.tar.gz
dpkg-source: info: unpacking ale_0.9.0.3-4.debian.tar.xz
dpkg-source: info: using patch list from debian/patches/series
dpkg-source: info: applying 10_fix-string-issue.patch
dpkg-source: info: applying 20_fix-deprecated-function.patch

Check disk space
----------------

Sufficient free space for build

User Environment
----------------

APT_CONFIG=/var/lib/sbuild/apt.conf
HOME=/sbuild-nonexistent
LANG=C.UTF-8
LC_ALL=C.UTF-8
LOGNAME=user42
PATH=/usr/local/sbin:/usr/local/bin:/usr/sbin:/usr/bin:/sbin:/bin:/usr/games
SCHROOT_ALIAS_NAME=unstable
SCHROOT_CHROOT_NAME=sid-amd64-sbuild
SCHROOT_COMMAND=env
SCHROOT_GID=1001
SCHROOT_GROUP=user42
SCHROOT_SESSION_ID=sid-amd64-sbuild-b967e4e6-2535-426b-aca8-1426278883b0
SCHROOT_UID=1001
SCHROOT_USER=user42
SHELL=/bin/sh
USER=user42

dpkg-buildpackage
-----------------

Command: dpkg-buildpackage -us -uc -b -rfakeroot
dpkg-buildpackage: info: source package ale
dpkg-buildpackage: info: source version 0.9.0.3-4
dpkg-buildpackage: info: source distribution unstable
dpkg-buildpackage: info: source changed by Daniel Pimentel <d4n1@d4n1.org>
 dpkg-source --before-build .
dpkg-buildpackage: info: host architecture amd64
 fakeroot debian/rules clean
dh clean
   dh_clean
 debian/rules build
dh build
   dh_update_autotools_config
   dh_autoreconf
aclocal: warning: autoconf input should be named 'configure.ac', not 'configure.in'
configure.in:51: warning: AC_LANG_CONFTEST: no AC_LANG_SOURCE call detected in body
../../lib/autoconf/lang.m4:193: AC_LANG_CONFTEST is expanded from...
../../lib/autoconf/general.m4:2672: _AC_LINK_IFELSE is expanded from...
../../lib/autoconf/general.m4:2689: AC_LINK_IFELSE is expanded from...
m4/libtool.m4:1022: _LT_SYS_MODULE_PATH_AIX is expanded from...
m4/libtool.m4:4170: _LT_LINKER_SHLIBS is expanded from...
m4/libtool.m4:5249: _LT_LANG_C_CONFIG is expanded from...
m4/libtool.m4:138: _LT_SETUP is expanded from...
m4/libtool.m4:67: LT_INIT is expanded from...
m4/libtool.m4:102: AC_PROG_LIBTOOL is expanded from...
configure.in:51: the top level
configure.in:51: warning: AC_LANG_CONFTEST: no AC_LANG_SOURCE call detected in body
../../lib/autoconf/lang.m4:193: AC_LANG_CONFTEST is expanded from...
../../lib/autoconf/general.m4:2672: _AC_LINK_IFELSE is expanded from...
../../lib/autoconf/general.m4:2689: AC_LINK_IFELSE is expanded from...
m4/libtool.m4:4170: _LT_LINKER_SHLIBS is expanded from...
m4/libtool.m4:5249: _LT_LANG_C_CONFIG is expanded from...
m4/libtool.m4:138: _LT_SETUP is expanded from...
m4/libtool.m4:67: LT_INIT is expanded from...
m4/libtool.m4:102: AC_PROG_LIBTOOL is expanded from...
configure.in:51: the top level
configure.in:51: warning: AC_LANG_CONFTEST: no AC_LANG_SOURCE call detected in body
../../lib/autoconf/lang.m4:193: AC_LANG_CONFTEST is expanded from...
../../lib/autoconf/general.m4:2672: _AC_LINK_IFELSE is expanded from...
../../lib/autoconf/general.m4:2689: AC_LINK_IFELSE is expanded from...
m4/libtool.m4:1022: _LT_SYS_MODULE_PATH_AIX is expanded from...
m4/libtool.m4:5356: _LT_LANG_CXX_CONFIG is expanded from...
m4/libtool.m4:785: _LT_LANG is expanded from...
m4/libtool.m4:768: LT_LANG is expanded from...
m4/libtool.m4:796: _LT_LANG_DEFAULT_CONFIG is expanded from...
m4/libtool.m4:138: _LT_SETUP is expanded from...
m4/libtool.m4:67: LT_INIT is expanded from...
m4/libtool.m4:102: AC_PROG_LIBTOOL is expanded from...
configure.in:51: the top level
configure.in:58: warning: AC_LANG_CONFTEST: no AC_LANG_SOURCE call detected in body
../../lib/autoconf/lang.m4:193: AC_LANG_CONFTEST is expanded from...
../../lib/autoconf/general.m4:2601: _AC_COMPILE_IFELSE is expanded from...
../../lib/autoconf/general.m4:2617: AC_COMPILE_IFELSE is expanded from...
../../lib/m4sugar/m4sh.m4:639: AS_IF is expanded from...
../../lib/autoconf/general.m4:2042: AC_CACHE_VAL is expanded from...
../../lib/autoconf/general.m4:2063: AC_CACHE_CHECK is expanded from...
m4/include_next.m4:28: gl_INCLUDE_NEXT is expanded from...
m4/include_next.m4:117: gl_CHECK_NEXT_HEADERS is expanded from...
m4/errno_h.m4:14: gl_HEADER_ERRNO_H_BODY is expanded from...
m4/errno_h.m4:7: gl_HEADER_ERRNO_H is expanded from...
m4/gnulib-comp.m4:33: gl_INIT is expanded from...
configure.in:58: the top level
configure.in:58: warning: AC_LANG_CONFTEST: no AC_LANG_SOURCE call detected in body
../../lib/autoconf/lang.m4:193: AC_LANG_CONFTEST is expanded from...
../../lib/autoconf/general.m4:2601: _AC_COMPILE_IFELSE is expanded from...
../../lib/autoconf/general.m4:2617: AC_COMPILE_IFELSE is expanded from...
../../lib/m4sugar/m4sh.m4:639: AS_IF is expanded from...
../../lib/autoconf/general.m4:2601: _AC_COMPILE_IFELSE is expanded from...
../../lib/autoconf/general.m4:2617: AC_COMPILE_IFELSE is expanded from...
../../lib/m4sugar/m4sh.m4:639: AS_IF is expanded from...
../../lib/autoconf/general.m4:2042: AC_CACHE_VAL is expanded from...
../../lib/autoconf/general.m4:2063: AC_CACHE_CHECK is expanded from...
m4/include_next.m4:28: gl_INCLUDE_NEXT is expanded from...
m4/include_next.m4:117: gl_CHECK_NEXT_HEADERS is expanded from...
m4/errno_h.m4:14: gl_HEADER_ERRNO_H_BODY is expanded from...
m4/errno_h.m4:7: gl_HEADER_ERRNO_H is expanded from...
m4/gnulib-comp.m4:33: gl_INIT is expanded from...
configure.in:58: the top level
configure.in:58: warning: AC_REQUIRE: `gl_HEADER_ERRNO_H' was expanded before it was required
configure.in:58: http://www.gnu.org/software/autoconf/manual/autoconf.html#Expanded-Before-Required
m4/strerror.m4:18: gl_FUNC_STRERROR_SEPARATE is expanded from...
m4/strerror.m4:7: gl_FUNC_STRERROR is expanded from...
m4/gnulib-comp.m4:33: gl_INIT is expanded from...
configure.in:58: the top level
configure.in:51: warning: AC_LANG_CONFTEST: no AC_LANG_SOURCE call detected in body
../../lib/autoconf/lang.m4:193: AC_LANG_CONFTEST is expanded from...
../../lib/autoconf/general.m4:2672: _AC_LINK_IFELSE is expanded from...
../../lib/autoconf/general.m4:2689: AC_LINK_IFELSE is expanded from...
m4/libtool.m4:1022: _LT_SYS_MODULE_PATH_AIX is expanded from...
m4/libtool.m4:4170: _LT_LINKER_SHLIBS is expanded from...
m4/libtool.m4:5249: _LT_LANG_C_CONFIG is expanded from...
m4/libtool.m4:138: _LT_SETUP is expanded from...
m4/libtool.m4:67: LT_INIT is expanded from...
m4/libtool.m4:102: AC_PROG_LIBTOOL is expanded from...
configure.in:51: the top level
configure.in:51: warning: AC_LANG_CONFTEST: no AC_LANG_SOURCE call detected in body
../../lib/autoconf/lang.m4:193: AC_LANG_CONFTEST is expanded from...
../../lib/autoconf/general.m4:2672: _AC_LINK_IFELSE is expanded from...
../../lib/autoconf/general.m4:2689: AC_LINK_IFELSE is expanded from...
m4/libtool.m4:4170: _LT_LINKER_SHLIBS is expanded from...
m4/libtool.m4:5249: _LT_LANG_C_CONFIG is expanded from...
m4/libtool.m4:138: _LT_SETUP is expanded from...
m4/libtool.m4:67: LT_INIT is expanded from...
m4/libtool.m4:102: AC_PROG_LIBTOOL is expanded from...
configure.in:51: the top level
configure.in:51: warning: AC_LANG_CONFTEST: no AC_LANG_SOURCE call detected in body
../../lib/autoconf/lang.m4:193: AC_LANG_CONFTEST is expanded from...
../../lib/autoconf/general.m4:2672: _AC_LINK_IFELSE is expanded from...
../../lib/autoconf/general.m4:2689: AC_LINK_IFELSE is expanded from...
m4/libtool.m4:1022: _LT_SYS_MODULE_PATH_AIX is expanded from...
m4/libtool.m4:5356: _LT_LANG_CXX_CONFIG is expanded from...
m4/libtool.m4:785: _LT_LANG is expanded from...
m4/libtool.m4:768: LT_LANG is expanded from...
m4/libtool.m4:796: _LT_LANG_DEFAULT_CONFIG is expanded from...
m4/libtool.m4:138: _LT_SETUP is expanded from...
m4/libtool.m4:67: LT_INIT is expanded from...
m4/libtool.m4:102: AC_PROG_LIBTOOL is expanded from...
configure.in:51: the top level
configure.in:58: warning: AC_LANG_CONFTEST: no AC_LANG_SOURCE call detected in body
../../lib/autoconf/lang.m4:193: AC_LANG_CONFTEST is expanded from...
../../lib/autoconf/general.m4:2601: _AC_COMPILE_IFELSE is expanded from...
../../lib/autoconf/general.m4:2617: AC_COMPILE_IFELSE is expanded from...
../../lib/m4sugar/m4sh.m4:639: AS_IF is expanded from...
../../lib/autoconf/general.m4:2042: AC_CACHE_VAL is expanded from...
../../lib/autoconf/general.m4:2063: AC_CACHE_CHECK is expanded from...
m4/include_next.m4:28: gl_INCLUDE_NEXT is expanded from...
m4/include_next.m4:117: gl_CHECK_NEXT_HEADERS is expanded from...
m4/errno_h.m4:14: gl_HEADER_ERRNO_H_BODY is expanded from...
m4/errno_h.m4:7: gl_HEADER_ERRNO_H is expanded from...
m4/gnulib-comp.m4:33: gl_INIT is expanded from...
configure.in:58: the top level
configure.in:58: warning: AC_LANG_CONFTEST: no AC_LANG_SOURCE call detected in body
../../lib/autoconf/lang.m4:193: AC_LANG_CONFTEST is expanded from...
../../lib/autoconf/general.m4:2601: _AC_COMPILE_IFELSE is expanded from...
../../lib/autoconf/general.m4:2617: AC_COMPILE_IFELSE is expanded from...
../../lib/m4sugar/m4sh.m4:639: AS_IF is expanded from...
../../lib/autoconf/general.m4:2601: _AC_COMPILE_IFELSE is expanded from...
../../lib/autoconf/general.m4:2617: AC_COMPILE_IFELSE is expanded from...
../../lib/m4sugar/m4sh.m4:639: AS_IF is expanded from...
../../lib/autoconf/general.m4:2042: AC_CACHE_VAL is expanded from...
../../lib/autoconf/general.m4:2063: AC_CACHE_CHECK is expanded from...
m4/include_next.m4:28: gl_INCLUDE_NEXT is expanded from...
m4/include_next.m4:117: gl_CHECK_NEXT_HEADERS is expanded from...
m4/errno_h.m4:14: gl_HEADER_ERRNO_H_BODY is expanded from...
m4/errno_h.m4:7: gl_HEADER_ERRNO_H is expanded from...
m4/gnulib-comp.m4:33: gl_INIT is expanded from...
configure.in:58: the top level
configure.in:58: warning: AC_REQUIRE: `gl_HEADER_ERRNO_H' was expanded before it was required
configure.in:58: http://www.gnu.org/software/autoconf/manual/autoconf.html#Expanded-Before-Required
m4/strerror.m4:18: gl_FUNC_STRERROR_SEPARATE is expanded from...
m4/strerror.m4:7: gl_FUNC_STRERROR is expanded from...
m4/gnulib-comp.m4:33: gl_INIT is expanded from...
configure.in:58: the top level
libtoolize: putting auxiliary files in '.'.
libtoolize: copying file './ltmain.sh'
libtoolize: putting macros in 'm4'.
libtoolize: copying file 'm4/libtool.m4'
libtoolize: copying file 'm4/ltoptions.m4'
libtoolize: copying file 'm4/ltsugar.m4'
libtoolize: copying file 'm4/ltversion.m4'
libtoolize: copying file 'm4/lt~obsolete.m4'
libtoolize: Consider adding 'AC_CONFIG_MACRO_DIRS([m4])' to configure.in,
libtoolize: and rerunning libtoolize and aclocal.
aclocal: warning: autoconf input should be named 'configure.ac', not 'configure.in'
configure.in:58: warning: AC_LANG_CONFTEST: no AC_LANG_SOURCE call detected in body
../../lib/autoconf/lang.m4:193: AC_LANG_CONFTEST is expanded from...
../../lib/autoconf/general.m4:2601: _AC_COMPILE_IFELSE is expanded from...
../../lib/autoconf/general.m4:2617: AC_COMPILE_IFELSE is expanded from...
../../lib/m4sugar/m4sh.m4:639: AS_IF is expanded from...
../../lib/autoconf/general.m4:2042: AC_CACHE_VAL is expanded from...
../../lib/autoconf/general.m4:2063: AC_CACHE_CHECK is expanded from...
m4/include_next.m4:28: gl_INCLUDE_NEXT is expanded from...
m4/include_next.m4:117: gl_CHECK_NEXT_HEADERS is expanded from...
m4/errno_h.m4:14: gl_HEADER_ERRNO_H_BODY is expanded from...
m4/errno_h.m4:7: gl_HEADER_ERRNO_H is expanded from...
m4/gnulib-comp.m4:33: gl_INIT is expanded from...
configure.in:58: the top level
configure.in:58: warning: AC_LANG_CONFTEST: no AC_LANG_SOURCE call detected in body
../../lib/autoconf/lang.m4:193: AC_LANG_CONFTEST is expanded from...
../../lib/autoconf/general.m4:2601: _AC_COMPILE_IFELSE is expanded from...
../../lib/autoconf/general.m4:2617: AC_COMPILE_IFELSE is expanded from...
../../lib/m4sugar/m4sh.m4:639: AS_IF is expanded from...
../../lib/autoconf/general.m4:2601: _AC_COMPILE_IFELSE is expanded from...
../../lib/autoconf/general.m4:2617: AC_COMPILE_IFELSE is expanded from...
../../lib/m4sugar/m4sh.m4:639: AS_IF is expanded from...
../../lib/autoconf/general.m4:2042: AC_CACHE_VAL is expanded from...
../../lib/autoconf/general.m4:2063: AC_CACHE_CHECK is expanded from...
m4/include_next.m4:28: gl_INCLUDE_NEXT is expanded from...
m4/include_next.m4:117: gl_CHECK_NEXT_HEADERS is expanded from...
m4/errno_h.m4:14: gl_HEADER_ERRNO_H_BODY is expanded from...
m4/errno_h.m4:7: gl_HEADER_ERRNO_H is expanded from...
m4/gnulib-comp.m4:33: gl_INIT is expanded from...
configure.in:58: the top level
configure.in:58: warning: AC_REQUIRE: `gl_HEADER_ERRNO_H' was expanded before it was required
configure.in:58: http://www.gnu.org/software/autoconf/manual/autoconf.html#Expanded-Before-Required
m4/strerror.m4:18: gl_FUNC_STRERROR_SEPARATE is expanded from...
m4/strerror.m4:7: gl_FUNC_STRERROR is expanded from...
m4/gnulib-comp.m4:33: gl_INIT is expanded from...
configure.in:58: the top level
configure.in:58: warning: AC_LANG_CONFTEST: no AC_LANG_SOURCE call detected in body
../../lib/autoconf/lang.m4:193: AC_LANG_CONFTEST is expanded from...
../../lib/autoconf/general.m4:2601: _AC_COMPILE_IFELSE is expanded from...
../../lib/autoconf/general.m4:2617: AC_COMPILE_IFELSE is expanded from...
../../lib/m4sugar/m4sh.m4:639: AS_IF is expanded from...
../../lib/autoconf/general.m4:2042: AC_CACHE_VAL is expanded from...
../../lib/autoconf/general.m4:2063: AC_CACHE_CHECK is expanded from...
m4/include_next.m4:28: gl_INCLUDE_NEXT is expanded from...
m4/include_next.m4:117: gl_CHECK_NEXT_HEADERS is expanded from...
m4/errno_h.m4:14: gl_HEADER_ERRNO_H_BODY is expanded from...
m4/errno_h.m4:7: gl_HEADER_ERRNO_H is expanded from...
m4/gnulib-comp.m4:33: gl_INIT is expanded from...
configure.in:58: the top level
configure.in:58: warning: AC_LANG_CONFTEST: no AC_LANG_SOURCE call detected in body
../../lib/autoconf/lang.m4:193: AC_LANG_CONFTEST is expanded from...
../../lib/autoconf/general.m4:2601: _AC_COMPILE_IFELSE is expanded from...
../../lib/autoconf/general.m4:2617: AC_COMPILE_IFELSE is expanded from...
../../lib/m4sugar/m4sh.m4:639: AS_IF is expanded from...
../../lib/autoconf/general.m4:2601: _AC_COMPILE_IFELSE is expanded from...
../../lib/autoconf/general.m4:2617: AC_COMPILE_IFELSE is expanded from...
../../lib/m4sugar/m4sh.m4:639: AS_IF is expanded from...
../../lib/autoconf/general.m4:2042: AC_CACHE_VAL is expanded from...
../../lib/autoconf/general.m4:2063: AC_CACHE_CHECK is expanded from...
m4/include_next.m4:28: gl_INCLUDE_NEXT is expanded from...
m4/include_next.m4:117: gl_CHECK_NEXT_HEADERS is expanded from...
m4/errno_h.m4:14: gl_HEADER_ERRNO_H_BODY is expanded from...
m4/errno_h.m4:7: gl_HEADER_ERRNO_H is expanded from...
m4/gnulib-comp.m4:33: gl_INIT is expanded from...
configure.in:58: the top level
configure.in:58: warning: AC_REQUIRE: `gl_HEADER_ERRNO_H' was expanded before it was required
configure.in:58: http://www.gnu.org/software/autoconf/manual/autoconf.html#Expanded-Before-Required
m4/strerror.m4:18: gl_FUNC_STRERROR_SEPARATE is expanded from...
m4/strerror.m4:7: gl_FUNC_STRERROR is expanded from...
m4/gnulib-comp.m4:33: gl_INIT is expanded from...
configure.in:58: the top level
configure.in:58: warning: AC_LANG_CONFTEST: no AC_LANG_SOURCE call detected in body
../../lib/autoconf/lang.m4:193: AC_LANG_CONFTEST is expanded from...
../../lib/autoconf/general.m4:2601: _AC_COMPILE_IFELSE is expanded from...
../../lib/autoconf/general.m4:2617: AC_COMPILE_IFELSE is expanded from...
../../lib/m4sugar/m4sh.m4:639: AS_IF is expanded from...
../../lib/autoconf/general.m4:2042: AC_CACHE_VAL is expanded from...
../../lib/autoconf/general.m4:2063: AC_CACHE_CHECK is expanded from...
m4/include_next.m4:28: gl_INCLUDE_NEXT is expanded from...
m4/include_next.m4:117: gl_CHECK_NEXT_HEADERS is expanded from...
m4/errno_h.m4:14: gl_HEADER_ERRNO_H_BODY is expanded from...
m4/errno_h.m4:7: gl_HEADER_ERRNO_H is expanded from...
m4/gnulib-comp.m4:33: gl_INIT is expanded from...
configure.in:58: the top level
configure.in:58: warning: AC_LANG_CONFTEST: no AC_LANG_SOURCE call detected in body
../../lib/autoconf/lang.m4:193: AC_LANG_CONFTEST is expanded from...
../../lib/autoconf/general.m4:2601: _AC_COMPILE_IFELSE is expanded from...
../../lib/autoconf/general.m4:2617: AC_COMPILE_IFELSE is expanded from...
../../lib/m4sugar/m4sh.m4:639: AS_IF is expanded from...
../../lib/autoconf/general.m4:2601: _AC_COMPILE_IFELSE is expanded from...
../../lib/autoconf/general.m4:2617: AC_COMPILE_IFELSE is expanded from...
../../lib/m4sugar/m4sh.m4:639: AS_IF is expanded from...
../../lib/autoconf/general.m4:2042: AC_CACHE_VAL is expanded from...
../../lib/autoconf/general.m4:2063: AC_CACHE_CHECK is expanded from...
m4/include_next.m4:28: gl_INCLUDE_NEXT is expanded from...
m4/include_next.m4:117: gl_CHECK_NEXT_HEADERS is expanded from...
m4/errno_h.m4:14: gl_HEADER_ERRNO_H_BODY is expanded from...
m4/errno_h.m4:7: gl_HEADER_ERRNO_H is expanded from...
m4/gnulib-comp.m4:33: gl_INIT is expanded from...
configure.in:58: the top level
configure.in:58: warning: AC_REQUIRE: `gl_HEADER_ERRNO_H' was expanded before it was required
configure.in:58: http://www.gnu.org/software/autoconf/manual/autoconf.html#Expanded-Before-Required
m4/strerror.m4:18: gl_FUNC_STRERROR_SEPARATE is expanded from...
m4/strerror.m4:7: gl_FUNC_STRERROR is expanded from...
m4/gnulib-comp.m4:33: gl_INIT is expanded from...
configure.in:58: the top level
automake: warning: autoconf input should be named 'configure.ac', not 'configure.in'
configure.in:58: warning: AC_LANG_CONFTEST: no AC_LANG_SOURCE call detected in body
../../lib/autoconf/lang.m4:193: AC_LANG_CONFTEST is expanded from...
../../lib/autoconf/general.m4:2601: _AC_COMPILE_IFELSE is expanded from...
../../lib/autoconf/general.m4:2617: AC_COMPILE_IFELSE is expanded from...
../../lib/m4sugar/m4sh.m4:639: AS_IF is expanded from...
../../lib/autoconf/general.m4:2042: AC_CACHE_VAL is expanded from...
../../lib/autoconf/general.m4:2063: AC_CACHE_CHECK is expanded from...
m4/include_next.m4:28: gl_INCLUDE_NEXT is expanded from...
m4/include_next.m4:117: gl_CHECK_NEXT_HEADERS is expanded from...
m4/errno_h.m4:14: gl_HEADER_ERRNO_H_BODY is expanded from...
m4/errno_h.m4:7: gl_HEADER_ERRNO_H is expanded from...
m4/gnulib-comp.m4:33: gl_INIT is expanded from...
configure.in:58: the top level
configure.in:58: warning: AC_LANG_CONFTEST: no AC_LANG_SOURCE call detected in body
../../lib/autoconf/lang.m4:193: AC_LANG_CONFTEST is expanded from...
../../lib/autoconf/general.m4:2601: _AC_COMPILE_IFELSE is expanded from...
../../lib/autoconf/general.m4:2617: AC_COMPILE_IFELSE is expanded from...
../../lib/m4sugar/m4sh.m4:639: AS_IF is expanded from...
../../lib/autoconf/general.m4:2601: _AC_COMPILE_IFELSE is expanded from...
../../lib/autoconf/general.m4:2617: AC_COMPILE_IFELSE is expanded from...
../../lib/m4sugar/m4sh.m4:639: AS_IF is expanded from...
../../lib/autoconf/general.m4:2042: AC_CACHE_VAL is expanded from...
../../lib/autoconf/general.m4:2063: AC_CACHE_CHECK is expanded from...
m4/include_next.m4:28: gl_INCLUDE_NEXT is expanded from...
m4/include_next.m4:117: gl_CHECK_NEXT_HEADERS is expanded from...
m4/errno_h.m4:14: gl_HEADER_ERRNO_H_BODY is expanded from...
m4/errno_h.m4:7: gl_HEADER_ERRNO_H is expanded from...
m4/gnulib-comp.m4:33: gl_INIT is expanded from...
configure.in:58: the top level
configure.in:58: warning: AC_REQUIRE: `gl_HEADER_ERRNO_H' was expanded before it was required
configure.in:58: http://www.gnu.org/software/autoconf/manual/autoconf.html#Expanded-Before-Required
m4/strerror.m4:18: gl_FUNC_STRERROR_SEPARATE is expanded from...
m4/strerror.m4:7: gl_FUNC_STRERROR is expanded from...
m4/gnulib-comp.m4:33: gl_INIT is expanded from...
configure.in:58: the top level
configure.in:42: installing './compile'
configure.in:38: installing './missing'
Makefile.am:72: warning: source file 'ui/ui.cc' is in a subdirectory,
Makefile.am:72: but option 'subdir-objects' is disabled
automake: warning: possible forward-incompatibility.
automake: At least a source file is in a subdirectory, but the 'subdir-objects'
automake: automake option hasn't been enabled.  For now, the corresponding output
automake: object file(s) will be placed in the top-level directory.  However,
automake: this behaviour will change in future Automake versions: they will
automake: unconditionally cause object files to be placed in the same subdirectory
automake: of the corresponding sources.
automake: You are advised to start using 'subdir-objects' option throughout your
automake: project, to avoid future incompatibilities.
Makefile.am:72: warning: source file 'ui/input.cc' is in a subdirectory,
Makefile.am:72: but option 'subdir-objects' is disabled
Makefile.am:72: warning: source file 'ui/ui_log.cc' is in a subdirectory,
Makefile.am:72: but option 'subdir-objects' is disabled
Makefile.am: installing './depcomp'
automake: warning: autoconf input should be named 'configure.ac', not 'configure.in'
   dh_auto_configure
	./configure --build=x86_64-linux-gnu --prefix=/usr --includedir=\${prefix}/include --mandir=\${prefix}/share/man --infodir=\${prefix}/share/info --sysconfdir=/etc --localstatedir=/var --disable-silent-rules --libdir=\${prefix}/lib/x86_64-linux-gnu --runstatedir=/run --disable-maintainer-mode --disable-dependency-tracking
configure: WARNING: unrecognized options: --disable-maintainer-mode
checking for a BSD-compatible install... /usr/bin/install -c
checking whether build environment is sane... yes
checking for a thread-safe mkdir -p... /bin/mkdir -p
checking for gawk... no
checking for mawk... mawk
checking whether make sets $(MAKE)... yes
checking whether make supports nested variables... yes
checking for g++... g++
checking whether the C++ compiler works... yes
checking for C++ compiler default output file name... a.out
checking for suffix of executables... 
checking whether we are cross compiling... no
checking for suffix of object files... o
checking whether we are using the GNU C++ compiler... yes
checking whether g++ accepts -g... yes
checking whether make supports the include directive... yes (GNU style)
checking dependency style of g++... none
checking for gcc... gcc
checking whether we are using the GNU C compiler... yes
checking whether gcc accepts -g... yes
checking for gcc option to accept ISO C89... none needed
checking whether gcc understands -c and -o together... yes
checking dependency style of gcc... none
checking for ranlib... ranlib
checking build system type... x86_64-pc-linux-gnu
checking host system type... x86_64-pc-linux-gnu
checking how to run the C preprocessor... gcc -E
checking for grep that handles long lines and -e... /bin/grep
checking for egrep... /bin/grep -E
checking for ANSI C header files... yes
checking for sys/types.h... yes
checking for sys/stat.h... yes
checking for stdlib.h... yes
checking for string.h... yes
checking for memory.h... yes
checking for strings.h... yes
checking for inttypes.h... yes
checking for stdint.h... yes
checking for unistd.h... yes
checking minix/config.h usability... no
checking minix/config.h presence... no
checking for minix/config.h... no
checking whether it is safe to define __EXTENSIONS__... yes
checking how to print strings... printf
checking for a sed that does not truncate output... /bin/sed
checking for fgrep... /bin/grep -F
checking for ld used by gcc... /usr/bin/ld
checking if the linker (/usr/bin/ld) is GNU ld... yes
checking for BSD- or MS-compatible name lister (nm)... /usr/bin/nm -B
checking the name lister (/usr/bin/nm -B) interface... BSD nm
checking whether ln -s works... yes
checking the maximum length of command line arguments... 1572864
checking how to convert x86_64-pc-linux-gnu file names to x86_64-pc-linux-gnu format... func_convert_file_noop
checking how to convert x86_64-pc-linux-gnu file names to toolchain format... func_convert_file_noop
checking for /usr/bin/ld option to reload object files... -r
checking for objdump... objdump
checking how to recognize dependent libraries... pass_all
checking for dlltool... no
checking how to associate runtime and link libraries... printf %s\n
checking for ar... ar
checking for archiver @FILE support... @
checking for strip... strip
checking for ranlib... (cached) ranlib
checking command to parse /usr/bin/nm -B output from gcc object... ok
checking for sysroot... no
checking for a working dd... /bin/dd
checking how to truncate binary pipes... /bin/dd bs=4096 count=1
checking for mt... no
checking if : is a manifest tool... no
checking for dlfcn.h... yes
checking for objdir... .libs
checking if gcc supports -fno-rtti -fno-exceptions... yes
checking for gcc option to produce PIC... -fPIC -DPIC
checking if gcc PIC flag -fPIC -DPIC works... yes
checking if gcc static flag -static works... yes
checking if gcc supports -c -o file.o... yes
checking if gcc supports -c -o file.o... (cached) yes
checking whether the gcc linker (/usr/bin/ld -m elf_x86_64) supports shared libraries... yes
checking whether -lc should be explicitly linked in... no
checking dynamic linker characteristics... GNU/Linux ld.so
checking how to hardcode library paths into programs... immediate
checking whether stripping libraries is possible... yes
checking if libtool supports shared libraries... yes
checking whether to build shared libraries... yes
checking whether to build static libraries... yes
checking how to run the C++ preprocessor... g++ -E
checking for ld used by g++... /usr/bin/ld -m elf_x86_64
checking if the linker (/usr/bin/ld -m elf_x86_64) is GNU ld... yes
checking whether the g++ linker (/usr/bin/ld -m elf_x86_64) supports shared libraries... yes
checking for g++ option to produce PIC... -fPIC -DPIC
checking if g++ PIC flag -fPIC -DPIC works... yes
checking if g++ static flag -static works... yes
checking if g++ supports -c -o file.o... yes
checking if g++ supports -c -o file.o... (cached) yes
checking whether the g++ linker (/usr/bin/ld -m elf_x86_64) supports shared libraries... yes
checking dynamic linker characteristics... (cached) GNU/Linux ld.so
checking how to hardcode library paths into programs... immediate
checking whether the preprocessor supports include_next... yes
checking for errno.h... yes
checking for stdlib.h... (cached) yes
checking for sys/socket.h... yes
checking for string.h... (cached) yes
checking for unistd.h... (cached) yes
checking for complete errno.h... yes
checking whether strerror_r is declared... yes
checking for strerror_r... yes
checking whether strerror_r returns char *... yes
checking for stdbool.h that conforms to C99... yes
checking for _Bool... yes
checking for working strerror function... yes
checking for C/C++ restrict keyword... __restrict
checking whether strndup is declared... yes
checking whether strnlen is declared... yes
checking for error_at_line... yes
checking for struct random_data... yes
checking for working strndup... yes
checking for working strnlen... yes
./configure: line 13525: test: =: unary operator expected
checking whether strtod obeys C99... yes
checking for main in -lm... yes
checking for ANSI C header files... (cached) yes
checking for sys/wait.h that is POSIX.1 compatible... yes
checking limits.h usability... yes
checking limits.h presence... yes
checking for limits.h... yes
checking for stdint.h... (cached) yes
checking for stdlib.h... (cached) yes
checking for string.h... (cached) yes
checking sys/ioctl.h usability... yes
checking sys/ioctl.h presence... yes
checking for sys/ioctl.h... yes
checking for unistd.h... (cached) yes
checking time.h usability... yes
checking time.h presence... yes
checking for time.h... yes
checking sys/time.h usability... yes
checking sys/time.h presence... yes
checking for sys/time.h... yes
checking for an ANSI C-conforming const... yes
checking for inline... inline
checking for int16_t... yes
checking for size_t... yes
checking for uint16_t... yes
checking for error_at_line... (cached) yes
checking for pid_t... yes
checking vfork.h usability... no
checking vfork.h presence... no
checking for vfork.h... no
checking for fork... yes
checking for vfork... yes
checking for working fork... yes
checking for working vfork... (cached) yes
checking whether gcc needs -traditional... no
checking sys/select.h usability... yes
checking sys/select.h presence... yes
checking for sys/select.h... yes
checking for sys/socket.h... (cached) yes
checking types of arguments for select... int,fd_set *,struct timeval *
checking for vprintf... yes
checking for _doprnt... no
checking for floor... yes
checking for memset... yes
checking for pow... yes
checking for select... yes
checking for sqrt... yes
checking for strchr... yes
checking for strcspn... yes
checking for strdup... yes
checking for strndup... yes
checking for strspn... yes
checking for strtol... yes
checking for nrand48... yes
checking for rand_r... yes
checking for gettimeofday... yes
checking for nanosleep... yes
checking for the pthreads library -lpthreads... no
checking whether pthreads work without any flags... no
checking whether pthreads work with -Kthread... no
checking whether pthreads work with -kthread... no
checking for the pthreads library -llthread... no
checking whether pthreads work with -pthread... yes
checking for joinable pthread attribute... PTHREAD_CREATE_JOINABLE
checking if more special flags are required for pthreads... no
checking for Magick-config... no
checking for main in -lfftw3... no
checking for sys/ioctl.h... (cached) yes
checking for ioctl... yes
checking whether TIOCGWINSZ is declared... yes
checking for unistd.h... (cached) yes
checking for execlp... yes
checking that generated files are newer than configure... done
configure: creating ./config.status
config.status: creating Makefile
config.status: creating lib/Makefile
config.status: creating config.h
config.status: executing depfiles commands
config.status: executing libtool commands
configure: WARNING: unrecognized options: --disable-maintainer-mode
configure: making clean
   dh_auto_build
	make -j4
make[1]: Entering directory '/<<PKGBUILDDIR>>'
make  all-recursive
make[2]: Entering directory '/<<PKGBUILDDIR>>'
Making all in lib
make[3]: Entering directory '/<<PKGBUILDDIR>>/lib'
rm -f stdlib.h-t stdlib.h
rm -f string.h-t string.h
rm -f unistd.h-t unistd.h
{ echo '/* DO NOT EDIT! GENERATED AUTOMATICALLY! */' && \
  sed -e 's|@''INCLUDE_NEXT''@|include_next|g' \
      -e 's|@''PRAGMA_SYSTEM_HEADER''@|#pragma GCC system_header|g' \
      -e 's|@''NEXT_STDLIB_H''@|<stdlib.h>|g' \
      -e 's|@''GNULIB_MALLOC_POSIX''@|0|g' \
      -e 's|@''GNULIB_REALLOC_POSIX''@|0|g' \
      -e 's|@''GNULIB_CALLOC_POSIX''@|0|g' \
      -e 's|@''GNULIB_ATOLL''@|0|g' \
      -e 's|@''GNULIB_GETLOADAVG''@|0|g' \
      -e 's|@''GNULIB_GETSUBOPT''@|0|g' \
      -e 's|@''GNULIB_MKDTEMP''@|0|g' \
      -e 's|@''GNULIB_MKSTEMP''@|0|g' \
      -e 's|@''GNULIB_PUTENV''@|0|g' \
      -e 's|@''GNULIB_RANDOM_R''@|0|g' \
      -e 's|@''GNULIB_RPMATCH''@|0|g' \
      -e 's|@''GNULIB_SETENV''@|0|g' \
      -e 's|@''GNULIB_STRTOD''@|1|g' \
      -e 's|@''GNULIB_STRTOLL''@|0|g' \
      -e 's|@''GNULIB_STRTOULL''@|0|g' \
      -e 's|@''GNULIB_UNSETENV''@|0|g' \
      -e 's|@''HAVE_ATOLL''@|1|g' \
      -e 's|@''HAVE_CALLOC_POSIX''@|1|g' \
      -e 's|@''HAVE_GETSUBOPT''@|1|g' \
      -e 's|@''HAVE_MALLOC_POSIX''@|1|g' \
      -e 's|@''HAVE_MKDTEMP''@|1|g' \
      -e 's|@''HAVE_REALLOC_POSIX''@|1|g' \
      -e 's|@''HAVE_RANDOM_R''@|1|g' \
      -e 's|@''HAVE_RPMATCH''@|1|g' \
      -e 's|@''HAVE_SETENV''@|1|g' \
      -e 's|@''HAVE_STRTOD''@|1|g' \
      -e 's|@''HAVE_STRTOLL''@|1|g' \
      -e 's|@''HAVE_STRTOULL''@|1|g' \
      -e 's|@''HAVE_STRUCT_RANDOM_DATA''@|1|g' \
      -e 's|@''HAVE_SYS_LOADAVG_H''@|0|g' \
      -e 's|@''HAVE_UNSETENV''@|1|g' \
      -e 's|@''HAVE_DECL_GETLOADAVG''@|1|g' \
      -e 's|@''REPLACE_MKSTEMP''@|0|g' \
      -e 's|@''REPLACE_PUTENV''@|0|g' \
      -e 's|@''REPLACE_STRTOD''@|0|g' \
      -e 's|@''VOID_UNSETENV''@|0|g' \
      -e '/definition of GL_LINK_WARNING/r .././link-warning.h' \
      < ./stdlib.in.h; \
} > stdlib.h-t
{ echo '/* DO NOT EDIT! GENERATED AUTOMATICALLY! */' && \
  sed -e 's|@''INCLUDE_NEXT''@|include_next|g' \
      -e 's|@''PRAGMA_SYSTEM_HEADER''@|#pragma GCC system_header|g' \
      -e 's|@''NEXT_STRING_H''@|<string.h>|g' \
      -e 's|@''GNULIB_MBSLEN''@|0|g' \
      -e 's|@''GNULIB_MBSNLEN''@|0|g' \
      -e 's|@''GNULIB_MBSCHR''@|0|g' \
      -e 's|@''GNULIB_MBSRCHR''@|0|g' \
      -e 's|@''GNULIB_MBSSTR''@|0|g' \
      -e 's|@''GNULIB_MBSCASECMP''@|0|g' \
      -e 's|@''GNULIB_MBSNCASECMP''@|0|g' \
      -e 's|@''GNULIB_MBSPCASECMP''@|0|g' \
      -e 's|@''GNULIB_MBSCASESTR''@|0|g' \
      -e 's|@''GNULIB_MBSCSPN''@|0|g' \
      -e 's|@''GNULIB_MBSPBRK''@|0|g' \
      -e 's|@''GNULIB_MBSSPN''@|0|g' \
      -e 's|@''GNULIB_MBSSEP''@|0|g' \
      -e 's|@''GNULIB_MBSTOK_R''@|0|g' \
      -e 's|@''GNULIB_MEMMEM''@|0|g' \
      -e 's|@''GNULIB_MEMPCPY''@|0|g' \
      -e 's|@''GNULIB_MEMRCHR''@|0|g' \
      -e 's|@''GNULIB_RAWMEMCHR''@|0|g' \
      -e 's|@''GNULIB_STPCPY''@|0|g' \
      -e 's|@''GNULIB_STPNCPY''@|0|g' \
      -e 's|@''GNULIB_STRCHRNUL''@|0|g' \
      -e 's|@''GNULIB_STRDUP''@|0|g' \
      -e 's|@''GNULIB_STRNDUP''@|1|g' \
      -e 's|@''GNULIB_STRNLEN''@|1|g' \
      -e 's|@''GNULIB_STRPBRK''@|0|g' \
      -e 's|@''GNULIB_STRSEP''@|0|g' \
      -e 's|@''GNULIB_STRSTR''@|0|g' \
      -e 's|@''GNULIB_STRCASESTR''@|0|g' \
      -e 's|@''GNULIB_STRTOK_R''@|0|g' \
      -e 's|@''GNULIB_STRERROR''@|1|g' \
      -e 's|@''GNULIB_STRSIGNAL''@|0|g' \
      -e 's|@''GNULIB_STRVERSCMP''@|0|g' \
      -e 's|@''HAVE_DECL_MEMMEM''@|1|g' \
      -e 's|@''HAVE_MEMPCPY''@|1|g' \
      -e 's|@''HAVE_DECL_MEMRCHR''@|1|g' \
      -e 's|@''HAVE_RAWMEMCHR''@|1|g' \
      -e 's|@''HAVE_STPCPY''@|1|g' \
      -e 's|@''HAVE_STPNCPY''@|1|g' \
      -e 's|@''HAVE_STRCHRNUL''@|1|g' \
      -e 's|@''HAVE_DECL_STRDUP''@|1|g' \
      -e 's|@''HAVE_STRNDUP''@|1|g' \
      -e 's|@''HAVE_DECL_STRNDUP''@|1|g' \
      -e 's|@''HAVE_DECL_STRNLEN''@|1|g' \
      -e 's|@''HAVE_STRPBRK''@|1|g' \
      -e 's|@''HAVE_STRSEP''@|1|g' \
      -e 's|@''HAVE_STRCASESTR''@|1|g' \
      -e 's|@''HAVE_DECL_STRTOK_R''@|1|g' \
      -e 's|@''HAVE_DECL_STRERROR''@|1|g' \
      -e 's|@''HAVE_DECL_STRSIGNAL''@|1|g' \
      -e 's|@''HAVE_STRVERSCMP''@|1|g' \
      -e 's|@''REPLACE_MEMMEM''@|0|g' \
      -e 's|@''REPLACE_STRCASESTR''@|0|g' \
      -e 's|@''REPLACE_STRDUP''@|0|g' \
      -e 's|@''REPLACE_STRSTR''@|0|g' \
      -e 's|@''REPLACE_STRERROR''@|0|g' \
      -e 's|@''REPLACE_STRSIGNAL''@|0|g' \
      -e '/definition of GL_LINK_WARNING/r .././link-warning.h' \
      < ./string.in.h; \
} > string.h-t
{ echo '/* DO NOT EDIT! GENERATED AUTOMATICALLY! */'; \
  sed -e 's|@''HAVE_UNISTD_H''@|1|g' \
      -e 's|@''INCLUDE_NEXT''@|include_next|g' \
      -e 's|@''PRAGMA_SYSTEM_HEADER''@|#pragma GCC system_header|g' \
      -e 's|@''NEXT_UNISTD_H''@|<unistd.h>|g' \
      -e 's|@''GNULIB_CHOWN''@|0|g' \
      -e 's|@''GNULIB_CLOSE''@|0|g' \
      -e 's|@''GNULIB_DUP2''@|0|g' \
      -e 's|@''GNULIB_ENVIRON''@|0|g' \
      -e 's|@''GNULIB_EUIDACCESS''@|0|g' \
      -e 's|@''GNULIB_FCHDIR''@|0|g' \
      -e 's|@''GNULIB_FSYNC''@|0|g' \
      -e 's|@''GNULIB_FTRUNCATE''@|0|g' \
      -e 's|@''GNULIB_GETCWD''@|0|g' \
      -e 's|@''GNULIB_GETDOMAINNAME''@|0|g' \
      -e 's|@''GNULIB_GETDTABLESIZE''@|0|g' \
      -e 's|@''GNULIB_GETHOSTNAME''@|0|g' \
      -e 's|@''GNULIB_GETLOGIN_R''@|0|g' \
      -e 's|@''GNULIB_GETPAGESIZE''@|0|g' \
      -e 's|@''GNULIB_GETUSERSHELL''@|0|g' \
      -e 's|@''GNULIB_LCHOWN''@|0|g' \
      -e 's|@''GNULIB_LSEEK''@|0|g' \
      -e 's|@''GNULIB_READLINK''@|0|g' \
      -e 's|@''GNULIB_SLEEP''@|0|g' \
      -e 's|@''GNULIB_UNISTD_H_SIGPIPE''@|0|g' \
      -e 's|@''GNULIB_WRITE''@|0|g' \
      -e 's|@''HAVE_DUP2''@|1|g' \
      -e 's|@''HAVE_EUIDACCESS''@|1|g' \
      -e 's|@''HAVE_FSYNC''@|1|g' \
      -e 's|@''HAVE_FTRUNCATE''@|1|g' \
      -e 's|@''HAVE_GETDOMAINNAME''@|1|g' \
      -e 's|@''HAVE_GETDTABLESIZE''@|1|g' \
      -e 's|@''HAVE_GETHOSTNAME''@|1|g' \
      -e 's|@''HAVE_GETPAGESIZE''@|1|g' \
      -e 's|@''HAVE_GETUSERSHELL''@|1|g' \
      -e 's|@''HAVE_READLINK''@|1|g' \
      -e 's|@''HAVE_SLEEP''@|1|g' \
      -e 's|@''HAVE_DECL_ENVIRON''@|1|g' \
      -e 's|@''HAVE_DECL_GETLOGIN_R''@|1|g' \
      -e 's|@''HAVE_OS_H''@|0|g' \
      -e 's|@''HAVE_SYS_PARAM_H''@|0|g' \
      -e 's|@''REPLACE_CHOWN''@|0|g' \
      -e 's|@''REPLACE_CLOSE''@|0|g' \
      -e 's|@''REPLACE_FCHDIR''@|0|g' \
      -e 's|@''REPLACE_GETCWD''@|0|g' \
      -e 's|@''REPLACE_GETPAGESIZE''@|0|g' \
      -e 's|@''REPLACE_LCHOWN''@|0|g' \
      -e 's|@''REPLACE_LSEEK''@|0|g' \
      -e 's|@''REPLACE_WRITE''@|0|g' \
      -e 's|@''UNISTD_H_HAVE_WINSOCK2_H''@|0|g' \
      -e '/definition of GL_LINK_WARNING/r .././link-warning.h' \
      < ./unistd.in.h; \
} > unistd.h-t
mv unistd.h-t unistd.h
mv stdlib.h-t stdlib.h
mv string.h-t string.h
make  all-recursive
make[4]: Entering directory '/<<PKGBUILDDIR>>/lib'
make[5]: Entering directory '/<<PKGBUILDDIR>>/lib'
/bin/bash ../libtool  --tag=CC   --mode=compile gcc -DHAVE_CONFIG_H -I. -I..   -Wdate-time -D_FORTIFY_SOURCE=2  -g -O2 -fdebug-prefix-map=/<<PKGBUILDDIR>>=. -fstack-protector-strong -Wformat -Werror=format-security -c -o c-ctype.lo c-ctype.c
libtool: compile:  gcc -DHAVE_CONFIG_H -I. -I.. -Wdate-time -D_FORTIFY_SOURCE=2 -g -O2 -fdebug-prefix-map=/<<PKGBUILDDIR>>=. -fstack-protector-strong -Wformat -Werror=format-security -c c-ctype.c  -fPIC -DPIC -o .libs/c-ctype.o
libtool: compile:  gcc -DHAVE_CONFIG_H -I. -I.. -Wdate-time -D_FORTIFY_SOURCE=2 -g -O2 -fdebug-prefix-map=/<<PKGBUILDDIR>>=. -fstack-protector-strong -Wformat -Werror=format-security -c c-ctype.c -o c-ctype.o >/dev/null 2>&1
/bin/bash ../libtool  --tag=CC   --mode=link gcc  -g -O2 -fdebug-prefix-map=/<<PKGBUILDDIR>>=. -fstack-protector-strong -Wformat -Werror=format-security  -Wl,-z,relro -Wl,-z,now -o libgnu.la  c-ctype.lo  -lm  
libtool: link: ar cr .libs/libgnu.a .libs/c-ctype.o 
libtool: link: ranlib .libs/libgnu.a
libtool: link: ( cd ".libs" && rm -f "libgnu.la" && ln -s "../libgnu.la" "libgnu.la" )
make[5]: Leaving directory '/<<PKGBUILDDIR>>/lib'
make[4]: Leaving directory '/<<PKGBUILDDIR>>/lib'
make[3]: Leaving directory '/<<PKGBUILDDIR>>/lib'
make[3]: Entering directory '/<<PKGBUILDDIR>>'
g++ -DHAVE_CONFIG_H -I.  -pthread -DUSE_PTHREAD=1 -DDEBUG   -DUSE_UNIX -DUSE_IOCTL -DALE_COORDINATES=SINGLE -DALE_COLORS=SINGLE -DOPTIMIZATIONS=1  -I./lib -Wdate-time -D_FORTIFY_SOURCE=2  -g -O2 -fdebug-prefix-map=/<<PKGBUILDDIR>>=. -fstack-protector-strong -Wformat -Werror=format-security -c -o ale.o ale.cc
g++ -DHAVE_CONFIG_H -I.  -pthread -DUSE_PTHREAD=1 -DDEBUG   -DUSE_UNIX -DUSE_IOCTL -DALE_COORDINATES=SINGLE -DALE_COLORS=SINGLE -DOPTIMIZATIONS=1  -I./lib -Wdate-time -D_FORTIFY_SOURCE=2  -g -O2 -fdebug-prefix-map=/<<PKGBUILDDIR>>=. -fstack-protector-strong -Wformat -Werror=format-security -c -o thread.o thread.cc
g++ -DHAVE_CONFIG_H -I.  -pthread -DUSE_PTHREAD=1 -DDEBUG   -DUSE_UNIX -DUSE_IOCTL -DALE_COORDINATES=SINGLE -DALE_COLORS=SINGLE -DOPTIMIZATIONS=1  -I./lib -Wdate-time -D_FORTIFY_SOURCE=2  -g -O2 -fdebug-prefix-map=/<<PKGBUILDDIR>>=. -fstack-protector-strong -Wformat -Werror=format-security -c -o rand.o rand.cc
g++ -DHAVE_CONFIG_H -I.  -pthread -DUSE_PTHREAD=1 -DDEBUG   -DUSE_UNIX -DUSE_IOCTL -DALE_COORDINATES=SINGLE -DALE_COLORS=SINGLE -DOPTIMIZATIONS=1  -I./lib -Wdate-time -D_FORTIFY_SOURCE=2  -g -O2 -fdebug-prefix-map=/<<PKGBUILDDIR>>=. -fstack-protector-strong -Wformat -Werror=format-security -c -o ui.o `test -f 'ui/ui.cc' || echo './'`ui/ui.cc
In file included from thread.cc:26:
./thread.h:57:4: warning: ignoring return value of function declared with 'warn_unused_result' attribute [-Wunused-result]
                        fgets(buffer, 100, cpuinfo);
                        ^~~~~ ~~~~~~~~~~~~~~~~~~~~
1 warning generated.
g++ -DHAVE_CONFIG_H -I.  -pthread -DUSE_PTHREAD=1 -DDEBUG   -DUSE_UNIX -DUSE_IOCTL -DALE_COORDINATES=SINGLE -DALE_COLORS=SINGLE -DOPTIMIZATIONS=1  -I./lib -Wdate-time -D_FORTIFY_SOURCE=2  -g -O2 -fdebug-prefix-map=/<<PKGBUILDDIR>>=. -fstack-protector-strong -Wformat -Werror=format-security -c -o input.o `test -f 'ui/input.cc' || echo './'`ui/input.cc
g++ -DHAVE_CONFIG_H -I.  -pthread -DUSE_PTHREAD=1 -DDEBUG   -DUSE_UNIX -DUSE_IOCTL -DALE_COORDINATES=SINGLE -DALE_COLORS=SINGLE -DOPTIMIZATIONS=1  -I./lib -Wdate-time -D_FORTIFY_SOURCE=2  -g -O2 -fdebug-prefix-map=/<<PKGBUILDDIR>>=. -fstack-protector-strong -Wformat -Werror=format-security -c -o ui_log.o `test -f 'ui/ui_log.cc' || echo './'`ui/ui_log.cc
In file included from ale.cc:35:
./ale_fixed.h:1024:38: warning: operator '<<' has lower precedence than '-'; '-' will be evaluated first [-Wshift-op-parentheses]
        if (f.bits - result.bits >= (1 << N - 1))
                                       ~~ ~~^~~
./ale_fixed.h:1024:38: note: place parentheses around the '-' expression to silence this warning
        if (f.bits - result.bits >= (1 << N - 1))
                                            ^
                                          (    )
In file included from ui/ui.cc:21:
In file included from ui/ui_wo.h:24:
In file included from ui/ui.h:29:
In file included from ui/../ale_pos.h:24:
./ale_fixed.h:1024:38: warning: operator '<<' has lower precedence than '-'; '-' will be evaluated first [-Wshift-op-parentheses]
        if (f.bits - result.bits >= (1 << N - 1))
                                       ~~ ~~^~~
./ale_fixed.h:1024:38: note: place parentheses around the '-' expression to silence this warning
        if (f.bits - result.bits >= (1 << N - 1))
                                            ^
                                          (    )
In file included from ui/ui_log.cc:21:
In file included from ui/ui.h:29:
In file included from ui/../ale_pos.h:24:
./ale_fixed.h:1024:38: warning: operator '<<' has lower precedence than '-'; '-' will be evaluated first [-Wshift-op-parentheses]
        if (f.bits - result.bits >= (1 << N - 1))
                                       ~~ ~~^~~
./ale_fixed.h:1024:38: note: place parentheses around the '-' expression to silence this warning
        if (f.bits - result.bits >= (1 << N - 1))
                                            ^
                                          (    )
In file included from ui/input.cc:21:
In file included from ui/input.h:43:
In file included from ui/ui.h:29:
In file included from ui/../ale_pos.h:24:
./ale_fixed.h:1024:38: warning: operator '<<' has lower precedence than '-'; '-' will be evaluated first [-Wshift-op-parentheses]
        if (f.bits - result.bits >= (1 << N - 1))
                                       ~~ ~~^~~
./ale_fixed.h:1024:38: note: place parentheses around the '-' expression to silence this warning
        if (f.bits - result.bits >= (1 << N - 1))
                                            ^
                                          (    )
1 warning generated.
g++ -DHAVE_CONFIG_H -I.  -pthread -DUSE_PTHREAD=1 -DDEBUG   -DUSE_UNIX -DUSE_IOCTL -DALE_COORDINATES=SINGLE -DALE_COLORS=SINGLE -DOPTIMIZATIONS=1  -I./lib -Wdate-time -D_FORTIFY_SOURCE=2  -g -O2 -fdebug-prefix-map=/<<PKGBUILDDIR>>=. -fstack-protector-strong -Wformat -Werror=format-security -c -o d2.o d2.cc
In file included from ui/ui.cc:22:
In file included from ui/ui_tty.h:36:
In file included from ui/../d2.h:80:
./thread.h:57:4: warning: ignoring return value of function declared with 'warn_unused_result' attribute [-Wunused-result]
                        fgets(buffer, 100, cpuinfo);
                        ^~~~~ ~~~~~~~~~~~~~~~~~~~~
In file included from ui/ui_log.cc:23:
In file included from ./d2.h:80:
./thread.h:57:4: warning: ignoring return value of function declared with 'warn_unused_result' attribute [-Wunused-result]
                        fgets(buffer, 100, cpuinfo);
                        ^~~~~ ~~~~~~~~~~~~~~~~~~~~
In file included from ui/input.cc:21:
In file included from ui/input.h:74:
In file included from ui/../d2.h:80:
./thread.h:57:4: warning: ignoring return value of function declared with 'warn_unused_result' attribute [-Wunused-result]
                        fgets(buffer, 100, cpuinfo);
                        ^~~~~ ~~~~~~~~~~~~~~~~~~~~
In file included from ui/ui.cc:22:
In file included from ui/ui_tty.h:36:
In file included from ui/../d2.h:99:
In file included from ./d2/align.h:33:
./d2/tfile.h:135:3: warning: ignoring return value of function declared with 'warn_unused_result' attribute [-Wunused-result]
                fgets(line, 1024, t->file);
                ^~~~~ ~~~~~~~~~~~~~~~~~~~
./d2/tfile.h:165:2: warning: ignoring return value of function declared with 'warn_unused_result' attribute [-Wunused-result]
        fgets(line, 1024, t->file);
        ^~~~~ ~~~~~~~~~~~~~~~~~~~
./d2/tfile.h:206:3: warning: ignoring return value of function declared with 'warn_unused_result' attribute [-Wunused-result]
                fgets(line, 1024, t->file);
                ^~~~~ ~~~~~~~~~~~~~~~~~~~
./d2/tfile.h:423:3: warning: ignoring return value of function declared with 'warn_unused_result' attribute [-Wunused-result]
                fgets(line, 1024, t->file);
                ^~~~~ ~~~~~~~~~~~~~~~~~~~
In file included from ui/ui.cc:22:
In file included from ui/ui_tty.h:36:
In file included from ui/../d2.h:99:
./d2/align.h:214:35: warning: if statement has empty body [-Wempty-body]
                        if (index == is_default.size());
                                                       ^
./d2/align.h:214:35: note: put the semicolon on a separate line to silence this warning
In file included from ui/ui_log.cc:23:
In file included from ./d2.h:99:
In file included from ./d2/align.h:33:
./d2/tfile.h:135:3: warning: ignoring return value of function declared with 'warn_unused_result' attribute [-Wunused-result]
                fgets(line, 1024, t->file);
                ^~~~~ ~~~~~~~~~~~~~~~~~~~
./d2/tfile.h:165:2: warning: ignoring return value of function declared with 'warn_unused_result' attribute [-Wunused-result]
        fgets(line, 1024, t->file);
        ^~~~~ ~~~~~~~~~~~~~~~~~~~
./d2/tfile.h:206:3: warning: ignoring return value of function declared with 'warn_unused_result' attribute [-Wunused-result]
                fgets(line, 1024, t->file);
                ^~~~~ ~~~~~~~~~~~~~~~~~~~
./d2/tfile.h:423:3: warning: ignoring return value of function declared with 'warn_unused_result' attribute [-Wunused-result]
                fgets(line, 1024, t->file);
                ^~~~~ ~~~~~~~~~~~~~~~~~~~
In file included from ui/input.cc:21:
In file included from ui/input.h:74:
In file included from ui/../d2.h:99:
In file included from ./d2/align.h:33:
./d2/tfile.h:135:3: warning: ignoring return value of function declared with 'warn_unused_result' attribute [-Wunused-result]
                fgets(line, 1024, t->file);
                ^~~~~ ~~~~~~~~~~~~~~~~~~~
./d2/tfile.h:165:2: warning: ignoring return value of function declared with 'warn_unused_result' attribute [-Wunused-result]
        fgets(line, 1024, t->file);
        ^~~~~ ~~~~~~~~~~~~~~~~~~~
./d2/tfile.h:206:3: warning: ignoring return value of function declared with 'warn_unused_result' attribute [-Wunused-result]
                fgets(line, 1024, t->file);
                ^~~~~ ~~~~~~~~~~~~~~~~~~~
./d2/tfile.h:423:3: warning: ignoring return value of function declared with 'warn_unused_result' attribute [-Wunused-result]
                fgets(line, 1024, t->file);
                ^~~~~ ~~~~~~~~~~~~~~~~~~~
In file included from ui/ui.cc:22:
In file included from ui/ui_tty.h:36:
In file included from ui/../d2.h:120:
In file included from ./d2/render_parse.h:28:
./d2/render/zero.h:34:18: warning: expression with side effects will be evaluated despite being used as an operand to 'typeid' [-Wpotentially-evaluated-expression]
                assert (typeid(*inv->ssfe()->get_scaled_filter()->get_filter()) == typeid(filter::zero));
                               ^
In file included from ui/ui.cc:22:
In file included from ui/ui_tty.h:36:
In file included from ui/../d2.h:120:
./d2/render_parse.h:169:15: warning: expression with side effects will be evaluated despite being used as an operand to 'typeid' [-Wpotentially-evaluated-expression]
                if  (typeid(*render::render_num(index)) == typeid(incremental)
                            ^
./d2/render_parse.h:173:21: warning: expression with side effects will be evaluated despite being used as an operand to 'typeid' [-Wpotentially-evaluated-expression]
                } else if (typeid(*i->ssfe()->get_scaled_filter()->get_filter()) == typeid(filter::zero)) {
In file included from                                   ^ui/ui_log.cc:23:
In file included from ./d2.h:99:
./d2/align.h:214:35: warning: if statement has empty body [-Wempty-body]
                        if (index == is_default.size());
                                                       ^
./d2/align.h:214:35:
 note: put the semicolon on a separate line to silence this warning
./d2/render_parse.h:186:15: warning: expression with side effects will be evaluated despite being used as an operand to 'typeid' [-Wpotentially-evaluated-expression]
                if  (typeid(*render::render_num(index)) == typeid(combine)
                            ^
In file included from ui/input.cc:21:
In file included from ui/input.h:74:
In file included from ui/../d2.h:99:
./d2/align.h:214:35: warning: if statement has empty body [-Wempty-body]
                        if (index == is_default.size());
                                                       ^
./d2/align.h:214:35: note: put the semicolon on a separate line to silence this warning
In file included from ui/ui.cc:22:
In file included from ui/ui_tty.h:36:
In file included from ui/../d2.h:138:
./d2/render/psf/psf_calibrate.h:262:19: warning: result of comparison of constant 18446744073709551615 with expression of type 'unsigned int' is always true [-Wtautological-constant-out-of-range-compare]
                                 && ((*count) < ULONG_MAX)) {
                                     ~~~~~~~~ ^ ~~~~~~~~~
In file included from ui/ui_log.cc:23:
In file included from ./d2.h:120:
In file included from ./d2/render_parse.h:28:
./d2/render/zero.h:34:18: warning: expression with side effects will be evaluated despite being used as an operand to 'typeid' [-Wpotentially-evaluated-expression]
                assert (typeid(*inv->ssfe()->get_scaled_filter()->get_filter()) == typeid(filter::zero));
                               ^
In file included from ui/ui_log.cc:23:
In file included from ./d2.h:120:
./d2/render_parse.h:169:15: warning: expression with side effects will be evaluated despite being used as an operand to 'typeid' [-Wpotentially-evaluated-expression]
                if  (typeid(*render::render_num(index)) == typeid(incremental)
                            ^
./d2/render_parse.h:173:21: warning: expression with side effects will be evaluated despite being used as an operand to 'typeid' [-Wpotentially-evaluated-expression]
                } else if (typeid(*i->ssfe()->get_scaled_filter()->get_filter()) == typeid(filter::zero)) {
                                  ^
./d2/render_parse.h:186:15: warning: expression with side effects will be evaluated despite being used as an operand to 'typeid' [-Wpotentially-evaluated-expression]
                if  (typeid(*render::render_num(index)) == typeid(combine)
                            ^
In file included from ui/input.cc:21:
In file included from ui/input.h:74:
In file included from ui/../d2.h:120:
In file included from ./d2/render_parse.h:28:
./d2/render/zero.h:34:18: warning: expression with side effects will be evaluated despite being used as an operand to 'typeid' [-Wpotentially-evaluated-expression]
                assert (typeid(*inv->ssfe()->get_scaled_filter()->get_filter()) == typeid(filter::zero));
                               ^
In file included from ui/ui.cc:25:
In file included from ui/input.h:80:
In file included from ui/../d3.h:42:
In file included from ./d3/align.h:35:
./d3/point.h:286:2: warning: non-void function does not return a value in all control paths [-Wreturn-type]
        }
        ^
In file included from ui/input.cc:21:
In file included from ui/input.h:74:
In file included from ui/../d2.h:120:
./d2/render_parse.h:169:15: warning: expression with side effects will be evaluated despite being used as an operand to 'typeid' [-Wpotentially-evaluated-expression]
                if  (typeid(*render::render_num(index)) == typeid(incremental)
                            ^
./d2/render_parse.h:173:21: warning: expression with side effects will be evaluated despite being used as an operand to 'typeid' [-Wpotentially-evaluated-expression]
                } else if (typeid(*i->ssfe()->get_scaled_filter()->get_filter()) == typeid(filter::zero)) {
                                  ^
./d2/render_parse.h:186:15: warning: expression with side effects will be evaluated despite being used as an operand to 'typeid' [-Wpotentially-evaluated-expression]
                if  (typeid(*render::render_num(index)) == typeid(combine)
                            ^
In file included from ui/ui.cc:25:
In file included from ui/input.h:80:
In file included from ui/../d3.h:42:
In file included from ./d3/align.h:38:
./d3/tfile.h:128:3: warning: ignoring return value of function declared with 'warn_unused_result' attribute [-Wunused-result]
                fgets(line, 1024, t->file);
                ^~~~~ ~~~~~~~~~~~~~~~~~~~
./d3/tfile.h:151:2: warning: ignoring return value of function declared with 'warn_unused_result' attribute [-Wunused-result]
        fgets(line, 1024, t->file);
        ^~~~~ ~~~~~~~~~~~~~~~~~~~
./d3/tfile.h:179:3: warning: ignoring return value of function declared with 'warn_unused_result' attribute [-Wunused-result]
                fgets(line, 1024, t->file);
                ^~~~~ ~~~~~~~~~~~~~~~~~~~
./d3/tfile.h:296:3: warning: ignoring return value of function declared with 'warn_unused_result' attribute [-Wunused-result]
                fgets(line, 1024, t->file);
                ^~~~~ ~~~~~~~~~~~~~~~~~~~
In file included from ui/ui_log.cc:23:
In file included from ./d2.h:138:
./d2/render/psf/psf_calibrate.h:262:19: warning: result of comparison of constant 18446744073709551615 with expression of type 'unsigned int' is always true [-Wtautological-constant-out-of-range-compare]
                                 && ((*count) < ULONG_MAX)) {
                                     ~~~~~~~~ ^ ~~~~~~~~~
In file included from ui/ui.cc:25:
In file included from ui/input.h:80:
In file included from ui/../d3.h:49:
./d3/focus.h:78:15: error: non-constant-expression cannot be narrowed from type 'unsigned int' to 'int' in initializer list [-Wc++11-narrowing]
                entry e = { type, distance, px, py, fr, vt, ht, sd, ed, sx, ex, sy, ey, ap, sc, fs, sr };
                            ^~~~
./d3/focus.h:78:15: note: insert an explicit cast to silence this issue
                entry e = { type, distance, px, py, fr, vt, ht, sd, ed, sx, ex, sy, ey, ap, sc, fs, sr };
                            ^~~~
                            static_cast<int>( )
In file included from ui/input.cc:21:
In file included from ui/input.h:74:
In file included from ui/../d2.h:138:
./d2/render/psf/psf_calibrate.h:262:19: warning: result of comparison of constant 18446744073709551615 with expression of type 'unsigned int' is always true [-Wtautological-constant-out-of-range-compare]
                                 && ((*count) < ULONG_MAX)) {
                                     ~~~~~~~~ ^ ~~~~~~~~~
In file included from ui/input.cc:21:
In file included from ui/input.h:80:
In file included from ui/../d3.h:42:
In file included from ./d3/align.h:35:
./d3/point.h:286:2: warning: non-void function does not return a value in all control paths [-Wreturn-type]
        }
        ^
In file included from d2.cc:26:
In file included from ./d2.h:44:
In file included from ./ale_real.h:24:
./ale_fixed.h:1024:38: warning: operator '<<' has lower precedence than '-'; '-' will be evaluated first [-Wshift-op-parentheses]
        if (f.bits - result.bits >= (1 << N - 1))
                                       ~~ ~~^~~
./ale_fixed.h:1024:38: note: place parentheses around the '-' expression to silence this warning
        if (f.bits - result.bits >= (1 << N - 1))
                                            ^
                                          (    )
In file included from ui/input.cc:21:
In file included from ui/input.h:80:
In file included from ui/../d3.h:42:
In file included from ./d3/align.h:38:
./d3/tfile.h:128:3: warning: ignoring return value of function declared with 'warn_unused_result' attribute [-Wunused-result]
                fgets(line, 1024, t->file);
                ^~~~~ ~~~~~~~~~~~~~~~~~~~
./d3/tfile.h:151:2: warning: ignoring return value of function declared with 'warn_unused_result' attribute [-Wunused-result]
        fgets(line, 1024, t->file);
        ^~~~~ ~~~~~~~~~~~~~~~~~~~
In file included from ui/ui.cc:25:
In file included from ui/input.h:80:
./d3/tfile.hIn file included from ui/../d3.h:50:
./d3/scene.h:1134:7: warning: format specifies type 'int' but the argument has type 'unsigned long' [-Wformat]
                                                sizeof(ale_real) * 2 * (size * 1));
                                                ^~~~~~~~~~~~~~~~~~~~~~~~~~~~~~~~~
:179:3: warning: ignoring return value of function declared with 'warn_unused_result' attribute [-Wunused-result]
                fgets(line, 1024, t->file);
                ^~~~~ ~~~~~~~~~~~~~~~~~~~
./d3/tfile.h:296:3: warning: ignoring return value of function declared with 'warn_unused_result' attribute [-Wunused-result]
                fgets(line, 1024, t->file);
                ^~~~~ ~~~~~~~~~~~~~~~~~~~
In file included from ui/input.cc:21:
In file included from ui/input.h:80:
In file included from ui/../d3.h:49:
./d3/focus.h:78:15: error: non-constant-expression cannot be narrowed from type 'unsigned int' to 'int' in initializer list [-Wc++11-narrowing]
                entry e = { type, distance, px, py, fr, vt, ht, sd, ed, sx, ex, sy, ey, ap, sc, fs, sr };
                            ^~~~
./d3/focus.h:78:15: note: insert an explicit cast to silence this issue
                entry e = { type, distance, px, py, fr, vt, ht, sd, ed, sx, ex, sy, ey, ap, sc, fs, sr };
                            ^~~~
                            static_cast<int>( )
./d3/scene.h:2722:33: warning: implicit conversion from 'int' to 'float' changes value from 2147483647 to 2147483648 [-Wimplicit-int-float-conversion]
                                ofx = (rand() * aperture) / RAND_MAX - aperture / 2;
                                                          ~ ^~~~~~~~
/usr/include/stdlib.h:86:18: note: expanded from macro 'RAND_MAX'
#define RAND_MAX        2147483647
                        ^~~~~~~~~~
In file included from ui/ui.cc:25:
In file included from ui/input.h:80:
In file included from ui/../d3.h:50:
./d3/scene.h:2723:33: warning: implicit conversion from 'int' to 'float' changes value from 2147483647 to 2147483648 [-Wimplicit-int-float-conversion]
                                ofy = (rand() * aperture) / RAND_MAX - aperture / 2;
                                                          ~ ^~~~~~~~
/usr/include/stdlib.h:86:18: note: expanded from macro 'RAND_MAX'
#define RAND_MAX        2147483647
                        ^~~~~~~~~~
In file included from ui/input.cc:21:
In file included from ui/input.h:80:
In file included from ui/../d3.h:50:
./d3/scene.h:1134:7: warning: format specifies type 'int' but the argument has type 'unsigned long' [-Wformat]
                                                sizeof(ale_real) * 2 * (size * 1));
                                                ^~~~~~~~~~~~~~~~~~~~~~~~~~~~~~~~~
In file included from d2.cc:26:
In file included from ./d2.h:80:
./thread.h:57:4: warning: ignoring return value of function declared with 'warn_unused_result' attribute [-Wunused-result]
                        fgets(buffer, 100, cpuinfo);
                        ^~~~~ ~~~~~~~~~~~~~~~~~~~~
In file included from ui/ui_log.cc:23:
In file included from ./d2.h:99:
In file included from ./d2/align.h:28:
In file included from ./d2/render/../filter.h:32:
./d2/image_ale_real.h:192:3: warning: ignoring return value of function declared with 'warn_unused_result' attribute [-Wunused-result]
                fread(_p_segments[segment], sizeof(spixel), rows_per_segment * _dimx, support);
                ^~~~~ ~~~~~~~~~~~~~~~~~~~~~~~~~~~~~~~~~~~~~~~~~~~~~~~~~~~~~~~~~~~~~~~~~~~~~~~
./d2/image_ale_real.h:259:4: note: in instantiation of member function 'd2::image_ale_real<0>::resident_begin' requested here
                        resident_begin(segment);
                        ^
./d2/image_ale_real.h:401:4: note: in instantiation of member function 'd2::image_ale_real<0>::mul_pixel' requested here
                        mul_pixel(i, j, multiplier);
                        ^
./d2/image_ale_real.h:79:2: note: in instantiation of member function 'd2::image_ale_real<0>::trigger' requested here
        image_ale_real (unsigned int dimy, unsigned int dimx, unsigned int
        ^
./d2/image_ale_real.h:73:15: note: in instantiation of member function 'd2::image_ale_real<0>::image_ale_real' requested here
                        return new image_ale_real<0>(dimy, dimx, depth, name, exp);
                                   ^
./d2/image_ale_real.h:416:28: note: in instantiation of member function 'd2::image_ale_real<0>::new_image_ale_real' requested here
        return image_ale_real<0>::new_image_ale_real(dimy, dimx, depth, name, exp);
                                  ^
./d3/scene.h:2722:33: warning: implicit conversion from 'int' to 'float' changes value from 2147483647 to 2147483648 [-Wimplicit-int-float-conversion]
                                ofx = (rand() * aperture) / RAND_MAX - aperture / 2;
                                                          ~ ^~~~~~~~
/usr/include/stdlib.h:86:18: note: expanded from macro 'RAND_MAX'
#define RAND_MAX        2147483647
                        ^~~~~~~~~~
In file included from ui/input.cc:21:
In file included from ui/input.h:80:
In file included from ui/../d3.h:50:
./d3/scene.h:2723:33: warning: implicit conversion from 'int' to 'float' changes value from 2147483647 to 2147483648 [-Wimplicit-int-float-conversion]
./d2/image_ale_real.h:192:3: warning                                ofy = (rand() * aperture) / RAND_MAX - aperture / 2;: ignoring return value of function declared with 'warn_unused_result' attribute [-Wunused-result]
                fread(_p_segments[segment], sizeof(spixel), rows_per_segment * _dimx, support);

                ^~~~~ ~~~~~~~~~~~~~~~~~~~~~~~~~~~~~~~~~~~~~~~~~~~~~~~~~~~~~~~~~~~~~~~~~~~~~~~
./d2/image_ale_real.h:259:4:                                                           ~ ^~~~~~~~
note: in instantiation of member function 'd2::image_ale_real<1>::resident_begin' requested here
/usr/include/stdlib.h                        resident_begin(segment);:
                        ^
./d2/image_ale_real.h:401:4: note: in instantiation of member function 'd2::image_ale_real<1>::mul_pixel' requested here
                        mul_pixel(i, j, multiplier);
                        ^
./d2/image_ale_real.h:79:2: note: in instantiation of member function 'd2::image_ale_real<1>::trigger' requested here
        image_ale_real (unsigned int dimy, unsigned int dimx, unsigned int86:18: note: expanded from macro 'RAND_MAX'

        ^
./d2/image_ale_real.h:75:14: note#define RAND_MAX        2147483647
                        ^~~~~~~~~~
: in instantiation of member function 'd2::image_ale_real<1>::image_ale_real' requested here
                return new image_ale_real<1>(dimy, dimx, depth, name, exp);
                           ^
./d2/image_ale_real.h:416:28: note: in instantiation of member function 'd2::image_ale_real<0>::new_image_ale_real' requested here
        return image_ale_real<0>::new_image_ale_real(dimy, dimx, depth, name, exp);
                                  ^
In file included from ui/ui_log.cc:23:
In file included from ./d2.h:99:
In file included from ./d2/align.h:28:
In file included from ./d2/render/../filter.h:33:
./d2/image_bayer_ale_real.h:229:3: warning: ignoring return value of function declared with 'warn_unused_result' attribute [-Wunused-result]
                fread(_p_segments[segment], sizeof(ale_sreal), rows_per_segment * _dimx, support);
                ^~~~~ ~~~~~~~~~~~~~~~~~~~~~~~~~~~~~~~~~~~~~~~~~~~~~~~~~~~~~~~~~~~~~~~~~~~~~~~~~~
./d2/image_bayer_ale_real.h:268:4: note: in instantiation of member function 'd2::image_bayer_ale_real<0>::resident_begin' requested here
                        resident_begin(segment);
                        ^
./d2/image_bayer_ale_real.h:104:2: note: in instantiation of member function 'd2::image_bayer_ale_real<0>::add_chan' requested here
        image_bayer_ale_real (unsigned int dimy, unsigned int dimx, unsigned int depth,
        ^
./d2/image_bayer_ale_real.h:98:15: note: in instantiation of member function 'd2::image_bayer_ale_real<0>::image_bayer_ale_real' requested here
                        return new image_bayer_ale_real<0>(dimy, dimx, depth, bayer, name, exp);
                                   ^
./d2/image_bayer_ale_real.h:462:34: note: in instantiation of member function 'd2::image_bayer_ale_real<0>::new_image_bayer_ale_real' requested here
        return image_bayer_ale_real<0>::new_image_bayer_ale_real(dimy, dimx, depth, bayer, name, exp);
                                        ^
./d2/image_bayer_ale_real.h:229:3: warning: ignoring return value of function declared with 'warn_unused_result' attribute [-Wunused-result]
                fread(_p_segments[segment], sizeof(ale_sreal), rows_per_segment * _dimx, support);
                ^~~~~ ~~~~~~~~~~~~~~~~~~~~~~~~~~~~~~~~~~~~~~~~~~~~~~~~~~~~~~~~~~~~~~~~~~~~~~~~~~
./d2/image_bayer_ale_real.h:268:4: note: in instantiation of member function 'd2::image_bayer_ale_real<1>::resident_begin' requested here
                        resident_begin(segment);
                        ^
./d2/image_bayer_ale_real.h:104:2: note: in instantiation of member function 'd2::image_bayer_ale_real<1>::add_chan' requested here
        image_bayer_ale_real (unsigned int dimy, unsigned int dimx, unsigned int depth,
        ^
./d2/image_bayer_ale_real.h:100:14: note: in instantiation of member function 'd2::image_bayer_ale_real<1>::image_bayer_ale_real' requested here
                return new image_bayer_ale_real<1>(dimy, dimx, depth, bayer, name, exp);
                           ^
./d2/image_bayer_ale_real.h:462:34: note: in instantiation of member function 'd2::image_bayer_ale_real<0>::new_image_bayer_ale_real' requested here
        return image_bayer_ale_real<0>::new_image_bayer_ale_real(dimy, dimx, depth, bayer, name, exp);
                                        ^
In file included from ui/ui.cc:25:
ui/input.h:2019:40: warning: implicit conversion from 'int' to 'ale_pos' (aka 'float') changes value from 2147483647 to 2147483648 [-Wimplicit-int-float-conversion]
                                ex_parameters[ex_count + 0].x[3] = INT_MAX;
                                                                 ~ ^~~~~~~
/usr/lib/llvm-10/lib/clang/10.0.0/include/limits.h:46:19: note: expanded from macro 'INT_MAX'
#define INT_MAX   __INT_MAX__
                  ^~~~~~~~~~~
<built-in>:75:21: note: expanded from here
#define __INT_MAX__ 2147483647
                    ^~~~~~~~~~
In file included from ui/ui.cc:25:
ui/input.h:2028:40: warning: implicit conversion from 'int' to 'ale_pos' (aka 'float') changes value from 2147483647 to 2147483648 [-Wimplicit-int-float-conversion]
                                ex_parameters[ex_count + 1].x[1] = INT_MAX;
                                                                 ~ ^~~~~~~
/usr/lib/llvm-10/lib/clang/10.0.0/include/limits.h:46:19: note: expanded from macro 'INT_MAX'
#define INT_MAX   __INT_MAX__
                  ^~~~~~~~~~~
<built-in>:75:21: note: expanded from here
#define __INT_MAX__ 2147483647
                    ^~~~~~~~~~
In file included from ui/ui.cc:25:
ui/input.h:2039:40: warning: implicit conversion from 'int' to 'ale_pos' (aka 'float') changes value from 2147483647 to 2147483648 [-Wimplicit-int-float-conversion]
                                ex_parameters[ex_count + 2].x[1] = INT_MAX;
                                                                 ~ ^~~~~~~
/usr/lib/llvm-10/lib/clang/10.0.0/include/limits.h:46:19: note: expanded from macro 'INT_MAX'
#define INT_MAX   __INT_MAX__
                  ^~~~~~~~~~~
<built-in>:75:21: note: expanded from here
#define __INT_MAX__ 2147483647
                    ^~~~~~~~~~
In file included from ui/ui.cc:25:
ui/input.h:2041:40: warning: implicit conversion from 'int' to 'ale_pos' (aka 'float') changes value from 2147483647 to 2147483648 [-Wimplicit-int-float-conversion]
                                ex_parameters[ex_count + 2].x[3] = INT_MAX;
                                                                 ~ ^~~~~~~
/usr/lib/llvm-10/lib/clang/10.0.0/include/limits.h:46:19: note: expanded from macro 'INT_MAX'
#define INT_MAX   __INT_MAX__
                  ^~~~~~~~~~~
<built-in>:75:21: note: expanded from here
#define __INT_MAX__ 2147483647
                    ^~~~~~~~~~
In file included from ui/ui.cc:25:
ui/input.h:2050:40: warning: implicit conversion from 'int' to 'ale_pos' (aka 'float') changes value from 2147483647 to 2147483648 [-Wimplicit-int-float-conversion]
                                ex_parameters[ex_count + 3].x[1] = INT_MAX;
                                                                 ~ ^~~~~~~
/usr/lib/llvm-10/lib/clang/10.0.0/include/limits.h:46:19: note: expanded from macro 'INT_MAX'
#define INT_MAX   __INT_MAX__
                  ^~~~~~~~~~~
<built-in>:75:21: note: expanded from here
#define __INT_MAX__ 2147483647
                    ^~~~~~~~~~
In file included from ui/ui.cc:25:
ui/input.h:2052:40: warning: implicit conversion from 'int' to 'ale_pos' (aka 'float') changes value from 2147483647 to 2147483648 [-Wimplicit-int-float-conversion]
                                ex_parameters[ex_count + 3].x[3] = INT_MAX;
                                                                 ~ ^~~~~~~
/usr/lib/llvm-10/lib/clang/10.0.0/include/limits.h:46:19: note: expanded from macro 'INT_MAX'
#define INT_MAX   __INT_MAX__
                  ^~~~~~~~~~~
<built-in>:75:21: note: expanded from here
#define __INT_MAX__ 2147483647
                    ^~~~~~~~~~
In file included from d2.cc:26:
In file included from ./d2.h:99:
In file included from ./d2/align.h:33:
./d2/tfile.h:135:3: warning: ignoring return value of function declared with 'warn_unused_result' attribute [-Wunused-result]
                fgets(line, 1024, t->file);
                ^~~~~ ~~~~~~~~~~~~~~~~~~~
./d2/tfile.h:165:2: warning: ignoring return value of function declared with 'warn_unused_result' attribute [-Wunused-result]
        fgets(line, 1024, t->file);
        ^~~~~ ~~~~~~~~~~~~~~~~~~~
./d2/tfile.h:206:3: warning: ignoring return value of function declared with 'warn_unused_result' attribute [-Wunused-result]
                fgets(line, 1024, t->file);
                ^~~~~ ~~~~~~~~~~~~~~~~~~~
./d2/tfile.h:423:3: warning: ignoring return value of function declared with 'warn_unused_result' attribute [-Wunused-result]
                fgets(line, 1024, t->file);
                ^~~~~ ~~~~~~~~~~~~~~~~~~~
In file included from d2.cc:26:
In file included from ./d2.h:99:
./d2/align.h:214:35: warning: if statement has empty body [-Wempty-body]
                        if (index == is_default.size());
                                                       ^
./d2/align.h:214:35: note: put the semicolon on a separate line to silence this warning
In file included from ui/input.cc:21:
ui/input.h:2019:40: warning: implicit conversion from 'int' to 'ale_pos' (aka 'float') changes value from 2147483647 to 2147483648 [-Wimplicit-int-float-conversion]
                                ex_parameters[ex_count + 0].x[3] = INT_MAX;
                                                                 ~ ^~~~~~~
/usr/lib/llvm-10/lib/clang/10.0.0/include/limits.h:46:19: note: expanded from macro 'INT_MAX'
#define INT_MAX   __INT_MAX__
                  ^~~~~~~~~~~
<built-in>:75:21: note: expanded from here
#define __INT_MAX__ 2147483647
                    ^~~~~~~~~~
In file included from ui/input.cc:21:
ui/input.h:2028:40: warning: implicit conversion from 'int' to 'ale_pos' (aka 'float') changes value from 2147483647 to 2147483648 [-Wimplicit-int-float-conversion]
                                ex_parameters[ex_count + 1].x[1] = INT_MAX;
                                                                 ~ ^~~~~~~
/usr/lib/llvm-10/lib/clang/10.0.0/include/limits.h:46:19: note: expanded from macro 'INT_MAX'
#define INT_MAX   __INT_MAX__
                  ^~~~~~~~~~~
<built-in>:75:21: note: expanded from here
#define __INT_MAX__ 2147483647
                    ^~~~~~~~~~
In file included from ui/input.cc:21:
ui/input.h:2039:40: warning: implicit conversion from 'int' to 'ale_pos' (aka 'float') changes value from 2147483647 to 2147483648 [-Wimplicit-int-float-conversion]
                                ex_parameters[ex_count + 2].x[1] = INT_MAX;
                                                                 ~ ^~~~~~~
/usr/lib/llvm-10/lib/clang/10.0.0/include/limits.h:46:19: note: expanded from macro 'INT_MAX'
#define INT_MAX   __INT_MAX__
                  ^~~~~~~~~~~
<built-in>:75:21: note: expanded from here
#define __INT_MAX__ 2147483647
                    ^~~~~~~~~~
In file included from ui/input.cc:21:
ui/input.h:2041:40: warning: implicit conversion from 'int' to 'ale_pos' (aka 'float') changes value from 2147483647 to 2147483648 [-Wimplicit-int-float-conversion]
                                ex_parameters[ex_count + 2].x[3] = INT_MAX;
                                                                 ~ ^~~~~~~
/usr/lib/llvm-10/lib/clang/10.0.0/include/limits.h:46:19: note: expanded from macro 'INT_MAX'
#define INT_MAX   __INT_MAX__
                  ^~~~~~~~~~~
<built-in>:75:21: note: expanded from here
#define __INT_MAX__ 2147483647
                    ^~~~~~~~~~
In file included from ui/input.cc:21:
ui/input.h:2050:40: warning: implicit conversion from 'int' to 'ale_pos' (aka 'float') changes value from 2147483647 to 2147483648 [-Wimplicit-int-float-conversion]
                                ex_parameters[ex_count + 3].x[1] = INT_MAX;
                                                                 ~ ^~~~~~~
/usr/lib/llvm-10/lib/clang/10.0.0/include/limits.h:46:19: note: expanded from macro 'INT_MAX'
#define INT_MAX   __INT_MAX__
                  ^~~~~~~~~~~
<built-in>:75:21: note: expanded from here
#define __INT_MAX__ 2147483647
                    ^~~~~~~~~~
In file included from ui/input.cc:21:
ui/input.h:2052:40: warning: implicit conversion from 'int' to 'ale_pos' (aka 'float') changes value from 2147483647 to 2147483648 [-Wimplicit-int-float-conversion]
                                ex_parameters[ex_count + 3].x[3] = INT_MAX;
                                                                 ~ ^~~~~~~
/usr/lib/llvm-10/lib/clang/10.0.0/include/limits.h:46:19: note: expanded from macro 'INT_MAX'
#define INT_MAX   __INT_MAX__
                  ^~~~~~~~~~~
<built-in>:75:21: note: expanded from here
#define __INT_MAX__ 2147483647
                    ^~~~~~~~~~
In file included from ui/ui.cc:22:
In file included from ui/ui_tty.h:36:
In file included from ui/../device/../d2.h:99:
In file included from ./d2/align.h:28:
In file included from ./d2/render/../filter.h:32:
./d2/image_ale_real.h:192:3: warning: ignoring return value of function declared with 'warn_unused_result' attribute [-Wunused-result]
                fread(_p_segments[segment], sizeof(spixel), rows_per_segment * _dimx, support);
                ^~~~~ ~~~~~~~~~~~~~~~~~~~~~~~~~~~~~~~~~~~~~~~~~~~~~~~~~~~~~~~~~~~~~~~~~~~~~~~
./d2/image_ale_real.h:259:4: note: in instantiation of member function 'd2::image_ale_real<0>::resident_begin' requested here
                        resident_begin(segment);
                        ^
./d2/image_ale_real.h:401:4: note: in instantiation of member function 'd2::image_ale_real<0>::mul_pixel' requested here
                        mul_pixel(i, j, multiplier);
                        ^
./d2/image_ale_real.h:79:2: note: in instantiation of member function 'd2::image_ale_real<0>::trigger' requested here
        image_ale_real (unsigned int dimy, unsigned int dimx, unsigned int
        ^
./d2/image_ale_real.h:73:15: note: in instantiation of member function 'd2::image_ale_real<0>::image_ale_real' requested here
                        return new image_ale_real<0>(dimy, dimx, depth, name, exp);
                                   ^
./d2/image_ale_real.h:416:28: note: in instantiation of member function 'd2::image_ale_real<0>::new_image_ale_real' requested here
        return image_ale_real<0>::new_image_ale_real(dimy, dimx, depth, name, exp);
                                  ^
./d2/image_ale_real.h:192:3: warning: ignoring return value of function declared with 'warn_unused_result' attribute [-Wunused-result]
                fread(_p_segments[segment], sizeof(spixel), rows_per_segment * _dimx, support);
                ^~~~~ ~~~~~~~~~~~~~~~~~~~~~~~~~~~~~~~~~~~~~~~~~~~~~~~~~~~~~~~~~~~~~~~~~~~~~~~
./d2/image_ale_real.h:259:4: note: in instantiation of member function 'd2::image_ale_real<1>::resident_begin' requested here
                        resident_begin(segment);
                        ^
./d2/image_ale_real.h:401:4: note: in instantiation of member function 'd2::image_ale_real<1>::mul_pixel' requested here
                        mul_pixel(i, j, multiplier);
                        ^
./d2/image_ale_real.h:79:2: note: in instantiation of member function 'd2::image_ale_real<1>::trigger' requested here
        image_ale_real (unsigned int dimy, unsigned int dimx, unsigned int
        ^
./d2/image_ale_real.h:75:14: note: in instantiation of member function 'd2::image_ale_real<1>::image_ale_real' requested here
                return new image_ale_real<1>(dimy, dimx, depth, name, exp);
                           ^
./d2/image_ale_real.h:416:28: note: in instantiation of member function 'd2::image_ale_real<0>::new_image_ale_real' requested here
        return image_ale_real<0>::new_image_ale_real(dimy, dimx, depth, name, exp);
                                  ^
In file included from ui/ui.cc:22:
In file included from ui/ui_tty.h:36:
In file included from ui/../device/../d2.h:99:
In file included from ./d2/align.h:28:
In file included from ./d2/render/../filter.h:33:
./d2/image_bayer_ale_real.h:229:3: warning: ignoring return value of function declared with 'warn_unused_result' attribute [-Wunused-result]
                fread(_p_segments[segment], sizeof(ale_sreal), rows_per_segment * _dimx, support);
                ^~~~~ ~~~~~~~~~~~~~~~~~~~~~~~~~~~~~~~~~~~~~~~~~~~~~~~~~~~~~~~~~~~~~~~~~~~~~~~~~~
./d2/image_bayer_ale_real.h:268:4: note: in instantiation of member function 'd2::image_bayer_ale_real<0>::resident_begin' requested here
                        resident_begin(segment);
                        ^
./d2/image_bayer_ale_real.h:104:2: note: in instantiation of member function 'd2::image_bayer_ale_real<0>::add_chan' requested here
        image_bayer_ale_real (unsigned int dimy, unsigned int dimx, unsigned int depth,
        ^
./d2/image_bayer_ale_real.h:98:15: note: in instantiation of member function 'd2::image_bayer_ale_real<0>::image_bayer_ale_real' requested here
                        return new image_bayer_ale_real<0>(dimy, dimx, depth, bayer, name, exp);
                                   ^
./d2/image_bayer_ale_real.h:462:34: note: in instantiation of member function 'd2::image_bayer_ale_real<0>::new_image_bayer_ale_real' requested here
        return image_bayer_ale_real<0>::new_image_bayer_ale_real(dimy, dimx, depth, bayer, name, exp);
                                        ^
./d2/image_bayer_ale_real.h:229:3: warning: ignoring return value of function declared with 'warn_unused_result' attribute [-Wunused-result]
                fread(_p_segments[segment], sizeof(ale_sreal), rows_per_segment * _dimx, support);
                ^~~~~ ~~~~~~~~~~~~~~~~~~~~~~~~~~~~~~~~~~~~~~~~~~~~~~~~~~~~~~~~~~~~~~~~~~~~~~~~~~
./d2/image_bayer_ale_real.h:268:4: note: in instantiation of member function 'd2::image_bayer_ale_real<1>::resident_begin' requested here
                        resident_begin(segment);
                        ^
./d2/image_bayer_ale_real.h:104:2: note: in instantiation of member function 'd2::image_bayer_ale_real<1>::add_chan' requested here
        image_bayer_ale_real (unsigned int dimy, unsigned int dimx, unsigned int depth,
        ^
./d2/image_bayer_ale_real.h:100:14: note: in instantiation of member function 'd2::image_bayer_ale_real<1>::image_bayer_ale_real' requested here
In file included from d2.cc:26:
In file included from ./d2.h:120:
In file included from ./d2/render_parse.h:28:
./d2/render/zero.h:34:18: warning: expression with side effects will be evaluated despite being used as an operand to 'typeid' [-Wpotentially-evaluated-expression]
                assert (typeid(*inv->ssfe()->get_scaled_filter()->get_filter()) == typeid(filter::zero));
                               ^
                return new image_bayer_ale_real<1>(dimy, dimx, depth, bayer, name, exp);
                           ^
./d2/image_bayer_ale_real.h:462:34: note: in instantiation of member function 'd2::image_bayer_ale_real<0>::new_image_bayer_ale_real' requested here
        return image_bayer_ale_real<0>::new_image_bayer_ale_real(dimy, dimx, depth, bayer, name, exp);
                                        ^
In file included from d2.cc:26:
In file included from ./d2.h:120:
./d2/render_parse.h:169:15: warning: expression with side effects will be evaluated despite being used as an operand to 'typeid' [-Wpotentially-evaluated-expression]
                if  (typeid(*render::render_num(index)) == typeid(incremental)
                            ^
./d2/render_parse.h:173:21: warning: expression with side effects will be evaluated despite being used as an operand to 'typeid' [-Wpotentially-evaluated-expression]
                } else if (typeid(*i->ssfe()->get_scaled_filter()->get_filter()) == typeid(filter::zero)) {
                                  ^
./d2/render_parse.h:186:15: warning: expression with side effects will be evaluated despite being used as an operand to 'typeid' [-Wpotentially-evaluated-expression]
                if  (typeid(*render::render_num(index)) == typeid(combine)
                            ^
In file included from d2.cc:26:
In file included from ./d2.h:138:
./d2/render/psf/psf_calibrate.h:262:19: warning: result of comparison of constant 18446744073709551615 with expression of type 'unsigned int' is always true [-Wtautological-constant-out-of-range-compare]
                                 && ((*count) < ULONG_MAX)) {
                                     ~~~~~~~~ ^ ~~~~~~~~~
In file included from ui/input.cc:21:
In file included from ui/input.h:74:
In file included from ui/../device/../d2.h:99:
In file included from ./d2/align.h:28:
In file included from ./d2/render/../filter.h:32:
./d2/image_ale_real.h:192:3: warning: ignoring return value of function declared with 'warn_unused_result' attribute [-Wunused-result]
                fread(_p_segments[segment], sizeof(spixel), rows_per_segment * _dimx, support);
                ^~~~~ ~~~~~~~~~~~~~~~~~~~~~~~~~~~~~~~~~~~~~~~~~~~~~~~~~~~~~~~~~~~~~~~~~~~~~~~
./d2/image_ale_real.h:259:4: note: in instantiation of member function 'd2::image_ale_real<0>::resident_begin' requested here
                        resident_begin(segment);
                        ^
./d2/image_ale_real.h:401:4: note: in instantiation of member function 'd2::image_ale_real<0>::mul_pixel' requested here
                        mul_pixel(i, j, multiplier);
                        ^
./d2/image_ale_real.h:79:2: note: in instantiation of member function 'd2::image_ale_real<0>::trigger' requested here
        image_ale_real (unsigned int dimy, unsigned int dimx, unsigned int
        ^
./d2/image_ale_real.h:73:15: note: in instantiation of member function 'd2::image_ale_real<0>::image_ale_real' requested here
                        return new image_ale_real<0>(dimy, dimx, depth, name, exp);
                                   ^
./d2/image_ale_real.h:416:28: note: in instantiation of member function 'd2::image_ale_real<0>::new_image_ale_real' requested here
        return image_ale_real<0>::new_image_ale_real(dimy, dimx, depth, name, exp);
                                  ^
./d2/image_ale_real.h:192:3: warning: ignoring return value of function declared with 'warn_unused_result' attribute [-Wunused-result]
                fread(_p_segments[segment], sizeof(spixel), rows_per_segment * _dimx, support);
                ^~~~~ ~~~~~~~~~~~~~~~~~~~~~~~~~~~~~~~~~~~~~~~~~~~~~~~~~~~~~~~~~~~~~~~~~~~~~~~
./d2/image_ale_real.h:259:4: note: in instantiation of member function 'd2::image_ale_real<1>::resident_begin' requested here
                        resident_begin(segment);
                        ^
./d2/image_ale_real.h:401:4: note: in instantiation of member function 'd2::image_ale_real<1>::mul_pixel' requested here
                        mul_pixel(i, j, multiplier);
                        ^
./d2/image_ale_real.h:79:2: note: in instantiation of member function 'd2::image_ale_real<1>::trigger' requested here
        image_ale_real (unsigned int dimy, unsigned int dimx, unsigned int
        ^
./d2/image_ale_real.h:75:14: note: in instantiation of member function 'd2::image_ale_real<1>::image_ale_real' requested here
                return new image_ale_real<1>(dimy, dimx, depth, name, exp);
                           ^
./d2/image_ale_real.h:416:28: note: in instantiation of member function 'd2::image_ale_real<0>::new_image_ale_real' requested here
        return image_ale_real<0>::new_image_ale_real(dimy, dimx, depth, name, exp);
                                  ^
In file included from ui/input.cc:21:
In file included from ui/input.h:74:
In file included from ui/../device/../d2.h:99:
In file included from ./d2/align.h:28:
In file included from ./d2/render/../filter.h:33:
./d2/image_bayer_ale_real.h:229:3: warning: ignoring return value of function declared with 'warn_unused_result' attribute [-Wunused-result]
                fread(_p_segments[segment], sizeof(ale_sreal), rows_per_segment * _dimx, support);
                ^~~~~ ~~~~~~~~~~~~~~~~~~~~~~~~~~~~~~~~~~~~~~~~~~~~~~~~~~~~~~~~~~~~~~~~~~~~~~~~~~
./d2/image_bayer_ale_real.h:268:4: note: in instantiation of member function 'd2::image_bayer_ale_real<0>::resident_begin' requested here
                        resident_begin(segment);
                        ^
./d2/image_bayer_ale_real.h:104:2: note: in instantiation of member function 'd2::image_bayer_ale_real<0>::add_chan' requested here
        image_bayer_ale_real (unsigned int dimy, unsigned int dimx, unsigned int depth,
        ^
./d2/image_bayer_ale_real.h:98:15: note: in instantiation of member function 'd2::image_bayer_ale_real<0>::image_bayer_ale_real' requested here
                        return new image_bayer_ale_real<0>(dimy, dimx, depth, bayer, name, exp);
                                   ^
./d2/image_bayer_ale_real.h:462:34: note: in instantiation of member function 'd2::image_bayer_ale_real<0>::new_image_bayer_ale_real' requested here
        return image_bayer_ale_real<0>::new_image_bayer_ale_real(dimy, dimx, depth, bayer, name, exp);
                                        ^
./d2/image_bayer_ale_real.h:229:3: warning: ignoring return value of function declared with 'warn_unused_result' attribute [-Wunused-result]
                fread(_p_segments[segment], sizeof(ale_sreal), rows_per_segment * _dimx, support);
                ^~~~~ ~~~~~~~~~~~~~~~~~~~~~~~~~~~~~~~~~~~~~~~~~~~~~~~~~~~~~~~~~~~~~~~~~~~~~~~~~~
./d2/image_bayer_ale_real.h:268:4: note: in instantiation of member function 'd2::image_bayer_ale_real<1>::resident_begin' requested here
                        resident_begin(segment);
                        ^
./d2/image_bayer_ale_real.h:104:2: note: in instantiation of member function 'd2::image_bayer_ale_real<1>::add_chan' requested here
        image_bayer_ale_real (unsigned int dimy, unsigned int dimx, unsigned int depth,
        ^
./d2/image_bayer_ale_real.h:100:14: note: in instantiation of member function 'd2::image_bayer_ale_real<1>::image_bayer_ale_real' requested here
                return new image_bayer_ale_real<1>(dimy, dimx, depth, bayer, name, exp);
                           ^
./d2/image_bayer_ale_real.h:462:34: note: in instantiation of member function 'd2::image_bayer_ale_real<0>::new_image_bayer_ale_real' requested here
        return image_bayer_ale_real<0>::new_image_bayer_ale_real(dimy, dimx, depth, bayer, name, exp);
                                        ^
In file included from d2.cc:26:
In file included from ./d2.h:99:
In file included from ./d2/align.h:28:
In file included from ./d2/render/../filter.h:32:
./d2/image_ale_real.h:192:3: warning: ignoring return value of function declared with 'warn_unused_result' attribute [-Wunused-result]
                fread(_p_segments[segment], sizeof(spixel), rows_per_segment * _dimx, support);
                ^~~~~ ~~~~~~~~~~~~~~~~~~~~~~~~~~~~~~~~~~~~~~~~~~~~~~~~~~~~~~~~~~~~~~~~~~~~~~~
./d2/image_ale_real.h:259:4: note: in instantiation of member function 'd2::image_ale_real<0>::resident_begin' requested here
                        resident_begin(segment);
                        ^
./d2/image_ale_real.h:401:4: note: in instantiation of member function 'd2::image_ale_real<0>::mul_pixel' requested here
                        mul_pixel(i, j, multiplier);
                        ^
./d2/image_ale_real.h:79:2: note: in instantiation of member function 'd2::image_ale_real<0>::trigger' requested here
        image_ale_real (unsigned int dimy, unsigned int dimx, unsigned int
        ^
./d2/image_ale_real.h:73:15: note: in instantiation of member function 'd2::image_ale_real<0>::image_ale_real' requested here
                        return new image_ale_real<0>(dimy, dimx, depth, name, exp);
                                   ^
./d2/image_ale_real.h:416:28: note: in instantiation of member function 'd2::image_ale_real<0>::new_image_ale_real' requested here
        return image_ale_real<0>::new_image_ale_real(dimy, dimx, depth, name, exp);
                                  ^
./d2/image_ale_real.h:192:3: warning: ignoring return value of function declared with 'warn_unused_result' attribute [-Wunused-result]
                fread(_p_segments[segment], sizeof(spixel), rows_per_segment * _dimx, support);
                ^~~~~ ~~~~~~~~~~~~~~~~~~~~~~~~~~~~~~~~~~~~~~~~~~~~~~~~~~~~~~~~~~~~~~~~~~~~~~~
./d2/image_ale_real.h:259:4: note: in instantiation of member function 'd2::image_ale_real<1>::resident_begin' requested here
                        resident_begin(segment);
                        ^
./d2/image_ale_real.h:401:4: note: in instantiation of member function 'd2::image_ale_real<1>::mul_pixel' requested here
                        mul_pixel(i, j, multiplier);
                        ^
./d2/image_ale_real.h:79:2: note: in instantiation of member function 'd2::image_ale_real<1>::trigger' requested here
        image_ale_real (unsigned int dimy, unsigned int dimx, unsigned int
        ^
./d2/image_ale_real.h:75:14: note: in instantiation of member function 'd2::image_ale_real<1>::image_ale_real' requested here
                return new image_ale_real<1>(dimy, dimx, depth, name, exp);
                           ^
./d2/image_ale_real.h:416:28: note: in instantiation of member function 'd2::image_ale_real<0>::new_image_ale_real' requested here
        return image_ale_real<0>::new_image_ale_real(dimy, dimx, depth, name, exp);
                                  ^
In file included from d2.cc:26:
In file included from ./d2.h:99:
In file included from ./d2/align.h:28:
In file included from ./d2/render/../filter.h:33:
./d2/image_bayer_ale_real.h:229:3: warning: ignoring return value of function declared with 'warn_unused_result' attribute [-Wunused-result]
                fread(_p_segments[segment], sizeof(ale_sreal), rows_per_segment * _dimx, support);
                ^~~~~ ~~~~~~~~~~~~~~~~~~~~~~~~~~~~~~~~~~~~~~~~~~~~~~~~~~~~~~~~~~~~~~~~~~~~~~~~~~
./d2/image_bayer_ale_real.h:268:4: note: in instantiation of member function 'd2::image_bayer_ale_real<0>::resident_begin' requested here
                        resident_begin(segment);
                        ^
./d2/image_bayer_ale_real.h:104:2: note: in instantiation of member function 'd2::image_bayer_ale_real<0>::add_chan' requested here
        image_bayer_ale_real (unsigned int dimy, unsigned int dimx, unsigned int depth,
        ^
./d2/image_bayer_ale_real.h:98:15: note: in instantiation of member function 'd2::image_bayer_ale_real<0>::image_bayer_ale_real' requested here
                        return new image_bayer_ale_real<0>(dimy, dimx, depth, bayer, name, exp);
                                   ^
./d2/image_bayer_ale_real.h:462:34: note: in instantiation of member function 'd2::image_bayer_ale_real<0>::new_image_bayer_ale_real' requested here
        return image_bayer_ale_real<0>::new_image_bayer_ale_real(dimy, dimx, depth, bayer, name, exp);
                                        ^
./d2/image_bayer_ale_real.h:229:3: warning: ignoring return value of function declared with 'warn_unused_result' attribute [-Wunused-result]
                fread(_p_segments[segment], sizeof(ale_sreal), rows_per_segment * _dimx, support);
                ^~~~~ ~~~~~~~~~~~~~~~~~~~~~~~~~~~~~~~~~~~~~~~~~~~~~~~~~~~~~~~~~~~~~~~~~~~~~~~~~~
./d2/image_bayer_ale_real.h:268:4: note: in instantiation of member function 'd2::image_bayer_ale_real<1>::resident_begin' requested here
                        resident_begin(segment);
                        ^
./d2/image_bayer_ale_real.h:104:2: note: in instantiation of member function 'd2::image_bayer_ale_real<1>::add_chan' requested here
        image_bayer_ale_real (unsigned int dimy, unsigned int dimx, unsigned int depth,
        ^
./d2/image_bayer_ale_real.h:100:14: note: in instantiation of member function 'd2::image_bayer_ale_real<1>::image_bayer_ale_real' requested here
                return new image_bayer_ale_real<1>(dimy, dimx, depth, bayer, name, exp);
                           ^
./d2/image_bayer_ale_real.h:462:34: note: in instantiation of member function 'd2::image_bayer_ale_real<0>::new_image_bayer_ale_real' requested here
        return image_bayer_ale_real<0>::new_image_bayer_ale_real(dimy, dimx, depth, bayer, name, exp);
                                        ^
30 warnings and 1 error generated.
make[3]: *** [Makefile:831: ui.o] Error 1
make[3]: *** Waiting for unfinished jobs....
16 warnings generated.
30 warnings and 1 error generated.
make[3]: *** [Makefile:845: input.o] Error 1
16 warnings generated.
make[3]: Leaving directory '/<<PKGBUILDDIR>>'
make[2]: *** [Makefile:927: all-recursive] Error 1
make[2]: Leaving directory '/<<PKGBUILDDIR>>'
make[1]: *** [Makefile:643: all] Error 2
make[1]: Leaving directory '/<<PKGBUILDDIR>>'
dh_auto_build: error: make -j4 returned exit code 2
make: *** [debian/rules:6: build] Error 25
dpkg-buildpackage: error: debian/rules build subprocess returned exit status 2
--------------------------------------------------------------------------------
Build finished at 2020-02-25T18:17:53Z

Finished
--------


+------------------------------------------------------------------------------+
| Cleanup                                                                      |
+------------------------------------------------------------------------------+

Purging /<<BUILDDIR>>
Not cleaning session: cloned chroot in use
E: Build failure (dpkg-buildpackage died)

+------------------------------------------------------------------------------+
| Summary                                                                      |
+------------------------------------------------------------------------------+

Build Architecture: amd64
Build Type: binary
Build-Space: 9452
Build-Time: 16
Distribution: unstable
Fail-Stage: build
Host Architecture: amd64
Install-Time: 4
Job: ale_0.9.0.3-4
Machine Architecture: amd64
Package: ale
Package-Time: 38
Source-Version: 0.9.0.3-4
Space: 9452
Status: attempted
Version: 0.9.0.3-4
--------------------------------------------------------------------------------
Finished at 2020-02-25T18:17:53Z
Build needed 00:00:38, 9452k disk space
E: Build failure (dpkg-buildpackage died)
DC-Status: Failed 38.81548419s
DC-Time-Estimation: 38.81548419 versus expected 84 (r/m: 1.1640848169978735 ; m: 38.81548419)
