DC-Build-Header: zypper 1.14.11-2 / 2020-02-25 13:59:45 +0000
DC-Task: type:rebuild-binarch-only source:zypper version:1.14.11-2 chroot:unstable esttime:438 logfile:/tmp/zypper_1.14.11-2_unstable_clang10.log modes:clang10:binarch-only
DC-Sbuild-call: su user42 -c 'sbuild -n --arch-any --apt-update -d unstable -v --no-run-lintian --chroot-setup-commands=/tmp/clang10 zypper_1.14.11-2'
sbuild (Debian sbuild) 0.78.1 (09 February 2019) on ip-172-31-11-13.eu-central-1.compute.internal

+==============================================================================+
| zypper 1.14.11-2 (amd64)                     Tue, 25 Feb 2020 13:59:45 +0000 |
+==============================================================================+

Package: zypper
Version: 1.14.11-2
Source Version: 1.14.11-2
Distribution: unstable
Machine Architecture: amd64
Host Architecture: amd64
Build Architecture: amd64
Build Type: binary

I: NOTICE: Log filtering will replace 'var/run/schroot/mount/sid-amd64-sbuild-76b3d44d-6389-4eda-aa6f-79fa2029f7e4' with '<<CHROOT>>'

+------------------------------------------------------------------------------+
| Chroot Setup Commands                                                        |
+------------------------------------------------------------------------------+


/tmp/clang10
------------

+ echo 'Entering customization script...'
Entering customization script...
+ CLANG_VERSION=10
+ echo 'Install of clang-10'
Install of clang-10
+ apt-get update
Get:1 http://127.0.0.1:12990/debian sid InRelease [142 kB]
Get:2 http://127.0.0.1:12990/debian sid/main Sources.diff/Index [27.9 kB]
Get:3 http://127.0.0.1:12990/debian sid/main amd64 Packages.diff/Index [27.9 kB]
Get:4 http://127.0.0.1:12990/debian sid/main Sources 2020-02-24-0823.32.pdiff [11.0 kB]
Get:5 http://127.0.0.1:12990/debian sid/main Sources 2020-02-24-1420.34.pdiff [30.2 kB]
Get:6 http://127.0.0.1:12990/debian sid/main Sources 2020-02-24-2014.03.pdiff [16.9 kB]
Get:7 http://127.0.0.1:12990/debian sid/main Sources 2020-02-25-0213.11.pdiff [23.2 kB]
Get:8 http://127.0.0.1:12990/debian sid/main Sources 2020-02-25-0815.22.pdiff [9222 B]
Get:9 http://127.0.0.1:12990/debian sid/main amd64 Packages 2020-02-24-0823.32.pdiff [15.5 kB]
Get:10 http://127.0.0.1:12990/debian sid/main amd64 Packages 2020-02-24-1420.34.pdiff [27.5 kB]
Get:11 http://127.0.0.1:12990/debian sid/main amd64 Packages 2020-02-24-2014.03.pdiff [21.6 kB]
Get:12 http://127.0.0.1:12990/debian sid/main amd64 Packages 2020-02-25-0213.11.pdiff [35.0 kB]
Get:8 http://127.0.0.1:12990/debian sid/main Sources 2020-02-25-0815.22.pdiff [9222 B]
Get:13 http://127.0.0.1:12990/debian sid/main amd64 Packages 2020-02-25-0815.22.pdiff [20.1 kB]
Get:13 http://127.0.0.1:12990/debian sid/main amd64 Packages 2020-02-25-0815.22.pdiff [20.1 kB]
Get:14 http://127.0.0.1:12990/debian sid/main Translation-en [6195 kB]
Fetched 6604 kB in 2s (3914 kB/s)
Reading package lists...
+ apt-get install --yes --no-install-recommends --force-yes clang-10 libomp-10-dev libobjc-9-dev
Reading package lists...
Building dependency tree...
The following additional packages will be installed:
  cpp-9 g++-9 gcc-9 gcc-9-base lib32gcc-s1 lib32gcc1 lib32stdc++6 libasan5
  libbsd0 libc6-i386 libclang-common-10-dev libclang-cpp10 libclang1-10
  libedit2 libgc1c2 libgcc-9-dev libllvm10 libobjc4 libomp5-10 libstdc++-9-dev
  libz3-4
Suggested packages:
  clang-10-doc gcc-9-locales g++-9-multilib gcc-9-doc gcc-9-multilib
  libomp-10-doc libstdc++-9-doc
Recommended packages:
  llvm-10-dev python3
The following NEW packages will be installed:
  clang-10 lib32gcc-s1 lib32gcc1 lib32stdc++6 libbsd0 libc6-i386
  libclang-common-10-dev libclang-cpp10 libclang1-10 libedit2 libgc1c2
  libllvm10 libobjc-9-dev libobjc4 libomp-10-dev libomp5-10 libz3-4
The following packages will be upgraded:
  cpp-9 g++-9 gcc-9 gcc-9-base libasan5 libgcc-9-dev libstdc++-9-dev
7 upgraded, 17 newly installed, 0 to remove and 2 not upgraded.
Need to get 81.5 MB of archives.
After this operation, 238 MB of additional disk space will be used.
Get:1 http://127.0.0.1:12990/debian sid/main amd64 libasan5 amd64 9.2.1-30 [389 kB]
Get:2 http://127.0.0.1:12990/debian sid/main amd64 g++-9 amd64 9.2.1-30 [10.7 MB]
Get:3 http://127.0.0.1:12990/debian sid/main amd64 gcc-9 amd64 9.2.1-30 [10.0 MB]
Get:4 http://127.0.0.1:12990/debian sid/main amd64 libstdc++-9-dev amd64 9.2.1-30 [1697 kB]
Get:5 http://127.0.0.1:12990/debian sid/main amd64 libgcc-9-dev amd64 9.2.1-30 [2349 kB]
Get:6 http://127.0.0.1:12990/debian sid/main amd64 cpp-9 amd64 9.2.1-30 [9711 kB]
Get:7 http://127.0.0.1:12990/debian sid/main amd64 gcc-9-base amd64 9.2.1-30 [196 kB]
Get:8 http://127.0.0.1:12990/debian sid/main amd64 libbsd0 amd64 0.10.0-1 [107 kB]
Get:9 http://127.0.0.1:12990/debian sid/main amd64 libedit2 amd64 3.1-20191231-1 [95.4 kB]
Get:10 http://127.0.0.1:12990/debian sid/main amd64 libz3-4 amd64 4.8.7-4 [6790 kB]
Get:11 http://127.0.0.1:12990/debian sid/main amd64 libllvm10 amd64 1:10.0.0~+rc2-1 [15.5 MB]
Get:12 http://127.0.0.1:12990/debian sid/main amd64 libclang-cpp10 amd64 1:10.0.0~+rc2-1 [9069 kB]
Get:13 http://127.0.0.1:12990/debian sid/main amd64 libgc1c2 amd64 1:7.6.4-0.4 [224 kB]
Get:14 http://127.0.0.1:12990/debian sid/main amd64 libobjc4 amd64 10-20200222-1 [41.6 kB]
Get:15 http://127.0.0.1:12990/debian sid/main amd64 libobjc-9-dev amd64 9.2.1-30 [219 kB]
Get:16 http://127.0.0.1:12990/debian sid/main amd64 libc6-i386 amd64 2.29-10 [2918 kB]
Get:17 http://127.0.0.1:12990/debian sid/main amd64 lib32gcc-s1 amd64 10-20200222-1 [49.4 kB]
Get:18 http://127.0.0.1:12990/debian sid/main amd64 lib32gcc1 amd64 1:10-20200222-1 [1104 B]
Get:19 http://127.0.0.1:12990/debian sid/main amd64 lib32stdc++6 amd64 10-20200222-1 [510 kB]
Get:20 http://127.0.0.1:12990/debian sid/main amd64 libclang-common-10-dev amd64 1:10.0.0~+rc2-1 [2782 kB]
Get:21 http://127.0.0.1:12990/debian sid/main amd64 libclang1-10 amd64 1:10.0.0~+rc2-1 [7607 kB]
Get:22 http://127.0.0.1:12990/debian sid/main amd64 clang-10 amd64 1:10.0.0~+rc2-1 [103 kB]
Get:23 http://127.0.0.1:12990/debian sid/main amd64 libomp5-10 amd64 1:10.0.0~+rc2-1 [337 kB]
Get:24 http://127.0.0.1:12990/debian sid/main amd64 libomp-10-dev amd64 1:10.0.0~+rc2-1 [84.3 kB]
debconf: delaying package configuration, since apt-utils is not installed
Fetched 81.5 MB in 1s (98.3 MB/s)
(Reading database ... (Reading database ... 5%(Reading database ... 10%(Reading database ... 15%(Reading database ... 20%(Reading database ... 25%(Reading database ... 30%(Reading database ... 35%(Reading database ... 40%(Reading database ... 45%(Reading database ... 50%(Reading database ... 55%(Reading database ... 60%(Reading database ... 65%(Reading database ... 70%(Reading database ... 75%(Reading database ... 80%(Reading database ... 85%(Reading database ... 90%(Reading database ... 95%(Reading database ... 100%(Reading database ... 12119 files and directories currently installed.)
Preparing to unpack .../00-libasan5_9.2.1-30_amd64.deb ...
Unpacking libasan5:amd64 (9.2.1-30) over (9.2.1-29) ...
Preparing to unpack .../01-g++-9_9.2.1-30_amd64.deb ...
Unpacking g++-9 (9.2.1-30) over (9.2.1-29) ...
Preparing to unpack .../02-gcc-9_9.2.1-30_amd64.deb ...
Unpacking gcc-9 (9.2.1-30) over (9.2.1-29) ...
Preparing to unpack .../03-libstdc++-9-dev_9.2.1-30_amd64.deb ...
Unpacking libstdc++-9-dev:amd64 (9.2.1-30) over (9.2.1-29) ...
Preparing to unpack .../04-libgcc-9-dev_9.2.1-30_amd64.deb ...
Unpacking libgcc-9-dev:amd64 (9.2.1-30) over (9.2.1-29) ...
Preparing to unpack .../05-cpp-9_9.2.1-30_amd64.deb ...
Unpacking cpp-9 (9.2.1-30) over (9.2.1-29) ...
Preparing to unpack .../06-gcc-9-base_9.2.1-30_amd64.deb ...
Unpacking gcc-9-base:amd64 (9.2.1-30) over (9.2.1-29) ...
Selecting previously unselected package libbsd0:amd64.
Preparing to unpack .../07-libbsd0_0.10.0-1_amd64.deb ...
Unpacking libbsd0:amd64 (0.10.0-1) ...
Selecting previously unselected package libedit2:amd64.
Preparing to unpack .../08-libedit2_3.1-20191231-1_amd64.deb ...
Unpacking libedit2:amd64 (3.1-20191231-1) ...
Selecting previously unselected package libz3-4:amd64.
Preparing to unpack .../09-libz3-4_4.8.7-4_amd64.deb ...
Unpacking libz3-4:amd64 (4.8.7-4) ...
Selecting previously unselected package libllvm10:amd64.
Preparing to unpack .../10-libllvm10_1%3a10.0.0~+rc2-1_amd64.deb ...
Unpacking libllvm10:amd64 (1:10.0.0~+rc2-1) ...
Selecting previously unselected package libclang-cpp10.
Preparing to unpack .../11-libclang-cpp10_1%3a10.0.0~+rc2-1_amd64.deb ...
Unpacking libclang-cpp10 (1:10.0.0~+rc2-1) ...
Selecting previously unselected package libgc1c2:amd64.
Preparing to unpack .../12-libgc1c2_1%3a7.6.4-0.4_amd64.deb ...
Unpacking libgc1c2:amd64 (1:7.6.4-0.4) ...
Selecting previously unselected package libobjc4:amd64.
Preparing to unpack .../13-libobjc4_10-20200222-1_amd64.deb ...
Unpacking libobjc4:amd64 (10-20200222-1) ...
Selecting previously unselected package libobjc-9-dev:amd64.
Preparing to unpack .../14-libobjc-9-dev_9.2.1-30_amd64.deb ...
Unpacking libobjc-9-dev:amd64 (9.2.1-30) ...
Selecting previously unselected package libc6-i386.
Preparing to unpack .../15-libc6-i386_2.29-10_amd64.deb ...
Unpacking libc6-i386 (2.29-10) ...
Selecting previously unselected package lib32gcc-s1.
Preparing to unpack .../16-lib32gcc-s1_10-20200222-1_amd64.deb ...
Unpacking lib32gcc-s1 (10-20200222-1) ...
Selecting previously unselected package lib32gcc1.
Preparing to unpack .../17-lib32gcc1_1%3a10-20200222-1_amd64.deb ...
Unpacking lib32gcc1 (1:10-20200222-1) ...
Selecting previously unselected package lib32stdc++6.
Preparing to unpack .../18-lib32stdc++6_10-20200222-1_amd64.deb ...
Unpacking lib32stdc++6 (10-20200222-1) ...
Selecting previously unselected package libclang-common-10-dev.
Preparing to unpack .../19-libclang-common-10-dev_1%3a10.0.0~+rc2-1_amd64.deb ...
Unpacking libclang-common-10-dev (1:10.0.0~+rc2-1) ...
Selecting previously unselected package libclang1-10.
Preparing to unpack .../20-libclang1-10_1%3a10.0.0~+rc2-1_amd64.deb ...
Unpacking libclang1-10 (1:10.0.0~+rc2-1) ...
Selecting previously unselected package clang-10.
Preparing to unpack .../21-clang-10_1%3a10.0.0~+rc2-1_amd64.deb ...
Unpacking clang-10 (1:10.0.0~+rc2-1) ...
Selecting previously unselected package libomp5-10:amd64.
Preparing to unpack .../22-libomp5-10_1%3a10.0.0~+rc2-1_amd64.deb ...
Unpacking libomp5-10:amd64 (1:10.0.0~+rc2-1) ...
Selecting previously unselected package libomp-10-dev.
Preparing to unpack .../23-libomp-10-dev_1%3a10.0.0~+rc2-1_amd64.deb ...
Unpacking libomp-10-dev (1:10.0.0~+rc2-1) ...
Setting up libgc1c2:amd64 (1:7.6.4-0.4) ...
Setting up libobjc4:amd64 (10-20200222-1) ...
Setting up libz3-4:amd64 (4.8.7-4) ...
Setting up libomp5-10:amd64 (1:10.0.0~+rc2-1) ...
Setting up libc6-i386 (2.29-10) ...
Setting up libbsd0:amd64 (0.10.0-1) ...
Setting up gcc-9-base:amd64 (9.2.1-30) ...
Setting up libomp-10-dev (1:10.0.0~+rc2-1) ...
Setting up libedit2:amd64 (3.1-20191231-1) ...
Setting up libllvm10:amd64 (1:10.0.0~+rc2-1) ...
Setting up libasan5:amd64 (9.2.1-30) ...
Setting up lib32gcc-s1 (10-20200222-1) ...
Setting up libclang1-10 (1:10.0.0~+rc2-1) ...
Setting up cpp-9 (9.2.1-30) ...
Setting up lib32gcc1 (1:10-20200222-1) ...
Setting up libclang-cpp10 (1:10.0.0~+rc2-1) ...
Setting up libgcc-9-dev:amd64 (9.2.1-30) ...
Setting up lib32stdc++6 (10-20200222-1) ...
Setting up libobjc-9-dev:amd64 (9.2.1-30) ...
Setting up gcc-9 (9.2.1-30) ...
Setting up libstdc++-9-dev:amd64 (9.2.1-30) ...
Setting up libclang-common-10-dev (1:10.0.0~+rc2-1) ...
Setting up g++-9 (9.2.1-30) ...
Setting up clang-10 (1:10.0.0~+rc2-1) ...
Processing triggers for libc-bin (2.29-10) ...
W: --force-yes is deprecated, use one of the options starting with --allow instead.
+ echo 'Replace gcc, g++ & cpp by clang'
Replace gcc, g++ & cpp by clang
+ VERSIONS='4.6 4.7 4.8 4.9 5 6 7 8 9 10'
+ cd /usr/bin
+ for VERSION in $VERSIONS
+ rm -f g++-4.6 gcc-4.6 cpp-4.6 gcc
+ ln -s clang++-10 g++-4.6
+ ln -s clang-10 gcc-4.6
+ ln -s clang-10 cpp-4.6
+ ln -s clang-10 gcc
+ echo 'gcc-4.6 hold'
+ dpkg --set-selections
dpkg: warning: package not in status nor available database at line 1: gcc-4.6
dpkg: warning: found unknown packages; this might mean the available database
is outdated, and needs to be updated through a frontend method;
please see the FAQ <https://wiki.debian.org/Teams/Dpkg/FAQ>
+ echo 'g++-4.6 hold'
+ dpkg --set-selections
dpkg: warning: package not in status nor available database at line 1: g++-4.6
dpkg: warning: found unknown packages; this might mean the available database
is outdated, and needs to be updated through a frontend method;
please see the FAQ <https://wiki.debian.org/Teams/Dpkg/FAQ>
+ for VERSION in $VERSIONS
+ rm -f g++-4.7 gcc-4.7 cpp-4.7 gcc
+ ln -s clang++-10 g++-4.7
+ ln -s clang-10 gcc-4.7
+ ln -s clang-10 cpp-4.7
+ ln -s clang-10 gcc
+ echo 'gcc-4.7 hold'
+ dpkg --set-selections
dpkg: warning: package not in status nor available database at line 1: gcc-4.7
dpkg: warning: found unknown packages; this might mean the available database
is outdated, and needs to be updated through a frontend method;
please see the FAQ <https://wiki.debian.org/Teams/Dpkg/FAQ>
+ echo 'g++-4.7 hold'
+ dpkg --set-selections
dpkg: warning: package not in status nor available database at line 1: g++-4.7
dpkg: warning: found unknown packages; this might mean the available database
is outdated, and needs to be updated through a frontend method;
please see the FAQ <https://wiki.debian.org/Teams/Dpkg/FAQ>
+ for VERSION in $VERSIONS
+ rm -f g++-4.8 gcc-4.8 cpp-4.8 gcc
+ ln -s clang++-10 g++-4.8
+ ln -s clang-10 gcc-4.8
+ ln -s clang-10 cpp-4.8
+ ln -s clang-10 gcc
+ echo 'gcc-4.8 hold'
+ dpkg --set-selections
dpkg: warning: package not in status nor available database at line 1: gcc-4.8
dpkg: warning: found unknown packages; this might mean the available database
is outdated, and needs to be updated through a frontend method;
please see the FAQ <https://wiki.debian.org/Teams/Dpkg/FAQ>
+ echo 'g++-4.8 hold'
+ dpkg --set-selections
dpkg: warning: package not in status nor available database at line 1: g++-4.8
dpkg: warning: found unknown packages; this might mean the available database
is outdated, and needs to be updated through a frontend method;
please see the FAQ <https://wiki.debian.org/Teams/Dpkg/FAQ>
+ for VERSION in $VERSIONS
+ rm -f g++-4.9 gcc-4.9 cpp-4.9 gcc
+ ln -s clang++-10 g++-4.9
+ ln -s clang-10 gcc-4.9
+ ln -s clang-10 cpp-4.9
+ ln -s clang-10 gcc
+ echo 'gcc-4.9 hold'
+ dpkg --set-selections
dpkg: warning: package not in status nor available database at line 1: gcc-4.9
dpkg: warning: found unknown packages; this might mean the available database
is outdated, and needs to be updated through a frontend method;
please see the FAQ <https://wiki.debian.org/Teams/Dpkg/FAQ>
+ echo 'g++-4.9 hold'
+ dpkg --set-selections
dpkg: warning: package not in status nor available database at line 1: g++-4.9
dpkg: warning: found unknown packages; this might mean the available database
is outdated, and needs to be updated through a frontend method;
please see the FAQ <https://wiki.debian.org/Teams/Dpkg/FAQ>
+ for VERSION in $VERSIONS
+ rm -f g++-5 gcc-5 cpp-5 gcc
+ ln -s clang++-10 g++-5
+ ln -s clang-10 gcc-5
+ ln -s clang-10 cpp-5
+ ln -s clang-10 gcc
+ echo 'gcc-5 hold'
+ dpkg --set-selections
dpkg: warning: package not in status nor available database at line 1: gcc-5
dpkg: warning: found unknown packages; this might mean the available database
is outdated, and needs to be updated through a frontend method;
please see the FAQ <https://wiki.debian.org/Teams/Dpkg/FAQ>
+ echo 'g++-5 hold'
+ dpkg --set-selections
dpkg: warning: package not in status nor available database at line 1: g++-5
dpkg: warning: found unknown packages; this might mean the available database
is outdated, and needs to be updated through a frontend method;
please see the FAQ <https://wiki.debian.org/Teams/Dpkg/FAQ>
+ for VERSION in $VERSIONS
+ rm -f g++-6 gcc-6 cpp-6 gcc
+ ln -s clang++-10 g++-6
+ ln -s clang-10 gcc-6
+ ln -s clang-10 cpp-6
+ ln -s clang-10 gcc
+ echo 'gcc-6 hold'
+ dpkg --set-selections
dpkg: warning: package not in status nor available database at line 1: gcc-6
dpkg: warning: found unknown packages; this might mean the available database
is outdated, and needs to be updated through a frontend method;
please see the FAQ <https://wiki.debian.org/Teams/Dpkg/FAQ>
+ echo 'g++-6 hold'
+ dpkg --set-selections
dpkg: warning: package not in status nor available database at line 1: g++-6
dpkg: warning: found unknown packages; this might mean the available database
is outdated, and needs to be updated through a frontend method;
please see the FAQ <https://wiki.debian.org/Teams/Dpkg/FAQ>
+ for VERSION in $VERSIONS
+ rm -f g++-7 gcc-7 cpp-7 gcc
+ ln -s clang++-10 g++-7
+ ln -s clang-10 gcc-7
+ ln -s clang-10 cpp-7
+ ln -s clang-10 gcc
+ echo 'gcc-7 hold'
+ dpkg --set-selections
dpkg: warning: package not in status nor available database at line 1: gcc-7
dpkg: warning: found unknown packages; this might mean the available database
is outdated, and needs to be updated through a frontend method;
please see the FAQ <https://wiki.debian.org/Teams/Dpkg/FAQ>
+ echo 'g++-7 hold'
+ dpkg --set-selections
dpkg: warning: package not in status nor available database at line 1: g++-7
dpkg: warning: found unknown packages; this might mean the available database
is outdated, and needs to be updated through a frontend method;
please see the FAQ <https://wiki.debian.org/Teams/Dpkg/FAQ>
+ for VERSION in $VERSIONS
+ rm -f g++-8 gcc-8 cpp-8 gcc
+ ln -s clang++-10 g++-8
+ ln -s clang-10 gcc-8
+ ln -s clang-10 cpp-8
+ ln -s clang-10 gcc
+ echo 'gcc-8 hold'
+ dpkg --set-selections
dpkg: warning: package not in status nor available database at line 1: gcc-8
dpkg: warning: found unknown packages; this might mean the available database
is outdated, and needs to be updated through a frontend method;
please see the FAQ <https://wiki.debian.org/Teams/Dpkg/FAQ>
+ echo 'g++-8 hold'
+ dpkg --set-selections
dpkg: warning: package not in status nor available database at line 1: g++-8
dpkg: warning: found unknown packages; this might mean the available database
is outdated, and needs to be updated through a frontend method;
please see the FAQ <https://wiki.debian.org/Teams/Dpkg/FAQ>
+ for VERSION in $VERSIONS
+ rm -f g++-9 gcc-9 cpp-9 gcc
+ ln -s clang++-10 g++-9
+ ln -s clang-10 gcc-9
+ ln -s clang-10 cpp-9
+ ln -s clang-10 gcc
+ echo 'gcc-9 hold'
+ dpkg --set-selections
+ echo 'g++-9 hold'
+ dpkg --set-selections
+ for VERSION in $VERSIONS
+ rm -f g++-10 gcc-10 cpp-10 gcc
+ ln -s clang++-10 g++-10
+ ln -s clang-10 gcc-10
+ ln -s clang-10 cpp-10
+ ln -s clang-10 gcc
+ echo 'gcc-10 hold'
+ dpkg --set-selections
dpkg: warning: package not in status nor available database at line 1: gcc-10
dpkg: warning: found unknown packages; this might mean the available database
is outdated, and needs to be updated through a frontend method;
please see the FAQ <https://wiki.debian.org/Teams/Dpkg/FAQ>
+ echo 'g++-10 hold'
+ dpkg --set-selections
dpkg: warning: package not in status nor available database at line 1: g++-10
dpkg: warning: found unknown packages; this might mean the available database
is outdated, and needs to be updated through a frontend method;
please see the FAQ <https://wiki.debian.org/Teams/Dpkg/FAQ>
+ cd -
/build/zypper-jv1e46
+ echo 'Check if gcc, g++ & cpp are actually clang'
Check if gcc, g++ & cpp are actually clang
+ gcc --version
+ grep clang
+ cpp --version
+ grep clang
+ g++ --version
+ grep clang

I: Finished running '/tmp/clang10'.

Finished processing commands.
--------------------------------------------------------------------------------
I: NOTICE: Log filtering will replace 'build/zypper-jv1e46/resolver-e13jNK' with '<<RESOLVERDIR>>'

+------------------------------------------------------------------------------+
| Update chroot                                                                |
+------------------------------------------------------------------------------+

Hit:1 http://127.0.0.1:12990/debian sid InRelease
Reading package lists...
Reading package lists...
Building dependency tree...
Reading state information...
Calculating upgrade...
The following packages will be upgraded:
  libgmp10 zlib1g
2 upgraded, 0 newly installed, 0 to remove and 0 not upgraded.
Need to get 343 kB of archives.
After this operation, 0 B of additional disk space will be used.
Get:1 http://127.0.0.1:12990/debian sid/main amd64 libgmp10 amd64 2:6.2.0+dfsg-4 [253 kB]
Get:2 http://127.0.0.1:12990/debian sid/main amd64 zlib1g amd64 1:1.2.11.dfsg-2 [90.4 kB]
debconf: delaying package configuration, since apt-utils is not installed
Fetched 343 kB in 0s (6237 kB/s)
(Reading database ... (Reading database ... 5%(Reading database ... 10%(Reading database ... 15%(Reading database ... 20%(Reading database ... 25%(Reading database ... 30%(Reading database ... 35%(Reading database ... 40%(Reading database ... 45%(Reading database ... 50%(Reading database ... 55%(Reading database ... 60%(Reading database ... 65%(Reading database ... 70%(Reading database ... 75%(Reading database ... 80%(Reading database ... 85%(Reading database ... 90%(Reading database ... 95%(Reading database ... 100%(Reading database ... 12960 files and directories currently installed.)
Preparing to unpack .../libgmp10_2%3a6.2.0+dfsg-4_amd64.deb ...
Unpacking libgmp10:amd64 (2:6.2.0+dfsg-4) over (2:6.2.0+dfsg-3) ...
Setting up libgmp10:amd64 (2:6.2.0+dfsg-4) ...
(Reading database ... (Reading database ... 5%(Reading database ... 10%(Reading database ... 15%(Reading database ... 20%(Reading database ... 25%(Reading database ... 30%(Reading database ... 35%(Reading database ... 40%(Reading database ... 45%(Reading database ... 50%(Reading database ... 55%(Reading database ... 60%(Reading database ... 65%(Reading database ... 70%(Reading database ... 75%(Reading database ... 80%(Reading database ... 85%(Reading database ... 90%(Reading database ... 95%(Reading database ... 100%(Reading database ... 12960 files and directories currently installed.)
Preparing to unpack .../zlib1g_1%3a1.2.11.dfsg-2_amd64.deb ...
Unpacking zlib1g:amd64 (1:1.2.11.dfsg-2) over (1:1.2.11.dfsg-1.2) ...
Setting up zlib1g:amd64 (1:1.2.11.dfsg-2) ...
Processing triggers for libc-bin (2.29-10) ...

+------------------------------------------------------------------------------+
| Fetch source files                                                           |
+------------------------------------------------------------------------------+


Check APT
---------

Checking available source versions...

Download source files with APT
------------------------------

Reading package lists...
NOTICE: 'zypper' packaging is maintained in the 'Git' version control system at:
https://salsa.debian.org/debian/zypper.git
Please use:
git clone https://salsa.debian.org/debian/zypper.git
to retrieve the latest (possibly unreleased) updates to the package.
Need to get 10.4 MB of source archives.
Get:1 http://127.0.0.1:12990/debian sid/main zypper 1.14.11-2 (dsc) [2074 B]
Get:2 http://127.0.0.1:12990/debian sid/main zypper 1.14.11-2 (tar) [10.4 MB]
Get:3 http://127.0.0.1:12990/debian sid/main zypper 1.14.11-2 (diff) [12.7 kB]
Fetched 10.4 MB in 1s (17.7 MB/s)
Download complete and in download only mode
I: NOTICE: Log filtering will replace 'build/zypper-jv1e46/zypper-1.14.11' with '<<PKGBUILDDIR>>'
I: NOTICE: Log filtering will replace 'build/zypper-jv1e46' with '<<BUILDDIR>>'

+------------------------------------------------------------------------------+
| Install package build dependencies                                           |
+------------------------------------------------------------------------------+


Setup apt archive
-----------------

Merged Build-Depends: asciidoctor, debhelper (>= 10~), cdbs, cmake, libreadline-dev, libzypp-dev (>= 17.6.3), libaugeas-dev, libboost-all-dev, librpm-dev, build-essential, fakeroot
Filtered Build-Depends: asciidoctor, debhelper (>= 10~), cdbs, cmake, libreadline-dev, libzypp-dev (>= 17.6.3), libaugeas-dev, libboost-all-dev, librpm-dev, build-essential, fakeroot
dpkg-deb: building package 'sbuild-build-depends-main-dummy' in '/<<RESOLVERDIR>>/apt_archive/sbuild-build-depends-main-dummy.deb'.
Ign:1 copy:/<<RESOLVERDIR>>/apt_archive ./ InRelease
Get:2 copy:/<<RESOLVERDIR>>/apt_archive ./ Release [957 B]
Ign:3 copy:/<<RESOLVERDIR>>/apt_archive ./ Release.gpg
Get:4 copy:/<<RESOLVERDIR>>/apt_archive ./ Sources [427 B]
Get:5 copy:/<<RESOLVERDIR>>/apt_archive ./ Packages [509 B]
Fetched 1893 B in 0s (0 B/s)
Reading package lists...
Reading package lists...

Install main build dependencies (apt-based resolver)
----------------------------------------------------

Installing build dependencies
Reading package lists...
Building dependency tree...
Reading state information...
The following additional packages will be installed:
  asciidoctor augeas-lenses autoconf automake autopoint autotools-dev
  bsdmainutils ca-certificates cdbs cmake cmake-data debhelper debugedit
  dh-autoreconf dh-strip-nondeterminism dirmngr dwz file gettext gettext-base
  gfortran-9 gnupg gnupg-l10n gnupg-utils gpg gpg-agent gpg-wks-client
  gpg-wks-server gpgconf gpgsm groff-base ibverbs-providers icu-devtools
  intltool-debian libarchive-zip-perl libarchive13 libassuan-dev libassuan0
  libaugeas-dev libaugeas0 libboost-all-dev libboost-atomic-dev
  libboost-atomic1.67-dev libboost-atomic1.67.0 libboost-chrono-dev
  libboost-chrono1.67-dev libboost-chrono1.67.0 libboost-container-dev
  libboost-container1.67-dev libboost-container1.67.0 libboost-context-dev
  libboost-context1.67-dev libboost-context1.67.0 libboost-coroutine-dev
  libboost-coroutine1.67-dev libboost-coroutine1.67.0 libboost-date-time-dev
  libboost-date-time1.67-dev libboost-date-time1.67.0 libboost-dev
  libboost-exception-dev libboost-exception1.67-dev libboost-fiber-dev
  libboost-fiber1.67-dev libboost-fiber1.67.0 libboost-filesystem-dev
  libboost-filesystem1.67-dev libboost-filesystem1.67.0 libboost-graph-dev
  libboost-graph-parallel-dev libboost-graph-parallel1.67-dev
  libboost-graph-parallel1.67.0 libboost-graph1.67-dev libboost-graph1.67.0
  libboost-iostreams-dev libboost-iostreams1.67-dev libboost-iostreams1.67.0
  libboost-locale-dev libboost-locale1.67-dev libboost-locale1.67.0
  libboost-log-dev libboost-log1.67-dev libboost-log1.67.0 libboost-math-dev
  libboost-math1.67-dev libboost-math1.67.0 libboost-mpi-dev
  libboost-mpi-python-dev libboost-mpi-python1.67-dev
  libboost-mpi-python1.67.0 libboost-mpi1.67-dev libboost-mpi1.67.0
  libboost-numpy-dev libboost-numpy1.67-dev libboost-numpy1.67.0
  libboost-program-options-dev libboost-program-options1.67-dev
  libboost-program-options1.67.0 libboost-python-dev libboost-python1.67-dev
  libboost-python1.67.0 libboost-random-dev libboost-random1.67-dev
  libboost-random1.67.0 libboost-regex-dev libboost-regex1.67-dev
  libboost-regex1.67.0 libboost-serialization-dev
  libboost-serialization1.67-dev libboost-serialization1.67.0
  libboost-signals-dev libboost-signals1.67-dev libboost-signals1.67.0
  libboost-stacktrace-dev libboost-stacktrace1.67-dev
  libboost-stacktrace1.67.0 libboost-system-dev libboost-system1.67-dev
  libboost-system1.67.0 libboost-test-dev libboost-test1.67-dev
  libboost-test1.67.0 libboost-thread-dev libboost-thread1.67-dev
  libboost-thread1.67.0 libboost-timer-dev libboost-timer1.67-dev
  libboost-timer1.67.0 libboost-tools-dev libboost-type-erasure-dev
  libboost-type-erasure1.67-dev libboost-type-erasure1.67.0 libboost-wave-dev
  libboost-wave1.67-dev libboost-wave1.67.0 libboost1.67-dev
  libboost1.67-tools-dev libbrotli1 libbz2-dev libcap2 libcbor0 libcroco3
  libcurl4 libcurl4-openssl-dev libdb-dev libdb5.3-dev libdbus-1-3
  libdebhelper-perl libdw1 libelf1 libevent-2.1-7 libevent-core-2.1-7
  libevent-dev libevent-extra-2.1-7 libevent-openssl-2.1-7
  libevent-pthreads-2.1-7 libexpat1 libexpat1-dev libfabric1 libfido2-1
  libfile-stripnondeterminism-perl libgfortran-9-dev libgfortran5 libglib2.0-0
  libgpg-error-dev libgpgme-dev libgpgme11 libgssapi-krb5-2 libhwloc-dev
  libhwloc-plugins libhwloc15 libibverbs-dev libibverbs1 libicu-dev libicu63
  libjsoncpp1 libk5crypto3 libkeyutils1 libkrb5-3 libkrb5support0 libksba8
  libldap-2.4-2 libldap-common libltdl-dev libltdl7 liblua5.2-0 libmagic-mgc
  libmagic1 libmpdec2 libncurses-dev libncurses6 libnghttp2-14 libnl-3-200
  libnl-3-dev libnl-route-3-200 libnl-route-3-dev libnpth0 libnspr4 libnss3
  libnuma-dev libnuma1 libopenmpi-dev libopenmpi3 libpciaccess0 libpcre2-16-0
  libpcre2-32-0 libpcre2-dev libpcre2-posix2 libpipeline1 libpmix2 libpopt-dev
  libpopt0 libprocps8 libproxy-dev libproxy1v5 libpsl5 libpsm-infinipath1
  libpsm2-2 libpython-dev libpython-stdlib libpython2-dev libpython2-stdlib
  libpython2.7 libpython2.7-dev libpython2.7-minimal libpython2.7-stdlib
  libpython3-dev libpython3-stdlib libpython3.7 libpython3.7-dev
  libpython3.7-minimal libpython3.7-stdlib librdmacm1 libreadline-dev
  libreadline8 librhash0 librpm-dev librpm8 librpmbuild8 librpmio8 librpmsign8
  librtmp1 libruby2.5 libsasl2-2 libsasl2-modules-db libselinux1-dev
  libsepol1-dev libsigsegv2 libsolv-tools libsolv0 libsolv0-dev libsolvext0
  libsolvext0-dev libsqlite3-0 libsqlite3-dev libssh2-1 libssl-dev libssl1.1
  libsub-override-perl libtool libuchardet0 libudev-dev libuv1 libx11-6
  libx11-data libxau6 libxcb1 libxdmcp6 libxext6 libxml2 libxml2-dev
  libxnvctrl0 libyaml-0-2 libzypp-dev libzypp1702 m4 man-db mime-support
  mpi-default-bin mpi-default-dev ocl-icd-libopencl1 openmpi-bin
  openmpi-common openssh-client openssl pinentry-curses po-debconf procps
  python python-dev python-minimal python2 python2-dev python2-minimal
  python2.7 python2.7-dev python2.7-minimal python3 python3-dev
  python3-distutils python3-lib2to3 python3-minimal python3.7 python3.7-dev
  python3.7-minimal rake readline-common rpm rpm-common rpm2cpio ruby
  ruby-asciidoctor ruby-did-you-mean ruby-minitest ruby-net-telnet
  ruby-power-assert ruby-test-unit ruby-xmlrpc ruby2.5 rubygems-integration
  sensible-utils zlib1g-dev
Suggested packages:
  augeas-doc autoconf-archive gnu-standards autoconf-doc wamerican | wordlist
  whois vacation devscripts cmake-doc ninja-build dh-make rpm-i18n
  dbus-user-session libpam-systemd pinentry-gnome3 tor gettext-doc
  libasprintf-dev libgettextpo-dev gfortran-9-multilib gfortran-9-doc
  libcoarrays-dev parcimonie xloadimage scdaemon groff lrzip augeas-tools
  libboost-doc graphviz libboost1.67-doc gccxml libboost-contract1.67-dev
  libmpfrc++-dev libntl-dev xsltproc doxygen docbook-xml docbook-xsl
  default-jdk fop libcurl4-doc libidn11-dev libkrb5-dev libldap2-dev
  librtmp-dev libssh2-1-dev pkg-config db5.3-doc krb5-doc krb5-user
  libhwloc-contrib-plugins icu-doc libtool-doc ncurses-doc openmpi-doc
  pciutils readline-doc sqlite3-doc libssl-doc gcj-jdk libzypp-doc m4-doc
  apparmor less www-browser opencl-icd gfortran | fortran-compiler keychain
  libpam-ssh monkeysphere ssh-askpass pinentry-doc libmail-box-perl python-doc
  python-tk python2-doc python2.7-doc binfmt-support python3-doc python3-tk
  python3-venv python3.7-venv python3.7-doc alien elfutils rpmlint rpm2html ri
  ruby-dev bundler
Recommended packages:
  curl | wget | lynx bzip2-doc dbus libarchive-cpio-perl libglib2.0-data
  shared-mime-info xdg-user-dirs krb5-locales libgpm2 libcoarrays-openmpi-dev
  publicsuffix libsasl2-modules libzypp-common libzypp-config libzypp-bin
  logrotate lsof xauth libmail-sendmail-perl psmisc zip fonts-lato
  libjs-jquery
The following NEW packages will be installed:
  asciidoctor augeas-lenses autoconf automake autopoint autotools-dev
  bsdmainutils ca-certificates cdbs cmake cmake-data debhelper debugedit
  dh-autoreconf dh-strip-nondeterminism dirmngr dwz file gettext gettext-base
  gfortran-9 gnupg gnupg-l10n gnupg-utils gpg gpg-agent gpg-wks-client
  gpg-wks-server gpgconf gpgsm groff-base ibverbs-providers icu-devtools
  intltool-debian libarchive-zip-perl libarchive13 libassuan-dev libassuan0
  libaugeas-dev libaugeas0 libboost-all-dev libboost-atomic-dev
  libboost-atomic1.67-dev libboost-atomic1.67.0 libboost-chrono-dev
  libboost-chrono1.67-dev libboost-chrono1.67.0 libboost-container-dev
  libboost-container1.67-dev libboost-container1.67.0 libboost-context-dev
  libboost-context1.67-dev libboost-context1.67.0 libboost-coroutine-dev
  libboost-coroutine1.67-dev libboost-coroutine1.67.0 libboost-date-time-dev
  libboost-date-time1.67-dev libboost-date-time1.67.0 libboost-dev
  libboost-exception-dev libboost-exception1.67-dev libboost-fiber-dev
  libboost-fiber1.67-dev libboost-fiber1.67.0 libboost-filesystem-dev
  libboost-filesystem1.67-dev libboost-filesystem1.67.0 libboost-graph-dev
  libboost-graph-parallel-dev libboost-graph-parallel1.67-dev
  libboost-graph-parallel1.67.0 libboost-graph1.67-dev libboost-graph1.67.0
  libboost-iostreams-dev libboost-iostreams1.67-dev libboost-iostreams1.67.0
  libboost-locale-dev libboost-locale1.67-dev libboost-locale1.67.0
  libboost-log-dev libboost-log1.67-dev libboost-log1.67.0 libboost-math-dev
  libboost-math1.67-dev libboost-math1.67.0 libboost-mpi-dev
  libboost-mpi-python-dev libboost-mpi-python1.67-dev
  libboost-mpi-python1.67.0 libboost-mpi1.67-dev libboost-mpi1.67.0
  libboost-numpy-dev libboost-numpy1.67-dev libboost-numpy1.67.0
  libboost-program-options-dev libboost-program-options1.67-dev
  libboost-program-options1.67.0 libboost-python-dev libboost-python1.67-dev
  libboost-python1.67.0 libboost-random-dev libboost-random1.67-dev
  libboost-random1.67.0 libboost-regex-dev libboost-regex1.67-dev
  libboost-regex1.67.0 libboost-serialization-dev
  libboost-serialization1.67-dev libboost-serialization1.67.0
  libboost-signals-dev libboost-signals1.67-dev libboost-signals1.67.0
  libboost-stacktrace-dev libboost-stacktrace1.67-dev
  libboost-stacktrace1.67.0 libboost-system-dev libboost-system1.67-dev
  libboost-system1.67.0 libboost-test-dev libboost-test1.67-dev
  libboost-test1.67.0 libboost-thread-dev libboost-thread1.67-dev
  libboost-thread1.67.0 libboost-timer-dev libboost-timer1.67-dev
  libboost-timer1.67.0 libboost-tools-dev libboost-type-erasure-dev
  libboost-type-erasure1.67-dev libboost-type-erasure1.67.0 libboost-wave-dev
  libboost-wave1.67-dev libboost-wave1.67.0 libboost1.67-dev
  libboost1.67-tools-dev libbrotli1 libbz2-dev libcap2 libcbor0 libcroco3
  libcurl4 libcurl4-openssl-dev libdb-dev libdb5.3-dev libdbus-1-3
  libdebhelper-perl libdw1 libelf1 libevent-2.1-7 libevent-core-2.1-7
  libevent-dev libevent-extra-2.1-7 libevent-openssl-2.1-7
  libevent-pthreads-2.1-7 libexpat1 libexpat1-dev libfabric1 libfido2-1
  libfile-stripnondeterminism-perl libgfortran-9-dev libgfortran5 libglib2.0-0
  libgpg-error-dev libgpgme-dev libgpgme11 libgssapi-krb5-2 libhwloc-dev
  libhwloc-plugins libhwloc15 libibverbs-dev libibverbs1 libicu-dev libicu63
  libjsoncpp1 libk5crypto3 libkeyutils1 libkrb5-3 libkrb5support0 libksba8
  libldap-2.4-2 libldap-common libltdl-dev libltdl7 liblua5.2-0 libmagic-mgc
  libmagic1 libmpdec2 libncurses-dev libncurses6 libnghttp2-14 libnl-3-200
  libnl-3-dev libnl-route-3-200 libnl-route-3-dev libnpth0 libnspr4 libnss3
  libnuma-dev libnuma1 libopenmpi-dev libopenmpi3 libpciaccess0 libpcre2-16-0
  libpcre2-32-0 libpcre2-dev libpcre2-posix2 libpipeline1 libpmix2 libpopt-dev
  libpopt0 libprocps8 libproxy-dev libproxy1v5 libpsl5 libpsm-infinipath1
  libpsm2-2 libpython-dev libpython-stdlib libpython2-dev libpython2-stdlib
  libpython2.7 libpython2.7-dev libpython2.7-minimal libpython2.7-stdlib
  libpython3-dev libpython3-stdlib libpython3.7 libpython3.7-dev
  libpython3.7-minimal libpython3.7-stdlib librdmacm1 libreadline-dev
  libreadline8 librhash0 librpm-dev librpm8 librpmbuild8 librpmio8 librpmsign8
  librtmp1 libruby2.5 libsasl2-2 libsasl2-modules-db libselinux1-dev
  libsepol1-dev libsigsegv2 libsolv-tools libsolv0 libsolv0-dev libsolvext0
  libsolvext0-dev libsqlite3-0 libsqlite3-dev libssh2-1 libssl-dev libssl1.1
  libsub-override-perl libtool libuchardet0 libudev-dev libuv1 libx11-6
  libx11-data libxau6 libxcb1 libxdmcp6 libxext6 libxml2 libxml2-dev
  libxnvctrl0 libyaml-0-2 libzypp-dev libzypp1702 m4 man-db mime-support
  mpi-default-bin mpi-default-dev ocl-icd-libopencl1 openmpi-bin
  openmpi-common openssh-client openssl pinentry-curses po-debconf procps
  python python-dev python-minimal python2 python2-dev python2-minimal
  python2.7 python2.7-dev python2.7-minimal python3 python3-dev
  python3-distutils python3-lib2to3 python3-minimal python3.7 python3.7-dev
  python3.7-minimal rake readline-common rpm rpm-common rpm2cpio ruby
  ruby-asciidoctor ruby-did-you-mean ruby-minitest ruby-net-telnet
  ruby-power-assert ruby-test-unit ruby-xmlrpc ruby2.5 rubygems-integration
  sbuild-build-depends-main-dummy sensible-utils zlib1g-dev
0 upgraded, 323 newly installed, 0 to remove and 0 not upgraded.
Need to get 211 MB of archives.
After this operation, 838 MB of additional disk space will be used.
Get:1 copy:/<<RESOLVERDIR>>/apt_archive ./ sbuild-build-depends-main-dummy 0.invalid.0 [936 B]
Get:2 http://127.0.0.1:12990/debian sid/main amd64 bsdmainutils amd64 11.1.2+b1 [191 kB]
Get:3 http://127.0.0.1:12990/debian sid/main amd64 libuchardet0 amd64 0.0.6-3 [64.9 kB]
Get:4 http://127.0.0.1:12990/debian sid/main amd64 groff-base amd64 1.22.4-4 [919 kB]
Get:5 http://127.0.0.1:12990/debian sid/main amd64 libpipeline1 amd64 1.5.2-2 [33.9 kB]
Get:6 http://127.0.0.1:12990/debian sid/main amd64 man-db amd64 2.9.0-2 [1307 kB]
Get:7 http://127.0.0.1:12990/debian sid/main amd64 libpython2.7-minimal amd64 2.7.17-1+b1 [395 kB]
Get:8 http://127.0.0.1:12990/debian sid/main amd64 python2.7-minimal amd64 2.7.17-1+b1 [1342 kB]
Get:9 http://127.0.0.1:12990/debian sid/main amd64 python2-minimal amd64 2.7.17-2 [41.4 kB]
Get:10 http://127.0.0.1:12990/debian sid/main amd64 python-minimal amd64 2.7.17-2 [21.1 kB]
Get:11 http://127.0.0.1:12990/debian sid/main amd64 libssl1.1 amd64 1.1.1d-2 [1540 kB]
Get:12 http://127.0.0.1:12990/debian sid/main amd64 mime-support all 3.64 [37.8 kB]
Get:13 http://127.0.0.1:12990/debian sid/main amd64 libexpat1 amd64 2.2.9-1 [94.3 kB]
Get:14 http://127.0.0.1:12990/debian sid/main amd64 readline-common all 8.0-3 [72.5 kB]
Get:15 http://127.0.0.1:12990/debian sid/main amd64 libreadline8 amd64 8.0-3 [160 kB]
Get:16 http://127.0.0.1:12990/debian sid/main amd64 libsqlite3-0 amd64 3.31.1-3 [661 kB]
Get:17 http://127.0.0.1:12990/debian sid/main amd64 libpython2.7-stdlib amd64 2.7.17-1+b1 [1886 kB]
Get:18 http://127.0.0.1:12990/debian sid/main amd64 python2.7 amd64 2.7.17-1+b1 [309 kB]
Get:19 http://127.0.0.1:12990/debian sid/main amd64 libpython2-stdlib amd64 2.7.17-2 [20.9 kB]
Get:20 http://127.0.0.1:12990/debian sid/main amd64 libpython-stdlib amd64 2.7.17-2 [20.9 kB]
Get:21 http://127.0.0.1:12990/debian sid/main amd64 python2 amd64 2.7.17-2 [41.7 kB]
Get:22 http://127.0.0.1:12990/debian sid/main amd64 python amd64 2.7.17-2 [22.9 kB]
Get:23 http://127.0.0.1:12990/debian sid/main amd64 libpython3.7-minimal amd64 3.7.6-1+b1 [591 kB]
Get:24 http://127.0.0.1:12990/debian sid/main amd64 python3.7-minimal amd64 3.7.6-1+b1 [1813 kB]
Get:25 http://127.0.0.1:12990/debian sid/main amd64 python3-minimal amd64 3.7.5-3 [36.8 kB]
Get:26 http://127.0.0.1:12990/debian sid/main amd64 libmpdec2 amd64 2.4.2-2 [87.2 kB]
Get:27 http://127.0.0.1:12990/debian sid/main amd64 libpython3.7-stdlib amd64 3.7.6-1+b1 [1735 kB]
Get:28 http://127.0.0.1:12990/debian sid/main amd64 python3.7 amd64 3.7.6-1+b1 [351 kB]
Get:29 http://127.0.0.1:12990/debian sid/main amd64 libpython3-stdlib amd64 3.7.5-3 [20.2 kB]
Get:30 http://127.0.0.1:12990/debian sid/main amd64 python3 amd64 3.7.5-3 [62.1 kB]
Get:31 http://127.0.0.1:12990/debian sid/main amd64 libncurses6 amd64 6.1+20191019-1 [102 kB]
Get:32 http://127.0.0.1:12990/debian sid/main amd64 libprocps8 amd64 2:3.3.16-1+b1 [62.8 kB]
Get:33 http://127.0.0.1:12990/debian sid/main amd64 procps amd64 2:3.3.16-1+b1 [263 kB]
Get:34 http://127.0.0.1:12990/debian sid/main amd64 sensible-utils all 0.0.12+nmu1 [16.0 kB]
Get:35 http://127.0.0.1:12990/debian sid/main amd64 libmagic-mgc amd64 1:5.38-4 [262 kB]
Get:36 http://127.0.0.1:12990/debian sid/main amd64 libmagic1 amd64 1:5.38-4 [120 kB]
Get:37 http://127.0.0.1:12990/debian sid/main amd64 file amd64 1:5.38-4 [67.9 kB]
Get:38 http://127.0.0.1:12990/debian sid/main amd64 gettext-base amd64 0.19.8.1-10 [123 kB]
Get:39 http://127.0.0.1:12990/debian sid/main amd64 libcbor0 amd64 0.5.0+dfsg-2 [24.0 kB]
Get:40 http://127.0.0.1:12990/debian sid/main amd64 libfido2-1 amd64 1.3.1-1 [47.4 kB]
Get:41 http://127.0.0.1:12990/debian sid/main amd64 libkeyutils1 amd64 1.6.1-2 [15.4 kB]
Get:42 http://127.0.0.1:12990/debian sid/main amd64 libkrb5support0 amd64 1.17-6 [64.6 kB]
Get:43 http://127.0.0.1:12990/debian sid/main amd64 libk5crypto3 amd64 1.17-6 [116 kB]
Get:44 http://127.0.0.1:12990/debian sid/main amd64 libkrb5-3 amd64 1.17-6 [366 kB]
Get:45 http://127.0.0.1:12990/debian sid/main amd64 libgssapi-krb5-2 amd64 1.17-6 [156 kB]
Get:46 http://127.0.0.1:12990/debian sid/main amd64 openssh-client amd64 1:8.2p1-3 [906 kB]
Get:47 http://127.0.0.1:12990/debian sid/main amd64 openssl amd64 1.1.1d-2 [840 kB]
Get:48 http://127.0.0.1:12990/debian sid/main amd64 ca-certificates all 20190110 [157 kB]
Get:49 http://127.0.0.1:12990/debian sid/main amd64 rubygems-integration all 1.16 [5632 B]
Get:50 http://127.0.0.1:12990/debian sid/main amd64 rake all 13.0.1-2 [67.9 kB]
Get:51 http://127.0.0.1:12990/debian sid/main amd64 ruby-did-you-mean all 1.2.1-1 [14.4 kB]
Get:52 http://127.0.0.1:12990/debian sid/main amd64 ruby-minitest all 5.13.0-1 [57.3 kB]
Get:53 http://127.0.0.1:12990/debian sid/main amd64 ruby-net-telnet all 0.1.1-2 [12.5 kB]
Get:54 http://127.0.0.1:12990/debian sid/main amd64 ruby-power-assert all 1.1.5-1 [11.3 kB]
Get:55 http://127.0.0.1:12990/debian sid/main amd64 ruby-test-unit all 3.3.4-1 [85.1 kB]
Get:56 http://127.0.0.1:12990/debian sid/main amd64 ruby-xmlrpc all 0.3.0-2 [23.7 kB]
Get:57 http://127.0.0.1:12990/debian sid/main amd64 libyaml-0-2 amd64 0.2.2-1 [49.6 kB]
Get:58 http://127.0.0.1:12990/debian sid/main amd64 libruby2.5 amd64 2.5.7-1+b1 [3412 kB]
Get:59 http://127.0.0.1:12990/debian sid/main amd64 ruby2.5 amd64 2.5.7-1+b1 [375 kB]
Get:60 http://127.0.0.1:12990/debian sid/main amd64 ruby amd64 1:2.5.7.1 [11.7 kB]
Get:61 http://127.0.0.1:12990/debian sid/main amd64 ruby-asciidoctor all 2.0.10-2 [201 kB]
Get:62 http://127.0.0.1:12990/debian sid/main amd64 asciidoctor all 2.0.10-2 [77.7 kB]
Get:63 http://127.0.0.1:12990/debian sid/main amd64 augeas-lenses all 1.12.0-1 [451 kB]
Get:64 http://127.0.0.1:12990/debian sid/main amd64 libsigsegv2 amd64 2.12-2 [32.8 kB]
Get:65 http://127.0.0.1:12990/debian sid/main amd64 m4 amd64 1.4.18-4 [203 kB]
Get:66 http://127.0.0.1:12990/debian sid/main amd64 autoconf all 2.69-11.1 [341 kB]
Get:67 http://127.0.0.1:12990/debian sid/main amd64 autotools-dev all 20180224.1 [77.0 kB]
Get:68 http://127.0.0.1:12990/debian sid/main amd64 automake all 1:1.16.1-4 [771 kB]
Get:69 http://127.0.0.1:12990/debian sid/main amd64 autopoint all 0.19.8.1-10 [435 kB]
Get:70 http://127.0.0.1:12990/debian sid/main amd64 cdbs all 0.4.159 [83.7 kB]
Get:71 http://127.0.0.1:12990/debian sid/main amd64 cmake-data all 3.16.3-1 [1628 kB]
Get:72 http://127.0.0.1:12990/debian sid/main amd64 libicu63 amd64 63.2-2 [8301 kB]
Get:73 http://127.0.0.1:12990/debian sid/main amd64 libxml2 amd64 2.9.10+dfsg-3 [709 kB]
Get:74 http://127.0.0.1:12990/debian sid/main amd64 libarchive13 amd64 3.4.0-1+b1 [335 kB]
Get:75 http://127.0.0.1:12990/debian sid/main amd64 libbrotli1 amd64 1.0.7-6 [266 kB]
Get:76 http://127.0.0.1:12990/debian sid/main amd64 libsasl2-modules-db amd64 2.1.27+dfsg-2 [69.0 kB]
Get:77 http://127.0.0.1:12990/debian sid/main amd64 libsasl2-2 amd64 2.1.27+dfsg-2 [106 kB]
Get:78 http://127.0.0.1:12990/debian sid/main amd64 libldap-common all 2.4.49+dfsg-1 [91.9 kB]
Get:79 http://127.0.0.1:12990/debian sid/main amd64 libldap-2.4-2 amd64 2.4.49+dfsg-1 [226 kB]
Get:80 http://127.0.0.1:12990/debian sid/main amd64 libnghttp2-14 amd64 1.40.0-1 [85.0 kB]
Get:81 http://127.0.0.1:12990/debian sid/main amd64 libpsl5 amd64 0.20.2-2 [53.7 kB]
Get:82 http://127.0.0.1:12990/debian sid/main amd64 librtmp1 amd64 2.4+20151223.gitfa8646d.1-2+b1 [60.8 kB]
Get:83 http://127.0.0.1:12990/debian sid/main amd64 libssh2-1 amd64 1.8.0-2.1 [140 kB]
Get:84 http://127.0.0.1:12990/debian sid/main amd64 libcurl4 amd64 7.68.0-1 [321 kB]
Get:85 http://127.0.0.1:12990/debian sid/main amd64 libjsoncpp1 amd64 1.7.4-3.1 [77.6 kB]
Get:86 http://127.0.0.1:12990/debian sid/main amd64 librhash0 amd64 1.3.9-1 [123 kB]
Get:87 http://127.0.0.1:12990/debian sid/main amd64 libuv1 amd64 1.34.2-1 [127 kB]
Get:88 http://127.0.0.1:12990/debian sid/main amd64 cmake amd64 3.16.3-1 [3673 kB]
Get:89 http://127.0.0.1:12990/debian sid/main amd64 libtool all 2.4.6-13 [513 kB]
Get:90 http://127.0.0.1:12990/debian sid/main amd64 dh-autoreconf all 19 [16.9 kB]
Get:91 http://127.0.0.1:12990/debian sid/main amd64 libdebhelper-perl all 12.9 [183 kB]
Get:92 http://127.0.0.1:12990/debian sid/main amd64 libarchive-zip-perl all 1.67-1 [104 kB]
Get:93 http://127.0.0.1:12990/debian sid/main amd64 libsub-override-perl all 0.09-2 [10.2 kB]
Get:94 http://127.0.0.1:12990/debian sid/main amd64 libfile-stripnondeterminism-perl all 1.6.3-2 [23.7 kB]
Get:95 http://127.0.0.1:12990/debian sid/main amd64 dh-strip-nondeterminism all 1.6.3-2 [14.7 kB]
Get:96 http://127.0.0.1:12990/debian sid/main amd64 libelf1 amd64 0.176-1.1 [161 kB]
Get:97 http://127.0.0.1:12990/debian sid/main amd64 dwz amd64 0.13-5 [151 kB]
Get:98 http://127.0.0.1:12990/debian sid/main amd64 libglib2.0-0 amd64 2.62.4-2 [1319 kB]
Get:99 http://127.0.0.1:12990/debian sid/main amd64 libcroco3 amd64 0.6.13-1 [146 kB]
Get:100 http://127.0.0.1:12990/debian sid/main amd64 gettext amd64 0.19.8.1-10 [1303 kB]
Get:101 http://127.0.0.1:12990/debian sid/main amd64 intltool-debian all 0.35.0+20060710.5 [26.8 kB]
Get:102 http://127.0.0.1:12990/debian sid/main amd64 po-debconf all 1.0.21 [248 kB]
Get:103 http://127.0.0.1:12990/debian sid/main amd64 debhelper all 12.9 [994 kB]
Get:104 http://127.0.0.1:12990/debian sid/main amd64 libdw1 amd64 0.176-1.1 [235 kB]
Get:105 http://127.0.0.1:12990/debian sid/main amd64 libpopt0 amd64 1.16-14 [49.5 kB]
Get:106 http://127.0.0.1:12990/debian sid/main amd64 liblua5.2-0 amd64 5.2.4-1.1+b3 [108 kB]
Get:107 http://127.0.0.1:12990/debian sid/main amd64 libnspr4 amd64 2:4.24-1 [113 kB]
Get:108 http://127.0.0.1:12990/debian sid/main amd64 libnss3 amd64 2:3.50-1 [1190 kB]
Get:109 http://127.0.0.1:12990/debian sid/main amd64 librpmio8 amd64 4.14.2.1+dfsg1-1+b1 [1383 kB]
Get:110 http://127.0.0.1:12990/debian sid/main amd64 debugedit amd64 4.14.2.1+dfsg1-1+b1 [1327 kB]
Get:111 http://127.0.0.1:12990/debian sid/main amd64 libassuan0 amd64 2.5.3-7 [50.4 kB]
Get:112 http://127.0.0.1:12990/debian sid/main amd64 gpgconf amd64 2.2.19-1 [529 kB]
Get:113 http://127.0.0.1:12990/debian sid/main amd64 libksba8 amd64 1.3.5-2 [99.7 kB]
Get:114 http://127.0.0.1:12990/debian sid/main amd64 libnpth0 amd64 1.6-1 [18.4 kB]
Get:115 http://127.0.0.1:12990/debian sid/main amd64 dirmngr amd64 2.2.19-1 [736 kB]
Get:116 http://127.0.0.1:12990/debian sid/main amd64 libgfortran5 amd64 10-20200222-1 [721 kB]
Get:117 http://127.0.0.1:12990/debian sid/main amd64 libgfortran-9-dev amd64 9.2.1-30 [676 kB]
Get:118 http://127.0.0.1:12990/debian sid/main amd64 gfortran-9 amd64 9.2.1-30 [10.4 MB]
Get:119 http://127.0.0.1:12990/debian sid/main amd64 gnupg-l10n all 2.2.19-1 [1040 kB]
Get:120 http://127.0.0.1:12990/debian sid/main amd64 gnupg-utils amd64 2.2.19-1 [884 kB]
Get:121 http://127.0.0.1:12990/debian sid/main amd64 gpg amd64 2.2.19-1 [889 kB]
Get:122 http://127.0.0.1:12990/debian sid/main amd64 pinentry-curses amd64 1.1.0-3+b1 [65.0 kB]
Get:123 http://127.0.0.1:12990/debian sid/main amd64 gpg-agent amd64 2.2.19-1 [638 kB]
Get:124 http://127.0.0.1:12990/debian sid/main amd64 gpg-wks-client amd64 2.2.19-1 [504 kB]
Get:125 http://127.0.0.1:12990/debian sid/main amd64 gpg-wks-server amd64 2.2.19-1 [497 kB]
Get:126 http://127.0.0.1:12990/debian sid/main amd64 gpgsm amd64 2.2.19-1 [624 kB]
Get:127 http://127.0.0.1:12990/debian sid/main amd64 gnupg all 2.2.19-1 [745 kB]
Get:128 http://127.0.0.1:12990/debian sid/main amd64 libnl-3-200 amd64 3.4.0-1+b1 [63.6 kB]
Get:129 http://127.0.0.1:12990/debian sid/main amd64 libnl-route-3-200 amd64 3.4.0-1+b1 [161 kB]
Get:130 http://127.0.0.1:12990/debian sid/main amd64 libibverbs1 amd64 28.0-1 [54.5 kB]
Get:131 http://127.0.0.1:12990/debian sid/main amd64 ibverbs-providers amd64 28.0-1 [234 kB]
Get:132 http://127.0.0.1:12990/debian sid/main amd64 icu-devtools amd64 63.2-2 [189 kB]
Get:133 http://127.0.0.1:12990/debian sid/main amd64 libgpg-error-dev amd64 1.37-1 [127 kB]
Get:134 http://127.0.0.1:12990/debian sid/main amd64 libassuan-dev amd64 2.5.3-7 [109 kB]
Get:135 http://127.0.0.1:12990/debian sid/main amd64 libaugeas0 amd64 1.12.0-1+b1 [340 kB]
Get:136 http://127.0.0.1:12990/debian sid/main amd64 libicu-dev amd64 63.2-2 [9190 kB]
Get:137 http://127.0.0.1:12990/debian sid/main amd64 libxml2-dev amd64 2.9.10+dfsg-3 [805 kB]
Get:138 http://127.0.0.1:12990/debian sid/main amd64 libsepol1-dev amd64 3.0-1 [336 kB]
Get:139 http://127.0.0.1:12990/debian sid/main amd64 libpcre2-16-0 amd64 10.34-7 [219 kB]
Get:140 http://127.0.0.1:12990/debian sid/main amd64 libpcre2-32-0 amd64 10.34-7 [208 kB]
Get:141 http://127.0.0.1:12990/debian sid/main amd64 libpcre2-posix2 amd64 10.34-7 [45.2 kB]
Get:142 http://127.0.0.1:12990/debian sid/main amd64 libpcre2-dev amd64 10.34-7 [709 kB]
Get:143 http://127.0.0.1:12990/debian sid/main amd64 libselinux1-dev amd64 3.0-1+b1 [171 kB]
Get:144 http://127.0.0.1:12990/debian sid/main amd64 libaugeas-dev amd64 1.12.0-1+b1 [369 kB]
Get:145 http://127.0.0.1:12990/debian sid/main amd64 libboost1.67-dev amd64 1.67.0-17 [8389 kB]
Get:146 http://127.0.0.1:12990/debian sid/main amd64 libboost-dev amd64 1.67.0.2+b1 [4496 B]
Get:147 http://127.0.0.1:12990/debian sid/main amd64 libboost1.67-tools-dev amd64 1.67.0-17 [1450 kB]
Get:148 http://127.0.0.1:12990/debian sid/main amd64 libboost-tools-dev amd64 1.67.0.2+b1 [4456 B]
Get:149 http://127.0.0.1:12990/debian sid/main amd64 libboost-atomic1.67.0 amd64 1.67.0-17 [226 kB]
Get:150 http://127.0.0.1:12990/debian sid/main amd64 libboost-atomic1.67-dev amd64 1.67.0-17 [225 kB]
Get:151 http://127.0.0.1:12990/debian sid/main amd64 libboost-atomic-dev amd64 1.67.0.2+b1 [4584 B]
Get:152 http://127.0.0.1:12990/debian sid/main amd64 libboost-system1.67.0 amd64 1.67.0-17 [229 kB]
Get:153 http://127.0.0.1:12990/debian sid/main amd64 libboost-chrono1.67.0 amd64 1.67.0-17 [234 kB]
Get:154 http://127.0.0.1:12990/debian sid/main amd64 libboost-chrono1.67-dev amd64 1.67.0-17 [237 kB]
Get:155 http://127.0.0.1:12990/debian sid/main amd64 libboost-chrono-dev amd64 1.67.0.2+b1 [4900 B]
Get:156 http://127.0.0.1:12990/debian sid/main amd64 libboost-container1.67.0 amd64 1.67.0-17 [255 kB]
Get:157 http://127.0.0.1:12990/debian sid/main amd64 libboost-container1.67-dev amd64 1.67.0-17 [256 kB]
Get:158 http://127.0.0.1:12990/debian sid/main amd64 libboost-container-dev amd64 1.67.0.2+b1 [4756 B]
Get:159 http://127.0.0.1:12990/debian sid/main amd64 libboost-context1.67.0 amd64 1.67.0-17 [228 kB]
Get:160 http://127.0.0.1:12990/debian sid/main amd64 libboost-context1.67-dev amd64 1.67.0-17 [228 kB]
Get:161 http://127.0.0.1:12990/debian sid/main amd64 libboost-context-dev amd64 1.67.0.2+b1 [4480 B]
Get:162 http://127.0.0.1:12990/debian sid/main amd64 libboost-thread1.67.0 amd64 1.67.0-17 [269 kB]
Get:163 http://127.0.0.1:12990/debian sid/main amd64 libboost-coroutine1.67.0 amd64 1.67.0-17 [241 kB]
Get:164 http://127.0.0.1:12990/debian sid/main amd64 libboost-coroutine1.67-dev amd64 1.67.0-17 [243 kB]
Get:165 http://127.0.0.1:12990/debian sid/main amd64 libboost-coroutine-dev amd64 1.67.0.2+b1 [4552 B]
Get:166 http://127.0.0.1:12990/debian sid/main amd64 libboost-date-time1.67.0 amd64 1.67.0-17 [239 kB]
Get:167 http://127.0.0.1:12990/debian sid/main amd64 libboost-serialization1.67.0 amd64 1.67.0-17 [318 kB]
Get:168 http://127.0.0.1:12990/debian sid/main amd64 libboost-serialization1.67-dev amd64 1.67.0-17 [358 kB]
Get:169 http://127.0.0.1:12990/debian sid/main amd64 libboost-date-time1.67-dev amd64 1.67.0-17 [248 kB]
Get:170 http://127.0.0.1:12990/debian sid/main amd64 libboost-date-time-dev amd64 1.67.0.2+b1 [4276 B]
Get:171 http://127.0.0.1:12990/debian sid/main amd64 libboost-exception1.67-dev amd64 1.67.0-17 [225 kB]
Get:172 http://127.0.0.1:12990/debian sid/main amd64 libboost-exception-dev amd64 1.67.0.2+b1 [4264 B]
Get:173 http://127.0.0.1:12990/debian sid/main amd64 libboost-filesystem1.67.0 amd64 1.67.0-17 [260 kB]
Get:174 http://127.0.0.1:12990/debian sid/main amd64 libboost-fiber1.67.0 amd64 1.67.0-17 [333 kB]
Get:175 http://127.0.0.1:12990/debian sid/main amd64 libboost-fiber1.67-dev amd64 1.67.0-17 [345 kB]
Get:176 http://127.0.0.1:12990/debian sid/main amd64 libboost-fiber-dev amd64 1.67.0.2+b1 [4708 B]
Get:177 http://127.0.0.1:12990/debian sid/main amd64 libboost-system1.67-dev amd64 1.67.0-17 [232 kB]
Get:178 http://127.0.0.1:12990/debian sid/main amd64 libboost-filesystem1.67-dev amd64 1.67.0-17 [269 kB]
Get:179 http://127.0.0.1:12990/debian sid/main amd64 libboost-filesystem-dev amd64 1.67.0.2+b1 [4312 B]
Get:180 http://127.0.0.1:12990/debian sid/main amd64 libboost-regex1.67.0 amd64 1.67.0-17 [513 kB]
Get:181 http://127.0.0.1:12990/debian sid/main amd64 libboost-graph1.67.0 amd64 1.67.0-17 [323 kB]
Get:182 http://127.0.0.1:12990/debian sid/main amd64 libboost-test1.67.0 amd64 1.67.0-17 [463 kB]
Get:183 http://127.0.0.1:12990/debian sid/main amd64 libboost-test1.67-dev amd64 1.67.0-17 [516 kB]
Get:184 http://127.0.0.1:12990/debian sid/main amd64 libboost-graph1.67-dev amd64 1.67.0-17 [334 kB]
Get:185 http://127.0.0.1:12990/debian sid/main amd64 libboost-graph-dev amd64 1.67.0.2+b1 [4384 B]
Get:186 http://127.0.0.1:12990/debian sid/main amd64 libevent-2.1-7 amd64 2.1.11-stable-1 [186 kB]
Get:187 http://127.0.0.1:12990/debian sid/main amd64 libevent-core-2.1-7 amd64 2.1.11-stable-1 [137 kB]
Get:188 http://127.0.0.1:12990/debian sid/main amd64 libevent-pthreads-2.1-7 amd64 2.1.11-stable-1 [55.1 kB]
Get:189 http://127.0.0.1:12990/debian sid/main amd64 libpsm-infinipath1 amd64 3.3+20.604758e7-6+b1 [169 kB]
Get:190 http://127.0.0.1:12990/debian sid/main amd64 libnuma1 amd64 2.0.12-1+b1 [26.3 kB]
Get:191 http://127.0.0.1:12990/debian sid/main amd64 libpsm2-2 amd64 11.2.86-1 [177 kB]
Get:192 http://127.0.0.1:12990/debian sid/main amd64 librdmacm1 amd64 28.0-1 [67.1 kB]
Get:193 http://127.0.0.1:12990/debian sid/main amd64 libfabric1 amd64 1.6.2-3+b1 [397 kB]
Get:194 http://127.0.0.1:12990/debian sid/main amd64 libltdl7 amd64 2.4.6-13 [390 kB]
Get:195 http://127.0.0.1:12990/debian sid/main amd64 libhwloc15 amd64 2.1.0+dfsg-3 [139 kB]
Get:196 http://127.0.0.1:12990/debian sid/main amd64 libpciaccess0 amd64 0.14-1 [53.5 kB]
Get:197 http://127.0.0.1:12990/debian sid/main amd64 libxau6 amd64 1:1.0.8-1+b2 [19.9 kB]
Get:198 http://127.0.0.1:12990/debian sid/main amd64 libxdmcp6 amd64 1:1.1.2-3 [26.3 kB]
Get:199 http://127.0.0.1:12990/debian sid/main amd64 libxcb1 amd64 1.13.1-5 [137 kB]
Get:200 http://127.0.0.1:12990/debian sid/main amd64 libx11-data all 2:1.6.8-1 [298 kB]
Get:201 http://127.0.0.1:12990/debian sid/main amd64 libx11-6 amd64 2:1.6.8-1 [756 kB]
Get:202 http://127.0.0.1:12990/debian sid/main amd64 libxext6 amd64 2:1.3.3-1+b2 [52.5 kB]
Get:203 http://127.0.0.1:12990/debian sid/main amd64 libxnvctrl0 amd64 440.59-1 [26.2 kB]
Get:204 http://127.0.0.1:12990/debian sid/main amd64 ocl-icd-libopencl1 amd64 2.2.12-3 [37.7 kB]
Get:205 http://127.0.0.1:12990/debian sid/main amd64 libhwloc-plugins amd64 2.1.0+dfsg-3 [19.9 kB]
Get:206 http://127.0.0.1:12990/debian sid/main amd64 libpmix2 amd64 3.1.4-1+b1 [431 kB]
Get:207 http://127.0.0.1:12990/debian sid/main amd64 libopenmpi3 amd64 4.0.2-5 [1993 kB]
Get:208 http://127.0.0.1:12990/debian sid/main amd64 libboost-mpi1.67.0 amd64 1.67.0-17 [272 kB]
Get:209 http://127.0.0.1:12990/debian sid/main amd64 libboost-graph-parallel1.67.0 amd64 1.67.0-17 [287 kB]
Get:210 http://127.0.0.1:12990/debian sid/main amd64 libboost-graph-parallel1.67-dev amd64 1.67.0-17 [290 kB]
Get:211 http://127.0.0.1:12990/debian sid/main amd64 libboost-graph-parallel-dev amd64 1.67.0.2+b1 [4404 B]
Get:212 http://127.0.0.1:12990/debian sid/main amd64 libboost-regex1.67-dev amd64 1.67.0-17 [567 kB]
Get:213 http://127.0.0.1:12990/debian sid/main amd64 libboost-iostreams1.67.0 amd64 1.67.0-17 [250 kB]
Get:214 http://127.0.0.1:12990/debian sid/main amd64 libboost-iostreams1.67-dev amd64 1.67.0-17 [256 kB]
Get:215 http://127.0.0.1:12990/debian sid/main amd64 libboost-iostreams-dev amd64 1.67.0.2+b1 [4260 B]
Get:216 http://127.0.0.1:12990/debian sid/main amd64 libboost-locale1.67.0 amd64 1.67.0-17 [467 kB]
Get:217 http://127.0.0.1:12990/debian sid/main amd64 libboost-locale1.67-dev amd64 1.67.0-17 [558 kB]
Get:218 http://127.0.0.1:12990/debian sid/main amd64 libboost-locale-dev amd64 1.67.0.2+b1 [4608 B]
Get:219 http://127.0.0.1:12990/debian sid/main amd64 libboost-log1.67.0 amd64 1.67.0-17 [616 kB]
Get:220 http://127.0.0.1:12990/debian sid/main amd64 libboost-thread1.67-dev amd64 1.67.0-17 [271 kB]
Get:221 http://127.0.0.1:12990/debian sid/main amd64 libboost-log1.67-dev amd64 1.67.0-17 [790 kB]
Get:222 http://127.0.0.1:12990/debian sid/main amd64 libboost-log-dev amd64 1.67.0.2+b1 [4480 B]
Get:223 http://127.0.0.1:12990/debian sid/main amd64 libboost-math1.67.0 amd64 1.67.0-17 [515 kB]
Get:224 http://127.0.0.1:12990/debian sid/main amd64 libboost-math1.67-dev amd64 1.67.0-17 [764 kB]
Get:225 http://127.0.0.1:12990/debian sid/main amd64 libboost-math-dev amd64 1.67.0.2+b1 [4480 B]
Get:226 http://127.0.0.1:12990/debian sid/main amd64 openmpi-common all 4.0.2-5 [169 kB]
Get:227 http://127.0.0.1:12990/debian sid/main amd64 libnl-3-dev amd64 3.4.0-1+b1 [102 kB]
Get:228 http://127.0.0.1:12990/debian sid/main amd64 libnl-route-3-dev amd64 3.4.0-1+b1 [176 kB]
Get:229 http://127.0.0.1:12990/debian sid/main amd64 libibverbs-dev amd64 28.0-1 [444 kB]
Get:230 http://127.0.0.1:12990/debian sid/main amd64 libnuma-dev amd64 2.0.12-1+b1 [39.3 kB]
Get:231 http://127.0.0.1:12990/debian sid/main amd64 libltdl-dev amd64 2.4.6-13 [162 kB]
Get:232 http://127.0.0.1:12990/debian sid/main amd64 libhwloc-dev amd64 2.1.0+dfsg-3 [210 kB]
Get:233 http://127.0.0.1:12990/debian sid/main amd64 libevent-extra-2.1-7 amd64 2.1.11-stable-1 [108 kB]
Get:234 http://127.0.0.1:12990/debian sid/main amd64 libevent-openssl-2.1-7 amd64 2.1.11-stable-1 [62.0 kB]
Get:235 http://127.0.0.1:12990/debian sid/main amd64 libevent-dev amd64 2.1.11-stable-1 [309 kB]
Get:236 http://127.0.0.1:12990/debian sid/main amd64 openmpi-bin amd64 4.0.2-5 [186 kB]
Get:237 http://127.0.0.1:12990/debian sid/main amd64 libopenmpi-dev amd64 4.0.2-5 [915 kB]
Get:238 http://127.0.0.1:12990/debian sid/main amd64 mpi-default-dev amd64 1.13 [5476 B]
Get:239 http://127.0.0.1:12990/debian sid/main amd64 libboost-mpi1.67-dev amd64 1.67.0-17 [382 kB]
Get:240 http://127.0.0.1:12990/debian sid/main amd64 libboost-mpi-dev amd64 1.67.0.2+b1 [4364 B]
Get:241 http://127.0.0.1:12990/debian sid/main amd64 libboost-python1.67.0 amd64 1.67.0-17 [369 kB]
Get:242 http://127.0.0.1:12990/debian sid/main amd64 mpi-default-bin amd64 1.13 [4672 B]
Get:243 http://127.0.0.1:12990/debian sid/main amd64 libboost-mpi-python1.67.0 amd64 1.67.0-17 [519 kB]
Get:244 http://127.0.0.1:12990/debian sid/main amd64 libboost-mpi-python1.67-dev amd64 1.67.0-17 [251 kB]
Get:245 http://127.0.0.1:12990/debian sid/main amd64 libboost-mpi-python-dev amd64 1.67.0.2+b1 [4392 B]
Get:246 http://127.0.0.1:12990/debian sid/main amd64 libboost-numpy1.67.0 amd64 1.67.0-17 [243 kB]
Get:247 http://127.0.0.1:12990/debian sid/main amd64 libboost-numpy1.67-dev amd64 1.67.0-17 [245 kB]
Get:248 http://127.0.0.1:12990/debian sid/main amd64 libboost-numpy-dev amd64 1.67.0.2+b1 [4320 B]
Get:249 http://127.0.0.1:12990/debian sid/main amd64 libboost-program-options1.67.0 amd64 1.67.0-17 [356 kB]
Get:250 http://127.0.0.1:12990/debian sid/main amd64 libboost-program-options1.67-dev amd64 1.67.0-17 [381 kB]
Get:251 http://127.0.0.1:12990/debian sid/main amd64 libboost-program-options-dev amd64 1.67.0.2+b1 [4288 B]
Get:252 http://127.0.0.1:12990/debian sid/main amd64 libpython2.7 amd64 2.7.17-1+b1 [1035 kB]
Get:253 http://127.0.0.1:12990/debian sid/main amd64 libexpat1-dev amd64 2.2.9-1 [136 kB]
Get:254 http://127.0.0.1:12990/debian sid/main amd64 libpython2.7-dev amd64 2.7.17-1+b1 [27.1 MB]
Get:255 http://127.0.0.1:12990/debian sid/main amd64 libpython2-dev amd64 2.7.17-2 [21.0 kB]
Get:256 http://127.0.0.1:12990/debian sid/main amd64 libpython-dev amd64 2.7.17-2 [21.0 kB]
Get:257 http://127.0.0.1:12990/debian sid/main amd64 python2.7-dev amd64 2.7.17-1+b1 [292 kB]
Get:258 http://127.0.0.1:12990/debian sid/main amd64 python2-dev amd64 2.7.17-2 [1220 B]
Get:259 http://127.0.0.1:12990/debian sid/main amd64 python-dev amd64 2.7.17-2 [1196 B]
Get:260 http://127.0.0.1:12990/debian sid/main amd64 libpython3.7 amd64 3.7.6-1+b1 [1484 kB]
Get:261 http://127.0.0.1:12990/debian sid/main amd64 libpython3.7-dev amd64 3.7.6-1+b1 [41.4 MB]
Get:262 http://127.0.0.1:12990/debian sid/main amd64 libpython3-dev amd64 3.7.5-3 [20.3 kB]
Get:263 http://127.0.0.1:12990/debian sid/main amd64 zlib1g-dev amd64 1:1.2.11.dfsg-2 [190 kB]
Get:264 http://127.0.0.1:12990/debian sid/main amd64 python3.7-dev amd64 3.7.6-1+b1 [518 kB]
Get:265 http://127.0.0.1:12990/debian sid/main amd64 python3-lib2to3 all 3.8.0-1 [78.3 kB]
Get:266 http://127.0.0.1:12990/debian sid/main amd64 python3-distutils all 3.8.0-1 [145 kB]
Get:267 http://127.0.0.1:12990/debian sid/main amd64 python3-dev amd64 3.7.5-3 [1260 B]
Get:268 http://127.0.0.1:12990/debian sid/main amd64 libboost-python1.67-dev amd64 1.67.0-17 [380 kB]
Get:269 http://127.0.0.1:12990/debian sid/main amd64 libboost-python-dev amd64 1.67.0.2+b1 [4576 B]
Get:270 http://127.0.0.1:12990/debian sid/main amd64 libboost-random1.67.0 amd64 1.67.0-17 [233 kB]
Get:271 http://127.0.0.1:12990/debian sid/main amd64 libboost-random1.67-dev amd64 1.67.0-17 [233 kB]
Get:272 http://127.0.0.1:12990/debian sid/main amd64 libboost-random-dev amd64 1.67.0.2+b1 [4280 B]
Get:273 http://127.0.0.1:12990/debian sid/main amd64 libboost-regex-dev amd64 1.67.0.2+b1 [4544 B]
Get:274 http://127.0.0.1:12990/debian sid/main amd64 libboost-serialization-dev amd64 1.67.0.2+b1 [4500 B]
Get:275 http://127.0.0.1:12990/debian sid/main amd64 libboost-signals1.67.0 amd64 1.67.0-17 [250 kB]
Get:276 http://127.0.0.1:12990/debian sid/main amd64 libboost-signals1.67-dev amd64 1.67.0-17 [254 kB]
Get:277 http://127.0.0.1:12990/debian sid/main amd64 libboost-signals-dev amd64 1.67.0.2+b1 [4344 B]
Get:278 http://127.0.0.1:12990/debian sid/main amd64 libboost-stacktrace1.67.0 amd64 1.67.0-17 [266 kB]
Get:279 http://127.0.0.1:12990/debian sid/main amd64 libboost-stacktrace1.67-dev amd64 1.67.0-17 [244 kB]
Get:280 http://127.0.0.1:12990/debian sid/main amd64 libboost-stacktrace-dev amd64 1.67.0.2+b1 [4272 B]
Get:281 http://127.0.0.1:12990/debian sid/main amd64 libboost-system-dev amd64 1.67.0.2+b1 [4416 B]
Get:282 http://127.0.0.1:12990/debian sid/main amd64 libboost-test-dev amd64 1.67.0.2+b1 [4312 B]
Get:283 http://127.0.0.1:12990/debian sid/main amd64 libboost-thread-dev amd64 1.67.0.2+b1 [4308 B]
Get:284 http://127.0.0.1:12990/debian sid/main amd64 libboost-timer1.67.0 amd64 1.67.0-17 [231 kB]
Get:285 http://127.0.0.1:12990/debian sid/main amd64 libboost-timer1.67-dev amd64 1.67.0-17 [231 kB]
Get:286 http://127.0.0.1:12990/debian sid/main amd64 libboost-timer-dev amd64 1.67.0.2+b1 [4404 B]
Get:287 http://127.0.0.1:12990/debian sid/main amd64 libboost-type-erasure1.67.0 amd64 1.67.0-17 [240 kB]
Get:288 http://127.0.0.1:12990/debian sid/main amd64 libboost-type-erasure1.67-dev amd64 1.67.0-17 [240 kB]
Get:289 http://127.0.0.1:12990/debian sid/main amd64 libboost-type-erasure-dev amd64 1.67.0.2+b1 [4368 B]
Get:290 http://127.0.0.1:12990/debian sid/main amd64 libboost-wave1.67.0 amd64 1.67.0-17 [441 kB]
Get:291 http://127.0.0.1:12990/debian sid/main amd64 libboost-wave1.67-dev amd64 1.67.0-17 [466 kB]
Get:292 http://127.0.0.1:12990/debian sid/main amd64 libboost-wave-dev amd64 1.67.0.2+b1 [4308 B]
Get:293 http://127.0.0.1:12990/debian sid/main amd64 libboost-all-dev amd64 1.67.0.2+b1 [4620 B]
Get:294 http://127.0.0.1:12990/debian sid/main amd64 libbz2-dev amd64 1.0.8-2 [30.1 kB]
Get:295 http://127.0.0.1:12990/debian sid/main amd64 libcap2 amd64 1:2.32-1 [20.4 kB]
Get:296 http://127.0.0.1:12990/debian sid/main amd64 libcurl4-openssl-dev amd64 7.68.0-1 [410 kB]
Get:297 http://127.0.0.1:12990/debian sid/main amd64 libdb5.3-dev amd64 5.3.28+dfsg1-0.6 [761 kB]
Get:298 http://127.0.0.1:12990/debian sid/main amd64 libdb-dev amd64 5.3.1+nmu1 [2500 B]
Get:299 http://127.0.0.1:12990/debian sid/main amd64 libdbus-1-3 amd64 1.12.16-2 [214 kB]
Get:300 http://127.0.0.1:12990/debian sid/main amd64 libgpgme11 amd64 1.13.1-6 [274 kB]
Get:301 http://127.0.0.1:12990/debian sid/main amd64 libgpgme-dev amd64 1.13.1-6 [482 kB]
Get:302 http://127.0.0.1:12990/debian sid/main amd64 libncurses-dev amd64 6.1+20191019-1 [337 kB]
Get:303 http://127.0.0.1:12990/debian sid/main amd64 libpopt-dev amd64 1.16-14 [57.2 kB]
Get:304 http://127.0.0.1:12990/debian sid/main amd64 libproxy1v5 amd64 0.4.15-9 [58.0 kB]
Get:305 http://127.0.0.1:12990/debian sid/main amd64 libproxy-dev amd64 0.4.15-9 [13.5 kB]
Get:306 http://127.0.0.1:12990/debian sid/main amd64 libreadline-dev amd64 8.0-3 [140 kB]
Get:307 http://127.0.0.1:12990/debian sid/main amd64 librpm8 amd64 4.14.2.1+dfsg1-1+b1 [1484 kB]
Get:308 http://127.0.0.1:12990/debian sid/main amd64 librpmbuild8 amd64 4.14.2.1+dfsg1-1+b1 [1379 kB]
Get:309 http://127.0.0.1:12990/debian sid/main amd64 librpmsign8 amd64 4.14.2.1+dfsg1-1+b1 [1316 kB]
Get:310 http://127.0.0.1:12990/debian sid/main amd64 libsqlite3-dev amd64 3.31.1-3 [810 kB]
Get:311 http://127.0.0.1:12990/debian sid/main amd64 librpm-dev amd64 4.14.2.1+dfsg1-1+b1 [1365 kB]
Get:312 http://127.0.0.1:12990/debian sid/main amd64 libsolv0 amd64 0.6.36-2 [262 kB]
Get:313 http://127.0.0.1:12990/debian sid/main amd64 libsolvext0 amd64 0.6.36-2 [118 kB]
Get:314 http://127.0.0.1:12990/debian sid/main amd64 libsolv-tools amd64 0.6.36-2 [121 kB]
Get:315 http://127.0.0.1:12990/debian sid/main amd64 libsolvext0-dev amd64 0.6.36-2 [15.7 kB]
Get:316 http://127.0.0.1:12990/debian sid/main amd64 libsolv0-dev amd64 0.6.36-2 [37.3 kB]
Get:317 http://127.0.0.1:12990/debian sid/main amd64 libssl-dev amd64 1.1.1d-2 [1797 kB]
Get:318 http://127.0.0.1:12990/debian sid/main amd64 libudev-dev amd64 244.3-1 [114 kB]
Get:319 http://127.0.0.1:12990/debian sid/main amd64 rpm-common amd64 4.14.2.1+dfsg1-1+b1 [1337 kB]
Get:320 http://127.0.0.1:12990/debian sid/main amd64 rpm2cpio amd64 4.14.2.1+dfsg1-1+b1 [1316 kB]
Get:321 http://127.0.0.1:12990/debian sid/main amd64 rpm amd64 4.14.2.1+dfsg1-1+b1 [1426 kB]
Get:322 http://127.0.0.1:12990/debian sid/main amd64 libzypp1702 amd64 17.7.0-1+b1 [1497 kB]
Get:323 http://127.0.0.1:12990/debian sid/main amd64 libzypp-dev amd64 17.7.0-1+b1 [298 kB]
debconf: delaying package configuration, since apt-utils is not installed
Fetched 211 MB in 3s (82.2 MB/s)
Selecting previously unselected package bsdmainutils.
(Reading database ... 12960 files and directories currently installed.)
Preparing to unpack .../00-bsdmainutils_11.1.2+b1_amd64.deb ...
Unpacking bsdmainutils (11.1.2+b1) ...
Selecting previously unselected package libuchardet0:amd64.
Preparing to unpack .../01-libuchardet0_0.0.6-3_amd64.deb ...
Unpacking libuchardet0:amd64 (0.0.6-3) ...
Selecting previously unselected package groff-base.
Preparing to unpack .../02-groff-base_1.22.4-4_amd64.deb ...
Unpacking groff-base (1.22.4-4) ...
Selecting previously unselected package libpipeline1:amd64.
Preparing to unpack .../03-libpipeline1_1.5.2-2_amd64.deb ...
Unpacking libpipeline1:amd64 (1.5.2-2) ...
Selecting previously unselected package man-db.
Preparing to unpack .../04-man-db_2.9.0-2_amd64.deb ...
Unpacking man-db (2.9.0-2) ...
Selecting previously unselected package libpython2.7-minimal:amd64.
Preparing to unpack .../05-libpython2.7-minimal_2.7.17-1+b1_amd64.deb ...
Unpacking libpython2.7-minimal:amd64 (2.7.17-1+b1) ...
Selecting previously unselected package python2.7-minimal.
Preparing to unpack .../06-python2.7-minimal_2.7.17-1+b1_amd64.deb ...
Unpacking python2.7-minimal (2.7.17-1+b1) ...
Selecting previously unselected package python2-minimal.
Preparing to unpack .../07-python2-minimal_2.7.17-2_amd64.deb ...
Unpacking python2-minimal (2.7.17-2) ...
Selecting previously unselected package python-minimal.
Preparing to unpack .../08-python-minimal_2.7.17-2_amd64.deb ...
Unpacking python-minimal (2.7.17-2) ...
Selecting previously unselected package libssl1.1:amd64.
Preparing to unpack .../09-libssl1.1_1.1.1d-2_amd64.deb ...
Unpacking libssl1.1:amd64 (1.1.1d-2) ...
Selecting previously unselected package mime-support.
Preparing to unpack .../10-mime-support_3.64_all.deb ...
Unpacking mime-support (3.64) ...
Selecting previously unselected package libexpat1:amd64.
Preparing to unpack .../11-libexpat1_2.2.9-1_amd64.deb ...
Unpacking libexpat1:amd64 (2.2.9-1) ...
Selecting previously unselected package readline-common.
Preparing to unpack .../12-readline-common_8.0-3_all.deb ...
Unpacking readline-common (8.0-3) ...
Selecting previously unselected package libreadline8:amd64.
Preparing to unpack .../13-libreadline8_8.0-3_amd64.deb ...
Unpacking libreadline8:amd64 (8.0-3) ...
Selecting previously unselected package libsqlite3-0:amd64.
Preparing to unpack .../14-libsqlite3-0_3.31.1-3_amd64.deb ...
Unpacking libsqlite3-0:amd64 (3.31.1-3) ...
Selecting previously unselected package libpython2.7-stdlib:amd64.
Preparing to unpack .../15-libpython2.7-stdlib_2.7.17-1+b1_amd64.deb ...
Unpacking libpython2.7-stdlib:amd64 (2.7.17-1+b1) ...
Selecting previously unselected package python2.7.
Preparing to unpack .../16-python2.7_2.7.17-1+b1_amd64.deb ...
Unpacking python2.7 (2.7.17-1+b1) ...
Selecting previously unselected package libpython2-stdlib:amd64.
Preparing to unpack .../17-libpython2-stdlib_2.7.17-2_amd64.deb ...
Unpacking libpython2-stdlib:amd64 (2.7.17-2) ...
Selecting previously unselected package libpython-stdlib:amd64.
Preparing to unpack .../18-libpython-stdlib_2.7.17-2_amd64.deb ...
Unpacking libpython-stdlib:amd64 (2.7.17-2) ...
Setting up libpython2.7-minimal:amd64 (2.7.17-1+b1) ...
Setting up python2.7-minimal (2.7.17-1+b1) ...
Setting up python2-minimal (2.7.17-2) ...
Selecting previously unselected package python2.
(Reading database ... 14446 files and directories currently installed.)
Preparing to unpack .../python2_2.7.17-2_amd64.deb ...
Unpacking python2 (2.7.17-2) ...
Setting up python-minimal (2.7.17-2) ...
Selecting previously unselected package python.
(Reading database ... 14479 files and directories currently installed.)
Preparing to unpack .../python_2.7.17-2_amd64.deb ...
Unpacking python (2.7.17-2) ...
Selecting previously unselected package libpython3.7-minimal:amd64.
Preparing to unpack .../libpython3.7-minimal_3.7.6-1+b1_amd64.deb ...
Unpacking libpython3.7-minimal:amd64 (3.7.6-1+b1) ...
Selecting previously unselected package python3.7-minimal.
Preparing to unpack .../python3.7-minimal_3.7.6-1+b1_amd64.deb ...
Unpacking python3.7-minimal (3.7.6-1+b1) ...
Setting up libssl1.1:amd64 (1.1.1d-2) ...
Setting up libpython3.7-minimal:amd64 (3.7.6-1+b1) ...
Setting up libexpat1:amd64 (2.2.9-1) ...
Setting up python3.7-minimal (3.7.6-1+b1) ...
Selecting previously unselected package python3-minimal.
(Reading database ... 14735 files and directories currently installed.)
Preparing to unpack .../python3-minimal_3.7.5-3_amd64.deb ...
Unpacking python3-minimal (3.7.5-3) ...
Selecting previously unselected package libmpdec2:amd64.
Preparing to unpack .../libmpdec2_2.4.2-2_amd64.deb ...
Unpacking libmpdec2:amd64 (2.4.2-2) ...
Selecting previously unselected package libpython3.7-stdlib:amd64.
Preparing to unpack .../libpython3.7-stdlib_3.7.6-1+b1_amd64.deb ...
Unpacking libpython3.7-stdlib:amd64 (3.7.6-1+b1) ...
Selecting previously unselected package python3.7.
Preparing to unpack .../python3.7_3.7.6-1+b1_amd64.deb ...
Unpacking python3.7 (3.7.6-1+b1) ...
Selecting previously unselected package libpython3-stdlib:amd64.
Preparing to unpack .../libpython3-stdlib_3.7.5-3_amd64.deb ...
Unpacking libpython3-stdlib:amd64 (3.7.5-3) ...
Setting up python3-minimal (3.7.5-3) ...
Selecting previously unselected package python3.
(Reading database ... 15149 files and directories currently installed.)
Preparing to unpack .../000-python3_3.7.5-3_amd64.deb ...
Unpacking python3 (3.7.5-3) ...
Selecting previously unselected package libncurses6:amd64.
Preparing to unpack .../001-libncurses6_6.1+20191019-1_amd64.deb ...
Unpacking libncurses6:amd64 (6.1+20191019-1) ...
Selecting previously unselected package libprocps8:amd64.
Preparing to unpack .../002-libprocps8_2%3a3.3.16-1+b1_amd64.deb ...
Unpacking libprocps8:amd64 (2:3.3.16-1+b1) ...
Selecting previously unselected package procps.
Preparing to unpack .../003-procps_2%3a3.3.16-1+b1_amd64.deb ...
Unpacking procps (2:3.3.16-1+b1) ...
Selecting previously unselected package sensible-utils.
Preparing to unpack .../004-sensible-utils_0.0.12+nmu1_all.deb ...
Unpacking sensible-utils (0.0.12+nmu1) ...
Selecting previously unselected package libmagic-mgc.
Preparing to unpack .../005-libmagic-mgc_1%3a5.38-4_amd64.deb ...
Unpacking libmagic-mgc (1:5.38-4) ...
Selecting previously unselected package libmagic1:amd64.
Preparing to unpack .../006-libmagic1_1%3a5.38-4_amd64.deb ...
Unpacking libmagic1:amd64 (1:5.38-4) ...
Selecting previously unselected package file.
Preparing to unpack .../007-file_1%3a5.38-4_amd64.deb ...
Unpacking file (1:5.38-4) ...
Selecting previously unselected package gettext-base.
Preparing to unpack .../008-gettext-base_0.19.8.1-10_amd64.deb ...
Unpacking gettext-base (0.19.8.1-10) ...
Selecting previously unselected package libcbor0:amd64.
Preparing to unpack .../009-libcbor0_0.5.0+dfsg-2_amd64.deb ...
Unpacking libcbor0:amd64 (0.5.0+dfsg-2) ...
Selecting previously unselected package libfido2-1:amd64.
Preparing to unpack .../010-libfido2-1_1.3.1-1_amd64.deb ...
Unpacking libfido2-1:amd64 (1.3.1-1) ...
Selecting previously unselected package libkeyutils1:amd64.
Preparing to unpack .../011-libkeyutils1_1.6.1-2_amd64.deb ...
Unpacking libkeyutils1:amd64 (1.6.1-2) ...
Selecting previously unselected package libkrb5support0:amd64.
Preparing to unpack .../012-libkrb5support0_1.17-6_amd64.deb ...
Unpacking libkrb5support0:amd64 (1.17-6) ...
Selecting previously unselected package libk5crypto3:amd64.
Preparing to unpack .../013-libk5crypto3_1.17-6_amd64.deb ...
Unpacking libk5crypto3:amd64 (1.17-6) ...
Selecting previously unselected package libkrb5-3:amd64.
Preparing to unpack .../014-libkrb5-3_1.17-6_amd64.deb ...
Unpacking libkrb5-3:amd64 (1.17-6) ...
Selecting previously unselected package libgssapi-krb5-2:amd64.
Preparing to unpack .../015-libgssapi-krb5-2_1.17-6_amd64.deb ...
Unpacking libgssapi-krb5-2:amd64 (1.17-6) ...
Selecting previously unselected package openssh-client.
Preparing to unpack .../016-openssh-client_1%3a8.2p1-3_amd64.deb ...
Unpacking openssh-client (1:8.2p1-3) ...
Selecting previously unselected package openssl.
Preparing to unpack .../017-openssl_1.1.1d-2_amd64.deb ...
Unpacking openssl (1.1.1d-2) ...
Selecting previously unselected package ca-certificates.
Preparing to unpack .../018-ca-certificates_20190110_all.deb ...
Unpacking ca-certificates (20190110) ...
Selecting previously unselected package rubygems-integration.
Preparing to unpack .../019-rubygems-integration_1.16_all.deb ...
Unpacking rubygems-integration (1.16) ...
Selecting previously unselected package rake.
Preparing to unpack .../020-rake_13.0.1-2_all.deb ...
Unpacking rake (13.0.1-2) ...
Selecting previously unselected package ruby-did-you-mean.
Preparing to unpack .../021-ruby-did-you-mean_1.2.1-1_all.deb ...
Unpacking ruby-did-you-mean (1.2.1-1) ...
Selecting previously unselected package ruby-minitest.
Preparing to unpack .../022-ruby-minitest_5.13.0-1_all.deb ...
Unpacking ruby-minitest (5.13.0-1) ...
Selecting previously unselected package ruby-net-telnet.
Preparing to unpack .../023-ruby-net-telnet_0.1.1-2_all.deb ...
Unpacking ruby-net-telnet (0.1.1-2) ...
Selecting previously unselected package ruby-power-assert.
Preparing to unpack .../024-ruby-power-assert_1.1.5-1_all.deb ...
Unpacking ruby-power-assert (1.1.5-1) ...
Selecting previously unselected package ruby-test-unit.
Preparing to unpack .../025-ruby-test-unit_3.3.4-1_all.deb ...
Unpacking ruby-test-unit (3.3.4-1) ...
Selecting previously unselected package ruby-xmlrpc.
Preparing to unpack .../026-ruby-xmlrpc_0.3.0-2_all.deb ...
Unpacking ruby-xmlrpc (0.3.0-2) ...
Selecting previously unselected package libyaml-0-2:amd64.
Preparing to unpack .../027-libyaml-0-2_0.2.2-1_amd64.deb ...
Unpacking libyaml-0-2:amd64 (0.2.2-1) ...
Selecting previously unselected package libruby2.5:amd64.
Preparing to unpack .../028-libruby2.5_2.5.7-1+b1_amd64.deb ...
Unpacking libruby2.5:amd64 (2.5.7-1+b1) ...
Selecting previously unselected package ruby2.5.
Preparing to unpack .../029-ruby2.5_2.5.7-1+b1_amd64.deb ...
Unpacking ruby2.5 (2.5.7-1+b1) ...
Selecting previously unselected package ruby.
Preparing to unpack .../030-ruby_1%3a2.5.7.1_amd64.deb ...
Unpacking ruby (1:2.5.7.1) ...
Selecting previously unselected package ruby-asciidoctor.
Preparing to unpack .../031-ruby-asciidoctor_2.0.10-2_all.deb ...
Unpacking ruby-asciidoctor (2.0.10-2) ...
Selecting previously unselected package asciidoctor.
Preparing to unpack .../032-asciidoctor_2.0.10-2_all.deb ...
Unpacking asciidoctor (2.0.10-2) ...
Selecting previously unselected package augeas-lenses.
Preparing to unpack .../033-augeas-lenses_1.12.0-1_all.deb ...
Unpacking augeas-lenses (1.12.0-1) ...
Selecting previously unselected package libsigsegv2:amd64.
Preparing to unpack .../034-libsigsegv2_2.12-2_amd64.deb ...
Unpacking libsigsegv2:amd64 (2.12-2) ...
Selecting previously unselected package m4.
Preparing to unpack .../035-m4_1.4.18-4_amd64.deb ...
Unpacking m4 (1.4.18-4) ...
Selecting previously unselected package autoconf.
Preparing to unpack .../036-autoconf_2.69-11.1_all.deb ...
Unpacking autoconf (2.69-11.1) ...
Selecting previously unselected package autotools-dev.
Preparing to unpack .../037-autotools-dev_20180224.1_all.deb ...
Unpacking autotools-dev (20180224.1) ...
Selecting previously unselected package automake.
Preparing to unpack .../038-automake_1%3a1.16.1-4_all.deb ...
Unpacking automake (1:1.16.1-4) ...
Selecting previously unselected package autopoint.
Preparing to unpack .../039-autopoint_0.19.8.1-10_all.deb ...
Unpacking autopoint (0.19.8.1-10) ...
Selecting previously unselected package cdbs.
Preparing to unpack .../040-cdbs_0.4.159_all.deb ...
Unpacking cdbs (0.4.159) ...
Selecting previously unselected package cmake-data.
Preparing to unpack .../041-cmake-data_3.16.3-1_all.deb ...
Unpacking cmake-data (3.16.3-1) ...
Selecting previously unselected package libicu63:amd64.
Preparing to unpack .../042-libicu63_63.2-2_amd64.deb ...
Unpacking libicu63:amd64 (63.2-2) ...
Selecting previously unselected package libxml2:amd64.
Preparing to unpack .../043-libxml2_2.9.10+dfsg-3_amd64.deb ...
Unpacking libxml2:amd64 (2.9.10+dfsg-3) ...
Selecting previously unselected package libarchive13:amd64.
Preparing to unpack .../044-libarchive13_3.4.0-1+b1_amd64.deb ...
Unpacking libarchive13:amd64 (3.4.0-1+b1) ...
Selecting previously unselected package libbrotli1:amd64.
Preparing to unpack .../045-libbrotli1_1.0.7-6_amd64.deb ...
Unpacking libbrotli1:amd64 (1.0.7-6) ...
Selecting previously unselected package libsasl2-modules-db:amd64.
Preparing to unpack .../046-libsasl2-modules-db_2.1.27+dfsg-2_amd64.deb ...
Unpacking libsasl2-modules-db:amd64 (2.1.27+dfsg-2) ...
Selecting previously unselected package libsasl2-2:amd64.
Preparing to unpack .../047-libsasl2-2_2.1.27+dfsg-2_amd64.deb ...
Unpacking libsasl2-2:amd64 (2.1.27+dfsg-2) ...
Selecting previously unselected package libldap-common.
Preparing to unpack .../048-libldap-common_2.4.49+dfsg-1_all.deb ...
Unpacking libldap-common (2.4.49+dfsg-1) ...
Selecting previously unselected package libldap-2.4-2:amd64.
Preparing to unpack .../049-libldap-2.4-2_2.4.49+dfsg-1_amd64.deb ...
Unpacking libldap-2.4-2:amd64 (2.4.49+dfsg-1) ...
Selecting previously unselected package libnghttp2-14:amd64.
Preparing to unpack .../050-libnghttp2-14_1.40.0-1_amd64.deb ...
Unpacking libnghttp2-14:amd64 (1.40.0-1) ...
Selecting previously unselected package libpsl5:amd64.
Preparing to unpack .../051-libpsl5_0.20.2-2_amd64.deb ...
Unpacking libpsl5:amd64 (0.20.2-2) ...
Selecting previously unselected package librtmp1:amd64.
Preparing to unpack .../052-librtmp1_2.4+20151223.gitfa8646d.1-2+b1_amd64.deb ...
Unpacking librtmp1:amd64 (2.4+20151223.gitfa8646d.1-2+b1) ...
Selecting previously unselected package libssh2-1:amd64.
Preparing to unpack .../053-libssh2-1_1.8.0-2.1_amd64.deb ...
Unpacking libssh2-1:amd64 (1.8.0-2.1) ...
Selecting previously unselected package libcurl4:amd64.
Preparing to unpack .../054-libcurl4_7.68.0-1_amd64.deb ...
Unpacking libcurl4:amd64 (7.68.0-1) ...
Selecting previously unselected package libjsoncpp1:amd64.
Preparing to unpack .../055-libjsoncpp1_1.7.4-3.1_amd64.deb ...
Unpacking libjsoncpp1:amd64 (1.7.4-3.1) ...
Selecting previously unselected package librhash0:amd64.
Preparing to unpack .../056-librhash0_1.3.9-1_amd64.deb ...
Unpacking librhash0:amd64 (1.3.9-1) ...
Selecting previously unselected package libuv1:amd64.
Preparing to unpack .../057-libuv1_1.34.2-1_amd64.deb ...
Unpacking libuv1:amd64 (1.34.2-1) ...
Selecting previously unselected package cmake.
Preparing to unpack .../058-cmake_3.16.3-1_amd64.deb ...
Unpacking cmake (3.16.3-1) ...
Selecting previously unselected package libtool.
Preparing to unpack .../059-libtool_2.4.6-13_all.deb ...
Unpacking libtool (2.4.6-13) ...
Selecting previously unselected package dh-autoreconf.
Preparing to unpack .../060-dh-autoreconf_19_all.deb ...
Unpacking dh-autoreconf (19) ...
Selecting previously unselected package libdebhelper-perl.
Preparing to unpack .../061-libdebhelper-perl_12.9_all.deb ...
Unpacking libdebhelper-perl (12.9) ...
Selecting previously unselected package libarchive-zip-perl.
Preparing to unpack .../062-libarchive-zip-perl_1.67-1_all.deb ...
Unpacking libarchive-zip-perl (1.67-1) ...
Selecting previously unselected package libsub-override-perl.
Preparing to unpack .../063-libsub-override-perl_0.09-2_all.deb ...
Unpacking libsub-override-perl (0.09-2) ...
Selecting previously unselected package libfile-stripnondeterminism-perl.
Preparing to unpack .../064-libfile-stripnondeterminism-perl_1.6.3-2_all.deb ...
Unpacking libfile-stripnondeterminism-perl (1.6.3-2) ...
Selecting previously unselected package dh-strip-nondeterminism.
Preparing to unpack .../065-dh-strip-nondeterminism_1.6.3-2_all.deb ...
Unpacking dh-strip-nondeterminism (1.6.3-2) ...
Selecting previously unselected package libelf1:amd64.
Preparing to unpack .../066-libelf1_0.176-1.1_amd64.deb ...
Unpacking libelf1:amd64 (0.176-1.1) ...
Selecting previously unselected package dwz.
Preparing to unpack .../067-dwz_0.13-5_amd64.deb ...
Unpacking dwz (0.13-5) ...
Selecting previously unselected package libglib2.0-0:amd64.
Preparing to unpack .../068-libglib2.0-0_2.62.4-2_amd64.deb ...
Unpacking libglib2.0-0:amd64 (2.62.4-2) ...
Selecting previously unselected package libcroco3:amd64.
Preparing to unpack .../069-libcroco3_0.6.13-1_amd64.deb ...
Unpacking libcroco3:amd64 (0.6.13-1) ...
Selecting previously unselected package gettext.
Preparing to unpack .../070-gettext_0.19.8.1-10_amd64.deb ...
Unpacking gettext (0.19.8.1-10) ...
Selecting previously unselected package intltool-debian.
Preparing to unpack .../071-intltool-debian_0.35.0+20060710.5_all.deb ...
Unpacking intltool-debian (0.35.0+20060710.5) ...
Selecting previously unselected package po-debconf.
Preparing to unpack .../072-po-debconf_1.0.21_all.deb ...
Unpacking po-debconf (1.0.21) ...
Selecting previously unselected package debhelper.
Preparing to unpack .../073-debhelper_12.9_all.deb ...
Unpacking debhelper (12.9) ...
Selecting previously unselected package libdw1:amd64.
Preparing to unpack .../074-libdw1_0.176-1.1_amd64.deb ...
Unpacking libdw1:amd64 (0.176-1.1) ...
Selecting previously unselected package libpopt0:amd64.
Preparing to unpack .../075-libpopt0_1.16-14_amd64.deb ...
Unpacking libpopt0:amd64 (1.16-14) ...
Selecting previously unselected package liblua5.2-0:amd64.
Preparing to unpack .../076-liblua5.2-0_5.2.4-1.1+b3_amd64.deb ...
Unpacking liblua5.2-0:amd64 (5.2.4-1.1+b3) ...
Selecting previously unselected package libnspr4:amd64.
Preparing to unpack .../077-libnspr4_2%3a4.24-1_amd64.deb ...
Unpacking libnspr4:amd64 (2:4.24-1) ...
Selecting previously unselected package libnss3:amd64.
Preparing to unpack .../078-libnss3_2%3a3.50-1_amd64.deb ...
Unpacking libnss3:amd64 (2:3.50-1) ...
Selecting previously unselected package librpmio8.
Preparing to unpack .../079-librpmio8_4.14.2.1+dfsg1-1+b1_amd64.deb ...
Unpacking librpmio8 (4.14.2.1+dfsg1-1+b1) ...
Selecting previously unselected package debugedit.
Preparing to unpack .../080-debugedit_4.14.2.1+dfsg1-1+b1_amd64.deb ...
Unpacking debugedit (4.14.2.1+dfsg1-1+b1) ...
Selecting previously unselected package libassuan0:amd64.
Preparing to unpack .../081-libassuan0_2.5.3-7_amd64.deb ...
Unpacking libassuan0:amd64 (2.5.3-7) ...
Selecting previously unselected package gpgconf.
Preparing to unpack .../082-gpgconf_2.2.19-1_amd64.deb ...
Unpacking gpgconf (2.2.19-1) ...
Selecting previously unselected package libksba8:amd64.
Preparing to unpack .../083-libksba8_1.3.5-2_amd64.deb ...
Unpacking libksba8:amd64 (1.3.5-2) ...
Selecting previously unselected package libnpth0:amd64.
Preparing to unpack .../084-libnpth0_1.6-1_amd64.deb ...
Unpacking libnpth0:amd64 (1.6-1) ...
Selecting previously unselected package dirmngr.
Preparing to unpack .../085-dirmngr_2.2.19-1_amd64.deb ...
Unpacking dirmngr (2.2.19-1) ...
Selecting previously unselected package libgfortran5:amd64.
Preparing to unpack .../086-libgfortran5_10-20200222-1_amd64.deb ...
Unpacking libgfortran5:amd64 (10-20200222-1) ...
Selecting previously unselected package libgfortran-9-dev:amd64.
Preparing to unpack .../087-libgfortran-9-dev_9.2.1-30_amd64.deb ...
Unpacking libgfortran-9-dev:amd64 (9.2.1-30) ...
Selecting previously unselected package gfortran-9.
Preparing to unpack .../088-gfortran-9_9.2.1-30_amd64.deb ...
Unpacking gfortran-9 (9.2.1-30) ...
Selecting previously unselected package gnupg-l10n.
Preparing to unpack .../089-gnupg-l10n_2.2.19-1_all.deb ...
Unpacking gnupg-l10n (2.2.19-1) ...
Selecting previously unselected package gnupg-utils.
Preparing to unpack .../090-gnupg-utils_2.2.19-1_amd64.deb ...
Unpacking gnupg-utils (2.2.19-1) ...
Selecting previously unselected package gpg.
Preparing to unpack .../091-gpg_2.2.19-1_amd64.deb ...
Unpacking gpg (2.2.19-1) ...
Selecting previously unselected package pinentry-curses.
Preparing to unpack .../092-pinentry-curses_1.1.0-3+b1_amd64.deb ...
Unpacking pinentry-curses (1.1.0-3+b1) ...
Selecting previously unselected package gpg-agent.
Preparing to unpack .../093-gpg-agent_2.2.19-1_amd64.deb ...
Unpacking gpg-agent (2.2.19-1) ...
Selecting previously unselected package gpg-wks-client.
Preparing to unpack .../094-gpg-wks-client_2.2.19-1_amd64.deb ...
Unpacking gpg-wks-client (2.2.19-1) ...
Selecting previously unselected package gpg-wks-server.
Preparing to unpack .../095-gpg-wks-server_2.2.19-1_amd64.deb ...
Unpacking gpg-wks-server (2.2.19-1) ...
Selecting previously unselected package gpgsm.
Preparing to unpack .../096-gpgsm_2.2.19-1_amd64.deb ...
Unpacking gpgsm (2.2.19-1) ...
Selecting previously unselected package gnupg.
Preparing to unpack .../097-gnupg_2.2.19-1_all.deb ...
Unpacking gnupg (2.2.19-1) ...
Selecting previously unselected package libnl-3-200:amd64.
Preparing to unpack .../098-libnl-3-200_3.4.0-1+b1_amd64.deb ...
Unpacking libnl-3-200:amd64 (3.4.0-1+b1) ...
Selecting previously unselected package libnl-route-3-200:amd64.
Preparing to unpack .../099-libnl-route-3-200_3.4.0-1+b1_amd64.deb ...
Unpacking libnl-route-3-200:amd64 (3.4.0-1+b1) ...
Selecting previously unselected package libibverbs1:amd64.
Preparing to unpack .../100-libibverbs1_28.0-1_amd64.deb ...
Unpacking libibverbs1:amd64 (28.0-1) ...
Selecting previously unselected package ibverbs-providers:amd64.
Preparing to unpack .../101-ibverbs-providers_28.0-1_amd64.deb ...
Unpacking ibverbs-providers:amd64 (28.0-1) ...
Selecting previously unselected package icu-devtools.
Preparing to unpack .../102-icu-devtools_63.2-2_amd64.deb ...
Unpacking icu-devtools (63.2-2) ...
Selecting previously unselected package libgpg-error-dev.
Preparing to unpack .../103-libgpg-error-dev_1.37-1_amd64.deb ...
Unpacking libgpg-error-dev (1.37-1) ...
Selecting previously unselected package libassuan-dev.
Preparing to unpack .../104-libassuan-dev_2.5.3-7_amd64.deb ...
Unpacking libassuan-dev (2.5.3-7) ...
Selecting previously unselected package libaugeas0:amd64.
Preparing to unpack .../105-libaugeas0_1.12.0-1+b1_amd64.deb ...
Unpacking libaugeas0:amd64 (1.12.0-1+b1) ...
Selecting previously unselected package libicu-dev:amd64.
Preparing to unpack .../106-libicu-dev_63.2-2_amd64.deb ...
Unpacking libicu-dev:amd64 (63.2-2) ...
Selecting previously unselected package libxml2-dev:amd64.
Preparing to unpack .../107-libxml2-dev_2.9.10+dfsg-3_amd64.deb ...
Unpacking libxml2-dev:amd64 (2.9.10+dfsg-3) ...
Selecting previously unselected package libsepol1-dev:amd64.
Preparing to unpack .../108-libsepol1-dev_3.0-1_amd64.deb ...
Unpacking libsepol1-dev:amd64 (3.0-1) ...
Selecting previously unselected package libpcre2-16-0:amd64.
Preparing to unpack .../109-libpcre2-16-0_10.34-7_amd64.deb ...
Unpacking libpcre2-16-0:amd64 (10.34-7) ...
Selecting previously unselected package libpcre2-32-0:amd64.
Preparing to unpack .../110-libpcre2-32-0_10.34-7_amd64.deb ...
Unpacking libpcre2-32-0:amd64 (10.34-7) ...
Selecting previously unselected package libpcre2-posix2:amd64.
Preparing to unpack .../111-libpcre2-posix2_10.34-7_amd64.deb ...
Unpacking libpcre2-posix2:amd64 (10.34-7) ...
Selecting previously unselected package libpcre2-dev:amd64.
Preparing to unpack .../112-libpcre2-dev_10.34-7_amd64.deb ...
Unpacking libpcre2-dev:amd64 (10.34-7) ...
Selecting previously unselected package libselinux1-dev:amd64.
Preparing to unpack .../113-libselinux1-dev_3.0-1+b1_amd64.deb ...
Unpacking libselinux1-dev:amd64 (3.0-1+b1) ...
Selecting previously unselected package libaugeas-dev:amd64.
Preparing to unpack .../114-libaugeas-dev_1.12.0-1+b1_amd64.deb ...
Unpacking libaugeas-dev:amd64 (1.12.0-1+b1) ...
Selecting previously unselected package libboost1.67-dev:amd64.
Preparing to unpack .../115-libboost1.67-dev_1.67.0-17_amd64.deb ...
Unpacking libboost1.67-dev:amd64 (1.67.0-17) ...
Selecting previously unselected package libboost-dev:amd64.
Preparing to unpack .../116-libboost-dev_1.67.0.2+b1_amd64.deb ...
Unpacking libboost-dev:amd64 (1.67.0.2+b1) ...
Selecting previously unselected package libboost1.67-tools-dev.
Preparing to unpack .../117-libboost1.67-tools-dev_1.67.0-17_amd64.deb ...
Unpacking libboost1.67-tools-dev (1.67.0-17) ...
Selecting previously unselected package libboost-tools-dev.
Preparing to unpack .../118-libboost-tools-dev_1.67.0.2+b1_amd64.deb ...
Unpacking libboost-tools-dev (1.67.0.2+b1) ...
Selecting previously unselected package libboost-atomic1.67.0:amd64.
Preparing to unpack .../119-libboost-atomic1.67.0_1.67.0-17_amd64.deb ...
Unpacking libboost-atomic1.67.0:amd64 (1.67.0-17) ...
Selecting previously unselected package libboost-atomic1.67-dev:amd64.
Preparing to unpack .../120-libboost-atomic1.67-dev_1.67.0-17_amd64.deb ...
Unpacking libboost-atomic1.67-dev:amd64 (1.67.0-17) ...
Selecting previously unselected package libboost-atomic-dev:amd64.
Preparing to unpack .../121-libboost-atomic-dev_1.67.0.2+b1_amd64.deb ...
Unpacking libboost-atomic-dev:amd64 (1.67.0.2+b1) ...
Selecting previously unselected package libboost-system1.67.0:amd64.
Preparing to unpack .../122-libboost-system1.67.0_1.67.0-17_amd64.deb ...
Unpacking libboost-system1.67.0:amd64 (1.67.0-17) ...
Selecting previously unselected package libboost-chrono1.67.0:amd64.
Preparing to unpack .../123-libboost-chrono1.67.0_1.67.0-17_amd64.deb ...
Unpacking libboost-chrono1.67.0:amd64 (1.67.0-17) ...
Selecting previously unselected package libboost-chrono1.67-dev:amd64.
Preparing to unpack .../124-libboost-chrono1.67-dev_1.67.0-17_amd64.deb ...
Unpacking libboost-chrono1.67-dev:amd64 (1.67.0-17) ...
Selecting previously unselected package libboost-chrono-dev:amd64.
Preparing to unpack .../125-libboost-chrono-dev_1.67.0.2+b1_amd64.deb ...
Unpacking libboost-chrono-dev:amd64 (1.67.0.2+b1) ...
Selecting previously unselected package libboost-container1.67.0:amd64.
Preparing to unpack .../126-libboost-container1.67.0_1.67.0-17_amd64.deb ...
Unpacking libboost-container1.67.0:amd64 (1.67.0-17) ...
Selecting previously unselected package libboost-container1.67-dev:amd64.
Preparing to unpack .../127-libboost-container1.67-dev_1.67.0-17_amd64.deb ...
Unpacking libboost-container1.67-dev:amd64 (1.67.0-17) ...
Selecting previously unselected package libboost-container-dev:amd64.
Preparing to unpack .../128-libboost-container-dev_1.67.0.2+b1_amd64.deb ...
Unpacking libboost-container-dev:amd64 (1.67.0.2+b1) ...
Selecting previously unselected package libboost-context1.67.0:amd64.
Preparing to unpack .../129-libboost-context1.67.0_1.67.0-17_amd64.deb ...
Unpacking libboost-context1.67.0:amd64 (1.67.0-17) ...
Selecting previously unselected package libboost-context1.67-dev:amd64.
Preparing to unpack .../130-libboost-context1.67-dev_1.67.0-17_amd64.deb ...
Unpacking libboost-context1.67-dev:amd64 (1.67.0-17) ...
Selecting previously unselected package libboost-context-dev:amd64.
Preparing to unpack .../131-libboost-context-dev_1.67.0.2+b1_amd64.deb ...
Unpacking libboost-context-dev:amd64 (1.67.0.2+b1) ...
Selecting previously unselected package libboost-thread1.67.0:amd64.
Preparing to unpack .../132-libboost-thread1.67.0_1.67.0-17_amd64.deb ...
Unpacking libboost-thread1.67.0:amd64 (1.67.0-17) ...
Selecting previously unselected package libboost-coroutine1.67.0:amd64.
Preparing to unpack .../133-libboost-coroutine1.67.0_1.67.0-17_amd64.deb ...
Unpacking libboost-coroutine1.67.0:amd64 (1.67.0-17) ...
Selecting previously unselected package libboost-coroutine1.67-dev:amd64.
Preparing to unpack .../134-libboost-coroutine1.67-dev_1.67.0-17_amd64.deb ...
Unpacking libboost-coroutine1.67-dev:amd64 (1.67.0-17) ...
Selecting previously unselected package libboost-coroutine-dev:amd64.
Preparing to unpack .../135-libboost-coroutine-dev_1.67.0.2+b1_amd64.deb ...
Unpacking libboost-coroutine-dev:amd64 (1.67.0.2+b1) ...
Selecting previously unselected package libboost-date-time1.67.0:amd64.
Preparing to unpack .../136-libboost-date-time1.67.0_1.67.0-17_amd64.deb ...
Unpacking libboost-date-time1.67.0:amd64 (1.67.0-17) ...
Selecting previously unselected package libboost-serialization1.67.0:amd64.
Preparing to unpack .../137-libboost-serialization1.67.0_1.67.0-17_amd64.deb ...
Unpacking libboost-serialization1.67.0:amd64 (1.67.0-17) ...
Selecting previously unselected package libboost-serialization1.67-dev:amd64.
Preparing to unpack .../138-libboost-serialization1.67-dev_1.67.0-17_amd64.deb ...
Unpacking libboost-serialization1.67-dev:amd64 (1.67.0-17) ...
Selecting previously unselected package libboost-date-time1.67-dev:amd64.
Preparing to unpack .../139-libboost-date-time1.67-dev_1.67.0-17_amd64.deb ...
Unpacking libboost-date-time1.67-dev:amd64 (1.67.0-17) ...
Selecting previously unselected package libboost-date-time-dev:amd64.
Preparing to unpack .../140-libboost-date-time-dev_1.67.0.2+b1_amd64.deb ...
Unpacking libboost-date-time-dev:amd64 (1.67.0.2+b1) ...
Selecting previously unselected package libboost-exception1.67-dev:amd64.
Preparing to unpack .../141-libboost-exception1.67-dev_1.67.0-17_amd64.deb ...
Unpacking libboost-exception1.67-dev:amd64 (1.67.0-17) ...
Selecting previously unselected package libboost-exception-dev:amd64.
Preparing to unpack .../142-libboost-exception-dev_1.67.0.2+b1_amd64.deb ...
Unpacking libboost-exception-dev:amd64 (1.67.0.2+b1) ...
Selecting previously unselected package libboost-filesystem1.67.0:amd64.
Preparing to unpack .../143-libboost-filesystem1.67.0_1.67.0-17_amd64.deb ...
Unpacking libboost-filesystem1.67.0:amd64 (1.67.0-17) ...
Selecting previously unselected package libboost-fiber1.67.0:amd64.
Preparing to unpack .../144-libboost-fiber1.67.0_1.67.0-17_amd64.deb ...
Unpacking libboost-fiber1.67.0:amd64 (1.67.0-17) ...
Selecting previously unselected package libboost-fiber1.67-dev:amd64.
Preparing to unpack .../145-libboost-fiber1.67-dev_1.67.0-17_amd64.deb ...
Unpacking libboost-fiber1.67-dev:amd64 (1.67.0-17) ...
Selecting previously unselected package libboost-fiber-dev:amd64.
Preparing to unpack .../146-libboost-fiber-dev_1.67.0.2+b1_amd64.deb ...
Unpacking libboost-fiber-dev:amd64 (1.67.0.2+b1) ...
Selecting previously unselected package libboost-system1.67-dev:amd64.
Preparing to unpack .../147-libboost-system1.67-dev_1.67.0-17_amd64.deb ...
Unpacking libboost-system1.67-dev:amd64 (1.67.0-17) ...
Selecting previously unselected package libboost-filesystem1.67-dev:amd64.
Preparing to unpack .../148-libboost-filesystem1.67-dev_1.67.0-17_amd64.deb ...
Unpacking libboost-filesystem1.67-dev:amd64 (1.67.0-17) ...
Selecting previously unselected package libboost-filesystem-dev:amd64.
Preparing to unpack .../149-libboost-filesystem-dev_1.67.0.2+b1_amd64.deb ...
Unpacking libboost-filesystem-dev:amd64 (1.67.0.2+b1) ...
Selecting previously unselected package libboost-regex1.67.0:amd64.
Preparing to unpack .../150-libboost-regex1.67.0_1.67.0-17_amd64.deb ...
Unpacking libboost-regex1.67.0:amd64 (1.67.0-17) ...
Selecting previously unselected package libboost-graph1.67.0:amd64.
Preparing to unpack .../151-libboost-graph1.67.0_1.67.0-17_amd64.deb ...
Unpacking libboost-graph1.67.0:amd64 (1.67.0-17) ...
Selecting previously unselected package libboost-test1.67.0:amd64.
Preparing to unpack .../152-libboost-test1.67.0_1.67.0-17_amd64.deb ...
Unpacking libboost-test1.67.0:amd64 (1.67.0-17) ...
Selecting previously unselected package libboost-test1.67-dev:amd64.
Preparing to unpack .../153-libboost-test1.67-dev_1.67.0-17_amd64.deb ...
Unpacking libboost-test1.67-dev:amd64 (1.67.0-17) ...
Selecting previously unselected package libboost-graph1.67-dev:amd64.
Preparing to unpack .../154-libboost-graph1.67-dev_1.67.0-17_amd64.deb ...
Unpacking libboost-graph1.67-dev:amd64 (1.67.0-17) ...
Selecting previously unselected package libboost-graph-dev:amd64.
Preparing to unpack .../155-libboost-graph-dev_1.67.0.2+b1_amd64.deb ...
Unpacking libboost-graph-dev:amd64 (1.67.0.2+b1) ...
Selecting previously unselected package libevent-2.1-7:amd64.
Preparing to unpack .../156-libevent-2.1-7_2.1.11-stable-1_amd64.deb ...
Unpacking libevent-2.1-7:amd64 (2.1.11-stable-1) ...
Selecting previously unselected package libevent-core-2.1-7:amd64.
Preparing to unpack .../157-libevent-core-2.1-7_2.1.11-stable-1_amd64.deb ...
Unpacking libevent-core-2.1-7:amd64 (2.1.11-stable-1) ...
Selecting previously unselected package libevent-pthreads-2.1-7:amd64.
Preparing to unpack .../158-libevent-pthreads-2.1-7_2.1.11-stable-1_amd64.deb ...
Unpacking libevent-pthreads-2.1-7:amd64 (2.1.11-stable-1) ...
Selecting previously unselected package libpsm-infinipath1.
Preparing to unpack .../159-libpsm-infinipath1_3.3+20.604758e7-6+b1_amd64.deb ...
Unpacking libpsm-infinipath1 (3.3+20.604758e7-6+b1) ...
Selecting previously unselected package libnuma1:amd64.
Preparing to unpack .../160-libnuma1_2.0.12-1+b1_amd64.deb ...
Unpacking libnuma1:amd64 (2.0.12-1+b1) ...
Selecting previously unselected package libpsm2-2.
Preparing to unpack .../161-libpsm2-2_11.2.86-1_amd64.deb ...
Unpacking libpsm2-2 (11.2.86-1) ...
Selecting previously unselected package librdmacm1:amd64.
Preparing to unpack .../162-librdmacm1_28.0-1_amd64.deb ...
Unpacking librdmacm1:amd64 (28.0-1) ...
Selecting previously unselected package libfabric1.
Preparing to unpack .../163-libfabric1_1.6.2-3+b1_amd64.deb ...
Unpacking libfabric1 (1.6.2-3+b1) ...
Selecting previously unselected package libltdl7:amd64.
Preparing to unpack .../164-libltdl7_2.4.6-13_amd64.deb ...
Unpacking libltdl7:amd64 (2.4.6-13) ...
Selecting previously unselected package libhwloc15:amd64.
Preparing to unpack .../165-libhwloc15_2.1.0+dfsg-3_amd64.deb ...
Unpacking libhwloc15:amd64 (2.1.0+dfsg-3) ...
Selecting previously unselected package libpciaccess0:amd64.
Preparing to unpack .../166-libpciaccess0_0.14-1_amd64.deb ...
Unpacking libpciaccess0:amd64 (0.14-1) ...
Selecting previously unselected package libxau6:amd64.
Preparing to unpack .../167-libxau6_1%3a1.0.8-1+b2_amd64.deb ...
Unpacking libxau6:amd64 (1:1.0.8-1+b2) ...
Selecting previously unselected package libxdmcp6:amd64.
Preparing to unpack .../168-libxdmcp6_1%3a1.1.2-3_amd64.deb ...
Unpacking libxdmcp6:amd64 (1:1.1.2-3) ...
Selecting previously unselected package libxcb1:amd64.
Preparing to unpack .../169-libxcb1_1.13.1-5_amd64.deb ...
Unpacking libxcb1:amd64 (1.13.1-5) ...
Selecting previously unselected package libx11-data.
Preparing to unpack .../170-libx11-data_2%3a1.6.8-1_all.deb ...
Unpacking libx11-data (2:1.6.8-1) ...
Selecting previously unselected package libx11-6:amd64.
Preparing to unpack .../171-libx11-6_2%3a1.6.8-1_amd64.deb ...
Unpacking libx11-6:amd64 (2:1.6.8-1) ...
Selecting previously unselected package libxext6:amd64.
Preparing to unpack .../172-libxext6_2%3a1.3.3-1+b2_amd64.deb ...
Unpacking libxext6:amd64 (2:1.3.3-1+b2) ...
Selecting previously unselected package libxnvctrl0:amd64.
Preparing to unpack .../173-libxnvctrl0_440.59-1_amd64.deb ...
Unpacking libxnvctrl0:amd64 (440.59-1) ...
Selecting previously unselected package ocl-icd-libopencl1:amd64.
Preparing to unpack .../174-ocl-icd-libopencl1_2.2.12-3_amd64.deb ...
Unpacking ocl-icd-libopencl1:amd64 (2.2.12-3) ...
Selecting previously unselected package libhwloc-plugins:amd64.
Preparing to unpack .../175-libhwloc-plugins_2.1.0+dfsg-3_amd64.deb ...
Unpacking libhwloc-plugins:amd64 (2.1.0+dfsg-3) ...
Selecting previously unselected package libpmix2:amd64.
Preparing to unpack .../176-libpmix2_3.1.4-1+b1_amd64.deb ...
Unpacking libpmix2:amd64 (3.1.4-1+b1) ...
Selecting previously unselected package libopenmpi3:amd64.
Preparing to unpack .../177-libopenmpi3_4.0.2-5_amd64.deb ...
Unpacking libopenmpi3:amd64 (4.0.2-5) ...
Selecting previously unselected package libboost-mpi1.67.0.
Preparing to unpack .../178-libboost-mpi1.67.0_1.67.0-17_amd64.deb ...
Unpacking libboost-mpi1.67.0 (1.67.0-17) ...
Selecting previously unselected package libboost-graph-parallel1.67.0.
Preparing to unpack .../179-libboost-graph-parallel1.67.0_1.67.0-17_amd64.deb ...
Unpacking libboost-graph-parallel1.67.0 (1.67.0-17) ...
Selecting previously unselected package libboost-graph-parallel1.67-dev.
Preparing to unpack .../180-libboost-graph-parallel1.67-dev_1.67.0-17_amd64.deb ...
Unpacking libboost-graph-parallel1.67-dev (1.67.0-17) ...
Selecting previously unselected package libboost-graph-parallel-dev.
Preparing to unpack .../181-libboost-graph-parallel-dev_1.67.0.2+b1_amd64.deb ...
Unpacking libboost-graph-parallel-dev (1.67.0.2+b1) ...
Selecting previously unselected package libboost-regex1.67-dev:amd64.
Preparing to unpack .../182-libboost-regex1.67-dev_1.67.0-17_amd64.deb ...
Unpacking libboost-regex1.67-dev:amd64 (1.67.0-17) ...
Selecting previously unselected package libboost-iostreams1.67.0:amd64.
Preparing to unpack .../183-libboost-iostreams1.67.0_1.67.0-17_amd64.deb ...
Unpacking libboost-iostreams1.67.0:amd64 (1.67.0-17) ...
Selecting previously unselected package libboost-iostreams1.67-dev:amd64.
Preparing to unpack .../184-libboost-iostreams1.67-dev_1.67.0-17_amd64.deb ...
Unpacking libboost-iostreams1.67-dev:amd64 (1.67.0-17) ...
Selecting previously unselected package libboost-iostreams-dev:amd64.
Preparing to unpack .../185-libboost-iostreams-dev_1.67.0.2+b1_amd64.deb ...
Unpacking libboost-iostreams-dev:amd64 (1.67.0.2+b1) ...
Selecting previously unselected package libboost-locale1.67.0:amd64.
Preparing to unpack .../186-libboost-locale1.67.0_1.67.0-17_amd64.deb ...
Unpacking libboost-locale1.67.0:amd64 (1.67.0-17) ...
Selecting previously unselected package libboost-locale1.67-dev:amd64.
Preparing to unpack .../187-libboost-locale1.67-dev_1.67.0-17_amd64.deb ...
Unpacking libboost-locale1.67-dev:amd64 (1.67.0-17) ...
Selecting previously unselected package libboost-locale-dev:amd64.
Preparing to unpack .../188-libboost-locale-dev_1.67.0.2+b1_amd64.deb ...
Unpacking libboost-locale-dev:amd64 (1.67.0.2+b1) ...
Selecting previously unselected package libboost-log1.67.0.
Preparing to unpack .../189-libboost-log1.67.0_1.67.0-17_amd64.deb ...
Unpacking libboost-log1.67.0 (1.67.0-17) ...
Selecting previously unselected package libboost-thread1.67-dev:amd64.
Preparing to unpack .../190-libboost-thread1.67-dev_1.67.0-17_amd64.deb ...
Unpacking libboost-thread1.67-dev:amd64 (1.67.0-17) ...
Selecting previously unselected package libboost-log1.67-dev.
Preparing to unpack .../191-libboost-log1.67-dev_1.67.0-17_amd64.deb ...
Unpacking libboost-log1.67-dev (1.67.0-17) ...
Selecting previously unselected package libboost-log-dev.
Preparing to unpack .../192-libboost-log-dev_1.67.0.2+b1_amd64.deb ...
Unpacking libboost-log-dev (1.67.0.2+b1) ...
Selecting previously unselected package libboost-math1.67.0:amd64.
Preparing to unpack .../193-libboost-math1.67.0_1.67.0-17_amd64.deb ...
Unpacking libboost-math1.67.0:amd64 (1.67.0-17) ...
Selecting previously unselected package libboost-math1.67-dev:amd64.
Preparing to unpack .../194-libboost-math1.67-dev_1.67.0-17_amd64.deb ...
Unpacking libboost-math1.67-dev:amd64 (1.67.0-17) ...
Selecting previously unselected package libboost-math-dev:amd64.
Preparing to unpack .../195-libboost-math-dev_1.67.0.2+b1_amd64.deb ...
Unpacking libboost-math-dev:amd64 (1.67.0.2+b1) ...
Selecting previously unselected package openmpi-common.
Preparing to unpack .../196-openmpi-common_4.0.2-5_all.deb ...
Unpacking openmpi-common (4.0.2-5) ...
Selecting previously unselected package libnl-3-dev:amd64.
Preparing to unpack .../197-libnl-3-dev_3.4.0-1+b1_amd64.deb ...
Unpacking libnl-3-dev:amd64 (3.4.0-1+b1) ...
Selecting previously unselected package libnl-route-3-dev:amd64.
Preparing to unpack .../198-libnl-route-3-dev_3.4.0-1+b1_amd64.deb ...
Unpacking libnl-route-3-dev:amd64 (3.4.0-1+b1) ...
Selecting previously unselected package libibverbs-dev:amd64.
Preparing to unpack .../199-libibverbs-dev_28.0-1_amd64.deb ...
Unpacking libibverbs-dev:amd64 (28.0-1) ...
Selecting previously unselected package libnuma-dev:amd64.
Preparing to unpack .../200-libnuma-dev_2.0.12-1+b1_amd64.deb ...
Unpacking libnuma-dev:amd64 (2.0.12-1+b1) ...
Selecting previously unselected package libltdl-dev:amd64.
Preparing to unpack .../201-libltdl-dev_2.4.6-13_amd64.deb ...
Unpacking libltdl-dev:amd64 (2.4.6-13) ...
Selecting previously unselected package libhwloc-dev:amd64.
Preparing to unpack .../202-libhwloc-dev_2.1.0+dfsg-3_amd64.deb ...
Unpacking libhwloc-dev:amd64 (2.1.0+dfsg-3) ...
Selecting previously unselected package libevent-extra-2.1-7:amd64.
Preparing to unpack .../203-libevent-extra-2.1-7_2.1.11-stable-1_amd64.deb ...
Unpacking libevent-extra-2.1-7:amd64 (2.1.11-stable-1) ...
Selecting previously unselected package libevent-openssl-2.1-7:amd64.
Preparing to unpack .../204-libevent-openssl-2.1-7_2.1.11-stable-1_amd64.deb ...
Unpacking libevent-openssl-2.1-7:amd64 (2.1.11-stable-1) ...
Selecting previously unselected package libevent-dev.
Preparing to unpack .../205-libevent-dev_2.1.11-stable-1_amd64.deb ...
Unpacking libevent-dev (2.1.11-stable-1) ...
Selecting previously unselected package openmpi-bin.
Preparing to unpack .../206-openmpi-bin_4.0.2-5_amd64.deb ...
Unpacking openmpi-bin (4.0.2-5) ...
Selecting previously unselected package libopenmpi-dev:amd64.
Preparing to unpack .../207-libopenmpi-dev_4.0.2-5_amd64.deb ...
Unpacking libopenmpi-dev:amd64 (4.0.2-5) ...
Selecting previously unselected package mpi-default-dev.
Preparing to unpack .../208-mpi-default-dev_1.13_amd64.deb ...
Unpacking mpi-default-dev (1.13) ...
Selecting previously unselected package libboost-mpi1.67-dev.
Preparing to unpack .../209-libboost-mpi1.67-dev_1.67.0-17_amd64.deb ...
Unpacking libboost-mpi1.67-dev (1.67.0-17) ...
Selecting previously unselected package libboost-mpi-dev.
Preparing to unpack .../210-libboost-mpi-dev_1.67.0.2+b1_amd64.deb ...
Unpacking libboost-mpi-dev (1.67.0.2+b1) ...
Selecting previously unselected package libboost-python1.67.0.
Preparing to unpack .../211-libboost-python1.67.0_1.67.0-17_amd64.deb ...
Unpacking libboost-python1.67.0 (1.67.0-17) ...
Selecting previously unselected package mpi-default-bin.
Preparing to unpack .../212-mpi-default-bin_1.13_amd64.deb ...
Unpacking mpi-default-bin (1.13) ...
Selecting previously unselected package libboost-mpi-python1.67.0.
Preparing to unpack .../213-libboost-mpi-python1.67.0_1.67.0-17_amd64.deb ...
Unpacking libboost-mpi-python1.67.0 (1.67.0-17) ...
Selecting previously unselected package libboost-mpi-python1.67-dev.
Preparing to unpack .../214-libboost-mpi-python1.67-dev_1.67.0-17_amd64.deb ...
Unpacking libboost-mpi-python1.67-dev (1.67.0-17) ...
Selecting previously unselected package libboost-mpi-python-dev.
Preparing to unpack .../215-libboost-mpi-python-dev_1.67.0.2+b1_amd64.deb ...
Unpacking libboost-mpi-python-dev (1.67.0.2+b1) ...
Selecting previously unselected package libboost-numpy1.67.0.
Preparing to unpack .../216-libboost-numpy1.67.0_1.67.0-17_amd64.deb ...
Unpacking libboost-numpy1.67.0 (1.67.0-17) ...
Selecting previously unselected package libboost-numpy1.67-dev.
Preparing to unpack .../217-libboost-numpy1.67-dev_1.67.0-17_amd64.deb ...
Unpacking libboost-numpy1.67-dev (1.67.0-17) ...
Selecting previously unselected package libboost-numpy-dev.
Preparing to unpack .../218-libboost-numpy-dev_1.67.0.2+b1_amd64.deb ...
Unpacking libboost-numpy-dev (1.67.0.2+b1) ...
Selecting previously unselected package libboost-program-options1.67.0:amd64.
Preparing to unpack .../219-libboost-program-options1.67.0_1.67.0-17_amd64.deb ...
Unpacking libboost-program-options1.67.0:amd64 (1.67.0-17) ...
Selecting previously unselected package libboost-program-options1.67-dev:amd64.
Preparing to unpack .../220-libboost-program-options1.67-dev_1.67.0-17_amd64.deb ...
Unpacking libboost-program-options1.67-dev:amd64 (1.67.0-17) ...
Selecting previously unselected package libboost-program-options-dev:amd64.
Preparing to unpack .../221-libboost-program-options-dev_1.67.0.2+b1_amd64.deb ...
Unpacking libboost-program-options-dev:amd64 (1.67.0.2+b1) ...
Selecting previously unselected package libpython2.7:amd64.
Preparing to unpack .../222-libpython2.7_2.7.17-1+b1_amd64.deb ...
Unpacking libpython2.7:amd64 (2.7.17-1+b1) ...
Selecting previously unselected package libexpat1-dev:amd64.
Preparing to unpack .../223-libexpat1-dev_2.2.9-1_amd64.deb ...
Unpacking libexpat1-dev:amd64 (2.2.9-1) ...
Selecting previously unselected package libpython2.7-dev:amd64.
Preparing to unpack .../224-libpython2.7-dev_2.7.17-1+b1_amd64.deb ...
Unpacking libpython2.7-dev:amd64 (2.7.17-1+b1) ...
Selecting previously unselected package libpython2-dev:amd64.
Preparing to unpack .../225-libpython2-dev_2.7.17-2_amd64.deb ...
Unpacking libpython2-dev:amd64 (2.7.17-2) ...
Selecting previously unselected package libpython-dev:amd64.
Preparing to unpack .../226-libpython-dev_2.7.17-2_amd64.deb ...
Unpacking libpython-dev:amd64 (2.7.17-2) ...
Selecting previously unselected package python2.7-dev.
Preparing to unpack .../227-python2.7-dev_2.7.17-1+b1_amd64.deb ...
Unpacking python2.7-dev (2.7.17-1+b1) ...
Selecting previously unselected package python2-dev.
Preparing to unpack .../228-python2-dev_2.7.17-2_amd64.deb ...
Unpacking python2-dev (2.7.17-2) ...
Selecting previously unselected package python-dev.
Preparing to unpack .../229-python-dev_2.7.17-2_amd64.deb ...
Unpacking python-dev (2.7.17-2) ...
Selecting previously unselected package libpython3.7:amd64.
Preparing to unpack .../230-libpython3.7_3.7.6-1+b1_amd64.deb ...
Unpacking libpython3.7:amd64 (3.7.6-1+b1) ...
Selecting previously unselected package libpython3.7-dev:amd64.
Preparing to unpack .../231-libpython3.7-dev_3.7.6-1+b1_amd64.deb ...
Unpacking libpython3.7-dev:amd64 (3.7.6-1+b1) ...
Selecting previously unselected package libpython3-dev:amd64.
Preparing to unpack .../232-libpython3-dev_3.7.5-3_amd64.deb ...
Unpacking libpython3-dev:amd64 (3.7.5-3) ...
Selecting previously unselected package zlib1g-dev:amd64.
Preparing to unpack .../233-zlib1g-dev_1%3a1.2.11.dfsg-2_amd64.deb ...
Unpacking zlib1g-dev:amd64 (1:1.2.11.dfsg-2) ...
Selecting previously unselected package python3.7-dev.
Preparing to unpack .../234-python3.7-dev_3.7.6-1+b1_amd64.deb ...
Unpacking python3.7-dev (3.7.6-1+b1) ...
Selecting previously unselected package python3-lib2to3.
Preparing to unpack .../235-python3-lib2to3_3.8.0-1_all.deb ...
Unpacking python3-lib2to3 (3.8.0-1) ...
Selecting previously unselected package python3-distutils.
Preparing to unpack .../236-python3-distutils_3.8.0-1_all.deb ...
Unpacking python3-distutils (3.8.0-1) ...
Selecting previously unselected package python3-dev.
Preparing to unpack .../237-python3-dev_3.7.5-3_amd64.deb ...
Unpacking python3-dev (3.7.5-3) ...
Selecting previously unselected package libboost-python1.67-dev.
Preparing to unpack .../238-libboost-python1.67-dev_1.67.0-17_amd64.deb ...
Unpacking libboost-python1.67-dev (1.67.0-17) ...
Selecting previously unselected package libboost-python-dev.
Preparing to unpack .../239-libboost-python-dev_1.67.0.2+b1_amd64.deb ...
Unpacking libboost-python-dev (1.67.0.2+b1) ...
Selecting previously unselected package libboost-random1.67.0:amd64.
Preparing to unpack .../240-libboost-random1.67.0_1.67.0-17_amd64.deb ...
Unpacking libboost-random1.67.0:amd64 (1.67.0-17) ...
Selecting previously unselected package libboost-random1.67-dev:amd64.
Preparing to unpack .../241-libboost-random1.67-dev_1.67.0-17_amd64.deb ...
Unpacking libboost-random1.67-dev:amd64 (1.67.0-17) ...
Selecting previously unselected package libboost-random-dev:amd64.
Preparing to unpack .../242-libboost-random-dev_1.67.0.2+b1_amd64.deb ...
Unpacking libboost-random-dev:amd64 (1.67.0.2+b1) ...
Selecting previously unselected package libboost-regex-dev:amd64.
Preparing to unpack .../243-libboost-regex-dev_1.67.0.2+b1_amd64.deb ...
Unpacking libboost-regex-dev:amd64 (1.67.0.2+b1) ...
Selecting previously unselected package libboost-serialization-dev:amd64.
Preparing to unpack .../244-libboost-serialization-dev_1.67.0.2+b1_amd64.deb ...
Unpacking libboost-serialization-dev:amd64 (1.67.0.2+b1) ...
Selecting previously unselected package libboost-signals1.67.0:amd64.
Preparing to unpack .../245-libboost-signals1.67.0_1.67.0-17_amd64.deb ...
Unpacking libboost-signals1.67.0:amd64 (1.67.0-17) ...
Selecting previously unselected package libboost-signals1.67-dev:amd64.
Preparing to unpack .../246-libboost-signals1.67-dev_1.67.0-17_amd64.deb ...
Unpacking libboost-signals1.67-dev:amd64 (1.67.0-17) ...
Selecting previously unselected package libboost-signals-dev:amd64.
Preparing to unpack .../247-libboost-signals-dev_1.67.0.2+b1_amd64.deb ...
Unpacking libboost-signals-dev:amd64 (1.67.0.2+b1) ...
Selecting previously unselected package libboost-stacktrace1.67.0:amd64.
Preparing to unpack .../248-libboost-stacktrace1.67.0_1.67.0-17_amd64.deb ...
Unpacking libboost-stacktrace1.67.0:amd64 (1.67.0-17) ...
Selecting previously unselected package libboost-stacktrace1.67-dev:amd64.
Preparing to unpack .../249-libboost-stacktrace1.67-dev_1.67.0-17_amd64.deb ...
Unpacking libboost-stacktrace1.67-dev:amd64 (1.67.0-17) ...
Selecting previously unselected package libboost-stacktrace-dev:amd64.
Preparing to unpack .../250-libboost-stacktrace-dev_1.67.0.2+b1_amd64.deb ...
Unpacking libboost-stacktrace-dev:amd64 (1.67.0.2+b1) ...
Selecting previously unselected package libboost-system-dev:amd64.
Preparing to unpack .../251-libboost-system-dev_1.67.0.2+b1_amd64.deb ...
Unpacking libboost-system-dev:amd64 (1.67.0.2+b1) ...
Selecting previously unselected package libboost-test-dev:amd64.
Preparing to unpack .../252-libboost-test-dev_1.67.0.2+b1_amd64.deb ...
Unpacking libboost-test-dev:amd64 (1.67.0.2+b1) ...
Selecting previously unselected package libboost-thread-dev:amd64.
Preparing to unpack .../253-libboost-thread-dev_1.67.0.2+b1_amd64.deb ...
Unpacking libboost-thread-dev:amd64 (1.67.0.2+b1) ...
Selecting previously unselected package libboost-timer1.67.0:amd64.
Preparing to unpack .../254-libboost-timer1.67.0_1.67.0-17_amd64.deb ...
Unpacking libboost-timer1.67.0:amd64 (1.67.0-17) ...
Selecting previously unselected package libboost-timer1.67-dev:amd64.
Preparing to unpack .../255-libboost-timer1.67-dev_1.67.0-17_amd64.deb ...
Unpacking libboost-timer1.67-dev:amd64 (1.67.0-17) ...
Selecting previously unselected package libboost-timer-dev:amd64.
Preparing to unpack .../256-libboost-timer-dev_1.67.0.2+b1_amd64.deb ...
Unpacking libboost-timer-dev:amd64 (1.67.0.2+b1) ...
Selecting previously unselected package libboost-type-erasure1.67.0:amd64.
Preparing to unpack .../257-libboost-type-erasure1.67.0_1.67.0-17_amd64.deb ...
Unpacking libboost-type-erasure1.67.0:amd64 (1.67.0-17) ...
Selecting previously unselected package libboost-type-erasure1.67-dev:amd64.
Preparing to unpack .../258-libboost-type-erasure1.67-dev_1.67.0-17_amd64.deb ...
Unpacking libboost-type-erasure1.67-dev:amd64 (1.67.0-17) ...
Selecting previously unselected package libboost-type-erasure-dev:amd64.
Preparing to unpack .../259-libboost-type-erasure-dev_1.67.0.2+b1_amd64.deb ...
Unpacking libboost-type-erasure-dev:amd64 (1.67.0.2+b1) ...
Selecting previously unselected package libboost-wave1.67.0:amd64.
Preparing to unpack .../260-libboost-wave1.67.0_1.67.0-17_amd64.deb ...
Unpacking libboost-wave1.67.0:amd64 (1.67.0-17) ...
Selecting previously unselected package libboost-wave1.67-dev:amd64.
Preparing to unpack .../261-libboost-wave1.67-dev_1.67.0-17_amd64.deb ...
Unpacking libboost-wave1.67-dev:amd64 (1.67.0-17) ...
Selecting previously unselected package libboost-wave-dev:amd64.
Preparing to unpack .../262-libboost-wave-dev_1.67.0.2+b1_amd64.deb ...
Unpacking libboost-wave-dev:amd64 (1.67.0.2+b1) ...
Selecting previously unselected package libboost-all-dev.
Preparing to unpack .../263-libboost-all-dev_1.67.0.2+b1_amd64.deb ...
Unpacking libboost-all-dev (1.67.0.2+b1) ...
Selecting previously unselected package libbz2-dev:amd64.
Preparing to unpack .../264-libbz2-dev_1.0.8-2_amd64.deb ...
Unpacking libbz2-dev:amd64 (1.0.8-2) ...
Selecting previously unselected package libcap2:amd64.
Preparing to unpack .../265-libcap2_1%3a2.32-1_amd64.deb ...
Unpacking libcap2:amd64 (1:2.32-1) ...
Selecting previously unselected package libcurl4-openssl-dev:amd64.
Preparing to unpack .../266-libcurl4-openssl-dev_7.68.0-1_amd64.deb ...
Unpacking libcurl4-openssl-dev:amd64 (7.68.0-1) ...
Selecting previously unselected package libdb5.3-dev.
Preparing to unpack .../267-libdb5.3-dev_5.3.28+dfsg1-0.6_amd64.deb ...
Unpacking libdb5.3-dev (5.3.28+dfsg1-0.6) ...
Selecting previously unselected package libdb-dev:amd64.
Preparing to unpack .../268-libdb-dev_5.3.1+nmu1_amd64.deb ...
Unpacking libdb-dev:amd64 (5.3.1+nmu1) ...
Selecting previously unselected package libdbus-1-3:amd64.
Preparing to unpack .../269-libdbus-1-3_1.12.16-2_amd64.deb ...
Unpacking libdbus-1-3:amd64 (1.12.16-2) ...
Selecting previously unselected package libgpgme11:amd64.
Preparing to unpack .../270-libgpgme11_1.13.1-6_amd64.deb ...
Unpacking libgpgme11:amd64 (1.13.1-6) ...
Selecting previously unselected package libgpgme-dev.
Preparing to unpack .../271-libgpgme-dev_1.13.1-6_amd64.deb ...
Unpacking libgpgme-dev (1.13.1-6) ...
Selecting previously unselected package libncurses-dev:amd64.
Preparing to unpack .../272-libncurses-dev_6.1+20191019-1_amd64.deb ...
Unpacking libncurses-dev:amd64 (6.1+20191019-1) ...
Selecting previously unselected package libpopt-dev:amd64.
Preparing to unpack .../273-libpopt-dev_1.16-14_amd64.deb ...
Unpacking libpopt-dev:amd64 (1.16-14) ...
Selecting previously unselected package libproxy1v5:amd64.
Preparing to unpack .../274-libproxy1v5_0.4.15-9_amd64.deb ...
Unpacking libproxy1v5:amd64 (0.4.15-9) ...
Selecting previously unselected package libproxy-dev:amd64.
Preparing to unpack .../275-libproxy-dev_0.4.15-9_amd64.deb ...
Unpacking libproxy-dev:amd64 (0.4.15-9) ...
Selecting previously unselected package libreadline-dev:amd64.
Preparing to unpack .../276-libreadline-dev_8.0-3_amd64.deb ...
Unpacking libreadline-dev:amd64 (8.0-3) ...
Selecting previously unselected package librpm8.
Preparing to unpack .../277-librpm8_4.14.2.1+dfsg1-1+b1_amd64.deb ...
Unpacking librpm8 (4.14.2.1+dfsg1-1+b1) ...
Selecting previously unselected package librpmbuild8.
Preparing to unpack .../278-librpmbuild8_4.14.2.1+dfsg1-1+b1_amd64.deb ...
Unpacking librpmbuild8 (4.14.2.1+dfsg1-1+b1) ...
Selecting previously unselected package librpmsign8.
Preparing to unpack .../279-librpmsign8_4.14.2.1+dfsg1-1+b1_amd64.deb ...
Unpacking librpmsign8 (4.14.2.1+dfsg1-1+b1) ...
Selecting previously unselected package libsqlite3-dev:amd64.
Preparing to unpack .../280-libsqlite3-dev_3.31.1-3_amd64.deb ...
Unpacking libsqlite3-dev:amd64 (3.31.1-3) ...
Selecting previously unselected package librpm-dev.
Preparing to unpack .../281-librpm-dev_4.14.2.1+dfsg1-1+b1_amd64.deb ...
Unpacking librpm-dev (4.14.2.1+dfsg1-1+b1) ...
Selecting previously unselected package libsolv0:amd64.
Preparing to unpack .../282-libsolv0_0.6.36-2_amd64.deb ...
Unpacking libsolv0:amd64 (0.6.36-2) ...
Selecting previously unselected package libsolvext0:amd64.
Preparing to unpack .../283-libsolvext0_0.6.36-2_amd64.deb ...
Unpacking libsolvext0:amd64 (0.6.36-2) ...
Selecting previously unselected package libsolv-tools.
Preparing to unpack .../284-libsolv-tools_0.6.36-2_amd64.deb ...
Unpacking libsolv-tools (0.6.36-2) ...
Selecting previously unselected package libsolvext0-dev:amd64.
Preparing to unpack .../285-libsolvext0-dev_0.6.36-2_amd64.deb ...
Unpacking libsolvext0-dev:amd64 (0.6.36-2) ...
Selecting previously unselected package libsolv0-dev:amd64.
Preparing to unpack .../286-libsolv0-dev_0.6.36-2_amd64.deb ...
Unpacking libsolv0-dev:amd64 (0.6.36-2) ...
Selecting previously unselected package libssl-dev:amd64.
Preparing to unpack .../287-libssl-dev_1.1.1d-2_amd64.deb ...
Unpacking libssl-dev:amd64 (1.1.1d-2) ...
Selecting previously unselected package libudev-dev:amd64.
Preparing to unpack .../288-libudev-dev_244.3-1_amd64.deb ...
Unpacking libudev-dev:amd64 (244.3-1) ...
Selecting previously unselected package rpm-common.
Preparing to unpack .../289-rpm-common_4.14.2.1+dfsg1-1+b1_amd64.deb ...
Unpacking rpm-common (4.14.2.1+dfsg1-1+b1) ...
Selecting previously unselected package rpm2cpio.
Preparing to unpack .../290-rpm2cpio_4.14.2.1+dfsg1-1+b1_amd64.deb ...
Unpacking rpm2cpio (4.14.2.1+dfsg1-1+b1) ...
Selecting previously unselected package rpm.
Preparing to unpack .../291-rpm_4.14.2.1+dfsg1-1+b1_amd64.deb ...
Unpacking rpm (4.14.2.1+dfsg1-1+b1) ...
Selecting previously unselected package libzypp1702:amd64.
Preparing to unpack .../292-libzypp1702_17.7.0-1+b1_amd64.deb ...
Unpacking libzypp1702:amd64 (17.7.0-1+b1) ...
Selecting previously unselected package libzypp-dev:amd64.
Preparing to unpack .../293-libzypp-dev_17.7.0-1+b1_amd64.deb ...
Unpacking libzypp-dev:amd64 (17.7.0-1+b1) ...
Selecting previously unselected package sbuild-build-depends-main-dummy.
Preparing to unpack .../294-sbuild-build-depends-main-dummy_0.invalid.0_amd64.deb ...
Unpacking sbuild-build-depends-main-dummy (0.invalid.0) ...
Setting up libksba8:amd64 (1.3.5-2) ...
Setting up libboost1.67-dev:amd64 (1.67.0-17) ...
Setting up libboost-program-options1.67.0:amd64 (1.67.0-17) ...
Setting up libpipeline1:amd64 (1.5.2-2) ...
Setting up libboost1.67-tools-dev (1.67.0-17) ...
Setting up libpciaccess0:amd64 (0.14-1) ...
Setting up libxau6:amd64 (1:1.0.8-1+b2) ...
Setting up libxdmcp6:amd64 (1:1.1.2-3) ...
Setting up libkeyutils1:amd64 (1.6.1-2) ...
Setting up libproxy1v5:amd64 (0.4.15-9) ...
Setting up libpsl5:amd64 (0.20.2-2) ...
Setting up libxcb1:amd64 (1.13.1-5) ...
Setting up mime-support (3.64) ...
Setting up libboost-signals1.67.0:amd64 (1.67.0-17) ...
Setting up ruby-power-assert (1.1.5-1) ...
Setting up libmagic-mgc (1:5.38-4) ...
Setting up augeas-lenses (1.12.0-1) ...
Setting up libproxy-dev:amd64 (0.4.15-9) ...
Setting up libarchive-zip-perl (1.67-1) ...
Setting up libyaml-0-2:amd64 (0.2.2-1) ...
Setting up libboost-program-options1.67-dev:amd64 (1.67.0-17) ...
Setting up libglib2.0-0:amd64 (2.62.4-2) ...
No schema files found: doing nothing.
Setting up libdebhelper-perl (12.9) ...
Setting up libbrotli1:amd64 (1.0.7-6) ...
Setting up libboost-container1.67.0:amd64 (1.67.0-17) ...
Setting up libboost-test1.67.0:amd64 (1.67.0-17) ...
Setting up libsqlite3-0:amd64 (3.31.1-3) ...
Setting up libcbor0:amd64 (0.5.0+dfsg-2) ...
Setting up libnghttp2-14:amd64 (1.40.0-1) ...
Setting up libmagic1:amd64 (1:5.38-4) ...
Setting up libsepol1-dev:amd64 (3.0-1) ...
Setting up gettext-base (0.19.8.1-10) ...
Setting up libboost-tools-dev (1.67.0.2+b1) ...
Setting up libnpth0:amd64 (1.6-1) ...
Setting up libboost-date-time1.67.0:amd64 (1.67.0-17) ...
Setting up file (1:5.38-4) ...
Setting up libboost-math1.67.0:amd64 (1.67.0-17) ...
Setting up libassuan0:amd64 (2.5.3-7) ...
Setting up libldap-common (2.4.49+dfsg-1) ...
Setting up libpcre2-16-0:amd64 (10.34-7) ...
Setting up libicu63:amd64 (63.2-2) ...
Setting up libcap2:amd64 (1:2.32-1) ...
Setting up libboost-container1.67-dev:amd64 (1.67.0-17) ...
Setting up libkrb5support0:amd64 (1.17-6) ...
Setting up libboost-test1.67-dev:amd64 (1.67.0-17) ...
Setting up libsasl2-modules-db:amd64 (2.1.27+dfsg-2) ...
Setting up libboost-test-dev:amd64 (1.67.0.2+b1) ...
Setting up ruby-minitest (5.13.0-1) ...
Setting up autotools-dev (20180224.1) ...
Setting up libpcre2-32-0:amd64 (10.34-7) ...
Setting up libuv1:amd64 (1.34.2-1) ...
Setting up libexpat1-dev:amd64 (2.2.9-1) ...
Setting up libsqlite3-dev:amd64 (3.31.1-3) ...
Setting up libboost-program-options-dev:amd64 (1.67.0.2+b1) ...
Setting up ruby-test-unit (3.3.4-1) ...
Setting up libx11-data (2:1.6.8-1) ...
Setting up libgpg-error-dev (1.37-1) ...
Setting up libnspr4:amd64 (2:4.24-1) ...
Setting up gnupg-l10n (2.2.19-1) ...
Setting up librtmp1:amd64 (2.4+20151223.gitfa8646d.1-2+b1) ...
Setting up libboost-signals1.67-dev:amd64 (1.67.0-17) ...
Setting up libncurses6:amd64 (6.1+20191019-1) ...
Setting up libdbus-1-3:amd64 (1.12.16-2) ...
Setting up ruby-net-telnet (0.1.1-2) ...
Setting up libsigsegv2:amd64 (2.12-2) ...
Setting up bsdmainutils (11.1.2+b1) ...
update-alternatives: using /usr/bin/bsd-write to provide /usr/bin/write (write) in auto mode
update-alternatives: using /usr/bin/bsd-from to provide /usr/bin/from (from) in auto mode
Setting up libssl-dev:amd64 (1.1.1d-2) ...
Setting up libevent-core-2.1-7:amd64 (2.1.11-stable-1) ...
Setting up libevent-2.1-7:amd64 (2.1.11-stable-1) ...
Setting up autopoint (0.19.8.1-10) ...
Setting up icu-devtools (63.2-2) ...
Setting up libudev-dev:amd64 (244.3-1) ...
Setting up libsolv0:amd64 (0.6.36-2) ...
Setting up libassuan-dev (2.5.3-7) ...
Setting up libboost-iostreams1.67.0:amd64 (1.67.0-17) ...
Setting up libpcre2-posix2:amd64 (10.34-7) ...
Setting up libk5crypto3:amd64 (1.17-6) ...
Setting up libltdl7:amd64 (2.4.6-13) ...
Setting up libboost-exception1.67-dev:amd64 (1.67.0-17) ...
Setting up libsasl2-2:amd64 (2.1.27+dfsg-2) ...
Setting up libgfortran5:amd64 (10-20200222-1) ...
Setting up zlib1g-dev:amd64 (1:1.2.11.dfsg-2) ...
Setting up libnuma1:amd64 (2.0.12-1+b1) ...
Setting up libboost-signals-dev:amd64 (1.67.0.2+b1) ...
Setting up liblua5.2-0:amd64 (5.2.4-1.1+b3) ...
Setting up sensible-utils (0.0.12+nmu1) ...
Setting up ocl-icd-libopencl1:amd64 (2.2.12-3) ...
Setting up librhash0:amd64 (1.3.9-1) ...
Setting up libdb5.3-dev (5.3.28+dfsg1-0.6) ...
Setting up libuchardet0:amd64 (0.0.6-3) ...
Setting up libnl-3-200:amd64 (3.4.0-1+b1) ...
Setting up libboost-python1.67.0 (1.67.0-17) ...
Setting up libpsm2-2 (11.2.86-1) ...
Setting up openmpi-common (4.0.2-5) ...
Setting up libsub-override-perl (0.09-2) ...
Setting up libx11-6:amd64 (2:1.6.8-1) ...
Setting up libssh2-1:amd64 (1.8.0-2.1) ...
Setting up libboost-atomic1.67.0:amd64 (1.67.0-17) ...
Setting up cmake-data (3.16.3-1) ...
Setting up libkrb5-3:amd64 (1.17-6) ...
Setting up libboost-dev:amd64 (1.67.0.2+b1) ...
Setting up libpsm-infinipath1 (3.3+20.604758e7-6+b1) ...
update-alternatives: using /usr/lib/libpsm1/libpsm_infinipath.so.1.16 to provide /usr/lib/x86_64-linux-gnu/libpsm_infinipath.so.1 (libpsm_infinipath.so.1) in auto mode
Setting up libmpdec2:amd64 (2.4.2-2) ...
Setting up libboost-context1.67.0:amd64 (1.67.0-17) ...
Setting up libboost-system1.67.0:amd64 (1.67.0-17) ...
Setting up ruby-did-you-mean (1.2.1-1) ...
Setting up libfido2-1:amd64 (1.3.1-1) ...
Setting up libboost-serialization1.67.0:amd64 (1.67.0-17) ...
Setting up openssl (1.1.1d-2) ...
Setting up cdbs (0.4.159) ...
Setting up libelf1:amd64 (0.176-1.1) ...
Setting up readline-common (8.0-3) ...
Setting up libicu-dev:amd64 (63.2-2) ...
Setting up ruby-xmlrpc (0.3.0-2) ...
Setting up libxml2:amd64 (2.9.10+dfsg-3) ...
Setting up libprocps8:amd64 (2:3.3.16-1+b1) ...
Setting up libjsoncpp1:amd64 (1.7.4-3.1) ...
Setting up libboost-stacktrace1.67.0:amd64 (1.67.0-17) ...
Setting up libpopt0:amd64 (1.16-14) ...
Setting up libevent-pthreads-2.1-7:amd64 (2.1.11-stable-1) ...
Setting up libbz2-dev:amd64 (1.0.8-2) ...
Setting up pinentry-curses (1.1.0-3+b1) ...
Setting up libboost-atomic1.67-dev:amd64 (1.67.0-17) ...
Setting up libfile-stripnondeterminism-perl (1.6.3-2) ...
Setting up libboost-serialization1.67-dev:amd64 (1.67.0-17) ...
Setting up libdw1:amd64 (0.176-1.1) ...
Setting up libevent-extra-2.1-7:amd64 (2.1.11-stable-1) ...
Setting up libncurses-dev:amd64 (6.1+20191019-1) ...
Setting up libboost-regex1.67.0:amd64 (1.67.0-17) ...
Setting up libboost-chrono1.67.0:amd64 (1.67.0-17) ...
Setting up libboost-math1.67-dev:amd64 (1.67.0-17) ...
Setting up libpcre2-dev:amd64 (10.34-7) ...
Setting up libboost-thread1.67.0:amd64 (1.67.0-17) ...
Setting up libtool (2.4.6-13) ...
Setting up libarchive13:amd64 (3.4.0-1+b1) ...
Setting up libselinux1-dev:amd64 (3.0-1+b1) ...
Setting up libboost-regex1.67-dev:amd64 (1.67.0-17) ...
Setting up libboost-math-dev:amd64 (1.67.0.2+b1) ...
Setting up libreadline8:amd64 (8.0-3) ...
Setting up libxext6:amd64 (2:1.3.3-1+b2) ...
Setting up libgfortran-9-dev:amd64 (9.2.1-30) ...
Setting up libevent-openssl-2.1-7:amd64 (2.1.11-stable-1) ...
Setting up libldap-2.4-2:amd64 (2.4.49+dfsg-1) ...
Setting up m4 (1.4.18-4) ...
Setting up libboost-coroutine1.67.0:amd64 (1.67.0-17) ...
Setting up libnss3:amd64 (2:3.50-1) ...
Setting up libboost-exception-dev:amd64 (1.67.0.2+b1) ...
Setting up libboost-graph1.67.0:amd64 (1.67.0-17) ...
Setting up libreadline-dev:amd64 (8.0-3) ...
Setting up libboost-locale1.67.0:amd64 (1.67.0-17) ...
Setting up libboost-container-dev:amd64 (1.67.0.2+b1) ...
Setting up libpopt-dev:amd64 (1.16-14) ...
Setting up libnuma-dev:amd64 (2.0.12-1+b1) ...
Setting up libnl-route-3-200:amd64 (3.4.0-1+b1) ...
Setting up libxnvctrl0:amd64 (440.59-1) ...
Setting up libpython2.7-stdlib:amd64 (2.7.17-1+b1) ...
Setting up libboost-type-erasure1.67.0:amd64 (1.67.0-17) ...
Setting up libboost-numpy1.67.0 (1.67.0-17) ...
Setting up ca-certificates (20190110) ...
Updating certificates in /etc/ssl/certs...
128 added, 0 removed; done.
Setting up libboost-date-time1.67-dev:amd64 (1.67.0-17) ...
Setting up libboost-chrono1.67-dev:amd64 (1.67.0-17) ...
Setting up libxml2-dev:amd64 (2.9.10+dfsg-3) ...
Setting up libdb-dev:amd64 (5.3.1+nmu1) ...
Setting up libaugeas0:amd64 (1.12.0-1+b1) ...
Setting up libevent-dev (2.1.11-stable-1) ...
Setting up libhwloc15:amd64 (2.1.0+dfsg-3) ...
Setting up libgssapi-krb5-2:amd64 (1.17-6) ...
Setting up libcroco3:amd64 (0.6.13-1) ...
Setting up libboost-locale1.67-dev:amd64 (1.67.0-17) ...
Setting up libboost-serialization-dev:amd64 (1.67.0.2+b1) ...
Setting up libboost-context1.67-dev:amd64 (1.67.0-17) ...
Setting up libboost-date-time-dev:amd64 (1.67.0.2+b1) ...
Setting up autoconf (2.69-11.1) ...
Setting up dh-strip-nondeterminism (1.6.3-2) ...
Setting up libboost-atomic-dev:amd64 (1.67.0.2+b1) ...
Setting up dwz (0.13-5) ...
Setting up libnl-3-dev:amd64 (3.4.0-1+b1) ...
Setting up groff-base (1.22.4-4) ...
Setting up libboost-timer1.67.0:amd64 (1.67.0-17) ...
Setting up procps (2:3.3.16-1+b1) ...
update-alternatives: using /usr/bin/w.procps to provide /usr/bin/w (w) in auto mode
Setting up gpgconf (2.2.19-1) ...
Setting up libboost-graph1.67-dev:amd64 (1.67.0-17) ...
Setting up libcurl4:amd64 (7.68.0-1) ...
Setting up libboost-filesystem1.67.0:amd64 (1.67.0-17) ...
Setting up libboost-coroutine1.67-dev:amd64 (1.67.0-17) ...
Setting up libboost-system1.67-dev:amd64 (1.67.0-17) ...
Setting up libboost-random1.67.0:amd64 (1.67.0-17) ...
Setting up libboost-random1.67-dev:amd64 (1.67.0-17) ...
Setting up libboost-regex-dev:amd64 (1.67.0.2+b1) ...
Setting up libboost-stacktrace1.67-dev:amd64 (1.67.0-17) ...
Setting up libboost-iostreams1.67-dev:amd64 (1.67.0-17) ...
Setting up gpg (2.2.19-1) ...
Setting up libaugeas-dev:amd64 (1.12.0-1+b1) ...
Setting up libboost-numpy1.67-dev (1.67.0-17) ...
Setting up gnupg-utils (2.2.19-1) ...
Setting up automake (1:1.16.1-4) ...
update-alternatives: using /usr/bin/automake-1.16 to provide /usr/bin/automake (automake) in auto mode
Setting up librpmio8 (4.14.2.1+dfsg1-1+b1) ...
Setting up libboost-graph-dev:amd64 (1.67.0.2+b1) ...
Setting up libibverbs1:amd64 (28.0-1) ...
Setting up libpython3.7-stdlib:amd64 (3.7.6-1+b1) ...
Setting up libpython2.7:amd64 (2.7.17-1+b1) ...
Setting up libpython2.7-dev:amd64 (2.7.17-1+b1) ...
Setting up gettext (0.19.8.1-10) ...
Setting up librpm8 (4.14.2.1+dfsg1-1+b1) ...
Setting up gpg-agent (2.2.19-1) ...
Setting up libboost-filesystem1.67-dev:amd64 (1.67.0-17) ...
Setting up python2.7 (2.7.17-1+b1) ...
Setting up libboost-wave1.67.0:amd64 (1.67.0-17) ...
Setting up gfortran-9 (9.2.1-30) ...
Setting up libpython3.7:amd64 (3.7.6-1+b1) ...
Setting up ibverbs-providers:amd64 (28.0-1) ...
Setting up libboost-thread1.67-dev:amd64 (1.67.0-17) ...
Setting up libpython2-stdlib:amd64 (2.7.17-2) ...
Setting up libboost-chrono-dev:amd64 (1.67.0.2+b1) ...
Setting up openssh-client (1:8.2p1-3) ...
Setting up libpython3.7-dev:amd64 (3.7.6-1+b1) ...
Setting up gpgsm (2.2.19-1) ...
Setting up libboost-system-dev:amd64 (1.67.0.2+b1) ...
Setting up libboost-random-dev:amd64 (1.67.0.2+b1) ...
Setting up libboost-locale-dev:amd64 (1.67.0.2+b1) ...
Setting up rubygems-integration (1.16) ...
Setting up rpm-common (4.14.2.1+dfsg1-1+b1) ...
Setting up libboost-context-dev:amd64 (1.67.0.2+b1) ...
Setting up libboost-iostreams-dev:amd64 (1.67.0.2+b1) ...
Setting up libboost-type-erasure1.67-dev:amd64 (1.67.0-17) ...
Setting up libhwloc-plugins:amd64 (2.1.0+dfsg-3) ...
Setting up man-db (2.9.0-2) ...
Not building database; man-db/auto-update is not 'true'.
Setting up libgpgme11:amd64 (1.13.1-6) ...
Setting up python2 (2.7.17-2) ...
Setting up libboost-type-erasure-dev:amd64 (1.67.0.2+b1) ...
Setting up intltool-debian (0.35.0+20060710.5) ...
Setting up libnl-route-3-dev:amd64 (3.4.0-1+b1) ...
Setting up dirmngr (2.2.19-1) ...
Setting up libltdl-dev:amd64 (2.4.6-13) ...
Setting up libpython-stdlib:amd64 (2.7.17-2) ...
Setting up libboost-fiber1.67.0:amd64 (1.67.0-17) ...
Setting up libcurl4-openssl-dev:amd64 (7.68.0-1) ...
Setting up libboost-log1.67.0 (1.67.0-17) ...
Setting up libboost-numpy-dev (1.67.0.2+b1) ...
Setting up librpmbuild8 (4.14.2.1+dfsg1-1+b1) ...
Setting up libgpgme-dev (1.13.1-6) ...
Setting up librpmsign8 (4.14.2.1+dfsg1-1+b1) ...
Setting up gpg-wks-server (2.2.19-1) ...
Setting up libboost-timer1.67-dev:amd64 (1.67.0-17) ...
Setting up libboost-stacktrace-dev:amd64 (1.67.0.2+b1) ...
Setting up debugedit (4.14.2.1+dfsg1-1+b1) ...
Setting up cmake (3.16.3-1) ...
Setting up libboost-fiber1.67-dev:amd64 (1.67.0-17) ...
Setting up libpython2-dev:amd64 (2.7.17-2) ...
Setting up libhwloc-dev:amd64 (2.1.0+dfsg-3) ...
Setting up libboost-coroutine-dev:amd64 (1.67.0.2+b1) ...
Setting up python (2.7.17-2) ...
Setting up libboost-timer-dev:amd64 (1.67.0.2+b1) ...
Setting up libboost-filesystem-dev:amd64 (1.67.0.2+b1) ...
Setting up libboost-thread-dev:amd64 (1.67.0.2+b1) ...
Setting up libpython3-stdlib:amd64 (3.7.5-3) ...
Setting up libboost-fiber-dev:amd64 (1.67.0.2+b1) ...
Setting up python2.7-dev (2.7.17-1+b1) ...
Setting up librdmacm1:amd64 (28.0-1) ...
Setting up libboost-wave1.67-dev:amd64 (1.67.0-17) ...
Setting up python3.7 (3.7.6-1+b1) ...
Setting up libsolvext0:amd64 (0.6.36-2) ...
Setting up libpython3-dev:amd64 (3.7.5-3) ...
Setting up python2-dev (2.7.17-2) ...
Setting up gpg-wks-client (2.2.19-1) ...
Setting up libpmix2:amd64 (3.1.4-1+b1) ...
Setting up rpm2cpio (4.14.2.1+dfsg1-1+b1) ...
Setting up po-debconf (1.0.21) ...
Setting up rpm (4.14.2.1+dfsg1-1+b1) ...
Setting up python3 (3.7.5-3) ...
Setting up libboost-wave-dev:amd64 (1.67.0.2+b1) ...
Setting up libibverbs-dev:amd64 (28.0-1) ...
Setting up libboost-log1.67-dev (1.67.0-17) ...
Setting up python3.7-dev (3.7.6-1+b1) ...
Setting up libpython-dev:amd64 (2.7.17-2) ...
Setting up libsolv-tools (0.6.36-2) ...
Setting up librpm-dev (4.14.2.1+dfsg1-1+b1) ...
Setting up libsolvext0-dev:amd64 (0.6.36-2) ...
Setting up gnupg (2.2.19-1) ...
Setting up python3-lib2to3 (3.8.0-1) ...
Setting up libboost-log-dev (1.67.0.2+b1) ...
Setting up python-dev (2.7.17-2) ...
Setting up libsolv0-dev:amd64 (0.6.36-2) ...
Setting up python3-distutils (3.8.0-1) ...
Setting up libfabric1 (1.6.2-3+b1) ...
Setting up libzypp1702:amd64 (17.7.0-1+b1) ...
Setting up libopenmpi3:amd64 (4.0.2-5) ...
Setting up libboost-mpi1.67.0 (1.67.0-17) ...
Setting up libzypp-dev:amd64 (17.7.0-1+b1) ...
Setting up libboost-graph-parallel1.67.0 (1.67.0-17) ...
Setting up python3-dev (3.7.5-3) ...
Setting up libboost-python1.67-dev (1.67.0-17) ...
Setting up openmpi-bin (4.0.2-5) ...
update-alternatives: using /usr/bin/mpirun.openmpi to provide /usr/bin/mpirun (mpirun) in auto mode
update-alternatives: using /usr/bin/mpicc.openmpi to provide /usr/bin/mpicc (mpi) in auto mode
Setting up mpi-default-bin (1.13) ...
Setting up libboost-graph-parallel1.67-dev (1.67.0-17) ...
Setting up libboost-python-dev (1.67.0.2+b1) ...
Setting up libboost-graph-parallel-dev (1.67.0.2+b1) ...
Setting up libopenmpi-dev:amd64 (4.0.2-5) ...
update-alternatives: using /usr/lib/x86_64-linux-gnu/openmpi/include to provide /usr/include/x86_64-linux-gnu/mpi (mpi-x86_64-linux-gnu) in auto mode
Setting up libboost-mpi-python1.67.0 (1.67.0-17) ...
Setting up mpi-default-dev (1.13) ...
Setting up libboost-mpi1.67-dev (1.67.0-17) ...
Setting up libboost-mpi-dev (1.67.0.2+b1) ...
Setting up libboost-mpi-python1.67-dev (1.67.0-17) ...
Setting up libboost-mpi-python-dev (1.67.0.2+b1) ...
Setting up libboost-all-dev (1.67.0.2+b1) ...
Setting up dh-autoreconf (19) ...
Setting up ruby2.5 (2.5.7-1+b1) ...
Setting up debhelper (12.9) ...
Setting up ruby (1:2.5.7.1) ...
Setting up ruby-asciidoctor (2.0.10-2) ...
Setting up rake (13.0.1-2) ...
Setting up asciidoctor (2.0.10-2) ...
Setting up sbuild-build-depends-main-dummy (0.invalid.0) ...
Setting up libruby2.5:amd64 (2.5.7-1+b1) ...
Processing triggers for libc-bin (2.29-10) ...
Processing triggers for ca-certificates (20190110) ...
Updating certificates in /etc/ssl/certs...
0 added, 0 removed; done.
Running hooks in /etc/ca-certificates/update.d...
done.

+------------------------------------------------------------------------------+
| Check architectures                                                          |
+------------------------------------------------------------------------------+

Arch check ok (amd64 included in any all)

+------------------------------------------------------------------------------+
| Build environment                                                            |
+------------------------------------------------------------------------------+

Kernel: Linux 4.19.0-6-cloud-amd64 #1 SMP Debian 4.19.67-2+deb10u2 (2019-11-11) amd64 (x86_64)
Toolchain package versions: binutils_2.34-3 dpkg-dev_1.19.7 g++-9_9.2.1-30 gcc-9_9.2.1-30 libc6-dev_2.29-10 libstdc++-9-dev_9.2.1-30 libstdc++6_10-20200222-1 linux-libc-dev_5.4.19-1
Package versions: adduser_3.118 apt_1.8.4 asciidoctor_2.0.10-2 augeas-lenses_1.12.0-1 autoconf_2.69-11.1 automake_1:1.16.1-4 autopoint_0.19.8.1-10 autotools-dev_20180224.1 base-files_11 base-passwd_3.5.47 bash_5.0-5 binutils_2.34-3 binutils-common_2.34-3 binutils-x86-64-linux-gnu_2.34-3 bsdmainutils_11.1.2+b1 bsdutils_1:2.34-0.1 build-essential_12.8 bzip2_1.0.8-2 ca-certificates_20190110 cdbs_0.4.159 clang-10_1:10.0.0~+rc2-1 cmake_3.16.3-1 cmake-data_3.16.3-1 coreutils_8.30-3+b1 cpp_4:9.2.1-3.1 cpp-9_9.2.1-30 dash_0.5.10.2-6 debconf_1.5.73 debhelper_12.9 debian-archive-keyring_2019.1 debianutils_4.9.1 debugedit_4.14.2.1+dfsg1-1+b1 dh-autoreconf_19 dh-strip-nondeterminism_1.6.3-2 diffutils_1:3.7-3 dirmngr_2.2.19-1 dpkg_1.19.7 dpkg-dev_1.19.7 dwz_0.13-5 e2fsprogs_1.45.5-2 fakeroot_1.24-1 fdisk_2.34-0.1 file_1:5.38-4 findutils_4.7.0-1 g++_4:9.2.1-3.1 g++-9_9.2.1-30 gcc_4:9.2.1-3.1 gcc-10-base_10-20200222-1 gcc-9_9.2.1-30 gcc-9-base_9.2.1-30 gettext_0.19.8.1-10 gettext-base_0.19.8.1-10 gfortran-9_9.2.1-30 gnupg_2.2.19-1 gnupg-l10n_2.2.19-1 gnupg-utils_2.2.19-1 gpg_2.2.19-1 gpg-agent_2.2.19-1 gpg-wks-client_2.2.19-1 gpg-wks-server_2.2.19-1 gpgconf_2.2.19-1 gpgsm_2.2.19-1 gpgv_2.2.19-1 grep_3.4-1 groff-base_1.22.4-4 gzip_1.9-3+b1 hostname_3.23 ibverbs-providers_28.0-1 icu-devtools_63.2-2 init-system-helpers_1.57 intltool-debian_0.35.0+20060710.5 lib32gcc-s1_10-20200222-1 lib32gcc1_1:10-20200222-1 lib32stdc++6_10-20200222-1 libacl1_2.2.53-5 libapt-pkg5.0_1.8.4 libarchive-zip-perl_1.67-1 libarchive13_3.4.0-1+b1 libasan5_9.2.1-30 libassuan-dev_2.5.3-7 libassuan0_2.5.3-7 libatomic1_10-20200222-1 libattr1_1:2.4.48-5 libaudit-common_1:2.8.5-2 libaudit1_1:2.8.5-2+b1 libaugeas-dev_1.12.0-1+b1 libaugeas0_1.12.0-1+b1 libbinutils_2.34-3 libblkid1_2.34-0.1 libboost-all-dev_1.67.0.2+b1 libboost-atomic-dev_1.67.0.2+b1 libboost-atomic1.67-dev_1.67.0-17 libboost-atomic1.67.0_1.67.0-17 libboost-chrono-dev_1.67.0.2+b1 libboost-chrono1.67-dev_1.67.0-17 libboost-chrono1.67.0_1.67.0-17 libboost-container-dev_1.67.0.2+b1 libboost-container1.67-dev_1.67.0-17 libboost-container1.67.0_1.67.0-17 libboost-context-dev_1.67.0.2+b1 libboost-context1.67-dev_1.67.0-17 libboost-context1.67.0_1.67.0-17 libboost-coroutine-dev_1.67.0.2+b1 libboost-coroutine1.67-dev_1.67.0-17 libboost-coroutine1.67.0_1.67.0-17 libboost-date-time-dev_1.67.0.2+b1 libboost-date-time1.67-dev_1.67.0-17 libboost-date-time1.67.0_1.67.0-17 libboost-dev_1.67.0.2+b1 libboost-exception-dev_1.67.0.2+b1 libboost-exception1.67-dev_1.67.0-17 libboost-fiber-dev_1.67.0.2+b1 libboost-fiber1.67-dev_1.67.0-17 libboost-fiber1.67.0_1.67.0-17 libboost-filesystem-dev_1.67.0.2+b1 libboost-filesystem1.67-dev_1.67.0-17 libboost-filesystem1.67.0_1.67.0-17 libboost-graph-dev_1.67.0.2+b1 libboost-graph-parallel-dev_1.67.0.2+b1 libboost-graph-parallel1.67-dev_1.67.0-17 libboost-graph-parallel1.67.0_1.67.0-17 libboost-graph1.67-dev_1.67.0-17 libboost-graph1.67.0_1.67.0-17 libboost-iostreams-dev_1.67.0.2+b1 libboost-iostreams1.67-dev_1.67.0-17 libboost-iostreams1.67.0_1.67.0-17 libboost-locale-dev_1.67.0.2+b1 libboost-locale1.67-dev_1.67.0-17 libboost-locale1.67.0_1.67.0-17 libboost-log-dev_1.67.0.2+b1 libboost-log1.67-dev_1.67.0-17 libboost-log1.67.0_1.67.0-17 libboost-math-dev_1.67.0.2+b1 libboost-math1.67-dev_1.67.0-17 libboost-math1.67.0_1.67.0-17 libboost-mpi-dev_1.67.0.2+b1 libboost-mpi-python-dev_1.67.0.2+b1 libboost-mpi-python1.67-dev_1.67.0-17 libboost-mpi-python1.67.0_1.67.0-17 libboost-mpi1.67-dev_1.67.0-17 libboost-mpi1.67.0_1.67.0-17 libboost-numpy-dev_1.67.0.2+b1 libboost-numpy1.67-dev_1.67.0-17 libboost-numpy1.67.0_1.67.0-17 libboost-program-options-dev_1.67.0.2+b1 libboost-program-options1.67-dev_1.67.0-17 libboost-program-options1.67.0_1.67.0-17 libboost-python-dev_1.67.0.2+b1 libboost-python1.67-dev_1.67.0-17 libboost-python1.67.0_1.67.0-17 libboost-random-dev_1.67.0.2+b1 libboost-random1.67-dev_1.67.0-17 libboost-random1.67.0_1.67.0-17 libboost-regex-dev_1.67.0.2+b1 libboost-regex1.67-dev_1.67.0-17 libboost-regex1.67.0_1.67.0-17 libboost-serialization-dev_1.67.0.2+b1 libboost-serialization1.67-dev_1.67.0-17 libboost-serialization1.67.0_1.67.0-17 libboost-signals-dev_1.67.0.2+b1 libboost-signals1.67-dev_1.67.0-17 libboost-signals1.67.0_1.67.0-17 libboost-stacktrace-dev_1.67.0.2+b1 libboost-stacktrace1.67-dev_1.67.0-17 libboost-stacktrace1.67.0_1.67.0-17 libboost-system-dev_1.67.0.2+b1 libboost-system1.67-dev_1.67.0-17 libboost-system1.67.0_1.67.0-17 libboost-test-dev_1.67.0.2+b1 libboost-test1.67-dev_1.67.0-17 libboost-test1.67.0_1.67.0-17 libboost-thread-dev_1.67.0.2+b1 libboost-thread1.67-dev_1.67.0-17 libboost-thread1.67.0_1.67.0-17 libboost-timer-dev_1.67.0.2+b1 libboost-timer1.67-dev_1.67.0-17 libboost-timer1.67.0_1.67.0-17 libboost-tools-dev_1.67.0.2+b1 libboost-type-erasure-dev_1.67.0.2+b1 libboost-type-erasure1.67-dev_1.67.0-17 libboost-type-erasure1.67.0_1.67.0-17 libboost-wave-dev_1.67.0.2+b1 libboost-wave1.67-dev_1.67.0-17 libboost-wave1.67.0_1.67.0-17 libboost1.67-dev_1.67.0-17 libboost1.67-tools-dev_1.67.0-17 libbrotli1_1.0.7-6 libbsd0_0.10.0-1 libbz2-1.0_1.0.8-2 libbz2-dev_1.0.8-2 libc-bin_2.29-10 libc-dev-bin_2.29-10 libc6_2.29-10 libc6-dev_2.29-10 libc6-i386_2.29-10 libcap-ng0_0.7.9-2.1+b1 libcap2_1:2.32-1 libcbor0_0.5.0+dfsg-2 libcc1-0_10-20200222-1 libclang-common-10-dev_1:10.0.0~+rc2-1 libclang-cpp10_1:10.0.0~+rc2-1 libclang1-10_1:10.0.0~+rc2-1 libcom-err2_1.45.5-2 libcroco3_0.6.13-1 libcrypt-dev_1:4.4.10-10 libcrypt1_1:4.4.10-10 libctf-nobfd0_2.34-3 libctf0_2.34-3 libcurl4_7.68.0-1 libcurl4-openssl-dev_7.68.0-1 libdb-dev_5.3.1+nmu1 libdb5.3_5.3.28+dfsg1-0.6 libdb5.3-dev_5.3.28+dfsg1-0.6 libdbus-1-3_1.12.16-2 libdebconfclient0_0.251 libdebhelper-perl_12.9 libdpkg-perl_1.19.7 libdw1_0.176-1.1 libedit2_3.1-20191231-1 libelf1_0.176-1.1 libevent-2.1-7_2.1.11-stable-1 libevent-core-2.1-7_2.1.11-stable-1 libevent-dev_2.1.11-stable-1 libevent-extra-2.1-7_2.1.11-stable-1 libevent-openssl-2.1-7_2.1.11-stable-1 libevent-pthreads-2.1-7_2.1.11-stable-1 libexpat1_2.2.9-1 libexpat1-dev_2.2.9-1 libext2fs2_1.45.5-2 libfabric1_1.6.2-3+b1 libfakeroot_1.24-1 libfdisk1_2.34-0.1 libffi7_3.3-3 libfido2-1_1.3.1-1 libfile-stripnondeterminism-perl_1.6.3-2 libgc1c2_1:7.6.4-0.4 libgcc-9-dev_9.2.1-30 libgcc-s1_10-20200222-1 libgcc1_1:10-20200222-1 libgcrypt20_1.8.5-5 libgdbm-compat4_1.18.1-5 libgdbm6_1.18.1-5 libgfortran-9-dev_9.2.1-30 libgfortran5_10-20200222-1 libglib2.0-0_2.62.4-2 libgmp10_2:6.2.0+dfsg-4 libgnutls30_3.6.12-2 libgomp1_10-20200222-1 libgpg-error-dev_1.37-1 libgpg-error0_1.37-1 libgpgme-dev_1.13.1-6 libgpgme11_1.13.1-6 libgssapi-krb5-2_1.17-6 libhogweed5_3.5.1+really3.5.1-2 libhwloc-dev_2.1.0+dfsg-3 libhwloc-plugins_2.1.0+dfsg-3 libhwloc15_2.1.0+dfsg-3 libibverbs-dev_28.0-1 libibverbs1_28.0-1 libicu-dev_63.2-2 libicu63_63.2-2 libidn2-0_2.2.0-2 libisl22_0.22.1-1 libitm1_10-20200222-1 libjsoncpp1_1.7.4-3.1 libk5crypto3_1.17-6 libkeyutils1_1.6.1-2 libkrb5-3_1.17-6 libkrb5support0_1.17-6 libksba8_1.3.5-2 libldap-2.4-2_2.4.49+dfsg-1 libldap-common_2.4.49+dfsg-1 libllvm10_1:10.0.0~+rc2-1 liblsan0_10-20200222-1 libltdl-dev_2.4.6-13 libltdl7_2.4.6-13 liblua5.2-0_5.2.4-1.1+b3 liblz4-1_1.9.2-2 liblzma5_5.2.4-1+b1 libmagic-mgc_1:5.38-4 libmagic1_1:5.38-4 libmount1_2.34-0.1 libmpc3_1.1.0-1 libmpdec2_2.4.2-2 libmpfr6_4.0.2-1 libncurses-dev_6.1+20191019-1 libncurses6_6.1+20191019-1 libncursesw6_6.1+20191019-1 libnettle7_3.5.1+really3.5.1-2 libnghttp2-14_1.40.0-1 libnl-3-200_3.4.0-1+b1 libnl-3-dev_3.4.0-1+b1 libnl-route-3-200_3.4.0-1+b1 libnl-route-3-dev_3.4.0-1+b1 libnpth0_1.6-1 libnspr4_2:4.24-1 libnss3_2:3.50-1 libnuma-dev_2.0.12-1+b1 libnuma1_2.0.12-1+b1 libobjc-9-dev_9.2.1-30 libobjc4_10-20200222-1 libomp-10-dev_1:10.0.0~+rc2-1 libomp5-10_1:10.0.0~+rc2-1 libopenmpi-dev_4.0.2-5 libopenmpi3_4.0.2-5 libp11-kit0_0.23.20-1 libpam-modules_1.3.1-5 libpam-modules-bin_1.3.1-5 libpam-runtime_1.3.1-5 libpam0g_1.3.1-5 libpciaccess0_0.14-1 libpcre2-16-0_10.34-7 libpcre2-32-0_10.34-7 libpcre2-8-0_10.34-7 libpcre2-dev_10.34-7 libpcre2-posix2_10.34-7 libpcre3_2:8.39-12+b1 libperl5.30_5.30.0-9 libpipeline1_1.5.2-2 libpmix2_3.1.4-1+b1 libpopt-dev_1.16-14 libpopt0_1.16-14 libprocps8_2:3.3.16-1+b1 libproxy-dev_0.4.15-9 libproxy1v5_0.4.15-9 libpsl5_0.20.2-2 libpsm-infinipath1_3.3+20.604758e7-6+b1 libpsm2-2_11.2.86-1 libpython-dev_2.7.17-2 libpython-stdlib_2.7.17-2 libpython2-dev_2.7.17-2 libpython2-stdlib_2.7.17-2 libpython2.7_2.7.17-1+b1 libpython2.7-dev_2.7.17-1+b1 libpython2.7-minimal_2.7.17-1+b1 libpython2.7-stdlib_2.7.17-1+b1 libpython3-dev_3.7.5-3 libpython3-stdlib_3.7.5-3 libpython3.7_3.7.6-1+b1 libpython3.7-dev_3.7.6-1+b1 libpython3.7-minimal_3.7.6-1+b1 libpython3.7-stdlib_3.7.6-1+b1 libquadmath0_10-20200222-1 librdmacm1_28.0-1 libreadline-dev_8.0-3 libreadline8_8.0-3 librhash0_1.3.9-1 librpm-dev_4.14.2.1+dfsg1-1+b1 librpm8_4.14.2.1+dfsg1-1+b1 librpmbuild8_4.14.2.1+dfsg1-1+b1 librpmio8_4.14.2.1+dfsg1-1+b1 librpmsign8_4.14.2.1+dfsg1-1+b1 librtmp1_2.4+20151223.gitfa8646d.1-2+b1 libruby2.5_2.5.7-1+b1 libsasl2-2_2.1.27+dfsg-2 libsasl2-modules-db_2.1.27+dfsg-2 libseccomp2_2.4.2-2 libselinux1_3.0-1+b1 libselinux1-dev_3.0-1+b1 libsemanage-common_3.0-1 libsemanage1_3.0-1+b1 libsepol1_3.0-1 libsepol1-dev_3.0-1 libsigsegv2_2.12-2 libsmartcols1_2.34-0.1 libsolv-tools_0.6.36-2 libsolv0_0.6.36-2 libsolv0-dev_0.6.36-2 libsolvext0_0.6.36-2 libsolvext0-dev_0.6.36-2 libsqlite3-0_3.31.1-3 libsqlite3-dev_3.31.1-3 libss2_1.45.5-2 libssh2-1_1.8.0-2.1 libssl-dev_1.1.1d-2 libssl1.1_1.1.1d-2 libstdc++-9-dev_9.2.1-30 libstdc++6_10-20200222-1 libsub-override-perl_0.09-2 libsystemd0_244.3-1 libtasn1-6_4.16.0-2 libtinfo6_6.1+20191019-1 libtool_2.4.6-13 libtsan0_10-20200222-1 libubsan1_10-20200222-1 libuchardet0_0.0.6-3 libudev-dev_244.3-1 libudev1_244.3-1 libunistring2_0.9.10-2 libuuid1_2.34-0.1 libuv1_1.34.2-1 libx11-6_2:1.6.8-1 libx11-data_2:1.6.8-1 libxau6_1:1.0.8-1+b2 libxcb1_1.13.1-5 libxdmcp6_1:1.1.2-3 libxext6_2:1.3.3-1+b2 libxml2_2.9.10+dfsg-3 libxml2-dev_2.9.10+dfsg-3 libxnvctrl0_440.59-1 libyaml-0-2_0.2.2-1 libz3-4_4.8.7-4 libzstd1_1.4.4+dfsg-3 libzypp-dev_17.7.0-1+b1 libzypp1702_17.7.0-1+b1 linux-libc-dev_5.4.19-1 login_1:4.8.1-1 logsave_1.45.5-2 lsb-base_11.1.0 m4_1.4.18-4 make_4.2.1-1.2 man-db_2.9.0-2 mawk_1.3.4.20200120-2 mime-support_3.64 mount_2.34-0.1 mpi-default-bin_1.13 mpi-default-dev_1.13 ncurses-base_6.1+20191019-1 ncurses-bin_6.1+20191019-1 ocl-icd-libopencl1_2.2.12-3 openmpi-bin_4.0.2-5 openmpi-common_4.0.2-5 openssh-client_1:8.2p1-3 openssl_1.1.1d-2 passwd_1:4.8.1-1 patch_2.7.6-6 perl_5.30.0-9 perl-base_5.30.0-9 perl-modules-5.30_5.30.0-9 pinentry-curses_1.1.0-3+b1 po-debconf_1.0.21 procps_2:3.3.16-1+b1 python_2.7.17-2 python-dev_2.7.17-2 python-minimal_2.7.17-2 python2_2.7.17-2 python2-dev_2.7.17-2 python2-minimal_2.7.17-2 python2.7_2.7.17-1+b1 python2.7-dev_2.7.17-1+b1 python2.7-minimal_2.7.17-1+b1 python3_3.7.5-3 python3-dev_3.7.5-3 python3-distutils_3.8.0-1 python3-lib2to3_3.8.0-1 python3-minimal_3.7.5-3 python3.7_3.7.6-1+b1 python3.7-dev_3.7.6-1+b1 python3.7-minimal_3.7.6-1+b1 rake_13.0.1-2 readline-common_8.0-3 rpm_4.14.2.1+dfsg1-1+b1 rpm-common_4.14.2.1+dfsg1-1+b1 rpm2cpio_4.14.2.1+dfsg1-1+b1 ruby_1:2.5.7.1 ruby-asciidoctor_2.0.10-2 ruby-did-you-mean_1.2.1-1 ruby-minitest_5.13.0-1 ruby-net-telnet_0.1.1-2 ruby-power-assert_1.1.5-1 ruby-test-unit_3.3.4-1 ruby-xmlrpc_0.3.0-2 ruby2.5_2.5.7-1+b1 rubygems-integration_1.16 sbuild-build-depends-main-dummy_0.invalid.0 sed_4.7-1 sensible-utils_0.0.12+nmu1 sysvinit-utils_2.96-2.1 tar_1.30+dfsg-6+b1 tzdata_2019c-3 util-linux_2.34-0.1 xz-utils_5.2.4-1+b1 zlib1g_1:1.2.11.dfsg-2 zlib1g-dev_1:1.2.11.dfsg-2

+------------------------------------------------------------------------------+
| Build                                                                        |
+------------------------------------------------------------------------------+


Unpack source
-------------

-----BEGIN PGP SIGNED MESSAGE-----
Hash: SHA256

Format: 3.0 (quilt)
Source: zypper
Binary: zypper, zypper-common, zypper-doc
Architecture: any all
Version: 1.14.11-2
Maintainer: Mike Gabriel <sunweaver@debian.org>
Homepage: https://github.com/openSUSE/zypper
Standards-Version: 4.4.1
Vcs-Browser: https://salsa.debian.org/debian/zypper
Vcs-Git: https://salsa.debian.org/debian/zypper.git
Build-Depends: asciidoctor, debhelper (>= 10~), cdbs, cmake, libreadline-dev, libzypp-dev (>= 17.6.3), libaugeas-dev, libboost-all-dev, librpm-dev
Package-List:
 zypper deb admin optional arch=any
 zypper-common deb admin optional arch=all
 zypper-doc deb doc optional arch=all
Checksums-Sha1:
 867692f665c3060b0a75af21ace3b1d3f725ad2e 10369675 zypper_1.14.11.orig.tar.gz
 38519015cc064df68903978f09b87b5411eb5785 12708 zypper_1.14.11-2.debian.tar.xz
Checksums-Sha256:
 fc7b8f754cc7dc015dc0571797a740651a8e90757cf5e228ca1aab10b8920129 10369675 zypper_1.14.11.orig.tar.gz
 45f4ae7897e75d7e82fe4d05b37cfdb9a90cd32df38df91d1e605bceacd869da 12708 zypper_1.14.11-2.debian.tar.xz
Files:
 0c9aadb7c1aea823f37151e0d2f0b07e 10369675 zypper_1.14.11.orig.tar.gz
 7bdf195c05a917e9a1a5ebf6fd373c59 12708 zypper_1.14.11-2.debian.tar.xz

-----BEGIN PGP SIGNATURE-----

iQJJBAEBCAAzFiEEm/uu6GwKpf+/IgeCmvRrMCV3GzEFAl4W+qYVHHN1bndlYXZl
ckBkZWJpYW4ub3JnAAoJEJr0azAldxsxNJQQAKdjk+Z9nCm2kgJHZ9CZqhJ9y4Wv
8K6oQpXnHl+OXQjqh0RCvSvnoFI+rN9IUIsvJFF5sm+4Eg1ETeKRg+0Idf3WqNY8
mI6otTD9u05tp/bp98SUzwKZLycGFw8UtHAAlo9b21grnocBqZ+em749AJa7R1iD
wK3S+jHd1NUGIYxe2Qfy54g6cgL+eRLzY0o0BvUZdhqpCxrEXYlAO50aP76ceRi3
MFF9CTUHSXrTAPwM9tiI0D58ALoO4lHuiErgQjDREjwD+CEHyQjs8cPOp+jv61sm
H0xZXhv7ya1IWxhC6/Ri/S0OWDUKQmnp3e9kD6B0gLSgy8W3unn4oKU/pgU7nzOi
6/c/biyITLVX+2PhR73FBzxdMX1LgMfBDN08QTjy6kcipWpV6P3B0BSCU8lPn6A+
KKA02uHaaN2F7AjLLxy+HooihS+dCQzU5Hcies/5kkn1tKJW6QpMMmCWOBVKZQjE
aoiEK/lC65rR6u3z1y4vgnXKzIGb6nJe+0ZMt2rknb4tHBHjpsPevOwB0tqbItFg
SawkfZwCpV6pmShK3LTE7RFyPoyWLcW9gOiDOROTa10nQIsB+pnoFLuJHUdSz52i
TMQeVF7G/WUGgbvsFXpoJFpLH/As+M4oFyyib6SseHLvZzK2eIZ3K20xSMnUojUX
CMAGTYXlaEShxA64
=751M
-----END PGP SIGNATURE-----

gpgv: unknown type of key resource 'trustedkeys.kbx'
gpgv: keyblock resource '/sbuild-nonexistent/.gnupg/trustedkeys.kbx': General error
gpgv: Signature made Thu Jan  9 10:04:22 2020 UTC
gpgv:                using RSA key 9BFBAEE86C0AA5FFBF2207829AF46B3025771B31
gpgv:                issuer "sunweaver@debian.org"
gpgv: Can't check signature: No public key
dpkg-source: warning: failed to verify signature on ./zypper_1.14.11-2.dsc
dpkg-source: info: extracting zypper in /<<PKGBUILDDIR>>
dpkg-source: info: unpacking zypper_1.14.11.orig.tar.gz
dpkg-source: info: unpacking zypper_1.14.11-2.debian.tar.xz
dpkg-source: info: using patch list from debian/patches/series
dpkg-source: info: applying 1001_make-ZyppCommon-cmake-module-includable.patch
dpkg-source: info: applying 1002_some-spelling-fixes.patch
dpkg-source: info: applying 2001_build-tests-with-all.patch
dpkg-source: info: applying 2002_locale-workaround-in-unit-tests.patch
dpkg-source: info: applying 0001_bash-port-of-zypper-log.patch

Check disk space
----------------

Sufficient free space for build

User Environment
----------------

APT_CONFIG=/var/lib/sbuild/apt.conf
HOME=/sbuild-nonexistent
LANG=C.UTF-8
LC_ALL=C.UTF-8
LOGNAME=user42
PATH=/usr/local/sbin:/usr/local/bin:/usr/sbin:/usr/bin:/sbin:/bin:/usr/games
SCHROOT_ALIAS_NAME=unstable
SCHROOT_CHROOT_NAME=sid-amd64-sbuild
SCHROOT_COMMAND=env
SCHROOT_GID=1001
SCHROOT_GROUP=user42
SCHROOT_SESSION_ID=sid-amd64-sbuild-76b3d44d-6389-4eda-aa6f-79fa2029f7e4
SCHROOT_UID=1001
SCHROOT_USER=user42
SHELL=/bin/sh
USER=user42

dpkg-buildpackage
-----------------

Command: dpkg-buildpackage -us -uc -b -rfakeroot
dpkg-buildpackage: info: source package zypper
dpkg-buildpackage: info: source version 1.14.11-2
dpkg-buildpackage: info: source distribution unstable
dpkg-buildpackage: info: source changed by Mike Gabriel <sunweaver@debian.org>
 dpkg-source --before-build .
dpkg-buildpackage: info: host architecture amd64
 fakeroot debian/rules clean
CDBS WARNING:  copyright-check disabled - touch debian/copyright_hints to enable.
test -x debian/rules
rmdir obj-x86_64-linux-gnu
rmdir: failed to remove 'obj-x86_64-linux-gnu': No such file or directory
make: [/usr/share/cdbs/1/rules/buildcore.mk:49: cleanbuilddir] Error 1 (ignored)
rm -f debian/stamp-makefile-build debian/stamp-makefile-install
/usr/bin/make -C obj-x86_64-linux-gnu -j4 -k clean
make[1]: *** obj-x86_64-linux-gnu: No such file or directory.  Stop.
make: [/usr/share/cdbs/1/class/makefile.mk:91: makefile-clean] Error 2 (ignored)
rm -f debian/stamp-makefile-check
rm -rf obj-x86_64-linux-gnu
dh_clean 
rm -f debian/copyright_newhints
rm -f debian/cdbs-install-list debian/cdbs-package-list debian/stamp-copyright-check
rm -rf "debian/upstream-cruft"
rm -f debian/stamp-upstream-cruft
 debian/rules build
CDBS WARNING:  copyright-check disabled - touch debian/copyright_hints to enable.
test -x debian/rules
mkdir -p "obj-x86_64-linux-gnu"
CDBS WARNING:    DEB_DH_INSTALL_ARGS is deprecated since 0.4.85

Scanning upstream source for new/changed copyright notices...

set -e; LC_ALL=C.UTF-8 /usr/bin/licensecheck --check '.*' --recursive --copyright --deb-fmt --ignore '^(debian/(changelog|copyright(|_hints|_newhints)))$' --lines 0 -- * | /usr/lib/cdbs/licensecheck2dep5 > debian/copyright_newhints
/bin/sh: 1: /usr/bin/licensecheck: not found
0 combinations of copyright and licensing found.
diff: debian/copyright_hints: No such file or directory
No new copyright notices found - assuming no news is good news...
touch debian/stamp-copyright-check
touch debian/stamp-upstream-cruft
cd obj-x86_64-linux-gnu && cmake /<<PKGBUILDDIR>>/. -DCMAKE_INSTALL_PREFIX="/usr" -DCMAKE_C_COMPILER:FILEPATH="cc" -DCMAKE_CXX_COMPILER:FILEPATH="g++" -DCMAKE_C_FLAGS="-g -O2 -fdebug-prefix-map=/<<PKGBUILDDIR>>=. -fstack-protector-strong -Wformat -Werror=format-security -Wdate-time -D_FORTIFY_SOURCE=2" -DCMAKE_CXX_FLAGS="-g -O2 -fdebug-prefix-map=/<<PKGBUILDDIR>>=. -fstack-protector-strong -Wformat -Werror=format-security -Wdate-time -D_FORTIFY_SOURCE=2" -DCMAKE_SKIP_RPATH=ON -DCMAKE_VERBOSE_MAKEFILE=ON -DCMAKE_EXE_LINKER_FLAGS="-Wl,-z,relro -Wl,-z,now" -DCMAKE_MODULE_LINKER_FLAGS="-Wl,-z,relro -Wl,-z,now" -DCMAKE_SHARED_LINKER_FLAGS="-Wl,-z,relro -Wl,-z,now" -DCMAKE_INSTALL_PREFIX=/usr -DLIB=lib/x86_64-linux-gnu -DCMAKE_VERBOSE_MAKEFILE=ON
-- The C compiler identification is Clang 10.0.0
-- The CXX compiler identification is Clang 10.0.0
-- Check for working C compiler: /usr/bin/cc
-- Check for working C compiler: /usr/bin/cc -- works
-- Detecting C compiler ABI info
-- Detecting C compiler ABI info - done
-- Detecting C compile features
-- Detecting C compile features - done
-- Check for working CXX compiler: /usr/bin/g++
-- Check for working CXX compiler: /usr/bin/g++ -- works
-- Detecting CXX compiler ABI info
-- Detecting CXX compiler ABI info - done
-- Detecting CXX compile features
-- Detecting CXX compile features - done
-- Libraries will be installed in /usr/lib/x86_64-linux-gnu
-- Header files will be installed in /usr/include
-- Config files will be installed in /etc
** Manual files will be installed in /usr/share/man
-- Writing spec file...
-- I hate you rpm-lint...!!!
-- ZYpp path not set. Looking for it.
-- ZYpp found: includes in /usr/include/x86_64-linux-gnu, library in /usr/lib/x86_64-linux-gnu/libzypp.so
-- Found Gettext: /usr/bin/msgmerge (found version "0.19.8.1") 
-- readline found: includes in /usr/include, library in /usr/lib/x86_64-linux-gnu/libreadline.so
-- augeas found: includes in /usr/include, library in /usr/lib/x86_64-linux-gnu/libaugeas.so
-- Found LibXml2: /usr/lib/x86_64-linux-gnu/libxml2.so (found version "2.9.10") 
** Locale dir is /usr/share/locale
** ZYpper binary will be installed in /usr/bin
asciidoctor found: /usr/bin/asciidoctor
-- Configuring done
-- Generating done
-- Build files have been written to: /<<PKGBUILDDIR>>/obj-x86_64-linux-gnu
/usr/bin/make -C obj-x86_64-linux-gnu -j4 
make[1]: Entering directory '/<<PKGBUILDDIR>>/obj-x86_64-linux-gnu'
/usr/bin/cmake -S/<<PKGBUILDDIR>> -B/<<PKGBUILDDIR>>/obj-x86_64-linux-gnu --check-build-system CMakeFiles/Makefile.cmake 0
/usr/bin/cmake -E cmake_progress_start /<<PKGBUILDDIR>>/obj-x86_64-linux-gnu/CMakeFiles /<<PKGBUILDDIR>>/obj-x86_64-linux-gnu/CMakeFiles/progress.marks
/usr/bin/make -f CMakeFiles/Makefile2 all
make[2]: Entering directory '/<<PKGBUILDDIR>>/obj-x86_64-linux-gnu'
/usr/bin/make -f src/CMakeFiles/zypp-refresh.dir/build.make src/CMakeFiles/zypp-refresh.dir/depend
/usr/bin/make -f src/CMakeFiles/zypper_lib.dir/build.make src/CMakeFiles/zypper_lib.dir/depend
/usr/bin/make -f doc/CMakeFiles/zypp-refresh.8_Target.dir/build.make doc/CMakeFiles/zypp-refresh.8_Target.dir/depend
/usr/bin/make -f doc/CMakeFiles/zypper-log.8_Target.dir/build.make doc/CMakeFiles/zypper-log.8_Target.dir/depend
make[3]: Entering directory '/<<PKGBUILDDIR>>/obj-x86_64-linux-gnu'
cd /<<PKGBUILDDIR>>/obj-x86_64-linux-gnu && /usr/bin/cmake -E cmake_depends "Unix Makefiles" /<<PKGBUILDDIR>> /<<PKGBUILDDIR>>/src /<<PKGBUILDDIR>>/obj-x86_64-linux-gnu /<<PKGBUILDDIR>>/obj-x86_64-linux-gnu/src /<<PKGBUILDDIR>>/obj-x86_64-linux-gnu/src/CMakeFiles/zypp-refresh.dir/DependInfo.cmake --color=
make[3]: Entering directory '/<<PKGBUILDDIR>>/obj-x86_64-linux-gnu'
cd /<<PKGBUILDDIR>>/obj-x86_64-linux-gnu && /usr/bin/cmake -E cmake_depends "Unix Makefiles" /<<PKGBUILDDIR>> /<<PKGBUILDDIR>>/doc /<<PKGBUILDDIR>>/obj-x86_64-linux-gnu /<<PKGBUILDDIR>>/obj-x86_64-linux-gnu/doc /<<PKGBUILDDIR>>/obj-x86_64-linux-gnu/doc/CMakeFiles/zypp-refresh.8_Target.dir/DependInfo.cmake --color=
make[3]: Entering directory '/<<PKGBUILDDIR>>/obj-x86_64-linux-gnu'
cd /<<PKGBUILDDIR>>/obj-x86_64-linux-gnu && /usr/bin/cmake -E cmake_depends "Unix Makefiles" /<<PKGBUILDDIR>> /<<PKGBUILDDIR>>/doc /<<PKGBUILDDIR>>/obj-x86_64-linux-gnu /<<PKGBUILDDIR>>/obj-x86_64-linux-gnu/doc /<<PKGBUILDDIR>>/obj-x86_64-linux-gnu/doc/CMakeFiles/zypper-log.8_Target.dir/DependInfo.cmake --color=
make[3]: Entering directory '/<<PKGBUILDDIR>>/obj-x86_64-linux-gnu'
cd /<<PKGBUILDDIR>>/obj-x86_64-linux-gnu && /usr/bin/cmake -E cmake_depends "Unix Makefiles" /<<PKGBUILDDIR>> /<<PKGBUILDDIR>>/src /<<PKGBUILDDIR>>/obj-x86_64-linux-gnu /<<PKGBUILDDIR>>/obj-x86_64-linux-gnu/src /<<PKGBUILDDIR>>/obj-x86_64-linux-gnu/src/CMakeFiles/zypper_lib.dir/DependInfo.cmake --color=
Scanning dependencies of target zypper-log.8_Target
Scanning dependencies of target zypp-refresh
Scanning dependencies of target zypp-refresh.8_Target
make[3]: Leaving directory '/<<PKGBUILDDIR>>/obj-x86_64-linux-gnu'
/usr/bin/make -f doc/CMakeFiles/zypper-log.8_Target.dir/build.make doc/CMakeFiles/zypper-log.8_Target.dir/build
make[3]: Leaving directory '/<<PKGBUILDDIR>>/obj-x86_64-linux-gnu'
make[3]: Leaving directory '/<<PKGBUILDDIR>>/obj-x86_64-linux-gnu'
/usr/bin/make -f doc/CMakeFiles/zypp-refresh.8_Target.dir/build.make doc/CMakeFiles/zypp-refresh.8_Target.dir/build
/usr/bin/make -f src/CMakeFiles/zypp-refresh.dir/build.make src/CMakeFiles/zypp-refresh.dir/build
make[3]: Entering directory '/<<PKGBUILDDIR>>/obj-x86_64-linux-gnu'
make[3]: Entering directory '/<<PKGBUILDDIR>>/obj-x86_64-linux-gnu'
make[3]: Entering directory '/<<PKGBUILDDIR>>/obj-x86_64-linux-gnu'
[  1%] Building manpage zypper-log.8
[  1%] Building manpage zypp-refresh.8
cd /<<PKGBUILDDIR>>/obj-x86_64-linux-gnu/doc && /usr/bin/asciidoctor -D /<<PKGBUILDDIR>>/obj-x86_64-linux-gnu/doc -b manpage -d manpage /<<PKGBUILDDIR>>/doc/zypp-refresh.8.txt
cd /<<PKGBUILDDIR>>/obj-x86_64-linux-gnu/doc && /usr/bin/asciidoctor -D /<<PKGBUILDDIR>>/obj-x86_64-linux-gnu/doc -b manpage -d manpage /<<PKGBUILDDIR>>/doc/zypper-log.8.txt
[  2%] Building CXX object src/CMakeFiles/zypp-refresh.dir/zypp-refresh.cc.o
cd /<<PKGBUILDDIR>>/obj-x86_64-linux-gnu/src && /usr/bin/g++  -DLOCALEDIR=\"/usr/share/locale\" -DPACKAGE=\"zypper\" -DVERSION=\"1.14.11\" -D_FILE_OFFSET_BITS=64 -I/<<PKGBUILDDIR>> -I/<<PKGBUILDDIR>>/obj-x86_64-linux-gnu -I/usr/include/libxml2 -I/<<PKGBUILDDIR>>/src  -g -O2 -fdebug-prefix-map=/<<PKGBUILDDIR>>=. -fstack-protector-strong -Wformat -Werror=format-security -Wdate-time -D_FORTIFY_SOURCE=2 -g -O2 -Wall -Woverloaded-virtual -Wnon-virtual-dtor -fstack-protector -std=c++11 -fvisibility-inlines-hidden   -fwhole-program -fpie -fPIE -o CMakeFiles/zypp-refresh.dir/zypp-refresh.cc.o -c /<<PKGBUILDDIR>>/src/zypp-refresh.cc
clang: warning: optimization flag '-fwhole-program' is not supported [-Wignored-optimization-argument]
Scanning dependencies of target zypper_lib
make[3]: Leaving directory '/<<PKGBUILDDIR>>/obj-x86_64-linux-gnu'
/usr/bin/make -f src/CMakeFiles/zypper_lib.dir/build.make src/CMakeFiles/zypper_lib.dir/build
make[3]: Entering directory '/<<PKGBUILDDIR>>/obj-x86_64-linux-gnu'
[  3%] Building CXX object src/CMakeFiles/zypper_lib.dir/Zypper.cc.o
cd /<<PKGBUILDDIR>>/obj-x86_64-linux-gnu/src && /usr/bin/g++  -DLOCALEDIR=\"/usr/share/locale\" -DPACKAGE=\"zypper\" -DVERSION=\"1.14.11\" -D_FILE_OFFSET_BITS=64 -I/<<PKGBUILDDIR>> -I/<<PKGBUILDDIR>>/obj-x86_64-linux-gnu -I/usr/include/libxml2 -I/<<PKGBUILDDIR>>/src  -g -O2 -fdebug-prefix-map=/<<PKGBUILDDIR>>=. -fstack-protector-strong -Wformat -Werror=format-security -Wdate-time -D_FORTIFY_SOURCE=2 -g -O2 -Wall -Woverloaded-virtual -Wnon-virtual-dtor -fstack-protector -std=c++11 -fvisibility-inlines-hidden   -o CMakeFiles/zypper_lib.dir/Zypper.cc.o -c /<<PKGBUILDDIR>>/src/Zypper.cc
make[3]: Leaving directory '/<<PKGBUILDDIR>>/obj-x86_64-linux-gnu'
make[3]: Leaving directory '/<<PKGBUILDDIR>>/obj-x86_64-linux-gnu'
[  3%] Built target zypper-log.8_Target
/usr/bin/make -f doc/CMakeFiles/zypper.8_Target.dir/build.make doc/CMakeFiles/zypper.8_Target.dir/depend
[  3%] Built target zypp-refresh.8_Target
/usr/bin/make -f tests/lib/CMakeFiles/zypper_test_utils.dir/build.make tests/lib/CMakeFiles/zypper_test_utils.dir/depend
make[3]: Entering directory '/<<PKGBUILDDIR>>/obj-x86_64-linux-gnu'
cd /<<PKGBUILDDIR>>/obj-x86_64-linux-gnu && /usr/bin/cmake -E cmake_depends "Unix Makefiles" /<<PKGBUILDDIR>> /<<PKGBUILDDIR>>/doc /<<PKGBUILDDIR>>/obj-x86_64-linux-gnu /<<PKGBUILDDIR>>/obj-x86_64-linux-gnu/doc /<<PKGBUILDDIR>>/obj-x86_64-linux-gnu/doc/CMakeFiles/zypper.8_Target.dir/DependInfo.cmake --color=
make[3]: Entering directory '/<<PKGBUILDDIR>>/obj-x86_64-linux-gnu'
cd /<<PKGBUILDDIR>>/obj-x86_64-linux-gnu && /usr/bin/cmake -E cmake_depends "Unix Makefiles" /<<PKGBUILDDIR>> /<<PKGBUILDDIR>>/tests/lib /<<PKGBUILDDIR>>/obj-x86_64-linux-gnu /<<PKGBUILDDIR>>/obj-x86_64-linux-gnu/tests/lib /<<PKGBUILDDIR>>/obj-x86_64-linux-gnu/tests/lib/CMakeFiles/zypper_test_utils.dir/DependInfo.cmake --color=
Scanning dependencies of target zypper.8_Target
make[3]: Leaving directory '/<<PKGBUILDDIR>>/obj-x86_64-linux-gnu'
/usr/bin/make -f doc/CMakeFiles/zypper.8_Target.dir/build.make doc/CMakeFiles/zypper.8_Target.dir/build
make[3]: Entering directory '/<<PKGBUILDDIR>>/obj-x86_64-linux-gnu'
Scanning dependencies of target zypper_test_utils
make[3]: Leaving directory '/<<PKGBUILDDIR>>/obj-x86_64-linux-gnu'
/usr/bin/make -f tests/lib/CMakeFiles/zypper_test_utils.dir/build.make tests/lib/CMakeFiles/zypper_test_utils.dir/build
make[3]: Entering directory '/<<PKGBUILDDIR>>/obj-x86_64-linux-gnu'
[  4%] Building manpage zypper.8
cd /<<PKGBUILDDIR>>/obj-x86_64-linux-gnu/doc && /usr/bin/asciidoctor -D /<<PKGBUILDDIR>>/obj-x86_64-linux-gnu/doc -b manpage -d manpage /<<PKGBUILDDIR>>/doc/zypper.8.txt
[  5%] Linking CXX static library libzypper_test_utils.a
cd /<<PKGBUILDDIR>>/obj-x86_64-linux-gnu/tests/lib && /usr/bin/cmake -P CMakeFiles/zypper_test_utils.dir/cmake_clean_target.cmake
cd /<<PKGBUILDDIR>>/obj-x86_64-linux-gnu/tests/lib && /usr/bin/cmake -E cmake_link_script CMakeFiles/zypper_test_utils.dir/link.txt --verbose=1
/usr/bin/ar qc libzypper_test_utils.a  
/usr/bin/ranlib libzypper_test_utils.a
make[3]: Leaving directory '/<<PKGBUILDDIR>>/obj-x86_64-linux-gnu'
[  5%] Built target zypper_test_utils
/usr/bin/make -f po/CMakeFiles/translations.dir/build.make po/CMakeFiles/translations.dir/depend
make[3]: Entering directory '/<<PKGBUILDDIR>>/obj-x86_64-linux-gnu'
cd /<<PKGBUILDDIR>>/obj-x86_64-linux-gnu && /usr/bin/cmake -E cmake_depends "Unix Makefiles" /<<PKGBUILDDIR>> /<<PKGBUILDDIR>>/po /<<PKGBUILDDIR>>/obj-x86_64-linux-gnu /<<PKGBUILDDIR>>/obj-x86_64-linux-gnu/po /<<PKGBUILDDIR>>/obj-x86_64-linux-gnu/po/CMakeFiles/translations.dir/DependInfo.cmake --color=
Scanning dependencies of target translations
make[3]: Leaving directory '/<<PKGBUILDDIR>>/obj-x86_64-linux-gnu'
/usr/bin/make -f po/CMakeFiles/translations.dir/build.make po/CMakeFiles/translations.dir/build
make[3]: Entering directory '/<<PKGBUILDDIR>>/obj-x86_64-linux-gnu'
[  6%] Extract translatable messages to /<<PKGBUILDDIR>>/obj-x86_64-linux-gnu/po/zypper.pot
cd /<<PKGBUILDDIR>> && xgettext -L C++ --boost --no-wrap --add-comments --add-location --foreign-user --keyword=_ --keyword=_:1,2 --keyword=__ --keyword=N_ --keyword=PL_:1,2 --copyright-holder="SuSE Linux GmbH, Nuernberg" --package-name=zypper --default-domain=zypper --output=/<<PKGBUILDDIR>>/obj-x86_64-linux-gnu/po/zypper.pot src/Command.cc src/Command.h src/Config.cc src/Config.h src/PackageArgs.cc src/PackageArgs.h src/RequestFeedback.cc src/SolverRequester.cc src/SolverRequester.h src/Summary.cc src/Summary.h src/Table.cc src/Table.h src/ZCOMMAND.cc src/ZCOMMAND.h src/Zypper.cc src/Zypper.h src/callbacks/job.h src/callbacks/keyring.h src/callbacks/locks.h src/callbacks/media.cc src/callbacks/media.h src/callbacks/repo.h src/callbacks/rpm.h src/commands/basecommand.cc src/commands/basecommand.h src/commands/commandhelpformatter.cc src/commands/commandhelpformatter.h src/commands/locks.h src/commands/locks/add.cc src/commands/locks/add.h src/commands/locks/list.cc src/commands/locks/list.h src/commands/locks/remove.cc src/commands/locks/remove.h src/configtest.cc src/configtest.h src/download.cc src/download.h src/info.cc src/info.h src/locks.cc src/locks.h src/main.cc src/main.h src/misc.cc src/misc.h src/output/AliveCursor.h src/output/Out.cc src/output/Out.h src/output/OutNormal.cc src/output/OutNormal.h src/output/OutXML.cc src/output/OutXML.h src/output/Utf8.h src/output/prompt.h src/ps.cc src/ps.h src/repos.cc src/repos.h src/search.cc src/search.h src/solve-commit.cc src/solve-commit.h src/source-download.cc src/source-download.h src/subcommand.cc src/subcommand.h src/update.cc src/update.h src/utils/Augeas.cc src/utils/Augeas.h src/utils/XmlFilter.h src/utils/ansi.h src/utils/colors.cc src/utils/colors.h src/utils/console.cc src/utils/console.h src/utils/flags/exceptions.cc src/utils/flags/exceptions.h src/utils/flags/flagtypes.cc src/utils/flags/flagtypes.h src/utils/flags/zyppflags.cc src/utils/flags/zyppflags.h src/utils/getopt.cc src/utils/getopt.h src/utils/messages.cc src/utils/messages.h src/utils/misc.cc src/utils/misc.h src/utils/pager.cc src/utils/pager.h src/utils/prompt.cc src/utils/prompt.h src/utils/richtext.cc src/utils/richtext.h src/utils/text.cc src/utils/text.h src/zypp-refresh.cc
[  7%] Update /<<PKGBUILDDIR>>/obj-x86_64-linux-gnu/po/zu.gmo
cd /<<PKGBUILDDIR>>/obj-x86_64-linux-gnu/po && /usr/bin/msgmerge --quiet --no-fuzzy-matching -o /<<PKGBUILDDIR>>/obj-x86_64-linux-gnu/po/zu.po /<<PKGBUILDDIR>>/po/zu.po /<<PKGBUILDDIR>>/obj-x86_64-linux-gnu/po/zypper.pot
make[3]: Leaving directory '/<<PKGBUILDDIR>>/obj-x86_64-linux-gnu'
cd /<<PKGBUILDDIR>>/obj-x86_64-linux-gnu/po && /usr/bin/msgfmt -o /<<PKGBUILDDIR>>/obj-x86_64-linux-gnu/po/zu.gmo /<<PKGBUILDDIR>>/obj-x86_64-linux-gnu/po/zu.po
[  7%] Built target zypper.8_Target
[  8%] Update /<<PKGBUILDDIR>>/obj-x86_64-linux-gnu/po/af.gmo
cd /<<PKGBUILDDIR>>/obj-x86_64-linux-gnu/po && /usr/bin/msgmerge --quiet --no-fuzzy-matching -o /<<PKGBUILDDIR>>/obj-x86_64-linux-gnu/po/af.po /<<PKGBUILDDIR>>/po/af.po /<<PKGBUILDDIR>>/obj-x86_64-linux-gnu/po/zypper.pot
[  9%] Update /<<PKGBUILDDIR>>/obj-x86_64-linux-gnu/po/ar.gmo
cd /<<PKGBUILDDIR>>/obj-x86_64-linux-gnu/po && /usr/bin/msgmerge --quiet --no-fuzzy-matching -o /<<PKGBUILDDIR>>/obj-x86_64-linux-gnu/po/ar.po /<<PKGBUILDDIR>>/po/ar.po /<<PKGBUILDDIR>>/obj-x86_64-linux-gnu/po/zypper.pot
cd /<<PKGBUILDDIR>>/obj-x86_64-linux-gnu/po && /usr/bin/msgfmt -o /<<PKGBUILDDIR>>/obj-x86_64-linux-gnu/po/af.gmo /<<PKGBUILDDIR>>/obj-x86_64-linux-gnu/po/af.po
cd /<<PKGBUILDDIR>>/obj-x86_64-linux-gnu/po && /usr/bin/msgfmt -o /<<PKGBUILDDIR>>/obj-x86_64-linux-gnu/po/ar.gmo /<<PKGBUILDDIR>>/obj-x86_64-linux-gnu/po/ar.po
[ 10%] Update /<<PKGBUILDDIR>>/obj-x86_64-linux-gnu/po/ast.gmo
cd /<<PKGBUILDDIR>>/obj-x86_64-linux-gnu/po && /usr/bin/msgmerge --quiet --no-fuzzy-matching -o /<<PKGBUILDDIR>>/obj-x86_64-linux-gnu/po/ast.po /<<PKGBUILDDIR>>/po/ast.po /<<PKGBUILDDIR>>/obj-x86_64-linux-gnu/po/zypper.pot
[ 11%] Update /<<PKGBUILDDIR>>/obj-x86_64-linux-gnu/po/be.gmo
cd /<<PKGBUILDDIR>>/obj-x86_64-linux-gnu/po && /usr/bin/msgmerge --quiet --no-fuzzy-matching -o /<<PKGBUILDDIR>>/obj-x86_64-linux-gnu/po/be.po /<<PKGBUILDDIR>>/po/be.po /<<PKGBUILDDIR>>/obj-x86_64-linux-gnu/po/zypper.pot
cd /<<PKGBUILDDIR>>/obj-x86_64-linux-gnu/po && /usr/bin/msgfmt -o /<<PKGBUILDDIR>>/obj-x86_64-linux-gnu/po/ast.gmo /<<PKGBUILDDIR>>/obj-x86_64-linux-gnu/po/ast.po
cd /<<PKGBUILDDIR>>/obj-x86_64-linux-gnu/po && /usr/bin/msgfmt -o /<<PKGBUILDDIR>>/obj-x86_64-linux-gnu/po/be.gmo /<<PKGBUILDDIR>>/obj-x86_64-linux-gnu/po/be.po
[ 12%] Update /<<PKGBUILDDIR>>/obj-x86_64-linux-gnu/po/bg.gmo
cd /<<PKGBUILDDIR>>/obj-x86_64-linux-gnu/po && /usr/bin/msgmerge --quiet --no-fuzzy-matching -o /<<PKGBUILDDIR>>/obj-x86_64-linux-gnu/po/bg.po /<<PKGBUILDDIR>>/po/bg.po /<<PKGBUILDDIR>>/obj-x86_64-linux-gnu/po/zypper.pot
[ 13%] Update /<<PKGBUILDDIR>>/obj-x86_64-linux-gnu/po/bn.gmo
cd /<<PKGBUILDDIR>>/obj-x86_64-linux-gnu/po && /usr/bin/msgmerge --quiet --no-fuzzy-matching -o /<<PKGBUILDDIR>>/obj-x86_64-linux-gnu/po/bn.po /<<PKGBUILDDIR>>/po/bn.po /<<PKGBUILDDIR>>/obj-x86_64-linux-gnu/po/zypper.pot
cd /<<PKGBUILDDIR>>/obj-x86_64-linux-gnu/po && /usr/bin/msgfmt -o /<<PKGBUILDDIR>>/obj-x86_64-linux-gnu/po/bg.gmo /<<PKGBUILDDIR>>/obj-x86_64-linux-gnu/po/bg.po
cd /<<PKGBUILDDIR>>/obj-x86_64-linux-gnu/po && /usr/bin/msgfmt -o /<<PKGBUILDDIR>>/obj-x86_64-linux-gnu/po/bn.gmo /<<PKGBUILDDIR>>/obj-x86_64-linux-gnu/po/bn.po
[ 14%] Update /<<PKGBUILDDIR>>/obj-x86_64-linux-gnu/po/bs.gmo
cd /<<PKGBUILDDIR>>/obj-x86_64-linux-gnu/po && /usr/bin/msgmerge --quiet --no-fuzzy-matching -o /<<PKGBUILDDIR>>/obj-x86_64-linux-gnu/po/bs.po /<<PKGBUILDDIR>>/po/bs.po /<<PKGBUILDDIR>>/obj-x86_64-linux-gnu/po/zypper.pot
[ 14%] Update /<<PKGBUILDDIR>>/obj-x86_64-linux-gnu/po/ca.gmo
cd /<<PKGBUILDDIR>>/obj-x86_64-linux-gnu/po && /usr/bin/msgmerge --quiet --no-fuzzy-matching -o /<<PKGBUILDDIR>>/obj-x86_64-linux-gnu/po/ca.po /<<PKGBUILDDIR>>/po/ca.po /<<PKGBUILDDIR>>/obj-x86_64-linux-gnu/po/zypper.pot
cd /<<PKGBUILDDIR>>/obj-x86_64-linux-gnu/po && /usr/bin/msgfmt -o /<<PKGBUILDDIR>>/obj-x86_64-linux-gnu/po/bs.gmo /<<PKGBUILDDIR>>/obj-x86_64-linux-gnu/po/bs.po
[ 15%] Update /<<PKGBUILDDIR>>/obj-x86_64-linux-gnu/po/cs.gmo
cd /<<PKGBUILDDIR>>/obj-x86_64-linux-gnu/po && /usr/bin/msgmerge --quiet --no-fuzzy-matching -o /<<PKGBUILDDIR>>/obj-x86_64-linux-gnu/po/cs.po /<<PKGBUILDDIR>>/po/cs.po /<<PKGBUILDDIR>>/obj-x86_64-linux-gnu/po/zypper.pot
cd /<<PKGBUILDDIR>>/obj-x86_64-linux-gnu/po && /usr/bin/msgfmt -o /<<PKGBUILDDIR>>/obj-x86_64-linux-gnu/po/ca.gmo /<<PKGBUILDDIR>>/obj-x86_64-linux-gnu/po/ca.po
[ 16%] Update /<<PKGBUILDDIR>>/obj-x86_64-linux-gnu/po/cy.gmo
cd /<<PKGBUILDDIR>>/obj-x86_64-linux-gnu/po && /usr/bin/msgmerge --quiet --no-fuzzy-matching -o /<<PKGBUILDDIR>>/obj-x86_64-linux-gnu/po/cy.po /<<PKGBUILDDIR>>/po/cy.po /<<PKGBUILDDIR>>/obj-x86_64-linux-gnu/po/zypper.pot
cd /<<PKGBUILDDIR>>/obj-x86_64-linux-gnu/po && /usr/bin/msgfmt -o /<<PKGBUILDDIR>>/obj-x86_64-linux-gnu/po/cs.gmo /<<PKGBUILDDIR>>/obj-x86_64-linux-gnu/po/cs.po
[ 17%] Update /<<PKGBUILDDIR>>/obj-x86_64-linux-gnu/po/da.gmo
cd /<<PKGBUILDDIR>>/obj-x86_64-linux-gnu/po && /usr/bin/msgmerge --quiet --no-fuzzy-matching -o /<<PKGBUILDDIR>>/obj-x86_64-linux-gnu/po/da.po /<<PKGBUILDDIR>>/po/da.po /<<PKGBUILDDIR>>/obj-x86_64-linux-gnu/po/zypper.pot
cd /<<PKGBUILDDIR>>/obj-x86_64-linux-gnu/po && /usr/bin/msgfmt -o /<<PKGBUILDDIR>>/obj-x86_64-linux-gnu/po/cy.gmo /<<PKGBUILDDIR>>/obj-x86_64-linux-gnu/po/cy.po
[ 18%] Update /<<PKGBUILDDIR>>/obj-x86_64-linux-gnu/po/de.gmo
cd /<<PKGBUILDDIR>>/obj-x86_64-linux-gnu/po && /usr/bin/msgmerge --quiet --no-fuzzy-matching -o /<<PKGBUILDDIR>>/obj-x86_64-linux-gnu/po/de.po /<<PKGBUILDDIR>>/po/de.po /<<PKGBUILDDIR>>/obj-x86_64-linux-gnu/po/zypper.pot
cd /<<PKGBUILDDIR>>/obj-x86_64-linux-gnu/po && /usr/bin/msgfmt -o /<<PKGBUILDDIR>>/obj-x86_64-linux-gnu/po/da.gmo /<<PKGBUILDDIR>>/obj-x86_64-linux-gnu/po/da.po
[ 19%] Update /<<PKGBUILDDIR>>/obj-x86_64-linux-gnu/po/el.gmo
cd /<<PKGBUILDDIR>>/obj-x86_64-linux-gnu/po && /usr/bin/msgmerge --quiet --no-fuzzy-matching -o /<<PKGBUILDDIR>>/obj-x86_64-linux-gnu/po/el.po /<<PKGBUILDDIR>>/po/el.po /<<PKGBUILDDIR>>/obj-x86_64-linux-gnu/po/zypper.pot
cd /<<PKGBUILDDIR>>/obj-x86_64-linux-gnu/po && /usr/bin/msgfmt -o /<<PKGBUILDDIR>>/obj-x86_64-linux-gnu/po/de.gmo /<<PKGBUILDDIR>>/obj-x86_64-linux-gnu/po/de.po
[ 20%] Update /<<PKGBUILDDIR>>/obj-x86_64-linux-gnu/po/en_GB.gmo
cd /<<PKGBUILDDIR>>/obj-x86_64-linux-gnu/po && /usr/bin/msgmerge --quiet --no-fuzzy-matching -o /<<PKGBUILDDIR>>/obj-x86_64-linux-gnu/po/en_GB.po /<<PKGBUILDDIR>>/po/en_GB.po /<<PKGBUILDDIR>>/obj-x86_64-linux-gnu/po/zypper.pot
In file included from /<<PKGBUILDDIR>>/src/zypp-refresh.cc:14:
In file included from /usr/include/x86_64-linux-gnu/zypp/ZYppFactory.h:17:
/usr/include/x86_64-linux-gnu/zypp/base/Exception.h:329:58: error: template parameter redefines default argument
    template<class TExcpt, EnableIfIsException<TExcpt> = 0>
                                                         ^
/usr/include/x86_64-linux-gnu/zypp/base/Exception.h:327:58: note: previous default template argument defined here
    template<class TExcpt, EnableIfIsException<TExcpt> = 0>
                                                         ^
/usr/include/x86_64-linux-gnu/zypp/base/Exception.h:340:59: error: template parameter redefines default argument
    template<class TExcpt, EnableIfNotException<TExcpt> = 0>
                                                          ^
/usr/include/x86_64-linux-gnu/zypp/base/Exception.h:338:59: note: previous default template argument defined here
    template<class TExcpt, EnableIfNotException<TExcpt> = 0>
                                                          ^
/usr/include/x86_64-linux-gnu/zypp/base/Exception.h:366:58: error: template parameter redefines default argument
    template<class TExcpt, EnableIfIsException<TExcpt> = 0>
                                                         ^
/usr/include/x86_64-linux-gnu/zypp/base/Exception.h:364:58: note: previous default template argument defined here
    template<class TExcpt, EnableIfIsException<TExcpt> = 0>
                                                         ^
/usr/include/x86_64-linux-gnu/zypp/base/Exception.h:377:59: error: template parameter redefines default argument
    template<class TExcpt, EnableIfNotException<TExcpt> = 0>
                                                          ^
/usr/include/x86_64-linux-gnu/zypp/base/Exception.h:375:59: note: previous default template argument defined here
    template<class TExcpt, EnableIfNotException<TExcpt> = 0>
                                                          ^
cd /<<PKGBUILDDIR>>/obj-x86_64-linux-gnu/po && /usr/bin/msgfmt -o /<<PKGBUILDDIR>>/obj-x86_64-linux-gnu/po/el.gmo /<<PKGBUILDDIR>>/obj-x86_64-linux-gnu/po/el.po
cd /<<PKGBUILDDIR>>/obj-x86_64-linux-gnu/po && /usr/bin/msgfmt -o /<<PKGBUILDDIR>>/obj-x86_64-linux-gnu/po/en_GB.gmo /<<PKGBUILDDIR>>/obj-x86_64-linux-gnu/po/en_GB.po
In file included from /<<PKGBUILDDIR>>/src/Zypper.cc:25:
In file included from /usr/include/x86_64-linux-gnu/zypp/ZYppFactory.h:17:
/usr/include/x86_64-linux-gnu/zypp/base/Exception.h:329:58: error: template parameter redefines default argument
    template<class TExcpt, EnableIfIsException<TExcpt> = 0>
                                                         ^
/usr/include/x86_64-linux-gnu/zypp/base/Exception.h:327:58: note: previous default template argument defined here
    template<class TExcpt, EnableIfIsException<TExcpt> = 0>
                                                         ^
/usr/include/x86_64-linux-gnu/zypp/base/Exception.h:340:59: error: template parameter redefines default argument
    template<class TExcpt, EnableIfNotException<TExcpt> = 0>
                                                          ^
/usr/include/x86_64-linux-gnu/zypp/base/Exception.h:338:59: note: previous default template argument defined here
    template<class TExcpt, EnableIfNotException<TExcpt> = 0>
                                                          ^
/usr/include/x86_64-linux-gnu/zypp/base/Exception.h:366:58: error: template parameter redefines default argument
    template<class TExcpt, EnableIfIsException<TExcpt> = 0>
                                                         ^
/usr/include/x86_64-linux-gnu/zypp/base/Exception.h:364:58: note: previous default template argument defined here
    template<class TExcpt, EnableIfIsException<TExcpt> = 0>
                                                         ^
/usr/include/x86_64-linux-gnu/zypp/base/Exception.h:377:59: error: template parameter redefines default argument
    template<class TExcpt, EnableIfNotException<TExcpt> = 0>
                                                          ^
/usr/include/x86_64-linux-gnu/zypp/base/Exception.h:375:59: note: previous default template argument defined here
    template<class TExcpt, EnableIfNotException<TExcpt> = 0>
                                                          ^
[ 21%] Update /<<PKGBUILDDIR>>/obj-x86_64-linux-gnu/po/es.gmo
cd /<<PKGBUILDDIR>>/obj-x86_64-linux-gnu/po && /usr/bin/msgmerge --quiet --no-fuzzy-matching -o /<<PKGBUILDDIR>>/obj-x86_64-linux-gnu/po/es.po /<<PKGBUILDDIR>>/po/es.po /<<PKGBUILDDIR>>/obj-x86_64-linux-gnu/po/zypper.pot
[ 21%] Update /<<PKGBUILDDIR>>/obj-x86_64-linux-gnu/po/et.gmo
cd /<<PKGBUILDDIR>>/obj-x86_64-linux-gnu/po && /usr/bin/msgmerge --quiet --no-fuzzy-matching -o /<<PKGBUILDDIR>>/obj-x86_64-linux-gnu/po/et.po /<<PKGBUILDDIR>>/po/et.po /<<PKGBUILDDIR>>/obj-x86_64-linux-gnu/po/zypper.pot
cd /<<PKGBUILDDIR>>/obj-x86_64-linux-gnu/po && /usr/bin/msgfmt -o /<<PKGBUILDDIR>>/obj-x86_64-linux-gnu/po/et.gmo /<<PKGBUILDDIR>>/obj-x86_64-linux-gnu/po/et.po
cd /<<PKGBUILDDIR>>/obj-x86_64-linux-gnu/po && /usr/bin/msgfmt -o /<<PKGBUILDDIR>>/obj-x86_64-linux-gnu/po/es.gmo /<<PKGBUILDDIR>>/obj-x86_64-linux-gnu/po/es.po
[ 22%] Update /<<PKGBUILDDIR>>/obj-x86_64-linux-gnu/po/fi.gmo
cd /<<PKGBUILDDIR>>/obj-x86_64-linux-gnu/po && /usr/bin/msgmerge --quiet --no-fuzzy-matching -o /<<PKGBUILDDIR>>/obj-x86_64-linux-gnu/po/fi.po /<<PKGBUILDDIR>>/po/fi.po /<<PKGBUILDDIR>>/obj-x86_64-linux-gnu/po/zypper.pot
[ 23%] Update /<<PKGBUILDDIR>>/obj-x86_64-linux-gnu/po/fr.gmo
cd /<<PKGBUILDDIR>>/obj-x86_64-linux-gnu/po && /usr/bin/msgmerge --quiet --no-fuzzy-matching -o /<<PKGBUILDDIR>>/obj-x86_64-linux-gnu/po/fr.po /<<PKGBUILDDIR>>/po/fr.po /<<PKGBUILDDIR>>/obj-x86_64-linux-gnu/po/zypper.pot
cd /<<PKGBUILDDIR>>/obj-x86_64-linux-gnu/po && /usr/bin/msgfmt -o /<<PKGBUILDDIR>>/obj-x86_64-linux-gnu/po/fi.gmo /<<PKGBUILDDIR>>/obj-x86_64-linux-gnu/po/fi.po
cd /<<PKGBUILDDIR>>/obj-x86_64-linux-gnu/po && /usr/bin/msgfmt -o /<<PKGBUILDDIR>>/obj-x86_64-linux-gnu/po/fr.gmo /<<PKGBUILDDIR>>/obj-x86_64-linux-gnu/po/fr.po
[ 24%] Update /<<PKGBUILDDIR>>/obj-x86_64-linux-gnu/po/gl.gmo
cd /<<PKGBUILDDIR>>/obj-x86_64-linux-gnu/po && /usr/bin/msgmerge --quiet --no-fuzzy-matching -o /<<PKGBUILDDIR>>/obj-x86_64-linux-gnu/po/gl.po /<<PKGBUILDDIR>>/po/gl.po /<<PKGBUILDDIR>>/obj-x86_64-linux-gnu/po/zypper.pot
[ 25%] Update /<<PKGBUILDDIR>>/obj-x86_64-linux-gnu/po/gu.gmo
cd /<<PKGBUILDDIR>>/obj-x86_64-linux-gnu/po && /usr/bin/msgmerge --quiet --no-fuzzy-matching -o /<<PKGBUILDDIR>>/obj-x86_64-linux-gnu/po/gu.po /<<PKGBUILDDIR>>/po/gu.po /<<PKGBUILDDIR>>/obj-x86_64-linux-gnu/po/zypper.pot
In file included from /<<PKGBUILDDIR>>/src/zypp-refresh.cc:14:
In file included from /usr/include/x86_64-linux-gnu/zypp/ZYppFactory.h:18:
In file included from /usr/include/x86_64-linux-gnu/zypp/ZYpp.h:24:
In file included from /usr/include/x86_64-linux-gnu/zypp/ZYppCommit.h:18:
In file included from /usr/include/x86_64-linux-gnu/zypp/ZYppCommitResult.h:19:
In file included from /usr/include/x86_64-linux-gnu/zypp/PoolItem.h:19:
In file included from /usr/include/x86_64-linux-gnu/zypp/ResObject.h:21:
In file included from /usr/include/x86_64-linux-gnu/zypp/sat/SolvableSet.h:20:
/usr/include/x86_64-linux-gnu/zypp/sat/SolvIterMixin.h:169:60: error: invalid use of incomplete type 'zypp::asPoolItem'
        { return make_transform_iterator( solvableBegin(), asPoolItem() ); }
                                                           ^~~~~~~~~~~~
/usr/include/x86_64-linux-gnu/zypp/sat/SolvIterMixin.h:28:9: note: forward declaration of 'zypp::asPoolItem'
  class asPoolItem; // transform functor
        ^
/usr/include/x86_64-linux-gnu/zypp/sat/SolvIterMixin.h:171:58: error: invalid use of incomplete type 'zypp::asPoolItem'
        { return make_transform_iterator( solvableEnd(), asPoolItem() ); }
                                                         ^~~~~~~~~~~~
/usr/include/x86_64-linux-gnu/zypp/sat/SolvIterMixin.h:28:9: note: forward declaration of 'zypp::asPoolItem'
  class asPoolItem; // transform functor
        ^
/usr/include/x86_64-linux-gnu/zypp/sat/SolvIterMixin.h:183:67: error: invalid use of incomplete type 'ui::asSelectable'
        { return make_transform_iterator( unifiedSolvableBegin(), ui::asSelectable() ); }
                                                                  ^~~~~~~~~~~~~~~~~~
/usr/include/x86_64-linux-gnu/zypp/sat/SolvIterMixin.h:32:11: note: forward declaration of 'zypp::ui::asSelectable'
    class asSelectable; // transform functor
          ^
/usr/include/x86_64-linux-gnu/zypp/sat/SolvIterMixin.h:185:65: error: invalid use of incomplete type 'ui::asSelectable'
        { return make_transform_iterator( unifiedSolvableEnd(), ui::asSelectable() ); }
                                                                ^~~~~~~~~~~~~~~~~~
/usr/include/x86_64-linux-gnu/zypp/sat/SolvIterMixin.h:32:11: note: forward declaration of 'zypp::ui::asSelectable'
    class asSelectable; // transform functor
          ^
cd /<<PKGBUILDDIR>>/obj-x86_64-linux-gnu/po && /usr/bin/msgfmt -o /<<PKGBUILDDIR>>/obj-x86_64-linux-gnu/po/gu.gmo /<<PKGBUILDDIR>>/obj-x86_64-linux-gnu/po/gu.po
cd /<<PKGBUILDDIR>>/obj-x86_64-linux-gnu/po && /usr/bin/msgfmt -o /<<PKGBUILDDIR>>/obj-x86_64-linux-gnu/po/gl.gmo /<<PKGBUILDDIR>>/obj-x86_64-linux-gnu/po/gl.po
[ 26%] Update /<<PKGBUILDDIR>>/obj-x86_64-linux-gnu/po/he.gmo
cd /<<PKGBUILDDIR>>/obj-x86_64-linux-gnu/po && /usr/bin/msgmerge --quiet --no-fuzzy-matching -o /<<PKGBUILDDIR>>/obj-x86_64-linux-gnu/po/he.po /<<PKGBUILDDIR>>/po/he.po /<<PKGBUILDDIR>>/obj-x86_64-linux-gnu/po/zypper.pot
[ 27%] Update /<<PKGBUILDDIR>>/obj-x86_64-linux-gnu/po/hi.gmo
cd /<<PKGBUILDDIR>>/obj-x86_64-linux-gnu/po && /usr/bin/msgmerge --quiet --no-fuzzy-matching -o /<<PKGBUILDDIR>>/obj-x86_64-linux-gnu/po/hi.po /<<PKGBUILDDIR>>/po/hi.po /<<PKGBUILDDIR>>/obj-x86_64-linux-gnu/po/zypper.pot
In file included from /<<PKGBUILDDIR>>/src/Zypper.cc:25:
In file included from /usr/include/x86_64-linux-gnu/zypp/ZYppFactory.h:18:
In file included from /usr/include/x86_64-linux-gnu/zypp/ZYpp.h:24:
In file included from /usr/include/x86_64-linux-gnu/zypp/ZYppCommit.h:18:
In file included from /usr/include/x86_64-linux-gnu/zypp/ZYppCommitResult.h:19:
In file included from /usr/include/x86_64-linux-gnu/zypp/PoolItem.h:19:
In file included from /usr/include/x86_64-linux-gnu/zypp/ResObject.h:21:
In file included from /usr/include/x86_64-linux-gnu/zypp/sat/SolvableSet.h:20:
/usr/include/x86_64-linux-gnu/zypp/sat/SolvIterMixin.h:169:60: error: invalid use of incomplete type 'zypp::asPoolItem'
        { return make_transform_iterator( solvableBegin(), asPoolItem() ); }
                                                           ^~~~~~~~~~~~
/usr/include/x86_64-linux-gnu/zypp/sat/SolvIterMixin.h:28:9: note: forward declaration of 'zypp::asPoolItem'
  class asPoolItem; // transform functor
        ^
/usr/include/x86_64-linux-gnu/zypp/sat/SolvIterMixin.h:171:58: error: invalid use of incomplete type 'zypp::asPoolItem'
        { return make_transform_iterator( solvableEnd(), asPoolItem() ); }
                                                         ^~~~~~~~~~~~
/usr/include/x86_64-linux-gnu/zypp/sat/SolvIterMixin.h:28:9: note: forward declaration of 'zypp::asPoolItem'
  class asPoolItem; // transform functor
        ^
/usr/include/x86_64-linux-gnu/zypp/sat/SolvIterMixin.h:183:67: error: invalid use of incomplete type 'ui::asSelectable'
        { return make_transform_iterator( unifiedSolvableBegin(), ui::asSelectable() ); }
                                                                  ^~~~~~~~~~~~~~~~~~
/usr/include/x86_64-linux-gnu/zypp/sat/SolvIterMixin.h:32:11: note: forward declaration of 'zypp::ui::asSelectable'
    class asSelectable; // transform functor
          ^
/usr/include/x86_64-linux-gnu/zypp/sat/SolvIterMixin.h:185:65: error: invalid use of incomplete type 'ui::asSelectable'
        { return make_transform_iterator( unifiedSolvableEnd(), ui::asSelectable() ); }
                                                                ^~~~~~~~~~~~~~~~~~
/usr/include/x86_64-linux-gnu/zypp/sat/SolvIterMixin.h:32:11: note: forward declaration of 'zypp::ui::asSelectable'
    class asSelectable; // transform functor
          ^
cd /<<PKGBUILDDIR>>/obj-x86_64-linux-gnu/po && /usr/bin/msgfmt -o /<<PKGBUILDDIR>>/obj-x86_64-linux-gnu/po/he.gmo /<<PKGBUILDDIR>>/obj-x86_64-linux-gnu/po/he.po
cd /<<PKGBUILDDIR>>/obj-x86_64-linux-gnu/po && /usr/bin/msgfmt -o /<<PKGBUILDDIR>>/obj-x86_64-linux-gnu/po/hi.gmo /<<PKGBUILDDIR>>/obj-x86_64-linux-gnu/po/hi.po
[ 27%] Update /<<PKGBUILDDIR>>/obj-x86_64-linux-gnu/po/hr.gmo
cd /<<PKGBUILDDIR>>/obj-x86_64-linux-gnu/po && /usr/bin/msgmerge --quiet --no-fuzzy-matching -o /<<PKGBUILDDIR>>/obj-x86_64-linux-gnu/po/hr.po /<<PKGBUILDDIR>>/po/hr.po /<<PKGBUILDDIR>>/obj-x86_64-linux-gnu/po/zypper.pot
[ 28%] Update /<<PKGBUILDDIR>>/obj-x86_64-linux-gnu/po/hu.gmo
cd /<<PKGBUILDDIR>>/obj-x86_64-linux-gnu/po && /usr/bin/msgmerge --quiet --no-fuzzy-matching -o /<<PKGBUILDDIR>>/obj-x86_64-linux-gnu/po/hu.po /<<PKGBUILDDIR>>/po/hu.po /<<PKGBUILDDIR>>/obj-x86_64-linux-gnu/po/zypper.pot
cd /<<PKGBUILDDIR>>/obj-x86_64-linux-gnu/po && /usr/bin/msgfmt -o /<<PKGBUILDDIR>>/obj-x86_64-linux-gnu/po/hr.gmo /<<PKGBUILDDIR>>/obj-x86_64-linux-gnu/po/hr.po
cd /<<PKGBUILDDIR>>/obj-x86_64-linux-gnu/po && /usr/bin/msgfmt -o /<<PKGBUILDDIR>>/obj-x86_64-linux-gnu/po/hu.gmo /<<PKGBUILDDIR>>/obj-x86_64-linux-gnu/po/hu.po
[ 29%] Update /<<PKGBUILDDIR>>/obj-x86_64-linux-gnu/po/id.gmo
cd /<<PKGBUILDDIR>>/obj-x86_64-linux-gnu/po && /usr/bin/msgmerge --quiet --no-fuzzy-matching -o /<<PKGBUILDDIR>>/obj-x86_64-linux-gnu/po/id.po /<<PKGBUILDDIR>>/po/id.po /<<PKGBUILDDIR>>/obj-x86_64-linux-gnu/po/zypper.pot
In file included from /<<PKGBUILDDIR>>/src/Zypper.cc:26:
/usr/include/x86_64-linux-gnu/zypp/zypp_detail/ZYppReadOnlyHack.h:15:2: warning: ZYPP_ZYPP_DETAIL_ZYPPREADONLYHACK_H [-W#warnings]
#warning ZYPP_ZYPP_DETAIL_ZYPPREADONLYHACK_H
 ^
[ 30%] Update /<<PKGBUILDDIR>>/obj-x86_64-linux-gnu/po/it.gmo
cd /<<PKGBUILDDIR>>/obj-x86_64-linux-gnu/po && /usr/bin/msgmerge --quiet --no-fuzzy-matching -o /<<PKGBUILDDIR>>/obj-x86_64-linux-gnu/po/it.po /<<PKGBUILDDIR>>/po/it.po /<<PKGBUILDDIR>>/obj-x86_64-linux-gnu/po/zypper.pot
cd /<<PKGBUILDDIR>>/obj-x86_64-linux-gnu/po && /usr/bin/msgfmt -o /<<PKGBUILDDIR>>/obj-x86_64-linux-gnu/po/id.gmo /<<PKGBUILDDIR>>/obj-x86_64-linux-gnu/po/id.po
[ 31%] Update /<<PKGBUILDDIR>>/obj-x86_64-linux-gnu/po/ja.gmo
cd /<<PKGBUILDDIR>>/obj-x86_64-linux-gnu/po && /usr/bin/msgmerge --quiet --no-fuzzy-matching -o /<<PKGBUILDDIR>>/obj-x86_64-linux-gnu/po/ja.po /<<PKGBUILDDIR>>/po/ja.po /<<PKGBUILDDIR>>/obj-x86_64-linux-gnu/po/zypper.pot
cd /<<PKGBUILDDIR>>/obj-x86_64-linux-gnu/po && /usr/bin/msgfmt -o /<<PKGBUILDDIR>>/obj-x86_64-linux-gnu/po/it.gmo /<<PKGBUILDDIR>>/obj-x86_64-linux-gnu/po/it.po
[ 32%] Update /<<PKGBUILDDIR>>/obj-x86_64-linux-gnu/po/ka.gmo
cd /<<PKGBUILDDIR>>/obj-x86_64-linux-gnu/po && /usr/bin/msgmerge --quiet --no-fuzzy-matching -o /<<PKGBUILDDIR>>/obj-x86_64-linux-gnu/po/ka.po /<<PKGBUILDDIR>>/po/ka.po /<<PKGBUILDDIR>>/obj-x86_64-linux-gnu/po/zypper.pot
cd /<<PKGBUILDDIR>>/obj-x86_64-linux-gnu/po && /usr/bin/msgfmt -o /<<PKGBUILDDIR>>/obj-x86_64-linux-gnu/po/ja.gmo /<<PKGBUILDDIR>>/obj-x86_64-linux-gnu/po/ja.po
In file included from /<<PKGBUILDDIR>>/src/Zypper.cc:42:
In file included from /<<PKGBUILDDIR>>/src/Zypper.h:30:
/<<PKGBUILDDIR>>/src/output/Out.h:216:16: warning: binding reference member '_layout' to stack allocated parameter 'layout_r' [-Wdangling-field]
    , _layout( layout_r )
               ^~~~~~~~
/<<PKGBUILDDIR>>/src/output/Out.h:265:24: note: reference member declared here
    const ListLayout &  _layout;
                        ^
[ 33%] Update /<<PKGBUILDDIR>>/obj-x86_64-linux-gnu/po/km.gmo
cd /<<PKGBUILDDIR>>/obj-x86_64-linux-gnu/po && /usr/bin/msgmerge --quiet --no-fuzzy-matching -o /<<PKGBUILDDIR>>/obj-x86_64-linux-gnu/po/km.po /<<PKGBUILDDIR>>/po/km.po /<<PKGBUILDDIR>>/obj-x86_64-linux-gnu/po/zypper.pot
cd /<<PKGBUILDDIR>>/obj-x86_64-linux-gnu/po && /usr/bin/msgfmt -o /<<PKGBUILDDIR>>/obj-x86_64-linux-gnu/po/ka.gmo /<<PKGBUILDDIR>>/obj-x86_64-linux-gnu/po/ka.po
/<<PKGBUILDDIR>>/src/output/Out.h:1093:1: warning: 'DownloadProgress' defined as a struct here but previously declared as a class; this is valid, but may result in linker errors under the Microsoft C++ ABI [-Wmismatched-tags]
struct Out::DownloadProgress : public callback::ReceiveReport<media::DownloadProgressReport>
^
/<<PKGBUILDDIR>>/src/output/Out.h:727:3: note: did you mean struct here?
  class DownloadProgress;
  ^~~~~
  struct
/<<PKGBUILDDIR>>/src/output/Out.h:1188:1: warning: 'Error' defined as a struct here but previously declared as a class; this is valid, but may result in linker errors under the Microsoft C++ ABI [-Wmismatched-tags]
struct Out::Error
^
/<<PKGBUILDDIR>>/src/output/Out.h:694:3: note: did you mean struct here?
  class Error;
  ^~~~~
  struct
[ 34%] Update /<<PKGBUILDDIR>>/obj-x86_64-linux-gnu/po/ko.gmo
cd /<<PKGBUILDDIR>>/obj-x86_64-linux-gnu/po && /usr/bin/msgmerge --quiet --no-fuzzy-matching -o /<<PKGBUILDDIR>>/obj-x86_64-linux-gnu/po/ko.po /<<PKGBUILDDIR>>/po/ko.po /<<PKGBUILDDIR>>/obj-x86_64-linux-gnu/po/zypper.pot
8 errors generated.
make[3]: *** [src/CMakeFiles/zypp-refresh.dir/build.make:66: src/CMakeFiles/zypp-refresh.dir/zypp-refresh.cc.o] Error 1
make[3]: Leaving directory '/<<PKGBUILDDIR>>/obj-x86_64-linux-gnu'
make[2]: *** [CMakeFiles/Makefile2:1081: src/CMakeFiles/zypp-refresh.dir/all] Error 2
make[2]: *** Waiting for unfinished jobs....
[ 34%] Update /<<PKGBUILDDIR>>/obj-x86_64-linux-gnu/po/ku.gmo
cd /<<PKGBUILDDIR>>/obj-x86_64-linux-gnu/po && /usr/bin/msgmerge --quiet --no-fuzzy-matching -o /<<PKGBUILDDIR>>/obj-x86_64-linux-gnu/po/ku.po /<<PKGBUILDDIR>>/po/ku.po /<<PKGBUILDDIR>>/obj-x86_64-linux-gnu/po/zypper.pot
cd /<<PKGBUILDDIR>>/obj-x86_64-linux-gnu/po && /usr/bin/msgfmt -o /<<PKGBUILDDIR>>/obj-x86_64-linux-gnu/po/km.gmo /<<PKGBUILDDIR>>/obj-x86_64-linux-gnu/po/km.po
cd /<<PKGBUILDDIR>>/obj-x86_64-linux-gnu/po && /usr/bin/msgfmt -o /<<PKGBUILDDIR>>/obj-x86_64-linux-gnu/po/ko.gmo /<<PKGBUILDDIR>>/obj-x86_64-linux-gnu/po/ko.po
[ 35%] Update /<<PKGBUILDDIR>>/obj-x86_64-linux-gnu/po/lt.gmo
cd /<<PKGBUILDDIR>>/obj-x86_64-linux-gnu/po && /usr/bin/msgmerge --quiet --no-fuzzy-matching -o /<<PKGBUILDDIR>>/obj-x86_64-linux-gnu/po/lt.po /<<PKGBUILDDIR>>/po/lt.po /<<PKGBUILDDIR>>/obj-x86_64-linux-gnu/po/zypper.pot
cd /<<PKGBUILDDIR>>/obj-x86_64-linux-gnu/po && /usr/bin/msgfmt -o /<<PKGBUILDDIR>>/obj-x86_64-linux-gnu/po/ku.gmo /<<PKGBUILDDIR>>/obj-x86_64-linux-gnu/po/ku.po
[ 36%] Update /<<PKGBUILDDIR>>/obj-x86_64-linux-gnu/po/mr.gmo
cd /<<PKGBUILDDIR>>/obj-x86_64-linux-gnu/po && /usr/bin/msgmerge --quiet --no-fuzzy-matching -o /<<PKGBUILDDIR>>/obj-x86_64-linux-gnu/po/mr.po /<<PKGBUILDDIR>>/po/mr.po /<<PKGBUILDDIR>>/obj-x86_64-linux-gnu/po/zypper.pot
[ 37%] Update /<<PKGBUILDDIR>>/obj-x86_64-linux-gnu/po/nb.gmo
cd /<<PKGBUILDDIR>>/obj-x86_64-linux-gnu/po && /usr/bin/msgmerge --quiet --no-fuzzy-matching -o /<<PKGBUILDDIR>>/obj-x86_64-linux-gnu/po/nb.po /<<PKGBUILDDIR>>/po/nb.po /<<PKGBUILDDIR>>/obj-x86_64-linux-gnu/po/zypper.pot
cd /<<PKGBUILDDIR>>/obj-x86_64-linux-gnu/po && /usr/bin/msgfmt -o /<<PKGBUILDDIR>>/obj-x86_64-linux-gnu/po/mr.gmo /<<PKGBUILDDIR>>/obj-x86_64-linux-gnu/po/mr.po
/<<PKGBUILDDIR>>/src/Zypper.cc:2289:2: warning: FIX --download it takes a <MODE> argument in probably all commands [-W#warnings]
#warning FIX --download it takes a <MODE> argument in probably all commands
 ^
cd /<<PKGBUILDDIR>>/obj-x86_64-linux-gnu/po && /usr/bin/msgfmt -o /<<PKGBUILDDIR>>/obj-x86_64-linux-gnu/po/lt.gmo /<<PKGBUILDDIR>>/obj-x86_64-linux-gnu/po/lt.po
[ 38%] Update /<<PKGBUILDDIR>>/obj-x86_64-linux-gnu/po/nl.gmo
cd /<<PKGBUILDDIR>>/obj-x86_64-linux-gnu/po && /usr/bin/msgmerge --quiet --no-fuzzy-matching -o /<<PKGBUILDDIR>>/obj-x86_64-linux-gnu/po/nl.po /<<PKGBUILDDIR>>/po/nl.po /<<PKGBUILDDIR>>/obj-x86_64-linux-gnu/po/zypper.pot
/<<PKGBUILDDIR>>/src/Zypper.cc:4579:24: warning: 'IWantIt' is deprecated [-Wdeprecated-declarations]
          zypp_readonly_hack::IWantIt ();
                              ^
/usr/include/x86_64-linux-gnu/zypp/zypp_detail/ZYppReadOnlyHack.h:26:20: note: 'IWantIt' has been explicitly marked deprecated here
    void IWantIt() ZYPP_DEPRECATED;
                   ^
/usr/include/x86_64-linux-gnu/zypp/APIConfig.h:84:43: note: expanded from macro 'ZYPP_DEPRECATED'
  #define ZYPP_DEPRECATED __attribute__ ((deprecated))
                                          ^
/<<PKGBUILDDIR>>/src/Zypper.cc:4585:24: warning: 'IWantIt' is deprecated [-Wdeprecated-declarations]
          zypp_readonly_hack::IWantIt (); // #247001, #302152
                              ^
/usr/include/x86_64-linux-gnu/zypp/zypp_detail/ZYppReadOnlyHack.h:26:20: note: 'IWantIt' has been explicitly marked deprecated here
    void IWantIt() ZYPP_DEPRECATED;
                   ^
/usr/include/x86_64-linux-gnu/zypp/APIConfig.h:84:43: note: expanded from macro 'ZYPP_DEPRECATED'
  #define ZYPP_DEPRECATED __attribute__ ((deprecated))
                                          ^
[ 39%] Update /<<PKGBUILDDIR>>/obj-x86_64-linux-gnu/po/nn.gmo
cd /<<PKGBUILDDIR>>/obj-x86_64-linux-gnu/po && /usr/bin/msgmerge --quiet --no-fuzzy-matching -o /<<PKGBUILDDIR>>/obj-x86_64-linux-gnu/po/nn.po /<<PKGBUILDDIR>>/po/nn.po /<<PKGBUILDDIR>>/obj-x86_64-linux-gnu/po/zypper.pot
cd /<<PKGBUILDDIR>>/obj-x86_64-linux-gnu/po && /usr/bin/msgfmt -o /<<PKGBUILDDIR>>/obj-x86_64-linux-gnu/po/nb.gmo /<<PKGBUILDDIR>>/obj-x86_64-linux-gnu/po/nb.po
cd /<<PKGBUILDDIR>>/obj-x86_64-linux-gnu/po && /usr/bin/msgfmt -o /<<PKGBUILDDIR>>/obj-x86_64-linux-gnu/po/nl.gmo /<<PKGBUILDDIR>>/obj-x86_64-linux-gnu/po/nl.po
/<<PKGBUILDDIR>>/src/Zypper.cc:5596:17: warning: unused variable 'detail' [-Wunused-variable]
      CapDetail detail( cap.detail() );
                ^
[ 40%] Update /<<PKGBUILDDIR>>/obj-x86_64-linux-gnu/po/pa.gmo
cd /<<PKGBUILDDIR>>/obj-x86_64-linux-gnu/po && /usr/bin/msgmerge --quiet --no-fuzzy-matching -o /<<PKGBUILDDIR>>/obj-x86_64-linux-gnu/po/pa.po /<<PKGBUILDDIR>>/po/pa.po /<<PKGBUILDDIR>>/obj-x86_64-linux-gnu/po/zypper.pot
[ 41%] Update /<<PKGBUILDDIR>>/obj-x86_64-linux-gnu/po/pl.gmo
cd /<<PKGBUILDDIR>>/obj-x86_64-linux-gnu/po && /usr/bin/msgmerge --quiet --no-fuzzy-matching -o /<<PKGBUILDDIR>>/obj-x86_64-linux-gnu/po/pl.po /<<PKGBUILDDIR>>/po/pl.po /<<PKGBUILDDIR>>/obj-x86_64-linux-gnu/po/zypper.pot
cd /<<PKGBUILDDIR>>/obj-x86_64-linux-gnu/po && /usr/bin/msgfmt -o /<<PKGBUILDDIR>>/obj-x86_64-linux-gnu/po/nn.gmo /<<PKGBUILDDIR>>/obj-x86_64-linux-gnu/po/nn.po
[ 41%] Update /<<PKGBUILDDIR>>/obj-x86_64-linux-gnu/po/pt.gmo
cd /<<PKGBUILDDIR>>/obj-x86_64-linux-gnu/po && /usr/bin/msgmerge --quiet --no-fuzzy-matching -o /<<PKGBUILDDIR>>/obj-x86_64-linux-gnu/po/pt.po /<<PKGBUILDDIR>>/po/pt.po /<<PKGBUILDDIR>>/obj-x86_64-linux-gnu/po/zypper.pot
cd /<<PKGBUILDDIR>>/obj-x86_64-linux-gnu/po && /usr/bin/msgfmt -o /<<PKGBUILDDIR>>/obj-x86_64-linux-gnu/po/pa.gmo /<<PKGBUILDDIR>>/obj-x86_64-linux-gnu/po/pa.po
cd /<<PKGBUILDDIR>>/obj-x86_64-linux-gnu/po && /usr/bin/msgfmt -o /<<PKGBUILDDIR>>/obj-x86_64-linux-gnu/po/pl.gmo /<<PKGBUILDDIR>>/obj-x86_64-linux-gnu/po/pl.po
[ 42%] Update /<<PKGBUILDDIR>>/obj-x86_64-linux-gnu/po/ro.gmo
cd /<<PKGBUILDDIR>>/obj-x86_64-linux-gnu/po && /usr/bin/msgmerge --quiet --no-fuzzy-matching -o /<<PKGBUILDDIR>>/obj-x86_64-linux-gnu/po/ro.po /<<PKGBUILDDIR>>/po/ro.po /<<PKGBUILDDIR>>/obj-x86_64-linux-gnu/po/zypper.pot
[ 43%] Update /<<PKGBUILDDIR>>/obj-x86_64-linux-gnu/po/pt_BR.gmo
cd /<<PKGBUILDDIR>>/obj-x86_64-linux-gnu/po && /usr/bin/msgmerge --quiet --no-fuzzy-matching -o /<<PKGBUILDDIR>>/obj-x86_64-linux-gnu/po/pt_BR.po /<<PKGBUILDDIR>>/po/pt_BR.po /<<PKGBUILDDIR>>/obj-x86_64-linux-gnu/po/zypper.pot
cd /<<PKGBUILDDIR>>/obj-x86_64-linux-gnu/po && /usr/bin/msgfmt -o /<<PKGBUILDDIR>>/obj-x86_64-linux-gnu/po/pt.gmo /<<PKGBUILDDIR>>/obj-x86_64-linux-gnu/po/pt.po
[ 44%] Update /<<PKGBUILDDIR>>/obj-x86_64-linux-gnu/po/ru.gmo
cd /<<PKGBUILDDIR>>/obj-x86_64-linux-gnu/po && /usr/bin/msgmerge --quiet --no-fuzzy-matching -o /<<PKGBUILDDIR>>/obj-x86_64-linux-gnu/po/ru.po /<<PKGBUILDDIR>>/po/ru.po /<<PKGBUILDDIR>>/obj-x86_64-linux-gnu/po/zypper.pot
cd /<<PKGBUILDDIR>>/obj-x86_64-linux-gnu/po && /usr/bin/msgfmt -o /<<PKGBUILDDIR>>/obj-x86_64-linux-gnu/po/ro.gmo /<<PKGBUILDDIR>>/obj-x86_64-linux-gnu/po/ro.po
cd /<<PKGBUILDDIR>>/obj-x86_64-linux-gnu/po && /usr/bin/msgfmt -o /<<PKGBUILDDIR>>/obj-x86_64-linux-gnu/po/pt_BR.gmo /<<PKGBUILDDIR>>/obj-x86_64-linux-gnu/po/pt_BR.po
[ 45%] Building CXX object src/CMakeFiles/zypper_lib.dir/Command.cc.o
cd /<<PKGBUILDDIR>>/obj-x86_64-linux-gnu/src && /usr/bin/g++  -DLOCALEDIR=\"/usr/share/locale\" -DPACKAGE=\"zypper\" -DVERSION=\"1.14.11\" -D_FILE_OFFSET_BITS=64 -I/<<PKGBUILDDIR>> -I/<<PKGBUILDDIR>>/obj-x86_64-linux-gnu -I/usr/include/libxml2 -I/<<PKGBUILDDIR>>/src  -g -O2 -fdebug-prefix-map=/<<PKGBUILDDIR>>=. -fstack-protector-strong -Wformat -Werror=format-security -Wdate-time -D_FORTIFY_SOURCE=2 -g -O2 -Wall -Woverloaded-virtual -Wnon-virtual-dtor -fstack-protector -std=c++11 -fvisibility-inlines-hidden   -o CMakeFiles/zypper_lib.dir/Command.cc.o -c /<<PKGBUILDDIR>>/src/Command.cc
cd /<<PKGBUILDDIR>>/obj-x86_64-linux-gnu/po && /usr/bin/msgfmt -o /<<PKGBUILDDIR>>/obj-x86_64-linux-gnu/po/ru.gmo /<<PKGBUILDDIR>>/obj-x86_64-linux-gnu/po/ru.po
[ 46%] Building CXX object src/CMakeFiles/zypper_lib.dir/Config.cc.o
cd /<<PKGBUILDDIR>>/obj-x86_64-linux-gnu/src && /usr/bin/g++  -DLOCALEDIR=\"/usr/share/locale\" -DPACKAGE=\"zypper\" -DVERSION=\"1.14.11\" -D_FILE_OFFSET_BITS=64 -I/<<PKGBUILDDIR>> -I/<<PKGBUILDDIR>>/obj-x86_64-linux-gnu -I/usr/include/libxml2 -I/<<PKGBUILDDIR>>/src  -g -O2 -fdebug-prefix-map=/<<PKGBUILDDIR>>=. -fstack-protector-strong -Wformat -Werror=format-security -Wdate-time -D_FORTIFY_SOURCE=2 -g -O2 -Wall -Woverloaded-virtual -Wnon-virtual-dtor -fstack-protector -std=c++11 -fvisibility-inlines-hidden   -o CMakeFiles/zypper_lib.dir/Config.cc.o -c /<<PKGBUILDDIR>>/src/Config.cc
[ 47%] Update /<<PKGBUILDDIR>>/obj-x86_64-linux-gnu/po/sk.gmo
cd /<<PKGBUILDDIR>>/obj-x86_64-linux-gnu/po && /usr/bin/msgmerge --quiet --no-fuzzy-matching -o /<<PKGBUILDDIR>>/obj-x86_64-linux-gnu/po/sk.po /<<PKGBUILDDIR>>/po/sk.po /<<PKGBUILDDIR>>/obj-x86_64-linux-gnu/po/zypper.pot
cd /<<PKGBUILDDIR>>/obj-x86_64-linux-gnu/po && /usr/bin/msgfmt -o /<<PKGBUILDDIR>>/obj-x86_64-linux-gnu/po/sk.gmo /<<PKGBUILDDIR>>/obj-x86_64-linux-gnu/po/sk.po
[ 48%] Update /<<PKGBUILDDIR>>/obj-x86_64-linux-gnu/po/sl.gmo
cd /<<PKGBUILDDIR>>/obj-x86_64-linux-gnu/po && /usr/bin/msgmerge --quiet --no-fuzzy-matching -o /<<PKGBUILDDIR>>/obj-x86_64-linux-gnu/po/sl.po /<<PKGBUILDDIR>>/po/sl.po /<<PKGBUILDDIR>>/obj-x86_64-linux-gnu/po/zypper.pot
8 warnings and 8 errors generated.
cd /<<PKGBUILDDIR>>/obj-x86_64-linux-gnu/po && /usr/bin/msgfmt -o /<<PKGBUILDDIR>>/obj-x86_64-linux-gnu/po/sl.gmo /<<PKGBUILDDIR>>/obj-x86_64-linux-gnu/po/sl.po
make[3]: *** [src/CMakeFiles/zypper_lib.dir/build.make:66: src/CMakeFiles/zypper_lib.dir/Zypper.cc.o] Error 1
make[3]: *** Waiting for unfinished jobs....
[ 49%] Update /<<PKGBUILDDIR>>/obj-x86_64-linux-gnu/po/sr.gmo
cd /<<PKGBUILDDIR>>/obj-x86_64-linux-gnu/po && /usr/bin/msgmerge --quiet --no-fuzzy-matching -o /<<PKGBUILDDIR>>/obj-x86_64-linux-gnu/po/sr.po /<<PKGBUILDDIR>>/po/sr.po /<<PKGBUILDDIR>>/obj-x86_64-linux-gnu/po/zypper.pot
[ 49%] Update /<<PKGBUILDDIR>>/obj-x86_64-linux-gnu/po/sv.gmo
cd /<<PKGBUILDDIR>>/obj-x86_64-linux-gnu/po && /usr/bin/msgmerge --quiet --no-fuzzy-matching -o /<<PKGBUILDDIR>>/obj-x86_64-linux-gnu/po/sv.po /<<PKGBUILDDIR>>/po/sv.po /<<PKGBUILDDIR>>/obj-x86_64-linux-gnu/po/zypper.pot
cd /<<PKGBUILDDIR>>/obj-x86_64-linux-gnu/po && /usr/bin/msgfmt -o /<<PKGBUILDDIR>>/obj-x86_64-linux-gnu/po/sr.gmo /<<PKGBUILDDIR>>/obj-x86_64-linux-gnu/po/sr.po
[ 50%] Update /<<PKGBUILDDIR>>/obj-x86_64-linux-gnu/po/ta.gmo
cd /<<PKGBUILDDIR>>/obj-x86_64-linux-gnu/po && /usr/bin/msgmerge --quiet --no-fuzzy-matching -o /<<PKGBUILDDIR>>/obj-x86_64-linux-gnu/po/ta.po /<<PKGBUILDDIR>>/po/ta.po /<<PKGBUILDDIR>>/obj-x86_64-linux-gnu/po/zypper.pot
cd /<<PKGBUILDDIR>>/obj-x86_64-linux-gnu/po && /usr/bin/msgfmt -o /<<PKGBUILDDIR>>/obj-x86_64-linux-gnu/po/sv.gmo /<<PKGBUILDDIR>>/obj-x86_64-linux-gnu/po/sv.po
[ 51%] Update /<<PKGBUILDDIR>>/obj-x86_64-linux-gnu/po/th.gmo
cd /<<PKGBUILDDIR>>/obj-x86_64-linux-gnu/po && /usr/bin/msgmerge --quiet --no-fuzzy-matching -o /<<PKGBUILDDIR>>/obj-x86_64-linux-gnu/po/th.po /<<PKGBUILDDIR>>/po/th.po /<<PKGBUILDDIR>>/obj-x86_64-linux-gnu/po/zypper.pot
cd /<<PKGBUILDDIR>>/obj-x86_64-linux-gnu/po && /usr/bin/msgfmt -o /<<PKGBUILDDIR>>/obj-x86_64-linux-gnu/po/ta.gmo /<<PKGBUILDDIR>>/obj-x86_64-linux-gnu/po/ta.po
[ 52%] Update /<<PKGBUILDDIR>>/obj-x86_64-linux-gnu/po/tr.gmo
cd /<<PKGBUILDDIR>>/obj-x86_64-linux-gnu/po && /usr/bin/msgmerge --quiet --no-fuzzy-matching -o /<<PKGBUILDDIR>>/obj-x86_64-linux-gnu/po/tr.po /<<PKGBUILDDIR>>/po/tr.po /<<PKGBUILDDIR>>/obj-x86_64-linux-gnu/po/zypper.pot
cd /<<PKGBUILDDIR>>/obj-x86_64-linux-gnu/po && /usr/bin/msgfmt -o /<<PKGBUILDDIR>>/obj-x86_64-linux-gnu/po/th.gmo /<<PKGBUILDDIR>>/obj-x86_64-linux-gnu/po/th.po
[ 53%] Update /<<PKGBUILDDIR>>/obj-x86_64-linux-gnu/po/uk.gmo
cd /<<PKGBUILDDIR>>/obj-x86_64-linux-gnu/po && /usr/bin/msgmerge --quiet --no-fuzzy-matching -o /<<PKGBUILDDIR>>/obj-x86_64-linux-gnu/po/uk.po /<<PKGBUILDDIR>>/po/uk.po /<<PKGBUILDDIR>>/obj-x86_64-linux-gnu/po/zypper.pot
cd /<<PKGBUILDDIR>>/obj-x86_64-linux-gnu/po && /usr/bin/msgfmt -o /<<PKGBUILDDIR>>/obj-x86_64-linux-gnu/po/tr.gmo /<<PKGBUILDDIR>>/obj-x86_64-linux-gnu/po/tr.po
[ 54%] Update /<<PKGBUILDDIR>>/obj-x86_64-linux-gnu/po/wa.gmo
cd /<<PKGBUILDDIR>>/obj-x86_64-linux-gnu/po && /usr/bin/msgmerge --quiet --no-fuzzy-matching -o /<<PKGBUILDDIR>>/obj-x86_64-linux-gnu/po/wa.po /<<PKGBUILDDIR>>/po/wa.po /<<PKGBUILDDIR>>/obj-x86_64-linux-gnu/po/zypper.pot
cd /<<PKGBUILDDIR>>/obj-x86_64-linux-gnu/po && /usr/bin/msgfmt -o /<<PKGBUILDDIR>>/obj-x86_64-linux-gnu/po/uk.gmo /<<PKGBUILDDIR>>/obj-x86_64-linux-gnu/po/uk.po
cd /<<PKGBUILDDIR>>/obj-x86_64-linux-gnu/po && /usr/bin/msgfmt -o /<<PKGBUILDDIR>>/obj-x86_64-linux-gnu/po/wa.gmo /<<PKGBUILDDIR>>/obj-x86_64-linux-gnu/po/wa.po
[ 55%] Update /<<PKGBUILDDIR>>/obj-x86_64-linux-gnu/po/xh.gmo
cd /<<PKGBUILDDIR>>/obj-x86_64-linux-gnu/po && /usr/bin/msgmerge --quiet --no-fuzzy-matching -o /<<PKGBUILDDIR>>/obj-x86_64-linux-gnu/po/xh.po /<<PKGBUILDDIR>>/po/xh.po /<<PKGBUILDDIR>>/obj-x86_64-linux-gnu/po/zypper.pot
[ 56%] Update /<<PKGBUILDDIR>>/obj-x86_64-linux-gnu/po/zh_CN.gmo
cd /<<PKGBUILDDIR>>/obj-x86_64-linux-gnu/po && /usr/bin/msgmerge --quiet --no-fuzzy-matching -o /<<PKGBUILDDIR>>/obj-x86_64-linux-gnu/po/zh_CN.po /<<PKGBUILDDIR>>/po/zh_CN.po /<<PKGBUILDDIR>>/obj-x86_64-linux-gnu/po/zypper.pot
cd /<<PKGBUILDDIR>>/obj-x86_64-linux-gnu/po && /usr/bin/msgfmt -o /<<PKGBUILDDIR>>/obj-x86_64-linux-gnu/po/xh.gmo /<<PKGBUILDDIR>>/obj-x86_64-linux-gnu/po/xh.po
[ 56%] Update /<<PKGBUILDDIR>>/obj-x86_64-linux-gnu/po/zh_TW.gmo
cd /<<PKGBUILDDIR>>/obj-x86_64-linux-gnu/po && /usr/bin/msgmerge --quiet --no-fuzzy-matching -o /<<PKGBUILDDIR>>/obj-x86_64-linux-gnu/po/zh_TW.po /<<PKGBUILDDIR>>/po/zh_TW.po /<<PKGBUILDDIR>>/obj-x86_64-linux-gnu/po/zypper.pot
cd /<<PKGBUILDDIR>>/obj-x86_64-linux-gnu/po && /usr/bin/msgfmt -o /<<PKGBUILDDIR>>/obj-x86_64-linux-gnu/po/zh_CN.gmo /<<PKGBUILDDIR>>/obj-x86_64-linux-gnu/po/zh_CN.po
cd /<<PKGBUILDDIR>>/obj-x86_64-linux-gnu/po && /usr/bin/msgfmt -o /<<PKGBUILDDIR>>/obj-x86_64-linux-gnu/po/zh_TW.gmo /<<PKGBUILDDIR>>/obj-x86_64-linux-gnu/po/zh_TW.po
[ 56%] .pot file diff...
cd /<<PKGBUILDDIR>>/obj-x86_64-linux-gnu/po && ../../po/PotfileDiff.sh /<<PKGBUILDDIR>>/po/zypper.pot /<<PKGBUILDDIR>>/obj-x86_64-linux-gnu/po/zypper.pot | grep '^[+-][^+-]' || true
-msgid "Commands:"
-msgid "Global Options:"
-msgid "Usage:"
make[3]: Leaving directory '/<<PKGBUILDDIR>>/obj-x86_64-linux-gnu'
[ 56%] Built target translations
In file included from /<<PKGBUILDDIR>>/src/Config.cc:17:
/usr/include/x86_64-linux-gnu/zypp/base/Exception.h:329:58: error: template parameter redefines default argument
    template<class TExcpt, EnableIfIsException<TExcpt> = 0>
                                                         ^
/usr/include/x86_64-linux-gnu/zypp/base/Exception.h:327:58: note: previous default template argument defined here
    template<class TExcpt, EnableIfIsException<TExcpt> = 0>
                                                         ^
/usr/include/x86_64-linux-gnu/zypp/base/Exception.h:340:59: error: template parameter redefines default argument
    template<class TExcpt, EnableIfNotException<TExcpt> = 0>
                                                          ^
/usr/include/x86_64-linux-gnu/zypp/base/Exception.h:338:59: note: previous default template argument defined here
    template<class TExcpt, EnableIfNotException<TExcpt> = 0>
                                                          ^
/usr/include/x86_64-linux-gnu/zypp/base/Exception.h:366:58: error: template parameter redefines default argument
    template<class TExcpt, EnableIfIsException<TExcpt> = 0>
                                                         ^
/usr/include/x86_64-linux-gnu/zypp/base/Exception.h:364:58: note: previous default template argument defined here
    template<class TExcpt, EnableIfIsException<TExcpt> = 0>
                                                         ^
/usr/include/x86_64-linux-gnu/zypp/base/Exception.h:377:59: error: template parameter redefines default argument
    template<class TExcpt, EnableIfNotException<TExcpt> = 0>
                                                          ^
/usr/include/x86_64-linux-gnu/zypp/base/Exception.h:375:59: note: previous default template argument defined here
    template<class TExcpt, EnableIfNotException<TExcpt> = 0>
                                                          ^
In file included from /<<PKGBUILDDIR>>/src/Command.cc:11:
/usr/include/x86_64-linux-gnu/zypp/base/Exception.h:329:58: error: template parameter redefines default argument
    template<class TExcpt, EnableIfIsException<TExcpt> = 0>
                                                         ^
/usr/include/x86_64-linux-gnu/zypp/base/Exception.h:327:58: note: previous default template argument defined here
    template<class TExcpt, EnableIfIsException<TExcpt> = 0>
                                                         ^
/usr/include/x86_64-linux-gnu/zypp/base/Exception.h:340:59: error: template parameter redefines default argument
    template<class TExcpt, EnableIfNotException<TExcpt> = 0>
                                                          ^
/usr/include/x86_64-linux-gnu/zypp/base/Exception.h:338:59: note: previous default template argument defined here
    template<class TExcpt, EnableIfNotException<TExcpt> = 0>
                                                          ^
/usr/include/x86_64-linux-gnu/zypp/base/Exception.h:366:58: error: template parameter redefines default argument
    template<class TExcpt, EnableIfIsException<TExcpt> = 0>
                                                         ^
/usr/include/x86_64-linux-gnu/zypp/base/Exception.h:364:58: note: previous default template argument defined here
    template<class TExcpt, EnableIfIsException<TExcpt> = 0>
                                                         ^
/usr/include/x86_64-linux-gnu/zypp/base/Exception.h:377:59: error: template parameter redefines default argument
    template<class TExcpt, EnableIfNotException<TExcpt> = 0>
                                                          ^
/usr/include/x86_64-linux-gnu/zypp/base/Exception.h:375:59: note: previous default template argument defined here
    template<class TExcpt, EnableIfNotException<TExcpt> = 0>
                                                          ^
4 errors generated.
make[3]: *** [src/CMakeFiles/zypper_lib.dir/build.make:79: src/CMakeFiles/zypper_lib.dir/Command.cc.o] Error 1
4 errors generated.
make[3]: *** [src/CMakeFiles/zypper_lib.dir/build.make:92: src/CMakeFiles/zypper_lib.dir/Config.cc.o] Error 1
make[3]: Leaving directory '/<<PKGBUILDDIR>>/obj-x86_64-linux-gnu'
make[2]: *** [CMakeFiles/Makefile2:1135: src/CMakeFiles/zypper_lib.dir/all] Error 2
make[2]: Leaving directory '/<<PKGBUILDDIR>>/obj-x86_64-linux-gnu'
make[1]: *** [Makefile:166: all] Error 2
make[1]: Leaving directory '/<<PKGBUILDDIR>>/obj-x86_64-linux-gnu'
make: *** [/usr/share/cdbs/1/class/makefile.mk:77: debian/stamp-makefile-build] Error 2
dpkg-buildpackage: error: debian/rules build subprocess returned exit status 2
--------------------------------------------------------------------------------
Build finished at 2020-02-25T14:00:43Z

Finished
--------


+------------------------------------------------------------------------------+
| Cleanup                                                                      |
+------------------------------------------------------------------------------+

Purging /<<BUILDDIR>>
Not cleaning session: cloned chroot in use
E: Build failure (dpkg-buildpackage died)

+------------------------------------------------------------------------------+
| Summary                                                                      |
+------------------------------------------------------------------------------+

Build Architecture: amd64
Build Type: binary
Build-Space: 66340
Build-Time: 8
Distribution: unstable
Fail-Stage: build
Host Architecture: amd64
Install-Time: 32
Job: zypper_1.14.11-2
Machine Architecture: amd64
Package: zypper
Package-Time: 58
Source-Version: 1.14.11-2
Space: 66340
Status: attempted
Version: 1.14.11-2
--------------------------------------------------------------------------------
Finished at 2020-02-25T14:00:43Z
Build needed 00:00:58, 66340k disk space
E: Build failure (dpkg-buildpackage died)
DC-Status: Failed 59.012510761s
DC-Time-Estimation: 59.012510761 versus expected 438 (r/m: 6.422154969374122 ; m: 59.012510761)
