DC-Build-Header: net-cpp 2.2.1+dfsg1-4 / 2020-02-25 16:36:38 +0000
DC-Task: type:rebuild-binarch-only source:net-cpp version:2.2.1+dfsg1-4 chroot:unstable esttime:163 logfile:/tmp/net-cpp_2.2.1+dfsg1-4_unstable_clang9.log modes:clang9:binarch-only
DC-Sbuild-call: su user42 -c 'sbuild -n --arch-any --apt-update -d unstable -v --no-run-lintian --chroot-setup-commands=/tmp/clang9 net-cpp_2.2.1+dfsg1-4'
sbuild (Debian sbuild) 0.78.1 (09 February 2019) on ip-172-31-1-11.eu-central-1.compute.internal

+==============================================================================+
| net-cpp 2.2.1+dfsg1-4 (amd64)                Tue, 25 Feb 2020 16:36:38 +0000 |
+==============================================================================+

Package: net-cpp
Version: 2.2.1+dfsg1-4
Source Version: 2.2.1+dfsg1-4
Distribution: unstable
Machine Architecture: amd64
Host Architecture: amd64
Build Architecture: amd64
Build Type: binary

I: NOTICE: Log filtering will replace 'var/run/schroot/mount/sid-amd64-sbuild-85fe7700-f8a7-4f15-bbf4-02df7898269c' with '<<CHROOT>>'

+------------------------------------------------------------------------------+
| Chroot Setup Commands                                                        |
+------------------------------------------------------------------------------+


/tmp/clang9
-----------

+ echo 'Entering customization script...'
Entering customization script...
+ CLANG_VERSION=9
+ echo 'Install of clang-9'
Install of clang-9
+ apt-get update
Get:1 http://127.0.0.1:12990/debian sid InRelease [142 kB]
Get:2 http://127.0.0.1:12990/debian sid/main Sources.diff/Index [27.9 kB]
Get:3 http://127.0.0.1:12990/debian sid/main amd64 Packages.diff/Index [27.9 kB]
Get:4 http://127.0.0.1:12990/debian sid/main Sources 2020-02-24-0823.32.pdiff [11.0 kB]
Get:5 http://127.0.0.1:12990/debian sid/main Sources 2020-02-24-1420.34.pdiff [30.2 kB]
Get:6 http://127.0.0.1:12990/debian sid/main Sources 2020-02-24-2014.03.pdiff [16.9 kB]
Get:7 http://127.0.0.1:12990/debian sid/main Sources 2020-02-25-0213.11.pdiff [23.2 kB]
Get:8 http://127.0.0.1:12990/debian sid/main Sources 2020-02-25-0815.22.pdiff [9222 B]
Get:9 http://127.0.0.1:12990/debian sid/main Sources 2020-02-25-1413.15.pdiff [16.3 kB]
Get:10 http://127.0.0.1:12990/debian sid/main amd64 Packages 2020-02-24-0823.32.pdiff [15.5 kB]
Get:11 http://127.0.0.1:12990/debian sid/main amd64 Packages 2020-02-24-1420.34.pdiff [27.5 kB]
Get:12 http://127.0.0.1:12990/debian sid/main amd64 Packages 2020-02-24-2014.03.pdiff [21.6 kB]
Get:13 http://127.0.0.1:12990/debian sid/main amd64 Packages 2020-02-25-0213.11.pdiff [35.0 kB]
Get:14 http://127.0.0.1:12990/debian sid/main amd64 Packages 2020-02-25-0815.22.pdiff [20.1 kB]
Get:15 http://127.0.0.1:12990/debian sid/main amd64 Packages 2020-02-25-1413.15.pdiff [18.4 kB]
Get:9 http://127.0.0.1:12990/debian sid/main Sources 2020-02-25-1413.15.pdiff [16.3 kB]
Get:15 http://127.0.0.1:12990/debian sid/main amd64 Packages 2020-02-25-1413.15.pdiff [18.4 kB]
Get:16 http://127.0.0.1:12990/debian sid/main Translation-en [6195 kB]
Fetched 6638 kB in 2s (3846 kB/s)
Reading package lists...
+ apt-get install --yes --no-install-recommends --force-yes clang-9 libomp-9-dev libobjc-9-dev
Reading package lists...
Building dependency tree...
The following additional packages will be installed:
  cpp-9 g++-9 gcc-8-base gcc-9 gcc-9-base lib32gcc-s1 lib32gcc1 lib32stdc++6
  libasan5 libbsd0 libc6-i386 libclang-common-9-dev libclang-cpp9 libedit2
  libgc1c2 libgcc-8-dev libgcc-9-dev libllvm9 libmpx2 libobjc-8-dev libobjc4
  libomp5-9 libstdc++-8-dev libstdc++-9-dev libz3-4
Suggested packages:
  clang-9-doc gcc-9-locales g++-9-multilib gcc-9-doc gcc-9-multilib
  libomp-9-doc libstdc++-8-doc libstdc++-9-doc
Recommended packages:
  llvm-9-dev python3
The following NEW packages will be installed:
  clang-9 gcc-8-base lib32gcc-s1 lib32gcc1 lib32stdc++6 libbsd0 libc6-i386
  libclang-common-9-dev libclang-cpp9 libedit2 libgc1c2 libgcc-8-dev libllvm9
  libmpx2 libobjc-8-dev libobjc-9-dev libobjc4 libomp-9-dev libomp5-9
  libstdc++-8-dev libz3-4
The following packages will be upgraded:
  cpp-9 g++-9 gcc-9 gcc-9-base libasan5 libgcc-9-dev libstdc++-9-dev
7 upgraded, 21 newly installed, 0 to remove and 3 not upgraded.
Need to get 78.9 MB of archives.
After this operation, 237 MB of additional disk space will be used.
Get:1 http://127.0.0.1:12990/debian sid/main amd64 libasan5 amd64 9.2.1-30 [389 kB]
Get:2 http://127.0.0.1:12990/debian sid/main amd64 g++-9 amd64 9.2.1-30 [10.7 MB]
Get:3 http://127.0.0.1:12990/debian sid/main amd64 gcc-9 amd64 9.2.1-30 [10.0 MB]
Get:4 http://127.0.0.1:12990/debian sid/main amd64 libstdc++-9-dev amd64 9.2.1-30 [1697 kB]
Get:5 http://127.0.0.1:12990/debian sid/main amd64 libgcc-9-dev amd64 9.2.1-30 [2349 kB]
Get:6 http://127.0.0.1:12990/debian sid/main amd64 cpp-9 amd64 9.2.1-30 [9711 kB]
Get:7 http://127.0.0.1:12990/debian sid/main amd64 gcc-9-base amd64 9.2.1-30 [196 kB]
Get:8 http://127.0.0.1:12990/debian sid/main amd64 libbsd0 amd64 0.10.0-1 [107 kB]
Get:9 http://127.0.0.1:12990/debian sid/main amd64 libedit2 amd64 3.1-20191231-1 [95.4 kB]
Get:10 http://127.0.0.1:12990/debian sid/main amd64 libz3-4 amd64 4.8.7-4 [6790 kB]
Get:11 http://127.0.0.1:12990/debian sid/main amd64 libllvm9 amd64 1:9.0.1-8 [15.0 MB]
Get:12 http://127.0.0.1:12990/debian sid/main amd64 libclang-cpp9 amd64 1:9.0.1-8 [8429 kB]
Get:13 http://127.0.0.1:12990/debian sid/main amd64 gcc-8-base amd64 8.3.0-29 [194 kB]
Get:14 http://127.0.0.1:12990/debian sid/main amd64 libmpx2 amd64 8.3.0-29 [11.4 kB]
Get:15 http://127.0.0.1:12990/debian sid/main amd64 libgcc-8-dev amd64 8.3.0-29 [2297 kB]
Get:16 http://127.0.0.1:12990/debian sid/main amd64 libstdc++-8-dev amd64 8.3.0-29 [1543 kB]
Get:17 http://127.0.0.1:12990/debian sid/main amd64 libgc1c2 amd64 1:7.6.4-0.4 [224 kB]
Get:18 http://127.0.0.1:12990/debian sid/main amd64 libobjc4 amd64 10-20200222-1 [41.6 kB]
Get:19 http://127.0.0.1:12990/debian sid/main amd64 libobjc-8-dev amd64 8.3.0-29 [227 kB]
Get:20 http://127.0.0.1:12990/debian sid/main amd64 libc6-i386 amd64 2.29-10 [2918 kB]
Get:21 http://127.0.0.1:12990/debian sid/main amd64 lib32gcc-s1 amd64 10-20200222-1 [49.4 kB]
Get:22 http://127.0.0.1:12990/debian sid/main amd64 lib32gcc1 amd64 1:10-20200222-1 [1104 B]
Get:23 http://127.0.0.1:12990/debian sid/main amd64 lib32stdc++6 amd64 10-20200222-1 [510 kB]
Get:24 http://127.0.0.1:12990/debian sid/main amd64 libclang-common-9-dev amd64 1:9.0.1-8 [3727 kB]
Get:25 http://127.0.0.1:12990/debian sid/main amd64 clang-9 amd64 1:9.0.1-8 [1156 kB]
Get:26 http://127.0.0.1:12990/debian sid/main amd64 libobjc-9-dev amd64 9.2.1-30 [219 kB]
Get:27 http://127.0.0.1:12990/debian sid/main amd64 libomp5-9 amd64 1:9.0.1-8 [333 kB]
Get:28 http://127.0.0.1:12990/debian sid/main amd64 libomp-9-dev amd64 1:9.0.1-8 [66.2 kB]
debconf: delaying package configuration, since apt-utils is not installed
Fetched 78.9 MB in 1s (99.7 MB/s)
(Reading database ... (Reading database ... 5%(Reading database ... 10%(Reading database ... 15%(Reading database ... 20%(Reading database ... 25%(Reading database ... 30%(Reading database ... 35%(Reading database ... 40%(Reading database ... 45%(Reading database ... 50%(Reading database ... 55%(Reading database ... 60%(Reading database ... 65%(Reading database ... 70%(Reading database ... 75%(Reading database ... 80%(Reading database ... 85%(Reading database ... 90%(Reading database ... 95%(Reading database ... 100%(Reading database ... 12119 files and directories currently installed.)
Preparing to unpack .../00-libasan5_9.2.1-30_amd64.deb ...
Unpacking libasan5:amd64 (9.2.1-30) over (9.2.1-29) ...
Preparing to unpack .../01-g++-9_9.2.1-30_amd64.deb ...
Unpacking g++-9 (9.2.1-30) over (9.2.1-29) ...
Preparing to unpack .../02-gcc-9_9.2.1-30_amd64.deb ...
Unpacking gcc-9 (9.2.1-30) over (9.2.1-29) ...
Preparing to unpack .../03-libstdc++-9-dev_9.2.1-30_amd64.deb ...
Unpacking libstdc++-9-dev:amd64 (9.2.1-30) over (9.2.1-29) ...
Preparing to unpack .../04-libgcc-9-dev_9.2.1-30_amd64.deb ...
Unpacking libgcc-9-dev:amd64 (9.2.1-30) over (9.2.1-29) ...
Preparing to unpack .../05-cpp-9_9.2.1-30_amd64.deb ...
Unpacking cpp-9 (9.2.1-30) over (9.2.1-29) ...
Preparing to unpack .../06-gcc-9-base_9.2.1-30_amd64.deb ...
Unpacking gcc-9-base:amd64 (9.2.1-30) over (9.2.1-29) ...
Selecting previously unselected package libbsd0:amd64.
Preparing to unpack .../07-libbsd0_0.10.0-1_amd64.deb ...
Unpacking libbsd0:amd64 (0.10.0-1) ...
Selecting previously unselected package libedit2:amd64.
Preparing to unpack .../08-libedit2_3.1-20191231-1_amd64.deb ...
Unpacking libedit2:amd64 (3.1-20191231-1) ...
Selecting previously unselected package libz3-4:amd64.
Preparing to unpack .../09-libz3-4_4.8.7-4_amd64.deb ...
Unpacking libz3-4:amd64 (4.8.7-4) ...
Selecting previously unselected package libllvm9:amd64.
Preparing to unpack .../10-libllvm9_1%3a9.0.1-8_amd64.deb ...
Unpacking libllvm9:amd64 (1:9.0.1-8) ...
Selecting previously unselected package libclang-cpp9.
Preparing to unpack .../11-libclang-cpp9_1%3a9.0.1-8_amd64.deb ...
Unpacking libclang-cpp9 (1:9.0.1-8) ...
Selecting previously unselected package gcc-8-base:amd64.
Preparing to unpack .../12-gcc-8-base_8.3.0-29_amd64.deb ...
Unpacking gcc-8-base:amd64 (8.3.0-29) ...
Selecting previously unselected package libmpx2:amd64.
Preparing to unpack .../13-libmpx2_8.3.0-29_amd64.deb ...
Unpacking libmpx2:amd64 (8.3.0-29) ...
Selecting previously unselected package libgcc-8-dev:amd64.
Preparing to unpack .../14-libgcc-8-dev_8.3.0-29_amd64.deb ...
Unpacking libgcc-8-dev:amd64 (8.3.0-29) ...
Selecting previously unselected package libstdc++-8-dev:amd64.
Preparing to unpack .../15-libstdc++-8-dev_8.3.0-29_amd64.deb ...
Unpacking libstdc++-8-dev:amd64 (8.3.0-29) ...
Selecting previously unselected package libgc1c2:amd64.
Preparing to unpack .../16-libgc1c2_1%3a7.6.4-0.4_amd64.deb ...
Unpacking libgc1c2:amd64 (1:7.6.4-0.4) ...
Selecting previously unselected package libobjc4:amd64.
Preparing to unpack .../17-libobjc4_10-20200222-1_amd64.deb ...
Unpacking libobjc4:amd64 (10-20200222-1) ...
Selecting previously unselected package libobjc-8-dev:amd64.
Preparing to unpack .../18-libobjc-8-dev_8.3.0-29_amd64.deb ...
Unpacking libobjc-8-dev:amd64 (8.3.0-29) ...
Selecting previously unselected package libc6-i386.
Preparing to unpack .../19-libc6-i386_2.29-10_amd64.deb ...
Unpacking libc6-i386 (2.29-10) ...
Selecting previously unselected package lib32gcc-s1.
Preparing to unpack .../20-lib32gcc-s1_10-20200222-1_amd64.deb ...
Unpacking lib32gcc-s1 (10-20200222-1) ...
Selecting previously unselected package lib32gcc1.
Preparing to unpack .../21-lib32gcc1_1%3a10-20200222-1_amd64.deb ...
Unpacking lib32gcc1 (1:10-20200222-1) ...
Selecting previously unselected package lib32stdc++6.
Preparing to unpack .../22-lib32stdc++6_10-20200222-1_amd64.deb ...
Unpacking lib32stdc++6 (10-20200222-1) ...
Selecting previously unselected package libclang-common-9-dev.
Preparing to unpack .../23-libclang-common-9-dev_1%3a9.0.1-8_amd64.deb ...
Unpacking libclang-common-9-dev (1:9.0.1-8) ...
Selecting previously unselected package clang-9.
Preparing to unpack .../24-clang-9_1%3a9.0.1-8_amd64.deb ...
Unpacking clang-9 (1:9.0.1-8) ...
Selecting previously unselected package libobjc-9-dev:amd64.
Preparing to unpack .../25-libobjc-9-dev_9.2.1-30_amd64.deb ...
Unpacking libobjc-9-dev:amd64 (9.2.1-30) ...
Selecting previously unselected package libomp5-9:amd64.
Preparing to unpack .../26-libomp5-9_1%3a9.0.1-8_amd64.deb ...
Unpacking libomp5-9:amd64 (1:9.0.1-8) ...
Selecting previously unselected package libomp-9-dev.
Preparing to unpack .../27-libomp-9-dev_1%3a9.0.1-8_amd64.deb ...
Unpacking libomp-9-dev (1:9.0.1-8) ...
Setting up libgc1c2:amd64 (1:7.6.4-0.4) ...
Setting up libobjc4:amd64 (10-20200222-1) ...
Setting up libz3-4:amd64 (4.8.7-4) ...
Setting up gcc-8-base:amd64 (8.3.0-29) ...
Setting up libmpx2:amd64 (8.3.0-29) ...
Setting up libc6-i386 (2.29-10) ...
Setting up libbsd0:amd64 (0.10.0-1) ...
Setting up gcc-9-base:amd64 (9.2.1-30) ...
Setting up libomp5-9:amd64 (1:9.0.1-8) ...
Setting up libedit2:amd64 (3.1-20191231-1) ...
Setting up libasan5:amd64 (9.2.1-30) ...
Setting up lib32gcc-s1 (10-20200222-1) ...
Setting up libgcc-8-dev:amd64 (8.3.0-29) ...
Setting up libomp-9-dev (1:9.0.1-8) ...
Setting up cpp-9 (9.2.1-30) ...
Setting up libllvm9:amd64 (1:9.0.1-8) ...
Setting up libstdc++-8-dev:amd64 (8.3.0-29) ...
Setting up libclang-cpp9 (1:9.0.1-8) ...
Setting up lib32gcc1 (1:10-20200222-1) ...
Setting up libgcc-9-dev:amd64 (9.2.1-30) ...
Setting up libobjc-8-dev:amd64 (8.3.0-29) ...
Setting up lib32stdc++6 (10-20200222-1) ...
Setting up libobjc-9-dev:amd64 (9.2.1-30) ...
Setting up libclang-common-9-dev (1:9.0.1-8) ...
Setting up gcc-9 (9.2.1-30) ...
Setting up libstdc++-9-dev:amd64 (9.2.1-30) ...
Setting up clang-9 (1:9.0.1-8) ...
Setting up g++-9 (9.2.1-30) ...
Processing triggers for libc-bin (2.29-10) ...
W: --force-yes is deprecated, use one of the options starting with --allow instead.
+ echo 'Replace gcc, g++ & cpp by clang'
Replace gcc, g++ & cpp by clang
+ VERSIONS='4.6 4.7 4.8 4.9 5 6 7 8 9 10'
+ cd /usr/bin
+ for VERSION in $VERSIONS
+ rm -f g++-4.6 gcc-4.6 cpp-4.6 gcc
+ ln -s clang++-9 g++-4.6
+ ln -s clang-9 gcc-4.6
+ ln -s clang-9 cpp-4.6
+ ln -s clang-9 gcc
+ echo 'gcc-4.6 hold'
+ dpkg --set-selections
dpkg: warning: package not in status nor available database at line 1: gcc-4.6
dpkg: warning: found unknown packages; this might mean the available database
is outdated, and needs to be updated through a frontend method;
please see the FAQ <https://wiki.debian.org/Teams/Dpkg/FAQ>
+ echo 'g++-4.6 hold'
+ dpkg --set-selections
dpkg: warning: package not in status nor available database at line 1: g++-4.6
dpkg: warning: found unknown packages; this might mean the available database
is outdated, and needs to be updated through a frontend method;
please see the FAQ <https://wiki.debian.org/Teams/Dpkg/FAQ>
+ for VERSION in $VERSIONS
+ rm -f g++-4.7 gcc-4.7 cpp-4.7 gcc
+ ln -s clang++-9 g++-4.7
+ ln -s clang-9 gcc-4.7
+ ln -s clang-9 cpp-4.7
+ ln -s clang-9 gcc
+ echo 'gcc-4.7 hold'
+ dpkg --set-selections
dpkg: warning: package not in status nor available database at line 1: gcc-4.7
dpkg: warning: found unknown packages; this might mean the available database
is outdated, and needs to be updated through a frontend method;
please see the FAQ <https://wiki.debian.org/Teams/Dpkg/FAQ>
+ echo 'g++-4.7 hold'
+ dpkg --set-selections
dpkg: warning: package not in status nor available database at line 1: g++-4.7
dpkg: warning: found unknown packages; this might mean the available database
is outdated, and needs to be updated through a frontend method;
please see the FAQ <https://wiki.debian.org/Teams/Dpkg/FAQ>
+ for VERSION in $VERSIONS
+ rm -f g++-4.8 gcc-4.8 cpp-4.8 gcc
+ ln -s clang++-9 g++-4.8
+ ln -s clang-9 gcc-4.8
+ ln -s clang-9 cpp-4.8
+ ln -s clang-9 gcc
+ echo 'gcc-4.8 hold'
+ dpkg --set-selections
dpkg: warning: package not in status nor available database at line 1: gcc-4.8
dpkg: warning: found unknown packages; this might mean the available database
is outdated, and needs to be updated through a frontend method;
please see the FAQ <https://wiki.debian.org/Teams/Dpkg/FAQ>
+ echo 'g++-4.8 hold'
+ dpkg --set-selections
dpkg: warning: package not in status nor available database at line 1: g++-4.8
dpkg: warning: found unknown packages; this might mean the available database
is outdated, and needs to be updated through a frontend method;
please see the FAQ <https://wiki.debian.org/Teams/Dpkg/FAQ>
+ for VERSION in $VERSIONS
+ rm -f g++-4.9 gcc-4.9 cpp-4.9 gcc
+ ln -s clang++-9 g++-4.9
+ ln -s clang-9 gcc-4.9
+ ln -s clang-9 cpp-4.9
+ ln -s clang-9 gcc
+ echo 'gcc-4.9 hold'
+ dpkg --set-selections
dpkg: warning: package not in status nor available database at line 1: gcc-4.9
dpkg: warning: found unknown packages; this might mean the available database
is outdated, and needs to be updated through a frontend method;
please see the FAQ <https://wiki.debian.org/Teams/Dpkg/FAQ>
+ echo 'g++-4.9 hold'
+ dpkg --set-selections
dpkg: warning: package not in status nor available database at line 1: g++-4.9
dpkg: warning: found unknown packages; this might mean the available database
is outdated, and needs to be updated through a frontend method;
please see the FAQ <https://wiki.debian.org/Teams/Dpkg/FAQ>
+ for VERSION in $VERSIONS
+ rm -f g++-5 gcc-5 cpp-5 gcc
+ ln -s clang++-9 g++-5
+ ln -s clang-9 gcc-5
+ ln -s clang-9 cpp-5
+ ln -s clang-9 gcc
+ echo 'gcc-5 hold'
+ dpkg --set-selections
dpkg: warning: package not in status nor available database at line 1: gcc-5
dpkg: warning: found unknown packages; this might mean the available database
is outdated, and needs to be updated through a frontend method;
please see the FAQ <https://wiki.debian.org/Teams/Dpkg/FAQ>
+ echo 'g++-5 hold'
+ dpkg --set-selections
dpkg: warning: package not in status nor available database at line 1: g++-5
dpkg: warning: found unknown packages; this might mean the available database
is outdated, and needs to be updated through a frontend method;
please see the FAQ <https://wiki.debian.org/Teams/Dpkg/FAQ>
+ for VERSION in $VERSIONS
+ rm -f g++-6 gcc-6 cpp-6 gcc
+ ln -s clang++-9 g++-6
+ ln -s clang-9 gcc-6
+ ln -s clang-9 cpp-6
+ ln -s clang-9 gcc
+ echo 'gcc-6 hold'
+ dpkg --set-selections
dpkg: warning: package not in status nor available database at line 1: gcc-6
dpkg: warning: found unknown packages; this might mean the available database
is outdated, and needs to be updated through a frontend method;
please see the FAQ <https://wiki.debian.org/Teams/Dpkg/FAQ>
+ echo 'g++-6 hold'
+ dpkg --set-selections
dpkg: warning: package not in status nor available database at line 1: g++-6
dpkg: warning: found unknown packages; this might mean the available database
is outdated, and needs to be updated through a frontend method;
please see the FAQ <https://wiki.debian.org/Teams/Dpkg/FAQ>
+ for VERSION in $VERSIONS
+ rm -f g++-7 gcc-7 cpp-7 gcc
+ ln -s clang++-9 g++-7
+ ln -s clang-9 gcc-7
+ ln -s clang-9 cpp-7
+ ln -s clang-9 gcc
+ echo 'gcc-7 hold'
+ dpkg --set-selections
dpkg: warning: package not in status nor available database at line 1: gcc-7
dpkg: warning: found unknown packages; this might mean the available database
is outdated, and needs to be updated through a frontend method;
please see the FAQ <https://wiki.debian.org/Teams/Dpkg/FAQ>
+ echo 'g++-7 hold'
+ dpkg --set-selections
dpkg: warning: package not in status nor available database at line 1: g++-7
dpkg: warning: found unknown packages; this might mean the available database
is outdated, and needs to be updated through a frontend method;
please see the FAQ <https://wiki.debian.org/Teams/Dpkg/FAQ>
+ for VERSION in $VERSIONS
+ rm -f g++-8 gcc-8 cpp-8 gcc
+ ln -s clang++-9 g++-8
+ ln -s clang-9 gcc-8
+ ln -s clang-9 cpp-8
+ ln -s clang-9 gcc
+ echo 'gcc-8 hold'
+ dpkg --set-selections
dpkg: warning: package not in status nor available database at line 1: gcc-8
dpkg: warning: found unknown packages; this might mean the available database
is outdated, and needs to be updated through a frontend method;
please see the FAQ <https://wiki.debian.org/Teams/Dpkg/FAQ>
+ echo 'g++-8 hold'
+ dpkg --set-selections
dpkg: warning: package not in status nor available database at line 1: g++-8
dpkg: warning: found unknown packages; this might mean the available database
is outdated, and needs to be updated through a frontend method;
please see the FAQ <https://wiki.debian.org/Teams/Dpkg/FAQ>
+ for VERSION in $VERSIONS
+ rm -f g++-9 gcc-9 cpp-9 gcc
+ ln -s clang++-9 g++-9
+ ln -s clang-9 gcc-9
+ ln -s clang-9 cpp-9
+ ln -s clang-9 gcc
+ echo 'gcc-9 hold'
+ dpkg --set-selections
+ echo 'g++-9 hold'
+ dpkg --set-selections
+ for VERSION in $VERSIONS
+ rm -f g++-10 gcc-10 cpp-10 gcc
+ ln -s clang++-9 g++-10
+ ln -s clang-9 gcc-10
+ ln -s clang-9 cpp-10
+ ln -s clang-9 gcc
+ echo 'gcc-10 hold'
+ dpkg --set-selections
dpkg: warning: package not in status nor available database at line 1: gcc-10
dpkg: warning: found unknown packages; this might mean the available database
is outdated, and needs to be updated through a frontend method;
please see the FAQ <https://wiki.debian.org/Teams/Dpkg/FAQ>
+ echo 'g++-10 hold'
+ dpkg --set-selections
dpkg: warning: package not in status nor available database at line 1: g++-10
dpkg: warning: found unknown packages; this might mean the available database
is outdated, and needs to be updated through a frontend method;
please see the FAQ <https://wiki.debian.org/Teams/Dpkg/FAQ>
+ cd -
/build/net-cpp-L7d86u
+ echo 'Check if gcc, g++ & cpp are actually clang'
Check if gcc, g++ & cpp are actually clang
+ gcc --version
+ grep clang
+ cpp --version
+ grep clang
+ g++ --version
+ grep clang

I: Finished running '/tmp/clang9'.

Finished processing commands.
--------------------------------------------------------------------------------
I: NOTICE: Log filtering will replace 'build/net-cpp-L7d86u/resolver-n5TTjD' with '<<RESOLVERDIR>>'

+------------------------------------------------------------------------------+
| Update chroot                                                                |
+------------------------------------------------------------------------------+

Hit:1 http://127.0.0.1:12990/debian sid InRelease
Reading package lists...
Reading package lists...
Building dependency tree...
Reading state information...
Calculating upgrade...
The following packages will be upgraded:
  bash libgmp10 zlib1g
3 upgraded, 0 newly installed, 0 to remove and 0 not upgraded.
Need to get 1722 kB of archives.
After this operation, 4096 B of additional disk space will be used.
Get:1 http://127.0.0.1:12990/debian sid/main amd64 bash amd64 5.0-6 [1379 kB]
Get:2 http://127.0.0.1:12990/debian sid/main amd64 libgmp10 amd64 2:6.2.0+dfsg-4 [253 kB]
Get:3 http://127.0.0.1:12990/debian sid/main amd64 zlib1g amd64 1:1.2.11.dfsg-2 [90.4 kB]
debconf: delaying package configuration, since apt-utils is not installed
Fetched 1722 kB in 0s (75.1 MB/s)
(Reading database ... (Reading database ... 5%(Reading database ... 10%(Reading database ... 15%(Reading database ... 20%(Reading database ... 25%(Reading database ... 30%(Reading database ... 35%(Reading database ... 40%(Reading database ... 45%(Reading database ... 50%(Reading database ... 55%(Reading database ... 60%(Reading database ... 65%(Reading database ... 70%(Reading database ... 75%(Reading database ... 80%(Reading database ... 85%(Reading database ... 90%(Reading database ... 95%(Reading database ... 100%(Reading database ... 13921 files and directories currently installed.)
Preparing to unpack .../archives/bash_5.0-6_amd64.deb ...
Unpacking bash (5.0-6) over (5.0-5) ...
Setting up bash (5.0-6) ...
update-alternatives: using /usr/share/man/man7/bash-builtins.7.gz to provide /usr/share/man/man7/builtins.7.gz (builtins.7.gz) in auto mode
(Reading database ... (Reading database ... 5%(Reading database ... 10%(Reading database ... 15%(Reading database ... 20%(Reading database ... 25%(Reading database ... 30%(Reading database ... 35%(Reading database ... 40%(Reading database ... 45%(Reading database ... 50%(Reading database ... 55%(Reading database ... 60%(Reading database ... 65%(Reading database ... 70%(Reading database ... 75%(Reading database ... 80%(Reading database ... 85%(Reading database ... 90%(Reading database ... 95%(Reading database ... 100%(Reading database ... 13921 files and directories currently installed.)
Preparing to unpack .../libgmp10_2%3a6.2.0+dfsg-4_amd64.deb ...
Unpacking libgmp10:amd64 (2:6.2.0+dfsg-4) over (2:6.2.0+dfsg-3) ...
Setting up libgmp10:amd64 (2:6.2.0+dfsg-4) ...
(Reading database ... (Reading database ... 5%(Reading database ... 10%(Reading database ... 15%(Reading database ... 20%(Reading database ... 25%(Reading database ... 30%(Reading database ... 35%(Reading database ... 40%(Reading database ... 45%(Reading database ... 50%(Reading database ... 55%(Reading database ... 60%(Reading database ... 65%(Reading database ... 70%(Reading database ... 75%(Reading database ... 80%(Reading database ... 85%(Reading database ... 90%(Reading database ... 95%(Reading database ... 100%(Reading database ... 13921 files and directories currently installed.)
Preparing to unpack .../zlib1g_1%3a1.2.11.dfsg-2_amd64.deb ...
Unpacking zlib1g:amd64 (1:1.2.11.dfsg-2) over (1:1.2.11.dfsg-1.2) ...
Setting up zlib1g:amd64 (1:1.2.11.dfsg-2) ...
Processing triggers for libc-bin (2.29-10) ...

+------------------------------------------------------------------------------+
| Fetch source files                                                           |
+------------------------------------------------------------------------------+


Check APT
---------

Checking available source versions...

Download source files with APT
------------------------------

Reading package lists...
NOTICE: 'net-cpp' packaging is maintained in the 'Git' version control system at:
https://salsa.debian.org/ubports-team/net-cpp.git
Please use:
git clone https://salsa.debian.org/ubports-team/net-cpp.git
to retrieve the latest (possibly unreleased) updates to the package.
Need to get 64.0 kB of source archives.
Get:1 http://127.0.0.1:12990/debian sid/main net-cpp 2.2.1+dfsg1-4 (dsc) [2415 B]
Get:2 http://127.0.0.1:12990/debian sid/main net-cpp 2.2.1+dfsg1-4 (tar) [51.6 kB]
Get:3 http://127.0.0.1:12990/debian sid/main net-cpp 2.2.1+dfsg1-4 (diff) [10.0 kB]
Fetched 64.0 kB in 0s (1175 kB/s)
Download complete and in download only mode
I: NOTICE: Log filtering will replace 'build/net-cpp-L7d86u/net-cpp-2.2.1+dfsg1' with '<<PKGBUILDDIR>>'
I: NOTICE: Log filtering will replace 'build/net-cpp-L7d86u' with '<<BUILDDIR>>'

+------------------------------------------------------------------------------+
| Install package build dependencies                                           |
+------------------------------------------------------------------------------+


Setup apt archive
-----------------

Merged Build-Depends: cmake, cmake-extras, debhelper-compat (= 12), doxygen, google-mock, graphviz, libboost-dev (>= 1.58), libboost-serialization-dev (>= 1.58), libboost-system-dev (>= 1.58), libcurl4-openssl-dev, libjsoncpp-dev, libprocess-cpp-dev (>= 2.0.0), lsb-release, pkg-config, pkg-kde-tools, python3-httpbin, symlinks, rdfind, build-essential, fakeroot
Filtered Build-Depends: cmake, cmake-extras, debhelper-compat (= 12), doxygen, google-mock, graphviz, libboost-dev (>= 1.58), libboost-serialization-dev (>= 1.58), libboost-system-dev (>= 1.58), libcurl4-openssl-dev, libjsoncpp-dev, libprocess-cpp-dev (>= 2.0.0), lsb-release, pkg-config, pkg-kde-tools, python3-httpbin, symlinks, rdfind, build-essential, fakeroot
dpkg-deb: building package 'sbuild-build-depends-main-dummy' in '/<<RESOLVERDIR>>/apt_archive/sbuild-build-depends-main-dummy.deb'.
Ign:1 copy:/<<RESOLVERDIR>>/apt_archive ./ InRelease
Get:2 copy:/<<RESOLVERDIR>>/apt_archive ./ Release [957 B]
Ign:3 copy:/<<RESOLVERDIR>>/apt_archive ./ Release.gpg
Get:4 copy:/<<RESOLVERDIR>>/apt_archive ./ Sources [515 B]
Get:5 copy:/<<RESOLVERDIR>>/apt_archive ./ Packages [599 B]
Fetched 2071 B in 0s (0 B/s)
Reading package lists...
Reading package lists...

Install main build dependencies (apt-based resolver)
----------------------------------------------------

Installing build dependencies
Reading package lists...
Building dependency tree...
Reading state information...
The following additional packages will be installed:
  autoconf automake autopoint autotools-dev bsdmainutils cmake cmake-data
  cmake-extras debhelper dh-autoreconf dh-strip-nondeterminism
  distro-info-data doxygen dwz file fontconfig fontconfig-config
  fonts-dejavu-core gettext gettext-base google-mock googletest graphviz
  groff-base intltool-debian libann0 libarchive-zip-perl libarchive13
  libboost-dev libboost-iostreams1.67.0 libboost-serialization-dev
  libboost-serialization1.67-dev libboost-serialization1.67.0
  libboost-system-dev libboost-system1.67-dev libboost-system1.67.0
  libboost1.67-dev libbrotli1 libcairo2 libcdt5 libcgraph6 libclang1-9
  libcroco3 libcurl4 libcurl4-openssl-dev libdatrie1 libdebhelper-perl libelf1
  libexpat1 libfile-stripnondeterminism-perl libfontconfig1 libfreetype6
  libfribidi0 libgd3 libglib2.0-0 libgraphite2-3 libgssapi-krb5-2 libgts-0.7-5
  libgvc6 libgvpr2 libharfbuzz0b libice6 libicu63 libjbig0 libjpeg62-turbo
  libjs-jquery libjsoncpp-dev libjsoncpp1 libk5crypto3 libkeyutils1 libkrb5-3
  libkrb5support0 liblab-gamut1 libldap-2.4-2 libldap-common libltdl7
  libmagic-mgc libmagic1 libmpdec2 libncurses6 libnghttp2-14 libpango-1.0-0
  libpangocairo-1.0-0 libpangoft2-1.0-0 libpathplan4 libpipeline1
  libpixman-1-0 libpng16-16 libprocess-cpp-dev libprocess-cpp3 libprocps8
  libproperties-cpp-dev libpsl5 libpython3-stdlib libpython3.7-minimal
  libpython3.7-stdlib libreadline8 librhash0 librtmp1 libsasl2-2
  libsasl2-modules-db libsigsegv2 libsm6 libsqlite3-0 libssh2-1 libssl1.1
  libsub-override-perl libthai-data libthai0 libtiff5 libtool libuchardet0
  libuv1 libwebp6 libx11-6 libx11-data libxapian30 libxau6 libxaw7
  libxcb-render0 libxcb-shm0 libxcb1 libxdmcp6 libxext6 libxml2 libxmu6
  libxpm4 libxrender1 libxt6 lsb-release m4 man-db mime-support pkg-config
  pkg-kde-tools po-debconf procps python3 python3-click python3-colorama
  python3-decorator python3-flask python3-gevent python3-greenlet
  python3-httpbin python3-itsdangerous python3-jinja2 python3-markupsafe
  python3-minimal python3-six python3-werkzeug python3.7 python3.7-minimal
  rdfind readline-common sensible-utils symlinks ucf x11-common
Suggested packages:
  autoconf-archive gnu-standards autoconf-doc wamerican | wordlist whois
  vacation cmake-doc ninja-build googletests dh-make doxygen-latex doxygen-doc
  doxygen-gui gettext-doc libasprintf-dev libgettextpo-dev gsfonts
  graphviz-doc groff lrzip libboost-doc libboost1.67-doc
  libboost-atomic1.67-dev libboost-chrono1.67-dev libboost-container1.67-dev
  libboost-context1.67-dev libboost-contract1.67-dev
  libboost-coroutine1.67-dev libboost-date-time1.67-dev
  libboost-exception1.67-dev libboost-fiber1.67-dev
  libboost-filesystem1.67-dev libboost-graph1.67-dev
  libboost-graph-parallel1.67-dev libboost-iostreams1.67-dev
  libboost-locale1.67-dev libboost-log1.67-dev libboost-math1.67-dev
  libboost-mpi1.67-dev libboost-mpi-python1.67-dev libboost-numpy1.67-dev
  libboost-program-options1.67-dev libboost-python1.67-dev
  libboost-random1.67-dev libboost-regex1.67-dev libboost-signals1.67-dev
  libboost-stacktrace1.67-dev libboost-test1.67-dev libboost-thread1.67-dev
  libboost-timer1.67-dev libboost-type-erasure1.67-dev libboost-wave1.67-dev
  libboost1.67-tools-dev libmpfrc++-dev libntl-dev libcurl4-doc libidn11-dev
  libkrb5-dev libldap2-dev librtmp-dev libssh2-1-dev libssl-dev zlib1g-dev
  libgd-tools krb5-doc krb5-user libproperties-cpp-doc libtool-doc gfortran
  | fortran95-compiler gcj-jdk xapian-tools m4-doc apparmor less www-browser
  cdbs libmail-box-perl python3-doc python3-tk python3-venv python-flask-doc
  python-gevent-doc python3-gevent-dbg python3-openssl python-greenlet-doc
  python-greenlet-dev python3-greenlet-dbg python-jinja2-doc ipython3
  python-werkzeug-doc python3-lxml python3-pkg-resources python3-termcolor
  python3-watchdog python3.7-venv python3.7-doc binfmt-support readline-doc
Recommended packages:
  curl | wget | lynx fonts-liberation ca-certificates libarchive-cpio-perl
  libglib2.0-data shared-mime-info xdg-user-dirs libgts-bin javascript-common
  krb5-locales libgpm2 libprocess-cpp-doc publicsuffix libsasl2-modules
  libltdl-dev libwww-perl libmail-sendmail-perl psmisc python3-blinker
  python3-pkg-resources gunicorn3 python3-simplejson python3-openssl
  python3-pyinotify
The following NEW packages will be installed:
  autoconf automake autopoint autotools-dev bsdmainutils cmake cmake-data
  cmake-extras debhelper dh-autoreconf dh-strip-nondeterminism
  distro-info-data doxygen dwz file fontconfig fontconfig-config
  fonts-dejavu-core gettext gettext-base google-mock googletest graphviz
  groff-base intltool-debian libann0 libarchive-zip-perl libarchive13
  libboost-dev libboost-iostreams1.67.0 libboost-serialization-dev
  libboost-serialization1.67-dev libboost-serialization1.67.0
  libboost-system-dev libboost-system1.67-dev libboost-system1.67.0
  libboost1.67-dev libbrotli1 libcairo2 libcdt5 libcgraph6 libclang1-9
  libcroco3 libcurl4 libcurl4-openssl-dev libdatrie1 libdebhelper-perl libelf1
  libexpat1 libfile-stripnondeterminism-perl libfontconfig1 libfreetype6
  libfribidi0 libgd3 libglib2.0-0 libgraphite2-3 libgssapi-krb5-2 libgts-0.7-5
  libgvc6 libgvpr2 libharfbuzz0b libice6 libicu63 libjbig0 libjpeg62-turbo
  libjs-jquery libjsoncpp-dev libjsoncpp1 libk5crypto3 libkeyutils1 libkrb5-3
  libkrb5support0 liblab-gamut1 libldap-2.4-2 libldap-common libltdl7
  libmagic-mgc libmagic1 libmpdec2 libncurses6 libnghttp2-14 libpango-1.0-0
  libpangocairo-1.0-0 libpangoft2-1.0-0 libpathplan4 libpipeline1
  libpixman-1-0 libpng16-16 libprocess-cpp-dev libprocess-cpp3 libprocps8
  libproperties-cpp-dev libpsl5 libpython3-stdlib libpython3.7-minimal
  libpython3.7-stdlib libreadline8 librhash0 librtmp1 libsasl2-2
  libsasl2-modules-db libsigsegv2 libsm6 libsqlite3-0 libssh2-1 libssl1.1
  libsub-override-perl libthai-data libthai0 libtiff5 libtool libuchardet0
  libuv1 libwebp6 libx11-6 libx11-data libxapian30 libxau6 libxaw7
  libxcb-render0 libxcb-shm0 libxcb1 libxdmcp6 libxext6 libxml2 libxmu6
  libxpm4 libxrender1 libxt6 lsb-release m4 man-db mime-support pkg-config
  pkg-kde-tools po-debconf procps python3 python3-click python3-colorama
  python3-decorator python3-flask python3-gevent python3-greenlet
  python3-httpbin python3-itsdangerous python3-jinja2 python3-markupsafe
  python3-minimal python3-six python3-werkzeug python3.7 python3.7-minimal
  rdfind readline-common sbuild-build-depends-main-dummy sensible-utils
  symlinks ucf x11-common
0 upgraded, 160 newly installed, 0 to remove and 0 not upgraded.
Need to get 77.7 MB of archives.
After this operation, 402 MB of additional disk space will be used.
Get:1 copy:/<<RESOLVERDIR>>/apt_archive ./ sbuild-build-depends-main-dummy 0.invalid.0 [1032 B]
Get:2 http://127.0.0.1:12990/debian sid/main amd64 bsdmainutils amd64 11.1.2+b1 [191 kB]
Get:3 http://127.0.0.1:12990/debian sid/main amd64 libuchardet0 amd64 0.0.6-3 [64.9 kB]
Get:4 http://127.0.0.1:12990/debian sid/main amd64 groff-base amd64 1.22.4-4 [919 kB]
Get:5 http://127.0.0.1:12990/debian sid/main amd64 libpipeline1 amd64 1.5.2-2 [33.9 kB]
Get:6 http://127.0.0.1:12990/debian sid/main amd64 man-db amd64 2.9.0-2 [1307 kB]
Get:7 http://127.0.0.1:12990/debian sid/main amd64 libssl1.1 amd64 1.1.1d-2 [1540 kB]
Get:8 http://127.0.0.1:12990/debian sid/main amd64 libpython3.7-minimal amd64 3.7.6-1+b1 [591 kB]
Get:9 http://127.0.0.1:12990/debian sid/main amd64 libexpat1 amd64 2.2.9-1 [94.3 kB]
Get:10 http://127.0.0.1:12990/debian sid/main amd64 python3.7-minimal amd64 3.7.6-1+b1 [1813 kB]
Get:11 http://127.0.0.1:12990/debian sid/main amd64 python3-minimal amd64 3.7.5-3 [36.8 kB]
Get:12 http://127.0.0.1:12990/debian sid/main amd64 mime-support all 3.64 [37.8 kB]
Get:13 http://127.0.0.1:12990/debian sid/main amd64 libmpdec2 amd64 2.4.2-2 [87.2 kB]
Get:14 http://127.0.0.1:12990/debian sid/main amd64 readline-common all 8.0-4 [72.5 kB]
Get:15 http://127.0.0.1:12990/debian sid/main amd64 libreadline8 amd64 8.0-4 [160 kB]
Get:16 http://127.0.0.1:12990/debian sid/main amd64 libsqlite3-0 amd64 3.31.1-3 [661 kB]
Get:17 http://127.0.0.1:12990/debian sid/main amd64 libpython3.7-stdlib amd64 3.7.6-1+b1 [1735 kB]
Get:18 http://127.0.0.1:12990/debian sid/main amd64 python3.7 amd64 3.7.6-1+b1 [351 kB]
Get:19 http://127.0.0.1:12990/debian sid/main amd64 libpython3-stdlib amd64 3.7.5-3 [20.2 kB]
Get:20 http://127.0.0.1:12990/debian sid/main amd64 python3 amd64 3.7.5-3 [62.1 kB]
Get:21 http://127.0.0.1:12990/debian sid/main amd64 libncurses6 amd64 6.1+20191019-1 [102 kB]
Get:22 http://127.0.0.1:12990/debian sid/main amd64 libprocps8 amd64 2:3.3.16-1+b1 [62.8 kB]
Get:23 http://127.0.0.1:12990/debian sid/main amd64 procps amd64 2:3.3.16-1+b1 [263 kB]
Get:24 http://127.0.0.1:12990/debian sid/main amd64 sensible-utils all 0.0.12+nmu1 [16.0 kB]
Get:25 http://127.0.0.1:12990/debian sid/main amd64 libmagic-mgc amd64 1:5.38-4 [262 kB]
Get:26 http://127.0.0.1:12990/debian sid/main amd64 libmagic1 amd64 1:5.38-4 [120 kB]
Get:27 http://127.0.0.1:12990/debian sid/main amd64 file amd64 1:5.38-4 [67.9 kB]
Get:28 http://127.0.0.1:12990/debian sid/main amd64 gettext-base amd64 0.19.8.1-10 [123 kB]
Get:29 http://127.0.0.1:12990/debian sid/main amd64 ucf all 3.0038+nmu1 [69.0 kB]
Get:30 http://127.0.0.1:12990/debian sid/main amd64 libsigsegv2 amd64 2.12-2 [32.8 kB]
Get:31 http://127.0.0.1:12990/debian sid/main amd64 m4 amd64 1.4.18-4 [203 kB]
Get:32 http://127.0.0.1:12990/debian sid/main amd64 autoconf all 2.69-11.1 [341 kB]
Get:33 http://127.0.0.1:12990/debian sid/main amd64 autotools-dev all 20180224.1 [77.0 kB]
Get:34 http://127.0.0.1:12990/debian sid/main amd64 automake all 1:1.16.1-4 [771 kB]
Get:35 http://127.0.0.1:12990/debian sid/main amd64 autopoint all 0.19.8.1-10 [435 kB]
Get:36 http://127.0.0.1:12990/debian sid/main amd64 cmake-data all 3.16.3-1 [1628 kB]
Get:37 http://127.0.0.1:12990/debian sid/main amd64 libicu63 amd64 63.2-2 [8301 kB]
Get:38 http://127.0.0.1:12990/debian sid/main amd64 libxml2 amd64 2.9.10+dfsg-3 [709 kB]
Get:39 http://127.0.0.1:12990/debian sid/main amd64 libarchive13 amd64 3.4.0-1+b1 [335 kB]
Get:40 http://127.0.0.1:12990/debian sid/main amd64 libbrotli1 amd64 1.0.7-6 [266 kB]
Get:41 http://127.0.0.1:12990/debian sid/main amd64 libkeyutils1 amd64 1.6.1-2 [15.4 kB]
Get:42 http://127.0.0.1:12990/debian sid/main amd64 libkrb5support0 amd64 1.17-6 [64.6 kB]
Get:43 http://127.0.0.1:12990/debian sid/main amd64 libk5crypto3 amd64 1.17-6 [116 kB]
Get:44 http://127.0.0.1:12990/debian sid/main amd64 libkrb5-3 amd64 1.17-6 [366 kB]
Get:45 http://127.0.0.1:12990/debian sid/main amd64 libgssapi-krb5-2 amd64 1.17-6 [156 kB]
Get:46 http://127.0.0.1:12990/debian sid/main amd64 libsasl2-modules-db amd64 2.1.27+dfsg-2 [69.0 kB]
Get:47 http://127.0.0.1:12990/debian sid/main amd64 libsasl2-2 amd64 2.1.27+dfsg-2 [106 kB]
Get:48 http://127.0.0.1:12990/debian sid/main amd64 libldap-common all 2.4.49+dfsg-1 [91.9 kB]
Get:49 http://127.0.0.1:12990/debian sid/main amd64 libldap-2.4-2 amd64 2.4.49+dfsg-1 [226 kB]
Get:50 http://127.0.0.1:12990/debian sid/main amd64 libnghttp2-14 amd64 1.40.0-1 [85.0 kB]
Get:51 http://127.0.0.1:12990/debian sid/main amd64 libpsl5 amd64 0.20.2-2 [53.7 kB]
Get:52 http://127.0.0.1:12990/debian sid/main amd64 librtmp1 amd64 2.4+20151223.gitfa8646d.1-2+b1 [60.8 kB]
Get:53 http://127.0.0.1:12990/debian sid/main amd64 libssh2-1 amd64 1.8.0-2.1 [140 kB]
Get:54 http://127.0.0.1:12990/debian sid/main amd64 libcurl4 amd64 7.68.0-1 [321 kB]
Get:55 http://127.0.0.1:12990/debian sid/main amd64 libjsoncpp1 amd64 1.7.4-3.1 [77.6 kB]
Get:56 http://127.0.0.1:12990/debian sid/main amd64 librhash0 amd64 1.3.9-1 [123 kB]
Get:57 http://127.0.0.1:12990/debian sid/main amd64 libuv1 amd64 1.34.2-1 [127 kB]
Get:58 http://127.0.0.1:12990/debian sid/main amd64 cmake amd64 3.16.3-1 [3673 kB]
Get:59 http://127.0.0.1:12990/debian sid/main amd64 libtool all 2.4.6-13 [513 kB]
Get:60 http://127.0.0.1:12990/debian sid/main amd64 dh-autoreconf all 19 [16.9 kB]
Get:61 http://127.0.0.1:12990/debian sid/main amd64 libdebhelper-perl all 12.9 [183 kB]
Get:62 http://127.0.0.1:12990/debian sid/main amd64 libarchive-zip-perl all 1.67-1 [104 kB]
Get:63 http://127.0.0.1:12990/debian sid/main amd64 libsub-override-perl all 0.09-2 [10.2 kB]
Get:64 http://127.0.0.1:12990/debian sid/main amd64 libfile-stripnondeterminism-perl all 1.6.3-2 [23.7 kB]
Get:65 http://127.0.0.1:12990/debian sid/main amd64 dh-strip-nondeterminism all 1.6.3-2 [14.7 kB]
Get:66 http://127.0.0.1:12990/debian sid/main amd64 libelf1 amd64 0.176-1.1 [161 kB]
Get:67 http://127.0.0.1:12990/debian sid/main amd64 dwz amd64 0.13-5 [151 kB]
Get:68 http://127.0.0.1:12990/debian sid/main amd64 libglib2.0-0 amd64 2.62.4-2 [1319 kB]
Get:69 http://127.0.0.1:12990/debian sid/main amd64 libcroco3 amd64 0.6.13-1 [146 kB]
Get:70 http://127.0.0.1:12990/debian sid/main amd64 gettext amd64 0.19.8.1-10 [1303 kB]
Get:71 http://127.0.0.1:12990/debian sid/main amd64 intltool-debian all 0.35.0+20060710.5 [26.8 kB]
Get:72 http://127.0.0.1:12990/debian sid/main amd64 po-debconf all 1.0.21 [248 kB]
Get:73 http://127.0.0.1:12990/debian sid/main amd64 debhelper all 12.9 [994 kB]
Get:74 http://127.0.0.1:12990/debian sid/main amd64 distro-info-data all 0.43 [6540 B]
Get:75 http://127.0.0.1:12990/debian sid/main amd64 libclang1-9 amd64 1:9.0.1-8 [6719 kB]
Get:76 http://127.0.0.1:12990/debian sid/main amd64 libxapian30 amd64 1.4.14-2 [1085 kB]
Get:77 http://127.0.0.1:12990/debian sid/main amd64 doxygen amd64 1.8.16-2 [9455 kB]
Get:78 http://127.0.0.1:12990/debian sid/main amd64 libpng16-16 amd64 1.6.37-2 [292 kB]
Get:79 http://127.0.0.1:12990/debian sid/main amd64 libfreetype6 amd64 2.10.1-2 [392 kB]
Get:80 http://127.0.0.1:12990/debian sid/main amd64 fonts-dejavu-core all 2.37-1 [1068 kB]
Get:81 http://127.0.0.1:12990/debian sid/main amd64 fontconfig-config all 2.13.1-2 [280 kB]
Get:82 http://127.0.0.1:12990/debian sid/main amd64 libfontconfig1 amd64 2.13.1-2+b1 [347 kB]
Get:83 http://127.0.0.1:12990/debian sid/main amd64 fontconfig amd64 2.13.1-2+b1 [405 kB]
Get:84 http://127.0.0.1:12990/debian sid/main amd64 googletest all 1.10.0-2 [626 kB]
Get:85 http://127.0.0.1:12990/debian sid/main amd64 google-mock amd64 1.10.0-2 [6672 B]
Get:86 http://127.0.0.1:12990/debian sid/main amd64 libann0 amd64 1.1.2+doc-7 [25.3 kB]
Get:87 http://127.0.0.1:12990/debian sid/main amd64 libcdt5 amd64 2.42.2-3+b1 [60.9 kB]
Get:88 http://127.0.0.1:12990/debian sid/main amd64 libcgraph6 amd64 2.42.2-3+b1 [85.2 kB]
Get:89 http://127.0.0.1:12990/debian sid/main amd64 libjpeg62-turbo amd64 1:1.5.2-2+b1 [134 kB]
Get:90 http://127.0.0.1:12990/debian sid/main amd64 libjbig0 amd64 2.1-3.1+b2 [31.0 kB]
Get:91 http://127.0.0.1:12990/debian sid/main amd64 libwebp6 amd64 0.6.1-2+b1 [261 kB]
Get:92 http://127.0.0.1:12990/debian sid/main amd64 libtiff5 amd64 4.1.0+git191117-2 [271 kB]
Get:93 http://127.0.0.1:12990/debian sid/main amd64 libxau6 amd64 1:1.0.8-1+b2 [19.9 kB]
Get:94 http://127.0.0.1:12990/debian sid/main amd64 libxdmcp6 amd64 1:1.1.2-3 [26.3 kB]
Get:95 http://127.0.0.1:12990/debian sid/main amd64 libxcb1 amd64 1.13.1-5 [137 kB]
Get:96 http://127.0.0.1:12990/debian sid/main amd64 libx11-data all 2:1.6.8-1 [298 kB]
Get:97 http://127.0.0.1:12990/debian sid/main amd64 libx11-6 amd64 2:1.6.8-1 [756 kB]
Get:98 http://127.0.0.1:12990/debian sid/main amd64 libxpm4 amd64 1:3.5.12-1 [49.1 kB]
Get:99 http://127.0.0.1:12990/debian sid/main amd64 libgd3 amd64 2.2.5-5.2 [136 kB]
Get:100 http://127.0.0.1:12990/debian sid/main amd64 libgts-0.7-5 amd64 0.7.6+darcs121130-4+b1 [158 kB]
Get:101 http://127.0.0.1:12990/debian sid/main amd64 libpixman-1-0 amd64 0.36.0-1 [537 kB]
Get:102 http://127.0.0.1:12990/debian sid/main amd64 libxcb-render0 amd64 1.13.1-5 [109 kB]
Get:103 http://127.0.0.1:12990/debian sid/main amd64 libxcb-shm0 amd64 1.13.1-5 [99.3 kB]
Get:104 http://127.0.0.1:12990/debian sid/main amd64 libxext6 amd64 2:1.3.3-1+b2 [52.5 kB]
Get:105 http://127.0.0.1:12990/debian sid/main amd64 libxrender1 amd64 1:0.9.10-1 [33.0 kB]
Get:106 http://127.0.0.1:12990/debian sid/main amd64 libcairo2 amd64 1.16.0-4 [689 kB]
Get:107 http://127.0.0.1:12990/debian sid/main amd64 libltdl7 amd64 2.4.6-13 [390 kB]
Get:108 http://127.0.0.1:12990/debian sid/main amd64 libfribidi0 amd64 1.0.8-2 [64.8 kB]
Get:109 http://127.0.0.1:12990/debian sid/main amd64 libthai-data all 0.1.28-3 [170 kB]
Get:110 http://127.0.0.1:12990/debian sid/main amd64 libdatrie1 amd64 0.2.12-3 [39.5 kB]
Get:111 http://127.0.0.1:12990/debian sid/main amd64 libthai0 amd64 0.1.28-3 [54.2 kB]
Get:112 http://127.0.0.1:12990/debian sid/main amd64 libpango-1.0-0 amd64 1.42.4-8 [186 kB]
Get:113 http://127.0.0.1:12990/debian sid/main amd64 libgraphite2-3 amd64 1.3.13-11 [80.9 kB]
Get:114 http://127.0.0.1:12990/debian sid/main amd64 libharfbuzz0b amd64 2.6.4-1 [1360 kB]
Get:115 http://127.0.0.1:12990/debian sid/main amd64 libpangoft2-1.0-0 amd64 1.42.4-8 [68.2 kB]
Get:116 http://127.0.0.1:12990/debian sid/main amd64 libpangocairo-1.0-0 amd64 1.42.4-8 [55.7 kB]
Get:117 http://127.0.0.1:12990/debian sid/main amd64 libpathplan4 amd64 2.42.2-3+b1 [64.1 kB]
Get:118 http://127.0.0.1:12990/debian sid/main amd64 libgvc6 amd64 2.42.2-3+b1 [693 kB]
Get:119 http://127.0.0.1:12990/debian sid/main amd64 libgvpr2 amd64 2.42.2-3+b1 [211 kB]
Get:120 http://127.0.0.1:12990/debian sid/main amd64 liblab-gamut1 amd64 2.42.2-3+b1 [220 kB]
Get:121 http://127.0.0.1:12990/debian sid/main amd64 x11-common all 1:7.7+20 [252 kB]
Get:122 http://127.0.0.1:12990/debian sid/main amd64 libice6 amd64 2:1.0.9-2 [58.7 kB]
Get:123 http://127.0.0.1:12990/debian sid/main amd64 libsm6 amd64 2:1.2.3-1 [35.1 kB]
Get:124 http://127.0.0.1:12990/debian sid/main amd64 libxt6 amd64 1:1.1.5-1+b3 [190 kB]
Get:125 http://127.0.0.1:12990/debian sid/main amd64 libxmu6 amd64 2:1.1.2-2+b3 [60.8 kB]
Get:126 http://127.0.0.1:12990/debian sid/main amd64 libxaw7 amd64 2:1.0.13-1+b2 [201 kB]
Get:127 http://127.0.0.1:12990/debian sid/main amd64 graphviz amd64 2.42.2-3+b1 [632 kB]
Get:128 http://127.0.0.1:12990/debian sid/main amd64 libboost1.67-dev amd64 1.67.0-17 [8389 kB]
Get:129 http://127.0.0.1:12990/debian sid/main amd64 libboost-dev amd64 1.67.0.2+b1 [4496 B]
Get:130 http://127.0.0.1:12990/debian sid/main amd64 libboost-iostreams1.67.0 amd64 1.67.0-17 [250 kB]
Get:131 http://127.0.0.1:12990/debian sid/main amd64 libboost-serialization1.67.0 amd64 1.67.0-17 [318 kB]
Get:132 http://127.0.0.1:12990/debian sid/main amd64 libboost-serialization1.67-dev amd64 1.67.0-17 [358 kB]
Get:133 http://127.0.0.1:12990/debian sid/main amd64 libboost-serialization-dev amd64 1.67.0.2+b1 [4500 B]
Get:134 http://127.0.0.1:12990/debian sid/main amd64 libboost-system1.67.0 amd64 1.67.0-17 [229 kB]
Get:135 http://127.0.0.1:12990/debian sid/main amd64 libboost-system1.67-dev amd64 1.67.0-17 [232 kB]
Get:136 http://127.0.0.1:12990/debian sid/main amd64 libboost-system-dev amd64 1.67.0.2+b1 [4416 B]
Get:137 http://127.0.0.1:12990/debian sid/main amd64 libcurl4-openssl-dev amd64 7.68.0-1 [410 kB]
Get:138 http://127.0.0.1:12990/debian sid/main amd64 libjs-jquery all 3.3.1~dfsg-3 [332 kB]
Get:139 http://127.0.0.1:12990/debian sid/main amd64 libjsoncpp-dev amd64 1.7.4-3.1 [93.0 kB]
Get:140 http://127.0.0.1:12990/debian sid/main amd64 libprocess-cpp3 amd64 3.0.1-6 [48.6 kB]
Get:141 http://127.0.0.1:12990/debian sid/main amd64 libproperties-cpp-dev amd64 0.0.2-3 [7660 B]
Get:142 http://127.0.0.1:12990/debian sid/main amd64 libprocess-cpp-dev amd64 3.0.1-6 [16.4 kB]
Get:143 http://127.0.0.1:12990/debian sid/main amd64 lsb-release all 11.1.0 [27.9 kB]
Get:144 http://127.0.0.1:12990/debian sid/main amd64 pkg-config amd64 0.29-6 [63.5 kB]
Get:145 http://127.0.0.1:12990/debian sid/main amd64 pkg-kde-tools all 0.15.31 [96.6 kB]
Get:146 http://127.0.0.1:12990/debian sid/main amd64 python3-colorama all 0.4.3-1 [27.8 kB]
Get:147 http://127.0.0.1:12990/debian sid/main amd64 python3-click all 7.0-3 [73.8 kB]
Get:148 http://127.0.0.1:12990/debian sid/main amd64 python3-decorator all 4.3.0-1.1 [14.5 kB]
Get:149 http://127.0.0.1:12990/debian sid/main amd64 python3-itsdangerous all 0.24+dfsg1-2.1 [13.2 kB]
Get:150 http://127.0.0.1:12990/debian sid/main amd64 python3-markupsafe amd64 1.1.0-1+b2 [15.5 kB]
Get:151 http://127.0.0.1:12990/debian sid/main amd64 python3-jinja2 all 2.10.1-1 [107 kB]
Get:152 http://127.0.0.1:12990/debian sid/main amd64 python3-werkzeug all 0.16.1+dfsg1-1 [210 kB]
Get:153 http://127.0.0.1:12990/debian sid/main amd64 python3-flask all 1.1.1-2 [97.5 kB]
Get:154 http://127.0.0.1:12990/debian sid/main amd64 python3-greenlet amd64 0.4.15-4 [20.3 kB]
Get:155 http://127.0.0.1:12990/debian sid/main amd64 python3-gevent amd64 1.4.0-1+b1 [1257 kB]
Get:156 http://127.0.0.1:12990/debian sid/main amd64 python3-six all 1.14.0-2 [16.7 kB]
Get:157 http://127.0.0.1:12990/debian sid/main amd64 python3-httpbin all 0.5.0+dfsg-3 [81.3 kB]
Get:158 http://127.0.0.1:12990/debian sid/main amd64 rdfind amd64 1.4.1-1+b2 [40.7 kB]
Get:159 http://127.0.0.1:12990/debian sid/main amd64 symlinks amd64 1.4-4 [11.3 kB]
Get:160 http://127.0.0.1:12990/debian sid/main amd64 cmake-extras all 1.3+17.04.20170310-7 [55.2 kB]
debconf: delaying package configuration, since apt-utils is not installed
Fetched 77.7 MB in 1s (100 MB/s)
Selecting previously unselected package bsdmainutils.
(Reading database ... 13921 files and directories currently installed.)
Preparing to unpack .../0-bsdmainutils_11.1.2+b1_amd64.deb ...
Unpacking bsdmainutils (11.1.2+b1) ...
Selecting previously unselected package libuchardet0:amd64.
Preparing to unpack .../1-libuchardet0_0.0.6-3_amd64.deb ...
Unpacking libuchardet0:amd64 (0.0.6-3) ...
Selecting previously unselected package groff-base.
Preparing to unpack .../2-groff-base_1.22.4-4_amd64.deb ...
Unpacking groff-base (1.22.4-4) ...
Selecting previously unselected package libpipeline1:amd64.
Preparing to unpack .../3-libpipeline1_1.5.2-2_amd64.deb ...
Unpacking libpipeline1:amd64 (1.5.2-2) ...
Selecting previously unselected package man-db.
Preparing to unpack .../4-man-db_2.9.0-2_amd64.deb ...
Unpacking man-db (2.9.0-2) ...
Selecting previously unselected package libssl1.1:amd64.
Preparing to unpack .../5-libssl1.1_1.1.1d-2_amd64.deb ...
Unpacking libssl1.1:amd64 (1.1.1d-2) ...
Selecting previously unselected package libpython3.7-minimal:amd64.
Preparing to unpack .../6-libpython3.7-minimal_3.7.6-1+b1_amd64.deb ...
Unpacking libpython3.7-minimal:amd64 (3.7.6-1+b1) ...
Selecting previously unselected package libexpat1:amd64.
Preparing to unpack .../7-libexpat1_2.2.9-1_amd64.deb ...
Unpacking libexpat1:amd64 (2.2.9-1) ...
Selecting previously unselected package python3.7-minimal.
Preparing to unpack .../8-python3.7-minimal_3.7.6-1+b1_amd64.deb ...
Unpacking python3.7-minimal (3.7.6-1+b1) ...
Setting up libssl1.1:amd64 (1.1.1d-2) ...
Setting up libpython3.7-minimal:amd64 (3.7.6-1+b1) ...
Setting up libexpat1:amd64 (2.2.9-1) ...
Setting up python3.7-minimal (3.7.6-1+b1) ...
Selecting previously unselected package python3-minimal.
(Reading database ... 14830 files and directories currently installed.)
Preparing to unpack .../0-python3-minimal_3.7.5-3_amd64.deb ...
Unpacking python3-minimal (3.7.5-3) ...
Selecting previously unselected package mime-support.
Preparing to unpack .../1-mime-support_3.64_all.deb ...
Unpacking mime-support (3.64) ...
Selecting previously unselected package libmpdec2:amd64.
Preparing to unpack .../2-libmpdec2_2.4.2-2_amd64.deb ...
Unpacking libmpdec2:amd64 (2.4.2-2) ...
Selecting previously unselected package readline-common.
Preparing to unpack .../3-readline-common_8.0-4_all.deb ...
Unpacking readline-common (8.0-4) ...
Selecting previously unselected package libreadline8:amd64.
Preparing to unpack .../4-libreadline8_8.0-4_amd64.deb ...
Unpacking libreadline8:amd64 (8.0-4) ...
Selecting previously unselected package libsqlite3-0:amd64.
Preparing to unpack .../5-libsqlite3-0_3.31.1-3_amd64.deb ...
Unpacking libsqlite3-0:amd64 (3.31.1-3) ...
Selecting previously unselected package libpython3.7-stdlib:amd64.
Preparing to unpack .../6-libpython3.7-stdlib_3.7.6-1+b1_amd64.deb ...
Unpacking libpython3.7-stdlib:amd64 (3.7.6-1+b1) ...
Selecting previously unselected package python3.7.
Preparing to unpack .../7-python3.7_3.7.6-1+b1_amd64.deb ...
Unpacking python3.7 (3.7.6-1+b1) ...
Selecting previously unselected package libpython3-stdlib:amd64.
Preparing to unpack .../8-libpython3-stdlib_3.7.5-3_amd64.deb ...
Unpacking libpython3-stdlib:amd64 (3.7.5-3) ...
Setting up python3-minimal (3.7.5-3) ...
Selecting previously unselected package python3.
(Reading database ... 15301 files and directories currently installed.)
Preparing to unpack .../000-python3_3.7.5-3_amd64.deb ...
Unpacking python3 (3.7.5-3) ...
Selecting previously unselected package libncurses6:amd64.
Preparing to unpack .../001-libncurses6_6.1+20191019-1_amd64.deb ...
Unpacking libncurses6:amd64 (6.1+20191019-1) ...
Selecting previously unselected package libprocps8:amd64.
Preparing to unpack .../002-libprocps8_2%3a3.3.16-1+b1_amd64.deb ...
Unpacking libprocps8:amd64 (2:3.3.16-1+b1) ...
Selecting previously unselected package procps.
Preparing to unpack .../003-procps_2%3a3.3.16-1+b1_amd64.deb ...
Unpacking procps (2:3.3.16-1+b1) ...
Selecting previously unselected package sensible-utils.
Preparing to unpack .../004-sensible-utils_0.0.12+nmu1_all.deb ...
Unpacking sensible-utils (0.0.12+nmu1) ...
Selecting previously unselected package libmagic-mgc.
Preparing to unpack .../005-libmagic-mgc_1%3a5.38-4_amd64.deb ...
Unpacking libmagic-mgc (1:5.38-4) ...
Selecting previously unselected package libmagic1:amd64.
Preparing to unpack .../006-libmagic1_1%3a5.38-4_amd64.deb ...
Unpacking libmagic1:amd64 (1:5.38-4) ...
Selecting previously unselected package file.
Preparing to unpack .../007-file_1%3a5.38-4_amd64.deb ...
Unpacking file (1:5.38-4) ...
Selecting previously unselected package gettext-base.
Preparing to unpack .../008-gettext-base_0.19.8.1-10_amd64.deb ...
Unpacking gettext-base (0.19.8.1-10) ...
Selecting previously unselected package ucf.
Preparing to unpack .../009-ucf_3.0038+nmu1_all.deb ...
Moving old data out of the way
Unpacking ucf (3.0038+nmu1) ...
Selecting previously unselected package libsigsegv2:amd64.
Preparing to unpack .../010-libsigsegv2_2.12-2_amd64.deb ...
Unpacking libsigsegv2:amd64 (2.12-2) ...
Selecting previously unselected package m4.
Preparing to unpack .../011-m4_1.4.18-4_amd64.deb ...
Unpacking m4 (1.4.18-4) ...
Selecting previously unselected package autoconf.
Preparing to unpack .../012-autoconf_2.69-11.1_all.deb ...
Unpacking autoconf (2.69-11.1) ...
Selecting previously unselected package autotools-dev.
Preparing to unpack .../013-autotools-dev_20180224.1_all.deb ...
Unpacking autotools-dev (20180224.1) ...
Selecting previously unselected package automake.
Preparing to unpack .../014-automake_1%3a1.16.1-4_all.deb ...
Unpacking automake (1:1.16.1-4) ...
Selecting previously unselected package autopoint.
Preparing to unpack .../015-autopoint_0.19.8.1-10_all.deb ...
Unpacking autopoint (0.19.8.1-10) ...
Selecting previously unselected package cmake-data.
Preparing to unpack .../016-cmake-data_3.16.3-1_all.deb ...
Unpacking cmake-data (3.16.3-1) ...
Selecting previously unselected package libicu63:amd64.
Preparing to unpack .../017-libicu63_63.2-2_amd64.deb ...
Unpacking libicu63:amd64 (63.2-2) ...
Selecting previously unselected package libxml2:amd64.
Preparing to unpack .../018-libxml2_2.9.10+dfsg-3_amd64.deb ...
Unpacking libxml2:amd64 (2.9.10+dfsg-3) ...
Selecting previously unselected package libarchive13:amd64.
Preparing to unpack .../019-libarchive13_3.4.0-1+b1_amd64.deb ...
Unpacking libarchive13:amd64 (3.4.0-1+b1) ...
Selecting previously unselected package libbrotli1:amd64.
Preparing to unpack .../020-libbrotli1_1.0.7-6_amd64.deb ...
Unpacking libbrotli1:amd64 (1.0.7-6) ...
Selecting previously unselected package libkeyutils1:amd64.
Preparing to unpack .../021-libkeyutils1_1.6.1-2_amd64.deb ...
Unpacking libkeyutils1:amd64 (1.6.1-2) ...
Selecting previously unselected package libkrb5support0:amd64.
Preparing to unpack .../022-libkrb5support0_1.17-6_amd64.deb ...
Unpacking libkrb5support0:amd64 (1.17-6) ...
Selecting previously unselected package libk5crypto3:amd64.
Preparing to unpack .../023-libk5crypto3_1.17-6_amd64.deb ...
Unpacking libk5crypto3:amd64 (1.17-6) ...
Selecting previously unselected package libkrb5-3:amd64.
Preparing to unpack .../024-libkrb5-3_1.17-6_amd64.deb ...
Unpacking libkrb5-3:amd64 (1.17-6) ...
Selecting previously unselected package libgssapi-krb5-2:amd64.
Preparing to unpack .../025-libgssapi-krb5-2_1.17-6_amd64.deb ...
Unpacking libgssapi-krb5-2:amd64 (1.17-6) ...
Selecting previously unselected package libsasl2-modules-db:amd64.
Preparing to unpack .../026-libsasl2-modules-db_2.1.27+dfsg-2_amd64.deb ...
Unpacking libsasl2-modules-db:amd64 (2.1.27+dfsg-2) ...
Selecting previously unselected package libsasl2-2:amd64.
Preparing to unpack .../027-libsasl2-2_2.1.27+dfsg-2_amd64.deb ...
Unpacking libsasl2-2:amd64 (2.1.27+dfsg-2) ...
Selecting previously unselected package libldap-common.
Preparing to unpack .../028-libldap-common_2.4.49+dfsg-1_all.deb ...
Unpacking libldap-common (2.4.49+dfsg-1) ...
Selecting previously unselected package libldap-2.4-2:amd64.
Preparing to unpack .../029-libldap-2.4-2_2.4.49+dfsg-1_amd64.deb ...
Unpacking libldap-2.4-2:amd64 (2.4.49+dfsg-1) ...
Selecting previously unselected package libnghttp2-14:amd64.
Preparing to unpack .../030-libnghttp2-14_1.40.0-1_amd64.deb ...
Unpacking libnghttp2-14:amd64 (1.40.0-1) ...
Selecting previously unselected package libpsl5:amd64.
Preparing to unpack .../031-libpsl5_0.20.2-2_amd64.deb ...
Unpacking libpsl5:amd64 (0.20.2-2) ...
Selecting previously unselected package librtmp1:amd64.
Preparing to unpack .../032-librtmp1_2.4+20151223.gitfa8646d.1-2+b1_amd64.deb ...
Unpacking librtmp1:amd64 (2.4+20151223.gitfa8646d.1-2+b1) ...
Selecting previously unselected package libssh2-1:amd64.
Preparing to unpack .../033-libssh2-1_1.8.0-2.1_amd64.deb ...
Unpacking libssh2-1:amd64 (1.8.0-2.1) ...
Selecting previously unselected package libcurl4:amd64.
Preparing to unpack .../034-libcurl4_7.68.0-1_amd64.deb ...
Unpacking libcurl4:amd64 (7.68.0-1) ...
Selecting previously unselected package libjsoncpp1:amd64.
Preparing to unpack .../035-libjsoncpp1_1.7.4-3.1_amd64.deb ...
Unpacking libjsoncpp1:amd64 (1.7.4-3.1) ...
Selecting previously unselected package librhash0:amd64.
Preparing to unpack .../036-librhash0_1.3.9-1_amd64.deb ...
Unpacking librhash0:amd64 (1.3.9-1) ...
Selecting previously unselected package libuv1:amd64.
Preparing to unpack .../037-libuv1_1.34.2-1_amd64.deb ...
Unpacking libuv1:amd64 (1.34.2-1) ...
Selecting previously unselected package cmake.
Preparing to unpack .../038-cmake_3.16.3-1_amd64.deb ...
Unpacking cmake (3.16.3-1) ...
Selecting previously unselected package libtool.
Preparing to unpack .../039-libtool_2.4.6-13_all.deb ...
Unpacking libtool (2.4.6-13) ...
Selecting previously unselected package dh-autoreconf.
Preparing to unpack .../040-dh-autoreconf_19_all.deb ...
Unpacking dh-autoreconf (19) ...
Selecting previously unselected package libdebhelper-perl.
Preparing to unpack .../041-libdebhelper-perl_12.9_all.deb ...
Unpacking libdebhelper-perl (12.9) ...
Selecting previously unselected package libarchive-zip-perl.
Preparing to unpack .../042-libarchive-zip-perl_1.67-1_all.deb ...
Unpacking libarchive-zip-perl (1.67-1) ...
Selecting previously unselected package libsub-override-perl.
Preparing to unpack .../043-libsub-override-perl_0.09-2_all.deb ...
Unpacking libsub-override-perl (0.09-2) ...
Selecting previously unselected package libfile-stripnondeterminism-perl.
Preparing to unpack .../044-libfile-stripnondeterminism-perl_1.6.3-2_all.deb ...
Unpacking libfile-stripnondeterminism-perl (1.6.3-2) ...
Selecting previously unselected package dh-strip-nondeterminism.
Preparing to unpack .../045-dh-strip-nondeterminism_1.6.3-2_all.deb ...
Unpacking dh-strip-nondeterminism (1.6.3-2) ...
Selecting previously unselected package libelf1:amd64.
Preparing to unpack .../046-libelf1_0.176-1.1_amd64.deb ...
Unpacking libelf1:amd64 (0.176-1.1) ...
Selecting previously unselected package dwz.
Preparing to unpack .../047-dwz_0.13-5_amd64.deb ...
Unpacking dwz (0.13-5) ...
Selecting previously unselected package libglib2.0-0:amd64.
Preparing to unpack .../048-libglib2.0-0_2.62.4-2_amd64.deb ...
Unpacking libglib2.0-0:amd64 (2.62.4-2) ...
Selecting previously unselected package libcroco3:amd64.
Preparing to unpack .../049-libcroco3_0.6.13-1_amd64.deb ...
Unpacking libcroco3:amd64 (0.6.13-1) ...
Selecting previously unselected package gettext.
Preparing to unpack .../050-gettext_0.19.8.1-10_amd64.deb ...
Unpacking gettext (0.19.8.1-10) ...
Selecting previously unselected package intltool-debian.
Preparing to unpack .../051-intltool-debian_0.35.0+20060710.5_all.deb ...
Unpacking intltool-debian (0.35.0+20060710.5) ...
Selecting previously unselected package po-debconf.
Preparing to unpack .../052-po-debconf_1.0.21_all.deb ...
Unpacking po-debconf (1.0.21) ...
Selecting previously unselected package debhelper.
Preparing to unpack .../053-debhelper_12.9_all.deb ...
Unpacking debhelper (12.9) ...
Selecting previously unselected package distro-info-data.
Preparing to unpack .../054-distro-info-data_0.43_all.deb ...
Unpacking distro-info-data (0.43) ...
Selecting previously unselected package libclang1-9.
Preparing to unpack .../055-libclang1-9_1%3a9.0.1-8_amd64.deb ...
Unpacking libclang1-9 (1:9.0.1-8) ...
Selecting previously unselected package libxapian30:amd64.
Preparing to unpack .../056-libxapian30_1.4.14-2_amd64.deb ...
Unpacking libxapian30:amd64 (1.4.14-2) ...
Selecting previously unselected package doxygen.
Preparing to unpack .../057-doxygen_1.8.16-2_amd64.deb ...
Unpacking doxygen (1.8.16-2) ...
Selecting previously unselected package libpng16-16:amd64.
Preparing to unpack .../058-libpng16-16_1.6.37-2_amd64.deb ...
Unpacking libpng16-16:amd64 (1.6.37-2) ...
Selecting previously unselected package libfreetype6:amd64.
Preparing to unpack .../059-libfreetype6_2.10.1-2_amd64.deb ...
Unpacking libfreetype6:amd64 (2.10.1-2) ...
Selecting previously unselected package fonts-dejavu-core.
Preparing to unpack .../060-fonts-dejavu-core_2.37-1_all.deb ...
Unpacking fonts-dejavu-core (2.37-1) ...
Selecting previously unselected package fontconfig-config.
Preparing to unpack .../061-fontconfig-config_2.13.1-2_all.deb ...
Unpacking fontconfig-config (2.13.1-2) ...
Selecting previously unselected package libfontconfig1:amd64.
Preparing to unpack .../062-libfontconfig1_2.13.1-2+b1_amd64.deb ...
Unpacking libfontconfig1:amd64 (2.13.1-2+b1) ...
Selecting previously unselected package fontconfig.
Preparing to unpack .../063-fontconfig_2.13.1-2+b1_amd64.deb ...
Unpacking fontconfig (2.13.1-2+b1) ...
Selecting previously unselected package googletest.
Preparing to unpack .../064-googletest_1.10.0-2_all.deb ...
Unpacking googletest (1.10.0-2) ...
Selecting previously unselected package google-mock:amd64.
Preparing to unpack .../065-google-mock_1.10.0-2_amd64.deb ...
Unpacking google-mock:amd64 (1.10.0-2) ...
Selecting previously unselected package libann0.
Preparing to unpack .../066-libann0_1.1.2+doc-7_amd64.deb ...
Unpacking libann0 (1.1.2+doc-7) ...
Selecting previously unselected package libcdt5:amd64.
Preparing to unpack .../067-libcdt5_2.42.2-3+b1_amd64.deb ...
Unpacking libcdt5:amd64 (2.42.2-3+b1) ...
Selecting previously unselected package libcgraph6:amd64.
Preparing to unpack .../068-libcgraph6_2.42.2-3+b1_amd64.deb ...
Unpacking libcgraph6:amd64 (2.42.2-3+b1) ...
Selecting previously unselected package libjpeg62-turbo:amd64.
Preparing to unpack .../069-libjpeg62-turbo_1%3a1.5.2-2+b1_amd64.deb ...
Unpacking libjpeg62-turbo:amd64 (1:1.5.2-2+b1) ...
Selecting previously unselected package libjbig0:amd64.
Preparing to unpack .../070-libjbig0_2.1-3.1+b2_amd64.deb ...
Unpacking libjbig0:amd64 (2.1-3.1+b2) ...
Selecting previously unselected package libwebp6:amd64.
Preparing to unpack .../071-libwebp6_0.6.1-2+b1_amd64.deb ...
Unpacking libwebp6:amd64 (0.6.1-2+b1) ...
Selecting previously unselected package libtiff5:amd64.
Preparing to unpack .../072-libtiff5_4.1.0+git191117-2_amd64.deb ...
Unpacking libtiff5:amd64 (4.1.0+git191117-2) ...
Selecting previously unselected package libxau6:amd64.
Preparing to unpack .../073-libxau6_1%3a1.0.8-1+b2_amd64.deb ...
Unpacking libxau6:amd64 (1:1.0.8-1+b2) ...
Selecting previously unselected package libxdmcp6:amd64.
Preparing to unpack .../074-libxdmcp6_1%3a1.1.2-3_amd64.deb ...
Unpacking libxdmcp6:amd64 (1:1.1.2-3) ...
Selecting previously unselected package libxcb1:amd64.
Preparing to unpack .../075-libxcb1_1.13.1-5_amd64.deb ...
Unpacking libxcb1:amd64 (1.13.1-5) ...
Selecting previously unselected package libx11-data.
Preparing to unpack .../076-libx11-data_2%3a1.6.8-1_all.deb ...
Unpacking libx11-data (2:1.6.8-1) ...
Selecting previously unselected package libx11-6:amd64.
Preparing to unpack .../077-libx11-6_2%3a1.6.8-1_amd64.deb ...
Unpacking libx11-6:amd64 (2:1.6.8-1) ...
Selecting previously unselected package libxpm4:amd64.
Preparing to unpack .../078-libxpm4_1%3a3.5.12-1_amd64.deb ...
Unpacking libxpm4:amd64 (1:3.5.12-1) ...
Selecting previously unselected package libgd3:amd64.
Preparing to unpack .../079-libgd3_2.2.5-5.2_amd64.deb ...
Unpacking libgd3:amd64 (2.2.5-5.2) ...
Selecting previously unselected package libgts-0.7-5:amd64.
Preparing to unpack .../080-libgts-0.7-5_0.7.6+darcs121130-4+b1_amd64.deb ...
Unpacking libgts-0.7-5:amd64 (0.7.6+darcs121130-4+b1) ...
Selecting previously unselected package libpixman-1-0:amd64.
Preparing to unpack .../081-libpixman-1-0_0.36.0-1_amd64.deb ...
Unpacking libpixman-1-0:amd64 (0.36.0-1) ...
Selecting previously unselected package libxcb-render0:amd64.
Preparing to unpack .../082-libxcb-render0_1.13.1-5_amd64.deb ...
Unpacking libxcb-render0:amd64 (1.13.1-5) ...
Selecting previously unselected package libxcb-shm0:amd64.
Preparing to unpack .../083-libxcb-shm0_1.13.1-5_amd64.deb ...
Unpacking libxcb-shm0:amd64 (1.13.1-5) ...
Selecting previously unselected package libxext6:amd64.
Preparing to unpack .../084-libxext6_2%3a1.3.3-1+b2_amd64.deb ...
Unpacking libxext6:amd64 (2:1.3.3-1+b2) ...
Selecting previously unselected package libxrender1:amd64.
Preparing to unpack .../085-libxrender1_1%3a0.9.10-1_amd64.deb ...
Unpacking libxrender1:amd64 (1:0.9.10-1) ...
Selecting previously unselected package libcairo2:amd64.
Preparing to unpack .../086-libcairo2_1.16.0-4_amd64.deb ...
Unpacking libcairo2:amd64 (1.16.0-4) ...
Selecting previously unselected package libltdl7:amd64.
Preparing to unpack .../087-libltdl7_2.4.6-13_amd64.deb ...
Unpacking libltdl7:amd64 (2.4.6-13) ...
Selecting previously unselected package libfribidi0:amd64.
Preparing to unpack .../088-libfribidi0_1.0.8-2_amd64.deb ...
Unpacking libfribidi0:amd64 (1.0.8-2) ...
Selecting previously unselected package libthai-data.
Preparing to unpack .../089-libthai-data_0.1.28-3_all.deb ...
Unpacking libthai-data (0.1.28-3) ...
Selecting previously unselected package libdatrie1:amd64.
Preparing to unpack .../090-libdatrie1_0.2.12-3_amd64.deb ...
Unpacking libdatrie1:amd64 (0.2.12-3) ...
Selecting previously unselected package libthai0:amd64.
Preparing to unpack .../091-libthai0_0.1.28-3_amd64.deb ...
Unpacking libthai0:amd64 (0.1.28-3) ...
Selecting previously unselected package libpango-1.0-0:amd64.
Preparing to unpack .../092-libpango-1.0-0_1.42.4-8_amd64.deb ...
Unpacking libpango-1.0-0:amd64 (1.42.4-8) ...
Selecting previously unselected package libgraphite2-3:amd64.
Preparing to unpack .../093-libgraphite2-3_1.3.13-11_amd64.deb ...
Unpacking libgraphite2-3:amd64 (1.3.13-11) ...
Selecting previously unselected package libharfbuzz0b:amd64.
Preparing to unpack .../094-libharfbuzz0b_2.6.4-1_amd64.deb ...
Unpacking libharfbuzz0b:amd64 (2.6.4-1) ...
Selecting previously unselected package libpangoft2-1.0-0:amd64.
Preparing to unpack .../095-libpangoft2-1.0-0_1.42.4-8_amd64.deb ...
Unpacking libpangoft2-1.0-0:amd64 (1.42.4-8) ...
Selecting previously unselected package libpangocairo-1.0-0:amd64.
Preparing to unpack .../096-libpangocairo-1.0-0_1.42.4-8_amd64.deb ...
Unpacking libpangocairo-1.0-0:amd64 (1.42.4-8) ...
Selecting previously unselected package libpathplan4:amd64.
Preparing to unpack .../097-libpathplan4_2.42.2-3+b1_amd64.deb ...
Unpacking libpathplan4:amd64 (2.42.2-3+b1) ...
Selecting previously unselected package libgvc6.
Preparing to unpack .../098-libgvc6_2.42.2-3+b1_amd64.deb ...
Unpacking libgvc6 (2.42.2-3+b1) ...
Selecting previously unselected package libgvpr2:amd64.
Preparing to unpack .../099-libgvpr2_2.42.2-3+b1_amd64.deb ...
Unpacking libgvpr2:amd64 (2.42.2-3+b1) ...
Selecting previously unselected package liblab-gamut1:amd64.
Preparing to unpack .../100-liblab-gamut1_2.42.2-3+b1_amd64.deb ...
Unpacking liblab-gamut1:amd64 (2.42.2-3+b1) ...
Selecting previously unselected package x11-common.
Preparing to unpack .../101-x11-common_1%3a7.7+20_all.deb ...
Unpacking x11-common (1:7.7+20) ...
Selecting previously unselected package libice6:amd64.
Preparing to unpack .../102-libice6_2%3a1.0.9-2_amd64.deb ...
Unpacking libice6:amd64 (2:1.0.9-2) ...
Selecting previously unselected package libsm6:amd64.
Preparing to unpack .../103-libsm6_2%3a1.2.3-1_amd64.deb ...
Unpacking libsm6:amd64 (2:1.2.3-1) ...
Selecting previously unselected package libxt6:amd64.
Preparing to unpack .../104-libxt6_1%3a1.1.5-1+b3_amd64.deb ...
Unpacking libxt6:amd64 (1:1.1.5-1+b3) ...
Selecting previously unselected package libxmu6:amd64.
Preparing to unpack .../105-libxmu6_2%3a1.1.2-2+b3_amd64.deb ...
Unpacking libxmu6:amd64 (2:1.1.2-2+b3) ...
Selecting previously unselected package libxaw7:amd64.
Preparing to unpack .../106-libxaw7_2%3a1.0.13-1+b2_amd64.deb ...
Unpacking libxaw7:amd64 (2:1.0.13-1+b2) ...
Selecting previously unselected package graphviz.
Preparing to unpack .../107-graphviz_2.42.2-3+b1_amd64.deb ...
Unpacking graphviz (2.42.2-3+b1) ...
Selecting previously unselected package libboost1.67-dev:amd64.
Preparing to unpack .../108-libboost1.67-dev_1.67.0-17_amd64.deb ...
Unpacking libboost1.67-dev:amd64 (1.67.0-17) ...
Selecting previously unselected package libboost-dev:amd64.
Preparing to unpack .../109-libboost-dev_1.67.0.2+b1_amd64.deb ...
Unpacking libboost-dev:amd64 (1.67.0.2+b1) ...
Selecting previously unselected package libboost-iostreams1.67.0:amd64.
Preparing to unpack .../110-libboost-iostreams1.67.0_1.67.0-17_amd64.deb ...
Unpacking libboost-iostreams1.67.0:amd64 (1.67.0-17) ...
Selecting previously unselected package libboost-serialization1.67.0:amd64.
Preparing to unpack .../111-libboost-serialization1.67.0_1.67.0-17_amd64.deb ...
Unpacking libboost-serialization1.67.0:amd64 (1.67.0-17) ...
Selecting previously unselected package libboost-serialization1.67-dev:amd64.
Preparing to unpack .../112-libboost-serialization1.67-dev_1.67.0-17_amd64.deb ...
Unpacking libboost-serialization1.67-dev:amd64 (1.67.0-17) ...
Selecting previously unselected package libboost-serialization-dev:amd64.
Preparing to unpack .../113-libboost-serialization-dev_1.67.0.2+b1_amd64.deb ...
Unpacking libboost-serialization-dev:amd64 (1.67.0.2+b1) ...
Selecting previously unselected package libboost-system1.67.0:amd64.
Preparing to unpack .../114-libboost-system1.67.0_1.67.0-17_amd64.deb ...
Unpacking libboost-system1.67.0:amd64 (1.67.0-17) ...
Selecting previously unselected package libboost-system1.67-dev:amd64.
Preparing to unpack .../115-libboost-system1.67-dev_1.67.0-17_amd64.deb ...
Unpacking libboost-system1.67-dev:amd64 (1.67.0-17) ...
Selecting previously unselected package libboost-system-dev:amd64.
Preparing to unpack .../116-libboost-system-dev_1.67.0.2+b1_amd64.deb ...
Unpacking libboost-system-dev:amd64 (1.67.0.2+b1) ...
Selecting previously unselected package libcurl4-openssl-dev:amd64.
Preparing to unpack .../117-libcurl4-openssl-dev_7.68.0-1_amd64.deb ...
Unpacking libcurl4-openssl-dev:amd64 (7.68.0-1) ...
Selecting previously unselected package libjs-jquery.
Preparing to unpack .../118-libjs-jquery_3.3.1~dfsg-3_all.deb ...
Unpacking libjs-jquery (3.3.1~dfsg-3) ...
Selecting previously unselected package libjsoncpp-dev:amd64.
Preparing to unpack .../119-libjsoncpp-dev_1.7.4-3.1_amd64.deb ...
Unpacking libjsoncpp-dev:amd64 (1.7.4-3.1) ...
Selecting previously unselected package libprocess-cpp3:amd64.
Preparing to unpack .../120-libprocess-cpp3_3.0.1-6_amd64.deb ...
Unpacking libprocess-cpp3:amd64 (3.0.1-6) ...
Selecting previously unselected package libproperties-cpp-dev:amd64.
Preparing to unpack .../121-libproperties-cpp-dev_0.0.2-3_amd64.deb ...
Unpacking libproperties-cpp-dev:amd64 (0.0.2-3) ...
Selecting previously unselected package libprocess-cpp-dev:amd64.
Preparing to unpack .../122-libprocess-cpp-dev_3.0.1-6_amd64.deb ...
Unpacking libprocess-cpp-dev:amd64 (3.0.1-6) ...
Selecting previously unselected package lsb-release.
Preparing to unpack .../123-lsb-release_11.1.0_all.deb ...
Unpacking lsb-release (11.1.0) ...
Selecting previously unselected package pkg-config.
Preparing to unpack .../124-pkg-config_0.29-6_amd64.deb ...
Unpacking pkg-config (0.29-6) ...
Selecting previously unselected package pkg-kde-tools.
Preparing to unpack .../125-pkg-kde-tools_0.15.31_all.deb ...
Unpacking pkg-kde-tools (0.15.31) ...
Selecting previously unselected package python3-colorama.
Preparing to unpack .../126-python3-colorama_0.4.3-1_all.deb ...
Unpacking python3-colorama (0.4.3-1) ...
Selecting previously unselected package python3-click.
Preparing to unpack .../127-python3-click_7.0-3_all.deb ...
Unpacking python3-click (7.0-3) ...
Selecting previously unselected package python3-decorator.
Preparing to unpack .../128-python3-decorator_4.3.0-1.1_all.deb ...
Unpacking python3-decorator (4.3.0-1.1) ...
Selecting previously unselected package python3-itsdangerous.
Preparing to unpack .../129-python3-itsdangerous_0.24+dfsg1-2.1_all.deb ...
Unpacking python3-itsdangerous (0.24+dfsg1-2.1) ...
Selecting previously unselected package python3-markupsafe.
Preparing to unpack .../130-python3-markupsafe_1.1.0-1+b2_amd64.deb ...
Unpacking python3-markupsafe (1.1.0-1+b2) ...
Selecting previously unselected package python3-jinja2.
Preparing to unpack .../131-python3-jinja2_2.10.1-1_all.deb ...
Unpacking python3-jinja2 (2.10.1-1) ...
Selecting previously unselected package python3-werkzeug.
Preparing to unpack .../132-python3-werkzeug_0.16.1+dfsg1-1_all.deb ...
Unpacking python3-werkzeug (0.16.1+dfsg1-1) ...
Selecting previously unselected package python3-flask.
Preparing to unpack .../133-python3-flask_1.1.1-2_all.deb ...
Unpacking python3-flask (1.1.1-2) ...
Selecting previously unselected package python3-greenlet.
Preparing to unpack .../134-python3-greenlet_0.4.15-4_amd64.deb ...
Unpacking python3-greenlet (0.4.15-4) ...
Selecting previously unselected package python3-gevent.
Preparing to unpack .../135-python3-gevent_1.4.0-1+b1_amd64.deb ...
Unpacking python3-gevent (1.4.0-1+b1) ...
Selecting previously unselected package python3-six.
Preparing to unpack .../136-python3-six_1.14.0-2_all.deb ...
Unpacking python3-six (1.14.0-2) ...
Selecting previously unselected package python3-httpbin.
Preparing to unpack .../137-python3-httpbin_0.5.0+dfsg-3_all.deb ...
Unpacking python3-httpbin (0.5.0+dfsg-3) ...
Selecting previously unselected package rdfind.
Preparing to unpack .../138-rdfind_1.4.1-1+b2_amd64.deb ...
Unpacking rdfind (1.4.1-1+b2) ...
Selecting previously unselected package symlinks.
Preparing to unpack .../139-symlinks_1.4-4_amd64.deb ...
Unpacking symlinks (1.4-4) ...
Selecting previously unselected package cmake-extras.
Preparing to unpack .../140-cmake-extras_1.3+17.04.20170310-7_all.deb ...
Unpacking cmake-extras (1.3+17.04.20170310-7) ...
Selecting previously unselected package sbuild-build-depends-main-dummy.
Preparing to unpack .../141-sbuild-build-depends-main-dummy_0.invalid.0_amd64.deb ...
Unpacking sbuild-build-depends-main-dummy (0.invalid.0) ...
Setting up libproperties-cpp-dev:amd64 (0.0.2-3) ...
Setting up libboost1.67-dev:amd64 (1.67.0-17) ...
Setting up libpipeline1:amd64 (1.5.2-2) ...
Setting up libgraphite2-3:amd64 (1.3.13-11) ...
Setting up libpixman-1-0:amd64 (0.36.0-1) ...
Setting up symlinks (1.4-4) ...
Setting up libxapian30:amd64 (1.4.14-2) ...
Setting up libxau6:amd64 (1:1.0.8-1+b2) ...
Setting up libxdmcp6:amd64 (1:1.1.2-3) ...
Setting up libkeyutils1:amd64 (1.6.1-2) ...
Setting up libpsl5:amd64 (0.20.2-2) ...
Setting up libxcb1:amd64 (1.13.1-5) ...
Setting up mime-support (3.64) ...
Setting up libdatrie1:amd64 (0.2.12-3) ...
Setting up libmagic-mgc (1:5.38-4) ...
Setting up libxcb-render0:amd64 (1.13.1-5) ...
Setting up libarchive-zip-perl (1.67-1) ...
Setting up libglib2.0-0:amd64 (2.62.4-2) ...
No schema files found: doing nothing.
Setting up distro-info-data (0.43) ...
Setting up libclang1-9 (1:9.0.1-8) ...
Setting up libdebhelper-perl (12.9) ...
Setting up libbrotli1:amd64 (1.0.7-6) ...
Setting up rdfind (1.4.1-1+b2) ...
Setting up libsqlite3-0:amd64 (3.31.1-3) ...
Setting up liblab-gamut1:amd64 (2.42.2-3+b1) ...
Setting up x11-common (1:7.7+20) ...
update-rc.d: warning: start and stop actions are no longer supported; falling back to defaults
invoke-rc.d: could not determine current runlevel
All runlevel operations denied by policy
invoke-rc.d: policy-rc.d denied execution of start.
Setting up libnghttp2-14:amd64 (1.40.0-1) ...
Setting up libmagic1:amd64 (1:5.38-4) ...
Setting up gettext-base (0.19.8.1-10) ...
Setting up libxcb-shm0:amd64 (1.13.1-5) ...
Setting up file (1:5.38-4) ...
Setting up libldap-common (2.4.49+dfsg-1) ...
Setting up googletest (1.10.0-2) ...
Setting up libjbig0:amd64 (2.1-3.1+b2) ...
Setting up libicu63:amd64 (63.2-2) ...
Setting up libkrb5support0:amd64 (1.17-6) ...
Setting up libsasl2-modules-db:amd64 (2.1.27+dfsg-2) ...
Setting up libgts-0.7-5:amd64 (0.7.6+darcs121130-4+b1) ...
Setting up autotools-dev (20180224.1) ...
Setting up doxygen (1.8.16-2) ...
Setting up libuv1:amd64 (1.34.2-1) ...
Setting up libjpeg62-turbo:amd64 (1:1.5.2-2+b1) ...
Setting up libx11-data (2:1.6.8-1) ...
Setting up librtmp1:amd64 (2.4+20151223.gitfa8646d.1-2+b1) ...
Setting up libpathplan4:amd64 (2.42.2-3+b1) ...
Setting up libann0 (1.1.2+doc-7) ...
Setting up libncurses6:amd64 (6.1+20191019-1) ...
Setting up libsigsegv2:amd64 (2.12-2) ...
Setting up libfribidi0:amd64 (1.0.8-2) ...
Setting up bsdmainutils (11.1.2+b1) ...
update-alternatives: using /usr/bin/bsd-write to provide /usr/bin/write (write) in auto mode
update-alternatives: using /usr/bin/bsd-from to provide /usr/bin/from (from) in auto mode
Setting up libpng16-16:amd64 (1.6.37-2) ...
Setting up autopoint (0.19.8.1-10) ...
Setting up libwebp6:amd64 (0.6.1-2+b1) ...
Setting up pkg-config (0.29-6) ...
Setting up fonts-dejavu-core (2.37-1) ...
Setting up libboost-iostreams1.67.0:amd64 (1.67.0-17) ...
Setting up libk5crypto3:amd64 (1.17-6) ...
Setting up libltdl7:amd64 (2.4.6-13) ...
Setting up libsasl2-2:amd64 (2.1.27+dfsg-2) ...
Setting up libprocess-cpp3:amd64 (3.0.1-6) ...
Setting up google-mock:amd64 (1.10.0-2) ...
Setting up sensible-utils (0.0.12+nmu1) ...
Setting up librhash0:amd64 (1.3.9-1) ...
Setting up libuchardet0:amd64 (0.0.6-3) ...
Setting up libsub-override-perl (0.09-2) ...
Setting up libx11-6:amd64 (2:1.6.8-1) ...
Setting up libthai-data (0.1.28-3) ...
Setting up libssh2-1:amd64 (1.8.0-2.1) ...
Setting up cmake-data (3.16.3-1) ...
Setting up libcdt5:amd64 (2.42.2-3+b1) ...
Setting up libkrb5-3:amd64 (1.17-6) ...
Setting up libcgraph6:amd64 (2.42.2-3+b1) ...
Setting up libboost-dev:amd64 (1.67.0.2+b1) ...
Setting up libtiff5:amd64 (4.1.0+git191117-2) ...
Setting up libmpdec2:amd64 (2.4.2-2) ...
Setting up libjs-jquery (3.3.1~dfsg-3) ...
Setting up libboost-system1.67.0:amd64 (1.67.0-17) ...
Setting up libboost-serialization1.67.0:amd64 (1.67.0-17) ...
Setting up libelf1:amd64 (0.176-1.1) ...
Setting up readline-common (8.0-4) ...
Setting up libxml2:amd64 (2.9.10+dfsg-3) ...
Setting up libprocps8:amd64 (2:3.3.16-1+b1) ...
Setting up libjsoncpp1:amd64 (1.7.4-3.1) ...
Setting up libfile-stripnondeterminism-perl (1.6.3-2) ...
Setting up libboost-serialization1.67-dev:amd64 (1.67.0-17) ...
Setting up libice6:amd64 (2:1.0.9-2) ...
Setting up libjsoncpp-dev:amd64 (1.7.4-3.1) ...
Setting up libxpm4:amd64 (1:3.5.12-1) ...
Setting up libxrender1:amd64 (1:0.9.10-1) ...
Setting up libtool (2.4.6-13) ...
Setting up libarchive13:amd64 (3.4.0-1+b1) ...
Setting up libreadline8:amd64 (8.0-4) ...
Setting up libxext6:amd64 (2:1.3.3-1+b2) ...
Setting up libldap-2.4-2:amd64 (2.4.49+dfsg-1) ...
Setting up m4 (1.4.18-4) ...
Setting up libthai0:amd64 (0.1.28-3) ...
Setting up libfreetype6:amd64 (2.10.1-2) ...
Setting up libprocess-cpp-dev:amd64 (3.0.1-6) ...
Setting up libgssapi-krb5-2:amd64 (1.17-6) ...
Setting up libcroco3:amd64 (0.6.13-1) ...
Setting up libboost-serialization-dev:amd64 (1.67.0.2+b1) ...
Setting up ucf (3.0038+nmu1) ...
Setting up autoconf (2.69-11.1) ...
Setting up dh-strip-nondeterminism (1.6.3-2) ...
Setting up libgvpr2:amd64 (2.42.2-3+b1) ...
Setting up dwz (0.13-5) ...
Setting up groff-base (1.22.4-4) ...
Setting up procps (2:3.3.16-1+b1) ...
update-alternatives: using /usr/bin/w.procps to provide /usr/bin/w (w) in auto mode
Setting up libcurl4:amd64 (7.68.0-1) ...
Setting up libharfbuzz0b:amd64 (2.6.4-1) ...
Setting up libboost-system1.67-dev:amd64 (1.67.0-17) ...
Setting up libsm6:amd64 (2:1.2.3-1) ...
Setting up automake (1:1.16.1-4) ...
update-alternatives: using /usr/bin/automake-1.16 to provide /usr/bin/automake (automake) in auto mode
Setting up libpython3.7-stdlib:amd64 (3.7.6-1+b1) ...
Setting up gettext (0.19.8.1-10) ...
Setting up fontconfig-config (2.13.1-2) ...
Setting up libboost-system-dev:amd64 (1.67.0.2+b1) ...
Setting up man-db (2.9.0-2) ...
Not building database; man-db/auto-update is not 'true'.
Setting up intltool-debian (0.35.0+20060710.5) ...
Setting up libcurl4-openssl-dev:amd64 (7.68.0-1) ...
Setting up libxt6:amd64 (1:1.1.5-1+b3) ...
Setting up cmake (3.16.3-1) ...
Setting up libfontconfig1:amd64 (2.13.1-2+b1) ...
Setting up libpython3-stdlib:amd64 (3.7.5-3) ...
Setting up python3.7 (3.7.6-1+b1) ...
Setting up fontconfig (2.13.1-2+b1) ...
Regenerating fonts cache... done.
Setting up libxmu6:amd64 (2:1.1.2-2+b3) ...
Setting up po-debconf (1.0.21) ...
Setting up libpango-1.0-0:amd64 (1.42.4-8) ...
Setting up python3 (3.7.5-3) ...
Setting up libxaw7:amd64 (2:1.0.13-1+b2) ...
Setting up python3-markupsafe (1.1.0-1+b2) ...
Setting up libcairo2:amd64 (1.16.0-4) ...
Setting up python3-six (1.14.0-2) ...
Setting up python3-decorator (4.3.0-1.1) ...
Setting up python3-jinja2 (2.10.1-1) ...
Setting up cmake-extras (1.3+17.04.20170310-7) ...
Setting up python3-werkzeug (0.16.1+dfsg1-1) ...
Setting up python3-greenlet (0.4.15-4) ...
Setting up libgd3:amd64 (2.2.5-5.2) ...
Setting up pkg-kde-tools (0.15.31) ...
Setting up libpangoft2-1.0-0:amd64 (1.42.4-8) ...
Setting up lsb-release (11.1.0) ...
Setting up libpangocairo-1.0-0:amd64 (1.42.4-8) ...
Setting up python3-colorama (0.4.3-1) ...
Setting up python3-itsdangerous (0.24+dfsg1-2.1) ...
Setting up python3-gevent (1.4.0-1+b1) ...
Setting up python3-click (7.0-3) ...
Setting up libgvc6 (2.42.2-3+b1) ...
Setting up graphviz (2.42.2-3+b1) ...
Setting up python3-flask (1.1.1-2) ...
Setting up python3-httpbin (0.5.0+dfsg-3) ...
Setting up dh-autoreconf (19) ...
Setting up debhelper (12.9) ...
Setting up sbuild-build-depends-main-dummy (0.invalid.0) ...
Processing triggers for libc-bin (2.29-10) ...

+------------------------------------------------------------------------------+
| Check architectures                                                          |
+------------------------------------------------------------------------------+

Arch check ok (amd64 included in any all)

+------------------------------------------------------------------------------+
| Build environment                                                            |
+------------------------------------------------------------------------------+

Kernel: Linux 4.19.0-6-cloud-amd64 #1 SMP Debian 4.19.67-2+deb10u2 (2019-11-11) amd64 (x86_64)
Toolchain package versions: binutils_2.34-3 dpkg-dev_1.19.7 g++-9_9.2.1-30 gcc-9_9.2.1-30 libc6-dev_2.29-10 libstdc++-8-dev_8.3.0-29 libstdc++-9-dev_9.2.1-30 libstdc++6_10-20200222-1 linux-libc-dev_5.4.19-1
Package versions: adduser_3.118 apt_1.8.4 autoconf_2.69-11.1 automake_1:1.16.1-4 autopoint_0.19.8.1-10 autotools-dev_20180224.1 base-files_11 base-passwd_3.5.47 bash_5.0-6 binutils_2.34-3 binutils-common_2.34-3 binutils-x86-64-linux-gnu_2.34-3 bsdmainutils_11.1.2+b1 bsdutils_1:2.34-0.1 build-essential_12.8 bzip2_1.0.8-2 clang-9_1:9.0.1-8 cmake_3.16.3-1 cmake-data_3.16.3-1 cmake-extras_1.3+17.04.20170310-7 coreutils_8.30-3+b1 cpp_4:9.2.1-3.1 cpp-9_9.2.1-30 dash_0.5.10.2-6 debconf_1.5.73 debhelper_12.9 debian-archive-keyring_2019.1 debianutils_4.9.1 dh-autoreconf_19 dh-strip-nondeterminism_1.6.3-2 diffutils_1:3.7-3 distro-info-data_0.43 doxygen_1.8.16-2 dpkg_1.19.7 dpkg-dev_1.19.7 dwz_0.13-5 e2fsprogs_1.45.5-2 fakeroot_1.24-1 fdisk_2.34-0.1 file_1:5.38-4 findutils_4.7.0-1 fontconfig_2.13.1-2+b1 fontconfig-config_2.13.1-2 fonts-dejavu-core_2.37-1 g++_4:9.2.1-3.1 g++-9_9.2.1-30 gcc_4:9.2.1-3.1 gcc-10-base_10-20200222-1 gcc-8-base_8.3.0-29 gcc-9_9.2.1-30 gcc-9-base_9.2.1-30 gettext_0.19.8.1-10 gettext-base_0.19.8.1-10 google-mock_1.10.0-2 googletest_1.10.0-2 gpgv_2.2.19-1 graphviz_2.42.2-3+b1 grep_3.4-1 groff-base_1.22.4-4 gzip_1.9-3+b1 hostname_3.23 init-system-helpers_1.57 intltool-debian_0.35.0+20060710.5 lib32gcc-s1_10-20200222-1 lib32gcc1_1:10-20200222-1 lib32stdc++6_10-20200222-1 libacl1_2.2.53-5 libann0_1.1.2+doc-7 libapt-pkg5.0_1.8.4 libarchive-zip-perl_1.67-1 libarchive13_3.4.0-1+b1 libasan5_9.2.1-30 libatomic1_10-20200222-1 libattr1_1:2.4.48-5 libaudit-common_1:2.8.5-2 libaudit1_1:2.8.5-2+b1 libbinutils_2.34-3 libblkid1_2.34-0.1 libboost-dev_1.67.0.2+b1 libboost-iostreams1.67.0_1.67.0-17 libboost-serialization-dev_1.67.0.2+b1 libboost-serialization1.67-dev_1.67.0-17 libboost-serialization1.67.0_1.67.0-17 libboost-system-dev_1.67.0.2+b1 libboost-system1.67-dev_1.67.0-17 libboost-system1.67.0_1.67.0-17 libboost1.67-dev_1.67.0-17 libbrotli1_1.0.7-6 libbsd0_0.10.0-1 libbz2-1.0_1.0.8-2 libc-bin_2.29-10 libc-dev-bin_2.29-10 libc6_2.29-10 libc6-dev_2.29-10 libc6-i386_2.29-10 libcairo2_1.16.0-4 libcap-ng0_0.7.9-2.1+b1 libcc1-0_10-20200222-1 libcdt5_2.42.2-3+b1 libcgraph6_2.42.2-3+b1 libclang-common-9-dev_1:9.0.1-8 libclang-cpp9_1:9.0.1-8 libclang1-9_1:9.0.1-8 libcom-err2_1.45.5-2 libcroco3_0.6.13-1 libcrypt-dev_1:4.4.10-10 libcrypt1_1:4.4.10-10 libctf-nobfd0_2.34-3 libctf0_2.34-3 libcurl4_7.68.0-1 libcurl4-openssl-dev_7.68.0-1 libdatrie1_0.2.12-3 libdb5.3_5.3.28+dfsg1-0.6 libdebconfclient0_0.251 libdebhelper-perl_12.9 libdpkg-perl_1.19.7 libedit2_3.1-20191231-1 libelf1_0.176-1.1 libexpat1_2.2.9-1 libext2fs2_1.45.5-2 libfakeroot_1.24-1 libfdisk1_2.34-0.1 libffi7_3.3-3 libfile-stripnondeterminism-perl_1.6.3-2 libfontconfig1_2.13.1-2+b1 libfreetype6_2.10.1-2 libfribidi0_1.0.8-2 libgc1c2_1:7.6.4-0.4 libgcc-8-dev_8.3.0-29 libgcc-9-dev_9.2.1-30 libgcc-s1_10-20200222-1 libgcc1_1:10-20200222-1 libgcrypt20_1.8.5-5 libgd3_2.2.5-5.2 libgdbm-compat4_1.18.1-5 libgdbm6_1.18.1-5 libglib2.0-0_2.62.4-2 libgmp10_2:6.2.0+dfsg-4 libgnutls30_3.6.12-2 libgomp1_10-20200222-1 libgpg-error0_1.37-1 libgraphite2-3_1.3.13-11 libgssapi-krb5-2_1.17-6 libgts-0.7-5_0.7.6+darcs121130-4+b1 libgvc6_2.42.2-3+b1 libgvpr2_2.42.2-3+b1 libharfbuzz0b_2.6.4-1 libhogweed5_3.5.1+really3.5.1-2 libice6_2:1.0.9-2 libicu63_63.2-2 libidn2-0_2.2.0-2 libisl22_0.22.1-1 libitm1_10-20200222-1 libjbig0_2.1-3.1+b2 libjpeg62-turbo_1:1.5.2-2+b1 libjs-jquery_3.3.1~dfsg-3 libjsoncpp-dev_1.7.4-3.1 libjsoncpp1_1.7.4-3.1 libk5crypto3_1.17-6 libkeyutils1_1.6.1-2 libkrb5-3_1.17-6 libkrb5support0_1.17-6 liblab-gamut1_2.42.2-3+b1 libldap-2.4-2_2.4.49+dfsg-1 libldap-common_2.4.49+dfsg-1 libllvm9_1:9.0.1-8 liblsan0_10-20200222-1 libltdl7_2.4.6-13 liblz4-1_1.9.2-2 liblzma5_5.2.4-1+b1 libmagic-mgc_1:5.38-4 libmagic1_1:5.38-4 libmount1_2.34-0.1 libmpc3_1.1.0-1 libmpdec2_2.4.2-2 libmpfr6_4.0.2-1 libmpx2_8.3.0-29 libncurses6_6.1+20191019-1 libncursesw6_6.1+20191019-1 libnettle7_3.5.1+really3.5.1-2 libnghttp2-14_1.40.0-1 libobjc-8-dev_8.3.0-29 libobjc-9-dev_9.2.1-30 libobjc4_10-20200222-1 libomp-9-dev_1:9.0.1-8 libomp5-9_1:9.0.1-8 libp11-kit0_0.23.20-1 libpam-modules_1.3.1-5 libpam-modules-bin_1.3.1-5 libpam-runtime_1.3.1-5 libpam0g_1.3.1-5 libpango-1.0-0_1.42.4-8 libpangocairo-1.0-0_1.42.4-8 libpangoft2-1.0-0_1.42.4-8 libpathplan4_2.42.2-3+b1 libpcre2-8-0_10.34-7 libpcre3_2:8.39-12+b1 libperl5.30_5.30.0-9 libpipeline1_1.5.2-2 libpixman-1-0_0.36.0-1 libpng16-16_1.6.37-2 libprocess-cpp-dev_3.0.1-6 libprocess-cpp3_3.0.1-6 libprocps8_2:3.3.16-1+b1 libproperties-cpp-dev_0.0.2-3 libpsl5_0.20.2-2 libpython3-stdlib_3.7.5-3 libpython3.7-minimal_3.7.6-1+b1 libpython3.7-stdlib_3.7.6-1+b1 libquadmath0_10-20200222-1 libreadline8_8.0-4 librhash0_1.3.9-1 librtmp1_2.4+20151223.gitfa8646d.1-2+b1 libsasl2-2_2.1.27+dfsg-2 libsasl2-modules-db_2.1.27+dfsg-2 libseccomp2_2.4.2-2 libselinux1_3.0-1+b1 libsemanage-common_3.0-1 libsemanage1_3.0-1+b1 libsepol1_3.0-1 libsigsegv2_2.12-2 libsm6_2:1.2.3-1 libsmartcols1_2.34-0.1 libsqlite3-0_3.31.1-3 libss2_1.45.5-2 libssh2-1_1.8.0-2.1 libssl1.1_1.1.1d-2 libstdc++-8-dev_8.3.0-29 libstdc++-9-dev_9.2.1-30 libstdc++6_10-20200222-1 libsub-override-perl_0.09-2 libsystemd0_244.3-1 libtasn1-6_4.16.0-2 libthai-data_0.1.28-3 libthai0_0.1.28-3 libtiff5_4.1.0+git191117-2 libtinfo6_6.1+20191019-1 libtool_2.4.6-13 libtsan0_10-20200222-1 libubsan1_10-20200222-1 libuchardet0_0.0.6-3 libudev1_244.3-1 libunistring2_0.9.10-2 libuuid1_2.34-0.1 libuv1_1.34.2-1 libwebp6_0.6.1-2+b1 libx11-6_2:1.6.8-1 libx11-data_2:1.6.8-1 libxapian30_1.4.14-2 libxau6_1:1.0.8-1+b2 libxaw7_2:1.0.13-1+b2 libxcb-render0_1.13.1-5 libxcb-shm0_1.13.1-5 libxcb1_1.13.1-5 libxdmcp6_1:1.1.2-3 libxext6_2:1.3.3-1+b2 libxml2_2.9.10+dfsg-3 libxmu6_2:1.1.2-2+b3 libxpm4_1:3.5.12-1 libxrender1_1:0.9.10-1 libxt6_1:1.1.5-1+b3 libz3-4_4.8.7-4 libzstd1_1.4.4+dfsg-3 linux-libc-dev_5.4.19-1 login_1:4.8.1-1 logsave_1.45.5-2 lsb-base_11.1.0 lsb-release_11.1.0 m4_1.4.18-4 make_4.2.1-1.2 man-db_2.9.0-2 mawk_1.3.4.20200120-2 mime-support_3.64 mount_2.34-0.1 ncurses-base_6.1+20191019-1 ncurses-bin_6.1+20191019-1 passwd_1:4.8.1-1 patch_2.7.6-6 perl_5.30.0-9 perl-base_5.30.0-9 perl-modules-5.30_5.30.0-9 pkg-config_0.29-6 pkg-kde-tools_0.15.31 po-debconf_1.0.21 procps_2:3.3.16-1+b1 python3_3.7.5-3 python3-click_7.0-3 python3-colorama_0.4.3-1 python3-decorator_4.3.0-1.1 python3-flask_1.1.1-2 python3-gevent_1.4.0-1+b1 python3-greenlet_0.4.15-4 python3-httpbin_0.5.0+dfsg-3 python3-itsdangerous_0.24+dfsg1-2.1 python3-jinja2_2.10.1-1 python3-markupsafe_1.1.0-1+b2 python3-minimal_3.7.5-3 python3-six_1.14.0-2 python3-werkzeug_0.16.1+dfsg1-1 python3.7_3.7.6-1+b1 python3.7-minimal_3.7.6-1+b1 rdfind_1.4.1-1+b2 readline-common_8.0-4 sbuild-build-depends-main-dummy_0.invalid.0 sed_4.7-1 sensible-utils_0.0.12+nmu1 symlinks_1.4-4 sysvinit-utils_2.96-2.1 tar_1.30+dfsg-6+b1 tzdata_2019c-3 ucf_3.0038+nmu1 util-linux_2.34-0.1 x11-common_1:7.7+20 xz-utils_5.2.4-1+b1 zlib1g_1:1.2.11.dfsg-2

+------------------------------------------------------------------------------+
| Build                                                                        |
+------------------------------------------------------------------------------+


Unpack source
-------------

-----BEGIN PGP SIGNED MESSAGE-----
Hash: SHA256

Format: 3.0 (quilt)
Source: net-cpp
Binary: libnet-cpp2, libnet-cpp-dev, libnet-cpp-doc
Architecture: any all
Version: 2.2.1+dfsg1-4
Maintainer: Debian UBports Team <team+ubports@tracker.debian.org>
Uploaders:  Mike Gabriel <sunweaver@debian.org>,
Homepage: https://gitlab.com/ubports/core/lib-cpp/net-cpp
Standards-Version: 4.5.0
Vcs-Browser: https://salsa.debian.org/ubports-team/net-cpp/
Vcs-Git: https://salsa.debian.org/ubports-team/net-cpp.git
Build-Depends: cmake, cmake-extras, debhelper-compat (= 12), doxygen, google-mock, graphviz, libboost-dev (>= 1.58), libboost-serialization-dev (>= 1.58), libboost-system-dev (>= 1.58), libcurl4-openssl-dev, libjsoncpp-dev, libprocess-cpp-dev (>= 2.0.0), lsb-release, pkg-config, pkg-kde-tools, python3-httpbin, symlinks, rdfind
Package-List:
 libnet-cpp-dev deb libdevel optional arch=any
 libnet-cpp-doc deb doc optional arch=all
 libnet-cpp2 deb libs optional arch=any
Checksums-Sha1:
 74af79086dd47f500a273b1c8cf2ecaf4b88dce4 51580 net-cpp_2.2.1+dfsg1.orig.tar.xz
 afc2080c971ae0cd7bdb9640153a8062a294825b 10012 net-cpp_2.2.1+dfsg1-4.debian.tar.xz
Checksums-Sha256:
 a9a9ed16720f0b8b72f8c4ba26b30f0421bdddd9dfdc1b27038ce1d97c33807d 51580 net-cpp_2.2.1+dfsg1.orig.tar.xz
 69d0e4694d6e753454ed1390bc172c565b49b119206c35472e17bfab05d05247 10012 net-cpp_2.2.1+dfsg1-4.debian.tar.xz
Files:
 5d58962451ab8d9ba9e4ebfa761e3290 51580 net-cpp_2.2.1+dfsg1.orig.tar.xz
 22bbd3ec8bac84436b1c32b5e1daa337 10012 net-cpp_2.2.1+dfsg1-4.debian.tar.xz

-----BEGIN PGP SIGNATURE-----

iQJVBAEBCAA/FiEEm/uu6GwKpf+/IgeCmvRrMCV3GzEFAl5L16EhHG1pa2UuZ2Fi
cmllbEBkYXMtbmV0endlcmt0ZWFtLmRlAAoJEJr0azAldxsxSXcP/2OUlsP2U+ab
Q+r5RP6m5zeElgfa7hH7A7YXn/VT12NdvRbVfqvQDZkIcLTwPeAQn/m9gCvHwzNC
rrzSp5lGDhYRrYT/Wfm+4+LHXnk9q/CfEoEeTHo0wNqTiuwRdxF1J68ugZ3EdKCs
VJmohghamUuxVm7sofuL2XCxO+TTxrSmVARRWUkjFIvaHkhDGZRQ9T4SF/fi9JRs
r6eW8BIfK2mbvhnhHw8VEOkhhoLI5fYyazCouvdMJPQxZpUPpkXyLk87ag34UJzu
r5ekuxWnNiuOI4IxTvF6Cx2tCqfiUdvf5geJV4vns8DdlzPIuAay7mNCA7b9Ms12
krKUpcORFbatTleu/tJ6egvO4WvhnbbdBOy7OfuZZHrdQRhQK6pre5ku1lbJewsO
7YjOSgPgh3MnqTLLPEJxqZ7Pb3CyT03LLZa/IO9nzJTr6IePDtR2b637rHw8l8JO
k1XXjuaOJzLXTN7YSoVM2xQMv77jdJw57yue/1PDr1QQsRQ0HvTngarkDH6DTSuA
ssfMLa7lgwxd5VzC1Wct3id2Ohcw5fsW/JWNsB4kll/cGX2awF1L75dqAJHRWd1q
QiKFRJvdZzr33KlmK+jb4XE+QVz5b/fPdq0mb2qBV86XtkUgxNnfojkg6TwmrttB
7DnnEaWQZVn8ZBsAI6P8nakTLdJOR5/K
=fXV8
-----END PGP SIGNATURE-----

gpgv: unknown type of key resource 'trustedkeys.kbx'
gpgv: keyblock resource '/sbuild-nonexistent/.gnupg/trustedkeys.kbx': General error
gpgv: Signature made Tue Feb 18 12:25:05 2020 UTC
gpgv:                using RSA key 9BFBAEE86C0AA5FFBF2207829AF46B3025771B31
gpgv:                issuer "mike.gabriel@das-netzwerkteam.de"
gpgv: Can't check signature: No public key
dpkg-source: warning: failed to verify signature on ./net-cpp_2.2.1+dfsg1-4.dsc
dpkg-source: info: extracting net-cpp in /<<PKGBUILDDIR>>
dpkg-source: info: unpacking net-cpp_2.2.1+dfsg1.orig.tar.xz
dpkg-source: info: unpacking net-cpp_2.2.1+dfsg1-4.debian.tar.xz
dpkg-source: info: using patch list from debian/patches/series
dpkg-source: info: applying 1001_no-bundled-httpbin.patch
dpkg-source: info: applying 1002_set-content-type-header-on-POSTs.patch
dpkg-source: info: applying 1003_port-to-new-json-cpp-API.patch
dpkg-source: info: applying 1004_INSTANTIATE_TEST_SUITE.patch
dpkg-source: info: applying 1005_typo-fix.patch
dpkg-source: info: applying 1006_doxygen-no-buildpath.patch
dpkg-source: warning: unexpected end of diff '/<<PKGBUILDDIR>>/debian/patches/1007_wait-for-flask.patch'
dpkg-source: info: applying 1007_wait-for-flask.patch

Check disk space
----------------

Sufficient free space for build

User Environment
----------------

APT_CONFIG=/var/lib/sbuild/apt.conf
HOME=/sbuild-nonexistent
LANG=C.UTF-8
LC_ALL=C.UTF-8
LOGNAME=user42
PATH=/usr/local/sbin:/usr/local/bin:/usr/sbin:/usr/bin:/sbin:/bin:/usr/games
SCHROOT_ALIAS_NAME=unstable
SCHROOT_CHROOT_NAME=sid-amd64-sbuild
SCHROOT_COMMAND=env
SCHROOT_GID=1001
SCHROOT_GROUP=user42
SCHROOT_SESSION_ID=sid-amd64-sbuild-85fe7700-f8a7-4f15-bbf4-02df7898269c
SCHROOT_UID=1001
SCHROOT_USER=user42
SHELL=/bin/sh
USER=user42

dpkg-buildpackage
-----------------

Command: dpkg-buildpackage -us -uc -b -rfakeroot
dpkg-buildpackage: info: source package net-cpp
dpkg-buildpackage: info: source version 2.2.1+dfsg1-4
dpkg-buildpackage: info: source distribution unstable
dpkg-buildpackage: info: source changed by Mike Gabriel <mike.gabriel@das-netzwerkteam.de>
 dpkg-source --before-build .
dpkg-buildpackage: info: host architecture amd64
 debian/rules clean
dh clean --with pkgkde_symbolshelper
   dh_clean
 debian/rules binary
dh binary --with pkgkde_symbolshelper
   dh_update_autotools_config
   dh_autoreconf
   dh_auto_configure
	cd obj-x86_64-linux-gnu && cmake -DCMAKE_INSTALL_PREFIX=/usr -DCMAKE_BUILD_TYPE=None -DCMAKE_INSTALL_SYSCONFDIR=/etc -DCMAKE_INSTALL_LOCALSTATEDIR=/var -DCMAKE_EXPORT_NO_PACKAGE_REGISTRY=ON -DCMAKE_FIND_PACKAGE_NO_PACKAGE_REGISTRY=ON -DCMAKE_INSTALL_RUNSTATEDIR=/run "-GUnix Makefiles" -DCMAKE_VERBOSE_MAKEFILE=ON -DCMAKE_INSTALL_LIBDIR=lib/x86_64-linux-gnu ..
-- The C compiler identification is Clang 9.0.1
-- The CXX compiler identification is Clang 9.0.1
-- Check for working C compiler: /usr/bin/cc
-- Check for working C compiler: /usr/bin/cc -- works
-- Detecting C compiler ABI info
-- Detecting C compiler ABI info - done
-- Detecting C compile features
-- Detecting C compile features - done
-- Check for working CXX compiler: /usr/bin/c++
-- Check for working CXX compiler: /usr/bin/c++ -- works
-- Detecting CXX compiler ABI info
-- Detecting CXX compiler ABI info - done
-- Detecting CXX compile features
-- Detecting CXX compile features - done
-- Looking for pthread.h
-- Looking for pthread.h - found
-- Performing Test CMAKE_HAVE_LIBC_PTHREAD
-- Performing Test CMAKE_HAVE_LIBC_PTHREAD - Failed
-- Looking for pthread_create in pthreads
-- Looking for pthread_create in pthreads - not found
-- Looking for pthread_create in pthread
-- Looking for pthread_create in pthread - found
-- Found Threads: TRUE  
-- Found Doxygen: /usr/bin/doxygen (found version "1.8.16") found components: doxygen dot 
-- Found Boost: /usr/include (found version "1.67.0") found components: system serialization 
-- Found CURL: /usr/lib/x86_64-linux-gnu/libcurl.so (found version "7.68.0")  
-- Found PkgConfig: /usr/bin/pkg-config (found version "0.29") 
-- Checking for module 'jsoncpp'
--   Found jsoncpp, version 1.7.4
-- Checking for module 'process-cpp'
--   Found process-cpp, version 3.0.0
-- Configuring done
-- Generating done
CMake Warning:
  Manually-specified variables were not used by the project:

    CMAKE_EXPORT_NO_PACKAGE_REGISTRY


-- Build files have been written to: /<<PKGBUILDDIR>>/obj-x86_64-linux-gnu
   dh_auto_build
	cd obj-x86_64-linux-gnu && make -j4 "INSTALL=install --strip-program=true"
make[1]: Entering directory '/<<PKGBUILDDIR>>/obj-x86_64-linux-gnu'
/usr/bin/cmake -S/<<PKGBUILDDIR>> -B/<<PKGBUILDDIR>>/obj-x86_64-linux-gnu --check-build-system CMakeFiles/Makefile.cmake 0
/usr/bin/cmake -E cmake_progress_start /<<PKGBUILDDIR>>/obj-x86_64-linux-gnu/CMakeFiles /<<PKGBUILDDIR>>/obj-x86_64-linux-gnu/CMakeFiles/progress.marks
make -f CMakeFiles/Makefile2 all
make[2]: Entering directory '/<<PKGBUILDDIR>>/obj-x86_64-linux-gnu'
make -f doc/CMakeFiles/doc.dir/build.make doc/CMakeFiles/doc.dir/depend
make -f src/CMakeFiles/net-cpp.dir/build.make src/CMakeFiles/net-cpp.dir/depend
make -f tests/CMakeFiles/GMock.dir/build.make tests/CMakeFiles/GMock.dir/depend
make[3]: Entering directory '/<<PKGBUILDDIR>>/obj-x86_64-linux-gnu'
cd /<<PKGBUILDDIR>>/obj-x86_64-linux-gnu && /usr/bin/cmake -E cmake_depends "Unix Makefiles" /<<PKGBUILDDIR>> /<<PKGBUILDDIR>>/doc /<<PKGBUILDDIR>>/obj-x86_64-linux-gnu /<<PKGBUILDDIR>>/obj-x86_64-linux-gnu/doc /<<PKGBUILDDIR>>/obj-x86_64-linux-gnu/doc/CMakeFiles/doc.dir/DependInfo.cmake --color=
make[3]: Entering directory '/<<PKGBUILDDIR>>/obj-x86_64-linux-gnu'
cd /<<PKGBUILDDIR>>/obj-x86_64-linux-gnu && /usr/bin/cmake -E cmake_depends "Unix Makefiles" /<<PKGBUILDDIR>> /<<PKGBUILDDIR>>/tests /<<PKGBUILDDIR>>/obj-x86_64-linux-gnu /<<PKGBUILDDIR>>/obj-x86_64-linux-gnu/tests /<<PKGBUILDDIR>>/obj-x86_64-linux-gnu/tests/CMakeFiles/GMock.dir/DependInfo.cmake --color=
make[3]: Entering directory '/<<PKGBUILDDIR>>/obj-x86_64-linux-gnu'
cd /<<PKGBUILDDIR>>/obj-x86_64-linux-gnu && /usr/bin/cmake -E cmake_depends "Unix Makefiles" /<<PKGBUILDDIR>> /<<PKGBUILDDIR>>/src /<<PKGBUILDDIR>>/obj-x86_64-linux-gnu /<<PKGBUILDDIR>>/obj-x86_64-linux-gnu/src /<<PKGBUILDDIR>>/obj-x86_64-linux-gnu/src/CMakeFiles/net-cpp.dir/DependInfo.cmake --color=
Scanning dependencies of target doc
make[3]: Leaving directory '/<<PKGBUILDDIR>>/obj-x86_64-linux-gnu'
make -f doc/CMakeFiles/doc.dir/build.make doc/CMakeFiles/doc.dir/build
make[3]: Entering directory '/<<PKGBUILDDIR>>/obj-x86_64-linux-gnu'
Scanning dependencies of target GMock
make[3]: Leaving directory '/<<PKGBUILDDIR>>/obj-x86_64-linux-gnu'
make -f tests/CMakeFiles/GMock.dir/build.make tests/CMakeFiles/GMock.dir/build
make[3]: Entering directory '/<<PKGBUILDDIR>>/obj-x86_64-linux-gnu'
Scanning dependencies of target net-cpp
make[3]: Leaving directory '/<<PKGBUILDDIR>>/obj-x86_64-linux-gnu'
make -f src/CMakeFiles/net-cpp.dir/build.make src/CMakeFiles/net-cpp.dir/build
[  3%] Generating API documentation with Doxygen
cd /<<PKGBUILDDIR>>/obj-x86_64-linux-gnu/doc && /usr/bin/doxygen /<<PKGBUILDDIR>>/obj-x86_64-linux-gnu/doc/Doxyfile
make[3]: Entering directory '/<<PKGBUILDDIR>>/obj-x86_64-linux-gnu'
[  6%] Building CXX object src/CMakeFiles/net-cpp.dir/core/location.cpp.o
[ 10%] Creating directories for 'GMock'
cd /<<PKGBUILDDIR>>/obj-x86_64-linux-gnu/src && /usr/bin/c++  -DBOOST_ERROR_CODE_HEADER_ONLY -Dnet_cpp_EXPORTS -I/<<PKGBUILDDIR>>/include  -g -O2 -fdebug-prefix-map=/<<PKGBUILDDIR>>=. -fstack-protector-strong -Wformat -Werror=format-security -Wdate-time -D_FORTIFY_SOURCE=2 -std=c++11 -Werror -Wall -fno-strict-aliasing -fvisibility=hidden -fvisibility-inlines-hidden -Wextra -fPIC   -o CMakeFiles/net-cpp.dir/core/location.cpp.o -c /<<PKGBUILDDIR>>/src/core/location.cpp
cd /<<PKGBUILDDIR>>/obj-x86_64-linux-gnu/tests && /usr/bin/cmake -E make_directory /usr/src/googletest/googlemock
[ 13%] Building CXX object src/CMakeFiles/net-cpp.dir/core/net/error.cpp.o
cd /<<PKGBUILDDIR>>/obj-x86_64-linux-gnu/src && /usr/bin/c++  -DBOOST_ERROR_CODE_HEADER_ONLY -Dnet_cpp_EXPORTS -I/<<PKGBUILDDIR>>/include  -g -O2 -fdebug-prefix-map=/<<PKGBUILDDIR>>=. -fstack-protector-strong -Wformat -Werror=format-security -Wdate-time -D_FORTIFY_SOURCE=2 -std=c++11 -Werror -Wall -fno-strict-aliasing -fvisibility=hidden -fvisibility-inlines-hidden -Wextra -fPIC   -o CMakeFiles/net-cpp.dir/core/net/error.cpp.o -c /<<PKGBUILDDIR>>/src/core/net/error.cpp
cd /<<PKGBUILDDIR>>/obj-x86_64-linux-gnu/tests && /usr/bin/cmake -E make_directory /<<PKGBUILDDIR>>/obj-x86_64-linux-gnu/tests/gmock
warning: Tag 'SYMBOL_CACHE_SIZE' at line 346 of file '/<<PKGBUILDDIR>>/obj-x86_64-linux-gnu/doc/Doxyfile' has become obsolete.
         To avoid this warning please remove this line from your configuration file or upgrade it using "doxygen -u"
warning: Tag 'XML_SCHEMA' at line 1478 of file '/<<PKGBUILDDIR>>/obj-x86_64-linux-gnu/doc/Doxyfile' has become obsolete.
         To avoid this warning please remove this line from your configuration file or upgrade it using "doxygen -u"
warning: Tag 'XML_DTD' at line 1484 of file '/<<PKGBUILDDIR>>/obj-x86_64-linux-gnu/doc/Doxyfile' has become obsolete.
         To avoid this warning please remove this line from your configuration file or upgrade it using "doxygen -u"
warning: Tag 'PERL_PATH' at line 1645 of file '/<<PKGBUILDDIR>>/obj-x86_64-linux-gnu/doc/Doxyfile' has become obsolete.
         To avoid this warning please remove this line from your configuration file or upgrade it using "doxygen -u"
warning: Tag 'MSCGEN_PATH' at line 1666 of file '/<<PKGBUILDDIR>>/obj-x86_64-linux-gnu/doc/Doxyfile' has become obsolete.
         To avoid this warning please remove this line from your configuration file or upgrade it using "doxygen -u"
cd /<<PKGBUILDDIR>>/obj-x86_64-linux-gnu/tests && /usr/bin/cmake -E make_directory /<<PKGBUILDDIR>>/obj-x86_64-linux-gnu/tests/GMock-prefix
cd /<<PKGBUILDDIR>>/obj-x86_64-linux-gnu/tests && /usr/bin/cmake -E make_directory /<<PKGBUILDDIR>>/obj-x86_64-linux-gnu/tests/GMock-prefix/tmp
Searching for include files...
Searching for example files...
Searching for files in directory /<<PKGBUILDDIR>>/tests
Searching for images...
Searching for dot files...
Searching for msc files...
Searching for dia files...
Searching for files to exclude
Searching INPUT for files to process...
Searching for files in directory /<<PKGBUILDDIR>>/include
Searching for files in directory /<<PKGBUILDDIR>>/include/core
Searching for files in directory /<<PKGBUILDDIR>>/include/core/net
Searching for files in directory /<<PKGBUILDDIR>>/include/core/net/http
Searching for files in directory /<<PKGBUILDDIR>>/doc
Reading and parsing tag files
Parsing files
Preprocessing /<<PKGBUILDDIR>>/include/core/location.h...
Parsing file /<<PKGBUILDDIR>>/include/core/location.h...
Preprocessing /<<PKGBUILDDIR>>/include/core/net/error.h...
Parsing file /<<PKGBUILDDIR>>/include/core/net/error.h...
Preprocessing /<<PKGBUILDDIR>>/include/core/net/http/client.h...
Parsing file /<<PKGBUILDDIR>>/include/core/net/http/client.h...
Preprocessing /<<PKGBUILDDIR>>/include/core/net/http/content_type.h...
Parsing file /<<PKGBUILDDIR>>/include/core/net/http/content_type.h...
Preprocessing /<<PKGBUILDDIR>>/include/core/net/http/error.h...
Parsing file /<<PKGBUILDDIR>>/include/core/net/http/error.h...
Preprocessing /<<PKGBUILDDIR>>/include/core/net/http/header.h...
Parsing file /<<PKGBUILDDIR>>/include/core/net/http/header.h...
Preprocessing /<<PKGBUILDDIR>>/include/core/net/http/method.h...
Parsing file /<<PKGBUILDDIR>>/include/core/net/http/method.h...
Preprocessing /<<PKGBUILDDIR>>/include/core/net/http/request.h...
Parsing file /<<PKGBUILDDIR>>/include/core/net/http/request.h...
Preprocessing /<<PKGBUILDDIR>>/include/core/net/http/response.h...
Parsing file /<<PKGBUILDDIR>>/include/core/net/http/response.h...
Preprocessing /<<PKGBUILDDIR>>/include/core/net/http/status.h...
Parsing file /<<PKGBUILDDIR>>/include/core/net/http/status.h...
Preprocessing /<<PKGBUILDDIR>>/include/core/net/http/streaming_client.h...
Parsing file /<<PKGBUILDDIR>>/include/core/net/http/streaming_client.h...
Preprocessing /<<PKGBUILDDIR>>/include/core/net/http/streaming_request.h...
Parsing file /<<PKGBUILDDIR>>/include/core/net/http/streaming_request.h...
Preprocessing /<<PKGBUILDDIR>>/include/core/net/uri.h...
Parsing file /<<PKGBUILDDIR>>/include/core/net/uri.h...
Preprocessing /<<PKGBUILDDIR>>/include/core/net/visibility.h...
Parsing file /<<PKGBUILDDIR>>/include/core/net/visibility.h...
Building group list...
Building directory list...
Building namespace list...
Building file list...
Building class list...
Computing nesting relations for classes...
Associating documentation with classes...
Building example list...
Searching for enumerations...
Searching for documented typedefs...
Searching for members imported via using declarations...
Searching for included using directives...
Searching for documented variables...
Building interface member list...
Building member list...
Searching for friends...
Searching for documented defines...
Computing class inheritance relations...
Computing class usage relations...
Flushing cached template relations that have become invalid...
Computing class relations...
Add enum values to enums...
Searching for member fcd /<<PKGBUILDDIR>>/obj-x86_64-linux-gnu/tests && /usr/bin/cmake -E make_directory /<<PKGBUILDDIR>>/obj-x86_64-linux-gnu/tests/GMock-prefix/src/GMock-stamp
cd /<<PKGBUILDDIR>>/obj-x86_64-linux-gnu/tests && /usr/bin/cmake -E make_directory /<<PKGBUILDDIR>>/obj-x86_64-linux-gnu/tests/GMock-prefix/src
cd /<<PKGBUILDDIR>>/obj-x86_64-linux-gnu/tests && /usr/bin/cmake -E make_directory /<<PKGBUILDDIR>>/obj-x86_64-linux-gnu/tests/GMock-prefix/src/GMock-stamp
cd /<<PKGBUILDDIR>>/obj-x86_64-linux-gnu/tests && /usr/bin/cmake -E touch /<<PKGBUILDDIR>>/obj-x86_64-linux-gnu/tests/GMock-prefix/src/GMock-stamp/GMock-mkdir
[ 16%] No download step for 'GMock'
cd /<<PKGBUILDDIR>>/obj-x86_64-linux-gnu/tests && /usr/bin/cmake -E echo_append
cd /<<PKGBUILDDIR>>/obj-x86_64-linux-gnu/tests && /usr/bin/cmake -E touch /<<PKGBUILDDIR>>/obj-x86_64-linux-gnu/tests/GMock-prefix/src/GMock-stamp/GMock-download
[ 20%] No patch step for 'GMock'
cd /<<PKGBUILDDIR>>/obj-x86_64-linux-gnu/tests && /usr/bin/cmake -E echo_append
cd /<<PKGBUILDDIR>>/obj-x86_64-linux-gnu/tests && /usr/bin/cmake -E touch /<<PKGBUILDDIR>>/obj-x86_64-linux-gnu/tests/GMock-prefix/src/GMock-stamp/GMock-patch
[ 23%] No update step for 'GMock'
cd /<<PKGBUILDDIR>>/obj-x86_64-linux-gnu/tests && /usr/bin/cmake -E echo_append
cd /<<PKGBUILDDIR>>/obj-x86_64-linux-gnu/tests && /usr/bin/cmake -E touch /<<PKGBUILDDIR>>/obj-x86_64-linux-gnu/tests/GMock-prefix/src/GMock-stamp/GMock-update
unction documentation...
Creating members for template instances...
Building page list...
Search for main page...
Computing page relations...
Determining the scope of groups...
Sorting lists...
Determining which enums are documented
Computing member relations...
Building full member lists recursively...
Adding members to member groups.
Computing member references...
Inheriting documentation...
Generating disk names...
Adding source references...
Adding xrefitems...
Sorting member lists...
Setting anonymous enum type...
Computing dependencies between directories...
Generating citations page...
Counting members...
Counting data structures...
Resolving user defined references...
Finding anchors and sections in the documentation...
Transferring function references...
Combining using relations...
Adding members to index pages...
Correcting members for VHDL...
Generating style sheet...
Generating search indices...
Generating example documentation...
Generating file sources...
Generating code for file client.h...
Generating code for file content_type.h...
Generating code for file error.h...
Generating code for file error.h...
Generating code for file header.h...
Generating code for file location.h...
Generating code for file method.h...
Generating code for file request.h...
Generating code for file response.h...
Generating code for file status.h...
Generating code for file streaming_client.h...
Generating code for file streaming_request.h...
Generating code for file uri.h...
Generating code for file visibility.h...
Generating file documentation...
Generating docs for file client.h...
Generating docs for file content_type.h...
Generating docs for file error.h...
Generating docs for file error.h...
Generating docs for file header.h...
Generating docs for file location.h...
Generating docs for file method.h...
Generating docs for file request.h...
Generating docs for file response.h...
Generating docs for file status.h...
Generating docs for file streaming_client.h...
Generating docs for file streaming_request.h...
Generating docs for file uri.h...
Generating docs for file visibility.h...
Generating page documentation...
Generating group documentation...
Generating class documentation...
Generating namespace index...
Generating docs for namespace core
Generating docs for compound core::Location...
Generating docs for namespace core::net
Generating docs for compound core::net::Error...
Generating docs for compound core::net::Uri...
Generating docs for namespace core::net::http
Generating docs for compound core::net::http::Client...
Generating docs for nested compound core::net::http::Client::Errors...
Generating docs for nested compound core::net::http::Client::Errors::HttpMethodNotSupported...
Generating docs for nested compound core::net::http::Client::Timings...
Generating docs for nested compound core::net::http::Client::Timings::Statistics...
Generating docs for compound core::net::http::ContentType...
Generating docs for compound core::net::http::Error...
Generating docs for compound core::net::http::Header...
Generating docs for compound core::net::http::Request...
Generating docs for nested compound core::net::http::Request::Configuration...
Generating docs for nested compound core::net::http::Request::Credentials...
Generating docs for nested compound core::net::http::Request::Errors...
Generating docs for nested compound core::net::http::Request::Errors::AlreadyActive...
Generating docs for nested compound core::net::http::Request::Handler...
Generating docs for nested compound core::net::http::Request::Progress...
Generating docs for compound core::net::http::Response...
Generating docs for compound core::net::http::StreamingClient...
Generating docs for compound core::net::http::StreamingRequest...
Generating graph info page...
Generating directory documentation...
Generating dependency graph for directory core
Generating dependency graph for directory http
Generating dependency graph for directory net
Generating index page...
Generating page index...
Generating module index...
Generating namespace index...
Generating n[ 26%] Performing configure step for 'GMock'
cd /<<PKGBUILDDIR>>/obj-x86_64-linux-gnu/tests/gmock && /usr/bin/cmake "-DCMAKE_CXX_FLAGS=-g -O2 -fdebug-prefix-map=/<<PKGBUILDDIR>>=. -fstack-protector-strong -Wformat -Werror=format-security -Wdate-time -D_FORTIFY_SOURCE=2 -std=c++11 -Werror -Wall -fno-strict-aliasing -fvisibility=hidden -fvisibility-inlines-hidden -Wextra -g -Wno-old-style-cast -Wno-missing-field-initializers -Wno-ctor-dtor-privacy -Wno-switch-default" "-GUnix Makefiles" /usr/src/googletest/googlemock
CMake Warning at CMakeLists.txt:43 (project):
  VERSION keyword not followed by a value or was followed by a value that
  expanded to nothing.


[ 30%] Building CXX object src/CMakeFiles/net-cpp.dir/core/net/uri.cpp.o
cd /<<PKGBUILDDIR>>/obj-x86_64-linux-gnu/src && /usr/bin/c++  -DBOOST_ERROR_CODE_HEADER_ONLY -Dnet_cpp_EXPORTS -I/<<PKGBUILDDIR>>/include  -g -O2 -fdebug-prefix-map=/<<PKGBUILDDIR>>=. -fstack-protector-strong -Wformat -Werror=format-security -Wdate-time -D_FORTIFY_SOURCE=2 -std=c++11 -Werror -Wall -fno-strict-aliasing -fvisibility=hidden -fvisibility-inlines-hidden -Wextra -fPIC   -o CMakeFiles/net-cpp.dir/core/net/uri.cpp.o -c /<<PKGBUILDDIR>>/src/core/net/uri.cpp
-- The CXX compiler identification is Clang 9.0.1
[ 33%] Building CXX object src/CMakeFiles/net-cpp.dir/core/net/http/client.cpp.o
cd /<<PKGBUILDDIR>>/obj-x86_64-linux-gnu/src && /usr/bin/c++  -DBOOST_ERROR_CODE_HEADER_ONLY -Dnet_cpp_EXPORTS -I/<<PKGBUILDDIR>>/include  -g -O2 -fdebug-prefix-map=/<<PKGBUILDDIR>>=. -fstack-protector-strong -Wformat -Werror=format-security -Wdate-time -D_FORTIFY_SOURCE=2 -std=c++11 -Werror -Wall -fno-strict-aliasing -fvisibility=hidden -fvisibility-inlines-hidden -Wextra -fPIC   -o CMakeFiles/net-cpp.dir/core/net/http/client.cpp.o -c /<<PKGBUILDDIR>>/src/core/net/http/client.cpp
-- The C compiler identification is Clang 9.0.1
-- Check for working CXX compiler: /usr/bin/c++
-- Check for working CXX compiler: /usr/bin/c++ -- works
-- Detecting CXX compiler ABI info
[ 36%] Building CXX object src/CMakeFiles/net-cpp.dir/core/net/http/error.cpp.o
cd /<<PKGBUILDDIR>>/obj-x86_64-linux-gnu/src && /usr/bin/c++  -DBOOST_ERROR_CODE_HEADER_ONLY -Dnet_cpp_EXPORTS -I/<<PKGBUILDDIR>>/include  -g -O2 -fdebug-prefix-map=/<<PKGBUILDDIR>>=. -fstack-protector-strong -Wformat -Werror=format-security -Wdate-time -D_FORTIFY_SOURCE=2 -std=c++11 -Werror -Wall -fno-strict-aliasing -fvisibility=hidden -fvisibility-inlines-hidden -Wextra -fPIC   -o CMakeFiles/net-cpp.dir/core/net/http/error.cpp.o -c /<<PKGBUILDDIR>>/src/core/net/http/error.cpp
In file included from /<<PKGBUILDDIR>>/src/core/net/http/client.cpp:20:
In file included from /<<PKGBUILDDIR>>/src/core/net/http/impl/curl/client.h:22:
In file included from /<<PKGBUILDDIR>>/include/core/net/http/streaming_client.h:24:
/<<PKGBUILDDIR>>/include/core/net/http/streaming_request.h:47:22: error: 'core::net::http::StreamingRequest::execute' hides overloaded virtual function [-Werror,-Woverloaded-virtual]
    virtual Response execute(const ProgressHandler& ph, const DataHandler& dh) = 0;
                     ^
/<<PKGBUILDDIR>>/include/core/net/http/request.h:242:22: note: hidden overloaded virtual function 'core::net::http::Request::execute' declared here: different number of parameters (1 vs 2)
    virtual Response execute(const ProgressHandler& ph) = 0;
                     ^
In file included from /<<PKGBUILDDIR>>/src/core/net/http/client.cpp:20:
In file included from /<<PKGBUILDDIR>>/src/core/net/http/impl/curl/client.h:22:
In file included from /<<PKGBUILDDIR>>/include/core/net/http/streaming_client.h:24:
/<<PKGBUILDDIR>>/include/core/net/http/streaming_request.h:55:18: error: 'core::net::http::StreamingRequest::async_execute' hides overloaded virtual function [-Werror,-Woverloaded-virtual]
    virtual void async_execute(const Handler& handler, const DataHandler& dh) = 0;
                 ^
/<<PKGBUILDDIR>>/include/core/net/http/request.h:249:18: note: hidden overloaded virtual function 'core::net::http::Request::async_execute' declared here: different number of parameters (1 vs 2)
    virtual void async_execute(const Handler& handler) = 0;
                 ^
-- Detecting CXX compiler ABI info - done
-- Detecting CXX compile features
-- Detecting CXX compile features - done
-- Check for working C compiler: /usr/bin/cc
[ 40%] Building CXX object src/CMakeFiles/net-cpp.dir/core/net/http/header.cpp.o
cd /<<PKGBUILDDIR>>/obj-x86_64-linux-gnu/src && /usr/bin/c++  -DBOOST_ERROR_CODE_HEADER_ONLY -Dnet_cpp_EXPORTS -I/<<PKGBUILDDIR>>/include  -g -O2 -fdebug-prefix-map=/<<PKGBUILDDIR>>=. -fstack-protector-strong -Wformat -Werror=format-security -Wdate-time -D_FORTIFY_SOURCE=2 -std=c++11 -Werror -Wall -fno-strict-aliasing -fvisibility=hidden -fvisibility-inlines-hidden -Wextra -fPIC   -o CMakeFiles/net-cpp.dir/core/net/http/header.cpp.o -c /<<PKGBUILDDIR>>/src/core/net/http/header.cpp
In file included from /<<PKGBUILDDIR>>/src/core/net/http/client.cpp:20:
/<<PKGBUILDDIR>>/src/core/net/http/impl/curl/client.h:45:17: error: 'url_escape' overrides a member function but is not marked 'override' [-Werror,-Winconsistent-missing-override]
    std::string url_escape(const std::string& s) const;
                ^
/<<PKGBUILDDIR>>/include/core/net/http/client.h:105:25: note: overridden virtual function is here
    virtual std::string url_escape(const std::string& s) const = 0;
                        ^
In file included from /<<PKGBUILDDIR>>/src/core/net/http/client.cpp:24:
/<<PKGBUILDDIR>>/include/core/net/http/content_type.h:32:1: error: 'ContentType' defined as a struct here but previously declared as a class; this is valid, but may result in linker errors under the Microsoft C++ ABI [-Werror,-Wmismatched-tags]
struct CORE_NET_DLL_PUBLIC ContentType
^
/<<PKGBUILDDIR>>/include/core/net/http/client.h:40:1: note: did you mean struct here?
class ContentType;
^~~~~
struct
-- Check for working C compiler: /usr/bin/cc -- works
-- Detecting C compiler ABI info
4 errors generated.
make[3]: *** [src/CMakeFiles/net-cpp.dir/build.make:105: src/CMakeFiles/net-cpp.dir/core/net/http/client.cpp.o] Error 1
make[3]: *** Waiting for unfinished jobs....
-- Detecting C compiler ABI info - done
-- Detecting C compile features
-- Detecting C compile features - done
CMake Warning at /usr/src/googletest/googletest/CMakeLists.txt:54 (project):
  VERSION keyword not followed by a value or was followed by a value that
  expanded to nothing.


-- Found PythonInterp: /usr/bin/python3.7 (found version "3.7.6") 
-- Looking for pthread.h
-- Looking for pthread.h - found
-- Performing Test CMAKE_HAVE_LIBC_PTHREAD
-- Performing Test CMAKE_HAVE_LIBC_PTHREAD - Failed
-- Looking for pthread_create in pthreads
-- Looking for pthread_create in pthreads - not found
-- Looking for pthread_create in pthread
-- Looking for pthread_create in pthread - found
-- Found Threads: TRUE  
-- Configuring done
-- Generating done
-- Build files have been written to: /<<PKGBUILDDIR>>/obj-x86_64-linux-gnu/tests/gmock
cd /<<PKGBUILDDIR>>/obj-x86_64-linux-gnu/tests/gmock && /usr/bin/cmake -E touch /<<PKGBUILDDIR>>/obj-x86_64-linux-gnu/tests/GMock-prefix/src/GMock-stamp/GMock-configure
[ 43%] Performing build step for 'GMock'
cd /<<PKGBUILDDIR>>/obj-x86_64-linux-gnu/tests/gmock && make
make[4]: Entering directory '/<<PKGBUILDDIR>>/obj-x86_64-linux-gnu/tests/gmock'
make[3]: Leaving directory '/<<PKGBUILDDIR>>/obj-x86_64-linux-gnu'
make[2]: *** [CMakeFiles/Makefile2:1000: src/CMakeFiles/net-cpp.dir/all] Error 2
make[2]: *** Waiting for unfinished jobs....
make[5]: Entering directory '/<<PKGBUILDDIR>>/obj-x86_64-linux-gnu/tests/gmock'
make[6]: Entering directory '/<<PKGBUILDDIR>>/obj-x86_64-linux-gnu/tests/gmock'
Scanning dependencies of target gtest
make[6]: Leaving directory '/<<PKGBUILDDIR>>/obj-x86_64-linux-gnu/tests/gmock'
make[6]: Entering directory '/<<PKGBUILDDIR>>/obj-x86_64-linux-gnu/tests/gmock'
[ 12%] Building CXX object /<<PKGBUILDDIR>>/obj-x86_64-linux-gnu/tests/googletest/CMakeFiles/gtest.dir/src/gtest-all.cc.o
amespace member index...
Generating annotated compound index...
Generating alphabetical compound index...
Generating hierarchical class index...
Generating graphical class hierarchy...
Generating member index...
Generating file index...
Generating file member index...
Generating example index...
finalizing index lists...
writing tag file...
Running plantuml with JAVA...
Running dot...
Generating dot graphs in single threaded mode...
Running dot for graph 1/127
Running dot for graph 2/127
Running dot for graph 3/127
Running dot for graph 4/127
Running dot for graph 5/127
Running dot for graph 6/127
Running dot for graph 7/127
Running dot for graph 8/127
Running dot for graph 9/127
Running dot for graph 10/127
Running dot for graph 11/127
Running dot for graph 12/127
Running dot for graph 13/127
Running dot for graph 14/127
Running dot for graph 15/127
Running dot for graph 16/127
Running dot for graph 17/127
Running dot for graph 18/127
Running dot for graph 19/127
Running dot for graph 20/127
Running dot for graph 21/127
Running dot for graph 22/127
Running dot for graph 23/127
Running dot for graph 24/127
Running dot for graph 25/127
Running dot for graph 26/127
Running dot for graph 27/127
Running dot for graph 28/127
Running dot for graph 29/127
Running dot for graph 30/127
Running dot for graph 31/127
Running dot for graph 32/127
Running dot for graph 33/127
Running dot for graph 34/127
Running dot for graph 35/127
Running dot for graph 36/127
Running dot for graph 37/127
Running dot for graph 38/127
Running dot for graph 39/127
Running dot for graph 40/127
Running dot for graph 41/127
Running dot for graph 42/127
Running dot for graph 43/127
Running dot for graph 44/127
Running dot for graph 45/127
Running dot for graph 46/127
Running dot for graph 47/127
Running dot for graph 48/127
Running dot for graph 49/127
Running dot for graph 50/127
Running dot for graph 51/127
Running dot for graph 52/127
Running dot for graph 53/127
Running dot for graph 54/127
Running dot for graph 55/127
Running dot for graph 56/127
Running dot for graph 57/127
Running dot for graph 58/127
Running dot for graph 59/127
Running dot for graph 60/127
Running dot for graph 61/127
Running dot for graph 62/127
Running dot for graph 63/127
Running dot for graph 64/127
Running dot for graph 65/127
Running dot for graph 66/127
Running dot for graph 67/127
Running dot for graph 68/127
Running dot for graph 69/127
Running dot for graph 70/127
Running dot for graph 71/127
Running dot for graph 72/127
Running dot for graph 73/127
Running dot for graph 74/127
Running dot for graph 75/127
Running dot for graph 76/127
Running dot for graph 77/127
Running dot for graph 78/127
Running dot for graph 79/127
Running dot for graph 80/127
Running dot for graph 81/127
Running dot for graph 82/127
Running dot for graph 83/127
Running dot for graph 84/127
Running dot for graph 85/127
Running dot for graph 86/127
Running dot for graph 87/127
Running dot for graph 88/127
Running dot for graph 89/127
Running dot for graph 90/127
Running dot for graph 91/127
Running dot for graph 92/127
Running dot for graph 93/127
Running dot for graph 94/127
Running dot for graph 95/127
Running dot for graph 96/127
Running dot for graph 97/127
Running dot for graph 98/127
Running dot for graph 99/127
Running dot for graph 100/127
Running dot for graph 101/127
Running dot for graph 102/127
Running dot for graph 103/127
Running dot for graph 104/127
Running dot for graph 105/127
Running dot for graph 106/127
Running dot for graph 107/127
Running dot for graph 108/127
Running dot for graph 109/127
Running dot for graph 110/127
Running dot for graph 111/127
Running dot for graph 112/127
Running dot for graph 113/127
Running dot for graph 114/127
Running dot for graph 115/127
Running dot for graph 116/127
Running dot for graph 117/127
Running dot for graph 118/127
Running dot for graph 119/127
Running dot for graph 120/127
Running dot for graph 121/127
Running dot for graph 122/127
Running dot for graph 123/127
Running dot for graph 124/127
Running dot for graph 125/127
Running dot for gerror: Style sheet '/<<PKGBUILDDIR>>/doc/extra.css' specified by HTML_EXTRA_STYLESHEET does not exist!
raph 126/127
Running dot for graph 127/127
Patching output file 1/77
Patching output file 2/77
Patching output file 3/77
Patching output file 4/77
Patching output file 5/77
Patching output file 6/77
Patching output file 7/77
Patching output file 8/77
Patching output file 9/77
Patching output file 10/77
Patching output file 11/77
Patching output file 12/77
Patching output file 13/77
Patching output file 14/77
Patching output file 15/77
Patching output file 16/77
Patching output file 17/77
Patching output file 18/77
Patching output file 19/77
Patching output file 20/77
Patching output file 21/77
Patching output file 22/77
Patching output file 23/77
Patching output file 24/77
Patching output file 25/77
Patching output file 26/77
Patching output file 27/77
Patching output file 28/77
Patching output file 29/77
Patching output file 30/77
Patching output file 31/77
Patching output file 32/77
Patching output file 33/77
Patching output file 34/77
Patching output file 35/77
Patching output file 36/77
Patching output file 37/77
Patching output file 38/77
Patching output file 39/77
Patching output file 40/77
Patching output file 41/77
Patching output file 42/77
Patching output file 43/77
Patching output file 44/77
Patching output file 45/77
Patching output file 46/77
Patching output file 47/77
Patching output file 48/77
Patching output file 49/77
Patching output file 50/77
Patching output file 51/77
Patching output file 52/77
Patching output file 53/77
Patching output file 54/77
Patching output file 55/77
Patching output file 56/77
Patching output file 57/77
Patching output file 58/77
Patching output file 59/77
Patching output file 60/77
Patching output file 61/77
Patching output file 62/77
Patching output file 63/77
Patching output file 64/77
Patching output file 65/77
Patching output file 66/77
Patching output file 67/77
Patching output file 68/77
Patching output file 69/77
Patching output file 70/77
Patching output file 71/77
Patching output file 72/77
Patching output file 73/77
Patching output file 74/77
Patching output file 75/77
Patching output file 76/77
Patching output file 77/77
lookup cache used 702/65536 hits=3825 misses=841
finished...
make[3]: Leaving directory '/<<PKGBUILDDIR>>/obj-x86_64-linux-gnu'
[ 43%] Built target doc
[ 25%] Linking CXX static library /<<PKGBUILDDIR>>/obj-x86_64-linux-gnu/tests/gmock/lib/libgtest.a
make[6]: Leaving directory '/<<PKGBUILDDIR>>/obj-x86_64-linux-gnu/tests/gmock'
[ 25%] Built target gtest
make[6]: Entering directory '/<<PKGBUILDDIR>>/obj-x86_64-linux-gnu/tests/gmock'
make[6]: Entering directory '/<<PKGBUILDDIR>>/obj-x86_64-linux-gnu/tests/gmock'
Scanning dependencies of target gtest_main
make[6]: Leaving directory '/<<PKGBUILDDIR>>/obj-x86_64-linux-gnu/tests/gmock'
make[6]: Entering directory '/<<PKGBUILDDIR>>/obj-x86_64-linux-gnu/tests/gmock'
Scanning dependencies of target gmock
make[6]: Leaving directory '/<<PKGBUILDDIR>>/obj-x86_64-linux-gnu/tests/gmock'
make[6]: Entering directory '/<<PKGBUILDDIR>>/obj-x86_64-linux-gnu/tests/gmock'
[ 37%] Building CXX object /<<PKGBUILDDIR>>/obj-x86_64-linux-gnu/tests/googletest/CMakeFiles/gtest_main.dir/src/gtest_main.cc.o
[ 50%] Building CXX object CMakeFiles/gmock.dir/src/gmock-all.cc.o
[ 62%] Linking CXX static library /<<PKGBUILDDIR>>/obj-x86_64-linux-gnu/tests/gmock/lib/libgtest_main.a
make[6]: Leaving directory '/<<PKGBUILDDIR>>/obj-x86_64-linux-gnu/tests/gmock'
[ 62%] Built target gtest_main
[ 75%] Linking CXX static library lib/libgmock.a
make[6]: Leaving directory '/<<PKGBUILDDIR>>/obj-x86_64-linux-gnu/tests/gmock'
[ 75%] Built target gmock
make[6]: Entering directory '/<<PKGBUILDDIR>>/obj-x86_64-linux-gnu/tests/gmock'
Scanning dependencies of target gmock_main
make[6]: Leaving directory '/<<PKGBUILDDIR>>/obj-x86_64-linux-gnu/tests/gmock'
make[6]: Entering directory '/<<PKGBUILDDIR>>/obj-x86_64-linux-gnu/tests/gmock'
[ 87%] Building CXX object CMakeFiles/gmock_main.dir/src/gmock_main.cc.o
[100%] Linking CXX static library lib/libgmock_main.a
make[6]: Leaving directory '/<<PKGBUILDDIR>>/obj-x86_64-linux-gnu/tests/gmock'
[100%] Built target gmock_main
make[5]: Leaving directory '/<<PKGBUILDDIR>>/obj-x86_64-linux-gnu/tests/gmock'
make[4]: Leaving directory '/<<PKGBUILDDIR>>/obj-x86_64-linux-gnu/tests/gmock'
cd /<<PKGBUILDDIR>>/obj-x86_64-linux-gnu/tests/gmock && /usr/bin/cmake -E touch /<<PKGBUILDDIR>>/obj-x86_64-linux-gnu/tests/GMock-prefix/src/GMock-stamp/GMock-build
[ 46%] No install step for 'GMock'
cd /<<PKGBUILDDIR>>/obj-x86_64-linux-gnu/tests/gmock && /usr/bin/cmake -E echo_append
cd /<<PKGBUILDDIR>>/obj-x86_64-linux-gnu/tests/gmock && /usr/bin/cmake -E touch /<<PKGBUILDDIR>>/obj-x86_64-linux-gnu/tests/GMock-prefix/src/GMock-stamp/GMock-install
[ 50%] Completed 'GMock'
cd /<<PKGBUILDDIR>>/obj-x86_64-linux-gnu/tests && /usr/bin/cmake -E make_directory /<<PKGBUILDDIR>>/obj-x86_64-linux-gnu/tests/CMakeFiles
cd /<<PKGBUILDDIR>>/obj-x86_64-linux-gnu/tests && /usr/bin/cmake -E touch /<<PKGBUILDDIR>>/obj-x86_64-linux-gnu/tests/CMakeFiles/GMock-complete
cd /<<PKGBUILDDIR>>/obj-x86_64-linux-gnu/tests && /usr/bin/cmake -E touch /<<PKGBUILDDIR>>/obj-x86_64-linux-gnu/tests/GMock-prefix/src/GMock-stamp/GMock-done
make[3]: Leaving directory '/<<PKGBUILDDIR>>/obj-x86_64-linux-gnu'
[ 50%] Built target GMock
make[2]: Leaving directory '/<<PKGBUILDDIR>>/obj-x86_64-linux-gnu'
make[1]: *** [Makefile:144: all] Error 2
make[1]: Leaving directory '/<<PKGBUILDDIR>>/obj-x86_64-linux-gnu'
dh_auto_build: error: cd obj-x86_64-linux-gnu && make -j4 "INSTALL=install --strip-program=true" returned exit code 2
make: *** [debian/rules:15: binary] Error 25
dpkg-buildpackage: error: debian/rules binary subprocess returned exit status 2
--------------------------------------------------------------------------------
Build finished at 2020-02-25T16:37:28Z

Finished
--------


+------------------------------------------------------------------------------+
| Cleanup                                                                      |
+------------------------------------------------------------------------------+

Purging /<<BUILDDIR>>
Not cleaning session: cloned chroot in use
E: Build failure (dpkg-buildpackage died)

+------------------------------------------------------------------------------+
| Summary                                                                      |
+------------------------------------------------------------------------------+

Build Architecture: amd64
Build Type: binary
Build-Space: 29988
Build-Time: 15
Distribution: unstable
Fail-Stage: build
Host Architecture: amd64
Install-Time: 17
Job: net-cpp_2.2.1+dfsg1-4
Machine Architecture: amd64
Package: net-cpp
Package-Time: 50
Source-Version: 2.2.1+dfsg1-4
Space: 29988
Status: attempted
Version: 2.2.1+dfsg1-4
--------------------------------------------------------------------------------
Finished at 2020-02-25T16:37:28Z
Build needed 00:00:50, 29988k disk space
E: Build failure (dpkg-buildpackage died)
DC-Status: Failed 51.111443903s
DC-Time-Estimation: 51.111443903 versus expected 163 (r/m: 2.1891096700250463 ; m: 51.111443903)
