DC-Build-Header: blitz++ 1:0.10+ds-2 / 2017-07-06 20:31:24 +0000
DC-Task: type:rebuild-binarch-only source:blitz++ version:1:0.10+ds-2 chroot:unstable esttime:261 logfile:/tmp/blitz++_0.10+ds-2_unstable_clang3.9.log modes:clang:binarch-only
DC-Sbuild-call: su user42 -c 'sbuild -n --arch-any --apt-update -d unstable -v  --chroot-setup-commands=/tmp/clang blitz++_1:0.10+ds-2'
sbuild (Debian sbuild) 0.73.0 (23 Dec 2016) on ip-172-31-36-220.eu-central-1.compute.internal

+==============================================================================+
| blitz++ 1:0.10+ds-2 (amd64)                  Thu, 06 Jul 2017 20:31:25 +0000 |
+==============================================================================+

Package: blitz++
Version: 1:0.10+ds-2
Source Version: 1:0.10+ds-2
Distribution: unstable
Machine Architecture: amd64
Host Architecture: amd64
Build Architecture: amd64
Build Type: any

I: NOTICE: Log filtering will replace 'var/run/schroot/mount/unstable-amd64-sbuild-f0fff366-1bdf-4d24-ae84-161124184b74' with '<<CHROOT>>'

+------------------------------------------------------------------------------+
| Chroot Setup Commands                                                        |
+------------------------------------------------------------------------------+


/tmp/clang
----------

+ echo 'Entering customization script...'
Entering customization script...
+ CLANG_VERSION=3.9
+ echo 'Install of clang-3.9'
Install of clang-3.9
+ apt-get update
Get:1 http://127.0.0.1:9999/debian unstable InRelease [255 kB]
Get:2 http://127.0.0.1:9999/debian unstable/main Sources.diff/Index [27.9 kB]
Get:3 http://127.0.0.1:9999/debian unstable/main amd64 Packages.diff/Index [27.9 kB]
Get:4 http://127.0.0.1:9999/debian unstable/main Translation-en.diff/Index [27.9 kB]
Get:5 http://127.0.0.1:9999/debian unstable/main Sources 2017-07-02-0216.39.pdiff [15.0 kB]
Get:6 http://127.0.0.1:9999/debian unstable/main Sources 2017-07-02-0817.00.pdiff [7416 B]
Get:7 http://127.0.0.1:9999/debian unstable/main Sources 2017-07-02-1415.16.pdiff [17.0 kB]
Get:8 http://127.0.0.1:9999/debian unstable/main Sources 2017-07-02-2015.53.pdiff [15.2 kB]
Get:9 http://127.0.0.1:9999/debian unstable/main Sources 2017-07-03-0215.43.pdiff [50.2 kB]
Get:10 http://127.0.0.1:9999/debian unstable/main Sources 2017-07-03-0815.58.pdiff [5500 B]
Get:11 http://127.0.0.1:9999/debian unstable/main Sources 2017-07-03-1420.59.pdiff [15.8 kB]
Get:12 http://127.0.0.1:9999/debian unstable/main Sources 2017-07-03-2015.52.pdiff [15.6 kB]
Get:13 http://127.0.0.1:9999/debian unstable/main Sources 2017-07-04-0215.56.pdiff [7165 B]
Get:14 http://127.0.0.1:9999/debian unstable/main Sources 2017-07-04-0817.36.pdiff [8303 B]
Get:15 http://127.0.0.1:9999/debian unstable/main Sources 2017-07-04-1416.28.pdiff [11.7 kB]
Get:16 http://127.0.0.1:9999/debian unstable/main Sources 2017-07-04-2017.16.pdiff [12.7 kB]
Get:17 http://127.0.0.1:9999/debian unstable/main Sources 2017-07-05-0215.45.pdiff [7714 B]
Get:18 http://127.0.0.1:9999/debian unstable/main Sources 2017-07-05-0817.10.pdiff [6491 B]
Get:19 http://127.0.0.1:9999/debian unstable/main Sources 2017-07-05-1416.09.pdiff [13.0 kB]
Get:20 http://127.0.0.1:9999/debian unstable/main Sources 2017-07-05-2019.56.pdiff [14.2 kB]
Get:21 http://127.0.0.1:9999/debian unstable/main Sources 2017-07-06-0216.07.pdiff [9132 B]
Get:22 http://127.0.0.1:9999/debian unstable/main Sources 2017-07-06-0817.23.pdiff [16.8 kB]
Get:23 http://127.0.0.1:9999/debian unstable/main amd64 Packages 2017-07-02-0216.39.pdiff [31.6 kB]
Get:24 http://127.0.0.1:9999/debian unstable/main amd64 Packages 2017-07-02-0817.00.pdiff [12.0 kB]
Get:25 http://127.0.0.1:9999/debian unstable/main amd64 Packages 2017-07-02-1415.16.pdiff [11.6 kB]
Get:26 http://127.0.0.1:9999/debian unstable/main amd64 Packages 2017-07-02-2015.53.pdiff [12.9 kB]
Get:27 http://127.0.0.1:9999/debian unstable/main amd64 Packages 2017-07-03-0215.43.pdiff [63.1 kB]
Get:28 http://127.0.0.1:9999/debian unstable/main amd64 Packages 2017-07-03-0815.58.pdiff [23.3 kB]
Get:29 http://127.0.0.1:9999/debian unstable/main amd64 Packages 2017-07-03-1420.59.pdiff [40.0 kB]
Get:30 http://127.0.0.1:9999/debian unstable/main amd64 Packages 2017-07-03-2015.52.pdiff [28.4 kB]
Get:22 http://127.0.0.1:9999/debian unstable/main Sources 2017-07-06-0817.23.pdiff [16.8 kB]
Get:31 http://127.0.0.1:9999/debian unstable/main amd64 Packages 2017-07-04-0215.56.pdiff [7447 B]
Get:32 http://127.0.0.1:9999/debian unstable/main amd64 Packages 2017-07-04-0817.36.pdiff [5458 B]
Get:33 http://127.0.0.1:9999/debian unstable/main amd64 Packages 2017-07-04-1416.28.pdiff [33.1 kB]
Get:34 http://127.0.0.1:9999/debian unstable/main amd64 Packages 2017-07-04-2017.16.pdiff [18.8 kB]
Get:35 http://127.0.0.1:9999/debian unstable/main amd64 Packages 2017-07-05-0215.45.pdiff [5901 B]
Get:36 http://127.0.0.1:9999/debian unstable/main amd64 Packages 2017-07-05-0817.10.pdiff [15.3 kB]
Get:37 http://127.0.0.1:9999/debian unstable/main amd64 Packages 2017-07-05-1416.09.pdiff [11.4 kB]
Get:38 http://127.0.0.1:9999/debian unstable/main amd64 Packages 2017-07-05-2019.56.pdiff [13.0 kB]
Get:39 http://127.0.0.1:9999/debian unstable/main amd64 Packages 2017-07-06-0216.07.pdiff [8638 B]
Get:40 http://127.0.0.1:9999/debian unstable/main amd64 Packages 2017-07-06-0817.23.pdiff [31.2 kB]
Get:41 http://127.0.0.1:9999/debian unstable/main Translation-en 2017-07-02-0216.39.pdiff [1271 B]
Get:42 http://127.0.0.1:9999/debian unstable/main Translation-en 2017-07-02-2015.53.pdiff [793 B]
Get:43 http://127.0.0.1:9999/debian unstable/main Translation-en 2017-07-03-0215.43.pdiff [327 B]
Get:44 http://127.0.0.1:9999/debian unstable/main Translation-en 2017-07-03-0815.58.pdiff [270 B]
Get:45 http://127.0.0.1:9999/debian unstable/main Translation-en 2017-07-03-1420.59.pdiff [1066 B]
Get:46 http://127.0.0.1:9999/debian unstable/main Translation-en 2017-07-03-2015.52.pdiff [465 B]
Get:47 http://127.0.0.1:9999/debian unstable/main Translation-en 2017-07-04-0215.56.pdiff [291 B]
Get:48 http://127.0.0.1:9999/debian unstable/main Translation-en 2017-07-04-0817.36.pdiff [539 B]
Get:40 http://127.0.0.1:9999/debian unstable/main amd64 Packages 2017-07-06-0817.23.pdiff [31.2 kB]
Get:49 http://127.0.0.1:9999/debian unstable/main Translation-en 2017-07-04-1416.28.pdiff [484 B]
Get:50 http://127.0.0.1:9999/debian unstable/main Translation-en 2017-07-04-2017.16.pdiff [1126 B]
Get:51 http://127.0.0.1:9999/debian unstable/main Translation-en 2017-07-05-0215.45.pdiff [214 B]
Get:52 http://127.0.0.1:9999/debian unstable/main Translation-en 2017-07-05-0817.10.pdiff [606 B]
Get:53 http://127.0.0.1:9999/debian unstable/main Translation-en 2017-07-05-1416.09.pdiff [214 B]
Get:54 http://127.0.0.1:9999/debian unstable/main Translation-en 2017-07-05-2019.56.pdiff [2615 B]
Get:55 http://127.0.0.1:9999/debian unstable/main Translation-en 2017-07-06-0216.07.pdiff [1869 B]
Get:56 http://127.0.0.1:9999/debian unstable/main Translation-en 2017-07-06-0817.23.pdiff [915 B]
Get:56 http://127.0.0.1:9999/debian unstable/main Translation-en 2017-07-06-0817.23.pdiff [915 B]
Fetched 974 kB in 1s (763 kB/s)
Reading package lists...
+ apt-get install --yes --no-install-recommends --force-yes clang-3.9
Reading package lists...
Building dependency tree...
Reading state information...
The following additional packages will be installed:
  cpp-6 g++-6 gcc-6 gcc-6-base gcc-7-base libasan3 libatomic1 libbsd0 libcc1-0
  libcilkrts5 libclang-common-3.9-dev libclang1-3.9 libedit2 libffi6
  libgcc-6-dev libgcc1 libgomp1 libitm1 libjsoncpp1 libllvm3.9 liblsan0
  libmpx2 libncurses5 libobjc-6-dev libobjc4 libquadmath0 libstdc++-6-dev
  libstdc++6 libtsan0 libubsan0
Suggested packages:
  gnustep gnustep-devel clang-3.9-doc gcc-6-locales g++-6-multilib gcc-6-doc
  libstdc++6-6-dbg gcc-6-multilib libgcc1-dbg libgomp1-dbg libitm1-dbg
  libatomic1-dbg libasan3-dbg liblsan0-dbg libtsan0-dbg libubsan0-dbg
  libcilkrts5-dbg libmpx2-dbg libquadmath0-dbg libstdc++-6-doc
Recommended packages:
  llvm-3.9-dev python libgpm2
The following NEW packages will be installed:
  clang-3.9 libbsd0 libclang-common-3.9-dev libclang1-3.9 libedit2 libffi6
  libjsoncpp1 libllvm3.9 libncurses5 libobjc-6-dev libobjc4
The following packages will be upgraded:
  cpp-6 g++-6 gcc-6 gcc-6-base gcc-7-base libasan3 libatomic1 libcc1-0
  libcilkrts5 libgcc-6-dev libgcc1 libgomp1 libitm1 liblsan0 libmpx2
  libquadmath0 libstdc++-6-dev libstdc++6 libtsan0 libubsan0
20 upgraded, 11 newly installed, 0 to remove and 13 not upgraded.
Need to get 83.9 MB of archives.
After this operation, 251 MB of additional disk space will be used.
Get:1 http://127.0.0.1:9999/debian unstable/main amd64 libquadmath0 amd64 7.1.0-9 [132 kB]
Get:2 http://127.0.0.1:9999/debian unstable/main amd64 libitm1 amd64 7.1.0-9 [27.2 kB]
Get:3 http://127.0.0.1:9999/debian unstable/main amd64 gcc-7-base amd64 7.1.0-9 [180 kB]
Get:4 http://127.0.0.1:9999/debian unstable/main amd64 libstdc++6 amd64 7.1.0-9 [398 kB]
Get:5 http://127.0.0.1:9999/debian unstable/main amd64 libmpx2 amd64 7.1.0-9 [11.4 kB]
Get:6 http://127.0.0.1:9999/debian unstable/main amd64 liblsan0 amd64 7.1.0-9 [124 kB]
Get:7 http://127.0.0.1:9999/debian unstable/main amd64 libtsan0 amd64 7.1.0-9 [270 kB]
Get:8 http://127.0.0.1:9999/debian unstable/main amd64 libubsan0 amd64 7.1.0-9 [117 kB]
Get:9 http://127.0.0.1:9999/debian unstable/main amd64 libcilkrts5 amd64 7.1.0-9 [42.0 kB]
Get:10 http://127.0.0.1:9999/debian unstable/main amd64 libcc1-0 amd64 7.1.0-9 [37.7 kB]
Get:11 http://127.0.0.1:9999/debian unstable/main amd64 libatomic1 amd64 7.1.0-9 [8782 B]
Get:12 http://127.0.0.1:9999/debian unstable/main amd64 libgomp1 amd64 7.1.0-9 [75.1 kB]
Get:13 http://127.0.0.1:9999/debian unstable/main amd64 libgcc1 amd64 1:7.1.0-9 [39.3 kB]
Get:14 http://127.0.0.1:9999/debian unstable/main amd64 libasan3 amd64 6.4.0-1 [310 kB]
Get:15 http://127.0.0.1:9999/debian unstable/main amd64 g++-6 amd64 6.4.0-1 [7084 kB]
Get:16 http://127.0.0.1:9999/debian unstable/main amd64 libstdc++-6-dev amd64 6.4.0-1 [1421 kB]
Get:17 http://127.0.0.1:9999/debian unstable/main amd64 gcc-6 amd64 6.4.0-1 [6908 kB]
Get:18 http://127.0.0.1:9999/debian unstable/main amd64 libgcc-6-dev amd64 6.4.0-1 [2297 kB]
Get:19 http://127.0.0.1:9999/debian unstable/main amd64 cpp-6 amd64 6.4.0-1 [6549 kB]
Get:20 http://127.0.0.1:9999/debian unstable/main amd64 gcc-6-base amd64 6.4.0-1 [180 kB]
Get:21 http://127.0.0.1:9999/debian unstable/main amd64 libbsd0 amd64 0.8.5-1 [89.6 kB]
Get:22 http://127.0.0.1:9999/debian unstable/main amd64 libncurses5 amd64 6.0+20161126-1 [93.4 kB]
Get:23 http://127.0.0.1:9999/debian unstable/main amd64 libedit2 amd64 3.1-20170329-1 [85.2 kB]
Get:24 http://127.0.0.1:9999/debian unstable/main amd64 libffi6 amd64 3.2.1-6 [20.4 kB]
Get:25 http://127.0.0.1:9999/debian unstable/main amd64 libllvm3.9 amd64 1:3.9.1-10 [11.3 MB]
Get:26 http://127.0.0.1:9999/debian unstable/main amd64 libclang1-3.9 amd64 1:3.9.1-10 [5875 kB]
Get:27 http://127.0.0.1:9999/debian unstable/main amd64 libjsoncpp1 amd64 1.7.4-3 [75.6 kB]
Get:28 http://127.0.0.1:9999/debian unstable/main amd64 libobjc4 amd64 7.1.0-9 [51.0 kB]
Get:29 http://127.0.0.1:9999/debian unstable/main amd64 libobjc-6-dev amd64 6.4.0-1 [197 kB]
Get:30 http://127.0.0.1:9999/debian unstable/main amd64 libclang-common-3.9-dev amd64 1:3.9.1-10 [2573 kB]
Get:31 http://127.0.0.1:9999/debian unstable/main amd64 clang-3.9 amd64 1:3.9.1-10 [37.4 MB]
debconf: delaying package configuration, since apt-utils is not installed
Fetched 83.9 MB in 0s (97.1 MB/s)
(Reading database ... (Reading database ... 5%(Reading database ... 10%(Reading database ... 15%(Reading database ... 20%(Reading database ... 25%(Reading database ... 30%(Reading database ... 35%(Reading database ... 40%(Reading database ... 45%(Reading database ... 50%(Reading database ... 55%(Reading database ... 60%(Reading database ... 65%(Reading database ... 70%(Reading database ... 75%(Reading database ... 80%(Reading database ... 85%(Reading database ... 90%(Reading database ... 95%(Reading database ... 100%(Reading database ... 9635 files and directories currently installed.)
Preparing to unpack .../libquadmath0_7.1.0-9_amd64.deb ...
Unpacking libquadmath0:amd64 (7.1.0-9) over (7.1.0-8) ...
Preparing to unpack .../libitm1_7.1.0-9_amd64.deb ...
Unpacking libitm1:amd64 (7.1.0-9) over (7.1.0-8) ...
Preparing to unpack .../gcc-7-base_7.1.0-9_amd64.deb ...
Unpacking gcc-7-base:amd64 (7.1.0-9) over (7.1.0-8) ...
Setting up gcc-7-base:amd64 (7.1.0-9) ...
(Reading database ... (Reading database ... 5%(Reading database ... 10%(Reading database ... 15%(Reading database ... 20%(Reading database ... 25%(Reading database ... 30%(Reading database ... 35%(Reading database ... 40%(Reading database ... 45%(Reading database ... 50%(Reading database ... 55%(Reading database ... 60%(Reading database ... 65%(Reading database ... 70%(Reading database ... 75%(Reading database ... 80%(Reading database ... 85%(Reading database ... 90%(Reading database ... 95%(Reading database ... 100%(Reading database ... 9635 files and directories currently installed.)
Preparing to unpack .../libstdc++6_7.1.0-9_amd64.deb ...
Unpacking libstdc++6:amd64 (7.1.0-9) over (7.1.0-8) ...
Setting up libstdc++6:amd64 (7.1.0-9) ...
(Reading database ... (Reading database ... 5%(Reading database ... 10%(Reading database ... 15%(Reading database ... 20%(Reading database ... 25%(Reading database ... 30%(Reading database ... 35%(Reading database ... 40%(Reading database ... 45%(Reading database ... 50%(Reading database ... 55%(Reading database ... 60%(Reading database ... 65%(Reading database ... 70%(Reading database ... 75%(Reading database ... 80%(Reading database ... 85%(Reading database ... 90%(Reading database ... 95%(Reading database ... 100%(Reading database ... 9635 files and directories currently installed.)
Preparing to unpack .../0-libmpx2_7.1.0-9_amd64.deb ...
Unpacking libmpx2:amd64 (7.1.0-9) over (7.1.0-8) ...
Preparing to unpack .../1-liblsan0_7.1.0-9_amd64.deb ...
Unpacking liblsan0:amd64 (7.1.0-9) over (7.1.0-8) ...
Preparing to unpack .../2-libtsan0_7.1.0-9_amd64.deb ...
Unpacking libtsan0:amd64 (7.1.0-9) over (7.1.0-8) ...
Preparing to unpack .../3-libubsan0_7.1.0-9_amd64.deb ...
Unpacking libubsan0:amd64 (7.1.0-9) over (7.1.0-8) ...
Preparing to unpack .../4-libcilkrts5_7.1.0-9_amd64.deb ...
Unpacking libcilkrts5:amd64 (7.1.0-9) over (7.1.0-8) ...
Preparing to unpack .../5-libcc1-0_7.1.0-9_amd64.deb ...
Unpacking libcc1-0:amd64 (7.1.0-9) over (7.1.0-8) ...
Preparing to unpack .../6-libatomic1_7.1.0-9_amd64.deb ...
Unpacking libatomic1:amd64 (7.1.0-9) over (7.1.0-8) ...
Preparing to unpack .../7-libgomp1_7.1.0-9_amd64.deb ...
Unpacking libgomp1:amd64 (7.1.0-9) over (7.1.0-8) ...
Preparing to unpack .../8-libgcc1_1%3a7.1.0-9_amd64.deb ...
Unpacking libgcc1:amd64 (1:7.1.0-9) over (1:7.1.0-8) ...
Setting up libgcc1:amd64 (1:7.1.0-9) ...
(Reading database ... (Reading database ... 5%(Reading database ... 10%(Reading database ... 15%(Reading database ... 20%(Reading database ... 25%(Reading database ... 30%(Reading database ... 35%(Reading database ... 40%(Reading database ... 45%(Reading database ... 50%(Reading database ... 55%(Reading database ... 60%(Reading database ... 65%(Reading database ... 70%(Reading database ... 75%(Reading database ... 80%(Reading database ... 85%(Reading database ... 90%(Reading database ... 95%(Reading database ... 100%(Reading database ... 9635 files and directories currently installed.)
Preparing to unpack .../00-libasan3_6.4.0-1_amd64.deb ...
Unpacking libasan3:amd64 (6.4.0-1) over (6.3.0-21) ...
Preparing to unpack .../01-g++-6_6.4.0-1_amd64.deb ...
Unpacking g++-6 (6.4.0-1) over (6.3.0-21) ...
Preparing to unpack .../02-libstdc++-6-dev_6.4.0-1_amd64.deb ...
Unpacking libstdc++-6-dev:amd64 (6.4.0-1) over (6.3.0-21) ...
Preparing to unpack .../03-gcc-6_6.4.0-1_amd64.deb ...
Unpacking gcc-6 (6.4.0-1) over (6.3.0-21) ...
Preparing to unpack .../04-libgcc-6-dev_6.4.0-1_amd64.deb ...
Unpacking libgcc-6-dev:amd64 (6.4.0-1) over (6.3.0-21) ...
Preparing to unpack .../05-cpp-6_6.4.0-1_amd64.deb ...
Unpacking cpp-6 (6.4.0-1) over (6.3.0-21) ...
Preparing to unpack .../06-gcc-6-base_6.4.0-1_amd64.deb ...
Unpacking gcc-6-base:amd64 (6.4.0-1) over (6.3.0-21) ...
Selecting previously unselected package libbsd0:amd64.
Preparing to unpack .../07-libbsd0_0.8.5-1_amd64.deb ...
Unpacking libbsd0:amd64 (0.8.5-1) ...
Selecting previously unselected package libncurses5:amd64.
Preparing to unpack .../08-libncurses5_6.0+20161126-1_amd64.deb ...
Unpacking libncurses5:amd64 (6.0+20161126-1) ...
Selecting previously unselected package libedit2:amd64.
Preparing to unpack .../09-libedit2_3.1-20170329-1_amd64.deb ...
Unpacking libedit2:amd64 (3.1-20170329-1) ...
Selecting previously unselected package libffi6:amd64.
Preparing to unpack .../10-libffi6_3.2.1-6_amd64.deb ...
Unpacking libffi6:amd64 (3.2.1-6) ...
Selecting previously unselected package libllvm3.9:amd64.
Preparing to unpack .../11-libllvm3.9_1%3a3.9.1-10_amd64.deb ...
Unpacking libllvm3.9:amd64 (1:3.9.1-10) ...
Selecting previously unselected package libclang1-3.9:amd64.
Preparing to unpack .../12-libclang1-3.9_1%3a3.9.1-10_amd64.deb ...
Unpacking libclang1-3.9:amd64 (1:3.9.1-10) ...
Selecting previously unselected package libjsoncpp1:amd64.
Preparing to unpack .../13-libjsoncpp1_1.7.4-3_amd64.deb ...
Unpacking libjsoncpp1:amd64 (1.7.4-3) ...
Selecting previously unselected package libobjc4:amd64.
Preparing to unpack .../14-libobjc4_7.1.0-9_amd64.deb ...
Unpacking libobjc4:amd64 (7.1.0-9) ...
Selecting previously unselected package libobjc-6-dev:amd64.
Preparing to unpack .../15-libobjc-6-dev_6.4.0-1_amd64.deb ...
Unpacking libobjc-6-dev:amd64 (6.4.0-1) ...
Selecting previously unselected package libclang-common-3.9-dev.
Preparing to unpack .../16-libclang-common-3.9-dev_1%3a3.9.1-10_amd64.deb ...
Unpacking libclang-common-3.9-dev (1:3.9.1-10) ...
Selecting previously unselected package clang-3.9.
Preparing to unpack .../17-clang-3.9_1%3a3.9.1-10_amd64.deb ...
Unpacking clang-3.9 (1:3.9.1-10) ...
Setting up libquadmath0:amd64 (7.1.0-9) ...
Setting up libncurses5:amd64 (6.0+20161126-1) ...
Setting up libgomp1:amd64 (7.1.0-9) ...
Setting up libatomic1:amd64 (7.1.0-9) ...
Setting up libcc1-0:amd64 (7.1.0-9) ...
Setting up libobjc4:amd64 (7.1.0-9) ...
Setting up libcilkrts5:amd64 (7.1.0-9) ...
Setting up libubsan0:amd64 (7.1.0-9) ...
Setting up libtsan0:amd64 (7.1.0-9) ...
Setting up gcc-6-base:amd64 (6.4.0-1) ...
Setting up libbsd0:amd64 (0.8.5-1) ...
Setting up liblsan0:amd64 (7.1.0-9) ...
Setting up libmpx2:amd64 (7.1.0-9) ...
Processing triggers for libc-bin (2.24-12) ...
Setting up libffi6:amd64 (3.2.1-6) ...
Setting up cpp-6 (6.4.0-1) ...
Setting up libitm1:amd64 (7.1.0-9) ...
Setting up libjsoncpp1:amd64 (1.7.4-3) ...
Setting up libedit2:amd64 (3.1-20170329-1) ...
Setting up libasan3:amd64 (6.4.0-1) ...
Setting up libgcc-6-dev:amd64 (6.4.0-1) ...
Setting up libstdc++-6-dev:amd64 (6.4.0-1) ...
Setting up libllvm3.9:amd64 (1:3.9.1-10) ...
Setting up libclang-common-3.9-dev (1:3.9.1-10) ...
Setting up gcc-6 (6.4.0-1) ...
Setting up g++-6 (6.4.0-1) ...
Setting up libobjc-6-dev:amd64 (6.4.0-1) ...
Setting up libclang1-3.9:amd64 (1:3.9.1-10) ...
Setting up clang-3.9 (1:3.9.1-10) ...
Processing triggers for libc-bin (2.24-12) ...
W: --force-yes is deprecated, use one of the options starting with --allow instead.
+ echo 'Replace gcc, g++ & cpp by clang'
Replace gcc, g++ & cpp by clang
+ VERSIONS='4.6 4.7 4.8 4.9 5 6 7'
+ cd /usr/bin
+ for VERSION in $VERSIONS
+ rm -f g++-4.6 gcc-4.6 cpp-4.6 gcc
+ ln -s clang++-3.9 g++-4.6
+ ln -s clang-3.9 gcc-4.6
+ ln -s clang-3.9 cpp-4.6
+ ln -s clang-3.9 gcc
+ echo 'gcc-4.6 hold'
+ dpkg --set-selections
dpkg: warning: package not in status nor available database at line 1: gcc-4.6
dpkg: warning: found unknown packages; this might mean the available database
is outdated, and needs to be updated through a frontend method;
please see the FAQ <https://wiki.debian.org/Teams/Dpkg/FAQ>
+ echo 'g++-4.6 hold'
+ dpkg --set-selections
dpkg: warning: package not in status nor available database at line 1: g++-4.6
dpkg: warning: found unknown packages; this might mean the available database
is outdated, and needs to be updated through a frontend method;
please see the FAQ <https://wiki.debian.org/Teams/Dpkg/FAQ>
+ for VERSION in $VERSIONS
+ rm -f g++-4.7 gcc-4.7 cpp-4.7 gcc
+ ln -s clang++-3.9 g++-4.7
+ ln -s clang-3.9 gcc-4.7
+ ln -s clang-3.9 cpp-4.7
+ ln -s clang-3.9 gcc
+ echo 'gcc-4.7 hold'
+ dpkg --set-selections
dpkg: warning: package not in status nor available database at line 1: gcc-4.7
dpkg: warning: found unknown packages; this might mean the available database
is outdated, and needs to be updated through a frontend method;
please see the FAQ <https://wiki.debian.org/Teams/Dpkg/FAQ>
+ echo 'g++-4.7 hold'
+ dpkg --set-selections
dpkg: warning: package not in status nor available database at line 1: g++-4.7
dpkg: warning: found unknown packages; this might mean the available database
is outdated, and needs to be updated through a frontend method;
please see the FAQ <https://wiki.debian.org/Teams/Dpkg/FAQ>
+ for VERSION in $VERSIONS
+ rm -f g++-4.8 gcc-4.8 cpp-4.8 gcc
+ ln -s clang++-3.9 g++-4.8
+ ln -s clang-3.9 gcc-4.8
+ ln -s clang-3.9 cpp-4.8
+ ln -s clang-3.9 gcc
+ echo 'gcc-4.8 hold'
+ dpkg --set-selections
dpkg: warning: package not in status nor available database at line 1: gcc-4.8
dpkg: warning: found unknown packages; this might mean the available database
is outdated, and needs to be updated through a frontend method;
please see the FAQ <https://wiki.debian.org/Teams/Dpkg/FAQ>
+ echo 'g++-4.8 hold'
+ dpkg --set-selections
dpkg: warning: package not in status nor available database at line 1: g++-4.8
dpkg: warning: found unknown packages; this might mean the available database
is outdated, and needs to be updated through a frontend method;
please see the FAQ <https://wiki.debian.org/Teams/Dpkg/FAQ>
+ for VERSION in $VERSIONS
+ rm -f g++-4.9 gcc-4.9 cpp-4.9 gcc
+ ln -s clang++-3.9 g++-4.9
+ ln -s clang-3.9 gcc-4.9
+ ln -s clang-3.9 cpp-4.9
+ ln -s clang-3.9 gcc
+ echo 'gcc-4.9 hold'
+ dpkg --set-selections
dpkg: warning: package not in status nor available database at line 1: gcc-4.9
dpkg: warning: found unknown packages; this might mean the available database
is outdated, and needs to be updated through a frontend method;
please see the FAQ <https://wiki.debian.org/Teams/Dpkg/FAQ>
+ echo 'g++-4.9 hold'
+ dpkg --set-selections
dpkg: warning: package not in status nor available database at line 1: g++-4.9
dpkg: warning: found unknown packages; this might mean the available database
is outdated, and needs to be updated through a frontend method;
please see the FAQ <https://wiki.debian.org/Teams/Dpkg/FAQ>
+ for VERSION in $VERSIONS
+ rm -f g++-5 gcc-5 cpp-5 gcc
+ ln -s clang++-3.9 g++-5
+ ln -s clang-3.9 gcc-5
+ ln -s clang-3.9 cpp-5
+ ln -s clang-3.9 gcc
+ echo 'gcc-5 hold'
+ dpkg --set-selections
+ echo 'g++-5 hold'
+ dpkg --set-selections
+ for VERSION in $VERSIONS
+ rm -f g++-6 gcc-6 cpp-6 gcc
+ ln -s clang++-3.9 g++-6
+ ln -s clang-3.9 gcc-6
+ ln -s clang-3.9 cpp-6
+ ln -s clang-3.9 gcc
+ echo 'gcc-6 hold'
+ dpkg --set-selections
+ echo 'g++-6 hold'
+ dpkg --set-selections
+ for VERSION in $VERSIONS
+ rm -f g++-7 gcc-7 cpp-7 gcc
+ ln -s clang++-3.9 g++-7
+ ln -s clang-3.9 gcc-7
+ ln -s clang-3.9 cpp-7
+ ln -s clang-3.9 gcc
+ echo 'gcc-7 hold'
+ dpkg --set-selections
dpkg: warning: package not in status nor available database at line 1: gcc-7
dpkg: warning: found unknown packages; this might mean the available database
is outdated, and needs to be updated through a frontend method;
please see the FAQ <https://wiki.debian.org/Teams/Dpkg/FAQ>
+ echo 'g++-7 hold'
+ dpkg --set-selections
dpkg: warning: package not in status nor available database at line 1: g++-7
dpkg: warning: found unknown packages; this might mean the available database
is outdated, and needs to be updated through a frontend method;
please see the FAQ <https://wiki.debian.org/Teams/Dpkg/FAQ>
+ cd -
/build/blitz++-81G2Pq
+ echo 'Check if gcc, g++ & cpp are actually clang'
Check if gcc, g++ & cpp are actually clang
+ gcc --version
+ grep clang
+ cpp --version
+ grep clang
+ g++ --version
+ grep clang

I: Finished running '/tmp/clang'.

Finished processing commands.
--------------------------------------------------------------------------------

+------------------------------------------------------------------------------+
| Update chroot                                                                |
+------------------------------------------------------------------------------+

Hit:1 http://127.0.0.1:9999/debian unstable InRelease
Reading package lists...
Reading package lists...
Building dependency tree...
Reading state information...
Calculating upgrade...
The following NEW packages will be installed:
  libgnutls30 libhogweed4 libidn2-0 libnettle6 libp11-kit0 libtasn1-6
  libunistring2
The following packages will be upgraded:
  apt cpp debconf g++ gcc libapt-pkg5.0 libdebconfclient0 libperl5.24
  libsystemd0 libudev1 perl perl-base perl-modules-5.24
13 upgraded, 7 newly installed, 0 to remove and 0 not upgraded.
Need to get 12.5 MB of archives.
After this operation, 6330 kB of additional disk space will be used.
Get:1 http://127.0.0.1:9999/debian unstable/main amd64 libperl5.24 amd64 5.24.1-6 [3525 kB]
Get:2 http://127.0.0.1:9999/debian unstable/main amd64 perl amd64 5.24.1-6 [218 kB]
Get:3 http://127.0.0.1:9999/debian unstable/main amd64 perl-base amd64 5.24.1-6 [1344 kB]
Get:4 http://127.0.0.1:9999/debian unstable/main amd64 perl-modules-5.24 all 5.24.1-6 [2723 kB]
Get:5 http://127.0.0.1:9999/debian unstable/main amd64 libapt-pkg5.0 amd64 1.5~beta1 [922 kB]
Get:6 http://127.0.0.1:9999/debian unstable/main amd64 libnettle6 amd64 3.3-1+b1 [191 kB]
Get:7 http://127.0.0.1:9999/debian unstable/main amd64 libhogweed4 amd64 3.3-1+b1 [136 kB]
Get:8 http://127.0.0.1:9999/debian unstable/main amd64 libunistring2 amd64 0.9.7-2 [377 kB]
Get:9 http://127.0.0.1:9999/debian unstable/main amd64 libidn2-0 amd64 0.16-1+b1 [56.6 kB]
Get:10 http://127.0.0.1:9999/debian unstable/main amd64 libp11-kit0 amd64 0.23.7-2 [193 kB]
Get:11 http://127.0.0.1:9999/debian unstable/main amd64 libtasn1-6 amd64 4.12-2 [51.0 kB]
Get:12 http://127.0.0.1:9999/debian unstable/main amd64 libgnutls30 amd64 3.5.13-2 [914 kB]
Get:13 http://127.0.0.1:9999/debian unstable/main amd64 apt amd64 1.5~beta1 [1237 kB]
Get:14 http://127.0.0.1:9999/debian unstable/main amd64 debconf all 1.5.62 [160 kB]
Get:15 http://127.0.0.1:9999/debian unstable/main amd64 libsystemd0 amd64 233-10 [281 kB]
Get:16 http://127.0.0.1:9999/debian unstable/main amd64 libudev1 amd64 233-10 [126 kB]
Get:17 http://127.0.0.1:9999/debian unstable/main amd64 libdebconfclient0 amd64 0.229 [47.9 kB]
Get:18 http://127.0.0.1:9999/debian unstable/main amd64 cpp amd64 4:6.3.0-4d1 [18.8 kB]
Get:19 http://127.0.0.1:9999/debian unstable/main amd64 gcc amd64 4:6.3.0-4d1 [5252 B]
Get:20 http://127.0.0.1:9999/debian unstable/main amd64 g++ amd64 4:6.3.0-4d1 [1548 B]
debconf: delaying package configuration, since apt-utils is not installed
Fetched 12.5 MB in 0s (88.4 MB/s)
(Reading database ... (Reading database ... 5%(Reading database ... 10%(Reading database ... 15%(Reading database ... 20%(Reading database ... 25%(Reading database ... 30%(Reading database ... 35%(Reading database ... 40%(Reading database ... 45%(Reading database ... 50%(Reading database ... 55%(Reading database ... 60%(Reading database ... 65%(Reading database ... 70%(Reading database ... 75%(Reading database ... 80%(Reading database ... 85%(Reading database ... 90%(Reading database ... 95%(Reading database ... 100%(Reading database ... 10107 files and directories currently installed.)
Preparing to unpack .../libperl5.24_5.24.1-6_amd64.deb ...
Unpacking libperl5.24:amd64 (5.24.1-6) over (5.24.1-4) ...
Preparing to unpack .../perl_5.24.1-6_amd64.deb ...
Unpacking perl (5.24.1-6) over (5.24.1-4) ...
Preparing to unpack .../perl-base_5.24.1-6_amd64.deb ...
Unpacking perl-base (5.24.1-6) over (5.24.1-4) ...
Setting up perl-base (5.24.1-6) ...
(Reading database ... (Reading database ... 5%(Reading database ... 10%(Reading database ... 15%(Reading database ... 20%(Reading database ... 25%(Reading database ... 30%(Reading database ... 35%(Reading database ... 40%(Reading database ... 45%(Reading database ... 50%(Reading database ... 55%(Reading database ... 60%(Reading database ... 65%(Reading database ... 70%(Reading database ... 75%(Reading database ... 80%(Reading database ... 85%(Reading database ... 90%(Reading database ... 95%(Reading database ... 100%(Reading database ... 10107 files and directories currently installed.)
Preparing to unpack .../perl-modules-5.24_5.24.1-6_all.deb ...
Unpacking perl-modules-5.24 (5.24.1-6) over (5.24.1-4) ...
Preparing to unpack .../libapt-pkg5.0_1.5~beta1_amd64.deb ...
Unpacking libapt-pkg5.0:amd64 (1.5~beta1) over (1.4.6) ...
Setting up libapt-pkg5.0:amd64 (1.5~beta1) ...
Selecting previously unselected package libnettle6:amd64.
(Reading database ... (Reading database ... 5%(Reading database ... 10%(Reading database ... 15%(Reading database ... 20%(Reading database ... 25%(Reading database ... 30%(Reading database ... 35%(Reading database ... 40%(Reading database ... 45%(Reading database ... 50%(Reading database ... 55%(Reading database ... 60%(Reading database ... 65%(Reading database ... 70%(Reading database ... 75%(Reading database ... 80%(Reading database ... 85%(Reading database ... 90%(Reading database ... 95%(Reading database ... 100%(Reading database ... 10107 files and directories currently installed.)
Preparing to unpack .../libnettle6_3.3-1+b1_amd64.deb ...
Unpacking libnettle6:amd64 (3.3-1+b1) ...
Setting up libnettle6:amd64 (3.3-1+b1) ...
Selecting previously unselected package libhogweed4:amd64.
(Reading database ... (Reading database ... 5%(Reading database ... 10%(Reading database ... 15%(Reading database ... 20%(Reading database ... 25%(Reading database ... 30%(Reading database ... 35%(Reading database ... 40%(Reading database ... 45%(Reading database ... 50%(Reading database ... 55%(Reading database ... 60%(Reading database ... 65%(Reading database ... 70%(Reading database ... 75%(Reading database ... 80%(Reading database ... 85%(Reading database ... 90%(Reading database ... 95%(Reading database ... 100%(Reading database ... 10114 files and directories currently installed.)
Preparing to unpack .../libhogweed4_3.3-1+b1_amd64.deb ...
Unpacking libhogweed4:amd64 (3.3-1+b1) ...
Setting up libhogweed4:amd64 (3.3-1+b1) ...
Selecting previously unselected package libunistring2:amd64.
(Reading database ... (Reading database ... 5%(Reading database ... 10%(Reading database ... 15%(Reading database ... 20%(Reading database ... 25%(Reading database ... 30%(Reading database ... 35%(Reading database ... 40%(Reading database ... 45%(Reading database ... 50%(Reading database ... 55%(Reading database ... 60%(Reading database ... 65%(Reading database ... 70%(Reading database ... 75%(Reading database ... 80%(Reading database ... 85%(Reading database ... 90%(Reading database ... 95%(Reading database ... 100%(Reading database ... 10117 files and directories currently installed.)
Preparing to unpack .../libunistring2_0.9.7-2_amd64.deb ...
Unpacking libunistring2:amd64 (0.9.7-2) ...
Setting up libunistring2:amd64 (0.9.7-2) ...
Selecting previously unselected package libidn2-0:amd64.
(Reading database ... (Reading database ... 5%(Reading database ... 10%(Reading database ... 15%(Reading database ... 20%(Reading database ... 25%(Reading database ... 30%(Reading database ... 35%(Reading database ... 40%(Reading database ... 45%(Reading database ... 50%(Reading database ... 55%(Reading database ... 60%(Reading database ... 65%(Reading database ... 70%(Reading database ... 75%(Reading database ... 80%(Reading database ... 85%(Reading database ... 90%(Reading database ... 95%(Reading database ... 100%(Reading database ... 10123 files and directories currently installed.)
Preparing to unpack .../libidn2-0_0.16-1+b1_amd64.deb ...
Unpacking libidn2-0:amd64 (0.16-1+b1) ...
Setting up libidn2-0:amd64 (0.16-1+b1) ...
Selecting previously unselected package libp11-kit0:amd64.
(Reading database ... (Reading database ... 5%(Reading database ... 10%(Reading database ... 15%(Reading database ... 20%(Reading database ... 25%(Reading database ... 30%(Reading database ... 35%(Reading database ... 40%(Reading database ... 45%(Reading database ... 50%(Reading database ... 55%(Reading database ... 60%(Reading database ... 65%(Reading database ... 70%(Reading database ... 75%(Reading database ... 80%(Reading database ... 85%(Reading database ... 90%(Reading database ... 95%(Reading database ... 100%(Reading database ... 10133 files and directories currently installed.)
Preparing to unpack .../libp11-kit0_0.23.7-2_amd64.deb ...
Unpacking libp11-kit0:amd64 (0.23.7-2) ...
Setting up libp11-kit0:amd64 (0.23.7-2) ...
Selecting previously unselected package libtasn1-6:amd64.
(Reading database ... (Reading database ... 5%(Reading database ... 10%(Reading database ... 15%(Reading database ... 20%(Reading database ... 25%(Reading database ... 30%(Reading database ... 35%(Reading database ... 40%(Reading database ... 45%(Reading database ... 50%(Reading database ... 55%(Reading database ... 60%(Reading database ... 65%(Reading database ... 70%(Reading database ... 75%(Reading database ... 80%(Reading database ... 85%(Reading database ... 90%(Reading database ... 95%(Reading database ... 100%(Reading database ... 10141 files and directories currently installed.)
Preparing to unpack .../libtasn1-6_4.12-2_amd64.deb ...
Unpacking libtasn1-6:amd64 (4.12-2) ...
Setting up libtasn1-6:amd64 (4.12-2) ...
Selecting previously unselected package libgnutls30:amd64.
(Reading database ... (Reading database ... 5%(Reading database ... 10%(Reading database ... 15%(Reading database ... 20%(Reading database ... 25%(Reading database ... 30%(Reading database ... 35%(Reading database ... 40%(Reading database ... 45%(Reading database ... 50%(Reading database ... 55%(Reading database ... 60%(Reading database ... 65%(Reading database ... 70%(Reading database ... 75%(Reading database ... 80%(Reading database ... 85%(Reading database ... 90%(Reading database ... 95%(Reading database ... 100%(Reading database ... 10150 files and directories currently installed.)
Preparing to unpack .../libgnutls30_3.5.13-2_amd64.deb ...
Unpacking libgnutls30:amd64 (3.5.13-2) ...
Setting up libgnutls30:amd64 (3.5.13-2) ...
(Reading database ... (Reading database ... 5%(Reading database ... 10%(Reading database ... 15%(Reading database ... 20%(Reading database ... 25%(Reading database ... 30%(Reading database ... 35%(Reading database ... 40%(Reading database ... 45%(Reading database ... 50%(Reading database ... 55%(Reading database ... 60%(Reading database ... 65%(Reading database ... 70%(Reading database ... 75%(Reading database ... 80%(Reading database ... 85%(Reading database ... 90%(Reading database ... 95%(Reading database ... 100%(Reading database ... 10177 files and directories currently installed.)
Preparing to unpack .../apt_1.5~beta1_amd64.deb ...
Unpacking apt (1.5~beta1) over (1.4.6) ...
Setting up apt (1.5~beta1) ...
(Reading database ... (Reading database ... 5%(Reading database ... 10%(Reading database ... 15%(Reading database ... 20%(Reading database ... 25%(Reading database ... 30%(Reading database ... 35%(Reading database ... 40%(Reading database ... 45%(Reading database ... 50%(Reading database ... 55%(Reading database ... 60%(Reading database ... 65%(Reading database ... 70%(Reading database ... 75%(Reading database ... 80%(Reading database ... 85%(Reading database ... 90%(Reading database ... 95%(Reading database ... 100%(Reading database ... 10176 files and directories currently installed.)
Preparing to unpack .../debconf_1.5.62_all.deb ...
Unpacking debconf (1.5.62) over (1.5.61) ...
Setting up debconf (1.5.62) ...
(Reading database ... (Reading database ... 5%(Reading database ... 10%(Reading database ... 15%(Reading database ... 20%(Reading database ... 25%(Reading database ... 30%(Reading database ... 35%(Reading database ... 40%(Reading database ... 45%(Reading database ... 50%(Reading database ... 55%(Reading database ... 60%(Reading database ... 65%(Reading database ... 70%(Reading database ... 75%(Reading database ... 80%(Reading database ... 85%(Reading database ... 90%(Reading database ... 95%(Reading database ... 100%(Reading database ... 10176 files and directories currently installed.)
Preparing to unpack .../libsystemd0_233-10_amd64.deb ...
Unpacking libsystemd0:amd64 (233-10) over (233-9) ...
Setting up libsystemd0:amd64 (233-10) ...
(Reading database ... (Reading database ... 5%(Reading database ... 10%(Reading database ... 15%(Reading database ... 20%(Reading database ... 25%(Reading database ... 30%(Reading database ... 35%(Reading database ... 40%(Reading database ... 45%(Reading database ... 50%(Reading database ... 55%(Reading database ... 60%(Reading database ... 65%(Reading database ... 70%(Reading database ... 75%(Reading database ... 80%(Reading database ... 85%(Reading database ... 90%(Reading database ... 95%(Reading database ... 100%(Reading database ... 10176 files and directories currently installed.)
Preparing to unpack .../libudev1_233-10_amd64.deb ...
Unpacking libudev1:amd64 (233-10) over (233-9) ...
Setting up libudev1:amd64 (233-10) ...
(Reading database ... (Reading database ... 5%(Reading database ... 10%(Reading database ... 15%(Reading database ... 20%(Reading database ... 25%(Reading database ... 30%(Reading database ... 35%(Reading database ... 40%(Reading database ... 45%(Reading database ... 50%(Reading database ... 55%(Reading database ... 60%(Reading database ... 65%(Reading database ... 70%(Reading database ... 75%(Reading database ... 80%(Reading database ... 85%(Reading database ... 90%(Reading database ... 95%(Reading database ... 100%(Reading database ... 10176 files and directories currently installed.)
Preparing to unpack .../libdebconfclient0_0.229_amd64.deb ...
Unpacking libdebconfclient0:amd64 (0.229) over (0.228) ...
Setting up libdebconfclient0:amd64 (0.229) ...
(Reading database ... (Reading database ... 5%(Reading database ... 10%(Reading database ... 15%(Reading database ... 20%(Reading database ... 25%(Reading database ... 30%(Reading database ... 35%(Reading database ... 40%(Reading database ... 45%(Reading database ... 50%(Reading database ... 55%(Reading database ... 60%(Reading database ... 65%(Reading database ... 70%(Reading database ... 75%(Reading database ... 80%(Reading database ... 85%(Reading database ... 90%(Reading database ... 95%(Reading database ... 100%(Reading database ... 10176 files and directories currently installed.)
Preparing to unpack .../cpp_4%3a6.3.0-4d1_amd64.deb ...
Unpacking cpp (4:6.3.0-4d1) over (4:6.3.0-4) ...
Preparing to unpack .../gcc_4%3a6.3.0-4d1_amd64.deb ...
Removing old gcc doc directory.
Unpacking gcc (4:6.3.0-4d1) over (4:6.3.0-4) ...
Preparing to unpack .../g++_4%3a6.3.0-4d1_amd64.deb ...
Unpacking g++ (4:6.3.0-4d1) over (4:6.3.0-4) ...
Setting up cpp (4:6.3.0-4d1) ...
Setting up perl-modules-5.24 (5.24.1-6) ...
Setting up libperl5.24:amd64 (5.24.1-6) ...
Setting up gcc (4:6.3.0-4d1) ...
Setting up perl (5.24.1-6) ...
Processing triggers for libc-bin (2.24-12) ...
Setting up g++ (4:6.3.0-4d1) ...

+------------------------------------------------------------------------------+
| Fetch source files                                                           |
+------------------------------------------------------------------------------+


Check APT
---------

Checking available source versions...

Download source files with APT
------------------------------

Reading package lists...
NOTICE: 'blitz++' packaging is maintained in the 'Git' version control system at:
https://anonscm.debian.org/git/debian-science/packages/blitz++.git
Please use:
git clone https://anonscm.debian.org/git/debian-science/packages/blitz++.git
to retrieve the latest (possibly unreleased) updates to the package.
Need to get 601 kB of source archives.
Get:1 http://127.0.0.1:9999/debian unstable/main blitz++ 1:0.10+ds-2 (dsc) [3045 B]
Get:2 http://127.0.0.1:9999/debian unstable/main blitz++ 1:0.10+ds-2 (tar) [585 kB]
Get:3 http://127.0.0.1:9999/debian unstable/main blitz++ 1:0.10+ds-2 (diff) [13.1 kB]
Fetched 601 kB in 0s (2669 kB/s)
Download complete and in download only mode
I: NOTICE: Log filtering will replace 'build/blitz++-81G2Pq/blitz++-0.10+ds' with '<<PKGBUILDDIR>>'
I: NOTICE: Log filtering will replace 'build/blitz++-81G2Pq' with '<<BUILDDIR>>'

+------------------------------------------------------------------------------+
| Install build-essential                                                      |
+------------------------------------------------------------------------------+


Setup apt archive
-----------------

Merged Build-Depends: build-essential, fakeroot
Filtered Build-Depends: build-essential, fakeroot
dpkg-deb: building package 'sbuild-build-depends-core-dummy' in '/build/blitz++-81G2Pq/resolver-GylCAN/apt_archive/sbuild-build-depends-core-dummy.deb'.
dpkg-scanpackages: warning: Packages in archive but missing from override file:
dpkg-scanpackages: warning:   sbuild-build-depends-core-dummy
dpkg-scanpackages: info: Wrote 1 entries to output Packages file.
Ign:1 copy:/build/blitz++-81G2Pq/resolver-GylCAN/apt_archive ./ InRelease
Get:2 copy:/build/blitz++-81G2Pq/resolver-GylCAN/apt_archive ./ Release [957 B]
Ign:3 copy:/build/blitz++-81G2Pq/resolver-GylCAN/apt_archive ./ Release.gpg
Get:4 copy:/build/blitz++-81G2Pq/resolver-GylCAN/apt_archive ./ Sources [349 B]
Get:5 copy:/build/blitz++-81G2Pq/resolver-GylCAN/apt_archive ./ Packages [432 B]
Fetched 1738 B in 0s (0 B/s)
Reading package lists...
Reading package lists...

Install core build dependencies (apt-based resolver)
----------------------------------------------------

Installing build dependencies
Reading package lists...
Building dependency tree...
Reading state information...
The following NEW packages will be installed:
  sbuild-build-depends-core-dummy
0 upgraded, 1 newly installed, 0 to remove and 0 not upgraded.
Need to get 778 B of archives.
After this operation, 0 B of additional disk space will be used.
Get:1 copy:/build/blitz++-81G2Pq/resolver-GylCAN/apt_archive ./ sbuild-build-depends-core-dummy 0.invalid.0 [778 B]
debconf: delaying package configuration, since apt-utils is not installed
Fetched 778 B in 0s (0 B/s)
Selecting previously unselected package sbuild-build-depends-core-dummy.
(Reading database ... 10178 files and directories currently installed.)
Preparing to unpack .../sbuild-build-depends-core-dummy_0.invalid.0_amd64.deb ...
Unpacking sbuild-build-depends-core-dummy (0.invalid.0) ...
Setting up sbuild-build-depends-core-dummy (0.invalid.0) ...

+------------------------------------------------------------------------------+
| Check architectures                                                          |
+------------------------------------------------------------------------------+

Arch check ok (amd64 included in any all)

+------------------------------------------------------------------------------+
| Install package build dependencies                                           |
+------------------------------------------------------------------------------+


Setup apt archive
-----------------

Merged Build-Depends: debhelper (>= 9), dh-autoreconf, autoconf-archive, automake, libtool, python, gfortran | fortran-compiler, cfortran, libblas-dev | libatlas-base-dev, liblapack-dev | libatlas-base-dev
Filtered Build-Depends: debhelper (>= 9), dh-autoreconf, autoconf-archive, automake, libtool, python, gfortran, cfortran, libblas-dev, liblapack-dev
dpkg-deb: building package 'sbuild-build-depends-blitz++-dummy' in '/build/blitz++-81G2Pq/resolver-GylCAN/apt_archive/sbuild-build-depends-blitz++-dummy.deb'.
dpkg-scanpackages: warning: Packages in archive but missing from override file:
dpkg-scanpackages: warning:   sbuild-build-depends-blitz++-dummy sbuild-build-depends-core-dummy
dpkg-scanpackages: info: Wrote 2 entries to output Packages file.
Ign:1 copy:/build/blitz++-81G2Pq/resolver-GylCAN/apt_archive ./ InRelease
Get:2 copy:/build/blitz++-81G2Pq/resolver-GylCAN/apt_archive ./ Release [963 B]
Ign:3 copy:/build/blitz++-81G2Pq/resolver-GylCAN/apt_archive ./ Release.gpg
Get:4 copy:/build/blitz++-81G2Pq/resolver-GylCAN/apt_archive ./ Sources [573 B]
Get:5 copy:/build/blitz++-81G2Pq/resolver-GylCAN/apt_archive ./ Packages [625 B]
Fetched 2161 B in 0s (0 B/s)
Reading package lists...
Reading package lists...

Install blitz++ build dependencies (apt-based resolver)
-------------------------------------------------------

Installing build dependencies
Reading package lists...
Building dependency tree...
Reading state information...
The following additional packages will be installed:
  autoconf autoconf-archive automake autopoint autotools-dev bsdmainutils
  cfortran debhelper dh-autoreconf dh-strip-nondeterminism file gettext
  gettext-base gfortran gfortran-6 groff-base intltool-debian
  libarchive-zip-perl libblas-common libblas-dev libblas3 libcroco3 libexpat1
  libfile-stripnondeterminism-perl libgfortran-6-dev libgfortran3 libglib2.0-0
  libicu57 liblapack-dev liblapack3 libmagic-mgc libmagic1 libpipeline1
  libpython-stdlib libpython2.7-minimal libpython2.7-stdlib libreadline7
  libsigsegv2 libsqlite3-0 libssl1.1 libtimedate-perl libtool libxml2 m4
  man-db mime-support po-debconf python python-minimal python2.7
  python2.7-minimal readline-common
Suggested packages:
  gnu-standards autoconf-doc wamerican | wordlist whois vacation dh-make
  gettext-doc libasprintf-dev libgettextpo-dev gfortran-multilib gfortran-doc
  gfortran-6-multilib gfortran-6-doc libgfortran3-dbg libcoarrays-dev groff
  liblapack-doc libtool-doc gcj-jdk m4-doc less www-browser libmail-box-perl
  python-doc python-tk python2.7-doc binfmt-support readline-doc
Recommended packages:
  curl | wget | lynx-cur libarchive-cpio-perl libglib2.0-data shared-mime-info
  xdg-user-dirs libltdl-dev xml-core libmail-sendmail-perl
The following NEW packages will be installed:
  autoconf autoconf-archive automake autopoint autotools-dev bsdmainutils
  cfortran debhelper dh-autoreconf dh-strip-nondeterminism file gettext
  gettext-base gfortran gfortran-6 groff-base intltool-debian
  libarchive-zip-perl libblas-common libblas-dev libblas3 libcroco3 libexpat1
  libfile-stripnondeterminism-perl libgfortran-6-dev libgfortran3 libglib2.0-0
  libicu57 liblapack-dev liblapack3 libmagic-mgc libmagic1 libpipeline1
  libpython-stdlib libpython2.7-minimal libpython2.7-stdlib libreadline7
  libsigsegv2 libsqlite3-0 libssl1.1 libtimedate-perl libtool libxml2 m4
  man-db mime-support po-debconf python python-minimal python2.7
  python2.7-minimal readline-common sbuild-build-depends-blitz++-dummy
0 upgraded, 53 newly installed, 0 to remove and 0 not upgraded.
Need to get 38.7 MB of archives.
After this operation, 144 MB of additional disk space will be used.
Get:1 copy:/build/blitz++-81G2Pq/resolver-GylCAN/apt_archive ./ sbuild-build-depends-blitz++-dummy 0.invalid.0 [844 B]
Get:2 http://127.0.0.1:9999/debian unstable/main amd64 groff-base amd64 1.22.3-9 [1160 kB]
Get:3 http://127.0.0.1:9999/debian unstable/main amd64 bsdmainutils amd64 9.0.12+nmu1 [186 kB]
Get:4 http://127.0.0.1:9999/debian unstable/main amd64 libpipeline1 amd64 1.4.1-2 [27.6 kB]
Get:5 http://127.0.0.1:9999/debian unstable/main amd64 man-db amd64 2.7.6.1-2 [1044 kB]
Get:6 http://127.0.0.1:9999/debian unstable/main amd64 libpython2.7-minimal amd64 2.7.13-2 [389 kB]
Get:7 http://127.0.0.1:9999/debian unstable/main amd64 python2.7-minimal amd64 2.7.13-2 [1383 kB]
Get:8 http://127.0.0.1:9999/debian unstable/main amd64 python-minimal amd64 2.7.13-2 [40.5 kB]
Get:9 http://127.0.0.1:9999/debian unstable/main amd64 mime-support all 3.60 [36.7 kB]
Get:10 http://127.0.0.1:9999/debian unstable/main amd64 libexpat1 amd64 2.2.1-3 [85.6 kB]
Get:11 http://127.0.0.1:9999/debian unstable/main amd64 readline-common all 7.0-3 [70.4 kB]
Get:12 http://127.0.0.1:9999/debian unstable/main amd64 libreadline7 amd64 7.0-3 [151 kB]
Get:13 http://127.0.0.1:9999/debian unstable/main amd64 libsqlite3-0 amd64 3.16.2-5 [572 kB]
Get:14 http://127.0.0.1:9999/debian unstable/main amd64 libssl1.1 amd64 1.1.0f-3 [1342 kB]
Get:15 http://127.0.0.1:9999/debian unstable/main amd64 libpython2.7-stdlib amd64 2.7.13-2 [1895 kB]
Get:16 http://127.0.0.1:9999/debian unstable/main amd64 python2.7 amd64 2.7.13-2 [285 kB]
Get:17 http://127.0.0.1:9999/debian unstable/main amd64 libpython-stdlib amd64 2.7.13-2 [20.0 kB]
Get:18 http://127.0.0.1:9999/debian unstable/main amd64 python amd64 2.7.13-2 [154 kB]
Get:19 http://127.0.0.1:9999/debian unstable/main amd64 autoconf-archive all 20160916-1 [716 kB]
Get:20 http://127.0.0.1:9999/debian unstable/main amd64 libmagic-mgc amd64 1:5.30-1 [222 kB]
Get:21 http://127.0.0.1:9999/debian unstable/main amd64 libmagic1 amd64 1:5.30-1 [111 kB]
Get:22 http://127.0.0.1:9999/debian unstable/main amd64 file amd64 1:5.30-1 [63.9 kB]
Get:23 http://127.0.0.1:9999/debian unstable/main amd64 gettext-base amd64 0.19.8.1-2+b1 [122 kB]
Get:24 http://127.0.0.1:9999/debian unstable/main amd64 libicu57 amd64 57.1-6 [7701 kB]
Get:25 http://127.0.0.1:9999/debian unstable/main amd64 libxml2 amd64 2.9.4+dfsg1-3 [715 kB]
Get:26 http://127.0.0.1:9999/debian unstable/main amd64 libsigsegv2 amd64 2.11-1 [29.9 kB]
Get:27 http://127.0.0.1:9999/debian unstable/main amd64 m4 amd64 1.4.18-1 [202 kB]
Get:28 http://127.0.0.1:9999/debian unstable/main amd64 autoconf all 2.69-10 [338 kB]
Get:29 http://127.0.0.1:9999/debian unstable/main amd64 autotools-dev all 20161112.1 [73.4 kB]
Get:30 http://127.0.0.1:9999/debian unstable/main amd64 automake all 1:1.15.1-2 [736 kB]
Get:31 http://127.0.0.1:9999/debian unstable/main amd64 autopoint all 0.19.8.1-2 [433 kB]
Get:32 http://127.0.0.1:9999/debian unstable/main amd64 cfortran all 4.4-14 [132 kB]
Get:33 http://127.0.0.1:9999/debian unstable/main amd64 libtool all 2.4.6-2 [545 kB]
Get:34 http://127.0.0.1:9999/debian unstable/main amd64 dh-autoreconf all 14 [15.9 kB]
Get:35 http://127.0.0.1:9999/debian unstable/main amd64 libarchive-zip-perl all 1.59-1 [95.5 kB]
Get:36 http://127.0.0.1:9999/debian unstable/main amd64 libfile-stripnondeterminism-perl all 0.035-2 [17.0 kB]
Get:37 http://127.0.0.1:9999/debian unstable/main amd64 libtimedate-perl all 2.3000-2 [42.2 kB]
Get:38 http://127.0.0.1:9999/debian unstable/main amd64 dh-strip-nondeterminism all 0.035-2 [10.7 kB]
Get:39 http://127.0.0.1:9999/debian unstable/main amd64 libglib2.0-0 amd64 2.52.3-1 [2742 kB]
Get:40 http://127.0.0.1:9999/debian unstable/main amd64 libcroco3 amd64 0.6.12-1 [144 kB]
Get:41 http://127.0.0.1:9999/debian unstable/main amd64 gettext amd64 0.19.8.1-2+b1 [1301 kB]
Get:42 http://127.0.0.1:9999/debian unstable/main amd64 intltool-debian all 0.35.0+20060710.4 [26.3 kB]
Get:43 http://127.0.0.1:9999/debian unstable/main amd64 po-debconf all 1.0.20 [247 kB]
Get:44 http://127.0.0.1:9999/debian unstable/main amd64 debhelper all 10.6.2 [968 kB]
Get:45 http://127.0.0.1:9999/debian unstable/main amd64 libgfortran3 amd64 6.4.0-1 [265 kB]
Get:46 http://127.0.0.1:9999/debian unstable/main amd64 libgfortran-6-dev amd64 6.4.0-1 [299 kB]
Get:47 http://127.0.0.1:9999/debian unstable/main amd64 gfortran-6 amd64 6.4.0-1 [6911 kB]
Get:48 http://127.0.0.1:9999/debian unstable/main amd64 gfortran amd64 4:6.3.0-4d1 [1362 B]
Get:49 http://127.0.0.1:9999/debian unstable/main amd64 libblas-common amd64 3.7.1-1 [14.6 kB]
Get:50 http://127.0.0.1:9999/debian unstable/main amd64 libblas3 amd64 3.7.1-1 [156 kB]
Get:51 http://127.0.0.1:9999/debian unstable/main amd64 libblas-dev amd64 3.7.1-1 [162 kB]
Get:52 http://127.0.0.1:9999/debian unstable/main amd64 liblapack3 amd64 3.7.1-1 [2141 kB]
Get:53 http://127.0.0.1:9999/debian unstable/main amd64 liblapack-dev amd64 3.7.1-1 [2173 kB]
debconf: delaying package configuration, since apt-utils is not installed
Fetched 38.7 MB in 0s (95.9 MB/s)
Selecting previously unselected package groff-base.
(Reading database ... 10178 files and directories currently installed.)
Preparing to unpack .../00-groff-base_1.22.3-9_amd64.deb ...
Unpacking groff-base (1.22.3-9) ...
Selecting previously unselected package bsdmainutils.
Preparing to unpack .../01-bsdmainutils_9.0.12+nmu1_amd64.deb ...
Unpacking bsdmainutils (9.0.12+nmu1) ...
Selecting previously unselected package libpipeline1:amd64.
Preparing to unpack .../02-libpipeline1_1.4.1-2_amd64.deb ...
Unpacking libpipeline1:amd64 (1.4.1-2) ...
Selecting previously unselected package man-db.
Preparing to unpack .../03-man-db_2.7.6.1-2_amd64.deb ...
Unpacking man-db (2.7.6.1-2) ...
Selecting previously unselected package libpython2.7-minimal:amd64.
Preparing to unpack .../04-libpython2.7-minimal_2.7.13-2_amd64.deb ...
Unpacking libpython2.7-minimal:amd64 (2.7.13-2) ...
Selecting previously unselected package python2.7-minimal.
Preparing to unpack .../05-python2.7-minimal_2.7.13-2_amd64.deb ...
Unpacking python2.7-minimal (2.7.13-2) ...
Selecting previously unselected package python-minimal.
Preparing to unpack .../06-python-minimal_2.7.13-2_amd64.deb ...
Unpacking python-minimal (2.7.13-2) ...
Selecting previously unselected package mime-support.
Preparing to unpack .../07-mime-support_3.60_all.deb ...
Unpacking mime-support (3.60) ...
Selecting previously unselected package libexpat1:amd64.
Preparing to unpack .../08-libexpat1_2.2.1-3_amd64.deb ...
Unpacking libexpat1:amd64 (2.2.1-3) ...
Selecting previously unselected package readline-common.
Preparing to unpack .../09-readline-common_7.0-3_all.deb ...
Unpacking readline-common (7.0-3) ...
Selecting previously unselected package libreadline7:amd64.
Preparing to unpack .../10-libreadline7_7.0-3_amd64.deb ...
Unpacking libreadline7:amd64 (7.0-3) ...
Selecting previously unselected package libsqlite3-0:amd64.
Preparing to unpack .../11-libsqlite3-0_3.16.2-5_amd64.deb ...
Unpacking libsqlite3-0:amd64 (3.16.2-5) ...
Selecting previously unselected package libssl1.1:amd64.
Preparing to unpack .../12-libssl1.1_1.1.0f-3_amd64.deb ...
Unpacking libssl1.1:amd64 (1.1.0f-3) ...
Selecting previously unselected package libpython2.7-stdlib:amd64.
Preparing to unpack .../13-libpython2.7-stdlib_2.7.13-2_amd64.deb ...
Unpacking libpython2.7-stdlib:amd64 (2.7.13-2) ...
Selecting previously unselected package python2.7.
Preparing to unpack .../14-python2.7_2.7.13-2_amd64.deb ...
Unpacking python2.7 (2.7.13-2) ...
Selecting previously unselected package libpython-stdlib:amd64.
Preparing to unpack .../15-libpython-stdlib_2.7.13-2_amd64.deb ...
Unpacking libpython-stdlib:amd64 (2.7.13-2) ...
Setting up libpython2.7-minimal:amd64 (2.7.13-2) ...
Setting up python2.7-minimal (2.7.13-2) ...
Setting up python-minimal (2.7.13-2) ...
Selecting previously unselected package python.
(Reading database ... 11558 files and directories currently installed.)
Preparing to unpack .../00-python_2.7.13-2_amd64.deb ...
Unpacking python (2.7.13-2) ...
Selecting previously unselected package autoconf-archive.
Preparing to unpack .../01-autoconf-archive_20160916-1_all.deb ...
Unpacking autoconf-archive (20160916-1) ...
Selecting previously unselected package libmagic-mgc.
Preparing to unpack .../02-libmagic-mgc_1%3a5.30-1_amd64.deb ...
Unpacking libmagic-mgc (1:5.30-1) ...
Selecting previously unselected package libmagic1:amd64.
Preparing to unpack .../03-libmagic1_1%3a5.30-1_amd64.deb ...
Unpacking libmagic1:amd64 (1:5.30-1) ...
Selecting previously unselected package file.
Preparing to unpack .../04-file_1%3a5.30-1_amd64.deb ...
Unpacking file (1:5.30-1) ...
Selecting previously unselected package gettext-base.
Preparing to unpack .../05-gettext-base_0.19.8.1-2+b1_amd64.deb ...
Unpacking gettext-base (0.19.8.1-2+b1) ...
Selecting previously unselected package libicu57:amd64.
Preparing to unpack .../06-libicu57_57.1-6_amd64.deb ...
Unpacking libicu57:amd64 (57.1-6) ...
Selecting previously unselected package libxml2:amd64.
Preparing to unpack .../07-libxml2_2.9.4+dfsg1-3_amd64.deb ...
Unpacking libxml2:amd64 (2.9.4+dfsg1-3) ...
Selecting previously unselected package libsigsegv2:amd64.
Preparing to unpack .../08-libsigsegv2_2.11-1_amd64.deb ...
Unpacking libsigsegv2:amd64 (2.11-1) ...
Selecting previously unselected package m4.
Preparing to unpack .../09-m4_1.4.18-1_amd64.deb ...
Unpacking m4 (1.4.18-1) ...
Selecting previously unselected package autoconf.
Preparing to unpack .../10-autoconf_2.69-10_all.deb ...
Unpacking autoconf (2.69-10) ...
Selecting previously unselected package autotools-dev.
Preparing to unpack .../11-autotools-dev_20161112.1_all.deb ...
Unpacking autotools-dev (20161112.1) ...
Selecting previously unselected package automake.
Preparing to unpack .../12-automake_1%3a1.15.1-2_all.deb ...
Unpacking automake (1:1.15.1-2) ...
Selecting previously unselected package autopoint.
Preparing to unpack .../13-autopoint_0.19.8.1-2_all.deb ...
Unpacking autopoint (0.19.8.1-2) ...
Selecting previously unselected package cfortran.
Preparing to unpack .../14-cfortran_4.4-14_all.deb ...
Unpacking cfortran (4.4-14) ...
Selecting previously unselected package libtool.
Preparing to unpack .../15-libtool_2.4.6-2_all.deb ...
Unpacking libtool (2.4.6-2) ...
Selecting previously unselected package dh-autoreconf.
Preparing to unpack .../16-dh-autoreconf_14_all.deb ...
Unpacking dh-autoreconf (14) ...
Selecting previously unselected package libarchive-zip-perl.
Preparing to unpack .../17-libarchive-zip-perl_1.59-1_all.deb ...
Unpacking libarchive-zip-perl (1.59-1) ...
Selecting previously unselected package libfile-stripnondeterminism-perl.
Preparing to unpack .../18-libfile-stripnondeterminism-perl_0.035-2_all.deb ...
Unpacking libfile-stripnondeterminism-perl (0.035-2) ...
Selecting previously unselected package libtimedate-perl.
Preparing to unpack .../19-libtimedate-perl_2.3000-2_all.deb ...
Unpacking libtimedate-perl (2.3000-2) ...
Selecting previously unselected package dh-strip-nondeterminism.
Preparing to unpack .../20-dh-strip-nondeterminism_0.035-2_all.deb ...
Unpacking dh-strip-nondeterminism (0.035-2) ...
Selecting previously unselected package libglib2.0-0:amd64.
Preparing to unpack .../21-libglib2.0-0_2.52.3-1_amd64.deb ...
Unpacking libglib2.0-0:amd64 (2.52.3-1) ...
Selecting previously unselected package libcroco3:amd64.
Preparing to unpack .../22-libcroco3_0.6.12-1_amd64.deb ...
Unpacking libcroco3:amd64 (0.6.12-1) ...
Selecting previously unselected package gettext.
Preparing to unpack .../23-gettext_0.19.8.1-2+b1_amd64.deb ...
Unpacking gettext (0.19.8.1-2+b1) ...
Selecting previously unselected package intltool-debian.
Preparing to unpack .../24-intltool-debian_0.35.0+20060710.4_all.deb ...
Unpacking intltool-debian (0.35.0+20060710.4) ...
Selecting previously unselected package po-debconf.
Preparing to unpack .../25-po-debconf_1.0.20_all.deb ...
Unpacking po-debconf (1.0.20) ...
Selecting previously unselected package debhelper.
Preparing to unpack .../26-debhelper_10.6.2_all.deb ...
Unpacking debhelper (10.6.2) ...
Selecting previously unselected package libgfortran3:amd64.
Preparing to unpack .../27-libgfortran3_6.4.0-1_amd64.deb ...
Unpacking libgfortran3:amd64 (6.4.0-1) ...
Selecting previously unselected package libgfortran-6-dev:amd64.
Preparing to unpack .../28-libgfortran-6-dev_6.4.0-1_amd64.deb ...
Unpacking libgfortran-6-dev:amd64 (6.4.0-1) ...
Selecting previously unselected package gfortran-6.
Preparing to unpack .../29-gfortran-6_6.4.0-1_amd64.deb ...
Unpacking gfortran-6 (6.4.0-1) ...
Selecting previously unselected package gfortran.
Preparing to unpack .../30-gfortran_4%3a6.3.0-4d1_amd64.deb ...
Unpacking gfortran (4:6.3.0-4d1) ...
Selecting previously unselected package libblas-common.
Preparing to unpack .../31-libblas-common_3.7.1-1_amd64.deb ...
Unpacking libblas-common (3.7.1-1) ...
Selecting previously unselected package libblas3.
Preparing to unpack .../32-libblas3_3.7.1-1_amd64.deb ...
Unpacking libblas3 (3.7.1-1) ...
Selecting previously unselected package libblas-dev.
Preparing to unpack .../33-libblas-dev_3.7.1-1_amd64.deb ...
Unpacking libblas-dev (3.7.1-1) ...
Selecting previously unselected package liblapack3.
Preparing to unpack .../34-liblapack3_3.7.1-1_amd64.deb ...
Unpacking liblapack3 (3.7.1-1) ...
Selecting previously unselected package liblapack-dev.
Preparing to unpack .../35-liblapack-dev_3.7.1-1_amd64.deb ...
Unpacking liblapack-dev (3.7.1-1) ...
Selecting previously unselected package sbuild-build-depends-blitz++-dummy.
Preparing to unpack .../36-sbuild-build-depends-blitz++-dummy_0.invalid.0_amd64.deb ...
Unpacking sbuild-build-depends-blitz++-dummy (0.invalid.0) ...
Setting up readline-common (7.0-3) ...
Setting up libexpat1:amd64 (2.2.1-3) ...
Setting up libarchive-zip-perl (1.59-1) ...
Setting up mime-support (3.60) ...
Setting up libtimedate-perl (2.3000-2) ...
Setting up libsigsegv2:amd64 (2.11-1) ...
Setting up libreadline7:amd64 (7.0-3) ...
Setting up libblas-common (3.7.1-1) ...
Setting up libgfortran3:amd64 (6.4.0-1) ...
Setting up groff-base (1.22.3-9) ...
Setting up libglib2.0-0:amd64 (2.52.3-1) ...
No schema files found: doing nothing.
Setting up libgfortran-6-dev:amd64 (6.4.0-1) ...
Setting up gettext-base (0.19.8.1-2+b1) ...
Setting up libpipeline1:amd64 (1.4.1-2) ...
Setting up m4 (1.4.18-1) ...
Setting up libicu57:amd64 (57.1-6) ...
Setting up libxml2:amd64 (2.9.4+dfsg1-3) ...
Setting up libmagic-mgc (1:5.30-1) ...
Setting up libmagic1:amd64 (1:5.30-1) ...
Setting up libcroco3:amd64 (0.6.12-1) ...
Setting up autoconf-archive (20160916-1) ...
Setting up libblas3 (3.7.1-1) ...
update-alternatives: using /usr/lib/libblas/libblas.so.3 to provide /usr/lib/libblas.so.3 (libblas.so.3) in auto mode
Processing triggers for libc-bin (2.24-12) ...
Setting up autotools-dev (20161112.1) ...
Setting up libssl1.1:amd64 (1.1.0f-3) ...
Setting up libsqlite3-0:amd64 (3.16.2-5) ...
Setting up cfortran (4.4-14) ...
Setting up bsdmainutils (9.0.12+nmu1) ...
update-alternatives: using /usr/bin/bsd-write to provide /usr/bin/write (write) in auto mode
update-alternatives: using /usr/bin/bsd-from to provide /usr/bin/from (from) in auto mode
Setting up libpython2.7-stdlib:amd64 (2.7.13-2) ...
Setting up autopoint (0.19.8.1-2) ...
Setting up libfile-stripnondeterminism-perl (0.035-2) ...
Setting up gfortran-6 (6.4.0-1) ...
Setting up gettext (0.19.8.1-2+b1) ...
Setting up liblapack3 (3.7.1-1) ...
update-alternatives: using /usr/lib/lapack/liblapack.so.3 to provide /usr/lib/liblapack.so.3 (liblapack.so.3) in auto mode
Setting up python2.7 (2.7.13-2) ...
Setting up autoconf (2.69-10) ...
Setting up file (1:5.30-1) ...
Setting up libpython-stdlib:amd64 (2.7.13-2) ...
Setting up intltool-debian (0.35.0+20060710.4) ...
Setting up automake (1:1.15.1-2) ...
update-alternatives: using /usr/bin/automake-1.15 to provide /usr/bin/automake (automake) in auto mode
Setting up man-db (2.7.6.1-2) ...
Not building database; man-db/auto-update is not 'true'.
Setting up python (2.7.13-2) ...
Setting up libtool (2.4.6-2) ...
Setting up gfortran (4:6.3.0-4d1) ...
update-alternatives: using /usr/bin/gfortran to provide /usr/bin/f95 (f95) in auto mode
update-alternatives: using /usr/bin/gfortran to provide /usr/bin/f77 (f77) in auto mode
Setting up po-debconf (1.0.20) ...
Setting up libblas-dev (3.7.1-1) ...
update-alternatives: using /usr/lib/libblas/libblas.so to provide /usr/lib/libblas.so (libblas.so) in auto mode
Setting up liblapack-dev (3.7.1-1) ...
update-alternatives: using /usr/lib/lapack/liblapack.so to provide /usr/lib/liblapack.so (liblapack.so) in auto mode
Setting up dh-strip-nondeterminism (0.035-2) ...
Setting up debhelper (10.6.2) ...
Setting up dh-autoreconf (14) ...
Setting up sbuild-build-depends-blitz++-dummy (0.invalid.0) ...
Processing triggers for libc-bin (2.24-12) ...

+------------------------------------------------------------------------------+
| Build environment                                                            |
+------------------------------------------------------------------------------+

Kernel: Linux 4.9.0-2-amd64 amd64 (x86_64)
Toolchain package versions: binutils_2.28-6 dpkg-dev_1.18.24 g++-6_6.4.0-1 gcc-6_6.4.0-1 libc6-dev_2.24-12 libstdc++-6-dev_6.4.0-1 libstdc++6_7.1.0-9 linux-libc-dev_4.11.6-1
Package versions: adduser_3.115 apt_1.5~beta1 autoconf_2.69-10 autoconf-archive_20160916-1 automake_1:1.15.1-2 autopoint_0.19.8.1-2 autotools-dev_20161112.1 base-files_10 base-passwd_3.5.43 bash_4.4-5 binutils_2.28-6 bsdmainutils_9.0.12+nmu1 bsdutils_1:2.29.2-1 build-essential_12.3 bzip2_1.0.6-8.1 cfortran_4.4-14 clang-3.9_1:3.9.1-10 coreutils_8.26-3 cpp_4:6.3.0-4d1 cpp-6_6.4.0-1 dash_0.5.8-2.4 debconf_1.5.62 debfoster_2.7-2.1+b1 debhelper_10.6.2 debian-archive-keyring_2017.5 debianutils_4.8.1.1 dh-autoreconf_14 dh-strip-nondeterminism_0.035-2 diffutils_1:3.5-3 dpkg_1.18.24 dpkg-dev_1.18.24 e2fslibs_1.43.4-2 e2fsprogs_1.43.4-2 eatmydata_105-5 fakeroot_1.21-3.1 file_1:5.30-1 findutils_4.6.0+git+20170606-2 g++_4:6.3.0-4d1 g++-6_6.4.0-1 gcc_4:6.3.0-4d1 gcc-6_6.4.0-1 gcc-6-base_6.4.0-1 gcc-7-base_7.1.0-9 gettext_0.19.8.1-2+b1 gettext-base_0.19.8.1-2+b1 gfortran_4:6.3.0-4d1 gfortran-6_6.4.0-1 gpgv_2.1.18-8 grep_2.27-2 groff-base_1.22.3-9 gzip_1.6-5+b1 hostname_3.18+b1 init-system-helpers_1.48 intltool-debian_0.35.0+20060710.4 libacl1_2.2.52-3+b1 libapt-pkg5.0_1.5~beta1 libarchive-zip-perl_1.59-1 libasan3_6.4.0-1 libatomic1_7.1.0-9 libattr1_1:2.4.47-2+b2 libaudit-common_1:2.7.7-1 libaudit1_1:2.7.7-1+b1 libblas-common_3.7.1-1 libblas-dev_3.7.1-1 libblas3_3.7.1-1 libblkid1_2.29.2-1 libbsd0_0.8.5-1 libbz2-1.0_1.0.6-8.1 libc-bin_2.24-12 libc-dev-bin_2.24-12 libc6_2.24-12 libc6-dev_2.24-12 libcap-ng0_0.7.7-3+b1 libcc1-0_7.1.0-9 libcilkrts5_7.1.0-9 libclang-common-3.9-dev_1:3.9.1-10 libclang1-3.9_1:3.9.1-10 libcomerr2_1.43.4-2 libcroco3_0.6.12-1 libdb5.3_5.3.28-12+b1 libdebconfclient0_0.229 libdpkg-perl_1.18.24 libeatmydata1_105-5 libedit2_3.1-20170329-1 libexpat1_2.2.1-3 libfakeroot_1.21-3.1 libfdisk1_2.29.2-1 libffi6_3.2.1-6 libfile-stripnondeterminism-perl_0.035-2 libgc1c2_1:7.4.2-8 libgcc-6-dev_6.4.0-1 libgcc1_1:7.1.0-9 libgcrypt20_1.7.8-1 libgdbm3_1.8.3-14 libgfortran-6-dev_6.4.0-1 libgfortran3_6.4.0-1 libglib2.0-0_2.52.3-1 libgmp10_2:6.1.2+dfsg-1 libgnutls30_3.5.13-2 libgomp1_7.1.0-9 libgpg-error0_1.27-3 libhogweed4_3.3-1+b1 libicu57_57.1-6 libidn2-0_0.16-1+b1 libisl15_0.18-1 libitm1_7.1.0-9 libjsoncpp1_1.7.4-3 liblapack-dev_3.7.1-1 liblapack3_3.7.1-1 libllvm3.9_1:3.9.1-10 liblsan0_7.1.0-9 liblz4-1_0.0~r131-2+b1 liblzma5_5.2.2-1.2+b1 libmagic-mgc_1:5.30-1 libmagic1_1:5.30-1 libmount1_2.29.2-1 libmpc3_1.0.3-1+b2 libmpfr4_3.1.5-1 libmpx2_7.1.0-9 libncurses5_6.0+20161126-1 libncursesw5_6.0+20161126-1 libnettle6_3.3-1+b1 libobjc-6-dev_6.4.0-1 libobjc4_7.1.0-9 libp11-kit0_0.23.7-2 libpam-modules_1.1.8-3.6 libpam-modules-bin_1.1.8-3.6 libpam-runtime_1.1.8-3.6 libpam0g_1.1.8-3.6 libpcre3_2:8.39-3 libperl5.24_5.24.1-6 libpipeline1_1.4.1-2 libpython-stdlib_2.7.13-2 libpython2.7-minimal_2.7.13-2 libpython2.7-stdlib_2.7.13-2 libquadmath0_7.1.0-9 libreadline7_7.0-3 libselinux1_2.6-3+b2 libsemanage-common_2.6-2 libsemanage1_2.6-2+b1 libsepol1_2.6-2 libsigsegv2_2.11-1 libsmartcols1_2.29.2-1 libsqlite3-0_3.16.2-5 libss2_1.43.4-2 libssl1.1_1.1.0f-3 libstdc++-6-dev_6.4.0-1 libstdc++6_7.1.0-9 libsystemd0_233-10 libtasn1-6_4.12-2 libtimedate-perl_2.3000-2 libtinfo5_6.0+20161126-1 libtool_2.4.6-2 libtsan0_7.1.0-9 libubsan0_7.1.0-9 libudev1_233-10 libunistring2_0.9.7-2 libustr-1.0-1_1.0.4-6 libuuid1_2.29.2-1 libxml2_2.9.4+dfsg1-3 linux-libc-dev_4.11.6-1 login_1:4.4-4.1 m4_1.4.18-1 make_4.1-9.1 man-db_2.7.6.1-2 mawk_1.3.3-17+b3 mime-support_3.60 mount_2.29.2-1 multiarch-support_2.24-12 ncurses-base_6.0+20161126-1 ncurses-bin_6.0+20161126-1 passwd_1:4.4-4.1 patch_2.7.5-1+b2 perl_5.24.1-6 perl-base_5.24.1-6 perl-modules-5.24_5.24.1-6 po-debconf_1.0.20 python_2.7.13-2 python-minimal_2.7.13-2 python2.7_2.7.13-2 python2.7-minimal_2.7.13-2 readline-common_7.0-3 sbuild-build-depends-blitz++-dummy_0.invalid.0 sbuild-build-depends-core-dummy_0.invalid.0 sed_4.4-1 sensible-utils_0.0.9 sysvinit-utils_2.88dsf-59.9 tar_1.29b-1.1 util-linux_2.29.2-1 xz-utils_5.2.2-1.2+b1 zlib1g_1:1.2.8.dfsg-5

+------------------------------------------------------------------------------+
| Build                                                                        |
+------------------------------------------------------------------------------+


Unpack source
-------------

gpgv: unknown type of key resource 'trustedkeys.kbx'
gpgv: keyblock resource '/sbuild-nonexistent/.gnupg/trustedkeys.kbx': General error
gpgv: Signature made Mon Oct 10 11:39:44 2016 UTC
gpgv:                using RSA key 3F9219A67F36C68B
gpgv: Can't check signature: No public key
dpkg-source: warning: failed to verify signature on ./blitz++_0.10+ds-2.dsc
dpkg-source: info: extracting blitz++ in /build/blitz++-81G2Pq/blitz++-0.10+ds
dpkg-source: info: unpacking blitz++_0.10+ds.orig.tar.xz
dpkg-source: info: unpacking blitz++_0.10+ds-2.debian.tar.xz
dpkg-source: info: applying upstream-autotoolization-harden.patch
dpkg-source: info: applying debianization.patch
dpkg-source: info: applying debianization-examples.patch
dpkg-source: info: applying debianization-examples-c11-ambiguity-resolve.patch
dpkg-source: info: applying debianization-examples-neutralization.patch
dpkg-source: info: applying debianization-testsuite-neutralization.patch

Check disk space
----------------

Sufficient free space for build

User Environment
----------------

APT_CONFIG=/var/lib/sbuild/apt.conf
HOME=/sbuild-nonexistent
LANG=en_US.UTF-8
LC_ALL=POSIX
LOGNAME=user42
PATH=/usr/local/sbin:/usr/local/bin:/usr/sbin:/usr/bin:/sbin:/bin:/usr/games
SCHROOT_ALIAS_NAME=unstable-amd64-sbuild
SCHROOT_CHROOT_NAME=unstable-amd64-sbuild
SCHROOT_COMMAND=env
SCHROOT_GID=1001
SCHROOT_GROUP=user42
SCHROOT_SESSION_ID=unstable-amd64-sbuild-f0fff366-1bdf-4d24-ae84-161124184b74
SCHROOT_UID=1001
SCHROOT_USER=user42
SHELL=/bin/sh
USER=user42

dpkg-buildpackage
-----------------

dpkg-buildpackage: info: source package blitz++
dpkg-buildpackage: info: source version 1:0.10+ds-2
dpkg-buildpackage: info: source distribution unstable
dpkg-buildpackage: info: source changed by Jerome Benoit <calculus@rezozer.net>
 dpkg-source --before-build blitz++-0.10+ds
dpkg-buildpackage: info: host architecture amd64
 fakeroot debian/rules clean
dh clean -with autoreconf --builddirectory=_build --parallel
   dh_testdir -O--builddirectory=_build -O--parallel
   dh_auto_clean -O--builddirectory=_build -O--parallel
   dh_autoreconf_clean -O--builddirectory=_build -O--parallel
   dh_clean -O--builddirectory=_build -O--parallel
 debian/rules build-arch
dh build-arch -with autoreconf --builddirectory=_build --parallel
   dh_testdir -a -O--builddirectory=_build -O--parallel
   dh_update_autotools_config -a -O--builddirectory=_build -O--parallel
   dh_autoreconf -a -O--builddirectory=_build -O--parallel
libtoolize: putting auxiliary files in AC_CONFIG_AUX_DIR, 'config'.
libtoolize: copying file 'config/ltmain.sh'
libtoolize: putting macros in AC_CONFIG_MACRO_DIRS, 'm4'.
libtoolize: copying file 'm4/libtool.m4'
libtoolize: copying file 'm4/ltoptions.m4'
libtoolize: copying file 'm4/ltsugar.m4'
libtoolize: copying file 'm4/ltversion.m4'
libtoolize: copying file 'm4/lt~obsolete.m4'
configure.ac:86: installing 'config/compile'
configure.ac:12: installing 'config/config.guess'
configure.ac:12: installing 'config/config.sub'
configure.ac:14: installing 'config/install-sh'
configure.ac:14: installing 'config/missing'
benchmarks/Makefile.am: installing 'config/depcomp'
doc/Makefile.am:57: installing 'config/mdate-sh'
doc/Makefile.am:57: installing 'config/texinfo.tex'
parallel-tests: installing 'config/test-driver'
lib/Makefile.am:10: warning: source file '$(top_srcdir)/src/globals.cpp' is in a subdirectory,
lib/Makefile.am:10: but option 'subdir-objects' is disabled
automake: warning: possible forward-incompatibility.
automake: At least a source file is in a subdirectory, but the 'subdir-objects'
automake: automake option hasn't been enabled.  For now, the corresponding output
automake: object file(s) will be placed in the top-level directory.  However,
automake: this behaviour will change in future Automake versions: they will
automake: unconditionally cause object files to be placed in the same subdirectory
automake: of the corresponding sources.
automake: You are advised to start using 'subdir-objects' option throughout your
automake: project, to avoid future incompatibilities.
   debian/rules override_dh_auto_configure
make[1]: Entering directory '/build/blitz++-81G2Pq/blitz++-0.10+ds'
dh_auto_configure -- \
	--enable-static \
	--enable-shared \
	--enable-debug \
	--enable-64bit \
	--disable-doxygen
	../configure --build=x86_64-linux-gnu --prefix=/usr --includedir=\${prefix}/include --mandir=\${prefix}/share/man --infodir=\${prefix}/share/info --sysconfdir=/etc --localstatedir=/var --disable-silent-rules --libdir=\${prefix}/lib/x86_64-linux-gnu --libexecdir=\${prefix}/lib/x86_64-linux-gnu --disable-maintainer-mode --disable-dependency-tracking --enable-static --enable-shared --enable-debug --enable-64bit --disable-doxygen
checking build system type... x86_64-pc-linux-gnu
checking host system type... x86_64-pc-linux-gnu
checking target system type... x86_64-pc-linux-gnu
checking for a BSD-compatible install... /usr/bin/install -c
checking whether build environment is sane... yes
checking for a thread-safe mkdir -p... /bin/mkdir -p
checking for gawk... no
checking for mawk... mawk
checking whether make sets $(MAKE)... yes
checking whether make supports nested variables... yes
checking whether to enable maintainer-specific portions of Makefiles... no
configure:

Configuring blitz 0.10 for x86_64-pc-linux-gnu


checking for xlc++... no
checking for xlC... no
checking for icpc... no
checking for pathCC... no
checking for pgCC... no
checking for cxx... no
checking for aCC... no
checking for c++... c++
checking whether the C++ compiler works... yes
checking for C++ compiler default output file name... a.out
checking for suffix of executables... 
checking whether we are cross compiling... no
checking for suffix of object files... o
checking whether we are using the GNU C++ compiler... yes
checking whether c++ accepts -g... yes
checking for style of include used by make... GNU
checking dependency style of c++... none
checking whether using c++ preset flags... yes
configure: Setting compiler flags for GNU c++ (wahoo!)
checking whether to enable Fortran compilation for benchmark codes... yes
checking whether we are using the GNU Fortran 77 compiler... yes
checking whether gfortran accepts -g... yes
checking for xlf90... no
checking for ifort... no
checking for pathf90... no
checking for pgf90... no
checking for ftn... no
checking for frt... no
checking for f90... no
checking for gfortran... gfortran
checking whether we are using the GNU Fortran compiler... yes
checking whether gfortran accepts -g... yes
checking whether using Fortran preset flags... yes
checking how to get verbose linking output from gfortran... -v
checking for Fortran 77 libraries of gfortran...  -L/usr/lib/gcc/x86_64-linux-gnu/6 -L/usr/lib/gcc/x86_64-linux-gnu/6/../../../x86_64-linux-gnu -L/usr/lib/gcc/x86_64-linux-gnu/6/../../../../lib -L/lib/x86_64-linux-gnu -L/lib/../lib -L/usr/lib/x86_64-linux-gnu -L/usr/lib/../lib -L/usr/lib/gcc/x86_64-linux-gnu/6/../../.. -lgfortran -lm -lquadmath
checking how to get verbose linking output from gfortran... -v
checking for Fortran libraries of gfortran...  -L/usr/lib/gcc/x86_64-linux-gnu/6 -L/usr/lib/gcc/x86_64-linux-gnu/6/../../../x86_64-linux-gnu -L/usr/lib/gcc/x86_64-linux-gnu/6/../../../../lib -L/lib/x86_64-linux-gnu -L/lib/../lib -L/usr/lib/x86_64-linux-gnu -L/usr/lib/../lib -L/usr/lib/gcc/x86_64-linux-gnu/6/../../.. -lgfortran -lm -lquadmath
checking for Fortran flag needed to accept free-form source... -ffree-form
checking for Fortran flag to compile .f90 files... none
checking compiler specific header... gnu/bzconfig.h
checking for makeinfo... ${SHELL} /build/blitz++-81G2Pq/blitz++-0.10+ds/config/missing makeinfo
../configure: line 6093: 1: command not found
checking whether to enable C++/Fortran 64-bit compilation flags... yes
checking how to print strings... printf
checking for gcc... gcc
checking whether we are using the GNU C compiler... yes
checking whether gcc accepts -g... yes
checking for gcc option to accept ISO C89... none needed
checking whether gcc understands -c and -o together... yes
checking dependency style of gcc... none
checking for a sed that does not truncate output... /bin/sed
checking for grep that handles long lines and -e... /bin/grep
checking for egrep... /bin/grep -E
checking for fgrep... /bin/grep -F
checking for ld used by gcc... /usr/bin/ld
checking if the linker (/usr/bin/ld) is GNU ld... yes
checking for BSD- or MS-compatible name lister (nm)... /usr/bin/nm -B
checking the name lister (/usr/bin/nm -B) interface... BSD nm
checking whether ln -s works... yes
checking the maximum length of command line arguments... 1572864
checking how to convert x86_64-pc-linux-gnu file names to x86_64-pc-linux-gnu format... func_convert_file_noop
checking how to convert x86_64-pc-linux-gnu file names to toolchain format... func_convert_file_noop
checking for /usr/bin/ld option to reload object files... -r
checking for objdump... objdump
checking how to recognize dependent libraries... pass_all
checking for dlltool... no
checking how to associate runtime and link libraries... printf %s\n
checking for ar... ar
checking for archiver @FILE support... @
checking for strip... strip
checking for ranlib... ranlib
checking command to parse /usr/bin/nm -B output from gcc object... ok
checking for sysroot... no
checking for a working dd... /bin/dd
checking how to truncate binary pipes... /bin/dd bs=4096 count=1
checking for mt... no
checking if : is a manifest tool... no
checking how to run the C preprocessor... gcc -E
checking for ANSI C header files... yes
checking for sys/types.h... yes
checking for sys/stat.h... yes
checking for stdlib.h... yes
checking for string.h... yes
checking for memory.h... yes
checking for strings.h... yes
checking for inttypes.h... yes
checking for stdint.h... yes
checking for unistd.h... yes
checking for dlfcn.h... yes
checking for objdir... .libs
checking if gcc supports -fno-rtti -fno-exceptions... yes
checking for gcc option to produce PIC... -fPIC -DPIC
checking if gcc PIC flag -fPIC -DPIC works... yes
checking if gcc static flag -static works... yes
checking if gcc supports -c -o file.o... yes
checking if gcc supports -c -o file.o... (cached) yes
checking whether the gcc linker (/usr/bin/ld -m elf_x86_64) supports shared libraries... yes
checking whether -lc should be explicitly linked in... no
checking dynamic linker characteristics... GNU/Linux ld.so
checking how to hardcode library paths into programs... immediate
checking whether stripping libraries is possible... yes
checking if libtool supports shared libraries... yes
checking whether to build shared libraries... yes
checking whether to build static libraries... yes
checking how to run the C++ preprocessor... c++ -E
checking for ld used by c++... /usr/bin/ld -m elf_x86_64
checking if the linker (/usr/bin/ld -m elf_x86_64) is GNU ld... yes
checking whether the c++ linker (/usr/bin/ld -m elf_x86_64) supports shared libraries... yes
checking for c++ option to produce PIC... -fPIC -DPIC
checking if c++ PIC flag -fPIC -DPIC works... yes
checking if c++ static flag -static works... yes
checking if c++ supports -c -o file.o... yes
checking if c++ supports -c -o file.o... (cached) yes
checking whether the c++ linker (/usr/bin/ld -m elf_x86_64) supports shared libraries... yes
checking dynamic linker characteristics... (cached) GNU/Linux ld.so
checking how to hardcode library paths into programs... immediate
checking if libtool supports shared libraries... yes
checking whether to build shared libraries... yes
checking whether to build static libraries... yes
checking for gfortran option to produce PIC... -fPIC
checking if gfortran PIC flag -fPIC works... yes
checking if gfortran static flag -static works... yes
checking if gfortran supports -c -o file.o... yes
checking if gfortran supports -c -o file.o... (cached) yes
checking whether the gfortran linker (/usr/bin/ld -m elf_x86_64) supports shared libraries... yes
checking dynamic linker characteristics... (cached) GNU/Linux ld.so
checking how to hardcode library paths into programs... immediate
checking if libtool supports shared libraries... yes
checking whether to build shared libraries... yes
checking whether to build static libraries... yes
checking for gfortran option to produce PIC... -fPIC
checking if gfortran PIC flag -fPIC works... yes
checking if gfortran static flag -static works... yes
checking if gfortran supports -c -o file.o... yes
checking if gfortran supports -c -o file.o... (cached) yes
checking whether the gfortran linker (/usr/bin/ld -m elf_x86_64) supports shared libraries... yes
checking dynamic linker characteristics... (cached) GNU/Linux ld.so
checking how to hardcode library paths into programs... immediate
checking for sin... yes
configure:

Checking to see if there is a usable BLAS library kicking around...
(If so, Blitz++ will use BLAS library to run benchmarks against
if you build the benchmarks.  Blitz++ itself does NOT use BLAS).


checking for daxpy_ in -lblas... yes
checking for daxpy in -lblas... no
checking for DAXPY in -lblas... no
checking for daxpy__ in -lblas... no
checking whether to enable c++ optimization flags... no
checking whether to enable c++ debug flags... yes
checking whether to enable Blitz thread-safety features... no
checking if we are using Intel Threading Building Blocks... no
checking for SIMD instruction width... no
checking whether to pad array lengths to SIMD instruction width... no
checking whether to enable Blitz 64-bit dimensions... no
checking whether to enable serialization support... no
checking for main in -lpapi... no
configure:

C++ compiler (c++ -g -O2 -fdebug-prefix-map=/build/blitz++-81G2Pq/blitz++-0.10+ds/_build=. -fstack-protector-strong -Wformat -Werror=format-security -g -DBZ_DEBUG -Wl,-z,relro -Wl,-z,now) characteristics


configure:

Checking major C++ language features


checking whether the compiler implements namespaces... yes
checking whether the compiler supports exceptions... yes
checking whether the compiler supports Run-Time Type Identification... yes
checking whether the compiler supports member constants... yes
checking whether the compiler accepts the old for scoping rules... no
configure:

Now for some of the new keywords


checking whether the compiler supports the explicit keyword... yes
checking whether the compiler supports the mutable keyword... yes
checking whether the compiler recognizes typename... yes
checking whether the compiler supports the Numerical C Extensions Group restrict keyword... no
checking whether the compiler recognizes the '__restrict__' keyword... yes
checking whether the compiler recognizes bool as a built-in type... yes
configure:

Does your compiler understand the newfangled casting syntax?


checking whether the compiler supports const_cast<>... yes
checking whether the compiler supports static_cast<>... yes
checking whether the compiler supports reinterpret_cast<>... yes
checking whether the compiler supports dynamic_cast<>... yes
configure:

Okay, now the important stuff -- templates


checking whether the compiler supports basic templates... yes
checking whether the compiler supports partial specialization... yes
checking whether the compiler supports partial ordering... yes
checking whether the compiler supports default template parameters... yes
checking whether the compiler supports member templates... yes
checking whether the compiler supports member templates outside the class declaration... yes
checking whether the compiler recognizes the full specialization syntax... yes
checking whether the compiler supports function templates with non-type parameters... yes
checking whether the compiler supports template-qualified base class specifiers... yes
checking whether the compiler supports template-qualified return types... yes
checking whether the compiler supports explicit template function qualification... yes
checking whether the compiler supports templates as template arguments... yes
checking whether the compiler supports use of the template keyword as a qualifier... yes
checking whether the compiler supports function matching with argument types which are template scope-qualified... yes
checking whether the compiler will support the vector type promotion mechanism... yes
checking whether the compiler supports numeric traits promotions... yes
checking whether the compiler handle computations inside an enum... yes
checking whether the compiler handles (int) casts in enum computations... yes
configure:

Which library features does your compiler provide?


checking whether the compiler has complex<T>... yes
checking whether the compiler has standard complex<T> functions... yes
checking cstring usability... yes
checking cstring presence... yes
checking for cstring... yes
checking whether the compiler has numeric_limits<T>... yes
checking whether the compiler has <climits> header... yes
checking whether the compiler has valarray<T>... yes
checking whether the compiler has complex math functions... yes
checking whether the compiler has more complex math functions... no
checking whether the compiler supports IEEE math library... yes
checking whether the compiler supports System V math library... no
checking whether the compiler has C math functions in namespace std... yes
checking whether the compiler has C math abs(integer type) in namespace std... yes
checking whether complex math functions are in namespace std... yes
checking whether the compiler has isnan function in namespace std... yes
checking whether the compiler supports ISO C++ standard library... yes
checking whether the compiler supports Standard Template Library... yes
checking whether the compiler has getrusage() function... yes
configure:

CXX                = c++
CXXFLAGS           = -g -O2 -fdebug-prefix-map=/build/blitz++-81G2Pq/blitz++-0.10+ds/_build=. -fstack-protector-strong -Wformat -Werror=format-security -g -DBZ_DEBUG
CXX_OPTIMIZE_FLAGS = -O3 -funroll-loops -fstrict-aliasing -fomit-frame-pointer -ffast-math -DUSE_LIBBLAS
CXX_DEBUG_FLAGS    = -g -DBZ_DEBUG
CXXFFLAGS          = -DBZ_FORTRAN_SYMBOLS_WITH_TRAILING_UNDERSCORES

F77                = gfortran
FFLAGS             = -fno-second-underscore
F77_OPTIMIZE_FLAGS = -O3 -funroll-loops
FLIBS              =  -L/usr/lib/gcc/x86_64-linux-gnu/6 -L/usr/lib/gcc/x86_64-linux-gnu/6/../../../x86_64-linux-gnu -L/usr/lib/gcc/x86_64-linux-gnu/6/../../../../lib -L/lib/x86_64-linux-gnu -L/lib/../lib -L/usr/lib/x86_64-linux-gnu -L/usr/lib/../lib -L/usr/lib/gcc/x86_64-linux-gnu/6/../../.. -lgfortran -lm -lquadmath

FC                 = gfortran
FCFLAGS            = -fno-second-underscore -ffree-form
FC_OPTIMIZE_FLAGS  = -O3 -funroll-loops
FCLIBS             =  -L/usr/lib/gcc/x86_64-linux-gnu/6 -L/usr/lib/gcc/x86_64-linux-gnu/6/../../../x86_64-linux-gnu -L/usr/lib/gcc/x86_64-linux-gnu/6/../../../../lib -L/lib/x86_64-linux-gnu -L/lib/../lib -L/usr/lib/x86_64-linux-gnu -L/usr/lib/../lib -L/usr/lib/gcc/x86_64-linux-gnu/6/../../.. -lgfortran -lm -lquadmath

BLASLIB            = -lblas


checking for valgrind... no
checking our pkgconfig libname... blitz
checking our pkgconfig version... 0.10
checking our pkgconfig_libdir... ${libdir}/pkgconfig
expanded our pkgconfig_libdir... /usr/lib/x86_64-linux-gnu/pkgconfig
checking our pkgconfig_libfile... blitz.pc
checking our pkgconfig description... blitz Library
checking our pkgconfig requires... 
checking our pkgconfig ext libs... -lblitz
checking our pkgconfig cppflags... -Wdate-time -D_FORTIFY_SOURCE=2 -DBZ_HAVE_STD
noninstalled pkgconfig -L /build/blitz++-81G2Pq/blitz++-0.10+ds/_build/.libs
noninstalled pkgconfig -I /build/blitz++-81G2Pq/blitz++-0.10+ds
checking that generated files are newer than configure... done
configure: creating ./config.status
config.status: creating Makefile
config.status: creating bin/Makefile
config.status: creating blitz/Makefile
config.status: creating blitz/array/Makefile
config.status: creating blitz/generate/Makefile
config.status: creating blitz/meta/Makefile
config.status: creating random/Makefile
config.status: creating lib/Makefile
config.status: creating testsuite/Makefile
config.status: creating examples/Makefile
config.status: creating doc/Makefile
config.status: creating doc/examples/Makefile
config.status: creating doc/stencils/Makefile
config.status: creating doc/doxygen/Makefile
config.status: creating doc/doxygen/Doxyfile
config.status: creating benchmarks/Makefile
config.status: creating benchmarks/plot_benchmarks.m
config.status: creating blitz/config.h
config.status: executing depfiles commands
config.status: executing blitz/gnu/bzconfig.h commands
config.status: creating blitz/gnu/bzconfig.h - prefix BZ for blitz/config.h defines
config.status: executing libtool commands
config.status: executing blitz.pc commands
config.status: creating blitz.pc.in
config.status: creating blitz.pc
config.status: creating blitz-uninstalled.pc
configure:

The configure script has generated makefiles for your platform.
You have several options now:

  make lib              Check the compiler and create libblitz.a
  make check-testsuite  Build and check the testsuite
  make check-examples   Build and check the examples
  make check-benchmarks Build and check the benchmarks (takes a long time)
  make install          Install Blitz++
  make info             Build Blitz++ texinfo documentation
  make ps               Build Blitz++ ps documentation
  make pdf              Build Blitz++ pdf documentation
  make html             Build Blitz++ html documentation
  make install-info     Install Blitz++ texinfo documentation
  make install-ps       Install Blitz++ ps documentation
  make install-pdf      Install Blitz++ pdf documentation
  make install-html     Install Blitz++ html documentation



make[1]: Leaving directory '/build/blitz++-81G2Pq/blitz++-0.10+ds'
   debian/rules override_dh_auto_build-arch
make[1]: Entering directory '/build/blitz++-81G2Pq/blitz++-0.10+ds'
/usr/bin/make -C _build lib
make[2]: Entering directory '/build/blitz++-81G2Pq/blitz++-0.10+ds/_build'
make[3]: Entering directory '/build/blitz++-81G2Pq/blitz++-0.10+ds/_build/blitz'
/usr/bin/make  all-recursive
make[4]: Entering directory '/build/blitz++-81G2Pq/blitz++-0.10+ds/_build/blitz'
Making all in generate
make[5]: Entering directory '/build/blitz++-81G2Pq/blitz++-0.10+ds/_build/blitz/generate'
/usr/bin/make  generate-headers
make[6]: Entering directory '/build/blitz++-81G2Pq/blitz++-0.10+ds/_build/blitz/generate'
python ../../../blitz/generate/genstencils.py ../../../blitz/array/stencil-classes.cc
Generating file ../../../blitz/array/stencil-classes.cc
make[6]: Leaving directory '/build/blitz++-81G2Pq/blitz++-0.10+ds/_build/blitz/generate'
make[5]: Leaving directory '/build/blitz++-81G2Pq/blitz++-0.10+ds/_build/blitz/generate'
Making all in meta
make[5]: Entering directory '/build/blitz++-81G2Pq/blitz++-0.10+ds/_build/blitz/meta'
make[5]: Nothing to be done for 'all'.
make[5]: Leaving directory '/build/blitz++-81G2Pq/blitz++-0.10+ds/_build/blitz/meta'
Making all in array
make[5]: Entering directory '/build/blitz++-81G2Pq/blitz++-0.10+ds/_build/blitz/array'
make[5]: Nothing to be done for 'all'.
make[5]: Leaving directory '/build/blitz++-81G2Pq/blitz++-0.10+ds/_build/blitz/array'
make[5]: Entering directory '/build/blitz++-81G2Pq/blitz++-0.10+ds/_build/blitz'
make[5]: Leaving directory '/build/blitz++-81G2Pq/blitz++-0.10+ds/_build/blitz'
make[4]: Leaving directory '/build/blitz++-81G2Pq/blitz++-0.10+ds/_build/blitz'
make[3]: Leaving directory '/build/blitz++-81G2Pq/blitz++-0.10+ds/_build/blitz'
make[3]: Entering directory '/build/blitz++-81G2Pq/blitz++-0.10+ds/_build/lib'
/bin/bash ../libtool  --tag=CXX   --mode=compile c++ -DHAVE_CONFIG_H   -I../.. -I..  -Wdate-time -D_FORTIFY_SOURCE=2 -DBZ_HAVE_STD  -g -O2 -fdebug-prefix-map=/build/blitz++-81G2Pq/blitz++-0.10+ds/_build=. -fstack-protector-strong -Wformat -Werror=format-security -g -DBZ_DEBUG -c -o globals.lo `test -f '../../src/globals.cpp' || echo '../../lib/'`../../src/globals.cpp
libtool: compile:  c++ -DHAVE_CONFIG_H -I../.. -I.. -Wdate-time -D_FORTIFY_SOURCE=2 -DBZ_HAVE_STD -g -O2 -fdebug-prefix-map=/build/blitz++-81G2Pq/blitz++-0.10+ds/_build=. -fstack-protector-strong -Wformat -Werror=format-security -g -DBZ_DEBUG -c ../../src/globals.cpp  -fPIC -DPIC -o .libs/globals.o
In file included from ../../src/globals.cpp:12:
In file included from ../../blitz/array.h:37:
In file included from ../../blitz/array-impl.h:52:
../../blitz/indexexpr.h:222:16: warning: operator '?:' has lower precedence than '+'; '+' will be evaluated first [-Wparentheses]
      + (N>11) ? ArraySectionInfo<T11>::rank : 0;
      ~~~~~~~~ ^
../../blitz/indexexpr.h:222:16: note: place parentheses around the '+' expression to silence this warning
      + (N>11) ? ArraySectionInfo<T11>::rank : 0;
               ^
../../blitz/indexexpr.h:222:16: note: place parentheses around the '?:' expression to evaluate it first
      + (N>11) ? ArraySectionInfo<T11>::rank : 0;
               ^
        (                                       )
../../blitz/indexexpr.h:221:16: warning: operator '?:' has lower precedence than '+'; '+' will be evaluated first [-Wparentheses]
      + (N>10) ? ArraySectionInfo<T10>::rank : 0
      ~~~~~~~~ ^
../../blitz/indexexpr.h:221:16: note: place parentheses around the '+' expression to silence this warning
      + (N>10) ? ArraySectionInfo<T10>::rank : 0
               ^
../../blitz/indexexpr.h:221:16: note: place parentheses around the '?:' expression to evaluate it first
      + (N>10) ? ArraySectionInfo<T10>::rank : 0
               ^
../../blitz/indexexpr.h:220:15: warning: operator '?:' has lower precedence than '+'; '+' will be evaluated first [-Wparentheses]
      + (N>9) ? ArraySectionInfo<T9>::rank : 0
      ~~~~~~~ ^
../../blitz/indexexpr.h:220:15: note: place parentheses around the '+' expression to silence this warning
      + (N>9) ? ArraySectionInfo<T9>::rank : 0
              ^
../../blitz/indexexpr.h:220:15: note: place parentheses around the '?:' expression to evaluate it first
      + (N>9) ? ArraySectionInfo<T9>::rank : 0
              ^
../../blitz/indexexpr.h:219:15: warning: operator '?:' has lower precedence than '+'; '+' will be evaluated first [-Wparentheses]
      + (N>8) ? ArraySectionInfo<T8>::rank : 0
      ~~~~~~~ ^
../../blitz/indexexpr.h:219:15: note: place parentheses around the '+' expression to silence this warning
      + (N>8) ? ArraySectionInfo<T8>::rank : 0
              ^
../../blitz/indexexpr.h:219:15: note: place parentheses around the '?:' expression to evaluate it first
      + (N>8) ? ArraySectionInfo<T8>::rank : 0
              ^
../../blitz/indexexpr.h:218:15: warning: operator '?:' has lower precedence than '+'; '+' will be evaluated first [-Wparentheses]
      + (N>7) ? ArraySectionInfo<T7>::rank : 0
      ~~~~~~~ ^
../../blitz/indexexpr.h:218:15: note: place parentheses around the '+' expression to silence this warning
      + (N>7) ? ArraySectionInfo<T7>::rank : 0
              ^
../../blitz/indexexpr.h:218:15: note: place parentheses around the '?:' expression to evaluate it first
      + (N>7) ? ArraySectionInfo<T7>::rank : 0
              ^
../../blitz/indexexpr.h:217:15: warning: operator '?:' has lower precedence than '+'; '+' will be evaluated first [-Wparentheses]
      + (N>6) ? ArraySectionInfo<T6>::rank : 0
      ~~~~~~~ ^
../../blitz/indexexpr.h:217:15: note: place parentheses around the '+' expression to silence this warning
      + (N>6) ? ArraySectionInfo<T6>::rank : 0
              ^
../../blitz/indexexpr.h:217:15: note: place parentheses around the '?:' expression to evaluate it first
      + (N>6) ? ArraySectionInfo<T6>::rank : 0
              ^
../../blitz/indexexpr.h:216:15: warning: operator '?:' has lower precedence than '+'; '+' will be evaluated first [-Wparentheses]
      + (N>5) ? ArraySectionInfo<T5>::rank : 0
      ~~~~~~~ ^
../../blitz/indexexpr.h:216:15: note: place parentheses around the '+' expression to silence this warning
      + (N>5) ? ArraySectionInfo<T5>::rank : 0
              ^
../../blitz/indexexpr.h:216:15: note: place parentheses around the '?:' expression to evaluate it first
      + (N>5) ? ArraySectionInfo<T5>::rank : 0
              ^
../../blitz/indexexpr.h:215:15: warning: operator '?:' has lower precedence than '+'; '+' will be evaluated first [-Wparentheses]
      + (N>4) ? ArraySectionInfo<T4>::rank : 0
      ~~~~~~~ ^
../../blitz/indexexpr.h:215:15: note: place parentheses around the '+' expression to silence this warning
      + (N>4) ? ArraySectionInfo<T4>::rank : 0
              ^
../../blitz/indexexpr.h:215:15: note: place parentheses around the '?:' expression to evaluate it first
      + (N>4) ? ArraySectionInfo<T4>::rank : 0
              ^
../../blitz/indexexpr.h:214:15: warning: operator '?:' has lower precedence than '+'; '+' will be evaluated first [-Wparentheses]
      + (N>2) ? ArraySectionInfo<T3>::rank : 0
      ~~~~~~~ ^
../../blitz/indexexpr.h:214:15: note: place parentheses around the '+' expression to silence this warning
      + (N>2) ? ArraySectionInfo<T3>::rank : 0
              ^
../../blitz/indexexpr.h:214:15: note: place parentheses around the '?:' expression to evaluate it first
      + (N>2) ? ArraySectionInfo<T3>::rank : 0
              ^
../../blitz/indexexpr.h:213:15: warning: operator '?:' has lower precedence than '+'; '+' will be evaluated first [-Wparentheses]
      + (N>1) ? ArraySectionInfo<T2>::rank : 0
      ~~~~~~~ ^
../../blitz/indexexpr.h:213:15: note: place parentheses around the '+' expression to silence this warning
      + (N>1) ? ArraySectionInfo<T2>::rank : 0
              ^
../../blitz/indexexpr.h:213:15: note: place parentheses around the '?:' expression to evaluate it first
      + (N>1) ? ArraySectionInfo<T2>::rank : 0
              ^
In file included from ../../src/globals.cpp:12:
In file included from ../../blitz/array.h:37:
In file included from ../../blitz/array-impl.h:2559:
In file included from ../../blitz/array.cc:9:
../../blitz/array/asexpr.cc:31:9: warning: 'BZ_ASEXPR_CC' is used as a header guard here, followed by #define of a different macro [-Wheader-guard]
#ifndef BZ_ASEXPR_CC
        ^~~~~~~~~~~~
../../blitz/array/asexpr.cc:32:9: note: 'BZ_ASEXPR_cc' is defined here; did you mean 'BZ_ASEXPR_CC'?
#define BZ_ASEXPR_cc
        ^~~~~~~~~~~~
        BZ_ASEXPR_CC
In file included from ../../src/globals.cpp:12:
In file included from ../../blitz/array.h:37:
In file included from ../../blitz/array-impl.h:2559:
In file included from ../../blitz/array.cc:9:
In file included from ../../blitz/array/asexpr.cc:38:
../../blitz/array/expr.h:111:26: error: implicit instantiation of undefined template 'blitz::FastTV2Iterator<int, 2>'
    typedef _bz_typename T_expr::T_numtype T_numtype;
                         ^
../../blitz/array/asexpr.h:223:25: note: in instantiation of template class 'blitz::_bz_ArrayExpr<blitz::FastTV2Iterator<int, 2> >' requested here
          typename asExpr<O2>::T_expr::T_optype
                               ^
../../blitz/array/ops.h:113:1: note: in instantiation of template class 'blitz::BzBinaryExprResult<ShiftLeft, char, blitz::TinyVector<int, 2> >' requested here
BZ_DECLARE_ARRAY_ET_SCALAR_OPS(char)
^
../../blitz/array/ops.h:100:71: note: expanded from macro 'BZ_DECLARE_ARRAY_ET_SCALAR_OPS'
BZ_DECLARE_ARRAY_ET_BINARY_SCALAR(operator>>, ShiftRight, sca)         \
                                                                       ^
../../blitz/array/newet-macros.h:113:25: note: expanded from macro '\
BZ_DECLARE_ARRAY_ET_BINARY_SCALAR'
typename BZ_BLITZ_SCOPE(BzBinaryExprResult)<applic,sca,T>::T_result        \
                        ^
../../blitz/tinymat2.h:220:72: note: while substituting deduced template arguments into function template 'operator<<' [with T = blitz::TinyVector<int, 2>]
        BZPRECHECK(isInRange(index), "TinyMatrix index out of range: " << index
                                                                       ^
../../blitz/tinyvec2.h:60:7: note: template is declared here
class FastTV2Iterator;
      ^
In file included from ../../src/globals.cpp:12:
In file included from ../../blitz/array.h:37:
In file included from ../../blitz/array-impl.h:2559:
In file included from ../../blitz/array.cc:9:
In file included from ../../blitz/array/asexpr.cc:38:
../../blitz/array/expr.h:113:38: error: implicit instantiation of undefined template 'blitz::FastTV2Iterator<int, 2>'
  typedef typename unwrapET<typename T_expr::T_result>::T_unwrapped test;
                                     ^
../../blitz/tinyvec2.h:60:7: note: template is declared here
class FastTV2Iterator;
      ^
In file included from ../../src/globals.cpp:12:
In file included from ../../blitz/array.h:37:
In file included from ../../blitz/array-impl.h:2559:
In file included from ../../blitz/array.cc:9:
In file included from ../../blitz/array/asexpr.cc:38:
../../blitz/array/expr.h:114:38: error: implicit instantiation of undefined template 'blitz::FastTV2Iterator<int, 2>'
  typedef typename selectET<typename T_expr::T_typeprop, 
                                     ^
../../blitz/tinyvec2.h:60:7: note: template is declared here
class FastTV2Iterator;
      ^
In file included from ../../src/globals.cpp:12:
In file included from ../../blitz/array.h:37:
In file included from ../../blitz/array-impl.h:2559:
In file included from ../../blitz/array.cc:9:
In file included from ../../blitz/array/asexpr.cc:38:
../../blitz/array/expr.h:119:20: error: implicit instantiation of undefined template 'blitz::FastTV2Iterator<int, 2>'
  typedef typename T_expr::T_optype T_optype;
                   ^
../../blitz/tinyvec2.h:60:7: note: template is declared here
class FastTV2Iterator;
      ^
In file included from ../../src/globals.cpp:12:
In file included from ../../blitz/array.h:37:
In file included from ../../blitz/array-impl.h:2559:
In file included from ../../blitz/array.cc:9:
In file included from ../../blitz/array/asexpr.cc:38:
../../blitz/array/expr.h:122:38: error: implicit instantiation of undefined template 'blitz::FastTV2Iterator<int, 2>'
  typedef _bz_ArrayExpr<_bz_typename P_expr::T_range_result> T_range_result;
                                     ^
../../blitz/tinyvec2.h:60:7: note: template is declared here
class FastTV2Iterator;
      ^
In file included from ../../src/globals.cpp:12:
In file included from ../../blitz/array.h:37:
In file included from ../../blitz/array-impl.h:2559:
In file included from ../../blitz/array.cc:9:
In file included from ../../blitz/array/asexpr.cc:38:
../../blitz/array/expr.h:125:28: error: implicit instantiation of undefined template 'blitz::FastTV2Iterator<int, 2>'
        numArrayOperands = T_expr::numArrayOperands,
                           ^
../../blitz/tinyvec2.h:60:7: note: template is declared here
class FastTV2Iterator;
      ^
In file included from ../../src/globals.cpp:12:
In file included from ../../blitz/array.h:37:
In file included from ../../blitz/array-impl.h:2559:
In file included from ../../blitz/array.cc:9:
In file included from ../../blitz/array/asexpr.cc:38:
../../blitz/array/expr.h:126:25: error: implicit instantiation of undefined template 'blitz::FastTV2Iterator<int, 2>'
        numTVOperands = T_expr::numTVOperands,
                        ^
../../blitz/tinyvec2.h:60:7: note: template is declared here
class FastTV2Iterator;
      ^
In file included from ../../src/globals.cpp:12:
In file included from ../../blitz/array.h:37:
In file included from ../../blitz/array-impl.h:2559:
In file included from ../../blitz/array.cc:9:
In file included from ../../blitz/array/asexpr.cc:38:
../../blitz/array/expr.h:127:25: error: implicit instantiation of undefined template 'blitz::FastTV2Iterator<int, 2>'
        numTMOperands = T_expr::numTMOperands,
                        ^
../../blitz/tinyvec2.h:60:7: note: template is declared here
class FastTV2Iterator;
      ^
In file included from ../../src/globals.cpp:12:
In file included from ../../blitz/array.h:37:
In file included from ../../blitz/array-impl.h:2559:
In file included from ../../blitz/array.cc:9:
In file included from ../../blitz/array/asexpr.cc:38:
../../blitz/array/expr.h:128:32: error: implicit instantiation of undefined template 'blitz::FastTV2Iterator<int, 2>'
        numIndexPlaceholders = T_expr::numIndexPlaceholders,
                               ^
../../blitz/tinyvec2.h:60:7: note: template is declared here
class FastTV2Iterator;
      ^
In file included from ../../src/globals.cpp:12:
In file included from ../../blitz/array.h:37:
In file included from ../../blitz/array-impl.h:2559:
In file included from ../../blitz/array.cc:9:
In file included from ../../blitz/array/asexpr.cc:38:
../../blitz/array/expr.h:129:18: error: implicit instantiation of undefined template 'blitz::FastTV2Iterator<int, 2>'
      minWidth = T_expr::minWidth,
                 ^
../../blitz/tinyvec2.h:60:7: note: template is declared here
class FastTV2Iterator;
      ^
In file included from ../../src/globals.cpp:12:
In file included from ../../blitz/array.h:37:
In file included from ../../blitz/array-impl.h:2559:
In file included from ../../blitz/array.cc:9:
In file included from ../../blitz/array/asexpr.cc:38:
../../blitz/array/expr.h:130:18: error: implicit instantiation of undefined template 'blitz::FastTV2Iterator<int, 2>'
      maxWidth = T_expr::maxWidth,
                 ^
../../blitz/tinyvec2.h:60:7: note: template is declared here
class FastTV2Iterator;
      ^
In file included from ../../src/globals.cpp:12:
In file included from ../../blitz/array.h:37:
In file included from ../../blitz/array-impl.h:2559:
In file included from ../../blitz/array.cc:9:
In file included from ../../blitz/array/asexpr.cc:38:
../../blitz/array/expr.h:131:17: error: implicit instantiation of undefined template 'blitz::FastTV2Iterator<int, 2>'
        rank_ = T_expr::rank_;
                ^
../../blitz/tinyvec2.h:60:7: note: template is declared here
class FastTV2Iterator;
      ^
In file included from ../../src/globals.cpp:12:
In file included from ../../blitz/array.h:37:
In file included from ../../blitz/array-impl.h:2559:
In file included from ../../blitz/array.cc:9:
In file included from ../../blitz/array/asexpr.cc:38:
../../blitz/array/expr.h:495:12: error: implicit instantiation of undefined template 'blitz::FastTV2Iterator<int, 2>'
    T_expr iter_;
           ^
../../blitz/tinyvec2.h:60:7: note: template is declared here
class FastTV2Iterator;
      ^
In file included from ../../src/globals.cpp:12:
In file included from ../../blitz/array.h:37:
In file included from ../../blitz/array-impl.h:52:
../../blitz/indexexpr.h:222:16: warning: operator '?:' has lower precedence than '+'; '+' will be evaluated first [-Wparentheses]
      + (N>11) ? ArraySectionInfo<T11>::rank : 0;
      ~~~~~~~~ ^
../../blitz/array/expr.h:307:30: note: in instantiation of template class 'blitz::IndexPlaceholder<0>::SliceInfo<blitz::TinyVector<int, 1>, blitz::nilArraySection, blitz::nilArraySection, blitz::nilArraySection, blitz::nilArraySection, blitz::nilArraySection, blitz::nilArraySection, blitz::nilArraySection, blitz::nilArraySection, blitz::nilArraySection, blitz::nilArraySection>' requested here
    typedef typename T_expr::template SliceInfo<T1, T2, T3, T4, T5, T6, T7, T8, T9, T10, T11>::T_slice T_subexpr;
                             ^
../../blitz/array/expr.h:317:12: note: in instantiation of template class 'blitz::_bz_ArrayExpr<blitz::IndexPlaceholder<0> >::SliceInfo<blitz::TinyVector<int, 1>, blitz::nilArraySection, blitz::nilArraySection, blitz::nilArraySection, blitz::nilArraySection, blitz::nilArraySection, blitz::nilArraySection, blitz::nilArraySection, blitz::nilArraySection, blitz::nilArraySection, blitz::nilArraySection>' requested here
  typename SliceInfo<T1>::T_slice
           ^
../../blitz/globeval.cc:896:33: note: while substituting deduced template arguments into function template 'operator()' [with T1 = blitz::TinyVector<int, 1>]
      T_update::update(*iter++, expr(index));
                                ^
../../blitz/globeval.cc:228:37: note: in instantiation of function template specialization 'blitz::_bz_evaluator<1>::evaluateWithIndexTraversal<blitz::TinyVector<int, 1>, blitz::_bz_ArrayExpr<blitz::IndexPlaceholder<0> >, blitz::_bz_update<int, int> >' requested here
      _bz_evaluator<T_dest::rank_>::evaluateWithIndexTraversal(dest, expr, T_update());
                                    ^
../../blitz/tvevaluate.h:135:5: note: in instantiation of function template specialization 'blitz::_bz_evaluate<blitz::TinyVector<int, 1>, blitz::_bz_ArrayExpr<blitz::IndexPlaceholder<0> >, blitz::_bz_update<int, int> >' requested here
    _bz_evaluate(dest, expr, T_update());
    ^
../../blitz/tvevaluate.h:179:40: note: in instantiation of function template specialization 'blitz::_tv_evaluator<true, 1>::select_evaluation<int, blitz::_bz_ArrayExpr<blitz::IndexPlaceholder<0> >, blitz::_bz_update<int, int> >' requested here
  _tv_evaluator<mixed_expr, N_length>::select_evaluation(*this, expr, T_update());
                                       ^
../../blitz/tinyvec2.cc:86:3: note: in instantiation of function template specialization 'blitz::TinyVector<int, 1>::_tv_evaluate<blitz::_bz_ArrayExpr<blitz::IndexPlaceholder<0> >, blitz::_bz_update<int, int> >' requested here
  _tv_evaluate(_bz_typename asExpr<T_expr>::T_expr(expr.unwrap()), 
  ^
../../blitz/array/storage.h:412:17: note: in instantiation of function template specialization 'blitz::TinyVector<int, 1>::operator=<blitz::IndexPlaceholder<0> >' requested here
      ordering_ = tensor::i;//Range(0, N_rank - 1);
                ^
../../blitz/array/storage.h:430:14: note: in instantiation of member function 'blitz::ColumnMajorArray<1>::ColumnMajorArray' requested here
    { return ColumnMajorArray<1>(); }
             ^
../../blitz/indexexpr.h:222:16: note: place parentheses around the '+' expression to silence this warning
      + (N>11) ? ArraySectionInfo<T11>::rank : 0;
               ^
../../blitz/indexexpr.h:222:16: note: place parentheses around the '?:' expression to evaluate it first
      + (N>11) ? ArraySectionInfo<T11>::rank : 0;
               ^
        (                                       )
../../blitz/indexexpr.h:221:16: warning: operator '?:' has lower precedence than '+'; '+' will be evaluated first [-Wparentheses]
      + (N>10) ? ArraySectionInfo<T10>::rank : 0
      ~~~~~~~~ ^
../../blitz/indexexpr.h:221:16: note: place parentheses around the '+' expression to silence this warning
      + (N>10) ? ArraySectionInfo<T10>::rank : 0
               ^
../../blitz/indexexpr.h:221:16: note: place parentheses around the '?:' expression to evaluate it first
      + (N>10) ? ArraySectionInfo<T10>::rank : 0
               ^
../../blitz/indexexpr.h:220:15: warning: operator '?:' has lower precedence than '+'; '+' will be evaluated first [-Wparentheses]
      + (N>9) ? ArraySectionInfo<T9>::rank : 0
      ~~~~~~~ ^
../../blitz/indexexpr.h:220:15: note: place parentheses around the '+' expression to silence this warning
      + (N>9) ? ArraySectionInfo<T9>::rank : 0
              ^
../../blitz/indexexpr.h:220:15: note: place parentheses around the '?:' expression to evaluate it first
      + (N>9) ? ArraySectionInfo<T9>::rank : 0
              ^
../../blitz/indexexpr.h:219:15: warning: operator '?:' has lower precedence than '+'; '+' will be evaluated first [-Wparentheses]
      + (N>8) ? ArraySectionInfo<T8>::rank : 0
      ~~~~~~~ ^
../../blitz/indexexpr.h:219:15: note: place parentheses around the '+' expression to silence this warning
      + (N>8) ? ArraySectionInfo<T8>::rank : 0
              ^
../../blitz/indexexpr.h:219:15: note: place parentheses around the '?:' expression to evaluate it first
      + (N>8) ? ArraySectionInfo<T8>::rank : 0
              ^
../../blitz/indexexpr.h:218:15: warning: operator '?:' has lower precedence than '+'; '+' will be evaluated first [-Wparentheses]
      + (N>7) ? ArraySectionInfo<T7>::rank : 0
      ~~~~~~~ ^
../../blitz/indexexpr.h:218:15: note: place parentheses around the '+' expression to silence this warning
      + (N>7) ? ArraySectionInfo<T7>::rank : 0
              ^
../../blitz/indexexpr.h:218:15: note: place parentheses around the '?:' expression to evaluate it first
      + (N>7) ? ArraySectionInfo<T7>::rank : 0
              ^
../../blitz/indexexpr.h:217:15: warning: operator '?:' has lower precedence than '+'; '+' will be evaluated first [-Wparentheses]
      + (N>6) ? ArraySectionInfo<T6>::rank : 0
      ~~~~~~~ ^
../../blitz/indexexpr.h:217:15: note: place parentheses around the '+' expression to silence this warning
      + (N>6) ? ArraySectionInfo<T6>::rank : 0
              ^
../../blitz/indexexpr.h:217:15: note: place parentheses around the '?:' expression to evaluate it first
      + (N>6) ? ArraySectionInfo<T6>::rank : 0
              ^
../../blitz/indexexpr.h:216:15: warning: operator '?:' has lower precedence than '+'; '+' will be evaluated first [-Wparentheses]
      + (N>5) ? ArraySectionInfo<T5>::rank : 0
      ~~~~~~~ ^
../../blitz/indexexpr.h:216:15: note: place parentheses around the '+' expression to silence this warning
      + (N>5) ? ArraySectionInfo<T5>::rank : 0
              ^
../../blitz/indexexpr.h:216:15: note: place parentheses around the '?:' expression to evaluate it first
      + (N>5) ? ArraySectionInfo<T5>::rank : 0
              ^
../../blitz/indexexpr.h:215:15: warning: operator '?:' has lower precedence than '+'; '+' will be evaluated first [-Wparentheses]
      + (N>4) ? ArraySectionInfo<T4>::rank : 0
      ~~~~~~~ ^
../../blitz/indexexpr.h:215:15: note: place parentheses around the '+' expression to silence this warning
      + (N>4) ? ArraySectionInfo<T4>::rank : 0
              ^
../../blitz/indexexpr.h:215:15: note: place parentheses around the '?:' expression to evaluate it first
      + (N>4) ? ArraySectionInfo<T4>::rank : 0
              ^
../../blitz/indexexpr.h:214:15: warning: operator '?:' has lower precedence than '+'; '+' will be evaluated first [-Wparentheses]
      + (N>2) ? ArraySectionInfo<T3>::rank : 0
      ~~~~~~~ ^
../../blitz/indexexpr.h:214:15: note: place parentheses around the '+' expression to silence this warning
      + (N>2) ? ArraySectionInfo<T3>::rank : 0
              ^
../../blitz/indexexpr.h:214:15: note: place parentheses around the '?:' expression to evaluate it first
      + (N>2) ? ArraySectionInfo<T3>::rank : 0
              ^
../../blitz/indexexpr.h:213:15: warning: operator '?:' has lower precedence than '+'; '+' will be evaluated first [-Wparentheses]
      + (N>1) ? ArraySectionInfo<T2>::rank : 0
      ~~~~~~~ ^
../../blitz/indexexpr.h:213:15: note: place parentheses around the '+' expression to silence this warning
      + (N>1) ? ArraySectionInfo<T2>::rank : 0
              ^
../../blitz/indexexpr.h:213:15: note: place parentheses around the '?:' expression to evaluate it first
      + (N>1) ? ArraySectionInfo<T2>::rank : 0
              ^
In file included from ../../src/globals.cpp:12:
In file included from ../../blitz/array.h:37:
In file included from ../../blitz/array-impl.h:2559:
In file included from ../../blitz/array.cc:9:
In file included from ../../blitz/array/asexpr.cc:38:
../../blitz/array/expr.h:141:11: error: no matching constructor for initialization of 'ETBase<_bz_ArrayExpr<blitz::FastTV2Iterator<int, 2> > >'
        : ETBase< _bz_ArrayExpr<T_expr> >(a), iter_(a.iter_)
          ^                               ~
../../blitz/array/expr.h:246:5: note: in instantiation of member function 'blitz::_bz_ArrayExpr<blitz::FastTV2Iterator<int, 2> >::_bz_ArrayExpr' requested here
  { return iter_.template fastRead_tv<N>(i); }
    ^
../../blitz/globeval.cc:303:30: note: in instantiation of function template specialization 'blitz::_bz_ArrayExpr<blitz::IndexPlaceholder<0> >::fastRead_tv<2>' requested here
      (data+i, expr.template fastRead_tv<N>(i), T_update());
                             ^
../../blitz/globeval.cc:339:4: note: in instantiation of member function 'blitz::chunked_updater<int, blitz::_bz_ArrayExpr<blitz::IndexPlaceholder<0> >, blitz::_bz_update<int, int>, 2>::unaligned_update' requested here
          unaligned_update(data, expr, pos); 
          ^
../../blitz/globeval.cc:342:35: note: in instantiation of function template specialization 'blitz::_bz_meta_binaryAssign<1>::assign<int, blitz::_bz_ArrayExpr<blitz::IndexPlaceholder<0> >, blitz::_bz_update<int, int> >' requested here
      _bz_meta_binaryAssign<I-1>::assign(data, expr, ubound, pos, T_update());
                                  ^
../../blitz/globeval.cc:342:35: note: in instantiation of function template specialization 'blitz::_bz_meta_binaryAssign<2>::assign<int, blitz::_bz_ArrayExpr<blitz::IndexPlaceholder<0> >, blitz::_bz_update<int, int> >' requested here
../../blitz/globeval.cc:342:35: note: (skipping 7 contexts in backtrace; use -ftemplate-backtrace-limit=0 to see all)
../../blitz/tvevaluate.h:135:5: note: in instantiation of function template specialization 'blitz::_bz_evaluate<blitz::TinyVector<int, 1>, blitz::_bz_ArrayExpr<blitz::IndexPlaceholder<0> >, blitz::_bz_update<int, int> >' requested here
    _bz_evaluate(dest, expr, T_update());
    ^
../../blitz/tvevaluate.h:179:40: note: in instantiation of function template specialization 'blitz::_tv_evaluator<true, 1>::select_evaluation<int, blitz::_bz_ArrayExpr<blitz::IndexPlaceholder<0> >, blitz::_bz_update<int, int> >' requested here
  _tv_evaluator<mixed_expr, N_length>::select_evaluation(*this, expr, T_update());
                                       ^
../../blitz/tinyvec2.cc:86:3: note: in instantiation of function template specialization 'blitz::TinyVector<int, 1>::_tv_evaluate<blitz::_bz_ArrayExpr<blitz::IndexPlaceholder<0> >, blitz::_bz_update<int, int> >' requested here
  _tv_evaluate(_bz_typename asExpr<T_expr>::T_expr(expr.unwrap()), 
  ^
../../blitz/array/storage.h:412:17: note: in instantiation of function template specialization 'blitz::TinyVector<int, 1>::operator=<blitz::IndexPlaceholder<0> >' requested here
      ordering_ = tensor::i;//Range(0, N_rank - 1);
                ^
../../blitz/array/storage.h:430:14: note: in instantiation of member function 'blitz::ColumnMajorArray<1>::ColumnMajorArray' requested here
    { return ColumnMajorArray<1>(); }
             ^
../../blitz/etbase.h:45:5: note: candidate constructor not viable: no known conversion from 'const _bz_ArrayExpr<T_expr>' (aka 'const _bz_ArrayExpr<blitz::FastTV2Iterator<int, 2> >') to 'const ETBase<blitz::_bz_ArrayExpr<blitz::FastTV2Iterator<int, 2> > >' for 1st argument
    ETBase(const ETBase<T>&)
    ^
../../blitz/etbase.h:42:5: note: candidate constructor not viable: requires 0 arguments, but 1 was provided
    ETBase() 
    ^
21 warnings and 14 errors generated.
Makefile:548: recipe for target 'globals.lo' failed
make[3]: *** [globals.lo] Error 1
make[3]: Leaving directory '/build/blitz++-81G2Pq/blitz++-0.10+ds/_build/lib'
Makefile:982: recipe for target 'blitz-library' failed
make[2]: *** [blitz-library] Error 1
make[2]: Leaving directory '/build/blitz++-81G2Pq/blitz++-0.10+ds/_build'
debian/rules:24: recipe for target 'override_dh_auto_build-arch' failed
make[1]: *** [override_dh_auto_build-arch] Error 2
make[1]: Leaving directory '/build/blitz++-81G2Pq/blitz++-0.10+ds'
debian/rules:13: recipe for target 'build-arch' failed
make: *** [build-arch] Error 2
dpkg-buildpackage: error: debian/rules build-arch gave error exit status 2
--------------------------------------------------------------------------------
Build finished at 2017-07-06T20:32:19Z

Finished
--------


+------------------------------------------------------------------------------+
| Cleanup                                                                      |
+------------------------------------------------------------------------------+

Purging /build/blitz++-81G2Pq
Not cleaning session: cloned chroot in use
E: Build failure (dpkg-buildpackage died)

+------------------------------------------------------------------------------+
| Summary                                                                      |
+------------------------------------------------------------------------------+

Build Architecture: amd64
Build Type: any
Build-Space: 14768
Build-Time: 25
Distribution: unstable
Fail-Stage: build
Host Architecture: amd64
Install-Time: 9
Job: blitz++_1:0.10+ds-2
Machine Architecture: amd64
Package: blitz++
Package-Time: 54
Source-Version: 1:0.10+ds-2
Space: 14768
Status: attempted
Version: 1:0.10+ds-2
--------------------------------------------------------------------------------
Finished at 2017-07-06T20:32:19Z
Build needed 00:00:54, 14768k disk space
E: Build failure (dpkg-buildpackage died)
DC-Status: Failed 55.241786806s
DC-Time-Estimation: 55.241786806 versus expected 261 (r/m: 3.724684248838452 ; m: 55.241786806)
