DC-Build-Header: dune-grid 2.5.0-1 / 2017-07-06 16:30:57 +0000
DC-Task: type:rebuild-binarch-only source:dune-grid version:2.5.0-1 chroot:unstable esttime:1848 logfile:/tmp/dune-grid_2.5.0-1_unstable_clang3.9.log modes:clang:binarch-only
DC-Sbuild-call: su user42 -c 'sbuild -n --arch-any --apt-update -d unstable -v  --chroot-setup-commands=/tmp/clang dune-grid_2.5.0-1'
sbuild (Debian sbuild) 0.73.0 (23 Dec 2016) on ip-172-31-34-186.eu-central-1.compute.internal

+==============================================================================+
| dune-grid 2.5.0-1 (amd64)                    Thu, 06 Jul 2017 16:30:57 +0000 |
+==============================================================================+

Package: dune-grid
Version: 2.5.0-1
Source Version: 2.5.0-1
Distribution: unstable
Machine Architecture: amd64
Host Architecture: amd64
Build Architecture: amd64
Build Type: any

I: NOTICE: Log filtering will replace 'var/run/schroot/mount/unstable-amd64-sbuild-0b6e8893-30de-4d21-b036-3b21c7764f23' with '<<CHROOT>>'

+------------------------------------------------------------------------------+
| Chroot Setup Commands                                                        |
+------------------------------------------------------------------------------+


/tmp/clang
----------

+ echo 'Entering customization script...'
Entering customization script...
+ CLANG_VERSION=3.9
+ echo 'Install of clang-3.9'
Install of clang-3.9
+ apt-get update
Get:1 http://127.0.0.1:9999/debian unstable InRelease [255 kB]
Get:2 http://127.0.0.1:9999/debian unstable/main Sources.diff/Index [27.9 kB]
Get:3 http://127.0.0.1:9999/debian unstable/main amd64 Packages.diff/Index [27.9 kB]
Get:4 http://127.0.0.1:9999/debian unstable/main Translation-en.diff/Index [27.9 kB]
Get:5 http://127.0.0.1:9999/debian unstable/main Sources 2017-07-02-0216.39.pdiff [15.0 kB]
Get:6 http://127.0.0.1:9999/debian unstable/main Sources 2017-07-02-0817.00.pdiff [7416 B]
Get:7 http://127.0.0.1:9999/debian unstable/main Sources 2017-07-02-1415.16.pdiff [17.0 kB]
Get:8 http://127.0.0.1:9999/debian unstable/main Sources 2017-07-02-2015.53.pdiff [15.2 kB]
Get:9 http://127.0.0.1:9999/debian unstable/main Sources 2017-07-03-0215.43.pdiff [50.2 kB]
Get:10 http://127.0.0.1:9999/debian unstable/main Sources 2017-07-03-0815.58.pdiff [5500 B]
Get:11 http://127.0.0.1:9999/debian unstable/main Sources 2017-07-03-1420.59.pdiff [15.8 kB]
Get:12 http://127.0.0.1:9999/debian unstable/main Sources 2017-07-03-2015.52.pdiff [15.6 kB]
Get:13 http://127.0.0.1:9999/debian unstable/main Sources 2017-07-04-0215.56.pdiff [7165 B]
Get:14 http://127.0.0.1:9999/debian unstable/main Sources 2017-07-04-0817.36.pdiff [8303 B]
Get:15 http://127.0.0.1:9999/debian unstable/main Sources 2017-07-04-1416.28.pdiff [11.7 kB]
Get:16 http://127.0.0.1:9999/debian unstable/main Sources 2017-07-04-2017.16.pdiff [12.7 kB]
Get:17 http://127.0.0.1:9999/debian unstable/main Sources 2017-07-05-0215.45.pdiff [7714 B]
Get:18 http://127.0.0.1:9999/debian unstable/main Sources 2017-07-05-0817.10.pdiff [6491 B]
Get:19 http://127.0.0.1:9999/debian unstable/main Sources 2017-07-05-1416.09.pdiff [13.0 kB]
Get:20 http://127.0.0.1:9999/debian unstable/main Sources 2017-07-05-2019.56.pdiff [14.2 kB]
Get:21 http://127.0.0.1:9999/debian unstable/main Sources 2017-07-06-0216.07.pdiff [9132 B]
Get:22 http://127.0.0.1:9999/debian unstable/main Sources 2017-07-06-0817.23.pdiff [16.8 kB]
Get:23 http://127.0.0.1:9999/debian unstable/main amd64 Packages 2017-07-02-0216.39.pdiff [31.6 kB]
Get:24 http://127.0.0.1:9999/debian unstable/main amd64 Packages 2017-07-02-0817.00.pdiff [12.0 kB]
Get:25 http://127.0.0.1:9999/debian unstable/main amd64 Packages 2017-07-02-1415.16.pdiff [11.6 kB]
Get:26 http://127.0.0.1:9999/debian unstable/main amd64 Packages 2017-07-02-2015.53.pdiff [12.9 kB]
Get:27 http://127.0.0.1:9999/debian unstable/main amd64 Packages 2017-07-03-0215.43.pdiff [63.1 kB]
Get:28 http://127.0.0.1:9999/debian unstable/main amd64 Packages 2017-07-03-0815.58.pdiff [23.3 kB]
Get:29 http://127.0.0.1:9999/debian unstable/main amd64 Packages 2017-07-03-1420.59.pdiff [40.0 kB]
Get:30 http://127.0.0.1:9999/debian unstable/main amd64 Packages 2017-07-03-2015.52.pdiff [28.4 kB]
Get:22 http://127.0.0.1:9999/debian unstable/main Sources 2017-07-06-0817.23.pdiff [16.8 kB]
Get:31 http://127.0.0.1:9999/debian unstable/main amd64 Packages 2017-07-04-0215.56.pdiff [7447 B]
Get:32 http://127.0.0.1:9999/debian unstable/main amd64 Packages 2017-07-04-0817.36.pdiff [5458 B]
Get:33 http://127.0.0.1:9999/debian unstable/main amd64 Packages 2017-07-04-1416.28.pdiff [33.1 kB]
Get:34 http://127.0.0.1:9999/debian unstable/main amd64 Packages 2017-07-04-2017.16.pdiff [18.8 kB]
Get:35 http://127.0.0.1:9999/debian unstable/main amd64 Packages 2017-07-05-0215.45.pdiff [5901 B]
Get:36 http://127.0.0.1:9999/debian unstable/main amd64 Packages 2017-07-05-0817.10.pdiff [15.3 kB]
Get:37 http://127.0.0.1:9999/debian unstable/main amd64 Packages 2017-07-05-1416.09.pdiff [11.4 kB]
Get:38 http://127.0.0.1:9999/debian unstable/main amd64 Packages 2017-07-05-2019.56.pdiff [13.0 kB]
Get:39 http://127.0.0.1:9999/debian unstable/main amd64 Packages 2017-07-06-0216.07.pdiff [8638 B]
Get:40 http://127.0.0.1:9999/debian unstable/main amd64 Packages 2017-07-06-0817.23.pdiff [31.2 kB]
Get:41 http://127.0.0.1:9999/debian unstable/main Translation-en 2017-07-02-0216.39.pdiff [1271 B]
Get:42 http://127.0.0.1:9999/debian unstable/main Translation-en 2017-07-02-2015.53.pdiff [793 B]
Get:43 http://127.0.0.1:9999/debian unstable/main Translation-en 2017-07-03-0215.43.pdiff [327 B]
Get:44 http://127.0.0.1:9999/debian unstable/main Translation-en 2017-07-03-0815.58.pdiff [270 B]
Get:45 http://127.0.0.1:9999/debian unstable/main Translation-en 2017-07-03-1420.59.pdiff [1066 B]
Get:46 http://127.0.0.1:9999/debian unstable/main Translation-en 2017-07-03-2015.52.pdiff [465 B]
Get:47 http://127.0.0.1:9999/debian unstable/main Translation-en 2017-07-04-0215.56.pdiff [291 B]
Get:48 http://127.0.0.1:9999/debian unstable/main Translation-en 2017-07-04-0817.36.pdiff [539 B]
Get:40 http://127.0.0.1:9999/debian unstable/main amd64 Packages 2017-07-06-0817.23.pdiff [31.2 kB]
Get:49 http://127.0.0.1:9999/debian unstable/main Translation-en 2017-07-04-1416.28.pdiff [484 B]
Get:50 http://127.0.0.1:9999/debian unstable/main Translation-en 2017-07-04-2017.16.pdiff [1126 B]
Get:51 http://127.0.0.1:9999/debian unstable/main Translation-en 2017-07-05-0215.45.pdiff [214 B]
Get:52 http://127.0.0.1:9999/debian unstable/main Translation-en 2017-07-05-0817.10.pdiff [606 B]
Get:53 http://127.0.0.1:9999/debian unstable/main Translation-en 2017-07-05-1416.09.pdiff [214 B]
Get:54 http://127.0.0.1:9999/debian unstable/main Translation-en 2017-07-05-2019.56.pdiff [2615 B]
Get:55 http://127.0.0.1:9999/debian unstable/main Translation-en 2017-07-06-0216.07.pdiff [1869 B]
Get:56 http://127.0.0.1:9999/debian unstable/main Translation-en 2017-07-06-0817.23.pdiff [915 B]
Get:56 http://127.0.0.1:9999/debian unstable/main Translation-en 2017-07-06-0817.23.pdiff [915 B]
Fetched 974 kB in 1s (809 kB/s)
Reading package lists...
+ apt-get install --yes --no-install-recommends --force-yes clang-3.9
Reading package lists...
Building dependency tree...
Reading state information...
The following additional packages will be installed:
  cpp-6 g++-6 gcc-6 gcc-6-base gcc-7-base libasan3 libatomic1 libbsd0 libcc1-0
  libcilkrts5 libclang-common-3.9-dev libclang1-3.9 libedit2 libffi6
  libgcc-6-dev libgcc1 libgomp1 libitm1 libjsoncpp1 libllvm3.9 liblsan0
  libmpx2 libncurses5 libobjc-6-dev libobjc4 libquadmath0 libstdc++-6-dev
  libstdc++6 libtsan0 libubsan0
Suggested packages:
  gnustep gnustep-devel clang-3.9-doc gcc-6-locales g++-6-multilib gcc-6-doc
  libstdc++6-6-dbg gcc-6-multilib libgcc1-dbg libgomp1-dbg libitm1-dbg
  libatomic1-dbg libasan3-dbg liblsan0-dbg libtsan0-dbg libubsan0-dbg
  libcilkrts5-dbg libmpx2-dbg libquadmath0-dbg libstdc++-6-doc
Recommended packages:
  llvm-3.9-dev python libgpm2
The following NEW packages will be installed:
  clang-3.9 libbsd0 libclang-common-3.9-dev libclang1-3.9 libedit2 libffi6
  libjsoncpp1 libllvm3.9 libncurses5 libobjc-6-dev libobjc4
The following packages will be upgraded:
  cpp-6 g++-6 gcc-6 gcc-6-base gcc-7-base libasan3 libatomic1 libcc1-0
  libcilkrts5 libgcc-6-dev libgcc1 libgomp1 libitm1 liblsan0 libmpx2
  libquadmath0 libstdc++-6-dev libstdc++6 libtsan0 libubsan0
20 upgraded, 11 newly installed, 0 to remove and 13 not upgraded.
Need to get 83.9 MB of archives.
After this operation, 251 MB of additional disk space will be used.
Get:1 http://127.0.0.1:9999/debian unstable/main amd64 libquadmath0 amd64 7.1.0-9 [132 kB]
Get:2 http://127.0.0.1:9999/debian unstable/main amd64 libitm1 amd64 7.1.0-9 [27.2 kB]
Get:3 http://127.0.0.1:9999/debian unstable/main amd64 gcc-7-base amd64 7.1.0-9 [180 kB]
Get:4 http://127.0.0.1:9999/debian unstable/main amd64 libstdc++6 amd64 7.1.0-9 [398 kB]
Get:5 http://127.0.0.1:9999/debian unstable/main amd64 libmpx2 amd64 7.1.0-9 [11.4 kB]
Get:6 http://127.0.0.1:9999/debian unstable/main amd64 liblsan0 amd64 7.1.0-9 [124 kB]
Get:7 http://127.0.0.1:9999/debian unstable/main amd64 libtsan0 amd64 7.1.0-9 [270 kB]
Get:8 http://127.0.0.1:9999/debian unstable/main amd64 libubsan0 amd64 7.1.0-9 [117 kB]
Get:9 http://127.0.0.1:9999/debian unstable/main amd64 libcilkrts5 amd64 7.1.0-9 [42.0 kB]
Get:10 http://127.0.0.1:9999/debian unstable/main amd64 libcc1-0 amd64 7.1.0-9 [37.7 kB]
Get:11 http://127.0.0.1:9999/debian unstable/main amd64 libatomic1 amd64 7.1.0-9 [8782 B]
Get:12 http://127.0.0.1:9999/debian unstable/main amd64 libgomp1 amd64 7.1.0-9 [75.1 kB]
Get:13 http://127.0.0.1:9999/debian unstable/main amd64 libgcc1 amd64 1:7.1.0-9 [39.3 kB]
Get:14 http://127.0.0.1:9999/debian unstable/main amd64 libasan3 amd64 6.4.0-1 [310 kB]
Get:15 http://127.0.0.1:9999/debian unstable/main amd64 g++-6 amd64 6.4.0-1 [7084 kB]
Get:16 http://127.0.0.1:9999/debian unstable/main amd64 libstdc++-6-dev amd64 6.4.0-1 [1421 kB]
Get:17 http://127.0.0.1:9999/debian unstable/main amd64 gcc-6 amd64 6.4.0-1 [6908 kB]
Get:18 http://127.0.0.1:9999/debian unstable/main amd64 libgcc-6-dev amd64 6.4.0-1 [2297 kB]
Get:19 http://127.0.0.1:9999/debian unstable/main amd64 cpp-6 amd64 6.4.0-1 [6549 kB]
Get:20 http://127.0.0.1:9999/debian unstable/main amd64 gcc-6-base amd64 6.4.0-1 [180 kB]
Get:21 http://127.0.0.1:9999/debian unstable/main amd64 libbsd0 amd64 0.8.5-1 [89.6 kB]
Get:22 http://127.0.0.1:9999/debian unstable/main amd64 libncurses5 amd64 6.0+20161126-1 [93.4 kB]
Get:23 http://127.0.0.1:9999/debian unstable/main amd64 libedit2 amd64 3.1-20170329-1 [85.2 kB]
Get:24 http://127.0.0.1:9999/debian unstable/main amd64 libffi6 amd64 3.2.1-6 [20.4 kB]
Get:25 http://127.0.0.1:9999/debian unstable/main amd64 libllvm3.9 amd64 1:3.9.1-10 [11.3 MB]
Get:26 http://127.0.0.1:9999/debian unstable/main amd64 libclang1-3.9 amd64 1:3.9.1-10 [5875 kB]
Get:27 http://127.0.0.1:9999/debian unstable/main amd64 libjsoncpp1 amd64 1.7.4-3 [75.6 kB]
Get:28 http://127.0.0.1:9999/debian unstable/main amd64 libobjc4 amd64 7.1.0-9 [51.0 kB]
Get:29 http://127.0.0.1:9999/debian unstable/main amd64 libobjc-6-dev amd64 6.4.0-1 [197 kB]
Get:30 http://127.0.0.1:9999/debian unstable/main amd64 libclang-common-3.9-dev amd64 1:3.9.1-10 [2573 kB]
Get:31 http://127.0.0.1:9999/debian unstable/main amd64 clang-3.9 amd64 1:3.9.1-10 [37.4 MB]
debconf: delaying package configuration, since apt-utils is not installed
Fetched 83.9 MB in 0s (87.4 MB/s)
(Reading database ... (Reading database ... 5%(Reading database ... 10%(Reading database ... 15%(Reading database ... 20%(Reading database ... 25%(Reading database ... 30%(Reading database ... 35%(Reading database ... 40%(Reading database ... 45%(Reading database ... 50%(Reading database ... 55%(Reading database ... 60%(Reading database ... 65%(Reading database ... 70%(Reading database ... 75%(Reading database ... 80%(Reading database ... 85%(Reading database ... 90%(Reading database ... 95%(Reading database ... 100%(Reading database ... 9635 files and directories currently installed.)
Preparing to unpack .../libquadmath0_7.1.0-9_amd64.deb ...
Unpacking libquadmath0:amd64 (7.1.0-9) over (7.1.0-8) ...
Preparing to unpack .../libitm1_7.1.0-9_amd64.deb ...
Unpacking libitm1:amd64 (7.1.0-9) over (7.1.0-8) ...
Preparing to unpack .../gcc-7-base_7.1.0-9_amd64.deb ...
Unpacking gcc-7-base:amd64 (7.1.0-9) over (7.1.0-8) ...
Setting up gcc-7-base:amd64 (7.1.0-9) ...
(Reading database ... (Reading database ... 5%(Reading database ... 10%(Reading database ... 15%(Reading database ... 20%(Reading database ... 25%(Reading database ... 30%(Reading database ... 35%(Reading database ... 40%(Reading database ... 45%(Reading database ... 50%(Reading database ... 55%(Reading database ... 60%(Reading database ... 65%(Reading database ... 70%(Reading database ... 75%(Reading database ... 80%(Reading database ... 85%(Reading database ... 90%(Reading database ... 95%(Reading database ... 100%(Reading database ... 9635 files and directories currently installed.)
Preparing to unpack .../libstdc++6_7.1.0-9_amd64.deb ...
Unpacking libstdc++6:amd64 (7.1.0-9) over (7.1.0-8) ...
Setting up libstdc++6:amd64 (7.1.0-9) ...
(Reading database ... (Reading database ... 5%(Reading database ... 10%(Reading database ... 15%(Reading database ... 20%(Reading database ... 25%(Reading database ... 30%(Reading database ... 35%(Reading database ... 40%(Reading database ... 45%(Reading database ... 50%(Reading database ... 55%(Reading database ... 60%(Reading database ... 65%(Reading database ... 70%(Reading database ... 75%(Reading database ... 80%(Reading database ... 85%(Reading database ... 90%(Reading database ... 95%(Reading database ... 100%(Reading database ... 9635 files and directories currently installed.)
Preparing to unpack .../0-libmpx2_7.1.0-9_amd64.deb ...
Unpacking libmpx2:amd64 (7.1.0-9) over (7.1.0-8) ...
Preparing to unpack .../1-liblsan0_7.1.0-9_amd64.deb ...
Unpacking liblsan0:amd64 (7.1.0-9) over (7.1.0-8) ...
Preparing to unpack .../2-libtsan0_7.1.0-9_amd64.deb ...
Unpacking libtsan0:amd64 (7.1.0-9) over (7.1.0-8) ...
Preparing to unpack .../3-libubsan0_7.1.0-9_amd64.deb ...
Unpacking libubsan0:amd64 (7.1.0-9) over (7.1.0-8) ...
Preparing to unpack .../4-libcilkrts5_7.1.0-9_amd64.deb ...
Unpacking libcilkrts5:amd64 (7.1.0-9) over (7.1.0-8) ...
Preparing to unpack .../5-libcc1-0_7.1.0-9_amd64.deb ...
Unpacking libcc1-0:amd64 (7.1.0-9) over (7.1.0-8) ...
Preparing to unpack .../6-libatomic1_7.1.0-9_amd64.deb ...
Unpacking libatomic1:amd64 (7.1.0-9) over (7.1.0-8) ...
Preparing to unpack .../7-libgomp1_7.1.0-9_amd64.deb ...
Unpacking libgomp1:amd64 (7.1.0-9) over (7.1.0-8) ...
Preparing to unpack .../8-libgcc1_1%3a7.1.0-9_amd64.deb ...
Unpacking libgcc1:amd64 (1:7.1.0-9) over (1:7.1.0-8) ...
Setting up libgcc1:amd64 (1:7.1.0-9) ...
(Reading database ... (Reading database ... 5%(Reading database ... 10%(Reading database ... 15%(Reading database ... 20%(Reading database ... 25%(Reading database ... 30%(Reading database ... 35%(Reading database ... 40%(Reading database ... 45%(Reading database ... 50%(Reading database ... 55%(Reading database ... 60%(Reading database ... 65%(Reading database ... 70%(Reading database ... 75%(Reading database ... 80%(Reading database ... 85%(Reading database ... 90%(Reading database ... 95%(Reading database ... 100%(Reading database ... 9635 files and directories currently installed.)
Preparing to unpack .../00-libasan3_6.4.0-1_amd64.deb ...
Unpacking libasan3:amd64 (6.4.0-1) over (6.3.0-21) ...
Preparing to unpack .../01-g++-6_6.4.0-1_amd64.deb ...
Unpacking g++-6 (6.4.0-1) over (6.3.0-21) ...
Preparing to unpack .../02-libstdc++-6-dev_6.4.0-1_amd64.deb ...
Unpacking libstdc++-6-dev:amd64 (6.4.0-1) over (6.3.0-21) ...
Preparing to unpack .../03-gcc-6_6.4.0-1_amd64.deb ...
Unpacking gcc-6 (6.4.0-1) over (6.3.0-21) ...
Preparing to unpack .../04-libgcc-6-dev_6.4.0-1_amd64.deb ...
Unpacking libgcc-6-dev:amd64 (6.4.0-1) over (6.3.0-21) ...
Preparing to unpack .../05-cpp-6_6.4.0-1_amd64.deb ...
Unpacking cpp-6 (6.4.0-1) over (6.3.0-21) ...
Preparing to unpack .../06-gcc-6-base_6.4.0-1_amd64.deb ...
Unpacking gcc-6-base:amd64 (6.4.0-1) over (6.3.0-21) ...
Selecting previously unselected package libbsd0:amd64.
Preparing to unpack .../07-libbsd0_0.8.5-1_amd64.deb ...
Unpacking libbsd0:amd64 (0.8.5-1) ...
Selecting previously unselected package libncurses5:amd64.
Preparing to unpack .../08-libncurses5_6.0+20161126-1_amd64.deb ...
Unpacking libncurses5:amd64 (6.0+20161126-1) ...
Selecting previously unselected package libedit2:amd64.
Preparing to unpack .../09-libedit2_3.1-20170329-1_amd64.deb ...
Unpacking libedit2:amd64 (3.1-20170329-1) ...
Selecting previously unselected package libffi6:amd64.
Preparing to unpack .../10-libffi6_3.2.1-6_amd64.deb ...
Unpacking libffi6:amd64 (3.2.1-6) ...
Selecting previously unselected package libllvm3.9:amd64.
Preparing to unpack .../11-libllvm3.9_1%3a3.9.1-10_amd64.deb ...
Unpacking libllvm3.9:amd64 (1:3.9.1-10) ...
Selecting previously unselected package libclang1-3.9:amd64.
Preparing to unpack .../12-libclang1-3.9_1%3a3.9.1-10_amd64.deb ...
Unpacking libclang1-3.9:amd64 (1:3.9.1-10) ...
Selecting previously unselected package libjsoncpp1:amd64.
Preparing to unpack .../13-libjsoncpp1_1.7.4-3_amd64.deb ...
Unpacking libjsoncpp1:amd64 (1.7.4-3) ...
Selecting previously unselected package libobjc4:amd64.
Preparing to unpack .../14-libobjc4_7.1.0-9_amd64.deb ...
Unpacking libobjc4:amd64 (7.1.0-9) ...
Selecting previously unselected package libobjc-6-dev:amd64.
Preparing to unpack .../15-libobjc-6-dev_6.4.0-1_amd64.deb ...
Unpacking libobjc-6-dev:amd64 (6.4.0-1) ...
Selecting previously unselected package libclang-common-3.9-dev.
Preparing to unpack .../16-libclang-common-3.9-dev_1%3a3.9.1-10_amd64.deb ...
Unpacking libclang-common-3.9-dev (1:3.9.1-10) ...
Selecting previously unselected package clang-3.9.
Preparing to unpack .../17-clang-3.9_1%3a3.9.1-10_amd64.deb ...
Unpacking clang-3.9 (1:3.9.1-10) ...
Setting up libquadmath0:amd64 (7.1.0-9) ...
Setting up libncurses5:amd64 (6.0+20161126-1) ...
Setting up libgomp1:amd64 (7.1.0-9) ...
Setting up libatomic1:amd64 (7.1.0-9) ...
Setting up libcc1-0:amd64 (7.1.0-9) ...
Setting up libobjc4:amd64 (7.1.0-9) ...
Setting up libcilkrts5:amd64 (7.1.0-9) ...
Setting up libubsan0:amd64 (7.1.0-9) ...
Setting up libtsan0:amd64 (7.1.0-9) ...
Setting up gcc-6-base:amd64 (6.4.0-1) ...
Setting up libbsd0:amd64 (0.8.5-1) ...
Setting up liblsan0:amd64 (7.1.0-9) ...
Setting up libmpx2:amd64 (7.1.0-9) ...
Processing triggers for libc-bin (2.24-12) ...
Setting up libffi6:amd64 (3.2.1-6) ...
Setting up cpp-6 (6.4.0-1) ...
Setting up libitm1:amd64 (7.1.0-9) ...
Setting up libjsoncpp1:amd64 (1.7.4-3) ...
Setting up libedit2:amd64 (3.1-20170329-1) ...
Setting up libasan3:amd64 (6.4.0-1) ...
Setting up libgcc-6-dev:amd64 (6.4.0-1) ...
Setting up libstdc++-6-dev:amd64 (6.4.0-1) ...
Setting up libllvm3.9:amd64 (1:3.9.1-10) ...
Setting up libclang-common-3.9-dev (1:3.9.1-10) ...
Setting up gcc-6 (6.4.0-1) ...
Setting up g++-6 (6.4.0-1) ...
Setting up libobjc-6-dev:amd64 (6.4.0-1) ...
Setting up libclang1-3.9:amd64 (1:3.9.1-10) ...
Setting up clang-3.9 (1:3.9.1-10) ...
Processing triggers for libc-bin (2.24-12) ...
W: --force-yes is deprecated, use one of the options starting with --allow instead.
+ echo 'Replace gcc, g++ & cpp by clang'
Replace gcc, g++ & cpp by clang
+ VERSIONS='4.6 4.7 4.8 4.9 5 6 7'
+ cd /usr/bin
+ for VERSION in $VERSIONS
+ rm -f g++-4.6 gcc-4.6 cpp-4.6 gcc
+ ln -s clang++-3.9 g++-4.6
+ ln -s clang-3.9 gcc-4.6
+ ln -s clang-3.9 cpp-4.6
+ ln -s clang-3.9 gcc
+ echo 'gcc-4.6 hold'
+ dpkg --set-selections
dpkg: warning: package not in status nor available database at line 1: gcc-4.6
dpkg: warning: found unknown packages; this might mean the available database
is outdated, and needs to be updated through a frontend method;
please see the FAQ <https://wiki.debian.org/Teams/Dpkg/FAQ>
+ echo 'g++-4.6 hold'
+ dpkg --set-selections
dpkg: warning: package not in status nor available database at line 1: g++-4.6
dpkg: warning: found unknown packages; this might mean the available database
is outdated, and needs to be updated through a frontend method;
please see the FAQ <https://wiki.debian.org/Teams/Dpkg/FAQ>
+ for VERSION in $VERSIONS
+ rm -f g++-4.7 gcc-4.7 cpp-4.7 gcc
+ ln -s clang++-3.9 g++-4.7
+ ln -s clang-3.9 gcc-4.7
+ ln -s clang-3.9 cpp-4.7
+ ln -s clang-3.9 gcc
+ echo 'gcc-4.7 hold'
+ dpkg --set-selections
dpkg: warning: package not in status nor available database at line 1: gcc-4.7
dpkg: warning: found unknown packages; this might mean the available database
is outdated, and needs to be updated through a frontend method;
please see the FAQ <https://wiki.debian.org/Teams/Dpkg/FAQ>
+ echo 'g++-4.7 hold'
+ dpkg --set-selections
dpkg: warning: package not in status nor available database at line 1: g++-4.7
dpkg: warning: found unknown packages; this might mean the available database
is outdated, and needs to be updated through a frontend method;
please see the FAQ <https://wiki.debian.org/Teams/Dpkg/FAQ>
+ for VERSION in $VERSIONS
+ rm -f g++-4.8 gcc-4.8 cpp-4.8 gcc
+ ln -s clang++-3.9 g++-4.8
+ ln -s clang-3.9 gcc-4.8
+ ln -s clang-3.9 cpp-4.8
+ ln -s clang-3.9 gcc
+ echo 'gcc-4.8 hold'
+ dpkg --set-selections
dpkg: warning: package not in status nor available database at line 1: gcc-4.8
dpkg: warning: found unknown packages; this might mean the available database
is outdated, and needs to be updated through a frontend method;
please see the FAQ <https://wiki.debian.org/Teams/Dpkg/FAQ>
+ echo 'g++-4.8 hold'
+ dpkg --set-selections
dpkg: warning: package not in status nor available database at line 1: g++-4.8
dpkg: warning: found unknown packages; this might mean the available database
is outdated, and needs to be updated through a frontend method;
please see the FAQ <https://wiki.debian.org/Teams/Dpkg/FAQ>
+ for VERSION in $VERSIONS
+ rm -f g++-4.9 gcc-4.9 cpp-4.9 gcc
+ ln -s clang++-3.9 g++-4.9
+ ln -s clang-3.9 gcc-4.9
+ ln -s clang-3.9 cpp-4.9
+ ln -s clang-3.9 gcc
+ echo 'gcc-4.9 hold'
+ dpkg --set-selections
dpkg: warning: package not in status nor available database at line 1: gcc-4.9
dpkg: warning: found unknown packages; this might mean the available database
is outdated, and needs to be updated through a frontend method;
please see the FAQ <https://wiki.debian.org/Teams/Dpkg/FAQ>
+ echo 'g++-4.9 hold'
+ dpkg --set-selections
dpkg: warning: package not in status nor available database at line 1: g++-4.9
dpkg: warning: found unknown packages; this might mean the available database
is outdated, and needs to be updated through a frontend method;
please see the FAQ <https://wiki.debian.org/Teams/Dpkg/FAQ>
+ for VERSION in $VERSIONS
+ rm -f g++-5 gcc-5 cpp-5 gcc
+ ln -s clang++-3.9 g++-5
+ ln -s clang-3.9 gcc-5
+ ln -s clang-3.9 cpp-5
+ ln -s clang-3.9 gcc
+ echo 'gcc-5 hold'
+ dpkg --set-selections
+ echo 'g++-5 hold'
+ dpkg --set-selections
+ for VERSION in $VERSIONS
+ rm -f g++-6 gcc-6 cpp-6 gcc
+ ln -s clang++-3.9 g++-6
+ ln -s clang-3.9 gcc-6
+ ln -s clang-3.9 cpp-6
+ ln -s clang-3.9 gcc
+ echo 'gcc-6 hold'
+ dpkg --set-selections
+ echo 'g++-6 hold'
+ dpkg --set-selections
+ for VERSION in $VERSIONS
+ rm -f g++-7 gcc-7 cpp-7 gcc
+ ln -s clang++-3.9 g++-7
+ ln -s clang-3.9 gcc-7
+ ln -s clang-3.9 cpp-7
+ ln -s clang-3.9 gcc
+ echo 'gcc-7 hold'
+ dpkg --set-selections
dpkg: warning: package not in status nor available database at line 1: gcc-7
dpkg: warning: found unknown packages; this might mean the available database
is outdated, and needs to be updated through a frontend method;
please see the FAQ <https://wiki.debian.org/Teams/Dpkg/FAQ>
+ echo 'g++-7 hold'
+ dpkg --set-selections
dpkg: warning: package not in status nor available database at line 1: g++-7
dpkg: warning: found unknown packages; this might mean the available database
is outdated, and needs to be updated through a frontend method;
please see the FAQ <https://wiki.debian.org/Teams/Dpkg/FAQ>
+ cd -
/build/dune-grid-N3fzrH
+ echo 'Check if gcc, g++ & cpp are actually clang'
Check if gcc, g++ & cpp are actually clang
+ gcc --version
+ grep clang
+ cpp --version
+ grep clang
+ g++ --version
+ grep clang

I: Finished running '/tmp/clang'.

Finished processing commands.
--------------------------------------------------------------------------------

+------------------------------------------------------------------------------+
| Update chroot                                                                |
+------------------------------------------------------------------------------+

Hit:1 http://127.0.0.1:9999/debian unstable InRelease
Reading package lists...
Reading package lists...
Building dependency tree...
Reading state information...
Calculating upgrade...
The following NEW packages will be installed:
  libgnutls30 libhogweed4 libidn2-0 libnettle6 libp11-kit0 libtasn1-6
  libunistring2
The following packages will be upgraded:
  apt cpp debconf g++ gcc libapt-pkg5.0 libdebconfclient0 libperl5.24
  libsystemd0 libudev1 perl perl-base perl-modules-5.24
13 upgraded, 7 newly installed, 0 to remove and 0 not upgraded.
Need to get 12.5 MB of archives.
After this operation, 6330 kB of additional disk space will be used.
Get:1 http://127.0.0.1:9999/debian unstable/main amd64 libperl5.24 amd64 5.24.1-6 [3525 kB]
Get:2 http://127.0.0.1:9999/debian unstable/main amd64 perl amd64 5.24.1-6 [218 kB]
Get:3 http://127.0.0.1:9999/debian unstable/main amd64 perl-base amd64 5.24.1-6 [1344 kB]
Get:4 http://127.0.0.1:9999/debian unstable/main amd64 perl-modules-5.24 all 5.24.1-6 [2723 kB]
Get:5 http://127.0.0.1:9999/debian unstable/main amd64 libapt-pkg5.0 amd64 1.5~beta1 [922 kB]
Get:6 http://127.0.0.1:9999/debian unstable/main amd64 libnettle6 amd64 3.3-1+b1 [191 kB]
Get:7 http://127.0.0.1:9999/debian unstable/main amd64 libhogweed4 amd64 3.3-1+b1 [136 kB]
Get:8 http://127.0.0.1:9999/debian unstable/main amd64 libunistring2 amd64 0.9.7-2 [377 kB]
Get:9 http://127.0.0.1:9999/debian unstable/main amd64 libidn2-0 amd64 0.16-1+b1 [56.6 kB]
Get:10 http://127.0.0.1:9999/debian unstable/main amd64 libp11-kit0 amd64 0.23.7-2 [193 kB]
Get:11 http://127.0.0.1:9999/debian unstable/main amd64 libtasn1-6 amd64 4.12-2 [51.0 kB]
Get:12 http://127.0.0.1:9999/debian unstable/main amd64 libgnutls30 amd64 3.5.13-2 [914 kB]
Get:13 http://127.0.0.1:9999/debian unstable/main amd64 apt amd64 1.5~beta1 [1237 kB]
Get:14 http://127.0.0.1:9999/debian unstable/main amd64 debconf all 1.5.62 [160 kB]
Get:15 http://127.0.0.1:9999/debian unstable/main amd64 libsystemd0 amd64 233-10 [281 kB]
Get:16 http://127.0.0.1:9999/debian unstable/main amd64 libudev1 amd64 233-10 [126 kB]
Get:17 http://127.0.0.1:9999/debian unstable/main amd64 libdebconfclient0 amd64 0.229 [47.9 kB]
Get:18 http://127.0.0.1:9999/debian unstable/main amd64 cpp amd64 4:6.3.0-4d1 [18.8 kB]
Get:19 http://127.0.0.1:9999/debian unstable/main amd64 gcc amd64 4:6.3.0-4d1 [5252 B]
Get:20 http://127.0.0.1:9999/debian unstable/main amd64 g++ amd64 4:6.3.0-4d1 [1548 B]
debconf: delaying package configuration, since apt-utils is not installed
Fetched 12.5 MB in 0s (86.4 MB/s)
(Reading database ... (Reading database ... 5%(Reading database ... 10%(Reading database ... 15%(Reading database ... 20%(Reading database ... 25%(Reading database ... 30%(Reading database ... 35%(Reading database ... 40%(Reading database ... 45%(Reading database ... 50%(Reading database ... 55%(Reading database ... 60%(Reading database ... 65%(Reading database ... 70%(Reading database ... 75%(Reading database ... 80%(Reading database ... 85%(Reading database ... 90%(Reading database ... 95%(Reading database ... 100%(Reading database ... 10107 files and directories currently installed.)
Preparing to unpack .../libperl5.24_5.24.1-6_amd64.deb ...
Unpacking libperl5.24:amd64 (5.24.1-6) over (5.24.1-4) ...
Preparing to unpack .../perl_5.24.1-6_amd64.deb ...
Unpacking perl (5.24.1-6) over (5.24.1-4) ...
Preparing to unpack .../perl-base_5.24.1-6_amd64.deb ...
Unpacking perl-base (5.24.1-6) over (5.24.1-4) ...
Setting up perl-base (5.24.1-6) ...
(Reading database ... (Reading database ... 5%(Reading database ... 10%(Reading database ... 15%(Reading database ... 20%(Reading database ... 25%(Reading database ... 30%(Reading database ... 35%(Reading database ... 40%(Reading database ... 45%(Reading database ... 50%(Reading database ... 55%(Reading database ... 60%(Reading database ... 65%(Reading database ... 70%(Reading database ... 75%(Reading database ... 80%(Reading database ... 85%(Reading database ... 90%(Reading database ... 95%(Reading database ... 100%(Reading database ... 10107 files and directories currently installed.)
Preparing to unpack .../perl-modules-5.24_5.24.1-6_all.deb ...
Unpacking perl-modules-5.24 (5.24.1-6) over (5.24.1-4) ...
Preparing to unpack .../libapt-pkg5.0_1.5~beta1_amd64.deb ...
Unpacking libapt-pkg5.0:amd64 (1.5~beta1) over (1.4.6) ...
Setting up libapt-pkg5.0:amd64 (1.5~beta1) ...
Selecting previously unselected package libnettle6:amd64.
(Reading database ... (Reading database ... 5%(Reading database ... 10%(Reading database ... 15%(Reading database ... 20%(Reading database ... 25%(Reading database ... 30%(Reading database ... 35%(Reading database ... 40%(Reading database ... 45%(Reading database ... 50%(Reading database ... 55%(Reading database ... 60%(Reading database ... 65%(Reading database ... 70%(Reading database ... 75%(Reading database ... 80%(Reading database ... 85%(Reading database ... 90%(Reading database ... 95%(Reading database ... 100%(Reading database ... 10107 files and directories currently installed.)
Preparing to unpack .../libnettle6_3.3-1+b1_amd64.deb ...
Unpacking libnettle6:amd64 (3.3-1+b1) ...
Setting up libnettle6:amd64 (3.3-1+b1) ...
Selecting previously unselected package libhogweed4:amd64.
(Reading database ... (Reading database ... 5%(Reading database ... 10%(Reading database ... 15%(Reading database ... 20%(Reading database ... 25%(Reading database ... 30%(Reading database ... 35%(Reading database ... 40%(Reading database ... 45%(Reading database ... 50%(Reading database ... 55%(Reading database ... 60%(Reading database ... 65%(Reading database ... 70%(Reading database ... 75%(Reading database ... 80%(Reading database ... 85%(Reading database ... 90%(Reading database ... 95%(Reading database ... 100%(Reading database ... 10114 files and directories currently installed.)
Preparing to unpack .../libhogweed4_3.3-1+b1_amd64.deb ...
Unpacking libhogweed4:amd64 (3.3-1+b1) ...
Setting up libhogweed4:amd64 (3.3-1+b1) ...
Selecting previously unselected package libunistring2:amd64.
(Reading database ... (Reading database ... 5%(Reading database ... 10%(Reading database ... 15%(Reading database ... 20%(Reading database ... 25%(Reading database ... 30%(Reading database ... 35%(Reading database ... 40%(Reading database ... 45%(Reading database ... 50%(Reading database ... 55%(Reading database ... 60%(Reading database ... 65%(Reading database ... 70%(Reading database ... 75%(Reading database ... 80%(Reading database ... 85%(Reading database ... 90%(Reading database ... 95%(Reading database ... 100%(Reading database ... 10117 files and directories currently installed.)
Preparing to unpack .../libunistring2_0.9.7-2_amd64.deb ...
Unpacking libunistring2:amd64 (0.9.7-2) ...
Setting up libunistring2:amd64 (0.9.7-2) ...
Selecting previously unselected package libidn2-0:amd64.
(Reading database ... (Reading database ... 5%(Reading database ... 10%(Reading database ... 15%(Reading database ... 20%(Reading database ... 25%(Reading database ... 30%(Reading database ... 35%(Reading database ... 40%(Reading database ... 45%(Reading database ... 50%(Reading database ... 55%(Reading database ... 60%(Reading database ... 65%(Reading database ... 70%(Reading database ... 75%(Reading database ... 80%(Reading database ... 85%(Reading database ... 90%(Reading database ... 95%(Reading database ... 100%(Reading database ... 10123 files and directories currently installed.)
Preparing to unpack .../libidn2-0_0.16-1+b1_amd64.deb ...
Unpacking libidn2-0:amd64 (0.16-1+b1) ...
Setting up libidn2-0:amd64 (0.16-1+b1) ...
Selecting previously unselected package libp11-kit0:amd64.
(Reading database ... (Reading database ... 5%(Reading database ... 10%(Reading database ... 15%(Reading database ... 20%(Reading database ... 25%(Reading database ... 30%(Reading database ... 35%(Reading database ... 40%(Reading database ... 45%(Reading database ... 50%(Reading database ... 55%(Reading database ... 60%(Reading database ... 65%(Reading database ... 70%(Reading database ... 75%(Reading database ... 80%(Reading database ... 85%(Reading database ... 90%(Reading database ... 95%(Reading database ... 100%(Reading database ... 10133 files and directories currently installed.)
Preparing to unpack .../libp11-kit0_0.23.7-2_amd64.deb ...
Unpacking libp11-kit0:amd64 (0.23.7-2) ...
Setting up libp11-kit0:amd64 (0.23.7-2) ...
Selecting previously unselected package libtasn1-6:amd64.
(Reading database ... (Reading database ... 5%(Reading database ... 10%(Reading database ... 15%(Reading database ... 20%(Reading database ... 25%(Reading database ... 30%(Reading database ... 35%(Reading database ... 40%(Reading database ... 45%(Reading database ... 50%(Reading database ... 55%(Reading database ... 60%(Reading database ... 65%(Reading database ... 70%(Reading database ... 75%(Reading database ... 80%(Reading database ... 85%(Reading database ... 90%(Reading database ... 95%(Reading database ... 100%(Reading database ... 10141 files and directories currently installed.)
Preparing to unpack .../libtasn1-6_4.12-2_amd64.deb ...
Unpacking libtasn1-6:amd64 (4.12-2) ...
Setting up libtasn1-6:amd64 (4.12-2) ...
Selecting previously unselected package libgnutls30:amd64.
(Reading database ... (Reading database ... 5%(Reading database ... 10%(Reading database ... 15%(Reading database ... 20%(Reading database ... 25%(Reading database ... 30%(Reading database ... 35%(Reading database ... 40%(Reading database ... 45%(Reading database ... 50%(Reading database ... 55%(Reading database ... 60%(Reading database ... 65%(Reading database ... 70%(Reading database ... 75%(Reading database ... 80%(Reading database ... 85%(Reading database ... 90%(Reading database ... 95%(Reading database ... 100%(Reading database ... 10150 files and directories currently installed.)
Preparing to unpack .../libgnutls30_3.5.13-2_amd64.deb ...
Unpacking libgnutls30:amd64 (3.5.13-2) ...
Setting up libgnutls30:amd64 (3.5.13-2) ...
(Reading database ... (Reading database ... 5%(Reading database ... 10%(Reading database ... 15%(Reading database ... 20%(Reading database ... 25%(Reading database ... 30%(Reading database ... 35%(Reading database ... 40%(Reading database ... 45%(Reading database ... 50%(Reading database ... 55%(Reading database ... 60%(Reading database ... 65%(Reading database ... 70%(Reading database ... 75%(Reading database ... 80%(Reading database ... 85%(Reading database ... 90%(Reading database ... 95%(Reading database ... 100%(Reading database ... 10177 files and directories currently installed.)
Preparing to unpack .../apt_1.5~beta1_amd64.deb ...
Unpacking apt (1.5~beta1) over (1.4.6) ...
Setting up apt (1.5~beta1) ...
(Reading database ... (Reading database ... 5%(Reading database ... 10%(Reading database ... 15%(Reading database ... 20%(Reading database ... 25%(Reading database ... 30%(Reading database ... 35%(Reading database ... 40%(Reading database ... 45%(Reading database ... 50%(Reading database ... 55%(Reading database ... 60%(Reading database ... 65%(Reading database ... 70%(Reading database ... 75%(Reading database ... 80%(Reading database ... 85%(Reading database ... 90%(Reading database ... 95%(Reading database ... 100%(Reading database ... 10176 files and directories currently installed.)
Preparing to unpack .../debconf_1.5.62_all.deb ...
Unpacking debconf (1.5.62) over (1.5.61) ...
Setting up debconf (1.5.62) ...
(Reading database ... (Reading database ... 5%(Reading database ... 10%(Reading database ... 15%(Reading database ... 20%(Reading database ... 25%(Reading database ... 30%(Reading database ... 35%(Reading database ... 40%(Reading database ... 45%(Reading database ... 50%(Reading database ... 55%(Reading database ... 60%(Reading database ... 65%(Reading database ... 70%(Reading database ... 75%(Reading database ... 80%(Reading database ... 85%(Reading database ... 90%(Reading database ... 95%(Reading database ... 100%(Reading database ... 10176 files and directories currently installed.)
Preparing to unpack .../libsystemd0_233-10_amd64.deb ...
Unpacking libsystemd0:amd64 (233-10) over (233-9) ...
Setting up libsystemd0:amd64 (233-10) ...
(Reading database ... (Reading database ... 5%(Reading database ... 10%(Reading database ... 15%(Reading database ... 20%(Reading database ... 25%(Reading database ... 30%(Reading database ... 35%(Reading database ... 40%(Reading database ... 45%(Reading database ... 50%(Reading database ... 55%(Reading database ... 60%(Reading database ... 65%(Reading database ... 70%(Reading database ... 75%(Reading database ... 80%(Reading database ... 85%(Reading database ... 90%(Reading database ... 95%(Reading database ... 100%(Reading database ... 10176 files and directories currently installed.)
Preparing to unpack .../libudev1_233-10_amd64.deb ...
Unpacking libudev1:amd64 (233-10) over (233-9) ...
Setting up libudev1:amd64 (233-10) ...
(Reading database ... (Reading database ... 5%(Reading database ... 10%(Reading database ... 15%(Reading database ... 20%(Reading database ... 25%(Reading database ... 30%(Reading database ... 35%(Reading database ... 40%(Reading database ... 45%(Reading database ... 50%(Reading database ... 55%(Reading database ... 60%(Reading database ... 65%(Reading database ... 70%(Reading database ... 75%(Reading database ... 80%(Reading database ... 85%(Reading database ... 90%(Reading database ... 95%(Reading database ... 100%(Reading database ... 10176 files and directories currently installed.)
Preparing to unpack .../libdebconfclient0_0.229_amd64.deb ...
Unpacking libdebconfclient0:amd64 (0.229) over (0.228) ...
Setting up libdebconfclient0:amd64 (0.229) ...
(Reading database ... (Reading database ... 5%(Reading database ... 10%(Reading database ... 15%(Reading database ... 20%(Reading database ... 25%(Reading database ... 30%(Reading database ... 35%(Reading database ... 40%(Reading database ... 45%(Reading database ... 50%(Reading database ... 55%(Reading database ... 60%(Reading database ... 65%(Reading database ... 70%(Reading database ... 75%(Reading database ... 80%(Reading database ... 85%(Reading database ... 90%(Reading database ... 95%(Reading database ... 100%(Reading database ... 10176 files and directories currently installed.)
Preparing to unpack .../cpp_4%3a6.3.0-4d1_amd64.deb ...
Unpacking cpp (4:6.3.0-4d1) over (4:6.3.0-4) ...
Preparing to unpack .../gcc_4%3a6.3.0-4d1_amd64.deb ...
Removing old gcc doc directory.
Unpacking gcc (4:6.3.0-4d1) over (4:6.3.0-4) ...
Preparing to unpack .../g++_4%3a6.3.0-4d1_amd64.deb ...
Unpacking g++ (4:6.3.0-4d1) over (4:6.3.0-4) ...
Setting up cpp (4:6.3.0-4d1) ...
Setting up perl-modules-5.24 (5.24.1-6) ...
Setting up libperl5.24:amd64 (5.24.1-6) ...
Setting up gcc (4:6.3.0-4d1) ...
Setting up perl (5.24.1-6) ...
Processing triggers for libc-bin (2.24-12) ...
Setting up g++ (4:6.3.0-4d1) ...

+------------------------------------------------------------------------------+
| Fetch source files                                                           |
+------------------------------------------------------------------------------+


Check APT
---------

Checking available source versions...

Download source files with APT
------------------------------

Reading package lists...
NOTICE: 'dune-grid' packaging is maintained in the 'Git' version control system at:
https://anonscm.debian.org/git/debian-science/packages/dune-grid.git
Please use:
git clone https://anonscm.debian.org/git/debian-science/packages/dune-grid.git
to retrieve the latest (possibly unreleased) updates to the package.
Need to get 2651 kB of source archives.
Get:1 http://127.0.0.1:9999/debian unstable/main dune-grid 2.5.0-1 (dsc) [2482 B]
Get:2 http://127.0.0.1:9999/debian unstable/main dune-grid 2.5.0-1 (tar) [2643 kB]
Get:3 http://127.0.0.1:9999/debian unstable/main dune-grid 2.5.0-1 (diff) [5788 B]
Fetched 2651 kB in 0s (19.2 MB/s)
Download complete and in download only mode
I: NOTICE: Log filtering will replace 'build/dune-grid-N3fzrH/dune-grid-2.5.0' with '<<PKGBUILDDIR>>'
I: NOTICE: Log filtering will replace 'build/dune-grid-N3fzrH' with '<<BUILDDIR>>'

+------------------------------------------------------------------------------+
| Install build-essential                                                      |
+------------------------------------------------------------------------------+


Setup apt archive
-----------------

Merged Build-Depends: build-essential, fakeroot
Filtered Build-Depends: build-essential, fakeroot
dpkg-deb: building package 'sbuild-build-depends-core-dummy' in '/<<BUILDDIR>>/resolver-idRYIe/apt_archive/sbuild-build-depends-core-dummy.deb'.
dpkg-scanpackages: warning: Packages in archive but missing from override file:
dpkg-scanpackages: warning:   sbuild-build-depends-core-dummy
dpkg-scanpackages: info: Wrote 1 entries to output Packages file.
Ign:1 copy:/<<BUILDDIR>>/resolver-idRYIe/apt_archive ./ InRelease
Get:2 copy:/<<BUILDDIR>>/resolver-idRYIe/apt_archive ./ Release [957 B]
Ign:3 copy:/<<BUILDDIR>>/resolver-idRYIe/apt_archive ./ Release.gpg
Get:4 copy:/<<BUILDDIR>>/resolver-idRYIe/apt_archive ./ Sources [349 B]
Get:5 copy:/<<BUILDDIR>>/resolver-idRYIe/apt_archive ./ Packages [431 B]
Fetched 1737 B in 0s (0 B/s)
Reading package lists...
Reading package lists...

Install core build dependencies (apt-based resolver)
----------------------------------------------------

Installing build dependencies
Reading package lists...
Building dependency tree...
Reading state information...
The following NEW packages will be installed:
  sbuild-build-depends-core-dummy
0 upgraded, 1 newly installed, 0 to remove and 0 not upgraded.
Need to get 784 B of archives.
After this operation, 0 B of additional disk space will be used.
Get:1 copy:/<<BUILDDIR>>/resolver-idRYIe/apt_archive ./ sbuild-build-depends-core-dummy 0.invalid.0 [784 B]
debconf: delaying package configuration, since apt-utils is not installed
Fetched 784 B in 0s (0 B/s)
Selecting previously unselected package sbuild-build-depends-core-dummy.
(Reading database ... 10178 files and directories currently installed.)
Preparing to unpack .../sbuild-build-depends-core-dummy_0.invalid.0_amd64.deb ...
Unpacking sbuild-build-depends-core-dummy (0.invalid.0) ...
Setting up sbuild-build-depends-core-dummy (0.invalid.0) ...

+------------------------------------------------------------------------------+
| Check architectures                                                          |
+------------------------------------------------------------------------------+

Arch check ok (amd64 included in any all)

+------------------------------------------------------------------------------+
| Install package build dependencies                                           |
+------------------------------------------------------------------------------+


Setup apt archive
-----------------

Merged Build-Depends: debhelper (>= 9), cmake, gfortran, mpi-default-bin, mpi-default-dev, pkg-config, python3, libdune-common-dev (>= 2.5.0), libdune-geometry-dev (>= 2.5.0), libdune-uggrid-dev (>= 2.5.0), libalberta-dev (>= 2.0.1-5), libgmp-dev
Filtered Build-Depends: debhelper (>= 9), cmake, gfortran, mpi-default-bin, mpi-default-dev, pkg-config, python3, libdune-common-dev (>= 2.5.0), libdune-geometry-dev (>= 2.5.0), libdune-uggrid-dev (>= 2.5.0), libalberta-dev (>= 2.0.1-5), libgmp-dev
dpkg-deb: building package 'sbuild-build-depends-dune-grid-dummy' in '/<<BUILDDIR>>/resolver-idRYIe/apt_archive/sbuild-build-depends-dune-grid-dummy.deb'.
dpkg-scanpackages: warning: Packages in archive but missing from override file:
dpkg-scanpackages: warning:   sbuild-build-depends-core-dummy sbuild-build-depends-dune-grid-dummy
dpkg-scanpackages: info: Wrote 2 entries to output Packages file.
Ign:1 copy:/<<BUILDDIR>>/resolver-idRYIe/apt_archive ./ InRelease
Get:2 copy:/<<BUILDDIR>>/resolver-idRYIe/apt_archive ./ Release [963 B]
Ign:3 copy:/<<BUILDDIR>>/resolver-idRYIe/apt_archive ./ Release.gpg
Get:4 copy:/<<BUILDDIR>>/resolver-idRYIe/apt_archive ./ Sources [582 B]
Get:5 copy:/<<BUILDDIR>>/resolver-idRYIe/apt_archive ./ Packages [665 B]
Fetched 2210 B in 0s (0 B/s)
Reading package lists...
Reading package lists...

Install dune-grid build dependencies (apt-based resolver)
---------------------------------------------------------

Installing build dependencies
Reading package lists...
Building dependency tree...
Reading state information...
The following additional packages will be installed:
  autoconf automake autopoint autotools-dev bsdmainutils cmake cmake-data
  debhelper dh-autoreconf dh-python dh-strip-nondeterminism file gettext
  gettext-base gfortran gfortran-6 groff-base intltool-debian libalberta-dev
  libalberta4 libarchive-zip-perl libarchive13 libcroco3 libcurl3
  libdune-common-dev libdune-geometry-dev libdune-uggrid-dev libexpat1
  libfabric1 libfile-stripnondeterminism-perl libgfortran-6-dev libgfortran3
  libglib2.0-0 libgmp-dev libgmpxx4ldbl libgssapi-krb5-2 libhwloc-dev
  libhwloc-plugins libhwloc5 libibverbs-dev libibverbs1 libicu57 libk5crypto3
  libkeyutils1 libkrb5-3 libkrb5support0 libldap-2.4-2 libldap-common
  libltdl-dev libltdl7 liblzo2-2 libmagic-mgc libmagic1 libmpdec2
  libnghttp2-14 libnl-3-200 libnl-route-3-200 libnuma-dev libnuma1
  libopenmpi-dev libopenmpi2 libpciaccess0 libpipeline1 libprocps6 libpsl5
  libpsm-infinipath1 libpython-stdlib libpython2.7-minimal libpython2.7-stdlib
  libpython3-stdlib libpython3.5-minimal libpython3.5-stdlib librdmacm1
  libreadline7 librtmp1 libsasl2-2 libsasl2-modules-db libsigsegv2
  libsqlite3-0 libssh2-1 libssl1.0.2 libssl1.1 libtimedate-perl libtool libuv1
  libxml2 lsb-base m4 man-db mime-support mpi-default-bin mpi-default-dev
  ocl-icd-libopencl1 openmpi-bin openmpi-common pkg-config po-debconf procps
  python python-minimal python-pyparsing python2.7 python2.7-minimal python3
  python3-minimal python3.5 python3.5-minimal readline-common
Suggested packages:
  autoconf-archive gnu-standards autoconf-doc wamerican | wordlist whois
  vacation codeblocks eclipse ninja-build dh-make gettext-doc libasprintf-dev
  libgettextpo-dev gfortran-multilib gfortran-doc gfortran-6-multilib
  gfortran-6-doc libgfortran3-dbg libcoarrays-dev groff libalberta-dbg lrzip
  libdune-common-dbg libdune-common-doc libdune-geometry-dbg
  libdune-uggrid-dbg gmp-doc libgmp10-doc libmpfr-dev krb5-doc krb5-user
  libhwloc-contrib-plugins libtool-doc openmpi-doc pciutils gcj-jdk m4-doc
  less www-browser opencl-icd libmail-box-perl python-doc python-tk
  python-pyparsing-doc python2.7-doc binfmt-support python3-doc python3-tk
  python3-venv python3.5-venv python3.5-doc readline-doc
Recommended packages:
  curl | wget | lynx-cur ca-certificates libarchive-cpio-perl libglib2.0-data
  shared-mime-info xdg-user-dirs krb5-locales publicsuffix libsasl2-modules
  xml-core libmail-sendmail-perl psmisc
The following NEW packages will be installed:
  autoconf automake autopoint autotools-dev bsdmainutils cmake cmake-data
  debhelper dh-autoreconf dh-python dh-strip-nondeterminism file gettext
  gettext-base gfortran gfortran-6 groff-base intltool-debian libalberta-dev
  libalberta4 libarchive-zip-perl libarchive13 libcroco3 libcurl3
  libdune-common-dev libdune-geometry-dev libdune-uggrid-dev libexpat1
  libfabric1 libfile-stripnondeterminism-perl libgfortran-6-dev libgfortran3
  libglib2.0-0 libgmp-dev libgmpxx4ldbl libgssapi-krb5-2 libhwloc-dev
  libhwloc-plugins libhwloc5 libibverbs-dev libibverbs1 libicu57 libk5crypto3
  libkeyutils1 libkrb5-3 libkrb5support0 libldap-2.4-2 libldap-common
  libltdl-dev libltdl7 liblzo2-2 libmagic-mgc libmagic1 libmpdec2
  libnghttp2-14 libnl-3-200 libnl-route-3-200 libnuma-dev libnuma1
  libopenmpi-dev libopenmpi2 libpciaccess0 libpipeline1 libprocps6 libpsl5
  libpsm-infinipath1 libpython-stdlib libpython2.7-minimal libpython2.7-stdlib
  libpython3-stdlib libpython3.5-minimal libpython3.5-stdlib librdmacm1
  libreadline7 librtmp1 libsasl2-2 libsasl2-modules-db libsigsegv2
  libsqlite3-0 libssh2-1 libssl1.0.2 libssl1.1 libtimedate-perl libtool libuv1
  libxml2 lsb-base m4 man-db mime-support mpi-default-bin mpi-default-dev
  ocl-icd-libopencl1 openmpi-bin openmpi-common pkg-config po-debconf procps
  python python-minimal python-pyparsing python2.7 python2.7-minimal python3
  python3-minimal python3.5 python3.5-minimal readline-common
  sbuild-build-depends-dune-grid-dummy
0 upgraded, 109 newly installed, 0 to remove and 0 not upgraded.
Need to get 54.8 MB of archives.
After this operation, 208 MB of additional disk space will be used.
Get:1 copy:/<<BUILDDIR>>/resolver-idRYIe/apt_archive ./ sbuild-build-depends-dune-grid-dummy 0.invalid.0 [878 B]
Get:2 http://127.0.0.1:9999/debian unstable/main amd64 groff-base amd64 1.22.3-9 [1160 kB]
Get:3 http://127.0.0.1:9999/debian unstable/main amd64 bsdmainutils amd64 9.0.12+nmu1 [186 kB]
Get:4 http://127.0.0.1:9999/debian unstable/main amd64 libpipeline1 amd64 1.4.1-2 [27.6 kB]
Get:5 http://127.0.0.1:9999/debian unstable/main amd64 man-db amd64 2.7.6.1-2 [1044 kB]
Get:6 http://127.0.0.1:9999/debian unstable/main amd64 libpython2.7-minimal amd64 2.7.13-2 [389 kB]
Get:7 http://127.0.0.1:9999/debian unstable/main amd64 python2.7-minimal amd64 2.7.13-2 [1383 kB]
Get:8 http://127.0.0.1:9999/debian unstable/main amd64 python-minimal amd64 2.7.13-2 [40.5 kB]
Get:9 http://127.0.0.1:9999/debian unstable/main amd64 mime-support all 3.60 [36.7 kB]
Get:10 http://127.0.0.1:9999/debian unstable/main amd64 libexpat1 amd64 2.2.1-3 [85.6 kB]
Get:11 http://127.0.0.1:9999/debian unstable/main amd64 readline-common all 7.0-3 [70.4 kB]
Get:12 http://127.0.0.1:9999/debian unstable/main amd64 libreadline7 amd64 7.0-3 [151 kB]
Get:13 http://127.0.0.1:9999/debian unstable/main amd64 libsqlite3-0 amd64 3.16.2-5 [572 kB]
Get:14 http://127.0.0.1:9999/debian unstable/main amd64 libssl1.1 amd64 1.1.0f-3 [1342 kB]
Get:15 http://127.0.0.1:9999/debian unstable/main amd64 libpython2.7-stdlib amd64 2.7.13-2 [1895 kB]
Get:16 http://127.0.0.1:9999/debian unstable/main amd64 python2.7 amd64 2.7.13-2 [285 kB]
Get:17 http://127.0.0.1:9999/debian unstable/main amd64 libpython-stdlib amd64 2.7.13-2 [20.0 kB]
Get:18 http://127.0.0.1:9999/debian unstable/main amd64 python amd64 2.7.13-2 [154 kB]
Get:19 http://127.0.0.1:9999/debian unstable/main amd64 cmake-data all 3.7.2-1 [1216 kB]
Get:20 http://127.0.0.1:9999/debian unstable/main amd64 libprocps6 amd64 2:3.3.12-3 [58.1 kB]
Get:21 http://127.0.0.1:9999/debian unstable/main amd64 lsb-base all 9.20161125 [27.9 kB]
Get:22 http://127.0.0.1:9999/debian unstable/main amd64 procps amd64 2:3.3.12-3 [249 kB]
Get:23 http://127.0.0.1:9999/debian unstable/main amd64 liblzo2-2 amd64 2.08-1.2+b2 [55.0 kB]
Get:24 http://127.0.0.1:9999/debian unstable/main amd64 libicu57 amd64 57.1-6 [7701 kB]
Get:25 http://127.0.0.1:9999/debian unstable/main amd64 libxml2 amd64 2.9.4+dfsg1-3 [715 kB]
Get:26 http://127.0.0.1:9999/debian unstable/main amd64 libarchive13 amd64 3.2.2-2 [294 kB]
Get:27 http://127.0.0.1:9999/debian unstable/main amd64 libkeyutils1 amd64 1.5.9-9 [12.4 kB]
Get:28 http://127.0.0.1:9999/debian unstable/main amd64 libkrb5support0 amd64 1.15-1 [61.7 kB]
Get:29 http://127.0.0.1:9999/debian unstable/main amd64 libk5crypto3 amd64 1.15-1 [119 kB]
Get:30 http://127.0.0.1:9999/debian unstable/main amd64 libkrb5-3 amd64 1.15-1 [311 kB]
Get:31 http://127.0.0.1:9999/debian unstable/main amd64 libgssapi-krb5-2 amd64 1.15-1 [154 kB]
Get:32 http://127.0.0.1:9999/debian unstable/main amd64 libsasl2-modules-db amd64 2.1.27~101-g0780600+dfsg-3 [68.2 kB]
Get:33 http://127.0.0.1:9999/debian unstable/main amd64 libsasl2-2 amd64 2.1.27~101-g0780600+dfsg-3 [105 kB]
Get:34 http://127.0.0.1:9999/debian unstable/main amd64 libldap-common all 2.4.44+dfsg-7 [85.2 kB]
Get:35 http://127.0.0.1:9999/debian unstable/main amd64 libldap-2.4-2 amd64 2.4.44+dfsg-7 [219 kB]
Get:36 http://127.0.0.1:9999/debian unstable/main amd64 libnghttp2-14 amd64 1.24.0-1 [81.6 kB]
Get:37 http://127.0.0.1:9999/debian unstable/main amd64 libpsl5 amd64 0.17.0-4+b1 [43.0 kB]
Get:38 http://127.0.0.1:9999/debian unstable/main amd64 librtmp1 amd64 2.4+20151223.gitfa8646d.1-1+b1 [60.4 kB]
Get:39 http://127.0.0.1:9999/debian unstable/main amd64 libssh2-1 amd64 1.8.0-1 [138 kB]
Get:40 http://127.0.0.1:9999/debian unstable/main amd64 libssl1.0.2 amd64 1.0.2l-2 [1294 kB]
Get:41 http://127.0.0.1:9999/debian unstable/main amd64 libcurl3 amd64 7.52.1-5 [291 kB]
Get:42 http://127.0.0.1:9999/debian unstable/main amd64 libuv1 amd64 1.9.1-3 [84.4 kB]
Get:43 http://127.0.0.1:9999/debian unstable/main amd64 cmake amd64 3.7.2-1 [3038 kB]
Get:44 http://127.0.0.1:9999/debian unstable/main amd64 libpython3.5-minimal amd64 3.5.3-3 [577 kB]
Get:45 http://127.0.0.1:9999/debian unstable/main amd64 python3.5-minimal amd64 3.5.3-3 [1695 kB]
Get:46 http://127.0.0.1:9999/debian unstable/main amd64 python3-minimal amd64 3.5.3-3 [35.4 kB]
Get:47 http://127.0.0.1:9999/debian unstable/main amd64 libmpdec2 amd64 2.4.2-1 [85.2 kB]
Get:48 http://127.0.0.1:9999/debian unstable/main amd64 libpython3.5-stdlib amd64 3.5.3-3 [2170 kB]
Get:49 http://127.0.0.1:9999/debian unstable/main amd64 python3.5 amd64 3.5.3-3 [237 kB]
Get:50 http://127.0.0.1:9999/debian unstable/main amd64 libpython3-stdlib amd64 3.5.3-3 [18.8 kB]
Get:51 http://127.0.0.1:9999/debian unstable/main amd64 dh-python all 2.20170125 [86.8 kB]
Get:52 http://127.0.0.1:9999/debian unstable/main amd64 python3 amd64 3.5.3-3 [21.8 kB]
Get:53 http://127.0.0.1:9999/debian unstable/main amd64 libmagic-mgc amd64 1:5.30-1 [222 kB]
Get:54 http://127.0.0.1:9999/debian unstable/main amd64 libmagic1 amd64 1:5.30-1 [111 kB]
Get:55 http://127.0.0.1:9999/debian unstable/main amd64 file amd64 1:5.30-1 [63.9 kB]
Get:56 http://127.0.0.1:9999/debian unstable/main amd64 gettext-base amd64 0.19.8.1-2+b1 [122 kB]
Get:57 http://127.0.0.1:9999/debian unstable/main amd64 libsigsegv2 amd64 2.11-1 [29.9 kB]
Get:58 http://127.0.0.1:9999/debian unstable/main amd64 m4 amd64 1.4.18-1 [202 kB]
Get:59 http://127.0.0.1:9999/debian unstable/main amd64 autoconf all 2.69-10 [338 kB]
Get:60 http://127.0.0.1:9999/debian unstable/main amd64 autotools-dev all 20161112.1 [73.4 kB]
Get:61 http://127.0.0.1:9999/debian unstable/main amd64 automake all 1:1.15.1-2 [736 kB]
Get:62 http://127.0.0.1:9999/debian unstable/main amd64 autopoint all 0.19.8.1-2 [433 kB]
Get:63 http://127.0.0.1:9999/debian unstable/main amd64 libtool all 2.4.6-2 [545 kB]
Get:64 http://127.0.0.1:9999/debian unstable/main amd64 dh-autoreconf all 14 [15.9 kB]
Get:65 http://127.0.0.1:9999/debian unstable/main amd64 libarchive-zip-perl all 1.59-1 [95.5 kB]
Get:66 http://127.0.0.1:9999/debian unstable/main amd64 libfile-stripnondeterminism-perl all 0.035-2 [17.0 kB]
Get:67 http://127.0.0.1:9999/debian unstable/main amd64 libtimedate-perl all 2.3000-2 [42.2 kB]
Get:68 http://127.0.0.1:9999/debian unstable/main amd64 dh-strip-nondeterminism all 0.035-2 [10.7 kB]
Get:69 http://127.0.0.1:9999/debian unstable/main amd64 libglib2.0-0 amd64 2.52.3-1 [2742 kB]
Get:70 http://127.0.0.1:9999/debian unstable/main amd64 libcroco3 amd64 0.6.12-1 [144 kB]
Get:71 http://127.0.0.1:9999/debian unstable/main amd64 gettext amd64 0.19.8.1-2+b1 [1301 kB]
Get:72 http://127.0.0.1:9999/debian unstable/main amd64 intltool-debian all 0.35.0+20060710.4 [26.3 kB]
Get:73 http://127.0.0.1:9999/debian unstable/main amd64 po-debconf all 1.0.20 [247 kB]
Get:74 http://127.0.0.1:9999/debian unstable/main amd64 debhelper all 10.6.2 [968 kB]
Get:75 http://127.0.0.1:9999/debian unstable/main amd64 libgfortran3 amd64 6.4.0-1 [265 kB]
Get:76 http://127.0.0.1:9999/debian unstable/main amd64 libgfortran-6-dev amd64 6.4.0-1 [299 kB]
Get:77 http://127.0.0.1:9999/debian unstable/main amd64 gfortran-6 amd64 6.4.0-1 [6911 kB]
Get:78 http://127.0.0.1:9999/debian unstable/main amd64 gfortran amd64 4:6.3.0-4d1 [1362 B]
Get:79 http://127.0.0.1:9999/debian unstable/main amd64 libalberta4 amd64 3.0.1-1+b2 [805 kB]
Get:80 http://127.0.0.1:9999/debian unstable/main amd64 libalberta-dev amd64 3.0.1-1+b2 [165 kB]
Get:81 http://127.0.0.1:9999/debian unstable/main amd64 pkg-config amd64 0.29-4+b1 [63.3 kB]
Get:82 http://127.0.0.1:9999/debian unstable/main amd64 python-pyparsing all 2.1.10+dfsg1-1 [88.5 kB]
Get:83 http://127.0.0.1:9999/debian unstable/main amd64 libdune-common-dev amd64 2.5.0-1 [271 kB]
Get:84 http://127.0.0.1:9999/debian unstable/main amd64 libdune-geometry-dev amd64 2.5.0-1 [276 kB]
Get:85 http://127.0.0.1:9999/debian unstable/main amd64 libnl-3-200 amd64 3.2.27-2 [61.5 kB]
Get:86 http://127.0.0.1:9999/debian unstable/main amd64 libnl-route-3-200 amd64 3.2.27-2 [136 kB]
Get:87 http://127.0.0.1:9999/debian unstable/main amd64 libibverbs1 amd64 1.2.1-2 [39.3 kB]
Get:88 http://127.0.0.1:9999/debian unstable/main amd64 libpsm-infinipath1 amd64 3.3+19.g67c0807.open-3 [169 kB]
Get:89 http://127.0.0.1:9999/debian unstable/main amd64 librdmacm1 amd64 1.1.0-2 [49.4 kB]
Get:90 http://127.0.0.1:9999/debian unstable/main amd64 libfabric1 amd64 1.4.0-1 [259 kB]
Get:91 http://127.0.0.1:9999/debian unstable/main amd64 libltdl7 amd64 2.4.6-2 [389 kB]
Get:92 http://127.0.0.1:9999/debian unstable/main amd64 libnuma1 amd64 2.0.11-2.1 [33.3 kB]
Get:93 http://127.0.0.1:9999/debian unstable/main amd64 libhwloc5 amd64 1.11.5-1 [105 kB]
Get:94 http://127.0.0.1:9999/debian unstable/main amd64 libpciaccess0 amd64 0.13.4-1+b2 [50.0 kB]
Get:95 http://127.0.0.1:9999/debian unstable/main amd64 ocl-icd-libopencl1 amd64 2.2.11-1 [36.8 kB]
Get:96 http://127.0.0.1:9999/debian unstable/main amd64 libhwloc-plugins amd64 1.11.5-1 [16.1 kB]
Get:97 http://127.0.0.1:9999/debian unstable/main amd64 libopenmpi2 amd64 2.1.1-6 [2062 kB]
Get:98 http://127.0.0.1:9999/debian unstable/main amd64 libdune-uggrid-dev amd64 2.5.0-1 [967 kB]
Get:99 http://127.0.0.1:9999/debian unstable/main amd64 libgmpxx4ldbl amd64 2:6.1.2+dfsg-1 [22.2 kB]
Get:100 http://127.0.0.1:9999/debian unstable/main amd64 libgmp-dev amd64 2:6.1.2+dfsg-1 [631 kB]
Get:101 http://127.0.0.1:9999/debian unstable/main amd64 libnuma-dev amd64 2.0.11-2.1 [46.0 kB]
Get:102 http://127.0.0.1:9999/debian unstable/main amd64 libltdl-dev amd64 2.4.6-2 [161 kB]
Get:103 http://127.0.0.1:9999/debian unstable/main amd64 libhwloc-dev amd64 1.11.5-1 [167 kB]
Get:104 http://127.0.0.1:9999/debian unstable/main amd64 libibverbs-dev amd64 1.2.1-2 [107 kB]
Get:105 http://127.0.0.1:9999/debian unstable/main amd64 openmpi-common all 2.1.1-6 [154 kB]
Get:106 http://127.0.0.1:9999/debian unstable/main amd64 libopenmpi-dev amd64 2.1.1-6 [1026 kB]
Get:107 http://127.0.0.1:9999/debian unstable/main amd64 openmpi-bin amd64 2.1.1-6 [193 kB]
Get:108 http://127.0.0.1:9999/debian unstable/main amd64 mpi-default-bin amd64 1.8 [4050 B]
Get:109 http://127.0.0.1:9999/debian unstable/main amd64 mpi-default-dev amd64 1.8 [4846 B]
debconf: delaying package configuration, since apt-utils is not installed
Fetched 54.8 MB in 0s (95.7 MB/s)
Selecting previously unselected package groff-base.
(Reading database ... 10178 files and directories currently installed.)
Preparing to unpack .../00-groff-base_1.22.3-9_amd64.deb ...
Unpacking groff-base (1.22.3-9) ...
Selecting previously unselected package bsdmainutils.
Preparing to unpack .../01-bsdmainutils_9.0.12+nmu1_amd64.deb ...
Unpacking bsdmainutils (9.0.12+nmu1) ...
Selecting previously unselected package libpipeline1:amd64.
Preparing to unpack .../02-libpipeline1_1.4.1-2_amd64.deb ...
Unpacking libpipeline1:amd64 (1.4.1-2) ...
Selecting previously unselected package man-db.
Preparing to unpack .../03-man-db_2.7.6.1-2_amd64.deb ...
Unpacking man-db (2.7.6.1-2) ...
Selecting previously unselected package libpython2.7-minimal:amd64.
Preparing to unpack .../04-libpython2.7-minimal_2.7.13-2_amd64.deb ...
Unpacking libpython2.7-minimal:amd64 (2.7.13-2) ...
Selecting previously unselected package python2.7-minimal.
Preparing to unpack .../05-python2.7-minimal_2.7.13-2_amd64.deb ...
Unpacking python2.7-minimal (2.7.13-2) ...
Selecting previously unselected package python-minimal.
Preparing to unpack .../06-python-minimal_2.7.13-2_amd64.deb ...
Unpacking python-minimal (2.7.13-2) ...
Selecting previously unselected package mime-support.
Preparing to unpack .../07-mime-support_3.60_all.deb ...
Unpacking mime-support (3.60) ...
Selecting previously unselected package libexpat1:amd64.
Preparing to unpack .../08-libexpat1_2.2.1-3_amd64.deb ...
Unpacking libexpat1:amd64 (2.2.1-3) ...
Selecting previously unselected package readline-common.
Preparing to unpack .../09-readline-common_7.0-3_all.deb ...
Unpacking readline-common (7.0-3) ...
Selecting previously unselected package libreadline7:amd64.
Preparing to unpack .../10-libreadline7_7.0-3_amd64.deb ...
Unpacking libreadline7:amd64 (7.0-3) ...
Selecting previously unselected package libsqlite3-0:amd64.
Preparing to unpack .../11-libsqlite3-0_3.16.2-5_amd64.deb ...
Unpacking libsqlite3-0:amd64 (3.16.2-5) ...
Selecting previously unselected package libssl1.1:amd64.
Preparing to unpack .../12-libssl1.1_1.1.0f-3_amd64.deb ...
Unpacking libssl1.1:amd64 (1.1.0f-3) ...
Selecting previously unselected package libpython2.7-stdlib:amd64.
Preparing to unpack .../13-libpython2.7-stdlib_2.7.13-2_amd64.deb ...
Unpacking libpython2.7-stdlib:amd64 (2.7.13-2) ...
Selecting previously unselected package python2.7.
Preparing to unpack .../14-python2.7_2.7.13-2_amd64.deb ...
Unpacking python2.7 (2.7.13-2) ...
Selecting previously unselected package libpython-stdlib:amd64.
Preparing to unpack .../15-libpython-stdlib_2.7.13-2_amd64.deb ...
Unpacking libpython-stdlib:amd64 (2.7.13-2) ...
Setting up libpython2.7-minimal:amd64 (2.7.13-2) ...
Setting up python2.7-minimal (2.7.13-2) ...
Setting up python-minimal (2.7.13-2) ...
Selecting previously unselected package python.
(Reading database ... 11558 files and directories currently installed.)
Preparing to unpack .../00-python_2.7.13-2_amd64.deb ...
Unpacking python (2.7.13-2) ...
Selecting previously unselected package cmake-data.
Preparing to unpack .../01-cmake-data_3.7.2-1_all.deb ...
Unpacking cmake-data (3.7.2-1) ...
Selecting previously unselected package libprocps6:amd64.
Preparing to unpack .../02-libprocps6_2%3a3.3.12-3_amd64.deb ...
Unpacking libprocps6:amd64 (2:3.3.12-3) ...
Selecting previously unselected package lsb-base.
Preparing to unpack .../03-lsb-base_9.20161125_all.deb ...
Unpacking lsb-base (9.20161125) ...
Selecting previously unselected package procps.
Preparing to unpack .../04-procps_2%3a3.3.12-3_amd64.deb ...
Unpacking procps (2:3.3.12-3) ...
Selecting previously unselected package liblzo2-2:amd64.
Preparing to unpack .../05-liblzo2-2_2.08-1.2+b2_amd64.deb ...
Unpacking liblzo2-2:amd64 (2.08-1.2+b2) ...
Selecting previously unselected package libicu57:amd64.
Preparing to unpack .../06-libicu57_57.1-6_amd64.deb ...
Unpacking libicu57:amd64 (57.1-6) ...
Selecting previously unselected package libxml2:amd64.
Preparing to unpack .../07-libxml2_2.9.4+dfsg1-3_amd64.deb ...
Unpacking libxml2:amd64 (2.9.4+dfsg1-3) ...
Selecting previously unselected package libarchive13:amd64.
Preparing to unpack .../08-libarchive13_3.2.2-2_amd64.deb ...
Unpacking libarchive13:amd64 (3.2.2-2) ...
Selecting previously unselected package libkeyutils1:amd64.
Preparing to unpack .../09-libkeyutils1_1.5.9-9_amd64.deb ...
Unpacking libkeyutils1:amd64 (1.5.9-9) ...
Selecting previously unselected package libkrb5support0:amd64.
Preparing to unpack .../10-libkrb5support0_1.15-1_amd64.deb ...
Unpacking libkrb5support0:amd64 (1.15-1) ...
Selecting previously unselected package libk5crypto3:amd64.
Preparing to unpack .../11-libk5crypto3_1.15-1_amd64.deb ...
Unpacking libk5crypto3:amd64 (1.15-1) ...
Selecting previously unselected package libkrb5-3:amd64.
Preparing to unpack .../12-libkrb5-3_1.15-1_amd64.deb ...
Unpacking libkrb5-3:amd64 (1.15-1) ...
Selecting previously unselected package libgssapi-krb5-2:amd64.
Preparing to unpack .../13-libgssapi-krb5-2_1.15-1_amd64.deb ...
Unpacking libgssapi-krb5-2:amd64 (1.15-1) ...
Selecting previously unselected package libsasl2-modules-db:amd64.
Preparing to unpack .../14-libsasl2-modules-db_2.1.27~101-g0780600+dfsg-3_amd64.deb ...
Unpacking libsasl2-modules-db:amd64 (2.1.27~101-g0780600+dfsg-3) ...
Selecting previously unselected package libsasl2-2:amd64.
Preparing to unpack .../15-libsasl2-2_2.1.27~101-g0780600+dfsg-3_amd64.deb ...
Unpacking libsasl2-2:amd64 (2.1.27~101-g0780600+dfsg-3) ...
Selecting previously unselected package libldap-common.
Preparing to unpack .../16-libldap-common_2.4.44+dfsg-7_all.deb ...
Unpacking libldap-common (2.4.44+dfsg-7) ...
Selecting previously unselected package libldap-2.4-2:amd64.
Preparing to unpack .../17-libldap-2.4-2_2.4.44+dfsg-7_amd64.deb ...
Unpacking libldap-2.4-2:amd64 (2.4.44+dfsg-7) ...
Selecting previously unselected package libnghttp2-14:amd64.
Preparing to unpack .../18-libnghttp2-14_1.24.0-1_amd64.deb ...
Unpacking libnghttp2-14:amd64 (1.24.0-1) ...
Selecting previously unselected package libpsl5:amd64.
Preparing to unpack .../19-libpsl5_0.17.0-4+b1_amd64.deb ...
Unpacking libpsl5:amd64 (0.17.0-4+b1) ...
Selecting previously unselected package librtmp1:amd64.
Preparing to unpack .../20-librtmp1_2.4+20151223.gitfa8646d.1-1+b1_amd64.deb ...
Unpacking librtmp1:amd64 (2.4+20151223.gitfa8646d.1-1+b1) ...
Selecting previously unselected package libssh2-1:amd64.
Preparing to unpack .../21-libssh2-1_1.8.0-1_amd64.deb ...
Unpacking libssh2-1:amd64 (1.8.0-1) ...
Selecting previously unselected package libssl1.0.2:amd64.
Preparing to unpack .../22-libssl1.0.2_1.0.2l-2_amd64.deb ...
Unpacking libssl1.0.2:amd64 (1.0.2l-2) ...
Selecting previously unselected package libcurl3:amd64.
Preparing to unpack .../23-libcurl3_7.52.1-5_amd64.deb ...
Unpacking libcurl3:amd64 (7.52.1-5) ...
Selecting previously unselected package libuv1:amd64.
Preparing to unpack .../24-libuv1_1.9.1-3_amd64.deb ...
Unpacking libuv1:amd64 (1.9.1-3) ...
Selecting previously unselected package cmake.
Preparing to unpack .../25-cmake_3.7.2-1_amd64.deb ...
Unpacking cmake (3.7.2-1) ...
Selecting previously unselected package libpython3.5-minimal:amd64.
Preparing to unpack .../26-libpython3.5-minimal_3.5.3-3_amd64.deb ...
Unpacking libpython3.5-minimal:amd64 (3.5.3-3) ...
Selecting previously unselected package python3.5-minimal.
Preparing to unpack .../27-python3.5-minimal_3.5.3-3_amd64.deb ...
Unpacking python3.5-minimal (3.5.3-3) ...
Selecting previously unselected package python3-minimal.
Preparing to unpack .../28-python3-minimal_3.5.3-3_amd64.deb ...
Unpacking python3-minimal (3.5.3-3) ...
Selecting previously unselected package libmpdec2:amd64.
Preparing to unpack .../29-libmpdec2_2.4.2-1_amd64.deb ...
Unpacking libmpdec2:amd64 (2.4.2-1) ...
Selecting previously unselected package libpython3.5-stdlib:amd64.
Preparing to unpack .../30-libpython3.5-stdlib_3.5.3-3_amd64.deb ...
Unpacking libpython3.5-stdlib:amd64 (3.5.3-3) ...
Selecting previously unselected package python3.5.
Preparing to unpack .../31-python3.5_3.5.3-3_amd64.deb ...
Unpacking python3.5 (3.5.3-3) ...
Selecting previously unselected package libpython3-stdlib:amd64.
Preparing to unpack .../32-libpython3-stdlib_3.5.3-3_amd64.deb ...
Unpacking libpython3-stdlib:amd64 (3.5.3-3) ...
Selecting previously unselected package dh-python.
Preparing to unpack .../33-dh-python_2.20170125_all.deb ...
Unpacking dh-python (2.20170125) ...
Setting up libssl1.1:amd64 (1.1.0f-3) ...
Setting up libpython3.5-minimal:amd64 (3.5.3-3) ...
Setting up libexpat1:amd64 (2.2.1-3) ...
Setting up python3.5-minimal (3.5.3-3) ...
Setting up python3-minimal (3.5.3-3) ...
Selecting previously unselected package python3.
(Reading database ... 14988 files and directories currently installed.)
Preparing to unpack .../00-python3_3.5.3-3_amd64.deb ...
Unpacking python3 (3.5.3-3) ...
Selecting previously unselected package libmagic-mgc.
Preparing to unpack .../01-libmagic-mgc_1%3a5.30-1_amd64.deb ...
Unpacking libmagic-mgc (1:5.30-1) ...
Selecting previously unselected package libmagic1:amd64.
Preparing to unpack .../02-libmagic1_1%3a5.30-1_amd64.deb ...
Unpacking libmagic1:amd64 (1:5.30-1) ...
Selecting previously unselected package file.
Preparing to unpack .../03-file_1%3a5.30-1_amd64.deb ...
Unpacking file (1:5.30-1) ...
Selecting previously unselected package gettext-base.
Preparing to unpack .../04-gettext-base_0.19.8.1-2+b1_amd64.deb ...
Unpacking gettext-base (0.19.8.1-2+b1) ...
Selecting previously unselected package libsigsegv2:amd64.
Preparing to unpack .../05-libsigsegv2_2.11-1_amd64.deb ...
Unpacking libsigsegv2:amd64 (2.11-1) ...
Selecting previously unselected package m4.
Preparing to unpack .../06-m4_1.4.18-1_amd64.deb ...
Unpacking m4 (1.4.18-1) ...
Selecting previously unselected package autoconf.
Preparing to unpack .../07-autoconf_2.69-10_all.deb ...
Unpacking autoconf (2.69-10) ...
Selecting previously unselected package autotools-dev.
Preparing to unpack .../08-autotools-dev_20161112.1_all.deb ...
Unpacking autotools-dev (20161112.1) ...
Selecting previously unselected package automake.
Preparing to unpack .../09-automake_1%3a1.15.1-2_all.deb ...
Unpacking automake (1:1.15.1-2) ...
Selecting previously unselected package autopoint.
Preparing to unpack .../10-autopoint_0.19.8.1-2_all.deb ...
Unpacking autopoint (0.19.8.1-2) ...
Selecting previously unselected package libtool.
Preparing to unpack .../11-libtool_2.4.6-2_all.deb ...
Unpacking libtool (2.4.6-2) ...
Selecting previously unselected package dh-autoreconf.
Preparing to unpack .../12-dh-autoreconf_14_all.deb ...
Unpacking dh-autoreconf (14) ...
Selecting previously unselected package libarchive-zip-perl.
Preparing to unpack .../13-libarchive-zip-perl_1.59-1_all.deb ...
Unpacking libarchive-zip-perl (1.59-1) ...
Selecting previously unselected package libfile-stripnondeterminism-perl.
Preparing to unpack .../14-libfile-stripnondeterminism-perl_0.035-2_all.deb ...
Unpacking libfile-stripnondeterminism-perl (0.035-2) ...
Selecting previously unselected package libtimedate-perl.
Preparing to unpack .../15-libtimedate-perl_2.3000-2_all.deb ...
Unpacking libtimedate-perl (2.3000-2) ...
Selecting previously unselected package dh-strip-nondeterminism.
Preparing to unpack .../16-dh-strip-nondeterminism_0.035-2_all.deb ...
Unpacking dh-strip-nondeterminism (0.035-2) ...
Selecting previously unselected package libglib2.0-0:amd64.
Preparing to unpack .../17-libglib2.0-0_2.52.3-1_amd64.deb ...
Unpacking libglib2.0-0:amd64 (2.52.3-1) ...
Selecting previously unselected package libcroco3:amd64.
Preparing to unpack .../18-libcroco3_0.6.12-1_amd64.deb ...
Unpacking libcroco3:amd64 (0.6.12-1) ...
Selecting previously unselected package gettext.
Preparing to unpack .../19-gettext_0.19.8.1-2+b1_amd64.deb ...
Unpacking gettext (0.19.8.1-2+b1) ...
Selecting previously unselected package intltool-debian.
Preparing to unpack .../20-intltool-debian_0.35.0+20060710.4_all.deb ...
Unpacking intltool-debian (0.35.0+20060710.4) ...
Selecting previously unselected package po-debconf.
Preparing to unpack .../21-po-debconf_1.0.20_all.deb ...
Unpacking po-debconf (1.0.20) ...
Selecting previously unselected package debhelper.
Preparing to unpack .../22-debhelper_10.6.2_all.deb ...
Unpacking debhelper (10.6.2) ...
Selecting previously unselected package libgfortran3:amd64.
Preparing to unpack .../23-libgfortran3_6.4.0-1_amd64.deb ...
Unpacking libgfortran3:amd64 (6.4.0-1) ...
Selecting previously unselected package libgfortran-6-dev:amd64.
Preparing to unpack .../24-libgfortran-6-dev_6.4.0-1_amd64.deb ...
Unpacking libgfortran-6-dev:amd64 (6.4.0-1) ...
Selecting previously unselected package gfortran-6.
Preparing to unpack .../25-gfortran-6_6.4.0-1_amd64.deb ...
Unpacking gfortran-6 (6.4.0-1) ...
Selecting previously unselected package gfortran.
Preparing to unpack .../26-gfortran_4%3a6.3.0-4d1_amd64.deb ...
Unpacking gfortran (4:6.3.0-4d1) ...
Selecting previously unselected package libalberta4:amd64.
Preparing to unpack .../27-libalberta4_3.0.1-1+b2_amd64.deb ...
Unpacking libalberta4:amd64 (3.0.1-1+b2) ...
Selecting previously unselected package libalberta-dev:amd64.
Preparing to unpack .../28-libalberta-dev_3.0.1-1+b2_amd64.deb ...
Unpacking libalberta-dev:amd64 (3.0.1-1+b2) ...
Selecting previously unselected package pkg-config.
Preparing to unpack .../29-pkg-config_0.29-4+b1_amd64.deb ...
Unpacking pkg-config (0.29-4+b1) ...
Selecting previously unselected package python-pyparsing.
Preparing to unpack .../30-python-pyparsing_2.1.10+dfsg1-1_all.deb ...
Unpacking python-pyparsing (2.1.10+dfsg1-1) ...
Selecting previously unselected package libdune-common-dev:amd64.
Preparing to unpack .../31-libdune-common-dev_2.5.0-1_amd64.deb ...
Unpacking libdune-common-dev:amd64 (2.5.0-1) ...
Selecting previously unselected package libdune-geometry-dev:amd64.
Preparing to unpack .../32-libdune-geometry-dev_2.5.0-1_amd64.deb ...
Unpacking libdune-geometry-dev:amd64 (2.5.0-1) ...
Selecting previously unselected package libnl-3-200:amd64.
Preparing to unpack .../33-libnl-3-200_3.2.27-2_amd64.deb ...
Unpacking libnl-3-200:amd64 (3.2.27-2) ...
Selecting previously unselected package libnl-route-3-200:amd64.
Preparing to unpack .../34-libnl-route-3-200_3.2.27-2_amd64.deb ...
Unpacking libnl-route-3-200:amd64 (3.2.27-2) ...
Selecting previously unselected package libibverbs1.
Preparing to unpack .../35-libibverbs1_1.2.1-2_amd64.deb ...
Unpacking libibverbs1 (1.2.1-2) ...
Selecting previously unselected package libpsm-infinipath1.
Preparing to unpack .../36-libpsm-infinipath1_3.3+19.g67c0807.open-3_amd64.deb ...
Unpacking libpsm-infinipath1 (3.3+19.g67c0807.open-3) ...
Selecting previously unselected package librdmacm1.
Preparing to unpack .../37-librdmacm1_1.1.0-2_amd64.deb ...
Unpacking librdmacm1 (1.1.0-2) ...
Selecting previously unselected package libfabric1.
Preparing to unpack .../38-libfabric1_1.4.0-1_amd64.deb ...
Unpacking libfabric1 (1.4.0-1) ...
Selecting previously unselected package libltdl7:amd64.
Preparing to unpack .../39-libltdl7_2.4.6-2_amd64.deb ...
Unpacking libltdl7:amd64 (2.4.6-2) ...
Selecting previously unselected package libnuma1:amd64.
Preparing to unpack .../40-libnuma1_2.0.11-2.1_amd64.deb ...
Unpacking libnuma1:amd64 (2.0.11-2.1) ...
Selecting previously unselected package libhwloc5:amd64.
Preparing to unpack .../41-libhwloc5_1.11.5-1_amd64.deb ...
Unpacking libhwloc5:amd64 (1.11.5-1) ...
Selecting previously unselected package libpciaccess0:amd64.
Preparing to unpack .../42-libpciaccess0_0.13.4-1+b2_amd64.deb ...
Unpacking libpciaccess0:amd64 (0.13.4-1+b2) ...
Selecting previously unselected package ocl-icd-libopencl1:amd64.
Preparing to unpack .../43-ocl-icd-libopencl1_2.2.11-1_amd64.deb ...
Unpacking ocl-icd-libopencl1:amd64 (2.2.11-1) ...
Selecting previously unselected package libhwloc-plugins.
Preparing to unpack .../44-libhwloc-plugins_1.11.5-1_amd64.deb ...
Unpacking libhwloc-plugins (1.11.5-1) ...
Selecting previously unselected package libopenmpi2:amd64.
Preparing to unpack .../45-libopenmpi2_2.1.1-6_amd64.deb ...
Unpacking libopenmpi2:amd64 (2.1.1-6) ...
Selecting previously unselected package libdune-uggrid-dev:amd64.
Preparing to unpack .../46-libdune-uggrid-dev_2.5.0-1_amd64.deb ...
Unpacking libdune-uggrid-dev:amd64 (2.5.0-1) ...
Selecting previously unselected package libgmpxx4ldbl:amd64.
Preparing to unpack .../47-libgmpxx4ldbl_2%3a6.1.2+dfsg-1_amd64.deb ...
Unpacking libgmpxx4ldbl:amd64 (2:6.1.2+dfsg-1) ...
Selecting previously unselected package libgmp-dev:amd64.
Preparing to unpack .../48-libgmp-dev_2%3a6.1.2+dfsg-1_amd64.deb ...
Unpacking libgmp-dev:amd64 (2:6.1.2+dfsg-1) ...
Selecting previously unselected package libnuma-dev:amd64.
Preparing to unpack .../49-libnuma-dev_2.0.11-2.1_amd64.deb ...
Unpacking libnuma-dev:amd64 (2.0.11-2.1) ...
Selecting previously unselected package libltdl-dev:amd64.
Preparing to unpack .../50-libltdl-dev_2.4.6-2_amd64.deb ...
Unpacking libltdl-dev:amd64 (2.4.6-2) ...
Selecting previously unselected package libhwloc-dev:amd64.
Preparing to unpack .../51-libhwloc-dev_1.11.5-1_amd64.deb ...
Unpacking libhwloc-dev:amd64 (1.11.5-1) ...
Selecting previously unselected package libibverbs-dev.
Preparing to unpack .../52-libibverbs-dev_1.2.1-2_amd64.deb ...
Unpacking libibverbs-dev (1.2.1-2) ...
Selecting previously unselected package openmpi-common.
Preparing to unpack .../53-openmpi-common_2.1.1-6_all.deb ...
Unpacking openmpi-common (2.1.1-6) ...
Selecting previously unselected package libopenmpi-dev.
Preparing to unpack .../54-libopenmpi-dev_2.1.1-6_amd64.deb ...
Unpacking libopenmpi-dev (2.1.1-6) ...
Selecting previously unselected package openmpi-bin.
Preparing to unpack .../55-openmpi-bin_2.1.1-6_amd64.deb ...
Unpacking openmpi-bin (2.1.1-6) ...
Selecting previously unselected package mpi-default-bin.
Preparing to unpack .../56-mpi-default-bin_1.8_amd64.deb ...
Unpacking mpi-default-bin (1.8) ...
Selecting previously unselected package mpi-default-dev.
Preparing to unpack .../57-mpi-default-dev_1.8_amd64.deb ...
Unpacking mpi-default-dev (1.8) ...
Selecting previously unselected package sbuild-build-depends-dune-grid-dummy.
Preparing to unpack .../58-sbuild-build-depends-dune-grid-dummy_0.invalid.0_amd64.deb ...
Unpacking sbuild-build-depends-dune-grid-dummy (0.invalid.0) ...
Setting up readline-common (7.0-3) ...
Setting up libarchive-zip-perl (1.59-1) ...
Setting up libnghttp2-14:amd64 (1.24.0-1) ...
Setting up mime-support (3.60) ...
Setting up libtimedate-perl (2.3000-2) ...
Setting up libsigsegv2:amd64 (2.11-1) ...
Setting up libldap-common (2.4.44+dfsg-7) ...
Setting up libuv1:amd64 (1.9.1-3) ...
Setting up libreadline7:amd64 (7.0-3) ...
Setting up libpsl5:amd64 (0.17.0-4+b1) ...
Setting up libnuma1:amd64 (2.0.11-2.1) ...
Setting up libgfortran3:amd64 (6.4.0-1) ...
Setting up groff-base (1.22.3-9) ...
Setting up libglib2.0-0:amd64 (2.52.3-1) ...
No schema files found: doing nothing.
Setting up libsasl2-modules-db:amd64 (2.1.27~101-g0780600+dfsg-3) ...
Setting up libgfortran-6-dev:amd64 (6.4.0-1) ...
Setting up libsasl2-2:amd64 (2.1.27~101-g0780600+dfsg-3) ...
Setting up gettext-base (0.19.8.1-2+b1) ...
Setting up cmake-data (3.7.2-1) ...
Setting up libpipeline1:amd64 (1.4.1-2) ...
Setting up librtmp1:amd64 (2.4+20151223.gitfa8646d.1-1+b1) ...
Setting up m4 (1.4.18-1) ...
Setting up libicu57:amd64 (57.1-6) ...
Setting up libprocps6:amd64 (2:3.3.12-3) ...
Setting up libxml2:amd64 (2.9.4+dfsg1-3) ...
Setting up libmagic-mgc (1:5.30-1) ...
Setting up libmagic1:amd64 (1:5.30-1) ...
Setting up lsb-base (9.20161125) ...
Setting up procps (2:3.3.12-3) ...
update-alternatives: using /usr/bin/w.procps to provide /usr/bin/w (w) in auto mode
Setting up libcroco3:amd64 (0.6.12-1) ...
Setting up libpsm-infinipath1 (3.3+19.g67c0807.open-3) ...
Setting up libssl1.0.2:amd64 (1.0.2l-2) ...
Setting up pkg-config (0.29-4+b1) ...
Setting up libssh2-1:amd64 (1.8.0-1) ...
Setting up openmpi-common (2.1.1-6) ...
Processing triggers for libc-bin (2.24-12) ...
Setting up autotools-dev (20161112.1) ...
Setting up libldap-2.4-2:amd64 (2.4.44+dfsg-7) ...
Setting up libltdl7:amd64 (2.4.6-2) ...
Setting up libsqlite3-0:amd64 (3.16.2-5) ...
Setting up libpciaccess0:amd64 (0.13.4-1+b2) ...
Setting up libnuma-dev:amd64 (2.0.11-2.1) ...
Setting up ocl-icd-libopencl1:amd64 (2.2.11-1) ...
Setting up libkeyutils1:amd64 (1.5.9-9) ...
Setting up bsdmainutils (9.0.12+nmu1) ...
update-alternatives: using /usr/bin/bsd-write to provide /usr/bin/write (write) in auto mode
update-alternatives: using /usr/bin/bsd-from to provide /usr/bin/from (from) in auto mode
Setting up libgmpxx4ldbl:amd64 (2:6.1.2+dfsg-1) ...
Setting up libnl-3-200:amd64 (3.2.27-2) ...
Setting up libalberta4:amd64 (3.0.1-1+b2) ...
Setting up libpython2.7-stdlib:amd64 (2.7.13-2) ...
Setting up autopoint (0.19.8.1-2) ...
Setting up libmpdec2:amd64 (2.4.2-1) ...
Setting up liblzo2-2:amd64 (2.08-1.2+b2) ...
Setting up libfile-stripnondeterminism-perl (0.035-2) ...
Setting up libgmp-dev:amd64 (2:6.1.2+dfsg-1) ...
Setting up gfortran-6 (6.4.0-1) ...
Setting up libltdl-dev:amd64 (2.4.6-2) ...
Setting up gettext (0.19.8.1-2+b1) ...
Setting up libarchive13:amd64 (3.2.2-2) ...
Setting up libpython3.5-stdlib:amd64 (3.5.3-3) ...
Setting up python2.7 (2.7.13-2) ...
Setting up libnl-route-3-200:amd64 (3.2.27-2) ...
Setting up autoconf (2.69-10) ...
Setting up file (1:5.30-1) ...
Setting up libhwloc5:amd64 (1.11.5-1) ...
Setting up libkrb5support0:amd64 (1.15-1) ...
Setting up libpython-stdlib:amd64 (2.7.13-2) ...
Setting up libhwloc-plugins (1.11.5-1) ...
Setting up intltool-debian (0.35.0+20060710.4) ...
Setting up automake (1:1.15.1-2) ...
update-alternatives: using /usr/bin/automake-1.15 to provide /usr/bin/automake (automake) in auto mode
Setting up man-db (2.7.6.1-2) ...
Not building database; man-db/auto-update is not 'true'.
Setting up libalberta-dev:amd64 (3.0.1-1+b2) ...
Setting up python (2.7.13-2) ...
Setting up python-pyparsing (2.1.10+dfsg1-1) ...
Setting up libtool (2.4.6-2) ...
Setting up python3.5 (3.5.3-3) ...
Setting up gfortran (4:6.3.0-4d1) ...
update-alternatives: using /usr/bin/gfortran to provide /usr/bin/f95 (f95) in auto mode
update-alternatives: using /usr/bin/gfortran to provide /usr/bin/f77 (f77) in auto mode
Setting up libpython3-stdlib:amd64 (3.5.3-3) ...
Setting up libibverbs1 (1.2.1-2) ...
Setting up libk5crypto3:amd64 (1.15-1) ...
Setting up po-debconf (1.0.20) ...
Setting up libhwloc-dev:amd64 (1.11.5-1) ...
Setting up librdmacm1 (1.1.0-2) ...
Setting up libdune-common-dev:amd64 (2.5.0-1) ...
Setting up libkrb5-3:amd64 (1.15-1) ...
Setting up libibverbs-dev (1.2.1-2) ...
Setting up libdune-geometry-dev:amd64 (2.5.0-1) ...
Setting up libfabric1 (1.4.0-1) ...
Setting up libgssapi-krb5-2:amd64 (1.15-1) ...
Setting up libopenmpi2:amd64 (2.1.1-6) ...
Setting up libdune-uggrid-dev:amd64 (2.5.0-1) ...
Setting up libcurl3:amd64 (7.52.1-5) ...
Setting up libopenmpi-dev (2.1.1-6) ...
update-alternatives: using /usr/lib/x86_64-linux-gnu/openmpi/include to provide /usr/include/mpi (mpi) in auto mode
Setting up openmpi-bin (2.1.1-6) ...
update-alternatives: using /usr/bin/mpirun.openmpi to provide /usr/bin/mpirun (mpirun) in auto mode
Setting up mpi-default-dev (1.8) ...
Setting up cmake (3.7.2-1) ...
Setting up mpi-default-bin (1.8) ...
Setting up dh-autoreconf (14) ...
Setting up python3 (3.5.3-3) ...
Setting up dh-python (2.20170125) ...
Setting up debhelper (10.6.2) ...
Setting up sbuild-build-depends-dune-grid-dummy (0.invalid.0) ...
Setting up dh-strip-nondeterminism (0.035-2) ...
Processing triggers for libc-bin (2.24-12) ...

+------------------------------------------------------------------------------+
| Build environment                                                            |
+------------------------------------------------------------------------------+

Kernel: Linux 4.9.0-2-amd64 amd64 (x86_64)
Toolchain package versions: binutils_2.28-6 dpkg-dev_1.18.24 g++-6_6.4.0-1 gcc-6_6.4.0-1 libc6-dev_2.24-12 libstdc++-6-dev_6.4.0-1 libstdc++6_7.1.0-9 linux-libc-dev_4.11.6-1
Package versions: adduser_3.115 apt_1.5~beta1 autoconf_2.69-10 automake_1:1.15.1-2 autopoint_0.19.8.1-2 autotools-dev_20161112.1 base-files_10 base-passwd_3.5.43 bash_4.4-5 binutils_2.28-6 bsdmainutils_9.0.12+nmu1 bsdutils_1:2.29.2-1 build-essential_12.3 bzip2_1.0.6-8.1 clang-3.9_1:3.9.1-10 cmake_3.7.2-1 cmake-data_3.7.2-1 coreutils_8.26-3 cpp_4:6.3.0-4d1 cpp-6_6.4.0-1 dash_0.5.8-2.4 debconf_1.5.62 debfoster_2.7-2.1+b1 debhelper_10.6.2 debian-archive-keyring_2017.5 debianutils_4.8.1.1 dh-autoreconf_14 dh-python_2.20170125 dh-strip-nondeterminism_0.035-2 diffutils_1:3.5-3 dpkg_1.18.24 dpkg-dev_1.18.24 e2fslibs_1.43.4-2 e2fsprogs_1.43.4-2 eatmydata_105-5 fakeroot_1.21-3.1 file_1:5.30-1 findutils_4.6.0+git+20170606-2 g++_4:6.3.0-4d1 g++-6_6.4.0-1 gcc_4:6.3.0-4d1 gcc-6_6.4.0-1 gcc-6-base_6.4.0-1 gcc-7-base_7.1.0-9 gettext_0.19.8.1-2+b1 gettext-base_0.19.8.1-2+b1 gfortran_4:6.3.0-4d1 gfortran-6_6.4.0-1 gpgv_2.1.18-8 grep_2.27-2 groff-base_1.22.3-9 gzip_1.6-5+b1 hostname_3.18+b1 init-system-helpers_1.48 intltool-debian_0.35.0+20060710.4 libacl1_2.2.52-3+b1 libalberta-dev_3.0.1-1+b2 libalberta4_3.0.1-1+b2 libapt-pkg5.0_1.5~beta1 libarchive-zip-perl_1.59-1 libarchive13_3.2.2-2 libasan3_6.4.0-1 libatomic1_7.1.0-9 libattr1_1:2.4.47-2+b2 libaudit-common_1:2.7.7-1 libaudit1_1:2.7.7-1+b1 libblkid1_2.29.2-1 libbsd0_0.8.5-1 libbz2-1.0_1.0.6-8.1 libc-bin_2.24-12 libc-dev-bin_2.24-12 libc6_2.24-12 libc6-dev_2.24-12 libcap-ng0_0.7.7-3+b1 libcc1-0_7.1.0-9 libcilkrts5_7.1.0-9 libclang-common-3.9-dev_1:3.9.1-10 libclang1-3.9_1:3.9.1-10 libcomerr2_1.43.4-2 libcroco3_0.6.12-1 libcurl3_7.52.1-5 libdb5.3_5.3.28-12+b1 libdebconfclient0_0.229 libdpkg-perl_1.18.24 libdune-common-dev_2.5.0-1 libdune-geometry-dev_2.5.0-1 libdune-uggrid-dev_2.5.0-1 libeatmydata1_105-5 libedit2_3.1-20170329-1 libexpat1_2.2.1-3 libfabric1_1.4.0-1 libfakeroot_1.21-3.1 libfdisk1_2.29.2-1 libffi6_3.2.1-6 libfile-stripnondeterminism-perl_0.035-2 libgc1c2_1:7.4.2-8 libgcc-6-dev_6.4.0-1 libgcc1_1:7.1.0-9 libgcrypt20_1.7.8-1 libgdbm3_1.8.3-14 libgfortran-6-dev_6.4.0-1 libgfortran3_6.4.0-1 libglib2.0-0_2.52.3-1 libgmp-dev_2:6.1.2+dfsg-1 libgmp10_2:6.1.2+dfsg-1 libgmpxx4ldbl_2:6.1.2+dfsg-1 libgnutls30_3.5.13-2 libgomp1_7.1.0-9 libgpg-error0_1.27-3 libgssapi-krb5-2_1.15-1 libhogweed4_3.3-1+b1 libhwloc-dev_1.11.5-1 libhwloc-plugins_1.11.5-1 libhwloc5_1.11.5-1 libibverbs-dev_1.2.1-2 libibverbs1_1.2.1-2 libicu57_57.1-6 libidn2-0_0.16-1+b1 libisl15_0.18-1 libitm1_7.1.0-9 libjsoncpp1_1.7.4-3 libk5crypto3_1.15-1 libkeyutils1_1.5.9-9 libkrb5-3_1.15-1 libkrb5support0_1.15-1 libldap-2.4-2_2.4.44+dfsg-7 libldap-common_2.4.44+dfsg-7 libllvm3.9_1:3.9.1-10 liblsan0_7.1.0-9 libltdl-dev_2.4.6-2 libltdl7_2.4.6-2 liblz4-1_0.0~r131-2+b1 liblzma5_5.2.2-1.2+b1 liblzo2-2_2.08-1.2+b2 libmagic-mgc_1:5.30-1 libmagic1_1:5.30-1 libmount1_2.29.2-1 libmpc3_1.0.3-1+b2 libmpdec2_2.4.2-1 libmpfr4_3.1.5-1 libmpx2_7.1.0-9 libncurses5_6.0+20161126-1 libncursesw5_6.0+20161126-1 libnettle6_3.3-1+b1 libnghttp2-14_1.24.0-1 libnl-3-200_3.2.27-2 libnl-route-3-200_3.2.27-2 libnuma-dev_2.0.11-2.1 libnuma1_2.0.11-2.1 libobjc-6-dev_6.4.0-1 libobjc4_7.1.0-9 libopenmpi-dev_2.1.1-6 libopenmpi2_2.1.1-6 libp11-kit0_0.23.7-2 libpam-modules_1.1.8-3.6 libpam-modules-bin_1.1.8-3.6 libpam-runtime_1.1.8-3.6 libpam0g_1.1.8-3.6 libpciaccess0_0.13.4-1+b2 libpcre3_2:8.39-3 libperl5.24_5.24.1-6 libpipeline1_1.4.1-2 libprocps6_2:3.3.12-3 libpsl5_0.17.0-4+b1 libpsm-infinipath1_3.3+19.g67c0807.open-3 libpython-stdlib_2.7.13-2 libpython2.7-minimal_2.7.13-2 libpython2.7-stdlib_2.7.13-2 libpython3-stdlib_3.5.3-3 libpython3.5-minimal_3.5.3-3 libpython3.5-stdlib_3.5.3-3 libquadmath0_7.1.0-9 librdmacm1_1.1.0-2 libreadline7_7.0-3 librtmp1_2.4+20151223.gitfa8646d.1-1+b1 libsasl2-2_2.1.27~101-g0780600+dfsg-3 libsasl2-modules-db_2.1.27~101-g0780600+dfsg-3 libselinux1_2.6-3+b2 libsemanage-common_2.6-2 libsemanage1_2.6-2+b1 libsepol1_2.6-2 libsigsegv2_2.11-1 libsmartcols1_2.29.2-1 libsqlite3-0_3.16.2-5 libss2_1.43.4-2 libssh2-1_1.8.0-1 libssl1.0.2_1.0.2l-2 libssl1.1_1.1.0f-3 libstdc++-6-dev_6.4.0-1 libstdc++6_7.1.0-9 libsystemd0_233-10 libtasn1-6_4.12-2 libtimedate-perl_2.3000-2 libtinfo5_6.0+20161126-1 libtool_2.4.6-2 libtsan0_7.1.0-9 libubsan0_7.1.0-9 libudev1_233-10 libunistring2_0.9.7-2 libustr-1.0-1_1.0.4-6 libuuid1_2.29.2-1 libuv1_1.9.1-3 libxml2_2.9.4+dfsg1-3 linux-libc-dev_4.11.6-1 login_1:4.4-4.1 lsb-base_9.20161125 m4_1.4.18-1 make_4.1-9.1 man-db_2.7.6.1-2 mawk_1.3.3-17+b3 mime-support_3.60 mount_2.29.2-1 mpi-default-bin_1.8 mpi-default-dev_1.8 multiarch-support_2.24-12 ncurses-base_6.0+20161126-1 ncurses-bin_6.0+20161126-1 ocl-icd-libopencl1_2.2.11-1 openmpi-bin_2.1.1-6 openmpi-common_2.1.1-6 passwd_1:4.4-4.1 patch_2.7.5-1+b2 perl_5.24.1-6 perl-base_5.24.1-6 perl-modules-5.24_5.24.1-6 pkg-config_0.29-4+b1 po-debconf_1.0.20 procps_2:3.3.12-3 python_2.7.13-2 python-minimal_2.7.13-2 python-pyparsing_2.1.10+dfsg1-1 python2.7_2.7.13-2 python2.7-minimal_2.7.13-2 python3_3.5.3-3 python3-minimal_3.5.3-3 python3.5_3.5.3-3 python3.5-minimal_3.5.3-3 readline-common_7.0-3 sbuild-build-depends-core-dummy_0.invalid.0 sbuild-build-depends-dune-grid-dummy_0.invalid.0 sed_4.4-1 sensible-utils_0.0.9 sysvinit-utils_2.88dsf-59.9 tar_1.29b-1.1 util-linux_2.29.2-1 xz-utils_5.2.2-1.2+b1 zlib1g_1:1.2.8.dfsg-5

+------------------------------------------------------------------------------+
| Build                                                                        |
+------------------------------------------------------------------------------+


Unpack source
-------------

gpgv: unknown type of key resource 'trustedkeys.kbx'
gpgv: keyblock resource '/sbuild-nonexistent/.gnupg/trustedkeys.kbx': General error
gpgv: Signature made Sun Dec 18 17:16:50 2016 UTC
gpgv:                using RSA key E9762343DA3C836A78CD254A6A63028F5A74E893
gpgv:                issuer "ansgar@debian.org"
gpgv: Can't check signature: No public key
dpkg-source: warning: failed to verify signature on ./dune-grid_2.5.0-1.dsc
dpkg-source: info: extracting dune-grid in /<<PKGBUILDDIR>>
dpkg-source: info: unpacking dune-grid_2.5.0.orig.tar.xz
dpkg-source: info: unpacking dune-grid_2.5.0-1.debian.tar.xz
dpkg-source: info: applying disable-alberta3d-test.patch
dpkg-source: info: applying do-not-install-amiramesh-grids.patch
dpkg-source: info: applying example-grids-install-location.patch
dpkg-source: info: applying increase-test-timeouts.patch

Check disk space
----------------

Sufficient free space for build

User Environment
----------------

APT_CONFIG=/var/lib/sbuild/apt.conf
HOME=/sbuild-nonexistent
LANG=en_US.UTF-8
LC_ALL=POSIX
LOGNAME=user42
PATH=/usr/local/sbin:/usr/local/bin:/usr/sbin:/usr/bin:/sbin:/bin:/usr/games
SCHROOT_ALIAS_NAME=unstable-amd64-sbuild
SCHROOT_CHROOT_NAME=unstable-amd64-sbuild
SCHROOT_COMMAND=env
SCHROOT_GID=1001
SCHROOT_GROUP=user42
SCHROOT_SESSION_ID=unstable-amd64-sbuild-0b6e8893-30de-4d21-b036-3b21c7764f23
SCHROOT_UID=1001
SCHROOT_USER=user42
SHELL=/bin/sh
USER=user42

dpkg-buildpackage
-----------------

dpkg-buildpackage: info: source package dune-grid
dpkg-buildpackage: info: source version 2.5.0-1
dpkg-buildpackage: info: source distribution unstable
dpkg-buildpackage: info: source changed by Ansgar Burchardt <ansgar@debian.org>
 dpkg-source --before-build dune-grid-2.5.0
dpkg-buildpackage: info: host architecture amd64
 fakeroot debian/rules clean
dh clean --parallel --builddirectory=build
   dh_testdir -O--parallel -O--builddirectory=build
   dh_auto_clean -O--parallel -O--builddirectory=build
   dh_clean -O--parallel -O--builddirectory=build
 debian/rules build-arch
dh build-arch --parallel --builddirectory=build
   dh_testdir -a -O--parallel -O--builddirectory=build
   dh_update_autotools_config -a -O--parallel -O--builddirectory=build
   debian/rules override_dh_auto_configure
make[1]: Entering directory '/<<PKGBUILDDIR>>'
dh_auto_configure -- -DBUILD_SHARED_LIBS=1
	cmake .. -DCMAKE_INSTALL_PREFIX=/usr -DCMAKE_VERBOSE_MAKEFILE=ON -DCMAKE_BUILD_TYPE=None -DCMAKE_INSTALL_SYSCONFDIR=/etc -DCMAKE_INSTALL_LOCALSTATEDIR=/var -DBUILD_SHARED_LIBS=1
-- The C compiler identification is Clang 3.9.1
-- The CXX compiler identification is Clang 3.9.1
-- Check for working C compiler: /usr/bin/cc
-- Check for working C compiler: /usr/bin/cc -- works
-- Detecting C compiler ABI info
-- Detecting C compiler ABI info - done
-- Detecting C compile features
-- Detecting C compile features - done
-- Check for working CXX compiler: /usr/bin/c++
-- Check for working CXX compiler: /usr/bin/c++ -- works
-- Detecting CXX compiler ABI info
-- Detecting CXX compiler ABI info - done
-- Detecting CXX compile features
-- Detecting CXX compile features - done
-- Dependencies for dune-grid: dune-geometry (>= 2.5.0)
-- Suggestions for dune-grid: dune-uggrid
-- Dependencies for dune-geometry: dune-common (>= 2.5.0)
-- Dependencies for dune-uggrid: dune-common (>= 2.5.0)
-- The Fortran compiler identification is GNU 6.4.0
-- Check for working Fortran compiler: /usr/bin/f95
-- Check for working Fortran compiler: /usr/bin/f95  -- works
-- Detecting Fortran compiler ABI info
-- Detecting Fortran compiler ABI info - done
-- Checking whether /usr/bin/f95 supports Fortran 90
-- Checking whether /usr/bin/f95 supports Fortran 90 -- yes
-- Performing Test cxx_std_flag_14
-- Performing Test cxx_std_flag_14 - Success
-- Performing Test compiler_supports_cxx14
-- Performing Test compiler_supports_cxx14 - Success
-- Performing Test HAS_ATTRIBUTE_UNUSED
-- Performing Test HAS_ATTRIBUTE_UNUSED - Success
-- Performing Test HAS_ATTRIBUTE_DEPRECATED
-- Performing Test HAS_ATTRIBUTE_DEPRECATED - Success
-- Performing Test HAS_ATTRIBUTE_DEPRECATED_MSG
-- Performing Test HAS_ATTRIBUTE_DEPRECATED_MSG - Success
-- Performing Test HAVE_IS_INDEXABLE_SUPPORT
-- Performing Test HAVE_IS_INDEXABLE_SUPPORT - Success
-- Looking for pthread.h
-- Looking for pthread.h - found
-- Looking for pthread_create
-- Looking for pthread_create - not found
-- Check if compiler accepts -pthread
-- Check if compiler accepts -pthread - yes
-- Found Threads: TRUE  
-- Performing Test STDTHREAD_WORKS
-- Performing Test STDTHREAD_WORKS - Success
-- Performing Test HAVE_CXA_DEMANGLE
-- Performing Test HAVE_CXA_DEMANGLE - Success
-- Found MPI_C: /usr/lib/x86_64-linux-gnu/openmpi/lib/libmpi.so  
-- Found MPI_CXX: /usr/lib/x86_64-linux-gnu/openmpi/lib/libmpi_cxx.so;/usr/lib/x86_64-linux-gnu/openmpi/lib/libmpi.so  
-- Found MPI_Fortran: /usr/lib/x86_64-linux-gnu/openmpi/lib/libmpi_usempif08.so;/usr/lib/x86_64-linux-gnu/openmpi/lib/libmpi_usempi_ignore_tkr.so;/usr/lib/x86_64-linux-gnu/openmpi/lib/libmpi_mpifh.so;/usr/lib/x86_64-linux-gnu/openmpi/lib/libmpi.so  
-- Detecting Fortran/C Interface
-- Detecting Fortran/C Interface - Failed to compile
-- Verifying Fortran/CXX Compiler Compatibility
CMake Warning (dev) at /usr/share/cmake-3.7/Modules/FortranCInterface.cmake:309 (message):
  No FortranCInterface mangling known for VerifyFortran
Call Stack (most recent call first):
  /usr/share/cmake-3.7/Modules/FortranCInterface/Verify/CMakeLists.txt:16 (FortranCInterface_HEADER)
This warning is for project developers.  Use -Wno-dev to suppress it.

-- Verifying Fortran/CXX Compiler Compatibility - Failed
CMake Error at /usr/share/cmake-3.7/Modules/FortranCInterface.cmake:382 (message):
  The Fortran compiler:

    /usr/bin/f95

  and the CXX compiler:

    /usr/bin/c++

  failed to compile a simple test project using both languages.  The output
  was:

    Change Dir: /<<PKGBUILDDIR>>/build/CMakeFiles/FortranCInterface/VerifyCXX
    
    Run Build Command:"/usr/bin/make"
    make[2]: Entering directory '/<<PKGBUILDDIR>>/build/CMakeFiles/FortranCInterface/VerifyCXX'
    /usr/bin/cmake -H/usr/share/cmake-3.7/Modules/FortranCInterface/Verify -B/<<PKGBUILDDIR>>/build/CMakeFiles/FortranCInterface/VerifyCXX --check-build-system CMakeFiles/Makefile.cmake 0
    /usr/bin/cmake -E cmake_progress_start /<<PKGBUILDDIR>>/build/CMakeFiles/FortranCInterface/VerifyCXX/CMakeFiles /<<PKGBUILDDIR>>/build/CMakeFiles/FortranCInterface/VerifyCXX/CMakeFiles/progress.marks
    /usr/bin/make -f CMakeFiles/Makefile2 all
    make[3]: Entering directory '/<<PKGBUILDDIR>>/build/CMakeFiles/FortranCInterface/VerifyCXX'
    /usr/bin/make -f CMakeFiles/VerifyFortran.dir/build.make CMakeFiles/VerifyFortran.dir/depend
    make[4]: Entering directory '/<<PKGBUILDDIR>>/build/CMakeFiles/FortranCInterface/VerifyCXX'
    cd /<<PKGBUILDDIR>>/build/CMakeFiles/FortranCInterface/VerifyCXX && /usr/bin/cmake -E cmake_depends "Unix Makefiles" /usr/share/cmake-3.7/Modules/FortranCInterface/Verify /usr/share/cmake-3.7/Modules/FortranCInterface/Verify /<<PKGBUILDDIR>>/build/CMakeFiles/FortranCInterface/VerifyCXX /<<PKGBUILDDIR>>/build/CMakeFiles/FortranCInterface/VerifyCXX /<<PKGBUILDDIR>>/build/CMakeFiles/FortranCInterface/VerifyCXX/CMakeFiles/VerifyFortran.dir/DependInfo.cmake
    Scanning dependencies of target VerifyFortran
    make[4]: Leaving directory '/<<PKGBUILDDIR>>/build/CMakeFiles/FortranCInterface/VerifyCXX'
    /usr/bin/make -f CMakeFiles/VerifyFortran.dir/build.make CMakeFiles/VerifyFortran.dir/requires
    make[4]: Entering directory '/<<PKGBUILDDIR>>/build/CMakeFiles/FortranCInterface/VerifyCXX'
    make[4]: Nothing to be done for 'CMakeFiles/VerifyFortran.dir/requires'.
    make[4]: Leaving directory '/<<PKGBUILDDIR>>/build/CMakeFiles/FortranCInterface/VerifyCXX'
    /usr/bin/make -f CMakeFiles/VerifyFortran.dir/build.make CMakeFiles/VerifyFortran.dir/build
    make[4]: Entering directory '/<<PKGBUILDDIR>>/build/CMakeFiles/FortranCInterface/VerifyCXX'
    [ 16%] Building Fortran object CMakeFiles/VerifyFortran.dir/VerifyFortran.f.o
    /usr/bin/f95  -DVERIFY_CXX -I/<<PKGBUILDDIR>>/build/CMakeFiles/FortranCInterface/VerifyCXX  -g -O2 -fdebug-prefix-map=/<<PKGBUILDDIR>>=. -fstack-protector-strong -O3 -DNDEBUG -O3   -c /usr/share/cmake-3.7/Modules/FortranCInterface/Verify/VerifyFortran.f -o CMakeFiles/VerifyFortran.dir/VerifyFortran.f.o
    [ 33%] Linking Fortran static library libVerifyFortran.a
    /usr/bin/cmake -P CMakeFiles/VerifyFortran.dir/cmake_clean_target.cmake
    /usr/bin/cmake -E cmake_link_script CMakeFiles/VerifyFortran.dir/link.txt --verbose=1
    /usr/bin/ar qc libVerifyFortran.a  CMakeFiles/VerifyFortran.dir/VerifyFortran.f.o
    /usr/bin/ranlib libVerifyFortran.a
    make[4]: Leaving directory '/<<PKGBUILDDIR>>/build/CMakeFiles/FortranCInterface/VerifyCXX'
    [ 33%] Built target VerifyFortran
    /usr/bin/make -f CMakeFiles/VerifyFortranC.dir/build.make CMakeFiles/VerifyFortranC.dir/depend
    make[4]: Entering directory '/<<PKGBUILDDIR>>/build/CMakeFiles/FortranCInterface/VerifyCXX'
    cd /<<PKGBUILDDIR>>/build/CMakeFiles/FortranCInterface/VerifyCXX && /usr/bin/cmake -E cmake_depends "Unix Makefiles" /usr/share/cmake-3.7/Modules/FortranCInterface/Verify /usr/share/cmake-3.7/Modules/FortranCInterface/Verify /<<PKGBUILDDIR>>/build/CMakeFiles/FortranCInterface/VerifyCXX /<<PKGBUILDDIR>>/build/CMakeFiles/FortranCInterface/VerifyCXX /<<PKGBUILDDIR>>/build/CMakeFiles/FortranCInterface/VerifyCXX/CMakeFiles/VerifyFortranC.dir/DependInfo.cmake
    Scanning dependencies of target VerifyFortranC
    make[4]: Leaving directory '/<<PKGBUILDDIR>>/build/CMakeFiles/FortranCInterface/VerifyCXX'
    /usr/bin/make -f CMakeFiles/VerifyFortranC.dir/build.make CMakeFiles/VerifyFortranC.dir/build
    make[4]: Entering directory '/<<PKGBUILDDIR>>/build/CMakeFiles/FortranCInterface/VerifyCXX'
    [ 50%] Building C object CMakeFiles/VerifyFortranC.dir/main.c.o
    /usr/bin/cc  -DVERIFY_CXX -I/<<PKGBUILDDIR>>/build/CMakeFiles/FortranCInterface/VerifyCXX  -g -O2 -fdebug-prefix-map=/<<PKGBUILDDIR>>=. -fstack-protector-strong -Wformat -Werror=format-security -Wdate-time -D_FORTIFY_SOURCE=2 -O3 -DNDEBUG   -o CMakeFiles/VerifyFortranC.dir/main.c.o   -c /usr/share/cmake-3.7/Modules/FortranCInterface/Verify/main.c
    [ 66%] Building C object CMakeFiles/VerifyFortranC.dir/VerifyC.c.o
    /usr/bin/cc  -DVERIFY_CXX -I/<<PKGBUILDDIR>>/build/CMakeFiles/FortranCInterface/VerifyCXX  -g -O2 -fdebug-prefix-map=/<<PKGBUILDDIR>>=. -fstack-protector-strong -Wformat -Werror=format-security -Wdate-time -D_FORTIFY_SOURCE=2 -O3 -DNDEBUG   -o CMakeFiles/VerifyFortranC.dir/VerifyC.c.o   -c /usr/share/cmake-3.7/Modules/FortranCInterface/Verify/VerifyC.c
    [ 83%] Building CXX object CMakeFiles/VerifyFortranC.dir/VerifyCXX.cxx.o
    /usr/bin/c++   -DVERIFY_CXX -I/<<PKGBUILDDIR>>/build/CMakeFiles/FortranCInterface/VerifyCXX  -g -O2 -fdebug-prefix-map=/<<PKGBUILDDIR>>=. -fstack-protector-strong -Wformat -Werror=format-security -Wdate-time -D_FORTIFY_SOURCE=2 -std=c++14 -O3 -DNDEBUG   -o CMakeFiles/VerifyFortranC.dir/VerifyCXX.cxx.o -c /usr/share/cmake-3.7/Modules/FortranCInterface/Verify/VerifyCXX.cxx
    [100%] Linking CXX executable VerifyFortranC
    /usr/bin/cmake -E cmake_link_script CMakeFiles/VerifyFortranC.dir/link.txt --verbose=1
    /usr/bin/c++   -g -O2 -fdebug-prefix-map=/<<PKGBUILDDIR>>=. -fstack-protector-strong -Wformat -Werror=format-security -Wdate-time -D_FORTIFY_SOURCE=2 -std=c++14 -O3 -DNDEBUG  -Wl,-z,relro CMakeFiles/VerifyFortranC.dir/main.c.o CMakeFiles/VerifyFortranC.dir/VerifyC.c.o CMakeFiles/VerifyFortranC.dir/VerifyCXX.cxx.o  -o VerifyFortranC  -L/usr/lib/gcc/x86_64-linux-gnu/6 libVerifyFortran.a -lgfortran -lquadmath 
    CMakeFiles/VerifyFortranC.dir/main.c.o: In function `main':
    /usr/share/cmake-3.7/Modules/FortranCInterface/Verify/main.c:14: undefined reference to `VerifyFortran'
    clang: error: linker command failed with exit code 1 (use -v to see invocation)
    CMakeFiles/VerifyFortranC.dir/build.make:150: recipe for target 'VerifyFortranC' failed
    make[4]: *** [VerifyFortranC] Error 1
    make[4]: Leaving directory '/<<PKGBUILDDIR>>/build/CMakeFiles/FortranCInterface/VerifyCXX'
    CMakeFiles/Makefile2:108: recipe for target 'CMakeFiles/VerifyFortranC.dir/all' failed
    make[3]: *** [CMakeFiles/VerifyFortranC.dir/all] Error 2
    make[3]: Leaving directory '/<<PKGBUILDDIR>>/build/CMakeFiles/FortranCInterface/VerifyCXX'
    Makefile:86: recipe for target 'all' failed
    make[2]: *** [all] Error 2
    make[2]: Leaving directory '/<<PKGBUILDDIR>>/build/CMakeFiles/FortranCInterface/VerifyCXX'
    
Call Stack (most recent call first):
  /usr/share/dune/cmake/modules/DuneMacros.cmake:702 (FortranCInterface_VERIFY)
  CMakeLists.txt:22 (dune_project)


-- Configuring incomplete, errors occurred!
See also "/<<PKGBUILDDIR>>/build/CMakeFiles/CMakeOutput.log".
See also "/<<PKGBUILDDIR>>/build/CMakeFiles/CMakeError.log".
	"tail -v -n +0 CMakeCache.txt"
==> CMakeCache.txt <==
# This is the CMakeCache file.
# For build in directory: /<<PKGBUILDDIR>>/build
# It was generated by CMake: /usr/bin/cmake
# You can edit this file to change values found and used by cmake.
# If you do not want to change any of the values, simply exit the editor.
# If you do want to change a value, simply edit, save, and exit the editor.
# The syntax for the file is as follows:
# KEY:TYPE=VALUE
# KEY is the name of a variable in the cache.
# TYPE is a hint to GUIs for the type of VALUE, DO NOT EDIT TYPE!.
# VALUE is the current value for the KEY.

########################
# EXTERNAL cache entries
########################

//OFF
ALLOW_CXXFLAGS_OVERWRITE:BOOL=OFF

//No help, variable specified on the command line.
BUILD_SHARED_LIBS:UNINITIALIZED=1

//Build the testing tree.
BUILD_TESTING:BOOL=ON

//Path to a program.
BZRCOMMAND:FILEPATH=BZRCOMMAND-NOTFOUND

//Path to a program.
CMAKE_AR:FILEPATH=/usr/bin/ar

//Choose the type of build, options are: None(CMAKE_CXX_FLAGS or
// CMAKE_C_FLAGS used) Debug Release RelWithDebInfo MinSizeRel.
CMAKE_BUILD_TYPE:STRING=None

//Enable/Disable color output during build.
CMAKE_COLOR_MAKEFILE:BOOL=ON

//CXX compiler
CMAKE_CXX_COMPILER:FILEPATH=/usr/bin/c++

//Flags used by the compiler during all build types.
CMAKE_CXX_FLAGS:STRING=-g -O2 -fdebug-prefix-map=/<<PKGBUILDDIR>>=. -fstack-protector-strong -Wformat -Werror=format-security -Wdate-time -D_FORTIFY_SOURCE=2

//Flags used by the compiler during debug builds.
CMAKE_CXX_FLAGS_DEBUG:STRING=-g

//Flags used by the compiler during release builds for minimum
// size.
CMAKE_CXX_FLAGS_MINSIZEREL:STRING=-Os -DNDEBUG

//Flags used by the compiler during release builds.
CMAKE_CXX_FLAGS_RELEASE:STRING=-O3 -DNDEBUG

//Flags used by the compiler during release builds with debug info.
CMAKE_CXX_FLAGS_RELWITHDEBINFO:STRING=-O2 -g -DNDEBUG

//C compiler
CMAKE_C_COMPILER:FILEPATH=/usr/bin/cc

//Flags used by the compiler during all build types.
CMAKE_C_FLAGS:STRING=-g -O2 -fdebug-prefix-map=/<<PKGBUILDDIR>>=. -fstack-protector-strong -Wformat -Werror=format-security -Wdate-time -D_FORTIFY_SOURCE=2

//Flags used by the compiler during debug builds.
CMAKE_C_FLAGS_DEBUG:STRING=-g

//Flags used by the compiler during release builds for minimum
// size.
CMAKE_C_FLAGS_MINSIZEREL:STRING=-Os -DNDEBUG

//Flags used by the compiler during release builds.
CMAKE_C_FLAGS_RELEASE:STRING=-O3 -DNDEBUG

//Flags used by the compiler during release builds with debug info.
CMAKE_C_FLAGS_RELWITHDEBINFO:STRING=-O2 -g -DNDEBUG

//Flags used by the linker.
CMAKE_EXE_LINKER_FLAGS:STRING=-Wl,-z,relro

//Flags used by the linker during debug builds.
CMAKE_EXE_LINKER_FLAGS_DEBUG:STRING=

//Flags used by the linker during release minsize builds.
CMAKE_EXE_LINKER_FLAGS_MINSIZEREL:STRING=

//Flags used by the linker during release builds.
CMAKE_EXE_LINKER_FLAGS_RELEASE:STRING=

//Flags used by the linker during Release with Debug Info builds.
CMAKE_EXE_LINKER_FLAGS_RELWITHDEBINFO:STRING=

//Enable/Disable output of compile commands during generation.
CMAKE_EXPORT_COMPILE_COMMANDS:BOOL=OFF

//Fortran compiler
CMAKE_Fortran_COMPILER:FILEPATH=/usr/bin/f95

//Flags for Fortran compiler.
CMAKE_Fortran_FLAGS:STRING=-g -O2 -fdebug-prefix-map=/<<PKGBUILDDIR>>=. -fstack-protector-strong

//Flags used by the compiler during debug builds.
CMAKE_Fortran_FLAGS_DEBUG:STRING=-g

//Flags used by the compiler during release builds for minimum
// size.
CMAKE_Fortran_FLAGS_MINSIZEREL:STRING=-Os -DNDEBUG -Os

//Flags used by the compiler during release builds.
CMAKE_Fortran_FLAGS_RELEASE:STRING=-O3 -DNDEBUG -O3

//Flags used by the compiler during release builds with debug info.
CMAKE_Fortran_FLAGS_RELWITHDEBINFO:STRING=-O2 -g -DNDEBUG

//No help, variable specified on the command line.
CMAKE_INSTALL_LOCALSTATEDIR:UNINITIALIZED=/var

//Install path prefix, prepended onto install directories.
CMAKE_INSTALL_PREFIX:PATH=/usr

//No help, variable specified on the command line.
CMAKE_INSTALL_SYSCONFDIR:UNINITIALIZED=/etc

//Path to a program.
CMAKE_LINKER:FILEPATH=/usr/bin/ld

//Path to a program.
CMAKE_MAKE_PROGRAM:FILEPATH=/usr/bin/make

//Flags used by the linker during the creation of modules.
CMAKE_MODULE_LINKER_FLAGS:STRING=-Wl,-z,relro

//Flags used by the linker during debug builds.
CMAKE_MODULE_LINKER_FLAGS_DEBUG:STRING=

//Flags used by the linker during release minsize builds.
CMAKE_MODULE_LINKER_FLAGS_MINSIZEREL:STRING=

//Flags used by the linker during release builds.
CMAKE_MODULE_LINKER_FLAGS_RELEASE:STRING=

//Flags used by the linker during Release with Debug Info builds.
CMAKE_MODULE_LINKER_FLAGS_RELWITHDEBINFO:STRING=

//Path to a program.
CMAKE_NM:FILEPATH=/usr/bin/nm

//Path to a program.
CMAKE_OBJCOPY:FILEPATH=/usr/bin/objcopy

//Path to a program.
CMAKE_OBJDUMP:FILEPATH=/usr/bin/objdump

//Value Computed by CMake
CMAKE_PROJECT_NAME:STATIC=dune-grid

//Path to a program.
CMAKE_RANLIB:FILEPATH=/usr/bin/ranlib

//Flags used by the linker during the creation of dll's.
CMAKE_SHARED_LINKER_FLAGS:STRING=-Wl,-z,relro

//Flags used by the linker during debug builds.
CMAKE_SHARED_LINKER_FLAGS_DEBUG:STRING=

//Flags used by the linker during release minsize builds.
CMAKE_SHARED_LINKER_FLAGS_MINSIZEREL:STRING=

//Flags used by the linker during release builds.
CMAKE_SHARED_LINKER_FLAGS_RELEASE:STRING=

//Flags used by the linker during Release with Debug Info builds.
CMAKE_SHARED_LINKER_FLAGS_RELWITHDEBINFO:STRING=

//If set, runtime paths are not added when installing shared libraries,
// but are added when building.
CMAKE_SKIP_INSTALL_RPATH:BOOL=NO

//If set, runtime paths are not added when using shared libraries.
CMAKE_SKIP_RPATH:BOOL=NO

//Flags used by the linker during the creation of static libraries.
CMAKE_STATIC_LINKER_FLAGS:STRING=

//Flags used by the linker during debug builds.
CMAKE_STATIC_LINKER_FLAGS_DEBUG:STRING=

//Flags used by the linker during release minsize builds.
CMAKE_STATIC_LINKER_FLAGS_MINSIZEREL:STRING=

//Flags used by the linker during release builds.
CMAKE_STATIC_LINKER_FLAGS_RELEASE:STRING=

//Flags used by the linker during Release with Debug Info builds.
CMAKE_STATIC_LINKER_FLAGS_RELWITHDEBINFO:STRING=

//Path to a program.
CMAKE_STRIP:FILEPATH=/usr/bin/strip

//If this value is on, makefiles will be generated without the
// .SILENT directive, and all commands will be echoed to the console
// during the make.  This is useful for debugging only. With Visual
// Studio IDE projects all commands are done without /nologo.
CMAKE_VERBOSE_MAKEFILE:BOOL=ON

//Path to the coverage program that CTest uses for performing coverage
// inspection
COVERAGE_COMMAND:FILEPATH=/usr/bin/gcov

//Extra command line flags to pass to the coverage tool
COVERAGE_EXTRA_FLAGS:STRING=-l

//How many times to retry timed-out CTest submissions.
CTEST_SUBMIT_RETRY_COUNT:STRING=3

//How long to wait between timed-out CTest submissions.
CTEST_SUBMIT_RETRY_DELAY:STRING=5

//Path to a program.
CVSCOMMAND:FILEPATH=CVSCOMMAND-NOTFOUND

//Options passed to the cvs update command.
CVS_UPDATE_OPTIONS:STRING=-d -A -P

//highest version of the C++ standard to enable
CXX_MAX_STANDARD:STRING=14

//Maximum time allowed before CTest will kill the test.
DART_TESTING_TIMEOUT:STRING=1500

//If set to ON, shared and static libs will be built
DUNE_BUILD_BOTH_LIBS:BOOL=OFF

//If set to ON, we will force static linkage everywhere
DUNE_USE_ONLY_STATIC_LIBS:BOOL=OFF

//Path to a program.
GITCOMMAND:FILEPATH=GITCOMMAND-NOTFOUND

//Path to a program.
HGCOMMAND:FILEPATH=HGCOMMAND-NOTFOUND

//Command to build the project
MAKECOMMAND:STRING=/usr/bin/cmake --build . --config "${CTEST_CONFIGURATION_TYPE}" -- -i

//Path to the memory checking command, used for memory error detection.
MEMORYCHECK_COMMAND:FILEPATH=MEMORYCHECK_COMMAND-NOTFOUND

//File that contains suppressions for the memory checker
MEMORYCHECK_SUPPRESSIONS_FILE:FILEPATH=

//Executable for running MPI programs.
MPIEXEC:FILEPATH=/usr/bin/mpiexec

//Maximum number of processors available to run MPI applications.
MPIEXEC_MAX_NUMPROCS:STRING=2

//Flag used by MPI to specify the number of processes for MPIEXEC;
// the next option will be the number of processes.
MPIEXEC_NUMPROC_FLAG:STRING=-np

//These flags will come after all flags given to MPIEXEC.
MPIEXEC_POSTFLAGS:STRING=

//These flags will be directly before the executable that is being
// run by MPIEXEC.
MPIEXEC_PREFLAGS:STRING=

//Path to a program.
MPI_CXX_COMPILER:FILEPATH=/usr/bin/mpicxx

//MPI CXX compilation flags
MPI_CXX_COMPILE_FLAGS:STRING=

//MPI CXX include path
MPI_CXX_INCLUDE_PATH:STRING=/usr/lib/x86_64-linux-gnu/openmpi/include/openmpi;/usr/lib/x86_64-linux-gnu/openmpi/include/openmpi/opal/mca/event/libevent2022/libevent;/usr/lib/x86_64-linux-gnu/openmpi/include/openmpi/opal/mca/event/libevent2022/libevent/include;/usr/lib/x86_64-linux-gnu/openmpi/include

//MPI CXX libraries to link against
MPI_CXX_LIBRARIES:STRING=/usr/lib/x86_64-linux-gnu/openmpi/lib/libmpi_cxx.so;/usr/lib/x86_64-linux-gnu/openmpi/lib/libmpi.so

//MPI CXX linking flags
MPI_CXX_LINK_FLAGS:STRING=

//Path to a program.
MPI_C_COMPILER:FILEPATH=/usr/bin/mpicc

//MPI C compilation flags
MPI_C_COMPILE_FLAGS:STRING=

//MPI C include path
MPI_C_INCLUDE_PATH:STRING=/usr/lib/x86_64-linux-gnu/openmpi/include/openmpi;/usr/lib/x86_64-linux-gnu/openmpi/include/openmpi/opal/mca/event/libevent2022/libevent;/usr/lib/x86_64-linux-gnu/openmpi/include/openmpi/opal/mca/event/libevent2022/libevent/include;/usr/lib/x86_64-linux-gnu/openmpi/include

//MPI C libraries to link against
MPI_C_LIBRARIES:STRING=/usr/lib/x86_64-linux-gnu/openmpi/lib/libmpi.so

//MPI C linking flags
MPI_C_LINK_FLAGS:STRING=

//Compile flags used by DUNE when compiling MPI programs
MPI_DUNE_COMPILE_FLAGS:STRING=

//Include path used by DUNE when compiling MPI programs
MPI_DUNE_INCLUDE_PATH:STRING=/usr/lib/x86_64-linux-gnu/openmpi/include/openmpi;/usr/lib/x86_64-linux-gnu/openmpi/include/openmpi/opal/mca/event/libevent2022/libevent;/usr/lib/x86_64-linux-gnu/openmpi/include/openmpi/opal/mca/event/libevent2022/libevent/include;/usr/lib/x86_64-linux-gnu/openmpi/include

//Libraries used by DUNE when linking MPI programs
MPI_DUNE_LIBRARIES:STRING=-pthread;/usr/lib/x86_64-linux-gnu/openmpi/lib/libmpi.so

//Linker flags used by DUNE when compiling MPI programs
MPI_DUNE_LINK_FLAGS:STRING=

//Extra MPI libraries to link against
MPI_EXTRA_LIBRARY:STRING=/usr/lib/x86_64-linux-gnu/openmpi/lib/libmpi.so

//Path to a program.
MPI_Fortran_COMPILER:FILEPATH=/usr/bin/mpif90

//MPI Fortran compilation flags
MPI_Fortran_COMPILE_FLAGS:STRING=

//MPI Fortran include path
MPI_Fortran_INCLUDE_PATH:STRING=/usr/lib/x86_64-linux-gnu/openmpi/include;/usr/lib/x86_64-linux-gnu/openmpi/lib

//MPI Fortran libraries to link against
MPI_Fortran_LIBRARIES:STRING=/usr/lib/x86_64-linux-gnu/openmpi/lib/libmpi_usempif08.so;/usr/lib/x86_64-linux-gnu/openmpi/lib/libmpi_usempi_ignore_tkr.so;/usr/lib/x86_64-linux-gnu/openmpi/lib/libmpi_mpifh.so;/usr/lib/x86_64-linux-gnu/openmpi/lib/libmpi.so

//MPI Fortran linking flags
MPI_Fortran_LINK_FLAGS:STRING=

//MPI library to link against
MPI_LIBRARY:FILEPATH=/usr/lib/x86_64-linux-gnu/openmpi/lib/libmpi_cxx.so

//Path to a program.
P4COMMAND:FILEPATH=P4COMMAND-NOTFOUND

//Path to scp command, used by CTest for submitting results to
// a Dart server
SCPCOMMAND:FILEPATH=SCPCOMMAND-NOTFOUND

//Name of the computer/site where compile is being run
SITE:STRING=ip-172-31-34-186

//Path to the SLURM sbatch executable
SLURM_SBATCH_COMMAND:FILEPATH=SLURM_SBATCH_COMMAND-NOTFOUND

//Path to the SLURM srun executable
SLURM_SRUN_COMMAND:FILEPATH=SLURM_SRUN_COMMAND-NOTFOUND

//Linker flags needed to get working C++11 threads support.  On
// Ubuntu it may be necessary to include -Wl,-no-as-needed (see
// FS#1650).
STDTHREAD_LINK_FLAGS:STRING=-pthread

//Whether std::thread works.
STDTHREAD_WORKS:BOOL=1

//Path to a program.
SVNCOMMAND:FILEPATH=SVNCOMMAND-NOTFOUND

//The directory containing a CMake configuration file for dune-common.
dune-common_DIR:PATH=/usr/lib/x86_64-linux-gnu/cmake/dune-common

//The directory containing a CMake configuration file for dune-geometry.
dune-geometry_DIR:PATH=/usr/lib/x86_64-linux-gnu/cmake/dune-geometry

//Value Computed by CMake
dune-grid_BINARY_DIR:STATIC=/<<PKGBUILDDIR>>/build

//Value Computed by CMake
dune-grid_SOURCE_DIR:STATIC=/<<PKGBUILDDIR>>

//The directory containing a CMake configuration file for dune-uggrid.
dune-uggrid_DIR:PATH=/usr/lib/x86_64-linux-gnu/cmake/dune-uggrid


########################
# INTERNAL cache entries
########################

//ADVANCED property for variable: BZRCOMMAND
BZRCOMMAND-ADVANCED:INTERNAL=1
//ADVANCED property for variable: CMAKE_AR
CMAKE_AR-ADVANCED:INTERNAL=1
//This is the directory where this CMakeCache.txt was created
CMAKE_CACHEFILE_DIR:INTERNAL=/<<PKGBUILDDIR>>/build
//Major version of cmake used to create the current loaded cache
CMAKE_CACHE_MAJOR_VERSION:INTERNAL=3
//Minor version of cmake used to create the current loaded cache
CMAKE_CACHE_MINOR_VERSION:INTERNAL=7
//Patch version of cmake used to create the current loaded cache
CMAKE_CACHE_PATCH_VERSION:INTERNAL=2
//ADVANCED property for variable: CMAKE_COLOR_MAKEFILE
CMAKE_COLOR_MAKEFILE-ADVANCED:INTERNAL=1
//Path to CMake executable.
CMAKE_COMMAND:INTERNAL=/usr/bin/cmake
//Path to cpack program executable.
CMAKE_CPACK_COMMAND:INTERNAL=/usr/bin/cpack
//ADVANCED property for variable: CMAKE_CTEST_COMMAND
CMAKE_CTEST_COMMAND-ADVANCED:INTERNAL=1
//Path to ctest program executable.
CMAKE_CTEST_COMMAND:INTERNAL=/usr/bin/ctest
//ADVANCED property for variable: CMAKE_CXX_COMPILER
CMAKE_CXX_COMPILER-ADVANCED:INTERNAL=1
//ADVANCED property for variable: CMAKE_CXX_FLAGS
CMAKE_CXX_FLAGS-ADVANCED:INTERNAL=1
//ADVANCED property for variable: CMAKE_CXX_FLAGS_DEBUG
CMAKE_CXX_FLAGS_DEBUG-ADVANCED:INTERNAL=1
//ADVANCED property for variable: CMAKE_CXX_FLAGS_MINSIZEREL
CMAKE_CXX_FLAGS_MINSIZEREL-ADVANCED:INTERNAL=1
//ADVANCED property for variable: CMAKE_CXX_FLAGS_RELEASE
CMAKE_CXX_FLAGS_RELEASE-ADVANCED:INTERNAL=1
//ADVANCED property for variable: CMAKE_CXX_FLAGS_RELWITHDEBINFO
CMAKE_CXX_FLAGS_RELWITHDEBINFO-ADVANCED:INTERNAL=1
//ADVANCED property for variable: CMAKE_C_COMPILER
CMAKE_C_COMPILER-ADVANCED:INTERNAL=1
//ADVANCED property for variable: CMAKE_C_FLAGS
CMAKE_C_FLAGS-ADVANCED:INTERNAL=1
//ADVANCED property for variable: CMAKE_C_FLAGS_DEBUG
CMAKE_C_FLAGS_DEBUG-ADVANCED:INTERNAL=1
//ADVANCED property for variable: CMAKE_C_FLAGS_MINSIZEREL
CMAKE_C_FLAGS_MINSIZEREL-ADVANCED:INTERNAL=1
//ADVANCED property for variable: CMAKE_C_FLAGS_RELEASE
CMAKE_C_FLAGS_RELEASE-ADVANCED:INTERNAL=1
//ADVANCED property for variable: CMAKE_C_FLAGS_RELWITHDEBINFO
CMAKE_C_FLAGS_RELWITHDEBINFO-ADVANCED:INTERNAL=1
//Executable file format
CMAKE_EXECUTABLE_FORMAT:INTERNAL=ELF
//ADVANCED property for variable: CMAKE_EXE_LINKER_FLAGS
CMAKE_EXE_LINKER_FLAGS-ADVANCED:INTERNAL=1
//ADVANCED property for variable: CMAKE_EXE_LINKER_FLAGS_DEBUG
CMAKE_EXE_LINKER_FLAGS_DEBUG-ADVANCED:INTERNAL=1
//ADVANCED property for variable: CMAKE_EXE_LINKER_FLAGS_MINSIZEREL
CMAKE_EXE_LINKER_FLAGS_MINSIZEREL-ADVANCED:INTERNAL=1
//ADVANCED property for variable: CMAKE_EXE_LINKER_FLAGS_RELEASE
CMAKE_EXE_LINKER_FLAGS_RELEASE-ADVANCED:INTERNAL=1
//ADVANCED property for variable: CMAKE_EXE_LINKER_FLAGS_RELWITHDEBINFO
CMAKE_EXE_LINKER_FLAGS_RELWITHDEBINFO-ADVANCED:INTERNAL=1
//ADVANCED property for variable: CMAKE_EXPORT_COMPILE_COMMANDS
CMAKE_EXPORT_COMPILE_COMMANDS-ADVANCED:INTERNAL=1
//Name of external makefile project generator.
CMAKE_EXTRA_GENERATOR:INTERNAL=
//ADVANCED property for variable: CMAKE_Fortran_COMPILER
CMAKE_Fortran_COMPILER-ADVANCED:INTERNAL=1
//ADVANCED property for variable: CMAKE_Fortran_FLAGS
CMAKE_Fortran_FLAGS-ADVANCED:INTERNAL=1
//ADVANCED property for variable: CMAKE_Fortran_FLAGS_DEBUG
CMAKE_Fortran_FLAGS_DEBUG-ADVANCED:INTERNAL=1
//ADVANCED property for variable: CMAKE_Fortran_FLAGS_MINSIZEREL
CMAKE_Fortran_FLAGS_MINSIZEREL-ADVANCED:INTERNAL=1
//ADVANCED property for variable: CMAKE_Fortran_FLAGS_RELEASE
CMAKE_Fortran_FLAGS_RELEASE-ADVANCED:INTERNAL=1
//ADVANCED property for variable: CMAKE_Fortran_FLAGS_RELWITHDEBINFO
CMAKE_Fortran_FLAGS_RELWITHDEBINFO-ADVANCED:INTERNAL=1
//Name of generator.
CMAKE_GENERATOR:INTERNAL=Unix Makefiles
//Name of generator platform.
CMAKE_GENERATOR_PLATFORM:INTERNAL=
//Name of generator toolset.
CMAKE_GENERATOR_TOOLSET:INTERNAL=
//Have symbol pthread_create
CMAKE_HAVE_LIBC_CREATE:INTERNAL=
//Have include pthread.h
CMAKE_HAVE_PTHREAD_H:INTERNAL=1
//Source directory with the top level CMakeLists.txt file for this
// project
CMAKE_HOME_DIRECTORY:INTERNAL=/<<PKGBUILDDIR>>
//Install .so files without execute permission.
CMAKE_INSTALL_SO_NO_EXE:INTERNAL=1
//ADVANCED property for variable: CMAKE_LINKER
CMAKE_LINKER-ADVANCED:INTERNAL=1
//ADVANCED property for variable: CMAKE_MAKE_PROGRAM
CMAKE_MAKE_PROGRAM-ADVANCED:INTERNAL=1
//ADVANCED property for variable: CMAKE_MODULE_LINKER_FLAGS
CMAKE_MODULE_LINKER_FLAGS-ADVANCED:INTERNAL=1
//ADVANCED property for variable: CMAKE_MODULE_LINKER_FLAGS_DEBUG
CMAKE_MODULE_LINKER_FLAGS_DEBUG-ADVANCED:INTERNAL=1
//ADVANCED property for variable: CMAKE_MODULE_LINKER_FLAGS_MINSIZEREL
CMAKE_MODULE_LINKER_FLAGS_MINSIZEREL-ADVANCED:INTERNAL=1
//ADVANCED property for variable: CMAKE_MODULE_LINKER_FLAGS_RELEASE
CMAKE_MODULE_LINKER_FLAGS_RELEASE-ADVANCED:INTERNAL=1
//ADVANCED property for variable: CMAKE_MODULE_LINKER_FLAGS_RELWITHDEBINFO
CMAKE_MODULE_LINKER_FLAGS_RELWITHDEBINFO-ADVANCED:INTERNAL=1
//ADVANCED property for variable: CMAKE_NM
CMAKE_NM-ADVANCED:INTERNAL=1
//number of local generators
CMAKE_NUMBER_OF_MAKEFILES:INTERNAL=1
//ADVANCED property for variable: CMAKE_OBJCOPY
CMAKE_OBJCOPY-ADVANCED:INTERNAL=1
//ADVANCED property for variable: CMAKE_OBJDUMP
CMAKE_OBJDUMP-ADVANCED:INTERNAL=1
//ADVANCED property for variable: CMAKE_RANLIB
CMAKE_RANLIB-ADVANCED:INTERNAL=1
//Path to CMake installation.
CMAKE_ROOT:INTERNAL=/usr/share/cmake-3.7
//ADVANCED property for variable: CMAKE_SHARED_LINKER_FLAGS
CMAKE_SHARED_LINKER_FLAGS-ADVANCED:INTERNAL=1
//ADVANCED property for variable: CMAKE_SHARED_LINKER_FLAGS_DEBUG
CMAKE_SHARED_LINKER_FLAGS_DEBUG-ADVANCED:INTERNAL=1
//ADVANCED property for variable: CMAKE_SHARED_LINKER_FLAGS_MINSIZEREL
CMAKE_SHARED_LINKER_FLAGS_MINSIZEREL-ADVANCED:INTERNAL=1
//ADVANCED property for variable: CMAKE_SHARED_LINKER_FLAGS_RELEASE
CMAKE_SHARED_LINKER_FLAGS_RELEASE-ADVANCED:INTERNAL=1
//ADVANCED property for variable: CMAKE_SHARED_LINKER_FLAGS_RELWITHDEBINFO
CMAKE_SHARED_LINKER_FLAGS_RELWITHDEBINFO-ADVANCED:INTERNAL=1
//ADVANCED property for variable: CMAKE_SKIP_INSTALL_RPATH
CMAKE_SKIP_INSTALL_RPATH-ADVANCED:INTERNAL=1
//ADVANCED property for variable: CMAKE_SKIP_RPATH
CMAKE_SKIP_RPATH-ADVANCED:INTERNAL=1
//ADVANCED property for variable: CMAKE_STATIC_LINKER_FLAGS
CMAKE_STATIC_LINKER_FLAGS-ADVANCED:INTERNAL=1
//ADVANCED property for variable: CMAKE_STATIC_LINKER_FLAGS_DEBUG
CMAKE_STATIC_LINKER_FLAGS_DEBUG-ADVANCED:INTERNAL=1
//ADVANCED property for variable: CMAKE_STATIC_LINKER_FLAGS_MINSIZEREL
CMAKE_STATIC_LINKER_FLAGS_MINSIZEREL-ADVANCED:INTERNAL=1
//ADVANCED property for variable: CMAKE_STATIC_LINKER_FLAGS_RELEASE
CMAKE_STATIC_LINKER_FLAGS_RELEASE-ADVANCED:INTERNAL=1
//ADVANCED property for variable: CMAKE_STATIC_LINKER_FLAGS_RELWITHDEBINFO
CMAKE_STATIC_LINKER_FLAGS_RELWITHDEBINFO-ADVANCED:INTERNAL=1
//ADVANCED property for variable: CMAKE_STRIP
CMAKE_STRIP-ADVANCED:INTERNAL=1
//uname command
CMAKE_UNAME:INTERNAL=/bin/uname
//ADVANCED property for variable: CMAKE_VERBOSE_MAKEFILE
CMAKE_VERBOSE_MAKEFILE-ADVANCED:INTERNAL=1
//ADVANCED property for variable: COVERAGE_COMMAND
COVERAGE_COMMAND-ADVANCED:INTERNAL=1
//ADVANCED property for variable: COVERAGE_EXTRA_FLAGS
COVERAGE_EXTRA_FLAGS-ADVANCED:INTERNAL=1
//ADVANCED property for variable: CTEST_SUBMIT_RETRY_COUNT
CTEST_SUBMIT_RETRY_COUNT-ADVANCED:INTERNAL=1
//ADVANCED property for variable: CTEST_SUBMIT_RETRY_DELAY
CTEST_SUBMIT_RETRY_DELAY-ADVANCED:INTERNAL=1
//ADVANCED property for variable: CVSCOMMAND
CVSCOMMAND-ADVANCED:INTERNAL=1
//ADVANCED property for variable: CVS_UPDATE_OPTIONS
CVS_UPDATE_OPTIONS-ADVANCED:INTERNAL=1
//ADVANCED property for variable: DART_TESTING_TIMEOUT
DART_TESTING_TIMEOUT-ADVANCED:INTERNAL=1
//Details about finding MPI_C
FIND_PACKAGE_MESSAGE_DETAILS_MPI_C:INTERNAL=[/usr/lib/x86_64-linux-gnu/openmpi/lib/libmpi.so][/usr/lib/x86_64-linux-gnu/openmpi/include/openmpi;/usr/lib/x86_64-linux-gnu/openmpi/include/openmpi/opal/mca/event/libevent2022/libevent;/usr/lib/x86_64-linux-gnu/openmpi/include/openmpi/opal/mca/event/libevent2022/libevent/include;/usr/lib/x86_64-linux-gnu/openmpi/include][v()]
//Details about finding MPI_CXX
FIND_PACKAGE_MESSAGE_DETAILS_MPI_CXX:INTERNAL=[/usr/lib/x86_64-linux-gnu/openmpi/lib/libmpi_cxx.so;/usr/lib/x86_64-linux-gnu/openmpi/lib/libmpi.so][/usr/lib/x86_64-linux-gnu/openmpi/include/openmpi;/usr/lib/x86_64-linux-gnu/openmpi/include/openmpi/opal/mca/event/libevent2022/libevent;/usr/lib/x86_64-linux-gnu/openmpi/include/openmpi/opal/mca/event/libevent2022/libevent/include;/usr/lib/x86_64-linux-gnu/openmpi/include][v()]
//Details about finding MPI_Fortran
FIND_PACKAGE_MESSAGE_DETAILS_MPI_Fortran:INTERNAL=[/usr/lib/x86_64-linux-gnu/openmpi/lib/libmpi_usempif08.so;/usr/lib/x86_64-linux-gnu/openmpi/lib/libmpi_usempi_ignore_tkr.so;/usr/lib/x86_64-linux-gnu/openmpi/lib/libmpi_mpifh.so;/usr/lib/x86_64-linux-gnu/openmpi/lib/libmpi.so][/usr/lib/x86_64-linux-gnu/openmpi/include;/usr/lib/x86_64-linux-gnu/openmpi/lib][v()]
//Details about finding Threads
FIND_PACKAGE_MESSAGE_DETAILS_Threads:INTERNAL=[TRUE][v()]
//Fortran/CXX compatibility
FortranCInterface_VERIFIED_CXX:INTERNAL=0
//ADVANCED property for variable: GITCOMMAND
GITCOMMAND-ADVANCED:INTERNAL=1
//Test HAS_ATTRIBUTE_DEPRECATED
HAS_ATTRIBUTE_DEPRECATED:INTERNAL=1
//Test HAS_ATTRIBUTE_DEPRECATED_MSG
HAS_ATTRIBUTE_DEPRECATED_MSG:INTERNAL=1
//Test HAS_ATTRIBUTE_UNUSED
HAS_ATTRIBUTE_UNUSED:INTERNAL=1
//Test HAVE_CXA_DEMANGLE
HAVE_CXA_DEMANGLE:INTERNAL=1
//Test HAVE_IS_INDEXABLE_SUPPORT
HAVE_IS_INDEXABLE_SUPPORT:INTERNAL=1
//ADVANCED property for variable: HGCOMMAND
HGCOMMAND-ADVANCED:INTERNAL=1
//ADVANCED property for variable: MAKECOMMAND
MAKECOMMAND-ADVANCED:INTERNAL=1
//ADVANCED property for variable: MEMORYCHECK_COMMAND
MEMORYCHECK_COMMAND-ADVANCED:INTERNAL=1
//ADVANCED property for variable: MEMORYCHECK_SUPPRESSIONS_FILE
MEMORYCHECK_SUPPRESSIONS_FILE-ADVANCED:INTERNAL=1
//ADVANCED property for variable: MPIEXEC
MPIEXEC-ADVANCED:INTERNAL=1
//ADVANCED property for variable: MPIEXEC_MAX_NUMPROCS
MPIEXEC_MAX_NUMPROCS-ADVANCED:INTERNAL=1
//ADVANCED property for variable: MPIEXEC_NUMPROC_FLAG
MPIEXEC_NUMPROC_FLAG-ADVANCED:INTERNAL=1
//ADVANCED property for variable: MPIEXEC_POSTFLAGS
MPIEXEC_POSTFLAGS-ADVANCED:INTERNAL=1
//ADVANCED property for variable: MPIEXEC_PREFLAGS
MPIEXEC_PREFLAGS-ADVANCED:INTERNAL=1
//ADVANCED property for variable: MPI_CXX_COMPILER
MPI_CXX_COMPILER-ADVANCED:INTERNAL=1
//ADVANCED property for variable: MPI_CXX_COMPILE_FLAGS
MPI_CXX_COMPILE_FLAGS-ADVANCED:INTERNAL=1
//ADVANCED property for variable: MPI_CXX_INCLUDE_PATH
MPI_CXX_INCLUDE_PATH-ADVANCED:INTERNAL=1
//ADVANCED property for variable: MPI_CXX_LIBRARIES
MPI_CXX_LIBRARIES-ADVANCED:INTERNAL=1
//ADVANCED property for variable: MPI_CXX_LINK_FLAGS
MPI_CXX_LINK_FLAGS-ADVANCED:INTERNAL=1
//ADVANCED property for variable: MPI_C_COMPILER
MPI_C_COMPILER-ADVANCED:INTERNAL=1
//ADVANCED property for variable: MPI_C_COMPILE_FLAGS
MPI_C_COMPILE_FLAGS-ADVANCED:INTERNAL=1
//ADVANCED property for variable: MPI_C_INCLUDE_PATH
MPI_C_INCLUDE_PATH-ADVANCED:INTERNAL=1
//ADVANCED property for variable: MPI_C_LIBRARIES
MPI_C_LIBRARIES-ADVANCED:INTERNAL=1
//ADVANCED property for variable: MPI_C_LINK_FLAGS
MPI_C_LINK_FLAGS-ADVANCED:INTERNAL=1
//ADVANCED property for variable: MPI_Fortran_COMPILER
MPI_Fortran_COMPILER-ADVANCED:INTERNAL=1
//ADVANCED property for variable: MPI_Fortran_COMPILE_FLAGS
MPI_Fortran_COMPILE_FLAGS-ADVANCED:INTERNAL=1
//ADVANCED property for variable: MPI_Fortran_INCLUDE_PATH
MPI_Fortran_INCLUDE_PATH-ADVANCED:INTERNAL=1
//ADVANCED property for variable: MPI_Fortran_LIBRARIES
MPI_Fortran_LIBRARIES-ADVANCED:INTERNAL=1
//ADVANCED property for variable: MPI_Fortran_LINK_FLAGS
MPI_Fortran_LINK_FLAGS-ADVANCED:INTERNAL=1
//Scratch variable for MPI header detection
MPI_HEADER_PATH:INTERNAL=MPI_HEADER_PATH-NOTFOUND
//Scratch variable for MPI lib detection
MPI_LIB:INTERNAL=MPI_LIB-NOTFOUND
//ADVANCED property for variable: P4COMMAND
P4COMMAND-ADVANCED:INTERNAL=1
//ADVANCED property for variable: SCPCOMMAND
SCPCOMMAND-ADVANCED:INTERNAL=1
//ADVANCED property for variable: SITE
SITE-ADVANCED:INTERNAL=1
//ADVANCED property for variable: SLURM_SBATCH_COMMAND
SLURM_SBATCH_COMMAND-ADVANCED:INTERNAL=1
//ADVANCED property for variable: SLURM_SRUN_COMMAND
SLURM_SRUN_COMMAND-ADVANCED:INTERNAL=1
//Result of TRY_COMPILE
STDTHREAD_WORKS_COMPILED:INTERNAL=TRUE
//Result of TRY_RUN
STDTHREAD_WORKS_EXITCODE:INTERNAL=0
//ADVANCED property for variable: SVNCOMMAND
SVNCOMMAND-ADVANCED:INTERNAL=1
//Result of TRY_COMPILE
THREADS_HAVE_PTHREAD_ARG:INTERNAL=TRUE
//Result of TRY_RUN
THREADS_PTHREAD_ARG:INTERNAL=2
//Test compiler_supports_cxx14
compiler_supports_cxx14:INTERNAL=1
//Test cxx_std_flag_14
cxx_std_flag_14:INTERNAL=1

	"tail -v -n +0 CMakeFiles/CMakeOutput.log"
==> CMakeFiles/CMakeOutput.log <==
The system is: Linux - 4.9.0-2-amd64 - x86_64
Compiling the C compiler identification source file "CMakeCCompilerId.c" succeeded.
Compiler: /usr/bin/cc 
Build flags: -g;-O2;-fdebug-prefix-map=/<<PKGBUILDDIR>>=.;-fstack-protector-strong;-Wformat;-Werror=format-security;-Wdate-time;-D_FORTIFY_SOURCE=2
Id flags: 

The output was:
0


Compilation of the C compiler identification source "CMakeCCompilerId.c" produced "a.out"

The C compiler identification is Clang, found in "/<<PKGBUILDDIR>>/build/CMakeFiles/3.7.2/CompilerIdC/a.out"

Compiling the CXX compiler identification source file "CMakeCXXCompilerId.cpp" succeeded.
Compiler: /usr/bin/c++ 
Build flags: -g;-O2;-fdebug-prefix-map=/<<PKGBUILDDIR>>=.;-fstack-protector-strong;-Wformat;-Werror=format-security;-Wdate-time;-D_FORTIFY_SOURCE=2
Id flags: 

The output was:
0


Compilation of the CXX compiler identification source "CMakeCXXCompilerId.cpp" produced "a.out"

The CXX compiler identification is Clang, found in "/<<PKGBUILDDIR>>/build/CMakeFiles/3.7.2/CompilerIdCXX/a.out"

Determining if the C compiler works passed with the following output:
Change Dir: /<<PKGBUILDDIR>>/build/CMakeFiles/CMakeTmp

Run Build Command:"/usr/bin/make" "cmTC_e69f9/fast"
make[2]: Entering directory '/<<PKGBUILDDIR>>/build/CMakeFiles/CMakeTmp'
/usr/bin/make -f CMakeFiles/cmTC_e69f9.dir/build.make CMakeFiles/cmTC_e69f9.dir/build
make[3]: Entering directory '/<<PKGBUILDDIR>>/build/CMakeFiles/CMakeTmp'
Building C object CMakeFiles/cmTC_e69f9.dir/testCCompiler.c.o
/usr/bin/cc    -g -O2 -fdebug-prefix-map=/<<PKGBUILDDIR>>=. -fstack-protector-strong -Wformat -Werror=format-security -Wdate-time -D_FORTIFY_SOURCE=2    -o CMakeFiles/cmTC_e69f9.dir/testCCompiler.c.o   -c /<<PKGBUILDDIR>>/build/CMakeFiles/CMakeTmp/testCCompiler.c
Linking C executable cmTC_e69f9
/usr/bin/cmake -E cmake_link_script CMakeFiles/cmTC_e69f9.dir/link.txt --verbose=1
/usr/bin/cc  -g -O2 -fdebug-prefix-map=/<<PKGBUILDDIR>>=. -fstack-protector-strong -Wformat -Werror=format-security -Wdate-time -D_FORTIFY_SOURCE=2   -Wl,-z,relro  CMakeFiles/cmTC_e69f9.dir/testCCompiler.c.o  -o cmTC_e69f9 -rdynamic 
make[3]: Leaving directory '/<<PKGBUILDDIR>>/build/CMakeFiles/CMakeTmp'
make[2]: Leaving directory '/<<PKGBUILDDIR>>/build/CMakeFiles/CMakeTmp'


Detecting C compiler ABI info compiled with the following output:
Change Dir: /<<PKGBUILDDIR>>/build/CMakeFiles/CMakeTmp

Run Build Command:"/usr/bin/make" "cmTC_f8276/fast"
make[2]: Entering directory '/<<PKGBUILDDIR>>/build/CMakeFiles/CMakeTmp'
/usr/bin/make -f CMakeFiles/cmTC_f8276.dir/build.make CMakeFiles/cmTC_f8276.dir/build
make[3]: Entering directory '/<<PKGBUILDDIR>>/build/CMakeFiles/CMakeTmp'
Building C object CMakeFiles/cmTC_f8276.dir/CMakeCCompilerABI.c.o
/usr/bin/cc    -g -O2 -fdebug-prefix-map=/<<PKGBUILDDIR>>=. -fstack-protector-strong -Wformat -Werror=format-security -Wdate-time -D_FORTIFY_SOURCE=2    -o CMakeFiles/cmTC_f8276.dir/CMakeCCompilerABI.c.o   -c /usr/share/cmake-3.7/Modules/CMakeCCompilerABI.c
Linking C executable cmTC_f8276
/usr/bin/cmake -E cmake_link_script CMakeFiles/cmTC_f8276.dir/link.txt --verbose=1
/usr/bin/cc  -g -O2 -fdebug-prefix-map=/<<PKGBUILDDIR>>=. -fstack-protector-strong -Wformat -Werror=format-security -Wdate-time -D_FORTIFY_SOURCE=2   -Wl,-z,relro -v CMakeFiles/cmTC_f8276.dir/CMakeCCompilerABI.c.o  -o cmTC_f8276 -rdynamic  
clang version 3.9.1-10 (tags/RELEASE_391/rc2)
Target: x86_64-pc-linux-gnu
Thread model: posix
InstalledDir: /usr/bin
Found candidate GCC installation: /usr/bin/../lib/gcc/x86_64-linux-gnu/6
Found candidate GCC installation: /usr/bin/../lib/gcc/x86_64-linux-gnu/6.4.0
Found candidate GCC installation: /usr/bin/../lib/gcc/x86_64-linux-gnu/7
Found candidate GCC installation: /usr/bin/../lib/gcc/x86_64-linux-gnu/7.1.0
Found candidate GCC installation: /usr/lib/gcc/x86_64-linux-gnu/6
Found candidate GCC installation: /usr/lib/gcc/x86_64-linux-gnu/6.4.0
Found candidate GCC installation: /usr/lib/gcc/x86_64-linux-gnu/7
Found candidate GCC installation: /usr/lib/gcc/x86_64-linux-gnu/7.1.0
Selected GCC installation: /usr/bin/../lib/gcc/x86_64-linux-gnu/6.4.0
Candidate multilib: .;@m64
Selected multilib: .;@m64
 "/usr/bin/ld" -export-dynamic --eh-frame-hdr -m elf_x86_64 -export-dynamic -dynamic-linker /lib64/ld-linux-x86-64.so.2 -o cmTC_f8276 /usr/bin/../lib/gcc/x86_64-linux-gnu/6.4.0/../../../x86_64-linux-gnu/crt1.o /usr/bin/../lib/gcc/x86_64-linux-gnu/6.4.0/../../../x86_64-linux-gnu/crti.o /usr/bin/../lib/gcc/x86_64-linux-gnu/6.4.0/crtbegin.o -L/usr/bin/../lib/gcc/x86_64-linux-gnu/6.4.0 -L/usr/bin/../lib/gcc/x86_64-linux-gnu/6.4.0/../../../x86_64-linux-gnu -L/lib/x86_64-linux-gnu -L/lib/../lib64 -L/usr/lib/x86_64-linux-gnu -L/usr/bin/../lib/gcc/x86_64-linux-gnu/6.4.0/../../.. -L/usr/lib/llvm-3.9/bin/../lib -L/lib -L/usr/lib -z relro CMakeFiles/cmTC_f8276.dir/CMakeCCompilerABI.c.o -lgcc --as-needed -lgcc_s --no-as-needed -lc -lgcc --as-needed -lgcc_s --no-as-needed /usr/bin/../lib/gcc/x86_64-linux-gnu/6.4.0/crtend.o /usr/bin/../lib/gcc/x86_64-linux-gnu/6.4.0/../../../x86_64-linux-gnu/crtn.o
make[3]: Leaving directory '/<<PKGBUILDDIR>>/build/CMakeFiles/CMakeTmp'
make[2]: Leaving directory '/<<PKGBUILDDIR>>/build/CMakeFiles/CMakeTmp'


Parsed C implicit link information from above output:
  link line regex: [^( *|.*[/\])(ld|([^/\]+-)?ld|collect2)[^/\]*( |$)]
  ignore line: [Change Dir: /<<PKGBUILDDIR>>/build/CMakeFiles/CMakeTmp]
  ignore line: []
  ignore line: [Run Build Command:"/usr/bin/make" "cmTC_f8276/fast"]
  ignore line: [make[2]: Entering directory '/<<PKGBUILDDIR>>/build/CMakeFiles/CMakeTmp']
  ignore line: [/usr/bin/make -f CMakeFiles/cmTC_f8276.dir/build.make CMakeFiles/cmTC_f8276.dir/build]
  ignore line: [make[3]: Entering directory '/<<PKGBUILDDIR>>/build/CMakeFiles/CMakeTmp']
  ignore line: [Building C object CMakeFiles/cmTC_f8276.dir/CMakeCCompilerABI.c.o]
  ignore line: [/usr/bin/cc    -g -O2 -fdebug-prefix-map=/<<PKGBUILDDIR>>=. -fstack-protector-strong -Wformat -Werror=format-security -Wdate-time -D_FORTIFY_SOURCE=2    -o CMakeFiles/cmTC_f8276.dir/CMakeCCompilerABI.c.o   -c /usr/share/cmake-3.7/Modules/CMakeCCompilerABI.c]
  ignore line: [Linking C executable cmTC_f8276]
  ignore line: [/usr/bin/cmake -E cmake_link_script CMakeFiles/cmTC_f8276.dir/link.txt --verbose=1]
  ignore line: [/usr/bin/cc  -g -O2 -fdebug-prefix-map=/<<PKGBUILDDIR>>=. -fstack-protector-strong -Wformat -Werror=format-security -Wdate-time -D_FORTIFY_SOURCE=2   -Wl,-z,relro -v CMakeFiles/cmTC_f8276.dir/CMakeCCompilerABI.c.o  -o cmTC_f8276 -rdynamic  ]
  ignore line: [clang version 3.9.1-10 (tags/RELEASE_391/rc2)]
  ignore line: [Target: x86_64-pc-linux-gnu]
  ignore line: [Thread model: posix]
  ignore line: [InstalledDir: /usr/bin]
  ignore line: [Found candidate GCC installation: /usr/bin/../lib/gcc/x86_64-linux-gnu/6]
  ignore line: [Found candidate GCC installation: /usr/bin/../lib/gcc/x86_64-linux-gnu/6.4.0]
  ignore line: [Found candidate GCC installation: /usr/bin/../lib/gcc/x86_64-linux-gnu/7]
  ignore line: [Found candidate GCC installation: /usr/bin/../lib/gcc/x86_64-linux-gnu/7.1.0]
  ignore line: [Found candidate GCC installation: /usr/lib/gcc/x86_64-linux-gnu/6]
  ignore line: [Found candidate GCC installation: /usr/lib/gcc/x86_64-linux-gnu/6.4.0]
  ignore line: [Found candidate GCC installation: /usr/lib/gcc/x86_64-linux-gnu/7]
  ignore line: [Found candidate GCC installation: /usr/lib/gcc/x86_64-linux-gnu/7.1.0]
  ignore line: [Selected GCC installation: /usr/bin/../lib/gcc/x86_64-linux-gnu/6.4.0]
  ignore line: [Candidate multilib: .]
  ignore line: [@m64]
  ignore line: [Selected multilib: .]
  ignore line: [@m64]
  link line: [ "/usr/bin/ld" -export-dynamic --eh-frame-hdr -m elf_x86_64 -export-dynamic -dynamic-linker /lib64/ld-linux-x86-64.so.2 -o cmTC_f8276 /usr/bin/../lib/gcc/x86_64-linux-gnu/6.4.0/../../../x86_64-linux-gnu/crt1.o /usr/bin/../lib/gcc/x86_64-linux-gnu/6.4.0/../../../x86_64-linux-gnu/crti.o /usr/bin/../lib/gcc/x86_64-linux-gnu/6.4.0/crtbegin.o -L/usr/bin/../lib/gcc/x86_64-linux-gnu/6.4.0 -L/usr/bin/../lib/gcc/x86_64-linux-gnu/6.4.0/../../../x86_64-linux-gnu -L/lib/x86_64-linux-gnu -L/lib/../lib64 -L/usr/lib/x86_64-linux-gnu -L/usr/bin/../lib/gcc/x86_64-linux-gnu/6.4.0/../../.. -L/usr/lib/llvm-3.9/bin/../lib -L/lib -L/usr/lib -z relro CMakeFiles/cmTC_f8276.dir/CMakeCCompilerABI.c.o -lgcc --as-needed -lgcc_s --no-as-needed -lc -lgcc --as-needed -lgcc_s --no-as-needed /usr/bin/../lib/gcc/x86_64-linux-gnu/6.4.0/crtend.o /usr/bin/../lib/gcc/x86_64-linux-gnu/6.4.0/../../../x86_64-linux-gnu/crtn.o]
    arg [/usr/bin/ld] ==> ignore
    arg [-export-dynamic] ==> ignore
    arg [--eh-frame-hdr] ==> ignore
    arg [-m] ==> ignore
    arg [elf_x86_64] ==> ignore
    arg [-export-dynamic] ==> ignore
    arg [-dynamic-linker] ==> ignore
    arg [/lib64/ld-linux-x86-64.so.2] ==> ignore
    arg [-o] ==> ignore
    arg [cmTC_f8276] ==> ignore
    arg [/usr/bin/../lib/gcc/x86_64-linux-gnu/6.4.0/../../../x86_64-linux-gnu/crt1.o] ==> ignore
    arg [/usr/bin/../lib/gcc/x86_64-linux-gnu/6.4.0/../../../x86_64-linux-gnu/crti.o] ==> ignore
    arg [/usr/bin/../lib/gcc/x86_64-linux-gnu/6.4.0/crtbegin.o] ==> ignore
    arg [-L/usr/bin/../lib/gcc/x86_64-linux-gnu/6.4.0] ==> dir [/usr/bin/../lib/gcc/x86_64-linux-gnu/6.4.0]
    arg [-L/usr/bin/../lib/gcc/x86_64-linux-gnu/6.4.0/../../../x86_64-linux-gnu] ==> dir [/usr/bin/../lib/gcc/x86_64-linux-gnu/6.4.0/../../../x86_64-linux-gnu]
    arg [-L/lib/x86_64-linux-gnu] ==> dir [/lib/x86_64-linux-gnu]
    arg [-L/lib/../lib64] ==> dir [/lib/../lib64]
    arg [-L/usr/lib/x86_64-linux-gnu] ==> dir [/usr/lib/x86_64-linux-gnu]
    arg [-L/usr/bin/../lib/gcc/x86_64-linux-gnu/6.4.0/../../..] ==> dir [/usr/bin/../lib/gcc/x86_64-linux-gnu/6.4.0/../../..]
    arg [-L/usr/lib/llvm-3.9/bin/../lib] ==> dir [/usr/lib/llvm-3.9/bin/../lib]
    arg [-L/lib] ==> dir [/lib]
    arg [-L/usr/lib] ==> dir [/usr/lib]
    arg [-zrelro] ==> ignore
    arg [CMakeFiles/cmTC_f8276.dir/CMakeCCompilerABI.c.o] ==> ignore
    arg [-lgcc] ==> lib [gcc]
    arg [--as-needed] ==> ignore
    arg [-lgcc_s] ==> lib [gcc_s]
    arg [--no-as-needed] ==> ignore
    arg [-lc] ==> lib [c]
    arg [-lgcc] ==> lib [gcc]
    arg [--as-needed] ==> ignore
    arg [-lgcc_s] ==> lib [gcc_s]
    arg [--no-as-needed] ==> ignore
    arg [/usr/bin/../lib/gcc/x86_64-linux-gnu/6.4.0/crtend.o] ==> ignore
    arg [/usr/bin/../lib/gcc/x86_64-linux-gnu/6.4.0/../../../x86_64-linux-gnu/crtn.o] ==> ignore
  remove lib [gcc]
  remove lib [gcc_s]
  remove lib [gcc]
  remove lib [gcc_s]
  collapse library dir [/usr/bin/../lib/gcc/x86_64-linux-gnu/6.4.0] ==> [/usr/lib/gcc/x86_64-linux-gnu/6.4.0]
  collapse library dir [/usr/bin/../lib/gcc/x86_64-linux-gnu/6.4.0/../../../x86_64-linux-gnu] ==> [/usr/lib/x86_64-linux-gnu]
  collapse library dir [/lib/x86_64-linux-gnu] ==> [/lib/x86_64-linux-gnu]
  collapse library dir [/lib/../lib64] ==> [/lib64]
  collapse library dir [/usr/lib/x86_64-linux-gnu] ==> [/usr/lib/x86_64-linux-gnu]
  collapse library dir [/usr/bin/../lib/gcc/x86_64-linux-gnu/6.4.0/../../..] ==> [/usr/lib]
  collapse library dir [/usr/lib/llvm-3.9/bin/../lib] ==> [/usr/lib/llvm-3.9/lib]
  collapse library dir [/lib] ==> [/lib]
  collapse library dir [/usr/lib] ==> [/usr/lib]
  implicit libs: [c]
  implicit dirs: [/usr/lib/gcc/x86_64-linux-gnu/6.4.0;/usr/lib/x86_64-linux-gnu;/lib/x86_64-linux-gnu;/lib64;/usr/lib;/usr/lib/llvm-3.9/lib;/lib]
  implicit fwks: []




Detecting C [-std=c11] compiler features compiled with the following output:
Change Dir: /<<PKGBUILDDIR>>/build/CMakeFiles/CMakeTmp

Run Build Command:"/usr/bin/make" "cmTC_14b8e/fast"
make[2]: Entering directory '/<<PKGBUILDDIR>>/build/CMakeFiles/CMakeTmp'
/usr/bin/make -f CMakeFiles/cmTC_14b8e.dir/build.make CMakeFiles/cmTC_14b8e.dir/build
make[3]: Entering directory '/<<PKGBUILDDIR>>/build/CMakeFiles/CMakeTmp'
Building C object CMakeFiles/cmTC_14b8e.dir/feature_tests.c.o
/usr/bin/cc    -g -O2 -fdebug-prefix-map=/<<PKGBUILDDIR>>=. -fstack-protector-strong -Wformat -Werror=format-security -Wdate-time -D_FORTIFY_SOURCE=2    -std=c11 -o CMakeFiles/cmTC_14b8e.dir/feature_tests.c.o   -c /<<PKGBUILDDIR>>/build/CMakeFiles/feature_tests.c
Linking C executable cmTC_14b8e
/usr/bin/cmake -E cmake_link_script CMakeFiles/cmTC_14b8e.dir/link.txt --verbose=1
/usr/bin/cc  -g -O2 -fdebug-prefix-map=/<<PKGBUILDDIR>>=. -fstack-protector-strong -Wformat -Werror=format-security -Wdate-time -D_FORTIFY_SOURCE=2   -Wl,-z,relro  CMakeFiles/cmTC_14b8e.dir/feature_tests.c.o  -o cmTC_14b8e -rdynamic 
make[3]: Leaving directory '/<<PKGBUILDDIR>>/build/CMakeFiles/CMakeTmp'
make[2]: Leaving directory '/<<PKGBUILDDIR>>/build/CMakeFiles/CMakeTmp'


    Feature record: C_FEATURE:1c_function_prototypes
    Feature record: C_FEATURE:1c_restrict
    Feature record: C_FEATURE:1c_static_assert
    Feature record: C_FEATURE:1c_variadic_macros


Detecting C [-std=c99] compiler features compiled with the following output:
Change Dir: /<<PKGBUILDDIR>>/build/CMakeFiles/CMakeTmp

Run Build Command:"/usr/bin/make" "cmTC_c55a4/fast"
make[2]: Entering directory '/<<PKGBUILDDIR>>/build/CMakeFiles/CMakeTmp'
/usr/bin/make -f CMakeFiles/cmTC_c55a4.dir/build.make CMakeFiles/cmTC_c55a4.dir/build
make[3]: Entering directory '/<<PKGBUILDDIR>>/build/CMakeFiles/CMakeTmp'
Building C object CMakeFiles/cmTC_c55a4.dir/feature_tests.c.o
/usr/bin/cc    -g -O2 -fdebug-prefix-map=/<<PKGBUILDDIR>>=. -fstack-protector-strong -Wformat -Werror=format-security -Wdate-time -D_FORTIFY_SOURCE=2    -std=c99 -o CMakeFiles/cmTC_c55a4.dir/feature_tests.c.o   -c /<<PKGBUILDDIR>>/build/CMakeFiles/feature_tests.c
Linking C executable cmTC_c55a4
/usr/bin/cmake -E cmake_link_script CMakeFiles/cmTC_c55a4.dir/link.txt --verbose=1
/usr/bin/cc  -g -O2 -fdebug-prefix-map=/<<PKGBUILDDIR>>=. -fstack-protector-strong -Wformat -Werror=format-security -Wdate-time -D_FORTIFY_SOURCE=2   -Wl,-z,relro  CMakeFiles/cmTC_c55a4.dir/feature_tests.c.o  -o cmTC_c55a4 -rdynamic 
make[3]: Leaving directory '/<<PKGBUILDDIR>>/build/CMakeFiles/CMakeTmp'
make[2]: Leaving directory '/<<PKGBUILDDIR>>/build/CMakeFiles/CMakeTmp'


    Feature record: C_FEATURE:1c_function_prototypes
    Feature record: C_FEATURE:1c_restrict
    Feature record: C_FEATURE:0c_static_assert
    Feature record: C_FEATURE:1c_variadic_macros


Detecting C [-std=c90] compiler features compiled with the following output:
Change Dir: /<<PKGBUILDDIR>>/build/CMakeFiles/CMakeTmp

Run Build Command:"/usr/bin/make" "cmTC_98cd2/fast"
make[2]: Entering directory '/<<PKGBUILDDIR>>/build/CMakeFiles/CMakeTmp'
/usr/bin/make -f CMakeFiles/cmTC_98cd2.dir/build.make CMakeFiles/cmTC_98cd2.dir/build
make[3]: Entering directory '/<<PKGBUILDDIR>>/build/CMakeFiles/CMakeTmp'
Building C object CMakeFiles/cmTC_98cd2.dir/feature_tests.c.o
/usr/bin/cc    -g -O2 -fdebug-prefix-map=/<<PKGBUILDDIR>>=. -fstack-protector-strong -Wformat -Werror=format-security -Wdate-time -D_FORTIFY_SOURCE=2    -std=c90 -o CMakeFiles/cmTC_98cd2.dir/feature_tests.c.o   -c /<<PKGBUILDDIR>>/build/CMakeFiles/feature_tests.c
Linking C executable cmTC_98cd2
/usr/bin/cmake -E cmake_link_script CMakeFiles/cmTC_98cd2.dir/link.txt --verbose=1
/usr/bin/cc  -g -O2 -fdebug-prefix-map=/<<PKGBUILDDIR>>=. -fstack-protector-strong -Wformat -Werror=format-security -Wdate-time -D_FORTIFY_SOURCE=2   -Wl,-z,relro  CMakeFiles/cmTC_98cd2.dir/feature_tests.c.o  -o cmTC_98cd2 -rdynamic 
make[3]: Leaving directory '/<<PKGBUILDDIR>>/build/CMakeFiles/CMakeTmp'
make[2]: Leaving directory '/<<PKGBUILDDIR>>/build/CMakeFiles/CMakeTmp'


    Feature record: C_FEATURE:1c_function_prototypes
    Feature record: C_FEATURE:0c_restrict
    Feature record: C_FEATURE:0c_static_assert
    Feature record: C_FEATURE:0c_variadic_macros
Determining if the CXX compiler works passed with the following output:
Change Dir: /<<PKGBUILDDIR>>/build/CMakeFiles/CMakeTmp

Run Build Command:"/usr/bin/make" "cmTC_7f975/fast"
make[2]: Entering directory '/<<PKGBUILDDIR>>/build/CMakeFiles/CMakeTmp'
/usr/bin/make -f CMakeFiles/cmTC_7f975.dir/build.make CMakeFiles/cmTC_7f975.dir/build
make[3]: Entering directory '/<<PKGBUILDDIR>>/build/CMakeFiles/CMakeTmp'
Building CXX object CMakeFiles/cmTC_7f975.dir/testCXXCompiler.cxx.o
/usr/bin/c++     -g -O2 -fdebug-prefix-map=/<<PKGBUILDDIR>>=. -fstack-protector-strong -Wformat -Werror=format-security -Wdate-time -D_FORTIFY_SOURCE=2    -o CMakeFiles/cmTC_7f975.dir/testCXXCompiler.cxx.o -c /<<PKGBUILDDIR>>/build/CMakeFiles/CMakeTmp/testCXXCompiler.cxx
Linking CXX executable cmTC_7f975
/usr/bin/cmake -E cmake_link_script CMakeFiles/cmTC_7f975.dir/link.txt --verbose=1
/usr/bin/c++   -g -O2 -fdebug-prefix-map=/<<PKGBUILDDIR>>=. -fstack-protector-strong -Wformat -Werror=format-security -Wdate-time -D_FORTIFY_SOURCE=2   -Wl,-z,relro  CMakeFiles/cmTC_7f975.dir/testCXXCompiler.cxx.o  -o cmTC_7f975 -rdynamic 
make[3]: Leaving directory '/<<PKGBUILDDIR>>/build/CMakeFiles/CMakeTmp'
make[2]: Leaving directory '/<<PKGBUILDDIR>>/build/CMakeFiles/CMakeTmp'


Detecting CXX compiler ABI info compiled with the following output:
Change Dir: /<<PKGBUILDDIR>>/build/CMakeFiles/CMakeTmp

Run Build Command:"/usr/bin/make" "cmTC_eb715/fast"
make[2]: Entering directory '/<<PKGBUILDDIR>>/build/CMakeFiles/CMakeTmp'
/usr/bin/make -f CMakeFiles/cmTC_eb715.dir/build.make CMakeFiles/cmTC_eb715.dir/build
make[3]: Entering directory '/<<PKGBUILDDIR>>/build/CMakeFiles/CMakeTmp'
Building CXX object CMakeFiles/cmTC_eb715.dir/CMakeCXXCompilerABI.cpp.o
/usr/bin/c++     -g -O2 -fdebug-prefix-map=/<<PKGBUILDDIR>>=. -fstack-protector-strong -Wformat -Werror=format-security -Wdate-time -D_FORTIFY_SOURCE=2    -o CMakeFiles/cmTC_eb715.dir/CMakeCXXCompilerABI.cpp.o -c /usr/share/cmake-3.7/Modules/CMakeCXXCompilerABI.cpp
Linking CXX executable cmTC_eb715
/usr/bin/cmake -E cmake_link_script CMakeFiles/cmTC_eb715.dir/link.txt --verbose=1
/usr/bin/c++   -g -O2 -fdebug-prefix-map=/<<PKGBUILDDIR>>=. -fstack-protector-strong -Wformat -Werror=format-security -Wdate-time -D_FORTIFY_SOURCE=2   -Wl,-z,relro -v CMakeFiles/cmTC_eb715.dir/CMakeCXXCompilerABI.cpp.o  -o cmTC_eb715 -rdynamic  
clang version 3.9.1-10 (tags/RELEASE_391/rc2)
Target: x86_64-pc-linux-gnu
Thread model: posix
InstalledDir: /usr/bin
Found candidate GCC installation: /usr/bin/../lib/gcc/x86_64-linux-gnu/6
Found candidate GCC installation: /usr/bin/../lib/gcc/x86_64-linux-gnu/6.4.0
Found candidate GCC installation: /usr/bin/../lib/gcc/x86_64-linux-gnu/7
Found candidate GCC installation: /usr/bin/../lib/gcc/x86_64-linux-gnu/7.1.0
Found candidate GCC installation: /usr/lib/gcc/x86_64-linux-gnu/6
Found candidate GCC installation: /usr/lib/gcc/x86_64-linux-gnu/6.4.0
Found candidate GCC installation: /usr/lib/gcc/x86_64-linux-gnu/7
Found candidate GCC installation: /usr/lib/gcc/x86_64-linux-gnu/7.1.0
Selected GCC installation: /usr/bin/../lib/gcc/x86_64-linux-gnu/6.4.0
Candidate multilib: .;@m64
Selected multilib: .;@m64
 "/usr/bin/ld" -export-dynamic --eh-frame-hdr -m elf_x86_64 -export-dynamic -dynamic-linker /lib64/ld-linux-x86-64.so.2 -o cmTC_eb715 /usr/bin/../lib/gcc/x86_64-linux-gnu/6.4.0/../../../x86_64-linux-gnu/crt1.o /usr/bin/../lib/gcc/x86_64-linux-gnu/6.4.0/../../../x86_64-linux-gnu/crti.o /usr/bin/../lib/gcc/x86_64-linux-gnu/6.4.0/crtbegin.o -L/usr/bin/../lib/gcc/x86_64-linux-gnu/6.4.0 -L/usr/bin/../lib/gcc/x86_64-linux-gnu/6.4.0/../../../x86_64-linux-gnu -L/lib/x86_64-linux-gnu -L/lib/../lib64 -L/usr/lib/x86_64-linux-gnu -L/usr/bin/../lib/gcc/x86_64-linux-gnu/6.4.0/../../.. -L/usr/lib/llvm-3.9/bin/../lib -L/lib -L/usr/lib -z relro CMakeFiles/cmTC_eb715.dir/CMakeCXXCompilerABI.cpp.o -lstdc++ -lm -lgcc_s -lgcc -lc -lgcc_s -lgcc /usr/bin/../lib/gcc/x86_64-linux-gnu/6.4.0/crtend.o /usr/bin/../lib/gcc/x86_64-linux-gnu/6.4.0/../../../x86_64-linux-gnu/crtn.o
make[3]: Leaving directory '/<<PKGBUILDDIR>>/build/CMakeFiles/CMakeTmp'
make[2]: Leaving directory '/<<PKGBUILDDIR>>/build/CMakeFiles/CMakeTmp'


Parsed CXX implicit link information from above output:
  link line regex: [^( *|.*[/\])(ld|([^/\]+-)?ld|collect2)[^/\]*( |$)]
  ignore line: [Change Dir: /<<PKGBUILDDIR>>/build/CMakeFiles/CMakeTmp]
  ignore line: []
  ignore line: [Run Build Command:"/usr/bin/make" "cmTC_eb715/fast"]
  ignore line: [make[2]: Entering directory '/<<PKGBUILDDIR>>/build/CMakeFiles/CMakeTmp']
  ignore line: [/usr/bin/make -f CMakeFiles/cmTC_eb715.dir/build.make CMakeFiles/cmTC_eb715.dir/build]
  ignore line: [make[3]: Entering directory '/<<PKGBUILDDIR>>/build/CMakeFiles/CMakeTmp']
  ignore line: [Building CXX object CMakeFiles/cmTC_eb715.dir/CMakeCXXCompilerABI.cpp.o]
  ignore line: [/usr/bin/c++     -g -O2 -fdebug-prefix-map=/<<PKGBUILDDIR>>=. -fstack-protector-strong -Wformat -Werror=format-security -Wdate-time -D_FORTIFY_SOURCE=2    -o CMakeFiles/cmTC_eb715.dir/CMakeCXXCompilerABI.cpp.o -c /usr/share/cmake-3.7/Modules/CMakeCXXCompilerABI.cpp]
  ignore line: [Linking CXX executable cmTC_eb715]
  ignore line: [/usr/bin/cmake -E cmake_link_script CMakeFiles/cmTC_eb715.dir/link.txt --verbose=1]
  ignore line: [/usr/bin/c++   -g -O2 -fdebug-prefix-map=/<<PKGBUILDDIR>>=. -fstack-protector-strong -Wformat -Werror=format-security -Wdate-time -D_FORTIFY_SOURCE=2   -Wl,-z,relro -v CMakeFiles/cmTC_eb715.dir/CMakeCXXCompilerABI.cpp.o  -o cmTC_eb715 -rdynamic  ]
  ignore line: [clang version 3.9.1-10 (tags/RELEASE_391/rc2)]
  ignore line: [Target: x86_64-pc-linux-gnu]
  ignore line: [Thread model: posix]
  ignore line: [InstalledDir: /usr/bin]
  ignore line: [Found candidate GCC installation: /usr/bin/../lib/gcc/x86_64-linux-gnu/6]
  ignore line: [Found candidate GCC installation: /usr/bin/../lib/gcc/x86_64-linux-gnu/6.4.0]
  ignore line: [Found candidate GCC installation: /usr/bin/../lib/gcc/x86_64-linux-gnu/7]
  ignore line: [Found candidate GCC installation: /usr/bin/../lib/gcc/x86_64-linux-gnu/7.1.0]
  ignore line: [Found candidate GCC installation: /usr/lib/gcc/x86_64-linux-gnu/6]
  ignore line: [Found candidate GCC installation: /usr/lib/gcc/x86_64-linux-gnu/6.4.0]
  ignore line: [Found candidate GCC installation: /usr/lib/gcc/x86_64-linux-gnu/7]
  ignore line: [Found candidate GCC installation: /usr/lib/gcc/x86_64-linux-gnu/7.1.0]
  ignore line: [Selected GCC installation: /usr/bin/../lib/gcc/x86_64-linux-gnu/6.4.0]
  ignore line: [Candidate multilib: .]
  ignore line: [@m64]
  ignore line: [Selected multilib: .]
  ignore line: [@m64]
  link line: [ "/usr/bin/ld" -export-dynamic --eh-frame-hdr -m elf_x86_64 -export-dynamic -dynamic-linker /lib64/ld-linux-x86-64.so.2 -o cmTC_eb715 /usr/bin/../lib/gcc/x86_64-linux-gnu/6.4.0/../../../x86_64-linux-gnu/crt1.o /usr/bin/../lib/gcc/x86_64-linux-gnu/6.4.0/../../../x86_64-linux-gnu/crti.o /usr/bin/../lib/gcc/x86_64-linux-gnu/6.4.0/crtbegin.o -L/usr/bin/../lib/gcc/x86_64-linux-gnu/6.4.0 -L/usr/bin/../lib/gcc/x86_64-linux-gnu/6.4.0/../../../x86_64-linux-gnu -L/lib/x86_64-linux-gnu -L/lib/../lib64 -L/usr/lib/x86_64-linux-gnu -L/usr/bin/../lib/gcc/x86_64-linux-gnu/6.4.0/../../.. -L/usr/lib/llvm-3.9/bin/../lib -L/lib -L/usr/lib -z relro CMakeFiles/cmTC_eb715.dir/CMakeCXXCompilerABI.cpp.o -lstdc++ -lm -lgcc_s -lgcc -lc -lgcc_s -lgcc /usr/bin/../lib/gcc/x86_64-linux-gnu/6.4.0/crtend.o /usr/bin/../lib/gcc/x86_64-linux-gnu/6.4.0/../../../x86_64-linux-gnu/crtn.o]
    arg [/usr/bin/ld] ==> ignore
    arg [-export-dynamic] ==> ignore
    arg [--eh-frame-hdr] ==> ignore
    arg [-m] ==> ignore
    arg [elf_x86_64] ==> ignore
    arg [-export-dynamic] ==> ignore
    arg [-dynamic-linker] ==> ignore
    arg [/lib64/ld-linux-x86-64.so.2] ==> ignore
    arg [-o] ==> ignore
    arg [cmTC_eb715] ==> ignore
    arg [/usr/bin/../lib/gcc/x86_64-linux-gnu/6.4.0/../../../x86_64-linux-gnu/crt1.o] ==> ignore
    arg [/usr/bin/../lib/gcc/x86_64-linux-gnu/6.4.0/../../../x86_64-linux-gnu/crti.o] ==> ignore
    arg [/usr/bin/../lib/gcc/x86_64-linux-gnu/6.4.0/crtbegin.o] ==> ignore
    arg [-L/usr/bin/../lib/gcc/x86_64-linux-gnu/6.4.0] ==> dir [/usr/bin/../lib/gcc/x86_64-linux-gnu/6.4.0]
    arg [-L/usr/bin/../lib/gcc/x86_64-linux-gnu/6.4.0/../../../x86_64-linux-gnu] ==> dir [/usr/bin/../lib/gcc/x86_64-linux-gnu/6.4.0/../../../x86_64-linux-gnu]
    arg [-L/lib/x86_64-linux-gnu] ==> dir [/lib/x86_64-linux-gnu]
    arg [-L/lib/../lib64] ==> dir [/lib/../lib64]
    arg [-L/usr/lib/x86_64-linux-gnu] ==> dir [/usr/lib/x86_64-linux-gnu]
    arg [-L/usr/bin/../lib/gcc/x86_64-linux-gnu/6.4.0/../../..] ==> dir [/usr/bin/../lib/gcc/x86_64-linux-gnu/6.4.0/../../..]
    arg [-L/usr/lib/llvm-3.9/bin/../lib] ==> dir [/usr/lib/llvm-3.9/bin/../lib]
    arg [-L/lib] ==> dir [/lib]
    arg [-L/usr/lib] ==> dir [/usr/lib]
    arg [-zrelro] ==> ignore
    arg [CMakeFiles/cmTC_eb715.dir/CMakeCXXCompilerABI.cpp.o] ==> ignore
    arg [-lstdc++] ==> lib [stdc++]
    arg [-lm] ==> lib [m]
    arg [-lgcc_s] ==> lib [gcc_s]
    arg [-lgcc] ==> lib [gcc]
    arg [-lc] ==> lib [c]
    arg [-lgcc_s] ==> lib [gcc_s]
    arg [-lgcc] ==> lib [gcc]
    arg [/usr/bin/../lib/gcc/x86_64-linux-gnu/6.4.0/crtend.o] ==> ignore
    arg [/usr/bin/../lib/gcc/x86_64-linux-gnu/6.4.0/../../../x86_64-linux-gnu/crtn.o] ==> ignore
  remove lib [gcc_s]
  remove lib [gcc]
  remove lib [gcc_s]
  remove lib [gcc]
  collapse library dir [/usr/bin/../lib/gcc/x86_64-linux-gnu/6.4.0] ==> [/usr/lib/gcc/x86_64-linux-gnu/6.4.0]
  collapse library dir [/usr/bin/../lib/gcc/x86_64-linux-gnu/6.4.0/../../../x86_64-linux-gnu] ==> [/usr/lib/x86_64-linux-gnu]
  collapse library dir [/lib/x86_64-linux-gnu] ==> [/lib/x86_64-linux-gnu]
  collapse library dir [/lib/../lib64] ==> [/lib64]
  collapse library dir [/usr/lib/x86_64-linux-gnu] ==> [/usr/lib/x86_64-linux-gnu]
  collapse library dir [/usr/bin/../lib/gcc/x86_64-linux-gnu/6.4.0/../../..] ==> [/usr/lib]
  collapse library dir [/usr/lib/llvm-3.9/bin/../lib] ==> [/usr/lib/llvm-3.9/lib]
  collapse library dir [/lib] ==> [/lib]
  collapse library dir [/usr/lib] ==> [/usr/lib]
  implicit libs: [stdc++;m;c]
  implicit dirs: [/usr/lib/gcc/x86_64-linux-gnu/6.4.0;/usr/lib/x86_64-linux-gnu;/lib/x86_64-linux-gnu;/lib64;/usr/lib;/usr/lib/llvm-3.9/lib;/lib]
  implicit fwks: []




Detecting CXX [-std=c++14] compiler features compiled with the following output:
Change Dir: /<<PKGBUILDDIR>>/build/CMakeFiles/CMakeTmp

Run Build Command:"/usr/bin/make" "cmTC_d1395/fast"
make[2]: Entering directory '/<<PKGBUILDDIR>>/build/CMakeFiles/CMakeTmp'
/usr/bin/make -f CMakeFiles/cmTC_d1395.dir/build.make CMakeFiles/cmTC_d1395.dir/build
make[3]: Entering directory '/<<PKGBUILDDIR>>/build/CMakeFiles/CMakeTmp'
Building CXX object CMakeFiles/cmTC_d1395.dir/feature_tests.cxx.o
/usr/bin/c++     -g -O2 -fdebug-prefix-map=/<<PKGBUILDDIR>>=. -fstack-protector-strong -Wformat -Werror=format-security -Wdate-time -D_FORTIFY_SOURCE=2    -std=c++14 -o CMakeFiles/cmTC_d1395.dir/feature_tests.cxx.o -c /<<PKGBUILDDIR>>/build/CMakeFiles/feature_tests.cxx
Linking CXX executable cmTC_d1395
/usr/bin/cmake -E cmake_link_script CMakeFiles/cmTC_d1395.dir/link.txt --verbose=1
/usr/bin/c++   -g -O2 -fdebug-prefix-map=/<<PKGBUILDDIR>>=. -fstack-protector-strong -Wformat -Werror=format-security -Wdate-time -D_FORTIFY_SOURCE=2   -Wl,-z,relro  CMakeFiles/cmTC_d1395.dir/feature_tests.cxx.o  -o cmTC_d1395 -rdynamic 
make[3]: Leaving directory '/<<PKGBUILDDIR>>/build/CMakeFiles/CMakeTmp'
make[2]: Leaving directory '/<<PKGBUILDDIR>>/build/CMakeFiles/CMakeTmp'


    Feature record: CXX_FEATURE:1cxx_aggregate_default_initializers
    Feature record: CXX_FEATURE:1cxx_alias_templates
    Feature record: CXX_FEATURE:1cxx_alignas
    Feature record: CXX_FEATURE:1cxx_alignof
    Feature record: CXX_FEATURE:1cxx_attributes
    Feature record: CXX_FEATURE:1cxx_attribute_deprecated
    Feature record: CXX_FEATURE:1cxx_auto_type
    Feature record: CXX_FEATURE:1cxx_binary_literals
    Feature record: CXX_FEATURE:1cxx_constexpr
    Feature record: CXX_FEATURE:1cxx_contextual_conversions
    Feature record: CXX_FEATURE:1cxx_decltype
    Feature record: CXX_FEATURE:1cxx_decltype_auto
    Feature record: CXX_FEATURE:1cxx_decltype_incomplete_return_types
    Feature record: CXX_FEATURE:1cxx_default_function_template_args
    Feature record: CXX_FEATURE:1cxx_defaulted_functions
    Feature record: CXX_FEATURE:1cxx_defaulted_move_initializers
    Feature record: CXX_FEATURE:1cxx_delegating_constructors
    Feature record: CXX_FEATURE:1cxx_deleted_functions
    Feature record: CXX_FEATURE:1cxx_digit_separators
    Feature record: CXX_FEATURE:1cxx_enum_forward_declarations
    Feature record: CXX_FEATURE:1cxx_explicit_conversions
    Feature record: CXX_FEATURE:1cxx_extended_friend_declarations
    Feature record: CXX_FEATURE:1cxx_extern_templates
    Feature record: CXX_FEATURE:1cxx_final
    Feature record: CXX_FEATURE:1cxx_func_identifier
    Feature record: CXX_FEATURE:1cxx_generalized_initializers
    Feature record: CXX_FEATURE:1cxx_generic_lambdas
    Feature record: CXX_FEATURE:1cxx_inheriting_constructors
    Feature record: CXX_FEATURE:1cxx_inline_namespaces
    Feature record: CXX_FEATURE:1cxx_lambdas
    Feature record: CXX_FEATURE:1cxx_lambda_init_captures
    Feature record: CXX_FEATURE:1cxx_local_type_template_args
    Feature record: CXX_FEATURE:1cxx_long_long_type
    Feature record: CXX_FEATURE:1cxx_noexcept
    Feature record: CXX_FEATURE:1cxx_nonstatic_member_init
    Feature record: CXX_FEATURE:1cxx_nullptr
    Feature record: CXX_FEATURE:1cxx_override
    Feature record: CXX_FEATURE:1cxx_range_for
    Feature record: CXX_FEATURE:1cxx_raw_string_literals
    Feature record: CXX_FEATURE:1cxx_reference_qualified_functions
    Feature record: CXX_FEATURE:1cxx_relaxed_constexpr
    Feature record: CXX_FEATURE:1cxx_return_type_deduction
    Feature record: CXX_FEATURE:1cxx_right_angle_brackets
    Feature record: CXX_FEATURE:1cxx_rvalue_references
    Feature record: CXX_FEATURE:1cxx_sizeof_member
    Feature record: CXX_FEATURE:1cxx_static_assert
    Feature record: CXX_FEATURE:1cxx_strong_enums
    Feature record: CXX_FEATURE:1cxx_template_template_parameters
    Feature record: CXX_FEATURE:1cxx_thread_local
    Feature record: CXX_FEATURE:1cxx_trailing_return_types
    Feature record: CXX_FEATURE:1cxx_unicode_literals
    Feature record: CXX_FEATURE:1cxx_uniform_initialization
    Feature record: CXX_FEATURE:1cxx_unrestricted_unions
    Feature record: CXX_FEATURE:1cxx_user_literals
    Feature record: CXX_FEATURE:1cxx_variable_templates
    Feature record: CXX_FEATURE:1cxx_variadic_macros
    Feature record: CXX_FEATURE:1cxx_variadic_templates


Detecting CXX [-std=c++11] compiler features compiled with the following output:
Change Dir: /<<PKGBUILDDIR>>/build/CMakeFiles/CMakeTmp

Run Build Command:"/usr/bin/make" "cmTC_610bb/fast"
make[2]: Entering directory '/<<PKGBUILDDIR>>/build/CMakeFiles/CMakeTmp'
/usr/bin/make -f CMakeFiles/cmTC_610bb.dir/build.make CMakeFiles/cmTC_610bb.dir/build
make[3]: Entering directory '/<<PKGBUILDDIR>>/build/CMakeFiles/CMakeTmp'
Building CXX object CMakeFiles/cmTC_610bb.dir/feature_tests.cxx.o
/usr/bin/c++     -g -O2 -fdebug-prefix-map=/<<PKGBUILDDIR>>=. -fstack-protector-strong -Wformat -Werror=format-security -Wdate-time -D_FORTIFY_SOURCE=2    -std=c++11 -o CMakeFiles/cmTC_610bb.dir/feature_tests.cxx.o -c /<<PKGBUILDDIR>>/build/CMakeFiles/feature_tests.cxx
Linking CXX executable cmTC_610bb
/usr/bin/cmake -E cmake_link_script CMakeFiles/cmTC_610bb.dir/link.txt --verbose=1
/usr/bin/c++   -g -O2 -fdebug-prefix-map=/<<PKGBUILDDIR>>=. -fstack-protector-strong -Wformat -Werror=format-security -Wdate-time -D_FORTIFY_SOURCE=2   -Wl,-z,relro  CMakeFiles/cmTC_610bb.dir/feature_tests.cxx.o  -o cmTC_610bb -rdynamic 
make[3]: Leaving directory '/<<PKGBUILDDIR>>/build/CMakeFiles/CMakeTmp'
make[2]: Leaving directory '/<<PKGBUILDDIR>>/build/CMakeFiles/CMakeTmp'


    Feature record: CXX_FEATURE:0cxx_aggregate_default_initializers
    Feature record: CXX_FEATURE:1cxx_alias_templates
    Feature record: CXX_FEATURE:1cxx_alignas
    Feature record: CXX_FEATURE:1cxx_alignof
    Feature record: CXX_FEATURE:1cxx_attributes
    Feature record: CXX_FEATURE:0cxx_attribute_deprecated
    Feature record: CXX_FEATURE:1cxx_auto_type
    Feature record: CXX_FEATURE:0cxx_binary_literals
    Feature record: CXX_FEATURE:1cxx_constexpr
    Feature record: CXX_FEATURE:0cxx_contextual_conversions
    Feature record: CXX_FEATURE:1cxx_decltype
    Feature record: CXX_FEATURE:0cxx_decltype_auto
    Feature record: CXX_FEATURE:1cxx_decltype_incomplete_return_types
    Feature record: CXX_FEATURE:1cxx_default_function_template_args
    Feature record: CXX_FEATURE:1cxx_defaulted_functions
    Feature record: CXX_FEATURE:1cxx_defaulted_move_initializers
    Feature record: CXX_FEATURE:1cxx_delegating_constructors
    Feature record: CXX_FEATURE:1cxx_deleted_functions
    Feature record: CXX_FEATURE:0cxx_digit_separators
    Feature record: CXX_FEATURE:1cxx_enum_forward_declarations
    Feature record: CXX_FEATURE:1cxx_explicit_conversions
    Feature record: CXX_FEATURE:1cxx_extended_friend_declarations
    Feature record: CXX_FEATURE:1cxx_extern_templates
    Feature record: CXX_FEATURE:1cxx_final
    Feature record: CXX_FEATURE:1cxx_func_identifier
    Feature record: CXX_FEATURE:1cxx_generalized_initializers
    Feature record: CXX_FEATURE:0cxx_generic_lambdas
    Feature record: CXX_FEATURE:1cxx_inheriting_constructors
    Feature record: CXX_FEATURE:1cxx_inline_namespaces
    Feature record: CXX_FEATURE:1cxx_lambdas
    Feature record: CXX_FEATURE:0cxx_lambda_init_captures
    Feature record: CXX_FEATURE:1cxx_local_type_template_args
    Feature record: CXX_FEATURE:1cxx_long_long_type
    Feature record: CXX_FEATURE:1cxx_noexcept
    Feature record: CXX_FEATURE:1cxx_nonstatic_member_init
    Feature record: CXX_FEATURE:1cxx_nullptr
    Feature record: CXX_FEATURE:1cxx_override
    Feature record: CXX_FEATURE:1cxx_range_for
    Feature record: CXX_FEATURE:1cxx_raw_string_literals
    Feature record: CXX_FEATURE:1cxx_reference_qualified_functions
    Feature record: CXX_FEATURE:0cxx_relaxed_constexpr
    Feature record: CXX_FEATURE:0cxx_return_type_deduction
    Feature record: CXX_FEATURE:1cxx_right_angle_brackets
    Feature record: CXX_FEATURE:1cxx_rvalue_references
    Feature record: CXX_FEATURE:1cxx_sizeof_member
    Feature record: CXX_FEATURE:1cxx_static_assert
    Feature record: CXX_FEATURE:1cxx_strong_enums
    Feature record: CXX_FEATURE:1cxx_template_template_parameters
    Feature record: CXX_FEATURE:1cxx_thread_local
    Feature record: CXX_FEATURE:1cxx_trailing_return_types
    Feature record: CXX_FEATURE:1cxx_unicode_literals
    Feature record: CXX_FEATURE:1cxx_uniform_initialization
    Feature record: CXX_FEATURE:1cxx_unrestricted_unions
    Feature record: CXX_FEATURE:1cxx_user_literals
    Feature record: CXX_FEATURE:0cxx_variable_templates
    Feature record: CXX_FEATURE:1cxx_variadic_macros
    Feature record: CXX_FEATURE:1cxx_variadic_templates


Detecting CXX [-std=c++98] compiler features compiled with the following output:
Change Dir: /<<PKGBUILDDIR>>/build/CMakeFiles/CMakeTmp

Run Build Command:"/usr/bin/make" "cmTC_e0a5c/fast"
make[2]: Entering directory '/<<PKGBUILDDIR>>/build/CMakeFiles/CMakeTmp'
/usr/bin/make -f CMakeFiles/cmTC_e0a5c.dir/build.make CMakeFiles/cmTC_e0a5c.dir/build
make[3]: Entering directory '/<<PKGBUILDDIR>>/build/CMakeFiles/CMakeTmp'
Building CXX object CMakeFiles/cmTC_e0a5c.dir/feature_tests.cxx.o
/usr/bin/c++     -g -O2 -fdebug-prefix-map=/<<PKGBUILDDIR>>=. -fstack-protector-strong -Wformat -Werror=format-security -Wdate-time -D_FORTIFY_SOURCE=2    -std=c++98 -o CMakeFiles/cmTC_e0a5c.dir/feature_tests.cxx.o -c /<<PKGBUILDDIR>>/build/CMakeFiles/feature_tests.cxx
Linking CXX executable cmTC_e0a5c
/usr/bin/cmake -E cmake_link_script CMakeFiles/cmTC_e0a5c.dir/link.txt --verbose=1
/usr/bin/c++   -g -O2 -fdebug-prefix-map=/<<PKGBUILDDIR>>=. -fstack-protector-strong -Wformat -Werror=format-security -Wdate-time -D_FORTIFY_SOURCE=2   -Wl,-z,relro  CMakeFiles/cmTC_e0a5c.dir/feature_tests.cxx.o  -o cmTC_e0a5c -rdynamic 
make[3]: Leaving directory '/<<PKGBUILDDIR>>/build/CMakeFiles/CMakeTmp'
make[2]: Leaving directory '/<<PKGBUILDDIR>>/build/CMakeFiles/CMakeTmp'


    Feature record: CXX_FEATURE:0cxx_aggregate_default_initializers
    Feature record: CXX_FEATURE:0cxx_alias_templates
    Feature record: CXX_FEATURE:0cxx_alignas
    Feature record: CXX_FEATURE:0cxx_alignof
    Feature record: CXX_FEATURE:0cxx_attributes
    Feature record: CXX_FEATURE:0cxx_attribute_deprecated
    Feature record: CXX_FEATURE:0cxx_auto_type
    Feature record: CXX_FEATURE:0cxx_binary_literals
    Feature record: CXX_FEATURE:0cxx_constexpr
    Feature record: CXX_FEATURE:0cxx_contextual_conversions
    Feature record: CXX_FEATURE:0cxx_decltype
    Feature record: CXX_FEATURE:0cxx_decltype_auto
    Feature record: CXX_FEATURE:0cxx_decltype_incomplete_return_types
    Feature record: CXX_FEATURE:0cxx_default_function_template_args
    Feature record: CXX_FEATURE:0cxx_defaulted_functions
    Feature record: CXX_FEATURE:0cxx_defaulted_move_initializers
    Feature record: CXX_FEATURE:0cxx_delegating_constructors
    Feature record: CXX_FEATURE:0cxx_deleted_functions
    Feature record: CXX_FEATURE:0cxx_digit_separators
    Feature record: CXX_FEATURE:0cxx_enum_forward_declarations
    Feature record: CXX_FEATURE:0cxx_explicit_conversions
    Feature record: CXX_FEATURE:0cxx_extended_friend_declarations
    Feature record: CXX_FEATURE:0cxx_extern_templates
    Feature record: CXX_FEATURE:0cxx_final
    Feature record: CXX_FEATURE:0cxx_func_identifier
    Feature record: CXX_FEATURE:0cxx_generalized_initializers
    Feature record: CXX_FEATURE:0cxx_generic_lambdas
    Feature record: CXX_FEATURE:0cxx_inheriting_constructors
    Feature record: CXX_FEATURE:0cxx_inline_namespaces
    Feature record: CXX_FEATURE:0cxx_lambdas
    Feature record: CXX_FEATURE:0cxx_lambda_init_captures
    Feature record: CXX_FEATURE:0cxx_local_type_template_args
    Feature record: CXX_FEATURE:0cxx_long_long_type
    Feature record: CXX_FEATURE:0cxx_noexcept
    Feature record: CXX_FEATURE:0cxx_nonstatic_member_init
    Feature record: CXX_FEATURE:0cxx_nullptr
    Feature record: CXX_FEATURE:0cxx_override
    Feature record: CXX_FEATURE:0cxx_range_for
    Feature record: CXX_FEATURE:0cxx_raw_string_literals
    Feature record: CXX_FEATURE:0cxx_reference_qualified_functions
    Feature record: CXX_FEATURE:0cxx_relaxed_constexpr
    Feature record: CXX_FEATURE:0cxx_return_type_deduction
    Feature record: CXX_FEATURE:0cxx_right_angle_brackets
    Feature record: CXX_FEATURE:0cxx_rvalue_references
    Feature record: CXX_FEATURE:0cxx_sizeof_member
    Feature record: CXX_FEATURE:0cxx_static_assert
    Feature record: CXX_FEATURE:0cxx_strong_enums
    Feature record: CXX_FEATURE:1cxx_template_template_parameters
    Feature record: CXX_FEATURE:0cxx_thread_local
    Feature record: CXX_FEATURE:0cxx_trailing_return_types
    Feature record: CXX_FEATURE:0cxx_unicode_literals
    Feature record: CXX_FEATURE:0cxx_uniform_initialization
    Feature record: CXX_FEATURE:0cxx_unrestricted_unions
    Feature record: CXX_FEATURE:0cxx_user_literals
    Feature record: CXX_FEATURE:0cxx_variable_templates
    Feature record: CXX_FEATURE:0cxx_variadic_macros
    Feature record: CXX_FEATURE:0cxx_variadic_templates
Compiling the Fortran compiler identification source file "CMakeFortranCompilerId.F" succeeded.
Compiler: /usr/bin/f95 
Build flags: -g;-O2;-fdebug-prefix-map=/<<PKGBUILDDIR>>=.;-fstack-protector-strong
Id flags: -v

The output was:
0
Driving: /usr/bin/f95 -g -O2 -fdebug-prefix-map=/<<PKGBUILDDIR>>=. -fstack-protector-strong -v CMakeFortranCompilerId.F -l gfortran -l m -shared-libgcc
Using built-in specs.
COLLECT_GCC=/usr/bin/f95
COLLECT_LTO_WRAPPER=/usr/lib/gcc/x86_64-linux-gnu/6/lto-wrapper
Target: x86_64-linux-gnu
Configured with: ../src/configure -v --with-pkgversion='Debian 6.4.0-1' --with-bugurl=file:///usr/share/doc/gcc-6/README.Bugs --enable-languages=c,ada,c++,java,go,d,fortran,objc,obj-c++ --prefix=/usr --program-suffix=-6 --program-prefix=x86_64-linux-gnu- --enable-shared --enable-linker-build-id --libexecdir=/usr/lib --without-included-gettext --enable-threads=posix --libdir=/usr/lib --enable-nls --with-sysroot=/ --enable-clocale=gnu --enable-libstdcxx-debug --enable-libstdcxx-time=yes --with-default-libstdcxx-abi=new --enable-gnu-unique-object --disable-vtable-verify --enable-libmpx --enable-plugin --enable-default-pie --with-system-zlib --disable-browser-plugin --enable-java-awt=gtk --enable-gtk-cairo --with-java-home=/usr/lib/jvm/java-1.5.0-gcj-6-amd64/jre --enable-java-home --with-jvm-root-dir=/usr/lib/jvm/java-1.5.0-gcj-6-amd64 --with-jvm-jar-dir=/usr/lib/jvm-exports/java-1.5.0-gcj-6-amd64 --with-arch-directory=amd64 --with-ecj-jar=/usr/share/java/eclipse-ecj.jar --with-target-system-zlib --enable-objc-gc=auto --enable-multiarch --with-arch-32=i686 --with-abi=m64 --with-multilib-list=m32,m64,mx32 --enable-multilib --with-tune=generic --enable-checking=release --build=x86_64-linux-gnu --host=x86_64-linux-gnu --target=x86_64-linux-gnu
Thread model: posix
gcc version 6.4.0 20170704 (Debian 6.4.0-1) 
COLLECT_GCC_OPTIONS='-g' '-O2' '-fdebug-prefix-map=/<<PKGBUILDDIR>>=.' '-fstack-protector-strong' '-v' '-shared-libgcc' '-mtune=generic' '-march=x86-64'
 /usr/lib/gcc/x86_64-linux-gnu/6/f951 CMakeFortranCompilerId.F -ffixed-form -cpp=/tmp/ccgsF6TQ.f90 -quiet -v -imultiarch x86_64-linux-gnu CMakeFortranCompilerId.F -quiet -dumpbase CMakeFortranCompilerId.F -mtune=generic -march=x86-64 -auxbase CMakeFortranCompilerId -g -O2 -version -fdebug-prefix-map=/<<PKGBUILDDIR>>=. -fstack-protector-strong -fintrinsic-modules-path /usr/lib/gcc/x86_64-linux-gnu/6/finclude -o /tmp/ccAPyjvA.s
GNU Fortran (Debian 6.4.0-1) version 6.4.0 20170704 (x86_64-linux-gnu)
	compiled by GNU C version 6.4.0 20170704, GMP version 6.1.2, MPFR version 3.1.5, MPC version 1.0.3, isl version 0.15
GGC heuristics: --param ggc-min-expand=100 --param ggc-min-heapsize=131072
ignoring nonexistent directory "/usr/local/include/x86_64-linux-gnu"
ignoring nonexistent directory "/usr/lib/gcc/x86_64-linux-gnu/6/../../../../x86_64-linux-gnu/include"
#include "..." search starts here:
#include <...> search starts here:
 /usr/lib/gcc/x86_64-linux-gnu/6/finclude
 /usr/lib/gcc/x86_64-linux-gnu/6/include
 /usr/local/include
 /usr/lib/gcc/x86_64-linux-gnu/6/include-fixed
 /usr/include/x86_64-linux-gnu
 /usr/include
End of search list.
GNU Fortran2008 (Debian 6.4.0-1) version 6.4.0 20170704 (x86_64-linux-gnu)
	compiled by GNU C version 6.4.0 20170704, GMP version 6.1.2, MPFR version 3.1.5, MPC version 1.0.3, isl version 0.15
GGC heuristics: --param ggc-min-expand=100 --param ggc-min-heapsize=131072
COLLECT_GCC_OPTIONS='-g' '-O2' '-fdebug-prefix-map=/<<PKGBUILDDIR>>=.' '-fstack-protector-strong' '-v' '-shared-libgcc' '-mtune=generic' '-march=x86-64'
 as -v --64 -o /tmp/ccMZkfdk.o /tmp/ccAPyjvA.s
GNU assembler version 2.28 (x86_64-linux-gnu) using BFD version (GNU Binutils for Debian) 2.28
Reading specs from /usr/lib/gcc/x86_64-linux-gnu/6/libgfortran.spec
rename spec lib to liborig
COLLECT_GCC_OPTIONS='-g' '-O2' '-fdebug-prefix-map=/<<PKGBUILDDIR>>=.' '-fstack-protector-strong' '-v' '-shared-libgcc' '-mtune=generic' '-march=x86-64'
COMPILER_PATH=/usr/lib/gcc/x86_64-linux-gnu/6/:/usr/lib/gcc/x86_64-linux-gnu/6/:/usr/lib/gcc/x86_64-linux-gnu/:/usr/lib/gcc/x86_64-linux-gnu/6/:/usr/lib/gcc/x86_64-linux-gnu/
LIBRARY_PATH=/usr/lib/gcc/x86_64-linux-gnu/6/:/usr/lib/gcc/x86_64-linux-gnu/6/../../../x86_64-linux-gnu/:/usr/lib/gcc/x86_64-linux-gnu/6/../../../../lib/:/lib/x86_64-linux-gnu/:/lib/../lib/:/usr/lib/x86_64-linux-gnu/:/usr/lib/../lib/:/usr/lib/gcc/x86_64-linux-gnu/6/../../../:/lib/:/usr/lib/
COLLECT_GCC_OPTIONS='-g' '-O2' '-fdebug-prefix-map=/<<PKGBUILDDIR>>=.' '-fstack-protector-strong' '-v' '-shared-libgcc' '-mtune=generic' '-march=x86-64'
 /usr/lib/gcc/x86_64-linux-gnu/6/collect2 -plugin /usr/lib/gcc/x86_64-linux-gnu/6/liblto_plugin.so -plugin-opt=/usr/lib/gcc/x86_64-linux-gnu/6/lto-wrapper -plugin-opt=-fresolution=/tmp/ccZdMVV3.res -plugin-opt=-pass-through=-lgcc_s -plugin-opt=-pass-through=-lgcc -plugin-opt=-pass-through=-lquadmath -plugin-opt=-pass-through=-lm -plugin-opt=-pass-through=-lgcc_s -plugin-opt=-pass-through=-lgcc -plugin-opt=-pass-through=-lc -plugin-opt=-pass-through=-lgcc_s -plugin-opt=-pass-through=-lgcc --sysroot=/ --build-id --eh-frame-hdr -m elf_x86_64 --hash-style=gnu -dynamic-linker /lib64/ld-linux-x86-64.so.2 -pie /usr/lib/gcc/x86_64-linux-gnu/6/../../../x86_64-linux-gnu/Scrt1.o /usr/lib/gcc/x86_64-linux-gnu/6/../../../x86_64-linux-gnu/crti.o /usr/lib/gcc/x86_64-linux-gnu/6/crtbeginS.o -L/usr/lib/gcc/x86_64-linux-gnu/6 -L/usr/lib/gcc/x86_64-linux-gnu/6/../../../x86_64-linux-gnu -L/usr/lib/gcc/x86_64-linux-gnu/6/../../../../lib -L/lib/x86_64-linux-gnu -L/lib/../lib -L/usr/lib/x86_64-linux-gnu -L/usr/lib/../lib -L/usr/lib/gcc/x86_64-linux-gnu/6/../../.. /tmp/ccMZkfdk.o -lgfortran -lm -lgcc_s -lgcc -lquadmath -lm -lgcc_s -lgcc -lc -lgcc_s -lgcc /usr/lib/gcc/x86_64-linux-gnu/6/crtendS.o /usr/lib/gcc/x86_64-linux-gnu/6/../../../x86_64-linux-gnu/crtn.o
COLLECT_GCC_OPTIONS='-g' '-O2' '-fdebug-prefix-map=/<<PKGBUILDDIR>>=.' '-fstack-protector-strong' '-v' '-shared-libgcc' '-mtune=generic' '-march=x86-64'


Compilation of the Fortran compiler identification source "CMakeFortranCompilerId.F" produced "a.out"

The Fortran compiler identification is GNU, found in "/<<PKGBUILDDIR>>/build/CMakeFiles/3.7.2/CompilerIdFortran/a.out"

Determining if the Fortran compiler works passed with the following output:
Change Dir: /<<PKGBUILDDIR>>/build/CMakeFiles/CMakeTmp

Run Build Command:"/usr/bin/make" "cmTC_33ee0/fast"
make[2]: Entering directory '/<<PKGBUILDDIR>>/build/CMakeFiles/CMakeTmp'
/usr/bin/make -f CMakeFiles/cmTC_33ee0.dir/build.make CMakeFiles/cmTC_33ee0.dir/build
make[3]: Entering directory '/<<PKGBUILDDIR>>/build/CMakeFiles/CMakeTmp'
Building Fortran object CMakeFiles/cmTC_33ee0.dir/testFortranCompiler.f.o
/usr/bin/f95    -g -O2 -fdebug-prefix-map=/<<PKGBUILDDIR>>=. -fstack-protector-strong    -c /<<PKGBUILDDIR>>/build/CMakeFiles/CMakeTmp/testFortranCompiler.f -o CMakeFiles/cmTC_33ee0.dir/testFortranCompiler.f.o
Linking Fortran executable cmTC_33ee0
/usr/bin/cmake -E cmake_link_script CMakeFiles/cmTC_33ee0.dir/link.txt --verbose=1
/usr/bin/f95   -Wl,-z,relro  -g -O2 -fdebug-prefix-map=/<<PKGBUILDDIR>>=. -fstack-protector-strong  CMakeFiles/cmTC_33ee0.dir/testFortranCompiler.f.o  -o cmTC_33ee0  
make[3]: Leaving directory '/<<PKGBUILDDIR>>/build/CMakeFiles/CMakeTmp'
make[2]: Leaving directory '/<<PKGBUILDDIR>>/build/CMakeFiles/CMakeTmp'


Detecting Fortran compiler ABI info compiled with the following output:
Change Dir: /<<PKGBUILDDIR>>/build/CMakeFiles/CMakeTmp

Run Build Command:"/usr/bin/make" "cmTC_4a0eb/fast"
make[2]: Entering directory '/<<PKGBUILDDIR>>/build/CMakeFiles/CMakeTmp'
/usr/bin/make -f CMakeFiles/cmTC_4a0eb.dir/build.make CMakeFiles/cmTC_4a0eb.dir/build
make[3]: Entering directory '/<<PKGBUILDDIR>>/build/CMakeFiles/CMakeTmp'
Building Fortran object CMakeFiles/cmTC_4a0eb.dir/CMakeFortranCompilerABI.F.o
/usr/bin/f95    -g -O2 -fdebug-prefix-map=/<<PKGBUILDDIR>>=. -fstack-protector-strong    -c /usr/share/cmake-3.7/Modules/CMakeFortranCompilerABI.F -o CMakeFiles/cmTC_4a0eb.dir/CMakeFortranCompilerABI.F.o
Linking Fortran executable cmTC_4a0eb
/usr/bin/cmake -E cmake_link_script CMakeFiles/cmTC_4a0eb.dir/link.txt --verbose=1
/usr/bin/f95   -Wl,-z,relro -v -g -O2 -fdebug-prefix-map=/<<PKGBUILDDIR>>=. -fstack-protector-strong  CMakeFiles/cmTC_4a0eb.dir/CMakeFortranCompilerABI.F.o  -o cmTC_4a0eb   
Driving: /usr/bin/f95 -Wl,-z,relro -v -g -O2 -fdebug-prefix-map=/<<PKGBUILDDIR>>=. -fstack-protector-strong CMakeFiles/cmTC_4a0eb.dir/CMakeFortranCompilerABI.F.o -o cmTC_4a0eb -l gfortran -l m -shared-libgcc
Using built-in specs.
COLLECT_GCC=/usr/bin/f95
COLLECT_LTO_WRAPPER=/usr/lib/gcc/x86_64-linux-gnu/6/lto-wrapper
Target: x86_64-linux-gnu
Configured with: ../src/configure -v --with-pkgversion='Debian 6.4.0-1' --with-bugurl=file:///usr/share/doc/gcc-6/README.Bugs --enable-languages=c,ada,c++,java,go,d,fortran,objc,obj-c++ --prefix=/usr --program-suffix=-6 --program-prefix=x86_64-linux-gnu- --enable-shared --enable-linker-build-id --libexecdir=/usr/lib --without-included-gettext --enable-threads=posix --libdir=/usr/lib --enable-nls --with-sysroot=/ --enable-clocale=gnu --enable-libstdcxx-debug --enable-libstdcxx-time=yes --with-default-libstdcxx-abi=new --enable-gnu-unique-object --disable-vtable-verify --enable-libmpx --enable-plugin --enable-default-pie --with-system-zlib --disable-browser-plugin --enable-java-awt=gtk --enable-gtk-cairo --with-java-home=/usr/lib/jvm/java-1.5.0-gcj-6-amd64/jre --enable-java-home --with-jvm-root-dir=/usr/lib/jvm/java-1.5.0-gcj-6-amd64 --with-jvm-jar-dir=/usr/lib/jvm-exports/java-1.5.0-gcj-6-amd64 --with-arch-directory=amd64 --with-ecj-jar=/usr/share/java/eclipse-ecj.jar --with-target-system-zlib --enable-objc-gc=auto --enable-multiarch --with-arch-32=i686 --with-abi=m64 --with-multilib-list=m32,m64,mx32 --enable-multilib --with-tune=generic --enable-checking=release --build=x86_64-linux-gnu --host=x86_64-linux-gnu --target=x86_64-linux-gnu
Thread model: posix
gcc version 6.4.0 20170704 (Debian 6.4.0-1) 
Reading specs from /usr/lib/gcc/x86_64-linux-gnu/6/libgfortran.spec
rename spec lib to liborig
COLLECT_GCC_OPTIONS='-v' '-g' '-O2' '-fdebug-prefix-map=/<<PKGBUILDDIR>>=.' '-fstack-protector-strong' '-o' 'cmTC_4a0eb' '-shared-libgcc' '-mtune=generic' '-march=x86-64'
COMPILER_PATH=/usr/lib/gcc/x86_64-linux-gnu/6/:/usr/lib/gcc/x86_64-linux-gnu/6/:/usr/lib/gcc/x86_64-linux-gnu/:/usr/lib/gcc/x86_64-linux-gnu/6/:/usr/lib/gcc/x86_64-linux-gnu/
LIBRARY_PATH=/usr/lib/gcc/x86_64-linux-gnu/6/:/usr/lib/gcc/x86_64-linux-gnu/6/../../../x86_64-linux-gnu/:/usr/lib/gcc/x86_64-linux-gnu/6/../../../../lib/:/lib/x86_64-linux-gnu/:/lib/../lib/:/usr/lib/x86_64-linux-gnu/:/usr/lib/../lib/:/usr/lib/gcc/x86_64-linux-gnu/6/../../../:/lib/:/usr/lib/
COLLECT_GCC_OPTIONS='-v' '-g' '-O2' '-fdebug-prefix-map=/<<PKGBUILDDIR>>=.' '-fstack-protector-strong' '-o' 'cmTC_4a0eb' '-shared-libgcc' '-mtune=generic' '-march=x86-64'
 /usr/lib/gcc/x86_64-linux-gnu/6/collect2 -plugin /usr/lib/gcc/x86_64-linux-gnu/6/liblto_plugin.so -plugin-opt=/usr/lib/gcc/x86_64-linux-gnu/6/lto-wrapper -plugin-opt=-fresolution=/tmp/ccEHdCMX.res -plugin-opt=-pass-through=-lgcc_s -plugin-opt=-pass-through=-lgcc -plugin-opt=-pass-through=-lquadmath -plugin-opt=-pass-through=-lm -plugin-opt=-pass-through=-lgcc_s -plugin-opt=-pass-through=-lgcc -plugin-opt=-pass-through=-lc -plugin-opt=-pass-through=-lgcc_s -plugin-opt=-pass-through=-lgcc --sysroot=/ --build-id --eh-frame-hdr -m elf_x86_64 --hash-style=gnu -dynamic-linker /lib64/ld-linux-x86-64.so.2 -pie -o cmTC_4a0eb /usr/lib/gcc/x86_64-linux-gnu/6/../../../x86_64-linux-gnu/Scrt1.o /usr/lib/gcc/x86_64-linux-gnu/6/../../../x86_64-linux-gnu/crti.o /usr/lib/gcc/x86_64-linux-gnu/6/crtbeginS.o -L/usr/lib/gcc/x86_64-linux-gnu/6 -L/usr/lib/gcc/x86_64-linux-gnu/6/../../../x86_64-linux-gnu -L/usr/lib/gcc/x86_64-linux-gnu/6/../../../../lib -L/lib/x86_64-linux-gnu -L/lib/../lib -L/usr/lib/x86_64-linux-gnu -L/usr/lib/../lib -L/usr/lib/gcc/x86_64-linux-gnu/6/../../.. -z relro CMakeFiles/cmTC_4a0eb.dir/CMakeFortranCompilerABI.F.o -lgfortran -lm -lgcc_s -lgcc -lquadmath -lm -lgcc_s -lgcc -lc -lgcc_s -lgcc /usr/lib/gcc/x86_64-linux-gnu/6/crtendS.o /usr/lib/gcc/x86_64-linux-gnu/6/../../../x86_64-linux-gnu/crtn.o
COLLECT_GCC_OPTIONS='-v' '-g' '-O2' '-fdebug-prefix-map=/<<PKGBUILDDIR>>=.' '-fstack-protector-strong' '-o' 'cmTC_4a0eb' '-shared-libgcc' '-mtune=generic' '-march=x86-64'
make[3]: Leaving directory '/<<PKGBUILDDIR>>/build/CMakeFiles/CMakeTmp'
make[2]: Leaving directory '/<<PKGBUILDDIR>>/build/CMakeFiles/CMakeTmp'


Parsed Fortran implicit link information from above output:
  link line regex: [^( *|.*[/\])(ld|([^/\]+-)?ld|collect2)[^/\]*( |$)]
  ignore line: [Change Dir: /<<PKGBUILDDIR>>/build/CMakeFiles/CMakeTmp]
  ignore line: []
  ignore line: [Run Build Command:"/usr/bin/make" "cmTC_4a0eb/fast"]
  ignore line: [make[2]: Entering directory '/<<PKGBUILDDIR>>/build/CMakeFiles/CMakeTmp']
  ignore line: [/usr/bin/make -f CMakeFiles/cmTC_4a0eb.dir/build.make CMakeFiles/cmTC_4a0eb.dir/build]
  ignore line: [make[3]: Entering directory '/<<PKGBUILDDIR>>/build/CMakeFiles/CMakeTmp']
  ignore line: [Building Fortran object CMakeFiles/cmTC_4a0eb.dir/CMakeFortranCompilerABI.F.o]
  ignore line: [/usr/bin/f95    -g -O2 -fdebug-prefix-map=/<<PKGBUILDDIR>>=. -fstack-protector-strong    -c /usr/share/cmake-3.7/Modules/CMakeFortranCompilerABI.F -o CMakeFiles/cmTC_4a0eb.dir/CMakeFortranCompilerABI.F.o]
  ignore line: [Linking Fortran executable cmTC_4a0eb]
  ignore line: [/usr/bin/cmake -E cmake_link_script CMakeFiles/cmTC_4a0eb.dir/link.txt --verbose=1]
  ignore line: [/usr/bin/f95   -Wl,-z,relro -v -g -O2 -fdebug-prefix-map=/<<PKGBUILDDIR>>=. -fstack-protector-strong  CMakeFiles/cmTC_4a0eb.dir/CMakeFortranCompilerABI.F.o  -o cmTC_4a0eb   ]
  ignore line: [Driving: /usr/bin/f95 -Wl,-z,relro -v -g -O2 -fdebug-prefix-map=/<<PKGBUILDDIR>>=. -fstack-protector-strong CMakeFiles/cmTC_4a0eb.dir/CMakeFortranCompilerABI.F.o -o cmTC_4a0eb -l gfortran -l m -shared-libgcc]
  ignore line: [Using built-in specs.]
  ignore line: [COLLECT_GCC=/usr/bin/f95]
  ignore line: [COLLECT_LTO_WRAPPER=/usr/lib/gcc/x86_64-linux-gnu/6/lto-wrapper]
  ignore line: [Target: x86_64-linux-gnu]
  ignore line: [Configured with: ../src/configure -v --with-pkgversion='Debian 6.4.0-1' --with-bugurl=file:///usr/share/doc/gcc-6/README.Bugs --enable-languages=c,ada,c++,java,go,d,fortran,objc,obj-c++ --prefix=/usr --program-suffix=-6 --program-prefix=x86_64-linux-gnu- --enable-shared --enable-linker-build-id --libexecdir=/usr/lib --without-included-gettext --enable-threads=posix --libdir=/usr/lib --enable-nls --with-sysroot=/ --enable-clocale=gnu --enable-libstdcxx-debug --enable-libstdcxx-time=yes --with-default-libstdcxx-abi=new --enable-gnu-unique-object --disable-vtable-verify --enable-libmpx --enable-plugin --enable-default-pie --with-system-zlib --disable-browser-plugin --enable-java-awt=gtk --enable-gtk-cairo --with-java-home=/usr/lib/jvm/java-1.5.0-gcj-6-amd64/jre --enable-java-home --with-jvm-root-dir=/usr/lib/jvm/java-1.5.0-gcj-6-amd64 --with-jvm-jar-dir=/usr/lib/jvm-exports/java-1.5.0-gcj-6-amd64 --with-arch-directory=amd64 --with-ecj-jar=/usr/share/java/eclipse-ecj.jar --with-target-system-zlib --enable-objc-gc=auto --enable-multiarch --with-arch-32=i686 --with-abi=m64 --with-multilib-list=m32,m64,mx32 --enable-multilib --with-tune=generic --enable-checking=release --build=x86_64-linux-gnu --host=x86_64-linux-gnu --target=x86_64-linux-gnu]
  ignore line: [Thread model: posix]
  ignore line: [gcc version 6.4.0 20170704 (Debian 6.4.0-1) ]
  ignore line: [Reading specs from /usr/lib/gcc/x86_64-linux-gnu/6/libgfortran.spec]
  ignore line: [rename spec lib to liborig]
  ignore line: [COLLECT_GCC_OPTIONS='-v' '-g' '-O2' '-fdebug-prefix-map=/<<PKGBUILDDIR>>=.' '-fstack-protector-strong' '-o' 'cmTC_4a0eb' '-shared-libgcc' '-mtune=generic' '-march=x86-64']
  ignore line: [COMPILER_PATH=/usr/lib/gcc/x86_64-linux-gnu/6/:/usr/lib/gcc/x86_64-linux-gnu/6/:/usr/lib/gcc/x86_64-linux-gnu/:/usr/lib/gcc/x86_64-linux-gnu/6/:/usr/lib/gcc/x86_64-linux-gnu/]
  ignore line: [LIBRARY_PATH=/usr/lib/gcc/x86_64-linux-gnu/6/:/usr/lib/gcc/x86_64-linux-gnu/6/../../../x86_64-linux-gnu/:/usr/lib/gcc/x86_64-linux-gnu/6/../../../../lib/:/lib/x86_64-linux-gnu/:/lib/../lib/:/usr/lib/x86_64-linux-gnu/:/usr/lib/../lib/:/usr/lib/gcc/x86_64-linux-gnu/6/../../../:/lib/:/usr/lib/]
  ignore line: [COLLECT_GCC_OPTIONS='-v' '-g' '-O2' '-fdebug-prefix-map=/<<PKGBUILDDIR>>=.' '-fstack-protector-strong' '-o' 'cmTC_4a0eb' '-shared-libgcc' '-mtune=generic' '-march=x86-64']
  link line: [ /usr/lib/gcc/x86_64-linux-gnu/6/collect2 -plugin /usr/lib/gcc/x86_64-linux-gnu/6/liblto_plugin.so -plugin-opt=/usr/lib/gcc/x86_64-linux-gnu/6/lto-wrapper -plugin-opt=-fresolution=/tmp/ccEHdCMX.res -plugin-opt=-pass-through=-lgcc_s -plugin-opt=-pass-through=-lgcc -plugin-opt=-pass-through=-lquadmath -plugin-opt=-pass-through=-lm -plugin-opt=-pass-through=-lgcc_s -plugin-opt=-pass-through=-lgcc -plugin-opt=-pass-through=-lc -plugin-opt=-pass-through=-lgcc_s -plugin-opt=-pass-through=-lgcc --sysroot=/ --build-id --eh-frame-hdr -m elf_x86_64 --hash-style=gnu -dynamic-linker /lib64/ld-linux-x86-64.so.2 -pie -o cmTC_4a0eb /usr/lib/gcc/x86_64-linux-gnu/6/../../../x86_64-linux-gnu/Scrt1.o /usr/lib/gcc/x86_64-linux-gnu/6/../../../x86_64-linux-gnu/crti.o /usr/lib/gcc/x86_64-linux-gnu/6/crtbeginS.o -L/usr/lib/gcc/x86_64-linux-gnu/6 -L/usr/lib/gcc/x86_64-linux-gnu/6/../../../x86_64-linux-gnu -L/usr/lib/gcc/x86_64-linux-gnu/6/../../../../lib -L/lib/x86_64-linux-gnu -L/lib/../lib -L/usr/lib/x86_64-linux-gnu -L/usr/lib/../lib -L/usr/lib/gcc/x86_64-linux-gnu/6/../../.. -z relro CMakeFiles/cmTC_4a0eb.dir/CMakeFortranCompilerABI.F.o -lgfortran -lm -lgcc_s -lgcc -lquadmath -lm -lgcc_s -lgcc -lc -lgcc_s -lgcc /usr/lib/gcc/x86_64-linux-gnu/6/crtendS.o /usr/lib/gcc/x86_64-linux-gnu/6/../../../x86_64-linux-gnu/crtn.o]
    arg [/usr/lib/gcc/x86_64-linux-gnu/6/collect2] ==> ignore
    arg [-plugin] ==> ignore
    arg [/usr/lib/gcc/x86_64-linux-gnu/6/liblto_plugin.so] ==> ignore
    arg [-plugin-opt=/usr/lib/gcc/x86_64-linux-gnu/6/lto-wrapper] ==> ignore
    arg [-plugin-opt=-fresolution=/tmp/ccEHdCMX.res] ==> ignore
    arg [-plugin-opt=-pass-through=-lgcc_s] ==> ignore
    arg [-plugin-opt=-pass-through=-lgcc] ==> ignore
    arg [-plugin-opt=-pass-through=-lquadmath] ==> ignore
    arg [-plugin-opt=-pass-through=-lm] ==> ignore
    arg [-plugin-opt=-pass-through=-lgcc_s] ==> ignore
    arg [-plugin-opt=-pass-through=-lgcc] ==> ignore
    arg [-plugin-opt=-pass-through=-lc] ==> ignore
    arg [-plugin-opt=-pass-through=-lgcc_s] ==> ignore
    arg [-plugin-opt=-pass-through=-lgcc] ==> ignore
    arg [--sysroot=/] ==> ignore
    arg [--build-id] ==> ignore
    arg [--eh-frame-hdr] ==> ignore
    arg [-m] ==> ignore
    arg [elf_x86_64] ==> ignore
    arg [--hash-style=gnu] ==> ignore
    arg [-dynamic-linker] ==> ignore
    arg [/lib64/ld-linux-x86-64.so.2] ==> ignore
    arg [-pie] ==> ignore
    arg [-o] ==> ignore
    arg [cmTC_4a0eb] ==> ignore
    arg [/usr/lib/gcc/x86_64-linux-gnu/6/../../../x86_64-linux-gnu/Scrt1.o] ==> ignore
    arg [/usr/lib/gcc/x86_64-linux-gnu/6/../../../x86_64-linux-gnu/crti.o] ==> ignore
    arg [/usr/lib/gcc/x86_64-linux-gnu/6/crtbeginS.o] ==> ignore
    arg [-L/usr/lib/gcc/x86_64-linux-gnu/6] ==> dir [/usr/lib/gcc/x86_64-linux-gnu/6]
    arg [-L/usr/lib/gcc/x86_64-linux-gnu/6/../../../x86_64-linux-gnu] ==> dir [/usr/lib/gcc/x86_64-linux-gnu/6/../../../x86_64-linux-gnu]
    arg [-L/usr/lib/gcc/x86_64-linux-gnu/6/../../../../lib] ==> dir [/usr/lib/gcc/x86_64-linux-gnu/6/../../../../lib]
    arg [-L/lib/x86_64-linux-gnu] ==> dir [/lib/x86_64-linux-gnu]
    arg [-L/lib/../lib] ==> dir [/lib/../lib]
    arg [-L/usr/lib/x86_64-linux-gnu] ==> dir [/usr/lib/x86_64-linux-gnu]
    arg [-L/usr/lib/../lib] ==> dir [/usr/lib/../lib]
    arg [-L/usr/lib/gcc/x86_64-linux-gnu/6/../../..] ==> dir [/usr/lib/gcc/x86_64-linux-gnu/6/../../..]
    arg [-zrelro] ==> ignore
    arg [CMakeFiles/cmTC_4a0eb.dir/CMakeFortranCompilerABI.F.o] ==> ignore
    arg [-lgfortran] ==> lib [gfortran]
    arg [-lm] ==> lib [m]
    arg [-lgcc_s] ==> lib [gcc_s]
    arg [-lgcc] ==> lib [gcc]
    arg [-lquadmath] ==> lib [quadmath]
    arg [-lm] ==> lib [m]
    arg [-lgcc_s] ==> lib [gcc_s]
    arg [-lgcc] ==> lib [gcc]
    arg [-lc] ==> lib [c]
    arg [-lgcc_s] ==> lib [gcc_s]
    arg [-lgcc] ==> lib [gcc]
    arg [/usr/lib/gcc/x86_64-linux-gnu/6/crtendS.o] ==> ignore
    arg [/usr/lib/gcc/x86_64-linux-gnu/6/../../../x86_64-linux-gnu/crtn.o] ==> ignore
  remove lib [gcc_s]
  remove lib [gcc]
  remove lib [gcc_s]
  remove lib [gcc]
  remove lib [gcc_s]
  remove lib [gcc]
  collapse library dir [/usr/lib/gcc/x86_64-linux-gnu/6] ==> [/usr/lib/gcc/x86_64-linux-gnu/6]
  collapse library dir [/usr/lib/gcc/x86_64-linux-gnu/6/../../../x86_64-linux-gnu] ==> [/usr/lib/x86_64-linux-gnu]
  collapse library dir [/usr/lib/gcc/x86_64-linux-gnu/6/../../../../lib] ==> [/usr/lib]
  collapse library dir [/lib/x86_64-linux-gnu] ==> [/lib/x86_64-linux-gnu]
  collapse library dir [/lib/../lib] ==> [/lib]
  collapse library dir [/usr/lib/x86_64-linux-gnu] ==> [/usr/lib/x86_64-linux-gnu]
  collapse library dir [/usr/lib/../lib] ==> [/usr/lib]
  collapse library dir [/usr/lib/gcc/x86_64-linux-gnu/6/../../..] ==> [/usr/lib]
  implicit libs: [gfortran;m;quadmath;m;c]
  implicit dirs: [/usr/lib/gcc/x86_64-linux-gnu/6;/usr/lib/x86_64-linux-gnu;/usr/lib;/lib/x86_64-linux-gnu;/lib]
  implicit fwks: []


Determining if the Fortran compiler supports Fortran 90 passed with the following output:
Change Dir: /<<PKGBUILDDIR>>/build/CMakeFiles/CMakeTmp

Run Build Command:"/usr/bin/make" "cmTC_bbbe6/fast"
make[2]: Entering directory '/<<PKGBUILDDIR>>/build/CMakeFiles/CMakeTmp'
/usr/bin/make -f CMakeFiles/cmTC_bbbe6.dir/build.make CMakeFiles/cmTC_bbbe6.dir/build
make[3]: Entering directory '/<<PKGBUILDDIR>>/build/CMakeFiles/CMakeTmp'
Building Fortran object CMakeFiles/cmTC_bbbe6.dir/testFortranCompilerF90.f90.o
/usr/bin/f95    -g -O2 -fdebug-prefix-map=/<<PKGBUILDDIR>>=. -fstack-protector-strong    -c /<<PKGBUILDDIR>>/build/CMakeFiles/CMakeTmp/testFortranCompilerF90.f90 -o CMakeFiles/cmTC_bbbe6.dir/testFortranCompilerF90.f90.o
Linking Fortran executable cmTC_bbbe6
/usr/bin/cmake -E cmake_link_script CMakeFiles/cmTC_bbbe6.dir/link.txt --verbose=1
/usr/bin/f95   -Wl,-z,relro  -g -O2 -fdebug-prefix-map=/<<PKGBUILDDIR>>=. -fstack-protector-strong  CMakeFiles/cmTC_bbbe6.dir/testFortranCompilerF90.f90.o  -o cmTC_bbbe6  
make[3]: Leaving directory '/<<PKGBUILDDIR>>/build/CMakeFiles/CMakeTmp'
make[2]: Leaving directory '/<<PKGBUILDDIR>>/build/CMakeFiles/CMakeTmp'


Performing C++ SOURCE FILE Test cxx_std_flag_14 succeeded with the following output:
Change Dir: /<<PKGBUILDDIR>>/build/CMakeFiles/CMakeTmp

Run Build Command:"/usr/bin/make" "cmTC_f4c49/fast"
make[2]: Entering directory '/<<PKGBUILDDIR>>/build/CMakeFiles/CMakeTmp'
/usr/bin/make -f CMakeFiles/cmTC_f4c49.dir/build.make CMakeFiles/cmTC_f4c49.dir/build
make[3]: Entering directory '/<<PKGBUILDDIR>>/build/CMakeFiles/CMakeTmp'
Building CXX object CMakeFiles/cmTC_f4c49.dir/src.cxx.o
/usr/bin/c++     -g -O2 -fdebug-prefix-map=/<<PKGBUILDDIR>>=. -fstack-protector-strong -Wformat -Werror=format-security -Wdate-time -D_FORTIFY_SOURCE=2 -Dcxx_std_flag_14 -fPIE   -std=c++14 -o CMakeFiles/cmTC_f4c49.dir/src.cxx.o -c /<<PKGBUILDDIR>>/build/CMakeFiles/CMakeTmp/src.cxx
Linking CXX executable cmTC_f4c49
/usr/bin/cmake -E cmake_link_script CMakeFiles/cmTC_f4c49.dir/link.txt --verbose=1
/usr/bin/c++   -g -O2 -fdebug-prefix-map=/<<PKGBUILDDIR>>=. -fstack-protector-strong -Wformat -Werror=format-security -Wdate-time -D_FORTIFY_SOURCE=2 -Dcxx_std_flag_14  -Wl,-z,relro  CMakeFiles/cmTC_f4c49.dir/src.cxx.o  -o cmTC_f4c49 -rdynamic 
make[3]: Leaving directory '/<<PKGBUILDDIR>>/build/CMakeFiles/CMakeTmp'
make[2]: Leaving directory '/<<PKGBUILDDIR>>/build/CMakeFiles/CMakeTmp'

Source file was:
int main() { return 0; }
Performing C++ SOURCE FILE Test compiler_supports_cxx14 succeeded with the following output:
Change Dir: /<<PKGBUILDDIR>>/build/CMakeFiles/CMakeTmp

Run Build Command:"/usr/bin/make" "cmTC_63c0f/fast"
make[2]: Entering directory '/<<PKGBUILDDIR>>/build/CMakeFiles/CMakeTmp'
/usr/bin/make -f CMakeFiles/cmTC_63c0f.dir/build.make CMakeFiles/cmTC_63c0f.dir/build
make[3]: Entering directory '/<<PKGBUILDDIR>>/build/CMakeFiles/CMakeTmp'
Building CXX object CMakeFiles/cmTC_63c0f.dir/src.cxx.o
/usr/bin/c++     -g -O2 -fdebug-prefix-map=/<<PKGBUILDDIR>>=. -fstack-protector-strong -Wformat -Werror=format-security -Wdate-time -D_FORTIFY_SOURCE=2 -Dcompiler_supports_cxx14  -std=c++14 -fPIE   -o CMakeFiles/cmTC_63c0f.dir/src.cxx.o -c /<<PKGBUILDDIR>>/build/CMakeFiles/CMakeTmp/src.cxx
Linking CXX executable cmTC_63c0f
/usr/bin/cmake -E cmake_link_script CMakeFiles/cmTC_63c0f.dir/link.txt --verbose=1
/usr/bin/c++   -g -O2 -fdebug-prefix-map=/<<PKGBUILDDIR>>=. -fstack-protector-strong -Wformat -Werror=format-security -Wdate-time -D_FORTIFY_SOURCE=2 -Dcompiler_supports_cxx14  -std=c++14  -Wl,-z,relro  CMakeFiles/cmTC_63c0f.dir/src.cxx.o  -o cmTC_63c0f -rdynamic 
make[3]: Leaving directory '/<<PKGBUILDDIR>>/build/CMakeFiles/CMakeTmp'
make[2]: Leaving directory '/<<PKGBUILDDIR>>/build/CMakeFiles/CMakeTmp'

Source file was:

  #include <memory>

  int main() {
    // lambdas with auto parameters are C++14 - so this checks the compiler
    auto l = [](auto x) { return x; };
    // std::make_unique() is a C++14 library feature - this checks whether the
    // compiler uses a C++14 compliant library.
    auto v = std::make_unique<int>(l(0));
    return *v;
  }
  
Performing C++ SOURCE FILE Test HAS_ATTRIBUTE_UNUSED succeeded with the following output:
Change Dir: /<<PKGBUILDDIR>>/build/CMakeFiles/CMakeTmp

Run Build Command:"/usr/bin/make" "cmTC_f1acd/fast"
make[2]: Entering directory '/<<PKGBUILDDIR>>/build/CMakeFiles/CMakeTmp'
/usr/bin/make -f CMakeFiles/cmTC_f1acd.dir/build.make CMakeFiles/cmTC_f1acd.dir/build
make[3]: Entering directory '/<<PKGBUILDDIR>>/build/CMakeFiles/CMakeTmp'
Building CXX object CMakeFiles/cmTC_f1acd.dir/src.cxx.o
/usr/bin/c++     -g -O2 -fdebug-prefix-map=/<<PKGBUILDDIR>>=. -fstack-protector-strong -Wformat -Werror=format-security -Wdate-time -D_FORTIFY_SOURCE=2 -std=c++14  -DHAS_ATTRIBUTE_UNUSED -fPIE   -o CMakeFiles/cmTC_f1acd.dir/src.cxx.o -c /<<PKGBUILDDIR>>/build/CMakeFiles/CMakeTmp/src.cxx
Linking CXX executable cmTC_f1acd
/usr/bin/cmake -E cmake_link_script CMakeFiles/cmTC_f1acd.dir/link.txt --verbose=1
/usr/bin/c++   -g -O2 -fdebug-prefix-map=/<<PKGBUILDDIR>>=. -fstack-protector-strong -Wformat -Werror=format-security -Wdate-time -D_FORTIFY_SOURCE=2 -std=c++14  -DHAS_ATTRIBUTE_UNUSED  -Wl,-z,relro  CMakeFiles/cmTC_f1acd.dir/src.cxx.o  -o cmTC_f1acd -rdynamic 
make[3]: Leaving directory '/<<PKGBUILDDIR>>/build/CMakeFiles/CMakeTmp'
make[2]: Leaving directory '/<<PKGBUILDDIR>>/build/CMakeFiles/CMakeTmp'

Source file was:

   int main(void)
   {
     int __attribute__((unused)) foo;
     return 0;
   };

Performing C++ SOURCE FILE Test HAS_ATTRIBUTE_DEPRECATED succeeded with the following output:
Change Dir: /<<PKGBUILDDIR>>/build/CMakeFiles/CMakeTmp

Run Build Command:"/usr/bin/make" "cmTC_8ff3c/fast"
make[2]: Entering directory '/<<PKGBUILDDIR>>/build/CMakeFiles/CMakeTmp'
/usr/bin/make -f CMakeFiles/cmTC_8ff3c.dir/build.make CMakeFiles/cmTC_8ff3c.dir/build
make[3]: Entering directory '/<<PKGBUILDDIR>>/build/CMakeFiles/CMakeTmp'
Building CXX object CMakeFiles/cmTC_8ff3c.dir/src.cxx.o
/usr/bin/c++     -g -O2 -fdebug-prefix-map=/<<PKGBUILDDIR>>=. -fstack-protector-strong -Wformat -Werror=format-security -Wdate-time -D_FORTIFY_SOURCE=2 -std=c++14  -DHAS_ATTRIBUTE_DEPRECATED -fPIE   -o CMakeFiles/cmTC_8ff3c.dir/src.cxx.o -c /<<PKGBUILDDIR>>/build/CMakeFiles/CMakeTmp/src.cxx
Linking CXX executable cmTC_8ff3c
/usr/bin/cmake -E cmake_link_script CMakeFiles/cmTC_8ff3c.dir/link.txt --verbose=1
/usr/bin/c++   -g -O2 -fdebug-prefix-map=/<<PKGBUILDDIR>>=. -fstack-protector-strong -Wformat -Werror=format-security -Wdate-time -D_FORTIFY_SOURCE=2 -std=c++14  -DHAS_ATTRIBUTE_DEPRECATED  -Wl,-z,relro  CMakeFiles/cmTC_8ff3c.dir/src.cxx.o  -o cmTC_8ff3c -rdynamic 
make[3]: Leaving directory '/<<PKGBUILDDIR>>/build/CMakeFiles/CMakeTmp'
make[2]: Leaving directory '/<<PKGBUILDDIR>>/build/CMakeFiles/CMakeTmp'

Source file was:

#define DEP __attribute__((deprecated))
   class bar
   {
     bar() DEP;
   };

   class peng { } DEP;

   template <class T>
   class t_bar
   {
     t_bar() DEP;
   };

   template <class T>
   class t_peng {
     t_peng() {};
   } DEP;

   void foo() DEP;

   void foo() {}

   int main(void)
   {
     return 0;
   };

Performing C++ SOURCE FILE Test HAS_ATTRIBUTE_DEPRECATED_MSG succeeded with the following output:
Change Dir: /<<PKGBUILDDIR>>/build/CMakeFiles/CMakeTmp

Run Build Command:"/usr/bin/make" "cmTC_c6e5b/fast"
make[2]: Entering directory '/<<PKGBUILDDIR>>/build/CMakeFiles/CMakeTmp'
/usr/bin/make -f CMakeFiles/cmTC_c6e5b.dir/build.make CMakeFiles/cmTC_c6e5b.dir/build
make[3]: Entering directory '/<<PKGBUILDDIR>>/build/CMakeFiles/CMakeTmp'
Building CXX object CMakeFiles/cmTC_c6e5b.dir/src.cxx.o
/usr/bin/c++     -g -O2 -fdebug-prefix-map=/<<PKGBUILDDIR>>=. -fstack-protector-strong -Wformat -Werror=format-security -Wdate-time -D_FORTIFY_SOURCE=2 -std=c++14  -DHAS_ATTRIBUTE_DEPRECATED_MSG -fPIE   -o CMakeFiles/cmTC_c6e5b.dir/src.cxx.o -c /<<PKGBUILDDIR>>/build/CMakeFiles/CMakeTmp/src.cxx
Linking CXX executable cmTC_c6e5b
/usr/bin/cmake -E cmake_link_script CMakeFiles/cmTC_c6e5b.dir/link.txt --verbose=1
/usr/bin/c++   -g -O2 -fdebug-prefix-map=/<<PKGBUILDDIR>>=. -fstack-protector-strong -Wformat -Werror=format-security -Wdate-time -D_FORTIFY_SOURCE=2 -std=c++14  -DHAS_ATTRIBUTE_DEPRECATED_MSG  -Wl,-z,relro  CMakeFiles/cmTC_c6e5b.dir/src.cxx.o  -o cmTC_c6e5b -rdynamic 
make[3]: Leaving directory '/<<PKGBUILDDIR>>/build/CMakeFiles/CMakeTmp'
make[2]: Leaving directory '/<<PKGBUILDDIR>>/build/CMakeFiles/CMakeTmp'

Source file was:

#define DEP __attribute__((deprecated("message")))
   class bar {
     bar() DEP;
   };

   class peng { } DEP;

   template <class T>
   class t_bar
   {
     t_bar() DEP;
   };

   template <class T>
   class t_peng
   {
     t_peng() {};
   } DEP;

   void foo() DEP;

   void foo() {}

   int main(void)
   {
     return 0;
   };

Performing C++ SOURCE FILE Test HAVE_IS_INDEXABLE_SUPPORT succeeded with the following output:
Change Dir: /<<PKGBUILDDIR>>/build/CMakeFiles/CMakeTmp

Run Build Command:"/usr/bin/make" "cmTC_cf3d1/fast"
make[2]: Entering directory '/<<PKGBUILDDIR>>/build/CMakeFiles/CMakeTmp'
/usr/bin/make -f CMakeFiles/cmTC_cf3d1.dir/build.make CMakeFiles/cmTC_cf3d1.dir/build
make[3]: Entering directory '/<<PKGBUILDDIR>>/build/CMakeFiles/CMakeTmp'
Building CXX object CMakeFiles/cmTC_cf3d1.dir/src.cxx.o
/usr/bin/c++     -g -O2 -fdebug-prefix-map=/<<PKGBUILDDIR>>=. -fstack-protector-strong -Wformat -Werror=format-security -Wdate-time -D_FORTIFY_SOURCE=2 -std=c++14  -DHAVE_IS_INDEXABLE_SUPPORT -fPIE   -o CMakeFiles/cmTC_cf3d1.dir/src.cxx.o -c /<<PKGBUILDDIR>>/build/CMakeFiles/CMakeTmp/src.cxx
Linking CXX executable cmTC_cf3d1
/usr/bin/cmake -E cmake_link_script CMakeFiles/cmTC_cf3d1.dir/link.txt --verbose=1
/usr/bin/c++   -g -O2 -fdebug-prefix-map=/<<PKGBUILDDIR>>=. -fstack-protector-strong -Wformat -Werror=format-security -Wdate-time -D_FORTIFY_SOURCE=2 -std=c++14  -DHAVE_IS_INDEXABLE_SUPPORT  -Wl,-z,relro  CMakeFiles/cmTC_cf3d1.dir/src.cxx.o  -o cmTC_cf3d1 -rdynamic 
make[3]: Leaving directory '/<<PKGBUILDDIR>>/build/CMakeFiles/CMakeTmp'
make[2]: Leaving directory '/<<PKGBUILDDIR>>/build/CMakeFiles/CMakeTmp'

Source file was:

  #include <utility>
  #include <type_traits>
  #include <array>

  template <class T>
  typename std::add_rvalue_reference<T>::type declval();

  namespace detail {

    template<typename T, typename I, typename = int>
    struct _is_indexable
      : public std::false_type
    {};

    template<typename T, typename I>
    struct _is_indexable<T,I,typename std::enable_if<(sizeof(declval<T>()[declval<I>()]) > 0),int>::type>
      : public std::true_type
    {};

  }

  template<typename T, typename I = std::size_t>
  struct is_indexable
    : public detail::_is_indexable<T,I>
  {};

  struct foo_type {};

  int main()
  {
    double x;
    std::array<double,4> y;
    double z[5];
    foo_type f;

    static_assert(not is_indexable<decltype(x)>::value,"scalar type");
    static_assert(is_indexable<decltype(y)>::value,"indexable class");
    static_assert(is_indexable<decltype(z)>::value,"array");
    static_assert(not is_indexable<decltype(f)>::value,"not indexable class");
    static_assert(not is_indexable<decltype(y),foo_type>::value,"custom index type");

    return 0;
  }

Determining if the include file pthread.h exists passed with the following output:
Change Dir: /<<PKGBUILDDIR>>/build/CMakeFiles/CMakeTmp

Run Build Command:"/usr/bin/make" "cmTC_7aed8/fast"
make[2]: Entering directory '/<<PKGBUILDDIR>>/build/CMakeFiles/CMakeTmp'
/usr/bin/make -f CMakeFiles/cmTC_7aed8.dir/build.make CMakeFiles/cmTC_7aed8.dir/build
make[3]: Entering directory '/<<PKGBUILDDIR>>/build/CMakeFiles/CMakeTmp'
Building C object CMakeFiles/cmTC_7aed8.dir/CheckIncludeFile.c.o
/usr/bin/cc    -g -O2 -fdebug-prefix-map=/<<PKGBUILDDIR>>=. -fstack-protector-strong -Wformat -Werror=format-security -Wdate-time -D_FORTIFY_SOURCE=2  -fPIE   -o CMakeFiles/cmTC_7aed8.dir/CheckIncludeFile.c.o   -c /<<PKGBUILDDIR>>/build/CMakeFiles/CMakeTmp/CheckIncludeFile.c
Linking C executable cmTC_7aed8
/usr/bin/cmake -E cmake_link_script CMakeFiles/cmTC_7aed8.dir/link.txt --verbose=1
/usr/bin/cc  -g -O2 -fdebug-prefix-map=/<<PKGBUILDDIR>>=. -fstack-protector-strong -Wformat -Werror=format-security -Wdate-time -D_FORTIFY_SOURCE=2   -Wl,-z,relro  CMakeFiles/cmTC_7aed8.dir/CheckIncludeFile.c.o  -o cmTC_7aed8 -rdynamic 
make[3]: Leaving directory '/<<PKGBUILDDIR>>/build/CMakeFiles/CMakeTmp'
make[2]: Leaving directory '/<<PKGBUILDDIR>>/build/CMakeFiles/CMakeTmp'


Performing C++ SOURCE FILE Test STDTHREAD_WORKS succeeded with the following output:
Change Dir: /<<PKGBUILDDIR>>/build/CMakeFiles/CMakeTmp

Run Build Command:"/usr/bin/make" "cmTC_18952/fast"
make[2]: Entering directory '/<<PKGBUILDDIR>>/build/CMakeFiles/CMakeTmp'
/usr/bin/make -f CMakeFiles/cmTC_18952.dir/build.make CMakeFiles/cmTC_18952.dir/build
make[3]: Entering directory '/<<PKGBUILDDIR>>/build/CMakeFiles/CMakeTmp'
Building CXX object CMakeFiles/cmTC_18952.dir/src.cxx.o
/usr/bin/c++     -g -O2 -fdebug-prefix-map=/<<PKGBUILDDIR>>=. -fstack-protector-strong -Wformat -Werror=format-security -Wdate-time -D_FORTIFY_SOURCE=2 -std=c++14  -DSTDTHREAD_WORKS -fPIE   -o CMakeFiles/cmTC_18952.dir/src.cxx.o -c /<<PKGBUILDDIR>>/build/CMakeFiles/CMakeTmp/src.cxx
Linking CXX executable cmTC_18952
/usr/bin/cmake -E cmake_link_script CMakeFiles/cmTC_18952.dir/link.txt --verbose=1
/usr/bin/c++   -g -O2 -fdebug-prefix-map=/<<PKGBUILDDIR>>=. -fstack-protector-strong -Wformat -Werror=format-security -Wdate-time -D_FORTIFY_SOURCE=2 -std=c++14  -DSTDTHREAD_WORKS  -Wl,-z,relro  CMakeFiles/cmTC_18952.dir/src.cxx.o  -o cmTC_18952 -rdynamic -pthread 
make[3]: Leaving directory '/<<PKGBUILDDIR>>/build/CMakeFiles/CMakeTmp'
make[2]: Leaving directory '/<<PKGBUILDDIR>>/build/CMakeFiles/CMakeTmp'

Return value: 1
Source file was:

      #include <thread>

      void dummy() {}

      int main() {
        std::thread t(dummy);
        t.join();
      }
    
Performing C++ SOURCE FILE Test HAVE_CXA_DEMANGLE succeeded with the following output:
Change Dir: /<<PKGBUILDDIR>>/build/CMakeFiles/CMakeTmp

Run Build Command:"/usr/bin/make" "cmTC_56eef/fast"
make[2]: Entering directory '/<<PKGBUILDDIR>>/build/CMakeFiles/CMakeTmp'
/usr/bin/make -f CMakeFiles/cmTC_56eef.dir/build.make CMakeFiles/cmTC_56eef.dir/build
make[3]: Entering directory '/<<PKGBUILDDIR>>/build/CMakeFiles/CMakeTmp'
Building CXX object CMakeFiles/cmTC_56eef.dir/src.cxx.o
/usr/bin/c++     -g -O2 -fdebug-prefix-map=/<<PKGBUILDDIR>>=. -fstack-protector-strong -Wformat -Werror=format-security -Wdate-time -D_FORTIFY_SOURCE=2 -std=c++14  -DHAVE_CXA_DEMANGLE -fPIE   -o CMakeFiles/cmTC_56eef.dir/src.cxx.o -c /<<PKGBUILDDIR>>/build/CMakeFiles/CMakeTmp/src.cxx
Linking CXX executable cmTC_56eef
/usr/bin/cmake -E cmake_link_script CMakeFiles/cmTC_56eef.dir/link.txt --verbose=1
/usr/bin/c++   -g -O2 -fdebug-prefix-map=/<<PKGBUILDDIR>>=. -fstack-protector-strong -Wformat -Werror=format-security -Wdate-time -D_FORTIFY_SOURCE=2 -std=c++14  -DHAVE_CXA_DEMANGLE  -Wl,-z,relro  CMakeFiles/cmTC_56eef.dir/src.cxx.o  -o cmTC_56eef -rdynamic 
make[3]: Leaving directory '/<<PKGBUILDDIR>>/build/CMakeFiles/CMakeTmp'
make[2]: Leaving directory '/<<PKGBUILDDIR>>/build/CMakeFiles/CMakeTmp'

Source file was:
#include <typeinfo>
#include <cxxabi.h>
int main(void){
    int foobar = 0;
    const char *foo = typeid(foobar).name();
    int status;
    char *demangled = abi::__cxa_demangle( foo, 0, 0, &status );
}
	"tail -v -n +0 CMakeFiles/CMakeError.log"
==> CMakeFiles/CMakeError.log <==
Determining if the pthread_create exist failed with the following output:
Change Dir: /<<PKGBUILDDIR>>/build/CMakeFiles/CMakeTmp

Run Build Command:"/usr/bin/make" "cmTC_5d64b/fast"
make[2]: Entering directory '/<<PKGBUILDDIR>>/build/CMakeFiles/CMakeTmp'
/usr/bin/make -f CMakeFiles/cmTC_5d64b.dir/build.make CMakeFiles/cmTC_5d64b.dir/build
make[3]: Entering directory '/<<PKGBUILDDIR>>/build/CMakeFiles/CMakeTmp'
Building C object CMakeFiles/cmTC_5d64b.dir/CheckSymbolExists.c.o
/usr/bin/cc    -g -O2 -fdebug-prefix-map=/<<PKGBUILDDIR>>=. -fstack-protector-strong -Wformat -Werror=format-security -Wdate-time -D_FORTIFY_SOURCE=2  -fPIE   -o CMakeFiles/cmTC_5d64b.dir/CheckSymbolExists.c.o   -c /<<PKGBUILDDIR>>/build/CMakeFiles/CMakeTmp/CheckSymbolExists.c
Linking C executable cmTC_5d64b
/usr/bin/cmake -E cmake_link_script CMakeFiles/cmTC_5d64b.dir/link.txt --verbose=1
/usr/bin/cc  -g -O2 -fdebug-prefix-map=/<<PKGBUILDDIR>>=. -fstack-protector-strong -Wformat -Werror=format-security -Wdate-time -D_FORTIFY_SOURCE=2   -Wl,-z,relro  CMakeFiles/cmTC_5d64b.dir/CheckSymbolExists.c.o  -o cmTC_5d64b -rdynamic 
CMakeFiles/cmTC_5d64b.dir/CheckSymbolExists.c.o: In function `main':
./build/CMakeFiles/CMakeTmp/./build/CMakeFiles/CMakeTmp/CheckSymbolExists.c:8: undefined reference to `pthread_create'
clang: error: linker command failed with exit code 1 (use -v to see invocation)
CMakeFiles/cmTC_5d64b.dir/build.make:97: recipe for target 'cmTC_5d64b' failed
make[3]: *** [cmTC_5d64b] Error 1
make[3]: Leaving directory '/<<PKGBUILDDIR>>/build/CMakeFiles/CMakeTmp'
Makefile:126: recipe for target 'cmTC_5d64b/fast' failed
make[2]: *** [cmTC_5d64b/fast] Error 2
make[2]: Leaving directory '/<<PKGBUILDDIR>>/build/CMakeFiles/CMakeTmp'

File /<<PKGBUILDDIR>>/build/CMakeFiles/CMakeTmp/CheckSymbolExists.c:
/* */
#include <pthread.h>

int main(int argc, char** argv)
{
  (void)argv;
#ifndef pthread_create
  return ((int*)(&pthread_create))[argc];
#else
  (void)argc;
  return 0;
#endif
}

Fortran/C interface test project failed with the following output:
Change Dir: /<<PKGBUILDDIR>>/build/CMakeFiles/FortranCInterface

Run Build Command:"/usr/bin/make"
make[2]: Entering directory '/<<PKGBUILDDIR>>/build/CMakeFiles/FortranCInterface'
make[3]: Entering directory '/<<PKGBUILDDIR>>/build/CMakeFiles/FortranCInterface'
make[4]: Entering directory '/<<PKGBUILDDIR>>/build/CMakeFiles/FortranCInterface'
Scanning dependencies of target myfort
make[4]: Leaving directory '/<<PKGBUILDDIR>>/build/CMakeFiles/FortranCInterface'
make[4]: Entering directory '/<<PKGBUILDDIR>>/build/CMakeFiles/FortranCInterface'
[  2%] Building Fortran object CMakeFiles/myfort.dir/my_module.f90.o
[  5%] Building Fortran object CMakeFiles/myfort.dir/mymodule.f90.o
[  8%] Building Fortran object CMakeFiles/myfort.dir/mysub.f.o
[ 11%] Building Fortran object CMakeFiles/myfort.dir/my_sub.f.o
[ 14%] Linking Fortran static library libmyfort.a
make[4]: Leaving directory '/<<PKGBUILDDIR>>/build/CMakeFiles/FortranCInterface'
[ 14%] Built target myfort
make[4]: Entering directory '/<<PKGBUILDDIR>>/build/CMakeFiles/FortranCInterface'
Scanning dependencies of target symbols
make[4]: Leaving directory '/<<PKGBUILDDIR>>/build/CMakeFiles/FortranCInterface'
make[4]: Entering directory '/<<PKGBUILDDIR>>/build/CMakeFiles/FortranCInterface'
[ 17%] Building C object CMakeFiles/symbols.dir/mymodule_.c.o
[ 20%] Building C object CMakeFiles/symbols.dir/my_module_.c.o
[ 22%] Building C object CMakeFiles/symbols.dir/symbols/my_sub.c.o
[ 25%] Building C object CMakeFiles/symbols.dir/symbols/my_sub_.c.o
[ 28%] Building C object CMakeFiles/symbols.dir/symbols/my_sub__.c.o
[ 31%] Building C object CMakeFiles/symbols.dir/symbols/MY_SUB-UPPER.c.o
[ 34%] Building C object CMakeFiles/symbols.dir/symbols/mysub.c.o
[ 37%] Building C object CMakeFiles/symbols.dir/symbols/mysub_.c.o
[ 40%] Building C object CMakeFiles/symbols.dir/symbols/MYSUB-UPPER.c.o
[ 42%] Building C object CMakeFiles/symbols.dir/symbols/__my_module_MOD_my_sub.c.o
[ 45%] Building C object CMakeFiles/symbols.dir/symbols/__my_module_NMOD_my_sub.c.o
[ 48%] Building C object CMakeFiles/symbols.dir/symbols/__my_module__my_sub.c.o
[ 51%] Building C object CMakeFiles/symbols.dir/symbols/__mymodule_MOD_mysub.c.o
[ 54%] Building C object CMakeFiles/symbols.dir/symbols/__mymodule_NMOD_mysub.c.o
[ 57%] Building C object CMakeFiles/symbols.dir/symbols/__mymodule__mysub.c.o
[ 60%] Building C object CMakeFiles/symbols.dir/symbols/my_moduleSmy_sub.c.o
[ 62%] Building C object CMakeFiles/symbols.dir/symbols/my_module_mp_my_sub_.c.o
[ 65%] Building C object CMakeFiles/symbols.dir/symbols/MY_MODULE_mp_MY_SUB-UPPER.c.o
[ 68%] Building C object CMakeFiles/symbols.dir/symbols/my_module_my_sub_.c.o
[ 71%] Building C object CMakeFiles/symbols.dir/symbols/my_module_MP_my_sub.c.o
[ 74%] Building C object CMakeFiles/symbols.dir/symbols/mymoduleSmysub.c.o
[ 77%] Building C object CMakeFiles/symbols.dir/symbols/mymodule_mp_mysub_.c.o
[ 80%] Building C object CMakeFiles/symbols.dir/symbols/MYMODULE_mp_MYSUB-UPPER.c.o
[ 82%] Building C object CMakeFiles/symbols.dir/symbols/mymodule_mysub_.c.o
[ 85%] Building C object CMakeFiles/symbols.dir/symbols/mymodule_MP_mysub.c.o
[ 88%] Linking C static library libsymbols.a
make[4]: Leaving directory '/<<PKGBUILDDIR>>/build/CMakeFiles/FortranCInterface'
[ 88%] Built target symbols
make[4]: Entering directory '/<<PKGBUILDDIR>>/build/CMakeFiles/FortranCInterface'
Scanning dependencies of target FortranCInterface
make[4]: Leaving directory '/<<PKGBUILDDIR>>/build/CMakeFiles/FortranCInterface'
make[4]: Entering directory '/<<PKGBUILDDIR>>/build/CMakeFiles/FortranCInterface'
[ 91%] Building Fortran object CMakeFiles/FortranCInterface.dir/main.F.o
[ 94%] Building Fortran object CMakeFiles/FortranCInterface.dir/call_sub.f.o
[ 97%] Building Fortran object CMakeFiles/FortranCInterface.dir/call_mod.f90.o
[100%] Linking Fortran executable FortranCInterface
/usr/bin/ld: libsymbols.a(my_sub_.c.o): relocation R_X86_64_32 against `.rodata.str1.1' can not be used when making a shared object; recompile with -fPIC
/usr/bin/ld: libsymbols.a(mysub_.c.o): relocation R_X86_64_32 against `.rodata.str1.1' can not be used when making a shared object; recompile with -fPIC
/usr/bin/ld: libsymbols.a(__my_module_MOD_my_sub.c.o): relocation R_X86_64_32 against `.rodata.str1.1' can not be used when making a shared object; recompile with -fPIC
/usr/bin/ld: libsymbols.a(__mymodule_MOD_mysub.c.o): relocation R_X86_64_32 against `.rodata.str1.1' can not be used when making a shared object; recompile with -fPIC
/usr/bin/ld: final link failed: Nonrepresentable section on output
collect2: error: ld returned 1 exit status
CMakeFiles/FortranCInterface.dir/build.make:148: recipe for target 'FortranCInterface' failed
make[4]: *** [FortranCInterface] Error 1
make[4]: Leaving directory '/<<PKGBUILDDIR>>/build/CMakeFiles/FortranCInterface'
CMakeFiles/Makefile2:68: recipe for target 'CMakeFiles/FortranCInterface.dir/all' failed
make[3]: *** [CMakeFiles/FortranCInterface.dir/all] Error 2
make[3]: Leaving directory '/<<PKGBUILDDIR>>/build/CMakeFiles/FortranCInterface'
Makefile:83: recipe for target 'all' failed
make[2]: *** [all] Error 2
make[2]: Leaving directory '/<<PKGBUILDDIR>>/build/CMakeFiles/FortranCInterface'

Verifying Fortran/CXX Compiler Compatibility failed with the following output:
Change Dir: /<<PKGBUILDDIR>>/build/CMakeFiles/FortranCInterface/VerifyCXX

Run Build Command:"/usr/bin/make"
make[2]: Entering directory '/<<PKGBUILDDIR>>/build/CMakeFiles/FortranCInterface/VerifyCXX'
/usr/bin/cmake -H/usr/share/cmake-3.7/Modules/FortranCInterface/Verify -B/<<PKGBUILDDIR>>/build/CMakeFiles/FortranCInterface/VerifyCXX --check-build-system CMakeFiles/Makefile.cmake 0
/usr/bin/cmake -E cmake_progress_start /<<PKGBUILDDIR>>/build/CMakeFiles/FortranCInterface/VerifyCXX/CMakeFiles /<<PKGBUILDDIR>>/build/CMakeFiles/FortranCInterface/VerifyCXX/CMakeFiles/progress.marks
/usr/bin/make -f CMakeFiles/Makefile2 all
make[3]: Entering directory '/<<PKGBUILDDIR>>/build/CMakeFiles/FortranCInterface/VerifyCXX'
/usr/bin/make -f CMakeFiles/VerifyFortran.dir/build.make CMakeFiles/VerifyFortran.dir/depend
make[4]: Entering directory '/<<PKGBUILDDIR>>/build/CMakeFiles/FortranCInterface/VerifyCXX'
cd /<<PKGBUILDDIR>>/build/CMakeFiles/FortranCInterface/VerifyCXX && /usr/bin/cmake -E cmake_depends "Unix Makefiles" /usr/share/cmake-3.7/Modules/FortranCInterface/Verify /usr/share/cmake-3.7/Modules/FortranCInterface/Verify /<<PKGBUILDDIR>>/build/CMakeFiles/FortranCInterface/VerifyCXX /<<PKGBUILDDIR>>/build/CMakeFiles/FortranCInterface/VerifyCXX /<<PKGBUILDDIR>>/build/CMakeFiles/FortranCInterface/VerifyCXX/CMakeFiles/VerifyFortran.dir/DependInfo.cmake
Scanning dependencies of target VerifyFortran
make[4]: Leaving directory '/<<PKGBUILDDIR>>/build/CMakeFiles/FortranCInterface/VerifyCXX'
/usr/bin/make -f CMakeFiles/VerifyFortran.dir/build.make CMakeFiles/VerifyFortran.dir/requires
make[4]: Entering directory '/<<PKGBUILDDIR>>/build/CMakeFiles/FortranCInterface/VerifyCXX'
make[4]: Nothing to be done for 'CMakeFiles/VerifyFortran.dir/requires'.
make[4]: Leaving directory '/<<PKGBUILDDIR>>/build/CMakeFiles/FortranCInterface/VerifyCXX'
/usr/bin/make -f CMakeFiles/VerifyFortran.dir/build.make CMakeFiles/VerifyFortran.dir/build
make[4]: Entering directory '/<<PKGBUILDDIR>>/build/CMakeFiles/FortranCInterface/VerifyCXX'
[ 16%] Building Fortran object CMakeFiles/VerifyFortran.dir/VerifyFortran.f.o
/usr/bin/f95  -DVERIFY_CXX -I/<<PKGBUILDDIR>>/build/CMakeFiles/FortranCInterface/VerifyCXX  -g -O2 -fdebug-prefix-map=/<<PKGBUILDDIR>>=. -fstack-protector-strong -O3 -DNDEBUG -O3   -c /usr/share/cmake-3.7/Modules/FortranCInterface/Verify/VerifyFortran.f -o CMakeFiles/VerifyFortran.dir/VerifyFortran.f.o
[ 33%] Linking Fortran static library libVerifyFortran.a
/usr/bin/cmake -P CMakeFiles/VerifyFortran.dir/cmake_clean_target.cmake
/usr/bin/cmake -E cmake_link_script CMakeFiles/VerifyFortran.dir/link.txt --verbose=1
/usr/bin/ar qc libVerifyFortran.a  CMakeFiles/VerifyFortran.dir/VerifyFortran.f.o
/usr/bin/ranlib libVerifyFortran.a
make[4]: Leaving directory '/<<PKGBUILDDIR>>/build/CMakeFiles/FortranCInterface/VerifyCXX'
[ 33%] Built target VerifyFortran
/usr/bin/make -f CMakeFiles/VerifyFortranC.dir/build.make CMakeFiles/VerifyFortranC.dir/depend
make[4]: Entering directory '/<<PKGBUILDDIR>>/build/CMakeFiles/FortranCInterface/VerifyCXX'
cd /<<PKGBUILDDIR>>/build/CMakeFiles/FortranCInterface/VerifyCXX && /usr/bin/cmake -E cmake_depends "Unix Makefiles" /usr/share/cmake-3.7/Modules/FortranCInterface/Verify /usr/share/cmake-3.7/Modules/FortranCInterface/Verify /<<PKGBUILDDIR>>/build/CMakeFiles/FortranCInterface/VerifyCXX /<<PKGBUILDDIR>>/build/CMakeFiles/FortranCInterface/VerifyCXX /<<PKGBUILDDIR>>/build/CMakeFiles/FortranCInterface/VerifyCXX/CMakeFiles/VerifyFortranC.dir/DependInfo.cmake
Scanning dependencies of target VerifyFortranC
make[4]: Leaving directory '/<<PKGBUILDDIR>>/build/CMakeFiles/FortranCInterface/VerifyCXX'
/usr/bin/make -f CMakeFiles/VerifyFortranC.dir/build.make CMakeFiles/VerifyFortranC.dir/build
make[4]: Entering directory '/<<PKGBUILDDIR>>/build/CMakeFiles/FortranCInterface/VerifyCXX'
[ 50%] Building C object CMakeFiles/VerifyFortranC.dir/main.c.o
/usr/bin/cc  -DVERIFY_CXX -I/<<PKGBUILDDIR>>/build/CMakeFiles/FortranCInterface/VerifyCXX  -g -O2 -fdebug-prefix-map=/<<PKGBUILDDIR>>=. -fstack-protector-strong -Wformat -Werror=format-security -Wdate-time -D_FORTIFY_SOURCE=2 -O3 -DNDEBUG   -o CMakeFiles/VerifyFortranC.dir/main.c.o   -c /usr/share/cmake-3.7/Modules/FortranCInterface/Verify/main.c
[ 66%] Building C object CMakeFiles/VerifyFortranC.dir/VerifyC.c.o
/usr/bin/cc  -DVERIFY_CXX -I/<<PKGBUILDDIR>>/build/CMakeFiles/FortranCInterface/VerifyCXX  -g -O2 -fdebug-prefix-map=/<<PKGBUILDDIR>>=. -fstack-protector-strong -Wformat -Werror=format-security -Wdate-time -D_FORTIFY_SOURCE=2 -O3 -DNDEBUG   -o CMakeFiles/VerifyFortranC.dir/VerifyC.c.o   -c /usr/share/cmake-3.7/Modules/FortranCInterface/Verify/VerifyC.c
[ 83%] Building CXX object CMakeFiles/VerifyFortranC.dir/VerifyCXX.cxx.o
/usr/bin/c++   -DVERIFY_CXX -I/<<PKGBUILDDIR>>/build/CMakeFiles/FortranCInterface/VerifyCXX  -g -O2 -fdebug-prefix-map=/<<PKGBUILDDIR>>=. -fstack-protector-strong -Wformat -Werror=format-security -Wdate-time -D_FORTIFY_SOURCE=2 -std=c++14 -O3 -DNDEBUG   -o CMakeFiles/VerifyFortranC.dir/VerifyCXX.cxx.o -c /usr/share/cmake-3.7/Modules/FortranCInterface/Verify/VerifyCXX.cxx
[100%] Linking CXX executable VerifyFortranC
/usr/bin/cmake -E cmake_link_script CMakeFiles/VerifyFortranC.dir/link.txt --verbose=1
/usr/bin/c++   -g -O2 -fdebug-prefix-map=/<<PKGBUILDDIR>>=. -fstack-protector-strong -Wformat -Werror=format-security -Wdate-time -D_FORTIFY_SOURCE=2 -std=c++14 -O3 -DNDEBUG  -Wl,-z,relro CMakeFiles/VerifyFortranC.dir/main.c.o CMakeFiles/VerifyFortranC.dir/VerifyC.c.o CMakeFiles/VerifyFortranC.dir/VerifyCXX.cxx.o  -o VerifyFortranC  -L/usr/lib/gcc/x86_64-linux-gnu/6 libVerifyFortran.a -lgfortran -lquadmath 
CMakeFiles/VerifyFortranC.dir/main.c.o: In function `main':
/usr/share/cmake-3.7/Modules/FortranCInterface/Verify/main.c:14: undefined reference to `VerifyFortran'
clang: error: linker command failed with exit code 1 (use -v to see invocation)
CMakeFiles/VerifyFortranC.dir/build.make:150: recipe for target 'VerifyFortranC' failed
make[4]: *** [VerifyFortranC] Error 1
make[4]: Leaving directory '/<<PKGBUILDDIR>>/build/CMakeFiles/FortranCInterface/VerifyCXX'
CMakeFiles/Makefile2:108: recipe for target 'CMakeFiles/VerifyFortranC.dir/all' failed
make[3]: *** [CMakeFiles/VerifyFortranC.dir/all] Error 2
make[3]: Leaving directory '/<<PKGBUILDDIR>>/build/CMakeFiles/FortranCInterface/VerifyCXX'
Makefile:86: recipe for target 'all' failed
make[2]: *** [all] Error 2
make[2]: Leaving directory '/<<PKGBUILDDIR>>/build/CMakeFiles/FortranCInterface/VerifyCXX'


dh_auto_configure: cmake .. -DCMAKE_INSTALL_PREFIX=/usr -DCMAKE_VERBOSE_MAKEFILE=ON -DCMAKE_BUILD_TYPE=None -DCMAKE_INSTALL_SYSCONFDIR=/etc -DCMAKE_INSTALL_LOCALSTATEDIR=/var -DBUILD_SHARED_LIBS=1 returned exit code 1
/usr/share/dune/dune-debian.mk:10: recipe for target 'override_dh_auto_configure' failed
make[1]: *** [override_dh_auto_configure] Error 2
make[1]: Leaving directory '/<<PKGBUILDDIR>>'
debian/rules:6: recipe for target 'build-arch' failed
make: *** [build-arch] Error 2
dpkg-buildpackage: error: debian/rules build-arch gave error exit status 2
--------------------------------------------------------------------------------
Build finished at 2017-07-06T16:31:39Z

Finished
--------


+------------------------------------------------------------------------------+
| Cleanup                                                                      |
+------------------------------------------------------------------------------+

Purging /<<BUILDDIR>>
Not cleaning session: cloned chroot in use
E: Build failure (dpkg-buildpackage died)

+------------------------------------------------------------------------------+
| Summary                                                                      |
+------------------------------------------------------------------------------+

Build Architecture: amd64
Build Type: any
Build-Space: 9920
Build-Time: 7
Distribution: unstable
Fail-Stage: build
Host Architecture: amd64
Install-Time: 14
Job: dune-grid_2.5.0-1
Machine Architecture: amd64
Package: dune-grid
Package-Time: 42
Source-Version: 2.5.0-1
Space: 9920
Status: attempted
Version: 2.5.0-1
--------------------------------------------------------------------------------
Finished at 2017-07-06T16:31:39Z
Build needed 00:00:42, 9920k disk space
E: Build failure (dpkg-buildpackage died)
DC-Status: Failed 42.895877081s
DC-Time-Estimation: 42.895877081 versus expected 1848 (r/m: 42.08106339708205 ; m: 42.895877081)
