DC-Build-Header: minisat+ 1.0-4 / 2017-07-06 20:27:23 +0000
DC-Task: type:rebuild-binarch-only source:minisat+ version:1.0-4 chroot:unstable esttime:273 logfile:/tmp/minisat+_1.0-4_unstable_clang3.9.log modes:clang:binarch-only
DC-Sbuild-call: su user42 -c 'sbuild -n --arch-any --apt-update -d unstable -v  --chroot-setup-commands=/tmp/clang minisat+_1.0-4'
sbuild (Debian sbuild) 0.73.0 (23 Dec 2016) on ip-172-31-45-63.eu-central-1.compute.internal

+==============================================================================+
| minisat+ 1.0-4 (amd64)                       Thu, 06 Jul 2017 20:27:24 +0000 |
+==============================================================================+

Package: minisat+
Version: 1.0-4
Source Version: 1.0-4
Distribution: unstable
Machine Architecture: amd64
Host Architecture: amd64
Build Architecture: amd64
Build Type: any

I: NOTICE: Log filtering will replace 'var/run/schroot/mount/unstable-amd64-sbuild-48dac053-b29a-47e5-bf3c-c33c32663592' with '<<CHROOT>>'

+------------------------------------------------------------------------------+
| Chroot Setup Commands                                                        |
+------------------------------------------------------------------------------+


/tmp/clang
----------

+ echo 'Entering customization script...'
Entering customization script...
+ CLANG_VERSION=3.9
+ echo 'Install of clang-3.9'
Install of clang-3.9
+ apt-get update
Get:1 http://127.0.0.1:9999/debian unstable InRelease [255 kB]
Get:2 http://127.0.0.1:9999/debian unstable/main Sources.diff/Index [27.9 kB]
Get:3 http://127.0.0.1:9999/debian unstable/main amd64 Packages.diff/Index [27.9 kB]
Get:4 http://127.0.0.1:9999/debian unstable/main Translation-en.diff/Index [27.9 kB]
Get:5 http://127.0.0.1:9999/debian unstable/main Sources 2017-07-02-0216.39.pdiff [15.0 kB]
Get:6 http://127.0.0.1:9999/debian unstable/main Sources 2017-07-02-0817.00.pdiff [7416 B]
Get:7 http://127.0.0.1:9999/debian unstable/main Sources 2017-07-02-1415.16.pdiff [17.0 kB]
Get:8 http://127.0.0.1:9999/debian unstable/main Sources 2017-07-02-2015.53.pdiff [15.2 kB]
Get:9 http://127.0.0.1:9999/debian unstable/main Sources 2017-07-03-0215.43.pdiff [50.2 kB]
Get:10 http://127.0.0.1:9999/debian unstable/main Sources 2017-07-03-0815.58.pdiff [5500 B]
Get:11 http://127.0.0.1:9999/debian unstable/main Sources 2017-07-03-1420.59.pdiff [15.8 kB]
Get:12 http://127.0.0.1:9999/debian unstable/main Sources 2017-07-03-2015.52.pdiff [15.6 kB]
Get:13 http://127.0.0.1:9999/debian unstable/main Sources 2017-07-04-0215.56.pdiff [7165 B]
Get:14 http://127.0.0.1:9999/debian unstable/main Sources 2017-07-04-0817.36.pdiff [8303 B]
Get:15 http://127.0.0.1:9999/debian unstable/main Sources 2017-07-04-1416.28.pdiff [11.7 kB]
Get:16 http://127.0.0.1:9999/debian unstable/main Sources 2017-07-04-2017.16.pdiff [12.7 kB]
Get:17 http://127.0.0.1:9999/debian unstable/main Sources 2017-07-05-0215.45.pdiff [7714 B]
Get:18 http://127.0.0.1:9999/debian unstable/main Sources 2017-07-05-0817.10.pdiff [6491 B]
Get:19 http://127.0.0.1:9999/debian unstable/main Sources 2017-07-05-1416.09.pdiff [13.0 kB]
Get:20 http://127.0.0.1:9999/debian unstable/main Sources 2017-07-05-2019.56.pdiff [14.2 kB]
Get:21 http://127.0.0.1:9999/debian unstable/main Sources 2017-07-06-0216.07.pdiff [9132 B]
Get:22 http://127.0.0.1:9999/debian unstable/main Sources 2017-07-06-0817.23.pdiff [16.8 kB]
Get:23 http://127.0.0.1:9999/debian unstable/main amd64 Packages 2017-07-02-0216.39.pdiff [31.6 kB]
Get:24 http://127.0.0.1:9999/debian unstable/main amd64 Packages 2017-07-02-0817.00.pdiff [12.0 kB]
Get:25 http://127.0.0.1:9999/debian unstable/main amd64 Packages 2017-07-02-1415.16.pdiff [11.6 kB]
Get:26 http://127.0.0.1:9999/debian unstable/main amd64 Packages 2017-07-02-2015.53.pdiff [12.9 kB]
Get:27 http://127.0.0.1:9999/debian unstable/main amd64 Packages 2017-07-03-0215.43.pdiff [63.1 kB]
Get:28 http://127.0.0.1:9999/debian unstable/main amd64 Packages 2017-07-03-0815.58.pdiff [23.3 kB]
Get:29 http://127.0.0.1:9999/debian unstable/main amd64 Packages 2017-07-03-1420.59.pdiff [40.0 kB]
Get:30 http://127.0.0.1:9999/debian unstable/main amd64 Packages 2017-07-03-2015.52.pdiff [28.4 kB]
Get:22 http://127.0.0.1:9999/debian unstable/main Sources 2017-07-06-0817.23.pdiff [16.8 kB]
Get:31 http://127.0.0.1:9999/debian unstable/main amd64 Packages 2017-07-04-0215.56.pdiff [7447 B]
Get:32 http://127.0.0.1:9999/debian unstable/main amd64 Packages 2017-07-04-0817.36.pdiff [5458 B]
Get:33 http://127.0.0.1:9999/debian unstable/main amd64 Packages 2017-07-04-1416.28.pdiff [33.1 kB]
Get:34 http://127.0.0.1:9999/debian unstable/main amd64 Packages 2017-07-04-2017.16.pdiff [18.8 kB]
Get:35 http://127.0.0.1:9999/debian unstable/main amd64 Packages 2017-07-05-0215.45.pdiff [5901 B]
Get:36 http://127.0.0.1:9999/debian unstable/main amd64 Packages 2017-07-05-0817.10.pdiff [15.3 kB]
Get:37 http://127.0.0.1:9999/debian unstable/main amd64 Packages 2017-07-05-1416.09.pdiff [11.4 kB]
Get:38 http://127.0.0.1:9999/debian unstable/main amd64 Packages 2017-07-05-2019.56.pdiff [13.0 kB]
Get:39 http://127.0.0.1:9999/debian unstable/main amd64 Packages 2017-07-06-0216.07.pdiff [8638 B]
Get:40 http://127.0.0.1:9999/debian unstable/main amd64 Packages 2017-07-06-0817.23.pdiff [31.2 kB]
Get:41 http://127.0.0.1:9999/debian unstable/main Translation-en 2017-07-02-0216.39.pdiff [1271 B]
Get:42 http://127.0.0.1:9999/debian unstable/main Translation-en 2017-07-02-2015.53.pdiff [793 B]
Get:43 http://127.0.0.1:9999/debian unstable/main Translation-en 2017-07-03-0215.43.pdiff [327 B]
Get:44 http://127.0.0.1:9999/debian unstable/main Translation-en 2017-07-03-0815.58.pdiff [270 B]
Get:45 http://127.0.0.1:9999/debian unstable/main Translation-en 2017-07-03-1420.59.pdiff [1066 B]
Get:46 http://127.0.0.1:9999/debian unstable/main Translation-en 2017-07-03-2015.52.pdiff [465 B]
Get:47 http://127.0.0.1:9999/debian unstable/main Translation-en 2017-07-04-0215.56.pdiff [291 B]
Get:48 http://127.0.0.1:9999/debian unstable/main Translation-en 2017-07-04-0817.36.pdiff [539 B]
Get:40 http://127.0.0.1:9999/debian unstable/main amd64 Packages 2017-07-06-0817.23.pdiff [31.2 kB]
Get:49 http://127.0.0.1:9999/debian unstable/main Translation-en 2017-07-04-1416.28.pdiff [484 B]
Get:50 http://127.0.0.1:9999/debian unstable/main Translation-en 2017-07-04-2017.16.pdiff [1126 B]
Get:51 http://127.0.0.1:9999/debian unstable/main Translation-en 2017-07-05-0215.45.pdiff [214 B]
Get:52 http://127.0.0.1:9999/debian unstable/main Translation-en 2017-07-05-0817.10.pdiff [606 B]
Get:53 http://127.0.0.1:9999/debian unstable/main Translation-en 2017-07-05-1416.09.pdiff [214 B]
Get:54 http://127.0.0.1:9999/debian unstable/main Translation-en 2017-07-05-2019.56.pdiff [2615 B]
Get:55 http://127.0.0.1:9999/debian unstable/main Translation-en 2017-07-06-0216.07.pdiff [1869 B]
Get:56 http://127.0.0.1:9999/debian unstable/main Translation-en 2017-07-06-0817.23.pdiff [915 B]
Get:56 http://127.0.0.1:9999/debian unstable/main Translation-en 2017-07-06-0817.23.pdiff [915 B]
Fetched 974 kB in 1s (813 kB/s)
Reading package lists...
+ apt-get install --yes --no-install-recommends --force-yes clang-3.9
Reading package lists...
Building dependency tree...
Reading state information...
The following additional packages will be installed:
  cpp-6 g++-6 gcc-6 gcc-6-base gcc-7-base libasan3 libatomic1 libbsd0 libcc1-0
  libcilkrts5 libclang-common-3.9-dev libclang1-3.9 libedit2 libffi6
  libgcc-6-dev libgcc1 libgomp1 libitm1 libjsoncpp1 libllvm3.9 liblsan0
  libmpx2 libncurses5 libobjc-6-dev libobjc4 libquadmath0 libstdc++-6-dev
  libstdc++6 libtsan0 libubsan0
Suggested packages:
  gnustep gnustep-devel clang-3.9-doc gcc-6-locales g++-6-multilib gcc-6-doc
  libstdc++6-6-dbg gcc-6-multilib libgcc1-dbg libgomp1-dbg libitm1-dbg
  libatomic1-dbg libasan3-dbg liblsan0-dbg libtsan0-dbg libubsan0-dbg
  libcilkrts5-dbg libmpx2-dbg libquadmath0-dbg libstdc++-6-doc
Recommended packages:
  llvm-3.9-dev python libgpm2
The following NEW packages will be installed:
  clang-3.9 libbsd0 libclang-common-3.9-dev libclang1-3.9 libedit2 libffi6
  libjsoncpp1 libllvm3.9 libncurses5 libobjc-6-dev libobjc4
The following packages will be upgraded:
  cpp-6 g++-6 gcc-6 gcc-6-base gcc-7-base libasan3 libatomic1 libcc1-0
  libcilkrts5 libgcc-6-dev libgcc1 libgomp1 libitm1 liblsan0 libmpx2
  libquadmath0 libstdc++-6-dev libstdc++6 libtsan0 libubsan0
20 upgraded, 11 newly installed, 0 to remove and 13 not upgraded.
Need to get 83.9 MB of archives.
After this operation, 251 MB of additional disk space will be used.
Get:1 http://127.0.0.1:9999/debian unstable/main amd64 libquadmath0 amd64 7.1.0-9 [132 kB]
Get:2 http://127.0.0.1:9999/debian unstable/main amd64 libitm1 amd64 7.1.0-9 [27.2 kB]
Get:3 http://127.0.0.1:9999/debian unstable/main amd64 gcc-7-base amd64 7.1.0-9 [180 kB]
Get:4 http://127.0.0.1:9999/debian unstable/main amd64 libstdc++6 amd64 7.1.0-9 [398 kB]
Get:5 http://127.0.0.1:9999/debian unstable/main amd64 libmpx2 amd64 7.1.0-9 [11.4 kB]
Get:6 http://127.0.0.1:9999/debian unstable/main amd64 liblsan0 amd64 7.1.0-9 [124 kB]
Get:7 http://127.0.0.1:9999/debian unstable/main amd64 libtsan0 amd64 7.1.0-9 [270 kB]
Get:8 http://127.0.0.1:9999/debian unstable/main amd64 libubsan0 amd64 7.1.0-9 [117 kB]
Get:9 http://127.0.0.1:9999/debian unstable/main amd64 libcilkrts5 amd64 7.1.0-9 [42.0 kB]
Get:10 http://127.0.0.1:9999/debian unstable/main amd64 libcc1-0 amd64 7.1.0-9 [37.7 kB]
Get:11 http://127.0.0.1:9999/debian unstable/main amd64 libatomic1 amd64 7.1.0-9 [8782 B]
Get:12 http://127.0.0.1:9999/debian unstable/main amd64 libgomp1 amd64 7.1.0-9 [75.1 kB]
Get:13 http://127.0.0.1:9999/debian unstable/main amd64 libgcc1 amd64 1:7.1.0-9 [39.3 kB]
Get:14 http://127.0.0.1:9999/debian unstable/main amd64 libasan3 amd64 6.4.0-1 [310 kB]
Get:15 http://127.0.0.1:9999/debian unstable/main amd64 g++-6 amd64 6.4.0-1 [7084 kB]
Get:16 http://127.0.0.1:9999/debian unstable/main amd64 libstdc++-6-dev amd64 6.4.0-1 [1421 kB]
Get:17 http://127.0.0.1:9999/debian unstable/main amd64 gcc-6 amd64 6.4.0-1 [6908 kB]
Get:18 http://127.0.0.1:9999/debian unstable/main amd64 libgcc-6-dev amd64 6.4.0-1 [2297 kB]
Get:19 http://127.0.0.1:9999/debian unstable/main amd64 cpp-6 amd64 6.4.0-1 [6549 kB]
Get:20 http://127.0.0.1:9999/debian unstable/main amd64 gcc-6-base amd64 6.4.0-1 [180 kB]
Get:21 http://127.0.0.1:9999/debian unstable/main amd64 libbsd0 amd64 0.8.5-1 [89.6 kB]
Get:22 http://127.0.0.1:9999/debian unstable/main amd64 libncurses5 amd64 6.0+20161126-1 [93.4 kB]
Get:23 http://127.0.0.1:9999/debian unstable/main amd64 libedit2 amd64 3.1-20170329-1 [85.2 kB]
Get:24 http://127.0.0.1:9999/debian unstable/main amd64 libffi6 amd64 3.2.1-6 [20.4 kB]
Get:25 http://127.0.0.1:9999/debian unstable/main amd64 libllvm3.9 amd64 1:3.9.1-10 [11.3 MB]
Get:26 http://127.0.0.1:9999/debian unstable/main amd64 libclang1-3.9 amd64 1:3.9.1-10 [5875 kB]
Get:27 http://127.0.0.1:9999/debian unstable/main amd64 libjsoncpp1 amd64 1.7.4-3 [75.6 kB]
Get:28 http://127.0.0.1:9999/debian unstable/main amd64 libobjc4 amd64 7.1.0-9 [51.0 kB]
Get:29 http://127.0.0.1:9999/debian unstable/main amd64 libobjc-6-dev amd64 6.4.0-1 [197 kB]
Get:30 http://127.0.0.1:9999/debian unstable/main amd64 libclang-common-3.9-dev amd64 1:3.9.1-10 [2573 kB]
Get:31 http://127.0.0.1:9999/debian unstable/main amd64 clang-3.9 amd64 1:3.9.1-10 [37.4 MB]
debconf: delaying package configuration, since apt-utils is not installed
Fetched 83.9 MB in 0s (96.0 MB/s)
(Reading database ... (Reading database ... 5%(Reading database ... 10%(Reading database ... 15%(Reading database ... 20%(Reading database ... 25%(Reading database ... 30%(Reading database ... 35%(Reading database ... 40%(Reading database ... 45%(Reading database ... 50%(Reading database ... 55%(Reading database ... 60%(Reading database ... 65%(Reading database ... 70%(Reading database ... 75%(Reading database ... 80%(Reading database ... 85%(Reading database ... 90%(Reading database ... 95%(Reading database ... 100%(Reading database ... 9635 files and directories currently installed.)
Preparing to unpack .../libquadmath0_7.1.0-9_amd64.deb ...
Unpacking libquadmath0:amd64 (7.1.0-9) over (7.1.0-8) ...
Preparing to unpack .../libitm1_7.1.0-9_amd64.deb ...
Unpacking libitm1:amd64 (7.1.0-9) over (7.1.0-8) ...
Preparing to unpack .../gcc-7-base_7.1.0-9_amd64.deb ...
Unpacking gcc-7-base:amd64 (7.1.0-9) over (7.1.0-8) ...
Setting up gcc-7-base:amd64 (7.1.0-9) ...
(Reading database ... (Reading database ... 5%(Reading database ... 10%(Reading database ... 15%(Reading database ... 20%(Reading database ... 25%(Reading database ... 30%(Reading database ... 35%(Reading database ... 40%(Reading database ... 45%(Reading database ... 50%(Reading database ... 55%(Reading database ... 60%(Reading database ... 65%(Reading database ... 70%(Reading database ... 75%(Reading database ... 80%(Reading database ... 85%(Reading database ... 90%(Reading database ... 95%(Reading database ... 100%(Reading database ... 9635 files and directories currently installed.)
Preparing to unpack .../libstdc++6_7.1.0-9_amd64.deb ...
Unpacking libstdc++6:amd64 (7.1.0-9) over (7.1.0-8) ...
Setting up libstdc++6:amd64 (7.1.0-9) ...
(Reading database ... (Reading database ... 5%(Reading database ... 10%(Reading database ... 15%(Reading database ... 20%(Reading database ... 25%(Reading database ... 30%(Reading database ... 35%(Reading database ... 40%(Reading database ... 45%(Reading database ... 50%(Reading database ... 55%(Reading database ... 60%(Reading database ... 65%(Reading database ... 70%(Reading database ... 75%(Reading database ... 80%(Reading database ... 85%(Reading database ... 90%(Reading database ... 95%(Reading database ... 100%(Reading database ... 9635 files and directories currently installed.)
Preparing to unpack .../0-libmpx2_7.1.0-9_amd64.deb ...
Unpacking libmpx2:amd64 (7.1.0-9) over (7.1.0-8) ...
Preparing to unpack .../1-liblsan0_7.1.0-9_amd64.deb ...
Unpacking liblsan0:amd64 (7.1.0-9) over (7.1.0-8) ...
Preparing to unpack .../2-libtsan0_7.1.0-9_amd64.deb ...
Unpacking libtsan0:amd64 (7.1.0-9) over (7.1.0-8) ...
Preparing to unpack .../3-libubsan0_7.1.0-9_amd64.deb ...
Unpacking libubsan0:amd64 (7.1.0-9) over (7.1.0-8) ...
Preparing to unpack .../4-libcilkrts5_7.1.0-9_amd64.deb ...
Unpacking libcilkrts5:amd64 (7.1.0-9) over (7.1.0-8) ...
Preparing to unpack .../5-libcc1-0_7.1.0-9_amd64.deb ...
Unpacking libcc1-0:amd64 (7.1.0-9) over (7.1.0-8) ...
Preparing to unpack .../6-libatomic1_7.1.0-9_amd64.deb ...
Unpacking libatomic1:amd64 (7.1.0-9) over (7.1.0-8) ...
Preparing to unpack .../7-libgomp1_7.1.0-9_amd64.deb ...
Unpacking libgomp1:amd64 (7.1.0-9) over (7.1.0-8) ...
Preparing to unpack .../8-libgcc1_1%3a7.1.0-9_amd64.deb ...
Unpacking libgcc1:amd64 (1:7.1.0-9) over (1:7.1.0-8) ...
Setting up libgcc1:amd64 (1:7.1.0-9) ...
(Reading database ... (Reading database ... 5%(Reading database ... 10%(Reading database ... 15%(Reading database ... 20%(Reading database ... 25%(Reading database ... 30%(Reading database ... 35%(Reading database ... 40%(Reading database ... 45%(Reading database ... 50%(Reading database ... 55%(Reading database ... 60%(Reading database ... 65%(Reading database ... 70%(Reading database ... 75%(Reading database ... 80%(Reading database ... 85%(Reading database ... 90%(Reading database ... 95%(Reading database ... 100%(Reading database ... 9635 files and directories currently installed.)
Preparing to unpack .../00-libasan3_6.4.0-1_amd64.deb ...
Unpacking libasan3:amd64 (6.4.0-1) over (6.3.0-21) ...
Preparing to unpack .../01-g++-6_6.4.0-1_amd64.deb ...
Unpacking g++-6 (6.4.0-1) over (6.3.0-21) ...
Preparing to unpack .../02-libstdc++-6-dev_6.4.0-1_amd64.deb ...
Unpacking libstdc++-6-dev:amd64 (6.4.0-1) over (6.3.0-21) ...
Preparing to unpack .../03-gcc-6_6.4.0-1_amd64.deb ...
Unpacking gcc-6 (6.4.0-1) over (6.3.0-21) ...
Preparing to unpack .../04-libgcc-6-dev_6.4.0-1_amd64.deb ...
Unpacking libgcc-6-dev:amd64 (6.4.0-1) over (6.3.0-21) ...
Preparing to unpack .../05-cpp-6_6.4.0-1_amd64.deb ...
Unpacking cpp-6 (6.4.0-1) over (6.3.0-21) ...
Preparing to unpack .../06-gcc-6-base_6.4.0-1_amd64.deb ...
Unpacking gcc-6-base:amd64 (6.4.0-1) over (6.3.0-21) ...
Selecting previously unselected package libbsd0:amd64.
Preparing to unpack .../07-libbsd0_0.8.5-1_amd64.deb ...
Unpacking libbsd0:amd64 (0.8.5-1) ...
Selecting previously unselected package libncurses5:amd64.
Preparing to unpack .../08-libncurses5_6.0+20161126-1_amd64.deb ...
Unpacking libncurses5:amd64 (6.0+20161126-1) ...
Selecting previously unselected package libedit2:amd64.
Preparing to unpack .../09-libedit2_3.1-20170329-1_amd64.deb ...
Unpacking libedit2:amd64 (3.1-20170329-1) ...
Selecting previously unselected package libffi6:amd64.
Preparing to unpack .../10-libffi6_3.2.1-6_amd64.deb ...
Unpacking libffi6:amd64 (3.2.1-6) ...
Selecting previously unselected package libllvm3.9:amd64.
Preparing to unpack .../11-libllvm3.9_1%3a3.9.1-10_amd64.deb ...
Unpacking libllvm3.9:amd64 (1:3.9.1-10) ...
Selecting previously unselected package libclang1-3.9:amd64.
Preparing to unpack .../12-libclang1-3.9_1%3a3.9.1-10_amd64.deb ...
Unpacking libclang1-3.9:amd64 (1:3.9.1-10) ...
Selecting previously unselected package libjsoncpp1:amd64.
Preparing to unpack .../13-libjsoncpp1_1.7.4-3_amd64.deb ...
Unpacking libjsoncpp1:amd64 (1.7.4-3) ...
Selecting previously unselected package libobjc4:amd64.
Preparing to unpack .../14-libobjc4_7.1.0-9_amd64.deb ...
Unpacking libobjc4:amd64 (7.1.0-9) ...
Selecting previously unselected package libobjc-6-dev:amd64.
Preparing to unpack .../15-libobjc-6-dev_6.4.0-1_amd64.deb ...
Unpacking libobjc-6-dev:amd64 (6.4.0-1) ...
Selecting previously unselected package libclang-common-3.9-dev.
Preparing to unpack .../16-libclang-common-3.9-dev_1%3a3.9.1-10_amd64.deb ...
Unpacking libclang-common-3.9-dev (1:3.9.1-10) ...
Selecting previously unselected package clang-3.9.
Preparing to unpack .../17-clang-3.9_1%3a3.9.1-10_amd64.deb ...
Unpacking clang-3.9 (1:3.9.1-10) ...
Setting up libquadmath0:amd64 (7.1.0-9) ...
Setting up libncurses5:amd64 (6.0+20161126-1) ...
Setting up libgomp1:amd64 (7.1.0-9) ...
Setting up libatomic1:amd64 (7.1.0-9) ...
Setting up libcc1-0:amd64 (7.1.0-9) ...
Setting up libobjc4:amd64 (7.1.0-9) ...
Setting up libcilkrts5:amd64 (7.1.0-9) ...
Setting up libubsan0:amd64 (7.1.0-9) ...
Setting up libtsan0:amd64 (7.1.0-9) ...
Setting up gcc-6-base:amd64 (6.4.0-1) ...
Setting up libbsd0:amd64 (0.8.5-1) ...
Setting up liblsan0:amd64 (7.1.0-9) ...
Setting up libmpx2:amd64 (7.1.0-9) ...
Processing triggers for libc-bin (2.24-12) ...
Setting up libffi6:amd64 (3.2.1-6) ...
Setting up cpp-6 (6.4.0-1) ...
Setting up libitm1:amd64 (7.1.0-9) ...
Setting up libjsoncpp1:amd64 (1.7.4-3) ...
Setting up libedit2:amd64 (3.1-20170329-1) ...
Setting up libasan3:amd64 (6.4.0-1) ...
Setting up libgcc-6-dev:amd64 (6.4.0-1) ...
Setting up libstdc++-6-dev:amd64 (6.4.0-1) ...
Setting up libllvm3.9:amd64 (1:3.9.1-10) ...
Setting up libclang-common-3.9-dev (1:3.9.1-10) ...
Setting up gcc-6 (6.4.0-1) ...
Setting up g++-6 (6.4.0-1) ...
Setting up libobjc-6-dev:amd64 (6.4.0-1) ...
Setting up libclang1-3.9:amd64 (1:3.9.1-10) ...
Setting up clang-3.9 (1:3.9.1-10) ...
Processing triggers for libc-bin (2.24-12) ...
W: --force-yes is deprecated, use one of the options starting with --allow instead.
+ echo 'Replace gcc, g++ & cpp by clang'
Replace gcc, g++ & cpp by clang
+ VERSIONS='4.6 4.7 4.8 4.9 5 6 7'
+ cd /usr/bin
+ for VERSION in $VERSIONS
+ rm -f g++-4.6 gcc-4.6 cpp-4.6 gcc
+ ln -s clang++-3.9 g++-4.6
+ ln -s clang-3.9 gcc-4.6
+ ln -s clang-3.9 cpp-4.6
+ ln -s clang-3.9 gcc
+ echo 'gcc-4.6 hold'
+ dpkg --set-selections
dpkg: warning: package not in status nor available database at line 1: gcc-4.6
dpkg: warning: found unknown packages; this might mean the available database
is outdated, and needs to be updated through a frontend method;
please see the FAQ <https://wiki.debian.org/Teams/Dpkg/FAQ>
+ echo 'g++-4.6 hold'
+ dpkg --set-selections
dpkg: warning: package not in status nor available database at line 1: g++-4.6
dpkg: warning: found unknown packages; this might mean the available database
is outdated, and needs to be updated through a frontend method;
please see the FAQ <https://wiki.debian.org/Teams/Dpkg/FAQ>
+ for VERSION in $VERSIONS
+ rm -f g++-4.7 gcc-4.7 cpp-4.7 gcc
+ ln -s clang++-3.9 g++-4.7
+ ln -s clang-3.9 gcc-4.7
+ ln -s clang-3.9 cpp-4.7
+ ln -s clang-3.9 gcc
+ echo 'gcc-4.7 hold'
+ dpkg --set-selections
dpkg: warning: package not in status nor available database at line 1: gcc-4.7
dpkg: warning: found unknown packages; this might mean the available database
is outdated, and needs to be updated through a frontend method;
please see the FAQ <https://wiki.debian.org/Teams/Dpkg/FAQ>
+ echo 'g++-4.7 hold'
+ dpkg --set-selections
dpkg: warning: package not in status nor available database at line 1: g++-4.7
dpkg: warning: found unknown packages; this might mean the available database
is outdated, and needs to be updated through a frontend method;
please see the FAQ <https://wiki.debian.org/Teams/Dpkg/FAQ>
+ for VERSION in $VERSIONS
+ rm -f g++-4.8 gcc-4.8 cpp-4.8 gcc
+ ln -s clang++-3.9 g++-4.8
+ ln -s clang-3.9 gcc-4.8
+ ln -s clang-3.9 cpp-4.8
+ ln -s clang-3.9 gcc
+ echo 'gcc-4.8 hold'
+ dpkg --set-selections
dpkg: warning: package not in status nor available database at line 1: gcc-4.8
dpkg: warning: found unknown packages; this might mean the available database
is outdated, and needs to be updated through a frontend method;
please see the FAQ <https://wiki.debian.org/Teams/Dpkg/FAQ>
+ echo 'g++-4.8 hold'
+ dpkg --set-selections
dpkg: warning: package not in status nor available database at line 1: g++-4.8
dpkg: warning: found unknown packages; this might mean the available database
is outdated, and needs to be updated through a frontend method;
please see the FAQ <https://wiki.debian.org/Teams/Dpkg/FAQ>
+ for VERSION in $VERSIONS
+ rm -f g++-4.9 gcc-4.9 cpp-4.9 gcc
+ ln -s clang++-3.9 g++-4.9
+ ln -s clang-3.9 gcc-4.9
+ ln -s clang-3.9 cpp-4.9
+ ln -s clang-3.9 gcc
+ echo 'gcc-4.9 hold'
+ dpkg --set-selections
dpkg: warning: package not in status nor available database at line 1: gcc-4.9
dpkg: warning: found unknown packages; this might mean the available database
is outdated, and needs to be updated through a frontend method;
please see the FAQ <https://wiki.debian.org/Teams/Dpkg/FAQ>
+ echo 'g++-4.9 hold'
+ dpkg --set-selections
dpkg: warning: package not in status nor available database at line 1: g++-4.9
dpkg: warning: found unknown packages; this might mean the available database
is outdated, and needs to be updated through a frontend method;
please see the FAQ <https://wiki.debian.org/Teams/Dpkg/FAQ>
+ for VERSION in $VERSIONS
+ rm -f g++-5 gcc-5 cpp-5 gcc
+ ln -s clang++-3.9 g++-5
+ ln -s clang-3.9 gcc-5
+ ln -s clang-3.9 cpp-5
+ ln -s clang-3.9 gcc
+ echo 'gcc-5 hold'
+ dpkg --set-selections
+ echo 'g++-5 hold'
+ dpkg --set-selections
+ for VERSION in $VERSIONS
+ rm -f g++-6 gcc-6 cpp-6 gcc
+ ln -s clang++-3.9 g++-6
+ ln -s clang-3.9 gcc-6
+ ln -s clang-3.9 cpp-6
+ ln -s clang-3.9 gcc
+ echo 'gcc-6 hold'
+ dpkg --set-selections
+ echo 'g++-6 hold'
+ dpkg --set-selections
+ for VERSION in $VERSIONS
+ rm -f g++-7 gcc-7 cpp-7 gcc
+ ln -s clang++-3.9 g++-7
+ ln -s clang-3.9 gcc-7
+ ln -s clang-3.9 cpp-7
+ ln -s clang-3.9 gcc
+ echo 'gcc-7 hold'
+ dpkg --set-selections
dpkg: warning: package not in status nor available database at line 1: gcc-7
dpkg: warning: found unknown packages; this might mean the available database
is outdated, and needs to be updated through a frontend method;
please see the FAQ <https://wiki.debian.org/Teams/Dpkg/FAQ>
+ echo 'g++-7 hold'
+ dpkg --set-selections
dpkg: warning: package not in status nor available database at line 1: g++-7
dpkg: warning: found unknown packages; this might mean the available database
is outdated, and needs to be updated through a frontend method;
please see the FAQ <https://wiki.debian.org/Teams/Dpkg/FAQ>
+ cd -
/build/minisat+-3zM85j
+ echo 'Check if gcc, g++ & cpp are actually clang'
Check if gcc, g++ & cpp are actually clang
+ gcc --version
+ grep clang
+ cpp --version
+ grep clang
+ g++ --version
+ grep clang

I: Finished running '/tmp/clang'.

Finished processing commands.
--------------------------------------------------------------------------------

+------------------------------------------------------------------------------+
| Update chroot                                                                |
+------------------------------------------------------------------------------+

Hit:1 http://127.0.0.1:9999/debian unstable InRelease
Reading package lists...
Reading package lists...
Building dependency tree...
Reading state information...
Calculating upgrade...
The following NEW packages will be installed:
  libgnutls30 libhogweed4 libidn2-0 libnettle6 libp11-kit0 libtasn1-6
  libunistring2
The following packages will be upgraded:
  apt cpp debconf g++ gcc libapt-pkg5.0 libdebconfclient0 libperl5.24
  libsystemd0 libudev1 perl perl-base perl-modules-5.24
13 upgraded, 7 newly installed, 0 to remove and 0 not upgraded.
Need to get 12.5 MB of archives.
After this operation, 6330 kB of additional disk space will be used.
Get:1 http://127.0.0.1:9999/debian unstable/main amd64 libperl5.24 amd64 5.24.1-6 [3525 kB]
Get:2 http://127.0.0.1:9999/debian unstable/main amd64 perl amd64 5.24.1-6 [218 kB]
Get:3 http://127.0.0.1:9999/debian unstable/main amd64 perl-base amd64 5.24.1-6 [1344 kB]
Get:4 http://127.0.0.1:9999/debian unstable/main amd64 perl-modules-5.24 all 5.24.1-6 [2723 kB]
Get:5 http://127.0.0.1:9999/debian unstable/main amd64 libapt-pkg5.0 amd64 1.5~beta1 [922 kB]
Get:6 http://127.0.0.1:9999/debian unstable/main amd64 libnettle6 amd64 3.3-1+b1 [191 kB]
Get:7 http://127.0.0.1:9999/debian unstable/main amd64 libhogweed4 amd64 3.3-1+b1 [136 kB]
Get:8 http://127.0.0.1:9999/debian unstable/main amd64 libunistring2 amd64 0.9.7-2 [377 kB]
Get:9 http://127.0.0.1:9999/debian unstable/main amd64 libidn2-0 amd64 0.16-1+b1 [56.6 kB]
Get:10 http://127.0.0.1:9999/debian unstable/main amd64 libp11-kit0 amd64 0.23.7-2 [193 kB]
Get:11 http://127.0.0.1:9999/debian unstable/main amd64 libtasn1-6 amd64 4.12-2 [51.0 kB]
Get:12 http://127.0.0.1:9999/debian unstable/main amd64 libgnutls30 amd64 3.5.13-2 [914 kB]
Get:13 http://127.0.0.1:9999/debian unstable/main amd64 apt amd64 1.5~beta1 [1237 kB]
Get:14 http://127.0.0.1:9999/debian unstable/main amd64 debconf all 1.5.62 [160 kB]
Get:15 http://127.0.0.1:9999/debian unstable/main amd64 libsystemd0 amd64 233-10 [281 kB]
Get:16 http://127.0.0.1:9999/debian unstable/main amd64 libudev1 amd64 233-10 [126 kB]
Get:17 http://127.0.0.1:9999/debian unstable/main amd64 libdebconfclient0 amd64 0.229 [47.9 kB]
Get:18 http://127.0.0.1:9999/debian unstable/main amd64 cpp amd64 4:6.3.0-4d1 [18.8 kB]
Get:19 http://127.0.0.1:9999/debian unstable/main amd64 gcc amd64 4:6.3.0-4d1 [5252 B]
Get:20 http://127.0.0.1:9999/debian unstable/main amd64 g++ amd64 4:6.3.0-4d1 [1548 B]
debconf: delaying package configuration, since apt-utils is not installed
Fetched 12.5 MB in 0s (83.6 MB/s)
(Reading database ... (Reading database ... 5%(Reading database ... 10%(Reading database ... 15%(Reading database ... 20%(Reading database ... 25%(Reading database ... 30%(Reading database ... 35%(Reading database ... 40%(Reading database ... 45%(Reading database ... 50%(Reading database ... 55%(Reading database ... 60%(Reading database ... 65%(Reading database ... 70%(Reading database ... 75%(Reading database ... 80%(Reading database ... 85%(Reading database ... 90%(Reading database ... 95%(Reading database ... 100%(Reading database ... 10107 files and directories currently installed.)
Preparing to unpack .../libperl5.24_5.24.1-6_amd64.deb ...
Unpacking libperl5.24:amd64 (5.24.1-6) over (5.24.1-4) ...
Preparing to unpack .../perl_5.24.1-6_amd64.deb ...
Unpacking perl (5.24.1-6) over (5.24.1-4) ...
Preparing to unpack .../perl-base_5.24.1-6_amd64.deb ...
Unpacking perl-base (5.24.1-6) over (5.24.1-4) ...
Setting up perl-base (5.24.1-6) ...
(Reading database ... (Reading database ... 5%(Reading database ... 10%(Reading database ... 15%(Reading database ... 20%(Reading database ... 25%(Reading database ... 30%(Reading database ... 35%(Reading database ... 40%(Reading database ... 45%(Reading database ... 50%(Reading database ... 55%(Reading database ... 60%(Reading database ... 65%(Reading database ... 70%(Reading database ... 75%(Reading database ... 80%(Reading database ... 85%(Reading database ... 90%(Reading database ... 95%(Reading database ... 100%(Reading database ... 10107 files and directories currently installed.)
Preparing to unpack .../perl-modules-5.24_5.24.1-6_all.deb ...
Unpacking perl-modules-5.24 (5.24.1-6) over (5.24.1-4) ...
Preparing to unpack .../libapt-pkg5.0_1.5~beta1_amd64.deb ...
Unpacking libapt-pkg5.0:amd64 (1.5~beta1) over (1.4.6) ...
Setting up libapt-pkg5.0:amd64 (1.5~beta1) ...
Selecting previously unselected package libnettle6:amd64.
(Reading database ... (Reading database ... 5%(Reading database ... 10%(Reading database ... 15%(Reading database ... 20%(Reading database ... 25%(Reading database ... 30%(Reading database ... 35%(Reading database ... 40%(Reading database ... 45%(Reading database ... 50%(Reading database ... 55%(Reading database ... 60%(Reading database ... 65%(Reading database ... 70%(Reading database ... 75%(Reading database ... 80%(Reading database ... 85%(Reading database ... 90%(Reading database ... 95%(Reading database ... 100%(Reading database ... 10107 files and directories currently installed.)
Preparing to unpack .../libnettle6_3.3-1+b1_amd64.deb ...
Unpacking libnettle6:amd64 (3.3-1+b1) ...
Setting up libnettle6:amd64 (3.3-1+b1) ...
Selecting previously unselected package libhogweed4:amd64.
(Reading database ... (Reading database ... 5%(Reading database ... 10%(Reading database ... 15%(Reading database ... 20%(Reading database ... 25%(Reading database ... 30%(Reading database ... 35%(Reading database ... 40%(Reading database ... 45%(Reading database ... 50%(Reading database ... 55%(Reading database ... 60%(Reading database ... 65%(Reading database ... 70%(Reading database ... 75%(Reading database ... 80%(Reading database ... 85%(Reading database ... 90%(Reading database ... 95%(Reading database ... 100%(Reading database ... 10114 files and directories currently installed.)
Preparing to unpack .../libhogweed4_3.3-1+b1_amd64.deb ...
Unpacking libhogweed4:amd64 (3.3-1+b1) ...
Setting up libhogweed4:amd64 (3.3-1+b1) ...
Selecting previously unselected package libunistring2:amd64.
(Reading database ... (Reading database ... 5%(Reading database ... 10%(Reading database ... 15%(Reading database ... 20%(Reading database ... 25%(Reading database ... 30%(Reading database ... 35%(Reading database ... 40%(Reading database ... 45%(Reading database ... 50%(Reading database ... 55%(Reading database ... 60%(Reading database ... 65%(Reading database ... 70%(Reading database ... 75%(Reading database ... 80%(Reading database ... 85%(Reading database ... 90%(Reading database ... 95%(Reading database ... 100%(Reading database ... 10117 files and directories currently installed.)
Preparing to unpack .../libunistring2_0.9.7-2_amd64.deb ...
Unpacking libunistring2:amd64 (0.9.7-2) ...
Setting up libunistring2:amd64 (0.9.7-2) ...
Selecting previously unselected package libidn2-0:amd64.
(Reading database ... (Reading database ... 5%(Reading database ... 10%(Reading database ... 15%(Reading database ... 20%(Reading database ... 25%(Reading database ... 30%(Reading database ... 35%(Reading database ... 40%(Reading database ... 45%(Reading database ... 50%(Reading database ... 55%(Reading database ... 60%(Reading database ... 65%(Reading database ... 70%(Reading database ... 75%(Reading database ... 80%(Reading database ... 85%(Reading database ... 90%(Reading database ... 95%(Reading database ... 100%(Reading database ... 10123 files and directories currently installed.)
Preparing to unpack .../libidn2-0_0.16-1+b1_amd64.deb ...
Unpacking libidn2-0:amd64 (0.16-1+b1) ...
Setting up libidn2-0:amd64 (0.16-1+b1) ...
Selecting previously unselected package libp11-kit0:amd64.
(Reading database ... (Reading database ... 5%(Reading database ... 10%(Reading database ... 15%(Reading database ... 20%(Reading database ... 25%(Reading database ... 30%(Reading database ... 35%(Reading database ... 40%(Reading database ... 45%(Reading database ... 50%(Reading database ... 55%(Reading database ... 60%(Reading database ... 65%(Reading database ... 70%(Reading database ... 75%(Reading database ... 80%(Reading database ... 85%(Reading database ... 90%(Reading database ... 95%(Reading database ... 100%(Reading database ... 10133 files and directories currently installed.)
Preparing to unpack .../libp11-kit0_0.23.7-2_amd64.deb ...
Unpacking libp11-kit0:amd64 (0.23.7-2) ...
Setting up libp11-kit0:amd64 (0.23.7-2) ...
Selecting previously unselected package libtasn1-6:amd64.
(Reading database ... (Reading database ... 5%(Reading database ... 10%(Reading database ... 15%(Reading database ... 20%(Reading database ... 25%(Reading database ... 30%(Reading database ... 35%(Reading database ... 40%(Reading database ... 45%(Reading database ... 50%(Reading database ... 55%(Reading database ... 60%(Reading database ... 65%(Reading database ... 70%(Reading database ... 75%(Reading database ... 80%(Reading database ... 85%(Reading database ... 90%(Reading database ... 95%(Reading database ... 100%(Reading database ... 10141 files and directories currently installed.)
Preparing to unpack .../libtasn1-6_4.12-2_amd64.deb ...
Unpacking libtasn1-6:amd64 (4.12-2) ...
Setting up libtasn1-6:amd64 (4.12-2) ...
Selecting previously unselected package libgnutls30:amd64.
(Reading database ... (Reading database ... 5%(Reading database ... 10%(Reading database ... 15%(Reading database ... 20%(Reading database ... 25%(Reading database ... 30%(Reading database ... 35%(Reading database ... 40%(Reading database ... 45%(Reading database ... 50%(Reading database ... 55%(Reading database ... 60%(Reading database ... 65%(Reading database ... 70%(Reading database ... 75%(Reading database ... 80%(Reading database ... 85%(Reading database ... 90%(Reading database ... 95%(Reading database ... 100%(Reading database ... 10150 files and directories currently installed.)
Preparing to unpack .../libgnutls30_3.5.13-2_amd64.deb ...
Unpacking libgnutls30:amd64 (3.5.13-2) ...
Setting up libgnutls30:amd64 (3.5.13-2) ...
(Reading database ... (Reading database ... 5%(Reading database ... 10%(Reading database ... 15%(Reading database ... 20%(Reading database ... 25%(Reading database ... 30%(Reading database ... 35%(Reading database ... 40%(Reading database ... 45%(Reading database ... 50%(Reading database ... 55%(Reading database ... 60%(Reading database ... 65%(Reading database ... 70%(Reading database ... 75%(Reading database ... 80%(Reading database ... 85%(Reading database ... 90%(Reading database ... 95%(Reading database ... 100%(Reading database ... 10177 files and directories currently installed.)
Preparing to unpack .../apt_1.5~beta1_amd64.deb ...
Unpacking apt (1.5~beta1) over (1.4.6) ...
Setting up apt (1.5~beta1) ...
(Reading database ... (Reading database ... 5%(Reading database ... 10%(Reading database ... 15%(Reading database ... 20%(Reading database ... 25%(Reading database ... 30%(Reading database ... 35%(Reading database ... 40%(Reading database ... 45%(Reading database ... 50%(Reading database ... 55%(Reading database ... 60%(Reading database ... 65%(Reading database ... 70%(Reading database ... 75%(Reading database ... 80%(Reading database ... 85%(Reading database ... 90%(Reading database ... 95%(Reading database ... 100%(Reading database ... 10176 files and directories currently installed.)
Preparing to unpack .../debconf_1.5.62_all.deb ...
Unpacking debconf (1.5.62) over (1.5.61) ...
Setting up debconf (1.5.62) ...
(Reading database ... (Reading database ... 5%(Reading database ... 10%(Reading database ... 15%(Reading database ... 20%(Reading database ... 25%(Reading database ... 30%(Reading database ... 35%(Reading database ... 40%(Reading database ... 45%(Reading database ... 50%(Reading database ... 55%(Reading database ... 60%(Reading database ... 65%(Reading database ... 70%(Reading database ... 75%(Reading database ... 80%(Reading database ... 85%(Reading database ... 90%(Reading database ... 95%(Reading database ... 100%(Reading database ... 10176 files and directories currently installed.)
Preparing to unpack .../libsystemd0_233-10_amd64.deb ...
Unpacking libsystemd0:amd64 (233-10) over (233-9) ...
Setting up libsystemd0:amd64 (233-10) ...
(Reading database ... (Reading database ... 5%(Reading database ... 10%(Reading database ... 15%(Reading database ... 20%(Reading database ... 25%(Reading database ... 30%(Reading database ... 35%(Reading database ... 40%(Reading database ... 45%(Reading database ... 50%(Reading database ... 55%(Reading database ... 60%(Reading database ... 65%(Reading database ... 70%(Reading database ... 75%(Reading database ... 80%(Reading database ... 85%(Reading database ... 90%(Reading database ... 95%(Reading database ... 100%(Reading database ... 10176 files and directories currently installed.)
Preparing to unpack .../libudev1_233-10_amd64.deb ...
Unpacking libudev1:amd64 (233-10) over (233-9) ...
Setting up libudev1:amd64 (233-10) ...
(Reading database ... (Reading database ... 5%(Reading database ... 10%(Reading database ... 15%(Reading database ... 20%(Reading database ... 25%(Reading database ... 30%(Reading database ... 35%(Reading database ... 40%(Reading database ... 45%(Reading database ... 50%(Reading database ... 55%(Reading database ... 60%(Reading database ... 65%(Reading database ... 70%(Reading database ... 75%(Reading database ... 80%(Reading database ... 85%(Reading database ... 90%(Reading database ... 95%(Reading database ... 100%(Reading database ... 10176 files and directories currently installed.)
Preparing to unpack .../libdebconfclient0_0.229_amd64.deb ...
Unpacking libdebconfclient0:amd64 (0.229) over (0.228) ...
Setting up libdebconfclient0:amd64 (0.229) ...
(Reading database ... (Reading database ... 5%(Reading database ... 10%(Reading database ... 15%(Reading database ... 20%(Reading database ... 25%(Reading database ... 30%(Reading database ... 35%(Reading database ... 40%(Reading database ... 45%(Reading database ... 50%(Reading database ... 55%(Reading database ... 60%(Reading database ... 65%(Reading database ... 70%(Reading database ... 75%(Reading database ... 80%(Reading database ... 85%(Reading database ... 90%(Reading database ... 95%(Reading database ... 100%(Reading database ... 10176 files and directories currently installed.)
Preparing to unpack .../cpp_4%3a6.3.0-4d1_amd64.deb ...
Unpacking cpp (4:6.3.0-4d1) over (4:6.3.0-4) ...
Preparing to unpack .../gcc_4%3a6.3.0-4d1_amd64.deb ...
Removing old gcc doc directory.
Unpacking gcc (4:6.3.0-4d1) over (4:6.3.0-4) ...
Preparing to unpack .../g++_4%3a6.3.0-4d1_amd64.deb ...
Unpacking g++ (4:6.3.0-4d1) over (4:6.3.0-4) ...
Setting up cpp (4:6.3.0-4d1) ...
Setting up perl-modules-5.24 (5.24.1-6) ...
Setting up libperl5.24:amd64 (5.24.1-6) ...
Setting up gcc (4:6.3.0-4d1) ...
Setting up perl (5.24.1-6) ...
Processing triggers for libc-bin (2.24-12) ...
Setting up g++ (4:6.3.0-4d1) ...

+------------------------------------------------------------------------------+
| Fetch source files                                                           |
+------------------------------------------------------------------------------+


Check APT
---------

Checking available source versions...

Download source files with APT
------------------------------

Reading package lists...
NOTICE: 'minisat+' packaging is maintained in the 'Git' version control system at:
https://anonscm.debian.org/git/debian-science/packages/minisat+.git
Please use:
git clone https://anonscm.debian.org/git/debian-science/packages/minisat+.git
to retrieve the latest (possibly unreleased) updates to the package.
Need to get 86.2 kB of source archives.
Get:1 http://127.0.0.1:9999/debian unstable/main minisat+ 1.0-4 (dsc) [1984 B]
Get:2 http://127.0.0.1:9999/debian unstable/main minisat+ 1.0-4 (tar) [80.0 kB]
Get:3 http://127.0.0.1:9999/debian unstable/main minisat+ 1.0-4 (diff) [4176 B]
Fetched 86.2 kB in 0s (1646 kB/s)
Download complete and in download only mode
I: NOTICE: Log filtering will replace 'build/minisat+-3zM85j/minisat+-1.0' with '<<PKGBUILDDIR>>'
I: NOTICE: Log filtering will replace 'build/minisat+-3zM85j' with '<<BUILDDIR>>'

+------------------------------------------------------------------------------+
| Install build-essential                                                      |
+------------------------------------------------------------------------------+


Setup apt archive
-----------------

Merged Build-Depends: build-essential, fakeroot
Filtered Build-Depends: build-essential, fakeroot
dpkg-deb: building package 'sbuild-build-depends-core-dummy' in '/build/minisat+-3zM85j/resolver-mwMVQu/apt_archive/sbuild-build-depends-core-dummy.deb'.
dpkg-scanpackages: warning: Packages in archive but missing from override file:
dpkg-scanpackages: warning:   sbuild-build-depends-core-dummy
dpkg-scanpackages: info: Wrote 1 entries to output Packages file.
Ign:1 copy:/build/minisat+-3zM85j/resolver-mwMVQu/apt_archive ./ InRelease
Get:2 copy:/build/minisat+-3zM85j/resolver-mwMVQu/apt_archive ./ Release [957 B]
Ign:3 copy:/build/minisat+-3zM85j/resolver-mwMVQu/apt_archive ./ Release.gpg
Get:4 copy:/build/minisat+-3zM85j/resolver-mwMVQu/apt_archive ./ Sources [349 B]
Get:5 copy:/build/minisat+-3zM85j/resolver-mwMVQu/apt_archive ./ Packages [432 B]
Fetched 1738 B in 0s (0 B/s)
Reading package lists...
Reading package lists...

Install core build dependencies (apt-based resolver)
----------------------------------------------------

Installing build dependencies
Reading package lists...
Building dependency tree...
Reading state information...
The following NEW packages will be installed:
  sbuild-build-depends-core-dummy
0 upgraded, 1 newly installed, 0 to remove and 0 not upgraded.
Need to get 782 B of archives.
After this operation, 0 B of additional disk space will be used.
Get:1 copy:/build/minisat+-3zM85j/resolver-mwMVQu/apt_archive ./ sbuild-build-depends-core-dummy 0.invalid.0 [782 B]
debconf: delaying package configuration, since apt-utils is not installed
Fetched 782 B in 0s (0 B/s)
Selecting previously unselected package sbuild-build-depends-core-dummy.
(Reading database ... 10178 files and directories currently installed.)
Preparing to unpack .../sbuild-build-depends-core-dummy_0.invalid.0_amd64.deb ...
Unpacking sbuild-build-depends-core-dummy (0.invalid.0) ...
Setting up sbuild-build-depends-core-dummy (0.invalid.0) ...

+------------------------------------------------------------------------------+
| Check architectures                                                          |
+------------------------------------------------------------------------------+

Arch check ok (amd64 included in any)

+------------------------------------------------------------------------------+
| Install package build dependencies                                           |
+------------------------------------------------------------------------------+


Setup apt archive
-----------------

Merged Build-Depends: debhelper (>= 10), libgmp-dev, zlib1g-dev
Filtered Build-Depends: debhelper (>= 10), libgmp-dev, zlib1g-dev
dpkg-deb: building package 'sbuild-build-depends-minisat+-dummy' in '/build/minisat+-3zM85j/resolver-mwMVQu/apt_archive/sbuild-build-depends-minisat+-dummy.deb'.
dpkg-scanpackages: warning: Packages in archive but missing from override file:
dpkg-scanpackages: warning:   sbuild-build-depends-core-dummy sbuild-build-depends-minisat+-dummy
dpkg-scanpackages: info: Wrote 2 entries to output Packages file.
Ign:1 copy:/build/minisat+-3zM85j/resolver-mwMVQu/apt_archive ./ InRelease
Get:2 copy:/build/minisat+-3zM85j/resolver-mwMVQu/apt_archive ./ Release [963 B]
Ign:3 copy:/build/minisat+-3zM85j/resolver-mwMVQu/apt_archive ./ Release.gpg
Get:4 copy:/build/minisat+-3zM85j/resolver-mwMVQu/apt_archive ./ Sources [507 B]
Get:5 copy:/build/minisat+-3zM85j/resolver-mwMVQu/apt_archive ./ Packages [584 B]
Fetched 2054 B in 0s (0 B/s)
Reading package lists...
Reading package lists...

Install minisat+ build dependencies (apt-based resolver)
--------------------------------------------------------

Installing build dependencies
Reading package lists...
Building dependency tree...
Reading state information...
The following additional packages will be installed:
  autoconf automake autopoint autotools-dev bsdmainutils debhelper
  dh-autoreconf dh-strip-nondeterminism file gettext gettext-base groff-base
  intltool-debian libarchive-zip-perl libcroco3
  libfile-stripnondeterminism-perl libglib2.0-0 libgmp-dev libgmpxx4ldbl
  libicu57 libmagic-mgc libmagic1 libpipeline1 libsigsegv2 libtimedate-perl
  libtool libxml2 m4 man-db po-debconf zlib1g-dev
Suggested packages:
  autoconf-archive gnu-standards autoconf-doc wamerican | wordlist whois
  vacation dh-make gettext-doc libasprintf-dev libgettextpo-dev groff gmp-doc
  libgmp10-doc libmpfr-dev libtool-doc gfortran | fortran95-compiler gcj-jdk
  m4-doc less www-browser libmail-box-perl
Recommended packages:
  curl | wget | lynx-cur libarchive-cpio-perl libglib2.0-data shared-mime-info
  xdg-user-dirs libltdl-dev xml-core libmail-sendmail-perl
The following NEW packages will be installed:
  autoconf automake autopoint autotools-dev bsdmainutils debhelper
  dh-autoreconf dh-strip-nondeterminism file gettext gettext-base groff-base
  intltool-debian libarchive-zip-perl libcroco3
  libfile-stripnondeterminism-perl libglib2.0-0 libgmp-dev libgmpxx4ldbl
  libicu57 libmagic-mgc libmagic1 libpipeline1 libsigsegv2 libtimedate-perl
  libtool libxml2 m4 man-db po-debconf sbuild-build-depends-minisat+-dummy
  zlib1g-dev
0 upgraded, 32 newly installed, 0 to remove and 0 not upgraded.
Need to get 20.2 MB of archives.
After this operation, 68.1 MB of additional disk space will be used.
Get:1 copy:/build/minisat+-3zM85j/resolver-mwMVQu/apt_archive ./ sbuild-build-depends-minisat+-dummy 0.invalid.0 [802 B]
Get:2 http://127.0.0.1:9999/debian unstable/main amd64 groff-base amd64 1.22.3-9 [1160 kB]
Get:3 http://127.0.0.1:9999/debian unstable/main amd64 bsdmainutils amd64 9.0.12+nmu1 [186 kB]
Get:4 http://127.0.0.1:9999/debian unstable/main amd64 libpipeline1 amd64 1.4.1-2 [27.6 kB]
Get:5 http://127.0.0.1:9999/debian unstable/main amd64 man-db amd64 2.7.6.1-2 [1044 kB]
Get:6 http://127.0.0.1:9999/debian unstable/main amd64 libmagic-mgc amd64 1:5.30-1 [222 kB]
Get:7 http://127.0.0.1:9999/debian unstable/main amd64 libmagic1 amd64 1:5.30-1 [111 kB]
Get:8 http://127.0.0.1:9999/debian unstable/main amd64 file amd64 1:5.30-1 [63.9 kB]
Get:9 http://127.0.0.1:9999/debian unstable/main amd64 gettext-base amd64 0.19.8.1-2+b1 [122 kB]
Get:10 http://127.0.0.1:9999/debian unstable/main amd64 libicu57 amd64 57.1-6 [7701 kB]
Get:11 http://127.0.0.1:9999/debian unstable/main amd64 libxml2 amd64 2.9.4+dfsg1-3 [715 kB]
Get:12 http://127.0.0.1:9999/debian unstable/main amd64 libsigsegv2 amd64 2.11-1 [29.9 kB]
Get:13 http://127.0.0.1:9999/debian unstable/main amd64 m4 amd64 1.4.18-1 [202 kB]
Get:14 http://127.0.0.1:9999/debian unstable/main amd64 autoconf all 2.69-10 [338 kB]
Get:15 http://127.0.0.1:9999/debian unstable/main amd64 autotools-dev all 20161112.1 [73.4 kB]
Get:16 http://127.0.0.1:9999/debian unstable/main amd64 automake all 1:1.15.1-2 [736 kB]
Get:17 http://127.0.0.1:9999/debian unstable/main amd64 autopoint all 0.19.8.1-2 [433 kB]
Get:18 http://127.0.0.1:9999/debian unstable/main amd64 libtool all 2.4.6-2 [545 kB]
Get:19 http://127.0.0.1:9999/debian unstable/main amd64 dh-autoreconf all 14 [15.9 kB]
Get:20 http://127.0.0.1:9999/debian unstable/main amd64 libarchive-zip-perl all 1.59-1 [95.5 kB]
Get:21 http://127.0.0.1:9999/debian unstable/main amd64 libfile-stripnondeterminism-perl all 0.035-2 [17.0 kB]
Get:22 http://127.0.0.1:9999/debian unstable/main amd64 libtimedate-perl all 2.3000-2 [42.2 kB]
Get:23 http://127.0.0.1:9999/debian unstable/main amd64 dh-strip-nondeterminism all 0.035-2 [10.7 kB]
Get:24 http://127.0.0.1:9999/debian unstable/main amd64 libglib2.0-0 amd64 2.52.3-1 [2742 kB]
Get:25 http://127.0.0.1:9999/debian unstable/main amd64 libcroco3 amd64 0.6.12-1 [144 kB]
Get:26 http://127.0.0.1:9999/debian unstable/main amd64 gettext amd64 0.19.8.1-2+b1 [1301 kB]
Get:27 http://127.0.0.1:9999/debian unstable/main amd64 intltool-debian all 0.35.0+20060710.4 [26.3 kB]
Get:28 http://127.0.0.1:9999/debian unstable/main amd64 po-debconf all 1.0.20 [247 kB]
Get:29 http://127.0.0.1:9999/debian unstable/main amd64 debhelper all 10.6.2 [968 kB]
Get:30 http://127.0.0.1:9999/debian unstable/main amd64 libgmpxx4ldbl amd64 2:6.1.2+dfsg-1 [22.2 kB]
Get:31 http://127.0.0.1:9999/debian unstable/main amd64 libgmp-dev amd64 2:6.1.2+dfsg-1 [631 kB]
Get:32 http://127.0.0.1:9999/debian unstable/main amd64 zlib1g-dev amd64 1:1.2.8.dfsg-5 [205 kB]
debconf: delaying package configuration, since apt-utils is not installed
Fetched 20.2 MB in 0s (95.3 MB/s)
Selecting previously unselected package groff-base.
(Reading database ... 10178 files and directories currently installed.)
Preparing to unpack .../00-groff-base_1.22.3-9_amd64.deb ...
Unpacking groff-base (1.22.3-9) ...
Selecting previously unselected package bsdmainutils.
Preparing to unpack .../01-bsdmainutils_9.0.12+nmu1_amd64.deb ...
Unpacking bsdmainutils (9.0.12+nmu1) ...
Selecting previously unselected package libpipeline1:amd64.
Preparing to unpack .../02-libpipeline1_1.4.1-2_amd64.deb ...
Unpacking libpipeline1:amd64 (1.4.1-2) ...
Selecting previously unselected package man-db.
Preparing to unpack .../03-man-db_2.7.6.1-2_amd64.deb ...
Unpacking man-db (2.7.6.1-2) ...
Selecting previously unselected package libmagic-mgc.
Preparing to unpack .../04-libmagic-mgc_1%3a5.30-1_amd64.deb ...
Unpacking libmagic-mgc (1:5.30-1) ...
Selecting previously unselected package libmagic1:amd64.
Preparing to unpack .../05-libmagic1_1%3a5.30-1_amd64.deb ...
Unpacking libmagic1:amd64 (1:5.30-1) ...
Selecting previously unselected package file.
Preparing to unpack .../06-file_1%3a5.30-1_amd64.deb ...
Unpacking file (1:5.30-1) ...
Selecting previously unselected package gettext-base.
Preparing to unpack .../07-gettext-base_0.19.8.1-2+b1_amd64.deb ...
Unpacking gettext-base (0.19.8.1-2+b1) ...
Selecting previously unselected package libicu57:amd64.
Preparing to unpack .../08-libicu57_57.1-6_amd64.deb ...
Unpacking libicu57:amd64 (57.1-6) ...
Selecting previously unselected package libxml2:amd64.
Preparing to unpack .../09-libxml2_2.9.4+dfsg1-3_amd64.deb ...
Unpacking libxml2:amd64 (2.9.4+dfsg1-3) ...
Selecting previously unselected package libsigsegv2:amd64.
Preparing to unpack .../10-libsigsegv2_2.11-1_amd64.deb ...
Unpacking libsigsegv2:amd64 (2.11-1) ...
Selecting previously unselected package m4.
Preparing to unpack .../11-m4_1.4.18-1_amd64.deb ...
Unpacking m4 (1.4.18-1) ...
Selecting previously unselected package autoconf.
Preparing to unpack .../12-autoconf_2.69-10_all.deb ...
Unpacking autoconf (2.69-10) ...
Selecting previously unselected package autotools-dev.
Preparing to unpack .../13-autotools-dev_20161112.1_all.deb ...
Unpacking autotools-dev (20161112.1) ...
Selecting previously unselected package automake.
Preparing to unpack .../14-automake_1%3a1.15.1-2_all.deb ...
Unpacking automake (1:1.15.1-2) ...
Selecting previously unselected package autopoint.
Preparing to unpack .../15-autopoint_0.19.8.1-2_all.deb ...
Unpacking autopoint (0.19.8.1-2) ...
Selecting previously unselected package libtool.
Preparing to unpack .../16-libtool_2.4.6-2_all.deb ...
Unpacking libtool (2.4.6-2) ...
Selecting previously unselected package dh-autoreconf.
Preparing to unpack .../17-dh-autoreconf_14_all.deb ...
Unpacking dh-autoreconf (14) ...
Selecting previously unselected package libarchive-zip-perl.
Preparing to unpack .../18-libarchive-zip-perl_1.59-1_all.deb ...
Unpacking libarchive-zip-perl (1.59-1) ...
Selecting previously unselected package libfile-stripnondeterminism-perl.
Preparing to unpack .../19-libfile-stripnondeterminism-perl_0.035-2_all.deb ...
Unpacking libfile-stripnondeterminism-perl (0.035-2) ...
Selecting previously unselected package libtimedate-perl.
Preparing to unpack .../20-libtimedate-perl_2.3000-2_all.deb ...
Unpacking libtimedate-perl (2.3000-2) ...
Selecting previously unselected package dh-strip-nondeterminism.
Preparing to unpack .../21-dh-strip-nondeterminism_0.035-2_all.deb ...
Unpacking dh-strip-nondeterminism (0.035-2) ...
Selecting previously unselected package libglib2.0-0:amd64.
Preparing to unpack .../22-libglib2.0-0_2.52.3-1_amd64.deb ...
Unpacking libglib2.0-0:amd64 (2.52.3-1) ...
Selecting previously unselected package libcroco3:amd64.
Preparing to unpack .../23-libcroco3_0.6.12-1_amd64.deb ...
Unpacking libcroco3:amd64 (0.6.12-1) ...
Selecting previously unselected package gettext.
Preparing to unpack .../24-gettext_0.19.8.1-2+b1_amd64.deb ...
Unpacking gettext (0.19.8.1-2+b1) ...
Selecting previously unselected package intltool-debian.
Preparing to unpack .../25-intltool-debian_0.35.0+20060710.4_all.deb ...
Unpacking intltool-debian (0.35.0+20060710.4) ...
Selecting previously unselected package po-debconf.
Preparing to unpack .../26-po-debconf_1.0.20_all.deb ...
Unpacking po-debconf (1.0.20) ...
Selecting previously unselected package debhelper.
Preparing to unpack .../27-debhelper_10.6.2_all.deb ...
Unpacking debhelper (10.6.2) ...
Selecting previously unselected package libgmpxx4ldbl:amd64.
Preparing to unpack .../28-libgmpxx4ldbl_2%3a6.1.2+dfsg-1_amd64.deb ...
Unpacking libgmpxx4ldbl:amd64 (2:6.1.2+dfsg-1) ...
Selecting previously unselected package libgmp-dev:amd64.
Preparing to unpack .../29-libgmp-dev_2%3a6.1.2+dfsg-1_amd64.deb ...
Unpacking libgmp-dev:amd64 (2:6.1.2+dfsg-1) ...
Selecting previously unselected package zlib1g-dev:amd64.
Preparing to unpack .../30-zlib1g-dev_1%3a1.2.8.dfsg-5_amd64.deb ...
Unpacking zlib1g-dev:amd64 (1:1.2.8.dfsg-5) ...
Selecting previously unselected package sbuild-build-depends-minisat+-dummy.
Preparing to unpack .../31-sbuild-build-depends-minisat+-dummy_0.invalid.0_amd64.deb ...
Unpacking sbuild-build-depends-minisat+-dummy (0.invalid.0) ...
Setting up libarchive-zip-perl (1.59-1) ...
Setting up libtimedate-perl (2.3000-2) ...
Setting up libsigsegv2:amd64 (2.11-1) ...
Setting up groff-base (1.22.3-9) ...
Setting up libglib2.0-0:amd64 (2.52.3-1) ...
No schema files found: doing nothing.
Setting up gettext-base (0.19.8.1-2+b1) ...
Setting up libpipeline1:amd64 (1.4.1-2) ...
Setting up m4 (1.4.18-1) ...
Setting up libicu57:amd64 (57.1-6) ...
Setting up libxml2:amd64 (2.9.4+dfsg1-3) ...
Setting up libmagic-mgc (1:5.30-1) ...
Setting up libmagic1:amd64 (1:5.30-1) ...
Setting up libcroco3:amd64 (0.6.12-1) ...
Processing triggers for libc-bin (2.24-12) ...
Setting up autotools-dev (20161112.1) ...
Setting up bsdmainutils (9.0.12+nmu1) ...
update-alternatives: using /usr/bin/bsd-write to provide /usr/bin/write (write) in auto mode
update-alternatives: using /usr/bin/bsd-from to provide /usr/bin/from (from) in auto mode
Setting up libgmpxx4ldbl:amd64 (2:6.1.2+dfsg-1) ...
Setting up autopoint (0.19.8.1-2) ...
Setting up zlib1g-dev:amd64 (1:1.2.8.dfsg-5) ...
Setting up libfile-stripnondeterminism-perl (0.035-2) ...
Setting up libgmp-dev:amd64 (2:6.1.2+dfsg-1) ...
Setting up gettext (0.19.8.1-2+b1) ...
Setting up autoconf (2.69-10) ...
Setting up file (1:5.30-1) ...
Setting up intltool-debian (0.35.0+20060710.4) ...
Setting up automake (1:1.15.1-2) ...
update-alternatives: using /usr/bin/automake-1.15 to provide /usr/bin/automake (automake) in auto mode
Setting up man-db (2.7.6.1-2) ...
Not building database; man-db/auto-update is not 'true'.
Setting up libtool (2.4.6-2) ...
Setting up po-debconf (1.0.20) ...
Setting up dh-autoreconf (14) ...
Setting up dh-strip-nondeterminism (0.035-2) ...
Setting up debhelper (10.6.2) ...
Setting up sbuild-build-depends-minisat+-dummy (0.invalid.0) ...
Processing triggers for libc-bin (2.24-12) ...

+------------------------------------------------------------------------------+
| Build environment                                                            |
+------------------------------------------------------------------------------+

Kernel: Linux 4.9.0-2-amd64 amd64 (x86_64)
Toolchain package versions: binutils_2.28-6 dpkg-dev_1.18.24 g++-6_6.4.0-1 gcc-6_6.4.0-1 libc6-dev_2.24-12 libstdc++-6-dev_6.4.0-1 libstdc++6_7.1.0-9 linux-libc-dev_4.11.6-1
Package versions: adduser_3.115 apt_1.5~beta1 autoconf_2.69-10 automake_1:1.15.1-2 autopoint_0.19.8.1-2 autotools-dev_20161112.1 base-files_10 base-passwd_3.5.43 bash_4.4-5 binutils_2.28-6 bsdmainutils_9.0.12+nmu1 bsdutils_1:2.29.2-1 build-essential_12.3 bzip2_1.0.6-8.1 clang-3.9_1:3.9.1-10 coreutils_8.26-3 cpp_4:6.3.0-4d1 cpp-6_6.4.0-1 dash_0.5.8-2.4 debconf_1.5.62 debfoster_2.7-2.1+b1 debhelper_10.6.2 debian-archive-keyring_2017.5 debianutils_4.8.1.1 dh-autoreconf_14 dh-strip-nondeterminism_0.035-2 diffutils_1:3.5-3 dpkg_1.18.24 dpkg-dev_1.18.24 e2fslibs_1.43.4-2 e2fsprogs_1.43.4-2 eatmydata_105-5 fakeroot_1.21-3.1 file_1:5.30-1 findutils_4.6.0+git+20170606-2 g++_4:6.3.0-4d1 g++-6_6.4.0-1 gcc_4:6.3.0-4d1 gcc-6_6.4.0-1 gcc-6-base_6.4.0-1 gcc-7-base_7.1.0-9 gettext_0.19.8.1-2+b1 gettext-base_0.19.8.1-2+b1 gpgv_2.1.18-8 grep_2.27-2 groff-base_1.22.3-9 gzip_1.6-5+b1 hostname_3.18+b1 init-system-helpers_1.48 intltool-debian_0.35.0+20060710.4 libacl1_2.2.52-3+b1 libapt-pkg5.0_1.5~beta1 libarchive-zip-perl_1.59-1 libasan3_6.4.0-1 libatomic1_7.1.0-9 libattr1_1:2.4.47-2+b2 libaudit-common_1:2.7.7-1 libaudit1_1:2.7.7-1+b1 libblkid1_2.29.2-1 libbsd0_0.8.5-1 libbz2-1.0_1.0.6-8.1 libc-bin_2.24-12 libc-dev-bin_2.24-12 libc6_2.24-12 libc6-dev_2.24-12 libcap-ng0_0.7.7-3+b1 libcc1-0_7.1.0-9 libcilkrts5_7.1.0-9 libclang-common-3.9-dev_1:3.9.1-10 libclang1-3.9_1:3.9.1-10 libcomerr2_1.43.4-2 libcroco3_0.6.12-1 libdb5.3_5.3.28-12+b1 libdebconfclient0_0.229 libdpkg-perl_1.18.24 libeatmydata1_105-5 libedit2_3.1-20170329-1 libfakeroot_1.21-3.1 libfdisk1_2.29.2-1 libffi6_3.2.1-6 libfile-stripnondeterminism-perl_0.035-2 libgc1c2_1:7.4.2-8 libgcc-6-dev_6.4.0-1 libgcc1_1:7.1.0-9 libgcrypt20_1.7.8-1 libgdbm3_1.8.3-14 libglib2.0-0_2.52.3-1 libgmp-dev_2:6.1.2+dfsg-1 libgmp10_2:6.1.2+dfsg-1 libgmpxx4ldbl_2:6.1.2+dfsg-1 libgnutls30_3.5.13-2 libgomp1_7.1.0-9 libgpg-error0_1.27-3 libhogweed4_3.3-1+b1 libicu57_57.1-6 libidn2-0_0.16-1+b1 libisl15_0.18-1 libitm1_7.1.0-9 libjsoncpp1_1.7.4-3 libllvm3.9_1:3.9.1-10 liblsan0_7.1.0-9 liblz4-1_0.0~r131-2+b1 liblzma5_5.2.2-1.2+b1 libmagic-mgc_1:5.30-1 libmagic1_1:5.30-1 libmount1_2.29.2-1 libmpc3_1.0.3-1+b2 libmpfr4_3.1.5-1 libmpx2_7.1.0-9 libncurses5_6.0+20161126-1 libncursesw5_6.0+20161126-1 libnettle6_3.3-1+b1 libobjc-6-dev_6.4.0-1 libobjc4_7.1.0-9 libp11-kit0_0.23.7-2 libpam-modules_1.1.8-3.6 libpam-modules-bin_1.1.8-3.6 libpam-runtime_1.1.8-3.6 libpam0g_1.1.8-3.6 libpcre3_2:8.39-3 libperl5.24_5.24.1-6 libpipeline1_1.4.1-2 libquadmath0_7.1.0-9 libselinux1_2.6-3+b2 libsemanage-common_2.6-2 libsemanage1_2.6-2+b1 libsepol1_2.6-2 libsigsegv2_2.11-1 libsmartcols1_2.29.2-1 libss2_1.43.4-2 libstdc++-6-dev_6.4.0-1 libstdc++6_7.1.0-9 libsystemd0_233-10 libtasn1-6_4.12-2 libtimedate-perl_2.3000-2 libtinfo5_6.0+20161126-1 libtool_2.4.6-2 libtsan0_7.1.0-9 libubsan0_7.1.0-9 libudev1_233-10 libunistring2_0.9.7-2 libustr-1.0-1_1.0.4-6 libuuid1_2.29.2-1 libxml2_2.9.4+dfsg1-3 linux-libc-dev_4.11.6-1 login_1:4.4-4.1 m4_1.4.18-1 make_4.1-9.1 man-db_2.7.6.1-2 mawk_1.3.3-17+b3 mount_2.29.2-1 multiarch-support_2.24-12 ncurses-base_6.0+20161126-1 ncurses-bin_6.0+20161126-1 passwd_1:4.4-4.1 patch_2.7.5-1+b2 perl_5.24.1-6 perl-base_5.24.1-6 perl-modules-5.24_5.24.1-6 po-debconf_1.0.20 sbuild-build-depends-core-dummy_0.invalid.0 sbuild-build-depends-minisat+-dummy_0.invalid.0 sed_4.4-1 sensible-utils_0.0.9 sysvinit-utils_2.88dsf-59.9 tar_1.29b-1.1 util-linux_2.29.2-1 xz-utils_5.2.2-1.2+b1 zlib1g_1:1.2.8.dfsg-5 zlib1g-dev_1:1.2.8.dfsg-5

+------------------------------------------------------------------------------+
| Build                                                                        |
+------------------------------------------------------------------------------+


Unpack source
-------------

gpgv: unknown type of key resource 'trustedkeys.kbx'
gpgv: keyblock resource '/sbuild-nonexistent/.gnupg/trustedkeys.kbx': General error
gpgv: Signature made Wed Feb 22 20:07:35 2017 UTC
gpgv:                using RSA key 02054829E12D0F2A8E648E62745C4766D4CACDFF
gpgv: Can't check signature: No public key
dpkg-source: warning: failed to verify signature on ./minisat+_1.0-4.dsc
dpkg-source: info: extracting minisat+ in /build/minisat+-3zM85j/minisat+-1.0
dpkg-source: info: unpacking minisat+_1.0.orig.tar.gz
dpkg-source: info: unpacking minisat+_1.0-4.debian.tar.xz
dpkg-source: info: applying spelling
dpkg-source: info: applying exitcode

Check disk space
----------------

Sufficient free space for build

User Environment
----------------

APT_CONFIG=/var/lib/sbuild/apt.conf
HOME=/sbuild-nonexistent
LANG=en_US.UTF-8
LC_ALL=POSIX
LOGNAME=user42
PATH=/usr/local/sbin:/usr/local/bin:/usr/sbin:/usr/bin:/sbin:/bin:/usr/games
SCHROOT_ALIAS_NAME=unstable-amd64-sbuild
SCHROOT_CHROOT_NAME=unstable-amd64-sbuild
SCHROOT_COMMAND=env
SCHROOT_GID=1001
SCHROOT_GROUP=user42
SCHROOT_SESSION_ID=unstable-amd64-sbuild-48dac053-b29a-47e5-bf3c-c33c32663592
SCHROOT_UID=1001
SCHROOT_USER=user42
SHELL=/bin/sh
USER=user42

dpkg-buildpackage
-----------------

dpkg-buildpackage: info: source package minisat+
dpkg-buildpackage: info: source version 1.0-4
dpkg-buildpackage: info: source distribution unstable
dpkg-buildpackage: info: source changed by Ralf Treinen <treinen@debian.org>
 dpkg-source --before-build minisat+-1.0
dpkg-buildpackage: info: host architecture amd64
 fakeroot debian/rules clean
dh clean
   dh_testdir
   debian/rules override_dh_auto_clean
make[1]: Entering directory '/build/minisat+-3zM85j/minisat+-1.0'
make clean
make[2]: Entering directory '/build/minisat+-3zM85j/minisat+-1.0'
Makefile:96: depend.mak: No such file or directory
Making dependencies...
clang: warning: optimization flag '-ffloat-store' is not supported
clang: warning: optimization flag '-ffloat-store' is not supported
clang: warning: optimization flag '-ffloat-store' is not supported
clang: warning: optimization flag '-ffloat-store' is not supported
clang: warning: optimization flag '-ffloat-store' is not supported
clang: warning: optimization flag '-ffloat-store' is not supported
clang: warning: optimization flag '-ffloat-store' is not supported
clang: warning: optimization flag '-ffloat-store' is not supported
clang: warning: optimization flag '-ffloat-store' is not supported
clang: warning: optimization flag '-ffloat-store' is not supported
clang: warning: optimization flag '-ffloat-store' is not supported
clang: warning: optimization flag '-ffloat-store' is not supported
clang: warning: optimization flag '-ffloat-store' is not supported
make[2]: Leaving directory '/build/minisat+-3zM85j/minisat+-1.0'
make[1]: Leaving directory '/build/minisat+-3zM85j/minisat+-1.0'
   dh_autoreconf_clean
   dh_clean
 debian/rules build-arch
dh build-arch
   dh_testdir -a
   dh_update_autotools_config -a
   dh_autoreconf -a
   dh_auto_configure -a
   dh_auto_build -a
	make -j16
make[1]: Entering directory '/build/minisat+-3zM85j/minisat+-1.0'
Makefile:96: depend.mak: No such file or directory
Making dependencies...
clang: warning: optimization flag '-ffloat-store' is not supported
clang: warning: optimization flag '-ffloat-store' is not supported
clang: warning: optimization flag '-ffloat-store' is not supported
clang: warning: optimization flag '-ffloat-store' is not supported
clang: warning: optimization flag '-ffloat-store' is not supported
clang: warning: optimization flag '-ffloat-store' is not supported
clang: warning: optimization flag '-ffloat-store' is not supported
clang: warning: optimization flag '-ffloat-store' is not supported
clang: warning: optimization flag '-ffloat-store' is not supported
clang: warning: optimization flag '-ffloat-store' is not supported
clang: warning: optimization flag '-ffloat-store' is not supported
clang: warning: optimization flag '-ffloat-store' is not supported
clang: warning: optimization flag '-ffloat-store' is not supported
Building minisat+ (standard)
Compiling: PbParser.C
Compiling: PbSolver_convertAdd.C
Compiling: SatELite.C
Compiling: Hardware_clausify.C
Compiling: Hardware_sorters.C
Compiling: PbSolver_convertBdd.C
Compiling: PbSolver.C
Compiling: Main.C
Compiling: Hardware_adders.C
Compiling: PbSolver_convert.C
Compiling: PbSolver_convertSort.C
Compiling: MiniSat.C
Compiling: Debug.C
Compiling: ADTs/File.C
clang: warning: optimization flag '-ffloat-store' is not supported
clang: warning: optimization flag '-ffloat-store' is not supported
clang: warning: optimization flag '-ffloat-store' is not supported
clang: warning: optimization flag '-ffloat-store' is not supported
Compiling: ADTs/Global.C
Compiling: ADTs/FEnv.C
clang: warning: optimization flag '-ffloat-store' is not supported
clang: warning: optimization flag '-ffloat-store' is not supported
clang: warning: optimization flag '-ffloat-store' is not supported
clang: warning: optimization flag '-ffloat-store' is not supported
clang: warning: optimization flag '-ffloat-store' is not supported
clang: warning: optimization flag '-ffloat-store' is not supported
clang: warning: optimization flag '-ffloat-store' is not supported
clang: warning: optimization flag '-ffloat-store' is not supported
clang: warning: optimization flag '-ffloat-store' is not supported
clang: warning: optimization flag '-ffloat-store' is not supported
clang: warning: optimization flag '-ffloat-store' is not supported
clang: warning: optimization flag '-ffloat-store' is not supported
In file included from <built-in>:1:
ADTs/Global.h:281:43: error: implicit instantiation of undefined template 'STATIC_ASSERTION_FAILURE<false>'
    vec<T>&  operator = (vec<T>& other) { TEMPLATE_FAIL; return *this; }
                                          ^
ADTs/Global.h:78:23: note: expanded from macro 'TEMPLATE_FAIL'
#define TEMPLATE_FAIL STATIC_ASSERTION_FAILURE<false>()
                      ^
ADTs/Global.h:76:24: note: template is declared here
template <bool> struct STATIC_ASSERTION_FAILURE;
                       ^
ADTs/Global.h:282:43: error: implicit instantiation of undefined template 'STATIC_ASSERTION_FAILURE<false>'
             vec        (vec<T>& other) { TEMPLATE_FAIL; }
                                          ^
ADTs/Global.h:78:23: note: expanded from macro 'TEMPLATE_FAIL'
#define TEMPLATE_FAIL STATIC_ASSERTION_FAILURE<false>()
                      ^
ADTs/Global.h:76:24: note: template is declared here
template <bool> struct STATIC_ASSERTION_FAILURE;
                       ^
In file included from <built-in>:1:
ADTs/Global.h:281:43: error: implicit instantiation of undefined template 'STATIC_ASSERTION_FAILURE<false>'
    vec<T>&  operator = (vec<T>& other) { TEMPLATE_FAIL; return *this; }
                                          ^
ADTs/Global.h:78:23: note: expanded from macro 'TEMPLATE_FAIL'
#define TEMPLATE_FAIL STATIC_ASSERTION_FAILURE<false>()
                      ^
ADTs/Global.h:76:24: note: template is declared here
template <bool> struct STATIC_ASSERTION_FAILURE;
                       ^
ADTs/Global.h:282:43:In file included from  error: implicit instantiation of undefined template 'STATIC_ASSERTION_FAILURE<false>'
             vec        (vec<T>& other) { TEMPLATE_FAIL; }
                                          ^
ADTs/Global.h:78:23: note: expanded from macro 'TEMPLATE_FAIL'
#define TEMPLATE_FAIL STATIC_ASSERTION_FAILURE<false>()
                      ^
ADTs/Global.h:76:24: note: template is declared here
template <bool> struct STATIC_ASSERTION_FAILURE;
                       ^
<built-in>:1:
ADTs/Global.h:281:43: error: implicit instantiation of undefined template 'STATIC_ASSERTION_FAILURE<false>'
    vec<T>&  operator = (vec<T>& other) { TEMPLATE_FAIL; return *this; }
                                          ^
ADTs/Global.h:78:23: note: expanded from macro 'TEMPLATE_FAIL'
#define TEMPLATE_FAIL STATIC_ASSERTION_FAILURE<false>()
                      ^
ADTs/Global.h:76:24: note: template is declared here
template <bool> struct STATIC_ASSERTION_FAILURE;
                       ^
ADTs/Global.h:282:43: error: implicit instantiation of undefined template 'STATIC_ASSERTION_FAILURE<false>'
             vec        (vec<T>& other) { TEMPLATE_FAIL; }
                                          ^
ADTs/Global.h:78:23: note: expanded from macro 'TEMPLATE_FAIL'
#define TEMPLATE_FAIL STATIC_ASSERTION_FAILURE<false>()
                      ^
ADTs/Global.h:76:24: note: template is declared here
template <bool> struct STATIC_ASSERTION_FAILURE;
                       ^
In file included from <built-in>:1:
ADTs/Global.h:281:43: error: implicit instantiation of undefined template 'STATIC_ASSERTION_FAILURE<false>'
    vec<T>&  operator = (vec<T>& other) { TEMPLATE_FAIL; return *this; }
                                          ^
ADTs/Global.h:78:23: note: expanded from macro 'TEMPLATE_FAIL'
#define TEMPLATE_FAIL STATIC_ASSERTION_FAILURE<false>()
                      ^
ADTs/Global.h:76:24: note: template is declared here
template <bool> struct STATIC_ASSERTION_FAILURE;
                       ^
ADTs/Global.h:282:43: error: implicit instantiation of undefined template 'STATIC_ASSERTION_FAILURE<false>'In file included from <built-in>:1:
ADTs/Global.h:281:43: error: implicit instantiation of undefined template 'STATIC_ASSERTION_FAILURE<false>'

    vec<T>&  operator = (vec<T>& other) { TEMPLATE_FAIL; return *this; }
                                          ^
ADTs/Global.h:78:23: note: expanded from macro 'TEMPLATE_FAIL'
#define TEMPLATE_FAIL STATIC_ASSERTION_FAILURE<false>()             vec        (vec<T>& other) { TEMPLATE_FAIL; }
                                          ^
ADTs/Global.h:78:23: note: expanded from macro 'TEMPLATE_FAIL'
#define TEMPLATE_FAIL STATIC_ASSERTION_FAILURE<false>()
                      ^
ADTs/Global.h:76:24: note: template is declared here
template <bool> struct STATIC_ASSERTION_FAILURE;
                      ^
ADTs/Global.h:76:24: note: template is declared here
template <bool> struct STATIC_ASSERTION_FAILURE;
                       ^

                       ^
ADTs/Global.h:282:43: error: implicit instantiation of undefined template 'STATIC_ASSERTION_FAILURE<false>'
             vec        (vec<T>& other) { TEMPLATE_FAIL; }
                                          ^
ADTs/Global.h:78:23: note: expanded from macro 'TEMPLATE_FAIL'
#define TEMPLATE_FAIL STATIC_ASSERTION_FAILURE<false>()
                      ^
ADTs/Global.h:76:24: note: template is declared here
template <bool> struct STATIC_ASSERTION_FAILURE;
                       ^
In file included from <built-in>:1:
ADTs/Global.h:281:43: errorIn file included from <built-in>:1:
ADTs/Global.h:281:43: error: implicit instantiation of undefined template 'STATIC_ASSERTION_FAILURE<false>'
:     vec<T>&  operator = (vec<T>& other) { TEMPLATE_FAIL; return *this; }
                                          ^
ADTs/Global.h:78:23: note: expanded from macro 'TEMPLATE_FAIL'
implicit instantiation of undefined template 'STATIC_ASSERTION_FAILURE<false>'#define TEMPLATE_FAIL STATIC_ASSERTION_FAILURE<false>()
                      ^
ADTs/Global.h:76:24: note: template is declared here
template <bool> struct STATIC_ASSERTION_FAILURE;

    vec<T>&  operator = (vec<T>& other) { TEMPLATE_FAIL; return *this; }
                                          ^
ADTs/Global.h:78:23: note: expanded from macro 'TEMPLATE_FAIL'
#define TEMPLATE_FAIL STATIC_ASSERTION_FAILURE<false>()                       ^

                      ^ADTs/Global.h:282:43: error: implicit instantiation of undefined template 'STATIC_ASSERTION_FAILURE<false>'

             vec        (vec<T>& other) { TEMPLATE_FAIL; }ADTs/Global.h:76:24: note: template is declared here
template <bool> struct STATIC_ASSERTION_FAILURE;
                       ^

                                          ^
ADTs/Global.h:282:43: error: implicit instantiation of undefined template 'STATIC_ASSERTION_FAILURE<false>'
ADTs/Global.h             vec        (vec<T>& other) { TEMPLATE_FAIL; }
                                          ^
ADTs/Global.h:78:23: note: expanded from macro 'TEMPLATE_FAIL'
:#define TEMPLATE_FAIL STATIC_ASSERTION_FAILURE<false>()
                      ^
ADTs/Global.h:76:24: note: template is declared here
template <bool> struct STATIC_ASSERTION_FAILURE;78:23: note: expanded from macro 'TEMPLATE_FAIL'
#define TEMPLATE_FAIL STATIC_ASSERTION_FAILURE<false>()
                       ^

                      ^
ADTs/Global.h:76:24: note: template is declared here
template <bool> struct STATIC_ASSERTION_FAILURE;
                       ^
In file included from <built-in>:1:
ADTs/Global.h:281:43: error: implicit instantiation of undefined template 'STATIC_ASSERTION_FAILURE<false>'
    vec<T>&  operator = (vec<T>& other) { TEMPLATE_FAIL; return *this; }
                                          ^
ADTs/Global.h:78:23: note: expanded from macro 'TEMPLATE_FAIL'
#define TEMPLATE_FAIL STATIC_ASSERTION_FAILURE<false>()
                      ^
ADTs/Global.h:76:24: note: template is declared here
template <bool> struct STATIC_ASSERTION_FAILURE;
                       ^
ADTs/Global.h:282:43: error: implicit instantiation of undefined template 'STATIC_ASSERTION_FAILURE<false>'
             vec        (vec<T>& other) { TEMPLATE_FAIL; }
                                          ^
ADTs/Global.h:78:23: note: expanded from macro 'TEMPLATE_FAIL'
#define TEMPLATE_FAIL STATIC_ASSERTION_FAILURE<false>()
                      ^
ADTs/Global.h:76:24: note: template is declared here
template <bool> struct STATIC_ASSERTION_FAILURE;
In file included from <built-in>:1:
ADTs/Global.h:281:43: error: implicit instantiation of undefined template 'STATIC_ASSERTION_FAILURE<false>'
                       ^
    vec<T>&  operator = (vec<T>& other) { TEMPLATE_FAIL; return *this; }
                                          ^
ADTs/Global.h:78:23: note: expanded from macro 'TEMPLATE_FAIL'
#define TEMPLATE_FAIL STATIC_ASSERTION_FAILURE<false>()
                      ^
ADTs/Global.h:76:24: note: template is declared here
template <bool> struct STATIC_ASSERTION_FAILURE;
                       ^
ADTs/Global.h:282:43: error: implicit instantiation of undefined template 'STATIC_ASSERTION_FAILURE<false>'
             vec        (vec<T>& other) { TEMPLATE_FAIL; }
                                          ^
ADTs/Global.h:78:23: note: expanded from macro 'TEMPLATE_FAIL'
#define TEMPLATE_FAIL STATIC_ASSERTION_FAILURE<false>()
                      ^
ADTs/Global.h:76:24: note: template is declared here
template <bool> struct STATIC_ASSERTION_FAILURE;
                       ^
In file included from <built-in>:1:
ADTs/Global.h:281:43: error: implicit instantiation of undefined template 'STATIC_ASSERTION_FAILURE<false>'
    vec<T>&  operator = (vec<T>& other) { TEMPLATE_FAIL; return *this; }
                                          ^
ADTs/Global.h:78:23: note: expanded from macro 'TEMPLATE_FAIL'
#define TEMPLATE_FAIL STATIC_ASSERTION_FAILURE<false>()
                      ^
ADTs/Global.h:76:24: note: template is declared here
template <bool> struct STATIC_ASSERTION_FAILURE;
                       ^
ADTs/Global.h:282:43: error: implicit instantiation of undefined template 'STATIC_ASSERTION_FAILURE<false>'
             vec        (vec<T>& other) { TEMPLATE_FAIL; }
                                          ^
ADTs/Global.h:78:23: note: expanded from macro 'TEMPLATE_FAIL'
#define TEMPLATE_FAIL STATIC_ASSERTION_FAILURE<false>()
                      ^
ADTs/Global.h:76:24: note: template is declared here
template <bool> struct STATIC_ASSERTION_FAILURE;
                       ^
In file included from <built-in>:1:
ADTs/Global.h:281:43: error: implicit instantiation of undefined template 'STATIC_ASSERTION_FAILURE<false>'
    vec<T>&  operator = (vec<T>& other) { TEMPLATE_FAIL; return *this; }
                                          ^
ADTs/Global.h:78:23: note: expanded from macro 'TEMPLATE_FAIL'
#define TEMPLATE_FAIL STATIC_ASSERTION_FAILURE<false>()
                      ^
ADTs/Global.h:76:24: note: template is declared here
template <bool> struct STATIC_ASSERTION_FAILURE;
                       ^
ADTs/Global.h:282:43: error: implicit instantiation of undefined template 'STATIC_ASSERTION_FAILURE<false>'
             vec        (vec<T>& other) { TEMPLATE_FAIL; }
                                          ^
ADTs/Global.h:78:23: note: expanded from macro 'TEMPLATE_FAIL'
#define TEMPLATE_FAIL STATIC_ASSERTION_FAILURE<false>()
                      ^
ADTs/Global.h:76:24: note: template is declared here
template <bool> struct STATIC_ASSERTION_FAILURE;
                       ^
In file included from <built-in>:1:
ADTs/Global.h:281:43: error: implicit instantiation of undefined template 'STATIC_ASSERTION_FAILURE<false>'
    vec<T>&  operator = (vec<T>& other) { TEMPLATE_FAIL; return *this; }
                                          ^
ADTs/Global.h:78:23: note: expanded from macro 'TEMPLATE_FAIL'
#define TEMPLATE_FAIL STATIC_ASSERTION_FAILURE<false>()
                      ^
ADTs/Global.h:76:24: note: template is declared here
template <bool> struct STATIC_ASSERTION_FAILURE;
                       ^
ADTs/Global.h:282:43: error: implicit instantiation of undefined template 'STATIC_ASSERTION_FAILURE<false>'
             vec        (vec<T>& other) { TEMPLATE_FAIL; }
                                          ^
ADTs/Global.h:78:23: note: expanded from macro 'TEMPLATE_FAIL'
#define TEMPLATE_FAIL STATIC_ASSERTION_FAILURE<false>()
                      ^
ADTs/Global.h:76:24: note: template is declared here
template <bool> struct STATIC_ASSERTION_FAILURE;
                       ^
In file included from <built-in>:1:
ADTs/Global.h:281:43: error: implicit instantiation of undefined template 'STATIC_ASSERTION_FAILURE<false>'
    vec<T>&  operator = (vec<T>& other) { TEMPLATE_FAIL; return *this; }
                                          ^
ADTs/Global.h:78:23: note: expanded from macro 'TEMPLATE_FAIL'
#define TEMPLATE_FAIL STATIC_ASSERTION_FAILURE<false>()
                      ^
ADTs/Global.h:76:24: note: template is declared here
template <bool> struct STATIC_ASSERTION_FAILURE;
                       ^
ADTs/Global.h:282:43: error: implicit instantiation of undefined template 'STATIC_ASSERTION_FAILURE<false>'
             vec        (vec<T>& other) { TEMPLATE_FAIL; }
                                          ^
ADTs/Global.h:78:23: note: expanded from macro 'TEMPLATE_FAIL'
#define TEMPLATE_FAIL STATIC_ASSERTION_FAILURE<false>()
                      ^
ADTs/Global.h:76:24: note: template is declared here
template <bool> struct STATIC_ASSERTION_FAILURE;
                       ^
In file included from <built-in>:1:
ADTs/Global.h:281:In file included from <built-in>:1:
ADTs/Global.h:281:43: error: implicit instantiation of undefined template 'STATIC_ASSERTION_FAILURE<false>'
43:    vec<T>&  operator = (vec<T>& other) { TEMPLATE_FAIL; return *this; }
                                          ^
ADTs/Global.h:78:23: note: expanded from macro 'TEMPLATE_FAIL'
 #define TEMPLATE_FAIL STATIC_ASSERTION_FAILURE<false>()
                      ^
ADTs/Global.h:76:24: note: template is declared here
template <bool> struct STATIC_ASSERTION_FAILURE;error: implicit instantiation of undefined template 'STATIC_ASSERTION_FAILURE<false>'

    vec<T>&  operator = (vec<T>& other) { TEMPLATE_FAIL; return *this; }
                                          ^
ADTs/Global.h:78:23: note: expanded from macro 'TEMPLATE_FAIL'
#define TEMPLATE_FAIL STATIC_ASSERTION_FAILURE<false>()                       ^

                      ^ADTs/Global.h
ADTs/Global.h:76:24: note: template is declared here
template <bool> struct STATIC_ASSERTION_FAILURE;
                       ^
:282:43ADTs/Global.h:282:43: error: implicit instantiation of undefined template 'STATIC_ASSERTION_FAILURE<false>'
:             vec        (vec<T>& other) { TEMPLATE_FAIL; } error: implicit instantiation of undefined template 'STATIC_ASSERTION_FAILURE<false>'
             vec        (vec<T>& other) { TEMPLATE_FAIL; }
                                          ^
ADTs/Global.h:78:23: note: expanded from macro 'TEMPLATE_FAIL'

#define TEMPLATE_FAIL STATIC_ASSERTION_FAILURE<false>()
                      ^
ADTs/Global.h:76:24: note: template is declared here
template <bool> struct STATIC_ASSERTION_FAILURE;                                          ^
ADTs/Global.h:78:23: note: expanded from macro 'TEMPLATE_FAIL'
#define TEMPLATE_FAIL STATIC_ASSERTION_FAILURE<false>()
                      ^
ADTs/Global.h:76:24: note: template is declared here

template <bool> struct STATIC_ASSERTION_FAILURE;
                       ^
                       ^
In file included from SatELite.C:26:
./SatELite.h:76:67: warning: binding dereferenced null pointer to reference has undefined behavior [-Wnull-dereference]
FILE* createTmpFile(cchar* prefix, cchar* mode, char*& out_name = *(char**)NULL);
                                                                  ^~~~~~~~~~~~~
./SatELite.h:260:1: warning: 'Solver' defined as a struct here but previously declared as a class [-Wmismatched-tags]
struct Solver {
^
./SatELite.h:89:1: note: did you mean struct here?
class Solver;
^~~~~
structIn file included from Main.C:31:
In file included from ./PbSolver.h:23:
In file included from ./Solver.h:24:
./SatELite.h:76:67: warning: binding dereferenced null pointer to reference has undefined behavior [-Wnull-dereference]
FILE* createTmpFile(cchar* prefix, cchar* mode, char*& out_name = *(char**)NULL);
                                                                  ^~~~~~~~~~~~~

In file included from Hardware_clausify.C:20:
In file included from ./Hardware.h:23:
In file included from ADTs/FEnv.h:30:
ADTs/Map.h:129:54: error: implicit instantiation of undefined template 'STATIC_ASSERTION_FAILURE<false>'
    Map<K,D,Par>& operator = (Map<K,D,Par>& other) { TEMPLATE_FAIL; return *this; }
                                                     ^
ADTs/Global.h:78:23: note: expanded from macro 'TEMPLATE_FAIL'
#define TEMPLATE_FAIL STATIC_ASSERTION_FAILURE<false>()
                      ^
ADTs/Global.h:76:24: note: template is declared here
template <bool> struct STATIC_ASSERTION_FAILURE;
                       ^
In file included from Hardware_clausify.C:20:
In file included from ./Hardware.h:23:
In file included from ADTs/FEnv.h:30:
ADTs/Map.h:130:54: error: implicit instantiation of undefined template 'STATIC_ASSERTION_FAILURE<false>'
                  Map        (Map<K,D,Par>& other) { TEMPLATE_FAIL; }
                                                     ^
ADTs/Global.h:78:23: note: expanded from macro 'TEMPLATE_FAIL'
#define TEMPLATE_FAIL STATIC_ASSERTION_FAILURE<false>()In file included from 
                      ^
ADTs/Global.h:76:24: note: template is declared here
template <bool> struct STATIC_ASSERTION_FAILURE;
                       ^
PbSolver_convertAdd.C:20:
In file included from ./PbSolver.h:23:
In file included from ./Solver.h:24:
./SatELite.h:76:67: warning: binding dereferenced null pointer to reference has undefined behavior [-Wnull-dereference]
FILE* createTmpFile(cchar* prefix, cchar* mode, char*& out_name = *(char**)NULL);
                                                                  ^~~~~~~~~~~~~
In file included from PbSolver_convert.C:20:
In file included from ./PbSolver.h:23:
In file included from ./Solver.h:24:
./SatELite.h:76:67: warning: binding dereferenced null pointer to reference has undefined behavior [-Wnull-dereference]
FILE* createTmpFile(cchar* prefix, cchar* mode, char*& out_name = *(char**)NULL);
                                                                  ^~~~~~~~~~~~~
In file included from <built-in>:1:
ADTs/Global.h:281:43: error: implicit instantiation of undefined template 'STATIC_ASSERTION_FAILURE<false>'
    vec<T>&  operator = (vec<T>& other) { TEMPLATE_FAIL; return *this; }
                                          ^
ADTs/Global.h:78:23: note: expanded from macro 'TEMPLATE_FAIL'
#define TEMPLATE_FAIL STATIC_ASSERTION_FAILURE<false>()
                      ^
ADTs/Global.h:76:24: note: template is declared here
template <bool> struct STATIC_ASSERTION_FAILURE;
                       ^
ADTs/Global.h:282:43: error: implicit instantiation of undefined template 'STATIC_ASSERTION_FAILURE<false>'
             vec        (vec<T>& other) { TEMPLATE_FAIL; }
                                          ^
ADTs/Global.h:78:23: note: expanded from macro 'TEMPLATE_FAIL'
#define TEMPLATE_FAIL STATIC_ASSERTION_FAILURE<false>()
                      ^
ADTs/Global.h:76:24: note: template is declared here
template <bool> struct STATIC_ASSERTION_FAILURE;
                       ^
./SatELite.h:471:45: warning: binding dereferenced null pointer to reference has undefined behavior [-Wnull-dereference]
    void subsume0(Clause ps, int& counter = *(int*)NULL);
                                            ^~~~~~~~~~~
./SatELite.h:472:45: warning: binding dereferenced null pointer to reference has undefined behavior [-Wnull-dereference]
    void subsume1(Clause ps, int& counter = *(int*)NULL);
./SatELite.h:260:1: warning: 'Solver' defined as a struct here but previously declared as a class [-Wmismatched-tags]
struct Solver {
^
                                            ^~~~~~~~~~~
./SatELite.h:89:1: note: did you mean struct here?
class Solver;
^~~~~
struct
In file included from PbParser.C:20:
In file included from ./PbParser.h:23:
In file included from ./PbSolver.h:23:
In file included from ./Solver.h:24:
./SatELite.h:76:67: warning: binding dereferenced null pointer to reference has undefined behavior [-Wnull-dereference]
FILE* createTmpFile(cchar* prefix, cchar* mode, char*& out_name = *(char**)NULL);
                                                                  ^~~~~~~~~~~~~
In file included from PbSolver_convertSort.C:20:
In file included from Hardware_adders.C:20:
In file included from ./Hardware.h:23:
In file included from ADTs/FEnv.h:30:
ADTs/Map.h:129:54: error: implicit instantiation of undefined template 'STATIC_ASSERTION_FAILURE<false>'
    Map<K,D,Par>& operator = (Map<K,D,Par>& other) { TEMPLATE_FAIL; return *this; }
                                                     ^
ADTs/Global.h:78:23: note: expanded from macro 'TEMPLATE_FAIL'
#define TEMPLATE_FAIL STATIC_ASSERTION_FAILURE<false>()
In file included from ./PbSolver.h:23:
In file included from ./Solver.h:24:
./SatELite.h:76:67: warning: binding dereferenced null pointer to reference has undefined behavior [-Wnull-dereference]
FILE* createTmpFile(cchar* prefix, cchar* mode, char*& out_name = *(char**)NULL);
                                                                  ^~~~~~~~~~~~~
./SatELite.h:260:1: warning: 'Solver' defined as a struct here but previously declared as a class [-Wmismatched-tags]
                      ^
ADTs/Global.hstruct Solver {
^
:76:24: note: template is declared here
./SatELite.htemplate <bool> struct STATIC_ASSERTION_FAILURE;
                       ^
In file included from Hardware_adders.C:20:
In file included from ./Hardware.h:23:
:89:1: note: did you mean struct here?
class Solver;
^~~~~
struct
In file included from ADTs/FEnv.h:30:
ADTs/Map.h:130:54: error: implicit instantiation of undefined template 'STATIC_ASSERTION_FAILURE<false>'
                  Map        (Map<K,D,Par>& other) { TEMPLATE_FAIL; }
                                                     ^
./SatELite.hADTs/Global.h:471:45: warning: binding dereferenced null pointer to reference has undefined behavior [-Wnull-dereference]
    void subsume0(Clause ps, int& counter = *(int*)NULL);
:78:23: note: expanded from macro 'TEMPLATE_FAIL'
#define TEMPLATE_FAIL STATIC_ASSERTION_FAILURE<false>()
                      ^
ADTs/Global.h:76:24: note: template is declared here                                            ^~~~~~~~~~~

template <bool> struct STATIC_ASSERTION_FAILURE;
                       ^
./SatELite.h:260:1: warning: 'Solver' defined as a struct here but previously declared as a class [-Wmismatched-tags]
struct Solver {
^
./SatELite.h:472:45: warning: binding dereferenced null pointer to reference has undefined behavior [-Wnull-dereference]
./SatELite.h:89:1: note: did you mean struct here?
class Solver;
^~~~~
struct
    void subsume1(Clause ps, int& counter = *(int*)NULL);
                                            ^~~~~~~~~~~
2 errors generated.
./SatELite.h:471:45: warning: binding dereferenced null pointer to reference has undefined behavior [-Wnull-dereference]
    void subsume0(Clause ps, int& counter = *(int*)NULL);
                                            ^~~~~~~~~~~
In file included from ./SatELite.h:472:45: warning: binding dereferenced null pointer to reference has undefined behavior [-Wnull-dereference]
    void subsume1(Clause ps, int& counter = *(int*)NULL);
                                            ^~~~~~~~~~~
PbSolver.C:22:
In file included from ./Debug.h:24:
In file included from ./PbSolver.h:23:
In file included from ./Solver.h:24:
./SatELite.h:76:67: warning: binding dereferenced null pointer to reference has undefined behavior [-Wnull-dereference]
./SatELite.h:471:45: warning: binding dereferenced null pointer to reference has undefined behavior [-Wnull-dereference]
./SatELite.h    void subsume0(Clause ps, int& counter = *(int*)NULL);
                                            ^~~~~~~~~~~
./SatELite.h:472:45: warning: binding dereferenced null pointer to reference has undefined behavior [-Wnull-dereference]
    void subsume1(Clause ps, int& counter = *(int*)NULL);
                                            ^~~~~~~~~~~
:260:1: warning: 'Solver' defined as a struct here but previously declared as a class [-Wmismatched-tags]
struct Solver {
^
FILE* createTmpFile(cchar* prefix, cchar* mode, char*& out_name = *(char**)NULL);
                                                                  ^~~~~~~~~~~~~
./SatELite.h:89:1: note: ./SatELite.h:260:1: warning: 'Solver' defined as a struct here but previously declared as a class [-Wmismatched-tags]
struct Solver {
^
did you mean struct here?
./SatELite.hclass Solver;:89:1: note: did you mean struct here?
class Solver;
^~~~~
struct

^~~~~
struct
In file included from Debug.C:20:
In file included from ./Debug.h:24:
In file included from ./PbSolver.h:23:
In file included from ./Solver.h:24:
./SatELite.h:76:67: warning: binding dereferenced null pointer to reference has undefined behavior [-Wnull-dereference]
FILE* createTmpFile(cchar* prefix, cchar* mode, char*& out_name = *(char**)NULL);
                                                                  ^~~~~~~~~~~~~
Makefile:55: recipe for target 'ADTs/File.o' failed
make[1]: *** [ADTs/File.o] Error 1
make[1]: *** Waiting for unfinished jobs....
In file included from ADTs/FEnv.C:20:
In file included from ADTs/FEnv.h:30:
ADTs/Map.h:129:54: error: implicit instantiation of undefined template 'STATIC_ASSERTION_FAILURE<false>'
    Map<K,D,Par>& operator = (Map<K,D,Par>& other) { TEMPLATE_FAIL; return *this; }
                                                     ^
ADTs/Global.h:78:23: note: expanded from macro 'TEMPLATE_FAIL'
#define TEMPLATE_FAIL STATIC_ASSERTION_FAILURE<false>()
                      ^
ADTs/Global.h:76:24: note: template is declared here
template <bool> struct STATIC_ASSERTION_FAILURE;
                       ^
./SatELite.h:471:45: warningIn file included from : ADTs/FEnv.Cbinding dereferenced null pointer to reference has undefined behavior [-Wnull-dereference]:
20:
In file included from ADTs/FEnv.h:30:
ADTs/Map.h:130:54: error: implicit instantiation of undefined template 'STATIC_ASSERTION_FAILURE<false>'
    void subsume0(Clause ps, int& counter = *(int*)NULL);
                                            ^~~~~~~~~~~
                  Map        (Map<K,D,Par>& other) { TEMPLATE_FAIL; }
                                                     ^
ADTs/Global.h:78:23: note: expanded from macro 'TEMPLATE_FAIL'
./SatELite.h:472:45: warning: binding dereferenced null pointer to reference has undefined behavior [-Wnull-dereference]
#define TEMPLATE_FAIL STATIC_ASSERTION_FAILURE<false>()
                      ^
ADTs/Global.h:76:24: note: template is declared here
    void subsume1(Clause ps, int& counter = *(int*)NULL);
                                            ^~~~~~~~~~~
template <bool> struct STATIC_ASSERTION_FAILURE;
                       ^
./SatELite.h:471:45: warning: binding dereferenced null pointer to reference has undefined behavior [-Wnull-dereference]
    void subsume0(Clause ps, int& counter = *(int*)NULL);
                                            ^~~~~~~~~~~
./SatELite.h:472:45: warning: binding dereferenced null pointer to reference has undefined behavior [-Wnull-dereference]
    void subsume1(Clause ps, int& counter = *(int*)NULL);
                                            ^~~~~~~~~~~
./SatELite.h:260:1: warning: 'Solver' defined as a struct here but previously declared as a class [-Wmismatched-tags]
struct Solver {
^
./SatELite.h:89:1: note: did you mean struct here?
class Solver;
^~~~~
struct
./SatELite.h:260:1: warning: 'Solver' defined as a struct here but previously declared as a class [-Wmismatched-tags]
struct Solver {
^
./SatELite.h:89:1: note: did you mean struct here?
class Solver;
^~~~~
struct
./SatELite.h:471:45: warning: binding dereferenced null pointer to reference has undefined behavior [-Wnull-dereference]
    void subsume0(Clause ps, int& counter = *(int*)NULL);
                                            ^~~~~~~~~~~
./SatELite.h:472:45: warning: binding dereferenced null pointer to reference has undefined behavior [-Wnull-dereference]
    void subsume1(Clause ps, int& counter = *(int*)NULL);
                                            ^~~~~~~~~~~
In file included from PbSolver_convert.C:20:
In file included from ./PbSolver.h:24:
ADTs/Map.h:129:54: error: implicit instantiation of undefined template 'STATIC_ASSERTION_FAILURE<false>'
    Map<K,D,Par>& operator = (Map<K,D,Par>& other) { TEMPLATE_FAIL; return *this; }
                                                     ^
ADTs/Global.h:78:23: note: expanded from macro 'TEMPLATE_FAIL'
In file included from #define TEMPLATE_FAIL STATIC_ASSERTION_FAILURE<false>()
                      ^
ADTs/Global.h:76:24: note: template is declared here
template <bool> struct STATIC_ASSERTION_FAILURE;
                       ^
Main.CIn file included from :31:
In file included from ./PbSolver.h:24:
ADTs/Map.h:129:54: error: implicit instantiation of undefined template 'STATIC_ASSERTION_FAILURE<false>'
PbSolver_convert.C    Map<K,D,Par>& operator = (Map<K,D,Par>& other) { TEMPLATE_FAIL; return *this; }:20:
In file included from ./PbSolver.h:24:
ADTs/Map.h:130:54: error: implicit instantiation of undefined template 'STATIC_ASSERTION_FAILURE<false>'

                  Map        (Map<K,D,Par>& other) { TEMPLATE_FAIL; }
                                                     ^
ADTs/Global.h:78:23: note: expanded from macro 'TEMPLATE_FAIL'
                                                     ^#define TEMPLATE_FAIL STATIC_ASSERTION_FAILURE<false>()
                      ^
ADTs/Global.h:76:24: note: template is declared here

template <bool> struct STATIC_ASSERTION_FAILURE;
                       ^
ADTs/Global.h:78:23: note: expanded from macro 'TEMPLATE_FAIL'
#define TEMPLATE_FAIL STATIC_ASSERTION_FAILURE<false>()
                      ^
ADTs/Global.h:76:24: note: template is declared here
template <bool> struct STATIC_ASSERTION_FAILURE;
                       ^
In file included from Main.C:31:
In file included from ./PbSolver.h:24:
ADTs/Map.h:130:54: error: implicit instantiation of undefined template 'STATIC_ASSERTION_FAILURE<false>'
                  Map        (Map<K,D,Par>& other) { TEMPLATE_FAIL; }./SatELite.h:471:45: warning: binding dereferenced null pointer to reference has undefined behavior [-Wnull-dereference]
    void subsume0(Clause ps, int& counter = *(int*)NULL);
                                                     ^
ADTs/Global.h:78:23: note: expanded from macro 'TEMPLATE_FAIL'
#define TEMPLATE_FAIL STATIC_ASSERTION_FAILURE<false>()
                      ^
ADTs/Global.h:76:24: note: template is declared here
template <bool> struct STATIC_ASSERTION_FAILURE;
                                            ^~~~~~~~~~~

./SatELite.h:472:45: warning: binding dereferenced null pointer to reference has undefined behavior [-Wnull-dereference]
                       ^    void subsume1(Clause ps, int& counter = *(int*)NULL);
                                            ^~~~~~~~~~~

In file included from PbSolver_convertAdd.C:20:
In file included from ./PbSolver.h:24:
ADTs/Map.h:129:54: error: implicit instantiation of undefined template 'STATIC_ASSERTION_FAILURE<false>'
    Map<K,D,Par>& operator = (Map<K,D,Par>& other) { TEMPLATE_FAIL; return *this; }
                                                     ^
ADTs/Global.h:78:23: note: expanded from macro 'TEMPLATE_FAIL'
#define TEMPLATE_FAIL STATIC_ASSERTION_FAILURE<false>()
                      ^
ADTs/Global.h:76:24: note: template is declared here
template <bool> struct STATIC_ASSERTION_FAILURE;
                       ^
In file included from PbSolver_convertAdd.C:20:
In file included from ./PbSolver.h:24:
ADTs/Map.h:130:54: error: implicit instantiation of undefined template 'STATIC_ASSERTION_FAILURE<false>'
                  Map        (Map<K,D,Par>& other) { TEMPLATE_FAIL; }
                                                     ^
ADTs/Global.h:78:23: note: expanded from macro 'TEMPLATE_FAIL'
#define TEMPLATE_FAIL STATIC_ASSERTION_FAILURE<false>()
                      ^In file included from 
ADTs/Global.h:76:24: note: template is declared here
template <bool> struct STATIC_ASSERTION_FAILURE;
                       ^
Hardware_sorters.C:20:
In file included from ./Hardware.h:23:
In file included from ADTs/FEnv.h:30:
ADTs/Map.h:129:54: error: implicit instantiation of undefined template 'STATIC_ASSERTION_FAILURE<false>'
    Map<K,D,Par>& operator = (Map<K,D,Par>& other) { TEMPLATE_FAIL; return *this; }
                                                     ^
ADTs/Global.h:78:23: note: expanded from macro 'TEMPLATE_FAIL'
#define TEMPLATE_FAIL STATIC_ASSERTION_FAILURE<false>()
                      ^
ADTs/Global.h:76:24: note: template is declared here
template <bool> struct STATIC_ASSERTION_FAILURE;
                       ^
In file included from Hardware_sorters.C:20:
In file included from ./Hardware.h:23:
In file included from ADTs/FEnv.h:30:
ADTs/Map.h:130:54: error: implicit instantiation of undefined template 'STATIC_ASSERTION_FAILURE<false>'
                  Map        (Map<K,D,Par>& other) { TEMPLATE_FAIL; }
                                                     ^
ADTs/Global.h:78:23: note: expanded from macro 'TEMPLATE_FAIL'
#define TEMPLATE_FAIL STATIC_ASSERTION_FAILURE<false>()
                      ^
ADTs/Global.h:76:24: note: template is declared here
template <bool> struct STATIC_ASSERTION_FAILURE;
                       ^
In file included from PbSolver_convertSort.C:20:
In file included from ./PbSolver.h:24:
ADTs/Map.h:129:54: error: implicit instantiation of undefined template 'STATIC_ASSERTION_FAILURE<false>'
    Map<K,D,Par>& operator = (Map<K,D,Par>& other) { TEMPLATE_FAIL; return *this; }
                                                     ^
ADTs/Global.h:78:23: note: expanded from macro 'TEMPLATE_FAIL'
#define TEMPLATE_FAIL STATIC_ASSERTION_FAILURE<false>()
                      ^
ADTs/Global.h:76:24In file included from : note: template is declared here
template <bool> struct STATIC_ASSERTION_FAILURE;
                       ^
PbSolver_convertBdd.CIn file included from PbSolver_convertSort.C:20:
In file included from ./PbSolver.h:24:
ADTs/Map.h:130:54: error: implicit instantiation of undefined template 'STATIC_ASSERTION_FAILURE<false>'
:                  Map        (Map<K,D,Par>& other) { TEMPLATE_FAIL; }20:
In file included from ./PbSolver.h:23:
In file included from ./Solver.h:24:
./SatELite.h:76:67: warning: binding dereferenced null pointer to reference has undefined behavior [-Wnull-dereference]

FILE* createTmpFile(cchar* prefix, cchar* mode, char*& out_name = *(char**)NULL);
                                                                  ^~~~~~~~~~~~~
                                                     ^
ADTs/Global.h:78:23: note: expanded from macro 'TEMPLATE_FAIL'
#define TEMPLATE_FAIL STATIC_ASSERTION_FAILURE<false>()
                      ^
ADTs/Global.h:76:24: note: template is declared here
template <bool> struct STATIC_ASSERTION_FAILURE;
                       ^
In file included from PbParser.C:20:
In file included from ./PbParser.h:23:
In file included from ./PbSolver.h:24:
ADTs/Map.h:129:54: error: implicit instantiation of undefined template 'STATIC_ASSERTION_FAILURE<false>'
    Map<K,D,Par>& operator = (Map<K,D,Par>& other) { TEMPLATE_FAIL; return *this; }
                                                     ^
ADTs/Global.h:78:23: note: expanded from macro 'TEMPLATE_FAIL'
#define TEMPLATE_FAIL STATIC_ASSERTION_FAILURE<false>()
                      ^
ADTs/Global.h:76:24: note: template is declared here
template <bool> struct STATIC_ASSERTION_FAILURE;
                       ^
In file included from PbParser.C:20:
In file included from ./PbParser.h:23:
In file included from ./PbSolver.h:24:
ADTs/Map.h:130:54: error: implicit instantiation of undefined template 'STATIC_ASSERTION_FAILURE<false>'
                  Map        (Map<K,D,Par>& other) { TEMPLATE_FAIL; }
                                                     ^
ADTs/Global.h:78:23: note: expanded from macro 'TEMPLATE_FAIL'
#define TEMPLATE_FAIL STATIC_ASSERTION_FAILURE<false>()
                      ^
ADTs/Global.h:76:24: note: template is declared here
template <bool> struct STATIC_ASSERTION_FAILURE;
                       ^
./SatELite.h:260:1: warning: 'Solver' defined as a struct here but previously declared as a class [-Wmismatched-tags]
struct Solver {
^
In file included from ./SatELite.h:89:1: note: did you mean struct here?
class Solver;
^~~~~
struct
PbSolver.C:22:
In file included from ./Debug.h:24:
In file included from ./PbSolver.h:24:
ADTs/Map.h:129:54: error: implicit instantiation of undefined template 'STATIC_ASSERTION_FAILURE<false>'
    Map<K,D,Par>& operator = (Map<K,D,Par>& other) { TEMPLATE_FAIL; return *this; }
                                                     ^
ADTs/Global.h:78:23: note: expanded from macro 'TEMPLATE_FAIL'
#define TEMPLATE_FAIL STATIC_ASSERTION_FAILURE<false>()
                      ^
ADTs/Global.h:76:24: note: template is declared here
template <bool> struct STATIC_ASSERTION_FAILURE;
                       ^
In file included from PbSolver.C:22:
In file included from ./Debug.h:24ADTs/Global.C:40:26::
In file included from ./PbSolver.h:24:
ADTs/Map.h:130:54: error: implicit instantiation of undefined template 'STATIC_ASSERTION_FAILURE<false>'
                  Map        (Map<K,D,Par>& other) { TEMPLATE_FAIL; }
                                                     ^
ADTs/Global.h:78:23: note: expanded from macro 'TEMPLATE_FAIL'
#define TEMPLATE_FAIL STATIC_ASSERTION_FAILURE<false>()
                      ^
ADTs/Global.h:76:24: note: template is declared here
template <bool> struct STATIC_ASSERTION_FAILURE; warning: implicit conversion from 'int' to 'char' changes value from 255 to -1 [-Wconstant-conversion]
    ret[chars_written] = 255;
                       ~ ^~~

                       ^
In file included from Debug.C:20:
In file included from ./Debug.h:24:
In file included from ./PbSolver.h:24:
ADTs/Map.h:129:54: error: implicit instantiation of undefined template 'STATIC_ASSERTION_FAILURE<false>'
    Map<K,D,Par>& operator = (Map<K,D,Par>& other) { TEMPLATE_FAIL; return *this; }
                                                     ^
ADTs/Global.h:78:23: note: expanded from macro 'TEMPLATE_FAIL'
#define TEMPLATE_FAIL STATIC_ASSERTION_FAILURE<false>()1
                      ^
ADTs/Global.h:76:24: note: template is declared here
template <bool> struct STATIC_ASSERTION_FAILURE;
                       ^
 warningIn file included from  and 2 errors generated.
Debug.C:20:
In file included from ./Debug.h:24:
In file included from ./PbSolver.h:24:
ADTs/Map.h:130./SatELite.h:471:45: warning: binding dereferenced null pointer to reference has undefined behavior [-Wnull-dereference]
:    void subsume0(Clause ps, int& counter = *(int*)NULL);
                                            ^~~~~~~~~~~
./SatELite.h:472:45: warning: binding dereferenced null pointer to reference has undefined behavior [-Wnull-dereference]
54:    void subsume1(Clause ps, int& counter = *(int*)NULL);
                                            ^~~~~~~~~~~
 error: implicit instantiation of undefined template 'STATIC_ASSERTION_FAILURE<false>'
                  Map        (Map<K,D,Par>& other) { TEMPLATE_FAIL; }
                                                     ^
ADTs/Global.h:78:23: note: expanded from macro 'TEMPLATE_FAIL'
#define TEMPLATE_FAIL STATIC_ASSERTION_FAILURE<false>()
                      ^
ADTs/Global.h:76:24: note: template is declared here
template <bool> struct STATIC_ASSERTION_FAILURE;
                       ^
SatELite.C:172:10: warning: reference cannot be bound to dereferenced null pointer in well-defined C++ code; comparison may be assumed to always evaluate to true [-Wtautological-undefined-compare]
    if (&out_name != NULL) out_name = name;
         ^~~~~~~~    ~~~~
SatELite.C:182:20: warning: '&&' within '||' [-Wlogical-op-parentheses]
        if (!exact && (strlen(tmp_files[i]) == len + 6 && strncmp(tmp_files[i], prefix, len) == 0)
            ~~~~~~~^~~~~~~~~~~~~~~~~~~~~~~~~~~~~~~~~~~~~~~~~~~~~~~~~~~~~~~~~~~~~~~~~~~~~~~~~~~~~~~
SatELite.CMakefile:55: recipe for target 'ADTs/Global.o' failed
make[1]: *** [ADTs/Global.o] Error 1
:182:20: note: place parentheses around the '&&' expression to silence this warning
        if (!exact && (strlen(tmp_files[i]) == len + 6 && strncmp(tmp_files[i], prefix, len) == 0)
                   ^
            (                                                                                     )
SatELite.C:183:20: warning: '&&' within '||' [-Wlogical-op-parentheses]
        ||   exact && (strcmp(tmp_files[i], prefix) == 0))
        ~~   ~~~~~~^~~~~~~~~~~~~~~~~~~~~~~~~~~~~~~~~~~~~~
SatELite.C:183:20: note: place parentheses around the '&&' expression to silence this warning
        ||   exact && (strcmp(tmp_files[i], prefix) == 0))
                   ^
             (                                           )
MiniSat.C:65:10: warning: reference cannot be bound to dereferenced null pointer in well-defined C++ code; comparison may be assumed to always evaluate to true [-Wtautological-undefined-compare]
    if (&out_clause != NULL) out_clause = NULL;
         ^~~~~~~~~~    ~~~~
MiniSat.C:135:14: warning: reference cannot be bound to dereferenced null pointer in well-defined C++ code; comparison may be assumed to always evaluate to true [-Wtautological-undefined-compare]
        if (&out_clause != NULL) out_clause = c;
             ^~~~~~~~~~    ~~~~
MiniSat.C:148:10: warning: add explicit braces to avoid dangling else [-Wdangling-else]
        }else{
         ^
In file included from PbSolver_convertBdd.C:20:
In file included from ./PbSolver.h:24:
ADTs/Map.h:129:54: error: implicit instantiation of undefined template 'STATIC_ASSERTION_FAILURE<false>'
    Map<K,D,Par>& operator = (Map<K,D,Par>& other) { TEMPLATE_FAIL; return *this; }
                                                     ^
ADTs/Global.h:78:23: note: expanded from macro 'TEMPLATE_FAIL'
#define TEMPLATE_FAIL STATIC_ASSERTION_FAILURE<false>()
                      ^
ADTs/Global.h:76:24: note: template is declared here
template <bool> struct STATIC_ASSERTION_FAILURE;
                       ^
In file included from PbSolver_convertBdd.C:20:
In file included from ./PbSolver.h:24:
ADTs/Map.h:130:54: error: implicit instantiation of undefined template 'STATIC_ASSERTION_FAILURE<false>'
                  Map        (Map<K,D,Par>& other) { TEMPLATE_FAIL; }
                                                     ^
ADTs/Global.h:78:23: note: expanded from macro 'TEMPLATE_FAIL'
#define TEMPLATE_FAIL STATIC_ASSERTION_FAILURE<false>()
                      ^
ADTs/Global.h:76:24: note: template is declared here
template <bool> struct STATIC_ASSERTION_FAILURE;
                       ^
MiniSat.C:384:13: warning: add explicit braces to avoid dangling else [-Wdangling-else]
            REMOVABLE_LIT(q);
            ^
MiniSat.C:367:18: note: expanded from macro 'REMOVABLE_LIT'
                }else{                                                                                   \
                 ^
In file included from Hardware_clausify.C:20:
In file included from ./Hardware.h:24:
In file included from ./PbSolver.h:23:
In file included from ./Solver.h:24:
./SatELite.h:76:67: warning: binding dereferenced null pointer to reference has undefined behavior [-Wnull-dereference]
FILE* createTmpFile(cchar* prefix, cchar* mode, char*& out_name = *(char**)NULL);
                                                                  ^~~~~~~~~~~~~
MiniSat.C:388:17: warning: add explicit braces to avoid dangling else [-Wdangling-else]
                REMOVABLE_LIT(c[i]);
                ^
MiniSat.C:367:18: note: expanded from macro 'REMOVABLE_LIT'
                }else{                                                                                   \
                 ^
./SatELite.h:260:1: warning: 'Solver' defined as a struct here but previously declared as a class [-Wmismatched-tags]
struct Solver {
^
./SatELite.h:89:1: note: did you mean struct here?
class Solver;
^~~~~
struct
In file included from PbSolver_convert.C:20:
In file included from ./PbSolver.h:24:
In file included from ADTs/Map.h:29:
ADTs/VecAlloc.h:41:115: warning: format specifies type 'int' but the argument has type 'unsigned long' [-Wformat]
        if (nallocs != 0) fprintf(stderr, "WARNING! VecAlloc detected leak of %d unit(s) of size %d.\n", nallocs, sizeof(T));
                                                                                                 ~~               ^~~~~~~~~
                                                                                                 %lu
ADTs/Map.h:119:5./SatELite.h: note: in instantiation of member function 'VecAlloc<Map<const char *, int, Hash_params<const char *> >::Cell, 100>::~VecAlloc' requested here
:    Map(void)                        : D_null()     { init(1);        }
    ^
./PbSolver.h:90:5: note: in instantiation of member function 'Map<const char *, int, Hash_params<const char *> >::Map' requested here
471    PbSolver()  : sat_solver(opt_solver == st_MiniSat)
    ^
In file included from Hardware_adders.C:20:
In file included from ./Hardware.h:24:
In file included from ./PbSolver.h:23:
In file included from ./Solver.h:24:
./SatELite.h:76:67: warning: binding dereferenced null pointer to reference has undefined behavior [-Wnull-dereference]
:45FILE* createTmpFile(cchar* prefix, cchar* mode, char*& out_name = *(char**)NULL);
                                                                  ^~~~~~~~~~~~~
: warning: binding dereferenced null pointer to reference has undefined behavior [-Wnull-dereference]
    void subsume0(Clause ps, int& counter = *(int*)NULL);
                                            ^~~~~~~~~~~
./SatELite.h:472:45: warning: binding dereferenced null pointer to reference has undefined behavior [-Wnull-dereference]
    void subsume1(Clause ps, int& counter = *(int*)NULL);
                                            ^~~~~~~~~~~
In file included from PbParser.C:20:
In file included from ./PbParser.h:23:
In file included from ./PbSolver.h:24:
In file included from ADTs/FEnv.C:20:
In file included from ADTs/FEnv.h:30:
In file included from ADTs/Map.h:29:
ADTs/VecAlloc.h:41:115: warning: format specifies type 'int' but the argument has type 'unsigned long' [-Wformat]
In file included from ADTs/Map.h:        if (nallocs != 0) fprintf(stderr, "WARNING! VecAlloc detected leak of %d unit(s) of size %d.\n", nallocs, sizeof(T));
                                                                                                 ~~               ^~~~~~~~~
                                                                                                 %lu
ADTs/Map.h:119:5: note: in instantiation of member function 'VecAlloc<Map<FEnv::NodeData, int, Hash_params<FEnv::NodeData> >::Cell, 100>::~VecAlloc' requested here
29    Map(void)                        : D_null()     { init(1);        }
    ^
ADTs/FEnv.C:24:25: note: in instantiation of member function 'Map<FEnv::NodeData, int, Hash_params<FEnv::NodeData> >::Map' requested here
:
    Map<NodeData, int>  uniqueness_table;
                        ^
ADTs/VecAlloc.h:41:115: warning: format specifies type 'int' but the argument has type 'unsigned long' [-Wformat]
        if (nallocs != 0) fprintf(stderr, "WARNING! VecAlloc detected leak of %d unit(s) of size %d.\n", nallocs, sizeof(T));
                                                                                                 ~~               ^~~~~~~~~
                                                                                                 %lu
ADTs/Map.h:119:5: note: in instantiation of member function 'VecAlloc<Map<const char *, int, Hash_params<const char *> >::Cell, 100>::~VecAlloc' requested here
    Map(void)                        : D_null()     { init(1);        }
    ^
./PbSolver.h:90:5: note: in instantiation of member function 'Map<const char *, int, Hash_params<const char *> >::Map' requested here
    PbSolver()  : sat_solver(opt_solver == st_MiniSat)
    ^
In file included from PbSolver_convert.C:20:
In file included from ./PbSolver.h:25:
ADTs/StackAlloc.h:83:26: warning: delete called on non-final 'StackAlloc<char *, 10000, 1000>' that has virtual functions but non-virtual destructor [-Wdelete-non-virtual-dtor]
        tmp = ptr->prev, delete ptr, ptr = tmp;
                         ^
ADTs/StackAlloc.h:55:26: note: in instantiation of member function 'StackAlloc<char *, 10000, 1000>::freeAll' requested here
    void clear  (void) { freeAll(); init(); }
                         ^
PbSolver_convert.C:71:9: note: in instantiation of member function 'StackAlloc<char *, 10000, 1000>::clear' requested here
    mem.clear();
        ^
In file included from PbSolver_convert.C:20:
In file included from 1 warning and 4 errors generated.
./PbSolver.h:23:
In file included from ./Solver.h:23:
In file included from ./MiniSat.h:30:
./VarOrder.h:44:25: warning: private field 'activity' is not used [-Wunused-private-field]
    const vec<double>&  activity;    // var->act. Pointer to external activity table.
                        ^
7 warnings and 4 errors generated.
./SatELite.h:260:1: warning: 'Solver' defined as a struct here but previously declared as a class [-Wmismatched-tags]
struct Solver {
^
./SatELite.h:89:1: note: did you mean struct here?
class Solver;
^~~~~
struct
In file included from Main.C:31:
In file included from ./PbSolver.h:24:
In file included from ADTs/Map.h:29:
ADTs/VecAlloc.h:41:115: warning: format specifies type 'int' but the argument has type 'unsigned long' [-Wformat]
        if (nallocs != 0) fprintf(stderr, "WARNING! VecAlloc detected leak of %d unit(s) of size %d.\n", nallocs, sizeof(T));
                                                                                                 ~~               ^~~~~~~~~
                                                                                                 %lu
ADTs/Map.h:119:5: note: in instantiation of member function 'VecAlloc<Map<const char *, int, Hash_params<const char *> >::Cell, 100>::~VecAlloc' requested here
    Map(void)                        : D_null()     { init(1);        }
    ^
./PbSolver.h:90:5: note: in instantiation of member function 'Map<const char *, int, Hash_params<const char *> >::Map' requested here
    PbSolver()  : sat_solver(opt_solver == st_MiniSat)
    ^
Makefile:55: recipe for target 'PbSolver_convert.o' failed
make[1]: *** [PbSolver_convert.o] Error 1
Makefile:55: recipe for target 'ADTs/FEnv.o' failed
make[1]: *** [ADTs/FEnv.o] Error 1
In file included from PbParser.C:20:
In file included from ./PbParser.h:23:
In file included from ./PbSolver.h:23:
In file included from ./Solver.h:23:
In file included from ./MiniSat.h:30:
./VarOrder.h:44:25: warning: private field 'activity' is not used [-Wunused-private-field]
    const vec<double>&  activity;    // var->act. Pointer to external activity table.
                        ^
6 warnings and 4 errors generated.
./SatELite.h:471:45: warning: binding dereferenced null pointer to reference has undefined behavior [-Wnull-dereference]
    void subsume0(Clause ps, int& counter = *(int*)NULL);
                                            ^~~~~~~~~~~
./SatELite.h:472:45: warning: binding dereferenced null pointer to reference has undefined behavior [-Wnull-dereference]
    void subsume1(Clause ps, int& counter = *(int*)NULL);
                                            ^~~~~~~~~~~
SatELite.C:1694:14: warning: reference cannot be bound to dereferenced null pointer in well-defined C++ code; comparison may be assumed to always evaluate to true [-Wtautological-undefined-compare]
        if (&counter != NULL) counter++;
             ^~~~~~~    ~~~~
SatELite.C:1728:22: warning: reference cannot be bound to dereferenced null pointer in well-defined C++ code; comparison may be assumed to always evaluate to true [-Wtautological-undefined-compare]
                if (&counter != NULL && counter == -1){
                     ^~~~~~~    ~~~~
SatELite.C:1738:22: warning: reference cannot be bound to dereferenced null pointer in well-defined C++ code; comparison may be assumed to always evaluate to true [-Wtautological-undefined-compare]
                if (&counter != NULL) counter++;
                     ^~~~~~~    ~~~~
Makefile:55: recipe for target 'PbParser.o' failed
make[1]: *** [PbParser.o] Error 1
In file included from Main.C:30:
In file included from ./MiniSat.h:30:
./VarOrder.h:44:25: warning: private field 'activity' is not used [-Wunused-private-field]
    const vec<double>&  activity;    // var->act. Pointer to external activity table.
                        ^
6 warnings and 4 errors generated.
In file included from MiniSat.C:20:
In file included from ./MiniSat.h:30:
./VarOrder.h:44:25: warning: private field 'activity' is not used [-Wunused-private-field]
    const vec<double>&  activity;    // var->act. Pointer to external activity table.
                        ^
6 warnings and 2 errors generated.
Makefile:55: recipe for target 'Main.o' failed
make[1]: *** [Main.o] Error 1
Makefile:55: recipe for target 'MiniSat.o' failed
make[1]: *** [MiniSat.o] Error 1
In file included from Hardware_sorters.C:20:
In file included from ./Hardware.h:24:
In file included from ./PbSolver.h:23:
In file included from ./Solver.h:24:
./SatELite.h:76:67: warning: binding dereferenced null pointer to reference has undefined behavior [-Wnull-dereference]
FILE* createTmpFile(cchar* prefix, cchar* mode, char*& out_name = *(char**)NULL);
                                                                  ^~~~~~~~~~~~~
SatELite.C:2205:108: warning: binding dereferenced null pointer to reference has undefined behavior [-Wnull-dereference]
int Solver::substitute(Lit x, Clause def, vec<Clause>& poss, vec<Clause>& negs, vec<Clause>& new_clauses = *(vec<Clause>*)NULL)
                                                                                                           ^~~~~~~~~~~~~~~~~~~
SatELite.C:2230:18: warning: reference cannot be bound to dereferenced null pointer in well-defined C++ code; comparison may be assumed to always evaluate to true [-Wtautological-undefined-compare]
            if (&new_clauses != NULL){
                 ^~~~~~~~~~~    ~~~~
SatELite.C:2267:14: warning: reference cannot be bound to dereferenced null pointer in well-defined C++ code; comparison may be assumed to always evaluate to true [-Wtautological-undefined-compare]
        if (&new_clauses != NULL){
             ^~~~~~~~~~~    ~~~~
./SatELite.h:260:1: warning: 'Solver' defined as a struct here but previously declared as a class [-Wmismatched-tags]
struct Solver {
^
./SatELite.h:89:1: note: did you mean struct here?
class Solver;
^~~~~
struct
In file included from PbSolver_convertAdd.C:20:
In file included from ./PbSolver.h:24:
In file included from ADTs/Map.h:29:
ADTs/VecAlloc.h:41:115: warning: format specifies type 'int' but the argument has type 'unsigned long' [-Wformat]
        if (nallocs != 0) fprintf(stderr, "WARNING! VecAlloc detected leak of %d unit(s) of size %d.\n", nallocs, sizeof(T));
                                                                                                 ~~               ^~~~~~~~~
                                                                                                 %lu
ADTs/Map.h:119:5: note: in instantiation of member function 'VecAlloc<Map<const char *, int, Hash_params<const char *> >::Cell, 100>::~VecAlloc' requested here
    Map(void)                        : D_null()     { init(1);        }
    ^
./PbSolver.h:90:5: note: in instantiation of member function 'Map<const char *, int, Hash_params<const char *> >::Map' requested here
    PbSolver()  : sat_solver(opt_solver == st_MiniSat)
    ^
./SatELite.h:471:45: warning: binding dereferenced null pointer to reference has undefined behavior [-Wnull-dereference]
    void subsume0(Clause ps, int& counter = *(int*)NULL);
                                            ^~~~~~~~~~~
./SatELite.h:472:45: warning: binding dereferenced null pointer to reference has undefined behavior [-Wnull-dereference]
    void subsume1(Clause ps, int& counter = *(int*)NULL);
                                            ^~~~~~~~~~~
In file included from Hardware_adders.C:20:
In file included from ./Hardware.h:23:
In file included from ADTs/FEnv.h:30:
In file included from ADTs/Map.h:29:
ADTs/VecAlloc.h:41:115: warning: format specifies type 'int' but the argument has type 'unsigned long' [-Wformat]
        if (nallocs != 0) fprintf(stderr, "WARNING! VecAlloc detected leak of %d unit(s) of size %d.\n", nallocs, sizeof(T));
                                                                                                 ~~               ^~~~~~~~~
                                                                                                 %lu
ADTs/Map.h:119:5: note: in instantiation of member function 'VecAlloc<Map<const char *, int, Hash_params<const char *> >::Cell, 100>::~VecAlloc' requested here
    Map(void)                        : D_null()     { init(1);        }
    ^
./PbSolver.h:90:5: note: in instantiation of member function 'Map<const char *, int, Hash_params<const char *> >::Map' requested here
    PbSolver()  : sat_solver(opt_solver == st_MiniSat)
    ^
In file included from PbSolver_convertAdd.C:20:
In file included from ./PbSolver.h:23:
In file included from ./Solver.h:23:
In file included from ./MiniSat.h:30:
./VarOrder.h:44:25: warning: private field 'activity' is not used [-Wunused-private-field]
    const vec<double>&  activity;    // var->act. Pointer to external activity table.
                        ^
6 warnings and 4 errors generated.
In file included from PbSolver_convertBdd.C:20:
In file included from ./PbSolver.h:24:
In file included from ADTs/Map.h:29:
ADTs/VecAlloc.h:41:115: warning: format specifies type 'int' but the argument has type 'unsigned long' [-Wformat]
In file included from Hardware_adders.C:20:
In file included from ./Hardware.h:24:
In file included from ./PbSolver.h:23:
In file included from ./Solver.h:23:
In file included from ./MiniSat.h:30:
./VarOrder.h:44:25: warning: private field 'activity' is not used [-Wunused-private-field]
        if (nallocs != 0) fprintf(stderr, "WARNING! VecAlloc detected leak of %d unit(s) of size %d.\n", nallocs, sizeof(T));
                                                                                                 ~~               ^~~~~~~~~
                                                                                                 %lu
ADTs/Map.h:119:5: note: in instantiation of member function 'VecAlloc<Map<const char *, int, Hash_params<const char *> >::Cell, 100>::~VecAlloc' requested here
    const vec<double>&  activity;    // var->act. Pointer to external activity table.
                        ^
    Map(void)                        : D_null()     { init(1);        }
    ^
./PbSolver.h:90:5: note: in instantiation of member function 'Map<const char *, int, Hash_params<const char *> >::Map' requested here
    PbSolver()  : sat_solver(opt_solver == st_MiniSat)
    ^
6 warnings and 4 errors generated.
In file included from PbSolver_convertSort.C:20:
In file included from ./PbSolver.h:24:
In file included from ADTs/Map.h:29:
ADTs/VecAlloc.h:41:115: warning: format specifies type 'int' but the argument has type 'unsigned long' [-Wformat]
        if (nallocs != 0) fprintf(stderr, "WARNING! VecAlloc detected leak of %d unit(s) of size %d.\n", nallocs, sizeof(T));
                                                                                                 ~~               ^~~~~~~~~
                                                                                                 %lu
ADTs/Map.h:119:5: note: in instantiation of member function 'VecAlloc<Map<const char *, int, Hash_params<const char *> >::Cell, 100>::~VecAlloc' requested here
    Map(void)                        : D_null()     { init(1);        }
    ^
./PbSolver.h:90:5: note: in instantiation of member function 'Map<const char *, int, Hash_params<const char *> >::Map' requested here
    PbSolver()  : sat_solver(opt_solver == st_MiniSat)
    ^
Makefile:55: recipe for target 'Hardware_adders.o' failed
make[1]: *** [Hardware_adders.o] Error 1
Makefile:55: recipe for target 'PbSolver_convertAdd.o' failed
make[1]: *** [PbSolver_convertAdd.o] Error 1
In file included from PbSolver_convertBdd.C:20:
In file included from ./PbSolver.h:24:
In file included from ADTs/Map.h:29:
ADTs/VecAlloc.h:41:115: warning: format specifies type 'int' but the argument has type 'unsigned long' [-Wformat]
        if (nallocs != 0) fprintf(stderr, "WARNING! VecAlloc detected leak of %d unit(s) of size %d.\n", nallocs, sizeof(T));
                                                                                                 ~~               ^~~~~~~~~
                                                                                                 %lu
ADTs/Map.h:119:5: note: in instantiation of member function 'VecAlloc<Map<Pair<int, Int>, Formula, Hash_params<Pair<int, Int> > >::Cell, 100>::~VecAlloc' requested here
    Map(void)                        : D_null()     { init(1);        }
    ^
PbSolver_convertBdd.C:66:33: note: in instantiation of member function 'Map<Pair<int, Int>, Formula, Hash_params<Pair<int, Int> > >::Map' requested here
    Map<Pair<int,Int>, Formula> memo;
                                ^
In file included from SatELite.C:26:
In file included from ./SatELite.h:30:
./VarOrder.h:44:25: warning: private field 'activity' is not used [-Wunused-private-field]
    const vec<double>&  activity;    // var->act. Pointer to external activity table.
                        ^
In file included from PbSolver_convertBdd.C:20:
In file included from ./PbSolver.h:23:
In file included from ./Solver.h:23:
In file included from ./MiniSat.h:30:
./VarOrder.h:44:25: warning: private field 'activity' is not used [-Wunused-private-field]
14 warnings and 2 errors generated.
    const vec<double>&  activity;    // var->act. Pointer to external activity table.
                        ^
7 warnings and 4 errors generated.
In file included from Debug.C:20:
In file included from ./Debug.h:24:
In file included from ./PbSolver.h:24:
In file included from ADTs/Map.h:29:
ADTs/VecAlloc.h:41:115: warning: format specifies type 'int' but the argument has type 'unsigned long' [-Wformat]
        if (nallocs != 0) fprintf(stderr, "WARNING! VecAlloc detected leak of %d unit(s) of size %d.\n", nallocs, sizeof(T));
                                                                                                 ~~               ^~~~~~~~~
                                                                                                 %lu
ADTs/Map.h:119:5: note: in instantiation of member function 'VecAlloc<Map<const char *, int, Hash_params<const char *> >::Cell, 100>::~VecAlloc' requested here
    Map(void)                        : D_null()     { init(1);        }
    ^
./PbSolver.h:90:5: note: in instantiation of member function 'Map<const char *, int, Hash_params<const char *> >::Map' requested here
    PbSolver()  : sat_solver(opt_solver == st_MiniSat)
    ^
In file included from PbSolver_convertSort.C:20:
In file included from ./PbSolver.h:23In file included from :
In file included from ./Solver.hHardware_clausify.C::2320:
:
In file included from In file included from ./MiniSat.h:./Hardware.h30::
23:
./VarOrder.hIn file included from :ADTs/FEnv.h44::3025:
:In file included from  ADTs/Map.h:warning29: :
ADTs/VecAlloc.hprivate field 'activity' is not used [-Wunused-private-field]:
41:115: warning: format specifies type 'int' but the argument has type 'unsigned long' [-Wformat]
    const vec<double>&  activity;    // var->act. Pointer to external activity table.
                        ^
        if (nallocs != 0) fprintf(stderr, "WARNING! VecAlloc detected leak of %d unit(s) of size %d.\n", nallocs, sizeof(T));
                                                                                                 ~~               ^~~~~~~~~
                                                                                                 %lu
ADTs/Map.h:119:5: note: in instantiation of member function 'VecAlloc<Map<const char *, int, Hash_params<const char *> >::Cell, 100>::~VecAlloc' requested here
    Map(void)                        : D_null()     { init(1);        }
    ^
./PbSolver.h:90:5: note: in instantiation of member function 'Map<const char *, int, Hash_params<const char *> >::Map' requested here
    PbSolver()  : sat_solver(opt_solver == st_MiniSat)
    ^
6 warnings and 4 errors generated.
Makefile:55: recipe for target 'SatELite.o' failed
make[1]: *** [SatELite.o] Error 1
Makefile:55: recipe for target 'PbSolver_convertBdd.o' failed
make[1]: *** [PbSolver_convertBdd.o] Error 1
Makefile:55: recipe for target 'PbSolver_convertSort.o' failed
make[1]: *** [PbSolver_convertSort.o] Error 1
In file included from Hardware_clausify.C:20:
In file included from ./Hardware.h:24:
In file included from ./PbSolver.h:23:
In file included from ./Solver.h:23:
In file included from ./MiniSat.h:30:
./VarOrder.h:44:25: warning: private field 'activity' is not used [-Wunused-private-field]
    const vec<double>&  activity;    // var->act. Pointer to external activity table.
                        ^
6 warnings and 4 errors generated.
In file included from In file included from PbSolver.CDebug.C::22:
20In file included from :
./Debug.hIn file included from :24./Debug.h:
In file included from :./PbSolver.h:2424:
:
In file included from In file included from ADTs/Map.h./PbSolver.h::2923:
:
ADTs/VecAlloc.hIn file included from :./Solver.h41::11523: :
warningIn file included from : ./MiniSat.hformat specifies type 'int' but the argument has type 'unsigned long' [-Wformat]
:30:
./VarOrder.h:44:25: warning: private field 'activity' is not used [-Wunused-private-field]
        if (nallocs != 0) fprintf(stderr, "WARNING! VecAlloc detected leak of %d unit(s) of size %d.\n", nallocs, sizeof(T));
                                                                                                 ~~               ^~~~~~~~~
                                                                                                 %lu
ADTs/Map.h:119:5: note: in instantiation of member function 'VecAlloc<Map<const char *, int, Hash_params<const char *> >::Cell, 100>::~VecAlloc' requested here
    const vec<double>&  activity;    // var->act. Pointer to external activity table.
                        ^
    Map(void)                        : D_null()     { init(1);        }
    ^
./PbSolver.h:90:5: note: in instantiation of member function 'Map<const char *, int, Hash_params<const char *> >::Map' requested here
    PbSolver()  : sat_solver(opt_solver == st_MiniSat)
    ^
6 warnings and 4 errors generated.
Makefile:55: recipe for target 'Hardware_clausify.o' failed
make[1]: *** [Hardware_clausify.o] Error 1
Makefile:55: recipe for target 'Debug.o' failed
make[1]: *** [Debug.o] Error 1
In file included from PbSolver.C:22:
In file included from ./Debug.h:24:
In file included from ./PbSolver.h:24:
In file included from ADTs/Map.h:29:
ADTs/VecAlloc.h:41:115: warning: format specifies type 'int' but the argument has type 'unsigned long' [-Wformat]
        if (nallocs != 0) fprintf(stderr, "WARNING! VecAlloc detected leak of %d unit(s) of size %d.\n", nallocs, sizeof(T));
                                                                                                 ~~               ^~~~~~~~~
                                                                                                 %lu
ADTs/Map.h:120:5: note: in instantiation of member function 'VecAlloc<Map<int, Pair<Int, Int>, Hash_params<int> >::Cell, 100>::~VecAlloc' requested here
    Map(const D& null)               : D_null(null) { init(1);        }
    ^
PbSolver.C:148:33: note: in instantiation of member function 'Map<int, Pair<Int, Int>, Hash_params<int> >::Map' requested here
    Map<Var, Pair<Int,Int> >    var2consts(Pair_new(0,0));     // Variable -> negative/positive polarity constant
                                ^
In file included from PbSolver.C:20:
In file included from ./MiniSat.h:30:
./VarOrder.h:44:25: warning: private field 'activity' is not used [-Wunused-private-field]
    const vec<double>&  activity;    // var->act. Pointer to external activity table.
                        ^
7 warnings and 4 errors generated.
In file included from Hardware_sorters.C:20:
In file included from ./Hardware.h:23:
In file included from ADTs/FEnv.h:30:
In file included from ADTs/Map.h:29:
ADTs/VecAlloc.h:41:115: warning: format specifies type 'int' but the argument has type 'unsigned long' [-Wformat]
        if (nallocs != 0) fprintf(stderr, "WARNING! VecAlloc detected leak of %d unit(s) of size %d.\n", nallocs, sizeof(T));
                                                                                                 ~~               ^~~~~~~~~
                                                                                                 %lu
ADTs/Map.h:119:5: note: in instantiation of member function 'VecAlloc<Map<const char *, int, Hash_params<const char *> >::Cell, 100>::~VecAlloc' requested here
    Map(void)                        : D_null()     { init(1);        }
    ^
./PbSolver.h:90:5: note: in instantiation of member function 'Map<const char *, int, Hash_params<const char *> >::Map' requested here
    PbSolver()  : sat_solver(opt_solver == st_MiniSat)
    ^
Makefile:55: recipe for target 'PbSolver.o' failed
make[1]: *** [PbSolver.o] Error 1
In file included from Hardware_sorters.C:20:
In file included from ./Hardware.h:24:
In file included from ./PbSolver.h:23:
In file included from ./Solver.h:23:
In file included from ./MiniSat.h:30:
./VarOrder.h:44:25: warning: private field 'activity' is not used [-Wunused-private-field]
    const vec<double>&  activity;    // var->act. Pointer to external activity table.
                        ^
6 warnings and 4 errors generated.
Makefile:55: recipe for target 'Hardware_sorters.o' failed
make[1]: *** [Hardware_sorters.o] Error 1
make[1]: Leaving directory '/build/minisat+-3zM85j/minisat+-1.0'
dh_auto_build: make -j16 returned exit code 2
debian/rules:4: recipe for target 'build-arch' failed
make: *** [build-arch] Error 2
dpkg-buildpackage: error: debian/rules build-arch gave error exit status 2
--------------------------------------------------------------------------------
Build finished at 2017-07-06T20:27:51Z

Finished
--------


+------------------------------------------------------------------------------+
| Cleanup                                                                      |
+------------------------------------------------------------------------------+

Purging /build/minisat+-3zM85j
Not cleaning session: cloned chroot in use
E: Build failure (dpkg-buildpackage died)

+------------------------------------------------------------------------------+
| Summary                                                                      |
+------------------------------------------------------------------------------+

Build Architecture: amd64
Build Type: any
Build-Space: 644
Build-Time: 1
Distribution: unstable
Fail-Stage: build
Host Architecture: amd64
Install-Time: 5
Job: minisat+_1.0-4
Machine Architecture: amd64
Package: minisat+
Package-Time: 27
Source-Version: 1.0-4
Space: 644
Status: attempted
Version: 1.0-4
--------------------------------------------------------------------------------
Finished at 2017-07-06T20:27:51Z
Build needed 00:00:27, 644k disk space
E: Build failure (dpkg-buildpackage died)
DC-Status: Failed 28.317703715s
DC-Time-Estimation: 28.317703715 versus expected 273 (r/m: 8.640612203149468 ; m: 28.317703715)
