DC-Build-Header: molds 0.3.1-1 / 2017-07-06 19:30:52 +0000
DC-Task: type:rebuild-binarch-only source:molds version:0.3.1-1 chroot:unstable esttime:485 logfile:/tmp/molds_0.3.1-1_unstable_clang3.9.log modes:clang:binarch-only
DC-Sbuild-call: su user42 -c 'sbuild -n --arch-any --apt-update -d unstable -v  --chroot-setup-commands=/tmp/clang molds_0.3.1-1'
sbuild (Debian sbuild) 0.73.0 (23 Dec 2016) on ip-172-31-38-39.eu-central-1.compute.internal

+==============================================================================+
| molds 0.3.1-1 (amd64)                        Thu, 06 Jul 2017 19:30:52 +0000 |
+==============================================================================+

Package: molds
Version: 0.3.1-1
Source Version: 0.3.1-1
Distribution: unstable
Machine Architecture: amd64
Host Architecture: amd64
Build Architecture: amd64
Build Type: any

I: NOTICE: Log filtering will replace 'var/run/schroot/mount/unstable-amd64-sbuild-3860014c-bf47-4abf-94cd-7fcaaaf850cf' with '<<CHROOT>>'

+------------------------------------------------------------------------------+
| Chroot Setup Commands                                                        |
+------------------------------------------------------------------------------+


/tmp/clang
----------

+ echo 'Entering customization script...'
Entering customization script...
+ CLANG_VERSION=3.9
+ echo 'Install of clang-3.9'
Install of clang-3.9
+ apt-get update
Hit:1 http://127.0.0.1:9999/debian unstable InRelease
Get:2 http://127.0.0.1:9999/debian unstable/main Translation-en [5730 kB]
Fetched 5730 kB in 1s (3972 kB/s)
Reading package lists...
+ apt-get install --yes --no-install-recommends --force-yes clang-3.9
Reading package lists...
Building dependency tree...
Reading state information...
The following additional packages will be installed:
  libbsd0 libclang-common-3.9-dev libclang1-3.9 libedit2 libjsoncpp1
  libllvm3.9 libncurses5 libobjc-6-dev libobjc4
Suggested packages:
  gnustep gnustep-devel clang-3.9-doc
Recommended packages:
  llvm-3.9-dev python libgpm2
The following NEW packages will be installed:
  clang-3.9 libbsd0 libclang-common-3.9-dev libclang1-3.9 libedit2 libjsoncpp1
  libllvm3.9 libncurses5 libobjc-6-dev libobjc4
0 upgraded, 10 newly installed, 0 to remove and 0 not upgraded.
Need to get 57.7 MB of archives.
After this operation, 251 MB of additional disk space will be used.
Get:1 http://127.0.0.1:9999/debian unstable/main amd64 libbsd0 amd64 0.8.5-1 [89.6 kB]
Get:2 http://127.0.0.1:9999/debian unstable/main amd64 libncurses5 amd64 6.0+20161126-1 [93.4 kB]
Get:3 http://127.0.0.1:9999/debian unstable/main amd64 libedit2 amd64 3.1-20170329-1 [85.2 kB]
Get:4 http://127.0.0.1:9999/debian unstable/main amd64 libllvm3.9 amd64 1:3.9.1-10 [11.3 MB]
Get:5 http://127.0.0.1:9999/debian unstable/main amd64 libclang1-3.9 amd64 1:3.9.1-10 [5875 kB]
Get:6 http://127.0.0.1:9999/debian unstable/main amd64 libjsoncpp1 amd64 1.7.4-3 [75.6 kB]
Get:7 http://127.0.0.1:9999/debian unstable/main amd64 libobjc4 amd64 7.1.0-9 [51.0 kB]
Get:8 http://127.0.0.1:9999/debian unstable/main amd64 libobjc-6-dev amd64 6.4.0-1 [197 kB]
Get:9 http://127.0.0.1:9999/debian unstable/main amd64 libclang-common-3.9-dev amd64 1:3.9.1-10 [2573 kB]
Get:10 http://127.0.0.1:9999/debian unstable/main amd64 clang-3.9 amd64 1:3.9.1-10 [37.4 MB]
debconf: delaying package configuration, since apt-utils is not installed
Fetched 57.7 MB in 0s (97.5 MB/s)
Selecting previously unselected package libbsd0:amd64.
(Reading database ... (Reading database ... 5%(Reading database ... 10%(Reading database ... 15%(Reading database ... 20%(Reading database ... 25%(Reading database ... 30%(Reading database ... 35%(Reading database ... 40%(Reading database ... 45%(Reading database ... 50%(Reading database ... 55%(Reading database ... 60%(Reading database ... 65%(Reading database ... 70%(Reading database ... 75%(Reading database ... 80%(Reading database ... 85%(Reading database ... 90%(Reading database ... 95%(Reading database ... 100%(Reading database ... 9711 files and directories currently installed.)
Preparing to unpack .../0-libbsd0_0.8.5-1_amd64.deb ...
Unpacking libbsd0:amd64 (0.8.5-1) ...
Selecting previously unselected package libncurses5:amd64.
Preparing to unpack .../1-libncurses5_6.0+20161126-1_amd64.deb ...
Unpacking libncurses5:amd64 (6.0+20161126-1) ...
Selecting previously unselected package libedit2:amd64.
Preparing to unpack .../2-libedit2_3.1-20170329-1_amd64.deb ...
Unpacking libedit2:amd64 (3.1-20170329-1) ...
Selecting previously unselected package libllvm3.9:amd64.
Preparing to unpack .../3-libllvm3.9_1%3a3.9.1-10_amd64.deb ...
Unpacking libllvm3.9:amd64 (1:3.9.1-10) ...
Selecting previously unselected package libclang1-3.9:amd64.
Preparing to unpack .../4-libclang1-3.9_1%3a3.9.1-10_amd64.deb ...
Unpacking libclang1-3.9:amd64 (1:3.9.1-10) ...
Selecting previously unselected package libjsoncpp1:amd64.
Preparing to unpack .../5-libjsoncpp1_1.7.4-3_amd64.deb ...
Unpacking libjsoncpp1:amd64 (1.7.4-3) ...
Selecting previously unselected package libobjc4:amd64.
Preparing to unpack .../6-libobjc4_7.1.0-9_amd64.deb ...
Unpacking libobjc4:amd64 (7.1.0-9) ...
Selecting previously unselected package libobjc-6-dev:amd64.
Preparing to unpack .../7-libobjc-6-dev_6.4.0-1_amd64.deb ...
Unpacking libobjc-6-dev:amd64 (6.4.0-1) ...
Selecting previously unselected package libclang-common-3.9-dev.
Preparing to unpack .../8-libclang-common-3.9-dev_1%3a3.9.1-10_amd64.deb ...
Unpacking libclang-common-3.9-dev (1:3.9.1-10) ...
Selecting previously unselected package clang-3.9.
Preparing to unpack .../9-clang-3.9_1%3a3.9.1-10_amd64.deb ...
Unpacking clang-3.9 (1:3.9.1-10) ...
Setting up libncurses5:amd64 (6.0+20161126-1) ...
Setting up libobjc4:amd64 (7.1.0-9) ...
Setting up libbsd0:amd64 (0.8.5-1) ...
Processing triggers for libc-bin (2.24-12) ...
Setting up libobjc-6-dev:amd64 (6.4.0-1) ...
Setting up libjsoncpp1:amd64 (1.7.4-3) ...
Setting up libedit2:amd64 (3.1-20170329-1) ...
Setting up libllvm3.9:amd64 (1:3.9.1-10) ...
Setting up libclang-common-3.9-dev (1:3.9.1-10) ...
Setting up libclang1-3.9:amd64 (1:3.9.1-10) ...
Setting up clang-3.9 (1:3.9.1-10) ...
Processing triggers for libc-bin (2.24-12) ...
W: --force-yes is deprecated, use one of the options starting with --allow instead.
+ echo 'Replace gcc, g++ & cpp by clang'
Replace gcc, g++ & cpp by clang
+ VERSIONS='4.6 4.7 4.8 4.9 5 6 7'
+ cd /usr/bin
+ for VERSION in $VERSIONS
+ rm -f g++-4.6 gcc-4.6 cpp-4.6 gcc
+ ln -s clang++-3.9 g++-4.6
+ ln -s clang-3.9 gcc-4.6
+ ln -s clang-3.9 cpp-4.6
+ ln -s clang-3.9 gcc
+ echo 'gcc-4.6 hold'
+ dpkg --set-selections
dpkg: warning: package not in status nor available database at line 1: gcc-4.6
dpkg: warning: found unknown packages; this might mean the available database
is outdated, and needs to be updated through a frontend method;
please see the FAQ <https://wiki.debian.org/Teams/Dpkg/FAQ>
+ echo 'g++-4.6 hold'
+ dpkg --set-selections
dpkg: warning: package not in status nor available database at line 1: g++-4.6
dpkg: warning: found unknown packages; this might mean the available database
is outdated, and needs to be updated through a frontend method;
please see the FAQ <https://wiki.debian.org/Teams/Dpkg/FAQ>
+ for VERSION in $VERSIONS
+ rm -f g++-4.7 gcc-4.7 cpp-4.7 gcc
+ ln -s clang++-3.9 g++-4.7
+ ln -s clang-3.9 gcc-4.7
+ ln -s clang-3.9 cpp-4.7
+ ln -s clang-3.9 gcc
+ echo 'gcc-4.7 hold'
+ dpkg --set-selections
dpkg: warning: package not in status nor available database at line 1: gcc-4.7
dpkg: warning: found unknown packages; this might mean the available database
is outdated, and needs to be updated through a frontend method;
please see the FAQ <https://wiki.debian.org/Teams/Dpkg/FAQ>
+ echo 'g++-4.7 hold'
+ dpkg --set-selections
dpkg: warning: package not in status nor available database at line 1: g++-4.7
dpkg: warning: found unknown packages; this might mean the available database
is outdated, and needs to be updated through a frontend method;
please see the FAQ <https://wiki.debian.org/Teams/Dpkg/FAQ>
+ for VERSION in $VERSIONS
+ rm -f g++-4.8 gcc-4.8 cpp-4.8 gcc
+ ln -s clang++-3.9 g++-4.8
+ ln -s clang-3.9 gcc-4.8
+ ln -s clang-3.9 cpp-4.8
+ ln -s clang-3.9 gcc
+ echo 'gcc-4.8 hold'
+ dpkg --set-selections
dpkg: warning: package not in status nor available database at line 1: gcc-4.8
dpkg: warning: found unknown packages; this might mean the available database
is outdated, and needs to be updated through a frontend method;
please see the FAQ <https://wiki.debian.org/Teams/Dpkg/FAQ>
+ echo 'g++-4.8 hold'
+ dpkg --set-selections
dpkg: warning: package not in status nor available database at line 1: g++-4.8
dpkg: warning: found unknown packages; this might mean the available database
is outdated, and needs to be updated through a frontend method;
please see the FAQ <https://wiki.debian.org/Teams/Dpkg/FAQ>
+ for VERSION in $VERSIONS
+ rm -f g++-4.9 gcc-4.9 cpp-4.9 gcc
+ ln -s clang++-3.9 g++-4.9
+ ln -s clang-3.9 gcc-4.9
+ ln -s clang-3.9 cpp-4.9
+ ln -s clang-3.9 gcc
+ echo 'gcc-4.9 hold'
+ dpkg --set-selections
dpkg: warning: package not in status nor available database at line 1: gcc-4.9
dpkg: warning: found unknown packages; this might mean the available database
is outdated, and needs to be updated through a frontend method;
please see the FAQ <https://wiki.debian.org/Teams/Dpkg/FAQ>
+ echo 'g++-4.9 hold'
+ dpkg --set-selections
dpkg: warning: package not in status nor available database at line 1: g++-4.9
dpkg: warning: found unknown packages; this might mean the available database
is outdated, and needs to be updated through a frontend method;
please see the FAQ <https://wiki.debian.org/Teams/Dpkg/FAQ>
+ for VERSION in $VERSIONS
+ rm -f g++-5 gcc-5 cpp-5 gcc
+ ln -s clang++-3.9 g++-5
+ ln -s clang-3.9 gcc-5
+ ln -s clang-3.9 cpp-5
+ ln -s clang-3.9 gcc
+ echo 'gcc-5 hold'
+ dpkg --set-selections
+ echo 'g++-5 hold'
+ dpkg --set-selections
+ for VERSION in $VERSIONS
+ rm -f g++-6 gcc-6 cpp-6 gcc
+ ln -s clang++-3.9 g++-6
+ ln -s clang-3.9 gcc-6
+ ln -s clang-3.9 cpp-6
+ ln -s clang-3.9 gcc
+ echo 'gcc-6 hold'
+ dpkg --set-selections
+ echo 'g++-6 hold'
+ dpkg --set-selections
+ for VERSION in $VERSIONS
+ rm -f g++-7 gcc-7 cpp-7 gcc
+ ln -s clang++-3.9 g++-7
+ ln -s clang-3.9 gcc-7
+ ln -s clang-3.9 cpp-7
+ ln -s clang-3.9 gcc
+ echo 'gcc-7 hold'
+ dpkg --set-selections
dpkg: warning: package not in status nor available database at line 1: gcc-7
dpkg: warning: found unknown packages; this might mean the available database
is outdated, and needs to be updated through a frontend method;
please see the FAQ <https://wiki.debian.org/Teams/Dpkg/FAQ>
+ echo 'g++-7 hold'
+ dpkg --set-selections
dpkg: warning: package not in status nor available database at line 1: g++-7
dpkg: warning: found unknown packages; this might mean the available database
is outdated, and needs to be updated through a frontend method;
please see the FAQ <https://wiki.debian.org/Teams/Dpkg/FAQ>
+ cd -
/build/molds-DuhVVq
+ echo 'Check if gcc, g++ & cpp are actually clang'
Check if gcc, g++ & cpp are actually clang
+ gcc --version
+ grep clang
+ cpp --version
+ grep clang
+ g++ --version
+ grep clang

I: Finished running '/tmp/clang'.

Finished processing commands.
--------------------------------------------------------------------------------

+------------------------------------------------------------------------------+
| Update chroot                                                                |
+------------------------------------------------------------------------------+

Hit:1 http://127.0.0.1:9999/debian unstable InRelease
Reading package lists...
Reading package lists...
Building dependency tree...
Reading state information...
Calculating upgrade...
0 upgraded, 0 newly installed, 0 to remove and 0 not upgraded.

+------------------------------------------------------------------------------+
| Fetch source files                                                           |
+------------------------------------------------------------------------------+


Check APT
---------

Checking available source versions...

Download source files with APT
------------------------------

Reading package lists...
NOTICE: 'molds' packaging is maintained in the 'Svn' version control system at:
svn://svn.debian.org/svn/debichem/unstable/molds/
Need to get 1056 kB of source archives.
Get:1 http://127.0.0.1:9999/debian unstable/main molds 0.3.1-1 (dsc) [2044 B]
Get:2 http://127.0.0.1:9999/debian unstable/main molds 0.3.1-1 (tar) [1049 kB]
Get:3 http://127.0.0.1:9999/debian unstable/main molds 0.3.1-1 (diff) [4956 B]
Fetched 1056 kB in 0s (3397 kB/s)
Download complete and in download only mode
I: NOTICE: Log filtering will replace 'build/molds-DuhVVq/molds-0.3.1' with '<<PKGBUILDDIR>>'
I: NOTICE: Log filtering will replace 'build/molds-DuhVVq' with '<<BUILDDIR>>'

+------------------------------------------------------------------------------+
| Install build-essential                                                      |
+------------------------------------------------------------------------------+


Setup apt archive
-----------------

Merged Build-Depends: build-essential, fakeroot
Filtered Build-Depends: build-essential, fakeroot
dpkg-deb: building package 'sbuild-build-depends-core-dummy' in '/<<BUILDDIR>>/resolver-d5RZ0i/apt_archive/sbuild-build-depends-core-dummy.deb'.
dpkg-scanpackages: warning: Packages in archive but missing from override file:
dpkg-scanpackages: warning:   sbuild-build-depends-core-dummy
dpkg-scanpackages: info: Wrote 1 entries to output Packages file.
Ign:1 copy:/<<BUILDDIR>>/resolver-d5RZ0i/apt_archive ./ InRelease
Get:2 copy:/<<BUILDDIR>>/resolver-d5RZ0i/apt_archive ./ Release [957 B]
Ign:3 copy:/<<BUILDDIR>>/resolver-d5RZ0i/apt_archive ./ Release.gpg
Get:4 copy:/<<BUILDDIR>>/resolver-d5RZ0i/apt_archive ./ Sources [349 B]
Get:5 copy:/<<BUILDDIR>>/resolver-d5RZ0i/apt_archive ./ Packages [431 B]
Fetched 1737 B in 0s (0 B/s)
Reading package lists...
Reading package lists...

Install core build dependencies (apt-based resolver)
----------------------------------------------------

Installing build dependencies
Reading package lists...
Building dependency tree...
Reading state information...
The following NEW packages will be installed:
  sbuild-build-depends-core-dummy
0 upgraded, 1 newly installed, 0 to remove and 0 not upgraded.
Need to get 784 B of archives.
After this operation, 0 B of additional disk space will be used.
Get:1 copy:/<<BUILDDIR>>/resolver-d5RZ0i/apt_archive ./ sbuild-build-depends-core-dummy 0.invalid.0 [784 B]
debconf: delaying package configuration, since apt-utils is not installed
Fetched 784 B in 0s (0 B/s)
Selecting previously unselected package sbuild-build-depends-core-dummy.
(Reading database ... 10178 files and directories currently installed.)
Preparing to unpack .../sbuild-build-depends-core-dummy_0.invalid.0_amd64.deb ...
Unpacking sbuild-build-depends-core-dummy (0.invalid.0) ...
Setting up sbuild-build-depends-core-dummy (0.invalid.0) ...

+------------------------------------------------------------------------------+
| Check architectures                                                          |
+------------------------------------------------------------------------------+

Arch check ok (amd64 included in any)

+------------------------------------------------------------------------------+
| Install package build dependencies                                           |
+------------------------------------------------------------------------------+


Setup apt archive
-----------------

Merged Build-Depends: debhelper (>= 7.0.50~), ruby, gawk, libopenblas-dev, liblapacke-dev, libblas-dev, libboost-dev, libboost-mpi-dev, libboost-serialization-dev, libboost-thread-dev, mpi-default-bin, mpi-default-dev
Filtered Build-Depends: debhelper (>= 7.0.50~), ruby, gawk, libopenblas-dev, liblapacke-dev, libblas-dev, libboost-dev, libboost-mpi-dev, libboost-serialization-dev, libboost-thread-dev, mpi-default-bin, mpi-default-dev
dpkg-deb: building package 'sbuild-build-depends-molds-dummy' in '/<<BUILDDIR>>/resolver-d5RZ0i/apt_archive/sbuild-build-depends-molds-dummy.deb'.
dpkg-scanpackages: warning: Packages in archive but missing from override file:
dpkg-scanpackages: warning:   sbuild-build-depends-core-dummy sbuild-build-depends-molds-dummy
dpkg-scanpackages: info: Wrote 2 entries to output Packages file.
Ign:1 copy:/<<BUILDDIR>>/resolver-d5RZ0i/apt_archive ./ InRelease
Get:2 copy:/<<BUILDDIR>>/resolver-d5RZ0i/apt_archive ./ Release [963 B]
Ign:3 copy:/<<BUILDDIR>>/resolver-d5RZ0i/apt_archive ./ Release.gpg
Get:4 copy:/<<BUILDDIR>>/resolver-d5RZ0i/apt_archive ./ Sources [560 B]
Get:5 copy:/<<BUILDDIR>>/resolver-d5RZ0i/apt_archive ./ Packages [641 B]
Fetched 2164 B in 0s (0 B/s)
Reading package lists...
Reading package lists...

Install molds build dependencies (apt-based resolver)
-----------------------------------------------------

Installing build dependencies
Reading package lists...
Building dependency tree...
Reading state information...
The following additional packages will be installed:
  autoconf automake autopoint autotools-dev bsdmainutils ca-certificates
  debhelper dh-autoreconf dh-strip-nondeterminism file gawk gettext
  gettext-base gfortran gfortran-6 groff-base intltool-debian
  libarchive-zip-perl libblas-common libblas-dev libblas3
  libboost-atomic1.62-dev libboost-atomic1.62.0 libboost-chrono1.62-dev
  libboost-chrono1.62.0 libboost-date-time1.62-dev libboost-date-time1.62.0
  libboost-dev libboost-mpi-dev libboost-mpi1.62-dev libboost-mpi1.62.0
  libboost-serialization-dev libboost-serialization1.62-dev
  libboost-serialization1.62.0 libboost-system1.62-dev libboost-system1.62.0
  libboost-thread-dev libboost-thread1.62-dev libboost-thread1.62.0
  libboost1.62-dev libcroco3 libfabric1 libfile-stripnondeterminism-perl
  libgfortran-6-dev libgfortran3 libglib2.0-0 libhwloc-dev libhwloc-plugins
  libhwloc5 libibverbs-dev libibverbs1 libicu57 liblapacke liblapacke-dev
  libltdl-dev libltdl7 libmagic-mgc libmagic1 libnl-3-200 libnl-route-3-200
  libnuma-dev libnuma1 libopenblas-base libopenblas-dev libopenmpi-dev
  libopenmpi2 libpciaccess0 libpipeline1 libpsm-infinipath1 librdmacm1
  libreadline7 libruby2.3 libsigsegv2 libssl1.0.2 libssl1.1 libtimedate-perl
  libtmglib-dev libtmglib3 libtool libxml2 libyaml-0-2 m4 man-db
  mpi-default-bin mpi-default-dev ocl-icd-libopencl1 openmpi-bin
  openmpi-common openssl po-debconf rake readline-common ruby
  ruby-did-you-mean ruby-minitest ruby-net-telnet ruby-power-assert
  ruby-test-unit ruby2.3 rubygems-integration
Suggested packages:
  autoconf-archive gnu-standards autoconf-doc wamerican | wordlist whois
  vacation dh-make gawk-doc gettext-doc libasprintf-dev libgettextpo-dev
  gfortran-multilib gfortran-doc gfortran-6-multilib gfortran-6-doc
  libgfortran3-dbg libcoarrays-dev groff liblapack-doc libboost-doc
  libboost-graph1.62-dev libboost1.62-doc libboost-context1.62-dev
  libboost-coroutine1.62-dev libboost-exception1.62-dev libboost-fiber1.62-dev
  libboost-filesystem1.62-dev libboost-graph-parallel1.62-dev
  libboost-iostreams1.62-dev libboost-locale1.62-dev libboost-log1.62-dev
  libboost-math1.62-dev libboost-mpi-python1.62-dev
  libboost-program-options1.62-dev libboost-python1.62-dev
  libboost-random1.62-dev libboost-regex1.62-dev libboost-signals1.62-dev
  libboost-test1.62-dev libboost-timer1.62-dev libboost-type-erasure1.62-dev
  libboost-wave1.62-dev libboost1.62-tools-dev libmpfrc++-dev libntl-dev
  libhwloc-contrib-plugins libtool-doc openmpi-doc pciutils gcj-jdk m4-doc
  less www-browser opencl-icd libmail-box-perl readline-doc ri ruby-dev
  bundler
Recommended packages:
  curl | wget | lynx-cur libarchive-cpio-perl libglib2.0-data shared-mime-info
  xdg-user-dirs xml-core libmail-sendmail-perl zip fonts-lato libjs-jquery
The following NEW packages will be installed:
  autoconf automake autopoint autotools-dev bsdmainutils ca-certificates
  debhelper dh-autoreconf dh-strip-nondeterminism file gawk gettext
  gettext-base gfortran gfortran-6 groff-base intltool-debian
  libarchive-zip-perl libblas-common libblas-dev libblas3
  libboost-atomic1.62-dev libboost-atomic1.62.0 libboost-chrono1.62-dev
  libboost-chrono1.62.0 libboost-date-time1.62-dev libboost-date-time1.62.0
  libboost-dev libboost-mpi-dev libboost-mpi1.62-dev libboost-mpi1.62.0
  libboost-serialization-dev libboost-serialization1.62-dev
  libboost-serialization1.62.0 libboost-system1.62-dev libboost-system1.62.0
  libboost-thread-dev libboost-thread1.62-dev libboost-thread1.62.0
  libboost1.62-dev libcroco3 libfabric1 libfile-stripnondeterminism-perl
  libgfortran-6-dev libgfortran3 libglib2.0-0 libhwloc-dev libhwloc-plugins
  libhwloc5 libibverbs-dev libibverbs1 libicu57 liblapacke liblapacke-dev
  libltdl-dev libltdl7 libmagic-mgc libmagic1 libnl-3-200 libnl-route-3-200
  libnuma-dev libnuma1 libopenblas-base libopenblas-dev libopenmpi-dev
  libopenmpi2 libpciaccess0 libpipeline1 libpsm-infinipath1 librdmacm1
  libreadline7 libruby2.3 libsigsegv2 libssl1.0.2 libssl1.1 libtimedate-perl
  libtmglib-dev libtmglib3 libtool libxml2 libyaml-0-2 m4 man-db
  mpi-default-bin mpi-default-dev ocl-icd-libopencl1 openmpi-bin
  openmpi-common openssl po-debconf rake readline-common ruby
  ruby-did-you-mean ruby-minitest ruby-net-telnet ruby-power-assert
  ruby-test-unit ruby2.3 rubygems-integration sbuild-build-depends-molds-dummy
0 upgraded, 101 newly installed, 0 to remove and 0 not upgraded.
Need to get 56.9 MB of archives.
After this operation, 369 MB of additional disk space will be used.
Get:1 copy:/<<BUILDDIR>>/resolver-d5RZ0i/apt_archive ./ sbuild-build-depends-molds-dummy 0.invalid.0 [852 B]
Get:2 http://127.0.0.1:9999/debian unstable/main amd64 groff-base amd64 1.22.3-9 [1160 kB]
Get:3 http://127.0.0.1:9999/debian unstable/main amd64 bsdmainutils amd64 9.0.12+nmu1 [186 kB]
Get:4 http://127.0.0.1:9999/debian unstable/main amd64 libpipeline1 amd64 1.4.1-2 [27.6 kB]
Get:5 http://127.0.0.1:9999/debian unstable/main amd64 man-db amd64 2.7.6.1-2 [1044 kB]
Get:6 http://127.0.0.1:9999/debian unstable/main amd64 readline-common all 7.0-3 [70.4 kB]
Get:7 http://127.0.0.1:9999/debian unstable/main amd64 libreadline7 amd64 7.0-3 [151 kB]
Get:8 http://127.0.0.1:9999/debian unstable/main amd64 libsigsegv2 amd64 2.11-1 [29.9 kB]
Get:9 http://127.0.0.1:9999/debian unstable/main amd64 gawk amd64 1:4.1.4+dfsg-1 [571 kB]
Get:10 http://127.0.0.1:9999/debian unstable/main amd64 libssl1.0.2 amd64 1.0.2l-2 [1294 kB]
Get:11 http://127.0.0.1:9999/debian unstable/main amd64 libssl1.1 amd64 1.1.0f-3 [1342 kB]
Get:12 http://127.0.0.1:9999/debian unstable/main amd64 libmagic-mgc amd64 1:5.30-1 [222 kB]
Get:13 http://127.0.0.1:9999/debian unstable/main amd64 libmagic1 amd64 1:5.30-1 [111 kB]
Get:14 http://127.0.0.1:9999/debian unstable/main amd64 file amd64 1:5.30-1 [63.9 kB]
Get:15 http://127.0.0.1:9999/debian unstable/main amd64 gettext-base amd64 0.19.8.1-2+b1 [122 kB]
Get:16 http://127.0.0.1:9999/debian unstable/main amd64 libicu57 amd64 57.1-6 [7701 kB]
Get:17 http://127.0.0.1:9999/debian unstable/main amd64 libxml2 amd64 2.9.4+dfsg1-3 [715 kB]
Get:18 http://127.0.0.1:9999/debian unstable/main amd64 m4 amd64 1.4.18-1 [202 kB]
Get:19 http://127.0.0.1:9999/debian unstable/main amd64 autoconf all 2.69-10 [338 kB]
Get:20 http://127.0.0.1:9999/debian unstable/main amd64 autotools-dev all 20161112.1 [73.4 kB]
Get:21 http://127.0.0.1:9999/debian unstable/main amd64 automake all 1:1.15.1-2 [736 kB]
Get:22 http://127.0.0.1:9999/debian unstable/main amd64 autopoint all 0.19.8.1-2 [433 kB]
Get:23 http://127.0.0.1:9999/debian unstable/main amd64 openssl amd64 1.1.0f-3 [725 kB]
Get:24 http://127.0.0.1:9999/debian unstable/main amd64 ca-certificates all 20161130+nmu1 [196 kB]
Get:25 http://127.0.0.1:9999/debian unstable/main amd64 libtool all 2.4.6-2 [545 kB]
Get:26 http://127.0.0.1:9999/debian unstable/main amd64 dh-autoreconf all 14 [15.9 kB]
Get:27 http://127.0.0.1:9999/debian unstable/main amd64 libarchive-zip-perl all 1.59-1 [95.5 kB]
Get:28 http://127.0.0.1:9999/debian unstable/main amd64 libfile-stripnondeterminism-perl all 0.035-2 [17.0 kB]
Get:29 http://127.0.0.1:9999/debian unstable/main amd64 libtimedate-perl all 2.3000-2 [42.2 kB]
Get:30 http://127.0.0.1:9999/debian unstable/main amd64 dh-strip-nondeterminism all 0.035-2 [10.7 kB]
Get:31 http://127.0.0.1:9999/debian unstable/main amd64 libglib2.0-0 amd64 2.52.3-1 [2742 kB]
Get:32 http://127.0.0.1:9999/debian unstable/main amd64 libcroco3 amd64 0.6.12-1 [144 kB]
Get:33 http://127.0.0.1:9999/debian unstable/main amd64 gettext amd64 0.19.8.1-2+b1 [1301 kB]
Get:34 http://127.0.0.1:9999/debian unstable/main amd64 intltool-debian all 0.35.0+20060710.4 [26.3 kB]
Get:35 http://127.0.0.1:9999/debian unstable/main amd64 po-debconf all 1.0.20 [247 kB]
Get:36 http://127.0.0.1:9999/debian unstable/main amd64 debhelper all 10.6.2 [968 kB]
Get:37 http://127.0.0.1:9999/debian unstable/main amd64 libgfortran3 amd64 6.4.0-1 [265 kB]
Get:38 http://127.0.0.1:9999/debian unstable/main amd64 libgfortran-6-dev amd64 6.4.0-1 [299 kB]
Get:39 http://127.0.0.1:9999/debian unstable/main amd64 gfortran-6 amd64 6.4.0-1 [6911 kB]
Get:40 http://127.0.0.1:9999/debian unstable/main amd64 gfortran amd64 4:6.3.0-4d1 [1362 B]
Get:41 http://127.0.0.1:9999/debian unstable/main amd64 libblas-common amd64 3.7.1-1 [14.6 kB]
Get:42 http://127.0.0.1:9999/debian unstable/main amd64 libblas3 amd64 3.7.1-1 [156 kB]
Get:43 http://127.0.0.1:9999/debian unstable/main amd64 libblas-dev amd64 3.7.1-1 [162 kB]
Get:44 http://127.0.0.1:9999/debian unstable/main amd64 libboost1.62-dev amd64 1.62.0+dfsg-4+b1 [7053 kB]
Get:45 http://127.0.0.1:9999/debian unstable/main amd64 libboost-atomic1.62.0 amd64 1.62.0+dfsg-4+b1 [30.8 kB]
Get:46 http://127.0.0.1:9999/debian unstable/main amd64 libboost-atomic1.62-dev amd64 1.62.0+dfsg-4+b1 [29.7 kB]
Get:47 http://127.0.0.1:9999/debian unstable/main amd64 libboost-system1.62.0 amd64 1.62.0+dfsg-4+b1 [32.7 kB]
Get:48 http://127.0.0.1:9999/debian unstable/main amd64 libboost-chrono1.62.0 amd64 1.62.0+dfsg-4+b1 [36.3 kB]
Get:49 http://127.0.0.1:9999/debian unstable/main amd64 libboost-chrono1.62-dev amd64 1.62.0+dfsg-4+b1 [36.7 kB]
Get:50 http://127.0.0.1:9999/debian unstable/main amd64 libboost-date-time1.62.0 amd64 1.62.0+dfsg-4+b1 [43.2 kB]
Get:51 http://127.0.0.1:9999/debian unstable/main amd64 libboost-serialization1.62.0 amd64 1.62.0+dfsg-4+b1 [126 kB]
Get:52 http://127.0.0.1:9999/debian unstable/main amd64 libboost-serialization1.62-dev amd64 1.62.0+dfsg-4+b1 [163 kB]
Get:53 http://127.0.0.1:9999/debian unstable/main amd64 libboost-date-time1.62-dev amd64 1.62.0+dfsg-4+b1 [50.4 kB]
Get:54 http://127.0.0.1:9999/debian unstable/main amd64 libboost-dev amd64 1.62.0.1 [3632 B]
Get:55 http://127.0.0.1:9999/debian unstable/main amd64 libnl-3-200 amd64 3.2.27-2 [61.5 kB]
Get:56 http://127.0.0.1:9999/debian unstable/main amd64 libnl-route-3-200 amd64 3.2.27-2 [136 kB]
Get:57 http://127.0.0.1:9999/debian unstable/main amd64 libibverbs1 amd64 1.2.1-2 [39.3 kB]
Get:58 http://127.0.0.1:9999/debian unstable/main amd64 libpsm-infinipath1 amd64 3.3+19.g67c0807.open-3 [169 kB]
Get:59 http://127.0.0.1:9999/debian unstable/main amd64 librdmacm1 amd64 1.1.0-2 [49.4 kB]
Get:60 http://127.0.0.1:9999/debian unstable/main amd64 libfabric1 amd64 1.4.0-1 [259 kB]
Get:61 http://127.0.0.1:9999/debian unstable/main amd64 libltdl7 amd64 2.4.6-2 [389 kB]
Get:62 http://127.0.0.1:9999/debian unstable/main amd64 libnuma1 amd64 2.0.11-2.1 [33.3 kB]
Get:63 http://127.0.0.1:9999/debian unstable/main amd64 libhwloc5 amd64 1.11.5-1 [105 kB]
Get:64 http://127.0.0.1:9999/debian unstable/main amd64 libpciaccess0 amd64 0.13.4-1+b2 [50.0 kB]
Get:65 http://127.0.0.1:9999/debian unstable/main amd64 ocl-icd-libopencl1 amd64 2.2.11-1 [36.8 kB]
Get:66 http://127.0.0.1:9999/debian unstable/main amd64 libhwloc-plugins amd64 1.11.5-1 [16.1 kB]
Get:67 http://127.0.0.1:9999/debian unstable/main amd64 libopenmpi2 amd64 2.1.1-6 [2062 kB]
Get:68 http://127.0.0.1:9999/debian unstable/main amd64 libboost-mpi1.62.0 amd64 1.62.0+dfsg-4+b1 [70.9 kB]
Get:69 http://127.0.0.1:9999/debian unstable/main amd64 openmpi-common all 2.1.1-6 [154 kB]
Get:70 http://127.0.0.1:9999/debian unstable/main amd64 libibverbs-dev amd64 1.2.1-2 [107 kB]
Get:71 http://127.0.0.1:9999/debian unstable/main amd64 libnuma-dev amd64 2.0.11-2.1 [46.0 kB]
Get:72 http://127.0.0.1:9999/debian unstable/main amd64 libltdl-dev amd64 2.4.6-2 [161 kB]
Get:73 http://127.0.0.1:9999/debian unstable/main amd64 libhwloc-dev amd64 1.11.5-1 [167 kB]
Get:74 http://127.0.0.1:9999/debian unstable/main amd64 libopenmpi-dev amd64 2.1.1-6 [1026 kB]
Get:75 http://127.0.0.1:9999/debian unstable/main amd64 mpi-default-dev amd64 1.8 [4846 B]
Get:76 http://127.0.0.1:9999/debian unstable/main amd64 libboost-mpi1.62-dev amd64 1.62.0+dfsg-4+b1 [154 kB]
Get:77 http://127.0.0.1:9999/debian unstable/main amd64 libboost-mpi-dev amd64 1.62.0.1 [3500 B]
Get:78 http://127.0.0.1:9999/debian unstable/main amd64 libboost-serialization-dev amd64 1.62.0.1 [3642 B]
Get:79 http://127.0.0.1:9999/debian unstable/main amd64 libboost-system1.62-dev amd64 1.62.0+dfsg-4+b1 [34.2 kB]
Get:80 http://127.0.0.1:9999/debian unstable/main amd64 libboost-thread1.62.0 amd64 1.62.0+dfsg-4+b1 [71.8 kB]
Get:81 http://127.0.0.1:9999/debian unstable/main amd64 libboost-thread1.62-dev amd64 1.62.0+dfsg-4+b1 [71.6 kB]
Get:82 http://127.0.0.1:9999/debian unstable/main amd64 libboost-thread-dev amd64 1.62.0.1 [3442 B]
Get:83 http://127.0.0.1:9999/debian unstable/main amd64 libopenblas-base amd64 0.2.19-3 [3793 kB]
Get:84 http://127.0.0.1:9999/debian unstable/main amd64 libtmglib3 amd64 3.7.1-1 [130 kB]
Get:85 http://127.0.0.1:9999/debian unstable/main amd64 liblapacke amd64 3.7.1-1 [360 kB]
Get:86 http://127.0.0.1:9999/debian unstable/main amd64 libopenblas-dev amd64 0.2.19-3 [3809 kB]
Get:87 http://127.0.0.1:9999/debian unstable/main amd64 libtmglib-dev amd64 3.7.1-1 [131 kB]
Get:88 http://127.0.0.1:9999/debian unstable/main amd64 liblapacke-dev amd64 3.7.1-1 [324 kB]
Get:89 http://127.0.0.1:9999/debian unstable/main amd64 rubygems-integration all 1.11 [4994 B]
Get:90 http://127.0.0.1:9999/debian unstable/main amd64 ruby2.3 amd64 2.3.3-1 [186 kB]
Get:91 http://127.0.0.1:9999/debian unstable/main amd64 ruby amd64 1:2.3.3 [10.8 kB]
Get:92 http://127.0.0.1:9999/debian unstable/main amd64 rake all 12.0.0-1 [45.7 kB]
Get:93 http://127.0.0.1:9999/debian unstable/main amd64 ruby-did-you-mean all 1.0.0-2 [11.2 kB]
Get:94 http://127.0.0.1:9999/debian unstable/main amd64 ruby-minitest all 5.10.2-1 [52.2 kB]
Get:95 http://127.0.0.1:9999/debian unstable/main amd64 ruby-net-telnet all 0.1.1-2 [12.5 kB]
Get:96 http://127.0.0.1:9999/debian unstable/main amd64 ruby-power-assert all 0.3.0-1 [7902 B]
Get:97 http://127.0.0.1:9999/debian unstable/main amd64 ruby-test-unit all 3.2.5-1 [71.7 kB]
Get:98 http://127.0.0.1:9999/debian unstable/main amd64 libyaml-0-2 amd64 0.1.7-2 [47.6 kB]
Get:99 http://127.0.0.1:9999/debian unstable/main amd64 libruby2.3 amd64 2.3.3-1 [3104 kB]
Get:100 http://127.0.0.1:9999/debian unstable/main amd64 openmpi-bin amd64 2.1.1-6 [193 kB]
Get:101 http://127.0.0.1:9999/debian unstable/main amd64 mpi-default-bin amd64 1.8 [4050 B]
debconf: delaying package configuration, since apt-utils is not installed
Fetched 56.9 MB in 1s (47.8 MB/s)
Selecting previously unselected package groff-base.
(Reading database ... 10178 files and directories currently installed.)
Preparing to unpack .../0-groff-base_1.22.3-9_amd64.deb ...
Unpacking groff-base (1.22.3-9) ...
Selecting previously unselected package bsdmainutils.
Preparing to unpack .../1-bsdmainutils_9.0.12+nmu1_amd64.deb ...
Unpacking bsdmainutils (9.0.12+nmu1) ...
Selecting previously unselected package libpipeline1:amd64.
Preparing to unpack .../2-libpipeline1_1.4.1-2_amd64.deb ...
Unpacking libpipeline1:amd64 (1.4.1-2) ...
Selecting previously unselected package man-db.
Preparing to unpack .../3-man-db_2.7.6.1-2_amd64.deb ...
Unpacking man-db (2.7.6.1-2) ...
Selecting previously unselected package readline-common.
Preparing to unpack .../4-readline-common_7.0-3_all.deb ...
Unpacking readline-common (7.0-3) ...
Selecting previously unselected package libreadline7:amd64.
Preparing to unpack .../5-libreadline7_7.0-3_amd64.deb ...
Unpacking libreadline7:amd64 (7.0-3) ...
Selecting previously unselected package libsigsegv2:amd64.
Preparing to unpack .../6-libsigsegv2_2.11-1_amd64.deb ...
Unpacking libsigsegv2:amd64 (2.11-1) ...
Setting up readline-common (7.0-3) ...
Setting up libreadline7:amd64 (7.0-3) ...
Setting up libsigsegv2:amd64 (2.11-1) ...
Selecting previously unselected package gawk.
(Reading database ... 10770 files and directories currently installed.)
Preparing to unpack .../00-gawk_1%3a4.1.4+dfsg-1_amd64.deb ...
Unpacking gawk (1:4.1.4+dfsg-1) ...
Selecting previously unselected package libssl1.0.2:amd64.
Preparing to unpack .../01-libssl1.0.2_1.0.2l-2_amd64.deb ...
Unpacking libssl1.0.2:amd64 (1.0.2l-2) ...
Selecting previously unselected package libssl1.1:amd64.
Preparing to unpack .../02-libssl1.1_1.1.0f-3_amd64.deb ...
Unpacking libssl1.1:amd64 (1.1.0f-3) ...
Selecting previously unselected package libmagic-mgc.
Preparing to unpack .../03-libmagic-mgc_1%3a5.30-1_amd64.deb ...
Unpacking libmagic-mgc (1:5.30-1) ...
Selecting previously unselected package libmagic1:amd64.
Preparing to unpack .../04-libmagic1_1%3a5.30-1_amd64.deb ...
Unpacking libmagic1:amd64 (1:5.30-1) ...
Selecting previously unselected package file.
Preparing to unpack .../05-file_1%3a5.30-1_amd64.deb ...
Unpacking file (1:5.30-1) ...
Selecting previously unselected package gettext-base.
Preparing to unpack .../06-gettext-base_0.19.8.1-2+b1_amd64.deb ...
Unpacking gettext-base (0.19.8.1-2+b1) ...
Selecting previously unselected package libicu57:amd64.
Preparing to unpack .../07-libicu57_57.1-6_amd64.deb ...
Unpacking libicu57:amd64 (57.1-6) ...
Selecting previously unselected package libxml2:amd64.
Preparing to unpack .../08-libxml2_2.9.4+dfsg1-3_amd64.deb ...
Unpacking libxml2:amd64 (2.9.4+dfsg1-3) ...
Selecting previously unselected package m4.
Preparing to unpack .../09-m4_1.4.18-1_amd64.deb ...
Unpacking m4 (1.4.18-1) ...
Selecting previously unselected package autoconf.
Preparing to unpack .../10-autoconf_2.69-10_all.deb ...
Unpacking autoconf (2.69-10) ...
Selecting previously unselected package autotools-dev.
Preparing to unpack .../11-autotools-dev_20161112.1_all.deb ...
Unpacking autotools-dev (20161112.1) ...
Selecting previously unselected package automake.
Preparing to unpack .../12-automake_1%3a1.15.1-2_all.deb ...
Unpacking automake (1:1.15.1-2) ...
Selecting previously unselected package autopoint.
Preparing to unpack .../13-autopoint_0.19.8.1-2_all.deb ...
Unpacking autopoint (0.19.8.1-2) ...
Selecting previously unselected package openssl.
Preparing to unpack .../14-openssl_1.1.0f-3_amd64.deb ...
Unpacking openssl (1.1.0f-3) ...
Selecting previously unselected package ca-certificates.
Preparing to unpack .../15-ca-certificates_20161130+nmu1_all.deb ...
Unpacking ca-certificates (20161130+nmu1) ...
Selecting previously unselected package libtool.
Preparing to unpack .../16-libtool_2.4.6-2_all.deb ...
Unpacking libtool (2.4.6-2) ...
Selecting previously unselected package dh-autoreconf.
Preparing to unpack .../17-dh-autoreconf_14_all.deb ...
Unpacking dh-autoreconf (14) ...
Selecting previously unselected package libarchive-zip-perl.
Preparing to unpack .../18-libarchive-zip-perl_1.59-1_all.deb ...
Unpacking libarchive-zip-perl (1.59-1) ...
Selecting previously unselected package libfile-stripnondeterminism-perl.
Preparing to unpack .../19-libfile-stripnondeterminism-perl_0.035-2_all.deb ...
Unpacking libfile-stripnondeterminism-perl (0.035-2) ...
Selecting previously unselected package libtimedate-perl.
Preparing to unpack .../20-libtimedate-perl_2.3000-2_all.deb ...
Unpacking libtimedate-perl (2.3000-2) ...
Selecting previously unselected package dh-strip-nondeterminism.
Preparing to unpack .../21-dh-strip-nondeterminism_0.035-2_all.deb ...
Unpacking dh-strip-nondeterminism (0.035-2) ...
Selecting previously unselected package libglib2.0-0:amd64.
Preparing to unpack .../22-libglib2.0-0_2.52.3-1_amd64.deb ...
Unpacking libglib2.0-0:amd64 (2.52.3-1) ...
Selecting previously unselected package libcroco3:amd64.
Preparing to unpack .../23-libcroco3_0.6.12-1_amd64.deb ...
Unpacking libcroco3:amd64 (0.6.12-1) ...
Selecting previously unselected package gettext.
Preparing to unpack .../24-gettext_0.19.8.1-2+b1_amd64.deb ...
Unpacking gettext (0.19.8.1-2+b1) ...
Selecting previously unselected package intltool-debian.
Preparing to unpack .../25-intltool-debian_0.35.0+20060710.4_all.deb ...
Unpacking intltool-debian (0.35.0+20060710.4) ...
Selecting previously unselected package po-debconf.
Preparing to unpack .../26-po-debconf_1.0.20_all.deb ...
Unpacking po-debconf (1.0.20) ...
Selecting previously unselected package debhelper.
Preparing to unpack .../27-debhelper_10.6.2_all.deb ...
Unpacking debhelper (10.6.2) ...
Selecting previously unselected package libgfortran3:amd64.
Preparing to unpack .../28-libgfortran3_6.4.0-1_amd64.deb ...
Unpacking libgfortran3:amd64 (6.4.0-1) ...
Selecting previously unselected package libgfortran-6-dev:amd64.
Preparing to unpack .../29-libgfortran-6-dev_6.4.0-1_amd64.deb ...
Unpacking libgfortran-6-dev:amd64 (6.4.0-1) ...
Selecting previously unselected package gfortran-6.
Preparing to unpack .../30-gfortran-6_6.4.0-1_amd64.deb ...
Unpacking gfortran-6 (6.4.0-1) ...
Selecting previously unselected package gfortran.
Preparing to unpack .../31-gfortran_4%3a6.3.0-4d1_amd64.deb ...
Unpacking gfortran (4:6.3.0-4d1) ...
Selecting previously unselected package libblas-common.
Preparing to unpack .../32-libblas-common_3.7.1-1_amd64.deb ...
Unpacking libblas-common (3.7.1-1) ...
Selecting previously unselected package libblas3.
Preparing to unpack .../33-libblas3_3.7.1-1_amd64.deb ...
Unpacking libblas3 (3.7.1-1) ...
Selecting previously unselected package libblas-dev.
Preparing to unpack .../34-libblas-dev_3.7.1-1_amd64.deb ...
Unpacking libblas-dev (3.7.1-1) ...
Selecting previously unselected package libboost1.62-dev:amd64.
Preparing to unpack .../35-libboost1.62-dev_1.62.0+dfsg-4+b1_amd64.deb ...
Unpacking libboost1.62-dev:amd64 (1.62.0+dfsg-4+b1) ...
Selecting previously unselected package libboost-atomic1.62.0:amd64.
Preparing to unpack .../36-libboost-atomic1.62.0_1.62.0+dfsg-4+b1_amd64.deb ...
Unpacking libboost-atomic1.62.0:amd64 (1.62.0+dfsg-4+b1) ...
Selecting previously unselected package libboost-atomic1.62-dev:amd64.
Preparing to unpack .../37-libboost-atomic1.62-dev_1.62.0+dfsg-4+b1_amd64.deb ...
Unpacking libboost-atomic1.62-dev:amd64 (1.62.0+dfsg-4+b1) ...
Selecting previously unselected package libboost-system1.62.0:amd64.
Preparing to unpack .../38-libboost-system1.62.0_1.62.0+dfsg-4+b1_amd64.deb ...
Unpacking libboost-system1.62.0:amd64 (1.62.0+dfsg-4+b1) ...
Selecting previously unselected package libboost-chrono1.62.0:amd64.
Preparing to unpack .../39-libboost-chrono1.62.0_1.62.0+dfsg-4+b1_amd64.deb ...
Unpacking libboost-chrono1.62.0:amd64 (1.62.0+dfsg-4+b1) ...
Selecting previously unselected package libboost-chrono1.62-dev:amd64.
Preparing to unpack .../40-libboost-chrono1.62-dev_1.62.0+dfsg-4+b1_amd64.deb ...
Unpacking libboost-chrono1.62-dev:amd64 (1.62.0+dfsg-4+b1) ...
Selecting previously unselected package libboost-date-time1.62.0:amd64.
Preparing to unpack .../41-libboost-date-time1.62.0_1.62.0+dfsg-4+b1_amd64.deb ...
Unpacking libboost-date-time1.62.0:amd64 (1.62.0+dfsg-4+b1) ...
Selecting previously unselected package libboost-serialization1.62.0:amd64.
Preparing to unpack .../42-libboost-serialization1.62.0_1.62.0+dfsg-4+b1_amd64.deb ...
Unpacking libboost-serialization1.62.0:amd64 (1.62.0+dfsg-4+b1) ...
Selecting previously unselected package libboost-serialization1.62-dev:amd64.
Preparing to unpack .../43-libboost-serialization1.62-dev_1.62.0+dfsg-4+b1_amd64.deb ...
Unpacking libboost-serialization1.62-dev:amd64 (1.62.0+dfsg-4+b1) ...
Selecting previously unselected package libboost-date-time1.62-dev:amd64.
Preparing to unpack .../44-libboost-date-time1.62-dev_1.62.0+dfsg-4+b1_amd64.deb ...
Unpacking libboost-date-time1.62-dev:amd64 (1.62.0+dfsg-4+b1) ...
Selecting previously unselected package libboost-dev:amd64.
Preparing to unpack .../45-libboost-dev_1.62.0.1_amd64.deb ...
Unpacking libboost-dev:amd64 (1.62.0.1) ...
Selecting previously unselected package libnl-3-200:amd64.
Preparing to unpack .../46-libnl-3-200_3.2.27-2_amd64.deb ...
Unpacking libnl-3-200:amd64 (3.2.27-2) ...
Selecting previously unselected package libnl-route-3-200:amd64.
Preparing to unpack .../47-libnl-route-3-200_3.2.27-2_amd64.deb ...
Unpacking libnl-route-3-200:amd64 (3.2.27-2) ...
Selecting previously unselected package libibverbs1.
Preparing to unpack .../48-libibverbs1_1.2.1-2_amd64.deb ...
Unpacking libibverbs1 (1.2.1-2) ...
Selecting previously unselected package libpsm-infinipath1.
Preparing to unpack .../49-libpsm-infinipath1_3.3+19.g67c0807.open-3_amd64.deb ...
Unpacking libpsm-infinipath1 (3.3+19.g67c0807.open-3) ...
Selecting previously unselected package librdmacm1.
Preparing to unpack .../50-librdmacm1_1.1.0-2_amd64.deb ...
Unpacking librdmacm1 (1.1.0-2) ...
Selecting previously unselected package libfabric1.
Preparing to unpack .../51-libfabric1_1.4.0-1_amd64.deb ...
Unpacking libfabric1 (1.4.0-1) ...
Selecting previously unselected package libltdl7:amd64.
Preparing to unpack .../52-libltdl7_2.4.6-2_amd64.deb ...
Unpacking libltdl7:amd64 (2.4.6-2) ...
Selecting previously unselected package libnuma1:amd64.
Preparing to unpack .../53-libnuma1_2.0.11-2.1_amd64.deb ...
Unpacking libnuma1:amd64 (2.0.11-2.1) ...
Selecting previously unselected package libhwloc5:amd64.
Preparing to unpack .../54-libhwloc5_1.11.5-1_amd64.deb ...
Unpacking libhwloc5:amd64 (1.11.5-1) ...
Selecting previously unselected package libpciaccess0:amd64.
Preparing to unpack .../55-libpciaccess0_0.13.4-1+b2_amd64.deb ...
Unpacking libpciaccess0:amd64 (0.13.4-1+b2) ...
Selecting previously unselected package ocl-icd-libopencl1:amd64.
Preparing to unpack .../56-ocl-icd-libopencl1_2.2.11-1_amd64.deb ...
Unpacking ocl-icd-libopencl1:amd64 (2.2.11-1) ...
Selecting previously unselected package libhwloc-plugins.
Preparing to unpack .../57-libhwloc-plugins_1.11.5-1_amd64.deb ...
Unpacking libhwloc-plugins (1.11.5-1) ...
Selecting previously unselected package libopenmpi2:amd64.
Preparing to unpack .../58-libopenmpi2_2.1.1-6_amd64.deb ...
Unpacking libopenmpi2:amd64 (2.1.1-6) ...
Selecting previously unselected package libboost-mpi1.62.0.
Preparing to unpack .../59-libboost-mpi1.62.0_1.62.0+dfsg-4+b1_amd64.deb ...
Unpacking libboost-mpi1.62.0 (1.62.0+dfsg-4+b1) ...
Selecting previously unselected package openmpi-common.
Preparing to unpack .../60-openmpi-common_2.1.1-6_all.deb ...
Unpacking openmpi-common (2.1.1-6) ...
Selecting previously unselected package libibverbs-dev.
Preparing to unpack .../61-libibverbs-dev_1.2.1-2_amd64.deb ...
Unpacking libibverbs-dev (1.2.1-2) ...
Selecting previously unselected package libnuma-dev:amd64.
Preparing to unpack .../62-libnuma-dev_2.0.11-2.1_amd64.deb ...
Unpacking libnuma-dev:amd64 (2.0.11-2.1) ...
Selecting previously unselected package libltdl-dev:amd64.
Preparing to unpack .../63-libltdl-dev_2.4.6-2_amd64.deb ...
Unpacking libltdl-dev:amd64 (2.4.6-2) ...
Selecting previously unselected package libhwloc-dev:amd64.
Preparing to unpack .../64-libhwloc-dev_1.11.5-1_amd64.deb ...
Unpacking libhwloc-dev:amd64 (1.11.5-1) ...
Selecting previously unselected package libopenmpi-dev.
Preparing to unpack .../65-libopenmpi-dev_2.1.1-6_amd64.deb ...
Unpacking libopenmpi-dev (2.1.1-6) ...
Selecting previously unselected package mpi-default-dev.
Preparing to unpack .../66-mpi-default-dev_1.8_amd64.deb ...
Unpacking mpi-default-dev (1.8) ...
Selecting previously unselected package libboost-mpi1.62-dev.
Preparing to unpack .../67-libboost-mpi1.62-dev_1.62.0+dfsg-4+b1_amd64.deb ...
Unpacking libboost-mpi1.62-dev (1.62.0+dfsg-4+b1) ...
Selecting previously unselected package libboost-mpi-dev.
Preparing to unpack .../68-libboost-mpi-dev_1.62.0.1_amd64.deb ...
Unpacking libboost-mpi-dev (1.62.0.1) ...
Selecting previously unselected package libboost-serialization-dev:amd64.
Preparing to unpack .../69-libboost-serialization-dev_1.62.0.1_amd64.deb ...
Unpacking libboost-serialization-dev:amd64 (1.62.0.1) ...
Selecting previously unselected package libboost-system1.62-dev:amd64.
Preparing to unpack .../70-libboost-system1.62-dev_1.62.0+dfsg-4+b1_amd64.deb ...
Unpacking libboost-system1.62-dev:amd64 (1.62.0+dfsg-4+b1) ...
Selecting previously unselected package libboost-thread1.62.0:amd64.
Preparing to unpack .../71-libboost-thread1.62.0_1.62.0+dfsg-4+b1_amd64.deb ...
Unpacking libboost-thread1.62.0:amd64 (1.62.0+dfsg-4+b1) ...
Selecting previously unselected package libboost-thread1.62-dev:amd64.
Preparing to unpack .../72-libboost-thread1.62-dev_1.62.0+dfsg-4+b1_amd64.deb ...
Unpacking libboost-thread1.62-dev:amd64 (1.62.0+dfsg-4+b1) ...
Selecting previously unselected package libboost-thread-dev:amd64.
Preparing to unpack .../73-libboost-thread-dev_1.62.0.1_amd64.deb ...
Unpacking libboost-thread-dev:amd64 (1.62.0.1) ...
Selecting previously unselected package libopenblas-base.
Preparing to unpack .../74-libopenblas-base_0.2.19-3_amd64.deb ...
Unpacking libopenblas-base (0.2.19-3) ...
Selecting previously unselected package libtmglib3.
Preparing to unpack .../75-libtmglib3_3.7.1-1_amd64.deb ...
Unpacking libtmglib3 (3.7.1-1) ...
Selecting previously unselected package liblapacke.
Preparing to unpack .../76-liblapacke_3.7.1-1_amd64.deb ...
Unpacking liblapacke (3.7.1-1) ...
Selecting previously unselected package libopenblas-dev.
Preparing to unpack .../77-libopenblas-dev_0.2.19-3_amd64.deb ...
Unpacking libopenblas-dev (0.2.19-3) ...
Selecting previously unselected package libtmglib-dev.
Preparing to unpack .../78-libtmglib-dev_3.7.1-1_amd64.deb ...
Unpacking libtmglib-dev (3.7.1-1) ...
Selecting previously unselected package liblapacke-dev.
Preparing to unpack .../79-liblapacke-dev_3.7.1-1_amd64.deb ...
Unpacking liblapacke-dev (3.7.1-1) ...
Selecting previously unselected package rubygems-integration.
Preparing to unpack .../80-rubygems-integration_1.11_all.deb ...
Unpacking rubygems-integration (1.11) ...
Selecting previously unselected package ruby2.3.
Preparing to unpack .../81-ruby2.3_2.3.3-1_amd64.deb ...
Unpacking ruby2.3 (2.3.3-1) ...
Selecting previously unselected package ruby.
Preparing to unpack .../82-ruby_1%3a2.3.3_amd64.deb ...
Unpacking ruby (1:2.3.3) ...
Selecting previously unselected package rake.
Preparing to unpack .../83-rake_12.0.0-1_all.deb ...
Unpacking rake (12.0.0-1) ...
Selecting previously unselected package ruby-did-you-mean.
Preparing to unpack .../84-ruby-did-you-mean_1.0.0-2_all.deb ...
Unpacking ruby-did-you-mean (1.0.0-2) ...
Selecting previously unselected package ruby-minitest.
Preparing to unpack .../85-ruby-minitest_5.10.2-1_all.deb ...
Unpacking ruby-minitest (5.10.2-1) ...
Selecting previously unselected package ruby-net-telnet.
Preparing to unpack .../86-ruby-net-telnet_0.1.1-2_all.deb ...
Unpacking ruby-net-telnet (0.1.1-2) ...
Selecting previously unselected package ruby-power-assert.
Preparing to unpack .../87-ruby-power-assert_0.3.0-1_all.deb ...
Unpacking ruby-power-assert (0.3.0-1) ...
Selecting previously unselected package ruby-test-unit.
Preparing to unpack .../88-ruby-test-unit_3.2.5-1_all.deb ...
Unpacking ruby-test-unit (3.2.5-1) ...
Selecting previously unselected package libyaml-0-2:amd64.
Preparing to unpack .../89-libyaml-0-2_0.1.7-2_amd64.deb ...
Unpacking libyaml-0-2:amd64 (0.1.7-2) ...
Selecting previously unselected package libruby2.3:amd64.
Preparing to unpack .../90-libruby2.3_2.3.3-1_amd64.deb ...
Unpacking libruby2.3:amd64 (2.3.3-1) ...
Selecting previously unselected package openmpi-bin.
Preparing to unpack .../91-openmpi-bin_2.1.1-6_amd64.deb ...
Unpacking openmpi-bin (2.1.1-6) ...
Selecting previously unselected package mpi-default-bin.
Preparing to unpack .../92-mpi-default-bin_1.8_amd64.deb ...
Unpacking mpi-default-bin (1.8) ...
Selecting previously unselected package sbuild-build-depends-molds-dummy.
Preparing to unpack .../93-sbuild-build-depends-molds-dummy_0.invalid.0_amd64.deb ...
Unpacking sbuild-build-depends-molds-dummy (0.invalid.0) ...
Setting up libboost-serialization1.62.0:amd64 (1.62.0+dfsg-4+b1) ...
Setting up libboost-date-time1.62.0:amd64 (1.62.0+dfsg-4+b1) ...
Setting up libarchive-zip-perl (1.59-1) ...
Setting up libboost1.62-dev:amd64 (1.62.0+dfsg-4+b1) ...
Setting up libtimedate-perl (2.3000-2) ...
Setting up libblas-common (3.7.1-1) ...
Setting up libnuma1:amd64 (2.0.11-2.1) ...
Setting up libgfortran3:amd64 (6.4.0-1) ...
Setting up groff-base (1.22.3-9) ...
Setting up libglib2.0-0:amd64 (2.52.3-1) ...
No schema files found: doing nothing.
Setting up libgfortran-6-dev:amd64 (6.4.0-1) ...
Setting up gettext-base (0.19.8.1-2+b1) ...
Setting up libpipeline1:amd64 (1.4.1-2) ...
Setting up m4 (1.4.18-1) ...
Setting up gawk (1:4.1.4+dfsg-1) ...
Setting up libicu57:amd64 (57.1-6) ...
Setting up libboost-serialization1.62-dev:amd64 (1.62.0+dfsg-4+b1) ...
Setting up libxml2:amd64 (2.9.4+dfsg1-3) ...
Setting up libmagic-mgc (1:5.30-1) ...
Setting up libmagic1:amd64 (1:5.30-1) ...
Setting up libcroco3:amd64 (0.6.12-1) ...
Setting up libpsm-infinipath1 (3.3+19.g67c0807.open-3) ...
Setting up libssl1.0.2:amd64 (1.0.2l-2) ...
Setting up ruby-did-you-mean (1.0.0-2) ...
Setting up libyaml-0-2:amd64 (0.1.7-2) ...
Setting up libblas3 (3.7.1-1) ...
update-alternatives: using /usr/lib/libblas/libblas.so.3 to provide /usr/lib/libblas.so.3 (libblas.so.3) in auto mode
Setting up openmpi-common (2.1.1-6) ...
Processing triggers for libc-bin (2.24-12) ...
Setting up autotools-dev (20161112.1) ...
Setting up libssl1.1:amd64 (1.1.0f-3) ...
Setting up libltdl7:amd64 (2.4.6-2) ...
Setting up openssl (1.1.0f-3) ...
Setting up ruby-net-telnet (0.1.1-2) ...
Setting up libboost-atomic1.62.0:amd64 (1.62.0+dfsg-4+b1) ...
Setting up libpciaccess0:amd64 (0.13.4-1+b2) ...
Setting up libboost-dev:amd64 (1.62.0.1) ...
Setting up libnuma-dev:amd64 (2.0.11-2.1) ...
Setting up ocl-icd-libopencl1:amd64 (2.2.11-1) ...
Setting up bsdmainutils (9.0.12+nmu1) ...
update-alternatives: using /usr/bin/bsd-write to provide /usr/bin/write (write) in auto mode
update-alternatives: using /usr/bin/bsd-from to provide /usr/bin/from (from) in auto mode
Setting up libnl-3-200:amd64 (3.2.27-2) ...
Setting up ruby-minitest (5.10.2-1) ...
Setting up ca-certificates (20161130+nmu1) ...
Updating certificates in /etc/ssl/certs...
166 added, 0 removed; done.
Setting up autopoint (0.19.8.1-2) ...
Setting up libboost-system1.62.0:amd64 (1.62.0+dfsg-4+b1) ...
Setting up ruby-power-assert (0.3.0-1) ...
Setting up libfile-stripnondeterminism-perl (0.035-2) ...
Setting up libopenblas-base (0.2.19-3) ...
update-alternatives: using /usr/lib/openblas-base/libblas.so.3 to provide /usr/lib/libblas.so.3 (libblas.so.3) in auto mode
update-alternatives: using /usr/lib/openblas-base/liblapack.so.3 to provide /usr/lib/liblapack.so.3 (liblapack.so.3) in auto mode
Setting up libboost-atomic1.62-dev:amd64 (1.62.0+dfsg-4+b1) ...
Setting up libboost-serialization-dev:amd64 (1.62.0.1) ...
Setting up libboost-date-time1.62-dev:amd64 (1.62.0+dfsg-4+b1) ...
Setting up gfortran-6 (6.4.0-1) ...
Setting up libtmglib3 (3.7.1-1) ...
Setting up libltdl-dev:amd64 (2.4.6-2) ...
Setting up gettext (0.19.8.1-2+b1) ...
Setting up libboost-thread1.62.0:amd64 (1.62.0+dfsg-4+b1) ...
Setting up libnl-route-3-200:amd64 (3.2.27-2) ...
Setting up autoconf (2.69-10) ...
Setting up file (1:5.30-1) ...
Setting up libhwloc5:amd64 (1.11.5-1) ...
Setting up libhwloc-plugins (1.11.5-1) ...
Setting up intltool-debian (0.35.0+20060710.4) ...
Setting up libboost-system1.62-dev:amd64 (1.62.0+dfsg-4+b1) ...
Setting up automake (1:1.15.1-2) ...
update-alternatives: using /usr/bin/automake-1.15 to provide /usr/bin/automake (automake) in auto mode
Setting up rubygems-integration (1.11) ...
Setting up liblapacke (3.7.1-1) ...
Setting up man-db (2.7.6.1-2) ...
Not building database; man-db/auto-update is not 'true'.
Setting up libboost-chrono1.62.0:amd64 (1.62.0+dfsg-4+b1) ...
Setting up libtool (2.4.6-2) ...
Setting up gfortran (4:6.3.0-4d1) ...
update-alternatives: using /usr/bin/gfortran to provide /usr/bin/f95 (f95) in auto mode
update-alternatives: using /usr/bin/gfortran to provide /usr/bin/f77 (f77) in auto mode
Setting up libibverbs1 (1.2.1-2) ...
Setting up po-debconf (1.0.20) ...
Setting up libhwloc-dev:amd64 (1.11.5-1) ...
Setting up libblas-dev (3.7.1-1) ...
update-alternatives: using /usr/lib/libblas/libblas.so to provide /usr/lib/libblas.so (libblas.so) in auto mode
Setting up librdmacm1 (1.1.0-2) ...
Setting up libboost-chrono1.62-dev:amd64 (1.62.0+dfsg-4+b1) ...
Setting up libboost-thread1.62-dev:amd64 (1.62.0+dfsg-4+b1) ...
Setting up libopenblas-dev (0.2.19-3) ...
update-alternatives: using /usr/lib/openblas-base/libblas.so to provide /usr/lib/libblas.so (libblas.so) in auto mode
update-alternatives: using /usr/lib/openblas-base/liblapack.so to provide /usr/lib/liblapack.so (liblapack.so) in auto mode
Setting up libibverbs-dev (1.2.1-2) ...
Setting up libtmglib-dev (3.7.1-1) ...
Setting up libboost-thread-dev:amd64 (1.62.0.1) ...
Setting up libfabric1 (1.4.0-1) ...
Setting up liblapacke-dev (3.7.1-1) ...
Setting up libopenmpi2:amd64 (2.1.1-6) ...
Setting up libboost-mpi1.62.0 (1.62.0+dfsg-4+b1) ...
Setting up libopenmpi-dev (2.1.1-6) ...
update-alternatives: using /usr/lib/x86_64-linux-gnu/openmpi/include to provide /usr/include/mpi (mpi) in auto mode
Setting up openmpi-bin (2.1.1-6) ...
update-alternatives: using /usr/bin/mpirun.openmpi to provide /usr/bin/mpirun (mpirun) in auto mode
Setting up mpi-default-dev (1.8) ...
Setting up libboost-mpi1.62-dev (1.62.0+dfsg-4+b1) ...
Setting up mpi-default-bin (1.8) ...
Setting up libboost-mpi-dev (1.62.0.1) ...
Setting up dh-autoreconf (14) ...
Setting up rake (12.0.0-1) ...
Setting up dh-strip-nondeterminism (0.035-2) ...
Setting up libruby2.3:amd64 (2.3.3-1) ...
Setting up debhelper (10.6.2) ...
Setting up ruby2.3 (2.3.3-1) ...
Setting up ruby (1:2.3.3) ...
Setting up sbuild-build-depends-molds-dummy (0.invalid.0) ...
Setting up ruby-test-unit (3.2.5-1) ...
Processing triggers for libc-bin (2.24-12) ...
Processing triggers for ca-certificates (20161130+nmu1) ...
Updating certificates in /etc/ssl/certs...
0 added, 0 removed; done.
Running hooks in /etc/ca-certificates/update.d...
done.

+------------------------------------------------------------------------------+
| Build environment                                                            |
+------------------------------------------------------------------------------+

Kernel: Linux 4.9.0-2-amd64 amd64 (x86_64)
Toolchain package versions: binutils_2.28-6 dpkg-dev_1.18.24 g++-6_6.4.0-1 gcc-6_6.4.0-1 libc6-dev_2.24-12 libstdc++-6-dev_6.4.0-1 libstdc++6_7.1.0-9 linux-libc-dev_4.11.6-1
Package versions: adduser_3.115 apt_1.5~beta1 autoconf_2.69-10 automake_1:1.15.1-2 autopoint_0.19.8.1-2 autotools-dev_20161112.1 base-files_10 base-passwd_3.5.43 bash_4.4-5 binutils_2.28-6 bsdmainutils_9.0.12+nmu1 bsdutils_1:2.29.2-1 build-essential_12.3 bzip2_1.0.6-8.1 ca-certificates_20161130+nmu1 clang-3.9_1:3.9.1-10 coreutils_8.26-3 cpp_4:6.3.0-4d1 cpp-6_6.4.0-1 dash_0.5.8-2.4 debconf_1.5.62 debfoster_2.7-2.1+b1 debhelper_10.6.2 debian-archive-keyring_2017.5 debianutils_4.8.1.1 dh-autoreconf_14 dh-strip-nondeterminism_0.035-2 diffutils_1:3.5-3 dpkg_1.18.24 dpkg-dev_1.18.24 e2fslibs_1.43.4-2 e2fsprogs_1.43.4-2 eatmydata_105-5 fakeroot_1.21-3.1 file_1:5.30-1 findutils_4.6.0+git+20170606-2 g++_4:6.3.0-4d1 g++-6_6.4.0-1 gawk_1:4.1.4+dfsg-1 gcc_4:6.3.0-4d1 gcc-6_6.4.0-1 gcc-6-base_6.4.0-1 gcc-7-base_7.1.0-9 gettext_0.19.8.1-2+b1 gettext-base_0.19.8.1-2+b1 gfortran_4:6.3.0-4d1 gfortran-6_6.4.0-1 gpgv_2.1.18-8 grep_2.27-2 groff-base_1.22.3-9 gzip_1.6-5+b1 hostname_3.18+b1 init-system-helpers_1.48 intltool-debian_0.35.0+20060710.4 libacl1_2.2.52-3+b1 libapt-pkg5.0_1.5~beta1 libarchive-zip-perl_1.59-1 libasan3_6.4.0-1 libatomic1_7.1.0-9 libattr1_1:2.4.47-2+b2 libaudit-common_1:2.7.7-1 libaudit1_1:2.7.7-1+b1 libblas-common_3.7.1-1 libblas-dev_3.7.1-1 libblas3_3.7.1-1 libblkid1_2.29.2-1 libboost-atomic1.62-dev_1.62.0+dfsg-4+b1 libboost-atomic1.62.0_1.62.0+dfsg-4+b1 libboost-chrono1.62-dev_1.62.0+dfsg-4+b1 libboost-chrono1.62.0_1.62.0+dfsg-4+b1 libboost-date-time1.62-dev_1.62.0+dfsg-4+b1 libboost-date-time1.62.0_1.62.0+dfsg-4+b1 libboost-dev_1.62.0.1 libboost-mpi-dev_1.62.0.1 libboost-mpi1.62-dev_1.62.0+dfsg-4+b1 libboost-mpi1.62.0_1.62.0+dfsg-4+b1 libboost-serialization-dev_1.62.0.1 libboost-serialization1.62-dev_1.62.0+dfsg-4+b1 libboost-serialization1.62.0_1.62.0+dfsg-4+b1 libboost-system1.62-dev_1.62.0+dfsg-4+b1 libboost-system1.62.0_1.62.0+dfsg-4+b1 libboost-thread-dev_1.62.0.1 libboost-thread1.62-dev_1.62.0+dfsg-4+b1 libboost-thread1.62.0_1.62.0+dfsg-4+b1 libboost1.62-dev_1.62.0+dfsg-4+b1 libbsd0_0.8.5-1 libbz2-1.0_1.0.6-8.1 libc-bin_2.24-12 libc-dev-bin_2.24-12 libc6_2.24-12 libc6-dev_2.24-12 libcap-ng0_0.7.7-3+b1 libcc1-0_7.1.0-9 libcilkrts5_7.1.0-9 libclang-common-3.9-dev_1:3.9.1-10 libclang1-3.9_1:3.9.1-10 libcomerr2_1.43.4-2 libcroco3_0.6.12-1 libdb5.3_5.3.28-12+b1 libdebconfclient0_0.229 libdpkg-perl_1.18.24 libeatmydata1_105-5 libedit2_3.1-20170329-1 libfabric1_1.4.0-1 libfakeroot_1.21-3.1 libfdisk1_2.29.2-1 libffi6_3.2.1-6 libfile-stripnondeterminism-perl_0.035-2 libgc1c2_1:7.4.2-8 libgcc-6-dev_6.4.0-1 libgcc1_1:7.1.0-9 libgcrypt20_1.7.8-1 libgdbm3_1.8.3-14 libgfortran-6-dev_6.4.0-1 libgfortran3_6.4.0-1 libglib2.0-0_2.52.3-1 libgmp10_2:6.1.2+dfsg-1 libgnutls30_3.5.13-2 libgomp1_7.1.0-9 libgpg-error0_1.27-3 libhogweed4_3.3-1+b1 libhwloc-dev_1.11.5-1 libhwloc-plugins_1.11.5-1 libhwloc5_1.11.5-1 libibverbs-dev_1.2.1-2 libibverbs1_1.2.1-2 libicu57_57.1-6 libidn2-0_0.16-1+b1 libisl15_0.18-1 libitm1_7.1.0-9 libjsoncpp1_1.7.4-3 liblapacke_3.7.1-1 liblapacke-dev_3.7.1-1 libllvm3.9_1:3.9.1-10 liblsan0_7.1.0-9 libltdl-dev_2.4.6-2 libltdl7_2.4.6-2 liblz4-1_0.0~r131-2+b1 liblzma5_5.2.2-1.2+b1 libmagic-mgc_1:5.30-1 libmagic1_1:5.30-1 libmount1_2.29.2-1 libmpc3_1.0.3-1+b2 libmpfr4_3.1.5-1 libmpx2_7.1.0-9 libncurses5_6.0+20161126-1 libncursesw5_6.0+20161126-1 libnettle6_3.3-1+b1 libnl-3-200_3.2.27-2 libnl-route-3-200_3.2.27-2 libnuma-dev_2.0.11-2.1 libnuma1_2.0.11-2.1 libobjc-6-dev_6.4.0-1 libobjc4_7.1.0-9 libopenblas-base_0.2.19-3 libopenblas-dev_0.2.19-3 libopenmpi-dev_2.1.1-6 libopenmpi2_2.1.1-6 libp11-kit0_0.23.7-2 libpam-modules_1.1.8-3.6 libpam-modules-bin_1.1.8-3.6 libpam-runtime_1.1.8-3.6 libpam0g_1.1.8-3.6 libpciaccess0_0.13.4-1+b2 libpcre3_2:8.39-3 libperl5.24_5.24.1-6 libpipeline1_1.4.1-2 libpsm-infinipath1_3.3+19.g67c0807.open-3 libquadmath0_7.1.0-9 librdmacm1_1.1.0-2 libreadline7_7.0-3 libruby2.3_2.3.3-1 libselinux1_2.6-3+b2 libsemanage-common_2.6-2 libsemanage1_2.6-2+b1 libsepol1_2.6-2 libsigsegv2_2.11-1 libsmartcols1_2.29.2-1 libss2_1.43.4-2 libssl1.0.2_1.0.2l-2 libssl1.1_1.1.0f-3 libstdc++-6-dev_6.4.0-1 libstdc++6_7.1.0-9 libsystemd0_233-10 libtasn1-6_4.12-2 libtimedate-perl_2.3000-2 libtinfo5_6.0+20161126-1 libtmglib-dev_3.7.1-1 libtmglib3_3.7.1-1 libtool_2.4.6-2 libtsan0_7.1.0-9 libubsan0_7.1.0-9 libudev1_233-10 libunistring2_0.9.7-2 libustr-1.0-1_1.0.4-6 libuuid1_2.29.2-1 libxml2_2.9.4+dfsg1-3 libyaml-0-2_0.1.7-2 linux-libc-dev_4.11.6-1 login_1:4.4-4.1 m4_1.4.18-1 make_4.1-9.1 man-db_2.7.6.1-2 mawk_1.3.3-17+b3 mount_2.29.2-1 mpi-default-bin_1.8 mpi-default-dev_1.8 multiarch-support_2.24-12 ncurses-base_6.0+20161126-1 ncurses-bin_6.0+20161126-1 ocl-icd-libopencl1_2.2.11-1 openmpi-bin_2.1.1-6 openmpi-common_2.1.1-6 openssl_1.1.0f-3 passwd_1:4.4-4.1 patch_2.7.5-1+b2 perl_5.24.1-6 perl-base_5.24.1-6 perl-modules-5.24_5.24.1-6 po-debconf_1.0.20 rake_12.0.0-1 readline-common_7.0-3 ruby_1:2.3.3 ruby-did-you-mean_1.0.0-2 ruby-minitest_5.10.2-1 ruby-net-telnet_0.1.1-2 ruby-power-assert_0.3.0-1 ruby-test-unit_3.2.5-1 ruby2.3_2.3.3-1 rubygems-integration_1.11 sbuild-build-depends-core-dummy_0.invalid.0 sbuild-build-depends-molds-dummy_0.invalid.0 sed_4.4-1 sensible-utils_0.0.9 sysvinit-utils_2.88dsf-59.9 tar_1.29b-1.1 util-linux_2.29.2-1 xz-utils_5.2.2-1.2+b1 zlib1g_1:1.2.8.dfsg-5

+------------------------------------------------------------------------------+
| Build                                                                        |
+------------------------------------------------------------------------------+


Unpack source
-------------

gpgv: unknown type of key resource 'trustedkeys.kbx'
gpgv: keyblock resource '/sbuild-nonexistent/.gnupg/trustedkeys.kbx': General error
gpgv: Signature made Sun Oct 26 19:15:58 2014 UTC
gpgv:                using RSA key DC686A27B43481B0
gpgv: Can't check signature: No public key
dpkg-source: warning: failed to verify signature on ./molds_0.3.1-1.dsc
dpkg-source: info: extracting molds in /<<PKGBUILDDIR>>
dpkg-source: info: unpacking molds_0.3.1.orig.tar.gz
dpkg-source: info: unpacking molds_0.3.1-1.debian.tar.xz
dpkg-source: info: applying makefile_flags.patch
dpkg-source: info: applying testsuite_output.patch
dpkg-source: info: applying fix-ftbfs-with-GCC-4.9.patch

Check disk space
----------------

Sufficient free space for build

User Environment
----------------

APT_CONFIG=/var/lib/sbuild/apt.conf
HOME=/sbuild-nonexistent
LANG=en_US.UTF-8
LC_ALL=POSIX
LOGNAME=user42
PATH=/usr/local/sbin:/usr/local/bin:/usr/sbin:/usr/bin:/sbin:/bin:/usr/games
SCHROOT_ALIAS_NAME=unstable-amd64-sbuild
SCHROOT_CHROOT_NAME=unstable-amd64-sbuild
SCHROOT_COMMAND=env
SCHROOT_GID=1001
SCHROOT_GROUP=user42
SCHROOT_SESSION_ID=unstable-amd64-sbuild-3860014c-bf47-4abf-94cd-7fcaaaf850cf
SCHROOT_UID=1001
SCHROOT_USER=user42
SHELL=/bin/sh
USER=user42

dpkg-buildpackage
-----------------

dpkg-buildpackage: info: source package molds
dpkg-buildpackage: info: source version 0.3.1-1
dpkg-buildpackage: info: source distribution unstable
dpkg-buildpackage: info: source changed by Michael Banck <mbanck@debian.org>
 dpkg-source --before-build molds-0.3.1
dpkg-buildpackage: info: host architecture amd64
dpkg-source: warning: unknown information field 'Dm-Upload-Allowed' in input data in general section of control info file
 fakeroot debian/rules clean
dh clean 
dh: Compatibility levels before 9 are deprecated (level 7 in use)
   dh_testdir
   debian/rules override_dh_auto_clean
make[1]: Entering directory '/<<PKGBUILDDIR>>'
(cd src; make -f Makefile_GNU clean)
make[2]: Entering directory '/<<PKGBUILDDIR>>/src'
mpicxx -MM base/Enums.cpp                   base/PrintController.cpp base/MolDSException.cpp                                     base/MallocerFreer.cpp              mpi/MpiProcess.cpp mpi/AsyncCommunicator.cpp wrappers/Blas.cpp wrappers/Lapack.cpp base/Utilities.cpp base/MathUtilities.cpp base/EularAngle.cpp base/Parameters.cpp base/atoms/Atom.cpp base/atoms/Hatom.cpp base/atoms/Liatom.cpp base/atoms/Catom.cpp base/atoms/Natom.cpp base/atoms/Oatom.cpp base/atoms/Satom.cpp base/atoms/mm/EnvironmentalPointCharge.cpp base/factories/AtomFactory.cpp base/Molecule.cpp base/InputParser.cpp base/GTOExpansionSTO.cpp base/RealSphericalHarmonicsIndex.cpp base/loggers/MOLogger.cpp base/loggers/DensityLogger.cpp base/loggers/HoleDensityLogger.cpp base/loggers/ParticleDensityLogger.cpp                            cndo/Cndo2.cpp                                    indo/Indo.cpp zindo/ZindoS.cpp mndo/Mndo.cpp am1/Am1.cpp am1/Am1D.cpp pm3/Pm3.cpp pm3/Pm3D.cpp pm3/Pm3Pddg.cpp base/factories/ElectronicStructureFactory.cpp md/MD.cpp mc/MC.cpp rpmd/RPMD.cpp nasco/NASCO.cpp optimization/Optimizer.cpp optimization/ConjugateGradient.cpp optimization/SteepestDescent.cpp optimization/BFGS.cpp optimization/GEDIIS.cpp base/factories/OptimizerFactory.cpp  base/MolDS.cpp     Main.cpp -I/usr/include/mpi -I/usr/lib/openblas-base//include/ | sed 's/^\([^ ]\)/obj\/\1/g' | sed 's/\($*\)\.o[ :]*/\1.o : /g'  > obj/objfile.dep
clang: warning: -lmpi_cxx: 'linker' input unused
clang: warning: -lmpi: 'linker' input unused
clang: warning: argument unused during compilation: '-L/usr//lib'
clang: warning: argument unused during compilation: '-L/usr/lib/x86_64-linux-gnu/openmpi/lib'
In file included from base/PrintController.cpp:30:
base/../mpi/MpiProcess.h:22:9: fatal error: 'omp.h' file not found
#include<omp.h>
        ^
1 error generated.
rm -f obj/Enums.o                      obj/PrintController.o    obj/MolDSException.o                                        obj/MallocerFreer.o                obj/MpiProcess.o   obj/AsyncCommunicator.o        obj/Blas.o        obj/Lapack.o    obj/Utilities.o    obj/MathUtilities.o    obj/EularAngle.o    obj/Parameters.o    obj/Atom.o                obj/Hatom.o          obj/Liatom.o          obj/Catom.o          obj/Natom.o          obj/Oatom.o          obj/Satom.o             obj/EnvironmentalPointCharge.o              obj/AtomFactory.o    obj/Molecule.o    obj/InputParser.o    obj/GTOExpansionSTO.o    obj/RealSphericalHarmonicsIndex.o            obj/MOLogger.o            obj/DensityLogger.o            obj/HoleDensityLogger.o            obj/ParticleDensityLogger.o                               obj/Cndo2.o                                       obj/Indo.o     obj/ZindoS.o    obj/Mndo.o   obj/Am1.o   obj/Am1D.o   obj/Pm3.o   obj/Pm3D.o   obj/Pm3Pddg.o              obj/ElectronicStructureFactory.o  obj/MD.o  obj/MC.o    obj/RPMD.o     obj/NASCO.o            obj/Optimizer.o            obj/ConjugateGradient.o            obj/SteepestDescent.o            obj/BFGS.o            obj/GEDIIS.o              obj/OptimizerFactory.o     obj/MolDS.o   obj/Main.o molds obj/objfile.dep
make[2]: Leaving directory '/<<PKGBUILDDIR>>/src'
rm -f test/temp.dat
make[1]: Leaving directory '/<<PKGBUILDDIR>>'
   dh_clean
dh_clean: Compatibility levels before 9 are deprecated (level 7 in use)
 debian/rules build-arch
dh build-arch 
dh: Compatibility levels before 9 are deprecated (level 7 in use)
   dh_testdir -a
   dh_update_autotools_config -a
   dh_auto_configure -a
dh_auto_configure: Compatibility levels before 9 are deprecated (level 7 in use)
   debian/rules override_dh_auto_build
make[1]: Entering directory '/<<PKGBUILDDIR>>'
(cd src; make -f Makefile_GNU)
make[2]: Entering directory '/<<PKGBUILDDIR>>/src'
mpicxx -MM base/Enums.cpp                   base/PrintController.cpp base/MolDSException.cpp                                     base/MallocerFreer.cpp              mpi/MpiProcess.cpp mpi/AsyncCommunicator.cpp wrappers/Blas.cpp wrappers/Lapack.cpp base/Utilities.cpp base/MathUtilities.cpp base/EularAngle.cpp base/Parameters.cpp base/atoms/Atom.cpp base/atoms/Hatom.cpp base/atoms/Liatom.cpp base/atoms/Catom.cpp base/atoms/Natom.cpp base/atoms/Oatom.cpp base/atoms/Satom.cpp base/atoms/mm/EnvironmentalPointCharge.cpp base/factories/AtomFactory.cpp base/Molecule.cpp base/InputParser.cpp base/GTOExpansionSTO.cpp base/RealSphericalHarmonicsIndex.cpp base/loggers/MOLogger.cpp base/loggers/DensityLogger.cpp base/loggers/HoleDensityLogger.cpp base/loggers/ParticleDensityLogger.cpp                            cndo/Cndo2.cpp                                    indo/Indo.cpp zindo/ZindoS.cpp mndo/Mndo.cpp am1/Am1.cpp am1/Am1D.cpp pm3/Pm3.cpp pm3/Pm3D.cpp pm3/Pm3Pddg.cpp base/factories/ElectronicStructureFactory.cpp md/MD.cpp mc/MC.cpp rpmd/RPMD.cpp nasco/NASCO.cpp optimization/Optimizer.cpp optimization/ConjugateGradient.cpp optimization/SteepestDescent.cpp optimization/BFGS.cpp optimization/GEDIIS.cpp base/factories/OptimizerFactory.cpp  base/MolDS.cpp     Main.cpp -I/usr/include/mpi -I/usr/lib/openblas-base//include/ | sed 's/^\([^ ]\)/obj\/\1/g' | sed 's/\($*\)\.o[ :]*/\1.o : /g'  > obj/objfile.dep
clang: warning: -lmpi_cxx: 'linker' input unused
clang: warning: -lmpi: 'linker' input unused
clang: warning: argument unused during compilation: '-L/usr//lib'
clang: warning: argument unused during compilation: '-L/usr/lib/x86_64-linux-gnu/openmpi/lib'
In file included from base/PrintController.cpp:30:
base/../mpi/MpiProcess.h:22:9: fatal error: 'omp.h' file not found
#include<omp.h>
        ^
1 error generated.
mpicxx -I/usr/include/mpi -I/usr/lib/openblas-base//include/ -o obj/Enums.o base/Enums.cpp -g -Wall -fopenmp -O2 -fopenmp -c
mpicxx -I/usr/include/mpi -I/usr/lib/openblas-base//include/ -o obj/PrintController.o  -g -Wall -fopenmp -O2 -fopenmp -c
clang: error: no input files
Makefile_GNU:56: recipe for target 'obj/PrintController.o' failed
make[2]: *** [obj/PrintController.o] Error 1
make[2]: Leaving directory '/<<PKGBUILDDIR>>/src'
debian/rules:31: recipe for target 'override_dh_auto_build' failed
make[1]: *** [override_dh_auto_build] Error 2
make[1]: Leaving directory '/<<PKGBUILDDIR>>'
debian/rules:24: recipe for target 'build-arch' failed
make: *** [build-arch] Error 2
dpkg-buildpackage: error: debian/rules build-arch gave error exit status 2
--------------------------------------------------------------------------------
Build finished at 2017-07-06T19:31:24Z

Finished
--------


+------------------------------------------------------------------------------+
| Cleanup                                                                      |
+------------------------------------------------------------------------------+

Purging /<<BUILDDIR>>
Not cleaning session: cloned chroot in use
E: Build failure (dpkg-buildpackage died)

+------------------------------------------------------------------------------+
| Summary                                                                      |
+------------------------------------------------------------------------------+

Build Architecture: amd64
Build Type: any
Build-Space: 6616
Build-Time: 1
Distribution: unstable
Fail-Stage: build
Host Architecture: amd64
Install-Time: 15
Job: molds_0.3.1-1
Machine Architecture: amd64
Package: molds
Package-Time: 32
Source-Version: 0.3.1-1
Space: 6616
Status: attempted
Version: 0.3.1-1
--------------------------------------------------------------------------------
Finished at 2017-07-06T19:31:24Z
Build needed 00:00:32, 6616k disk space
E: Build failure (dpkg-buildpackage died)
DC-Status: Failed 32.557883807s
DC-Time-Estimation: 32.557883807 versus expected 485 (r/m: 13.896545576335159 ; m: 32.557883807)
