DC-Build-Header: ntdb 1.0-9 / 2017-07-06 19:39:49 +0000
DC-Task: type:rebuild-binarch-only source:ntdb version:1.0-9 chroot:unstable esttime:454 logfile:/tmp/ntdb_1.0-9_unstable_clang3.9.log modes:clang:binarch-only
DC-Sbuild-call: su user42 -c 'sbuild -n --arch-any --apt-update -d unstable -v  --chroot-setup-commands=/tmp/clang ntdb_1.0-9'
sbuild (Debian sbuild) 0.73.0 (23 Dec 2016) on ip-172-31-45-63.eu-central-1.compute.internal

+==============================================================================+
| ntdb 1.0-9 (amd64)                           Thu, 06 Jul 2017 19:39:49 +0000 |
+==============================================================================+

Package: ntdb
Version: 1.0-9
Source Version: 1.0-9
Distribution: unstable
Machine Architecture: amd64
Host Architecture: amd64
Build Architecture: amd64
Build Type: any

I: NOTICE: Log filtering will replace 'var/run/schroot/mount/unstable-amd64-sbuild-e5dc3317-2756-4454-b0cf-6ece271f1d75' with '<<CHROOT>>'

+------------------------------------------------------------------------------+
| Chroot Setup Commands                                                        |
+------------------------------------------------------------------------------+


/tmp/clang
----------

+ echo 'Entering customization script...'
Entering customization script...
+ CLANG_VERSION=3.9
+ echo 'Install of clang-3.9'
Install of clang-3.9
+ apt-get update
Get:1 http://127.0.0.1:9999/debian unstable InRelease [255 kB]
Get:2 http://127.0.0.1:9999/debian unstable/main Sources.diff/Index [27.9 kB]
Get:3 http://127.0.0.1:9999/debian unstable/main amd64 Packages.diff/Index [27.9 kB]
Get:4 http://127.0.0.1:9999/debian unstable/main Translation-en.diff/Index [27.9 kB]
Get:5 http://127.0.0.1:9999/debian unstable/main Sources 2017-07-02-0216.39.pdiff [15.0 kB]
Get:6 http://127.0.0.1:9999/debian unstable/main Sources 2017-07-02-0817.00.pdiff [7416 B]
Get:7 http://127.0.0.1:9999/debian unstable/main Sources 2017-07-02-1415.16.pdiff [17.0 kB]
Get:8 http://127.0.0.1:9999/debian unstable/main Sources 2017-07-02-2015.53.pdiff [15.2 kB]
Get:9 http://127.0.0.1:9999/debian unstable/main Sources 2017-07-03-0215.43.pdiff [50.2 kB]
Get:10 http://127.0.0.1:9999/debian unstable/main Sources 2017-07-03-0815.58.pdiff [5500 B]
Get:11 http://127.0.0.1:9999/debian unstable/main Sources 2017-07-03-1420.59.pdiff [15.8 kB]
Get:12 http://127.0.0.1:9999/debian unstable/main Sources 2017-07-03-2015.52.pdiff [15.6 kB]
Get:13 http://127.0.0.1:9999/debian unstable/main Sources 2017-07-04-0215.56.pdiff [7165 B]
Get:14 http://127.0.0.1:9999/debian unstable/main Sources 2017-07-04-0817.36.pdiff [8303 B]
Get:15 http://127.0.0.1:9999/debian unstable/main Sources 2017-07-04-1416.28.pdiff [11.7 kB]
Get:16 http://127.0.0.1:9999/debian unstable/main Sources 2017-07-04-2017.16.pdiff [12.7 kB]
Get:17 http://127.0.0.1:9999/debian unstable/main Sources 2017-07-05-0215.45.pdiff [7714 B]
Get:18 http://127.0.0.1:9999/debian unstable/main Sources 2017-07-05-0817.10.pdiff [6491 B]
Get:19 http://127.0.0.1:9999/debian unstable/main Sources 2017-07-05-1416.09.pdiff [13.0 kB]
Get:20 http://127.0.0.1:9999/debian unstable/main Sources 2017-07-05-2019.56.pdiff [14.2 kB]
Get:21 http://127.0.0.1:9999/debian unstable/main Sources 2017-07-06-0216.07.pdiff [9132 B]
Get:22 http://127.0.0.1:9999/debian unstable/main Sources 2017-07-06-0817.23.pdiff [16.8 kB]
Get:23 http://127.0.0.1:9999/debian unstable/main amd64 Packages 2017-07-02-0216.39.pdiff [31.6 kB]
Get:24 http://127.0.0.1:9999/debian unstable/main amd64 Packages 2017-07-02-0817.00.pdiff [12.0 kB]
Get:25 http://127.0.0.1:9999/debian unstable/main amd64 Packages 2017-07-02-1415.16.pdiff [11.6 kB]
Get:26 http://127.0.0.1:9999/debian unstable/main amd64 Packages 2017-07-02-2015.53.pdiff [12.9 kB]
Get:27 http://127.0.0.1:9999/debian unstable/main amd64 Packages 2017-07-03-0215.43.pdiff [63.1 kB]
Get:28 http://127.0.0.1:9999/debian unstable/main amd64 Packages 2017-07-03-0815.58.pdiff [23.3 kB]
Get:29 http://127.0.0.1:9999/debian unstable/main amd64 Packages 2017-07-03-1420.59.pdiff [40.0 kB]
Get:30 http://127.0.0.1:9999/debian unstable/main amd64 Packages 2017-07-03-2015.52.pdiff [28.4 kB]
Get:22 http://127.0.0.1:9999/debian unstable/main Sources 2017-07-06-0817.23.pdiff [16.8 kB]
Get:31 http://127.0.0.1:9999/debian unstable/main amd64 Packages 2017-07-04-0215.56.pdiff [7447 B]
Get:32 http://127.0.0.1:9999/debian unstable/main amd64 Packages 2017-07-04-0817.36.pdiff [5458 B]
Get:33 http://127.0.0.1:9999/debian unstable/main amd64 Packages 2017-07-04-1416.28.pdiff [33.1 kB]
Get:34 http://127.0.0.1:9999/debian unstable/main amd64 Packages 2017-07-04-2017.16.pdiff [18.8 kB]
Get:35 http://127.0.0.1:9999/debian unstable/main amd64 Packages 2017-07-05-0215.45.pdiff [5901 B]
Get:36 http://127.0.0.1:9999/debian unstable/main amd64 Packages 2017-07-05-0817.10.pdiff [15.3 kB]
Get:37 http://127.0.0.1:9999/debian unstable/main amd64 Packages 2017-07-05-1416.09.pdiff [11.4 kB]
Get:38 http://127.0.0.1:9999/debian unstable/main amd64 Packages 2017-07-05-2019.56.pdiff [13.0 kB]
Get:39 http://127.0.0.1:9999/debian unstable/main amd64 Packages 2017-07-06-0216.07.pdiff [8638 B]
Get:40 http://127.0.0.1:9999/debian unstable/main amd64 Packages 2017-07-06-0817.23.pdiff [31.2 kB]
Get:41 http://127.0.0.1:9999/debian unstable/main Translation-en 2017-07-02-0216.39.pdiff [1271 B]
Get:42 http://127.0.0.1:9999/debian unstable/main Translation-en 2017-07-02-2015.53.pdiff [793 B]
Get:43 http://127.0.0.1:9999/debian unstable/main Translation-en 2017-07-03-0215.43.pdiff [327 B]
Get:44 http://127.0.0.1:9999/debian unstable/main Translation-en 2017-07-03-0815.58.pdiff [270 B]
Get:45 http://127.0.0.1:9999/debian unstable/main Translation-en 2017-07-03-1420.59.pdiff [1066 B]
Get:46 http://127.0.0.1:9999/debian unstable/main Translation-en 2017-07-03-2015.52.pdiff [465 B]
Get:47 http://127.0.0.1:9999/debian unstable/main Translation-en 2017-07-04-0215.56.pdiff [291 B]
Get:48 http://127.0.0.1:9999/debian unstable/main Translation-en 2017-07-04-0817.36.pdiff [539 B]
Get:40 http://127.0.0.1:9999/debian unstable/main amd64 Packages 2017-07-06-0817.23.pdiff [31.2 kB]
Get:49 http://127.0.0.1:9999/debian unstable/main Translation-en 2017-07-04-1416.28.pdiff [484 B]
Get:50 http://127.0.0.1:9999/debian unstable/main Translation-en 2017-07-04-2017.16.pdiff [1126 B]
Get:51 http://127.0.0.1:9999/debian unstable/main Translation-en 2017-07-05-0215.45.pdiff [214 B]
Get:52 http://127.0.0.1:9999/debian unstable/main Translation-en 2017-07-05-0817.10.pdiff [606 B]
Get:53 http://127.0.0.1:9999/debian unstable/main Translation-en 2017-07-05-1416.09.pdiff [214 B]
Get:54 http://127.0.0.1:9999/debian unstable/main Translation-en 2017-07-05-2019.56.pdiff [2615 B]
Get:55 http://127.0.0.1:9999/debian unstable/main Translation-en 2017-07-06-0216.07.pdiff [1869 B]
Get:56 http://127.0.0.1:9999/debian unstable/main Translation-en 2017-07-06-0817.23.pdiff [915 B]
Get:56 http://127.0.0.1:9999/debian unstable/main Translation-en 2017-07-06-0817.23.pdiff [915 B]
Fetched 974 kB in 1s (811 kB/s)
Reading package lists...
+ apt-get install --yes --no-install-recommends --force-yes clang-3.9
Reading package lists...
Building dependency tree...
Reading state information...
The following additional packages will be installed:
  cpp-6 g++-6 gcc-6 gcc-6-base gcc-7-base libasan3 libatomic1 libbsd0 libcc1-0
  libcilkrts5 libclang-common-3.9-dev libclang1-3.9 libedit2 libffi6
  libgcc-6-dev libgcc1 libgomp1 libitm1 libjsoncpp1 libllvm3.9 liblsan0
  libmpx2 libncurses5 libobjc-6-dev libobjc4 libquadmath0 libstdc++-6-dev
  libstdc++6 libtsan0 libubsan0
Suggested packages:
  gnustep gnustep-devel clang-3.9-doc gcc-6-locales g++-6-multilib gcc-6-doc
  libstdc++6-6-dbg gcc-6-multilib libgcc1-dbg libgomp1-dbg libitm1-dbg
  libatomic1-dbg libasan3-dbg liblsan0-dbg libtsan0-dbg libubsan0-dbg
  libcilkrts5-dbg libmpx2-dbg libquadmath0-dbg libstdc++-6-doc
Recommended packages:
  llvm-3.9-dev python libgpm2
The following NEW packages will be installed:
  clang-3.9 libbsd0 libclang-common-3.9-dev libclang1-3.9 libedit2 libffi6
  libjsoncpp1 libllvm3.9 libncurses5 libobjc-6-dev libobjc4
The following packages will be upgraded:
  cpp-6 g++-6 gcc-6 gcc-6-base gcc-7-base libasan3 libatomic1 libcc1-0
  libcilkrts5 libgcc-6-dev libgcc1 libgomp1 libitm1 liblsan0 libmpx2
  libquadmath0 libstdc++-6-dev libstdc++6 libtsan0 libubsan0
20 upgraded, 11 newly installed, 0 to remove and 13 not upgraded.
Need to get 83.9 MB of archives.
After this operation, 251 MB of additional disk space will be used.
Get:1 http://127.0.0.1:9999/debian unstable/main amd64 libquadmath0 amd64 7.1.0-9 [132 kB]
Get:2 http://127.0.0.1:9999/debian unstable/main amd64 libitm1 amd64 7.1.0-9 [27.2 kB]
Get:3 http://127.0.0.1:9999/debian unstable/main amd64 gcc-7-base amd64 7.1.0-9 [180 kB]
Get:4 http://127.0.0.1:9999/debian unstable/main amd64 libstdc++6 amd64 7.1.0-9 [398 kB]
Get:5 http://127.0.0.1:9999/debian unstable/main amd64 libmpx2 amd64 7.1.0-9 [11.4 kB]
Get:6 http://127.0.0.1:9999/debian unstable/main amd64 liblsan0 amd64 7.1.0-9 [124 kB]
Get:7 http://127.0.0.1:9999/debian unstable/main amd64 libtsan0 amd64 7.1.0-9 [270 kB]
Get:8 http://127.0.0.1:9999/debian unstable/main amd64 libubsan0 amd64 7.1.0-9 [117 kB]
Get:9 http://127.0.0.1:9999/debian unstable/main amd64 libcilkrts5 amd64 7.1.0-9 [42.0 kB]
Get:10 http://127.0.0.1:9999/debian unstable/main amd64 libcc1-0 amd64 7.1.0-9 [37.7 kB]
Get:11 http://127.0.0.1:9999/debian unstable/main amd64 libatomic1 amd64 7.1.0-9 [8782 B]
Get:12 http://127.0.0.1:9999/debian unstable/main amd64 libgomp1 amd64 7.1.0-9 [75.1 kB]
Get:13 http://127.0.0.1:9999/debian unstable/main amd64 libgcc1 amd64 1:7.1.0-9 [39.3 kB]
Get:14 http://127.0.0.1:9999/debian unstable/main amd64 libasan3 amd64 6.4.0-1 [310 kB]
Get:15 http://127.0.0.1:9999/debian unstable/main amd64 g++-6 amd64 6.4.0-1 [7084 kB]
Get:16 http://127.0.0.1:9999/debian unstable/main amd64 libstdc++-6-dev amd64 6.4.0-1 [1421 kB]
Get:17 http://127.0.0.1:9999/debian unstable/main amd64 gcc-6 amd64 6.4.0-1 [6908 kB]
Get:18 http://127.0.0.1:9999/debian unstable/main amd64 libgcc-6-dev amd64 6.4.0-1 [2297 kB]
Get:19 http://127.0.0.1:9999/debian unstable/main amd64 cpp-6 amd64 6.4.0-1 [6549 kB]
Get:20 http://127.0.0.1:9999/debian unstable/main amd64 gcc-6-base amd64 6.4.0-1 [180 kB]
Get:21 http://127.0.0.1:9999/debian unstable/main amd64 libbsd0 amd64 0.8.5-1 [89.6 kB]
Get:22 http://127.0.0.1:9999/debian unstable/main amd64 libncurses5 amd64 6.0+20161126-1 [93.4 kB]
Get:23 http://127.0.0.1:9999/debian unstable/main amd64 libedit2 amd64 3.1-20170329-1 [85.2 kB]
Get:24 http://127.0.0.1:9999/debian unstable/main amd64 libffi6 amd64 3.2.1-6 [20.4 kB]
Get:25 http://127.0.0.1:9999/debian unstable/main amd64 libllvm3.9 amd64 1:3.9.1-10 [11.3 MB]
Get:26 http://127.0.0.1:9999/debian unstable/main amd64 libclang1-3.9 amd64 1:3.9.1-10 [5875 kB]
Get:27 http://127.0.0.1:9999/debian unstable/main amd64 libjsoncpp1 amd64 1.7.4-3 [75.6 kB]
Get:28 http://127.0.0.1:9999/debian unstable/main amd64 libobjc4 amd64 7.1.0-9 [51.0 kB]
Get:29 http://127.0.0.1:9999/debian unstable/main amd64 libobjc-6-dev amd64 6.4.0-1 [197 kB]
Get:30 http://127.0.0.1:9999/debian unstable/main amd64 libclang-common-3.9-dev amd64 1:3.9.1-10 [2573 kB]
Get:31 http://127.0.0.1:9999/debian unstable/main amd64 clang-3.9 amd64 1:3.9.1-10 [37.4 MB]
debconf: delaying package configuration, since apt-utils is not installed
Fetched 83.9 MB in 0s (96.8 MB/s)
(Reading database ... (Reading database ... 5%(Reading database ... 10%(Reading database ... 15%(Reading database ... 20%(Reading database ... 25%(Reading database ... 30%(Reading database ... 35%(Reading database ... 40%(Reading database ... 45%(Reading database ... 50%(Reading database ... 55%(Reading database ... 60%(Reading database ... 65%(Reading database ... 70%(Reading database ... 75%(Reading database ... 80%(Reading database ... 85%(Reading database ... 90%(Reading database ... 95%(Reading database ... 100%(Reading database ... 9635 files and directories currently installed.)
Preparing to unpack .../libquadmath0_7.1.0-9_amd64.deb ...
Unpacking libquadmath0:amd64 (7.1.0-9) over (7.1.0-8) ...
Preparing to unpack .../libitm1_7.1.0-9_amd64.deb ...
Unpacking libitm1:amd64 (7.1.0-9) over (7.1.0-8) ...
Preparing to unpack .../gcc-7-base_7.1.0-9_amd64.deb ...
Unpacking gcc-7-base:amd64 (7.1.0-9) over (7.1.0-8) ...
Setting up gcc-7-base:amd64 (7.1.0-9) ...
(Reading database ... (Reading database ... 5%(Reading database ... 10%(Reading database ... 15%(Reading database ... 20%(Reading database ... 25%(Reading database ... 30%(Reading database ... 35%(Reading database ... 40%(Reading database ... 45%(Reading database ... 50%(Reading database ... 55%(Reading database ... 60%(Reading database ... 65%(Reading database ... 70%(Reading database ... 75%(Reading database ... 80%(Reading database ... 85%(Reading database ... 90%(Reading database ... 95%(Reading database ... 100%(Reading database ... 9635 files and directories currently installed.)
Preparing to unpack .../libstdc++6_7.1.0-9_amd64.deb ...
Unpacking libstdc++6:amd64 (7.1.0-9) over (7.1.0-8) ...
Setting up libstdc++6:amd64 (7.1.0-9) ...
(Reading database ... (Reading database ... 5%(Reading database ... 10%(Reading database ... 15%(Reading database ... 20%(Reading database ... 25%(Reading database ... 30%(Reading database ... 35%(Reading database ... 40%(Reading database ... 45%(Reading database ... 50%(Reading database ... 55%(Reading database ... 60%(Reading database ... 65%(Reading database ... 70%(Reading database ... 75%(Reading database ... 80%(Reading database ... 85%(Reading database ... 90%(Reading database ... 95%(Reading database ... 100%(Reading database ... 9635 files and directories currently installed.)
Preparing to unpack .../0-libmpx2_7.1.0-9_amd64.deb ...
Unpacking libmpx2:amd64 (7.1.0-9) over (7.1.0-8) ...
Preparing to unpack .../1-liblsan0_7.1.0-9_amd64.deb ...
Unpacking liblsan0:amd64 (7.1.0-9) over (7.1.0-8) ...
Preparing to unpack .../2-libtsan0_7.1.0-9_amd64.deb ...
Unpacking libtsan0:amd64 (7.1.0-9) over (7.1.0-8) ...
Preparing to unpack .../3-libubsan0_7.1.0-9_amd64.deb ...
Unpacking libubsan0:amd64 (7.1.0-9) over (7.1.0-8) ...
Preparing to unpack .../4-libcilkrts5_7.1.0-9_amd64.deb ...
Unpacking libcilkrts5:amd64 (7.1.0-9) over (7.1.0-8) ...
Preparing to unpack .../5-libcc1-0_7.1.0-9_amd64.deb ...
Unpacking libcc1-0:amd64 (7.1.0-9) over (7.1.0-8) ...
Preparing to unpack .../6-libatomic1_7.1.0-9_amd64.deb ...
Unpacking libatomic1:amd64 (7.1.0-9) over (7.1.0-8) ...
Preparing to unpack .../7-libgomp1_7.1.0-9_amd64.deb ...
Unpacking libgomp1:amd64 (7.1.0-9) over (7.1.0-8) ...
Preparing to unpack .../8-libgcc1_1%3a7.1.0-9_amd64.deb ...
Unpacking libgcc1:amd64 (1:7.1.0-9) over (1:7.1.0-8) ...
Setting up libgcc1:amd64 (1:7.1.0-9) ...
(Reading database ... (Reading database ... 5%(Reading database ... 10%(Reading database ... 15%(Reading database ... 20%(Reading database ... 25%(Reading database ... 30%(Reading database ... 35%(Reading database ... 40%(Reading database ... 45%(Reading database ... 50%(Reading database ... 55%(Reading database ... 60%(Reading database ... 65%(Reading database ... 70%(Reading database ... 75%(Reading database ... 80%(Reading database ... 85%(Reading database ... 90%(Reading database ... 95%(Reading database ... 100%(Reading database ... 9635 files and directories currently installed.)
Preparing to unpack .../00-libasan3_6.4.0-1_amd64.deb ...
Unpacking libasan3:amd64 (6.4.0-1) over (6.3.0-21) ...
Preparing to unpack .../01-g++-6_6.4.0-1_amd64.deb ...
Unpacking g++-6 (6.4.0-1) over (6.3.0-21) ...
Preparing to unpack .../02-libstdc++-6-dev_6.4.0-1_amd64.deb ...
Unpacking libstdc++-6-dev:amd64 (6.4.0-1) over (6.3.0-21) ...
Preparing to unpack .../03-gcc-6_6.4.0-1_amd64.deb ...
Unpacking gcc-6 (6.4.0-1) over (6.3.0-21) ...
Preparing to unpack .../04-libgcc-6-dev_6.4.0-1_amd64.deb ...
Unpacking libgcc-6-dev:amd64 (6.4.0-1) over (6.3.0-21) ...
Preparing to unpack .../05-cpp-6_6.4.0-1_amd64.deb ...
Unpacking cpp-6 (6.4.0-1) over (6.3.0-21) ...
Preparing to unpack .../06-gcc-6-base_6.4.0-1_amd64.deb ...
Unpacking gcc-6-base:amd64 (6.4.0-1) over (6.3.0-21) ...
Selecting previously unselected package libbsd0:amd64.
Preparing to unpack .../07-libbsd0_0.8.5-1_amd64.deb ...
Unpacking libbsd0:amd64 (0.8.5-1) ...
Selecting previously unselected package libncurses5:amd64.
Preparing to unpack .../08-libncurses5_6.0+20161126-1_amd64.deb ...
Unpacking libncurses5:amd64 (6.0+20161126-1) ...
Selecting previously unselected package libedit2:amd64.
Preparing to unpack .../09-libedit2_3.1-20170329-1_amd64.deb ...
Unpacking libedit2:amd64 (3.1-20170329-1) ...
Selecting previously unselected package libffi6:amd64.
Preparing to unpack .../10-libffi6_3.2.1-6_amd64.deb ...
Unpacking libffi6:amd64 (3.2.1-6) ...
Selecting previously unselected package libllvm3.9:amd64.
Preparing to unpack .../11-libllvm3.9_1%3a3.9.1-10_amd64.deb ...
Unpacking libllvm3.9:amd64 (1:3.9.1-10) ...
Selecting previously unselected package libclang1-3.9:amd64.
Preparing to unpack .../12-libclang1-3.9_1%3a3.9.1-10_amd64.deb ...
Unpacking libclang1-3.9:amd64 (1:3.9.1-10) ...
Selecting previously unselected package libjsoncpp1:amd64.
Preparing to unpack .../13-libjsoncpp1_1.7.4-3_amd64.deb ...
Unpacking libjsoncpp1:amd64 (1.7.4-3) ...
Selecting previously unselected package libobjc4:amd64.
Preparing to unpack .../14-libobjc4_7.1.0-9_amd64.deb ...
Unpacking libobjc4:amd64 (7.1.0-9) ...
Selecting previously unselected package libobjc-6-dev:amd64.
Preparing to unpack .../15-libobjc-6-dev_6.4.0-1_amd64.deb ...
Unpacking libobjc-6-dev:amd64 (6.4.0-1) ...
Selecting previously unselected package libclang-common-3.9-dev.
Preparing to unpack .../16-libclang-common-3.9-dev_1%3a3.9.1-10_amd64.deb ...
Unpacking libclang-common-3.9-dev (1:3.9.1-10) ...
Selecting previously unselected package clang-3.9.
Preparing to unpack .../17-clang-3.9_1%3a3.9.1-10_amd64.deb ...
Unpacking clang-3.9 (1:3.9.1-10) ...
Setting up libquadmath0:amd64 (7.1.0-9) ...
Setting up libncurses5:amd64 (6.0+20161126-1) ...
Setting up libgomp1:amd64 (7.1.0-9) ...
Setting up libatomic1:amd64 (7.1.0-9) ...
Setting up libcc1-0:amd64 (7.1.0-9) ...
Setting up libobjc4:amd64 (7.1.0-9) ...
Setting up libcilkrts5:amd64 (7.1.0-9) ...
Setting up libubsan0:amd64 (7.1.0-9) ...
Setting up libtsan0:amd64 (7.1.0-9) ...
Setting up gcc-6-base:amd64 (6.4.0-1) ...
Setting up libbsd0:amd64 (0.8.5-1) ...
Setting up liblsan0:amd64 (7.1.0-9) ...
Setting up libmpx2:amd64 (7.1.0-9) ...
Processing triggers for libc-bin (2.24-12) ...
Setting up libffi6:amd64 (3.2.1-6) ...
Setting up cpp-6 (6.4.0-1) ...
Setting up libitm1:amd64 (7.1.0-9) ...
Setting up libjsoncpp1:amd64 (1.7.4-3) ...
Setting up libedit2:amd64 (3.1-20170329-1) ...
Setting up libasan3:amd64 (6.4.0-1) ...
Setting up libgcc-6-dev:amd64 (6.4.0-1) ...
Setting up libstdc++-6-dev:amd64 (6.4.0-1) ...
Setting up libllvm3.9:amd64 (1:3.9.1-10) ...
Setting up libclang-common-3.9-dev (1:3.9.1-10) ...
Setting up gcc-6 (6.4.0-1) ...
Setting up g++-6 (6.4.0-1) ...
Setting up libobjc-6-dev:amd64 (6.4.0-1) ...
Setting up libclang1-3.9:amd64 (1:3.9.1-10) ...
Setting up clang-3.9 (1:3.9.1-10) ...
Processing triggers for libc-bin (2.24-12) ...
W: --force-yes is deprecated, use one of the options starting with --allow instead.
+ echo 'Replace gcc, g++ & cpp by clang'
Replace gcc, g++ & cpp by clang
+ VERSIONS='4.6 4.7 4.8 4.9 5 6 7'
+ cd /usr/bin
+ for VERSION in $VERSIONS
+ rm -f g++-4.6 gcc-4.6 cpp-4.6 gcc
+ ln -s clang++-3.9 g++-4.6
+ ln -s clang-3.9 gcc-4.6
+ ln -s clang-3.9 cpp-4.6
+ ln -s clang-3.9 gcc
+ echo 'gcc-4.6 hold'
+ dpkg --set-selections
dpkg: warning: package not in status nor available database at line 1: gcc-4.6
dpkg: warning: found unknown packages; this might mean the available database
is outdated, and needs to be updated through a frontend method;
please see the FAQ <https://wiki.debian.org/Teams/Dpkg/FAQ>
+ echo 'g++-4.6 hold'
+ dpkg --set-selections
dpkg: warning: package not in status nor available database at line 1: g++-4.6
dpkg: warning: found unknown packages; this might mean the available database
is outdated, and needs to be updated through a frontend method;
please see the FAQ <https://wiki.debian.org/Teams/Dpkg/FAQ>
+ for VERSION in $VERSIONS
+ rm -f g++-4.7 gcc-4.7 cpp-4.7 gcc
+ ln -s clang++-3.9 g++-4.7
+ ln -s clang-3.9 gcc-4.7
+ ln -s clang-3.9 cpp-4.7
+ ln -s clang-3.9 gcc
+ echo 'gcc-4.7 hold'
+ dpkg --set-selections
dpkg: warning: package not in status nor available database at line 1: gcc-4.7
dpkg: warning: found unknown packages; this might mean the available database
is outdated, and needs to be updated through a frontend method;
please see the FAQ <https://wiki.debian.org/Teams/Dpkg/FAQ>
+ echo 'g++-4.7 hold'
+ dpkg --set-selections
dpkg: warning: package not in status nor available database at line 1: g++-4.7
dpkg: warning: found unknown packages; this might mean the available database
is outdated, and needs to be updated through a frontend method;
please see the FAQ <https://wiki.debian.org/Teams/Dpkg/FAQ>
+ for VERSION in $VERSIONS
+ rm -f g++-4.8 gcc-4.8 cpp-4.8 gcc
+ ln -s clang++-3.9 g++-4.8
+ ln -s clang-3.9 gcc-4.8
+ ln -s clang-3.9 cpp-4.8
+ ln -s clang-3.9 gcc
+ echo 'gcc-4.8 hold'
+ dpkg --set-selections
dpkg: warning: package not in status nor available database at line 1: gcc-4.8
dpkg: warning: found unknown packages; this might mean the available database
is outdated, and needs to be updated through a frontend method;
please see the FAQ <https://wiki.debian.org/Teams/Dpkg/FAQ>
+ echo 'g++-4.8 hold'
+ dpkg --set-selections
dpkg: warning: package not in status nor available database at line 1: g++-4.8
dpkg: warning: found unknown packages; this might mean the available database
is outdated, and needs to be updated through a frontend method;
please see the FAQ <https://wiki.debian.org/Teams/Dpkg/FAQ>
+ for VERSION in $VERSIONS
+ rm -f g++-4.9 gcc-4.9 cpp-4.9 gcc
+ ln -s clang++-3.9 g++-4.9
+ ln -s clang-3.9 gcc-4.9
+ ln -s clang-3.9 cpp-4.9
+ ln -s clang-3.9 gcc
+ echo 'gcc-4.9 hold'
+ dpkg --set-selections
dpkg: warning: package not in status nor available database at line 1: gcc-4.9
dpkg: warning: found unknown packages; this might mean the available database
is outdated, and needs to be updated through a frontend method;
please see the FAQ <https://wiki.debian.org/Teams/Dpkg/FAQ>
+ echo 'g++-4.9 hold'
+ dpkg --set-selections
dpkg: warning: package not in status nor available database at line 1: g++-4.9
dpkg: warning: found unknown packages; this might mean the available database
is outdated, and needs to be updated through a frontend method;
please see the FAQ <https://wiki.debian.org/Teams/Dpkg/FAQ>
+ for VERSION in $VERSIONS
+ rm -f g++-5 gcc-5 cpp-5 gcc
+ ln -s clang++-3.9 g++-5
+ ln -s clang-3.9 gcc-5
+ ln -s clang-3.9 cpp-5
+ ln -s clang-3.9 gcc
+ echo 'gcc-5 hold'
+ dpkg --set-selections
+ echo 'g++-5 hold'
+ dpkg --set-selections
+ for VERSION in $VERSIONS
+ rm -f g++-6 gcc-6 cpp-6 gcc
+ ln -s clang++-3.9 g++-6
+ ln -s clang-3.9 gcc-6
+ ln -s clang-3.9 cpp-6
+ ln -s clang-3.9 gcc
+ echo 'gcc-6 hold'
+ dpkg --set-selections
+ echo 'g++-6 hold'
+ dpkg --set-selections
+ for VERSION in $VERSIONS
+ rm -f g++-7 gcc-7 cpp-7 gcc
+ ln -s clang++-3.9 g++-7
+ ln -s clang-3.9 gcc-7
+ ln -s clang-3.9 cpp-7
+ ln -s clang-3.9 gcc
+ echo 'gcc-7 hold'
+ dpkg --set-selections
dpkg: warning: package not in status nor available database at line 1: gcc-7
dpkg: warning: found unknown packages; this might mean the available database
is outdated, and needs to be updated through a frontend method;
please see the FAQ <https://wiki.debian.org/Teams/Dpkg/FAQ>
+ echo 'g++-7 hold'
+ dpkg --set-selections
dpkg: warning: package not in status nor available database at line 1: g++-7
dpkg: warning: found unknown packages; this might mean the available database
is outdated, and needs to be updated through a frontend method;
please see the FAQ <https://wiki.debian.org/Teams/Dpkg/FAQ>
+ cd -
/build/ntdb-mhzojU
+ echo 'Check if gcc, g++ & cpp are actually clang'
Check if gcc, g++ & cpp are actually clang
+ gcc --version
+ grep clang
+ cpp --version
+ grep clang
+ g++ --version
+ grep clang

I: Finished running '/tmp/clang'.

Finished processing commands.
--------------------------------------------------------------------------------

+------------------------------------------------------------------------------+
| Update chroot                                                                |
+------------------------------------------------------------------------------+

Hit:1 http://127.0.0.1:9999/debian unstable InRelease
Reading package lists...
Reading package lists...
Building dependency tree...
Reading state information...
Calculating upgrade...
The following NEW packages will be installed:
  libgnutls30 libhogweed4 libidn2-0 libnettle6 libp11-kit0 libtasn1-6
  libunistring2
The following packages will be upgraded:
  apt cpp debconf g++ gcc libapt-pkg5.0 libdebconfclient0 libperl5.24
  libsystemd0 libudev1 perl perl-base perl-modules-5.24
13 upgraded, 7 newly installed, 0 to remove and 0 not upgraded.
Need to get 12.5 MB of archives.
After this operation, 6330 kB of additional disk space will be used.
Get:1 http://127.0.0.1:9999/debian unstable/main amd64 libperl5.24 amd64 5.24.1-6 [3525 kB]
Get:2 http://127.0.0.1:9999/debian unstable/main amd64 perl amd64 5.24.1-6 [218 kB]
Get:3 http://127.0.0.1:9999/debian unstable/main amd64 perl-base amd64 5.24.1-6 [1344 kB]
Get:4 http://127.0.0.1:9999/debian unstable/main amd64 perl-modules-5.24 all 5.24.1-6 [2723 kB]
Get:5 http://127.0.0.1:9999/debian unstable/main amd64 libapt-pkg5.0 amd64 1.5~beta1 [922 kB]
Get:6 http://127.0.0.1:9999/debian unstable/main amd64 libnettle6 amd64 3.3-1+b1 [191 kB]
Get:7 http://127.0.0.1:9999/debian unstable/main amd64 libhogweed4 amd64 3.3-1+b1 [136 kB]
Get:8 http://127.0.0.1:9999/debian unstable/main amd64 libunistring2 amd64 0.9.7-2 [377 kB]
Get:9 http://127.0.0.1:9999/debian unstable/main amd64 libidn2-0 amd64 0.16-1+b1 [56.6 kB]
Get:10 http://127.0.0.1:9999/debian unstable/main amd64 libp11-kit0 amd64 0.23.7-2 [193 kB]
Get:11 http://127.0.0.1:9999/debian unstable/main amd64 libtasn1-6 amd64 4.12-2 [51.0 kB]
Get:12 http://127.0.0.1:9999/debian unstable/main amd64 libgnutls30 amd64 3.5.13-2 [914 kB]
Get:13 http://127.0.0.1:9999/debian unstable/main amd64 apt amd64 1.5~beta1 [1237 kB]
Get:14 http://127.0.0.1:9999/debian unstable/main amd64 debconf all 1.5.62 [160 kB]
Get:15 http://127.0.0.1:9999/debian unstable/main amd64 libsystemd0 amd64 233-10 [281 kB]
Get:16 http://127.0.0.1:9999/debian unstable/main amd64 libudev1 amd64 233-10 [126 kB]
Get:17 http://127.0.0.1:9999/debian unstable/main amd64 libdebconfclient0 amd64 0.229 [47.9 kB]
Get:18 http://127.0.0.1:9999/debian unstable/main amd64 cpp amd64 4:6.3.0-4d1 [18.8 kB]
Get:19 http://127.0.0.1:9999/debian unstable/main amd64 gcc amd64 4:6.3.0-4d1 [5252 B]
Get:20 http://127.0.0.1:9999/debian unstable/main amd64 g++ amd64 4:6.3.0-4d1 [1548 B]
debconf: delaying package configuration, since apt-utils is not installed
Fetched 12.5 MB in 0s (87.9 MB/s)
(Reading database ... (Reading database ... 5%(Reading database ... 10%(Reading database ... 15%(Reading database ... 20%(Reading database ... 25%(Reading database ... 30%(Reading database ... 35%(Reading database ... 40%(Reading database ... 45%(Reading database ... 50%(Reading database ... 55%(Reading database ... 60%(Reading database ... 65%(Reading database ... 70%(Reading database ... 75%(Reading database ... 80%(Reading database ... 85%(Reading database ... 90%(Reading database ... 95%(Reading database ... 100%(Reading database ... 10107 files and directories currently installed.)
Preparing to unpack .../libperl5.24_5.24.1-6_amd64.deb ...
Unpacking libperl5.24:amd64 (5.24.1-6) over (5.24.1-4) ...
Preparing to unpack .../perl_5.24.1-6_amd64.deb ...
Unpacking perl (5.24.1-6) over (5.24.1-4) ...
Preparing to unpack .../perl-base_5.24.1-6_amd64.deb ...
Unpacking perl-base (5.24.1-6) over (5.24.1-4) ...
Setting up perl-base (5.24.1-6) ...
(Reading database ... (Reading database ... 5%(Reading database ... 10%(Reading database ... 15%(Reading database ... 20%(Reading database ... 25%(Reading database ... 30%(Reading database ... 35%(Reading database ... 40%(Reading database ... 45%(Reading database ... 50%(Reading database ... 55%(Reading database ... 60%(Reading database ... 65%(Reading database ... 70%(Reading database ... 75%(Reading database ... 80%(Reading database ... 85%(Reading database ... 90%(Reading database ... 95%(Reading database ... 100%(Reading database ... 10107 files and directories currently installed.)
Preparing to unpack .../perl-modules-5.24_5.24.1-6_all.deb ...
Unpacking perl-modules-5.24 (5.24.1-6) over (5.24.1-4) ...
Preparing to unpack .../libapt-pkg5.0_1.5~beta1_amd64.deb ...
Unpacking libapt-pkg5.0:amd64 (1.5~beta1) over (1.4.6) ...
Setting up libapt-pkg5.0:amd64 (1.5~beta1) ...
Selecting previously unselected package libnettle6:amd64.
(Reading database ... (Reading database ... 5%(Reading database ... 10%(Reading database ... 15%(Reading database ... 20%(Reading database ... 25%(Reading database ... 30%(Reading database ... 35%(Reading database ... 40%(Reading database ... 45%(Reading database ... 50%(Reading database ... 55%(Reading database ... 60%(Reading database ... 65%(Reading database ... 70%(Reading database ... 75%(Reading database ... 80%(Reading database ... 85%(Reading database ... 90%(Reading database ... 95%(Reading database ... 100%(Reading database ... 10107 files and directories currently installed.)
Preparing to unpack .../libnettle6_3.3-1+b1_amd64.deb ...
Unpacking libnettle6:amd64 (3.3-1+b1) ...
Setting up libnettle6:amd64 (3.3-1+b1) ...
Selecting previously unselected package libhogweed4:amd64.
(Reading database ... (Reading database ... 5%(Reading database ... 10%(Reading database ... 15%(Reading database ... 20%(Reading database ... 25%(Reading database ... 30%(Reading database ... 35%(Reading database ... 40%(Reading database ... 45%(Reading database ... 50%(Reading database ... 55%(Reading database ... 60%(Reading database ... 65%(Reading database ... 70%(Reading database ... 75%(Reading database ... 80%(Reading database ... 85%(Reading database ... 90%(Reading database ... 95%(Reading database ... 100%(Reading database ... 10114 files and directories currently installed.)
Preparing to unpack .../libhogweed4_3.3-1+b1_amd64.deb ...
Unpacking libhogweed4:amd64 (3.3-1+b1) ...
Setting up libhogweed4:amd64 (3.3-1+b1) ...
Selecting previously unselected package libunistring2:amd64.
(Reading database ... (Reading database ... 5%(Reading database ... 10%(Reading database ... 15%(Reading database ... 20%(Reading database ... 25%(Reading database ... 30%(Reading database ... 35%(Reading database ... 40%(Reading database ... 45%(Reading database ... 50%(Reading database ... 55%(Reading database ... 60%(Reading database ... 65%(Reading database ... 70%(Reading database ... 75%(Reading database ... 80%(Reading database ... 85%(Reading database ... 90%(Reading database ... 95%(Reading database ... 100%(Reading database ... 10117 files and directories currently installed.)
Preparing to unpack .../libunistring2_0.9.7-2_amd64.deb ...
Unpacking libunistring2:amd64 (0.9.7-2) ...
Setting up libunistring2:amd64 (0.9.7-2) ...
Selecting previously unselected package libidn2-0:amd64.
(Reading database ... (Reading database ... 5%(Reading database ... 10%(Reading database ... 15%(Reading database ... 20%(Reading database ... 25%(Reading database ... 30%(Reading database ... 35%(Reading database ... 40%(Reading database ... 45%(Reading database ... 50%(Reading database ... 55%(Reading database ... 60%(Reading database ... 65%(Reading database ... 70%(Reading database ... 75%(Reading database ... 80%(Reading database ... 85%(Reading database ... 90%(Reading database ... 95%(Reading database ... 100%(Reading database ... 10123 files and directories currently installed.)
Preparing to unpack .../libidn2-0_0.16-1+b1_amd64.deb ...
Unpacking libidn2-0:amd64 (0.16-1+b1) ...
Setting up libidn2-0:amd64 (0.16-1+b1) ...
Selecting previously unselected package libp11-kit0:amd64.
(Reading database ... (Reading database ... 5%(Reading database ... 10%(Reading database ... 15%(Reading database ... 20%(Reading database ... 25%(Reading database ... 30%(Reading database ... 35%(Reading database ... 40%(Reading database ... 45%(Reading database ... 50%(Reading database ... 55%(Reading database ... 60%(Reading database ... 65%(Reading database ... 70%(Reading database ... 75%(Reading database ... 80%(Reading database ... 85%(Reading database ... 90%(Reading database ... 95%(Reading database ... 100%(Reading database ... 10133 files and directories currently installed.)
Preparing to unpack .../libp11-kit0_0.23.7-2_amd64.deb ...
Unpacking libp11-kit0:amd64 (0.23.7-2) ...
Setting up libp11-kit0:amd64 (0.23.7-2) ...
Selecting previously unselected package libtasn1-6:amd64.
(Reading database ... (Reading database ... 5%(Reading database ... 10%(Reading database ... 15%(Reading database ... 20%(Reading database ... 25%(Reading database ... 30%(Reading database ... 35%(Reading database ... 40%(Reading database ... 45%(Reading database ... 50%(Reading database ... 55%(Reading database ... 60%(Reading database ... 65%(Reading database ... 70%(Reading database ... 75%(Reading database ... 80%(Reading database ... 85%(Reading database ... 90%(Reading database ... 95%(Reading database ... 100%(Reading database ... 10141 files and directories currently installed.)
Preparing to unpack .../libtasn1-6_4.12-2_amd64.deb ...
Unpacking libtasn1-6:amd64 (4.12-2) ...
Setting up libtasn1-6:amd64 (4.12-2) ...
Selecting previously unselected package libgnutls30:amd64.
(Reading database ... (Reading database ... 5%(Reading database ... 10%(Reading database ... 15%(Reading database ... 20%(Reading database ... 25%(Reading database ... 30%(Reading database ... 35%(Reading database ... 40%(Reading database ... 45%(Reading database ... 50%(Reading database ... 55%(Reading database ... 60%(Reading database ... 65%(Reading database ... 70%(Reading database ... 75%(Reading database ... 80%(Reading database ... 85%(Reading database ... 90%(Reading database ... 95%(Reading database ... 100%(Reading database ... 10150 files and directories currently installed.)
Preparing to unpack .../libgnutls30_3.5.13-2_amd64.deb ...
Unpacking libgnutls30:amd64 (3.5.13-2) ...
Setting up libgnutls30:amd64 (3.5.13-2) ...
(Reading database ... (Reading database ... 5%(Reading database ... 10%(Reading database ... 15%(Reading database ... 20%(Reading database ... 25%(Reading database ... 30%(Reading database ... 35%(Reading database ... 40%(Reading database ... 45%(Reading database ... 50%(Reading database ... 55%(Reading database ... 60%(Reading database ... 65%(Reading database ... 70%(Reading database ... 75%(Reading database ... 80%(Reading database ... 85%(Reading database ... 90%(Reading database ... 95%(Reading database ... 100%(Reading database ... 10177 files and directories currently installed.)
Preparing to unpack .../apt_1.5~beta1_amd64.deb ...
Unpacking apt (1.5~beta1) over (1.4.6) ...
Setting up apt (1.5~beta1) ...
(Reading database ... (Reading database ... 5%(Reading database ... 10%(Reading database ... 15%(Reading database ... 20%(Reading database ... 25%(Reading database ... 30%(Reading database ... 35%(Reading database ... 40%(Reading database ... 45%(Reading database ... 50%(Reading database ... 55%(Reading database ... 60%(Reading database ... 65%(Reading database ... 70%(Reading database ... 75%(Reading database ... 80%(Reading database ... 85%(Reading database ... 90%(Reading database ... 95%(Reading database ... 100%(Reading database ... 10176 files and directories currently installed.)
Preparing to unpack .../debconf_1.5.62_all.deb ...
Unpacking debconf (1.5.62) over (1.5.61) ...
Setting up debconf (1.5.62) ...
(Reading database ... (Reading database ... 5%(Reading database ... 10%(Reading database ... 15%(Reading database ... 20%(Reading database ... 25%(Reading database ... 30%(Reading database ... 35%(Reading database ... 40%(Reading database ... 45%(Reading database ... 50%(Reading database ... 55%(Reading database ... 60%(Reading database ... 65%(Reading database ... 70%(Reading database ... 75%(Reading database ... 80%(Reading database ... 85%(Reading database ... 90%(Reading database ... 95%(Reading database ... 100%(Reading database ... 10176 files and directories currently installed.)
Preparing to unpack .../libsystemd0_233-10_amd64.deb ...
Unpacking libsystemd0:amd64 (233-10) over (233-9) ...
Setting up libsystemd0:amd64 (233-10) ...
(Reading database ... (Reading database ... 5%(Reading database ... 10%(Reading database ... 15%(Reading database ... 20%(Reading database ... 25%(Reading database ... 30%(Reading database ... 35%(Reading database ... 40%(Reading database ... 45%(Reading database ... 50%(Reading database ... 55%(Reading database ... 60%(Reading database ... 65%(Reading database ... 70%(Reading database ... 75%(Reading database ... 80%(Reading database ... 85%(Reading database ... 90%(Reading database ... 95%(Reading database ... 100%(Reading database ... 10176 files and directories currently installed.)
Preparing to unpack .../libudev1_233-10_amd64.deb ...
Unpacking libudev1:amd64 (233-10) over (233-9) ...
Setting up libudev1:amd64 (233-10) ...
(Reading database ... (Reading database ... 5%(Reading database ... 10%(Reading database ... 15%(Reading database ... 20%(Reading database ... 25%(Reading database ... 30%(Reading database ... 35%(Reading database ... 40%(Reading database ... 45%(Reading database ... 50%(Reading database ... 55%(Reading database ... 60%(Reading database ... 65%(Reading database ... 70%(Reading database ... 75%(Reading database ... 80%(Reading database ... 85%(Reading database ... 90%(Reading database ... 95%(Reading database ... 100%(Reading database ... 10176 files and directories currently installed.)
Preparing to unpack .../libdebconfclient0_0.229_amd64.deb ...
Unpacking libdebconfclient0:amd64 (0.229) over (0.228) ...
Setting up libdebconfclient0:amd64 (0.229) ...
(Reading database ... (Reading database ... 5%(Reading database ... 10%(Reading database ... 15%(Reading database ... 20%(Reading database ... 25%(Reading database ... 30%(Reading database ... 35%(Reading database ... 40%(Reading database ... 45%(Reading database ... 50%(Reading database ... 55%(Reading database ... 60%(Reading database ... 65%(Reading database ... 70%(Reading database ... 75%(Reading database ... 80%(Reading database ... 85%(Reading database ... 90%(Reading database ... 95%(Reading database ... 100%(Reading database ... 10176 files and directories currently installed.)
Preparing to unpack .../cpp_4%3a6.3.0-4d1_amd64.deb ...
Unpacking cpp (4:6.3.0-4d1) over (4:6.3.0-4) ...
Preparing to unpack .../gcc_4%3a6.3.0-4d1_amd64.deb ...
Removing old gcc doc directory.
Unpacking gcc (4:6.3.0-4d1) over (4:6.3.0-4) ...
Preparing to unpack .../g++_4%3a6.3.0-4d1_amd64.deb ...
Unpacking g++ (4:6.3.0-4d1) over (4:6.3.0-4) ...
Setting up cpp (4:6.3.0-4d1) ...
Setting up perl-modules-5.24 (5.24.1-6) ...
Setting up libperl5.24:amd64 (5.24.1-6) ...
Setting up gcc (4:6.3.0-4d1) ...
Setting up perl (5.24.1-6) ...
Processing triggers for libc-bin (2.24-12) ...
Setting up g++ (4:6.3.0-4d1) ...

+------------------------------------------------------------------------------+
| Fetch source files                                                           |
+------------------------------------------------------------------------------+


Check APT
---------

Checking available source versions...

Download source files with APT
------------------------------

Reading package lists...
NOTICE: 'ntdb' packaging is maintained in the 'Git' version control system at:
git://anonscm.debian.org/pkg-samba/ntdb.git
Please use:
git clone git://anonscm.debian.org/pkg-samba/ntdb.git
to retrieve the latest (possibly unreleased) updates to the package.
Need to get 805 kB of source archives.
Get:1 http://127.0.0.1:9999/debian unstable/main ntdb 1.0-9 (dsc) [2318 B]
Get:2 http://127.0.0.1:9999/debian unstable/main ntdb 1.0-9 (tar) [797 kB]
Get:3 http://127.0.0.1:9999/debian unstable/main ntdb 1.0-9 (diff) [5660 B]
Fetched 805 kB in 0s (7448 kB/s)
Download complete and in download only mode
I: NOTICE: Log filtering will replace 'build/ntdb-mhzojU/ntdb-1.0' with '<<PKGBUILDDIR>>'
I: NOTICE: Log filtering will replace 'build/ntdb-mhzojU' with '<<BUILDDIR>>'

+------------------------------------------------------------------------------+
| Install build-essential                                                      |
+------------------------------------------------------------------------------+


Setup apt archive
-----------------

Merged Build-Depends: build-essential, fakeroot
Filtered Build-Depends: build-essential, fakeroot
dpkg-deb: building package 'sbuild-build-depends-core-dummy' in '/<<BUILDDIR>>/resolver-S87WhH/apt_archive/sbuild-build-depends-core-dummy.deb'.
dpkg-scanpackages: warning: Packages in archive but missing from override file:
dpkg-scanpackages: warning:   sbuild-build-depends-core-dummy
dpkg-scanpackages: info: Wrote 1 entries to output Packages file.
Ign:1 copy:/<<BUILDDIR>>/resolver-S87WhH/apt_archive ./ InRelease
Get:2 copy:/<<BUILDDIR>>/resolver-S87WhH/apt_archive ./ Release [957 B]
Ign:3 copy:/<<BUILDDIR>>/resolver-S87WhH/apt_archive ./ Release.gpg
Get:4 copy:/<<BUILDDIR>>/resolver-S87WhH/apt_archive ./ Sources [349 B]
Get:5 copy:/<<BUILDDIR>>/resolver-S87WhH/apt_archive ./ Packages [434 B]
Fetched 1740 B in 0s (0 B/s)
Reading package lists...
Reading package lists...

Install core build dependencies (apt-based resolver)
----------------------------------------------------

Installing build dependencies
Reading package lists...
Building dependency tree...
Reading state information...
The following NEW packages will be installed:
  sbuild-build-depends-core-dummy
0 upgraded, 1 newly installed, 0 to remove and 0 not upgraded.
Need to get 778 B of archives.
After this operation, 0 B of additional disk space will be used.
Get:1 copy:/<<BUILDDIR>>/resolver-S87WhH/apt_archive ./ sbuild-build-depends-core-dummy 0.invalid.0 [778 B]
debconf: delaying package configuration, since apt-utils is not installed
Fetched 778 B in 0s (0 B/s)
Selecting previously unselected package sbuild-build-depends-core-dummy.
(Reading database ... 10178 files and directories currently installed.)
Preparing to unpack .../sbuild-build-depends-core-dummy_0.invalid.0_amd64.deb ...
Unpacking sbuild-build-depends-core-dummy (0.invalid.0) ...
Setting up sbuild-build-depends-core-dummy (0.invalid.0) ...

+------------------------------------------------------------------------------+
| Check architectures                                                          |
+------------------------------------------------------------------------------+

Arch check ok (amd64 included in linux-any kfreebsd-any)

+------------------------------------------------------------------------------+
| Install package build dependencies                                           |
+------------------------------------------------------------------------------+


Setup apt archive
-----------------

Merged Build-Depends: debhelper (>= 9), docbook-xml, docbook-xsl, python-all-dbg (>= 2.6.6-3), python-all-dev (>= 2.6.6-3), xsltproc
Filtered Build-Depends: debhelper (>= 9), docbook-xml, docbook-xsl, python-all-dbg (>= 2.6.6-3), python-all-dev (>= 2.6.6-3), xsltproc
dpkg-deb: building package 'sbuild-build-depends-ntdb-dummy' in '/<<BUILDDIR>>/resolver-S87WhH/apt_archive/sbuild-build-depends-ntdb-dummy.deb'.
dpkg-scanpackages: warning: Packages in archive but missing from override file:
dpkg-scanpackages: warning:   sbuild-build-depends-core-dummy sbuild-build-depends-ntdb-dummy
dpkg-scanpackages: info: Wrote 2 entries to output Packages file.
Ign:1 copy:/<<BUILDDIR>>/resolver-S87WhH/apt_archive ./ InRelease
Get:2 copy:/<<BUILDDIR>>/resolver-S87WhH/apt_archive ./ Release [963 B]
Ign:3 copy:/<<BUILDDIR>>/resolver-S87WhH/apt_archive ./ Release.gpg
Get:4 copy:/<<BUILDDIR>>/resolver-S87WhH/apt_archive ./ Sources [525 B]
Get:5 copy:/<<BUILDDIR>>/resolver-S87WhH/apt_archive ./ Packages [611 B]
Fetched 2099 B in 0s (0 B/s)
Reading package lists...
Reading package lists...

Install ntdb build dependencies (apt-based resolver)
----------------------------------------------------

Installing build dependencies
Reading package lists...
Building dependency tree...
Reading state information...
The following additional packages will be installed:
  autoconf automake autopoint autotools-dev bsdmainutils debhelper
  dh-autoreconf dh-strip-nondeterminism docbook-xml docbook-xsl file gettext
  gettext-base groff-base intltool-debian libarchive-zip-perl libcroco3
  libexpat1 libexpat1-dev libfile-stripnondeterminism-perl libglib2.0-0
  libicu57 libmagic-mgc libmagic1 libpipeline1 libpython-all-dbg
  libpython-all-dev libpython-dbg libpython-dev libpython-stdlib libpython2.7
  libpython2.7-dbg libpython2.7-dev libpython2.7-minimal libpython2.7-stdlib
  libreadline7 libsigsegv2 libsqlite3-0 libssl1.1 libtimedate-perl libtool
  libxml2 libxslt1.1 m4 man-db mime-support po-debconf python python-all
  python-all-dbg python-all-dev python-dbg python-dev python-minimal python2.7
  python2.7-dbg python2.7-dev python2.7-minimal readline-common sgml-base
  sgml-data xml-core xsltproc
Suggested packages:
  autoconf-archive gnu-standards autoconf-doc wamerican | wordlist whois
  vacation dh-make docbook docbook-dsssl docbook-defguide dbtoepub
  docbook-xsl-doc-html | docbook-xsl-doc-pdf | docbook-xsl-doc-text
  | docbook-xsl-doc docbook-xsl-saxon fop libsaxon-java libxalan2-java
  libxslthl-java xalan gettext-doc libasprintf-dev libgettextpo-dev groff
  python2.7-gdbm-dbg python2.7-tk-dbg libtool-doc gfortran
  | fortran95-compiler gcj-jdk m4-doc less www-browser libmail-box-perl
  python-doc python-tk python2.7-doc python-gdbm-dbg python-tk-dbg
  binfmt-support readline-doc sgml-base-doc perlsgml w3-recs opensp
  libxml2-utils
Recommended packages:
  curl | wget | lynx-cur libarchive-cpio-perl libglib2.0-data shared-mime-info
  xdg-user-dirs libltdl-dev libmail-sendmail-perl
The following NEW packages will be installed:
  autoconf automake autopoint autotools-dev bsdmainutils debhelper
  dh-autoreconf dh-strip-nondeterminism docbook-xml docbook-xsl file gettext
  gettext-base groff-base intltool-debian libarchive-zip-perl libcroco3
  libexpat1 libexpat1-dev libfile-stripnondeterminism-perl libglib2.0-0
  libicu57 libmagic-mgc libmagic1 libpipeline1 libpython-all-dbg
  libpython-all-dev libpython-dbg libpython-dev libpython-stdlib libpython2.7
  libpython2.7-dbg libpython2.7-dev libpython2.7-minimal libpython2.7-stdlib
  libreadline7 libsigsegv2 libsqlite3-0 libssl1.1 libtimedate-perl libtool
  libxml2 libxslt1.1 m4 man-db mime-support po-debconf python python-all
  python-all-dbg python-all-dev python-dbg python-dev python-minimal python2.7
  python2.7-dbg python2.7-dev python2.7-minimal readline-common
  sbuild-build-depends-ntdb-dummy sgml-base sgml-data xml-core xsltproc
0 upgraded, 64 newly installed, 0 to remove and 0 not upgraded.
Need to get 69.9 MB of archives.
After this operation, 195 MB of additional disk space will be used.
Get:1 copy:/<<BUILDDIR>>/resolver-S87WhH/apt_archive ./ sbuild-build-depends-ntdb-dummy 0.invalid.0 [818 B]
Get:2 http://127.0.0.1:9999/debian unstable/main amd64 groff-base amd64 1.22.3-9 [1160 kB]
Get:3 http://127.0.0.1:9999/debian unstable/main amd64 bsdmainutils amd64 9.0.12+nmu1 [186 kB]
Get:4 http://127.0.0.1:9999/debian unstable/main amd64 libpipeline1 amd64 1.4.1-2 [27.6 kB]
Get:5 http://127.0.0.1:9999/debian unstable/main amd64 man-db amd64 2.7.6.1-2 [1044 kB]
Get:6 http://127.0.0.1:9999/debian unstable/main amd64 libpython2.7-minimal amd64 2.7.13-2 [389 kB]
Get:7 http://127.0.0.1:9999/debian unstable/main amd64 python2.7-minimal amd64 2.7.13-2 [1383 kB]
Get:8 http://127.0.0.1:9999/debian unstable/main amd64 python-minimal amd64 2.7.13-2 [40.5 kB]
Get:9 http://127.0.0.1:9999/debian unstable/main amd64 mime-support all 3.60 [36.7 kB]
Get:10 http://127.0.0.1:9999/debian unstable/main amd64 libexpat1 amd64 2.2.1-3 [85.6 kB]
Get:11 http://127.0.0.1:9999/debian unstable/main amd64 readline-common all 7.0-3 [70.4 kB]
Get:12 http://127.0.0.1:9999/debian unstable/main amd64 libreadline7 amd64 7.0-3 [151 kB]
Get:13 http://127.0.0.1:9999/debian unstable/main amd64 libsqlite3-0 amd64 3.16.2-5 [572 kB]
Get:14 http://127.0.0.1:9999/debian unstable/main amd64 libssl1.1 amd64 1.1.0f-3 [1342 kB]
Get:15 http://127.0.0.1:9999/debian unstable/main amd64 libpython2.7-stdlib amd64 2.7.13-2 [1895 kB]
Get:16 http://127.0.0.1:9999/debian unstable/main amd64 python2.7 amd64 2.7.13-2 [285 kB]
Get:17 http://127.0.0.1:9999/debian unstable/main amd64 libpython-stdlib amd64 2.7.13-2 [20.0 kB]
Get:18 http://127.0.0.1:9999/debian unstable/main amd64 python amd64 2.7.13-2 [154 kB]
Get:19 http://127.0.0.1:9999/debian unstable/main amd64 sgml-base all 1.29 [14.8 kB]
Get:20 http://127.0.0.1:9999/debian unstable/main amd64 libmagic-mgc amd64 1:5.30-1 [222 kB]
Get:21 http://127.0.0.1:9999/debian unstable/main amd64 libmagic1 amd64 1:5.30-1 [111 kB]
Get:22 http://127.0.0.1:9999/debian unstable/main amd64 file amd64 1:5.30-1 [63.9 kB]
Get:23 http://127.0.0.1:9999/debian unstable/main amd64 gettext-base amd64 0.19.8.1-2+b1 [122 kB]
Get:24 http://127.0.0.1:9999/debian unstable/main amd64 libicu57 amd64 57.1-6 [7701 kB]
Get:25 http://127.0.0.1:9999/debian unstable/main amd64 libxml2 amd64 2.9.4+dfsg1-3 [715 kB]
Get:26 http://127.0.0.1:9999/debian unstable/main amd64 libsigsegv2 amd64 2.11-1 [29.9 kB]
Get:27 http://127.0.0.1:9999/debian unstable/main amd64 m4 amd64 1.4.18-1 [202 kB]
Get:28 http://127.0.0.1:9999/debian unstable/main amd64 autoconf all 2.69-10 [338 kB]
Get:29 http://127.0.0.1:9999/debian unstable/main amd64 autotools-dev all 20161112.1 [73.4 kB]
Get:30 http://127.0.0.1:9999/debian unstable/main amd64 automake all 1:1.15.1-2 [736 kB]
Get:31 http://127.0.0.1:9999/debian unstable/main amd64 autopoint all 0.19.8.1-2 [433 kB]
Get:32 http://127.0.0.1:9999/debian unstable/main amd64 libtool all 2.4.6-2 [545 kB]
Get:33 http://127.0.0.1:9999/debian unstable/main amd64 dh-autoreconf all 14 [15.9 kB]
Get:34 http://127.0.0.1:9999/debian unstable/main amd64 libarchive-zip-perl all 1.59-1 [95.5 kB]
Get:35 http://127.0.0.1:9999/debian unstable/main amd64 libfile-stripnondeterminism-perl all 0.035-2 [17.0 kB]
Get:36 http://127.0.0.1:9999/debian unstable/main amd64 libtimedate-perl all 2.3000-2 [42.2 kB]
Get:37 http://127.0.0.1:9999/debian unstable/main amd64 dh-strip-nondeterminism all 0.035-2 [10.7 kB]
Get:38 http://127.0.0.1:9999/debian unstable/main amd64 libglib2.0-0 amd64 2.52.3-1 [2742 kB]
Get:39 http://127.0.0.1:9999/debian unstable/main amd64 libcroco3 amd64 0.6.12-1 [144 kB]
Get:40 http://127.0.0.1:9999/debian unstable/main amd64 gettext amd64 0.19.8.1-2+b1 [1301 kB]
Get:41 http://127.0.0.1:9999/debian unstable/main amd64 intltool-debian all 0.35.0+20060710.4 [26.3 kB]
Get:42 http://127.0.0.1:9999/debian unstable/main amd64 po-debconf all 1.0.20 [247 kB]
Get:43 http://127.0.0.1:9999/debian unstable/main amd64 debhelper all 10.6.2 [968 kB]
Get:44 http://127.0.0.1:9999/debian unstable/main amd64 xml-core all 0.17 [23.2 kB]
Get:45 http://127.0.0.1:9999/debian unstable/main amd64 sgml-data all 2.0.10 [181 kB]
Get:46 http://127.0.0.1:9999/debian unstable/main amd64 docbook-xml all 4.5-8 [84.7 kB]
Get:47 http://127.0.0.1:9999/debian unstable/main amd64 docbook-xsl all 1.79.1+dfsg-2 [1249 kB]
Get:48 http://127.0.0.1:9999/debian unstable/main amd64 libexpat1-dev amd64 2.2.1-3 [137 kB]
Get:49 http://127.0.0.1:9999/debian unstable/main amd64 libpython2.7-dbg amd64 2.7.13-2 [4663 kB]
Get:50 http://127.0.0.1:9999/debian unstable/main amd64 libpython-dbg amd64 2.7.13-2 [20.0 kB]
Get:51 http://127.0.0.1:9999/debian unstable/main amd64 libpython-all-dbg amd64 2.7.13-2 [1078 B]
Get:52 http://127.0.0.1:9999/debian unstable/main amd64 libpython2.7 amd64 2.7.13-2 [1072 kB]
Get:53 http://127.0.0.1:9999/debian unstable/main amd64 libpython2.7-dev amd64 2.7.13-2 [28.2 MB]
Get:54 http://127.0.0.1:9999/debian unstable/main amd64 libpython-dev amd64 2.7.13-2 [20.1 kB]
Get:55 http://127.0.0.1:9999/debian unstable/main amd64 libpython-all-dev amd64 2.7.13-2 [960 B]
Get:56 http://127.0.0.1:9999/debian unstable/main amd64 libxslt1.1 amd64 1.1.29-2.1 [233 kB]
Get:57 http://127.0.0.1:9999/debian unstable/main amd64 python-all amd64 2.7.13-2 [942 B]
Get:58 http://127.0.0.1:9999/debian unstable/main amd64 python2.7-dbg amd64 2.7.13-2 [7875 kB]
Get:59 http://127.0.0.1:9999/debian unstable/main amd64 python-dbg amd64 2.7.13-2 [1206 B]
Get:60 http://127.0.0.1:9999/debian unstable/main amd64 python-all-dbg amd64 2.7.13-2 [964 B]
Get:61 http://127.0.0.1:9999/debian unstable/main amd64 python2.7-dev amd64 2.7.13-2 [281 kB]
Get:62 http://127.0.0.1:9999/debian unstable/main amd64 python-dev amd64 2.7.13-2 [1126 B]
Get:63 http://127.0.0.1:9999/debian unstable/main amd64 python-all-dev amd64 2.7.13-2 [962 B]
Get:64 http://127.0.0.1:9999/debian unstable/main amd64 xsltproc amd64 1.1.29-2.1 [120 kB]
debconf: delaying package configuration, since apt-utils is not installed
Fetched 69.9 MB in 0s (95.4 MB/s)
Selecting previously unselected package groff-base.
(Reading database ... 10178 files and directories currently installed.)
Preparing to unpack .../00-groff-base_1.22.3-9_amd64.deb ...
Unpacking groff-base (1.22.3-9) ...
Selecting previously unselected package bsdmainutils.
Preparing to unpack .../01-bsdmainutils_9.0.12+nmu1_amd64.deb ...
Unpacking bsdmainutils (9.0.12+nmu1) ...
Selecting previously unselected package libpipeline1:amd64.
Preparing to unpack .../02-libpipeline1_1.4.1-2_amd64.deb ...
Unpacking libpipeline1:amd64 (1.4.1-2) ...
Selecting previously unselected package man-db.
Preparing to unpack .../03-man-db_2.7.6.1-2_amd64.deb ...
Unpacking man-db (2.7.6.1-2) ...
Selecting previously unselected package libpython2.7-minimal:amd64.
Preparing to unpack .../04-libpython2.7-minimal_2.7.13-2_amd64.deb ...
Unpacking libpython2.7-minimal:amd64 (2.7.13-2) ...
Selecting previously unselected package python2.7-minimal.
Preparing to unpack .../05-python2.7-minimal_2.7.13-2_amd64.deb ...
Unpacking python2.7-minimal (2.7.13-2) ...
Selecting previously unselected package python-minimal.
Preparing to unpack .../06-python-minimal_2.7.13-2_amd64.deb ...
Unpacking python-minimal (2.7.13-2) ...
Selecting previously unselected package mime-support.
Preparing to unpack .../07-mime-support_3.60_all.deb ...
Unpacking mime-support (3.60) ...
Selecting previously unselected package libexpat1:amd64.
Preparing to unpack .../08-libexpat1_2.2.1-3_amd64.deb ...
Unpacking libexpat1:amd64 (2.2.1-3) ...
Selecting previously unselected package readline-common.
Preparing to unpack .../09-readline-common_7.0-3_all.deb ...
Unpacking readline-common (7.0-3) ...
Selecting previously unselected package libreadline7:amd64.
Preparing to unpack .../10-libreadline7_7.0-3_amd64.deb ...
Unpacking libreadline7:amd64 (7.0-3) ...
Selecting previously unselected package libsqlite3-0:amd64.
Preparing to unpack .../11-libsqlite3-0_3.16.2-5_amd64.deb ...
Unpacking libsqlite3-0:amd64 (3.16.2-5) ...
Selecting previously unselected package libssl1.1:amd64.
Preparing to unpack .../12-libssl1.1_1.1.0f-3_amd64.deb ...
Unpacking libssl1.1:amd64 (1.1.0f-3) ...
Selecting previously unselected package libpython2.7-stdlib:amd64.
Preparing to unpack .../13-libpython2.7-stdlib_2.7.13-2_amd64.deb ...
Unpacking libpython2.7-stdlib:amd64 (2.7.13-2) ...
Selecting previously unselected package python2.7.
Preparing to unpack .../14-python2.7_2.7.13-2_amd64.deb ...
Unpacking python2.7 (2.7.13-2) ...
Selecting previously unselected package libpython-stdlib:amd64.
Preparing to unpack .../15-libpython-stdlib_2.7.13-2_amd64.deb ...
Unpacking libpython-stdlib:amd64 (2.7.13-2) ...
Setting up libpython2.7-minimal:amd64 (2.7.13-2) ...
Setting up python2.7-minimal (2.7.13-2) ...
Setting up python-minimal (2.7.13-2) ...
Selecting previously unselected package python.
(Reading database ... 11558 files and directories currently installed.)
Preparing to unpack .../00-python_2.7.13-2_amd64.deb ...
Unpacking python (2.7.13-2) ...
Selecting previously unselected package sgml-base.
Preparing to unpack .../01-sgml-base_1.29_all.deb ...
Unpacking sgml-base (1.29) ...
Selecting previously unselected package libmagic-mgc.
Preparing to unpack .../02-libmagic-mgc_1%3a5.30-1_amd64.deb ...
Unpacking libmagic-mgc (1:5.30-1) ...
Selecting previously unselected package libmagic1:amd64.
Preparing to unpack .../03-libmagic1_1%3a5.30-1_amd64.deb ...
Unpacking libmagic1:amd64 (1:5.30-1) ...
Selecting previously unselected package file.
Preparing to unpack .../04-file_1%3a5.30-1_amd64.deb ...
Unpacking file (1:5.30-1) ...
Selecting previously unselected package gettext-base.
Preparing to unpack .../05-gettext-base_0.19.8.1-2+b1_amd64.deb ...
Unpacking gettext-base (0.19.8.1-2+b1) ...
Selecting previously unselected package libicu57:amd64.
Preparing to unpack .../06-libicu57_57.1-6_amd64.deb ...
Unpacking libicu57:amd64 (57.1-6) ...
Selecting previously unselected package libxml2:amd64.
Preparing to unpack .../07-libxml2_2.9.4+dfsg1-3_amd64.deb ...
Unpacking libxml2:amd64 (2.9.4+dfsg1-3) ...
Selecting previously unselected package libsigsegv2:amd64.
Preparing to unpack .../08-libsigsegv2_2.11-1_amd64.deb ...
Unpacking libsigsegv2:amd64 (2.11-1) ...
Selecting previously unselected package m4.
Preparing to unpack .../09-m4_1.4.18-1_amd64.deb ...
Unpacking m4 (1.4.18-1) ...
Selecting previously unselected package autoconf.
Preparing to unpack .../10-autoconf_2.69-10_all.deb ...
Unpacking autoconf (2.69-10) ...
Selecting previously unselected package autotools-dev.
Preparing to unpack .../11-autotools-dev_20161112.1_all.deb ...
Unpacking autotools-dev (20161112.1) ...
Selecting previously unselected package automake.
Preparing to unpack .../12-automake_1%3a1.15.1-2_all.deb ...
Unpacking automake (1:1.15.1-2) ...
Selecting previously unselected package autopoint.
Preparing to unpack .../13-autopoint_0.19.8.1-2_all.deb ...
Unpacking autopoint (0.19.8.1-2) ...
Selecting previously unselected package libtool.
Preparing to unpack .../14-libtool_2.4.6-2_all.deb ...
Unpacking libtool (2.4.6-2) ...
Selecting previously unselected package dh-autoreconf.
Preparing to unpack .../15-dh-autoreconf_14_all.deb ...
Unpacking dh-autoreconf (14) ...
Selecting previously unselected package libarchive-zip-perl.
Preparing to unpack .../16-libarchive-zip-perl_1.59-1_all.deb ...
Unpacking libarchive-zip-perl (1.59-1) ...
Selecting previously unselected package libfile-stripnondeterminism-perl.
Preparing to unpack .../17-libfile-stripnondeterminism-perl_0.035-2_all.deb ...
Unpacking libfile-stripnondeterminism-perl (0.035-2) ...
Selecting previously unselected package libtimedate-perl.
Preparing to unpack .../18-libtimedate-perl_2.3000-2_all.deb ...
Unpacking libtimedate-perl (2.3000-2) ...
Selecting previously unselected package dh-strip-nondeterminism.
Preparing to unpack .../19-dh-strip-nondeterminism_0.035-2_all.deb ...
Unpacking dh-strip-nondeterminism (0.035-2) ...
Selecting previously unselected package libglib2.0-0:amd64.
Preparing to unpack .../20-libglib2.0-0_2.52.3-1_amd64.deb ...
Unpacking libglib2.0-0:amd64 (2.52.3-1) ...
Selecting previously unselected package libcroco3:amd64.
Preparing to unpack .../21-libcroco3_0.6.12-1_amd64.deb ...
Unpacking libcroco3:amd64 (0.6.12-1) ...
Selecting previously unselected package gettext.
Preparing to unpack .../22-gettext_0.19.8.1-2+b1_amd64.deb ...
Unpacking gettext (0.19.8.1-2+b1) ...
Selecting previously unselected package intltool-debian.
Preparing to unpack .../23-intltool-debian_0.35.0+20060710.4_all.deb ...
Unpacking intltool-debian (0.35.0+20060710.4) ...
Selecting previously unselected package po-debconf.
Preparing to unpack .../24-po-debconf_1.0.20_all.deb ...
Unpacking po-debconf (1.0.20) ...
Selecting previously unselected package debhelper.
Preparing to unpack .../25-debhelper_10.6.2_all.deb ...
Unpacking debhelper (10.6.2) ...
Selecting previously unselected package xml-core.
Preparing to unpack .../26-xml-core_0.17_all.deb ...
Unpacking xml-core (0.17) ...
Selecting previously unselected package sgml-data.
Preparing to unpack .../27-sgml-data_2.0.10_all.deb ...
Unpacking sgml-data (2.0.10) ...
Selecting previously unselected package docbook-xml.
Preparing to unpack .../28-docbook-xml_4.5-8_all.deb ...
Unpacking docbook-xml (4.5-8) ...
Selecting previously unselected package docbook-xsl.
Preparing to unpack .../29-docbook-xsl_1.79.1+dfsg-2_all.deb ...
Unpacking docbook-xsl (1.79.1+dfsg-2) ...
Selecting previously unselected package libexpat1-dev:amd64.
Preparing to unpack .../30-libexpat1-dev_2.2.1-3_amd64.deb ...
Unpacking libexpat1-dev:amd64 (2.2.1-3) ...
Selecting previously unselected package libpython2.7-dbg:amd64.
Preparing to unpack .../31-libpython2.7-dbg_2.7.13-2_amd64.deb ...
Unpacking libpython2.7-dbg:amd64 (2.7.13-2) ...
Selecting previously unselected package libpython-dbg:amd64.
Preparing to unpack .../32-libpython-dbg_2.7.13-2_amd64.deb ...
Unpacking libpython-dbg:amd64 (2.7.13-2) ...
Selecting previously unselected package libpython-all-dbg:amd64.
Preparing to unpack .../33-libpython-all-dbg_2.7.13-2_amd64.deb ...
Unpacking libpython-all-dbg:amd64 (2.7.13-2) ...
Selecting previously unselected package libpython2.7:amd64.
Preparing to unpack .../34-libpython2.7_2.7.13-2_amd64.deb ...
Unpacking libpython2.7:amd64 (2.7.13-2) ...
Selecting previously unselected package libpython2.7-dev:amd64.
Preparing to unpack .../35-libpython2.7-dev_2.7.13-2_amd64.deb ...
Unpacking libpython2.7-dev:amd64 (2.7.13-2) ...
Selecting previously unselected package libpython-dev:amd64.
Preparing to unpack .../36-libpython-dev_2.7.13-2_amd64.deb ...
Unpacking libpython-dev:amd64 (2.7.13-2) ...
Selecting previously unselected package libpython-all-dev:amd64.
Preparing to unpack .../37-libpython-all-dev_2.7.13-2_amd64.deb ...
Unpacking libpython-all-dev:amd64 (2.7.13-2) ...
Selecting previously unselected package libxslt1.1:amd64.
Preparing to unpack .../38-libxslt1.1_1.1.29-2.1_amd64.deb ...
Unpacking libxslt1.1:amd64 (1.1.29-2.1) ...
Selecting previously unselected package python-all.
Preparing to unpack .../39-python-all_2.7.13-2_amd64.deb ...
Unpacking python-all (2.7.13-2) ...
Selecting previously unselected package python2.7-dbg.
Preparing to unpack .../40-python2.7-dbg_2.7.13-2_amd64.deb ...
Unpacking python2.7-dbg (2.7.13-2) ...
Selecting previously unselected package python-dbg.
Preparing to unpack .../41-python-dbg_2.7.13-2_amd64.deb ...
Unpacking python-dbg (2.7.13-2) ...
Selecting previously unselected package python-all-dbg.
Preparing to unpack .../42-python-all-dbg_2.7.13-2_amd64.deb ...
Unpacking python-all-dbg (2.7.13-2) ...
Selecting previously unselected package python2.7-dev.
Preparing to unpack .../43-python2.7-dev_2.7.13-2_amd64.deb ...
Unpacking python2.7-dev (2.7.13-2) ...
Selecting previously unselected package python-dev.
Preparing to unpack .../44-python-dev_2.7.13-2_amd64.deb ...
Unpacking python-dev (2.7.13-2) ...
Selecting previously unselected package python-all-dev.
Preparing to unpack .../45-python-all-dev_2.7.13-2_amd64.deb ...
Unpacking python-all-dev (2.7.13-2) ...
Selecting previously unselected package xsltproc.
Preparing to unpack .../46-xsltproc_1.1.29-2.1_amd64.deb ...
Unpacking xsltproc (1.1.29-2.1) ...
Selecting previously unselected package sbuild-build-depends-ntdb-dummy.
Preparing to unpack .../47-sbuild-build-depends-ntdb-dummy_0.invalid.0_amd64.deb ...
Unpacking sbuild-build-depends-ntdb-dummy (0.invalid.0) ...
Setting up readline-common (7.0-3) ...
Setting up libexpat1:amd64 (2.2.1-3) ...
Setting up libarchive-zip-perl (1.59-1) ...
Setting up mime-support (3.60) ...
Setting up libtimedate-perl (2.3000-2) ...
Setting up libsigsegv2:amd64 (2.11-1) ...
Setting up libreadline7:amd64 (7.0-3) ...
Setting up groff-base (1.22.3-9) ...
Setting up libglib2.0-0:amd64 (2.52.3-1) ...
No schema files found: doing nothing.
Setting up gettext-base (0.19.8.1-2+b1) ...
Setting up libpipeline1:amd64 (1.4.1-2) ...
Setting up m4 (1.4.18-1) ...
Setting up sgml-base (1.29) ...
Setting up libicu57:amd64 (57.1-6) ...
Setting up libxml2:amd64 (2.9.4+dfsg1-3) ...
Setting up libmagic-mgc (1:5.30-1) ...
Setting up libmagic1:amd64 (1:5.30-1) ...
Setting up libcroco3:amd64 (0.6.12-1) ...
Setting up libxslt1.1:amd64 (1.1.29-2.1) ...
Processing triggers for libc-bin (2.24-12) ...
Setting up autotools-dev (20161112.1) ...
Setting up libssl1.1:amd64 (1.1.0f-3) ...
Setting up libsqlite3-0:amd64 (3.16.2-5) ...
Setting up libexpat1-dev:amd64 (2.2.1-3) ...
Setting up xml-core (0.17) ...
Setting up bsdmainutils (9.0.12+nmu1) ...
update-alternatives: using /usr/bin/bsd-write to provide /usr/bin/write (write) in auto mode
update-alternatives: using /usr/bin/bsd-from to provide /usr/bin/from (from) in auto mode
Setting up libpython2.7-stdlib:amd64 (2.7.13-2) ...
Setting up autopoint (0.19.8.1-2) ...
Setting up libfile-stripnondeterminism-perl (0.035-2) ...
Setting up gettext (0.19.8.1-2+b1) ...
Setting up python2.7 (2.7.13-2) ...
Setting up xsltproc (1.1.29-2.1) ...
Setting up libpython2.7-dbg:amd64 (2.7.13-2) ...
Setting up autoconf (2.69-10) ...
Setting up file (1:5.30-1) ...
Setting up libpython-stdlib:amd64 (2.7.13-2) ...
Setting up intltool-debian (0.35.0+20060710.4) ...
Setting up python2.7-dbg (2.7.13-2) ...
Setting up libpython2.7:amd64 (2.7.13-2) ...
Setting up automake (1:1.15.1-2) ...
update-alternatives: using /usr/bin/automake-1.15 to provide /usr/bin/automake (automake) in auto mode
Setting up man-db (2.7.6.1-2) ...
Not building database; man-db/auto-update is not 'true'.
Setting up libpython-dbg:amd64 (2.7.13-2) ...
Setting up libpython2.7-dev:amd64 (2.7.13-2) ...
Setting up python2.7-dev (2.7.13-2) ...
Setting up libpython-all-dbg:amd64 (2.7.13-2) ...
Setting up python (2.7.13-2) ...
Setting up libtool (2.4.6-2) ...
Setting up libpython-dev:amd64 (2.7.13-2) ...
Setting up po-debconf (1.0.20) ...
Setting up python-dev (2.7.13-2) ...
Setting up libpython-all-dev:amd64 (2.7.13-2) ...
Setting up python-dbg (2.7.13-2) ...
Setting up python-all (2.7.13-2) ...
Setting up python-all-dbg (2.7.13-2) ...
Setting up python-all-dev (2.7.13-2) ...
Processing triggers for sgml-base (1.29) ...
Setting up docbook-xsl (1.79.1+dfsg-2) ...
Setting up sgml-data (2.0.10) ...
Processing triggers for sgml-base (1.29) ...
Setting up docbook-xml (4.5-8) ...
Processing triggers for sgml-base (1.29) ...
Setting up dh-autoreconf (14) ...
Setting up dh-strip-nondeterminism (0.035-2) ...
Setting up debhelper (10.6.2) ...
Setting up sbuild-build-depends-ntdb-dummy (0.invalid.0) ...
Processing triggers for libc-bin (2.24-12) ...

+------------------------------------------------------------------------------+
| Build environment                                                            |
+------------------------------------------------------------------------------+

Kernel: Linux 4.9.0-2-amd64 amd64 (x86_64)
Toolchain package versions: binutils_2.28-6 dpkg-dev_1.18.24 g++-6_6.4.0-1 gcc-6_6.4.0-1 libc6-dev_2.24-12 libstdc++-6-dev_6.4.0-1 libstdc++6_7.1.0-9 linux-libc-dev_4.11.6-1
Package versions: adduser_3.115 apt_1.5~beta1 autoconf_2.69-10 automake_1:1.15.1-2 autopoint_0.19.8.1-2 autotools-dev_20161112.1 base-files_10 base-passwd_3.5.43 bash_4.4-5 binutils_2.28-6 bsdmainutils_9.0.12+nmu1 bsdutils_1:2.29.2-1 build-essential_12.3 bzip2_1.0.6-8.1 clang-3.9_1:3.9.1-10 coreutils_8.26-3 cpp_4:6.3.0-4d1 cpp-6_6.4.0-1 dash_0.5.8-2.4 debconf_1.5.62 debfoster_2.7-2.1+b1 debhelper_10.6.2 debian-archive-keyring_2017.5 debianutils_4.8.1.1 dh-autoreconf_14 dh-strip-nondeterminism_0.035-2 diffutils_1:3.5-3 docbook-xml_4.5-8 docbook-xsl_1.79.1+dfsg-2 dpkg_1.18.24 dpkg-dev_1.18.24 e2fslibs_1.43.4-2 e2fsprogs_1.43.4-2 eatmydata_105-5 fakeroot_1.21-3.1 file_1:5.30-1 findutils_4.6.0+git+20170606-2 g++_4:6.3.0-4d1 g++-6_6.4.0-1 gcc_4:6.3.0-4d1 gcc-6_6.4.0-1 gcc-6-base_6.4.0-1 gcc-7-base_7.1.0-9 gettext_0.19.8.1-2+b1 gettext-base_0.19.8.1-2+b1 gpgv_2.1.18-8 grep_2.27-2 groff-base_1.22.3-9 gzip_1.6-5+b1 hostname_3.18+b1 init-system-helpers_1.48 intltool-debian_0.35.0+20060710.4 libacl1_2.2.52-3+b1 libapt-pkg5.0_1.5~beta1 libarchive-zip-perl_1.59-1 libasan3_6.4.0-1 libatomic1_7.1.0-9 libattr1_1:2.4.47-2+b2 libaudit-common_1:2.7.7-1 libaudit1_1:2.7.7-1+b1 libblkid1_2.29.2-1 libbsd0_0.8.5-1 libbz2-1.0_1.0.6-8.1 libc-bin_2.24-12 libc-dev-bin_2.24-12 libc6_2.24-12 libc6-dev_2.24-12 libcap-ng0_0.7.7-3+b1 libcc1-0_7.1.0-9 libcilkrts5_7.1.0-9 libclang-common-3.9-dev_1:3.9.1-10 libclang1-3.9_1:3.9.1-10 libcomerr2_1.43.4-2 libcroco3_0.6.12-1 libdb5.3_5.3.28-12+b1 libdebconfclient0_0.229 libdpkg-perl_1.18.24 libeatmydata1_105-5 libedit2_3.1-20170329-1 libexpat1_2.2.1-3 libexpat1-dev_2.2.1-3 libfakeroot_1.21-3.1 libfdisk1_2.29.2-1 libffi6_3.2.1-6 libfile-stripnondeterminism-perl_0.035-2 libgc1c2_1:7.4.2-8 libgcc-6-dev_6.4.0-1 libgcc1_1:7.1.0-9 libgcrypt20_1.7.8-1 libgdbm3_1.8.3-14 libglib2.0-0_2.52.3-1 libgmp10_2:6.1.2+dfsg-1 libgnutls30_3.5.13-2 libgomp1_7.1.0-9 libgpg-error0_1.27-3 libhogweed4_3.3-1+b1 libicu57_57.1-6 libidn2-0_0.16-1+b1 libisl15_0.18-1 libitm1_7.1.0-9 libjsoncpp1_1.7.4-3 libllvm3.9_1:3.9.1-10 liblsan0_7.1.0-9 liblz4-1_0.0~r131-2+b1 liblzma5_5.2.2-1.2+b1 libmagic-mgc_1:5.30-1 libmagic1_1:5.30-1 libmount1_2.29.2-1 libmpc3_1.0.3-1+b2 libmpfr4_3.1.5-1 libmpx2_7.1.0-9 libncurses5_6.0+20161126-1 libncursesw5_6.0+20161126-1 libnettle6_3.3-1+b1 libobjc-6-dev_6.4.0-1 libobjc4_7.1.0-9 libp11-kit0_0.23.7-2 libpam-modules_1.1.8-3.6 libpam-modules-bin_1.1.8-3.6 libpam-runtime_1.1.8-3.6 libpam0g_1.1.8-3.6 libpcre3_2:8.39-3 libperl5.24_5.24.1-6 libpipeline1_1.4.1-2 libpython-all-dbg_2.7.13-2 libpython-all-dev_2.7.13-2 libpython-dbg_2.7.13-2 libpython-dev_2.7.13-2 libpython-stdlib_2.7.13-2 libpython2.7_2.7.13-2 libpython2.7-dbg_2.7.13-2 libpython2.7-dev_2.7.13-2 libpython2.7-minimal_2.7.13-2 libpython2.7-stdlib_2.7.13-2 libquadmath0_7.1.0-9 libreadline7_7.0-3 libselinux1_2.6-3+b2 libsemanage-common_2.6-2 libsemanage1_2.6-2+b1 libsepol1_2.6-2 libsigsegv2_2.11-1 libsmartcols1_2.29.2-1 libsqlite3-0_3.16.2-5 libss2_1.43.4-2 libssl1.1_1.1.0f-3 libstdc++-6-dev_6.4.0-1 libstdc++6_7.1.0-9 libsystemd0_233-10 libtasn1-6_4.12-2 libtimedate-perl_2.3000-2 libtinfo5_6.0+20161126-1 libtool_2.4.6-2 libtsan0_7.1.0-9 libubsan0_7.1.0-9 libudev1_233-10 libunistring2_0.9.7-2 libustr-1.0-1_1.0.4-6 libuuid1_2.29.2-1 libxml2_2.9.4+dfsg1-3 libxslt1.1_1.1.29-2.1 linux-libc-dev_4.11.6-1 login_1:4.4-4.1 m4_1.4.18-1 make_4.1-9.1 man-db_2.7.6.1-2 mawk_1.3.3-17+b3 mime-support_3.60 mount_2.29.2-1 multiarch-support_2.24-12 ncurses-base_6.0+20161126-1 ncurses-bin_6.0+20161126-1 passwd_1:4.4-4.1 patch_2.7.5-1+b2 perl_5.24.1-6 perl-base_5.24.1-6 perl-modules-5.24_5.24.1-6 po-debconf_1.0.20 python_2.7.13-2 python-all_2.7.13-2 python-all-dbg_2.7.13-2 python-all-dev_2.7.13-2 python-dbg_2.7.13-2 python-dev_2.7.13-2 python-minimal_2.7.13-2 python2.7_2.7.13-2 python2.7-dbg_2.7.13-2 python2.7-dev_2.7.13-2 python2.7-minimal_2.7.13-2 readline-common_7.0-3 sbuild-build-depends-core-dummy_0.invalid.0 sbuild-build-depends-ntdb-dummy_0.invalid.0 sed_4.4-1 sensible-utils_0.0.9 sgml-base_1.29 sgml-data_2.0.10 sysvinit-utils_2.88dsf-59.9 tar_1.29b-1.1 util-linux_2.29.2-1 xml-core_0.17 xsltproc_1.1.29-2.1 xz-utils_5.2.2-1.2+b1 zlib1g_1:1.2.8.dfsg-5

+------------------------------------------------------------------------------+
| Build                                                                        |
+------------------------------------------------------------------------------+


Unpack source
-------------

gpgv: unknown type of key resource 'trustedkeys.kbx'
gpgv: keyblock resource '/sbuild-nonexistent/.gnupg/trustedkeys.kbx': General error
gpgv: Signature made Sun Dec 20 00:55:32 2015 UTC
gpgv:                using RSA key 00806F2BD729A457
gpgv: Can't check signature: No public key
dpkg-source: warning: failed to verify signature on ./ntdb_1.0-9.dsc
dpkg-source: info: extracting ntdb in /<<PKGBUILDDIR>>
dpkg-source: info: unpacking ntdb_1.0.orig.tar.gz
dpkg-source: info: unpacking ntdb_1.0-9.debian.tar.xz
dpkg-source: info: applying reproducible.diff

Check disk space
----------------

Sufficient free space for build

User Environment
----------------

APT_CONFIG=/var/lib/sbuild/apt.conf
HOME=/sbuild-nonexistent
LANG=en_US.UTF-8
LC_ALL=POSIX
LOGNAME=user42
PATH=/usr/local/sbin:/usr/local/bin:/usr/sbin:/usr/bin:/sbin:/bin:/usr/games
SCHROOT_ALIAS_NAME=unstable-amd64-sbuild
SCHROOT_CHROOT_NAME=unstable-amd64-sbuild
SCHROOT_COMMAND=env
SCHROOT_GID=1001
SCHROOT_GROUP=user42
SCHROOT_SESSION_ID=unstable-amd64-sbuild-e5dc3317-2756-4454-b0cf-6ece271f1d75
SCHROOT_UID=1001
SCHROOT_USER=user42
SHELL=/bin/sh
USER=user42

dpkg-buildpackage
-----------------

dpkg-buildpackage: info: source package ntdb
dpkg-buildpackage: info: source version 1.0-9
dpkg-buildpackage: info: source distribution unstable
dpkg-buildpackage: info: source changed by Jelmer Vernooij <jelmer@debian.org>
 dpkg-source --before-build ntdb-1.0
dpkg-buildpackage: info: host architecture amd64
 fakeroot debian/rules clean
dh clean --with python2
   dh_testdir
   debian/rules override_dh_auto_clean
make[1]: Entering directory '/<<PKGBUILDDIR>>'
[ ! -f Makefile ] || /usr/bin/make distclean
make[2]: Entering directory '/<<PKGBUILDDIR>>'
WAF_MAKE=1 PATH=buildtools/bin:../../buildtools/bin:$PATH waf distclean
'distclean' finished successfully (0.000s)
make[2]: Leaving directory '/<<PKGBUILDDIR>>'
rm -rf build
# Waf should be doing this; see
# https://bugzilla.samba.org/show_bug.cgi?id=8854
rm -f .lock-wscript
# Waf should be doing this; see
# https://bugzilla.samba.org/show_bug.cgi?id=8855
rm -f buildtools/wafsamba/*.pyc \
	  buildtools/wafadmin/*.pyc \
	  buildtools/wafadmin/Tools/*.pyc
make[1]: Leaving directory '/<<PKGBUILDDIR>>'
   dh_clean
 debian/rules build-arch
dh build-arch --with python2
   dh_testdir -a
   dh_update_autotools_config -a
   debian/rules override_dh_auto_configure
make[1]: Entering directory '/<<PKGBUILDDIR>>'
PYTHON="/usr/bin/python2.7" PYTHON_CONFIG="/usr/bin/python2.7-config" CFLAGS="-g -O2 -fdebug-prefix-map=/<<PKGBUILDDIR>>=. -fstack-protector-strong -Wformat -Werror=format-security -g -Wall" LDFLAGS="-Wl,-z,relro -Wl,--as-needed" \
	   ./configure --prefix=/usr --disable-rpath-install --libdir=/usr/lib/x86_64-linux-gnu
Checking for program gcc or cc           : /usr/bin/gcc 
Checking for program cpp                 : /usr/bin/cpp 
Checking for program ar                  : /usr/bin/ar 
Checking for program ranlib              : /usr/bin/ranlib 
Checking for gcc                         : ok  
Checking for program git                 : not found 
Check for -MD                            : yes 
Checking for program gdb                 : not found 
Checking build system                    : Linux ip-172-31-45-63 4.9.0-2-amd64 #1 SMP Debian 4.9.18-1 (2017-03-30) x86_64 GNU/Linux 
Checking for header sys/utsname.h        : yes 
Checking uname sysname type              : Linux 
Checking uname machine type              : x86_64 
Checking uname release type              : 4.9.0-2-amd64 
Checking uname version type              : #1 SMP Debian 4.9.18-1 (2017-03-30) 
Checking for header stdio.h              : yes 
Checking simple C program                : ok 
Checking for rpath library support       : ok  
Checking for -Wl,--version-script support  : ok  
Checking compiler accepts -fPIC            : yes 
Checking for inline                        : inline 
Checking for pkg-config version >= 0.0.0   : no 
Checking for header sys/types.h            : yes 
Checking for header sys/stat.h             : yes 
Checking for header stdlib.h               : yes 
Checking for header stddef.h               : yes 
Checking for header memory.h               : yes 
Checking for header string.h               : yes 
Checking for header strings.h              : yes 
Checking for header inttypes.h             : yes 
Checking for header stdint.h               : yes 
Checking for header unistd.h               : yes 
Checking for header minix/config.h         : no 
Checking for header ctype.h                : yes 
Checking for header standards.h            : no 
Checking for header stdbool.h              : yes 
Checking for header stdarg.h               : yes 
Checking for header vararg.h               : no 
Checking for header limits.h               : yes 
Checking for header assert.h               : yes 
Checking getconf LFS_CFLAGS                : not found 
Checking getconf large file support flags work : ok 
Checking for large file support without additional flags : ok 
Checking for header sys/time.h                           : yes 
Checking for header time.h                               : yes 
Checking for WORDS_BIGENDIAN                             : not found 
Checking for header signal.h                             : yes 
Checking if signal handlers return int                   : not found 
Checking for variable __FUNCTION__                       : ok 
Checking for va_copy                                     : ok 
Checking for HAVE__VA_ARGS__MACRO                        : ok 
Checking compiler accepts ['']                           : yes 
Checking compiler accepts ['-fstack-protector']          : yes 
Checking linker accepts ['-fstack-protector']            : yes 
Checking compiler accepts ['-Werror']                    : yes 
Checking for header linux/types.h                        : yes 
Checking for header crypt.h                              : yes 
Checking for header locale.h                             : yes 
Checking for header acl/libacl.h                         : no 
Checking for header compat.h                             : no 
Checking for header attr/xattr.h                         : no 
Checking for header dustat.h                             : no 
Checking for header fcntl.h                              : yes 
Checking for header fnmatch.h                            : yes 
Checking for header glob.h                               : yes 
Checking for header history.h                            : no 
Checking for header krb5.h                               : no 
Checking for header langinfo.h                           : yes 
Checking for header libaio.h                             : no 
Checking for header ndir.h                               : no 
Checking for header pwd.h                                : yes 
Checking for header shadow.h                             : yes 
Checking for header sys/acl.h                            : no 
Checking for header sys/attributes.h                     : no 
Checking for header attr/attributes.h                    : no 
Checking for header sys/capability.h                     : no 
Checking for header sys/dir.h                            : yes 
Checking for header sys/epoll.h                          : yes 
Checking for header sys/fcntl.h                          : yes 
Checking for header sys/filio.h                          : no 
Checking for header sys/filsys.h                         : no 
Checking for header sys/fs/s5param.h                     : no 
Checking for header sys/fs/vx/quota.h                    : no 
Checking for header sys/id.h                             : no 
Checking for header sys/ioctl.h                          : yes 
Checking for header sys/ipc.h                            : yes 
Checking for header sys/mman.h                           : yes 
Checking for header sys/mode.h                           : no 
Checking for header sys/ndir.h                           : no 
Checking for header sys/priv.h                           : no 
Checking for header sys/resource.h                       : yes 
Checking for header sys/security.h                       : no 
Checking for header sys/shm.h                            : yes 
Checking for header sys/statfs.h                         : yes 
Checking for header sys/statvfs.h                        : yes 
Checking for header sys/termio.h                         : no 
Checking for header sys/vfs.h                            : yes 
Checking for header sys/xattr.h                          : yes 
Checking for header termio.h                             : yes 
Checking for header termios.h                            : yes 
Checking for header sys/file.h                           : yes 
Checking for header sys/ucontext.h                       : yes 
Checking for header sys/wait.h                           : yes 
Checking for header malloc.h                             : yes 
Checking for header grp.h                                : yes 
Checking for header sys/select.h                         : yes 
Checking for header setjmp.h                             : yes 
Checking for header utime.h                              : yes 
Checking for header sys/syslog.h                         : yes 
Checking for header syslog.h                             : yes 
Checking for header sys/mount.h                          : yes 
Checking for header mntent.h                             : yes 
Checking for header stropts.h                            : yes 
Checking for header unix.h                               : no 
Checking for header sys/param.h                          : yes 
Checking for header sys/socket.h                         : yes 
Checking for header netinet/in.h                         : yes 
Checking for header netdb.h                              : yes 
Checking for header arpa/inet.h                          : yes 
Checking for header netinet/in_systm.h                   : yes 
Checking for header netinet/ip.h                         : yes 
Checking for header netinet/tcp.h                        : yes 
Checking for header netinet/in_ip.h                      : no 
Checking for header sys/sockio.h                         : no 
Checking for header sys/un.h                             : yes 
Checking for header sys/uio.h                            : yes 
Checking for header ifaddrs.h                            : yes 
Checking for header direct.h                             : no 
Checking for header dirent.h                             : yes 
Checking for header windows.h                            : no 
Checking for header winsock2.h                           : no 
Checking for header ws2tcpip.h                           : no 
Checking for header errno.h                              : yes 
Checking for header gcrypt.h                             : no 
Checking for header getopt.h                             : yes 
Checking for header iconv.h                              : yes 
Checking for header sys/inotify.h                        : yes 
Checking for header nss.h                                : yes 
Checking for header sasl/sasl.h                          : no 
Checking for header security/pam_appl.h                  : no 
Checking for header zlib.h                               : no 
Checking for header asm/unistd.h                         : yes 
Checking for header aio.h                                : yes 
Checking for header sys/unistd.h                         : yes 
Checking for header rpc/rpc.h                            : yes 
Checking for header rpc/nettype.h                        : no 
Checking for header alloca.h                             : yes 
Checking for header float.h                              : yes 
Checking for header rpcsvc/nis.h                         : yes 
Checking for header rpcsvc/ypclnt.h                      : yes 
Checking for header sys/sysctl.h                         : yes 
Checking for header sys/fileio.h                         : no 
Checking for header sys/filesys.h                        : no 
Checking for header sys/dustat.h                         : no 
Checking for header sys/sysmacros.h                      : yes 
Checking for header xfs/libxfs.h                         : no 
Checking for header netgroup.h                           : no 
Checking for header rpcsvc/yp_prot.h                     : yes 
Checking for HAVE_RPCSVC_YP_PROT_H                       : ok 
Checking for header valgrind.h                           : no 
Checking for header valgrind/valgrind.h                  : no 
Checking for header valgrind/memcheck.h                  : no 
Checking for header nss_common.h                         : no 
Checking for header nsswitch.h                           : no 
Checking for header ns_api.h                             : no 
Checking for header sys/extattr.h                        : no 
Checking for header sys/ea.h                             : no 
Checking for header sys/proplist.h                       : no 
Checking for header sys/cdefs.h                          : yes 
Checking for header utmp.h                               : yes 
Checking for header utmpx.h                              : yes 
Checking for header lastlog.h                            : yes 
Checking for header syscall.h                            : yes 
Checking for header sys/syscall.h                        : yes 
Checking for header sys/prctl.h                          : yes 
Checking for prctl syscall                               : not found 
Checking for O_DIRECT flag to open(2)                    : ok 
Checking for long long                                   : ok 
Checking for intptr_t                                    : ok 
Checking for uintptr_t                                   : ok 
Checking for ptrdiff_t                                   : ok 
Checking for comparison_fn_t                             : ok 
Checking for _Bool                                       : ok 
Checking for bool                                        : ok 
Checking for int8_t                                      : ok 
Checking for uint8_t                                     : ok 
Checking for int16_t                                     : ok 
Checking for uint16_t                                    : ok 
Checking for int32_t                                     : ok 
Checking for uint32_t                                    : ok 
Checking for int64_t                                     : ok 
Checking for uint64_t                                    : ok 
Checking for size_t                                      : ok 
Checking for ssize_t                                     : ok 
Checking for ino_t                                       : ok 
Checking for loff_t                                      : ok 
Checking for offset_t                                    : not found 
Checking for volatile int                                : ok 
Checking for uint_t                                      : not found 
Checking for blksize_t                                   : ok 
Checking for blkcnt_t                                    : ok 
Checking size of bool                                    : 1 
Checking size of char                                    : 1 
Checking size of int                                     : 4 
Checking size of long long                               : 8 
Checking size of long                                    : 8 
Checking size of short                                   : 2 
Checking size of size_t                                  : 8 
Checking size of ssize_t                                 : 8 
Checking size of int8_t                                  : 1 
Checking size of uint8_t                                 : 1 
Checking size of int16_t                                 : 2 
Checking size of uint16_t                                : 2 
Checking size of int32_t                                 : 4 
Checking size of uint32_t                                : 4 
Checking size of int64_t                                 : 8 
Checking size of uint64_t                                : 8 
Checking size of void*                                   : 8 
Checking size of off_t                                   : 8 
Checking size of dev_t                                   : 8 
Checking size of ino_t                                   : 8 
Checking size of time_t                                  : 8 
Checking for socklen_t                                   : ok 
Checking for struct ifaddrs                              : ok 
Checking for struct addrinfo                             : ok 
Checking for struct sockaddr                             : ok 
Checking for HAVE_STRUCT_SOCKADDR_IN6                    : ok 
Checking for struct sockaddr_storage                     : ok 
Checking for sa_family_t                                 : ok 
Checking for sig_atomic_t                                : ok 
Checking for inet_ntoa                                   : ok 
Checking for inet_aton                                   : ok 
Checking for inet_ntop                                   : ok 
Checking for inet_pton                                   : ok 
Checking for connect                                     : ok 
Checking for gethostbyname                               : ok 
Checking for getaddrinfo                                 : ok 
Checking for getnameinfo                                 : ok 
Checking for freeaddrinfo                                : ok 
Checking for gai_strerror                                : ok 
Checking for socketpair                                  : ok 
Checking for variable IPV6_V6ONLY                        : ok 
Checking for HAVE_IPV6                                   : ok 
Checking whether we have ucontext_t                      : ok 
Checking for strdup                                      : ok 
Checking for memmem                                      : ok 
Checking for printf                                      : ok 
Checking for memset                                      : ok 
Checking for memcpy                                      : ok 
Checking for memmove                                     : ok 
Checking for strcpy                                      : ok 
Checking for strncpy                                     : ok 
Checking for bzero                                       : ok 
Checking for shl_load                                    : not found 
Checking for shl_unload                                  : not found 
Checking for shl_findsym                                 : not found 
Checking for pipe                                        : ok 
Checking for strftime                                    : ok 
Checking for srandom                                     : ok 
Checking for random                                      : ok 
Checking for srand                                       : ok 
Checking for rand                                        : ok 
Checking for usleep                                      : ok 
Checking for setbuffer                                   : ok 
Checking for lstat                                       : ok 
Checking for getpgrp                                     : ok 
Checking for utime                                       : ok 
Checking for utimes                                      : ok 
Checking for setuid                                      : ok 
Checking for seteuid                                     : ok 
Checking for setreuid                                    : ok 
Checking for setresuid                                   : ok 
Checking for setgid                                      : ok 
Checking for setegid                                     : ok 
Checking for setregid                                    : ok 
Checking for setresgid                                   : ok 
Checking for chroot                                      : ok 
Checking for strerror                                    : ok 
Checking for vsyslog                                     : ok 
Checking for setlinebuf                                  : ok 
Checking for mktime                                      : ok 
Checking for ftruncate                                   : ok 
Checking for chsize                                      : not found 
Checking for rename                                      : ok 
Checking for waitpid                                     : ok 
Checking for wait4                                       : ok 
Checking for initgroups                                  : ok 
Checking for pread                                       : ok 
Checking for pwrite                                      : ok 
Checking for strndup                                     : ok 
Checking for strcasestr                                  : ok 
Checking for strtok_r                                    : ok 
Checking for mkdtemp                                     : ok 
Checking for dup2                                        : ok 
Checking for dprintf                                     : ok 
Checking for vdprintf                                    : ok 
Checking for isatty                                      : ok 
Checking for chown                                       : ok 
Checking for lchown                                      : ok 
Checking for link                                        : ok 
Checking for readlink                                    : ok 
Checking for symlink                                     : ok 
Checking for realpath                                    : ok 
Checking for snprintf                                    : ok 
Checking for vsnprintf                                   : ok 
Checking for asprintf                                    : ok 
Checking for vasprintf                                   : ok 
Checking for setenv                                      : ok 
Checking for unsetenv                                    : ok 
Checking for strnlen                                     : ok 
Checking for strtoull                                    : ok 
Checking for __strtoull                                  : not found 
Checking for strtouq                                     : ok 
Checking for strtoll                                     : ok 
Checking for __strtoll                                   : not found 
Checking for strtoq                                      : ok 
Checking for memalign                                    : ok 
Checking for posix_memalign                              : ok 
Checking for prctl                                       : ok 
Checking for strlcpy                                     : not found 
Checking for strlcat                                     : not found 
Checking for strlcpy                                     : not found 
Checking for strlcat                                     : not found 
Checking for library bsd                                 : not found 
Checking for strlcpy                                     : not found 
Checking for strlcat                                     : not found 
Checking for getpeereid                                  : not found 
Checking for library bsd                                 : not found 
Checking for getpeereid                                  : not found 
Checking for library bsd                                 : not found 
Checking for setproctitle                                : not found 
Checking for library setproctitle                        : not found 
Checking for setproctitle                                : not found 
Checking whether we can use SO_PEERCRED to get socket credentials : ok 
Checking correct behavior of strtoll                              : not found 
Checking for if_nametoindex                                       : ok 
Checking for strerror_r                                           : ok 
Checking for getdirentries                                        : ok 
Checking for getdents                                             : not found 
Checking for syslog                                               : ok 
Checking for gai_strerror                                         : ok 
Checking for get_current_dir_name                                 : ok 
Checking for timegm                                               : ok 
Checking for getifaddrs                                           : ok 
Checking for freeifaddrs                                          : ok 
Checking for mmap                                                 : ok 
Checking for setgroups                                            : ok 
Checking for syscall                                              : ok 
Checking for setsid                                               : ok 
Checking for getgrent_r                                           : ok 
Checking for getgrgid_r                                           : ok 
Checking for getgrnam_r                                           : ok 
Checking for getgrouplist                                         : ok 
Checking for getpagesize                                          : ok 
Checking for getpwent_r                                           : ok 
Checking for getpwnam_r                                           : ok 
Checking for getpwuid_r                                           : ok 
Checking for epoll_create                                         : ok 
Checking for fgetxattr                                            : ok 
Checking for flistea                                              : not found 
Checking for flistxattr                                           : ok 
Checking for fremovexattr                                         : ok 
Checking for fsetxattr                                            : ok 
Checking for getxattr                                             : ok 
Checking for listxattr                                            : ok 
Checking for removexattr                                          : ok 
Checking for setxattr                                             : ok 
Checking for library attr                                         : not found 
Checking for flistea                                              : not found 
Checking whether xattr interface takes additional options         : not found 
Checking for dlopen                                               : not found 
Checking for dlsym                                                : not found 
Checking for dlerror                                              : not found 
Checking for dlclose                                              : not found 
Checking for library dl                                           : yes 
Checking for dlopen                                               : ok 
Checking for dlsym                                                : ok 
Checking for dlerror                                              : ok 
Checking for dlclose                                              : ok 
Checking for declaration of dlopen                                : ok 
Checking C prototype for dlopen                                   : not found 
Checking for fdatasync                                            : ok 
Checking for declaration of fdatasync                             : ok 
Checking for clock_gettime                                        : ok 
Checking whether the clock_gettime clock ID CLOCK_MONOTONIC is available : ok 
Checking whether the clock_gettime clock ID CLOCK_PROCESS_CPUTIME_ID is available : ok 
Checking whether the clock_gettime clock ID CLOCK_REALTIME is available           : ok 
Checking for struct timespec                                                      : ok 
Checking for header net/if.h                                                      : yes 
Checking for header arpa/nameser.h                                                : yes 
Checking for header resolv.h                                                      : yes 
Checking for res_search                                                           : not found 
Checking for library resolv                                                       : yes 
Checking for res_search                                                           : ok 
Checking for header libintl.h                                                     : yes 
Checking for library intl                                                         : not found 
Checking for bindtextdomain                                                       : ok 
Checking for textdomain                                                           : ok 
Checking for bind_textdomain_codeset                                              : ok 
Checking for dgettext                                                             : ok 
Checking for gettext                                                              : ok 
Checking for pthread_create                                                       : not found 
Checking for library pthread                                                      : yes 
Checking for pthread_create                                                       : ok 
Checking for crypt                                                                : not found 
Checking for library crypt                                                        : yes 
Checking for crypt                                                                : ok 
Checking for header readline.h                                                    : no 
Checking for header readline/readline.h                                           : no 
Checking for header readline/history.h                                            : no 
Checking for variable rl_event_hook                                               : not found 
Checking for declaration of snprintf                                              : ok 
Checking for declaration of vsnprintf                                             : ok 
Checking for declaration of asprintf                                              : ok 
Checking for declaration of vasprintf                                             : ok 
Checking for declaration of errno                                                 : ok 
Checking for declaration of environ                                               : ok 
Checking for declaration of getgrent_r                                            : ok 
Checking for declaration of getpwent_r                                            : ok 
Checking for declaration of pread                                                 : ok 
Checking for declaration of pwrite                                                : ok 
Checking for declaration of setenv                                                : ok 
Checking for declaration of setresgid                                             : ok 
Checking for declaration of setresuid                                             : ok 
Checking for header poll.h                                                        : yes 
Checking for poll                                                                 : ok 
Checking for strptime                                                             : ok 
Checking for declaration of strptime                                              : ok 
Checking for working strptime                                                     : ok 
Checking for HAVE_GETTIMEOFDAY_TZ                                                 : ok 
Checking for C99 vsnprintf                                                        : ok 
Checking for HAVE_SHARED_MMAP                                                     : ok 
Checking for HAVE_MREMAP                                                          : ok 
Checking for HAVE_INCOHERENT_MMAP                                                 : not found 
Checking for HAVE_IMMEDIATE_STRUCTURES                                            : ok 
Checking for HAVE_MKDIR_MODE                                                      : ok 
Checking for member st_mtim.tv_nsec in struct stat                                : ok 
Checking for member st_rdev in struct stat                                        : ok 
Checking for member st_rdev in struct stat                                        : ok 
Checking for member ss_family in struct sockaddr_storage                          : ok 
Checking for member __ss_family in struct sockaddr_storage                        : not found 
Checking for member sa_len in struct sockaddr                                     : not found 
Checking for member sin_len in struct sockaddr_in                                 : not found 
Checking for HAVE_UNIXSOCKET                                                      : ok 
Checking for HAVE_SECURE_MKSTEMP                                                  : ok 
Checking compiler accepts -fvisibility=hidden                                     : yes 
Checking for HAVE_VISIBILITY_ATTR                                                 : not found 
Checking for HAVE_IFACE_GETIFADDRS                                                : ok 
Checking for getpwnam_r                                                           : ok 
Checking for getpwuid_r                                                           : ok 
Checking for getpwent_r                                                           : ok 
Checking for declaration of getpwent_r                                            : ok 
Checking C prototype for getpwent_r                                               : not found 
Checking for declaration of getgrent_r                                            : ok 
Checking C prototype for getgrent_r                                               : not found 
Checking C prototype for getpwent_r                                               : not found 
Checking C prototype for getgrent_r                                               : not found 
Checking for getgrouplist                                                         : ok 
Checking for header err.h                                                         : yes 
Checking for header byteswap.h                                                    : yes 
Checking for bswap_64                                                             : ok 
Checking for HAVE_ATTRIBUTE_COLD                                                  : ok 
Checking for HAVE_ATTRIBUTE_CONST                                                 : ok 
Checking for HAVE_ATTRIBUTE_NORETURN                                              : ok 
Checking for HAVE_ATTRIBUTE_PRINTF                                                : ok 
Checking for HAVE_ATTRIBUTE_UNUSED                                                : ok 
Checking for HAVE_ATTRIBUTE_USED                                                  : ok 
Checking for header endian.h                                                      : yes 
Checking for header sys/endian.h                                                  : no 
Checking for HAVE_LITTLE_ENDIAN                                                   : not found 
Checking for HAVE_BIG_ENDIAN                                                      : not found 
Checking for HAVE_LITTLE_ENDIAN - runtime                                         : ok 
Checking for HAVE_BIG_ENDIAN - runtime                                            : not found 
Checking for HAVE_BUILTIN_CHOOSE_EXPR                                             : ok 
Checking for HAVE_BUILTIN_CLZ                                                     : ok 
Checking for HAVE_BUILTIN_CLZL                                                    : ok 
Checking for HAVE_BUILTIN_CLZLL                                                   : ok 
Checking for HAVE_BUILTIN_CONSTANT_P                                              : ok 
Checking for HAVE_BUILTIN_EXPECT                                                  : ok 
Checking for HAVE_BUILTIN_POPCOUNTL                                               : ok 
Checking for HAVE_BUILTIN_TYPES_COMPATIBLE_P                                      : ok 
Checking for HAVE_COMPOUND_LITERALS                                               : ok 
Checking for HAVE_FLEXIBLE_ARRAY_MEMBER                                           : ok 
Checking for HAVE_ISBLANK                                                         : ok 
Checking for HAVE_TYPEOF                                                          : ok 
Checking for HAVE_WARN_UNUSED_RESULT                                              : ok 
Checking for backtrace                                                            : ok 
Checking for backtrace_symbols                                                    : ok 
Checking for small off_t                                                          : no 
Checking for program python                                                       : /usr/bin/python2.7 
Checking for program python                                                       : /usr/bin/python2.7 
python executable '/usr/bin/python2.7' different from sys.executable '/usr/bin/python'
Checking for Python version >= 2.4.2                                              : ok 2.7.13 
Checking for library python2.7                                                    : yes 
Checking for program python2.7-config                                             : /usr/bin/python2.7-config 
Checking for custom code                                                          : yes 
Checking for program xsltproc                                                     : /usr/bin/xsltproc 
Checking for stylesheet http://docbook.sourceforge.net/release/xsl/current/manpages/docbook.xsl : ok 
'configure' finished successfully (29.187s)
make[1]: Leaving directory '/<<PKGBUILDDIR>>'
   debian/rules override_dh_auto_build
make[1]: Entering directory '/<<PKGBUILDDIR>>'
/usr/bin/make all
make[2]: Entering directory '/<<PKGBUILDDIR>>'
WAF_MAKE=1 PATH=buildtools/bin:../../buildtools/bin:$PATH waf build
Waf: Entering directory `/<<PKGBUILDDIR>>/bin'
Checking project rules ...
Project rules pass
[ 1/44] Generating ntdb.vscript
[ 2/44] Compiling lib/replace/replace.c
[ 3/44] Generating PKGCONFIG_ntdb.pc
[ 4/44] Compiling lib/replace/replace.c
[ 5/44] Compiling lib/replace/test/testsuite.c
[ 6/44] Compiling lib/replace/test/strptime.c
[ 7/44] Compiling lib/replace/test/os2_delete.c
../lib/replace/test/os2_delete.c:41:28: warning: expression result unused [-Wunused-value]
        mkdir(TESTDIR, 0700) == 0 || FAILED("mkdir");
        ~~~~~~~~~~~~~~~~~~~~~~~~~ ^  ~~~~~~~~~~~~~~~
../lib/replace/test/os2_delete.c:84:22: warning: expression result unused [-Wunused-value]
                unlink(fname) == 0 || FAILED("unlink");
                ~~~~~~~~~~~~~~~~~~ ^  ~~~~~~~~~~~~~~~~
../lib/replace/test/os2_delete.c:113:31: warning: expression result unused [-Wunused-value]
        strcmp(de->d_name, ".") == 0 || FAILED("match .");
        ~~~~~~~~~~~~~~~~~~~~~~~~~~~~ ^  ~~~~~~~~~~~~~~~~~
../lib/replace/test/os2_delete.c:115:32: warning: expression result unused [-Wunused-value]
        strcmp(de->d_name, "..") == 0 || FAILED("match ..");
        ~~~~~~~~~~~~~~~~~~~~~~~~~~~~~ ^  ~~~~~~~~~~~~~~~~~~
../lib/replace/test/os2_delete.c:126:22: warning: expression result unused [-Wunused-value]
        rmdir(TESTDIR) == 0 || FAILED("rmdir");
        ~~~~~~~~~~~~~~~~~~~ ^  ~~~~~~~~~~~~~~~
5 warnings generated.
[ 8/44] Compiling lib/replace/test/getifaddrs.c
[ 9/44] Compiling lib/ccan/hash/hash.c
[10/44] Compiling lib/ccan/ilog/ilog.c
[11/44] Compiling lib/ccan/read_write_all/read_write_all.c
[12/44] Compiling lib/ccan/str/debug.c
[13/44] Compiling lib/ccan/str/str.c
[14/44] Compiling lib/ccan/tally/tally.c
[15/44] Compiling lib/ccan/likely/likely.c
[16/44] Compiling lib/ccan/err/err.c
[17/44] Compiling check.c
[18/44] Compiling free.c
[19/44] Compiling hash.c
[20/44] Compiling io.c
[21/44] Compiling lock.c
[22/44] Compiling open.c
[23/44] Compiling summary.c
[24/44] Compiling ntdb.c
[25/44] Compiling transaction.c
[26/44] Compiling traverse.c
[27/44] Compiling tools/ntdbtorture.c
[28/44] Compiling tools/ntdbtool.c
[29/44] Compiling tools/ntdbdump.c
[30/44] Compiling tools/ntdbrestore.c
[31/44] Compiling tools/ntdbbackup.c
[32/44] Compiling pyntdb.c
[33/44] Linking default/libntdb.so
[34/44] Linking default/ntdbtorture
[35/44] Linking default/ntdbtool
[36/44] Linking default/ntdbdump
[37/44] Linking default/ntdbrestore
[38/44] Linking default/ntdbbackup
[39/44] Linking default/pyntdb.so
[40/44] Generating man/ntdb.3
Note: Writing ntdb.3
[41/44] Generating man/ntdbtool.8
Note: Writing ntdbtool.8
[42/44] Generating man/ntdbdump.8
Note: Writing ntdbdump.8
[43/44] Generating man/ntdbrestore.8
Note: Writing ntdbrestore.8
[44/44] Generating man/ntdbbackup.8
Note: Writing ntdbbackup.8
Waf: Leaving directory `/<<PKGBUILDDIR>>/bin'
'build' finished successfully (6.071s)
make[2]: Leaving directory '/<<PKGBUILDDIR>>'
make[1]: Leaving directory '/<<PKGBUILDDIR>>'
   debian/rules override_dh_auto_test
make[1]: Entering directory '/<<PKGBUILDDIR>>'
echo "Testsuite disabled, since it currently requires developer mode."
Testsuite disabled, since it currently requires developer mode.
make[1]: Leaving directory '/<<PKGBUILDDIR>>'
   create-stamp debian/debhelper-build-stamp
 fakeroot debian/rules binary-arch
dh binary-arch --with python2
   create-stamp debian/debhelper-build-stamp
   dh_testroot -a
   dh_prep -a
   dh_installdirs -a
   debian/rules override_dh_auto_install
make[1]: Entering directory '/<<PKGBUILDDIR>>'
/usr/bin/make install DESTDIR=/<<PKGBUILDDIR>>/debian/tmp
make[2]: Entering directory '/<<PKGBUILDDIR>>'
WAF_MAKE=1 PATH=buildtools/bin:../../buildtools/bin:$PATH waf install
Waf: Entering directory `/<<PKGBUILDDIR>>/bin'
* installing bin/default/ntdb.pc as /<<PKGBUILDDIR>>/debian/tmp/usr/lib/x86_64-linux-gnu/pkgconfig/ntdb.pc
[34/46] Linking default/ntdbtorture.inst
[35/46] Linking default/ntdbtool.inst
[36/46] Linking default/ntdbdump.inst
[37/46] Linking default/ntdbrestore.inst
[38/46] Linking default/ntdbbackup.inst
[40/46] Linking default/libntdb.inst.so
[41/46] Linking default/pyntdb.inst.so
* installing bin/default/libntdb.inst.so as /<<PKGBUILDDIR>>/debian/tmp/usr/lib/x86_64-linux-gnu/libntdb.so.1.0
* symlink /<<PKGBUILDDIR>>/debian/tmp/usr/lib/x86_64-linux-gnu/libntdb.so.1 (-> libntdb.so.1.0)
* symlink /<<PKGBUILDDIR>>/debian/tmp/usr/lib/x86_64-linux-gnu/libntdb.so (-> libntdb.so.1.0)
* installing bin/default/ntdbtool.inst as /<<PKGBUILDDIR>>/debian/tmp/usr/bin/ntdbtool
* installing bin/default/ntdbdump.inst as /<<PKGBUILDDIR>>/debian/tmp/usr/bin/ntdbdump
* installing bin/default/ntdbrestore.inst as /<<PKGBUILDDIR>>/debian/tmp/usr/bin/ntdbrestore
* installing bin/default/ntdbbackup.inst as /<<PKGBUILDDIR>>/debian/tmp/usr/bin/ntdbbackup
* installing bin/default/pyntdb.inst.so as /<<PKGBUILDDIR>>/debian/tmp/usr/lib/python2.7/dist-packages/ntdb.so
* installing ntdb.h as /<<PKGBUILDDIR>>/debian/tmp/usr/include/ntdb.h
* installing bin/default/man/ntdb.3 as /<<PKGBUILDDIR>>/debian/tmp/usr/share/man/man3/ntdb.3
* installing bin/default/man/ntdbtool.8 as /<<PKGBUILDDIR>>/debian/tmp/usr/share/man/man8/ntdbtool.8
* installing bin/default/man/ntdbdump.8 as /<<PKGBUILDDIR>>/debian/tmp/usr/share/man/man8/ntdbdump.8
* installing bin/default/man/ntdbrestore.8 as /<<PKGBUILDDIR>>/debian/tmp/usr/share/man/man8/ntdbrestore.8
* installing bin/default/man/ntdbbackup.8 as /<<PKGBUILDDIR>>/debian/tmp/usr/share/man/man8/ntdbbackup.8
Waf: Leaving directory `/<<PKGBUILDDIR>>/bin'
'install' finished successfully (0.366s)
make[2]: Leaving directory '/<<PKGBUILDDIR>>'
# Waf should be doing this..
ar cr libntdb.a bin/default/*.o bin/default/lib/ccan/*/*.o
mv libntdb.a /<<PKGBUILDDIR>>/debian/tmp/usr/lib/x86_64-linux-gnu
make[1]: Leaving directory '/<<PKGBUILDDIR>>'
   dh_install -a
   dh_installdocs -a
   dh_installchangelogs -a
   dh_installman -a
   debian/rules override_dh_python2
make[1]: Entering directory '/<<PKGBUILDDIR>>'
dh_python2 --no-guessing-versions
W: dh_python2:479: Please add dh-python package to Build-Depends
W: dh_python2:433: public extension linked with libpython2.7: ntdb.so
make[1]: Leaving directory '/<<PKGBUILDDIR>>'
   dh_perl -a
   dh_link -a
   dh_strip_nondeterminism -a
   dh_compress -a
   dh_fixperms -a
   dh_missing -a
   debian/rules override_dh_strip
make[1]: Entering directory '/<<PKGBUILDDIR>>'
dh_strip -p libntdb1 --dbg-package=libntdb1-dbg
dh_strip -p python-ntdb --dbg-package=python-ntdb-dbg
dh_strip -p ntdb-tools
make[1]: Leaving directory '/<<PKGBUILDDIR>>'
   debian/rules override_dh_makeshlibs
make[1]: Entering directory '/<<PKGBUILDDIR>>'
dh_makeshlibs -- -c4
dpkg-gensymbols: warning: some new symbols appeared in the symbols file: see diff output below
dpkg-gensymbols: warning: debian/libntdb1/DEBIAN/symbols doesn't match completely debian/libntdb1.symbols
--- debian/libntdb1.symbols (libntdb1_1.0-9_amd64)
+++ dpkg-gensymbolsZh0OOF	2017-07-06 19:41:04.634719225 +0000
@@ -1,7 +1,15 @@
 libntdb.so.1 libntdb1 #MINVER#
  NTDB_0.9@NTDB_0.9 1.0
  NTDB_1.0@NTDB_1.0 1.0
+ ntdb_access_commit@NTDB_1.0 1.0-9
+ ntdb_access_read@NTDB_1.0 1.0-9
+ ntdb_access_release@NTDB_1.0 1.0-9
+ ntdb_access_write@NTDB_1.0 1.0-9
  ntdb_add_flag@NTDB_0.9 1.0
+ ntdb_alloc_read@NTDB_1.0 1.0-9
+ ntdb_allrecord_lock@NTDB_1.0 1.0-9
+ ntdb_allrecord_unlock@NTDB_1.0 1.0-9
+ ntdb_allrecord_upgrade@NTDB_1.0 1.0-9
  ntdb_append@NTDB_0.9 1.0
  ntdb_chainlock@NTDB_0.9 1.0
  ntdb_chainlock_read@NTDB_0.9 1.0
@@ -9,22 +17,47 @@
  ntdb_chainunlock_read@NTDB_0.9 1.0
  ntdb_check_@NTDB_0.9 1.0
  ntdb_close@NTDB_0.9 1.0
+ ntdb_convert@NTDB_1.0 1.0-9
  ntdb_delete@NTDB_0.9 1.0
  ntdb_errorstr@NTDB_0.9 1.0
  ntdb_exists@NTDB_0.9 1.0
+ ntdb_expand_adjust@NTDB_1.0 1.0-9
+ ntdb_fcntl_lock@NTDB_1.0 1.0-9
+ ntdb_fcntl_unlock@NTDB_1.0 1.0-9
  ntdb_fd@NTDB_0.9 1.0
  ntdb_fetch@NTDB_0.9 1.0
+ ntdb_find_nonzero_off@NTDB_1.0 1.0-9
+ ntdb_find_zero_off@NTDB_1.0 1.0-9
  ntdb_firstkey@NTDB_0.9 1.0
  ntdb_foreach_@NTDB_0.9 1.0
+ ntdb_ftable_init@NTDB_1.0 1.0-9
  ntdb_get_attribute@NTDB_0.9 1.0
  ntdb_get_flags@NTDB_0.9 1.0
  ntdb_get_seqnum@NTDB_0.9 1.0
+ ntdb_has_expansion_lock@NTDB_1.0 1.0-9
+ ntdb_has_hash_locks@NTDB_1.0 1.0-9
+ ntdb_has_open_lock@NTDB_1.0 1.0-9
+ ntdb_hash@NTDB_1.0 1.0-9
+ ntdb_inc_seqnum@NTDB_1.0 1.0-9
+ ntdb_io_init@NTDB_1.0 1.0-9
+ ntdb_jenkins_hash@NTDB_1.0 1.0-9
+ ntdb_lock_and_recover@NTDB_1.0 1.0-9
+ ntdb_lock_cleanup@NTDB_1.0 1.0-9
+ ntdb_lock_expand@NTDB_1.0 1.0-9
+ ntdb_lock_free_bucket@NTDB_1.0 1.0-9
+ ntdb_lock_hash@NTDB_1.0 1.0-9
+ ntdb_lock_open@NTDB_1.0 1.0-9
  ntdb_lockall@NTDB_0.9 1.0
  ntdb_lockall_read@NTDB_0.9 1.0
+ ntdb_logerr@NTDB_1.0 1.0-9
+ ntdb_mmap@NTDB_1.0 1.0-9
+ ntdb_munmap@NTDB_1.0 1.0-9
  ntdb_name@NTDB_0.9 1.0
+ ntdb_needs_recovery@NTDB_1.0 1.0-9
  ntdb_nextkey@NTDB_0.9 1.0
  ntdb_open@NTDB_0.9 1.0
  ntdb_parse_record_@NTDB_0.9 1.0
+ ntdb_read_convert@NTDB_1.0 1.0-9
  ntdb_remove_flag@NTDB_0.9 1.0
  ntdb_repack@NTDB_0.9 1.0
  ntdb_set_attribute@NTDB_0.9 1.0
@@ -32,10 +65,18 @@
  ntdb_summary@NTDB_0.9 1.0
  ntdb_transaction_cancel@NTDB_0.9 1.0
  ntdb_transaction_commit@NTDB_0.9 1.0
+ ntdb_transaction_lock@NTDB_1.0 1.0-9
  ntdb_transaction_prepare_commit@NTDB_0.9 1.0
+ ntdb_transaction_recover@NTDB_1.0 1.0-9
  ntdb_transaction_start@NTDB_0.9 1.0
+ ntdb_transaction_unlock@NTDB_1.0 1.0-9
  ntdb_traverse_@NTDB_0.9 1.0
+ ntdb_unlock_expand@NTDB_1.0 1.0-9
+ ntdb_unlock_free_bucket@NTDB_1.0 1.0-9
+ ntdb_unlock_hash@NTDB_1.0 1.0-9
+ ntdb_unlock_open@NTDB_1.0 1.0-9
  ntdb_unlockall@NTDB_0.9 1.0
  ntdb_unlockall_read@NTDB_0.9 1.0
  ntdb_unset_attribute@NTDB_0.9 1.0
  ntdb_wipe_all@NTDB_0.9 1.0
+ ntdb_write_convert@NTDB_1.0 1.0-9
dh_makeshlibs: failing due to earlier errors
debian/rules:63: recipe for target 'override_dh_makeshlibs' failed
make[1]: *** [override_dh_makeshlibs] Error 2
make[1]: Leaving directory '/<<PKGBUILDDIR>>'
debian/rules:18: recipe for target 'binary-arch' failed
make: *** [binary-arch] Error 2
dpkg-buildpackage: error: fakeroot debian/rules binary-arch gave error exit status 2
--------------------------------------------------------------------------------
Build finished at 2017-07-06T19:41:04Z

Finished
--------


+------------------------------------------------------------------------------+
| Cleanup                                                                      |
+------------------------------------------------------------------------------+

Purging /<<BUILDDIR>>
Not cleaning session: cloned chroot in use
E: Build failure (dpkg-buildpackage died)

+------------------------------------------------------------------------------+
| Summary                                                                      |
+------------------------------------------------------------------------------+

Build Architecture: amd64
Build Type: any
Build-Space: 12400
Build-Time: 41
Distribution: unstable
Fail-Stage: build
Host Architecture: amd64
Install-Time: 13
Job: ntdb_1.0-9
Machine Architecture: amd64
Package: ntdb
Package-Time: 75
Source-Version: 1.0-9
Space: 12400
Status: attempted
Version: 1.0-9
--------------------------------------------------------------------------------
Finished at 2017-07-06T19:41:04Z
Build needed 00:01:15, 12400k disk space
E: Build failure (dpkg-buildpackage died)
DC-Status: Failed 76.024312277s
DC-Time-Estimation: 76.024312277 versus expected 454 (r/m: 4.971773849736628 ; m: 76.024312277)
