DC-Build-Header: sogo 3.2.9-2 / 2017-07-06 15:46:47 +0000
DC-Task: type:rebuild-binarch-only source:sogo version:3.2.9-2 chroot:unstable esttime: logfile:/tmp/sogo_3.2.9-2_unstable_clang3.9.log modes:clang:binarch-only
DC-Sbuild-call: su user42 -c 'sbuild -n --arch-any --apt-update -d unstable -v  --chroot-setup-commands=/tmp/clang sogo_3.2.9-2'
sbuild (Debian sbuild) 0.73.0 (23 Dec 2016) on ip-172-31-38-146.eu-central-1.compute.internal

+==============================================================================+
| sogo 3.2.9-2 (amd64)                         Thu, 06 Jul 2017 15:46:47 +0000 |
+==============================================================================+

Package: sogo
Version: 3.2.9-2
Source Version: 3.2.9-2
Distribution: unstable
Machine Architecture: amd64
Host Architecture: amd64
Build Architecture: amd64
Build Type: any

I: NOTICE: Log filtering will replace 'var/run/schroot/mount/unstable-amd64-sbuild-bf5304f3-7ebb-4a19-8309-90c1465ef2e9' with '<<CHROOT>>'

+------------------------------------------------------------------------------+
| Chroot Setup Commands                                                        |
+------------------------------------------------------------------------------+


/tmp/clang
----------

+ echo 'Entering customization script...'
Entering customization script...
+ CLANG_VERSION=3.9
+ echo 'Install of clang-3.9'
Install of clang-3.9
+ apt-get update
Hit:1 http://127.0.0.1:9999/debian unstable InRelease
Get:2 http://127.0.0.1:9999/debian unstable/main Translation-en [5730 kB]
Fetched 5730 kB in 1s (3829 kB/s)
Reading package lists...
+ apt-get install --yes --no-install-recommends --force-yes clang-3.9
Reading package lists...
Building dependency tree...
Reading state information...
The following additional packages will be installed:
  libbsd0 libclang-common-3.9-dev libclang1-3.9 libedit2 libjsoncpp1
  libllvm3.9 libncurses5 libobjc-6-dev libobjc4
Suggested packages:
  gnustep gnustep-devel clang-3.9-doc
Recommended packages:
  llvm-3.9-dev python libgpm2
The following NEW packages will be installed:
  clang-3.9 libbsd0 libclang-common-3.9-dev libclang1-3.9 libedit2 libjsoncpp1
  libllvm3.9 libncurses5 libobjc-6-dev libobjc4
0 upgraded, 10 newly installed, 0 to remove and 0 not upgraded.
Need to get 57.7 MB of archives.
After this operation, 251 MB of additional disk space will be used.
Get:1 http://127.0.0.1:9999/debian unstable/main amd64 libbsd0 amd64 0.8.5-1 [89.6 kB]
Get:2 http://127.0.0.1:9999/debian unstable/main amd64 libncurses5 amd64 6.0+20161126-1 [93.4 kB]
Get:3 http://127.0.0.1:9999/debian unstable/main amd64 libedit2 amd64 3.1-20170329-1 [85.2 kB]
Get:4 http://127.0.0.1:9999/debian unstable/main amd64 libllvm3.9 amd64 1:3.9.1-10 [11.3 MB]
Get:5 http://127.0.0.1:9999/debian unstable/main amd64 libclang1-3.9 amd64 1:3.9.1-10 [5875 kB]
Get:6 http://127.0.0.1:9999/debian unstable/main amd64 libjsoncpp1 amd64 1.7.4-3 [75.6 kB]
Get:7 http://127.0.0.1:9999/debian unstable/main amd64 libobjc4 amd64 7.1.0-9 [51.0 kB]
Get:8 http://127.0.0.1:9999/debian unstable/main amd64 libobjc-6-dev amd64 6.4.0-1 [197 kB]
Get:9 http://127.0.0.1:9999/debian unstable/main amd64 libclang-common-3.9-dev amd64 1:3.9.1-10 [2573 kB]
Get:10 http://127.0.0.1:9999/debian unstable/main amd64 clang-3.9 amd64 1:3.9.1-10 [37.4 MB]
debconf: delaying package configuration, since apt-utils is not installed
Fetched 57.7 MB in 0s (96.9 MB/s)
Selecting previously unselected package libbsd0:amd64.
(Reading database ... (Reading database ... 5%(Reading database ... 10%(Reading database ... 15%(Reading database ... 20%(Reading database ... 25%(Reading database ... 30%(Reading database ... 35%(Reading database ... 40%(Reading database ... 45%(Reading database ... 50%(Reading database ... 55%(Reading database ... 60%(Reading database ... 65%(Reading database ... 70%(Reading database ... 75%(Reading database ... 80%(Reading database ... 85%(Reading database ... 90%(Reading database ... 95%(Reading database ... 100%(Reading database ... 9711 files and directories currently installed.)
Preparing to unpack .../0-libbsd0_0.8.5-1_amd64.deb ...
Unpacking libbsd0:amd64 (0.8.5-1) ...
Selecting previously unselected package libncurses5:amd64.
Preparing to unpack .../1-libncurses5_6.0+20161126-1_amd64.deb ...
Unpacking libncurses5:amd64 (6.0+20161126-1) ...
Selecting previously unselected package libedit2:amd64.
Preparing to unpack .../2-libedit2_3.1-20170329-1_amd64.deb ...
Unpacking libedit2:amd64 (3.1-20170329-1) ...
Selecting previously unselected package libllvm3.9:amd64.
Preparing to unpack .../3-libllvm3.9_1%3a3.9.1-10_amd64.deb ...
Unpacking libllvm3.9:amd64 (1:3.9.1-10) ...
Selecting previously unselected package libclang1-3.9:amd64.
Preparing to unpack .../4-libclang1-3.9_1%3a3.9.1-10_amd64.deb ...
Unpacking libclang1-3.9:amd64 (1:3.9.1-10) ...
Selecting previously unselected package libjsoncpp1:amd64.
Preparing to unpack .../5-libjsoncpp1_1.7.4-3_amd64.deb ...
Unpacking libjsoncpp1:amd64 (1.7.4-3) ...
Selecting previously unselected package libobjc4:amd64.
Preparing to unpack .../6-libobjc4_7.1.0-9_amd64.deb ...
Unpacking libobjc4:amd64 (7.1.0-9) ...
Selecting previously unselected package libobjc-6-dev:amd64.
Preparing to unpack .../7-libobjc-6-dev_6.4.0-1_amd64.deb ...
Unpacking libobjc-6-dev:amd64 (6.4.0-1) ...
Selecting previously unselected package libclang-common-3.9-dev.
Preparing to unpack .../8-libclang-common-3.9-dev_1%3a3.9.1-10_amd64.deb ...
Unpacking libclang-common-3.9-dev (1:3.9.1-10) ...
Selecting previously unselected package clang-3.9.
Preparing to unpack .../9-clang-3.9_1%3a3.9.1-10_amd64.deb ...
Unpacking clang-3.9 (1:3.9.1-10) ...
Setting up libncurses5:amd64 (6.0+20161126-1) ...
Setting up libobjc4:amd64 (7.1.0-9) ...
Setting up libbsd0:amd64 (0.8.5-1) ...
Processing triggers for libc-bin (2.24-12) ...
Setting up libobjc-6-dev:amd64 (6.4.0-1) ...
Setting up libjsoncpp1:amd64 (1.7.4-3) ...
Setting up libedit2:amd64 (3.1-20170329-1) ...
Setting up libllvm3.9:amd64 (1:3.9.1-10) ...
Setting up libclang-common-3.9-dev (1:3.9.1-10) ...
Setting up libclang1-3.9:amd64 (1:3.9.1-10) ...
Setting up clang-3.9 (1:3.9.1-10) ...
Processing triggers for libc-bin (2.24-12) ...
W: --force-yes is deprecated, use one of the options starting with --allow instead.
+ echo 'Replace gcc, g++ & cpp by clang'
Replace gcc, g++ & cpp by clang
+ VERSIONS='4.6 4.7 4.8 4.9 5 6 7'
+ cd /usr/bin
+ for VERSION in $VERSIONS
+ rm -f g++-4.6 gcc-4.6 cpp-4.6 gcc
+ ln -s clang++-3.9 g++-4.6
+ ln -s clang-3.9 gcc-4.6
+ ln -s clang-3.9 cpp-4.6
+ ln -s clang-3.9 gcc
+ echo 'gcc-4.6 hold'
+ dpkg --set-selections
dpkg: warning: package not in status nor available database at line 1: gcc-4.6
dpkg: warning: found unknown packages; this might mean the available database
is outdated, and needs to be updated through a frontend method;
please see the FAQ <https://wiki.debian.org/Teams/Dpkg/FAQ>
+ echo 'g++-4.6 hold'
+ dpkg --set-selections
dpkg: warning: package not in status nor available database at line 1: g++-4.6
dpkg: warning: found unknown packages; this might mean the available database
is outdated, and needs to be updated through a frontend method;
please see the FAQ <https://wiki.debian.org/Teams/Dpkg/FAQ>
+ for VERSION in $VERSIONS
+ rm -f g++-4.7 gcc-4.7 cpp-4.7 gcc
+ ln -s clang++-3.9 g++-4.7
+ ln -s clang-3.9 gcc-4.7
+ ln -s clang-3.9 cpp-4.7
+ ln -s clang-3.9 gcc
+ echo 'gcc-4.7 hold'
+ dpkg --set-selections
dpkg: warning: package not in status nor available database at line 1: gcc-4.7
dpkg: warning: found unknown packages; this might mean the available database
is outdated, and needs to be updated through a frontend method;
please see the FAQ <https://wiki.debian.org/Teams/Dpkg/FAQ>
+ echo 'g++-4.7 hold'
+ dpkg --set-selections
dpkg: warning: package not in status nor available database at line 1: g++-4.7
dpkg: warning: found unknown packages; this might mean the available database
is outdated, and needs to be updated through a frontend method;
please see the FAQ <https://wiki.debian.org/Teams/Dpkg/FAQ>
+ for VERSION in $VERSIONS
+ rm -f g++-4.8 gcc-4.8 cpp-4.8 gcc
+ ln -s clang++-3.9 g++-4.8
+ ln -s clang-3.9 gcc-4.8
+ ln -s clang-3.9 cpp-4.8
+ ln -s clang-3.9 gcc
+ echo 'gcc-4.8 hold'
+ dpkg --set-selections
dpkg: warning: package not in status nor available database at line 1: gcc-4.8
dpkg: warning: found unknown packages; this might mean the available database
is outdated, and needs to be updated through a frontend method;
please see the FAQ <https://wiki.debian.org/Teams/Dpkg/FAQ>
+ echo 'g++-4.8 hold'
+ dpkg --set-selections
dpkg: warning: package not in status nor available database at line 1: g++-4.8
dpkg: warning: found unknown packages; this might mean the available database
is outdated, and needs to be updated through a frontend method;
please see the FAQ <https://wiki.debian.org/Teams/Dpkg/FAQ>
+ for VERSION in $VERSIONS
+ rm -f g++-4.9 gcc-4.9 cpp-4.9 gcc
+ ln -s clang++-3.9 g++-4.9
+ ln -s clang-3.9 gcc-4.9
+ ln -s clang-3.9 cpp-4.9
+ ln -s clang-3.9 gcc
+ echo 'gcc-4.9 hold'
+ dpkg --set-selections
dpkg: warning: package not in status nor available database at line 1: gcc-4.9
dpkg: warning: found unknown packages; this might mean the available database
is outdated, and needs to be updated through a frontend method;
please see the FAQ <https://wiki.debian.org/Teams/Dpkg/FAQ>
+ echo 'g++-4.9 hold'
+ dpkg --set-selections
dpkg: warning: package not in status nor available database at line 1: g++-4.9
dpkg: warning: found unknown packages; this might mean the available database
is outdated, and needs to be updated through a frontend method;
please see the FAQ <https://wiki.debian.org/Teams/Dpkg/FAQ>
+ for VERSION in $VERSIONS
+ rm -f g++-5 gcc-5 cpp-5 gcc
+ ln -s clang++-3.9 g++-5
+ ln -s clang-3.9 gcc-5
+ ln -s clang-3.9 cpp-5
+ ln -s clang-3.9 gcc
+ echo 'gcc-5 hold'
+ dpkg --set-selections
+ echo 'g++-5 hold'
+ dpkg --set-selections
+ for VERSION in $VERSIONS
+ rm -f g++-6 gcc-6 cpp-6 gcc
+ ln -s clang++-3.9 g++-6
+ ln -s clang-3.9 gcc-6
+ ln -s clang-3.9 cpp-6
+ ln -s clang-3.9 gcc
+ echo 'gcc-6 hold'
+ dpkg --set-selections
+ echo 'g++-6 hold'
+ dpkg --set-selections
+ for VERSION in $VERSIONS
+ rm -f g++-7 gcc-7 cpp-7 gcc
+ ln -s clang++-3.9 g++-7
+ ln -s clang-3.9 gcc-7
+ ln -s clang-3.9 cpp-7
+ ln -s clang-3.9 gcc
+ echo 'gcc-7 hold'
+ dpkg --set-selections
dpkg: warning: package not in status nor available database at line 1: gcc-7
dpkg: warning: found unknown packages; this might mean the available database
is outdated, and needs to be updated through a frontend method;
please see the FAQ <https://wiki.debian.org/Teams/Dpkg/FAQ>
+ echo 'g++-7 hold'
+ dpkg --set-selections
dpkg: warning: package not in status nor available database at line 1: g++-7
dpkg: warning: found unknown packages; this might mean the available database
is outdated, and needs to be updated through a frontend method;
please see the FAQ <https://wiki.debian.org/Teams/Dpkg/FAQ>
+ cd -
/build/sogo-4Aaky4
+ echo 'Check if gcc, g++ & cpp are actually clang'
Check if gcc, g++ & cpp are actually clang
+ gcc --version
+ grep clang
+ cpp --version
+ grep clang
+ g++ --version
+ grep clang

I: Finished running '/tmp/clang'.

Finished processing commands.
--------------------------------------------------------------------------------

+------------------------------------------------------------------------------+
| Update chroot                                                                |
+------------------------------------------------------------------------------+

Hit:1 http://127.0.0.1:9999/debian unstable InRelease
Reading package lists...
Reading package lists...
Building dependency tree...
Reading state information...
Calculating upgrade...
0 upgraded, 0 newly installed, 0 to remove and 0 not upgraded.

+------------------------------------------------------------------------------+
| Fetch source files                                                           |
+------------------------------------------------------------------------------+


Check APT
---------

Checking available source versions...

Download source files with APT
------------------------------

Reading package lists...
NOTICE: 'sogo' packaging is maintained in the 'Git' version control system at:
https://anonscm.debian.org/git/collab-maint/sogo.git
Please use:
git clone https://anonscm.debian.org/git/collab-maint/sogo.git
to retrieve the latest (possibly unreleased) updates to the package.
Need to get 32.6 MB of source archives.
Get:1 http://127.0.0.1:9999/debian unstable/main sogo 3.2.9-2 (dsc) [2138 B]
Get:2 http://127.0.0.1:9999/debian unstable/main sogo 3.2.9-2 (tar) [32.6 MB]
Get:3 http://127.0.0.1:9999/debian unstable/main sogo 3.2.9-2 (diff) [21.9 kB]
Fetched 32.6 MB in 0s (75.9 MB/s)
Download complete and in download only mode
I: NOTICE: Log filtering will replace 'build/sogo-4Aaky4/sogo-3.2.9' with '<<PKGBUILDDIR>>'
I: NOTICE: Log filtering will replace 'build/sogo-4Aaky4' with '<<BUILDDIR>>'

+------------------------------------------------------------------------------+
| Install build-essential                                                      |
+------------------------------------------------------------------------------+


Setup apt archive
-----------------

Merged Build-Depends: build-essential, fakeroot
Filtered Build-Depends: build-essential, fakeroot
dpkg-deb: building package 'sbuild-build-depends-core-dummy' in '/<<BUILDDIR>>/resolver-rrfZbw/apt_archive/sbuild-build-depends-core-dummy.deb'.
dpkg-scanpackages: warning: Packages in archive but missing from override file:
dpkg-scanpackages: warning:   sbuild-build-depends-core-dummy
dpkg-scanpackages: info: Wrote 1 entries to output Packages file.
Ign:1 copy:/<<BUILDDIR>>/resolver-rrfZbw/apt_archive ./ InRelease
Get:2 copy:/<<BUILDDIR>>/resolver-rrfZbw/apt_archive ./ Release [957 B]
Ign:3 copy:/<<BUILDDIR>>/resolver-rrfZbw/apt_archive ./ Release.gpg
Get:4 copy:/<<BUILDDIR>>/resolver-rrfZbw/apt_archive ./ Sources [349 B]
Get:5 copy:/<<BUILDDIR>>/resolver-rrfZbw/apt_archive ./ Packages [432 B]
Fetched 1738 B in 0s (0 B/s)
Reading package lists...
Reading package lists...

Install core build dependencies (apt-based resolver)
----------------------------------------------------

Installing build dependencies
Reading package lists...
Building dependency tree...
Reading state information...
The following NEW packages will be installed:
  sbuild-build-depends-core-dummy
0 upgraded, 1 newly installed, 0 to remove and 0 not upgraded.
Need to get 784 B of archives.
After this operation, 0 B of additional disk space will be used.
Get:1 copy:/<<BUILDDIR>>/resolver-rrfZbw/apt_archive ./ sbuild-build-depends-core-dummy 0.invalid.0 [784 B]
debconf: delaying package configuration, since apt-utils is not installed
Fetched 784 B in 0s (0 B/s)
Selecting previously unselected package sbuild-build-depends-core-dummy.
(Reading database ... 10178 files and directories currently installed.)
Preparing to unpack .../sbuild-build-depends-core-dummy_0.invalid.0_amd64.deb ...
Unpacking sbuild-build-depends-core-dummy (0.invalid.0) ...
Setting up sbuild-build-depends-core-dummy (0.invalid.0) ...

+------------------------------------------------------------------------------+
| Check architectures                                                          |
+------------------------------------------------------------------------------+

Arch check ok (amd64 included in any all)

+------------------------------------------------------------------------------+
| Install package build dependencies                                           |
+------------------------------------------------------------------------------+


Setup apt archive
-----------------

Merged Build-Depends: debhelper (>= 10), gobjc, libcurl4-gnutls-dev, libgnustep-base-dev, libgnutls28-dev, liblasso3-dev, libldap2-dev, libmemcached-dev, libsbjson-dev, libsope-dev (>= 3.2.9), libxml2-dev, python
Filtered Build-Depends: debhelper (>= 10), gobjc, libcurl4-gnutls-dev, libgnustep-base-dev, libgnutls28-dev, liblasso3-dev, libldap2-dev, libmemcached-dev, libsbjson-dev, libsope-dev (>= 3.2.9), libxml2-dev, python
dpkg-deb: building package 'sbuild-build-depends-sogo-dummy' in '/<<BUILDDIR>>/resolver-rrfZbw/apt_archive/sbuild-build-depends-sogo-dummy.deb'.
dpkg-scanpackages: warning: Packages in archive but missing from override file:
dpkg-scanpackages: warning:   sbuild-build-depends-core-dummy sbuild-build-depends-sogo-dummy
dpkg-scanpackages: info: Wrote 2 entries to output Packages file.
Ign:1 copy:/<<BUILDDIR>>/resolver-rrfZbw/apt_archive ./ InRelease
Get:2 copy:/<<BUILDDIR>>/resolver-rrfZbw/apt_archive ./ Release [963 B]
Ign:3 copy:/<<BUILDDIR>>/resolver-rrfZbw/apt_archive ./ Release.gpg
Get:4 copy:/<<BUILDDIR>>/resolver-rrfZbw/apt_archive ./ Sources [564 B]
Get:5 copy:/<<BUILDDIR>>/resolver-rrfZbw/apt_archive ./ Packages [647 B]
Fetched 2174 B in 0s (0 B/s)
Reading package lists...
Reading package lists...

Install sogo build dependencies (apt-based resolver)
----------------------------------------------------

Installing build dependencies
Reading package lists...
Building dependency tree...
Reading state information...
The following additional packages will be installed:
  autoconf automake autopoint autotools-dev bsdmainutils ca-certificates
  debhelper dh-autoreconf dh-python dh-strip-nondeterminism file gettext
  gettext-base gnustep-base-common gnustep-base-runtime gnustep-common
  gnustep-make gobjc gobjc-6 groff-base icu-devtools intltool-debian
  libarchive-zip-perl libavahi-client3 libavahi-common-data libavahi-common3
  libcroco3 libcurl3-gnutls libcurl4-gnutls-dev libdbus-1-3 libelf1 libexpat1
  libfile-stripnondeterminism-perl libgcrypt20-dev libglib2.0-0 libglib2.0-bin
  libglib2.0-data libglib2.0-dev libgmp-dev libgmpxx4ldbl libgnustep-base-dev
  libgnustep-base1.24 libgnutls-dane0 libgnutls-openssl27 libgnutls28-dev
  libgnutlsxx28 libgpg-error-dev libgssapi-krb5-2 libhashkit-dev libhashkit2
  libicu-dev libicu57 libidn2-0-dev libk5crypto3 libkeyutils1 libkrb5-3
  libkrb5support0 liblasso3 liblasso3-dev libldap-2.4-2 libldap-common
  libldap2-dev libmagic-mgc libmagic1 libmariadbclient18 libmemcached-dev
  libmemcached11 libmemcachedutil2 libmpdec2 libnghttp2-14 libnspr4
  libnspr4-dev libnss3 libnss3-dev libp11-kit-dev libpcre16-3 libpcre3-dev
  libpcre32-3 libpcrecpp0v5 libpipeline1 libpq5 libpsl5 libpython-stdlib
  libpython2.7-minimal libpython2.7-stdlib libpython3-stdlib
  libpython3.5-minimal libpython3.5-stdlib libreadline7 librtmp1 libsasl2-2
  libsasl2-dev libsasl2-modules-db libsbjson-dev libsbjson2.3 libsigsegv2
  libsope-dev libsope1 libsqlite3-0 libssh2-1 libssl-dev libssl1.1
  libtasn1-6-dev libtimedate-perl libtool libunbound2 libxml2 libxml2-dev
  libxmlsec1 libxmlsec1-dev libxmlsec1-gcrypt libxmlsec1-gnutls libxmlsec1-nss
  libxmlsec1-openssl libxslt1-dev libxslt1.1 lsb-base m4 man-db mime-support
  mysql-common nettle-dev openssl pkg-config po-debconf python python-minimal
  python2.7 python2.7-minimal python3 python3-minimal python3.5
  python3.5-minimal readline-common zlib1g-dev
Suggested packages:
  autoconf-archive gnu-standards autoconf-doc wamerican | wordlist whois
  vacation dh-make gettext-doc libasprintf-dev libgettextpo-dev
  gnustep-base-doc gnustep-make-doc gobjc-multilib gobjc-6-multilib gcc-6-doc
  libobjc4-dbg groff libcurl4-doc libcurl3-dbg libidn11-dev libkrb5-dev
  librtmp-dev libssh2-1-dev libgcrypt20-doc libglib2.0-doc gmp-doc
  libgmp10-doc libmpfr-dev dns-root-data gnutls-doc gnutls-bin krb5-doc
  krb5-user icu-doc libtool-doc gfortran | fortran95-compiler gcj-jdk m4-doc
  less www-browser libmail-box-perl python-doc python-tk python2.7-doc
  binfmt-support python3-doc python3-tk python3-venv python3.5-venv
  python3.5-doc readline-doc
Recommended packages:
  curl | wget | lynx-cur dbus libarchive-cpio-perl shared-mime-info
  xdg-user-dirs krb5-locales publicsuffix libsasl2-modules libssl-doc
  libtasn1-doc libltdl-dev xml-core libmail-sendmail-perl
The following NEW packages will be installed:
  autoconf automake autopoint autotools-dev bsdmainutils ca-certificates
  debhelper dh-autoreconf dh-python dh-strip-nondeterminism file gettext
  gettext-base gnustep-base-common gnustep-base-runtime gnustep-common
  gnustep-make gobjc gobjc-6 groff-base icu-devtools intltool-debian
  libarchive-zip-perl libavahi-client3 libavahi-common-data libavahi-common3
  libcroco3 libcurl3-gnutls libcurl4-gnutls-dev libdbus-1-3 libelf1 libexpat1
  libfile-stripnondeterminism-perl libgcrypt20-dev libglib2.0-0 libglib2.0-bin
  libglib2.0-data libglib2.0-dev libgmp-dev libgmpxx4ldbl libgnustep-base-dev
  libgnustep-base1.24 libgnutls-dane0 libgnutls-openssl27 libgnutls28-dev
  libgnutlsxx28 libgpg-error-dev libgssapi-krb5-2 libhashkit-dev libhashkit2
  libicu-dev libicu57 libidn2-0-dev libk5crypto3 libkeyutils1 libkrb5-3
  libkrb5support0 liblasso3 liblasso3-dev libldap-2.4-2 libldap-common
  libldap2-dev libmagic-mgc libmagic1 libmariadbclient18 libmemcached-dev
  libmemcached11 libmemcachedutil2 libmpdec2 libnghttp2-14 libnspr4
  libnspr4-dev libnss3 libnss3-dev libp11-kit-dev libpcre16-3 libpcre3-dev
  libpcre32-3 libpcrecpp0v5 libpipeline1 libpq5 libpsl5 libpython-stdlib
  libpython2.7-minimal libpython2.7-stdlib libpython3-stdlib
  libpython3.5-minimal libpython3.5-stdlib libreadline7 librtmp1 libsasl2-2
  libsasl2-dev libsasl2-modules-db libsbjson-dev libsbjson2.3 libsigsegv2
  libsope-dev libsope1 libsqlite3-0 libssh2-1 libssl-dev libssl1.1
  libtasn1-6-dev libtimedate-perl libtool libunbound2 libxml2 libxml2-dev
  libxmlsec1 libxmlsec1-dev libxmlsec1-gcrypt libxmlsec1-gnutls libxmlsec1-nss
  libxmlsec1-openssl libxslt1-dev libxslt1.1 lsb-base m4 man-db mime-support
  mysql-common nettle-dev openssl pkg-config po-debconf python python-minimal
  python2.7 python2.7-minimal python3 python3-minimal python3.5
  python3.5-minimal readline-common sbuild-build-depends-sogo-dummy zlib1g-dev
0 upgraded, 136 newly installed, 0 to remove and 0 not upgraded.
Need to get 84.8 MB of archives.
After this operation, 352 MB of additional disk space will be used.
Get:1 copy:/<<BUILDDIR>>/resolver-rrfZbw/apt_archive ./ sbuild-build-depends-sogo-dummy 0.invalid.0 [862 B]
Get:2 http://127.0.0.1:9999/debian unstable/main amd64 groff-base amd64 1.22.3-9 [1160 kB]
Get:3 http://127.0.0.1:9999/debian unstable/main amd64 bsdmainutils amd64 9.0.12+nmu1 [186 kB]
Get:4 http://127.0.0.1:9999/debian unstable/main amd64 libpipeline1 amd64 1.4.1-2 [27.6 kB]
Get:5 http://127.0.0.1:9999/debian unstable/main amd64 man-db amd64 2.7.6.1-2 [1044 kB]
Get:6 http://127.0.0.1:9999/debian unstable/main amd64 libpython2.7-minimal amd64 2.7.13-2 [389 kB]
Get:7 http://127.0.0.1:9999/debian unstable/main amd64 python2.7-minimal amd64 2.7.13-2 [1383 kB]
Get:8 http://127.0.0.1:9999/debian unstable/main amd64 python-minimal amd64 2.7.13-2 [40.5 kB]
Get:9 http://127.0.0.1:9999/debian unstable/main amd64 mime-support all 3.60 [36.7 kB]
Get:10 http://127.0.0.1:9999/debian unstable/main amd64 libexpat1 amd64 2.2.1-3 [85.6 kB]
Get:11 http://127.0.0.1:9999/debian unstable/main amd64 readline-common all 7.0-3 [70.4 kB]
Get:12 http://127.0.0.1:9999/debian unstable/main amd64 libreadline7 amd64 7.0-3 [151 kB]
Get:13 http://127.0.0.1:9999/debian unstable/main amd64 libsqlite3-0 amd64 3.16.2-5 [572 kB]
Get:14 http://127.0.0.1:9999/debian unstable/main amd64 libssl1.1 amd64 1.1.0f-3 [1342 kB]
Get:15 http://127.0.0.1:9999/debian unstable/main amd64 libpython2.7-stdlib amd64 2.7.13-2 [1895 kB]
Get:16 http://127.0.0.1:9999/debian unstable/main amd64 python2.7 amd64 2.7.13-2 [285 kB]
Get:17 http://127.0.0.1:9999/debian unstable/main amd64 libpython-stdlib amd64 2.7.13-2 [20.0 kB]
Get:18 http://127.0.0.1:9999/debian unstable/main amd64 python amd64 2.7.13-2 [154 kB]
Get:19 http://127.0.0.1:9999/debian unstable/main amd64 libpcrecpp0v5 amd64 2:8.39-3 [151 kB]
Get:20 http://127.0.0.1:9999/debian unstable/main amd64 libpython3.5-minimal amd64 3.5.3-3 [577 kB]
Get:21 http://127.0.0.1:9999/debian unstable/main amd64 python3.5-minimal amd64 3.5.3-3 [1695 kB]
Get:22 http://127.0.0.1:9999/debian unstable/main amd64 python3-minimal amd64 3.5.3-3 [35.4 kB]
Get:23 http://127.0.0.1:9999/debian unstable/main amd64 libmpdec2 amd64 2.4.2-1 [85.2 kB]
Get:24 http://127.0.0.1:9999/debian unstable/main amd64 libpython3.5-stdlib amd64 3.5.3-3 [2170 kB]
Get:25 http://127.0.0.1:9999/debian unstable/main amd64 python3.5 amd64 3.5.3-3 [237 kB]
Get:26 http://127.0.0.1:9999/debian unstable/main amd64 libpython3-stdlib amd64 3.5.3-3 [18.8 kB]
Get:27 http://127.0.0.1:9999/debian unstable/main amd64 dh-python all 2.20170125 [86.8 kB]
Get:28 http://127.0.0.1:9999/debian unstable/main amd64 python3 amd64 3.5.3-3 [21.8 kB]
Get:29 http://127.0.0.1:9999/debian unstable/main amd64 lsb-base all 9.20161125 [27.9 kB]
Get:30 http://127.0.0.1:9999/debian unstable/main amd64 libmagic-mgc amd64 1:5.30-1 [222 kB]
Get:31 http://127.0.0.1:9999/debian unstable/main amd64 libmagic1 amd64 1:5.30-1 [111 kB]
Get:32 http://127.0.0.1:9999/debian unstable/main amd64 file amd64 1:5.30-1 [63.9 kB]
Get:33 http://127.0.0.1:9999/debian unstable/main amd64 gettext-base amd64 0.19.8.1-2+b1 [122 kB]
Get:34 http://127.0.0.1:9999/debian unstable/main amd64 libgnutls-openssl27 amd64 3.5.13-2 [198 kB]
Get:35 http://127.0.0.1:9999/debian unstable/main amd64 libkeyutils1 amd64 1.5.9-9 [12.4 kB]
Get:36 http://127.0.0.1:9999/debian unstable/main amd64 libkrb5support0 amd64 1.15-1 [61.7 kB]
Get:37 http://127.0.0.1:9999/debian unstable/main amd64 libk5crypto3 amd64 1.15-1 [119 kB]
Get:38 http://127.0.0.1:9999/debian unstable/main amd64 libkrb5-3 amd64 1.15-1 [311 kB]
Get:39 http://127.0.0.1:9999/debian unstable/main amd64 libgssapi-krb5-2 amd64 1.15-1 [154 kB]
Get:40 http://127.0.0.1:9999/debian unstable/main amd64 libsasl2-modules-db amd64 2.1.27~101-g0780600+dfsg-3 [68.2 kB]
Get:41 http://127.0.0.1:9999/debian unstable/main amd64 libsasl2-2 amd64 2.1.27~101-g0780600+dfsg-3 [105 kB]
Get:42 http://127.0.0.1:9999/debian unstable/main amd64 libldap-common all 2.4.44+dfsg-7 [85.2 kB]
Get:43 http://127.0.0.1:9999/debian unstable/main amd64 libldap-2.4-2 amd64 2.4.44+dfsg-7 [219 kB]
Get:44 http://127.0.0.1:9999/debian unstable/main amd64 libicu57 amd64 57.1-6 [7701 kB]
Get:45 http://127.0.0.1:9999/debian unstable/main amd64 libxml2 amd64 2.9.4+dfsg1-3 [715 kB]
Get:46 http://127.0.0.1:9999/debian unstable/main amd64 libsigsegv2 amd64 2.11-1 [29.9 kB]
Get:47 http://127.0.0.1:9999/debian unstable/main amd64 m4 amd64 1.4.18-1 [202 kB]
Get:48 http://127.0.0.1:9999/debian unstable/main amd64 autoconf all 2.69-10 [338 kB]
Get:49 http://127.0.0.1:9999/debian unstable/main amd64 autotools-dev all 20161112.1 [73.4 kB]
Get:50 http://127.0.0.1:9999/debian unstable/main amd64 automake all 1:1.15.1-2 [736 kB]
Get:51 http://127.0.0.1:9999/debian unstable/main amd64 autopoint all 0.19.8.1-2 [433 kB]
Get:52 http://127.0.0.1:9999/debian unstable/main amd64 openssl amd64 1.1.0f-3 [725 kB]
Get:53 http://127.0.0.1:9999/debian unstable/main amd64 ca-certificates all 20161130+nmu1 [196 kB]
Get:54 http://127.0.0.1:9999/debian unstable/main amd64 libtool all 2.4.6-2 [545 kB]
Get:55 http://127.0.0.1:9999/debian unstable/main amd64 dh-autoreconf all 14 [15.9 kB]
Get:56 http://127.0.0.1:9999/debian unstable/main amd64 libarchive-zip-perl all 1.59-1 [95.5 kB]
Get:57 http://127.0.0.1:9999/debian unstable/main amd64 libfile-stripnondeterminism-perl all 0.035-2 [17.0 kB]
Get:58 http://127.0.0.1:9999/debian unstable/main amd64 libtimedate-perl all 2.3000-2 [42.2 kB]
Get:59 http://127.0.0.1:9999/debian unstable/main amd64 dh-strip-nondeterminism all 0.035-2 [10.7 kB]
Get:60 http://127.0.0.1:9999/debian unstable/main amd64 libglib2.0-0 amd64 2.52.3-1 [2742 kB]
Get:61 http://127.0.0.1:9999/debian unstable/main amd64 libcroco3 amd64 0.6.12-1 [144 kB]
Get:62 http://127.0.0.1:9999/debian unstable/main amd64 gettext amd64 0.19.8.1-2+b1 [1301 kB]
Get:63 http://127.0.0.1:9999/debian unstable/main amd64 intltool-debian all 0.35.0+20060710.4 [26.3 kB]
Get:64 http://127.0.0.1:9999/debian unstable/main amd64 po-debconf all 1.0.20 [247 kB]
Get:65 http://127.0.0.1:9999/debian unstable/main amd64 debhelper all 10.6.2 [968 kB]
Get:66 http://127.0.0.1:9999/debian unstable/main amd64 gnustep-common amd64 2.6.8-2.1 [115 kB]
Get:67 http://127.0.0.1:9999/debian unstable/main amd64 gnustep-base-common all 1.24.9-3.1 [254 kB]
Get:68 http://127.0.0.1:9999/debian unstable/main amd64 libavahi-common-data amd64 0.6.32-2 [118 kB]
Get:69 http://127.0.0.1:9999/debian unstable/main amd64 libavahi-common3 amd64 0.6.32-2 [52.0 kB]
Get:70 http://127.0.0.1:9999/debian unstable/main amd64 libdbus-1-3 amd64 1.10.20-1 [193 kB]
Get:71 http://127.0.0.1:9999/debian unstable/main amd64 libavahi-client3 amd64 0.6.32-2 [55.3 kB]
Get:72 http://127.0.0.1:9999/debian unstable/main amd64 libxslt1.1 amd64 1.1.29-2.1 [233 kB]
Get:73 http://127.0.0.1:9999/debian unstable/main amd64 libgnustep-base1.24 amd64 1.24.9-3.1 [1276 kB]
Get:74 http://127.0.0.1:9999/debian unstable/main amd64 gnustep-base-runtime amd64 1.24.9-3.1 [190 kB]
Get:75 http://127.0.0.1:9999/debian unstable/main amd64 gobjc-6 amd64 6.4.0-1 [6367 kB]
Get:76 http://127.0.0.1:9999/debian unstable/main amd64 gobjc amd64 4:6.3.0-4d1 [914 B]
Get:77 http://127.0.0.1:9999/debian unstable/main amd64 gnustep-make all 2.6.8-2.1 [229 kB]
Get:78 http://127.0.0.1:9999/debian unstable/main amd64 icu-devtools amd64 57.1-6 [178 kB]
Get:79 http://127.0.0.1:9999/debian unstable/main amd64 libnghttp2-14 amd64 1.24.0-1 [81.6 kB]
Get:80 http://127.0.0.1:9999/debian unstable/main amd64 libpsl5 amd64 0.17.0-4+b1 [43.0 kB]
Get:81 http://127.0.0.1:9999/debian unstable/main amd64 librtmp1 amd64 2.4+20151223.gitfa8646d.1-1+b1 [60.4 kB]
Get:82 http://127.0.0.1:9999/debian unstable/main amd64 libssh2-1 amd64 1.8.0-1 [138 kB]
Get:83 http://127.0.0.1:9999/debian unstable/main amd64 libcurl3-gnutls amd64 7.52.1-5 [289 kB]
Get:84 http://127.0.0.1:9999/debian unstable/main amd64 libcurl4-gnutls-dev amd64 7.52.1-5 [371 kB]
Get:85 http://127.0.0.1:9999/debian unstable/main amd64 libelf1 amd64 0.168-1 [157 kB]
Get:86 http://127.0.0.1:9999/debian unstable/main amd64 libgpg-error-dev amd64 1.27-3 [87.3 kB]
Get:87 http://127.0.0.1:9999/debian unstable/main amd64 libgcrypt20-dev amd64 1.7.8-1 [574 kB]
Get:88 http://127.0.0.1:9999/debian unstable/main amd64 libglib2.0-data all 2.52.3-1 [2577 kB]
Get:89 http://127.0.0.1:9999/debian unstable/main amd64 libglib2.0-bin amd64 2.52.3-1 [1658 kB]
Get:90 http://127.0.0.1:9999/debian unstable/main amd64 libpcre16-3 amd64 2:8.39-3 [258 kB]
Get:91 http://127.0.0.1:9999/debian unstable/main amd64 libpcre32-3 amd64 2:8.39-3 [248 kB]
Get:92 http://127.0.0.1:9999/debian unstable/main amd64 libpcre3-dev amd64 2:8.39-3 [647 kB]
Get:93 http://127.0.0.1:9999/debian unstable/main amd64 pkg-config amd64 0.29-4+b1 [63.3 kB]
Get:94 http://127.0.0.1:9999/debian unstable/main amd64 zlib1g-dev amd64 1:1.2.8.dfsg-5 [205 kB]
Get:95 http://127.0.0.1:9999/debian unstable/main amd64 libglib2.0-dev amd64 2.52.3-1 [3037 kB]
Get:96 http://127.0.0.1:9999/debian unstable/main amd64 libgmpxx4ldbl amd64 2:6.1.2+dfsg-1 [22.2 kB]
Get:97 http://127.0.0.1:9999/debian unstable/main amd64 libgmp-dev amd64 2:6.1.2+dfsg-1 [631 kB]
Get:98 http://127.0.0.1:9999/debian unstable/main amd64 libgnustep-base-dev amd64 1.24.9-3.1 [1665 kB]
Get:99 http://127.0.0.1:9999/debian unstable/main amd64 libunbound2 amd64 1.6.4-1 [363 kB]
Get:100 http://127.0.0.1:9999/debian unstable/main amd64 libgnutls-dane0 amd64 3.5.13-2 [198 kB]
Get:101 http://127.0.0.1:9999/debian unstable/main amd64 libgnutlsxx28 amd64 3.5.13-2 [13.1 kB]
Get:102 http://127.0.0.1:9999/debian unstable/main amd64 nettle-dev amd64 3.3-1+b1 [1041 kB]
Get:103 http://127.0.0.1:9999/debian unstable/main amd64 libtasn1-6-dev amd64 4.12-2 [103 kB]
Get:104 http://127.0.0.1:9999/debian unstable/main amd64 libp11-kit-dev amd64 0.23.7-2 [67.2 kB]
Get:105 http://127.0.0.1:9999/debian unstable/main amd64 libidn2-0-dev amd64 0.16-1+b1 [261 kB]
Get:106 http://127.0.0.1:9999/debian unstable/main amd64 libgnutls28-dev amd64 3.5.13-2 [879 kB]
Get:107 http://127.0.0.1:9999/debian unstable/main amd64 libhashkit2 amd64 1.0.18-4.1 [46.6 kB]
Get:108 http://127.0.0.1:9999/debian unstable/main amd64 libhashkit-dev amd64 1.0.18-4.1 [37.0 kB]
Get:109 http://127.0.0.1:9999/debian unstable/main amd64 libicu-dev amd64 57.1-6 [16.5 MB]
Get:110 http://127.0.0.1:9999/debian unstable/main amd64 libxmlsec1 amd64 1.2.24-3 [148 kB]
Get:111 http://127.0.0.1:9999/debian unstable/main amd64 libxmlsec1-openssl amd64 1.2.24-3 [96.3 kB]
Get:112 http://127.0.0.1:9999/debian unstable/main amd64 liblasso3 amd64 2.5.0-5+b2 [158 kB]
Get:113 http://127.0.0.1:9999/debian unstable/main amd64 libxml2-dev amd64 2.9.4+dfsg1-3 [812 kB]
Get:114 http://127.0.0.1:9999/debian unstable/main amd64 libxmlsec1-gcrypt amd64 1.2.24-3 [64.2 kB]
Get:115 http://127.0.0.1:9999/debian unstable/main amd64 libxmlsec1-gnutls amd64 1.2.24-3 [55.8 kB]
Get:116 http://127.0.0.1:9999/debian unstable/main amd64 libnspr4 amd64 2:4.15-1 [117 kB]
Get:117 http://127.0.0.1:9999/debian unstable/main amd64 libnss3 amd64 2:3.31-1 [1160 kB]
Get:118 http://127.0.0.1:9999/debian unstable/main amd64 libxmlsec1-nss amd64 1.2.24-3 [83.9 kB]
Get:119 http://127.0.0.1:9999/debian unstable/main amd64 libxslt1-dev amd64 1.1.29-2.1 [513 kB]
Get:120 http://127.0.0.1:9999/debian unstable/main amd64 libssl-dev amd64 1.1.0f-3 [1575 kB]
Get:121 http://127.0.0.1:9999/debian unstable/main amd64 libnspr4-dev amd64 2:4.15-1 [217 kB]
Get:122 http://127.0.0.1:9999/debian unstable/main amd64 libnss3-dev amd64 2:3.31-1 [232 kB]
Get:123 http://127.0.0.1:9999/debian unstable/main amd64 libxmlsec1-dev amd64 1.2.24-3 [707 kB]
Get:124 http://127.0.0.1:9999/debian unstable/main amd64 liblasso3-dev amd64 2.5.0-5+b2 [227 kB]
Get:125 http://127.0.0.1:9999/debian unstable/main amd64 libldap2-dev amd64 2.4.44+dfsg-7 [327 kB]
Get:126 http://127.0.0.1:9999/debian unstable/main amd64 mysql-common all 5.8+1.0.2 [5608 B]
Get:127 http://127.0.0.1:9999/debian unstable/main amd64 libmariadbclient18 amd64 10.1.24-6 [775 kB]
Get:128 http://127.0.0.1:9999/debian unstable/main amd64 libmemcached11 amd64 1.0.18-4.1 [93.7 kB]
Get:129 http://127.0.0.1:9999/debian unstable/main amd64 libmemcachedutil2 amd64 1.0.18-4.1 [22.3 kB]
Get:130 http://127.0.0.1:9999/debian unstable/main amd64 libsasl2-dev amd64 2.1.27~101-g0780600+dfsg-3 [310 kB]
Get:131 http://127.0.0.1:9999/debian unstable/main amd64 libmemcached-dev amd64 1.0.18-4.1 [251 kB]
Get:132 http://127.0.0.1:9999/debian unstable/main amd64 libpq5 amd64 9.6.3-3 [129 kB]
Get:133 http://127.0.0.1:9999/debian unstable/main amd64 libsbjson2.3 amd64 2.3.2-3 [15.3 kB]
Get:134 http://127.0.0.1:9999/debian unstable/main amd64 libsbjson-dev amd64 2.3.2-3 [5562 B]
Get:135 http://127.0.0.1:9999/debian unstable/main amd64 libsope1 amd64 3.2.9-2 [1754 kB]
Get:136 http://127.0.0.1:9999/debian unstable/main amd64 libsope-dev amd64 3.2.9-2 [243 kB]
debconf: delaying package configuration, since apt-utils is not installed
Fetched 84.8 MB in 1s (74.8 MB/s)
Selecting previously unselected package groff-base.
(Reading database ... 10178 files and directories currently installed.)
Preparing to unpack .../00-groff-base_1.22.3-9_amd64.deb ...
Unpacking groff-base (1.22.3-9) ...
Selecting previously unselected package bsdmainutils.
Preparing to unpack .../01-bsdmainutils_9.0.12+nmu1_amd64.deb ...
Unpacking bsdmainutils (9.0.12+nmu1) ...
Selecting previously unselected package libpipeline1:amd64.
Preparing to unpack .../02-libpipeline1_1.4.1-2_amd64.deb ...
Unpacking libpipeline1:amd64 (1.4.1-2) ...
Selecting previously unselected package man-db.
Preparing to unpack .../03-man-db_2.7.6.1-2_amd64.deb ...
Unpacking man-db (2.7.6.1-2) ...
Selecting previously unselected package libpython2.7-minimal:amd64.
Preparing to unpack .../04-libpython2.7-minimal_2.7.13-2_amd64.deb ...
Unpacking libpython2.7-minimal:amd64 (2.7.13-2) ...
Selecting previously unselected package python2.7-minimal.
Preparing to unpack .../05-python2.7-minimal_2.7.13-2_amd64.deb ...
Unpacking python2.7-minimal (2.7.13-2) ...
Selecting previously unselected package python-minimal.
Preparing to unpack .../06-python-minimal_2.7.13-2_amd64.deb ...
Unpacking python-minimal (2.7.13-2) ...
Selecting previously unselected package mime-support.
Preparing to unpack .../07-mime-support_3.60_all.deb ...
Unpacking mime-support (3.60) ...
Selecting previously unselected package libexpat1:amd64.
Preparing to unpack .../08-libexpat1_2.2.1-3_amd64.deb ...
Unpacking libexpat1:amd64 (2.2.1-3) ...
Selecting previously unselected package readline-common.
Preparing to unpack .../09-readline-common_7.0-3_all.deb ...
Unpacking readline-common (7.0-3) ...
Selecting previously unselected package libreadline7:amd64.
Preparing to unpack .../10-libreadline7_7.0-3_amd64.deb ...
Unpacking libreadline7:amd64 (7.0-3) ...
Selecting previously unselected package libsqlite3-0:amd64.
Preparing to unpack .../11-libsqlite3-0_3.16.2-5_amd64.deb ...
Unpacking libsqlite3-0:amd64 (3.16.2-5) ...
Selecting previously unselected package libssl1.1:amd64.
Preparing to unpack .../12-libssl1.1_1.1.0f-3_amd64.deb ...
Unpacking libssl1.1:amd64 (1.1.0f-3) ...
Selecting previously unselected package libpython2.7-stdlib:amd64.
Preparing to unpack .../13-libpython2.7-stdlib_2.7.13-2_amd64.deb ...
Unpacking libpython2.7-stdlib:amd64 (2.7.13-2) ...
Selecting previously unselected package python2.7.
Preparing to unpack .../14-python2.7_2.7.13-2_amd64.deb ...
Unpacking python2.7 (2.7.13-2) ...
Selecting previously unselected package libpython-stdlib:amd64.
Preparing to unpack .../15-libpython-stdlib_2.7.13-2_amd64.deb ...
Unpacking libpython-stdlib:amd64 (2.7.13-2) ...
Setting up libpython2.7-minimal:amd64 (2.7.13-2) ...
Setting up python2.7-minimal (2.7.13-2) ...
Setting up python-minimal (2.7.13-2) ...
Selecting previously unselected package python.
(Reading database ... 11558 files and directories currently installed.)
Preparing to unpack .../0-python_2.7.13-2_amd64.deb ...
Unpacking python (2.7.13-2) ...
Selecting previously unselected package libpcrecpp0v5:amd64.
Preparing to unpack .../1-libpcrecpp0v5_2%3a8.39-3_amd64.deb ...
Unpacking libpcrecpp0v5:amd64 (2:8.39-3) ...
Selecting previously unselected package libpython3.5-minimal:amd64.
Preparing to unpack .../2-libpython3.5-minimal_3.5.3-3_amd64.deb ...
Unpacking libpython3.5-minimal:amd64 (3.5.3-3) ...
Selecting previously unselected package python3.5-minimal.
Preparing to unpack .../3-python3.5-minimal_3.5.3-3_amd64.deb ...
Unpacking python3.5-minimal (3.5.3-3) ...
Selecting previously unselected package python3-minimal.
Preparing to unpack .../4-python3-minimal_3.5.3-3_amd64.deb ...
Unpacking python3-minimal (3.5.3-3) ...
Selecting previously unselected package libmpdec2:amd64.
Preparing to unpack .../5-libmpdec2_2.4.2-1_amd64.deb ...
Unpacking libmpdec2:amd64 (2.4.2-1) ...
Selecting previously unselected package libpython3.5-stdlib:amd64.
Preparing to unpack .../6-libpython3.5-stdlib_3.5.3-3_amd64.deb ...
Unpacking libpython3.5-stdlib:amd64 (3.5.3-3) ...
Selecting previously unselected package python3.5.
Preparing to unpack .../7-python3.5_3.5.3-3_amd64.deb ...
Unpacking python3.5 (3.5.3-3) ...
Selecting previously unselected package libpython3-stdlib:amd64.
Preparing to unpack .../8-libpython3-stdlib_3.5.3-3_amd64.deb ...
Unpacking libpython3-stdlib:amd64 (3.5.3-3) ...
Selecting previously unselected package dh-python.
Preparing to unpack .../9-dh-python_2.20170125_all.deb ...
Unpacking dh-python (2.20170125) ...
Setting up libssl1.1:amd64 (1.1.0f-3) ...
Setting up libpython3.5-minimal:amd64 (3.5.3-3) ...
Setting up libexpat1:amd64 (2.2.1-3) ...
Setting up python3.5-minimal (3.5.3-3) ...
Setting up python3-minimal (3.5.3-3) ...
Selecting previously unselected package python3.
(Reading database ... 12543 files and directories currently installed.)
Preparing to unpack .../000-python3_3.5.3-3_amd64.deb ...
Unpacking python3 (3.5.3-3) ...
Selecting previously unselected package lsb-base.
Preparing to unpack .../001-lsb-base_9.20161125_all.deb ...
Unpacking lsb-base (9.20161125) ...
Selecting previously unselected package libmagic-mgc.
Preparing to unpack .../002-libmagic-mgc_1%3a5.30-1_amd64.deb ...
Unpacking libmagic-mgc (1:5.30-1) ...
Selecting previously unselected package libmagic1:amd64.
Preparing to unpack .../003-libmagic1_1%3a5.30-1_amd64.deb ...
Unpacking libmagic1:amd64 (1:5.30-1) ...
Selecting previously unselected package file.
Preparing to unpack .../004-file_1%3a5.30-1_amd64.deb ...
Unpacking file (1:5.30-1) ...
Selecting previously unselected package gettext-base.
Preparing to unpack .../005-gettext-base_0.19.8.1-2+b1_amd64.deb ...
Unpacking gettext-base (0.19.8.1-2+b1) ...
Selecting previously unselected package libgnutls-openssl27:amd64.
Preparing to unpack .../006-libgnutls-openssl27_3.5.13-2_amd64.deb ...
Unpacking libgnutls-openssl27:amd64 (3.5.13-2) ...
Selecting previously unselected package libkeyutils1:amd64.
Preparing to unpack .../007-libkeyutils1_1.5.9-9_amd64.deb ...
Unpacking libkeyutils1:amd64 (1.5.9-9) ...
Selecting previously unselected package libkrb5support0:amd64.
Preparing to unpack .../008-libkrb5support0_1.15-1_amd64.deb ...
Unpacking libkrb5support0:amd64 (1.15-1) ...
Selecting previously unselected package libk5crypto3:amd64.
Preparing to unpack .../009-libk5crypto3_1.15-1_amd64.deb ...
Unpacking libk5crypto3:amd64 (1.15-1) ...
Selecting previously unselected package libkrb5-3:amd64.
Preparing to unpack .../010-libkrb5-3_1.15-1_amd64.deb ...
Unpacking libkrb5-3:amd64 (1.15-1) ...
Selecting previously unselected package libgssapi-krb5-2:amd64.
Preparing to unpack .../011-libgssapi-krb5-2_1.15-1_amd64.deb ...
Unpacking libgssapi-krb5-2:amd64 (1.15-1) ...
Selecting previously unselected package libsasl2-modules-db:amd64.
Preparing to unpack .../012-libsasl2-modules-db_2.1.27~101-g0780600+dfsg-3_amd64.deb ...
Unpacking libsasl2-modules-db:amd64 (2.1.27~101-g0780600+dfsg-3) ...
Selecting previously unselected package libsasl2-2:amd64.
Preparing to unpack .../013-libsasl2-2_2.1.27~101-g0780600+dfsg-3_amd64.deb ...
Unpacking libsasl2-2:amd64 (2.1.27~101-g0780600+dfsg-3) ...
Selecting previously unselected package libldap-common.
Preparing to unpack .../014-libldap-common_2.4.44+dfsg-7_all.deb ...
Unpacking libldap-common (2.4.44+dfsg-7) ...
Selecting previously unselected package libldap-2.4-2:amd64.
Preparing to unpack .../015-libldap-2.4-2_2.4.44+dfsg-7_amd64.deb ...
Unpacking libldap-2.4-2:amd64 (2.4.44+dfsg-7) ...
Selecting previously unselected package libicu57:amd64.
Preparing to unpack .../016-libicu57_57.1-6_amd64.deb ...
Unpacking libicu57:amd64 (57.1-6) ...
Selecting previously unselected package libxml2:amd64.
Preparing to unpack .../017-libxml2_2.9.4+dfsg1-3_amd64.deb ...
Unpacking libxml2:amd64 (2.9.4+dfsg1-3) ...
Selecting previously unselected package libsigsegv2:amd64.
Preparing to unpack .../018-libsigsegv2_2.11-1_amd64.deb ...
Unpacking libsigsegv2:amd64 (2.11-1) ...
Selecting previously unselected package m4.
Preparing to unpack .../019-m4_1.4.18-1_amd64.deb ...
Unpacking m4 (1.4.18-1) ...
Selecting previously unselected package autoconf.
Preparing to unpack .../020-autoconf_2.69-10_all.deb ...
Unpacking autoconf (2.69-10) ...
Selecting previously unselected package autotools-dev.
Preparing to unpack .../021-autotools-dev_20161112.1_all.deb ...
Unpacking autotools-dev (20161112.1) ...
Selecting previously unselected package automake.
Preparing to unpack .../022-automake_1%3a1.15.1-2_all.deb ...
Unpacking automake (1:1.15.1-2) ...
Selecting previously unselected package autopoint.
Preparing to unpack .../023-autopoint_0.19.8.1-2_all.deb ...
Unpacking autopoint (0.19.8.1-2) ...
Selecting previously unselected package openssl.
Preparing to unpack .../024-openssl_1.1.0f-3_amd64.deb ...
Unpacking openssl (1.1.0f-3) ...
Selecting previously unselected package ca-certificates.
Preparing to unpack .../025-ca-certificates_20161130+nmu1_all.deb ...
Unpacking ca-certificates (20161130+nmu1) ...
Selecting previously unselected package libtool.
Preparing to unpack .../026-libtool_2.4.6-2_all.deb ...
Unpacking libtool (2.4.6-2) ...
Selecting previously unselected package dh-autoreconf.
Preparing to unpack .../027-dh-autoreconf_14_all.deb ...
Unpacking dh-autoreconf (14) ...
Selecting previously unselected package libarchive-zip-perl.
Preparing to unpack .../028-libarchive-zip-perl_1.59-1_all.deb ...
Unpacking libarchive-zip-perl (1.59-1) ...
Selecting previously unselected package libfile-stripnondeterminism-perl.
Preparing to unpack .../029-libfile-stripnondeterminism-perl_0.035-2_all.deb ...
Unpacking libfile-stripnondeterminism-perl (0.035-2) ...
Selecting previously unselected package libtimedate-perl.
Preparing to unpack .../030-libtimedate-perl_2.3000-2_all.deb ...
Unpacking libtimedate-perl (2.3000-2) ...
Selecting previously unselected package dh-strip-nondeterminism.
Preparing to unpack .../031-dh-strip-nondeterminism_0.035-2_all.deb ...
Unpacking dh-strip-nondeterminism (0.035-2) ...
Selecting previously unselected package libglib2.0-0:amd64.
Preparing to unpack .../032-libglib2.0-0_2.52.3-1_amd64.deb ...
Unpacking libglib2.0-0:amd64 (2.52.3-1) ...
Selecting previously unselected package libcroco3:amd64.
Preparing to unpack .../033-libcroco3_0.6.12-1_amd64.deb ...
Unpacking libcroco3:amd64 (0.6.12-1) ...
Selecting previously unselected package gettext.
Preparing to unpack .../034-gettext_0.19.8.1-2+b1_amd64.deb ...
Unpacking gettext (0.19.8.1-2+b1) ...
Selecting previously unselected package intltool-debian.
Preparing to unpack .../035-intltool-debian_0.35.0+20060710.4_all.deb ...
Unpacking intltool-debian (0.35.0+20060710.4) ...
Selecting previously unselected package po-debconf.
Preparing to unpack .../036-po-debconf_1.0.20_all.deb ...
Unpacking po-debconf (1.0.20) ...
Selecting previously unselected package debhelper.
Preparing to unpack .../037-debhelper_10.6.2_all.deb ...
Unpacking debhelper (10.6.2) ...
Selecting previously unselected package gnustep-common.
Preparing to unpack .../038-gnustep-common_2.6.8-2.1_amd64.deb ...
Unpacking gnustep-common (2.6.8-2.1) ...
Selecting previously unselected package gnustep-base-common.
Preparing to unpack .../039-gnustep-base-common_1.24.9-3.1_all.deb ...
Unpacking gnustep-base-common (1.24.9-3.1) ...
Selecting previously unselected package libavahi-common-data:amd64.
Preparing to unpack .../040-libavahi-common-data_0.6.32-2_amd64.deb ...
Unpacking libavahi-common-data:amd64 (0.6.32-2) ...
Selecting previously unselected package libavahi-common3:amd64.
Preparing to unpack .../041-libavahi-common3_0.6.32-2_amd64.deb ...
Unpacking libavahi-common3:amd64 (0.6.32-2) ...
Selecting previously unselected package libdbus-1-3:amd64.
Preparing to unpack .../042-libdbus-1-3_1.10.20-1_amd64.deb ...
Unpacking libdbus-1-3:amd64 (1.10.20-1) ...
Selecting previously unselected package libavahi-client3:amd64.
Preparing to unpack .../043-libavahi-client3_0.6.32-2_amd64.deb ...
Unpacking libavahi-client3:amd64 (0.6.32-2) ...
Selecting previously unselected package libxslt1.1:amd64.
Preparing to unpack .../044-libxslt1.1_1.1.29-2.1_amd64.deb ...
Unpacking libxslt1.1:amd64 (1.1.29-2.1) ...
Selecting previously unselected package libgnustep-base1.24.
Preparing to unpack .../045-libgnustep-base1.24_1.24.9-3.1_amd64.deb ...
Unpacking libgnustep-base1.24 (1.24.9-3.1) ...
Selecting previously unselected package gnustep-base-runtime.
Preparing to unpack .../046-gnustep-base-runtime_1.24.9-3.1_amd64.deb ...
Unpacking gnustep-base-runtime (1.24.9-3.1) ...
Selecting previously unselected package gobjc-6.
Preparing to unpack .../047-gobjc-6_6.4.0-1_amd64.deb ...
Unpacking gobjc-6 (6.4.0-1) ...
Selecting previously unselected package gobjc.
Preparing to unpack .../048-gobjc_4%3a6.3.0-4d1_amd64.deb ...
Unpacking gobjc (4:6.3.0-4d1) ...
Selecting previously unselected package gnustep-make.
Preparing to unpack .../049-gnustep-make_2.6.8-2.1_all.deb ...
Unpacking gnustep-make (2.6.8-2.1) ...
Selecting previously unselected package icu-devtools.
Preparing to unpack .../050-icu-devtools_57.1-6_amd64.deb ...
Unpacking icu-devtools (57.1-6) ...
Selecting previously unselected package libnghttp2-14:amd64.
Preparing to unpack .../051-libnghttp2-14_1.24.0-1_amd64.deb ...
Unpacking libnghttp2-14:amd64 (1.24.0-1) ...
Selecting previously unselected package libpsl5:amd64.
Preparing to unpack .../052-libpsl5_0.17.0-4+b1_amd64.deb ...
Unpacking libpsl5:amd64 (0.17.0-4+b1) ...
Selecting previously unselected package librtmp1:amd64.
Preparing to unpack .../053-librtmp1_2.4+20151223.gitfa8646d.1-1+b1_amd64.deb ...
Unpacking librtmp1:amd64 (2.4+20151223.gitfa8646d.1-1+b1) ...
Selecting previously unselected package libssh2-1:amd64.
Preparing to unpack .../054-libssh2-1_1.8.0-1_amd64.deb ...
Unpacking libssh2-1:amd64 (1.8.0-1) ...
Selecting previously unselected package libcurl3-gnutls:amd64.
Preparing to unpack .../055-libcurl3-gnutls_7.52.1-5_amd64.deb ...
Unpacking libcurl3-gnutls:amd64 (7.52.1-5) ...
Selecting previously unselected package libcurl4-gnutls-dev:amd64.
Preparing to unpack .../056-libcurl4-gnutls-dev_7.52.1-5_amd64.deb ...
Unpacking libcurl4-gnutls-dev:amd64 (7.52.1-5) ...
Selecting previously unselected package libelf1:amd64.
Preparing to unpack .../057-libelf1_0.168-1_amd64.deb ...
Unpacking libelf1:amd64 (0.168-1) ...
Selecting previously unselected package libgpg-error-dev.
Preparing to unpack .../058-libgpg-error-dev_1.27-3_amd64.deb ...
Unpacking libgpg-error-dev (1.27-3) ...
Selecting previously unselected package libgcrypt20-dev.
Preparing to unpack .../059-libgcrypt20-dev_1.7.8-1_amd64.deb ...
Unpacking libgcrypt20-dev (1.7.8-1) ...
Selecting previously unselected package libglib2.0-data.
Preparing to unpack .../060-libglib2.0-data_2.52.3-1_all.deb ...
Unpacking libglib2.0-data (2.52.3-1) ...
Selecting previously unselected package libglib2.0-bin.
Preparing to unpack .../061-libglib2.0-bin_2.52.3-1_amd64.deb ...
Unpacking libglib2.0-bin (2.52.3-1) ...
Selecting previously unselected package libpcre16-3:amd64.
Preparing to unpack .../062-libpcre16-3_2%3a8.39-3_amd64.deb ...
Unpacking libpcre16-3:amd64 (2:8.39-3) ...
Selecting previously unselected package libpcre32-3:amd64.
Preparing to unpack .../063-libpcre32-3_2%3a8.39-3_amd64.deb ...
Unpacking libpcre32-3:amd64 (2:8.39-3) ...
Selecting previously unselected package libpcre3-dev:amd64.
Preparing to unpack .../064-libpcre3-dev_2%3a8.39-3_amd64.deb ...
Unpacking libpcre3-dev:amd64 (2:8.39-3) ...
Selecting previously unselected package pkg-config.
Preparing to unpack .../065-pkg-config_0.29-4+b1_amd64.deb ...
Unpacking pkg-config (0.29-4+b1) ...
Selecting previously unselected package zlib1g-dev:amd64.
Preparing to unpack .../066-zlib1g-dev_1%3a1.2.8.dfsg-5_amd64.deb ...
Unpacking zlib1g-dev:amd64 (1:1.2.8.dfsg-5) ...
Selecting previously unselected package libglib2.0-dev.
Preparing to unpack .../067-libglib2.0-dev_2.52.3-1_amd64.deb ...
Unpacking libglib2.0-dev (2.52.3-1) ...
Selecting previously unselected package libgmpxx4ldbl:amd64.
Preparing to unpack .../068-libgmpxx4ldbl_2%3a6.1.2+dfsg-1_amd64.deb ...
Unpacking libgmpxx4ldbl:amd64 (2:6.1.2+dfsg-1) ...
Selecting previously unselected package libgmp-dev:amd64.
Preparing to unpack .../069-libgmp-dev_2%3a6.1.2+dfsg-1_amd64.deb ...
Unpacking libgmp-dev:amd64 (2:6.1.2+dfsg-1) ...
Selecting previously unselected package libgnustep-base-dev.
Preparing to unpack .../070-libgnustep-base-dev_1.24.9-3.1_amd64.deb ...
Unpacking libgnustep-base-dev (1.24.9-3.1) ...
Selecting previously unselected package libunbound2:amd64.
Preparing to unpack .../071-libunbound2_1.6.4-1_amd64.deb ...
Unpacking libunbound2:amd64 (1.6.4-1) ...
Selecting previously unselected package libgnutls-dane0:amd64.
Preparing to unpack .../072-libgnutls-dane0_3.5.13-2_amd64.deb ...
Unpacking libgnutls-dane0:amd64 (3.5.13-2) ...
Selecting previously unselected package libgnutlsxx28:amd64.
Preparing to unpack .../073-libgnutlsxx28_3.5.13-2_amd64.deb ...
Unpacking libgnutlsxx28:amd64 (3.5.13-2) ...
Selecting previously unselected package nettle-dev.
Preparing to unpack .../074-nettle-dev_3.3-1+b1_amd64.deb ...
Unpacking nettle-dev (3.3-1+b1) ...
Selecting previously unselected package libtasn1-6-dev:amd64.
Preparing to unpack .../075-libtasn1-6-dev_4.12-2_amd64.deb ...
Unpacking libtasn1-6-dev:amd64 (4.12-2) ...
Selecting previously unselected package libp11-kit-dev:amd64.
Preparing to unpack .../076-libp11-kit-dev_0.23.7-2_amd64.deb ...
Unpacking libp11-kit-dev:amd64 (0.23.7-2) ...
Selecting previously unselected package libidn2-0-dev.
Preparing to unpack .../077-libidn2-0-dev_0.16-1+b1_amd64.deb ...
Unpacking libidn2-0-dev (0.16-1+b1) ...
Selecting previously unselected package libgnutls28-dev:amd64.
Preparing to unpack .../078-libgnutls28-dev_3.5.13-2_amd64.deb ...
Unpacking libgnutls28-dev:amd64 (3.5.13-2) ...
Selecting previously unselected package libhashkit2:amd64.
Preparing to unpack .../079-libhashkit2_1.0.18-4.1_amd64.deb ...
Unpacking libhashkit2:amd64 (1.0.18-4.1) ...
Selecting previously unselected package libhashkit-dev.
Preparing to unpack .../080-libhashkit-dev_1.0.18-4.1_amd64.deb ...
Unpacking libhashkit-dev (1.0.18-4.1) ...
Selecting previously unselected package libicu-dev.
Preparing to unpack .../081-libicu-dev_57.1-6_amd64.deb ...
Unpacking libicu-dev (57.1-6) ...
Selecting previously unselected package libxmlsec1.
Preparing to unpack .../082-libxmlsec1_1.2.24-3_amd64.deb ...
Unpacking libxmlsec1 (1.2.24-3) ...
Selecting previously unselected package libxmlsec1-openssl.
Preparing to unpack .../083-libxmlsec1-openssl_1.2.24-3_amd64.deb ...
Unpacking libxmlsec1-openssl (1.2.24-3) ...
Selecting previously unselected package liblasso3.
Preparing to unpack .../084-liblasso3_2.5.0-5+b2_amd64.deb ...
Unpacking liblasso3 (2.5.0-5+b2) ...
Selecting previously unselected package libxml2-dev:amd64.
Preparing to unpack .../085-libxml2-dev_2.9.4+dfsg1-3_amd64.deb ...
Unpacking libxml2-dev:amd64 (2.9.4+dfsg1-3) ...
Selecting previously unselected package libxmlsec1-gcrypt.
Preparing to unpack .../086-libxmlsec1-gcrypt_1.2.24-3_amd64.deb ...
Unpacking libxmlsec1-gcrypt (1.2.24-3) ...
Selecting previously unselected package libxmlsec1-gnutls.
Preparing to unpack .../087-libxmlsec1-gnutls_1.2.24-3_amd64.deb ...
Unpacking libxmlsec1-gnutls (1.2.24-3) ...
Selecting previously unselected package libnspr4:amd64.
Preparing to unpack .../088-libnspr4_2%3a4.15-1_amd64.deb ...
Unpacking libnspr4:amd64 (2:4.15-1) ...
Selecting previously unselected package libnss3:amd64.
Preparing to unpack .../089-libnss3_2%3a3.31-1_amd64.deb ...
Unpacking libnss3:amd64 (2:3.31-1) ...
Selecting previously unselected package libxmlsec1-nss.
Preparing to unpack .../090-libxmlsec1-nss_1.2.24-3_amd64.deb ...
Unpacking libxmlsec1-nss (1.2.24-3) ...
Selecting previously unselected package libxslt1-dev:amd64.
Preparing to unpack .../091-libxslt1-dev_1.1.29-2.1_amd64.deb ...
Unpacking libxslt1-dev:amd64 (1.1.29-2.1) ...
Selecting previously unselected package libssl-dev:amd64.
Preparing to unpack .../092-libssl-dev_1.1.0f-3_amd64.deb ...
Unpacking libssl-dev:amd64 (1.1.0f-3) ...
Selecting previously unselected package libnspr4-dev.
Preparing to unpack .../093-libnspr4-dev_2%3a4.15-1_amd64.deb ...
Unpacking libnspr4-dev (2:4.15-1) ...
Selecting previously unselected package libnss3-dev:amd64.
Preparing to unpack .../094-libnss3-dev_2%3a3.31-1_amd64.deb ...
Unpacking libnss3-dev:amd64 (2:3.31-1) ...
Selecting previously unselected package libxmlsec1-dev.
Preparing to unpack .../095-libxmlsec1-dev_1.2.24-3_amd64.deb ...
Unpacking libxmlsec1-dev (1.2.24-3) ...
Selecting previously unselected package liblasso3-dev.
Preparing to unpack .../096-liblasso3-dev_2.5.0-5+b2_amd64.deb ...
Unpacking liblasso3-dev (2.5.0-5+b2) ...
Selecting previously unselected package libldap2-dev:amd64.
Preparing to unpack .../097-libldap2-dev_2.4.44+dfsg-7_amd64.deb ...
Unpacking libldap2-dev:amd64 (2.4.44+dfsg-7) ...
Selecting previously unselected package mysql-common.
Preparing to unpack .../098-mysql-common_5.8+1.0.2_all.deb ...
Unpacking mysql-common (5.8+1.0.2) ...
Selecting previously unselected package libmariadbclient18:amd64.
Preparing to unpack .../099-libmariadbclient18_10.1.24-6_amd64.deb ...
Unpacking libmariadbclient18:amd64 (10.1.24-6) ...
Selecting previously unselected package libmemcached11:amd64.
Preparing to unpack .../100-libmemcached11_1.0.18-4.1_amd64.deb ...
Unpacking libmemcached11:amd64 (1.0.18-4.1) ...
Selecting previously unselected package libmemcachedutil2:amd64.
Preparing to unpack .../101-libmemcachedutil2_1.0.18-4.1_amd64.deb ...
Unpacking libmemcachedutil2:amd64 (1.0.18-4.1) ...
Selecting previously unselected package libsasl2-dev.
Preparing to unpack .../102-libsasl2-dev_2.1.27~101-g0780600+dfsg-3_amd64.deb ...
Unpacking libsasl2-dev (2.1.27~101-g0780600+dfsg-3) ...
Selecting previously unselected package libmemcached-dev.
Preparing to unpack .../103-libmemcached-dev_1.0.18-4.1_amd64.deb ...
Unpacking libmemcached-dev (1.0.18-4.1) ...
Selecting previously unselected package libpq5:amd64.
Preparing to unpack .../104-libpq5_9.6.3-3_amd64.deb ...
Unpacking libpq5:amd64 (9.6.3-3) ...
Selecting previously unselected package libsbjson2.3.
Preparing to unpack .../105-libsbjson2.3_2.3.2-3_amd64.deb ...
Unpacking libsbjson2.3 (2.3.2-3) ...
Selecting previously unselected package libsbjson-dev.
Preparing to unpack .../106-libsbjson-dev_2.3.2-3_amd64.deb ...
Unpacking libsbjson-dev (2.3.2-3) ...
Selecting previously unselected package libsope1.
Preparing to unpack .../107-libsope1_3.2.9-2_amd64.deb ...
Unpacking libsope1 (3.2.9-2) ...
Selecting previously unselected package libsope-dev.
Preparing to unpack .../108-libsope-dev_3.2.9-2_amd64.deb ...
Unpacking libsope-dev (3.2.9-2) ...
Selecting previously unselected package sbuild-build-depends-sogo-dummy.
Preparing to unpack .../109-sbuild-build-depends-sogo-dummy_0.invalid.0_amd64.deb ...
Unpacking sbuild-build-depends-sogo-dummy (0.invalid.0) ...
Setting up readline-common (7.0-3) ...
Setting up libunbound2:amd64 (1.6.4-1) ...
Setting up libarchive-zip-perl (1.59-1) ...
Setting up libnghttp2-14:amd64 (1.24.0-1) ...
Setting up mime-support (3.60) ...
Setting up libtimedate-perl (2.3000-2) ...
Setting up libsigsegv2:amd64 (2.11-1) ...
Setting up libldap-common (2.4.44+dfsg-7) ...
Setting up libreadline7:amd64 (7.0-3) ...
Setting up libpsl5:amd64 (0.17.0-4+b1) ...
Setting up libelf1:amd64 (0.168-1) ...
Setting up libssl-dev:amd64 (1.1.0f-3) ...
Setting up groff-base (1.22.3-9) ...
Setting up libglib2.0-0:amd64 (2.52.3-1) ...
No schema files found: doing nothing.
Setting up mysql-common (5.8+1.0.2) ...
update-alternatives: using /etc/mysql/my.cnf.fallback to provide /etc/mysql/my.cnf (my.cnf) in auto mode
Setting up libgpg-error-dev (1.27-3) ...
Setting up libsasl2-modules-db:amd64 (2.1.27~101-g0780600+dfsg-3) ...
Setting up libsasl2-2:amd64 (2.1.27~101-g0780600+dfsg-3) ...
Setting up libp11-kit-dev:amd64 (0.23.7-2) ...
Setting up gobjc-6 (6.4.0-1) ...
Setting up libtasn1-6-dev:amd64 (4.12-2) ...
Setting up gettext-base (0.19.8.1-2+b1) ...
Setting up gobjc (4:6.3.0-4d1) ...
Setting up libpipeline1:amd64 (1.4.1-2) ...
Setting up libmariadbclient18:amd64 (10.1.24-6) ...
Setting up librtmp1:amd64 (2.4+20151223.gitfa8646d.1-1+b1) ...
Setting up m4 (1.4.18-1) ...
Setting up libmemcached11:amd64 (1.0.18-4.1) ...
Setting up libicu57:amd64 (57.1-6) ...
Setting up libsasl2-dev (2.1.27~101-g0780600+dfsg-3) ...
Setting up gnustep-common (2.6.8-2.1) ...
Setting up libnspr4:amd64 (2:4.15-1) ...
Setting up libxml2:amd64 (2.9.4+dfsg1-3) ...
Setting up libmagic-mgc (1:5.30-1) ...
Setting up libnspr4-dev (2:4.15-1) ...
Setting up libmagic1:amd64 (1:5.30-1) ...
Setting up lsb-base (9.20161125) ...
Setting up libcroco3:amd64 (0.6.12-1) ...
Setting up libxslt1.1:amd64 (1.1.29-2.1) ...
Setting up libhashkit2:amd64 (1.0.18-4.1) ...
Setting up libxmlsec1 (1.2.24-3) ...
Setting up pkg-config (0.29-4+b1) ...
Setting up libssh2-1:amd64 (1.8.0-1) ...
Setting up libglib2.0-data (2.52.3-1) ...
Setting up libgnutlsxx28:amd64 (3.5.13-2) ...
Processing triggers for libc-bin (2.24-12) ...
Setting up libgcrypt20-dev (1.7.8-1) ...
Setting up autotools-dev (20161112.1) ...
Setting up libldap-2.4-2:amd64 (2.4.44+dfsg-7) ...
Setting up libgnutls-dane0:amd64 (3.5.13-2) ...
Setting up gnustep-make (2.6.8-2.1) ...
Setting up libgnutls-openssl27:amd64 (3.5.13-2) ...
Setting up openssl (1.1.0f-3) ...
Setting up libsqlite3-0:amd64 (3.16.2-5) ...
Setting up libpcrecpp0v5:amd64 (2:8.39-3) ...
Setting up libpcre32-3:amd64 (2:8.39-3) ...
Setting up icu-devtools (57.1-6) ...
Setting up libpcre16-3:amd64 (2:8.39-3) ...
Setting up libkeyutils1:amd64 (1.5.9-9) ...
Setting up bsdmainutils (9.0.12+nmu1) ...
update-alternatives: using /usr/bin/bsd-write to provide /usr/bin/write (write) in auto mode
update-alternatives: using /usr/bin/bsd-from to provide /usr/bin/from (from) in auto mode
Setting up libgmpxx4ldbl:amd64 (2:6.1.2+dfsg-1) ...
Setting up ca-certificates (20161130+nmu1) ...
Updating certificates in /etc/ssl/certs...
166 added, 0 removed; done.
Setting up libglib2.0-bin (2.52.3-1) ...
Setting up libidn2-0-dev (0.16-1+b1) ...
Setting up libpython2.7-stdlib:amd64 (2.7.13-2) ...
Setting up autopoint (0.19.8.1-2) ...
Setting up libmpdec2:amd64 (2.4.2-1) ...
Setting up libdbus-1-3:amd64 (1.10.20-1) ...
Setting up libavahi-common-data:amd64 (0.6.32-2) ...
Setting up zlib1g-dev:amd64 (1:1.2.8.dfsg-5) ...
Setting up libfile-stripnondeterminism-perl (0.035-2) ...
Setting up libxmlsec1-gcrypt (1.2.24-3) ...
Setting up libldap2-dev:amd64 (2.4.44+dfsg-7) ...
Setting up libgmp-dev:amd64 (2:6.1.2+dfsg-1) ...
Setting up gnustep-base-common (1.24.9-3.1) ...
Setting up libpcre3-dev:amd64 (2:8.39-3) ...
Setting up libxmlsec1-openssl (1.2.24-3) ...
Setting up liblasso3 (2.5.0-5+b2) ...
Setting up gettext (0.19.8.1-2+b1) ...
Setting up libmemcachedutil2:amd64 (1.0.18-4.1) ...
Setting up libhashkit-dev (1.0.18-4.1) ...
Setting up libpython3.5-stdlib:amd64 (3.5.3-3) ...
Setting up python2.7 (2.7.13-2) ...
Setting up libnss3:amd64 (2:3.31-1) ...
Setting up autoconf (2.69-10) ...
Setting up libicu-dev (57.1-6) ...
Setting up libxmlsec1-gnutls (1.2.24-3) ...
Setting up libnss3-dev:amd64 (2:3.31-1) ...
Setting up file (1:5.30-1) ...
Setting up libkrb5support0:amd64 (1.15-1) ...
Setting up libxml2-dev:amd64 (2.9.4+dfsg1-3) ...
Setting up libpython-stdlib:amd64 (2.7.13-2) ...
Setting up intltool-debian (0.35.0+20060710.4) ...
Setting up libmemcached-dev (1.0.18-4.1) ...
Setting up automake (1:1.15.1-2) ...
update-alternatives: using /usr/bin/automake-1.15 to provide /usr/bin/automake (automake) in auto mode
Setting up man-db (2.7.6.1-2) ...
Not building database; man-db/auto-update is not 'true'.
Setting up nettle-dev (3.3-1+b1) ...
Setting up libavahi-common3:amd64 (0.6.32-2) ...
Setting up libxmlsec1-nss (1.2.24-3) ...
Setting up python (2.7.13-2) ...
Setting up libxslt1-dev:amd64 (1.1.29-2.1) ...
Setting up libtool (2.4.6-2) ...
Setting up python3.5 (3.5.3-3) ...
Setting up libpython3-stdlib:amd64 (3.5.3-3) ...
Setting up libk5crypto3:amd64 (1.15-1) ...
Setting up po-debconf (1.0.20) ...
Setting up libgnutls28-dev:amd64 (3.5.13-2) ...
Setting up libavahi-client3:amd64 (0.6.32-2) ...
Setting up libkrb5-3:amd64 (1.15-1) ...
Setting up libxmlsec1-dev (1.2.24-3) ...
Setting up libgssapi-krb5-2:amd64 (1.15-1) ...
Setting up libgnustep-base1.24 (1.24.9-3.1) ...
Setting up libpq5:amd64 (9.6.3-3) ...
Setting up libsbjson2.3 (2.3.2-3) ...
Setting up gnustep-base-runtime (1.24.9-3.1) ...
invoke-rc.d: could not determine current runlevel
All runlevel operations denied by policy
invoke-rc.d: policy-rc.d denied execution of start.
Setting up libgnustep-base-dev (1.24.9-3.1) ...
Setting up libcurl3-gnutls:amd64 (7.52.1-5) ...
Setting up libsope1 (3.2.9-2) ...
Setting up libsope-dev (3.2.9-2) ...
Setting up libsbjson-dev (2.3.2-3) ...
Setting up libcurl4-gnutls-dev:amd64 (7.52.1-5) ...
Setting up python3 (3.5.3-3) ...
Setting up libglib2.0-dev (2.52.3-1) ...
Setting up dh-strip-nondeterminism (0.035-2) ...
Setting up liblasso3-dev (2.5.0-5+b2) ...
Setting up dh-python (2.20170125) ...
Setting up debhelper (10.6.2) ...
Setting up dh-autoreconf (14) ...
Setting up sbuild-build-depends-sogo-dummy (0.invalid.0) ...
Processing triggers for libc-bin (2.24-12) ...
Processing triggers for ca-certificates (20161130+nmu1) ...
Updating certificates in /etc/ssl/certs...
0 added, 0 removed; done.
Running hooks in /etc/ca-certificates/update.d...
done.

+------------------------------------------------------------------------------+
| Build environment                                                            |
+------------------------------------------------------------------------------+

Kernel: Linux 4.9.0-2-amd64 amd64 (x86_64)
Toolchain package versions: binutils_2.28-6 dpkg-dev_1.18.24 g++-6_6.4.0-1 gcc-6_6.4.0-1 libc6-dev_2.24-12 libstdc++-6-dev_6.4.0-1 libstdc++6_7.1.0-9 linux-libc-dev_4.11.6-1
Package versions: adduser_3.115 apt_1.5~beta1 autoconf_2.69-10 automake_1:1.15.1-2 autopoint_0.19.8.1-2 autotools-dev_20161112.1 base-files_10 base-passwd_3.5.43 bash_4.4-5 binutils_2.28-6 bsdmainutils_9.0.12+nmu1 bsdutils_1:2.29.2-1 build-essential_12.3 bzip2_1.0.6-8.1 ca-certificates_20161130+nmu1 clang-3.9_1:3.9.1-10 coreutils_8.26-3 cpp_4:6.3.0-4d1 cpp-6_6.4.0-1 dash_0.5.8-2.4 debconf_1.5.62 debfoster_2.7-2.1+b1 debhelper_10.6.2 debian-archive-keyring_2017.5 debianutils_4.8.1.1 dh-autoreconf_14 dh-python_2.20170125 dh-strip-nondeterminism_0.035-2 diffutils_1:3.5-3 dpkg_1.18.24 dpkg-dev_1.18.24 e2fslibs_1.43.4-2 e2fsprogs_1.43.4-2 eatmydata_105-5 fakeroot_1.21-3.1 file_1:5.30-1 findutils_4.6.0+git+20170606-2 g++_4:6.3.0-4d1 g++-6_6.4.0-1 gcc_4:6.3.0-4d1 gcc-6_6.4.0-1 gcc-6-base_6.4.0-1 gcc-7-base_7.1.0-9 gettext_0.19.8.1-2+b1 gettext-base_0.19.8.1-2+b1 gnustep-base-common_1.24.9-3.1 gnustep-base-runtime_1.24.9-3.1 gnustep-common_2.6.8-2.1 gnustep-make_2.6.8-2.1 gobjc_4:6.3.0-4d1 gobjc-6_6.4.0-1 gpgv_2.1.18-8 grep_2.27-2 groff-base_1.22.3-9 gzip_1.6-5+b1 hostname_3.18+b1 icu-devtools_57.1-6 init-system-helpers_1.48 intltool-debian_0.35.0+20060710.4 libacl1_2.2.52-3+b1 libapt-pkg5.0_1.5~beta1 libarchive-zip-perl_1.59-1 libasan3_6.4.0-1 libatomic1_7.1.0-9 libattr1_1:2.4.47-2+b2 libaudit-common_1:2.7.7-1 libaudit1_1:2.7.7-1+b1 libavahi-client3_0.6.32-2 libavahi-common-data_0.6.32-2 libavahi-common3_0.6.32-2 libblkid1_2.29.2-1 libbsd0_0.8.5-1 libbz2-1.0_1.0.6-8.1 libc-bin_2.24-12 libc-dev-bin_2.24-12 libc6_2.24-12 libc6-dev_2.24-12 libcap-ng0_0.7.7-3+b1 libcc1-0_7.1.0-9 libcilkrts5_7.1.0-9 libclang-common-3.9-dev_1:3.9.1-10 libclang1-3.9_1:3.9.1-10 libcomerr2_1.43.4-2 libcroco3_0.6.12-1 libcurl3-gnutls_7.52.1-5 libcurl4-gnutls-dev_7.52.1-5 libdb5.3_5.3.28-12+b1 libdbus-1-3_1.10.20-1 libdebconfclient0_0.229 libdpkg-perl_1.18.24 libeatmydata1_105-5 libedit2_3.1-20170329-1 libelf1_0.168-1 libexpat1_2.2.1-3 libfakeroot_1.21-3.1 libfdisk1_2.29.2-1 libffi6_3.2.1-6 libfile-stripnondeterminism-perl_0.035-2 libgc1c2_1:7.4.2-8 libgcc-6-dev_6.4.0-1 libgcc1_1:7.1.0-9 libgcrypt20_1.7.8-1 libgcrypt20-dev_1.7.8-1 libgdbm3_1.8.3-14 libglib2.0-0_2.52.3-1 libglib2.0-bin_2.52.3-1 libglib2.0-data_2.52.3-1 libglib2.0-dev_2.52.3-1 libgmp-dev_2:6.1.2+dfsg-1 libgmp10_2:6.1.2+dfsg-1 libgmpxx4ldbl_2:6.1.2+dfsg-1 libgnustep-base-dev_1.24.9-3.1 libgnustep-base1.24_1.24.9-3.1 libgnutls-dane0_3.5.13-2 libgnutls-openssl27_3.5.13-2 libgnutls28-dev_3.5.13-2 libgnutls30_3.5.13-2 libgnutlsxx28_3.5.13-2 libgomp1_7.1.0-9 libgpg-error-dev_1.27-3 libgpg-error0_1.27-3 libgssapi-krb5-2_1.15-1 libhashkit-dev_1.0.18-4.1 libhashkit2_1.0.18-4.1 libhogweed4_3.3-1+b1 libicu-dev_57.1-6 libicu57_57.1-6 libidn2-0_0.16-1+b1 libidn2-0-dev_0.16-1+b1 libisl15_0.18-1 libitm1_7.1.0-9 libjsoncpp1_1.7.4-3 libk5crypto3_1.15-1 libkeyutils1_1.5.9-9 libkrb5-3_1.15-1 libkrb5support0_1.15-1 liblasso3_2.5.0-5+b2 liblasso3-dev_2.5.0-5+b2 libldap-2.4-2_2.4.44+dfsg-7 libldap-common_2.4.44+dfsg-7 libldap2-dev_2.4.44+dfsg-7 libllvm3.9_1:3.9.1-10 liblsan0_7.1.0-9 liblz4-1_0.0~r131-2+b1 liblzma5_5.2.2-1.2+b1 libmagic-mgc_1:5.30-1 libmagic1_1:5.30-1 libmariadbclient18_10.1.24-6 libmemcached-dev_1.0.18-4.1 libmemcached11_1.0.18-4.1 libmemcachedutil2_1.0.18-4.1 libmount1_2.29.2-1 libmpc3_1.0.3-1+b2 libmpdec2_2.4.2-1 libmpfr4_3.1.5-1 libmpx2_7.1.0-9 libncurses5_6.0+20161126-1 libncursesw5_6.0+20161126-1 libnettle6_3.3-1+b1 libnghttp2-14_1.24.0-1 libnspr4_2:4.15-1 libnspr4-dev_2:4.15-1 libnss3_2:3.31-1 libnss3-dev_2:3.31-1 libobjc-6-dev_6.4.0-1 libobjc4_7.1.0-9 libp11-kit-dev_0.23.7-2 libp11-kit0_0.23.7-2 libpam-modules_1.1.8-3.6 libpam-modules-bin_1.1.8-3.6 libpam-runtime_1.1.8-3.6 libpam0g_1.1.8-3.6 libpcre16-3_2:8.39-3 libpcre3_2:8.39-3 libpcre3-dev_2:8.39-3 libpcre32-3_2:8.39-3 libpcrecpp0v5_2:8.39-3 libperl5.24_5.24.1-6 libpipeline1_1.4.1-2 libpq5_9.6.3-3 libpsl5_0.17.0-4+b1 libpython-stdlib_2.7.13-2 libpython2.7-minimal_2.7.13-2 libpython2.7-stdlib_2.7.13-2 libpython3-stdlib_3.5.3-3 libpython3.5-minimal_3.5.3-3 libpython3.5-stdlib_3.5.3-3 libquadmath0_7.1.0-9 libreadline7_7.0-3 librtmp1_2.4+20151223.gitfa8646d.1-1+b1 libsasl2-2_2.1.27~101-g0780600+dfsg-3 libsasl2-dev_2.1.27~101-g0780600+dfsg-3 libsasl2-modules-db_2.1.27~101-g0780600+dfsg-3 libsbjson-dev_2.3.2-3 libsbjson2.3_2.3.2-3 libselinux1_2.6-3+b2 libsemanage-common_2.6-2 libsemanage1_2.6-2+b1 libsepol1_2.6-2 libsigsegv2_2.11-1 libsmartcols1_2.29.2-1 libsope-dev_3.2.9-2 libsope1_3.2.9-2 libsqlite3-0_3.16.2-5 libss2_1.43.4-2 libssh2-1_1.8.0-1 libssl-dev_1.1.0f-3 libssl1.1_1.1.0f-3 libstdc++-6-dev_6.4.0-1 libstdc++6_7.1.0-9 libsystemd0_233-10 libtasn1-6_4.12-2 libtasn1-6-dev_4.12-2 libtimedate-perl_2.3000-2 libtinfo5_6.0+20161126-1 libtool_2.4.6-2 libtsan0_7.1.0-9 libubsan0_7.1.0-9 libudev1_233-10 libunbound2_1.6.4-1 libunistring2_0.9.7-2 libustr-1.0-1_1.0.4-6 libuuid1_2.29.2-1 libxml2_2.9.4+dfsg1-3 libxml2-dev_2.9.4+dfsg1-3 libxmlsec1_1.2.24-3 libxmlsec1-dev_1.2.24-3 libxmlsec1-gcrypt_1.2.24-3 libxmlsec1-gnutls_1.2.24-3 libxmlsec1-nss_1.2.24-3 libxmlsec1-openssl_1.2.24-3 libxslt1-dev_1.1.29-2.1 libxslt1.1_1.1.29-2.1 linux-libc-dev_4.11.6-1 login_1:4.4-4.1 lsb-base_9.20161125 m4_1.4.18-1 make_4.1-9.1 man-db_2.7.6.1-2 mawk_1.3.3-17+b3 mime-support_3.60 mount_2.29.2-1 multiarch-support_2.24-12 mysql-common_5.8+1.0.2 ncurses-base_6.0+20161126-1 ncurses-bin_6.0+20161126-1 nettle-dev_3.3-1+b1 openssl_1.1.0f-3 passwd_1:4.4-4.1 patch_2.7.5-1+b2 perl_5.24.1-6 perl-base_5.24.1-6 perl-modules-5.24_5.24.1-6 pkg-config_0.29-4+b1 po-debconf_1.0.20 python_2.7.13-2 python-minimal_2.7.13-2 python2.7_2.7.13-2 python2.7-minimal_2.7.13-2 python3_3.5.3-3 python3-minimal_3.5.3-3 python3.5_3.5.3-3 python3.5-minimal_3.5.3-3 readline-common_7.0-3 sbuild-build-depends-core-dummy_0.invalid.0 sbuild-build-depends-sogo-dummy_0.invalid.0 sed_4.4-1 sensible-utils_0.0.9 sysvinit-utils_2.88dsf-59.9 tar_1.29b-1.1 util-linux_2.29.2-1 xz-utils_5.2.2-1.2+b1 zlib1g_1:1.2.8.dfsg-5 zlib1g-dev_1:1.2.8.dfsg-5

+------------------------------------------------------------------------------+
| Build                                                                        |
+------------------------------------------------------------------------------+


Unpack source
-------------

gpgv: unknown type of key resource 'trustedkeys.kbx'
gpgv: keyblock resource '/sbuild-nonexistent/.gnupg/trustedkeys.kbx': General error
gpgv: Signature made Sat Jun 24 01:08:54 2017 UTC
gpgv:                using RSA key E8175486C02929837C286A1625502F6FCBE3CB04
gpgv: Can't check signature: No public key
dpkg-source: warning: failed to verify signature on ./sogo_3.2.9-2.dsc
dpkg-source: info: extracting sogo in /<<PKGBUILDDIR>>
dpkg-source: info: unpacking sogo_3.2.9.orig.tar.gz
dpkg-source: info: unpacking sogo_3.2.9-2.debian.tar.xz
dpkg-source: info: applying 0002-Change-sogo-backup-location-and-update-cronjob.patch
dpkg-source: info: applying 0003-Fix-may-be-used-uninitialized-in-this-function-warni.patch
dpkg-source: info: applying 0005-Remove-build-date.patch
dpkg-source: info: applying 0006-Update-unit-test-expected-failures.patch
dpkg-source: info: applying disable_test_rendering.patch

Check disk space
----------------

Sufficient free space for build

User Environment
----------------

APT_CONFIG=/var/lib/sbuild/apt.conf
HOME=/sbuild-nonexistent
LANG=en_US.UTF-8
LC_ALL=POSIX
LOGNAME=user42
PATH=/usr/local/sbin:/usr/local/bin:/usr/sbin:/usr/bin:/sbin:/bin:/usr/games
SCHROOT_ALIAS_NAME=unstable-amd64-sbuild
SCHROOT_CHROOT_NAME=unstable-amd64-sbuild
SCHROOT_COMMAND=env
SCHROOT_GID=1001
SCHROOT_GROUP=user42
SCHROOT_SESSION_ID=unstable-amd64-sbuild-bf5304f3-7ebb-4a19-8309-90c1465ef2e9
SCHROOT_UID=1001
SCHROOT_USER=user42
SHELL=/bin/sh
USER=user42

dpkg-buildpackage
-----------------

dpkg-buildpackage: info: source package sogo
dpkg-buildpackage: info: source version 3.2.9-2
dpkg-buildpackage: info: source distribution unstable
dpkg-buildpackage: info: source changed by Jordi Mallach <jordi@debian.org>
 dpkg-source --before-build sogo-3.2.9
dpkg-buildpackage: info: host architecture amd64
 fakeroot debian/rules clean
dh clean --parallel
   dh_testdir
   debian/rules override_dh_auto_clean
make[1]: Entering directory '/<<PKGBUILDDIR>>'
[ ! -f config.make ] || /usr/bin/make distclean
rm -f config.make
make[1]: Leaving directory '/<<PKGBUILDDIR>>'
   dh_autoreconf_clean
   dh_clean
	rm -f debian/debhelper-build-stamp
	rm -rf debian/.debhelper/
	rm -f -- debian/sogo.substvars debian/sogo-common.substvars debian/files
	rm -fr -- debian/sogo/ debian/sogo-common/
	find .  \( \( \
		\( -path .\*/.git -o -path .\*/.svn -o -path .\*/.bzr -o -path .\*/.hg -o -path .\*/CVS \) -prune -o -type f -a \
	        \( -name '#*#' -o -name '.*~' -o -name '*~' -o -name DEADJOE \
		 -o -name '*.orig' -o -name '*.rej' -o -name '*.bak' \
		 -o -name '.*.orig' -o -name .*.rej -o -name '.SUMS' \
		 -o -name TAGS -o \( -path '*/.deps/*' -a -name '*.P' \) \
		\) -exec rm -f {} + \) -o \
		\( -type d -a -name autom4te.cache -prune -exec rm -rf {} + \) \)
 debian/rules build-arch
dh build-arch --parallel
   dh_testdir -a -O--parallel
   dh_update_autotools_config -a -O--parallel
   dh_autoreconf -a -O--parallel
   debian/rules override_dh_auto_configure
make[1]: Entering directory '/<<PKGBUILDDIR>>'
./configure --with-ssl=gnutls --enable-saml2 --prefix=/usr/System
GNUstep environment:
  system: /usr/System
  local:  /usr/Local
  user:   /sbuild-nonexistent/GNUstep
  path:   /usr/System:/usr/Network:/usr/Local:/sbuild-nonexistent/GNUstep
  flat:   yes
  arch:   x86_64-pc-linux-gnu
  combo:  gnu-gnu-gnu

Note: will install in GNUSTEP_SYSTEM_ROOT: /usr/System

Configuration:
  debug:  yes
  strip:  no
  saml2 support:  yes
  ldap-based configuration:  no
  prefix: /usr/System
  gstep:  /usr/share/GNUstep/Makefiles
  config: /<<PKGBUILDDIR>>/config.make
  script: /usr/share/GNUstep/Makefiles/GNUstep.sh

creating: /<<PKGBUILDDIR>>/config.make
required library found: lasso
required library found: gnutls
make[1]: Leaving directory '/<<PKGBUILDDIR>>'
   debian/rules override_dh_auto_build
make[1]: Entering directory '/<<PKGBUILDDIR>>'
dh_auto_build -- OBJCFLAGS="-g -O2 -fdebug-prefix-map=/<<PKGBUILDDIR>>=. -fstack-protector-strong -Wformat -Werror=format-security" CPPFLAGS="-Wdate-time -D_FORTIFY_SOURCE=2" LDFLAGS="-Wl,-z,relro -Wl,-z,now" messages=yes
	make -j16 "OBJCFLAGS=-g -O2 -fdebug-prefix-map=/<<PKGBUILDDIR>>=. -fstack-protector-strong -Wformat -Werror=format-security" "CPPFLAGS=-Wdate-time -D_FORTIFY_SOURCE=2" "LDFLAGS=-Wl,-z,relro -Wl,-z,now" messages=yes
make[2]: Entering directory '/<<PKGBUILDDIR>>'
This is gnustep-make 2.6.8. Type 'make print-gnustep-make-help' for help.
Making all in SOPE/NGCards ...
make[3]: Entering directory '/<<PKGBUILDDIR>>/SOPE/NGCards'
cd .; \
/usr/share/GNUstep/Makefiles/mkinstalldirs ./obj
Making all for library libNGCards...
cd .; \
/usr/share/GNUstep/Makefiles/mkinstalldirs ./obj/libNGCards.obj/
gcc NSArray+NGCards.m -c \
      -MMD -MP -Wdate-time -D_FORTIFY_SOURCE=2 -DSAML2_CONFIG=1 -Wall -DCOMPILE_FOR_GSTEP_MAKE=1 -DSOPE_MAJOR_VERSION=4 -DSOPE_MINOR_VERSION=9 -DSOPE_SUBMINOR_VERSION=0 -DGNUSTEP -DGNUSTEP_BASE_LIBRARY=1 -DGNU_RUNTIME=1 -DGNUSTEP_BASE_LIBRARY=1 -fno-strict-aliasing -fexceptions -fobjc-exceptions -D_NATIVE_OBJC_EXCEPTIONS -pthread -fPIC -DDEBUG -fno-omit-frame-pointer -Wall -DGSWARN -DGSDIAGNOSE -Wno-import -g -fdebug-prefix-map=/build/gnustep-make-hGI6_J/gnustep-make-2.6.8=. -specs=/usr/share/dpkg/no-pie-compile.specs -fstack-protector-strong -Wformat -Werror=format-security -g -O2 -fdebug-prefix-map=/<<PKGBUILDDIR>>=. -fstack-protector-strong -Wformat -Werror=format-security -fgnu-runtime -O0 -g -fconstant-string-class=NSConstantString -I. -I.. -I../../sope-core/NGExtensions/ -I../../sope-core -I../../sope-xml -I. -I/usr/local/include/GNUstep -I/usr/include/GNUstep \
       -o obj/libNGCards.obj/NSArray+NGCards.m.o
clang: warning: argument unused during compilation: '-specs=/usr/share/dpkg/no-pie-compile.specs'
gcc NSCalendarDate+NGCards.m -c \
      -MMD -MP -Wdate-time -D_FORTIFY_SOURCE=2 -DSAML2_CONFIG=1 -Wall -DCOMPILE_FOR_GSTEP_MAKE=1 -DSOPE_MAJOR_VERSION=4 -DSOPE_MINOR_VERSION=9 -DSOPE_SUBMINOR_VERSION=0 -DGNUSTEP -DGNUSTEP_BASE_LIBRARY=1 -DGNU_RUNTIME=1 -DGNUSTEP_BASE_LIBRARY=1 -fno-strict-aliasing -fexceptions -fobjc-exceptions -D_NATIVE_OBJC_EXCEPTIONS -pthread -fPIC -DDEBUG -fno-omit-frame-pointer -Wall -DGSWARN -DGSDIAGNOSE -Wno-import -g -fdebug-prefix-map=/build/gnustep-make-hGI6_J/gnustep-make-2.6.8=. -specs=/usr/share/dpkg/no-pie-compile.specs -fstack-protector-strong -Wformat -Werror=format-security -g -O2 -fdebug-prefix-map=/<<PKGBUILDDIR>>=. -fstack-protector-strong -Wformat -Werror=format-security -fgnu-runtime -O0 -g -fconstant-string-class=NSConstantString -I. -I.. -I../../sope-core/NGExtensions/ -I../../sope-core -I../../sope-xml -I. -I/usr/local/include/GNUstep -I/usr/include/GNUstep \
       -o obj/libNGCards.obj/NSCalendarDate+NGCards.m.o
clang: warning: argument unused during compilation: '-specs=/usr/share/dpkg/no-pie-compile.specs'
gcc NSDictionary+NGCards.m -c \
      -MMD -MP -Wdate-time -D_FORTIFY_SOURCE=2 -DSAML2_CONFIG=1 -Wall -DCOMPILE_FOR_GSTEP_MAKE=1 -DSOPE_MAJOR_VERSION=4 -DSOPE_MINOR_VERSION=9 -DSOPE_SUBMINOR_VERSION=0 -DGNUSTEP -DGNUSTEP_BASE_LIBRARY=1 -DGNU_RUNTIME=1 -DGNUSTEP_BASE_LIBRARY=1 -fno-strict-aliasing -fexceptions -fobjc-exceptions -D_NATIVE_OBJC_EXCEPTIONS -pthread -fPIC -DDEBUG -fno-omit-frame-pointer -Wall -DGSWARN -DGSDIAGNOSE -Wno-import -g -fdebug-prefix-map=/build/gnustep-make-hGI6_J/gnustep-make-2.6.8=. -specs=/usr/share/dpkg/no-pie-compile.specs -fstack-protector-strong -Wformat -Werror=format-security -g -O2 -fdebug-prefix-map=/<<PKGBUILDDIR>>=. -fstack-protector-strong -Wformat -Werror=format-security -fgnu-runtime -O0 -g -fconstant-string-class=NSConstantString -I. -I.. -I../../sope-core/NGExtensions/ -I../../sope-core -I../../sope-xml -I. -I/usr/local/include/GNUstep -I/usr/include/GNUstep \
       -o obj/libNGCards.obj/NSDictionary+NGCards.m.o
clang: warning: argument unused during compilation: '-specs=/usr/share/dpkg/no-pie-compile.specs'
gcc NSString+NGCards.m -c \
      -MMD -MP -Wdate-time -D_FORTIFY_SOURCE=2 -DSAML2_CONFIG=1 -Wall -DCOMPILE_FOR_GSTEP_MAKE=1 -DSOPE_MAJOR_VERSION=4 -DSOPE_MINOR_VERSION=9 -DSOPE_SUBMINOR_VERSION=0 -DGNUSTEP -DGNUSTEP_BASE_LIBRARY=1 -DGNU_RUNTIME=1 -DGNUSTEP_BASE_LIBRARY=1 -fno-strict-aliasing -fexceptions -fobjc-exceptions -D_NATIVE_OBJC_EXCEPTIONS -pthread -fPIC -DDEBUG -fno-omit-frame-pointer -Wall -DGSWARN -DGSDIAGNOSE -Wno-import -g -fdebug-prefix-map=/build/gnustep-make-hGI6_J/gnustep-make-2.6.8=. -specs=/usr/share/dpkg/no-pie-compile.specs -fstack-protector-strong -Wformat -Werror=format-security -g -O2 -fdebug-prefix-map=/<<PKGBUILDDIR>>=. -fstack-protector-strong -Wformat -Werror=format-security -fgnu-runtime -O0 -g -fconstant-string-class=NSConstantString -I. -I.. -I../../sope-core/NGExtensions/ -I../../sope-core -I../../sope-xml -I. -I/usr/local/include/GNUstep -I/usr/include/GNUstep \
       -o obj/libNGCards.obj/NSString+NGCards.m.o
In file included from NSArray+NGCards.m:24:
In file included from ./CardElement.h:24:
In file included from /usr/include/GNUstep/Foundation/NSObject.h:30:
In file included from /usr/include/GNUstep/Foundation/NSObjCRuntime.h:213:
/usr/include/GNUstep/GNUstepBase/GSObjCRuntime.h:58:11: fatal error: 'objc/objc.h' file not found
 #include <objc/objc.h>
          ^
1 error generated.
In file included from NSCalendarDate+NGCards.m:25:
In file included from ./NSCalendarDate+NGCards.h:26:
In file included from /usr/include/GNUstep/Foundation/NSCalendarDate.h:26:
In file included from /usr/include/GNUstep/Foundation/NSDate.h:26:
In file included from /usr/include/GNUstep/Foundation/NSObjCRuntime.h:213:
/usr/include/GNUstep/GNUstepBase/GSObjCRuntime.h:58:11: fatal error: 'objc/objc.h' file not found
 #include <objc/objc.h>
          ^
clang: warning: argument unused during compilation: '-specs=/usr/share/dpkg/no-pie-compile.specs'
/usr/share/GNUstep/Makefiles/rules.make:479: recipe for target 'obj/libNGCards.obj/NSArray+NGCards.m.o' failed
make[6]: *** [obj/libNGCards.obj/NSArray+NGCards.m.o] Error 1
make[6]: *** Waiting for unfinished jobs....
1 error generated.
/usr/share/GNUstep/Makefiles/rules.make:479: recipe for target 'obj/libNGCards.obj/NSCalendarDate+NGCards.m.o' failed
make[6]: *** [obj/libNGCards.obj/NSCalendarDate+NGCards.m.o] Error 1
In file included from NSDictionary+NGCards.m:24:
In file included from ./NSArray+NGCards.h:26:
In file included from /usr/include/GNUstep/Foundation/NSArray.h:29:
In file included from /usr/include/GNUstep/Foundation/NSObject.h:30:
In file included from /usr/include/GNUstep/Foundation/NSObjCRuntime.h:213:
/usr/include/GNUstep/GNUstepBase/GSObjCRuntime.h:58:11: fatal error: 'objc/objc.h' file not found
 #include <objc/objc.h>
          ^
1 error generated.
/usr/share/GNUstep/Makefiles/rules.make:479: recipe for target 'obj/libNGCards.obj/NSDictionary+NGCards.m.o' failed
make[6]: *** [obj/libNGCards.obj/NSDictionary+NGCards.m.o] Error 1
In file included from NSString+NGCards.m:23:
In file included from /usr/include/GNUstep/Foundation/NSArray.h:29:
In file included from /usr/include/GNUstep/Foundation/NSObject.h:30:
In file included from /usr/include/GNUstep/Foundation/NSObjCRuntime.h:213:
/usr/include/GNUstep/GNUstepBase/GSObjCRuntime.h:58:11: fatal error: 'objc/objc.h' file not found
 #include <objc/objc.h>
          ^
1 error generated.
/usr/share/GNUstep/Makefiles/rules.make:479: recipe for target 'obj/libNGCards.obj/NSString+NGCards.m.o' failed
make[6]: *** [obj/libNGCards.obj/NSString+NGCards.m.o] Error 1
make[6]: *** wait: No child processes.  Stop.
/usr/share/GNUstep/Makefiles/Instance/library.make:277: recipe for target 'internal-library-all_' failed
make[5]: *** [internal-library-all_] Error 2
/usr/share/GNUstep/Makefiles/Master/rules.make:311: recipe for target 'libNGCards.all.library.variables' failed
make[4]: *** [libNGCards.all.library.variables] Error 2
/usr/share/GNUstep/Makefiles/Master/library.make:37: recipe for target 'internal-all' failed
make[3]: *** [internal-all] Error 2
make[3]: Leaving directory '/<<PKGBUILDDIR>>/SOPE/NGCards'
/usr/share/GNUstep/Makefiles/Master/serial-subdirectories.make:53: recipe for target 'internal-all' failed
make[2]: *** [internal-all] Error 2
make[2]: Leaving directory '/<<PKGBUILDDIR>>'
dh_auto_build: make -j16 OBJCFLAGS=-g -O2 -fdebug-prefix-map=/<<PKGBUILDDIR>>=. -fstack-protector-strong -Wformat -Werror=format-security CPPFLAGS=-Wdate-time -D_FORTIFY_SOURCE=2 LDFLAGS=-Wl,-z,relro -Wl,-z,now messages=yes returned exit code 2
debian/rules:15: recipe for target 'override_dh_auto_build' failed
make[1]: *** [override_dh_auto_build] Error 2
make[1]: Leaving directory '/<<PKGBUILDDIR>>'
debian/rules:8: recipe for target 'build-arch' failed
make: *** [build-arch] Error 2
dpkg-buildpackage: error: debian/rules build-arch gave error exit status 2
--------------------------------------------------------------------------------
Build finished at 2017-07-06T15:47:23Z

Finished
--------


+------------------------------------------------------------------------------+
| Cleanup                                                                      |
+------------------------------------------------------------------------------+

Purging /<<BUILDDIR>>
Not cleaning session: cloned chroot in use
E: Build failure (dpkg-buildpackage died)

+------------------------------------------------------------------------------+
| Summary                                                                      |
+------------------------------------------------------------------------------+

Build Architecture: amd64
Build Type: any
Build-Space: 84568
Build-Time: 1
Distribution: unstable
Fail-Stage: build
Host Architecture: amd64
Install-Time: 19
Job: sogo_3.2.9-2
Machine Architecture: amd64
Package: sogo
Package-Time: 36
Source-Version: 3.2.9-2
Space: 84568
Status: attempted
Version: 3.2.9-2
--------------------------------------------------------------------------------
Finished at 2017-07-06T15:47:23Z
Build needed 00:00:36, 84568k disk space
E: Build failure (dpkg-buildpackage died)
DC-Status: Failed 37.596652595s
DC-Time-Estimation: 37.596652595 versus expected 1 (r/m: 36.596652595 ; m: 1.0)
