DC-Build-Header: sopt 2.0.0-2 / 2017-07-06 15:44:34 +0000
DC-Task: type:rebuild-binarch-only source:sopt version:2.0.0-2 chroot:unstable esttime: logfile:/tmp/sopt_2.0.0-2_unstable_clang3.9.log modes:clang:binarch-only
DC-Sbuild-call: su user42 -c 'sbuild -n --arch-any --apt-update -d unstable -v  --chroot-setup-commands=/tmp/clang sopt_2.0.0-2'
sbuild (Debian sbuild) 0.73.0 (23 Dec 2016) on ip-172-31-41-97.eu-central-1.compute.internal

+==============================================================================+
| sopt 2.0.0-2 (amd64)                         Thu, 06 Jul 2017 15:44:35 +0000 |
+==============================================================================+

Package: sopt
Version: 2.0.0-2
Source Version: 2.0.0-2
Distribution: unstable
Machine Architecture: amd64
Host Architecture: amd64
Build Architecture: amd64
Build Type: any

I: NOTICE: Log filtering will replace 'var/run/schroot/mount/unstable-amd64-sbuild-dbe80bf7-72a3-49d5-95e3-4f2dd70f0571' with '<<CHROOT>>'

+------------------------------------------------------------------------------+
| Chroot Setup Commands                                                        |
+------------------------------------------------------------------------------+


/tmp/clang
----------

+ echo 'Entering customization script...'
Entering customization script...
+ CLANG_VERSION=3.9
+ echo 'Install of clang-3.9'
Install of clang-3.9
+ apt-get update
Hit:1 http://127.0.0.1:9999/debian unstable InRelease
Get:2 http://127.0.0.1:9999/debian unstable/main Translation-en [5730 kB]
Fetched 5730 kB in 1s (3882 kB/s)
Reading package lists...
+ apt-get install --yes --no-install-recommends --force-yes clang-3.9
Reading package lists...
Building dependency tree...
Reading state information...
The following additional packages will be installed:
  libbsd0 libclang-common-3.9-dev libclang1-3.9 libedit2 libjsoncpp1
  libllvm3.9 libncurses5 libobjc-6-dev libobjc4
Suggested packages:
  gnustep gnustep-devel clang-3.9-doc
Recommended packages:
  llvm-3.9-dev python libgpm2
The following NEW packages will be installed:
  clang-3.9 libbsd0 libclang-common-3.9-dev libclang1-3.9 libedit2 libjsoncpp1
  libllvm3.9 libncurses5 libobjc-6-dev libobjc4
0 upgraded, 10 newly installed, 0 to remove and 0 not upgraded.
Need to get 57.7 MB of archives.
After this operation, 251 MB of additional disk space will be used.
Get:1 http://127.0.0.1:9999/debian unstable/main amd64 libbsd0 amd64 0.8.5-1 [89.6 kB]
Get:2 http://127.0.0.1:9999/debian unstable/main amd64 libncurses5 amd64 6.0+20161126-1 [93.4 kB]
Get:3 http://127.0.0.1:9999/debian unstable/main amd64 libedit2 amd64 3.1-20170329-1 [85.2 kB]
Get:4 http://127.0.0.1:9999/debian unstable/main amd64 libllvm3.9 amd64 1:3.9.1-10 [11.3 MB]
Get:5 http://127.0.0.1:9999/debian unstable/main amd64 libclang1-3.9 amd64 1:3.9.1-10 [5875 kB]
Get:6 http://127.0.0.1:9999/debian unstable/main amd64 libjsoncpp1 amd64 1.7.4-3 [75.6 kB]
Get:7 http://127.0.0.1:9999/debian unstable/main amd64 libobjc4 amd64 7.1.0-9 [51.0 kB]
Get:8 http://127.0.0.1:9999/debian unstable/main amd64 libobjc-6-dev amd64 6.4.0-1 [197 kB]
Get:9 http://127.0.0.1:9999/debian unstable/main amd64 libclang-common-3.9-dev amd64 1:3.9.1-10 [2573 kB]
Get:10 http://127.0.0.1:9999/debian unstable/main amd64 clang-3.9 amd64 1:3.9.1-10 [37.4 MB]
debconf: delaying package configuration, since apt-utils is not installed
Fetched 57.7 MB in 0s (94.4 MB/s)
Selecting previously unselected package libbsd0:amd64.
(Reading database ... (Reading database ... 5%(Reading database ... 10%(Reading database ... 15%(Reading database ... 20%(Reading database ... 25%(Reading database ... 30%(Reading database ... 35%(Reading database ... 40%(Reading database ... 45%(Reading database ... 50%(Reading database ... 55%(Reading database ... 60%(Reading database ... 65%(Reading database ... 70%(Reading database ... 75%(Reading database ... 80%(Reading database ... 85%(Reading database ... 90%(Reading database ... 95%(Reading database ... 100%(Reading database ... 9711 files and directories currently installed.)
Preparing to unpack .../0-libbsd0_0.8.5-1_amd64.deb ...
Unpacking libbsd0:amd64 (0.8.5-1) ...
Selecting previously unselected package libncurses5:amd64.
Preparing to unpack .../1-libncurses5_6.0+20161126-1_amd64.deb ...
Unpacking libncurses5:amd64 (6.0+20161126-1) ...
Selecting previously unselected package libedit2:amd64.
Preparing to unpack .../2-libedit2_3.1-20170329-1_amd64.deb ...
Unpacking libedit2:amd64 (3.1-20170329-1) ...
Selecting previously unselected package libllvm3.9:amd64.
Preparing to unpack .../3-libllvm3.9_1%3a3.9.1-10_amd64.deb ...
Unpacking libllvm3.9:amd64 (1:3.9.1-10) ...
Selecting previously unselected package libclang1-3.9:amd64.
Preparing to unpack .../4-libclang1-3.9_1%3a3.9.1-10_amd64.deb ...
Unpacking libclang1-3.9:amd64 (1:3.9.1-10) ...
Selecting previously unselected package libjsoncpp1:amd64.
Preparing to unpack .../5-libjsoncpp1_1.7.4-3_amd64.deb ...
Unpacking libjsoncpp1:amd64 (1.7.4-3) ...
Selecting previously unselected package libobjc4:amd64.
Preparing to unpack .../6-libobjc4_7.1.0-9_amd64.deb ...
Unpacking libobjc4:amd64 (7.1.0-9) ...
Selecting previously unselected package libobjc-6-dev:amd64.
Preparing to unpack .../7-libobjc-6-dev_6.4.0-1_amd64.deb ...
Unpacking libobjc-6-dev:amd64 (6.4.0-1) ...
Selecting previously unselected package libclang-common-3.9-dev.
Preparing to unpack .../8-libclang-common-3.9-dev_1%3a3.9.1-10_amd64.deb ...
Unpacking libclang-common-3.9-dev (1:3.9.1-10) ...
Selecting previously unselected package clang-3.9.
Preparing to unpack .../9-clang-3.9_1%3a3.9.1-10_amd64.deb ...
Unpacking clang-3.9 (1:3.9.1-10) ...
Setting up libncurses5:amd64 (6.0+20161126-1) ...
Setting up libobjc4:amd64 (7.1.0-9) ...
Setting up libbsd0:amd64 (0.8.5-1) ...
Processing triggers for libc-bin (2.24-12) ...
Setting up libobjc-6-dev:amd64 (6.4.0-1) ...
Setting up libjsoncpp1:amd64 (1.7.4-3) ...
Setting up libedit2:amd64 (3.1-20170329-1) ...
Setting up libllvm3.9:amd64 (1:3.9.1-10) ...
Setting up libclang-common-3.9-dev (1:3.9.1-10) ...
Setting up libclang1-3.9:amd64 (1:3.9.1-10) ...
Setting up clang-3.9 (1:3.9.1-10) ...
Processing triggers for libc-bin (2.24-12) ...
W: --force-yes is deprecated, use one of the options starting with --allow instead.
+ echo 'Replace gcc, g++ & cpp by clang'
Replace gcc, g++ & cpp by clang
+ VERSIONS='4.6 4.7 4.8 4.9 5 6 7'
+ cd /usr/bin
+ for VERSION in $VERSIONS
+ rm -f g++-4.6 gcc-4.6 cpp-4.6 gcc
+ ln -s clang++-3.9 g++-4.6
+ ln -s clang-3.9 gcc-4.6
+ ln -s clang-3.9 cpp-4.6
+ ln -s clang-3.9 gcc
+ echo 'gcc-4.6 hold'
+ dpkg --set-selections
dpkg: warning: package not in status nor available database at line 1: gcc-4.6
dpkg: warning: found unknown packages; this might mean the available database
is outdated, and needs to be updated through a frontend method;
please see the FAQ <https://wiki.debian.org/Teams/Dpkg/FAQ>
+ echo 'g++-4.6 hold'
+ dpkg --set-selections
dpkg: warning: package not in status nor available database at line 1: g++-4.6
dpkg: warning: found unknown packages; this might mean the available database
is outdated, and needs to be updated through a frontend method;
please see the FAQ <https://wiki.debian.org/Teams/Dpkg/FAQ>
+ for VERSION in $VERSIONS
+ rm -f g++-4.7 gcc-4.7 cpp-4.7 gcc
+ ln -s clang++-3.9 g++-4.7
+ ln -s clang-3.9 gcc-4.7
+ ln -s clang-3.9 cpp-4.7
+ ln -s clang-3.9 gcc
+ echo 'gcc-4.7 hold'
+ dpkg --set-selections
dpkg: warning: package not in status nor available database at line 1: gcc-4.7
dpkg: warning: found unknown packages; this might mean the available database
is outdated, and needs to be updated through a frontend method;
please see the FAQ <https://wiki.debian.org/Teams/Dpkg/FAQ>
+ echo 'g++-4.7 hold'
+ dpkg --set-selections
dpkg: warning: package not in status nor available database at line 1: g++-4.7
dpkg: warning: found unknown packages; this might mean the available database
is outdated, and needs to be updated through a frontend method;
please see the FAQ <https://wiki.debian.org/Teams/Dpkg/FAQ>
+ for VERSION in $VERSIONS
+ rm -f g++-4.8 gcc-4.8 cpp-4.8 gcc
+ ln -s clang++-3.9 g++-4.8
+ ln -s clang-3.9 gcc-4.8
+ ln -s clang-3.9 cpp-4.8
+ ln -s clang-3.9 gcc
+ echo 'gcc-4.8 hold'
+ dpkg --set-selections
dpkg: warning: package not in status nor available database at line 1: gcc-4.8
dpkg: warning: found unknown packages; this might mean the available database
is outdated, and needs to be updated through a frontend method;
please see the FAQ <https://wiki.debian.org/Teams/Dpkg/FAQ>
+ echo 'g++-4.8 hold'
+ dpkg --set-selections
dpkg: warning: package not in status nor available database at line 1: g++-4.8
dpkg: warning: found unknown packages; this might mean the available database
is outdated, and needs to be updated through a frontend method;
please see the FAQ <https://wiki.debian.org/Teams/Dpkg/FAQ>
+ for VERSION in $VERSIONS
+ rm -f g++-4.9 gcc-4.9 cpp-4.9 gcc
+ ln -s clang++-3.9 g++-4.9
+ ln -s clang-3.9 gcc-4.9
+ ln -s clang-3.9 cpp-4.9
+ ln -s clang-3.9 gcc
+ echo 'gcc-4.9 hold'
+ dpkg --set-selections
dpkg: warning: package not in status nor available database at line 1: gcc-4.9
dpkg: warning: found unknown packages; this might mean the available database
is outdated, and needs to be updated through a frontend method;
please see the FAQ <https://wiki.debian.org/Teams/Dpkg/FAQ>
+ echo 'g++-4.9 hold'
+ dpkg --set-selections
dpkg: warning: package not in status nor available database at line 1: g++-4.9
dpkg: warning: found unknown packages; this might mean the available database
is outdated, and needs to be updated through a frontend method;
please see the FAQ <https://wiki.debian.org/Teams/Dpkg/FAQ>
+ for VERSION in $VERSIONS
+ rm -f g++-5 gcc-5 cpp-5 gcc
+ ln -s clang++-3.9 g++-5
+ ln -s clang-3.9 gcc-5
+ ln -s clang-3.9 cpp-5
+ ln -s clang-3.9 gcc
+ echo 'gcc-5 hold'
+ dpkg --set-selections
+ echo 'g++-5 hold'
+ dpkg --set-selections
+ for VERSION in $VERSIONS
+ rm -f g++-6 gcc-6 cpp-6 gcc
+ ln -s clang++-3.9 g++-6
+ ln -s clang-3.9 gcc-6
+ ln -s clang-3.9 cpp-6
+ ln -s clang-3.9 gcc
+ echo 'gcc-6 hold'
+ dpkg --set-selections
+ echo 'g++-6 hold'
+ dpkg --set-selections
+ for VERSION in $VERSIONS
+ rm -f g++-7 gcc-7 cpp-7 gcc
+ ln -s clang++-3.9 g++-7
+ ln -s clang-3.9 gcc-7
+ ln -s clang-3.9 cpp-7
+ ln -s clang-3.9 gcc
+ echo 'gcc-7 hold'
+ dpkg --set-selections
dpkg: warning: package not in status nor available database at line 1: gcc-7
dpkg: warning: found unknown packages; this might mean the available database
is outdated, and needs to be updated through a frontend method;
please see the FAQ <https://wiki.debian.org/Teams/Dpkg/FAQ>
+ echo 'g++-7 hold'
+ dpkg --set-selections
dpkg: warning: package not in status nor available database at line 1: g++-7
dpkg: warning: found unknown packages; this might mean the available database
is outdated, and needs to be updated through a frontend method;
please see the FAQ <https://wiki.debian.org/Teams/Dpkg/FAQ>
+ cd -
/build/sopt-UYskyW
+ echo 'Check if gcc, g++ & cpp are actually clang'
Check if gcc, g++ & cpp are actually clang
+ gcc --version
+ grep clang
+ cpp --version
+ grep clang
+ g++ --version
+ grep clang

I: Finished running '/tmp/clang'.

Finished processing commands.
--------------------------------------------------------------------------------

+------------------------------------------------------------------------------+
| Update chroot                                                                |
+------------------------------------------------------------------------------+

Hit:1 http://127.0.0.1:9999/debian unstable InRelease
Reading package lists...
Reading package lists...
Building dependency tree...
Reading state information...
Calculating upgrade...
0 upgraded, 0 newly installed, 0 to remove and 0 not upgraded.

+------------------------------------------------------------------------------+
| Fetch source files                                                           |
+------------------------------------------------------------------------------+


Check APT
---------

Checking available source versions...

Download source files with APT
------------------------------

Reading package lists...
NOTICE: 'sopt' packaging is maintained in the 'Git' version control system at:
https://anonscm.debian.org/git/debian-astro/packages/sopt.git
Please use:
git clone https://anonscm.debian.org/git/debian-astro/packages/sopt.git
to retrieve the latest (possibly unreleased) updates to the package.
Need to get 1883 kB of source archives.
Get:1 http://127.0.0.1:9999/debian unstable/main sopt 2.0.0-2 (dsc) [2152 B]
Get:2 http://127.0.0.1:9999/debian unstable/main sopt 2.0.0-2 (tar) [1875 kB]
Get:3 http://127.0.0.1:9999/debian unstable/main sopt 2.0.0-2 (diff) [5816 B]
Fetched 1883 kB in 0s (14.4 MB/s)
Download complete and in download only mode
I: NOTICE: Log filtering will replace 'build/sopt-UYskyW/sopt-2.0.0' with '<<PKGBUILDDIR>>'
I: NOTICE: Log filtering will replace 'build/sopt-UYskyW' with '<<BUILDDIR>>'

+------------------------------------------------------------------------------+
| Install build-essential                                                      |
+------------------------------------------------------------------------------+


Setup apt archive
-----------------

Merged Build-Depends: build-essential, fakeroot
Filtered Build-Depends: build-essential, fakeroot
dpkg-deb: building package 'sbuild-build-depends-core-dummy' in '/<<BUILDDIR>>/resolver-zdOOy8/apt_archive/sbuild-build-depends-core-dummy.deb'.
dpkg-scanpackages: warning: Packages in archive but missing from override file:
dpkg-scanpackages: warning:   sbuild-build-depends-core-dummy
dpkg-scanpackages: info: Wrote 1 entries to output Packages file.
Ign:1 copy:/<<BUILDDIR>>/resolver-zdOOy8/apt_archive ./ InRelease
Get:2 copy:/<<BUILDDIR>>/resolver-zdOOy8/apt_archive ./ Release [957 B]
Ign:3 copy:/<<BUILDDIR>>/resolver-zdOOy8/apt_archive ./ Release.gpg
Get:4 copy:/<<BUILDDIR>>/resolver-zdOOy8/apt_archive ./ Sources [349 B]
Get:5 copy:/<<BUILDDIR>>/resolver-zdOOy8/apt_archive ./ Packages [431 B]
Fetched 1737 B in 0s (0 B/s)
Reading package lists...
Reading package lists...

Install core build dependencies (apt-based resolver)
----------------------------------------------------

Installing build dependencies
Reading package lists...
Building dependency tree...
Reading state information...
The following NEW packages will be installed:
  sbuild-build-depends-core-dummy
0 upgraded, 1 newly installed, 0 to remove and 0 not upgraded.
Need to get 780 B of archives.
After this operation, 0 B of additional disk space will be used.
Get:1 copy:/<<BUILDDIR>>/resolver-zdOOy8/apt_archive ./ sbuild-build-depends-core-dummy 0.invalid.0 [780 B]
debconf: delaying package configuration, since apt-utils is not installed
Fetched 780 B in 0s (0 B/s)
Selecting previously unselected package sbuild-build-depends-core-dummy.
(Reading database ... 10178 files and directories currently installed.)
Preparing to unpack .../sbuild-build-depends-core-dummy_0.invalid.0_amd64.deb ...
Unpacking sbuild-build-depends-core-dummy (0.invalid.0) ...
Setting up sbuild-build-depends-core-dummy (0.invalid.0) ...

+------------------------------------------------------------------------------+
| Check architectures                                                          |
+------------------------------------------------------------------------------+

Arch check ok (amd64 included in any)

+------------------------------------------------------------------------------+
| Install package build dependencies                                           |
+------------------------------------------------------------------------------+


Setup apt archive
-----------------

Merged Build-Depends: catch, cmake, cython, debhelper (>= 9), libblas-dev, libeigen3-dev, libspdlog-dev, libtiff5-dev, python, python-numpy, python-pytest, python-scipy, python-setuptools
Filtered Build-Depends: catch, cmake, cython, debhelper (>= 9), libblas-dev, libeigen3-dev, libspdlog-dev, libtiff5-dev, python, python-numpy, python-pytest, python-scipy, python-setuptools
dpkg-deb: building package 'sbuild-build-depends-sopt-dummy' in '/<<BUILDDIR>>/resolver-zdOOy8/apt_archive/sbuild-build-depends-sopt-dummy.deb'.
dpkg-scanpackages: warning: Packages in archive but missing from override file:
dpkg-scanpackages: warning:   sbuild-build-depends-core-dummy sbuild-build-depends-sopt-dummy
dpkg-scanpackages: info: Wrote 2 entries to output Packages file.
Ign:1 copy:/<<BUILDDIR>>/resolver-zdOOy8/apt_archive ./ InRelease
Get:2 copy:/<<BUILDDIR>>/resolver-zdOOy8/apt_archive ./ Release [963 B]
Ign:3 copy:/<<BUILDDIR>>/resolver-zdOOy8/apt_archive ./ Release.gpg
Get:4 copy:/<<BUILDDIR>>/resolver-zdOOy8/apt_archive ./ Sources [550 B]
Get:5 copy:/<<BUILDDIR>>/resolver-zdOOy8/apt_archive ./ Packages [632 B]
Fetched 2145 B in 0s (0 B/s)
Reading package lists...
Reading package lists...

Install sopt build dependencies (apt-based resolver)
----------------------------------------------------

Installing build dependencies
Reading package lists...
Building dependency tree...
Reading state information...
The following additional packages will be installed:
  autoconf automake autopoint autotools-dev bsdmainutils catch cmake
  cmake-data cython debhelper dh-autoreconf dh-strip-nondeterminism file
  gettext gettext-base gfortran gfortran-6 groff-base intltool-debian
  libarchive-zip-perl libarchive13 libblas-common libblas-dev libblas3
  libcroco3 libcurl3 libeigen3-dev libexpat1 libfile-stripnondeterminism-perl
  libgfortran-6-dev libgfortran3 libglib2.0-0 libgssapi-krb5-2 libicu57
  libjbig-dev libjbig0 libjpeg-dev libjpeg62-turbo libjpeg62-turbo-dev
  libk5crypto3 libkeyutils1 libkrb5-3 libkrb5support0 liblapack3 libldap-2.4-2
  libldap-common liblzma-dev liblzo2-2 libmagic-mgc libmagic1 libnghttp2-14
  libpipeline1 libprocps6 libpsl5 libpython-stdlib libpython2.7-minimal
  libpython2.7-stdlib libreadline7 librtmp1 libsasl2-2 libsasl2-modules-db
  libsigsegv2 libspdlog-dev libsqlite3-0 libssh2-1 libssl1.0.2 libssl1.1
  libtiff5 libtiff5-dev libtiffxx5 libtimedate-perl libtool libuv1 libxml2
  lsb-base m4 man-db mime-support pkg-config po-debconf procps python
  python-decorator python-minimal python-numpy python-pkg-resources python-py
  python-pytest python-scipy python-setuptools python2.7 python2.7-minimal
  readline-common zlib1g-dev
Suggested packages:
  autoconf-archive gnu-standards autoconf-doc wamerican | wordlist whois
  vacation codeblocks eclipse ninja-build cython-doc dh-make gettext-doc
  libasprintf-dev libgettextpo-dev gfortran-multilib gfortran-doc
  gfortran-6-multilib gfortran-6-doc libgfortran3-dbg libcoarrays-dev groff
  lrzip liblapack-doc libeigen3-doc libmrpt-dev krb5-doc krb5-user liblzma-doc
  libtool-doc gcj-jdk m4-doc less www-browser libmail-box-perl python-doc
  python-tk python-dev python-nose python-numpy-dbg python-numpy-doc
  subversion python-pytest-xdist python-mock python-scipy-doc
  python-setuptools-doc python2.7-doc binfmt-support readline-doc
Recommended packages:
  python-dev curl | wget | lynx-cur ca-certificates libarchive-cpio-perl
  libglib2.0-data shared-mime-info xdg-user-dirs krb5-locales publicsuffix
  libsasl2-modules libltdl-dev xml-core libmail-sendmail-perl psmisc
  python-imaging
The following NEW packages will be installed:
  autoconf automake autopoint autotools-dev bsdmainutils catch cmake
  cmake-data cython debhelper dh-autoreconf dh-strip-nondeterminism file
  gettext gettext-base gfortran gfortran-6 groff-base intltool-debian
  libarchive-zip-perl libarchive13 libblas-common libblas-dev libblas3
  libcroco3 libcurl3 libeigen3-dev libexpat1 libfile-stripnondeterminism-perl
  libgfortran-6-dev libgfortran3 libglib2.0-0 libgssapi-krb5-2 libicu57
  libjbig-dev libjbig0 libjpeg-dev libjpeg62-turbo libjpeg62-turbo-dev
  libk5crypto3 libkeyutils1 libkrb5-3 libkrb5support0 liblapack3 libldap-2.4-2
  libldap-common liblzma-dev liblzo2-2 libmagic-mgc libmagic1 libnghttp2-14
  libpipeline1 libprocps6 libpsl5 libpython-stdlib libpython2.7-minimal
  libpython2.7-stdlib libreadline7 librtmp1 libsasl2-2 libsasl2-modules-db
  libsigsegv2 libspdlog-dev libsqlite3-0 libssh2-1 libssl1.0.2 libssl1.1
  libtiff5 libtiff5-dev libtiffxx5 libtimedate-perl libtool libuv1 libxml2
  lsb-base m4 man-db mime-support pkg-config po-debconf procps python
  python-decorator python-minimal python-numpy python-pkg-resources python-py
  python-pytest python-scipy python-setuptools python2.7 python2.7-minimal
  readline-common sbuild-build-depends-sopt-dummy zlib1g-dev
0 upgraded, 95 newly installed, 0 to remove and 0 not upgraded.
Need to get 60.1 MB of archives.
After this operation, 231 MB of additional disk space will be used.
Get:1 copy:/<<BUILDDIR>>/resolver-zdOOy8/apt_archive ./ sbuild-build-depends-sopt-dummy 0.invalid.0 [848 B]
Get:2 http://127.0.0.1:9999/debian unstable/main amd64 groff-base amd64 1.22.3-9 [1160 kB]
Get:3 http://127.0.0.1:9999/debian unstable/main amd64 bsdmainutils amd64 9.0.12+nmu1 [186 kB]
Get:4 http://127.0.0.1:9999/debian unstable/main amd64 libpipeline1 amd64 1.4.1-2 [27.6 kB]
Get:5 http://127.0.0.1:9999/debian unstable/main amd64 man-db amd64 2.7.6.1-2 [1044 kB]
Get:6 http://127.0.0.1:9999/debian unstable/main amd64 libpython2.7-minimal amd64 2.7.13-2 [389 kB]
Get:7 http://127.0.0.1:9999/debian unstable/main amd64 python2.7-minimal amd64 2.7.13-2 [1383 kB]
Get:8 http://127.0.0.1:9999/debian unstable/main amd64 python-minimal amd64 2.7.13-2 [40.5 kB]
Get:9 http://127.0.0.1:9999/debian unstable/main amd64 mime-support all 3.60 [36.7 kB]
Get:10 http://127.0.0.1:9999/debian unstable/main amd64 libexpat1 amd64 2.2.1-3 [85.6 kB]
Get:11 http://127.0.0.1:9999/debian unstable/main amd64 readline-common all 7.0-3 [70.4 kB]
Get:12 http://127.0.0.1:9999/debian unstable/main amd64 libreadline7 amd64 7.0-3 [151 kB]
Get:13 http://127.0.0.1:9999/debian unstable/main amd64 libsqlite3-0 amd64 3.16.2-5 [572 kB]
Get:14 http://127.0.0.1:9999/debian unstable/main amd64 libssl1.1 amd64 1.1.0f-3 [1342 kB]
Get:15 http://127.0.0.1:9999/debian unstable/main amd64 libpython2.7-stdlib amd64 2.7.13-2 [1895 kB]
Get:16 http://127.0.0.1:9999/debian unstable/main amd64 python2.7 amd64 2.7.13-2 [285 kB]
Get:17 http://127.0.0.1:9999/debian unstable/main amd64 libpython-stdlib amd64 2.7.13-2 [20.0 kB]
Get:18 http://127.0.0.1:9999/debian unstable/main amd64 python amd64 2.7.13-2 [154 kB]
Get:19 http://127.0.0.1:9999/debian unstable/main amd64 cmake-data all 3.7.2-1 [1216 kB]
Get:20 http://127.0.0.1:9999/debian unstable/main amd64 libprocps6 amd64 2:3.3.12-3 [58.1 kB]
Get:21 http://127.0.0.1:9999/debian unstable/main amd64 lsb-base all 9.20161125 [27.9 kB]
Get:22 http://127.0.0.1:9999/debian unstable/main amd64 procps amd64 2:3.3.12-3 [249 kB]
Get:23 http://127.0.0.1:9999/debian unstable/main amd64 liblzo2-2 amd64 2.08-1.2+b2 [55.0 kB]
Get:24 http://127.0.0.1:9999/debian unstable/main amd64 libicu57 amd64 57.1-6 [7701 kB]
Get:25 http://127.0.0.1:9999/debian unstable/main amd64 libxml2 amd64 2.9.4+dfsg1-3 [715 kB]
Get:26 http://127.0.0.1:9999/debian unstable/main amd64 libarchive13 amd64 3.2.2-2 [294 kB]
Get:27 http://127.0.0.1:9999/debian unstable/main amd64 libkeyutils1 amd64 1.5.9-9 [12.4 kB]
Get:28 http://127.0.0.1:9999/debian unstable/main amd64 libkrb5support0 amd64 1.15-1 [61.7 kB]
Get:29 http://127.0.0.1:9999/debian unstable/main amd64 libk5crypto3 amd64 1.15-1 [119 kB]
Get:30 http://127.0.0.1:9999/debian unstable/main amd64 libkrb5-3 amd64 1.15-1 [311 kB]
Get:31 http://127.0.0.1:9999/debian unstable/main amd64 libgssapi-krb5-2 amd64 1.15-1 [154 kB]
Get:32 http://127.0.0.1:9999/debian unstable/main amd64 libsasl2-modules-db amd64 2.1.27~101-g0780600+dfsg-3 [68.2 kB]
Get:33 http://127.0.0.1:9999/debian unstable/main amd64 libsasl2-2 amd64 2.1.27~101-g0780600+dfsg-3 [105 kB]
Get:34 http://127.0.0.1:9999/debian unstable/main amd64 libldap-common all 2.4.44+dfsg-7 [85.2 kB]
Get:35 http://127.0.0.1:9999/debian unstable/main amd64 libldap-2.4-2 amd64 2.4.44+dfsg-7 [219 kB]
Get:36 http://127.0.0.1:9999/debian unstable/main amd64 libnghttp2-14 amd64 1.24.0-1 [81.6 kB]
Get:37 http://127.0.0.1:9999/debian unstable/main amd64 libpsl5 amd64 0.17.0-4+b1 [43.0 kB]
Get:38 http://127.0.0.1:9999/debian unstable/main amd64 librtmp1 amd64 2.4+20151223.gitfa8646d.1-1+b1 [60.4 kB]
Get:39 http://127.0.0.1:9999/debian unstable/main amd64 libssh2-1 amd64 1.8.0-1 [138 kB]
Get:40 http://127.0.0.1:9999/debian unstable/main amd64 libssl1.0.2 amd64 1.0.2l-2 [1294 kB]
Get:41 http://127.0.0.1:9999/debian unstable/main amd64 libcurl3 amd64 7.52.1-5 [291 kB]
Get:42 http://127.0.0.1:9999/debian unstable/main amd64 libuv1 amd64 1.9.1-3 [84.4 kB]
Get:43 http://127.0.0.1:9999/debian unstable/main amd64 cmake amd64 3.7.2-1 [3038 kB]
Get:44 http://127.0.0.1:9999/debian unstable/main amd64 libmagic-mgc amd64 1:5.30-1 [222 kB]
Get:45 http://127.0.0.1:9999/debian unstable/main amd64 libmagic1 amd64 1:5.30-1 [111 kB]
Get:46 http://127.0.0.1:9999/debian unstable/main amd64 file amd64 1:5.30-1 [63.9 kB]
Get:47 http://127.0.0.1:9999/debian unstable/main amd64 gettext-base amd64 0.19.8.1-2+b1 [122 kB]
Get:48 http://127.0.0.1:9999/debian unstable/main amd64 libsigsegv2 amd64 2.11-1 [29.9 kB]
Get:49 http://127.0.0.1:9999/debian unstable/main amd64 m4 amd64 1.4.18-1 [202 kB]
Get:50 http://127.0.0.1:9999/debian unstable/main amd64 autoconf all 2.69-10 [338 kB]
Get:51 http://127.0.0.1:9999/debian unstable/main amd64 autotools-dev all 20161112.1 [73.4 kB]
Get:52 http://127.0.0.1:9999/debian unstable/main amd64 automake all 1:1.15.1-2 [736 kB]
Get:53 http://127.0.0.1:9999/debian unstable/main amd64 autopoint all 0.19.8.1-2 [433 kB]
Get:54 http://127.0.0.1:9999/debian unstable/main amd64 catch amd64 1.2.0-1 [76.0 kB]
Get:55 http://127.0.0.1:9999/debian unstable/main amd64 cython amd64 0.25.2-1+b1 [1863 kB]
Get:56 http://127.0.0.1:9999/debian unstable/main amd64 libtool all 2.4.6-2 [545 kB]
Get:57 http://127.0.0.1:9999/debian unstable/main amd64 dh-autoreconf all 14 [15.9 kB]
Get:58 http://127.0.0.1:9999/debian unstable/main amd64 libarchive-zip-perl all 1.59-1 [95.5 kB]
Get:59 http://127.0.0.1:9999/debian unstable/main amd64 libfile-stripnondeterminism-perl all 0.035-2 [17.0 kB]
Get:60 http://127.0.0.1:9999/debian unstable/main amd64 libtimedate-perl all 2.3000-2 [42.2 kB]
Get:61 http://127.0.0.1:9999/debian unstable/main amd64 dh-strip-nondeterminism all 0.035-2 [10.7 kB]
Get:62 http://127.0.0.1:9999/debian unstable/main amd64 libglib2.0-0 amd64 2.52.3-1 [2742 kB]
Get:63 http://127.0.0.1:9999/debian unstable/main amd64 libcroco3 amd64 0.6.12-1 [144 kB]
Get:64 http://127.0.0.1:9999/debian unstable/main amd64 gettext amd64 0.19.8.1-2+b1 [1301 kB]
Get:65 http://127.0.0.1:9999/debian unstable/main amd64 intltool-debian all 0.35.0+20060710.4 [26.3 kB]
Get:66 http://127.0.0.1:9999/debian unstable/main amd64 po-debconf all 1.0.20 [247 kB]
Get:67 http://127.0.0.1:9999/debian unstable/main amd64 debhelper all 10.6.2 [968 kB]
Get:68 http://127.0.0.1:9999/debian unstable/main amd64 libgfortran3 amd64 6.4.0-1 [265 kB]
Get:69 http://127.0.0.1:9999/debian unstable/main amd64 libgfortran-6-dev amd64 6.4.0-1 [299 kB]
Get:70 http://127.0.0.1:9999/debian unstable/main amd64 gfortran-6 amd64 6.4.0-1 [6911 kB]
Get:71 http://127.0.0.1:9999/debian unstable/main amd64 gfortran amd64 4:6.3.0-4d1 [1362 B]
Get:72 http://127.0.0.1:9999/debian unstable/main amd64 libblas-common amd64 3.7.1-1 [14.6 kB]
Get:73 http://127.0.0.1:9999/debian unstable/main amd64 libblas3 amd64 3.7.1-1 [156 kB]
Get:74 http://127.0.0.1:9999/debian unstable/main amd64 libblas-dev amd64 3.7.1-1 [162 kB]
Get:75 http://127.0.0.1:9999/debian unstable/main amd64 pkg-config amd64 0.29-4+b1 [63.3 kB]
Get:76 http://127.0.0.1:9999/debian unstable/main amd64 libeigen3-dev all 3.3.4-2 [842 kB]
Get:77 http://127.0.0.1:9999/debian unstable/main amd64 libjbig0 amd64 2.1-3.1+b2 [31.0 kB]
Get:78 http://127.0.0.1:9999/debian unstable/main amd64 libjbig-dev amd64 2.1-3.1+b2 [30.5 kB]
Get:79 http://127.0.0.1:9999/debian unstable/main amd64 libjpeg62-turbo amd64 1:1.5.1-2 [134 kB]
Get:80 http://127.0.0.1:9999/debian unstable/main amd64 libjpeg62-turbo-dev amd64 1:1.5.1-2 [210 kB]
Get:81 http://127.0.0.1:9999/debian unstable/main amd64 libjpeg-dev all 1:1.5.1-2 [56.1 kB]
Get:82 http://127.0.0.1:9999/debian unstable/main amd64 liblapack3 amd64 3.7.1-1 [2141 kB]
Get:83 http://127.0.0.1:9999/debian unstable/main amd64 liblzma-dev amd64 5.2.2-1.2+b1 [292 kB]
Get:84 http://127.0.0.1:9999/debian unstable/main amd64 libspdlog-dev amd64 1:0.11.0-2 [132 kB]
Get:85 http://127.0.0.1:9999/debian unstable/main amd64 libtiff5 amd64 4.0.8-3 [237 kB]
Get:86 http://127.0.0.1:9999/debian unstable/main amd64 libtiffxx5 amd64 4.0.8-3 [95.3 kB]
Get:87 http://127.0.0.1:9999/debian unstable/main amd64 zlib1g-dev amd64 1:1.2.8.dfsg-5 [205 kB]
Get:88 http://127.0.0.1:9999/debian unstable/main amd64 libtiff5-dev amd64 4.0.8-3 [359 kB]
Get:89 http://127.0.0.1:9999/debian unstable/main amd64 python-decorator all 4.0.11-1 [13.3 kB]
Get:90 http://127.0.0.1:9999/debian unstable/main amd64 python-numpy amd64 1:1.12.1-3+b2 [1936 kB]
Get:91 http://127.0.0.1:9999/debian unstable/main amd64 python-pkg-resources all 36.0.1-1 [168 kB]
Get:92 http://127.0.0.1:9999/debian unstable/main amd64 python-py all 1.4.34-2 [83.5 kB]
Get:93 http://127.0.0.1:9999/debian unstable/main amd64 python-pytest all 3.0.6-1 [184 kB]
Get:94 http://127.0.0.1:9999/debian unstable/main amd64 python-scipy amd64 0.18.1-2+b1 [8979 kB]
Get:95 http://127.0.0.1:9999/debian unstable/main amd64 python-setuptools all 36.0.1-1 [301 kB]
debconf: delaying package configuration, since apt-utils is not installed
Fetched 60.1 MB in 0s (94.7 MB/s)
Selecting previously unselected package groff-base.
(Reading database ... 10178 files and directories currently installed.)
Preparing to unpack .../00-groff-base_1.22.3-9_amd64.deb ...
Unpacking groff-base (1.22.3-9) ...
Selecting previously unselected package bsdmainutils.
Preparing to unpack .../01-bsdmainutils_9.0.12+nmu1_amd64.deb ...
Unpacking bsdmainutils (9.0.12+nmu1) ...
Selecting previously unselected package libpipeline1:amd64.
Preparing to unpack .../02-libpipeline1_1.4.1-2_amd64.deb ...
Unpacking libpipeline1:amd64 (1.4.1-2) ...
Selecting previously unselected package man-db.
Preparing to unpack .../03-man-db_2.7.6.1-2_amd64.deb ...
Unpacking man-db (2.7.6.1-2) ...
Selecting previously unselected package libpython2.7-minimal:amd64.
Preparing to unpack .../04-libpython2.7-minimal_2.7.13-2_amd64.deb ...
Unpacking libpython2.7-minimal:amd64 (2.7.13-2) ...
Selecting previously unselected package python2.7-minimal.
Preparing to unpack .../05-python2.7-minimal_2.7.13-2_amd64.deb ...
Unpacking python2.7-minimal (2.7.13-2) ...
Selecting previously unselected package python-minimal.
Preparing to unpack .../06-python-minimal_2.7.13-2_amd64.deb ...
Unpacking python-minimal (2.7.13-2) ...
Selecting previously unselected package mime-support.
Preparing to unpack .../07-mime-support_3.60_all.deb ...
Unpacking mime-support (3.60) ...
Selecting previously unselected package libexpat1:amd64.
Preparing to unpack .../08-libexpat1_2.2.1-3_amd64.deb ...
Unpacking libexpat1:amd64 (2.2.1-3) ...
Selecting previously unselected package readline-common.
Preparing to unpack .../09-readline-common_7.0-3_all.deb ...
Unpacking readline-common (7.0-3) ...
Selecting previously unselected package libreadline7:amd64.
Preparing to unpack .../10-libreadline7_7.0-3_amd64.deb ...
Unpacking libreadline7:amd64 (7.0-3) ...
Selecting previously unselected package libsqlite3-0:amd64.
Preparing to unpack .../11-libsqlite3-0_3.16.2-5_amd64.deb ...
Unpacking libsqlite3-0:amd64 (3.16.2-5) ...
Selecting previously unselected package libssl1.1:amd64.
Preparing to unpack .../12-libssl1.1_1.1.0f-3_amd64.deb ...
Unpacking libssl1.1:amd64 (1.1.0f-3) ...
Selecting previously unselected package libpython2.7-stdlib:amd64.
Preparing to unpack .../13-libpython2.7-stdlib_2.7.13-2_amd64.deb ...
Unpacking libpython2.7-stdlib:amd64 (2.7.13-2) ...
Selecting previously unselected package python2.7.
Preparing to unpack .../14-python2.7_2.7.13-2_amd64.deb ...
Unpacking python2.7 (2.7.13-2) ...
Selecting previously unselected package libpython-stdlib:amd64.
Preparing to unpack .../15-libpython-stdlib_2.7.13-2_amd64.deb ...
Unpacking libpython-stdlib:amd64 (2.7.13-2) ...
Setting up libpython2.7-minimal:amd64 (2.7.13-2) ...
Setting up python2.7-minimal (2.7.13-2) ...
Setting up python-minimal (2.7.13-2) ...
Selecting previously unselected package python.
(Reading database ... 11558 files and directories currently installed.)
Preparing to unpack .../00-python_2.7.13-2_amd64.deb ...
Unpacking python (2.7.13-2) ...
Selecting previously unselected package cmake-data.
Preparing to unpack .../01-cmake-data_3.7.2-1_all.deb ...
Unpacking cmake-data (3.7.2-1) ...
Selecting previously unselected package libprocps6:amd64.
Preparing to unpack .../02-libprocps6_2%3a3.3.12-3_amd64.deb ...
Unpacking libprocps6:amd64 (2:3.3.12-3) ...
Selecting previously unselected package lsb-base.
Preparing to unpack .../03-lsb-base_9.20161125_all.deb ...
Unpacking lsb-base (9.20161125) ...
Selecting previously unselected package procps.
Preparing to unpack .../04-procps_2%3a3.3.12-3_amd64.deb ...
Unpacking procps (2:3.3.12-3) ...
Selecting previously unselected package liblzo2-2:amd64.
Preparing to unpack .../05-liblzo2-2_2.08-1.2+b2_amd64.deb ...
Unpacking liblzo2-2:amd64 (2.08-1.2+b2) ...
Selecting previously unselected package libicu57:amd64.
Preparing to unpack .../06-libicu57_57.1-6_amd64.deb ...
Unpacking libicu57:amd64 (57.1-6) ...
Selecting previously unselected package libxml2:amd64.
Preparing to unpack .../07-libxml2_2.9.4+dfsg1-3_amd64.deb ...
Unpacking libxml2:amd64 (2.9.4+dfsg1-3) ...
Selecting previously unselected package libarchive13:amd64.
Preparing to unpack .../08-libarchive13_3.2.2-2_amd64.deb ...
Unpacking libarchive13:amd64 (3.2.2-2) ...
Selecting previously unselected package libkeyutils1:amd64.
Preparing to unpack .../09-libkeyutils1_1.5.9-9_amd64.deb ...
Unpacking libkeyutils1:amd64 (1.5.9-9) ...
Selecting previously unselected package libkrb5support0:amd64.
Preparing to unpack .../10-libkrb5support0_1.15-1_amd64.deb ...
Unpacking libkrb5support0:amd64 (1.15-1) ...
Selecting previously unselected package libk5crypto3:amd64.
Preparing to unpack .../11-libk5crypto3_1.15-1_amd64.deb ...
Unpacking libk5crypto3:amd64 (1.15-1) ...
Selecting previously unselected package libkrb5-3:amd64.
Preparing to unpack .../12-libkrb5-3_1.15-1_amd64.deb ...
Unpacking libkrb5-3:amd64 (1.15-1) ...
Selecting previously unselected package libgssapi-krb5-2:amd64.
Preparing to unpack .../13-libgssapi-krb5-2_1.15-1_amd64.deb ...
Unpacking libgssapi-krb5-2:amd64 (1.15-1) ...
Selecting previously unselected package libsasl2-modules-db:amd64.
Preparing to unpack .../14-libsasl2-modules-db_2.1.27~101-g0780600+dfsg-3_amd64.deb ...
Unpacking libsasl2-modules-db:amd64 (2.1.27~101-g0780600+dfsg-3) ...
Selecting previously unselected package libsasl2-2:amd64.
Preparing to unpack .../15-libsasl2-2_2.1.27~101-g0780600+dfsg-3_amd64.deb ...
Unpacking libsasl2-2:amd64 (2.1.27~101-g0780600+dfsg-3) ...
Selecting previously unselected package libldap-common.
Preparing to unpack .../16-libldap-common_2.4.44+dfsg-7_all.deb ...
Unpacking libldap-common (2.4.44+dfsg-7) ...
Selecting previously unselected package libldap-2.4-2:amd64.
Preparing to unpack .../17-libldap-2.4-2_2.4.44+dfsg-7_amd64.deb ...
Unpacking libldap-2.4-2:amd64 (2.4.44+dfsg-7) ...
Selecting previously unselected package libnghttp2-14:amd64.
Preparing to unpack .../18-libnghttp2-14_1.24.0-1_amd64.deb ...
Unpacking libnghttp2-14:amd64 (1.24.0-1) ...
Selecting previously unselected package libpsl5:amd64.
Preparing to unpack .../19-libpsl5_0.17.0-4+b1_amd64.deb ...
Unpacking libpsl5:amd64 (0.17.0-4+b1) ...
Selecting previously unselected package librtmp1:amd64.
Preparing to unpack .../20-librtmp1_2.4+20151223.gitfa8646d.1-1+b1_amd64.deb ...
Unpacking librtmp1:amd64 (2.4+20151223.gitfa8646d.1-1+b1) ...
Selecting previously unselected package libssh2-1:amd64.
Preparing to unpack .../21-libssh2-1_1.8.0-1_amd64.deb ...
Unpacking libssh2-1:amd64 (1.8.0-1) ...
Selecting previously unselected package libssl1.0.2:amd64.
Preparing to unpack .../22-libssl1.0.2_1.0.2l-2_amd64.deb ...
Unpacking libssl1.0.2:amd64 (1.0.2l-2) ...
Selecting previously unselected package libcurl3:amd64.
Preparing to unpack .../23-libcurl3_7.52.1-5_amd64.deb ...
Unpacking libcurl3:amd64 (7.52.1-5) ...
Selecting previously unselected package libuv1:amd64.
Preparing to unpack .../24-libuv1_1.9.1-3_amd64.deb ...
Unpacking libuv1:amd64 (1.9.1-3) ...
Selecting previously unselected package cmake.
Preparing to unpack .../25-cmake_3.7.2-1_amd64.deb ...
Unpacking cmake (3.7.2-1) ...
Selecting previously unselected package libmagic-mgc.
Preparing to unpack .../26-libmagic-mgc_1%3a5.30-1_amd64.deb ...
Unpacking libmagic-mgc (1:5.30-1) ...
Selecting previously unselected package libmagic1:amd64.
Preparing to unpack .../27-libmagic1_1%3a5.30-1_amd64.deb ...
Unpacking libmagic1:amd64 (1:5.30-1) ...
Selecting previously unselected package file.
Preparing to unpack .../28-file_1%3a5.30-1_amd64.deb ...
Unpacking file (1:5.30-1) ...
Selecting previously unselected package gettext-base.
Preparing to unpack .../29-gettext-base_0.19.8.1-2+b1_amd64.deb ...
Unpacking gettext-base (0.19.8.1-2+b1) ...
Selecting previously unselected package libsigsegv2:amd64.
Preparing to unpack .../30-libsigsegv2_2.11-1_amd64.deb ...
Unpacking libsigsegv2:amd64 (2.11-1) ...
Selecting previously unselected package m4.
Preparing to unpack .../31-m4_1.4.18-1_amd64.deb ...
Unpacking m4 (1.4.18-1) ...
Selecting previously unselected package autoconf.
Preparing to unpack .../32-autoconf_2.69-10_all.deb ...
Unpacking autoconf (2.69-10) ...
Selecting previously unselected package autotools-dev.
Preparing to unpack .../33-autotools-dev_20161112.1_all.deb ...
Unpacking autotools-dev (20161112.1) ...
Selecting previously unselected package automake.
Preparing to unpack .../34-automake_1%3a1.15.1-2_all.deb ...
Unpacking automake (1:1.15.1-2) ...
Selecting previously unselected package autopoint.
Preparing to unpack .../35-autopoint_0.19.8.1-2_all.deb ...
Unpacking autopoint (0.19.8.1-2) ...
Selecting previously unselected package catch.
Preparing to unpack .../36-catch_1.2.0-1_amd64.deb ...
Unpacking catch (1.2.0-1) ...
Selecting previously unselected package cython.
Preparing to unpack .../37-cython_0.25.2-1+b1_amd64.deb ...
Unpacking cython (0.25.2-1+b1) ...
Selecting previously unselected package libtool.
Preparing to unpack .../38-libtool_2.4.6-2_all.deb ...
Unpacking libtool (2.4.6-2) ...
Selecting previously unselected package dh-autoreconf.
Preparing to unpack .../39-dh-autoreconf_14_all.deb ...
Unpacking dh-autoreconf (14) ...
Selecting previously unselected package libarchive-zip-perl.
Preparing to unpack .../40-libarchive-zip-perl_1.59-1_all.deb ...
Unpacking libarchive-zip-perl (1.59-1) ...
Selecting previously unselected package libfile-stripnondeterminism-perl.
Preparing to unpack .../41-libfile-stripnondeterminism-perl_0.035-2_all.deb ...
Unpacking libfile-stripnondeterminism-perl (0.035-2) ...
Selecting previously unselected package libtimedate-perl.
Preparing to unpack .../42-libtimedate-perl_2.3000-2_all.deb ...
Unpacking libtimedate-perl (2.3000-2) ...
Selecting previously unselected package dh-strip-nondeterminism.
Preparing to unpack .../43-dh-strip-nondeterminism_0.035-2_all.deb ...
Unpacking dh-strip-nondeterminism (0.035-2) ...
Selecting previously unselected package libglib2.0-0:amd64.
Preparing to unpack .../44-libglib2.0-0_2.52.3-1_amd64.deb ...
Unpacking libglib2.0-0:amd64 (2.52.3-1) ...
Selecting previously unselected package libcroco3:amd64.
Preparing to unpack .../45-libcroco3_0.6.12-1_amd64.deb ...
Unpacking libcroco3:amd64 (0.6.12-1) ...
Selecting previously unselected package gettext.
Preparing to unpack .../46-gettext_0.19.8.1-2+b1_amd64.deb ...
Unpacking gettext (0.19.8.1-2+b1) ...
Selecting previously unselected package intltool-debian.
Preparing to unpack .../47-intltool-debian_0.35.0+20060710.4_all.deb ...
Unpacking intltool-debian (0.35.0+20060710.4) ...
Selecting previously unselected package po-debconf.
Preparing to unpack .../48-po-debconf_1.0.20_all.deb ...
Unpacking po-debconf (1.0.20) ...
Selecting previously unselected package debhelper.
Preparing to unpack .../49-debhelper_10.6.2_all.deb ...
Unpacking debhelper (10.6.2) ...
Selecting previously unselected package libgfortran3:amd64.
Preparing to unpack .../50-libgfortran3_6.4.0-1_amd64.deb ...
Unpacking libgfortran3:amd64 (6.4.0-1) ...
Selecting previously unselected package libgfortran-6-dev:amd64.
Preparing to unpack .../51-libgfortran-6-dev_6.4.0-1_amd64.deb ...
Unpacking libgfortran-6-dev:amd64 (6.4.0-1) ...
Selecting previously unselected package gfortran-6.
Preparing to unpack .../52-gfortran-6_6.4.0-1_amd64.deb ...
Unpacking gfortran-6 (6.4.0-1) ...
Selecting previously unselected package gfortran.
Preparing to unpack .../53-gfortran_4%3a6.3.0-4d1_amd64.deb ...
Unpacking gfortran (4:6.3.0-4d1) ...
Selecting previously unselected package libblas-common.
Preparing to unpack .../54-libblas-common_3.7.1-1_amd64.deb ...
Unpacking libblas-common (3.7.1-1) ...
Selecting previously unselected package libblas3.
Preparing to unpack .../55-libblas3_3.7.1-1_amd64.deb ...
Unpacking libblas3 (3.7.1-1) ...
Selecting previously unselected package libblas-dev.
Preparing to unpack .../56-libblas-dev_3.7.1-1_amd64.deb ...
Unpacking libblas-dev (3.7.1-1) ...
Selecting previously unselected package pkg-config.
Preparing to unpack .../57-pkg-config_0.29-4+b1_amd64.deb ...
Unpacking pkg-config (0.29-4+b1) ...
Selecting previously unselected package libeigen3-dev.
Preparing to unpack .../58-libeigen3-dev_3.3.4-2_all.deb ...
Unpacking libeigen3-dev (3.3.4-2) ...
Selecting previously unselected package libjbig0:amd64.
Preparing to unpack .../59-libjbig0_2.1-3.1+b2_amd64.deb ...
Unpacking libjbig0:amd64 (2.1-3.1+b2) ...
Selecting previously unselected package libjbig-dev:amd64.
Preparing to unpack .../60-libjbig-dev_2.1-3.1+b2_amd64.deb ...
Unpacking libjbig-dev:amd64 (2.1-3.1+b2) ...
Selecting previously unselected package libjpeg62-turbo:amd64.
Preparing to unpack .../61-libjpeg62-turbo_1%3a1.5.1-2_amd64.deb ...
Unpacking libjpeg62-turbo:amd64 (1:1.5.1-2) ...
Selecting previously unselected package libjpeg62-turbo-dev:amd64.
Preparing to unpack .../62-libjpeg62-turbo-dev_1%3a1.5.1-2_amd64.deb ...
Unpacking libjpeg62-turbo-dev:amd64 (1:1.5.1-2) ...
Selecting previously unselected package libjpeg-dev.
Preparing to unpack .../63-libjpeg-dev_1%3a1.5.1-2_all.deb ...
Unpacking libjpeg-dev (1:1.5.1-2) ...
Selecting previously unselected package liblapack3.
Preparing to unpack .../64-liblapack3_3.7.1-1_amd64.deb ...
Unpacking liblapack3 (3.7.1-1) ...
Selecting previously unselected package liblzma-dev:amd64.
Preparing to unpack .../65-liblzma-dev_5.2.2-1.2+b1_amd64.deb ...
Unpacking liblzma-dev:amd64 (5.2.2-1.2+b1) ...
Selecting previously unselected package libspdlog-dev.
Preparing to unpack .../66-libspdlog-dev_1%3a0.11.0-2_amd64.deb ...
Unpacking libspdlog-dev (1:0.11.0-2) ...
Selecting previously unselected package libtiff5:amd64.
Preparing to unpack .../67-libtiff5_4.0.8-3_amd64.deb ...
Unpacking libtiff5:amd64 (4.0.8-3) ...
Selecting previously unselected package libtiffxx5:amd64.
Preparing to unpack .../68-libtiffxx5_4.0.8-3_amd64.deb ...
Unpacking libtiffxx5:amd64 (4.0.8-3) ...
Selecting previously unselected package zlib1g-dev:amd64.
Preparing to unpack .../69-zlib1g-dev_1%3a1.2.8.dfsg-5_amd64.deb ...
Unpacking zlib1g-dev:amd64 (1:1.2.8.dfsg-5) ...
Selecting previously unselected package libtiff5-dev:amd64.
Preparing to unpack .../70-libtiff5-dev_4.0.8-3_amd64.deb ...
Unpacking libtiff5-dev:amd64 (4.0.8-3) ...
Selecting previously unselected package python-decorator.
Preparing to unpack .../71-python-decorator_4.0.11-1_all.deb ...
Unpacking python-decorator (4.0.11-1) ...
Selecting previously unselected package python-numpy.
Preparing to unpack .../72-python-numpy_1%3a1.12.1-3+b2_amd64.deb ...
Unpacking python-numpy (1:1.12.1-3+b2) ...
Selecting previously unselected package python-pkg-resources.
Preparing to unpack .../73-python-pkg-resources_36.0.1-1_all.deb ...
Unpacking python-pkg-resources (36.0.1-1) ...
Selecting previously unselected package python-py.
Preparing to unpack .../74-python-py_1.4.34-2_all.deb ...
Unpacking python-py (1.4.34-2) ...
Selecting previously unselected package python-pytest.
Preparing to unpack .../75-python-pytest_3.0.6-1_all.deb ...
Unpacking python-pytest (3.0.6-1) ...
Selecting previously unselected package python-scipy.
Preparing to unpack .../76-python-scipy_0.18.1-2+b1_amd64.deb ...
Unpacking python-scipy (0.18.1-2+b1) ...
Selecting previously unselected package python-setuptools.
Preparing to unpack .../77-python-setuptools_36.0.1-1_all.deb ...
Unpacking python-setuptools (36.0.1-1) ...
Selecting previously unselected package sbuild-build-depends-sopt-dummy.
Preparing to unpack .../78-sbuild-build-depends-sopt-dummy_0.invalid.0_amd64.deb ...
Unpacking sbuild-build-depends-sopt-dummy (0.invalid.0) ...
Setting up readline-common (7.0-3) ...
Setting up libexpat1:amd64 (2.2.1-3) ...
Setting up libjpeg62-turbo:amd64 (1:1.5.1-2) ...
Setting up libarchive-zip-perl (1.59-1) ...
Setting up libnghttp2-14:amd64 (1.24.0-1) ...
Setting up mime-support (3.60) ...
Setting up libtimedate-perl (2.3000-2) ...
Setting up libjbig0:amd64 (2.1-3.1+b2) ...
Setting up libsigsegv2:amd64 (2.11-1) ...
Setting up libldap-common (2.4.44+dfsg-7) ...
Setting up libuv1:amd64 (1.9.1-3) ...
Setting up libreadline7:amd64 (7.0-3) ...
Setting up libblas-common (3.7.1-1) ...
Setting up libpsl5:amd64 (0.17.0-4+b1) ...
Setting up libgfortran3:amd64 (6.4.0-1) ...
Setting up groff-base (1.22.3-9) ...
Setting up libglib2.0-0:amd64 (2.52.3-1) ...
No schema files found: doing nothing.
Setting up libsasl2-modules-db:amd64 (2.1.27~101-g0780600+dfsg-3) ...
Setting up libgfortran-6-dev:amd64 (6.4.0-1) ...
Setting up libsasl2-2:amd64 (2.1.27~101-g0780600+dfsg-3) ...
Setting up libtiff5:amd64 (4.0.8-3) ...
Setting up gettext-base (0.19.8.1-2+b1) ...
Setting up cmake-data (3.7.2-1) ...
Setting up libpipeline1:amd64 (1.4.1-2) ...
Setting up librtmp1:amd64 (2.4+20151223.gitfa8646d.1-1+b1) ...
Setting up m4 (1.4.18-1) ...
Setting up libicu57:amd64 (57.1-6) ...
Setting up libprocps6:amd64 (2:3.3.12-3) ...
Setting up libxml2:amd64 (2.9.4+dfsg1-3) ...
Setting up libmagic-mgc (1:5.30-1) ...
Setting up libmagic1:amd64 (1:5.30-1) ...
Setting up lsb-base (9.20161125) ...
Setting up libjbig-dev:amd64 (2.1-3.1+b2) ...
Setting up procps (2:3.3.12-3) ...
update-alternatives: using /usr/bin/w.procps to provide /usr/bin/w (w) in auto mode
Setting up libcroco3:amd64 (0.6.12-1) ...
Setting up libssl1.0.2:amd64 (1.0.2l-2) ...
Setting up pkg-config (0.29-4+b1) ...
Setting up libblas3 (3.7.1-1) ...
update-alternatives: using /usr/lib/libblas/libblas.so.3 to provide /usr/lib/libblas.so.3 (libblas.so.3) in auto mode
Setting up libssh2-1:amd64 (1.8.0-1) ...
Processing triggers for libc-bin (2.24-12) ...
Setting up libspdlog-dev (1:0.11.0-2) ...
Setting up autotools-dev (20161112.1) ...
Setting up libldap-2.4-2:amd64 (2.4.44+dfsg-7) ...
Setting up libssl1.1:amd64 (1.1.0f-3) ...
Setting up libsqlite3-0:amd64 (3.16.2-5) ...
Setting up libtiffxx5:amd64 (4.0.8-3) ...
Setting up libjpeg62-turbo-dev:amd64 (1:1.5.1-2) ...
Setting up liblzma-dev:amd64 (5.2.2-1.2+b1) ...
Setting up libkeyutils1:amd64 (1.5.9-9) ...
Setting up bsdmainutils (9.0.12+nmu1) ...
update-alternatives: using /usr/bin/bsd-write to provide /usr/bin/write (write) in auto mode
update-alternatives: using /usr/bin/bsd-from to provide /usr/bin/from (from) in auto mode
Setting up catch (1.2.0-1) ...
Setting up libpython2.7-stdlib:amd64 (2.7.13-2) ...
Setting up autopoint (0.19.8.1-2) ...
Setting up liblzo2-2:amd64 (2.08-1.2+b2) ...
Setting up zlib1g-dev:amd64 (1:1.2.8.dfsg-5) ...
Setting up libfile-stripnondeterminism-perl (0.035-2) ...
Setting up gfortran-6 (6.4.0-1) ...
Setting up gettext (0.19.8.1-2+b1) ...
Setting up libarchive13:amd64 (3.2.2-2) ...
Setting up libeigen3-dev (3.3.4-2) ...
Setting up liblapack3 (3.7.1-1) ...
update-alternatives: using /usr/lib/lapack/liblapack.so.3 to provide /usr/lib/liblapack.so.3 (liblapack.so.3) in auto mode
Setting up libtiff5-dev:amd64 (4.0.8-3) ...
Setting up python2.7 (2.7.13-2) ...
Setting up autoconf (2.69-10) ...
Setting up file (1:5.30-1) ...
Setting up libkrb5support0:amd64 (1.15-1) ...
Setting up libpython-stdlib:amd64 (2.7.13-2) ...
Setting up intltool-debian (0.35.0+20060710.4) ...
Setting up libjpeg-dev (1:1.5.1-2) ...
Setting up automake (1:1.15.1-2) ...
update-alternatives: using /usr/bin/automake-1.15 to provide /usr/bin/automake (automake) in auto mode
Setting up man-db (2.7.6.1-2) ...
Not building database; man-db/auto-update is not 'true'.
Setting up python (2.7.13-2) ...
Setting up libtool (2.4.6-2) ...
Setting up gfortran (4:6.3.0-4d1) ...
update-alternatives: using /usr/bin/gfortran to provide /usr/bin/f95 (f95) in auto mode
update-alternatives: using /usr/bin/gfortran to provide /usr/bin/f77 (f77) in auto mode
Setting up libk5crypto3:amd64 (1.15-1) ...
Setting up po-debconf (1.0.20) ...
Setting up libblas-dev (3.7.1-1) ...
update-alternatives: using /usr/lib/libblas/libblas.so to provide /usr/lib/libblas.so (libblas.so) in auto mode
Setting up python-pkg-resources (36.0.1-1) ...
Setting up python-numpy (1:1.12.1-3+b2) ...
Setting up cython (0.25.2-1+b1) ...
Setting up libkrb5-3:amd64 (1.15-1) ...
Setting up python-decorator (4.0.11-1) ...
Setting up python-setuptools (36.0.1-1) ...
Setting up python-scipy (0.18.1-2+b1) ...
Setting up python-py (1.4.34-2) ...
Setting up python-pytest (3.0.6-1) ...
Setting up libgssapi-krb5-2:amd64 (1.15-1) ...
Setting up libcurl3:amd64 (7.52.1-5) ...
Setting up cmake (3.7.2-1) ...
Setting up debhelper (10.6.2) ...
Setting up dh-autoreconf (14) ...
Setting up dh-strip-nondeterminism (0.035-2) ...
Setting up sbuild-build-depends-sopt-dummy (0.invalid.0) ...
Processing triggers for libc-bin (2.24-12) ...

+------------------------------------------------------------------------------+
| Build environment                                                            |
+------------------------------------------------------------------------------+

Kernel: Linux 4.9.0-2-amd64 amd64 (x86_64)
Toolchain package versions: binutils_2.28-6 dpkg-dev_1.18.24 g++-6_6.4.0-1 gcc-6_6.4.0-1 libc6-dev_2.24-12 libstdc++-6-dev_6.4.0-1 libstdc++6_7.1.0-9 linux-libc-dev_4.11.6-1
Package versions: adduser_3.115 apt_1.5~beta1 autoconf_2.69-10 automake_1:1.15.1-2 autopoint_0.19.8.1-2 autotools-dev_20161112.1 base-files_10 base-passwd_3.5.43 bash_4.4-5 binutils_2.28-6 bsdmainutils_9.0.12+nmu1 bsdutils_1:2.29.2-1 build-essential_12.3 bzip2_1.0.6-8.1 catch_1.2.0-1 clang-3.9_1:3.9.1-10 cmake_3.7.2-1 cmake-data_3.7.2-1 coreutils_8.26-3 cpp_4:6.3.0-4d1 cpp-6_6.4.0-1 cython_0.25.2-1+b1 dash_0.5.8-2.4 debconf_1.5.62 debfoster_2.7-2.1+b1 debhelper_10.6.2 debian-archive-keyring_2017.5 debianutils_4.8.1.1 dh-autoreconf_14 dh-strip-nondeterminism_0.035-2 diffutils_1:3.5-3 dpkg_1.18.24 dpkg-dev_1.18.24 e2fslibs_1.43.4-2 e2fsprogs_1.43.4-2 eatmydata_105-5 fakeroot_1.21-3.1 file_1:5.30-1 findutils_4.6.0+git+20170606-2 g++_4:6.3.0-4d1 g++-6_6.4.0-1 gcc_4:6.3.0-4d1 gcc-6_6.4.0-1 gcc-6-base_6.4.0-1 gcc-7-base_7.1.0-9 gettext_0.19.8.1-2+b1 gettext-base_0.19.8.1-2+b1 gfortran_4:6.3.0-4d1 gfortran-6_6.4.0-1 gpgv_2.1.18-8 grep_2.27-2 groff-base_1.22.3-9 gzip_1.6-5+b1 hostname_3.18+b1 init-system-helpers_1.48 intltool-debian_0.35.0+20060710.4 libacl1_2.2.52-3+b1 libapt-pkg5.0_1.5~beta1 libarchive-zip-perl_1.59-1 libarchive13_3.2.2-2 libasan3_6.4.0-1 libatomic1_7.1.0-9 libattr1_1:2.4.47-2+b2 libaudit-common_1:2.7.7-1 libaudit1_1:2.7.7-1+b1 libblas-common_3.7.1-1 libblas-dev_3.7.1-1 libblas3_3.7.1-1 libblkid1_2.29.2-1 libbsd0_0.8.5-1 libbz2-1.0_1.0.6-8.1 libc-bin_2.24-12 libc-dev-bin_2.24-12 libc6_2.24-12 libc6-dev_2.24-12 libcap-ng0_0.7.7-3+b1 libcc1-0_7.1.0-9 libcilkrts5_7.1.0-9 libclang-common-3.9-dev_1:3.9.1-10 libclang1-3.9_1:3.9.1-10 libcomerr2_1.43.4-2 libcroco3_0.6.12-1 libcurl3_7.52.1-5 libdb5.3_5.3.28-12+b1 libdebconfclient0_0.229 libdpkg-perl_1.18.24 libeatmydata1_105-5 libedit2_3.1-20170329-1 libeigen3-dev_3.3.4-2 libexpat1_2.2.1-3 libfakeroot_1.21-3.1 libfdisk1_2.29.2-1 libffi6_3.2.1-6 libfile-stripnondeterminism-perl_0.035-2 libgc1c2_1:7.4.2-8 libgcc-6-dev_6.4.0-1 libgcc1_1:7.1.0-9 libgcrypt20_1.7.8-1 libgdbm3_1.8.3-14 libgfortran-6-dev_6.4.0-1 libgfortran3_6.4.0-1 libglib2.0-0_2.52.3-1 libgmp10_2:6.1.2+dfsg-1 libgnutls30_3.5.13-2 libgomp1_7.1.0-9 libgpg-error0_1.27-3 libgssapi-krb5-2_1.15-1 libhogweed4_3.3-1+b1 libicu57_57.1-6 libidn2-0_0.16-1+b1 libisl15_0.18-1 libitm1_7.1.0-9 libjbig-dev_2.1-3.1+b2 libjbig0_2.1-3.1+b2 libjpeg-dev_1:1.5.1-2 libjpeg62-turbo_1:1.5.1-2 libjpeg62-turbo-dev_1:1.5.1-2 libjsoncpp1_1.7.4-3 libk5crypto3_1.15-1 libkeyutils1_1.5.9-9 libkrb5-3_1.15-1 libkrb5support0_1.15-1 liblapack3_3.7.1-1 libldap-2.4-2_2.4.44+dfsg-7 libldap-common_2.4.44+dfsg-7 libllvm3.9_1:3.9.1-10 liblsan0_7.1.0-9 liblz4-1_0.0~r131-2+b1 liblzma-dev_5.2.2-1.2+b1 liblzma5_5.2.2-1.2+b1 liblzo2-2_2.08-1.2+b2 libmagic-mgc_1:5.30-1 libmagic1_1:5.30-1 libmount1_2.29.2-1 libmpc3_1.0.3-1+b2 libmpfr4_3.1.5-1 libmpx2_7.1.0-9 libncurses5_6.0+20161126-1 libncursesw5_6.0+20161126-1 libnettle6_3.3-1+b1 libnghttp2-14_1.24.0-1 libobjc-6-dev_6.4.0-1 libobjc4_7.1.0-9 libp11-kit0_0.23.7-2 libpam-modules_1.1.8-3.6 libpam-modules-bin_1.1.8-3.6 libpam-runtime_1.1.8-3.6 libpam0g_1.1.8-3.6 libpcre3_2:8.39-3 libperl5.24_5.24.1-6 libpipeline1_1.4.1-2 libprocps6_2:3.3.12-3 libpsl5_0.17.0-4+b1 libpython-stdlib_2.7.13-2 libpython2.7-minimal_2.7.13-2 libpython2.7-stdlib_2.7.13-2 libquadmath0_7.1.0-9 libreadline7_7.0-3 librtmp1_2.4+20151223.gitfa8646d.1-1+b1 libsasl2-2_2.1.27~101-g0780600+dfsg-3 libsasl2-modules-db_2.1.27~101-g0780600+dfsg-3 libselinux1_2.6-3+b2 libsemanage-common_2.6-2 libsemanage1_2.6-2+b1 libsepol1_2.6-2 libsigsegv2_2.11-1 libsmartcols1_2.29.2-1 libspdlog-dev_1:0.11.0-2 libsqlite3-0_3.16.2-5 libss2_1.43.4-2 libssh2-1_1.8.0-1 libssl1.0.2_1.0.2l-2 libssl1.1_1.1.0f-3 libstdc++-6-dev_6.4.0-1 libstdc++6_7.1.0-9 libsystemd0_233-10 libtasn1-6_4.12-2 libtiff5_4.0.8-3 libtiff5-dev_4.0.8-3 libtiffxx5_4.0.8-3 libtimedate-perl_2.3000-2 libtinfo5_6.0+20161126-1 libtool_2.4.6-2 libtsan0_7.1.0-9 libubsan0_7.1.0-9 libudev1_233-10 libunistring2_0.9.7-2 libustr-1.0-1_1.0.4-6 libuuid1_2.29.2-1 libuv1_1.9.1-3 libxml2_2.9.4+dfsg1-3 linux-libc-dev_4.11.6-1 login_1:4.4-4.1 lsb-base_9.20161125 m4_1.4.18-1 make_4.1-9.1 man-db_2.7.6.1-2 mawk_1.3.3-17+b3 mime-support_3.60 mount_2.29.2-1 multiarch-support_2.24-12 ncurses-base_6.0+20161126-1 ncurses-bin_6.0+20161126-1 passwd_1:4.4-4.1 patch_2.7.5-1+b2 perl_5.24.1-6 perl-base_5.24.1-6 perl-modules-5.24_5.24.1-6 pkg-config_0.29-4+b1 po-debconf_1.0.20 procps_2:3.3.12-3 python_2.7.13-2 python-decorator_4.0.11-1 python-minimal_2.7.13-2 python-numpy_1:1.12.1-3+b2 python-pkg-resources_36.0.1-1 python-py_1.4.34-2 python-pytest_3.0.6-1 python-scipy_0.18.1-2+b1 python-setuptools_36.0.1-1 python2.7_2.7.13-2 python2.7-minimal_2.7.13-2 readline-common_7.0-3 sbuild-build-depends-core-dummy_0.invalid.0 sbuild-build-depends-sopt-dummy_0.invalid.0 sed_4.4-1 sensible-utils_0.0.9 sysvinit-utils_2.88dsf-59.9 tar_1.29b-1.1 util-linux_2.29.2-1 xz-utils_5.2.2-1.2+b1 zlib1g_1:1.2.8.dfsg-5 zlib1g-dev_1:1.2.8.dfsg-5

+------------------------------------------------------------------------------+
| Build                                                                        |
+------------------------------------------------------------------------------+


Unpack source
-------------

gpgv: unknown type of key resource 'trustedkeys.kbx'
gpgv: keyblock resource '/sbuild-nonexistent/.gnupg/trustedkeys.kbx': General error
gpgv: Signature made Wed Dec  7 11:02:26 2016 UTC
gpgv:                using RSA key BAFC6C85F7CB143FEEB6FB157115AFD07710DCF7
gpgv: Can't check signature: No public key
dpkg-source: warning: failed to verify signature on ./sopt_2.0.0-2.dsc
dpkg-source: info: extracting sopt in /<<PKGBUILDDIR>>
dpkg-source: info: unpacking sopt_2.0.0.orig.tar.gz
dpkg-source: info: unpacking sopt_2.0.0-2.debian.tar.xz
dpkg-source: info: applying Remove-reference-to-GreatCMakeCookOff.patch
dpkg-source: info: applying Redefine-SOVERSION.patch
dpkg-source: info: applying Fix-test.patch
dpkg-source: info: applying Multiarch-patch.patch

Check disk space
----------------

Sufficient free space for build

User Environment
----------------

APT_CONFIG=/var/lib/sbuild/apt.conf
HOME=/sbuild-nonexistent
LANG=en_US.UTF-8
LC_ALL=POSIX
LOGNAME=user42
PATH=/usr/local/sbin:/usr/local/bin:/usr/sbin:/usr/bin:/sbin:/bin:/usr/games
SCHROOT_ALIAS_NAME=unstable-amd64-sbuild
SCHROOT_CHROOT_NAME=unstable-amd64-sbuild
SCHROOT_COMMAND=env
SCHROOT_GID=1001
SCHROOT_GROUP=user42
SCHROOT_SESSION_ID=unstable-amd64-sbuild-dbe80bf7-72a3-49d5-95e3-4f2dd70f0571
SCHROOT_UID=1001
SCHROOT_USER=user42
SHELL=/bin/sh
USER=user42

dpkg-buildpackage
-----------------

dpkg-buildpackage: info: source package sopt
dpkg-buildpackage: info: source version 2.0.0-2
dpkg-buildpackage: info: source distribution unstable
dpkg-buildpackage: info: source changed by Ole Streicher <olebole@debian.org>
 dpkg-source --before-build sopt-2.0.0
dpkg-buildpackage: info: host architecture amd64
 fakeroot debian/rules clean
dh clean --parallel --buildsystem=cmake
   dh_testdir -O--parallel -O--buildsystem=cmake
   dh_auto_clean -O--parallel -O--buildsystem=cmake
   dh_clean -O--parallel -O--buildsystem=cmake
 debian/rules build-arch
dh build-arch --parallel --buildsystem=cmake
   dh_testdir -a -O--parallel -O--buildsystem=cmake
   dh_update_autotools_config -a -O--parallel -O--buildsystem=cmake
   debian/rules override_dh_auto_configure
make[1]: Entering directory '/<<PKGBUILDDIR>>'
dh_auto_configure -- -DDEB_BUILD_MULTIARCH=`dpkg-architecture -qDEB_BUILD_MULTIARCH`
	cmake .. -DCMAKE_INSTALL_PREFIX=/usr -DCMAKE_VERBOSE_MAKEFILE=ON -DCMAKE_BUILD_TYPE=None -DCMAKE_INSTALL_SYSCONFDIR=/etc -DCMAKE_INSTALL_LOCALSTATEDIR=/var -DDEB_BUILD_MULTIARCH=x86_64-linux-gnu
-- The CXX compiler identification is Clang 3.9.1
-- Check for working CXX compiler: /usr/bin/c++
-- Check for working CXX compiler: /usr/bin/c++ -- works
-- Detecting CXX compiler ABI info
-- Detecting CXX compiler ABI info - done
-- Detecting CXX compile features
-- Detecting CXX compile features - done
-- Found TIFF: /usr/lib/x86_64-linux-gnu/libtiff.so (found version "4.0.8") 
-- Try OpenMP CXX flag = [-fopenmp=libomp]
-- Performing Test OpenMP_FLAG_DETECTED
-- Performing Test OpenMP_FLAG_DETECTED - Failed
-- Try OpenMP CXX flag = [ ]
-- Performing Test OpenMP_FLAG_DETECTED
-- Performing Test OpenMP_FLAG_DETECTED - Failed
-- Try OpenMP CXX flag = [-fopenmp]
-- Performing Test OpenMP_FLAG_DETECTED
-- Performing Test OpenMP_FLAG_DETECTED - Failed
-- Try OpenMP CXX flag = [/openmp]
-- Performing Test OpenMP_FLAG_DETECTED
-- Performing Test OpenMP_FLAG_DETECTED - Failed
-- Try OpenMP CXX flag = [-Qopenmp]
-- Performing Test OpenMP_FLAG_DETECTED
-- Performing Test OpenMP_FLAG_DETECTED - Failed
-- Try OpenMP CXX flag = [-openmp]
-- Performing Test OpenMP_FLAG_DETECTED
-- Performing Test OpenMP_FLAG_DETECTED - Failed
-- Try OpenMP CXX flag = [-xopenmp]
-- Performing Test OpenMP_FLAG_DETECTED
-- Performing Test OpenMP_FLAG_DETECTED - Failed
-- Try OpenMP CXX flag = [+Oopenmp]
-- Performing Test OpenMP_FLAG_DETECTED
-- Performing Test OpenMP_FLAG_DETECTED - Failed
-- Try OpenMP CXX flag = [-qsmp]
-- Performing Test OpenMP_FLAG_DETECTED
-- Performing Test OpenMP_FLAG_DETECTED - Failed
-- Try OpenMP CXX flag = [-mp]
-- Performing Test OpenMP_FLAG_DETECTED
-- Performing Test OpenMP_FLAG_DETECTED - Failed
-- Could NOT find OpenMP (missing:  OpenMP_CXX_FLAGS) 
-- Could not find OpenMP. Compiling without.
CMake Warning at cmake_files/export_sopt.cmake:6 (export):
  Cannot create package registry file:

    /sbuild-nonexistent/.cmake/packages/Sopt/677d44f37f4bd162fce394ff6b607bb7

  No such file or directory

Call Stack (most recent call first):
  CMakeLists.txt:72 (include)


-- Configuring done
CMake Warning (dev) at cpp/sopt/CMakeLists.txt:20 (add_dependencies):
  Policy CMP0046 is not set: Error on non-existent dependency in
  add_dependencies.  Run "cmake --help-policy CMP0046" for policy details.
  Use the cmake_policy command to set the policy and suppress this warning.

  The dependency target "lookup_dependencies" of target "sopt" does not
  exist.
This warning is for project developers.  Use -Wno-dev to suppress it.

CMake Warning (dev) at cpp/tests/CMakeLists.txt:13 (add_dependencies):
  Policy CMP0046 is not set: Error on non-existent dependency in
  add_dependencies.  Run "cmake --help-policy CMP0046" for policy details.
  Use the cmake_policy command to set the policy and suppress this warning.

  The dependency target "lookup_dependencies" of target
  "common_catch_main_object" does not exist.
This warning is for project developers.  Use -Wno-dev to suppress it.

-- Generating done
CMake Warning:
  Manually-specified variables were not used by the project:

    CMAKE_INSTALL_LOCALSTATEDIR
    CMAKE_INSTALL_SYSCONFDIR


-- Build files have been written to: /<<PKGBUILDDIR>>/obj-x86_64-linux-gnu
make[1]: Leaving directory '/<<PKGBUILDDIR>>'
   dh_auto_build -a -O--parallel -O--buildsystem=cmake
	make -j16
make[1]: Entering directory '/<<PKGBUILDDIR>>/obj-x86_64-linux-gnu'
/usr/bin/cmake -H/<<PKGBUILDDIR>> -B/<<PKGBUILDDIR>>/obj-x86_64-linux-gnu --check-build-system CMakeFiles/Makefile.cmake 0
/usr/bin/cmake -E cmake_progress_start /<<PKGBUILDDIR>>/obj-x86_64-linux-gnu/CMakeFiles /<<PKGBUILDDIR>>/obj-x86_64-linux-gnu/CMakeFiles/progress.marks
make -f CMakeFiles/Makefile2 all
make[2]: Entering directory '/<<PKGBUILDDIR>>/obj-x86_64-linux-gnu'
make -f cpp/sopt/CMakeFiles/sopt.dir/build.make cpp/sopt/CMakeFiles/sopt.dir/depend
make -f cpp/tests/CMakeFiles/common_catch_main_object.dir/build.make cpp/tests/CMakeFiles/common_catch_main_object.dir/depend
make[3]: Entering directory '/<<PKGBUILDDIR>>/obj-x86_64-linux-gnu'
cd /<<PKGBUILDDIR>>/obj-x86_64-linux-gnu && /usr/bin/cmake -E cmake_depends "Unix Makefiles" /<<PKGBUILDDIR>> /<<PKGBUILDDIR>>/cpp/sopt /<<PKGBUILDDIR>>/obj-x86_64-linux-gnu /<<PKGBUILDDIR>>/obj-x86_64-linux-gnu/cpp/sopt /<<PKGBUILDDIR>>/obj-x86_64-linux-gnu/cpp/sopt/CMakeFiles/sopt.dir/DependInfo.cmake --color=
make[3]: Entering directory '/<<PKGBUILDDIR>>/obj-x86_64-linux-gnu'
cd /<<PKGBUILDDIR>>/obj-x86_64-linux-gnu && /usr/bin/cmake -E cmake_depends "Unix Makefiles" /<<PKGBUILDDIR>> /<<PKGBUILDDIR>>/cpp/tests /<<PKGBUILDDIR>>/obj-x86_64-linux-gnu /<<PKGBUILDDIR>>/obj-x86_64-linux-gnu/cpp/tests /<<PKGBUILDDIR>>/obj-x86_64-linux-gnu/cpp/tests/CMakeFiles/common_catch_main_object.dir/DependInfo.cmake --color=
Scanning dependencies of target common_catch_main_object
make[3]: Leaving directory '/<<PKGBUILDDIR>>/obj-x86_64-linux-gnu'
make -f cpp/tests/CMakeFiles/common_catch_main_object.dir/build.make cpp/tests/CMakeFiles/common_catch_main_object.dir/build
make[3]: Entering directory '/<<PKGBUILDDIR>>/obj-x86_64-linux-gnu'
[  3%] Building CXX object cpp/tests/CMakeFiles/common_catch_main_object.dir/common_catch_main.cc.o
cd /<<PKGBUILDDIR>>/obj-x86_64-linux-gnu/cpp/tests && /usr/bin/c++    -I/<<PKGBUILDDIR>>/obj-x86_64-linux-gnu/include -I/<<PKGBUILDDIR>>/cpp/tests/..  -g -O2 -fdebug-prefix-map=/<<PKGBUILDDIR>>=. -fstack-protector-strong -Wformat -Werror=format-security -Wdate-time -D_FORTIFY_SOURCE=2  -std=gnu++11   -o CMakeFiles/common_catch_main_object.dir/common_catch_main.cc.o -c /<<PKGBUILDDIR>>/cpp/tests/common_catch_main.cc
Scanning dependencies of target sopt
make[3]: Leaving directory '/<<PKGBUILDDIR>>/obj-x86_64-linux-gnu'
make -f cpp/sopt/CMakeFiles/sopt.dir/build.make cpp/sopt/CMakeFiles/sopt.dir/build
make[3]: Entering directory '/<<PKGBUILDDIR>>/obj-x86_64-linux-gnu'
[  6%] Building CXX object cpp/sopt/CMakeFiles/sopt.dir/wavelets/wavelets.cc.o
[  9%] Building CXX object cpp/sopt/CMakeFiles/sopt.dir/wavelets/wavelet_data.cc.o
[ 12%] Building CXX object cpp/sopt/CMakeFiles/sopt.dir/utilities.cc.o
cd /<<PKGBUILDDIR>>/obj-x86_64-linux-gnu/cpp/sopt && /usr/bin/c++   -Dsopt_EXPORTS -I/<<PKGBUILDDIR>>/cpp/sopt/.. -I/<<PKGBUILDDIR>>/obj-x86_64-linux-gnu/include -isystem /usr/include/x86_64-linux-gnu -isystem /usr/include/eigen3  -g -O2 -fdebug-prefix-map=/<<PKGBUILDDIR>>=. -fstack-protector-strong -Wformat -Werror=format-security -Wdate-time -D_FORTIFY_SOURCE=2  -std=gnu++11 -fPIC   -o CMakeFiles/sopt.dir/wavelets/wavelets.cc.o -c /<<PKGBUILDDIR>>/cpp/sopt/wavelets/wavelets.cc
cd /<<PKGBUILDDIR>>/obj-x86_64-linux-gnu/cpp/sopt && /usr/bin/c++   -Dsopt_EXPORTS -I/<<PKGBUILDDIR>>/cpp/sopt/.. -I/<<PKGBUILDDIR>>/obj-x86_64-linux-gnu/include -isystem /usr/include/x86_64-linux-gnu -isystem /usr/include/eigen3  -g -O2 -fdebug-prefix-map=/<<PKGBUILDDIR>>=. -fstack-protector-strong -Wformat -Werror=format-security -Wdate-time -D_FORTIFY_SOURCE=2  -std=gnu++11 -fPIC   -o CMakeFiles/sopt.dir/wavelets/wavelet_data.cc.o -c /<<PKGBUILDDIR>>/cpp/sopt/wavelets/wavelet_data.cc
cd /<<PKGBUILDDIR>>/obj-x86_64-linux-gnu/cpp/sopt && /usr/bin/c++   -Dsopt_EXPORTS -I/<<PKGBUILDDIR>>/cpp/sopt/.. -I/<<PKGBUILDDIR>>/obj-x86_64-linux-gnu/include -isystem /usr/include/x86_64-linux-gnu -isystem /usr/include/eigen3  -g -O2 -fdebug-prefix-map=/<<PKGBUILDDIR>>=. -fstack-protector-strong -Wformat -Werror=format-security -Wdate-time -D_FORTIFY_SOURCE=2  -std=gnu++11 -fPIC   -o CMakeFiles/sopt.dir/utilities.cc.o -c /<<PKGBUILDDIR>>/cpp/sopt/utilities.cc
[ 16%] Linking CXX shared library libsopt.so
cd /<<PKGBUILDDIR>>/obj-x86_64-linux-gnu/cpp/sopt && /usr/bin/cmake -E cmake_link_script CMakeFiles/sopt.dir/link.txt --verbose=1
/usr/bin/c++  -fPIC -g -O2 -fdebug-prefix-map=/<<PKGBUILDDIR>>=. -fstack-protector-strong -Wformat -Werror=format-security -Wdate-time -D_FORTIFY_SOURCE=2  -std=gnu++11 -Wl,-z,relro -shared -Wl,-soname,libsopt.so.2.0 -o libsopt.so.2.0.0 CMakeFiles/sopt.dir/wavelets/wavelets.cc.o CMakeFiles/sopt.dir/wavelets/wavelet_data.cc.o CMakeFiles/sopt.dir/utilities.cc.o -ltiff 
cd /<<PKGBUILDDIR>>/obj-x86_64-linux-gnu/cpp/sopt && /usr/bin/cmake -E cmake_symlink_library libsopt.so.2.0.0 libsopt.so.2.0 libsopt.so
make[3]: Leaving directory '/<<PKGBUILDDIR>>/obj-x86_64-linux-gnu'
[ 16%] Built target sopt
make[3]: Leaving directory '/<<PKGBUILDDIR>>/obj-x86_64-linux-gnu'
[ 16%] Built target common_catch_main_object
make -f cpp/tests/CMakeFiles/test_wrapper.dir/build.make cpp/tests/CMakeFiles/test_wrapper.dir/depend
make -f cpp/tests/CMakeFiles/test_maths.dir/build.make cpp/tests/CMakeFiles/test_maths.dir/depend
make -f cpp/tests/CMakeFiles/test_proximal.dir/build.make cpp/tests/CMakeFiles/test_proximal.dir/depend
make -f cpp/tests/CMakeFiles/test_sara.dir/build.make cpp/tests/CMakeFiles/test_sara.dir/depend
make -f cpp/tests/CMakeFiles/test_sdmm_warm_start.dir/build.make cpp/tests/CMakeFiles/test_sdmm_warm_start.dir/depend
make -f cpp/tests/CMakeFiles/test_wavelets.dir/build.make cpp/tests/CMakeFiles/test_wavelets.dir/depend
make -f cpp/tests/CMakeFiles/test_linear_transform.dir/build.make cpp/tests/CMakeFiles/test_linear_transform.dir/depend
make -f cpp/tests/CMakeFiles/test_sdmm.dir/build.make cpp/tests/CMakeFiles/test_sdmm.dir/depend
make[3]: Entering directory '/<<PKGBUILDDIR>>/obj-x86_64-linux-gnu'
cd /<<PKGBUILDDIR>>/obj-x86_64-linux-gnu && /usr/bin/cmake -E cmake_depends "Unix Makefiles" /<<PKGBUILDDIR>> /<<PKGBUILDDIR>>/cpp/tests /<<PKGBUILDDIR>>/obj-x86_64-linux-gnu /<<PKGBUILDDIR>>/obj-x86_64-linux-gnu/cpp/tests /<<PKGBUILDDIR>>/obj-x86_64-linux-gnu/cpp/tests/CMakeFiles/test_wrapper.dir/DependInfo.cmake --color=
make -f cpp/tests/CMakeFiles/test_padmm.dir/build.make cpp/tests/CMakeFiles/test_padmm.dir/depend
make -f cpp/tests/CMakeFiles/test_padmm_warm_start.dir/build.make cpp/tests/CMakeFiles/test_padmm_warm_start.dir/depend
make -f cpp/tests/CMakeFiles/test_reweighted.dir/build.make cpp/tests/CMakeFiles/test_reweighted.dir/depend
make -f cpp/tests/CMakeFiles/test_conjugate_gradient.dir/build.make cpp/tests/CMakeFiles/test_conjugate_gradient.dir/depend
make -f cpp/tests/CMakeFiles/test_power_method.dir/build.make cpp/tests/CMakeFiles/test_power_method.dir/depend
make[3]: Entering directory '/<<PKGBUILDDIR>>/obj-x86_64-linux-gnu'
cd /<<PKGBUILDDIR>>/obj-x86_64-linux-gnu && /usr/bin/cmake -E cmake_depends "Unix Makefiles" /<<PKGBUILDDIR>> /<<PKGBUILDDIR>>/cpp/tests /<<PKGBUILDDIR>>/obj-x86_64-linux-gnu /<<PKGBUILDDIR>>/obj-x86_64-linux-gnu/cpp/tests /<<PKGBUILDDIR>>/obj-x86_64-linux-gnu/cpp/tests/CMakeFiles/test_linear_transform.dir/DependInfo.cmake --color=
make[3]: Entering directory '/<<PKGBUILDDIR>>/obj-x86_64-linux-gnu'
cd /<<PKGBUILDDIR>>/obj-x86_64-linux-gnu && /usr/bin/cmake -E cmake_depends "Unix Makefiles" /<<PKGBUILDDIR>> /<<PKGBUILDDIR>>/cpp/tests /<<PKGBUILDDIR>>/obj-x86_64-linux-gnu /<<PKGBUILDDIR>>/obj-x86_64-linux-gnu/cpp/tests /<<PKGBUILDDIR>>/obj-x86_64-linux-gnu/cpp/tests/CMakeFiles/test_maths.dir/DependInfo.cmake --color=
make[3]: Entering directory '/<<PKGBUILDDIR>>/obj-x86_64-linux-gnu'
cd /<<PKGBUILDDIR>>/obj-x86_64-linux-gnu && /usr/bin/cmake -E cmake_depends "Unix Makefiles" /<<PKGBUILDDIR>> /<<PKGBUILDDIR>>/cpp/tests /<<PKGBUILDDIR>>/obj-x86_64-linux-gnu /<<PKGBUILDDIR>>/obj-x86_64-linux-gnu/cpp/tests /<<PKGBUILDDIR>>/obj-x86_64-linux-gnu/cpp/tests/CMakeFiles/test_proximal.dir/DependInfo.cmake --color=
make[3]: Entering directory '/<<PKGBUILDDIR>>/obj-x86_64-linux-gnu'
cd /<<PKGBUILDDIR>>/obj-x86_64-linux-gnu && /usr/bin/cmake -E cmake_depends "Unix Makefiles" /<<PKGBUILDDIR>> /<<PKGBUILDDIR>>/cpp/tests /<<PKGBUILDDIR>>/obj-x86_64-linux-gnu /<<PKGBUILDDIR>>/obj-x86_64-linux-gnu/cpp/tests /<<PKGBUILDDIR>>/obj-x86_64-linux-gnu/cpp/tests/CMakeFiles/test_sdmm.dir/DependInfo.cmake --color=
make[3]: Entering directory '/<<PKGBUILDDIR>>/obj-x86_64-linux-gnu'
cd /<<PKGBUILDDIR>>/obj-x86_64-linux-gnu && /usr/bin/cmake -E cmake_depends "Unix Makefiles" /<<PKGBUILDDIR>> /<<PKGBUILDDIR>>/cpp/tests /<<PKGBUILDDIR>>/obj-x86_64-linux-gnu /<<PKGBUILDDIR>>/obj-x86_64-linux-gnu/cpp/tests /<<PKGBUILDDIR>>/obj-x86_64-linux-gnu/cpp/tests/CMakeFiles/test_power_method.dir/DependInfo.cmake --color=
make[3]: Entering directory '/<<PKGBUILDDIR>>/obj-x86_64-linux-gnu'
cd /<<PKGBUILDDIR>>/obj-x86_64-linux-gnu && /usr/bin/cmake -E cmake_depends "Unix Makefiles" /<<PKGBUILDDIR>> /<<PKGBUILDDIR>>/cpp/tests /<<PKGBUILDDIR>>/obj-x86_64-linux-gnu /<<PKGBUILDDIR>>/obj-x86_64-linux-gnu/cpp/tests /<<PKGBUILDDIR>>/obj-x86_64-linux-gnu/cpp/tests/CMakeFiles/test_sara.dir/DependInfo.cmake --color=
make[3]: Entering directory '/<<PKGBUILDDIR>>/obj-x86_64-linux-gnu'
cd /<<PKGBUILDDIR>>/obj-x86_64-linux-gnu && /usr/bin/cmake -E cmake_depends "Unix Makefiles" /<<PKGBUILDDIR>> /<<PKGBUILDDIR>>/cpp/tests /<<PKGBUILDDIR>>/obj-x86_64-linux-gnu /<<PKGBUILDDIR>>/obj-x86_64-linux-gnu/cpp/tests /<<PKGBUILDDIR>>/obj-x86_64-linux-gnu/cpp/tests/CMakeFiles/test_sdmm_warm_start.dir/DependInfo.cmake --color=
make[3]: Entering directory '/<<PKGBUILDDIR>>/obj-x86_64-linux-gnu'
cd /<<PKGBUILDDIR>>/obj-x86_64-linux-gnu && /usr/bin/cmake -E cmake_depends "Unix Makefiles" /<<PKGBUILDDIR>> /<<PKGBUILDDIR>>/cpp/tests /<<PKGBUILDDIR>>/obj-x86_64-linux-gnu /<<PKGBUILDDIR>>/obj-x86_64-linux-gnu/cpp/tests /<<PKGBUILDDIR>>/obj-x86_64-linux-gnu/cpp/tests/CMakeFiles/test_conjugate_gradient.dir/DependInfo.cmake --color=
make[3]: Entering directory '/<<PKGBUILDDIR>>/obj-x86_64-linux-gnu'
cd /<<PKGBUILDDIR>>/obj-x86_64-linux-gnu && /usr/bin/cmake -E cmake_depends "Unix Makefiles" /<<PKGBUILDDIR>> /<<PKGBUILDDIR>>/cpp/tests /<<PKGBUILDDIR>>/obj-x86_64-linux-gnu /<<PKGBUILDDIR>>/obj-x86_64-linux-gnu/cpp/tests /<<PKGBUILDDIR>>/obj-x86_64-linux-gnu/cpp/tests/CMakeFiles/test_padmm_warm_start.dir/DependInfo.cmake --color=
make[3]: Entering directory '/<<PKGBUILDDIR>>/obj-x86_64-linux-gnu'
cd /<<PKGBUILDDIR>>/obj-x86_64-linux-gnu && /usr/bin/cmake -E cmake_depends "Unix Makefiles" /<<PKGBUILDDIR>> /<<PKGBUILDDIR>>/cpp/tests /<<PKGBUILDDIR>>/obj-x86_64-linux-gnu /<<PKGBUILDDIR>>/obj-x86_64-linux-gnu/cpp/tests /<<PKGBUILDDIR>>/obj-x86_64-linux-gnu/cpp/tests/CMakeFiles/test_padmm.dir/DependInfo.cmake --color=
make[3]: Entering directory '/<<PKGBUILDDIR>>/obj-x86_64-linux-gnu'
cd /<<PKGBUILDDIR>>/obj-x86_64-linux-gnu && /usr/bin/cmake -E cmake_depends "Unix Makefiles" /<<PKGBUILDDIR>> /<<PKGBUILDDIR>>/cpp/tests /<<PKGBUILDDIR>>/obj-x86_64-linux-gnu /<<PKGBUILDDIR>>/obj-x86_64-linux-gnu/cpp/tests /<<PKGBUILDDIR>>/obj-x86_64-linux-gnu/cpp/tests/CMakeFiles/test_wavelets.dir/DependInfo.cmake --color=
make[3]: Entering directory '/<<PKGBUILDDIR>>/obj-x86_64-linux-gnu'
cd /<<PKGBUILDDIR>>/obj-x86_64-linux-gnu && /usr/bin/cmake -E cmake_depends "Unix Makefiles" /<<PKGBUILDDIR>> /<<PKGBUILDDIR>>/cpp/tests /<<PKGBUILDDIR>>/obj-x86_64-linux-gnu /<<PKGBUILDDIR>>/obj-x86_64-linux-gnu/cpp/tests /<<PKGBUILDDIR>>/obj-x86_64-linux-gnu/cpp/tests/CMakeFiles/test_reweighted.dir/DependInfo.cmake --color=
Scanning dependencies of target test_proximal
Scanning dependencies of target test_wavelets
make[3]: Leaving directory '/<<PKGBUILDDIR>>/obj-x86_64-linux-gnu'
make[3]: Leaving directory '/<<PKGBUILDDIR>>/obj-x86_64-linux-gnu'
make -f cpp/tests/CMakeFiles/test_proximal.dir/build.make cpp/tests/CMakeFiles/test_proximal.dir/build
make -f cpp/tests/CMakeFiles/test_wavelets.dir/build.make cpp/tests/CMakeFiles/test_wavelets.dir/build
make[3]: Entering directory '/<<PKGBUILDDIR>>/obj-x86_64-linux-gnu'
make[3]: Entering directory '/<<PKGBUILDDIR>>/obj-x86_64-linux-gnu'
Scanning dependencies of target test_sdmm
make[3]: Leaving directory '/<<PKGBUILDDIR>>/obj-x86_64-linux-gnu'
make -f cpp/tests/CMakeFiles/test_sdmm.dir/build.make cpp/tests/CMakeFiles/test_sdmm.dir/build
Scanning dependencies of target test_wrapper
make[3]: Leaving directory '/<<PKGBUILDDIR>>/obj-x86_64-linux-gnu'
make -f cpp/tests/CMakeFiles/test_wrapper.dir/build.make cpp/tests/CMakeFiles/test_wrapper.dir/build
Scanning dependencies of target test_linear_transform
Scanning dependencies of target test_maths
make[3]: Leaving directory '/<<PKGBUILDDIR>>/obj-x86_64-linux-gnu'
make -f cpp/tests/CMakeFiles/test_linear_transform.dir/build.make cpp/tests/CMakeFiles/test_linear_transform.dir/build
make[3]: Leaving directory '/<<PKGBUILDDIR>>/obj-x86_64-linux-gnu'
make -f cpp/tests/CMakeFiles/test_maths.dir/build.make cpp/tests/CMakeFiles/test_maths.dir/build
Scanning dependencies of target test_conjugate_gradient
Scanning dependencies of target test_sara
[ 22%] Building CXX object cpp/tests/CMakeFiles/test_proximal.dir/proximal.cc.o
[ 22%] Building CXX object cpp/tests/CMakeFiles/test_wavelets.dir/wavelets.cc.o
make[3]: Leaving directory '/<<PKGBUILDDIR>>/obj-x86_64-linux-gnu'
make -f cpp/tests/CMakeFiles/test_conjugate_gradient.dir/build.make cpp/tests/CMakeFiles/test_conjugate_gradient.dir/build
make[3]: Leaving directory '/<<PKGBUILDDIR>>/obj-x86_64-linux-gnu'
make -f cpp/tests/CMakeFiles/test_sara.dir/build.make cpp/tests/CMakeFiles/test_sara.dir/build
cd /<<PKGBUILDDIR>>/obj-x86_64-linux-gnu/cpp/tests && /usr/bin/c++    -I/<<PKGBUILDDIR>>/cpp/sopt/.. -I/<<PKGBUILDDIR>>/obj-x86_64-linux-gnu/include -isystem /usr/include/x86_64-linux-gnu -isystem /usr/include/eigen3  -g -O2 -fdebug-prefix-map=/<<PKGBUILDDIR>>=. -fstack-protector-strong -Wformat -Werror=format-security -Wdate-time -D_FORTIFY_SOURCE=2  -std=gnu++11   -o CMakeFiles/test_wavelets.dir/wavelets.cc.o -c /<<PKGBUILDDIR>>/cpp/tests/wavelets.cc
cd /<<PKGBUILDDIR>>/obj-x86_64-linux-gnu/cpp/tests && /usr/bin/c++    -I/<<PKGBUILDDIR>>/cpp/sopt/.. -I/<<PKGBUILDDIR>>/obj-x86_64-linux-gnu/include -isystem /usr/include/x86_64-linux-gnu -isystem /usr/include/eigen3  -g -O2 -fdebug-prefix-map=/<<PKGBUILDDIR>>=. -fstack-protector-strong -Wformat -Werror=format-security -Wdate-time -D_FORTIFY_SOURCE=2  -std=gnu++11   -o CMakeFiles/test_proximal.dir/proximal.cc.o -c /<<PKGBUILDDIR>>/cpp/tests/proximal.cc
make[3]: Entering directory '/<<PKGBUILDDIR>>/obj-x86_64-linux-gnu'
make[3]: Entering directory '/<<PKGBUILDDIR>>/obj-x86_64-linux-gnu'
make[3]: Entering directory '/<<PKGBUILDDIR>>/obj-x86_64-linux-gnu'
make[3]: Entering directory '/<<PKGBUILDDIR>>/obj-x86_64-linux-gnu'
make[3]: Entering directory '/<<PKGBUILDDIR>>/obj-x86_64-linux-gnu'
make[3]: Entering directory '/<<PKGBUILDDIR>>/obj-x86_64-linux-gnu'
Scanning dependencies of target test_sdmm_warm_start
make[3]: Leaving directory '/<<PKGBUILDDIR>>/obj-x86_64-linux-gnu'
make -f cpp/tests/CMakeFiles/test_sdmm_warm_start.dir/build.make cpp/tests/CMakeFiles/test_sdmm_warm_start.dir/build
[ 25%] Building CXX object cpp/tests/CMakeFiles/test_sara.dir/sara.cc.o
[ 29%] Building CXX object cpp/tests/CMakeFiles/test_sdmm.dir/sdmm.cc.o
cd /<<PKGBUILDDIR>>/obj-x86_64-linux-gnu/cpp/tests && /usr/bin/c++    -I/<<PKGBUILDDIR>>/cpp/sopt/.. -I/<<PKGBUILDDIR>>/obj-x86_64-linux-gnu/include -isystem /usr/include/x86_64-linux-gnu -isystem /usr/include/eigen3  -g -O2 -fdebug-prefix-map=/<<PKGBUILDDIR>>=. -fstack-protector-strong -Wformat -Werror=format-security -Wdate-time -D_FORTIFY_SOURCE=2  -std=gnu++11   -o CMakeFiles/test_sara.dir/sara.cc.o -c /<<PKGBUILDDIR>>/cpp/tests/sara.cc
[ 32%] Building CXX object cpp/tests/CMakeFiles/test_wrapper.dir/wrapper.cc.o
[ 35%] Building CXX object cpp/tests/CMakeFiles/test_linear_transform.dir/linear_transform.cc.o
cd /<<PKGBUILDDIR>>/obj-x86_64-linux-gnu/cpp/tests && /usr/bin/c++    -I/<<PKGBUILDDIR>>/cpp/sopt/.. -I/<<PKGBUILDDIR>>/obj-x86_64-linux-gnu/include -isystem /usr/include/x86_64-linux-gnu -isystem /usr/include/eigen3  -g -O2 -fdebug-prefix-map=/<<PKGBUILDDIR>>=. -fstack-protector-strong -Wformat -Werror=format-security -Wdate-time -D_FORTIFY_SOURCE=2  -std=gnu++11   -o CMakeFiles/test_sdmm.dir/sdmm.cc.o -c /<<PKGBUILDDIR>>/cpp/tests/sdmm.cc
cd /<<PKGBUILDDIR>>/obj-x86_64-linux-gnu/cpp/tests && /usr/bin/c++    -I/<<PKGBUILDDIR>>/cpp/sopt/.. -I/<<PKGBUILDDIR>>/obj-x86_64-linux-gnu/include -isystem /usr/include/x86_64-linux-gnu -isystem /usr/include/eigen3  -g -O2 -fdebug-prefix-map=/<<PKGBUILDDIR>>=. -fstack-protector-strong -Wformat -Werror=format-security -Wdate-time -D_FORTIFY_SOURCE=2  -std=gnu++11   -o CMakeFiles/test_wrapper.dir/wrapper.cc.o -c /<<PKGBUILDDIR>>/cpp/tests/wrapper.cc
cd /<<PKGBUILDDIR>>/obj-x86_64-linux-gnu/cpp/tests && /usr/bin/c++    -I/<<PKGBUILDDIR>>/cpp/sopt/.. -I/<<PKGBUILDDIR>>/obj-x86_64-linux-gnu/include -isystem /usr/include/x86_64-linux-gnu -isystem /usr/include/eigen3  -g -O2 -fdebug-prefix-map=/<<PKGBUILDDIR>>=. -fstack-protector-strong -Wformat -Werror=format-security -Wdate-time -D_FORTIFY_SOURCE=2  -std=gnu++11   -o CMakeFiles/test_linear_transform.dir/linear_transform.cc.o -c /<<PKGBUILDDIR>>/cpp/tests/linear_transform.cc
[ 38%] Building CXX object cpp/tests/CMakeFiles/test_maths.dir/maths.cc.o
make[3]: Entering directory '/<<PKGBUILDDIR>>/obj-x86_64-linux-gnu'
cd /<<PKGBUILDDIR>>/obj-x86_64-linux-gnu/cpp/tests && /usr/bin/c++    -I/<<PKGBUILDDIR>>/cpp/sopt/.. -I/<<PKGBUILDDIR>>/obj-x86_64-linux-gnu/include -isystem /usr/include/x86_64-linux-gnu -isystem /usr/include/eigen3  -g -O2 -fdebug-prefix-map=/<<PKGBUILDDIR>>=. -fstack-protector-strong -Wformat -Werror=format-security -Wdate-time -D_FORTIFY_SOURCE=2  -std=gnu++11   -o CMakeFiles/test_maths.dir/maths.cc.o -c /<<PKGBUILDDIR>>/cpp/tests/maths.cc
Scanning dependencies of target test_power_method
[ 41%] Building CXX object cpp/tests/CMakeFiles/test_conjugate_gradient.dir/conjugate_gradient.cc.o
make[3]: Leaving directory '/<<PKGBUILDDIR>>/obj-x86_64-linux-gnu'
Scanning dependencies of target test_padmm
make -f cpp/tests/CMakeFiles/test_power_method.dir/build.make cpp/tests/CMakeFiles/test_power_method.dir/build
cd /<<PKGBUILDDIR>>/obj-x86_64-linux-gnu/cpp/tests && /usr/bin/c++    -I/<<PKGBUILDDIR>>/cpp/sopt/.. -I/<<PKGBUILDDIR>>/obj-x86_64-linux-gnu/include -isystem /usr/include/x86_64-linux-gnu -isystem /usr/include/eigen3  -g -O2 -fdebug-prefix-map=/<<PKGBUILDDIR>>=. -fstack-protector-strong -Wformat -Werror=format-security -Wdate-time -D_FORTIFY_SOURCE=2  -std=gnu++11   -o CMakeFiles/test_conjugate_gradient.dir/conjugate_gradient.cc.o -c /<<PKGBUILDDIR>>/cpp/tests/conjugate_gradient.cc
Scanning dependencies of target test_padmm_warm_start
make[3]: Leaving directory '/<<PKGBUILDDIR>>/obj-x86_64-linux-gnu'
make -f cpp/tests/CMakeFiles/test_padmm.dir/build.make cpp/tests/CMakeFiles/test_padmm.dir/build
Scanning dependencies of target test_reweighted
make[3]: Leaving directory '/<<PKGBUILDDIR>>/obj-x86_64-linux-gnu'
make -f cpp/tests/CMakeFiles/test_padmm_warm_start.dir/build.make cpp/tests/CMakeFiles/test_padmm_warm_start.dir/build
make[3]: Leaving directory '/<<PKGBUILDDIR>>/obj-x86_64-linux-gnu'
make -f cpp/tests/CMakeFiles/test_reweighted.dir/build.make cpp/tests/CMakeFiles/test_reweighted.dir/build
make[3]: Entering directory '/<<PKGBUILDDIR>>/obj-x86_64-linux-gnu'
make[3]: Entering directory '/<<PKGBUILDDIR>>/obj-x86_64-linux-gnu'
make[3]: Entering directory '/<<PKGBUILDDIR>>/obj-x86_64-linux-gnu'
make[3]: Entering directory '/<<PKGBUILDDIR>>/obj-x86_64-linux-gnu'
[ 45%] Building CXX object cpp/tests/CMakeFiles/test_sdmm_warm_start.dir/sdmm_warm_start.cc.o
cd /<<PKGBUILDDIR>>/obj-x86_64-linux-gnu/cpp/tests && /usr/bin/c++    -I/<<PKGBUILDDIR>>/cpp/sopt/.. -I/<<PKGBUILDDIR>>/obj-x86_64-linux-gnu/include -isystem /usr/include/x86_64-linux-gnu -isystem /usr/include/eigen3  -g -O2 -fdebug-prefix-map=/<<PKGBUILDDIR>>=. -fstack-protector-strong -Wformat -Werror=format-security -Wdate-time -D_FORTIFY_SOURCE=2  -std=gnu++11   -o CMakeFiles/test_sdmm_warm_start.dir/sdmm_warm_start.cc.o -c /<<PKGBUILDDIR>>/cpp/tests/sdmm_warm_start.cc
[ 48%] Building CXX object cpp/tests/CMakeFiles/test_padmm_warm_start.dir/padmm_warm_start.cc.o
cd /<<PKGBUILDDIR>>/obj-x86_64-linux-gnu/cpp/tests && /usr/bin/c++    -I/<<PKGBUILDDIR>>/cpp/sopt/.. -I/<<PKGBUILDDIR>>/obj-x86_64-linux-gnu/include -isystem /usr/include/x86_64-linux-gnu -isystem /usr/include/eigen3  -g -O2 -fdebug-prefix-map=/<<PKGBUILDDIR>>=. -fstack-protector-strong -Wformat -Werror=format-security -Wdate-time -D_FORTIFY_SOURCE=2  -std=gnu++11   -o CMakeFiles/test_padmm_warm_start.dir/padmm_warm_start.cc.o -c /<<PKGBUILDDIR>>/cpp/tests/padmm_warm_start.cc
[ 51%] Building CXX object cpp/tests/CMakeFiles/test_padmm.dir/padmm.cc.o
cd /<<PKGBUILDDIR>>/obj-x86_64-linux-gnu/cpp/tests && /usr/bin/c++    -I/<<PKGBUILDDIR>>/cpp/sopt/.. -I/<<PKGBUILDDIR>>/obj-x86_64-linux-gnu/include -isystem /usr/include/x86_64-linux-gnu -isystem /usr/include/eigen3  -g -O2 -fdebug-prefix-map=/<<PKGBUILDDIR>>=. -fstack-protector-strong -Wformat -Werror=format-security -Wdate-time -D_FORTIFY_SOURCE=2  -std=gnu++11   -o CMakeFiles/test_padmm.dir/padmm.cc.o -c /<<PKGBUILDDIR>>/cpp/tests/padmm.cc
[ 54%] Building CXX object cpp/tests/CMakeFiles/test_power_method.dir/power_method.cc.o
cd /<<PKGBUILDDIR>>/obj-x86_64-linux-gnu/cpp/tests && /usr/bin/c++    -I/<<PKGBUILDDIR>>/cpp/sopt/.. -I/<<PKGBUILDDIR>>/obj-x86_64-linux-gnu/include -isystem /usr/include/x86_64-linux-gnu -isystem /usr/include/eigen3  -g -O2 -fdebug-prefix-map=/<<PKGBUILDDIR>>=. -fstack-protector-strong -Wformat -Werror=format-security -Wdate-time -D_FORTIFY_SOURCE=2  -std=gnu++11   -o CMakeFiles/test_power_method.dir/power_method.cc.o -c /<<PKGBUILDDIR>>/cpp/tests/power_method.cc
[ 58%] Building CXX object cpp/tests/CMakeFiles/test_reweighted.dir/reweighted.cc.o
cd /<<PKGBUILDDIR>>/obj-x86_64-linux-gnu/cpp/tests && /usr/bin/c++    -I/<<PKGBUILDDIR>>/cpp/sopt/.. -I/<<PKGBUILDDIR>>/obj-x86_64-linux-gnu/include -isystem /usr/include/x86_64-linux-gnu -isystem /usr/include/eigen3  -g -O2 -fdebug-prefix-map=/<<PKGBUILDDIR>>=. -fstack-protector-strong -Wformat -Werror=format-security -Wdate-time -D_FORTIFY_SOURCE=2  -std=gnu++11   -o CMakeFiles/test_reweighted.dir/reweighted.cc.o -c /<<PKGBUILDDIR>>/cpp/tests/reweighted.cc
[ 61%] Linking CXX executable test_wrapper
cd /<<PKGBUILDDIR>>/obj-x86_64-linux-gnu/cpp/tests && /usr/bin/cmake -E cmake_link_script CMakeFiles/test_wrapper.dir/link.txt --verbose=1
/usr/bin/c++   -g -O2 -fdebug-prefix-map=/<<PKGBUILDDIR>>=. -fstack-protector-strong -Wformat -Werror=format-security -Wdate-time -D_FORTIFY_SOURCE=2  -std=gnu++11  -Wl,-z,relro CMakeFiles/test_wrapper.dir/wrapper.cc.o CMakeFiles/common_catch_main_object.dir/common_catch_main.cc.o  -o test_wrapper -Wl,-rpath,/<<PKGBUILDDIR>>/obj-x86_64-linux-gnu/cpp/sopt -rdynamic ../sopt/libsopt.so.2.0.0 -ltiff 
/usr/bin/ld: CMakeFiles/common_catch_main_object.dir/common_catch_main.cc.o: undefined reference to symbol 'pthread_create@@GLIBC_2.2.5'
//lib/x86_64-linux-gnu/libpthread.so.0: error adding symbols: DSO missing from command line
clang: error: linker command failed with exit code 1 (use -v to see invocation)
cpp/tests/CMakeFiles/test_wrapper.dir/build.make:101: recipe for target 'cpp/tests/test_wrapper' failed
make[3]: *** [cpp/tests/test_wrapper] Error 1
make[3]: Leaving directory '/<<PKGBUILDDIR>>/obj-x86_64-linux-gnu'
CMakeFiles/Makefile2:191: recipe for target 'cpp/tests/CMakeFiles/test_wrapper.dir/all' failed
make[2]: *** [cpp/tests/CMakeFiles/test_wrapper.dir/all] Error 2
make[2]: *** Waiting for unfinished jobs....
[ 64%] Linking CXX executable test_reweighted
cd /<<PKGBUILDDIR>>/obj-x86_64-linux-gnu/cpp/tests && /usr/bin/cmake -E cmake_link_script CMakeFiles/test_reweighted.dir/link.txt --verbose=1
/usr/bin/c++   -g -O2 -fdebug-prefix-map=/<<PKGBUILDDIR>>=. -fstack-protector-strong -Wformat -Werror=format-security -Wdate-time -D_FORTIFY_SOURCE=2  -std=gnu++11  -Wl,-z,relro CMakeFiles/test_reweighted.dir/reweighted.cc.o CMakeFiles/common_catch_main_object.dir/common_catch_main.cc.o  -o test_reweighted -Wl,-rpath,/<<PKGBUILDDIR>>/obj-x86_64-linux-gnu/cpp/sopt -rdynamic ../sopt/libsopt.so.2.0.0 -ltiff 
/usr/bin/ld: CMakeFiles/common_catch_main_object.dir/common_catch_main.cc.o: undefined reference to symbol 'pthread_create@@GLIBC_2.2.5'
//lib/x86_64-linux-gnu/libpthread.so.0: error adding symbols: DSO missing from command line
clang: error: linker command failed with exit code 1 (use -v to see invocation)
cpp/tests/CMakeFiles/test_reweighted.dir/build.make:101: recipe for target 'cpp/tests/test_reweighted' failed
make[3]: *** [cpp/tests/test_reweighted] Error 1
make[3]: Leaving directory '/<<PKGBUILDDIR>>/obj-x86_64-linux-gnu'
CMakeFiles/Makefile2:571: recipe for target 'cpp/tests/CMakeFiles/test_reweighted.dir/all' failed
make[2]: *** [cpp/tests/CMakeFiles/test_reweighted.dir/all] Error 2
[ 67%] Linking CXX executable test_linear_transform
cd /<<PKGBUILDDIR>>/obj-x86_64-linux-gnu/cpp/tests && /usr/bin/cmake -E cmake_link_script CMakeFiles/test_linear_transform.dir/link.txt --verbose=1
/usr/bin/c++   -g -O2 -fdebug-prefix-map=/<<PKGBUILDDIR>>=. -fstack-protector-strong -Wformat -Werror=format-security -Wdate-time -D_FORTIFY_SOURCE=2  -std=gnu++11  -Wl,-z,relro CMakeFiles/test_linear_transform.dir/linear_transform.cc.o CMakeFiles/common_catch_main_object.dir/common_catch_main.cc.o  -o test_linear_transform -Wl,-rpath,/<<PKGBUILDDIR>>/obj-x86_64-linux-gnu/cpp/sopt -rdynamic ../sopt/libsopt.so.2.0.0 -ltiff 
/usr/bin/ld: CMakeFiles/common_catch_main_object.dir/common_catch_main.cc.o: undefined reference to symbol 'pthread_create@@GLIBC_2.2.5'
//lib/x86_64-linux-gnu/libpthread.so.0: error adding symbols: DSO missing from command line
clang: error: linker command failed with exit code 1 (use -v to see invocation)
cpp/tests/CMakeFiles/test_linear_transform.dir/build.make:101: recipe for target 'cpp/tests/test_linear_transform' failed
make[3]: *** [cpp/tests/test_linear_transform] Error 1
make[3]: Leaving directory '/<<PKGBUILDDIR>>/obj-x86_64-linux-gnu'
CMakeFiles/Makefile2:419: recipe for target 'cpp/tests/CMakeFiles/test_linear_transform.dir/all' failed
make[2]: *** [cpp/tests/CMakeFiles/test_linear_transform.dir/all] Error 2
[ 70%] Linking CXX executable test_padmm_warm_start
cd /<<PKGBUILDDIR>>/obj-x86_64-linux-gnu/cpp/tests && /usr/bin/cmake -E cmake_link_script CMakeFiles/test_padmm_warm_start.dir/link.txt --verbose=1
/usr/bin/c++   -g -O2 -fdebug-prefix-map=/<<PKGBUILDDIR>>=. -fstack-protector-strong -Wformat -Werror=format-security -Wdate-time -D_FORTIFY_SOURCE=2  -std=gnu++11  -Wl,-z,relro CMakeFiles/test_padmm_warm_start.dir/padmm_warm_start.cc.o CMakeFiles/common_catch_main_object.dir/common_catch_main.cc.o  -o test_padmm_warm_start -Wl,-rpath,/<<PKGBUILDDIR>>/obj-x86_64-linux-gnu/cpp/sopt -rdynamic ../sopt/libsopt.so.2.0.0 -ltiff 
/usr/bin/ld: CMakeFiles/common_catch_main_object.dir/common_catch_main.cc.o: undefined reference to symbol 'pthread_create@@GLIBC_2.2.5'
//lib/x86_64-linux-gnu/libpthread.so.0: error adding symbols: DSO missing from command line
clang: error: linker command failed with exit code 1 (use -v to see invocation)
cpp/tests/CMakeFiles/test_padmm_warm_start.dir/build.make:101: recipe for target 'cpp/tests/test_padmm_warm_start' failed
make[3]: *** [cpp/tests/test_padmm_warm_start] Error 1
make[3]: Leaving directory '/<<PKGBUILDDIR>>/obj-x86_64-linux-gnu'
CMakeFiles/Makefile2:533: recipe for target 'cpp/tests/CMakeFiles/test_padmm_warm_start.dir/all' failed
make[2]: *** [cpp/tests/CMakeFiles/test_padmm_warm_start.dir/all] Error 2
[ 74%] Linking CXX executable test_sdmm_warm_start
cd /<<PKGBUILDDIR>>/obj-x86_64-linux-gnu/cpp/tests && /usr/bin/cmake -E cmake_link_script CMakeFiles/test_sdmm_warm_start.dir/link.txt --verbose=1
/usr/bin/c++   -g -O2 -fdebug-prefix-map=/<<PKGBUILDDIR>>=. -fstack-protector-strong -Wformat -Werror=format-security -Wdate-time -D_FORTIFY_SOURCE=2  -std=gnu++11  -Wl,-z,relro CMakeFiles/test_sdmm_warm_start.dir/sdmm_warm_start.cc.o CMakeFiles/common_catch_main_object.dir/common_catch_main.cc.o  -o test_sdmm_warm_start -Wl,-rpath,/<<PKGBUILDDIR>>/obj-x86_64-linux-gnu/cpp/sopt -rdynamic ../sopt/libsopt.so.2.0.0 -ltiff 
/usr/bin/ld: CMakeFiles/common_catch_main_object.dir/common_catch_main.cc.o: undefined reference to symbol 'pthread_create@@GLIBC_2.2.5'
//lib/x86_64-linux-gnu/libpthread.so.0: error adding symbols: DSO missing from command line
clang: error: linker command failed with exit code 1 (use -v to see invocation)
cpp/tests/CMakeFiles/test_sdmm_warm_start.dir/build.make:101: recipe for target 'cpp/tests/test_sdmm_warm_start' failed
make[3]: *** [cpp/tests/test_sdmm_warm_start] Error 1
make[3]: Leaving directory '/<<PKGBUILDDIR>>/obj-x86_64-linux-gnu'
CMakeFiles/Makefile2:343: recipe for target 'cpp/tests/CMakeFiles/test_sdmm_warm_start.dir/all' failed
make[2]: *** [cpp/tests/CMakeFiles/test_sdmm_warm_start.dir/all] Error 2
[ 77%] Linking CXX executable test_conjugate_gradient
cd /<<PKGBUILDDIR>>/obj-x86_64-linux-gnu/cpp/tests && /usr/bin/cmake -E cmake_link_script CMakeFiles/test_conjugate_gradient.dir/link.txt --verbose=1
/usr/bin/c++   -g -O2 -fdebug-prefix-map=/<<PKGBUILDDIR>>=. -fstack-protector-strong -Wformat -Werror=format-security -Wdate-time -D_FORTIFY_SOURCE=2  -std=gnu++11  -Wl,-z,relro CMakeFiles/test_conjugate_gradient.dir/conjugate_gradient.cc.o CMakeFiles/common_catch_main_object.dir/common_catch_main.cc.o  -o test_conjugate_gradient -Wl,-rpath,/<<PKGBUILDDIR>>/obj-x86_64-linux-gnu/cpp/sopt -rdynamic ../sopt/libsopt.so.2.0.0 -ltiff 
/usr/bin/ld: CMakeFiles/common_catch_main_object.dir/common_catch_main.cc.o: undefined reference to symbol 'pthread_create@@GLIBC_2.2.5'
//lib/x86_64-linux-gnu/libpthread.so.0: error adding symbols: DSO missing from command line
clang: error: linker command failed with exit code 1 (use -v to see invocation)
cpp/tests/CMakeFiles/test_conjugate_gradient.dir/build.make:101: recipe for target 'cpp/tests/test_conjugate_gradient' failed
make[3]: *** [cpp/tests/test_conjugate_gradient] Error 1
make[3]: Leaving directory '/<<PKGBUILDDIR>>/obj-x86_64-linux-gnu'
CMakeFiles/Makefile2:609: recipe for target 'cpp/tests/CMakeFiles/test_conjugate_gradient.dir/all' failed
make[2]: *** [cpp/tests/CMakeFiles/test_conjugate_gradient.dir/all] Error 2
[ 80%] Linking CXX executable test_maths
cd /<<PKGBUILDDIR>>/obj-x86_64-linux-gnu/cpp/tests && /usr/bin/cmake -E cmake_link_script CMakeFiles/test_maths.dir/link.txt --verbose=1
/usr/bin/c++   -g -O2 -fdebug-prefix-map=/<<PKGBUILDDIR>>=. -fstack-protector-strong -Wformat -Werror=format-security -Wdate-time -D_FORTIFY_SOURCE=2  -std=gnu++11  -Wl,-z,relro CMakeFiles/test_maths.dir/maths.cc.o CMakeFiles/common_catch_main_object.dir/common_catch_main.cc.o  -o test_maths -Wl,-rpath,/<<PKGBUILDDIR>>/obj-x86_64-linux-gnu/cpp/sopt -rdynamic ../sopt/libsopt.so.2.0.0 -ltiff 
/usr/bin/ld: CMakeFiles/common_catch_main_object.dir/common_catch_main.cc.o: undefined reference to symbol 'pthread_create@@GLIBC_2.2.5'
//lib/x86_64-linux-gnu/libpthread.so.0: error adding symbols: DSO missing from command line
clang: error: linker command failed with exit code 1 (use -v to see invocation)
cpp/tests/CMakeFiles/test_maths.dir/build.make:101: recipe for target 'cpp/tests/test_maths' failed
make[3]: *** [cpp/tests/test_maths] Error 1
make[3]: Leaving directory '/<<PKGBUILDDIR>>/obj-x86_64-linux-gnu'
CMakeFiles/Makefile2:229: recipe for target 'cpp/tests/CMakeFiles/test_maths.dir/all' failed
make[2]: *** [cpp/tests/CMakeFiles/test_maths.dir/all] Error 2
[ 83%] Linking CXX executable test_padmm
cd /<<PKGBUILDDIR>>/obj-x86_64-linux-gnu/cpp/tests && /usr/bin/cmake -E cmake_link_script CMakeFiles/test_padmm.dir/link.txt --verbose=1
/usr/bin/c++   -g -O2 -fdebug-prefix-map=/<<PKGBUILDDIR>>=. -fstack-protector-strong -Wformat -Werror=format-security -Wdate-time -D_FORTIFY_SOURCE=2  -std=gnu++11  -Wl,-z,relro CMakeFiles/test_padmm.dir/padmm.cc.o CMakeFiles/common_catch_main_object.dir/common_catch_main.cc.o  -o test_padmm -Wl,-rpath,/<<PKGBUILDDIR>>/obj-x86_64-linux-gnu/cpp/sopt -rdynamic ../sopt/libsopt.so.2.0.0 -ltiff 
/usr/bin/ld: CMakeFiles/common_catch_main_object.dir/common_catch_main.cc.o: undefined reference to symbol 'pthread_create@@GLIBC_2.2.5'
//lib/x86_64-linux-gnu/libpthread.so.0: error adding symbols: DSO missing from command line
clang: error: linker command failed with exit code 1 (use -v to see invocation)
cpp/tests/CMakeFiles/test_padmm.dir/build.make:101: recipe for target 'cpp/tests/test_padmm' failed
make[3]: *** [cpp/tests/test_padmm] Error 1
make[3]: Leaving directory '/<<PKGBUILDDIR>>/obj-x86_64-linux-gnu'
CMakeFiles/Makefile2:495: recipe for target 'cpp/tests/CMakeFiles/test_padmm.dir/all' failed
make[2]: *** [cpp/tests/CMakeFiles/test_padmm.dir/all] Error 2
[ 87%] Linking CXX executable test_sara
cd /<<PKGBUILDDIR>>/obj-x86_64-linux-gnu/cpp/tests && /usr/bin/cmake -E cmake_link_script CMakeFiles/test_sara.dir/link.txt --verbose=1
/usr/bin/c++   -g -O2 -fdebug-prefix-map=/<<PKGBUILDDIR>>=. -fstack-protector-strong -Wformat -Werror=format-security -Wdate-time -D_FORTIFY_SOURCE=2  -std=gnu++11  -Wl,-z,relro CMakeFiles/test_sara.dir/sara.cc.o CMakeFiles/common_catch_main_object.dir/common_catch_main.cc.o  -o test_sara -Wl,-rpath,/<<PKGBUILDDIR>>/obj-x86_64-linux-gnu/cpp/sopt -rdynamic ../sopt/libsopt.so.2.0.0 -ltiff 
/usr/bin/ld: CMakeFiles/common_catch_main_object.dir/common_catch_main.cc.o: undefined reference to symbol 'pthread_create@@GLIBC_2.2.5'
//lib/x86_64-linux-gnu/libpthread.so.0: error adding symbols: DSO missing from command line
clang: error: linker command failed with exit code 1 (use -v to see invocation)
cpp/tests/CMakeFiles/test_sara.dir/build.make:101: recipe for target 'cpp/tests/test_sara' failed
make[3]: *** [cpp/tests/test_sara] Error 1
make[3]: Leaving directory '/<<PKGBUILDDIR>>/obj-x86_64-linux-gnu'
CMakeFiles/Makefile2:305: recipe for target 'cpp/tests/CMakeFiles/test_sara.dir/all' failed
make[2]: *** [cpp/tests/CMakeFiles/test_sara.dir/all] Error 2
[ 90%] Linking CXX executable test_proximal
cd /<<PKGBUILDDIR>>/obj-x86_64-linux-gnu/cpp/tests && /usr/bin/cmake -E cmake_link_script CMakeFiles/test_proximal.dir/link.txt --verbose=1
/usr/bin/c++   -g -O2 -fdebug-prefix-map=/<<PKGBUILDDIR>>=. -fstack-protector-strong -Wformat -Werror=format-security -Wdate-time -D_FORTIFY_SOURCE=2  -std=gnu++11  -Wl,-z,relro CMakeFiles/test_proximal.dir/proximal.cc.o CMakeFiles/common_catch_main_object.dir/common_catch_main.cc.o  -o test_proximal -Wl,-rpath,/<<PKGBUILDDIR>>/obj-x86_64-linux-gnu/cpp/sopt -rdynamic ../sopt/libsopt.so.2.0.0 -ltiff 
/usr/bin/ld: CMakeFiles/common_catch_main_object.dir/common_catch_main.cc.o: undefined reference to symbol 'pthread_create@@GLIBC_2.2.5'
//lib/x86_64-linux-gnu/libpthread.so.0: error adding symbols: DSO missing from command line
clang: error: linker command failed with exit code 1 (use -v to see invocation)
cpp/tests/CMakeFiles/test_proximal.dir/build.make:101: recipe for target 'cpp/tests/test_proximal' failed
make[3]: *** [cpp/tests/test_proximal] Error 1
make[3]: Leaving directory '/<<PKGBUILDDIR>>/obj-x86_64-linux-gnu'
CMakeFiles/Makefile2:267: recipe for target 'cpp/tests/CMakeFiles/test_proximal.dir/all' failed
make[2]: *** [cpp/tests/CMakeFiles/test_proximal.dir/all] Error 2
[ 93%] Linking CXX executable test_power_method
cd /<<PKGBUILDDIR>>/obj-x86_64-linux-gnu/cpp/tests && /usr/bin/cmake -E cmake_link_script CMakeFiles/test_power_method.dir/link.txt --verbose=1
/usr/bin/c++   -g -O2 -fdebug-prefix-map=/<<PKGBUILDDIR>>=. -fstack-protector-strong -Wformat -Werror=format-security -Wdate-time -D_FORTIFY_SOURCE=2  -std=gnu++11  -Wl,-z,relro CMakeFiles/test_power_method.dir/power_method.cc.o CMakeFiles/common_catch_main_object.dir/common_catch_main.cc.o  -o test_power_method -Wl,-rpath,/<<PKGBUILDDIR>>/obj-x86_64-linux-gnu/cpp/sopt -rdynamic ../sopt/libsopt.so.2.0.0 -ltiff 
/usr/bin/ld: CMakeFiles/common_catch_main_object.dir/common_catch_main.cc.o: undefined reference to symbol 'pthread_create@@GLIBC_2.2.5'
//lib/x86_64-linux-gnu/libpthread.so.0: error adding symbols: DSO missing from command line
clang: error: linker command failed with exit code 1 (use -v to see invocation)
cpp/tests/CMakeFiles/test_power_method.dir/build.make:101: recipe for target 'cpp/tests/test_power_method' failed
make[3]: *** [cpp/tests/test_power_method] Error 1
make[3]: Leaving directory '/<<PKGBUILDDIR>>/obj-x86_64-linux-gnu'
CMakeFiles/Makefile2:647: recipe for target 'cpp/tests/CMakeFiles/test_power_method.dir/all' failed
make[2]: *** [cpp/tests/CMakeFiles/test_power_method.dir/all] Error 2
[ 96%] Linking CXX executable test_wavelets
cd /<<PKGBUILDDIR>>/obj-x86_64-linux-gnu/cpp/tests && /usr/bin/cmake -E cmake_link_script CMakeFiles/test_wavelets.dir/link.txt --verbose=1
/usr/bin/c++   -g -O2 -fdebug-prefix-map=/<<PKGBUILDDIR>>=. -fstack-protector-strong -Wformat -Werror=format-security -Wdate-time -D_FORTIFY_SOURCE=2  -std=gnu++11  -Wl,-z,relro CMakeFiles/test_wavelets.dir/wavelets.cc.o CMakeFiles/common_catch_main_object.dir/common_catch_main.cc.o  -o test_wavelets -Wl,-rpath,/<<PKGBUILDDIR>>/obj-x86_64-linux-gnu/cpp/sopt -rdynamic ../sopt/libsopt.so.2.0.0 -ltiff 
/usr/bin/ld: CMakeFiles/common_catch_main_object.dir/common_catch_main.cc.o: undefined reference to symbol 'pthread_create@@GLIBC_2.2.5'
//lib/x86_64-linux-gnu/libpthread.so.0: error adding symbols: DSO missing from command line
clang: error: linker command failed with exit code 1 (use -v to see invocation)
cpp/tests/CMakeFiles/test_wavelets.dir/build.make:101: recipe for target 'cpp/tests/test_wavelets' failed
make[3]: *** [cpp/tests/test_wavelets] Error 1
make[3]: Leaving directory '/<<PKGBUILDDIR>>/obj-x86_64-linux-gnu'
CMakeFiles/Makefile2:381: recipe for target 'cpp/tests/CMakeFiles/test_wavelets.dir/all' failed
make[2]: *** [cpp/tests/CMakeFiles/test_wavelets.dir/all] Error 2
[100%] Linking CXX executable test_sdmm
cd /<<PKGBUILDDIR>>/obj-x86_64-linux-gnu/cpp/tests && /usr/bin/cmake -E cmake_link_script CMakeFiles/test_sdmm.dir/link.txt --verbose=1
/usr/bin/c++   -g -O2 -fdebug-prefix-map=/<<PKGBUILDDIR>>=. -fstack-protector-strong -Wformat -Werror=format-security -Wdate-time -D_FORTIFY_SOURCE=2  -std=gnu++11  -Wl,-z,relro CMakeFiles/test_sdmm.dir/sdmm.cc.o CMakeFiles/common_catch_main_object.dir/common_catch_main.cc.o  -o test_sdmm -Wl,-rpath,/<<PKGBUILDDIR>>/obj-x86_64-linux-gnu/cpp/sopt -rdynamic ../sopt/libsopt.so.2.0.0 -ltiff 
/usr/bin/ld: CMakeFiles/common_catch_main_object.dir/common_catch_main.cc.o: undefined reference to symbol 'pthread_create@@GLIBC_2.2.5'
//lib/x86_64-linux-gnu/libpthread.so.0: error adding symbols: DSO missing from command line
clang: error: linker command failed with exit code 1 (use -v to see invocation)
cpp/tests/CMakeFiles/test_sdmm.dir/build.make:101: recipe for target 'cpp/tests/test_sdmm' failed
make[3]: *** [cpp/tests/test_sdmm] Error 1
make[3]: Leaving directory '/<<PKGBUILDDIR>>/obj-x86_64-linux-gnu'
CMakeFiles/Makefile2:457: recipe for target 'cpp/tests/CMakeFiles/test_sdmm.dir/all' failed
make[2]: *** [cpp/tests/CMakeFiles/test_sdmm.dir/all] Error 2
make[2]: Leaving directory '/<<PKGBUILDDIR>>/obj-x86_64-linux-gnu'
Makefile:141: recipe for target 'all' failed
make[1]: *** [all] Error 2
make[1]: Leaving directory '/<<PKGBUILDDIR>>/obj-x86_64-linux-gnu'
dh_auto_build: make -j16 returned exit code 2
debian/rules:10: recipe for target 'build-arch' failed
make: *** [build-arch] Error 2
dpkg-buildpackage: error: debian/rules build-arch gave error exit status 2
--------------------------------------------------------------------------------
Build finished at 2017-07-06T15:45:40Z

Finished
--------


+------------------------------------------------------------------------------+
| Cleanup                                                                      |
+------------------------------------------------------------------------------+

Purging /<<BUILDDIR>>
Not cleaning session: cloned chroot in use
E: Build failure (dpkg-buildpackage died)

+------------------------------------------------------------------------------+
| Summary                                                                      |
+------------------------------------------------------------------------------+

Build Architecture: amd64
Build Type: any
Build-Space: 186800
Build-Time: 36
Distribution: unstable
Fail-Stage: build
Host Architecture: amd64
Install-Time: 14
Job: sopt_2.0.0-2
Machine Architecture: amd64
Package: sopt
Package-Time: 65
Source-Version: 2.0.0-2
Space: 186800
Status: attempted
Version: 2.0.0-2
--------------------------------------------------------------------------------
Finished at 2017-07-06T15:45:40Z
Build needed 00:01:05, 186800k disk space
E: Build failure (dpkg-buildpackage died)
DC-Status: Failed 66.602609576s
DC-Time-Estimation: 66.602609576 versus expected 1 (r/m: 65.602609576 ; m: 1.0)
