DC-Build-Header: healpy 1.13.0-1 / 2020-02-25 15:55:31 +0000
DC-Task: type:rebuild-binarch-only source:healpy version:1.13.0-1 chroot:unstable esttime:197 logfile:/tmp/healpy_1.13.0-1_unstable_clang9.log modes:clang9:binarch-only
DC-Sbuild-call: su user42 -c 'sbuild -n --arch-any --apt-update -d unstable -v --no-run-lintian --chroot-setup-commands=/tmp/clang9 healpy_1.13.0-1'
sbuild (Debian sbuild) 0.78.1 (09 February 2019) on ip-172-31-13-255.eu-central-1.compute.internal

+==============================================================================+
| healpy 1.13.0-1 (amd64)                      Tue, 25 Feb 2020 15:55:31 +0000 |
+==============================================================================+

Package: healpy
Version: 1.13.0-1
Source Version: 1.13.0-1
Distribution: unstable
Machine Architecture: amd64
Host Architecture: amd64
Build Architecture: amd64
Build Type: binary

I: NOTICE: Log filtering will replace 'var/run/schroot/mount/sid-amd64-sbuild-903085eb-2b7b-48f1-b9cc-295eb872ce7a' with '<<CHROOT>>'

+------------------------------------------------------------------------------+
| Chroot Setup Commands                                                        |
+------------------------------------------------------------------------------+


/tmp/clang9
-----------

+ echo 'Entering customization script...'
Entering customization script...
+ CLANG_VERSION=9
+ echo 'Install of clang-9'
Install of clang-9
+ apt-get update
Get:1 http://127.0.0.1:12990/debian sid InRelease [142 kB]
Get:2 http://127.0.0.1:12990/debian sid/main Sources.diff/Index [27.9 kB]
Get:3 http://127.0.0.1:12990/debian sid/main amd64 Packages.diff/Index [27.9 kB]
Get:4 http://127.0.0.1:12990/debian sid/main Sources 2020-02-24-0823.32.pdiff [11.0 kB]
Get:5 http://127.0.0.1:12990/debian sid/main Sources 2020-02-24-1420.34.pdiff [30.2 kB]
Get:6 http://127.0.0.1:12990/debian sid/main Sources 2020-02-24-2014.03.pdiff [16.9 kB]
Get:7 http://127.0.0.1:12990/debian sid/main Sources 2020-02-25-0213.11.pdiff [23.2 kB]
Get:8 http://127.0.0.1:12990/debian sid/main Sources 2020-02-25-0815.22.pdiff [9222 B]
Get:9 http://127.0.0.1:12990/debian sid/main Sources 2020-02-25-1413.15.pdiff [16.3 kB]
Get:10 http://127.0.0.1:12990/debian sid/main amd64 Packages 2020-02-24-0823.32.pdiff [15.5 kB]
Get:11 http://127.0.0.1:12990/debian sid/main amd64 Packages 2020-02-24-1420.34.pdiff [27.5 kB]
Get:12 http://127.0.0.1:12990/debian sid/main amd64 Packages 2020-02-24-2014.03.pdiff [21.6 kB]
Get:13 http://127.0.0.1:12990/debian sid/main amd64 Packages 2020-02-25-0213.11.pdiff [35.0 kB]
Get:14 http://127.0.0.1:12990/debian sid/main amd64 Packages 2020-02-25-0815.22.pdiff [20.1 kB]
Get:15 http://127.0.0.1:12990/debian sid/main amd64 Packages 2020-02-25-1413.15.pdiff [18.4 kB]
Get:9 http://127.0.0.1:12990/debian sid/main Sources 2020-02-25-1413.15.pdiff [16.3 kB]
Get:15 http://127.0.0.1:12990/debian sid/main amd64 Packages 2020-02-25-1413.15.pdiff [18.4 kB]
Get:16 http://127.0.0.1:12990/debian sid/main Translation-en [6195 kB]
Fetched 6638 kB in 2s (3918 kB/s)
Reading package lists...
+ apt-get install --yes --no-install-recommends --force-yes clang-9 libomp-9-dev libobjc-9-dev
Reading package lists...
Building dependency tree...
The following additional packages will be installed:
  cpp-9 g++-9 gcc-8-base gcc-9 gcc-9-base lib32gcc-s1 lib32gcc1 lib32stdc++6
  libasan5 libbsd0 libc6-i386 libclang-common-9-dev libclang-cpp9 libedit2
  libgc1c2 libgcc-8-dev libgcc-9-dev libllvm9 libmpx2 libobjc-8-dev libobjc4
  libomp5-9 libstdc++-8-dev libstdc++-9-dev libz3-4
Suggested packages:
  clang-9-doc gcc-9-locales g++-9-multilib gcc-9-doc gcc-9-multilib
  libomp-9-doc libstdc++-8-doc libstdc++-9-doc
Recommended packages:
  llvm-9-dev python3
The following NEW packages will be installed:
  clang-9 gcc-8-base lib32gcc-s1 lib32gcc1 lib32stdc++6 libbsd0 libc6-i386
  libclang-common-9-dev libclang-cpp9 libedit2 libgc1c2 libgcc-8-dev libllvm9
  libmpx2 libobjc-8-dev libobjc-9-dev libobjc4 libomp-9-dev libomp5-9
  libstdc++-8-dev libz3-4
The following packages will be upgraded:
  cpp-9 g++-9 gcc-9 gcc-9-base libasan5 libgcc-9-dev libstdc++-9-dev
7 upgraded, 21 newly installed, 0 to remove and 3 not upgraded.
Need to get 78.9 MB of archives.
After this operation, 237 MB of additional disk space will be used.
Get:1 http://127.0.0.1:12990/debian sid/main amd64 libasan5 amd64 9.2.1-30 [389 kB]
Get:2 http://127.0.0.1:12990/debian sid/main amd64 g++-9 amd64 9.2.1-30 [10.7 MB]
Get:3 http://127.0.0.1:12990/debian sid/main amd64 gcc-9 amd64 9.2.1-30 [10.0 MB]
Get:4 http://127.0.0.1:12990/debian sid/main amd64 libstdc++-9-dev amd64 9.2.1-30 [1697 kB]
Get:5 http://127.0.0.1:12990/debian sid/main amd64 libgcc-9-dev amd64 9.2.1-30 [2349 kB]
Get:6 http://127.0.0.1:12990/debian sid/main amd64 cpp-9 amd64 9.2.1-30 [9711 kB]
Get:7 http://127.0.0.1:12990/debian sid/main amd64 gcc-9-base amd64 9.2.1-30 [196 kB]
Get:8 http://127.0.0.1:12990/debian sid/main amd64 libbsd0 amd64 0.10.0-1 [107 kB]
Get:9 http://127.0.0.1:12990/debian sid/main amd64 libedit2 amd64 3.1-20191231-1 [95.4 kB]
Get:10 http://127.0.0.1:12990/debian sid/main amd64 libz3-4 amd64 4.8.7-4 [6790 kB]
Get:11 http://127.0.0.1:12990/debian sid/main amd64 libllvm9 amd64 1:9.0.1-8 [15.0 MB]
Get:12 http://127.0.0.1:12990/debian sid/main amd64 libclang-cpp9 amd64 1:9.0.1-8 [8429 kB]
Get:13 http://127.0.0.1:12990/debian sid/main amd64 gcc-8-base amd64 8.3.0-29 [194 kB]
Get:14 http://127.0.0.1:12990/debian sid/main amd64 libmpx2 amd64 8.3.0-29 [11.4 kB]
Get:15 http://127.0.0.1:12990/debian sid/main amd64 libgcc-8-dev amd64 8.3.0-29 [2297 kB]
Get:16 http://127.0.0.1:12990/debian sid/main amd64 libstdc++-8-dev amd64 8.3.0-29 [1543 kB]
Get:17 http://127.0.0.1:12990/debian sid/main amd64 libgc1c2 amd64 1:7.6.4-0.4 [224 kB]
Get:18 http://127.0.0.1:12990/debian sid/main amd64 libobjc4 amd64 10-20200222-1 [41.6 kB]
Get:19 http://127.0.0.1:12990/debian sid/main amd64 libobjc-8-dev amd64 8.3.0-29 [227 kB]
Get:20 http://127.0.0.1:12990/debian sid/main amd64 libc6-i386 amd64 2.29-10 [2918 kB]
Get:21 http://127.0.0.1:12990/debian sid/main amd64 lib32gcc-s1 amd64 10-20200222-1 [49.4 kB]
Get:22 http://127.0.0.1:12990/debian sid/main amd64 lib32gcc1 amd64 1:10-20200222-1 [1104 B]
Get:23 http://127.0.0.1:12990/debian sid/main amd64 lib32stdc++6 amd64 10-20200222-1 [510 kB]
Get:24 http://127.0.0.1:12990/debian sid/main amd64 libclang-common-9-dev amd64 1:9.0.1-8 [3727 kB]
Get:25 http://127.0.0.1:12990/debian sid/main amd64 clang-9 amd64 1:9.0.1-8 [1156 kB]
Get:26 http://127.0.0.1:12990/debian sid/main amd64 libobjc-9-dev amd64 9.2.1-30 [219 kB]
Get:27 http://127.0.0.1:12990/debian sid/main amd64 libomp5-9 amd64 1:9.0.1-8 [333 kB]
Get:28 http://127.0.0.1:12990/debian sid/main amd64 libomp-9-dev amd64 1:9.0.1-8 [66.2 kB]
debconf: delaying package configuration, since apt-utils is not installed
Fetched 78.9 MB in 1s (102 MB/s)
(Reading database ... (Reading database ... 5%(Reading database ... 10%(Reading database ... 15%(Reading database ... 20%(Reading database ... 25%(Reading database ... 30%(Reading database ... 35%(Reading database ... 40%(Reading database ... 45%(Reading database ... 50%(Reading database ... 55%(Reading database ... 60%(Reading database ... 65%(Reading database ... 70%(Reading database ... 75%(Reading database ... 80%(Reading database ... 85%(Reading database ... 90%(Reading database ... 95%(Reading database ... 100%(Reading database ... 12119 files and directories currently installed.)
Preparing to unpack .../00-libasan5_9.2.1-30_amd64.deb ...
Unpacking libasan5:amd64 (9.2.1-30) over (9.2.1-29) ...
Preparing to unpack .../01-g++-9_9.2.1-30_amd64.deb ...
Unpacking g++-9 (9.2.1-30) over (9.2.1-29) ...
Preparing to unpack .../02-gcc-9_9.2.1-30_amd64.deb ...
Unpacking gcc-9 (9.2.1-30) over (9.2.1-29) ...
Preparing to unpack .../03-libstdc++-9-dev_9.2.1-30_amd64.deb ...
Unpacking libstdc++-9-dev:amd64 (9.2.1-30) over (9.2.1-29) ...
Preparing to unpack .../04-libgcc-9-dev_9.2.1-30_amd64.deb ...
Unpacking libgcc-9-dev:amd64 (9.2.1-30) over (9.2.1-29) ...
Preparing to unpack .../05-cpp-9_9.2.1-30_amd64.deb ...
Unpacking cpp-9 (9.2.1-30) over (9.2.1-29) ...
Preparing to unpack .../06-gcc-9-base_9.2.1-30_amd64.deb ...
Unpacking gcc-9-base:amd64 (9.2.1-30) over (9.2.1-29) ...
Selecting previously unselected package libbsd0:amd64.
Preparing to unpack .../07-libbsd0_0.10.0-1_amd64.deb ...
Unpacking libbsd0:amd64 (0.10.0-1) ...
Selecting previously unselected package libedit2:amd64.
Preparing to unpack .../08-libedit2_3.1-20191231-1_amd64.deb ...
Unpacking libedit2:amd64 (3.1-20191231-1) ...
Selecting previously unselected package libz3-4:amd64.
Preparing to unpack .../09-libz3-4_4.8.7-4_amd64.deb ...
Unpacking libz3-4:amd64 (4.8.7-4) ...
Selecting previously unselected package libllvm9:amd64.
Preparing to unpack .../10-libllvm9_1%3a9.0.1-8_amd64.deb ...
Unpacking libllvm9:amd64 (1:9.0.1-8) ...
Selecting previously unselected package libclang-cpp9.
Preparing to unpack .../11-libclang-cpp9_1%3a9.0.1-8_amd64.deb ...
Unpacking libclang-cpp9 (1:9.0.1-8) ...
Selecting previously unselected package gcc-8-base:amd64.
Preparing to unpack .../12-gcc-8-base_8.3.0-29_amd64.deb ...
Unpacking gcc-8-base:amd64 (8.3.0-29) ...
Selecting previously unselected package libmpx2:amd64.
Preparing to unpack .../13-libmpx2_8.3.0-29_amd64.deb ...
Unpacking libmpx2:amd64 (8.3.0-29) ...
Selecting previously unselected package libgcc-8-dev:amd64.
Preparing to unpack .../14-libgcc-8-dev_8.3.0-29_amd64.deb ...
Unpacking libgcc-8-dev:amd64 (8.3.0-29) ...
Selecting previously unselected package libstdc++-8-dev:amd64.
Preparing to unpack .../15-libstdc++-8-dev_8.3.0-29_amd64.deb ...
Unpacking libstdc++-8-dev:amd64 (8.3.0-29) ...
Selecting previously unselected package libgc1c2:amd64.
Preparing to unpack .../16-libgc1c2_1%3a7.6.4-0.4_amd64.deb ...
Unpacking libgc1c2:amd64 (1:7.6.4-0.4) ...
Selecting previously unselected package libobjc4:amd64.
Preparing to unpack .../17-libobjc4_10-20200222-1_amd64.deb ...
Unpacking libobjc4:amd64 (10-20200222-1) ...
Selecting previously unselected package libobjc-8-dev:amd64.
Preparing to unpack .../18-libobjc-8-dev_8.3.0-29_amd64.deb ...
Unpacking libobjc-8-dev:amd64 (8.3.0-29) ...
Selecting previously unselected package libc6-i386.
Preparing to unpack .../19-libc6-i386_2.29-10_amd64.deb ...
Unpacking libc6-i386 (2.29-10) ...
Selecting previously unselected package lib32gcc-s1.
Preparing to unpack .../20-lib32gcc-s1_10-20200222-1_amd64.deb ...
Unpacking lib32gcc-s1 (10-20200222-1) ...
Selecting previously unselected package lib32gcc1.
Preparing to unpack .../21-lib32gcc1_1%3a10-20200222-1_amd64.deb ...
Unpacking lib32gcc1 (1:10-20200222-1) ...
Selecting previously unselected package lib32stdc++6.
Preparing to unpack .../22-lib32stdc++6_10-20200222-1_amd64.deb ...
Unpacking lib32stdc++6 (10-20200222-1) ...
Selecting previously unselected package libclang-common-9-dev.
Preparing to unpack .../23-libclang-common-9-dev_1%3a9.0.1-8_amd64.deb ...
Unpacking libclang-common-9-dev (1:9.0.1-8) ...
Selecting previously unselected package clang-9.
Preparing to unpack .../24-clang-9_1%3a9.0.1-8_amd64.deb ...
Unpacking clang-9 (1:9.0.1-8) ...
Selecting previously unselected package libobjc-9-dev:amd64.
Preparing to unpack .../25-libobjc-9-dev_9.2.1-30_amd64.deb ...
Unpacking libobjc-9-dev:amd64 (9.2.1-30) ...
Selecting previously unselected package libomp5-9:amd64.
Preparing to unpack .../26-libomp5-9_1%3a9.0.1-8_amd64.deb ...
Unpacking libomp5-9:amd64 (1:9.0.1-8) ...
Selecting previously unselected package libomp-9-dev.
Preparing to unpack .../27-libomp-9-dev_1%3a9.0.1-8_amd64.deb ...
Unpacking libomp-9-dev (1:9.0.1-8) ...
Setting up libgc1c2:amd64 (1:7.6.4-0.4) ...
Setting up libobjc4:amd64 (10-20200222-1) ...
Setting up libz3-4:amd64 (4.8.7-4) ...
Setting up gcc-8-base:amd64 (8.3.0-29) ...
Setting up libmpx2:amd64 (8.3.0-29) ...
Setting up libc6-i386 (2.29-10) ...
Setting up libbsd0:amd64 (0.10.0-1) ...
Setting up gcc-9-base:amd64 (9.2.1-30) ...
Setting up libomp5-9:amd64 (1:9.0.1-8) ...
Setting up libedit2:amd64 (3.1-20191231-1) ...
Setting up libasan5:amd64 (9.2.1-30) ...
Setting up lib32gcc-s1 (10-20200222-1) ...
Setting up libgcc-8-dev:amd64 (8.3.0-29) ...
Setting up libomp-9-dev (1:9.0.1-8) ...
Setting up cpp-9 (9.2.1-30) ...
Setting up libllvm9:amd64 (1:9.0.1-8) ...
Setting up libstdc++-8-dev:amd64 (8.3.0-29) ...
Setting up libclang-cpp9 (1:9.0.1-8) ...
Setting up lib32gcc1 (1:10-20200222-1) ...
Setting up libgcc-9-dev:amd64 (9.2.1-30) ...
Setting up libobjc-8-dev:amd64 (8.3.0-29) ...
Setting up lib32stdc++6 (10-20200222-1) ...
Setting up libobjc-9-dev:amd64 (9.2.1-30) ...
Setting up libclang-common-9-dev (1:9.0.1-8) ...
Setting up gcc-9 (9.2.1-30) ...
Setting up libstdc++-9-dev:amd64 (9.2.1-30) ...
Setting up clang-9 (1:9.0.1-8) ...
Setting up g++-9 (9.2.1-30) ...
Processing triggers for libc-bin (2.29-10) ...
W: --force-yes is deprecated, use one of the options starting with --allow instead.
+ echo 'Replace gcc, g++ & cpp by clang'
Replace gcc, g++ & cpp by clang
+ VERSIONS='4.6 4.7 4.8 4.9 5 6 7 8 9 10'
+ cd /usr/bin
+ for VERSION in $VERSIONS
+ rm -f g++-4.6 gcc-4.6 cpp-4.6 gcc
+ ln -s clang++-9 g++-4.6
+ ln -s clang-9 gcc-4.6
+ ln -s clang-9 cpp-4.6
+ ln -s clang-9 gcc
+ echo 'gcc-4.6 hold'
+ dpkg --set-selections
dpkg: warning: package not in status nor available database at line 1: gcc-4.6
dpkg: warning: found unknown packages; this might mean the available database
is outdated, and needs to be updated through a frontend method;
please see the FAQ <https://wiki.debian.org/Teams/Dpkg/FAQ>
+ echo 'g++-4.6 hold'
+ dpkg --set-selections
dpkg: warning: package not in status nor available database at line 1: g++-4.6
dpkg: warning: found unknown packages; this might mean the available database
is outdated, and needs to be updated through a frontend method;
please see the FAQ <https://wiki.debian.org/Teams/Dpkg/FAQ>
+ for VERSION in $VERSIONS
+ rm -f g++-4.7 gcc-4.7 cpp-4.7 gcc
+ ln -s clang++-9 g++-4.7
+ ln -s clang-9 gcc-4.7
+ ln -s clang-9 cpp-4.7
+ ln -s clang-9 gcc
+ echo 'gcc-4.7 hold'
+ dpkg --set-selections
dpkg: warning: package not in status nor available database at line 1: gcc-4.7
dpkg: warning: found unknown packages; this might mean the available database
is outdated, and needs to be updated through a frontend method;
please see the FAQ <https://wiki.debian.org/Teams/Dpkg/FAQ>
+ echo 'g++-4.7 hold'
+ dpkg --set-selections
dpkg: warning: package not in status nor available database at line 1: g++-4.7
dpkg: warning: found unknown packages; this might mean the available database
is outdated, and needs to be updated through a frontend method;
please see the FAQ <https://wiki.debian.org/Teams/Dpkg/FAQ>
+ for VERSION in $VERSIONS
+ rm -f g++-4.8 gcc-4.8 cpp-4.8 gcc
+ ln -s clang++-9 g++-4.8
+ ln -s clang-9 gcc-4.8
+ ln -s clang-9 cpp-4.8
+ ln -s clang-9 gcc
+ echo 'gcc-4.8 hold'
+ dpkg --set-selections
dpkg: warning: package not in status nor available database at line 1: gcc-4.8
dpkg: warning: found unknown packages; this might mean the available database
is outdated, and needs to be updated through a frontend method;
please see the FAQ <https://wiki.debian.org/Teams/Dpkg/FAQ>
+ echo 'g++-4.8 hold'
+ dpkg --set-selections
dpkg: warning: package not in status nor available database at line 1: g++-4.8
dpkg: warning: found unknown packages; this might mean the available database
is outdated, and needs to be updated through a frontend method;
please see the FAQ <https://wiki.debian.org/Teams/Dpkg/FAQ>
+ for VERSION in $VERSIONS
+ rm -f g++-4.9 gcc-4.9 cpp-4.9 gcc
+ ln -s clang++-9 g++-4.9
+ ln -s clang-9 gcc-4.9
+ ln -s clang-9 cpp-4.9
+ ln -s clang-9 gcc
+ echo 'gcc-4.9 hold'
+ dpkg --set-selections
dpkg: warning: package not in status nor available database at line 1: gcc-4.9
dpkg: warning: found unknown packages; this might mean the available database
is outdated, and needs to be updated through a frontend method;
please see the FAQ <https://wiki.debian.org/Teams/Dpkg/FAQ>
+ echo 'g++-4.9 hold'
+ dpkg --set-selections
dpkg: warning: package not in status nor available database at line 1: g++-4.9
dpkg: warning: found unknown packages; this might mean the available database
is outdated, and needs to be updated through a frontend method;
please see the FAQ <https://wiki.debian.org/Teams/Dpkg/FAQ>
+ for VERSION in $VERSIONS
+ rm -f g++-5 gcc-5 cpp-5 gcc
+ ln -s clang++-9 g++-5
+ ln -s clang-9 gcc-5
+ ln -s clang-9 cpp-5
+ ln -s clang-9 gcc
+ echo 'gcc-5 hold'
+ dpkg --set-selections
dpkg: warning: package not in status nor available database at line 1: gcc-5
dpkg: warning: found unknown packages; this might mean the available database
is outdated, and needs to be updated through a frontend method;
please see the FAQ <https://wiki.debian.org/Teams/Dpkg/FAQ>
+ echo 'g++-5 hold'
+ dpkg --set-selections
dpkg: warning: package not in status nor available database at line 1: g++-5
dpkg: warning: found unknown packages; this might mean the available database
is outdated, and needs to be updated through a frontend method;
please see the FAQ <https://wiki.debian.org/Teams/Dpkg/FAQ>
+ for VERSION in $VERSIONS
+ rm -f g++-6 gcc-6 cpp-6 gcc
+ ln -s clang++-9 g++-6
+ ln -s clang-9 gcc-6
+ ln -s clang-9 cpp-6
+ ln -s clang-9 gcc
+ echo 'gcc-6 hold'
+ dpkg --set-selections
dpkg: warning: package not in status nor available database at line 1: gcc-6
dpkg: warning: found unknown packages; this might mean the available database
is outdated, and needs to be updated through a frontend method;
please see the FAQ <https://wiki.debian.org/Teams/Dpkg/FAQ>
+ echo 'g++-6 hold'
+ dpkg --set-selections
dpkg: warning: package not in status nor available database at line 1: g++-6
dpkg: warning: found unknown packages; this might mean the available database
is outdated, and needs to be updated through a frontend method;
please see the FAQ <https://wiki.debian.org/Teams/Dpkg/FAQ>
+ for VERSION in $VERSIONS
+ rm -f g++-7 gcc-7 cpp-7 gcc
+ ln -s clang++-9 g++-7
+ ln -s clang-9 gcc-7
+ ln -s clang-9 cpp-7
+ ln -s clang-9 gcc
+ echo 'gcc-7 hold'
+ dpkg --set-selections
dpkg: warning: package not in status nor available database at line 1: gcc-7
dpkg: warning: found unknown packages; this might mean the available database
is outdated, and needs to be updated through a frontend method;
please see the FAQ <https://wiki.debian.org/Teams/Dpkg/FAQ>
+ echo 'g++-7 hold'
+ dpkg --set-selections
dpkg: warning: package not in status nor available database at line 1: g++-7
dpkg: warning: found unknown packages; this might mean the available database
is outdated, and needs to be updated through a frontend method;
please see the FAQ <https://wiki.debian.org/Teams/Dpkg/FAQ>
+ for VERSION in $VERSIONS
+ rm -f g++-8 gcc-8 cpp-8 gcc
+ ln -s clang++-9 g++-8
+ ln -s clang-9 gcc-8
+ ln -s clang-9 cpp-8
+ ln -s clang-9 gcc
+ echo 'gcc-8 hold'
+ dpkg --set-selections
dpkg: warning: package not in status nor available database at line 1: gcc-8
dpkg: warning: found unknown packages; this might mean the available database
is outdated, and needs to be updated through a frontend method;
please see the FAQ <https://wiki.debian.org/Teams/Dpkg/FAQ>
+ echo 'g++-8 hold'
+ dpkg --set-selections
dpkg: warning: package not in status nor available database at line 1: g++-8
dpkg: warning: found unknown packages; this might mean the available database
is outdated, and needs to be updated through a frontend method;
please see the FAQ <https://wiki.debian.org/Teams/Dpkg/FAQ>
+ for VERSION in $VERSIONS
+ rm -f g++-9 gcc-9 cpp-9 gcc
+ ln -s clang++-9 g++-9
+ ln -s clang-9 gcc-9
+ ln -s clang-9 cpp-9
+ ln -s clang-9 gcc
+ echo 'gcc-9 hold'
+ dpkg --set-selections
+ echo 'g++-9 hold'
+ dpkg --set-selections
+ for VERSION in $VERSIONS
+ rm -f g++-10 gcc-10 cpp-10 gcc
+ ln -s clang++-9 g++-10
+ ln -s clang-9 gcc-10
+ ln -s clang-9 cpp-10
+ ln -s clang-9 gcc
+ echo 'gcc-10 hold'
+ dpkg --set-selections
dpkg: warning: package not in status nor available database at line 1: gcc-10
dpkg: warning: found unknown packages; this might mean the available database
is outdated, and needs to be updated through a frontend method;
please see the FAQ <https://wiki.debian.org/Teams/Dpkg/FAQ>
+ echo 'g++-10 hold'
+ dpkg --set-selections
dpkg: warning: package not in status nor available database at line 1: g++-10
dpkg: warning: found unknown packages; this might mean the available database
is outdated, and needs to be updated through a frontend method;
please see the FAQ <https://wiki.debian.org/Teams/Dpkg/FAQ>
+ cd -
/build/healpy-pc8HUZ
+ echo 'Check if gcc, g++ & cpp are actually clang'
Check if gcc, g++ & cpp are actually clang
+ gcc --version
+ grep clang
+ cpp --version
+ grep clang
+ g++ --version
+ grep clang

I: Finished running '/tmp/clang9'.

Finished processing commands.
--------------------------------------------------------------------------------
I: NOTICE: Log filtering will replace 'build/healpy-pc8HUZ/resolver-1MxAMB' with '<<RESOLVERDIR>>'

+------------------------------------------------------------------------------+
| Update chroot                                                                |
+------------------------------------------------------------------------------+

Hit:1 http://127.0.0.1:12990/debian sid InRelease
Reading package lists...
Reading package lists...
Building dependency tree...
Reading state information...
Calculating upgrade...
The following packages will be upgraded:
  bash libgmp10 zlib1g
3 upgraded, 0 newly installed, 0 to remove and 0 not upgraded.
Need to get 1722 kB of archives.
After this operation, 4096 B of additional disk space will be used.
Get:1 http://127.0.0.1:12990/debian sid/main amd64 bash amd64 5.0-6 [1379 kB]
Get:2 http://127.0.0.1:12990/debian sid/main amd64 libgmp10 amd64 2:6.2.0+dfsg-4 [253 kB]
Get:3 http://127.0.0.1:12990/debian sid/main amd64 zlib1g amd64 1:1.2.11.dfsg-2 [90.4 kB]
debconf: delaying package configuration, since apt-utils is not installed
Fetched 1722 kB in 0s (71.4 MB/s)
(Reading database ... (Reading database ... 5%(Reading database ... 10%(Reading database ... 15%(Reading database ... 20%(Reading database ... 25%(Reading database ... 30%(Reading database ... 35%(Reading database ... 40%(Reading database ... 45%(Reading database ... 50%(Reading database ... 55%(Reading database ... 60%(Reading database ... 65%(Reading database ... 70%(Reading database ... 75%(Reading database ... 80%(Reading database ... 85%(Reading database ... 90%(Reading database ... 95%(Reading database ... 100%(Reading database ... 13921 files and directories currently installed.)
Preparing to unpack .../archives/bash_5.0-6_amd64.deb ...
Unpacking bash (5.0-6) over (5.0-5) ...
Setting up bash (5.0-6) ...
update-alternatives: using /usr/share/man/man7/bash-builtins.7.gz to provide /usr/share/man/man7/builtins.7.gz (builtins.7.gz) in auto mode
(Reading database ... (Reading database ... 5%(Reading database ... 10%(Reading database ... 15%(Reading database ... 20%(Reading database ... 25%(Reading database ... 30%(Reading database ... 35%(Reading database ... 40%(Reading database ... 45%(Reading database ... 50%(Reading database ... 55%(Reading database ... 60%(Reading database ... 65%(Reading database ... 70%(Reading database ... 75%(Reading database ... 80%(Reading database ... 85%(Reading database ... 90%(Reading database ... 95%(Reading database ... 100%(Reading database ... 13921 files and directories currently installed.)
Preparing to unpack .../libgmp10_2%3a6.2.0+dfsg-4_amd64.deb ...
Unpacking libgmp10:amd64 (2:6.2.0+dfsg-4) over (2:6.2.0+dfsg-3) ...
Setting up libgmp10:amd64 (2:6.2.0+dfsg-4) ...
(Reading database ... (Reading database ... 5%(Reading database ... 10%(Reading database ... 15%(Reading database ... 20%(Reading database ... 25%(Reading database ... 30%(Reading database ... 35%(Reading database ... 40%(Reading database ... 45%(Reading database ... 50%(Reading database ... 55%(Reading database ... 60%(Reading database ... 65%(Reading database ... 70%(Reading database ... 75%(Reading database ... 80%(Reading database ... 85%(Reading database ... 90%(Reading database ... 95%(Reading database ... 100%(Reading database ... 13921 files and directories currently installed.)
Preparing to unpack .../zlib1g_1%3a1.2.11.dfsg-2_amd64.deb ...
Unpacking zlib1g:amd64 (1:1.2.11.dfsg-2) over (1:1.2.11.dfsg-1.2) ...
Setting up zlib1g:amd64 (1:1.2.11.dfsg-2) ...
Processing triggers for libc-bin (2.29-10) ...

+------------------------------------------------------------------------------+
| Fetch source files                                                           |
+------------------------------------------------------------------------------+


Check APT
---------

Checking available source versions...

Download source files with APT
------------------------------

Reading package lists...
NOTICE: 'healpy' packaging is maintained in the 'Git' version control system at:
https://salsa.debian.org/debian-astro-team/healpy.git
Please use:
git clone https://salsa.debian.org/debian-astro-team/healpy.git
to retrieve the latest (possibly unreleased) updates to the package.
Need to get 4620 kB of source archives.
Get:1 http://127.0.0.1:12990/debian sid/main healpy 1.13.0-1 (dsc) [2371 B]
Get:2 http://127.0.0.1:12990/debian sid/main healpy 1.13.0-1 (tar) [4610 kB]
Get:3 http://127.0.0.1:12990/debian sid/main healpy 1.13.0-1 (diff) [7796 B]
Fetched 4620 kB in 0s (34.7 MB/s)
Download complete and in download only mode
I: NOTICE: Log filtering will replace 'build/healpy-pc8HUZ/healpy-1.13.0' with '<<PKGBUILDDIR>>'
I: NOTICE: Log filtering will replace 'build/healpy-pc8HUZ' with '<<BUILDDIR>>'

+------------------------------------------------------------------------------+
| Install package build dependencies                                           |
+------------------------------------------------------------------------------+


Setup apt archive
-----------------

Merged Build-Depends: cython3, python3-setuptools, python3-all-dev, python3-matplotlib, python3-numpy (>= 1.14.6), python3-astropy, python3-pytest, python3-pytest-cython, python3-pytest-runner, python3-scipy, python3-six, debhelper-compat (= 12), dh-python, libcfitsio-dev, libsharp-dev, libhealpix-cxx-dev (>= 3.60.0), pkg-config, build-essential, fakeroot
Filtered Build-Depends: cython3, python3-setuptools, python3-all-dev, python3-matplotlib, python3-numpy (>= 1.14.6), python3-astropy, python3-pytest, python3-pytest-cython, python3-pytest-runner, python3-scipy, python3-six, debhelper-compat (= 12), dh-python, libcfitsio-dev, libsharp-dev, libhealpix-cxx-dev (>= 3.60.0), pkg-config, build-essential, fakeroot
dpkg-deb: building package 'sbuild-build-depends-main-dummy' in '/<<RESOLVERDIR>>/apt_archive/sbuild-build-depends-main-dummy.deb'.
Ign:1 copy:/<<RESOLVERDIR>>/apt_archive ./ InRelease
Get:2 copy:/<<RESOLVERDIR>>/apt_archive ./ Release [957 B]
Ign:3 copy:/<<RESOLVERDIR>>/apt_archive ./ Release.gpg
Get:4 copy:/<<RESOLVERDIR>>/apt_archive ./ Sources [492 B]
Get:5 copy:/<<RESOLVERDIR>>/apt_archive ./ Packages [580 B]
Fetched 2029 B in 0s (0 B/s)
Reading package lists...
Reading package lists...

Install main build dependencies (apt-based resolver)
----------------------------------------------------

Installing build dependencies
Reading package lists...
Building dependency tree...
Reading state information...
The following additional packages will be installed:
  autoconf automake autopoint autotools-dev bsdmainutils cython3 debhelper
  dh-autoreconf dh-python dh-strip-nondeterminism dwz file fonts-lyx gettext
  gettext-base groff-base intltool-debian libarchive-zip-perl libblas3
  libbrotli1 libcfitsio-dev libcfitsio8 libcroco3 libcurl3-gnutls
  libdebhelper-perl libelf1 liberfa1 libexpat1 libexpat1-dev
  libfile-stripnondeterminism-perl libfreetype6 libgfortran5 libglib2.0-0
  libgssapi-krb5-2 libhealpix-cxx-dev libhealpix-cxx2 libicu63 libjs-jquery
  libjs-jquery-ui libk5crypto3 libkeyutils1 libkrb5-3 libkrb5support0
  liblapack3 liblbfgsb0 libldap-2.4-2 libldap-common libmagic-mgc libmagic1
  libmpdec2 libnghttp2-14 libpipeline1 libpng16-16 libpsl5 libpython3-all-dev
  libpython3-dev libpython3-stdlib libpython3.7 libpython3.7-dev
  libpython3.7-minimal libpython3.7-stdlib libpython3.8 libpython3.8-dev
  libpython3.8-minimal libpython3.8-stdlib libreadline8 librtmp1 libsasl2-2
  libsasl2-modules-db libsharp-dev libsharp0 libsigsegv2 libsqlite3-0
  libssh2-1 libssl1.1 libsub-override-perl libtool libuchardet0 libwcs7
  libxml2 m4 man-db mime-support pkg-config po-debconf python-matplotlib-data
  python3 python3-all python3-all-dev python3-astropy python3-atomicwrites
  python3-attr python3-configobj python3-cycler python3-dateutil
  python3-decorator python3-dev python3-distutils python3-hypothesis
  python3-importlib-metadata python3-kiwisolver python3-lib2to3
  python3-matplotlib python3-minimal python3-more-itertools python3-numpy
  python3-packaging python3-pkg-resources python3-pluggy python3-ply
  python3-psutil python3-py python3-pyparsing python3-pytest
  python3-pytest-arraydiff python3-pytest-astropy
  python3-pytest-astropy-header python3-pytest-cython
  python3-pytest-doctestplus python3-pytest-openfiles
  python3-pytest-remotedata python3-pytest-runner python3-scipy
  python3-setuptools python3-six python3-wcwidth python3-zipp python3.7
  python3.7-dev python3.7-minimal python3.8 python3.8-dev python3.8-minimal
  readline-common sensible-utils ttf-bitstream-vera zlib1g-dev
Suggested packages:
  autoconf-archive gnu-standards autoconf-doc wamerican | wordlist whois
  vacation cython-doc dh-make gettext-doc libasprintf-dev libgettextpo-dev
  groff krb5-doc krb5-user libjs-jquery-ui-docs libtool-doc gfortran
  | fortran95-compiler gcj-jdk m4-doc apparmor less www-browser
  libmail-box-perl python3-doc python3-tk python3-venv libxml2-utils
  python-astropy-doc python3-astropy-affiliated python3-beautifulsoup
  python3-h5py python3-pandas python3-tz python3-yaml python-attr-doc
  python-configobj-doc python-cycler-doc python-hypothesis-doc dvipng ffmpeg
  gir1.2-gtk-3.0 ghostscript inkscape ipython3 librsvg2-common
  python-matplotlib-doc python3-cairocffi python3-gi python3-gi-cairo
  python3-gobject python3-nose python3-pyqt5 python3-sip python3-tornado
  texlive-extra-utils texlive-latex-extra ttf-staypuft gfortran
  python-numpy-doc python3-numpy-dbg python-ply-doc python-psutil-doc
  subversion python-pyparsing-doc python-scipy-doc python-setuptools-doc
  python3.7-venv python3.7-doc binfmt-support python3.8-venv python3.8-doc
  readline-doc
Recommended packages:
  curl | wget | lynx libcfitsio-doc ca-certificates libarchive-cpio-perl
  libglib2.0-data shared-mime-info xdg-user-dirs javascript-common
  krb5-locales publicsuffix libsasl2-modules libltdl-dev libmail-sendmail-perl
  libjs-jquery-datatables python3-pil python3-tk
The following NEW packages will be installed:
  autoconf automake autopoint autotools-dev bsdmainutils cython3 debhelper
  dh-autoreconf dh-python dh-strip-nondeterminism dwz file fonts-lyx gettext
  gettext-base groff-base intltool-debian libarchive-zip-perl libblas3
  libbrotli1 libcfitsio-dev libcfitsio8 libcroco3 libcurl3-gnutls
  libdebhelper-perl libelf1 liberfa1 libexpat1 libexpat1-dev
  libfile-stripnondeterminism-perl libfreetype6 libgfortran5 libglib2.0-0
  libgssapi-krb5-2 libhealpix-cxx-dev libhealpix-cxx2 libicu63 libjs-jquery
  libjs-jquery-ui libk5crypto3 libkeyutils1 libkrb5-3 libkrb5support0
  liblapack3 liblbfgsb0 libldap-2.4-2 libldap-common libmagic-mgc libmagic1
  libmpdec2 libnghttp2-14 libpipeline1 libpng16-16 libpsl5 libpython3-all-dev
  libpython3-dev libpython3-stdlib libpython3.7 libpython3.7-dev
  libpython3.7-minimal libpython3.7-stdlib libpython3.8 libpython3.8-dev
  libpython3.8-minimal libpython3.8-stdlib libreadline8 librtmp1 libsasl2-2
  libsasl2-modules-db libsharp-dev libsharp0 libsigsegv2 libsqlite3-0
  libssh2-1 libssl1.1 libsub-override-perl libtool libuchardet0 libwcs7
  libxml2 m4 man-db mime-support pkg-config po-debconf python-matplotlib-data
  python3 python3-all python3-all-dev python3-astropy python3-atomicwrites
  python3-attr python3-configobj python3-cycler python3-dateutil
  python3-decorator python3-dev python3-distutils python3-hypothesis
  python3-importlib-metadata python3-kiwisolver python3-lib2to3
  python3-matplotlib python3-minimal python3-more-itertools python3-numpy
  python3-packaging python3-pkg-resources python3-pluggy python3-ply
  python3-psutil python3-py python3-pyparsing python3-pytest
  python3-pytest-arraydiff python3-pytest-astropy
  python3-pytest-astropy-header python3-pytest-cython
  python3-pytest-doctestplus python3-pytest-openfiles
  python3-pytest-remotedata python3-pytest-runner python3-scipy
  python3-setuptools python3-six python3-wcwidth python3-zipp python3.7
  python3.7-dev python3.7-minimal python3.8 python3.8-dev python3.8-minimal
  readline-common sbuild-build-depends-main-dummy sensible-utils
  ttf-bitstream-vera zlib1g-dev
0 upgraded, 138 newly installed, 0 to remove and 0 not upgraded.
Need to get 171 MB of archives.
After this operation, 498 MB of additional disk space will be used.
Get:1 copy:/<<RESOLVERDIR>>/apt_archive ./ sbuild-build-depends-main-dummy 0.invalid.0 [1004 B]
Get:2 http://127.0.0.1:12990/debian sid/main amd64 bsdmainutils amd64 11.1.2+b1 [191 kB]
Get:3 http://127.0.0.1:12990/debian sid/main amd64 libuchardet0 amd64 0.0.6-3 [64.9 kB]
Get:4 http://127.0.0.1:12990/debian sid/main amd64 groff-base amd64 1.22.4-4 [919 kB]
Get:5 http://127.0.0.1:12990/debian sid/main amd64 libpipeline1 amd64 1.5.2-2 [33.9 kB]
Get:6 http://127.0.0.1:12990/debian sid/main amd64 man-db amd64 2.9.0-2 [1307 kB]
Get:7 http://127.0.0.1:12990/debian sid/main amd64 libssl1.1 amd64 1.1.1d-2 [1540 kB]
Get:8 http://127.0.0.1:12990/debian sid/main amd64 libpython3.7-minimal amd64 3.7.6-1+b1 [591 kB]
Get:9 http://127.0.0.1:12990/debian sid/main amd64 libexpat1 amd64 2.2.9-1 [94.3 kB]
Get:10 http://127.0.0.1:12990/debian sid/main amd64 python3.7-minimal amd64 3.7.6-1+b1 [1813 kB]
Get:11 http://127.0.0.1:12990/debian sid/main amd64 python3-minimal amd64 3.7.5-3 [36.8 kB]
Get:12 http://127.0.0.1:12990/debian sid/main amd64 mime-support all 3.64 [37.8 kB]
Get:13 http://127.0.0.1:12990/debian sid/main amd64 libmpdec2 amd64 2.4.2-2 [87.2 kB]
Get:14 http://127.0.0.1:12990/debian sid/main amd64 readline-common all 8.0-4 [72.5 kB]
Get:15 http://127.0.0.1:12990/debian sid/main amd64 libreadline8 amd64 8.0-4 [160 kB]
Get:16 http://127.0.0.1:12990/debian sid/main amd64 libsqlite3-0 amd64 3.31.1-3 [661 kB]
Get:17 http://127.0.0.1:12990/debian sid/main amd64 libpython3.7-stdlib amd64 3.7.6-1+b1 [1735 kB]
Get:18 http://127.0.0.1:12990/debian sid/main amd64 python3.7 amd64 3.7.6-1+b1 [351 kB]
Get:19 http://127.0.0.1:12990/debian sid/main amd64 libpython3-stdlib amd64 3.7.5-3 [20.2 kB]
Get:20 http://127.0.0.1:12990/debian sid/main amd64 python3 amd64 3.7.5-3 [62.1 kB]
Get:21 http://127.0.0.1:12990/debian sid/main amd64 libpython3.8-minimal amd64 3.8.2~rc2-2 [750 kB]
Get:22 http://127.0.0.1:12990/debian sid/main amd64 python3.8-minimal amd64 3.8.2~rc2-2 [1939 kB]
Get:23 http://127.0.0.1:12990/debian sid/main amd64 sensible-utils all 0.0.12+nmu1 [16.0 kB]
Get:24 http://127.0.0.1:12990/debian sid/main amd64 libmagic-mgc amd64 1:5.38-4 [262 kB]
Get:25 http://127.0.0.1:12990/debian sid/main amd64 libmagic1 amd64 1:5.38-4 [120 kB]
Get:26 http://127.0.0.1:12990/debian sid/main amd64 file amd64 1:5.38-4 [67.9 kB]
Get:27 http://127.0.0.1:12990/debian sid/main amd64 gettext-base amd64 0.19.8.1-10 [123 kB]
Get:28 http://127.0.0.1:12990/debian sid/main amd64 libsigsegv2 amd64 2.12-2 [32.8 kB]
Get:29 http://127.0.0.1:12990/debian sid/main amd64 m4 amd64 1.4.18-4 [203 kB]
Get:30 http://127.0.0.1:12990/debian sid/main amd64 autoconf all 2.69-11.1 [341 kB]
Get:31 http://127.0.0.1:12990/debian sid/main amd64 autotools-dev all 20180224.1 [77.0 kB]
Get:32 http://127.0.0.1:12990/debian sid/main amd64 automake all 1:1.16.1-4 [771 kB]
Get:33 http://127.0.0.1:12990/debian sid/main amd64 autopoint all 0.19.8.1-10 [435 kB]
Get:34 http://127.0.0.1:12990/debian sid/main amd64 cython3 amd64 0.29.14-0.1+b1 [2117 kB]
Get:35 http://127.0.0.1:12990/debian sid/main amd64 libtool all 2.4.6-13 [513 kB]
Get:36 http://127.0.0.1:12990/debian sid/main amd64 dh-autoreconf all 19 [16.9 kB]
Get:37 http://127.0.0.1:12990/debian sid/main amd64 libdebhelper-perl all 12.9 [183 kB]
Get:38 http://127.0.0.1:12990/debian sid/main amd64 libarchive-zip-perl all 1.67-1 [104 kB]
Get:39 http://127.0.0.1:12990/debian sid/main amd64 libsub-override-perl all 0.09-2 [10.2 kB]
Get:40 http://127.0.0.1:12990/debian sid/main amd64 libfile-stripnondeterminism-perl all 1.6.3-2 [23.7 kB]
Get:41 http://127.0.0.1:12990/debian sid/main amd64 dh-strip-nondeterminism all 1.6.3-2 [14.7 kB]
Get:42 http://127.0.0.1:12990/debian sid/main amd64 libelf1 amd64 0.176-1.1 [161 kB]
Get:43 http://127.0.0.1:12990/debian sid/main amd64 dwz amd64 0.13-5 [151 kB]
Get:44 http://127.0.0.1:12990/debian sid/main amd64 libglib2.0-0 amd64 2.62.4-2 [1319 kB]
Get:45 http://127.0.0.1:12990/debian sid/main amd64 libicu63 amd64 63.2-2 [8301 kB]
Get:46 http://127.0.0.1:12990/debian sid/main amd64 libxml2 amd64 2.9.10+dfsg-3 [709 kB]
Get:47 http://127.0.0.1:12990/debian sid/main amd64 libcroco3 amd64 0.6.13-1 [146 kB]
Get:48 http://127.0.0.1:12990/debian sid/main amd64 gettext amd64 0.19.8.1-10 [1303 kB]
Get:49 http://127.0.0.1:12990/debian sid/main amd64 intltool-debian all 0.35.0+20060710.5 [26.8 kB]
Get:50 http://127.0.0.1:12990/debian sid/main amd64 po-debconf all 1.0.21 [248 kB]
Get:51 http://127.0.0.1:12990/debian sid/main amd64 debhelper all 12.9 [994 kB]
Get:52 http://127.0.0.1:12990/debian sid/main amd64 python3-lib2to3 all 3.8.0-1 [78.3 kB]
Get:53 http://127.0.0.1:12990/debian sid/main amd64 python3-distutils all 3.8.0-1 [145 kB]
Get:54 http://127.0.0.1:12990/debian sid/main amd64 dh-python all 4.20191017 [94.4 kB]
Get:55 http://127.0.0.1:12990/debian sid/main amd64 fonts-lyx all 2.3.4.2-2 [200 kB]
Get:56 http://127.0.0.1:12990/debian sid/main amd64 libblas3 amd64 3.9.0-1 [153 kB]
Get:57 http://127.0.0.1:12990/debian sid/main amd64 libbrotli1 amd64 1.0.7-6 [266 kB]
Get:58 http://127.0.0.1:12990/debian sid/main amd64 libkeyutils1 amd64 1.6.1-2 [15.4 kB]
Get:59 http://127.0.0.1:12990/debian sid/main amd64 libkrb5support0 amd64 1.17-6 [64.6 kB]
Get:60 http://127.0.0.1:12990/debian sid/main amd64 libk5crypto3 amd64 1.17-6 [116 kB]
Get:61 http://127.0.0.1:12990/debian sid/main amd64 libkrb5-3 amd64 1.17-6 [366 kB]
Get:62 http://127.0.0.1:12990/debian sid/main amd64 libgssapi-krb5-2 amd64 1.17-6 [156 kB]
Get:63 http://127.0.0.1:12990/debian sid/main amd64 libsasl2-modules-db amd64 2.1.27+dfsg-2 [69.0 kB]
Get:64 http://127.0.0.1:12990/debian sid/main amd64 libsasl2-2 amd64 2.1.27+dfsg-2 [106 kB]
Get:65 http://127.0.0.1:12990/debian sid/main amd64 libldap-common all 2.4.49+dfsg-1 [91.9 kB]
Get:66 http://127.0.0.1:12990/debian sid/main amd64 libldap-2.4-2 amd64 2.4.49+dfsg-1 [226 kB]
Get:67 http://127.0.0.1:12990/debian sid/main amd64 libnghttp2-14 amd64 1.40.0-1 [85.0 kB]
Get:68 http://127.0.0.1:12990/debian sid/main amd64 libpsl5 amd64 0.20.2-2 [53.7 kB]
Get:69 http://127.0.0.1:12990/debian sid/main amd64 librtmp1 amd64 2.4+20151223.gitfa8646d.1-2+b1 [60.8 kB]
Get:70 http://127.0.0.1:12990/debian sid/main amd64 libssh2-1 amd64 1.8.0-2.1 [140 kB]
Get:71 http://127.0.0.1:12990/debian sid/main amd64 libcurl3-gnutls amd64 7.68.0-1 [319 kB]
Get:72 http://127.0.0.1:12990/debian sid/main amd64 libcfitsio8 amd64 3.470-3 [542 kB]
Get:73 http://127.0.0.1:12990/debian sid/main amd64 libcfitsio-dev amd64 3.470-3 [587 kB]
Get:74 http://127.0.0.1:12990/debian sid/main amd64 liberfa1 amd64 1.7.0-1 [125 kB]
Get:75 http://127.0.0.1:12990/debian sid/main amd64 libexpat1-dev amd64 2.2.9-1 [136 kB]
Get:76 http://127.0.0.1:12990/debian sid/main amd64 libpng16-16 amd64 1.6.37-2 [292 kB]
Get:77 http://127.0.0.1:12990/debian sid/main amd64 libfreetype6 amd64 2.10.1-2 [392 kB]
Get:78 http://127.0.0.1:12990/debian sid/main amd64 libgfortran5 amd64 10-20200222-1 [721 kB]
Get:79 http://127.0.0.1:12990/debian sid/main amd64 libsharp0 amd64 1.0.0-2 [78.5 kB]
Get:80 http://127.0.0.1:12990/debian sid/main amd64 libhealpix-cxx2 amd64 3.60.0-2 [220 kB]
Get:81 http://127.0.0.1:12990/debian sid/main amd64 libhealpix-cxx-dev amd64 3.60.0-2 [278 kB]
Get:82 http://127.0.0.1:12990/debian sid/main amd64 libjs-jquery all 3.3.1~dfsg-3 [332 kB]
Get:83 http://127.0.0.1:12990/debian sid/main amd64 libjs-jquery-ui all 1.12.1+dfsg-5 [232 kB]
Get:84 http://127.0.0.1:12990/debian sid/main amd64 liblapack3 amd64 3.9.0-1 [2168 kB]
Get:85 http://127.0.0.1:12990/debian sid/main amd64 liblbfgsb0 amd64 3.0+dfsg.3-7 [29.5 kB]
Get:86 http://127.0.0.1:12990/debian sid/main amd64 libpython3.7 amd64 3.7.6-1+b1 [1484 kB]
Get:87 http://127.0.0.1:12990/debian sid/main amd64 libpython3.7-dev amd64 3.7.6-1+b1 [41.4 MB]
Get:88 http://127.0.0.1:12990/debian sid/main amd64 libpython3-dev amd64 3.7.5-3 [20.3 kB]
Get:89 http://127.0.0.1:12990/debian sid/main amd64 libpython3.8-stdlib amd64 3.8.2~rc2-2 [1665 kB]
Get:90 http://127.0.0.1:12990/debian sid/main amd64 libpython3.8 amd64 3.8.2~rc2-2 [1619 kB]
Get:91 http://127.0.0.1:12990/debian sid/main amd64 libpython3.8-dev amd64 3.8.2~rc2-2 [47.3 MB]
Get:92 http://127.0.0.1:12990/debian sid/main amd64 libpython3-all-dev amd64 3.7.5-3 [1072 B]
Get:93 http://127.0.0.1:12990/debian sid/main amd64 libsharp-dev amd64 1.0.0-2 [84.9 kB]
Get:94 http://127.0.0.1:12990/debian sid/main amd64 libwcs7 amd64 7.1+ds-2 [266 kB]
Get:95 http://127.0.0.1:12990/debian sid/main amd64 pkg-config amd64 0.29-6 [63.5 kB]
Get:96 http://127.0.0.1:12990/debian sid/main amd64 ttf-bitstream-vera all 1.10-8 [352 kB]
Get:97 http://127.0.0.1:12990/debian sid/main amd64 python-matplotlib-data all 3.1.2-2 [4139 kB]
Get:98 http://127.0.0.1:12990/debian sid/main amd64 python3.8 amd64 3.8.2~rc2-2 [409 kB]
Get:99 http://127.0.0.1:12990/debian sid/main amd64 python3-all amd64 3.7.5-3 [1060 B]
Get:100 http://127.0.0.1:12990/debian sid/main amd64 zlib1g-dev amd64 1:1.2.11.dfsg-2 [190 kB]
Get:101 http://127.0.0.1:12990/debian sid/main amd64 python3.7-dev amd64 3.7.6-1+b1 [518 kB]
Get:102 http://127.0.0.1:12990/debian sid/main amd64 python3-dev amd64 3.7.5-3 [1260 B]
Get:103 http://127.0.0.1:12990/debian sid/main amd64 python3.8-dev amd64 3.8.2~rc2-2 [515 kB]
Get:104 http://127.0.0.1:12990/debian sid/main amd64 python3-all-dev amd64 3.7.5-3 [1076 B]
Get:105 http://127.0.0.1:12990/debian sid/main amd64 python3-six all 1.14.0-2 [16.7 kB]
Get:106 http://127.0.0.1:12990/debian sid/main amd64 python3-configobj all 5.0.6-3 [35.7 kB]
Get:107 http://127.0.0.1:12990/debian sid/main amd64 python3-attr all 19.3.0-1 [43.1 kB]
Get:108 http://127.0.0.1:12990/debian sid/main amd64 python3-more-itertools all 4.2.0-1 [42.2 kB]
Get:109 http://127.0.0.1:12990/debian sid/main amd64 python3-pkg-resources all 44.0.0-1 [155 kB]
Get:110 http://127.0.0.1:12990/debian sid/main amd64 python3-zipp all 1.0.0-1 [5944 B]
Get:111 http://127.0.0.1:12990/debian sid/main amd64 python3-importlib-metadata all 1.5.0-1 [9956 B]
Get:112 http://127.0.0.1:12990/debian sid/main amd64 python3-pluggy all 0.13.0-2 [21.9 kB]
Get:113 http://127.0.0.1:12990/debian sid/main amd64 python3-py all 1.8.1-1 [86.8 kB]
Get:114 http://127.0.0.1:12990/debian sid/main amd64 python3-atomicwrites all 1.1.5-2 [6892 B]
Get:115 http://127.0.0.1:12990/debian sid/main amd64 python3-pyparsing all 2.4.6-1 [109 kB]
Get:116 http://127.0.0.1:12990/debian sid/main amd64 python3-packaging all 19.1-2 [23.9 kB]
Get:117 http://127.0.0.1:12990/debian sid/main amd64 python3-wcwidth all 0.1.8+dfsg1-3 [17.4 kB]
Get:118 http://127.0.0.1:12990/debian sid/main amd64 python3-pytest all 4.6.9-1 [267 kB]
Get:119 http://127.0.0.1:12990/debian sid/main amd64 python3-dateutil all 2.7.3-3 [64.5 kB]
Get:120 http://127.0.0.1:12990/debian sid/main amd64 python3-hypothesis all 4.36.2-1 [173 kB]
Get:121 http://127.0.0.1:12990/debian sid/main amd64 python3-numpy amd64 1:1.17.4-5 [6150 kB]
Get:122 http://127.0.0.1:12990/debian sid/main amd64 python3-pytest-arraydiff all 0.3-1 [9132 B]
Get:123 http://127.0.0.1:12990/debian sid/main amd64 python3-pytest-astropy-header all 0.1.2-1 [7828 B]
Get:124 http://127.0.0.1:12990/debian sid/main amd64 python3-pytest-doctestplus all 0.5.0-2 [17.7 kB]
Get:125 http://127.0.0.1:12990/debian sid/main amd64 python3-psutil amd64 5.6.7-2 [177 kB]
Get:126 http://127.0.0.1:12990/debian sid/main amd64 python3-pytest-openfiles all 0.4.0-1 [7240 B]
Get:127 http://127.0.0.1:12990/debian sid/main amd64 python3-pytest-remotedata all 0.3.2-1 [8972 B]
Get:128 http://127.0.0.1:12990/debian sid/main amd64 python3-pytest-astropy all 0.7.0-1 [4648 B]
Get:129 http://127.0.0.1:12990/debian sid/main amd64 python3-ply all 3.11-3 [65.1 kB]
Get:130 http://127.0.0.1:12990/debian sid/main amd64 python3-astropy amd64 4.0-4 [3412 kB]
Get:131 http://127.0.0.1:12990/debian sid/main amd64 python3-cycler all 0.10.0-3 [8084 B]
Get:132 http://127.0.0.1:12990/debian sid/main amd64 python3-decorator all 4.3.0-1.1 [14.5 kB]
Get:133 http://127.0.0.1:12990/debian sid/main amd64 python3-kiwisolver amd64 1.0.1-3 [259 kB]
Get:134 http://127.0.0.1:12990/debian sid/main amd64 python3-matplotlib amd64 3.1.2-2 [5387 kB]
Get:135 http://127.0.0.1:12990/debian sid/main amd64 python3-pytest-cython all 0.1.0-3 [7116 B]
Get:136 http://127.0.0.1:12990/debian sid/main amd64 python3-setuptools all 44.0.0-1 [313 kB]
Get:137 http://127.0.0.1:12990/debian sid/main amd64 python3-pytest-runner all 2.11.1-1.1 [8472 B]
Get:138 http://127.0.0.1:12990/debian sid/main amd64 python3-scipy amd64 1.3.3-3 [13.6 MB]
debconf: delaying package configuration, since apt-utils is not installed
Fetched 171 MB in 2s (97.5 MB/s)
Selecting previously unselected package bsdmainutils.
(Reading database ... 13921 files and directories currently installed.)
Preparing to unpack .../0-bsdmainutils_11.1.2+b1_amd64.deb ...
Unpacking bsdmainutils (11.1.2+b1) ...
Selecting previously unselected package libuchardet0:amd64.
Preparing to unpack .../1-libuchardet0_0.0.6-3_amd64.deb ...
Unpacking libuchardet0:amd64 (0.0.6-3) ...
Selecting previously unselected package groff-base.
Preparing to unpack .../2-groff-base_1.22.4-4_amd64.deb ...
Unpacking groff-base (1.22.4-4) ...
Selecting previously unselected package libpipeline1:amd64.
Preparing to unpack .../3-libpipeline1_1.5.2-2_amd64.deb ...
Unpacking libpipeline1:amd64 (1.5.2-2) ...
Selecting previously unselected package man-db.
Preparing to unpack .../4-man-db_2.9.0-2_amd64.deb ...
Unpacking man-db (2.9.0-2) ...
Selecting previously unselected package libssl1.1:amd64.
Preparing to unpack .../5-libssl1.1_1.1.1d-2_amd64.deb ...
Unpacking libssl1.1:amd64 (1.1.1d-2) ...
Selecting previously unselected package libpython3.7-minimal:amd64.
Preparing to unpack .../6-libpython3.7-minimal_3.7.6-1+b1_amd64.deb ...
Unpacking libpython3.7-minimal:amd64 (3.7.6-1+b1) ...
Selecting previously unselected package libexpat1:amd64.
Preparing to unpack .../7-libexpat1_2.2.9-1_amd64.deb ...
Unpacking libexpat1:amd64 (2.2.9-1) ...
Selecting previously unselected package python3.7-minimal.
Preparing to unpack .../8-python3.7-minimal_3.7.6-1+b1_amd64.deb ...
Unpacking python3.7-minimal (3.7.6-1+b1) ...
Setting up libssl1.1:amd64 (1.1.1d-2) ...
Setting up libpython3.7-minimal:amd64 (3.7.6-1+b1) ...
Setting up libexpat1:amd64 (2.2.9-1) ...
Setting up python3.7-minimal (3.7.6-1+b1) ...
Selecting previously unselected package python3-minimal.
(Reading database ... 14830 files and directories currently installed.)
Preparing to unpack .../0-python3-minimal_3.7.5-3_amd64.deb ...
Unpacking python3-minimal (3.7.5-3) ...
Selecting previously unselected package mime-support.
Preparing to unpack .../1-mime-support_3.64_all.deb ...
Unpacking mime-support (3.64) ...
Selecting previously unselected package libmpdec2:amd64.
Preparing to unpack .../2-libmpdec2_2.4.2-2_amd64.deb ...
Unpacking libmpdec2:amd64 (2.4.2-2) ...
Selecting previously unselected package readline-common.
Preparing to unpack .../3-readline-common_8.0-4_all.deb ...
Unpacking readline-common (8.0-4) ...
Selecting previously unselected package libreadline8:amd64.
Preparing to unpack .../4-libreadline8_8.0-4_amd64.deb ...
Unpacking libreadline8:amd64 (8.0-4) ...
Selecting previously unselected package libsqlite3-0:amd64.
Preparing to unpack .../5-libsqlite3-0_3.31.1-3_amd64.deb ...
Unpacking libsqlite3-0:amd64 (3.31.1-3) ...
Selecting previously unselected package libpython3.7-stdlib:amd64.
Preparing to unpack .../6-libpython3.7-stdlib_3.7.6-1+b1_amd64.deb ...
Unpacking libpython3.7-stdlib:amd64 (3.7.6-1+b1) ...
Selecting previously unselected package python3.7.
Preparing to unpack .../7-python3.7_3.7.6-1+b1_amd64.deb ...
Unpacking python3.7 (3.7.6-1+b1) ...
Selecting previously unselected package libpython3-stdlib:amd64.
Preparing to unpack .../8-libpython3-stdlib_3.7.5-3_amd64.deb ...
Unpacking libpython3-stdlib:amd64 (3.7.5-3) ...
Setting up python3-minimal (3.7.5-3) ...
Selecting previously unselected package python3.
(Reading database ... 15301 files and directories currently installed.)
Preparing to unpack .../000-python3_3.7.5-3_amd64.deb ...
Unpacking python3 (3.7.5-3) ...
Selecting previously unselected package libpython3.8-minimal:amd64.
Preparing to unpack .../001-libpython3.8-minimal_3.8.2~rc2-2_amd64.deb ...
Unpacking libpython3.8-minimal:amd64 (3.8.2~rc2-2) ...
Selecting previously unselected package python3.8-minimal.
Preparing to unpack .../002-python3.8-minimal_3.8.2~rc2-2_amd64.deb ...
Unpacking python3.8-minimal (3.8.2~rc2-2) ...
Selecting previously unselected package sensible-utils.
Preparing to unpack .../003-sensible-utils_0.0.12+nmu1_all.deb ...
Unpacking sensible-utils (0.0.12+nmu1) ...
Selecting previously unselected package libmagic-mgc.
Preparing to unpack .../004-libmagic-mgc_1%3a5.38-4_amd64.deb ...
Unpacking libmagic-mgc (1:5.38-4) ...
Selecting previously unselected package libmagic1:amd64.
Preparing to unpack .../005-libmagic1_1%3a5.38-4_amd64.deb ...
Unpacking libmagic1:amd64 (1:5.38-4) ...
Selecting previously unselected package file.
Preparing to unpack .../006-file_1%3a5.38-4_amd64.deb ...
Unpacking file (1:5.38-4) ...
Selecting previously unselected package gettext-base.
Preparing to unpack .../007-gettext-base_0.19.8.1-10_amd64.deb ...
Unpacking gettext-base (0.19.8.1-10) ...
Selecting previously unselected package libsigsegv2:amd64.
Preparing to unpack .../008-libsigsegv2_2.12-2_amd64.deb ...
Unpacking libsigsegv2:amd64 (2.12-2) ...
Selecting previously unselected package m4.
Preparing to unpack .../009-m4_1.4.18-4_amd64.deb ...
Unpacking m4 (1.4.18-4) ...
Selecting previously unselected package autoconf.
Preparing to unpack .../010-autoconf_2.69-11.1_all.deb ...
Unpacking autoconf (2.69-11.1) ...
Selecting previously unselected package autotools-dev.
Preparing to unpack .../011-autotools-dev_20180224.1_all.deb ...
Unpacking autotools-dev (20180224.1) ...
Selecting previously unselected package automake.
Preparing to unpack .../012-automake_1%3a1.16.1-4_all.deb ...
Unpacking automake (1:1.16.1-4) ...
Selecting previously unselected package autopoint.
Preparing to unpack .../013-autopoint_0.19.8.1-10_all.deb ...
Unpacking autopoint (0.19.8.1-10) ...
Selecting previously unselected package cython3.
Preparing to unpack .../014-cython3_0.29.14-0.1+b1_amd64.deb ...
Unpacking cython3 (0.29.14-0.1+b1) ...
Selecting previously unselected package libtool.
Preparing to unpack .../015-libtool_2.4.6-13_all.deb ...
Unpacking libtool (2.4.6-13) ...
Selecting previously unselected package dh-autoreconf.
Preparing to unpack .../016-dh-autoreconf_19_all.deb ...
Unpacking dh-autoreconf (19) ...
Selecting previously unselected package libdebhelper-perl.
Preparing to unpack .../017-libdebhelper-perl_12.9_all.deb ...
Unpacking libdebhelper-perl (12.9) ...
Selecting previously unselected package libarchive-zip-perl.
Preparing to unpack .../018-libarchive-zip-perl_1.67-1_all.deb ...
Unpacking libarchive-zip-perl (1.67-1) ...
Selecting previously unselected package libsub-override-perl.
Preparing to unpack .../019-libsub-override-perl_0.09-2_all.deb ...
Unpacking libsub-override-perl (0.09-2) ...
Selecting previously unselected package libfile-stripnondeterminism-perl.
Preparing to unpack .../020-libfile-stripnondeterminism-perl_1.6.3-2_all.deb ...
Unpacking libfile-stripnondeterminism-perl (1.6.3-2) ...
Selecting previously unselected package dh-strip-nondeterminism.
Preparing to unpack .../021-dh-strip-nondeterminism_1.6.3-2_all.deb ...
Unpacking dh-strip-nondeterminism (1.6.3-2) ...
Selecting previously unselected package libelf1:amd64.
Preparing to unpack .../022-libelf1_0.176-1.1_amd64.deb ...
Unpacking libelf1:amd64 (0.176-1.1) ...
Selecting previously unselected package dwz.
Preparing to unpack .../023-dwz_0.13-5_amd64.deb ...
Unpacking dwz (0.13-5) ...
Selecting previously unselected package libglib2.0-0:amd64.
Preparing to unpack .../024-libglib2.0-0_2.62.4-2_amd64.deb ...
Unpacking libglib2.0-0:amd64 (2.62.4-2) ...
Selecting previously unselected package libicu63:amd64.
Preparing to unpack .../025-libicu63_63.2-2_amd64.deb ...
Unpacking libicu63:amd64 (63.2-2) ...
Selecting previously unselected package libxml2:amd64.
Preparing to unpack .../026-libxml2_2.9.10+dfsg-3_amd64.deb ...
Unpacking libxml2:amd64 (2.9.10+dfsg-3) ...
Selecting previously unselected package libcroco3:amd64.
Preparing to unpack .../027-libcroco3_0.6.13-1_amd64.deb ...
Unpacking libcroco3:amd64 (0.6.13-1) ...
Selecting previously unselected package gettext.
Preparing to unpack .../028-gettext_0.19.8.1-10_amd64.deb ...
Unpacking gettext (0.19.8.1-10) ...
Selecting previously unselected package intltool-debian.
Preparing to unpack .../029-intltool-debian_0.35.0+20060710.5_all.deb ...
Unpacking intltool-debian (0.35.0+20060710.5) ...
Selecting previously unselected package po-debconf.
Preparing to unpack .../030-po-debconf_1.0.21_all.deb ...
Unpacking po-debconf (1.0.21) ...
Selecting previously unselected package debhelper.
Preparing to unpack .../031-debhelper_12.9_all.deb ...
Unpacking debhelper (12.9) ...
Selecting previously unselected package python3-lib2to3.
Preparing to unpack .../032-python3-lib2to3_3.8.0-1_all.deb ...
Unpacking python3-lib2to3 (3.8.0-1) ...
Selecting previously unselected package python3-distutils.
Preparing to unpack .../033-python3-distutils_3.8.0-1_all.deb ...
Unpacking python3-distutils (3.8.0-1) ...
Selecting previously unselected package dh-python.
Preparing to unpack .../034-dh-python_4.20191017_all.deb ...
Unpacking dh-python (4.20191017) ...
Selecting previously unselected package fonts-lyx.
Preparing to unpack .../035-fonts-lyx_2.3.4.2-2_all.deb ...
Unpacking fonts-lyx (2.3.4.2-2) ...
Selecting previously unselected package libblas3:amd64.
Preparing to unpack .../036-libblas3_3.9.0-1_amd64.deb ...
Unpacking libblas3:amd64 (3.9.0-1) ...
Selecting previously unselected package libbrotli1:amd64.
Preparing to unpack .../037-libbrotli1_1.0.7-6_amd64.deb ...
Unpacking libbrotli1:amd64 (1.0.7-6) ...
Selecting previously unselected package libkeyutils1:amd64.
Preparing to unpack .../038-libkeyutils1_1.6.1-2_amd64.deb ...
Unpacking libkeyutils1:amd64 (1.6.1-2) ...
Selecting previously unselected package libkrb5support0:amd64.
Preparing to unpack .../039-libkrb5support0_1.17-6_amd64.deb ...
Unpacking libkrb5support0:amd64 (1.17-6) ...
Selecting previously unselected package libk5crypto3:amd64.
Preparing to unpack .../040-libk5crypto3_1.17-6_amd64.deb ...
Unpacking libk5crypto3:amd64 (1.17-6) ...
Selecting previously unselected package libkrb5-3:amd64.
Preparing to unpack .../041-libkrb5-3_1.17-6_amd64.deb ...
Unpacking libkrb5-3:amd64 (1.17-6) ...
Selecting previously unselected package libgssapi-krb5-2:amd64.
Preparing to unpack .../042-libgssapi-krb5-2_1.17-6_amd64.deb ...
Unpacking libgssapi-krb5-2:amd64 (1.17-6) ...
Selecting previously unselected package libsasl2-modules-db:amd64.
Preparing to unpack .../043-libsasl2-modules-db_2.1.27+dfsg-2_amd64.deb ...
Unpacking libsasl2-modules-db:amd64 (2.1.27+dfsg-2) ...
Selecting previously unselected package libsasl2-2:amd64.
Preparing to unpack .../044-libsasl2-2_2.1.27+dfsg-2_amd64.deb ...
Unpacking libsasl2-2:amd64 (2.1.27+dfsg-2) ...
Selecting previously unselected package libldap-common.
Preparing to unpack .../045-libldap-common_2.4.49+dfsg-1_all.deb ...
Unpacking libldap-common (2.4.49+dfsg-1) ...
Selecting previously unselected package libldap-2.4-2:amd64.
Preparing to unpack .../046-libldap-2.4-2_2.4.49+dfsg-1_amd64.deb ...
Unpacking libldap-2.4-2:amd64 (2.4.49+dfsg-1) ...
Selecting previously unselected package libnghttp2-14:amd64.
Preparing to unpack .../047-libnghttp2-14_1.40.0-1_amd64.deb ...
Unpacking libnghttp2-14:amd64 (1.40.0-1) ...
Selecting previously unselected package libpsl5:amd64.
Preparing to unpack .../048-libpsl5_0.20.2-2_amd64.deb ...
Unpacking libpsl5:amd64 (0.20.2-2) ...
Selecting previously unselected package librtmp1:amd64.
Preparing to unpack .../049-librtmp1_2.4+20151223.gitfa8646d.1-2+b1_amd64.deb ...
Unpacking librtmp1:amd64 (2.4+20151223.gitfa8646d.1-2+b1) ...
Selecting previously unselected package libssh2-1:amd64.
Preparing to unpack .../050-libssh2-1_1.8.0-2.1_amd64.deb ...
Unpacking libssh2-1:amd64 (1.8.0-2.1) ...
Selecting previously unselected package libcurl3-gnutls:amd64.
Preparing to unpack .../051-libcurl3-gnutls_7.68.0-1_amd64.deb ...
Unpacking libcurl3-gnutls:amd64 (7.68.0-1) ...
Selecting previously unselected package libcfitsio8:amd64.
Preparing to unpack .../052-libcfitsio8_3.470-3_amd64.deb ...
Unpacking libcfitsio8:amd64 (3.470-3) ...
Selecting previously unselected package libcfitsio-dev:amd64.
Preparing to unpack .../053-libcfitsio-dev_3.470-3_amd64.deb ...
Unpacking libcfitsio-dev:amd64 (3.470-3) ...
Selecting previously unselected package liberfa1:amd64.
Preparing to unpack .../054-liberfa1_1.7.0-1_amd64.deb ...
Unpacking liberfa1:amd64 (1.7.0-1) ...
Selecting previously unselected package libexpat1-dev:amd64.
Preparing to unpack .../055-libexpat1-dev_2.2.9-1_amd64.deb ...
Unpacking libexpat1-dev:amd64 (2.2.9-1) ...
Selecting previously unselected package libpng16-16:amd64.
Preparing to unpack .../056-libpng16-16_1.6.37-2_amd64.deb ...
Unpacking libpng16-16:amd64 (1.6.37-2) ...
Selecting previously unselected package libfreetype6:amd64.
Preparing to unpack .../057-libfreetype6_2.10.1-2_amd64.deb ...
Unpacking libfreetype6:amd64 (2.10.1-2) ...
Selecting previously unselected package libgfortran5:amd64.
Preparing to unpack .../058-libgfortran5_10-20200222-1_amd64.deb ...
Unpacking libgfortran5:amd64 (10-20200222-1) ...
Selecting previously unselected package libsharp0:amd64.
Preparing to unpack .../059-libsharp0_1.0.0-2_amd64.deb ...
Unpacking libsharp0:amd64 (1.0.0-2) ...
Selecting previously unselected package libhealpix-cxx2:amd64.
Preparing to unpack .../060-libhealpix-cxx2_3.60.0-2_amd64.deb ...
Unpacking libhealpix-cxx2:amd64 (3.60.0-2) ...
Selecting previously unselected package libhealpix-cxx-dev:amd64.
Preparing to unpack .../061-libhealpix-cxx-dev_3.60.0-2_amd64.deb ...
Unpacking libhealpix-cxx-dev:amd64 (3.60.0-2) ...
Selecting previously unselected package libjs-jquery.
Preparing to unpack .../062-libjs-jquery_3.3.1~dfsg-3_all.deb ...
Unpacking libjs-jquery (3.3.1~dfsg-3) ...
Selecting previously unselected package libjs-jquery-ui.
Preparing to unpack .../063-libjs-jquery-ui_1.12.1+dfsg-5_all.deb ...
Unpacking libjs-jquery-ui (1.12.1+dfsg-5) ...
Selecting previously unselected package liblapack3:amd64.
Preparing to unpack .../064-liblapack3_3.9.0-1_amd64.deb ...
Unpacking liblapack3:amd64 (3.9.0-1) ...
Selecting previously unselected package liblbfgsb0:amd64.
Preparing to unpack .../065-liblbfgsb0_3.0+dfsg.3-7_amd64.deb ...
Unpacking liblbfgsb0:amd64 (3.0+dfsg.3-7) ...
Selecting previously unselected package libpython3.7:amd64.
Preparing to unpack .../066-libpython3.7_3.7.6-1+b1_amd64.deb ...
Unpacking libpython3.7:amd64 (3.7.6-1+b1) ...
Selecting previously unselected package libpython3.7-dev:amd64.
Preparing to unpack .../067-libpython3.7-dev_3.7.6-1+b1_amd64.deb ...
Unpacking libpython3.7-dev:amd64 (3.7.6-1+b1) ...
Selecting previously unselected package libpython3-dev:amd64.
Preparing to unpack .../068-libpython3-dev_3.7.5-3_amd64.deb ...
Unpacking libpython3-dev:amd64 (3.7.5-3) ...
Selecting previously unselected package libpython3.8-stdlib:amd64.
Preparing to unpack .../069-libpython3.8-stdlib_3.8.2~rc2-2_amd64.deb ...
Unpacking libpython3.8-stdlib:amd64 (3.8.2~rc2-2) ...
Selecting previously unselected package libpython3.8:amd64.
Preparing to unpack .../070-libpython3.8_3.8.2~rc2-2_amd64.deb ...
Unpacking libpython3.8:amd64 (3.8.2~rc2-2) ...
Selecting previously unselected package libpython3.8-dev:amd64.
Preparing to unpack .../071-libpython3.8-dev_3.8.2~rc2-2_amd64.deb ...
Unpacking libpython3.8-dev:amd64 (3.8.2~rc2-2) ...
Selecting previously unselected package libpython3-all-dev:amd64.
Preparing to unpack .../072-libpython3-all-dev_3.7.5-3_amd64.deb ...
Unpacking libpython3-all-dev:amd64 (3.7.5-3) ...
Selecting previously unselected package libsharp-dev:amd64.
Preparing to unpack .../073-libsharp-dev_1.0.0-2_amd64.deb ...
Unpacking libsharp-dev:amd64 (1.0.0-2) ...
Selecting previously unselected package libwcs7:amd64.
Preparing to unpack .../074-libwcs7_7.1+ds-2_amd64.deb ...
Unpacking libwcs7:amd64 (7.1+ds-2) ...
Selecting previously unselected package pkg-config.
Preparing to unpack .../075-pkg-config_0.29-6_amd64.deb ...
Unpacking pkg-config (0.29-6) ...
Selecting previously unselected package ttf-bitstream-vera.
Preparing to unpack .../076-ttf-bitstream-vera_1.10-8_all.deb ...
Unpacking ttf-bitstream-vera (1.10-8) ...
Selecting previously unselected package python-matplotlib-data.
Preparing to unpack .../077-python-matplotlib-data_3.1.2-2_all.deb ...
Unpacking python-matplotlib-data (3.1.2-2) ...
Selecting previously unselected package python3.8.
Preparing to unpack .../078-python3.8_3.8.2~rc2-2_amd64.deb ...
Unpacking python3.8 (3.8.2~rc2-2) ...
Selecting previously unselected package python3-all.
Preparing to unpack .../079-python3-all_3.7.5-3_amd64.deb ...
Unpacking python3-all (3.7.5-3) ...
Selecting previously unselected package zlib1g-dev:amd64.
Preparing to unpack .../080-zlib1g-dev_1%3a1.2.11.dfsg-2_amd64.deb ...
Unpacking zlib1g-dev:amd64 (1:1.2.11.dfsg-2) ...
Selecting previously unselected package python3.7-dev.
Preparing to unpack .../081-python3.7-dev_3.7.6-1+b1_amd64.deb ...
Unpacking python3.7-dev (3.7.6-1+b1) ...
Selecting previously unselected package python3-dev.
Preparing to unpack .../082-python3-dev_3.7.5-3_amd64.deb ...
Unpacking python3-dev (3.7.5-3) ...
Selecting previously unselected package python3.8-dev.
Preparing to unpack .../083-python3.8-dev_3.8.2~rc2-2_amd64.deb ...
Unpacking python3.8-dev (3.8.2~rc2-2) ...
Selecting previously unselected package python3-all-dev.
Preparing to unpack .../084-python3-all-dev_3.7.5-3_amd64.deb ...
Unpacking python3-all-dev (3.7.5-3) ...
Selecting previously unselected package python3-six.
Preparing to unpack .../085-python3-six_1.14.0-2_all.deb ...
Unpacking python3-six (1.14.0-2) ...
Selecting previously unselected package python3-configobj.
Preparing to unpack .../086-python3-configobj_5.0.6-3_all.deb ...
Unpacking python3-configobj (5.0.6-3) ...
Selecting previously unselected package python3-attr.
Preparing to unpack .../087-python3-attr_19.3.0-1_all.deb ...
Unpacking python3-attr (19.3.0-1) ...
Selecting previously unselected package python3-more-itertools.
Preparing to unpack .../088-python3-more-itertools_4.2.0-1_all.deb ...
Unpacking python3-more-itertools (4.2.0-1) ...
Selecting previously unselected package python3-pkg-resources.
Preparing to unpack .../089-python3-pkg-resources_44.0.0-1_all.deb ...
Unpacking python3-pkg-resources (44.0.0-1) ...
Selecting previously unselected package python3-zipp.
Preparing to unpack .../090-python3-zipp_1.0.0-1_all.deb ...
Unpacking python3-zipp (1.0.0-1) ...
Selecting previously unselected package python3-importlib-metadata.
Preparing to unpack .../091-python3-importlib-metadata_1.5.0-1_all.deb ...
Unpacking python3-importlib-metadata (1.5.0-1) ...
Selecting previously unselected package python3-pluggy.
Preparing to unpack .../092-python3-pluggy_0.13.0-2_all.deb ...
Unpacking python3-pluggy (0.13.0-2) ...
Selecting previously unselected package python3-py.
Preparing to unpack .../093-python3-py_1.8.1-1_all.deb ...
Unpacking python3-py (1.8.1-1) ...
Selecting previously unselected package python3-atomicwrites.
Preparing to unpack .../094-python3-atomicwrites_1.1.5-2_all.deb ...
Unpacking python3-atomicwrites (1.1.5-2) ...
Selecting previously unselected package python3-pyparsing.
Preparing to unpack .../095-python3-pyparsing_2.4.6-1_all.deb ...
Unpacking python3-pyparsing (2.4.6-1) ...
Selecting previously unselected package python3-packaging.
Preparing to unpack .../096-python3-packaging_19.1-2_all.deb ...
Unpacking python3-packaging (19.1-2) ...
Selecting previously unselected package python3-wcwidth.
Preparing to unpack .../097-python3-wcwidth_0.1.8+dfsg1-3_all.deb ...
Unpacking python3-wcwidth (0.1.8+dfsg1-3) ...
Selecting previously unselected package python3-pytest.
Preparing to unpack .../098-python3-pytest_4.6.9-1_all.deb ...
Unpacking python3-pytest (4.6.9-1) ...
Selecting previously unselected package python3-dateutil.
Preparing to unpack .../099-python3-dateutil_2.7.3-3_all.deb ...
Unpacking python3-dateutil (2.7.3-3) ...
Selecting previously unselected package python3-hypothesis.
Preparing to unpack .../100-python3-hypothesis_4.36.2-1_all.deb ...
Unpacking python3-hypothesis (4.36.2-1) ...
Selecting previously unselected package python3-numpy.
Preparing to unpack .../101-python3-numpy_1%3a1.17.4-5_amd64.deb ...
Unpacking python3-numpy (1:1.17.4-5) ...
Selecting previously unselected package python3-pytest-arraydiff.
Preparing to unpack .../102-python3-pytest-arraydiff_0.3-1_all.deb ...
Unpacking python3-pytest-arraydiff (0.3-1) ...
Selecting previously unselected package python3-pytest-astropy-header.
Preparing to unpack .../103-python3-pytest-astropy-header_0.1.2-1_all.deb ...
Unpacking python3-pytest-astropy-header (0.1.2-1) ...
Selecting previously unselected package python3-pytest-doctestplus.
Preparing to unpack .../104-python3-pytest-doctestplus_0.5.0-2_all.deb ...
Unpacking python3-pytest-doctestplus (0.5.0-2) ...
Selecting previously unselected package python3-psutil.
Preparing to unpack .../105-python3-psutil_5.6.7-2_amd64.deb ...
Unpacking python3-psutil (5.6.7-2) ...
Selecting previously unselected package python3-pytest-openfiles.
Preparing to unpack .../106-python3-pytest-openfiles_0.4.0-1_all.deb ...
Unpacking python3-pytest-openfiles (0.4.0-1) ...
Selecting previously unselected package python3-pytest-remotedata.
Preparing to unpack .../107-python3-pytest-remotedata_0.3.2-1_all.deb ...
Unpacking python3-pytest-remotedata (0.3.2-1) ...
Selecting previously unselected package python3-pytest-astropy.
Preparing to unpack .../108-python3-pytest-astropy_0.7.0-1_all.deb ...
Unpacking python3-pytest-astropy (0.7.0-1) ...
Selecting previously unselected package python3-ply.
Preparing to unpack .../109-python3-ply_3.11-3_all.deb ...
Unpacking python3-ply (3.11-3) ...
Selecting previously unselected package python3-astropy.
Preparing to unpack .../110-python3-astropy_4.0-4_amd64.deb ...
Unpacking python3-astropy (4.0-4) ...
Selecting previously unselected package python3-cycler.
Preparing to unpack .../111-python3-cycler_0.10.0-3_all.deb ...
Unpacking python3-cycler (0.10.0-3) ...
Selecting previously unselected package python3-decorator.
Preparing to unpack .../112-python3-decorator_4.3.0-1.1_all.deb ...
Unpacking python3-decorator (4.3.0-1.1) ...
Selecting previously unselected package python3-kiwisolver.
Preparing to unpack .../113-python3-kiwisolver_1.0.1-3_amd64.deb ...
Unpacking python3-kiwisolver (1.0.1-3) ...
Selecting previously unselected package python3-matplotlib.
Preparing to unpack .../114-python3-matplotlib_3.1.2-2_amd64.deb ...
Unpacking python3-matplotlib (3.1.2-2) ...
Selecting previously unselected package python3-pytest-cython.
Preparing to unpack .../115-python3-pytest-cython_0.1.0-3_all.deb ...
Unpacking python3-pytest-cython (0.1.0-3) ...
Selecting previously unselected package python3-setuptools.
Preparing to unpack .../116-python3-setuptools_44.0.0-1_all.deb ...
Unpacking python3-setuptools (44.0.0-1) ...
Selecting previously unselected package python3-pytest-runner.
Preparing to unpack .../117-python3-pytest-runner_2.11.1-1.1_all.deb ...
Unpacking python3-pytest-runner (2.11.1-1.1) ...
Selecting previously unselected package python3-scipy.
Preparing to unpack .../118-python3-scipy_1.3.3-3_amd64.deb ...
Unpacking python3-scipy (1.3.3-3) ...
Selecting previously unselected package sbuild-build-depends-main-dummy.
Preparing to unpack .../119-sbuild-build-depends-main-dummy_0.invalid.0_amd64.deb ...
Unpacking sbuild-build-depends-main-dummy (0.invalid.0) ...
Setting up libpipeline1:amd64 (1.5.2-2) ...
Setting up liberfa1:amd64 (1.7.0-1) ...
Setting up libwcs7:amd64 (7.1+ds-2) ...
Setting up libkeyutils1:amd64 (1.6.1-2) ...
Setting up libpsl5:amd64 (0.20.2-2) ...
Setting up ttf-bitstream-vera (1.10-8) ...
Setting up libpython3.8-minimal:amd64 (3.8.2~rc2-2) ...
Setting up mime-support (3.64) ...
Setting up libmagic-mgc (1:5.38-4) ...
Setting up libarchive-zip-perl (1.67-1) ...
Setting up libglib2.0-0:amd64 (2.62.4-2) ...
No schema files found: doing nothing.
Setting up fonts-lyx (2.3.4.2-2) ...
Setting up libdebhelper-perl (12.9) ...
Setting up libbrotli1:amd64 (1.0.7-6) ...
Setting up libsqlite3-0:amd64 (3.31.1-3) ...
Setting up libnghttp2-14:amd64 (1.40.0-1) ...
Setting up libmagic1:amd64 (1:5.38-4) ...
Setting up gettext-base (0.19.8.1-10) ...
Setting up file (1:5.38-4) ...
Setting up libldap-common (2.4.49+dfsg-1) ...
Setting up libicu63:amd64 (63.2-2) ...
Setting up libkrb5support0:amd64 (1.17-6) ...
Setting up libsasl2-modules-db:amd64 (2.1.27+dfsg-2) ...
Setting up autotools-dev (20180224.1) ...
Setting up libblas3:amd64 (3.9.0-1) ...
update-alternatives: using /usr/lib/x86_64-linux-gnu/blas/libblas.so.3 to provide /usr/lib/x86_64-linux-gnu/libblas.so.3 (libblas.so.3-x86_64-linux-gnu) in auto mode
Setting up libexpat1-dev:amd64 (2.2.9-1) ...
Setting up librtmp1:amd64 (2.4+20151223.gitfa8646d.1-2+b1) ...
Setting up libsigsegv2:amd64 (2.12-2) ...
Setting up libsharp0:amd64 (1.0.0-2) ...
Setting up bsdmainutils (11.1.2+b1) ...
update-alternatives: using /usr/bin/bsd-write to provide /usr/bin/write (write) in auto mode
update-alternatives: using /usr/bin/bsd-from to provide /usr/bin/from (from) in auto mode
Setting up libpng16-16:amd64 (1.6.37-2) ...
Setting up autopoint (0.19.8.1-10) ...
Setting up pkg-config (0.29-6) ...
Setting up libk5crypto3:amd64 (1.17-6) ...
Setting up libsasl2-2:amd64 (2.1.27+dfsg-2) ...
Setting up libgfortran5:amd64 (10-20200222-1) ...
Setting up zlib1g-dev:amd64 (1:1.2.11.dfsg-2) ...
Setting up python3.8-minimal (3.8.2~rc2-2) ...
Setting up sensible-utils (0.0.12+nmu1) ...
Setting up libuchardet0:amd64 (0.0.6-3) ...
Setting up libsub-override-perl (0.09-2) ...
Setting up libssh2-1:amd64 (1.8.0-2.1) ...
Setting up libkrb5-3:amd64 (1.17-6) ...
Setting up libmpdec2:amd64 (2.4.2-2) ...
Setting up libjs-jquery (3.3.1~dfsg-3) ...
Setting up python-matplotlib-data (3.1.2-2) ...
Setting up libelf1:amd64 (0.176-1.1) ...
Setting up readline-common (8.0-4) ...
Setting up libxml2:amd64 (2.9.10+dfsg-3) ...
Setting up libfile-stripnondeterminism-perl (1.6.3-2) ...
Setting up liblapack3:amd64 (3.9.0-1) ...
update-alternatives: using /usr/lib/x86_64-linux-gnu/lapack/liblapack.so.3 to provide /usr/lib/x86_64-linux-gnu/liblapack.so.3 (liblapack.so.3-x86_64-linux-gnu) in auto mode
Setting up libtool (2.4.6-13) ...
Setting up libsharp-dev:amd64 (1.0.0-2) ...
Setting up libreadline8:amd64 (8.0-4) ...
Setting up libldap-2.4-2:amd64 (2.4.49+dfsg-1) ...
Setting up m4 (1.4.18-4) ...
Setting up libjs-jquery-ui (1.12.1+dfsg-5) ...
Setting up libfreetype6:amd64 (2.10.1-2) ...
Setting up libgssapi-krb5-2:amd64 (1.17-6) ...
Setting up libcroco3:amd64 (0.6.13-1) ...
Setting up autoconf (2.69-11.1) ...
Setting up dh-strip-nondeterminism (1.6.3-2) ...
Setting up dwz (0.13-5) ...
Setting up groff-base (1.22.4-4) ...
Setting up libpython3.8-stdlib:amd64 (3.8.2~rc2-2) ...
Setting up python3.8 (3.8.2~rc2-2) ...
Setting up liblbfgsb0:amd64 (3.0+dfsg.3-7) ...
Setting up automake (1:1.16.1-4) ...
update-alternatives: using /usr/bin/automake-1.16 to provide /usr/bin/automake (automake) in auto mode
Setting up libpython3.7-stdlib:amd64 (3.7.6-1+b1) ...
Setting up gettext (0.19.8.1-10) ...
Setting up libpython3.7:amd64 (3.7.6-1+b1) ...
Setting up libpython3.7-dev:amd64 (3.7.6-1+b1) ...
Setting up libcurl3-gnutls:amd64 (7.68.0-1) ...
Setting up man-db (2.9.0-2) ...
Not building database; man-db/auto-update is not 'true'.
Setting up intltool-debian (0.35.0+20060710.5) ...
Setting up libcfitsio8:amd64 (3.470-3) ...
Setting up libpython3.8:amd64 (3.8.2~rc2-2) ...
Setting up libpython3-stdlib:amd64 (3.7.5-3) ...
Setting up python3.7 (3.7.6-1+b1) ...
Setting up libhealpix-cxx2:amd64 (3.60.0-2) ...
Setting up libcfitsio-dev:amd64 (3.470-3) ...
Setting up libpython3-dev:amd64 (3.7.5-3) ...
Setting up po-debconf (1.0.21) ...
Setting up python3 (3.7.5-3) ...
Setting up python3.7-dev (3.7.6-1+b1) ...
Setting up python3-psutil (5.6.7-2) ...
Setting up python3-atomicwrites (1.1.5-2) ...
Setting up python3-six (1.14.0-2) ...
Setting up python3-decorator (4.3.0-1.1) ...
Setting up python3-configobj (5.0.6-3) ...
Setting up python3-wcwidth (0.1.8+dfsg1-3) ...
Setting up python3-pyparsing (2.4.6-1) ...
Setting up libpython3.8-dev:amd64 (3.8.2~rc2-2) ...
Setting up libpython3-all-dev:amd64 (3.7.5-3) ...
Setting up python3-cycler (0.10.0-3) ...
Setting up cython3 (0.29.14-0.1+b1) ...
Setting up python3.8-dev (3.8.2~rc2-2) ...
Setting up libhealpix-cxx-dev:amd64 (3.60.0-2) ...
Setting up python3-dateutil (2.7.3-3) ...
Setting up python3-lib2to3 (3.8.0-1) ...
Setting up python3-pkg-resources (44.0.0-1) ...
Setting up python3-distutils (3.8.0-1) ...
Setting up dh-python (4.20191017) ...
Setting up python3-more-itertools (4.2.0-1) ...
Setting up python3-attr (19.3.0-1) ...
Setting up python3-setuptools (44.0.0-1) ...
Setting up python3-py (1.8.1-1) ...
Setting up python3-hypothesis (4.36.2-1) ...
Setting up python3-ply (3.11-3) ...
Setting up python3-all (3.7.5-3) ...
Setting up python3-zipp (1.0.0-1) ...
Setting up python3-packaging (19.1-2) ...
Setting up python3-dev (3.7.5-3) ...
Setting up python3-kiwisolver (1.0.1-3) ...
Setting up python3-numpy (1:1.17.4-5) ...
Setting up python3-pytest-runner (2.11.1-1.1) ...
Setting up python3-all-dev (3.7.5-3) ...
Setting up python3-matplotlib (3.1.2-2) ...
Setting up python3-scipy (1.3.3-3) ...
Setting up python3-importlib-metadata (1.5.0-1) ...
Setting up python3-pluggy (0.13.0-2) ...
Setting up python3-pytest (4.6.9-1) ...
Setting up python3-pytest-arraydiff (0.3-1) ...
Setting up python3-pytest-remotedata (0.3.2-1) ...
Setting up python3-pytest-doctestplus (0.5.0-2) ...
Setting up python3-pytest-openfiles (0.4.0-1) ...
Setting up python3-pytest-astropy-header (0.1.2-1) ...
Setting up python3-pytest-cython (0.1.0-3) ...
Setting up python3-pytest-astropy (0.7.0-1) ...
Setting up python3-astropy (4.0-4) ...
Setting up dh-autoreconf (19) ...
Setting up debhelper (12.9) ...
Setting up sbuild-build-depends-main-dummy (0.invalid.0) ...
Processing triggers for libc-bin (2.29-10) ...

+------------------------------------------------------------------------------+
| Check architectures                                                          |
+------------------------------------------------------------------------------+

Arch check ok (amd64 included in any all)

+------------------------------------------------------------------------------+
| Build environment                                                            |
+------------------------------------------------------------------------------+

Kernel: Linux 4.19.0-6-cloud-amd64 #1 SMP Debian 4.19.67-2+deb10u2 (2019-11-11) amd64 (x86_64)
Toolchain package versions: binutils_2.34-3 dpkg-dev_1.19.7 g++-9_9.2.1-30 gcc-9_9.2.1-30 libc6-dev_2.29-10 libstdc++-8-dev_8.3.0-29 libstdc++-9-dev_9.2.1-30 libstdc++6_10-20200222-1 linux-libc-dev_5.4.19-1
Package versions: adduser_3.118 apt_1.8.4 autoconf_2.69-11.1 automake_1:1.16.1-4 autopoint_0.19.8.1-10 autotools-dev_20180224.1 base-files_11 base-passwd_3.5.47 bash_5.0-6 binutils_2.34-3 binutils-common_2.34-3 binutils-x86-64-linux-gnu_2.34-3 bsdmainutils_11.1.2+b1 bsdutils_1:2.34-0.1 build-essential_12.8 bzip2_1.0.8-2 clang-9_1:9.0.1-8 coreutils_8.30-3+b1 cpp_4:9.2.1-3.1 cpp-9_9.2.1-30 cython3_0.29.14-0.1+b1 dash_0.5.10.2-6 debconf_1.5.73 debhelper_12.9 debian-archive-keyring_2019.1 debianutils_4.9.1 dh-autoreconf_19 dh-python_4.20191017 dh-strip-nondeterminism_1.6.3-2 diffutils_1:3.7-3 dpkg_1.19.7 dpkg-dev_1.19.7 dwz_0.13-5 e2fsprogs_1.45.5-2 fakeroot_1.24-1 fdisk_2.34-0.1 file_1:5.38-4 findutils_4.7.0-1 fonts-lyx_2.3.4.2-2 g++_4:9.2.1-3.1 g++-9_9.2.1-30 gcc_4:9.2.1-3.1 gcc-10-base_10-20200222-1 gcc-8-base_8.3.0-29 gcc-9_9.2.1-30 gcc-9-base_9.2.1-30 gettext_0.19.8.1-10 gettext-base_0.19.8.1-10 gpgv_2.2.19-1 grep_3.4-1 groff-base_1.22.4-4 gzip_1.9-3+b1 hostname_3.23 init-system-helpers_1.57 intltool-debian_0.35.0+20060710.5 lib32gcc-s1_10-20200222-1 lib32gcc1_1:10-20200222-1 lib32stdc++6_10-20200222-1 libacl1_2.2.53-5 libapt-pkg5.0_1.8.4 libarchive-zip-perl_1.67-1 libasan5_9.2.1-30 libatomic1_10-20200222-1 libattr1_1:2.4.48-5 libaudit-common_1:2.8.5-2 libaudit1_1:2.8.5-2+b1 libbinutils_2.34-3 libblas3_3.9.0-1 libblkid1_2.34-0.1 libbrotli1_1.0.7-6 libbsd0_0.10.0-1 libbz2-1.0_1.0.8-2 libc-bin_2.29-10 libc-dev-bin_2.29-10 libc6_2.29-10 libc6-dev_2.29-10 libc6-i386_2.29-10 libcap-ng0_0.7.9-2.1+b1 libcc1-0_10-20200222-1 libcfitsio-dev_3.470-3 libcfitsio8_3.470-3 libclang-common-9-dev_1:9.0.1-8 libclang-cpp9_1:9.0.1-8 libcom-err2_1.45.5-2 libcroco3_0.6.13-1 libcrypt-dev_1:4.4.10-10 libcrypt1_1:4.4.10-10 libctf-nobfd0_2.34-3 libctf0_2.34-3 libcurl3-gnutls_7.68.0-1 libdb5.3_5.3.28+dfsg1-0.6 libdebconfclient0_0.251 libdebhelper-perl_12.9 libdpkg-perl_1.19.7 libedit2_3.1-20191231-1 libelf1_0.176-1.1 liberfa1_1.7.0-1 libexpat1_2.2.9-1 libexpat1-dev_2.2.9-1 libext2fs2_1.45.5-2 libfakeroot_1.24-1 libfdisk1_2.34-0.1 libffi7_3.3-3 libfile-stripnondeterminism-perl_1.6.3-2 libfreetype6_2.10.1-2 libgc1c2_1:7.6.4-0.4 libgcc-8-dev_8.3.0-29 libgcc-9-dev_9.2.1-30 libgcc-s1_10-20200222-1 libgcc1_1:10-20200222-1 libgcrypt20_1.8.5-5 libgdbm-compat4_1.18.1-5 libgdbm6_1.18.1-5 libgfortran5_10-20200222-1 libglib2.0-0_2.62.4-2 libgmp10_2:6.2.0+dfsg-4 libgnutls30_3.6.12-2 libgomp1_10-20200222-1 libgpg-error0_1.37-1 libgssapi-krb5-2_1.17-6 libhealpix-cxx-dev_3.60.0-2 libhealpix-cxx2_3.60.0-2 libhogweed5_3.5.1+really3.5.1-2 libicu63_63.2-2 libidn2-0_2.2.0-2 libisl22_0.22.1-1 libitm1_10-20200222-1 libjs-jquery_3.3.1~dfsg-3 libjs-jquery-ui_1.12.1+dfsg-5 libk5crypto3_1.17-6 libkeyutils1_1.6.1-2 libkrb5-3_1.17-6 libkrb5support0_1.17-6 liblapack3_3.9.0-1 liblbfgsb0_3.0+dfsg.3-7 libldap-2.4-2_2.4.49+dfsg-1 libldap-common_2.4.49+dfsg-1 libllvm9_1:9.0.1-8 liblsan0_10-20200222-1 liblz4-1_1.9.2-2 liblzma5_5.2.4-1+b1 libmagic-mgc_1:5.38-4 libmagic1_1:5.38-4 libmount1_2.34-0.1 libmpc3_1.1.0-1 libmpdec2_2.4.2-2 libmpfr6_4.0.2-1 libmpx2_8.3.0-29 libncursesw6_6.1+20191019-1 libnettle7_3.5.1+really3.5.1-2 libnghttp2-14_1.40.0-1 libobjc-8-dev_8.3.0-29 libobjc-9-dev_9.2.1-30 libobjc4_10-20200222-1 libomp-9-dev_1:9.0.1-8 libomp5-9_1:9.0.1-8 libp11-kit0_0.23.20-1 libpam-modules_1.3.1-5 libpam-modules-bin_1.3.1-5 libpam-runtime_1.3.1-5 libpam0g_1.3.1-5 libpcre2-8-0_10.34-7 libpcre3_2:8.39-12+b1 libperl5.30_5.30.0-9 libpipeline1_1.5.2-2 libpng16-16_1.6.37-2 libpsl5_0.20.2-2 libpython3-all-dev_3.7.5-3 libpython3-dev_3.7.5-3 libpython3-stdlib_3.7.5-3 libpython3.7_3.7.6-1+b1 libpython3.7-dev_3.7.6-1+b1 libpython3.7-minimal_3.7.6-1+b1 libpython3.7-stdlib_3.7.6-1+b1 libpython3.8_3.8.2~rc2-2 libpython3.8-dev_3.8.2~rc2-2 libpython3.8-minimal_3.8.2~rc2-2 libpython3.8-stdlib_3.8.2~rc2-2 libquadmath0_10-20200222-1 libreadline8_8.0-4 librtmp1_2.4+20151223.gitfa8646d.1-2+b1 libsasl2-2_2.1.27+dfsg-2 libsasl2-modules-db_2.1.27+dfsg-2 libseccomp2_2.4.2-2 libselinux1_3.0-1+b1 libsemanage-common_3.0-1 libsemanage1_3.0-1+b1 libsepol1_3.0-1 libsharp-dev_1.0.0-2 libsharp0_1.0.0-2 libsigsegv2_2.12-2 libsmartcols1_2.34-0.1 libsqlite3-0_3.31.1-3 libss2_1.45.5-2 libssh2-1_1.8.0-2.1 libssl1.1_1.1.1d-2 libstdc++-8-dev_8.3.0-29 libstdc++-9-dev_9.2.1-30 libstdc++6_10-20200222-1 libsub-override-perl_0.09-2 libsystemd0_244.3-1 libtasn1-6_4.16.0-2 libtinfo6_6.1+20191019-1 libtool_2.4.6-13 libtsan0_10-20200222-1 libubsan1_10-20200222-1 libuchardet0_0.0.6-3 libudev1_244.3-1 libunistring2_0.9.10-2 libuuid1_2.34-0.1 libwcs7_7.1+ds-2 libxml2_2.9.10+dfsg-3 libz3-4_4.8.7-4 libzstd1_1.4.4+dfsg-3 linux-libc-dev_5.4.19-1 login_1:4.8.1-1 logsave_1.45.5-2 lsb-base_11.1.0 m4_1.4.18-4 make_4.2.1-1.2 man-db_2.9.0-2 mawk_1.3.4.20200120-2 mime-support_3.64 mount_2.34-0.1 ncurses-base_6.1+20191019-1 ncurses-bin_6.1+20191019-1 passwd_1:4.8.1-1 patch_2.7.6-6 perl_5.30.0-9 perl-base_5.30.0-9 perl-modules-5.30_5.30.0-9 pkg-config_0.29-6 po-debconf_1.0.21 python-matplotlib-data_3.1.2-2 python3_3.7.5-3 python3-all_3.7.5-3 python3-all-dev_3.7.5-3 python3-astropy_4.0-4 python3-atomicwrites_1.1.5-2 python3-attr_19.3.0-1 python3-configobj_5.0.6-3 python3-cycler_0.10.0-3 python3-dateutil_2.7.3-3 python3-decorator_4.3.0-1.1 python3-dev_3.7.5-3 python3-distutils_3.8.0-1 python3-hypothesis_4.36.2-1 python3-importlib-metadata_1.5.0-1 python3-kiwisolver_1.0.1-3 python3-lib2to3_3.8.0-1 python3-matplotlib_3.1.2-2 python3-minimal_3.7.5-3 python3-more-itertools_4.2.0-1 python3-numpy_1:1.17.4-5 python3-packaging_19.1-2 python3-pkg-resources_44.0.0-1 python3-pluggy_0.13.0-2 python3-ply_3.11-3 python3-psutil_5.6.7-2 python3-py_1.8.1-1 python3-pyparsing_2.4.6-1 python3-pytest_4.6.9-1 python3-pytest-arraydiff_0.3-1 python3-pytest-astropy_0.7.0-1 python3-pytest-astropy-header_0.1.2-1 python3-pytest-cython_0.1.0-3 python3-pytest-doctestplus_0.5.0-2 python3-pytest-openfiles_0.4.0-1 python3-pytest-remotedata_0.3.2-1 python3-pytest-runner_2.11.1-1.1 python3-scipy_1.3.3-3 python3-setuptools_44.0.0-1 python3-six_1.14.0-2 python3-wcwidth_0.1.8+dfsg1-3 python3-zipp_1.0.0-1 python3.7_3.7.6-1+b1 python3.7-dev_3.7.6-1+b1 python3.7-minimal_3.7.6-1+b1 python3.8_3.8.2~rc2-2 python3.8-dev_3.8.2~rc2-2 python3.8-minimal_3.8.2~rc2-2 readline-common_8.0-4 sbuild-build-depends-main-dummy_0.invalid.0 sed_4.7-1 sensible-utils_0.0.12+nmu1 sysvinit-utils_2.96-2.1 tar_1.30+dfsg-6+b1 ttf-bitstream-vera_1.10-8 tzdata_2019c-3 util-linux_2.34-0.1 xz-utils_5.2.4-1+b1 zlib1g_1:1.2.11.dfsg-2 zlib1g-dev_1:1.2.11.dfsg-2

+------------------------------------------------------------------------------+
| Build                                                                        |
+------------------------------------------------------------------------------+


Unpack source
-------------

-----BEGIN PGP SIGNED MESSAGE-----
Hash: SHA512

Format: 3.0 (quilt)
Source: healpy
Binary: healpy-data, python3-healpy
Architecture: any all
Version: 1.13.0-1
Maintainer: Debian Astro Team <debian-astro-maintainers@lists.alioth.debian.org>
Uploaders: Leo Singer <leo.singer@ligo.org>
Homepage: http://healpy.readthedocs.org
Standards-Version: 4.4.1
Vcs-Browser: https://salsa.debian.org/debian-astro-team/healpy
Vcs-Git: https://salsa.debian.org/debian-astro-team/healpy.git
Testsuite: autopkgtest
Testsuite-Triggers: python3-pytest, python3-pytest-cython, python3-pytest-runner
Build-Depends: cython3, python3-setuptools, python3-all-dev, python3-matplotlib, python3-numpy (>= 1.14.6), python3-astropy, python3-pytest, python3-pytest-cython, python3-pytest-runner, python3-scipy, python3-six, debhelper-compat (= 12), dh-python, libcfitsio-dev, libsharp-dev, libhealpix-cxx-dev (>= 3.60.0), pkg-config
Package-List:
 healpy-data deb python optional arch=all
 python3-healpy deb python optional arch=any
Checksums-Sha1:
 0988d0e0ea40bc1c7b5d7b3b0408d7be6565cb55 4609915 healpy_1.13.0.orig.tar.gz
 1adb552db7890d837441a4181a7bd8495275b447 7796 healpy_1.13.0-1.debian.tar.xz
Checksums-Sha256:
 d0ae02791c2404002a09c643e9e50bc58e3d258f702c736dc1f39ce1e6526f73 4609915 healpy_1.13.0.orig.tar.gz
 3cf0a354ce432cb5522cb3f56686ce7bdbaac303e292568cb4b875c3bfb163c8 7796 healpy_1.13.0-1.debian.tar.xz
Files:
 f7b055f9ce11faa827890bbcfb0663ba 4609915 healpy_1.13.0.orig.tar.gz
 bea59e418d0315fcd3e3eeec877758ad 7796 healpy_1.13.0-1.debian.tar.xz

-----BEGIN PGP SIGNATURE-----

iQIzBAEBCgAdFiEETlIW+xCXmEEMK3UhbGdTGlqCeZ4FAl4PbcMACgkQbGdTGlqC
eZ72tw/9GHqXzoz+fiqE8XU+Z4k5tqL8djar88K1Z8VNdttHLHO1Lc8rDFaiZp5g
y9B9C+s3qQLp463wZ4/fQ1RH8LlVNpEqLOCSpVMiI1OkMpYIyEYQUsrcg377kjyQ
ggnMAwWqKYgzCPfKCGC7Tf1Q0Ut8uKRE0PG2v3hb/f2sp5Wu68ge183PqKvqbMWX
qH3IKVAXLOJf0L7k7yhq/sIui3xGEHGA5cj41eYotNCeUSRrFUS4/xTyCuxeTunw
jtjX0WGJHXPW21kJbQyo2+bSD1/dOIpeHWEGTdEVIdfF+S1KRzGbhM0tPYSBn6+j
yXFdCogGhcNN28UPkuzZshiEU4farNP7aoftBVz6nxzUbu+J8FqAwSYuvFhDDqA0
t/lfDQmSuJEwBQfoIQUDJtjgNb1z1I24YHmDi5ntxEcaGmuJeMBMexJx3H/O6yS3
G+JSxnDr04rGE07P2+nwXttWIY20okTEKF+84etGs9i3vZoldbbmnHop9oMbGb1j
01S8axNeDlW2lPSZejbmEGPeCf6nBK6d+9+xtK6uxMVYwnayfdkC9zHkRDXN7PY8
2gaLCKwa8gHLxaPU+3euNK3m6o96rjXDoXwCv+hKJ0dk5x/IAaTo0lBO6oJGN2Yh
6/UPFcSFASoh0Z2lxpweH4OuTGZxrfcHyoOHykjvU591kzrMJ+k=
=p1bx
-----END PGP SIGNATURE-----

gpgv: unknown type of key resource 'trustedkeys.kbx'
gpgv: keyblock resource '/sbuild-nonexistent/.gnupg/trustedkeys.kbx': General error
gpgv: Signature made Fri Jan  3 16:37:23 2020 UTC
gpgv:                using RSA key 4E5216FB109798410C2B75216C67531A5A82799E
gpgv: Can't check signature: No public key
dpkg-source: warning: failed to verify signature on ./healpy_1.13.0-1.dsc
dpkg-source: info: extracting healpy in /<<PKGBUILDDIR>>
dpkg-source: info: unpacking healpy_1.13.0.orig.tar.gz
dpkg-source: info: unpacking healpy_1.13.0-1.debian.tar.xz
dpkg-source: info: using patch list from debian/patches/series
dpkg-source: info: applying 0001-Remove-unit-tests-that-require-external-data.patch
dpkg-source: info: applying 0002-Increase-tolerance-for-failing-test-on-arm64-ppc64el.patch

Check disk space
----------------

Sufficient free space for build

User Environment
----------------

APT_CONFIG=/var/lib/sbuild/apt.conf
HOME=/sbuild-nonexistent
LANG=C.UTF-8
LC_ALL=C.UTF-8
LOGNAME=user42
PATH=/usr/local/sbin:/usr/local/bin:/usr/sbin:/usr/bin:/sbin:/bin:/usr/games
SCHROOT_ALIAS_NAME=unstable
SCHROOT_CHROOT_NAME=sid-amd64-sbuild
SCHROOT_COMMAND=env
SCHROOT_GID=1001
SCHROOT_GROUP=user42
SCHROOT_SESSION_ID=sid-amd64-sbuild-903085eb-2b7b-48f1-b9cc-295eb872ce7a
SCHROOT_UID=1001
SCHROOT_USER=user42
SHELL=/bin/sh
USER=user42

dpkg-buildpackage
-----------------

Command: dpkg-buildpackage -us -uc -b -rfakeroot
dpkg-buildpackage: info: source package healpy
dpkg-buildpackage: info: source version 1.13.0-1
dpkg-buildpackage: info: source distribution unstable
dpkg-buildpackage: info: source changed by Leo Singer <leo.singer@ligo.org>
 dpkg-source --before-build .
dpkg-buildpackage: info: host architecture amd64
 fakeroot debian/rules clean
dh clean --with python3 --buildsystem=pybuild
   dh_auto_clean -O--buildsystem=pybuild
I: pybuild base:217: python3.8 setup.py clean 
running clean
removing '/<<PKGBUILDDIR>>/.pybuild/cpython3_3.8_healpy/build' (and everything under it)
'build/bdist.linux-amd64' does not exist -- can't clean it
'build/scripts-3.8' does not exist -- can't clean it
I: pybuild base:217: python3.7 setup.py clean 
running clean
removing '/<<PKGBUILDDIR>>/.pybuild/cpython3_3.7_healpy/build' (and everything under it)
'build/bdist.linux-amd64' does not exist -- can't clean it
'build/scripts-3.7' does not exist -- can't clean it
   dh_autoreconf_clean -O--buildsystem=pybuild
   dh_clean -O--buildsystem=pybuild
 debian/rules build
dh build --with python3 --buildsystem=pybuild
   dh_update_autotools_config -O--buildsystem=pybuild
   dh_autoreconf -O--buildsystem=pybuild
   dh_auto_configure -O--buildsystem=pybuild
I: pybuild base:217: python3.8 setup.py config 
running config
I: pybuild base:217: python3.7 setup.py config 
running config
   dh_auto_build -O--buildsystem=pybuild
I: pybuild base:217: /usr/bin/python3.8 setup.py build 
running build
running build_py
creating /<<PKGBUILDDIR>>/.pybuild/cpython3_3.8_healpy/build/healpy
copying healpy/__init__.py -> /<<PKGBUILDDIR>>/.pybuild/cpython3_3.8_healpy/build/healpy
copying healpy/pixelfunc.py -> /<<PKGBUILDDIR>>/.pybuild/cpython3_3.8_healpy/build/healpy
copying healpy/sphtfunc.py -> /<<PKGBUILDDIR>>/.pybuild/cpython3_3.8_healpy/build/healpy
copying healpy/visufunc.py -> /<<PKGBUILDDIR>>/.pybuild/cpython3_3.8_healpy/build/healpy
copying healpy/fitsfunc.py -> /<<PKGBUILDDIR>>/.pybuild/cpython3_3.8_healpy/build/healpy
copying healpy/projector.py -> /<<PKGBUILDDIR>>/.pybuild/cpython3_3.8_healpy/build/healpy
copying healpy/rotator.py -> /<<PKGBUILDDIR>>/.pybuild/cpython3_3.8_healpy/build/healpy
copying healpy/projaxes.py -> /<<PKGBUILDDIR>>/.pybuild/cpython3_3.8_healpy/build/healpy
copying healpy/version.py -> /<<PKGBUILDDIR>>/.pybuild/cpython3_3.8_healpy/build/healpy
copying healpy/zoomtool.py -> /<<PKGBUILDDIR>>/.pybuild/cpython3_3.8_healpy/build/healpy
copying healpy/newvisufunc.py -> /<<PKGBUILDDIR>>/.pybuild/cpython3_3.8_healpy/build/healpy
copying healpy/cookbook.py -> /<<PKGBUILDDIR>>/.pybuild/cpython3_3.8_healpy/build/healpy
creating /<<PKGBUILDDIR>>/.pybuild/cpython3_3.8_healpy/build/healpy/test
copying healpy/test/test_query_disc.py -> /<<PKGBUILDDIR>>/.pybuild/cpython3_3.8_healpy/build/healpy/test
copying healpy/test/test_fitsfunc.py -> /<<PKGBUILDDIR>>/.pybuild/cpython3_3.8_healpy/build/healpy/test
copying healpy/test/test_visufunc.py -> /<<PKGBUILDDIR>>/.pybuild/cpython3_3.8_healpy/build/healpy/test
copying healpy/test/__init__.py -> /<<PKGBUILDDIR>>/.pybuild/cpython3_3.8_healpy/build/healpy/test
copying healpy/test/test_rotator.py -> /<<PKGBUILDDIR>>/.pybuild/cpython3_3.8_healpy/build/healpy/test
copying healpy/test/test_pixelfunc.py -> /<<PKGBUILDDIR>>/.pybuild/cpython3_3.8_healpy/build/healpy/test
copying healpy/test/test_sphtfunc.py -> /<<PKGBUILDDIR>>/.pybuild/cpython3_3.8_healpy/build/healpy/test
copying healpy/test/test_spinfunc.py -> /<<PKGBUILDDIR>>/.pybuild/cpython3_3.8_healpy/build/healpy/test
copying healpy/test/conftest.py -> /<<PKGBUILDDIR>>/.pybuild/cpython3_3.8_healpy/build/healpy/test
creating /<<PKGBUILDDIR>>/.pybuild/cpython3_3.8_healpy/build/healpy/data
copying healpy/data/weight_ring_n08192.fits -> /<<PKGBUILDDIR>>/.pybuild/cpython3_3.8_healpy/build/healpy/data
copying healpy/data/weight_ring_n00002.fits -> /<<PKGBUILDDIR>>/.pybuild/cpython3_3.8_healpy/build/healpy/data
copying healpy/data/pixel_window_n4096.fits -> /<<PKGBUILDDIR>>/.pybuild/cpython3_3.8_healpy/build/healpy/data
copying healpy/data/weight_ring_n00512.fits -> /<<PKGBUILDDIR>>/.pybuild/cpython3_3.8_healpy/build/healpy/data
copying healpy/data/pixel_window_n0004.fits -> /<<PKGBUILDDIR>>/.pybuild/cpython3_3.8_healpy/build/healpy/data
copying healpy/data/pixel_window_n0064.fits -> /<<PKGBUILDDIR>>/.pybuild/cpython3_3.8_healpy/build/healpy/data
copying healpy/data/weight_ring_n02048.fits -> /<<PKGBUILDDIR>>/.pybuild/cpython3_3.8_healpy/build/healpy/data
copying healpy/data/pixel_window_n0002.fits -> /<<PKGBUILDDIR>>/.pybuild/cpython3_3.8_healpy/build/healpy/data
copying healpy/data/pixel_window_n8192.fits -> /<<PKGBUILDDIR>>/.pybuild/cpython3_3.8_healpy/build/healpy/data
copying healpy/data/pixel_window_n0008.fits -> /<<PKGBUILDDIR>>/.pybuild/cpython3_3.8_healpy/build/healpy/data
copying healpy/data/weight_ring_n00032.fits -> /<<PKGBUILDDIR>>/.pybuild/cpython3_3.8_healpy/build/healpy/data
copying healpy/data/pixel_window_n0256.fits -> /<<PKGBUILDDIR>>/.pybuild/cpython3_3.8_healpy/build/healpy/data
copying healpy/data/weight_ring_n00128.fits -> /<<PKGBUILDDIR>>/.pybuild/cpython3_3.8_healpy/build/healpy/data
copying healpy/data/weight_ring_n00016.fits -> /<<PKGBUILDDIR>>/.pybuild/cpython3_3.8_healpy/build/healpy/data
copying healpy/data/weight_ring_n01024.fits -> /<<PKGBUILDDIR>>/.pybuild/cpython3_3.8_healpy/build/healpy/data
copying healpy/data/pixel_window_n1024.fits -> /<<PKGBUILDDIR>>/.pybuild/cpython3_3.8_healpy/build/healpy/data
copying healpy/data/weight_ring_n00004.fits -> /<<PKGBUILDDIR>>/.pybuild/cpython3_3.8_healpy/build/healpy/data
copying healpy/data/weight_ring_n00064.fits -> /<<PKGBUILDDIR>>/.pybuild/cpython3_3.8_healpy/build/healpy/data
copying healpy/data/pixel_window_n0128.fits -> /<<PKGBUILDDIR>>/.pybuild/cpython3_3.8_healpy/build/healpy/data
copying healpy/data/pixel_window_n0016.fits -> /<<PKGBUILDDIR>>/.pybuild/cpython3_3.8_healpy/build/healpy/data
copying healpy/data/pixel_window_n0512.fits -> /<<PKGBUILDDIR>>/.pybuild/cpython3_3.8_healpy/build/healpy/data
copying healpy/data/weight_ring_n00256.fits -> /<<PKGBUILDDIR>>/.pybuild/cpython3_3.8_healpy/build/healpy/data
copying healpy/data/pixel_window_n0032.fits -> /<<PKGBUILDDIR>>/.pybuild/cpython3_3.8_healpy/build/healpy/data
copying healpy/data/weight_ring_n04096.fits -> /<<PKGBUILDDIR>>/.pybuild/cpython3_3.8_healpy/build/healpy/data
copying healpy/data/weight_ring_n00008.fits -> /<<PKGBUILDDIR>>/.pybuild/cpython3_3.8_healpy/build/healpy/data
copying healpy/data/pixel_window_n2048.fits -> /<<PKGBUILDDIR>>/.pybuild/cpython3_3.8_healpy/build/healpy/data
copying healpy/data/totcls.dat -> /<<PKGBUILDDIR>>/.pybuild/cpython3_3.8_healpy/build/healpy/data
creating /<<PKGBUILDDIR>>/.pybuild/cpython3_3.8_healpy/build/healpy/test/data
copying healpy/test/data/cl_wmap_band_iqumap_r9_7yr_W_v4_udgraded32_II_lmax64_rmmono_3iter.fits -> /<<PKGBUILDDIR>>/.pybuild/cpython3_3.8_healpy/build/healpy/test/data
copying healpy/test/data/cl_wmap_band_iqumap_r9_7yr_W_v4_udgraded32_II_lmax64_rmmono_3iter_nomask.fits -> /<<PKGBUILDDIR>>/.pybuild/cpython3_3.8_healpy/build/healpy/test/data
copying healpy/test/data/wmap_band_iqumap_r9_7yr_W_v4_udgraded32_smoothed10deg_fortran.fits -> /<<PKGBUILDDIR>>/.pybuild/cpython3_3.8_healpy/build/healpy/test/data
copying healpy/test/data/wmap_temperature_analysis_mask_r9_7yr_v4_udgraded32.fits -> /<<PKGBUILDDIR>>/.pybuild/cpython3_3.8_healpy/build/healpy/test/data
copying healpy/test/data/map_synfast_seed12345.fits -> /<<PKGBUILDDIR>>/.pybuild/cpython3_3.8_healpy/build/healpy/test/data
copying healpy/test/data/cl_wmap_band_iqumap_r9_7yr_W_v4_udgraded32_IQU_lmax64_rmmono_3iter.fits -> /<<PKGBUILDDIR>>/.pybuild/cpython3_3.8_healpy/build/healpy/test/data
copying healpy/test/data/wmap_band_iqumap_r9_7yr_W_v4_udgraded32_masked.fits -> /<<PKGBUILDDIR>>/.pybuild/cpython3_3.8_healpy/build/healpy/test/data
copying healpy/test/data/wmap_band_iqumap_r9_7yr_V_v4_udgraded32.fits -> /<<PKGBUILDDIR>>/.pybuild/cpython3_3.8_healpy/build/healpy/test/data
copying healpy/test/data/gaussbeam_10arcmin_lmax512_pol.fits -> /<<PKGBUILDDIR>>/.pybuild/cpython3_3.8_healpy/build/healpy/test/data
copying healpy/test/data/wmap_band_iqumap_r9_7yr_W_v4_udgraded32.fits -> /<<PKGBUILDDIR>>/.pybuild/cpython3_3.8_healpy/build/healpy/test/data
copying healpy/test/data/wmap_band_iqumap_r9_7yr_W_v4_udgraded32_masked_smoothed10deg_fortran.fits -> /<<PKGBUILDDIR>>/.pybuild/cpython3_3.8_healpy/build/healpy/test/data
copying healpy/test/data/cl_wmap_band_iqumap_r9_7yr_WVxspec_v4_udgraded32_II_lmax64_rmmono_3iter.fits -> /<<PKGBUILDDIR>>/.pybuild/cpython3_3.8_healpy/build/healpy/test/data
copying healpy/test/data/wmap_band_iqumap_r9_7yr_V_v4_udgraded32_masked.fits -> /<<PKGBUILDDIR>>/.pybuild/cpython3_3.8_healpy/build/healpy/test/data
copying healpy/test/data/justq_gal2ecl.fits.gz -> /<<PKGBUILDDIR>>/.pybuild/cpython3_3.8_healpy/build/healpy/test/data
running build_clib
checking if configure script for library 'cfitsio' exists
checking if configure script for library 'sharp' exists
checking if configure script for library 'healpix_cxx' exists
checking if library 'cfitsio' is installed
found 'cfitsio' installed, using it
checking if library 'sharp' is installed
found 'sharp' installed, using it
checking if library 'healpix_cxx' is installed
found 'healpix_cxx' installed, using it
running build_ext
cythoning healpy/src/_query_disc.pyx to healpy/src/_query_disc.cpp
cythoning healpy/src/_sphtools.pyx to healpy/src/_sphtools.cpp
cythoning healpy/src/_pixelfunc.pyx to healpy/src/_pixelfunc.cpp
skipping 'healpy/src/_masktools.cpp' Cython extension (up-to-date)
building 'healpy._healpy_pixel_lib' extension
creating build
creating build/temp.linux-amd64-3.8
creating build/temp.linux-amd64-3.8/healpy
creating build/temp.linux-amd64-3.8/healpy/src
x86_64-linux-gnu-gcc -pthread -Wno-unused-result -Wsign-compare -DNDEBUG -g -fwrapv -O2 -Wall -g -fstack-protector-strong -Wformat -Werror=format-security -g -fwrapv -O2 -g -O2 -fdebug-prefix-map=/<<PKGBUILDDIR>>=. -fstack-protector-strong -Wformat -Werror=format-security -Wdate-time -D_FORTIFY_SOURCE=2 -fPIC -I/usr/include/healpix_cxx -I/usr/include/python3.8 -I/usr/lib/python3/dist-packages/numpy/core/include -c healpy/src/_healpy_pixel_lib.cc -o build/temp.linux-amd64-3.8/healpy/src/_healpy_pixel_lib.o -std=c++11 -fopenmp
In file included from healpy/src/_healpy_pixel_lib.cc:34:
In file included from /usr/include/python3.8/numpy/arrayobject.h:4:
In file included from /usr/include/python3.8/numpy/ndarrayobject.h:12:
In file included from /usr/include/python3.8/numpy/ndarraytypes.h:1830:
/usr/include/python3.8/numpy/npy_1_7_deprecated_api.h:17:2: warning: "Using deprecated NumPy API, disable it with "          "#define NPY_NO_DEPRECATED_API NPY_1_7_API_VERSION" [-W#warnings]
#warning "Using deprecated NumPy API, disable it with " \
 ^
healpy/src/_healpy_pixel_lib.cc:73:3: warning: 'register' storage class specifier is deprecated and incompatible with C++17 [-Wdeprecated-register]
  register npy_intp i, n=dimensions[0];
  ^~~~~~~~~
healpy/src/_healpy_pixel_lib.cc:73:3: warning: 'register' storage class specifier is deprecated and incompatible with C++17 [-Wdeprecated-register]
  register npy_intp i, n=dimensions[0];
  ^~~~~~~~~
healpy/src/_healpy_pixel_lib.cc:74:3: warning: 'register' storage class specifier is deprecated and incompatible with C++17 [-Wdeprecated-register]
  register npy_intp is1=steps[0],is2=steps[1],os1=steps[2],os2=steps[3];
  ^~~~~~~~~
healpy/src/_healpy_pixel_lib.cc:74:3: warning: 'register' storage class specifier is deprecated and incompatible with C++17 [-Wdeprecated-register]
  register npy_intp is1=steps[0],is2=steps[1],os1=steps[2],os2=steps[3];
  ^~~~~~~~~
healpy/src/_healpy_pixel_lib.cc:74:3: warning: 'register' storage class specifier is deprecated and incompatible with C++17 [-Wdeprecated-register]
  register npy_intp is1=steps[0],is2=steps[1],os1=steps[2],os2=steps[3];
  ^~~~~~~~~
healpy/src/_healpy_pixel_lib.cc:74:3: warning: 'register' storage class specifier is deprecated and incompatible with C++17 [-Wdeprecated-register]
  register npy_intp is1=steps[0],is2=steps[1],os1=steps[2],os2=steps[3];
  ^~~~~~~~~
healpy/src/_healpy_pixel_lib.cc:129:3: warning: 'register' storage class specifier is deprecated and incompatible with C++17 [-Wdeprecated-register]
  register npy_intp i, n=dimensions[0];
  ^~~~~~~~~
healpy/src/_healpy_pixel_lib.cc:129:3: warning: 'register' storage class specifier is deprecated and incompatible with C++17 [-Wdeprecated-register]
  register npy_intp i, n=dimensions[0];
  ^~~~~~~~~
healpy/src/_healpy_pixel_lib.cc:130:3: warning: 'register' storage class specifier is deprecated and incompatible with C++17 [-Wdeprecated-register]
  register npy_intp is1=steps[0],is2=steps[1],os1=steps[2],os2=steps[3],os3=steps[4];
  ^~~~~~~~~
healpy/src/_healpy_pixel_lib.cc:130:3: warning: 'register' storage class specifier is deprecated and incompatible with C++17 [-Wdeprecated-register]
  register npy_intp is1=steps[0],is2=steps[1],os1=steps[2],os2=steps[3],os3=steps[4];
  ^~~~~~~~~
healpy/src/_healpy_pixel_lib.cc:130:3: warning: 'register' storage class specifier is deprecated and incompatible with C++17 [-Wdeprecated-register]
  register npy_intp is1=steps[0],is2=steps[1],os1=steps[2],os2=steps[3],os3=steps[4];
  ^~~~~~~~~
healpy/src/_healpy_pixel_lib.cc:130:3: warning: 'register' storage class specifier is deprecated and incompatible with C++17 [-Wdeprecated-register]
  register npy_intp is1=steps[0],is2=steps[1],os1=steps[2],os2=steps[3],os3=steps[4];
  ^~~~~~~~~
healpy/src/_healpy_pixel_lib.cc:130:3: warning: 'register' storage class specifier is deprecated and incompatible with C++17 [-Wdeprecated-register]
  register npy_intp is1=steps[0],is2=steps[1],os1=steps[2],os2=steps[3],os3=steps[4];
  ^~~~~~~~~
healpy/src/_healpy_pixel_lib.cc:161:3: warning: 'register' storage class specifier is deprecated and incompatible with C++17 [-Wdeprecated-register]
  register npy_intp i, n=dimensions[0];
  ^~~~~~~~~
healpy/src/_healpy_pixel_lib.cc:161:3: warning: 'register' storage class specifier is deprecated and incompatible with C++17 [-Wdeprecated-register]
  register npy_intp i, n=dimensions[0];
  ^~~~~~~~~
healpy/src/_healpy_pixel_lib.cc:162:3: warning: 'register' storage class specifier is deprecated and incompatible with C++17 [-Wdeprecated-register]
  register npy_intp is1=steps[0],is2=steps[1],os=steps[2];
  ^~~~~~~~~
healpy/src/_healpy_pixel_lib.cc:162:3: warning: 'register' storage class specifier is deprecated and incompatible with C++17 [-Wdeprecated-register]
  register npy_intp is1=steps[0],is2=steps[1],os=steps[2];
  ^~~~~~~~~
healpy/src/_healpy_pixel_lib.cc:162:3: warning: 'register' storage class specifier is deprecated and incompatible with C++17 [-Wdeprecated-register]
  register npy_intp is1=steps[0],is2=steps[1],os=steps[2];
  ^~~~~~~~~
healpy/src/_healpy_pixel_lib.cc:187:3: warning: 'register' storage class specifier is deprecated and incompatible with C++17 [-Wdeprecated-register]
  register npy_intp i, n=dimensions[0];
  ^~~~~~~~~
healpy/src/_healpy_pixel_lib.cc:187:3: warning: 'register' storage class specifier is deprecated and incompatible with C++17 [-Wdeprecated-register]
  register npy_intp i, n=dimensions[0];
  ^~~~~~~~~
healpy/src/_healpy_pixel_lib.cc:188:3: warning: 'register' storage class specifier is deprecated and incompatible with C++17 [-Wdeprecated-register]
  register npy_intp is1=steps[0],is2=steps[1],os=steps[2];
  ^~~~~~~~~
healpy/src/_healpy_pixel_lib.cc:188:3: warning: 'register' storage class specifier is deprecated and incompatible with C++17 [-Wdeprecated-register]
  register npy_intp is1=steps[0],is2=steps[1],os=steps[2];
  ^~~~~~~~~
healpy/src/_healpy_pixel_lib.cc:188:3: warning: 'register' storage class specifier is deprecated and incompatible with C++17 [-Wdeprecated-register]
  register npy_intp is1=steps[0],is2=steps[1],os=steps[2];
  ^~~~~~~~~
healpy/src/_healpy_pixel_lib.cc:214:3: warning: 'register' storage class specifier is deprecated and incompatible with C++17 [-Wdeprecated-register]
  register npy_intp i, n=dimensions[0];
  ^~~~~~~~~
healpy/src/_healpy_pixel_lib.cc:214:3: warning: 'register' storage class specifier is deprecated and incompatible with C++17 [-Wdeprecated-register]
  register npy_intp i, n=dimensions[0];
  ^~~~~~~~~
healpy/src/_healpy_pixel_lib.cc:215:3: warning: 'register' storage class specifier is deprecated and incompatible with C++17 [-Wdeprecated-register]
  register npy_intp is1=steps[0],is2=steps[1],os1=steps[2],os2=steps[3],os3=steps[4];
  ^~~~~~~~~
healpy/src/_healpy_pixel_lib.cc:215:3: warning: 'register' storage class specifier is deprecated and incompatible with C++17 [-Wdeprecated-register]
  register npy_intp is1=steps[0],is2=steps[1],os1=steps[2],os2=steps[3],os3=steps[4];
  ^~~~~~~~~
healpy/src/_healpy_pixel_lib.cc:215:3: warning: 'register' storage class specifier is deprecated and incompatible with C++17 [-Wdeprecated-register]
  register npy_intp is1=steps[0],is2=steps[1],os1=steps[2],os2=steps[3],os3=steps[4];
  ^~~~~~~~~
healpy/src/_healpy_pixel_lib.cc:215:3: warning: 'register' storage class specifier is deprecated and incompatible with C++17 [-Wdeprecated-register]
  register npy_intp is1=steps[0],is2=steps[1],os1=steps[2],os2=steps[3],os3=steps[4];
  ^~~~~~~~~
healpy/src/_healpy_pixel_lib.cc:215:3: warning: 'register' storage class specifier is deprecated and incompatible with C++17 [-Wdeprecated-register]
  register npy_intp is1=steps[0],is2=steps[1],os1=steps[2],os2=steps[3],os3=steps[4];
  ^~~~~~~~~
healpy/src/_healpy_pixel_lib.cc:245:3: warning: 'register' storage class specifier is deprecated and incompatible with C++17 [-Wdeprecated-register]
  register npy_intp i, n=dimensions[0];
  ^~~~~~~~~
healpy/src/_healpy_pixel_lib.cc:245:3: warning: 'register' storage class specifier is deprecated and incompatible with C++17 [-Wdeprecated-register]
  register npy_intp i, n=dimensions[0];
  ^~~~~~~~~
healpy/src/_healpy_pixel_lib.cc:246:3: warning: 'register' storage class specifier is deprecated and incompatible with C++17 [-Wdeprecated-register]
  register npy_intp is1=steps[0],is2=steps[1],is3=steps[2],is4=steps[3],os1=steps[4];
  ^~~~~~~~~
healpy/src/_healpy_pixel_lib.cc:246:3: warning: 'register' storage class specifier is deprecated and incompatible with C++17 [-Wdeprecated-register]
  register npy_intp is1=steps[0],is2=steps[1],is3=steps[2],is4=steps[3],os1=steps[4];
  ^~~~~~~~~
healpy/src/_healpy_pixel_lib.cc:246:3: warning: 'register' storage class specifier is deprecated and incompatible with C++17 [-Wdeprecated-register]
  register npy_intp is1=steps[0],is2=steps[1],is3=steps[2],is4=steps[3],os1=steps[4];
  ^~~~~~~~~
healpy/src/_healpy_pixel_lib.cc:246:3: warning: 'register' storage class specifier is deprecated and incompatible with C++17 [-Wdeprecated-register]
  register npy_intp is1=steps[0],is2=steps[1],is3=steps[2],is4=steps[3],os1=steps[4];
  ^~~~~~~~~
healpy/src/_healpy_pixel_lib.cc:246:3: warning: 'register' storage class specifier is deprecated and incompatible with C++17 [-Wdeprecated-register]
  register npy_intp is1=steps[0],is2=steps[1],is3=steps[2],is4=steps[3],os1=steps[4];
  ^~~~~~~~~
healpy/src/_healpy_pixel_lib.cc:274:3: warning: 'register' storage class specifier is deprecated and incompatible with C++17 [-Wdeprecated-register]
  register npy_intp i, n=dimensions[0];
  ^~~~~~~~~
healpy/src/_healpy_pixel_lib.cc:274:3: warning: 'register' storage class specifier is deprecated and incompatible with C++17 [-Wdeprecated-register]
  register npy_intp i, n=dimensions[0];
  ^~~~~~~~~
healpy/src/_healpy_pixel_lib.cc:275:3: warning: 'register' storage class specifier is deprecated and incompatible with C++17 [-Wdeprecated-register]
  register npy_intp is1=steps[0],is2=steps[1],is3=steps[2],
  ^~~~~~~~~
healpy/src/_healpy_pixel_lib.cc:275:3: warning: 'register' storage class specifier is deprecated and incompatible with C++17 [-Wdeprecated-register]
  register npy_intp is1=steps[0],is2=steps[1],is3=steps[2],
  ^~~~~~~~~
healpy/src/_healpy_pixel_lib.cc:275:3: warning: 'register' storage class specifier is deprecated and incompatible with C++17 [-Wdeprecated-register]
  register npy_intp is1=steps[0],is2=steps[1],is3=steps[2],
  ^~~~~~~~~
healpy/src/_healpy_pixel_lib.cc:275:3: warning: 'register' storage class specifier is deprecated and incompatible with C++17 [-Wdeprecated-register]
  register npy_intp is1=steps[0],is2=steps[1],is3=steps[2],
  ^~~~~~~~~
healpy/src/_healpy_pixel_lib.cc:275:3: warning: 'register' storage class specifier is deprecated and incompatible with C++17 [-Wdeprecated-register]
  register npy_intp is1=steps[0],is2=steps[1],is3=steps[2],
  ^~~~~~~~~
healpy/src/_healpy_pixel_lib.cc:275:3: warning: 'register' storage class specifier is deprecated and incompatible with C++17 [-Wdeprecated-register]
  register npy_intp is1=steps[0],is2=steps[1],is3=steps[2],
  ^~~~~~~~~
healpy/src/_healpy_pixel_lib.cc:275:3: warning: 'register' storage class specifier is deprecated and incompatible with C++17 [-Wdeprecated-register]
  register npy_intp is1=steps[0],is2=steps[1],is3=steps[2],
  ^~~~~~~~~
healpy/src/_healpy_pixel_lib.cc:275:3: warning: 'register' storage class specifier is deprecated and incompatible with C++17 [-Wdeprecated-register]
  register npy_intp is1=steps[0],is2=steps[1],is3=steps[2],
  ^~~~~~~~~
healpy/src/_healpy_pixel_lib.cc:275:3: warning: 'register' storage class specifier is deprecated and incompatible with C++17 [-Wdeprecated-register]
  register npy_intp is1=steps[0],is2=steps[1],is3=steps[2],
  ^~~~~~~~~
healpy/src/_healpy_pixel_lib.cc:275:3: warning: 'register' storage class specifier is deprecated and incompatible with C++17 [-Wdeprecated-register]
  register npy_intp is1=steps[0],is2=steps[1],is3=steps[2],
  ^~~~~~~~~
healpy/src/_healpy_pixel_lib.cc:275:3: warning: 'register' storage class specifier is deprecated and incompatible with C++17 [-Wdeprecated-register]
  register npy_intp is1=steps[0],is2=steps[1],is3=steps[2],
  ^~~~~~~~~
healpy/src/_healpy_pixel_lib.cc:326:3: warning: 'register' storage class specifier is deprecated and incompatible with C++17 [-Wdeprecated-register]
  register npy_intp i, n=dimensions[0];
  ^~~~~~~~~
healpy/src/_healpy_pixel_lib.cc:326:3: warning: 'register' storage class specifier is deprecated and incompatible with C++17 [-Wdeprecated-register]
  register npy_intp i, n=dimensions[0];
  ^~~~~~~~~
healpy/src/_healpy_pixel_lib.cc:327:3: warning: 'register' storage class specifier is deprecated and incompatible with C++17 [-Wdeprecated-register]
  register npy_intp is1=steps[0],is2=steps[1],
  ^~~~~~~~~
healpy/src/_healpy_pixel_lib.cc:327:3: warning: 'register' storage class specifier is deprecated and incompatible with C++17 [-Wdeprecated-register]
  register npy_intp is1=steps[0],is2=steps[1],
  ^~~~~~~~~
healpy/src/_healpy_pixel_lib.cc:327:3: warning: 'register' storage class specifier is deprecated and incompatible with C++17 [-Wdeprecated-register]
  register npy_intp is1=steps[0],is2=steps[1],
  ^~~~~~~~~
healpy/src/_healpy_pixel_lib.cc:327:3: warning: 'register' storage class specifier is deprecated and incompatible with C++17 [-Wdeprecated-register]
  register npy_intp is1=steps[0],is2=steps[1],
  ^~~~~~~~~
healpy/src/_healpy_pixel_lib.cc:327:3: warning: 'register' storage class specifier is deprecated and incompatible with C++17 [-Wdeprecated-register]
  register npy_intp is1=steps[0],is2=steps[1],
  ^~~~~~~~~
healpy/src/_healpy_pixel_lib.cc:327:3: warning: 'register' storage class specifier is deprecated and incompatible with C++17 [-Wdeprecated-register]
  register npy_intp is1=steps[0],is2=steps[1],
  ^~~~~~~~~
healpy/src/_healpy_pixel_lib.cc:327:3: warning: 'register' storage class specifier is deprecated and incompatible with C++17 [-Wdeprecated-register]
  register npy_intp is1=steps[0],is2=steps[1],
  ^~~~~~~~~
healpy/src/_healpy_pixel_lib.cc:327:3: warning: 'register' storage class specifier is deprecated and incompatible with C++17 [-Wdeprecated-register]
  register npy_intp is1=steps[0],is2=steps[1],
  ^~~~~~~~~
healpy/src/_healpy_pixel_lib.cc:327:3: warning: 'register' storage class specifier is deprecated and incompatible with C++17 [-Wdeprecated-register]
  register npy_intp is1=steps[0],is2=steps[1],
  ^~~~~~~~~
healpy/src/_healpy_pixel_lib.cc:327:3: warning: 'register' storage class specifier is deprecated and incompatible with C++17 [-Wdeprecated-register]
  register npy_intp is1=steps[0],is2=steps[1],
  ^~~~~~~~~
healpy/src/_healpy_pixel_lib.cc:370:3: warning: 'register' storage class specifier is deprecated and incompatible with C++17 [-Wdeprecated-register]
  register npy_intp i, n=dimensions[0];
  ^~~~~~~~~
healpy/src/_healpy_pixel_lib.cc:370:3: warning: 'register' storage class specifier is deprecated and incompatible with C++17 [-Wdeprecated-register]
  register npy_intp i, n=dimensions[0];
  ^~~~~~~~~
healpy/src/_healpy_pixel_lib.cc:371:3: warning: 'register' storage class specifier is deprecated and incompatible with C++17 [-Wdeprecated-register]
  register npy_intp is1=steps[0],os1=steps[1];
  ^~~~~~~~~
healpy/src/_healpy_pixel_lib.cc:371:3: warning: 'register' storage class specifier is deprecated and incompatible with C++17 [-Wdeprecated-register]
  register npy_intp is1=steps[0],os1=steps[1];
  ^~~~~~~~~
healpy/src/_healpy_pixel_lib.cc:390:14: warning: unused variable 'docstring' [-Wunused-variable]
static char *docstring = CP_(
             ^
68 warnings generated.
x86_64-linux-gnu-g++ -pthread -shared -Wl,-O1 -Wl,-Bsymbolic-functions -Wl,-z,relro -g -fwrapv -O2 -Wl,-z,relro -Wl,-z,now -g -O2 -fdebug-prefix-map=/<<PKGBUILDDIR>>=. -fstack-protector-strong -Wformat -Werror=format-security -Wdate-time -D_FORTIFY_SOURCE=2 build/temp.linux-amd64-3.8/healpy/src/_healpy_pixel_lib.o -Lbuild/temp.linux-amd64-3.8 -lcfitsio -lpthread -lsharp -lm -lhealpix_cxx -lcfitsio -lsharp -lhealpix_cxx -o /<<PKGBUILDDIR>>/.pybuild/cpython3_3.8_healpy/build/healpy/_healpy_pixel_lib.cpython-38-x86_64-linux-gnu.so -fopenmp
building 'healpy._healpy_sph_transform_lib' extension
x86_64-linux-gnu-gcc -pthread -Wno-unused-result -Wsign-compare -DNDEBUG -g -fwrapv -O2 -Wall -g -fstack-protector-strong -Wformat -Werror=format-security -g -fwrapv -O2 -g -O2 -fdebug-prefix-map=/<<PKGBUILDDIR>>=. -fstack-protector-strong -Wformat -Werror=format-security -Wdate-time -D_FORTIFY_SOURCE=2 -fPIC -I/usr/include/healpix_cxx -I/usr/include/python3.8 -I/usr/lib/python3/dist-packages/numpy/core/include -c healpy/src/_healpy_sph_transform_lib.cc -o build/temp.linux-amd64-3.8/healpy/src/_healpy_sph_transform_lib.o -std=c++11 -fopenmp
In file included from healpy/src/_healpy_sph_transform_lib.cc:29:
In file included from /usr/include/python3.8/numpy/arrayobject.h:4:
In file included from /usr/include/python3.8/numpy/ndarrayobject.h:12:
In file included from /usr/include/python3.8/numpy/ndarraytypes.h:1830:
/usr/include/python3.8/numpy/npy_1_7_deprecated_api.h:17:2: warning: "Using deprecated NumPy API, disable it with "          "#define NPY_NO_DEPRECATED_API NPY_1_7_API_VERSION" [-W#warnings]
#warning "Using deprecated NumPy API, disable it with " \
 ^
1 warning generated.
x86_64-linux-gnu-g++ -pthread -shared -Wl,-O1 -Wl,-Bsymbolic-functions -Wl,-z,relro -g -fwrapv -O2 -Wl,-z,relro -Wl,-z,now -g -O2 -fdebug-prefix-map=/<<PKGBUILDDIR>>=. -fstack-protector-strong -Wformat -Werror=format-security -Wdate-time -D_FORTIFY_SOURCE=2 build/temp.linux-amd64-3.8/healpy/src/_healpy_sph_transform_lib.o -Lbuild/temp.linux-amd64-3.8 -lcfitsio -lpthread -lsharp -lm -lhealpix_cxx -lcfitsio -lsharp -lhealpix_cxx -o /<<PKGBUILDDIR>>/.pybuild/cpython3_3.8_healpy/build/healpy/_healpy_sph_transform_lib.cpython-38-x86_64-linux-gnu.so -fopenmp
building 'healpy._query_disc' extension
x86_64-linux-gnu-gcc -pthread -Wno-unused-result -Wsign-compare -DNDEBUG -g -fwrapv -O2 -Wall -g -fstack-protector-strong -Wformat -Werror=format-security -g -fwrapv -O2 -g -O2 -fdebug-prefix-map=/<<PKGBUILDDIR>>=. -fstack-protector-strong -Wformat -Werror=format-security -Wdate-time -D_FORTIFY_SOURCE=2 -fPIC -I/usr/include/healpix_cxx -I/usr/include/python3.8 -I/usr/lib/python3/dist-packages/numpy/core/include -c healpy/src/_query_disc.cpp -o build/temp.linux-amd64-3.8/healpy/src/_query_disc.o -std=c++11 -fopenmp
In file included from healpy/src/_query_disc.cpp:612:
In file included from /usr/include/python3.8/numpy/arrayobject.h:4:
In file included from /usr/include/python3.8/numpy/ndarrayobject.h:12:
In file included from /usr/include/python3.8/numpy/ndarraytypes.h:1830:
/usr/include/python3.8/numpy/npy_1_7_deprecated_api.h:17:2: warning: "Using deprecated NumPy API, disable it with "          "#define NPY_NO_DEPRECATED_API NPY_1_7_API_VERSION" [-W#warnings]
#warning "Using deprecated NumPy API, disable it with " \
 ^
1 warning generated.
x86_64-linux-gnu-g++ -pthread -shared -Wl,-O1 -Wl,-Bsymbolic-functions -Wl,-z,relro -g -fwrapv -O2 -Wl,-z,relro -Wl,-z,now -g -O2 -fdebug-prefix-map=/<<PKGBUILDDIR>>=. -fstack-protector-strong -Wformat -Werror=format-security -Wdate-time -D_FORTIFY_SOURCE=2 build/temp.linux-amd64-3.8/healpy/src/_query_disc.o -Lbuild/temp.linux-amd64-3.8 -lcfitsio -lpthread -lsharp -lm -lhealpix_cxx -lcfitsio -lsharp -lhealpix_cxx -o /<<PKGBUILDDIR>>/.pybuild/cpython3_3.8_healpy/build/healpy/_query_disc.cpython-38-x86_64-linux-gnu.so -fopenmp
building 'healpy._sphtools' extension
x86_64-linux-gnu-gcc -pthread -Wno-unused-result -Wsign-compare -DNDEBUG -g -fwrapv -O2 -Wall -g -fstack-protector-strong -Wformat -Werror=format-security -g -fwrapv -O2 -g -O2 -fdebug-prefix-map=/<<PKGBUILDDIR>>=. -fstack-protector-strong -Wformat -Werror=format-security -Wdate-time -D_FORTIFY_SOURCE=2 -fPIC -I/usr/include/healpix_cxx -I/usr/include/python3.8 -I/usr/lib/python3/dist-packages/numpy/core/include -c healpy/src/_sphtools.cpp -o build/temp.linux-amd64-3.8/healpy/src/_sphtools.o -std=c++11 -fopenmp
In file included from healpy/src/_sphtools.cpp:612:
In file included from /usr/include/python3.8/numpy/arrayobject.h:4:
In file included from /usr/include/python3.8/numpy/ndarrayobject.h:12:
In file included from /usr/include/python3.8/numpy/ndarraytypes.h:1830:
/usr/include/python3.8/numpy/npy_1_7_deprecated_api.h:17:2: warning: "Using deprecated NumPy API, disable it with "          "#define NPY_NO_DEPRECATED_API NPY_1_7_API_VERSION" [-W#warnings]
#warning "Using deprecated NumPy API, disable it with " \
 ^
healpy/src/_sphtools.cpp:5605:35: warning: comparison of integers of different signs: 'int' and '__pyx_t_7_common_tsize' (aka 'unsigned long') [-Wsign-compare]
    for (__pyx_t_7 = 0; __pyx_t_7 < __pyx_t_16; __pyx_t_7+=1) {
                        ~~~~~~~~~ ^ ~~~~~~~~~~
2 warnings generated.
x86_64-linux-gnu-g++ -pthread -shared -Wl,-O1 -Wl,-Bsymbolic-functions -Wl,-z,relro -g -fwrapv -O2 -Wl,-z,relro -Wl,-z,now -g -O2 -fdebug-prefix-map=/<<PKGBUILDDIR>>=. -fstack-protector-strong -Wformat -Werror=format-security -Wdate-time -D_FORTIFY_SOURCE=2 build/temp.linux-amd64-3.8/healpy/src/_sphtools.o -Lbuild/temp.linux-amd64-3.8 -lcfitsio -lpthread -lsharp -lm -lhealpix_cxx -lcfitsio -lsharp -lhealpix_cxx -o /<<PKGBUILDDIR>>/.pybuild/cpython3_3.8_healpy/build/healpy/_sphtools.cpython-38-x86_64-linux-gnu.so -fopenmp
building 'healpy._pixelfunc' extension
x86_64-linux-gnu-gcc -pthread -Wno-unused-result -Wsign-compare -DNDEBUG -g -fwrapv -O2 -Wall -g -fstack-protector-strong -Wformat -Werror=format-security -g -fwrapv -O2 -g -O2 -fdebug-prefix-map=/<<PKGBUILDDIR>>=. -fstack-protector-strong -Wformat -Werror=format-security -Wdate-time -D_FORTIFY_SOURCE=2 -fPIC -I/usr/include/healpix_cxx -I/usr/include/python3.8 -I/usr/lib/python3/dist-packages/numpy/core/include -c healpy/src/_pixelfunc.cpp -o build/temp.linux-amd64-3.8/healpy/src/_pixelfunc.o -std=c++11 -fopenmp
In file included from healpy/src/_pixelfunc.cpp:612:
In file included from /usr/include/python3.8/numpy/arrayobject.h:4:
In file included from /usr/include/python3.8/numpy/ndarrayobject.h:12:
In file included from /usr/include/python3.8/numpy/ndarraytypes.h:1830:
/usr/include/python3.8/numpy/npy_1_7_deprecated_api.h:17:2: warning: "Using deprecated NumPy API, disable it with "          "#define NPY_NO_DEPRECATED_API NPY_1_7_API_VERSION" [-W#warnings]
#warning "Using deprecated NumPy API, disable it with " \
 ^
1 warning generated.
x86_64-linux-gnu-g++ -pthread -shared -Wl,-O1 -Wl,-Bsymbolic-functions -Wl,-z,relro -g -fwrapv -O2 -Wl,-z,relro -Wl,-z,now -g -O2 -fdebug-prefix-map=/<<PKGBUILDDIR>>=. -fstack-protector-strong -Wformat -Werror=format-security -Wdate-time -D_FORTIFY_SOURCE=2 build/temp.linux-amd64-3.8/healpy/src/_pixelfunc.o -Lbuild/temp.linux-amd64-3.8 -lcfitsio -lpthread -lsharp -lm -lhealpix_cxx -lcfitsio -lsharp -lhealpix_cxx -o /<<PKGBUILDDIR>>/.pybuild/cpython3_3.8_healpy/build/healpy/_pixelfunc.cpython-38-x86_64-linux-gnu.so -fopenmp
building 'healpy._masktools' extension
x86_64-linux-gnu-gcc -pthread -Wno-unused-result -Wsign-compare -DNDEBUG -g -fwrapv -O2 -Wall -g -fstack-protector-strong -Wformat -Werror=format-security -g -fwrapv -O2 -g -O2 -fdebug-prefix-map=/<<PKGBUILDDIR>>=. -fstack-protector-strong -Wformat -Werror=format-security -Wdate-time -D_FORTIFY_SOURCE=2 -fPIC -I/usr/include/healpix_cxx -I/usr/include/python3.8 -I/usr/lib/python3/dist-packages/numpy/core/include -c healpy/src/_masktools.cpp -o build/temp.linux-amd64-3.8/healpy/src/_masktools.o -std=c++11 -fopenmp
In file included from healpy/src/_masktools.cpp:607:
In file included from /usr/include/python3.8/numpy/arrayobject.h:4:
In file included from /usr/include/python3.8/numpy/ndarrayobject.h:12:
In file included from /usr/include/python3.8/numpy/ndarraytypes.h:1830:
/usr/include/python3.8/numpy/npy_1_7_deprecated_api.h:17:2: warning: "Using deprecated NumPy API, disable it with "          "#define NPY_NO_DEPRECATED_API NPY_1_7_API_VERSION" [-W#warnings]
#warning "Using deprecated NumPy API, disable it with " \
 ^
1 warning generated.
x86_64-linux-gnu-g++ -pthread -shared -Wl,-O1 -Wl,-Bsymbolic-functions -Wl,-z,relro -g -fwrapv -O2 -Wl,-z,relro -Wl,-z,now -g -O2 -fdebug-prefix-map=/<<PKGBUILDDIR>>=. -fstack-protector-strong -Wformat -Werror=format-security -Wdate-time -D_FORTIFY_SOURCE=2 build/temp.linux-amd64-3.8/healpy/src/_masktools.o -Lbuild/temp.linux-amd64-3.8 -lcfitsio -lpthread -lsharp -lm -lhealpix_cxx -lcfitsio -lsharp -lhealpix_cxx -o /<<PKGBUILDDIR>>/.pybuild/cpython3_3.8_healpy/build/healpy/_masktools.cpython-38-x86_64-linux-gnu.so -fopenmp
running build_scripts
creating build/scripts-3.8
copying bin/healpy_get_wmap_maps.sh -> build/scripts-3.8
changing mode of build/scripts-3.8/healpy_get_wmap_maps.sh from 644 to 755
/usr/lib/python3/dist-packages/Cython/Compiler/Main.py:369: FutureWarning: Cython directive 'language_level' not set, using 2 for now (Py2). This will change in a later release! File: /<<PKGBUILDDIR>>/healpy/src/_query_disc.pyx
  tree = Parsing.p_module(s, pxd, full_module_name)
warning: healpy/src/_common.pxd:129:45: Buffer unpacking not optimized away.
warning: healpy/src/_common.pxd:129:45: Buffer unpacking not optimized away.
warning: healpy/src/_common.pxd:140:47: Buffer unpacking not optimized away.
warning: healpy/src/_common.pxd:140:47: Buffer unpacking not optimized away.
/usr/lib/python3/dist-packages/Cython/Compiler/Main.py:369: FutureWarning: Cython directive 'language_level' not set, using 2 for now (Py2). This will change in a later release! File: /<<PKGBUILDDIR>>/healpy/src/_sphtools.pyx
  tree = Parsing.p_module(s, pxd, full_module_name)
warning: healpy/src/_common.pxd:129:45: Buffer unpacking not optimized away.
warning: healpy/src/_common.pxd:129:45: Buffer unpacking not optimized away.
warning: healpy/src/_common.pxd:140:47: Buffer unpacking not optimized away.
warning: healpy/src/_common.pxd:140:47: Buffer unpacking not optimized away.
/usr/lib/python3/dist-packages/Cython/Compiler/Main.py:369: FutureWarning: Cython directive 'language_level' not set, using 2 for now (Py2). This will change in a later release! File: /<<PKGBUILDDIR>>/healpy/src/_pixelfunc.pyx
  tree = Parsing.p_module(s, pxd, full_module_name)
warning: healpy/src/_common.pxd:129:45: Buffer unpacking not optimized away.
warning: healpy/src/_common.pxd:129:45: Buffer unpacking not optimized away.
warning: healpy/src/_common.pxd:140:47: Buffer unpacking not optimized away.
warning: healpy/src/_common.pxd:140:47: Buffer unpacking not optimized away.
I: pybuild base:217: /usr/bin/python3 setup.py build 
running build
running build_py
creating /<<PKGBUILDDIR>>/.pybuild/cpython3_3.7_healpy/build/healpy
copying healpy/__init__.py -> /<<PKGBUILDDIR>>/.pybuild/cpython3_3.7_healpy/build/healpy
copying healpy/pixelfunc.py -> /<<PKGBUILDDIR>>/.pybuild/cpython3_3.7_healpy/build/healpy
copying healpy/sphtfunc.py -> /<<PKGBUILDDIR>>/.pybuild/cpython3_3.7_healpy/build/healpy
copying healpy/visufunc.py -> /<<PKGBUILDDIR>>/.pybuild/cpython3_3.7_healpy/build/healpy
copying healpy/fitsfunc.py -> /<<PKGBUILDDIR>>/.pybuild/cpython3_3.7_healpy/build/healpy
copying healpy/projector.py -> /<<PKGBUILDDIR>>/.pybuild/cpython3_3.7_healpy/build/healpy
copying healpy/rotator.py -> /<<PKGBUILDDIR>>/.pybuild/cpython3_3.7_healpy/build/healpy
copying healpy/projaxes.py -> /<<PKGBUILDDIR>>/.pybuild/cpython3_3.7_healpy/build/healpy
copying healpy/version.py -> /<<PKGBUILDDIR>>/.pybuild/cpython3_3.7_healpy/build/healpy
copying healpy/zoomtool.py -> /<<PKGBUILDDIR>>/.pybuild/cpython3_3.7_healpy/build/healpy
copying healpy/newvisufunc.py -> /<<PKGBUILDDIR>>/.pybuild/cpython3_3.7_healpy/build/healpy
copying healpy/cookbook.py -> /<<PKGBUILDDIR>>/.pybuild/cpython3_3.7_healpy/build/healpy
creating /<<PKGBUILDDIR>>/.pybuild/cpython3_3.7_healpy/build/healpy/test
copying healpy/test/test_query_disc.py -> /<<PKGBUILDDIR>>/.pybuild/cpython3_3.7_healpy/build/healpy/test
copying healpy/test/test_fitsfunc.py -> /<<PKGBUILDDIR>>/.pybuild/cpython3_3.7_healpy/build/healpy/test
copying healpy/test/test_visufunc.py -> /<<PKGBUILDDIR>>/.pybuild/cpython3_3.7_healpy/build/healpy/test
copying healpy/test/__init__.py -> /<<PKGBUILDDIR>>/.pybuild/cpython3_3.7_healpy/build/healpy/test
copying healpy/test/test_rotator.py -> /<<PKGBUILDDIR>>/.pybuild/cpython3_3.7_healpy/build/healpy/test
copying healpy/test/test_pixelfunc.py -> /<<PKGBUILDDIR>>/.pybuild/cpython3_3.7_healpy/build/healpy/test
copying healpy/test/test_sphtfunc.py -> /<<PKGBUILDDIR>>/.pybuild/cpython3_3.7_healpy/build/healpy/test
copying healpy/test/test_spinfunc.py -> /<<PKGBUILDDIR>>/.pybuild/cpython3_3.7_healpy/build/healpy/test
copying healpy/test/conftest.py -> /<<PKGBUILDDIR>>/.pybuild/cpython3_3.7_healpy/build/healpy/test
creating /<<PKGBUILDDIR>>/.pybuild/cpython3_3.7_healpy/build/healpy/data
copying healpy/data/weight_ring_n08192.fits -> /<<PKGBUILDDIR>>/.pybuild/cpython3_3.7_healpy/build/healpy/data
copying healpy/data/weight_ring_n00002.fits -> /<<PKGBUILDDIR>>/.pybuild/cpython3_3.7_healpy/build/healpy/data
copying healpy/data/pixel_window_n4096.fits -> /<<PKGBUILDDIR>>/.pybuild/cpython3_3.7_healpy/build/healpy/data
copying healpy/data/weight_ring_n00512.fits -> /<<PKGBUILDDIR>>/.pybuild/cpython3_3.7_healpy/build/healpy/data
copying healpy/data/pixel_window_n0004.fits -> /<<PKGBUILDDIR>>/.pybuild/cpython3_3.7_healpy/build/healpy/data
copying healpy/data/pixel_window_n0064.fits -> /<<PKGBUILDDIR>>/.pybuild/cpython3_3.7_healpy/build/healpy/data
copying healpy/data/weight_ring_n02048.fits -> /<<PKGBUILDDIR>>/.pybuild/cpython3_3.7_healpy/build/healpy/data
copying healpy/data/pixel_window_n0002.fits -> /<<PKGBUILDDIR>>/.pybuild/cpython3_3.7_healpy/build/healpy/data
copying healpy/data/pixel_window_n8192.fits -> /<<PKGBUILDDIR>>/.pybuild/cpython3_3.7_healpy/build/healpy/data
copying healpy/data/pixel_window_n0008.fits -> /<<PKGBUILDDIR>>/.pybuild/cpython3_3.7_healpy/build/healpy/data
copying healpy/data/weight_ring_n00032.fits -> /<<PKGBUILDDIR>>/.pybuild/cpython3_3.7_healpy/build/healpy/data
copying healpy/data/pixel_window_n0256.fits -> /<<PKGBUILDDIR>>/.pybuild/cpython3_3.7_healpy/build/healpy/data
copying healpy/data/weight_ring_n00128.fits -> /<<PKGBUILDDIR>>/.pybuild/cpython3_3.7_healpy/build/healpy/data
copying healpy/data/weight_ring_n00016.fits -> /<<PKGBUILDDIR>>/.pybuild/cpython3_3.7_healpy/build/healpy/data
copying healpy/data/weight_ring_n01024.fits -> /<<PKGBUILDDIR>>/.pybuild/cpython3_3.7_healpy/build/healpy/data
copying healpy/data/pixel_window_n1024.fits -> /<<PKGBUILDDIR>>/.pybuild/cpython3_3.7_healpy/build/healpy/data
copying healpy/data/weight_ring_n00004.fits -> /<<PKGBUILDDIR>>/.pybuild/cpython3_3.7_healpy/build/healpy/data
copying healpy/data/weight_ring_n00064.fits -> /<<PKGBUILDDIR>>/.pybuild/cpython3_3.7_healpy/build/healpy/data
copying healpy/data/pixel_window_n0128.fits -> /<<PKGBUILDDIR>>/.pybuild/cpython3_3.7_healpy/build/healpy/data
copying healpy/data/pixel_window_n0016.fits -> /<<PKGBUILDDIR>>/.pybuild/cpython3_3.7_healpy/build/healpy/data
copying healpy/data/pixel_window_n0512.fits -> /<<PKGBUILDDIR>>/.pybuild/cpython3_3.7_healpy/build/healpy/data
copying healpy/data/weight_ring_n00256.fits -> /<<PKGBUILDDIR>>/.pybuild/cpython3_3.7_healpy/build/healpy/data
copying healpy/data/pixel_window_n0032.fits -> /<<PKGBUILDDIR>>/.pybuild/cpython3_3.7_healpy/build/healpy/data
copying healpy/data/weight_ring_n04096.fits -> /<<PKGBUILDDIR>>/.pybuild/cpython3_3.7_healpy/build/healpy/data
copying healpy/data/weight_ring_n00008.fits -> /<<PKGBUILDDIR>>/.pybuild/cpython3_3.7_healpy/build/healpy/data
copying healpy/data/pixel_window_n2048.fits -> /<<PKGBUILDDIR>>/.pybuild/cpython3_3.7_healpy/build/healpy/data
copying healpy/data/totcls.dat -> /<<PKGBUILDDIR>>/.pybuild/cpython3_3.7_healpy/build/healpy/data
creating /<<PKGBUILDDIR>>/.pybuild/cpython3_3.7_healpy/build/healpy/test/data
copying healpy/test/data/cl_wmap_band_iqumap_r9_7yr_W_v4_udgraded32_II_lmax64_rmmono_3iter.fits -> /<<PKGBUILDDIR>>/.pybuild/cpython3_3.7_healpy/build/healpy/test/data
copying healpy/test/data/cl_wmap_band_iqumap_r9_7yr_W_v4_udgraded32_II_lmax64_rmmono_3iter_nomask.fits -> /<<PKGBUILDDIR>>/.pybuild/cpython3_3.7_healpy/build/healpy/test/data
copying healpy/test/data/wmap_band_iqumap_r9_7yr_W_v4_udgraded32_smoothed10deg_fortran.fits -> /<<PKGBUILDDIR>>/.pybuild/cpython3_3.7_healpy/build/healpy/test/data
copying healpy/test/data/wmap_temperature_analysis_mask_r9_7yr_v4_udgraded32.fits -> /<<PKGBUILDDIR>>/.pybuild/cpython3_3.7_healpy/build/healpy/test/data
copying healpy/test/data/map_synfast_seed12345.fits -> /<<PKGBUILDDIR>>/.pybuild/cpython3_3.7_healpy/build/healpy/test/data
copying healpy/test/data/cl_wmap_band_iqumap_r9_7yr_W_v4_udgraded32_IQU_lmax64_rmmono_3iter.fits -> /<<PKGBUILDDIR>>/.pybuild/cpython3_3.7_healpy/build/healpy/test/data
copying healpy/test/data/wmap_band_iqumap_r9_7yr_W_v4_udgraded32_masked.fits -> /<<PKGBUILDDIR>>/.pybuild/cpython3_3.7_healpy/build/healpy/test/data
copying healpy/test/data/wmap_band_iqumap_r9_7yr_V_v4_udgraded32.fits -> /<<PKGBUILDDIR>>/.pybuild/cpython3_3.7_healpy/build/healpy/test/data
copying healpy/test/data/gaussbeam_10arcmin_lmax512_pol.fits -> /<<PKGBUILDDIR>>/.pybuild/cpython3_3.7_healpy/build/healpy/test/data
copying healpy/test/data/wmap_band_iqumap_r9_7yr_W_v4_udgraded32.fits -> /<<PKGBUILDDIR>>/.pybuild/cpython3_3.7_healpy/build/healpy/test/data
copying healpy/test/data/wmap_band_iqumap_r9_7yr_W_v4_udgraded32_masked_smoothed10deg_fortran.fits -> /<<PKGBUILDDIR>>/.pybuild/cpython3_3.7_healpy/build/healpy/test/data
copying healpy/test/data/cl_wmap_band_iqumap_r9_7yr_WVxspec_v4_udgraded32_II_lmax64_rmmono_3iter.fits -> /<<PKGBUILDDIR>>/.pybuild/cpython3_3.7_healpy/build/healpy/test/data
copying healpy/test/data/wmap_band_iqumap_r9_7yr_V_v4_udgraded32_masked.fits -> /<<PKGBUILDDIR>>/.pybuild/cpython3_3.7_healpy/build/healpy/test/data
copying healpy/test/data/justq_gal2ecl.fits.gz -> /<<PKGBUILDDIR>>/.pybuild/cpython3_3.7_healpy/build/healpy/test/data
running build_clib
checking if configure script for library 'cfitsio' exists
checking if configure script for library 'sharp' exists
checking if configure script for library 'healpix_cxx' exists
checking if library 'cfitsio' is installed
found 'cfitsio' installed, using it
checking if library 'sharp' is installed
found 'sharp' installed, using it
checking if library 'healpix_cxx' is installed
found 'healpix_cxx' installed, using it
running build_ext
skipping 'healpy/src/_query_disc.cpp' Cython extension (up-to-date)
skipping 'healpy/src/_sphtools.cpp' Cython extension (up-to-date)
skipping 'healpy/src/_pixelfunc.cpp' Cython extension (up-to-date)
skipping 'healpy/src/_masktools.cpp' Cython extension (up-to-date)
building 'healpy._healpy_pixel_lib' extension
creating build/temp.linux-amd64-3.7
creating build/temp.linux-amd64-3.7/healpy
creating build/temp.linux-amd64-3.7/healpy/src
x86_64-linux-gnu-gcc -pthread -Wno-unused-result -Wsign-compare -DNDEBUG -g -fwrapv -O2 -Wall -g -fstack-protector-strong -Wformat -Werror=format-security -g -fwrapv -O2 -g -O2 -fdebug-prefix-map=/<<PKGBUILDDIR>>=. -fstack-protector-strong -Wformat -Werror=format-security -Wdate-time -D_FORTIFY_SOURCE=2 -fPIC -I/usr/include/healpix_cxx -I/usr/include/python3.7m -I/usr/lib/python3/dist-packages/numpy/core/include -c healpy/src/_healpy_pixel_lib.cc -o build/temp.linux-amd64-3.7/healpy/src/_healpy_pixel_lib.o -std=c++11 -fopenmp
In file included from healpy/src/_healpy_pixel_lib.cc:34:
In file included from /usr/include/python3.7m/numpy/arrayobject.h:4:
In file included from /usr/include/python3.7m/numpy/ndarrayobject.h:12:
In file included from /usr/include/python3.7m/numpy/ndarraytypes.h:1830:
/usr/include/python3.7m/numpy/npy_1_7_deprecated_api.h:17:2: warning: "Using deprecated NumPy API, disable it with "          "#define NPY_NO_DEPRECATED_API NPY_1_7_API_VERSION" [-W#warnings]
#warning "Using deprecated NumPy API, disable it with " \
 ^
healpy/src/_healpy_pixel_lib.cc:73:3: warning: 'register' storage class specifier is deprecated and incompatible with C++17 [-Wdeprecated-register]
  register npy_intp i, n=dimensions[0];
  ^~~~~~~~~
healpy/src/_healpy_pixel_lib.cc:73:3: warning: 'register' storage class specifier is deprecated and incompatible with C++17 [-Wdeprecated-register]
  register npy_intp i, n=dimensions[0];
  ^~~~~~~~~
healpy/src/_healpy_pixel_lib.cc:74:3: warning: 'register' storage class specifier is deprecated and incompatible with C++17 [-Wdeprecated-register]
  register npy_intp is1=steps[0],is2=steps[1],os1=steps[2],os2=steps[3];
  ^~~~~~~~~
healpy/src/_healpy_pixel_lib.cc:74:3: warning: 'register' storage class specifier is deprecated and incompatible with C++17 [-Wdeprecated-register]
  register npy_intp is1=steps[0],is2=steps[1],os1=steps[2],os2=steps[3];
  ^~~~~~~~~
healpy/src/_healpy_pixel_lib.cc:74:3: warning: 'register' storage class specifier is deprecated and incompatible with C++17 [-Wdeprecated-register]
  register npy_intp is1=steps[0],is2=steps[1],os1=steps[2],os2=steps[3];
  ^~~~~~~~~
healpy/src/_healpy_pixel_lib.cc:74:3: warning: 'register' storage class specifier is deprecated and incompatible with C++17 [-Wdeprecated-register]
  register npy_intp is1=steps[0],is2=steps[1],os1=steps[2],os2=steps[3];
  ^~~~~~~~~
healpy/src/_healpy_pixel_lib.cc:129:3: warning: 'register' storage class specifier is deprecated and incompatible with C++17 [-Wdeprecated-register]
  register npy_intp i, n=dimensions[0];
  ^~~~~~~~~
healpy/src/_healpy_pixel_lib.cc:129:3: warning: 'register' storage class specifier is deprecated and incompatible with C++17 [-Wdeprecated-register]
  register npy_intp i, n=dimensions[0];
  ^~~~~~~~~
healpy/src/_healpy_pixel_lib.cc:130:3: warning: 'register' storage class specifier is deprecated and incompatible with C++17 [-Wdeprecated-register]
  register npy_intp is1=steps[0],is2=steps[1],os1=steps[2],os2=steps[3],os3=steps[4];
  ^~~~~~~~~
healpy/src/_healpy_pixel_lib.cc:130:3: warning: 'register' storage class specifier is deprecated and incompatible with C++17 [-Wdeprecated-register]
  register npy_intp is1=steps[0],is2=steps[1],os1=steps[2],os2=steps[3],os3=steps[4];
  ^~~~~~~~~
healpy/src/_healpy_pixel_lib.cc:130:3: warning: 'register' storage class specifier is deprecated and incompatible with C++17 [-Wdeprecated-register]
  register npy_intp is1=steps[0],is2=steps[1],os1=steps[2],os2=steps[3],os3=steps[4];
  ^~~~~~~~~
healpy/src/_healpy_pixel_lib.cc:130:3: warning: 'register' storage class specifier is deprecated and incompatible with C++17 [-Wdeprecated-register]
  register npy_intp is1=steps[0],is2=steps[1],os1=steps[2],os2=steps[3],os3=steps[4];
  ^~~~~~~~~
healpy/src/_healpy_pixel_lib.cc:130:3: warning: 'register' storage class specifier is deprecated and incompatible with C++17 [-Wdeprecated-register]
  register npy_intp is1=steps[0],is2=steps[1],os1=steps[2],os2=steps[3],os3=steps[4];
  ^~~~~~~~~
healpy/src/_healpy_pixel_lib.cc:161:3: warning: 'register' storage class specifier is deprecated and incompatible with C++17 [-Wdeprecated-register]
  register npy_intp i, n=dimensions[0];
  ^~~~~~~~~
healpy/src/_healpy_pixel_lib.cc:161:3: warning: 'register' storage class specifier is deprecated and incompatible with C++17 [-Wdeprecated-register]
  register npy_intp i, n=dimensions[0];
  ^~~~~~~~~
healpy/src/_healpy_pixel_lib.cc:162:3: warning: 'register' storage class specifier is deprecated and incompatible with C++17 [-Wdeprecated-register]
  register npy_intp is1=steps[0],is2=steps[1],os=steps[2];
  ^~~~~~~~~
healpy/src/_healpy_pixel_lib.cc:162:3: warning: 'register' storage class specifier is deprecated and incompatible with C++17 [-Wdeprecated-register]
  register npy_intp is1=steps[0],is2=steps[1],os=steps[2];
  ^~~~~~~~~
healpy/src/_healpy_pixel_lib.cc:162:3: warning: 'register' storage class specifier is deprecated and incompatible with C++17 [-Wdeprecated-register]
  register npy_intp is1=steps[0],is2=steps[1],os=steps[2];
  ^~~~~~~~~
healpy/src/_healpy_pixel_lib.cc:187:3: warning: 'register' storage class specifier is deprecated and incompatible with C++17 [-Wdeprecated-register]
  register npy_intp i, n=dimensions[0];
  ^~~~~~~~~
healpy/src/_healpy_pixel_lib.cc:187:3: warning: 'register' storage class specifier is deprecated and incompatible with C++17 [-Wdeprecated-register]
  register npy_intp i, n=dimensions[0];
  ^~~~~~~~~
healpy/src/_healpy_pixel_lib.cc:188:3: warning: 'register' storage class specifier is deprecated and incompatible with C++17 [-Wdeprecated-register]
  register npy_intp is1=steps[0],is2=steps[1],os=steps[2];
  ^~~~~~~~~
healpy/src/_healpy_pixel_lib.cc:188:3: warning: 'register' storage class specifier is deprecated and incompatible with C++17 [-Wdeprecated-register]
  register npy_intp is1=steps[0],is2=steps[1],os=steps[2];
  ^~~~~~~~~
healpy/src/_healpy_pixel_lib.cc:188:3: warning: 'register' storage class specifier is deprecated and incompatible with C++17 [-Wdeprecated-register]
  register npy_intp is1=steps[0],is2=steps[1],os=steps[2];
  ^~~~~~~~~
healpy/src/_healpy_pixel_lib.cc:214:3: warning: 'register' storage class specifier is deprecated and incompatible with C++17 [-Wdeprecated-register]
  register npy_intp i, n=dimensions[0];
  ^~~~~~~~~
healpy/src/_healpy_pixel_lib.cc:214:3: warning: 'register' storage class specifier is deprecated and incompatible with C++17 [-Wdeprecated-register]
  register npy_intp i, n=dimensions[0];
  ^~~~~~~~~
healpy/src/_healpy_pixel_lib.cc:215:3: warning: 'register' storage class specifier is deprecated and incompatible with C++17 [-Wdeprecated-register]
  register npy_intp is1=steps[0],is2=steps[1],os1=steps[2],os2=steps[3],os3=steps[4];
  ^~~~~~~~~
healpy/src/_healpy_pixel_lib.cc:215:3: warning: 'register' storage class specifier is deprecated and incompatible with C++17 [-Wdeprecated-register]
  register npy_intp is1=steps[0],is2=steps[1],os1=steps[2],os2=steps[3],os3=steps[4];
  ^~~~~~~~~
healpy/src/_healpy_pixel_lib.cc:215:3: warning: 'register' storage class specifier is deprecated and incompatible with C++17 [-Wdeprecated-register]
  register npy_intp is1=steps[0],is2=steps[1],os1=steps[2],os2=steps[3],os3=steps[4];
  ^~~~~~~~~
healpy/src/_healpy_pixel_lib.cc:215:3: warning: 'register' storage class specifier is deprecated and incompatible with C++17 [-Wdeprecated-register]
  register npy_intp is1=steps[0],is2=steps[1],os1=steps[2],os2=steps[3],os3=steps[4];
  ^~~~~~~~~
healpy/src/_healpy_pixel_lib.cc:215:3: warning: 'register' storage class specifier is deprecated and incompatible with C++17 [-Wdeprecated-register]
  register npy_intp is1=steps[0],is2=steps[1],os1=steps[2],os2=steps[3],os3=steps[4];
  ^~~~~~~~~
healpy/src/_healpy_pixel_lib.cc:245:3: warning: 'register' storage class specifier is deprecated and incompatible with C++17 [-Wdeprecated-register]
  register npy_intp i, n=dimensions[0];
  ^~~~~~~~~
healpy/src/_healpy_pixel_lib.cc:245:3: warning: 'register' storage class specifier is deprecated and incompatible with C++17 [-Wdeprecated-register]
  register npy_intp i, n=dimensions[0];
  ^~~~~~~~~
healpy/src/_healpy_pixel_lib.cc:246:3: warning: 'register' storage class specifier is deprecated and incompatible with C++17 [-Wdeprecated-register]
  register npy_intp is1=steps[0],is2=steps[1],is3=steps[2],is4=steps[3],os1=steps[4];
  ^~~~~~~~~
healpy/src/_healpy_pixel_lib.cc:246:3: warning: 'register' storage class specifier is deprecated and incompatible with C++17 [-Wdeprecated-register]
  register npy_intp is1=steps[0],is2=steps[1],is3=steps[2],is4=steps[3],os1=steps[4];
  ^~~~~~~~~
healpy/src/_healpy_pixel_lib.cc:246:3: warning: 'register' storage class specifier is deprecated and incompatible with C++17 [-Wdeprecated-register]
  register npy_intp is1=steps[0],is2=steps[1],is3=steps[2],is4=steps[3],os1=steps[4];
  ^~~~~~~~~
healpy/src/_healpy_pixel_lib.cc:246:3: warning: 'register' storage class specifier is deprecated and incompatible with C++17 [-Wdeprecated-register]
  register npy_intp is1=steps[0],is2=steps[1],is3=steps[2],is4=steps[3],os1=steps[4];
  ^~~~~~~~~
healpy/src/_healpy_pixel_lib.cc:246:3: warning: 'register' storage class specifier is deprecated and incompatible with C++17 [-Wdeprecated-register]
  register npy_intp is1=steps[0],is2=steps[1],is3=steps[2],is4=steps[3],os1=steps[4];
  ^~~~~~~~~
healpy/src/_healpy_pixel_lib.cc:274:3: warning: 'register' storage class specifier is deprecated and incompatible with C++17 [-Wdeprecated-register]
  register npy_intp i, n=dimensions[0];
  ^~~~~~~~~
healpy/src/_healpy_pixel_lib.cc:274:3: warning: 'register' storage class specifier is deprecated and incompatible with C++17 [-Wdeprecated-register]
  register npy_intp i, n=dimensions[0];
  ^~~~~~~~~
healpy/src/_healpy_pixel_lib.cc:275:3: warning: 'register' storage class specifier is deprecated and incompatible with C++17 [-Wdeprecated-register]
  register npy_intp is1=steps[0],is2=steps[1],is3=steps[2],
  ^~~~~~~~~
healpy/src/_healpy_pixel_lib.cc:275:3: warning: 'register' storage class specifier is deprecated and incompatible with C++17 [-Wdeprecated-register]
  register npy_intp is1=steps[0],is2=steps[1],is3=steps[2],
  ^~~~~~~~~
healpy/src/_healpy_pixel_lib.cc:275:3: warning: 'register' storage class specifier is deprecated and incompatible with C++17 [-Wdeprecated-register]
  register npy_intp is1=steps[0],is2=steps[1],is3=steps[2],
  ^~~~~~~~~
healpy/src/_healpy_pixel_lib.cc:275:3: warning: 'register' storage class specifier is deprecated and incompatible with C++17 [-Wdeprecated-register]
  register npy_intp is1=steps[0],is2=steps[1],is3=steps[2],
  ^~~~~~~~~
healpy/src/_healpy_pixel_lib.cc:275:3: warning: 'register' storage class specifier is deprecated and incompatible with C++17 [-Wdeprecated-register]
  register npy_intp is1=steps[0],is2=steps[1],is3=steps[2],
  ^~~~~~~~~
healpy/src/_healpy_pixel_lib.cc:275:3: warning: 'register' storage class specifier is deprecated and incompatible with C++17 [-Wdeprecated-register]
  register npy_intp is1=steps[0],is2=steps[1],is3=steps[2],
  ^~~~~~~~~
healpy/src/_healpy_pixel_lib.cc:275:3: warning: 'register' storage class specifier is deprecated and incompatible with C++17 [-Wdeprecated-register]
  register npy_intp is1=steps[0],is2=steps[1],is3=steps[2],
  ^~~~~~~~~
healpy/src/_healpy_pixel_lib.cc:275:3: warning: 'register' storage class specifier is deprecated and incompatible with C++17 [-Wdeprecated-register]
  register npy_intp is1=steps[0],is2=steps[1],is3=steps[2],
  ^~~~~~~~~
healpy/src/_healpy_pixel_lib.cc:275:3: warning: 'register' storage class specifier is deprecated and incompatible with C++17 [-Wdeprecated-register]
  register npy_intp is1=steps[0],is2=steps[1],is3=steps[2],
  ^~~~~~~~~
healpy/src/_healpy_pixel_lib.cc:275:3: warning: 'register' storage class specifier is deprecated and incompatible with C++17 [-Wdeprecated-register]
  register npy_intp is1=steps[0],is2=steps[1],is3=steps[2],
  ^~~~~~~~~
healpy/src/_healpy_pixel_lib.cc:275:3: warning: 'register' storage class specifier is deprecated and incompatible with C++17 [-Wdeprecated-register]
  register npy_intp is1=steps[0],is2=steps[1],is3=steps[2],
  ^~~~~~~~~
healpy/src/_healpy_pixel_lib.cc:326:3: warning: 'register' storage class specifier is deprecated and incompatible with C++17 [-Wdeprecated-register]
  register npy_intp i, n=dimensions[0];
  ^~~~~~~~~
healpy/src/_healpy_pixel_lib.cc:326:3: warning: 'register' storage class specifier is deprecated and incompatible with C++17 [-Wdeprecated-register]
  register npy_intp i, n=dimensions[0];
  ^~~~~~~~~
healpy/src/_healpy_pixel_lib.cc:327:3: warning: 'register' storage class specifier is deprecated and incompatible with C++17 [-Wdeprecated-register]
  register npy_intp is1=steps[0],is2=steps[1],
  ^~~~~~~~~
healpy/src/_healpy_pixel_lib.cc:327:3: warning: 'register' storage class specifier is deprecated and incompatible with C++17 [-Wdeprecated-register]
  register npy_intp is1=steps[0],is2=steps[1],
  ^~~~~~~~~
healpy/src/_healpy_pixel_lib.cc:327:3: warning: 'register' storage class specifier is deprecated and incompatible with C++17 [-Wdeprecated-register]
  register npy_intp is1=steps[0],is2=steps[1],
  ^~~~~~~~~
healpy/src/_healpy_pixel_lib.cc:327:3: warning: 'register' storage class specifier is deprecated and incompatible with C++17 [-Wdeprecated-register]
  register npy_intp is1=steps[0],is2=steps[1],
  ^~~~~~~~~
healpy/src/_healpy_pixel_lib.cc:327:3: warning: 'register' storage class specifier is deprecated and incompatible with C++17 [-Wdeprecated-register]
  register npy_intp is1=steps[0],is2=steps[1],
  ^~~~~~~~~
healpy/src/_healpy_pixel_lib.cc:327:3: warning: 'register' storage class specifier is deprecated and incompatible with C++17 [-Wdeprecated-register]
  register npy_intp is1=steps[0],is2=steps[1],
  ^~~~~~~~~
healpy/src/_healpy_pixel_lib.cc:327:3: warning: 'register' storage class specifier is deprecated and incompatible with C++17 [-Wdeprecated-register]
  register npy_intp is1=steps[0],is2=steps[1],
  ^~~~~~~~~
healpy/src/_healpy_pixel_lib.cc:327:3: warning: 'register' storage class specifier is deprecated and incompatible with C++17 [-Wdeprecated-register]
  register npy_intp is1=steps[0],is2=steps[1],
  ^~~~~~~~~
healpy/src/_healpy_pixel_lib.cc:327:3: warning: 'register' storage class specifier is deprecated and incompatible with C++17 [-Wdeprecated-register]
  register npy_intp is1=steps[0],is2=steps[1],
  ^~~~~~~~~
healpy/src/_healpy_pixel_lib.cc:327:3: warning: 'register' storage class specifier is deprecated and incompatible with C++17 [-Wdeprecated-register]
  register npy_intp is1=steps[0],is2=steps[1],
  ^~~~~~~~~
healpy/src/_healpy_pixel_lib.cc:370:3: warning: 'register' storage class specifier is deprecated and incompatible with C++17 [-Wdeprecated-register]
  register npy_intp i, n=dimensions[0];
  ^~~~~~~~~
healpy/src/_healpy_pixel_lib.cc:370:3: warning: 'register' storage class specifier is deprecated and incompatible with C++17 [-Wdeprecated-register]
  register npy_intp i, n=dimensions[0];
  ^~~~~~~~~
healpy/src/_healpy_pixel_lib.cc:371:3: warning: 'register' storage class specifier is deprecated and incompatible with C++17 [-Wdeprecated-register]
  register npy_intp is1=steps[0],os1=steps[1];
  ^~~~~~~~~
healpy/src/_healpy_pixel_lib.cc:371:3: warning: 'register' storage class specifier is deprecated and incompatible with C++17 [-Wdeprecated-register]
  register npy_intp is1=steps[0],os1=steps[1];
  ^~~~~~~~~
healpy/src/_healpy_pixel_lib.cc:390:14: warning: unused variable 'docstring' [-Wunused-variable]
static char *docstring = CP_(
             ^
68 warnings generated.
x86_64-linux-gnu-g++ -pthread -shared -Wl,-O1 -Wl,-Bsymbolic-functions -Wl,-z,relro -Wl,-z,relro -Wl,-z,now -g -O2 -fdebug-prefix-map=/<<PKGBUILDDIR>>=. -fstack-protector-strong -Wformat -Werror=format-security -Wdate-time -D_FORTIFY_SOURCE=2 build/temp.linux-amd64-3.7/healpy/src/_healpy_pixel_lib.o -Lbuild/temp.linux-amd64-3.7 -lcfitsio -lpthread -lsharp -lm -lhealpix_cxx -lcfitsio -lsharp -lhealpix_cxx -o /<<PKGBUILDDIR>>/.pybuild/cpython3_3.7_healpy/build/healpy/_healpy_pixel_lib.cpython-37m-x86_64-linux-gnu.so -fopenmp
building 'healpy._healpy_sph_transform_lib' extension
x86_64-linux-gnu-gcc -pthread -Wno-unused-result -Wsign-compare -DNDEBUG -g -fwrapv -O2 -Wall -g -fstack-protector-strong -Wformat -Werror=format-security -g -fwrapv -O2 -g -O2 -fdebug-prefix-map=/<<PKGBUILDDIR>>=. -fstack-protector-strong -Wformat -Werror=format-security -Wdate-time -D_FORTIFY_SOURCE=2 -fPIC -I/usr/include/healpix_cxx -I/usr/include/python3.7m -I/usr/lib/python3/dist-packages/numpy/core/include -c healpy/src/_healpy_sph_transform_lib.cc -o build/temp.linux-amd64-3.7/healpy/src/_healpy_sph_transform_lib.o -std=c++11 -fopenmp
In file included from healpy/src/_healpy_sph_transform_lib.cc:29:
In file included from /usr/include/python3.7m/numpy/arrayobject.h:4:
In file included from /usr/include/python3.7m/numpy/ndarrayobject.h:12:
In file included from /usr/include/python3.7m/numpy/ndarraytypes.h:1830:
/usr/include/python3.7m/numpy/npy_1_7_deprecated_api.h:17:2: warning: "Using deprecated NumPy API, disable it with "          "#define NPY_NO_DEPRECATED_API NPY_1_7_API_VERSION" [-W#warnings]
#warning "Using deprecated NumPy API, disable it with " \
 ^
1 warning generated.
x86_64-linux-gnu-g++ -pthread -shared -Wl,-O1 -Wl,-Bsymbolic-functions -Wl,-z,relro -Wl,-z,relro -Wl,-z,now -g -O2 -fdebug-prefix-map=/<<PKGBUILDDIR>>=. -fstack-protector-strong -Wformat -Werror=format-security -Wdate-time -D_FORTIFY_SOURCE=2 build/temp.linux-amd64-3.7/healpy/src/_healpy_sph_transform_lib.o -Lbuild/temp.linux-amd64-3.7 -lcfitsio -lpthread -lsharp -lm -lhealpix_cxx -lcfitsio -lsharp -lhealpix_cxx -o /<<PKGBUILDDIR>>/.pybuild/cpython3_3.7_healpy/build/healpy/_healpy_sph_transform_lib.cpython-37m-x86_64-linux-gnu.so -fopenmp
building 'healpy._query_disc' extension
x86_64-linux-gnu-gcc -pthread -Wno-unused-result -Wsign-compare -DNDEBUG -g -fwrapv -O2 -Wall -g -fstack-protector-strong -Wformat -Werror=format-security -g -fwrapv -O2 -g -O2 -fdebug-prefix-map=/<<PKGBUILDDIR>>=. -fstack-protector-strong -Wformat -Werror=format-security -Wdate-time -D_FORTIFY_SOURCE=2 -fPIC -I/usr/include/healpix_cxx -I/usr/include/python3.7m -I/usr/lib/python3/dist-packages/numpy/core/include -c healpy/src/_query_disc.cpp -o build/temp.linux-amd64-3.7/healpy/src/_query_disc.o -std=c++11 -fopenmp
In file included from healpy/src/_query_disc.cpp:612:
In file included from /usr/include/python3.7m/numpy/arrayobject.h:4:
In file included from /usr/include/python3.7m/numpy/ndarrayobject.h:12:
In file included from /usr/include/python3.7m/numpy/ndarraytypes.h:1830:
/usr/include/python3.7m/numpy/npy_1_7_deprecated_api.h:17:2: warning: "Using deprecated NumPy API, disable it with "          "#define NPY_NO_DEPRECATED_API NPY_1_7_API_VERSION" [-W#warnings]
#warning "Using deprecated NumPy API, disable it with " \
 ^
1 warning generated.
x86_64-linux-gnu-g++ -pthread -shared -Wl,-O1 -Wl,-Bsymbolic-functions -Wl,-z,relro -Wl,-z,relro -Wl,-z,now -g -O2 -fdebug-prefix-map=/<<PKGBUILDDIR>>=. -fstack-protector-strong -Wformat -Werror=format-security -Wdate-time -D_FORTIFY_SOURCE=2 build/temp.linux-amd64-3.7/healpy/src/_query_disc.o -Lbuild/temp.linux-amd64-3.7 -lcfitsio -lpthread -lsharp -lm -lhealpix_cxx -lcfitsio -lsharp -lhealpix_cxx -o /<<PKGBUILDDIR>>/.pybuild/cpython3_3.7_healpy/build/healpy/_query_disc.cpython-37m-x86_64-linux-gnu.so -fopenmp
building 'healpy._sphtools' extension
x86_64-linux-gnu-gcc -pthread -Wno-unused-result -Wsign-compare -DNDEBUG -g -fwrapv -O2 -Wall -g -fstack-protector-strong -Wformat -Werror=format-security -g -fwrapv -O2 -g -O2 -fdebug-prefix-map=/<<PKGBUILDDIR>>=. -fstack-protector-strong -Wformat -Werror=format-security -Wdate-time -D_FORTIFY_SOURCE=2 -fPIC -I/usr/include/healpix_cxx -I/usr/include/python3.7m -I/usr/lib/python3/dist-packages/numpy/core/include -c healpy/src/_sphtools.cpp -o build/temp.linux-amd64-3.7/healpy/src/_sphtools.o -std=c++11 -fopenmp
In file included from healpy/src/_sphtools.cpp:612:
In file included from /usr/include/python3.7m/numpy/arrayobject.h:4:
In file included from /usr/include/python3.7m/numpy/ndarrayobject.h:12:
In file included from /usr/include/python3.7m/numpy/ndarraytypes.h:1830:
/usr/include/python3.7m/numpy/npy_1_7_deprecated_api.h:17:2: warning: "Using deprecated NumPy API, disable it with "          "#define NPY_NO_DEPRECATED_API NPY_1_7_API_VERSION" [-W#warnings]
#warning "Using deprecated NumPy API, disable it with " \
 ^
healpy/src/_sphtools.cpp:5605:35: warning: comparison of integers of different signs: 'int' and '__pyx_t_7_common_tsize' (aka 'unsigned long') [-Wsign-compare]
    for (__pyx_t_7 = 0; __pyx_t_7 < __pyx_t_16; __pyx_t_7+=1) {
                        ~~~~~~~~~ ^ ~~~~~~~~~~
2 warnings generated.
x86_64-linux-gnu-g++ -pthread -shared -Wl,-O1 -Wl,-Bsymbolic-functions -Wl,-z,relro -Wl,-z,relro -Wl,-z,now -g -O2 -fdebug-prefix-map=/<<PKGBUILDDIR>>=. -fstack-protector-strong -Wformat -Werror=format-security -Wdate-time -D_FORTIFY_SOURCE=2 build/temp.linux-amd64-3.7/healpy/src/_sphtools.o -Lbuild/temp.linux-amd64-3.7 -lcfitsio -lpthread -lsharp -lm -lhealpix_cxx -lcfitsio -lsharp -lhealpix_cxx -o /<<PKGBUILDDIR>>/.pybuild/cpython3_3.7_healpy/build/healpy/_sphtools.cpython-37m-x86_64-linux-gnu.so -fopenmp
building 'healpy._pixelfunc' extension
x86_64-linux-gnu-gcc -pthread -Wno-unused-result -Wsign-compare -DNDEBUG -g -fwrapv -O2 -Wall -g -fstack-protector-strong -Wformat -Werror=format-security -g -fwrapv -O2 -g -O2 -fdebug-prefix-map=/<<PKGBUILDDIR>>=. -fstack-protector-strong -Wformat -Werror=format-security -Wdate-time -D_FORTIFY_SOURCE=2 -fPIC -I/usr/include/healpix_cxx -I/usr/include/python3.7m -I/usr/lib/python3/dist-packages/numpy/core/include -c healpy/src/_pixelfunc.cpp -o build/temp.linux-amd64-3.7/healpy/src/_pixelfunc.o -std=c++11 -fopenmp
In file included from healpy/src/_pixelfunc.cpp:612:
In file included from /usr/include/python3.7m/numpy/arrayobject.h:4:
In file included from /usr/include/python3.7m/numpy/ndarrayobject.h:12:
In file included from /usr/include/python3.7m/numpy/ndarraytypes.h:1830:
/usr/include/python3.7m/numpy/npy_1_7_deprecated_api.h:17:2: warning: "Using deprecated NumPy API, disable it with "          "#define NPY_NO_DEPRECATED_API NPY_1_7_API_VERSION" [-W#warnings]
#warning "Using deprecated NumPy API, disable it with " \
 ^
1 warning generated.
x86_64-linux-gnu-g++ -pthread -shared -Wl,-O1 -Wl,-Bsymbolic-functions -Wl,-z,relro -Wl,-z,relro -Wl,-z,now -g -O2 -fdebug-prefix-map=/<<PKGBUILDDIR>>=. -fstack-protector-strong -Wformat -Werror=format-security -Wdate-time -D_FORTIFY_SOURCE=2 build/temp.linux-amd64-3.7/healpy/src/_pixelfunc.o -Lbuild/temp.linux-amd64-3.7 -lcfitsio -lpthread -lsharp -lm -lhealpix_cxx -lcfitsio -lsharp -lhealpix_cxx -o /<<PKGBUILDDIR>>/.pybuild/cpython3_3.7_healpy/build/healpy/_pixelfunc.cpython-37m-x86_64-linux-gnu.so -fopenmp
building 'healpy._masktools' extension
x86_64-linux-gnu-gcc -pthread -Wno-unused-result -Wsign-compare -DNDEBUG -g -fwrapv -O2 -Wall -g -fstack-protector-strong -Wformat -Werror=format-security -g -fwrapv -O2 -g -O2 -fdebug-prefix-map=/<<PKGBUILDDIR>>=. -fstack-protector-strong -Wformat -Werror=format-security -Wdate-time -D_FORTIFY_SOURCE=2 -fPIC -I/usr/include/healpix_cxx -I/usr/include/python3.7m -I/usr/lib/python3/dist-packages/numpy/core/include -c healpy/src/_masktools.cpp -o build/temp.linux-amd64-3.7/healpy/src/_masktools.o -std=c++11 -fopenmp
In file included from healpy/src/_masktools.cpp:607:
In file included from /usr/include/python3.7m/numpy/arrayobject.h:4:
In file included from /usr/include/python3.7m/numpy/ndarrayobject.h:12:
In file included from /usr/include/python3.7m/numpy/ndarraytypes.h:1830:
/usr/include/python3.7m/numpy/npy_1_7_deprecated_api.h:17:2: warning: "Using deprecated NumPy API, disable it with "          "#define NPY_NO_DEPRECATED_API NPY_1_7_API_VERSION" [-W#warnings]
#warning "Using deprecated NumPy API, disable it with " \
 ^
1 warning generated.
x86_64-linux-gnu-g++ -pthread -shared -Wl,-O1 -Wl,-Bsymbolic-functions -Wl,-z,relro -Wl,-z,relro -Wl,-z,now -g -O2 -fdebug-prefix-map=/<<PKGBUILDDIR>>=. -fstack-protector-strong -Wformat -Werror=format-security -Wdate-time -D_FORTIFY_SOURCE=2 build/temp.linux-amd64-3.7/healpy/src/_masktools.o -Lbuild/temp.linux-amd64-3.7 -lcfitsio -lpthread -lsharp -lm -lhealpix_cxx -lcfitsio -lsharp -lhealpix_cxx -o /<<PKGBUILDDIR>>/.pybuild/cpython3_3.7_healpy/build/healpy/_masktools.cpython-37m-x86_64-linux-gnu.so -fopenmp
running build_scripts
creating build/scripts-3.7
copying bin/healpy_get_wmap_maps.sh -> build/scripts-3.7
changing mode of build/scripts-3.7/healpy_get_wmap_maps.sh from 644 to 755
   debian/rules override_dh_auto_test
make[1]: Entering directory '/<<PKGBUILDDIR>>'
echo backend: agg > matplotlibrc
PYTHONDONTWRITEBYTECODE=yes dh_auto_test
I: pybuild base:217: cd /<<PKGBUILDDIR>>/.pybuild/cpython3_3.8_healpy/build; python3.8 -m pytest --doctest-modules
============================= test session starts ==============================
platform linux -- Python 3.8.2rc2, pytest-4.6.9, py-1.8.1, pluggy-0.13.0 -- /usr/bin/python3.8
cachedir: .pytest_cache
hypothesis profile 'default' -> database=DirectoryBasedExampleDatabase('/<<PKGBUILDDIR>>/.pybuild/cpython3_3.8_healpy/build/.hypothesis/examples')
rootdir: /<<PKGBUILDDIR>>, inifile: setup.cfg
plugins: doctestplus-0.5.0, astropy-header-0.1.2, hypothesis-4.36.2, cython-0.1.0, openfiles-0.4.0, arraydiff-0.3, remotedata-0.3.2
collecting ... collected 165 items

healpy/pixelfunc.py::healpy.pixelfunc.ang2pix PASSED                     [  0%]
healpy/pixelfunc.py::healpy.pixelfunc.get_all_neighbours PASSED          [  1%]
healpy/pixelfunc.py::healpy.pixelfunc.get_interp_val PASSED              [  1%]
healpy/pixelfunc.py::healpy.pixelfunc.get_interp_weights PASSED          [  2%]
healpy/pixelfunc.py::healpy.pixelfunc.get_map_size PASSED                [  3%]
healpy/pixelfunc.py::healpy.pixelfunc.get_min_valid_nside PASSED         [  3%]
healpy/pixelfunc.py::healpy.pixelfunc.isnpixok PASSED                    [  4%]
healpy/pixelfunc.py::healpy.pixelfunc.isnsideok PASSED                   [  4%]
healpy/pixelfunc.py::healpy.pixelfunc.ma PASSED                          [  5%]
healpy/pixelfunc.py::healpy.pixelfunc.ma_to_array PASSED                 [  6%]
healpy/pixelfunc.py::healpy.pixelfunc.maptype PASSED                     [  6%]
healpy/pixelfunc.py::healpy.pixelfunc.mask_bad PASSED                    [  7%]
healpy/pixelfunc.py::healpy.pixelfunc.mask_good PASSED                   [  7%]
healpy/pixelfunc.py::healpy.pixelfunc.max_pixrad PASSED                  [  8%]
healpy/pixelfunc.py::healpy.pixelfunc.nest2ring PASSED                   [  9%]
healpy/pixelfunc.py::healpy.pixelfunc.npix2nside PASSED                  [  9%]
healpy/pixelfunc.py::healpy.pixelfunc.nside2npix PASSED                  [ 10%]
healpy/pixelfunc.py::healpy.pixelfunc.nside2order PASSED                 [ 10%]
healpy/pixelfunc.py::healpy.pixelfunc.nside2pixarea PASSED               [ 11%]
healpy/pixelfunc.py::healpy.pixelfunc.nside2resol PASSED                 [ 12%]
healpy/pixelfunc.py::healpy.pixelfunc.order2nside PASSED                 [ 12%]
healpy/pixelfunc.py::healpy.pixelfunc.pix2ang PASSED                     [ 13%]
healpy/pixelfunc.py::healpy.pixelfunc.pix2vec PASSED                     [ 13%]
healpy/pixelfunc.py::healpy.pixelfunc.pix2xyf PASSED                     [ 14%]
healpy/pixelfunc.py::healpy.pixelfunc.reorder PASSED                     [ 15%]
healpy/pixelfunc.py::healpy.pixelfunc.ring2nest PASSED                   [ 15%]
healpy/pixelfunc.py::healpy.pixelfunc.ud_grade PASSED                    [ 16%]
healpy/pixelfunc.py::healpy.pixelfunc.vec2pix PASSED                     [ 16%]
healpy/pixelfunc.py::healpy.pixelfunc.xyf2pix PASSED                     [ 17%]
healpy/rotator.py::healpy.rotator.Rotator PASSED                         [ 18%]
healpy/rotator.py::healpy.rotator.angdist PASSED                         [ 18%]
healpy/rotator.py::healpy.rotator.coordsys2euler_zyz PASSED              [ 19%]
healpy/test/test_fitsfunc.py::TestFitsFunc::test_read_map_all PASSED     [ 20%]
healpy/test/test_fitsfunc.py::TestFitsFunc::test_read_map_all_with_header PASSED [ 20%]
healpy/test/test_fitsfunc.py::TestFitsFunc::test_read_map_filename PASSED [ 21%]
healpy/test/test_fitsfunc.py::TestFitsFunc::test_read_map_filename_pathlib PASSED [ 21%]
healpy/test/test_fitsfunc.py::TestFitsFunc::test_read_map_filename_with_header PASSED [ 22%]
healpy/test/test_fitsfunc.py::TestFitsFunc::test_read_map_hdu PASSED     [ 23%]
healpy/test/test_fitsfunc.py::TestFitsFunc::test_read_map_hdulist PASSED [ 23%]
healpy/test/test_fitsfunc.py::TestFitsFunc::test_read_map_multiple_dtype PASSED [ 24%]
healpy/test/test_fitsfunc.py::TestFitsFunc::test_read_map_single_dtype PASSED [ 24%]
healpy/test/test_fitsfunc.py::TestFitsFunc::test_read_write_dtype PASSED [ 25%]
healpy/test/test_fitsfunc.py::TestFitsFunc::test_read_write_dtype_multiarr PASSED [ 26%]
healpy/test/test_fitsfunc.py::TestFitsFunc::test_read_write_iterable_dtype PASSED [ 26%]
healpy/test/test_fitsfunc.py::TestFitsFunc::test_read_write_partial PASSED [ 27%]
healpy/test/test_fitsfunc.py::TestFitsFunc::test_read_write_partial_3comp PASSED [ 27%]
healpy/test/test_fitsfunc.py::TestFitsFunc::test_write_map_C PASSED      [ 28%]
healpy/test/test_fitsfunc.py::TestFitsFunc::test_write_map_C_3comp PASSED [ 29%]
healpy/test/test_fitsfunc.py::TestFitsFunc::test_write_map_IDL PASSED    [ 29%]
healpy/test/test_fitsfunc.py::TestFitsFunc::test_write_map_pathlib PASSED [ 30%]
healpy/test/test_fitsfunc.py::TestFitsFunc::test_write_map_units_list PASSED [ 30%]
healpy/test/test_fitsfunc.py::TestFitsFunc::test_write_map_units_string PASSED [ 31%]
healpy/test/test_fitsfunc.py::TestFitsFuncGzip::test_write_map PASSED    [ 32%]
healpy/test/test_fitsfunc.py::TestReadWriteAlm::test_read_alm_filename PASSED [ 32%]
healpy/test/test_fitsfunc.py::TestReadWriteAlm::test_read_alm_filename_array PASSED [ 33%]
healpy/test/test_fitsfunc.py::TestReadWriteAlm::test_read_alm_hdu PASSED [ 33%]
healpy/test/test_fitsfunc.py::TestReadWriteAlm::test_read_alm_hdulist PASSED [ 34%]
healpy/test/test_fitsfunc.py::TestReadWriteAlm::test_read_alm_pathlib PASSED [ 35%]
healpy/test/test_fitsfunc.py::TestReadWriteAlm::test_write_alm PASSED    [ 35%]
healpy/test/test_fitsfunc.py::TestReadWriteAlm::test_write_alm_256_128 PASSED [ 36%]
healpy/test/test_fitsfunc.py::TestReadWriteCl::test_read_cl_filename PASSED [ 36%]
healpy/test/test_fitsfunc.py::TestReadWriteCl::test_read_cl_hdu PASSED   [ 37%]
healpy/test/test_fitsfunc.py::TestReadWriteCl::test_read_cl_hdulist PASSED [ 38%]
healpy/test/test_fitsfunc.py::TestReadWriteCl::test_write_read_cl_4comp PASSED [ 38%]
healpy/test/test_fitsfunc.py::TestReadWriteCl::test_write_read_cl_6comp PASSED [ 39%]
healpy/test/test_fitsfunc.py::TestReadWriteCl::test_write_read_cl_II PASSED [ 40%]
healpy/test/test_fitsfunc.py::test_getformat PASSED                      [ 40%]
healpy/test/test_pixelfunc.py::TestPixelFunc::test_accept_ma_allows_only_keywords PASSED [ 41%]
healpy/test/test_pixelfunc.py::TestPixelFunc::test_ang2pix_lonlat PASSED [ 41%]
healpy/test/test_pixelfunc.py::TestPixelFunc::test_ang2pix_negative_theta PASSED [ 42%]
healpy/test/test_pixelfunc.py::TestPixelFunc::test_ang2pix_nest PASSED   [ 43%]
healpy/test/test_pixelfunc.py::TestPixelFunc::test_ang2pix_nest_outofrange_doesntcrash PASSED [ 43%]
healpy/test/test_pixelfunc.py::TestPixelFunc::test_ang2pix_ring PASSED   [ 44%]
healpy/test/test_pixelfunc.py::TestPixelFunc::test_ang2pix_ring_outofrange PASSED [ 44%]
healpy/test/test_pixelfunc.py::TestPixelFunc::test_boundaries PASSED     [ 45%]
healpy/test/test_pixelfunc.py::TestPixelFunc::test_fit_dipole PASSED     [ 46%]
healpy/test/test_pixelfunc.py::TestPixelFunc::test_get_all_neighbours PASSED [ 46%]
healpy/test/test_pixelfunc.py::TestPixelFunc::test_get_interp_val_lonlat PASSED [ 47%]
healpy/test/test_pixelfunc.py::TestPixelFunc::test_get_interp_weights PASSED [ 47%]
healpy/test/test_pixelfunc.py::TestPixelFunc::test_isnsideok PASSED      [ 48%]
healpy/test/test_pixelfunc.py::TestPixelFunc::test_max_pixrad PASSED     [ 49%]
healpy/test/test_pixelfunc.py::TestPixelFunc::test_nside2npix PASSED     [ 49%]
healpy/test/test_pixelfunc.py::TestPixelFunc::test_nside2pixarea PASSED  [ 50%]
healpy/test/test_pixelfunc.py::TestPixelFunc::test_nside2resol PASSED    [ 50%]
healpy/test/test_pixelfunc.py::TestPixelFunc::test_ring PASSED           [ 51%]
healpy/test/test_pixelfunc.py::TestPixelFunc::test_vec2pix_lonlat PASSED [ 52%]
healpy/test/test_query_disc.py::TestQueryDisc::test_boundaries PASSED    [ 52%]
healpy/test/test_query_disc.py::TestQueryDisc::test_boundaries_floatpix_array PASSED [ 53%]
healpy/test/test_query_disc.py::TestQueryDisc::test_boundaries_floatpix_scalar PASSED [ 53%]
healpy/test/test_query_disc.py::TestQueryDisc::test_boundaries_list PASSED [ 54%]
healpy/test/test_query_disc.py::TestQueryDisc::test_boundaries_phi_theta PASSED [ 55%]
healpy/test/test_query_disc.py::TestQueryDisc::test_buffer_mode PASSED   [ 55%]
healpy/test/test_query_disc.py::TestQueryDisc::test_inclusive PASSED     [ 56%]
healpy/test/test_query_disc.py::TestQueryDisc::test_not_inclusive PASSED [ 56%]
healpy/test/test_query_disc.py::TestQueryDisc::test_nside_non_power_of_two PASSED [ 57%]
healpy/test/test_rotator.py::test_rotate_map_polarization PASSED         [ 58%]
healpy/test/test_rotator.py::test_rotate_map_polarization_with_spectrum FAILED [ 58%]
healpy/test/test_rotator.py::test_rotate_dipole_and_back PASSED          [ 59%]
healpy/test/test_rotator.py::test_rotator_input_lengths PASSED           [ 60%]
healpy/test/test_rotator.py::test_rotator_input_type PASSED              [ 60%]
healpy/test/test_rotator.py::test_rotator_input_lengths_inv PASSED       [ 61%]
healpy/test/test_rotator.py::test_rotator_eq PASSED                      [ 61%]
healpy/test/test_rotator.py::test_rotate_vector PASSED                   [ 62%]
healpy/test/test_rotator.py::test_euler[0-1] PASSED                      [ 63%]
healpy/test/test_rotator.py::test_euler[0-2] PASSED                      [ 63%]
healpy/test/test_rotator.py::test_euler[0-3] PASSED                      [ 64%]
healpy/test/test_rotator.py::test_euler[0-4] PASSED                      [ 64%]
healpy/test/test_rotator.py::test_euler[0-5] PASSED                      [ 65%]
healpy/test/test_rotator.py::test_euler[0-6] PASSED                      [ 66%]
healpy/test/test_rotator.py::test_euler[1-1] PASSED                      [ 66%]
healpy/test/test_rotator.py::test_euler[1-2] PASSED                      [ 67%]
healpy/test/test_rotator.py::test_euler[1-3] PASSED                      [ 67%]
healpy/test/test_rotator.py::test_euler[1-4] PASSED                      [ 68%]
healpy/test/test_rotator.py::test_euler[1-5] PASSED                      [ 69%]
healpy/test/test_rotator.py::test_euler[1-6] PASSED                      [ 69%]
healpy/test/test_rotator.py::test_euler_matrix_new[1-0-0] PASSED         [ 70%]
healpy/test/test_rotator.py::test_euler_matrix_new[0-1-0] PASSED         [ 70%]
healpy/test/test_rotator.py::test_euler_matrix_new[0-0-1] PASSED         [ 71%]
healpy/test/test_sphtfunc.py::TestSphtFunc::test_accept_ma_allows_only_keywords PASSED [ 72%]
healpy/test/test_sphtfunc.py::TestSphtFunc::test_alm2cl PASSED           [ 72%]
healpy/test/test_sphtfunc.py::TestSphtFunc::test_anafast FAILED          [ 73%]
healpy/test/test_sphtfunc.py::TestSphtFunc::test_anafast_iqu FAILED      [ 73%]
healpy/test/test_sphtfunc.py::TestSphtFunc::test_anafast_nomask FAILED   [ 74%]
healpy/test/test_sphtfunc.py::TestSphtFunc::test_anafast_xspectra FAILED [ 75%]
healpy/test/test_sphtfunc.py::TestSphtFunc::test_beam2bl PASSED          [ 75%]
healpy/test/test_sphtfunc.py::TestSphtFunc::test_bl2beam PASSED          [ 76%]
healpy/test/test_sphtfunc.py::TestSphtFunc::test_gauss_beam PASSED       [ 76%]
healpy/test/test_sphtfunc.py::TestSphtFunc::test_map2alm FAILED          [ 77%]
healpy/test/test_sphtfunc.py::TestSphtFunc::test_map2alm_pol FAILED      [ 78%]
healpy/test/test_sphtfunc.py::TestSphtFunc::test_map2alm_pol_gal_cut FAILED [ 78%]
healpy/test/test_sphtfunc.py::TestSphtFunc::test_max_nside_check PASSED  [ 79%]
healpy/test/test_sphtfunc.py::TestSphtFunc::test_pixwin_base PASSED      [ 80%]
healpy/test/test_sphtfunc.py::TestSphtFunc::test_pixwin_lmax PASSED      [ 80%]
healpy/test/test_sphtfunc.py::TestSphtFunc::test_pixwin_pol PASSED       [ 81%]
healpy/test/test_sphtfunc.py::TestSphtFunc::test_rotate_alm PASSED       [ 81%]
healpy/test/test_sphtfunc.py::TestSphtFunc::test_rotate_alm2 PASSED      [ 82%]
healpy/test/test_sphtfunc.py::TestSphtFunc::test_rotate_alm_rotmatrix PASSED [ 83%]
healpy/test/test_sphtfunc.py::TestSphtFunc::test_smoothing_masked FAILED [ 83%]
healpy/test/test_sphtfunc.py::TestSphtFunc::test_smoothing_notmasked FAILED [ 84%]
healpy/test/test_sphtfunc.py::TestSphtFunc::test_synfast FAILED          [ 84%]
healpy/test/test_spinfunc.py::TestSpinFunc::test_alm2map_spin_precomputed FAILED [ 85%]
healpy/test/test_spinfunc.py::TestSpinFunc::test_der1 FAILED             [ 86%]
healpy/test/test_spinfunc.py::TestSpinFunc::test_forward_backward_spin FAILED [ 86%]
healpy/test/test_spinfunc.py::TestSpinFunc::test_map2alm_spin_spin_precomputed FAILED [ 87%]
healpy/test/test_spinfunc.py::TestSpinFunc::test_spin0 PASSED            [ 87%]
healpy/test/test_visufunc.py::TestNoCrash::test_azeqview_crash PASSED    [ 88%]
healpy/test/test_visufunc.py::TestNoCrash::test_azeqview_ma_nocrash PASSED [ 89%]
healpy/test/test_visufunc.py::TestNoCrash::test_azeqview_nocrash PASSED  [ 89%]
healpy/test/test_visufunc.py::TestNoCrash::test_cartview_crash PASSED    [ 90%]
healpy/test/test_visufunc.py::TestNoCrash::test_cartview_ma_nocrash PASSED [ 90%]
healpy/test/test_visufunc.py::TestNoCrash::test_cartview_nocrash PASSED  [ 91%]
healpy/test/test_visufunc.py::TestNoCrash::test_gnomview_crash PASSED    [ 92%]
healpy/test/test_visufunc.py::TestNoCrash::test_gnomview_ma_nocrash PASSED [ 92%]
healpy/test/test_visufunc.py::TestNoCrash::test_gnomview_nocrash PASSED  [ 93%]
healpy/test/test_visufunc.py::TestNoCrash::test_mollview_crash PASSED    [ 93%]
healpy/test/test_visufunc.py::TestNoCrash::test_mollview_ma_nocrash PASSED [ 94%]
healpy/test/test_visufunc.py::TestNoCrash::test_mollview_nocrash PASSED  [ 95%]
healpy/test/test_visufunc.py::TestNoCrash::test_mollzoom_crash PASSED    [ 95%]
healpy/test/test_visufunc.py::TestNoCrash::test_mollzoom_histnocrash PASSED [ 96%]
healpy/test/test_visufunc.py::TestNoCrash::test_mollzoom_ma_hist_nocrash PASSED [ 96%]
healpy/test/test_visufunc.py::TestNoCrash::test_mollzoom_ma_nocrash PASSED [ 97%]
healpy/test/test_visufunc.py::TestNoCrash::test_mollzoom_nocrash PASSED  [ 98%]
healpy/test/test_visufunc.py::TestNoCrash::test_orthview_crash PASSED    [ 98%]
healpy/test/test_visufunc.py::TestNoCrash::test_orthview_ma_nocrash PASSED [ 99%]
healpy/test/test_visufunc.py::TestNoCrash::test_orthview_nocrash PASSED  [100%]

=================================== FAILURES ===================================
__________________ test_rotate_map_polarization_with_spectrum __________________

    def test_rotate_map_polarization_with_spectrum():
        """Rotation of reference frame should not change the angular power spectrum.
        In this test we create a map from a spectrum with a pure EE signal and check
        that the spectrum of this map and the spectrum of the same map rotated
        from Galactic to Ecliptic agrees.
        This test checks if the QU rotation is correct"""
        nside = 32
        cl = np.zeros((6, 96), dtype=np.double)
        # Set ell=1 for EE to 1
        cl[1][2] = 1
        gal2ecl = Rotator(coord=["G", "E"])
        m_original = hp.synfast(cl, nside=nside, new=True)
        cl_from_m_original = hp.anafast(m_original)
        m_rotated = gal2ecl.rotate_map_pixel(m_original)
        cl_from_m_rotated = hp.anafast(m_rotated)
    
>       assert np.abs(cl_from_m_rotated - cl_from_m_original).sum() < 0.011
E       AssertionError: assert 1115.6946481320851 < 0.011
E        +  where 1115.6946481320851 = <built-in method sum of numpy.ndarray object at 0x7f01cb792030>()
E        +    where <built-in method sum of numpy.ndarray object at 0x7f01cb792030> = array([[  0.00000000e+00,   0.00000000e+00,   0.00000000e+00,\n          0.00000000e+00,   0.00000000e+00,   0.00000000...    0.00000000e+00,   0.00000000e+00,   0.00000000e+00,\n          0.00000000e+00,   0.00000000e+00,   0.00000000e+00]]).sum
E        +      where array([[  0.00000000e+00,   0.00000000e+00,   0.00000000e+00,\n          0.00000000e+00,   0.00000000e+00,   0.00000000...    0.00000000e+00,   0.00000000e+00,   0.00000000e+00,\n          0.00000000e+00,   0.00000000e+00,   0.00000000e+00]]) = <ufunc 'absolute'>((array([[  0.00000000e+00,   0.00000000e+00,   0.00000000e+00,\n          0.00000000e+00,   0.00000000e+00,   0.00000000...    0.00000000e+00,   0.00000000e+00,   0.00000000e+00,\n          0.00000000e+00,   0.00000000e+00,   0.00000000e+00]]) - array([[  0.00000000e+00,   0.00000000e+00,   0.00000000e+00,\n          0.00000000e+00,   0.00000000e+00,   0.00000000...    0.00000000e+00,   0.00000000e+00,   0.00000000e+00,\n          0.00000000e+00,   0.00000000e+00,   0.00000000e+00]])))
E        +        where <ufunc 'absolute'> = np.abs

healpy/test/test_rotator.py:64: AssertionError
----------------------------- Captured stdout call -----------------------------
Sigma is 0.000000 arcmin (0.000000 rad) 
-> fwhm is 0.000000 arcmin
__________________________ TestSphtFunc.test_anafast ___________________________

self = <healpy.test.test_sphtfunc.TestSphtFunc testMethod=test_anafast>

    def test_anafast(self):
        cl = hp.anafast(hp.remove_monopole(self.map1[0].filled()), lmax=self.lmax)
        self.assertEqual(len(cl), 65)
>       np.testing.assert_array_almost_equal(cl, self.cla, decimal=8)
E       AssertionError: 
E       Arrays are not almost equal to 8 decimals
E       
E       Mismatch: 100%
E       Max absolute difference: 0.6192689796069295
E       Max relative difference: 5996.6935067873665
E        x: array([  6.35991756e-08,   8.13399159e-03,   2.13991768e-01,
E                4.29252132e-01,   5.75883971e-01,   6.19382236e-01,
E                1.58496845e-01,   2.24311434e-01,   1.25909593e-01,...
E        y: array([  3.34145730e-11,   3.35175580e-06,   4.89894300e-05,
E                1.01694770e-04,   1.20624330e-04,   1.13255960e-04,
E                4.71974710e-05,   4.67218380e-05,   3.13732490e-05,...

healpy/test/test_sphtfunc.py:92: AssertionError
----------------------------- Captured stdout call -----------------------------
NSIDE = 32
ORDERING = RING in fits file
INDXSCHM = IMPLICIT
NSIDE = 32
ORDERING = RING in fits file
INDXSCHM = IMPLICIT
NSIDE = 32
ORDERING = RING in fits file
INDXSCHM = IMPLICIT
Sigma is 178.357578 arcmin (0.051882 rad) 
-> fwhm is 420.000000 arcmin
monopole: 0.0178597
________________________ TestSphtFunc.test_anafast_iqu _________________________

self = <healpy.test.test_sphtfunc.TestSphtFunc testMethod=test_anafast_iqu>

    def test_anafast_iqu(self):
        self.map1[0] = hp.remove_monopole(self.map1[0])
        cl = hp.anafast(self.map1, lmax=self.lmax)
        self.assertEqual(len(cl[0]), 65)
        self.assertEqual(len(cl), 6)
        for i in range(6):
>           np.testing.assert_array_almost_equal(cl[i], self.cliqu[i], decimal=8)
E           AssertionError: 
E           Arrays are not almost equal to 8 decimals
E           
E           Mismatch: 100%
E           Max absolute difference: 0.6510856316137213
E           Max relative difference: 5783.80689111305
E            x: array([  8.16982451e-08,   7.90577741e-03,   1.11341189e-01,
E                    2.32308968e-01,   6.51206256e-01,   4.90069103e-01,
E                    2.47771801e-01,   8.90459684e-02,   1.04329674e-01,...
E            y: array([  3.34145730e-11,   3.35175580e-06,   4.89894300e-05,
E                    1.01694770e-04,   1.20624330e-04,   1.13255960e-04,
E                    4.71974710e-05,   4.67218380e-05,   3.13732490e-05,...

healpy/test/test_sphtfunc.py:105: AssertionError
----------------------------- Captured stdout call -----------------------------
NSIDE = 32
ORDERING = RING in fits file
INDXSCHM = IMPLICIT
NSIDE = 32
ORDERING = RING in fits file
INDXSCHM = IMPLICIT
NSIDE = 32
ORDERING = RING in fits file
INDXSCHM = IMPLICIT
Sigma is 178.357578 arcmin (0.051882 rad) 
-> fwhm is 420.000000 arcmin
monopole: 0.0178597
_______________________ TestSphtFunc.test_anafast_nomask _______________________

self = <healpy.test.test_sphtfunc.TestSphtFunc testMethod=test_anafast_nomask>

    def test_anafast_nomask(self):
        cl = hp.anafast(hp.remove_monopole(self.map1[0].data), lmax=self.lmax)
        self.assertEqual(len(cl), 65)
>       np.testing.assert_array_almost_equal(cl, self.cl_fortran_nomask, decimal=8)
E       AssertionError: 
E       Arrays are not almost equal to 8 decimals
E       
E       Mismatch: 100%
E       Max absolute difference: 15.158929254873053
E       Max relative difference: 6228.792959716801
E        x: array([  3.02594758e-08,   1.85156685e-02,   3.65939587e+00,
E                7.15023990e+00,   2.19193642e+00,   2.89849217e+00,
E                1.51613693e+01,   3.18155636e+00,   1.05118667e+01,...
E        y: array([  7.75183130e-12,   3.21265870e-03,   9.62086490e-03,
E                1.51245890e-03,   5.41486680e-03,   6.89121200e-04,
E                2.44001020e-03,   5.45246580e-04,   1.70561830e-03,...

healpy/test/test_sphtfunc.py:97: AssertionError
----------------------------- Captured stdout call -----------------------------
NSIDE = 32
ORDERING = RING in fits file
INDXSCHM = IMPLICIT
NSIDE = 32
ORDERING = RING in fits file
INDXSCHM = IMPLICIT
NSIDE = 32
ORDERING = RING in fits file
INDXSCHM = IMPLICIT
Sigma is 178.357578 arcmin (0.051882 rad) 
-> fwhm is 420.000000 arcmin
monopole: 0.0709693
______________________ TestSphtFunc.test_anafast_xspectra ______________________

self = <healpy.test.test_sphtfunc.TestSphtFunc testMethod=test_anafast_xspectra>

    def test_anafast_xspectra(self):
        cl = hp.anafast(
            hp.remove_monopole(self.map1[0]),
            hp.remove_monopole(self.map2[0]),
            lmax=self.lmax,
        )
        self.assertEqual(len(cl), self.lmax + 1)
        clx = hp.read_cl(
            os.path.join(
                self.path,
                "data",
                "cl_wmap_band_iqumap_r9_7yr_WVxspec_v4_udgraded32_II_lmax64_rmmono_3iter.fits",
            )
        )
>       np.testing.assert_array_almost_equal(cl, clx, decimal=8)
E       AssertionError: 
E       Arrays are not almost equal to 8 decimals
E       
E       Mismatch: 100%
E       Max absolute difference: 0.4038966460261543
E       Max relative difference: 5216.760121872801
E        x: array([  1.24696551e-07,   1.08617003e-02,   1.06160080e-01,
E                3.78710462e-01,   4.04015249e-01,   1.95297234e-01,
E                1.22531193e-01,   1.02876601e-01,   8.65914833e-02,...
E        y: array([  3.81138210e-11,   3.96545060e-06,   4.58033680e-05,
E                9.62925910e-05,   1.18603390e-04,   1.11689140e-04,
E                4.48841710e-05,   4.60549890e-05,   3.06535220e-05,...

healpy/test/test_sphtfunc.py:121: AssertionError
----------------------------- Captured stdout call -----------------------------
NSIDE = 32
ORDERING = RING in fits file
INDXSCHM = IMPLICIT
NSIDE = 32
ORDERING = RING in fits file
INDXSCHM = IMPLICIT
NSIDE = 32
ORDERING = RING in fits file
INDXSCHM = IMPLICIT
Sigma is 178.357578 arcmin (0.051882 rad) 
-> fwhm is 420.000000 arcmin
monopole: 0.0178597
monopole: 0.0162201
__________________________ TestSphtFunc.test_map2alm ___________________________

self = <healpy.test.test_sphtfunc.TestSphtFunc testMethod=test_map2alm>

    def test_map2alm(self):
        nside = 32
        lmax = 64
        fwhm_deg = 7.0
        seed = 12345
        np.random.seed(seed)
        orig = hp.synfast(
            self.cla,
            nside,
            lmax=lmax,
            pixwin=False,
            fwhm=np.radians(fwhm_deg),
            new=False,
        )
        tmp = np.empty(orig.size * 2)
        tmp[::2] = orig
        maps = [orig, orig.astype(np.float32), tmp[::2]]
        for use_weights in [False, True]:
            for input in maps:
                alm = hp.map2alm(input, iter=10, use_weights=use_weights)
                output = hp.alm2map(alm, nside)
>               np.testing.assert_allclose(input, output, atol=1e-4)
E               AssertionError: 
E               Not equal to tolerance rtol=1e-07, atol=0.0001
E               
E               Mismatch: 100%
E               Max absolute difference: 144879.32274005856
E               Max relative difference: 1.014197134966169
E                x: array([ 0.043102,  0.046167,  0.035125, ...,  0.021671,  0.011801,
E                       0.004148])
E                y: array([  8140.857574,  13555.662828,   1399.381329, ...,   5888.726842,
E                       11677.177512, -17707.267859])

healpy/test/test_sphtfunc.py:221: AssertionError
----------------------------- Captured stdout call -----------------------------
NSIDE = 32
ORDERING = RING in fits file
INDXSCHM = IMPLICIT
NSIDE = 32
ORDERING = RING in fits file
INDXSCHM = IMPLICIT
NSIDE = 32
ORDERING = RING in fits file
INDXSCHM = IMPLICIT
Sigma is 178.357578 arcmin (0.051882 rad) 
-> fwhm is 420.000000 arcmin
Sigma is 178.357578 arcmin (0.051882 rad) 
-> fwhm is 420.000000 arcmin
Sigma is 0.000000 arcmin (0.000000 rad) 
-> fwhm is 0.000000 arcmin
________________________ TestSphtFunc.test_map2alm_pol _________________________

self = <healpy.test.test_sphtfunc.TestSphtFunc testMethod=test_map2alm_pol>

    def test_map2alm_pol(self):
        tmp = [np.empty(o.size * 2) for o in self.mapiqu]
        for t, o in zip(tmp, self.mapiqu):
            t[::2] = o
        maps = [
            self.mapiqu,
            [o.astype(np.float32) for o in self.mapiqu],
            [t[::2] for t in tmp],
        ]
        for use_weights in [False, True]:
            for input in maps:
                alm = hp.map2alm(input, iter=10, use_weights=use_weights)
                output = hp.alm2map(alm, 32)
                for i, o in zip(input, output):
>                   np.testing.assert_allclose(i, o, atol=1e-4)
E                   AssertionError: 
E                   Not equal to tolerance rtol=1e-07, atol=0.0001
E                   
E                   Mismatch: 100%
E                   Max absolute difference: 120687.62491729962
E                   Max relative difference: 1.057924129164799
E                    x: array([ 0.043102,  0.046167,  0.035125, ...,  0.021671,  0.011801,
E                           0.004148])
E                    y: array([  9872.894642,  19417.984437,   1949.477467, ...,  10329.936138,
E                            6966.797866, -22927.79002 ])

healpy/test/test_sphtfunc.py:237: AssertionError
----------------------------- Captured stdout call -----------------------------
NSIDE = 32
ORDERING = RING in fits file
INDXSCHM = IMPLICIT
NSIDE = 32
ORDERING = RING in fits file
INDXSCHM = IMPLICIT
NSIDE = 32
ORDERING = RING in fits file
INDXSCHM = IMPLICIT
Sigma is 178.357578 arcmin (0.051882 rad) 
-> fwhm is 420.000000 arcmin
Sigma is 0.000000 arcmin (0.000000 rad) 
-> fwhm is 0.000000 arcmin
____________________ TestSphtFunc.test_map2alm_pol_gal_cut _____________________

self = <healpy.test.test_sphtfunc.TestSphtFunc testMethod=test_map2alm_pol_gal_cut>

    def test_map2alm_pol_gal_cut(self):
        tmp = [np.empty(o.size * 2) for o in self.mapiqu]
        for t, o in zip(tmp, self.mapiqu):
            t[::2] = o
        maps = [
            self.mapiqu,
            [o.astype(np.float32) for o in self.mapiqu],
            [t[::2] for t in tmp],
        ]
        for use_weights in [False, True]:
            for input in maps:
                gal_cut = 30
                nside = hp.get_nside(input)
                npix = hp.nside2npix(nside)
                gal_mask = (
                    np.abs(hp.pix2ang(nside, np.arange(npix), lonlat=True)[1]) < gal_cut
                )
                alm = hp.map2alm(
                    input, iter=10, use_weights=use_weights, gal_cut=gal_cut
                )
                output = hp.alm2map(alm, 32)
                for i, o in zip(input, output):
                    # Testing requires low tolerances because of the
                    # mask boundary
                    i[gal_mask] = 0
>                   np.testing.assert_allclose(i, o, atol=1e-2)
E                   AssertionError: 
E                   Not equal to tolerance rtol=1e-07, atol=0.01
E                   
E                   Mismatch: 100%
E                   Max absolute difference: 134303.02094762542
E                   Max relative difference: 1.3381476825001588
E                    x: array([ 0.043102,  0.046167,  0.035125, ...,  0.021671,  0.011801,
E                           0.004148])
E                    y: array([ 21593.160711,  16065.92417 ,  -4079.100252, ...,  16724.213771,
E                           -2798.58251 , -19588.890714])

healpy/test/test_sphtfunc.py:264: AssertionError
----------------------------- Captured stdout call -----------------------------
NSIDE = 32
ORDERING = RING in fits file
INDXSCHM = IMPLICIT
NSIDE = 32
ORDERING = RING in fits file
INDXSCHM = IMPLICIT
NSIDE = 32
ORDERING = RING in fits file
INDXSCHM = IMPLICIT
Sigma is 178.357578 arcmin (0.051882 rad) 
-> fwhm is 420.000000 arcmin
Sigma is 0.000000 arcmin (0.000000 rad) 
-> fwhm is 0.000000 arcmin
______________________ TestSphtFunc.test_smoothing_masked ______________________

self = <healpy.test.test_sphtfunc.TestSphtFunc testMethod=test_smoothing_masked>

    def test_smoothing_masked(self):
        smoothed = hp.smoothing(self.map1, fwhm=np.radians(10), lmax=self.lmax)
        smoothed_f90 = hp.ma(
            hp.read_map(
                os.path.join(
                    self.path,
                    "data",
                    "wmap_band_iqumap_r9_7yr_W_v4_udgraded32_masked_smoothed10deg_fortran.fits",
                ),
                (0, 1, 2),
                np.float64
            )
        )
        # fortran does not restore the mask
        smoothed_f90.mask = smoothed.mask
>       np.testing.assert_array_almost_equal(
            smoothed.filled(), smoothed_f90.filled(), decimal=6
        )
E       AssertionError: 
E       Arrays are not almost equal to 6 decimals
E       
E       Mismatch: 61.9%
E       Max absolute difference: 4.805928925410001
E       Max relative difference: 557817.9909381156
E        x: array([[ -1.637500e+30,  -1.637500e+30,  -1.396475e+00, ...,
E                -1.637500e+30,  -1.002309e+00,  -9.956376e-01],
E              [ -1.637500e+30,  -1.637500e+30,   6.616799e-02, ...,...
E        y: array([[ -1.637500e+30,  -1.637500e+30,   2.624133e-02, ...,
E                -1.637500e+30,   2.284782e-02,   2.193221e-02],
E              [ -1.637500e+30,  -1.637500e+30,  -3.922501e-03, ...,...

healpy/test/test_sphtfunc.py:173: AssertionError
----------------------------- Captured stdout call -----------------------------
NSIDE = 32
ORDERING = RING in fits file
INDXSCHM = IMPLICIT
NSIDE = 32
ORDERING = RING in fits file
INDXSCHM = IMPLICIT
NSIDE = 32
ORDERING = RING in fits file
INDXSCHM = IMPLICIT
Sigma is 178.357578 arcmin (0.051882 rad) 
-> fwhm is 420.000000 arcmin
Sigma is 254.796540 arcmin (0.074117 rad) 
-> fwhm is 600.000000 arcmin
Sigma is 0.000000 arcmin (0.000000 rad) 
-> fwhm is 0.000000 arcmin
NSIDE = 32
ORDERING = RING in fits file
INDXSCHM = IMPLICIT
____________________ TestSphtFunc.test_smoothing_notmasked _____________________

self = <healpy.test.test_sphtfunc.TestSphtFunc testMethod=test_smoothing_notmasked>

    def test_smoothing_notmasked(self):
        smoothed = hp.smoothing(
            [m.data for m in self.map1], fwhm=np.radians(10), lmax=self.lmax
        )
        smoothed_f90 = hp.read_map(
            os.path.join(
                self.path,
                "data",
                "wmap_band_iqumap_r9_7yr_W_v4_udgraded32_smoothed10deg_fortran.fits",
            ),
            (0, 1, 2),
            np.float64
        )
>       np.testing.assert_array_almost_equal(smoothed, smoothed_f90, decimal=6)
E       AssertionError: 
E       Arrays are not almost equal to 6 decimals
E       
E       Mismatch: 100%
E       Max absolute difference: 38.895195576472574
E       Max relative difference: 2412197.3463620585
E        x: array([[  7.602496e+00,   6.495260e+00,   6.350877e+00, ...,
E                 4.984461e+00,   5.247885e+00,   6.451961e+00],
E              [  3.237800e-02,  -1.163921e-02,   2.815373e-02, ...,...
E        y: array([[ 0.022294,  0.026757,  0.025211, ...,  0.02667 ,  0.024309,
E                0.023523],
E              [-0.00287 ,  0.003051, -0.004435, ...,  0.005888, -0.004664,...

healpy/test/test_sphtfunc.py:156: AssertionError
----------------------------- Captured stdout call -----------------------------
NSIDE = 32
ORDERING = RING in fits file
INDXSCHM = IMPLICIT
NSIDE = 32
ORDERING = RING in fits file
INDXSCHM = IMPLICIT
NSIDE = 32
ORDERING = RING in fits file
INDXSCHM = IMPLICIT
Sigma is 178.357578 arcmin (0.051882 rad) 
-> fwhm is 420.000000 arcmin
Sigma is 254.796540 arcmin (0.074117 rad) 
-> fwhm is 600.000000 arcmin
Sigma is 0.000000 arcmin (0.000000 rad) 
-> fwhm is 0.000000 arcmin
NSIDE = 32
ORDERING = RING in fits file
INDXSCHM = IMPLICIT
__________________________ TestSphtFunc.test_synfast ___________________________

self = <healpy.test.test_sphtfunc.TestSphtFunc testMethod=test_synfast>

    def test_synfast(self):
        nside = 32
        lmax = 64
        fwhm_deg = 7.0
        seed = 12345
        np.random.seed(seed)
        map_pregen = hp.read_map(
            os.path.join(self.path, "data", "map_synfast_seed%d.fits" % seed), (0, 1, 2)
        )
        sim_map = hp.synfast(
            self.cliqu,
            nside,
            lmax=lmax,
            pixwin=False,
            fwhm=np.radians(fwhm_deg),
            new=False,
            pol=True,
        )
>       np.testing.assert_array_almost_equal(sim_map, map_pregen, decimal=8)
E       AssertionError: 
E       Arrays are not almost equal to 8 decimals
E       
E       Mismatch: 0.738%
E       Max absolute difference: 0.003063021167596329
E       Max relative difference: 365.4596351279935
E        x: array([[ 0.04310248,  0.04616688,  0.03512539, ...,  0.02167138,
E                0.0118014 ,  0.00414782],
E              [ 0.00152926, -0.00034226,  0.00024056, ..., -0.00501654,...
E        y: array([[ 0.04310248,  0.04616688,  0.03512539, ...,  0.02167138,
E                0.0118014 ,  0.00414782],
E              [ 0.00152926, -0.00034226,  0.00024056, ..., -0.00501654,...

healpy/test/test_sphtfunc.py:141: AssertionError
----------------------------- Captured stdout call -----------------------------
NSIDE = 32
ORDERING = RING in fits file
INDXSCHM = IMPLICIT
NSIDE = 32
ORDERING = RING in fits file
INDXSCHM = IMPLICIT
NSIDE = 32
ORDERING = RING in fits file
INDXSCHM = IMPLICIT
Sigma is 178.357578 arcmin (0.051882 rad) 
-> fwhm is 420.000000 arcmin
NSIDE = 32
ORDERING = RING in fits file
INDXSCHM = IMPLICIT
Sigma is 178.357578 arcmin (0.051882 rad) 
-> fwhm is 420.000000 arcmin
__________________ TestSpinFunc.test_alm2map_spin_precomputed __________________

self = <healpy.test.test_spinfunc.TestSpinFunc testMethod=test_alm2map_spin_precomputed>

    def test_alm2map_spin_precomputed(self):
        """ compare alm2map_spin outputs to some precomputed results for spin=1,2,3 """
    
        for spin in [1, 2, 3]:
            rmap, imap = hp.alm2map_spin(
                [galm, calm], nside_precomputed, spin, lmax_precomputed
            )
>           np.testing.assert_array_almost_equal(rmap, maps[spin].real, decimal=7)
E           AssertionError: 
E           Arrays are not almost equal to 7 decimals
E           
E           Mismatch: 4.17%
E           Max absolute difference: 1.6607864962582184
E           Max relative difference: 1.330770220827538
E            x: array([  1.1743581e+00,  -1.7545991e+00,   3.4755301e+00,   3.4637720e+00,
E                    1.6137200e+00,  -7.8408695e-01,  -3.2331913e+00,  -2.4967573e+00,
E                    1.9618187e+00,   3.0923993e+00,   3.8802145e+00,   1.6609385e+00,...
E            y: array([  1.1743581e+00,  -1.7545991e+00,   3.4755301e+00,   3.4637721e+00,
E                    1.6137200e+00,  -7.8408696e-01,  -3.2331913e+00,  -2.4967573e+00,
E                    1.9618187e+00,   3.0923993e+00,   3.8802145e+00,   1.6609385e+00,...

healpy/test/test_spinfunc.py:1064: AssertionError
----------------------------- Captured stdout call -----------------------------
Sigma is 0.000000 arcmin (0.000000 rad) 
-> fwhm is 0.000000 arcmin
Sigma is 0.000000 arcmin (0.000000 rad) 
-> fwhm is 0.000000 arcmin
____________________________ TestSpinFunc.test_der1 ____________________________

self = <healpy.test.test_spinfunc.TestSpinFunc testMethod=test_der1>

    def test_der1(self):
        """ compare output of alm2map_der1 with the equivalent spin-1 transform using alm2map_spin """
    
        m, dt_der1, dp_der1 = hp.alm2map_der1(self.almg, self.nside)
    
        alm_spin = hp.almxfl(
            self.almg,
            np.array(
                [np.sqrt(l * (l + 1.0)) for l in six.moves.xrange(0, self.lmax + 1)]
            ),
            inplace=False,
        )
        dt_spin, dp_spin = hp.alm2map_spin(
            [alm_spin, alm_spin * 0.0], self.nside, 1, self.lmax
        )
    
>       np.testing.assert_array_almost_equal(dt_der1, dt_spin, decimal=8)
E       AssertionError: 
E       Arrays are not almost equal to 8 decimals
E       
E       Mismatch: 25%
E       Max absolute difference: 1283.681034186981
E       Max relative difference: 4927.746780054067
E        x: array([ 455.34413001,  134.25208025, -198.21596065, ...,   76.66803634,
E              -991.67358701,  -95.95175045])
E        y: array([ 455.34413001,  134.25208025, -198.21596065, ...,   76.66803634,
E              -991.67358701,  -95.95175045])

healpy/test/test_spinfunc.py:1045: AssertionError
----------------------------- Captured stdout call -----------------------------
Sigma is 0.000000 arcmin (0.000000 rad) 
-> fwhm is 0.000000 arcmin
Sigma is 0.000000 arcmin (0.000000 rad) 
-> fwhm is 0.000000 arcmin
___________________ TestSpinFunc.test_forward_backward_spin ____________________

self = <healpy.test.test_spinfunc.TestSpinFunc testMethod=test_forward_backward_spin>

    def test_forward_backward_spin(self):
        """ compare map2alm_spin outputs to alm2map_spin inputs. tolerances are very loose. """
        for spin in [1, 2, 3]:
            tcl = np.ones(self.lmax + 1)
            tcl[0:spin] = 0.0
            almg = hp.almxfl(self.almg, tcl, inplace=False)
            almc = hp.almxfl(self.almc, tcl, inplace=False)
    
            rmap, imap = hp.alm2map_spin([almg, almc], self.nside, spin, self.lmax)
            tglm, tclm = hp.map2alm_spin([rmap, imap], spin, self.lmax)
>           np.testing.assert_allclose(almg, tglm, rtol=1.0e-2, atol=1.0e-2)
E           AssertionError: 
E           Not equal to tolerance rtol=0.01, atol=0.01
E           
E           Mismatch: 99.9%
E           Max absolute difference: 9.13433665178606
E           Max relative difference: 1.1368103946096868
E            x: array([-0.000000+0.j      ,  1.058986+0.j      , -0.883035+0.j      , ...,
E                  -0.756210-0.073521j,  0.661627-0.568323j, -0.644721-0.097973j])
E            y: array([ 0.000000+0.j      ,  2.117922+0.j      , -2.648651+0.j      , ...,
E                  -3.024839-0.294084j,  2.646510-2.273293j, -2.578885-0.29392j ])

healpy/test/test_spinfunc.py:1087: AssertionError
----------------------------- Captured stdout call -----------------------------
Sigma is 0.000000 arcmin (0.000000 rad) 
-> fwhm is 0.000000 arcmin
Sigma is 0.000000 arcmin (0.000000 rad) 
-> fwhm is 0.000000 arcmin
_______________ TestSpinFunc.test_map2alm_spin_spin_precomputed ________________

self = <healpy.test.test_spinfunc.TestSpinFunc testMethod=test_map2alm_spin_spin_precomputed>

    def test_map2alm_spin_spin_precomputed(self):
        """ compare map2alm_spin outputs to some precomputed results for spin=1,2,3 """
    
        for spin in [1, 2, 3]:
            tglm, tclm = hp.map2alm_spin(
                [maps[spin].real, maps[spin].imag], spin, lmax_precomputed
            )
>           np.testing.assert_array_almost_equal(glms[spin], tglm, decimal=7)
E           AssertionError: 
E           Arrays are not almost equal to 7 decimals
E           
E           Mismatch: 97.8%
E           Max absolute difference: 5.065942704747848
E           Max relative difference: 0.7500000000000006
E            x: array([ 0.0000000+0.j       ,  0.8432000+0.j       , -1.0248101+0.j       ,
E                   1.1109618+0.j       , -1.0626942+0.j       ,  0.9914517+0.j       ,
E                  -1.2628244+0.j       , -0.6315731+0.j       , -1.1573098+0.j       ,...
E            y: array([ 0.0000000+0.j       ,  1.6864000+0.j       , -2.0496202+0.j       ,
E                   3.3328853+0.j       , -3.1880826+0.j       ,  1.9829034+0.j       ,
E                  -2.5256488+0.j       , -1.2631461+0.j       , -2.3146197+0.j       ,...

healpy/test/test_spinfunc.py:1074: AssertionError
----------------------------- Captured stdout call -----------------------------
Sigma is 0.000000 arcmin (0.000000 rad) 
-> fwhm is 0.000000 arcmin
Sigma is 0.000000 arcmin (0.000000 rad) 
-> fwhm is 0.000000 arcmin
=============================== warnings summary ===============================
healpy/sphtfunc.py:587
  /<<PKGBUILDDIR>>/.pybuild/cpython3_3.8_healpy/build/healpy/sphtfunc.py:587: DeprecationWarning: invalid escape sequence \e
    """Returns index corresponding to (l,m) in an array describing alm up to lmax.

.pybuild/cpython3_3.8_healpy/build/healpy/test/test_fitsfunc.py::TestFitsFunc::test_read_map_all
.pybuild/cpython3_3.8_healpy/build/healpy/test/test_fitsfunc.py::TestFitsFunc::test_read_map_all_with_header
.pybuild/cpython3_3.8_healpy/build/healpy/test/test_fitsfunc.py::TestFitsFunc::test_read_map_filename
.pybuild/cpython3_3.8_healpy/build/healpy/test/test_fitsfunc.py::TestFitsFunc::test_read_map_filename_pathlib
.pybuild/cpython3_3.8_healpy/build/healpy/test/test_fitsfunc.py::TestFitsFunc::test_read_map_filename_with_header
.pybuild/cpython3_3.8_healpy/build/healpy/test/test_fitsfunc.py::TestFitsFunc::test_read_map_hdu
.pybuild/cpython3_3.8_healpy/build/healpy/test/test_fitsfunc.py::TestFitsFunc::test_read_map_hdulist
.pybuild/cpython3_3.8_healpy/build/healpy/test/test_fitsfunc.py::TestFitsFunc::test_read_map_multiple_dtype
.pybuild/cpython3_3.8_healpy/build/healpy/test/test_fitsfunc.py::TestFitsFunc::test_read_map_single_dtype
.pybuild/cpython3_3.8_healpy/build/healpy/test/test_fitsfunc.py::TestFitsFunc::test_read_write_partial
.pybuild/cpython3_3.8_healpy/build/healpy/test/test_fitsfunc.py::TestFitsFunc::test_read_write_partial_3comp
.pybuild/cpython3_3.8_healpy/build/healpy/test/test_fitsfunc.py::TestFitsFunc::test_write_map_C
.pybuild/cpython3_3.8_healpy/build/healpy/test/test_fitsfunc.py::TestFitsFunc::test_write_map_C_3comp
.pybuild/cpython3_3.8_healpy/build/healpy/test/test_fitsfunc.py::TestFitsFunc::test_write_map_IDL
.pybuild/cpython3_3.8_healpy/build/healpy/test/test_fitsfunc.py::TestFitsFunc::test_write_map_pathlib
.pybuild/cpython3_3.8_healpy/build/healpy/test/test_fitsfunc.py::TestFitsFunc::test_write_map_units_list
.pybuild/cpython3_3.8_healpy/build/healpy/test/test_fitsfunc.py::TestFitsFunc::test_write_map_units_string
.pybuild/cpython3_3.8_healpy/build/healpy/test/test_fitsfunc.py::TestFitsFuncGzip::test_write_map
  /<<PKGBUILDDIR>>/.pybuild/cpython3_3.8_healpy/build/healpy/fitsfunc.py:184: FutureWarning: The default dtype of write_map() will change in a future version: explicitly set the dtype if it is important to you
    warnings.warn(

.pybuild/cpython3_3.8_healpy/build/healpy/test/test_fitsfunc.py::TestFitsFunc::test_read_map_all
.pybuild/cpython3_3.8_healpy/build/healpy/test/test_fitsfunc.py::TestFitsFunc::test_read_map_all_with_header
.pybuild/cpython3_3.8_healpy/build/healpy/test/test_fitsfunc.py::TestFitsFunc::test_read_map_filename
.pybuild/cpython3_3.8_healpy/build/healpy/test/test_fitsfunc.py::TestFitsFunc::test_read_map_filename_pathlib
.pybuild/cpython3_3.8_healpy/build/healpy/test/test_fitsfunc.py::TestFitsFunc::test_read_map_filename_with_header
.pybuild/cpython3_3.8_healpy/build/healpy/test/test_fitsfunc.py::TestFitsFunc::test_read_map_hdu
.pybuild/cpython3_3.8_healpy/build/healpy/test/test_fitsfunc.py::TestFitsFunc::test_read_map_hdulist
.pybuild/cpython3_3.8_healpy/build/healpy/test/test_fitsfunc.py::TestFitsFunc::test_read_write_partial
.pybuild/cpython3_3.8_healpy/build/healpy/test/test_fitsfunc.py::TestFitsFunc::test_read_write_partial_3comp
.pybuild/cpython3_3.8_healpy/build/healpy/test/test_rotator.py::test_rotate_map_polarization
.pybuild/cpython3_3.8_healpy/build/healpy/test/test_sphtfunc.py::TestSphtFunc::test_accept_ma_allows_only_keywords
.pybuild/cpython3_3.8_healpy/build/healpy/test/test_sphtfunc.py::TestSphtFunc::test_alm2cl
.pybuild/cpython3_3.8_healpy/build/healpy/test/test_sphtfunc.py::TestSphtFunc::test_anafast
.pybuild/cpython3_3.8_healpy/build/healpy/test/test_sphtfunc.py::TestSphtFunc::test_anafast_iqu
.pybuild/cpython3_3.8_healpy/build/healpy/test/test_sphtfunc.py::TestSphtFunc::test_anafast_nomask
.pybuild/cpython3_3.8_healpy/build/healpy/test/test_sphtfunc.py::TestSphtFunc::test_anafast_xspectra
.pybuild/cpython3_3.8_healpy/build/healpy/test/test_sphtfunc.py::TestSphtFunc::test_beam2bl
.pybuild/cpython3_3.8_healpy/build/healpy/test/test_sphtfunc.py::TestSphtFunc::test_bl2beam
.pybuild/cpython3_3.8_healpy/build/healpy/test/test_sphtfunc.py::TestSphtFunc::test_gauss_beam
.pybuild/cpython3_3.8_healpy/build/healpy/test/test_sphtfunc.py::TestSphtFunc::test_map2alm
.pybuild/cpython3_3.8_healpy/build/healpy/test/test_sphtfunc.py::TestSphtFunc::test_map2alm_pol
.pybuild/cpython3_3.8_healpy/build/healpy/test/test_sphtfunc.py::TestSphtFunc::test_map2alm_pol_gal_cut
.pybuild/cpython3_3.8_healpy/build/healpy/test/test_sphtfunc.py::TestSphtFunc::test_max_nside_check
.pybuild/cpython3_3.8_healpy/build/healpy/test/test_sphtfunc.py::TestSphtFunc::test_pixwin_base
.pybuild/cpython3_3.8_healpy/build/healpy/test/test_sphtfunc.py::TestSphtFunc::test_pixwin_lmax
.pybuild/cpython3_3.8_healpy/build/healpy/test/test_sphtfunc.py::TestSphtFunc::test_pixwin_pol
.pybuild/cpython3_3.8_healpy/build/healpy/test/test_sphtfunc.py::TestSphtFunc::test_rotate_alm
.pybuild/cpython3_3.8_healpy/build/healpy/test/test_sphtfunc.py::TestSphtFunc::test_rotate_alm2
.pybuild/cpython3_3.8_healpy/build/healpy/test/test_sphtfunc.py::TestSphtFunc::test_rotate_alm_rotmatrix
.pybuild/cpython3_3.8_healpy/build/healpy/test/test_sphtfunc.py::TestSphtFunc::test_smoothing_masked
.pybuild/cpython3_3.8_healpy/build/healpy/test/test_sphtfunc.py::TestSphtFunc::test_smoothing_notmasked
.pybuild/cpython3_3.8_healpy/build/healpy/test/test_sphtfunc.py::TestSphtFunc::test_synfast
  /<<PKGBUILDDIR>>/.pybuild/cpython3_3.8_healpy/build/healpy/fitsfunc.py:351: UserWarning: If you are not specifying the input dtype and using the default np.float64 dtype of read_map(), please consider that it will change in a future version to None as to keep the same dtype of the input file: please explicitly set the dtype if it is important to you.
    warnings.warn(

.pybuild/cpython3_3.8_healpy/build/healpy/test/test_fitsfunc.py::TestReadWriteCl::test_read_cl_filename
.pybuild/cpython3_3.8_healpy/build/healpy/test/test_fitsfunc.py::TestReadWriteCl::test_read_cl_hdu
.pybuild/cpython3_3.8_healpy/build/healpy/test/test_fitsfunc.py::TestReadWriteCl::test_read_cl_hdulist
.pybuild/cpython3_3.8_healpy/build/healpy/test/test_fitsfunc.py::TestReadWriteCl::test_write_read_cl_4comp
.pybuild/cpython3_3.8_healpy/build/healpy/test/test_fitsfunc.py::TestReadWriteCl::test_write_read_cl_6comp
.pybuild/cpython3_3.8_healpy/build/healpy/test/test_fitsfunc.py::TestReadWriteCl::test_write_read_cl_II
  /<<PKGBUILDDIR>>/.pybuild/cpython3_3.8_healpy/build/healpy/fitsfunc.py:89: FutureWarning: The default dtype of write_cl() will change in a future version: explicitly set the dtype if it is important to you
    warnings.warn(

.pybuild/cpython3_3.8_healpy/build/healpy/test/test_sphtfunc.py::TestSphtFunc::test_accept_ma_allows_only_keywords
.pybuild/cpython3_3.8_healpy/build/healpy/test/test_sphtfunc.py::TestSphtFunc::test_alm2cl
.pybuild/cpython3_3.8_healpy/build/healpy/test/test_sphtfunc.py::TestSphtFunc::test_anafast
.pybuild/cpython3_3.8_healpy/build/healpy/test/test_sphtfunc.py::TestSphtFunc::test_anafast_iqu
.pybuild/cpython3_3.8_healpy/build/healpy/test/test_sphtfunc.py::TestSphtFunc::test_anafast_nomask
.pybuild/cpython3_3.8_healpy/build/healpy/test/test_sphtfunc.py::TestSphtFunc::test_anafast_xspectra
.pybuild/cpython3_3.8_healpy/build/healpy/test/test_sphtfunc.py::TestSphtFunc::test_beam2bl
.pybuild/cpython3_3.8_healpy/build/healpy/test/test_sphtfunc.py::TestSphtFunc::test_bl2beam
.pybuild/cpython3_3.8_healpy/build/healpy/test/test_sphtfunc.py::TestSphtFunc::test_gauss_beam
.pybuild/cpython3_3.8_healpy/build/healpy/test/test_sphtfunc.py::TestSphtFunc::test_map2alm
.pybuild/cpython3_3.8_healpy/build/healpy/test/test_sphtfunc.py::TestSphtFunc::test_map2alm_pol
.pybuild/cpython3_3.8_healpy/build/healpy/test/test_sphtfunc.py::TestSphtFunc::test_map2alm_pol_gal_cut
.pybuild/cpython3_3.8_healpy/build/healpy/test/test_sphtfunc.py::TestSphtFunc::test_max_nside_check
.pybuild/cpython3_3.8_healpy/build/healpy/test/test_sphtfunc.py::TestSphtFunc::test_pixwin_base
.pybuild/cpython3_3.8_healpy/build/healpy/test/test_sphtfunc.py::TestSphtFunc::test_pixwin_lmax
.pybuild/cpython3_3.8_healpy/build/healpy/test/test_sphtfunc.py::TestSphtFunc::test_pixwin_pol
.pybuild/cpython3_3.8_healpy/build/healpy/test/test_sphtfunc.py::TestSphtFunc::test_rotate_alm
.pybuild/cpython3_3.8_healpy/build/healpy/test/test_sphtfunc.py::TestSphtFunc::test_rotate_alm2
.pybuild/cpython3_3.8_healpy/build/healpy/test/test_sphtfunc.py::TestSphtFunc::test_rotate_alm_rotmatrix
.pybuild/cpython3_3.8_healpy/build/healpy/test/test_sphtfunc.py::TestSphtFunc::test_smoothing_masked
.pybuild/cpython3_3.8_healpy/build/healpy/test/test_sphtfunc.py::TestSphtFunc::test_smoothing_notmasked
.pybuild/cpython3_3.8_healpy/build/healpy/test/test_sphtfunc.py::TestSphtFunc::test_synfast
.pybuild/cpython3_3.8_healpy/build/healpy/test/test_spinfunc.py::TestSpinFunc::test_alm2map_spin_precomputed
.pybuild/cpython3_3.8_healpy/build/healpy/test/test_spinfunc.py::TestSpinFunc::test_der1
.pybuild/cpython3_3.8_healpy/build/healpy/test/test_spinfunc.py::TestSpinFunc::test_forward_backward_spin
.pybuild/cpython3_3.8_healpy/build/healpy/test/test_spinfunc.py::TestSpinFunc::test_map2alm_spin_spin_precomputed
.pybuild/cpython3_3.8_healpy/build/healpy/test/test_spinfunc.py::TestSpinFunc::test_spin0
  /<<PKGBUILDDIR>>/.pybuild/cpython3_3.8_healpy/build/healpy/sphtfunc.py:395: FutureChangeWarning: The order of the input cl's will change in a future release.
  Use new=True keyword to start using the new order.
  See documentation of healpy.synalm.
    warnings.warn(

.pybuild/cpython3_3.8_healpy/build/healpy/test/test_sphtfunc.py::TestSphtFunc::test_rotate_alm_rotmatrix
  /<<PKGBUILDDIR>>/.pybuild/cpython3_3.8_healpy/build/healpy/rotator.py:285: PendingDeprecationWarning: the matrix subclass is not the recommended way to represent matrices or deal with linear algebra (see https://docs.scipy.org/doc/numpy/user/numpy-for-matlab-users.html). Please adjust your code to use regular ndarray.
    return np.matrix(self._matrix)

.pybuild/cpython3_3.8_healpy/build/healpy/test/test_visufunc.py::TestNoCrash::test_gnomview_ma_nocrash
.pybuild/cpython3_3.8_healpy/build/healpy/test/test_visufunc.py::TestNoCrash::test_gnomview_nocrash
.pybuild/cpython3_3.8_healpy/build/healpy/test/test_visufunc.py::TestNoCrash::test_mollzoom_histnocrash
.pybuild/cpython3_3.8_healpy/build/healpy/test/test_visufunc.py::TestNoCrash::test_mollzoom_ma_hist_nocrash
.pybuild/cpython3_3.8_healpy/build/healpy/test/test_visufunc.py::TestNoCrash::test_mollzoom_ma_nocrash
.pybuild/cpython3_3.8_healpy/build/healpy/test/test_visufunc.py::TestNoCrash::test_mollzoom_nocrash
  <__array_function__ internals>:5: DeprecationWarning: Calling nonzero on 0d arrays is deprecated, as it behaves surprisingly. Use `atleast_1d(cond).nonzero()` if the old behavior was intended. If the context of this warning is of the form `arr[nonzero(cond)]`, just use `arr[cond]`.

-- Docs: https://docs.pytest.org/en/latest/warnings.html
============= 15 failed, 150 passed, 91 warnings in 10.32 seconds ==============
E: pybuild pybuild:341: test: plugin distutils failed with: exit code=1: cd /<<PKGBUILDDIR>>/.pybuild/cpython3_3.8_healpy/build; python3.8 -m pytest --doctest-modules
dh_auto_test: error: pybuild --test --test-pytest -i python{version} -p "3.8 3.7" returned exit code 13
make[1]: *** [debian/rules:22: override_dh_auto_test] Error 25
make[1]: Leaving directory '/<<PKGBUILDDIR>>'
make: *** [debian/rules:12: build] Error 2
dpkg-buildpackage: error: debian/rules build subprocess returned exit status 2
--------------------------------------------------------------------------------
Build finished at 2020-02-25T15:57:06Z

Finished
--------


+------------------------------------------------------------------------------+
| Cleanup                                                                      |
+------------------------------------------------------------------------------+

Purging /<<BUILDDIR>>
Not cleaning session: cloned chroot in use
E: Build failure (dpkg-buildpackage died)

+------------------------------------------------------------------------------+
| Summary                                                                      |
+------------------------------------------------------------------------------+

Build Architecture: amd64
Build Type: binary
Build-Space: 39244
Build-Time: 38
Distribution: unstable
Fail-Stage: build
Host Architecture: amd64
Install-Time: 38
Job: healpy_1.13.0-1
Machine Architecture: amd64
Package: healpy
Package-Time: 95
Source-Version: 1.13.0-1
Space: 39244
Status: attempted
Version: 1.13.0-1
--------------------------------------------------------------------------------
Finished at 2020-02-25T15:57:06Z
Build needed 00:01:35, 39244k disk space
E: Build failure (dpkg-buildpackage died)
DC-Status: Failed 96.286711821s
DC-Time-Estimation: 96.286711821 versus expected 197 (r/m: 1.045972868678174 ; m: 96.286711821)
