DC-Build-Header: alglib 3.7.0-7 / 2013-07-16 16:23:35 +0000
DC-Task: source:alglib version:3.7.0-7 architecture:any chroot:unstable esttime:257 logfile:/tmp/alglib_3.7.0-7_unstable_clang.log modes:binary-only:clang
DC-Sbuild-call: su user -c 'sbuild -n --apt-update -d unstable -v  --chroot-setup-commands=/tmp/switch-to-clang --append-to-version "clang1" --maintainer "Lucas Nussbaum <lucas@debian.org>" --uploader "Lucas Nussbaum <lucas@debian.org>" alglib_3.7.0-7'
sbuild (Debian sbuild) 0.63.2 (18 Aug 2012) on ip-10-170-88-98.ec2.internal

╔══════════════════════════════════════════════════════════════════════════════╗
║ alglib 3.7.0-7clang1 (amd64)                               16 Jul 2013 16:23 ║
╚══════════════════════════════════════════════════════════════════════════════╝

Package: alglib
Version: 3.7.0-7clang1
Source Version: 3.7.0-7
Distribution: unstable
Machine Architecture: amd64
Host Architecture: amd64
Build Architecture: amd64

I: NOTICE: Log filtering will replace 'build/alglib-wzHvZy/alglib-3.7.0' with '«PKGBUILDDIR»'
I: NOTICE: Log filtering will replace 'build/alglib-wzHvZy' with '«BUILDDIR»'
I: NOTICE: Log filtering will replace 'var/lib/schroot/mount/unstable-amd64-sbuild-a00b1930-bba6-44f4-801c-95d6705f31b3' with '«CHROOT»'

┌──────────────────────────────────────────────────────────────────────────────┐
│ Update chroot                                                                │
└──────────────────────────────────────────────────────────────────────────────┘

Get:1 http://localhost:9999 unstable InRelease [204 kB]
Get:2 http://localhost:9999 unstable/main Sources/DiffIndex [7876 B]
Get:3 http://localhost:9999 unstable/main amd64 Packages/DiffIndex [7876 B]
Get:4 http://localhost:9999 unstable/main Translation-en/DiffIndex [7876 B]
Get:5 http://localhost:9999 unstable/main 2013-07-13-2032.15.pdiff [23.1 kB]
Get:6 http://localhost:9999 unstable/main amd64 2013-07-13-2032.15.pdiff [16.9 kB]
Get:7 http://localhost:9999 unstable/main 2013-07-13-2032.15.pdiff [23.1 kB]
Get:8 http://localhost:9999 unstable/main 2013-07-13-2032.15.pdiff [1809 B]
Get:9 http://localhost:9999 unstable/main amd64 2013-07-13-2032.15.pdiff [16.9 kB]
Get:10 http://localhost:9999 unstable/main 2013-07-14-0231.07.pdiff [12.9 kB]
Get:11 http://localhost:9999 unstable/main 2013-07-13-2032.15.pdiff [1809 B]
Get:12 http://localhost:9999 unstable/main amd64 2013-07-14-0231.07.pdiff [14.9 kB]
Get:13 http://localhost:9999 unstable/main 2013-07-14-0231.07.pdiff [12.9 kB]
Get:14 http://localhost:9999 unstable/main 2013-07-14-0231.07.pdiff [1384 B]
Get:15 http://localhost:9999 unstable/main amd64 2013-07-14-0231.07.pdiff [14.9 kB]
Get:16 http://localhost:9999 unstable/main 2013-07-14-0832.16.pdiff [4670 B]
Get:17 http://localhost:9999 unstable/main 2013-07-14-0231.07.pdiff [1384 B]
Get:18 http://localhost:9999 unstable/main amd64 2013-07-14-0832.16.pdiff [1624 B]
Get:19 http://localhost:9999 unstable/main 2013-07-14-0832.16.pdiff [4670 B]
Get:20 http://localhost:9999 unstable/main 2013-07-14-0832.16.pdiff [337 B]
Get:21 http://localhost:9999 unstable/main amd64 2013-07-14-0832.16.pdiff [1624 B]
Get:22 http://localhost:9999 unstable/main 2013-07-14-1431.18.pdiff [11.4 kB]
Get:23 http://localhost:9999 unstable/main 2013-07-14-0832.16.pdiff [337 B]
Get:24 http://localhost:9999 unstable/main amd64 2013-07-14-1431.18.pdiff [8223 B]
Get:25 http://localhost:9999 unstable/main 2013-07-14-1431.18.pdiff [11.4 kB]
Get:26 http://localhost:9999 unstable/main 2013-07-14-1431.18.pdiff [887 B]
Get:27 http://localhost:9999 unstable/main amd64 2013-07-14-1431.18.pdiff [8223 B]
Get:28 http://localhost:9999 unstable/main 2013-07-14-2031.21.pdiff [9038 B]
Get:29 http://localhost:9999 unstable/main 2013-07-14-1431.18.pdiff [887 B]
Get:30 http://localhost:9999 unstable/main amd64 2013-07-14-2031.21.pdiff [9955 B]
Get:31 http://localhost:9999 unstable/main 2013-07-14-2031.21.pdiff [9038 B]
Get:32 http://localhost:9999 unstable/main 2013-07-14-2031.21.pdiff [2736 B]
Get:33 http://localhost:9999 unstable/main amd64 2013-07-14-2031.21.pdiff [9955 B]
Get:34 http://localhost:9999 unstable/main 2013-07-15-0229.01.pdiff [9715 B]
Get:35 http://localhost:9999 unstable/main 2013-07-14-2031.21.pdiff [2736 B]
Get:36 http://localhost:9999 unstable/main amd64 2013-07-15-0229.01.pdiff [12.7 kB]
Get:37 http://localhost:9999 unstable/main 2013-07-15-0229.01.pdiff [9715 B]
Get:38 http://localhost:9999 unstable/main 2013-07-15-0229.01.pdiff [2239 B]
Get:39 http://localhost:9999 unstable/main amd64 2013-07-15-0229.01.pdiff [12.7 kB]
Get:40 http://localhost:9999 unstable/main 2013-07-15-0830.19.pdiff [3273 B]
Get:41 http://localhost:9999 unstable/main 2013-07-15-0229.01.pdiff [2239 B]
Get:42 http://localhost:9999 unstable/main amd64 2013-07-15-0830.19.pdiff [3964 B]
Get:43 http://localhost:9999 unstable/main 2013-07-15-0830.19.pdiff [3273 B]
Get:44 http://localhost:9999 unstable/main 2013-07-15-0830.19.pdiff [1357 B]
Get:45 http://localhost:9999 unstable/main amd64 2013-07-15-0830.19.pdiff [3964 B]
Get:46 http://localhost:9999 unstable/main 2013-07-15-1432.36.pdiff [5326 B]
Get:47 http://localhost:9999 unstable/main 2013-07-15-0830.19.pdiff [1357 B]
Get:48 http://localhost:9999 unstable/main amd64 2013-07-15-1432.36.pdiff [9809 B]
Get:49 http://localhost:9999 unstable/main 2013-07-15-1432.36.pdiff [5326 B]
Get:50 http://localhost:9999 unstable/main 2013-07-15-1432.36.pdiff [322 B]
Get:51 http://localhost:9999 unstable/main amd64 2013-07-15-1432.36.pdiff [9809 B]
Get:52 http://localhost:9999 unstable/main 2013-07-15-2031.50.pdiff [12.2 kB]
Get:53 http://localhost:9999 unstable/main 2013-07-15-1432.36.pdiff [322 B]
Get:54 http://localhost:9999 unstable/main amd64 2013-07-15-2031.50.pdiff [24.4 kB]
Get:55 http://localhost:9999 unstable/main 2013-07-15-2031.50.pdiff [12.2 kB]
Get:56 http://localhost:9999 unstable/main 2013-07-15-2031.50.pdiff [537 B]
Get:57 http://localhost:9999 unstable/main amd64 2013-07-15-2031.50.pdiff [24.4 kB]
Get:58 http://localhost:9999 unstable/main 2013-07-16-0233.12.pdiff [14.8 kB]
Get:59 http://localhost:9999 unstable/main 2013-07-15-2031.50.pdiff [537 B]
Get:60 http://localhost:9999 unstable/main amd64 2013-07-16-0233.12.pdiff [49.5 kB]
Get:61 http://localhost:9999 unstable/main 2013-07-16-0233.12.pdiff [14.8 kB]
Get:62 http://localhost:9999 unstable/main 2013-07-16-0233.12.pdiff [3247 B]
Get:63 http://localhost:9999 unstable/main amd64 2013-07-16-0233.12.pdiff [49.5 kB]
Get:64 http://localhost:9999 unstable/main 2013-07-16-0834.41.pdiff [7447 B]
Get:65 http://localhost:9999 unstable/main 2013-07-16-0233.12.pdiff [3247 B]
Get:66 http://localhost:9999 unstable/main amd64 2013-07-16-0834.41.pdiff [4493 B]
Get:67 http://localhost:9999 unstable/main 2013-07-16-0834.41.pdiff [7447 B]
Get:68 http://localhost:9999 unstable/main 2013-07-16-0834.41.pdiff [5852 B]
Get:69 http://localhost:9999 unstable/main amd64 2013-07-16-0834.41.pdiff [4493 B]
Get:70 http://localhost:9999 unstable/main 2013-07-16-0834.41.pdiff [5852 B]
Fetched 519 kB in 41s (12.5 kB/s)
Reading package lists...
Reading package lists...
Building dependency tree...
Reading state information...
The following packages will be upgraded:
  cpp-4.7 gcc-4.7 gcc-4.7-base initscripts libgcc-4.7-dev sysv-rc sysvinit
  sysvinit-utils
8 upgraded, 0 newly installed, 0 to remove and 0 not upgraded.
Need to get 14.2 MB of archives.
After this operation, 18.4 kB disk space will be freed.
Get:1 http://localhost:9999/debian/ unstable/main sysvinit amd64 2.88dsf-42 [134 kB]
Get:2 http://localhost:9999/debian/ unstable/main sysv-rc all 2.88dsf-42 [80.4 kB]
Get:3 http://localhost:9999/debian/ unstable/main sysvinit-utils amd64 2.88dsf-42 [103 kB]
Get:4 http://localhost:9999/debian/ unstable/main initscripts amd64 2.88dsf-42 [87.1 kB]
Get:5 http://localhost:9999/debian/ unstable/main gcc-4.7 amd64 4.7.3-6 [5819 kB]
Get:6 http://localhost:9999/debian/ unstable/main cpp-4.7 amd64 4.7.3-6 [5385 kB]
Get:7 http://localhost:9999/debian/ unstable/main libgcc-4.7-dev amd64 4.7.3-6 [2465 kB]
Get:8 http://localhost:9999/debian/ unstable/main gcc-4.7-base amd64 4.7.3-6 [149 kB]
debconf: delaying package configuration, since apt-utils is not installed
Fetched 14.2 MB in 0s (23.1 MB/s)
(Reading database ... 13844 files and directories currently installed.)
Preparing to replace sysvinit 2.88dsf-41 (using .../sysvinit_2.88dsf-42_amd64.deb) ...
Unpacking replacement sysvinit ...
Setting up sysvinit (2.88dsf-42) ...
Not restarting sysvinit
(Reading database ... 13844 files and directories currently installed.)
Preparing to replace sysv-rc 2.88dsf-41 (using .../sysv-rc_2.88dsf-42_all.deb) ...
Unpacking replacement sysv-rc ...
Preparing to replace sysvinit-utils 2.88dsf-41 (using .../sysvinit-utils_2.88dsf-42_amd64.deb) ...
Unpacking replacement sysvinit-utils ...
Setting up sysvinit-utils (2.88dsf-42) ...
Setting up sysv-rc (2.88dsf-42) ...
(Reading database ... 13844 files and directories currently installed.)
Preparing to replace initscripts 2.88dsf-41 (using .../initscripts_2.88dsf-42_amd64.deb) ...
Removing unmodified and obsolete conffile /etc/init.d/mtab.sh ...
Unpacking replacement initscripts ...
Setting up initscripts (2.88dsf-42) ...
Installing new version of config file /etc/init.d/bootmisc.sh ...
Installing new version of config file /etc/init.d/checkfs.sh ...
Installing new version of config file /etc/init.d/checkroot.sh ...
Installing new version of config file /etc/init.d/checkroot-bootclean.sh ...
Installing new version of config file /etc/init.d/mountdevsubfs.sh ...
Installing new version of config file /etc/init.d/mountkernfs.sh ...
Installing new version of config file /etc/init.d/rmnologin ...
Installing new version of config file /etc/network/if-up.d/mountnfs ...
(Reading database ... 13843 files and directories currently installed.)
Preparing to replace gcc-4.7 4.7.3-5 (using .../gcc-4.7_4.7.3-6_amd64.deb) ...
Unpacking replacement gcc-4.7 ...
Preparing to replace cpp-4.7 4.7.3-5 (using .../cpp-4.7_4.7.3-6_amd64.deb) ...
Unpacking replacement cpp-4.7 ...
Preparing to replace libgcc-4.7-dev:amd64 4.7.3-5 (using .../libgcc-4.7-dev_4.7.3-6_amd64.deb) ...
Unpacking replacement libgcc-4.7-dev:amd64 ...
Preparing to replace gcc-4.7-base:amd64 4.7.3-5 (using .../gcc-4.7-base_4.7.3-6_amd64.deb) ...
Unpacking replacement gcc-4.7-base:amd64 ...
Setting up gcc-4.7-base:amd64 (4.7.3-6) ...
Setting up cpp-4.7 (4.7.3-6) ...
Setting up libgcc-4.7-dev:amd64 (4.7.3-6) ...
Setting up gcc-4.7 (4.7.3-6) ...

┌──────────────────────────────────────────────────────────────────────────────┐
│ Fetch source files                                                           │
└──────────────────────────────────────────────────────────────────────────────┘


Check APT
─────────

Checking available source versions...

Download source files with APT
──────────────────────────────

Reading package lists...
Building dependency tree...
Reading state information...
NOTICE: 'alglib' packaging is maintained in the 'Git' version control system at:
git://anonscm.debian.org/debian-science/packages/alglib.git
Need to get 1526 kB of source archives.
Get:1 http://localhost:9999/debian/ unstable/main alglib 3.7.0-7 (dsc) [2107 B]
Get:2 http://localhost:9999/debian/ unstable/main alglib 3.7.0-7 (tar) [1518 kB]
Get:3 http://localhost:9999/debian/ unstable/main alglib 3.7.0-7 (diff) [5064 B]
Fetched 1526 kB in 0s (4918 kB/s)
Download complete and in download only mode

Check arch
──────────


┌──────────────────────────────────────────────────────────────────────────────┐
│ Chroot Setup Commands                                                        │
└──────────────────────────────────────────────────────────────────────────────┘


/tmp/switch-to-clang
────────────────────

+ echo 'Entering customization script...'
Entering customization script...
+ echo 'Install of clang'
Install of clang
+ apt-get update
Hit http://localhost:9999 unstable InRelease
Hit http://localhost:9999 unstable/main Sources/DiffIndex
Hit http://localhost:9999 unstable/main amd64 Packages/DiffIndex
Hit http://localhost:9999 unstable/main Translation-en/DiffIndex
Reading package lists...
+ apt-get install --yes --no-install-recommends --force-yes clang-3.3
Reading package lists...
Building dependency tree...
Reading state information...
The following extra packages will be installed:
  libclang-common-3.3-dev libclang1-3.3 libffi6 libllvm3.3 libobjc-4.7-dev
  libobjc4 libstdc++6-4.7-dev
Suggested packages:
  libstdc++6-4.7-doc
Recommended packages:
  llvm-3.3-dev python
The following NEW packages will be installed:
  clang-3.3 libclang-common-3.3-dev libclang1-3.3 libffi6 libllvm3.3
  libobjc-4.7-dev libobjc4 libstdc++6-4.7-dev
0 upgraded, 8 newly installed, 0 to remove and 0 not upgraded.
Need to get 27.2 MB of archives.
After this operation, 80.8 MB of additional disk space will be used.
Get:1 http://localhost:9999/debian/ unstable/main libffi6 amd64 3.0.13-4 [21.6 kB]
Get:2 http://localhost:9999/debian/ unstable/main libllvm3.3 amd64 1:3.3-3 [8575 kB]
Get:3 http://localhost:9999/debian/ unstable/main libobjc4 amd64 4.8.1-6 [160 kB]
Get:4 http://localhost:9999/debian/ unstable/main libstdc++6-4.7-dev amd64 4.7.3-6 [1694 kB]
Get:5 http://localhost:9999/debian/ unstable/main libobjc-4.7-dev amd64 4.7.3-6 [719 kB]
Get:6 http://localhost:9999/debian/ unstable/main libclang-common-3.3-dev amd64 1:3.3-3 [574 kB]
Get:7 http://localhost:9999/debian/ unstable/main libclang1-3.3 amd64 1:3.3-3 [4579 kB]
Get:8 http://localhost:9999/debian/ unstable/main clang-3.3 amd64 1:3.3-3 [10.9 MB]
debconf: delaying package configuration, since apt-utils is not installed
Fetched 27.2 MB in 1s (25.7 MB/s)
Selecting previously unselected package libffi6:amd64.
(Reading database ... 13843 files and directories currently installed.)
Unpacking libffi6:amd64 (from .../libffi6_3.0.13-4_amd64.deb) ...
Selecting previously unselected package libllvm3.3:amd64.
Unpacking libllvm3.3:amd64 (from .../libllvm3.3_1%3a3.3-3_amd64.deb) ...
Selecting previously unselected package libobjc4:amd64.
Unpacking libobjc4:amd64 (from .../libobjc4_4.8.1-6_amd64.deb) ...
Selecting previously unselected package libstdc++6-4.7-dev:amd64.
Unpacking libstdc++6-4.7-dev:amd64 (from .../libstdc++6-4.7-dev_4.7.3-6_amd64.deb) ...
Selecting previously unselected package libobjc-4.7-dev:amd64.
Unpacking libobjc-4.7-dev:amd64 (from .../libobjc-4.7-dev_4.7.3-6_amd64.deb) ...
Selecting previously unselected package libclang-common-3.3-dev.
Unpacking libclang-common-3.3-dev (from .../libclang-common-3.3-dev_1%3a3.3-3_amd64.deb) ...
Selecting previously unselected package libclang1-3.3.
Unpacking libclang1-3.3 (from .../libclang1-3.3_1%3a3.3-3_amd64.deb) ...
Selecting previously unselected package clang-3.3.
Unpacking clang-3.3 (from .../clang-3.3_1%3a3.3-3_amd64.deb) ...
Setting up libffi6:amd64 (3.0.13-4) ...
Setting up libllvm3.3:amd64 (1:3.3-3) ...
Setting up libobjc4:amd64 (4.8.1-6) ...
Setting up libstdc++6-4.7-dev:amd64 (4.7.3-6) ...
Setting up libobjc-4.7-dev:amd64 (4.7.3-6) ...
Setting up libclang-common-3.3-dev (1:3.3-3) ...
Setting up libclang1-3.3 (1:3.3-3) ...
Setting up clang-3.3 (1:3.3-3) ...
Processing triggers for libc-bin ...
+ echo 'Replace gcc, g++ & cpp by clang'
Replace gcc, g++ & cpp by clang
+ VERSIONS='4.6 4.7 4.8'
+ cd /usr/bin
+ for VERSION in '$VERSIONS'
+ rm -f g++-4.6 gcc-4.6 cpp-4.6
+ ln -s clang++ g++-4.6
+ ln -s clang gcc-4.6
+ ln -s clang cpp-4.6
+ for VERSION in '$VERSIONS'
+ rm -f g++-4.7 gcc-4.7 cpp-4.7
+ ln -s clang++ g++-4.7
+ ln -s clang gcc-4.7
+ ln -s clang cpp-4.7
+ for VERSION in '$VERSIONS'
+ rm -f g++-4.8 gcc-4.8 cpp-4.8
+ ln -s clang++ g++-4.8
+ ln -s clang gcc-4.8
+ ln -s clang cpp-4.8
+ cd -
/«BUILDDIR»
+ echo 'Block the installation of new gcc version'
Block the installation of new gcc version
+ dpkg --set-selections
+ echo 'gcc-4.6 hold'
+ dpkg --set-selections
+ echo 'cpp-4.6 hold'
+ dpkg --set-selections
+ echo 'g++-4.6 hold'
+ dpkg --set-selections
+ echo 'gcc-4.7 hold'
+ dpkg --set-selections
+ echo 'cpp-4.7 hold'
+ dpkg --set-selections
+ echo 'g++-4.7 hold'
+ dpkg --set-selections
+ echo 'gcc-4.8 hold'
+ dpkg --set-selections
+ echo 'cpp-4.8 hold'
+ dpkg --set-selections
+ echo 'g++-4.8 hold'
+ echo 'Check if gcc, g++ & cpp are actually clang'
Check if gcc, g++ & cpp are actually clang
+ grep clang
+ gcc --version
+ grep clang
+ cpp --version
+ grep clang
+ g++ --version

I: Finished running '/tmp/switch-to-clang'.

Finished processing commands.
────────────────────────────────────────────────────────────────────────────────
Merged Build-Depends: build-essential, fakeroot
Filtered Build-Depends: build-essential, fakeroot
dpkg-deb: building package `sbuild-build-depends-core-dummy' in `/«BUILDDIR»/resolver-Kku8TC/apt_archive/sbuild-build-depends-core-dummy.deb'.
OK
Reading package lists...

┌──────────────────────────────────────────────────────────────────────────────┐
│ Install core build dependencies (apt-based resolver)                         │
└──────────────────────────────────────────────────────────────────────────────┘

Installing build dependencies
Reading package lists...
Building dependency tree...
Reading state information...
The following NEW packages will be installed:
  sbuild-build-depends-core-dummy
debconf: delaying package configuration, since apt-utils is not installed
0 upgraded, 1 newly installed, 0 to remove and 0 not upgraded.
Need to get 0 B/710 B of archives.
After this operation, 0 B of additional disk space will be used.
Selecting previously unselected package sbuild-build-depends-core-dummy.
(Reading database ... 14698 files and directories currently installed.)
Unpacking sbuild-build-depends-core-dummy (from .../sbuild-build-depends-core-dummy.deb) ...
Setting up sbuild-build-depends-core-dummy (0.invalid.0) ...
Merged Build-Depends: base-files, base-passwd, bash, bsdutils, coreutils, dash, debianutils, diffutils, dpkg, e2fsprogs, findutils, grep, gzip, hostname, libc-bin, login, mount, ncurses-base, ncurses-bin, perl-base, sed, sysvinit, sysvinit-utils, tar, util-linux, libc6-dev | libc-dev, gcc (>= 4:4.4.3), g++ (>= 4:4.4.3), make, dpkg-dev (>= 1.13.5), debhelper (>= 9), cmake
Filtered Build-Depends: base-files, base-passwd, bash, bsdutils, coreutils, dash, debianutils, diffutils, dpkg, e2fsprogs, findutils, grep, gzip, hostname, libc-bin, login, mount, ncurses-base, ncurses-bin, perl-base, sed, sysvinit, sysvinit-utils, tar, util-linux, libc6-dev, gcc (>= 4:4.4.3), g++ (>= 4:4.4.3), make, dpkg-dev (>= 1.13.5), debhelper (>= 9), cmake
dpkg-deb: building package `sbuild-build-depends-alglib-dummy' in `/«BUILDDIR»/resolver-iUiK_7/apt_archive/sbuild-build-depends-alglib-dummy.deb'.
OK
Reading package lists...

┌──────────────────────────────────────────────────────────────────────────────┐
│ Install alglib build dependencies (apt-based resolver)                       │
└──────────────────────────────────────────────────────────────────────────────┘

Installing build dependencies
Reading package lists...
Building dependency tree...
Reading state information...
The following extra packages will be installed:
  bsdmainutils cmake cmake-data debhelper emacsen-common file gettext
  gettext-base groff-base intltool-debian libarchive13 libasprintf0c2
  libcroco3 libcurl3-gnutls libexpat1 libgcrypt11 libglib2.0-0 libgnutls26
  libgpg-error0 libgssapi-krb5-2 libidn11 libk5crypto3 libkeyutils1 libkrb5-3
  libkrb5support0 libldap-2.4-2 liblzo2-2 libmagic1 libncursesw5 libnettle4
  libp11-kit0 libpipeline1 libprocps1 librtmp0 libsasl2-2 libsasl2-modules
  libssh2-1 libssl1.0.0 libtasn1-3 libunistring0 libxml2 man-db po-debconf
  procps
Suggested packages:
  wamerican wordlist whois vacation codeblocks eclipse dh-make gettext-doc
  groff lrzip rng-tools krb5-doc krb5-user libsasl2-modules-otp
  libsasl2-modules-ldap libsasl2-modules-sql libsasl2-modules-gssapi-mit
  libsasl2-modules-gssapi-heimdal less www-browser libmail-box-perl
Recommended packages:
  curl wget lynx-cur autopoint libasprintf-dev libgettextpo-dev
  ca-certificates libglib2.0-data shared-mime-info krb5-locales xml-core
  libmail-sendmail-perl psmisc
The following NEW packages will be installed:
  bsdmainutils cmake cmake-data debhelper emacsen-common file gettext
  gettext-base groff-base intltool-debian libarchive13 libasprintf0c2
  libcroco3 libcurl3-gnutls libexpat1 libgcrypt11 libglib2.0-0 libgnutls26
  libgpg-error0 libgssapi-krb5-2 libidn11 libk5crypto3 libkeyutils1 libkrb5-3
  libkrb5support0 libldap-2.4-2 liblzo2-2 libmagic1 libncursesw5 libnettle4
  libp11-kit0 libpipeline1 libprocps1 librtmp0 libsasl2-2 libsasl2-modules
  libssh2-1 libssl1.0.0 libtasn1-3 libunistring0 libxml2 man-db po-debconf
  procps sbuild-build-depends-alglib-dummy
0 upgraded, 45 newly installed, 0 to remove and 0 not upgraded.
Need to get 20.9 MB/20.9 MB of archives.
After this operation, 53.9 MB of additional disk space will be used.
Get:1 http://localhost:9999/debian/ unstable/main libncursesw5 amd64 5.9+20130608-1 [141 kB]
Get:2 http://localhost:9999/debian/ unstable/main libpipeline1 amd64 1.2.4-1 [41.0 kB]
Get:3 http://localhost:9999/debian/ unstable/main libprocps1 amd64 1:3.3.8-2 [59.8 kB]
Get:4 http://localhost:9999/debian/ unstable/main libssl1.0.0 amd64 1.0.1e-3 [1242 kB]
Get:5 http://localhost:9999/debian/ unstable/main groff-base amd64 1.22.2-3 [747 kB]
Get:6 http://localhost:9999/debian/ unstable/main bsdmainutils amd64 9.0.5 [211 kB]
Get:7 http://localhost:9999/debian/ unstable/main man-db amd64 2.6.5-2 [976 kB]
Get:8 http://localhost:9999/debian/ unstable/main libasprintf0c2 amd64 0.18.2.1-1 [28.9 kB]
Get:9 http://localhost:9999/debian/ unstable/main libgpg-error0 amd64 1.10-3.1 [77.9 kB]
Get:10 http://localhost:9999/debian/ unstable/main libgcrypt11 amd64 1.5.2-3 [296 kB]
Get:11 http://localhost:9999/debian/ unstable/main libp11-kit0 amd64 0.18.4-1 [115 kB]
Get:12 http://localhost:9999/debian/ unstable/main libtasn1-3 amd64 2.14-3 [68.5 kB]
Get:13 http://localhost:9999/debian/ unstable/main libgnutls26 amd64 2.12.23-5 [617 kB]
Get:14 http://localhost:9999/debian/ unstable/main libkeyutils1 amd64 1.5.5-7 [8808 B]
Get:15 http://localhost:9999/debian/ unstable/main libkrb5support0 amd64 1.10.1+dfsg-6.1 [49.3 kB]
Get:16 http://localhost:9999/debian/ unstable/main libk5crypto3 amd64 1.10.1+dfsg-6.1 [112 kB]
Get:17 http://localhost:9999/debian/ unstable/main libkrb5-3 amd64 1.10.1+dfsg-6.1 [392 kB]
Get:18 http://localhost:9999/debian/ unstable/main libgssapi-krb5-2 amd64 1.10.1+dfsg-6.1 [147 kB]
Get:19 http://localhost:9999/debian/ unstable/main libidn11 amd64 1.25-2 [178 kB]
Get:20 http://localhost:9999/debian/ unstable/main libsasl2-modules amd64 2.1.25.dfsg1-13 [123 kB]
Get:21 http://localhost:9999/debian/ unstable/main libsasl2-2 amd64 2.1.25.dfsg1-13 [109 kB]
Get:22 http://localhost:9999/debian/ unstable/main libldap-2.4-2 amd64 2.4.31-1+nmu2 [243 kB]
Get:23 http://localhost:9999/debian/ unstable/main libmagic1 amd64 1:5.14-2 [216 kB]
Get:24 http://localhost:9999/debian/ unstable/main libxml2 amd64 2.9.1+dfsg1-2 [911 kB]
Get:25 http://localhost:9999/debian/ unstable/main liblzo2-2 amd64 2.06-1 [57.7 kB]
Get:26 http://localhost:9999/debian/ unstable/main libnettle4 amd64 2.7.1-1 [189 kB]
Get:27 http://localhost:9999/debian/ unstable/main libarchive13 amd64 3.1.2-7 [319 kB]
Get:28 http://localhost:9999/debian/ unstable/main libglib2.0-0 amd64 2.36.3-3 [2048 kB]
Get:29 http://localhost:9999/debian/ unstable/main libcroco3 amd64 0.6.8-2 [133 kB]
Get:30 http://localhost:9999/debian/ unstable/main librtmp0 amd64 2.4+20121230.gitdf6c518-1 [62.3 kB]
Get:31 http://localhost:9999/debian/ unstable/main libssh2-1 amd64 1.4.3-1 [135 kB]
Get:32 http://localhost:9999/debian/ unstable/main libcurl3-gnutls amd64 7.31.0-2 [279 kB]
Get:33 http://localhost:9999/debian/ unstable/main libexpat1 amd64 2.1.0-4 [138 kB]
Get:34 http://localhost:9999/debian/ unstable/main libunistring0 amd64 0.9.3-5 [434 kB]
Get:35 http://localhost:9999/debian/ unstable/main procps amd64 1:3.3.8-2 [274 kB]
Get:36 http://localhost:9999/debian/ unstable/main file amd64 1:5.14-2 [54.0 kB]
Get:37 http://localhost:9999/debian/ unstable/main gettext-base amd64 0.18.2.1-1 [156 kB]
Get:38 http://localhost:9999/debian/ unstable/main emacsen-common all 2.0.5 [20.9 kB]
Get:39 http://localhost:9999/debian/ unstable/main cmake-data all 2.8.11.2-1 [1397 kB]
Get:40 http://localhost:9999/debian/ unstable/main cmake amd64 2.8.11.2-1 [5129 kB]
Get:41 http://localhost:9999/debian/ unstable/main gettext amd64 0.18.2.1-1 [2019 kB]
Get:42 http://localhost:9999/debian/ unstable/main intltool-debian all 0.35.0+20060710.1 [30.8 kB]
Get:43 http://localhost:9999/debian/ unstable/main po-debconf all 1.0.16+nmu2 [224 kB]
Get:44 http://localhost:9999/debian/ unstable/main debhelper all 9.20130630 [710 kB]
debconf: delaying package configuration, since apt-utils is not installed
Fetched 20.9 MB in 1s (20.9 MB/s)
Selecting previously unselected package libncursesw5:amd64.
(Reading database ... 14698 files and directories currently installed.)
Unpacking libncursesw5:amd64 (from .../libncursesw5_5.9+20130608-1_amd64.deb) ...
Selecting previously unselected package libpipeline1:amd64.
Unpacking libpipeline1:amd64 (from .../libpipeline1_1.2.4-1_amd64.deb) ...
Selecting previously unselected package libprocps1:amd64.
Unpacking libprocps1:amd64 (from .../libprocps1_1%3a3.3.8-2_amd64.deb) ...
Selecting previously unselected package libssl1.0.0:amd64.
Unpacking libssl1.0.0:amd64 (from .../libssl1.0.0_1.0.1e-3_amd64.deb) ...
Selecting previously unselected package groff-base.
Unpacking groff-base (from .../groff-base_1.22.2-3_amd64.deb) ...
Selecting previously unselected package bsdmainutils.
Unpacking bsdmainutils (from .../bsdmainutils_9.0.5_amd64.deb) ...
Selecting previously unselected package man-db.
Unpacking man-db (from .../man-db_2.6.5-2_amd64.deb) ...
Selecting previously unselected package libasprintf0c2:amd64.
Unpacking libasprintf0c2:amd64 (from .../libasprintf0c2_0.18.2.1-1_amd64.deb) ...
Selecting previously unselected package libgpg-error0:amd64.
Unpacking libgpg-error0:amd64 (from .../libgpg-error0_1.10-3.1_amd64.deb) ...
Selecting previously unselected package libgcrypt11:amd64.
Unpacking libgcrypt11:amd64 (from .../libgcrypt11_1.5.2-3_amd64.deb) ...
Selecting previously unselected package libp11-kit0:amd64.
Unpacking libp11-kit0:amd64 (from .../libp11-kit0_0.18.4-1_amd64.deb) ...
Selecting previously unselected package libtasn1-3:amd64.
Unpacking libtasn1-3:amd64 (from .../libtasn1-3_2.14-3_amd64.deb) ...
Selecting previously unselected package libgnutls26:amd64.
Unpacking libgnutls26:amd64 (from .../libgnutls26_2.12.23-5_amd64.deb) ...
Selecting previously unselected package libkeyutils1:amd64.
Unpacking libkeyutils1:amd64 (from .../libkeyutils1_1.5.5-7_amd64.deb) ...
Selecting previously unselected package libkrb5support0:amd64.
Unpacking libkrb5support0:amd64 (from .../libkrb5support0_1.10.1+dfsg-6.1_amd64.deb) ...
Selecting previously unselected package libk5crypto3:amd64.
Unpacking libk5crypto3:amd64 (from .../libk5crypto3_1.10.1+dfsg-6.1_amd64.deb) ...
Selecting previously unselected package libkrb5-3:amd64.
Unpacking libkrb5-3:amd64 (from .../libkrb5-3_1.10.1+dfsg-6.1_amd64.deb) ...
Selecting previously unselected package libgssapi-krb5-2:amd64.
Unpacking libgssapi-krb5-2:amd64 (from .../libgssapi-krb5-2_1.10.1+dfsg-6.1_amd64.deb) ...
Selecting previously unselected package libidn11:amd64.
Unpacking libidn11:amd64 (from .../libidn11_1.25-2_amd64.deb) ...
Selecting previously unselected package libsasl2-modules:amd64.
Unpacking libsasl2-modules:amd64 (from .../libsasl2-modules_2.1.25.dfsg1-13_amd64.deb) ...
Selecting previously unselected package libsasl2-2:amd64.
Unpacking libsasl2-2:amd64 (from .../libsasl2-2_2.1.25.dfsg1-13_amd64.deb) ...
Selecting previously unselected package libldap-2.4-2:amd64.
Unpacking libldap-2.4-2:amd64 (from .../libldap-2.4-2_2.4.31-1+nmu2_amd64.deb) ...
Selecting previously unselected package libmagic1:amd64.
Unpacking libmagic1:amd64 (from .../libmagic1_1%3a5.14-2_amd64.deb) ...
Selecting previously unselected package libxml2:amd64.
Unpacking libxml2:amd64 (from .../libxml2_2.9.1+dfsg1-2_amd64.deb) ...
Selecting previously unselected package liblzo2-2:amd64.
Unpacking liblzo2-2:amd64 (from .../liblzo2-2_2.06-1_amd64.deb) ...
Selecting previously unselected package libnettle4:amd64.
Unpacking libnettle4:amd64 (from .../libnettle4_2.7.1-1_amd64.deb) ...
Selecting previously unselected package libarchive13:amd64.
Unpacking libarchive13:amd64 (from .../libarchive13_3.1.2-7_amd64.deb) ...
Selecting previously unselected package libglib2.0-0:amd64.
Unpacking libglib2.0-0:amd64 (from .../libglib2.0-0_2.36.3-3_amd64.deb) ...
Selecting previously unselected package libcroco3:amd64.
Unpacking libcroco3:amd64 (from .../libcroco3_0.6.8-2_amd64.deb) ...
Selecting previously unselected package librtmp0:amd64.
Unpacking librtmp0:amd64 (from .../librtmp0_2.4+20121230.gitdf6c518-1_amd64.deb) ...
Selecting previously unselected package libssh2-1:amd64.
Unpacking libssh2-1:amd64 (from .../libssh2-1_1.4.3-1_amd64.deb) ...
Selecting previously unselected package libcurl3-gnutls:amd64.
Unpacking libcurl3-gnutls:amd64 (from .../libcurl3-gnutls_7.31.0-2_amd64.deb) ...
Selecting previously unselected package libexpat1:amd64.
Unpacking libexpat1:amd64 (from .../libexpat1_2.1.0-4_amd64.deb) ...
Selecting previously unselected package libunistring0:amd64.
Unpacking libunistring0:amd64 (from .../libunistring0_0.9.3-5_amd64.deb) ...
Selecting previously unselected package procps.
Unpacking procps (from .../procps_1%3a3.3.8-2_amd64.deb) ...
Selecting previously unselected package file.
Unpacking file (from .../file_1%3a5.14-2_amd64.deb) ...
Selecting previously unselected package gettext-base.
Unpacking gettext-base (from .../gettext-base_0.18.2.1-1_amd64.deb) ...
Selecting previously unselected package emacsen-common.
Unpacking emacsen-common (from .../emacsen-common_2.0.5_all.deb) ...
Selecting previously unselected package cmake-data.
Unpacking cmake-data (from .../cmake-data_2.8.11.2-1_all.deb) ...
Selecting previously unselected package cmake.
Unpacking cmake (from .../cmake_2.8.11.2-1_amd64.deb) ...
Selecting previously unselected package gettext.
Unpacking gettext (from .../gettext_0.18.2.1-1_amd64.deb) ...
Selecting previously unselected package intltool-debian.
Unpacking intltool-debian (from .../intltool-debian_0.35.0+20060710.1_all.deb) ...
Selecting previously unselected package po-debconf.
Unpacking po-debconf (from .../po-debconf_1.0.16+nmu2_all.deb) ...
Selecting previously unselected package debhelper.
Unpacking debhelper (from .../debhelper_9.20130630_all.deb) ...
Selecting previously unselected package sbuild-build-depends-alglib-dummy.
Unpacking sbuild-build-depends-alglib-dummy (from .../sbuild-build-depends-alglib-dummy.deb) ...
Setting up libncursesw5:amd64 (5.9+20130608-1) ...
Setting up libpipeline1:amd64 (1.2.4-1) ...
Setting up libprocps1:amd64 (1:3.3.8-2) ...
Setting up libssl1.0.0:amd64 (1.0.1e-3) ...
Setting up groff-base (1.22.2-3) ...
Setting up bsdmainutils (9.0.5) ...
update-alternatives: using /usr/bin/bsd-write to provide /usr/bin/write (write) in auto mode
update-alternatives: using /usr/bin/bsd-from to provide /usr/bin/from (from) in auto mode
Setting up man-db (2.6.5-2) ...
Not building database; man-db/auto-update is not 'true'.
Setting up libasprintf0c2:amd64 (0.18.2.1-1) ...
Setting up libgpg-error0:amd64 (1.10-3.1) ...
Setting up libgcrypt11:amd64 (1.5.2-3) ...
Setting up libp11-kit0:amd64 (0.18.4-1) ...
Setting up libtasn1-3:amd64 (2.14-3) ...
Setting up libgnutls26:amd64 (2.12.23-5) ...
Setting up libkeyutils1:amd64 (1.5.5-7) ...
Setting up libkrb5support0:amd64 (1.10.1+dfsg-6.1) ...
Setting up libk5crypto3:amd64 (1.10.1+dfsg-6.1) ...
Setting up libkrb5-3:amd64 (1.10.1+dfsg-6.1) ...
Setting up libgssapi-krb5-2:amd64 (1.10.1+dfsg-6.1) ...
Setting up libidn11:amd64 (1.25-2) ...
Setting up libsasl2-modules:amd64 (2.1.25.dfsg1-13) ...
Setting up libsasl2-2:amd64 (2.1.25.dfsg1-13) ...
Setting up libldap-2.4-2:amd64 (2.4.31-1+nmu2) ...
Setting up libmagic1:amd64 (1:5.14-2) ...
Setting up libxml2:amd64 (2.9.1+dfsg1-2) ...
Setting up liblzo2-2:amd64 (2.06-1) ...
Setting up libnettle4:amd64 (2.7.1-1) ...
Setting up libarchive13:amd64 (3.1.2-7) ...
Setting up libglib2.0-0:amd64 (2.36.3-3) ...
No schema files found: doing nothing.
Setting up libcroco3:amd64 (0.6.8-2) ...
Setting up librtmp0:amd64 (2.4+20121230.gitdf6c518-1) ...
Setting up libssh2-1:amd64 (1.4.3-1) ...
Setting up libcurl3-gnutls:amd64 (7.31.0-2) ...
Setting up libexpat1:amd64 (2.1.0-4) ...
Setting up libunistring0:amd64 (0.9.3-5) ...
Setting up procps (1:3.3.8-2) ...
update-alternatives: using /usr/bin/w.procps to provide /usr/bin/w (w) in auto mode
update-rc.d: warning: start and stop actions are no longer supported; falling back to defaults
All runlevel operations denied by policy
invoke-rc.d: policy-rc.d denied execution of start.
Setting up file (1:5.14-2) ...
Setting up gettext-base (0.18.2.1-1) ...
Setting up emacsen-common (2.0.5) ...
Setting up cmake-data (2.8.11.2-1) ...
Install cmake-data for emacs
Setting up cmake (2.8.11.2-1) ...
Setting up gettext (0.18.2.1-1) ...
Setting up intltool-debian (0.35.0+20060710.1) ...
Setting up po-debconf (1.0.16+nmu2) ...
Setting up debhelper (9.20130630) ...
Setting up sbuild-build-depends-alglib-dummy (0.invalid.0) ...
Processing triggers for libc-bin ...

┌──────────────────────────────────────────────────────────────────────────────┐
│ Build environment                                                            │
└──────────────────────────────────────────────────────────────────────────────┘

Kernel: Linux 2.6.32-5-xen-amd64 amd64 (x86_64)
Toolchain package versions: binutils_2.23.52.20130620-1 dpkg-dev_1.16.10 g++-4.6_4.6.4-4 g++-4.8_4.8.1-6 gcc-4.6_4.6.4-4 gcc-4.7_4.7.3-6 gcc-4.8_4.8.1-6 libc6-dev_2.17-7 libstdc++-4.8-dev_4.8.1-6 libstdc++6_4.8.1-6 libstdc++6-4.6-dev_4.6.4-4 libstdc++6-4.7-dev_4.7.3-6 linux-libc-dev_3.9.8-1
Package versions: apt_0.9.9.1 base-files_7.2 base-passwd_3.5.26 bash_4.2+dfsg-1 binutils_2.23.52.20130620-1 bsdmainutils_9.0.5 bsdutils_1:2.20.1-5.5 build-essential_11.6 bzip2_1.0.6-4 clang-3.3_1:3.3-3 cmake_2.8.11.2-1 cmake-data_2.8.11.2-1 coreutils_8.20-3 cpp_4:4.8.1-2 cpp-4.6_4.6.4-4 cpp-4.7_4.7.3-6 cpp-4.8_4.8.1-6 dash_0.5.7-3 debconf_1.5.50 debconf-i18n_1.5.50 debfoster_2.7-1.2 debhelper_9.20130630 debian-archive-keyring_2012.4 debianutils_4.3.4 diffutils_1:3.2-8 dpkg_1.16.10 dpkg-dev_1.16.10 e2fslibs_1.42.8-1 e2fsprogs_1.42.8-1 emacsen-common_2.0.5 fakeroot_1.19-2 file_1:5.14-2 findutils_4.4.2-6 g++_4:4.8.1-2 g++-4.6_4.6.4-4 g++-4.8_4.8.1-6 gcc_4:4.8.1-2 gcc-4.4-base_4.4.7-4 gcc-4.5-base_4.5.4-1 gcc-4.6_4.6.4-4 gcc-4.6-base_4.6.4-4 gcc-4.7_4.7.3-6 gcc-4.7-base_4.7.3-6 gcc-4.8_4.8.1-6 gcc-4.8-base_4.8.1-6 gettext_0.18.2.1-1 gettext-base_0.18.2.1-1 gnupg_1.4.12-7 gpgv_1.4.12-7 grep_2.14-2 groff-base_1.22.2-3 gzip_1.6-1 hostname_3.13 initscripts_2.88dsf-42 insserv_1.14.0-5 intltool-debian_0.35.0+20060710.1 libacl1_2.2.52-1 libapt-pkg4.12_0.9.9.1 libarchive13_3.1.2-7 libasan0_4.8.1-6 libasprintf0c2_0.18.2.1-1 libatomic1_4.8.1-6 libattr1_1:2.4.47-1 libblkid1_2.20.1-5.5 libbz2-1.0_1.0.6-4 libc-bin_2.17-7 libc-dev-bin_2.17-7 libc6_2.17-7 libc6-dev_2.17-7 libcap2_1:2.22-1.2 libclang-common-3.3-dev_1:3.3-3 libclang1-3.3_1:3.3-3 libclass-isa-perl_0.36-5 libcloog-isl4_0.18.0-2 libcloog-ppl1_0.16.1-3 libcomerr2_1.42.8-1 libcroco3_0.6.8-2 libcurl3-gnutls_7.31.0-2 libdb5.1_5.1.29-6 libdpkg-perl_1.16.10 libexpat1_2.1.0-4 libffi6_3.0.13-4 libfile-fcntllock-perl_0.14-2 libgc1c2_1:7.2d-5 libgcc-4.7-dev_4.7.3-6 libgcc-4.8-dev_4.8.1-6 libgcc1_1:4.8.1-6 libgcrypt11_1.5.2-3 libgdbm3_1.8.3-12 libglib2.0-0_2.36.3-3 libgmp10_2:5.1.2+dfsg-2 libgmpxx4ldbl_2:5.1.2+dfsg-2 libgnutls26_2.12.23-5 libgomp1_4.8.1-6 libgpg-error0_1.10-3.1 libgpm2_1.20.4-6.1 libgssapi-krb5-2_1.10.1+dfsg-6.1 libidn11_1.25-2 libisl10_0.11.2-1 libitm1_4.8.1-6 libk5crypto3_1.10.1+dfsg-6.1 libkeyutils1_1.5.5-7 libkrb5-3_1.10.1+dfsg-6.1 libkrb5support0_1.10.1+dfsg-6.1 libldap-2.4-2_2.4.31-1+nmu2 libllvm3.3_1:3.3-3 liblocale-gettext-perl_1.05-7+b1 liblzma5_5.1.1alpha+20120614-2 liblzo2-2_2.06-1 libmagic1_1:5.14-2 libmount1_2.20.1-5.5 libmpc2_0.9-4 libmpc3_1.0.1-1 libmpfr4_3.1.1-1 libncurses5_5.9+20130608-1 libncursesw5_5.9+20130608-1 libnettle4_2.7.1-1 libobjc-4.7-dev_4.7.3-6 libobjc4_4.8.1-6 libp11-kit0_0.18.4-1 libpam-modules_1.1.3-9 libpam-modules-bin_1.1.3-9 libpam-runtime_1.1.3-9 libpam0g_1.1.3-9 libpcre3_1:8.31-2 libpipeline1_1.2.4-1 libppl-c4_1:1.0-7 libppl12_1:1.0-7 libprocps1_1:3.3.8-2 libquadmath0_4.8.1-6 libreadline6_6.2+dfsg-0.1 librtmp0_2.4+20121230.gitdf6c518-1 libsasl2-2_2.1.25.dfsg1-13 libsasl2-modules_2.1.25.dfsg1-13 libselinux1_2.1.13-2 libsemanage-common_2.1.10-2 libsemanage1_2.1.10-2 libsepol1_2.1.9-2 libslang2_2.2.4-15 libss2_1.42.8-1 libssh2-1_1.4.3-1 libssl1.0.0_1.0.1e-3 libstdc++-4.8-dev_4.8.1-6 libstdc++6_4.8.1-6 libstdc++6-4.6-dev_4.6.4-4 libstdc++6-4.7-dev_4.7.3-6 libswitch-perl_2.16-2 libtasn1-3_2.14-3 libtext-charwidth-perl_0.04-7+b1 libtext-iconv-perl_1.7-5 libtext-wrapi18n-perl_0.06-7 libtimedate-perl_1.2000-1 libtinfo5_5.9+20130608-1 libtsan0_4.8.1-6 libunistring0_0.9.3-5 libusb-0.1-4_2:0.1.12-23.2 libustr-1.0-1_1.0.4-3 libuuid1_2.20.1-5.5 libxml2_2.9.1+dfsg1-2 linux-libc-dev_3.9.8-1 login_1:4.1.5.1-1 lsb-base_4.1+Debian12 make_3.81-8.2 man-db_2.6.5-2 mawk_1.3.3-17 mount_2.20.1-5.5 multiarch-support_2.17-7 ncurses-base_5.9+20130608-1 ncurses-bin_5.9+20130608-1 passwd_1:4.1.5.1-1 patch_2.7.1-3 perl_5.14.2-21 perl-base_5.14.2-21 perl-modules_5.14.2-21 po-debconf_1.0.16+nmu2 procps_1:3.3.8-2 readline-common_6.2+dfsg-0.1 sbuild-build-depends-alglib-dummy_0.invalid.0 sbuild-build-depends-core-dummy_0.invalid.0 sed_4.2.2-1 sensible-utils_0.0.9 sudo_1.8.5p2-1+nmu1 sysv-rc_2.88dsf-42 sysvinit_2.88dsf-42 sysvinit-utils_2.88dsf-42 tar_1.26+dfsg-6 tzdata_2013c-2 ucf_3.0027+nmu1 util-linux_2.20.1-5.5 vim_2:7.3.923-3 vim-common_2:7.3.923-3 vim-runtime_2:7.3.923-3 xz-utils_5.1.1alpha+20120614-2 zlib1g_1:1.2.8.dfsg-1

┌──────────────────────────────────────────────────────────────────────────────┐
│ Build                                                                        │
└──────────────────────────────────────────────────────────────────────────────┘


Unpack source
─────────────

gpgv: keyblock resource `/sbuild-nonexistent/.gnupg/trustedkeys.gpg': file open error
gpgv: Signature made Fri Jun  7 20:35:50 2013 UTC using RSA key ID CFA7FF06
gpgv: Can't check signature: public key not found
dpkg-source: warning: failed to verify signature on ./alglib_3.7.0-7.dsc
dpkg-source: info: extracting alglib in alglib-3.7.0
dpkg-source: info: unpacking alglib_3.7.0.orig.tar.gz
tar: A lone zero block at 24140
dpkg-source: info: unpacking alglib_3.7.0-7.debian.tar.gz
dpkg-source: info: applying 01_add_cmake.patch
dpkg-source: info: applying 02_disable_some_tests.patch

Check disc space
────────────────

Sufficient free space for build

Hack binNMU version
───────────────────

Created changelog entry for binNMU version 3.7.0-7clang1

User Environment
────────────────

HOME=/sbuild-nonexistent
LOGNAME=user
PATH=/usr/local/sbin:/usr/local/bin:/usr/sbin:/usr/bin:/sbin:/bin:/usr/games
SCHROOT_ALIAS_NAME=unstable-amd64-sbuild
SCHROOT_CHROOT_NAME=unstable-amd64-sbuild
SCHROOT_COMMAND=env
SCHROOT_GID=1000
SCHROOT_GROUP=user
SCHROOT_SESSION_ID=unstable-amd64-sbuild-a00b1930-bba6-44f4-801c-95d6705f31b3
SCHROOT_UID=1000
SCHROOT_USER=user
SHELL=/bin/sh
USER=user

dpkg-buildpackage
─────────────────

dpkg-buildpackage: source package alglib
dpkg-buildpackage: source version 3.7.0-7clang1
 dpkg-source --before-build alglib-3.7.0
dpkg-buildpackage: host architecture amd64
 fakeroot debian/rules clean
dh clean --parallel
   dh_testdir -O--parallel
   dh_auto_clean -O--parallel
   dh_clean -O--parallel
 debian/rules build-arch
dh build-arch --parallel
   dh_testdir -a -O--parallel
   dh_auto_configure -a -O--parallel
-- The CXX compiler identification is Clang 3.3.0
-- Check for working CXX compiler: /usr/bin/c++
-- Check for working CXX compiler: /usr/bin/c++ -- works
-- Detecting CXX compiler ABI info
-- Detecting CXX compiler ABI info - done
-- Configuring done
-- Generating done
-- Build files have been written to: /«PKGBUILDDIR»/obj-x86_64-linux-gnu
   dh_auto_build -a -O--parallel
make[1]: Entering directory `/«PKGBUILDDIR»/obj-x86_64-linux-gnu'
/usr/bin/cmake -H/«PKGBUILDDIR» -B/«PKGBUILDDIR»/obj-x86_64-linux-gnu --check-build-system CMakeFiles/Makefile.cmake 0
/usr/bin/cmake -E cmake_progress_start /«PKGBUILDDIR»/obj-x86_64-linux-gnu/CMakeFiles /«PKGBUILDDIR»/obj-x86_64-linux-gnu/CMakeFiles/progress.marks
make -f CMakeFiles/Makefile2 all
make[2]: Entering directory `/«PKGBUILDDIR»/obj-x86_64-linux-gnu'
make -f CMakeFiles/alglib.dir/build.make CMakeFiles/alglib.dir/depend
make[3]: Entering directory `/«PKGBUILDDIR»/obj-x86_64-linux-gnu'
cd /«PKGBUILDDIR»/obj-x86_64-linux-gnu && /usr/bin/cmake -E cmake_depends "Unix Makefiles" /«PKGBUILDDIR» /«PKGBUILDDIR» /«PKGBUILDDIR»/obj-x86_64-linux-gnu /«PKGBUILDDIR»/obj-x86_64-linux-gnu /«PKGBUILDDIR»/obj-x86_64-linux-gnu/CMakeFiles/alglib.dir/DependInfo.cmake --color=
Scanning dependencies of target alglib
make[3]: Leaving directory `/«PKGBUILDDIR»/obj-x86_64-linux-gnu'
make -f CMakeFiles/alglib.dir/build.make CMakeFiles/alglib.dir/build
make[3]: Entering directory `/«PKGBUILDDIR»/obj-x86_64-linux-gnu'
/usr/bin/cmake -E cmake_progress_report /«PKGBUILDDIR»/obj-x86_64-linux-gnu/CMakeFiles 1
[  6%] Building CXX object CMakeFiles/alglib.dir/src/statistics.cpp.o
/usr/bin/c++   -Dalglib_EXPORTS -g -O2 -fstack-protector --param=ssp-buffer-size=4 -Wformat -Werror=format-security -D_FORTIFY_SOURCE=2  -O2 -g -DNDEBUG -fPIC -I/«PKGBUILDDIR»/src    -o CMakeFiles/alglib.dir/src/statistics.cpp.o -c /«PKGBUILDDIR»/src/statistics.cpp
/usr/bin/cmake -E cmake_progress_report /«PKGBUILDDIR»/obj-x86_64-linux-gnu/CMakeFiles 2
[ 13%] Building CXX object CMakeFiles/alglib.dir/src/specialfunctions.cpp.o
/usr/bin/c++   -Dalglib_EXPORTS -g -O2 -fstack-protector --param=ssp-buffer-size=4 -Wformat -Werror=format-security -D_FORTIFY_SOURCE=2  -O2 -g -DNDEBUG -fPIC -I/«PKGBUILDDIR»/src    -o CMakeFiles/alglib.dir/src/specialfunctions.cpp.o -c /«PKGBUILDDIR»/src/specialfunctions.cpp
/usr/bin/cmake -E cmake_progress_report /«PKGBUILDDIR»/obj-x86_64-linux-gnu/CMakeFiles 3
[ 20%] Building CXX object CMakeFiles/alglib.dir/src/solvers.cpp.o
/usr/bin/c++   -Dalglib_EXPORTS -g -O2 -fstack-protector --param=ssp-buffer-size=4 -Wformat -Werror=format-security -D_FORTIFY_SOURCE=2  -O2 -g -DNDEBUG -fPIC -I/«PKGBUILDDIR»/src    -o CMakeFiles/alglib.dir/src/solvers.cpp.o -c /«PKGBUILDDIR»/src/solvers.cpp
/usr/bin/cmake -E cmake_progress_report /«PKGBUILDDIR»/obj-x86_64-linux-gnu/CMakeFiles 4
[ 26%] Building CXX object CMakeFiles/alglib.dir/src/optimization.cpp.o
/usr/bin/c++   -Dalglib_EXPORTS -g -O2 -fstack-protector --param=ssp-buffer-size=4 -Wformat -Werror=format-security -D_FORTIFY_SOURCE=2  -O2 -g -DNDEBUG -fPIC -I/«PKGBUILDDIR»/src    -o CMakeFiles/alglib.dir/src/optimization.cpp.o -c /«PKGBUILDDIR»/src/optimization.cpp
/usr/bin/cmake -E cmake_progress_report /«PKGBUILDDIR»/obj-x86_64-linux-gnu/CMakeFiles 5
[ 33%] Building CXX object CMakeFiles/alglib.dir/src/linalg.cpp.o
/usr/bin/c++   -Dalglib_EXPORTS -g -O2 -fstack-protector --param=ssp-buffer-size=4 -Wformat -Werror=format-security -D_FORTIFY_SOURCE=2  -O2 -g -DNDEBUG -fPIC -I/«PKGBUILDDIR»/src    -o CMakeFiles/alglib.dir/src/linalg.cpp.o -c /«PKGBUILDDIR»/src/linalg.cpp
/usr/bin/cmake -E cmake_progress_report /«PKGBUILDDIR»/obj-x86_64-linux-gnu/CMakeFiles 6
[ 40%] Building CXX object CMakeFiles/alglib.dir/src/interpolation.cpp.o
/usr/bin/c++   -Dalglib_EXPORTS -g -O2 -fstack-protector --param=ssp-buffer-size=4 -Wformat -Werror=format-security -D_FORTIFY_SOURCE=2  -O2 -g -DNDEBUG -fPIC -I/«PKGBUILDDIR»/src    -o CMakeFiles/alglib.dir/src/interpolation.cpp.o -c /«PKGBUILDDIR»/src/interpolation.cpp
/usr/bin/cmake -E cmake_progress_report /«PKGBUILDDIR»/obj-x86_64-linux-gnu/CMakeFiles 7
[ 46%] Building CXX object CMakeFiles/alglib.dir/src/integration.cpp.o
/usr/bin/c++   -Dalglib_EXPORTS -g -O2 -fstack-protector --param=ssp-buffer-size=4 -Wformat -Werror=format-security -D_FORTIFY_SOURCE=2  -O2 -g -DNDEBUG -fPIC -I/«PKGBUILDDIR»/src    -o CMakeFiles/alglib.dir/src/integration.cpp.o -c /«PKGBUILDDIR»/src/integration.cpp
/usr/bin/cmake -E cmake_progress_report /«PKGBUILDDIR»/obj-x86_64-linux-gnu/CMakeFiles 8
[ 53%] Building CXX object CMakeFiles/alglib.dir/src/fasttransforms.cpp.o
/usr/bin/c++   -Dalglib_EXPORTS -g -O2 -fstack-protector --param=ssp-buffer-size=4 -Wformat -Werror=format-security -D_FORTIFY_SOURCE=2  -O2 -g -DNDEBUG -fPIC -I/«PKGBUILDDIR»/src    -o CMakeFiles/alglib.dir/src/fasttransforms.cpp.o -c /«PKGBUILDDIR»/src/fasttransforms.cpp
/usr/bin/cmake -E cmake_progress_report /«PKGBUILDDIR»/obj-x86_64-linux-gnu/CMakeFiles 9
[ 60%] Building CXX object CMakeFiles/alglib.dir/src/diffequations.cpp.o
/usr/bin/c++   -Dalglib_EXPORTS -g -O2 -fstack-protector --param=ssp-buffer-size=4 -Wformat -Werror=format-security -D_FORTIFY_SOURCE=2  -O2 -g -DNDEBUG -fPIC -I/«PKGBUILDDIR»/src    -o CMakeFiles/alglib.dir/src/diffequations.cpp.o -c /«PKGBUILDDIR»/src/diffequations.cpp
/usr/bin/cmake -E cmake_progress_report /«PKGBUILDDIR»/obj-x86_64-linux-gnu/CMakeFiles 10
[ 66%] Building CXX object CMakeFiles/alglib.dir/src/dataanalysis.cpp.o
/usr/bin/c++   -Dalglib_EXPORTS -g -O2 -fstack-protector --param=ssp-buffer-size=4 -Wformat -Werror=format-security -D_FORTIFY_SOURCE=2  -O2 -g -DNDEBUG -fPIC -I/«PKGBUILDDIR»/src    -o CMakeFiles/alglib.dir/src/dataanalysis.cpp.o -c /«PKGBUILDDIR»/src/dataanalysis.cpp
/usr/bin/cmake -E cmake_progress_report /«PKGBUILDDIR»/obj-x86_64-linux-gnu/CMakeFiles 11
[ 73%] Building CXX object CMakeFiles/alglib.dir/src/ap.cpp.o
/usr/bin/c++   -Dalglib_EXPORTS -g -O2 -fstack-protector --param=ssp-buffer-size=4 -Wformat -Werror=format-security -D_FORTIFY_SOURCE=2  -O2 -g -DNDEBUG -fPIC -I/«PKGBUILDDIR»/src    -o CMakeFiles/alglib.dir/src/ap.cpp.o -c /«PKGBUILDDIR»/src/ap.cpp
/usr/bin/cmake -E cmake_progress_report /«PKGBUILDDIR»/obj-x86_64-linux-gnu/CMakeFiles 12
[ 80%] Building CXX object CMakeFiles/alglib.dir/src/alglibmisc.cpp.o
/usr/bin/c++   -Dalglib_EXPORTS -g -O2 -fstack-protector --param=ssp-buffer-size=4 -Wformat -Werror=format-security -D_FORTIFY_SOURCE=2  -O2 -g -DNDEBUG -fPIC -I/«PKGBUILDDIR»/src    -o CMakeFiles/alglib.dir/src/alglibmisc.cpp.o -c /«PKGBUILDDIR»/src/alglibmisc.cpp
/usr/bin/cmake -E cmake_progress_report /«PKGBUILDDIR»/obj-x86_64-linux-gnu/CMakeFiles 13
[ 86%] Building CXX object CMakeFiles/alglib.dir/src/alglibinternal.cpp.o
/usr/bin/c++   -Dalglib_EXPORTS -g -O2 -fstack-protector --param=ssp-buffer-size=4 -Wformat -Werror=format-security -D_FORTIFY_SOURCE=2  -O2 -g -DNDEBUG -fPIC -I/«PKGBUILDDIR»/src    -o CMakeFiles/alglib.dir/src/alglibinternal.cpp.o -c /«PKGBUILDDIR»/src/alglibinternal.cpp
Linking CXX shared library libalglib.so
/usr/bin/cmake -E cmake_link_script CMakeFiles/alglib.dir/link.txt --verbose=1
/usr/bin/c++  -fPIC -g -O2 -fstack-protector --param=ssp-buffer-size=4 -Wformat -Werror=format-security -D_FORTIFY_SOURCE=2  -O2 -g -DNDEBUG  -Wl,-z,relro -shared -Wl,-soname,libalglib.so.3.7 -o libalglib.so.3.7.0 CMakeFiles/alglib.dir/src/statistics.cpp.o CMakeFiles/alglib.dir/src/specialfunctions.cpp.o CMakeFiles/alglib.dir/src/solvers.cpp.o CMakeFiles/alglib.dir/src/optimization.cpp.o CMakeFiles/alglib.dir/src/linalg.cpp.o CMakeFiles/alglib.dir/src/interpolation.cpp.o CMakeFiles/alglib.dir/src/integration.cpp.o CMakeFiles/alglib.dir/src/fasttransforms.cpp.o CMakeFiles/alglib.dir/src/diffequations.cpp.o CMakeFiles/alglib.dir/src/dataanalysis.cpp.o CMakeFiles/alglib.dir/src/ap.cpp.o CMakeFiles/alglib.dir/src/alglibmisc.cpp.o CMakeFiles/alglib.dir/src/alglibinternal.cpp.o 
/usr/bin/cmake -E cmake_symlink_library libalglib.so.3.7.0 libalglib.so.3.7 libalglib.so
make[3]: Leaving directory `/«PKGBUILDDIR»/obj-x86_64-linux-gnu'
/usr/bin/cmake -E cmake_progress_report /«PKGBUILDDIR»/obj-x86_64-linux-gnu/CMakeFiles  1 2 3 4 5 6 7 8 9 10 11 12 13
[ 86%] Built target alglib
make -f CMakeFiles/test_c.dir/build.make CMakeFiles/test_c.dir/depend
make[3]: Entering directory `/«PKGBUILDDIR»/obj-x86_64-linux-gnu'
cd /«PKGBUILDDIR»/obj-x86_64-linux-gnu && /usr/bin/cmake -E cmake_depends "Unix Makefiles" /«PKGBUILDDIR» /«PKGBUILDDIR» /«PKGBUILDDIR»/obj-x86_64-linux-gnu /«PKGBUILDDIR»/obj-x86_64-linux-gnu /«PKGBUILDDIR»/obj-x86_64-linux-gnu/CMakeFiles/test_c.dir/DependInfo.cmake --color=
Scanning dependencies of target test_c
make[3]: Leaving directory `/«PKGBUILDDIR»/obj-x86_64-linux-gnu'
make -f CMakeFiles/test_c.dir/build.make CMakeFiles/test_c.dir/build
make[3]: Entering directory `/«PKGBUILDDIR»/obj-x86_64-linux-gnu'
/usr/bin/cmake -E cmake_progress_report /«PKGBUILDDIR»/obj-x86_64-linux-gnu/CMakeFiles 14
[ 93%] Building CXX object CMakeFiles/test_c.dir/tests/test_c.cpp.o
/usr/bin/c++    -g -O2 -fstack-protector --param=ssp-buffer-size=4 -Wformat -Werror=format-security -D_FORTIFY_SOURCE=2  -O2 -g -DNDEBUG -I/«PKGBUILDDIR»/src    -o CMakeFiles/test_c.dir/tests/test_c.cpp.o -c /«PKGBUILDDIR»/tests/test_c.cpp
Linking CXX executable test_c
/usr/bin/cmake -E cmake_link_script CMakeFiles/test_c.dir/link.txt --verbose=1
/usr/bin/c++   -g -O2 -fstack-protector --param=ssp-buffer-size=4 -Wformat -Werror=format-security -D_FORTIFY_SOURCE=2  -O2 -g -DNDEBUG   -Wl,-z,relro CMakeFiles/test_c.dir/tests/test_c.cpp.o  -o test_c -rdynamic libalglib.so.3.7.0 -Wl,-rpath,/«PKGBUILDDIR»/obj-x86_64-linux-gnu 
make[3]: Leaving directory `/«PKGBUILDDIR»/obj-x86_64-linux-gnu'
/usr/bin/cmake -E cmake_progress_report /«PKGBUILDDIR»/obj-x86_64-linux-gnu/CMakeFiles  14
[ 93%] Built target test_c
make -f CMakeFiles/test_i.dir/build.make CMakeFiles/test_i.dir/depend
make[3]: Entering directory `/«PKGBUILDDIR»/obj-x86_64-linux-gnu'
cd /«PKGBUILDDIR»/obj-x86_64-linux-gnu && /usr/bin/cmake -E cmake_depends "Unix Makefiles" /«PKGBUILDDIR» /«PKGBUILDDIR» /«PKGBUILDDIR»/obj-x86_64-linux-gnu /«PKGBUILDDIR»/obj-x86_64-linux-gnu /«PKGBUILDDIR»/obj-x86_64-linux-gnu/CMakeFiles/test_i.dir/DependInfo.cmake --color=
Scanning dependencies of target test_i
make[3]: Leaving directory `/«PKGBUILDDIR»/obj-x86_64-linux-gnu'
make -f CMakeFiles/test_i.dir/build.make CMakeFiles/test_i.dir/build
make[3]: Entering directory `/«PKGBUILDDIR»/obj-x86_64-linux-gnu'
/usr/bin/cmake -E cmake_progress_report /«PKGBUILDDIR»/obj-x86_64-linux-gnu/CMakeFiles 15
[100%] Building CXX object CMakeFiles/test_i.dir/tests/test_i.cpp.o
/usr/bin/c++    -g -O2 -fstack-protector --param=ssp-buffer-size=4 -Wformat -Werror=format-security -D_FORTIFY_SOURCE=2  -O2 -g -DNDEBUG -I/«PKGBUILDDIR»/src    -o CMakeFiles/test_i.dir/tests/test_i.cpp.o -c /«PKGBUILDDIR»/tests/test_i.cpp
Linking CXX executable test_i
/usr/bin/cmake -E cmake_link_script CMakeFiles/test_i.dir/link.txt --verbose=1
/usr/bin/c++   -g -O2 -fstack-protector --param=ssp-buffer-size=4 -Wformat -Werror=format-security -D_FORTIFY_SOURCE=2  -O2 -g -DNDEBUG   -Wl,-z,relro CMakeFiles/test_i.dir/tests/test_i.cpp.o  -o test_i -rdynamic libalglib.so.3.7.0 -Wl,-rpath,/«PKGBUILDDIR»/obj-x86_64-linux-gnu 
make[3]: Leaving directory `/«PKGBUILDDIR»/obj-x86_64-linux-gnu'
/usr/bin/cmake -E cmake_progress_report /«PKGBUILDDIR»/obj-x86_64-linux-gnu/CMakeFiles  15
[100%] Built target test_i
make[2]: Leaving directory `/«PKGBUILDDIR»/obj-x86_64-linux-gnu'
/usr/bin/cmake -E cmake_progress_start /«PKGBUILDDIR»/obj-x86_64-linux-gnu/CMakeFiles 0
make[1]: Leaving directory `/«PKGBUILDDIR»/obj-x86_64-linux-gnu'
   dh_auto_test -a -O--parallel
make[1]: Entering directory `/«PKGBUILDDIR»/obj-x86_64-linux-gnu'
Running tests...
/usr/bin/ctest --force-new-ctest-process -j1
Test project /«PKGBUILDDIR»/obj-x86_64-linux-gnu
    Start 1: test_c
1/2 Test #1: test_c ...........................   Passed   72.61 sec
    Start 2: test_i
make: *** [build-arch] Terminated
make[1]: *** [test] Terminated
E: Caught signal ‘Terminated’: terminating immediately
Build killed with signal TERM after 60 minutes of inactivity
────────────────────────────────────────────────────────────────────────────────
Build finished at 20130716-1727

Finished
────────

E: Build failure (dpkg-buildpackage died)

┌──────────────────────────────────────────────────────────────────────────────┐
│ Cleanup                                                                      │
└──────────────────────────────────────────────────────────────────────────────┘

Purging /«BUILDDIR»
Not cleaning session: cloned chroot in use

┌──────────────────────────────────────────────────────────────────────────────┐
│ Summary                                                                      │
└──────────────────────────────────────────────────────────────────────────────┘

Build Architecture: amd64
Build-Space: 42556
Build-Time: 3761
Distribution: unstable
Fail-Stage: build
Host Architecture: amd64
Install-Time: 11
Job: alglib_3.7.0-7
Machine Architecture: amd64
Package: alglib
Package-Time: 3837
Source-Version: 3.7.0-7
Space: 42556
Status: attempted
Version: 3.7.0-7clang1
────────────────────────────────────────────────────────────────────────────────
Finished at 20130716-1727
Build needed 01:03:57, 42556k disc space
DC-Status: Failed 3841.082490808s
DC-Time-Estimation: 3841.082490808 versus expected 257 (r/m: 13.945846267735408 ; m: 257.0)
