DC-Build-Header: einspline 0.9.2-1 / 2013-07-17 01:06:18 +0000
DC-Task: source:einspline version:0.9.2-1 architecture:any chroot:unstable esttime:179 logfile:/tmp/einspline_0.9.2-1_unstable_clang.log modes:binary-only:clang
DC-Sbuild-call: su user -c 'sbuild -n --apt-update -d unstable -v  --chroot-setup-commands=/tmp/switch-to-clang --append-to-version "clang1" --maintainer "Lucas Nussbaum <lucas@debian.org>" --uploader "Lucas Nussbaum <lucas@debian.org>" einspline_0.9.2-1'
sbuild (Debian sbuild) 0.63.2 (18 Aug 2012) on ip-10-159-44-187.ec2.internal

╔══════════════════════════════════════════════════════════════════════════════╗
║ einspline 0.9.2-1clang1 (amd64)                            17 Jul 2013 01:06 ║
╚══════════════════════════════════════════════════════════════════════════════╝

Package: einspline
Version: 0.9.2-1clang1
Source Version: 0.9.2-1
Distribution: unstable
Machine Architecture: amd64
Host Architecture: amd64
Build Architecture: amd64

I: NOTICE: Log filtering will replace 'build/einspline-NZEQsx/einspline-0.9.2' with '«PKGBUILDDIR»'
I: NOTICE: Log filtering will replace 'build/einspline-NZEQsx' with '«BUILDDIR»'
I: NOTICE: Log filtering will replace 'var/lib/schroot/mount/unstable-amd64-sbuild-eac64a9b-5b47-4069-a932-2e808980eff7' with '«CHROOT»'

┌──────────────────────────────────────────────────────────────────────────────┐
│ Update chroot                                                                │
└──────────────────────────────────────────────────────────────────────────────┘

Get:1 http://localhost:9999 unstable InRelease [204 kB]
Get:2 http://localhost:9999 unstable/main Sources/DiffIndex [7876 B]
Get:3 http://localhost:9999 unstable/main amd64 Packages/DiffIndex [7876 B]
Get:4 http://localhost:9999 unstable/main Translation-en/DiffIndex [7876 B]
Get:5 http://localhost:9999 unstable/main 2013-07-13-2032.15.pdiff [23.1 kB]
Get:6 http://localhost:9999 unstable/main amd64 2013-07-13-2032.15.pdiff [16.9 kB]
Get:7 http://localhost:9999 unstable/main 2013-07-13-2032.15.pdiff [23.1 kB]
Get:8 http://localhost:9999 unstable/main 2013-07-13-2032.15.pdiff [1809 B]
Get:9 http://localhost:9999 unstable/main amd64 2013-07-13-2032.15.pdiff [16.9 kB]
Get:10 http://localhost:9999 unstable/main 2013-07-14-0231.07.pdiff [12.9 kB]
Get:11 http://localhost:9999 unstable/main 2013-07-13-2032.15.pdiff [1809 B]
Get:12 http://localhost:9999 unstable/main amd64 2013-07-14-0231.07.pdiff [14.9 kB]
Get:13 http://localhost:9999 unstable/main 2013-07-14-0231.07.pdiff [12.9 kB]
Get:14 http://localhost:9999 unstable/main 2013-07-14-0231.07.pdiff [1384 B]
Get:15 http://localhost:9999 unstable/main amd64 2013-07-14-0231.07.pdiff [14.9 kB]
Get:16 http://localhost:9999 unstable/main 2013-07-14-0832.16.pdiff [4670 B]
Get:17 http://localhost:9999 unstable/main 2013-07-14-0231.07.pdiff [1384 B]
Get:18 http://localhost:9999 unstable/main amd64 2013-07-14-0832.16.pdiff [1624 B]
Get:19 http://localhost:9999 unstable/main 2013-07-14-0832.16.pdiff [4670 B]
Get:20 http://localhost:9999 unstable/main 2013-07-14-0832.16.pdiff [337 B]
Get:21 http://localhost:9999 unstable/main amd64 2013-07-14-0832.16.pdiff [1624 B]
Get:22 http://localhost:9999 unstable/main 2013-07-14-1431.18.pdiff [11.4 kB]
Get:23 http://localhost:9999 unstable/main 2013-07-14-0832.16.pdiff [337 B]
Get:24 http://localhost:9999 unstable/main amd64 2013-07-14-1431.18.pdiff [8223 B]
Get:25 http://localhost:9999 unstable/main 2013-07-14-1431.18.pdiff [11.4 kB]
Get:26 http://localhost:9999 unstable/main 2013-07-14-1431.18.pdiff [887 B]
Get:27 http://localhost:9999 unstable/main amd64 2013-07-14-1431.18.pdiff [8223 B]
Get:28 http://localhost:9999 unstable/main 2013-07-14-2031.21.pdiff [9038 B]
Get:29 http://localhost:9999 unstable/main 2013-07-14-1431.18.pdiff [887 B]
Get:30 http://localhost:9999 unstable/main amd64 2013-07-14-2031.21.pdiff [9955 B]
Get:31 http://localhost:9999 unstable/main 2013-07-14-2031.21.pdiff [9038 B]
Get:32 http://localhost:9999 unstable/main 2013-07-14-2031.21.pdiff [2736 B]
Get:33 http://localhost:9999 unstable/main amd64 2013-07-14-2031.21.pdiff [9955 B]
Get:34 http://localhost:9999 unstable/main 2013-07-15-0229.01.pdiff [9715 B]
Get:35 http://localhost:9999 unstable/main 2013-07-14-2031.21.pdiff [2736 B]
Get:36 http://localhost:9999 unstable/main amd64 2013-07-15-0229.01.pdiff [12.7 kB]
Get:37 http://localhost:9999 unstable/main 2013-07-15-0229.01.pdiff [9715 B]
Get:38 http://localhost:9999 unstable/main 2013-07-15-0229.01.pdiff [2239 B]
Get:39 http://localhost:9999 unstable/main amd64 2013-07-15-0229.01.pdiff [12.7 kB]
Get:40 http://localhost:9999 unstable/main 2013-07-15-0830.19.pdiff [3273 B]
Get:41 http://localhost:9999 unstable/main 2013-07-15-0229.01.pdiff [2239 B]
Get:42 http://localhost:9999 unstable/main amd64 2013-07-15-0830.19.pdiff [3964 B]
Get:43 http://localhost:9999 unstable/main 2013-07-15-0830.19.pdiff [3273 B]
Get:44 http://localhost:9999 unstable/main 2013-07-15-0830.19.pdiff [1357 B]
Get:45 http://localhost:9999 unstable/main amd64 2013-07-15-0830.19.pdiff [3964 B]
Get:46 http://localhost:9999 unstable/main 2013-07-15-1432.36.pdiff [5326 B]
Get:47 http://localhost:9999 unstable/main 2013-07-15-0830.19.pdiff [1357 B]
Get:48 http://localhost:9999 unstable/main amd64 2013-07-15-1432.36.pdiff [9809 B]
Get:49 http://localhost:9999 unstable/main 2013-07-15-1432.36.pdiff [5326 B]
Get:50 http://localhost:9999 unstable/main 2013-07-15-1432.36.pdiff [322 B]
Get:51 http://localhost:9999 unstable/main amd64 2013-07-15-1432.36.pdiff [9809 B]
Get:52 http://localhost:9999 unstable/main 2013-07-15-2031.50.pdiff [12.2 kB]
Get:53 http://localhost:9999 unstable/main 2013-07-15-1432.36.pdiff [322 B]
Get:54 http://localhost:9999 unstable/main amd64 2013-07-15-2031.50.pdiff [24.4 kB]
Get:55 http://localhost:9999 unstable/main 2013-07-15-2031.50.pdiff [12.2 kB]
Get:56 http://localhost:9999 unstable/main 2013-07-15-2031.50.pdiff [537 B]
Get:57 http://localhost:9999 unstable/main amd64 2013-07-15-2031.50.pdiff [24.4 kB]
Get:58 http://localhost:9999 unstable/main 2013-07-16-0233.12.pdiff [14.8 kB]
Get:59 http://localhost:9999 unstable/main 2013-07-15-2031.50.pdiff [537 B]
Get:60 http://localhost:9999 unstable/main amd64 2013-07-16-0233.12.pdiff [49.5 kB]
Get:61 http://localhost:9999 unstable/main 2013-07-16-0233.12.pdiff [14.8 kB]
Get:62 http://localhost:9999 unstable/main 2013-07-16-0233.12.pdiff [3247 B]
Get:63 http://localhost:9999 unstable/main amd64 2013-07-16-0233.12.pdiff [49.5 kB]
Get:64 http://localhost:9999 unstable/main 2013-07-16-0834.41.pdiff [7447 B]
Get:65 http://localhost:9999 unstable/main 2013-07-16-0233.12.pdiff [3247 B]
Get:66 http://localhost:9999 unstable/main amd64 2013-07-16-0834.41.pdiff [4493 B]
Get:67 http://localhost:9999 unstable/main 2013-07-16-0834.41.pdiff [7447 B]
Get:68 http://localhost:9999 unstable/main 2013-07-16-0834.41.pdiff [5852 B]
Get:69 http://localhost:9999 unstable/main amd64 2013-07-16-0834.41.pdiff [4493 B]
Get:70 http://localhost:9999 unstable/main 2013-07-16-1433.54.pdiff [21.2 kB]
Get:71 http://localhost:9999 unstable/main 2013-07-16-0834.41.pdiff [5852 B]
Get:72 http://localhost:9999 unstable/main amd64 2013-07-16-1433.54.pdiff [19.3 kB]
Get:73 http://localhost:9999 unstable/main 2013-07-16-1433.54.pdiff [21.2 kB]
Get:74 http://localhost:9999 unstable/main 2013-07-16-1433.54.pdiff [1941 B]
Get:75 http://localhost:9999 unstable/main amd64 2013-07-16-1433.54.pdiff [19.3 kB]
Get:76 http://localhost:9999 unstable/main 2013-07-16-2046.09.pdiff [19.4 kB]
Get:77 http://localhost:9999 unstable/main 2013-07-16-1433.54.pdiff [1941 B]
Get:78 http://localhost:9999 unstable/main amd64 2013-07-16-2046.09.pdiff [18.4 kB]
Get:79 http://localhost:9999 unstable/main 2013-07-16-2046.09.pdiff [19.4 kB]
Get:80 http://localhost:9999 unstable/main 2013-07-16-2046.09.pdiff [465 B]
Get:81 http://localhost:9999 unstable/main amd64 2013-07-16-2046.09.pdiff [18.4 kB]
Get:82 http://localhost:9999 unstable/main 2013-07-16-2046.09.pdiff [465 B]
Fetched 600 kB in 41s (14.3 kB/s)
Reading package lists...
Reading package lists...
Building dependency tree...
Reading state information...
The following packages will be upgraded:
  cpp-4.7 gcc-4.7 gcc-4.7-base initscripts libgcc-4.7-dev sysv-rc sysvinit
  sysvinit-utils
8 upgraded, 0 newly installed, 0 to remove and 0 not upgraded.
Need to get 14.2 MB of archives.
After this operation, 18.4 kB disk space will be freed.
Get:1 http://localhost:9999/debian/ unstable/main sysvinit amd64 2.88dsf-42 [134 kB]
Get:2 http://localhost:9999/debian/ unstable/main sysv-rc all 2.88dsf-42 [80.4 kB]
Get:3 http://localhost:9999/debian/ unstable/main sysvinit-utils amd64 2.88dsf-42 [103 kB]
Get:4 http://localhost:9999/debian/ unstable/main initscripts amd64 2.88dsf-42 [87.1 kB]
Get:5 http://localhost:9999/debian/ unstable/main gcc-4.7 amd64 4.7.3-6 [5819 kB]
Get:6 http://localhost:9999/debian/ unstable/main cpp-4.7 amd64 4.7.3-6 [5385 kB]
Get:7 http://localhost:9999/debian/ unstable/main libgcc-4.7-dev amd64 4.7.3-6 [2465 kB]
Get:8 http://localhost:9999/debian/ unstable/main gcc-4.7-base amd64 4.7.3-6 [149 kB]
debconf: delaying package configuration, since apt-utils is not installed
Fetched 14.2 MB in 0s (26.3 MB/s)
(Reading database ... 13844 files and directories currently installed.)
Preparing to replace sysvinit 2.88dsf-41 (using .../sysvinit_2.88dsf-42_amd64.deb) ...
Unpacking replacement sysvinit ...
Setting up sysvinit (2.88dsf-42) ...
Not restarting sysvinit
(Reading database ... 13844 files and directories currently installed.)
Preparing to replace sysv-rc 2.88dsf-41 (using .../sysv-rc_2.88dsf-42_all.deb) ...
Unpacking replacement sysv-rc ...
Preparing to replace sysvinit-utils 2.88dsf-41 (using .../sysvinit-utils_2.88dsf-42_amd64.deb) ...
Unpacking replacement sysvinit-utils ...
Setting up sysvinit-utils (2.88dsf-42) ...
Setting up sysv-rc (2.88dsf-42) ...
(Reading database ... 13844 files and directories currently installed.)
Preparing to replace initscripts 2.88dsf-41 (using .../initscripts_2.88dsf-42_amd64.deb) ...
Removing unmodified and obsolete conffile /etc/init.d/mtab.sh ...
Unpacking replacement initscripts ...
Setting up initscripts (2.88dsf-42) ...
Installing new version of config file /etc/init.d/bootmisc.sh ...
Installing new version of config file /etc/init.d/checkfs.sh ...
Installing new version of config file /etc/init.d/checkroot.sh ...
Installing new version of config file /etc/init.d/checkroot-bootclean.sh ...
Installing new version of config file /etc/init.d/mountdevsubfs.sh ...
Installing new version of config file /etc/init.d/mountkernfs.sh ...
Installing new version of config file /etc/init.d/rmnologin ...
Installing new version of config file /etc/network/if-up.d/mountnfs ...
(Reading database ... 13843 files and directories currently installed.)
Preparing to replace gcc-4.7 4.7.3-5 (using .../gcc-4.7_4.7.3-6_amd64.deb) ...
Unpacking replacement gcc-4.7 ...
Preparing to replace cpp-4.7 4.7.3-5 (using .../cpp-4.7_4.7.3-6_amd64.deb) ...
Unpacking replacement cpp-4.7 ...
Preparing to replace libgcc-4.7-dev:amd64 4.7.3-5 (using .../libgcc-4.7-dev_4.7.3-6_amd64.deb) ...
Unpacking replacement libgcc-4.7-dev:amd64 ...
Preparing to replace gcc-4.7-base:amd64 4.7.3-5 (using .../gcc-4.7-base_4.7.3-6_amd64.deb) ...
Unpacking replacement gcc-4.7-base:amd64 ...
Setting up gcc-4.7-base:amd64 (4.7.3-6) ...
Setting up cpp-4.7 (4.7.3-6) ...
Setting up libgcc-4.7-dev:amd64 (4.7.3-6) ...
Setting up gcc-4.7 (4.7.3-6) ...

┌──────────────────────────────────────────────────────────────────────────────┐
│ Fetch source files                                                           │
└──────────────────────────────────────────────────────────────────────────────┘


Check APT
─────────

Checking available source versions...

Download source files with APT
──────────────────────────────

Reading package lists...
Building dependency tree...
Reading state information...
NOTICE: 'einspline' packaging is maintained in the 'Git' version control system at:
git://git.debian.org/git/debian-science/packages/einspline.git
Need to get 833 kB of source archives.
Get:1 http://localhost:9999/debian/ unstable/main einspline 0.9.2-1 (dsc) [2125 B]
Get:2 http://localhost:9999/debian/ unstable/main einspline 0.9.2-1 (tar) [821 kB]
Get:3 http://localhost:9999/debian/ unstable/main einspline 0.9.2-1 (diff) [9974 B]
Fetched 833 kB in 0s (3051 kB/s)
Download complete and in download only mode

Check arch
──────────


┌──────────────────────────────────────────────────────────────────────────────┐
│ Chroot Setup Commands                                                        │
└──────────────────────────────────────────────────────────────────────────────┘


/tmp/switch-to-clang
────────────────────

+ echo 'Entering customization script...'
Entering customization script...
+ echo 'Install of clang'
Install of clang
+ apt-get update
Hit http://localhost:9999 unstable InRelease
Hit http://localhost:9999 unstable/main Sources/DiffIndex
Hit http://localhost:9999 unstable/main amd64 Packages/DiffIndex
Hit http://localhost:9999 unstable/main Translation-en/DiffIndex
Reading package lists...
+ apt-get install --yes --no-install-recommends --force-yes clang-3.3
Reading package lists...
Building dependency tree...
Reading state information...
The following extra packages will be installed:
  libclang-common-3.3-dev libclang1-3.3 libffi6 libllvm3.3 libobjc-4.7-dev
  libobjc4 libstdc++6-4.7-dev
Suggested packages:
  libstdc++6-4.7-doc
Recommended packages:
  llvm-3.3-dev python
The following NEW packages will be installed:
  clang-3.3 libclang-common-3.3-dev libclang1-3.3 libffi6 libllvm3.3
  libobjc-4.7-dev libobjc4 libstdc++6-4.7-dev
0 upgraded, 8 newly installed, 0 to remove and 0 not upgraded.
Need to get 27.2 MB of archives.
After this operation, 80.8 MB of additional disk space will be used.
Get:1 http://localhost:9999/debian/ unstable/main libffi6 amd64 3.0.13-4 [21.6 kB]
Get:2 http://localhost:9999/debian/ unstable/main libllvm3.3 amd64 1:3.3-3 [8575 kB]
Get:3 http://localhost:9999/debian/ unstable/main libobjc4 amd64 4.8.1-6 [160 kB]
Get:4 http://localhost:9999/debian/ unstable/main libstdc++6-4.7-dev amd64 4.7.3-6 [1694 kB]
Get:5 http://localhost:9999/debian/ unstable/main libobjc-4.7-dev amd64 4.7.3-6 [719 kB]
Get:6 http://localhost:9999/debian/ unstable/main libclang-common-3.3-dev amd64 1:3.3-3 [574 kB]
Get:7 http://localhost:9999/debian/ unstable/main libclang1-3.3 amd64 1:3.3-3 [4579 kB]
Get:8 http://localhost:9999/debian/ unstable/main clang-3.3 amd64 1:3.3-3 [10.9 MB]
debconf: delaying package configuration, since apt-utils is not installed
Fetched 27.2 MB in 0s (29.1 MB/s)
Selecting previously unselected package libffi6:amd64.
(Reading database ... 13843 files and directories currently installed.)
Unpacking libffi6:amd64 (from .../libffi6_3.0.13-4_amd64.deb) ...
Selecting previously unselected package libllvm3.3:amd64.
Unpacking libllvm3.3:amd64 (from .../libllvm3.3_1%3a3.3-3_amd64.deb) ...
Selecting previously unselected package libobjc4:amd64.
Unpacking libobjc4:amd64 (from .../libobjc4_4.8.1-6_amd64.deb) ...
Selecting previously unselected package libstdc++6-4.7-dev:amd64.
Unpacking libstdc++6-4.7-dev:amd64 (from .../libstdc++6-4.7-dev_4.7.3-6_amd64.deb) ...
Selecting previously unselected package libobjc-4.7-dev:amd64.
Unpacking libobjc-4.7-dev:amd64 (from .../libobjc-4.7-dev_4.7.3-6_amd64.deb) ...
Selecting previously unselected package libclang-common-3.3-dev.
Unpacking libclang-common-3.3-dev (from .../libclang-common-3.3-dev_1%3a3.3-3_amd64.deb) ...
Selecting previously unselected package libclang1-3.3.
Unpacking libclang1-3.3 (from .../libclang1-3.3_1%3a3.3-3_amd64.deb) ...
Selecting previously unselected package clang-3.3.
Unpacking clang-3.3 (from .../clang-3.3_1%3a3.3-3_amd64.deb) ...
Setting up libffi6:amd64 (3.0.13-4) ...
Setting up libllvm3.3:amd64 (1:3.3-3) ...
Setting up libobjc4:amd64 (4.8.1-6) ...
Setting up libstdc++6-4.7-dev:amd64 (4.7.3-6) ...
Setting up libobjc-4.7-dev:amd64 (4.7.3-6) ...
Setting up libclang-common-3.3-dev (1:3.3-3) ...
Setting up libclang1-3.3 (1:3.3-3) ...
Setting up clang-3.3 (1:3.3-3) ...
Processing triggers for libc-bin ...
+ echo 'Replace gcc, g++ & cpp by clang'
Replace gcc, g++ & cpp by clang
+ VERSIONS='4.6 4.7 4.8'
+ cd /usr/bin
+ for VERSION in '$VERSIONS'
+ rm -f g++-4.6 gcc-4.6 cpp-4.6
+ ln -s clang++ g++-4.6
+ ln -s clang gcc-4.6
+ ln -s clang cpp-4.6
+ for VERSION in '$VERSIONS'
+ rm -f g++-4.7 gcc-4.7 cpp-4.7
+ ln -s clang++ g++-4.7
+ ln -s clang gcc-4.7
+ ln -s clang cpp-4.7
+ for VERSION in '$VERSIONS'
+ rm -f g++-4.8 gcc-4.8 cpp-4.8
+ ln -s clang++ g++-4.8
+ ln -s clang gcc-4.8
+ ln -s clang cpp-4.8
+ cd -
/«BUILDDIR»
+ echo 'Block the installation of new gcc version'
Block the installation of new gcc version
+ dpkg --set-selections
+ echo 'gcc-4.6 hold'
+ dpkg --set-selections
+ echo 'cpp-4.6 hold'
+ dpkg --set-selections
+ echo 'g++-4.6 hold'
+ dpkg --set-selections
+ echo 'gcc-4.7 hold'
+ dpkg --set-selections
+ echo 'cpp-4.7 hold'
+ dpkg --set-selections
+ echo 'g++-4.7 hold'
+ dpkg --set-selections
+ echo 'gcc-4.8 hold'
+ dpkg --set-selections
+ echo 'cpp-4.8 hold'
+ dpkg --set-selections
+ echo 'g++-4.8 hold'
+ echo 'Check if gcc, g++ & cpp are actually clang'
Check if gcc, g++ & cpp are actually clang
+ grep clang
+ gcc --version
+ grep clang
+ cpp --version
+ grep clang
+ g++ --version

I: Finished running '/tmp/switch-to-clang'.

Finished processing commands.
────────────────────────────────────────────────────────────────────────────────
Merged Build-Depends: build-essential, fakeroot
Filtered Build-Depends: build-essential, fakeroot
dpkg-deb: building package `sbuild-build-depends-core-dummy' in `/«BUILDDIR»/resolver-bbdJHR/apt_archive/sbuild-build-depends-core-dummy.deb'.
OK
Reading package lists...

┌──────────────────────────────────────────────────────────────────────────────┐
│ Install core build dependencies (apt-based resolver)                         │
└──────────────────────────────────────────────────────────────────────────────┘

Installing build dependencies
Reading package lists...
Building dependency tree...
Reading state information...
The following NEW packages will be installed:
  sbuild-build-depends-core-dummy
debconf: delaying package configuration, since apt-utils is not installed
0 upgraded, 1 newly installed, 0 to remove and 0 not upgraded.
Need to get 0 B/710 B of archives.
After this operation, 0 B of additional disk space will be used.
Selecting previously unselected package sbuild-build-depends-core-dummy.
(Reading database ... 14698 files and directories currently installed.)
Unpacking sbuild-build-depends-core-dummy (from .../sbuild-build-depends-core-dummy.deb) ...
Setting up sbuild-build-depends-core-dummy (0.invalid.0) ...
Merged Build-Depends: base-files, base-passwd, bash, bsdutils, coreutils, dash, debianutils, diffutils, dpkg, e2fsprogs, findutils, grep, gzip, hostname, libc-bin, login, mount, ncurses-base, ncurses-bin, perl-base, sed, sysvinit, sysvinit-utils, tar, util-linux, libc6-dev | libc-dev, gcc (>= 4:4.4.3), g++ (>= 4:4.4.3), make, dpkg-dev (>= 1.13.5), debhelper (>= 9), dh-exec, dh-autoreconf, gfortran, libfftw3-dev, pkg-config
Filtered Build-Depends: base-files, base-passwd, bash, bsdutils, coreutils, dash, debianutils, diffutils, dpkg, e2fsprogs, findutils, grep, gzip, hostname, libc-bin, login, mount, ncurses-base, ncurses-bin, perl-base, sed, sysvinit, sysvinit-utils, tar, util-linux, libc6-dev, gcc (>= 4:4.4.3), g++ (>= 4:4.4.3), make, dpkg-dev (>= 1.13.5), debhelper (>= 9), dh-exec, dh-autoreconf, gfortran, libfftw3-dev, pkg-config
dpkg-deb: building package `sbuild-build-depends-einspline-dummy' in `/«BUILDDIR»/resolver-NRv9Y1/apt_archive/sbuild-build-depends-einspline-dummy.deb'.
OK
Reading package lists...

┌──────────────────────────────────────────────────────────────────────────────┐
│ Install einspline build dependencies (apt-based resolver)                    │
└──────────────────────────────────────────────────────────────────────────────┘

Installing build dependencies
Reading package lists...
Building dependency tree...
Reading state information...
The following extra packages will be installed:
  autoconf automake autopoint autotools-dev bsdmainutils debhelper
  dh-autoreconf dh-exec file gettext gettext-base gfortran gfortran-4.8
  groff-base intltool-debian libasprintf0c2 libcroco3 libfftw3-bin
  libfftw3-dev libfftw3-double3 libfftw3-long3 libfftw3-quad3 libfftw3-single3
  libgfortran-4.8-dev libgfortran3 libglib2.0-0 libmagic1 libpipeline1
  libpopt0 libsigsegv2 libtool libunistring0 libxml2 m4 man-db pkg-config
  po-debconf
Suggested packages:
  autoconf2.13 autoconf-archive gnu-standards autoconf-doc wamerican wordlist
  whois vacation dh-make gettext-doc gfortran-multilib gfortran-doc
  gfortran-4.8-multilib gfortran-4.8-doc libgfortran3-dbg groff libtool-doc
  automaken gcj less www-browser libmail-box-perl
Recommended packages:
  curl wget lynx-cur libasprintf-dev libgettextpo-dev libglib2.0-data
  shared-mime-info libltdl-dev xml-core libmail-sendmail-perl
The following NEW packages will be installed:
  autoconf automake autopoint autotools-dev bsdmainutils debhelper
  dh-autoreconf dh-exec file gettext gettext-base gfortran gfortran-4.8
  groff-base intltool-debian libasprintf0c2 libcroco3 libfftw3-bin
  libfftw3-dev libfftw3-double3 libfftw3-long3 libfftw3-quad3 libfftw3-single3
  libgfortran-4.8-dev libgfortran3 libglib2.0-0 libmagic1 libpipeline1
  libpopt0 libsigsegv2 libtool libunistring0 libxml2 m4 man-db pkg-config
  po-debconf sbuild-build-depends-einspline-dummy
0 upgraded, 38 newly installed, 0 to remove and 0 not upgraded.
Need to get 22.9 MB/22.9 MB of archives.
After this operation, 74.1 MB of additional disk space will be used.
Get:1 http://localhost:9999/debian/ unstable/main libpipeline1 amd64 1.2.4-1 [41.0 kB]
Get:2 http://localhost:9999/debian/ unstable/main libpopt0 amd64 1.16-7 [56.4 kB]
Get:3 http://localhost:9999/debian/ unstable/main groff-base amd64 1.22.2-3 [747 kB]
Get:4 http://localhost:9999/debian/ unstable/main bsdmainutils amd64 9.0.5 [211 kB]
Get:5 http://localhost:9999/debian/ unstable/main man-db amd64 2.6.5-2 [976 kB]
Get:6 http://localhost:9999/debian/ unstable/main libasprintf0c2 amd64 0.18.3-1 [29.6 kB]
Get:7 http://localhost:9999/debian/ unstable/main libmagic1 amd64 1:5.14-2 [216 kB]
Get:8 http://localhost:9999/debian/ unstable/main libxml2 amd64 2.9.1+dfsg1-2 [911 kB]
Get:9 http://localhost:9999/debian/ unstable/main libglib2.0-0 amd64 2.36.3-3 [2048 kB]
Get:10 http://localhost:9999/debian/ unstable/main libcroco3 amd64 0.6.8-2 [133 kB]
Get:11 http://localhost:9999/debian/ unstable/main libfftw3-double3 amd64 3.3.3-5 [666 kB]
Get:12 http://localhost:9999/debian/ unstable/main libfftw3-long3 amd64 3.3.3-5 [304 kB]
Get:13 http://localhost:9999/debian/ unstable/main libfftw3-quad3 amd64 3.3.3-5 [541 kB]
Get:14 http://localhost:9999/debian/ unstable/main libfftw3-single3 amd64 3.3.3-5 [699 kB]
Get:15 http://localhost:9999/debian/ unstable/main libgfortran3 amd64 4.8.1-6 [345 kB]
Get:16 http://localhost:9999/debian/ unstable/main libsigsegv2 amd64 2.10-2 [29.8 kB]
Get:17 http://localhost:9999/debian/ unstable/main libunistring0 amd64 0.9.3-5 [434 kB]
Get:18 http://localhost:9999/debian/ unstable/main file amd64 1:5.14-2 [54.0 kB]
Get:19 http://localhost:9999/debian/ unstable/main gettext-base amd64 0.18.3-1 [161 kB]
Get:20 http://localhost:9999/debian/ unstable/main m4 amd64 1.4.16-5 [260 kB]
Get:21 http://localhost:9999/debian/ unstable/main autoconf all 2.69-1 [589 kB]
Get:22 http://localhost:9999/debian/ unstable/main autotools-dev all 20130515.1 [73.0 kB]
Get:23 http://localhost:9999/debian/ unstable/main automake all 1:1.13.3-1 [758 kB]
Get:24 http://localhost:9999/debian/ unstable/main autopoint all 0.18.3-1 [393 kB]
Get:25 http://localhost:9999/debian/ unstable/main gettext amd64 0.18.3-1 [1898 kB]
Get:26 http://localhost:9999/debian/ unstable/main intltool-debian all 0.35.0+20060710.1 [30.8 kB]
Get:27 http://localhost:9999/debian/ unstable/main po-debconf all 1.0.16+nmu2 [224 kB]
Get:28 http://localhost:9999/debian/ unstable/main debhelper all 9.20130630 [710 kB]
Get:29 http://localhost:9999/debian/ unstable/main libtool amd64 2.4.2-1.3 [619 kB]
Get:30 http://localhost:9999/debian/ unstable/main dh-autoreconf all 9 [15.5 kB]
Get:31 http://localhost:9999/debian/ unstable/main libgfortran-4.8-dev amd64 4.8.1-6 [436 kB]
Get:32 http://localhost:9999/debian/ unstable/main gfortran-4.8 amd64 4.8.1-6 [6142 kB]
Get:33 http://localhost:9999/debian/ unstable/main gfortran amd64 4:4.8.1-2 [1126 B]
Get:34 http://localhost:9999/debian/ unstable/main libfftw3-bin amd64 3.3.3-5 [48.8 kB]
Get:35 http://localhost:9999/debian/ unstable/main libfftw3-dev amd64 3.3.3-5 [1987 kB]
Get:36 http://localhost:9999/debian/ unstable/main pkg-config amd64 0.26-1 [59.5 kB]
Get:37 http://localhost:9999/debian/ unstable/main dh-exec amd64 0.10 [24.9 kB]
debconf: delaying package configuration, since apt-utils is not installed
Fetched 22.9 MB in 1s (20.4 MB/s)
Selecting previously unselected package libpipeline1:amd64.
(Reading database ... 14698 files and directories currently installed.)
Unpacking libpipeline1:amd64 (from .../libpipeline1_1.2.4-1_amd64.deb) ...
Selecting previously unselected package libpopt0:amd64.
Unpacking libpopt0:amd64 (from .../libpopt0_1.16-7_amd64.deb) ...
Selecting previously unselected package groff-base.
Unpacking groff-base (from .../groff-base_1.22.2-3_amd64.deb) ...
Selecting previously unselected package bsdmainutils.
Unpacking bsdmainutils (from .../bsdmainutils_9.0.5_amd64.deb) ...
Selecting previously unselected package man-db.
Unpacking man-db (from .../man-db_2.6.5-2_amd64.deb) ...
Selecting previously unselected package libasprintf0c2:amd64.
Unpacking libasprintf0c2:amd64 (from .../libasprintf0c2_0.18.3-1_amd64.deb) ...
Selecting previously unselected package libmagic1:amd64.
Unpacking libmagic1:amd64 (from .../libmagic1_1%3a5.14-2_amd64.deb) ...
Selecting previously unselected package libxml2:amd64.
Unpacking libxml2:amd64 (from .../libxml2_2.9.1+dfsg1-2_amd64.deb) ...
Selecting previously unselected package libglib2.0-0:amd64.
Unpacking libglib2.0-0:amd64 (from .../libglib2.0-0_2.36.3-3_amd64.deb) ...
Selecting previously unselected package libcroco3:amd64.
Unpacking libcroco3:amd64 (from .../libcroco3_0.6.8-2_amd64.deb) ...
Selecting previously unselected package libfftw3-double3:amd64.
Unpacking libfftw3-double3:amd64 (from .../libfftw3-double3_3.3.3-5_amd64.deb) ...
Selecting previously unselected package libfftw3-long3:amd64.
Unpacking libfftw3-long3:amd64 (from .../libfftw3-long3_3.3.3-5_amd64.deb) ...
Selecting previously unselected package libfftw3-quad3:amd64.
Unpacking libfftw3-quad3:amd64 (from .../libfftw3-quad3_3.3.3-5_amd64.deb) ...
Selecting previously unselected package libfftw3-single3:amd64.
Unpacking libfftw3-single3:amd64 (from .../libfftw3-single3_3.3.3-5_amd64.deb) ...
Selecting previously unselected package libgfortran3:amd64.
Unpacking libgfortran3:amd64 (from .../libgfortran3_4.8.1-6_amd64.deb) ...
Selecting previously unselected package libsigsegv2:amd64.
Unpacking libsigsegv2:amd64 (from .../libsigsegv2_2.10-2_amd64.deb) ...
Selecting previously unselected package libunistring0:amd64.
Unpacking libunistring0:amd64 (from .../libunistring0_0.9.3-5_amd64.deb) ...
Selecting previously unselected package file.
Unpacking file (from .../file_1%3a5.14-2_amd64.deb) ...
Selecting previously unselected package gettext-base.
Unpacking gettext-base (from .../gettext-base_0.18.3-1_amd64.deb) ...
Selecting previously unselected package m4.
Unpacking m4 (from .../archives/m4_1.4.16-5_amd64.deb) ...
Selecting previously unselected package autoconf.
Unpacking autoconf (from .../autoconf_2.69-1_all.deb) ...
Selecting previously unselected package autotools-dev.
Unpacking autotools-dev (from .../autotools-dev_20130515.1_all.deb) ...
Selecting previously unselected package automake.
Unpacking automake (from .../automake_1%3a1.13.3-1_all.deb) ...
Selecting previously unselected package autopoint.
Unpacking autopoint (from .../autopoint_0.18.3-1_all.deb) ...
Selecting previously unselected package gettext.
Unpacking gettext (from .../gettext_0.18.3-1_amd64.deb) ...
Selecting previously unselected package intltool-debian.
Unpacking intltool-debian (from .../intltool-debian_0.35.0+20060710.1_all.deb) ...
Selecting previously unselected package po-debconf.
Unpacking po-debconf (from .../po-debconf_1.0.16+nmu2_all.deb) ...
Selecting previously unselected package debhelper.
Unpacking debhelper (from .../debhelper_9.20130630_all.deb) ...
Selecting previously unselected package libtool.
Unpacking libtool (from .../libtool_2.4.2-1.3_amd64.deb) ...
Selecting previously unselected package dh-autoreconf.
Unpacking dh-autoreconf (from .../dh-autoreconf_9_all.deb) ...
Selecting previously unselected package libgfortran-4.8-dev:amd64.
Unpacking libgfortran-4.8-dev:amd64 (from .../libgfortran-4.8-dev_4.8.1-6_amd64.deb) ...
Selecting previously unselected package gfortran-4.8.
Unpacking gfortran-4.8 (from .../gfortran-4.8_4.8.1-6_amd64.deb) ...
Selecting previously unselected package gfortran.
Unpacking gfortran (from .../gfortran_4%3a4.8.1-2_amd64.deb) ...
Selecting previously unselected package libfftw3-bin.
Unpacking libfftw3-bin (from .../libfftw3-bin_3.3.3-5_amd64.deb) ...
Selecting previously unselected package libfftw3-dev:amd64.
Unpacking libfftw3-dev:amd64 (from .../libfftw3-dev_3.3.3-5_amd64.deb) ...
Selecting previously unselected package pkg-config.
Unpacking pkg-config (from .../pkg-config_0.26-1_amd64.deb) ...
Selecting previously unselected package dh-exec.
Unpacking dh-exec (from .../dh-exec_0.10_amd64.deb) ...
Selecting previously unselected package sbuild-build-depends-einspline-dummy.
Unpacking sbuild-build-depends-einspline-dummy (from .../sbuild-build-depends-einspline-dummy.deb) ...
Setting up libpipeline1:amd64 (1.2.4-1) ...
Setting up libpopt0:amd64 (1.16-7) ...
Setting up groff-base (1.22.2-3) ...
Setting up bsdmainutils (9.0.5) ...
update-alternatives: using /usr/bin/bsd-write to provide /usr/bin/write (write) in auto mode
update-alternatives: using /usr/bin/bsd-from to provide /usr/bin/from (from) in auto mode
Setting up man-db (2.6.5-2) ...
Not building database; man-db/auto-update is not 'true'.
Setting up libasprintf0c2:amd64 (0.18.3-1) ...
Setting up libmagic1:amd64 (1:5.14-2) ...
Setting up libxml2:amd64 (2.9.1+dfsg1-2) ...
Setting up libglib2.0-0:amd64 (2.36.3-3) ...
No schema files found: doing nothing.
Setting up libcroco3:amd64 (0.6.8-2) ...
Setting up libfftw3-double3:amd64 (3.3.3-5) ...
Setting up libfftw3-long3:amd64 (3.3.3-5) ...
Setting up libfftw3-quad3:amd64 (3.3.3-5) ...
Setting up libfftw3-single3:amd64 (3.3.3-5) ...
Setting up libgfortran3:amd64 (4.8.1-6) ...
Setting up libsigsegv2:amd64 (2.10-2) ...
Setting up libunistring0:amd64 (0.9.3-5) ...
Setting up file (1:5.14-2) ...
Setting up gettext-base (0.18.3-1) ...
Setting up m4 (1.4.16-5) ...
Setting up autoconf (2.69-1) ...
Setting up autotools-dev (20130515.1) ...
Setting up automake (1:1.13.3-1) ...
update-alternatives: using /usr/bin/automake-1.13 to provide /usr/bin/automake (automake) in auto mode
Setting up autopoint (0.18.3-1) ...
Setting up gettext (0.18.3-1) ...
Setting up intltool-debian (0.35.0+20060710.1) ...
Setting up po-debconf (1.0.16+nmu2) ...
Setting up debhelper (9.20130630) ...
Setting up libtool (2.4.2-1.3) ...
Setting up dh-autoreconf (9) ...
Setting up libgfortran-4.8-dev:amd64 (4.8.1-6) ...
Setting up gfortran-4.8 (4.8.1-6) ...
Setting up gfortran (4:4.8.1-2) ...
update-alternatives: using /usr/bin/gfortran to provide /usr/bin/f95 (f95) in auto mode
Setting up libfftw3-bin (3.3.3-5) ...
Setting up libfftw3-dev:amd64 (3.3.3-5) ...
Setting up pkg-config (0.26-1) ...
Setting up dh-exec (0.10) ...
Setting up sbuild-build-depends-einspline-dummy (0.invalid.0) ...
Processing triggers for libc-bin ...

┌──────────────────────────────────────────────────────────────────────────────┐
│ Build environment                                                            │
└──────────────────────────────────────────────────────────────────────────────┘

Kernel: Linux 2.6.32-5-xen-amd64 amd64 (x86_64)
Toolchain package versions: binutils_2.23.52.20130620-1 dpkg-dev_1.16.10 g++-4.6_4.6.4-4 g++-4.8_4.8.1-6 gcc-4.6_4.6.4-4 gcc-4.7_4.7.3-6 gcc-4.8_4.8.1-6 libc6-dev_2.17-7 libstdc++-4.8-dev_4.8.1-6 libstdc++6_4.8.1-6 libstdc++6-4.6-dev_4.6.4-4 libstdc++6-4.7-dev_4.7.3-6 linux-libc-dev_3.9.8-1
Package versions: apt_0.9.9.1 autoconf_2.69-1 automake_1:1.13.3-1 autopoint_0.18.3-1 autotools-dev_20130515.1 base-files_7.2 base-passwd_3.5.26 bash_4.2+dfsg-1 binutils_2.23.52.20130620-1 bsdmainutils_9.0.5 bsdutils_1:2.20.1-5.5 build-essential_11.6 bzip2_1.0.6-4 clang-3.3_1:3.3-3 coreutils_8.20-3 cpp_4:4.8.1-2 cpp-4.6_4.6.4-4 cpp-4.7_4.7.3-6 cpp-4.8_4.8.1-6 dash_0.5.7-3 debconf_1.5.50 debconf-i18n_1.5.50 debfoster_2.7-1.2 debhelper_9.20130630 debian-archive-keyring_2012.4 debianutils_4.3.4 dh-autoreconf_9 dh-exec_0.10 diffutils_1:3.2-8 dpkg_1.16.10 dpkg-dev_1.16.10 e2fslibs_1.42.8-1 e2fsprogs_1.42.8-1 fakeroot_1.19-2 file_1:5.14-2 findutils_4.4.2-6 g++_4:4.8.1-2 g++-4.6_4.6.4-4 g++-4.8_4.8.1-6 gcc_4:4.8.1-2 gcc-4.4-base_4.4.7-4 gcc-4.5-base_4.5.4-1 gcc-4.6_4.6.4-4 gcc-4.6-base_4.6.4-4 gcc-4.7_4.7.3-6 gcc-4.7-base_4.7.3-6 gcc-4.8_4.8.1-6 gcc-4.8-base_4.8.1-6 gettext_0.18.3-1 gettext-base_0.18.3-1 gfortran_4:4.8.1-2 gfortran-4.8_4.8.1-6 gnupg_1.4.12-7 gpgv_1.4.12-7 grep_2.14-2 groff-base_1.22.2-3 gzip_1.6-1 hostname_3.13 initscripts_2.88dsf-42 insserv_1.14.0-5 intltool-debian_0.35.0+20060710.1 libacl1_2.2.52-1 libapt-pkg4.12_0.9.9.1 libasan0_4.8.1-6 libasprintf0c2_0.18.3-1 libatomic1_4.8.1-6 libattr1_1:2.4.47-1 libblkid1_2.20.1-5.5 libbz2-1.0_1.0.6-4 libc-bin_2.17-7 libc-dev-bin_2.17-7 libc6_2.17-7 libc6-dev_2.17-7 libcap2_1:2.22-1.2 libclang-common-3.3-dev_1:3.3-3 libclang1-3.3_1:3.3-3 libclass-isa-perl_0.36-5 libcloog-isl4_0.18.0-2 libcloog-ppl1_0.16.1-3 libcomerr2_1.42.8-1 libcroco3_0.6.8-2 libdb5.1_5.1.29-6 libdpkg-perl_1.16.10 libffi6_3.0.13-4 libfftw3-bin_3.3.3-5 libfftw3-dev_3.3.3-5 libfftw3-double3_3.3.3-5 libfftw3-long3_3.3.3-5 libfftw3-quad3_3.3.3-5 libfftw3-single3_3.3.3-5 libfile-fcntllock-perl_0.14-2 libgc1c2_1:7.2d-5 libgcc-4.7-dev_4.7.3-6 libgcc-4.8-dev_4.8.1-6 libgcc1_1:4.8.1-6 libgdbm3_1.8.3-12 libgfortran-4.8-dev_4.8.1-6 libgfortran3_4.8.1-6 libglib2.0-0_2.36.3-3 libgmp10_2:5.1.2+dfsg-2 libgmpxx4ldbl_2:5.1.2+dfsg-2 libgomp1_4.8.1-6 libgpm2_1.20.4-6.1 libisl10_0.11.2-1 libitm1_4.8.1-6 libllvm3.3_1:3.3-3 liblocale-gettext-perl_1.05-7+b1 liblzma5_5.1.1alpha+20120614-2 libmagic1_1:5.14-2 libmount1_2.20.1-5.5 libmpc2_0.9-4 libmpc3_1.0.1-1 libmpfr4_3.1.1-1 libncurses5_5.9+20130608-1 libobjc-4.7-dev_4.7.3-6 libobjc4_4.8.1-6 libpam-modules_1.1.3-9 libpam-modules-bin_1.1.3-9 libpam-runtime_1.1.3-9 libpam0g_1.1.3-9 libpcre3_1:8.31-2 libpipeline1_1.2.4-1 libpopt0_1.16-7 libppl-c4_1:1.0-7 libppl12_1:1.0-7 libquadmath0_4.8.1-6 libreadline6_6.2+dfsg-0.1 libselinux1_2.1.13-2 libsemanage-common_2.1.10-2 libsemanage1_2.1.10-2 libsepol1_2.1.9-2 libsigsegv2_2.10-2 libslang2_2.2.4-15 libss2_1.42.8-1 libstdc++-4.8-dev_4.8.1-6 libstdc++6_4.8.1-6 libstdc++6-4.6-dev_4.6.4-4 libstdc++6-4.7-dev_4.7.3-6 libswitch-perl_2.16-2 libtext-charwidth-perl_0.04-7+b1 libtext-iconv-perl_1.7-5 libtext-wrapi18n-perl_0.06-7 libtimedate-perl_1.2000-1 libtinfo5_5.9+20130608-1 libtool_2.4.2-1.3 libtsan0_4.8.1-6 libunistring0_0.9.3-5 libusb-0.1-4_2:0.1.12-23.2 libustr-1.0-1_1.0.4-3 libuuid1_2.20.1-5.5 libxml2_2.9.1+dfsg1-2 linux-libc-dev_3.9.8-1 login_1:4.1.5.1-1 lsb-base_4.1+Debian12 m4_1.4.16-5 make_3.81-8.2 man-db_2.6.5-2 mawk_1.3.3-17 mount_2.20.1-5.5 multiarch-support_2.17-7 ncurses-base_5.9+20130608-1 ncurses-bin_5.9+20130608-1 passwd_1:4.1.5.1-1 patch_2.7.1-3 perl_5.14.2-21 perl-base_5.14.2-21 perl-modules_5.14.2-21 pkg-config_0.26-1 po-debconf_1.0.16+nmu2 readline-common_6.2+dfsg-0.1 sbuild-build-depends-core-dummy_0.invalid.0 sbuild-build-depends-einspline-dummy_0.invalid.0 sed_4.2.2-1 sensible-utils_0.0.9 sudo_1.8.5p2-1+nmu1 sysv-rc_2.88dsf-42 sysvinit_2.88dsf-42 sysvinit-utils_2.88dsf-42 tar_1.26+dfsg-6 tzdata_2013c-2 ucf_3.0027+nmu1 util-linux_2.20.1-5.5 vim_2:7.3.923-3 vim-common_2:7.3.923-3 vim-runtime_2:7.3.923-3 xz-utils_5.1.1alpha+20120614-2 zlib1g_1:1.2.8.dfsg-1

┌──────────────────────────────────────────────────────────────────────────────┐
│ Build                                                                        │
└──────────────────────────────────────────────────────────────────────────────┘


Unpack source
─────────────

gpgv: keyblock resource `/sbuild-nonexistent/.gnupg/trustedkeys.gpg': file open error
gpgv: Signature made Wed Apr  3 10:44:21 2013 UTC using RSA key ID 0ECEBE4A
gpgv: Can't check signature: public key not found
dpkg-source: warning: failed to verify signature on ./einspline_0.9.2-1.dsc
dpkg-source: info: extracting einspline in einspline-0.9.2
dpkg-source: info: unpacking einspline_0.9.2.orig.tar.gz
dpkg-source: info: unpacking einspline_0.9.2-1.debian.tar.gz
dpkg-source: info: applying missing-doc.patch
dpkg-source: info: applying fix-html-errors.patch

Check disc space
────────────────

Sufficient free space for build

Hack binNMU version
───────────────────

Created changelog entry for binNMU version 0.9.2-1clang1

User Environment
────────────────

HOME=/sbuild-nonexistent
LOGNAME=user
PATH=/usr/local/sbin:/usr/local/bin:/usr/sbin:/usr/bin:/sbin:/bin:/usr/games
SCHROOT_ALIAS_NAME=unstable-amd64-sbuild
SCHROOT_CHROOT_NAME=unstable-amd64-sbuild
SCHROOT_COMMAND=env
SCHROOT_GID=1000
SCHROOT_GROUP=user
SCHROOT_SESSION_ID=unstable-amd64-sbuild-eac64a9b-5b47-4069-a932-2e808980eff7
SCHROOT_UID=1000
SCHROOT_USER=user
SHELL=/bin/sh
USER=user

dpkg-buildpackage
─────────────────

dpkg-buildpackage: source package einspline
dpkg-buildpackage: source version 0.9.2-1clang1
 dpkg-source --before-build einspline-0.9.2
dpkg-buildpackage: host architecture amd64
 fakeroot debian/rules clean
dh clean --parallel --with autoreconf
   dh_testdir -O--parallel
   dh_auto_clean -O--parallel
   dh_autoreconf_clean -O--parallel
   dh_clean -O--parallel
 debian/rules build-arch
dh build-arch --parallel --with autoreconf
   dh_testdir -a -O--parallel
   dh_autoreconf -a -O--parallel
configure.ac:18: warning: AC_CACHE_VAL(ac_cxx_restrict, ...): suspicious cache-id, must contain _cv_ to be cached
../../lib/autoconf/general.m4:2031: AC_CACHE_VAL is expanded from...
../../lib/autoconf/general.m4:2052: AC_CACHE_CHECK is expanded from...
m4/ac_cxx_restrict.m4:9: AC_CXX_RESTRICT is expanded from...
configure.ac:18: the top level
configure.ac:149: warning: AC_CACHE_VAL(ax_have_mmx_ext, ...): suspicious cache-id, must contain _cv_ to be cached
../../lib/autoconf/general.m4:2031: AC_CACHE_VAL is expanded from...
../../lib/autoconf/general.m4:2052: AC_CACHE_CHECK is expanded from...
m4/ax_ext.m4:7: AX_EXT is expanded from...
configure.ac:149: the top level
configure.ac:149: warning: AC_CACHE_VAL(ax_have_sse_ext, ...): suspicious cache-id, must contain _cv_ to be cached
../../lib/autoconf/general.m4:2031: AC_CACHE_VAL is expanded from...
../../lib/autoconf/general.m4:2052: AC_CACHE_CHECK is expanded from...
m4/ax_ext.m4:7: AX_EXT is expanded from...
configure.ac:149: the top level
configure.ac:149: warning: AC_CACHE_VAL(ax_have_sse2_ext, ...): suspicious cache-id, must contain _cv_ to be cached
../../lib/autoconf/general.m4:2031: AC_CACHE_VAL is expanded from...
../../lib/autoconf/general.m4:2052: AC_CACHE_CHECK is expanded from...
m4/ax_ext.m4:7: AX_EXT is expanded from...
configure.ac:149: the top level
configure.ac:149: warning: AC_CACHE_VAL(ax_have_sse3_ext, ...): suspicious cache-id, must contain _cv_ to be cached
../../lib/autoconf/general.m4:2031: AC_CACHE_VAL is expanded from...
../../lib/autoconf/general.m4:2052: AC_CACHE_CHECK is expanded from...
m4/ax_ext.m4:7: AX_EXT is expanded from...
configure.ac:149: the top level
configure.ac:149: warning: AC_CACHE_VAL(ax_have_ssse3_ext, ...): suspicious cache-id, must contain _cv_ to be cached
../../lib/autoconf/general.m4:2031: AC_CACHE_VAL is expanded from...
../../lib/autoconf/general.m4:2052: AC_CACHE_CHECK is expanded from...
m4/ax_ext.m4:7: AX_EXT is expanded from...
configure.ac:149: the top level
configure.ac:149: warning: AC_CACHE_VAL(ax_have_sse4_1_ext, ...): suspicious cache-id, must contain _cv_ to be cached
../../lib/autoconf/general.m4:2031: AC_CACHE_VAL is expanded from...
../../lib/autoconf/general.m4:2052: AC_CACHE_CHECK is expanded from...
m4/ax_ext.m4:7: AX_EXT is expanded from...
configure.ac:149: the top level
configure.ac:149: warning: AC_CACHE_VAL(ax_have_sse4_2_ext, ...): suspicious cache-id, must contain _cv_ to be cached
../../lib/autoconf/general.m4:2031: AC_CACHE_VAL is expanded from...
../../lib/autoconf/general.m4:2052: AC_CACHE_CHECK is expanded from...
m4/ax_ext.m4:7: AX_EXT is expanded from...
configure.ac:149: the top level
configure.ac:18: warning: AC_CACHE_VAL(ac_cxx_restrict, ...): suspicious cache-id, must contain _cv_ to be cached
../../lib/autoconf/general.m4:2031: AC_CACHE_VAL is expanded from...
../../lib/autoconf/general.m4:2052: AC_CACHE_CHECK is expanded from...
m4/ac_cxx_restrict.m4:9: AC_CXX_RESTRICT is expanded from...
configure.ac:18: the top level
configure.ac:149: warning: AC_CACHE_VAL(ax_have_mmx_ext, ...): suspicious cache-id, must contain _cv_ to be cached
../../lib/autoconf/general.m4:2031: AC_CACHE_VAL is expanded from...
../../lib/autoconf/general.m4:2052: AC_CACHE_CHECK is expanded from...
m4/ax_ext.m4:7: AX_EXT is expanded from...
configure.ac:149: the top level
configure.ac:149: warning: AC_CACHE_VAL(ax_have_sse_ext, ...): suspicious cache-id, must contain _cv_ to be cached
../../lib/autoconf/general.m4:2031: AC_CACHE_VAL is expanded from...
../../lib/autoconf/general.m4:2052: AC_CACHE_CHECK is expanded from...
m4/ax_ext.m4:7: AX_EXT is expanded from...
configure.ac:149: the top level
configure.ac:149: warning: AC_CACHE_VAL(ax_have_sse2_ext, ...): suspicious cache-id, must contain _cv_ to be cached
../../lib/autoconf/general.m4:2031: AC_CACHE_VAL is expanded from...
../../lib/autoconf/general.m4:2052: AC_CACHE_CHECK is expanded from...
m4/ax_ext.m4:7: AX_EXT is expanded from...
configure.ac:149: the top level
configure.ac:149: warning: AC_CACHE_VAL(ax_have_sse3_ext, ...): suspicious cache-id, must contain _cv_ to be cached
../../lib/autoconf/general.m4:2031: AC_CACHE_VAL is expanded from...
../../lib/autoconf/general.m4:2052: AC_CACHE_CHECK is expanded from...
m4/ax_ext.m4:7: AX_EXT is expanded from...
configure.ac:149: the top level
configure.ac:149: warning: AC_CACHE_VAL(ax_have_ssse3_ext, ...): suspicious cache-id, must contain _cv_ to be cached
../../lib/autoconf/general.m4:2031: AC_CACHE_VAL is expanded from...
../../lib/autoconf/general.m4:2052: AC_CACHE_CHECK is expanded from...
m4/ax_ext.m4:7: AX_EXT is expanded from...
configure.ac:149: the top level
configure.ac:149: warning: AC_CACHE_VAL(ax_have_sse4_1_ext, ...): suspicious cache-id, must contain _cv_ to be cached
../../lib/autoconf/general.m4:2031: AC_CACHE_VAL is expanded from...
../../lib/autoconf/general.m4:2052: AC_CACHE_CHECK is expanded from...
m4/ax_ext.m4:7: AX_EXT is expanded from...
configure.ac:149: the top level
configure.ac:149: warning: AC_CACHE_VAL(ax_have_sse4_2_ext, ...): suspicious cache-id, must contain _cv_ to be cached
../../lib/autoconf/general.m4:2031: AC_CACHE_VAL is expanded from...
../../lib/autoconf/general.m4:2052: AC_CACHE_CHECK is expanded from...
m4/ax_ext.m4:7: AX_EXT is expanded from...
configure.ac:149: the top level
libtoolize: putting auxiliary files in `.'.
libtoolize: copying file `./ltmain.sh'
libtoolize: Consider adding `AC_CONFIG_MACRO_DIR([m4])' to configure.ac and
libtoolize: rerunning libtoolize, to keep the correct libtool macros in-tree.
libtoolize: Consider adding `-I m4' to ACLOCAL_AMFLAGS in Makefile.am.
configure.ac:18: warning: AC_CACHE_VAL(ac_cxx_restrict, ...): suspicious cache-id, must contain _cv_ to be cached
../../lib/autoconf/general.m4:2031: AC_CACHE_VAL is expanded from...
../../lib/autoconf/general.m4:2052: AC_CACHE_CHECK is expanded from...
m4/ac_cxx_restrict.m4:9: AC_CXX_RESTRICT is expanded from...
configure.ac:18: the top level
configure.ac:149: warning: AC_CACHE_VAL(ax_have_mmx_ext, ...): suspicious cache-id, must contain _cv_ to be cached
../../lib/autoconf/general.m4:2031: AC_CACHE_VAL is expanded from...
../../lib/autoconf/general.m4:2052: AC_CACHE_CHECK is expanded from...
m4/ax_ext.m4:7: AX_EXT is expanded from...
configure.ac:149: the top level
configure.ac:149: warning: AC_CACHE_VAL(ax_have_sse_ext, ...): suspicious cache-id, must contain _cv_ to be cached
../../lib/autoconf/general.m4:2031: AC_CACHE_VAL is expanded from...
../../lib/autoconf/general.m4:2052: AC_CACHE_CHECK is expanded from...
m4/ax_ext.m4:7: AX_EXT is expanded from...
configure.ac:149: the top level
configure.ac:149: warning: AC_CACHE_VAL(ax_have_sse2_ext, ...): suspicious cache-id, must contain _cv_ to be cached
../../lib/autoconf/general.m4:2031: AC_CACHE_VAL is expanded from...
../../lib/autoconf/general.m4:2052: AC_CACHE_CHECK is expanded from...
m4/ax_ext.m4:7: AX_EXT is expanded from...
configure.ac:149: the top level
configure.ac:149: warning: AC_CACHE_VAL(ax_have_sse3_ext, ...): suspicious cache-id, must contain _cv_ to be cached
../../lib/autoconf/general.m4:2031: AC_CACHE_VAL is expanded from...
../../lib/autoconf/general.m4:2052: AC_CACHE_CHECK is expanded from...
m4/ax_ext.m4:7: AX_EXT is expanded from...
configure.ac:149: the top level
configure.ac:149: warning: AC_CACHE_VAL(ax_have_ssse3_ext, ...): suspicious cache-id, must contain _cv_ to be cached
../../lib/autoconf/general.m4:2031: AC_CACHE_VAL is expanded from...
../../lib/autoconf/general.m4:2052: AC_CACHE_CHECK is expanded from...
m4/ax_ext.m4:7: AX_EXT is expanded from...
configure.ac:149: the top level
configure.ac:149: warning: AC_CACHE_VAL(ax_have_sse4_1_ext, ...): suspicious cache-id, must contain _cv_ to be cached
../../lib/autoconf/general.m4:2031: AC_CACHE_VAL is expanded from...
../../lib/autoconf/general.m4:2052: AC_CACHE_CHECK is expanded from...
m4/ax_ext.m4:7: AX_EXT is expanded from...
configure.ac:149: the top level
configure.ac:149: warning: AC_CACHE_VAL(ax_have_sse4_2_ext, ...): suspicious cache-id, must contain _cv_ to be cached
../../lib/autoconf/general.m4:2031: AC_CACHE_VAL is expanded from...
../../lib/autoconf/general.m4:2052: AC_CACHE_CHECK is expanded from...
m4/ax_ext.m4:7: AX_EXT is expanded from...
configure.ac:149: the top level
configure.ac:18: warning: AC_CACHE_VAL(ac_cxx_restrict, ...): suspicious cache-id, must contain _cv_ to be cached
../../lib/autoconf/general.m4:2031: AC_CACHE_VAL is expanded from...
../../lib/autoconf/general.m4:2052: AC_CACHE_CHECK is expanded from...
m4/ac_cxx_restrict.m4:9: AC_CXX_RESTRICT is expanded from...
configure.ac:18: the top level
configure.ac:149: warning: AC_CACHE_VAL(ax_have_mmx_ext, ...): suspicious cache-id, must contain _cv_ to be cached
../../lib/autoconf/general.m4:2031: AC_CACHE_VAL is expanded from...
../../lib/autoconf/general.m4:2052: AC_CACHE_CHECK is expanded from...
m4/ax_ext.m4:7: AX_EXT is expanded from...
configure.ac:149: the top level
configure.ac:149: warning: AC_CACHE_VAL(ax_have_sse_ext, ...): suspicious cache-id, must contain _cv_ to be cached
../../lib/autoconf/general.m4:2031: AC_CACHE_VAL is expanded from...
../../lib/autoconf/general.m4:2052: AC_CACHE_CHECK is expanded from...
m4/ax_ext.m4:7: AX_EXT is expanded from...
configure.ac:149: the top level
configure.ac:149: warning: AC_CACHE_VAL(ax_have_sse2_ext, ...): suspicious cache-id, must contain _cv_ to be cached
../../lib/autoconf/general.m4:2031: AC_CACHE_VAL is expanded from...
../../lib/autoconf/general.m4:2052: AC_CACHE_CHECK is expanded from...
m4/ax_ext.m4:7: AX_EXT is expanded from...
configure.ac:149: the top level
configure.ac:149: warning: AC_CACHE_VAL(ax_have_sse3_ext, ...): suspicious cache-id, must contain _cv_ to be cached
../../lib/autoconf/general.m4:2031: AC_CACHE_VAL is expanded from...
../../lib/autoconf/general.m4:2052: AC_CACHE_CHECK is expanded from...
m4/ax_ext.m4:7: AX_EXT is expanded from...
configure.ac:149: the top level
configure.ac:149: warning: AC_CACHE_VAL(ax_have_ssse3_ext, ...): suspicious cache-id, must contain _cv_ to be cached
../../lib/autoconf/general.m4:2031: AC_CACHE_VAL is expanded from...
../../lib/autoconf/general.m4:2052: AC_CACHE_CHECK is expanded from...
m4/ax_ext.m4:7: AX_EXT is expanded from...
configure.ac:149: the top level
configure.ac:149: warning: AC_CACHE_VAL(ax_have_sse4_1_ext, ...): suspicious cache-id, must contain _cv_ to be cached
../../lib/autoconf/general.m4:2031: AC_CACHE_VAL is expanded from...
../../lib/autoconf/general.m4:2052: AC_CACHE_CHECK is expanded from...
m4/ax_ext.m4:7: AX_EXT is expanded from...
configure.ac:149: the top level
configure.ac:149: warning: AC_CACHE_VAL(ax_have_sse4_2_ext, ...): suspicious cache-id, must contain _cv_ to be cached
../../lib/autoconf/general.m4:2031: AC_CACHE_VAL is expanded from...
../../lib/autoconf/general.m4:2052: AC_CACHE_CHECK is expanded from...
m4/ax_ext.m4:7: AX_EXT is expanded from...
configure.ac:149: the top level
configure.ac:18: warning: AC_CACHE_VAL(ac_cxx_restrict, ...): suspicious cache-id, must contain _cv_ to be cached
../../lib/autoconf/general.m4:2031: AC_CACHE_VAL is expanded from...
../../lib/autoconf/general.m4:2052: AC_CACHE_CHECK is expanded from...
m4/ac_cxx_restrict.m4:9: AC_CXX_RESTRICT is expanded from...
configure.ac:18: the top level
configure.ac:149: warning: AC_CACHE_VAL(ax_have_mmx_ext, ...): suspicious cache-id, must contain _cv_ to be cached
../../lib/autoconf/general.m4:2031: AC_CACHE_VAL is expanded from...
../../lib/autoconf/general.m4:2052: AC_CACHE_CHECK is expanded from...
m4/ax_ext.m4:7: AX_EXT is expanded from...
configure.ac:149: the top level
configure.ac:149: warning: AC_CACHE_VAL(ax_have_sse_ext, ...): suspicious cache-id, must contain _cv_ to be cached
../../lib/autoconf/general.m4:2031: AC_CACHE_VAL is expanded from...
../../lib/autoconf/general.m4:2052: AC_CACHE_CHECK is expanded from...
m4/ax_ext.m4:7: AX_EXT is expanded from...
configure.ac:149: the top level
configure.ac:149: warning: AC_CACHE_VAL(ax_have_sse2_ext, ...): suspicious cache-id, must contain _cv_ to be cached
../../lib/autoconf/general.m4:2031: AC_CACHE_VAL is expanded from...
../../lib/autoconf/general.m4:2052: AC_CACHE_CHECK is expanded from...
m4/ax_ext.m4:7: AX_EXT is expanded from...
configure.ac:149: the top level
configure.ac:149: warning: AC_CACHE_VAL(ax_have_sse3_ext, ...): suspicious cache-id, must contain _cv_ to be cached
../../lib/autoconf/general.m4:2031: AC_CACHE_VAL is expanded from...
../../lib/autoconf/general.m4:2052: AC_CACHE_CHECK is expanded from...
m4/ax_ext.m4:7: AX_EXT is expanded from...
configure.ac:149: the top level
configure.ac:149: warning: AC_CACHE_VAL(ax_have_ssse3_ext, ...): suspicious cache-id, must contain _cv_ to be cached
../../lib/autoconf/general.m4:2031: AC_CACHE_VAL is expanded from...
../../lib/autoconf/general.m4:2052: AC_CACHE_CHECK is expanded from...
m4/ax_ext.m4:7: AX_EXT is expanded from...
configure.ac:149: the top level
configure.ac:149: warning: AC_CACHE_VAL(ax_have_sse4_1_ext, ...): suspicious cache-id, must contain _cv_ to be cached
../../lib/autoconf/general.m4:2031: AC_CACHE_VAL is expanded from...
../../lib/autoconf/general.m4:2052: AC_CACHE_CHECK is expanded from...
m4/ax_ext.m4:7: AX_EXT is expanded from...
configure.ac:149: the top level
configure.ac:149: warning: AC_CACHE_VAL(ax_have_sse4_2_ext, ...): suspicious cache-id, must contain _cv_ to be cached
../../lib/autoconf/general.m4:2031: AC_CACHE_VAL is expanded from...
../../lib/autoconf/general.m4:2052: AC_CACHE_CHECK is expanded from...
m4/ax_ext.m4:7: AX_EXT is expanded from...
configure.ac:149: the top level
configure.ac:18: warning: AC_CACHE_VAL(ac_cxx_restrict, ...): suspicious cache-id, must contain _cv_ to be cached
../../lib/autoconf/general.m4:2031: AC_CACHE_VAL is expanded from...
../../lib/autoconf/general.m4:2052: AC_CACHE_CHECK is expanded from...
m4/ac_cxx_restrict.m4:9: AC_CXX_RESTRICT is expanded from...
configure.ac:18: the top level
configure.ac:149: warning: AC_CACHE_VAL(ax_have_mmx_ext, ...): suspicious cache-id, must contain _cv_ to be cached
../../lib/autoconf/general.m4:2031: AC_CACHE_VAL is expanded from...
../../lib/autoconf/general.m4:2052: AC_CACHE_CHECK is expanded from...
m4/ax_ext.m4:7: AX_EXT is expanded from...
configure.ac:149: the top level
configure.ac:149: warning: AC_CACHE_VAL(ax_have_sse_ext, ...): suspicious cache-id, must contain _cv_ to be cached
../../lib/autoconf/general.m4:2031: AC_CACHE_VAL is expanded from...
../../lib/autoconf/general.m4:2052: AC_CACHE_CHECK is expanded from...
m4/ax_ext.m4:7: AX_EXT is expanded from...
configure.ac:149: the top level
configure.ac:149: warning: AC_CACHE_VAL(ax_have_sse2_ext, ...): suspicious cache-id, must contain _cv_ to be cached
../../lib/autoconf/general.m4:2031: AC_CACHE_VAL is expanded from...
../../lib/autoconf/general.m4:2052: AC_CACHE_CHECK is expanded from...
m4/ax_ext.m4:7: AX_EXT is expanded from...
configure.ac:149: the top level
configure.ac:149: warning: AC_CACHE_VAL(ax_have_sse3_ext, ...): suspicious cache-id, must contain _cv_ to be cached
../../lib/autoconf/general.m4:2031: AC_CACHE_VAL is expanded from...
../../lib/autoconf/general.m4:2052: AC_CACHE_CHECK is expanded from...
m4/ax_ext.m4:7: AX_EXT is expanded from...
configure.ac:149: the top level
configure.ac:149: warning: AC_CACHE_VAL(ax_have_ssse3_ext, ...): suspicious cache-id, must contain _cv_ to be cached
../../lib/autoconf/general.m4:2031: AC_CACHE_VAL is expanded from...
../../lib/autoconf/general.m4:2052: AC_CACHE_CHECK is expanded from...
m4/ax_ext.m4:7: AX_EXT is expanded from...
configure.ac:149: the top level
configure.ac:149: warning: AC_CACHE_VAL(ax_have_sse4_1_ext, ...): suspicious cache-id, must contain _cv_ to be cached
../../lib/autoconf/general.m4:2031: AC_CACHE_VAL is expanded from...
../../lib/autoconf/general.m4:2052: AC_CACHE_CHECK is expanded from...
m4/ax_ext.m4:7: AX_EXT is expanded from...
configure.ac:149: the top level
configure.ac:149: warning: AC_CACHE_VAL(ax_have_sse4_2_ext, ...): suspicious cache-id, must contain _cv_ to be cached
../../lib/autoconf/general.m4:2031: AC_CACHE_VAL is expanded from...
../../lib/autoconf/general.m4:2052: AC_CACHE_CHECK is expanded from...
m4/ax_ext.m4:7: AX_EXT is expanded from...
configure.ac:149: the top level
configure.ac:5: warning: AM_INIT_AUTOMAKE: two- and three-arguments forms are deprecated.  For more info, see:
configure.ac:5: http://www.gnu.org/software/automake/manual/automake.html#Modernize-AM_005fINIT_005fAUTOMAKE-invocation
   debian/rules override_dh_auto_configure
make[1]: Entering directory `/«PKGBUILDDIR»'
dh_auto_configure -- --enable-portable-binary --enable-pthread --enable-blips
configure: WARNING: unrecognized options: --disable-maintainer-mode
checking for a BSD-compatible install... /usr/bin/install -c
checking whether build environment is sane... yes
checking for a thread-safe mkdir -p... /bin/mkdir -p
checking for gawk... no
checking for mawk... mawk
checking whether make sets $(MAKE)... yes
checking whether make supports nested variables... yes
checking for style of include used by make... GNU
checking for gcc... gcc
checking whether the C compiler works... yes
checking for C compiler default output file name... a.out
checking for suffix of executables... 
checking whether we are cross compiling... no
checking for suffix of object files... o
checking whether we are using the GNU C compiler... yes
checking whether gcc accepts -g... yes
checking for gcc option to accept ISO C89... none needed
checking dependency style of gcc... none
checking for gcc option to accept ISO C99... none needed
checking for gcc option to accept ISO Standard C... (cached) none needed
checking for g++... g++
checking whether we are using the GNU C++ compiler... yes
checking whether g++ accepts -g... yes
checking dependency style of g++... none
checking for pkg-config... /usr/bin/pkg-config
checking pkg-config is at least version 0.9.0... yes
checking for C compiler vendor... gnu
checking build system type... x86_64-pc-linux-gnu
checking host system type... x86_64-pc-linux-gnu
checking for C++ compiler vendor... gnu
checking for restrict... __restrict__
*************** Enabling F77! ***************
checking for g77... no
checking for xlf... no
checking for f77... no
checking for frt... no
checking for pgf77... no
checking for cf77... no
checking for fort77... no
checking for fl32... no
checking for af77... no
checking for xlf90... no
checking for f90... no
checking for pgf90... no
checking for pghpf... no
checking for epcf90... no
checking for gfortran... gfortran
checking whether we are using the GNU Fortran 77 compiler... yes
checking whether gfortran accepts -g... yes
checking for Fortran 77 compiler vendor... unknown
checking how to print strings... printf
checking for a sed that does not truncate output... /bin/sed
checking for grep that handles long lines and -e... /bin/grep
checking for egrep... /bin/grep -E
checking for fgrep... /bin/grep -F
checking for ld used by gcc... /usr/bin/ld
checking if the linker (/usr/bin/ld) is GNU ld... yes
checking for BSD- or MS-compatible name lister (nm)... /usr/bin/nm -B
checking the name lister (/usr/bin/nm -B) interface... BSD nm
checking whether ln -s works... yes
checking the maximum length of command line arguments... 3458764513820540925
checking whether the shell understands some XSI constructs... yes
checking whether the shell understands "+="... yes
checking how to convert x86_64-pc-linux-gnu file names to x86_64-pc-linux-gnu format... func_convert_file_noop
checking how to convert x86_64-pc-linux-gnu file names to toolchain format... func_convert_file_noop
checking for /usr/bin/ld option to reload object files... -r
checking for objdump... objdump
checking how to recognize dependent libraries... pass_all
checking for dlltool... no
checking how to associate runtime and link libraries... printf %s\n
checking for ar... ar
checking for archiver @FILE support... @
checking for strip... strip
checking for ranlib... ranlib
checking command to parse /usr/bin/nm -B output from gcc object... ok
checking for sysroot... no
checking for mt... no
checking if : is a manifest tool... no
checking how to run the C preprocessor... gcc -E
checking for ANSI C header files... yes
checking for sys/types.h... yes
checking for sys/stat.h... yes
checking for stdlib.h... yes
checking for string.h... yes
checking for memory.h... yes
checking for strings.h... yes
checking for inttypes.h... yes
checking for stdint.h... yes
checking for unistd.h... yes
checking for dlfcn.h... yes
checking for objdir... .libs
checking if gcc supports -fno-rtti -fno-exceptions... yes
checking for gcc option to produce PIC... -fPIC -DPIC
checking if gcc PIC flag -fPIC -DPIC works... yes
checking if gcc static flag -static works... yes
checking if gcc supports -c -o file.o... yes
checking if gcc supports -c -o file.o... (cached) yes
checking whether the gcc linker (/usr/bin/ld -m elf_x86_64) supports shared libraries... yes
checking whether -lc should be explicitly linked in... no
checking dynamic linker characteristics... GNU/Linux ld.so
checking how to hardcode library paths into programs... immediate
checking whether stripping libraries is possible... yes
checking if libtool supports shared libraries... yes
checking whether to build shared libraries... yes
checking whether to build static libraries... yes
checking how to run the C++ preprocessor... g++ -E
checking for ld used by g++... /usr/bin/ld -m elf_x86_64
checking if the linker (/usr/bin/ld -m elf_x86_64) is GNU ld... yes
checking whether the g++ linker (/usr/bin/ld -m elf_x86_64) supports shared libraries... yes
checking for g++ option to produce PIC... -fPIC -DPIC
checking if g++ PIC flag -fPIC -DPIC works... yes
checking if g++ static flag -static works... yes
checking if g++ supports -c -o file.o... yes
checking if g++ supports -c -o file.o... (cached) yes
checking whether the g++ linker (/usr/bin/ld -m elf_x86_64) supports shared libraries... yes
checking dynamic linker characteristics... (cached) GNU/Linux ld.so
checking how to hardcode library paths into programs... immediate
checking if libtool supports shared libraries... yes
checking whether to build shared libraries... yes
checking whether to build static libraries... yes
checking for gfortran option to produce PIC... -fPIC
checking if gfortran PIC flag -fPIC works... yes
checking if gfortran static flag -static works... yes
checking if gfortran supports -c -o file.o... yes
checking if gfortran supports -c -o file.o... (cached) yes
checking whether the gfortran linker (/usr/bin/ld -m elf_x86_64) supports shared libraries... yes
checking dynamic linker characteristics... (cached) GNU/Linux ld.so
checking how to hardcode library paths into programs... immediate
enable_foratran = 
checking for sqrt in -lm... yes
checking LIBS = -lm ... checking for ANSI C header files... (cached) yes
checking for stdlib.h... (cached) yes
checking sys/time.h usability... yes
checking sys/time.h presence... yes
checking for sys/time.h... yes
checking for unistd.h... (cached) yes
checking for variable-length arrays... yes
checking optimal compiler flags... -g -O2 -fstack-protector --param=ssp-buffer-size=4 -Wformat -Werror=format-security -g
checking for FFTW3... yes
checking for FFTW3F... yes
*************** Enabling F77! ***************
checking how to get verbose linking output from gfortran... -v
checking for Fortran 77 libraries of gfortran...  -L/usr/lib/gcc/x86_64-linux-gnu/4.8 -L/usr/lib/gcc/x86_64-linux-gnu/4.8/../../../x86_64-linux-gnu -L/usr/lib/gcc/x86_64-linux-gnu/4.8/../../../../lib -L/lib/x86_64-linux-gnu -L/lib/../lib -L/usr/lib/x86_64-linux-gnu -L/usr/lib/../lib -L/usr/lib/gcc/x86_64-linux-gnu/4.8/../../.. -lgfortran -lm -lquadmath
checking for dummy main to link with Fortran 77 libraries... none
checking for Fortran 77 name-mangling scheme... lower case, underscore, no extra underscore
checking how to get verbose linking output from gfortran... (cached) -v
checking for Fortran 77 libraries of gfortran... (cached)  -L/usr/lib/gcc/x86_64-linux-gnu/4.8 -L/usr/lib/gcc/x86_64-linux-gnu/4.8/../../../x86_64-linux-gnu -L/usr/lib/gcc/x86_64-linux-gnu/4.8/../../../../lib -L/lib/x86_64-linux-gnu -L/lib/../lib -L/usr/lib/x86_64-linux-gnu -L/usr/lib/../lib -L/usr/lib/gcc/x86_64-linux-gnu/4.8/../../.. -lgfortran -lm -lquadmath
checking for dummy main to link with Fortran 77 libraries... (cached) none
checking for stdbool.h that conforms to C99... yes
checking for _Bool... yes
checking for an ANSI C-conforming const... yes
checking for inline... inline
checking for size_t... yes
checking for error_at_line... yes
checking for working strtod... yes
checking for clock_gettime... yes
checking for floor... yes
checking for pow... yes
checking for sqrt... yes
checking for strtol... yes
checking for posix_memalign... yes
checking that generated files are newer than configure... done
configure: creating ./config.status
config.status: creating Makefile
config.status: creating src/Makefile
config.status: creating doc/Makefile
config.status: creating www/Makefile
config.status: creating einspline.pc
config.status: creating src/config.h
config.status: executing depfiles commands
config.status: executing libtool commands
configure: WARNING: unrecognized options: --disable-maintainer-mode
make[1]: Leaving directory `/«PKGBUILDDIR»'
   dh_auto_build -a -O--parallel
make[1]: Entering directory `/«PKGBUILDDIR»'
Making all in src
make[2]: Entering directory `/«PKGBUILDDIR»/src'
make  all-am
make[3]: Entering directory `/«PKGBUILDDIR»/src'
/bin/bash ../libtool  --tag=CC   --mode=compile gcc -DHAVE_CONFIG_H -I.   -D_FORTIFY_SOURCE=2  -g -O2 -fstack-protector --param=ssp-buffer-size=4 -Wformat -Werror=format-security -g -pthread -c -o bspline_create.lo bspline_create.c
libtool: compile:  gcc -DHAVE_CONFIG_H -I. -D_FORTIFY_SOURCE=2 -g -O2 -fstack-protector --param=ssp-buffer-size=4 -Wformat -Werror=format-security -g -pthread -c bspline_create.c  -fPIC -DPIC -o .libs/bspline_create.o
libtool: compile:  gcc -DHAVE_CONFIG_H -I. -D_FORTIFY_SOURCE=2 -g -O2 -fstack-protector --param=ssp-buffer-size=4 -Wformat -Werror=format-security -g -pthread -c bspline_create.c -o bspline_create.o >/dev/null 2>&1
/bin/bash ../libtool  --tag=CC   --mode=compile gcc -DHAVE_CONFIG_H -I.   -D_FORTIFY_SOURCE=2  -g -O2 -fstack-protector --param=ssp-buffer-size=4 -Wformat -Werror=format-security -g -pthread -c -o bspline_data.lo bspline_data.c
libtool: compile:  gcc -DHAVE_CONFIG_H -I. -D_FORTIFY_SOURCE=2 -g -O2 -fstack-protector --param=ssp-buffer-size=4 -Wformat -Werror=format-security -g -pthread -c bspline_data.c  -fPIC -DPIC -o .libs/bspline_data.o
bspline_data.c:24:1: warning: '/*' within block comment [-Wcomment]
/*   SSE Data    */
^
1 warning generated.
libtool: compile:  gcc -DHAVE_CONFIG_H -I. -D_FORTIFY_SOURCE=2 -g -O2 -fstack-protector --param=ssp-buffer-size=4 -Wformat -Werror=format-security -g -pthread -c bspline_data.c -o bspline_data.o >/dev/null 2>&1
/bin/bash ../libtool  --tag=CC   --mode=compile gcc -DHAVE_CONFIG_H -I.   -D_FORTIFY_SOURCE=2  -g -O2 -fstack-protector --param=ssp-buffer-size=4 -Wformat -Werror=format-security -g -pthread -c -o multi_bspline_create.lo multi_bspline_create.c
libtool: compile:  gcc -DHAVE_CONFIG_H -I. -D_FORTIFY_SOURCE=2 -g -O2 -fstack-protector --param=ssp-buffer-size=4 -Wformat -Werror=format-security -g -pthread -c multi_bspline_create.c  -fPIC -DPIC -o .libs/multi_bspline_create.o
libtool: compile:  gcc -DHAVE_CONFIG_H -I. -D_FORTIFY_SOURCE=2 -g -O2 -fstack-protector --param=ssp-buffer-size=4 -Wformat -Werror=format-security -g -pthread -c multi_bspline_create.c -o multi_bspline_create.o >/dev/null 2>&1
/bin/bash ../libtool  --tag=CC   --mode=compile gcc -DHAVE_CONFIG_H -I.   -D_FORTIFY_SOURCE=2  -g -O2 -fstack-protector --param=ssp-buffer-size=4 -Wformat -Werror=format-security -g -pthread -c -o multi_nubspline_create.lo multi_nubspline_create.c
libtool: compile:  gcc -DHAVE_CONFIG_H -I. -D_FORTIFY_SOURCE=2 -g -O2 -fstack-protector --param=ssp-buffer-size=4 -Wformat -Werror=format-security -g -pthread -c multi_nubspline_create.c  -fPIC -DPIC -o .libs/multi_nubspline_create.o
libtool: compile:  gcc -DHAVE_CONFIG_H -I. -D_FORTIFY_SOURCE=2 -g -O2 -fstack-protector --param=ssp-buffer-size=4 -Wformat -Werror=format-security -g -pthread -c multi_nubspline_create.c -o multi_nubspline_create.o >/dev/null 2>&1
/bin/bash ../libtool  --tag=CC   --mode=compile gcc -DHAVE_CONFIG_H -I.   -D_FORTIFY_SOURCE=2  -g -O2 -fstack-protector --param=ssp-buffer-size=4 -Wformat -Werror=format-security -g -pthread -c -o nubspline_create.lo nubspline_create.c
libtool: compile:  gcc -DHAVE_CONFIG_H -I. -D_FORTIFY_SOURCE=2 -g -O2 -fstack-protector --param=ssp-buffer-size=4 -Wformat -Werror=format-security -g -pthread -c nubspline_create.c  -fPIC -DPIC -o .libs/nubspline_create.o
nubspline_create.c:1072:11: warning: 9 enumeration values not handled in switch: 'U1D', 'U2D', 'U3D'... [-Wswitch]
  switch (spline->sp_code) {
          ^
1 warning generated.
libtool: compile:  gcc -DHAVE_CONFIG_H -I. -D_FORTIFY_SOURCE=2 -g -O2 -fstack-protector --param=ssp-buffer-size=4 -Wformat -Werror=format-security -g -pthread -c nubspline_create.c -o nubspline_create.o >/dev/null 2>&1
/bin/bash ../libtool  --tag=CC   --mode=compile gcc -DHAVE_CONFIG_H -I.   -D_FORTIFY_SOURCE=2  -g -O2 -fstack-protector --param=ssp-buffer-size=4 -Wformat -Werror=format-security -g -pthread -c -o nubasis.lo nubasis.c
libtool: compile:  gcc -DHAVE_CONFIG_H -I. -D_FORTIFY_SOURCE=2 -g -O2 -fstack-protector --param=ssp-buffer-size=4 -Wformat -Werror=format-security -g -pthread -c nubasis.c  -fPIC -DPIC -o .libs/nubasis.o
libtool: compile:  gcc -DHAVE_CONFIG_H -I. -D_FORTIFY_SOURCE=2 -g -O2 -fstack-protector --param=ssp-buffer-size=4 -Wformat -Werror=format-security -g -pthread -c nubasis.c -o nubasis.o >/dev/null 2>&1
/bin/bash ../libtool  --tag=CC   --mode=compile gcc -DHAVE_CONFIG_H -I.   -D_FORTIFY_SOURCE=2  -g -O2 -fstack-protector --param=ssp-buffer-size=4 -Wformat -Werror=format-security -g -pthread -c -o nugrid.lo nugrid.c
libtool: compile:  gcc -DHAVE_CONFIG_H -I. -D_FORTIFY_SOURCE=2 -g -O2 -fstack-protector --param=ssp-buffer-size=4 -Wformat -Werror=format-security -g -pthread -c nugrid.c  -fPIC -DPIC -o .libs/nugrid.o
libtool: compile:  gcc -DHAVE_CONFIG_H -I. -D_FORTIFY_SOURCE=2 -g -O2 -fstack-protector --param=ssp-buffer-size=4 -Wformat -Werror=format-security -g -pthread -c nugrid.c -o nugrid.o >/dev/null 2>&1
/bin/bash ../libtool  --tag=CC   --mode=compile gcc -DHAVE_CONFIG_H -I.   -D_FORTIFY_SOURCE=2  -g -O2 -fstack-protector --param=ssp-buffer-size=4 -Wformat -Werror=format-security -g -pthread -c -o multi_bspline_eval_std_s.lo multi_bspline_eval_std_s.c
libtool: compile:  gcc -DHAVE_CONFIG_H -I. -D_FORTIFY_SOURCE=2 -g -O2 -fstack-protector --param=ssp-buffer-size=4 -Wformat -Werror=format-security -g -pthread -c multi_bspline_eval_std_s.c  -fPIC -DPIC -o .libs/multi_bspline_eval_std_s.o
libtool: compile:  gcc -DHAVE_CONFIG_H -I. -D_FORTIFY_SOURCE=2 -g -O2 -fstack-protector --param=ssp-buffer-size=4 -Wformat -Werror=format-security -g -pthread -c multi_bspline_eval_std_s.c -o multi_bspline_eval_std_s.o >/dev/null 2>&1
/bin/bash ../libtool  --tag=CXX   --mode=compile g++ -DHAVE_CONFIG_H -I.   -D_FORTIFY_SOURCE=2  -g -O2 -fstack-protector --param=ssp-buffer-size=4 -Wformat -Werror=format-security -g -pthread -c -o multi_bspline_eval_std_s_cpp.lo multi_bspline_eval_std_s_cpp.cc
libtool: compile:  g++ -DHAVE_CONFIG_H -I. -D_FORTIFY_SOURCE=2 -g -O2 -fstack-protector --param=ssp-buffer-size=4 -Wformat -Werror=format-security -g -pthread -c multi_bspline_eval_std_s_cpp.cc  -fPIC -DPIC -o .libs/multi_bspline_eval_std_s_cpp.o
libtool: compile:  g++ -DHAVE_CONFIG_H -I. -D_FORTIFY_SOURCE=2 -g -O2 -fstack-protector --param=ssp-buffer-size=4 -Wformat -Werror=format-security -g -pthread -c multi_bspline_eval_std_s_cpp.cc -o multi_bspline_eval_std_s_cpp.o >/dev/null 2>&1
/bin/bash ../libtool  --tag=CC   --mode=compile gcc -DHAVE_CONFIG_H -I.   -D_FORTIFY_SOURCE=2  -g -O2 -fstack-protector --param=ssp-buffer-size=4 -Wformat -Werror=format-security -g -pthread -c -o multi_bspline_eval_std_c.lo multi_bspline_eval_std_c.c
libtool: compile:  gcc -DHAVE_CONFIG_H -I. -D_FORTIFY_SOURCE=2 -g -O2 -fstack-protector --param=ssp-buffer-size=4 -Wformat -Werror=format-security -g -pthread -c multi_bspline_eval_std_c.c  -fPIC -DPIC -o .libs/multi_bspline_eval_std_c.o
libtool: compile:  gcc -DHAVE_CONFIG_H -I. -D_FORTIFY_SOURCE=2 -g -O2 -fstack-protector --param=ssp-buffer-size=4 -Wformat -Werror=format-security -g -pthread -c multi_bspline_eval_std_c.c -o multi_bspline_eval_std_c.o >/dev/null 2>&1
/bin/bash ../libtool  --tag=CXX   --mode=compile g++ -DHAVE_CONFIG_H -I.   -D_FORTIFY_SOURCE=2  -g -O2 -fstack-protector --param=ssp-buffer-size=4 -Wformat -Werror=format-security -g -pthread -c -o multi_bspline_eval_std_c_cpp.lo multi_bspline_eval_std_c_cpp.cc
libtool: compile:  g++ -DHAVE_CONFIG_H -I. -D_FORTIFY_SOURCE=2 -g -O2 -fstack-protector --param=ssp-buffer-size=4 -Wformat -Werror=format-security -g -pthread -c multi_bspline_eval_std_c_cpp.cc  -fPIC -DPIC -o .libs/multi_bspline_eval_std_c_cpp.o
libtool: compile:  g++ -DHAVE_CONFIG_H -I. -D_FORTIFY_SOURCE=2 -g -O2 -fstack-protector --param=ssp-buffer-size=4 -Wformat -Werror=format-security -g -pthread -c multi_bspline_eval_std_c_cpp.cc -o multi_bspline_eval_std_c_cpp.o >/dev/null 2>&1
/bin/bash ../libtool  --tag=CC   --mode=compile gcc -DHAVE_CONFIG_H -I.   -D_FORTIFY_SOURCE=2  -g -O2 -fstack-protector --param=ssp-buffer-size=4 -Wformat -Werror=format-security -g -pthread -c -o multi_bspline_eval_std_d.lo multi_bspline_eval_std_d.c
libtool: compile:  gcc -DHAVE_CONFIG_H -I. -D_FORTIFY_SOURCE=2 -g -O2 -fstack-protector --param=ssp-buffer-size=4 -Wformat -Werror=format-security -g -pthread -c multi_bspline_eval_std_d.c  -fPIC -DPIC -o .libs/multi_bspline_eval_std_d.o
libtool: compile:  gcc -DHAVE_CONFIG_H -I. -D_FORTIFY_SOURCE=2 -g -O2 -fstack-protector --param=ssp-buffer-size=4 -Wformat -Werror=format-security -g -pthread -c multi_bspline_eval_std_d.c -o multi_bspline_eval_std_d.o >/dev/null 2>&1
/bin/bash ../libtool  --tag=CXX   --mode=compile g++ -DHAVE_CONFIG_H -I.   -D_FORTIFY_SOURCE=2  -g -O2 -fstack-protector --param=ssp-buffer-size=4 -Wformat -Werror=format-security -g -pthread -c -o multi_bspline_eval_std_d_cpp.lo multi_bspline_eval_std_d_cpp.cc
libtool: compile:  g++ -DHAVE_CONFIG_H -I. -D_FORTIFY_SOURCE=2 -g -O2 -fstack-protector --param=ssp-buffer-size=4 -Wformat -Werror=format-security -g -pthread -c multi_bspline_eval_std_d_cpp.cc  -fPIC -DPIC -o .libs/multi_bspline_eval_std_d_cpp.o
libtool: compile:  g++ -DHAVE_CONFIG_H -I. -D_FORTIFY_SOURCE=2 -g -O2 -fstack-protector --param=ssp-buffer-size=4 -Wformat -Werror=format-security -g -pthread -c multi_bspline_eval_std_d_cpp.cc -o multi_bspline_eval_std_d_cpp.o >/dev/null 2>&1
/bin/bash ../libtool  --tag=CC   --mode=compile gcc -DHAVE_CONFIG_H -I.   -D_FORTIFY_SOURCE=2  -g -O2 -fstack-protector --param=ssp-buffer-size=4 -Wformat -Werror=format-security -g -pthread -c -o multi_bspline_eval_std_z.lo multi_bspline_eval_std_z.c
libtool: compile:  gcc -DHAVE_CONFIG_H -I. -D_FORTIFY_SOURCE=2 -g -O2 -fstack-protector --param=ssp-buffer-size=4 -Wformat -Werror=format-security -g -pthread -c multi_bspline_eval_std_z.c  -fPIC -DPIC -o .libs/multi_bspline_eval_std_z.o
libtool: compile:  gcc -DHAVE_CONFIG_H -I. -D_FORTIFY_SOURCE=2 -g -O2 -fstack-protector --param=ssp-buffer-size=4 -Wformat -Werror=format-security -g -pthread -c multi_bspline_eval_std_z.c -o multi_bspline_eval_std_z.o >/dev/null 2>&1
/bin/bash ../libtool  --tag=CXX   --mode=compile g++ -DHAVE_CONFIG_H -I.   -D_FORTIFY_SOURCE=2  -g -O2 -fstack-protector --param=ssp-buffer-size=4 -Wformat -Werror=format-security -g -pthread -c -o multi_bspline_eval_std_z_cpp.lo multi_bspline_eval_std_z_cpp.cc
libtool: compile:  g++ -DHAVE_CONFIG_H -I. -D_FORTIFY_SOURCE=2 -g -O2 -fstack-protector --param=ssp-buffer-size=4 -Wformat -Werror=format-security -g -pthread -c multi_bspline_eval_std_z_cpp.cc  -fPIC -DPIC -o .libs/multi_bspline_eval_std_z_cpp.o
libtool: compile:  g++ -DHAVE_CONFIG_H -I. -D_FORTIFY_SOURCE=2 -g -O2 -fstack-protector --param=ssp-buffer-size=4 -Wformat -Werror=format-security -g -pthread -c multi_bspline_eval_std_z_cpp.cc -o multi_bspline_eval_std_z_cpp.o >/dev/null 2>&1
/bin/bash ../libtool  --tag=CC   --mode=compile gcc -DHAVE_CONFIG_H -I.   -D_FORTIFY_SOURCE=2  -g -O2 -fstack-protector --param=ssp-buffer-size=4 -Wformat -Werror=format-security -g -pthread -c -o multi_nubspline_eval_std_z.lo multi_nubspline_eval_std_z.c
libtool: compile:  gcc -DHAVE_CONFIG_H -I. -D_FORTIFY_SOURCE=2 -g -O2 -fstack-protector --param=ssp-buffer-size=4 -Wformat -Werror=format-security -g -pthread -c multi_nubspline_eval_std_z.c  -fPIC -DPIC -o .libs/multi_nubspline_eval_std_z.o
libtool: compile:  gcc -DHAVE_CONFIG_H -I. -D_FORTIFY_SOURCE=2 -g -O2 -fstack-protector --param=ssp-buffer-size=4 -Wformat -Werror=format-security -g -pthread -c multi_nubspline_eval_std_z.c -o multi_nubspline_eval_std_z.o >/dev/null 2>&1
/bin/bash ../libtool  --tag=CXX   --mode=compile g++ -DHAVE_CONFIG_H -I.   -D_FORTIFY_SOURCE=2  -g -O2 -fstack-protector --param=ssp-buffer-size=4 -Wformat -Werror=format-security -g -pthread -c -o multi_nubspline_eval_std_z_cpp.lo multi_nubspline_eval_std_z_cpp.cc
libtool: compile:  g++ -DHAVE_CONFIG_H -I. -D_FORTIFY_SOURCE=2 -g -O2 -fstack-protector --param=ssp-buffer-size=4 -Wformat -Werror=format-security -g -pthread -c multi_nubspline_eval_std_z_cpp.cc  -fPIC -DPIC -o .libs/multi_nubspline_eval_std_z_cpp.o
libtool: compile:  g++ -DHAVE_CONFIG_H -I. -D_FORTIFY_SOURCE=2 -g -O2 -fstack-protector --param=ssp-buffer-size=4 -Wformat -Werror=format-security -g -pthread -c multi_nubspline_eval_std_z_cpp.cc -o multi_nubspline_eval_std_z_cpp.o >/dev/null 2>&1
/bin/bash ../libtool  --tag=CC   --mode=compile gcc -DHAVE_CONFIG_H -I.   -D_FORTIFY_SOURCE=2  -g -O2 -fstack-protector --param=ssp-buffer-size=4 -Wformat -Werror=format-security -g -pthread -c -o blip_create.lo blip_create.c
libtool: compile:  gcc -DHAVE_CONFIG_H -I. -D_FORTIFY_SOURCE=2 -g -O2 -fstack-protector --param=ssp-buffer-size=4 -Wformat -Werror=format-security -g -pthread -c blip_create.c  -fPIC -DPIC -o .libs/blip_create.o
In file included from blip_create.c:13:
./aligned_alloc.h:12:3: warning: ignoring return value of function declared with warn_unused_result attribute [-Wunused-result]
  posix_memalign (&ptr, alignment, size);
  ^~~~~~~~~~~~~~  ~~~~~~~~~~~~~~~~~~~~~
1 warning generated.
libtool: compile:  gcc -DHAVE_CONFIG_H -I. -D_FORTIFY_SOURCE=2 -g -O2 -fstack-protector --param=ssp-buffer-size=4 -Wformat -Werror=format-security -g -pthread -c blip_create.c -o blip_create.o >/dev/null 2>&1
/bin/bash ../libtool  --tag=CC   --mode=compile gcc -DHAVE_CONFIG_H -I.   -D_FORTIFY_SOURCE=2  -g -O2 -fstack-protector --param=ssp-buffer-size=4 -Wformat -Werror=format-security -g -pthread -c -o fbspline.lo fbspline.c
libtool: compile:  gcc -DHAVE_CONFIG_H -I. -D_FORTIFY_SOURCE=2 -g -O2 -fstack-protector --param=ssp-buffer-size=4 -Wformat -Werror=format-security -g -pthread -c fbspline.c  -fPIC -DPIC -o .libs/fbspline.o
libtool: compile:  gcc -DHAVE_CONFIG_H -I. -D_FORTIFY_SOURCE=2 -g -O2 -fstack-protector --param=ssp-buffer-size=4 -Wformat -Werror=format-security -g -pthread -c fbspline.c -o fbspline.o >/dev/null 2>&1
/bin/bash ../libtool  --tag=CC   --mode=compile gcc -DHAVE_CONFIG_H -I.   -D_FORTIFY_SOURCE=2  -g -O2 -fstack-protector --param=ssp-buffer-size=4 -Wformat -Werror=format-security -g -pthread -c -o fmulti_bspline.lo fmulti_bspline.c
libtool: compile:  gcc -DHAVE_CONFIG_H -I. -D_FORTIFY_SOURCE=2 -g -O2 -fstack-protector --param=ssp-buffer-size=4 -Wformat -Werror=format-security -g -pthread -c fmulti_bspline.c  -fPIC -DPIC -o .libs/fmulti_bspline.o
libtool: compile:  gcc -DHAVE_CONFIG_H -I. -D_FORTIFY_SOURCE=2 -g -O2 -fstack-protector --param=ssp-buffer-size=4 -Wformat -Werror=format-security -g -pthread -c fmulti_bspline.c -o fmulti_bspline.o >/dev/null 2>&1
/bin/bash ../libtool  --tag=CC   --mode=compile gcc -DHAVE_CONFIG_H -I.   -D_FORTIFY_SOURCE=2  -g -O2 -fstack-protector --param=ssp-buffer-size=4 -Wformat -Werror=format-security -g -pthread -c -o fnubspline.lo fnubspline.c
libtool: compile:  gcc -DHAVE_CONFIG_H -I. -D_FORTIFY_SOURCE=2 -g -O2 -fstack-protector --param=ssp-buffer-size=4 -Wformat -Werror=format-security -g -pthread -c fnubspline.c  -fPIC -DPIC -o .libs/fnubspline.o
libtool: compile:  gcc -DHAVE_CONFIG_H -I. -D_FORTIFY_SOURCE=2 -g -O2 -fstack-protector --param=ssp-buffer-size=4 -Wformat -Werror=format-security -g -pthread -c fnubspline.c -o fnubspline.o >/dev/null 2>&1
/bin/bash ../libtool  --tag=CXX   --mode=link g++  -g -O2 -fstack-protector --param=ssp-buffer-size=4 -Wformat -Werror=format-security -g -pthread  -Wl,-z,relro -o libeinspline.la -rpath /usr/lib/x86_64-linux-gnu bspline_create.lo bspline_data.lo multi_bspline_create.lo multi_nubspline_create.lo nubspline_create.lo nubasis.lo nugrid.lo multi_bspline_eval_std_s.lo multi_bspline_eval_std_s_cpp.lo multi_bspline_eval_std_c.lo multi_bspline_eval_std_c_cpp.lo multi_bspline_eval_std_d.lo multi_bspline_eval_std_d_cpp.lo multi_bspline_eval_std_z.lo multi_bspline_eval_std_z_cpp.lo multi_nubspline_eval_std_z.lo multi_nubspline_eval_std_z_cpp.lo blip_create.lo  fbspline.lo fmulti_bspline.lo fnubspline.lo -L/usr/lib/gcc/x86_64-linux-gnu/4.8 -L/usr/lib/gcc/x86_64-linux-gnu/4.8/../../../x86_64-linux-gnu -L/usr/lib/gcc/x86_64-linux-gnu/4.8/../../../../lib -L/lib/x86_64-linux-gnu -L/lib/../lib -L/usr/lib/x86_64-linux-gnu -L/usr/lib/../lib -L/usr/lib/gcc/x86_64-linux-gnu/4.8/../../.. -lgfortran -lm -lquadmath -lfftw3   -lfftw3f   -lm  
libtool: link: g++  -fPIC -DPIC -shared -nostdlib /usr/lib/gcc/x86_64-linux-gnu/4.8/../../../x86_64-linux-gnu/crti.o /usr/lib/gcc/x86_64-linux-gnu/4.8/crtbeginS.o  .libs/bspline_create.o .libs/bspline_data.o .libs/multi_bspline_create.o .libs/multi_nubspline_create.o .libs/nubspline_create.o .libs/nubasis.o .libs/nugrid.o .libs/multi_bspline_eval_std_s.o .libs/multi_bspline_eval_std_s_cpp.o .libs/multi_bspline_eval_std_c.o .libs/multi_bspline_eval_std_c_cpp.o .libs/multi_bspline_eval_std_d.o .libs/multi_bspline_eval_std_d_cpp.o .libs/multi_bspline_eval_std_z.o .libs/multi_bspline_eval_std_z_cpp.o .libs/multi_nubspline_eval_std_z.o .libs/multi_nubspline_eval_std_z_cpp.o .libs/blip_create.o .libs/fbspline.o .libs/fmulti_bspline.o .libs/fnubspline.o   -L/usr/lib/gcc/x86_64-linux-gnu/4.8 -L/usr/lib/gcc/x86_64-linux-gnu/4.8/../../../x86_64-linux-gnu -L/usr/lib/gcc/x86_64-linux-gnu/4.8/../../../../lib -L/lib/x86_64-linux-gnu -L/lib/../lib -L/usr/lib/x86_64-linux-gnu -L/usr/lib/../lib -L/usr/lib/gcc/x86_64-linux-gnu/4.8/../../.. -lgfortran -lquadmath -lfftw3 -lfftw3f -L/lib/../lib64 -L/usr/lib/llvm-3.3/lib/ -L/lib -L/usr/lib -lstdc++ -lm -lc -lgcc_s /usr/lib/gcc/x86_64-linux-gnu/4.8/crtendS.o /usr/lib/gcc/x86_64-linux-gnu/4.8/../../../x86_64-linux-gnu/crtn.o  -O2 -pthread -Wl,-z -Wl,relro   -pthread -Wl,-soname -Wl,libeinspline.so.0 -o .libs/libeinspline.so.0.0.0
clang: warning: argument unused during compilation: '-pthread'
clang: warning: argument unused during compilation: '-pthread'
libtool: link: (cd ".libs" && rm -f "libeinspline.so.0" && ln -s "libeinspline.so.0.0.0" "libeinspline.so.0")
libtool: link: (cd ".libs" && rm -f "libeinspline.so" && ln -s "libeinspline.so.0.0.0" "libeinspline.so")
libtool: link: ar cru .libs/libeinspline.a  bspline_create.o bspline_data.o multi_bspline_create.o multi_nubspline_create.o nubspline_create.o nubasis.o nugrid.o multi_bspline_eval_std_s.o multi_bspline_eval_std_s_cpp.o multi_bspline_eval_std_c.o multi_bspline_eval_std_c_cpp.o multi_bspline_eval_std_d.o multi_bspline_eval_std_d_cpp.o multi_bspline_eval_std_z.o multi_bspline_eval_std_z_cpp.o multi_nubspline_eval_std_z.o multi_nubspline_eval_std_z_cpp.o blip_create.o fbspline.o fmulti_bspline.o fnubspline.o
libtool: link: ranlib .libs/libeinspline.a
libtool: link: ( cd ".libs" && rm -f "libeinspline.la" && ln -s "../libeinspline.la" "libeinspline.la" )
gcc -DHAVE_CONFIG_H -I.   -D_FORTIFY_SOURCE=2  -g -O2 -fstack-protector --param=ssp-buffer-size=4 -Wformat -Werror=format-security -g -pthread -c time_multi.c
time_multi.c:1168:54: warning: incompatible pointer types passing 'complex_float [num_splines]' to parameter of type 'float *' [-Wincompatible-pointer-types]
    eval_multi_UBspline_3d_s (multi_spline, x, y, z, multi_vals);
                                                     ^~~~~~~~~~
./multi_bspline_eval_s.h:89:22: note: passing argument to parameter 'vals' here
                          float* restrict vals);
                                          ^
time_multi.c:1170:53: warning: incompatible pointer types passing 'complex_float *' (aka '_Complex float *') to parameter of type 'float *' [-Wincompatible-pointer-types]
      eval_UBspline_3d_s (norm_splines[j], x, y, z, &(norm_vals[j]));
                                                    ^~~~~~~~~~~~~~~
./bspline_eval_std_s.h:403:23: note: passing argument to parameter 'val' here
                    float* restrict val)
                                    ^
time_multi.c:1181:7: warning: incompatible pointer types passing 'complex_float [num_splines]' to parameter of type 'float *' [-Wincompatible-pointer-types]
                                  multi_vals, multi_grads);
                                  ^~~~~~~~~~
./multi_bspline_eval_s.h:94:25: note: passing argument to parameter 'vals' here
                             float* restrict vals,
                                             ^
time_multi.c:1181:19: warning: incompatible pointer types passing 'complex_float [3 * num_splines]' to parameter of type 'float *' [-Wincompatible-pointer-types]
                                  multi_vals, multi_grads);
                                              ^~~~~~~~~~~
./multi_bspline_eval_s.h:95:25: note: passing argument to parameter 'grads' here
                             float* restrict grads);
                                             ^
time_multi.c:1183:56: warning: incompatible pointer types passing 'complex_float *' (aka '_Complex float *') to parameter of type 'float *' [-Wincompatible-pointer-types]
      eval_UBspline_3d_s_vg (norm_splines[j], x, y, z, &(norm_vals[j]),
                                                       ^~~~~~~~~~~~~~~
./bspline_eval_std_s.h:467:20: note: passing argument to parameter 'val' here
                        float* restrict val, float* restrict grad)
                                        ^
time_multi.c:1184:6: warning: incompatible pointer types passing 'complex_float *' (aka '_Complex float *') to parameter of type 'float *' [-Wincompatible-pointer-types]
                          &(norm_grads[3*j]));
                          ^~~~~~~~~~~~~~~~~~
./bspline_eval_std_s.h:467:41: note: passing argument to parameter 'grad' here
                        float* restrict val, float* restrict grad)
                                                             ^
time_multi.c:1201:7: warning: incompatible pointer types passing 'complex_float [num_splines]' to parameter of type 'float *' [-Wincompatible-pointer-types]
                                  multi_vals, multi_grads, multi_lapl);
                                  ^~~~~~~~~~
./multi_bspline_eval_s.h:100:26: note: passing argument to parameter 'vals' here
                              float* restrict vals,
                                              ^
time_multi.c:1201:19: warning: incompatible pointer types passing 'complex_float [3 * num_splines]' to parameter of type 'float *' [-Wincompatible-pointer-types]
                                  multi_vals, multi_grads, multi_lapl);
                                              ^~~~~~~~~~~
./multi_bspline_eval_s.h:101:26: note: passing argument to parameter 'grads' here
                              float* restrict grads,
                                              ^
time_multi.c:1201:32: warning: incompatible pointer types passing 'complex_float [num_splines]' to parameter of type 'float *' [-Wincompatible-pointer-types]
                                  multi_vals, multi_grads, multi_lapl);
                                                           ^~~~~~~~~~
./multi_bspline_eval_s.h:102:26: note: passing argument to parameter 'lapl' here
                              float* restrict lapl);
                                              ^
time_multi.c:1203:57: warning: incompatible pointer types passing 'complex_float *' (aka '_Complex float *') to parameter of type 'float *' [-Wincompatible-pointer-types]
      eval_UBspline_3d_s_vgl (norm_splines[j], x, y, z, &(norm_vals[j]),
                                                        ^~~~~~~~~~~~~~~
./bspline_eval_std_s.h:576:20: note: passing argument to parameter 'val' here
                        float* restrict val, float* restrict grad, float* restrict lapl)
                                        ^
time_multi.c:1204:6: warning: incompatible pointer types passing 'complex_float *' (aka '_Complex float *') to parameter of type 'float *' [-Wincompatible-pointer-types]
                          &(norm_grads[3*j]), &(norm_lapl[j]));
                          ^~~~~~~~~~~~~~~~~~
./bspline_eval_std_s.h:576:41: note: passing argument to parameter 'grad' here
                        float* restrict val, float* restrict grad, float* restrict lapl)
                                                             ^
time_multi.c:1204:26: warning: incompatible pointer types passing 'complex_float *' (aka '_Complex float *') to parameter of type 'float *' [-Wincompatible-pointer-types]
                          &(norm_grads[3*j]), &(norm_lapl[j]));
                                              ^~~~~~~~~~~~~~~
./bspline_eval_std_s.h:576:63: note: passing argument to parameter 'lapl' here
                        float* restrict val, float* restrict grad, float* restrict lapl)
                                                                                   ^
time_multi.c:1225:7: warning: incompatible pointer types passing 'complex_float [num_splines]' to parameter of type 'float *' [-Wincompatible-pointer-types]
                                  multi_vals, multi_grads, multi_hess);
                                  ^~~~~~~~~~
./multi_bspline_eval_s.h:107:26: note: passing argument to parameter 'vals' here
                              float* restrict vals,
                                              ^
time_multi.c:1225:19: warning: incompatible pointer types passing 'complex_float [3 * num_splines]' to parameter of type 'float *' [-Wincompatible-pointer-types]
                                  multi_vals, multi_grads, multi_hess);
                                              ^~~~~~~~~~~
./multi_bspline_eval_s.h:108:26: note: passing argument to parameter 'grads' here
                              float* restrict grads,
                                              ^
time_multi.c:1225:32: warning: incompatible pointer types passing 'complex_float [9 * num_splines]' to parameter of type 'float *' [-Wincompatible-pointer-types]
                                  multi_vals, multi_grads, multi_hess);
                                                           ^~~~~~~~~~
./multi_bspline_eval_s.h:109:26: note: passing argument to parameter 'hess' here
                              float* restrict hess);
                                              ^
time_multi.c:1227:57: warning: incompatible pointer types passing 'complex_float *' (aka '_Complex float *') to parameter of type 'float *' [-Wincompatible-pointer-types]
      eval_UBspline_3d_s_vgh (norm_splines[j], x, y, z, &(norm_vals[j]),
                                                        ^~~~~~~~~~~~~~~
./bspline_eval_std_s.h:739:20: note: passing argument to parameter 'val' here
                        float* restrict val, float* restrict grad, float* restrict hess)
                                        ^
time_multi.c:1228:6: warning: incompatible pointer types passing 'complex_float *' (aka '_Complex float *') to parameter of type 'float *' [-Wincompatible-pointer-types]
                          &(norm_grads[3*j]), &(norm_hess[9*j]));
                          ^~~~~~~~~~~~~~~~~~
./bspline_eval_std_s.h:739:41: note: passing argument to parameter 'grad' here
                        float* restrict val, float* restrict grad, float* restrict hess)
                                                             ^
time_multi.c:1228:26: warning: incompatible pointer types passing 'complex_float *' (aka '_Complex float *') to parameter of type 'float *' [-Wincompatible-pointer-types]
                          &(norm_grads[3*j]), &(norm_hess[9*j]));
                                              ^~~~~~~~~~~~~~~~~
./bspline_eval_std_s.h:739:63: note: passing argument to parameter 'hess' here
                        float* restrict val, float* restrict grad, float* restrict hess)
                                                                                   ^
time_multi.c:2780:1: warning: type specifier missing, defaults to 'int' [-Wimplicit-int]
main()
^~~~
19 warnings generated.
/bin/bash ../libtool  --tag=CC   --mode=link gcc  -g -O2 -fstack-protector --param=ssp-buffer-size=4 -Wformat -Werror=format-security -g -pthread  -Wl,-z,relro -o time_multi time_multi.o libeinspline.la -L/usr/lib/gcc/x86_64-linux-gnu/4.8 -L/usr/lib/gcc/x86_64-linux-gnu/4.8/../../../x86_64-linux-gnu -L/usr/lib/gcc/x86_64-linux-gnu/4.8/../../../../lib -L/lib/x86_64-linux-gnu -L/lib/../lib -L/usr/lib/x86_64-linux-gnu -L/usr/lib/../lib -L/usr/lib/gcc/x86_64-linux-gnu/4.8/../../.. -lgfortran -lm -lquadmath -lfftw3   -lfftw3f   -lm  
libtool: link: gcc -g -O2 -fstack-protector --param=ssp-buffer-size=4 -Wformat -Werror=format-security -g -pthread -Wl,-z -Wl,relro -o .libs/time_multi time_multi.o  ./.libs/libeinspline.so -L/usr/lib/gcc/x86_64-linux-gnu/4.8 -L/usr/lib/gcc/x86_64-linux-gnu/4.8/../../../x86_64-linux-gnu -L/usr/lib/gcc/x86_64-linux-gnu/4.8/../../../../lib -L/lib/x86_64-linux-gnu -L/lib/../lib -L/usr/lib/x86_64-linux-gnu -L/usr/lib/../lib -L/usr/lib/gcc/x86_64-linux-gnu/4.8/../../.. -lgfortran -lquadmath -lfftw3 -lfftw3f -lm -pthread
time_multi.o: In function `test_1d_float_all':
/«PKGBUILDDIR»/src/time_multi.c:107: undefined reference to `eval_UBspline_1d_s_vg'
/«PKGBUILDDIR»/src/time_multi.c:125: undefined reference to `eval_UBspline_1d_s_vgl'
time_multi.o: In function `test_2d_float_all':
/«PKGBUILDDIR»/src/time_multi.c:200: undefined reference to `eval_UBspline_2d_s'
/«PKGBUILDDIR»/src/time_multi.c:213: undefined reference to `eval_UBspline_2d_s_vg'
/«PKGBUILDDIR»/src/time_multi.c:233: undefined reference to `eval_UBspline_2d_s_vgl'
/«PKGBUILDDIR»/src/time_multi.c:257: undefined reference to `eval_UBspline_2d_s_vgh'
time_multi.o: In function `test_3d_float_all':
/«PKGBUILDDIR»/src/time_multi.c:343: undefined reference to `eval_UBspline_3d_s'
/«PKGBUILDDIR»/src/time_multi.c:356: undefined reference to `eval_UBspline_3d_s_vg'
/«PKGBUILDDIR»/src/time_multi.c:376: undefined reference to `eval_UBspline_3d_s_vgl'
/«PKGBUILDDIR»/src/time_multi.c:400: undefined reference to `eval_UBspline_3d_s_vgh'
time_multi.o: In function `test_1d_double_all':
/«PKGBUILDDIR»/src/time_multi.c:527: undefined reference to `eval_UBspline_1d_d_vg'
/«PKGBUILDDIR»/src/time_multi.c:545: undefined reference to `eval_UBspline_1d_d_vgl'
time_multi.o: In function `test_2d_double_all':
/«PKGBUILDDIR»/src/time_multi.c:620: undefined reference to `eval_UBspline_2d_d'
/«PKGBUILDDIR»/src/time_multi.c:633: undefined reference to `eval_UBspline_2d_d_vg'
/«PKGBUILDDIR»/src/time_multi.c:653: undefined reference to `eval_UBspline_2d_d_vgl'
/«PKGBUILDDIR»/src/time_multi.c:677: undefined reference to `eval_UBspline_2d_d_vgh'
time_multi.o: In function `test_3d_double_all':
/«PKGBUILDDIR»/src/time_multi.c:765: undefined reference to `eval_UBspline_3d_d_vg'
/«PKGBUILDDIR»/src/time_multi.c:785: undefined reference to `eval_UBspline_3d_d_vgl'
/«PKGBUILDDIR»/src/time_multi.c:809: undefined reference to `eval_UBspline_3d_d_vgh'
time_multi.o: In function `test_1d_complex_float_all':
/«PKGBUILDDIR»/src/time_multi.c:896: undefined reference to `eval_UBspline_1d_c'
/«PKGBUILDDIR»/src/time_multi.c:916: undefined reference to `eval_UBspline_1d_c_vg'
/«PKGBUILDDIR»/src/time_multi.c:934: undefined reference to `eval_UBspline_1d_c_vgl'
time_multi.o: In function `test_2d_complex_float_all':
/«PKGBUILDDIR»/src/time_multi.c:1008: undefined reference to `eval_UBspline_2d_c'
/«PKGBUILDDIR»/src/time_multi.c:1021: undefined reference to `eval_UBspline_2d_c_vg'
/«PKGBUILDDIR»/src/time_multi.c:1051: undefined reference to `eval_UBspline_2d_c_vgl'
/«PKGBUILDDIR»/src/time_multi.c:1080: undefined reference to `eval_UBspline_2d_c_vgh'
time_multi.o: In function `test_3d_real_float_all':
/«PKGBUILDDIR»/src/time_multi.c:1170: undefined reference to `eval_UBspline_3d_s'
/«PKGBUILDDIR»/src/time_multi.c:1183: undefined reference to `eval_UBspline_3d_s_vg'
/«PKGBUILDDIR»/src/time_multi.c:1203: undefined reference to `eval_UBspline_3d_s_vgl'
/«PKGBUILDDIR»/src/time_multi.c:1227: undefined reference to `eval_UBspline_3d_s_vgh'
time_multi.o: In function `test_3d_complex_float_all':
/«PKGBUILDDIR»/src/time_multi.c:1307: undefined reference to `eval_UBspline_3d_c'
/«PKGBUILDDIR»/src/time_multi.c:1320: undefined reference to `eval_UBspline_3d_c_vg'
/«PKGBUILDDIR»/src/time_multi.c:1340: undefined reference to `eval_UBspline_3d_c_vgl'
/«PKGBUILDDIR»/src/time_multi.c:1364: undefined reference to `eval_UBspline_3d_c_vgh'
time_multi.o: In function `test_complex_double':
/«PKGBUILDDIR»/src/time_multi.c:1442: undefined reference to `eval_UBspline_3d_z'
/«PKGBUILDDIR»/src/time_multi.c:1474: undefined reference to `eval_UBspline_3d_z'
time_multi.o: In function `test_1d_complex_double_all':
/«PKGBUILDDIR»/src/time_multi.c:1556: undefined reference to `eval_UBspline_1d_z'
/«PKGBUILDDIR»/src/time_multi.c:1575: undefined reference to `eval_UBspline_1d_z_vg'
/«PKGBUILDDIR»/src/time_multi.c:1593: undefined reference to `eval_UBspline_1d_z_vgl'
time_multi.o: In function `test_2d_complex_double_all':
/«PKGBUILDDIR»/src/time_multi.c:1667: undefined reference to `eval_UBspline_2d_z'
/«PKGBUILDDIR»/src/time_multi.c:1680: undefined reference to `eval_UBspline_2d_z_vg'
/«PKGBUILDDIR»/src/time_multi.c:1700: undefined reference to `eval_UBspline_2d_z_vgl'
/«PKGBUILDDIR»/src/time_multi.c:1729: undefined reference to `eval_UBspline_2d_z_vgh'
time_multi.o: In function `time_3d_complex_float_all':
/«PKGBUILDDIR»/src/time_multi.c:1831: undefined reference to `eval_UBspline_3d_c'
/«PKGBUILDDIR»/src/time_multi.c:1885: undefined reference to `eval_UBspline_3d_c_vgh'
time_multi.o: In function `time_3d_real_float_all':
/«PKGBUILDDIR»/src/time_multi.c:1973: undefined reference to `eval_UBspline_3d_s'
/«PKGBUILDDIR»/src/time_multi.c:2006: undefined reference to `eval_UBspline_3d_s_vgh'
time_multi.o: In function `time_3d_real_double_all':
/«PKGBUILDDIR»/src/time_multi.c:2102: undefined reference to `eval_UBspline_3d_d'
/«PKGBUILDDIR»/src/time_multi.c:2135: undefined reference to `eval_UBspline_3d_d_vgh'
time_multi.o: In function `time_3d_complex_double_all':
/«PKGBUILDDIR»/src/time_multi.c:2228: undefined reference to `eval_UBspline_3d_z'
/«PKGBUILDDIR»/src/time_multi.c:2282: undefined reference to `eval_UBspline_3d_z_vgh'
time_multi.o: In function `test_complex_double_vgh':
/«PKGBUILDDIR»/src/time_multi.c:2357: undefined reference to `eval_UBspline_3d_z_vgh'
/«PKGBUILDDIR»/src/time_multi.c:2408: undefined reference to `eval_UBspline_3d_z_vgh'
time_multi.o: In function `test_double':
/«PKGBUILDDIR»/src/time_multi.c:2479: undefined reference to `eval_UBspline_3d_d'
/«PKGBUILDDIR»/src/time_multi.c:2511: undefined reference to `eval_UBspline_3d_d'
time_multi.o: In function `test_double_vgh':
/«PKGBUILDDIR»/src/time_multi.c:2583: undefined reference to `eval_UBspline_3d_d_vgh'
/«PKGBUILDDIR»/src/time_multi.c:2638: undefined reference to `eval_UBspline_3d_d_vgh'
./.libs/libeinspline.so: undefined reference to `eval_NUBspline_2d_c_vgh'
./.libs/libeinspline.so: undefined reference to `eval_NUBspline_3d_z_vg'
./.libs/libeinspline.so: undefined reference to `eval_NUBspline_3d_s_vgh'
./.libs/libeinspline.so: undefined reference to `eval_UBspline_3d_z_vgl'
./.libs/libeinspline.so: undefined reference to `eval_NUBspline_3d_d'
./.libs/libeinspline.so: undefined reference to `eval_NUBspline_3d_z_vgl'
./.libs/libeinspline.so: undefined reference to `eval_NUBspline_1d_c_vgl'
./.libs/libeinspline.so: undefined reference to `eval_NUBspline_3d_z'
./.libs/libeinspline.so: undefined reference to `eval_NUBspline_2d_z'
./.libs/libeinspline.so: undefined reference to `eval_NUBspline_3d_c_vgl'
./.libs/libeinspline.so: undefined reference to `eval_NUBspline_3d_s_vg'
./.libs/libeinspline.so: undefined reference to `eval_NUBspline_2d_s_vgh'
./.libs/libeinspline.so: undefined reference to `eval_NUBspline_2d_z_vgl'
./.libs/libeinspline.so: undefined reference to `eval_NUBspline_1d_z_vgl'
./.libs/libeinspline.so: undefined reference to `eval_NUBspline_2d_d_vg'
./.libs/libeinspline.so: undefined reference to `eval_NUBspline_2d_c_vgl'
./.libs/libeinspline.so: undefined reference to `eval_NUBspline_3d_c_vg'
./.libs/libeinspline.so: undefined reference to `eval_NUBspline_3d_d_vgl'
./.libs/libeinspline.so: undefined reference to `eval_NUBspline_3d_s_vgl'
./.libs/libeinspline.so: undefined reference to `eval_NUBspline_2d_d'
./.libs/libeinspline.so: undefined reference to `eval_NUBspline_2d_d_vgl'
./.libs/libeinspline.so: undefined reference to `eval_NUBspline_2d_z_vg'
./.libs/libeinspline.so: undefined reference to `eval_NUBspline_2d_s'
./.libs/libeinspline.so: undefined reference to `eval_NUBspline_2d_c'
./.libs/libeinspline.so: undefined reference to `eval_UBspline_3d_z_vg'
./.libs/libeinspline.so: undefined reference to `eval_NUBspline_2d_c_vg'
./.libs/libeinspline.so: undefined reference to `eval_NUBspline_3d_z_vgh'
./.libs/libeinspline.so: undefined reference to `eval_NUBspline_2d_s_vg'
./.libs/libeinspline.so: undefined reference to `eval_NUBspline_3d_d_vg'
./.libs/libeinspline.so: undefined reference to `eval_NUBspline_3d_c'
./.libs/libeinspline.so: undefined reference to `eval_NUBspline_3d_s'
./.libs/libeinspline.so: undefined reference to `eval_NUBspline_3d_c_vgh'
./.libs/libeinspline.so: undefined reference to `eval_NUBspline_2d_s_vgl'
./.libs/libeinspline.so: undefined reference to `eval_NUBspline_2d_z_vgh'
clang: error: linker command failed with exit code 1 (use -v to see invocation)
make[3]: *** [time_multi] Error 1
make[3]: Leaving directory `/«PKGBUILDDIR»/src'
make[2]: *** [all] Error 2
make[1]: *** [all-recursive] Error 1
dh_auto_build: make -j1 returned exit code 2
make[2]: Leaving directory `/«PKGBUILDDIR»/src'
make[1]: Leaving directory `/«PKGBUILDDIR»'
make: *** [build-arch] Error 2
dpkg-buildpackage: error: debian/rules build-arch gave error exit status 2
────────────────────────────────────────────────────────────────────────────────
Build finished at 20130717-0108

Finished
────────

E: Build failure (dpkg-buildpackage died)

┌──────────────────────────────────────────────────────────────────────────────┐
│ Cleanup                                                                      │
└──────────────────────────────────────────────────────────────────────────────┘

Purging /«BUILDDIR»
Not cleaning session: cloned chroot in use

┌──────────────────────────────────────────────────────────────────────────────┐
│ Summary                                                                      │
└──────────────────────────────────────────────────────────────────────────────┘

Build Architecture: amd64
Build-Space: 14304
Build-Time: 46
Distribution: unstable
Fail-Stage: build
Host Architecture: amd64
Install-Time: 10
Job: einspline_0.9.2-1
Machine Architecture: amd64
Package: einspline
Package-Time: 120
Source-Version: 0.9.2-1
Space: 14304
Status: attempted
Version: 0.9.2-1clang1
────────────────────────────────────────────────────────────────────────────────
Finished at 20130717-0108
Build needed 00:02:00, 14304k disc space
DC-Status: Failed 120.821889861s
