DC-Build-Header: pytango 8.0.3-1 / 2013-07-15 19:31:55 +0000
DC-Task: source:pytango version:8.0.3-1 architecture:any chroot:unstable esttime:787 logfile:/tmp/pytango_8.0.3-1_unstable_clang.log modes:binary-only:clang
DC-Sbuild-call: su user -c 'sbuild -n --apt-update -d unstable -v  --chroot-setup-commands=/tmp/switch-to-clang --append-to-version "clang1" --maintainer "Lucas Nussbaum <lucas@debian.org>" --uploader "Lucas Nussbaum <lucas@debian.org>" pytango_8.0.3-1'
sbuild (Debian sbuild) 0.63.2 (18 Aug 2012) on ip-10-159-41-175.ec2.internal

╔══════════════════════════════════════════════════════════════════════════════╗
║ pytango 8.0.3-1clang1 (amd64)                              15 Jul 2013 19:31 ║
╚══════════════════════════════════════════════════════════════════════════════╝

Package: pytango
Version: 8.0.3-1clang1
Source Version: 8.0.3-1
Distribution: unstable
Machine Architecture: amd64
Host Architecture: amd64
Build Architecture: amd64

I: NOTICE: Log filtering will replace 'build/pytango-YtGe6n/pytango-8.0.3' with '«PKGBUILDDIR»'
I: NOTICE: Log filtering will replace 'build/pytango-YtGe6n' with '«BUILDDIR»'
I: NOTICE: Log filtering will replace 'var/lib/schroot/mount/unstable-amd64-sbuild-f0402d00-f3a3-4af4-858d-6e2c57f8a5df' with '«CHROOT»'

┌──────────────────────────────────────────────────────────────────────────────┐
│ Update chroot                                                                │
└──────────────────────────────────────────────────────────────────────────────┘

Get:1 http://localhost:9999 unstable InRelease [204 kB]
Get:2 http://localhost:9999 unstable/main Sources/DiffIndex [7876 B]
Get:3 http://localhost:9999 unstable/main amd64 Packages/DiffIndex [7876 B]
Get:4 http://localhost:9999 unstable/main Translation-en/DiffIndex [7876 B]
Get:5 http://localhost:9999 unstable/main 2013-07-13-2032.15.pdiff [23.1 kB]
Get:6 http://localhost:9999 unstable/main amd64 2013-07-13-2032.15.pdiff [16.9 kB]
Get:7 http://localhost:9999 unstable/main 2013-07-13-2032.15.pdiff [23.1 kB]
Get:8 http://localhost:9999 unstable/main 2013-07-13-2032.15.pdiff [1809 B]
Get:9 http://localhost:9999 unstable/main amd64 2013-07-13-2032.15.pdiff [16.9 kB]
Get:10 http://localhost:9999 unstable/main 2013-07-14-0231.07.pdiff [12.9 kB]
Get:11 http://localhost:9999 unstable/main 2013-07-13-2032.15.pdiff [1809 B]
Get:12 http://localhost:9999 unstable/main amd64 2013-07-14-0231.07.pdiff [14.9 kB]
Get:13 http://localhost:9999 unstable/main 2013-07-14-0231.07.pdiff [12.9 kB]
Get:14 http://localhost:9999 unstable/main 2013-07-14-0231.07.pdiff [1384 B]
Get:15 http://localhost:9999 unstable/main amd64 2013-07-14-0231.07.pdiff [14.9 kB]
Get:16 http://localhost:9999 unstable/main 2013-07-14-0832.16.pdiff [4670 B]
Get:17 http://localhost:9999 unstable/main 2013-07-14-0231.07.pdiff [1384 B]
Get:18 http://localhost:9999 unstable/main amd64 2013-07-14-0832.16.pdiff [1624 B]
Get:19 http://localhost:9999 unstable/main 2013-07-14-0832.16.pdiff [4670 B]
Get:20 http://localhost:9999 unstable/main 2013-07-14-0832.16.pdiff [337 B]
Get:21 http://localhost:9999 unstable/main amd64 2013-07-14-0832.16.pdiff [1624 B]
Get:22 http://localhost:9999 unstable/main 2013-07-14-1431.18.pdiff [11.4 kB]
Get:23 http://localhost:9999 unstable/main 2013-07-14-0832.16.pdiff [337 B]
Get:24 http://localhost:9999 unstable/main amd64 2013-07-14-1431.18.pdiff [8223 B]
Get:25 http://localhost:9999 unstable/main 2013-07-14-1431.18.pdiff [11.4 kB]
Get:26 http://localhost:9999 unstable/main 2013-07-14-1431.18.pdiff [887 B]
Get:27 http://localhost:9999 unstable/main amd64 2013-07-14-1431.18.pdiff [8223 B]
Get:28 http://localhost:9999 unstable/main 2013-07-14-2031.21.pdiff [9038 B]
Get:29 http://localhost:9999 unstable/main 2013-07-14-1431.18.pdiff [887 B]
Get:30 http://localhost:9999 unstable/main amd64 2013-07-14-2031.21.pdiff [9955 B]
Get:31 http://localhost:9999 unstable/main 2013-07-14-2031.21.pdiff [9038 B]
Get:32 http://localhost:9999 unstable/main 2013-07-14-2031.21.pdiff [2736 B]
Get:33 http://localhost:9999 unstable/main amd64 2013-07-14-2031.21.pdiff [9955 B]
Get:34 http://localhost:9999 unstable/main 2013-07-15-0229.01.pdiff [9715 B]
Get:35 http://localhost:9999 unstable/main 2013-07-14-2031.21.pdiff [2736 B]
Get:36 http://localhost:9999 unstable/main amd64 2013-07-15-0229.01.pdiff [12.7 kB]
Get:37 http://localhost:9999 unstable/main 2013-07-15-0229.01.pdiff [9715 B]
Get:38 http://localhost:9999 unstable/main 2013-07-15-0229.01.pdiff [2239 B]
Get:39 http://localhost:9999 unstable/main amd64 2013-07-15-0229.01.pdiff [12.7 kB]
Get:40 http://localhost:9999 unstable/main 2013-07-15-0830.19.pdiff [3273 B]
Get:41 http://localhost:9999 unstable/main 2013-07-15-0229.01.pdiff [2239 B]
Get:42 http://localhost:9999 unstable/main amd64 2013-07-15-0830.19.pdiff [3964 B]
Get:43 http://localhost:9999 unstable/main 2013-07-15-0830.19.pdiff [3273 B]
Get:44 http://localhost:9999 unstable/main 2013-07-15-0830.19.pdiff [1357 B]
Get:45 http://localhost:9999 unstable/main amd64 2013-07-15-0830.19.pdiff [3964 B]
Get:46 http://localhost:9999 unstable/main 2013-07-15-1432.36.pdiff [5326 B]
Get:47 http://localhost:9999 unstable/main 2013-07-15-0830.19.pdiff [1357 B]
Get:48 http://localhost:9999 unstable/main amd64 2013-07-15-1432.36.pdiff [9809 B]
Get:49 http://localhost:9999 unstable/main 2013-07-15-1432.36.pdiff [5326 B]
Get:50 http://localhost:9999 unstable/main 2013-07-15-1432.36.pdiff [322 B]
Get:51 http://localhost:9999 unstable/main amd64 2013-07-15-1432.36.pdiff [9809 B]
Get:52 http://localhost:9999 unstable/main 2013-07-15-1432.36.pdiff [322 B]
Fetched 397 kB in 26s (14.9 kB/s)
Reading package lists...
Reading package lists...
Building dependency tree...
Reading state information...
The following packages will be upgraded:
  initscripts sysv-rc sysvinit sysvinit-utils
4 upgraded, 0 newly installed, 0 to remove and 0 not upgraded.
Need to get 405 kB of archives.
After this operation, 20.5 kB disk space will be freed.
Get:1 http://localhost:9999/debian/ unstable/main sysvinit amd64 2.88dsf-42 [134 kB]
Get:2 http://localhost:9999/debian/ unstable/main sysv-rc all 2.88dsf-42 [80.4 kB]
Get:3 http://localhost:9999/debian/ unstable/main sysvinit-utils amd64 2.88dsf-42 [103 kB]
Get:4 http://localhost:9999/debian/ unstable/main initscripts amd64 2.88dsf-42 [87.1 kB]
debconf: delaying package configuration, since apt-utils is not installed
Fetched 405 kB in 0s (12.6 MB/s)
(Reading database ... 13844 files and directories currently installed.)
Preparing to replace sysvinit 2.88dsf-41 (using .../sysvinit_2.88dsf-42_amd64.deb) ...
Unpacking replacement sysvinit ...
Setting up sysvinit (2.88dsf-42) ...
Not restarting sysvinit
(Reading database ... 13844 files and directories currently installed.)
Preparing to replace sysv-rc 2.88dsf-41 (using .../sysv-rc_2.88dsf-42_all.deb) ...
Unpacking replacement sysv-rc ...
Preparing to replace sysvinit-utils 2.88dsf-41 (using .../sysvinit-utils_2.88dsf-42_amd64.deb) ...
Unpacking replacement sysvinit-utils ...
Setting up sysvinit-utils (2.88dsf-42) ...
Setting up sysv-rc (2.88dsf-42) ...
(Reading database ... 13844 files and directories currently installed.)
Preparing to replace initscripts 2.88dsf-41 (using .../initscripts_2.88dsf-42_amd64.deb) ...
Removing unmodified and obsolete conffile /etc/init.d/mtab.sh ...
Unpacking replacement initscripts ...
Setting up initscripts (2.88dsf-42) ...
Installing new version of config file /etc/init.d/bootmisc.sh ...
Installing new version of config file /etc/init.d/checkfs.sh ...
Installing new version of config file /etc/init.d/checkroot.sh ...
Installing new version of config file /etc/init.d/checkroot-bootclean.sh ...
Installing new version of config file /etc/init.d/mountdevsubfs.sh ...
Installing new version of config file /etc/init.d/mountkernfs.sh ...
Installing new version of config file /etc/init.d/rmnologin ...
Installing new version of config file /etc/network/if-up.d/mountnfs ...

┌──────────────────────────────────────────────────────────────────────────────┐
│ Fetch source files                                                           │
└──────────────────────────────────────────────────────────────────────────────┘


Check APT
─────────

Checking available source versions...

Download source files with APT
──────────────────────────────

Reading package lists...
Building dependency tree...
Reading state information...
NOTICE: 'pytango' packaging is maintained in the 'Git' version control system at:
git://anonscm.debian.org/debian-science/packages/pytango.git
Need to get 1700 kB of source archives.
Get:1 http://localhost:9999/debian/ unstable/main pytango 8.0.3-1 (dsc) [1626 B]
Get:2 http://localhost:9999/debian/ unstable/main pytango 8.0.3-1 (tar) [1695 kB]
Get:3 http://localhost:9999/debian/ unstable/main pytango 8.0.3-1 (diff) [3536 B]
Fetched 1700 kB in 0s (5333 kB/s)
Download complete and in download only mode

Check arch
──────────


┌──────────────────────────────────────────────────────────────────────────────┐
│ Chroot Setup Commands                                                        │
└──────────────────────────────────────────────────────────────────────────────┘


/tmp/switch-to-clang
────────────────────

+ echo 'Entering customization script...'
Entering customization script...
+ echo 'Install of clang'
Install of clang
+ apt-get update
Hit http://localhost:9999 unstable InRelease
Hit http://localhost:9999 unstable/main Sources/DiffIndex
Hit http://localhost:9999 unstable/main amd64 Packages/DiffIndex
Hit http://localhost:9999 unstable/main Translation-en/DiffIndex
Reading package lists...
+ apt-get install --yes --no-install-recommends --force-yes clang-3.3
Reading package lists...
Building dependency tree...
Reading state information...
The following extra packages will be installed:
  libclang-common-3.3-dev libclang1-3.3 libffi6 libllvm3.3 libobjc-4.7-dev
  libobjc4 libstdc++6-4.7-dev
Suggested packages:
  libstdc++6-4.7-doc
Recommended packages:
  llvm-3.3-dev python
The following NEW packages will be installed:
  clang-3.3 libclang-common-3.3-dev libclang1-3.3 libffi6 libllvm3.3
  libobjc-4.7-dev libobjc4 libstdc++6-4.7-dev
0 upgraded, 8 newly installed, 0 to remove and 0 not upgraded.
Need to get 27.2 MB of archives.
After this operation, 80.8 MB of additional disk space will be used.
Get:1 http://localhost:9999/debian/ unstable/main libffi6 amd64 3.0.13-4 [21.6 kB]
Get:2 http://localhost:9999/debian/ unstable/main libllvm3.3 amd64 1:3.3-3 [8575 kB]
Get:3 http://localhost:9999/debian/ unstable/main libobjc4 amd64 4.8.1-6 [160 kB]
Get:4 http://localhost:9999/debian/ unstable/main libstdc++6-4.7-dev amd64 4.7.3-5 [1695 kB]
Get:5 http://localhost:9999/debian/ unstable/main libobjc-4.7-dev amd64 4.7.3-5 [719 kB]
Get:6 http://localhost:9999/debian/ unstable/main libclang-common-3.3-dev amd64 1:3.3-3 [574 kB]
Get:7 http://localhost:9999/debian/ unstable/main libclang1-3.3 amd64 1:3.3-3 [4579 kB]
Get:8 http://localhost:9999/debian/ unstable/main clang-3.3 amd64 1:3.3-3 [10.9 MB]
debconf: delaying package configuration, since apt-utils is not installed
Fetched 27.2 MB in 0s (29.0 MB/s)
Selecting previously unselected package libffi6:amd64.
(Reading database ... 13843 files and directories currently installed.)
Unpacking libffi6:amd64 (from .../libffi6_3.0.13-4_amd64.deb) ...
Selecting previously unselected package libllvm3.3:amd64.
Unpacking libllvm3.3:amd64 (from .../libllvm3.3_1%3a3.3-3_amd64.deb) ...
Selecting previously unselected package libobjc4:amd64.
Unpacking libobjc4:amd64 (from .../libobjc4_4.8.1-6_amd64.deb) ...
Selecting previously unselected package libstdc++6-4.7-dev:amd64.
Unpacking libstdc++6-4.7-dev:amd64 (from .../libstdc++6-4.7-dev_4.7.3-5_amd64.deb) ...
Selecting previously unselected package libobjc-4.7-dev:amd64.
Unpacking libobjc-4.7-dev:amd64 (from .../libobjc-4.7-dev_4.7.3-5_amd64.deb) ...
Selecting previously unselected package libclang-common-3.3-dev.
Unpacking libclang-common-3.3-dev (from .../libclang-common-3.3-dev_1%3a3.3-3_amd64.deb) ...
Selecting previously unselected package libclang1-3.3.
Unpacking libclang1-3.3 (from .../libclang1-3.3_1%3a3.3-3_amd64.deb) ...
Selecting previously unselected package clang-3.3.
Unpacking clang-3.3 (from .../clang-3.3_1%3a3.3-3_amd64.deb) ...
Setting up libffi6:amd64 (3.0.13-4) ...
Setting up libllvm3.3:amd64 (1:3.3-3) ...
Setting up libobjc4:amd64 (4.8.1-6) ...
Setting up libstdc++6-4.7-dev:amd64 (4.7.3-5) ...
Setting up libobjc-4.7-dev:amd64 (4.7.3-5) ...
Setting up libclang-common-3.3-dev (1:3.3-3) ...
Setting up libclang1-3.3 (1:3.3-3) ...
Setting up clang-3.3 (1:3.3-3) ...
Processing triggers for libc-bin ...
+ echo 'Replace gcc, g++ & cpp by clang'
Replace gcc, g++ & cpp by clang
+ VERSIONS='4.6 4.7 4.8'
+ cd /usr/bin
+ for VERSION in '$VERSIONS'
+ rm -f g++-4.6 gcc-4.6 cpp-4.6
+ ln -s clang++ g++-4.6
+ ln -s clang gcc-4.6
+ ln -s clang cpp-4.6
+ for VERSION in '$VERSIONS'
+ rm -f g++-4.7 gcc-4.7 cpp-4.7
+ ln -s clang++ g++-4.7
+ ln -s clang gcc-4.7
+ ln -s clang cpp-4.7
+ for VERSION in '$VERSIONS'
+ rm -f g++-4.8 gcc-4.8 cpp-4.8
+ ln -s clang++ g++-4.8
+ ln -s clang gcc-4.8
+ ln -s clang cpp-4.8
+ cd -
/«BUILDDIR»
+ echo 'Block the installation of new gcc version'
Block the installation of new gcc version
+ dpkg --set-selections
+ echo 'gcc-4.6 hold'
+ dpkg --set-selections
+ echo 'cpp-4.6 hold'
+ dpkg --set-selections
+ echo 'g++-4.6 hold'
+ dpkg --set-selections
+ echo 'gcc-4.7 hold'
+ dpkg --set-selections
+ echo 'cpp-4.7 hold'
+ dpkg --set-selections
+ echo 'g++-4.7 hold'
+ dpkg --set-selections
+ echo 'gcc-4.8 hold'
+ dpkg --set-selections
+ echo 'cpp-4.8 hold'
+ dpkg --set-selections
+ echo 'g++-4.8 hold'
+ echo 'Check if gcc, g++ & cpp are actually clang'
Check if gcc, g++ & cpp are actually clang
+ grep clang
+ gcc --version
+ grep clang
+ cpp --version
+ grep clang
+ g++ --version

I: Finished running '/tmp/switch-to-clang'.

Finished processing commands.
────────────────────────────────────────────────────────────────────────────────
Merged Build-Depends: build-essential, fakeroot
Filtered Build-Depends: build-essential, fakeroot
dpkg-deb: building package `sbuild-build-depends-core-dummy' in `/«BUILDDIR»/resolver-2VbCWj/apt_archive/sbuild-build-depends-core-dummy.deb'.
OK
Reading package lists...

┌──────────────────────────────────────────────────────────────────────────────┐
│ Install core build dependencies (apt-based resolver)                         │
└──────────────────────────────────────────────────────────────────────────────┘

Installing build dependencies
Reading package lists...
Building dependency tree...
Reading state information...
The following NEW packages will be installed:
  sbuild-build-depends-core-dummy
debconf: delaying package configuration, since apt-utils is not installed
0 upgraded, 1 newly installed, 0 to remove and 0 not upgraded.
Need to get 0 B/710 B of archives.
After this operation, 0 B of additional disk space will be used.
Selecting previously unselected package sbuild-build-depends-core-dummy.
(Reading database ... 14698 files and directories currently installed.)
Unpacking sbuild-build-depends-core-dummy (from .../sbuild-build-depends-core-dummy.deb) ...
Setting up sbuild-build-depends-core-dummy (0.invalid.0) ...
Merged Build-Depends: base-files, base-passwd, bash, bsdutils, coreutils, dash, debianutils, diffutils, dpkg, e2fsprogs, findutils, grep, gzip, hostname, libc-bin, login, mount, ncurses-base, ncurses-bin, perl-base, sed, sysvinit, sysvinit-utils, tar, util-linux, libc6-dev | libc-dev, gcc (>= 4:4.4.3), g++ (>= 4:4.4.3), make, dpkg-dev (>= 1.13.5), debhelper (>= 9), libboost-python-dev, liblog4tango4-dev, libtango8-dev, python-all-dev, python-numpy, python3-all-dev, python3-numpy
Filtered Build-Depends: base-files, base-passwd, bash, bsdutils, coreutils, dash, debianutils, diffutils, dpkg, e2fsprogs, findutils, grep, gzip, hostname, libc-bin, login, mount, ncurses-base, ncurses-bin, perl-base, sed, sysvinit, sysvinit-utils, tar, util-linux, libc6-dev, gcc (>= 4:4.4.3), g++ (>= 4:4.4.3), make, dpkg-dev (>= 1.13.5), debhelper (>= 9), libboost-python-dev, liblog4tango4-dev, libtango8-dev, python-all-dev, python-numpy, python3-all-dev, python3-numpy
dpkg-deb: building package `sbuild-build-depends-pytango-dummy' in `/«BUILDDIR»/resolver-HLJp_4/apt_archive/sbuild-build-depends-pytango-dummy.deb'.
OK
Reading package lists...

┌──────────────────────────────────────────────────────────────────────────────┐
│ Install pytango build dependencies (apt-based resolver)                      │
└──────────────────────────────────────────────────────────────────────────────┘

Installing build dependencies
Reading package lists...
Building dependency tree...
Reading state information...
The following extra packages will be installed:
  adduser bsdmainutils debhelper file gccxml gettext gettext-base groff-base
  intltool-debian libasprintf0c2 libblas3 libboost-python-dev
  libboost-python1.49-dev libboost-python1.49.0 libboost1.49-dev libcos4-1
  libcos4-dev libcroco3 libexpat1 libexpat1-dev libgfortran3 libglib2.0-0
  libicu48 liblapack3 liblog4tango4 liblog4tango4-dev libmagic1 libncursesw5
  libomniorb4-1 libomniorb4-dev libomnithread3-dev libomnithread3c2
  libpgm-5.1-0 libpipeline1 libpopt0 libpython-all-dev libpython-dev
  libpython-stdlib libpython2.7 libpython2.7-dev libpython2.7-minimal
  libpython2.7-stdlib libpython3.2 libpython3.3 libpython3.3-dev
  libpython3.3-minimal libpython3.3-stdlib libsqlite3-0 libssl-dev libssl1.0.0
  libtango8 libtango8-dev libunistring0 libxml2 libzmq3 libzmq3-dev man-db
  mime-support pkg-config po-debconf python python-all python-all-dev
  python-dev python-minimal python-numpy python-support python2.7
  python2.7-dev python2.7-minimal python3 python3-all python3-all-dev
  python3-dev python3-minimal python3-numpy python3.2 python3.2-dev
  python3.2-minimal python3.3 python3.3-dev python3.3-minimal tango-common
  zlib1g-dev
Suggested packages:
  wamerican wordlist whois vacation dh-make gettext-doc groff libboost1.49-doc
  libboost-chrono1.49-dev libboost-date-time1.49-dev
  libboost-filesystem1.49-dev libboost-graph-parallel1.49-dev
  libboost-graph1.49-dev libboost-iostreams1.49-dev libboost-locale1.49-dev
  libboost-math1.49-dev libboost-mpi1.49-dev libboost-program-options1.49-dev
  libboost-random1.49-dev libboost-regex1.49-dev
  libboost-serialization1.49-dev libboost-signals1.49-dev
  libboost-system1.49-dev libboost-test1.49-dev libboost-thread1.49-dev
  libboost-timer1.49-dev libboost-wave1.49-dev xsltproc doxygen docbook-xml
  docbook-xsl default-jdk fop less www-browser libmail-box-perl python-doc
  python-tk python-numpy-doc python-numpy-dbg python-nose gfortran
  python2.7-doc binfmt-support python3-doc python3-tk python3-numpy-dbg
  python3-nose python3.2-doc python3.3-doc
Recommended packages:
  curl wget lynx-cur autopoint libasprintf-dev libgettextpo-dev
  libglib2.0-data shared-mime-info libssl-doc xml-core libmail-sendmail-perl
The following NEW packages will be installed:
  adduser bsdmainutils debhelper file gccxml gettext gettext-base groff-base
  intltool-debian libasprintf0c2 libblas3 libboost-python-dev
  libboost-python1.49-dev libboost-python1.49.0 libboost1.49-dev libcos4-1
  libcos4-dev libcroco3 libexpat1 libexpat1-dev libgfortran3 libglib2.0-0
  libicu48 liblapack3 liblog4tango4 liblog4tango4-dev libmagic1 libncursesw5
  libomniorb4-1 libomniorb4-dev libomnithread3-dev libomnithread3c2
  libpgm-5.1-0 libpipeline1 libpopt0 libpython-all-dev libpython-dev
  libpython-stdlib libpython2.7 libpython2.7-dev libpython2.7-minimal
  libpython2.7-stdlib libpython3.2 libpython3.3 libpython3.3-dev
  libpython3.3-minimal libpython3.3-stdlib libsqlite3-0 libssl-dev libssl1.0.0
  libtango8 libtango8-dev libunistring0 libxml2 libzmq3 libzmq3-dev man-db
  mime-support pkg-config po-debconf python python-all python-all-dev
  python-dev python-minimal python-numpy python-support python2.7
  python2.7-dev python2.7-minimal python3 python3-all python3-all-dev
  python3-dev python3-minimal python3-numpy python3.2 python3.2-dev
  python3.2-minimal python3.3 python3.3-dev python3.3-minimal
  sbuild-build-depends-pytango-dummy tango-common zlib1g-dev
0 upgraded, 85 newly installed, 0 to remove and 0 not upgraded.
Need to get 150 MB/150 MB of archives.
After this operation, 422 MB of additional disk space will be used.
Get:1 http://localhost:9999/debian/ unstable/main libncursesw5 amd64 5.9+20130608-1 [141 kB]
Get:2 http://localhost:9999/debian/ unstable/main libpipeline1 amd64 1.2.4-1 [41.0 kB]
Get:3 http://localhost:9999/debian/ unstable/main libpopt0 amd64 1.16-7 [56.4 kB]
Get:4 http://localhost:9999/debian/ unstable/main libssl1.0.0 amd64 1.0.1e-3 [1242 kB]
Get:5 http://localhost:9999/debian/ unstable/main groff-base amd64 1.22.2-3 [747 kB]
Get:6 http://localhost:9999/debian/ unstable/main bsdmainutils amd64 9.0.5 [211 kB]
Get:7 http://localhost:9999/debian/ unstable/main man-db amd64 2.6.5-2 [976 kB]
Get:8 http://localhost:9999/debian/ unstable/main libasprintf0c2 amd64 0.18.2.1-1 [28.9 kB]
Get:9 http://localhost:9999/debian/ unstable/main libmagic1 amd64 1:5.14-2 [216 kB]
Get:10 http://localhost:9999/debian/ unstable/main libsqlite3-0 amd64 3.7.17-1 [478 kB]
Get:11 http://localhost:9999/debian/ unstable/main libxml2 amd64 2.9.1+dfsg1-2 [911 kB]
Get:12 http://localhost:9999/debian/ unstable/main libglib2.0-0 amd64 2.36.3-3 [2048 kB]
Get:13 http://localhost:9999/debian/ unstable/main libcroco3 amd64 0.6.8-2 [133 kB]
Get:14 http://localhost:9999/debian/ unstable/main libexpat1 amd64 2.1.0-4 [138 kB]
Get:15 http://localhost:9999/debian/ unstable/main libgfortran3 amd64 4.8.1-6 [345 kB]
Get:16 http://localhost:9999/debian/ unstable/main libicu48 amd64 4.8.1.1-12 [4734 kB]
Get:17 http://localhost:9999/debian/ unstable/main libpython2.7-minimal amd64 2.7.5-6 [520 kB]
Get:18 http://localhost:9999/debian/ unstable/main mime-support all 3.54 [36.4 kB]
Get:19 http://localhost:9999/debian/ unstable/main libpython2.7-stdlib amd64 2.7.5-6 [2482 kB]
Get:20 http://localhost:9999/debian/ unstable/main libpython2.7 amd64 2.7.5-6 [1361 kB]
Get:21 http://localhost:9999/debian/ unstable/main libexpat1-dev amd64 2.1.0-4 [223 kB]
Get:22 http://localhost:9999/debian/ unstable/main libpython2.7-dev amd64 2.7.5-6 [23.5 MB]
Get:23 http://localhost:9999/debian/ unstable/main libpython3.3-minimal amd64 3.3.2-4 [606 kB]
Get:24 http://localhost:9999/debian/ unstable/main libpython3.3-stdlib amd64 3.3.2-4 [2731 kB]
Get:25 http://localhost:9999/debian/ unstable/main libpython3.3 amd64 3.3.2-4 [1646 kB]
Get:26 http://localhost:9999/debian/ unstable/main libpython3.3-dev amd64 3.3.2-4 [27.4 MB]
Get:27 http://localhost:9999/debian/ unstable/main libunistring0 amd64 0.9.3-5 [434 kB]
Get:28 http://localhost:9999/debian/ unstable/main libpgm-5.1-0 amd64 5.1.118-1~dfsg-0.1 [181 kB]
Get:29 http://localhost:9999/debian/ unstable/main libzmq3 amd64 3.2.3+dfsg-2 [354 kB]
Get:30 http://localhost:9999/debian/ unstable/main python2.7-minimal amd64 2.7.5-6 [1552 kB]
Get:31 http://localhost:9999/debian/ unstable/main python3.3-minimal amd64 3.3.2-4 [1794 kB]
Get:32 http://localhost:9999/debian/ unstable/main liblog4tango4 amd64 8.0.5+dfsg-3 [49.3 kB]
Get:33 http://localhost:9999/debian/ unstable/main libomnithread3c2 amd64 4.1.6-2 [43.2 kB]
Get:34 http://localhost:9999/debian/ unstable/main libomniorb4-1 amd64 4.1.6-2 [1479 kB]
Get:35 http://localhost:9999/debian/ unstable/main libcos4-1 amd64 4.1.6-2 [2051 kB]
Get:36 http://localhost:9999/debian/ unstable/main adduser all 3.113+nmu3 [264 kB]
Get:37 http://localhost:9999/debian/ unstable/main tango-common all 8.0.5+dfsg-3 [6544 B]
Get:38 http://localhost:9999/debian/ unstable/main libtango8 amd64 8.0.5+dfsg-3 [1466 kB]
Get:39 http://localhost:9999/debian/ unstable/main file amd64 1:5.14-2 [54.0 kB]
Get:40 http://localhost:9999/debian/ unstable/main gettext-base amd64 0.18.2.1-1 [156 kB]
Get:41 http://localhost:9999/debian/ unstable/main python2.7 amd64 2.7.5-6 [229 kB]
Get:42 http://localhost:9999/debian/ unstable/main python-minimal amd64 2.7.5-2 [42.7 kB]
Get:43 http://localhost:9999/debian/ unstable/main libpython-stdlib amd64 2.7.5-2 [19.6 kB]
Get:44 http://localhost:9999/debian/ unstable/main python amd64 2.7.5-2 [186 kB]
Get:45 http://localhost:9999/debian/ unstable/main python-support all 1.0.15 [33.6 kB]
Get:46 http://localhost:9999/debian/ unstable/main gettext amd64 0.18.2.1-1 [2019 kB]
Get:47 http://localhost:9999/debian/ unstable/main intltool-debian all 0.35.0+20060710.1 [30.8 kB]
Get:48 http://localhost:9999/debian/ unstable/main po-debconf all 1.0.16+nmu2 [224 kB]
Get:49 http://localhost:9999/debian/ unstable/main debhelper all 9.20130630 [710 kB]
Get:50 http://localhost:9999/debian/ unstable/main gccxml amd64 0.9.0+git20130511-1 [4371 kB]
Get:51 http://localhost:9999/debian/ unstable/main libblas3 amd64 1.2.20110419-5 [293 kB]
Get:52 http://localhost:9999/debian/ unstable/main libboost1.49-dev amd64 1.49.0-4 [9195 kB]
Get:53 http://localhost:9999/debian/ unstable/main libboost-python1.49.0 amd64 1.49.0-4 [347 kB]
Get:54 http://localhost:9999/debian/ unstable/main libpython-dev amd64 2.7.5-2 [19.6 kB]
Get:55 http://localhost:9999/debian/ unstable/main python2.7-dev amd64 2.7.5-6 [288 kB]
Get:56 http://localhost:9999/debian/ unstable/main python-dev amd64 2.7.5-2 [1068 B]
Get:57 http://localhost:9999/debian/ unstable/main libboost-python1.49-dev amd64 1.49.0-4 [495 kB]
Get:58 http://localhost:9999/debian/ unstable/main libboost-python-dev amd64 1.49.0.1 [3108 B]
Get:59 http://localhost:9999/debian/ unstable/main pkg-config amd64 0.26-1 [59.5 kB]
Get:60 http://localhost:9999/debian/ unstable/main libomnithread3-dev amd64 4.1.6-2 [50.7 kB]
Get:61 http://localhost:9999/debian/ unstable/main zlib1g-dev amd64 1:1.2.8.dfsg-1 [217 kB]
Get:62 http://localhost:9999/debian/ unstable/main libssl-dev amd64 1.0.1e-3 [1749 kB]
Get:63 http://localhost:9999/debian/ unstable/main libomniorb4-dev amd64 4.1.6-2 [2072 kB]
Get:64 http://localhost:9999/debian/ unstable/main libcos4-dev amd64 4.1.6-2 [2376 kB]
Get:65 http://localhost:9999/debian/ unstable/main liblapack3 amd64 3.4.2+dfsg-1 [5088 kB]
Get:66 http://localhost:9999/debian/ unstable/main libpython-all-dev amd64 2.7.5-2 [900 B]
Get:67 http://localhost:9999/debian/ unstable/main python3.2-minimal amd64 3.2.4-1 [1836 kB]
Get:68 http://localhost:9999/debian/ unstable/main python3.2 amd64 3.2.4-1 [2634 kB]
Get:69 http://localhost:9999/debian/ unstable/main libpython3.2 amd64 3.2.4-1 [1319 kB]
Get:70 http://localhost:9999/debian/ unstable/main libzmq3-dev amd64 3.2.3+dfsg-2 [520 kB]
Get:71 http://localhost:9999/debian/ unstable/main python-all amd64 2.7.5-2 [870 B]
Get:72 http://localhost:9999/debian/ unstable/main python-all-dev amd64 2.7.5-2 [890 B]
Get:73 http://localhost:9999/debian/ unstable/main python-numpy amd64 1:1.7.1-2 [2013 kB]
Get:74 http://localhost:9999/debian/ unstable/main python3.3 amd64 3.3.2-4 [150 kB]
Get:75 http://localhost:9999/debian/ unstable/main python3-minimal all 3.3.2-1 [21.1 kB]
Get:76 http://localhost:9999/debian/ unstable/main python3 all 3.3.2-1 [45.8 kB]
Get:77 http://localhost:9999/debian/ unstable/main python3-all all 3.3.2-1 [868 B]
Get:78 http://localhost:9999/debian/ unstable/main python3.3-dev amd64 3.3.2-4 [393 kB]
Get:79 http://localhost:9999/debian/ unstable/main python3-dev all 3.3.2-1 [1062 B]
Get:80 http://localhost:9999/debian/ unstable/main python3.2-dev amd64 3.2.4-1 [24.7 MB]
Get:81 http://localhost:9999/debian/ unstable/main python3-all-dev all 3.3.2-1 [890 B]
Get:82 http://localhost:9999/debian/ unstable/main python3-numpy amd64 1:1.7.1-2 [2800 kB]
Get:83 http://localhost:9999/debian/ unstable/main liblog4tango4-dev amd64 8.0.5+dfsg-3 [22.9 kB]
Get:84 http://localhost:9999/debian/ unstable/main libtango8-dev amd64 8.0.5+dfsg-3 [196 kB]
debconf: delaying package configuration, since apt-utils is not installed
Fetched 150 MB in 7s (19.0 MB/s)
Selecting previously unselected package libncursesw5:amd64.
(Reading database ... 14698 files and directories currently installed.)
Unpacking libncursesw5:amd64 (from .../libncursesw5_5.9+20130608-1_amd64.deb) ...
Selecting previously unselected package libpipeline1:amd64.
Unpacking libpipeline1:amd64 (from .../libpipeline1_1.2.4-1_amd64.deb) ...
Selecting previously unselected package libpopt0:amd64.
Unpacking libpopt0:amd64 (from .../libpopt0_1.16-7_amd64.deb) ...
Selecting previously unselected package libssl1.0.0:amd64.
Unpacking libssl1.0.0:amd64 (from .../libssl1.0.0_1.0.1e-3_amd64.deb) ...
Selecting previously unselected package groff-base.
Unpacking groff-base (from .../groff-base_1.22.2-3_amd64.deb) ...
Selecting previously unselected package bsdmainutils.
Unpacking bsdmainutils (from .../bsdmainutils_9.0.5_amd64.deb) ...
Selecting previously unselected package man-db.
Unpacking man-db (from .../man-db_2.6.5-2_amd64.deb) ...
Selecting previously unselected package libasprintf0c2:amd64.
Unpacking libasprintf0c2:amd64 (from .../libasprintf0c2_0.18.2.1-1_amd64.deb) ...
Selecting previously unselected package libmagic1:amd64.
Unpacking libmagic1:amd64 (from .../libmagic1_1%3a5.14-2_amd64.deb) ...
Selecting previously unselected package libsqlite3-0:amd64.
Unpacking libsqlite3-0:amd64 (from .../libsqlite3-0_3.7.17-1_amd64.deb) ...
Selecting previously unselected package libxml2:amd64.
Unpacking libxml2:amd64 (from .../libxml2_2.9.1+dfsg1-2_amd64.deb) ...
Selecting previously unselected package libglib2.0-0:amd64.
Unpacking libglib2.0-0:amd64 (from .../libglib2.0-0_2.36.3-3_amd64.deb) ...
Selecting previously unselected package libcroco3:amd64.
Unpacking libcroco3:amd64 (from .../libcroco3_0.6.8-2_amd64.deb) ...
Selecting previously unselected package libexpat1:amd64.
Unpacking libexpat1:amd64 (from .../libexpat1_2.1.0-4_amd64.deb) ...
Selecting previously unselected package libgfortran3:amd64.
Unpacking libgfortran3:amd64 (from .../libgfortran3_4.8.1-6_amd64.deb) ...
Selecting previously unselected package libicu48:amd64.
Unpacking libicu48:amd64 (from .../libicu48_4.8.1.1-12_amd64.deb) ...
Selecting previously unselected package libpython2.7-minimal.
Unpacking libpython2.7-minimal (from .../libpython2.7-minimal_2.7.5-6_amd64.deb) ...
Selecting previously unselected package mime-support.
Unpacking mime-support (from .../mime-support_3.54_all.deb) ...
Selecting previously unselected package libpython2.7-stdlib.
Unpacking libpython2.7-stdlib (from .../libpython2.7-stdlib_2.7.5-6_amd64.deb) ...
Selecting previously unselected package libpython2.7.
Unpacking libpython2.7 (from .../libpython2.7_2.7.5-6_amd64.deb) ...
Selecting previously unselected package libexpat1-dev:amd64.
Unpacking libexpat1-dev:amd64 (from .../libexpat1-dev_2.1.0-4_amd64.deb) ...
Selecting previously unselected package libpython2.7-dev.
Unpacking libpython2.7-dev (from .../libpython2.7-dev_2.7.5-6_amd64.deb) ...
Selecting previously unselected package libpython3.3-minimal.
Unpacking libpython3.3-minimal (from .../libpython3.3-minimal_3.3.2-4_amd64.deb) ...
Selecting previously unselected package libpython3.3-stdlib.
Unpacking libpython3.3-stdlib (from .../libpython3.3-stdlib_3.3.2-4_amd64.deb) ...
Selecting previously unselected package libpython3.3.
Unpacking libpython3.3 (from .../libpython3.3_3.3.2-4_amd64.deb) ...
Selecting previously unselected package libpython3.3-dev.
Unpacking libpython3.3-dev (from .../libpython3.3-dev_3.3.2-4_amd64.deb) ...
Selecting previously unselected package libunistring0:amd64.
Unpacking libunistring0:amd64 (from .../libunistring0_0.9.3-5_amd64.deb) ...
Selecting previously unselected package libpgm-5.1-0.
Unpacking libpgm-5.1-0 (from .../libpgm-5.1-0_5.1.118-1~dfsg-0.1_amd64.deb) ...
Selecting previously unselected package libzmq3:amd64.
Unpacking libzmq3:amd64 (from .../libzmq3_3.2.3+dfsg-2_amd64.deb) ...
Selecting previously unselected package python2.7-minimal.
Unpacking python2.7-minimal (from .../python2.7-minimal_2.7.5-6_amd64.deb) ...
Selecting previously unselected package python3.3-minimal.
Unpacking python3.3-minimal (from .../python3.3-minimal_3.3.2-4_amd64.deb) ...
Selecting previously unselected package liblog4tango4:amd64.
Unpacking liblog4tango4:amd64 (from .../liblog4tango4_8.0.5+dfsg-3_amd64.deb) ...
Selecting previously unselected package libomnithread3c2.
Unpacking libomnithread3c2 (from .../libomnithread3c2_4.1.6-2_amd64.deb) ...
Selecting previously unselected package libomniorb4-1.
Unpacking libomniorb4-1 (from .../libomniorb4-1_4.1.6-2_amd64.deb) ...
Selecting previously unselected package libcos4-1.
Unpacking libcos4-1 (from .../libcos4-1_4.1.6-2_amd64.deb) ...
Selecting previously unselected package adduser.
Unpacking adduser (from .../adduser_3.113+nmu3_all.deb) ...
Selecting previously unselected package tango-common.
Unpacking tango-common (from .../tango-common_8.0.5+dfsg-3_all.deb) ...
addgroup: `/etc/adduser.conf' does not exist. Using defaults.
adduser: `/etc/adduser.conf' does not exist. Using defaults.
Selecting previously unselected package libtango8:amd64.
Unpacking libtango8:amd64 (from .../libtango8_8.0.5+dfsg-3_amd64.deb) ...
Selecting previously unselected package file.
Unpacking file (from .../file_1%3a5.14-2_amd64.deb) ...
Selecting previously unselected package gettext-base.
Unpacking gettext-base (from .../gettext-base_0.18.2.1-1_amd64.deb) ...
Selecting previously unselected package python2.7.
Unpacking python2.7 (from .../python2.7_2.7.5-6_amd64.deb) ...
Selecting previously unselected package python-minimal.
Unpacking python-minimal (from .../python-minimal_2.7.5-2_amd64.deb) ...
Selecting previously unselected package libpython-stdlib:amd64.
Unpacking libpython-stdlib:amd64 (from .../libpython-stdlib_2.7.5-2_amd64.deb) ...
Selecting previously unselected package python.
Unpacking python (from .../python_2.7.5-2_amd64.deb) ...
Selecting previously unselected package python-support.
Unpacking python-support (from .../python-support_1.0.15_all.deb) ...
Selecting previously unselected package gettext.
Unpacking gettext (from .../gettext_0.18.2.1-1_amd64.deb) ...
Selecting previously unselected package intltool-debian.
Unpacking intltool-debian (from .../intltool-debian_0.35.0+20060710.1_all.deb) ...
Selecting previously unselected package po-debconf.
Unpacking po-debconf (from .../po-debconf_1.0.16+nmu2_all.deb) ...
Selecting previously unselected package debhelper.
Unpacking debhelper (from .../debhelper_9.20130630_all.deb) ...
Selecting previously unselected package gccxml.
Unpacking gccxml (from .../gccxml_0.9.0+git20130511-1_amd64.deb) ...
Selecting previously unselected package libblas3.
Unpacking libblas3 (from .../libblas3_1.2.20110419-5_amd64.deb) ...
Selecting previously unselected package libboost1.49-dev.
Unpacking libboost1.49-dev (from .../libboost1.49-dev_1.49.0-4_amd64.deb) ...
Selecting previously unselected package libboost-python1.49.0.
Unpacking libboost-python1.49.0 (from .../libboost-python1.49.0_1.49.0-4_amd64.deb) ...
Selecting previously unselected package libpython-dev:amd64.
Unpacking libpython-dev:amd64 (from .../libpython-dev_2.7.5-2_amd64.deb) ...
Selecting previously unselected package python2.7-dev.
Unpacking python2.7-dev (from .../python2.7-dev_2.7.5-6_amd64.deb) ...
Selecting previously unselected package python-dev.
Unpacking python-dev (from .../python-dev_2.7.5-2_amd64.deb) ...
Selecting previously unselected package libboost-python1.49-dev.
Unpacking libboost-python1.49-dev (from .../libboost-python1.49-dev_1.49.0-4_amd64.deb) ...
Selecting previously unselected package libboost-python-dev.
Unpacking libboost-python-dev (from .../libboost-python-dev_1.49.0.1_amd64.deb) ...
Selecting previously unselected package pkg-config.
Unpacking pkg-config (from .../pkg-config_0.26-1_amd64.deb) ...
Selecting previously unselected package libomnithread3-dev.
Unpacking libomnithread3-dev (from .../libomnithread3-dev_4.1.6-2_amd64.deb) ...
Selecting previously unselected package zlib1g-dev:amd64.
Unpacking zlib1g-dev:amd64 (from .../zlib1g-dev_1%3a1.2.8.dfsg-1_amd64.deb) ...
Selecting previously unselected package libssl-dev:amd64.
Unpacking libssl-dev:amd64 (from .../libssl-dev_1.0.1e-3_amd64.deb) ...
Selecting previously unselected package libomniorb4-dev.
Unpacking libomniorb4-dev (from .../libomniorb4-dev_4.1.6-2_amd64.deb) ...
Selecting previously unselected package libcos4-dev.
Unpacking libcos4-dev (from .../libcos4-dev_4.1.6-2_amd64.deb) ...
Selecting previously unselected package liblapack3.
Unpacking liblapack3 (from .../liblapack3_3.4.2+dfsg-1_amd64.deb) ...
Selecting previously unselected package libpython-all-dev:amd64.
Unpacking libpython-all-dev:amd64 (from .../libpython-all-dev_2.7.5-2_amd64.deb) ...
Selecting previously unselected package python3.2-minimal.
Unpacking python3.2-minimal (from .../python3.2-minimal_3.2.4-1_amd64.deb) ...
Selecting previously unselected package python3.2.
Unpacking python3.2 (from .../python3.2_3.2.4-1_amd64.deb) ...
Selecting previously unselected package libpython3.2.
Unpacking libpython3.2 (from .../libpython3.2_3.2.4-1_amd64.deb) ...
Selecting previously unselected package libzmq3-dev:amd64.
Unpacking libzmq3-dev:amd64 (from .../libzmq3-dev_3.2.3+dfsg-2_amd64.deb) ...
Selecting previously unselected package python-all.
Unpacking python-all (from .../python-all_2.7.5-2_amd64.deb) ...
Selecting previously unselected package python-all-dev.
Unpacking python-all-dev (from .../python-all-dev_2.7.5-2_amd64.deb) ...
Selecting previously unselected package python-numpy.
Unpacking python-numpy (from .../python-numpy_1%3a1.7.1-2_amd64.deb) ...
Selecting previously unselected package python3.3.
Unpacking python3.3 (from .../python3.3_3.3.2-4_amd64.deb) ...
Selecting previously unselected package python3-minimal.
Unpacking python3-minimal (from .../python3-minimal_3.3.2-1_all.deb) ...
Selecting previously unselected package python3.
Unpacking python3 (from .../python3_3.3.2-1_all.deb) ...
Selecting previously unselected package python3-all.
Unpacking python3-all (from .../python3-all_3.3.2-1_all.deb) ...
Selecting previously unselected package python3.3-dev.
Unpacking python3.3-dev (from .../python3.3-dev_3.3.2-4_amd64.deb) ...
Selecting previously unselected package python3-dev.
Unpacking python3-dev (from .../python3-dev_3.3.2-1_all.deb) ...
Selecting previously unselected package python3.2-dev.
Unpacking python3.2-dev (from .../python3.2-dev_3.2.4-1_amd64.deb) ...
Selecting previously unselected package python3-all-dev.
Unpacking python3-all-dev (from .../python3-all-dev_3.3.2-1_all.deb) ...
Selecting previously unselected package python3-numpy.
Unpacking python3-numpy (from .../python3-numpy_1%3a1.7.1-2_amd64.deb) ...
Selecting previously unselected package liblog4tango4-dev:amd64.
Unpacking liblog4tango4-dev:amd64 (from .../liblog4tango4-dev_8.0.5+dfsg-3_amd64.deb) ...
Selecting previously unselected package libtango8-dev:amd64.
Unpacking libtango8-dev:amd64 (from .../libtango8-dev_8.0.5+dfsg-3_amd64.deb) ...
Selecting previously unselected package sbuild-build-depends-pytango-dummy.
Unpacking sbuild-build-depends-pytango-dummy (from .../sbuild-build-depends-pytango-dummy.deb) ...
Setting up libncursesw5:amd64 (5.9+20130608-1) ...
Setting up libpipeline1:amd64 (1.2.4-1) ...
Setting up libpopt0:amd64 (1.16-7) ...
Setting up libssl1.0.0:amd64 (1.0.1e-3) ...
Setting up groff-base (1.22.2-3) ...
Setting up bsdmainutils (9.0.5) ...
update-alternatives: using /usr/bin/bsd-write to provide /usr/bin/write (write) in auto mode
update-alternatives: using /usr/bin/bsd-from to provide /usr/bin/from (from) in auto mode
Setting up man-db (2.6.5-2) ...
Not building database; man-db/auto-update is not 'true'.
Setting up libasprintf0c2:amd64 (0.18.2.1-1) ...
Setting up libmagic1:amd64 (1:5.14-2) ...
Setting up libsqlite3-0:amd64 (3.7.17-1) ...
Setting up libxml2:amd64 (2.9.1+dfsg1-2) ...
Setting up libglib2.0-0:amd64 (2.36.3-3) ...
No schema files found: doing nothing.
Setting up libcroco3:amd64 (0.6.8-2) ...
Setting up libexpat1:amd64 (2.1.0-4) ...
Setting up libgfortran3:amd64 (4.8.1-6) ...
Setting up libicu48:amd64 (4.8.1.1-12) ...
Setting up libpython2.7-minimal (2.7.5-6) ...
Setting up mime-support (3.54) ...
Setting up libpython2.7-stdlib (2.7.5-6) ...
Setting up libpython2.7 (2.7.5-6) ...
Setting up libexpat1-dev:amd64 (2.1.0-4) ...
Setting up libpython2.7-dev (2.7.5-6) ...
Setting up libpython3.3-minimal (3.3.2-4) ...
Setting up libpython3.3-stdlib (3.3.2-4) ...
Setting up libpython3.3 (3.3.2-4) ...
Setting up libpython3.3-dev (3.3.2-4) ...
Setting up libunistring0:amd64 (0.9.3-5) ...
Setting up libpgm-5.1-0 (5.1.118-1~dfsg-0.1) ...
Setting up libzmq3:amd64 (3.2.3+dfsg-2) ...
Setting up python2.7-minimal (2.7.5-6) ...
Setting up python3.3-minimal (3.3.2-4) ...
Setting up liblog4tango4:amd64 (8.0.5+dfsg-3) ...
Setting up libomnithread3c2 (4.1.6-2) ...
Setting up libomniorb4-1 (4.1.6-2) ...
Setting up libcos4-1 (4.1.6-2) ...
Setting up adduser (3.113+nmu3) ...
Setting up tango-common (8.0.5+dfsg-3) ...
Setting up libtango8:amd64 (8.0.5+dfsg-3) ...
Setting up file (1:5.14-2) ...
Setting up gettext-base (0.18.2.1-1) ...
Setting up python2.7 (2.7.5-6) ...
Setting up python-minimal (2.7.5-2) ...
Setting up libpython-stdlib:amd64 (2.7.5-2) ...
Setting up python (2.7.5-2) ...
Setting up python-support (1.0.15) ...
Setting up gettext (0.18.2.1-1) ...
Setting up intltool-debian (0.35.0+20060710.1) ...
Setting up po-debconf (1.0.16+nmu2) ...
Setting up debhelper (9.20130630) ...
Setting up gccxml (0.9.0+git20130511-1) ...
Setting up libblas3 (1.2.20110419-5) ...
update-alternatives: using /usr/lib/libblas/libblas.so.3 to provide /usr/lib/libblas.so.3 (libblas.so.3) in auto mode
Setting up libboost1.49-dev (1.49.0-4) ...
Setting up libboost-python1.49.0 (1.49.0-4) ...
Setting up libpython-dev:amd64 (2.7.5-2) ...
Setting up python2.7-dev (2.7.5-6) ...
Setting up python-dev (2.7.5-2) ...
Setting up libboost-python1.49-dev (1.49.0-4) ...
Setting up libboost-python-dev (1.49.0.1) ...
Setting up pkg-config (0.26-1) ...
Setting up libomnithread3-dev (4.1.6-2) ...
Setting up zlib1g-dev:amd64 (1:1.2.8.dfsg-1) ...
Setting up libssl-dev:amd64 (1.0.1e-3) ...
Setting up libomniorb4-dev (4.1.6-2) ...
Setting up libcos4-dev (4.1.6-2) ...
Setting up liblapack3 (3.4.2+dfsg-1) ...
update-alternatives: using /usr/lib/lapack/liblapack.so.3 to provide /usr/lib/liblapack.so.3 (liblapack.so.3) in auto mode
Setting up libpython-all-dev:amd64 (2.7.5-2) ...
Setting up python3.2-minimal (3.2.4-1) ...
Setting up python3.2 (3.2.4-1) ...
Setting up libpython3.2 (3.2.4-1) ...
Setting up libzmq3-dev:amd64 (3.2.3+dfsg-2) ...
Setting up python-all (2.7.5-2) ...
Setting up python-all-dev (2.7.5-2) ...
Setting up python-numpy (1:1.7.1-2) ...
Setting up python3.3 (3.3.2-4) ...
Setting up python3-minimal (3.3.2-1) ...
Setting up python3 (3.3.2-1) ...
Setting up python3-all (3.3.2-1) ...
Setting up python3.3-dev (3.3.2-4) ...
Setting up python3-dev (3.3.2-1) ...
Setting up python3.2-dev (3.2.4-1) ...
Setting up python3-all-dev (3.3.2-1) ...
Setting up python3-numpy (1:1.7.1-2) ...
Setting up liblog4tango4-dev:amd64 (8.0.5+dfsg-3) ...
Setting up libtango8-dev:amd64 (8.0.5+dfsg-3) ...
Setting up sbuild-build-depends-pytango-dummy (0.invalid.0) ...
Processing triggers for libc-bin ...
Processing triggers for python-support ...

┌──────────────────────────────────────────────────────────────────────────────┐
│ Build environment                                                            │
└──────────────────────────────────────────────────────────────────────────────┘

Kernel: Linux 2.6.32-5-xen-amd64 amd64 (x86_64)
Toolchain package versions: binutils_2.23.52.20130620-1 dpkg-dev_1.16.10 g++-4.6_4.6.4-4 g++-4.8_4.8.1-6 gcc-4.6_4.6.4-4 gcc-4.7_4.7.3-5 gcc-4.8_4.8.1-6 libc6-dev_2.17-7 libstdc++-4.8-dev_4.8.1-6 libstdc++6_4.8.1-6 libstdc++6-4.6-dev_4.6.4-4 libstdc++6-4.7-dev_4.7.3-5 linux-libc-dev_3.9.8-1
Package versions: adduser_3.113+nmu3 apt_0.9.9.1 base-files_7.2 base-passwd_3.5.26 bash_4.2+dfsg-1 binutils_2.23.52.20130620-1 bsdmainutils_9.0.5 bsdutils_1:2.20.1-5.5 build-essential_11.6 bzip2_1.0.6-4 clang-3.3_1:3.3-3 coreutils_8.20-3 cpp_4:4.8.1-2 cpp-4.6_4.6.4-4 cpp-4.7_4.7.3-5 cpp-4.8_4.8.1-6 dash_0.5.7-3 debconf_1.5.50 debconf-i18n_1.5.50 debfoster_2.7-1.2 debhelper_9.20130630 debian-archive-keyring_2012.4 debianutils_4.3.4 diffutils_1:3.2-8 dpkg_1.16.10 dpkg-dev_1.16.10 e2fslibs_1.42.8-1 e2fsprogs_1.42.8-1 fakeroot_1.19-2 file_1:5.14-2 findutils_4.4.2-6 g++_4:4.8.1-2 g++-4.6_4.6.4-4 g++-4.8_4.8.1-6 gcc_4:4.8.1-2 gcc-4.4-base_4.4.7-4 gcc-4.5-base_4.5.4-1 gcc-4.6_4.6.4-4 gcc-4.6-base_4.6.4-4 gcc-4.7_4.7.3-5 gcc-4.7-base_4.7.3-5 gcc-4.8_4.8.1-6 gcc-4.8-base_4.8.1-6 gccxml_0.9.0+git20130511-1 gettext_0.18.2.1-1 gettext-base_0.18.2.1-1 gnupg_1.4.12-7 gpgv_1.4.12-7 grep_2.14-2 groff-base_1.22.2-3 gzip_1.6-1 hostname_3.13 initscripts_2.88dsf-42 insserv_1.14.0-5 intltool-debian_0.35.0+20060710.1 libacl1_2.2.52-1 libapt-pkg4.12_0.9.9.1 libasan0_4.8.1-6 libasprintf0c2_0.18.2.1-1 libatomic1_4.8.1-6 libattr1_1:2.4.47-1 libblas3_1.2.20110419-5 libblkid1_2.20.1-5.5 libboost-python-dev_1.49.0.1 libboost-python1.49-dev_1.49.0-4 libboost-python1.49.0_1.49.0-4 libboost1.49-dev_1.49.0-4 libbz2-1.0_1.0.6-4 libc-bin_2.17-7 libc-dev-bin_2.17-7 libc6_2.17-7 libc6-dev_2.17-7 libcap2_1:2.22-1.2 libclang-common-3.3-dev_1:3.3-3 libclang1-3.3_1:3.3-3 libclass-isa-perl_0.36-5 libcloog-isl4_0.18.0-2 libcloog-ppl1_0.16.1-3 libcomerr2_1.42.8-1 libcos4-1_4.1.6-2 libcos4-dev_4.1.6-2 libcroco3_0.6.8-2 libdb5.1_5.1.29-6 libdpkg-perl_1.16.10 libexpat1_2.1.0-4 libexpat1-dev_2.1.0-4 libffi6_3.0.13-4 libfile-fcntllock-perl_0.14-2 libgc1c2_1:7.2d-5 libgcc-4.7-dev_4.7.3-5 libgcc-4.8-dev_4.8.1-6 libgcc1_1:4.8.1-6 libgdbm3_1.8.3-12 libgfortran3_4.8.1-6 libglib2.0-0_2.36.3-3 libgmp10_2:5.1.2+dfsg-2 libgmpxx4ldbl_2:5.1.2+dfsg-2 libgomp1_4.8.1-6 libgpm2_1.20.4-6.1 libicu48_4.8.1.1-12 libisl10_0.11.2-1 libitm1_4.8.1-6 liblapack3_3.4.2+dfsg-1 libllvm3.3_1:3.3-3 liblocale-gettext-perl_1.05-7+b1 liblog4tango4_8.0.5+dfsg-3 liblog4tango4-dev_8.0.5+dfsg-3 liblzma5_5.1.1alpha+20120614-2 libmagic1_1:5.14-2 libmount1_2.20.1-5.5 libmpc2_0.9-4 libmpc3_1.0.1-1 libmpfr4_3.1.1-1 libncurses5_5.9+20130608-1 libncursesw5_5.9+20130608-1 libobjc-4.7-dev_4.7.3-5 libobjc4_4.8.1-6 libomniorb4-1_4.1.6-2 libomniorb4-dev_4.1.6-2 libomnithread3-dev_4.1.6-2 libomnithread3c2_4.1.6-2 libpam-modules_1.1.3-9 libpam-modules-bin_1.1.3-9 libpam-runtime_1.1.3-9 libpam0g_1.1.3-9 libpcre3_1:8.31-2 libpgm-5.1-0_5.1.118-1~dfsg-0.1 libpipeline1_1.2.4-1 libpopt0_1.16-7 libppl-c4_1:1.0-7 libppl12_1:1.0-7 libpython-all-dev_2.7.5-2 libpython-dev_2.7.5-2 libpython-stdlib_2.7.5-2 libpython2.7_2.7.5-6 libpython2.7-dev_2.7.5-6 libpython2.7-minimal_2.7.5-6 libpython2.7-stdlib_2.7.5-6 libpython3.2_3.2.4-1 libpython3.3_3.3.2-4 libpython3.3-dev_3.3.2-4 libpython3.3-minimal_3.3.2-4 libpython3.3-stdlib_3.3.2-4 libquadmath0_4.8.1-6 libreadline6_6.2+dfsg-0.1 libselinux1_2.1.13-2 libsemanage-common_2.1.10-2 libsemanage1_2.1.10-2 libsepol1_2.1.9-2 libslang2_2.2.4-15 libsqlite3-0_3.7.17-1 libss2_1.42.8-1 libssl-dev_1.0.1e-3 libssl1.0.0_1.0.1e-3 libstdc++-4.8-dev_4.8.1-6 libstdc++6_4.8.1-6 libstdc++6-4.6-dev_4.6.4-4 libstdc++6-4.7-dev_4.7.3-5 libswitch-perl_2.16-2 libtango8_8.0.5+dfsg-3 libtango8-dev_8.0.5+dfsg-3 libtext-charwidth-perl_0.04-7+b1 libtext-iconv-perl_1.7-5 libtext-wrapi18n-perl_0.06-7 libtimedate-perl_1.2000-1 libtinfo5_5.9+20130608-1 libtsan0_4.8.1-6 libunistring0_0.9.3-5 libusb-0.1-4_2:0.1.12-23.2 libustr-1.0-1_1.0.4-3 libuuid1_2.20.1-5.5 libxml2_2.9.1+dfsg1-2 libzmq3_3.2.3+dfsg-2 libzmq3-dev_3.2.3+dfsg-2 linux-libc-dev_3.9.8-1 login_1:4.1.5.1-1 lsb-base_4.1+Debian12 make_3.81-8.2 man-db_2.6.5-2 mawk_1.3.3-17 mime-support_3.54 mount_2.20.1-5.5 multiarch-support_2.17-7 ncurses-base_5.9+20130608-1 ncurses-bin_5.9+20130608-1 passwd_1:4.1.5.1-1 patch_2.7.1-3 perl_5.14.2-21 perl-base_5.14.2-21 perl-modules_5.14.2-21 pkg-config_0.26-1 po-debconf_1.0.16+nmu2 python_2.7.5-2 python-all_2.7.5-2 python-all-dev_2.7.5-2 python-dev_2.7.5-2 python-minimal_2.7.5-2 python-numpy_1:1.7.1-2 python-support_1.0.15 python2.7_2.7.5-6 python2.7-dev_2.7.5-6 python2.7-minimal_2.7.5-6 python3_3.3.2-1 python3-all_3.3.2-1 python3-all-dev_3.3.2-1 python3-dev_3.3.2-1 python3-minimal_3.3.2-1 python3-numpy_1:1.7.1-2 python3.2_3.2.4-1 python3.2-dev_3.2.4-1 python3.2-minimal_3.2.4-1 python3.3_3.3.2-4 python3.3-dev_3.3.2-4 python3.3-minimal_3.3.2-4 readline-common_6.2+dfsg-0.1 sbuild-build-depends-core-dummy_0.invalid.0 sbuild-build-depends-pytango-dummy_0.invalid.0 sed_4.2.2-1 sensible-utils_0.0.9 sudo_1.8.5p2-1+nmu1 sysv-rc_2.88dsf-42 sysvinit_2.88dsf-42 sysvinit-utils_2.88dsf-42 tango-common_8.0.5+dfsg-3 tar_1.26+dfsg-6 tzdata_2013c-2 ucf_3.0027+nmu1 util-linux_2.20.1-5.5 vim_2:7.3.923-3 vim-common_2:7.3.923-3 vim-runtime_2:7.3.923-3 xz-utils_5.1.1alpha+20120614-2 zlib1g_1:1.2.8.dfsg-1 zlib1g-dev_1:1.2.8.dfsg-1

┌──────────────────────────────────────────────────────────────────────────────┐
│ Build                                                                        │
└──────────────────────────────────────────────────────────────────────────────┘


Unpack source
─────────────

gpgv: keyblock resource `/sbuild-nonexistent/.gnupg/trustedkeys.gpg': file open error
gpgv: Signature made Tue May 28 18:22:53 2013 UTC using DSA key ID A59B1171
gpgv: Can't check signature: public key not found
dpkg-source: warning: failed to verify signature on ./pytango_8.0.3-1.dsc
dpkg-source: info: extracting pytango in pytango-8.0.3
dpkg-source: info: unpacking pytango_8.0.3.orig.tar.gz
dpkg-source: info: unpacking pytango_8.0.3-1.debian.tar.gz

Check disc space
────────────────

Sufficient free space for build

Hack binNMU version
───────────────────

Created changelog entry for binNMU version 8.0.3-1clang1

User Environment
────────────────

HOME=/sbuild-nonexistent
LOGNAME=user
PATH=/usr/local/sbin:/usr/local/bin:/usr/sbin:/usr/bin:/sbin:/bin:/usr/games
SCHROOT_ALIAS_NAME=unstable-amd64-sbuild
SCHROOT_CHROOT_NAME=unstable-amd64-sbuild
SCHROOT_COMMAND=env
SCHROOT_GID=1000
SCHROOT_GROUP=user
SCHROOT_SESSION_ID=unstable-amd64-sbuild-f0402d00-f3a3-4af4-858d-6e2c57f8a5df
SCHROOT_UID=1000
SCHROOT_USER=user
SHELL=/bin/sh
USER=user

dpkg-buildpackage
─────────────────

dpkg-buildpackage: source package pytango
dpkg-buildpackage: source version 8.0.3-1clang1
 dpkg-source --before-build pytango-8.0.3
dpkg-buildpackage: host architecture amd64
 fakeroot debian/rules clean
dh clean --with python2,python3
   dh_testdir
   debian/rules override_dh_auto_clean
make[1]: Entering directory `/«PKGBUILDDIR»'
dh_auto_clean
running clean
'build/lib.linux-x86_64-2.7' does not exist -- can't clean it
'build/bdist.linux-x86_64' does not exist -- can't clean it
'build/scripts-2.7' does not exist -- can't clean it
rm -rf build
rm -rf *.egg-info
make[1]: Leaving directory `/«PKGBUILDDIR»'
   dh_clean
 debian/rules build-arch
dh build-arch --with python2,python3
   dh_testdir -a
   dh_auto_configure -a
   debian/rules override_dh_auto_build
make[1]: Entering directory `/«PKGBUILDDIR»'
python3.3 setup.py build
running build
running build_py
creating build
creating build/lib.linux-x86_64-3.3
creating build/lib.linux-x86_64-3.3/PyTango
copying src/boost/python/db.py -> build/lib.linux-x86_64-3.3/PyTango
copying src/boost/python/log4tango.py -> build/lib.linux-x86_64-3.3/PyTango
copying src/boost/python/device_proxy.py -> build/lib.linux-x86_64-3.3/PyTango
copying src/boost/python/pytango_pprint.py -> build/lib.linux-x86_64-3.3/PyTango
copying src/boost/python/group_reply.py -> build/lib.linux-x86_64-3.3/PyTango
copying src/boost/python/exception.py -> build/lib.linux-x86_64-3.3/PyTango
copying src/boost/python/attr_data.py -> build/lib.linux-x86_64-3.3/PyTango
copying src/boost/python/device_class.py -> build/lib.linux-x86_64-3.3/PyTango
copying src/boost/python/device_data.py -> build/lib.linux-x86_64-3.3/PyTango
copying src/boost/python/attribute_proxy.py -> build/lib.linux-x86_64-3.3/PyTango
copying src/boost/python/device_server.py -> build/lib.linux-x86_64-3.3/PyTango
copying src/boost/python/device_attribute.py -> build/lib.linux-x86_64-3.3/PyTango
copying src/boost/python/utils.py -> build/lib.linux-x86_64-3.3/PyTango
copying src/boost/python/globals.py -> build/lib.linux-x86_64-3.3/PyTango
copying src/boost/python/connection.py -> build/lib.linux-x86_64-3.3/PyTango
copying src/boost/python/pytango_init.py -> build/lib.linux-x86_64-3.3/PyTango
copying src/boost/python/group_reply_list.py -> build/lib.linux-x86_64-3.3/PyTango
copying src/boost/python/api2.py -> build/lib.linux-x86_64-3.3/PyTango
copying src/boost/python/encoded_attribute.py -> build/lib.linux-x86_64-3.3/PyTango
copying src/boost/python/api_util.py -> build/lib.linux-x86_64-3.3/PyTango
copying src/boost/python/callback.py -> build/lib.linux-x86_64-3.3/PyTango
copying src/boost/python/pyutil.py -> build/lib.linux-x86_64-3.3/PyTango
copying src/boost/python/tango_numpy.py -> build/lib.linux-x86_64-3.3/PyTango
copying src/boost/python/group.py -> build/lib.linux-x86_64-3.3/PyTango
copying src/boost/python/release.py -> build/lib.linux-x86_64-3.3/PyTango
copying src/boost/python/time_val.py -> build/lib.linux-x86_64-3.3/PyTango
copying src/boost/python/__init__.py -> build/lib.linux-x86_64-3.3/PyTango
copying src/boost/python/base_types.py -> build/lib.linux-x86_64-3.3/PyTango
creating build/lib.linux-x86_64-3.3/PyTango/ipython
copying src/boost/python/ipython/common.py -> build/lib.linux-x86_64-3.3/PyTango/ipython
copying src/boost/python/ipython/eventlogger.py -> build/lib.linux-x86_64-3.3/PyTango/ipython
copying src/boost/python/ipython/__init__.py -> build/lib.linux-x86_64-3.3/PyTango/ipython
creating build/lib.linux-x86_64-3.3/PyTango/ipython/ipython_00_10
copying src/boost/python/ipython/ipython_00_10/ipy_qt.py -> build/lib.linux-x86_64-3.3/PyTango/ipython/ipython_00_10
copying src/boost/python/ipython/ipython_00_10/__init__.py -> build/lib.linux-x86_64-3.3/PyTango/ipython/ipython_00_10
copying src/boost/python/ipython/ipython_00_10/ipython_00_10.py -> build/lib.linux-x86_64-3.3/PyTango/ipython/ipython_00_10
copying src/boost/python/ipython/ipython_00_10/ipy_install.py -> build/lib.linux-x86_64-3.3/PyTango/ipython/ipython_00_10
creating build/lib.linux-x86_64-3.3/PyTango/ipython/ipython_00_11
copying src/boost/python/ipython/ipython_00_11/__init__.py -> build/lib.linux-x86_64-3.3/PyTango/ipython/ipython_00_11
copying src/boost/python/ipython/ipython_00_11/ipython_00_11.py -> build/lib.linux-x86_64-3.3/PyTango/ipython/ipython_00_11
copying src/boost/python/ipython/ipython_00_11/ipy_install.py -> build/lib.linux-x86_64-3.3/PyTango/ipython/ipython_00_11
running build_ext
building '_PyTango' extension
creating build/temp.linux-x86_64-3.3
creating build/temp.linux-x86_64-3.3/build
creating build/temp.linux-x86_64-3.3/«BUILDDIR»
creating build/temp.linux-x86_64-3.3/«PKGBUILDDIR»
creating build/temp.linux-x86_64-3.3/«PKGBUILDDIR»/src
creating build/temp.linux-x86_64-3.3/«PKGBUILDDIR»/src/boost
creating build/temp.linux-x86_64-3.3/«PKGBUILDDIR»/src/boost/cpp
creating build/temp.linux-x86_64-3.3/«PKGBUILDDIR»/src/boost/cpp/server
x86_64-linux-gnu-gcc -pthread -DNDEBUG -g -fwrapv -O2 -Wall -g -O2 -fstack-protector --param=ssp-buffer-size=4 -Wformat -Werror=format-security -D_FORTIFY_SOURCE=2 -fPIC -I/«PKGBUILDDIR»/src/boost/cpp -I/usr/include -I/usr/include/tango -I/usr/lib/python3/dist-packages/numpy/core/include -I/usr/include/python3.3m -c /«PKGBUILDDIR»/src/boost/cpp/api_util.cpp -o build/temp.linux-x86_64-3.3/«PKGBUILDDIR»/src/boost/cpp/api_util.o
In file included from /«PKGBUILDDIR»/src/boost/cpp/api_util.cpp:25:
In file included from /usr/include/tango/tango.h:119:
/usr/include/tango/attrprop.h:576:14: warning: unused variable 'type' [-Wunused-variable]
                CmdArgType type = ranges_type2const<T>::enu; // restricts template initialisation to supported types
                           ^
In file included from /«PKGBUILDDIR»/src/boost/cpp/api_util.cpp:25:
In file included from /usr/include/tango/tango.h:94:
/usr/include/tango/devasyn.h:88:28: warning: private field 'ext' is not used [-Wunused-private-field]
        CmdDoneEventExt                 *ext;
                                         ^
/usr/include/tango/devasyn.h:126:29: warning: private field 'ext' is not used [-Wunused-private-field]
        AttrReadEventExt                        *ext;
                                                 ^
/usr/include/tango/devasyn.h:161:35: warning: private field 'ext' is not used [-Wunused-private-field]
        AttrWrittenEventExt                 *ext;
                                             ^
In file included from /«PKGBUILDDIR»/src/boost/cpp/api_util.cpp:25:
In file included from /usr/include/tango/tango.h:121:
In file included from /usr/include/tango/device.h:41:
/usr/include/tango/attrdesc.h:341:38: warning: private field 'ext' is not used [-Wunused-private-field]
        UserDefaultAttrPropExt              *ext;
                                             ^
In file included from /«PKGBUILDDIR»/src/boost/cpp/api_util.cpp:25:
In file included from /usr/include/tango/tango.h:131:
/usr/include/tango/attrprop.tpp:148:23: warning: private field 'ext' is not used [-Wunused-private-field]
        MultiAttrPropExt                                *ext;
                                                         ^
6 warnings generated.
x86_64-linux-gnu-gcc -pthread -DNDEBUG -g -fwrapv -O2 -Wall -g -O2 -fstack-protector --param=ssp-buffer-size=4 -Wformat -Werror=format-security -D_FORTIFY_SOURCE=2 -fPIC -I/«PKGBUILDDIR»/src/boost/cpp -I/usr/include -I/usr/include/tango -I/usr/lib/python3/dist-packages/numpy/core/include -I/usr/include/python3.3m -c /«PKGBUILDDIR»/src/boost/cpp/archive_event_info.cpp -o build/temp.linux-x86_64-3.3/«PKGBUILDDIR»/src/boost/cpp/archive_event_info.o
In file included from /«PKGBUILDDIR»/src/boost/cpp/archive_event_info.cpp:25:
In file included from /usr/include/tango/tango.h:119:
/usr/include/tango/attrprop.h:576:14: warning: unused variable 'type' [-Wunused-variable]
                CmdArgType type = ranges_type2const<T>::enu; // restricts template initialisation to supported types
                           ^
In file included from /«PKGBUILDDIR»/src/boost/cpp/archive_event_info.cpp:25:
In file included from /usr/include/tango/tango.h:94:
/usr/include/tango/devasyn.h:88:28: warning: private field 'ext' is not used [-Wunused-private-field]
        CmdDoneEventExt                 *ext;
                                         ^
/usr/include/tango/devasyn.h:126:29: warning: private field 'ext' is not used [-Wunused-private-field]
        AttrReadEventExt                        *ext;
                                                 ^
/usr/include/tango/devasyn.h:161:35: warning: private field 'ext' is not used [-Wunused-private-field]
        AttrWrittenEventExt                 *ext;
                                             ^
In file included from /«PKGBUILDDIR»/src/boost/cpp/archive_event_info.cpp:25:
In file included from /usr/include/tango/tango.h:121:
In file included from /usr/include/tango/device.h:41:
/usr/include/tango/attrdesc.h:341:38: warning: private field 'ext' is not used [-Wunused-private-field]
        UserDefaultAttrPropExt              *ext;
                                             ^
In file included from /«PKGBUILDDIR»/src/boost/cpp/archive_event_info.cpp:25:
In file included from /usr/include/tango/tango.h:131:
/usr/include/tango/attrprop.tpp:148:23: warning: private field 'ext' is not used [-Wunused-private-field]
        MultiAttrPropExt                                *ext;
                                                         ^
6 warnings generated.
x86_64-linux-gnu-gcc -pthread -DNDEBUG -g -fwrapv -O2 -Wall -g -O2 -fstack-protector --param=ssp-buffer-size=4 -Wformat -Werror=format-security -D_FORTIFY_SOURCE=2 -fPIC -I/«PKGBUILDDIR»/src/boost/cpp -I/usr/include -I/usr/include/tango -I/usr/lib/python3/dist-packages/numpy/core/include -I/usr/include/python3.3m -c /«PKGBUILDDIR»/src/boost/cpp/attr_conf_event_data.cpp -o build/temp.linux-x86_64-3.3/«PKGBUILDDIR»/src/boost/cpp/attr_conf_event_data.o
In file included from /«PKGBUILDDIR»/src/boost/cpp/attr_conf_event_data.cpp:25:
In file included from /usr/include/tango/tango.h:119:
/usr/include/tango/attrprop.h:576:14: warning: unused variable 'type' [-Wunused-variable]
                CmdArgType type = ranges_type2const<T>::enu; // restricts template initialisation to supported types
                           ^
In file included from /«PKGBUILDDIR»/src/boost/cpp/attr_conf_event_data.cpp:25:
In file included from /usr/include/tango/tango.h:94:
/usr/include/tango/devasyn.h:88:28: warning: private field 'ext' is not used [-Wunused-private-field]
        CmdDoneEventExt                 *ext;
                                         ^
/usr/include/tango/devasyn.h:126:29: warning: private field 'ext' is not used [-Wunused-private-field]
        AttrReadEventExt                        *ext;
                                                 ^
/usr/include/tango/devasyn.h:161:35: warning: private field 'ext' is not used [-Wunused-private-field]
        AttrWrittenEventExt                 *ext;
                                             ^
In file included from /«PKGBUILDDIR»/src/boost/cpp/attr_conf_event_data.cpp:25:
In file included from /usr/include/tango/tango.h:121:
In file included from /usr/include/tango/device.h:41:
/usr/include/tango/attrdesc.h:341:38: warning: private field 'ext' is not used [-Wunused-private-field]
        UserDefaultAttrPropExt              *ext;
                                             ^
In file included from /«PKGBUILDDIR»/src/boost/cpp/attr_conf_event_data.cpp:25:
In file included from /usr/include/tango/tango.h:131:
/usr/include/tango/attrprop.tpp:148:23: warning: private field 'ext' is not used [-Wunused-private-field]
        MultiAttrPropExt                                *ext;
                                                         ^
6 warnings generated.
x86_64-linux-gnu-gcc -pthread -DNDEBUG -g -fwrapv -O2 -Wall -g -O2 -fstack-protector --param=ssp-buffer-size=4 -Wformat -Werror=format-security -D_FORTIFY_SOURCE=2 -fPIC -I/«PKGBUILDDIR»/src/boost/cpp -I/usr/include -I/usr/include/tango -I/usr/lib/python3/dist-packages/numpy/core/include -I/usr/include/python3.3m -c /«PKGBUILDDIR»/src/boost/cpp/attribute_alarm_info.cpp -o build/temp.linux-x86_64-3.3/«PKGBUILDDIR»/src/boost/cpp/attribute_alarm_info.o
In file included from /«PKGBUILDDIR»/src/boost/cpp/attribute_alarm_info.cpp:25:
In file included from /usr/include/tango/tango.h:119:
/usr/include/tango/attrprop.h:576:14: warning: unused variable 'type' [-Wunused-variable]
                CmdArgType type = ranges_type2const<T>::enu; // restricts template initialisation to supported types
                           ^
In file included from /«PKGBUILDDIR»/src/boost/cpp/attribute_alarm_info.cpp:25:
In file included from /usr/include/tango/tango.h:94:
/usr/include/tango/devasyn.h:88:28: warning: private field 'ext' is not used [-Wunused-private-field]
        CmdDoneEventExt                 *ext;
                                         ^
/usr/include/tango/devasyn.h:126:29: warning: private field 'ext' is not used [-Wunused-private-field]
        AttrReadEventExt                        *ext;
                                                 ^
/usr/include/tango/devasyn.h:161:35: warning: private field 'ext' is not used [-Wunused-private-field]
        AttrWrittenEventExt                 *ext;
                                             ^
In file included from /«PKGBUILDDIR»/src/boost/cpp/attribute_alarm_info.cpp:25:
In file included from /usr/include/tango/tango.h:121:
In file included from /usr/include/tango/device.h:41:
/usr/include/tango/attrdesc.h:341:38: warning: private field 'ext' is not used [-Wunused-private-field]
        UserDefaultAttrPropExt              *ext;
                                             ^
In file included from /«PKGBUILDDIR»/src/boost/cpp/attribute_alarm_info.cpp:25:
In file included from /usr/include/tango/tango.h:131:
/usr/include/tango/attrprop.tpp:148:23: warning: private field 'ext' is not used [-Wunused-private-field]
        MultiAttrPropExt                                *ext;
                                                         ^
6 warnings generated.
x86_64-linux-gnu-gcc -pthread -DNDEBUG -g -fwrapv -O2 -Wall -g -O2 -fstack-protector --param=ssp-buffer-size=4 -Wformat -Werror=format-security -D_FORTIFY_SOURCE=2 -fPIC -I/«PKGBUILDDIR»/src/boost/cpp -I/usr/include -I/usr/include/tango -I/usr/lib/python3/dist-packages/numpy/core/include -I/usr/include/python3.3m -c /«PKGBUILDDIR»/src/boost/cpp/attribute_dimension.cpp -o build/temp.linux-x86_64-3.3/«PKGBUILDDIR»/src/boost/cpp/attribute_dimension.o
In file included from /«PKGBUILDDIR»/src/boost/cpp/attribute_dimension.cpp:25:
In file included from /usr/include/tango/tango.h:119:
/usr/include/tango/attrprop.h:576:14: warning: unused variable 'type' [-Wunused-variable]
                CmdArgType type = ranges_type2const<T>::enu; // restricts template initialisation to supported types
                           ^
In file included from /«PKGBUILDDIR»/src/boost/cpp/attribute_dimension.cpp:25:
In file included from /usr/include/tango/tango.h:94:
/usr/include/tango/devasyn.h:88:28: warning: private field 'ext' is not used [-Wunused-private-field]
        CmdDoneEventExt                 *ext;
                                         ^
/usr/include/tango/devasyn.h:126:29: warning: private field 'ext' is not used [-Wunused-private-field]
        AttrReadEventExt                        *ext;
                                                 ^
/usr/include/tango/devasyn.h:161:35: warning: private field 'ext' is not used [-Wunused-private-field]
        AttrWrittenEventExt                 *ext;
                                             ^
In file included from /«PKGBUILDDIR»/src/boost/cpp/attribute_dimension.cpp:25:
In file included from /usr/include/tango/tango.h:121:
In file included from /usr/include/tango/device.h:41:
/usr/include/tango/attrdesc.h:341:38: warning: private field 'ext' is not used [-Wunused-private-field]
        UserDefaultAttrPropExt              *ext;
                                             ^
In file included from /«PKGBUILDDIR»/src/boost/cpp/attribute_dimension.cpp:25:
In file included from /usr/include/tango/tango.h:131:
/usr/include/tango/attrprop.tpp:148:23: warning: private field 'ext' is not used [-Wunused-private-field]
        MultiAttrPropExt                                *ext;
                                                         ^
6 warnings generated.
x86_64-linux-gnu-gcc -pthread -DNDEBUG -g -fwrapv -O2 -Wall -g -O2 -fstack-protector --param=ssp-buffer-size=4 -Wformat -Werror=format-security -D_FORTIFY_SOURCE=2 -fPIC -I/«PKGBUILDDIR»/src/boost/cpp -I/usr/include -I/usr/include/tango -I/usr/lib/python3/dist-packages/numpy/core/include -I/usr/include/python3.3m -c /«PKGBUILDDIR»/src/boost/cpp/attribute_event_info.cpp -o build/temp.linux-x86_64-3.3/«PKGBUILDDIR»/src/boost/cpp/attribute_event_info.o
In file included from /«PKGBUILDDIR»/src/boost/cpp/attribute_event_info.cpp:25:
In file included from /usr/include/tango/tango.h:119:
/usr/include/tango/attrprop.h:576:14: warning: unused variable 'type' [-Wunused-variable]
                CmdArgType type = ranges_type2const<T>::enu; // restricts template initialisation to supported types
                           ^
In file included from /«PKGBUILDDIR»/src/boost/cpp/attribute_event_info.cpp:25:
In file included from /usr/include/tango/tango.h:94:
/usr/include/tango/devasyn.h:88:28: warning: private field 'ext' is not used [-Wunused-private-field]
        CmdDoneEventExt                 *ext;
                                         ^
/usr/include/tango/devasyn.h:126:29: warning: private field 'ext' is not used [-Wunused-private-field]
        AttrReadEventExt                        *ext;
                                                 ^
/usr/include/tango/devasyn.h:161:35: warning: private field 'ext' is not used [-Wunused-private-field]
        AttrWrittenEventExt                 *ext;
                                             ^
In file included from /«PKGBUILDDIR»/src/boost/cpp/attribute_event_info.cpp:25:
In file included from /usr/include/tango/tango.h:121:
In file included from /usr/include/tango/device.h:41:
/usr/include/tango/attrdesc.h:341:38: warning: private field 'ext' is not used [-Wunused-private-field]
        UserDefaultAttrPropExt              *ext;
                                             ^
In file included from /«PKGBUILDDIR»/src/boost/cpp/attribute_event_info.cpp:25:
In file included from /usr/include/tango/tango.h:131:
/usr/include/tango/attrprop.tpp:148:23: warning: private field 'ext' is not used [-Wunused-private-field]
        MultiAttrPropExt                                *ext;
                                                         ^
6 warnings generated.
x86_64-linux-gnu-gcc -pthread -DNDEBUG -g -fwrapv -O2 -Wall -g -O2 -fstack-protector --param=ssp-buffer-size=4 -Wformat -Werror=format-security -D_FORTIFY_SOURCE=2 -fPIC -I/«PKGBUILDDIR»/src/boost/cpp -I/usr/include -I/usr/include/tango -I/usr/lib/python3/dist-packages/numpy/core/include -I/usr/include/python3.3m -c /«PKGBUILDDIR»/src/boost/cpp/attribute_info.cpp -o build/temp.linux-x86_64-3.3/«PKGBUILDDIR»/src/boost/cpp/attribute_info.o
In file included from /«PKGBUILDDIR»/src/boost/cpp/attribute_info.cpp:25:
In file included from /usr/include/tango/tango.h:119:
/usr/include/tango/attrprop.h:576:14: warning: unused variable 'type' [-Wunused-variable]
                CmdArgType type = ranges_type2const<T>::enu; // restricts template initialisation to supported types
                           ^
In file included from /«PKGBUILDDIR»/src/boost/cpp/attribute_info.cpp:25:
In file included from /usr/include/tango/tango.h:94:
/usr/include/tango/devasyn.h:88:28: warning: private field 'ext' is not used [-Wunused-private-field]
        CmdDoneEventExt                 *ext;
                                         ^
/usr/include/tango/devasyn.h:126:29: warning: private field 'ext' is not used [-Wunused-private-field]
        AttrReadEventExt                        *ext;
                                                 ^
/usr/include/tango/devasyn.h:161:35: warning: private field 'ext' is not used [-Wunused-private-field]
        AttrWrittenEventExt                 *ext;
                                             ^
In file included from /«PKGBUILDDIR»/src/boost/cpp/attribute_info.cpp:25:
In file included from /usr/include/tango/tango.h:121:
In file included from /usr/include/tango/device.h:41:
/usr/include/tango/attrdesc.h:341:38: warning: private field 'ext' is not used [-Wunused-private-field]
        UserDefaultAttrPropExt              *ext;
                                             ^
In file included from /«PKGBUILDDIR»/src/boost/cpp/attribute_info.cpp:25:
In file included from /usr/include/tango/tango.h:131:
/usr/include/tango/attrprop.tpp:148:23: warning: private field 'ext' is not used [-Wunused-private-field]
        MultiAttrPropExt                                *ext;
                                                         ^
6 warnings generated.
x86_64-linux-gnu-gcc -pthread -DNDEBUG -g -fwrapv -O2 -Wall -g -O2 -fstack-protector --param=ssp-buffer-size=4 -Wformat -Werror=format-security -D_FORTIFY_SOURCE=2 -fPIC -I/«PKGBUILDDIR»/src/boost/cpp -I/usr/include -I/usr/include/tango -I/usr/lib/python3/dist-packages/numpy/core/include -I/usr/include/python3.3m -c /«PKGBUILDDIR»/src/boost/cpp/attribute_info_ex.cpp -o build/temp.linux-x86_64-3.3/«PKGBUILDDIR»/src/boost/cpp/attribute_info_ex.o
In file included from /«PKGBUILDDIR»/src/boost/cpp/attribute_info_ex.cpp:25:
In file included from /usr/include/tango/tango.h:119:
/usr/include/tango/attrprop.h:576:14: warning: unused variable 'type' [-Wunused-variable]
                CmdArgType type = ranges_type2const<T>::enu; // restricts template initialisation to supported types
                           ^
In file included from /«PKGBUILDDIR»/src/boost/cpp/attribute_info_ex.cpp:25:
In file included from /usr/include/tango/tango.h:94:
/usr/include/tango/devasyn.h:88:28: warning: private field 'ext' is not used [-Wunused-private-field]
        CmdDoneEventExt                 *ext;
                                         ^
/usr/include/tango/devasyn.h:126:29: warning: private field 'ext' is not used [-Wunused-private-field]
        AttrReadEventExt                        *ext;
                                                 ^
/usr/include/tango/devasyn.h:161:35: warning: private field 'ext' is not used [-Wunused-private-field]
        AttrWrittenEventExt                 *ext;
                                             ^
In file included from /«PKGBUILDDIR»/src/boost/cpp/attribute_info_ex.cpp:25:
In file included from /usr/include/tango/tango.h:121:
In file included from /usr/include/tango/device.h:41:
/usr/include/tango/attrdesc.h:341:38: warning: private field 'ext' is not used [-Wunused-private-field]
        UserDefaultAttrPropExt              *ext;
                                             ^
In file included from /«PKGBUILDDIR»/src/boost/cpp/attribute_info_ex.cpp:25:
In file included from /usr/include/tango/tango.h:131:
/usr/include/tango/attrprop.tpp:148:23: warning: private field 'ext' is not used [-Wunused-private-field]
        MultiAttrPropExt                                *ext;
                                                         ^
6 warnings generated.
x86_64-linux-gnu-gcc -pthread -DNDEBUG -g -fwrapv -O2 -Wall -g -O2 -fstack-protector --param=ssp-buffer-size=4 -Wformat -Werror=format-security -D_FORTIFY_SOURCE=2 -fPIC -I/«PKGBUILDDIR»/src/boost/cpp -I/usr/include -I/usr/include/tango -I/usr/lib/python3/dist-packages/numpy/core/include -I/usr/include/python3.3m -c /«PKGBUILDDIR»/src/boost/cpp/attribute_proxy.cpp -o build/temp.linux-x86_64-3.3/«PKGBUILDDIR»/src/boost/cpp/attribute_proxy.o
In file included from /«PKGBUILDDIR»/src/boost/cpp/attribute_proxy.cpp:26:
In file included from /«PKGBUILDDIR»/src/boost/cpp/pytgutils.h:27:
In file included from /usr/include/tango/tango.h:119:
/usr/include/tango/attrprop.h:576:14: warning: unused variable 'type' [-Wunused-variable]
                CmdArgType type = ranges_type2const<T>::enu; // restricts template initialisation to supported types
                           ^
In file included from /«PKGBUILDDIR»/src/boost/cpp/attribute_proxy.cpp:26:
In file included from /«PKGBUILDDIR»/src/boost/cpp/pytgutils.h:31:
In file included from /«PKGBUILDDIR»/src/boost/cpp/from_py.h:34:
/«PKGBUILDDIR»/src/boost/cpp/tgutils.h:46:5: warning: declaration does not declare anything [-Wmissing-declarations]
    enum { };
    ^~~~
/«PKGBUILDDIR»/src/boost/cpp/tgutils.h:57:5: warning: declaration does not declare anything [-Wmissing-declarations]
    enum { };
    ^~~~
/«PKGBUILDDIR»/src/boost/cpp/tgutils.h:63:5: warning: declaration does not declare anything [-Wmissing-declarations]
    enum { };
    ^~~~
In file included from /«PKGBUILDDIR»/src/boost/cpp/attribute_proxy.cpp:26:
In file included from /«PKGBUILDDIR»/src/boost/cpp/pytgutils.h:31:
In file included from /«PKGBUILDDIR»/src/boost/cpp/from_py.h:36:
In file included from /«PKGBUILDDIR»/src/boost/cpp/tango_numpy.h:37:
In file included from /usr/lib/python3/dist-packages/numpy/core/include/numpy/arrayobject.h:15:
In file included from /usr/lib/python3/dist-packages/numpy/core/include/numpy/ndarrayobject.h:17:
In file included from /usr/lib/python3/dist-packages/numpy/core/include/numpy/ndarraytypes.h:1728:
/usr/lib/python3/dist-packages/numpy/core/include/numpy/npy_deprecated_api.h:11:2: warning: "Using deprecated NumPy API, disable it by #defining NPY_NO_DEPRECATED_API NPY_1_7_API_VERSION" [-W#warnings]
#warning "Using deprecated NumPy API, disable it by #defining NPY_NO_DEPRECATED_API NPY_1_7_API_VERSION"
 ^
In file included from /«PKGBUILDDIR»/src/boost/cpp/attribute_proxy.cpp:26:
In file included from /«PKGBUILDDIR»/src/boost/cpp/pytgutils.h:31:
In file included from /«PKGBUILDDIR»/src/boost/cpp/from_py.h:36:
/«PKGBUILDDIR»/src/boost/cpp/tango_numpy.h:50:9: warning: declaration does not declare anything [-Wmissing-declarations]
        enum { };
        ^~~~
In file included from /«PKGBUILDDIR»/src/boost/cpp/attribute_proxy.cpp:26:
In file included from /«PKGBUILDDIR»/src/boost/cpp/pytgutils.h:27:
In file included from /usr/include/tango/tango.h:94:
/usr/include/tango/devasyn.h:88:28: warning: private field 'ext' is not used [-Wunused-private-field]
        CmdDoneEventExt                 *ext;
                                         ^
/usr/include/tango/devasyn.h:126:29: warning: private field 'ext' is not used [-Wunused-private-field]
        AttrReadEventExt                        *ext;
                                                 ^
/usr/include/tango/devasyn.h:161:35: warning: private field 'ext' is not used [-Wunused-private-field]
        AttrWrittenEventExt                 *ext;
                                             ^
In file included from /«PKGBUILDDIR»/src/boost/cpp/attribute_proxy.cpp:26:
In file included from /«PKGBUILDDIR»/src/boost/cpp/pytgutils.h:27:
In file included from /usr/include/tango/tango.h:121:
In file included from /usr/include/tango/device.h:41:
/usr/include/tango/attrdesc.h:341:38: warning: private field 'ext' is not used [-Wunused-private-field]
        UserDefaultAttrPropExt              *ext;
                                             ^
In file included from /«PKGBUILDDIR»/src/boost/cpp/attribute_proxy.cpp:26:
In file included from /«PKGBUILDDIR»/src/boost/cpp/pytgutils.h:27:
In file included from /usr/include/tango/tango.h:131:
/usr/include/tango/attrprop.tpp:148:23: warning: private field 'ext' is not used [-Wunused-private-field]
        MultiAttrPropExt                                *ext;
                                                         ^
11 warnings generated.
x86_64-linux-gnu-gcc -pthread -DNDEBUG -g -fwrapv -O2 -Wall -g -O2 -fstack-protector --param=ssp-buffer-size=4 -Wformat -Werror=format-security -D_FORTIFY_SOURCE=2 -fPIC -I/«PKGBUILDDIR»/src/boost/cpp -I/usr/include -I/usr/include/tango -I/usr/lib/python3/dist-packages/numpy/core/include -I/usr/include/python3.3m -c /«PKGBUILDDIR»/src/boost/cpp/base_types.cpp -o build/temp.linux-x86_64-3.3/«PKGBUILDDIR»/src/boost/cpp/base_types.o
In file included from /«PKGBUILDDIR»/src/boost/cpp/base_types.cpp:26:
In file included from /«PKGBUILDDIR»/src/boost/cpp/pytgutils.h:27:
In file included from /usr/include/tango/tango.h:119:
/usr/include/tango/attrprop.h:576:14: warning: unused variable 'type' [-Wunused-variable]
                CmdArgType type = ranges_type2const<T>::enu; // restricts template initialisation to supported types
                           ^
In file included from /«PKGBUILDDIR»/src/boost/cpp/base_types.cpp:26:
In file included from /«PKGBUILDDIR»/src/boost/cpp/pytgutils.h:31:
In file included from /«PKGBUILDDIR»/src/boost/cpp/from_py.h:34:
/«PKGBUILDDIR»/src/boost/cpp/tgutils.h:46:5: warning: declaration does not declare anything [-Wmissing-declarations]
    enum { };
    ^~~~
/«PKGBUILDDIR»/src/boost/cpp/tgutils.h:57:5: warning: declaration does not declare anything [-Wmissing-declarations]
    enum { };
    ^~~~
/«PKGBUILDDIR»/src/boost/cpp/tgutils.h:63:5: warning: declaration does not declare anything [-Wmissing-declarations]
    enum { };
    ^~~~
In file included from /«PKGBUILDDIR»/src/boost/cpp/base_types.cpp:26:
In file included from /«PKGBUILDDIR»/src/boost/cpp/pytgutils.h:31:
In file included from /«PKGBUILDDIR»/src/boost/cpp/from_py.h:36:
In file included from /«PKGBUILDDIR»/src/boost/cpp/tango_numpy.h:37:
In file included from /usr/lib/python3/dist-packages/numpy/core/include/numpy/arrayobject.h:15:
In file included from /usr/lib/python3/dist-packages/numpy/core/include/numpy/ndarrayobject.h:17:
In file included from /usr/lib/python3/dist-packages/numpy/core/include/numpy/ndarraytypes.h:1728:
/usr/lib/python3/dist-packages/numpy/core/include/numpy/npy_deprecated_api.h:11:2: warning: "Using deprecated NumPy API, disable it by #defining NPY_NO_DEPRECATED_API NPY_1_7_API_VERSION" [-W#warnings]
#warning "Using deprecated NumPy API, disable it by #defining NPY_NO_DEPRECATED_API NPY_1_7_API_VERSION"
 ^
In file included from /«PKGBUILDDIR»/src/boost/cpp/base_types.cpp:26:
In file included from /«PKGBUILDDIR»/src/boost/cpp/pytgutils.h:31:
In file included from /«PKGBUILDDIR»/src/boost/cpp/from_py.h:36:
/«PKGBUILDDIR»/src/boost/cpp/tango_numpy.h:50:9: warning: declaration does not declare anything [-Wmissing-declarations]
        enum { };
        ^~~~
In file included from /«PKGBUILDDIR»/src/boost/cpp/base_types.cpp:26:
In file included from /«PKGBUILDDIR»/src/boost/cpp/pytgutils.h:27:
In file included from /usr/include/tango/tango.h:94:
/usr/include/tango/devasyn.h:88:28: warning: private field 'ext' is not used [-Wunused-private-field]
        CmdDoneEventExt                 *ext;
                                         ^
/usr/include/tango/devasyn.h:126:29: warning: private field 'ext' is not used [-Wunused-private-field]
        AttrReadEventExt                        *ext;
                                                 ^
/usr/include/tango/devasyn.h:161:35: warning: private field 'ext' is not used [-Wunused-private-field]
        AttrWrittenEventExt                 *ext;
                                             ^
In file included from /«PKGBUILDDIR»/src/boost/cpp/base_types.cpp:26:
In file included from /«PKGBUILDDIR»/src/boost/cpp/pytgutils.h:27:
In file included from /usr/include/tango/tango.h:121:
In file included from /usr/include/tango/device.h:41:
/usr/include/tango/attrdesc.h:341:38: warning: private field 'ext' is not used [-Wunused-private-field]
        UserDefaultAttrPropExt              *ext;
                                             ^
In file included from /«PKGBUILDDIR»/src/boost/cpp/base_types.cpp:26:
In file included from /«PKGBUILDDIR»/src/boost/cpp/pytgutils.h:27:
In file included from /usr/include/tango/tango.h:131:
/usr/include/tango/attrprop.tpp:148:23: warning: private field 'ext' is not used [-Wunused-private-field]
        MultiAttrPropExt                                *ext;
                                                         ^
11 warnings generated.
x86_64-linux-gnu-gcc -pthread -DNDEBUG -g -fwrapv -O2 -Wall -g -O2 -fstack-protector --param=ssp-buffer-size=4 -Wformat -Werror=format-security -D_FORTIFY_SOURCE=2 -fPIC -I/«PKGBUILDDIR»/src/boost/cpp -I/usr/include -I/usr/include/tango -I/usr/lib/python3/dist-packages/numpy/core/include -I/usr/include/python3.3m -c /«PKGBUILDDIR»/src/boost/cpp/callback.cpp -o build/temp.linux-x86_64-3.3/«PKGBUILDDIR»/src/boost/cpp/callback.o
In file included from /«PKGBUILDDIR»/src/boost/cpp/callback.cpp:25:
In file included from /«PKGBUILDDIR»/src/boost/cpp/pytgutils.h:27:
In file included from /usr/include/tango/tango.h:119:
/usr/include/tango/attrprop.h:576:14: warning: unused variable 'type' [-Wunused-variable]
                CmdArgType type = ranges_type2const<T>::enu; // restricts template initialisation to supported types
                           ^
In file included from /«PKGBUILDDIR»/src/boost/cpp/callback.cpp:25:
In file included from /«PKGBUILDDIR»/src/boost/cpp/pytgutils.h:31:
In file included from /«PKGBUILDDIR»/src/boost/cpp/from_py.h:34:
/«PKGBUILDDIR»/src/boost/cpp/tgutils.h:46:5: warning: declaration does not declare anything [-Wmissing-declarations]
    enum { };
    ^~~~
/«PKGBUILDDIR»/src/boost/cpp/tgutils.h:57:5: warning: declaration does not declare anything [-Wmissing-declarations]
    enum { };
    ^~~~
/«PKGBUILDDIR»/src/boost/cpp/tgutils.h:63:5: warning: declaration does not declare anything [-Wmissing-declarations]
    enum { };
    ^~~~
In file included from /«PKGBUILDDIR»/src/boost/cpp/callback.cpp:25:
In file included from /«PKGBUILDDIR»/src/boost/cpp/pytgutils.h:31:
In file included from /«PKGBUILDDIR»/src/boost/cpp/from_py.h:36:
In file included from /«PKGBUILDDIR»/src/boost/cpp/tango_numpy.h:37:
In file included from /usr/lib/python3/dist-packages/numpy/core/include/numpy/arrayobject.h:15:
In file included from /usr/lib/python3/dist-packages/numpy/core/include/numpy/ndarrayobject.h:17:
In file included from /usr/lib/python3/dist-packages/numpy/core/include/numpy/ndarraytypes.h:1728:
/usr/lib/python3/dist-packages/numpy/core/include/numpy/npy_deprecated_api.h:11:2: warning: "Using deprecated NumPy API, disable it by #defining NPY_NO_DEPRECATED_API NPY_1_7_API_VERSION" [-W#warnings]
#warning "Using deprecated NumPy API, disable it by #defining NPY_NO_DEPRECATED_API NPY_1_7_API_VERSION"
 ^
In file included from /«PKGBUILDDIR»/src/boost/cpp/callback.cpp:25:
In file included from /«PKGBUILDDIR»/src/boost/cpp/pytgutils.h:31:
In file included from /«PKGBUILDDIR»/src/boost/cpp/from_py.h:36:
/«PKGBUILDDIR»/src/boost/cpp/tango_numpy.h:50:9: warning: declaration does not declare anything [-Wmissing-declarations]
        enum { };
        ^~~~
In file included from /«PKGBUILDDIR»/src/boost/cpp/callback.cpp:25:
In file included from /«PKGBUILDDIR»/src/boost/cpp/pytgutils.h:27:
In file included from /usr/include/tango/tango.h:94:
/usr/include/tango/devasyn.h:88:28: warning: private field 'ext' is not used [-Wunused-private-field]
        CmdDoneEventExt                 *ext;
                                         ^
/usr/include/tango/devasyn.h:126:29: warning: private field 'ext' is not used [-Wunused-private-field]
        AttrReadEventExt                        *ext;
                                                 ^
/usr/include/tango/devasyn.h:161:35: warning: private field 'ext' is not used [-Wunused-private-field]
        AttrWrittenEventExt                 *ext;
                                             ^
In file included from /«PKGBUILDDIR»/src/boost/cpp/callback.cpp:25:
In file included from /«PKGBUILDDIR»/src/boost/cpp/pytgutils.h:27:
In file included from /usr/include/tango/tango.h:121:
In file included from /usr/include/tango/device.h:41:
/usr/include/tango/attrdesc.h:341:38: warning: private field 'ext' is not used [-Wunused-private-field]
        UserDefaultAttrPropExt              *ext;
                                             ^
In file included from /«PKGBUILDDIR»/src/boost/cpp/callback.cpp:25:
In file included from /«PKGBUILDDIR»/src/boost/cpp/pytgutils.h:27:
In file included from /usr/include/tango/tango.h:131:
/usr/include/tango/attrprop.tpp:148:23: warning: private field 'ext' is not used [-Wunused-private-field]
        MultiAttrPropExt                                *ext;
                                                         ^
11 warnings generated.
x86_64-linux-gnu-gcc -pthread -DNDEBUG -g -fwrapv -O2 -Wall -g -O2 -fstack-protector --param=ssp-buffer-size=4 -Wformat -Werror=format-security -D_FORTIFY_SOURCE=2 -fPIC -I/«PKGBUILDDIR»/src/boost/cpp -I/usr/include -I/usr/include/tango -I/usr/lib/python3/dist-packages/numpy/core/include -I/usr/include/python3.3m -c /«PKGBUILDDIR»/src/boost/cpp/change_event_info.cpp -o build/temp.linux-x86_64-3.3/«PKGBUILDDIR»/src/boost/cpp/change_event_info.o
In file included from /«PKGBUILDDIR»/src/boost/cpp/change_event_info.cpp:25:
In file included from /usr/include/tango/tango.h:119:
/usr/include/tango/attrprop.h:576:14: warning: unused variable 'type' [-Wunused-variable]
                CmdArgType type = ranges_type2const<T>::enu; // restricts template initialisation to supported types
                           ^
In file included from /«PKGBUILDDIR»/src/boost/cpp/change_event_info.cpp:25:
In file included from /usr/include/tango/tango.h:94:
/usr/include/tango/devasyn.h:88:28: warning: private field 'ext' is not used [-Wunused-private-field]
        CmdDoneEventExt                 *ext;
                                         ^
/usr/include/tango/devasyn.h:126:29: warning: private field 'ext' is not used [-Wunused-private-field]
        AttrReadEventExt                        *ext;
                                                 ^
/usr/include/tango/devasyn.h:161:35: warning: private field 'ext' is not used [-Wunused-private-field]
        AttrWrittenEventExt                 *ext;
                                             ^
In file included from /«PKGBUILDDIR»/src/boost/cpp/change_event_info.cpp:25:
In file included from /usr/include/tango/tango.h:121:
In file included from /usr/include/tango/device.h:41:
/usr/include/tango/attrdesc.h:341:38: warning: private field 'ext' is not used [-Wunused-private-field]
        UserDefaultAttrPropExt              *ext;
                                             ^
In file included from /«PKGBUILDDIR»/src/boost/cpp/change_event_info.cpp:25:
In file included from /usr/include/tango/tango.h:131:
/usr/include/tango/attrprop.tpp:148:23: warning: private field 'ext' is not used [-Wunused-private-field]
        MultiAttrPropExt                                *ext;
                                                         ^
6 warnings generated.
x86_64-linux-gnu-gcc -pthread -DNDEBUG -g -fwrapv -O2 -Wall -g -O2 -fstack-protector --param=ssp-buffer-size=4 -Wformat -Werror=format-security -D_FORTIFY_SOURCE=2 -fPIC -I/«PKGBUILDDIR»/src/boost/cpp -I/usr/include -I/usr/include/tango -I/usr/lib/python3/dist-packages/numpy/core/include -I/usr/include/python3.3m -c /«PKGBUILDDIR»/src/boost/cpp/command_info.cpp -o build/temp.linux-x86_64-3.3/«PKGBUILDDIR»/src/boost/cpp/command_info.o
In file included from /«PKGBUILDDIR»/src/boost/cpp/command_info.cpp:25:
In file included from /usr/include/tango/tango.h:119:
/usr/include/tango/attrprop.h:576:14: warning: unused variable 'type' [-Wunused-variable]
                CmdArgType type = ranges_type2const<T>::enu; // restricts template initialisation to supported types
                           ^
In file included from /«PKGBUILDDIR»/src/boost/cpp/command_info.cpp:25:
In file included from /usr/include/tango/tango.h:94:
/usr/include/tango/devasyn.h:88:28: warning: private field 'ext' is not used [-Wunused-private-field]
        CmdDoneEventExt                 *ext;
                                         ^
/usr/include/tango/devasyn.h:126:29: warning: private field 'ext' is not used [-Wunused-private-field]
        AttrReadEventExt                        *ext;
                                                 ^
/usr/include/tango/devasyn.h:161:35: warning: private field 'ext' is not used [-Wunused-private-field]
        AttrWrittenEventExt                 *ext;
                                             ^
In file included from /«PKGBUILDDIR»/src/boost/cpp/command_info.cpp:25:
In file included from /usr/include/tango/tango.h:121:
In file included from /usr/include/tango/device.h:41:
/usr/include/tango/attrdesc.h:341:38: warning: private field 'ext' is not used [-Wunused-private-field]
        UserDefaultAttrPropExt              *ext;
                                             ^
In file included from /«PKGBUILDDIR»/src/boost/cpp/command_info.cpp:25:
In file included from /usr/include/tango/tango.h:131:
/usr/include/tango/attrprop.tpp:148:23: warning: private field 'ext' is not used [-Wunused-private-field]
        MultiAttrPropExt                                *ext;
                                                         ^
6 warnings generated.
x86_64-linux-gnu-gcc -pthread -DNDEBUG -g -fwrapv -O2 -Wall -g -O2 -fstack-protector --param=ssp-buffer-size=4 -Wformat -Werror=format-security -D_FORTIFY_SOURCE=2 -fPIC -I/«PKGBUILDDIR»/src/boost/cpp -I/usr/include -I/usr/include/tango -I/usr/lib/python3/dist-packages/numpy/core/include -I/usr/include/python3.3m -c /«PKGBUILDDIR»/src/boost/cpp/connection.cpp -o build/temp.linux-x86_64-3.3/«PKGBUILDDIR»/src/boost/cpp/connection.o
In file included from /«PKGBUILDDIR»/src/boost/cpp/connection.cpp:25:
In file included from /«PKGBUILDDIR»/src/boost/cpp/pytgutils.h:27:
In file included from /usr/include/tango/tango.h:119:
/usr/include/tango/attrprop.h:576:14: warning: unused variable 'type' [-Wunused-variable]
                CmdArgType type = ranges_type2const<T>::enu; // restricts template initialisation to supported types
                           ^
In file included from /«PKGBUILDDIR»/src/boost/cpp/connection.cpp:25:
In file included from /«PKGBUILDDIR»/src/boost/cpp/pytgutils.h:31:
In file included from /«PKGBUILDDIR»/src/boost/cpp/from_py.h:34:
/«PKGBUILDDIR»/src/boost/cpp/tgutils.h:46:5: warning: declaration does not declare anything [-Wmissing-declarations]
    enum { };
    ^~~~
/«PKGBUILDDIR»/src/boost/cpp/tgutils.h:57:5: warning: declaration does not declare anything [-Wmissing-declarations]
    enum { };
    ^~~~
/«PKGBUILDDIR»/src/boost/cpp/tgutils.h:63:5: warning: declaration does not declare anything [-Wmissing-declarations]
    enum { };
    ^~~~
In file included from /«PKGBUILDDIR»/src/boost/cpp/connection.cpp:25:
In file included from /«PKGBUILDDIR»/src/boost/cpp/pytgutils.h:31:
In file included from /«PKGBUILDDIR»/src/boost/cpp/from_py.h:36:
In file included from /«PKGBUILDDIR»/src/boost/cpp/tango_numpy.h:37:
In file included from /usr/lib/python3/dist-packages/numpy/core/include/numpy/arrayobject.h:15:
In file included from /usr/lib/python3/dist-packages/numpy/core/include/numpy/ndarrayobject.h:17:
In file included from /usr/lib/python3/dist-packages/numpy/core/include/numpy/ndarraytypes.h:1728:
/usr/lib/python3/dist-packages/numpy/core/include/numpy/npy_deprecated_api.h:11:2: warning: "Using deprecated NumPy API, disable it by #defining NPY_NO_DEPRECATED_API NPY_1_7_API_VERSION" [-W#warnings]
#warning "Using deprecated NumPy API, disable it by #defining NPY_NO_DEPRECATED_API NPY_1_7_API_VERSION"
 ^
In file included from /«PKGBUILDDIR»/src/boost/cpp/connection.cpp:25:
In file included from /«PKGBUILDDIR»/src/boost/cpp/pytgutils.h:31:
In file included from /«PKGBUILDDIR»/src/boost/cpp/from_py.h:36:
/«PKGBUILDDIR»/src/boost/cpp/tango_numpy.h:50:9: warning: declaration does not declare anything [-Wmissing-declarations]
        enum { };
        ^~~~
In file included from /«PKGBUILDDIR»/src/boost/cpp/connection.cpp:25:
In file included from /«PKGBUILDDIR»/src/boost/cpp/pytgutils.h:27:
In file included from /usr/include/tango/tango.h:94:
/usr/include/tango/devasyn.h:88:28: warning: private field 'ext' is not used [-Wunused-private-field]
        CmdDoneEventExt                 *ext;
                                         ^
/usr/include/tango/devasyn.h:126:29: warning: private field 'ext' is not used [-Wunused-private-field]
        AttrReadEventExt                        *ext;
                                                 ^
/usr/include/tango/devasyn.h:161:35: warning: private field 'ext' is not used [-Wunused-private-field]
        AttrWrittenEventExt                 *ext;
                                             ^
In file included from /«PKGBUILDDIR»/src/boost/cpp/connection.cpp:25:
In file included from /«PKGBUILDDIR»/src/boost/cpp/pytgutils.h:27:
In file included from /usr/include/tango/tango.h:121:
In file included from /usr/include/tango/device.h:41:
/usr/include/tango/attrdesc.h:341:38: warning: private field 'ext' is not used [-Wunused-private-field]
        UserDefaultAttrPropExt              *ext;
                                             ^
In file included from /«PKGBUILDDIR»/src/boost/cpp/connection.cpp:25:
In file included from /«PKGBUILDDIR»/src/boost/cpp/pytgutils.h:27:
In file included from /usr/include/tango/tango.h:131:
/usr/include/tango/attrprop.tpp:148:23: warning: private field 'ext' is not used [-Wunused-private-field]
        MultiAttrPropExt                                *ext;
                                                         ^
11 warnings generated.
x86_64-linux-gnu-gcc -pthread -DNDEBUG -g -fwrapv -O2 -Wall -g -O2 -fstack-protector --param=ssp-buffer-size=4 -Wformat -Werror=format-security -D_FORTIFY_SOURCE=2 -fPIC -I/«PKGBUILDDIR»/src/boost/cpp -I/usr/include -I/usr/include/tango -I/usr/lib/python3/dist-packages/numpy/core/include -I/usr/include/python3.3m -c /«PKGBUILDDIR»/src/boost/cpp/constants.cpp -o build/temp.linux-x86_64-3.3/«PKGBUILDDIR»/src/boost/cpp/constants.o
In file included from /«PKGBUILDDIR»/src/boost/cpp/constants.cpp:25:
In file included from /usr/include/tango/tango.h:119:
/usr/include/tango/attrprop.h:576:14: warning: unused variable 'type' [-Wunused-variable]
                CmdArgType type = ranges_type2const<T>::enu; // restricts template initialisation to supported types
                           ^
In file included from /«PKGBUILDDIR»/src/boost/cpp/constants.cpp:25:
In file included from /usr/include/tango/tango.h:94:
/usr/include/tango/devasyn.h:88:28: warning: private field 'ext' is not used [-Wunused-private-field]
        CmdDoneEventExt                 *ext;
                                         ^
/usr/include/tango/devasyn.h:126:29: warning: private field 'ext' is not used [-Wunused-private-field]
        AttrReadEventExt                        *ext;
                                                 ^
/usr/include/tango/devasyn.h:161:35: warning: private field 'ext' is not used [-Wunused-private-field]
        AttrWrittenEventExt                 *ext;
                                             ^
In file included from /«PKGBUILDDIR»/src/boost/cpp/constants.cpp:25:
In file included from /usr/include/tango/tango.h:121:
In file included from /usr/include/tango/device.h:41:
/usr/include/tango/attrdesc.h:341:38: warning: private field 'ext' is not used [-Wunused-private-field]
        UserDefaultAttrPropExt              *ext;
                                             ^
In file included from /«PKGBUILDDIR»/src/boost/cpp/constants.cpp:25:
In file included from /usr/include/tango/tango.h:131:
/usr/include/tango/attrprop.tpp:148:23: warning: private field 'ext' is not used [-Wunused-private-field]
        MultiAttrPropExt                                *ext;
                                                         ^
6 warnings generated.
x86_64-linux-gnu-gcc -pthread -DNDEBUG -g -fwrapv -O2 -Wall -g -O2 -fstack-protector --param=ssp-buffer-size=4 -Wformat -Werror=format-security -D_FORTIFY_SOURCE=2 -fPIC -I/«PKGBUILDDIR»/src/boost/cpp -I/usr/include -I/usr/include/tango -I/usr/lib/python3/dist-packages/numpy/core/include -I/usr/include/python3.3m -c /«PKGBUILDDIR»/src/boost/cpp/data_ready_event_data.cpp -o build/temp.linux-x86_64-3.3/«PKGBUILDDIR»/src/boost/cpp/data_ready_event_data.o
In file included from /«PKGBUILDDIR»/src/boost/cpp/data_ready_event_data.cpp:25:
In file included from /usr/include/tango/tango.h:119:
/usr/include/tango/attrprop.h:576:14: warning: unused variable 'type' [-Wunused-variable]
                CmdArgType type = ranges_type2const<T>::enu; // restricts template initialisation to supported types
                           ^
In file included from /«PKGBUILDDIR»/src/boost/cpp/data_ready_event_data.cpp:25:
In file included from /usr/include/tango/tango.h:94:
/usr/include/tango/devasyn.h:88:28: warning: private field 'ext' is not used [-Wunused-private-field]
        CmdDoneEventExt                 *ext;
                                         ^
/usr/include/tango/devasyn.h:126:29: warning: private field 'ext' is not used [-Wunused-private-field]
        AttrReadEventExt                        *ext;
                                                 ^
/usr/include/tango/devasyn.h:161:35: warning: private field 'ext' is not used [-Wunused-private-field]
        AttrWrittenEventExt                 *ext;
                                             ^
In file included from /«PKGBUILDDIR»/src/boost/cpp/data_ready_event_data.cpp:25:
In file included from /usr/include/tango/tango.h:121:
In file included from /usr/include/tango/device.h:41:
/usr/include/tango/attrdesc.h:341:38: warning: private field 'ext' is not used [-Wunused-private-field]
        UserDefaultAttrPropExt              *ext;
                                             ^
In file included from /«PKGBUILDDIR»/src/boost/cpp/data_ready_event_data.cpp:25:
In file included from /usr/include/tango/tango.h:131:
/usr/include/tango/attrprop.tpp:148:23: warning: private field 'ext' is not used [-Wunused-private-field]
        MultiAttrPropExt                                *ext;
                                                         ^
6 warnings generated.
x86_64-linux-gnu-gcc -pthread -DNDEBUG -g -fwrapv -O2 -Wall -g -O2 -fstack-protector --param=ssp-buffer-size=4 -Wformat -Werror=format-security -D_FORTIFY_SOURCE=2 -fPIC -I/«PKGBUILDDIR»/src/boost/cpp -I/usr/include -I/usr/include/tango -I/usr/lib/python3/dist-packages/numpy/core/include -I/usr/include/python3.3m -c /«PKGBUILDDIR»/src/boost/cpp/database.cpp -o build/temp.linux-x86_64-3.3/«PKGBUILDDIR»/src/boost/cpp/database.o
In file included from /«PKGBUILDDIR»/src/boost/cpp/database.cpp:26:
In file included from /«PKGBUILDDIR»/src/boost/cpp/pytgutils.h:27:
In file included from /usr/include/tango/tango.h:119:
/usr/include/tango/attrprop.h:576:14: warning: unused variable 'type' [-Wunused-variable]
                CmdArgType type = ranges_type2const<T>::enu; // restricts template initialisation to supported types
                           ^
In file included from /«PKGBUILDDIR»/src/boost/cpp/database.cpp:26:
In file included from /«PKGBUILDDIR»/src/boost/cpp/pytgutils.h:31:
In file included from /«PKGBUILDDIR»/src/boost/cpp/from_py.h:34:
/«PKGBUILDDIR»/src/boost/cpp/tgutils.h:46:5: warning: declaration does not declare anything [-Wmissing-declarations]
    enum { };
    ^~~~
/«PKGBUILDDIR»/src/boost/cpp/tgutils.h:57:5: warning: declaration does not declare anything [-Wmissing-declarations]
    enum { };
    ^~~~
/«PKGBUILDDIR»/src/boost/cpp/tgutils.h:63:5: warning: declaration does not declare anything [-Wmissing-declarations]
    enum { };
    ^~~~
In file included from /«PKGBUILDDIR»/src/boost/cpp/database.cpp:26:
In file included from /«PKGBUILDDIR»/src/boost/cpp/pytgutils.h:31:
In file included from /«PKGBUILDDIR»/src/boost/cpp/from_py.h:36:
In file included from /«PKGBUILDDIR»/src/boost/cpp/tango_numpy.h:37:
In file included from /usr/lib/python3/dist-packages/numpy/core/include/numpy/arrayobject.h:15:
In file included from /usr/lib/python3/dist-packages/numpy/core/include/numpy/ndarrayobject.h:17:
In file included from /usr/lib/python3/dist-packages/numpy/core/include/numpy/ndarraytypes.h:1728:
/usr/lib/python3/dist-packages/numpy/core/include/numpy/npy_deprecated_api.h:11:2: warning: "Using deprecated NumPy API, disable it by #defining NPY_NO_DEPRECATED_API NPY_1_7_API_VERSION" [-W#warnings]
#warning "Using deprecated NumPy API, disable it by #defining NPY_NO_DEPRECATED_API NPY_1_7_API_VERSION"
 ^
In file included from /«PKGBUILDDIR»/src/boost/cpp/database.cpp:26:
In file included from /«PKGBUILDDIR»/src/boost/cpp/pytgutils.h:31:
In file included from /«PKGBUILDDIR»/src/boost/cpp/from_py.h:36:
/«PKGBUILDDIR»/src/boost/cpp/tango_numpy.h:50:9: warning: declaration does not declare anything [-Wmissing-declarations]
        enum { };
        ^~~~
In file included from /«PKGBUILDDIR»/src/boost/cpp/database.cpp:26:
In file included from /«PKGBUILDDIR»/src/boost/cpp/pytgutils.h:27:
In file included from /usr/include/tango/tango.h:94:
/usr/include/tango/devasyn.h:88:28: warning: private field 'ext' is not used [-Wunused-private-field]
        CmdDoneEventExt                 *ext;
                                         ^
/usr/include/tango/devasyn.h:126:29: warning: private field 'ext' is not used [-Wunused-private-field]
        AttrReadEventExt                        *ext;
                                                 ^
/usr/include/tango/devasyn.h:161:35: warning: private field 'ext' is not used [-Wunused-private-field]
        AttrWrittenEventExt                 *ext;
                                             ^
In file included from /«PKGBUILDDIR»/src/boost/cpp/database.cpp:26:
In file included from /«PKGBUILDDIR»/src/boost/cpp/pytgutils.h:27:
In file included from /usr/include/tango/tango.h:121:
In file included from /usr/include/tango/device.h:41:
/usr/include/tango/attrdesc.h:341:38: warning: private field 'ext' is not used [-Wunused-private-field]
        UserDefaultAttrPropExt              *ext;
                                             ^
In file included from /«PKGBUILDDIR»/src/boost/cpp/database.cpp:26:
In file included from /«PKGBUILDDIR»/src/boost/cpp/pytgutils.h:27:
In file included from /usr/include/tango/tango.h:131:
/usr/include/tango/attrprop.tpp:148:23: warning: private field 'ext' is not used [-Wunused-private-field]
        MultiAttrPropExt                                *ext;
                                                         ^
11 warnings generated.
x86_64-linux-gnu-gcc -pthread -DNDEBUG -g -fwrapv -O2 -Wall -g -O2 -fstack-protector --param=ssp-buffer-size=4 -Wformat -Werror=format-security -D_FORTIFY_SOURCE=2 -fPIC -I/«PKGBUILDDIR»/src/boost/cpp -I/usr/include -I/usr/include/tango -I/usr/lib/python3/dist-packages/numpy/core/include -I/usr/include/python3.3m -c /«PKGBUILDDIR»/src/boost/cpp/db.cpp -o build/temp.linux-x86_64-3.3/«PKGBUILDDIR»/src/boost/cpp/db.o
In file included from /«PKGBUILDDIR»/src/boost/cpp/db.cpp:26:
In file included from /«PKGBUILDDIR»/src/boost/cpp/pytgutils.h:27:
In file included from /usr/include/tango/tango.h:119:
/usr/include/tango/attrprop.h:576:14: warning: unused variable 'type' [-Wunused-variable]
                CmdArgType type = ranges_type2const<T>::enu; // restricts template initialisation to supported types
                           ^
In file included from /«PKGBUILDDIR»/src/boost/cpp/db.cpp:26:
In file included from /«PKGBUILDDIR»/src/boost/cpp/pytgutils.h:31:
In file included from /«PKGBUILDDIR»/src/boost/cpp/from_py.h:34:
/«PKGBUILDDIR»/src/boost/cpp/tgutils.h:46:5: warning: declaration does not declare anything [-Wmissing-declarations]
    enum { };
    ^~~~
/«PKGBUILDDIR»/src/boost/cpp/tgutils.h:57:5: warning: declaration does not declare anything [-Wmissing-declarations]
    enum { };
    ^~~~
/«PKGBUILDDIR»/src/boost/cpp/tgutils.h:63:5: warning: declaration does not declare anything [-Wmissing-declarations]
    enum { };
    ^~~~
In file included from /«PKGBUILDDIR»/src/boost/cpp/db.cpp:26:
In file included from /«PKGBUILDDIR»/src/boost/cpp/pytgutils.h:31:
In file included from /«PKGBUILDDIR»/src/boost/cpp/from_py.h:36:
In file included from /«PKGBUILDDIR»/src/boost/cpp/tango_numpy.h:37:
In file included from /usr/lib/python3/dist-packages/numpy/core/include/numpy/arrayobject.h:15:
In file included from /usr/lib/python3/dist-packages/numpy/core/include/numpy/ndarrayobject.h:17:
In file included from /usr/lib/python3/dist-packages/numpy/core/include/numpy/ndarraytypes.h:1728:
/usr/lib/python3/dist-packages/numpy/core/include/numpy/npy_deprecated_api.h:11:2: warning: "Using deprecated NumPy API, disable it by #defining NPY_NO_DEPRECATED_API NPY_1_7_API_VERSION" [-W#warnings]
#warning "Using deprecated NumPy API, disable it by #defining NPY_NO_DEPRECATED_API NPY_1_7_API_VERSION"
 ^
In file included from /«PKGBUILDDIR»/src/boost/cpp/db.cpp:26:
In file included from /«PKGBUILDDIR»/src/boost/cpp/pytgutils.h:31:
In file included from /«PKGBUILDDIR»/src/boost/cpp/from_py.h:36:
/«PKGBUILDDIR»/src/boost/cpp/tango_numpy.h:50:9: warning: declaration does not declare anything [-Wmissing-declarations]
        enum { };
        ^~~~
In file included from /«PKGBUILDDIR»/src/boost/cpp/db.cpp:26:
In file included from /«PKGBUILDDIR»/src/boost/cpp/pytgutils.h:27:
In file included from /usr/include/tango/tango.h:94:
/usr/include/tango/devasyn.h:88:28: warning: private field 'ext' is not used [-Wunused-private-field]
        CmdDoneEventExt                 *ext;
                                         ^
/usr/include/tango/devasyn.h:126:29: warning: private field 'ext' is not used [-Wunused-private-field]
        AttrReadEventExt                        *ext;
                                                 ^
/usr/include/tango/devasyn.h:161:35: warning: private field 'ext' is not used [-Wunused-private-field]
        AttrWrittenEventExt                 *ext;
                                             ^
In file included from /«PKGBUILDDIR»/src/boost/cpp/db.cpp:26:
In file included from /«PKGBUILDDIR»/src/boost/cpp/pytgutils.h:27:
In file included from /usr/include/tango/tango.h:121:
In file included from /usr/include/tango/device.h:41:
/usr/include/tango/attrdesc.h:341:38: warning: private field 'ext' is not used [-Wunused-private-field]
        UserDefaultAttrPropExt              *ext;
                                             ^
In file included from /«PKGBUILDDIR»/src/boost/cpp/db.cpp:26:
In file included from /«PKGBUILDDIR»/src/boost/cpp/pytgutils.h:27:
In file included from /usr/include/tango/tango.h:131:
/usr/include/tango/attrprop.tpp:148:23: warning: private field 'ext' is not used [-Wunused-private-field]
        MultiAttrPropExt                                *ext;
                                                         ^
11 warnings generated.
x86_64-linux-gnu-gcc -pthread -DNDEBUG -g -fwrapv -O2 -Wall -g -O2 -fstack-protector --param=ssp-buffer-size=4 -Wformat -Werror=format-security -D_FORTIFY_SOURCE=2 -fPIC -I/«PKGBUILDDIR»/src/boost/cpp -I/usr/include -I/usr/include/tango -I/usr/lib/python3/dist-packages/numpy/core/include -I/usr/include/python3.3m -c /«PKGBUILDDIR»/src/boost/cpp/dev_command_info.cpp -o build/temp.linux-x86_64-3.3/«PKGBUILDDIR»/src/boost/cpp/dev_command_info.o
In file included from /«PKGBUILDDIR»/src/boost/cpp/dev_command_info.cpp:25:
In file included from /usr/include/tango/tango.h:119:
/usr/include/tango/attrprop.h:576:14: warning: unused variable 'type' [-Wunused-variable]
                CmdArgType type = ranges_type2const<T>::enu; // restricts template initialisation to supported types
                           ^
In file included from /«PKGBUILDDIR»/src/boost/cpp/dev_command_info.cpp:25:
In file included from /usr/include/tango/tango.h:94:
/usr/include/tango/devasyn.h:88:28: warning: private field 'ext' is not used [-Wunused-private-field]
        CmdDoneEventExt                 *ext;
                                         ^
/usr/include/tango/devasyn.h:126:29: warning: private field 'ext' is not used [-Wunused-private-field]
        AttrReadEventExt                        *ext;
                                                 ^
/usr/include/tango/devasyn.h:161:35: warning: private field 'ext' is not used [-Wunused-private-field]
        AttrWrittenEventExt                 *ext;
                                             ^
In file included from /«PKGBUILDDIR»/src/boost/cpp/dev_command_info.cpp:25:
In file included from /usr/include/tango/tango.h:121:
In file included from /usr/include/tango/device.h:41:
/usr/include/tango/attrdesc.h:341:38: warning: private field 'ext' is not used [-Wunused-private-field]
        UserDefaultAttrPropExt              *ext;
                                             ^
In file included from /«PKGBUILDDIR»/src/boost/cpp/dev_command_info.cpp:25:
In file included from /usr/include/tango/tango.h:131:
/usr/include/tango/attrprop.tpp:148:23: warning: private field 'ext' is not used [-Wunused-private-field]
        MultiAttrPropExt                                *ext;
                                                         ^
6 warnings generated.
x86_64-linux-gnu-gcc -pthread -DNDEBUG -g -fwrapv -O2 -Wall -g -O2 -fstack-protector --param=ssp-buffer-size=4 -Wformat -Werror=format-security -D_FORTIFY_SOURCE=2 -fPIC -I/«PKGBUILDDIR»/src/boost/cpp -I/usr/include -I/usr/include/tango -I/usr/lib/python3/dist-packages/numpy/core/include -I/usr/include/python3.3m -c /«PKGBUILDDIR»/src/boost/cpp/dev_error.cpp -o build/temp.linux-x86_64-3.3/«PKGBUILDDIR»/src/boost/cpp/dev_error.o
In file included from /«PKGBUILDDIR»/src/boost/cpp/dev_error.cpp:26:
In file included from /usr/include/tango/tango.h:119:
/usr/include/tango/attrprop.h:576:14: warning: unused variable 'type' [-Wunused-variable]
                CmdArgType type = ranges_type2const<T>::enu; // restricts template initialisation to supported types
                           ^
In file included from /«PKGBUILDDIR»/src/boost/cpp/dev_error.cpp:26:
In file included from /usr/include/tango/tango.h:94:
/usr/include/tango/devasyn.h:88:28: warning: private field 'ext' is not used [-Wunused-private-field]
        CmdDoneEventExt                 *ext;
                                         ^
/usr/include/tango/devasyn.h:126:29: warning: private field 'ext' is not used [-Wunused-private-field]
        AttrReadEventExt                        *ext;
                                                 ^
/usr/include/tango/devasyn.h:161:35: warning: private field 'ext' is not used [-Wunused-private-field]
        AttrWrittenEventExt                 *ext;
                                             ^
In file included from /«PKGBUILDDIR»/src/boost/cpp/dev_error.cpp:26:
In file included from /usr/include/tango/tango.h:121:
In file included from /usr/include/tango/device.h:41:
/usr/include/tango/attrdesc.h:341:38: warning: private field 'ext' is not used [-Wunused-private-field]
        UserDefaultAttrPropExt              *ext;
                                             ^
In file included from /«PKGBUILDDIR»/src/boost/cpp/dev_error.cpp:26:
In file included from /usr/include/tango/tango.h:131:
/usr/include/tango/attrprop.tpp:148:23: warning: private field 'ext' is not used [-Wunused-private-field]
        MultiAttrPropExt                                *ext;
                                                         ^
6 warnings generated.
x86_64-linux-gnu-gcc -pthread -DNDEBUG -g -fwrapv -O2 -Wall -g -O2 -fstack-protector --param=ssp-buffer-size=4 -Wformat -Werror=format-security -D_FORTIFY_SOURCE=2 -fPIC -I/«PKGBUILDDIR»/src/boost/cpp -I/usr/include -I/usr/include/tango -I/usr/lib/python3/dist-packages/numpy/core/include -I/usr/include/python3.3m -c /«PKGBUILDDIR»/src/boost/cpp/device_attribute.cpp -o build/temp.linux-x86_64-3.3/«PKGBUILDDIR»/src/boost/cpp/device_attribute.o
In file included from /«PKGBUILDDIR»/src/boost/cpp/device_attribute.cpp:25:
In file included from /«PKGBUILDDIR»/src/boost/cpp/device_attribute.h:27:
In file included from /usr/include/tango/tango.h:119:
/usr/include/tango/attrprop.h:576:14: warning: unused variable 'type' [-Wunused-variable]
                CmdArgType type = ranges_type2const<T>::enu; // restricts template initialisation to supported types
                           ^
In file included from /«PKGBUILDDIR»/src/boost/cpp/device_attribute.cpp:25:
In file included from /«PKGBUILDDIR»/src/boost/cpp/device_attribute.h:33:
In file included from /«PKGBUILDDIR»/src/boost/cpp/pytgutils.h:31:
In file included from /«PKGBUILDDIR»/src/boost/cpp/from_py.h:34:
/«PKGBUILDDIR»/src/boost/cpp/tgutils.h:46:5: warning: declaration does not declare anything [-Wmissing-declarations]
    enum { };
    ^~~~
/«PKGBUILDDIR»/src/boost/cpp/tgutils.h:57:5: warning: declaration does not declare anything [-Wmissing-declarations]
    enum { };
    ^~~~
/«PKGBUILDDIR»/src/boost/cpp/tgutils.h:63:5: warning: declaration does not declare anything [-Wmissing-declarations]
    enum { };
    ^~~~
In file included from /«PKGBUILDDIR»/src/boost/cpp/device_attribute.cpp:25:
In file included from /«PKGBUILDDIR»/src/boost/cpp/device_attribute.h:33:
In file included from /«PKGBUILDDIR»/src/boost/cpp/pytgutils.h:31:
In file included from /«PKGBUILDDIR»/src/boost/cpp/from_py.h:36:
In file included from /«PKGBUILDDIR»/src/boost/cpp/tango_numpy.h:37:
In file included from /usr/lib/python3/dist-packages/numpy/core/include/numpy/arrayobject.h:15:
In file included from /usr/lib/python3/dist-packages/numpy/core/include/numpy/ndarrayobject.h:17:
In file included from /usr/lib/python3/dist-packages/numpy/core/include/numpy/ndarraytypes.h:1728:
/usr/lib/python3/dist-packages/numpy/core/include/numpy/npy_deprecated_api.h:11:2: warning: "Using deprecated NumPy API, disable it by #defining NPY_NO_DEPRECATED_API NPY_1_7_API_VERSION" [-W#warnings]
#warning "Using deprecated NumPy API, disable it by #defining NPY_NO_DEPRECATED_API NPY_1_7_API_VERSION"
 ^
In file included from /«PKGBUILDDIR»/src/boost/cpp/device_attribute.cpp:25:
In file included from /«PKGBUILDDIR»/src/boost/cpp/device_attribute.h:33:
In file included from /«PKGBUILDDIR»/src/boost/cpp/pytgutils.h:31:
In file included from /«PKGBUILDDIR»/src/boost/cpp/from_py.h:36:
/«PKGBUILDDIR»/src/boost/cpp/tango_numpy.h:50:9: warning: declaration does not declare anything [-Wmissing-declarations]
        enum { };
        ^~~~
/«PKGBUILDDIR»/src/boost/cpp/device_attribute.cpp:404:5: error: static declaration of '_update_array_values_as_tuples' follows non-static declaration
    _update_array_values_as_tuples(Tango::DeviceAttribute &self, bool isImage,
    ^
/«PKGBUILDDIR»/src/boost/cpp/device_attribute.h:45:10: note: previous declaration is here
    void _update_array_values_as_tuples(Tango::DeviceAttribute &self, bool isImage, boost::python::object py_value);
         ^
In file included from /«PKGBUILDDIR»/src/boost/cpp/device_attribute.cpp:25:
In file included from /«PKGBUILDDIR»/src/boost/cpp/device_attribute.h:27:
In file included from /usr/include/tango/tango.h:94:
/usr/include/tango/devasyn.h:88:28: warning: private field 'ext' is not used [-Wunused-private-field]
        CmdDoneEventExt                 *ext;
                                         ^
/usr/include/tango/devasyn.h:126:29: warning: private field 'ext' is not used [-Wunused-private-field]
        AttrReadEventExt                        *ext;
                                                 ^
/usr/include/tango/devasyn.h:161:35: warning: private field 'ext' is not used [-Wunused-private-field]
        AttrWrittenEventExt                 *ext;
                                             ^
In file included from /«PKGBUILDDIR»/src/boost/cpp/device_attribute.cpp:25:
In file included from /«PKGBUILDDIR»/src/boost/cpp/device_attribute.h:27:
In file included from /usr/include/tango/tango.h:121:
In file included from /usr/include/tango/device.h:41:
/usr/include/tango/attrdesc.h:341:38: warning: private field 'ext' is not used [-Wunused-private-field]
        UserDefaultAttrPropExt              *ext;
                                             ^
In file included from /«PKGBUILDDIR»/src/boost/cpp/device_attribute.cpp:25:
In file included from /«PKGBUILDDIR»/src/boost/cpp/device_attribute.h:27:
In file included from /usr/include/tango/tango.h:131:
/usr/include/tango/attrprop.tpp:148:23: warning: private field 'ext' is not used [-Wunused-private-field]
        MultiAttrPropExt                                *ext;
                                                         ^
11 warnings and 1 error generated.
error: command 'x86_64-linux-gnu-gcc' failed with exit status 1
make[1]: *** [build-python3.3] Error 1
make[1]: Leaving directory `/«PKGBUILDDIR»'
make: *** [build-arch] Error 2
dpkg-buildpackage: error: debian/rules build-arch gave error exit status 2
────────────────────────────────────────────────────────────────────────────────
Build finished at 20130715-1936

Finished
────────

E: Build failure (dpkg-buildpackage died)

┌──────────────────────────────────────────────────────────────────────────────┐
│ Cleanup                                                                      │
└──────────────────────────────────────────────────────────────────────────────┘

Purging /«BUILDDIR»
Not cleaning session: cloned chroot in use

┌──────────────────────────────────────────────────────────────────────────────┐
│ Summary                                                                      │
└──────────────────────────────────────────────────────────────────────────────┘

Build Architecture: amd64
Build-Space: 54444
Build-Time: 179
Distribution: unstable
Fail-Stage: build
Host Architecture: amd64
Install-Time: 40
Job: pytango_8.0.3-1
Machine Architecture: amd64
Package: pytango
Package-Time: 266
Source-Version: 8.0.3-1
Space: 54444
Status: attempted
Version: 8.0.3-1clang1
────────────────────────────────────────────────────────────────────────────────
Finished at 20130715-1936
Build needed 00:04:26, 54444k disc space
DC-Status: Failed 267.174158981s
DC-Time-Estimation: 267.174158981 versus expected 787 (r/m: 1.9456441558630198 ; m: 267.174158981)
