DC-Build-Header: undertaker 1.3b-1 / 2013-07-15 13:21:54 +0000
DC-Task: source:undertaker version:1.3b-1 architecture:any chroot:unstable esttime: logfile:/tmp/undertaker_1.3b-1_unstable_clang.log modes:binary-only:clang
DC-Sbuild-call: su user -c 'sbuild -n --apt-update -d unstable -v  --chroot-setup-commands=/tmp/switch-to-clang --append-to-version "clang1" --maintainer "Lucas Nussbaum <lucas@debian.org>" --uploader "Lucas Nussbaum <lucas@debian.org>" undertaker_1.3b-1'
sbuild (Debian sbuild) 0.63.2 (18 Aug 2012) on ip-10-235-1-44.ec2.internal

╔══════════════════════════════════════════════════════════════════════════════╗
║ undertaker 1.3b-1clang1 (amd64)                            15 Jul 2013 13:21 ║
╚══════════════════════════════════════════════════════════════════════════════╝

Package: undertaker
Version: 1.3b-1clang1
Source Version: 1.3b-1
Distribution: unstable
Machine Architecture: amd64
Host Architecture: amd64
Build Architecture: amd64

I: NOTICE: Log filtering will replace 'build/undertaker-dCWSKI/undertaker-1.3b' with '«PKGBUILDDIR»'
I: NOTICE: Log filtering will replace 'build/undertaker-dCWSKI' with '«BUILDDIR»'
I: NOTICE: Log filtering will replace 'var/lib/schroot/mount/unstable-amd64-sbuild-75b7bdab-d2b2-4db5-8e11-36a49eb42b96' with '«CHROOT»'

┌──────────────────────────────────────────────────────────────────────────────┐
│ Update chroot                                                                │
└──────────────────────────────────────────────────────────────────────────────┘

Get:1 http://localhost:9999 unstable InRelease [204 kB]
Get:2 http://localhost:9999 unstable/main Sources/DiffIndex [7876 B]
Get:3 http://localhost:9999 unstable/main amd64 Packages/DiffIndex [7876 B]
Get:4 http://localhost:9999 unstable/main Translation-en/DiffIndex [7876 B]
Get:5 http://localhost:9999 unstable/main 2013-07-13-2032.15.pdiff [23.1 kB]
Get:6 http://localhost:9999 unstable/main amd64 2013-07-13-2032.15.pdiff [16.9 kB]
Get:7 http://localhost:9999 unstable/main 2013-07-13-2032.15.pdiff [23.1 kB]
Get:8 http://localhost:9999 unstable/main 2013-07-13-2032.15.pdiff [1809 B]
Get:9 http://localhost:9999 unstable/main amd64 2013-07-13-2032.15.pdiff [16.9 kB]
Get:10 http://localhost:9999 unstable/main 2013-07-14-0231.07.pdiff [12.9 kB]
Get:11 http://localhost:9999 unstable/main 2013-07-13-2032.15.pdiff [1809 B]
Get:12 http://localhost:9999 unstable/main amd64 2013-07-14-0231.07.pdiff [14.9 kB]
Get:13 http://localhost:9999 unstable/main 2013-07-14-0231.07.pdiff [12.9 kB]
Get:14 http://localhost:9999 unstable/main 2013-07-14-0231.07.pdiff [1384 B]
Get:15 http://localhost:9999 unstable/main amd64 2013-07-14-0231.07.pdiff [14.9 kB]
Get:16 http://localhost:9999 unstable/main 2013-07-14-0832.16.pdiff [4670 B]
Get:17 http://localhost:9999 unstable/main 2013-07-14-0231.07.pdiff [1384 B]
Get:18 http://localhost:9999 unstable/main amd64 2013-07-14-0832.16.pdiff [1624 B]
Get:19 http://localhost:9999 unstable/main 2013-07-14-0832.16.pdiff [4670 B]
Get:20 http://localhost:9999 unstable/main 2013-07-14-0832.16.pdiff [337 B]
Get:21 http://localhost:9999 unstable/main amd64 2013-07-14-0832.16.pdiff [1624 B]
Get:22 http://localhost:9999 unstable/main 2013-07-14-1431.18.pdiff [11.4 kB]
Get:23 http://localhost:9999 unstable/main 2013-07-14-0832.16.pdiff [337 B]
Get:24 http://localhost:9999 unstable/main amd64 2013-07-14-1431.18.pdiff [8223 B]
Get:25 http://localhost:9999 unstable/main 2013-07-14-1431.18.pdiff [11.4 kB]
Get:26 http://localhost:9999 unstable/main 2013-07-14-1431.18.pdiff [887 B]
Get:27 http://localhost:9999 unstable/main amd64 2013-07-14-1431.18.pdiff [8223 B]
Get:28 http://localhost:9999 unstable/main 2013-07-14-2031.21.pdiff [9038 B]
Get:29 http://localhost:9999 unstable/main 2013-07-14-1431.18.pdiff [887 B]
Get:30 http://localhost:9999 unstable/main amd64 2013-07-14-2031.21.pdiff [9955 B]
Get:31 http://localhost:9999 unstable/main 2013-07-14-2031.21.pdiff [9038 B]
Get:32 http://localhost:9999 unstable/main 2013-07-14-2031.21.pdiff [2736 B]
Get:33 http://localhost:9999 unstable/main amd64 2013-07-14-2031.21.pdiff [9955 B]
Get:34 http://localhost:9999 unstable/main 2013-07-15-0229.01.pdiff [9715 B]
Get:35 http://localhost:9999 unstable/main 2013-07-14-2031.21.pdiff [2736 B]
Get:36 http://localhost:9999 unstable/main amd64 2013-07-15-0229.01.pdiff [12.7 kB]
Get:37 http://localhost:9999 unstable/main 2013-07-15-0229.01.pdiff [9715 B]
Get:38 http://localhost:9999 unstable/main 2013-07-15-0229.01.pdiff [2239 B]
Get:39 http://localhost:9999 unstable/main amd64 2013-07-15-0229.01.pdiff [12.7 kB]
Get:40 http://localhost:9999 unstable/main 2013-07-15-0830.19.pdiff [3273 B]
Get:41 http://localhost:9999 unstable/main 2013-07-15-0229.01.pdiff [2239 B]
Get:42 http://localhost:9999 unstable/main amd64 2013-07-15-0830.19.pdiff [3964 B]
Get:43 http://localhost:9999 unstable/main 2013-07-15-0830.19.pdiff [3273 B]
Get:44 http://localhost:9999 unstable/main 2013-07-15-0830.19.pdiff [1357 B]
Get:45 http://localhost:9999 unstable/main amd64 2013-07-15-0830.19.pdiff [3964 B]
Get:46 http://localhost:9999 unstable/main 2013-07-15-0830.19.pdiff [1357 B]
Fetched 381 kB in 27s (13.9 kB/s)
Reading package lists...
Reading package lists...
Building dependency tree...
Reading state information...
The following packages will be upgraded:
  initscripts sysv-rc sysvinit sysvinit-utils
4 upgraded, 0 newly installed, 0 to remove and 0 not upgraded.
Need to get 405 kB of archives.
After this operation, 20.5 kB disk space will be freed.
Get:1 http://localhost:9999/debian/ unstable/main sysvinit amd64 2.88dsf-42 [134 kB]
Get:2 http://localhost:9999/debian/ unstable/main sysv-rc all 2.88dsf-42 [80.4 kB]
Get:3 http://localhost:9999/debian/ unstable/main sysvinit-utils amd64 2.88dsf-42 [103 kB]
Get:4 http://localhost:9999/debian/ unstable/main initscripts amd64 2.88dsf-42 [87.1 kB]
debconf: delaying package configuration, since apt-utils is not installed
Fetched 405 kB in 0s (5829 kB/s)
(Reading database ... 13844 files and directories currently installed.)
Preparing to replace sysvinit 2.88dsf-41 (using .../sysvinit_2.88dsf-42_amd64.deb) ...
Unpacking replacement sysvinit ...
Setting up sysvinit (2.88dsf-42) ...
Not restarting sysvinit
(Reading database ... 13844 files and directories currently installed.)
Preparing to replace sysv-rc 2.88dsf-41 (using .../sysv-rc_2.88dsf-42_all.deb) ...
Unpacking replacement sysv-rc ...
Preparing to replace sysvinit-utils 2.88dsf-41 (using .../sysvinit-utils_2.88dsf-42_amd64.deb) ...
Unpacking replacement sysvinit-utils ...
Setting up sysvinit-utils (2.88dsf-42) ...
Setting up sysv-rc (2.88dsf-42) ...
(Reading database ... 13844 files and directories currently installed.)
Preparing to replace initscripts 2.88dsf-41 (using .../initscripts_2.88dsf-42_amd64.deb) ...
Removing unmodified and obsolete conffile /etc/init.d/mtab.sh ...
Unpacking replacement initscripts ...
Setting up initscripts (2.88dsf-42) ...
Installing new version of config file /etc/init.d/bootmisc.sh ...
Installing new version of config file /etc/init.d/checkfs.sh ...
Installing new version of config file /etc/init.d/checkroot.sh ...
Installing new version of config file /etc/init.d/checkroot-bootclean.sh ...
Installing new version of config file /etc/init.d/mountdevsubfs.sh ...
Installing new version of config file /etc/init.d/mountkernfs.sh ...
Installing new version of config file /etc/init.d/rmnologin ...
Installing new version of config file /etc/network/if-up.d/mountnfs ...

┌──────────────────────────────────────────────────────────────────────────────┐
│ Fetch source files                                                           │
└──────────────────────────────────────────────────────────────────────────────┘


Check APT
─────────

Checking available source versions...

Download source files with APT
──────────────────────────────

Reading package lists...
Building dependency tree...
Reading state information...
NOTICE: 'undertaker' packaging is maintained in the 'Git' version control system at:
git://git.debian.org/git/collab-maint/undertaker.git
Need to get 641 kB of source archives.
Get:1 http://localhost:9999/debian/ unstable/main undertaker 1.3b-1 (dsc) [2238 B]
Get:2 http://localhost:9999/debian/ unstable/main undertaker 1.3b-1 (tar) [636 kB]
Get:3 http://localhost:9999/debian/ unstable/main undertaker 1.3b-1 (diff) [3260 B]
Fetched 641 kB in 0s (2507 kB/s)
Download complete and in download only mode

Check arch
──────────


┌──────────────────────────────────────────────────────────────────────────────┐
│ Chroot Setup Commands                                                        │
└──────────────────────────────────────────────────────────────────────────────┘


/tmp/switch-to-clang
────────────────────

+ echo 'Entering customization script...'
Entering customization script...
+ echo 'Install of clang'
Install of clang
+ apt-get update
Hit http://localhost:9999 unstable InRelease
Hit http://localhost:9999 unstable/main Sources/DiffIndex
Hit http://localhost:9999 unstable/main amd64 Packages/DiffIndex
Hit http://localhost:9999 unstable/main Translation-en/DiffIndex
Reading package lists...
+ apt-get install --yes --no-install-recommends --force-yes clang-3.3
Reading package lists...
Building dependency tree...
Reading state information...
The following extra packages will be installed:
  libclang-common-3.3-dev libclang1-3.3 libffi6 libllvm3.3 libobjc-4.7-dev
  libobjc4 libstdc++6-4.7-dev
Suggested packages:
  libstdc++6-4.7-doc
Recommended packages:
  llvm-3.3-dev python
The following NEW packages will be installed:
  clang-3.3 libclang-common-3.3-dev libclang1-3.3 libffi6 libllvm3.3
  libobjc-4.7-dev libobjc4 libstdc++6-4.7-dev
0 upgraded, 8 newly installed, 0 to remove and 0 not upgraded.
Need to get 27.2 MB of archives.
After this operation, 80.8 MB of additional disk space will be used.
Get:1 http://localhost:9999/debian/ unstable/main libffi6 amd64 3.0.13-4 [21.6 kB]
Get:2 http://localhost:9999/debian/ unstable/main libllvm3.3 amd64 1:3.3-3 [8575 kB]
Get:3 http://localhost:9999/debian/ unstable/main libobjc4 amd64 4.8.1-6 [160 kB]
Get:4 http://localhost:9999/debian/ unstable/main libstdc++6-4.7-dev amd64 4.7.3-5 [1695 kB]
Get:5 http://localhost:9999/debian/ unstable/main libobjc-4.7-dev amd64 4.7.3-5 [719 kB]
Get:6 http://localhost:9999/debian/ unstable/main libclang-common-3.3-dev amd64 1:3.3-3 [574 kB]
Get:7 http://localhost:9999/debian/ unstable/main libclang1-3.3 amd64 1:3.3-3 [4579 kB]
Get:8 http://localhost:9999/debian/ unstable/main clang-3.3 amd64 1:3.3-3 [10.9 MB]
debconf: delaying package configuration, since apt-utils is not installed
Fetched 27.2 MB in 1s (25.6 MB/s)
Selecting previously unselected package libffi6:amd64.
(Reading database ... 13843 files and directories currently installed.)
Unpacking libffi6:amd64 (from .../libffi6_3.0.13-4_amd64.deb) ...
Selecting previously unselected package libllvm3.3:amd64.
Unpacking libllvm3.3:amd64 (from .../libllvm3.3_1%3a3.3-3_amd64.deb) ...
Selecting previously unselected package libobjc4:amd64.
Unpacking libobjc4:amd64 (from .../libobjc4_4.8.1-6_amd64.deb) ...
Selecting previously unselected package libstdc++6-4.7-dev:amd64.
Unpacking libstdc++6-4.7-dev:amd64 (from .../libstdc++6-4.7-dev_4.7.3-5_amd64.deb) ...
Selecting previously unselected package libobjc-4.7-dev:amd64.
Unpacking libobjc-4.7-dev:amd64 (from .../libobjc-4.7-dev_4.7.3-5_amd64.deb) ...
Selecting previously unselected package libclang-common-3.3-dev.
Unpacking libclang-common-3.3-dev (from .../libclang-common-3.3-dev_1%3a3.3-3_amd64.deb) ...
Selecting previously unselected package libclang1-3.3.
Unpacking libclang1-3.3 (from .../libclang1-3.3_1%3a3.3-3_amd64.deb) ...
Selecting previously unselected package clang-3.3.
Unpacking clang-3.3 (from .../clang-3.3_1%3a3.3-3_amd64.deb) ...
Setting up libffi6:amd64 (3.0.13-4) ...
Setting up libllvm3.3:amd64 (1:3.3-3) ...
Setting up libobjc4:amd64 (4.8.1-6) ...
Setting up libstdc++6-4.7-dev:amd64 (4.7.3-5) ...
Setting up libobjc-4.7-dev:amd64 (4.7.3-5) ...
Setting up libclang-common-3.3-dev (1:3.3-3) ...
Setting up libclang1-3.3 (1:3.3-3) ...
Setting up clang-3.3 (1:3.3-3) ...
Processing triggers for libc-bin ...
+ echo 'Replace gcc, g++ & cpp by clang'
Replace gcc, g++ & cpp by clang
+ VERSIONS='4.6 4.7 4.8'
+ cd /usr/bin
+ for VERSION in '$VERSIONS'
+ rm -f g++-4.6 gcc-4.6 cpp-4.6
+ ln -s clang++ g++-4.6
+ ln -s clang gcc-4.6
+ ln -s clang cpp-4.6
+ for VERSION in '$VERSIONS'
+ rm -f g++-4.7 gcc-4.7 cpp-4.7
+ ln -s clang++ g++-4.7
+ ln -s clang gcc-4.7
+ ln -s clang cpp-4.7
+ for VERSION in '$VERSIONS'
+ rm -f g++-4.8 gcc-4.8 cpp-4.8
+ ln -s clang++ g++-4.8
+ ln -s clang gcc-4.8
+ ln -s clang cpp-4.8
+ cd -
/«BUILDDIR»
+ echo 'Block the installation of new gcc version'
Block the installation of new gcc version
+ dpkg --set-selections
+ echo 'gcc-4.6 hold'
+ dpkg --set-selections
+ echo 'cpp-4.6 hold'
+ dpkg --set-selections
+ echo 'g++-4.6 hold'
+ dpkg --set-selections
+ echo 'gcc-4.7 hold'
+ dpkg --set-selections
+ echo 'cpp-4.7 hold'
+ dpkg --set-selections
+ echo 'g++-4.7 hold'
+ dpkg --set-selections
+ echo 'gcc-4.8 hold'
+ dpkg --set-selections
+ echo 'cpp-4.8 hold'
+ dpkg --set-selections
+ echo 'g++-4.8 hold'
+ echo 'Check if gcc, g++ & cpp are actually clang'
Check if gcc, g++ & cpp are actually clang
+ grep clang
+ gcc --version
+ grep clang
+ cpp --version
+ grep clang
+ g++ --version

I: Finished running '/tmp/switch-to-clang'.

Finished processing commands.
────────────────────────────────────────────────────────────────────────────────
Merged Build-Depends: build-essential, fakeroot
Filtered Build-Depends: build-essential, fakeroot
dpkg-deb: building package `sbuild-build-depends-core-dummy' in `/«BUILDDIR»/resolver-wIPjEU/apt_archive/sbuild-build-depends-core-dummy.deb'.
OK
Reading package lists...

┌──────────────────────────────────────────────────────────────────────────────┐
│ Install core build dependencies (apt-based resolver)                         │
└──────────────────────────────────────────────────────────────────────────────┘

Installing build dependencies
Reading package lists...
Building dependency tree...
Reading state information...
The following NEW packages will be installed:
  sbuild-build-depends-core-dummy
debconf: delaying package configuration, since apt-utils is not installed
0 upgraded, 1 newly installed, 0 to remove and 0 not upgraded.
Need to get 0 B/710 B of archives.
After this operation, 0 B of additional disk space will be used.
Selecting previously unselected package sbuild-build-depends-core-dummy.
(Reading database ... 14698 files and directories currently installed.)
Unpacking sbuild-build-depends-core-dummy (from .../sbuild-build-depends-core-dummy.deb) ...
Setting up sbuild-build-depends-core-dummy (0.invalid.0) ...
Merged Build-Depends: base-files, base-passwd, bash, bsdutils, coreutils, dash, debianutils, diffutils, dpkg, e2fsprogs, findutils, grep, gzip, hostname, libc-bin, login, mount, ncurses-base, ncurses-bin, perl-base, sed, sysvinit, sysvinit-utils, tar, util-linux, libc6-dev | libc-dev, gcc (>= 4:4.4.3), g++ (>= 4:4.4.3), make, dpkg-dev (>= 1.13.5), check, debhelper (>= 7.0.50~), libboost-dev (>= 1.40), libboost-filesystem-dev (>= 1.40), libboost-regex-dev (>= 1.40), libboost-thread-dev (>= 1.40), libboost-wave-dev (>= 1.40), libpstreams-dev, libpuma-dev (>= 1:1.1+svn20120529-2~), picosat (>= 913-4~), python-all (>= 2.6.6-3~)
Filtered Build-Depends: base-files, base-passwd, bash, bsdutils, coreutils, dash, debianutils, diffutils, dpkg, e2fsprogs, findutils, grep, gzip, hostname, libc-bin, login, mount, ncurses-base, ncurses-bin, perl-base, sed, sysvinit, sysvinit-utils, tar, util-linux, libc6-dev, gcc (>= 4:4.4.3), g++ (>= 4:4.4.3), make, dpkg-dev (>= 1.13.5), check, debhelper (>= 7.0.50~), libboost-dev (>= 1.40), libboost-filesystem-dev (>= 1.40), libboost-regex-dev (>= 1.40), libboost-thread-dev (>= 1.40), libboost-wave-dev (>= 1.40), libpstreams-dev, libpuma-dev (>= 1:1.1+svn20120529-2~), picosat (>= 913-4~), python-all (>= 2.6.6-3~)
dpkg-deb: building package `sbuild-build-depends-undertaker-dummy' in `/«BUILDDIR»/resolver-zzypC8/apt_archive/sbuild-build-depends-undertaker-dummy.deb'.
OK
Reading package lists...

┌──────────────────────────────────────────────────────────────────────────────┐
│ Install undertaker build dependencies (apt-based resolver)                   │
└──────────────────────────────────────────────────────────────────────────────┘

Installing build dependencies
Reading package lists...
Building dependency tree...
Reading state information...
The following extra packages will be installed:
  bsdmainutils check debhelper file gettext gettext-base groff-base
  intltool-debian libasprintf0c2 libboost-date-time1.49-dev
  libboost-date-time1.49.0 libboost-dev libboost-filesystem-dev
  libboost-filesystem1.49-dev libboost-filesystem1.49.0 libboost-regex-dev
  libboost-regex1.49-dev libboost-regex1.49.0 libboost-serialization1.49-dev
  libboost-serialization1.49.0 libboost-system1.49-dev libboost-system1.49.0
  libboost-thread-dev libboost-thread1.49-dev libboost-thread1.49.0
  libboost-wave-dev libboost-wave1.49-dev libboost-wave1.49.0 libboost1.49-dev
  libcroco3 libexpat1 libglib2.0-0 libicu-dev libicu48 libmagic1 libncursesw5
  libpipeline1 libpstreams-dev libpuma-dev libpython-stdlib
  libpython2.7-minimal libpython2.7-stdlib libsqlite3-0 libssl1.0.0
  libunistring0 libxml2 man-db mime-support picosat po-debconf python
  python-all python-minimal python2.7 python2.7-minimal
Suggested packages:
  wamerican wordlist whois vacation dh-make gettext-doc groff libboost-doc
  libboost1.49-doc libboost-chrono1.49-dev libboost-graph-parallel1.49-dev
  libboost-graph1.49-dev libboost-iostreams1.49-dev libboost-locale1.49-dev
  libboost-math1.49-dev libboost-mpi1.49-dev libboost-program-options1.49-dev
  libboost-python1.49-dev libboost-random1.49-dev libboost-signals1.49-dev
  libboost-test1.49-dev libboost-timer1.49-dev xsltproc doxygen docbook-xml
  docbook-xsl default-jdk fop icu-doc libpuma-doc less www-browser
  libmail-box-perl python-doc python-tk python2.7-doc binfmt-support
Recommended packages:
  curl wget lynx-cur autopoint libasprintf-dev libgettextpo-dev
  libglib2.0-data shared-mime-info xml-core libmail-sendmail-perl
The following NEW packages will be installed:
  bsdmainutils check debhelper file gettext gettext-base groff-base
  intltool-debian libasprintf0c2 libboost-date-time1.49-dev
  libboost-date-time1.49.0 libboost-dev libboost-filesystem-dev
  libboost-filesystem1.49-dev libboost-filesystem1.49.0 libboost-regex-dev
  libboost-regex1.49-dev libboost-regex1.49.0 libboost-serialization1.49-dev
  libboost-serialization1.49.0 libboost-system1.49-dev libboost-system1.49.0
  libboost-thread-dev libboost-thread1.49-dev libboost-thread1.49.0
  libboost-wave-dev libboost-wave1.49-dev libboost-wave1.49.0 libboost1.49-dev
  libcroco3 libexpat1 libglib2.0-0 libicu-dev libicu48 libmagic1 libncursesw5
  libpipeline1 libpstreams-dev libpuma-dev libpython-stdlib
  libpython2.7-minimal libpython2.7-stdlib libsqlite3-0 libssl1.0.0
  libunistring0 libxml2 man-db mime-support picosat po-debconf python
  python-all python-minimal python2.7 python2.7-minimal
  sbuild-build-depends-undertaker-dummy
0 upgraded, 56 newly installed, 0 to remove and 0 not upgraded.
Need to get 42.4 MB/42.4 MB of archives.
After this operation, 239 MB of additional disk space will be used.
Get:1 http://localhost:9999/debian/ unstable/main libncursesw5 amd64 5.9+20130608-1 [141 kB]
Get:2 http://localhost:9999/debian/ unstable/main libpipeline1 amd64 1.2.4-1 [41.0 kB]
Get:3 http://localhost:9999/debian/ unstable/main libssl1.0.0 amd64 1.0.1e-3 [1242 kB]
Get:4 http://localhost:9999/debian/ unstable/main groff-base amd64 1.22.2-3 [747 kB]
Get:5 http://localhost:9999/debian/ unstable/main bsdmainutils amd64 9.0.5 [211 kB]
Get:6 http://localhost:9999/debian/ unstable/main man-db amd64 2.6.5-2 [976 kB]
Get:7 http://localhost:9999/debian/ unstable/main libasprintf0c2 amd64 0.18.2.1-1 [28.9 kB]
Get:8 http://localhost:9999/debian/ unstable/main libmagic1 amd64 1:5.14-2 [216 kB]
Get:9 http://localhost:9999/debian/ unstable/main libsqlite3-0 amd64 3.7.17-1 [478 kB]
Get:10 http://localhost:9999/debian/ unstable/main libxml2 amd64 2.9.1+dfsg1-2 [911 kB]
Get:11 http://localhost:9999/debian/ unstable/main libglib2.0-0 amd64 2.36.3-3 [2048 kB]
Get:12 http://localhost:9999/debian/ unstable/main libcroco3 amd64 0.6.8-2 [133 kB]
Get:13 http://localhost:9999/debian/ unstable/main libexpat1 amd64 2.1.0-4 [138 kB]
Get:14 http://localhost:9999/debian/ unstable/main libicu48 amd64 4.8.1.1-12 [4734 kB]
Get:15 http://localhost:9999/debian/ unstable/main libunistring0 amd64 0.9.3-5 [434 kB]
Get:16 http://localhost:9999/debian/ unstable/main libpython2.7-minimal amd64 2.7.5-6 [520 kB]
Get:17 http://localhost:9999/debian/ unstable/main python2.7-minimal amd64 2.7.5-6 [1552 kB]
Get:18 http://localhost:9999/debian/ unstable/main file amd64 1:5.14-2 [54.0 kB]
Get:19 http://localhost:9999/debian/ unstable/main gettext-base amd64 0.18.2.1-1 [156 kB]
Get:20 http://localhost:9999/debian/ unstable/main mime-support all 3.54 [36.4 kB]
Get:21 http://localhost:9999/debian/ unstable/main libpython2.7-stdlib amd64 2.7.5-6 [2482 kB]
Get:22 http://localhost:9999/debian/ unstable/main python2.7 amd64 2.7.5-6 [229 kB]
Get:23 http://localhost:9999/debian/ unstable/main python-minimal amd64 2.7.5-2 [42.7 kB]
Get:24 http://localhost:9999/debian/ unstable/main libpython-stdlib amd64 2.7.5-2 [19.6 kB]
Get:25 http://localhost:9999/debian/ unstable/main python amd64 2.7.5-2 [186 kB]
Get:26 http://localhost:9999/debian/ unstable/main check amd64 0.9.10-4 [146 kB]
Get:27 http://localhost:9999/debian/ unstable/main gettext amd64 0.18.2.1-1 [2019 kB]
Get:28 http://localhost:9999/debian/ unstable/main intltool-debian all 0.35.0+20060710.1 [30.8 kB]
Get:29 http://localhost:9999/debian/ unstable/main po-debconf all 1.0.16+nmu2 [224 kB]
Get:30 http://localhost:9999/debian/ unstable/main debhelper all 9.20130630 [710 kB]
Get:31 http://localhost:9999/debian/ unstable/main libboost1.49-dev amd64 1.49.0-4 [9195 kB]
Get:32 http://localhost:9999/debian/ unstable/main libboost-date-time1.49.0 amd64 1.49.0-4 [45.9 kB]
Get:33 http://localhost:9999/debian/ unstable/main libboost-serialization1.49.0 amd64 1.49.0-4 [207 kB]
Get:34 http://localhost:9999/debian/ unstable/main libboost-serialization1.49-dev amd64 1.49.0-4 [316 kB]
Get:35 http://localhost:9999/debian/ unstable/main libboost-date-time1.49-dev amd64 1.49.0-4 [49.5 kB]
Get:36 http://localhost:9999/debian/ unstable/main libboost-dev amd64 1.49.0.1 [3022 B]
Get:37 http://localhost:9999/debian/ unstable/main libboost-system1.49.0 amd64 1.49.0-4 [33.0 kB]
Get:38 http://localhost:9999/debian/ unstable/main libboost-filesystem1.49.0 amd64 1.49.0-4 [76.6 kB]
Get:39 http://localhost:9999/debian/ unstable/main libboost-system1.49-dev amd64 1.49.0-4 [34.8 kB]
Get:40 http://localhost:9999/debian/ unstable/main libboost-filesystem1.49-dev amd64 1.49.0-4 [104 kB]
Get:41 http://localhost:9999/debian/ unstable/main libboost-filesystem-dev amd64 1.49.0.1 [2744 B]
Get:42 http://localhost:9999/debian/ unstable/main libboost-regex1.49.0 amd64 1.49.0-4 [441 kB]
Get:43 http://localhost:9999/debian/ unstable/main libicu-dev amd64 4.8.1.1-12 [5706 kB]
Get:44 http://localhost:9999/debian/ unstable/main libboost-regex1.49-dev amd64 1.49.0-4 [656 kB]
Get:45 http://localhost:9999/debian/ unstable/main libboost-regex-dev amd64 1.49.0.1 [2970 B]
Get:46 http://localhost:9999/debian/ unstable/main libboost-thread1.49.0 amd64 1.49.0-4 [59.9 kB]
Get:47 http://localhost:9999/debian/ unstable/main libboost-thread1.49-dev amd64 1.49.0-4 [67.1 kB]
Get:48 http://localhost:9999/debian/ unstable/main libboost-thread-dev amd64 1.49.0.1 [2736 B]
Get:49 http://localhost:9999/debian/ unstable/main libboost-wave1.49.0 amd64 1.49.0-4 [298 kB]
Get:50 http://localhost:9999/debian/ unstable/main libboost-wave1.49-dev amd64 1.49.0-4 [590 kB]
Get:51 http://localhost:9999/debian/ unstable/main libboost-wave-dev amd64 1.49.0.1 [2744 B]
Get:52 http://localhost:9999/debian/ unstable/main libpstreams-dev all 0.7.0-2 [151 kB]
Get:53 http://localhost:9999/debian/ unstable/main libpuma-dev amd64 1:1.1+svn20120529-2 [3166 kB]
Get:54 http://localhost:9999/debian/ unstable/main python-all amd64 2.7.5-2 [870 B]
Get:55 http://localhost:9999/debian/ unstable/main picosat amd64 954-1 [343 kB]
debconf: delaying package configuration, since apt-utils is not installed
Fetched 42.4 MB in 2s (15.0 MB/s)
Selecting previously unselected package libncursesw5:amd64.
(Reading database ... 14698 files and directories currently installed.)
Unpacking libncursesw5:amd64 (from .../libncursesw5_5.9+20130608-1_amd64.deb) ...
Selecting previously unselected package libpipeline1:amd64.
Unpacking libpipeline1:amd64 (from .../libpipeline1_1.2.4-1_amd64.deb) ...
Selecting previously unselected package libssl1.0.0:amd64.
Unpacking libssl1.0.0:amd64 (from .../libssl1.0.0_1.0.1e-3_amd64.deb) ...
Selecting previously unselected package groff-base.
Unpacking groff-base (from .../groff-base_1.22.2-3_amd64.deb) ...
Selecting previously unselected package bsdmainutils.
Unpacking bsdmainutils (from .../bsdmainutils_9.0.5_amd64.deb) ...
Selecting previously unselected package man-db.
Unpacking man-db (from .../man-db_2.6.5-2_amd64.deb) ...
Selecting previously unselected package libasprintf0c2:amd64.
Unpacking libasprintf0c2:amd64 (from .../libasprintf0c2_0.18.2.1-1_amd64.deb) ...
Selecting previously unselected package libmagic1:amd64.
Unpacking libmagic1:amd64 (from .../libmagic1_1%3a5.14-2_amd64.deb) ...
Selecting previously unselected package libsqlite3-0:amd64.
Unpacking libsqlite3-0:amd64 (from .../libsqlite3-0_3.7.17-1_amd64.deb) ...
Selecting previously unselected package libxml2:amd64.
Unpacking libxml2:amd64 (from .../libxml2_2.9.1+dfsg1-2_amd64.deb) ...
Selecting previously unselected package libglib2.0-0:amd64.
Unpacking libglib2.0-0:amd64 (from .../libglib2.0-0_2.36.3-3_amd64.deb) ...
Selecting previously unselected package libcroco3:amd64.
Unpacking libcroco3:amd64 (from .../libcroco3_0.6.8-2_amd64.deb) ...
Selecting previously unselected package libexpat1:amd64.
Unpacking libexpat1:amd64 (from .../libexpat1_2.1.0-4_amd64.deb) ...
Selecting previously unselected package libicu48:amd64.
Unpacking libicu48:amd64 (from .../libicu48_4.8.1.1-12_amd64.deb) ...
Selecting previously unselected package libunistring0:amd64.
Unpacking libunistring0:amd64 (from .../libunistring0_0.9.3-5_amd64.deb) ...
Selecting previously unselected package libpython2.7-minimal.
Unpacking libpython2.7-minimal (from .../libpython2.7-minimal_2.7.5-6_amd64.deb) ...
Selecting previously unselected package python2.7-minimal.
Unpacking python2.7-minimal (from .../python2.7-minimal_2.7.5-6_amd64.deb) ...
Selecting previously unselected package file.
Unpacking file (from .../file_1%3a5.14-2_amd64.deb) ...
Selecting previously unselected package gettext-base.
Unpacking gettext-base (from .../gettext-base_0.18.2.1-1_amd64.deb) ...
Selecting previously unselected package mime-support.
Unpacking mime-support (from .../mime-support_3.54_all.deb) ...
Selecting previously unselected package libpython2.7-stdlib.
Unpacking libpython2.7-stdlib (from .../libpython2.7-stdlib_2.7.5-6_amd64.deb) ...
Selecting previously unselected package python2.7.
Unpacking python2.7 (from .../python2.7_2.7.5-6_amd64.deb) ...
Selecting previously unselected package python-minimal.
Unpacking python-minimal (from .../python-minimal_2.7.5-2_amd64.deb) ...
Selecting previously unselected package libpython-stdlib:amd64.
Unpacking libpython-stdlib:amd64 (from .../libpython-stdlib_2.7.5-2_amd64.deb) ...
Selecting previously unselected package python.
Unpacking python (from .../python_2.7.5-2_amd64.deb) ...
Selecting previously unselected package check:amd64.
Unpacking check:amd64 (from .../check_0.9.10-4_amd64.deb) ...
Selecting previously unselected package gettext.
Unpacking gettext (from .../gettext_0.18.2.1-1_amd64.deb) ...
Selecting previously unselected package intltool-debian.
Unpacking intltool-debian (from .../intltool-debian_0.35.0+20060710.1_all.deb) ...
Selecting previously unselected package po-debconf.
Unpacking po-debconf (from .../po-debconf_1.0.16+nmu2_all.deb) ...
Selecting previously unselected package debhelper.
Unpacking debhelper (from .../debhelper_9.20130630_all.deb) ...
Selecting previously unselected package libboost1.49-dev.
Unpacking libboost1.49-dev (from .../libboost1.49-dev_1.49.0-4_amd64.deb) ...
Selecting previously unselected package libboost-date-time1.49.0.
Unpacking libboost-date-time1.49.0 (from .../libboost-date-time1.49.0_1.49.0-4_amd64.deb) ...
Selecting previously unselected package libboost-serialization1.49.0.
Unpacking libboost-serialization1.49.0 (from .../libboost-serialization1.49.0_1.49.0-4_amd64.deb) ...
Selecting previously unselected package libboost-serialization1.49-dev.
Unpacking libboost-serialization1.49-dev (from .../libboost-serialization1.49-dev_1.49.0-4_amd64.deb) ...
Selecting previously unselected package libboost-date-time1.49-dev.
Unpacking libboost-date-time1.49-dev (from .../libboost-date-time1.49-dev_1.49.0-4_amd64.deb) ...
Selecting previously unselected package libboost-dev.
Unpacking libboost-dev (from .../libboost-dev_1.49.0.1_amd64.deb) ...
Selecting previously unselected package libboost-system1.49.0.
Unpacking libboost-system1.49.0 (from .../libboost-system1.49.0_1.49.0-4_amd64.deb) ...
Selecting previously unselected package libboost-filesystem1.49.0.
Unpacking libboost-filesystem1.49.0 (from .../libboost-filesystem1.49.0_1.49.0-4_amd64.deb) ...
Selecting previously unselected package libboost-system1.49-dev.
Unpacking libboost-system1.49-dev (from .../libboost-system1.49-dev_1.49.0-4_amd64.deb) ...
Selecting previously unselected package libboost-filesystem1.49-dev.
Unpacking libboost-filesystem1.49-dev (from .../libboost-filesystem1.49-dev_1.49.0-4_amd64.deb) ...
Selecting previously unselected package libboost-filesystem-dev.
Unpacking libboost-filesystem-dev (from .../libboost-filesystem-dev_1.49.0.1_amd64.deb) ...
Selecting previously unselected package libboost-regex1.49.0.
Unpacking libboost-regex1.49.0 (from .../libboost-regex1.49.0_1.49.0-4_amd64.deb) ...
Selecting previously unselected package libicu-dev.
Unpacking libicu-dev (from .../libicu-dev_4.8.1.1-12_amd64.deb) ...
Selecting previously unselected package libboost-regex1.49-dev.
Unpacking libboost-regex1.49-dev (from .../libboost-regex1.49-dev_1.49.0-4_amd64.deb) ...
Selecting previously unselected package libboost-regex-dev.
Unpacking libboost-regex-dev (from .../libboost-regex-dev_1.49.0.1_amd64.deb) ...
Selecting previously unselected package libboost-thread1.49.0.
Unpacking libboost-thread1.49.0 (from .../libboost-thread1.49.0_1.49.0-4_amd64.deb) ...
Selecting previously unselected package libboost-thread1.49-dev.
Unpacking libboost-thread1.49-dev (from .../libboost-thread1.49-dev_1.49.0-4_amd64.deb) ...
Selecting previously unselected package libboost-thread-dev.
Unpacking libboost-thread-dev (from .../libboost-thread-dev_1.49.0.1_amd64.deb) ...
Selecting previously unselected package libboost-wave1.49.0.
Unpacking libboost-wave1.49.0 (from .../libboost-wave1.49.0_1.49.0-4_amd64.deb) ...
Selecting previously unselected package libboost-wave1.49-dev.
Unpacking libboost-wave1.49-dev (from .../libboost-wave1.49-dev_1.49.0-4_amd64.deb) ...
Selecting previously unselected package libboost-wave-dev.
Unpacking libboost-wave-dev (from .../libboost-wave-dev_1.49.0.1_amd64.deb) ...
Selecting previously unselected package libpstreams-dev.
Unpacking libpstreams-dev (from .../libpstreams-dev_0.7.0-2_all.deb) ...
Selecting previously unselected package libpuma-dev.
Unpacking libpuma-dev (from .../libpuma-dev_1%3a1.1+svn20120529-2_amd64.deb) ...
Selecting previously unselected package python-all.
Unpacking python-all (from .../python-all_2.7.5-2_amd64.deb) ...
Selecting previously unselected package picosat.
Unpacking picosat (from .../picosat_954-1_amd64.deb) ...
Selecting previously unselected package sbuild-build-depends-undertaker-dummy.
Unpacking sbuild-build-depends-undertaker-dummy (from .../sbuild-build-depends-undertaker-dummy.deb) ...
Setting up libncursesw5:amd64 (5.9+20130608-1) ...
Setting up libpipeline1:amd64 (1.2.4-1) ...
Setting up libssl1.0.0:amd64 (1.0.1e-3) ...
Setting up groff-base (1.22.2-3) ...
Setting up bsdmainutils (9.0.5) ...
update-alternatives: using /usr/bin/bsd-write to provide /usr/bin/write (write) in auto mode
update-alternatives: using /usr/bin/bsd-from to provide /usr/bin/from (from) in auto mode
Setting up man-db (2.6.5-2) ...
Not building database; man-db/auto-update is not 'true'.
Setting up libasprintf0c2:amd64 (0.18.2.1-1) ...
Setting up libmagic1:amd64 (1:5.14-2) ...
Setting up libsqlite3-0:amd64 (3.7.17-1) ...
Setting up libxml2:amd64 (2.9.1+dfsg1-2) ...
Setting up libglib2.0-0:amd64 (2.36.3-3) ...
No schema files found: doing nothing.
Setting up libcroco3:amd64 (0.6.8-2) ...
Setting up libexpat1:amd64 (2.1.0-4) ...
Setting up libicu48:amd64 (4.8.1.1-12) ...
Setting up libunistring0:amd64 (0.9.3-5) ...
Setting up libpython2.7-minimal (2.7.5-6) ...
Setting up python2.7-minimal (2.7.5-6) ...
Setting up file (1:5.14-2) ...
Setting up gettext-base (0.18.2.1-1) ...
Setting up mime-support (3.54) ...
Setting up libpython2.7-stdlib (2.7.5-6) ...
Setting up python2.7 (2.7.5-6) ...
Setting up python-minimal (2.7.5-2) ...
Setting up libpython-stdlib:amd64 (2.7.5-2) ...
Setting up python (2.7.5-2) ...
Setting up check:amd64 (0.9.10-4) ...
Setting up gettext (0.18.2.1-1) ...
Setting up intltool-debian (0.35.0+20060710.1) ...
Setting up po-debconf (1.0.16+nmu2) ...
Setting up debhelper (9.20130630) ...
Setting up libboost1.49-dev (1.49.0-4) ...
Setting up libboost-date-time1.49.0 (1.49.0-4) ...
Setting up libboost-serialization1.49.0 (1.49.0-4) ...
Setting up libboost-serialization1.49-dev (1.49.0-4) ...
Setting up libboost-date-time1.49-dev (1.49.0-4) ...
Setting up libboost-dev (1.49.0.1) ...
Setting up libboost-system1.49.0 (1.49.0-4) ...
Setting up libboost-filesystem1.49.0 (1.49.0-4) ...
Setting up libboost-system1.49-dev (1.49.0-4) ...
Setting up libboost-filesystem1.49-dev (1.49.0-4) ...
Setting up libboost-filesystem-dev (1.49.0.1) ...
Setting up libboost-regex1.49.0 (1.49.0-4) ...
Setting up libicu-dev (4.8.1.1-12) ...
Setting up libboost-regex1.49-dev (1.49.0-4) ...
Setting up libboost-regex-dev (1.49.0.1) ...
Setting up libboost-thread1.49.0 (1.49.0-4) ...
Setting up libboost-thread1.49-dev (1.49.0-4) ...
Setting up libboost-thread-dev (1.49.0.1) ...
Setting up libboost-wave1.49.0 (1.49.0-4) ...
Setting up libboost-wave1.49-dev (1.49.0-4) ...
Setting up libboost-wave-dev (1.49.0.1) ...
Setting up libpstreams-dev (0.7.0-2) ...
Setting up libpuma-dev (1:1.1+svn20120529-2) ...
Setting up python-all (2.7.5-2) ...
Setting up picosat (954-1) ...
Setting up sbuild-build-depends-undertaker-dummy (0.invalid.0) ...
Processing triggers for libc-bin ...

┌──────────────────────────────────────────────────────────────────────────────┐
│ Build environment                                                            │
└──────────────────────────────────────────────────────────────────────────────┘

Kernel: Linux 2.6.32-5-xen-amd64 amd64 (x86_64)
Toolchain package versions: binutils_2.23.52.20130620-1 dpkg-dev_1.16.10 g++-4.6_4.6.4-4 g++-4.8_4.8.1-6 gcc-4.6_4.6.4-4 gcc-4.7_4.7.3-5 gcc-4.8_4.8.1-6 libc6-dev_2.17-7 libstdc++-4.8-dev_4.8.1-6 libstdc++6_4.8.1-6 libstdc++6-4.6-dev_4.6.4-4 libstdc++6-4.7-dev_4.7.3-5 linux-libc-dev_3.9.8-1
Package versions: apt_0.9.9.1 base-files_7.2 base-passwd_3.5.26 bash_4.2+dfsg-1 binutils_2.23.52.20130620-1 bsdmainutils_9.0.5 bsdutils_1:2.20.1-5.5 build-essential_11.6 bzip2_1.0.6-4 check_0.9.10-4 clang-3.3_1:3.3-3 coreutils_8.20-3 cpp_4:4.8.1-2 cpp-4.6_4.6.4-4 cpp-4.7_4.7.3-5 cpp-4.8_4.8.1-6 dash_0.5.7-3 debconf_1.5.50 debconf-i18n_1.5.50 debfoster_2.7-1.2 debhelper_9.20130630 debian-archive-keyring_2012.4 debianutils_4.3.4 diffutils_1:3.2-8 dpkg_1.16.10 dpkg-dev_1.16.10 e2fslibs_1.42.8-1 e2fsprogs_1.42.8-1 fakeroot_1.19-2 file_1:5.14-2 findutils_4.4.2-6 g++_4:4.8.1-2 g++-4.6_4.6.4-4 g++-4.8_4.8.1-6 gcc_4:4.8.1-2 gcc-4.4-base_4.4.7-4 gcc-4.5-base_4.5.4-1 gcc-4.6_4.6.4-4 gcc-4.6-base_4.6.4-4 gcc-4.7_4.7.3-5 gcc-4.7-base_4.7.3-5 gcc-4.8_4.8.1-6 gcc-4.8-base_4.8.1-6 gettext_0.18.2.1-1 gettext-base_0.18.2.1-1 gnupg_1.4.12-7 gpgv_1.4.12-7 grep_2.14-2 groff-base_1.22.2-3 gzip_1.6-1 hostname_3.13 initscripts_2.88dsf-42 insserv_1.14.0-5 intltool-debian_0.35.0+20060710.1 libacl1_2.2.52-1 libapt-pkg4.12_0.9.9.1 libasan0_4.8.1-6 libasprintf0c2_0.18.2.1-1 libatomic1_4.8.1-6 libattr1_1:2.4.47-1 libblkid1_2.20.1-5.5 libboost-date-time1.49-dev_1.49.0-4 libboost-date-time1.49.0_1.49.0-4 libboost-dev_1.49.0.1 libboost-filesystem-dev_1.49.0.1 libboost-filesystem1.49-dev_1.49.0-4 libboost-filesystem1.49.0_1.49.0-4 libboost-regex-dev_1.49.0.1 libboost-regex1.49-dev_1.49.0-4 libboost-regex1.49.0_1.49.0-4 libboost-serialization1.49-dev_1.49.0-4 libboost-serialization1.49.0_1.49.0-4 libboost-system1.49-dev_1.49.0-4 libboost-system1.49.0_1.49.0-4 libboost-thread-dev_1.49.0.1 libboost-thread1.49-dev_1.49.0-4 libboost-thread1.49.0_1.49.0-4 libboost-wave-dev_1.49.0.1 libboost-wave1.49-dev_1.49.0-4 libboost-wave1.49.0_1.49.0-4 libboost1.49-dev_1.49.0-4 libbz2-1.0_1.0.6-4 libc-bin_2.17-7 libc-dev-bin_2.17-7 libc6_2.17-7 libc6-dev_2.17-7 libcap2_1:2.22-1.2 libclang-common-3.3-dev_1:3.3-3 libclang1-3.3_1:3.3-3 libclass-isa-perl_0.36-5 libcloog-isl4_0.18.0-2 libcloog-ppl1_0.16.1-3 libcomerr2_1.42.8-1 libcroco3_0.6.8-2 libdb5.1_5.1.29-6 libdpkg-perl_1.16.10 libexpat1_2.1.0-4 libffi6_3.0.13-4 libfile-fcntllock-perl_0.14-2 libgc1c2_1:7.2d-5 libgcc-4.7-dev_4.7.3-5 libgcc-4.8-dev_4.8.1-6 libgcc1_1:4.8.1-6 libgdbm3_1.8.3-12 libglib2.0-0_2.36.3-3 libgmp10_2:5.1.2+dfsg-2 libgmpxx4ldbl_2:5.1.2+dfsg-2 libgomp1_4.8.1-6 libgpm2_1.20.4-6.1 libicu-dev_4.8.1.1-12 libicu48_4.8.1.1-12 libisl10_0.11.2-1 libitm1_4.8.1-6 libllvm3.3_1:3.3-3 liblocale-gettext-perl_1.05-7+b1 liblzma5_5.1.1alpha+20120614-2 libmagic1_1:5.14-2 libmount1_2.20.1-5.5 libmpc2_0.9-4 libmpc3_1.0.1-1 libmpfr4_3.1.1-1 libncurses5_5.9+20130608-1 libncursesw5_5.9+20130608-1 libobjc-4.7-dev_4.7.3-5 libobjc4_4.8.1-6 libpam-modules_1.1.3-9 libpam-modules-bin_1.1.3-9 libpam-runtime_1.1.3-9 libpam0g_1.1.3-9 libpcre3_1:8.31-2 libpipeline1_1.2.4-1 libppl-c4_1:1.0-7 libppl12_1:1.0-7 libpstreams-dev_0.7.0-2 libpuma-dev_1:1.1+svn20120529-2 libpython-stdlib_2.7.5-2 libpython2.7-minimal_2.7.5-6 libpython2.7-stdlib_2.7.5-6 libquadmath0_4.8.1-6 libreadline6_6.2+dfsg-0.1 libselinux1_2.1.13-2 libsemanage-common_2.1.10-2 libsemanage1_2.1.10-2 libsepol1_2.1.9-2 libslang2_2.2.4-15 libsqlite3-0_3.7.17-1 libss2_1.42.8-1 libssl1.0.0_1.0.1e-3 libstdc++-4.8-dev_4.8.1-6 libstdc++6_4.8.1-6 libstdc++6-4.6-dev_4.6.4-4 libstdc++6-4.7-dev_4.7.3-5 libswitch-perl_2.16-2 libtext-charwidth-perl_0.04-7+b1 libtext-iconv-perl_1.7-5 libtext-wrapi18n-perl_0.06-7 libtimedate-perl_1.2000-1 libtinfo5_5.9+20130608-1 libtsan0_4.8.1-6 libunistring0_0.9.3-5 libusb-0.1-4_2:0.1.12-23.2 libustr-1.0-1_1.0.4-3 libuuid1_2.20.1-5.5 libxml2_2.9.1+dfsg1-2 linux-libc-dev_3.9.8-1 login_1:4.1.5.1-1 lsb-base_4.1+Debian12 make_3.81-8.2 man-db_2.6.5-2 mawk_1.3.3-17 mime-support_3.54 mount_2.20.1-5.5 multiarch-support_2.17-7 ncurses-base_5.9+20130608-1 ncurses-bin_5.9+20130608-1 passwd_1:4.1.5.1-1 patch_2.7.1-3 perl_5.14.2-21 perl-base_5.14.2-21 perl-modules_5.14.2-21 picosat_954-1 po-debconf_1.0.16+nmu2 python_2.7.5-2 python-all_2.7.5-2 python-minimal_2.7.5-2 python2.7_2.7.5-6 python2.7-minimal_2.7.5-6 readline-common_6.2+dfsg-0.1 sbuild-build-depends-core-dummy_0.invalid.0 sbuild-build-depends-undertaker-dummy_0.invalid.0 sed_4.2.2-1 sensible-utils_0.0.9 sudo_1.8.5p2-1+nmu1 sysv-rc_2.88dsf-42 sysvinit_2.88dsf-42 sysvinit-utils_2.88dsf-42 tar_1.26+dfsg-6 tzdata_2013c-2 ucf_3.0027+nmu1 util-linux_2.20.1-5.5 vim_2:7.3.923-3 vim-common_2:7.3.923-3 vim-runtime_2:7.3.923-3 xz-utils_5.1.1alpha+20120614-2 zlib1g_1:1.2.8.dfsg-1

┌──────────────────────────────────────────────────────────────────────────────┐
│ Build                                                                        │
└──────────────────────────────────────────────────────────────────────────────┘


Unpack source
─────────────

gpgv: keyblock resource `/sbuild-nonexistent/.gnupg/trustedkeys.gpg': file open error
gpgv: Signature made Sat Jun 30 16:55:06 2012 UTC using RSA key ID 4008C6F9
gpgv: Can't check signature: public key not found
dpkg-source: warning: failed to verify signature on ./undertaker_1.3b-1.dsc
dpkg-source: info: extracting undertaker in undertaker-1.3b
dpkg-source: info: unpacking undertaker_1.3b.orig.tar.xz
dpkg-source: info: unpacking undertaker_1.3b-1.debian.tar.gz

Check disc space
────────────────

Sufficient free space for build

Hack binNMU version
───────────────────

Created changelog entry for binNMU version 1.3b-1clang1

User Environment
────────────────

HOME=/sbuild-nonexistent
LOGNAME=user
PATH=/usr/local/sbin:/usr/local/bin:/usr/sbin:/usr/bin:/sbin:/bin:/usr/games
SCHROOT_ALIAS_NAME=unstable-amd64-sbuild
SCHROOT_CHROOT_NAME=unstable-amd64-sbuild
SCHROOT_COMMAND=env
SCHROOT_GID=1000
SCHROOT_GROUP=user
SCHROOT_SESSION_ID=unstable-amd64-sbuild-75b7bdab-d2b2-4db5-8e11-36a49eb42b96
SCHROOT_UID=1000
SCHROOT_USER=user
SHELL=/bin/sh
USER=user

dpkg-buildpackage
─────────────────

dpkg-buildpackage: source package undertaker
dpkg-buildpackage: source version 1.3b-1clang1
 dpkg-source --before-build undertaker-1.3b
dpkg-buildpackage: host architecture amd64
 fakeroot debian/rules clean
dh --with python2 clean --parallel
   dh_testdir -O--parallel
   dh_auto_clean -O--parallel
make[1]: Entering directory `/«PKGBUILDDIR»'
make -f Makefile.kbuild clean
make[2]: Entering directory `/«PKGBUILDDIR»'
make[2]: Leaving directory `/«PKGBUILDDIR»'
make -C undertaker clean
make[2]: Entering directory `/«PKGBUILDDIR»/undertaker'
find coverage-tests validation/ \
	                 \( -name "*.c.output.expected" \
	                 -o -name "*.c.output.got" \
	                 -o -name "*.c.output.diff" \
	                 -o -name "*.c.error.expected" \
	                 -o -name "*.c.error.got" \
	                 -o -name "*.c.error.diff" \
	                 -o -name "*.c.config*" \
	                 -o -name "*.c:[0-9].config" \
	                 -o -name "*.c:[0-9][0-9].config" \
	                 -o -name "*.dead" \
	                 -o -name "_block.config" \
	                 -o -name "*.undead" \
	                 \) -exec rm {} \;
rm -vf coverage-tests/coverage-cat.c.got
rm -rf *.o *.a *.gcda *.gcno *.d
make[2]: Leaving directory `/«PKGBUILDDIR»/undertaker'
make -C ziz clean
make[2]: Entering directory `/«PKGBUILDDIR»/ziz'
rm -rf test/out
rm -rf *.o *.a zizzler
make[2]: Leaving directory `/«PKGBUILDDIR»/ziz'
make -C python clean
make[2]: Entering directory `/«PKGBUILDDIR»/python'
find validation/ \( -name "*.output.expected" \
                     -o -name "*.output.got" \
                     -o -name "*.output.diff" \
                     -o -name "*.error.expected" \
                     -o -name "*.error.diff" \
                     -o -name "*.error.got" \
                     -o -name "*.dead" \
                     -o -name "*.undead" \
                     -o -name "*.plist" \
                     -o -name "*config*.report.*" \
                     \) -delete
make[2]: Leaving directory `/«PKGBUILDDIR»/python'
running clean
make[1]: Leaving directory `/«PKGBUILDDIR»'
   dh_clean -O--parallel
 debian/rules build-arch
dh --with python2 build-arch --parallel
   dh_testdir -a -O--parallel
   dh_auto_configure -a -O--parallel
   debian/rules override_dh_auto_build
make[1]: Entering directory `/«PKGBUILDDIR»'
echo 'const char * version = "1.3";' > version.h
dh_auto_build
make[2]: Entering directory `/«PKGBUILDDIR»'
make -f Makefile.kbuild dumpconf
make[3]: Entering directory `/«PKGBUILDDIR»'
make -f scripts/Makefile.build obj=scripts/basic
  gcc -Wp,-MD,scripts/basic/.fixdep.d -Wall -Wstrict-prototypes -O2 -fomit-frame-pointer     -o scripts/basic/fixdep scripts/basic/fixdep.c  
make -f scripts/Makefile.build obj=scripts/kconfig dumpconf
  gcc -Wp,-MD,scripts/kconfig/.conf.o.d -Wall -Wstrict-prototypes -O2 -fomit-frame-pointer   -DCURSES_LOC="<curses.h>" -DLOCALE   -c -o scripts/kconfig/conf.o scripts/kconfig/conf.c
  gcc -Wp,-MD,scripts/kconfig/.dumpconf.o.d -Wall -Wstrict-prototypes -O2 -fomit-frame-pointer   -DCURSES_LOC="<curses.h>" -DLOCALE   -c -o scripts/kconfig/dumpconf.o scripts/kconfig/dumpconf.c
scripts/kconfig/dumpconf.c:274:6: warning: unused variable 'opt' [-Wunused-variable]
        int opt;
            ^
1 warning generated.
  cat scripts/kconfig/zconf.tab.c_shipped > scripts/kconfig/zconf.tab.c
  cat scripts/kconfig/lex.zconf.c_shipped > scripts/kconfig/lex.zconf.c
  cat scripts/kconfig/zconf.hash.c_shipped > scripts/kconfig/zconf.hash.c
  gcc -Wp,-MD,scripts/kconfig/.zconf.tab.o.d -Wall -Wstrict-prototypes -O2 -fomit-frame-pointer   -DCURSES_LOC="<curses.h>" -DLOCALE  -Iscripts/kconfig -c -o scripts/kconfig/zconf.tab.o scripts/kconfig/zconf.tab.c
  gcc  -o scripts/kconfig/dumpconf scripts/kconfig/dumpconf.o scripts/kconfig/zconf.tab.o  
scripts/kconfig/dumpconf /«PKGBUILDDIR»/fm/main.fm
setting archusing arch x86
Item	Synchronization	boolean
HasPrompts	Synchronization	0
Item	einseitig	boolean
HasPrompts	einseitig	1
ItemSelects	einseitig	"Synchronization"	"y"
ItemSelects	einseitig	"unterdrueckend"	"y"
Item	unterdrueckend	boolean
Depends	unterdrueckend	"einseitig"
HasPrompts	unterdrueckend	1
Item	mehrseitig	boolean
HasPrompts	mehrseitig	0
ItemSelects	mehrseitig	"Synchronization"	"y"
Item	blockierend	boolean
HasPrompts	blockierend	1
ItemSelects	blockierend	"mehrseitig"	"y"
Item	nichtblockierend	boolean
HasPrompts	nichtblockierend	1
ItemSelects	nichtblockierend	"mehrseitig"	"y"
make[3]: Leaving directory `/«PKGBUILDDIR»'
make -C undertaker undertaker
make[3]: Entering directory `/«PKGBUILDDIR»/undertaker'
make[3]: Leaving directory `/«PKGBUILDDIR»/undertaker'
make[3]: Entering directory `/«PKGBUILDDIR»/undertaker'
g++ -Wall -Wextra -O2    -c -o undertaker.o undertaker.cpp
In file included from undertaker.cpp:39:
In file included from ./PumaConditionalBlock.h:29:
In file included from /tmp/aspectc++/AspectC++-Project/Puma/gen-release/step1/inc/Puma/PreTree.h:26:
In file included from /tmp/aspectc++/AspectC++-Project/Puma/gen-release/step1/inc/Puma/Token.h:30:
In file included from /tmp/aspectc++/AspectC++-Project/Puma/gen-release/step1/inc/Puma/Array.h:254:
/tmp/aspectc++/AspectC++-Project/Puma/gen-release/step1/inc/Puma/VoidPtrArray.h:60:41: warning: unused parameter 'is' [-Wunused-parameter]
inline VoidPtrArray::VoidPtrArray (long is, long incr) {
                                        ^
In file included from undertaker.cpp:39:
In file included from ./PumaConditionalBlock.h:31:
In file included from /tmp/aspectc++/AspectC++-Project/Puma/gen-release/step1/inc/Puma/PreprocessorParser.h:27:
In file included from /tmp/aspectc++/AspectC++-Project/Puma/gen-release/step2/inc/Puma/CScanner.h:368:
In file included from /tmp/aspectc++/AspectC++-Project/Puma/gen-release/step1/aspects/Puma/ExtGnu.ah:27:
In file included from /tmp/aspectc++/AspectC++-Project/Puma/gen-release/step1/inc/Puma/GnuCTree.h:41:
/tmp/aspectc++/AspectC++-Project/Puma/gen-release/step1/inc/Puma/CTree.h:282:27: warning: unused parameter 'n' [-Wunused-parameter]
  virtual CTree *Son (int n) const { return (CTree*)0; }
                          ^
/tmp/aspectc++/AspectC++-Project/Puma/gen-release/step1/inc/Puma/CTree.h:300:35: warning: unused parameter 'old_son' [-Wunused-parameter]
  virtual void ReplaceSon (CTree *old_son, CTree *new_son) {}
                                  ^
/tmp/aspectc++/AspectC++-Project/Puma/gen-release/step1/inc/Puma/CTree.h:300:51: warning: unused parameter 'new_son' [-Wunused-parameter]
  virtual void ReplaceSon (CTree *old_son, CTree *new_son) {}
                                                  ^
/tmp/aspectc++/AspectC++-Project/Puma/gen-release/step1/inc/Puma/CTree.h:999:8: warning: 'Puma::CT_SpecialName::Name' hides overloaded virtual function [-Woverloaded-virtual]
  void Name (const char *n) { 
       ^
/tmp/aspectc++/AspectC++-Project/Puma/gen-release/step1/inc/Puma/CTree.h:963:26: note: hidden overloaded virtual function 'Puma::CT_SimpleName::Name' declared here: different number of parameters (0 vs 1)
  virtual CT_SimpleName *Name () const { return (CT_SimpleName*)this; }
                         ^
/tmp/aspectc++/AspectC++-Project/Puma/gen-release/step1/inc/Puma/CTree.h:1034:19: warning: unused parameter 'n' [-Wunused-parameter]
  CTree *Son (int n) const { return (CTree*)0; }
                  ^
In file included from undertaker.cpp:39:
In file included from ./PumaConditionalBlock.h:31:
In file included from /tmp/aspectc++/AspectC++-Project/Puma/gen-release/step1/inc/Puma/PreprocessorParser.h:27:
In file included from /tmp/aspectc++/AspectC++-Project/Puma/gen-release/step2/inc/Puma/CScanner.h:368:
In file included from /tmp/aspectc++/AspectC++-Project/Puma/gen-release/step1/aspects/Puma/ExtGnu.ah:37:
In file included from /tmp/aspectc++/AspectC++-Project/Puma/gen-release/step1/inc/Puma/TokenProvider.h:27:
/tmp/aspectc++/AspectC++-Project/Puma/gen-release/step1/inc/Puma/BCList.h:83:19: warning: unused parameter 'i' [-Wunused-parameter]
    Iterator (int i) { _item = 0; }
                  ^
In file included from undertaker.cpp:39:
In file included from ./PumaConditionalBlock.h:31:
In file included from /tmp/aspectc++/AspectC++-Project/Puma/gen-release/step1/inc/Puma/PreprocessorParser.h:27:
/tmp/aspectc++/AspectC++-Project/Puma/gen-release/step2/inc/Puma/CScanner.h:496:78: warning: unused parameter 'error_stream' [-Wunused-parameter]
__attribute__((always_inline)) inline void __exec_old_C1(::Puma::ErrorSink & error_stream)
                                                                             ^
In file included from undertaker.cpp:39:
In file included from ./PumaConditionalBlock.h:31:
In file included from /tmp/aspectc++/AspectC++-Project/Puma/gen-release/step2/inc/Puma/PreprocessorParser.h:1067:
In file included from /tmp/aspectc++/AspectC++-Project/Puma/gen-release/step1/aspects/Puma/ExtACKeywords.ah:24:
/tmp/aspectc++/AspectC++-Project/Puma/gen-release/step1/inc/Puma/CProject.h:58:16: warning: 'Puma::CProject::configure' hides overloaded virtual function [-Woverloaded-virtual]
  virtual void configure (Config &);
               ^
/tmp/aspectc++/AspectC++-Project/Puma/gen-release/step1/inc/Puma/Project.h:95:16: note: hidden overloaded virtual function 'Puma::Project::configure' declared here: type mismatch at 1st parameter ('const Puma::Config &' vs 'Puma::Config &')
  virtual void configure (const Config &);
               ^
In file included from undertaker.cpp:39:
In file included from ./PumaConditionalBlock.h:33:
In file included from /tmp/aspectc++/AspectC++-Project/Puma/gen-release/step1/inc/Puma/CCParser.h:22:
In file included from /tmp/aspectc++/AspectC++-Project/Puma/gen-release/step1/inc/Puma/Parser.h:28:
In file included from /tmp/aspectc++/AspectC++-Project/Puma/gen-release/step1/inc/Puma/Semantic.h:25:
/tmp/aspectc++/AspectC++-Project/Puma/gen-release/step1/inc/Puma/CSemDatabase.h:213:53: warning: unused parameter 'size' [-Wunused-parameter]
inline CSemDatabase::CSemDatabase (CProject &p, int size) :
                                                    ^
In file included from undertaker.cpp:39:
In file included from ./PumaConditionalBlock.h:33:
In file included from /tmp/aspectc++/AspectC++-Project/Puma/gen-release/step1/inc/Puma/CCParser.h:22:
In file included from /tmp/aspectc++/AspectC++-Project/Puma/gen-release/step1/inc/Puma/Parser.h:28:
/tmp/aspectc++/AspectC++-Project/Puma/gen-release/step1/inc/Puma/Semantic.h:108:35: warning: unused parameter 'c' [-Wunused-parameter]
  virtual void configure (Config &c) {}
                                  ^
In file included from undertaker.cpp:39:
In file included from ./PumaConditionalBlock.h:33:
In file included from /tmp/aspectc++/AspectC++-Project/Puma/gen-release/step1/inc/Puma/CCParser.h:23:
In file included from /tmp/aspectc++/AspectC++-Project/Puma/gen-release/step1/inc/Puma/CCSyntax.h:24:
In file included from /tmp/aspectc++/AspectC++-Project/Puma/gen-release/step1/inc/Puma/CSyntax.h:27:
/tmp/aspectc++/AspectC++-Project/Puma/gen-release/step2/inc/Puma/CSemantic.h:726:93: warning: unused parameter 's' [-Wunused-parameter]
__attribute__((always_inline)) inline void Puma::CSemantic::__exec_old_C1(::Puma::CSyntax & s,::Puma::CBuilder & b)
                                                                                            ^
/tmp/aspectc++/AspectC++-Project/Puma/gen-release/step2/inc/Puma/CSemantic.h:726:114: warning: unused parameter 'b' [-Wunused-parameter]
__attribute__((always_inline)) inline void Puma::CSemantic::__exec_old_C1(::Puma::CSyntax & s,::Puma::CBuilder & b)
                                                                                                                 ^
In file included from undertaker.cpp:39:
In file included from ./PumaConditionalBlock.h:33:
In file included from /tmp/aspectc++/AspectC++-Project/Puma/gen-release/step1/inc/Puma/CCParser.h:23:
In file included from /tmp/aspectc++/AspectC++-Project/Puma/gen-release/step1/inc/Puma/CCSyntax.h:24:
/tmp/aspectc++/AspectC++-Project/Puma/gen-release/step2/inc/Puma/CSyntax.h:8631:97: warning: unused parameter 's' [-Wunused-parameter]
__attribute__((always_inline)) inline static ::Puma::CTree * __exec_old_build(::Puma::CSyntax & s)
                                                                                                ^
/tmp/aspectc++/AspectC++-Project/Puma/gen-release/step2/inc/Puma/CSyntax.h:12238:97: warning: unused parameter 's' [-Wunused-parameter]
__attribute__((always_inline)) inline static ::Puma::CTree * __exec_old_build(::Puma::CSyntax & s)
                                                                                                ^
In file included from undertaker.cpp:39:
In file included from ./PumaConditionalBlock.h:33:
In file included from /tmp/aspectc++/AspectC++-Project/Puma/gen-release/step1/inc/Puma/CCParser.h:23:
In file included from /tmp/aspectc++/AspectC++-Project/Puma/gen-release/step2/inc/Puma/CCSyntax.h:604:
In file included from /tmp/aspectc++/AspectC++-Project/Puma/gen-release/step1/aspects/Puma/CCBuilderExtension.ah:22:
/tmp/aspectc++/AspectC++-Project/Puma/gen-release/step1/inc/Puma/CCBuilder.h:44:18: warning: 'Puma::CCBuilder::postfix_expr' hides overloaded virtual function [-Woverloaded-virtual]
  virtual CTree *postfix_expr (CTree * = (CTree*)0);
                 ^
/tmp/aspectc++/AspectC++-Project/Puma/gen-release/step1/inc/Puma/CBuilder.h:48:18: note: hidden overloaded virtual function 'Puma::CBuilder::postfix_expr' declared here: different number of parameters (0 vs 1)
  virtual CTree *postfix_expr ();
                 ^
In file included from undertaker.cpp:39:
In file included from ./PumaConditionalBlock.h:33:
In file included from /tmp/aspectc++/AspectC++-Project/Puma/gen-release/step1/inc/Puma/CCParser.h:23:
In file included from /tmp/aspectc++/AspectC++-Project/Puma/gen-release/step2/inc/Puma/CCSyntax.h:604:
In file included from /tmp/aspectc++/AspectC++-Project/Puma/gen-release/step1/aspects/Puma/CCBuilderExtension.ah:22:
/tmp/aspectc++/AspectC++-Project/Puma/gen-release/step1/inc/Puma/CCBuilder.h:58:18: warning: 'Puma::CCBuilder::condition' hides overloaded virtual function [-Woverloaded-virtual]
  virtual CTree *condition (); 
                 ^
/tmp/aspectc++/AspectC++-Project/Puma/gen-release/step1/inc/Puma/CBuilder.h:82:18: note: hidden overloaded virtual function 'Puma::CBuilder::condition' declared here: different number of parameters (1 vs 0)
  virtual CTree *condition (CTree * = (CTree*)0); 
                 ^
In file included from undertaker.cpp:39:
In file included from ./PumaConditionalBlock.h:33:
In file included from /tmp/aspectc++/AspectC++-Project/Puma/gen-release/step1/inc/Puma/CCParser.h:25:
/tmp/aspectc++/AspectC++-Project/Puma/gen-release/step1/inc/Puma/CCSemantic.h:217:15: warning: 'Puma::CCSemantic::array_delim' hides overloaded virtual function [-Woverloaded-virtual]
  CStructure *array_delim (CStructure * = 0);
              ^
/tmp/aspectc++/AspectC++-Project/Puma/gen-release/step1/inc/Puma/CSemantic.h:79:18: note: hidden overloaded virtual function 'Puma::CSemantic::array_delim' declared here: different number of parameters (0 vs 1)
  virtual CTree *array_delim ();
                 ^
18 warnings generated.
g++ -Wall -Wextra -O2    -c -o RsfReader.o RsfReader.cpp
g++ -Wall -Wextra -O2    -c -o KconfigWhitelist.o KconfigWhitelist.cpp
g++ -Wall -Wextra -O2    -c -o PresetList.o PresetList.cpp
g++ -Wall -Wextra -O2    -c -o ConfigurationModel.o ConfigurationModel.cpp
ConfigurationModel.cpp:59:5: warning: delete called on 'RsfReader' that has virtual functions but non-virtual destructor [-Wdelete-non-virtual-dtor]
    delete _model;
    ^
ConfigurationModel.cpp:60:5: warning: delete called on 'ItemRsfReader' that has virtual functions but non-virtual destructor [-Wdelete-non-virtual-dtor]
    delete _rsf;
    ^
2 warnings generated.
g++ -Wall -Wextra -O2    -c -o ModelContainer.o ModelContainer.cpp
g++ -Wall -Wextra -O2    -c -o SatChecker.o SatChecker.cpp
In file included from SatChecker.cpp:24:
In file included from /tmp/aspectc++/AspectC++-Project/Puma/gen-release/step1/inc/Puma/CParser.h:25:
In file included from /tmp/aspectc++/AspectC++-Project/Puma/gen-release/step1/inc/Puma/Parser.h:26:
In file included from /tmp/aspectc++/AspectC++-Project/Puma/gen-release/step1/inc/Puma/Syntax.h:26:
In file included from /tmp/aspectc++/AspectC++-Project/Puma/gen-release/step1/inc/Puma/Token.h:30:
In file included from /tmp/aspectc++/AspectC++-Project/Puma/gen-release/step1/inc/Puma/Array.h:254:
/tmp/aspectc++/AspectC++-Project/Puma/gen-release/step1/inc/Puma/VoidPtrArray.h:60:41: warning: unused parameter 'is' [-Wunused-parameter]
inline VoidPtrArray::VoidPtrArray (long is, long incr) {
                                        ^
In file included from SatChecker.cpp:24:
In file included from /tmp/aspectc++/AspectC++-Project/Puma/gen-release/step1/inc/Puma/CParser.h:25:
In file included from /tmp/aspectc++/AspectC++-Project/Puma/gen-release/step1/inc/Puma/Parser.h:26:
In file included from /tmp/aspectc++/AspectC++-Project/Puma/gen-release/step1/inc/Puma/Syntax.h:27:
In file included from /tmp/aspectc++/AspectC++-Project/Puma/gen-release/step1/inc/Puma/Builder.h:27:
In file included from /tmp/aspectc++/AspectC++-Project/Puma/gen-release/step1/inc/Puma/PtrStack.h:25:
In file included from /tmp/aspectc++/AspectC++-Project/Puma/gen-release/step1/inc/Puma/BCStack.h:22:
/tmp/aspectc++/AspectC++-Project/Puma/gen-release/step1/inc/Puma/BCList.h:83:19: warning: unused parameter 'i' [-Wunused-parameter]
    Iterator (int i) { _item = 0; }
                  ^
In file included from SatChecker.cpp:24:
In file included from /tmp/aspectc++/AspectC++-Project/Puma/gen-release/step1/inc/Puma/CParser.h:25:
In file included from /tmp/aspectc++/AspectC++-Project/Puma/gen-release/step1/inc/Puma/Parser.h:26:
In file included from /tmp/aspectc++/AspectC++-Project/Puma/gen-release/step1/inc/Puma/Syntax.h:27:
In file included from /tmp/aspectc++/AspectC++-Project/Puma/gen-release/step1/inc/Puma/Builder.h:28:
/tmp/aspectc++/AspectC++-Project/Puma/gen-release/step1/inc/Puma/CTree.h:282:27: warning: unused parameter 'n' [-Wunused-parameter]
  virtual CTree *Son (int n) const { return (CTree*)0; }
                          ^
/tmp/aspectc++/AspectC++-Project/Puma/gen-release/step1/inc/Puma/CTree.h:300:35: warning: unused parameter 'old_son' [-Wunused-parameter]
  virtual void ReplaceSon (CTree *old_son, CTree *new_son) {}
                                  ^
/tmp/aspectc++/AspectC++-Project/Puma/gen-release/step1/inc/Puma/CTree.h:300:51: warning: unused parameter 'new_son' [-Wunused-parameter]
  virtual void ReplaceSon (CTree *old_son, CTree *new_son) {}
                                                  ^
/tmp/aspectc++/AspectC++-Project/Puma/gen-release/step1/inc/Puma/CTree.h:999:8: warning: 'Puma::CT_SpecialName::Name' hides overloaded virtual function [-Woverloaded-virtual]
  void Name (const char *n) { 
       ^
/tmp/aspectc++/AspectC++-Project/Puma/gen-release/step1/inc/Puma/CTree.h:963:26: note: hidden overloaded virtual function 'Puma::CT_SimpleName::Name' declared here: different number of parameters (0 vs 1)
  virtual CT_SimpleName *Name () const { return (CT_SimpleName*)this; }
                         ^
/tmp/aspectc++/AspectC++-Project/Puma/gen-release/step1/inc/Puma/CTree.h:1034:19: warning: unused parameter 'n' [-Wunused-parameter]
  CTree *Son (int n) const { return (CTree*)0; }
                  ^
In file included from SatChecker.cpp:24:
In file included from /tmp/aspectc++/AspectC++-Project/Puma/gen-release/step1/inc/Puma/CParser.h:25:
In file included from /tmp/aspectc++/AspectC++-Project/Puma/gen-release/step1/inc/Puma/Parser.h:28:
In file included from /tmp/aspectc++/AspectC++-Project/Puma/gen-release/step1/inc/Puma/Semantic.h:25:
In file included from /tmp/aspectc++/AspectC++-Project/Puma/gen-release/step1/inc/Puma/CSemDatabase.h:26:
In file included from /tmp/aspectc++/AspectC++-Project/Puma/gen-release/step1/inc/Puma/CProject.h:26:
/tmp/aspectc++/AspectC++-Project/Puma/gen-release/step2/inc/Puma/CScanner.h:496:78: warning: unused parameter 'error_stream' [-Wunused-parameter]
__attribute__((always_inline)) inline void __exec_old_C1(::Puma::ErrorSink & error_stream)
                                                                             ^
In file included from SatChecker.cpp:24:
In file included from /tmp/aspectc++/AspectC++-Project/Puma/gen-release/step1/inc/Puma/CParser.h:25:
In file included from /tmp/aspectc++/AspectC++-Project/Puma/gen-release/step1/inc/Puma/Parser.h:28:
In file included from /tmp/aspectc++/AspectC++-Project/Puma/gen-release/step1/inc/Puma/Semantic.h:25:
In file included from /tmp/aspectc++/AspectC++-Project/Puma/gen-release/step1/inc/Puma/CSemDatabase.h:26:
/tmp/aspectc++/AspectC++-Project/Puma/gen-release/step1/inc/Puma/CProject.h:58:16: warning: 'Puma::CProject::configure' hides overloaded virtual function [-Woverloaded-virtual]
  virtual void configure (Config &);
               ^
/tmp/aspectc++/AspectC++-Project/Puma/gen-release/step1/inc/Puma/Project.h:95:16: note: hidden overloaded virtual function 'Puma::Project::configure' declared here: type mismatch at 1st parameter ('const Puma::Config &' vs 'Puma::Config &')
  virtual void configure (const Config &);
               ^
In file included from SatChecker.cpp:24:
In file included from /tmp/aspectc++/AspectC++-Project/Puma/gen-release/step1/inc/Puma/CParser.h:25:
In file included from /tmp/aspectc++/AspectC++-Project/Puma/gen-release/step1/inc/Puma/Parser.h:28:
In file included from /tmp/aspectc++/AspectC++-Project/Puma/gen-release/step1/inc/Puma/Semantic.h:25:
/tmp/aspectc++/AspectC++-Project/Puma/gen-release/step1/inc/Puma/CSemDatabase.h:213:53: warning: unused parameter 'size' [-Wunused-parameter]
inline CSemDatabase::CSemDatabase (CProject &p, int size) :
                                                    ^
In file included from SatChecker.cpp:24:
In file included from /tmp/aspectc++/AspectC++-Project/Puma/gen-release/step1/inc/Puma/CParser.h:25:
In file included from /tmp/aspectc++/AspectC++-Project/Puma/gen-release/step1/inc/Puma/Parser.h:28:
/tmp/aspectc++/AspectC++-Project/Puma/gen-release/step1/inc/Puma/Semantic.h:108:35: warning: unused parameter 'c' [-Wunused-parameter]
  virtual void configure (Config &c) {}
                                  ^
In file included from SatChecker.cpp:24:
In file included from /tmp/aspectc++/AspectC++-Project/Puma/gen-release/step1/inc/Puma/CParser.h:26:
In file included from /tmp/aspectc++/AspectC++-Project/Puma/gen-release/step1/inc/Puma/CSyntax.h:27:
/tmp/aspectc++/AspectC++-Project/Puma/gen-release/step2/inc/Puma/CSemantic.h:726:93: warning: unused parameter 's' [-Wunused-parameter]
__attribute__((always_inline)) inline void Puma::CSemantic::__exec_old_C1(::Puma::CSyntax & s,::Puma::CBuilder & b)
                                                                                            ^
/tmp/aspectc++/AspectC++-Project/Puma/gen-release/step2/inc/Puma/CSemantic.h:726:114: warning: unused parameter 'b' [-Wunused-parameter]
__attribute__((always_inline)) inline void Puma::CSemantic::__exec_old_C1(::Puma::CSyntax & s,::Puma::CBuilder & b)
                                                                                                                 ^
In file included from SatChecker.cpp:24:
In file included from /tmp/aspectc++/AspectC++-Project/Puma/gen-release/step1/inc/Puma/CParser.h:26:
/tmp/aspectc++/AspectC++-Project/Puma/gen-release/step2/inc/Puma/CSyntax.h:8631:97: warning: unused parameter 's' [-Wunused-parameter]
__attribute__((always_inline)) inline static ::Puma::CTree * __exec_old_build(::Puma::CSyntax & s)
                                                                                                ^
/tmp/aspectc++/AspectC++-Project/Puma/gen-release/step2/inc/Puma/CSyntax.h:12238:97: warning: unused parameter 's' [-Wunused-parameter]
__attribute__((always_inline)) inline static ::Puma::CTree * __exec_old_build(::Puma::CSyntax & s)
                                                                                                ^
In file included from SatChecker.cpp:29:
/usr/include/pstreams/pstream.h:1820:28: error: out-of-line definition of 'redi::basic_pstreambuf::wpipe' differs from the declaration in the return type
    basic_pstreambuf<C,T>::wpipe()
                           ^
/usr/include/pstreams/pstream.h:219:7: note: previous declaration is here
      wpipe();
      ^
/usr/include/pstreams/pstream.h:1828:28: error: out-of-line definition of 'redi::basic_pstreambuf::rpipe' differs from the declaration in the return type
    basic_pstreambuf<C,T>::rpipe()
                           ^
/usr/include/pstreams/pstream.h:223:7: note: previous declaration is here
      rpipe();
      ^
/usr/include/pstreams/pstream.h:1836:28: error: out-of-line definition of 'redi::basic_pstreambuf::rpipe' differs from the declaration in the return type
    basic_pstreambuf<C,T>::rpipe(buf_read_src which)
                           ^
/usr/include/pstreams/pstream.h:227:7: note: previous declaration is here
      rpipe(buf_read_src which);
      ^
In file included from SatChecker.cpp:42:
In file included from ./PumaConditionalBlock.h:33:
In file included from /tmp/aspectc++/AspectC++-Project/Puma/gen-release/step1/inc/Puma/CCParser.h:23:
In file included from /tmp/aspectc++/AspectC++-Project/Puma/gen-release/step2/inc/Puma/CCSyntax.h:604:
In file included from /tmp/aspectc++/AspectC++-Project/Puma/gen-release/step1/aspects/Puma/CCBuilderExtension.ah:22:
/tmp/aspectc++/AspectC++-Project/Puma/gen-release/step1/inc/Puma/CCBuilder.h:44:18: warning: 'Puma::CCBuilder::postfix_expr' hides overloaded virtual function [-Woverloaded-virtual]
  virtual CTree *postfix_expr (CTree * = (CTree*)0);
                 ^
/tmp/aspectc++/AspectC++-Project/Puma/gen-release/step1/inc/Puma/CBuilder.h:48:18: note: hidden overloaded virtual function 'Puma::CBuilder::postfix_expr' declared here: different number of parameters (0 vs 1)
  virtual CTree *postfix_expr ();
                 ^
In file included from SatChecker.cpp:42:
In file included from ./PumaConditionalBlock.h:33:
In file included from /tmp/aspectc++/AspectC++-Project/Puma/gen-release/step1/inc/Puma/CCParser.h:23:
In file included from /tmp/aspectc++/AspectC++-Project/Puma/gen-release/step2/inc/Puma/CCSyntax.h:604:
In file included from /tmp/aspectc++/AspectC++-Project/Puma/gen-release/step1/aspects/Puma/CCBuilderExtension.ah:22:
/tmp/aspectc++/AspectC++-Project/Puma/gen-release/step1/inc/Puma/CCBuilder.h:58:18: warning: 'Puma::CCBuilder::condition' hides overloaded virtual function [-Woverloaded-virtual]
  virtual CTree *condition (); 
                 ^
/tmp/aspectc++/AspectC++-Project/Puma/gen-release/step1/inc/Puma/CBuilder.h:82:18: note: hidden overloaded virtual function 'Puma::CBuilder::condition' declared here: different number of parameters (1 vs 0)
  virtual CTree *condition (CTree * = (CTree*)0); 
                 ^
In file included from SatChecker.cpp:42:
In file included from ./PumaConditionalBlock.h:33:
In file included from /tmp/aspectc++/AspectC++-Project/Puma/gen-release/step1/inc/Puma/CCParser.h:25:
/tmp/aspectc++/AspectC++-Project/Puma/gen-release/step1/inc/Puma/CCSemantic.h:217:15: warning: 'Puma::CCSemantic::array_delim' hides overloaded virtual function [-Woverloaded-virtual]
  CStructure *array_delim (CStructure * = 0);
              ^
/tmp/aspectc++/AspectC++-Project/Puma/gen-release/step1/inc/Puma/CSemantic.h:79:18: note: hidden overloaded virtual function 'Puma::CSemantic::array_delim' declared here: different number of parameters (0 vs 1)
  virtual CTree *array_delim ();
                 ^
SatChecker.cpp:80:41: error: too few arguments to function call, expected 1, have 0
    return Picosat::picosat_inc_max_var();
           ~~~~~~~~~~~~~~~~~~~~~~~~~~~~ ^
/usr/include/picosat/picosat.h:215:1: note: 'picosat_inc_max_var' declared here
int picosat_inc_max_var (PicoSAT *);
^
SatChecker.cpp:85:32: error: too few arguments to function call, expected 2, have 1
        Picosat::picosat_add(*x);
        ~~~~~~~~~~~~~~~~~~~~   ^
/usr/include/picosat/picosat.h:295:1: note: 'picosat_add' declared here
int picosat_add (PicoSAT *, int lit);
^
SatChecker.cpp:86:27: error: too few arguments to function call, expected 2, have 1
    Picosat::picosat_add(0);
    ~~~~~~~~~~~~~~~~~~~~  ^
/usr/include/picosat/picosat.h:295:1: note: 'picosat_add' declared here
int picosat_add (PicoSAT *, int lit);
^
SatChecker.cpp:311:32: error: too few arguments to function call, expected 1, have 0
        Picosat::picosat_reset();
        ~~~~~~~~~~~~~~~~~~~~~~ ^
/usr/include/picosat/picosat.h:82:1: note: 'picosat_reset' declared here
void picosat_reset (PicoSAT *);         /* destructor */
^
SatChecker.cpp:321:39: error: too few arguments to function call, expected 2, have 1
    Picosat::picosat_assume(top_clause);
    ~~~~~~~~~~~~~~~~~~~~~~~           ^
/usr/include/picosat/picosat.h:392:1: note: 'picosat_assume' declared here
void picosat_assume (PicoSAT *, int lit);
^
SatChecker.cpp:340:55: error: too few arguments to function call, expected 2, have 1
        Picosat::picosat_set_global_default_phase(mode);
        ~~~~~~~~~~~~~~~~~~~~~~~~~~~~~~~~~~~~~~~~~     ^
/usr/include/picosat/picosat.h:124:1: note: 'picosat_set_global_default_phase' declared here
void picosat_set_global_default_phase (PicoSAT *, int);
^
SatChecker.cpp:344:42: error: too few arguments to function call, expected 2, have 1
        int res = Picosat::picosat_sat(-1);
                  ~~~~~~~~~~~~~~~~~~~~   ^
/usr/include/picosat/picosat.h:409:1: note: 'picosat_sat' declared here
int picosat_sat (PicoSAT *, int decision_limit);
^
SatChecker.cpp:351:66: error: too few arguments to function call, expected 2, have 1
                bool selected = Picosat::picosat_deref(it->second) == 1;
                                ~~~~~~~~~~~~~~~~~~~~~~           ^
/usr/include/picosat/picosat.h:426:1: note: 'picosat_deref' declared here
int picosat_deref (PicoSAT *, int lit);
^
SatChecker.cpp:356:32: error: too few arguments to function call, expected 1, have 0
        Picosat::picosat_reset();
        ~~~~~~~~~~~~~~~~~~~~~~ ^
/usr/include/picosat/picosat.h:82:1: note: 'picosat_reset' declared here
void picosat_reset (PicoSAT *);         /* destructor */
^
SatChecker.cpp:667:54: warning: unused parameter 'missingSet' [-Wunused-parameter]
                                   const MissingSet &missingSet) {
                                                     ^
SatChecker.cpp:744:44: error: too few arguments to function call, expected 2, have 1
        Picosat::picosat_assume(base_clause);
        ~~~~~~~~~~~~~~~~~~~~~~~            ^
/usr/include/picosat/picosat.h:392:1: note: 'picosat_assume' declared here
void picosat_assume (PicoSAT *, int lit);
^
SatChecker.cpp:749:66: error: too few arguments to function call, expected 2, have 1
            Picosat::picosat_assume(stringToSymbol((*it).c_str()));
            ~~~~~~~~~~~~~~~~~~~~~~~                              ^
/usr/include/picosat/picosat.h:392:1: note: 'picosat_assume' declared here
void picosat_assume (PicoSAT *, int lit);
^
SatChecker.cpp:753:52: error: too few arguments to function call, expected 2, have 1
        Picosat::picosat_set_global_default_phase(1);
        ~~~~~~~~~~~~~~~~~~~~~~~~~~~~~~~~~~~~~~~~~  ^
/usr/include/picosat/picosat.h:124:1: note: 'picosat_set_global_default_phase' declared here
void picosat_set_global_default_phase (PicoSAT *, int);
^
SatChecker.cpp:755:42: error: too few arguments to function call, expected 2, have 1
        int res = Picosat::picosat_sat(-1);
                  ~~~~~~~~~~~~~~~~~~~~   ^
/usr/include/picosat/picosat.h:409:1: note: 'picosat_sat' declared here
int picosat_sat (PicoSAT *, int decision_limit);
^
SatChecker.cpp:763:66: error: too few arguments to function call, expected 2, have 1
                bool selected = Picosat::picosat_deref(it->second) == 1;
                                ~~~~~~~~~~~~~~~~~~~~~~           ^
/usr/include/picosat/picosat.h:426:1: note: 'picosat_deref' declared here
int picosat_deref (PicoSAT *, int lit);
^
19 warnings and 17 errors generated.
make[3]: *** [SatChecker.o] Error 1
make[3]: Leaving directory `/«PKGBUILDDIR»/undertaker'
make[2]: *** [undertaker/undertaker] Error 2
dh_auto_build: make -j1 returned exit code 2
make[1]: *** [override_dh_auto_build] Error 2
make: *** [build-arch] Error 2
dpkg-buildpackage: error: debian/rules build-arch gave error exit status 2
make[2]: Leaving directory `/«PKGBUILDDIR»'
make[1]: Leaving directory `/«PKGBUILDDIR»'
────────────────────────────────────────────────────────────────────────────────
Build finished at 20130715-1323

Finished
────────

E: Build failure (dpkg-buildpackage died)

┌──────────────────────────────────────────────────────────────────────────────┐
│ Cleanup                                                                      │
└──────────────────────────────────────────────────────────────────────────────┘

Purging /«BUILDDIR»
Not cleaning session: cloned chroot in use

┌──────────────────────────────────────────────────────────────────────────────┐
│ Summary                                                                      │
└──────────────────────────────────────────────────────────────────────────────┘

Build Architecture: amd64
Build-Space: 32576
Build-Time: 37
Distribution: unstable
Fail-Stage: build
Host Architecture: amd64
Install-Time: 20
Job: undertaker_1.3b-1
Machine Architecture: amd64
Package: undertaker
Package-Time: 107
Source-Version: 1.3b-1
Space: 32576
Status: attempted
Version: 1.3b-1clang1
────────────────────────────────────────────────────────────────────────────────
Finished at 20130715-1323
Build needed 00:01:47, 32576k disc space
DC-Status: Failed 107.486810191s
DC-Time-Estimation: 107.486810191 versus expected 1 (r/m: 106.486810191 ; m: 1.0)
