DC-Build-Header: yade 0.97.0-4 / 2013-07-15 13:29:26 +0000
DC-Task: source:yade version:0.97.0-4 architecture:any chroot:unstable esttime: logfile:/tmp/yade_0.97.0-4_unstable_clang.log modes:binary-only:clang
DC-Sbuild-call: su user -c 'sbuild -n --apt-update -d unstable -v  --chroot-setup-commands=/tmp/switch-to-clang --append-to-version "clang1" --maintainer "Lucas Nussbaum <lucas@debian.org>" --uploader "Lucas Nussbaum <lucas@debian.org>" yade_0.97.0-4'
sbuild (Debian sbuild) 0.63.2 (18 Aug 2012) on ip-10-235-40-9.ec2.internal

╔══════════════════════════════════════════════════════════════════════════════╗
║ yade 0.97.0-4clang1 (amd64)                                15 Jul 2013 13:29 ║
╚══════════════════════════════════════════════════════════════════════════════╝

Package: yade
Version: 0.97.0-4clang1
Source Version: 0.97.0-4
Distribution: unstable
Machine Architecture: amd64
Host Architecture: amd64
Build Architecture: amd64

I: NOTICE: Log filtering will replace 'build/yade-50Q6lr/yade-0.97.0' with '«PKGBUILDDIR»'
I: NOTICE: Log filtering will replace 'build/yade-50Q6lr' with '«BUILDDIR»'
I: NOTICE: Log filtering will replace 'var/lib/schroot/mount/unstable-amd64-sbuild-03378a97-f70b-4492-8de5-1d8b44ee6128' with '«CHROOT»'

┌──────────────────────────────────────────────────────────────────────────────┐
│ Update chroot                                                                │
└──────────────────────────────────────────────────────────────────────────────┘

Get:1 http://localhost:9999 unstable InRelease [204 kB]
Get:2 http://localhost:9999 unstable/main Sources/DiffIndex [7876 B]
Get:3 http://localhost:9999 unstable/main amd64 Packages/DiffIndex [7876 B]
Get:4 http://localhost:9999 unstable/main Translation-en/DiffIndex [7876 B]
Get:5 http://localhost:9999 unstable/main 2013-07-13-2032.15.pdiff [23.1 kB]
Get:6 http://localhost:9999 unstable/main amd64 2013-07-13-2032.15.pdiff [16.9 kB]
Get:7 http://localhost:9999 unstable/main 2013-07-13-2032.15.pdiff [23.1 kB]
Get:8 http://localhost:9999 unstable/main 2013-07-13-2032.15.pdiff [1809 B]
Get:9 http://localhost:9999 unstable/main amd64 2013-07-13-2032.15.pdiff [16.9 kB]
Get:10 http://localhost:9999 unstable/main 2013-07-14-0231.07.pdiff [12.9 kB]
Get:11 http://localhost:9999 unstable/main 2013-07-13-2032.15.pdiff [1809 B]
Get:12 http://localhost:9999 unstable/main amd64 2013-07-14-0231.07.pdiff [14.9 kB]
Get:13 http://localhost:9999 unstable/main 2013-07-14-0231.07.pdiff [12.9 kB]
Get:14 http://localhost:9999 unstable/main 2013-07-14-0231.07.pdiff [1384 B]
Get:15 http://localhost:9999 unstable/main amd64 2013-07-14-0231.07.pdiff [14.9 kB]
Get:16 http://localhost:9999 unstable/main 2013-07-14-0832.16.pdiff [4670 B]
Get:17 http://localhost:9999 unstable/main 2013-07-14-0231.07.pdiff [1384 B]
Get:18 http://localhost:9999 unstable/main amd64 2013-07-14-0832.16.pdiff [1624 B]
Get:19 http://localhost:9999 unstable/main 2013-07-14-0832.16.pdiff [4670 B]
Get:20 http://localhost:9999 unstable/main 2013-07-14-0832.16.pdiff [337 B]
Get:21 http://localhost:9999 unstable/main amd64 2013-07-14-0832.16.pdiff [1624 B]
Get:22 http://localhost:9999 unstable/main 2013-07-14-1431.18.pdiff [11.4 kB]
Get:23 http://localhost:9999 unstable/main 2013-07-14-0832.16.pdiff [337 B]
Get:24 http://localhost:9999 unstable/main amd64 2013-07-14-1431.18.pdiff [8223 B]
Get:25 http://localhost:9999 unstable/main 2013-07-14-1431.18.pdiff [11.4 kB]
Get:26 http://localhost:9999 unstable/main 2013-07-14-1431.18.pdiff [887 B]
Get:27 http://localhost:9999 unstable/main amd64 2013-07-14-1431.18.pdiff [8223 B]
Get:28 http://localhost:9999 unstable/main 2013-07-14-2031.21.pdiff [9038 B]
Get:29 http://localhost:9999 unstable/main 2013-07-14-1431.18.pdiff [887 B]
Get:30 http://localhost:9999 unstable/main amd64 2013-07-14-2031.21.pdiff [9955 B]
Get:31 http://localhost:9999 unstable/main 2013-07-14-2031.21.pdiff [9038 B]
Get:32 http://localhost:9999 unstable/main 2013-07-14-2031.21.pdiff [2736 B]
Get:33 http://localhost:9999 unstable/main amd64 2013-07-14-2031.21.pdiff [9955 B]
Get:34 http://localhost:9999 unstable/main 2013-07-15-0229.01.pdiff [9715 B]
Get:35 http://localhost:9999 unstable/main 2013-07-14-2031.21.pdiff [2736 B]
Get:36 http://localhost:9999 unstable/main amd64 2013-07-15-0229.01.pdiff [12.7 kB]
Get:37 http://localhost:9999 unstable/main 2013-07-15-0229.01.pdiff [9715 B]
Get:38 http://localhost:9999 unstable/main 2013-07-15-0229.01.pdiff [2239 B]
Get:39 http://localhost:9999 unstable/main amd64 2013-07-15-0229.01.pdiff [12.7 kB]
Get:40 http://localhost:9999 unstable/main 2013-07-15-0830.19.pdiff [3273 B]
Get:41 http://localhost:9999 unstable/main 2013-07-15-0229.01.pdiff [2239 B]
Get:42 http://localhost:9999 unstable/main amd64 2013-07-15-0830.19.pdiff [3964 B]
Get:43 http://localhost:9999 unstable/main 2013-07-15-0830.19.pdiff [3273 B]
Get:44 http://localhost:9999 unstable/main 2013-07-15-0830.19.pdiff [1357 B]
Get:45 http://localhost:9999 unstable/main amd64 2013-07-15-0830.19.pdiff [3964 B]
Get:46 http://localhost:9999 unstable/main 2013-07-15-0830.19.pdiff [1357 B]
Fetched 381 kB in 27s (13.9 kB/s)
Reading package lists...
Reading package lists...
Building dependency tree...
Reading state information...
The following packages will be upgraded:
  initscripts sysv-rc sysvinit sysvinit-utils
4 upgraded, 0 newly installed, 0 to remove and 0 not upgraded.
Need to get 405 kB of archives.
After this operation, 20.5 kB disk space will be freed.
Get:1 http://localhost:9999/debian/ unstable/main sysvinit amd64 2.88dsf-42 [134 kB]
Get:2 http://localhost:9999/debian/ unstable/main sysv-rc all 2.88dsf-42 [80.4 kB]
Get:3 http://localhost:9999/debian/ unstable/main sysvinit-utils amd64 2.88dsf-42 [103 kB]
Get:4 http://localhost:9999/debian/ unstable/main initscripts amd64 2.88dsf-42 [87.1 kB]
debconf: delaying package configuration, since apt-utils is not installed
Fetched 405 kB in 0s (10.6 MB/s)
(Reading database ... 13844 files and directories currently installed.)
Preparing to replace sysvinit 2.88dsf-41 (using .../sysvinit_2.88dsf-42_amd64.deb) ...
Unpacking replacement sysvinit ...
Setting up sysvinit (2.88dsf-42) ...
Not restarting sysvinit
(Reading database ... 13844 files and directories currently installed.)
Preparing to replace sysv-rc 2.88dsf-41 (using .../sysv-rc_2.88dsf-42_all.deb) ...
Unpacking replacement sysv-rc ...
Preparing to replace sysvinit-utils 2.88dsf-41 (using .../sysvinit-utils_2.88dsf-42_amd64.deb) ...
Unpacking replacement sysvinit-utils ...
Setting up sysvinit-utils (2.88dsf-42) ...
Setting up sysv-rc (2.88dsf-42) ...
(Reading database ... 13844 files and directories currently installed.)
Preparing to replace initscripts 2.88dsf-41 (using .../initscripts_2.88dsf-42_amd64.deb) ...
Removing unmodified and obsolete conffile /etc/init.d/mtab.sh ...
Unpacking replacement initscripts ...
Setting up initscripts (2.88dsf-42) ...
Installing new version of config file /etc/init.d/bootmisc.sh ...
Installing new version of config file /etc/init.d/checkfs.sh ...
Installing new version of config file /etc/init.d/checkroot.sh ...
Installing new version of config file /etc/init.d/checkroot-bootclean.sh ...
Installing new version of config file /etc/init.d/mountdevsubfs.sh ...
Installing new version of config file /etc/init.d/mountkernfs.sh ...
Installing new version of config file /etc/init.d/rmnologin ...
Installing new version of config file /etc/network/if-up.d/mountnfs ...

┌──────────────────────────────────────────────────────────────────────────────┐
│ Fetch source files                                                           │
└──────────────────────────────────────────────────────────────────────────────┘


Check APT
─────────

Checking available source versions...

Download source files with APT
──────────────────────────────

Reading package lists...
Building dependency tree...
Reading state information...
NOTICE: 'yade' packaging is maintained in the 'Git' version control system at:
git://git.debian.org/git/debian-science/packages/yade.git
Need to get 3845 kB of source archives.
Get:1 http://localhost:9999/debian/ unstable/main yade 0.97.0-4 (dsc) [2659 B]
Get:2 http://localhost:9999/debian/ unstable/main yade 0.97.0-4 (tar) [3823 kB]
Get:3 http://localhost:9999/debian/ unstable/main yade 0.97.0-4 (diff) [19.4 kB]
Fetched 3845 kB in 0s (7443 kB/s)
Download complete and in download only mode

Check arch
──────────


┌──────────────────────────────────────────────────────────────────────────────┐
│ Chroot Setup Commands                                                        │
└──────────────────────────────────────────────────────────────────────────────┘


/tmp/switch-to-clang
────────────────────

+ echo 'Entering customization script...'
Entering customization script...
+ echo 'Install of clang'
Install of clang
+ apt-get update
Hit http://localhost:9999 unstable InRelease
Hit http://localhost:9999 unstable/main Sources/DiffIndex
Hit http://localhost:9999 unstable/main amd64 Packages/DiffIndex
Hit http://localhost:9999 unstable/main Translation-en/DiffIndex
Reading package lists...
+ apt-get install --yes --no-install-recommends --force-yes clang-3.3
Reading package lists...
Building dependency tree...
Reading state information...
The following extra packages will be installed:
  libclang-common-3.3-dev libclang1-3.3 libffi6 libllvm3.3 libobjc-4.7-dev
  libobjc4 libstdc++6-4.7-dev
Suggested packages:
  libstdc++6-4.7-doc
Recommended packages:
  llvm-3.3-dev python
The following NEW packages will be installed:
  clang-3.3 libclang-common-3.3-dev libclang1-3.3 libffi6 libllvm3.3
  libobjc-4.7-dev libobjc4 libstdc++6-4.7-dev
0 upgraded, 8 newly installed, 0 to remove and 0 not upgraded.
Need to get 27.2 MB of archives.
After this operation, 80.8 MB of additional disk space will be used.
Get:1 http://localhost:9999/debian/ unstable/main libffi6 amd64 3.0.13-4 [21.6 kB]
Get:2 http://localhost:9999/debian/ unstable/main libllvm3.3 amd64 1:3.3-3 [8575 kB]
Get:3 http://localhost:9999/debian/ unstable/main libobjc4 amd64 4.8.1-6 [160 kB]
Get:4 http://localhost:9999/debian/ unstable/main libstdc++6-4.7-dev amd64 4.7.3-5 [1695 kB]
Get:5 http://localhost:9999/debian/ unstable/main libobjc-4.7-dev amd64 4.7.3-5 [719 kB]
Get:6 http://localhost:9999/debian/ unstable/main libclang-common-3.3-dev amd64 1:3.3-3 [574 kB]
Get:7 http://localhost:9999/debian/ unstable/main libclang1-3.3 amd64 1:3.3-3 [4579 kB]
Get:8 http://localhost:9999/debian/ unstable/main clang-3.3 amd64 1:3.3-3 [10.9 MB]
debconf: delaying package configuration, since apt-utils is not installed
Fetched 27.2 MB in 1s (25.6 MB/s)
Selecting previously unselected package libffi6:amd64.
(Reading database ... 13843 files and directories currently installed.)
Unpacking libffi6:amd64 (from .../libffi6_3.0.13-4_amd64.deb) ...
Selecting previously unselected package libllvm3.3:amd64.
Unpacking libllvm3.3:amd64 (from .../libllvm3.3_1%3a3.3-3_amd64.deb) ...
Selecting previously unselected package libobjc4:amd64.
Unpacking libobjc4:amd64 (from .../libobjc4_4.8.1-6_amd64.deb) ...
Selecting previously unselected package libstdc++6-4.7-dev:amd64.
Unpacking libstdc++6-4.7-dev:amd64 (from .../libstdc++6-4.7-dev_4.7.3-5_amd64.deb) ...
Selecting previously unselected package libobjc-4.7-dev:amd64.
Unpacking libobjc-4.7-dev:amd64 (from .../libobjc-4.7-dev_4.7.3-5_amd64.deb) ...
Selecting previously unselected package libclang-common-3.3-dev.
Unpacking libclang-common-3.3-dev (from .../libclang-common-3.3-dev_1%3a3.3-3_amd64.deb) ...
Selecting previously unselected package libclang1-3.3.
Unpacking libclang1-3.3 (from .../libclang1-3.3_1%3a3.3-3_amd64.deb) ...
Selecting previously unselected package clang-3.3.
Unpacking clang-3.3 (from .../clang-3.3_1%3a3.3-3_amd64.deb) ...
Setting up libffi6:amd64 (3.0.13-4) ...
Setting up libllvm3.3:amd64 (1:3.3-3) ...
Setting up libobjc4:amd64 (4.8.1-6) ...
Setting up libstdc++6-4.7-dev:amd64 (4.7.3-5) ...
Setting up libobjc-4.7-dev:amd64 (4.7.3-5) ...
Setting up libclang-common-3.3-dev (1:3.3-3) ...
Setting up libclang1-3.3 (1:3.3-3) ...
Setting up clang-3.3 (1:3.3-3) ...
Processing triggers for libc-bin ...
+ echo 'Replace gcc, g++ & cpp by clang'
Replace gcc, g++ & cpp by clang
+ VERSIONS='4.6 4.7 4.8'
+ cd /usr/bin
+ for VERSION in '$VERSIONS'
+ rm -f g++-4.6 gcc-4.6 cpp-4.6
+ ln -s clang++ g++-4.6
+ ln -s clang gcc-4.6
+ ln -s clang cpp-4.6
+ for VERSION in '$VERSIONS'
+ rm -f g++-4.7 gcc-4.7 cpp-4.7
+ ln -s clang++ g++-4.7
+ ln -s clang gcc-4.7
+ ln -s clang cpp-4.7
+ for VERSION in '$VERSIONS'
+ rm -f g++-4.8 gcc-4.8 cpp-4.8
+ ln -s clang++ g++-4.8
+ ln -s clang gcc-4.8
+ ln -s clang cpp-4.8
+ cd -
/«BUILDDIR»
+ echo 'Block the installation of new gcc version'
Block the installation of new gcc version
+ dpkg --set-selections
+ echo 'gcc-4.6 hold'
+ dpkg --set-selections
+ echo 'cpp-4.6 hold'
+ dpkg --set-selections
+ echo 'g++-4.6 hold'
+ dpkg --set-selections
+ echo 'gcc-4.7 hold'
+ dpkg --set-selections
+ echo 'cpp-4.7 hold'
+ dpkg --set-selections
+ echo 'g++-4.7 hold'
+ dpkg --set-selections
+ echo 'gcc-4.8 hold'
+ dpkg --set-selections
+ echo 'cpp-4.8 hold'
+ dpkg --set-selections
+ echo 'g++-4.8 hold'
+ echo 'Check if gcc, g++ & cpp are actually clang'
Check if gcc, g++ & cpp are actually clang
+ grep clang
+ gcc --version
+ grep clang
+ cpp --version
+ grep clang
+ g++ --version

I: Finished running '/tmp/switch-to-clang'.

Finished processing commands.
────────────────────────────────────────────────────────────────────────────────
Merged Build-Depends: build-essential, fakeroot
Filtered Build-Depends: build-essential, fakeroot
dpkg-deb: building package `sbuild-build-depends-core-dummy' in `/«BUILDDIR»/resolver-Gln7G6/apt_archive/sbuild-build-depends-core-dummy.deb'.
OK
Reading package lists...

┌──────────────────────────────────────────────────────────────────────────────┐
│ Install core build dependencies (apt-based resolver)                         │
└──────────────────────────────────────────────────────────────────────────────┘

Installing build dependencies
Reading package lists...
Building dependency tree...
Reading state information...
The following NEW packages will be installed:
  sbuild-build-depends-core-dummy
debconf: delaying package configuration, since apt-utils is not installed
0 upgraded, 1 newly installed, 0 to remove and 0 not upgraded.
Need to get 0 B/710 B of archives.
After this operation, 0 B of additional disk space will be used.
Selecting previously unselected package sbuild-build-depends-core-dummy.
(Reading database ... 14698 files and directories currently installed.)
Unpacking sbuild-build-depends-core-dummy (from .../sbuild-build-depends-core-dummy.deb) ...
Setting up sbuild-build-depends-core-dummy (0.invalid.0) ...
Merged Build-Depends: base-files, base-passwd, bash, bsdutils, coreutils, dash, debianutils, diffutils, dpkg, e2fsprogs, findutils, grep, gzip, hostname, libc-bin, login, mount, ncurses-base, ncurses-bin, perl-base, sed, sysvinit, sysvinit-utils, tar, util-linux, libc6-dev | libc-dev, gcc (>= 4:4.4.3), g++ (>= 4:4.4.3), make, dpkg-dev (>= 1.13.5), binutils-gold, cmake, debhelper (>= 9), freeglut3-dev, help2man, ipython, libboost-all-dev, libcgal-dev, libeigen3-dev, libgl1-mesa-dev, libgts-dev, libloki-dev, libqglviewer-dev, libvtk5-dev, libxi-dev, libxmu-dev, pyqt4-dev-tools, python-all-dev (>= 2.6.6-3~), python-argparse, python-gts, python-imaging, python-matplotlib, python-minieigen, python-numpy, python-qt4, python-support, python-tk, python-xlib
Filtered Build-Depends: base-files, base-passwd, bash, bsdutils, coreutils, dash, debianutils, diffutils, dpkg, e2fsprogs, findutils, grep, gzip, hostname, libc-bin, login, mount, ncurses-base, ncurses-bin, perl-base, sed, sysvinit, sysvinit-utils, tar, util-linux, libc6-dev, gcc (>= 4:4.4.3), g++ (>= 4:4.4.3), make, dpkg-dev (>= 1.13.5), binutils-gold, cmake, debhelper (>= 9), freeglut3-dev, help2man, ipython, libboost-all-dev, libcgal-dev, libeigen3-dev, libgl1-mesa-dev, libgts-dev, libloki-dev, libqglviewer-dev, libvtk5-dev, libxi-dev, libxmu-dev, pyqt4-dev-tools, python-all-dev (>= 2.6.6-3~), python-argparse, python-gts, python-imaging, python-matplotlib, python-minieigen, python-numpy, python-qt4, python-support, python-tk, python-xlib
dpkg-deb: building package `sbuild-build-depends-yade-dummy' in `/«BUILDDIR»/resolver-_3IGZH/apt_archive/sbuild-build-depends-yade-dummy.deb'.
OK
Reading package lists...

┌──────────────────────────────────────────────────────────────────────────────┐
│ Install yade build dependencies (apt-based resolver)                         │
└──────────────────────────────────────────────────────────────────────────────┘

Installing build dependencies
Reading package lists...
Building dependency tree...
Reading state information...
The following extra packages will be installed:
  adduser binutils-gold blt bsdmainutils cmake cmake-data comerr-dev debhelper
  emacsen-common file fontconfig fontconfig-config fonts-dejavu-core fonts-lyx
  freeglut3 freeglut3-dev gccxml gettext gettext-base gir1.2-glib-2.0
  groff-base help2man intltool-debian ipython iso-codes krb5-multidev
  libarchive13 libasprintf0c2 libatk1.0-0 libatk1.0-data libaudio2
  libavahi-client3 libavahi-common-data libavahi-common3 libavcodec-dev
  libavcodec53 libavformat-dev libavformat53 libavutil-dev libavutil51
  libblas3 libboost-all-dev libboost-chrono-dev libboost-chrono1.49-dev
  libboost-chrono1.49.0 libboost-date-time-dev libboost-date-time1.49-dev
  libboost-date-time1.49.0 libboost-dev libboost-filesystem-dev
  libboost-filesystem1.49-dev libboost-filesystem1.49.0 libboost-graph-dev
  libboost-graph-parallel-dev libboost-graph-parallel1.49-dev
  libboost-graph1.49-dev libboost-iostreams-dev libboost-iostreams1.49-dev
  libboost-iostreams1.49.0 libboost-locale-dev libboost-locale1.49-dev
  libboost-locale1.49.0 libboost-math-dev libboost-math1.49-dev
  libboost-math1.49.0 libboost-mpi-dev libboost-mpi-python-dev
  libboost-mpi-python1.49-dev libboost-mpi-python1.49.0 libboost-mpi1.49-dev
  libboost-mpi1.49.0 libboost-program-options-dev
  libboost-program-options1.49-dev libboost-program-options1.49.0
  libboost-python-dev libboost-python1.49-dev libboost-python1.49.0
  libboost-random-dev libboost-random1.49-dev libboost-random1.49.0
  libboost-regex-dev libboost-regex1.49-dev libboost-regex1.49.0
  libboost-serialization-dev libboost-serialization1.49-dev
  libboost-serialization1.49.0 libboost-signals-dev libboost-signals1.49-dev
  libboost-signals1.49.0 libboost-system-dev libboost-system1.49-dev
  libboost-system1.49.0 libboost-test-dev libboost-test1.49-dev
  libboost-test1.49.0 libboost-thread-dev libboost-thread1.49-dev
  libboost-thread1.49.0 libboost-timer-dev libboost-timer1.49-dev
  libboost-timer1.49.0 libboost-wave-dev libboost-wave1.49-dev
  libboost-wave1.49.0 libboost1.49-dev libcairo2 libcf0 libcgal-dev libcgal10
  libcroco3 libcups2 libcurl3-gnutls libdatrie1 libdbus-1-3 libdirac-encoder0
  libdouble-conversion0 libdrm-dev libdrm-intel1 libdrm-nouveau2
  libdrm-radeon1 libdrm2 libegl1-mesa libeigen3-dev libelfg0 libexpat1
  libexpat1-dev libfontconfig1 libfontconfig1-dev libfreetype6
  libfreetype6-dev libgbm1 libgcrypt11 libgdk-pixbuf2.0-0
  libgdk-pixbuf2.0-common libgfortran3 libgirepository-1.0-1 libgl1-mesa-dev
  libgl1-mesa-glx libgl2ps-dev libgl2ps0 libglapi-mesa libglib2.0-0
  libglib2.0-bin libglib2.0-data libglib2.0-dev libglu1-mesa libglu1-mesa-dev
  libgmp-dev libgnutls26 libgpg-error0 libgraphite2-3 libgsm1 libgssapi-krb5-2
  libgssrpc4 libgstreamer-plugins-base0.10-0 libgstreamer0.10-0 libgtk2.0-0
  libgtk2.0-common libgts-0.7-5 libgts-dev libharfbuzz0a libhdf5-7
  libibverbs-dev libibverbs1 libice-dev libice6 libicu-dev libicu48 libidn11
  libjasper1 libjbig-dev libjbig0 libjpeg8 libjpeg8-dev libjs-jquery
  libjs-sphinxdoc libjs-underscore libk5crypto3 libkadm5clnt-mit8
  libkadm5srv-mit8 libkdb5-6 libkeyutils1 libkms1 libkrb5-3 libkrb5-dev
  libkrb5support0 liblapack3 liblcms1 libldap-2.4-2 libllvm3.2 libloki-dev
  libloki0.1.7 liblzo2-2 libmagic1 libmng1 libmp3lame0 libmpfr-dev
  libmysqlclient-dev libmysqlclient18 libncursesw5 libnetcdf-dev libnetcdfc++4
  libnetcdfc7 libnetcdff5 libnettle4 libnuma1 libogg0 libopenjpeg2
  libopenmpi-dev libopenmpi1.3 liborc-0.4-0 libp11-kit0 libpango-1.0-0
  libpango1.0-0 libpangocairo-1.0-0 libpangoft2-1.0-0 libpangox-1.0-0
  libpangoxft-1.0-0 libpciaccess0 libpcre3-dev libpcrecpp0 libpipeline1
  libpixman-1-0 libpng12-0 libpng12-dev libpopt0 libpq-dev libpq5 libprocps1
  libpthread-stubs0 libpthread-stubs0-dev libpython-all-dev libpython-dev
  libpython-stdlib libpython2.7 libpython2.7-dev libpython2.7-minimal
  libpython2.7-stdlib libqglviewer-dev libqglviewer2 libqt4-dbus
  libqt4-declarative libqt4-designer libqt4-dev libqt4-dev-bin libqt4-help
  libqt4-network libqt4-opengl libqt4-opengl-dev libqt4-qt3support
  libqt4-script libqt4-scripttools libqt4-sql libqt4-svg libqt4-test
  libqt4-xml libqt4-xmlpatterns libqtassistantclient4 libqtcore4 libqtdbus4
  libqtgui4 libqtwebkit4 librtmp0 libsasl2-2 libsasl2-modules
  libschroedinger-1.0-0 libsm-dev libsm6 libspeex1 libsqlite3-0 libssh2-1
  libssl-dev libssl1.0.0 libswscale-dev libswscale2 libtasn1-3 libthai-data
  libthai0 libtheora0 libtiff4 libtiff4-dev libtiffxx0c2 libtorque2 libudev0
  libunistring0 libva1 libvorbis0a libvorbisenc2 libvpx1 libvtk5-dev libvtk5.8
  libwayland-client0 libwayland-server0 libx11-6 libx11-data libx11-dev
  libx11-xcb-dev libx11-xcb1 libx264-123 libxau-dev libxau6 libxcb-dri2-0
  libxcb-dri2-0-dev libxcb-glx0 libxcb-glx0-dev libxcb-render0 libxcb-shape0
  libxcb-shm0 libxcb-xfixes0 libxcb1 libxcb1-dev libxcomposite1 libxcursor1
  libxdamage-dev libxdamage1 libxdmcp-dev libxdmcp6 libxext-dev libxext6
  libxfixes-dev libxfixes3 libxft-dev libxft2 libxi-dev libxi6 libxinerama1
  libxml2 libxml2-dev libxmu-dev libxmu-headers libxmu6 libxrandr2
  libxrender-dev libxrender1 libxss-dev libxss1 libxt-dev libxt6 libxvidcore4
  libxxf86vm-dev libxxf86vm1 man-db mesa-common-dev mime-support
  mpi-default-dev mysql-common openmpi-common pkg-config po-debconf procps
  pyqt4-dev-tools python python-all python-all-dev python-cairo
  python-dateutil python-decorator python-dev python-gi python-gobject
  python-gobject-2 python-gts python-imaging python-matplotlib
  python-matplotlib-data python-minieigen python-minimal python-numpy
  python-pexpect python-pyparsing python-qt4 python-simplegeneric python-sip
  python-support python-tk python-tz python-xlib python2.7 python2.7-dev
  python2.7-minimal qdbus qt4-linguist-tools qt4-qmake qtchooser qtcore4-l10n
  shared-mime-info tcl8.5 tcl8.5-dev tk8.5 tk8.5-dev ttf-dejavu-core
  x11-common x11proto-core-dev x11proto-damage-dev x11proto-dri2-dev
  x11proto-fixes-dev x11proto-gl-dev x11proto-input-dev x11proto-kb-dev
  x11proto-render-dev x11proto-scrnsaver-dev x11proto-xext-dev
  x11proto-xf86vidmode-dev xorg-sgml-doctools xtrans-dev zlib1g-dev
Suggested packages:
  blt-demo wamerican wordlist whois vacation codeblocks eclipse doc-base
  dh-make gettext-doc groff ipython-doc ipython-notebook ipython-qtconsole
  python-argparse python-profiler python-zmq isoquery krb5-doc lrzip nas
  libdc1394-22-dev libgsm1-dev libogg-dev libraw1394-dev libschroedinger-dev
  libspeex-dev libtheora-dev libvorbis-dev libboost-doc python3
  libboost1.49-doc xsltproc doxygen docbook-xml docbook-xsl default-jdk fop
  cups-common libeigen3-doc rng-tools libglib2.0-doc libgmp10-doc krb5-user
  libvisual-0.4-plugins gstreamer-codec-install gnome-codec-install
  gstreamer0.10-tools gstreamer0.10-plugins-base librsvg2-common gvfs
  libgts-doc libice-doc icu-doc libjasper-runtime liblcms-utils libloki-doc
  libmpfr-doc netcdf-bin netcdf-doc ttf-baekmuk ttf-arphic-gbsn00lp
  ttf-arphic-bsmi00lp ttf-arphic-gkai00mp ttf-arphic-bkai00mp pciutils
  postgresql-doc-9.1 libqt4-declarative-folderlistmodel
  libqt4-declarative-gestures libqt4-declarative-particles
  libqt4-declarative-shaders qt4-qmlviewer firebird-dev libsqlite0-dev
  libsqlite3-dev qt4-dev-tools qt4-doc unixodbc-dev qt4-qtconfig
  libsasl2-modules-otp libsasl2-modules-ldap libsasl2-modules-sql
  libsasl2-modules-gssapi-mit libsasl2-modules-gssapi-heimdal libsm-doc speex
  vtk-examples vtk-doc openmpi-bin lam-runtime libxcb-doc libxext-doc
  libxt-doc less www-browser libmail-box-perl python-gi-cairo
  python-gobject-2-dbg python-imaging-doc python-imaging-dbg dvipng
  python-configobj python-excelerator python-gtk2 python-matplotlib-doc
  python-scipy python-traits python-wxgtk2.8 texlive-extra-utils
  texlive-latex-extra python-numpy-doc python-numpy-dbg python-nose gfortran
  python-qt4-dbg tix python-tk-dbg python2.7-doc binfmt-support qt4-default
  qt5-default tcl-tclreadline tcl8.5-doc tk8.5-doc
Recommended packages:
  curl wget lynx-cur autopoint libasprintf-dev libgettextpo-dev
  libboost-graph-parallel1.49.0 libboost-graph1.49.0 ca-certificates dbus
  libegl1-mesa-drivers libgl1-mesa-dri hicolor-icon-theme libgtk2.0-bin
  libgts-bin javascript-common krb5-locales libqglviewer-doc libqtwebkit-dev
  libqt4-sql-mysql libqt4-sql-odbc libqt4-sql-psql libqt4-sql-sqlite
  libqt4-sql-sqlite2 libqt4-sql-ibase libssl-doc libx11-doc xml-core
  libmail-sendmail-perl psmisc mayavi2 python-glade2 xterm x-terminal-emulator
The following NEW packages will be installed:
  adduser binutils-gold blt bsdmainutils cmake cmake-data comerr-dev debhelper
  emacsen-common file fontconfig fontconfig-config fonts-dejavu-core fonts-lyx
  freeglut3 freeglut3-dev gccxml gettext gettext-base gir1.2-glib-2.0
  groff-base help2man intltool-debian ipython iso-codes krb5-multidev
  libarchive13 libasprintf0c2 libatk1.0-0 libatk1.0-data libaudio2
  libavahi-client3 libavahi-common-data libavahi-common3 libavcodec-dev
  libavcodec53 libavformat-dev libavformat53 libavutil-dev libavutil51
  libblas3 libboost-all-dev libboost-chrono-dev libboost-chrono1.49-dev
  libboost-chrono1.49.0 libboost-date-time-dev libboost-date-time1.49-dev
  libboost-date-time1.49.0 libboost-dev libboost-filesystem-dev
  libboost-filesystem1.49-dev libboost-filesystem1.49.0 libboost-graph-dev
  libboost-graph-parallel-dev libboost-graph-parallel1.49-dev
  libboost-graph1.49-dev libboost-iostreams-dev libboost-iostreams1.49-dev
  libboost-iostreams1.49.0 libboost-locale-dev libboost-locale1.49-dev
  libboost-locale1.49.0 libboost-math-dev libboost-math1.49-dev
  libboost-math1.49.0 libboost-mpi-dev libboost-mpi-python-dev
  libboost-mpi-python1.49-dev libboost-mpi-python1.49.0 libboost-mpi1.49-dev
  libboost-mpi1.49.0 libboost-program-options-dev
  libboost-program-options1.49-dev libboost-program-options1.49.0
  libboost-python-dev libboost-python1.49-dev libboost-python1.49.0
  libboost-random-dev libboost-random1.49-dev libboost-random1.49.0
  libboost-regex-dev libboost-regex1.49-dev libboost-regex1.49.0
  libboost-serialization-dev libboost-serialization1.49-dev
  libboost-serialization1.49.0 libboost-signals-dev libboost-signals1.49-dev
  libboost-signals1.49.0 libboost-system-dev libboost-system1.49-dev
  libboost-system1.49.0 libboost-test-dev libboost-test1.49-dev
  libboost-test1.49.0 libboost-thread-dev libboost-thread1.49-dev
  libboost-thread1.49.0 libboost-timer-dev libboost-timer1.49-dev
  libboost-timer1.49.0 libboost-wave-dev libboost-wave1.49-dev
  libboost-wave1.49.0 libboost1.49-dev libcairo2 libcf0 libcgal-dev libcgal10
  libcroco3 libcups2 libcurl3-gnutls libdatrie1 libdbus-1-3 libdirac-encoder0
  libdouble-conversion0 libdrm-dev libdrm-intel1 libdrm-nouveau2
  libdrm-radeon1 libdrm2 libegl1-mesa libeigen3-dev libelfg0 libexpat1
  libexpat1-dev libfontconfig1 libfontconfig1-dev libfreetype6
  libfreetype6-dev libgbm1 libgcrypt11 libgdk-pixbuf2.0-0
  libgdk-pixbuf2.0-common libgfortran3 libgirepository-1.0-1 libgl1-mesa-dev
  libgl1-mesa-glx libgl2ps-dev libgl2ps0 libglapi-mesa libglib2.0-0
  libglib2.0-bin libglib2.0-data libglib2.0-dev libglu1-mesa libglu1-mesa-dev
  libgmp-dev libgnutls26 libgpg-error0 libgraphite2-3 libgsm1 libgssapi-krb5-2
  libgssrpc4 libgstreamer-plugins-base0.10-0 libgstreamer0.10-0 libgtk2.0-0
  libgtk2.0-common libgts-0.7-5 libgts-dev libharfbuzz0a libhdf5-7
  libibverbs-dev libibverbs1 libice-dev libice6 libicu-dev libicu48 libidn11
  libjasper1 libjbig-dev libjbig0 libjpeg8 libjpeg8-dev libjs-jquery
  libjs-sphinxdoc libjs-underscore libk5crypto3 libkadm5clnt-mit8
  libkadm5srv-mit8 libkdb5-6 libkeyutils1 libkms1 libkrb5-3 libkrb5-dev
  libkrb5support0 liblapack3 liblcms1 libldap-2.4-2 libllvm3.2 libloki-dev
  libloki0.1.7 liblzo2-2 libmagic1 libmng1 libmp3lame0 libmpfr-dev
  libmysqlclient-dev libmysqlclient18 libncursesw5 libnetcdf-dev libnetcdfc++4
  libnetcdfc7 libnetcdff5 libnettle4 libnuma1 libogg0 libopenjpeg2
  libopenmpi-dev libopenmpi1.3 liborc-0.4-0 libp11-kit0 libpango-1.0-0
  libpango1.0-0 libpangocairo-1.0-0 libpangoft2-1.0-0 libpangox-1.0-0
  libpangoxft-1.0-0 libpciaccess0 libpcre3-dev libpcrecpp0 libpipeline1
  libpixman-1-0 libpng12-0 libpng12-dev libpopt0 libpq-dev libpq5 libprocps1
  libpthread-stubs0 libpthread-stubs0-dev libpython-all-dev libpython-dev
  libpython-stdlib libpython2.7 libpython2.7-dev libpython2.7-minimal
  libpython2.7-stdlib libqglviewer-dev libqglviewer2 libqt4-dbus
  libqt4-declarative libqt4-designer libqt4-dev libqt4-dev-bin libqt4-help
  libqt4-network libqt4-opengl libqt4-opengl-dev libqt4-qt3support
  libqt4-script libqt4-scripttools libqt4-sql libqt4-svg libqt4-test
  libqt4-xml libqt4-xmlpatterns libqtassistantclient4 libqtcore4 libqtdbus4
  libqtgui4 libqtwebkit4 librtmp0 libsasl2-2 libsasl2-modules
  libschroedinger-1.0-0 libsm-dev libsm6 libspeex1 libsqlite3-0 libssh2-1
  libssl-dev libssl1.0.0 libswscale-dev libswscale2 libtasn1-3 libthai-data
  libthai0 libtheora0 libtiff4 libtiff4-dev libtiffxx0c2 libtorque2 libudev0
  libunistring0 libva1 libvorbis0a libvorbisenc2 libvpx1 libvtk5-dev libvtk5.8
  libwayland-client0 libwayland-server0 libx11-6 libx11-data libx11-dev
  libx11-xcb-dev libx11-xcb1 libx264-123 libxau-dev libxau6 libxcb-dri2-0
  libxcb-dri2-0-dev libxcb-glx0 libxcb-glx0-dev libxcb-render0 libxcb-shape0
  libxcb-shm0 libxcb-xfixes0 libxcb1 libxcb1-dev libxcomposite1 libxcursor1
  libxdamage-dev libxdamage1 libxdmcp-dev libxdmcp6 libxext-dev libxext6
  libxfixes-dev libxfixes3 libxft-dev libxft2 libxi-dev libxi6 libxinerama1
  libxml2 libxml2-dev libxmu-dev libxmu-headers libxmu6 libxrandr2
  libxrender-dev libxrender1 libxss-dev libxss1 libxt-dev libxt6 libxvidcore4
  libxxf86vm-dev libxxf86vm1 man-db mesa-common-dev mime-support
  mpi-default-dev mysql-common openmpi-common pkg-config po-debconf procps
  pyqt4-dev-tools python python-all python-all-dev python-cairo
  python-dateutil python-decorator python-dev python-gi python-gobject
  python-gobject-2 python-gts python-imaging python-matplotlib
  python-matplotlib-data python-minieigen python-minimal python-numpy
  python-pexpect python-pyparsing python-qt4 python-simplegeneric python-sip
  python-support python-tk python-tz python-xlib python2.7 python2.7-dev
  python2.7-minimal qdbus qt4-linguist-tools qt4-qmake qtchooser qtcore4-l10n
  sbuild-build-depends-yade-dummy shared-mime-info tcl8.5 tcl8.5-dev tk8.5
  tk8.5-dev ttf-dejavu-core x11-common x11proto-core-dev x11proto-damage-dev
  x11proto-dri2-dev x11proto-fixes-dev x11proto-gl-dev x11proto-input-dev
  x11proto-kb-dev x11proto-render-dev x11proto-scrnsaver-dev x11proto-xext-dev
  x11proto-xf86vidmode-dev xorg-sgml-doctools xtrans-dev zlib1g-dev
0 upgraded, 407 newly installed, 0 to remove and 0 not upgraded.
Need to get 239 MB/239 MB of archives.
After this operation, 854 MB of additional disk space will be used.
Get:1 http://localhost:9999/debian/ unstable/main libncursesw5 amd64 5.9+20130608-1 [141 kB]
Get:2 http://localhost:9999/debian/ unstable/main libpipeline1 amd64 1.2.4-1 [41.0 kB]
Get:3 http://localhost:9999/debian/ unstable/main libpopt0 amd64 1.16-7 [56.4 kB]
Get:4 http://localhost:9999/debian/ unstable/main libprocps1 amd64 1:3.3.8-2 [59.8 kB]
Get:5 http://localhost:9999/debian/ unstable/main libssl1.0.0 amd64 1.0.1e-3 [1242 kB]
Get:6 http://localhost:9999/debian/ unstable/main libudev0 amd64 175-7.2 [126 kB]
Get:7 http://localhost:9999/debian/ unstable/main groff-base amd64 1.22.2-3 [747 kB]
Get:8 http://localhost:9999/debian/ unstable/main bsdmainutils amd64 9.0.5 [211 kB]
Get:9 http://localhost:9999/debian/ unstable/main man-db amd64 2.6.5-2 [976 kB]
Get:10 http://localhost:9999/debian/ unstable/main libasprintf0c2 amd64 0.18.2.1-1 [28.9 kB]
Get:11 http://localhost:9999/debian/ unstable/main libgpg-error0 amd64 1.10-3.1 [77.9 kB]
Get:12 http://localhost:9999/debian/ unstable/main libgcrypt11 amd64 1.5.2-3 [296 kB]
Get:13 http://localhost:9999/debian/ unstable/main libp11-kit0 amd64 0.18.4-1 [115 kB]
Get:14 http://localhost:9999/debian/ unstable/main libtasn1-3 amd64 2.14-3 [68.5 kB]
Get:15 http://localhost:9999/debian/ unstable/main libgnutls26 amd64 2.12.23-5 [617 kB]
Get:16 http://localhost:9999/debian/ unstable/main libkeyutils1 amd64 1.5.5-7 [8808 B]
Get:17 http://localhost:9999/debian/ unstable/main libkrb5support0 amd64 1.10.1+dfsg-6.1 [49.3 kB]
Get:18 http://localhost:9999/debian/ unstable/main libk5crypto3 amd64 1.10.1+dfsg-6.1 [112 kB]
Get:19 http://localhost:9999/debian/ unstable/main libkrb5-3 amd64 1.10.1+dfsg-6.1 [392 kB]
Get:20 http://localhost:9999/debian/ unstable/main libgssapi-krb5-2 amd64 1.10.1+dfsg-6.1 [147 kB]
Get:21 http://localhost:9999/debian/ unstable/main libgssrpc4 amd64 1.10.1+dfsg-6.1 [86.8 kB]
Get:22 http://localhost:9999/debian/ unstable/main libidn11 amd64 1.25-2 [178 kB]
Get:23 http://localhost:9999/debian/ unstable/main libkadm5clnt-mit8 amd64 1.10.1+dfsg-6.1 [67.1 kB]
Get:24 http://localhost:9999/debian/ unstable/main libkdb5-6 amd64 1.10.1+dfsg-6.1 [66.1 kB]
Get:25 http://localhost:9999/debian/ unstable/main libkadm5srv-mit8 amd64 1.10.1+dfsg-6.1 [83.3 kB]
Get:26 http://localhost:9999/debian/ unstable/main libsasl2-modules amd64 2.1.25.dfsg1-13 [123 kB]
Get:27 http://localhost:9999/debian/ unstable/main libsasl2-2 amd64 2.1.25.dfsg1-13 [109 kB]
Get:28 http://localhost:9999/debian/ unstable/main libldap-2.4-2 amd64 2.4.31-1+nmu2 [243 kB]
Get:29 http://localhost:9999/debian/ unstable/main libmagic1 amd64 1:5.14-2 [216 kB]
Get:30 http://localhost:9999/debian/ unstable/main libsqlite3-0 amd64 3.7.17-1 [478 kB]
Get:31 http://localhost:9999/debian/ unstable/main libxml2 amd64 2.9.1+dfsg1-2 [911 kB]
Get:32 http://localhost:9999/debian/ unstable/main libdrm2 amd64 2.4.45-3 [468 kB]
Get:33 http://localhost:9999/debian/ unstable/main libglapi-mesa amd64 9.1.4-1 [49.2 kB]
Get:34 http://localhost:9999/debian/ unstable/main libxau6 amd64 1:1.0.8-1 [20.7 kB]
Get:35 http://localhost:9999/debian/ unstable/main libxdmcp6 amd64 1:1.1.1-1 [26.3 kB]
Get:36 http://localhost:9999/debian/ unstable/main libxcb1 amd64 1.9.1-3 [50.3 kB]
Get:37 http://localhost:9999/debian/ unstable/main libx11-data all 2:1.6.0-1 [191 kB]
Get:38 http://localhost:9999/debian/ unstable/main libx11-6 amd64 2:1.6.0-1 [919 kB]
Get:39 http://localhost:9999/debian/ unstable/main libx11-xcb1 amd64 2:1.6.0-1 [153 kB]
Get:40 http://localhost:9999/debian/ unstable/main libxcb-dri2-0 amd64 1.9.1-3 [12.9 kB]
Get:41 http://localhost:9999/debian/ unstable/main libxcb-glx0 amd64 1.9.1-3 [32.5 kB]
Get:42 http://localhost:9999/debian/ unstable/main libxfixes3 amd64 1:5.0.1-1 [22.5 kB]
Get:43 http://localhost:9999/debian/ unstable/main libxdamage1 amd64 1:1.1.4-1 [15.1 kB]
Get:44 http://localhost:9999/debian/ unstable/main libxext6 amd64 2:1.3.2-1 [56.5 kB]
Get:45 http://localhost:9999/debian/ unstable/main libxxf86vm1 amd64 1:1.1.2-1+deb7u1 [19.5 kB]
Get:46 http://localhost:9999/debian/ unstable/main libgl1-mesa-glx amd64 9.1.4-1 [133 kB]
Get:47 http://localhost:9999/debian/ unstable/main libxi6 amd64 2:1.7.1.901-1 [80.8 kB]
Get:48 http://localhost:9999/debian/ unstable/main freeglut3 amd64 2.8.1-1 [146 kB]
Get:49 http://localhost:9999/debian/ unstable/main liblzo2-2 amd64 2.06-1 [57.7 kB]
Get:50 http://localhost:9999/debian/ unstable/main libnettle4 amd64 2.7.1-1 [189 kB]
Get:51 http://localhost:9999/debian/ unstable/main libarchive13 amd64 3.1.2-7 [319 kB]
Get:52 http://localhost:9999/debian/ unstable/main libglib2.0-0 amd64 2.36.3-3 [2048 kB]
Get:53 http://localhost:9999/debian/ unstable/main libatk1.0-data all 2.8.0-2 [169 kB]
Get:54 http://localhost:9999/debian/ unstable/main libatk1.0-0 amd64 2.8.0-2 [85.1 kB]
Get:55 http://localhost:9999/debian/ unstable/main x11-common all 1:7.7+3 [284 kB]
Get:56 http://localhost:9999/debian/ unstable/main libice6 amd64 2:1.0.8-2 [63.1 kB]
Get:57 http://localhost:9999/debian/ unstable/main libsm6 amd64 2:1.2.1-2 [34.2 kB]
Get:58 http://localhost:9999/debian/ unstable/main libxt6 amd64 1:1.1.3-1+deb7u1 [212 kB]
Get:59 http://localhost:9999/debian/ unstable/main libaudio2 amd64 1.9.3-5 [86.4 kB]
Get:60 http://localhost:9999/debian/ unstable/main libavahi-common-data amd64 0.6.31-2 [135 kB]
Get:61 http://localhost:9999/debian/ unstable/main libavahi-common3 amd64 0.6.31-2 [54.6 kB]
Get:62 http://localhost:9999/debian/ unstable/main libdbus-1-3 amd64 1.6.12-1 [172 kB]
Get:63 http://localhost:9999/debian/ unstable/main libavahi-client3 amd64 0.6.31-2 [59.5 kB]
Get:64 http://localhost:9999/debian/ unstable/main libavutil51 amd64 6:0.8.7-1 [93.5 kB]
Get:65 http://localhost:9999/debian/ unstable/main libdirac-encoder0 amd64 1.0.2-6 [389 kB]
Get:66 http://localhost:9999/debian/ unstable/main libgsm1 amd64 1.0.13-4 [29.7 kB]
Get:67 http://localhost:9999/debian/ unstable/main libmp3lame0 amd64 3.99.5+repack1-3 [404 kB]
Get:68 http://localhost:9999/debian/ unstable/main libopenjpeg2 amd64 1.3+dfsg-4.6 [85.9 kB]
Get:69 http://localhost:9999/debian/ unstable/main liborc-0.4-0 amd64 1:0.4.17-2 [190 kB]
Get:70 http://localhost:9999/debian/ unstable/main libschroedinger-1.0-0 amd64 1.0.11-2 [330 kB]
Get:71 http://localhost:9999/debian/ unstable/main libspeex1 amd64 1.2~rc1-7 [60.9 kB]
Get:72 http://localhost:9999/debian/ unstable/main libogg0 amd64 1.3.1-1 [20.7 kB]
Get:73 http://localhost:9999/debian/ unstable/main libtheora0 amd64 1.1.1+dfsg.1-3.1 [398 kB]
Get:74 http://localhost:9999/debian/ unstable/main libva1 amd64 1.1.1-3 [41.0 kB]
Get:75 http://localhost:9999/debian/ unstable/main libvorbis0a amd64 1.3.2-1.3 [109 kB]
Get:76 http://localhost:9999/debian/ unstable/main libvorbisenc2 amd64 1.3.2-1.3 [143 kB]
Get:77 http://localhost:9999/debian/ unstable/main libvpx1 amd64 1.2.0-2 [298 kB]
Get:78 http://localhost:9999/debian/ unstable/main libx264-123 amd64 2:0.123.2189+git35cf912-1 [437 kB]
Get:79 http://localhost:9999/debian/ unstable/main libxvidcore4 amd64 2:1.3.2-9 [327 kB]
Get:80 http://localhost:9999/debian/ unstable/main libavcodec53 amd64 6:0.8.7-1 [2505 kB]
Get:81 http://localhost:9999/debian/ unstable/main librtmp0 amd64 2.4+20121230.gitdf6c518-1 [62.3 kB]
Get:82 http://localhost:9999/debian/ unstable/main libavformat53 amd64 6:0.8.7-1 [464 kB]
Get:83 http://localhost:9999/debian/ unstable/main libllvm3.2 amd64 1:3.2repack-10 [8040 kB]
Get:84 http://localhost:9999/debian/ unstable/main libgbm1 amd64 9.1.4-1 [469 kB]
Get:85 http://localhost:9999/debian/ unstable/main libwayland-client0 amd64 1.1.0-2 [23.0 kB]
Get:86 http://localhost:9999/debian/ unstable/main libwayland-server0 amd64 1.1.0-2 [33.0 kB]
Get:87 http://localhost:9999/debian/ unstable/main libxcb-render0 amd64 1.9.1-3 [19.0 kB]
Get:88 http://localhost:9999/debian/ unstable/main libxcb-shape0 amd64 1.9.1-3 [11.5 kB]
Get:89 http://localhost:9999/debian/ unstable/main libxcb-xfixes0 amd64 1.9.1-3 [14.9 kB]
Get:90 http://localhost:9999/debian/ unstable/main libegl1-mesa amd64 9.1.4-1 [83.7 kB]
Get:91 http://localhost:9999/debian/ unstable/main libexpat1 amd64 2.1.0-4 [138 kB]
Get:92 http://localhost:9999/debian/ unstable/main libfreetype6 amd64 2.4.9-1.1 [451 kB]
Get:93 http://localhost:9999/debian/ unstable/main fonts-dejavu-core all 2.33+svn2514-3 [1042 kB]
Get:94 http://localhost:9999/debian/ unstable/main ttf-dejavu-core all 2.33+svn2514-3 [29.8 kB]
Get:95 http://localhost:9999/debian/ unstable/main fontconfig-config all 2.10.2-2 [251 kB]
Get:96 http://localhost:9999/debian/ unstable/main libfontconfig1 amd64 2.10.2-2 [319 kB]
Get:97 http://localhost:9999/debian/ unstable/main libpixman-1-0 amd64 0.26.0-4 [427 kB]
Get:98 http://localhost:9999/debian/ unstable/main libpng12-0 amd64 1.2.49-4 [190 kB]
Get:99 http://localhost:9999/debian/ unstable/main libxcb-shm0 amd64 1.9.1-3 [10.8 kB]
Get:100 http://localhost:9999/debian/ unstable/main libxrender1 amd64 1:0.9.8-1 [33.5 kB]
Get:101 http://localhost:9999/debian/ unstable/main libcairo2 amd64 1.12.14-5 [1044 kB]
Get:102 http://localhost:9999/debian/ unstable/main libcroco3 amd64 0.6.8-2 [133 kB]
Get:103 http://localhost:9999/debian/ unstable/main libcups2 amd64 1.6.2-10 [280 kB]
Get:104 http://localhost:9999/debian/ unstable/main libssh2-1 amd64 1.4.3-1 [135 kB]
Get:105 http://localhost:9999/debian/ unstable/main libcurl3-gnutls amd64 7.31.0-2 [279 kB]
Get:106 http://localhost:9999/debian/ unstable/main libdatrie1 amd64 0.2.6-2 [30.2 kB]
Get:107 http://localhost:9999/debian/ unstable/main libpciaccess0 amd64 0.13.1-2 [46.7 kB]
Get:108 http://localhost:9999/debian/ unstable/main libdrm-intel1 amd64 2.4.45-3 [506 kB]
Get:109 http://localhost:9999/debian/ unstable/main libdrm-nouveau2 amd64 2.4.45-3 [458 kB]
Get:110 http://localhost:9999/debian/ unstable/main libdrm-radeon1 amd64 2.4.45-3 [468 kB]
Get:111 http://localhost:9999/debian/ unstable/main libjpeg8 amd64 8d-1 [134 kB]
Get:112 http://localhost:9999/debian/ unstable/main libjasper1 amd64 1.900.1-14 [160 kB]
Get:113 http://localhost:9999/debian/ unstable/main libjbig0 amd64 2.0-2 [32.2 kB]
Get:114 http://localhost:9999/debian/ unstable/main libtiff4 amd64 3.9.7-1 [205 kB]
Get:115 http://localhost:9999/debian/ unstable/main libgdk-pixbuf2.0-common all 2.28.2-1 [291 kB]
Get:116 http://localhost:9999/debian/ unstable/main libgdk-pixbuf2.0-0 amd64 2.28.2-1 [160 kB]
Get:117 http://localhost:9999/debian/ unstable/main libgfortran3 amd64 4.8.1-6 [345 kB]
Get:118 http://localhost:9999/debian/ unstable/main libglu1-mesa amd64 9.0.0-1 [224 kB]
Get:119 http://localhost:9999/debian/ unstable/main libgraphite2-3 amd64 1.2.3-1 [61.3 kB]
Get:120 http://localhost:9999/debian/ unstable/main libgstreamer0.10-0 amd64 0.10.36-1.2 [1745 kB]
Get:121 http://localhost:9999/debian/ unstable/main iso-codes all 3.44-1 [2070 kB]
Get:122 http://localhost:9999/debian/ unstable/main libgstreamer-plugins-base0.10-0 amd64 0.10.36-1.1 [1019 kB]
Get:123 http://localhost:9999/debian/ unstable/main libgtk2.0-common all 2.24.20-1 [3139 kB]
Get:124 http://localhost:9999/debian/ unstable/main libthai-data all 0.1.19-2 [156 kB]
Get:125 http://localhost:9999/debian/ unstable/main libthai0 amd64 0.1.19-2 [43.1 kB]
Get:126 http://localhost:9999/debian/ unstable/main fontconfig amd64 2.10.2-2 [375 kB]
Get:127 http://localhost:9999/debian/ unstable/main libpango-1.0-0 amd64 1.32.5-5+b1 [263 kB]
Get:128 http://localhost:9999/debian/ unstable/main libharfbuzz0a amd64 0.9.18-3 [412 kB]
Get:129 http://localhost:9999/debian/ unstable/main libpangoft2-1.0-0 amd64 1.32.5-5+b1 [187 kB]
Get:130 http://localhost:9999/debian/ unstable/main libpangocairo-1.0-0 amd64 1.32.5-5+b1 [174 kB]
Get:131 http://localhost:9999/debian/ unstable/main libxcomposite1 amd64 1:0.4.4-1 [17.4 kB]
Get:132 http://localhost:9999/debian/ unstable/main libxcursor1 amd64 1:1.1.14-1 [38.0 kB]
Get:133 http://localhost:9999/debian/ unstable/main libxinerama1 amd64 2:1.1.3-1 [17.4 kB]
Get:134 http://localhost:9999/debian/ unstable/main libxrandr2 amd64 2:1.4.1-1 [36.8 kB]
Get:135 http://localhost:9999/debian/ unstable/main shared-mime-info amd64 1.0-1+b1 [595 kB]
Get:136 http://localhost:9999/debian/ unstable/main libgtk2.0-0 amd64 2.24.20-1 [2238 kB]
Get:137 http://localhost:9999/debian/ unstable/main libhdf5-7 amd64 1.8.11-3 [1540 kB]
Get:138 http://localhost:9999/debian/ unstable/main libicu48 amd64 4.8.1.1-12 [4734 kB]
Get:139 http://localhost:9999/debian/ unstable/main libkms1 amd64 2.4.45-3 [451 kB]
Get:140 http://localhost:9999/debian/ unstable/main liblcms1 amd64 1.19.dfsg-1.2 [113 kB]
Get:141 http://localhost:9999/debian/ unstable/main libmng1 amd64 1.0.10-3 [235 kB]
Get:142 http://localhost:9999/debian/ unstable/main mysql-common all 5.5.31+dfsg-1 [85.3 kB]
Get:143 http://localhost:9999/debian/ unstable/main libmysqlclient18 amd64 5.5.31+dfsg-1 [688 kB]
Get:144 http://localhost:9999/debian/ unstable/main libxft2 amd64 2.3.1-1 [61.0 kB]
Get:145 http://localhost:9999/debian/ unstable/main libpangoxft-1.0-0 amd64 1.32.5-5+b1 [169 kB]
Get:146 http://localhost:9999/debian/ unstable/main libpcrecpp0 amd64 1:8.31-2 [128 kB]
Get:147 http://localhost:9999/debian/ unstable/main libpython2.7-minimal amd64 2.7.5-6 [520 kB]
Get:148 http://localhost:9999/debian/ unstable/main mime-support all 3.54 [36.4 kB]
Get:149 http://localhost:9999/debian/ unstable/main libpython2.7-stdlib amd64 2.7.5-6 [2482 kB]
Get:150 http://localhost:9999/debian/ unstable/main libpython2.7 amd64 2.7.5-6 [1361 kB]
Get:151 http://localhost:9999/debian/ unstable/main libexpat1-dev amd64 2.1.0-4 [223 kB]
Get:152 http://localhost:9999/debian/ unstable/main libpython2.7-dev amd64 2.7.5-6 [23.5 MB]
Get:153 http://localhost:9999/debian/ unstable/main qtcore4-l10n all 4:4.8.5+dfsg-2 [612 kB]
Get:154 http://localhost:9999/debian/ unstable/main libqtcore4 amd64 4:4.8.5+dfsg-2 [1594 kB]
Get:155 http://localhost:9999/debian/ unstable/main libqt4-xml amd64 4:4.8.5+dfsg-2 [138 kB]
Get:156 http://localhost:9999/debian/ unstable/main libqtdbus4 amd64 4:4.8.5+dfsg-2 [226 kB]
Get:157 http://localhost:9999/debian/ unstable/main libqt4-network amd64 4:4.8.5+dfsg-2 [590 kB]
Get:158 http://localhost:9999/debian/ unstable/main libqt4-script amd64 4:4.8.5+dfsg-2 [822 kB]
Get:159 http://localhost:9999/debian/ unstable/main libqt4-sql amd64 4:4.8.5+dfsg-2 [144 kB]
Get:160 http://localhost:9999/debian/ unstable/main libqt4-xmlpatterns amd64 4:4.8.5+dfsg-2 [1076 kB]
Get:161 http://localhost:9999/debian/ unstable/main libqtgui4 amd64 4:4.8.5+dfsg-2 [4068 kB]
Get:162 http://localhost:9999/debian/ unstable/main libqt4-declarative amd64 4:4.8.5+dfsg-2 [1120 kB]
Get:163 http://localhost:9999/debian/ unstable/main libqt4-designer amd64 4:4.8.5+dfsg-2 [3658 kB]
Get:164 http://localhost:9999/debian/ unstable/main libqt4-help amd64 4:4.8.5+dfsg-2 [247 kB]
Get:165 http://localhost:9999/debian/ unstable/main libqt4-opengl amd64 4:4.8.5+dfsg-2 [342 kB]
Get:166 http://localhost:9999/debian/ unstable/main libqt4-qt3support amd64 4:4.8.5+dfsg-2 [1076 kB]
Get:167 http://localhost:9999/debian/ unstable/main libqt4-scripttools amd64 4:4.8.5+dfsg-2 [267 kB]
Get:168 http://localhost:9999/debian/ unstable/main libqt4-svg amd64 4:4.8.5+dfsg-2 [184 kB]
Get:169 http://localhost:9999/debian/ unstable/main libqt4-test amd64 4:4.8.5+dfsg-2 [107 kB]
Get:170 http://localhost:9999/debian/ unstable/main libqtassistantclient4 amd64 4.6.3-6 [14.5 kB]
Get:171 http://localhost:9999/debian/ unstable/main libqtwebkit4 amd64 2.2.1-6 [5845 kB]
Get:172 http://localhost:9999/debian/ unstable/main libswscale2 amd64 6:0.8.7-1 [122 kB]
Get:173 http://localhost:9999/debian/ unstable/main libtiffxx0c2 amd64 3.9.7-1 [63.7 kB]
Get:174 http://localhost:9999/debian/ unstable/main libunistring0 amd64 0.9.3-5 [434 kB]
Get:175 http://localhost:9999/debian/ unstable/main libxmu6 amd64 2:1.1.1-1 [66.6 kB]
Get:176 http://localhost:9999/debian/ unstable/main libxss1 amd64 1:1.2.2-1 [17.5 kB]
Get:177 http://localhost:9999/debian/ unstable/main python2.7-minimal amd64 2.7.5-6 [1552 kB]
Get:178 http://localhost:9999/debian/ unstable/main python2.7 amd64 2.7.5-6 [229 kB]
Get:179 http://localhost:9999/debian/ unstable/main python-minimal amd64 2.7.5-2 [42.7 kB]
Get:180 http://localhost:9999/debian/ unstable/main libpython-stdlib amd64 2.7.5-2 [19.6 kB]
Get:181 http://localhost:9999/debian/ unstable/main python amd64 2.7.5-2 [186 kB]
Get:182 http://localhost:9999/debian/ unstable/main libgirepository-1.0-1 amd64 1.36.0-2+b1 [108 kB]
Get:183 http://localhost:9999/debian/ unstable/main gir1.2-glib-2.0 amd64 1.36.0-2+b1 [177 kB]
Get:184 http://localhost:9999/debian/ unstable/main python-gi amd64 3.8.3-1 [477 kB]
Get:185 http://localhost:9999/debian/ unstable/main libdouble-conversion0 amd64 1.1.1-1 [34.0 kB]
Get:186 http://localhost:9999/debian/ unstable/main libjbig-dev amd64 2.0-2 [11.3 kB]
Get:187 http://localhost:9999/debian/ unstable/main libpangox-1.0-0 amd64 0.0.2-4 [41.4 kB]
Get:188 http://localhost:9999/debian/ unstable/main libqglviewer2 amd64 2.3.17-2 [259 kB]
Get:189 http://localhost:9999/debian/ unstable/main adduser all 3.113+nmu3 [264 kB]
Get:190 http://localhost:9999/debian/ unstable/main libboost-iostreams1.49.0 amd64 1.49.0-4 [56.7 kB]
Get:191 http://localhost:9999/debian/ unstable/main procps amd64 1:3.3.8-2 [274 kB]
Get:192 http://localhost:9999/debian/ unstable/main file amd64 1:5.14-2 [54.0 kB]
Get:193 http://localhost:9999/debian/ unstable/main gettext-base amd64 0.18.2.1-1 [156 kB]
Get:194 http://localhost:9999/debian/ unstable/main python-support all 1.0.15 [33.6 kB]
Get:195 http://localhost:9999/debian/ unstable/main tcl8.5 amd64 8.5.14-2 [1639 kB]
Get:196 http://localhost:9999/debian/ unstable/main tk8.5 amd64 8.5.14-2 [1196 kB]
Get:197 http://localhost:9999/debian/ unstable/main blt amd64 2.4z-5 [1725 kB]
Get:198 http://localhost:9999/debian/ unstable/main emacsen-common all 2.0.5 [20.9 kB]
Get:199 http://localhost:9999/debian/ unstable/main cmake-data all 2.8.11.2-1 [1397 kB]
Get:200 http://localhost:9999/debian/ unstable/main cmake amd64 2.8.11.2-1 [5129 kB]
Get:201 http://localhost:9999/debian/ unstable/main gettext amd64 0.18.2.1-1 [2019 kB]
Get:202 http://localhost:9999/debian/ unstable/main intltool-debian all 0.35.0+20060710.1 [30.8 kB]
Get:203 http://localhost:9999/debian/ unstable/main po-debconf all 1.0.16+nmu2 [224 kB]
Get:204 http://localhost:9999/debian/ unstable/main debhelper all 9.20130630 [710 kB]
Get:205 http://localhost:9999/debian/ unstable/main fonts-lyx all 2.0.6-1 [167 kB]
Get:206 http://localhost:9999/debian/ unstable/main xorg-sgml-doctools all 1:1.10-1 [24.1 kB]
Get:207 http://localhost:9999/debian/ unstable/main x11proto-core-dev all 7.0.24-1 [779 kB]
Get:208 http://localhost:9999/debian/ unstable/main libxau-dev amd64 1:1.0.8-1 [23.6 kB]
Get:209 http://localhost:9999/debian/ unstable/main libxdmcp-dev amd64 1:1.1.1-1 [42.3 kB]
Get:210 http://localhost:9999/debian/ unstable/main x11proto-input-dev all 2.3-1 [177 kB]
Get:211 http://localhost:9999/debian/ unstable/main x11proto-kb-dev all 1.0.6-2 [269 kB]
Get:212 http://localhost:9999/debian/ unstable/main xtrans-dev all 1.2.7-1 [112 kB]
Get:213 http://localhost:9999/debian/ unstable/main libpthread-stubs0 amd64 0.3-3 [3228 B]
Get:214 http://localhost:9999/debian/ unstable/main libpthread-stubs0-dev amd64 0.3-3 [3998 B]
Get:215 http://localhost:9999/debian/ unstable/main libxcb1-dev amd64 1.9.1-3 [103 kB]
Get:216 http://localhost:9999/debian/ unstable/main libx11-dev amd64 2:1.6.0-1 [1055 kB]
Get:217 http://localhost:9999/debian/ unstable/main libdrm-dev amd64 2.4.45-3 [656 kB]
Get:218 http://localhost:9999/debian/ unstable/main mesa-common-dev amd64 9.1.4-1 [301 kB]
Get:219 http://localhost:9999/debian/ unstable/main libx11-xcb-dev amd64 2:1.6.0-1 [155 kB]
Get:220 http://localhost:9999/debian/ unstable/main libxcb-dri2-0-dev amd64 1.9.1-3 [15.8 kB]
Get:221 http://localhost:9999/debian/ unstable/main libxcb-glx0-dev amd64 1.9.1-3 [49.2 kB]
Get:222 http://localhost:9999/debian/ unstable/main x11proto-xext-dev all 7.2.1-1 [273 kB]
Get:223 http://localhost:9999/debian/ unstable/main x11proto-fixes-dev all 1:5.0-2 [19.2 kB]
Get:224 http://localhost:9999/debian/ unstable/main libxfixes-dev amd64 1:5.0.1-1 [24.3 kB]
Get:225 http://localhost:9999/debian/ unstable/main x11proto-damage-dev all 1:1.2.1-2 [11.8 kB]
Get:226 http://localhost:9999/debian/ unstable/main libxdamage-dev amd64 1:1.1.4-1 [14.8 kB]
Get:227 http://localhost:9999/debian/ unstable/main libxext-dev amd64 2:1.3.2-1 [116 kB]
Get:228 http://localhost:9999/debian/ unstable/main x11proto-xf86vidmode-dev all 2.3.1-2 [6114 B]
Get:229 http://localhost:9999/debian/ unstable/main libxxf86vm-dev amd64 1:1.1.2-1+deb7u1 [23.8 kB]
Get:230 http://localhost:9999/debian/ unstable/main x11proto-dri2-dev all 2.8-2 [18.2 kB]
Get:231 http://localhost:9999/debian/ unstable/main x11proto-gl-dev all 1.4.16-2 [32.1 kB]
Get:232 http://localhost:9999/debian/ unstable/main libgl1-mesa-dev amd64 9.1.4-1 [34.5 kB]
Get:233 http://localhost:9999/debian/ unstable/main libglu1-mesa-dev amd64 9.0.0-1 [315 kB]
Get:234 http://localhost:9999/debian/ unstable/main libice-dev amd64 2:1.0.8-2 [74.1 kB]
Get:235 http://localhost:9999/debian/ unstable/main libsm-dev amd64 2:1.2.1-2 [37.0 kB]
Get:236 http://localhost:9999/debian/ unstable/main libxt-dev amd64 1:1.1.3-1+deb7u1 [518 kB]
Get:237 http://localhost:9999/debian/ unstable/main freeglut3-dev amd64 2.8.1-1 [226 kB]
Get:238 http://localhost:9999/debian/ unstable/main gccxml amd64 0.9.0+git20130511-1 [4371 kB]
Get:239 http://localhost:9999/debian/ unstable/main help2man amd64 1.43.3 [105 kB]
Get:240 http://localhost:9999/debian/ unstable/main python-decorator all 3.4.0-2 [22.3 kB]
Get:241 http://localhost:9999/debian/ unstable/main python-pexpect all 2.4-1 [123 kB]
Get:242 http://localhost:9999/debian/ unstable/main python-simplegeneric all 0.8.1-1 [11.9 kB]
Get:243 http://localhost:9999/debian/ unstable/main ipython all 0.13.2-2 [677 kB]
Get:244 http://localhost:9999/debian/ unstable/main comerr-dev amd64 2.1-1.42.8-1 [42.8 kB]
Get:245 http://localhost:9999/debian/ unstable/main krb5-multidev amd64 1.10.1+dfsg-6.1 [155 kB]
Get:246 http://localhost:9999/debian/ unstable/main libavutil-dev amd64 6:0.8.7-1 [134 kB]
Get:247 http://localhost:9999/debian/ unstable/main libavcodec-dev amd64 6:0.8.7-1 [2749 kB]
Get:248 http://localhost:9999/debian/ unstable/main libavformat-dev amd64 6:0.8.7-1 [551 kB]
Get:249 http://localhost:9999/debian/ unstable/main libblas3 amd64 1.2.20110419-5 [293 kB]
Get:250 http://localhost:9999/debian/ unstable/main libboost1.49-dev amd64 1.49.0-4 [9195 kB]
Get:251 http://localhost:9999/debian/ unstable/main libboost-dev amd64 1.49.0.1 [3022 B]
Get:252 http://localhost:9999/debian/ unstable/main libboost-system1.49.0 amd64 1.49.0-4 [33.0 kB]
Get:253 http://localhost:9999/debian/ unstable/main libboost-chrono1.49.0 amd64 1.49.0-4 [38.5 kB]
Get:254 http://localhost:9999/debian/ unstable/main libboost-chrono1.49-dev amd64 1.49.0-4 [50.5 kB]
Get:255 http://localhost:9999/debian/ unstable/main libboost-chrono-dev amd64 1.49.0.1 [3338 B]
Get:256 http://localhost:9999/debian/ unstable/main libboost-date-time1.49.0 amd64 1.49.0-4 [45.9 kB]
Get:257 http://localhost:9999/debian/ unstable/main libboost-serialization1.49.0 amd64 1.49.0-4 [207 kB]
Get:258 http://localhost:9999/debian/ unstable/main libboost-serialization1.49-dev amd64 1.49.0-4 [316 kB]
Get:259 http://localhost:9999/debian/ unstable/main libboost-date-time1.49-dev amd64 1.49.0-4 [49.5 kB]
Get:260 http://localhost:9999/debian/ unstable/main libboost-date-time-dev amd64 1.49.0.1 [2718 B]
Get:261 http://localhost:9999/debian/ unstable/main libboost-filesystem1.49.0 amd64 1.49.0-4 [76.6 kB]
Get:262 http://localhost:9999/debian/ unstable/main libboost-system1.49-dev amd64 1.49.0-4 [34.8 kB]
Get:263 http://localhost:9999/debian/ unstable/main libboost-filesystem1.49-dev amd64 1.49.0-4 [104 kB]
Get:264 http://localhost:9999/debian/ unstable/main libboost-filesystem-dev amd64 1.49.0.1 [2744 B]
Get:265 http://localhost:9999/debian/ unstable/main libboost-test1.49.0 amd64 1.49.0-4 [287 kB]
Get:266 http://localhost:9999/debian/ unstable/main libboost-test1.49-dev amd64 1.49.0-4 [754 kB]
Get:267 http://localhost:9999/debian/ unstable/main libboost-graph1.49-dev amd64 1.49.0-4 [192 kB]
Get:268 http://localhost:9999/debian/ unstable/main libboost-graph-dev amd64 1.49.0.1 [2812 B]
Get:269 http://localhost:9999/debian/ unstable/main libboost-graph-parallel1.49-dev amd64 1.49.0-4 [143 kB]
Get:270 http://localhost:9999/debian/ unstable/main libboost-graph-parallel-dev amd64 1.49.0.1 [2856 B]
Get:271 http://localhost:9999/debian/ unstable/main libboost-regex1.49.0 amd64 1.49.0-4 [441 kB]
Get:272 http://localhost:9999/debian/ unstable/main libicu-dev amd64 4.8.1.1-12 [5706 kB]
Get:273 http://localhost:9999/debian/ unstable/main libboost-regex1.49-dev amd64 1.49.0-4 [656 kB]
Get:274 http://localhost:9999/debian/ unstable/main libboost-iostreams1.49-dev amd64 1.49.0-4 [73.4 kB]
Get:275 http://localhost:9999/debian/ unstable/main libboost-iostreams-dev amd64 1.49.0.1 [2704 B]
Get:276 http://localhost:9999/debian/ unstable/main libboost-thread1.49.0 amd64 1.49.0-4 [59.9 kB]
Get:277 http://localhost:9999/debian/ unstable/main libboost-locale1.49.0 amd64 1.49.0-4 [302 kB]
Get:278 http://localhost:9999/debian/ unstable/main libboost-locale1.49-dev amd64 1.49.0-4 [519 kB]
Get:279 http://localhost:9999/debian/ unstable/main libboost-locale-dev amd64 1.49.0.1 [3048 B]
Get:280 http://localhost:9999/debian/ unstable/main libboost-math1.49.0 amd64 1.49.0-4 [466 kB]
Get:281 http://localhost:9999/debian/ unstable/main libboost-math1.49-dev amd64 1.49.0-4 [1870 kB]
Get:282 http://localhost:9999/debian/ unstable/main libboost-math-dev amd64 1.49.0.1 [2914 B]
Get:283 http://localhost:9999/debian/ unstable/main libibverbs1 amd64 1.1.7-1 [35.4 kB]
Get:284 http://localhost:9999/debian/ unstable/main libnuma1 amd64 2.0.8-3 [34.5 kB]
Get:285 http://localhost:9999/debian/ unstable/main libtorque2 amd64 2.4.16+dfsg-1 [120 kB]
Get:286 http://localhost:9999/debian/ unstable/main libopenmpi1.3 amd64 1.4.5-1 [1436 kB]
Get:287 http://localhost:9999/debian/ unstable/main libboost-mpi1.49.0 amd64 1.49.0-4 [80.8 kB]
Get:288 http://localhost:9999/debian/ unstable/main openmpi-common all 1.4.5-1 [101 kB]
Get:289 http://localhost:9999/debian/ unstable/main libibverbs-dev amd64 1.1.7-1 [86.1 kB]
Get:290 http://localhost:9999/debian/ unstable/main libopenmpi-dev amd64 1.4.5-1 [2778 kB]
Get:291 http://localhost:9999/debian/ unstable/main mpi-default-dev amd64 1.0.1 [3604 B]
Get:292 http://localhost:9999/debian/ unstable/main libboost-mpi1.49-dev amd64 1.49.0-4 [527 kB]
Get:293 http://localhost:9999/debian/ unstable/main libboost-mpi-dev amd64 1.49.0.1 [2806 B]
Get:294 http://localhost:9999/debian/ unstable/main libboost-python1.49.0 amd64 1.49.0-4 [347 kB]
Get:295 http://localhost:9999/debian/ unstable/main libboost-mpi-python1.49.0 amd64 1.49.0-4 [719 kB]
Get:296 http://localhost:9999/debian/ unstable/main libboost-mpi-python1.49-dev amd64 1.49.0-4 [124 kB]
Get:297 http://localhost:9999/debian/ unstable/main libboost-mpi-python-dev amd64 1.49.0.1 [2846 B]
Get:298 http://localhost:9999/debian/ unstable/main libboost-program-options1.49.0 amd64 1.49.0-4 [153 kB]
Get:299 http://localhost:9999/debian/ unstable/main libboost-program-options1.49-dev amd64 1.49.0-4 [221 kB]
Get:300 http://localhost:9999/debian/ unstable/main libboost-program-options-dev amd64 1.49.0.1 [2732 B]
Get:301 http://localhost:9999/debian/ unstable/main libpython-dev amd64 2.7.5-2 [19.6 kB]
Get:302 http://localhost:9999/debian/ unstable/main python2.7-dev amd64 2.7.5-6 [288 kB]
Get:303 http://localhost:9999/debian/ unstable/main python-dev amd64 2.7.5-2 [1068 B]
Get:304 http://localhost:9999/debian/ unstable/main libboost-python1.49-dev amd64 1.49.0-4 [495 kB]
Get:305 http://localhost:9999/debian/ unstable/main libboost-python-dev amd64 1.49.0.1 [3108 B]
Get:306 http://localhost:9999/debian/ unstable/main libboost-random1.49.0 amd64 1.49.0-4 [32.2 kB]
Get:307 http://localhost:9999/debian/ unstable/main libboost-random1.49-dev amd64 1.49.0-4 [30.7 kB]
Get:308 http://localhost:9999/debian/ unstable/main libboost-random-dev amd64 1.49.0.1 [2714 B]
Get:309 http://localhost:9999/debian/ unstable/main libboost-regex-dev amd64 1.49.0.1 [2970 B]
Get:310 http://localhost:9999/debian/ unstable/main libboost-serialization-dev amd64 1.49.0.1 [2940 B]
Get:311 http://localhost:9999/debian/ unstable/main libboost-signals1.49.0 amd64 1.49.0-4 [56.3 kB]
Get:312 http://localhost:9999/debian/ unstable/main libboost-signals1.49-dev amd64 1.49.0-4 [66.2 kB]
Get:313 http://localhost:9999/debian/ unstable/main libboost-signals-dev amd64 1.49.0.1 [2778 B]
Get:314 http://localhost:9999/debian/ unstable/main libboost-system-dev amd64 1.49.0.1 [2850 B]
Get:315 http://localhost:9999/debian/ unstable/main libboost-test-dev amd64 1.49.0.1 [2750 B]
Get:316 http://localhost:9999/debian/ unstable/main libboost-thread1.49-dev amd64 1.49.0-4 [67.1 kB]
Get:317 http://localhost:9999/debian/ unstable/main libboost-thread-dev amd64 1.49.0.1 [2736 B]
Get:318 http://localhost:9999/debian/ unstable/main libboost-timer1.49.0 amd64 1.49.0-4 [35.5 kB]
Get:319 http://localhost:9999/debian/ unstable/main libboost-timer1.49-dev amd64 1.49.0-4 [36.2 kB]
Get:320 http://localhost:9999/debian/ unstable/main libboost-timer-dev amd64 1.49.0.1 [2832 B]
Get:321 http://localhost:9999/debian/ unstable/main libboost-wave1.49.0 amd64 1.49.0-4 [298 kB]
Get:322 http://localhost:9999/debian/ unstable/main libboost-wave1.49-dev amd64 1.49.0-4 [590 kB]
Get:323 http://localhost:9999/debian/ unstable/main libboost-wave-dev amd64 1.49.0.1 [2744 B]
Get:324 http://localhost:9999/debian/ unstable/main libboost-all-dev amd64 1.49.0.1 [3004 B]
Get:325 http://localhost:9999/debian/ unstable/main libcf0 amd64 1:4.1.3-6+b1 [49.9 kB]
Get:326 http://localhost:9999/debian/ unstable/main libcgal10 amd64 4.2-4 [282 kB]
Get:327 http://localhost:9999/debian/ unstable/main libgmp-dev amd64 2:5.1.2+dfsg-2 [664 kB]
Get:328 http://localhost:9999/debian/ unstable/main libmpfr-dev amd64 3.1.1-1 [609 kB]
Get:329 http://localhost:9999/debian/ unstable/main zlib1g-dev amd64 1:1.2.8.dfsg-1 [217 kB]
Get:330 http://localhost:9999/debian/ unstable/main libcgal-dev amd64 4.2-4 [4859 kB]
Get:331 http://localhost:9999/debian/ unstable/main libelfg0 amd64 0.8.13-3 [60.2 kB]
Get:332 http://localhost:9999/debian/ unstable/main libfreetype6-dev amd64 2.4.9-1.1 [805 kB]
Get:333 http://localhost:9999/debian/ unstable/main pkg-config amd64 0.26-1 [59.5 kB]
Get:334 http://localhost:9999/debian/ unstable/main libfontconfig1-dev amd64 2.10.2-2 [888 kB]
Get:335 http://localhost:9999/debian/ unstable/main libgl2ps0 amd64 1.3.8-1 [39.6 kB]
Get:336 http://localhost:9999/debian/ unstable/main libgl2ps-dev amd64 1.3.8-1 [5392 B]
Get:337 http://localhost:9999/debian/ unstable/main libglib2.0-data all 2.36.3-3 [1847 kB]
Get:338 http://localhost:9999/debian/ unstable/main libglib2.0-bin amd64 2.36.3-3 [1057 kB]
Get:339 http://localhost:9999/debian/ unstable/main libpcre3-dev amd64 1:8.31-2 [356 kB]
Get:340 http://localhost:9999/debian/ unstable/main libglib2.0-dev amd64 2.36.3-3 [2283 kB]
Get:341 http://localhost:9999/debian/ unstable/main libgts-0.7-5 amd64 0.7.6+darcs110121-1.1 [185 kB]
Get:342 http://localhost:9999/debian/ unstable/main libgts-dev amd64 0.7.6+darcs110121-1.1 [231 kB]
Get:343 http://localhost:9999/debian/ unstable/main libjpeg8-dev amd64 8d-1 [242 kB]
Get:344 http://localhost:9999/debian/ unstable/main libjs-jquery all 1.7.2+dfsg-2 [80.2 kB]
Get:345 http://localhost:9999/debian/ unstable/main libjs-underscore all 1.4.4-2 [49.1 kB]
Get:346 http://localhost:9999/debian/ unstable/main libjs-sphinxdoc all 1.1.3+dfsg-8 [44.5 kB]
Get:347 http://localhost:9999/debian/ unstable/main liblapack3 amd64 3.4.2+dfsg-1 [5088 kB]
Get:348 http://localhost:9999/debian/ unstable/main libloki0.1.7 amd64 0.1.7-3 [33.5 kB]
Get:349 http://localhost:9999/debian/ unstable/main libloki-dev amd64 0.1.7-3 [164 kB]
Get:350 http://localhost:9999/debian/ unstable/main libmysqlclient-dev amd64 5.5.31+dfsg-1 [952 kB]
Get:351 http://localhost:9999/debian/ unstable/main libnetcdfc7 amd64 1:4.1.3-6+b1 [356 kB]
Get:352 http://localhost:9999/debian/ unstable/main libnetcdff5 amd64 1:4.1.3-6+b1 [142 kB]
Get:353 http://localhost:9999/debian/ unstable/main libnetcdfc++4 amd64 1:4.1.3-6+b1 [64.6 kB]
Get:354 http://localhost:9999/debian/ unstable/main libnetcdf-dev amd64 1:4.1.3-6+b1 [655 kB]
Get:355 http://localhost:9999/debian/ unstable/main libpng12-dev amd64 1.2.49-4 [267 kB]
Get:356 http://localhost:9999/debian/ unstable/main libpq5 amd64 9.1.9-2 [527 kB]
Get:357 http://localhost:9999/debian/ unstable/main libssl-dev amd64 1.0.1e-3 [1749 kB]
Get:358 http://localhost:9999/debian/ unstable/main libkrb5-dev amd64 1.10.1+dfsg-6.1 [39.8 kB]
Get:359 http://localhost:9999/debian/ unstable/main libpq-dev amd64 9.1.9-2 [583 kB]
Get:360 http://localhost:9999/debian/ unstable/main libpython-all-dev amd64 2.7.5-2 [900 B]
Get:361 http://localhost:9999/debian/ unstable/main qtchooser amd64 31-g980c64c-4 [18.7 kB]
Get:362 http://localhost:9999/debian/ unstable/main qdbus amd64 4:4.8.5+dfsg-2 [75.2 kB]
Get:363 http://localhost:9999/debian/ unstable/main libqt4-dbus amd64 4:4.8.5+dfsg-2 [52.7 kB]
Get:364 http://localhost:9999/debian/ unstable/main libqt4-dev-bin amd64 4:4.8.5+dfsg-2 [1647 kB]
Get:365 http://localhost:9999/debian/ unstable/main qt4-linguist-tools amd64 4:4.8.5+dfsg-2 [872 kB]
Get:366 http://localhost:9999/debian/ unstable/main qt4-qmake amd64 4:4.8.5+dfsg-2 [1274 kB]
Get:367 http://localhost:9999/debian/ unstable/main libqt4-dev amd64 4:4.8.5+dfsg-2 [951 kB]
Get:368 http://localhost:9999/debian/ unstable/main libqt4-opengl-dev amd64 4:4.8.5+dfsg-2 [69.2 kB]
Get:369 http://localhost:9999/debian/ unstable/main libswscale-dev amd64 6:0.8.7-1 [132 kB]
Get:370 http://localhost:9999/debian/ unstable/main libtiff4-dev amd64 3.9.7-1 [340 kB]
Get:371 http://localhost:9999/debian/ unstable/main libvtk5.8 amd64 5.8.0-14 [15.5 MB]
Get:372 http://localhost:9999/debian/ unstable/main x11proto-scrnsaver-dev all 1.2.2-1 [25.0 kB]
Get:373 http://localhost:9999/debian/ unstable/main libxss-dev amd64 1:1.2.2-1 [22.8 kB]
Get:374 http://localhost:9999/debian/ unstable/main x11proto-render-dev all 2:0.11.1-2 [20.8 kB]
Get:375 http://localhost:9999/debian/ unstable/main libxrender-dev amd64 1:0.9.8-1 [42.1 kB]
Get:376 http://localhost:9999/debian/ unstable/main libxft-dev amd64 2.3.1-1 [74.5 kB]
Get:377 http://localhost:9999/debian/ unstable/main tcl8.5-dev amd64 8.5.14-2 [1097 kB]
Get:378 http://localhost:9999/debian/ unstable/main tk8.5-dev amd64 8.5.14-2 [1016 kB]
Get:379 http://localhost:9999/debian/ unstable/main libxml2-dev amd64 2.9.1+dfsg1-2 [915 kB]
Get:380 http://localhost:9999/debian/ unstable/main libvtk5-dev amd64 5.8.0-14 [2799 kB]
Get:381 http://localhost:9999/debian/ unstable/main libxi-dev amd64 2:1.7.1.901-1 [257 kB]
Get:382 http://localhost:9999/debian/ unstable/main libxmu-headers all 2:1.1.1-1 [77.8 kB]
Get:383 http://localhost:9999/debian/ unstable/main libxmu-dev amd64 2:1.1.1-1 [74.6 kB]
Get:384 http://localhost:9999/debian/ unstable/main python-sip amd64 4.14.7-3 [92.4 kB]
Get:385 http://localhost:9999/debian/ unstable/main python-qt4 amd64 4.10.2-1 [3185 kB]
Get:386 http://localhost:9999/debian/ unstable/main pyqt4-dev-tools amd64 4.10.2-1 [123 kB]
Get:387 http://localhost:9999/debian/ unstable/main python-all amd64 2.7.5-2 [870 B]
Get:388 http://localhost:9999/debian/ unstable/main python-all-dev amd64 2.7.5-2 [890 B]
Get:389 http://localhost:9999/debian/ unstable/main python-cairo amd64 1.8.8-1+b2 [84.2 kB]
Get:390 http://localhost:9999/debian/ unstable/main python-dateutil all 1.5+dfsg-0.1 [55.3 kB]
Get:391 http://localhost:9999/debian/ unstable/main python-gobject-2 amd64 2.28.6-12+b1 [348 kB]
Get:392 http://localhost:9999/debian/ unstable/main python-gobject all 3.8.3-1 [243 kB]
Get:393 http://localhost:9999/debian/ unstable/main python-numpy amd64 1:1.7.1-2 [2013 kB]
Get:394 http://localhost:9999/debian/ unstable/main python-gts amd64 0.3.1-2 [98.9 kB]
Get:395 http://localhost:9999/debian/ unstable/main python-imaging amd64 1.1.7-4 [457 kB]
Get:396 http://localhost:9999/debian/ unstable/main python-matplotlib-data all 1.1.1~rc2-1 [2057 kB]
Get:397 http://localhost:9999/debian/ unstable/main python-pyparsing all 1.5.7+dfsg1-2 [66.6 kB]
Get:398 http://localhost:9999/debian/ unstable/main python-tz all 2012c-1 [39.9 kB]
Get:399 http://localhost:9999/debian/ unstable/main libpango1.0-0 amd64 1.32.5-5+b1 [157 kB]
Get:400 http://localhost:9999/debian/ unstable/main python-matplotlib amd64 1.1.1~rc2-1 [2695 kB]
Get:401 http://localhost:9999/debian/ unstable/main python-minieigen amd64 0.3~dfsg~bzr32-1 [388 kB]
Get:402 http://localhost:9999/debian/ unstable/main python-tk amd64 2.7.5-1 [29.1 kB]
Get:403 http://localhost:9999/debian/ unstable/main binutils-gold amd64 2.23.52.20130620-1 [1472 B]
Get:404 http://localhost:9999/debian/ unstable/main libeigen3-dev all 3.1.3-2 [616 kB]
Get:405 http://localhost:9999/debian/ unstable/main libqglviewer-dev amd64 2.3.17-2 [408 kB]
Get:406 http://localhost:9999/debian/ unstable/main python-xlib all 0.14+20091101-1 [166 kB]
debconf: delaying package configuration, since apt-utils is not installed
Fetched 239 MB in 20s (11.4 MB/s)
Selecting previously unselected package libncursesw5:amd64.
(Reading database ... 14698 files and directories currently installed.)
Unpacking libncursesw5:amd64 (from .../libncursesw5_5.9+20130608-1_amd64.deb) ...
Selecting previously unselected package libpipeline1:amd64.
Unpacking libpipeline1:amd64 (from .../libpipeline1_1.2.4-1_amd64.deb) ...
Selecting previously unselected package libpopt0:amd64.
Unpacking libpopt0:amd64 (from .../libpopt0_1.16-7_amd64.deb) ...
Selecting previously unselected package libprocps1:amd64.
Unpacking libprocps1:amd64 (from .../libprocps1_1%3a3.3.8-2_amd64.deb) ...
Selecting previously unselected package libssl1.0.0:amd64.
Unpacking libssl1.0.0:amd64 (from .../libssl1.0.0_1.0.1e-3_amd64.deb) ...
Selecting previously unselected package libudev0:amd64.
Unpacking libudev0:amd64 (from .../libudev0_175-7.2_amd64.deb) ...
Selecting previously unselected package groff-base.
Unpacking groff-base (from .../groff-base_1.22.2-3_amd64.deb) ...
Selecting previously unselected package bsdmainutils.
Unpacking bsdmainutils (from .../bsdmainutils_9.0.5_amd64.deb) ...
Selecting previously unselected package man-db.
Unpacking man-db (from .../man-db_2.6.5-2_amd64.deb) ...
Selecting previously unselected package libasprintf0c2:amd64.
Unpacking libasprintf0c2:amd64 (from .../libasprintf0c2_0.18.2.1-1_amd64.deb) ...
Selecting previously unselected package libgpg-error0:amd64.
Unpacking libgpg-error0:amd64 (from .../libgpg-error0_1.10-3.1_amd64.deb) ...
Selecting previously unselected package libgcrypt11:amd64.
Unpacking libgcrypt11:amd64 (from .../libgcrypt11_1.5.2-3_amd64.deb) ...
Selecting previously unselected package libp11-kit0:amd64.
Unpacking libp11-kit0:amd64 (from .../libp11-kit0_0.18.4-1_amd64.deb) ...
Selecting previously unselected package libtasn1-3:amd64.
Unpacking libtasn1-3:amd64 (from .../libtasn1-3_2.14-3_amd64.deb) ...
Selecting previously unselected package libgnutls26:amd64.
Unpacking libgnutls26:amd64 (from .../libgnutls26_2.12.23-5_amd64.deb) ...
Selecting previously unselected package libkeyutils1:amd64.
Unpacking libkeyutils1:amd64 (from .../libkeyutils1_1.5.5-7_amd64.deb) ...
Selecting previously unselected package libkrb5support0:amd64.
Unpacking libkrb5support0:amd64 (from .../libkrb5support0_1.10.1+dfsg-6.1_amd64.deb) ...
Selecting previously unselected package libk5crypto3:amd64.
Unpacking libk5crypto3:amd64 (from .../libk5crypto3_1.10.1+dfsg-6.1_amd64.deb) ...
Selecting previously unselected package libkrb5-3:amd64.
Unpacking libkrb5-3:amd64 (from .../libkrb5-3_1.10.1+dfsg-6.1_amd64.deb) ...
Selecting previously unselected package libgssapi-krb5-2:amd64.
Unpacking libgssapi-krb5-2:amd64 (from .../libgssapi-krb5-2_1.10.1+dfsg-6.1_amd64.deb) ...
Selecting previously unselected package libgssrpc4:amd64.
Unpacking libgssrpc4:amd64 (from .../libgssrpc4_1.10.1+dfsg-6.1_amd64.deb) ...
Selecting previously unselected package libidn11:amd64.
Unpacking libidn11:amd64 (from .../libidn11_1.25-2_amd64.deb) ...
Selecting previously unselected package libkadm5clnt-mit8:amd64.
Unpacking libkadm5clnt-mit8:amd64 (from .../libkadm5clnt-mit8_1.10.1+dfsg-6.1_amd64.deb) ...
Selecting previously unselected package libkdb5-6:amd64.
Unpacking libkdb5-6:amd64 (from .../libkdb5-6_1.10.1+dfsg-6.1_amd64.deb) ...
Selecting previously unselected package libkadm5srv-mit8:amd64.
Unpacking libkadm5srv-mit8:amd64 (from .../libkadm5srv-mit8_1.10.1+dfsg-6.1_amd64.deb) ...
Selecting previously unselected package libsasl2-modules:amd64.
Unpacking libsasl2-modules:amd64 (from .../libsasl2-modules_2.1.25.dfsg1-13_amd64.deb) ...
Selecting previously unselected package libsasl2-2:amd64.
Unpacking libsasl2-2:amd64 (from .../libsasl2-2_2.1.25.dfsg1-13_amd64.deb) ...
Selecting previously unselected package libldap-2.4-2:amd64.
Unpacking libldap-2.4-2:amd64 (from .../libldap-2.4-2_2.4.31-1+nmu2_amd64.deb) ...
Selecting previously unselected package libmagic1:amd64.
Unpacking libmagic1:amd64 (from .../libmagic1_1%3a5.14-2_amd64.deb) ...
Selecting previously unselected package libsqlite3-0:amd64.
Unpacking libsqlite3-0:amd64 (from .../libsqlite3-0_3.7.17-1_amd64.deb) ...
Selecting previously unselected package libxml2:amd64.
Unpacking libxml2:amd64 (from .../libxml2_2.9.1+dfsg1-2_amd64.deb) ...
Selecting previously unselected package libdrm2:amd64.
Unpacking libdrm2:amd64 (from .../libdrm2_2.4.45-3_amd64.deb) ...
Selecting previously unselected package libglapi-mesa:amd64.
Unpacking libglapi-mesa:amd64 (from .../libglapi-mesa_9.1.4-1_amd64.deb) ...
Selecting previously unselected package libxau6:amd64.
Unpacking libxau6:amd64 (from .../libxau6_1%3a1.0.8-1_amd64.deb) ...
Selecting previously unselected package libxdmcp6:amd64.
Unpacking libxdmcp6:amd64 (from .../libxdmcp6_1%3a1.1.1-1_amd64.deb) ...
Selecting previously unselected package libxcb1:amd64.
Unpacking libxcb1:amd64 (from .../libxcb1_1.9.1-3_amd64.deb) ...
Selecting previously unselected package libx11-data.
Unpacking libx11-data (from .../libx11-data_2%3a1.6.0-1_all.deb) ...
Selecting previously unselected package libx11-6:amd64.
Unpacking libx11-6:amd64 (from .../libx11-6_2%3a1.6.0-1_amd64.deb) ...
Selecting previously unselected package libx11-xcb1:amd64.
Unpacking libx11-xcb1:amd64 (from .../libx11-xcb1_2%3a1.6.0-1_amd64.deb) ...
Selecting previously unselected package libxcb-dri2-0:amd64.
Unpacking libxcb-dri2-0:amd64 (from .../libxcb-dri2-0_1.9.1-3_amd64.deb) ...
Selecting previously unselected package libxcb-glx0:amd64.
Unpacking libxcb-glx0:amd64 (from .../libxcb-glx0_1.9.1-3_amd64.deb) ...
Selecting previously unselected package libxfixes3:amd64.
Unpacking libxfixes3:amd64 (from .../libxfixes3_1%3a5.0.1-1_amd64.deb) ...
Selecting previously unselected package libxdamage1:amd64.
Unpacking libxdamage1:amd64 (from .../libxdamage1_1%3a1.1.4-1_amd64.deb) ...
Selecting previously unselected package libxext6:amd64.
Unpacking libxext6:amd64 (from .../libxext6_2%3a1.3.2-1_amd64.deb) ...
Selecting previously unselected package libxxf86vm1:amd64.
Unpacking libxxf86vm1:amd64 (from .../libxxf86vm1_1%3a1.1.2-1+deb7u1_amd64.deb) ...
Selecting previously unselected package libgl1-mesa-glx:amd64.
Unpacking libgl1-mesa-glx:amd64 (from .../libgl1-mesa-glx_9.1.4-1_amd64.deb) ...
Selecting previously unselected package libxi6:amd64.
Unpacking libxi6:amd64 (from .../libxi6_2%3a1.7.1.901-1_amd64.deb) ...
Selecting previously unselected package freeglut3:amd64.
Unpacking freeglut3:amd64 (from .../freeglut3_2.8.1-1_amd64.deb) ...
Selecting previously unselected package liblzo2-2:amd64.
Unpacking liblzo2-2:amd64 (from .../liblzo2-2_2.06-1_amd64.deb) ...
Selecting previously unselected package libnettle4:amd64.
Unpacking libnettle4:amd64 (from .../libnettle4_2.7.1-1_amd64.deb) ...
Selecting previously unselected package libarchive13:amd64.
Unpacking libarchive13:amd64 (from .../libarchive13_3.1.2-7_amd64.deb) ...
Selecting previously unselected package libglib2.0-0:amd64.
Unpacking libglib2.0-0:amd64 (from .../libglib2.0-0_2.36.3-3_amd64.deb) ...
Selecting previously unselected package libatk1.0-data.
Unpacking libatk1.0-data (from .../libatk1.0-data_2.8.0-2_all.deb) ...
Selecting previously unselected package libatk1.0-0:amd64.
Unpacking libatk1.0-0:amd64 (from .../libatk1.0-0_2.8.0-2_amd64.deb) ...
Selecting previously unselected package x11-common.
Unpacking x11-common (from .../x11-common_1%3a7.7+3_all.deb) ...
Selecting previously unselected package libice6:amd64.
Unpacking libice6:amd64 (from .../libice6_2%3a1.0.8-2_amd64.deb) ...
Selecting previously unselected package libsm6:amd64.
Unpacking libsm6:amd64 (from .../libsm6_2%3a1.2.1-2_amd64.deb) ...
Selecting previously unselected package libxt6:amd64.
Unpacking libxt6:amd64 (from .../libxt6_1%3a1.1.3-1+deb7u1_amd64.deb) ...
Selecting previously unselected package libaudio2:amd64.
Unpacking libaudio2:amd64 (from .../libaudio2_1.9.3-5_amd64.deb) ...
Selecting previously unselected package libavahi-common-data:amd64.
Unpacking libavahi-common-data:amd64 (from .../libavahi-common-data_0.6.31-2_amd64.deb) ...
Selecting previously unselected package libavahi-common3:amd64.
Unpacking libavahi-common3:amd64 (from .../libavahi-common3_0.6.31-2_amd64.deb) ...
Selecting previously unselected package libdbus-1-3:amd64.
Unpacking libdbus-1-3:amd64 (from .../libdbus-1-3_1.6.12-1_amd64.deb) ...
Selecting previously unselected package libavahi-client3:amd64.
Unpacking libavahi-client3:amd64 (from .../libavahi-client3_0.6.31-2_amd64.deb) ...
Selecting previously unselected package libavutil51:amd64.
Unpacking libavutil51:amd64 (from .../libavutil51_6%3a0.8.7-1_amd64.deb) ...
Selecting previously unselected package libdirac-encoder0:amd64.
Unpacking libdirac-encoder0:amd64 (from .../libdirac-encoder0_1.0.2-6_amd64.deb) ...
Selecting previously unselected package libgsm1:amd64.
Unpacking libgsm1:amd64 (from .../libgsm1_1.0.13-4_amd64.deb) ...
Selecting previously unselected package libmp3lame0:amd64.
Unpacking libmp3lame0:amd64 (from .../libmp3lame0_3.99.5+repack1-3_amd64.deb) ...
Selecting previously unselected package libopenjpeg2:amd64.
Unpacking libopenjpeg2:amd64 (from .../libopenjpeg2_1.3+dfsg-4.6_amd64.deb) ...
Selecting previously unselected package liborc-0.4-0:amd64.
Unpacking liborc-0.4-0:amd64 (from .../liborc-0.4-0_1%3a0.4.17-2_amd64.deb) ...
Selecting previously unselected package libschroedinger-1.0-0:amd64.
Unpacking libschroedinger-1.0-0:amd64 (from .../libschroedinger-1.0-0_1.0.11-2_amd64.deb) ...
Selecting previously unselected package libspeex1:amd64.
Unpacking libspeex1:amd64 (from .../libspeex1_1.2~rc1-7_amd64.deb) ...
Selecting previously unselected package libogg0:amd64.
Unpacking libogg0:amd64 (from .../libogg0_1.3.1-1_amd64.deb) ...
Selecting previously unselected package libtheora0:amd64.
Unpacking libtheora0:amd64 (from .../libtheora0_1.1.1+dfsg.1-3.1_amd64.deb) ...
Selecting previously unselected package libva1:amd64.
Unpacking libva1:amd64 (from .../libva1_1.1.1-3_amd64.deb) ...
Selecting previously unselected package libvorbis0a:amd64.
Unpacking libvorbis0a:amd64 (from .../libvorbis0a_1.3.2-1.3_amd64.deb) ...
Selecting previously unselected package libvorbisenc2:amd64.
Unpacking libvorbisenc2:amd64 (from .../libvorbisenc2_1.3.2-1.3_amd64.deb) ...
Selecting previously unselected package libvpx1:amd64.
Unpacking libvpx1:amd64 (from .../libvpx1_1.2.0-2_amd64.deb) ...
Selecting previously unselected package libx264-123:amd64.
Unpacking libx264-123:amd64 (from .../libx264-123_2%3a0.123.2189+git35cf912-1_amd64.deb) ...
Selecting previously unselected package libxvidcore4:amd64.
Unpacking libxvidcore4:amd64 (from .../libxvidcore4_2%3a1.3.2-9_amd64.deb) ...
Selecting previously unselected package libavcodec53:amd64.
Unpacking libavcodec53:amd64 (from .../libavcodec53_6%3a0.8.7-1_amd64.deb) ...
Selecting previously unselected package librtmp0:amd64.
Unpacking librtmp0:amd64 (from .../librtmp0_2.4+20121230.gitdf6c518-1_amd64.deb) ...
Selecting previously unselected package libavformat53:amd64.
Unpacking libavformat53:amd64 (from .../libavformat53_6%3a0.8.7-1_amd64.deb) ...
Selecting previously unselected package libllvm3.2:amd64.
Unpacking libllvm3.2:amd64 (from .../libllvm3.2_1%3a3.2repack-10_amd64.deb) ...
Selecting previously unselected package libgbm1:amd64.
Unpacking libgbm1:amd64 (from .../libgbm1_9.1.4-1_amd64.deb) ...
Selecting previously unselected package libwayland-client0:amd64.
Unpacking libwayland-client0:amd64 (from .../libwayland-client0_1.1.0-2_amd64.deb) ...
Selecting previously unselected package libwayland-server0:amd64.
Unpacking libwayland-server0:amd64 (from .../libwayland-server0_1.1.0-2_amd64.deb) ...
Selecting previously unselected package libxcb-render0:amd64.
Unpacking libxcb-render0:amd64 (from .../libxcb-render0_1.9.1-3_amd64.deb) ...
Selecting previously unselected package libxcb-shape0:amd64.
Unpacking libxcb-shape0:amd64 (from .../libxcb-shape0_1.9.1-3_amd64.deb) ...
Selecting previously unselected package libxcb-xfixes0:amd64.
Unpacking libxcb-xfixes0:amd64 (from .../libxcb-xfixes0_1.9.1-3_amd64.deb) ...
Selecting previously unselected package libegl1-mesa:amd64.
Unpacking libegl1-mesa:amd64 (from .../libegl1-mesa_9.1.4-1_amd64.deb) ...
Selecting previously unselected package libexpat1:amd64.
Unpacking libexpat1:amd64 (from .../libexpat1_2.1.0-4_amd64.deb) ...
Selecting previously unselected package libfreetype6:amd64.
Unpacking libfreetype6:amd64 (from .../libfreetype6_2.4.9-1.1_amd64.deb) ...
Selecting previously unselected package fonts-dejavu-core.
Unpacking fonts-dejavu-core (from .../fonts-dejavu-core_2.33+svn2514-3_all.deb) ...
Selecting previously unselected package ttf-dejavu-core.
Unpacking ttf-dejavu-core (from .../ttf-dejavu-core_2.33+svn2514-3_all.deb) ...
Selecting previously unselected package fontconfig-config.
Unpacking fontconfig-config (from .../fontconfig-config_2.10.2-2_all.deb) ...
Selecting previously unselected package libfontconfig1:amd64.
Unpacking libfontconfig1:amd64 (from .../libfontconfig1_2.10.2-2_amd64.deb) ...
Selecting previously unselected package libpixman-1-0:amd64.
Unpacking libpixman-1-0:amd64 (from .../libpixman-1-0_0.26.0-4_amd64.deb) ...
Selecting previously unselected package libpng12-0:amd64.
Unpacking libpng12-0:amd64 (from .../libpng12-0_1.2.49-4_amd64.deb) ...
Selecting previously unselected package libxcb-shm0:amd64.
Unpacking libxcb-shm0:amd64 (from .../libxcb-shm0_1.9.1-3_amd64.deb) ...
Selecting previously unselected package libxrender1:amd64.
Unpacking libxrender1:amd64 (from .../libxrender1_1%3a0.9.8-1_amd64.deb) ...
Selecting previously unselected package libcairo2:amd64.
Unpacking libcairo2:amd64 (from .../libcairo2_1.12.14-5_amd64.deb) ...
Selecting previously unselected package libcroco3:amd64.
Unpacking libcroco3:amd64 (from .../libcroco3_0.6.8-2_amd64.deb) ...
Selecting previously unselected package libcups2:amd64.
Unpacking libcups2:amd64 (from .../libcups2_1.6.2-10_amd64.deb) ...
Selecting previously unselected package libssh2-1:amd64.
Unpacking libssh2-1:amd64 (from .../libssh2-1_1.4.3-1_amd64.deb) ...
Selecting previously unselected package libcurl3-gnutls:amd64.
Unpacking libcurl3-gnutls:amd64 (from .../libcurl3-gnutls_7.31.0-2_amd64.deb) ...
Selecting previously unselected package libdatrie1:amd64.
Unpacking libdatrie1:amd64 (from .../libdatrie1_0.2.6-2_amd64.deb) ...
Selecting previously unselected package libpciaccess0:amd64.
Unpacking libpciaccess0:amd64 (from .../libpciaccess0_0.13.1-2_amd64.deb) ...
Selecting previously unselected package libdrm-intel1:amd64.
Unpacking libdrm-intel1:amd64 (from .../libdrm-intel1_2.4.45-3_amd64.deb) ...
Selecting previously unselected package libdrm-nouveau2:amd64.
Unpacking libdrm-nouveau2:amd64 (from .../libdrm-nouveau2_2.4.45-3_amd64.deb) ...
Selecting previously unselected package libdrm-radeon1:amd64.
Unpacking libdrm-radeon1:amd64 (from .../libdrm-radeon1_2.4.45-3_amd64.deb) ...
Selecting previously unselected package libjpeg8:amd64.
Unpacking libjpeg8:amd64 (from .../libjpeg8_8d-1_amd64.deb) ...
Selecting previously unselected package libjasper1:amd64.
Unpacking libjasper1:amd64 (from .../libjasper1_1.900.1-14_amd64.deb) ...
Selecting previously unselected package libjbig0:amd64.
Unpacking libjbig0:amd64 (from .../libjbig0_2.0-2_amd64.deb) ...
Selecting previously unselected package libtiff4:amd64.
Unpacking libtiff4:amd64 (from .../libtiff4_3.9.7-1_amd64.deb) ...
Selecting previously unselected package libgdk-pixbuf2.0-common.
Unpacking libgdk-pixbuf2.0-common (from .../libgdk-pixbuf2.0-common_2.28.2-1_all.deb) ...
Selecting previously unselected package libgdk-pixbuf2.0-0:amd64.
Unpacking libgdk-pixbuf2.0-0:amd64 (from .../libgdk-pixbuf2.0-0_2.28.2-1_amd64.deb) ...
Selecting previously unselected package libgfortran3:amd64.
Unpacking libgfortran3:amd64 (from .../libgfortran3_4.8.1-6_amd64.deb) ...
Selecting previously unselected package libglu1-mesa:amd64.
Unpacking libglu1-mesa:amd64 (from .../libglu1-mesa_9.0.0-1_amd64.deb) ...
Selecting previously unselected package libgraphite2-3:amd64.
Unpacking libgraphite2-3:amd64 (from .../libgraphite2-3_1.2.3-1_amd64.deb) ...
Selecting previously unselected package libgstreamer0.10-0:amd64.
Unpacking libgstreamer0.10-0:amd64 (from .../libgstreamer0.10-0_0.10.36-1.2_amd64.deb) ...
Selecting previously unselected package iso-codes.
Unpacking iso-codes (from .../iso-codes_3.44-1_all.deb) ...
Selecting previously unselected package libgstreamer-plugins-base0.10-0:amd64.
Unpacking libgstreamer-plugins-base0.10-0:amd64 (from .../libgstreamer-plugins-base0.10-0_0.10.36-1.1_amd64.deb) ...
Selecting previously unselected package libgtk2.0-common.
Unpacking libgtk2.0-common (from .../libgtk2.0-common_2.24.20-1_all.deb) ...
Selecting previously unselected package libthai-data.
Unpacking libthai-data (from .../libthai-data_0.1.19-2_all.deb) ...
Selecting previously unselected package libthai0:amd64.
Unpacking libthai0:amd64 (from .../libthai0_0.1.19-2_amd64.deb) ...
Selecting previously unselected package fontconfig.
Unpacking fontconfig (from .../fontconfig_2.10.2-2_amd64.deb) ...
Selecting previously unselected package libpango-1.0-0:amd64.
Unpacking libpango-1.0-0:amd64 (from .../libpango-1.0-0_1.32.5-5+b1_amd64.deb) ...
Selecting previously unselected package libharfbuzz0a:amd64.
Unpacking libharfbuzz0a:amd64 (from .../libharfbuzz0a_0.9.18-3_amd64.deb) ...
Selecting previously unselected package libpangoft2-1.0-0:amd64.
Unpacking libpangoft2-1.0-0:amd64 (from .../libpangoft2-1.0-0_1.32.5-5+b1_amd64.deb) ...
Selecting previously unselected package libpangocairo-1.0-0:amd64.
Unpacking libpangocairo-1.0-0:amd64 (from .../libpangocairo-1.0-0_1.32.5-5+b1_amd64.deb) ...
Selecting previously unselected package libxcomposite1:amd64.
Unpacking libxcomposite1:amd64 (from .../libxcomposite1_1%3a0.4.4-1_amd64.deb) ...
Selecting previously unselected package libxcursor1:amd64.
Unpacking libxcursor1:amd64 (from .../libxcursor1_1%3a1.1.14-1_amd64.deb) ...
Selecting previously unselected package libxinerama1:amd64.
Unpacking libxinerama1:amd64 (from .../libxinerama1_2%3a1.1.3-1_amd64.deb) ...
Selecting previously unselected package libxrandr2:amd64.
Unpacking libxrandr2:amd64 (from .../libxrandr2_2%3a1.4.1-1_amd64.deb) ...
Selecting previously unselected package shared-mime-info.
Unpacking shared-mime-info (from .../shared-mime-info_1.0-1+b1_amd64.deb) ...
Selecting previously unselected package libgtk2.0-0:amd64.
Unpacking libgtk2.0-0:amd64 (from .../libgtk2.0-0_2.24.20-1_amd64.deb) ...
Selecting previously unselected package libhdf5-7:amd64.
Unpacking libhdf5-7:amd64 (from .../libhdf5-7_1.8.11-3_amd64.deb) ...
Selecting previously unselected package libicu48:amd64.
Unpacking libicu48:amd64 (from .../libicu48_4.8.1.1-12_amd64.deb) ...
Selecting previously unselected package libkms1:amd64.
Unpacking libkms1:amd64 (from .../libkms1_2.4.45-3_amd64.deb) ...
Selecting previously unselected package liblcms1:amd64.
Unpacking liblcms1:amd64 (from .../liblcms1_1.19.dfsg-1.2_amd64.deb) ...
Selecting previously unselected package libmng1:amd64.
Unpacking libmng1:amd64 (from .../libmng1_1.0.10-3_amd64.deb) ...
Selecting previously unselected package mysql-common.
Unpacking mysql-common (from .../mysql-common_5.5.31+dfsg-1_all.deb) ...
Selecting previously unselected package libmysqlclient18:amd64.
Unpacking libmysqlclient18:amd64 (from .../libmysqlclient18_5.5.31+dfsg-1_amd64.deb) ...
Selecting previously unselected package libxft2:amd64.
Unpacking libxft2:amd64 (from .../libxft2_2.3.1-1_amd64.deb) ...
Selecting previously unselected package libpangoxft-1.0-0:amd64.
Unpacking libpangoxft-1.0-0:amd64 (from .../libpangoxft-1.0-0_1.32.5-5+b1_amd64.deb) ...
Selecting previously unselected package libpcrecpp0:amd64.
Unpacking libpcrecpp0:amd64 (from .../libpcrecpp0_1%3a8.31-2_amd64.deb) ...
Selecting previously unselected package libpython2.7-minimal.
Unpacking libpython2.7-minimal (from .../libpython2.7-minimal_2.7.5-6_amd64.deb) ...
Selecting previously unselected package mime-support.
Unpacking mime-support (from .../mime-support_3.54_all.deb) ...
Selecting previously unselected package libpython2.7-stdlib.
Unpacking libpython2.7-stdlib (from .../libpython2.7-stdlib_2.7.5-6_amd64.deb) ...
Selecting previously unselected package libpython2.7.
Unpacking libpython2.7 (from .../libpython2.7_2.7.5-6_amd64.deb) ...
Selecting previously unselected package libexpat1-dev:amd64.
Unpacking libexpat1-dev:amd64 (from .../libexpat1-dev_2.1.0-4_amd64.deb) ...
Selecting previously unselected package libpython2.7-dev.
Unpacking libpython2.7-dev (from .../libpython2.7-dev_2.7.5-6_amd64.deb) ...
Selecting previously unselected package qtcore4-l10n.
Unpacking qtcore4-l10n (from .../qtcore4-l10n_4%3a4.8.5+dfsg-2_all.deb) ...
Selecting previously unselected package libqtcore4:amd64.
Unpacking libqtcore4:amd64 (from .../libqtcore4_4%3a4.8.5+dfsg-2_amd64.deb) ...
Selecting previously unselected package libqt4-xml:amd64.
Unpacking libqt4-xml:amd64 (from .../libqt4-xml_4%3a4.8.5+dfsg-2_amd64.deb) ...
Selecting previously unselected package libqtdbus4:amd64.
Unpacking libqtdbus4:amd64 (from .../libqtdbus4_4%3a4.8.5+dfsg-2_amd64.deb) ...
Selecting previously unselected package libqt4-network:amd64.
Unpacking libqt4-network:amd64 (from .../libqt4-network_4%3a4.8.5+dfsg-2_amd64.deb) ...
Selecting previously unselected package libqt4-script:amd64.
Unpacking libqt4-script:amd64 (from .../libqt4-script_4%3a4.8.5+dfsg-2_amd64.deb) ...
Selecting previously unselected package libqt4-sql:amd64.
Unpacking libqt4-sql:amd64 (from .../libqt4-sql_4%3a4.8.5+dfsg-2_amd64.deb) ...
Selecting previously unselected package libqt4-xmlpatterns:amd64.
Unpacking libqt4-xmlpatterns:amd64 (from .../libqt4-xmlpatterns_4%3a4.8.5+dfsg-2_amd64.deb) ...
Selecting previously unselected package libqtgui4:amd64.
Unpacking libqtgui4:amd64 (from .../libqtgui4_4%3a4.8.5+dfsg-2_amd64.deb) ...
Selecting previously unselected package libqt4-declarative:amd64.
Unpacking libqt4-declarative:amd64 (from .../libqt4-declarative_4%3a4.8.5+dfsg-2_amd64.deb) ...
Selecting previously unselected package libqt4-designer:amd64.
Unpacking libqt4-designer:amd64 (from .../libqt4-designer_4%3a4.8.5+dfsg-2_amd64.deb) ...
Selecting previously unselected package libqt4-help:amd64.
Unpacking libqt4-help:amd64 (from .../libqt4-help_4%3a4.8.5+dfsg-2_amd64.deb) ...
Selecting previously unselected package libqt4-opengl:amd64.
Unpacking libqt4-opengl:amd64 (from .../libqt4-opengl_4%3a4.8.5+dfsg-2_amd64.deb) ...
Selecting previously unselected package libqt4-qt3support:amd64.
Unpacking libqt4-qt3support:amd64 (from .../libqt4-qt3support_4%3a4.8.5+dfsg-2_amd64.deb) ...
Selecting previously unselected package libqt4-scripttools:amd64.
Unpacking libqt4-scripttools:amd64 (from .../libqt4-scripttools_4%3a4.8.5+dfsg-2_amd64.deb) ...
Selecting previously unselected package libqt4-svg:amd64.
Unpacking libqt4-svg:amd64 (from .../libqt4-svg_4%3a4.8.5+dfsg-2_amd64.deb) ...
Selecting previously unselected package libqt4-test:amd64.
Unpacking libqt4-test:amd64 (from .../libqt4-test_4%3a4.8.5+dfsg-2_amd64.deb) ...
Selecting previously unselected package libqtassistantclient4:amd64.
Unpacking libqtassistantclient4:amd64 (from .../libqtassistantclient4_4.6.3-6_amd64.deb) ...
Selecting previously unselected package libqtwebkit4:amd64.
Unpacking libqtwebkit4:amd64 (from .../libqtwebkit4_2.2.1-6_amd64.deb) ...
Selecting previously unselected package libswscale2:amd64.
Unpacking libswscale2:amd64 (from .../libswscale2_6%3a0.8.7-1_amd64.deb) ...
Selecting previously unselected package libtiffxx0c2:amd64.
Unpacking libtiffxx0c2:amd64 (from .../libtiffxx0c2_3.9.7-1_amd64.deb) ...
Selecting previously unselected package libunistring0:amd64.
Unpacking libunistring0:amd64 (from .../libunistring0_0.9.3-5_amd64.deb) ...
Selecting previously unselected package libxmu6:amd64.
Unpacking libxmu6:amd64 (from .../libxmu6_2%3a1.1.1-1_amd64.deb) ...
Selecting previously unselected package libxss1:amd64.
Unpacking libxss1:amd64 (from .../libxss1_1%3a1.2.2-1_amd64.deb) ...
Selecting previously unselected package python2.7-minimal.
Unpacking python2.7-minimal (from .../python2.7-minimal_2.7.5-6_amd64.deb) ...
Selecting previously unselected package python2.7.
Unpacking python2.7 (from .../python2.7_2.7.5-6_amd64.deb) ...
Selecting previously unselected package python-minimal.
Unpacking python-minimal (from .../python-minimal_2.7.5-2_amd64.deb) ...
Selecting previously unselected package libpython-stdlib:amd64.
Unpacking libpython-stdlib:amd64 (from .../libpython-stdlib_2.7.5-2_amd64.deb) ...
Selecting previously unselected package python.
Unpacking python (from .../python_2.7.5-2_amd64.deb) ...
Selecting previously unselected package libgirepository-1.0-1.
Unpacking libgirepository-1.0-1 (from .../libgirepository-1.0-1_1.36.0-2+b1_amd64.deb) ...
Selecting previously unselected package gir1.2-glib-2.0.
Unpacking gir1.2-glib-2.0 (from .../gir1.2-glib-2.0_1.36.0-2+b1_amd64.deb) ...
Selecting previously unselected package python-gi.
Unpacking python-gi (from .../python-gi_3.8.3-1_amd64.deb) ...
Selecting previously unselected package libdouble-conversion0:amd64.
Unpacking libdouble-conversion0:amd64 (from .../libdouble-conversion0_1.1.1-1_amd64.deb) ...
Selecting previously unselected package libjbig-dev:amd64.
Unpacking libjbig-dev:amd64 (from .../libjbig-dev_2.0-2_amd64.deb) ...
Selecting previously unselected package libpangox-1.0-0:amd64.
Unpacking libpangox-1.0-0:amd64 (from .../libpangox-1.0-0_0.0.2-4_amd64.deb) ...
Selecting previously unselected package libqglviewer2:amd64.
Unpacking libqglviewer2:amd64 (from .../libqglviewer2_2.3.17-2_amd64.deb) ...
Selecting previously unselected package adduser.
Unpacking adduser (from .../adduser_3.113+nmu3_all.deb) ...
Selecting previously unselected package libboost-iostreams1.49.0.
Unpacking libboost-iostreams1.49.0 (from .../libboost-iostreams1.49.0_1.49.0-4_amd64.deb) ...
Selecting previously unselected package procps.
Unpacking procps (from .../procps_1%3a3.3.8-2_amd64.deb) ...
Selecting previously unselected package file.
Unpacking file (from .../file_1%3a5.14-2_amd64.deb) ...
Selecting previously unselected package gettext-base.
Unpacking gettext-base (from .../gettext-base_0.18.2.1-1_amd64.deb) ...
Selecting previously unselected package python-support.
Unpacking python-support (from .../python-support_1.0.15_all.deb) ...
Selecting previously unselected package tcl8.5.
Unpacking tcl8.5 (from .../tcl8.5_8.5.14-2_amd64.deb) ...
Selecting previously unselected package tk8.5.
Unpacking tk8.5 (from .../tk8.5_8.5.14-2_amd64.deb) ...
Selecting previously unselected package blt.
Unpacking blt (from .../archives/blt_2.4z-5_amd64.deb) ...
Selecting previously unselected package emacsen-common.
Unpacking emacsen-common (from .../emacsen-common_2.0.5_all.deb) ...
Selecting previously unselected package cmake-data.
Unpacking cmake-data (from .../cmake-data_2.8.11.2-1_all.deb) ...
Selecting previously unselected package cmake.
Unpacking cmake (from .../cmake_2.8.11.2-1_amd64.deb) ...
Selecting previously unselected package gettext.
Unpacking gettext (from .../gettext_0.18.2.1-1_amd64.deb) ...
Selecting previously unselected package intltool-debian.
Unpacking intltool-debian (from .../intltool-debian_0.35.0+20060710.1_all.deb) ...
Selecting previously unselected package po-debconf.
Unpacking po-debconf (from .../po-debconf_1.0.16+nmu2_all.deb) ...
Selecting previously unselected package debhelper.
Unpacking debhelper (from .../debhelper_9.20130630_all.deb) ...
Selecting previously unselected package fonts-lyx.
Unpacking fonts-lyx (from .../fonts-lyx_2.0.6-1_all.deb) ...
Selecting previously unselected package xorg-sgml-doctools.
Unpacking xorg-sgml-doctools (from .../xorg-sgml-doctools_1%3a1.10-1_all.deb) ...
Selecting previously unselected package x11proto-core-dev.
Unpacking x11proto-core-dev (from .../x11proto-core-dev_7.0.24-1_all.deb) ...
Selecting previously unselected package libxau-dev:amd64.
Unpacking libxau-dev:amd64 (from .../libxau-dev_1%3a1.0.8-1_amd64.deb) ...
Selecting previously unselected package libxdmcp-dev:amd64.
Unpacking libxdmcp-dev:amd64 (from .../libxdmcp-dev_1%3a1.1.1-1_amd64.deb) ...
Selecting previously unselected package x11proto-input-dev.
Unpacking x11proto-input-dev (from .../x11proto-input-dev_2.3-1_all.deb) ...
Selecting previously unselected package x11proto-kb-dev.
Unpacking x11proto-kb-dev (from .../x11proto-kb-dev_1.0.6-2_all.deb) ...
Selecting previously unselected package xtrans-dev.
Unpacking xtrans-dev (from .../xtrans-dev_1.2.7-1_all.deb) ...
Selecting previously unselected package libpthread-stubs0:amd64.
Unpacking libpthread-stubs0:amd64 (from .../libpthread-stubs0_0.3-3_amd64.deb) ...
Selecting previously unselected package libpthread-stubs0-dev:amd64.
Unpacking libpthread-stubs0-dev:amd64 (from .../libpthread-stubs0-dev_0.3-3_amd64.deb) ...
Selecting previously unselected package libxcb1-dev:amd64.
Unpacking libxcb1-dev:amd64 (from .../libxcb1-dev_1.9.1-3_amd64.deb) ...
Selecting previously unselected package libx11-dev:amd64.
Unpacking libx11-dev:amd64 (from .../libx11-dev_2%3a1.6.0-1_amd64.deb) ...
Selecting previously unselected package libdrm-dev.
Unpacking libdrm-dev (from .../libdrm-dev_2.4.45-3_amd64.deb) ...
Selecting previously unselected package mesa-common-dev.
Unpacking mesa-common-dev (from .../mesa-common-dev_9.1.4-1_amd64.deb) ...
Selecting previously unselected package libx11-xcb-dev.
Unpacking libx11-xcb-dev (from .../libx11-xcb-dev_2%3a1.6.0-1_amd64.deb) ...
Selecting previously unselected package libxcb-dri2-0-dev:amd64.
Unpacking libxcb-dri2-0-dev:amd64 (from .../libxcb-dri2-0-dev_1.9.1-3_amd64.deb) ...
Selecting previously unselected package libxcb-glx0-dev:amd64.
Unpacking libxcb-glx0-dev:amd64 (from .../libxcb-glx0-dev_1.9.1-3_amd64.deb) ...
Selecting previously unselected package x11proto-xext-dev.
Unpacking x11proto-xext-dev (from .../x11proto-xext-dev_7.2.1-1_all.deb) ...
Selecting previously unselected package x11proto-fixes-dev.
Unpacking x11proto-fixes-dev (from .../x11proto-fixes-dev_1%3a5.0-2_all.deb) ...
Selecting previously unselected package libxfixes-dev.
Unpacking libxfixes-dev (from .../libxfixes-dev_1%3a5.0.1-1_amd64.deb) ...
Selecting previously unselected package x11proto-damage-dev.
Unpacking x11proto-damage-dev (from .../x11proto-damage-dev_1%3a1.2.1-2_all.deb) ...
Selecting previously unselected package libxdamage-dev.
Unpacking libxdamage-dev (from .../libxdamage-dev_1%3a1.1.4-1_amd64.deb) ...
Selecting previously unselected package libxext-dev:amd64.
Unpacking libxext-dev:amd64 (from .../libxext-dev_2%3a1.3.2-1_amd64.deb) ...
Selecting previously unselected package x11proto-xf86vidmode-dev.
Unpacking x11proto-xf86vidmode-dev (from .../x11proto-xf86vidmode-dev_2.3.1-2_all.deb) ...
Selecting previously unselected package libxxf86vm-dev.
Unpacking libxxf86vm-dev (from .../libxxf86vm-dev_1%3a1.1.2-1+deb7u1_amd64.deb) ...
Selecting previously unselected package x11proto-dri2-dev.
Unpacking x11proto-dri2-dev (from .../x11proto-dri2-dev_2.8-2_all.deb) ...
Selecting previously unselected package x11proto-gl-dev.
Unpacking x11proto-gl-dev (from .../x11proto-gl-dev_1.4.16-2_all.deb) ...
Selecting previously unselected package libgl1-mesa-dev.
Unpacking libgl1-mesa-dev (from .../libgl1-mesa-dev_9.1.4-1_amd64.deb) ...
Selecting previously unselected package libglu1-mesa-dev.
Unpacking libglu1-mesa-dev (from .../libglu1-mesa-dev_9.0.0-1_amd64.deb) ...
Selecting previously unselected package libice-dev:amd64.
Unpacking libice-dev:amd64 (from .../libice-dev_2%3a1.0.8-2_amd64.deb) ...
Selecting previously unselected package libsm-dev:amd64.
Unpacking libsm-dev:amd64 (from .../libsm-dev_2%3a1.2.1-2_amd64.deb) ...
Selecting previously unselected package libxt-dev:amd64.
Unpacking libxt-dev:amd64 (from .../libxt-dev_1%3a1.1.3-1+deb7u1_amd64.deb) ...
Selecting previously unselected package freeglut3-dev:amd64.
Unpacking freeglut3-dev:amd64 (from .../freeglut3-dev_2.8.1-1_amd64.deb) ...
Selecting previously unselected package gccxml.
Unpacking gccxml (from .../gccxml_0.9.0+git20130511-1_amd64.deb) ...
Selecting previously unselected package help2man.
Unpacking help2man (from .../help2man_1.43.3_amd64.deb) ...
Selecting previously unselected package python-decorator.
Unpacking python-decorator (from .../python-decorator_3.4.0-2_all.deb) ...
Selecting previously unselected package python-pexpect.
Unpacking python-pexpect (from .../python-pexpect_2.4-1_all.deb) ...
Selecting previously unselected package python-simplegeneric.
Unpacking python-simplegeneric (from .../python-simplegeneric_0.8.1-1_all.deb) ...
Selecting previously unselected package ipython.
Unpacking ipython (from .../ipython_0.13.2-2_all.deb) ...
Selecting previously unselected package comerr-dev.
Unpacking comerr-dev (from .../comerr-dev_2.1-1.42.8-1_amd64.deb) ...
Selecting previously unselected package krb5-multidev.
Unpacking krb5-multidev (from .../krb5-multidev_1.10.1+dfsg-6.1_amd64.deb) ...
Selecting previously unselected package libavutil-dev.
Unpacking libavutil-dev (from .../libavutil-dev_6%3a0.8.7-1_amd64.deb) ...
Selecting previously unselected package libavcodec-dev.
Unpacking libavcodec-dev (from .../libavcodec-dev_6%3a0.8.7-1_amd64.deb) ...
Selecting previously unselected package libavformat-dev.
Unpacking libavformat-dev (from .../libavformat-dev_6%3a0.8.7-1_amd64.deb) ...
Selecting previously unselected package libblas3.
Unpacking libblas3 (from .../libblas3_1.2.20110419-5_amd64.deb) ...
Selecting previously unselected package libboost1.49-dev.
Unpacking libboost1.49-dev (from .../libboost1.49-dev_1.49.0-4_amd64.deb) ...
Selecting previously unselected package libboost-dev.
Unpacking libboost-dev (from .../libboost-dev_1.49.0.1_amd64.deb) ...
Selecting previously unselected package libboost-system1.49.0.
Unpacking libboost-system1.49.0 (from .../libboost-system1.49.0_1.49.0-4_amd64.deb) ...
Selecting previously unselected package libboost-chrono1.49.0.
Unpacking libboost-chrono1.49.0 (from .../libboost-chrono1.49.0_1.49.0-4_amd64.deb) ...
Selecting previously unselected package libboost-chrono1.49-dev.
Unpacking libboost-chrono1.49-dev (from .../libboost-chrono1.49-dev_1.49.0-4_amd64.deb) ...
Selecting previously unselected package libboost-chrono-dev.
Unpacking libboost-chrono-dev (from .../libboost-chrono-dev_1.49.0.1_amd64.deb) ...
Selecting previously unselected package libboost-date-time1.49.0.
Unpacking libboost-date-time1.49.0 (from .../libboost-date-time1.49.0_1.49.0-4_amd64.deb) ...
Selecting previously unselected package libboost-serialization1.49.0.
Unpacking libboost-serialization1.49.0 (from .../libboost-serialization1.49.0_1.49.0-4_amd64.deb) ...
Selecting previously unselected package libboost-serialization1.49-dev.
Unpacking libboost-serialization1.49-dev (from .../libboost-serialization1.49-dev_1.49.0-4_amd64.deb) ...
Selecting previously unselected package libboost-date-time1.49-dev.
Unpacking libboost-date-time1.49-dev (from .../libboost-date-time1.49-dev_1.49.0-4_amd64.deb) ...
Selecting previously unselected package libboost-date-time-dev.
Unpacking libboost-date-time-dev (from .../libboost-date-time-dev_1.49.0.1_amd64.deb) ...
Selecting previously unselected package libboost-filesystem1.49.0.
Unpacking libboost-filesystem1.49.0 (from .../libboost-filesystem1.49.0_1.49.0-4_amd64.deb) ...
Selecting previously unselected package libboost-system1.49-dev.
Unpacking libboost-system1.49-dev (from .../libboost-system1.49-dev_1.49.0-4_amd64.deb) ...
Selecting previously unselected package libboost-filesystem1.49-dev.
Unpacking libboost-filesystem1.49-dev (from .../libboost-filesystem1.49-dev_1.49.0-4_amd64.deb) ...
Selecting previously unselected package libboost-filesystem-dev.
Unpacking libboost-filesystem-dev (from .../libboost-filesystem-dev_1.49.0.1_amd64.deb) ...
Selecting previously unselected package libboost-test1.49.0.
Unpacking libboost-test1.49.0 (from .../libboost-test1.49.0_1.49.0-4_amd64.deb) ...
Selecting previously unselected package libboost-test1.49-dev.
Unpacking libboost-test1.49-dev (from .../libboost-test1.49-dev_1.49.0-4_amd64.deb) ...
Selecting previously unselected package libboost-graph1.49-dev.
Unpacking libboost-graph1.49-dev (from .../libboost-graph1.49-dev_1.49.0-4_amd64.deb) ...
Selecting previously unselected package libboost-graph-dev.
Unpacking libboost-graph-dev (from .../libboost-graph-dev_1.49.0.1_amd64.deb) ...
Selecting previously unselected package libboost-graph-parallel1.49-dev.
Unpacking libboost-graph-parallel1.49-dev (from .../libboost-graph-parallel1.49-dev_1.49.0-4_amd64.deb) ...
Selecting previously unselected package libboost-graph-parallel-dev.
Unpacking libboost-graph-parallel-dev (from .../libboost-graph-parallel-dev_1.49.0.1_amd64.deb) ...
Selecting previously unselected package libboost-regex1.49.0.
Unpacking libboost-regex1.49.0 (from .../libboost-regex1.49.0_1.49.0-4_amd64.deb) ...
Selecting previously unselected package libicu-dev.
Unpacking libicu-dev (from .../libicu-dev_4.8.1.1-12_amd64.deb) ...
Selecting previously unselected package libboost-regex1.49-dev.
Unpacking libboost-regex1.49-dev (from .../libboost-regex1.49-dev_1.49.0-4_amd64.deb) ...
Selecting previously unselected package libboost-iostreams1.49-dev.
Unpacking libboost-iostreams1.49-dev (from .../libboost-iostreams1.49-dev_1.49.0-4_amd64.deb) ...
Selecting previously unselected package libboost-iostreams-dev.
Unpacking libboost-iostreams-dev (from .../libboost-iostreams-dev_1.49.0.1_amd64.deb) ...
Selecting previously unselected package libboost-thread1.49.0.
Unpacking libboost-thread1.49.0 (from .../libboost-thread1.49.0_1.49.0-4_amd64.deb) ...
Selecting previously unselected package libboost-locale1.49.0.
Unpacking libboost-locale1.49.0 (from .../libboost-locale1.49.0_1.49.0-4_amd64.deb) ...
Selecting previously unselected package libboost-locale1.49-dev.
Unpacking libboost-locale1.49-dev (from .../libboost-locale1.49-dev_1.49.0-4_amd64.deb) ...
Selecting previously unselected package libboost-locale-dev.
Unpacking libboost-locale-dev (from .../libboost-locale-dev_1.49.0.1_amd64.deb) ...
Selecting previously unselected package libboost-math1.49.0.
Unpacking libboost-math1.49.0 (from .../libboost-math1.49.0_1.49.0-4_amd64.deb) ...
Selecting previously unselected package libboost-math1.49-dev.
Unpacking libboost-math1.49-dev (from .../libboost-math1.49-dev_1.49.0-4_amd64.deb) ...
Selecting previously unselected package libboost-math-dev.
Unpacking libboost-math-dev (from .../libboost-math-dev_1.49.0.1_amd64.deb) ...
Selecting previously unselected package libibverbs1.
Unpacking libibverbs1 (from .../libibverbs1_1.1.7-1_amd64.deb) ...
Selecting previously unselected package libnuma1.
Unpacking libnuma1 (from .../libnuma1_2.0.8-3_amd64.deb) ...
Selecting previously unselected package libtorque2.
Unpacking libtorque2 (from .../libtorque2_2.4.16+dfsg-1_amd64.deb) ...
Selecting previously unselected package libopenmpi1.3.
Unpacking libopenmpi1.3 (from .../libopenmpi1.3_1.4.5-1_amd64.deb) ...
Selecting previously unselected package libboost-mpi1.49.0.
Unpacking libboost-mpi1.49.0 (from .../libboost-mpi1.49.0_1.49.0-4_amd64.deb) ...
Selecting previously unselected package openmpi-common.
Unpacking openmpi-common (from .../openmpi-common_1.4.5-1_all.deb) ...
Selecting previously unselected package libibverbs-dev.
Unpacking libibverbs-dev (from .../libibverbs-dev_1.1.7-1_amd64.deb) ...
Selecting previously unselected package libopenmpi-dev.
Unpacking libopenmpi-dev (from .../libopenmpi-dev_1.4.5-1_amd64.deb) ...
Selecting previously unselected package mpi-default-dev.
Unpacking mpi-default-dev (from .../mpi-default-dev_1.0.1_amd64.deb) ...
Selecting previously unselected package libboost-mpi1.49-dev.
Unpacking libboost-mpi1.49-dev (from .../libboost-mpi1.49-dev_1.49.0-4_amd64.deb) ...
Selecting previously unselected package libboost-mpi-dev.
Unpacking libboost-mpi-dev (from .../libboost-mpi-dev_1.49.0.1_amd64.deb) ...
Selecting previously unselected package libboost-python1.49.0.
Unpacking libboost-python1.49.0 (from .../libboost-python1.49.0_1.49.0-4_amd64.deb) ...
Selecting previously unselected package libboost-mpi-python1.49.0.
Unpacking libboost-mpi-python1.49.0 (from .../libboost-mpi-python1.49.0_1.49.0-4_amd64.deb) ...
Selecting previously unselected package libboost-mpi-python1.49-dev.
Unpacking libboost-mpi-python1.49-dev (from .../libboost-mpi-python1.49-dev_1.49.0-4_amd64.deb) ...
Selecting previously unselected package libboost-mpi-python-dev.
Unpacking libboost-mpi-python-dev (from .../libboost-mpi-python-dev_1.49.0.1_amd64.deb) ...
Selecting previously unselected package libboost-program-options1.49.0.
Unpacking libboost-program-options1.49.0 (from .../libboost-program-options1.49.0_1.49.0-4_amd64.deb) ...
Selecting previously unselected package libboost-program-options1.49-dev.
Unpacking libboost-program-options1.49-dev (from .../libboost-program-options1.49-dev_1.49.0-4_amd64.deb) ...
Selecting previously unselected package libboost-program-options-dev.
Unpacking libboost-program-options-dev (from .../libboost-program-options-dev_1.49.0.1_amd64.deb) ...
Selecting previously unselected package libpython-dev:amd64.
Unpacking libpython-dev:amd64 (from .../libpython-dev_2.7.5-2_amd64.deb) ...
Selecting previously unselected package python2.7-dev.
Unpacking python2.7-dev (from .../python2.7-dev_2.7.5-6_amd64.deb) ...
Selecting previously unselected package python-dev.
Unpacking python-dev (from .../python-dev_2.7.5-2_amd64.deb) ...
Selecting previously unselected package libboost-python1.49-dev.
Unpacking libboost-python1.49-dev (from .../libboost-python1.49-dev_1.49.0-4_amd64.deb) ...
Selecting previously unselected package libboost-python-dev.
Unpacking libboost-python-dev (from .../libboost-python-dev_1.49.0.1_amd64.deb) ...
Selecting previously unselected package libboost-random1.49.0.
Unpacking libboost-random1.49.0 (from .../libboost-random1.49.0_1.49.0-4_amd64.deb) ...
Selecting previously unselected package libboost-random1.49-dev.
Unpacking libboost-random1.49-dev (from .../libboost-random1.49-dev_1.49.0-4_amd64.deb) ...
Selecting previously unselected package libboost-random-dev.
Unpacking libboost-random-dev (from .../libboost-random-dev_1.49.0.1_amd64.deb) ...
Selecting previously unselected package libboost-regex-dev.
Unpacking libboost-regex-dev (from .../libboost-regex-dev_1.49.0.1_amd64.deb) ...
Selecting previously unselected package libboost-serialization-dev.
Unpacking libboost-serialization-dev (from .../libboost-serialization-dev_1.49.0.1_amd64.deb) ...
Selecting previously unselected package libboost-signals1.49.0.
Unpacking libboost-signals1.49.0 (from .../libboost-signals1.49.0_1.49.0-4_amd64.deb) ...
Selecting previously unselected package libboost-signals1.49-dev.
Unpacking libboost-signals1.49-dev (from .../libboost-signals1.49-dev_1.49.0-4_amd64.deb) ...
Selecting previously unselected package libboost-signals-dev.
Unpacking libboost-signals-dev (from .../libboost-signals-dev_1.49.0.1_amd64.deb) ...
Selecting previously unselected package libboost-system-dev.
Unpacking libboost-system-dev (from .../libboost-system-dev_1.49.0.1_amd64.deb) ...
Selecting previously unselected package libboost-test-dev.
Unpacking libboost-test-dev (from .../libboost-test-dev_1.49.0.1_amd64.deb) ...
Selecting previously unselected package libboost-thread1.49-dev.
Unpacking libboost-thread1.49-dev (from .../libboost-thread1.49-dev_1.49.0-4_amd64.deb) ...
Selecting previously unselected package libboost-thread-dev.
Unpacking libboost-thread-dev (from .../libboost-thread-dev_1.49.0.1_amd64.deb) ...
Selecting previously unselected package libboost-timer1.49.0.
Unpacking libboost-timer1.49.0 (from .../libboost-timer1.49.0_1.49.0-4_amd64.deb) ...
Selecting previously unselected package libboost-timer1.49-dev.
Unpacking libboost-timer1.49-dev (from .../libboost-timer1.49-dev_1.49.0-4_amd64.deb) ...
Selecting previously unselected package libboost-timer-dev.
Unpacking libboost-timer-dev (from .../libboost-timer-dev_1.49.0.1_amd64.deb) ...
Selecting previously unselected package libboost-wave1.49.0.
Unpacking libboost-wave1.49.0 (from .../libboost-wave1.49.0_1.49.0-4_amd64.deb) ...
Selecting previously unselected package libboost-wave1.49-dev.
Unpacking libboost-wave1.49-dev (from .../libboost-wave1.49-dev_1.49.0-4_amd64.deb) ...
Selecting previously unselected package libboost-wave-dev.
Unpacking libboost-wave-dev (from .../libboost-wave-dev_1.49.0.1_amd64.deb) ...
Selecting previously unselected package libboost-all-dev.
Unpacking libboost-all-dev (from .../libboost-all-dev_1.49.0.1_amd64.deb) ...
Selecting previously unselected package libcf0.
Unpacking libcf0 (from .../libcf0_1%3a4.1.3-6+b1_amd64.deb) ...
Selecting previously unselected package libcgal10.
Unpacking libcgal10 (from .../libcgal10_4.2-4_amd64.deb) ...
Selecting previously unselected package libgmp-dev:amd64.
Unpacking libgmp-dev:amd64 (from .../libgmp-dev_2%3a5.1.2+dfsg-2_amd64.deb) ...
Selecting previously unselected package libmpfr-dev:amd64.
Unpacking libmpfr-dev:amd64 (from .../libmpfr-dev_3.1.1-1_amd64.deb) ...
Selecting previously unselected package zlib1g-dev:amd64.
Unpacking zlib1g-dev:amd64 (from .../zlib1g-dev_1%3a1.2.8.dfsg-1_amd64.deb) ...
Selecting previously unselected package libcgal-dev.
Unpacking libcgal-dev (from .../libcgal-dev_4.2-4_amd64.deb) ...
Selecting previously unselected package libelfg0.
Unpacking libelfg0 (from .../libelfg0_0.8.13-3_amd64.deb) ...
Selecting previously unselected package libfreetype6-dev.
Unpacking libfreetype6-dev (from .../libfreetype6-dev_2.4.9-1.1_amd64.deb) ...
Selecting previously unselected package pkg-config.
Unpacking pkg-config (from .../pkg-config_0.26-1_amd64.deb) ...
Selecting previously unselected package libfontconfig1-dev.
Unpacking libfontconfig1-dev (from .../libfontconfig1-dev_2.10.2-2_amd64.deb) ...
Selecting previously unselected package libgl2ps0.
Unpacking libgl2ps0 (from .../libgl2ps0_1.3.8-1_amd64.deb) ...
Selecting previously unselected package libgl2ps-dev.
Unpacking libgl2ps-dev (from .../libgl2ps-dev_1.3.8-1_amd64.deb) ...
Selecting previously unselected package libglib2.0-data.
Unpacking libglib2.0-data (from .../libglib2.0-data_2.36.3-3_all.deb) ...
Selecting previously unselected package libglib2.0-bin.
Unpacking libglib2.0-bin (from .../libglib2.0-bin_2.36.3-3_amd64.deb) ...
Selecting previously unselected package libpcre3-dev:amd64.
Unpacking libpcre3-dev:amd64 (from .../libpcre3-dev_1%3a8.31-2_amd64.deb) ...
Selecting previously unselected package libglib2.0-dev.
Unpacking libglib2.0-dev (from .../libglib2.0-dev_2.36.3-3_amd64.deb) ...
Selecting previously unselected package libgts-0.7-5.
Unpacking libgts-0.7-5 (from .../libgts-0.7-5_0.7.6+darcs110121-1.1_amd64.deb) ...
Selecting previously unselected package libgts-dev.
Unpacking libgts-dev (from .../libgts-dev_0.7.6+darcs110121-1.1_amd64.deb) ...
Selecting previously unselected package libjpeg8-dev:amd64.
Unpacking libjpeg8-dev:amd64 (from .../libjpeg8-dev_8d-1_amd64.deb) ...
Selecting previously unselected package libjs-jquery.
Unpacking libjs-jquery (from .../libjs-jquery_1.7.2+dfsg-2_all.deb) ...
Selecting previously unselected package libjs-underscore.
Unpacking libjs-underscore (from .../libjs-underscore_1.4.4-2_all.deb) ...
Selecting previously unselected package libjs-sphinxdoc.
Unpacking libjs-sphinxdoc (from .../libjs-sphinxdoc_1.1.3+dfsg-8_all.deb) ...
Selecting previously unselected package liblapack3.
Unpacking liblapack3 (from .../liblapack3_3.4.2+dfsg-1_amd64.deb) ...
Selecting previously unselected package libloki0.1.7.
Unpacking libloki0.1.7 (from .../libloki0.1.7_0.1.7-3_amd64.deb) ...
Selecting previously unselected package libloki-dev.
Unpacking libloki-dev (from .../libloki-dev_0.1.7-3_amd64.deb) ...
Selecting previously unselected package libmysqlclient-dev.
Unpacking libmysqlclient-dev (from .../libmysqlclient-dev_5.5.31+dfsg-1_amd64.deb) ...
Selecting previously unselected package libnetcdfc7.
Unpacking libnetcdfc7 (from .../libnetcdfc7_1%3a4.1.3-6+b1_amd64.deb) ...
Selecting previously unselected package libnetcdff5.
Unpacking libnetcdff5 (from .../libnetcdff5_1%3a4.1.3-6+b1_amd64.deb) ...
Selecting previously unselected package libnetcdfc++4.
Unpacking libnetcdfc++4 (from .../libnetcdfc++4_1%3a4.1.3-6+b1_amd64.deb) ...
Selecting previously unselected package libnetcdf-dev.
Unpacking libnetcdf-dev (from .../libnetcdf-dev_1%3a4.1.3-6+b1_amd64.deb) ...
Selecting previously unselected package libpng12-dev.
Unpacking libpng12-dev (from .../libpng12-dev_1.2.49-4_amd64.deb) ...
Selecting previously unselected package libpq5.
Unpacking libpq5 (from .../libpq5_9.1.9-2_amd64.deb) ...
Selecting previously unselected package libssl-dev:amd64.
Unpacking libssl-dev:amd64 (from .../libssl-dev_1.0.1e-3_amd64.deb) ...
Selecting previously unselected package libkrb5-dev.
Unpacking libkrb5-dev (from .../libkrb5-dev_1.10.1+dfsg-6.1_amd64.deb) ...
Selecting previously unselected package libpq-dev.
Unpacking libpq-dev (from .../libpq-dev_9.1.9-2_amd64.deb) ...
Selecting previously unselected package libpython-all-dev:amd64.
Unpacking libpython-all-dev:amd64 (from .../libpython-all-dev_2.7.5-2_amd64.deb) ...
Selecting previously unselected package qtchooser.
Unpacking qtchooser (from .../qtchooser_31-g980c64c-4_amd64.deb) ...
Selecting previously unselected package qdbus.
Unpacking qdbus (from .../qdbus_4%3a4.8.5+dfsg-2_amd64.deb) ...
Selecting previously unselected package libqt4-dbus:amd64.
Unpacking libqt4-dbus:amd64 (from .../libqt4-dbus_4%3a4.8.5+dfsg-2_amd64.deb) ...
Selecting previously unselected package libqt4-dev-bin.
Unpacking libqt4-dev-bin (from .../libqt4-dev-bin_4%3a4.8.5+dfsg-2_amd64.deb) ...
Selecting previously unselected package qt4-linguist-tools.
Unpacking qt4-linguist-tools (from .../qt4-linguist-tools_4%3a4.8.5+dfsg-2_amd64.deb) ...
Selecting previously unselected package qt4-qmake.
Unpacking qt4-qmake (from .../qt4-qmake_4%3a4.8.5+dfsg-2_amd64.deb) ...
Selecting previously unselected package libqt4-dev.
Unpacking libqt4-dev (from .../libqt4-dev_4%3a4.8.5+dfsg-2_amd64.deb) ...
Selecting previously unselected package libqt4-opengl-dev.
Unpacking libqt4-opengl-dev (from .../libqt4-opengl-dev_4%3a4.8.5+dfsg-2_amd64.deb) ...
Selecting previously unselected package libswscale-dev.
Unpacking libswscale-dev (from .../libswscale-dev_6%3a0.8.7-1_amd64.deb) ...
Selecting previously unselected package libtiff4-dev.
Unpacking libtiff4-dev (from .../libtiff4-dev_3.9.7-1_amd64.deb) ...
Selecting previously unselected package libvtk5.8.
Unpacking libvtk5.8 (from .../libvtk5.8_5.8.0-14_amd64.deb) ...
Selecting previously unselected package x11proto-scrnsaver-dev.
Unpacking x11proto-scrnsaver-dev (from .../x11proto-scrnsaver-dev_1.2.2-1_all.deb) ...
Selecting previously unselected package libxss-dev:amd64.
Unpacking libxss-dev:amd64 (from .../libxss-dev_1%3a1.2.2-1_amd64.deb) ...
Selecting previously unselected package x11proto-render-dev.
Unpacking x11proto-render-dev (from .../x11proto-render-dev_2%3a0.11.1-2_all.deb) ...
Selecting previously unselected package libxrender-dev:amd64.
Unpacking libxrender-dev:amd64 (from .../libxrender-dev_1%3a0.9.8-1_amd64.deb) ...
Selecting previously unselected package libxft-dev.
Unpacking libxft-dev (from .../libxft-dev_2.3.1-1_amd64.deb) ...
Selecting previously unselected package tcl8.5-dev.
Unpacking tcl8.5-dev (from .../tcl8.5-dev_8.5.14-2_amd64.deb) ...
Selecting previously unselected package tk8.5-dev.
Unpacking tk8.5-dev (from .../tk8.5-dev_8.5.14-2_amd64.deb) ...
Selecting previously unselected package libxml2-dev:amd64.
Unpacking libxml2-dev:amd64 (from .../libxml2-dev_2.9.1+dfsg1-2_amd64.deb) ...
Selecting previously unselected package libvtk5-dev.
Unpacking libvtk5-dev (from .../libvtk5-dev_5.8.0-14_amd64.deb) ...
Selecting previously unselected package libxi-dev.
Unpacking libxi-dev (from .../libxi-dev_2%3a1.7.1.901-1_amd64.deb) ...
Selecting previously unselected package libxmu-headers.
Unpacking libxmu-headers (from .../libxmu-headers_2%3a1.1.1-1_all.deb) ...
Selecting previously unselected package libxmu-dev:amd64.
Unpacking libxmu-dev:amd64 (from .../libxmu-dev_2%3a1.1.1-1_amd64.deb) ...
Selecting previously unselected package python-sip.
Unpacking python-sip (from .../python-sip_4.14.7-3_amd64.deb) ...
Selecting previously unselected package python-qt4.
Unpacking python-qt4 (from .../python-qt4_4.10.2-1_amd64.deb) ...
Selecting previously unselected package pyqt4-dev-tools.
Unpacking pyqt4-dev-tools (from .../pyqt4-dev-tools_4.10.2-1_amd64.deb) ...
Selecting previously unselected package python-all.
Unpacking python-all (from .../python-all_2.7.5-2_amd64.deb) ...
Selecting previously unselected package python-all-dev.
Unpacking python-all-dev (from .../python-all-dev_2.7.5-2_amd64.deb) ...
Selecting previously unselected package python-cairo.
Unpacking python-cairo (from .../python-cairo_1.8.8-1+b2_amd64.deb) ...
Selecting previously unselected package python-dateutil.
Unpacking python-dateutil (from .../python-dateutil_1.5+dfsg-0.1_all.deb) ...
Selecting previously unselected package python-gobject-2.
Unpacking python-gobject-2 (from .../python-gobject-2_2.28.6-12+b1_amd64.deb) ...
Selecting previously unselected package python-gobject.
Unpacking python-gobject (from .../python-gobject_3.8.3-1_all.deb) ...
Selecting previously unselected package python-numpy.
Unpacking python-numpy (from .../python-numpy_1%3a1.7.1-2_amd64.deb) ...
Selecting previously unselected package python-gts.
Unpacking python-gts (from .../python-gts_0.3.1-2_amd64.deb) ...
Selecting previously unselected package python-imaging.
Unpacking python-imaging (from .../python-imaging_1.1.7-4_amd64.deb) ...
Selecting previously unselected package python-matplotlib-data.
Unpacking python-matplotlib-data (from .../python-matplotlib-data_1.1.1~rc2-1_all.deb) ...
Selecting previously unselected package python-pyparsing.
Unpacking python-pyparsing (from .../python-pyparsing_1.5.7+dfsg1-2_all.deb) ...
Selecting previously unselected package python-tz.
Unpacking python-tz (from .../python-tz_2012c-1_all.deb) ...
Selecting previously unselected package libpango1.0-0:amd64.
Unpacking libpango1.0-0:amd64 (from .../libpango1.0-0_1.32.5-5+b1_amd64.deb) ...
Selecting previously unselected package python-matplotlib.
Unpacking python-matplotlib (from .../python-matplotlib_1.1.1~rc2-1_amd64.deb) ...
Selecting previously unselected package python-minieigen.
Unpacking python-minieigen (from .../python-minieigen_0.3~dfsg~bzr32-1_amd64.deb) ...
Selecting previously unselected package python-tk.
Unpacking python-tk (from .../python-tk_2.7.5-1_amd64.deb) ...
Selecting previously unselected package binutils-gold.
Unpacking binutils-gold (from .../binutils-gold_2.23.52.20130620-1_amd64.deb) ...
Adding 'diversion of /usr/bin/ld to /usr/bin/ld.bfd-link by binutils-gold'
Adding 'diversion of /usr/share/man/man1/ld.1.gz to /usr/share/man/man1/ld.bfd-link.1.gz by binutils-gold'
Selecting previously unselected package libeigen3-dev.
Unpacking libeigen3-dev (from .../libeigen3-dev_3.1.3-2_all.deb) ...
Selecting previously unselected package libqglviewer-dev.
Unpacking libqglviewer-dev (from .../libqglviewer-dev_2.3.17-2_amd64.deb) ...
Selecting previously unselected package python-xlib.
Unpacking python-xlib (from .../python-xlib_0.14+20091101-1_all.deb) ...
Selecting previously unselected package sbuild-build-depends-yade-dummy.
Unpacking sbuild-build-depends-yade-dummy (from .../sbuild-build-depends-yade-dummy.deb) ...
Setting up libncursesw5:amd64 (5.9+20130608-1) ...
Setting up libpipeline1:amd64 (1.2.4-1) ...
Setting up libpopt0:amd64 (1.16-7) ...
Setting up libprocps1:amd64 (1:3.3.8-2) ...
Setting up libssl1.0.0:amd64 (1.0.1e-3) ...
Setting up libudev0:amd64 (175-7.2) ...
Setting up groff-base (1.22.2-3) ...
Setting up bsdmainutils (9.0.5) ...
update-alternatives: using /usr/bin/bsd-write to provide /usr/bin/write (write) in auto mode
update-alternatives: using /usr/bin/bsd-from to provide /usr/bin/from (from) in auto mode
Setting up man-db (2.6.5-2) ...
Not building database; man-db/auto-update is not 'true'.
Setting up libasprintf0c2:amd64 (0.18.2.1-1) ...
Setting up libgpg-error0:amd64 (1.10-3.1) ...
Setting up libgcrypt11:amd64 (1.5.2-3) ...
Setting up libp11-kit0:amd64 (0.18.4-1) ...
Setting up libtasn1-3:amd64 (2.14-3) ...
Setting up libgnutls26:amd64 (2.12.23-5) ...
Setting up libkeyutils1:amd64 (1.5.5-7) ...
Setting up libkrb5support0:amd64 (1.10.1+dfsg-6.1) ...
Setting up libk5crypto3:amd64 (1.10.1+dfsg-6.1) ...
Setting up libkrb5-3:amd64 (1.10.1+dfsg-6.1) ...
Setting up libgssapi-krb5-2:amd64 (1.10.1+dfsg-6.1) ...
Setting up libgssrpc4:amd64 (1.10.1+dfsg-6.1) ...
Setting up libidn11:amd64 (1.25-2) ...
Setting up libkadm5clnt-mit8:amd64 (1.10.1+dfsg-6.1) ...
Setting up libkdb5-6:amd64 (1.10.1+dfsg-6.1) ...
Setting up libkadm5srv-mit8:amd64 (1.10.1+dfsg-6.1) ...
Setting up libsasl2-modules:amd64 (2.1.25.dfsg1-13) ...
Setting up libsasl2-2:amd64 (2.1.25.dfsg1-13) ...
Setting up libldap-2.4-2:amd64 (2.4.31-1+nmu2) ...
Setting up libmagic1:amd64 (1:5.14-2) ...
Setting up libsqlite3-0:amd64 (3.7.17-1) ...
Setting up libxml2:amd64 (2.9.1+dfsg1-2) ...
Setting up libdrm2:amd64 (2.4.45-3) ...
Setting up libglapi-mesa:amd64 (9.1.4-1) ...
Setting up libxau6:amd64 (1:1.0.8-1) ...
Setting up libxdmcp6:amd64 (1:1.1.1-1) ...
Setting up libxcb1:amd64 (1.9.1-3) ...
Setting up libx11-data (2:1.6.0-1) ...
Setting up libx11-6:amd64 (2:1.6.0-1) ...
Setting up libx11-xcb1:amd64 (2:1.6.0-1) ...
Setting up libxcb-dri2-0:amd64 (1.9.1-3) ...
Setting up libxcb-glx0:amd64 (1.9.1-3) ...
Setting up libxfixes3:amd64 (1:5.0.1-1) ...
Setting up libxdamage1:amd64 (1:1.1.4-1) ...
Setting up libxext6:amd64 (2:1.3.2-1) ...
Setting up libxxf86vm1:amd64 (1:1.1.2-1+deb7u1) ...
Setting up libgl1-mesa-glx:amd64 (9.1.4-1) ...
Setting up libxi6:amd64 (2:1.7.1.901-1) ...
Setting up freeglut3:amd64 (2.8.1-1) ...
Setting up liblzo2-2:amd64 (2.06-1) ...
Setting up libnettle4:amd64 (2.7.1-1) ...
Setting up libarchive13:amd64 (3.1.2-7) ...
Setting up libglib2.0-0:amd64 (2.36.3-3) ...
No schema files found: doing nothing.
Setting up libatk1.0-data (2.8.0-2) ...
Setting up libatk1.0-0:amd64 (2.8.0-2) ...
Setting up x11-common (1:7.7+3) ...
update-rc.d: warning: start and stop actions are no longer supported; falling back to defaults
All runlevel operations denied by policy
invoke-rc.d: policy-rc.d denied execution of start.
Setting up libice6:amd64 (2:1.0.8-2) ...
Setting up libsm6:amd64 (2:1.2.1-2) ...
Setting up libxt6:amd64 (1:1.1.3-1+deb7u1) ...
Setting up libaudio2:amd64 (1.9.3-5) ...
Setting up libavahi-common-data:amd64 (0.6.31-2) ...
Setting up libavahi-common3:amd64 (0.6.31-2) ...
Setting up libdbus-1-3:amd64 (1.6.12-1) ...
Setting up libavahi-client3:amd64 (0.6.31-2) ...
Setting up libavutil51:amd64 (6:0.8.7-1) ...
Setting up libdirac-encoder0:amd64 (1.0.2-6) ...
Setting up libgsm1:amd64 (1.0.13-4) ...
Setting up libmp3lame0:amd64 (3.99.5+repack1-3) ...
Setting up libopenjpeg2:amd64 (1.3+dfsg-4.6) ...
Setting up liborc-0.4-0:amd64 (1:0.4.17-2) ...
Setting up libschroedinger-1.0-0:amd64 (1.0.11-2) ...
Setting up libspeex1:amd64 (1.2~rc1-7) ...
Setting up libogg0:amd64 (1.3.1-1) ...
Setting up libtheora0:amd64 (1.1.1+dfsg.1-3.1) ...
Setting up libva1:amd64 (1.1.1-3) ...
Setting up libvorbis0a:amd64 (1.3.2-1.3) ...
Setting up libvorbisenc2:amd64 (1.3.2-1.3) ...
Setting up libvpx1:amd64 (1.2.0-2) ...
Setting up libx264-123:amd64 (2:0.123.2189+git35cf912-1) ...
Setting up libxvidcore4:amd64 (2:1.3.2-9) ...
Setting up libavcodec53:amd64 (6:0.8.7-1) ...
Setting up librtmp0:amd64 (2.4+20121230.gitdf6c518-1) ...
Setting up libavformat53:amd64 (6:0.8.7-1) ...
Setting up libllvm3.2:amd64 (1:3.2repack-10) ...
Setting up libgbm1:amd64 (9.1.4-1) ...
Setting up libwayland-client0:amd64 (1.1.0-2) ...
Setting up libwayland-server0:amd64 (1.1.0-2) ...
Setting up libxcb-render0:amd64 (1.9.1-3) ...
Setting up libxcb-shape0:amd64 (1.9.1-3) ...
Setting up libxcb-xfixes0:amd64 (1.9.1-3) ...
Setting up libegl1-mesa:amd64 (9.1.4-1) ...
Setting up libexpat1:amd64 (2.1.0-4) ...
Setting up libfreetype6:amd64 (2.4.9-1.1) ...
Setting up fonts-dejavu-core (2.33+svn2514-3) ...
Setting up ttf-dejavu-core (2.33+svn2514-3) ...
Setting up fontconfig-config (2.10.2-2) ...
Setting up libfontconfig1:amd64 (2.10.2-2) ...
Setting up libpixman-1-0:amd64 (0.26.0-4) ...
Setting up libpng12-0:amd64 (1.2.49-4) ...
Setting up libxcb-shm0:amd64 (1.9.1-3) ...
Setting up libxrender1:amd64 (1:0.9.8-1) ...
Setting up libcairo2:amd64 (1.12.14-5) ...
Setting up libcroco3:amd64 (0.6.8-2) ...
Setting up libcups2:amd64 (1.6.2-10) ...
Setting up libssh2-1:amd64 (1.4.3-1) ...
Setting up libcurl3-gnutls:amd64 (7.31.0-2) ...
Setting up libdatrie1:amd64 (0.2.6-2) ...
Setting up libpciaccess0:amd64 (0.13.1-2) ...
Setting up libdrm-intel1:amd64 (2.4.45-3) ...
Setting up libdrm-nouveau2:amd64 (2.4.45-3) ...
Setting up libdrm-radeon1:amd64 (2.4.45-3) ...
Setting up libjpeg8:amd64 (8d-1) ...
Setting up libjasper1:amd64 (1.900.1-14) ...
Setting up libjbig0:amd64 (2.0-2) ...
Setting up libtiff4:amd64 (3.9.7-1) ...
Setting up libgdk-pixbuf2.0-common (2.28.2-1) ...
Setting up libgdk-pixbuf2.0-0:amd64 (2.28.2-1) ...
Setting up libgfortran3:amd64 (4.8.1-6) ...
Setting up libglu1-mesa:amd64 (9.0.0-1) ...
Setting up libgraphite2-3:amd64 (1.2.3-1) ...
Setting up libgstreamer0.10-0:amd64 (0.10.36-1.2) ...
Setting up iso-codes (3.44-1) ...
Setting up libgstreamer-plugins-base0.10-0:amd64 (0.10.36-1.1) ...
Setting up libgtk2.0-common (2.24.20-1) ...
Setting up libthai-data (0.1.19-2) ...
Setting up libthai0:amd64 (0.1.19-2) ...
Setting up fontconfig (2.10.2-2) ...
Regenerating fonts cache... done.
Setting up libpango-1.0-0:amd64 (1.32.5-5+b1) ...
Setting up libharfbuzz0a:amd64 (0.9.18-3) ...
Setting up libpangoft2-1.0-0:amd64 (1.32.5-5+b1) ...
Setting up libpangocairo-1.0-0:amd64 (1.32.5-5+b1) ...
Setting up libxcomposite1:amd64 (1:0.4.4-1) ...
Setting up libxcursor1:amd64 (1:1.1.14-1) ...
Setting up libxinerama1:amd64 (2:1.1.3-1) ...
Setting up libxrandr2:amd64 (2:1.4.1-1) ...
Setting up shared-mime-info (1.0-1+b1) ...
Setting up libgtk2.0-0:amd64 (2.24.20-1) ...
Setting up libhdf5-7:amd64 (1.8.11-3) ...
Setting up libicu48:amd64 (4.8.1.1-12) ...
Setting up libkms1:amd64 (2.4.45-3) ...
Setting up liblcms1:amd64 (1.19.dfsg-1.2) ...
Setting up libmng1:amd64 (1.0.10-3) ...
Setting up mysql-common (5.5.31+dfsg-1) ...
Setting up libmysqlclient18:amd64 (5.5.31+dfsg-1) ...
Setting up libxft2:amd64 (2.3.1-1) ...
Setting up libpangoxft-1.0-0:amd64 (1.32.5-5+b1) ...
Setting up libpcrecpp0:amd64 (1:8.31-2) ...
Setting up libpython2.7-minimal (2.7.5-6) ...
Setting up mime-support (3.54) ...
Setting up libpython2.7-stdlib (2.7.5-6) ...
Setting up libpython2.7 (2.7.5-6) ...
Setting up libexpat1-dev:amd64 (2.1.0-4) ...
Setting up libpython2.7-dev (2.7.5-6) ...
Setting up qtcore4-l10n (4:4.8.5+dfsg-2) ...
Setting up libqtcore4:amd64 (4:4.8.5+dfsg-2) ...
Setting up libqt4-xml:amd64 (4:4.8.5+dfsg-2) ...
Setting up libqtdbus4:amd64 (4:4.8.5+dfsg-2) ...
Setting up libqt4-network:amd64 (4:4.8.5+dfsg-2) ...
Setting up libqt4-script:amd64 (4:4.8.5+dfsg-2) ...
Setting up libqt4-sql:amd64 (4:4.8.5+dfsg-2) ...
Setting up libqt4-xmlpatterns:amd64 (4:4.8.5+dfsg-2) ...
Setting up libqtgui4:amd64 (4:4.8.5+dfsg-2) ...
Setting up libqt4-declarative:amd64 (4:4.8.5+dfsg-2) ...
Setting up libqt4-designer:amd64 (4:4.8.5+dfsg-2) ...
Setting up libqt4-help:amd64 (4:4.8.5+dfsg-2) ...
Setting up libqt4-opengl:amd64 (4:4.8.5+dfsg-2) ...
Setting up libqt4-qt3support:amd64 (4:4.8.5+dfsg-2) ...
Setting up libqt4-scripttools:amd64 (4:4.8.5+dfsg-2) ...
Setting up libqt4-svg:amd64 (4:4.8.5+dfsg-2) ...
Setting up libqt4-test:amd64 (4:4.8.5+dfsg-2) ...
Setting up libqtassistantclient4:amd64 (4.6.3-6) ...
Setting up libqtwebkit4:amd64 (2.2.1-6) ...
Setting up libswscale2:amd64 (6:0.8.7-1) ...
Setting up libtiffxx0c2:amd64 (3.9.7-1) ...
Setting up libunistring0:amd64 (0.9.3-5) ...
Setting up libxmu6:amd64 (2:1.1.1-1) ...
Setting up libxss1:amd64 (1:1.2.2-1) ...
Setting up python2.7-minimal (2.7.5-6) ...
Setting up python2.7 (2.7.5-6) ...
Setting up python-minimal (2.7.5-2) ...
Setting up libpython-stdlib:amd64 (2.7.5-2) ...
Setting up python (2.7.5-2) ...
Setting up libgirepository-1.0-1 (1.36.0-2+b1) ...
Setting up gir1.2-glib-2.0 (1.36.0-2+b1) ...
Setting up python-gi (3.8.3-1) ...
Setting up libdouble-conversion0:amd64 (1.1.1-1) ...
Setting up libjbig-dev:amd64 (2.0-2) ...
Setting up libpangox-1.0-0:amd64 (0.0.2-4) ...
Setting up libqglviewer2:amd64 (2.3.17-2) ...
Setting up adduser (3.113+nmu3) ...
Setting up libboost-iostreams1.49.0 (1.49.0-4) ...
Setting up procps (1:3.3.8-2) ...
update-alternatives: using /usr/bin/w.procps to provide /usr/bin/w (w) in auto mode
update-rc.d: warning: start and stop actions are no longer supported; falling back to defaults
All runlevel operations denied by policy
invoke-rc.d: policy-rc.d denied execution of start.
Setting up file (1:5.14-2) ...
Setting up gettext-base (0.18.2.1-1) ...
Setting up python-support (1.0.15) ...
Setting up tcl8.5 (8.5.14-2) ...
update-alternatives: using /usr/bin/tclsh8.5 to provide /usr/bin/tclsh (tclsh) in auto mode
Setting up tk8.5 (8.5.14-2) ...
update-alternatives: using /usr/bin/wish8.5 to provide /usr/bin/wish (wish) in auto mode
Setting up blt (2.4z-5) ...
Setting up emacsen-common (2.0.5) ...
Setting up cmake-data (2.8.11.2-1) ...
Install cmake-data for emacs
Setting up cmake (2.8.11.2-1) ...
Setting up gettext (0.18.2.1-1) ...
Setting up intltool-debian (0.35.0+20060710.1) ...
Setting up po-debconf (1.0.16+nmu2) ...
Setting up debhelper (9.20130630) ...
Setting up fonts-lyx (2.0.6-1) ...
Setting up xorg-sgml-doctools (1:1.10-1) ...
Setting up x11proto-core-dev (7.0.24-1) ...
Setting up libxau-dev:amd64 (1:1.0.8-1) ...
Setting up libxdmcp-dev:amd64 (1:1.1.1-1) ...
Setting up x11proto-input-dev (2.3-1) ...
Setting up x11proto-kb-dev (1.0.6-2) ...
Setting up xtrans-dev (1.2.7-1) ...
Setting up libpthread-stubs0:amd64 (0.3-3) ...
Setting up libpthread-stubs0-dev:amd64 (0.3-3) ...
Setting up libxcb1-dev:amd64 (1.9.1-3) ...
Setting up libx11-dev:amd64 (2:1.6.0-1) ...
Setting up libdrm-dev (2.4.45-3) ...
Setting up mesa-common-dev (9.1.4-1) ...
Setting up libx11-xcb-dev (2:1.6.0-1) ...
Setting up libxcb-dri2-0-dev:amd64 (1.9.1-3) ...
Setting up libxcb-glx0-dev:amd64 (1.9.1-3) ...
Setting up x11proto-xext-dev (7.2.1-1) ...
Setting up x11proto-fixes-dev (1:5.0-2) ...
Setting up libxfixes-dev (1:5.0.1-1) ...
Setting up x11proto-damage-dev (1:1.2.1-2) ...
Setting up libxdamage-dev (1:1.1.4-1) ...
Setting up libxext-dev:amd64 (2:1.3.2-1) ...
Setting up x11proto-xf86vidmode-dev (2.3.1-2) ...
Setting up libxxf86vm-dev (1:1.1.2-1+deb7u1) ...
Setting up x11proto-dri2-dev (2.8-2) ...
Setting up x11proto-gl-dev (1.4.16-2) ...
Setting up libgl1-mesa-dev (9.1.4-1) ...
Setting up libglu1-mesa-dev (9.0.0-1) ...
Setting up libice-dev:amd64 (2:1.0.8-2) ...
Setting up libsm-dev:amd64 (2:1.2.1-2) ...
Setting up libxt-dev:amd64 (1:1.1.3-1+deb7u1) ...
Setting up freeglut3-dev:amd64 (2.8.1-1) ...
Setting up gccxml (0.9.0+git20130511-1) ...
Setting up help2man (1.43.3) ...
Setting up python-decorator (3.4.0-2) ...
Setting up python-pexpect (2.4-1) ...
Setting up python-simplegeneric (0.8.1-1) ...
Setting up ipython (0.13.2-2) ...
Setting up comerr-dev (2.1-1.42.8-1) ...
Setting up krb5-multidev (1.10.1+dfsg-6.1) ...
Setting up libavutil-dev (6:0.8.7-1) ...
Setting up libavcodec-dev (6:0.8.7-1) ...
Setting up libavformat-dev (6:0.8.7-1) ...
Setting up libblas3 (1.2.20110419-5) ...
update-alternatives: using /usr/lib/libblas/libblas.so.3 to provide /usr/lib/libblas.so.3 (libblas.so.3) in auto mode
Setting up libboost1.49-dev (1.49.0-4) ...
Setting up libboost-dev (1.49.0.1) ...
Setting up libboost-system1.49.0 (1.49.0-4) ...
Setting up libboost-chrono1.49.0 (1.49.0-4) ...
Setting up libboost-chrono1.49-dev (1.49.0-4) ...
Setting up libboost-chrono-dev (1.49.0.1) ...
Setting up libboost-date-time1.49.0 (1.49.0-4) ...
Setting up libboost-serialization1.49.0 (1.49.0-4) ...
Setting up libboost-serialization1.49-dev (1.49.0-4) ...
Setting up libboost-date-time1.49-dev (1.49.0-4) ...
Setting up libboost-date-time-dev (1.49.0.1) ...
Setting up libboost-filesystem1.49.0 (1.49.0-4) ...
Setting up libboost-system1.49-dev (1.49.0-4) ...
Setting up libboost-filesystem1.49-dev (1.49.0-4) ...
Setting up libboost-filesystem-dev (1.49.0.1) ...
Setting up libboost-test1.49.0 (1.49.0-4) ...
Setting up libboost-test1.49-dev (1.49.0-4) ...
Setting up libboost-graph1.49-dev (1.49.0-4) ...
Setting up libboost-graph-dev (1.49.0.1) ...
Setting up libboost-graph-parallel1.49-dev (1.49.0-4) ...
Setting up libboost-graph-parallel-dev (1.49.0.1) ...
Setting up libboost-regex1.49.0 (1.49.0-4) ...
Setting up libicu-dev (4.8.1.1-12) ...
Setting up libboost-regex1.49-dev (1.49.0-4) ...
Setting up libboost-iostreams1.49-dev (1.49.0-4) ...
Setting up libboost-iostreams-dev (1.49.0.1) ...
Setting up libboost-thread1.49.0 (1.49.0-4) ...
Setting up libboost-locale1.49.0 (1.49.0-4) ...
Setting up libboost-locale1.49-dev (1.49.0-4) ...
Setting up libboost-locale-dev (1.49.0.1) ...
Setting up libboost-math1.49.0 (1.49.0-4) ...
Setting up libboost-math1.49-dev (1.49.0-4) ...
Setting up libboost-math-dev (1.49.0.1) ...
Setting up libibverbs1 (1.1.7-1) ...
Setting up libnuma1 (2.0.8-3) ...
Setting up libtorque2 (2.4.16+dfsg-1) ...
Setting up libopenmpi1.3 (1.4.5-1) ...
Setting up libboost-mpi1.49.0 (1.49.0-4) ...
Setting up openmpi-common (1.4.5-1) ...
Setting up libibverbs-dev (1.1.7-1) ...
Setting up libopenmpi-dev (1.4.5-1) ...
update-alternatives: using /usr/lib/openmpi/include to provide /usr/include/mpi (mpi) in auto mode
Setting up mpi-default-dev (1.0.1) ...
Setting up libboost-mpi1.49-dev (1.49.0-4) ...
Setting up libboost-mpi-dev (1.49.0.1) ...
Setting up libboost-python1.49.0 (1.49.0-4) ...
Setting up libboost-mpi-python1.49.0 (1.49.0-4) ...
Setting up libboost-mpi-python1.49-dev (1.49.0-4) ...
Setting up libboost-mpi-python-dev (1.49.0.1) ...
Setting up libboost-program-options1.49.0 (1.49.0-4) ...
Setting up libboost-program-options1.49-dev (1.49.0-4) ...
Setting up libboost-program-options-dev (1.49.0.1) ...
Setting up libpython-dev:amd64 (2.7.5-2) ...
Setting up python2.7-dev (2.7.5-6) ...
Setting up python-dev (2.7.5-2) ...
Setting up libboost-python1.49-dev (1.49.0-4) ...
Setting up libboost-python-dev (1.49.0.1) ...
Setting up libboost-random1.49.0 (1.49.0-4) ...
Setting up libboost-random1.49-dev (1.49.0-4) ...
Setting up libboost-random-dev (1.49.0.1) ...
Setting up libboost-regex-dev (1.49.0.1) ...
Setting up libboost-serialization-dev (1.49.0.1) ...
Setting up libboost-signals1.49.0 (1.49.0-4) ...
Setting up libboost-signals1.49-dev (1.49.0-4) ...
Setting up libboost-signals-dev (1.49.0.1) ...
Setting up libboost-system-dev (1.49.0.1) ...
Setting up libboost-test-dev (1.49.0.1) ...
Setting up libboost-thread1.49-dev (1.49.0-4) ...
Setting up libboost-thread-dev (1.49.0.1) ...
Setting up libboost-timer1.49.0 (1.49.0-4) ...
Setting up libboost-timer1.49-dev (1.49.0-4) ...
Setting up libboost-timer-dev (1.49.0.1) ...
Setting up libboost-wave1.49.0 (1.49.0-4) ...
Setting up libboost-wave1.49-dev (1.49.0-4) ...
Setting up libboost-wave-dev (1.49.0.1) ...
Setting up libboost-all-dev (1.49.0.1) ...
Setting up libcf0 (1:4.1.3-6+b1) ...
Setting up libcgal10 (4.2-4) ...
Setting up libgmp-dev:amd64 (2:5.1.2+dfsg-2) ...
Setting up libmpfr-dev:amd64 (3.1.1-1) ...
Setting up zlib1g-dev:amd64 (1:1.2.8.dfsg-1) ...
Setting up libcgal-dev (4.2-4) ...
Setting up libelfg0 (0.8.13-3) ...
Setting up libfreetype6-dev (2.4.9-1.1) ...
Setting up pkg-config (0.26-1) ...
Setting up libfontconfig1-dev (2.10.2-2) ...
Setting up libgl2ps0 (1.3.8-1) ...
Setting up libgl2ps-dev (1.3.8-1) ...
Setting up libglib2.0-data (2.36.3-3) ...
Setting up libglib2.0-bin (2.36.3-3) ...
Setting up libpcre3-dev:amd64 (1:8.31-2) ...
Setting up libglib2.0-dev (2.36.3-3) ...
Setting up libgts-0.7-5 (0.7.6+darcs110121-1.1) ...
Setting up libgts-dev (0.7.6+darcs110121-1.1) ...
Setting up libjpeg8-dev:amd64 (8d-1) ...
Setting up libjs-jquery (1.7.2+dfsg-2) ...
Setting up libjs-underscore (1.4.4-2) ...
Setting up libjs-sphinxdoc (1.1.3+dfsg-8) ...
Setting up liblapack3 (3.4.2+dfsg-1) ...
update-alternatives: using /usr/lib/lapack/liblapack.so.3 to provide /usr/lib/liblapack.so.3 (liblapack.so.3) in auto mode
Setting up libloki0.1.7 (0.1.7-3) ...
Setting up libloki-dev (0.1.7-3) ...
Setting up libmysqlclient-dev (5.5.31+dfsg-1) ...
Setting up libnetcdfc7 (1:4.1.3-6+b1) ...
Setting up libnetcdff5 (1:4.1.3-6+b1) ...
Setting up libnetcdfc++4 (1:4.1.3-6+b1) ...
Setting up libnetcdf-dev (1:4.1.3-6+b1) ...
Setting up libpng12-dev (1.2.49-4) ...
Setting up libpq5 (9.1.9-2) ...
Setting up libssl-dev:amd64 (1.0.1e-3) ...
Setting up libkrb5-dev (1.10.1+dfsg-6.1) ...
Setting up libpq-dev (9.1.9-2) ...
Setting up libpython-all-dev:amd64 (2.7.5-2) ...
Setting up qtchooser (31-g980c64c-4) ...
Setting up qdbus (4:4.8.5+dfsg-2) ...
Setting up libqt4-dbus:amd64 (4:4.8.5+dfsg-2) ...
Setting up libqt4-dev-bin (4:4.8.5+dfsg-2) ...
Setting up qt4-linguist-tools (4:4.8.5+dfsg-2) ...
Setting up qt4-qmake (4:4.8.5+dfsg-2) ...
Setting up libqt4-dev (4:4.8.5+dfsg-2) ...
Setting up libqt4-opengl-dev (4:4.8.5+dfsg-2) ...
Setting up libswscale-dev (6:0.8.7-1) ...
Setting up libtiff4-dev (3.9.7-1) ...
Setting up libvtk5.8 (5.8.0-14) ...
Setting up x11proto-scrnsaver-dev (1.2.2-1) ...
Setting up libxss-dev:amd64 (1:1.2.2-1) ...
Setting up x11proto-render-dev (2:0.11.1-2) ...
Setting up libxrender-dev:amd64 (1:0.9.8-1) ...
Setting up libxft-dev (2.3.1-1) ...
Setting up tcl8.5-dev (8.5.14-2) ...
Setting up tk8.5-dev (8.5.14-2) ...
Setting up libxml2-dev:amd64 (2.9.1+dfsg1-2) ...
Setting up libvtk5-dev (5.8.0-14) ...
Setting up libxi-dev (2:1.7.1.901-1) ...
Setting up libxmu-headers (2:1.1.1-1) ...
Setting up libxmu-dev:amd64 (2:1.1.1-1) ...
Setting up python-sip (4.14.7-3) ...
Setting up python-qt4 (4.10.2-1) ...
Setting up pyqt4-dev-tools (4.10.2-1) ...
Setting up python-all (2.7.5-2) ...
Setting up python-all-dev (2.7.5-2) ...
Setting up python-cairo (1.8.8-1+b2) ...
Setting up python-dateutil (1.5+dfsg-0.1) ...
Setting up python-gobject-2 (2.28.6-12+b1) ...
Setting up python-gobject (3.8.3-1) ...
Setting up python-numpy (1:1.7.1-2) ...
Setting up python-gts (0.3.1-2) ...
Setting up python-imaging (1.1.7-4) ...
Setting up python-matplotlib-data (1.1.1~rc2-1) ...
Setting up python-pyparsing (1.5.7+dfsg1-2) ...
Setting up python-tz (2012c-1) ...
Setting up libpango1.0-0:amd64 (1.32.5-5+b1) ...
Setting up python-matplotlib (1.1.1~rc2-1) ...
Setting up python-minieigen (0.3~dfsg~bzr32-1) ...
Setting up python-tk (2.7.5-1) ...
Setting up binutils-gold (2.23.52.20130620-1) ...
Setting up libeigen3-dev (3.1.3-2) ...
Setting up libqglviewer-dev (2.3.17-2) ...
Setting up python-xlib (0.14+20091101-1) ...
Setting up sbuild-build-depends-yade-dummy (0.invalid.0) ...
Processing triggers for libc-bin ...
Processing triggers for python-support ...

┌──────────────────────────────────────────────────────────────────────────────┐
│ Build environment                                                            │
└──────────────────────────────────────────────────────────────────────────────┘

Kernel: Linux 2.6.32-5-xen-amd64 amd64 (x86_64)
Toolchain package versions: binutils_2.23.52.20130620-1 dpkg-dev_1.16.10 g++-4.6_4.6.4-4 g++-4.8_4.8.1-6 gcc-4.6_4.6.4-4 gcc-4.7_4.7.3-5 gcc-4.8_4.8.1-6 libc6-dev_2.17-7 libstdc++-4.8-dev_4.8.1-6 libstdc++6_4.8.1-6 libstdc++6-4.6-dev_4.6.4-4 libstdc++6-4.7-dev_4.7.3-5 linux-libc-dev_3.9.8-1
Package versions: adduser_3.113+nmu3 apt_0.9.9.1 base-files_7.2 base-passwd_3.5.26 bash_4.2+dfsg-1 binutils_2.23.52.20130620-1 binutils-gold_2.23.52.20130620-1 blt_2.4z-5 bsdmainutils_9.0.5 bsdutils_1:2.20.1-5.5 build-essential_11.6 bzip2_1.0.6-4 clang-3.3_1:3.3-3 cmake_2.8.11.2-1 cmake-data_2.8.11.2-1 comerr-dev_2.1-1.42.8-1 coreutils_8.20-3 cpp_4:4.8.1-2 cpp-4.6_4.6.4-4 cpp-4.7_4.7.3-5 cpp-4.8_4.8.1-6 dash_0.5.7-3 debconf_1.5.50 debconf-i18n_1.5.50 debfoster_2.7-1.2 debhelper_9.20130630 debian-archive-keyring_2012.4 debianutils_4.3.4 diffutils_1:3.2-8 dpkg_1.16.10 dpkg-dev_1.16.10 e2fslibs_1.42.8-1 e2fsprogs_1.42.8-1 emacsen-common_2.0.5 fakeroot_1.19-2 file_1:5.14-2 findutils_4.4.2-6 fontconfig_2.10.2-2 fontconfig-config_2.10.2-2 fonts-dejavu-core_2.33+svn2514-3 fonts-lyx_2.0.6-1 freeglut3_2.8.1-1 freeglut3-dev_2.8.1-1 g++_4:4.8.1-2 g++-4.6_4.6.4-4 g++-4.8_4.8.1-6 gcc_4:4.8.1-2 gcc-4.4-base_4.4.7-4 gcc-4.5-base_4.5.4-1 gcc-4.6_4.6.4-4 gcc-4.6-base_4.6.4-4 gcc-4.7_4.7.3-5 gcc-4.7-base_4.7.3-5 gcc-4.8_4.8.1-6 gcc-4.8-base_4.8.1-6 gccxml_0.9.0+git20130511-1 gettext_0.18.2.1-1 gettext-base_0.18.2.1-1 gir1.2-glib-2.0_1.36.0-2+b1 gnupg_1.4.12-7 gpgv_1.4.12-7 grep_2.14-2 groff-base_1.22.2-3 gzip_1.6-1 help2man_1.43.3 hostname_3.13 initscripts_2.88dsf-42 insserv_1.14.0-5 intltool-debian_0.35.0+20060710.1 ipython_0.13.2-2 iso-codes_3.44-1 krb5-multidev_1.10.1+dfsg-6.1 libacl1_2.2.52-1 libapt-pkg4.12_0.9.9.1 libarchive13_3.1.2-7 libasan0_4.8.1-6 libasprintf0c2_0.18.2.1-1 libatk1.0-0_2.8.0-2 libatk1.0-data_2.8.0-2 libatomic1_4.8.1-6 libattr1_1:2.4.47-1 libaudio2_1.9.3-5 libavahi-client3_0.6.31-2 libavahi-common-data_0.6.31-2 libavahi-common3_0.6.31-2 libavcodec-dev_6:0.8.7-1 libavcodec53_6:0.8.7-1 libavformat-dev_6:0.8.7-1 libavformat53_6:0.8.7-1 libavutil-dev_6:0.8.7-1 libavutil51_6:0.8.7-1 libblas3_1.2.20110419-5 libblkid1_2.20.1-5.5 libboost-all-dev_1.49.0.1 libboost-chrono-dev_1.49.0.1 libboost-chrono1.49-dev_1.49.0-4 libboost-chrono1.49.0_1.49.0-4 libboost-date-time-dev_1.49.0.1 libboost-date-time1.49-dev_1.49.0-4 libboost-date-time1.49.0_1.49.0-4 libboost-dev_1.49.0.1 libboost-filesystem-dev_1.49.0.1 libboost-filesystem1.49-dev_1.49.0-4 libboost-filesystem1.49.0_1.49.0-4 libboost-graph-dev_1.49.0.1 libboost-graph-parallel-dev_1.49.0.1 libboost-graph-parallel1.49-dev_1.49.0-4 libboost-graph1.49-dev_1.49.0-4 libboost-iostreams-dev_1.49.0.1 libboost-iostreams1.49-dev_1.49.0-4 libboost-iostreams1.49.0_1.49.0-4 libboost-locale-dev_1.49.0.1 libboost-locale1.49-dev_1.49.0-4 libboost-locale1.49.0_1.49.0-4 libboost-math-dev_1.49.0.1 libboost-math1.49-dev_1.49.0-4 libboost-math1.49.0_1.49.0-4 libboost-mpi-dev_1.49.0.1 libboost-mpi-python-dev_1.49.0.1 libboost-mpi-python1.49-dev_1.49.0-4 libboost-mpi-python1.49.0_1.49.0-4 libboost-mpi1.49-dev_1.49.0-4 libboost-mpi1.49.0_1.49.0-4 libboost-program-options-dev_1.49.0.1 libboost-program-options1.49-dev_1.49.0-4 libboost-program-options1.49.0_1.49.0-4 libboost-python-dev_1.49.0.1 libboost-python1.49-dev_1.49.0-4 libboost-python1.49.0_1.49.0-4 libboost-random-dev_1.49.0.1 libboost-random1.49-dev_1.49.0-4 libboost-random1.49.0_1.49.0-4 libboost-regex-dev_1.49.0.1 libboost-regex1.49-dev_1.49.0-4 libboost-regex1.49.0_1.49.0-4 libboost-serialization-dev_1.49.0.1 libboost-serialization1.49-dev_1.49.0-4 libboost-serialization1.49.0_1.49.0-4 libboost-signals-dev_1.49.0.1 libboost-signals1.49-dev_1.49.0-4 libboost-signals1.49.0_1.49.0-4 libboost-system-dev_1.49.0.1 libboost-system1.49-dev_1.49.0-4 libboost-system1.49.0_1.49.0-4 libboost-test-dev_1.49.0.1 libboost-test1.49-dev_1.49.0-4 libboost-test1.49.0_1.49.0-4 libboost-thread-dev_1.49.0.1 libboost-thread1.49-dev_1.49.0-4 libboost-thread1.49.0_1.49.0-4 libboost-timer-dev_1.49.0.1 libboost-timer1.49-dev_1.49.0-4 libboost-timer1.49.0_1.49.0-4 libboost-wave-dev_1.49.0.1 libboost-wave1.49-dev_1.49.0-4 libboost-wave1.49.0_1.49.0-4 libboost1.49-dev_1.49.0-4 libbz2-1.0_1.0.6-4 libc-bin_2.17-7 libc-dev-bin_2.17-7 libc6_2.17-7 libc6-dev_2.17-7 libcairo2_1.12.14-5 libcap2_1:2.22-1.2 libcf0_1:4.1.3-6+b1 libcgal-dev_4.2-4 libcgal10_4.2-4 libclang-common-3.3-dev_1:3.3-3 libclang1-3.3_1:3.3-3 libclass-isa-perl_0.36-5 libcloog-isl4_0.18.0-2 libcloog-ppl1_0.16.1-3 libcomerr2_1.42.8-1 libcroco3_0.6.8-2 libcups2_1.6.2-10 libcurl3-gnutls_7.31.0-2 libdatrie1_0.2.6-2 libdb5.1_5.1.29-6 libdbus-1-3_1.6.12-1 libdirac-encoder0_1.0.2-6 libdouble-conversion0_1.1.1-1 libdpkg-perl_1.16.10 libdrm-dev_2.4.45-3 libdrm-intel1_2.4.45-3 libdrm-nouveau2_2.4.45-3 libdrm-radeon1_2.4.45-3 libdrm2_2.4.45-3 libegl1-mesa_9.1.4-1 libeigen3-dev_3.1.3-2 libelfg0_0.8.13-3 libexpat1_2.1.0-4 libexpat1-dev_2.1.0-4 libffi6_3.0.13-4 libfile-fcntllock-perl_0.14-2 libfontconfig1_2.10.2-2 libfontconfig1-dev_2.10.2-2 libfreetype6_2.4.9-1.1 libfreetype6-dev_2.4.9-1.1 libgbm1_9.1.4-1 libgc1c2_1:7.2d-5 libgcc-4.7-dev_4.7.3-5 libgcc-4.8-dev_4.8.1-6 libgcc1_1:4.8.1-6 libgcrypt11_1.5.2-3 libgdbm3_1.8.3-12 libgdk-pixbuf2.0-0_2.28.2-1 libgdk-pixbuf2.0-common_2.28.2-1 libgfortran3_4.8.1-6 libgirepository-1.0-1_1.36.0-2+b1 libgl1-mesa-dev_9.1.4-1 libgl1-mesa-glx_9.1.4-1 libgl2ps-dev_1.3.8-1 libgl2ps0_1.3.8-1 libglapi-mesa_9.1.4-1 libglib2.0-0_2.36.3-3 libglib2.0-bin_2.36.3-3 libglib2.0-data_2.36.3-3 libglib2.0-dev_2.36.3-3 libglu1-mesa_9.0.0-1 libglu1-mesa-dev_9.0.0-1 libgmp-dev_2:5.1.2+dfsg-2 libgmp10_2:5.1.2+dfsg-2 libgmpxx4ldbl_2:5.1.2+dfsg-2 libgnutls26_2.12.23-5 libgomp1_4.8.1-6 libgpg-error0_1.10-3.1 libgpm2_1.20.4-6.1 libgraphite2-3_1.2.3-1 libgsm1_1.0.13-4 libgssapi-krb5-2_1.10.1+dfsg-6.1 libgssrpc4_1.10.1+dfsg-6.1 libgstreamer-plugins-base0.10-0_0.10.36-1.1 libgstreamer0.10-0_0.10.36-1.2 libgtk2.0-0_2.24.20-1 libgtk2.0-common_2.24.20-1 libgts-0.7-5_0.7.6+darcs110121-1.1 libgts-dev_0.7.6+darcs110121-1.1 libharfbuzz0a_0.9.18-3 libhdf5-7_1.8.11-3 libibverbs-dev_1.1.7-1 libibverbs1_1.1.7-1 libice-dev_2:1.0.8-2 libice6_2:1.0.8-2 libicu-dev_4.8.1.1-12 libicu48_4.8.1.1-12 libidn11_1.25-2 libisl10_0.11.2-1 libitm1_4.8.1-6 libjasper1_1.900.1-14 libjbig-dev_2.0-2 libjbig0_2.0-2 libjpeg8_8d-1 libjpeg8-dev_8d-1 libjs-jquery_1.7.2+dfsg-2 libjs-sphinxdoc_1.1.3+dfsg-8 libjs-underscore_1.4.4-2 libk5crypto3_1.10.1+dfsg-6.1 libkadm5clnt-mit8_1.10.1+dfsg-6.1 libkadm5srv-mit8_1.10.1+dfsg-6.1 libkdb5-6_1.10.1+dfsg-6.1 libkeyutils1_1.5.5-7 libkms1_2.4.45-3 libkrb5-3_1.10.1+dfsg-6.1 libkrb5-dev_1.10.1+dfsg-6.1 libkrb5support0_1.10.1+dfsg-6.1 liblapack3_3.4.2+dfsg-1 liblcms1_1.19.dfsg-1.2 libldap-2.4-2_2.4.31-1+nmu2 libllvm3.2_1:3.2repack-10 libllvm3.3_1:3.3-3 liblocale-gettext-perl_1.05-7+b1 libloki-dev_0.1.7-3 libloki0.1.7_0.1.7-3 liblzma5_5.1.1alpha+20120614-2 liblzo2-2_2.06-1 libmagic1_1:5.14-2 libmng1_1.0.10-3 libmount1_2.20.1-5.5 libmp3lame0_3.99.5+repack1-3 libmpc2_0.9-4 libmpc3_1.0.1-1 libmpfr-dev_3.1.1-1 libmpfr4_3.1.1-1 libmysqlclient-dev_5.5.31+dfsg-1 libmysqlclient18_5.5.31+dfsg-1 libncurses5_5.9+20130608-1 libncursesw5_5.9+20130608-1 libnetcdf-dev_1:4.1.3-6+b1 libnetcdfc++4_1:4.1.3-6+b1 libnetcdfc7_1:4.1.3-6+b1 libnetcdff5_1:4.1.3-6+b1 libnettle4_2.7.1-1 libnuma1_2.0.8-3 libobjc-4.7-dev_4.7.3-5 libobjc4_4.8.1-6 libogg0_1.3.1-1 libopenjpeg2_1.3+dfsg-4.6 libopenmpi-dev_1.4.5-1 libopenmpi1.3_1.4.5-1 liborc-0.4-0_1:0.4.17-2 libp11-kit0_0.18.4-1 libpam-modules_1.1.3-9 libpam-modules-bin_1.1.3-9 libpam-runtime_1.1.3-9 libpam0g_1.1.3-9 libpango-1.0-0_1.32.5-5+b1 libpango1.0-0_1.32.5-5+b1 libpangocairo-1.0-0_1.32.5-5+b1 libpangoft2-1.0-0_1.32.5-5+b1 libpangox-1.0-0_0.0.2-4 libpangoxft-1.0-0_1.32.5-5+b1 libpciaccess0_0.13.1-2 libpcre3_1:8.31-2 libpcre3-dev_1:8.31-2 libpcrecpp0_1:8.31-2 libpipeline1_1.2.4-1 libpixman-1-0_0.26.0-4 libpng12-0_1.2.49-4 libpng12-dev_1.2.49-4 libpopt0_1.16-7 libppl-c4_1:1.0-7 libppl12_1:1.0-7 libpq-dev_9.1.9-2 libpq5_9.1.9-2 libprocps1_1:3.3.8-2 libpthread-stubs0_0.3-3 libpthread-stubs0-dev_0.3-3 libpython-all-dev_2.7.5-2 libpython-dev_2.7.5-2 libpython-stdlib_2.7.5-2 libpython2.7_2.7.5-6 libpython2.7-dev_2.7.5-6 libpython2.7-minimal_2.7.5-6 libpython2.7-stdlib_2.7.5-6 libqglviewer-dev_2.3.17-2 libqglviewer2_2.3.17-2 libqt4-dbus_4:4.8.5+dfsg-2 libqt4-declarative_4:4.8.5+dfsg-2 libqt4-designer_4:4.8.5+dfsg-2 libqt4-dev_4:4.8.5+dfsg-2 libqt4-dev-bin_4:4.8.5+dfsg-2 libqt4-help_4:4.8.5+dfsg-2 libqt4-network_4:4.8.5+dfsg-2 libqt4-opengl_4:4.8.5+dfsg-2 libqt4-opengl-dev_4:4.8.5+dfsg-2 libqt4-qt3support_4:4.8.5+dfsg-2 libqt4-script_4:4.8.5+dfsg-2 libqt4-scripttools_4:4.8.5+dfsg-2 libqt4-sql_4:4.8.5+dfsg-2 libqt4-svg_4:4.8.5+dfsg-2 libqt4-test_4:4.8.5+dfsg-2 libqt4-xml_4:4.8.5+dfsg-2 libqt4-xmlpatterns_4:4.8.5+dfsg-2 libqtassistantclient4_4.6.3-6 libqtcore4_4:4.8.5+dfsg-2 libqtdbus4_4:4.8.5+dfsg-2 libqtgui4_4:4.8.5+dfsg-2 libqtwebkit4_2.2.1-6 libquadmath0_4.8.1-6 libreadline6_6.2+dfsg-0.1 librtmp0_2.4+20121230.gitdf6c518-1 libsasl2-2_2.1.25.dfsg1-13 libsasl2-modules_2.1.25.dfsg1-13 libschroedinger-1.0-0_1.0.11-2 libselinux1_2.1.13-2 libsemanage-common_2.1.10-2 libsemanage1_2.1.10-2 libsepol1_2.1.9-2 libslang2_2.2.4-15 libsm-dev_2:1.2.1-2 libsm6_2:1.2.1-2 libspeex1_1.2~rc1-7 libsqlite3-0_3.7.17-1 libss2_1.42.8-1 libssh2-1_1.4.3-1 libssl-dev_1.0.1e-3 libssl1.0.0_1.0.1e-3 libstdc++-4.8-dev_4.8.1-6 libstdc++6_4.8.1-6 libstdc++6-4.6-dev_4.6.4-4 libstdc++6-4.7-dev_4.7.3-5 libswitch-perl_2.16-2 libswscale-dev_6:0.8.7-1 libswscale2_6:0.8.7-1 libtasn1-3_2.14-3 libtext-charwidth-perl_0.04-7+b1 libtext-iconv-perl_1.7-5 libtext-wrapi18n-perl_0.06-7 libthai-data_0.1.19-2 libthai0_0.1.19-2 libtheora0_1.1.1+dfsg.1-3.1 libtiff4_3.9.7-1 libtiff4-dev_3.9.7-1 libtiffxx0c2_3.9.7-1 libtimedate-perl_1.2000-1 libtinfo5_5.9+20130608-1 libtorque2_2.4.16+dfsg-1 libtsan0_4.8.1-6 libudev0_175-7.2 libunistring0_0.9.3-5 libusb-0.1-4_2:0.1.12-23.2 libustr-1.0-1_1.0.4-3 libuuid1_2.20.1-5.5 libva1_1.1.1-3 libvorbis0a_1.3.2-1.3 libvorbisenc2_1.3.2-1.3 libvpx1_1.2.0-2 libvtk5-dev_5.8.0-14 libvtk5.8_5.8.0-14 libwayland-client0_1.1.0-2 libwayland-server0_1.1.0-2 libx11-6_2:1.6.0-1 libx11-data_2:1.6.0-1 libx11-dev_2:1.6.0-1 libx11-xcb-dev_2:1.6.0-1 libx11-xcb1_2:1.6.0-1 libx264-123_2:0.123.2189+git35cf912-1 libxau-dev_1:1.0.8-1 libxau6_1:1.0.8-1 libxcb-dri2-0_1.9.1-3 libxcb-dri2-0-dev_1.9.1-3 libxcb-glx0_1.9.1-3 libxcb-glx0-dev_1.9.1-3 libxcb-render0_1.9.1-3 libxcb-shape0_1.9.1-3 libxcb-shm0_1.9.1-3 libxcb-xfixes0_1.9.1-3 libxcb1_1.9.1-3 libxcb1-dev_1.9.1-3 libxcomposite1_1:0.4.4-1 libxcursor1_1:1.1.14-1 libxdamage-dev_1:1.1.4-1 libxdamage1_1:1.1.4-1 libxdmcp-dev_1:1.1.1-1 libxdmcp6_1:1.1.1-1 libxext-dev_2:1.3.2-1 libxext6_2:1.3.2-1 libxfixes-dev_1:5.0.1-1 libxfixes3_1:5.0.1-1 libxft-dev_2.3.1-1 libxft2_2.3.1-1 libxi-dev_2:1.7.1.901-1 libxi6_2:1.7.1.901-1 libxinerama1_2:1.1.3-1 libxml2_2.9.1+dfsg1-2 libxml2-dev_2.9.1+dfsg1-2 libxmu-dev_2:1.1.1-1 libxmu-headers_2:1.1.1-1 libxmu6_2:1.1.1-1 libxrandr2_2:1.4.1-1 libxrender-dev_1:0.9.8-1 libxrender1_1:0.9.8-1 libxss-dev_1:1.2.2-1 libxss1_1:1.2.2-1 libxt-dev_1:1.1.3-1+deb7u1 libxt6_1:1.1.3-1+deb7u1 libxvidcore4_2:1.3.2-9 libxxf86vm-dev_1:1.1.2-1+deb7u1 libxxf86vm1_1:1.1.2-1+deb7u1 linux-libc-dev_3.9.8-1 login_1:4.1.5.1-1 lsb-base_4.1+Debian12 make_3.81-8.2 man-db_2.6.5-2 mawk_1.3.3-17 mesa-common-dev_9.1.4-1 mime-support_3.54 mount_2.20.1-5.5 mpi-default-dev_1.0.1 multiarch-support_2.17-7 mysql-common_5.5.31+dfsg-1 ncurses-base_5.9+20130608-1 ncurses-bin_5.9+20130608-1 openmpi-common_1.4.5-1 passwd_1:4.1.5.1-1 patch_2.7.1-3 perl_5.14.2-21 perl-base_5.14.2-21 perl-modules_5.14.2-21 pkg-config_0.26-1 po-debconf_1.0.16+nmu2 procps_1:3.3.8-2 pyqt4-dev-tools_4.10.2-1 python_2.7.5-2 python-all_2.7.5-2 python-all-dev_2.7.5-2 python-cairo_1.8.8-1+b2 python-dateutil_1.5+dfsg-0.1 python-decorator_3.4.0-2 python-dev_2.7.5-2 python-gi_3.8.3-1 python-gobject_3.8.3-1 python-gobject-2_2.28.6-12+b1 python-gts_0.3.1-2 python-imaging_1.1.7-4 python-matplotlib_1.1.1~rc2-1 python-matplotlib-data_1.1.1~rc2-1 python-minieigen_0.3~dfsg~bzr32-1 python-minimal_2.7.5-2 python-numpy_1:1.7.1-2 python-pexpect_2.4-1 python-pyparsing_1.5.7+dfsg1-2 python-qt4_4.10.2-1 python-simplegeneric_0.8.1-1 python-sip_4.14.7-3 python-support_1.0.15 python-tk_2.7.5-1 python-tz_2012c-1 python-xlib_0.14+20091101-1 python2.7_2.7.5-6 python2.7-dev_2.7.5-6 python2.7-minimal_2.7.5-6 qdbus_4:4.8.5+dfsg-2 qt4-linguist-tools_4:4.8.5+dfsg-2 qt4-qmake_4:4.8.5+dfsg-2 qtchooser_31-g980c64c-4 qtcore4-l10n_4:4.8.5+dfsg-2 readline-common_6.2+dfsg-0.1 sbuild-build-depends-core-dummy_0.invalid.0 sbuild-build-depends-yade-dummy_0.invalid.0 sed_4.2.2-1 sensible-utils_0.0.9 shared-mime-info_1.0-1+b1 sudo_1.8.5p2-1+nmu1 sysv-rc_2.88dsf-42 sysvinit_2.88dsf-42 sysvinit-utils_2.88dsf-42 tar_1.26+dfsg-6 tcl8.5_8.5.14-2 tcl8.5-dev_8.5.14-2 tk8.5_8.5.14-2 tk8.5-dev_8.5.14-2 ttf-dejavu-core_2.33+svn2514-3 tzdata_2013c-2 ucf_3.0027+nmu1 util-linux_2.20.1-5.5 vim_2:7.3.923-3 vim-common_2:7.3.923-3 vim-runtime_2:7.3.923-3 x11-common_1:7.7+3 x11proto-core-dev_7.0.24-1 x11proto-damage-dev_1:1.2.1-2 x11proto-dri2-dev_2.8-2 x11proto-fixes-dev_1:5.0-2 x11proto-gl-dev_1.4.16-2 x11proto-input-dev_2.3-1 x11proto-kb-dev_1.0.6-2 x11proto-render-dev_2:0.11.1-2 x11proto-scrnsaver-dev_1.2.2-1 x11proto-xext-dev_7.2.1-1 x11proto-xf86vidmode-dev_2.3.1-2 xorg-sgml-doctools_1:1.10-1 xtrans-dev_1.2.7-1 xz-utils_5.1.1alpha+20120614-2 zlib1g_1:1.2.8.dfsg-1 zlib1g-dev_1:1.2.8.dfsg-1

┌──────────────────────────────────────────────────────────────────────────────┐
│ Build                                                                        │
└──────────────────────────────────────────────────────────────────────────────┘


Unpack source
─────────────

gpgv: keyblock resource `/sbuild-nonexistent/.gnupg/trustedkeys.gpg': file open error
gpgv: Signature made Wed May 29 20:44:03 2013 UTC using RSA key ID CFA7FF06
gpgv: Can't check signature: public key not found
dpkg-source: warning: failed to verify signature on ./yade_0.97.0-4.dsc
dpkg-source: info: extracting yade in yade-0.97.0
dpkg-source: info: unpacking yade_0.97.0.orig.tar.gz
dpkg-source: info: unpacking yade_0.97.0-4.debian.tar.gz

Check disc space
────────────────

Sufficient free space for build

Hack binNMU version
───────────────────

Created changelog entry for binNMU version 0.97.0-4clang1

User Environment
────────────────

HOME=/sbuild-nonexistent
LOGNAME=user
PATH=/usr/local/sbin:/usr/local/bin:/usr/sbin:/usr/bin:/sbin:/bin:/usr/games
SCHROOT_ALIAS_NAME=unstable-amd64-sbuild
SCHROOT_CHROOT_NAME=unstable-amd64-sbuild
SCHROOT_COMMAND=env
SCHROOT_GID=1000
SCHROOT_GROUP=user
SCHROOT_SESSION_ID=unstable-amd64-sbuild-03378a97-f70b-4492-8de5-1d8b44ee6128
SCHROOT_UID=1000
SCHROOT_USER=user
SHELL=/bin/sh
USER=user

dpkg-buildpackage
─────────────────

dpkg-buildpackage: source package yade
dpkg-buildpackage: source version 0.97.0-4clang1
 dpkg-source --before-build yade-0.97.0
dpkg-buildpackage: host architecture amd64
 fakeroot debian/rules clean
dh clean --buildsystem=cmake --builddirectory=/«PKGBUILDDIR»/debian/build --with python2 --parallel
   dh_testdir -O--buildsystem=cmake -O--builddirectory=/«PKGBUILDDIR»/debian/build -O--parallel
   debian/rules override_dh_auto_clean
make[1]: Entering directory `/«PKGBUILDDIR»'
dh_auto_clean
rm -rf /«PKGBUILDDIR»/debian/build
make[1]: Leaving directory `/«PKGBUILDDIR»'
   dh_clean -O--buildsystem=cmake -O--builddirectory=/«PKGBUILDDIR»/debian/build -O--parallel
 debian/rules build-arch
dh build-arch --buildsystem=cmake --builddirectory=/«PKGBUILDDIR»/debian/build --with python2 --parallel
   dh_testdir -a -O--buildsystem=cmake -O--builddirectory=/«PKGBUILDDIR»/debian/build -O--parallel
   debian/rules override_dh_auto_configure
make[1]: Entering directory `/«PKGBUILDDIR»'
dh_auto_configure -- -DruntimePREFIX="/usr" -DINSTALL_PREFIX="/usr" -DNOSUFFIX=ON -DLIBRARY_OUTPUT_PATH=lib/x86_64-linux-gnu 
-- The C compiler identification is Clang 3.3.0
-- The CXX compiler identification is Clang 3.3.0
-- Check for working C compiler: /usr/bin/cc
-- Check for working C compiler: /usr/bin/cc -- works
-- Detecting C compiler ABI info
-- Detecting C compiler ABI info - done
-- Check for working CXX compiler: /usr/bin/c++
-- Check for working CXX compiler: /usr/bin/c++ -- works
-- Detecting CXX compiler ABI info
-- Detecting CXX compiler ABI info - done
-- Found PythonLibs: /usr/lib/x86_64-linux-gnu/libpython2.7.so (found version "2.7.5+") 
-- Found PythonInterp: /usr/bin/python (found version "2.7.5") 
-- Try OpenMP C flag = [-fopenmp]
-- Performing Test OpenMP_FLAG_DETECTED
-- Performing Test OpenMP_FLAG_DETECTED - Failed
-- Try OpenMP C flag = [/openmp]
-- Performing Test OpenMP_FLAG_DETECTED
-- Performing Test OpenMP_FLAG_DETECTED - Failed
-- Try OpenMP C flag = [-Qopenmp]
-- Performing Test OpenMP_FLAG_DETECTED
-- Performing Test OpenMP_FLAG_DETECTED - Failed
-- Try OpenMP C flag = [-openmp]
-- Performing Test OpenMP_FLAG_DETECTED
-- Performing Test OpenMP_FLAG_DETECTED - Failed
-- Try OpenMP C flag = [ ]
-- Performing Test OpenMP_FLAG_DETECTED
-- Performing Test OpenMP_FLAG_DETECTED - Failed
-- Try OpenMP C flag = [-xopenmp]
-- Performing Test OpenMP_FLAG_DETECTED
-- Performing Test OpenMP_FLAG_DETECTED - Failed
-- Try OpenMP C flag = [+Oopenmp]
-- Performing Test OpenMP_FLAG_DETECTED
-- Performing Test OpenMP_FLAG_DETECTED - Failed
-- Try OpenMP C flag = [-qsmp]
-- Performing Test OpenMP_FLAG_DETECTED
-- Performing Test OpenMP_FLAG_DETECTED - Failed
-- Try OpenMP C flag = [-mp]
-- Performing Test OpenMP_FLAG_DETECTED
-- Performing Test OpenMP_FLAG_DETECTED - Failed
-- Try OpenMP CXX flag = [-fopenmp]
-- Performing Test OpenMP_FLAG_DETECTED
-- Performing Test OpenMP_FLAG_DETECTED - Failed
-- Try OpenMP CXX flag = [/openmp]
-- Performing Test OpenMP_FLAG_DETECTED
-- Performing Test OpenMP_FLAG_DETECTED - Failed
-- Try OpenMP CXX flag = [-Qopenmp]
-- Performing Test OpenMP_FLAG_DETECTED
-- Performing Test OpenMP_FLAG_DETECTED - Failed
-- Try OpenMP CXX flag = [-openmp]
-- Performing Test OpenMP_FLAG_DETECTED
-- Performing Test OpenMP_FLAG_DETECTED - Failed
-- Try OpenMP CXX flag = [ ]
-- Performing Test OpenMP_FLAG_DETECTED
-- Performing Test OpenMP_FLAG_DETECTED - Failed
-- Try OpenMP CXX flag = [-xopenmp]
-- Performing Test OpenMP_FLAG_DETECTED
-- Performing Test OpenMP_FLAG_DETECTED - Failed
-- Try OpenMP CXX flag = [+Oopenmp]
-- Performing Test OpenMP_FLAG_DETECTED
-- Performing Test OpenMP_FLAG_DETECTED - Failed
-- Try OpenMP CXX flag = [-qsmp]
-- Performing Test OpenMP_FLAG_DETECTED
-- Performing Test OpenMP_FLAG_DETECTED - Failed
-- Try OpenMP CXX flag = [-mp]
-- Performing Test OpenMP_FLAG_DETECTED
-- Performing Test OpenMP_FLAG_DETECTED - Failed
-- Could NOT find OpenMP (missing:  OpenMP_C_FLAGS OpenMP_CXX_FLAGS) 
-- Looking for Q_WS_X11
-- Looking for Q_WS_X11 - found
-- Looking for Q_WS_WIN
-- Looking for Q_WS_WIN - not found
-- Looking for Q_WS_QWS
-- Looking for Q_WS_QWS - not found
-- Looking for Q_WS_MAC
-- Looking for Q_WS_MAC - not found
-- Found Qt4: /usr/bin/qmake (found version "4.8.5") 
-- The imported target "vtkWrapTcl" references the file
   "/usr/bin/vtkWrapTcl"
but this file does not exist.  Possible reasons include:
* The file was deleted, renamed, or moved to another location.
* An install or uninstall procedure did not complete successfully.
* The installation package was faulty and contained
   "/usr/lib/vtk-5.8/VTKTargets.cmake"
but not all the files it references.

-- The imported target "vtkWrapTclInit" references the file
   "/usr/bin/vtkWrapTclInit"
but this file does not exist.  Possible reasons include:
* The file was deleted, renamed, or moved to another location.
* An install or uninstall procedure did not complete successfully.
* The installation package was faulty and contained
   "/usr/lib/vtk-5.8/VTKTargets.cmake"
but not all the files it references.

-- The imported target "vtkWrapPython" references the file
   "/usr/bin/vtkWrapPython"
but this file does not exist.  Possible reasons include:
* The file was deleted, renamed, or moved to another location.
* An install or uninstall procedure did not complete successfully.
* The installation package was faulty and contained
   "/usr/lib/vtk-5.8/VTKTargets.cmake"
but not all the files it references.

-- The imported target "vtkWrapPythonInit" references the file
   "/usr/bin/vtkWrapPythonInit"
but this file does not exist.  Possible reasons include:
* The file was deleted, renamed, or moved to another location.
* An install or uninstall procedure did not complete successfully.
* The installation package was faulty and contained
   "/usr/lib/vtk-5.8/VTKTargets.cmake"
but not all the files it references.

-- The imported target "vtkParseJava" references the file
   "/usr/bin/vtkParseJava"
but this file does not exist.  Possible reasons include:
* The file was deleted, renamed, or moved to another location.
* An install or uninstall procedure did not complete successfully.
* The installation package was faulty and contained
   "/usr/lib/vtk-5.8/VTKTargets.cmake"
but not all the files it references.

-- The imported target "vtkWrapJava" references the file
   "/usr/bin/vtkWrapJava"
but this file does not exist.  Possible reasons include:
* The file was deleted, renamed, or moved to another location.
* An install or uninstall procedure did not complete successfully.
* The installation package was faulty and contained
   "/usr/lib/vtk-5.8/VTKTargets.cmake"
but not all the files it references.

-- The imported target "vtkCommonTCL" references the file
   "/usr/lib/libvtkCommonTCL.so.5.8.0"
but this file does not exist.  Possible reasons include:
* The file was deleted, renamed, or moved to another location.
* An install or uninstall procedure did not complete successfully.
* The installation package was faulty and contained
   "/usr/lib/vtk-5.8/VTKTargets.cmake"
but not all the files it references.

-- The imported target "vtkCommonPythonD" references the file
   "/usr/lib/libvtkCommonPythonD.so.5.8.0"
but this file does not exist.  Possible reasons include:
* The file was deleted, renamed, or moved to another location.
* An install or uninstall procedure did not complete successfully.
* The installation package was faulty and contained
   "/usr/lib/vtk-5.8/VTKTargets.cmake"
but not all the files it references.

-- The imported target "vtkCommonJava" references the file
   "/usr/lib/jni/libvtkCommonJava.so.5.8.0"
but this file does not exist.  Possible reasons include:
* The file was deleted, renamed, or moved to another location.
* An install or uninstall procedure did not complete successfully.
* The installation package was faulty and contained
   "/usr/lib/vtk-5.8/VTKTargets.cmake"
but not all the files it references.

-- The imported target "vtkFilteringTCL" references the file
   "/usr/lib/libvtkFilteringTCL.so.5.8.0"
but this file does not exist.  Possible reasons include:
* The file was deleted, renamed, or moved to another location.
* An install or uninstall procedure did not complete successfully.
* The installation package was faulty and contained
   "/usr/lib/vtk-5.8/VTKTargets.cmake"
but not all the files it references.

-- The imported target "vtkFilteringPythonD" references the file
   "/usr/lib/libvtkFilteringPythonD.so.5.8.0"
but this file does not exist.  Possible reasons include:
* The file was deleted, renamed, or moved to another location.
* An install or uninstall procedure did not complete successfully.
* The installation package was faulty and contained
   "/usr/lib/vtk-5.8/VTKTargets.cmake"
but not all the files it references.

-- The imported target "vtkFilteringJava" references the file
   "/usr/lib/jni/libvtkFilteringJava.so.5.8.0"
but this file does not exist.  Possible reasons include:
* The file was deleted, renamed, or moved to another location.
* An install or uninstall procedure did not complete successfully.
* The installation package was faulty and contained
   "/usr/lib/vtk-5.8/VTKTargets.cmake"
but not all the files it references.

-- The imported target "vtkImagingTCL" references the file
   "/usr/lib/libvtkImagingTCL.so.5.8.0"
but this file does not exist.  Possible reasons include:
* The file was deleted, renamed, or moved to another location.
* An install or uninstall procedure did not complete successfully.
* The installation package was faulty and contained
   "/usr/lib/vtk-5.8/VTKTargets.cmake"
but not all the files it references.

-- The imported target "vtkImagingPythonD" references the file
   "/usr/lib/libvtkImagingPythonD.so.5.8.0"
but this file does not exist.  Possible reasons include:
* The file was deleted, renamed, or moved to another location.
* An install or uninstall procedure did not complete successfully.
* The installation package was faulty and contained
   "/usr/lib/vtk-5.8/VTKTargets.cmake"
but not all the files it references.

-- The imported target "vtkImagingJava" references the file
   "/usr/lib/jni/libvtkImagingJava.so.5.8.0"
but this file does not exist.  Possible reasons include:
* The file was deleted, renamed, or moved to another location.
* An install or uninstall procedure did not complete successfully.
* The installation package was faulty and contained
   "/usr/lib/vtk-5.8/VTKTargets.cmake"
but not all the files it references.

-- The imported target "vtkGraphicsTCL" references the file
   "/usr/lib/libvtkGraphicsTCL.so.5.8.0"
but this file does not exist.  Possible reasons include:
* The file was deleted, renamed, or moved to another location.
* An install or uninstall procedure did not complete successfully.
* The installation package was faulty and contained
   "/usr/lib/vtk-5.8/VTKTargets.cmake"
but not all the files it references.

-- The imported target "vtkGraphicsPythonD" references the file
   "/usr/lib/libvtkGraphicsPythonD.so.5.8.0"
but this file does not exist.  Possible reasons include:
* The file was deleted, renamed, or moved to another location.
* An install or uninstall procedure did not complete successfully.
* The installation package was faulty and contained
   "/usr/lib/vtk-5.8/VTKTargets.cmake"
but not all the files it references.

-- The imported target "vtkGraphicsJava" references the file
   "/usr/lib/jni/libvtkGraphicsJava.so.5.8.0"
but this file does not exist.  Possible reasons include:
* The file was deleted, renamed, or moved to another location.
* An install or uninstall procedure did not complete successfully.
* The installation package was faulty and contained
   "/usr/lib/vtk-5.8/VTKTargets.cmake"
but not all the files it references.

-- The imported target "vtkGenericFilteringTCL" references the file
   "/usr/lib/libvtkGenericFilteringTCL.so.5.8.0"
but this file does not exist.  Possible reasons include:
* The file was deleted, renamed, or moved to another location.
* An install or uninstall procedure did not complete successfully.
* The installation package was faulty and contained
   "/usr/lib/vtk-5.8/VTKTargets.cmake"
but not all the files it references.

-- The imported target "vtkGenericFilteringPythonD" references the file
   "/usr/lib/libvtkGenericFilteringPythonD.so.5.8.0"
but this file does not exist.  Possible reasons include:
* The file was deleted, renamed, or moved to another location.
* An install or uninstall procedure did not complete successfully.
* The installation package was faulty and contained
   "/usr/lib/vtk-5.8/VTKTargets.cmake"
but not all the files it references.

-- The imported target "vtkGenericFilteringJava" references the file
   "/usr/lib/jni/libvtkGenericFilteringJava.so.5.8.0"
but this file does not exist.  Possible reasons include:
* The file was deleted, renamed, or moved to another location.
* An install or uninstall procedure did not complete successfully.
* The installation package was faulty and contained
   "/usr/lib/vtk-5.8/VTKTargets.cmake"
but not all the files it references.

-- The imported target "vtkIOTCL" references the file
   "/usr/lib/libvtkIOTCL.so.5.8.0"
but this file does not exist.  Possible reasons include:
* The file was deleted, renamed, or moved to another location.
* An install or uninstall procedure did not complete successfully.
* The installation package was faulty and contained
   "/usr/lib/vtk-5.8/VTKTargets.cmake"
but not all the files it references.

-- The imported target "vtkIOPythonD" references the file
   "/usr/lib/libvtkIOPythonD.so.5.8.0"
but this file does not exist.  Possible reasons include:
* The file was deleted, renamed, or moved to another location.
* An install or uninstall procedure did not complete successfully.
* The installation package was faulty and contained
   "/usr/lib/vtk-5.8/VTKTargets.cmake"
but not all the files it references.

-- The imported target "vtkIOJava" references the file
   "/usr/lib/jni/libvtkIOJava.so.5.8.0"
but this file does not exist.  Possible reasons include:
* The file was deleted, renamed, or moved to another location.
* An install or uninstall procedure did not complete successfully.
* The installation package was faulty and contained
   "/usr/lib/vtk-5.8/VTKTargets.cmake"
but not all the files it references.

-- The imported target "vtkRenderingTCL" references the file
   "/usr/lib/libvtkRenderingTCL.so.5.8.0"
but this file does not exist.  Possible reasons include:
* The file was deleted, renamed, or moved to another location.
* An install or uninstall procedure did not complete successfully.
* The installation package was faulty and contained
   "/usr/lib/vtk-5.8/VTKTargets.cmake"
but not all the files it references.

-- The imported target "vtkRenderingPythonD" references the file
   "/usr/lib/libvtkRenderingPythonD.so.5.8.0"
but this file does not exist.  Possible reasons include:
* The file was deleted, renamed, or moved to another location.
* An install or uninstall procedure did not complete successfully.
* The installation package was faulty and contained
   "/usr/lib/vtk-5.8/VTKTargets.cmake"
but not all the files it references.

-- The imported target "vtkRenderingJava" references the file
   "/usr/lib/jni/libvtkRenderingJava.so.5.8.0"
but this file does not exist.  Possible reasons include:
* The file was deleted, renamed, or moved to another location.
* An install or uninstall procedure did not complete successfully.
* The installation package was faulty and contained
   "/usr/lib/vtk-5.8/VTKTargets.cmake"
but not all the files it references.

-- The imported target "vtkRenderingPythonTkWidgets" references the file
   "/usr/lib/libvtkRenderingPythonTkWidgets.so.5.8.0"
but this file does not exist.  Possible reasons include:
* The file was deleted, renamed, or moved to another location.
* An install or uninstall procedure did not complete successfully.
* The installation package was faulty and contained
   "/usr/lib/vtk-5.8/VTKTargets.cmake"
but not all the files it references.

-- The imported target "vtkVolumeRenderingTCL" references the file
   "/usr/lib/libvtkVolumeRenderingTCL.so.5.8.0"
but this file does not exist.  Possible reasons include:
* The file was deleted, renamed, or moved to another location.
* An install or uninstall procedure did not complete successfully.
* The installation package was faulty and contained
   "/usr/lib/vtk-5.8/VTKTargets.cmake"
but not all the files it references.

-- The imported target "vtkVolumeRenderingPythonD" references the file
   "/usr/lib/libvtkVolumeRenderingPythonD.so.5.8.0"
but this file does not exist.  Possible reasons include:
* The file was deleted, renamed, or moved to another location.
* An install or uninstall procedure did not complete successfully.
* The installation package was faulty and contained
   "/usr/lib/vtk-5.8/VTKTargets.cmake"
but not all the files it references.

-- The imported target "vtkVolumeRenderingJava" references the file
   "/usr/lib/jni/libvtkVolumeRenderingJava.so.5.8.0"
but this file does not exist.  Possible reasons include:
* The file was deleted, renamed, or moved to another location.
* An install or uninstall procedure did not complete successfully.
* The installation package was faulty and contained
   "/usr/lib/vtk-5.8/VTKTargets.cmake"
but not all the files it references.

-- The imported target "vtkHybridTCL" references the file
   "/usr/lib/libvtkHybridTCL.so.5.8.0"
but this file does not exist.  Possible reasons include:
* The file was deleted, renamed, or moved to another location.
* An install or uninstall procedure did not complete successfully.
* The installation package was faulty and contained
   "/usr/lib/vtk-5.8/VTKTargets.cmake"
but not all the files it references.

-- The imported target "vtkHybridPythonD" references the file
   "/usr/lib/libvtkHybridPythonD.so.5.8.0"
but this file does not exist.  Possible reasons include:
* The file was deleted, renamed, or moved to another location.
* An install or uninstall procedure did not complete successfully.
* The installation package was faulty and contained
   "/usr/lib/vtk-5.8/VTKTargets.cmake"
but not all the files it references.

-- The imported target "vtkHybridJava" references the file
   "/usr/lib/jni/libvtkHybridJava.so.5.8.0"
but this file does not exist.  Possible reasons include:
* The file was deleted, renamed, or moved to another location.
* An install or uninstall procedure did not complete successfully.
* The installation package was faulty and contained
   "/usr/lib/vtk-5.8/VTKTargets.cmake"
but not all the files it references.

-- The imported target "vtkWidgetsTCL" references the file
   "/usr/lib/libvtkWidgetsTCL.so.5.8.0"
but this file does not exist.  Possible reasons include:
* The file was deleted, renamed, or moved to another location.
* An install or uninstall procedure did not complete successfully.
* The installation package was faulty and contained
   "/usr/lib/vtk-5.8/VTKTargets.cmake"
but not all the files it references.

-- The imported target "vtkWidgetsPythonD" references the file
   "/usr/lib/libvtkWidgetsPythonD.so.5.8.0"
but this file does not exist.  Possible reasons include:
* The file was deleted, renamed, or moved to another location.
* An install or uninstall procedure did not complete successfully.
* The installation package was faulty and contained
   "/usr/lib/vtk-5.8/VTKTargets.cmake"
but not all the files it references.

-- The imported target "vtkWidgetsJava" references the file
   "/usr/lib/jni/libvtkWidgetsJava.so.5.8.0"
but this file does not exist.  Possible reasons include:
* The file was deleted, renamed, or moved to another location.
* An install or uninstall procedure did not complete successfully.
* The installation package was faulty and contained
   "/usr/lib/vtk-5.8/VTKTargets.cmake"
but not all the files it references.

-- The imported target "vtkParallelTCL" references the file
   "/usr/lib/libvtkParallelTCL.so.5.8.0"
but this file does not exist.  Possible reasons include:
* The file was deleted, renamed, or moved to another location.
* An install or uninstall procedure did not complete successfully.
* The installation package was faulty and contained
   "/usr/lib/vtk-5.8/VTKTargets.cmake"
but not all the files it references.

-- The imported target "vtkParallelPythonD" references the file
   "/usr/lib/libvtkParallelPythonD.so.5.8.0"
but this file does not exist.  Possible reasons include:
* The file was deleted, renamed, or moved to another location.
* An install or uninstall procedure did not complete successfully.
* The installation package was faulty and contained
   "/usr/lib/vtk-5.8/VTKTargets.cmake"
but not all the files it references.

-- The imported target "vtkParallelJava" references the file
   "/usr/lib/jni/libvtkParallelJava.so.5.8.0"
but this file does not exist.  Possible reasons include:
* The file was deleted, renamed, or moved to another location.
* An install or uninstall procedure did not complete successfully.
* The installation package was faulty and contained
   "/usr/lib/vtk-5.8/VTKTargets.cmake"
but not all the files it references.

-- The imported target "vtkInfovisTCL" references the file
   "/usr/lib/libvtkInfovisTCL.so.5.8.0"
but this file does not exist.  Possible reasons include:
* The file was deleted, renamed, or moved to another location.
* An install or uninstall procedure did not complete successfully.
* The installation package was faulty and contained
   "/usr/lib/vtk-5.8/VTKTargets.cmake"
but not all the files it references.

-- The imported target "vtkInfovisPythonD" references the file
   "/usr/lib/libvtkInfovisPythonD.so.5.8.0"
but this file does not exist.  Possible reasons include:
* The file was deleted, renamed, or moved to another location.
* An install or uninstall procedure did not complete successfully.
* The installation package was faulty and contained
   "/usr/lib/vtk-5.8/VTKTargets.cmake"
but not all the files it references.

-- The imported target "vtkInfovisJava" references the file
   "/usr/lib/jni/libvtkInfovisJava.so.5.8.0"
but this file does not exist.  Possible reasons include:
* The file was deleted, renamed, or moved to another location.
* An install or uninstall procedure did not complete successfully.
* The installation package was faulty and contained
   "/usr/lib/vtk-5.8/VTKTargets.cmake"
but not all the files it references.

-- The imported target "vtkGeovisTCL" references the file
   "/usr/lib/libvtkGeovisTCL.so.5.8.0"
but this file does not exist.  Possible reasons include:
* The file was deleted, renamed, or moved to another location.
* An install or uninstall procedure did not complete successfully.
* The installation package was faulty and contained
   "/usr/lib/vtk-5.8/VTKTargets.cmake"
but not all the files it references.

-- The imported target "vtkGeovisPythonD" references the file
   "/usr/lib/libvtkGeovisPythonD.so.5.8.0"
but this file does not exist.  Possible reasons include:
* The file was deleted, renamed, or moved to another location.
* An install or uninstall procedure did not complete successfully.
* The installation package was faulty and contained
   "/usr/lib/vtk-5.8/VTKTargets.cmake"
but not all the files it references.

-- The imported target "vtkGeovisJava" references the file
   "/usr/lib/jni/libvtkGeovisJava.so.5.8.0"
but this file does not exist.  Possible reasons include:
* The file was deleted, renamed, or moved to another location.
* An install or uninstall procedure did not complete successfully.
* The installation package was faulty and contained
   "/usr/lib/vtk-5.8/VTKTargets.cmake"
but not all the files it references.

-- The imported target "vtkViewsTCL" references the file
   "/usr/lib/libvtkViewsTCL.so.5.8.0"
but this file does not exist.  Possible reasons include:
* The file was deleted, renamed, or moved to another location.
* An install or uninstall procedure did not complete successfully.
* The installation package was faulty and contained
   "/usr/lib/vtk-5.8/VTKTargets.cmake"
but not all the files it references.

-- The imported target "vtkViewsPythonD" references the file
   "/usr/lib/libvtkViewsPythonD.so.5.8.0"
but this file does not exist.  Possible reasons include:
* The file was deleted, renamed, or moved to another location.
* An install or uninstall procedure did not complete successfully.
* The installation package was faulty and contained
   "/usr/lib/vtk-5.8/VTKTargets.cmake"
but not all the files it references.

-- The imported target "vtkViewsJava" references the file
   "/usr/lib/jni/libvtkViewsJava.so.5.8.0"
but this file does not exist.  Possible reasons include:
* The file was deleted, renamed, or moved to another location.
* An install or uninstall procedure did not complete successfully.
* The installation package was faulty and contained
   "/usr/lib/vtk-5.8/VTKTargets.cmake"
but not all the files it references.

-- The imported target "vtkQtChart" references the file
   "/usr/lib/libvtkQtChart.so.5.8.0"
but this file does not exist.  Possible reasons include:
* The file was deleted, renamed, or moved to another location.
* An install or uninstall procedure did not complete successfully.
* The installation package was faulty and contained
   "/usr/lib/vtk-5.8/VTKTargets.cmake"
but not all the files it references.

-- The imported target "QVTK" references the file
   "/usr/lib/libQVTK.so.5.8.0"
but this file does not exist.  Possible reasons include:
* The file was deleted, renamed, or moved to another location.
* An install or uninstall procedure did not complete successfully.
* The installation package was faulty and contained
   "/usr/lib/vtk-5.8/VTKTargets.cmake"
but not all the files it references.

-- The imported target "vtkChartsTCL" references the file
   "/usr/lib/libvtkChartsTCL.so.5.8.0"
but this file does not exist.  Possible reasons include:
* The file was deleted, renamed, or moved to another location.
* An install or uninstall procedure did not complete successfully.
* The installation package was faulty and contained
   "/usr/lib/vtk-5.8/VTKTargets.cmake"
but not all the files it references.

-- The imported target "vtkChartsPythonD" references the file
   "/usr/lib/libvtkChartsPythonD.so.5.8.0"
but this file does not exist.  Possible reasons include:
* The file was deleted, renamed, or moved to another location.
* An install or uninstall procedure did not complete successfully.
* The installation package was faulty and contained
   "/usr/lib/vtk-5.8/VTKTargets.cmake"
but not all the files it references.

-- The imported target "vtkChartsJava" references the file
   "/usr/lib/jni/libvtkChartsJava.so.5.8.0"
but this file does not exist.  Possible reasons include:
* The file was deleted, renamed, or moved to another location.
* An install or uninstall procedure did not complete successfully.
* The installation package was faulty and contained
   "/usr/lib/vtk-5.8/VTKTargets.cmake"
but not all the files it references.

-- The imported target "vtk" references the file
   "/usr/bin/vtk"
but this file does not exist.  Possible reasons include:
* The file was deleted, renamed, or moved to another location.
* An install or uninstall procedure did not complete successfully.
* The installation package was faulty and contained
   "/usr/lib/vtk-5.8/VTKTargets.cmake"
but not all the files it references.

-- The imported target "pvtk" references the file
   "/usr/bin/pvtk"
but this file does not exist.  Possible reasons include:
* The file was deleted, renamed, or moved to another location.
* An install or uninstall procedure did not complete successfully.
* The installation package was faulty and contained
   "/usr/lib/vtk-5.8/VTKTargets.cmake"
but not all the files it references.

-- The imported target "vtkPythonCore" references the file
   "/usr/lib/libvtkPythonCore.so.5.8.0"
but this file does not exist.  Possible reasons include:
* The file was deleted, renamed, or moved to another location.
* An install or uninstall procedure did not complete successfully.
* The installation package was faulty and contained
   "/usr/lib/vtk-5.8/VTKTargets.cmake"
but not all the files it references.

-- Found PkgConfig: /usr/bin/pkg-config (found version "0.26") 
-- Version is set to 0.97.0
-- Looking for XOpenDisplay in /usr/lib/x86_64-linux-gnu/libX11.so;/usr/lib/x86_64-linux-gnu/libXext.so
-- Looking for XOpenDisplay in /usr/lib/x86_64-linux-gnu/libX11.so;/usr/lib/x86_64-linux-gnu/libXext.so - found
-- Looking for gethostbyname
-- Looking for gethostbyname - found
-- Looking for connect
-- Looking for connect - found
-- Looking for remove
-- Looking for remove - found
-- Looking for shmat
-- Looking for shmat - found
-- Looking for IceConnectionNumber in ICE
-- Looking for IceConnectionNumber in ICE - found
-- Found X11: /usr/lib/x86_64-linux-gnu/libX11.so
-- Found OpenGL: /usr/lib/x86_64-linux-gnu/libGL.so  
-- GSL using pkgconfig
-- WARNING: you are using the obsolete 'PKGCONFIG' macro, use FindPkgConfig
-- Found GL2PS: /usr/lib/libgl2ps.so  
-- Found CGAL: /usr/include/CGAL, /usr/lib/libCGAL.so
-- Found NumPy: version "1.7.1" /usr/lib/pymodules/python2.7/numpy/core/include
-- Found Loki: /usr/include  
-- Boost version: 1.49.0
-- Found the following Boost libraries:
--   python
--   thread
--   date_time
--   filesystem
--   iostreams
--   regex
--   serialization
--   Boost_VERSION: 104900
--   Boost_LIB_VERSION: 1_49
--   Boost_INCLUDE_DIRS: /usr/include
--   Boost_LIBRARIES: /usr/lib/libboost_python.so/usr/lib/libboost_thread-mt.so/usr/lib/libboost_date_time-mt.so/usr/lib/libboost_filesystem-mt.so/usr/lib/libboost_iostreams-mt.so/usr/lib/libboost_regex-mt.so/usr/lib/libboost_serialization-mt.so/usr/lib/x86_64-linux-gnu/libpthread.so
-- Found Eigen3: /usr/include/eigen3 (Required is at least version "2.91.0") 
-- Found Eigen3
-- Found VTK
-- Try OpenMP C flag = [-fopenmp]
-- Performing Test OpenMP_FLAG_DETECTED
-- Performing Test OpenMP_FLAG_DETECTED - Failed
-- Try OpenMP C flag = [/openmp]
-- Performing Test OpenMP_FLAG_DETECTED
-- Performing Test OpenMP_FLAG_DETECTED - Failed
-- Try OpenMP C flag = [-Qopenmp]
-- Performing Test OpenMP_FLAG_DETECTED
-- Performing Test OpenMP_FLAG_DETECTED - Failed
-- Try OpenMP C flag = [-openmp]
-- Performing Test OpenMP_FLAG_DETECTED
-- Performing Test OpenMP_FLAG_DETECTED - Failed
-- Try OpenMP C flag = [ ]
-- Performing Test OpenMP_FLAG_DETECTED
-- Performing Test OpenMP_FLAG_DETECTED - Failed
-- Try OpenMP C flag = [-xopenmp]
-- Performing Test OpenMP_FLAG_DETECTED
-- Performing Test OpenMP_FLAG_DETECTED - Failed
-- Try OpenMP C flag = [+Oopenmp]
-- Performing Test OpenMP_FLAG_DETECTED
-- Performing Test OpenMP_FLAG_DETECTED - Failed
-- Try OpenMP C flag = [-qsmp]
-- Performing Test OpenMP_FLAG_DETECTED
-- Performing Test OpenMP_FLAG_DETECTED - Failed
-- Try OpenMP C flag = [-mp]
-- Performing Test OpenMP_FLAG_DETECTED
-- Performing Test OpenMP_FLAG_DETECTED - Failed
-- Try OpenMP CXX flag = [-fopenmp]
-- Performing Test OpenMP_FLAG_DETECTED
-- Performing Test OpenMP_FLAG_DETECTED - Failed
-- Try OpenMP CXX flag = [/openmp]
-- Performing Test OpenMP_FLAG_DETECTED
-- Performing Test OpenMP_FLAG_DETECTED - Failed
-- Try OpenMP CXX flag = [-Qopenmp]
-- Performing Test OpenMP_FLAG_DETECTED
-- Performing Test OpenMP_FLAG_DETECTED - Failed
-- Try OpenMP CXX flag = [-openmp]
-- Performing Test OpenMP_FLAG_DETECTED
-- Performing Test OpenMP_FLAG_DETECTED - Failed
-- Try OpenMP CXX flag = [ ]
-- Performing Test OpenMP_FLAG_DETECTED
-- Performing Test OpenMP_FLAG_DETECTED - Failed
-- Try OpenMP CXX flag = [-xopenmp]
-- Performing Test OpenMP_FLAG_DETECTED
-- Performing Test OpenMP_FLAG_DETECTED - Failed
-- Try OpenMP CXX flag = [+Oopenmp]
-- Performing Test OpenMP_FLAG_DETECTED
-- Performing Test OpenMP_FLAG_DETECTED - Failed
-- Try OpenMP CXX flag = [-qsmp]
-- Performing Test OpenMP_FLAG_DETECTED
-- Performing Test OpenMP_FLAG_DETECTED - Failed
-- Try OpenMP CXX flag = [-mp]
-- Performing Test OpenMP_FLAG_DETECTED
-- Performing Test OpenMP_FLAG_DETECTED - Failed
-- Could NOT find OpenMP (missing:  OpenMP_C_FLAGS OpenMP_CXX_FLAGS) 
-- OpenMP NOT found
-- GSL using pkgconfig
-- WARNING: you are using the obsolete 'PKGCONFIG' macro, use FindPkgConfig
-- checking for one of the modules 'glib-2.0'
-- Found GLib2: glib-2.0 /usr/include/glib-2.0;/usr/lib/x86_64-linux-gnu/glib-2.0/include
-- Looking for include file glib/gregex.h
-- Looking for include file glib/gregex.h - not found
-- Found GTS
-- Found Qt4: /usr/bin/qmake (found version "4.8.5") 
-- Found GLUT: /usr/lib/x86_64-linux-gnu/libglut.so  
-- Found QGLViewer: /usr/lib/x86_64-linux-gnu/libQGLViewer.so
-- Found GUI-LIBS
-- GMP libs: /usr/lib/x86_64-linux-gnu/libgmp.so /usr/lib/x86_64-linux-gnu/libgmpxx.so
-- Found GMP: /usr/include/x86_64-linux-gnu  
-- GMP libs: /usr/lib/x86_64-linux-gnu/libgmp.so /usr/lib/x86_64-linux-gnu/libgmpxx.so
-- Found CGAL
-- Found GL2PS
Yade will be installed to /usr
-- Suffix is set to 
-- LIBRARY_OUTPUT_PATH is set to lib/x86_64-linux-gnu
-- runtimePREFIX is set to /usr
-- Found gts: /usr/lib/python2.7/dist-packages/gts  
-- Use system gts version
-- Found minieigen: /usr/lib/python2.7/dist-packages/minieigen.so  
-- Use system minieigen version
-- Found Tkinter: /usr/lib/python2.7/lib-tk/Tkinter.pyc  
-- ===========================================================
-- Yade configured with following features: Eigen3 VTK GTS GUI CGAL GL2PS
-- Disabled features: OPENMP
-- Optimized build
-- ===========================================================
-- Configuring done
-- Generating done
-- Build files have been written to: /«PKGBUILDDIR»/debian/build
mkdir -p /«PKGBUILDDIR»/debian/matplotlib
mkdir -p /«PKGBUILDDIR»/debian/tmp
#Output an information about available memory and CPU
cat /proc/meminfo
MemTotal:        3928924 kB
MemFree:          306704 kB
Buffers:           78356 kB
Cached:          3016680 kB
SwapCached:        41492 kB
Active:          1229560 kB
Inactive:        1954096 kB
Active(anon):     981224 kB
Inactive(anon):  1832140 kB
Active(file):     248336 kB
Inactive(file):   121956 kB
Unevictable:           0 kB
Mlocked:               0 kB
SwapTotal:      419395576 kB
SwapFree:       417622376 kB
Dirty:               416 kB
Writeback:             0 kB
AnonPages:         48704 kB
Mapped:            11908 kB
Shmem:           2724744 kB
Slab:              91868 kB
SReclaimable:      37492 kB
SUnreclaim:        54376 kB
KernelStack:         704 kB
PageTables:         5388 kB
NFS_Unstable:          0 kB
Bounce:                0 kB
WritebackTmp:          0 kB
CommitLimit:    421360036 kB
Committed_AS:    4722748 kB
VmallocTotal:   34359738367 kB
VmallocUsed:      221952 kB
VmallocChunk:   34359515764 kB
HardwareCorrupted:     0 kB
HugePages_Total:       0
HugePages_Free:        0
HugePages_Rsvd:        0
HugePages_Surp:        0
Hugepagesize:       2048 kB
DirectMap4k:     3932160 kB
DirectMap2M:           0 kB
cat /proc/cpuinfo
processor	: 0
vendor_id	: GenuineIntel
cpu family	: 6
model		: 45
model name	: Intel(R) Xeon(R) CPU E5-2650 0 @ 2.00GHz
stepping	: 7
cpu MHz		: 1799.999
cache size	: 20480 KB
fpu		: yes
fpu_exception	: yes
cpuid level	: 13
wp		: yes
flags		: fpu de tsc msr pae cx8 sep cmov pat clflush mmx fxsr sse sse2 ss ht syscall nx lm constant_tsc up rep_good nonstop_tsc aperfmperf pni pclmulqdq ssse3 cx16 sse4_1 sse4_2 x2apic popcnt aes hypervisor lahf_lm arat
bogomips	: 3599.99
clflush size	: 64
cache_alignment	: 64
address sizes	: 46 bits physical, 48 bits virtual
power management:

make[1]: Leaving directory `/«PKGBUILDDIR»'
   dh_auto_build -a -O--buildsystem=cmake -O--builddirectory=/«PKGBUILDDIR»/debian/build -O--parallel
make[1]: Entering directory `/«PKGBUILDDIR»/debian/build'
/usr/bin/cmake -H/«PKGBUILDDIR» -B/«PKGBUILDDIR»/debian/build --check-build-system CMakeFiles/Makefile.cmake 0
/usr/bin/cmake -E cmake_progress_start /«PKGBUILDDIR»/debian/build/CMakeFiles /«PKGBUILDDIR»/debian/build/CMakeFiles/progress.marks
make -f CMakeFiles/Makefile2 all
make[2]: Entering directory `/«PKGBUILDDIR»/debian/build'
make -f CMakeFiles/support.dir/build.make CMakeFiles/support.dir/depend
make[3]: Entering directory `/«PKGBUILDDIR»/debian/build'
cd /«PKGBUILDDIR»/debian/build && /usr/bin/cmake -E cmake_depends "Unix Makefiles" /«PKGBUILDDIR» /«PKGBUILDDIR» /«PKGBUILDDIR»/debian/build /«PKGBUILDDIR»/debian/build /«PKGBUILDDIR»/debian/build/CMakeFiles/support.dir/DependInfo.cmake --color=
Scanning dependencies of target support
make[3]: Leaving directory `/«PKGBUILDDIR»/debian/build'
make -f CMakeFiles/support.dir/build.make CMakeFiles/support.dir/build
make[3]: Entering directory `/«PKGBUILDDIR»/debian/build'
/usr/bin/cmake -E cmake_progress_report /«PKGBUILDDIR»/debian/build/CMakeFiles 91
[  1%] Building CXX object CMakeFiles/support.dir/lib/base/Math.cpp.o
/usr/bin/c++   -Dsupport_EXPORTS -g -O2 -fstack-protector --param=ssp-buffer-size=4 -Wformat -Werror=format-security -D_FORTIFY_SOURCE=2  -DYADE_PTR_CAST=static_pointer_cast -DYADE_CAST=static_cast -fPIC -DYADE_VTK -DYADE_GTS  -DQGLVIEWER_FOUND -DYADE_OPENGL -frounding-math -DYADE_CGAL -DYADE_GL2PS -O3 -DNDEBUG -fPIC -I/usr/lib/pymodules/python2.7/numpy/core/include -I/usr/include/eigen3 -I/usr/include/vtk-5.8 -I/usr/include/glib-2.0 -I/usr/lib/x86_64-linux-gnu/glib-2.0/include -I/usr/include/qt4/QtDesigner -I/usr/include/qt4/QtDeclarative -I/usr/include/qt4/QtScriptTools -I/usr/include/qt4/QtDBus -I/usr/include/qt4/QtXml -I/usr/include/qt4/QtSql -I/usr/include/qt4/QtOpenGL -I/usr/include/qt4/QtNetwork -I/usr/include/qt4/QtXmlPatterns -I/usr/include/qt4/QtHelp -I/usr/include/qt4/QtUiTools -I/usr/include/qt4/QtTest -I/usr/include/qt4/QtScript -I/usr/include/qt4/QtSvg -I/usr/include/qt4/Qt3Support -I/usr/include/qt4/QtGui -I/usr/include/qt4/QtCore -I/usr/share/qt4/mkspecs/default -I/usr/include/qt4 -I/usr/include/python2.7 -I/usr/include/x86_64-linux-gnu/python2.7 -I/«PKGBUILDDIR»/extra/floating_point_utilities_v3 -I/«PKGBUILDDIR»/debian/build    -o CMakeFiles/support.dir/lib/base/Math.cpp.o -c /«PKGBUILDDIR»/lib/base/Math.cpp
clang: warning: argument unused during compilation: '-frounding-math'
/usr/bin/cmake -E cmake_progress_report /«PKGBUILDDIR»/debian/build/CMakeFiles 
[  1%] Building CXX object CMakeFiles/support.dir/lib/factory/ClassFactory.cpp.o
/usr/bin/c++   -Dsupport_EXPORTS -g -O2 -fstack-protector --param=ssp-buffer-size=4 -Wformat -Werror=format-security -D_FORTIFY_SOURCE=2  -DYADE_PTR_CAST=static_pointer_cast -DYADE_CAST=static_cast -fPIC -DYADE_VTK -DYADE_GTS  -DQGLVIEWER_FOUND -DYADE_OPENGL -frounding-math -DYADE_CGAL -DYADE_GL2PS -O3 -DNDEBUG -fPIC -I/usr/lib/pymodules/python2.7/numpy/core/include -I/usr/include/eigen3 -I/usr/include/vtk-5.8 -I/usr/include/glib-2.0 -I/usr/lib/x86_64-linux-gnu/glib-2.0/include -I/usr/include/qt4/QtDesigner -I/usr/include/qt4/QtDeclarative -I/usr/include/qt4/QtScriptTools -I/usr/include/qt4/QtDBus -I/usr/include/qt4/QtXml -I/usr/include/qt4/QtSql -I/usr/include/qt4/QtOpenGL -I/usr/include/qt4/QtNetwork -I/usr/include/qt4/QtXmlPatterns -I/usr/include/qt4/QtHelp -I/usr/include/qt4/QtUiTools -I/usr/include/qt4/QtTest -I/usr/include/qt4/QtScript -I/usr/include/qt4/QtSvg -I/usr/include/qt4/Qt3Support -I/usr/include/qt4/QtGui -I/usr/include/qt4/QtCore -I/usr/share/qt4/mkspecs/default -I/usr/include/qt4 -I/usr/include/python2.7 -I/usr/include/x86_64-linux-gnu/python2.7 -I/«PKGBUILDDIR»/extra/floating_point_utilities_v3 -I/«PKGBUILDDIR»/debian/build    -o CMakeFiles/support.dir/lib/factory/ClassFactory.cpp.o -c /«PKGBUILDDIR»/lib/factory/ClassFactory.cpp
clang: warning: argument unused during compilation: '-frounding-math'
/usr/bin/cmake -E cmake_progress_report /«PKGBUILDDIR»/debian/build/CMakeFiles 92
[  2%] Building CXX object CMakeFiles/support.dir/lib/factory/DynLibManager.cpp.o
/usr/bin/c++   -Dsupport_EXPORTS -g -O2 -fstack-protector --param=ssp-buffer-size=4 -Wformat -Werror=format-security -D_FORTIFY_SOURCE=2  -DYADE_PTR_CAST=static_pointer_cast -DYADE_CAST=static_cast -fPIC -DYADE_VTK -DYADE_GTS  -DQGLVIEWER_FOUND -DYADE_OPENGL -frounding-math -DYADE_CGAL -DYADE_GL2PS -O3 -DNDEBUG -fPIC -I/usr/lib/pymodules/python2.7/numpy/core/include -I/usr/include/eigen3 -I/usr/include/vtk-5.8 -I/usr/include/glib-2.0 -I/usr/lib/x86_64-linux-gnu/glib-2.0/include -I/usr/include/qt4/QtDesigner -I/usr/include/qt4/QtDeclarative -I/usr/include/qt4/QtScriptTools -I/usr/include/qt4/QtDBus -I/usr/include/qt4/QtXml -I/usr/include/qt4/QtSql -I/usr/include/qt4/QtOpenGL -I/usr/include/qt4/QtNetwork -I/usr/include/qt4/QtXmlPatterns -I/usr/include/qt4/QtHelp -I/usr/include/qt4/QtUiTools -I/usr/include/qt4/QtTest -I/usr/include/qt4/QtScript -I/usr/include/qt4/QtSvg -I/usr/include/qt4/Qt3Support -I/usr/include/qt4/QtGui -I/usr/include/qt4/QtCore -I/usr/share/qt4/mkspecs/default -I/usr/include/qt4 -I/usr/include/python2.7 -I/usr/include/x86_64-linux-gnu/python2.7 -I/«PKGBUILDDIR»/extra/floating_point_utilities_v3 -I/«PKGBUILDDIR»/debian/build    -o CMakeFiles/support.dir/lib/factory/DynLibManager.cpp.o -c /«PKGBUILDDIR»/lib/factory/DynLibManager.cpp
clang: warning: argument unused during compilation: '-frounding-math'
/usr/bin/cmake -E cmake_progress_report /«PKGBUILDDIR»/debian/build/CMakeFiles 
[  2%] Building CXX object CMakeFiles/support.dir/lib/multimethods/Indexable.cpp.o
/usr/bin/c++   -Dsupport_EXPORTS -g -O2 -fstack-protector --param=ssp-buffer-size=4 -Wformat -Werror=format-security -D_FORTIFY_SOURCE=2  -DYADE_PTR_CAST=static_pointer_cast -DYADE_CAST=static_cast -fPIC -DYADE_VTK -DYADE_GTS  -DQGLVIEWER_FOUND -DYADE_OPENGL -frounding-math -DYADE_CGAL -DYADE_GL2PS -O3 -DNDEBUG -fPIC -I/usr/lib/pymodules/python2.7/numpy/core/include -I/usr/include/eigen3 -I/usr/include/vtk-5.8 -I/usr/include/glib-2.0 -I/usr/lib/x86_64-linux-gnu/glib-2.0/include -I/usr/include/qt4/QtDesigner -I/usr/include/qt4/QtDeclarative -I/usr/include/qt4/QtScriptTools -I/usr/include/qt4/QtDBus -I/usr/include/qt4/QtXml -I/usr/include/qt4/QtSql -I/usr/include/qt4/QtOpenGL -I/usr/include/qt4/QtNetwork -I/usr/include/qt4/QtXmlPatterns -I/usr/include/qt4/QtHelp -I/usr/include/qt4/QtUiTools -I/usr/include/qt4/QtTest -I/usr/include/qt4/QtScript -I/usr/include/qt4/QtSvg -I/usr/include/qt4/Qt3Support -I/usr/include/qt4/QtGui -I/usr/include/qt4/QtCore -I/usr/share/qt4/mkspecs/default -I/usr/include/qt4 -I/usr/include/python2.7 -I/usr/include/x86_64-linux-gnu/python2.7 -I/«PKGBUILDDIR»/extra/floating_point_utilities_v3 -I/«PKGBUILDDIR»/debian/build    -o CMakeFiles/support.dir/lib/multimethods/Indexable.cpp.o -c /«PKGBUILDDIR»/lib/multimethods/Indexable.cpp
clang: warning: argument unused during compilation: '-frounding-math'
/usr/bin/cmake -E cmake_progress_report /«PKGBUILDDIR»/debian/build/CMakeFiles 93
[  3%] Building CXX object CMakeFiles/support.dir/lib/serialization/Serializable.cpp.o
/usr/bin/c++   -Dsupport_EXPORTS -g -O2 -fstack-protector --param=ssp-buffer-size=4 -Wformat -Werror=format-security -D_FORTIFY_SOURCE=2  -DYADE_PTR_CAST=static_pointer_cast -DYADE_CAST=static_cast -fPIC -DYADE_VTK -DYADE_GTS  -DQGLVIEWER_FOUND -DYADE_OPENGL -frounding-math -DYADE_CGAL -DYADE_GL2PS -O3 -DNDEBUG -fPIC -I/usr/lib/pymodules/python2.7/numpy/core/include -I/usr/include/eigen3 -I/usr/include/vtk-5.8 -I/usr/include/glib-2.0 -I/usr/lib/x86_64-linux-gnu/glib-2.0/include -I/usr/include/qt4/QtDesigner -I/usr/include/qt4/QtDeclarative -I/usr/include/qt4/QtScriptTools -I/usr/include/qt4/QtDBus -I/usr/include/qt4/QtXml -I/usr/include/qt4/QtSql -I/usr/include/qt4/QtOpenGL -I/usr/include/qt4/QtNetwork -I/usr/include/qt4/QtXmlPatterns -I/usr/include/qt4/QtHelp -I/usr/include/qt4/QtUiTools -I/usr/include/qt4/QtTest -I/usr/include/qt4/QtScript -I/usr/include/qt4/QtSvg -I/usr/include/qt4/Qt3Support -I/usr/include/qt4/QtGui -I/usr/include/qt4/QtCore -I/usr/share/qt4/mkspecs/default -I/usr/include/qt4 -I/usr/include/python2.7 -I/usr/include/x86_64-linux-gnu/python2.7 -I/«PKGBUILDDIR»/extra/floating_point_utilities_v3 -I/«PKGBUILDDIR»/debian/build    -o CMakeFiles/support.dir/lib/serialization/Serializable.cpp.o -c /«PKGBUILDDIR»/lib/serialization/Serializable.cpp
clang: warning: argument unused during compilation: '-frounding-math'
/usr/bin/cmake -E cmake_progress_report /«PKGBUILDDIR»/debian/build/CMakeFiles 94
[  4%] Building CXX object CMakeFiles/support.dir/lib/pyutil/gil.cpp.o
/usr/bin/c++   -Dsupport_EXPORTS -g -O2 -fstack-protector --param=ssp-buffer-size=4 -Wformat -Werror=format-security -D_FORTIFY_SOURCE=2  -DYADE_PTR_CAST=static_pointer_cast -DYADE_CAST=static_cast -fPIC -DYADE_VTK -DYADE_GTS  -DQGLVIEWER_FOUND -DYADE_OPENGL -frounding-math -DYADE_CGAL -DYADE_GL2PS -O3 -DNDEBUG -fPIC -I/usr/lib/pymodules/python2.7/numpy/core/include -I/usr/include/eigen3 -I/usr/include/vtk-5.8 -I/usr/include/glib-2.0 -I/usr/lib/x86_64-linux-gnu/glib-2.0/include -I/usr/include/qt4/QtDesigner -I/usr/include/qt4/QtDeclarative -I/usr/include/qt4/QtScriptTools -I/usr/include/qt4/QtDBus -I/usr/include/qt4/QtXml -I/usr/include/qt4/QtSql -I/usr/include/qt4/QtOpenGL -I/usr/include/qt4/QtNetwork -I/usr/include/qt4/QtXmlPatterns -I/usr/include/qt4/QtHelp -I/usr/include/qt4/QtUiTools -I/usr/include/qt4/QtTest -I/usr/include/qt4/QtScript -I/usr/include/qt4/QtSvg -I/usr/include/qt4/Qt3Support -I/usr/include/qt4/QtGui -I/usr/include/qt4/QtCore -I/usr/share/qt4/mkspecs/default -I/usr/include/qt4 -I/usr/include/python2.7 -I/usr/include/x86_64-linux-gnu/python2.7 -I/«PKGBUILDDIR»/extra/floating_point_utilities_v3 -I/«PKGBUILDDIR»/debian/build    -o CMakeFiles/support.dir/lib/pyutil/gil.cpp.o -c /«PKGBUILDDIR»/lib/pyutil/gil.cpp
clang: warning: argument unused during compilation: '-frounding-math'
/usr/bin/cmake -E cmake_progress_report /«PKGBUILDDIR»/debian/build/CMakeFiles 
[  4%] Building CXX object CMakeFiles/support.dir/core/main/pyboot.cpp.o
/usr/bin/c++   -Dsupport_EXPORTS -g -O2 -fstack-protector --param=ssp-buffer-size=4 -Wformat -Werror=format-security -D_FORTIFY_SOURCE=2  -DYADE_PTR_CAST=static_pointer_cast -DYADE_CAST=static_cast -fPIC -DYADE_VTK -DYADE_GTS  -DQGLVIEWER_FOUND -DYADE_OPENGL -frounding-math -DYADE_CGAL -DYADE_GL2PS -O3 -DNDEBUG -fPIC -I/usr/lib/pymodules/python2.7/numpy/core/include -I/usr/include/eigen3 -I/usr/include/vtk-5.8 -I/usr/include/glib-2.0 -I/usr/lib/x86_64-linux-gnu/glib-2.0/include -I/usr/include/qt4/QtDesigner -I/usr/include/qt4/QtDeclarative -I/usr/include/qt4/QtScriptTools -I/usr/include/qt4/QtDBus -I/usr/include/qt4/QtXml -I/usr/include/qt4/QtSql -I/usr/include/qt4/QtOpenGL -I/usr/include/qt4/QtNetwork -I/usr/include/qt4/QtXmlPatterns -I/usr/include/qt4/QtHelp -I/usr/include/qt4/QtUiTools -I/usr/include/qt4/QtTest -I/usr/include/qt4/QtScript -I/usr/include/qt4/QtSvg -I/usr/include/qt4/Qt3Support -I/usr/include/qt4/QtGui -I/usr/include/qt4/QtCore -I/usr/share/qt4/mkspecs/default -I/usr/include/qt4 -I/usr/include/python2.7 -I/usr/include/x86_64-linux-gnu/python2.7 -I/«PKGBUILDDIR»/extra/floating_point_utilities_v3 -I/«PKGBUILDDIR»/debian/build    -o CMakeFiles/support.dir/core/main/pyboot.cpp.o -c /«PKGBUILDDIR»/core/main/pyboot.cpp
clang: warning: argument unused during compilation: '-frounding-math'
/usr/bin/cmake -E cmake_progress_report /«PKGBUILDDIR»/debian/build/CMakeFiles 95
[  5%] Building CXX object CMakeFiles/support.dir/lib/opengl/GLUtils.cpp.o
/usr/bin/c++   -Dsupport_EXPORTS -g -O2 -fstack-protector --param=ssp-buffer-size=4 -Wformat -Werror=format-security -D_FORTIFY_SOURCE=2  -DYADE_PTR_CAST=static_pointer_cast -DYADE_CAST=static_cast -fPIC -DYADE_VTK -DYADE_GTS  -DQGLVIEWER_FOUND -DYADE_OPENGL -frounding-math -DYADE_CGAL -DYADE_GL2PS -O3 -DNDEBUG -fPIC -I/usr/lib/pymodules/python2.7/numpy/core/include -I/usr/include/eigen3 -I/usr/include/vtk-5.8 -I/usr/include/glib-2.0 -I/usr/lib/x86_64-linux-gnu/glib-2.0/include -I/usr/include/qt4/QtDesigner -I/usr/include/qt4/QtDeclarative -I/usr/include/qt4/QtScriptTools -I/usr/include/qt4/QtDBus -I/usr/include/qt4/QtXml -I/usr/include/qt4/QtSql -I/usr/include/qt4/QtOpenGL -I/usr/include/qt4/QtNetwork -I/usr/include/qt4/QtXmlPatterns -I/usr/include/qt4/QtHelp -I/usr/include/qt4/QtUiTools -I/usr/include/qt4/QtTest -I/usr/include/qt4/QtScript -I/usr/include/qt4/QtSvg -I/usr/include/qt4/Qt3Support -I/usr/include/qt4/QtGui -I/usr/include/qt4/QtCore -I/usr/share/qt4/mkspecs/default -I/usr/include/qt4 -I/usr/include/python2.7 -I/usr/include/x86_64-linux-gnu/python2.7 -I/«PKGBUILDDIR»/extra/floating_point_utilities_v3 -I/«PKGBUILDDIR»/debian/build    -o CMakeFiles/support.dir/lib/opengl/GLUtils.cpp.o -c /«PKGBUILDDIR»/lib/opengl/GLUtils.cpp
clang: warning: argument unused during compilation: '-frounding-math'
/usr/bin/cmake -E cmake_progress_report /«PKGBUILDDIR»/debian/build/CMakeFiles 
[  5%] Building CXX object CMakeFiles/support.dir/lib/triangulation/basicVTKwritter.cpp.o
/usr/bin/c++   -Dsupport_EXPORTS -g -O2 -fstack-protector --param=ssp-buffer-size=4 -Wformat -Werror=format-security -D_FORTIFY_SOURCE=2  -DYADE_PTR_CAST=static_pointer_cast -DYADE_CAST=static_cast -fPIC -DYADE_VTK -DYADE_GTS  -DQGLVIEWER_FOUND -DYADE_OPENGL -frounding-math -DYADE_CGAL -DYADE_GL2PS -O3 -DNDEBUG -fPIC -I/usr/lib/pymodules/python2.7/numpy/core/include -I/usr/include/eigen3 -I/usr/include/vtk-5.8 -I/usr/include/glib-2.0 -I/usr/lib/x86_64-linux-gnu/glib-2.0/include -I/usr/include/qt4/QtDesigner -I/usr/include/qt4/QtDeclarative -I/usr/include/qt4/QtScriptTools -I/usr/include/qt4/QtDBus -I/usr/include/qt4/QtXml -I/usr/include/qt4/QtSql -I/usr/include/qt4/QtOpenGL -I/usr/include/qt4/QtNetwork -I/usr/include/qt4/QtXmlPatterns -I/usr/include/qt4/QtHelp -I/usr/include/qt4/QtUiTools -I/usr/include/qt4/QtTest -I/usr/include/qt4/QtScript -I/usr/include/qt4/QtSvg -I/usr/include/qt4/Qt3Support -I/usr/include/qt4/QtGui -I/usr/include/qt4/QtCore -I/usr/share/qt4/mkspecs/default -I/usr/include/qt4 -I/usr/include/python2.7 -I/usr/include/x86_64-linux-gnu/python2.7 -I/«PKGBUILDDIR»/extra/floating_point_utilities_v3 -I/«PKGBUILDDIR»/debian/build    -o CMakeFiles/support.dir/lib/triangulation/basicVTKwritter.cpp.o -c /«PKGBUILDDIR»/lib/triangulation/basicVTKwritter.cpp
clang: warning: argument unused during compilation: '-frounding-math'
/usr/bin/cmake -E cmake_progress_report /«PKGBUILDDIR»/debian/build/CMakeFiles 96
[  6%] Building CXX object CMakeFiles/support.dir/lib/triangulation/TriaxialState.cpp.o
/usr/bin/c++   -Dsupport_EXPORTS -g -O2 -fstack-protector --param=ssp-buffer-size=4 -Wformat -Werror=format-security -D_FORTIFY_SOURCE=2  -DYADE_PTR_CAST=static_pointer_cast -DYADE_CAST=static_cast -fPIC -DYADE_VTK -DYADE_GTS  -DQGLVIEWER_FOUND -DYADE_OPENGL -frounding-math -DYADE_CGAL -DYADE_GL2PS -O3 -DNDEBUG -fPIC -I/usr/lib/pymodules/python2.7/numpy/core/include -I/usr/include/eigen3 -I/usr/include/vtk-5.8 -I/usr/include/glib-2.0 -I/usr/lib/x86_64-linux-gnu/glib-2.0/include -I/usr/include/qt4/QtDesigner -I/usr/include/qt4/QtDeclarative -I/usr/include/qt4/QtScriptTools -I/usr/include/qt4/QtDBus -I/usr/include/qt4/QtXml -I/usr/include/qt4/QtSql -I/usr/include/qt4/QtOpenGL -I/usr/include/qt4/QtNetwork -I/usr/include/qt4/QtXmlPatterns -I/usr/include/qt4/QtHelp -I/usr/include/qt4/QtUiTools -I/usr/include/qt4/QtTest -I/usr/include/qt4/QtScript -I/usr/include/qt4/QtSvg -I/usr/include/qt4/Qt3Support -I/usr/include/qt4/QtGui -I/usr/include/qt4/QtCore -I/usr/share/qt4/mkspecs/default -I/usr/include/qt4 -I/usr/include/python2.7 -I/usr/include/x86_64-linux-gnu/python2.7 -I/«PKGBUILDDIR»/extra/floating_point_utilities_v3 -I/«PKGBUILDDIR»/debian/build    -o CMakeFiles/support.dir/lib/triangulation/TriaxialState.cpp.o -c /«PKGBUILDDIR»/lib/triangulation/TriaxialState.cpp
clang: warning: argument unused during compilation: '-frounding-math'
/«PKGBUILDDIR»/lib/triangulation/TriaxialState.cpp:119:54: warning: operator '?:' has lower precedence than '+'; '+' will be evaluated first [-Wparentheses]
                Tes.vertexHandles.resize(grains.size()+ NO_ZERO_ID ? 1 : 0);
                                         ~~~~~~~~~~~~~~~~~~~~~~~~~ ^
/«PKGBUILDDIR»/lib/triangulation/TriaxialState.cpp:119:54: note: place parentheses around the '+' expression to silence this warning
                Tes.vertexHandles.resize(grains.size()+ NO_ZERO_ID ? 1 : 0);
                                                                   ^
                                         (                        )
/«PKGBUILDDIR»/lib/triangulation/TriaxialState.cpp:119:54: note: place parentheses around the '?:' expression to evaluate it first
                Tes.vertexHandles.resize(grains.size()+ NO_ZERO_ID ? 1 : 0);
                                                                   ^
                                                        (                 )
1 warning generated.
/usr/bin/cmake -E cmake_progress_report /«PKGBUILDDIR»/debian/build/CMakeFiles 97
[  7%] Building CXX object CMakeFiles/support.dir/lib/triangulation/Timer.cpp.o
/usr/bin/c++   -Dsupport_EXPORTS -g -O2 -fstack-protector --param=ssp-buffer-size=4 -Wformat -Werror=format-security -D_FORTIFY_SOURCE=2  -DYADE_PTR_CAST=static_pointer_cast -DYADE_CAST=static_cast -fPIC -DYADE_VTK -DYADE_GTS  -DQGLVIEWER_FOUND -DYADE_OPENGL -frounding-math -DYADE_CGAL -DYADE_GL2PS -O3 -DNDEBUG -fPIC -I/usr/lib/pymodules/python2.7/numpy/core/include -I/usr/include/eigen3 -I/usr/include/vtk-5.8 -I/usr/include/glib-2.0 -I/usr/lib/x86_64-linux-gnu/glib-2.0/include -I/usr/include/qt4/QtDesigner -I/usr/include/qt4/QtDeclarative -I/usr/include/qt4/QtScriptTools -I/usr/include/qt4/QtDBus -I/usr/include/qt4/QtXml -I/usr/include/qt4/QtSql -I/usr/include/qt4/QtOpenGL -I/usr/include/qt4/QtNetwork -I/usr/include/qt4/QtXmlPatterns -I/usr/include/qt4/QtHelp -I/usr/include/qt4/QtUiTools -I/usr/include/qt4/QtTest -I/usr/include/qt4/QtScript -I/usr/include/qt4/QtSvg -I/usr/include/qt4/Qt3Support -I/usr/include/qt4/QtGui -I/usr/include/qt4/QtCore -I/usr/share/qt4/mkspecs/default -I/usr/include/qt4 -I/usr/include/python2.7 -I/usr/include/x86_64-linux-gnu/python2.7 -I/«PKGBUILDDIR»/extra/floating_point_utilities_v3 -I/«PKGBUILDDIR»/debian/build    -o CMakeFiles/support.dir/lib/triangulation/Timer.cpp.o -c /«PKGBUILDDIR»/lib/triangulation/Timer.cpp
clang: warning: argument unused during compilation: '-frounding-math'
/usr/bin/cmake -E cmake_progress_report /«PKGBUILDDIR»/debian/build/CMakeFiles 
[  7%] Building CXX object CMakeFiles/support.dir/lib/triangulation/Tenseur3.cpp.o
/usr/bin/c++   -Dsupport_EXPORTS -g -O2 -fstack-protector --param=ssp-buffer-size=4 -Wformat -Werror=format-security -D_FORTIFY_SOURCE=2  -DYADE_PTR_CAST=static_pointer_cast -DYADE_CAST=static_cast -fPIC -DYADE_VTK -DYADE_GTS  -DQGLVIEWER_FOUND -DYADE_OPENGL -frounding-math -DYADE_CGAL -DYADE_GL2PS -O3 -DNDEBUG -fPIC -I/usr/lib/pymodules/python2.7/numpy/core/include -I/usr/include/eigen3 -I/usr/include/vtk-5.8 -I/usr/include/glib-2.0 -I/usr/lib/x86_64-linux-gnu/glib-2.0/include -I/usr/include/qt4/QtDesigner -I/usr/include/qt4/QtDeclarative -I/usr/include/qt4/QtScriptTools -I/usr/include/qt4/QtDBus -I/usr/include/qt4/QtXml -I/usr/include/qt4/QtSql -I/usr/include/qt4/QtOpenGL -I/usr/include/qt4/QtNetwork -I/usr/include/qt4/QtXmlPatterns -I/usr/include/qt4/QtHelp -I/usr/include/qt4/QtUiTools -I/usr/include/qt4/QtTest -I/usr/include/qt4/QtScript -I/usr/include/qt4/QtSvg -I/usr/include/qt4/Qt3Support -I/usr/include/qt4/QtGui -I/usr/include/qt4/QtCore -I/usr/share/qt4/mkspecs/default -I/usr/include/qt4 -I/usr/include/python2.7 -I/usr/include/x86_64-linux-gnu/python2.7 -I/«PKGBUILDDIR»/extra/floating_point_utilities_v3 -I/«PKGBUILDDIR»/debian/build    -o CMakeFiles/support.dir/lib/triangulation/Tenseur3.cpp.o -c /«PKGBUILDDIR»/lib/triangulation/Tenseur3.cpp
clang: warning: argument unused during compilation: '-frounding-math'
/usr/bin/cmake -E cmake_progress_report /«PKGBUILDDIR»/debian/build/CMakeFiles 98
[  8%] Building CXX object CMakeFiles/support.dir/lib/triangulation/PeriodicFlow.cpp.o
/usr/bin/c++   -Dsupport_EXPORTS -g -O2 -fstack-protector --param=ssp-buffer-size=4 -Wformat -Werror=format-security -D_FORTIFY_SOURCE=2  -DYADE_PTR_CAST=static_pointer_cast -DYADE_CAST=static_cast -fPIC -DYADE_VTK -DYADE_GTS  -DQGLVIEWER_FOUND -DYADE_OPENGL -frounding-math -DYADE_CGAL -DYADE_GL2PS -O3 -DNDEBUG -fPIC -I/usr/lib/pymodules/python2.7/numpy/core/include -I/usr/include/eigen3 -I/usr/include/vtk-5.8 -I/usr/include/glib-2.0 -I/usr/lib/x86_64-linux-gnu/glib-2.0/include -I/usr/include/qt4/QtDesigner -I/usr/include/qt4/QtDeclarative -I/usr/include/qt4/QtScriptTools -I/usr/include/qt4/QtDBus -I/usr/include/qt4/QtXml -I/usr/include/qt4/QtSql -I/usr/include/qt4/QtOpenGL -I/usr/include/qt4/QtNetwork -I/usr/include/qt4/QtXmlPatterns -I/usr/include/qt4/QtHelp -I/usr/include/qt4/QtUiTools -I/usr/include/qt4/QtTest -I/usr/include/qt4/QtScript -I/usr/include/qt4/QtSvg -I/usr/include/qt4/Qt3Support -I/usr/include/qt4/QtGui -I/usr/include/qt4/QtCore -I/usr/share/qt4/mkspecs/default -I/usr/include/qt4 -I/usr/include/python2.7 -I/usr/include/x86_64-linux-gnu/python2.7 -I/«PKGBUILDDIR»/extra/floating_point_utilities_v3 -I/«PKGBUILDDIR»/debian/build    -o CMakeFiles/support.dir/lib/triangulation/PeriodicFlow.cpp.o -c /«PKGBUILDDIR»/lib/triangulation/PeriodicFlow.cpp
clang: warning: argument unused during compilation: '-frounding-math'
/usr/bin/cmake -E cmake_progress_report /«PKGBUILDDIR»/debian/build/CMakeFiles 
[  8%] Building CXX object CMakeFiles/support.dir/lib/triangulation/KinematicLocalisationAnalyser.cpp.o
/usr/bin/c++   -Dsupport_EXPORTS -g -O2 -fstack-protector --param=ssp-buffer-size=4 -Wformat -Werror=format-security -D_FORTIFY_SOURCE=2  -DYADE_PTR_CAST=static_pointer_cast -DYADE_CAST=static_cast -fPIC -DYADE_VTK -DYADE_GTS  -DQGLVIEWER_FOUND -DYADE_OPENGL -frounding-math -DYADE_CGAL -DYADE_GL2PS -O3 -DNDEBUG -fPIC -I/usr/lib/pymodules/python2.7/numpy/core/include -I/usr/include/eigen3 -I/usr/include/vtk-5.8 -I/usr/include/glib-2.0 -I/usr/lib/x86_64-linux-gnu/glib-2.0/include -I/usr/include/qt4/QtDesigner -I/usr/include/qt4/QtDeclarative -I/usr/include/qt4/QtScriptTools -I/usr/include/qt4/QtDBus -I/usr/include/qt4/QtXml -I/usr/include/qt4/QtSql -I/usr/include/qt4/QtOpenGL -I/usr/include/qt4/QtNetwork -I/usr/include/qt4/QtXmlPatterns -I/usr/include/qt4/QtHelp -I/usr/include/qt4/QtUiTools -I/usr/include/qt4/QtTest -I/usr/include/qt4/QtScript -I/usr/include/qt4/QtSvg -I/usr/include/qt4/Qt3Support -I/usr/include/qt4/QtGui -I/usr/include/qt4/QtCore -I/usr/share/qt4/mkspecs/default -I/usr/include/qt4 -I/usr/include/python2.7 -I/usr/include/x86_64-linux-gnu/python2.7 -I/«PKGBUILDDIR»/extra/floating_point_utilities_v3 -I/«PKGBUILDDIR»/debian/build    -o CMakeFiles/support.dir/lib/triangulation/KinematicLocalisationAnalyser.cpp.o -c /«PKGBUILDDIR»/lib/triangulation/KinematicLocalisationAnalyser.cpp
clang: warning: argument unused during compilation: '-frounding-math'
/usr/bin/cmake -E cmake_progress_report /«PKGBUILDDIR»/debian/build/CMakeFiles 99
[  9%] Building CXX object CMakeFiles/support.dir/lib/triangulation/FlowBoundingSphere.cpp.o
/usr/bin/c++   -Dsupport_EXPORTS -g -O2 -fstack-protector --param=ssp-buffer-size=4 -Wformat -Werror=format-security -D_FORTIFY_SOURCE=2  -DYADE_PTR_CAST=static_pointer_cast -DYADE_CAST=static_cast -fPIC -DYADE_VTK -DYADE_GTS  -DQGLVIEWER_FOUND -DYADE_OPENGL -frounding-math -DYADE_CGAL -DYADE_GL2PS -O3 -DNDEBUG -fPIC -I/usr/lib/pymodules/python2.7/numpy/core/include -I/usr/include/eigen3 -I/usr/include/vtk-5.8 -I/usr/include/glib-2.0 -I/usr/lib/x86_64-linux-gnu/glib-2.0/include -I/usr/include/qt4/QtDesigner -I/usr/include/qt4/QtDeclarative -I/usr/include/qt4/QtScriptTools -I/usr/include/qt4/QtDBus -I/usr/include/qt4/QtXml -I/usr/include/qt4/QtSql -I/usr/include/qt4/QtOpenGL -I/usr/include/qt4/QtNetwork -I/usr/include/qt4/QtXmlPatterns -I/usr/include/qt4/QtHelp -I/usr/include/qt4/QtUiTools -I/usr/include/qt4/QtTest -I/usr/include/qt4/QtScript -I/usr/include/qt4/QtSvg -I/usr/include/qt4/Qt3Support -I/usr/include/qt4/QtGui -I/usr/include/qt4/QtCore -I/usr/share/qt4/mkspecs/default -I/usr/include/qt4 -I/usr/include/python2.7 -I/usr/include/x86_64-linux-gnu/python2.7 -I/«PKGBUILDDIR»/extra/floating_point_utilities_v3 -I/«PKGBUILDDIR»/debian/build    -o CMakeFiles/support.dir/lib/triangulation/FlowBoundingSphere.cpp.o -c /«PKGBUILDDIR»/lib/triangulation/FlowBoundingSphere.cpp
clang: warning: argument unused during compilation: '-frounding-math'
Linking CXX shared library lib/x86_64-linux-gnu/libsupport.so
/usr/bin/cmake -E cmake_link_script CMakeFiles/support.dir/link.txt --verbose=1
/usr/bin/c++  -fPIC -g -O2 -fstack-protector --param=ssp-buffer-size=4 -Wformat -Werror=format-security -D_FORTIFY_SOURCE=2  -DYADE_PTR_CAST=static_pointer_cast -DYADE_CAST=static_cast -fPIC -DYADE_VTK -DYADE_GTS  -DQGLVIEWER_FOUND -DYADE_OPENGL -frounding-math -DYADE_CGAL -DYADE_GL2PS -O3 -DNDEBUG  -Wl,-z,relro -Wl,--as-needed -shared -Wl,-soname,libsupport.so -o lib/x86_64-linux-gnu/libsupport.so CMakeFiles/support.dir/lib/base/Math.cpp.o CMakeFiles/support.dir/lib/factory/ClassFactory.cpp.o CMakeFiles/support.dir/lib/factory/DynLibManager.cpp.o CMakeFiles/support.dir/lib/multimethods/Indexable.cpp.o CMakeFiles/support.dir/lib/serialization/Serializable.cpp.o CMakeFiles/support.dir/lib/pyutil/gil.cpp.o CMakeFiles/support.dir/core/main/pyboot.cpp.o CMakeFiles/support.dir/lib/opengl/GLUtils.cpp.o CMakeFiles/support.dir/lib/triangulation/basicVTKwritter.cpp.o CMakeFiles/support.dir/lib/triangulation/TriaxialState.cpp.o CMakeFiles/support.dir/lib/triangulation/Timer.cpp.o CMakeFiles/support.dir/lib/triangulation/Tenseur3.cpp.o CMakeFiles/support.dir/lib/triangulation/PeriodicFlow.cpp.o CMakeFiles/support.dir/lib/triangulation/KinematicLocalisationAnalyser.cpp.o CMakeFiles/support.dir/lib/triangulation/FlowBoundingSphere.cpp.o -lboost_python -lboost_thread-mt -lboost_date_time-mt -lboost_filesystem-mt -lboost_iostreams-mt -lboost_regex-mt -lboost_serialization-mt -lpthread -lpython2.7 -lCGAL -lgmp -lgmpxx -lgl2ps -lglut -lXmu -lXi -lGLU -lGL -lSM -lICE -lX11 -lXext -lQGLViewer -Wl,-rpath,:::::::::::::::::::::::::::::::::::::::::::::::::::::::::::::::::::::::::::::::::::::::::::::::::::::::::::::::::::::::::::::::::::::::::::::::::::::::::::::::::::::::::::::::::::::::: 
make[3]: Leaving directory `/«PKGBUILDDIR»/debian/build'
/usr/bin/cmake -E cmake_progress_report /«PKGBUILDDIR»/debian/build/CMakeFiles  91 92 93 94 95 96 97 98 99
[  9%] Built target support
make -f CMakeFiles/core.dir/build.make CMakeFiles/core.dir/depend
make[3]: Entering directory `/«PKGBUILDDIR»/debian/build'
cd /«PKGBUILDDIR»/debian/build && /usr/bin/cmake -E cmake_depends "Unix Makefiles" /«PKGBUILDDIR» /«PKGBUILDDIR» /«PKGBUILDDIR»/debian/build /«PKGBUILDDIR»/debian/build /«PKGBUILDDIR»/debian/build/CMakeFiles/core.dir/DependInfo.cmake --color=
Scanning dependencies of target core
make[3]: Leaving directory `/«PKGBUILDDIR»/debian/build'
make -f CMakeFiles/core.dir/build.make CMakeFiles/core.dir/build
make[3]: Entering directory `/«PKGBUILDDIR»/debian/build'
/usr/bin/cmake -E cmake_progress_report /«PKGBUILDDIR»/debian/build/CMakeFiles 9
[ 10%] Building CXX object CMakeFiles/core.dir/core/corePlugins.cpp.o
/usr/bin/c++   -Dcore_EXPORTS -g -O2 -fstack-protector --param=ssp-buffer-size=4 -Wformat -Werror=format-security -D_FORTIFY_SOURCE=2  -DYADE_PTR_CAST=static_pointer_cast -DYADE_CAST=static_cast -fPIC -DYADE_VTK -DYADE_GTS  -DQGLVIEWER_FOUND -DYADE_OPENGL -frounding-math -DYADE_CGAL -DYADE_GL2PS -O3 -DNDEBUG -fPIC -I/usr/lib/pymodules/python2.7/numpy/core/include -I/usr/include/eigen3 -I/usr/include/vtk-5.8 -I/usr/include/glib-2.0 -I/usr/lib/x86_64-linux-gnu/glib-2.0/include -I/usr/include/qt4/QtDesigner -I/usr/include/qt4/QtDeclarative -I/usr/include/qt4/QtScriptTools -I/usr/include/qt4/QtDBus -I/usr/include/qt4/QtXml -I/usr/include/qt4/QtSql -I/usr/include/qt4/QtOpenGL -I/usr/include/qt4/QtNetwork -I/usr/include/qt4/QtXmlPatterns -I/usr/include/qt4/QtHelp -I/usr/include/qt4/QtUiTools -I/usr/include/qt4/QtTest -I/usr/include/qt4/QtScript -I/usr/include/qt4/QtSvg -I/usr/include/qt4/Qt3Support -I/usr/include/qt4/QtGui -I/usr/include/qt4/QtCore -I/usr/share/qt4/mkspecs/default -I/usr/include/qt4 -I/usr/include/python2.7 -I/usr/include/x86_64-linux-gnu/python2.7 -I/«PKGBUILDDIR»/extra/floating_point_utilities_v3 -I/«PKGBUILDDIR»/debian/build    -o CMakeFiles/core.dir/core/corePlugins.cpp.o -c /«PKGBUILDDIR»/core/corePlugins.cpp
clang: warning: argument unused during compilation: '-frounding-math'
In file included from /«PKGBUILDDIR»/core/corePlugins.cpp:1:
In file included from /«PKGBUILDDIR»/debian/build/yade/lib/factory/ClassFactory.hpp:43:
In file included from /usr/include/boost/archive/binary_oarchive.hpp:21:
In file included from /usr/include/boost/archive/binary_oarchive_impl.hpp:22:
In file included from /usr/include/boost/archive/basic_binary_oprimitive.hpp:50:
In file included from /usr/include/boost/serialization/array.hpp:19:
In file included from /usr/include/boost/serialization/nvp.hpp:31:
In file included from /usr/include/boost/serialization/level.hpp:28:
/usr/include/boost/mpl/eval_if.hpp:37:22: fatal error: recursive template instantiation exceeded maximum depth of 256
    typedef typename if_<C,F1,F2>::type f_;
                     ^
/usr/include/boost/archive/detail/oserializer.hpp:512:37: note: in instantiation of template class 'boost::mpl::eval_if<boost::is_pointer<const boost::shared_ptr<IGeom> >, boost::mpl::identity<boost::archive::detail::save_pointer_type<boost::archive::binary_oarchive> >, boost::mpl::eval_if<boost::is_enum<const boost::shared_ptr<IGeom> >, boost::mpl::identity<boost::archive::detail::save_enum_type<boost::archive::binary_oarchive> >, boost::mpl::eval_if<boost::is_array<const boost::shared_ptr<IGeom> >, boost::mpl::identity<boost::archive::detail::save_array_type<boost::archive::binary_oarchive> >, boost::mpl::identity<boost::archive::detail::save_non_pointer_type<boost::archive::binary_oarchive> > > > >' requested here
        BOOST_DEDUCED_TYPENAME mpl::eval_if<is_pointer< T >,
                                    ^
/usr/include/boost/archive/detail/common_oarchive.hpp:69:18: note: in instantiation of function template specialization 'boost::archive::save<boost::archive::binary_oarchive, const boost::shared_ptr<IGeom> >' requested here
        archive::save(* this->This(), t);
                 ^
/usr/include/boost/archive/basic_binary_oarchive.hpp:75:37: note: in instantiation of function template specialization 'boost::archive::detail::common_oarchive<boost::archive::binary_oarchive>::save_override<const boost::shared_ptr<IGeom> >' requested here
      this->detail_common_oarchive::save_override(t, static_cast<int>(version));
                                    ^
/usr/include/boost/archive/binary_oarchive_impl.hpp:51:47: note: in instantiation of function template specialization 'boost::archive::basic_binary_oarchive<boost::archive::binary_oarchive>::save_override<boost::shared_ptr<IGeom> >' requested here
        this->basic_binary_oarchive<Archive>::save_override(t, 0L);
                                              ^
/usr/include/boost/archive/detail/interface_oarchive.hpp:63:23: note: in instantiation of function template specialization 'boost::archive::binary_oarchive_impl<boost::archive::binary_oarchive, char, std::char_traits<char> >::save_override<const boost::shared_ptr<IGeom> >' requested here
        this->This()->save_override(t, 0);
                      ^
/usr/include/boost/serialization/nvp.hpp:79:12: note: (skipping 247 contexts in backtrace; use -ftemplate-backtrace-limit=0 to see all)
        ar.operator<<(const_value());
           ^
/usr/include/boost/serialization/export.hpp:73:12: note: in instantiation of member function 'boost::serialization::singleton<boost::archive::detail::pointer_oserializer<boost::archive::binary_oarchive, BodyContainer> >::get_const_instance' requested here
        >::get_const_instance();
           ^
/usr/include/boost/serialization/export.hpp:104:40: note: in instantiation of member function 'boost::archive::detail::export_impl<boost::archive::binary_oarchive, BodyContainer>::enable_save' requested here
    export_impl<Archive,Serializable>::enable_save(
                                       ^
/usr/include/boost/serialization/export.hpp:95:37: note: in instantiation of member function 'boost::archive::detail::ptr_serialization_support<boost::archive::binary_oarchive, BodyContainer>::instantiate' requested here
        &ptr_serialization_support::instantiate
                                    ^
/usr/include/boost/serialization/export.hpp:142:9: note: in instantiation of member function 'boost::archive::detail::extra_detail::guid_initializer<BodyContainer>::export_guid' requested here
        export_guid(boost::serialization::is_abstract< T >());
        ^
/«PKGBUILDDIR»/core/corePlugins.cpp:28:2: note: in instantiation of member function 'boost::archive::detail::extra_detail::guid_initializer<BodyContainer>::export_guid' requested here
        BOOST_CLASS_EXPORT_IMPLEMENT(BodyContainer);
        ^
/usr/include/boost/serialization/export.hpp:167:35: note: expanded from macro 'BOOST_CLASS_EXPORT_IMPLEMENT'
        >::get_mutable_instance().export_guid();             \
                                  ^
/usr/include/boost/mpl/eval_if.hpp:37:22: note: use -ftemplate-depth=N to increase recursive template instantiation depth
    typedef typename if_<C,F1,F2>::type f_;
                     ^
1 error generated.
make[3]: *** [CMakeFiles/core.dir/core/corePlugins.cpp.o] Error 1
make[3]: Leaving directory `/«PKGBUILDDIR»/debian/build'
make[2]: *** [CMakeFiles/core.dir/all] Error 2
make[1]: *** [all] Error 2
dh_auto_build: make -j1 returned exit code 2
make[2]: Leaving directory `/«PKGBUILDDIR»/debian/build'
make[1]: Leaving directory `/«PKGBUILDDIR»/debian/build'
make: *** [build-arch] Error 2
dpkg-buildpackage: error: debian/rules build-arch gave error exit status 2
────────────────────────────────────────────────────────────────────────────────
Build finished at 20130715-1333

Finished
────────

E: Build failure (dpkg-buildpackage died)

┌──────────────────────────────────────────────────────────────────────────────┐
│ Cleanup                                                                      │
└──────────────────────────────────────────────────────────────────────────────┘

Purging /«BUILDDIR»
Not cleaning session: cloned chroot in use

┌──────────────────────────────────────────────────────────────────────────────┐
│ Summary                                                                      │
└──────────────────────────────────────────────────────────────────────────────┘

Build Architecture: amd64
Build-Space: 50508
Build-Time: 92
Distribution: unstable
Fail-Stage: build
Host Architecture: amd64
Install-Time: 87
Job: yade_0.97.0-4
Machine Architecture: amd64
Package: yade
Package-Time: 229
Source-Version: 0.97.0-4
Space: 50508
Status: attempted
Version: 0.97.0-4clang1
────────────────────────────────────────────────────────────────────────────────
Finished at 20130715-1333
Build needed 00:03:49, 50508k disc space
DC-Status: Failed 231.333968334s
DC-Time-Estimation: 231.333968334 versus expected 1 (r/m: 230.333968334 ; m: 1.0)
