DC-Build-Header: cysignals 1.3.2+ds-1 / 2017-07-06 16:09:45 +0000
DC-Task: type:rebuild-binarch-only source:cysignals version:1.3.2+ds-1 chroot:unstable esttime: logfile:/tmp/cysignals_1.3.2+ds-1_unstable_clang5.0.log modes:clang50:binarch-only
DC-Sbuild-call: su user42 -c 'sbuild -n --arch-any --apt-update -d unstable -v  --chroot-setup-commands=/tmp/clang50 cysignals_1.3.2+ds-1'
sbuild (Debian sbuild) 0.73.0 (23 Dec 2016) on ip-172-31-38-146.eu-central-1.compute.internal

+==============================================================================+
| cysignals 1.3.2+ds-1 (amd64)                 Thu, 06 Jul 2017 16:09:46 +0000 |
+==============================================================================+

Package: cysignals
Version: 1.3.2+ds-1
Source Version: 1.3.2+ds-1
Distribution: unstable
Machine Architecture: amd64
Host Architecture: amd64
Build Architecture: amd64
Build Type: any

I: NOTICE: Log filtering will replace 'var/run/schroot/mount/unstable-amd64-sbuild-58863456-5022-43ce-85b8-6a2117156acd' with '<<CHROOT>>'

+------------------------------------------------------------------------------+
| Chroot Setup Commands                                                        |
+------------------------------------------------------------------------------+


/tmp/clang50
------------

+ echo 'Entering customization script...'
Entering customization script...
+ CLANG_VERSION=5.0
+ echo 'Install of clang-5.0'
Install of clang-5.0
+ apt-get update
Hit:1 http://127.0.0.1:9999/debian unstable InRelease
Get:2 http://127.0.0.1:9999/debian unstable/main Translation-en [5730 kB]
Fetched 5730 kB in 1s (3826 kB/s)
Reading package lists...
+ apt-get install --yes --no-install-recommends --force-yes clang-5.0
Reading package lists...
Building dependency tree...
Reading state information...
The following additional packages will be installed:
  lib32gcc1 lib32stdc++6 libbsd0 libc6-i386 libclang-common-5.0-dev
  libclang1-5.0 libedit2 libjsoncpp1 libllvm5.0 libncurses5 libobjc-6-dev
  libobjc4
Suggested packages:
  gnustep gnustep-devel clang-5.0-doc libomp-dev
Recommended packages:
  llvm-5.0-dev python libgpm2
The following NEW packages will be installed:
  clang-5.0 lib32gcc1 lib32stdc++6 libbsd0 libc6-i386 libclang-common-5.0-dev
  libclang1-5.0 libedit2 libjsoncpp1 libllvm5.0 libncurses5 libobjc-6-dev
  libobjc4
0 upgraded, 13 newly installed, 0 to remove and 0 not upgraded.
Need to get 87.0 MB of archives.
After this operation, 374 MB of additional disk space will be used.
Get:1 http://127.0.0.1:9999/debian unstable/main amd64 libbsd0 amd64 0.8.5-1 [89.6 kB]
Get:2 http://127.0.0.1:9999/debian unstable/main amd64 libncurses5 amd64 6.0+20161126-1 [93.4 kB]
Get:3 http://127.0.0.1:9999/debian unstable/main amd64 libedit2 amd64 3.1-20170329-1 [85.2 kB]
Get:4 http://127.0.0.1:9999/debian unstable/main amd64 libllvm5.0 amd64 1:5.0~svn305653-1 [13.4 MB]
Get:5 http://127.0.0.1:9999/debian unstable/main amd64 libclang1-5.0 amd64 1:5.0~svn305653-1 [6647 kB]
Get:6 http://127.0.0.1:9999/debian unstable/main amd64 libjsoncpp1 amd64 1.7.4-3 [75.6 kB]
Get:7 http://127.0.0.1:9999/debian unstable/main amd64 libobjc4 amd64 7.1.0-9 [51.0 kB]
Get:8 http://127.0.0.1:9999/debian unstable/main amd64 libobjc-6-dev amd64 6.4.0-1 [197 kB]
Get:9 http://127.0.0.1:9999/debian unstable/main amd64 libc6-i386 amd64 2.24-12 [2597 kB]
Get:10 http://127.0.0.1:9999/debian unstable/main amd64 lib32gcc1 amd64 1:7.1.0-9 [46.8 kB]
Get:11 http://127.0.0.1:9999/debian unstable/main amd64 lib32stdc++6 amd64 7.1.0-9 [411 kB]
Get:12 http://127.0.0.1:9999/debian unstable/main amd64 libclang-common-5.0-dev amd64 1:5.0~svn305653-1 [2856 kB]
Get:13 http://127.0.0.1:9999/debian unstable/main amd64 clang-5.0 amd64 1:5.0~svn305653-1 [60.5 MB]
debconf: delaying package configuration, since apt-utils is not installed
Fetched 87.0 MB in 0s (95.6 MB/s)
Selecting previously unselected package libbsd0:amd64.
(Reading database ... (Reading database ... 5%(Reading database ... 10%(Reading database ... 15%(Reading database ... 20%(Reading database ... 25%(Reading database ... 30%(Reading database ... 35%(Reading database ... 40%(Reading database ... 45%(Reading database ... 50%(Reading database ... 55%(Reading database ... 60%(Reading database ... 65%(Reading database ... 70%(Reading database ... 75%(Reading database ... 80%(Reading database ... 85%(Reading database ... 90%(Reading database ... 95%(Reading database ... 100%(Reading database ... 9711 files and directories currently installed.)
Preparing to unpack .../00-libbsd0_0.8.5-1_amd64.deb ...
Unpacking libbsd0:amd64 (0.8.5-1) ...
Selecting previously unselected package libncurses5:amd64.
Preparing to unpack .../01-libncurses5_6.0+20161126-1_amd64.deb ...
Unpacking libncurses5:amd64 (6.0+20161126-1) ...
Selecting previously unselected package libedit2:amd64.
Preparing to unpack .../02-libedit2_3.1-20170329-1_amd64.deb ...
Unpacking libedit2:amd64 (3.1-20170329-1) ...
Selecting previously unselected package libllvm5.0:amd64.
Preparing to unpack .../03-libllvm5.0_1%3a5.0~svn305653-1_amd64.deb ...
Unpacking libllvm5.0:amd64 (1:5.0~svn305653-1) ...
Selecting previously unselected package libclang1-5.0:amd64.
Preparing to unpack .../04-libclang1-5.0_1%3a5.0~svn305653-1_amd64.deb ...
Unpacking libclang1-5.0:amd64 (1:5.0~svn305653-1) ...
Selecting previously unselected package libjsoncpp1:amd64.
Preparing to unpack .../05-libjsoncpp1_1.7.4-3_amd64.deb ...
Unpacking libjsoncpp1:amd64 (1.7.4-3) ...
Selecting previously unselected package libobjc4:amd64.
Preparing to unpack .../06-libobjc4_7.1.0-9_amd64.deb ...
Unpacking libobjc4:amd64 (7.1.0-9) ...
Selecting previously unselected package libobjc-6-dev:amd64.
Preparing to unpack .../07-libobjc-6-dev_6.4.0-1_amd64.deb ...
Unpacking libobjc-6-dev:amd64 (6.4.0-1) ...
Selecting previously unselected package libc6-i386.
Preparing to unpack .../08-libc6-i386_2.24-12_amd64.deb ...
Unpacking libc6-i386 (2.24-12) ...
Selecting previously unselected package lib32gcc1.
Preparing to unpack .../09-lib32gcc1_1%3a7.1.0-9_amd64.deb ...
Unpacking lib32gcc1 (1:7.1.0-9) ...
Selecting previously unselected package lib32stdc++6.
Preparing to unpack .../10-lib32stdc++6_7.1.0-9_amd64.deb ...
Unpacking lib32stdc++6 (7.1.0-9) ...
Selecting previously unselected package libclang-common-5.0-dev.
Preparing to unpack .../11-libclang-common-5.0-dev_1%3a5.0~svn305653-1_amd64.deb ...
Unpacking libclang-common-5.0-dev (1:5.0~svn305653-1) ...
Selecting previously unselected package clang-5.0.
Preparing to unpack .../12-clang-5.0_1%3a5.0~svn305653-1_amd64.deb ...
Unpacking clang-5.0 (1:5.0~svn305653-1) ...
Setting up libncurses5:amd64 (6.0+20161126-1) ...
Setting up libobjc4:amd64 (7.1.0-9) ...
Setting up libc6-i386 (2.24-12) ...
Setting up libbsd0:amd64 (0.8.5-1) ...
Processing triggers for libc-bin (2.24-12) ...
Setting up libobjc-6-dev:amd64 (6.4.0-1) ...
Setting up lib32gcc1 (1:7.1.0-9) ...
Setting up libjsoncpp1:amd64 (1.7.4-3) ...
Setting up libedit2:amd64 (3.1-20170329-1) ...
Setting up libllvm5.0:amd64 (1:5.0~svn305653-1) ...
Setting up libclang1-5.0:amd64 (1:5.0~svn305653-1) ...
Setting up lib32stdc++6 (7.1.0-9) ...
Setting up libclang-common-5.0-dev (1:5.0~svn305653-1) ...
Setting up clang-5.0 (1:5.0~svn305653-1) ...
Processing triggers for libc-bin (2.24-12) ...
W: --force-yes is deprecated, use one of the options starting with --allow instead.
+ echo 'Replace gcc, g++ & cpp by clang'
Replace gcc, g++ & cpp by clang
+ VERSIONS='4.6 4.7 4.8 4.9 5 6 7'
+ cd /usr/bin
+ for VERSION in $VERSIONS
+ rm -f g++-4.6 gcc-4.6 cpp-4.6 gcc
+ ln -s clang++-5.0 g++-4.6
+ ln -s clang-5.0 gcc-4.6
+ ln -s clang-5.0 cpp-4.6
+ ln -s clang-5.0 gcc
+ echo 'gcc-4.6 hold'
+ dpkg --set-selections
dpkg: warning: package not in status nor available database at line 1: gcc-4.6
dpkg: warning: found unknown packages; this might mean the available database
is outdated, and needs to be updated through a frontend method;
please see the FAQ <https://wiki.debian.org/Teams/Dpkg/FAQ>
+ echo 'g++-4.6 hold'
+ dpkg --set-selections
dpkg: warning: package not in status nor available database at line 1: g++-4.6
dpkg: warning: found unknown packages; this might mean the available database
is outdated, and needs to be updated through a frontend method;
please see the FAQ <https://wiki.debian.org/Teams/Dpkg/FAQ>
+ for VERSION in $VERSIONS
+ rm -f g++-4.7 gcc-4.7 cpp-4.7 gcc
+ ln -s clang++-5.0 g++-4.7
+ ln -s clang-5.0 gcc-4.7
+ ln -s clang-5.0 cpp-4.7
+ ln -s clang-5.0 gcc
+ echo 'gcc-4.7 hold'
+ dpkg --set-selections
dpkg: warning: package not in status nor available database at line 1: gcc-4.7
dpkg: warning: found unknown packages; this might mean the available database
is outdated, and needs to be updated through a frontend method;
please see the FAQ <https://wiki.debian.org/Teams/Dpkg/FAQ>
+ echo 'g++-4.7 hold'
+ dpkg --set-selections
dpkg: warning: package not in status nor available database at line 1: g++-4.7
dpkg: warning: found unknown packages; this might mean the available database
is outdated, and needs to be updated through a frontend method;
please see the FAQ <https://wiki.debian.org/Teams/Dpkg/FAQ>
+ for VERSION in $VERSIONS
+ rm -f g++-4.8 gcc-4.8 cpp-4.8 gcc
+ ln -s clang++-5.0 g++-4.8
+ ln -s clang-5.0 gcc-4.8
+ ln -s clang-5.0 cpp-4.8
+ ln -s clang-5.0 gcc
+ echo 'gcc-4.8 hold'
+ dpkg --set-selections
dpkg: warning: package not in status nor available database at line 1: gcc-4.8
dpkg: warning: found unknown packages; this might mean the available database
is outdated, and needs to be updated through a frontend method;
please see the FAQ <https://wiki.debian.org/Teams/Dpkg/FAQ>
+ echo 'g++-4.8 hold'
+ dpkg --set-selections
dpkg: warning: package not in status nor available database at line 1: g++-4.8
dpkg: warning: found unknown packages; this might mean the available database
is outdated, and needs to be updated through a frontend method;
please see the FAQ <https://wiki.debian.org/Teams/Dpkg/FAQ>
+ for VERSION in $VERSIONS
+ rm -f g++-4.9 gcc-4.9 cpp-4.9 gcc
+ ln -s clang++-5.0 g++-4.9
+ ln -s clang-5.0 gcc-4.9
+ ln -s clang-5.0 cpp-4.9
+ ln -s clang-5.0 gcc
+ echo 'gcc-4.9 hold'
+ dpkg --set-selections
dpkg: warning: package not in status nor available database at line 1: gcc-4.9
dpkg: warning: found unknown packages; this might mean the available database
is outdated, and needs to be updated through a frontend method;
please see the FAQ <https://wiki.debian.org/Teams/Dpkg/FAQ>
+ echo 'g++-4.9 hold'
+ dpkg --set-selections
dpkg: warning: package not in status nor available database at line 1: g++-4.9
dpkg: warning: found unknown packages; this might mean the available database
is outdated, and needs to be updated through a frontend method;
please see the FAQ <https://wiki.debian.org/Teams/Dpkg/FAQ>
+ for VERSION in $VERSIONS
+ rm -f g++-5 gcc-5 cpp-5 gcc
+ ln -s clang++-5.0 g++-5
+ ln -s clang-5.0 gcc-5
+ ln -s clang-5.0 cpp-5
+ ln -s clang-5.0 gcc
+ echo 'gcc-5 hold'
+ dpkg --set-selections
+ echo 'g++-5 hold'
+ dpkg --set-selections
+ for VERSION in $VERSIONS
+ rm -f g++-6 gcc-6 cpp-6 gcc
+ ln -s clang++-5.0 g++-6
+ ln -s clang-5.0 gcc-6
+ ln -s clang-5.0 cpp-6
+ ln -s clang-5.0 gcc
+ echo 'gcc-6 hold'
+ dpkg --set-selections
+ echo 'g++-6 hold'
+ dpkg --set-selections
+ for VERSION in $VERSIONS
+ rm -f g++-7 gcc-7 cpp-7 gcc
+ ln -s clang++-5.0 g++-7
+ ln -s clang-5.0 gcc-7
+ ln -s clang-5.0 cpp-7
+ ln -s clang-5.0 gcc
+ echo 'gcc-7 hold'
+ dpkg --set-selections
dpkg: warning: package not in status nor available database at line 1: gcc-7
dpkg: warning: found unknown packages; this might mean the available database
is outdated, and needs to be updated through a frontend method;
please see the FAQ <https://wiki.debian.org/Teams/Dpkg/FAQ>
+ echo 'g++-7 hold'
+ dpkg --set-selections
dpkg: warning: package not in status nor available database at line 1: g++-7
dpkg: warning: found unknown packages; this might mean the available database
is outdated, and needs to be updated through a frontend method;
please see the FAQ <https://wiki.debian.org/Teams/Dpkg/FAQ>
+ cd -
/build/cysignals-ATASCQ
+ echo 'Check if gcc, g++ & cpp are actually clang'
Check if gcc, g++ & cpp are actually clang
+ gcc --version
+ grep clang
+ cpp --version
+ grep clang
+ g++ --version
+ grep clang

I: Finished running '/tmp/clang50'.

Finished processing commands.
--------------------------------------------------------------------------------

+------------------------------------------------------------------------------+
| Update chroot                                                                |
+------------------------------------------------------------------------------+

Hit:1 http://127.0.0.1:9999/debian unstable InRelease
Reading package lists...
Reading package lists...
Building dependency tree...
Reading state information...
Calculating upgrade...
0 upgraded, 0 newly installed, 0 to remove and 0 not upgraded.

+------------------------------------------------------------------------------+
| Fetch source files                                                           |
+------------------------------------------------------------------------------+


Check APT
---------

Checking available source versions...

Download source files with APT
------------------------------

Reading package lists...
NOTICE: 'cysignals' packaging is maintained in the 'Git' version control system at:
https://anonscm.debian.org/git/python-modules/packages/cysignals.git
Please use:
git clone https://anonscm.debian.org/git/python-modules/packages/cysignals.git
to retrieve the latest (possibly unreleased) updates to the package.
Need to get 51.8 kB of source archives.
Get:1 http://127.0.0.1:9999/debian unstable/main cysignals 1.3.2+ds-1 (dsc) [3273 B]
Get:2 http://127.0.0.1:9999/debian unstable/main cysignals 1.3.2+ds-1 (tar) [36.5 kB]
Get:3 http://127.0.0.1:9999/debian unstable/main cysignals 1.3.2+ds-1 (diff) [12.0 kB]
Fetched 51.8 kB in 0s (517 kB/s)
Download complete and in download only mode
I: NOTICE: Log filtering will replace 'build/cysignals-ATASCQ/cysignals-1.3.2+ds' with '<<PKGBUILDDIR>>'
I: NOTICE: Log filtering will replace 'build/cysignals-ATASCQ' with '<<BUILDDIR>>'

+------------------------------------------------------------------------------+
| Install build-essential                                                      |
+------------------------------------------------------------------------------+


Setup apt archive
-----------------

Merged Build-Depends: build-essential, fakeroot
Filtered Build-Depends: build-essential, fakeroot
dpkg-deb: building package 'sbuild-build-depends-core-dummy' in '/<<BUILDDIR>>/resolver-KsaMW8/apt_archive/sbuild-build-depends-core-dummy.deb'.
dpkg-scanpackages: warning: Packages in archive but missing from override file:
dpkg-scanpackages: warning:   sbuild-build-depends-core-dummy
dpkg-scanpackages: info: Wrote 1 entries to output Packages file.
Ign:1 copy:/<<BUILDDIR>>/resolver-KsaMW8/apt_archive ./ InRelease
Get:2 copy:/<<BUILDDIR>>/resolver-KsaMW8/apt_archive ./ Release [957 B]
Ign:3 copy:/<<BUILDDIR>>/resolver-KsaMW8/apt_archive ./ Release.gpg
Get:4 copy:/<<BUILDDIR>>/resolver-KsaMW8/apt_archive ./ Sources [349 B]
Get:5 copy:/<<BUILDDIR>>/resolver-KsaMW8/apt_archive ./ Packages [433 B]
Fetched 1739 B in 0s (0 B/s)
Reading package lists...
Reading package lists...

Install core build dependencies (apt-based resolver)
----------------------------------------------------

Installing build dependencies
Reading package lists...
Building dependency tree...
Reading state information...
The following NEW packages will be installed:
  sbuild-build-depends-core-dummy
0 upgraded, 1 newly installed, 0 to remove and 0 not upgraded.
Need to get 784 B of archives.
After this operation, 0 B of additional disk space will be used.
Get:1 copy:/<<BUILDDIR>>/resolver-KsaMW8/apt_archive ./ sbuild-build-depends-core-dummy 0.invalid.0 [784 B]
debconf: delaying package configuration, since apt-utils is not installed
Fetched 784 B in 0s (0 B/s)
Selecting previously unselected package sbuild-build-depends-core-dummy.
(Reading database ... 10611 files and directories currently installed.)
Preparing to unpack .../sbuild-build-depends-core-dummy_0.invalid.0_amd64.deb ...
Unpacking sbuild-build-depends-core-dummy (0.invalid.0) ...
Setting up sbuild-build-depends-core-dummy (0.invalid.0) ...

+------------------------------------------------------------------------------+
| Check architectures                                                          |
+------------------------------------------------------------------------------+

Arch check ok (amd64 included in any all)

+------------------------------------------------------------------------------+
| Install package build dependencies                                           |
+------------------------------------------------------------------------------+


Setup apt archive
-----------------

Merged Build-Depends: debhelper (>= 10), help2man, dh-python, dpkg-dev (>= 1.17.14), python-setuptools, python-all, python-sphinx, libpython-dev, libpari-dev (>= 2.9), cython (>= 0.24), gdb
Filtered Build-Depends: debhelper (>= 10), help2man, dh-python, dpkg-dev (>= 1.17.14), python-setuptools, python-all, python-sphinx, libpython-dev, libpari-dev (>= 2.9), cython (>= 0.24), gdb
dpkg-deb: building package 'sbuild-build-depends-cysignals-dummy' in '/<<BUILDDIR>>/resolver-KsaMW8/apt_archive/sbuild-build-depends-cysignals-dummy.deb'.
dpkg-scanpackages: warning: Packages in archive but missing from override file:
dpkg-scanpackages: warning:   sbuild-build-depends-core-dummy sbuild-build-depends-cysignals-dummy
dpkg-scanpackages: info: Wrote 2 entries to output Packages file.
Ign:1 copy:/<<BUILDDIR>>/resolver-KsaMW8/apt_archive ./ InRelease
Get:2 copy:/<<BUILDDIR>>/resolver-KsaMW8/apt_archive ./ Release [963 B]
Ign:3 copy:/<<BUILDDIR>>/resolver-KsaMW8/apt_archive ./ Release.gpg
Get:4 copy:/<<BUILDDIR>>/resolver-KsaMW8/apt_archive ./ Sources [562 B]
Get:5 copy:/<<BUILDDIR>>/resolver-KsaMW8/apt_archive ./ Packages [645 B]
Fetched 2170 B in 0s (0 B/s)
Reading package lists...
Reading package lists...

Install cysignals build dependencies (apt-based resolver)
---------------------------------------------------------

Installing build dependencies
Reading package lists...
Building dependency tree...
Reading state information...
The following additional packages will be installed:
  autoconf automake autopoint autotools-dev bsdmainutils cython debhelper
  dh-autoreconf dh-python dh-strip-nondeterminism docutils-common file gdb
  gettext gettext-base groff-base help2man intltool-debian libarchive-zip-perl
  libbabeltrace-ctf1 libbabeltrace1 libcroco3 libdw1 libelf1 libexpat1
  libexpat1-dev libfile-stripnondeterminism-perl libglib2.0-0 libicu57
  libjs-jquery libjs-sphinxdoc libjs-underscore liblocale-gettext-perl
  libmagic-mgc libmagic1 libmpdec2 libpari-dev libpari-gmp-tls5 libpipeline1
  libpopt0 libpython-dev libpython-stdlib libpython2.7 libpython2.7-dev
  libpython2.7-minimal libpython2.7-stdlib libpython3-stdlib libpython3.5
  libpython3.5-minimal libpython3.5-stdlib libreadline7 libsigsegv2
  libsqlite3-0 libssl1.1 libtimedate-perl libtool libxml2 m4 man-db
  mime-support po-debconf python python-alabaster python-all python-babel
  python-babel-localedata python-docutils python-imagesize python-jinja2
  python-markupsafe python-minimal python-pkg-resources python-pygments
  python-roman python-setuptools python-six python-sphinx python-tz python2.7
  python2.7-minimal python3 python3-minimal python3.5 python3.5-minimal
  readline-common sgml-base sphinx-common tzdata xml-core
Suggested packages:
  autoconf-archive gnu-standards autoconf-doc wamerican | wordlist whois
  vacation cython-doc dh-make gdb-doc gdbserver gettext-doc libasprintf-dev
  libgettextpo-dev groff libpari-dbg pari-gp2c libtool-doc gfortran
  | fortran95-compiler gcj-jdk m4-doc less www-browser libmail-box-perl
  python-doc python-tk fonts-linuxlibertine | ttf-linux-libertine
  texlive-lang-french texlive-latex-base texlive-latex-recommended
  python-jinja2-doc ttf-bitstream-vera python-setuptools-doc
  python-sphinx-rtd-theme libjs-mathjax dvipng texlive-latex-extra
  texlive-fonts-recommended texlive-generic-extra sphinx-doc python2.7-doc
  binfmt-support python3-doc python3-tk python3-venv python3.5-venv
  python3.5-doc readline-doc sgml-base-doc
Recommended packages:
  python-dev libc-dbg curl | wget | lynx-cur libarchive-cpio-perl
  libglib2.0-data shared-mime-info xdg-user-dirs javascript-common libltdl-dev
  libmail-sendmail-perl docutils-doc libpaper-utils python-pil python-chardet
The following NEW packages will be installed:
  autoconf automake autopoint autotools-dev bsdmainutils cython debhelper
  dh-autoreconf dh-python dh-strip-nondeterminism docutils-common file gdb
  gettext gettext-base groff-base help2man intltool-debian libarchive-zip-perl
  libbabeltrace-ctf1 libbabeltrace1 libcroco3 libdw1 libelf1 libexpat1
  libexpat1-dev libfile-stripnondeterminism-perl libglib2.0-0 libicu57
  libjs-jquery libjs-sphinxdoc libjs-underscore liblocale-gettext-perl
  libmagic-mgc libmagic1 libmpdec2 libpari-dev libpari-gmp-tls5 libpipeline1
  libpopt0 libpython-dev libpython-stdlib libpython2.7 libpython2.7-dev
  libpython2.7-minimal libpython2.7-stdlib libpython3-stdlib libpython3.5
  libpython3.5-minimal libpython3.5-stdlib libreadline7 libsigsegv2
  libsqlite3-0 libssl1.1 libtimedate-perl libtool libxml2 m4 man-db
  mime-support po-debconf python python-alabaster python-all python-babel
  python-babel-localedata python-docutils python-imagesize python-jinja2
  python-markupsafe python-minimal python-pkg-resources python-pygments
  python-roman python-setuptools python-six python-sphinx python-tz python2.7
  python2.7-minimal python3 python3-minimal python3.5 python3.5-minimal
  readline-common sbuild-build-depends-cysignals-dummy sgml-base sphinx-common
  tzdata xml-core
0 upgraded, 90 newly installed, 0 to remove and 0 not upgraded.
Need to get 79.2 MB of archives.
After this operation, 241 MB of additional disk space will be used.
Get:1 copy:/<<BUILDDIR>>/resolver-KsaMW8/apt_archive ./ sbuild-build-depends-cysignals-dummy 0.invalid.0 [860 B]
Get:2 http://127.0.0.1:9999/debian unstable/main amd64 groff-base amd64 1.22.3-9 [1160 kB]
Get:3 http://127.0.0.1:9999/debian unstable/main amd64 bsdmainutils amd64 9.0.12+nmu1 [186 kB]
Get:4 http://127.0.0.1:9999/debian unstable/main amd64 libpipeline1 amd64 1.4.1-2 [27.6 kB]
Get:5 http://127.0.0.1:9999/debian unstable/main amd64 man-db amd64 2.7.6.1-2 [1044 kB]
Get:6 http://127.0.0.1:9999/debian unstable/main amd64 libpython2.7-minimal amd64 2.7.13-2 [389 kB]
Get:7 http://127.0.0.1:9999/debian unstable/main amd64 python2.7-minimal amd64 2.7.13-2 [1383 kB]
Get:8 http://127.0.0.1:9999/debian unstable/main amd64 python-minimal amd64 2.7.13-2 [40.5 kB]
Get:9 http://127.0.0.1:9999/debian unstable/main amd64 mime-support all 3.60 [36.7 kB]
Get:10 http://127.0.0.1:9999/debian unstable/main amd64 libexpat1 amd64 2.2.1-3 [85.6 kB]
Get:11 http://127.0.0.1:9999/debian unstable/main amd64 readline-common all 7.0-3 [70.4 kB]
Get:12 http://127.0.0.1:9999/debian unstable/main amd64 libreadline7 amd64 7.0-3 [151 kB]
Get:13 http://127.0.0.1:9999/debian unstable/main amd64 libsqlite3-0 amd64 3.16.2-5 [572 kB]
Get:14 http://127.0.0.1:9999/debian unstable/main amd64 libssl1.1 amd64 1.1.0f-3 [1342 kB]
Get:15 http://127.0.0.1:9999/debian unstable/main amd64 libpython2.7-stdlib amd64 2.7.13-2 [1895 kB]
Get:16 http://127.0.0.1:9999/debian unstable/main amd64 python2.7 amd64 2.7.13-2 [285 kB]
Get:17 http://127.0.0.1:9999/debian unstable/main amd64 libpython-stdlib amd64 2.7.13-2 [20.0 kB]
Get:18 http://127.0.0.1:9999/debian unstable/main amd64 python amd64 2.7.13-2 [154 kB]
Get:19 http://127.0.0.1:9999/debian unstable/main amd64 liblocale-gettext-perl amd64 1.07-3+b1 [18.7 kB]
Get:20 http://127.0.0.1:9999/debian unstable/main amd64 libpython3.5-minimal amd64 3.5.3-3 [577 kB]
Get:21 http://127.0.0.1:9999/debian unstable/main amd64 python3.5-minimal amd64 3.5.3-3 [1695 kB]
Get:22 http://127.0.0.1:9999/debian unstable/main amd64 python3-minimal amd64 3.5.3-3 [35.4 kB]
Get:23 http://127.0.0.1:9999/debian unstable/main amd64 libmpdec2 amd64 2.4.2-1 [85.2 kB]
Get:24 http://127.0.0.1:9999/debian unstable/main amd64 libpython3.5-stdlib amd64 3.5.3-3 [2170 kB]
Get:25 http://127.0.0.1:9999/debian unstable/main amd64 python3.5 amd64 3.5.3-3 [237 kB]
Get:26 http://127.0.0.1:9999/debian unstable/main amd64 libpython3-stdlib amd64 3.5.3-3 [18.8 kB]
Get:27 http://127.0.0.1:9999/debian unstable/main amd64 dh-python all 2.20170125 [86.8 kB]
Get:28 http://127.0.0.1:9999/debian unstable/main amd64 python3 amd64 3.5.3-3 [21.8 kB]
Get:29 http://127.0.0.1:9999/debian unstable/main amd64 sgml-base all 1.29 [14.8 kB]
Get:30 http://127.0.0.1:9999/debian unstable/main amd64 tzdata all 2017b-2 [260 kB]
Get:31 http://127.0.0.1:9999/debian unstable/main amd64 libpopt0 amd64 1.16-10+b2 [49.4 kB]
Get:32 http://127.0.0.1:9999/debian unstable/main amd64 libmagic-mgc amd64 1:5.30-1 [222 kB]
Get:33 http://127.0.0.1:9999/debian unstable/main amd64 libmagic1 amd64 1:5.30-1 [111 kB]
Get:34 http://127.0.0.1:9999/debian unstable/main amd64 file amd64 1:5.30-1 [63.9 kB]
Get:35 http://127.0.0.1:9999/debian unstable/main amd64 gettext-base amd64 0.19.8.1-2+b1 [122 kB]
Get:36 http://127.0.0.1:9999/debian unstable/main amd64 libicu57 amd64 57.1-6 [7701 kB]
Get:37 http://127.0.0.1:9999/debian unstable/main amd64 libxml2 amd64 2.9.4+dfsg1-3 [715 kB]
Get:38 http://127.0.0.1:9999/debian unstable/main amd64 libsigsegv2 amd64 2.11-1 [29.9 kB]
Get:39 http://127.0.0.1:9999/debian unstable/main amd64 m4 amd64 1.4.18-1 [202 kB]
Get:40 http://127.0.0.1:9999/debian unstable/main amd64 autoconf all 2.69-10 [338 kB]
Get:41 http://127.0.0.1:9999/debian unstable/main amd64 autotools-dev all 20161112.1 [73.4 kB]
Get:42 http://127.0.0.1:9999/debian unstable/main amd64 automake all 1:1.15.1-2 [736 kB]
Get:43 http://127.0.0.1:9999/debian unstable/main amd64 autopoint all 0.19.8.1-2 [433 kB]
Get:44 http://127.0.0.1:9999/debian unstable/main amd64 cython amd64 0.25.2-1+b1 [1863 kB]
Get:45 http://127.0.0.1:9999/debian unstable/main amd64 libtool all 2.4.6-2 [545 kB]
Get:46 http://127.0.0.1:9999/debian unstable/main amd64 dh-autoreconf all 14 [15.9 kB]
Get:47 http://127.0.0.1:9999/debian unstable/main amd64 libarchive-zip-perl all 1.59-1 [95.5 kB]
Get:48 http://127.0.0.1:9999/debian unstable/main amd64 libfile-stripnondeterminism-perl all 0.035-2 [17.0 kB]
Get:49 http://127.0.0.1:9999/debian unstable/main amd64 libtimedate-perl all 2.3000-2 [42.2 kB]
Get:50 http://127.0.0.1:9999/debian unstable/main amd64 dh-strip-nondeterminism all 0.035-2 [10.7 kB]
Get:51 http://127.0.0.1:9999/debian unstable/main amd64 libglib2.0-0 amd64 2.52.3-1 [2742 kB]
Get:52 http://127.0.0.1:9999/debian unstable/main amd64 libcroco3 amd64 0.6.12-1 [144 kB]
Get:53 http://127.0.0.1:9999/debian unstable/main amd64 gettext amd64 0.19.8.1-2+b1 [1301 kB]
Get:54 http://127.0.0.1:9999/debian unstable/main amd64 intltool-debian all 0.35.0+20060710.4 [26.3 kB]
Get:55 http://127.0.0.1:9999/debian unstable/main amd64 po-debconf all 1.0.20 [247 kB]
Get:56 http://127.0.0.1:9999/debian unstable/main amd64 debhelper all 10.6.2 [968 kB]
Get:57 http://127.0.0.1:9999/debian unstable/main amd64 xml-core all 0.17 [23.2 kB]
Get:58 http://127.0.0.1:9999/debian unstable/main amd64 docutils-common all 0.13.1+dfsg-2 [200 kB]
Get:59 http://127.0.0.1:9999/debian unstable/main amd64 libelf1 amd64 0.168-1 [157 kB]
Get:60 http://127.0.0.1:9999/debian unstable/main amd64 libdw1 amd64 0.168-1 [205 kB]
Get:61 http://127.0.0.1:9999/debian unstable/main amd64 libbabeltrace1 amd64 1.5.2-1+b1 [50.7 kB]
Get:62 http://127.0.0.1:9999/debian unstable/main amd64 libbabeltrace-ctf1 amd64 1.5.2-1+b1 [141 kB]
Get:63 http://127.0.0.1:9999/debian unstable/main amd64 libpython3.5 amd64 3.5.3-3 [1373 kB]
Get:64 http://127.0.0.1:9999/debian unstable/main amd64 gdb amd64 7.12-6 [2722 kB]
Get:65 http://127.0.0.1:9999/debian unstable/main amd64 help2man amd64 1.47.4 [162 kB]
Get:66 http://127.0.0.1:9999/debian unstable/main amd64 libexpat1-dev amd64 2.2.1-3 [137 kB]
Get:67 http://127.0.0.1:9999/debian unstable/main amd64 libjs-jquery all 3.1.1-2 [154 kB]
Get:68 http://127.0.0.1:9999/debian unstable/main amd64 libjs-underscore all 1.8.3~dfsg-1 [63.8 kB]
Get:69 http://127.0.0.1:9999/debian unstable/main amd64 libjs-sphinxdoc all 1.4.9-2 [69.5 kB]
Get:70 http://127.0.0.1:9999/debian unstable/main amd64 libpari-gmp-tls5 amd64 2.9.1-1 [2674 kB]
Get:71 http://127.0.0.1:9999/debian unstable/main amd64 libpari-dev amd64 2.9.1-1 [3024 kB]
Get:72 http://127.0.0.1:9999/debian unstable/main amd64 libpython2.7 amd64 2.7.13-2 [1072 kB]
Get:73 http://127.0.0.1:9999/debian unstable/main amd64 libpython2.7-dev amd64 2.7.13-2 [28.2 MB]
Get:74 http://127.0.0.1:9999/debian unstable/main amd64 libpython-dev amd64 2.7.13-2 [20.1 kB]
Get:75 http://127.0.0.1:9999/debian unstable/main amd64 python-alabaster all 0.7.8-1 [18.4 kB]
Get:76 http://127.0.0.1:9999/debian unstable/main amd64 python-all amd64 2.7.13-2 [942 B]
Get:77 http://127.0.0.1:9999/debian unstable/main amd64 python-babel-localedata all 2.4.0+dfsg.1-2 [3415 kB]
Get:78 http://127.0.0.1:9999/debian unstable/main amd64 python-pkg-resources all 36.0.1-1 [168 kB]
Get:79 http://127.0.0.1:9999/debian unstable/main amd64 python-tz all 2017.2-2 [33.9 kB]
Get:80 http://127.0.0.1:9999/debian unstable/main amd64 python-babel all 2.4.0+dfsg.1-2 [84.3 kB]
Get:81 http://127.0.0.1:9999/debian unstable/main amd64 python-roman all 2.0.0-2 [8130 B]
Get:82 http://127.0.0.1:9999/debian unstable/main amd64 python-docutils all 0.13.1+dfsg-2 [373 kB]
Get:83 http://127.0.0.1:9999/debian unstable/main amd64 python-imagesize all 0.7.1-1 [3814 B]
Get:84 http://127.0.0.1:9999/debian unstable/main amd64 python-markupsafe amd64 1.0-1+b1 [13.9 kB]
Get:85 http://127.0.0.1:9999/debian unstable/main amd64 python-jinja2 all 2.9.6-1 [117 kB]
Get:86 http://127.0.0.1:9999/debian unstable/main amd64 python-pygments all 2.2.0+dfsg-1 [590 kB]
Get:87 http://127.0.0.1:9999/debian unstable/main amd64 python-setuptools all 36.0.1-1 [301 kB]
Get:88 http://127.0.0.1:9999/debian unstable/main amd64 python-six all 1.10.0-4 [14.4 kB]
Get:89 http://127.0.0.1:9999/debian unstable/main amd64 sphinx-common all 1.4.9-2 [350 kB]
Get:90 http://127.0.0.1:9999/debian unstable/main amd64 python-sphinx all 1.4.9-2 [434 kB]
debconf: delaying package configuration, since apt-utils is not installed
Fetched 79.2 MB in 0s (97.9 MB/s)
Selecting previously unselected package groff-base.
(Reading database ... 10611 files and directories currently installed.)
Preparing to unpack .../00-groff-base_1.22.3-9_amd64.deb ...
Unpacking groff-base (1.22.3-9) ...
Selecting previously unselected package bsdmainutils.
Preparing to unpack .../01-bsdmainutils_9.0.12+nmu1_amd64.deb ...
Unpacking bsdmainutils (9.0.12+nmu1) ...
Selecting previously unselected package libpipeline1:amd64.
Preparing to unpack .../02-libpipeline1_1.4.1-2_amd64.deb ...
Unpacking libpipeline1:amd64 (1.4.1-2) ...
Selecting previously unselected package man-db.
Preparing to unpack .../03-man-db_2.7.6.1-2_amd64.deb ...
Unpacking man-db (2.7.6.1-2) ...
Selecting previously unselected package libpython2.7-minimal:amd64.
Preparing to unpack .../04-libpython2.7-minimal_2.7.13-2_amd64.deb ...
Unpacking libpython2.7-minimal:amd64 (2.7.13-2) ...
Selecting previously unselected package python2.7-minimal.
Preparing to unpack .../05-python2.7-minimal_2.7.13-2_amd64.deb ...
Unpacking python2.7-minimal (2.7.13-2) ...
Selecting previously unselected package python-minimal.
Preparing to unpack .../06-python-minimal_2.7.13-2_amd64.deb ...
Unpacking python-minimal (2.7.13-2) ...
Selecting previously unselected package mime-support.
Preparing to unpack .../07-mime-support_3.60_all.deb ...
Unpacking mime-support (3.60) ...
Selecting previously unselected package libexpat1:amd64.
Preparing to unpack .../08-libexpat1_2.2.1-3_amd64.deb ...
Unpacking libexpat1:amd64 (2.2.1-3) ...
Selecting previously unselected package readline-common.
Preparing to unpack .../09-readline-common_7.0-3_all.deb ...
Unpacking readline-common (7.0-3) ...
Selecting previously unselected package libreadline7:amd64.
Preparing to unpack .../10-libreadline7_7.0-3_amd64.deb ...
Unpacking libreadline7:amd64 (7.0-3) ...
Selecting previously unselected package libsqlite3-0:amd64.
Preparing to unpack .../11-libsqlite3-0_3.16.2-5_amd64.deb ...
Unpacking libsqlite3-0:amd64 (3.16.2-5) ...
Selecting previously unselected package libssl1.1:amd64.
Preparing to unpack .../12-libssl1.1_1.1.0f-3_amd64.deb ...
Unpacking libssl1.1:amd64 (1.1.0f-3) ...
Selecting previously unselected package libpython2.7-stdlib:amd64.
Preparing to unpack .../13-libpython2.7-stdlib_2.7.13-2_amd64.deb ...
Unpacking libpython2.7-stdlib:amd64 (2.7.13-2) ...
Selecting previously unselected package python2.7.
Preparing to unpack .../14-python2.7_2.7.13-2_amd64.deb ...
Unpacking python2.7 (2.7.13-2) ...
Selecting previously unselected package libpython-stdlib:amd64.
Preparing to unpack .../15-libpython-stdlib_2.7.13-2_amd64.deb ...
Unpacking libpython-stdlib:amd64 (2.7.13-2) ...
Setting up libpython2.7-minimal:amd64 (2.7.13-2) ...
Setting up python2.7-minimal (2.7.13-2) ...
Setting up python-minimal (2.7.13-2) ...
Selecting previously unselected package python.
(Reading database ... 11991 files and directories currently installed.)
Preparing to unpack .../0-python_2.7.13-2_amd64.deb ...
Unpacking python (2.7.13-2) ...
Selecting previously unselected package liblocale-gettext-perl.
Preparing to unpack .../1-liblocale-gettext-perl_1.07-3+b1_amd64.deb ...
Unpacking liblocale-gettext-perl (1.07-3+b1) ...
Selecting previously unselected package libpython3.5-minimal:amd64.
Preparing to unpack .../2-libpython3.5-minimal_3.5.3-3_amd64.deb ...
Unpacking libpython3.5-minimal:amd64 (3.5.3-3) ...
Selecting previously unselected package python3.5-minimal.
Preparing to unpack .../3-python3.5-minimal_3.5.3-3_amd64.deb ...
Unpacking python3.5-minimal (3.5.3-3) ...
Selecting previously unselected package python3-minimal.
Preparing to unpack .../4-python3-minimal_3.5.3-3_amd64.deb ...
Unpacking python3-minimal (3.5.3-3) ...
Selecting previously unselected package libmpdec2:amd64.
Preparing to unpack .../5-libmpdec2_2.4.2-1_amd64.deb ...
Unpacking libmpdec2:amd64 (2.4.2-1) ...
Selecting previously unselected package libpython3.5-stdlib:amd64.
Preparing to unpack .../6-libpython3.5-stdlib_3.5.3-3_amd64.deb ...
Unpacking libpython3.5-stdlib:amd64 (3.5.3-3) ...
Selecting previously unselected package python3.5.
Preparing to unpack .../7-python3.5_3.5.3-3_amd64.deb ...
Unpacking python3.5 (3.5.3-3) ...
Selecting previously unselected package libpython3-stdlib:amd64.
Preparing to unpack .../8-libpython3-stdlib_3.5.3-3_amd64.deb ...
Unpacking libpython3-stdlib:amd64 (3.5.3-3) ...
Selecting previously unselected package dh-python.
Preparing to unpack .../9-dh-python_2.20170125_all.deb ...
Unpacking dh-python (2.20170125) ...
Setting up libssl1.1:amd64 (1.1.0f-3) ...
Setting up libpython3.5-minimal:amd64 (3.5.3-3) ...
Setting up libexpat1:amd64 (2.2.1-3) ...
Setting up python3.5-minimal (3.5.3-3) ...
Setting up python3-minimal (3.5.3-3) ...
Selecting previously unselected package python3.
(Reading database ... 12982 files and directories currently installed.)
Preparing to unpack .../00-python3_3.5.3-3_amd64.deb ...
Unpacking python3 (3.5.3-3) ...
Selecting previously unselected package sgml-base.
Preparing to unpack .../01-sgml-base_1.29_all.deb ...
Unpacking sgml-base (1.29) ...
Selecting previously unselected package tzdata.
Preparing to unpack .../02-tzdata_2017b-2_all.deb ...
Unpacking tzdata (2017b-2) ...
Selecting previously unselected package libpopt0:amd64.
Preparing to unpack .../03-libpopt0_1.16-10+b2_amd64.deb ...
Unpacking libpopt0:amd64 (1.16-10+b2) ...
Selecting previously unselected package libmagic-mgc.
Preparing to unpack .../04-libmagic-mgc_1%3a5.30-1_amd64.deb ...
Unpacking libmagic-mgc (1:5.30-1) ...
Selecting previously unselected package libmagic1:amd64.
Preparing to unpack .../05-libmagic1_1%3a5.30-1_amd64.deb ...
Unpacking libmagic1:amd64 (1:5.30-1) ...
Selecting previously unselected package file.
Preparing to unpack .../06-file_1%3a5.30-1_amd64.deb ...
Unpacking file (1:5.30-1) ...
Selecting previously unselected package gettext-base.
Preparing to unpack .../07-gettext-base_0.19.8.1-2+b1_amd64.deb ...
Unpacking gettext-base (0.19.8.1-2+b1) ...
Selecting previously unselected package libicu57:amd64.
Preparing to unpack .../08-libicu57_57.1-6_amd64.deb ...
Unpacking libicu57:amd64 (57.1-6) ...
Selecting previously unselected package libxml2:amd64.
Preparing to unpack .../09-libxml2_2.9.4+dfsg1-3_amd64.deb ...
Unpacking libxml2:amd64 (2.9.4+dfsg1-3) ...
Selecting previously unselected package libsigsegv2:amd64.
Preparing to unpack .../10-libsigsegv2_2.11-1_amd64.deb ...
Unpacking libsigsegv2:amd64 (2.11-1) ...
Selecting previously unselected package m4.
Preparing to unpack .../11-m4_1.4.18-1_amd64.deb ...
Unpacking m4 (1.4.18-1) ...
Selecting previously unselected package autoconf.
Preparing to unpack .../12-autoconf_2.69-10_all.deb ...
Unpacking autoconf (2.69-10) ...
Selecting previously unselected package autotools-dev.
Preparing to unpack .../13-autotools-dev_20161112.1_all.deb ...
Unpacking autotools-dev (20161112.1) ...
Selecting previously unselected package automake.
Preparing to unpack .../14-automake_1%3a1.15.1-2_all.deb ...
Unpacking automake (1:1.15.1-2) ...
Selecting previously unselected package autopoint.
Preparing to unpack .../15-autopoint_0.19.8.1-2_all.deb ...
Unpacking autopoint (0.19.8.1-2) ...
Selecting previously unselected package cython.
Preparing to unpack .../16-cython_0.25.2-1+b1_amd64.deb ...
Unpacking cython (0.25.2-1+b1) ...
Selecting previously unselected package libtool.
Preparing to unpack .../17-libtool_2.4.6-2_all.deb ...
Unpacking libtool (2.4.6-2) ...
Selecting previously unselected package dh-autoreconf.
Preparing to unpack .../18-dh-autoreconf_14_all.deb ...
Unpacking dh-autoreconf (14) ...
Selecting previously unselected package libarchive-zip-perl.
Preparing to unpack .../19-libarchive-zip-perl_1.59-1_all.deb ...
Unpacking libarchive-zip-perl (1.59-1) ...
Selecting previously unselected package libfile-stripnondeterminism-perl.
Preparing to unpack .../20-libfile-stripnondeterminism-perl_0.035-2_all.deb ...
Unpacking libfile-stripnondeterminism-perl (0.035-2) ...
Selecting previously unselected package libtimedate-perl.
Preparing to unpack .../21-libtimedate-perl_2.3000-2_all.deb ...
Unpacking libtimedate-perl (2.3000-2) ...
Selecting previously unselected package dh-strip-nondeterminism.
Preparing to unpack .../22-dh-strip-nondeterminism_0.035-2_all.deb ...
Unpacking dh-strip-nondeterminism (0.035-2) ...
Selecting previously unselected package libglib2.0-0:amd64.
Preparing to unpack .../23-libglib2.0-0_2.52.3-1_amd64.deb ...
Unpacking libglib2.0-0:amd64 (2.52.3-1) ...
Selecting previously unselected package libcroco3:amd64.
Preparing to unpack .../24-libcroco3_0.6.12-1_amd64.deb ...
Unpacking libcroco3:amd64 (0.6.12-1) ...
Selecting previously unselected package gettext.
Preparing to unpack .../25-gettext_0.19.8.1-2+b1_amd64.deb ...
Unpacking gettext (0.19.8.1-2+b1) ...
Selecting previously unselected package intltool-debian.
Preparing to unpack .../26-intltool-debian_0.35.0+20060710.4_all.deb ...
Unpacking intltool-debian (0.35.0+20060710.4) ...
Selecting previously unselected package po-debconf.
Preparing to unpack .../27-po-debconf_1.0.20_all.deb ...
Unpacking po-debconf (1.0.20) ...
Selecting previously unselected package debhelper.
Preparing to unpack .../28-debhelper_10.6.2_all.deb ...
Unpacking debhelper (10.6.2) ...
Selecting previously unselected package xml-core.
Preparing to unpack .../29-xml-core_0.17_all.deb ...
Unpacking xml-core (0.17) ...
Selecting previously unselected package docutils-common.
Preparing to unpack .../30-docutils-common_0.13.1+dfsg-2_all.deb ...
Unpacking docutils-common (0.13.1+dfsg-2) ...
Selecting previously unselected package libelf1:amd64.
Preparing to unpack .../31-libelf1_0.168-1_amd64.deb ...
Unpacking libelf1:amd64 (0.168-1) ...
Selecting previously unselected package libdw1:amd64.
Preparing to unpack .../32-libdw1_0.168-1_amd64.deb ...
Unpacking libdw1:amd64 (0.168-1) ...
Selecting previously unselected package libbabeltrace1:amd64.
Preparing to unpack .../33-libbabeltrace1_1.5.2-1+b1_amd64.deb ...
Unpacking libbabeltrace1:amd64 (1.5.2-1+b1) ...
Selecting previously unselected package libbabeltrace-ctf1:amd64.
Preparing to unpack .../34-libbabeltrace-ctf1_1.5.2-1+b1_amd64.deb ...
Unpacking libbabeltrace-ctf1:amd64 (1.5.2-1+b1) ...
Selecting previously unselected package libpython3.5:amd64.
Preparing to unpack .../35-libpython3.5_3.5.3-3_amd64.deb ...
Unpacking libpython3.5:amd64 (3.5.3-3) ...
Selecting previously unselected package gdb.
Preparing to unpack .../36-gdb_7.12-6_amd64.deb ...
Unpacking gdb (7.12-6) ...
Selecting previously unselected package help2man.
Preparing to unpack .../37-help2man_1.47.4_amd64.deb ...
Unpacking help2man (1.47.4) ...
Selecting previously unselected package libexpat1-dev:amd64.
Preparing to unpack .../38-libexpat1-dev_2.2.1-3_amd64.deb ...
Unpacking libexpat1-dev:amd64 (2.2.1-3) ...
Selecting previously unselected package libjs-jquery.
Preparing to unpack .../39-libjs-jquery_3.1.1-2_all.deb ...
Unpacking libjs-jquery (3.1.1-2) ...
Selecting previously unselected package libjs-underscore.
Preparing to unpack .../40-libjs-underscore_1.8.3~dfsg-1_all.deb ...
Unpacking libjs-underscore (1.8.3~dfsg-1) ...
Selecting previously unselected package libjs-sphinxdoc.
Preparing to unpack .../41-libjs-sphinxdoc_1.4.9-2_all.deb ...
Unpacking libjs-sphinxdoc (1.4.9-2) ...
Selecting previously unselected package libpari-gmp-tls5:amd64.
Preparing to unpack .../42-libpari-gmp-tls5_2.9.1-1_amd64.deb ...
Unpacking libpari-gmp-tls5:amd64 (2.9.1-1) ...
Selecting previously unselected package libpari-dev:amd64.
Preparing to unpack .../43-libpari-dev_2.9.1-1_amd64.deb ...
Unpacking libpari-dev:amd64 (2.9.1-1) ...
Selecting previously unselected package libpython2.7:amd64.
Preparing to unpack .../44-libpython2.7_2.7.13-2_amd64.deb ...
Unpacking libpython2.7:amd64 (2.7.13-2) ...
Selecting previously unselected package libpython2.7-dev:amd64.
Preparing to unpack .../45-libpython2.7-dev_2.7.13-2_amd64.deb ...
Unpacking libpython2.7-dev:amd64 (2.7.13-2) ...
Selecting previously unselected package libpython-dev:amd64.
Preparing to unpack .../46-libpython-dev_2.7.13-2_amd64.deb ...
Unpacking libpython-dev:amd64 (2.7.13-2) ...
Selecting previously unselected package python-alabaster.
Preparing to unpack .../47-python-alabaster_0.7.8-1_all.deb ...
Unpacking python-alabaster (0.7.8-1) ...
Selecting previously unselected package python-all.
Preparing to unpack .../48-python-all_2.7.13-2_amd64.deb ...
Unpacking python-all (2.7.13-2) ...
Selecting previously unselected package python-babel-localedata.
Preparing to unpack .../49-python-babel-localedata_2.4.0+dfsg.1-2_all.deb ...
Unpacking python-babel-localedata (2.4.0+dfsg.1-2) ...
Selecting previously unselected package python-pkg-resources.
Preparing to unpack .../50-python-pkg-resources_36.0.1-1_all.deb ...
Unpacking python-pkg-resources (36.0.1-1) ...
Selecting previously unselected package python-tz.
Preparing to unpack .../51-python-tz_2017.2-2_all.deb ...
Unpacking python-tz (2017.2-2) ...
Selecting previously unselected package python-babel.
Preparing to unpack .../52-python-babel_2.4.0+dfsg.1-2_all.deb ...
Unpacking python-babel (2.4.0+dfsg.1-2) ...
Selecting previously unselected package python-roman.
Preparing to unpack .../53-python-roman_2.0.0-2_all.deb ...
Unpacking python-roman (2.0.0-2) ...
Selecting previously unselected package python-docutils.
Preparing to unpack .../54-python-docutils_0.13.1+dfsg-2_all.deb ...
Unpacking python-docutils (0.13.1+dfsg-2) ...
Selecting previously unselected package python-imagesize.
Preparing to unpack .../55-python-imagesize_0.7.1-1_all.deb ...
Unpacking python-imagesize (0.7.1-1) ...
Selecting previously unselected package python-markupsafe.
Preparing to unpack .../56-python-markupsafe_1.0-1+b1_amd64.deb ...
Unpacking python-markupsafe (1.0-1+b1) ...
Selecting previously unselected package python-jinja2.
Preparing to unpack .../57-python-jinja2_2.9.6-1_all.deb ...
Unpacking python-jinja2 (2.9.6-1) ...
Selecting previously unselected package python-pygments.
Preparing to unpack .../58-python-pygments_2.2.0+dfsg-1_all.deb ...
Unpacking python-pygments (2.2.0+dfsg-1) ...
Selecting previously unselected package python-setuptools.
Preparing to unpack .../59-python-setuptools_36.0.1-1_all.deb ...
Unpacking python-setuptools (36.0.1-1) ...
Selecting previously unselected package python-six.
Preparing to unpack .../60-python-six_1.10.0-4_all.deb ...
Unpacking python-six (1.10.0-4) ...
Selecting previously unselected package sphinx-common.
Preparing to unpack .../61-sphinx-common_1.4.9-2_all.deb ...
Unpacking sphinx-common (1.4.9-2) ...
Selecting previously unselected package python-sphinx.
Preparing to unpack .../62-python-sphinx_1.4.9-2_all.deb ...
Unpacking python-sphinx (1.4.9-2) ...
Selecting previously unselected package sbuild-build-depends-cysignals-dummy.
Preparing to unpack .../63-sbuild-build-depends-cysignals-dummy_0.invalid.0_amd64.deb ...
Unpacking sbuild-build-depends-cysignals-dummy (0.invalid.0) ...
Setting up libjs-jquery (3.1.1-2) ...
Setting up readline-common (7.0-3) ...
Setting up libpopt0:amd64 (1.16-10+b2) ...
Setting up libarchive-zip-perl (1.59-1) ...
Setting up libjs-underscore (1.8.3~dfsg-1) ...
Setting up mime-support (3.60) ...
Setting up libtimedate-perl (2.3000-2) ...
Setting up libsigsegv2:amd64 (2.11-1) ...
Setting up libreadline7:amd64 (7.0-3) ...
Setting up tzdata (2017b-2) ...

Current default time zone: 'Etc/UTC'
Local time is now:      Thu Jul  6 16:10:15 UTC 2017.
Universal Time is now:  Thu Jul  6 16:10:15 UTC 2017.
Run 'dpkg-reconfigure tzdata' if you wish to change it.

Setting up libelf1:amd64 (0.168-1) ...
Setting up libpari-gmp-tls5:amd64 (2.9.1-1) ...
Setting up groff-base (1.22.3-9) ...
Setting up libglib2.0-0:amd64 (2.52.3-1) ...
No schema files found: doing nothing.
Setting up libjs-sphinxdoc (1.4.9-2) ...
Setting up gettext-base (0.19.8.1-2+b1) ...
Setting up libpipeline1:amd64 (1.4.1-2) ...
Setting up m4 (1.4.18-1) ...
Setting up sgml-base (1.29) ...
Setting up libicu57:amd64 (57.1-6) ...
Setting up libxml2:amd64 (2.9.4+dfsg1-3) ...
Setting up libmagic-mgc (1:5.30-1) ...
Setting up libmagic1:amd64 (1:5.30-1) ...
Setting up libcroco3:amd64 (0.6.12-1) ...
Processing triggers for libc-bin (2.24-12) ...
Setting up autotools-dev (20161112.1) ...
Setting up python-babel-localedata (2.4.0+dfsg.1-2) ...
Setting up sphinx-common (1.4.9-2) ...
Setting up libsqlite3-0:amd64 (3.16.2-5) ...
Setting up liblocale-gettext-perl (1.07-3+b1) ...
Setting up libexpat1-dev:amd64 (2.2.1-3) ...
Setting up xml-core (0.17) ...
Setting up bsdmainutils (9.0.12+nmu1) ...
update-alternatives: using /usr/bin/bsd-write to provide /usr/bin/write (write) in auto mode
update-alternatives: using /usr/bin/bsd-from to provide /usr/bin/from (from) in auto mode
Setting up libpari-dev:amd64 (2.9.1-1) ...
Setting up libpython2.7-stdlib:amd64 (2.7.13-2) ...
Setting up autopoint (0.19.8.1-2) ...
Setting up libmpdec2:amd64 (2.4.2-1) ...
Setting up libfile-stripnondeterminism-perl (0.035-2) ...
Setting up libdw1:amd64 (0.168-1) ...
Setting up gettext (0.19.8.1-2+b1) ...
Setting up libpython3.5-stdlib:amd64 (3.5.3-3) ...
Setting up python2.7 (2.7.13-2) ...
Setting up autoconf (2.69-10) ...
Setting up file (1:5.30-1) ...
Setting up libpython-stdlib:amd64 (2.7.13-2) ...
Setting up intltool-debian (0.35.0+20060710.4) ...
Setting up libpython2.7:amd64 (2.7.13-2) ...
Setting up automake (1:1.15.1-2) ...
update-alternatives: using /usr/bin/automake-1.15 to provide /usr/bin/automake (automake) in auto mode
Setting up help2man (1.47.4) ...
Setting up man-db (2.7.6.1-2) ...
Not building database; man-db/auto-update is not 'true'.
Setting up libpython2.7-dev:amd64 (2.7.13-2) ...
Setting up python (2.7.13-2) ...
Setting up libtool (2.4.6-2) ...
Setting up python3.5 (3.5.3-3) ...
Setting up libpython3-stdlib:amd64 (3.5.3-3) ...
Setting up libpython-dev:amd64 (2.7.13-2) ...
Setting up po-debconf (1.0.20) ...
Setting up libpython3.5:amd64 (3.5.3-3) ...
Setting up python-tz (2017.2-2) ...
Setting up python-imagesize (0.7.1-1) ...
Setting up python-alabaster (0.7.8-1) ...
Setting up python-pkg-resources (36.0.1-1) ...
Setting up python-roman (2.0.0-2) ...
Setting up python-markupsafe (1.0-1+b1) ...
Setting up cython (0.25.2-1+b1) ...
Setting up python-six (1.10.0-4) ...
Setting up python-pygments (2.2.0+dfsg-1) ...
Setting up python-all (2.7.13-2) ...
Setting up python-setuptools (36.0.1-1) ...
Setting up python-jinja2 (2.9.6-1) ...
Setting up python-babel (2.4.0+dfsg.1-2) ...
update-alternatives: using /usr/bin/pybabel-python2 to provide /usr/bin/pybabel (pybabel) in auto mode
Processing triggers for sgml-base (1.29) ...
Setting up docutils-common (0.13.1+dfsg-2) ...
Processing triggers for sgml-base (1.29) ...
Setting up python-docutils (0.13.1+dfsg-2) ...
update-alternatives: using /usr/share/docutils/scripts/python2/rst-buildhtml to provide /usr/bin/rst-buildhtml (rst-buildhtml) in auto mode
update-alternatives: using /usr/share/docutils/scripts/python2/rst2html to provide /usr/bin/rst2html (rst2html) in auto mode
update-alternatives: using /usr/share/docutils/scripts/python2/rst2html4 to provide /usr/bin/rst2html4 (rst2html4) in auto mode
update-alternatives: using /usr/share/docutils/scripts/python2/rst2html5 to provide /usr/bin/rst2html5 (rst2html5) in auto mode
update-alternatives: using /usr/share/docutils/scripts/python2/rst2latex to provide /usr/bin/rst2latex (rst2latex) in auto mode
update-alternatives: using /usr/share/docutils/scripts/python2/rst2man to provide /usr/bin/rst2man (rst2man) in auto mode
update-alternatives: using /usr/share/docutils/scripts/python2/rst2odt to provide /usr/bin/rst2odt (rst2odt) in auto mode
update-alternatives: using /usr/share/docutils/scripts/python2/rst2odt_prepstyles to provide /usr/bin/rst2odt_prepstyles (rst2odt_prepstyles) in auto mode
update-alternatives: using /usr/share/docutils/scripts/python2/rst2pseudoxml to provide /usr/bin/rst2pseudoxml (rst2pseudoxml) in auto mode
update-alternatives: using /usr/share/docutils/scripts/python2/rst2s5 to provide /usr/bin/rst2s5 (rst2s5) in auto mode
update-alternatives: using /usr/share/docutils/scripts/python2/rst2xetex to provide /usr/bin/rst2xetex (rst2xetex) in auto mode
update-alternatives: using /usr/share/docutils/scripts/python2/rst2xml to provide /usr/bin/rst2xml (rst2xml) in auto mode
update-alternatives: using /usr/share/docutils/scripts/python2/rstpep2html to provide /usr/bin/rstpep2html (rstpep2html) in auto mode
Setting up python-sphinx (1.4.9-2) ...
Setting up dh-python (2.20170125) ...
Setting up libbabeltrace1:amd64 (1.5.2-1+b1) ...
Setting up dh-autoreconf (14) ...
Setting up python3 (3.5.3-3) ...
Setting up dh-strip-nondeterminism (0.035-2) ...
Setting up libbabeltrace-ctf1:amd64 (1.5.2-1+b1) ...
Setting up debhelper (10.6.2) ...
Setting up gdb (7.12-6) ...
Setting up sbuild-build-depends-cysignals-dummy (0.invalid.0) ...
Processing triggers for libc-bin (2.24-12) ...

+------------------------------------------------------------------------------+
| Build environment                                                            |
+------------------------------------------------------------------------------+

Kernel: Linux 4.9.0-2-amd64 amd64 (x86_64)
Toolchain package versions: binutils_2.28-6 dpkg-dev_1.18.24 g++-6_6.4.0-1 gcc-6_6.4.0-1 libc6-dev_2.24-12 libstdc++-6-dev_6.4.0-1 libstdc++6_7.1.0-9 linux-libc-dev_4.11.6-1
Package versions: adduser_3.115 apt_1.5~beta1 autoconf_2.69-10 automake_1:1.15.1-2 autopoint_0.19.8.1-2 autotools-dev_20161112.1 base-files_10 base-passwd_3.5.43 bash_4.4-5 binutils_2.28-6 bsdmainutils_9.0.12+nmu1 bsdutils_1:2.29.2-1 build-essential_12.3 bzip2_1.0.6-8.1 clang-5.0_1:5.0~svn305653-1 coreutils_8.26-3 cpp_4:6.3.0-4d1 cpp-6_6.4.0-1 cython_0.25.2-1+b1 dash_0.5.8-2.4 debconf_1.5.62 debfoster_2.7-2.1+b1 debhelper_10.6.2 debian-archive-keyring_2017.5 debianutils_4.8.1.1 dh-autoreconf_14 dh-python_2.20170125 dh-strip-nondeterminism_0.035-2 diffutils_1:3.5-3 docutils-common_0.13.1+dfsg-2 dpkg_1.18.24 dpkg-dev_1.18.24 e2fslibs_1.43.4-2 e2fsprogs_1.43.4-2 eatmydata_105-5 fakeroot_1.21-3.1 file_1:5.30-1 findutils_4.6.0+git+20170606-2 g++_4:6.3.0-4d1 g++-6_6.4.0-1 gcc_4:6.3.0-4d1 gcc-6_6.4.0-1 gcc-6-base_6.4.0-1 gcc-7-base_7.1.0-9 gdb_7.12-6 gettext_0.19.8.1-2+b1 gettext-base_0.19.8.1-2+b1 gpgv_2.1.18-8 grep_2.27-2 groff-base_1.22.3-9 gzip_1.6-5+b1 help2man_1.47.4 hostname_3.18+b1 init-system-helpers_1.48 intltool-debian_0.35.0+20060710.4 lib32gcc1_1:7.1.0-9 lib32stdc++6_7.1.0-9 libacl1_2.2.52-3+b1 libapt-pkg5.0_1.5~beta1 libarchive-zip-perl_1.59-1 libasan3_6.4.0-1 libatomic1_7.1.0-9 libattr1_1:2.4.47-2+b2 libaudit-common_1:2.7.7-1 libaudit1_1:2.7.7-1+b1 libbabeltrace-ctf1_1.5.2-1+b1 libbabeltrace1_1.5.2-1+b1 libblkid1_2.29.2-1 libbsd0_0.8.5-1 libbz2-1.0_1.0.6-8.1 libc-bin_2.24-12 libc-dev-bin_2.24-12 libc6_2.24-12 libc6-dev_2.24-12 libc6-i386_2.24-12 libcap-ng0_0.7.7-3+b1 libcc1-0_7.1.0-9 libcilkrts5_7.1.0-9 libclang-common-5.0-dev_1:5.0~svn305653-1 libclang1-5.0_1:5.0~svn305653-1 libcomerr2_1.43.4-2 libcroco3_0.6.12-1 libdb5.3_5.3.28-12+b1 libdebconfclient0_0.229 libdpkg-perl_1.18.24 libdw1_0.168-1 libeatmydata1_105-5 libedit2_3.1-20170329-1 libelf1_0.168-1 libexpat1_2.2.1-3 libexpat1-dev_2.2.1-3 libfakeroot_1.21-3.1 libfdisk1_2.29.2-1 libffi6_3.2.1-6 libfile-stripnondeterminism-perl_0.035-2 libgc1c2_1:7.4.2-8 libgcc-6-dev_6.4.0-1 libgcc1_1:7.1.0-9 libgcrypt20_1.7.8-1 libgdbm3_1.8.3-14 libglib2.0-0_2.52.3-1 libgmp10_2:6.1.2+dfsg-1 libgnutls30_3.5.13-2 libgomp1_7.1.0-9 libgpg-error0_1.27-3 libhogweed4_3.3-1+b1 libicu57_57.1-6 libidn2-0_0.16-1+b1 libisl15_0.18-1 libitm1_7.1.0-9 libjs-jquery_3.1.1-2 libjs-sphinxdoc_1.4.9-2 libjs-underscore_1.8.3~dfsg-1 libjsoncpp1_1.7.4-3 libllvm5.0_1:5.0~svn305653-1 liblocale-gettext-perl_1.07-3+b1 liblsan0_7.1.0-9 liblz4-1_0.0~r131-2+b1 liblzma5_5.2.2-1.2+b1 libmagic-mgc_1:5.30-1 libmagic1_1:5.30-1 libmount1_2.29.2-1 libmpc3_1.0.3-1+b2 libmpdec2_2.4.2-1 libmpfr4_3.1.5-1 libmpx2_7.1.0-9 libncurses5_6.0+20161126-1 libncursesw5_6.0+20161126-1 libnettle6_3.3-1+b1 libobjc-6-dev_6.4.0-1 libobjc4_7.1.0-9 libp11-kit0_0.23.7-2 libpam-modules_1.1.8-3.6 libpam-modules-bin_1.1.8-3.6 libpam-runtime_1.1.8-3.6 libpam0g_1.1.8-3.6 libpari-dev_2.9.1-1 libpari-gmp-tls5_2.9.1-1 libpcre3_2:8.39-3 libperl5.24_5.24.1-6 libpipeline1_1.4.1-2 libpopt0_1.16-10+b2 libpython-dev_2.7.13-2 libpython-stdlib_2.7.13-2 libpython2.7_2.7.13-2 libpython2.7-dev_2.7.13-2 libpython2.7-minimal_2.7.13-2 libpython2.7-stdlib_2.7.13-2 libpython3-stdlib_3.5.3-3 libpython3.5_3.5.3-3 libpython3.5-minimal_3.5.3-3 libpython3.5-stdlib_3.5.3-3 libquadmath0_7.1.0-9 libreadline7_7.0-3 libselinux1_2.6-3+b2 libsemanage-common_2.6-2 libsemanage1_2.6-2+b1 libsepol1_2.6-2 libsigsegv2_2.11-1 libsmartcols1_2.29.2-1 libsqlite3-0_3.16.2-5 libss2_1.43.4-2 libssl1.1_1.1.0f-3 libstdc++-6-dev_6.4.0-1 libstdc++6_7.1.0-9 libsystemd0_233-10 libtasn1-6_4.12-2 libtimedate-perl_2.3000-2 libtinfo5_6.0+20161126-1 libtool_2.4.6-2 libtsan0_7.1.0-9 libubsan0_7.1.0-9 libudev1_233-10 libunistring2_0.9.7-2 libustr-1.0-1_1.0.4-6 libuuid1_2.29.2-1 libxml2_2.9.4+dfsg1-3 linux-libc-dev_4.11.6-1 login_1:4.4-4.1 m4_1.4.18-1 make_4.1-9.1 man-db_2.7.6.1-2 mawk_1.3.3-17+b3 mime-support_3.60 mount_2.29.2-1 multiarch-support_2.24-12 ncurses-base_6.0+20161126-1 ncurses-bin_6.0+20161126-1 passwd_1:4.4-4.1 patch_2.7.5-1+b2 perl_5.24.1-6 perl-base_5.24.1-6 perl-modules-5.24_5.24.1-6 po-debconf_1.0.20 python_2.7.13-2 python-alabaster_0.7.8-1 python-all_2.7.13-2 python-babel_2.4.0+dfsg.1-2 python-babel-localedata_2.4.0+dfsg.1-2 python-docutils_0.13.1+dfsg-2 python-imagesize_0.7.1-1 python-jinja2_2.9.6-1 python-markupsafe_1.0-1+b1 python-minimal_2.7.13-2 python-pkg-resources_36.0.1-1 python-pygments_2.2.0+dfsg-1 python-roman_2.0.0-2 python-setuptools_36.0.1-1 python-six_1.10.0-4 python-sphinx_1.4.9-2 python-tz_2017.2-2 python2.7_2.7.13-2 python2.7-minimal_2.7.13-2 python3_3.5.3-3 python3-minimal_3.5.3-3 python3.5_3.5.3-3 python3.5-minimal_3.5.3-3 readline-common_7.0-3 sbuild-build-depends-core-dummy_0.invalid.0 sbuild-build-depends-cysignals-dummy_0.invalid.0 sed_4.4-1 sensible-utils_0.0.9 sgml-base_1.29 sphinx-common_1.4.9-2 sysvinit-utils_2.88dsf-59.9 tar_1.29b-1.1 tzdata_2017b-2 util-linux_2.29.2-1 xml-core_0.17 xz-utils_5.2.2-1.2+b1 zlib1g_1:1.2.8.dfsg-5

+------------------------------------------------------------------------------+
| Build                                                                        |
+------------------------------------------------------------------------------+


Unpack source
-------------

gpgv: unknown type of key resource 'trustedkeys.kbx'
gpgv: keyblock resource '/sbuild-nonexistent/.gnupg/trustedkeys.kbx': General error
gpgv: Signature made Wed Nov  9 17:26:58 2016 UTC
gpgv:                using RSA key 3F9219A67F36C68B
gpgv: Can't check signature: No public key
dpkg-source: warning: failed to verify signature on ./cysignals_1.3.2+ds-1.dsc
dpkg-source: info: extracting cysignals in /<<BUILDDIR>>/cysignals-1.3.2+ds
dpkg-source: info: unpacking cysignals_1.3.2+ds.orig.tar.xz
dpkg-source: info: unpacking cysignals_1.3.2+ds-1.debian.tar.xz
dpkg-source: info: applying upstream-autotoolization-harden-generic.patch
dpkg-source: info: applying upstream-autotoolization-harden-pari_gp.patch
dpkg-source: info: applying upstream-autotoolization_pytoolization-harden-build_directory.patch
dpkg-source: info: applying upstream-source-tools-gdb-handling_enhancement.patch
dpkg-source: info: applying debianization.patch

Check disk space
----------------

Sufficient free space for build

User Environment
----------------

APT_CONFIG=/var/lib/sbuild/apt.conf
HOME=/sbuild-nonexistent
LANG=en_US.UTF-8
LC_ALL=POSIX
LOGNAME=user42
PATH=/usr/local/sbin:/usr/local/bin:/usr/sbin:/usr/bin:/sbin:/bin:/usr/games
SCHROOT_ALIAS_NAME=unstable-amd64-sbuild
SCHROOT_CHROOT_NAME=unstable-amd64-sbuild
SCHROOT_COMMAND=env
SCHROOT_GID=1001
SCHROOT_GROUP=user42
SCHROOT_SESSION_ID=unstable-amd64-sbuild-58863456-5022-43ce-85b8-6a2117156acd
SCHROOT_UID=1001
SCHROOT_USER=user42
SHELL=/bin/sh
USER=user42

dpkg-buildpackage
-----------------

dpkg-buildpackage: info: source package cysignals
dpkg-buildpackage: info: source version 1.3.2+ds-1
dpkg-buildpackage: info: source distribution unstable
dpkg-buildpackage: info: source changed by Jerome Benoit <calculus@rezozer.net>
 dpkg-source --before-build cysignals-1.3.2+ds
dpkg-buildpackage: info: host architecture amd64
 fakeroot debian/rules clean
dh clean --with autoreconf --with python2  --with sphinxdoc --buildsystem=pybuild
   dh_testdir -O--buildsystem=pybuild
   debian/rules override_dh_auto_clean
make[1]: Entering directory '/<<BUILDDIR>>/cysignals-1.3.2+ds'
/usr/bin/make distclean
make[2]: Entering directory '/<<BUILDDIR>>/cysignals-1.3.2+ds'
cd docs && /usr/bin/make clean
make[3]: Entering directory '/<<BUILDDIR>>/cysignals-1.3.2+ds/docs'
rm -rf build/*
make[3]: Leaving directory '/<<BUILDDIR>>/cysignals-1.3.2+ds/docs'
rm -rf build example/build example/*.c
rm -rf autom4te.cache
rm -f config.log config.status
make[2]: Leaving directory '/<<BUILDDIR>>/cysignals-1.3.2+ds'
make[1]: Leaving directory '/<<BUILDDIR>>/cysignals-1.3.2+ds'
   dh_autoreconf_clean -O--buildsystem=pybuild
   dh_clean -O--buildsystem=pybuild
 debian/rules build-arch
dh build-arch --with autoreconf --with python2  --with sphinxdoc --buildsystem=pybuild
   dh_testdir -a -O--buildsystem=pybuild
   dh_update_autotools_config -a -O--buildsystem=pybuild
   dh_autoreconf -a -O--buildsystem=pybuild
   debian/rules override_dh_auto_configure-arch
make[1]: Entering directory '/<<BUILDDIR>>/cysignals-1.3.2+ds'
PYSETUP_CONFIGURE_FLAGS='--without-pari' dh_auto_configure
I: pybuild base:184: python2.7 setup.py config 
running config
PYSETUP_CONFIGURE_FLAGS='--with-pari' dh_auto_configure
I: pybuild base:184: python2.7 setup.py config 
running config
make[1]: Leaving directory '/<<BUILDDIR>>/cysignals-1.3.2+ds'
   debian/rules override_dh_auto_build-arch
make[1]: Entering directory '/<<BUILDDIR>>/cysignals-1.3.2+ds'
PYSETUP_CONFIGURE_FLAGS='--without-pari' dh_auto_build -- --before-build "mkdir -v -p {build_dir}/../build-bare" --after-build  " mv -v {build_dir}/* {build_dir}/../build-bare && echo PYBUILD_interpreter={interpreter} > /<<BUILDDIR>>/cysignals-1.3.2+ds/build/dh-test-auto_build-bare.sh && echo PYBUILD_build_dir={build_dir}/../build-bare >> /<<BUILDDIR>>/cysignals-1.3.2+ds/build/dh-test-auto_build-bare.sh " 
I: pybuild pybuild:219: mkdir -v -p /<<BUILDDIR>>/cysignals-1.3.2+ds/.pybuild/pythonX.Y_2.7/build/../build-bare
mkdir: created directory '/<<BUILDDIR>>/cysignals-1.3.2+ds/.pybuild/pythonX.Y_2.7/build/../build-bare'
I: pybuild base:184: /usr/bin/python setup.py build 
running build
running build_py
creating /<<BUILDDIR>>/cysignals-1.3.2+ds/.pybuild/pythonX.Y_2.7/build/cysignals
copying src/cysignals/__init__.py -> /<<BUILDDIR>>/cysignals-1.3.2+ds/.pybuild/pythonX.Y_2.7/build/cysignals
creating /<<BUILDDIR>>/cysignals-1.3.2+ds/.pybuild/pythonX.Y_2.7/build/cysignals_gdb
copying src/scripts/cysignals-CSI-helper.py -> /<<BUILDDIR>>/cysignals-1.3.2+ds/.pybuild/pythonX.Y_2.7/build/cysignals_gdb
copying src/scripts/__init__.py -> /<<BUILDDIR>>/cysignals-1.3.2+ds/.pybuild/pythonX.Y_2.7/build/cysignals_gdb
copying src/cysignals/memory.pxi -> /<<BUILDDIR>>/cysignals-1.3.2+ds/.pybuild/pythonX.Y_2.7/build/cysignals
copying src/cysignals/signals.pxi -> /<<BUILDDIR>>/cysignals-1.3.2+ds/.pybuild/pythonX.Y_2.7/build/cysignals
copying src/cysignals/memory.pxd -> /<<BUILDDIR>>/cysignals-1.3.2+ds/.pybuild/pythonX.Y_2.7/build/cysignals
copying src/cysignals/signals.pxd -> /<<BUILDDIR>>/cysignals-1.3.2+ds/.pybuild/pythonX.Y_2.7/build/cysignals
copying src/cysignals/macros.h -> /<<BUILDDIR>>/cysignals-1.3.2+ds/.pybuild/pythonX.Y_2.7/build/cysignals
copying src/cysignals/pxi.h -> /<<BUILDDIR>>/cysignals-1.3.2+ds/.pybuild/pythonX.Y_2.7/build/cysignals
copying src/cysignals/struct_signals.h -> /<<BUILDDIR>>/cysignals-1.3.2+ds/.pybuild/pythonX.Y_2.7/build/cysignals
running build_ext
make[2]: Entering directory '/<<BUILDDIR>>/cysignals-1.3.2+ds'
make[2]: 'configure' is up to date.
make[2]: Leaving directory '/<<BUILDDIR>>/cysignals-1.3.2+ds'
checking for gcc... gcc
checking whether the C compiler works... yes
checking for C compiler default output file name... a.out
checking for suffix of executables... 
checking whether we are cross compiling... no
checking for suffix of object files... o
checking whether we are using the GNU C compiler... yes
checking whether gcc accepts -g... yes
checking for gcc option to accept ISO C89... none needed
checking how to run the C preprocessor... gcc -E
checking for grep that handles long lines and -e... /bin/grep
checking for egrep... /bin/grep -E
checking for ANSI C header files... yes
checking for sys/types.h... yes
checking for sys/stat.h... yes
checking for stdlib.h... yes
checking for string.h... yes
checking for memory.h... yes
checking for strings.h... yes
checking for inttypes.h... yes
checking for stdint.h... yes
checking for unistd.h... yes
checking execinfo.h usability... yes
checking execinfo.h presence... yes
checking for execinfo.h... yes
checking sys/prctl.h usability... yes
checking sys/prctl.h presence... yes
checking for sys/prctl.h... yes
checking for backtrace... yes
checking for a sed that does not truncate output... /bin/sed
checking whether PARI is enabled... no
checking for emms instruction... yes
configure: creating ./config.status
config.status: creating src/config.h
config.status: creating src/cysignals/debug.h
config.status: executing src/cysignals/__init__.pxd commands
generating /<<BUILDDIR>>/cysignals-1.3.2+ds/.pybuild/pythonX.Y_2.7/build/cysignals/__init__.pxd
Compiling src/cysignals/signals.pyx because it changed.
Compiling src/cysignals/alarm.pyx because it changed.
Compiling src/cysignals/pselect.pyx because it changed.
Compiling src/cysignals/tests.pyx because it changed.
[1/4] Cythonizing src/cysignals/alarm.pyx
[2/4] Cythonizing src/cysignals/pselect.pyx
[3/4] Cythonizing src/cysignals/signals.pyx
[4/4] Cythonizing src/cysignals/tests.pyx
building 'cysignals.signals' extension
creating build/temp.linux-amd64-2.7
creating build/temp.linux-amd64-2.7/build
creating build/temp.linux-amd64-2.7/build/bare
creating build/temp.linux-amd64-2.7/build/bare/src
creating build/temp.linux-amd64-2.7/build/bare/src/cysignals
x86_64-linux-gnu-gcc -pthread -DNDEBUG -g -fwrapv -O2 -Wall -Wstrict-prototypes -fno-strict-aliasing -g -O2 -fdebug-prefix-map=/<<BUILDDIR>>/cysignals-1.3.2+ds=. -fstack-protector-strong -Wformat -Werror=format-security -Wdate-time -D_FORTIFY_SOURCE=2 -fPIC -Isrc/cysignals -Ibuild/bare/src -Ibuild/bare/src/cysignals -I/usr/include/python2.7 -c build/bare/src/cysignals/signals.c -o build/temp.linux-amd64-2.7/build/bare/src/cysignals/signals.o
x86_64-linux-gnu-gcc -pthread -shared -Wl,-O1 -Wl,-Bsymbolic-functions -Wl,-z,relro -fno-strict-aliasing -DNDEBUG -g -fwrapv -O2 -Wall -Wstrict-prototypes -Wdate-time -D_FORTIFY_SOURCE=2 -g -fdebug-prefix-map=/build/python2.7-HVkOs2/python2.7-2.7.13=. -fstack-protector-strong -Wformat -Werror=format-security -Wl,-z,relro -Wl,-z,now -g -O2 -fdebug-prefix-map=/<<BUILDDIR>>/cysignals-1.3.2+ds=. -fstack-protector-strong -Wformat -Werror=format-security -Wdate-time -D_FORTIFY_SOURCE=2 build/temp.linux-amd64-2.7/build/bare/src/cysignals/signals.o -o /<<BUILDDIR>>/cysignals-1.3.2+ds/.pybuild/pythonX.Y_2.7/build/cysignals/signals.so
building 'cysignals.alarm' extension
x86_64-linux-gnu-gcc -pthread -DNDEBUG -g -fwrapv -O2 -Wall -Wstrict-prototypes -fno-strict-aliasing -g -O2 -fdebug-prefix-map=/<<BUILDDIR>>/cysignals-1.3.2+ds=. -fstack-protector-strong -Wformat -Werror=format-security -Wdate-time -D_FORTIFY_SOURCE=2 -fPIC -Isrc/cysignals -Ibuild/bare/src -Ibuild/bare/src/cysignals -I/usr/include/python2.7 -c build/bare/src/cysignals/alarm.c -o build/temp.linux-amd64-2.7/build/bare/src/cysignals/alarm.o
x86_64-linux-gnu-gcc -pthread -shared -Wl,-O1 -Wl,-Bsymbolic-functions -Wl,-z,relro -fno-strict-aliasing -DNDEBUG -g -fwrapv -O2 -Wall -Wstrict-prototypes -Wdate-time -D_FORTIFY_SOURCE=2 -g -fdebug-prefix-map=/build/python2.7-HVkOs2/python2.7-2.7.13=. -fstack-protector-strong -Wformat -Werror=format-security -Wl,-z,relro -Wl,-z,now -g -O2 -fdebug-prefix-map=/<<BUILDDIR>>/cysignals-1.3.2+ds=. -fstack-protector-strong -Wformat -Werror=format-security -Wdate-time -D_FORTIFY_SOURCE=2 build/temp.linux-amd64-2.7/build/bare/src/cysignals/alarm.o -o /<<BUILDDIR>>/cysignals-1.3.2+ds/.pybuild/pythonX.Y_2.7/build/cysignals/alarm.so
building 'cysignals.pselect' extension
x86_64-linux-gnu-gcc -pthread -DNDEBUG -g -fwrapv -O2 -Wall -Wstrict-prototypes -fno-strict-aliasing -g -O2 -fdebug-prefix-map=/<<BUILDDIR>>/cysignals-1.3.2+ds=. -fstack-protector-strong -Wformat -Werror=format-security -Wdate-time -D_FORTIFY_SOURCE=2 -fPIC -Isrc/cysignals -Ibuild/bare/src -Ibuild/bare/src/cysignals -I/usr/include/python2.7 -c build/bare/src/cysignals/pselect.c -o build/temp.linux-amd64-2.7/build/bare/src/cysignals/pselect.o
x86_64-linux-gnu-gcc -pthread -shared -Wl,-O1 -Wl,-Bsymbolic-functions -Wl,-z,relro -fno-strict-aliasing -DNDEBUG -g -fwrapv -O2 -Wall -Wstrict-prototypes -Wdate-time -D_FORTIFY_SOURCE=2 -g -fdebug-prefix-map=/build/python2.7-HVkOs2/python2.7-2.7.13=. -fstack-protector-strong -Wformat -Werror=format-security -Wl,-z,relro -Wl,-z,now -g -O2 -fdebug-prefix-map=/<<BUILDDIR>>/cysignals-1.3.2+ds=. -fstack-protector-strong -Wformat -Werror=format-security -Wdate-time -D_FORTIFY_SOURCE=2 build/temp.linux-amd64-2.7/build/bare/src/cysignals/pselect.o -o /<<BUILDDIR>>/cysignals-1.3.2+ds/.pybuild/pythonX.Y_2.7/build/cysignals/pselect.so
building 'cysignals.tests' extension
x86_64-linux-gnu-gcc -pthread -DNDEBUG -g -fwrapv -O2 -Wall -Wstrict-prototypes -fno-strict-aliasing -g -O2 -fdebug-prefix-map=/<<BUILDDIR>>/cysignals-1.3.2+ds=. -fstack-protector-strong -Wformat -Werror=format-security -Wdate-time -D_FORTIFY_SOURCE=2 -fPIC -Isrc/cysignals -Ibuild/bare/src -Ibuild/bare/src/cysignals -I/usr/include/python2.7 -c build/bare/src/cysignals/tests.c -o build/temp.linux-amd64-2.7/build/bare/src/cysignals/tests.o
build/bare/src/cysignals/tests.c:1138:15: warning: unused variable '__pyx_f_9cysignals_7signals_print_backtrace' [-Wunused-variable]
static void (*__pyx_f_9cysignals_7signals_print_backtrace)(void); /*proto*/
              ^
build/bare/src/cysignals/tests.c:1139:15: warning: unused variable '__pyx_f_9cysignals_7signals__sig_on_interrupt_received' [-Wunused-variable]
static void (*__pyx_f_9cysignals_7signals__sig_on_interrupt_received)(void); /*proto*/
              ^
build/bare/src/cysignals/tests.c:1140:15: warning: unused variable '__pyx_f_9cysignals_7signals__sig_on_recover' [-Wunused-variable]
static void (*__pyx_f_9cysignals_7signals__sig_on_recover)(void); /*proto*/
              ^
build/bare/src/cysignals/tests.c:1141:15: warning: unused variable '__pyx_f_9cysignals_7signals__sig_off_warning' [-Wunused-variable]
static void (*__pyx_f_9cysignals_7signals__sig_off_warning)(char const *, int); /*proto*/
              ^
4 warnings generated.
x86_64-linux-gnu-gcc -pthread -shared -Wl,-O1 -Wl,-Bsymbolic-functions -Wl,-z,relro -fno-strict-aliasing -DNDEBUG -g -fwrapv -O2 -Wall -Wstrict-prototypes -Wdate-time -D_FORTIFY_SOURCE=2 -g -fdebug-prefix-map=/build/python2.7-HVkOs2/python2.7-2.7.13=. -fstack-protector-strong -Wformat -Werror=format-security -Wl,-z,relro -Wl,-z,now -g -O2 -fdebug-prefix-map=/<<BUILDDIR>>/cysignals-1.3.2+ds=. -fstack-protector-strong -Wformat -Werror=format-security -Wdate-time -D_FORTIFY_SOURCE=2 build/temp.linux-amd64-2.7/build/bare/src/cysignals/tests.o -o /<<BUILDDIR>>/cysignals-1.3.2+ds/.pybuild/pythonX.Y_2.7/build/cysignals/tests.so
running build_scripts
creating build/scripts-2.7
copying and adjusting src/scripts/cysignals-CSI -> build/scripts-2.7
changing mode of build/scripts-2.7/cysignals-CSI from 664 to 775
I: pybuild pybuild:242:  mv -v /<<BUILDDIR>>/cysignals-1.3.2+ds/.pybuild/pythonX.Y_2.7/build/* /<<BUILDDIR>>/cysignals-1.3.2+ds/.pybuild/pythonX.Y_2.7/build/../build-bare && echo PYBUILD_interpreter=python2.7 > /<<BUILDDIR>>/cysignals-1.3.2+ds/build/dh-test-auto_build-bare.sh && echo PYBUILD_build_dir=/<<BUILDDIR>>/cysignals-1.3.2+ds/.pybuild/pythonX.Y_2.7/build/../build-bare >> /<<BUILDDIR>>/cysignals-1.3.2+ds/build/dh-test-auto_build-bare.sh 
'/<<BUILDDIR>>/cysignals-1.3.2+ds/.pybuild/pythonX.Y_2.7/build/cysignals' -> '/<<BUILDDIR>>/cysignals-1.3.2+ds/.pybuild/pythonX.Y_2.7/build/../build-bare/cysignals'
'/<<BUILDDIR>>/cysignals-1.3.2+ds/.pybuild/pythonX.Y_2.7/build/cysignals_gdb' -> '/<<BUILDDIR>>/cysignals-1.3.2+ds/.pybuild/pythonX.Y_2.7/build/../build-bare/cysignals_gdb'
touch /<<BUILDDIR>>/cysignals-1.3.2+ds/build/dh-stamp-auto_build-bare 
PYSETUP_CONFIGURE_FLAGS='--with-pari' dh_auto_build -- --before-build "mkdir -v -p {build_dir}/../build-pari" --after-build  " mv -v {build_dir}/* {build_dir}/../build-pari && echo PYBUILD_interpreter={interpreter} > /<<BUILDDIR>>/cysignals-1.3.2+ds/build/dh-test-auto_build-pari.sh && echo PYBUILD_build_dir={build_dir}/../build-pari >> /<<BUILDDIR>>/cysignals-1.3.2+ds/build/dh-test-auto_build-pari.sh " 
I: pybuild pybuild:219: mkdir -v -p /<<BUILDDIR>>/cysignals-1.3.2+ds/.pybuild/pythonX.Y_2.7/build/../build-pari
mkdir: created directory '/<<BUILDDIR>>/cysignals-1.3.2+ds/.pybuild/pythonX.Y_2.7/build/../build-pari'
I: pybuild base:184: /usr/bin/python setup.py build 
running build
running build_py
creating /<<BUILDDIR>>/cysignals-1.3.2+ds/.pybuild/pythonX.Y_2.7/build/cysignals
copying src/cysignals/__init__.py -> /<<BUILDDIR>>/cysignals-1.3.2+ds/.pybuild/pythonX.Y_2.7/build/cysignals
creating /<<BUILDDIR>>/cysignals-1.3.2+ds/.pybuild/pythonX.Y_2.7/build/cysignals_gdb
copying src/scripts/cysignals-CSI-helper.py -> /<<BUILDDIR>>/cysignals-1.3.2+ds/.pybuild/pythonX.Y_2.7/build/cysignals_gdb
copying src/scripts/__init__.py -> /<<BUILDDIR>>/cysignals-1.3.2+ds/.pybuild/pythonX.Y_2.7/build/cysignals_gdb
copying src/cysignals/memory.pxi -> /<<BUILDDIR>>/cysignals-1.3.2+ds/.pybuild/pythonX.Y_2.7/build/cysignals
copying src/cysignals/signals.pxi -> /<<BUILDDIR>>/cysignals-1.3.2+ds/.pybuild/pythonX.Y_2.7/build/cysignals
copying src/cysignals/memory.pxd -> /<<BUILDDIR>>/cysignals-1.3.2+ds/.pybuild/pythonX.Y_2.7/build/cysignals
copying src/cysignals/signals.pxd -> /<<BUILDDIR>>/cysignals-1.3.2+ds/.pybuild/pythonX.Y_2.7/build/cysignals
copying src/cysignals/macros.h -> /<<BUILDDIR>>/cysignals-1.3.2+ds/.pybuild/pythonX.Y_2.7/build/cysignals
copying src/cysignals/pxi.h -> /<<BUILDDIR>>/cysignals-1.3.2+ds/.pybuild/pythonX.Y_2.7/build/cysignals
copying src/cysignals/struct_signals.h -> /<<BUILDDIR>>/cysignals-1.3.2+ds/.pybuild/pythonX.Y_2.7/build/cysignals
running build_ext
make[2]: Entering directory '/<<BUILDDIR>>/cysignals-1.3.2+ds'
make[2]: 'configure' is up to date.
make[2]: Leaving directory '/<<BUILDDIR>>/cysignals-1.3.2+ds'
checking for gcc... gcc
checking whether the C compiler works... yes
checking for C compiler default output file name... a.out
checking for suffix of executables... 
checking whether we are cross compiling... no
checking for suffix of object files... o
checking whether we are using the GNU C compiler... yes
checking whether gcc accepts -g... yes
checking for gcc option to accept ISO C89... none needed
checking how to run the C preprocessor... gcc -E
checking for grep that handles long lines and -e... /bin/grep
checking for egrep... /bin/grep -E
checking for ANSI C header files... yes
checking for sys/types.h... yes
checking for sys/stat.h... yes
checking for stdlib.h... yes
checking for string.h... yes
checking for memory.h... yes
checking for strings.h... yes
checking for inttypes.h... yes
checking for stdint.h... yes
checking for unistd.h... yes
checking execinfo.h usability... yes
checking execinfo.h presence... yes
checking for execinfo.h... yes
checking sys/prctl.h usability... yes
checking sys/prctl.h presence... yes
checking for sys/prctl.h... yes
checking for backtrace... yes
checking for a sed that does not truncate output... /bin/sed
checking whether PARI is enabled... yes
checking for PARI - version >= 2.9.0 ... yes
checking for emms instruction... yes
configure: creating ./config.status
config.status: creating src/config.h
config.status: creating src/cysignals/debug.h
config.status: executing src/cysignals/__init__.pxd commands
generating /<<BUILDDIR>>/cysignals-1.3.2+ds/.pybuild/pythonX.Y_2.7/build/cysignals/__init__.pxd
Compiling src/cysignals/signals.pyx because it changed.
Compiling src/cysignals/alarm.pyx because it changed.
Compiling src/cysignals/pselect.pyx because it changed.
Compiling src/cysignals/tests.pyx because it changed.
[1/4] Cythonizing src/cysignals/alarm.pyx
[2/4] Cythonizing src/cysignals/pselect.pyx
[3/4] Cythonizing src/cysignals/signals.pyx
[4/4] Cythonizing src/cysignals/tests.pyx
building 'cysignals.signals' extension
creating build/temp.linux-amd64-2.7/build/pari
creating build/temp.linux-amd64-2.7/build/pari/src
creating build/temp.linux-amd64-2.7/build/pari/src/cysignals
x86_64-linux-gnu-gcc -pthread -DNDEBUG -g -fwrapv -O2 -Wall -Wstrict-prototypes -fno-strict-aliasing -g -O2 -fdebug-prefix-map=/<<BUILDDIR>>/cysignals-1.3.2+ds=. -fstack-protector-strong -Wformat -Werror=format-security -Wdate-time -D_FORTIFY_SOURCE=2 -fPIC -Isrc/cysignals -Ibuild/pari/src -Ibuild/pari/src/cysignals -I/usr/include/python2.7 -c build/pari/src/cysignals/signals.c -o build/temp.linux-amd64-2.7/build/pari/src/cysignals/signals.o
x86_64-linux-gnu-gcc -pthread -shared -Wl,-O1 -Wl,-Bsymbolic-functions -Wl,-z,relro -fno-strict-aliasing -DNDEBUG -g -fwrapv -O2 -Wall -Wstrict-prototypes -Wdate-time -D_FORTIFY_SOURCE=2 -g -fdebug-prefix-map=/build/python2.7-HVkOs2/python2.7-2.7.13=. -fstack-protector-strong -Wformat -Werror=format-security -Wl,-z,relro -Wl,-z,now -g -O2 -fdebug-prefix-map=/<<BUILDDIR>>/cysignals-1.3.2+ds=. -fstack-protector-strong -Wformat -Werror=format-security -Wdate-time -D_FORTIFY_SOURCE=2 build/temp.linux-amd64-2.7/build/pari/src/cysignals/signals.o -o /<<BUILDDIR>>/cysignals-1.3.2+ds/.pybuild/pythonX.Y_2.7/build/cysignals/signals.so -lpari
building 'cysignals.alarm' extension
x86_64-linux-gnu-gcc -pthread -DNDEBUG -g -fwrapv -O2 -Wall -Wstrict-prototypes -fno-strict-aliasing -g -O2 -fdebug-prefix-map=/<<BUILDDIR>>/cysignals-1.3.2+ds=. -fstack-protector-strong -Wformat -Werror=format-security -Wdate-time -D_FORTIFY_SOURCE=2 -fPIC -Isrc/cysignals -Ibuild/pari/src -Ibuild/pari/src/cysignals -I/usr/include/python2.7 -c build/pari/src/cysignals/alarm.c -o build/temp.linux-amd64-2.7/build/pari/src/cysignals/alarm.o
x86_64-linux-gnu-gcc -pthread -shared -Wl,-O1 -Wl,-Bsymbolic-functions -Wl,-z,relro -fno-strict-aliasing -DNDEBUG -g -fwrapv -O2 -Wall -Wstrict-prototypes -Wdate-time -D_FORTIFY_SOURCE=2 -g -fdebug-prefix-map=/build/python2.7-HVkOs2/python2.7-2.7.13=. -fstack-protector-strong -Wformat -Werror=format-security -Wl,-z,relro -Wl,-z,now -g -O2 -fdebug-prefix-map=/<<BUILDDIR>>/cysignals-1.3.2+ds=. -fstack-protector-strong -Wformat -Werror=format-security -Wdate-time -D_FORTIFY_SOURCE=2 build/temp.linux-amd64-2.7/build/pari/src/cysignals/alarm.o -o /<<BUILDDIR>>/cysignals-1.3.2+ds/.pybuild/pythonX.Y_2.7/build/cysignals/alarm.so
building 'cysignals.pselect' extension
x86_64-linux-gnu-gcc -pthread -DNDEBUG -g -fwrapv -O2 -Wall -Wstrict-prototypes -fno-strict-aliasing -g -O2 -fdebug-prefix-map=/<<BUILDDIR>>/cysignals-1.3.2+ds=. -fstack-protector-strong -Wformat -Werror=format-security -Wdate-time -D_FORTIFY_SOURCE=2 -fPIC -Isrc/cysignals -Ibuild/pari/src -Ibuild/pari/src/cysignals -I/usr/include/python2.7 -c build/pari/src/cysignals/pselect.c -o build/temp.linux-amd64-2.7/build/pari/src/cysignals/pselect.o
x86_64-linux-gnu-gcc -pthread -shared -Wl,-O1 -Wl,-Bsymbolic-functions -Wl,-z,relro -fno-strict-aliasing -DNDEBUG -g -fwrapv -O2 -Wall -Wstrict-prototypes -Wdate-time -D_FORTIFY_SOURCE=2 -g -fdebug-prefix-map=/build/python2.7-HVkOs2/python2.7-2.7.13=. -fstack-protector-strong -Wformat -Werror=format-security -Wl,-z,relro -Wl,-z,now -g -O2 -fdebug-prefix-map=/<<BUILDDIR>>/cysignals-1.3.2+ds=. -fstack-protector-strong -Wformat -Werror=format-security -Wdate-time -D_FORTIFY_SOURCE=2 build/temp.linux-amd64-2.7/build/pari/src/cysignals/pselect.o -o /<<BUILDDIR>>/cysignals-1.3.2+ds/.pybuild/pythonX.Y_2.7/build/cysignals/pselect.so
building 'cysignals.tests' extension
x86_64-linux-gnu-gcc -pthread -DNDEBUG -g -fwrapv -O2 -Wall -Wstrict-prototypes -fno-strict-aliasing -g -O2 -fdebug-prefix-map=/<<BUILDDIR>>/cysignals-1.3.2+ds=. -fstack-protector-strong -Wformat -Werror=format-security -Wdate-time -D_FORTIFY_SOURCE=2 -fPIC -Isrc/cysignals -Ibuild/pari/src -Ibuild/pari/src/cysignals -I/usr/include/python2.7 -c build/pari/src/cysignals/tests.c -o build/temp.linux-amd64-2.7/build/pari/src/cysignals/tests.o
build/pari/src/cysignals/tests.c:1140:15: warning: unused variable '__pyx_f_9cysignals_7signals_print_backtrace' [-Wunused-variable]
static void (*__pyx_f_9cysignals_7signals_print_backtrace)(void); /*proto*/
              ^
build/pari/src/cysignals/tests.c:1141:15: warning: unused variable '__pyx_f_9cysignals_7signals__sig_on_interrupt_received' [-Wunused-variable]
static void (*__pyx_f_9cysignals_7signals__sig_on_interrupt_received)(void); /*proto*/
              ^
build/pari/src/cysignals/tests.c:1142:15: warning: unused variable '__pyx_f_9cysignals_7signals__sig_on_recover' [-Wunused-variable]
static void (*__pyx_f_9cysignals_7signals__sig_on_recover)(void); /*proto*/
              ^
build/pari/src/cysignals/tests.c:1143:15: warning: unused variable '__pyx_f_9cysignals_7signals__sig_off_warning' [-Wunused-variable]
static void (*__pyx_f_9cysignals_7signals__sig_off_warning)(char const *, int); /*proto*/
              ^
4 warnings generated.
x86_64-linux-gnu-gcc -pthread -shared -Wl,-O1 -Wl,-Bsymbolic-functions -Wl,-z,relro -fno-strict-aliasing -DNDEBUG -g -fwrapv -O2 -Wall -Wstrict-prototypes -Wdate-time -D_FORTIFY_SOURCE=2 -g -fdebug-prefix-map=/build/python2.7-HVkOs2/python2.7-2.7.13=. -fstack-protector-strong -Wformat -Werror=format-security -Wl,-z,relro -Wl,-z,now -g -O2 -fdebug-prefix-map=/<<BUILDDIR>>/cysignals-1.3.2+ds=. -fstack-protector-strong -Wformat -Werror=format-security -Wdate-time -D_FORTIFY_SOURCE=2 build/temp.linux-amd64-2.7/build/pari/src/cysignals/tests.o -o /<<BUILDDIR>>/cysignals-1.3.2+ds/.pybuild/pythonX.Y_2.7/build/cysignals/tests.so -lpari
running build_scripts
I: pybuild pybuild:242:  mv -v /<<BUILDDIR>>/cysignals-1.3.2+ds/.pybuild/pythonX.Y_2.7/build/* /<<BUILDDIR>>/cysignals-1.3.2+ds/.pybuild/pythonX.Y_2.7/build/../build-pari && echo PYBUILD_interpreter=python2.7 > /<<BUILDDIR>>/cysignals-1.3.2+ds/build/dh-test-auto_build-pari.sh && echo PYBUILD_build_dir=/<<BUILDDIR>>/cysignals-1.3.2+ds/.pybuild/pythonX.Y_2.7/build/../build-pari >> /<<BUILDDIR>>/cysignals-1.3.2+ds/build/dh-test-auto_build-pari.sh 
'/<<BUILDDIR>>/cysignals-1.3.2+ds/.pybuild/pythonX.Y_2.7/build/cysignals' -> '/<<BUILDDIR>>/cysignals-1.3.2+ds/.pybuild/pythonX.Y_2.7/build/../build-pari/cysignals'
'/<<BUILDDIR>>/cysignals-1.3.2+ds/.pybuild/pythonX.Y_2.7/build/cysignals_gdb' -> '/<<BUILDDIR>>/cysignals-1.3.2+ds/.pybuild/pythonX.Y_2.7/build/../build-pari/cysignals_gdb'
touch /<<BUILDDIR>>/cysignals-1.3.2+ds/build/dh-stamp-auto_build-pari 
make[1]: Leaving directory '/<<BUILDDIR>>/cysignals-1.3.2+ds'
   debian/rules override_dh_auto_test-arch
make[1]: Entering directory '/<<BUILDDIR>>/cysignals-1.3.2+ds'
FROZEN: PYSETUP_CONFIGURE_FLAGS='--without-pari' dh_auto_test -- --before-test "rmdir {build_dir} && ln -vrsf {build_dir}/../build-bare {build_dir}" --after-test  "rm -v {build_dir}" 
FROZEN: PYSETUP_CONFIGURE_FLAGS='--with-pari' dh_auto_test -- --before-test "rmdir {build_dir} && ln -vrsf {build_dir}/../build-pari {build_dir}" --after-test  "rm -v {build_dir}" 
/<<BUILDDIR>>/cysignals-1.3.2+ds/debian/adhoc/tests/check-doctest bare 
Doctesting 4 files.
src/cysignals/alarm.pyx
src/cysignals/pselect.pyx
src/cysignals/signals.pyx
src/cysignals/tests.pyx
**********************************************************************
File "src/cysignals/tests.pyx", line 168, in tests.pyx
Failed example:
    test_sig_on()
Expected:
    KeyboardInterrupt()
Got:
    SystemError('unknown signal number 0',)
**********************************************************************
File "src/cysignals/tests.pyx", line 182, in tests.pyx
Failed example:
    test_sig_str()
Expected:
    Traceback (most recent call last):
    ...
    RuntimeError: Everything ok!
Got:
    Traceback (most recent call last):
      File "/usr/lib/python2.7/doctest.py", line 1315, in __run
        compileflags, 1) in test.globs
      File "<doctest tests.pyx[12]>", line 1, in <module>
        test_sig_str()
      File "src/cysignals/tests.pyx", line 189, in cysignals.tests.test_sig_str (build/bare/src/cysignals/tests.c:2660)
        sig_str("Everything ok!")
      File "src/cysignals/signals.pyx", line 109, in cysignals.signals.sig_raise_exception (build/bare/src/cysignals/signals.c:1694)
        raise SignalError(s or "Segmentation fault")
    SignalError: Everything ok!
**********************************************************************
File "src/cysignals/tests.pyx", line 203, in tests.pyx
Failed example:
    test_sig_on_cython()
Expected:
    KeyboardInterrupt()
Got:
    SystemError('unknown signal number 0',)
**********************************************************************
File "src/cysignals/tests.pyx", line 220, in tests.pyx
Failed example:
    test_sig_on_cython_except()
Expected:
    KeyboardInterrupt()
Got:
    SystemError('unknown signal number 0',)
**********************************************************************
File "src/cysignals/tests.pyx", line 238, in tests.pyx
Failed example:
    test_sig_on_cython_except_all()
Expected:
    KeyboardInterrupt()
Got:
    SystemError('unknown signal number 0',)
**********************************************************************
File "src/cysignals/tests.pyx", line 267, in tests.pyx
Failed example:
    test_sig_check_inside_sig_on()
Expected:
    KeyboardInterrupt()
Got:
    RuntimeError('Aborted',)
**********************************************************************
File "src/cysignals/tests.pyx", line 306, in tests.pyx
Failed example:
    test_sig_retry_and_signal()
Expected:
    KeyboardInterrupt()
Got:
    SignalError('Segmentation fault',)
Traceback (most recent call last):
  File "rundoctests.py", line 20, in <module>
    failures, _ = doctest.testfile(f, module_relative=False, optionflags=flags)
  File "/usr/lib/python2.7/doctest.py", line 2036, in testfile
    runner.run(test)
  File "/usr/lib/python2.7/doctest.py", line 1454, in run
    return self.__run(test, compileflags, out)
  File "/usr/lib/python2.7/doctest.py", line 1315, in __run
    compileflags, 1) in test.globs
  File "<doctest tests.pyx[27]>", line 1, in <module>
  File "src/cysignals/signals.pyx", line 252, in cysignals.signals.python_check_interrupt (build/bare/src/cysignals/signals.c:2853)
    sig_check()
  File "src/cysignals/signals.pyx", line 97, in cysignals.signals.sig_raise_exception (build/bare/src/cysignals/signals.c:1302)
    raise KeyboardInterrupt
KeyboardInterrupt
debian/rules:37: recipe for target 'override_dh_auto_test-arch' failed
make[1]: *** [override_dh_auto_test-arch] Interrupt
make[1]: Leaving directory '/<<BUILDDIR>>/cysignals-1.3.2+ds'
debian/rules:20: recipe for target 'build-arch' failed
make: *** [build-arch] Error 2
dpkg-buildpackage: error: debian/rules build-arch gave error exit status 2
--------------------------------------------------------------------------------
Build finished at 2017-07-06T16:10:43Z

Finished
--------


+------------------------------------------------------------------------------+
| Cleanup                                                                      |
+------------------------------------------------------------------------------+

Purging /<<BUILDDIR>>
Not cleaning session: cloned chroot in use
E: Build failure (dpkg-buildpackage died)

+------------------------------------------------------------------------------+
| Summary                                                                      |
+------------------------------------------------------------------------------+

Build Architecture: amd64
Build Type: any
Build-Space: 7624
Build-Time: 23
Distribution: unstable
Fail-Stage: build
Host Architecture: amd64
Install-Time: 17
Job: cysignals_1.3.2+ds-1
Machine Architecture: amd64
Package: cysignals
Package-Time: 57
Source-Version: 1.3.2+ds-1
Space: 7624
Status: attempted
Version: 1.3.2+ds-1
--------------------------------------------------------------------------------
Finished at 2017-07-06T16:10:43Z
Build needed 00:00:57, 7624k disk space
E: Build failure (dpkg-buildpackage died)
DC-Status: Failed 58.26049028s
DC-Time-Estimation: 58.26049028 versus expected 1 (r/m: 57.26049028 ; m: 1.0)
