DC-Build-Header: libcereal 1.2.1-2 / 2017-07-06 19:38:54 +0000
DC-Task: type:rebuild-binarch-only source:libcereal version:1.2.1-2 chroot:unstable esttime:454 logfile:/tmp/libcereal_1.2.1-2_unstable_clang5.0.log modes:clang50:binarch-only
DC-Sbuild-call: su user42 -c 'sbuild -n --arch-any --apt-update -d unstable -v  --chroot-setup-commands=/tmp/clang50 libcereal_1.2.1-2'
sbuild (Debian sbuild) 0.73.0 (23 Dec 2016) on ip-172-31-38-111.eu-central-1.compute.internal

+==============================================================================+
| libcereal 1.2.1-2 (amd64)                    Thu, 06 Jul 2017 19:38:54 +0000 |
+==============================================================================+

Package: libcereal
Version: 1.2.1-2
Source Version: 1.2.1-2
Distribution: unstable
Machine Architecture: amd64
Host Architecture: amd64
Build Architecture: amd64
Build Type: any

I: NOTICE: Log filtering will replace 'var/run/schroot/mount/unstable-amd64-sbuild-1fe6238b-0a4c-4304-9be9-3a4680492f2f' with '<<CHROOT>>'

+------------------------------------------------------------------------------+
| Chroot Setup Commands                                                        |
+------------------------------------------------------------------------------+


/tmp/clang50
------------

+ echo 'Entering customization script...'
Entering customization script...
+ CLANG_VERSION=5.0
+ echo 'Install of clang-5.0'
Install of clang-5.0
+ apt-get update
Hit:1 http://127.0.0.1:9999/debian unstable InRelease
Get:2 http://127.0.0.1:9999/debian unstable/main Translation-en [5730 kB]
Fetched 5730 kB in 1s (3961 kB/s)
Reading package lists...
+ apt-get install --yes --no-install-recommends --force-yes clang-5.0
Reading package lists...
Building dependency tree...
Reading state information...
The following additional packages will be installed:
  lib32gcc1 lib32stdc++6 libbsd0 libc6-i386 libclang-common-5.0-dev
  libclang1-5.0 libedit2 libjsoncpp1 libllvm5.0 libncurses5 libobjc-6-dev
  libobjc4
Suggested packages:
  gnustep gnustep-devel clang-5.0-doc libomp-dev
Recommended packages:
  llvm-5.0-dev python libgpm2
The following NEW packages will be installed:
  clang-5.0 lib32gcc1 lib32stdc++6 libbsd0 libc6-i386 libclang-common-5.0-dev
  libclang1-5.0 libedit2 libjsoncpp1 libllvm5.0 libncurses5 libobjc-6-dev
  libobjc4
0 upgraded, 13 newly installed, 0 to remove and 0 not upgraded.
Need to get 87.0 MB of archives.
After this operation, 374 MB of additional disk space will be used.
Get:1 http://127.0.0.1:9999/debian unstable/main amd64 libbsd0 amd64 0.8.5-1 [89.6 kB]
Get:2 http://127.0.0.1:9999/debian unstable/main amd64 libncurses5 amd64 6.0+20161126-1 [93.4 kB]
Get:3 http://127.0.0.1:9999/debian unstable/main amd64 libedit2 amd64 3.1-20170329-1 [85.2 kB]
Get:4 http://127.0.0.1:9999/debian unstable/main amd64 libllvm5.0 amd64 1:5.0~svn305653-1 [13.4 MB]
Get:5 http://127.0.0.1:9999/debian unstable/main amd64 libclang1-5.0 amd64 1:5.0~svn305653-1 [6647 kB]
Get:6 http://127.0.0.1:9999/debian unstable/main amd64 libjsoncpp1 amd64 1.7.4-3 [75.6 kB]
Get:7 http://127.0.0.1:9999/debian unstable/main amd64 libobjc4 amd64 7.1.0-9 [51.0 kB]
Get:8 http://127.0.0.1:9999/debian unstable/main amd64 libobjc-6-dev amd64 6.4.0-1 [197 kB]
Get:9 http://127.0.0.1:9999/debian unstable/main amd64 libc6-i386 amd64 2.24-12 [2597 kB]
Get:10 http://127.0.0.1:9999/debian unstable/main amd64 lib32gcc1 amd64 1:7.1.0-9 [46.8 kB]
Get:11 http://127.0.0.1:9999/debian unstable/main amd64 lib32stdc++6 amd64 7.1.0-9 [411 kB]
Get:12 http://127.0.0.1:9999/debian unstable/main amd64 libclang-common-5.0-dev amd64 1:5.0~svn305653-1 [2856 kB]
Get:13 http://127.0.0.1:9999/debian unstable/main amd64 clang-5.0 amd64 1:5.0~svn305653-1 [60.5 MB]
debconf: delaying package configuration, since apt-utils is not installed
Fetched 87.0 MB in 0s (96.7 MB/s)
Selecting previously unselected package libbsd0:amd64.
(Reading database ... (Reading database ... 5%(Reading database ... 10%(Reading database ... 15%(Reading database ... 20%(Reading database ... 25%(Reading database ... 30%(Reading database ... 35%(Reading database ... 40%(Reading database ... 45%(Reading database ... 50%(Reading database ... 55%(Reading database ... 60%(Reading database ... 65%(Reading database ... 70%(Reading database ... 75%(Reading database ... 80%(Reading database ... 85%(Reading database ... 90%(Reading database ... 95%(Reading database ... 100%(Reading database ... 9711 files and directories currently installed.)
Preparing to unpack .../00-libbsd0_0.8.5-1_amd64.deb ...
Unpacking libbsd0:amd64 (0.8.5-1) ...
Selecting previously unselected package libncurses5:amd64.
Preparing to unpack .../01-libncurses5_6.0+20161126-1_amd64.deb ...
Unpacking libncurses5:amd64 (6.0+20161126-1) ...
Selecting previously unselected package libedit2:amd64.
Preparing to unpack .../02-libedit2_3.1-20170329-1_amd64.deb ...
Unpacking libedit2:amd64 (3.1-20170329-1) ...
Selecting previously unselected package libllvm5.0:amd64.
Preparing to unpack .../03-libllvm5.0_1%3a5.0~svn305653-1_amd64.deb ...
Unpacking libllvm5.0:amd64 (1:5.0~svn305653-1) ...
Selecting previously unselected package libclang1-5.0:amd64.
Preparing to unpack .../04-libclang1-5.0_1%3a5.0~svn305653-1_amd64.deb ...
Unpacking libclang1-5.0:amd64 (1:5.0~svn305653-1) ...
Selecting previously unselected package libjsoncpp1:amd64.
Preparing to unpack .../05-libjsoncpp1_1.7.4-3_amd64.deb ...
Unpacking libjsoncpp1:amd64 (1.7.4-3) ...
Selecting previously unselected package libobjc4:amd64.
Preparing to unpack .../06-libobjc4_7.1.0-9_amd64.deb ...
Unpacking libobjc4:amd64 (7.1.0-9) ...
Selecting previously unselected package libobjc-6-dev:amd64.
Preparing to unpack .../07-libobjc-6-dev_6.4.0-1_amd64.deb ...
Unpacking libobjc-6-dev:amd64 (6.4.0-1) ...
Selecting previously unselected package libc6-i386.
Preparing to unpack .../08-libc6-i386_2.24-12_amd64.deb ...
Unpacking libc6-i386 (2.24-12) ...
Selecting previously unselected package lib32gcc1.
Preparing to unpack .../09-lib32gcc1_1%3a7.1.0-9_amd64.deb ...
Unpacking lib32gcc1 (1:7.1.0-9) ...
Selecting previously unselected package lib32stdc++6.
Preparing to unpack .../10-lib32stdc++6_7.1.0-9_amd64.deb ...
Unpacking lib32stdc++6 (7.1.0-9) ...
Selecting previously unselected package libclang-common-5.0-dev.
Preparing to unpack .../11-libclang-common-5.0-dev_1%3a5.0~svn305653-1_amd64.deb ...
Unpacking libclang-common-5.0-dev (1:5.0~svn305653-1) ...
Selecting previously unselected package clang-5.0.
Preparing to unpack .../12-clang-5.0_1%3a5.0~svn305653-1_amd64.deb ...
Unpacking clang-5.0 (1:5.0~svn305653-1) ...
Setting up libncurses5:amd64 (6.0+20161126-1) ...
Setting up libobjc4:amd64 (7.1.0-9) ...
Setting up libc6-i386 (2.24-12) ...
Setting up libbsd0:amd64 (0.8.5-1) ...
Processing triggers for libc-bin (2.24-12) ...
Setting up libobjc-6-dev:amd64 (6.4.0-1) ...
Setting up lib32gcc1 (1:7.1.0-9) ...
Setting up libjsoncpp1:amd64 (1.7.4-3) ...
Setting up libedit2:amd64 (3.1-20170329-1) ...
Setting up libllvm5.0:amd64 (1:5.0~svn305653-1) ...
Setting up libclang1-5.0:amd64 (1:5.0~svn305653-1) ...
Setting up lib32stdc++6 (7.1.0-9) ...
Setting up libclang-common-5.0-dev (1:5.0~svn305653-1) ...
Setting up clang-5.0 (1:5.0~svn305653-1) ...
Processing triggers for libc-bin (2.24-12) ...
W: --force-yes is deprecated, use one of the options starting with --allow instead.
+ echo 'Replace gcc, g++ & cpp by clang'
Replace gcc, g++ & cpp by clang
+ VERSIONS='4.6 4.7 4.8 4.9 5 6 7'
+ cd /usr/bin
+ for VERSION in $VERSIONS
+ rm -f g++-4.6 gcc-4.6 cpp-4.6 gcc
+ ln -s clang++-5.0 g++-4.6
+ ln -s clang-5.0 gcc-4.6
+ ln -s clang-5.0 cpp-4.6
+ ln -s clang-5.0 gcc
+ echo 'gcc-4.6 hold'
+ dpkg --set-selections
dpkg: warning: package not in status nor available database at line 1: gcc-4.6
dpkg: warning: found unknown packages; this might mean the available database
is outdated, and needs to be updated through a frontend method;
please see the FAQ <https://wiki.debian.org/Teams/Dpkg/FAQ>
+ echo 'g++-4.6 hold'
+ dpkg --set-selections
dpkg: warning: package not in status nor available database at line 1: g++-4.6
dpkg: warning: found unknown packages; this might mean the available database
is outdated, and needs to be updated through a frontend method;
please see the FAQ <https://wiki.debian.org/Teams/Dpkg/FAQ>
+ for VERSION in $VERSIONS
+ rm -f g++-4.7 gcc-4.7 cpp-4.7 gcc
+ ln -s clang++-5.0 g++-4.7
+ ln -s clang-5.0 gcc-4.7
+ ln -s clang-5.0 cpp-4.7
+ ln -s clang-5.0 gcc
+ echo 'gcc-4.7 hold'
+ dpkg --set-selections
dpkg: warning: package not in status nor available database at line 1: gcc-4.7
dpkg: warning: found unknown packages; this might mean the available database
is outdated, and needs to be updated through a frontend method;
please see the FAQ <https://wiki.debian.org/Teams/Dpkg/FAQ>
+ echo 'g++-4.7 hold'
+ dpkg --set-selections
dpkg: warning: package not in status nor available database at line 1: g++-4.7
dpkg: warning: found unknown packages; this might mean the available database
is outdated, and needs to be updated through a frontend method;
please see the FAQ <https://wiki.debian.org/Teams/Dpkg/FAQ>
+ for VERSION in $VERSIONS
+ rm -f g++-4.8 gcc-4.8 cpp-4.8 gcc
+ ln -s clang++-5.0 g++-4.8
+ ln -s clang-5.0 gcc-4.8
+ ln -s clang-5.0 cpp-4.8
+ ln -s clang-5.0 gcc
+ echo 'gcc-4.8 hold'
+ dpkg --set-selections
dpkg: warning: package not in status nor available database at line 1: gcc-4.8
dpkg: warning: found unknown packages; this might mean the available database
is outdated, and needs to be updated through a frontend method;
please see the FAQ <https://wiki.debian.org/Teams/Dpkg/FAQ>
+ echo 'g++-4.8 hold'
+ dpkg --set-selections
dpkg: warning: package not in status nor available database at line 1: g++-4.8
dpkg: warning: found unknown packages; this might mean the available database
is outdated, and needs to be updated through a frontend method;
please see the FAQ <https://wiki.debian.org/Teams/Dpkg/FAQ>
+ for VERSION in $VERSIONS
+ rm -f g++-4.9 gcc-4.9 cpp-4.9 gcc
+ ln -s clang++-5.0 g++-4.9
+ ln -s clang-5.0 gcc-4.9
+ ln -s clang-5.0 cpp-4.9
+ ln -s clang-5.0 gcc
+ echo 'gcc-4.9 hold'
+ dpkg --set-selections
dpkg: warning: package not in status nor available database at line 1: gcc-4.9
dpkg: warning: found unknown packages; this might mean the available database
is outdated, and needs to be updated through a frontend method;
please see the FAQ <https://wiki.debian.org/Teams/Dpkg/FAQ>
+ echo 'g++-4.9 hold'
+ dpkg --set-selections
dpkg: warning: package not in status nor available database at line 1: g++-4.9
dpkg: warning: found unknown packages; this might mean the available database
is outdated, and needs to be updated through a frontend method;
please see the FAQ <https://wiki.debian.org/Teams/Dpkg/FAQ>
+ for VERSION in $VERSIONS
+ rm -f g++-5 gcc-5 cpp-5 gcc
+ ln -s clang++-5.0 g++-5
+ ln -s clang-5.0 gcc-5
+ ln -s clang-5.0 cpp-5
+ ln -s clang-5.0 gcc
+ echo 'gcc-5 hold'
+ dpkg --set-selections
+ echo 'g++-5 hold'
+ dpkg --set-selections
+ for VERSION in $VERSIONS
+ rm -f g++-6 gcc-6 cpp-6 gcc
+ ln -s clang++-5.0 g++-6
+ ln -s clang-5.0 gcc-6
+ ln -s clang-5.0 cpp-6
+ ln -s clang-5.0 gcc
+ echo 'gcc-6 hold'
+ dpkg --set-selections
+ echo 'g++-6 hold'
+ dpkg --set-selections
+ for VERSION in $VERSIONS
+ rm -f g++-7 gcc-7 cpp-7 gcc
+ ln -s clang++-5.0 g++-7
+ ln -s clang-5.0 gcc-7
+ ln -s clang-5.0 cpp-7
+ ln -s clang-5.0 gcc
+ echo 'gcc-7 hold'
+ dpkg --set-selections
dpkg: warning: package not in status nor available database at line 1: gcc-7
dpkg: warning: found unknown packages; this might mean the available database
is outdated, and needs to be updated through a frontend method;
please see the FAQ <https://wiki.debian.org/Teams/Dpkg/FAQ>
+ echo 'g++-7 hold'
+ dpkg --set-selections
dpkg: warning: package not in status nor available database at line 1: g++-7
dpkg: warning: found unknown packages; this might mean the available database
is outdated, and needs to be updated through a frontend method;
please see the FAQ <https://wiki.debian.org/Teams/Dpkg/FAQ>
+ cd -
/build/libcereal-TJ7hZw
+ echo 'Check if gcc, g++ & cpp are actually clang'
Check if gcc, g++ & cpp are actually clang
+ gcc --version
+ grep clang
+ cpp --version
+ grep clang
+ g++ --version
+ grep clang

I: Finished running '/tmp/clang50'.

Finished processing commands.
--------------------------------------------------------------------------------

+------------------------------------------------------------------------------+
| Update chroot                                                                |
+------------------------------------------------------------------------------+

Hit:1 http://127.0.0.1:9999/debian unstable InRelease
Reading package lists...
Reading package lists...
Building dependency tree...
Reading state information...
Calculating upgrade...
0 upgraded, 0 newly installed, 0 to remove and 0 not upgraded.

+------------------------------------------------------------------------------+
| Fetch source files                                                           |
+------------------------------------------------------------------------------+


Check APT
---------

Checking available source versions...

Download source files with APT
------------------------------

Reading package lists...
NOTICE: 'libcereal' packaging is maintained in the 'Git' version control system at:
https://anonscm.debian.org/git/debian-med/libcereal.git
Please use:
git clone https://anonscm.debian.org/git/debian-med/libcereal.git
to retrieve the latest (possibly unreleased) updates to the package.
Need to get 310 kB of source archives.
Get:1 http://127.0.0.1:9999/debian unstable/main libcereal 1.2.1-2 (dsc) [2069 B]
Get:2 http://127.0.0.1:9999/debian unstable/main libcereal 1.2.1-2 (tar) [302 kB]
Get:3 http://127.0.0.1:9999/debian unstable/main libcereal 1.2.1-2 (diff) [5564 B]
Fetched 310 kB in 0s (1851 kB/s)
Download complete and in download only mode
I: NOTICE: Log filtering will replace 'build/libcereal-TJ7hZw/libcereal-1.2.1' with '<<PKGBUILDDIR>>'
I: NOTICE: Log filtering will replace 'build/libcereal-TJ7hZw' with '<<BUILDDIR>>'

+------------------------------------------------------------------------------+
| Install build-essential                                                      |
+------------------------------------------------------------------------------+


Setup apt archive
-----------------

Merged Build-Depends: build-essential, fakeroot
Filtered Build-Depends: build-essential, fakeroot
dpkg-deb: building package 'sbuild-build-depends-core-dummy' in '/<<BUILDDIR>>/resolver-trUOdg/apt_archive/sbuild-build-depends-core-dummy.deb'.
dpkg-scanpackages: warning: Packages in archive but missing from override file:
dpkg-scanpackages: warning:   sbuild-build-depends-core-dummy
dpkg-scanpackages: info: Wrote 1 entries to output Packages file.
Ign:1 copy:/<<BUILDDIR>>/resolver-trUOdg/apt_archive ./ InRelease
Get:2 copy:/<<BUILDDIR>>/resolver-trUOdg/apt_archive ./ Release [957 B]
Ign:3 copy:/<<BUILDDIR>>/resolver-trUOdg/apt_archive ./ Release.gpg
Get:4 copy:/<<BUILDDIR>>/resolver-trUOdg/apt_archive ./ Sources [349 B]
Get:5 copy:/<<BUILDDIR>>/resolver-trUOdg/apt_archive ./ Packages [430 B]
Fetched 1736 B in 0s (0 B/s)
Reading package lists...
Reading package lists...

Install core build dependencies (apt-based resolver)
----------------------------------------------------

Installing build dependencies
Reading package lists...
Building dependency tree...
Reading state information...
The following NEW packages will be installed:
  sbuild-build-depends-core-dummy
0 upgraded, 1 newly installed, 0 to remove and 0 not upgraded.
Need to get 782 B of archives.
After this operation, 0 B of additional disk space will be used.
Get:1 copy:/<<BUILDDIR>>/resolver-trUOdg/apt_archive ./ sbuild-build-depends-core-dummy 0.invalid.0 [782 B]
debconf: delaying package configuration, since apt-utils is not installed
Fetched 782 B in 0s (0 B/s)
Selecting previously unselected package sbuild-build-depends-core-dummy.
(Reading database ... 10611 files and directories currently installed.)
Preparing to unpack .../sbuild-build-depends-core-dummy_0.invalid.0_amd64.deb ...
Unpacking sbuild-build-depends-core-dummy (0.invalid.0) ...
Setting up sbuild-build-depends-core-dummy (0.invalid.0) ...

+------------------------------------------------------------------------------+
| Check architectures                                                          |
+------------------------------------------------------------------------------+

Arch check ok (amd64 included in any all)

+------------------------------------------------------------------------------+
| Install package build dependencies                                           |
+------------------------------------------------------------------------------+


Setup apt archive
-----------------

Merged Build-Depends: debhelper (>= 9), libboost-serialization-dev, libboost-test-dev, cmake, doxygen
Filtered Build-Depends: debhelper (>= 9), libboost-serialization-dev, libboost-test-dev, cmake, doxygen
dpkg-deb: building package 'sbuild-build-depends-libcereal-dummy' in '/<<BUILDDIR>>/resolver-trUOdg/apt_archive/sbuild-build-depends-libcereal-dummy.deb'.
dpkg-scanpackages: warning: Packages in archive but missing from override file:
dpkg-scanpackages: warning:   sbuild-build-depends-core-dummy sbuild-build-depends-libcereal-dummy
dpkg-scanpackages: info: Wrote 2 entries to output Packages file.
Ign:1 copy:/<<BUILDDIR>>/resolver-trUOdg/apt_archive ./ InRelease
Get:2 copy:/<<BUILDDIR>>/resolver-trUOdg/apt_archive ./ Release [963 B]
Ign:3 copy:/<<BUILDDIR>>/resolver-trUOdg/apt_archive ./ Release.gpg
Get:4 copy:/<<BUILDDIR>>/resolver-trUOdg/apt_archive ./ Sources [526 B]
Get:5 copy:/<<BUILDDIR>>/resolver-trUOdg/apt_archive ./ Packages [602 B]
Fetched 2091 B in 0s (0 B/s)
Reading package lists...
Reading package lists...

Install libcereal build dependencies (apt-based resolver)
---------------------------------------------------------

Installing build dependencies
Reading package lists...
Building dependency tree...
Reading state information...
The following additional packages will be installed:
  autoconf automake autopoint autotools-dev bsdmainutils cmake cmake-data
  debhelper dh-autoreconf dh-strip-nondeterminism doxygen file gettext
  gettext-base groff-base intltool-debian libarchive-zip-perl libarchive13
  libboost-chrono1.62.0 libboost-serialization-dev
  libboost-serialization1.62-dev libboost-serialization1.62.0
  libboost-system1.62.0 libboost-test-dev libboost-test1.62-dev
  libboost-test1.62.0 libboost-timer1.62.0 libboost1.62-dev libclang1-3.9
  libcroco3 libcurl3 libexpat1 libfile-stripnondeterminism-perl libglib2.0-0
  libgssapi-krb5-2 libicu57 libk5crypto3 libkeyutils1 libkrb5-3
  libkrb5support0 libldap-2.4-2 libldap-common libllvm3.9 liblzo2-2
  libmagic-mgc libmagic1 libnghttp2-14 libpipeline1 libprocps6 libpsl5
  librtmp1 libsasl2-2 libsasl2-modules-db libsigsegv2 libssh2-1 libssl1.0.2
  libtimedate-perl libtool libuv1 libxapian30 libxml2 lsb-base m4 man-db
  po-debconf procps
Suggested packages:
  autoconf-archive gnu-standards autoconf-doc wamerican | wordlist whois
  vacation codeblocks eclipse ninja-build dh-make doxygen-latex doxygen-doc
  doxygen-gui graphviz gettext-doc libasprintf-dev libgettextpo-dev groff
  lrzip libboost1.62-doc libboost-atomic1.62-dev libboost-chrono1.62-dev
  libboost-context1.62-dev libboost-coroutine1.62-dev
  libboost-date-time1.62-dev libboost-exception1.62-dev libboost-fiber1.62-dev
  libboost-filesystem1.62-dev libboost-graph1.62-dev
  libboost-graph-parallel1.62-dev libboost-iostreams1.62-dev
  libboost-locale1.62-dev libboost-log1.62-dev libboost-math1.62-dev
  libboost-mpi1.62-dev libboost-mpi-python1.62-dev
  libboost-program-options1.62-dev libboost-python1.62-dev
  libboost-random1.62-dev libboost-regex1.62-dev libboost-signals1.62-dev
  libboost-system1.62-dev libboost-thread1.62-dev libboost-timer1.62-dev
  libboost-type-erasure1.62-dev libboost-wave1.62-dev libboost1.62-tools-dev
  libmpfrc++-dev libntl-dev krb5-doc krb5-user libtool-doc gfortran
  | fortran95-compiler gcj-jdk xapian-tools m4-doc less www-browser
  libmail-box-perl
Recommended packages:
  curl | wget | lynx-cur ca-certificates libarchive-cpio-perl libglib2.0-data
  shared-mime-info xdg-user-dirs krb5-locales publicsuffix libsasl2-modules
  libltdl-dev xml-core libmail-sendmail-perl psmisc
The following NEW packages will be installed:
  autoconf automake autopoint autotools-dev bsdmainutils cmake cmake-data
  debhelper dh-autoreconf dh-strip-nondeterminism doxygen file gettext
  gettext-base groff-base intltool-debian libarchive-zip-perl libarchive13
  libboost-chrono1.62.0 libboost-serialization-dev
  libboost-serialization1.62-dev libboost-serialization1.62.0
  libboost-system1.62.0 libboost-test-dev libboost-test1.62-dev
  libboost-test1.62.0 libboost-timer1.62.0 libboost1.62-dev libclang1-3.9
  libcroco3 libcurl3 libexpat1 libfile-stripnondeterminism-perl libglib2.0-0
  libgssapi-krb5-2 libicu57 libk5crypto3 libkeyutils1 libkrb5-3
  libkrb5support0 libldap-2.4-2 libldap-common libllvm3.9 liblzo2-2
  libmagic-mgc libmagic1 libnghttp2-14 libpipeline1 libprocps6 libpsl5
  librtmp1 libsasl2-2 libsasl2-modules-db libsigsegv2 libssh2-1 libssl1.0.2
  libtimedate-perl libtool libuv1 libxapian30 libxml2 lsb-base m4 man-db
  po-debconf procps sbuild-build-depends-libcereal-dummy
0 upgraded, 67 newly installed, 0 to remove and 0 not upgraded.
Need to get 57.7 MB of archives.
After this operation, 310 MB of additional disk space will be used.
Get:1 copy:/<<BUILDDIR>>/resolver-trUOdg/apt_archive ./ sbuild-build-depends-libcereal-dummy 0.invalid.0 [820 B]
Get:2 http://127.0.0.1:9999/debian unstable/main amd64 groff-base amd64 1.22.3-9 [1160 kB]
Get:3 http://127.0.0.1:9999/debian unstable/main amd64 bsdmainutils amd64 9.0.12+nmu1 [186 kB]
Get:4 http://127.0.0.1:9999/debian unstable/main amd64 libpipeline1 amd64 1.4.1-2 [27.6 kB]
Get:5 http://127.0.0.1:9999/debian unstable/main amd64 man-db amd64 2.7.6.1-2 [1044 kB]
Get:6 http://127.0.0.1:9999/debian unstable/main amd64 cmake-data all 3.7.2-1 [1216 kB]
Get:7 http://127.0.0.1:9999/debian unstable/main amd64 libprocps6 amd64 2:3.3.12-3 [58.1 kB]
Get:8 http://127.0.0.1:9999/debian unstable/main amd64 lsb-base all 9.20161125 [27.9 kB]
Get:9 http://127.0.0.1:9999/debian unstable/main amd64 procps amd64 2:3.3.12-3 [249 kB]
Get:10 http://127.0.0.1:9999/debian unstable/main amd64 liblzo2-2 amd64 2.08-1.2+b2 [55.0 kB]
Get:11 http://127.0.0.1:9999/debian unstable/main amd64 libicu57 amd64 57.1-6 [7701 kB]
Get:12 http://127.0.0.1:9999/debian unstable/main amd64 libxml2 amd64 2.9.4+dfsg1-3 [715 kB]
Get:13 http://127.0.0.1:9999/debian unstable/main amd64 libarchive13 amd64 3.2.2-2 [294 kB]
Get:14 http://127.0.0.1:9999/debian unstable/main amd64 libkeyutils1 amd64 1.5.9-9 [12.4 kB]
Get:15 http://127.0.0.1:9999/debian unstable/main amd64 libkrb5support0 amd64 1.15-1 [61.7 kB]
Get:16 http://127.0.0.1:9999/debian unstable/main amd64 libk5crypto3 amd64 1.15-1 [119 kB]
Get:17 http://127.0.0.1:9999/debian unstable/main amd64 libkrb5-3 amd64 1.15-1 [311 kB]
Get:18 http://127.0.0.1:9999/debian unstable/main amd64 libgssapi-krb5-2 amd64 1.15-1 [154 kB]
Get:19 http://127.0.0.1:9999/debian unstable/main amd64 libsasl2-modules-db amd64 2.1.27~101-g0780600+dfsg-3 [68.2 kB]
Get:20 http://127.0.0.1:9999/debian unstable/main amd64 libsasl2-2 amd64 2.1.27~101-g0780600+dfsg-3 [105 kB]
Get:21 http://127.0.0.1:9999/debian unstable/main amd64 libldap-common all 2.4.44+dfsg-7 [85.2 kB]
Get:22 http://127.0.0.1:9999/debian unstable/main amd64 libldap-2.4-2 amd64 2.4.44+dfsg-7 [219 kB]
Get:23 http://127.0.0.1:9999/debian unstable/main amd64 libnghttp2-14 amd64 1.24.0-1 [81.6 kB]
Get:24 http://127.0.0.1:9999/debian unstable/main amd64 libpsl5 amd64 0.17.0-4+b1 [43.0 kB]
Get:25 http://127.0.0.1:9999/debian unstable/main amd64 librtmp1 amd64 2.4+20151223.gitfa8646d.1-1+b1 [60.4 kB]
Get:26 http://127.0.0.1:9999/debian unstable/main amd64 libssh2-1 amd64 1.8.0-1 [138 kB]
Get:27 http://127.0.0.1:9999/debian unstable/main amd64 libssl1.0.2 amd64 1.0.2l-2 [1294 kB]
Get:28 http://127.0.0.1:9999/debian unstable/main amd64 libcurl3 amd64 7.52.1-5 [291 kB]
Get:29 http://127.0.0.1:9999/debian unstable/main amd64 libexpat1 amd64 2.2.1-3 [85.6 kB]
Get:30 http://127.0.0.1:9999/debian unstable/main amd64 libuv1 amd64 1.9.1-3 [84.4 kB]
Get:31 http://127.0.0.1:9999/debian unstable/main amd64 cmake amd64 3.7.2-1 [3038 kB]
Get:32 http://127.0.0.1:9999/debian unstable/main amd64 libxapian30 amd64 1.4.4-2 [1068 kB]
Get:33 http://127.0.0.1:9999/debian unstable/main amd64 libmagic-mgc amd64 1:5.30-1 [222 kB]
Get:34 http://127.0.0.1:9999/debian unstable/main amd64 libmagic1 amd64 1:5.30-1 [111 kB]
Get:35 http://127.0.0.1:9999/debian unstable/main amd64 file amd64 1:5.30-1 [63.9 kB]
Get:36 http://127.0.0.1:9999/debian unstable/main amd64 gettext-base amd64 0.19.8.1-2+b1 [122 kB]
Get:37 http://127.0.0.1:9999/debian unstable/main amd64 libsigsegv2 amd64 2.11-1 [29.9 kB]
Get:38 http://127.0.0.1:9999/debian unstable/main amd64 m4 amd64 1.4.18-1 [202 kB]
Get:39 http://127.0.0.1:9999/debian unstable/main amd64 autoconf all 2.69-10 [338 kB]
Get:40 http://127.0.0.1:9999/debian unstable/main amd64 autotools-dev all 20161112.1 [73.4 kB]
Get:41 http://127.0.0.1:9999/debian unstable/main amd64 automake all 1:1.15.1-2 [736 kB]
Get:42 http://127.0.0.1:9999/debian unstable/main amd64 autopoint all 0.19.8.1-2 [433 kB]
Get:43 http://127.0.0.1:9999/debian unstable/main amd64 libtool all 2.4.6-2 [545 kB]
Get:44 http://127.0.0.1:9999/debian unstable/main amd64 dh-autoreconf all 14 [15.9 kB]
Get:45 http://127.0.0.1:9999/debian unstable/main amd64 libarchive-zip-perl all 1.59-1 [95.5 kB]
Get:46 http://127.0.0.1:9999/debian unstable/main amd64 libfile-stripnondeterminism-perl all 0.035-2 [17.0 kB]
Get:47 http://127.0.0.1:9999/debian unstable/main amd64 libtimedate-perl all 2.3000-2 [42.2 kB]
Get:48 http://127.0.0.1:9999/debian unstable/main amd64 dh-strip-nondeterminism all 0.035-2 [10.7 kB]
Get:49 http://127.0.0.1:9999/debian unstable/main amd64 libglib2.0-0 amd64 2.52.3-1 [2742 kB]
Get:50 http://127.0.0.1:9999/debian unstable/main amd64 libcroco3 amd64 0.6.12-1 [144 kB]
Get:51 http://127.0.0.1:9999/debian unstable/main amd64 gettext amd64 0.19.8.1-2+b1 [1301 kB]
Get:52 http://127.0.0.1:9999/debian unstable/main amd64 intltool-debian all 0.35.0+20060710.4 [26.3 kB]
Get:53 http://127.0.0.1:9999/debian unstable/main amd64 po-debconf all 1.0.20 [247 kB]
Get:54 http://127.0.0.1:9999/debian unstable/main amd64 debhelper all 10.6.2 [968 kB]
Get:55 http://127.0.0.1:9999/debian unstable/main amd64 libllvm3.9 amd64 1:3.9.1-10 [11.3 MB]
Get:56 http://127.0.0.1:9999/debian unstable/main amd64 libclang1-3.9 amd64 1:3.9.1-10 [5875 kB]
Get:57 http://127.0.0.1:9999/debian unstable/main amd64 doxygen amd64 1.8.13-7 [3966 kB]
Get:58 http://127.0.0.1:9999/debian unstable/main amd64 libboost-system1.62.0 amd64 1.62.0+dfsg-4+b1 [32.7 kB]
Get:59 http://127.0.0.1:9999/debian unstable/main amd64 libboost-chrono1.62.0 amd64 1.62.0+dfsg-4+b1 [36.3 kB]
Get:60 http://127.0.0.1:9999/debian unstable/main amd64 libboost1.62-dev amd64 1.62.0+dfsg-4+b1 [7053 kB]
Get:61 http://127.0.0.1:9999/debian unstable/main amd64 libboost-serialization1.62.0 amd64 1.62.0+dfsg-4+b1 [126 kB]
Get:62 http://127.0.0.1:9999/debian unstable/main amd64 libboost-serialization1.62-dev amd64 1.62.0+dfsg-4+b1 [163 kB]
Get:63 http://127.0.0.1:9999/debian unstable/main amd64 libboost-serialization-dev amd64 1.62.0.1 [3642 B]
Get:64 http://127.0.0.1:9999/debian unstable/main amd64 libboost-timer1.62.0 amd64 1.62.0+dfsg-4+b1 [34.8 kB]
Get:65 http://127.0.0.1:9999/debian unstable/main amd64 libboost-test1.62.0 amd64 1.62.0+dfsg-4+b1 [255 kB]
Get:66 http://127.0.0.1:9999/debian unstable/main amd64 libboost-test1.62-dev amd64 1.62.0+dfsg-4+b1 [301 kB]
Get:67 http://127.0.0.1:9999/debian unstable/main amd64 libboost-test-dev amd64 1.62.0.1 [3456 B]
debconf: delaying package configuration, since apt-utils is not installed
Fetched 57.7 MB in 0s (92.4 MB/s)
Selecting previously unselected package groff-base.
(Reading database ... 10611 files and directories currently installed.)
Preparing to unpack .../00-groff-base_1.22.3-9_amd64.deb ...
Unpacking groff-base (1.22.3-9) ...
Selecting previously unselected package bsdmainutils.
Preparing to unpack .../01-bsdmainutils_9.0.12+nmu1_amd64.deb ...
Unpacking bsdmainutils (9.0.12+nmu1) ...
Selecting previously unselected package libpipeline1:amd64.
Preparing to unpack .../02-libpipeline1_1.4.1-2_amd64.deb ...
Unpacking libpipeline1:amd64 (1.4.1-2) ...
Selecting previously unselected package man-db.
Preparing to unpack .../03-man-db_2.7.6.1-2_amd64.deb ...
Unpacking man-db (2.7.6.1-2) ...
Selecting previously unselected package cmake-data.
Preparing to unpack .../04-cmake-data_3.7.2-1_all.deb ...
Unpacking cmake-data (3.7.2-1) ...
Selecting previously unselected package libprocps6:amd64.
Preparing to unpack .../05-libprocps6_2%3a3.3.12-3_amd64.deb ...
Unpacking libprocps6:amd64 (2:3.3.12-3) ...
Selecting previously unselected package lsb-base.
Preparing to unpack .../06-lsb-base_9.20161125_all.deb ...
Unpacking lsb-base (9.20161125) ...
Selecting previously unselected package procps.
Preparing to unpack .../07-procps_2%3a3.3.12-3_amd64.deb ...
Unpacking procps (2:3.3.12-3) ...
Selecting previously unselected package liblzo2-2:amd64.
Preparing to unpack .../08-liblzo2-2_2.08-1.2+b2_amd64.deb ...
Unpacking liblzo2-2:amd64 (2.08-1.2+b2) ...
Selecting previously unselected package libicu57:amd64.
Preparing to unpack .../09-libicu57_57.1-6_amd64.deb ...
Unpacking libicu57:amd64 (57.1-6) ...
Selecting previously unselected package libxml2:amd64.
Preparing to unpack .../10-libxml2_2.9.4+dfsg1-3_amd64.deb ...
Unpacking libxml2:amd64 (2.9.4+dfsg1-3) ...
Selecting previously unselected package libarchive13:amd64.
Preparing to unpack .../11-libarchive13_3.2.2-2_amd64.deb ...
Unpacking libarchive13:amd64 (3.2.2-2) ...
Selecting previously unselected package libkeyutils1:amd64.
Preparing to unpack .../12-libkeyutils1_1.5.9-9_amd64.deb ...
Unpacking libkeyutils1:amd64 (1.5.9-9) ...
Selecting previously unselected package libkrb5support0:amd64.
Preparing to unpack .../13-libkrb5support0_1.15-1_amd64.deb ...
Unpacking libkrb5support0:amd64 (1.15-1) ...
Selecting previously unselected package libk5crypto3:amd64.
Preparing to unpack .../14-libk5crypto3_1.15-1_amd64.deb ...
Unpacking libk5crypto3:amd64 (1.15-1) ...
Selecting previously unselected package libkrb5-3:amd64.
Preparing to unpack .../15-libkrb5-3_1.15-1_amd64.deb ...
Unpacking libkrb5-3:amd64 (1.15-1) ...
Selecting previously unselected package libgssapi-krb5-2:amd64.
Preparing to unpack .../16-libgssapi-krb5-2_1.15-1_amd64.deb ...
Unpacking libgssapi-krb5-2:amd64 (1.15-1) ...
Selecting previously unselected package libsasl2-modules-db:amd64.
Preparing to unpack .../17-libsasl2-modules-db_2.1.27~101-g0780600+dfsg-3_amd64.deb ...
Unpacking libsasl2-modules-db:amd64 (2.1.27~101-g0780600+dfsg-3) ...
Selecting previously unselected package libsasl2-2:amd64.
Preparing to unpack .../18-libsasl2-2_2.1.27~101-g0780600+dfsg-3_amd64.deb ...
Unpacking libsasl2-2:amd64 (2.1.27~101-g0780600+dfsg-3) ...
Selecting previously unselected package libldap-common.
Preparing to unpack .../19-libldap-common_2.4.44+dfsg-7_all.deb ...
Unpacking libldap-common (2.4.44+dfsg-7) ...
Selecting previously unselected package libldap-2.4-2:amd64.
Preparing to unpack .../20-libldap-2.4-2_2.4.44+dfsg-7_amd64.deb ...
Unpacking libldap-2.4-2:amd64 (2.4.44+dfsg-7) ...
Selecting previously unselected package libnghttp2-14:amd64.
Preparing to unpack .../21-libnghttp2-14_1.24.0-1_amd64.deb ...
Unpacking libnghttp2-14:amd64 (1.24.0-1) ...
Selecting previously unselected package libpsl5:amd64.
Preparing to unpack .../22-libpsl5_0.17.0-4+b1_amd64.deb ...
Unpacking libpsl5:amd64 (0.17.0-4+b1) ...
Selecting previously unselected package librtmp1:amd64.
Preparing to unpack .../23-librtmp1_2.4+20151223.gitfa8646d.1-1+b1_amd64.deb ...
Unpacking librtmp1:amd64 (2.4+20151223.gitfa8646d.1-1+b1) ...
Selecting previously unselected package libssh2-1:amd64.
Preparing to unpack .../24-libssh2-1_1.8.0-1_amd64.deb ...
Unpacking libssh2-1:amd64 (1.8.0-1) ...
Selecting previously unselected package libssl1.0.2:amd64.
Preparing to unpack .../25-libssl1.0.2_1.0.2l-2_amd64.deb ...
Unpacking libssl1.0.2:amd64 (1.0.2l-2) ...
Selecting previously unselected package libcurl3:amd64.
Preparing to unpack .../26-libcurl3_7.52.1-5_amd64.deb ...
Unpacking libcurl3:amd64 (7.52.1-5) ...
Selecting previously unselected package libexpat1:amd64.
Preparing to unpack .../27-libexpat1_2.2.1-3_amd64.deb ...
Unpacking libexpat1:amd64 (2.2.1-3) ...
Selecting previously unselected package libuv1:amd64.
Preparing to unpack .../28-libuv1_1.9.1-3_amd64.deb ...
Unpacking libuv1:amd64 (1.9.1-3) ...
Selecting previously unselected package cmake.
Preparing to unpack .../29-cmake_3.7.2-1_amd64.deb ...
Unpacking cmake (3.7.2-1) ...
Selecting previously unselected package libxapian30:amd64.
Preparing to unpack .../30-libxapian30_1.4.4-2_amd64.deb ...
Unpacking libxapian30:amd64 (1.4.4-2) ...
Selecting previously unselected package libmagic-mgc.
Preparing to unpack .../31-libmagic-mgc_1%3a5.30-1_amd64.deb ...
Unpacking libmagic-mgc (1:5.30-1) ...
Selecting previously unselected package libmagic1:amd64.
Preparing to unpack .../32-libmagic1_1%3a5.30-1_amd64.deb ...
Unpacking libmagic1:amd64 (1:5.30-1) ...
Selecting previously unselected package file.
Preparing to unpack .../33-file_1%3a5.30-1_amd64.deb ...
Unpacking file (1:5.30-1) ...
Selecting previously unselected package gettext-base.
Preparing to unpack .../34-gettext-base_0.19.8.1-2+b1_amd64.deb ...
Unpacking gettext-base (0.19.8.1-2+b1) ...
Selecting previously unselected package libsigsegv2:amd64.
Preparing to unpack .../35-libsigsegv2_2.11-1_amd64.deb ...
Unpacking libsigsegv2:amd64 (2.11-1) ...
Selecting previously unselected package m4.
Preparing to unpack .../36-m4_1.4.18-1_amd64.deb ...
Unpacking m4 (1.4.18-1) ...
Selecting previously unselected package autoconf.
Preparing to unpack .../37-autoconf_2.69-10_all.deb ...
Unpacking autoconf (2.69-10) ...
Selecting previously unselected package autotools-dev.
Preparing to unpack .../38-autotools-dev_20161112.1_all.deb ...
Unpacking autotools-dev (20161112.1) ...
Selecting previously unselected package automake.
Preparing to unpack .../39-automake_1%3a1.15.1-2_all.deb ...
Unpacking automake (1:1.15.1-2) ...
Selecting previously unselected package autopoint.
Preparing to unpack .../40-autopoint_0.19.8.1-2_all.deb ...
Unpacking autopoint (0.19.8.1-2) ...
Selecting previously unselected package libtool.
Preparing to unpack .../41-libtool_2.4.6-2_all.deb ...
Unpacking libtool (2.4.6-2) ...
Selecting previously unselected package dh-autoreconf.
Preparing to unpack .../42-dh-autoreconf_14_all.deb ...
Unpacking dh-autoreconf (14) ...
Selecting previously unselected package libarchive-zip-perl.
Preparing to unpack .../43-libarchive-zip-perl_1.59-1_all.deb ...
Unpacking libarchive-zip-perl (1.59-1) ...
Selecting previously unselected package libfile-stripnondeterminism-perl.
Preparing to unpack .../44-libfile-stripnondeterminism-perl_0.035-2_all.deb ...
Unpacking libfile-stripnondeterminism-perl (0.035-2) ...
Selecting previously unselected package libtimedate-perl.
Preparing to unpack .../45-libtimedate-perl_2.3000-2_all.deb ...
Unpacking libtimedate-perl (2.3000-2) ...
Selecting previously unselected package dh-strip-nondeterminism.
Preparing to unpack .../46-dh-strip-nondeterminism_0.035-2_all.deb ...
Unpacking dh-strip-nondeterminism (0.035-2) ...
Selecting previously unselected package libglib2.0-0:amd64.
Preparing to unpack .../47-libglib2.0-0_2.52.3-1_amd64.deb ...
Unpacking libglib2.0-0:amd64 (2.52.3-1) ...
Selecting previously unselected package libcroco3:amd64.
Preparing to unpack .../48-libcroco3_0.6.12-1_amd64.deb ...
Unpacking libcroco3:amd64 (0.6.12-1) ...
Selecting previously unselected package gettext.
Preparing to unpack .../49-gettext_0.19.8.1-2+b1_amd64.deb ...
Unpacking gettext (0.19.8.1-2+b1) ...
Selecting previously unselected package intltool-debian.
Preparing to unpack .../50-intltool-debian_0.35.0+20060710.4_all.deb ...
Unpacking intltool-debian (0.35.0+20060710.4) ...
Selecting previously unselected package po-debconf.
Preparing to unpack .../51-po-debconf_1.0.20_all.deb ...
Unpacking po-debconf (1.0.20) ...
Selecting previously unselected package debhelper.
Preparing to unpack .../52-debhelper_10.6.2_all.deb ...
Unpacking debhelper (10.6.2) ...
Selecting previously unselected package libllvm3.9:amd64.
Preparing to unpack .../53-libllvm3.9_1%3a3.9.1-10_amd64.deb ...
Unpacking libllvm3.9:amd64 (1:3.9.1-10) ...
Selecting previously unselected package libclang1-3.9:amd64.
Preparing to unpack .../54-libclang1-3.9_1%3a3.9.1-10_amd64.deb ...
Unpacking libclang1-3.9:amd64 (1:3.9.1-10) ...
Selecting previously unselected package doxygen.
Preparing to unpack .../55-doxygen_1.8.13-7_amd64.deb ...
Unpacking doxygen (1.8.13-7) ...
Selecting previously unselected package libboost-system1.62.0:amd64.
Preparing to unpack .../56-libboost-system1.62.0_1.62.0+dfsg-4+b1_amd64.deb ...
Unpacking libboost-system1.62.0:amd64 (1.62.0+dfsg-4+b1) ...
Selecting previously unselected package libboost-chrono1.62.0:amd64.
Preparing to unpack .../57-libboost-chrono1.62.0_1.62.0+dfsg-4+b1_amd64.deb ...
Unpacking libboost-chrono1.62.0:amd64 (1.62.0+dfsg-4+b1) ...
Selecting previously unselected package libboost1.62-dev:amd64.
Preparing to unpack .../58-libboost1.62-dev_1.62.0+dfsg-4+b1_amd64.deb ...
Unpacking libboost1.62-dev:amd64 (1.62.0+dfsg-4+b1) ...
Selecting previously unselected package libboost-serialization1.62.0:amd64.
Preparing to unpack .../59-libboost-serialization1.62.0_1.62.0+dfsg-4+b1_amd64.deb ...
Unpacking libboost-serialization1.62.0:amd64 (1.62.0+dfsg-4+b1) ...
Selecting previously unselected package libboost-serialization1.62-dev:amd64.
Preparing to unpack .../60-libboost-serialization1.62-dev_1.62.0+dfsg-4+b1_amd64.deb ...
Unpacking libboost-serialization1.62-dev:amd64 (1.62.0+dfsg-4+b1) ...
Selecting previously unselected package libboost-serialization-dev:amd64.
Preparing to unpack .../61-libboost-serialization-dev_1.62.0.1_amd64.deb ...
Unpacking libboost-serialization-dev:amd64 (1.62.0.1) ...
Selecting previously unselected package libboost-timer1.62.0:amd64.
Preparing to unpack .../62-libboost-timer1.62.0_1.62.0+dfsg-4+b1_amd64.deb ...
Unpacking libboost-timer1.62.0:amd64 (1.62.0+dfsg-4+b1) ...
Selecting previously unselected package libboost-test1.62.0:amd64.
Preparing to unpack .../63-libboost-test1.62.0_1.62.0+dfsg-4+b1_amd64.deb ...
Unpacking libboost-test1.62.0:amd64 (1.62.0+dfsg-4+b1) ...
Selecting previously unselected package libboost-test1.62-dev:amd64.
Preparing to unpack .../64-libboost-test1.62-dev_1.62.0+dfsg-4+b1_amd64.deb ...
Unpacking libboost-test1.62-dev:amd64 (1.62.0+dfsg-4+b1) ...
Selecting previously unselected package libboost-test-dev:amd64.
Preparing to unpack .../65-libboost-test-dev_1.62.0.1_amd64.deb ...
Unpacking libboost-test-dev:amd64 (1.62.0.1) ...
Selecting previously unselected package sbuild-build-depends-libcereal-dummy.
Preparing to unpack .../66-sbuild-build-depends-libcereal-dummy_0.invalid.0_amd64.deb ...
Unpacking sbuild-build-depends-libcereal-dummy (0.invalid.0) ...
Setting up libboost-serialization1.62.0:amd64 (1.62.0+dfsg-4+b1) ...
Setting up libxapian30:amd64 (1.4.4-2) ...
Setting up libexpat1:amd64 (2.2.1-3) ...
Setting up libarchive-zip-perl (1.59-1) ...
Setting up libnghttp2-14:amd64 (1.24.0-1) ...
Setting up libboost1.62-dev:amd64 (1.62.0+dfsg-4+b1) ...
Setting up libtimedate-perl (2.3000-2) ...
Setting up libsigsegv2:amd64 (2.11-1) ...
Setting up libldap-common (2.4.44+dfsg-7) ...
Setting up libuv1:amd64 (1.9.1-3) ...
Setting up libpsl5:amd64 (0.17.0-4+b1) ...
Setting up groff-base (1.22.3-9) ...
Setting up libglib2.0-0:amd64 (2.52.3-1) ...
No schema files found: doing nothing.
Setting up libllvm3.9:amd64 (1:3.9.1-10) ...
Setting up libsasl2-modules-db:amd64 (2.1.27~101-g0780600+dfsg-3) ...
Setting up libsasl2-2:amd64 (2.1.27~101-g0780600+dfsg-3) ...
Setting up gettext-base (0.19.8.1-2+b1) ...
Setting up cmake-data (3.7.2-1) ...
Setting up libpipeline1:amd64 (1.4.1-2) ...
Setting up librtmp1:amd64 (2.4+20151223.gitfa8646d.1-1+b1) ...
Setting up m4 (1.4.18-1) ...
Setting up libicu57:amd64 (57.1-6) ...
Setting up libprocps6:amd64 (2:3.3.12-3) ...
Setting up libboost-serialization1.62-dev:amd64 (1.62.0+dfsg-4+b1) ...
Setting up libxml2:amd64 (2.9.4+dfsg1-3) ...
Setting up libmagic-mgc (1:5.30-1) ...
Setting up libmagic1:amd64 (1:5.30-1) ...
Setting up lsb-base (9.20161125) ...
Setting up procps (2:3.3.12-3) ...
update-alternatives: using /usr/bin/w.procps to provide /usr/bin/w (w) in auto mode
Setting up libcroco3:amd64 (0.6.12-1) ...
Setting up libssl1.0.2:amd64 (1.0.2l-2) ...
Setting up libssh2-1:amd64 (1.8.0-1) ...
Processing triggers for libc-bin (2.24-12) ...
Setting up autotools-dev (20161112.1) ...
Setting up libldap-2.4-2:amd64 (2.4.44+dfsg-7) ...
Setting up libclang1-3.9:amd64 (1:3.9.1-10) ...
Setting up libkeyutils1:amd64 (1.5.9-9) ...
Setting up bsdmainutils (9.0.12+nmu1) ...
update-alternatives: using /usr/bin/bsd-write to provide /usr/bin/write (write) in auto mode
update-alternatives: using /usr/bin/bsd-from to provide /usr/bin/from (from) in auto mode
Setting up autopoint (0.19.8.1-2) ...
Setting up libboost-system1.62.0:amd64 (1.62.0+dfsg-4+b1) ...
Setting up liblzo2-2:amd64 (2.08-1.2+b2) ...
Setting up libfile-stripnondeterminism-perl (0.035-2) ...
Setting up libboost-serialization-dev:amd64 (1.62.0.1) ...
Setting up gettext (0.19.8.1-2+b1) ...
Setting up libarchive13:amd64 (3.2.2-2) ...
Setting up doxygen (1.8.13-7) ...
Setting up autoconf (2.69-10) ...
Setting up file (1:5.30-1) ...
Setting up libkrb5support0:amd64 (1.15-1) ...
Setting up intltool-debian (0.35.0+20060710.4) ...
Setting up automake (1:1.15.1-2) ...
update-alternatives: using /usr/bin/automake-1.15 to provide /usr/bin/automake (automake) in auto mode
Setting up man-db (2.7.6.1-2) ...
Not building database; man-db/auto-update is not 'true'.
Setting up libboost-chrono1.62.0:amd64 (1.62.0+dfsg-4+b1) ...
Setting up libtool (2.4.6-2) ...
Setting up libk5crypto3:amd64 (1.15-1) ...
Setting up libboost-timer1.62.0:amd64 (1.62.0+dfsg-4+b1) ...
Setting up po-debconf (1.0.20) ...
Setting up libboost-test1.62.0:amd64 (1.62.0+dfsg-4+b1) ...
Setting up libkrb5-3:amd64 (1.15-1) ...
Setting up libboost-test1.62-dev:amd64 (1.62.0+dfsg-4+b1) ...
Setting up libgssapi-krb5-2:amd64 (1.15-1) ...
Setting up libboost-test-dev:amd64 (1.62.0.1) ...
Setting up libcurl3:amd64 (7.52.1-5) ...
Setting up cmake (3.7.2-1) ...
Setting up dh-strip-nondeterminism (0.035-2) ...
Setting up debhelper (10.6.2) ...
Setting up dh-autoreconf (14) ...
Setting up sbuild-build-depends-libcereal-dummy (0.invalid.0) ...
Processing triggers for libc-bin (2.24-12) ...

+------------------------------------------------------------------------------+
| Build environment                                                            |
+------------------------------------------------------------------------------+

Kernel: Linux 4.9.0-2-amd64 amd64 (x86_64)
Toolchain package versions: binutils_2.28-6 dpkg-dev_1.18.24 g++-6_6.4.0-1 gcc-6_6.4.0-1 libc6-dev_2.24-12 libstdc++-6-dev_6.4.0-1 libstdc++6_7.1.0-9 linux-libc-dev_4.11.6-1
Package versions: adduser_3.115 apt_1.5~beta1 autoconf_2.69-10 automake_1:1.15.1-2 autopoint_0.19.8.1-2 autotools-dev_20161112.1 base-files_10 base-passwd_3.5.43 bash_4.4-5 binutils_2.28-6 bsdmainutils_9.0.12+nmu1 bsdutils_1:2.29.2-1 build-essential_12.3 bzip2_1.0.6-8.1 clang-5.0_1:5.0~svn305653-1 cmake_3.7.2-1 cmake-data_3.7.2-1 coreutils_8.26-3 cpp_4:6.3.0-4d1 cpp-6_6.4.0-1 dash_0.5.8-2.4 debconf_1.5.62 debfoster_2.7-2.1+b1 debhelper_10.6.2 debian-archive-keyring_2017.5 debianutils_4.8.1.1 dh-autoreconf_14 dh-strip-nondeterminism_0.035-2 diffutils_1:3.5-3 doxygen_1.8.13-7 dpkg_1.18.24 dpkg-dev_1.18.24 e2fslibs_1.43.4-2 e2fsprogs_1.43.4-2 eatmydata_105-5 fakeroot_1.21-3.1 file_1:5.30-1 findutils_4.6.0+git+20170606-2 g++_4:6.3.0-4d1 g++-6_6.4.0-1 gcc_4:6.3.0-4d1 gcc-6_6.4.0-1 gcc-6-base_6.4.0-1 gcc-7-base_7.1.0-9 gettext_0.19.8.1-2+b1 gettext-base_0.19.8.1-2+b1 gpgv_2.1.18-8 grep_2.27-2 groff-base_1.22.3-9 gzip_1.6-5+b1 hostname_3.18+b1 init-system-helpers_1.48 intltool-debian_0.35.0+20060710.4 lib32gcc1_1:7.1.0-9 lib32stdc++6_7.1.0-9 libacl1_2.2.52-3+b1 libapt-pkg5.0_1.5~beta1 libarchive-zip-perl_1.59-1 libarchive13_3.2.2-2 libasan3_6.4.0-1 libatomic1_7.1.0-9 libattr1_1:2.4.47-2+b2 libaudit-common_1:2.7.7-1 libaudit1_1:2.7.7-1+b1 libblkid1_2.29.2-1 libboost-chrono1.62.0_1.62.0+dfsg-4+b1 libboost-serialization-dev_1.62.0.1 libboost-serialization1.62-dev_1.62.0+dfsg-4+b1 libboost-serialization1.62.0_1.62.0+dfsg-4+b1 libboost-system1.62.0_1.62.0+dfsg-4+b1 libboost-test-dev_1.62.0.1 libboost-test1.62-dev_1.62.0+dfsg-4+b1 libboost-test1.62.0_1.62.0+dfsg-4+b1 libboost-timer1.62.0_1.62.0+dfsg-4+b1 libboost1.62-dev_1.62.0+dfsg-4+b1 libbsd0_0.8.5-1 libbz2-1.0_1.0.6-8.1 libc-bin_2.24-12 libc-dev-bin_2.24-12 libc6_2.24-12 libc6-dev_2.24-12 libc6-i386_2.24-12 libcap-ng0_0.7.7-3+b1 libcc1-0_7.1.0-9 libcilkrts5_7.1.0-9 libclang-common-5.0-dev_1:5.0~svn305653-1 libclang1-3.9_1:3.9.1-10 libclang1-5.0_1:5.0~svn305653-1 libcomerr2_1.43.4-2 libcroco3_0.6.12-1 libcurl3_7.52.1-5 libdb5.3_5.3.28-12+b1 libdebconfclient0_0.229 libdpkg-perl_1.18.24 libeatmydata1_105-5 libedit2_3.1-20170329-1 libexpat1_2.2.1-3 libfakeroot_1.21-3.1 libfdisk1_2.29.2-1 libffi6_3.2.1-6 libfile-stripnondeterminism-perl_0.035-2 libgc1c2_1:7.4.2-8 libgcc-6-dev_6.4.0-1 libgcc1_1:7.1.0-9 libgcrypt20_1.7.8-1 libgdbm3_1.8.3-14 libglib2.0-0_2.52.3-1 libgmp10_2:6.1.2+dfsg-1 libgnutls30_3.5.13-2 libgomp1_7.1.0-9 libgpg-error0_1.27-3 libgssapi-krb5-2_1.15-1 libhogweed4_3.3-1+b1 libicu57_57.1-6 libidn2-0_0.16-1+b1 libisl15_0.18-1 libitm1_7.1.0-9 libjsoncpp1_1.7.4-3 libk5crypto3_1.15-1 libkeyutils1_1.5.9-9 libkrb5-3_1.15-1 libkrb5support0_1.15-1 libldap-2.4-2_2.4.44+dfsg-7 libldap-common_2.4.44+dfsg-7 libllvm3.9_1:3.9.1-10 libllvm5.0_1:5.0~svn305653-1 liblsan0_7.1.0-9 liblz4-1_0.0~r131-2+b1 liblzma5_5.2.2-1.2+b1 liblzo2-2_2.08-1.2+b2 libmagic-mgc_1:5.30-1 libmagic1_1:5.30-1 libmount1_2.29.2-1 libmpc3_1.0.3-1+b2 libmpfr4_3.1.5-1 libmpx2_7.1.0-9 libncurses5_6.0+20161126-1 libncursesw5_6.0+20161126-1 libnettle6_3.3-1+b1 libnghttp2-14_1.24.0-1 libobjc-6-dev_6.4.0-1 libobjc4_7.1.0-9 libp11-kit0_0.23.7-2 libpam-modules_1.1.8-3.6 libpam-modules-bin_1.1.8-3.6 libpam-runtime_1.1.8-3.6 libpam0g_1.1.8-3.6 libpcre3_2:8.39-3 libperl5.24_5.24.1-6 libpipeline1_1.4.1-2 libprocps6_2:3.3.12-3 libpsl5_0.17.0-4+b1 libquadmath0_7.1.0-9 librtmp1_2.4+20151223.gitfa8646d.1-1+b1 libsasl2-2_2.1.27~101-g0780600+dfsg-3 libsasl2-modules-db_2.1.27~101-g0780600+dfsg-3 libselinux1_2.6-3+b2 libsemanage-common_2.6-2 libsemanage1_2.6-2+b1 libsepol1_2.6-2 libsigsegv2_2.11-1 libsmartcols1_2.29.2-1 libss2_1.43.4-2 libssh2-1_1.8.0-1 libssl1.0.2_1.0.2l-2 libstdc++-6-dev_6.4.0-1 libstdc++6_7.1.0-9 libsystemd0_233-10 libtasn1-6_4.12-2 libtimedate-perl_2.3000-2 libtinfo5_6.0+20161126-1 libtool_2.4.6-2 libtsan0_7.1.0-9 libubsan0_7.1.0-9 libudev1_233-10 libunistring2_0.9.7-2 libustr-1.0-1_1.0.4-6 libuuid1_2.29.2-1 libuv1_1.9.1-3 libxapian30_1.4.4-2 libxml2_2.9.4+dfsg1-3 linux-libc-dev_4.11.6-1 login_1:4.4-4.1 lsb-base_9.20161125 m4_1.4.18-1 make_4.1-9.1 man-db_2.7.6.1-2 mawk_1.3.3-17+b3 mount_2.29.2-1 multiarch-support_2.24-12 ncurses-base_6.0+20161126-1 ncurses-bin_6.0+20161126-1 passwd_1:4.4-4.1 patch_2.7.5-1+b2 perl_5.24.1-6 perl-base_5.24.1-6 perl-modules-5.24_5.24.1-6 po-debconf_1.0.20 procps_2:3.3.12-3 sbuild-build-depends-core-dummy_0.invalid.0 sbuild-build-depends-libcereal-dummy_0.invalid.0 sed_4.4-1 sensible-utils_0.0.9 sysvinit-utils_2.88dsf-59.9 tar_1.29b-1.1 util-linux_2.29.2-1 xz-utils_5.2.2-1.2+b1 zlib1g_1:1.2.8.dfsg-5

+------------------------------------------------------------------------------+
| Build                                                                        |
+------------------------------------------------------------------------------+


Unpack source
-------------

gpgv: unknown type of key resource 'trustedkeys.kbx'
gpgv: keyblock resource '/sbuild-nonexistent/.gnupg/trustedkeys.kbx': General error
gpgv: Signature made Thu Nov 10 12:04:31 2016 UTC
gpgv:                using RSA key 3C26763F6C67E6E2
gpgv: Can't check signature: No public key
dpkg-source: warning: failed to verify signature on ./libcereal_1.2.1-2.dsc
dpkg-source: info: extracting libcereal in /<<PKGBUILDDIR>>
dpkg-source: info: unpacking libcereal_1.2.1.orig.tar.gz
dpkg-source: info: unpacking libcereal_1.2.1-2.debian.tar.xz
dpkg-source: info: applying reproducible-doxygen
dpkg-source: info: applying drop-google-analytics
dpkg-source: info: applying add-only-tests-target

Check disk space
----------------

Sufficient free space for build

User Environment
----------------

APT_CONFIG=/var/lib/sbuild/apt.conf
HOME=/sbuild-nonexistent
LANG=en_US.UTF-8
LC_ALL=POSIX
LOGNAME=user42
PATH=/usr/local/sbin:/usr/local/bin:/usr/sbin:/usr/bin:/sbin:/bin:/usr/games
SCHROOT_ALIAS_NAME=unstable-amd64-sbuild
SCHROOT_CHROOT_NAME=unstable-amd64-sbuild
SCHROOT_COMMAND=env
SCHROOT_GID=1001
SCHROOT_GROUP=user42
SCHROOT_SESSION_ID=unstable-amd64-sbuild-1fe6238b-0a4c-4304-9be9-3a4680492f2f
SCHROOT_UID=1001
SCHROOT_USER=user42
SHELL=/bin/sh
USER=user42

dpkg-buildpackage
-----------------

dpkg-buildpackage: info: source package libcereal
dpkg-buildpackage: info: source version 1.2.1-2
dpkg-buildpackage: info: source distribution unstable
dpkg-buildpackage: info: source changed by Michael R. Crusoe <michael.crusoe@gmail.com>
 dpkg-source --before-build libcereal-1.2.1
dpkg-buildpackage: info: host architecture amd64
 fakeroot debian/rules clean
dh clean --parallel
   dh_testdir -O--parallel
   dh_auto_clean -O--parallel
   dh_clean -O--parallel
 debian/rules build-arch
dh build-arch --parallel
   dh_testdir -a -O--parallel
   dh_update_autotools_config -a -O--parallel
   debian/rules override_dh_auto_configure
make[1]: Entering directory '/<<PKGBUILDDIR>>'
dh_auto_configure -- -DSKIP_PORTABILITY_TEST=on
	cmake .. -DCMAKE_INSTALL_PREFIX=/usr -DCMAKE_VERBOSE_MAKEFILE=ON -DCMAKE_BUILD_TYPE=None -DCMAKE_INSTALL_SYSCONFDIR=/etc -DCMAKE_INSTALL_LOCALSTATEDIR=/var -DSKIP_PORTABILITY_TEST=on
-- The C compiler identification is Clang 5.0.0
-- The CXX compiler identification is Clang 5.0.0
-- Check for working C compiler: /usr/bin/cc
-- Check for working C compiler: /usr/bin/cc -- works
-- Detecting C compiler ABI info
-- Detecting C compiler ABI info - done
-- Detecting C compile features
-- Detecting C compile features - done
-- Check for working CXX compiler: /usr/bin/c++
-- Check for working CXX compiler: /usr/bin/c++ -- works
-- Detecting CXX compiler ABI info
-- Detecting CXX compiler ABI info - done
-- Detecting CXX compile features
-- Detecting CXX compile features - done
-- Boost version: 1.62.0
-- Found the following Boost libraries:
--   serialization
--   unit_test_framework
-- Found Doxygen: /usr/bin/doxygen (found version "1.8.13") 
-- Configuring done
-- Generating done
CMake Warning:
  Manually-specified variables were not used by the project:

    CMAKE_INSTALL_LOCALSTATEDIR
    CMAKE_INSTALL_SYSCONFDIR


-- Build files have been written to: /<<PKGBUILDDIR>>/obj-x86_64-linux-gnu
make[1]: Leaving directory '/<<PKGBUILDDIR>>'
   debian/rules override_dh_auto_build
make[1]: Entering directory '/<<PKGBUILDDIR>>'
dh_auto_build -- all doc
	make -j16 all doc
make[2]: Entering directory '/<<PKGBUILDDIR>>/obj-x86_64-linux-gnu'
/usr/bin/cmake -H/<<PKGBUILDDIR>> -B/<<PKGBUILDDIR>>/obj-x86_64-linux-gnu --check-build-system CMakeFiles/Makefile.cmake 0
/usr/bin/cmake -E cmake_progress_start /<<PKGBUILDDIR>>/obj-x86_64-linux-gnu/CMakeFiles /<<PKGBUILDDIR>>/obj-x86_64-linux-gnu/CMakeFiles/progress.marks
make -f CMakeFiles/Makefile2 all
make[3]: Entering directory '/<<PKGBUILDDIR>>/obj-x86_64-linux-gnu'
make -f unittests/CMakeFiles/test_user_data_adapters.dir/build.make unittests/CMakeFiles/test_user_data_adapters.dir/depend
make -f unittests/CMakeFiles/test_unordered_set.dir/build.make unittests/CMakeFiles/test_unordered_set.dir/depend
make -f unittests/CMakeFiles/test_polymorphic.dir/build.make unittests/CMakeFiles/test_polymorphic.dir/depend
make -f unittests/CMakeFiles/test_unordered_multiset.dir/build.make unittests/CMakeFiles/test_unordered_multiset.dir/depend
make -f unittests/CMakeFiles/test_bitset.dir/build.make unittests/CMakeFiles/test_bitset.dir/depend
make -f unittests/CMakeFiles/test_unordered_multimap.dir/build.make unittests/CMakeFiles/test_unordered_multimap.dir/depend
make -f unittests/CMakeFiles/test_unordered_loads.dir/build.make unittests/CMakeFiles/test_unordered_loads.dir/depend
make -f unittests/CMakeFiles/test_multiset.dir/build.make unittests/CMakeFiles/test_multiset.dir/depend
make -f unittests/CMakeFiles/test_structs_specialized.dir/build.make unittests/CMakeFiles/test_structs_specialized.dir/depend
make -f unittests/CMakeFiles/test_structs_minimal.dir/build.make unittests/CMakeFiles/test_structs_minimal.dir/depend
make -f unittests/CMakeFiles/test_portable_binary_archive.dir/build.make unittests/CMakeFiles/test_portable_binary_archive.dir/depend
make[4]: Entering directory '/<<PKGBUILDDIR>>/obj-x86_64-linux-gnu'
cd /<<PKGBUILDDIR>>/obj-x86_64-linux-gnu && /usr/bin/cmake -E cmake_depends "Unix Makefiles" /<<PKGBUILDDIR>> /<<PKGBUILDDIR>>/unittests /<<PKGBUILDDIR>>/obj-x86_64-linux-gnu /<<PKGBUILDDIR>>/obj-x86_64-linux-gnu/unittests /<<PKGBUILDDIR>>/obj-x86_64-linux-gnu/unittests/CMakeFiles/test_polymorphic.dir/DependInfo.cmake --color=
make -f unittests/CMakeFiles/test_structs.dir/build.make unittests/CMakeFiles/test_structs.dir/depend
make -f unittests/CMakeFiles/test_valarray.dir/build.make unittests/CMakeFiles/test_valarray.dir/depend
make -f unittests/CMakeFiles/test_priority_queue.dir/build.make unittests/CMakeFiles/test_priority_queue.dir/depend
make[4]: Entering directory '/<<PKGBUILDDIR>>/obj-x86_64-linux-gnu'
cd /<<PKGBUILDDIR>>/obj-x86_64-linux-gnu && /usr/bin/cmake -E cmake_depends "Unix Makefiles" /<<PKGBUILDDIR>> /<<PKGBUILDDIR>>/unittests /<<PKGBUILDDIR>>/obj-x86_64-linux-gnu /<<PKGBUILDDIR>>/obj-x86_64-linux-gnu/unittests /<<PKGBUILDDIR>>/obj-x86_64-linux-gnu/unittests/CMakeFiles/test_unordered_set.dir/DependInfo.cmake --color=
make -f unittests/CMakeFiles/test_pair.dir/build.make unittests/CMakeFiles/test_pair.dir/depend
make -f unittests/CMakeFiles/test_pod.dir/build.make unittests/CMakeFiles/test_pod.dir/depend
make[4]: Entering directory '/<<PKGBUILDDIR>>/obj-x86_64-linux-gnu'
cd /<<PKGBUILDDIR>>/obj-x86_64-linux-gnu && /usr/bin/cmake -E cmake_depends "Unix Makefiles" /<<PKGBUILDDIR>> /<<PKGBUILDDIR>>/unittests /<<PKGBUILDDIR>>/obj-x86_64-linux-gnu /<<PKGBUILDDIR>>/obj-x86_64-linux-gnu/unittests /<<PKGBUILDDIR>>/obj-x86_64-linux-gnu/unittests/CMakeFiles/test_user_data_adapters.dir/DependInfo.cmake --color=
make[4]: Entering directory '/<<PKGBUILDDIR>>/obj-x86_64-linux-gnu'
cd /<<PKGBUILDDIR>>/obj-x86_64-linux-gnu && /usr/bin/cmake -E cmake_depends "Unix Makefiles" /<<PKGBUILDDIR>> /<<PKGBUILDDIR>>/unittests /<<PKGBUILDDIR>>/obj-x86_64-linux-gnu /<<PKGBUILDDIR>>/obj-x86_64-linux-gnu/unittests /<<PKGBUILDDIR>>/obj-x86_64-linux-gnu/unittests/CMakeFiles/test_unordered_multiset.dir/DependInfo.cmake --color=
make[4]: Entering directory '/<<PKGBUILDDIR>>/obj-x86_64-linux-gnu'
cd /<<PKGBUILDDIR>>/obj-x86_64-linux-gnu && /usr/bin/cmake -E cmake_depends "Unix Makefiles" /<<PKGBUILDDIR>> /<<PKGBUILDDIR>>/unittests /<<PKGBUILDDIR>>/obj-x86_64-linux-gnu /<<PKGBUILDDIR>>/obj-x86_64-linux-gnu/unittests /<<PKGBUILDDIR>>/obj-x86_64-linux-gnu/unittests/CMakeFiles/test_portable_binary_archive.dir/DependInfo.cmake --color=
make[4]: Entering directory '/<<PKGBUILDDIR>>/obj-x86_64-linux-gnu'
cd /<<PKGBUILDDIR>>/obj-x86_64-linux-gnu && /usr/bin/cmake -E cmake_depends "Unix Makefiles" /<<PKGBUILDDIR>> /<<PKGBUILDDIR>>/unittests /<<PKGBUILDDIR>>/obj-x86_64-linux-gnu /<<PKGBUILDDIR>>/obj-x86_64-linux-gnu/unittests /<<PKGBUILDDIR>>/obj-x86_64-linux-gnu/unittests/CMakeFiles/test_structs.dir/DependInfo.cmake --color=
make[4]: Entering directory '/<<PKGBUILDDIR>>/obj-x86_64-linux-gnu'
cd /<<PKGBUILDDIR>>/obj-x86_64-linux-gnu && /usr/bin/cmake -E cmake_depends "Unix Makefiles" /<<PKGBUILDDIR>> /<<PKGBUILDDIR>>/unittests /<<PKGBUILDDIR>>/obj-x86_64-linux-gnu /<<PKGBUILDDIR>>/obj-x86_64-linux-gnu/unittests /<<PKGBUILDDIR>>/obj-x86_64-linux-gnu/unittests/CMakeFiles/test_valarray.dir/DependInfo.cmake --color=
make[4]: Entering directory '/<<PKGBUILDDIR>>/obj-x86_64-linux-gnu'
cd /<<PKGBUILDDIR>>/obj-x86_64-linux-gnu && /usr/bin/cmake -E cmake_depends "Unix Makefiles" /<<PKGBUILDDIR>> /<<PKGBUILDDIR>>/unittests /<<PKGBUILDDIR>>/obj-x86_64-linux-gnu /<<PKGBUILDDIR>>/obj-x86_64-linux-gnu/unittests /<<PKGBUILDDIR>>/obj-x86_64-linux-gnu/unittests/CMakeFiles/test_priority_queue.dir/DependInfo.cmake --color=
make[4]: Entering directory '/<<PKGBUILDDIR>>/obj-x86_64-linux-gnu'
cd /<<PKGBUILDDIR>>/obj-x86_64-linux-gnu && /usr/bin/cmake -E cmake_depends "Unix Makefiles" /<<PKGBUILDDIR>> /<<PKGBUILDDIR>>/unittests /<<PKGBUILDDIR>>/obj-x86_64-linux-gnu /<<PKGBUILDDIR>>/obj-x86_64-linux-gnu/unittests /<<PKGBUILDDIR>>/obj-x86_64-linux-gnu/unittests/CMakeFiles/test_pair.dir/DependInfo.cmake --color=
make[4]: Entering directory '/<<PKGBUILDDIR>>/obj-x86_64-linux-gnu'
cd /<<PKGBUILDDIR>>/obj-x86_64-linux-gnu && /usr/bin/cmake -E cmake_depends "Unix Makefiles" /<<PKGBUILDDIR>> /<<PKGBUILDDIR>>/unittests /<<PKGBUILDDIR>>/obj-x86_64-linux-gnu /<<PKGBUILDDIR>>/obj-x86_64-linux-gnu/unittests /<<PKGBUILDDIR>>/obj-x86_64-linux-gnu/unittests/CMakeFiles/test_bitset.dir/DependInfo.cmake --color=
make[4]: Entering directory '/<<PKGBUILDDIR>>/obj-x86_64-linux-gnu'
cd /<<PKGBUILDDIR>>/obj-x86_64-linux-gnu && /usr/bin/cmake -E cmake_depends "Unix Makefiles" /<<PKGBUILDDIR>> /<<PKGBUILDDIR>>/unittests /<<PKGBUILDDIR>>/obj-x86_64-linux-gnu /<<PKGBUILDDIR>>/obj-x86_64-linux-gnu/unittests /<<PKGBUILDDIR>>/obj-x86_64-linux-gnu/unittests/CMakeFiles/test_structs_minimal.dir/DependInfo.cmake --color=
make[4]: Entering directory '/<<PKGBUILDDIR>>/obj-x86_64-linux-gnu'
cd /<<PKGBUILDDIR>>/obj-x86_64-linux-gnu && /usr/bin/cmake -E cmake_depends "Unix Makefiles" /<<PKGBUILDDIR>> /<<PKGBUILDDIR>>/unittests /<<PKGBUILDDIR>>/obj-x86_64-linux-gnu /<<PKGBUILDDIR>>/obj-x86_64-linux-gnu/unittests /<<PKGBUILDDIR>>/obj-x86_64-linux-gnu/unittests/CMakeFiles/test_unordered_multimap.dir/DependInfo.cmake --color=
make[4]: Entering directory '/<<PKGBUILDDIR>>/obj-x86_64-linux-gnu'
cd /<<PKGBUILDDIR>>/obj-x86_64-linux-gnu && /usr/bin/cmake -E cmake_depends "Unix Makefiles" /<<PKGBUILDDIR>> /<<PKGBUILDDIR>>/unittests /<<PKGBUILDDIR>>/obj-x86_64-linux-gnu /<<PKGBUILDDIR>>/obj-x86_64-linux-gnu/unittests /<<PKGBUILDDIR>>/obj-x86_64-linux-gnu/unittests/CMakeFiles/test_pod.dir/DependInfo.cmake --color=
make[4]: Entering directory '/<<PKGBUILDDIR>>/obj-x86_64-linux-gnu'
cd /<<PKGBUILDDIR>>/obj-x86_64-linux-gnu && /usr/bin/cmake -E cmake_depends "Unix Makefiles" /<<PKGBUILDDIR>> /<<PKGBUILDDIR>>/unittests /<<PKGBUILDDIR>>/obj-x86_64-linux-gnu /<<PKGBUILDDIR>>/obj-x86_64-linux-gnu/unittests /<<PKGBUILDDIR>>/obj-x86_64-linux-gnu/unittests/CMakeFiles/test_unordered_loads.dir/DependInfo.cmake --color=
make[4]: Entering directory '/<<PKGBUILDDIR>>/obj-x86_64-linux-gnu'
cd /<<PKGBUILDDIR>>/obj-x86_64-linux-gnu && /usr/bin/cmake -E cmake_depends "Unix Makefiles" /<<PKGBUILDDIR>> /<<PKGBUILDDIR>>/unittests /<<PKGBUILDDIR>>/obj-x86_64-linux-gnu /<<PKGBUILDDIR>>/obj-x86_64-linux-gnu/unittests /<<PKGBUILDDIR>>/obj-x86_64-linux-gnu/unittests/CMakeFiles/test_structs_specialized.dir/DependInfo.cmake --color=
make[4]: Entering directory '/<<PKGBUILDDIR>>/obj-x86_64-linux-gnu'
cd /<<PKGBUILDDIR>>/obj-x86_64-linux-gnu && /usr/bin/cmake -E cmake_depends "Unix Makefiles" /<<PKGBUILDDIR>> /<<PKGBUILDDIR>>/unittests /<<PKGBUILDDIR>>/obj-x86_64-linux-gnu /<<PKGBUILDDIR>>/obj-x86_64-linux-gnu/unittests /<<PKGBUILDDIR>>/obj-x86_64-linux-gnu/unittests/CMakeFiles/test_multiset.dir/DependInfo.cmake --color=
Scanning dependencies of target test_portable_binary_archive
make[4]: Leaving directory '/<<PKGBUILDDIR>>/obj-x86_64-linux-gnu'
make -f unittests/CMakeFiles/test_portable_binary_archive.dir/build.make unittests/CMakeFiles/test_portable_binary_archive.dir/build
Scanning dependencies of target test_pair
Scanning dependencies of target test_multiset
make[4]: Entering directory '/<<PKGBUILDDIR>>/obj-x86_64-linux-gnu'
make[4]: Leaving directory '/<<PKGBUILDDIR>>/obj-x86_64-linux-gnu'
make -f unittests/CMakeFiles/test_pair.dir/build.make unittests/CMakeFiles/test_pair.dir/build
Scanning dependencies of target test_polymorphic
make[4]: Leaving directory '/<<PKGBUILDDIR>>/obj-x86_64-linux-gnu'
make -f unittests/CMakeFiles/test_multiset.dir/build.make unittests/CMakeFiles/test_multiset.dir/build
make[4]: Leaving directory '/<<PKGBUILDDIR>>/obj-x86_64-linux-gnu'
make -f unittests/CMakeFiles/test_polymorphic.dir/build.make unittests/CMakeFiles/test_polymorphic.dir/build
Scanning dependencies of target test_unordered_set
make[4]: Entering directory '/<<PKGBUILDDIR>>/obj-x86_64-linux-gnu'
make[4]: Leaving directory '/<<PKGBUILDDIR>>/obj-x86_64-linux-gnu'
make -f unittests/CMakeFiles/test_unordered_set.dir/build.make unittests/CMakeFiles/test_unordered_set.dir/build
make[4]: Entering directory '/<<PKGBUILDDIR>>/obj-x86_64-linux-gnu'
make[4]: Entering directory '/<<PKGBUILDDIR>>/obj-x86_64-linux-gnu'
make[4]: Entering directory '/<<PKGBUILDDIR>>/obj-x86_64-linux-gnu'
Scanning dependencies of target test_unordered_multimap
Scanning dependencies of target test_priority_queue
make[4]: Leaving directory '/<<PKGBUILDDIR>>/obj-x86_64-linux-gnu'
Scanning dependencies of target test_structs
make -f unittests/CMakeFiles/test_unordered_multimap.dir/build.make unittests/CMakeFiles/test_unordered_multimap.dir/build
make[4]: Leaving directory '/<<PKGBUILDDIR>>/obj-x86_64-linux-gnu'
make -f unittests/CMakeFiles/test_priority_queue.dir/build.make unittests/CMakeFiles/test_priority_queue.dir/build
Scanning dependencies of target test_valarray
make[4]: Leaving directory '/<<PKGBUILDDIR>>/obj-x86_64-linux-gnu'
Scanning dependencies of target test_pod
make -f unittests/CMakeFiles/test_structs.dir/build.make unittests/CMakeFiles/test_structs.dir/build
make[4]: Leaving directory '/<<PKGBUILDDIR>>/obj-x86_64-linux-gnu'
make -f unittests/CMakeFiles/test_valarray.dir/build.make unittests/CMakeFiles/test_valarray.dir/build
make[4]: Leaving directory '/<<PKGBUILDDIR>>/obj-x86_64-linux-gnu'
make -f unittests/CMakeFiles/test_pod.dir/build.make unittests/CMakeFiles/test_pod.dir/build
make[4]: Entering directory '/<<PKGBUILDDIR>>/obj-x86_64-linux-gnu'
Scanning dependencies of target test_user_data_adapters
make[4]: Entering directory '/<<PKGBUILDDIR>>/obj-x86_64-linux-gnu'
make[4]: Entering directory '/<<PKGBUILDDIR>>/obj-x86_64-linux-gnu'
make[4]: Leaving directory '/<<PKGBUILDDIR>>/obj-x86_64-linux-gnu'
make[4]: Entering directory '/<<PKGBUILDDIR>>/obj-x86_64-linux-gnu'
make -f unittests/CMakeFiles/test_user_data_adapters.dir/build.make unittests/CMakeFiles/test_user_data_adapters.dir/build
[  1%] Building CXX object unittests/CMakeFiles/test_polymorphic.dir/polymorphic.cpp.o
Scanning dependencies of target test_structs_specialized
cd /<<PKGBUILDDIR>>/obj-x86_64-linux-gnu/unittests && /usr/bin/c++   -DBOOST_TEST_DYN_LINK -DBOOST_TEST_MODULE=test_polymorphic -I/<<PKGBUILDDIR>>/./include  -Wall -Werror -g -Wextra -Wshadow -pedantic -g -O2 -fdebug-prefix-map=/<<PKGBUILDDIR>>=. -fstack-protector-strong -Wformat -Werror=format-security -Wdate-time -D_FORTIFY_SOURCE=2   -std=gnu++11 -o CMakeFiles/test_polymorphic.dir/polymorphic.cpp.o -c /<<PKGBUILDDIR>>/unittests/polymorphic.cpp
Scanning dependencies of target test_structs_minimal
Scanning dependencies of target test_bitset
make[4]: Leaving directory '/<<PKGBUILDDIR>>/obj-x86_64-linux-gnu'
make -f unittests/CMakeFiles/test_structs_specialized.dir/build.make unittests/CMakeFiles/test_structs_specialized.dir/build
make[4]: Leaving directory '/<<PKGBUILDDIR>>/obj-x86_64-linux-gnu'
make[4]: Leaving directory '/<<PKGBUILDDIR>>/obj-x86_64-linux-gnu'
make -f unittests/CMakeFiles/test_structs_minimal.dir/build.make unittests/CMakeFiles/test_structs_minimal.dir/build
make -f unittests/CMakeFiles/test_bitset.dir/build.make unittests/CMakeFiles/test_bitset.dir/build
[  3%] Building CXX object unittests/CMakeFiles/test_multiset.dir/multiset.cpp.o
[  5%] Building CXX object unittests/CMakeFiles/test_portable_binary_archive.dir/portable_binary_archive.cpp.o
cd /<<PKGBUILDDIR>>/obj-x86_64-linux-gnu/unittests && /usr/bin/c++   -DBOOST_TEST_DYN_LINK -DBOOST_TEST_MODULE=test_multiset -I/<<PKGBUILDDIR>>/./include  -Wall -Werror -g -Wextra -Wshadow -pedantic -g -O2 -fdebug-prefix-map=/<<PKGBUILDDIR>>=. -fstack-protector-strong -Wformat -Werror=format-security -Wdate-time -D_FORTIFY_SOURCE=2   -std=gnu++11 -o CMakeFiles/test_multiset.dir/multiset.cpp.o -c /<<PKGBUILDDIR>>/unittests/multiset.cpp
cd /<<PKGBUILDDIR>>/obj-x86_64-linux-gnu/unittests && /usr/bin/c++   -DBOOST_TEST_DYN_LINK -DBOOST_TEST_MODULE=test_portable_binary_archive -I/<<PKGBUILDDIR>>/./include  -Wall -Werror -g -Wextra -Wshadow -pedantic -g -O2 -fdebug-prefix-map=/<<PKGBUILDDIR>>=. -fstack-protector-strong -Wformat -Werror=format-security -Wdate-time -D_FORTIFY_SOURCE=2   -std=gnu++11 -o CMakeFiles/test_portable_binary_archive.dir/portable_binary_archive.cpp.o -c /<<PKGBUILDDIR>>/unittests/portable_binary_archive.cpp
make[4]: Entering directory '/<<PKGBUILDDIR>>/obj-x86_64-linux-gnu'
make[4]: Entering directory '/<<PKGBUILDDIR>>/obj-x86_64-linux-gnu'
make[4]: Entering directory '/<<PKGBUILDDIR>>/obj-x86_64-linux-gnu'
make[4]: Entering directory '/<<PKGBUILDDIR>>/obj-x86_64-linux-gnu'
[  7%] Building CXX object unittests/CMakeFiles/test_priority_queue.dir/priority_queue.cpp.o
[  7%] Building CXX object unittests/CMakeFiles/test_structs.dir/structs.cpp.o
cd /<<PKGBUILDDIR>>/obj-x86_64-linux-gnu/unittests && /usr/bin/c++   -DBOOST_TEST_DYN_LINK -DBOOST_TEST_MODULE=test_priority_queue -I/<<PKGBUILDDIR>>/./include  -Wall -Werror -g -Wextra -Wshadow -pedantic -g -O2 -fdebug-prefix-map=/<<PKGBUILDDIR>>=. -fstack-protector-strong -Wformat -Werror=format-security -Wdate-time -D_FORTIFY_SOURCE=2   -std=gnu++11 -o CMakeFiles/test_priority_queue.dir/priority_queue.cpp.o -c /<<PKGBUILDDIR>>/unittests/priority_queue.cpp
cd /<<PKGBUILDDIR>>/obj-x86_64-linux-gnu/unittests && /usr/bin/c++   -DBOOST_TEST_DYN_LINK -DBOOST_TEST_MODULE=test_structs -I/<<PKGBUILDDIR>>/./include  -Wall -Werror -g -Wextra -Wshadow -pedantic -g -O2 -fdebug-prefix-map=/<<PKGBUILDDIR>>=. -fstack-protector-strong -Wformat -Werror=format-security -Wdate-time -D_FORTIFY_SOURCE=2   -std=gnu++11 -o CMakeFiles/test_structs.dir/structs.cpp.o -c /<<PKGBUILDDIR>>/unittests/structs.cpp
[  9%] Building CXX object unittests/CMakeFiles/test_pair.dir/pair.cpp.o
Scanning dependencies of target test_unordered_multiset
cd /<<PKGBUILDDIR>>/obj-x86_64-linux-gnu/unittests && /usr/bin/c++   -DBOOST_TEST_DYN_LINK -DBOOST_TEST_MODULE=test_pair -I/<<PKGBUILDDIR>>/./include  -Wall -Werror -g -Wextra -Wshadow -pedantic -g -O2 -fdebug-prefix-map=/<<PKGBUILDDIR>>=. -fstack-protector-strong -Wformat -Werror=format-security -Wdate-time -D_FORTIFY_SOURCE=2   -std=gnu++11 -o CMakeFiles/test_pair.dir/pair.cpp.o -c /<<PKGBUILDDIR>>/unittests/pair.cpp
Scanning dependencies of target test_unordered_loads
make[4]: Leaving directory '/<<PKGBUILDDIR>>/obj-x86_64-linux-gnu'
make -f unittests/CMakeFiles/test_unordered_multiset.dir/build.make unittests/CMakeFiles/test_unordered_multiset.dir/build
make[4]: Entering directory '/<<PKGBUILDDIR>>/obj-x86_64-linux-gnu'
make[4]: Leaving directory '/<<PKGBUILDDIR>>/obj-x86_64-linux-gnu'
make -f unittests/CMakeFiles/test_unordered_loads.dir/build.make unittests/CMakeFiles/test_unordered_loads.dir/build
[ 11%] Building CXX object unittests/CMakeFiles/test_valarray.dir/valarray.cpp.o
[ 12%] Building CXX object unittests/CMakeFiles/test_unordered_set.dir/unordered_set.cpp.o
[ 12%] Building CXX object unittests/CMakeFiles/test_unordered_multimap.dir/unordered_multimap.cpp.o
[ 12%] Building CXX object unittests/CMakeFiles/test_structs_minimal.dir/structs_minimal.cpp.o
[ 12%] Building CXX object unittests/CMakeFiles/test_pod.dir/pod.cpp.o
[ 14%] Building CXX object unittests/CMakeFiles/test_bitset.dir/bitset.cpp.o
cd /<<PKGBUILDDIR>>/obj-x86_64-linux-gnu/unittests && /usr/bin/c++   -DBOOST_TEST_DYN_LINK -DBOOST_TEST_MODULE=test_valarray -I/<<PKGBUILDDIR>>/./include  -Wall -Werror -g -Wextra -Wshadow -pedantic -g -O2 -fdebug-prefix-map=/<<PKGBUILDDIR>>=. -fstack-protector-strong -Wformat -Werror=format-security -Wdate-time -D_FORTIFY_SOURCE=2   -std=gnu++11 -o CMakeFiles/test_valarray.dir/valarray.cpp.o -c /<<PKGBUILDDIR>>/unittests/valarray.cpp
cd /<<PKGBUILDDIR>>/obj-x86_64-linux-gnu/unittests && /usr/bin/c++   -DBOOST_TEST_DYN_LINK -DBOOST_TEST_MODULE=test_unordered_multimap -I/<<PKGBUILDDIR>>/./include  -Wall -Werror -g -Wextra -Wshadow -pedantic -g -O2 -fdebug-prefix-map=/<<PKGBUILDDIR>>=. -fstack-protector-strong -Wformat -Werror=format-security -Wdate-time -D_FORTIFY_SOURCE=2   -std=gnu++11 -o CMakeFiles/test_unordered_multimap.dir/unordered_multimap.cpp.o -c /<<PKGBUILDDIR>>/unittests/unordered_multimap.cpp
[ 16%] Building CXX object unittests/CMakeFiles/test_structs_specialized.dir/structs_specialized.cpp.o
cd /<<PKGBUILDDIR>>/obj-x86_64-linux-gnu/unittests && /usr/bin/c++   -DBOOST_TEST_DYN_LINK -DBOOST_TEST_MODULE=test_structs_minimal -I/<<PKGBUILDDIR>>/./include  -Wall -Werror -g -Wextra -Wshadow -pedantic -g -O2 -fdebug-prefix-map=/<<PKGBUILDDIR>>=. -fstack-protector-strong -Wformat -Werror=format-security -Wdate-time -D_FORTIFY_SOURCE=2   -std=gnu++11 -o CMakeFiles/test_structs_minimal.dir/structs_minimal.cpp.o -c /<<PKGBUILDDIR>>/unittests/structs_minimal.cpp
cd /<<PKGBUILDDIR>>/obj-x86_64-linux-gnu/unittests && /usr/bin/c++   -DBOOST_TEST_DYN_LINK -DBOOST_TEST_MODULE=test_pod -I/<<PKGBUILDDIR>>/./include  -Wall -Werror -g -Wextra -Wshadow -pedantic -g -O2 -fdebug-prefix-map=/<<PKGBUILDDIR>>=. -fstack-protector-strong -Wformat -Werror=format-security -Wdate-time -D_FORTIFY_SOURCE=2   -std=gnu++11 -o CMakeFiles/test_pod.dir/pod.cpp.o -c /<<PKGBUILDDIR>>/unittests/pod.cpp
make[4]: Entering directory '/<<PKGBUILDDIR>>/obj-x86_64-linux-gnu'
cd /<<PKGBUILDDIR>>/obj-x86_64-linux-gnu/unittests && /usr/bin/c++   -DBOOST_TEST_DYN_LINK -DBOOST_TEST_MODULE=test_unordered_set -I/<<PKGBUILDDIR>>/./include  -Wall -Werror -g -Wextra -Wshadow -pedantic -g -O2 -fdebug-prefix-map=/<<PKGBUILDDIR>>=. -fstack-protector-strong -Wformat -Werror=format-security -Wdate-time -D_FORTIFY_SOURCE=2   -std=gnu++11 -o CMakeFiles/test_unordered_set.dir/unordered_set.cpp.o -c /<<PKGBUILDDIR>>/unittests/unordered_set.cpp
cd /<<PKGBUILDDIR>>/obj-x86_64-linux-gnu/unittests && /usr/bin/c++   -DBOOST_TEST_DYN_LINK -DBOOST_TEST_MODULE=test_bitset -I/<<PKGBUILDDIR>>/./include  -Wall -Werror -g -Wextra -Wshadow -pedantic -g -O2 -fdebug-prefix-map=/<<PKGBUILDDIR>>=. -fstack-protector-strong -Wformat -Werror=format-security -Wdate-time -D_FORTIFY_SOURCE=2   -std=gnu++11 -o CMakeFiles/test_bitset.dir/bitset.cpp.o -c /<<PKGBUILDDIR>>/unittests/bitset.cpp
cd /<<PKGBUILDDIR>>/obj-x86_64-linux-gnu/unittests && /usr/bin/c++   -DBOOST_TEST_DYN_LINK -DBOOST_TEST_MODULE=test_structs_specialized -I/<<PKGBUILDDIR>>/./include  -Wall -Werror -g -Wextra -Wshadow -pedantic -g -O2 -fdebug-prefix-map=/<<PKGBUILDDIR>>=. -fstack-protector-strong -Wformat -Werror=format-security -Wdate-time -D_FORTIFY_SOURCE=2   -std=gnu++11 -o CMakeFiles/test_structs_specialized.dir/structs_specialized.cpp.o -c /<<PKGBUILDDIR>>/unittests/structs_specialized.cpp
make[4]: Entering directory '/<<PKGBUILDDIR>>/obj-x86_64-linux-gnu'
[ 16%] Building CXX object unittests/CMakeFiles/test_user_data_adapters.dir/user_data_adapters.cpp.o
cd /<<PKGBUILDDIR>>/obj-x86_64-linux-gnu/unittests && /usr/bin/c++   -DBOOST_TEST_DYN_LINK -DBOOST_TEST_MODULE=test_user_data_adapters -I/<<PKGBUILDDIR>>/./include  -Wall -Werror -g -Wextra -Wshadow -pedantic -g -O2 -fdebug-prefix-map=/<<PKGBUILDDIR>>=. -fstack-protector-strong -Wformat -Werror=format-security -Wdate-time -D_FORTIFY_SOURCE=2   -std=gnu++11 -o CMakeFiles/test_user_data_adapters.dir/user_data_adapters.cpp.o -c /<<PKGBUILDDIR>>/unittests/user_data_adapters.cpp
[ 18%] Building CXX object unittests/CMakeFiles/test_unordered_multiset.dir/unordered_multiset.cpp.o
cd /<<PKGBUILDDIR>>/obj-x86_64-linux-gnu/unittests && /usr/bin/c++   -DBOOST_TEST_DYN_LINK -DBOOST_TEST_MODULE=test_unordered_multiset -I/<<PKGBUILDDIR>>/./include  -Wall -Werror -g -Wextra -Wshadow -pedantic -g -O2 -fdebug-prefix-map=/<<PKGBUILDDIR>>=. -fstack-protector-strong -Wformat -Werror=format-security -Wdate-time -D_FORTIFY_SOURCE=2   -std=gnu++11 -o CMakeFiles/test_unordered_multiset.dir/unordered_multiset.cpp.o -c /<<PKGBUILDDIR>>/unittests/unordered_multiset.cpp
[ 18%] Building CXX object unittests/CMakeFiles/test_unordered_loads.dir/unordered_loads.cpp.o
cd /<<PKGBUILDDIR>>/obj-x86_64-linux-gnu/unittests && /usr/bin/c++   -DBOOST_TEST_DYN_LINK -DBOOST_TEST_MODULE=test_unordered_loads -I/<<PKGBUILDDIR>>/./include  -Wall -Werror -g -Wextra -Wshadow -pedantic -g -O2 -fdebug-prefix-map=/<<PKGBUILDDIR>>=. -fstack-protector-strong -Wformat -Werror=format-security -Wdate-time -D_FORTIFY_SOURCE=2   -std=gnu++11 -o CMakeFiles/test_unordered_loads.dir/unordered_loads.cpp.o -c /<<PKGBUILDDIR>>/unittests/unordered_loads.cpp
[ 18%] Linking CXX executable test_portable_binary_archive
cd /<<PKGBUILDDIR>>/obj-x86_64-linux-gnu/unittests && /usr/bin/cmake -E cmake_link_script CMakeFiles/test_portable_binary_archive.dir/link.txt --verbose=1
/usr/bin/c++   -Wall -Werror -g -Wextra -Wshadow -pedantic -g -O2 -fdebug-prefix-map=/<<PKGBUILDDIR>>=. -fstack-protector-strong -Wformat -Werror=format-security -Wdate-time -D_FORTIFY_SOURCE=2  -Wl,-z,relro CMakeFiles/test_portable_binary_archive.dir/portable_binary_archive.cpp.o  -o test_portable_binary_archive -rdynamic -lboost_serialization -lboost_unit_test_framework 
make[4]: Leaving directory '/<<PKGBUILDDIR>>/obj-x86_64-linux-gnu'
[ 18%] Built target test_portable_binary_archive
make -f unittests/CMakeFiles/test_basic_string.dir/build.make unittests/CMakeFiles/test_basic_string.dir/depend
make[4]: Entering directory '/<<PKGBUILDDIR>>/obj-x86_64-linux-gnu'
cd /<<PKGBUILDDIR>>/obj-x86_64-linux-gnu && /usr/bin/cmake -E cmake_depends "Unix Makefiles" /<<PKGBUILDDIR>> /<<PKGBUILDDIR>>/unittests /<<PKGBUILDDIR>>/obj-x86_64-linux-gnu /<<PKGBUILDDIR>>/obj-x86_64-linux-gnu/unittests /<<PKGBUILDDIR>>/obj-x86_64-linux-gnu/unittests/CMakeFiles/test_basic_string.dir/DependInfo.cmake --color=
Scanning dependencies of target test_basic_string
make[4]: Leaving directory '/<<PKGBUILDDIR>>/obj-x86_64-linux-gnu'
make -f unittests/CMakeFiles/test_basic_string.dir/build.make unittests/CMakeFiles/test_basic_string.dir/build
make[4]: Entering directory '/<<PKGBUILDDIR>>/obj-x86_64-linux-gnu'
[ 18%] Building CXX object unittests/CMakeFiles/test_basic_string.dir/basic_string.cpp.o
cd /<<PKGBUILDDIR>>/obj-x86_64-linux-gnu/unittests && /usr/bin/c++   -DBOOST_TEST_DYN_LINK -DBOOST_TEST_MODULE=test_basic_string -I/<<PKGBUILDDIR>>/./include  -Wall -Werror -g -Wextra -Wshadow -pedantic -g -O2 -fdebug-prefix-map=/<<PKGBUILDDIR>>=. -fstack-protector-strong -Wformat -Werror=format-security -Wdate-time -D_FORTIFY_SOURCE=2   -std=gnu++11 -o CMakeFiles/test_basic_string.dir/basic_string.cpp.o -c /<<PKGBUILDDIR>>/unittests/basic_string.cpp
In file included from /<<PKGBUILDDIR>>/unittests/polymorphic.cpp:27:
In file included from /<<PKGBUILDDIR>>/unittests/common.hpp:30:
/<<PKGBUILDDIR>>/./include/cereal/types/memory.hpp:304:15: error: destructor called on non-final 'PolyDerivedLA' that has virtual functions but non-virtual destructor [-Werror,-Wdelete-non-virtual-dtor]
              t->~T();
              ^
/<<PKGBUILDDIR>>/./include/cereal/cereal.hpp:779:9: note: in instantiation of function template specialization 'cereal::load<cereal::BinaryInputArchive, PolyDerivedLA>' requested here
        CEREAL_LOAD_FUNCTION_NAME(*self, t);
        ^
/<<PKGBUILDDIR>>/./include/cereal/macros.hpp:71:35: note: expanded from macro 'CEREAL_LOAD_FUNCTION_NAME'
#define CEREAL_LOAD_FUNCTION_NAME load
                                  ^
/<<PKGBUILDDIR>>/./include/cereal/cereal.hpp:702:15: note: in instantiation of function template specialization 'cereal::InputArchive<cereal::BinaryInputArchive, 1>::processImpl<cereal::memory_detail::PtrWrapper<std::shared_ptr<PolyDerivedLA> &>, 0>' requested here
        self->processImpl( head );
              ^
/<<PKGBUILDDIR>>/./include/cereal/cereal.hpp:605:9: note: in instantiation of function template specialization 'cereal::InputArchive<cereal::BinaryInputArchive, 1>::process<cereal::memory_detail::PtrWrapper<std::shared_ptr<PolyDerivedLA> &> >' requested here
        process( std::forward<Types>( args )... );
        ^
/<<PKGBUILDDIR>>/./include/cereal/details/polymorphic_impl.hpp:428:13: note: in instantiation of function template specialization 'cereal::InputArchive<cereal::BinaryInputArchive, 1>::operator()<cereal::memory_detail::PtrWrapper<std::shared_ptr<PolyDerivedLA> &> >' requested here
            ar( CEREAL_NVP_("ptr_wrapper", ::cereal::memory_detail::make_ptr_wrapper(ptr)) );
            ^
/<<PKGBUILDDIR>>/./include/cereal/details/static_object.hpp:75:20: note: in instantiation of member function 'cereal::detail::InputBindingCreator<cereal::BinaryInputArchive, PolyDerivedLA>::InputBindingCreator' requested here
          static T t;
                   ^
/<<PKGBUILDDIR>>/./include/cereal/details/static_object.hpp:85:18: note: (skipping 1 context in backtrace; use -ftemplate-backtrace-limit=0 to see all)
          return create();
                 ^
/<<PKGBUILDDIR>>/./include/cereal/details/polymorphic_impl.hpp:586:79: note: in instantiation of member function 'cereal::detail::StaticObject<cereal::detail::InputBindingCreator<cereal::BinaryInputArchive, PolyDerivedLA> >::getInstance' requested here
        return cereal::detail::StaticObject<InputBindingCreator<Archive, T>>::getInstance();
                                                                              ^
/<<PKGBUILDDIR>>/./include/cereal/details/polymorphic_impl.hpp:632:35: note: in instantiation of member function 'cereal::detail::create_bindings<cereal::BinaryInputArchive, PolyDerivedLA>::load' requested here
      create_bindings<Archive,T>::load( std::integral_constant<bool,
                                  ^
/<<PKGBUILDDIR>>/./include/cereal/details/polymorphic_impl.hpp:620:36: note: in instantiation of member function 'cereal::detail::polymorphic_serialization_support<cereal::BinaryInputArchive, PolyDerivedLA>::instantiate' requested here
      typedef instantiate_function<instantiate> unused;
                                   ^
/<<PKGBUILDDIR>>/./include/cereal/details/polymorphic_impl.hpp:662:9: note: in instantiation of member function 'cereal::detail::bind_to_archives<PolyDerivedLA, cereal::detail::(anonymous namespace)::polymorphic_binding_tag>::bind' requested here
        bind( std::is_abstract<T>() );
        ^
/<<PKGBUILDDIR>>/unittests/polymorphic.cpp:222:1: note: in instantiation of member function 'cereal::detail::bind_to_archives<PolyDerivedLA, cereal::detail::(anonymous namespace)::polymorphic_binding_tag>::bind' requested here
CEREAL_REGISTER_TYPE(PolyDerivedLA)
^
/<<PKGBUILDDIR>>/./include/cereal/types/polymorphic.hpp:91:3: note: expanded from macro 'CEREAL_REGISTER_TYPE'
  CEREAL_BIND_TO_ARCHIVES(__VA_ARGS__)
  ^
/<<PKGBUILDDIR>>/./include/cereal/details/polymorphic_impl.hpp:72:26: note: expanded from macro 'CEREAL_BIND_TO_ARCHIVES'
        >::getInstance().bind();                                         \
                         ^
/<<PKGBUILDDIR>>/./include/cereal/types/memory.hpp:304:19: note: qualify call to silence this warning
              t->~T();
                  ^
                  PolyDerivedLA::
/<<PKGBUILDDIR>>/./include/cereal/types/memory.hpp:304:15: error: destructor called on non-final 'PolyDerivedLA' that has virtual functions but non-virtual destructor [-Werror,-Wdelete-non-virtual-dtor]
              t->~T();
              ^
/<<PKGBUILDDIR>>/./include/cereal/cereal.hpp:779:9: note: in instantiation of function template specialization 'cereal::load<cereal::PortableBinaryInputArchive, PolyDerivedLA>' requested here
        CEREAL_LOAD_FUNCTION_NAME(*self, t);
        ^
/<<PKGBUILDDIR>>/./include/cereal/macros.hpp:71:35: note: expanded from macro 'CEREAL_LOAD_FUNCTION_NAME'
#define CEREAL_LOAD_FUNCTION_NAME load
                                  ^
/<<PKGBUILDDIR>>/./include/cereal/cereal.hpp:702:15: note: in instantiation of function template specialization 'cereal::InputArchive<cereal::PortableBinaryInputArchive, 1>::processImpl<cereal::memory_detail::PtrWrapper<std::shared_ptr<PolyDerivedLA> &>, 0>' requested here
        self->processImpl( head );
              ^
/<<PKGBUILDDIR>>/./include/cereal/cereal.hpp:605:9: note: in instantiation of function template specialization 'cereal::InputArchive<cereal::PortableBinaryInputArchive, 1>::process<cereal::memory_detail::PtrWrapper<std::shared_ptr<PolyDerivedLA> &> &>' requested here
        process( std::forward<Types>( args )... );
        ^
/<<PKGBUILDDIR>>/./include/cereal/archives/portable_binary.hpp:291:5: note: in instantiation of function template specialization 'cereal::InputArchive<cereal::PortableBinaryInputArchive, 1>::operator()<cereal::memory_detail::PtrWrapper<std::shared_ptr<PolyDerivedLA> &> &>' requested here
    ar( t.value );
    ^
/<<PKGBUILDDIR>>/./include/cereal/cereal.hpp:763:9: note: in instantiation of function template specialization 'cereal::serialize<cereal::PortableBinaryInputArchive, cereal::memory_detail::PtrWrapper<std::shared_ptr<PolyDerivedLA> &> >' requested here
        CEREAL_SERIALIZE_FUNCTION_NAME(*self, t);
        ^
/<<PKGBUILDDIR>>/./include/cereal/macros.hpp:64:40: note: expanded from macro 'CEREAL_SERIALIZE_FUNCTION_NAME'
#define CEREAL_SERIALIZE_FUNCTION_NAME serialize
                                       ^
/<<PKGBUILDDIR>>/./include/cereal/cereal.hpp:702:15: note: (skipping 5 contexts in backtrace; use -ftemplate-backtrace-limit=0 to see all)
        self->processImpl( head );
              ^
/<<PKGBUILDDIR>>/./include/cereal/details/polymorphic_impl.hpp:586:79: note: in instantiation of member function 'cereal::detail::StaticObject<cereal::detail::InputBindingCreator<cereal::PortableBinaryInputArchive, PolyDerivedLA> >::getInstance' requested here
        return cereal::detail::StaticObject<InputBindingCreator<Archive, T>>::getInstance();
                                                                              ^
/<<PKGBUILDDIR>>/./include/cereal/details/polymorphic_impl.hpp:632:35: note: in instantiation of member function 'cereal::detail::create_bindings<cereal::PortableBinaryInputArchive, PolyDerivedLA>::load' requested here
      create_bindings<Archive,T>::load( std::integral_constant<bool,
                                  ^
/<<PKGBUILDDIR>>/./include/cereal/details/polymorphic_impl.hpp:620:36: note: in instantiation of member function 'cereal::detail::polymorphic_serialization_support<cereal::PortableBinaryInputArchive, PolyDerivedLA>::instantiate' requested here
      typedef instantiate_function<instantiate> unused;
                                   ^
/<<PKGBUILDDIR>>/./include/cereal/details/polymorphic_impl.hpp:662:9: note: in instantiation of member function 'cereal::detail::bind_to_archives<PolyDerivedLA, cereal::detail::(anonymous namespace)::polymorphic_binding_tag>::bind' requested here
        bind( std::is_abstract<T>() );
        ^
/<<PKGBUILDDIR>>/unittests/polymorphic.cpp:222:1: note: in instantiation of member function 'cereal::detail::bind_to_archives<PolyDerivedLA, cereal::detail::(anonymous namespace)::polymorphic_binding_tag>::bind' requested here
CEREAL_REGISTER_TYPE(PolyDerivedLA)
^
/<<PKGBUILDDIR>>/./include/cereal/types/polymorphic.hpp:91:3: note: expanded from macro 'CEREAL_REGISTER_TYPE'
  CEREAL_BIND_TO_ARCHIVES(__VA_ARGS__)
  ^
/<<PKGBUILDDIR>>/./include/cereal/details/polymorphic_impl.hpp:72:26: note: expanded from macro 'CEREAL_BIND_TO_ARCHIVES'
        >::getInstance().bind();                                         \
                         ^
/<<PKGBUILDDIR>>/./include/cereal/types/memory.hpp:304:19: note: qualify call to silence this warning
              t->~T();
                  ^
                  PolyDerivedLA::
/<<PKGBUILDDIR>>/./include/cereal/types/memory.hpp:304:15: error: destructor called on non-final 'PolyDerivedLA' that has virtual functions but non-virtual destructor [-Werror,-Wdelete-non-virtual-dtor]
              t->~T();
              ^
/<<PKGBUILDDIR>>/./include/cereal/cereal.hpp:779:9: note: in instantiation of function template specialization 'cereal::load<cereal::XMLInputArchive, PolyDerivedLA>' requested here
        CEREAL_LOAD_FUNCTION_NAME(*self, t);
        ^
/<<PKGBUILDDIR>>/./include/cereal/macros.hpp:71:35: note: expanded from macro 'CEREAL_LOAD_FUNCTION_NAME'
#define CEREAL_LOAD_FUNCTION_NAME load
                                  ^
/<<PKGBUILDDIR>>/./include/cereal/cereal.hpp:702:15: note: in instantiation of function template specialization 'cereal::InputArchive<cereal::XMLInputArchive, 0>::processImpl<cereal::memory_detail::PtrWrapper<std::shared_ptr<PolyDerivedLA> &>, 0>' requested here
        self->processImpl( head );
              ^
/<<PKGBUILDDIR>>/./include/cereal/cereal.hpp:605:9: note: in instantiation of function template specialization 'cereal::InputArchive<cereal::XMLInputArchive, 0>::process<cereal::memory_detail::PtrWrapper<std::shared_ptr<PolyDerivedLA> &> &>' requested here
        process( std::forward<Types>( args )... );
        ^
/<<PKGBUILDDIR>>/./include/cereal/archives/xml.hpp:843:5: note: in instantiation of function template specialization 'cereal::InputArchive<cereal::XMLInputArchive, 0>::operator()<cereal::memory_detail::PtrWrapper<std::shared_ptr<PolyDerivedLA> &> &>' requested here
    ar( t.value );
    ^
/<<PKGBUILDDIR>>/./include/cereal/cereal.hpp:779:9: note: in instantiation of function template specialization 'cereal::load<cereal::memory_detail::PtrWrapper<std::shared_ptr<PolyDerivedLA> &> >' requested here
        CEREAL_LOAD_FUNCTION_NAME(*self, t);
        ^
/<<PKGBUILDDIR>>/./include/cereal/macros.hpp:71:35: note: expanded from macro 'CEREAL_LOAD_FUNCTION_NAME'
#define CEREAL_LOAD_FUNCTION_NAME load
                                  ^
/<<PKGBUILDDIR>>/./include/cereal/cereal.hpp:702:15: note: (skipping 5 contexts in backtrace; use -ftemplate-backtrace-limit=0 to see all)
        self->processImpl( head );
              ^
/<<PKGBUILDDIR>>/./include/cereal/details/polymorphic_impl.hpp:586:79: note: in instantiation of member function 'cereal::detail::StaticObject<cereal::detail::InputBindingCreator<cereal::XMLInputArchive, PolyDerivedLA> >::getInstance' requested here
        return cereal::detail::StaticObject<InputBindingCreator<Archive, T>>::getInstance();
                                                                              ^
/<<PKGBUILDDIR>>/./include/cereal/details/polymorphic_impl.hpp:632:35: note: in instantiation of member function 'cereal::detail::create_bindings<cereal::XMLInputArchive, PolyDerivedLA>::load' requested here
      create_bindings<Archive,T>::load( std::integral_constant<bool,
                                  ^
/<<PKGBUILDDIR>>/./include/cereal/details/polymorphic_impl.hpp:620:36: note: in instantiation of member function 'cereal::detail::polymorphic_serialization_support<cereal::XMLInputArchive, PolyDerivedLA>::instantiate' requested here
      typedef instantiate_function<instantiate> unused;
                                   ^
/<<PKGBUILDDIR>>/./include/cereal/details/polymorphic_impl.hpp:662:9: note: in instantiation of member function 'cereal::detail::bind_to_archives<PolyDerivedLA, cereal::detail::(anonymous namespace)::polymorphic_binding_tag>::bind' requested here
        bind( std::is_abstract<T>() );
        ^
/<<PKGBUILDDIR>>/unittests/polymorphic.cpp:222:1: note: in instantiation of member function 'cereal::detail::bind_to_archives<PolyDerivedLA, cereal::detail::(anonymous namespace)::polymorphic_binding_tag>::bind' requested here
CEREAL_REGISTER_TYPE(PolyDerivedLA)
^
/<<PKGBUILDDIR>>/./include/cereal/types/polymorphic.hpp:91:3: note: expanded from macro 'CEREAL_REGISTER_TYPE'
  CEREAL_BIND_TO_ARCHIVES(__VA_ARGS__)
  ^
/<<PKGBUILDDIR>>/./include/cereal/details/polymorphic_impl.hpp:72:26: note: expanded from macro 'CEREAL_BIND_TO_ARCHIVES'
        >::getInstance().bind();                                         \
                         ^
/<<PKGBUILDDIR>>/./include/cereal/types/memory.hpp:304:19: note: qualify call to silence this warning
              t->~T();
                  ^
                  PolyDerivedLA::
/<<PKGBUILDDIR>>/./include/cereal/types/memory.hpp:304:15: error: destructor called on non-final 'PolyDerivedLA' that has virtual functions but non-virtual destructor [-Werror,-Wdelete-non-virtual-dtor]
              t->~T();
              ^
/<<PKGBUILDDIR>>/./include/cereal/cereal.hpp:779:9: note: in instantiation of function template specialization 'cereal::load<cereal::JSONInputArchive, PolyDerivedLA>' requested here
        CEREAL_LOAD_FUNCTION_NAME(*self, t);
        ^
/<<PKGBUILDDIR>>/./include/cereal/macros.hpp:71:35: note: expanded from macro 'CEREAL_LOAD_FUNCTION_NAME'
#define CEREAL_LOAD_FUNCTION_NAME load
                                  ^
/<<PKGBUILDDIR>>/./include/cereal/cereal.hpp:702:15: note: in instantiation of function template specialization 'cereal::InputArchive<cereal::JSONInputArchive, 0>::processImpl<cereal::memory_detail::PtrWrapper<std::shared_ptr<PolyDerivedLA> &>, 0>' requested here
        self->processImpl( head );
              ^
/<<PKGBUILDDIR>>/./include/cereal/cereal.hpp:605:9: note: in instantiation of function template specialization 'cereal::InputArchive<cereal::JSONInputArchive, 0>::process<cereal::memory_detail::PtrWrapper<std::shared_ptr<PolyDerivedLA> &> &>' requested here
        process( std::forward<Types>( args )... );
        ^
/<<PKGBUILDDIR>>/./include/cereal/archives/json.hpp:907:5: note: in instantiation of function template specialization 'cereal::InputArchive<cereal::JSONInputArchive, 0>::operator()<cereal::memory_detail::PtrWrapper<std::shared_ptr<PolyDerivedLA> &> &>' requested here
    ar( t.value );
    ^
/<<PKGBUILDDIR>>/./include/cereal/cereal.hpp:779:9: note: in instantiation of function template specialization 'cereal::load<cereal::memory_detail::PtrWrapper<std::shared_ptr<PolyDerivedLA> &> >' requested here
        CEREAL_LOAD_FUNCTION_NAME(*self, t);
        ^
/<<PKGBUILDDIR>>/./include/cereal/macros.hpp:71:35: note: expanded from macro 'CEREAL_LOAD_FUNCTION_NAME'
#define CEREAL_LOAD_FUNCTION_NAME load
                                  ^
/<<PKGBUILDDIR>>/./include/cereal/cereal.hpp:702:15: note: (skipping 5 contexts in backtrace; use -ftemplate-backtrace-limit=0 to see all)
        self->processImpl( head );
              ^
/<<PKGBUILDDIR>>/./include/cereal/details/polymorphic_impl.hpp:586:79: note: in instantiation of member function 'cereal::detail::StaticObject<cereal::detail::InputBindingCreator<cereal::JSONInputArchive, PolyDerivedLA> >::getInstance' requested here
        return cereal::detail::StaticObject<InputBindingCreator<Archive, T>>::getInstance();
                                                                              ^
/<<PKGBUILDDIR>>/./include/cereal/details/polymorphic_impl.hpp:632:35: note: in instantiation of member function 'cereal::detail::create_bindings<cereal::JSONInputArchive, PolyDerivedLA>::load' requested here
      create_bindings<Archive,T>::load( std::integral_constant<bool,
                                  ^
/<<PKGBUILDDIR>>/./include/cereal/details/polymorphic_impl.hpp:620:36: note: in instantiation of member function 'cereal::detail::polymorphic_serialization_support<cereal::JSONInputArchive, PolyDerivedLA>::instantiate' requested here
      typedef instantiate_function<instantiate> unused;
                                   ^
/<<PKGBUILDDIR>>/./include/cereal/details/polymorphic_impl.hpp:662:9: note: in instantiation of member function 'cereal::detail::bind_to_archives<PolyDerivedLA, cereal::detail::(anonymous namespace)::polymorphic_binding_tag>::bind' requested here
        bind( std::is_abstract<T>() );
        ^
/<<PKGBUILDDIR>>/unittests/polymorphic.cpp:222:1: note: in instantiation of member function 'cereal::detail::bind_to_archives<PolyDerivedLA, cereal::detail::(anonymous namespace)::polymorphic_binding_tag>::bind' requested here
CEREAL_REGISTER_TYPE(PolyDerivedLA)
^
/<<PKGBUILDDIR>>/./include/cereal/types/polymorphic.hpp:91:3: note: expanded from macro 'CEREAL_REGISTER_TYPE'
  CEREAL_BIND_TO_ARCHIVES(__VA_ARGS__)
  ^
/<<PKGBUILDDIR>>/./include/cereal/details/polymorphic_impl.hpp:72:26: note: expanded from macro 'CEREAL_BIND_TO_ARCHIVES'
        >::getInstance().bind();                                         \
                         ^
/<<PKGBUILDDIR>>/./include/cereal/types/memory.hpp:304:19: note: qualify call to silence this warning
              t->~T();
                  ^
                  PolyDerivedLA::
[ 20%] Linking CXX executable test_structs
cd /<<PKGBUILDDIR>>/obj-x86_64-linux-gnu/unittests && /usr/bin/cmake -E cmake_link_script CMakeFiles/test_structs.dir/link.txt --verbose=1
/usr/bin/c++   -Wall -Werror -g -Wextra -Wshadow -pedantic -g -O2 -fdebug-prefix-map=/<<PKGBUILDDIR>>=. -fstack-protector-strong -Wformat -Werror=format-security -Wdate-time -D_FORTIFY_SOURCE=2  -Wl,-z,relro CMakeFiles/test_structs.dir/structs.cpp.o  -o test_structs -rdynamic -lboost_serialization -lboost_unit_test_framework 
make[4]: Leaving directory '/<<PKGBUILDDIR>>/obj-x86_64-linux-gnu'
[ 20%] Built target test_structs
make -f unittests/CMakeFiles/test_set.dir/build.make unittests/CMakeFiles/test_set.dir/depend
make[4]: Entering directory '/<<PKGBUILDDIR>>/obj-x86_64-linux-gnu'
cd /<<PKGBUILDDIR>>/obj-x86_64-linux-gnu && /usr/bin/cmake -E cmake_depends "Unix Makefiles" /<<PKGBUILDDIR>> /<<PKGBUILDDIR>>/unittests /<<PKGBUILDDIR>>/obj-x86_64-linux-gnu /<<PKGBUILDDIR>>/obj-x86_64-linux-gnu/unittests /<<PKGBUILDDIR>>/obj-x86_64-linux-gnu/unittests/CMakeFiles/test_set.dir/DependInfo.cmake --color=
Scanning dependencies of target test_set
make[4]: Leaving directory '/<<PKGBUILDDIR>>/obj-x86_64-linux-gnu'
make -f unittests/CMakeFiles/test_set.dir/build.make unittests/CMakeFiles/test_set.dir/build
make[4]: Entering directory '/<<PKGBUILDDIR>>/obj-x86_64-linux-gnu'
[ 22%] Building CXX object unittests/CMakeFiles/test_set.dir/set.cpp.o
cd /<<PKGBUILDDIR>>/obj-x86_64-linux-gnu/unittests && /usr/bin/c++   -DBOOST_TEST_DYN_LINK -DBOOST_TEST_MODULE=test_set -I/<<PKGBUILDDIR>>/./include  -Wall -Werror -g -Wextra -Wshadow -pedantic -g -O2 -fdebug-prefix-map=/<<PKGBUILDDIR>>=. -fstack-protector-strong -Wformat -Werror=format-security -Wdate-time -D_FORTIFY_SOURCE=2   -std=gnu++11 -o CMakeFiles/test_set.dir/set.cpp.o -c /<<PKGBUILDDIR>>/unittests/set.cpp
4 errors generated.
unittests/CMakeFiles/test_polymorphic.dir/build.make:65: recipe for target 'unittests/CMakeFiles/test_polymorphic.dir/polymorphic.cpp.o' failed
make[4]: *** [unittests/CMakeFiles/test_polymorphic.dir/polymorphic.cpp.o] Error 1
make[4]: Leaving directory '/<<PKGBUILDDIR>>/obj-x86_64-linux-gnu'
CMakeFiles/Makefile2:334: recipe for target 'unittests/CMakeFiles/test_polymorphic.dir/all' failed
make[3]: *** [unittests/CMakeFiles/test_polymorphic.dir/all] Error 2
make[3]: *** Waiting for unfinished jobs....
[ 24%] Linking CXX executable test_user_data_adapters
cd /<<PKGBUILDDIR>>/obj-x86_64-linux-gnu/unittests && /usr/bin/cmake -E cmake_link_script CMakeFiles/test_user_data_adapters.dir/link.txt --verbose=1
/usr/bin/c++   -Wall -Werror -g -Wextra -Wshadow -pedantic -g -O2 -fdebug-prefix-map=/<<PKGBUILDDIR>>=. -fstack-protector-strong -Wformat -Werror=format-security -Wdate-time -D_FORTIFY_SOURCE=2  -Wl,-z,relro CMakeFiles/test_user_data_adapters.dir/user_data_adapters.cpp.o  -o test_user_data_adapters -rdynamic -lboost_serialization -lboost_unit_test_framework 
make[4]: Leaving directory '/<<PKGBUILDDIR>>/obj-x86_64-linux-gnu'
[ 24%] Built target test_user_data_adapters
[ 25%] Linking CXX executable test_unordered_loads
cd /<<PKGBUILDDIR>>/obj-x86_64-linux-gnu/unittests && /usr/bin/cmake -E cmake_link_script CMakeFiles/test_unordered_loads.dir/link.txt --verbose=1
/usr/bin/c++   -Wall -Werror -g -Wextra -Wshadow -pedantic -g -O2 -fdebug-prefix-map=/<<PKGBUILDDIR>>=. -fstack-protector-strong -Wformat -Werror=format-security -Wdate-time -D_FORTIFY_SOURCE=2  -Wl,-z,relro CMakeFiles/test_unordered_loads.dir/unordered_loads.cpp.o  -o test_unordered_loads -rdynamic -lboost_serialization -lboost_unit_test_framework 
make[4]: Leaving directory '/<<PKGBUILDDIR>>/obj-x86_64-linux-gnu'
[ 25%] Built target test_unordered_loads
[ 27%] Linking CXX executable test_pair
cd /<<PKGBUILDDIR>>/obj-x86_64-linux-gnu/unittests && /usr/bin/cmake -E cmake_link_script CMakeFiles/test_pair.dir/link.txt --verbose=1
/usr/bin/c++   -Wall -Werror -g -Wextra -Wshadow -pedantic -g -O2 -fdebug-prefix-map=/<<PKGBUILDDIR>>=. -fstack-protector-strong -Wformat -Werror=format-security -Wdate-time -D_FORTIFY_SOURCE=2  -Wl,-z,relro CMakeFiles/test_pair.dir/pair.cpp.o  -o test_pair -rdynamic -lboost_serialization -lboost_unit_test_framework 
make[4]: Leaving directory '/<<PKGBUILDDIR>>/obj-x86_64-linux-gnu'
[ 27%] Built target test_pair
[ 27%] Linking CXX executable test_bitset
cd /<<PKGBUILDDIR>>/obj-x86_64-linux-gnu/unittests && /usr/bin/cmake -E cmake_link_script CMakeFiles/test_bitset.dir/link.txt --verbose=1
/usr/bin/c++   -Wall -Werror -g -Wextra -Wshadow -pedantic -g -O2 -fdebug-prefix-map=/<<PKGBUILDDIR>>=. -fstack-protector-strong -Wformat -Werror=format-security -Wdate-time -D_FORTIFY_SOURCE=2  -Wl,-z,relro CMakeFiles/test_bitset.dir/bitset.cpp.o  -o test_bitset -rdynamic -lboost_serialization -lboost_unit_test_framework 
make[4]: Leaving directory '/<<PKGBUILDDIR>>/obj-x86_64-linux-gnu'
[ 27%] Built target test_bitset
[ 29%] Linking CXX executable test_unordered_multiset
cd /<<PKGBUILDDIR>>/obj-x86_64-linux-gnu/unittests && /usr/bin/cmake -E cmake_link_script CMakeFiles/test_unordered_multiset.dir/link.txt --verbose=1
/usr/bin/c++   -Wall -Werror -g -Wextra -Wshadow -pedantic -g -O2 -fdebug-prefix-map=/<<PKGBUILDDIR>>=. -fstack-protector-strong -Wformat -Werror=format-security -Wdate-time -D_FORTIFY_SOURCE=2  -Wl,-z,relro CMakeFiles/test_unordered_multiset.dir/unordered_multiset.cpp.o  -o test_unordered_multiset -rdynamic -lboost_serialization -lboost_unit_test_framework 
[ 29%] Linking CXX executable test_multiset
cd /<<PKGBUILDDIR>>/obj-x86_64-linux-gnu/unittests && /usr/bin/cmake -E cmake_link_script CMakeFiles/test_multiset.dir/link.txt --verbose=1
/usr/bin/c++   -Wall -Werror -g -Wextra -Wshadow -pedantic -g -O2 -fdebug-prefix-map=/<<PKGBUILDDIR>>=. -fstack-protector-strong -Wformat -Werror=format-security -Wdate-time -D_FORTIFY_SOURCE=2  -Wl,-z,relro CMakeFiles/test_multiset.dir/multiset.cpp.o  -o test_multiset -rdynamic -lboost_serialization -lboost_unit_test_framework 
[ 29%] Linking CXX executable test_valarray
cd /<<PKGBUILDDIR>>/obj-x86_64-linux-gnu/unittests && /usr/bin/cmake -E cmake_link_script CMakeFiles/test_valarray.dir/link.txt --verbose=1
/usr/bin/c++   -Wall -Werror -g -Wextra -Wshadow -pedantic -g -O2 -fdebug-prefix-map=/<<PKGBUILDDIR>>=. -fstack-protector-strong -Wformat -Werror=format-security -Wdate-time -D_FORTIFY_SOURCE=2  -Wl,-z,relro CMakeFiles/test_valarray.dir/valarray.cpp.o  -o test_valarray -rdynamic -lboost_serialization -lboost_unit_test_framework 
make[4]: Leaving directory '/<<PKGBUILDDIR>>/obj-x86_64-linux-gnu'
[ 29%] Built target test_unordered_multiset
make[4]: Leaving directory '/<<PKGBUILDDIR>>/obj-x86_64-linux-gnu'
[ 29%] Built target test_multiset
[ 31%] Linking CXX executable test_structs_minimal
cd /<<PKGBUILDDIR>>/obj-x86_64-linux-gnu/unittests && /usr/bin/cmake -E cmake_link_script CMakeFiles/test_structs_minimal.dir/link.txt --verbose=1
/usr/bin/c++   -Wall -Werror -g -Wextra -Wshadow -pedantic -g -O2 -fdebug-prefix-map=/<<PKGBUILDDIR>>=. -fstack-protector-strong -Wformat -Werror=format-security -Wdate-time -D_FORTIFY_SOURCE=2  -Wl,-z,relro CMakeFiles/test_structs_minimal.dir/structs_minimal.cpp.o  -o test_structs_minimal -rdynamic -lboost_serialization -lboost_unit_test_framework 
make[4]: Leaving directory '/<<PKGBUILDDIR>>/obj-x86_64-linux-gnu'
[ 31%] Built target test_valarray
make[4]: Leaving directory '/<<PKGBUILDDIR>>/obj-x86_64-linux-gnu'
[ 31%] Built target test_structs_minimal
[ 33%] Linking CXX executable test_unordered_set
cd /<<PKGBUILDDIR>>/obj-x86_64-linux-gnu/unittests && /usr/bin/cmake -E cmake_link_script CMakeFiles/test_unordered_set.dir/link.txt --verbose=1
/usr/bin/c++   -Wall -Werror -g -Wextra -Wshadow -pedantic -g -O2 -fdebug-prefix-map=/<<PKGBUILDDIR>>=. -fstack-protector-strong -Wformat -Werror=format-security -Wdate-time -D_FORTIFY_SOURCE=2  -Wl,-z,relro CMakeFiles/test_unordered_set.dir/unordered_set.cpp.o  -o test_unordered_set -rdynamic -lboost_serialization -lboost_unit_test_framework 
make[4]: Leaving directory '/<<PKGBUILDDIR>>/obj-x86_64-linux-gnu'
[ 33%] Built target test_unordered_set
[ 35%] Linking CXX executable test_pod
cd /<<PKGBUILDDIR>>/obj-x86_64-linux-gnu/unittests && /usr/bin/cmake -E cmake_link_script CMakeFiles/test_pod.dir/link.txt --verbose=1
/usr/bin/c++   -Wall -Werror -g -Wextra -Wshadow -pedantic -g -O2 -fdebug-prefix-map=/<<PKGBUILDDIR>>=. -fstack-protector-strong -Wformat -Werror=format-security -Wdate-time -D_FORTIFY_SOURCE=2  -Wl,-z,relro CMakeFiles/test_pod.dir/pod.cpp.o  -o test_pod -rdynamic -lboost_serialization -lboost_unit_test_framework 
make[4]: Leaving directory '/<<PKGBUILDDIR>>/obj-x86_64-linux-gnu'
[ 35%] Built target test_pod
[ 35%] Linking CXX executable test_unordered_multimap
cd /<<PKGBUILDDIR>>/obj-x86_64-linux-gnu/unittests && /usr/bin/cmake -E cmake_link_script CMakeFiles/test_unordered_multimap.dir/link.txt --verbose=1
/usr/bin/c++   -Wall -Werror -g -Wextra -Wshadow -pedantic -g -O2 -fdebug-prefix-map=/<<PKGBUILDDIR>>=. -fstack-protector-strong -Wformat -Werror=format-security -Wdate-time -D_FORTIFY_SOURCE=2  -Wl,-z,relro CMakeFiles/test_unordered_multimap.dir/unordered_multimap.cpp.o  -o test_unordered_multimap -rdynamic -lboost_serialization -lboost_unit_test_framework 
[ 37%] Linking CXX executable test_basic_string
cd /<<PKGBUILDDIR>>/obj-x86_64-linux-gnu/unittests && /usr/bin/cmake -E cmake_link_script CMakeFiles/test_basic_string.dir/link.txt --verbose=1
/usr/bin/c++   -Wall -Werror -g -Wextra -Wshadow -pedantic -g -O2 -fdebug-prefix-map=/<<PKGBUILDDIR>>=. -fstack-protector-strong -Wformat -Werror=format-security -Wdate-time -D_FORTIFY_SOURCE=2  -Wl,-z,relro CMakeFiles/test_basic_string.dir/basic_string.cpp.o  -o test_basic_string -rdynamic -lboost_serialization -lboost_unit_test_framework 
make[4]: Leaving directory '/<<PKGBUILDDIR>>/obj-x86_64-linux-gnu'
[ 37%] Built target test_unordered_multimap
make[4]: Leaving directory '/<<PKGBUILDDIR>>/obj-x86_64-linux-gnu'
[ 37%] Built target test_basic_string
[ 38%] Linking CXX executable test_priority_queue
cd /<<PKGBUILDDIR>>/obj-x86_64-linux-gnu/unittests && /usr/bin/cmake -E cmake_link_script CMakeFiles/test_priority_queue.dir/link.txt --verbose=1
/usr/bin/c++   -Wall -Werror -g -Wextra -Wshadow -pedantic -g -O2 -fdebug-prefix-map=/<<PKGBUILDDIR>>=. -fstack-protector-strong -Wformat -Werror=format-security -Wdate-time -D_FORTIFY_SOURCE=2  -Wl,-z,relro CMakeFiles/test_priority_queue.dir/priority_queue.cpp.o  -o test_priority_queue -rdynamic -lboost_serialization -lboost_unit_test_framework 
make[4]: Leaving directory '/<<PKGBUILDDIR>>/obj-x86_64-linux-gnu'
[ 38%] Built target test_priority_queue
[ 38%] Linking CXX executable test_set
cd /<<PKGBUILDDIR>>/obj-x86_64-linux-gnu/unittests && /usr/bin/cmake -E cmake_link_script CMakeFiles/test_set.dir/link.txt --verbose=1
/usr/bin/c++   -Wall -Werror -g -Wextra -Wshadow -pedantic -g -O2 -fdebug-prefix-map=/<<PKGBUILDDIR>>=. -fstack-protector-strong -Wformat -Werror=format-security -Wdate-time -D_FORTIFY_SOURCE=2  -Wl,-z,relro CMakeFiles/test_set.dir/set.cpp.o  -o test_set -rdynamic -lboost_serialization -lboost_unit_test_framework 
make[4]: Leaving directory '/<<PKGBUILDDIR>>/obj-x86_64-linux-gnu'
[ 38%] Built target test_set
[ 38%] Linking CXX executable test_structs_specialized
cd /<<PKGBUILDDIR>>/obj-x86_64-linux-gnu/unittests && /usr/bin/cmake -E cmake_link_script CMakeFiles/test_structs_specialized.dir/link.txt --verbose=1
/usr/bin/c++   -Wall -Werror -g -Wextra -Wshadow -pedantic -g -O2 -fdebug-prefix-map=/<<PKGBUILDDIR>>=. -fstack-protector-strong -Wformat -Werror=format-security -Wdate-time -D_FORTIFY_SOURCE=2  -Wl,-z,relro CMakeFiles/test_structs_specialized.dir/structs_specialized.cpp.o  -o test_structs_specialized -rdynamic -lboost_serialization -lboost_unit_test_framework 
make[4]: Leaving directory '/<<PKGBUILDDIR>>/obj-x86_64-linux-gnu'
[ 38%] Built target test_structs_specialized
make[3]: Leaving directory '/<<PKGBUILDDIR>>/obj-x86_64-linux-gnu'
Makefile:141: recipe for target 'all' failed
make[2]: *** [all] Error 2
make[2]: Leaving directory '/<<PKGBUILDDIR>>/obj-x86_64-linux-gnu'
dh_auto_build: make -j16 all doc returned exit code 2
debian/rules:10: recipe for target 'override_dh_auto_build' failed
make[1]: *** [override_dh_auto_build] Error 2
make[1]: Leaving directory '/<<PKGBUILDDIR>>'
debian/rules:4: recipe for target 'build-arch' failed
make: *** [build-arch] Error 2
dpkg-buildpackage: error: debian/rules build-arch gave error exit status 2
--------------------------------------------------------------------------------
Build finished at 2017-07-06T19:39:47Z

Finished
--------


+------------------------------------------------------------------------------+
| Cleanup                                                                      |
+------------------------------------------------------------------------------+

Purging /<<BUILDDIR>>
Not cleaning session: cloned chroot in use
E: Build failure (dpkg-buildpackage died)

+------------------------------------------------------------------------------+
| Summary                                                                      |
+------------------------------------------------------------------------------+

Build Architecture: amd64
Build Type: any
Build-Space: 123836
Build-Time: 24
Distribution: unstable
Fail-Stage: build
Host Architecture: amd64
Install-Time: 12
Job: libcereal_1.2.1-2
Machine Architecture: amd64
Package: libcereal
Package-Time: 53
Source-Version: 1.2.1-2
Space: 123836
Status: attempted
Version: 1.2.1-2
--------------------------------------------------------------------------------
Finished at 2017-07-06T19:39:47Z
Build needed 00:00:53, 123836k disk space
E: Build failure (dpkg-buildpackage died)
DC-Status: Failed 54.715596386s
DC-Time-Estimation: 54.715596386 versus expected 454 (r/m: 7.2974513664656735 ; m: 54.715596386)
