DC-Build-Header: openvpn-auth-ldap 2.0.3-6.1 / 2017-07-06 19:50:42 +0000
DC-Task: type:rebuild-binarch-only source:openvpn-auth-ldap version:2.0.3-6.1 chroot:unstable esttime:408 logfile:/tmp/openvpn-auth-ldap_2.0.3-6.1_unstable_clang5.0.log modes:clang50:binarch-only
DC-Sbuild-call: su user42 -c 'sbuild -n --arch-any --apt-update -d unstable -v  --chroot-setup-commands=/tmp/clang50 openvpn-auth-ldap_2.0.3-6.1'
sbuild (Debian sbuild) 0.73.0 (23 Dec 2016) on ip-172-31-38-107.eu-central-1.compute.internal

+==============================================================================+
| openvpn-auth-ldap 2.0.3-6.1 (amd64)          Thu, 06 Jul 2017 19:50:42 +0000 |
+==============================================================================+

Package: openvpn-auth-ldap
Version: 2.0.3-6.1
Source Version: 2.0.3-6.1
Distribution: unstable
Machine Architecture: amd64
Host Architecture: amd64
Build Architecture: amd64
Build Type: any

I: NOTICE: Log filtering will replace 'var/run/schroot/mount/unstable-amd64-sbuild-3c996f87-2632-4947-959c-ddc96e3974cc' with '<<CHROOT>>'

+------------------------------------------------------------------------------+
| Chroot Setup Commands                                                        |
+------------------------------------------------------------------------------+


/tmp/clang50
------------

+ echo 'Entering customization script...'
Entering customization script...
+ CLANG_VERSION=5.0
+ echo 'Install of clang-5.0'
Install of clang-5.0
+ apt-get update
Hit:1 http://127.0.0.1:9999/debian unstable InRelease
Get:2 http://127.0.0.1:9999/debian unstable/main Translation-en [5730 kB]
Fetched 5730 kB in 1s (3818 kB/s)
Reading package lists...
+ apt-get install --yes --no-install-recommends --force-yes clang-5.0
Reading package lists...
Building dependency tree...
Reading state information...
The following additional packages will be installed:
  lib32gcc1 lib32stdc++6 libbsd0 libc6-i386 libclang-common-5.0-dev
  libclang1-5.0 libedit2 libjsoncpp1 libllvm5.0 libncurses5 libobjc-6-dev
  libobjc4
Suggested packages:
  gnustep gnustep-devel clang-5.0-doc libomp-dev
Recommended packages:
  llvm-5.0-dev python libgpm2
The following NEW packages will be installed:
  clang-5.0 lib32gcc1 lib32stdc++6 libbsd0 libc6-i386 libclang-common-5.0-dev
  libclang1-5.0 libedit2 libjsoncpp1 libllvm5.0 libncurses5 libobjc-6-dev
  libobjc4
0 upgraded, 13 newly installed, 0 to remove and 0 not upgraded.
Need to get 87.0 MB of archives.
After this operation, 374 MB of additional disk space will be used.
Get:1 http://127.0.0.1:9999/debian unstable/main amd64 libbsd0 amd64 0.8.5-1 [89.6 kB]
Get:2 http://127.0.0.1:9999/debian unstable/main amd64 libncurses5 amd64 6.0+20161126-1 [93.4 kB]
Get:3 http://127.0.0.1:9999/debian unstable/main amd64 libedit2 amd64 3.1-20170329-1 [85.2 kB]
Get:4 http://127.0.0.1:9999/debian unstable/main amd64 libllvm5.0 amd64 1:5.0~svn305653-1 [13.4 MB]
Get:5 http://127.0.0.1:9999/debian unstable/main amd64 libclang1-5.0 amd64 1:5.0~svn305653-1 [6647 kB]
Get:6 http://127.0.0.1:9999/debian unstable/main amd64 libjsoncpp1 amd64 1.7.4-3 [75.6 kB]
Get:7 http://127.0.0.1:9999/debian unstable/main amd64 libobjc4 amd64 7.1.0-9 [51.0 kB]
Get:8 http://127.0.0.1:9999/debian unstable/main amd64 libobjc-6-dev amd64 6.4.0-1 [197 kB]
Get:9 http://127.0.0.1:9999/debian unstable/main amd64 libc6-i386 amd64 2.24-12 [2597 kB]
Get:10 http://127.0.0.1:9999/debian unstable/main amd64 lib32gcc1 amd64 1:7.1.0-9 [46.8 kB]
Get:11 http://127.0.0.1:9999/debian unstable/main amd64 lib32stdc++6 amd64 7.1.0-9 [411 kB]
Get:12 http://127.0.0.1:9999/debian unstable/main amd64 libclang-common-5.0-dev amd64 1:5.0~svn305653-1 [2856 kB]
Get:13 http://127.0.0.1:9999/debian unstable/main amd64 clang-5.0 amd64 1:5.0~svn305653-1 [60.5 MB]
debconf: delaying package configuration, since apt-utils is not installed
Fetched 87.0 MB in 0s (95.6 MB/s)
Selecting previously unselected package libbsd0:amd64.
(Reading database ... (Reading database ... 5%(Reading database ... 10%(Reading database ... 15%(Reading database ... 20%(Reading database ... 25%(Reading database ... 30%(Reading database ... 35%(Reading database ... 40%(Reading database ... 45%(Reading database ... 50%(Reading database ... 55%(Reading database ... 60%(Reading database ... 65%(Reading database ... 70%(Reading database ... 75%(Reading database ... 80%(Reading database ... 85%(Reading database ... 90%(Reading database ... 95%(Reading database ... 100%(Reading database ... 9711 files and directories currently installed.)
Preparing to unpack .../00-libbsd0_0.8.5-1_amd64.deb ...
Unpacking libbsd0:amd64 (0.8.5-1) ...
Selecting previously unselected package libncurses5:amd64.
Preparing to unpack .../01-libncurses5_6.0+20161126-1_amd64.deb ...
Unpacking libncurses5:amd64 (6.0+20161126-1) ...
Selecting previously unselected package libedit2:amd64.
Preparing to unpack .../02-libedit2_3.1-20170329-1_amd64.deb ...
Unpacking libedit2:amd64 (3.1-20170329-1) ...
Selecting previously unselected package libllvm5.0:amd64.
Preparing to unpack .../03-libllvm5.0_1%3a5.0~svn305653-1_amd64.deb ...
Unpacking libllvm5.0:amd64 (1:5.0~svn305653-1) ...
Selecting previously unselected package libclang1-5.0:amd64.
Preparing to unpack .../04-libclang1-5.0_1%3a5.0~svn305653-1_amd64.deb ...
Unpacking libclang1-5.0:amd64 (1:5.0~svn305653-1) ...
Selecting previously unselected package libjsoncpp1:amd64.
Preparing to unpack .../05-libjsoncpp1_1.7.4-3_amd64.deb ...
Unpacking libjsoncpp1:amd64 (1.7.4-3) ...
Selecting previously unselected package libobjc4:amd64.
Preparing to unpack .../06-libobjc4_7.1.0-9_amd64.deb ...
Unpacking libobjc4:amd64 (7.1.0-9) ...
Selecting previously unselected package libobjc-6-dev:amd64.
Preparing to unpack .../07-libobjc-6-dev_6.4.0-1_amd64.deb ...
Unpacking libobjc-6-dev:amd64 (6.4.0-1) ...
Selecting previously unselected package libc6-i386.
Preparing to unpack .../08-libc6-i386_2.24-12_amd64.deb ...
Unpacking libc6-i386 (2.24-12) ...
Selecting previously unselected package lib32gcc1.
Preparing to unpack .../09-lib32gcc1_1%3a7.1.0-9_amd64.deb ...
Unpacking lib32gcc1 (1:7.1.0-9) ...
Selecting previously unselected package lib32stdc++6.
Preparing to unpack .../10-lib32stdc++6_7.1.0-9_amd64.deb ...
Unpacking lib32stdc++6 (7.1.0-9) ...
Selecting previously unselected package libclang-common-5.0-dev.
Preparing to unpack .../11-libclang-common-5.0-dev_1%3a5.0~svn305653-1_amd64.deb ...
Unpacking libclang-common-5.0-dev (1:5.0~svn305653-1) ...
Selecting previously unselected package clang-5.0.
Preparing to unpack .../12-clang-5.0_1%3a5.0~svn305653-1_amd64.deb ...
Unpacking clang-5.0 (1:5.0~svn305653-1) ...
Setting up libncurses5:amd64 (6.0+20161126-1) ...
Setting up libobjc4:amd64 (7.1.0-9) ...
Setting up libc6-i386 (2.24-12) ...
Setting up libbsd0:amd64 (0.8.5-1) ...
Processing triggers for libc-bin (2.24-12) ...
Setting up libobjc-6-dev:amd64 (6.4.0-1) ...
Setting up lib32gcc1 (1:7.1.0-9) ...
Setting up libjsoncpp1:amd64 (1.7.4-3) ...
Setting up libedit2:amd64 (3.1-20170329-1) ...
Setting up libllvm5.0:amd64 (1:5.0~svn305653-1) ...
Setting up libclang1-5.0:amd64 (1:5.0~svn305653-1) ...
Setting up lib32stdc++6 (7.1.0-9) ...
Setting up libclang-common-5.0-dev (1:5.0~svn305653-1) ...
Setting up clang-5.0 (1:5.0~svn305653-1) ...
Processing triggers for libc-bin (2.24-12) ...
W: --force-yes is deprecated, use one of the options starting with --allow instead.
+ echo 'Replace gcc, g++ & cpp by clang'
Replace gcc, g++ & cpp by clang
+ VERSIONS='4.6 4.7 4.8 4.9 5 6 7'
+ cd /usr/bin
+ for VERSION in $VERSIONS
+ rm -f g++-4.6 gcc-4.6 cpp-4.6 gcc
+ ln -s clang++-5.0 g++-4.6
+ ln -s clang-5.0 gcc-4.6
+ ln -s clang-5.0 cpp-4.6
+ ln -s clang-5.0 gcc
+ echo 'gcc-4.6 hold'
+ dpkg --set-selections
dpkg: warning: package not in status nor available database at line 1: gcc-4.6
dpkg: warning: found unknown packages; this might mean the available database
is outdated, and needs to be updated through a frontend method;
please see the FAQ <https://wiki.debian.org/Teams/Dpkg/FAQ>
+ echo 'g++-4.6 hold'
+ dpkg --set-selections
dpkg: warning: package not in status nor available database at line 1: g++-4.6
dpkg: warning: found unknown packages; this might mean the available database
is outdated, and needs to be updated through a frontend method;
please see the FAQ <https://wiki.debian.org/Teams/Dpkg/FAQ>
+ for VERSION in $VERSIONS
+ rm -f g++-4.7 gcc-4.7 cpp-4.7 gcc
+ ln -s clang++-5.0 g++-4.7
+ ln -s clang-5.0 gcc-4.7
+ ln -s clang-5.0 cpp-4.7
+ ln -s clang-5.0 gcc
+ echo 'gcc-4.7 hold'
+ dpkg --set-selections
dpkg: warning: package not in status nor available database at line 1: gcc-4.7
dpkg: warning: found unknown packages; this might mean the available database
is outdated, and needs to be updated through a frontend method;
please see the FAQ <https://wiki.debian.org/Teams/Dpkg/FAQ>
+ echo 'g++-4.7 hold'
+ dpkg --set-selections
dpkg: warning: package not in status nor available database at line 1: g++-4.7
dpkg: warning: found unknown packages; this might mean the available database
is outdated, and needs to be updated through a frontend method;
please see the FAQ <https://wiki.debian.org/Teams/Dpkg/FAQ>
+ for VERSION in $VERSIONS
+ rm -f g++-4.8 gcc-4.8 cpp-4.8 gcc
+ ln -s clang++-5.0 g++-4.8
+ ln -s clang-5.0 gcc-4.8
+ ln -s clang-5.0 cpp-4.8
+ ln -s clang-5.0 gcc
+ echo 'gcc-4.8 hold'
+ dpkg --set-selections
dpkg: warning: package not in status nor available database at line 1: gcc-4.8
dpkg: warning: found unknown packages; this might mean the available database
is outdated, and needs to be updated through a frontend method;
please see the FAQ <https://wiki.debian.org/Teams/Dpkg/FAQ>
+ echo 'g++-4.8 hold'
+ dpkg --set-selections
dpkg: warning: package not in status nor available database at line 1: g++-4.8
dpkg: warning: found unknown packages; this might mean the available database
is outdated, and needs to be updated through a frontend method;
please see the FAQ <https://wiki.debian.org/Teams/Dpkg/FAQ>
+ for VERSION in $VERSIONS
+ rm -f g++-4.9 gcc-4.9 cpp-4.9 gcc
+ ln -s clang++-5.0 g++-4.9
+ ln -s clang-5.0 gcc-4.9
+ ln -s clang-5.0 cpp-4.9
+ ln -s clang-5.0 gcc
+ echo 'gcc-4.9 hold'
+ dpkg --set-selections
dpkg: warning: package not in status nor available database at line 1: gcc-4.9
dpkg: warning: found unknown packages; this might mean the available database
is outdated, and needs to be updated through a frontend method;
please see the FAQ <https://wiki.debian.org/Teams/Dpkg/FAQ>
+ echo 'g++-4.9 hold'
+ dpkg --set-selections
dpkg: warning: package not in status nor available database at line 1: g++-4.9
dpkg: warning: found unknown packages; this might mean the available database
is outdated, and needs to be updated through a frontend method;
please see the FAQ <https://wiki.debian.org/Teams/Dpkg/FAQ>
+ for VERSION in $VERSIONS
+ rm -f g++-5 gcc-5 cpp-5 gcc
+ ln -s clang++-5.0 g++-5
+ ln -s clang-5.0 gcc-5
+ ln -s clang-5.0 cpp-5
+ ln -s clang-5.0 gcc
+ echo 'gcc-5 hold'
+ dpkg --set-selections
+ echo 'g++-5 hold'
+ dpkg --set-selections
+ for VERSION in $VERSIONS
+ rm -f g++-6 gcc-6 cpp-6 gcc
+ ln -s clang++-5.0 g++-6
+ ln -s clang-5.0 gcc-6
+ ln -s clang-5.0 cpp-6
+ ln -s clang-5.0 gcc
+ echo 'gcc-6 hold'
+ dpkg --set-selections
+ echo 'g++-6 hold'
+ dpkg --set-selections
+ for VERSION in $VERSIONS
+ rm -f g++-7 gcc-7 cpp-7 gcc
+ ln -s clang++-5.0 g++-7
+ ln -s clang-5.0 gcc-7
+ ln -s clang-5.0 cpp-7
+ ln -s clang-5.0 gcc
+ echo 'gcc-7 hold'
+ dpkg --set-selections
dpkg: warning: package not in status nor available database at line 1: gcc-7
dpkg: warning: found unknown packages; this might mean the available database
is outdated, and needs to be updated through a frontend method;
please see the FAQ <https://wiki.debian.org/Teams/Dpkg/FAQ>
+ echo 'g++-7 hold'
+ dpkg --set-selections
dpkg: warning: package not in status nor available database at line 1: g++-7
dpkg: warning: found unknown packages; this might mean the available database
is outdated, and needs to be updated through a frontend method;
please see the FAQ <https://wiki.debian.org/Teams/Dpkg/FAQ>
+ cd -
/build/openvpn-auth-ldap-opo3qu
+ echo 'Check if gcc, g++ & cpp are actually clang'
Check if gcc, g++ & cpp are actually clang
+ gcc --version
+ grep clang
+ cpp --version
+ grep clang
+ g++ --version
+ grep clang

I: Finished running '/tmp/clang50'.

Finished processing commands.
--------------------------------------------------------------------------------

+------------------------------------------------------------------------------+
| Update chroot                                                                |
+------------------------------------------------------------------------------+

Hit:1 http://127.0.0.1:9999/debian unstable InRelease
Reading package lists...
Reading package lists...
Building dependency tree...
Reading state information...
Calculating upgrade...
0 upgraded, 0 newly installed, 0 to remove and 0 not upgraded.

+------------------------------------------------------------------------------+
| Fetch source files                                                           |
+------------------------------------------------------------------------------+


Check APT
---------

Checking available source versions...

Download source files with APT
------------------------------

Reading package lists...
Need to get 271 kB of source archives.
Get:1 http://127.0.0.1:9999/debian unstable/main openvpn-auth-ldap 2.0.3-6.1 (dsc) [1910 B]
Get:2 http://127.0.0.1:9999/debian unstable/main openvpn-auth-ldap 2.0.3-6.1 (tar) [262 kB]
Get:3 http://127.0.0.1:9999/debian unstable/main openvpn-auth-ldap 2.0.3-6.1 (diff) [7072 B]
Fetched 271 kB in 0s (1452 kB/s)
Download complete and in download only mode
I: NOTICE: Log filtering will replace 'build/openvpn-auth-ldap-opo3qu/openvpn-auth-ldap-2.0.3' with '<<PKGBUILDDIR>>'
I: NOTICE: Log filtering will replace 'build/openvpn-auth-ldap-opo3qu' with '<<BUILDDIR>>'

+------------------------------------------------------------------------------+
| Install build-essential                                                      |
+------------------------------------------------------------------------------+


Setup apt archive
-----------------

Merged Build-Depends: build-essential, fakeroot
Filtered Build-Depends: build-essential, fakeroot
dpkg-deb: building package 'sbuild-build-depends-core-dummy' in '/<<BUILDDIR>>/resolver-R5P0cy/apt_archive/sbuild-build-depends-core-dummy.deb'.
dpkg-scanpackages: warning: Packages in archive but missing from override file:
dpkg-scanpackages: warning:   sbuild-build-depends-core-dummy
dpkg-scanpackages: info: Wrote 1 entries to output Packages file.
Ign:1 copy:/<<BUILDDIR>>/resolver-R5P0cy/apt_archive ./ InRelease
Get:2 copy:/<<BUILDDIR>>/resolver-R5P0cy/apt_archive ./ Release [957 B]
Ign:3 copy:/<<BUILDDIR>>/resolver-R5P0cy/apt_archive ./ Release.gpg
Get:4 copy:/<<BUILDDIR>>/resolver-R5P0cy/apt_archive ./ Sources [349 B]
Get:5 copy:/<<BUILDDIR>>/resolver-R5P0cy/apt_archive ./ Packages [431 B]
Fetched 1737 B in 0s (0 B/s)
Reading package lists...
Reading package lists...

Install core build dependencies (apt-based resolver)
----------------------------------------------------

Installing build dependencies
Reading package lists...
Building dependency tree...
Reading state information...
The following NEW packages will be installed:
  sbuild-build-depends-core-dummy
0 upgraded, 1 newly installed, 0 to remove and 0 not upgraded.
Need to get 782 B of archives.
After this operation, 0 B of additional disk space will be used.
Get:1 copy:/<<BUILDDIR>>/resolver-R5P0cy/apt_archive ./ sbuild-build-depends-core-dummy 0.invalid.0 [782 B]
debconf: delaying package configuration, since apt-utils is not installed
Fetched 782 B in 0s (0 B/s)
Selecting previously unselected package sbuild-build-depends-core-dummy.
(Reading database ... 10611 files and directories currently installed.)
Preparing to unpack .../sbuild-build-depends-core-dummy_0.invalid.0_amd64.deb ...
Unpacking sbuild-build-depends-core-dummy (0.invalid.0) ...
Setting up sbuild-build-depends-core-dummy (0.invalid.0) ...

+------------------------------------------------------------------------------+
| Check architectures                                                          |
+------------------------------------------------------------------------------+

Arch check ok (amd64 included in any)

+------------------------------------------------------------------------------+
| Install package build dependencies                                           |
+------------------------------------------------------------------------------+


Setup apt archive
-----------------

Merged Build-Depends: debhelper (>= 8.9.7), openvpn (>= 2), re2c, libldap2-dev, gobjc, autotools-dev, dh-autoreconf, libgnustep-base-dev
Filtered Build-Depends: debhelper (>= 8.9.7), openvpn (>= 2), re2c, libldap2-dev, gobjc, autotools-dev, dh-autoreconf, libgnustep-base-dev
dpkg-deb: building package 'sbuild-build-depends-openvpn-auth-ldap-dummy' in '/<<BUILDDIR>>/resolver-R5P0cy/apt_archive/sbuild-build-depends-openvpn-auth-ldap-dummy.deb'.
dpkg-scanpackages: warning: Packages in archive but missing from override file:
dpkg-scanpackages: warning:   sbuild-build-depends-core-dummy sbuild-build-depends-openvpn-auth-ldap-dummy
dpkg-scanpackages: info: Wrote 2 entries to output Packages file.
Ign:1 copy:/<<BUILDDIR>>/resolver-R5P0cy/apt_archive ./ InRelease
Get:2 copy:/<<BUILDDIR>>/resolver-R5P0cy/apt_archive ./ Release [963 B]
Ign:3 copy:/<<BUILDDIR>>/resolver-R5P0cy/apt_archive ./ Release.gpg
Get:4 copy:/<<BUILDDIR>>/resolver-R5P0cy/apt_archive ./ Sources [548 B]
Get:5 copy:/<<BUILDDIR>>/resolver-R5P0cy/apt_archive ./ Packages [632 B]
Fetched 2143 B in 0s (0 B/s)
Reading package lists...
Reading package lists...

Install openvpn-auth-ldap build dependencies (apt-based resolver)
-----------------------------------------------------------------

Installing build dependencies
Reading package lists...
Building dependency tree...
Reading state information...
The following additional packages will be installed:
  autoconf automake autopoint autotools-dev bsdmainutils ca-certificates
  debhelper dh-autoreconf dh-strip-nondeterminism file gettext gettext-base
  gnustep-base-common gnustep-base-runtime gnustep-common gnustep-make gobjc
  gobjc-6 groff-base intltool-debian iproute2 libarchive-zip-perl
  libavahi-client3 libavahi-common-data libavahi-common3 libcroco3 libdbus-1-3
  libelf1 libfile-stripnondeterminism-perl libglib2.0-0 libgnustep-base-dev
  libgnustep-base1.24 libicu57 libldap-2.4-2 libldap-common libldap2-dev
  liblzo2-2 libmagic-mgc libmagic1 libmnl0 libpipeline1 libpkcs11-helper1
  libsasl2-2 libsasl2-modules-db libsigsegv2 libssl1.0.2 libssl1.1
  libtimedate-perl libtool libxml2 libxslt1.1 lsb-base m4 man-db openssl
  openvpn po-debconf re2c
Suggested packages:
  autoconf-archive gnu-standards autoconf-doc wamerican | wordlist whois
  vacation dh-make gettext-doc libasprintf-dev libgettextpo-dev
  gnustep-base-doc gnustep-make-doc gobjc-multilib gobjc-6-multilib gcc-6-doc
  libobjc4-dbg groff iproute2-doc libtool-doc gfortran | fortran95-compiler
  gcj-jdk m4-doc less www-browser resolvconf libmail-box-perl
Recommended packages:
  curl | wget | lynx-cur libatm1 libxtables12 dbus libarchive-cpio-perl
  libglib2.0-data shared-mime-info xdg-user-dirs libsasl2-modules libltdl-dev
  xml-core easy-rsa libmail-sendmail-perl
The following NEW packages will be installed:
  autoconf automake autopoint autotools-dev bsdmainutils ca-certificates
  debhelper dh-autoreconf dh-strip-nondeterminism file gettext gettext-base
  gnustep-base-common gnustep-base-runtime gnustep-common gnustep-make gobjc
  gobjc-6 groff-base intltool-debian iproute2 libarchive-zip-perl
  libavahi-client3 libavahi-common-data libavahi-common3 libcroco3 libdbus-1-3
  libelf1 libfile-stripnondeterminism-perl libglib2.0-0 libgnustep-base-dev
  libgnustep-base1.24 libicu57 libldap-2.4-2 libldap-common libldap2-dev
  liblzo2-2 libmagic-mgc libmagic1 libmnl0 libpipeline1 libpkcs11-helper1
  libsasl2-2 libsasl2-modules-db libsigsegv2 libssl1.0.2 libssl1.1
  libtimedate-perl libtool libxml2 libxslt1.1 lsb-base m4 man-db openssl
  openvpn po-debconf re2c sbuild-build-depends-openvpn-auth-ldap-dummy
0 upgraded, 59 newly installed, 0 to remove and 0 not upgraded.
Need to get 36.1 MB of archives.
After this operation, 128 MB of additional disk space will be used.
Get:1 copy:/<<BUILDDIR>>/resolver-R5P0cy/apt_archive ./ sbuild-build-depends-openvpn-auth-ldap-dummy 0.invalid.0 [840 B]
Get:2 http://127.0.0.1:9999/debian unstable/main amd64 groff-base amd64 1.22.3-9 [1160 kB]
Get:3 http://127.0.0.1:9999/debian unstable/main amd64 bsdmainutils amd64 9.0.12+nmu1 [186 kB]
Get:4 http://127.0.0.1:9999/debian unstable/main amd64 libpipeline1 amd64 1.4.1-2 [27.6 kB]
Get:5 http://127.0.0.1:9999/debian unstable/main amd64 man-db amd64 2.7.6.1-2 [1044 kB]
Get:6 http://127.0.0.1:9999/debian unstable/main amd64 lsb-base all 9.20161125 [27.9 kB]
Get:7 http://127.0.0.1:9999/debian unstable/main amd64 libelf1 amd64 0.168-1 [157 kB]
Get:8 http://127.0.0.1:9999/debian unstable/main amd64 libmnl0 amd64 1.0.4-2 [12.2 kB]
Get:9 http://127.0.0.1:9999/debian unstable/main amd64 iproute2 amd64 4.9.0-1 [634 kB]
Get:10 http://127.0.0.1:9999/debian unstable/main amd64 libssl1.0.2 amd64 1.0.2l-2 [1294 kB]
Get:11 http://127.0.0.1:9999/debian unstable/main amd64 libssl1.1 amd64 1.1.0f-3 [1342 kB]
Get:12 http://127.0.0.1:9999/debian unstable/main amd64 libmagic-mgc amd64 1:5.30-1 [222 kB]
Get:13 http://127.0.0.1:9999/debian unstable/main amd64 libmagic1 amd64 1:5.30-1 [111 kB]
Get:14 http://127.0.0.1:9999/debian unstable/main amd64 file amd64 1:5.30-1 [63.9 kB]
Get:15 http://127.0.0.1:9999/debian unstable/main amd64 gettext-base amd64 0.19.8.1-2+b1 [122 kB]
Get:16 http://127.0.0.1:9999/debian unstable/main amd64 libsasl2-modules-db amd64 2.1.27~101-g0780600+dfsg-3 [68.2 kB]
Get:17 http://127.0.0.1:9999/debian unstable/main amd64 libsasl2-2 amd64 2.1.27~101-g0780600+dfsg-3 [105 kB]
Get:18 http://127.0.0.1:9999/debian unstable/main amd64 libldap-common all 2.4.44+dfsg-7 [85.2 kB]
Get:19 http://127.0.0.1:9999/debian unstable/main amd64 libldap-2.4-2 amd64 2.4.44+dfsg-7 [219 kB]
Get:20 http://127.0.0.1:9999/debian unstable/main amd64 libicu57 amd64 57.1-6 [7701 kB]
Get:21 http://127.0.0.1:9999/debian unstable/main amd64 libxml2 amd64 2.9.4+dfsg1-3 [715 kB]
Get:22 http://127.0.0.1:9999/debian unstable/main amd64 libsigsegv2 amd64 2.11-1 [29.9 kB]
Get:23 http://127.0.0.1:9999/debian unstable/main amd64 m4 amd64 1.4.18-1 [202 kB]
Get:24 http://127.0.0.1:9999/debian unstable/main amd64 autoconf all 2.69-10 [338 kB]
Get:25 http://127.0.0.1:9999/debian unstable/main amd64 autotools-dev all 20161112.1 [73.4 kB]
Get:26 http://127.0.0.1:9999/debian unstable/main amd64 automake all 1:1.15.1-2 [736 kB]
Get:27 http://127.0.0.1:9999/debian unstable/main amd64 autopoint all 0.19.8.1-2 [433 kB]
Get:28 http://127.0.0.1:9999/debian unstable/main amd64 openssl amd64 1.1.0f-3 [725 kB]
Get:29 http://127.0.0.1:9999/debian unstable/main amd64 ca-certificates all 20161130+nmu1 [196 kB]
Get:30 http://127.0.0.1:9999/debian unstable/main amd64 libtool all 2.4.6-2 [545 kB]
Get:31 http://127.0.0.1:9999/debian unstable/main amd64 dh-autoreconf all 14 [15.9 kB]
Get:32 http://127.0.0.1:9999/debian unstable/main amd64 libarchive-zip-perl all 1.59-1 [95.5 kB]
Get:33 http://127.0.0.1:9999/debian unstable/main amd64 libfile-stripnondeterminism-perl all 0.035-2 [17.0 kB]
Get:34 http://127.0.0.1:9999/debian unstable/main amd64 libtimedate-perl all 2.3000-2 [42.2 kB]
Get:35 http://127.0.0.1:9999/debian unstable/main amd64 dh-strip-nondeterminism all 0.035-2 [10.7 kB]
Get:36 http://127.0.0.1:9999/debian unstable/main amd64 libglib2.0-0 amd64 2.52.3-1 [2742 kB]
Get:37 http://127.0.0.1:9999/debian unstable/main amd64 libcroco3 amd64 0.6.12-1 [144 kB]
Get:38 http://127.0.0.1:9999/debian unstable/main amd64 gettext amd64 0.19.8.1-2+b1 [1301 kB]
Get:39 http://127.0.0.1:9999/debian unstable/main amd64 intltool-debian all 0.35.0+20060710.4 [26.3 kB]
Get:40 http://127.0.0.1:9999/debian unstable/main amd64 po-debconf all 1.0.20 [247 kB]
Get:41 http://127.0.0.1:9999/debian unstable/main amd64 debhelper all 10.6.2 [968 kB]
Get:42 http://127.0.0.1:9999/debian unstable/main amd64 gnustep-common amd64 2.6.8-2.1 [115 kB]
Get:43 http://127.0.0.1:9999/debian unstable/main amd64 gnustep-base-common all 1.24.9-3.1 [254 kB]
Get:44 http://127.0.0.1:9999/debian unstable/main amd64 libavahi-common-data amd64 0.6.32-2 [118 kB]
Get:45 http://127.0.0.1:9999/debian unstable/main amd64 libavahi-common3 amd64 0.6.32-2 [52.0 kB]
Get:46 http://127.0.0.1:9999/debian unstable/main amd64 libdbus-1-3 amd64 1.10.20-1 [193 kB]
Get:47 http://127.0.0.1:9999/debian unstable/main amd64 libavahi-client3 amd64 0.6.32-2 [55.3 kB]
Get:48 http://127.0.0.1:9999/debian unstable/main amd64 libxslt1.1 amd64 1.1.29-2.1 [233 kB]
Get:49 http://127.0.0.1:9999/debian unstable/main amd64 libgnustep-base1.24 amd64 1.24.9-3.1 [1276 kB]
Get:50 http://127.0.0.1:9999/debian unstable/main amd64 gnustep-base-runtime amd64 1.24.9-3.1 [190 kB]
Get:51 http://127.0.0.1:9999/debian unstable/main amd64 gobjc-6 amd64 6.4.0-1 [6367 kB]
Get:52 http://127.0.0.1:9999/debian unstable/main amd64 gobjc amd64 4:6.3.0-4d1 [914 B]
Get:53 http://127.0.0.1:9999/debian unstable/main amd64 gnustep-make all 2.6.8-2.1 [229 kB]
Get:54 http://127.0.0.1:9999/debian unstable/main amd64 libgnustep-base-dev amd64 1.24.9-3.1 [1665 kB]
Get:55 http://127.0.0.1:9999/debian unstable/main amd64 libldap2-dev amd64 2.4.44+dfsg-7 [327 kB]
Get:56 http://127.0.0.1:9999/debian unstable/main amd64 liblzo2-2 amd64 2.08-1.2+b2 [55.0 kB]
Get:57 http://127.0.0.1:9999/debian unstable/main amd64 libpkcs11-helper1 amd64 1.22-2 [46.7 kB]
Get:58 http://127.0.0.1:9999/debian unstable/main amd64 openvpn amd64 2.4.3-4 [480 kB]
Get:59 http://127.0.0.1:9999/debian unstable/main amd64 re2c amd64 0.16-2 [229 kB]
debconf: delaying package configuration, since apt-utils is not installed
Fetched 36.1 MB in 0s (70.5 MB/s)
Selecting previously unselected package groff-base.
(Reading database ... 10611 files and directories currently installed.)
Preparing to unpack .../00-groff-base_1.22.3-9_amd64.deb ...
Unpacking groff-base (1.22.3-9) ...
Selecting previously unselected package bsdmainutils.
Preparing to unpack .../01-bsdmainutils_9.0.12+nmu1_amd64.deb ...
Unpacking bsdmainutils (9.0.12+nmu1) ...
Selecting previously unselected package libpipeline1:amd64.
Preparing to unpack .../02-libpipeline1_1.4.1-2_amd64.deb ...
Unpacking libpipeline1:amd64 (1.4.1-2) ...
Selecting previously unselected package man-db.
Preparing to unpack .../03-man-db_2.7.6.1-2_amd64.deb ...
Unpacking man-db (2.7.6.1-2) ...
Selecting previously unselected package lsb-base.
Preparing to unpack .../04-lsb-base_9.20161125_all.deb ...
Unpacking lsb-base (9.20161125) ...
Selecting previously unselected package libelf1:amd64.
Preparing to unpack .../05-libelf1_0.168-1_amd64.deb ...
Unpacking libelf1:amd64 (0.168-1) ...
Selecting previously unselected package libmnl0:amd64.
Preparing to unpack .../06-libmnl0_1.0.4-2_amd64.deb ...
Unpacking libmnl0:amd64 (1.0.4-2) ...
Selecting previously unselected package iproute2.
Preparing to unpack .../07-iproute2_4.9.0-1_amd64.deb ...
Unpacking iproute2 (4.9.0-1) ...
Selecting previously unselected package libssl1.0.2:amd64.
Preparing to unpack .../08-libssl1.0.2_1.0.2l-2_amd64.deb ...
Unpacking libssl1.0.2:amd64 (1.0.2l-2) ...
Selecting previously unselected package libssl1.1:amd64.
Preparing to unpack .../09-libssl1.1_1.1.0f-3_amd64.deb ...
Unpacking libssl1.1:amd64 (1.1.0f-3) ...
Selecting previously unselected package libmagic-mgc.
Preparing to unpack .../10-libmagic-mgc_1%3a5.30-1_amd64.deb ...
Unpacking libmagic-mgc (1:5.30-1) ...
Selecting previously unselected package libmagic1:amd64.
Preparing to unpack .../11-libmagic1_1%3a5.30-1_amd64.deb ...
Unpacking libmagic1:amd64 (1:5.30-1) ...
Selecting previously unselected package file.
Preparing to unpack .../12-file_1%3a5.30-1_amd64.deb ...
Unpacking file (1:5.30-1) ...
Selecting previously unselected package gettext-base.
Preparing to unpack .../13-gettext-base_0.19.8.1-2+b1_amd64.deb ...
Unpacking gettext-base (0.19.8.1-2+b1) ...
Selecting previously unselected package libsasl2-modules-db:amd64.
Preparing to unpack .../14-libsasl2-modules-db_2.1.27~101-g0780600+dfsg-3_amd64.deb ...
Unpacking libsasl2-modules-db:amd64 (2.1.27~101-g0780600+dfsg-3) ...
Selecting previously unselected package libsasl2-2:amd64.
Preparing to unpack .../15-libsasl2-2_2.1.27~101-g0780600+dfsg-3_amd64.deb ...
Unpacking libsasl2-2:amd64 (2.1.27~101-g0780600+dfsg-3) ...
Selecting previously unselected package libldap-common.
Preparing to unpack .../16-libldap-common_2.4.44+dfsg-7_all.deb ...
Unpacking libldap-common (2.4.44+dfsg-7) ...
Selecting previously unselected package libldap-2.4-2:amd64.
Preparing to unpack .../17-libldap-2.4-2_2.4.44+dfsg-7_amd64.deb ...
Unpacking libldap-2.4-2:amd64 (2.4.44+dfsg-7) ...
Selecting previously unselected package libicu57:amd64.
Preparing to unpack .../18-libicu57_57.1-6_amd64.deb ...
Unpacking libicu57:amd64 (57.1-6) ...
Selecting previously unselected package libxml2:amd64.
Preparing to unpack .../19-libxml2_2.9.4+dfsg1-3_amd64.deb ...
Unpacking libxml2:amd64 (2.9.4+dfsg1-3) ...
Selecting previously unselected package libsigsegv2:amd64.
Preparing to unpack .../20-libsigsegv2_2.11-1_amd64.deb ...
Unpacking libsigsegv2:amd64 (2.11-1) ...
Selecting previously unselected package m4.
Preparing to unpack .../21-m4_1.4.18-1_amd64.deb ...
Unpacking m4 (1.4.18-1) ...
Selecting previously unselected package autoconf.
Preparing to unpack .../22-autoconf_2.69-10_all.deb ...
Unpacking autoconf (2.69-10) ...
Selecting previously unselected package autotools-dev.
Preparing to unpack .../23-autotools-dev_20161112.1_all.deb ...
Unpacking autotools-dev (20161112.1) ...
Selecting previously unselected package automake.
Preparing to unpack .../24-automake_1%3a1.15.1-2_all.deb ...
Unpacking automake (1:1.15.1-2) ...
Selecting previously unselected package autopoint.
Preparing to unpack .../25-autopoint_0.19.8.1-2_all.deb ...
Unpacking autopoint (0.19.8.1-2) ...
Selecting previously unselected package openssl.
Preparing to unpack .../26-openssl_1.1.0f-3_amd64.deb ...
Unpacking openssl (1.1.0f-3) ...
Selecting previously unselected package ca-certificates.
Preparing to unpack .../27-ca-certificates_20161130+nmu1_all.deb ...
Unpacking ca-certificates (20161130+nmu1) ...
Selecting previously unselected package libtool.
Preparing to unpack .../28-libtool_2.4.6-2_all.deb ...
Unpacking libtool (2.4.6-2) ...
Selecting previously unselected package dh-autoreconf.
Preparing to unpack .../29-dh-autoreconf_14_all.deb ...
Unpacking dh-autoreconf (14) ...
Selecting previously unselected package libarchive-zip-perl.
Preparing to unpack .../30-libarchive-zip-perl_1.59-1_all.deb ...
Unpacking libarchive-zip-perl (1.59-1) ...
Selecting previously unselected package libfile-stripnondeterminism-perl.
Preparing to unpack .../31-libfile-stripnondeterminism-perl_0.035-2_all.deb ...
Unpacking libfile-stripnondeterminism-perl (0.035-2) ...
Selecting previously unselected package libtimedate-perl.
Preparing to unpack .../32-libtimedate-perl_2.3000-2_all.deb ...
Unpacking libtimedate-perl (2.3000-2) ...
Selecting previously unselected package dh-strip-nondeterminism.
Preparing to unpack .../33-dh-strip-nondeterminism_0.035-2_all.deb ...
Unpacking dh-strip-nondeterminism (0.035-2) ...
Selecting previously unselected package libglib2.0-0:amd64.
Preparing to unpack .../34-libglib2.0-0_2.52.3-1_amd64.deb ...
Unpacking libglib2.0-0:amd64 (2.52.3-1) ...
Selecting previously unselected package libcroco3:amd64.
Preparing to unpack .../35-libcroco3_0.6.12-1_amd64.deb ...
Unpacking libcroco3:amd64 (0.6.12-1) ...
Selecting previously unselected package gettext.
Preparing to unpack .../36-gettext_0.19.8.1-2+b1_amd64.deb ...
Unpacking gettext (0.19.8.1-2+b1) ...
Selecting previously unselected package intltool-debian.
Preparing to unpack .../37-intltool-debian_0.35.0+20060710.4_all.deb ...
Unpacking intltool-debian (0.35.0+20060710.4) ...
Selecting previously unselected package po-debconf.
Preparing to unpack .../38-po-debconf_1.0.20_all.deb ...
Unpacking po-debconf (1.0.20) ...
Selecting previously unselected package debhelper.
Preparing to unpack .../39-debhelper_10.6.2_all.deb ...
Unpacking debhelper (10.6.2) ...
Selecting previously unselected package gnustep-common.
Preparing to unpack .../40-gnustep-common_2.6.8-2.1_amd64.deb ...
Unpacking gnustep-common (2.6.8-2.1) ...
Selecting previously unselected package gnustep-base-common.
Preparing to unpack .../41-gnustep-base-common_1.24.9-3.1_all.deb ...
Unpacking gnustep-base-common (1.24.9-3.1) ...
Selecting previously unselected package libavahi-common-data:amd64.
Preparing to unpack .../42-libavahi-common-data_0.6.32-2_amd64.deb ...
Unpacking libavahi-common-data:amd64 (0.6.32-2) ...
Selecting previously unselected package libavahi-common3:amd64.
Preparing to unpack .../43-libavahi-common3_0.6.32-2_amd64.deb ...
Unpacking libavahi-common3:amd64 (0.6.32-2) ...
Selecting previously unselected package libdbus-1-3:amd64.
Preparing to unpack .../44-libdbus-1-3_1.10.20-1_amd64.deb ...
Unpacking libdbus-1-3:amd64 (1.10.20-1) ...
Selecting previously unselected package libavahi-client3:amd64.
Preparing to unpack .../45-libavahi-client3_0.6.32-2_amd64.deb ...
Unpacking libavahi-client3:amd64 (0.6.32-2) ...
Selecting previously unselected package libxslt1.1:amd64.
Preparing to unpack .../46-libxslt1.1_1.1.29-2.1_amd64.deb ...
Unpacking libxslt1.1:amd64 (1.1.29-2.1) ...
Selecting previously unselected package libgnustep-base1.24.
Preparing to unpack .../47-libgnustep-base1.24_1.24.9-3.1_amd64.deb ...
Unpacking libgnustep-base1.24 (1.24.9-3.1) ...
Selecting previously unselected package gnustep-base-runtime.
Preparing to unpack .../48-gnustep-base-runtime_1.24.9-3.1_amd64.deb ...
Unpacking gnustep-base-runtime (1.24.9-3.1) ...
Selecting previously unselected package gobjc-6.
Preparing to unpack .../49-gobjc-6_6.4.0-1_amd64.deb ...
Unpacking gobjc-6 (6.4.0-1) ...
Selecting previously unselected package gobjc.
Preparing to unpack .../50-gobjc_4%3a6.3.0-4d1_amd64.deb ...
Unpacking gobjc (4:6.3.0-4d1) ...
Selecting previously unselected package gnustep-make.
Preparing to unpack .../51-gnustep-make_2.6.8-2.1_all.deb ...
Unpacking gnustep-make (2.6.8-2.1) ...
Selecting previously unselected package libgnustep-base-dev.
Preparing to unpack .../52-libgnustep-base-dev_1.24.9-3.1_amd64.deb ...
Unpacking libgnustep-base-dev (1.24.9-3.1) ...
Selecting previously unselected package libldap2-dev:amd64.
Preparing to unpack .../53-libldap2-dev_2.4.44+dfsg-7_amd64.deb ...
Unpacking libldap2-dev:amd64 (2.4.44+dfsg-7) ...
Selecting previously unselected package liblzo2-2:amd64.
Preparing to unpack .../54-liblzo2-2_2.08-1.2+b2_amd64.deb ...
Unpacking liblzo2-2:amd64 (2.08-1.2+b2) ...
Selecting previously unselected package libpkcs11-helper1:amd64.
Preparing to unpack .../55-libpkcs11-helper1_1.22-2_amd64.deb ...
Unpacking libpkcs11-helper1:amd64 (1.22-2) ...
Selecting previously unselected package openvpn.
Preparing to unpack .../56-openvpn_2.4.3-4_amd64.deb ...
Unpacking openvpn (2.4.3-4) ...
Selecting previously unselected package re2c.
Preparing to unpack .../57-re2c_0.16-2_amd64.deb ...
Unpacking re2c (0.16-2) ...
Selecting previously unselected package sbuild-build-depends-openvpn-auth-ldap-dummy.
Preparing to unpack .../58-sbuild-build-depends-openvpn-auth-ldap-dummy_0.invalid.0_amd64.deb ...
Unpacking sbuild-build-depends-openvpn-auth-ldap-dummy (0.invalid.0) ...
Setting up libarchive-zip-perl (1.59-1) ...
Setting up libtimedate-perl (2.3000-2) ...
Setting up libsigsegv2:amd64 (2.11-1) ...
Setting up libldap-common (2.4.44+dfsg-7) ...
Setting up re2c (0.16-2) ...
Setting up libelf1:amd64 (0.168-1) ...
Setting up groff-base (1.22.3-9) ...
Setting up libglib2.0-0:amd64 (2.52.3-1) ...
No schema files found: doing nothing.
Setting up libsasl2-modules-db:amd64 (2.1.27~101-g0780600+dfsg-3) ...
Setting up libsasl2-2:amd64 (2.1.27~101-g0780600+dfsg-3) ...
Setting up gobjc-6 (6.4.0-1) ...
Setting up gettext-base (0.19.8.1-2+b1) ...
Setting up gobjc (4:6.3.0-4d1) ...
Setting up libpipeline1:amd64 (1.4.1-2) ...
Setting up m4 (1.4.18-1) ...
Setting up libicu57:amd64 (57.1-6) ...
Setting up gnustep-common (2.6.8-2.1) ...
Setting up libxml2:amd64 (2.9.4+dfsg1-3) ...
Setting up libmagic-mgc (1:5.30-1) ...
Setting up libmagic1:amd64 (1:5.30-1) ...
Setting up lsb-base (9.20161125) ...
Setting up libcroco3:amd64 (0.6.12-1) ...
Setting up libxslt1.1:amd64 (1.1.29-2.1) ...
Setting up libssl1.0.2:amd64 (1.0.2l-2) ...
Processing triggers for libc-bin (2.24-12) ...
Setting up autotools-dev (20161112.1) ...
Setting up libldap-2.4-2:amd64 (2.4.44+dfsg-7) ...
Setting up libssl1.1:amd64 (1.1.0f-3) ...
Setting up gnustep-make (2.6.8-2.1) ...
Setting up openssl (1.1.0f-3) ...
Setting up bsdmainutils (9.0.12+nmu1) ...
update-alternatives: using /usr/bin/bsd-write to provide /usr/bin/write (write) in auto mode
update-alternatives: using /usr/bin/bsd-from to provide /usr/bin/from (from) in auto mode
Setting up ca-certificates (20161130+nmu1) ...
Updating certificates in /etc/ssl/certs...
166 added, 0 removed; done.
Setting up libmnl0:amd64 (1.0.4-2) ...
Setting up autopoint (0.19.8.1-2) ...
Setting up libdbus-1-3:amd64 (1.10.20-1) ...
Setting up liblzo2-2:amd64 (2.08-1.2+b2) ...
Setting up libavahi-common-data:amd64 (0.6.32-2) ...
Setting up libfile-stripnondeterminism-perl (0.035-2) ...
Setting up libldap2-dev:amd64 (2.4.44+dfsg-7) ...
Setting up gnustep-base-common (1.24.9-3.1) ...
Setting up gettext (0.19.8.1-2+b1) ...
Setting up libpkcs11-helper1:amd64 (1.22-2) ...
Setting up autoconf (2.69-10) ...
Setting up file (1:5.30-1) ...
Setting up iproute2 (4.9.0-1) ...
Setting up intltool-debian (0.35.0+20060710.4) ...
Setting up openvpn (2.4.3-4) ...
invoke-rc.d: could not determine current runlevel
All runlevel operations denied by policy
invoke-rc.d: policy-rc.d denied execution of cond-restart.
Setting up automake (1:1.15.1-2) ...
update-alternatives: using /usr/bin/automake-1.15 to provide /usr/bin/automake (automake) in auto mode
Setting up man-db (2.7.6.1-2) ...
Not building database; man-db/auto-update is not 'true'.
Setting up libavahi-common3:amd64 (0.6.32-2) ...
Setting up libtool (2.4.6-2) ...
Setting up po-debconf (1.0.20) ...
Setting up libavahi-client3:amd64 (0.6.32-2) ...
Setting up libgnustep-base1.24 (1.24.9-3.1) ...
Setting up gnustep-base-runtime (1.24.9-3.1) ...
invoke-rc.d: could not determine current runlevel
All runlevel operations denied by policy
invoke-rc.d: policy-rc.d denied execution of start.
Setting up libgnustep-base-dev (1.24.9-3.1) ...
Setting up dh-autoreconf (14) ...
Setting up dh-strip-nondeterminism (0.035-2) ...
Setting up debhelper (10.6.2) ...
Setting up sbuild-build-depends-openvpn-auth-ldap-dummy (0.invalid.0) ...
Processing triggers for libc-bin (2.24-12) ...
Processing triggers for ca-certificates (20161130+nmu1) ...
Updating certificates in /etc/ssl/certs...
0 added, 0 removed; done.
Running hooks in /etc/ca-certificates/update.d...
done.

+------------------------------------------------------------------------------+
| Build environment                                                            |
+------------------------------------------------------------------------------+

Kernel: Linux 4.9.0-2-amd64 amd64 (x86_64)
Toolchain package versions: binutils_2.28-6 dpkg-dev_1.18.24 g++-6_6.4.0-1 gcc-6_6.4.0-1 libc6-dev_2.24-12 libstdc++-6-dev_6.4.0-1 libstdc++6_7.1.0-9 linux-libc-dev_4.11.6-1
Package versions: adduser_3.115 apt_1.5~beta1 autoconf_2.69-10 automake_1:1.15.1-2 autopoint_0.19.8.1-2 autotools-dev_20161112.1 base-files_10 base-passwd_3.5.43 bash_4.4-5 binutils_2.28-6 bsdmainutils_9.0.12+nmu1 bsdutils_1:2.29.2-1 build-essential_12.3 bzip2_1.0.6-8.1 ca-certificates_20161130+nmu1 clang-5.0_1:5.0~svn305653-1 coreutils_8.26-3 cpp_4:6.3.0-4d1 cpp-6_6.4.0-1 dash_0.5.8-2.4 debconf_1.5.62 debfoster_2.7-2.1+b1 debhelper_10.6.2 debian-archive-keyring_2017.5 debianutils_4.8.1.1 dh-autoreconf_14 dh-strip-nondeterminism_0.035-2 diffutils_1:3.5-3 dpkg_1.18.24 dpkg-dev_1.18.24 e2fslibs_1.43.4-2 e2fsprogs_1.43.4-2 eatmydata_105-5 fakeroot_1.21-3.1 file_1:5.30-1 findutils_4.6.0+git+20170606-2 g++_4:6.3.0-4d1 g++-6_6.4.0-1 gcc_4:6.3.0-4d1 gcc-6_6.4.0-1 gcc-6-base_6.4.0-1 gcc-7-base_7.1.0-9 gettext_0.19.8.1-2+b1 gettext-base_0.19.8.1-2+b1 gnustep-base-common_1.24.9-3.1 gnustep-base-runtime_1.24.9-3.1 gnustep-common_2.6.8-2.1 gnustep-make_2.6.8-2.1 gobjc_4:6.3.0-4d1 gobjc-6_6.4.0-1 gpgv_2.1.18-8 grep_2.27-2 groff-base_1.22.3-9 gzip_1.6-5+b1 hostname_3.18+b1 init-system-helpers_1.48 intltool-debian_0.35.0+20060710.4 iproute2_4.9.0-1 lib32gcc1_1:7.1.0-9 lib32stdc++6_7.1.0-9 libacl1_2.2.52-3+b1 libapt-pkg5.0_1.5~beta1 libarchive-zip-perl_1.59-1 libasan3_6.4.0-1 libatomic1_7.1.0-9 libattr1_1:2.4.47-2+b2 libaudit-common_1:2.7.7-1 libaudit1_1:2.7.7-1+b1 libavahi-client3_0.6.32-2 libavahi-common-data_0.6.32-2 libavahi-common3_0.6.32-2 libblkid1_2.29.2-1 libbsd0_0.8.5-1 libbz2-1.0_1.0.6-8.1 libc-bin_2.24-12 libc-dev-bin_2.24-12 libc6_2.24-12 libc6-dev_2.24-12 libc6-i386_2.24-12 libcap-ng0_0.7.7-3+b1 libcc1-0_7.1.0-9 libcilkrts5_7.1.0-9 libclang-common-5.0-dev_1:5.0~svn305653-1 libclang1-5.0_1:5.0~svn305653-1 libcomerr2_1.43.4-2 libcroco3_0.6.12-1 libdb5.3_5.3.28-12+b1 libdbus-1-3_1.10.20-1 libdebconfclient0_0.229 libdpkg-perl_1.18.24 libeatmydata1_105-5 libedit2_3.1-20170329-1 libelf1_0.168-1 libfakeroot_1.21-3.1 libfdisk1_2.29.2-1 libffi6_3.2.1-6 libfile-stripnondeterminism-perl_0.035-2 libgc1c2_1:7.4.2-8 libgcc-6-dev_6.4.0-1 libgcc1_1:7.1.0-9 libgcrypt20_1.7.8-1 libgdbm3_1.8.3-14 libglib2.0-0_2.52.3-1 libgmp10_2:6.1.2+dfsg-1 libgnustep-base-dev_1.24.9-3.1 libgnustep-base1.24_1.24.9-3.1 libgnutls30_3.5.13-2 libgomp1_7.1.0-9 libgpg-error0_1.27-3 libhogweed4_3.3-1+b1 libicu57_57.1-6 libidn2-0_0.16-1+b1 libisl15_0.18-1 libitm1_7.1.0-9 libjsoncpp1_1.7.4-3 libldap-2.4-2_2.4.44+dfsg-7 libldap-common_2.4.44+dfsg-7 libldap2-dev_2.4.44+dfsg-7 libllvm5.0_1:5.0~svn305653-1 liblsan0_7.1.0-9 liblz4-1_0.0~r131-2+b1 liblzma5_5.2.2-1.2+b1 liblzo2-2_2.08-1.2+b2 libmagic-mgc_1:5.30-1 libmagic1_1:5.30-1 libmnl0_1.0.4-2 libmount1_2.29.2-1 libmpc3_1.0.3-1+b2 libmpfr4_3.1.5-1 libmpx2_7.1.0-9 libncurses5_6.0+20161126-1 libncursesw5_6.0+20161126-1 libnettle6_3.3-1+b1 libobjc-6-dev_6.4.0-1 libobjc4_7.1.0-9 libp11-kit0_0.23.7-2 libpam-modules_1.1.8-3.6 libpam-modules-bin_1.1.8-3.6 libpam-runtime_1.1.8-3.6 libpam0g_1.1.8-3.6 libpcre3_2:8.39-3 libperl5.24_5.24.1-6 libpipeline1_1.4.1-2 libpkcs11-helper1_1.22-2 libquadmath0_7.1.0-9 libsasl2-2_2.1.27~101-g0780600+dfsg-3 libsasl2-modules-db_2.1.27~101-g0780600+dfsg-3 libselinux1_2.6-3+b2 libsemanage-common_2.6-2 libsemanage1_2.6-2+b1 libsepol1_2.6-2 libsigsegv2_2.11-1 libsmartcols1_2.29.2-1 libss2_1.43.4-2 libssl1.0.2_1.0.2l-2 libssl1.1_1.1.0f-3 libstdc++-6-dev_6.4.0-1 libstdc++6_7.1.0-9 libsystemd0_233-10 libtasn1-6_4.12-2 libtimedate-perl_2.3000-2 libtinfo5_6.0+20161126-1 libtool_2.4.6-2 libtsan0_7.1.0-9 libubsan0_7.1.0-9 libudev1_233-10 libunistring2_0.9.7-2 libustr-1.0-1_1.0.4-6 libuuid1_2.29.2-1 libxml2_2.9.4+dfsg1-3 libxslt1.1_1.1.29-2.1 linux-libc-dev_4.11.6-1 login_1:4.4-4.1 lsb-base_9.20161125 m4_1.4.18-1 make_4.1-9.1 man-db_2.7.6.1-2 mawk_1.3.3-17+b3 mount_2.29.2-1 multiarch-support_2.24-12 ncurses-base_6.0+20161126-1 ncurses-bin_6.0+20161126-1 openssl_1.1.0f-3 openvpn_2.4.3-4 passwd_1:4.4-4.1 patch_2.7.5-1+b2 perl_5.24.1-6 perl-base_5.24.1-6 perl-modules-5.24_5.24.1-6 po-debconf_1.0.20 re2c_0.16-2 sbuild-build-depends-core-dummy_0.invalid.0 sbuild-build-depends-openvpn-auth-ldap-dummy_0.invalid.0 sed_4.4-1 sensible-utils_0.0.9 sysvinit-utils_2.88dsf-59.9 tar_1.29b-1.1 util-linux_2.29.2-1 xz-utils_5.2.2-1.2+b1 zlib1g_1:1.2.8.dfsg-5

+------------------------------------------------------------------------------+
| Build                                                                        |
+------------------------------------------------------------------------------+


Unpack source
-------------

gpgv: unknown type of key resource 'trustedkeys.kbx'
gpgv: keyblock resource '/sbuild-nonexistent/.gnupg/trustedkeys.kbx': General error
gpgv: Signature made Tue Oct 14 23:01:51 2014 UTC
gpgv:                using RSA key FB863251A86F9E47
gpgv: Can't check signature: No public key
dpkg-source: warning: failed to verify signature on ./openvpn-auth-ldap_2.0.3-6.1.dsc
dpkg-source: info: extracting openvpn-auth-ldap in /<<PKGBUILDDIR>>
dpkg-source: info: unpacking openvpn-auth-ldap_2.0.3.orig.tar.gz
dpkg-source: info: unpacking openvpn-auth-ldap_2.0.3-6.1.debian.tar.xz
dpkg-source: info: applying STARTTLS_before_auth.patch
dpkg-source: info: applying gobjc_4.7_runtime.patch
dpkg-source: info: applying openvpn_ldap_simpler_add_handler_4
dpkg-source: info: applying auth-ldap-gnustep.patch

Check disk space
----------------

Sufficient free space for build

User Environment
----------------

APT_CONFIG=/var/lib/sbuild/apt.conf
HOME=/sbuild-nonexistent
LANG=en_US.UTF-8
LC_ALL=POSIX
LOGNAME=user42
PATH=/usr/local/sbin:/usr/local/bin:/usr/sbin:/usr/bin:/sbin:/bin:/usr/games
SCHROOT_ALIAS_NAME=unstable-amd64-sbuild
SCHROOT_CHROOT_NAME=unstable-amd64-sbuild
SCHROOT_COMMAND=env
SCHROOT_GID=1001
SCHROOT_GROUP=user42
SCHROOT_SESSION_ID=unstable-amd64-sbuild-3c996f87-2632-4947-959c-ddc96e3974cc
SCHROOT_UID=1001
SCHROOT_USER=user42
SHELL=/bin/sh
USER=user42

dpkg-buildpackage
-----------------

dpkg-buildpackage: info: source package openvpn-auth-ldap
dpkg-buildpackage: info: source version 2.0.3-6.1
dpkg-buildpackage: info: source distribution unstable
dpkg-buildpackage: info: source changed by Wookey <wookey@debian.org>
 dpkg-source --before-build openvpn-auth-ldap-2.0.3
dpkg-buildpackage: info: host architecture amd64
 fakeroot debian/rules clean
dh clean --with autoreconf,autotools-dev
dh: Compatibility levels before 9 are deprecated (level 5 in use)
   dh_testdir
   debian/rules override_dh_auto_clean
make[1]: Entering directory '/<<PKGBUILDDIR>>'
rm -f tests/Makefile
dh_auto_clean
dh_auto_clean: Compatibility levels before 9 are deprecated (level 5 in use)
make[1]: Leaving directory '/<<PKGBUILDDIR>>'
   dh_autoreconf_clean
   dh_autotools-dev_restoreconfig
   dh_clean
dh_clean: Compatibility levels before 9 are deprecated (level 5 in use)
 debian/rules build-arch
dh build-arch --with autoreconf,autotools-dev
dh: Compatibility levels before 9 are deprecated (level 5 in use)
   dh_testdir -a
   dh_update_autotools_config -a
   dh_autoreconf -a
   dh_autotools-dev_updateconfig -a
   debian/rules override_dh_auto_configure
make[1]: Entering directory '/<<PKGBUILDDIR>>'
dh_auto_configure -- CFLAGS="-g -O2 -fdebug-prefix-map=/<<PKGBUILDDIR>>=. -fstack-protector-strong -Wformat -Werror=format-security" CPPFLAGS="-Wdate-time -D_FORTIFY_SOURCE=2" CXXFLAGS="-g -O2 -fdebug-prefix-map=/<<PKGBUILDDIR>>=. -fstack-protector-strong -Wformat -Werror=format-security" FCFLAGS="-g -O2 -fdebug-prefix-map=/<<PKGBUILDDIR>>=. -fstack-protector-strong" FFLAGS="-g -O2 -fdebug-prefix-map=/<<PKGBUILDDIR>>=. -fstack-protector-strong" GCJFLAGS="-g -O2 -fdebug-prefix-map=/<<PKGBUILDDIR>>=. -fstack-protector-strong" LDFLAGS="-Wl,-z,relro" OBJCFLAGS="-g -O2 -fdebug-prefix-map=/<<PKGBUILDDIR>>=. -fstack-protector-strong -Wformat -Werror=format-security" OBJCXXFLAGS="-g -O2 -fdebug-prefix-map=/<<PKGBUILDDIR>>=. -fstack-protector-strong -Wformat -Werror=format-security"  --prefix=/usr --with-openvpn=/usr/include/openvpn --with-objc-runtime=modern
dh_auto_configure: Compatibility levels before 9 are deprecated (level 5 in use)
	./configure --build=x86_64-linux-gnu --prefix=/usr --includedir=\${prefix}/include --mandir=\${prefix}/share/man --infodir=\${prefix}/share/info --sysconfdir=/etc --localstatedir=/var --disable-silent-rules --libexecdir=\${prefix}/lib/openvpn-auth-ldap --disable-maintainer-mode --disable-dependency-tracking "CFLAGS=-g -O2 -fdebug-prefix-map=/<<PKGBUILDDIR>>=. -fstack-protector-strong -Wformat -Werror=format-security" "CPPFLAGS=-Wdate-time -D_FORTIFY_SOURCE=2" "CXXFLAGS=-g -O2 -fdebug-prefix-map=/<<PKGBUILDDIR>>=. -fstack-protector-strong -Wformat -Werror=format-security" "FCFLAGS=-g -O2 -fdebug-prefix-map=/<<PKGBUILDDIR>>=. -fstack-protector-strong" "FFLAGS=-g -O2 -fdebug-prefix-map=/<<PKGBUILDDIR>>=. -fstack-protector-strong" "GCJFLAGS=-g -O2 -fdebug-prefix-map=/<<PKGBUILDDIR>>=. -fstack-protector-strong" LDFLAGS=-Wl,-z,relro "OBJCFLAGS=-g -O2 -fdebug-prefix-map=/<<PKGBUILDDIR>>=. -fstack-protector-strong -Wformat -Werror=format-security" "OBJCXXFLAGS=-g -O2 -fdebug-prefix-map=/<<PKGBUILDDIR>>=. -fstack-protector-strong -Wformat -Werror=format-security" --prefix=/usr --with-openvpn=/usr/include/openvpn --with-objc-runtime=modern
configure: WARNING: unrecognized options: --disable-silent-rules, --disable-maintainer-mode, --disable-dependency-tracking
checking build system type... x86_64-pc-linux-gnu
checking host system type... x86_64-pc-linux-gnu
checking target system type... x86_64-pc-linux-gnu
checking for gcc... gcc
checking whether the C compiler works... yes
checking for C compiler default output file name... a.out
checking for suffix of executables... 
checking whether we are cross compiling... no
checking for suffix of object files... o
checking whether we are using the GNU C compiler... yes
checking whether gcc accepts -g... yes
checking for gcc option to accept ISO C89... none needed
checking for gcc... gcc
checking whether we are using the GNU Objective C compiler... yes
checking whether gcc accepts -g... yes
checking for a BSD-compatible install... /usr/bin/install -c
checking whether ln -s works... yes
checking whether make sets $(MAKE)... yes
checking for re2c... /usr/bin/re2c
checking for doxygen... no
checking for dot... no
checking how to run the C preprocessor... gcc -E
checking for grep that handles long lines and -e... /bin/grep
checking for egrep... /bin/grep -E
checking for ANSI C header files... yes
checking for the pthreads library -lpthreads... no
checking whether pthreads work without any flags... no
checking whether pthreads work with -Kthread... no
checking whether pthreads work with -kthread... no
checking for the pthreads library -llthread... no
checking whether pthreads work with -pthread... yes
checking for joinable pthread attribute... PTHREAD_CREATE_JOINABLE
checking if more special flags are required for pthreads... no
checking for BSD pf(4) support... no
configure: WARNING: pf(4) table support will not be included.
checking for strlcpy... no
checking for openldap... yes
checking for check unit test library... no
configure: WARNING: Check library not found. Unit tests will not be built or run.
checking for openvpn-plugin.h... yes
checking how to run the Objective C preprocessor... gcc -E
checking for sys/types.h... yes
checking for sys/stat.h... yes
checking for stdlib.h... yes
checking for string.h... yes
checking for memory.h... yes
checking for strings.h... yes
checking for inttypes.h... yes
checking for stdint.h... yes
checking for unistd.h... yes
checking objc/objc.h usability... no
checking objc/objc.h presence... no
checking for objc/objc.h... no
configure: error: Can't locate Objective C runtime headers
	"tail -v -n +0 config.log"
==> config.log <==
This file contains any messages produced by compilers while
running configure, to aid debugging if configure makes a mistake.

It was created by auth-ldap configure 2.0, which was
generated by GNU Autoconf 2.69.  Invocation command line was

  $ ./configure --build=x86_64-linux-gnu --prefix=/usr --includedir=${prefix}/include --mandir=${prefix}/share/man --infodir=${prefix}/share/info --sysconfdir=/etc --localstatedir=/var --disable-silent-rules --libexecdir=${prefix}/lib/openvpn-auth-ldap --disable-maintainer-mode --disable-dependency-tracking CFLAGS=-g -O2 -fdebug-prefix-map=/<<PKGBUILDDIR>>=. -fstack-protector-strong -Wformat -Werror=format-security CPPFLAGS=-Wdate-time -D_FORTIFY_SOURCE=2 CXXFLAGS=-g -O2 -fdebug-prefix-map=/<<PKGBUILDDIR>>=. -fstack-protector-strong -Wformat -Werror=format-security FCFLAGS=-g -O2 -fdebug-prefix-map=/<<PKGBUILDDIR>>=. -fstack-protector-strong FFLAGS=-g -O2 -fdebug-prefix-map=/<<PKGBUILDDIR>>=. -fstack-protector-strong GCJFLAGS=-g -O2 -fdebug-prefix-map=/<<PKGBUILDDIR>>=. -fstack-protector-strong LDFLAGS=-Wl,-z,relro OBJCFLAGS=-g -O2 -fdebug-prefix-map=/<<PKGBUILDDIR>>=. -fstack-protector-strong -Wformat -Werror=format-security OBJCXXFLAGS=-g -O2 -fdebug-prefix-map=/<<PKGBUILDDIR>>=. -fstack-protector-strong -Wformat -Werror=format-security --prefix=/usr --with-openvpn=/usr/include/openvpn --with-objc-runtime=modern

## --------- ##
## Platform. ##
## --------- ##

hostname = ip-172-31-38-107
uname -m = x86_64
uname -r = 4.9.0-2-amd64
uname -s = Linux
uname -v = #1 SMP Debian 4.9.18-1 (2017-03-30)

/usr/bin/uname -p = unknown
/bin/uname -X     = unknown

/bin/arch              = unknown
/usr/bin/arch -k       = unknown
/usr/convex/getsysinfo = unknown
/usr/bin/hostinfo      = unknown
/bin/machine           = unknown
/usr/bin/oslevel       = unknown
/bin/universe          = unknown

PATH: /usr/local/sbin
PATH: /usr/local/bin
PATH: /usr/sbin
PATH: /usr/bin
PATH: /sbin
PATH: /bin
PATH: /usr/games


## ----------- ##
## Core tests. ##
## ----------- ##

configure:2335: checking build system type
configure:2349: result: x86_64-pc-linux-gnu
configure:2369: checking host system type
configure:2382: result: x86_64-pc-linux-gnu
configure:2402: checking target system type
configure:2415: result: x86_64-pc-linux-gnu
configure:2492: checking for gcc
configure:2508: found /usr/bin/gcc
configure:2519: result: gcc
configure:2748: checking for C compiler version
configure:2757: gcc --version >&5
clang version 5.0.0-svn305653-1 (trunk)
Target: x86_64-pc-linux-gnu
Thread model: posix
InstalledDir: /usr/bin

  Registered Targets:
    aarch64    - AArch64 (little endian)
    aarch64_be - AArch64 (big endian)
    amdgcn     - AMD GCN GPUs
    arm        - ARM
    arm64      - ARM64 (little endian)
    armeb      - ARM (big endian)
    bpf        - BPF (host endian)
    bpfeb      - BPF (big endian)
    bpfel      - BPF (little endian)
    hexagon    - Hexagon
    lanai      - Lanai
    mips       - Mips
    mips64     - Mips64 [experimental]
    mips64el   - Mips64el [experimental]
    mipsel     - Mipsel
    msp430     - MSP430 [experimental]
    nvptx      - NVIDIA PTX 32-bit
    nvptx64    - NVIDIA PTX 64-bit
    ppc32      - PowerPC 32
    ppc64      - PowerPC 64
    ppc64le    - PowerPC 64 LE
    r600       - AMD GPUs HD2XXX-HD6XXX
    riscv32    - 32-bit RISC-V
    riscv64    - 64-bit RISC-V
    sparc      - Sparc
    sparcel    - Sparc LE
    sparcv9    - Sparc V9
    systemz    - SystemZ
    thumb      - Thumb
    thumbeb    - Thumb (big endian)
    x86        - 32-bit X86: Pentium-Pro and above
    x86-64     - 64-bit X86: EM64T and AMD64
    xcore      - XCore
configure:2768: $? = 0
configure:2757: gcc -v >&5
clang version 5.0.0-svn305653-1 (trunk)
Target: x86_64-pc-linux-gnu
Thread model: posix
InstalledDir: /usr/bin
Found candidate GCC installation: /usr/bin/../lib/gcc/x86_64-linux-gnu/6
Found candidate GCC installation: /usr/bin/../lib/gcc/x86_64-linux-gnu/6.4.0
Found candidate GCC installation: /usr/bin/../lib/gcc/x86_64-linux-gnu/7
Found candidate GCC installation: /usr/bin/../lib/gcc/x86_64-linux-gnu/7.1.0
Found candidate GCC installation: /usr/lib/gcc/x86_64-linux-gnu/6
Found candidate GCC installation: /usr/lib/gcc/x86_64-linux-gnu/6.4.0
... rest of stderr output deleted ...
configure:2768: $? = 0
configure:2757: gcc -V >&5
clang: error: argument to '-V' is missing (expected 1 value)
configure:2768: $? = 1
configure:2757: gcc -qversion >&5
clang: error: unknown argument: '-qversion'
configure:2768: $? = 1
configure:2788: checking whether the C compiler works
configure:2810: gcc -g -O2 -fdebug-prefix-map=/<<PKGBUILDDIR>>=. -fstack-protector-strong -Wformat -Werror=format-security -Wdate-time -D_FORTIFY_SOURCE=2 -Wl,-z,relro conftest.c  >&5
configure:2814: $? = 0
configure:2862: result: yes
configure:2865: checking for C compiler default output file name
configure:2867: result: a.out
configure:2873: checking for suffix of executables
configure:2880: gcc -o conftest -g -O2 -fdebug-prefix-map=/<<PKGBUILDDIR>>=. -fstack-protector-strong -Wformat -Werror=format-security -Wdate-time -D_FORTIFY_SOURCE=2 -Wl,-z,relro conftest.c  >&5
configure:2884: $? = 0
configure:2906: result: 
configure:2928: checking whether we are cross compiling
configure:2936: gcc -o conftest -g -O2 -fdebug-prefix-map=/<<PKGBUILDDIR>>=. -fstack-protector-strong -Wformat -Werror=format-security -Wdate-time -D_FORTIFY_SOURCE=2 -Wl,-z,relro conftest.c  >&5
configure:2940: $? = 0
configure:2947: ./conftest
configure:2951: $? = 0
configure:2966: result: no
configure:2971: checking for suffix of object files
configure:2993: gcc -c -g -O2 -fdebug-prefix-map=/<<PKGBUILDDIR>>=. -fstack-protector-strong -Wformat -Werror=format-security -Wdate-time -D_FORTIFY_SOURCE=2 conftest.c >&5
configure:2997: $? = 0
configure:3018: result: o
configure:3022: checking whether we are using the GNU C compiler
configure:3041: gcc -c -g -O2 -fdebug-prefix-map=/<<PKGBUILDDIR>>=. -fstack-protector-strong -Wformat -Werror=format-security -Wdate-time -D_FORTIFY_SOURCE=2 conftest.c >&5
configure:3041: $? = 0
configure:3050: result: yes
configure:3059: checking whether gcc accepts -g
configure:3079: gcc -c -g -Wdate-time -D_FORTIFY_SOURCE=2 conftest.c >&5
configure:3079: $? = 0
configure:3120: result: yes
configure:3137: checking for gcc option to accept ISO C89
configure:3200: gcc  -c -g -O2 -fdebug-prefix-map=/<<PKGBUILDDIR>>=. -fstack-protector-strong -Wformat -Werror=format-security -Wdate-time -D_FORTIFY_SOURCE=2 conftest.c >&5
configure:3200: $? = 0
configure:3213: result: none needed
configure:3287: checking for gcc
configure:3303: found /usr/bin/gcc
configure:3314: result: gcc
configure:3339: checking for Objective C compiler version
configure:3348: gcc --version >&5
clang version 5.0.0-svn305653-1 (trunk)
Target: x86_64-pc-linux-gnu
Thread model: posix
InstalledDir: /usr/bin

  Registered Targets:
    aarch64    - AArch64 (little endian)
    aarch64_be - AArch64 (big endian)
    amdgcn     - AMD GCN GPUs
    arm        - ARM
    arm64      - ARM64 (little endian)
    armeb      - ARM (big endian)
    bpf        - BPF (host endian)
    bpfeb      - BPF (big endian)
    bpfel      - BPF (little endian)
    hexagon    - Hexagon
    lanai      - Lanai
    mips       - Mips
    mips64     - Mips64 [experimental]
    mips64el   - Mips64el [experimental]
    mipsel     - Mipsel
    msp430     - MSP430 [experimental]
    nvptx      - NVIDIA PTX 32-bit
    nvptx64    - NVIDIA PTX 64-bit
    ppc32      - PowerPC 32
    ppc64      - PowerPC 64
    ppc64le    - PowerPC 64 LE
    r600       - AMD GPUs HD2XXX-HD6XXX
    riscv32    - 32-bit RISC-V
    riscv64    - 64-bit RISC-V
    sparc      - Sparc
    sparcel    - Sparc LE
    sparcv9    - Sparc V9
    systemz    - SystemZ
    thumb      - Thumb
    thumbeb    - Thumb (big endian)
    x86        - 32-bit X86: Pentium-Pro and above
    x86-64     - 64-bit X86: EM64T and AMD64
    xcore      - XCore
configure:3359: $? = 0
configure:3348: gcc -v >&5
clang version 5.0.0-svn305653-1 (trunk)
Target: x86_64-pc-linux-gnu
Thread model: posix
InstalledDir: /usr/bin
Found candidate GCC installation: /usr/bin/../lib/gcc/x86_64-linux-gnu/6
Found candidate GCC installation: /usr/bin/../lib/gcc/x86_64-linux-gnu/6.4.0
Found candidate GCC installation: /usr/bin/../lib/gcc/x86_64-linux-gnu/7
Found candidate GCC installation: /usr/bin/../lib/gcc/x86_64-linux-gnu/7.1.0
Found candidate GCC installation: /usr/lib/gcc/x86_64-linux-gnu/6
Found candidate GCC installation: /usr/lib/gcc/x86_64-linux-gnu/6.4.0
... rest of stderr output deleted ...
configure:3359: $? = 0
configure:3348: gcc -V >&5
clang: error: argument to '-V' is missing (expected 1 value)
configure:3359: $? = 1
configure:3348: gcc -qversion >&5
clang: error: unknown argument: '-qversion'
configure:3359: $? = 1
configure:3363: checking whether we are using the GNU Objective C compiler
configure:3382: gcc -c -g -O2 -fdebug-prefix-map=/<<PKGBUILDDIR>>=. -fstack-protector-strong -Wformat -Werror=format-security -Wdate-time -D_FORTIFY_SOURCE=2 conftest.m >&5
configure:3382: $? = 0
configure:3391: result: yes
configure:3400: checking whether gcc accepts -g
configure:3420: gcc -c -g -Wdate-time -D_FORTIFY_SOURCE=2 conftest.m >&5
configure:3420: $? = 0
configure:3461: result: yes
configure:3598: checking for a BSD-compatible install
configure:3666: result: /usr/bin/install -c
configure:3677: checking whether ln -s works
configure:3681: result: yes
configure:3688: checking whether make sets $(MAKE)
configure:3710: result: yes
configure:3722: checking for re2c
configure:3740: found /usr/bin/re2c
configure:3753: result: /usr/bin/re2c
configure:3767: checking for doxygen
configure:3798: result: no
configure:3812: checking for dot
configure:3843: result: no
configure:3973: checking how to run the C preprocessor
configure:4004: gcc -E -Wdate-time -D_FORTIFY_SOURCE=2 conftest.c
configure:4004: $? = 0
configure:4018: gcc -E -Wdate-time -D_FORTIFY_SOURCE=2 conftest.c
conftest.c:9:10: fatal error: 'ac_nonexistent.h' file not found
#include <ac_nonexistent.h>
         ^~~~~~~~~~~~~~~~~~
1 error generated.
configure:4018: $? = 1
configure: failed program was:
| /* confdefs.h */
| #define PACKAGE_NAME "auth-ldap"
| #define PACKAGE_TARNAME "auth-ldap"
| #define PACKAGE_VERSION "2.0"
| #define PACKAGE_STRING "auth-ldap 2.0"
| #define PACKAGE_BUGREPORT "landonf@opendarwin.org"
| #define PACKAGE_URL ""
| /* end confdefs.h.  */
| #include <ac_nonexistent.h>
configure:4043: result: gcc -E
configure:4063: gcc -E -Wdate-time -D_FORTIFY_SOURCE=2 conftest.c
configure:4063: $? = 0
configure:4077: gcc -E -Wdate-time -D_FORTIFY_SOURCE=2 conftest.c
conftest.c:9:10: fatal error: 'ac_nonexistent.h' file not found
#include <ac_nonexistent.h>
         ^~~~~~~~~~~~~~~~~~
1 error generated.
configure:4077: $? = 1
configure: failed program was:
| /* confdefs.h */
| #define PACKAGE_NAME "auth-ldap"
| #define PACKAGE_TARNAME "auth-ldap"
| #define PACKAGE_VERSION "2.0"
| #define PACKAGE_STRING "auth-ldap 2.0"
| #define PACKAGE_BUGREPORT "landonf@opendarwin.org"
| #define PACKAGE_URL ""
| /* end confdefs.h.  */
| #include <ac_nonexistent.h>
configure:4106: checking for grep that handles long lines and -e
configure:4164: result: /bin/grep
configure:4169: checking for egrep
configure:4231: result: /bin/grep -E
configure:4236: checking for ANSI C header files
configure:4256: gcc -c -g -O2 -fdebug-prefix-map=/<<PKGBUILDDIR>>=. -fstack-protector-strong -Wformat -Werror=format-security -Wdate-time -D_FORTIFY_SOURCE=2 conftest.c >&5
configure:4256: $? = 0
configure:4329: gcc -o conftest -g -O2 -fdebug-prefix-map=/<<PKGBUILDDIR>>=. -fstack-protector-strong -Wformat -Werror=format-security -Wdate-time -D_FORTIFY_SOURCE=2 -Wl,-z,relro conftest.c  >&5
configure:4329: $? = 0
configure:4329: ./conftest
configure:4329: $? = 0
configure:4340: result: yes
configure:4604: checking for the pthreads library -lpthreads
configure:4637: gcc -o conftest -g -O2 -fdebug-prefix-map=/<<PKGBUILDDIR>>=. -fstack-protector-strong -Wformat -Werror=format-security  -Wdate-time -D_FORTIFY_SOURCE=2 -Wl,-z,relro conftest.c -lpthreads  >&5
conftest.c:15:41: warning: null passed to a callee that requires a non-null argument [-Wnonnull]
                     pthread_attr_init(0); pthread_cleanup_push(0, 0);
                                       ~^
conftest.c:16:44: warning: null passed to a callee that requires a non-null argument [-Wnonnull]
                     pthread_create(0,0,0,0); pthread_cleanup_pop(0);
                                    ~      ^
conftest.c:16:44: warning: null passed to a callee that requires a non-null argument [-Wnonnull]
                     pthread_create(0,0,0,0); pthread_cleanup_pop(0);
                                        ~  ^
3 warnings generated.
/usr/bin/ld: cannot find -lpthreads
clang: error: linker command failed with exit code 1 (use -v to see invocation)
configure:4637: $? = 1
configure: failed program was:
| /* confdefs.h */
| #define PACKAGE_NAME "auth-ldap"
| #define PACKAGE_TARNAME "auth-ldap"
| #define PACKAGE_VERSION "2.0"
| #define PACKAGE_STRING "auth-ldap 2.0"
| #define PACKAGE_BUGREPORT "landonf@opendarwin.org"
| #define PACKAGE_URL ""
| #define STDC_HEADERS 1
| /* end confdefs.h.  */
| #include <pthread.h>
| int
| main ()
| {
| pthread_t th; pthread_join(th, 0);
|                      pthread_attr_init(0); pthread_cleanup_push(0, 0);
|                      pthread_create(0,0,0,0); pthread_cleanup_pop(0);
|   ;
|   return 0;
| }
configure:4646: result: no
configure:4549: checking whether pthreads work without any flags
configure:4637: gcc -o conftest -g -O2 -fdebug-prefix-map=/<<PKGBUILDDIR>>=. -fstack-protector-strong -Wformat -Werror=format-security  -Wdate-time -D_FORTIFY_SOURCE=2 -Wl,-z,relro conftest.c   >&5
conftest.c:15:41: warning: null passed to a callee that requires a non-null argument [-Wnonnull]
                     pthread_attr_init(0); pthread_cleanup_push(0, 0);
                                       ~^
conftest.c:16:44: warning: null passed to a callee that requires a non-null argument [-Wnonnull]
                     pthread_create(0,0,0,0); pthread_cleanup_pop(0);
                                    ~      ^
conftest.c:16:44: warning: null passed to a callee that requires a non-null argument [-Wnonnull]
                     pthread_create(0,0,0,0); pthread_cleanup_pop(0);
                                        ~  ^
3 warnings generated.
/tmp/conftest-baa8a0.o: In function `main':
./conftest.c:14: undefined reference to `pthread_join'
./conftest.c:15: undefined reference to `__pthread_register_cancel'
./conftest.c:16: undefined reference to `pthread_create'
./conftest.c:16: undefined reference to `__pthread_unregister_cancel'
clang: error: linker command failed with exit code 1 (use -v to see invocation)
configure:4637: $? = 1
configure: failed program was:
| /* confdefs.h */
| #define PACKAGE_NAME "auth-ldap"
| #define PACKAGE_TARNAME "auth-ldap"
| #define PACKAGE_VERSION "2.0"
| #define PACKAGE_STRING "auth-ldap 2.0"
| #define PACKAGE_BUGREPORT "landonf@opendarwin.org"
| #define PACKAGE_URL ""
| #define STDC_HEADERS 1
| /* end confdefs.h.  */
| #include <pthread.h>
| int
| main ()
| {
| pthread_t th; pthread_join(th, 0);
|                      pthread_attr_init(0); pthread_cleanup_push(0, 0);
|                      pthread_create(0,0,0,0); pthread_cleanup_pop(0);
|   ;
|   return 0;
| }
configure:4646: result: no
configure:4554: checking whether pthreads work with -Kthread
configure:4637: gcc -o conftest -g -O2 -fdebug-prefix-map=/<<PKGBUILDDIR>>=. -fstack-protector-strong -Wformat -Werror=format-security -Kthread -Wdate-time -D_FORTIFY_SOURCE=2 -Wl,-z,relro conftest.c   >&5
clang: error: unknown argument: '-Kthread'
configure:4637: $? = 1
configure: failed program was:
| /* confdefs.h */
| #define PACKAGE_NAME "auth-ldap"
| #define PACKAGE_TARNAME "auth-ldap"
| #define PACKAGE_VERSION "2.0"
| #define PACKAGE_STRING "auth-ldap 2.0"
| #define PACKAGE_BUGREPORT "landonf@opendarwin.org"
| #define PACKAGE_URL ""
| #define STDC_HEADERS 1
| /* end confdefs.h.  */
| #include <pthread.h>
| int
| main ()
| {
| pthread_t th; pthread_join(th, 0);
|                      pthread_attr_init(0); pthread_cleanup_push(0, 0);
|                      pthread_create(0,0,0,0); pthread_cleanup_pop(0);
|   ;
|   return 0;
| }
configure:4646: result: no
configure:4554: checking whether pthreads work with -kthread
configure:4637: gcc -o conftest -g -O2 -fdebug-prefix-map=/<<PKGBUILDDIR>>=. -fstack-protector-strong -Wformat -Werror=format-security -kthread -Wdate-time -D_FORTIFY_SOURCE=2 -Wl,-z,relro conftest.c   >&5
clang: error: unknown argument: '-kthread'
configure:4637: $? = 1
configure: failed program was:
| /* confdefs.h */
| #define PACKAGE_NAME "auth-ldap"
| #define PACKAGE_TARNAME "auth-ldap"
| #define PACKAGE_VERSION "2.0"
| #define PACKAGE_STRING "auth-ldap 2.0"
| #define PACKAGE_BUGREPORT "landonf@opendarwin.org"
| #define PACKAGE_URL ""
| #define STDC_HEADERS 1
| /* end confdefs.h.  */
| #include <pthread.h>
| int
| main ()
| {
| pthread_t th; pthread_join(th, 0);
|                      pthread_attr_init(0); pthread_cleanup_push(0, 0);
|                      pthread_create(0,0,0,0); pthread_cleanup_pop(0);
|   ;
|   return 0;
| }
configure:4646: result: no
configure:4604: checking for the pthreads library -llthread
configure:4637: gcc -o conftest -g -O2 -fdebug-prefix-map=/<<PKGBUILDDIR>>=. -fstack-protector-strong -Wformat -Werror=format-security  -Wdate-time -D_FORTIFY_SOURCE=2 -Wl,-z,relro conftest.c -llthread  >&5
conftest.c:15:41: warning: null passed to a callee that requires a non-null argument [-Wnonnull]
                     pthread_attr_init(0); pthread_cleanup_push(0, 0);
                                       ~^
conftest.c:16:44: warning: null passed to a callee that requires a non-null argument [-Wnonnull]
                     pthread_create(0,0,0,0); pthread_cleanup_pop(0);
                                    ~      ^
conftest.c:16:44: warning: null passed to a callee that requires a non-null argument [-Wnonnull]
                     pthread_create(0,0,0,0); pthread_cleanup_pop(0);
                                        ~  ^
3 warnings generated.
/usr/bin/ld: cannot find -llthread
clang: error: linker command failed with exit code 1 (use -v to see invocation)
configure:4637: $? = 1
configure: failed program was:
| /* confdefs.h */
| #define PACKAGE_NAME "auth-ldap"
| #define PACKAGE_TARNAME "auth-ldap"
| #define PACKAGE_VERSION "2.0"
| #define PACKAGE_STRING "auth-ldap 2.0"
| #define PACKAGE_BUGREPORT "landonf@opendarwin.org"
| #define PACKAGE_URL ""
| #define STDC_HEADERS 1
| /* end confdefs.h.  */
| #include <pthread.h>
| int
| main ()
| {
| pthread_t th; pthread_join(th, 0);
|                      pthread_attr_init(0); pthread_cleanup_push(0, 0);
|                      pthread_create(0,0,0,0); pthread_cleanup_pop(0);
|   ;
|   return 0;
| }
configure:4646: result: no
configure:4554: checking whether pthreads work with -pthread
configure:4637: gcc -o conftest -g -O2 -fdebug-prefix-map=/<<PKGBUILDDIR>>=. -fstack-protector-strong -Wformat -Werror=format-security -pthread -Wdate-time -D_FORTIFY_SOURCE=2 -Wl,-z,relro conftest.c   >&5
conftest.c:15:41: warning: null passed to a callee that requires a non-null argument [-Wnonnull]
                     pthread_attr_init(0); pthread_cleanup_push(0, 0);
                                       ~^
conftest.c:16:44: warning: null passed to a callee that requires a non-null argument [-Wnonnull]
                     pthread_create(0,0,0,0); pthread_cleanup_pop(0);
                                    ~      ^
conftest.c:16:44: warning: null passed to a callee that requires a non-null argument [-Wnonnull]
                     pthread_create(0,0,0,0); pthread_cleanup_pop(0);
                                        ~  ^
3 warnings generated.
configure:4637: $? = 0
configure:4646: result: yes
configure:4665: checking for joinable pthread attribute
configure:4680: gcc -o conftest -g -O2 -fdebug-prefix-map=/<<PKGBUILDDIR>>=. -fstack-protector-strong -Wformat -Werror=format-security -pthread -Wdate-time -D_FORTIFY_SOURCE=2 -Wl,-z,relro conftest.c   >&5
configure:4680: $? = 0
configure:4686: result: PTHREAD_CREATE_JOINABLE
configure:4696: checking if more special flags are required for pthreads
configure:4703: result: no
configure:4865: checking for BSD pf(4) support
configure:4892: gcc -o conftest -g -O2 -fdebug-prefix-map=/<<PKGBUILDDIR>>=. -fstack-protector-strong -Wformat -Werror=format-security -Wdate-time -D_FORTIFY_SOURCE=2 -export-dynamic conftest.c  >&5
clang: warning: argument unused during compilation: '-e xport-dynamic' [-Wunused-command-line-argument]
conftest.c:17:16: fatal error: 'net/pfvar.h' file not found
                                                #include <net/pfvar.h>
                                                         ^~~~~~~~~~~~~
1 error generated.
configure:4892: $? = 1
configure: failed program was:
| /* confdefs.h */
| #define PACKAGE_NAME "auth-ldap"
| #define PACKAGE_TARNAME "auth-ldap"
| #define PACKAGE_VERSION "2.0"
| #define PACKAGE_STRING "auth-ldap 2.0"
| #define PACKAGE_BUGREPORT "landonf@opendarwin.org"
| #define PACKAGE_URL ""
| #define STDC_HEADERS 1
| #define HAVE_PTHREAD 1
| /* end confdefs.h.  */
| 
| 
| 						#include <sys/types.h>
| 						#include <sys/ioctl.h>
| 						#include <sys/socket.h>
| 						#include <net/if.h>
| 						#include <net/pfvar.h>
| 
| int
| main ()
| {
| 
| 						unsigned long req = DIOCRCLRTABLES;
| 
|   ;
|   return 0;
| }
| 
configure:4909: result: no
configure:4913: WARNING: pf(4) table support will not be included.
configure:5013: checking for strlcpy
configure:5013: gcc -o conftest -g -O2 -fdebug-prefix-map=/<<PKGBUILDDIR>>=. -fstack-protector-strong -Wformat -Werror=format-security -Wdate-time -D_FORTIFY_SOURCE=2 -export-dynamic conftest.c  >&5
clang: warning: argument unused during compilation: '-e xport-dynamic' [-Wunused-command-line-argument]
/tmp/conftest-23c98f.o: In function `main':
./conftest.c:45: undefined reference to `strlcpy'
clang: error: linker command failed with exit code 1 (use -v to see invocation)
configure:5013: $? = 1
configure: failed program was:
| /* confdefs.h */
| #define PACKAGE_NAME "auth-ldap"
| #define PACKAGE_TARNAME "auth-ldap"
| #define PACKAGE_VERSION "2.0"
| #define PACKAGE_STRING "auth-ldap 2.0"
| #define PACKAGE_BUGREPORT "landonf@opendarwin.org"
| #define PACKAGE_URL ""
| #define STDC_HEADERS 1
| #define HAVE_PTHREAD 1
| /* end confdefs.h.  */
| /* Define strlcpy to an innocuous variant, in case <limits.h> declares strlcpy.
|    For example, HP-UX 11i <limits.h> declares gettimeofday.  */
| #define strlcpy innocuous_strlcpy
| 
| /* System header to define __stub macros and hopefully few prototypes,
|     which can conflict with char strlcpy (); below.
|     Prefer <limits.h> to <assert.h> if __STDC__ is defined, since
|     <limits.h> exists even on freestanding compilers.  */
| 
| #ifdef __STDC__
| # include <limits.h>
| #else
| # include <assert.h>
| #endif
| 
| #undef strlcpy
| 
| /* Override any GCC internal prototype to avoid an error.
|    Use char because int might match the return type of a GCC
|    builtin and then its argument prototype would still apply.  */
| #ifdef __cplusplus
| extern "C"
| #endif
| char strlcpy ();
| /* The GNU C library defines this for functions which it implements
|     to always fail with ENOSYS.  Some functions are actually named
|     something starting with __ and the normal name is an alias.  */
| #if defined __stub_strlcpy || defined __stub___strlcpy
| choke me
| #endif
| 
| int
| main ()
| {
| return strlcpy ();
|   ;
|   return 0;
| }
configure:5013: result: no
configure:5136: checking for openldap
configure:5160: gcc -o conftest -g -O2 -fdebug-prefix-map=/<<PKGBUILDDIR>>=. -fstack-protector-strong -Wformat -Werror=format-security  -Wdate-time -D_FORTIFY_SOURCE=2 -export-dynamic conftest.c  -lldap -llber >&5
clang: warning: argument unused during compilation: '-e xport-dynamic' [-Wunused-command-line-argument]
configure:5160: $? = 0
configure:5177: result: yes
configure:5210: checking for check unit test library
configure:5242: gcc -o conftest -g -O2 -fdebug-prefix-map=/<<PKGBUILDDIR>>=. -fstack-protector-strong -Wformat -Werror=format-security  -Wdate-time -D_FORTIFY_SOURCE=2 -export-dynamic conftest.c -lcheck  >&5
clang: warning: argument unused during compilation: '-e xport-dynamic' [-Wunused-command-line-argument]
conftest.c:13:15: fatal error: 'check.h' file not found
                                        #include <check.h>
                                                 ^~~~~~~~~
1 error generated.
configure:5242: $? = 1
configure: failed program was:
| /* confdefs.h */
| #define PACKAGE_NAME "auth-ldap"
| #define PACKAGE_TARNAME "auth-ldap"
| #define PACKAGE_VERSION "2.0"
| #define PACKAGE_STRING "auth-ldap 2.0"
| #define PACKAGE_BUGREPORT "landonf@opendarwin.org"
| #define PACKAGE_URL ""
| #define STDC_HEADERS 1
| #define HAVE_PTHREAD 1
| /* end confdefs.h.  */
| 
| 
| 					#include <check.h>
| 
| int
| main ()
| {
| 
| 					Suite *s;
| 					SRunner *sr;
| 
|   ;
|   return 0;
| }
| 
configure:5262: result: no
configure:5269: WARNING: Check library not found. Unit tests will not be built or run.
configure:5300: checking for openvpn-plugin.h
configure:5323: gcc -o conftest -g -O2 -fdebug-prefix-map=/<<PKGBUILDDIR>>=. -fstack-protector-strong -Wformat -Werror=format-security -I/usr/include/openvpn -Wdate-time -D_FORTIFY_SOURCE=2 -export-dynamic conftest.c  >&5
clang: warning: argument unused during compilation: '-e xport-dynamic' [-Wunused-command-line-argument]
configure:5323: $? = 0
configure:5340: result: yes
configure:5364: checking how to run the Objective C preprocessor
configure:5391: gcc -E -Wdate-time -D_FORTIFY_SOURCE=2 conftest.m
configure:5391: $? = 0
configure:5405: gcc -E -Wdate-time -D_FORTIFY_SOURCE=2 conftest.m
conftest.m:11:10: fatal error: 'ac_nonexistent.h' file not found
#include <ac_nonexistent.h>
         ^~~~~~~~~~~~~~~~~~
1 error generated.
configure:5405: $? = 1
configure: failed program was:
| /* confdefs.h */
| #define PACKAGE_NAME "auth-ldap"
| #define PACKAGE_TARNAME "auth-ldap"
| #define PACKAGE_VERSION "2.0"
| #define PACKAGE_STRING "auth-ldap 2.0"
| #define PACKAGE_BUGREPORT "landonf@opendarwin.org"
| #define PACKAGE_URL ""
| #define STDC_HEADERS 1
| #define HAVE_PTHREAD 1
| /* end confdefs.h.  */
| #include <ac_nonexistent.h>
configure:5430: result: gcc -E
configure:5450: gcc -E -Wdate-time -D_FORTIFY_SOURCE=2 conftest.m
configure:5450: $? = 0
configure:5464: gcc -E -Wdate-time -D_FORTIFY_SOURCE=2 conftest.m
conftest.m:11:10: fatal error: 'ac_nonexistent.h' file not found
#include <ac_nonexistent.h>
         ^~~~~~~~~~~~~~~~~~
1 error generated.
configure:5464: $? = 1
configure: failed program was:
| /* confdefs.h */
| #define PACKAGE_NAME "auth-ldap"
| #define PACKAGE_TARNAME "auth-ldap"
| #define PACKAGE_VERSION "2.0"
| #define PACKAGE_STRING "auth-ldap 2.0"
| #define PACKAGE_BUGREPORT "landonf@opendarwin.org"
| #define PACKAGE_URL ""
| #define STDC_HEADERS 1
| #define HAVE_PTHREAD 1
| /* end confdefs.h.  */
| #include <ac_nonexistent.h>
configure:5498: checking for sys/types.h
configure:5498: gcc -c -g -O2 -fdebug-prefix-map=/<<PKGBUILDDIR>>=. -fstack-protector-strong -Wformat -Werror=format-security -Wdate-time -D_FORTIFY_SOURCE=2 conftest.m >&5
configure:5498: $? = 0
configure:5498: result: yes
configure:5498: checking for sys/stat.h
configure:5498: gcc -c -g -O2 -fdebug-prefix-map=/<<PKGBUILDDIR>>=. -fstack-protector-strong -Wformat -Werror=format-security -Wdate-time -D_FORTIFY_SOURCE=2 conftest.m >&5
configure:5498: $? = 0
configure:5498: result: yes
configure:5498: checking for stdlib.h
configure:5498: gcc -c -g -O2 -fdebug-prefix-map=/<<PKGBUILDDIR>>=. -fstack-protector-strong -Wformat -Werror=format-security -Wdate-time -D_FORTIFY_SOURCE=2 conftest.m >&5
configure:5498: $? = 0
configure:5498: result: yes
configure:5498: checking for string.h
configure:5498: gcc -c -g -O2 -fdebug-prefix-map=/<<PKGBUILDDIR>>=. -fstack-protector-strong -Wformat -Werror=format-security -Wdate-time -D_FORTIFY_SOURCE=2 conftest.m >&5
configure:5498: $? = 0
configure:5498: result: yes
configure:5498: checking for memory.h
configure:5498: gcc -c -g -O2 -fdebug-prefix-map=/<<PKGBUILDDIR>>=. -fstack-protector-strong -Wformat -Werror=format-security -Wdate-time -D_FORTIFY_SOURCE=2 conftest.m >&5
configure:5498: $? = 0
configure:5498: result: yes
configure:5498: checking for strings.h
configure:5498: gcc -c -g -O2 -fdebug-prefix-map=/<<PKGBUILDDIR>>=. -fstack-protector-strong -Wformat -Werror=format-security -Wdate-time -D_FORTIFY_SOURCE=2 conftest.m >&5
configure:5498: $? = 0
configure:5498: result: yes
configure:5498: checking for inttypes.h
configure:5498: gcc -c -g -O2 -fdebug-prefix-map=/<<PKGBUILDDIR>>=. -fstack-protector-strong -Wformat -Werror=format-security -Wdate-time -D_FORTIFY_SOURCE=2 conftest.m >&5
configure:5498: $? = 0
configure:5498: result: yes
configure:5498: checking for stdint.h
configure:5498: gcc -c -g -O2 -fdebug-prefix-map=/<<PKGBUILDDIR>>=. -fstack-protector-strong -Wformat -Werror=format-security -Wdate-time -D_FORTIFY_SOURCE=2 conftest.m >&5
configure:5498: $? = 0
configure:5498: result: yes
configure:5498: checking for unistd.h
configure:5498: gcc -c -g -O2 -fdebug-prefix-map=/<<PKGBUILDDIR>>=. -fstack-protector-strong -Wformat -Werror=format-security -Wdate-time -D_FORTIFY_SOURCE=2 conftest.m >&5
configure:5498: $? = 0
configure:5498: result: yes
configure:5543: checking objc/objc.h usability
configure:5543: gcc -c -g -O2 -fdebug-prefix-map=/<<PKGBUILDDIR>>=. -fstack-protector-strong -Wformat -Werror=format-security -Wdate-time -D_FORTIFY_SOURCE=2 conftest.m >&5
conftest.m:53:10: fatal error: 'objc/objc.h' file not found
#include <objc/objc.h>
         ^~~~~~~~~~~~~
1 error generated.
configure:5543: $? = 1
configure: failed program was:
| /* confdefs.h */
| #define PACKAGE_NAME "auth-ldap"
| #define PACKAGE_TARNAME "auth-ldap"
| #define PACKAGE_VERSION "2.0"
| #define PACKAGE_STRING "auth-ldap 2.0"
| #define PACKAGE_BUGREPORT "landonf@opendarwin.org"
| #define PACKAGE_URL ""
| #define STDC_HEADERS 1
| #define HAVE_PTHREAD 1
| #define HAVE_SYS_TYPES_H 1
| #define HAVE_SYS_STAT_H 1
| #define HAVE_STDLIB_H 1
| #define HAVE_STRING_H 1
| #define HAVE_MEMORY_H 1
| #define HAVE_STRINGS_H 1
| #define HAVE_INTTYPES_H 1
| #define HAVE_STDINT_H 1
| #define HAVE_UNISTD_H 1
| /* end confdefs.h.  */
| #include <stdio.h>
| #ifdef HAVE_SYS_TYPES_H
| # include <sys/types.h>
| #endif
| #ifdef HAVE_SYS_STAT_H
| # include <sys/stat.h>
| #endif
| #ifdef STDC_HEADERS
| # include <stdlib.h>
| # include <stddef.h>
| #else
| # ifdef HAVE_STDLIB_H
| #  include <stdlib.h>
| # endif
| #endif
| #ifdef HAVE_STRING_H
| # if !defined STDC_HEADERS && defined HAVE_MEMORY_H
| #  include <memory.h>
| # endif
| # include <string.h>
| #endif
| #ifdef HAVE_STRINGS_H
| # include <strings.h>
| #endif
| #ifdef HAVE_INTTYPES_H
| # include <inttypes.h>
| #endif
| #ifdef HAVE_STDINT_H
| # include <stdint.h>
| #endif
| #ifdef HAVE_UNISTD_H
| # include <unistd.h>
| #endif
| #include <objc/objc.h>
configure:5543: result: no
configure:5543: checking objc/objc.h presence
configure:5543: gcc -E -Wdate-time -D_FORTIFY_SOURCE=2 conftest.m
conftest.m:20:10: fatal error: 'objc/objc.h' file not found
#include <objc/objc.h>
         ^~~~~~~~~~~~~
1 error generated.
configure:5543: $? = 1
configure: failed program was:
| /* confdefs.h */
| #define PACKAGE_NAME "auth-ldap"
| #define PACKAGE_TARNAME "auth-ldap"
| #define PACKAGE_VERSION "2.0"
| #define PACKAGE_STRING "auth-ldap 2.0"
| #define PACKAGE_BUGREPORT "landonf@opendarwin.org"
| #define PACKAGE_URL ""
| #define STDC_HEADERS 1
| #define HAVE_PTHREAD 1
| #define HAVE_SYS_TYPES_H 1
| #define HAVE_SYS_STAT_H 1
| #define HAVE_STDLIB_H 1
| #define HAVE_STRING_H 1
| #define HAVE_MEMORY_H 1
| #define HAVE_STRINGS_H 1
| #define HAVE_INTTYPES_H 1
| #define HAVE_STDINT_H 1
| #define HAVE_UNISTD_H 1
| /* end confdefs.h.  */
| #include <objc/objc.h>
configure:5543: result: no
configure:5543: checking for objc/objc.h
configure:5543: result: no
configure:5550: error: Can't locate Objective C runtime headers

## ---------------- ##
## Cache variables. ##
## ---------------- ##

ac_cv_build=x86_64-pc-linux-gnu
ac_cv_c_compiler_gnu=yes
ac_cv_env_CC_set=
ac_cv_env_CC_value=
ac_cv_env_CFLAGS_set=set
ac_cv_env_CFLAGS_value='-g -O2 -fdebug-prefix-map=/<<PKGBUILDDIR>>=. -fstack-protector-strong -Wformat -Werror=format-security'
ac_cv_env_CPPFLAGS_set=set
ac_cv_env_CPPFLAGS_value='-Wdate-time -D_FORTIFY_SOURCE=2'
ac_cv_env_CPP_set=
ac_cv_env_CPP_value=
ac_cv_env_LDFLAGS_set=set
ac_cv_env_LDFLAGS_value=-Wl,-z,relro
ac_cv_env_LIBS_set=
ac_cv_env_LIBS_value=
ac_cv_env_OBJCFLAGS_set=set
ac_cv_env_OBJCFLAGS_value='-g -O2 -fdebug-prefix-map=/<<PKGBUILDDIR>>=. -fstack-protector-strong -Wformat -Werror=format-security'
ac_cv_env_OBJCPP_set=
ac_cv_env_OBJCPP_value=
ac_cv_env_OBJC_set=
ac_cv_env_OBJC_value=
ac_cv_env_build_alias_set=set
ac_cv_env_build_alias_value=x86_64-linux-gnu
ac_cv_env_host_alias_set=
ac_cv_env_host_alias_value=
ac_cv_env_target_alias_set=
ac_cv_env_target_alias_value=
ac_cv_func_strlcpy=no
ac_cv_header_inttypes_h=yes
ac_cv_header_memory_h=yes
ac_cv_header_objc_objc_h=no
ac_cv_header_stdc=yes
ac_cv_header_stdint_h=yes
ac_cv_header_stdlib_h=yes
ac_cv_header_string_h=yes
ac_cv_header_strings_h=yes
ac_cv_header_sys_stat_h=yes
ac_cv_header_sys_types_h=yes
ac_cv_header_unistd_h=yes
ac_cv_host=x86_64-pc-linux-gnu
ac_cv_objc_compiler_gnu=yes
ac_cv_objext=o
ac_cv_path_DOT=no
ac_cv_path_DOXYGEN=no
ac_cv_path_EGREP='/bin/grep -E'
ac_cv_path_GREP=/bin/grep
ac_cv_path_RE2C=/usr/bin/re2c
ac_cv_path_install='/usr/bin/install -c'
ac_cv_prog_CPP='gcc -E'
ac_cv_prog_OBJCPP='gcc -E'
ac_cv_prog_ac_ct_CC=gcc
ac_cv_prog_ac_ct_OBJC=gcc
ac_cv_prog_cc_c89=
ac_cv_prog_cc_g=yes
ac_cv_prog_make_make_set=yes
ac_cv_prog_objc_g=yes
ac_cv_target=x86_64-pc-linux-gnu
od_cv_libcheck=no
od_cv_openldap=yes
od_cv_openvpn=yes
tr_cv_pf_ioctl=no

## ----------------- ##
## Output variables. ##
## ----------------- ##

CC='gcc'
CFLAGS='-g -O2 -fdebug-prefix-map=/<<PKGBUILDDIR>>=. -fstack-protector-strong -Wformat -Werror=format-security'
CHECK_CFLAGS=''
CHECK_DIRS=''
CHECK_LIBS='-lcheck'
CLEAN_PLUGIN='rm -f ${PLUGIN_FILE}'
CPP='gcc -E'
CPPFLAGS='-Wdate-time -D_FORTIFY_SOURCE=2'
DEFS=''
DOT='no'
DOTDIR=''
DOXYGEN='false'
ECHO_C=''
ECHO_N='-n'
ECHO_T=''
EGREP='/bin/grep -E'
EXEEXT=''
GREP='/bin/grep'
INSTALL_DATA='${INSTALL} -m 644'
INSTALL_PLUGIN='$(INSTALL_LIB) $(PLUGIN_FILE) $(PLUGIN_INSTALL_DIR)/$(PLUGIN_FILE)'
INSTALL_PROGRAM='${INSTALL}'
INSTALL_SCRIPT='${INSTALL}'
LDAP_CFLAGS=''
LDAP_LIBS='-lldap -llber'
LDFLAGS='-export-dynamic'
LIBOBJS=''
LIBS=''
LN_S='ln -s'
LTLIBOBJS=''
MAKE_PLUGIN='${PLUGIN_LD} -o $@ ${PLUGIN_LD_FLAGS} ${PLUGIN_OBJS} ${LIBS}'
OBJC='gcc'
OBJCFLAGS='-g -O2 -fdebug-prefix-map=/<<PKGBUILDDIR>>=. -fstack-protector-strong -Wformat -Werror=format-security'
OBJCPP='gcc -E'
OBJC_LIBS=''
OBJC_PTHREAD_CFLAGS=''
OBJC_PTHREAD_LIBS=''
OBJC_RUNTIME=''
OBJC_RUNTIME_FLAGS=''
OBJEXT='o'
OPENVPN_CFLAGS='-I/usr/include/openvpn'
PACKAGE_BUGREPORT='landonf@opendarwin.org'
PACKAGE_NAME='auth-ldap'
PACKAGE_STRING='auth-ldap 2.0'
PACKAGE_TARNAME='auth-ldap'
PACKAGE_URL=''
PACKAGE_VERSION='2.0'
PATH_SEPARATOR=':'
PLUGIN_CFLAGS='-fPIC'
PLUGIN_FILE='${PLUGIN_NAME}${PLUGIN_SUFFIX}'
PLUGIN_LD='gcc -shared'
PLUGIN_LD_FLAGS=''
PLUGIN_SUFFIX='.so'
PTHREAD_CFLAGS='-pthread'
PTHREAD_LIBS=''
RE2C='/usr/bin/re2c'
SET_MAKE=''
SHELL='/bin/bash'
ac_ct_CC='gcc'
ac_ct_OBJC='gcc'
acx_pthread_config=''
bindir='${exec_prefix}/bin'
build='x86_64-pc-linux-gnu'
build_alias='x86_64-linux-gnu'
build_cpu='x86_64'
build_os='linux-gnu'
build_vendor='pc'
datadir='${datarootdir}'
datarootdir='${prefix}/share'
docdir='${datarootdir}/doc/${PACKAGE_TARNAME}'
dvidir='${docdir}'
exec_prefix='NONE'
have_gs_config=''
host='x86_64-pc-linux-gnu'
host_alias=''
host_cpu='x86_64'
host_os='linux-gnu'
host_vendor='pc'
htmldir='${docdir}'
includedir='${prefix}/include'
infodir='${prefix}/share/info'
libdir='${exec_prefix}/lib'
libexecdir='${prefix}/lib/openvpn-auth-ldap'
localedir='${datarootdir}/locale'
localstatedir='/var'
mandir='${prefix}/share/man'
oldincludedir='/usr/include'
pdfdir='${docdir}'
prefix='/usr'
program_transform_name='s,x,x,'
psdir='${docdir}'
runstatedir='${localstatedir}/run'
sbindir='${exec_prefix}/sbin'
sharedstatedir='${prefix}/com'
sysconfdir='/etc'
target='x86_64-pc-linux-gnu'
target_alias=''
target_cpu='x86_64'
target_os='linux-gnu'
target_vendor='pc'

## ----------- ##
## confdefs.h. ##
## ----------- ##

/* confdefs.h */
#define PACKAGE_NAME "auth-ldap"
#define PACKAGE_TARNAME "auth-ldap"
#define PACKAGE_VERSION "2.0"
#define PACKAGE_STRING "auth-ldap 2.0"
#define PACKAGE_BUGREPORT "landonf@opendarwin.org"
#define PACKAGE_URL ""
#define STDC_HEADERS 1
#define HAVE_PTHREAD 1
#define HAVE_SYS_TYPES_H 1
#define HAVE_SYS_STAT_H 1
#define HAVE_STDLIB_H 1
#define HAVE_STRING_H 1
#define HAVE_MEMORY_H 1
#define HAVE_STRINGS_H 1
#define HAVE_INTTYPES_H 1
#define HAVE_STDINT_H 1
#define HAVE_UNISTD_H 1

configure: exit 1
dh_auto_configure: ./configure --build=x86_64-linux-gnu --prefix=/usr --includedir=${prefix}/include --mandir=${prefix}/share/man --infodir=${prefix}/share/info --sysconfdir=/etc --localstatedir=/var --disable-silent-rules --libexecdir=${prefix}/lib/openvpn-auth-ldap --disable-maintainer-mode --disable-dependency-tracking CFLAGS=-g -O2 -fdebug-prefix-map=/<<PKGBUILDDIR>>=. -fstack-protector-strong -Wformat -Werror=format-security CPPFLAGS=-Wdate-time -D_FORTIFY_SOURCE=2 CXXFLAGS=-g -O2 -fdebug-prefix-map=/<<PKGBUILDDIR>>=. -fstack-protector-strong -Wformat -Werror=format-security FCFLAGS=-g -O2 -fdebug-prefix-map=/<<PKGBUILDDIR>>=. -fstack-protector-strong FFLAGS=-g -O2 -fdebug-prefix-map=/<<PKGBUILDDIR>>=. -fstack-protector-strong GCJFLAGS=-g -O2 -fdebug-prefix-map=/<<PKGBUILDDIR>>=. -fstack-protector-strong LDFLAGS=-Wl,-z,relro OBJCFLAGS=-g -O2 -fdebug-prefix-map=/<<PKGBUILDDIR>>=. -fstack-protector-strong -Wformat -Werror=format-security OBJCXXFLAGS=-g -O2 -fdebug-prefix-map=/<<PKGBUILDDIR>>=. -fstack-protector-strong -Wformat -Werror=format-security --prefix=/usr --with-openvpn=/usr/include/openvpn --with-objc-runtime=modern returned exit code 1
debian/rules:7: recipe for target 'override_dh_auto_configure' failed
make[1]: *** [override_dh_auto_configure] Error 25
make[1]: Leaving directory '/<<PKGBUILDDIR>>'
debian/rules:4: recipe for target 'build-arch' failed
make: *** [build-arch] Error 2
dpkg-buildpackage: error: debian/rules build-arch gave error exit status 2
--------------------------------------------------------------------------------
Build finished at 2017-07-06T19:51:14Z

Finished
--------


+------------------------------------------------------------------------------+
| Cleanup                                                                      |
+------------------------------------------------------------------------------+

Purging /<<BUILDDIR>>
Not cleaning session: cloned chroot in use
E: Build failure (dpkg-buildpackage died)

+------------------------------------------------------------------------------+
| Summary                                                                      |
+------------------------------------------------------------------------------+

Build Architecture: amd64
Build Type: any
Build-Space: 1852
Build-Time: 4
Distribution: unstable
Fail-Stage: build
Host Architecture: amd64
Install-Time: 10
Job: openvpn-auth-ldap_2.0.3-6.1
Machine Architecture: amd64
Package: openvpn-auth-ldap
Package-Time: 32
Source-Version: 2.0.3-6.1
Space: 1852
Status: attempted
Version: 2.0.3-6.1
--------------------------------------------------------------------------------
Finished at 2017-07-06T19:51:14Z
Build needed 00:00:32, 1852k disk space
E: Build failure (dpkg-buildpackage died)
DC-Status: Failed 32.847383423s
DC-Time-Estimation: 32.847383423 versus expected 408 (r/m: 11.421080691447562 ; m: 32.847383423)
