DC-Build-Header: orthanc-wsi 0.4+dfsg-2 / 2017-07-06 15:38:53 +0000
DC-Task: type:rebuild-binarch-only source:orthanc-wsi version:0.4+dfsg-2 chroot:unstable esttime: logfile:/tmp/orthanc-wsi_0.4+dfsg-2_unstable_clang5.0.log modes:clang50:binarch-only
DC-Sbuild-call: su user42 -c 'sbuild -n --arch-any --apt-update -d unstable -v  --chroot-setup-commands=/tmp/clang50 orthanc-wsi_0.4+dfsg-2'
sbuild (Debian sbuild) 0.73.0 (23 Dec 2016) on ip-172-31-35-39.eu-central-1.compute.internal

+==============================================================================+
| orthanc-wsi 0.4+dfsg-2 (amd64)               Thu, 06 Jul 2017 15:38:53 +0000 |
+==============================================================================+

Package: orthanc-wsi
Version: 0.4+dfsg-2
Source Version: 0.4+dfsg-2
Distribution: unstable
Machine Architecture: amd64
Host Architecture: amd64
Build Architecture: amd64
Build Type: any

I: NOTICE: Log filtering will replace 'var/run/schroot/mount/unstable-amd64-sbuild-36a7bca7-44ef-4004-80c7-8d8a8298b4a5' with '<<CHROOT>>'

+------------------------------------------------------------------------------+
| Chroot Setup Commands                                                        |
+------------------------------------------------------------------------------+


/tmp/clang50
------------

+ echo 'Entering customization script...'
Entering customization script...
+ CLANG_VERSION=5.0
+ echo 'Install of clang-5.0'
Install of clang-5.0
+ apt-get update
Get:1 http://127.0.0.1:9999/debian unstable InRelease [255 kB]
Get:2 http://127.0.0.1:9999/debian unstable/main Sources.diff/Index [27.9 kB]
Get:3 http://127.0.0.1:9999/debian unstable/main amd64 Packages.diff/Index [27.9 kB]
Get:4 http://127.0.0.1:9999/debian unstable/main Translation-en.diff/Index [27.9 kB]
Get:5 http://127.0.0.1:9999/debian unstable/main Sources 2017-07-02-0216.39.pdiff [15.0 kB]
Get:6 http://127.0.0.1:9999/debian unstable/main Sources 2017-07-02-0817.00.pdiff [7416 B]
Get:7 http://127.0.0.1:9999/debian unstable/main Sources 2017-07-02-1415.16.pdiff [17.0 kB]
Get:8 http://127.0.0.1:9999/debian unstable/main Sources 2017-07-02-2015.53.pdiff [15.2 kB]
Get:9 http://127.0.0.1:9999/debian unstable/main Sources 2017-07-03-0215.43.pdiff [50.2 kB]
Get:10 http://127.0.0.1:9999/debian unstable/main Sources 2017-07-03-0815.58.pdiff [5500 B]
Get:11 http://127.0.0.1:9999/debian unstable/main Sources 2017-07-03-1420.59.pdiff [15.8 kB]
Get:12 http://127.0.0.1:9999/debian unstable/main Sources 2017-07-03-2015.52.pdiff [15.6 kB]
Get:13 http://127.0.0.1:9999/debian unstable/main Sources 2017-07-04-0215.56.pdiff [7165 B]
Get:14 http://127.0.0.1:9999/debian unstable/main Sources 2017-07-04-0817.36.pdiff [8303 B]
Get:15 http://127.0.0.1:9999/debian unstable/main Sources 2017-07-04-1416.28.pdiff [11.7 kB]
Get:16 http://127.0.0.1:9999/debian unstable/main Sources 2017-07-04-2017.16.pdiff [12.7 kB]
Get:17 http://127.0.0.1:9999/debian unstable/main Sources 2017-07-05-0215.45.pdiff [7714 B]
Get:18 http://127.0.0.1:9999/debian unstable/main Sources 2017-07-05-0817.10.pdiff [6491 B]
Get:19 http://127.0.0.1:9999/debian unstable/main Sources 2017-07-05-1416.09.pdiff [13.0 kB]
Get:20 http://127.0.0.1:9999/debian unstable/main Sources 2017-07-05-2019.56.pdiff [14.2 kB]
Get:21 http://127.0.0.1:9999/debian unstable/main Sources 2017-07-06-0216.07.pdiff [9132 B]
Get:22 http://127.0.0.1:9999/debian unstable/main Sources 2017-07-06-0817.23.pdiff [16.8 kB]
Get:23 http://127.0.0.1:9999/debian unstable/main amd64 Packages 2017-07-02-0216.39.pdiff [31.6 kB]
Get:24 http://127.0.0.1:9999/debian unstable/main amd64 Packages 2017-07-02-0817.00.pdiff [12.0 kB]
Get:25 http://127.0.0.1:9999/debian unstable/main amd64 Packages 2017-07-02-1415.16.pdiff [11.6 kB]
Get:26 http://127.0.0.1:9999/debian unstable/main amd64 Packages 2017-07-02-2015.53.pdiff [12.9 kB]
Get:27 http://127.0.0.1:9999/debian unstable/main amd64 Packages 2017-07-03-0215.43.pdiff [63.1 kB]
Get:28 http://127.0.0.1:9999/debian unstable/main amd64 Packages 2017-07-03-0815.58.pdiff [23.3 kB]
Get:29 http://127.0.0.1:9999/debian unstable/main amd64 Packages 2017-07-03-1420.59.pdiff [40.0 kB]
Get:30 http://127.0.0.1:9999/debian unstable/main amd64 Packages 2017-07-03-2015.52.pdiff [28.4 kB]
Get:22 http://127.0.0.1:9999/debian unstable/main Sources 2017-07-06-0817.23.pdiff [16.8 kB]
Get:31 http://127.0.0.1:9999/debian unstable/main amd64 Packages 2017-07-04-0215.56.pdiff [7447 B]
Get:32 http://127.0.0.1:9999/debian unstable/main amd64 Packages 2017-07-04-0817.36.pdiff [5458 B]
Get:33 http://127.0.0.1:9999/debian unstable/main amd64 Packages 2017-07-04-1416.28.pdiff [33.1 kB]
Get:34 http://127.0.0.1:9999/debian unstable/main amd64 Packages 2017-07-04-2017.16.pdiff [18.8 kB]
Get:35 http://127.0.0.1:9999/debian unstable/main amd64 Packages 2017-07-05-0215.45.pdiff [5901 B]
Get:36 http://127.0.0.1:9999/debian unstable/main amd64 Packages 2017-07-05-0817.10.pdiff [15.3 kB]
Get:37 http://127.0.0.1:9999/debian unstable/main amd64 Packages 2017-07-05-1416.09.pdiff [11.4 kB]
Get:38 http://127.0.0.1:9999/debian unstable/main amd64 Packages 2017-07-05-2019.56.pdiff [13.0 kB]
Get:39 http://127.0.0.1:9999/debian unstable/main amd64 Packages 2017-07-06-0216.07.pdiff [8638 B]
Get:40 http://127.0.0.1:9999/debian unstable/main amd64 Packages 2017-07-06-0817.23.pdiff [31.2 kB]
Get:41 http://127.0.0.1:9999/debian unstable/main Translation-en 2017-07-02-0216.39.pdiff [1271 B]
Get:42 http://127.0.0.1:9999/debian unstable/main Translation-en 2017-07-02-2015.53.pdiff [793 B]
Get:43 http://127.0.0.1:9999/debian unstable/main Translation-en 2017-07-03-0215.43.pdiff [327 B]
Get:44 http://127.0.0.1:9999/debian unstable/main Translation-en 2017-07-03-0815.58.pdiff [270 B]
Get:45 http://127.0.0.1:9999/debian unstable/main Translation-en 2017-07-03-1420.59.pdiff [1066 B]
Get:46 http://127.0.0.1:9999/debian unstable/main Translation-en 2017-07-03-2015.52.pdiff [465 B]
Get:47 http://127.0.0.1:9999/debian unstable/main Translation-en 2017-07-04-0215.56.pdiff [291 B]
Get:48 http://127.0.0.1:9999/debian unstable/main Translation-en 2017-07-04-0817.36.pdiff [539 B]
Get:40 http://127.0.0.1:9999/debian unstable/main amd64 Packages 2017-07-06-0817.23.pdiff [31.2 kB]
Get:49 http://127.0.0.1:9999/debian unstable/main Translation-en 2017-07-04-1416.28.pdiff [484 B]
Get:50 http://127.0.0.1:9999/debian unstable/main Translation-en 2017-07-04-2017.16.pdiff [1126 B]
Get:51 http://127.0.0.1:9999/debian unstable/main Translation-en 2017-07-05-0215.45.pdiff [214 B]
Get:52 http://127.0.0.1:9999/debian unstable/main Translation-en 2017-07-05-0817.10.pdiff [606 B]
Get:53 http://127.0.0.1:9999/debian unstable/main Translation-en 2017-07-05-1416.09.pdiff [214 B]
Get:54 http://127.0.0.1:9999/debian unstable/main Translation-en 2017-07-05-2019.56.pdiff [2615 B]
Get:55 http://127.0.0.1:9999/debian unstable/main Translation-en 2017-07-06-0216.07.pdiff [1869 B]
Get:56 http://127.0.0.1:9999/debian unstable/main Translation-en 2017-07-06-0817.23.pdiff [915 B]
Get:56 http://127.0.0.1:9999/debian unstable/main Translation-en 2017-07-06-0817.23.pdiff [915 B]
Fetched 974 kB in 1s (810 kB/s)
Reading package lists...
+ apt-get install --yes --no-install-recommends --force-yes clang-5.0
Reading package lists...
Building dependency tree...
Reading state information...
The following additional packages will be installed:
  cpp-6 g++-6 gcc-6 gcc-6-base gcc-7-base lib32gcc1 lib32stdc++6 libasan3
  libatomic1 libbsd0 libc6-i386 libcc1-0 libcilkrts5 libclang-common-5.0-dev
  libclang1-5.0 libedit2 libffi6 libgcc-6-dev libgcc1 libgomp1 libitm1
  libjsoncpp1 libllvm5.0 liblsan0 libmpx2 libncurses5 libobjc-6-dev libobjc4
  libquadmath0 libstdc++-6-dev libstdc++6 libtsan0 libubsan0
Suggested packages:
  gnustep gnustep-devel clang-5.0-doc libomp-dev gcc-6-locales g++-6-multilib
  gcc-6-doc libstdc++6-6-dbg gcc-6-multilib libgcc1-dbg libgomp1-dbg
  libitm1-dbg libatomic1-dbg libasan3-dbg liblsan0-dbg libtsan0-dbg
  libubsan0-dbg libcilkrts5-dbg libmpx2-dbg libquadmath0-dbg libstdc++-6-doc
Recommended packages:
  llvm-5.0-dev python libgpm2
The following NEW packages will be installed:
  clang-5.0 lib32gcc1 lib32stdc++6 libbsd0 libc6-i386 libclang-common-5.0-dev
  libclang1-5.0 libedit2 libffi6 libjsoncpp1 libllvm5.0 libncurses5
  libobjc-6-dev libobjc4
The following packages will be upgraded:
  cpp-6 g++-6 gcc-6 gcc-6-base gcc-7-base libasan3 libatomic1 libcc1-0
  libcilkrts5 libgcc-6-dev libgcc1 libgomp1 libitm1 liblsan0 libmpx2
  libquadmath0 libstdc++-6-dev libstdc++6 libtsan0 libubsan0
20 upgraded, 14 newly installed, 0 to remove and 13 not upgraded.
Need to get 113 MB of archives.
After this operation, 374 MB of additional disk space will be used.
Get:1 http://127.0.0.1:9999/debian unstable/main amd64 libquadmath0 amd64 7.1.0-9 [132 kB]
Get:2 http://127.0.0.1:9999/debian unstable/main amd64 libitm1 amd64 7.1.0-9 [27.2 kB]
Get:3 http://127.0.0.1:9999/debian unstable/main amd64 gcc-7-base amd64 7.1.0-9 [180 kB]
Get:4 http://127.0.0.1:9999/debian unstable/main amd64 libstdc++6 amd64 7.1.0-9 [398 kB]
Get:5 http://127.0.0.1:9999/debian unstable/main amd64 libmpx2 amd64 7.1.0-9 [11.4 kB]
Get:6 http://127.0.0.1:9999/debian unstable/main amd64 liblsan0 amd64 7.1.0-9 [124 kB]
Get:7 http://127.0.0.1:9999/debian unstable/main amd64 libtsan0 amd64 7.1.0-9 [270 kB]
Get:8 http://127.0.0.1:9999/debian unstable/main amd64 libubsan0 amd64 7.1.0-9 [117 kB]
Get:9 http://127.0.0.1:9999/debian unstable/main amd64 libcilkrts5 amd64 7.1.0-9 [42.0 kB]
Get:10 http://127.0.0.1:9999/debian unstable/main amd64 libcc1-0 amd64 7.1.0-9 [37.7 kB]
Get:11 http://127.0.0.1:9999/debian unstable/main amd64 libatomic1 amd64 7.1.0-9 [8782 B]
Get:12 http://127.0.0.1:9999/debian unstable/main amd64 libgomp1 amd64 7.1.0-9 [75.1 kB]
Get:13 http://127.0.0.1:9999/debian unstable/main amd64 libgcc1 amd64 1:7.1.0-9 [39.3 kB]
Get:14 http://127.0.0.1:9999/debian unstable/main amd64 libasan3 amd64 6.4.0-1 [310 kB]
Get:15 http://127.0.0.1:9999/debian unstable/main amd64 g++-6 amd64 6.4.0-1 [7084 kB]
Get:16 http://127.0.0.1:9999/debian unstable/main amd64 libstdc++-6-dev amd64 6.4.0-1 [1421 kB]
Get:17 http://127.0.0.1:9999/debian unstable/main amd64 gcc-6 amd64 6.4.0-1 [6908 kB]
Get:18 http://127.0.0.1:9999/debian unstable/main amd64 libgcc-6-dev amd64 6.4.0-1 [2297 kB]
Get:19 http://127.0.0.1:9999/debian unstable/main amd64 cpp-6 amd64 6.4.0-1 [6549 kB]
Get:20 http://127.0.0.1:9999/debian unstable/main amd64 gcc-6-base amd64 6.4.0-1 [180 kB]
Get:21 http://127.0.0.1:9999/debian unstable/main amd64 libbsd0 amd64 0.8.5-1 [89.6 kB]
Get:22 http://127.0.0.1:9999/debian unstable/main amd64 libncurses5 amd64 6.0+20161126-1 [93.4 kB]
Get:23 http://127.0.0.1:9999/debian unstable/main amd64 libedit2 amd64 3.1-20170329-1 [85.2 kB]
Get:24 http://127.0.0.1:9999/debian unstable/main amd64 libffi6 amd64 3.2.1-6 [20.4 kB]
Get:25 http://127.0.0.1:9999/debian unstable/main amd64 libllvm5.0 amd64 1:5.0~svn305653-1 [13.4 MB]
Get:26 http://127.0.0.1:9999/debian unstable/main amd64 libclang1-5.0 amd64 1:5.0~svn305653-1 [6647 kB]
Get:27 http://127.0.0.1:9999/debian unstable/main amd64 libjsoncpp1 amd64 1.7.4-3 [75.6 kB]
Get:28 http://127.0.0.1:9999/debian unstable/main amd64 libobjc4 amd64 7.1.0-9 [51.0 kB]
Get:29 http://127.0.0.1:9999/debian unstable/main amd64 libobjc-6-dev amd64 6.4.0-1 [197 kB]
Get:30 http://127.0.0.1:9999/debian unstable/main amd64 libc6-i386 amd64 2.24-12 [2597 kB]
Get:31 http://127.0.0.1:9999/debian unstable/main amd64 lib32gcc1 amd64 1:7.1.0-9 [46.8 kB]
Get:32 http://127.0.0.1:9999/debian unstable/main amd64 lib32stdc++6 amd64 7.1.0-9 [411 kB]
Get:33 http://127.0.0.1:9999/debian unstable/main amd64 libclang-common-5.0-dev amd64 1:5.0~svn305653-1 [2856 kB]
Get:34 http://127.0.0.1:9999/debian unstable/main amd64 clang-5.0 amd64 1:5.0~svn305653-1 [60.5 MB]
debconf: delaying package configuration, since apt-utils is not installed
Fetched 113 MB in 1s (95.5 MB/s)
(Reading database ... (Reading database ... 5%(Reading database ... 10%(Reading database ... 15%(Reading database ... 20%(Reading database ... 25%(Reading database ... 30%(Reading database ... 35%(Reading database ... 40%(Reading database ... 45%(Reading database ... 50%(Reading database ... 55%(Reading database ... 60%(Reading database ... 65%(Reading database ... 70%(Reading database ... 75%(Reading database ... 80%(Reading database ... 85%(Reading database ... 90%(Reading database ... 95%(Reading database ... 100%(Reading database ... 9635 files and directories currently installed.)
Preparing to unpack .../libquadmath0_7.1.0-9_amd64.deb ...
Unpacking libquadmath0:amd64 (7.1.0-9) over (7.1.0-8) ...
Preparing to unpack .../libitm1_7.1.0-9_amd64.deb ...
Unpacking libitm1:amd64 (7.1.0-9) over (7.1.0-8) ...
Preparing to unpack .../gcc-7-base_7.1.0-9_amd64.deb ...
Unpacking gcc-7-base:amd64 (7.1.0-9) over (7.1.0-8) ...
Setting up gcc-7-base:amd64 (7.1.0-9) ...
(Reading database ... (Reading database ... 5%(Reading database ... 10%(Reading database ... 15%(Reading database ... 20%(Reading database ... 25%(Reading database ... 30%(Reading database ... 35%(Reading database ... 40%(Reading database ... 45%(Reading database ... 50%(Reading database ... 55%(Reading database ... 60%(Reading database ... 65%(Reading database ... 70%(Reading database ... 75%(Reading database ... 80%(Reading database ... 85%(Reading database ... 90%(Reading database ... 95%(Reading database ... 100%(Reading database ... 9635 files and directories currently installed.)
Preparing to unpack .../libstdc++6_7.1.0-9_amd64.deb ...
Unpacking libstdc++6:amd64 (7.1.0-9) over (7.1.0-8) ...
Setting up libstdc++6:amd64 (7.1.0-9) ...
(Reading database ... (Reading database ... 5%(Reading database ... 10%(Reading database ... 15%(Reading database ... 20%(Reading database ... 25%(Reading database ... 30%(Reading database ... 35%(Reading database ... 40%(Reading database ... 45%(Reading database ... 50%(Reading database ... 55%(Reading database ... 60%(Reading database ... 65%(Reading database ... 70%(Reading database ... 75%(Reading database ... 80%(Reading database ... 85%(Reading database ... 90%(Reading database ... 95%(Reading database ... 100%(Reading database ... 9635 files and directories currently installed.)
Preparing to unpack .../0-libmpx2_7.1.0-9_amd64.deb ...
Unpacking libmpx2:amd64 (7.1.0-9) over (7.1.0-8) ...
Preparing to unpack .../1-liblsan0_7.1.0-9_amd64.deb ...
Unpacking liblsan0:amd64 (7.1.0-9) over (7.1.0-8) ...
Preparing to unpack .../2-libtsan0_7.1.0-9_amd64.deb ...
Unpacking libtsan0:amd64 (7.1.0-9) over (7.1.0-8) ...
Preparing to unpack .../3-libubsan0_7.1.0-9_amd64.deb ...
Unpacking libubsan0:amd64 (7.1.0-9) over (7.1.0-8) ...
Preparing to unpack .../4-libcilkrts5_7.1.0-9_amd64.deb ...
Unpacking libcilkrts5:amd64 (7.1.0-9) over (7.1.0-8) ...
Preparing to unpack .../5-libcc1-0_7.1.0-9_amd64.deb ...
Unpacking libcc1-0:amd64 (7.1.0-9) over (7.1.0-8) ...
Preparing to unpack .../6-libatomic1_7.1.0-9_amd64.deb ...
Unpacking libatomic1:amd64 (7.1.0-9) over (7.1.0-8) ...
Preparing to unpack .../7-libgomp1_7.1.0-9_amd64.deb ...
Unpacking libgomp1:amd64 (7.1.0-9) over (7.1.0-8) ...
Preparing to unpack .../8-libgcc1_1%3a7.1.0-9_amd64.deb ...
Unpacking libgcc1:amd64 (1:7.1.0-9) over (1:7.1.0-8) ...
Setting up libgcc1:amd64 (1:7.1.0-9) ...
(Reading database ... (Reading database ... 5%(Reading database ... 10%(Reading database ... 15%(Reading database ... 20%(Reading database ... 25%(Reading database ... 30%(Reading database ... 35%(Reading database ... 40%(Reading database ... 45%(Reading database ... 50%(Reading database ... 55%(Reading database ... 60%(Reading database ... 65%(Reading database ... 70%(Reading database ... 75%(Reading database ... 80%(Reading database ... 85%(Reading database ... 90%(Reading database ... 95%(Reading database ... 100%(Reading database ... 9635 files and directories currently installed.)
Preparing to unpack .../00-libasan3_6.4.0-1_amd64.deb ...
Unpacking libasan3:amd64 (6.4.0-1) over (6.3.0-21) ...
Preparing to unpack .../01-g++-6_6.4.0-1_amd64.deb ...
Unpacking g++-6 (6.4.0-1) over (6.3.0-21) ...
Preparing to unpack .../02-libstdc++-6-dev_6.4.0-1_amd64.deb ...
Unpacking libstdc++-6-dev:amd64 (6.4.0-1) over (6.3.0-21) ...
Preparing to unpack .../03-gcc-6_6.4.0-1_amd64.deb ...
Unpacking gcc-6 (6.4.0-1) over (6.3.0-21) ...
Preparing to unpack .../04-libgcc-6-dev_6.4.0-1_amd64.deb ...
Unpacking libgcc-6-dev:amd64 (6.4.0-1) over (6.3.0-21) ...
Preparing to unpack .../05-cpp-6_6.4.0-1_amd64.deb ...
Unpacking cpp-6 (6.4.0-1) over (6.3.0-21) ...
Preparing to unpack .../06-gcc-6-base_6.4.0-1_amd64.deb ...
Unpacking gcc-6-base:amd64 (6.4.0-1) over (6.3.0-21) ...
Selecting previously unselected package libbsd0:amd64.
Preparing to unpack .../07-libbsd0_0.8.5-1_amd64.deb ...
Unpacking libbsd0:amd64 (0.8.5-1) ...
Selecting previously unselected package libncurses5:amd64.
Preparing to unpack .../08-libncurses5_6.0+20161126-1_amd64.deb ...
Unpacking libncurses5:amd64 (6.0+20161126-1) ...
Selecting previously unselected package libedit2:amd64.
Preparing to unpack .../09-libedit2_3.1-20170329-1_amd64.deb ...
Unpacking libedit2:amd64 (3.1-20170329-1) ...
Selecting previously unselected package libffi6:amd64.
Preparing to unpack .../10-libffi6_3.2.1-6_amd64.deb ...
Unpacking libffi6:amd64 (3.2.1-6) ...
Selecting previously unselected package libllvm5.0:amd64.
Preparing to unpack .../11-libllvm5.0_1%3a5.0~svn305653-1_amd64.deb ...
Unpacking libllvm5.0:amd64 (1:5.0~svn305653-1) ...
Selecting previously unselected package libclang1-5.0:amd64.
Preparing to unpack .../12-libclang1-5.0_1%3a5.0~svn305653-1_amd64.deb ...
Unpacking libclang1-5.0:amd64 (1:5.0~svn305653-1) ...
Selecting previously unselected package libjsoncpp1:amd64.
Preparing to unpack .../13-libjsoncpp1_1.7.4-3_amd64.deb ...
Unpacking libjsoncpp1:amd64 (1.7.4-3) ...
Selecting previously unselected package libobjc4:amd64.
Preparing to unpack .../14-libobjc4_7.1.0-9_amd64.deb ...
Unpacking libobjc4:amd64 (7.1.0-9) ...
Selecting previously unselected package libobjc-6-dev:amd64.
Preparing to unpack .../15-libobjc-6-dev_6.4.0-1_amd64.deb ...
Unpacking libobjc-6-dev:amd64 (6.4.0-1) ...
Selecting previously unselected package libc6-i386.
Preparing to unpack .../16-libc6-i386_2.24-12_amd64.deb ...
Unpacking libc6-i386 (2.24-12) ...
Selecting previously unselected package lib32gcc1.
Preparing to unpack .../17-lib32gcc1_1%3a7.1.0-9_amd64.deb ...
Unpacking lib32gcc1 (1:7.1.0-9) ...
Selecting previously unselected package lib32stdc++6.
Preparing to unpack .../18-lib32stdc++6_7.1.0-9_amd64.deb ...
Unpacking lib32stdc++6 (7.1.0-9) ...
Selecting previously unselected package libclang-common-5.0-dev.
Preparing to unpack .../19-libclang-common-5.0-dev_1%3a5.0~svn305653-1_amd64.deb ...
Unpacking libclang-common-5.0-dev (1:5.0~svn305653-1) ...
Selecting previously unselected package clang-5.0.
Preparing to unpack .../20-clang-5.0_1%3a5.0~svn305653-1_amd64.deb ...
Unpacking clang-5.0 (1:5.0~svn305653-1) ...
Setting up libquadmath0:amd64 (7.1.0-9) ...
Setting up libncurses5:amd64 (6.0+20161126-1) ...
Setting up libgomp1:amd64 (7.1.0-9) ...
Setting up libatomic1:amd64 (7.1.0-9) ...
Setting up libcc1-0:amd64 (7.1.0-9) ...
Setting up libobjc4:amd64 (7.1.0-9) ...
Setting up libcilkrts5:amd64 (7.1.0-9) ...
Setting up libubsan0:amd64 (7.1.0-9) ...
Setting up libtsan0:amd64 (7.1.0-9) ...
Setting up gcc-6-base:amd64 (6.4.0-1) ...
Setting up libc6-i386 (2.24-12) ...
Setting up libbsd0:amd64 (0.8.5-1) ...
Setting up liblsan0:amd64 (7.1.0-9) ...
Setting up libmpx2:amd64 (7.1.0-9) ...
Processing triggers for libc-bin (2.24-12) ...
Setting up libffi6:amd64 (3.2.1-6) ...
Setting up cpp-6 (6.4.0-1) ...
Setting up libitm1:amd64 (7.1.0-9) ...
Setting up lib32gcc1 (1:7.1.0-9) ...
Setting up libjsoncpp1:amd64 (1.7.4-3) ...
Setting up libedit2:amd64 (3.1-20170329-1) ...
Setting up libasan3:amd64 (6.4.0-1) ...
Setting up libgcc-6-dev:amd64 (6.4.0-1) ...
Setting up libstdc++-6-dev:amd64 (6.4.0-1) ...
Setting up libllvm5.0:amd64 (1:5.0~svn305653-1) ...
Setting up libclang1-5.0:amd64 (1:5.0~svn305653-1) ...
Setting up gcc-6 (6.4.0-1) ...
Setting up g++-6 (6.4.0-1) ...
Setting up libobjc-6-dev:amd64 (6.4.0-1) ...
Setting up lib32stdc++6 (7.1.0-9) ...
Setting up libclang-common-5.0-dev (1:5.0~svn305653-1) ...
Setting up clang-5.0 (1:5.0~svn305653-1) ...
Processing triggers for libc-bin (2.24-12) ...
W: --force-yes is deprecated, use one of the options starting with --allow instead.
+ echo 'Replace gcc, g++ & cpp by clang'
Replace gcc, g++ & cpp by clang
+ VERSIONS='4.6 4.7 4.8 4.9 5 6 7'
+ cd /usr/bin
+ for VERSION in $VERSIONS
+ rm -f g++-4.6 gcc-4.6 cpp-4.6 gcc
+ ln -s clang++-5.0 g++-4.6
+ ln -s clang-5.0 gcc-4.6
+ ln -s clang-5.0 cpp-4.6
+ ln -s clang-5.0 gcc
+ echo 'gcc-4.6 hold'
+ dpkg --set-selections
dpkg: warning: package not in status nor available database at line 1: gcc-4.6
dpkg: warning: found unknown packages; this might mean the available database
is outdated, and needs to be updated through a frontend method;
please see the FAQ <https://wiki.debian.org/Teams/Dpkg/FAQ>
+ echo 'g++-4.6 hold'
+ dpkg --set-selections
dpkg: warning: package not in status nor available database at line 1: g++-4.6
dpkg: warning: found unknown packages; this might mean the available database
is outdated, and needs to be updated through a frontend method;
please see the FAQ <https://wiki.debian.org/Teams/Dpkg/FAQ>
+ for VERSION in $VERSIONS
+ rm -f g++-4.7 gcc-4.7 cpp-4.7 gcc
+ ln -s clang++-5.0 g++-4.7
+ ln -s clang-5.0 gcc-4.7
+ ln -s clang-5.0 cpp-4.7
+ ln -s clang-5.0 gcc
+ echo 'gcc-4.7 hold'
+ dpkg --set-selections
dpkg: warning: package not in status nor available database at line 1: gcc-4.7
dpkg: warning: found unknown packages; this might mean the available database
is outdated, and needs to be updated through a frontend method;
please see the FAQ <https://wiki.debian.org/Teams/Dpkg/FAQ>
+ echo 'g++-4.7 hold'
+ dpkg --set-selections
dpkg: warning: package not in status nor available database at line 1: g++-4.7
dpkg: warning: found unknown packages; this might mean the available database
is outdated, and needs to be updated through a frontend method;
please see the FAQ <https://wiki.debian.org/Teams/Dpkg/FAQ>
+ for VERSION in $VERSIONS
+ rm -f g++-4.8 gcc-4.8 cpp-4.8 gcc
+ ln -s clang++-5.0 g++-4.8
+ ln -s clang-5.0 gcc-4.8
+ ln -s clang-5.0 cpp-4.8
+ ln -s clang-5.0 gcc
+ echo 'gcc-4.8 hold'
+ dpkg --set-selections
dpkg: warning: package not in status nor available database at line 1: gcc-4.8
dpkg: warning: found unknown packages; this might mean the available database
is outdated, and needs to be updated through a frontend method;
please see the FAQ <https://wiki.debian.org/Teams/Dpkg/FAQ>
+ echo 'g++-4.8 hold'
+ dpkg --set-selections
dpkg: warning: package not in status nor available database at line 1: g++-4.8
dpkg: warning: found unknown packages; this might mean the available database
is outdated, and needs to be updated through a frontend method;
please see the FAQ <https://wiki.debian.org/Teams/Dpkg/FAQ>
+ for VERSION in $VERSIONS
+ rm -f g++-4.9 gcc-4.9 cpp-4.9 gcc
+ ln -s clang++-5.0 g++-4.9
+ ln -s clang-5.0 gcc-4.9
+ ln -s clang-5.0 cpp-4.9
+ ln -s clang-5.0 gcc
+ echo 'gcc-4.9 hold'
+ dpkg --set-selections
dpkg: warning: package not in status nor available database at line 1: gcc-4.9
dpkg: warning: found unknown packages; this might mean the available database
is outdated, and needs to be updated through a frontend method;
please see the FAQ <https://wiki.debian.org/Teams/Dpkg/FAQ>
+ echo 'g++-4.9 hold'
+ dpkg --set-selections
dpkg: warning: package not in status nor available database at line 1: g++-4.9
dpkg: warning: found unknown packages; this might mean the available database
is outdated, and needs to be updated through a frontend method;
please see the FAQ <https://wiki.debian.org/Teams/Dpkg/FAQ>
+ for VERSION in $VERSIONS
+ rm -f g++-5 gcc-5 cpp-5 gcc
+ ln -s clang++-5.0 g++-5
+ ln -s clang-5.0 gcc-5
+ ln -s clang-5.0 cpp-5
+ ln -s clang-5.0 gcc
+ echo 'gcc-5 hold'
+ dpkg --set-selections
+ echo 'g++-5 hold'
+ dpkg --set-selections
+ for VERSION in $VERSIONS
+ rm -f g++-6 gcc-6 cpp-6 gcc
+ ln -s clang++-5.0 g++-6
+ ln -s clang-5.0 gcc-6
+ ln -s clang-5.0 cpp-6
+ ln -s clang-5.0 gcc
+ echo 'gcc-6 hold'
+ dpkg --set-selections
+ echo 'g++-6 hold'
+ dpkg --set-selections
+ for VERSION in $VERSIONS
+ rm -f g++-7 gcc-7 cpp-7 gcc
+ ln -s clang++-5.0 g++-7
+ ln -s clang-5.0 gcc-7
+ ln -s clang-5.0 cpp-7
+ ln -s clang-5.0 gcc
+ echo 'gcc-7 hold'
+ dpkg --set-selections
dpkg: warning: package not in status nor available database at line 1: gcc-7
dpkg: warning: found unknown packages; this might mean the available database
is outdated, and needs to be updated through a frontend method;
please see the FAQ <https://wiki.debian.org/Teams/Dpkg/FAQ>
+ echo 'g++-7 hold'
+ dpkg --set-selections
dpkg: warning: package not in status nor available database at line 1: g++-7
dpkg: warning: found unknown packages; this might mean the available database
is outdated, and needs to be updated through a frontend method;
please see the FAQ <https://wiki.debian.org/Teams/Dpkg/FAQ>
+ cd -
/build/orthanc-wsi-3nEvqP
+ echo 'Check if gcc, g++ & cpp are actually clang'
Check if gcc, g++ & cpp are actually clang
+ gcc --version
+ grep clang
+ cpp --version
+ grep clang
+ g++ --version
+ grep clang

I: Finished running '/tmp/clang50'.

Finished processing commands.
--------------------------------------------------------------------------------

+------------------------------------------------------------------------------+
| Update chroot                                                                |
+------------------------------------------------------------------------------+

Hit:1 http://127.0.0.1:9999/debian unstable InRelease
Reading package lists...
Reading package lists...
Building dependency tree...
Reading state information...
Calculating upgrade...
The following NEW packages will be installed:
  libgnutls30 libhogweed4 libidn2-0 libnettle6 libp11-kit0 libtasn1-6
  libunistring2
The following packages will be upgraded:
  apt cpp debconf g++ gcc libapt-pkg5.0 libdebconfclient0 libperl5.24
  libsystemd0 libudev1 perl perl-base perl-modules-5.24
13 upgraded, 7 newly installed, 0 to remove and 0 not upgraded.
Need to get 12.5 MB of archives.
After this operation, 6330 kB of additional disk space will be used.
Get:1 http://127.0.0.1:9999/debian unstable/main amd64 libperl5.24 amd64 5.24.1-6 [3525 kB]
Get:2 http://127.0.0.1:9999/debian unstable/main amd64 perl amd64 5.24.1-6 [218 kB]
Get:3 http://127.0.0.1:9999/debian unstable/main amd64 perl-base amd64 5.24.1-6 [1344 kB]
Get:4 http://127.0.0.1:9999/debian unstable/main amd64 perl-modules-5.24 all 5.24.1-6 [2723 kB]
Get:5 http://127.0.0.1:9999/debian unstable/main amd64 libapt-pkg5.0 amd64 1.5~beta1 [922 kB]
Get:6 http://127.0.0.1:9999/debian unstable/main amd64 libnettle6 amd64 3.3-1+b1 [191 kB]
Get:7 http://127.0.0.1:9999/debian unstable/main amd64 libhogweed4 amd64 3.3-1+b1 [136 kB]
Get:8 http://127.0.0.1:9999/debian unstable/main amd64 libunistring2 amd64 0.9.7-2 [377 kB]
Get:9 http://127.0.0.1:9999/debian unstable/main amd64 libidn2-0 amd64 0.16-1+b1 [56.6 kB]
Get:10 http://127.0.0.1:9999/debian unstable/main amd64 libp11-kit0 amd64 0.23.7-2 [193 kB]
Get:11 http://127.0.0.1:9999/debian unstable/main amd64 libtasn1-6 amd64 4.12-2 [51.0 kB]
Get:12 http://127.0.0.1:9999/debian unstable/main amd64 libgnutls30 amd64 3.5.13-2 [914 kB]
Get:13 http://127.0.0.1:9999/debian unstable/main amd64 apt amd64 1.5~beta1 [1237 kB]
Get:14 http://127.0.0.1:9999/debian unstable/main amd64 debconf all 1.5.62 [160 kB]
Get:15 http://127.0.0.1:9999/debian unstable/main amd64 libsystemd0 amd64 233-10 [281 kB]
Get:16 http://127.0.0.1:9999/debian unstable/main amd64 libudev1 amd64 233-10 [126 kB]
Get:17 http://127.0.0.1:9999/debian unstable/main amd64 libdebconfclient0 amd64 0.229 [47.9 kB]
Get:18 http://127.0.0.1:9999/debian unstable/main amd64 cpp amd64 4:6.3.0-4d1 [18.8 kB]
Get:19 http://127.0.0.1:9999/debian unstable/main amd64 gcc amd64 4:6.3.0-4d1 [5252 B]
Get:20 http://127.0.0.1:9999/debian unstable/main amd64 g++ amd64 4:6.3.0-4d1 [1548 B]
debconf: delaying package configuration, since apt-utils is not installed
Fetched 12.5 MB in 0s (85.8 MB/s)
(Reading database ... (Reading database ... 5%(Reading database ... 10%(Reading database ... 15%(Reading database ... 20%(Reading database ... 25%(Reading database ... 30%(Reading database ... 35%(Reading database ... 40%(Reading database ... 45%(Reading database ... 50%(Reading database ... 55%(Reading database ... 60%(Reading database ... 65%(Reading database ... 70%(Reading database ... 75%(Reading database ... 80%(Reading database ... 85%(Reading database ... 90%(Reading database ... 95%(Reading database ... 100%(Reading database ... 10540 files and directories currently installed.)
Preparing to unpack .../libperl5.24_5.24.1-6_amd64.deb ...
Unpacking libperl5.24:amd64 (5.24.1-6) over (5.24.1-4) ...
Preparing to unpack .../perl_5.24.1-6_amd64.deb ...
Unpacking perl (5.24.1-6) over (5.24.1-4) ...
Preparing to unpack .../perl-base_5.24.1-6_amd64.deb ...
Unpacking perl-base (5.24.1-6) over (5.24.1-4) ...
Setting up perl-base (5.24.1-6) ...
(Reading database ... (Reading database ... 5%(Reading database ... 10%(Reading database ... 15%(Reading database ... 20%(Reading database ... 25%(Reading database ... 30%(Reading database ... 35%(Reading database ... 40%(Reading database ... 45%(Reading database ... 50%(Reading database ... 55%(Reading database ... 60%(Reading database ... 65%(Reading database ... 70%(Reading database ... 75%(Reading database ... 80%(Reading database ... 85%(Reading database ... 90%(Reading database ... 95%(Reading database ... 100%(Reading database ... 10540 files and directories currently installed.)
Preparing to unpack .../perl-modules-5.24_5.24.1-6_all.deb ...
Unpacking perl-modules-5.24 (5.24.1-6) over (5.24.1-4) ...
Preparing to unpack .../libapt-pkg5.0_1.5~beta1_amd64.deb ...
Unpacking libapt-pkg5.0:amd64 (1.5~beta1) over (1.4.6) ...
Setting up libapt-pkg5.0:amd64 (1.5~beta1) ...
Selecting previously unselected package libnettle6:amd64.
(Reading database ... (Reading database ... 5%(Reading database ... 10%(Reading database ... 15%(Reading database ... 20%(Reading database ... 25%(Reading database ... 30%(Reading database ... 35%(Reading database ... 40%(Reading database ... 45%(Reading database ... 50%(Reading database ... 55%(Reading database ... 60%(Reading database ... 65%(Reading database ... 70%(Reading database ... 75%(Reading database ... 80%(Reading database ... 85%(Reading database ... 90%(Reading database ... 95%(Reading database ... 100%(Reading database ... 10540 files and directories currently installed.)
Preparing to unpack .../libnettle6_3.3-1+b1_amd64.deb ...
Unpacking libnettle6:amd64 (3.3-1+b1) ...
Setting up libnettle6:amd64 (3.3-1+b1) ...
Selecting previously unselected package libhogweed4:amd64.
(Reading database ... (Reading database ... 5%(Reading database ... 10%(Reading database ... 15%(Reading database ... 20%(Reading database ... 25%(Reading database ... 30%(Reading database ... 35%(Reading database ... 40%(Reading database ... 45%(Reading database ... 50%(Reading database ... 55%(Reading database ... 60%(Reading database ... 65%(Reading database ... 70%(Reading database ... 75%(Reading database ... 80%(Reading database ... 85%(Reading database ... 90%(Reading database ... 95%(Reading database ... 100%(Reading database ... 10547 files and directories currently installed.)
Preparing to unpack .../libhogweed4_3.3-1+b1_amd64.deb ...
Unpacking libhogweed4:amd64 (3.3-1+b1) ...
Setting up libhogweed4:amd64 (3.3-1+b1) ...
Selecting previously unselected package libunistring2:amd64.
(Reading database ... (Reading database ... 5%(Reading database ... 10%(Reading database ... 15%(Reading database ... 20%(Reading database ... 25%(Reading database ... 30%(Reading database ... 35%(Reading database ... 40%(Reading database ... 45%(Reading database ... 50%(Reading database ... 55%(Reading database ... 60%(Reading database ... 65%(Reading database ... 70%(Reading database ... 75%(Reading database ... 80%(Reading database ... 85%(Reading database ... 90%(Reading database ... 95%(Reading database ... 100%(Reading database ... 10550 files and directories currently installed.)
Preparing to unpack .../libunistring2_0.9.7-2_amd64.deb ...
Unpacking libunistring2:amd64 (0.9.7-2) ...
Setting up libunistring2:amd64 (0.9.7-2) ...
Selecting previously unselected package libidn2-0:amd64.
(Reading database ... (Reading database ... 5%(Reading database ... 10%(Reading database ... 15%(Reading database ... 20%(Reading database ... 25%(Reading database ... 30%(Reading database ... 35%(Reading database ... 40%(Reading database ... 45%(Reading database ... 50%(Reading database ... 55%(Reading database ... 60%(Reading database ... 65%(Reading database ... 70%(Reading database ... 75%(Reading database ... 80%(Reading database ... 85%(Reading database ... 90%(Reading database ... 95%(Reading database ... 100%(Reading database ... 10556 files and directories currently installed.)
Preparing to unpack .../libidn2-0_0.16-1+b1_amd64.deb ...
Unpacking libidn2-0:amd64 (0.16-1+b1) ...
Setting up libidn2-0:amd64 (0.16-1+b1) ...
Selecting previously unselected package libp11-kit0:amd64.
(Reading database ... (Reading database ... 5%(Reading database ... 10%(Reading database ... 15%(Reading database ... 20%(Reading database ... 25%(Reading database ... 30%(Reading database ... 35%(Reading database ... 40%(Reading database ... 45%(Reading database ... 50%(Reading database ... 55%(Reading database ... 60%(Reading database ... 65%(Reading database ... 70%(Reading database ... 75%(Reading database ... 80%(Reading database ... 85%(Reading database ... 90%(Reading database ... 95%(Reading database ... 100%(Reading database ... 10566 files and directories currently installed.)
Preparing to unpack .../libp11-kit0_0.23.7-2_amd64.deb ...
Unpacking libp11-kit0:amd64 (0.23.7-2) ...
Setting up libp11-kit0:amd64 (0.23.7-2) ...
Selecting previously unselected package libtasn1-6:amd64.
(Reading database ... (Reading database ... 5%(Reading database ... 10%(Reading database ... 15%(Reading database ... 20%(Reading database ... 25%(Reading database ... 30%(Reading database ... 35%(Reading database ... 40%(Reading database ... 45%(Reading database ... 50%(Reading database ... 55%(Reading database ... 60%(Reading database ... 65%(Reading database ... 70%(Reading database ... 75%(Reading database ... 80%(Reading database ... 85%(Reading database ... 90%(Reading database ... 95%(Reading database ... 100%(Reading database ... 10574 files and directories currently installed.)
Preparing to unpack .../libtasn1-6_4.12-2_amd64.deb ...
Unpacking libtasn1-6:amd64 (4.12-2) ...
Setting up libtasn1-6:amd64 (4.12-2) ...
Selecting previously unselected package libgnutls30:amd64.
(Reading database ... (Reading database ... 5%(Reading database ... 10%(Reading database ... 15%(Reading database ... 20%(Reading database ... 25%(Reading database ... 30%(Reading database ... 35%(Reading database ... 40%(Reading database ... 45%(Reading database ... 50%(Reading database ... 55%(Reading database ... 60%(Reading database ... 65%(Reading database ... 70%(Reading database ... 75%(Reading database ... 80%(Reading database ... 85%(Reading database ... 90%(Reading database ... 95%(Reading database ... 100%(Reading database ... 10583 files and directories currently installed.)
Preparing to unpack .../libgnutls30_3.5.13-2_amd64.deb ...
Unpacking libgnutls30:amd64 (3.5.13-2) ...
Setting up libgnutls30:amd64 (3.5.13-2) ...
(Reading database ... (Reading database ... 5%(Reading database ... 10%(Reading database ... 15%(Reading database ... 20%(Reading database ... 25%(Reading database ... 30%(Reading database ... 35%(Reading database ... 40%(Reading database ... 45%(Reading database ... 50%(Reading database ... 55%(Reading database ... 60%(Reading database ... 65%(Reading database ... 70%(Reading database ... 75%(Reading database ... 80%(Reading database ... 85%(Reading database ... 90%(Reading database ... 95%(Reading database ... 100%(Reading database ... 10610 files and directories currently installed.)
Preparing to unpack .../apt_1.5~beta1_amd64.deb ...
Unpacking apt (1.5~beta1) over (1.4.6) ...
Setting up apt (1.5~beta1) ...
(Reading database ... (Reading database ... 5%(Reading database ... 10%(Reading database ... 15%(Reading database ... 20%(Reading database ... 25%(Reading database ... 30%(Reading database ... 35%(Reading database ... 40%(Reading database ... 45%(Reading database ... 50%(Reading database ... 55%(Reading database ... 60%(Reading database ... 65%(Reading database ... 70%(Reading database ... 75%(Reading database ... 80%(Reading database ... 85%(Reading database ... 90%(Reading database ... 95%(Reading database ... 100%(Reading database ... 10609 files and directories currently installed.)
Preparing to unpack .../debconf_1.5.62_all.deb ...
Unpacking debconf (1.5.62) over (1.5.61) ...
Setting up debconf (1.5.62) ...
(Reading database ... (Reading database ... 5%(Reading database ... 10%(Reading database ... 15%(Reading database ... 20%(Reading database ... 25%(Reading database ... 30%(Reading database ... 35%(Reading database ... 40%(Reading database ... 45%(Reading database ... 50%(Reading database ... 55%(Reading database ... 60%(Reading database ... 65%(Reading database ... 70%(Reading database ... 75%(Reading database ... 80%(Reading database ... 85%(Reading database ... 90%(Reading database ... 95%(Reading database ... 100%(Reading database ... 10609 files and directories currently installed.)
Preparing to unpack .../libsystemd0_233-10_amd64.deb ...
Unpacking libsystemd0:amd64 (233-10) over (233-9) ...
Setting up libsystemd0:amd64 (233-10) ...
(Reading database ... (Reading database ... 5%(Reading database ... 10%(Reading database ... 15%(Reading database ... 20%(Reading database ... 25%(Reading database ... 30%(Reading database ... 35%(Reading database ... 40%(Reading database ... 45%(Reading database ... 50%(Reading database ... 55%(Reading database ... 60%(Reading database ... 65%(Reading database ... 70%(Reading database ... 75%(Reading database ... 80%(Reading database ... 85%(Reading database ... 90%(Reading database ... 95%(Reading database ... 100%(Reading database ... 10609 files and directories currently installed.)
Preparing to unpack .../libudev1_233-10_amd64.deb ...
Unpacking libudev1:amd64 (233-10) over (233-9) ...
Setting up libudev1:amd64 (233-10) ...
(Reading database ... (Reading database ... 5%(Reading database ... 10%(Reading database ... 15%(Reading database ... 20%(Reading database ... 25%(Reading database ... 30%(Reading database ... 35%(Reading database ... 40%(Reading database ... 45%(Reading database ... 50%(Reading database ... 55%(Reading database ... 60%(Reading database ... 65%(Reading database ... 70%(Reading database ... 75%(Reading database ... 80%(Reading database ... 85%(Reading database ... 90%(Reading database ... 95%(Reading database ... 100%(Reading database ... 10609 files and directories currently installed.)
Preparing to unpack .../libdebconfclient0_0.229_amd64.deb ...
Unpacking libdebconfclient0:amd64 (0.229) over (0.228) ...
Setting up libdebconfclient0:amd64 (0.229) ...
(Reading database ... (Reading database ... 5%(Reading database ... 10%(Reading database ... 15%(Reading database ... 20%(Reading database ... 25%(Reading database ... 30%(Reading database ... 35%(Reading database ... 40%(Reading database ... 45%(Reading database ... 50%(Reading database ... 55%(Reading database ... 60%(Reading database ... 65%(Reading database ... 70%(Reading database ... 75%(Reading database ... 80%(Reading database ... 85%(Reading database ... 90%(Reading database ... 95%(Reading database ... 100%(Reading database ... 10609 files and directories currently installed.)
Preparing to unpack .../cpp_4%3a6.3.0-4d1_amd64.deb ...
Unpacking cpp (4:6.3.0-4d1) over (4:6.3.0-4) ...
Preparing to unpack .../gcc_4%3a6.3.0-4d1_amd64.deb ...
Removing old gcc doc directory.
Unpacking gcc (4:6.3.0-4d1) over (4:6.3.0-4) ...
Preparing to unpack .../g++_4%3a6.3.0-4d1_amd64.deb ...
Unpacking g++ (4:6.3.0-4d1) over (4:6.3.0-4) ...
Setting up cpp (4:6.3.0-4d1) ...
Setting up perl-modules-5.24 (5.24.1-6) ...
Setting up libperl5.24:amd64 (5.24.1-6) ...
Setting up gcc (4:6.3.0-4d1) ...
Setting up perl (5.24.1-6) ...
Processing triggers for libc-bin (2.24-12) ...
Setting up g++ (4:6.3.0-4d1) ...

+------------------------------------------------------------------------------+
| Fetch source files                                                           |
+------------------------------------------------------------------------------+


Check APT
---------

Checking available source versions...

Download source files with APT
------------------------------

Reading package lists...
NOTICE: 'orthanc-wsi' packaging is maintained in the 'Git' version control system at:
https://anonscm.debian.org/git/debian-med/orthanc-wsi.git
Please use:
git clone https://anonscm.debian.org/git/debian-med/orthanc-wsi.git
to retrieve the latest (possibly unreleased) updates to the package.
Need to get 507 kB of source archives.
Get:1 http://127.0.0.1:9999/debian unstable/main orthanc-wsi 0.4+dfsg-2 (dsc) [2281 B]
Get:2 http://127.0.0.1:9999/debian unstable/main orthanc-wsi 0.4+dfsg-2 (tar) [188 kB]
Get:3 http://127.0.0.1:9999/debian unstable/main orthanc-wsi 0.4+dfsg-2 (diff) [316 kB]
Fetched 507 kB in 0s (4635 kB/s)
Download complete and in download only mode
I: NOTICE: Log filtering will replace 'build/orthanc-wsi-3nEvqP/orthanc-wsi-0.4+dfsg' with '<<PKGBUILDDIR>>'
I: NOTICE: Log filtering will replace 'build/orthanc-wsi-3nEvqP' with '<<BUILDDIR>>'

+------------------------------------------------------------------------------+
| Install build-essential                                                      |
+------------------------------------------------------------------------------+


Setup apt archive
-----------------

Merged Build-Depends: build-essential, fakeroot
Filtered Build-Depends: build-essential, fakeroot
dpkg-deb: building package 'sbuild-build-depends-core-dummy' in '/<<BUILDDIR>>/resolver-Xm9JCD/apt_archive/sbuild-build-depends-core-dummy.deb'.
dpkg-scanpackages: warning: Packages in archive but missing from override file:
dpkg-scanpackages: warning:   sbuild-build-depends-core-dummy
dpkg-scanpackages: info: Wrote 1 entries to output Packages file.
Ign:1 copy:/<<BUILDDIR>>/resolver-Xm9JCD/apt_archive ./ InRelease
Get:2 copy:/<<BUILDDIR>>/resolver-Xm9JCD/apt_archive ./ Release [957 B]
Ign:3 copy:/<<BUILDDIR>>/resolver-Xm9JCD/apt_archive ./ Release.gpg
Get:4 copy:/<<BUILDDIR>>/resolver-Xm9JCD/apt_archive ./ Sources [349 B]
Get:5 copy:/<<BUILDDIR>>/resolver-Xm9JCD/apt_archive ./ Packages [432 B]
Fetched 1738 B in 0s (0 B/s)
Reading package lists...
Reading package lists...

Install core build dependencies (apt-based resolver)
----------------------------------------------------

Installing build dependencies
Reading package lists...
Building dependency tree...
Reading state information...
The following NEW packages will be installed:
  sbuild-build-depends-core-dummy
0 upgraded, 1 newly installed, 0 to remove and 0 not upgraded.
Need to get 784 B of archives.
After this operation, 0 B of additional disk space will be used.
Get:1 copy:/<<BUILDDIR>>/resolver-Xm9JCD/apt_archive ./ sbuild-build-depends-core-dummy 0.invalid.0 [784 B]
debconf: delaying package configuration, since apt-utils is not installed
Fetched 784 B in 0s (0 B/s)
Selecting previously unselected package sbuild-build-depends-core-dummy.
(Reading database ... 10611 files and directories currently installed.)
Preparing to unpack .../sbuild-build-depends-core-dummy_0.invalid.0_amd64.deb ...
Unpacking sbuild-build-depends-core-dummy (0.invalid.0) ...
Setting up sbuild-build-depends-core-dummy (0.invalid.0) ...

+------------------------------------------------------------------------------+
| Check architectures                                                          |
+------------------------------------------------------------------------------+

Arch check ok (amd64 included in any)

+------------------------------------------------------------------------------+
| Install package build dependencies                                           |
+------------------------------------------------------------------------------+


Setup apt archive
-----------------

Merged Build-Depends: cmake, debhelper (>= 9), libboost-all-dev, libcurl4-openssl-dev | libcurl4-dev, libdcmtk-dev, libjpeg-dev, libjsoncpp-dev, libopenjp2-7-dev, libpng-dev, libtiff5-dev, orthanc-dev (>= 1.1.0), uuid-dev, yui-compressor, zlib1g-dev
Filtered Build-Depends: cmake, debhelper (>= 9), libboost-all-dev, libcurl4-openssl-dev, libdcmtk-dev, libjpeg-dev, libjsoncpp-dev, libopenjp2-7-dev, libpng-dev, libtiff5-dev, orthanc-dev (>= 1.1.0), uuid-dev, yui-compressor, zlib1g-dev
dpkg-deb: building package 'sbuild-build-depends-orthanc-wsi-dummy' in '/<<BUILDDIR>>/resolver-Xm9JCD/apt_archive/sbuild-build-depends-orthanc-wsi-dummy.deb'.
dpkg-scanpackages: warning: Packages in archive but missing from override file:
dpkg-scanpackages: warning:   sbuild-build-depends-core-dummy sbuild-build-depends-orthanc-wsi-dummy
dpkg-scanpackages: info: Wrote 2 entries to output Packages file.
Ign:1 copy:/<<BUILDDIR>>/resolver-Xm9JCD/apt_archive ./ InRelease
Get:2 copy:/<<BUILDDIR>>/resolver-Xm9JCD/apt_archive ./ Release [963 B]
Ign:3 copy:/<<BUILDDIR>>/resolver-Xm9JCD/apt_archive ./ Release.gpg
Get:4 copy:/<<BUILDDIR>>/resolver-Xm9JCD/apt_archive ./ Sources [595 B]
Get:5 copy:/<<BUILDDIR>>/resolver-Xm9JCD/apt_archive ./ Packages [668 B]
Fetched 2226 B in 0s (0 B/s)
Reading package lists...
Reading package lists...

Install orthanc-wsi build dependencies (apt-based resolver)
-----------------------------------------------------------

Installing build dependencies
Reading package lists...
Building dependency tree...
Reading state information...
The following additional packages will be installed:
  autoconf automake autopoint autotools-dev bsdmainutils ca-certificates
  ca-certificates-java cmake cmake-data debhelper default-jre-headless
  dh-autoreconf dh-python dh-strip-nondeterminism file fontconfig-config
  fonts-dejavu-core gettext gettext-base groff-base icu-devtools
  intltool-debian java-common java-wrappers libarchive-zip-perl libarchive13
  libavahi-client3 libavahi-common-data libavahi-common3 libboost-all-dev
  libboost-atomic-dev libboost-atomic1.62-dev libboost-atomic1.62.0
  libboost-chrono-dev libboost-chrono1.62-dev libboost-chrono1.62.0
  libboost-context-dev libboost-context1.62-dev libboost-context1.62.0
  libboost-coroutine-dev libboost-coroutine1.62-dev libboost-coroutine1.62.0
  libboost-date-time-dev libboost-date-time1.62-dev libboost-date-time1.62.0
  libboost-dev libboost-exception-dev libboost-exception1.62-dev
  libboost-fiber-dev libboost-fiber1.62-dev libboost-fiber1.62.0
  libboost-filesystem-dev libboost-filesystem1.62-dev
  libboost-filesystem1.62.0 libboost-graph-dev libboost-graph-parallel-dev
  libboost-graph-parallel1.62-dev libboost-graph-parallel1.62.0
  libboost-graph1.62-dev libboost-graph1.62.0 libboost-iostreams-dev
  libboost-iostreams1.62-dev libboost-iostreams1.62.0 libboost-locale-dev
  libboost-locale1.62-dev libboost-locale1.62.0 libboost-log-dev
  libboost-log1.62-dev libboost-log1.62.0 libboost-math-dev
  libboost-math1.62-dev libboost-math1.62.0 libboost-mpi-dev
  libboost-mpi-python-dev libboost-mpi-python1.62-dev
  libboost-mpi-python1.62.0 libboost-mpi1.62-dev libboost-mpi1.62.0
  libboost-program-options-dev libboost-program-options1.62-dev
  libboost-program-options1.62.0 libboost-python-dev libboost-python1.62-dev
  libboost-python1.62.0 libboost-random-dev libboost-random1.62-dev
  libboost-random1.62.0 libboost-regex-dev libboost-regex1.62-dev
  libboost-regex1.62.0 libboost-serialization-dev
  libboost-serialization1.62-dev libboost-serialization1.62.0
  libboost-signals-dev libboost-signals1.62-dev libboost-signals1.62.0
  libboost-system-dev libboost-system1.62-dev libboost-system1.62.0
  libboost-test-dev libboost-test1.62-dev libboost-test1.62.0
  libboost-thread-dev libboost-thread1.62-dev libboost-thread1.62.0
  libboost-timer-dev libboost-timer1.62-dev libboost-timer1.62.0
  libboost-tools-dev libboost-type-erasure-dev libboost-type-erasure1.62-dev
  libboost-type-erasure1.62.0 libboost-wave-dev libboost-wave1.62-dev
  libboost-wave1.62.0 libboost1.62-dev libboost1.62-tools-dev libcharls-dev
  libcharls1 libcroco3 libcups2 libcurl3 libcurl4-openssl-dev libdbus-1-3
  libdcmtk-dev libdcmtk11 libexpat1 libexpat1-dev libfabric1
  libfile-stripnondeterminism-perl libfontconfig1 libfreetype6 libgfortran3
  libglib2.0-0 libgssapi-krb5-2 libhwloc-dev libhwloc-plugins libhwloc5
  libibverbs-dev libibverbs1 libicu-dev libicu57 libjargs-java libjbig-dev
  libjbig0 libjpeg-dev libjpeg62-turbo libjpeg62-turbo-dev libjsoncpp-dev
  libk5crypto3 libkeyutils1 libkrb5-3 libkrb5support0 liblcms2-2 libldap-2.4-2
  libldap-common libltdl-dev libltdl7 liblzma-dev liblzo2-2 libmagic-mgc
  libmagic1 libmpdec2 libnghttp2-14 libnl-3-200 libnl-route-3-200 libnspr4
  libnss3 libnuma-dev libnuma1 libopenjp2-7 libopenjp2-7-dev libopenmpi-dev
  libopenmpi2 libpciaccess0 libpcsclite1 libpipeline1 libpng-dev libpng16-16
  libprocps6 libpsl5 libpsm-infinipath1 libpython-dev libpython-stdlib
  libpython2.7 libpython2.7-dev libpython2.7-minimal libpython2.7-stdlib
  libpython3-dev libpython3-stdlib libpython3.5 libpython3.5-dev
  libpython3.5-minimal libpython3.5-stdlib librdmacm1 libreadline7 librtmp1
  libsasl2-2 libsasl2-modules-db libsigsegv2 libsqlite3-0 libssh2-1 libssl-dev
  libssl1.0.2 libssl1.1 libtiff5 libtiff5-dev libtiffxx5 libtimedate-perl
  libtool libuv1 libwrap0 libwrap0-dev libx11-6 libx11-data libxau6 libxcb1
  libxdmcp6 libxext6 libxi6 libxml2 libxml2-dev libxrender1 libxtst6 lsb-base
  m4 man-db mime-support mpi-default-bin mpi-default-dev ocl-icd-libopencl1
  openjdk-8-jre-headless openmpi-bin openmpi-common openssl orthanc-dev
  po-debconf procps python python-dev python-minimal python2.7 python2.7-dev
  python2.7-minimal python3 python3-dev python3-minimal python3.5
  python3.5-dev python3.5-minimal readline-common ucf unzip uuid-dev
  x11-common yui-compressor zlib1g-dev
Suggested packages:
  autoconf-archive gnu-standards autoconf-doc wamerican | wordlist whois
  vacation codeblocks eclipse ninja-build dh-make default-jre gettext-doc
  libasprintf-dev libgettextpo-dev groff lrzip libboost-doc graphviz
  libboost1.62-doc gccxml libmpfrc++-dev libntl-dev xsltproc doxygen
  docbook-xml docbook-xsl default-jdk fop cups-common libcurl4-doc
  libcurl3-dbg libidn11-dev libkrb5-dev libldap2-dev librtmp-dev libssh2-1-dev
  libssl1.0-dev | libssl-dev pkg-config dcmtk-doc krb5-doc krb5-user
  libhwloc-contrib-plugins icu-doc libjargs-java-doc liblcms2-utils
  libtool-doc liblzma-doc openmpi-doc pciutils pcscd gfortran
  | fortran95-compiler gcj-jdk m4-doc less www-browser opencl-icd libnss-mdns
  fonts-dejavu-extra fonts-ipafont-gothic fonts-ipafont-mincho
  fonts-wqy-microhei fonts-wqy-zenhei fonts-indic gfortran libmail-box-perl
  python-doc python-tk python2.7-doc binfmt-support python3-doc python3-tk
  python3-venv python3.5-venv python3.5-doc readline-doc zip
Recommended packages:
  curl | wget | lynx-cur dbus libarchive-cpio-perl libglib2.0-data
  shared-mime-info xdg-user-dirs krb5-locales libpng-tools publicsuffix
  libsasl2-modules libssl-doc tcpd xml-core libmail-sendmail-perl psmisc
The following NEW packages will be installed:
  autoconf automake autopoint autotools-dev bsdmainutils ca-certificates
  ca-certificates-java cmake cmake-data debhelper default-jre-headless
  dh-autoreconf dh-python dh-strip-nondeterminism file fontconfig-config
  fonts-dejavu-core gettext gettext-base groff-base icu-devtools
  intltool-debian java-common java-wrappers libarchive-zip-perl libarchive13
  libavahi-client3 libavahi-common-data libavahi-common3 libboost-all-dev
  libboost-atomic-dev libboost-atomic1.62-dev libboost-atomic1.62.0
  libboost-chrono-dev libboost-chrono1.62-dev libboost-chrono1.62.0
  libboost-context-dev libboost-context1.62-dev libboost-context1.62.0
  libboost-coroutine-dev libboost-coroutine1.62-dev libboost-coroutine1.62.0
  libboost-date-time-dev libboost-date-time1.62-dev libboost-date-time1.62.0
  libboost-dev libboost-exception-dev libboost-exception1.62-dev
  libboost-fiber-dev libboost-fiber1.62-dev libboost-fiber1.62.0
  libboost-filesystem-dev libboost-filesystem1.62-dev
  libboost-filesystem1.62.0 libboost-graph-dev libboost-graph-parallel-dev
  libboost-graph-parallel1.62-dev libboost-graph-parallel1.62.0
  libboost-graph1.62-dev libboost-graph1.62.0 libboost-iostreams-dev
  libboost-iostreams1.62-dev libboost-iostreams1.62.0 libboost-locale-dev
  libboost-locale1.62-dev libboost-locale1.62.0 libboost-log-dev
  libboost-log1.62-dev libboost-log1.62.0 libboost-math-dev
  libboost-math1.62-dev libboost-math1.62.0 libboost-mpi-dev
  libboost-mpi-python-dev libboost-mpi-python1.62-dev
  libboost-mpi-python1.62.0 libboost-mpi1.62-dev libboost-mpi1.62.0
  libboost-program-options-dev libboost-program-options1.62-dev
  libboost-program-options1.62.0 libboost-python-dev libboost-python1.62-dev
  libboost-python1.62.0 libboost-random-dev libboost-random1.62-dev
  libboost-random1.62.0 libboost-regex-dev libboost-regex1.62-dev
  libboost-regex1.62.0 libboost-serialization-dev
  libboost-serialization1.62-dev libboost-serialization1.62.0
  libboost-signals-dev libboost-signals1.62-dev libboost-signals1.62.0
  libboost-system-dev libboost-system1.62-dev libboost-system1.62.0
  libboost-test-dev libboost-test1.62-dev libboost-test1.62.0
  libboost-thread-dev libboost-thread1.62-dev libboost-thread1.62.0
  libboost-timer-dev libboost-timer1.62-dev libboost-timer1.62.0
  libboost-tools-dev libboost-type-erasure-dev libboost-type-erasure1.62-dev
  libboost-type-erasure1.62.0 libboost-wave-dev libboost-wave1.62-dev
  libboost-wave1.62.0 libboost1.62-dev libboost1.62-tools-dev libcharls-dev
  libcharls1 libcroco3 libcups2 libcurl3 libcurl4-openssl-dev libdbus-1-3
  libdcmtk-dev libdcmtk11 libexpat1 libexpat1-dev libfabric1
  libfile-stripnondeterminism-perl libfontconfig1 libfreetype6 libgfortran3
  libglib2.0-0 libgssapi-krb5-2 libhwloc-dev libhwloc-plugins libhwloc5
  libibverbs-dev libibverbs1 libicu-dev libicu57 libjargs-java libjbig-dev
  libjbig0 libjpeg-dev libjpeg62-turbo libjpeg62-turbo-dev libjsoncpp-dev
  libk5crypto3 libkeyutils1 libkrb5-3 libkrb5support0 liblcms2-2 libldap-2.4-2
  libldap-common libltdl-dev libltdl7 liblzma-dev liblzo2-2 libmagic-mgc
  libmagic1 libmpdec2 libnghttp2-14 libnl-3-200 libnl-route-3-200 libnspr4
  libnss3 libnuma-dev libnuma1 libopenjp2-7 libopenjp2-7-dev libopenmpi-dev
  libopenmpi2 libpciaccess0 libpcsclite1 libpipeline1 libpng-dev libpng16-16
  libprocps6 libpsl5 libpsm-infinipath1 libpython-dev libpython-stdlib
  libpython2.7 libpython2.7-dev libpython2.7-minimal libpython2.7-stdlib
  libpython3-dev libpython3-stdlib libpython3.5 libpython3.5-dev
  libpython3.5-minimal libpython3.5-stdlib librdmacm1 libreadline7 librtmp1
  libsasl2-2 libsasl2-modules-db libsigsegv2 libsqlite3-0 libssh2-1 libssl-dev
  libssl1.0.2 libssl1.1 libtiff5 libtiff5-dev libtiffxx5 libtimedate-perl
  libtool libuv1 libwrap0 libwrap0-dev libx11-6 libx11-data libxau6 libxcb1
  libxdmcp6 libxext6 libxi6 libxml2 libxml2-dev libxrender1 libxtst6 lsb-base
  m4 man-db mime-support mpi-default-bin mpi-default-dev ocl-icd-libopencl1
  openjdk-8-jre-headless openmpi-bin openmpi-common openssl orthanc-dev
  po-debconf procps python python-dev python-minimal python2.7 python2.7-dev
  python2.7-minimal python3 python3-dev python3-minimal python3.5
  python3.5-dev python3.5-minimal readline-common
  sbuild-build-depends-orthanc-wsi-dummy ucf unzip uuid-dev x11-common
  yui-compressor zlib1g-dev
0 upgraded, 258 newly installed, 0 to remove and 0 not upgraded.
Need to get 192 MB of archives.
After this operation, 721 MB of additional disk space will be used.
Get:1 copy:/<<BUILDDIR>>/resolver-Xm9JCD/apt_archive ./ sbuild-build-depends-orthanc-wsi-dummy 0.invalid.0 [884 B]
Get:2 http://127.0.0.1:9999/debian unstable/main amd64 groff-base amd64 1.22.3-9 [1160 kB]
Get:3 http://127.0.0.1:9999/debian unstable/main amd64 bsdmainutils amd64 9.0.12+nmu1 [186 kB]
Get:4 http://127.0.0.1:9999/debian unstable/main amd64 libpipeline1 amd64 1.4.1-2 [27.6 kB]
Get:5 http://127.0.0.1:9999/debian unstable/main amd64 man-db amd64 2.7.6.1-2 [1044 kB]
Get:6 http://127.0.0.1:9999/debian unstable/main amd64 libpython2.7-minimal amd64 2.7.13-2 [389 kB]
Get:7 http://127.0.0.1:9999/debian unstable/main amd64 python2.7-minimal amd64 2.7.13-2 [1383 kB]
Get:8 http://127.0.0.1:9999/debian unstable/main amd64 python-minimal amd64 2.7.13-2 [40.5 kB]
Get:9 http://127.0.0.1:9999/debian unstable/main amd64 mime-support all 3.60 [36.7 kB]
Get:10 http://127.0.0.1:9999/debian unstable/main amd64 libexpat1 amd64 2.2.1-3 [85.6 kB]
Get:11 http://127.0.0.1:9999/debian unstable/main amd64 readline-common all 7.0-3 [70.4 kB]
Get:12 http://127.0.0.1:9999/debian unstable/main amd64 libreadline7 amd64 7.0-3 [151 kB]
Get:13 http://127.0.0.1:9999/debian unstable/main amd64 libsqlite3-0 amd64 3.16.2-5 [572 kB]
Get:14 http://127.0.0.1:9999/debian unstable/main amd64 libssl1.1 amd64 1.1.0f-3 [1342 kB]
Get:15 http://127.0.0.1:9999/debian unstable/main amd64 libpython2.7-stdlib amd64 2.7.13-2 [1895 kB]
Get:16 http://127.0.0.1:9999/debian unstable/main amd64 python2.7 amd64 2.7.13-2 [285 kB]
Get:17 http://127.0.0.1:9999/debian unstable/main amd64 libpython-stdlib amd64 2.7.13-2 [20.0 kB]
Get:18 http://127.0.0.1:9999/debian unstable/main amd64 python amd64 2.7.13-2 [154 kB]
Get:19 http://127.0.0.1:9999/debian unstable/main amd64 cmake-data all 3.7.2-1 [1216 kB]
Get:20 http://127.0.0.1:9999/debian unstable/main amd64 libprocps6 amd64 2:3.3.12-3 [58.1 kB]
Get:21 http://127.0.0.1:9999/debian unstable/main amd64 lsb-base all 9.20161125 [27.9 kB]
Get:22 http://127.0.0.1:9999/debian unstable/main amd64 procps amd64 2:3.3.12-3 [249 kB]
Get:23 http://127.0.0.1:9999/debian unstable/main amd64 liblzo2-2 amd64 2.08-1.2+b2 [55.0 kB]
Get:24 http://127.0.0.1:9999/debian unstable/main amd64 libicu57 amd64 57.1-6 [7701 kB]
Get:25 http://127.0.0.1:9999/debian unstable/main amd64 libxml2 amd64 2.9.4+dfsg1-3 [715 kB]
Get:26 http://127.0.0.1:9999/debian unstable/main amd64 libarchive13 amd64 3.2.2-2 [294 kB]
Get:27 http://127.0.0.1:9999/debian unstable/main amd64 libkeyutils1 amd64 1.5.9-9 [12.4 kB]
Get:28 http://127.0.0.1:9999/debian unstable/main amd64 libkrb5support0 amd64 1.15-1 [61.7 kB]
Get:29 http://127.0.0.1:9999/debian unstable/main amd64 libk5crypto3 amd64 1.15-1 [119 kB]
Get:30 http://127.0.0.1:9999/debian unstable/main amd64 libkrb5-3 amd64 1.15-1 [311 kB]
Get:31 http://127.0.0.1:9999/debian unstable/main amd64 libgssapi-krb5-2 amd64 1.15-1 [154 kB]
Get:32 http://127.0.0.1:9999/debian unstable/main amd64 libsasl2-modules-db amd64 2.1.27~101-g0780600+dfsg-3 [68.2 kB]
Get:33 http://127.0.0.1:9999/debian unstable/main amd64 libsasl2-2 amd64 2.1.27~101-g0780600+dfsg-3 [105 kB]
Get:34 http://127.0.0.1:9999/debian unstable/main amd64 libldap-common all 2.4.44+dfsg-7 [85.2 kB]
Get:35 http://127.0.0.1:9999/debian unstable/main amd64 libldap-2.4-2 amd64 2.4.44+dfsg-7 [219 kB]
Get:36 http://127.0.0.1:9999/debian unstable/main amd64 libnghttp2-14 amd64 1.24.0-1 [81.6 kB]
Get:37 http://127.0.0.1:9999/debian unstable/main amd64 libpsl5 amd64 0.17.0-4+b1 [43.0 kB]
Get:38 http://127.0.0.1:9999/debian unstable/main amd64 librtmp1 amd64 2.4+20151223.gitfa8646d.1-1+b1 [60.4 kB]
Get:39 http://127.0.0.1:9999/debian unstable/main amd64 libssh2-1 amd64 1.8.0-1 [138 kB]
Get:40 http://127.0.0.1:9999/debian unstable/main amd64 libssl1.0.2 amd64 1.0.2l-2 [1294 kB]
Get:41 http://127.0.0.1:9999/debian unstable/main amd64 libcurl3 amd64 7.52.1-5 [291 kB]
Get:42 http://127.0.0.1:9999/debian unstable/main amd64 libuv1 amd64 1.9.1-3 [84.4 kB]
Get:43 http://127.0.0.1:9999/debian unstable/main amd64 cmake amd64 3.7.2-1 [3038 kB]
Get:44 http://127.0.0.1:9999/debian unstable/main amd64 libxau6 amd64 1:1.0.8-1 [20.7 kB]
Get:45 http://127.0.0.1:9999/debian unstable/main amd64 openssl amd64 1.1.0f-3 [725 kB]
Get:46 http://127.0.0.1:9999/debian unstable/main amd64 ca-certificates all 20161130+nmu1 [196 kB]
Get:47 http://127.0.0.1:9999/debian unstable/main amd64 java-common all 0.59 [13.6 kB]
Get:48 http://127.0.0.1:9999/debian unstable/main amd64 default-jre-headless amd64 2:1.8-59 [10.0 kB]
Get:49 http://127.0.0.1:9999/debian unstable/main amd64 libnspr4 amd64 2:4.15-1 [117 kB]
Get:50 http://127.0.0.1:9999/debian unstable/main amd64 libnss3 amd64 2:3.31-1 [1160 kB]
Get:51 http://127.0.0.1:9999/debian unstable/main amd64 ca-certificates-java all 20170531+nmu1 [14.7 kB]
Get:52 http://127.0.0.1:9999/debian unstable/main amd64 libavahi-common-data amd64 0.6.32-2 [118 kB]
Get:53 http://127.0.0.1:9999/debian unstable/main amd64 libavahi-common3 amd64 0.6.32-2 [52.0 kB]
Get:54 http://127.0.0.1:9999/debian unstable/main amd64 libdbus-1-3 amd64 1.10.20-1 [193 kB]
Get:55 http://127.0.0.1:9999/debian unstable/main amd64 libavahi-client3 amd64 0.6.32-2 [55.3 kB]
Get:56 http://127.0.0.1:9999/debian unstable/main amd64 libcups2 amd64 2.2.4-1 [313 kB]
Get:57 http://127.0.0.1:9999/debian unstable/main amd64 liblcms2-2 amd64 2.8-4 [143 kB]
Get:58 http://127.0.0.1:9999/debian unstable/main amd64 libjpeg62-turbo amd64 1:1.5.1-2 [134 kB]
Get:59 http://127.0.0.1:9999/debian unstable/main amd64 libpng16-16 amd64 1.6.29-3 [281 kB]
Get:60 http://127.0.0.1:9999/debian unstable/main amd64 libfreetype6 amd64 2.8-0.2 [449 kB]
Get:61 http://127.0.0.1:9999/debian unstable/main amd64 ucf all 3.0036 [70.2 kB]
Get:62 http://127.0.0.1:9999/debian unstable/main amd64 fonts-dejavu-core all 2.37-1 [1068 kB]
Get:63 http://127.0.0.1:9999/debian unstable/main amd64 fontconfig-config all 2.12.3-0.1 [303 kB]
Get:64 http://127.0.0.1:9999/debian unstable/main amd64 libfontconfig1 amd64 2.12.3-0.1 [366 kB]
Get:65 http://127.0.0.1:9999/debian unstable/main amd64 libpcsclite1 amd64 1.8.22-1 [57.2 kB]
Get:66 http://127.0.0.1:9999/debian unstable/main amd64 libxdmcp6 amd64 1:1.1.2-3 [26.3 kB]
Get:67 http://127.0.0.1:9999/debian unstable/main amd64 libxcb1 amd64 1.12-1 [133 kB]
Get:68 http://127.0.0.1:9999/debian unstable/main amd64 libx11-data all 2:1.6.4-3 [290 kB]
Get:69 http://127.0.0.1:9999/debian unstable/main amd64 libx11-6 amd64 2:1.6.4-3 [747 kB]
Get:70 http://127.0.0.1:9999/debian unstable/main amd64 libxext6 amd64 2:1.3.3-1+b2 [52.5 kB]
Get:71 http://127.0.0.1:9999/debian unstable/main amd64 libxi6 amd64 2:1.7.9-1 [82.6 kB]
Get:72 http://127.0.0.1:9999/debian unstable/main amd64 libxrender1 amd64 1:0.9.10-1 [33.0 kB]
Get:73 http://127.0.0.1:9999/debian unstable/main amd64 x11-common all 1:7.7+19 [251 kB]
Get:74 http://127.0.0.1:9999/debian unstable/main amd64 libxtst6 amd64 2:1.2.3-1 [27.8 kB]
Get:75 http://127.0.0.1:9999/debian unstable/main amd64 openjdk-8-jre-headless amd64 8u131-b11-2 [27.7 MB]
Get:76 http://127.0.0.1:9999/debian unstable/main amd64 libpython3.5-minimal amd64 3.5.3-3 [577 kB]
Get:77 http://127.0.0.1:9999/debian unstable/main amd64 python3.5-minimal amd64 3.5.3-3 [1695 kB]
Get:78 http://127.0.0.1:9999/debian unstable/main amd64 python3-minimal amd64 3.5.3-3 [35.4 kB]
Get:79 http://127.0.0.1:9999/debian unstable/main amd64 libmpdec2 amd64 2.4.2-1 [85.2 kB]
Get:80 http://127.0.0.1:9999/debian unstable/main amd64 libpython3.5-stdlib amd64 3.5.3-3 [2170 kB]
Get:81 http://127.0.0.1:9999/debian unstable/main amd64 python3.5 amd64 3.5.3-3 [237 kB]
Get:82 http://127.0.0.1:9999/debian unstable/main amd64 libpython3-stdlib amd64 3.5.3-3 [18.8 kB]
Get:83 http://127.0.0.1:9999/debian unstable/main amd64 dh-python all 2.20170125 [86.8 kB]
Get:84 http://127.0.0.1:9999/debian unstable/main amd64 python3 amd64 3.5.3-3 [21.8 kB]
Get:85 http://127.0.0.1:9999/debian unstable/main amd64 libmagic-mgc amd64 1:5.30-1 [222 kB]
Get:86 http://127.0.0.1:9999/debian unstable/main amd64 libmagic1 amd64 1:5.30-1 [111 kB]
Get:87 http://127.0.0.1:9999/debian unstable/main amd64 file amd64 1:5.30-1 [63.9 kB]
Get:88 http://127.0.0.1:9999/debian unstable/main amd64 gettext-base amd64 0.19.8.1-2+b1 [122 kB]
Get:89 http://127.0.0.1:9999/debian unstable/main amd64 libwrap0 amd64 7.6.q-26 [58.2 kB]
Get:90 http://127.0.0.1:9999/debian unstable/main amd64 libsigsegv2 amd64 2.11-1 [29.9 kB]
Get:91 http://127.0.0.1:9999/debian unstable/main amd64 m4 amd64 1.4.18-1 [202 kB]
Get:92 http://127.0.0.1:9999/debian unstable/main amd64 autoconf all 2.69-10 [338 kB]
Get:93 http://127.0.0.1:9999/debian unstable/main amd64 autotools-dev all 20161112.1 [73.4 kB]
Get:94 http://127.0.0.1:9999/debian unstable/main amd64 automake all 1:1.15.1-2 [736 kB]
Get:95 http://127.0.0.1:9999/debian unstable/main amd64 autopoint all 0.19.8.1-2 [433 kB]
Get:96 http://127.0.0.1:9999/debian unstable/main amd64 libtool all 2.4.6-2 [545 kB]
Get:97 http://127.0.0.1:9999/debian unstable/main amd64 dh-autoreconf all 14 [15.9 kB]
Get:98 http://127.0.0.1:9999/debian unstable/main amd64 libarchive-zip-perl all 1.59-1 [95.5 kB]
Get:99 http://127.0.0.1:9999/debian unstable/main amd64 libfile-stripnondeterminism-perl all 0.035-2 [17.0 kB]
Get:100 http://127.0.0.1:9999/debian unstable/main amd64 libtimedate-perl all 2.3000-2 [42.2 kB]
Get:101 http://127.0.0.1:9999/debian unstable/main amd64 dh-strip-nondeterminism all 0.035-2 [10.7 kB]
Get:102 http://127.0.0.1:9999/debian unstable/main amd64 libglib2.0-0 amd64 2.52.3-1 [2742 kB]
Get:103 http://127.0.0.1:9999/debian unstable/main amd64 libcroco3 amd64 0.6.12-1 [144 kB]
Get:104 http://127.0.0.1:9999/debian unstable/main amd64 gettext amd64 0.19.8.1-2+b1 [1301 kB]
Get:105 http://127.0.0.1:9999/debian unstable/main amd64 intltool-debian all 0.35.0+20060710.4 [26.3 kB]
Get:106 http://127.0.0.1:9999/debian unstable/main amd64 po-debconf all 1.0.20 [247 kB]
Get:107 http://127.0.0.1:9999/debian unstable/main amd64 debhelper all 10.6.2 [968 kB]
Get:108 http://127.0.0.1:9999/debian unstable/main amd64 icu-devtools amd64 57.1-6 [178 kB]
Get:109 http://127.0.0.1:9999/debian unstable/main amd64 unzip amd64 6.0-21 [170 kB]
Get:110 http://127.0.0.1:9999/debian unstable/main amd64 java-wrappers all 0.1.28 [10.7 kB]
Get:111 http://127.0.0.1:9999/debian unstable/main amd64 libboost1.62-dev amd64 1.62.0+dfsg-4+b1 [7053 kB]
Get:112 http://127.0.0.1:9999/debian unstable/main amd64 libboost-dev amd64 1.62.0.1 [3632 B]
Get:113 http://127.0.0.1:9999/debian unstable/main amd64 libboost1.62-tools-dev amd64 1.62.0+dfsg-4+b1 [1202 kB]
Get:114 http://127.0.0.1:9999/debian unstable/main amd64 libboost-tools-dev amd64 1.62.0.1 [3592 B]
Get:115 http://127.0.0.1:9999/debian unstable/main amd64 libboost-atomic1.62.0 amd64 1.62.0+dfsg-4+b1 [30.8 kB]
Get:116 http://127.0.0.1:9999/debian unstable/main amd64 libboost-atomic1.62-dev amd64 1.62.0+dfsg-4+b1 [29.7 kB]
Get:117 http://127.0.0.1:9999/debian unstable/main amd64 libboost-atomic-dev amd64 1.62.0.1 [3726 B]
Get:118 http://127.0.0.1:9999/debian unstable/main amd64 libboost-system1.62.0 amd64 1.62.0+dfsg-4+b1 [32.7 kB]
Get:119 http://127.0.0.1:9999/debian unstable/main amd64 libboost-chrono1.62.0 amd64 1.62.0+dfsg-4+b1 [36.3 kB]
Get:120 http://127.0.0.1:9999/debian unstable/main amd64 libboost-chrono1.62-dev amd64 1.62.0+dfsg-4+b1 [36.7 kB]
Get:121 http://127.0.0.1:9999/debian unstable/main amd64 libboost-chrono-dev amd64 1.62.0.1 [4048 B]
Get:122 http://127.0.0.1:9999/debian unstable/main amd64 libboost-context1.62.0 amd64 1.62.0+dfsg-4+b1 [31.8 kB]
Get:123 http://127.0.0.1:9999/debian unstable/main amd64 libboost-context1.62-dev amd64 1.62.0+dfsg-4+b1 [31.1 kB]
Get:124 http://127.0.0.1:9999/debian unstable/main amd64 libboost-context-dev amd64 1.62.0.1 [3618 B]
Get:125 http://127.0.0.1:9999/debian unstable/main amd64 libboost-thread1.62.0 amd64 1.62.0+dfsg-4+b1 [71.8 kB]
Get:126 http://127.0.0.1:9999/debian unstable/main amd64 libboost-coroutine1.62.0 amd64 1.62.0+dfsg-4+b1 [44.2 kB]
Get:127 http://127.0.0.1:9999/debian unstable/main amd64 libboost-coroutine1.62-dev amd64 1.62.0+dfsg-4+b1 [44.8 kB]
Get:128 http://127.0.0.1:9999/debian unstable/main amd64 libboost-coroutine-dev amd64 1.62.0.1 [3690 B]
Get:129 http://127.0.0.1:9999/debian unstable/main amd64 libboost-date-time1.62.0 amd64 1.62.0+dfsg-4+b1 [43.2 kB]
Get:130 http://127.0.0.1:9999/debian unstable/main amd64 libboost-serialization1.62.0 amd64 1.62.0+dfsg-4+b1 [126 kB]
Get:131 http://127.0.0.1:9999/debian unstable/main amd64 libboost-serialization1.62-dev amd64 1.62.0+dfsg-4+b1 [163 kB]
Get:132 http://127.0.0.1:9999/debian unstable/main amd64 libboost-date-time1.62-dev amd64 1.62.0+dfsg-4+b1 [50.4 kB]
Get:133 http://127.0.0.1:9999/debian unstable/main amd64 libboost-date-time-dev amd64 1.62.0.1 [3418 B]
Get:134 http://127.0.0.1:9999/debian unstable/main amd64 libboost-exception1.62-dev amd64 1.62.0+dfsg-4+b1 [29.1 kB]
Get:135 http://127.0.0.1:9999/debian unstable/main amd64 libboost-exception-dev amd64 1.62.0.1 [3410 B]
Get:136 http://127.0.0.1:9999/debian unstable/main amd64 libboost-fiber1.62.0 amd64 1.62.0+dfsg-4+b1 [50.7 kB]
Get:137 http://127.0.0.1:9999/debian unstable/main amd64 libboost-fiber1.62-dev amd64 1.62.0+dfsg-4+b1 [54.2 kB]
Get:138 http://127.0.0.1:9999/debian unstable/main amd64 libboost-fiber-dev amd64 1.62.0.1 [3840 B]
Get:139 http://127.0.0.1:9999/debian unstable/main amd64 libboost-filesystem1.62.0 amd64 1.62.0+dfsg-4+b1 [63.6 kB]
Get:140 http://127.0.0.1:9999/debian unstable/main amd64 libboost-system1.62-dev amd64 1.62.0+dfsg-4+b1 [34.2 kB]
Get:141 http://127.0.0.1:9999/debian unstable/main amd64 libboost-filesystem1.62-dev amd64 1.62.0+dfsg-4+b1 [73.2 kB]
Get:142 http://127.0.0.1:9999/debian unstable/main amd64 libboost-filesystem-dev amd64 1.62.0.1 [3448 B]
Get:143 http://127.0.0.1:9999/debian unstable/main amd64 libboost-regex1.62.0 amd64 1.62.0+dfsg-4+b1 [288 kB]
Get:144 http://127.0.0.1:9999/debian unstable/main amd64 libboost-graph1.62.0 amd64 1.62.0+dfsg-4+b1 [119 kB]
Get:145 http://127.0.0.1:9999/debian unstable/main amd64 libboost-timer1.62.0 amd64 1.62.0+dfsg-4+b1 [34.8 kB]
Get:146 http://127.0.0.1:9999/debian unstable/main amd64 libboost-test1.62.0 amd64 1.62.0+dfsg-4+b1 [255 kB]
Get:147 http://127.0.0.1:9999/debian unstable/main amd64 libboost-test1.62-dev amd64 1.62.0+dfsg-4+b1 [301 kB]
Get:148 http://127.0.0.1:9999/debian unstable/main amd64 libboost-graph1.62-dev amd64 1.62.0+dfsg-4+b1 [127 kB]
Get:149 http://127.0.0.1:9999/debian unstable/main amd64 libboost-graph-dev amd64 1.62.0.1 [3510 B]
Get:150 http://127.0.0.1:9999/debian unstable/main amd64 libnl-3-200 amd64 3.2.27-2 [61.5 kB]
Get:151 http://127.0.0.1:9999/debian unstable/main amd64 libnl-route-3-200 amd64 3.2.27-2 [136 kB]
Get:152 http://127.0.0.1:9999/debian unstable/main amd64 libibverbs1 amd64 1.2.1-2 [39.3 kB]
Get:153 http://127.0.0.1:9999/debian unstable/main amd64 libpsm-infinipath1 amd64 3.3+19.g67c0807.open-3 [169 kB]
Get:154 http://127.0.0.1:9999/debian unstable/main amd64 librdmacm1 amd64 1.1.0-2 [49.4 kB]
Get:155 http://127.0.0.1:9999/debian unstable/main amd64 libfabric1 amd64 1.4.0-1 [259 kB]
Get:156 http://127.0.0.1:9999/debian unstable/main amd64 libgfortran3 amd64 6.4.0-1 [265 kB]
Get:157 http://127.0.0.1:9999/debian unstable/main amd64 libltdl7 amd64 2.4.6-2 [389 kB]
Get:158 http://127.0.0.1:9999/debian unstable/main amd64 libnuma1 amd64 2.0.11-2.1 [33.3 kB]
Get:159 http://127.0.0.1:9999/debian unstable/main amd64 libhwloc5 amd64 1.11.5-1 [105 kB]
Get:160 http://127.0.0.1:9999/debian unstable/main amd64 libpciaccess0 amd64 0.13.4-1+b2 [50.0 kB]
Get:161 http://127.0.0.1:9999/debian unstable/main amd64 ocl-icd-libopencl1 amd64 2.2.11-1 [36.8 kB]
Get:162 http://127.0.0.1:9999/debian unstable/main amd64 libhwloc-plugins amd64 1.11.5-1 [16.1 kB]
Get:163 http://127.0.0.1:9999/debian unstable/main amd64 libopenmpi2 amd64 2.1.1-6 [2062 kB]
Get:164 http://127.0.0.1:9999/debian unstable/main amd64 libboost-mpi1.62.0 amd64 1.62.0+dfsg-4+b1 [70.9 kB]
Get:165 http://127.0.0.1:9999/debian unstable/main amd64 libboost-graph-parallel1.62.0 amd64 1.62.0+dfsg-4+b1 [86.4 kB]
Get:166 http://127.0.0.1:9999/debian unstable/main amd64 libboost-graph-parallel1.62-dev amd64 1.62.0+dfsg-4+b1 [89.1 kB]
Get:167 http://127.0.0.1:9999/debian unstable/main amd64 libboost-graph-parallel-dev amd64 1.62.0.1 [3546 B]
Get:168 http://127.0.0.1:9999/debian unstable/main amd64 libicu-dev amd64 57.1-6 [16.5 MB]
Get:169 http://127.0.0.1:9999/debian unstable/main amd64 libboost-regex1.62-dev amd64 1.62.0+dfsg-4+b1 [335 kB]
Get:170 http://127.0.0.1:9999/debian unstable/main amd64 libboost-iostreams1.62.0 amd64 1.62.0+dfsg-4+b1 [51.1 kB]
Get:171 http://127.0.0.1:9999/debian unstable/main amd64 libboost-iostreams1.62-dev amd64 1.62.0+dfsg-4+b1 [57.5 kB]
Get:172 http://127.0.0.1:9999/debian unstable/main amd64 libboost-iostreams-dev amd64 1.62.0.1 [3408 B]
Get:173 http://127.0.0.1:9999/debian unstable/main amd64 libboost-locale1.62.0 amd64 1.62.0+dfsg-4+b1 [263 kB]
Get:174 http://127.0.0.1:9999/debian unstable/main amd64 libboost-locale1.62-dev amd64 1.62.0+dfsg-4+b1 [339 kB]
Get:175 http://127.0.0.1:9999/debian unstable/main amd64 libboost-locale-dev amd64 1.62.0.1 [3752 B]
Get:176 http://127.0.0.1:9999/debian unstable/main amd64 libboost-log1.62.0 amd64 1.62.0+dfsg-4+b1 [398 kB]
Get:177 http://127.0.0.1:9999/debian unstable/main amd64 libboost-thread1.62-dev amd64 1.62.0+dfsg-4+b1 [71.6 kB]
Get:178 http://127.0.0.1:9999/debian unstable/main amd64 libboost-log1.62-dev amd64 1.62.0+dfsg-4+b1 [545 kB]
Get:179 http://127.0.0.1:9999/debian unstable/main amd64 libboost-log-dev amd64 1.62.0.1 [3616 B]
Get:180 http://127.0.0.1:9999/debian unstable/main amd64 libboost-math1.62.0 amd64 1.62.0+dfsg-4+b1 [315 kB]
Get:181 http://127.0.0.1:9999/debian unstable/main amd64 libboost-math1.62-dev amd64 1.62.0+dfsg-4+b1 [540 kB]
Get:182 http://127.0.0.1:9999/debian unstable/main amd64 libboost-math-dev amd64 1.62.0.1 [3618 B]
Get:183 http://127.0.0.1:9999/debian unstable/main amd64 openmpi-common all 2.1.1-6 [154 kB]
Get:184 http://127.0.0.1:9999/debian unstable/main amd64 libibverbs-dev amd64 1.2.1-2 [107 kB]
Get:185 http://127.0.0.1:9999/debian unstable/main amd64 libnuma-dev amd64 2.0.11-2.1 [46.0 kB]
Get:186 http://127.0.0.1:9999/debian unstable/main amd64 libltdl-dev amd64 2.4.6-2 [161 kB]
Get:187 http://127.0.0.1:9999/debian unstable/main amd64 libhwloc-dev amd64 1.11.5-1 [167 kB]
Get:188 http://127.0.0.1:9999/debian unstable/main amd64 libopenmpi-dev amd64 2.1.1-6 [1026 kB]
Get:189 http://127.0.0.1:9999/debian unstable/main amd64 mpi-default-dev amd64 1.8 [4846 B]
Get:190 http://127.0.0.1:9999/debian unstable/main amd64 libboost-mpi1.62-dev amd64 1.62.0+dfsg-4+b1 [154 kB]
Get:191 http://127.0.0.1:9999/debian unstable/main amd64 libboost-mpi-dev amd64 1.62.0.1 [3500 B]
Get:192 http://127.0.0.1:9999/debian unstable/main amd64 libboost-python1.62.0 amd64 1.62.0+dfsg-4+b1 [138 kB]
Get:193 http://127.0.0.1:9999/debian unstable/main amd64 openmpi-bin amd64 2.1.1-6 [193 kB]
Get:194 http://127.0.0.1:9999/debian unstable/main amd64 mpi-default-bin amd64 1.8 [4050 B]
Get:195 http://127.0.0.1:9999/debian unstable/main amd64 libboost-mpi-python1.62.0 amd64 1.62.0+dfsg-4+b1 [233 kB]
Get:196 http://127.0.0.1:9999/debian unstable/main amd64 libboost-mpi-python1.62-dev amd64 1.62.0+dfsg-4+b1 [49.0 kB]
Get:197 http://127.0.0.1:9999/debian unstable/main amd64 libboost-mpi-python-dev amd64 1.62.0.1 [3538 B]
Get:198 http://127.0.0.1:9999/debian unstable/main amd64 libboost-program-options1.62.0 amd64 1.62.0+dfsg-4+b1 [160 kB]
Get:199 http://127.0.0.1:9999/debian unstable/main amd64 libboost-program-options1.62-dev amd64 1.62.0+dfsg-4+b1 [184 kB]
Get:200 http://127.0.0.1:9999/debian unstable/main amd64 libboost-program-options-dev amd64 1.62.0.1 [3430 B]
Get:201 http://127.0.0.1:9999/debian unstable/main amd64 libpython2.7 amd64 2.7.13-2 [1072 kB]
Get:202 http://127.0.0.1:9999/debian unstable/main amd64 libexpat1-dev amd64 2.2.1-3 [137 kB]
Get:203 http://127.0.0.1:9999/debian unstable/main amd64 libpython2.7-dev amd64 2.7.13-2 [28.2 MB]
Get:204 http://127.0.0.1:9999/debian unstable/main amd64 libpython-dev amd64 2.7.13-2 [20.1 kB]
Get:205 http://127.0.0.1:9999/debian unstable/main amd64 python2.7-dev amd64 2.7.13-2 [281 kB]
Get:206 http://127.0.0.1:9999/debian unstable/main amd64 python-dev amd64 2.7.13-2 [1126 B]
Get:207 http://127.0.0.1:9999/debian unstable/main amd64 libpython3.5 amd64 3.5.3-3 [1373 kB]
Get:208 http://127.0.0.1:9999/debian unstable/main amd64 libpython3.5-dev amd64 3.5.3-3 [37.8 MB]
Get:209 http://127.0.0.1:9999/debian unstable/main amd64 libpython3-dev amd64 3.5.3-3 [18.9 kB]
Get:210 http://127.0.0.1:9999/debian unstable/main amd64 python3.5-dev amd64 3.5.3-3 [413 kB]
Get:211 http://127.0.0.1:9999/debian unstable/main amd64 python3-dev amd64 3.5.3-3 [1154 B]
Get:212 http://127.0.0.1:9999/debian unstable/main amd64 libboost-python1.62-dev amd64 1.62.0+dfsg-4+b1 [166 kB]
Get:213 http://127.0.0.1:9999/debian unstable/main amd64 libboost-python-dev amd64 1.62.0.1 [3802 B]
Get:214 http://127.0.0.1:9999/debian unstable/main amd64 libboost-random1.62.0 amd64 1.62.0+dfsg-4+b1 [35.8 kB]
Get:215 http://127.0.0.1:9999/debian unstable/main amd64 libboost-random1.62-dev amd64 1.62.0+dfsg-4+b1 [35.1 kB]
Get:216 http://127.0.0.1:9999/debian unstable/main amd64 libboost-random-dev amd64 1.62.0.1 [3420 B]
Get:217 http://127.0.0.1:9999/debian unstable/main amd64 libboost-regex-dev amd64 1.62.0.1 [3674 B]
Get:218 http://127.0.0.1:9999/debian unstable/main amd64 libboost-serialization-dev amd64 1.62.0.1 [3642 B]
Get:219 http://127.0.0.1:9999/debian unstable/main amd64 libboost-signals1.62.0 amd64 1.62.0+dfsg-4+b1 [54.4 kB]
Get:220 http://127.0.0.1:9999/debian unstable/main amd64 libboost-signals1.62-dev amd64 1.62.0+dfsg-4+b1 [58.1 kB]
Get:221 http://127.0.0.1:9999/debian unstable/main amd64 libboost-signals-dev amd64 1.62.0.1 [3478 B]
Get:222 http://127.0.0.1:9999/debian unstable/main amd64 libboost-system-dev amd64 1.62.0.1 [3554 B]
Get:223 http://127.0.0.1:9999/debian unstable/main amd64 libboost-test-dev amd64 1.62.0.1 [3456 B]
Get:224 http://127.0.0.1:9999/debian unstable/main amd64 libboost-thread-dev amd64 1.62.0.1 [3442 B]
Get:225 http://127.0.0.1:9999/debian unstable/main amd64 libboost-timer1.62-dev amd64 1.62.0+dfsg-4+b1 [34.4 kB]
Get:226 http://127.0.0.1:9999/debian unstable/main amd64 libboost-timer-dev amd64 1.62.0.1 [3534 B]
Get:227 http://127.0.0.1:9999/debian unstable/main amd64 libboost-type-erasure1.62.0 amd64 1.62.0+dfsg-4+b1 [42.9 kB]
Get:228 http://127.0.0.1:9999/debian unstable/main amd64 libboost-type-erasure1.62-dev amd64 1.62.0+dfsg-4+b1 [42.0 kB]
Get:229 http://127.0.0.1:9999/debian unstable/main amd64 libboost-type-erasure-dev amd64 1.62.0.1 [3508 B]
Get:230 http://127.0.0.1:9999/debian unstable/main amd64 libboost-wave1.62.0 amd64 1.62.0+dfsg-4+b1 [204 kB]
Get:231 http://127.0.0.1:9999/debian unstable/main amd64 libboost-wave1.62-dev amd64 1.62.0+dfsg-4+b1 [252 kB]
Get:232 http://127.0.0.1:9999/debian unstable/main amd64 libboost-wave-dev amd64 1.62.0.1 [3448 B]
Get:233 http://127.0.0.1:9999/debian unstable/main amd64 libboost-all-dev amd64 1.62.0.1 [3750 B]
Get:234 http://127.0.0.1:9999/debian unstable/main amd64 libcharls1 amd64 1.1.0+dfsg-2 [56.0 kB]
Get:235 http://127.0.0.1:9999/debian unstable/main amd64 libcharls-dev amd64 1.1.0+dfsg-2 [21.6 kB]
Get:236 http://127.0.0.1:9999/debian unstable/main amd64 libcurl4-openssl-dev amd64 7.52.1-5 [373 kB]
Get:237 http://127.0.0.1:9999/debian unstable/main amd64 libxml2-dev amd64 2.9.4+dfsg1-3 [812 kB]
Get:238 http://127.0.0.1:9999/debian unstable/main amd64 libssl-dev amd64 1.1.0f-3 [1575 kB]
Get:239 http://127.0.0.1:9999/debian unstable/main amd64 zlib1g-dev amd64 1:1.2.8.dfsg-5 [205 kB]
Get:240 http://127.0.0.1:9999/debian unstable/main amd64 libpng-dev amd64 1.6.29-3 [251 kB]
Get:241 http://127.0.0.1:9999/debian unstable/main amd64 libwrap0-dev amd64 7.6.q-26 [21.4 kB]
Get:242 http://127.0.0.1:9999/debian unstable/main amd64 libjbig0 amd64 2.1-3.1+b2 [31.0 kB]
Get:243 http://127.0.0.1:9999/debian unstable/main amd64 libjbig-dev amd64 2.1-3.1+b2 [30.5 kB]
Get:244 http://127.0.0.1:9999/debian unstable/main amd64 libjpeg62-turbo-dev amd64 1:1.5.1-2 [210 kB]
Get:245 http://127.0.0.1:9999/debian unstable/main amd64 libjpeg-dev all 1:1.5.1-2 [56.1 kB]
Get:246 http://127.0.0.1:9999/debian unstable/main amd64 liblzma-dev amd64 5.2.2-1.2+b1 [292 kB]
Get:247 http://127.0.0.1:9999/debian unstable/main amd64 libtiff5 amd64 4.0.8-3 [237 kB]
Get:248 http://127.0.0.1:9999/debian unstable/main amd64 libtiffxx5 amd64 4.0.8-3 [95.3 kB]
Get:249 http://127.0.0.1:9999/debian unstable/main amd64 libtiff5-dev amd64 4.0.8-3 [359 kB]
Get:250 http://127.0.0.1:9999/debian unstable/main amd64 libdcmtk11 amd64 3.6.1~20170228-2 [4623 kB]
Get:251 http://127.0.0.1:9999/debian unstable/main amd64 libdcmtk-dev amd64 3.6.1~20170228-2 [910 kB]
Get:252 http://127.0.0.1:9999/debian unstable/main amd64 libjargs-java all 1.0.0-4 [15.3 kB]
Get:253 http://127.0.0.1:9999/debian unstable/main amd64 libjsoncpp-dev amd64 1.7.4-3 [86.2 kB]
Get:254 http://127.0.0.1:9999/debian unstable/main amd64 libopenjp2-7 amd64 2.1.2-1.1 [121 kB]
Get:255 http://127.0.0.1:9999/debian unstable/main amd64 libopenjp2-7-dev amd64 2.1.2-1.1 [37.9 kB]
Get:256 http://127.0.0.1:9999/debian unstable/main amd64 orthanc-dev amd64 1.2.0+dfsg-2 [52.0 kB]
Get:257 http://127.0.0.1:9999/debian unstable/main amd64 uuid-dev amd64 2.29.2-1 [83.7 kB]
Get:258 http://127.0.0.1:9999/debian unstable/main amd64 yui-compressor all 2.4.7-3 [571 kB]
debconf: delaying package configuration, since apt-utils is not installed
Fetched 192 MB in 2s (94.7 MB/s)
Selecting previously unselected package groff-base.
(Reading database ... 10611 files and directories currently installed.)
Preparing to unpack .../00-groff-base_1.22.3-9_amd64.deb ...
Unpacking groff-base (1.22.3-9) ...
Selecting previously unselected package bsdmainutils.
Preparing to unpack .../01-bsdmainutils_9.0.12+nmu1_amd64.deb ...
Unpacking bsdmainutils (9.0.12+nmu1) ...
Selecting previously unselected package libpipeline1:amd64.
Preparing to unpack .../02-libpipeline1_1.4.1-2_amd64.deb ...
Unpacking libpipeline1:amd64 (1.4.1-2) ...
Selecting previously unselected package man-db.
Preparing to unpack .../03-man-db_2.7.6.1-2_amd64.deb ...
Unpacking man-db (2.7.6.1-2) ...
Selecting previously unselected package libpython2.7-minimal:amd64.
Preparing to unpack .../04-libpython2.7-minimal_2.7.13-2_amd64.deb ...
Unpacking libpython2.7-minimal:amd64 (2.7.13-2) ...
Selecting previously unselected package python2.7-minimal.
Preparing to unpack .../05-python2.7-minimal_2.7.13-2_amd64.deb ...
Unpacking python2.7-minimal (2.7.13-2) ...
Selecting previously unselected package python-minimal.
Preparing to unpack .../06-python-minimal_2.7.13-2_amd64.deb ...
Unpacking python-minimal (2.7.13-2) ...
Selecting previously unselected package mime-support.
Preparing to unpack .../07-mime-support_3.60_all.deb ...
Unpacking mime-support (3.60) ...
Selecting previously unselected package libexpat1:amd64.
Preparing to unpack .../08-libexpat1_2.2.1-3_amd64.deb ...
Unpacking libexpat1:amd64 (2.2.1-3) ...
Selecting previously unselected package readline-common.
Preparing to unpack .../09-readline-common_7.0-3_all.deb ...
Unpacking readline-common (7.0-3) ...
Selecting previously unselected package libreadline7:amd64.
Preparing to unpack .../10-libreadline7_7.0-3_amd64.deb ...
Unpacking libreadline7:amd64 (7.0-3) ...
Selecting previously unselected package libsqlite3-0:amd64.
Preparing to unpack .../11-libsqlite3-0_3.16.2-5_amd64.deb ...
Unpacking libsqlite3-0:amd64 (3.16.2-5) ...
Selecting previously unselected package libssl1.1:amd64.
Preparing to unpack .../12-libssl1.1_1.1.0f-3_amd64.deb ...
Unpacking libssl1.1:amd64 (1.1.0f-3) ...
Selecting previously unselected package libpython2.7-stdlib:amd64.
Preparing to unpack .../13-libpython2.7-stdlib_2.7.13-2_amd64.deb ...
Unpacking libpython2.7-stdlib:amd64 (2.7.13-2) ...
Selecting previously unselected package python2.7.
Preparing to unpack .../14-python2.7_2.7.13-2_amd64.deb ...
Unpacking python2.7 (2.7.13-2) ...
Selecting previously unselected package libpython-stdlib:amd64.
Preparing to unpack .../15-libpython-stdlib_2.7.13-2_amd64.deb ...
Unpacking libpython-stdlib:amd64 (2.7.13-2) ...
Setting up libpython2.7-minimal:amd64 (2.7.13-2) ...
Setting up python2.7-minimal (2.7.13-2) ...
Setting up python-minimal (2.7.13-2) ...
Selecting previously unselected package python.
(Reading database ... 11991 files and directories currently installed.)
Preparing to unpack .../00-python_2.7.13-2_amd64.deb ...
Unpacking python (2.7.13-2) ...
Selecting previously unselected package cmake-data.
Preparing to unpack .../01-cmake-data_3.7.2-1_all.deb ...
Unpacking cmake-data (3.7.2-1) ...
Selecting previously unselected package libprocps6:amd64.
Preparing to unpack .../02-libprocps6_2%3a3.3.12-3_amd64.deb ...
Unpacking libprocps6:amd64 (2:3.3.12-3) ...
Selecting previously unselected package lsb-base.
Preparing to unpack .../03-lsb-base_9.20161125_all.deb ...
Unpacking lsb-base (9.20161125) ...
Selecting previously unselected package procps.
Preparing to unpack .../04-procps_2%3a3.3.12-3_amd64.deb ...
Unpacking procps (2:3.3.12-3) ...
Selecting previously unselected package liblzo2-2:amd64.
Preparing to unpack .../05-liblzo2-2_2.08-1.2+b2_amd64.deb ...
Unpacking liblzo2-2:amd64 (2.08-1.2+b2) ...
Selecting previously unselected package libicu57:amd64.
Preparing to unpack .../06-libicu57_57.1-6_amd64.deb ...
Unpacking libicu57:amd64 (57.1-6) ...
Selecting previously unselected package libxml2:amd64.
Preparing to unpack .../07-libxml2_2.9.4+dfsg1-3_amd64.deb ...
Unpacking libxml2:amd64 (2.9.4+dfsg1-3) ...
Selecting previously unselected package libarchive13:amd64.
Preparing to unpack .../08-libarchive13_3.2.2-2_amd64.deb ...
Unpacking libarchive13:amd64 (3.2.2-2) ...
Selecting previously unselected package libkeyutils1:amd64.
Preparing to unpack .../09-libkeyutils1_1.5.9-9_amd64.deb ...
Unpacking libkeyutils1:amd64 (1.5.9-9) ...
Selecting previously unselected package libkrb5support0:amd64.
Preparing to unpack .../10-libkrb5support0_1.15-1_amd64.deb ...
Unpacking libkrb5support0:amd64 (1.15-1) ...
Selecting previously unselected package libk5crypto3:amd64.
Preparing to unpack .../11-libk5crypto3_1.15-1_amd64.deb ...
Unpacking libk5crypto3:amd64 (1.15-1) ...
Selecting previously unselected package libkrb5-3:amd64.
Preparing to unpack .../12-libkrb5-3_1.15-1_amd64.deb ...
Unpacking libkrb5-3:amd64 (1.15-1) ...
Selecting previously unselected package libgssapi-krb5-2:amd64.
Preparing to unpack .../13-libgssapi-krb5-2_1.15-1_amd64.deb ...
Unpacking libgssapi-krb5-2:amd64 (1.15-1) ...
Selecting previously unselected package libsasl2-modules-db:amd64.
Preparing to unpack .../14-libsasl2-modules-db_2.1.27~101-g0780600+dfsg-3_amd64.deb ...
Unpacking libsasl2-modules-db:amd64 (2.1.27~101-g0780600+dfsg-3) ...
Selecting previously unselected package libsasl2-2:amd64.
Preparing to unpack .../15-libsasl2-2_2.1.27~101-g0780600+dfsg-3_amd64.deb ...
Unpacking libsasl2-2:amd64 (2.1.27~101-g0780600+dfsg-3) ...
Selecting previously unselected package libldap-common.
Preparing to unpack .../16-libldap-common_2.4.44+dfsg-7_all.deb ...
Unpacking libldap-common (2.4.44+dfsg-7) ...
Selecting previously unselected package libldap-2.4-2:amd64.
Preparing to unpack .../17-libldap-2.4-2_2.4.44+dfsg-7_amd64.deb ...
Unpacking libldap-2.4-2:amd64 (2.4.44+dfsg-7) ...
Selecting previously unselected package libnghttp2-14:amd64.
Preparing to unpack .../18-libnghttp2-14_1.24.0-1_amd64.deb ...
Unpacking libnghttp2-14:amd64 (1.24.0-1) ...
Selecting previously unselected package libpsl5:amd64.
Preparing to unpack .../19-libpsl5_0.17.0-4+b1_amd64.deb ...
Unpacking libpsl5:amd64 (0.17.0-4+b1) ...
Selecting previously unselected package librtmp1:amd64.
Preparing to unpack .../20-librtmp1_2.4+20151223.gitfa8646d.1-1+b1_amd64.deb ...
Unpacking librtmp1:amd64 (2.4+20151223.gitfa8646d.1-1+b1) ...
Selecting previously unselected package libssh2-1:amd64.
Preparing to unpack .../21-libssh2-1_1.8.0-1_amd64.deb ...
Unpacking libssh2-1:amd64 (1.8.0-1) ...
Selecting previously unselected package libssl1.0.2:amd64.
Preparing to unpack .../22-libssl1.0.2_1.0.2l-2_amd64.deb ...
Unpacking libssl1.0.2:amd64 (1.0.2l-2) ...
Selecting previously unselected package libcurl3:amd64.
Preparing to unpack .../23-libcurl3_7.52.1-5_amd64.deb ...
Unpacking libcurl3:amd64 (7.52.1-5) ...
Selecting previously unselected package libuv1:amd64.
Preparing to unpack .../24-libuv1_1.9.1-3_amd64.deb ...
Unpacking libuv1:amd64 (1.9.1-3) ...
Selecting previously unselected package cmake.
Preparing to unpack .../25-cmake_3.7.2-1_amd64.deb ...
Unpacking cmake (3.7.2-1) ...
Selecting previously unselected package libxau6:amd64.
Preparing to unpack .../26-libxau6_1%3a1.0.8-1_amd64.deb ...
Unpacking libxau6:amd64 (1:1.0.8-1) ...
Selecting previously unselected package openssl.
Preparing to unpack .../27-openssl_1.1.0f-3_amd64.deb ...
Unpacking openssl (1.1.0f-3) ...
Selecting previously unselected package ca-certificates.
Preparing to unpack .../28-ca-certificates_20161130+nmu1_all.deb ...
Unpacking ca-certificates (20161130+nmu1) ...
Selecting previously unselected package java-common.
Preparing to unpack .../29-java-common_0.59_all.deb ...
Unpacking java-common (0.59) ...
Selecting previously unselected package default-jre-headless.
Preparing to unpack .../30-default-jre-headless_2%3a1.8-59_amd64.deb ...
Unpacking default-jre-headless (2:1.8-59) ...
Selecting previously unselected package libnspr4:amd64.
Preparing to unpack .../31-libnspr4_2%3a4.15-1_amd64.deb ...
Unpacking libnspr4:amd64 (2:4.15-1) ...
Selecting previously unselected package libnss3:amd64.
Preparing to unpack .../32-libnss3_2%3a3.31-1_amd64.deb ...
Unpacking libnss3:amd64 (2:3.31-1) ...
Selecting previously unselected package ca-certificates-java.
Preparing to unpack .../33-ca-certificates-java_20170531+nmu1_all.deb ...
Unpacking ca-certificates-java (20170531+nmu1) ...
Selecting previously unselected package libavahi-common-data:amd64.
Preparing to unpack .../34-libavahi-common-data_0.6.32-2_amd64.deb ...
Unpacking libavahi-common-data:amd64 (0.6.32-2) ...
Selecting previously unselected package libavahi-common3:amd64.
Preparing to unpack .../35-libavahi-common3_0.6.32-2_amd64.deb ...
Unpacking libavahi-common3:amd64 (0.6.32-2) ...
Selecting previously unselected package libdbus-1-3:amd64.
Preparing to unpack .../36-libdbus-1-3_1.10.20-1_amd64.deb ...
Unpacking libdbus-1-3:amd64 (1.10.20-1) ...
Selecting previously unselected package libavahi-client3:amd64.
Preparing to unpack .../37-libavahi-client3_0.6.32-2_amd64.deb ...
Unpacking libavahi-client3:amd64 (0.6.32-2) ...
Selecting previously unselected package libcups2:amd64.
Preparing to unpack .../38-libcups2_2.2.4-1_amd64.deb ...
Unpacking libcups2:amd64 (2.2.4-1) ...
Selecting previously unselected package liblcms2-2:amd64.
Preparing to unpack .../39-liblcms2-2_2.8-4_amd64.deb ...
Unpacking liblcms2-2:amd64 (2.8-4) ...
Selecting previously unselected package libjpeg62-turbo:amd64.
Preparing to unpack .../40-libjpeg62-turbo_1%3a1.5.1-2_amd64.deb ...
Unpacking libjpeg62-turbo:amd64 (1:1.5.1-2) ...
Selecting previously unselected package libpng16-16:amd64.
Preparing to unpack .../41-libpng16-16_1.6.29-3_amd64.deb ...
Unpacking libpng16-16:amd64 (1.6.29-3) ...
Selecting previously unselected package libfreetype6:amd64.
Preparing to unpack .../42-libfreetype6_2.8-0.2_amd64.deb ...
Unpacking libfreetype6:amd64 (2.8-0.2) ...
Selecting previously unselected package ucf.
Preparing to unpack .../43-ucf_3.0036_all.deb ...
Moving old data out of the way
Unpacking ucf (3.0036) ...
Selecting previously unselected package fonts-dejavu-core.
Preparing to unpack .../44-fonts-dejavu-core_2.37-1_all.deb ...
Unpacking fonts-dejavu-core (2.37-1) ...
Selecting previously unselected package fontconfig-config.
Preparing to unpack .../45-fontconfig-config_2.12.3-0.1_all.deb ...
Unpacking fontconfig-config (2.12.3-0.1) ...
Selecting previously unselected package libfontconfig1:amd64.
Preparing to unpack .../46-libfontconfig1_2.12.3-0.1_amd64.deb ...
Unpacking libfontconfig1:amd64 (2.12.3-0.1) ...
Selecting previously unselected package libpcsclite1:amd64.
Preparing to unpack .../47-libpcsclite1_1.8.22-1_amd64.deb ...
Unpacking libpcsclite1:amd64 (1.8.22-1) ...
Selecting previously unselected package libxdmcp6:amd64.
Preparing to unpack .../48-libxdmcp6_1%3a1.1.2-3_amd64.deb ...
Unpacking libxdmcp6:amd64 (1:1.1.2-3) ...
Selecting previously unselected package libxcb1:amd64.
Preparing to unpack .../49-libxcb1_1.12-1_amd64.deb ...
Unpacking libxcb1:amd64 (1.12-1) ...
Selecting previously unselected package libx11-data.
Preparing to unpack .../50-libx11-data_2%3a1.6.4-3_all.deb ...
Unpacking libx11-data (2:1.6.4-3) ...
Selecting previously unselected package libx11-6:amd64.
Preparing to unpack .../51-libx11-6_2%3a1.6.4-3_amd64.deb ...
Unpacking libx11-6:amd64 (2:1.6.4-3) ...
Selecting previously unselected package libxext6:amd64.
Preparing to unpack .../52-libxext6_2%3a1.3.3-1+b2_amd64.deb ...
Unpacking libxext6:amd64 (2:1.3.3-1+b2) ...
Selecting previously unselected package libxi6:amd64.
Preparing to unpack .../53-libxi6_2%3a1.7.9-1_amd64.deb ...
Unpacking libxi6:amd64 (2:1.7.9-1) ...
Selecting previously unselected package libxrender1:amd64.
Preparing to unpack .../54-libxrender1_1%3a0.9.10-1_amd64.deb ...
Unpacking libxrender1:amd64 (1:0.9.10-1) ...
Selecting previously unselected package x11-common.
Preparing to unpack .../55-x11-common_1%3a7.7+19_all.deb ...
Unpacking x11-common (1:7.7+19) ...
Selecting previously unselected package libxtst6:amd64.
Preparing to unpack .../56-libxtst6_2%3a1.2.3-1_amd64.deb ...
Unpacking libxtst6:amd64 (2:1.2.3-1) ...
Selecting previously unselected package openjdk-8-jre-headless:amd64.
Preparing to unpack .../57-openjdk-8-jre-headless_8u131-b11-2_amd64.deb ...
Unpacking openjdk-8-jre-headless:amd64 (8u131-b11-2) ...
Selecting previously unselected package libpython3.5-minimal:amd64.
Preparing to unpack .../58-libpython3.5-minimal_3.5.3-3_amd64.deb ...
Unpacking libpython3.5-minimal:amd64 (3.5.3-3) ...
Selecting previously unselected package python3.5-minimal.
Preparing to unpack .../59-python3.5-minimal_3.5.3-3_amd64.deb ...
Unpacking python3.5-minimal (3.5.3-3) ...
Selecting previously unselected package python3-minimal.
Preparing to unpack .../60-python3-minimal_3.5.3-3_amd64.deb ...
Unpacking python3-minimal (3.5.3-3) ...
Selecting previously unselected package libmpdec2:amd64.
Preparing to unpack .../61-libmpdec2_2.4.2-1_amd64.deb ...
Unpacking libmpdec2:amd64 (2.4.2-1) ...
Selecting previously unselected package libpython3.5-stdlib:amd64.
Preparing to unpack .../62-libpython3.5-stdlib_3.5.3-3_amd64.deb ...
Unpacking libpython3.5-stdlib:amd64 (3.5.3-3) ...
Selecting previously unselected package python3.5.
Preparing to unpack .../63-python3.5_3.5.3-3_amd64.deb ...
Unpacking python3.5 (3.5.3-3) ...
Selecting previously unselected package libpython3-stdlib:amd64.
Preparing to unpack .../64-libpython3-stdlib_3.5.3-3_amd64.deb ...
Unpacking libpython3-stdlib:amd64 (3.5.3-3) ...
Selecting previously unselected package dh-python.
Preparing to unpack .../65-dh-python_2.20170125_all.deb ...
Unpacking dh-python (2.20170125) ...
Setting up libssl1.1:amd64 (1.1.0f-3) ...
Setting up libpython3.5-minimal:amd64 (3.5.3-3) ...
Setting up libexpat1:amd64 (2.2.1-3) ...
Setting up python3.5-minimal (3.5.3-3) ...
Setting up python3-minimal (3.5.3-3) ...
Selecting previously unselected package python3.
(Reading database ... 16603 files and directories currently installed.)
Preparing to unpack .../000-python3_3.5.3-3_amd64.deb ...
Unpacking python3 (3.5.3-3) ...
Selecting previously unselected package libmagic-mgc.
Preparing to unpack .../001-libmagic-mgc_1%3a5.30-1_amd64.deb ...
Unpacking libmagic-mgc (1:5.30-1) ...
Selecting previously unselected package libmagic1:amd64.
Preparing to unpack .../002-libmagic1_1%3a5.30-1_amd64.deb ...
Unpacking libmagic1:amd64 (1:5.30-1) ...
Selecting previously unselected package file.
Preparing to unpack .../003-file_1%3a5.30-1_amd64.deb ...
Unpacking file (1:5.30-1) ...
Selecting previously unselected package gettext-base.
Preparing to unpack .../004-gettext-base_0.19.8.1-2+b1_amd64.deb ...
Unpacking gettext-base (0.19.8.1-2+b1) ...
Selecting previously unselected package libwrap0:amd64.
Preparing to unpack .../005-libwrap0_7.6.q-26_amd64.deb ...
Unpacking libwrap0:amd64 (7.6.q-26) ...
Selecting previously unselected package libsigsegv2:amd64.
Preparing to unpack .../006-libsigsegv2_2.11-1_amd64.deb ...
Unpacking libsigsegv2:amd64 (2.11-1) ...
Selecting previously unselected package m4.
Preparing to unpack .../007-m4_1.4.18-1_amd64.deb ...
Unpacking m4 (1.4.18-1) ...
Selecting previously unselected package autoconf.
Preparing to unpack .../008-autoconf_2.69-10_all.deb ...
Unpacking autoconf (2.69-10) ...
Selecting previously unselected package autotools-dev.
Preparing to unpack .../009-autotools-dev_20161112.1_all.deb ...
Unpacking autotools-dev (20161112.1) ...
Selecting previously unselected package automake.
Preparing to unpack .../010-automake_1%3a1.15.1-2_all.deb ...
Unpacking automake (1:1.15.1-2) ...
Selecting previously unselected package autopoint.
Preparing to unpack .../011-autopoint_0.19.8.1-2_all.deb ...
Unpacking autopoint (0.19.8.1-2) ...
Selecting previously unselected package libtool.
Preparing to unpack .../012-libtool_2.4.6-2_all.deb ...
Unpacking libtool (2.4.6-2) ...
Selecting previously unselected package dh-autoreconf.
Preparing to unpack .../013-dh-autoreconf_14_all.deb ...
Unpacking dh-autoreconf (14) ...
Selecting previously unselected package libarchive-zip-perl.
Preparing to unpack .../014-libarchive-zip-perl_1.59-1_all.deb ...
Unpacking libarchive-zip-perl (1.59-1) ...
Selecting previously unselected package libfile-stripnondeterminism-perl.
Preparing to unpack .../015-libfile-stripnondeterminism-perl_0.035-2_all.deb ...
Unpacking libfile-stripnondeterminism-perl (0.035-2) ...
Selecting previously unselected package libtimedate-perl.
Preparing to unpack .../016-libtimedate-perl_2.3000-2_all.deb ...
Unpacking libtimedate-perl (2.3000-2) ...
Selecting previously unselected package dh-strip-nondeterminism.
Preparing to unpack .../017-dh-strip-nondeterminism_0.035-2_all.deb ...
Unpacking dh-strip-nondeterminism (0.035-2) ...
Selecting previously unselected package libglib2.0-0:amd64.
Preparing to unpack .../018-libglib2.0-0_2.52.3-1_amd64.deb ...
Unpacking libglib2.0-0:amd64 (2.52.3-1) ...
Selecting previously unselected package libcroco3:amd64.
Preparing to unpack .../019-libcroco3_0.6.12-1_amd64.deb ...
Unpacking libcroco3:amd64 (0.6.12-1) ...
Selecting previously unselected package gettext.
Preparing to unpack .../020-gettext_0.19.8.1-2+b1_amd64.deb ...
Unpacking gettext (0.19.8.1-2+b1) ...
Selecting previously unselected package intltool-debian.
Preparing to unpack .../021-intltool-debian_0.35.0+20060710.4_all.deb ...
Unpacking intltool-debian (0.35.0+20060710.4) ...
Selecting previously unselected package po-debconf.
Preparing to unpack .../022-po-debconf_1.0.20_all.deb ...
Unpacking po-debconf (1.0.20) ...
Selecting previously unselected package debhelper.
Preparing to unpack .../023-debhelper_10.6.2_all.deb ...
Unpacking debhelper (10.6.2) ...
Selecting previously unselected package icu-devtools.
Preparing to unpack .../024-icu-devtools_57.1-6_amd64.deb ...
Unpacking icu-devtools (57.1-6) ...
Selecting previously unselected package unzip.
Preparing to unpack .../025-unzip_6.0-21_amd64.deb ...
Unpacking unzip (6.0-21) ...
Selecting previously unselected package java-wrappers.
Preparing to unpack .../026-java-wrappers_0.1.28_all.deb ...
Unpacking java-wrappers (0.1.28) ...
Selecting previously unselected package libboost1.62-dev:amd64.
Preparing to unpack .../027-libboost1.62-dev_1.62.0+dfsg-4+b1_amd64.deb ...
Unpacking libboost1.62-dev:amd64 (1.62.0+dfsg-4+b1) ...
Selecting previously unselected package libboost-dev:amd64.
Preparing to unpack .../028-libboost-dev_1.62.0.1_amd64.deb ...
Unpacking libboost-dev:amd64 (1.62.0.1) ...
Selecting previously unselected package libboost1.62-tools-dev.
Preparing to unpack .../029-libboost1.62-tools-dev_1.62.0+dfsg-4+b1_amd64.deb ...
Unpacking libboost1.62-tools-dev (1.62.0+dfsg-4+b1) ...
Selecting previously unselected package libboost-tools-dev.
Preparing to unpack .../030-libboost-tools-dev_1.62.0.1_amd64.deb ...
Unpacking libboost-tools-dev (1.62.0.1) ...
Selecting previously unselected package libboost-atomic1.62.0:amd64.
Preparing to unpack .../031-libboost-atomic1.62.0_1.62.0+dfsg-4+b1_amd64.deb ...
Unpacking libboost-atomic1.62.0:amd64 (1.62.0+dfsg-4+b1) ...
Selecting previously unselected package libboost-atomic1.62-dev:amd64.
Preparing to unpack .../032-libboost-atomic1.62-dev_1.62.0+dfsg-4+b1_amd64.deb ...
Unpacking libboost-atomic1.62-dev:amd64 (1.62.0+dfsg-4+b1) ...
Selecting previously unselected package libboost-atomic-dev:amd64.
Preparing to unpack .../033-libboost-atomic-dev_1.62.0.1_amd64.deb ...
Unpacking libboost-atomic-dev:amd64 (1.62.0.1) ...
Selecting previously unselected package libboost-system1.62.0:amd64.
Preparing to unpack .../034-libboost-system1.62.0_1.62.0+dfsg-4+b1_amd64.deb ...
Unpacking libboost-system1.62.0:amd64 (1.62.0+dfsg-4+b1) ...
Selecting previously unselected package libboost-chrono1.62.0:amd64.
Preparing to unpack .../035-libboost-chrono1.62.0_1.62.0+dfsg-4+b1_amd64.deb ...
Unpacking libboost-chrono1.62.0:amd64 (1.62.0+dfsg-4+b1) ...
Selecting previously unselected package libboost-chrono1.62-dev:amd64.
Preparing to unpack .../036-libboost-chrono1.62-dev_1.62.0+dfsg-4+b1_amd64.deb ...
Unpacking libboost-chrono1.62-dev:amd64 (1.62.0+dfsg-4+b1) ...
Selecting previously unselected package libboost-chrono-dev:amd64.
Preparing to unpack .../037-libboost-chrono-dev_1.62.0.1_amd64.deb ...
Unpacking libboost-chrono-dev:amd64 (1.62.0.1) ...
Selecting previously unselected package libboost-context1.62.0:amd64.
Preparing to unpack .../038-libboost-context1.62.0_1.62.0+dfsg-4+b1_amd64.deb ...
Unpacking libboost-context1.62.0:amd64 (1.62.0+dfsg-4+b1) ...
Selecting previously unselected package libboost-context1.62-dev:amd64.
Preparing to unpack .../039-libboost-context1.62-dev_1.62.0+dfsg-4+b1_amd64.deb ...
Unpacking libboost-context1.62-dev:amd64 (1.62.0+dfsg-4+b1) ...
Selecting previously unselected package libboost-context-dev:amd64.
Preparing to unpack .../040-libboost-context-dev_1.62.0.1_amd64.deb ...
Unpacking libboost-context-dev:amd64 (1.62.0.1) ...
Selecting previously unselected package libboost-thread1.62.0:amd64.
Preparing to unpack .../041-libboost-thread1.62.0_1.62.0+dfsg-4+b1_amd64.deb ...
Unpacking libboost-thread1.62.0:amd64 (1.62.0+dfsg-4+b1) ...
Selecting previously unselected package libboost-coroutine1.62.0:amd64.
Preparing to unpack .../042-libboost-coroutine1.62.0_1.62.0+dfsg-4+b1_amd64.deb ...
Unpacking libboost-coroutine1.62.0:amd64 (1.62.0+dfsg-4+b1) ...
Selecting previously unselected package libboost-coroutine1.62-dev:amd64.
Preparing to unpack .../043-libboost-coroutine1.62-dev_1.62.0+dfsg-4+b1_amd64.deb ...
Unpacking libboost-coroutine1.62-dev:amd64 (1.62.0+dfsg-4+b1) ...
Selecting previously unselected package libboost-coroutine-dev:amd64.
Preparing to unpack .../044-libboost-coroutine-dev_1.62.0.1_amd64.deb ...
Unpacking libboost-coroutine-dev:amd64 (1.62.0.1) ...
Selecting previously unselected package libboost-date-time1.62.0:amd64.
Preparing to unpack .../045-libboost-date-time1.62.0_1.62.0+dfsg-4+b1_amd64.deb ...
Unpacking libboost-date-time1.62.0:amd64 (1.62.0+dfsg-4+b1) ...
Selecting previously unselected package libboost-serialization1.62.0:amd64.
Preparing to unpack .../046-libboost-serialization1.62.0_1.62.0+dfsg-4+b1_amd64.deb ...
Unpacking libboost-serialization1.62.0:amd64 (1.62.0+dfsg-4+b1) ...
Selecting previously unselected package libboost-serialization1.62-dev:amd64.
Preparing to unpack .../047-libboost-serialization1.62-dev_1.62.0+dfsg-4+b1_amd64.deb ...
Unpacking libboost-serialization1.62-dev:amd64 (1.62.0+dfsg-4+b1) ...
Selecting previously unselected package libboost-date-time1.62-dev:amd64.
Preparing to unpack .../048-libboost-date-time1.62-dev_1.62.0+dfsg-4+b1_amd64.deb ...
Unpacking libboost-date-time1.62-dev:amd64 (1.62.0+dfsg-4+b1) ...
Selecting previously unselected package libboost-date-time-dev:amd64.
Preparing to unpack .../049-libboost-date-time-dev_1.62.0.1_amd64.deb ...
Unpacking libboost-date-time-dev:amd64 (1.62.0.1) ...
Selecting previously unselected package libboost-exception1.62-dev:amd64.
Preparing to unpack .../050-libboost-exception1.62-dev_1.62.0+dfsg-4+b1_amd64.deb ...
Unpacking libboost-exception1.62-dev:amd64 (1.62.0+dfsg-4+b1) ...
Selecting previously unselected package libboost-exception-dev:amd64.
Preparing to unpack .../051-libboost-exception-dev_1.62.0.1_amd64.deb ...
Unpacking libboost-exception-dev:amd64 (1.62.0.1) ...
Selecting previously unselected package libboost-fiber1.62.0:amd64.
Preparing to unpack .../052-libboost-fiber1.62.0_1.62.0+dfsg-4+b1_amd64.deb ...
Unpacking libboost-fiber1.62.0:amd64 (1.62.0+dfsg-4+b1) ...
Selecting previously unselected package libboost-fiber1.62-dev:amd64.
Preparing to unpack .../053-libboost-fiber1.62-dev_1.62.0+dfsg-4+b1_amd64.deb ...
Unpacking libboost-fiber1.62-dev:amd64 (1.62.0+dfsg-4+b1) ...
Selecting previously unselected package libboost-fiber-dev:amd64.
Preparing to unpack .../054-libboost-fiber-dev_1.62.0.1_amd64.deb ...
Unpacking libboost-fiber-dev:amd64 (1.62.0.1) ...
Selecting previously unselected package libboost-filesystem1.62.0:amd64.
Preparing to unpack .../055-libboost-filesystem1.62.0_1.62.0+dfsg-4+b1_amd64.deb ...
Unpacking libboost-filesystem1.62.0:amd64 (1.62.0+dfsg-4+b1) ...
Selecting previously unselected package libboost-system1.62-dev:amd64.
Preparing to unpack .../056-libboost-system1.62-dev_1.62.0+dfsg-4+b1_amd64.deb ...
Unpacking libboost-system1.62-dev:amd64 (1.62.0+dfsg-4+b1) ...
Selecting previously unselected package libboost-filesystem1.62-dev:amd64.
Preparing to unpack .../057-libboost-filesystem1.62-dev_1.62.0+dfsg-4+b1_amd64.deb ...
Unpacking libboost-filesystem1.62-dev:amd64 (1.62.0+dfsg-4+b1) ...
Selecting previously unselected package libboost-filesystem-dev:amd64.
Preparing to unpack .../058-libboost-filesystem-dev_1.62.0.1_amd64.deb ...
Unpacking libboost-filesystem-dev:amd64 (1.62.0.1) ...
Selecting previously unselected package libboost-regex1.62.0:amd64.
Preparing to unpack .../059-libboost-regex1.62.0_1.62.0+dfsg-4+b1_amd64.deb ...
Unpacking libboost-regex1.62.0:amd64 (1.62.0+dfsg-4+b1) ...
Selecting previously unselected package libboost-graph1.62.0:amd64.
Preparing to unpack .../060-libboost-graph1.62.0_1.62.0+dfsg-4+b1_amd64.deb ...
Unpacking libboost-graph1.62.0:amd64 (1.62.0+dfsg-4+b1) ...
Selecting previously unselected package libboost-timer1.62.0:amd64.
Preparing to unpack .../061-libboost-timer1.62.0_1.62.0+dfsg-4+b1_amd64.deb ...
Unpacking libboost-timer1.62.0:amd64 (1.62.0+dfsg-4+b1) ...
Selecting previously unselected package libboost-test1.62.0:amd64.
Preparing to unpack .../062-libboost-test1.62.0_1.62.0+dfsg-4+b1_amd64.deb ...
Unpacking libboost-test1.62.0:amd64 (1.62.0+dfsg-4+b1) ...
Selecting previously unselected package libboost-test1.62-dev:amd64.
Preparing to unpack .../063-libboost-test1.62-dev_1.62.0+dfsg-4+b1_amd64.deb ...
Unpacking libboost-test1.62-dev:amd64 (1.62.0+dfsg-4+b1) ...
Selecting previously unselected package libboost-graph1.62-dev:amd64.
Preparing to unpack .../064-libboost-graph1.62-dev_1.62.0+dfsg-4+b1_amd64.deb ...
Unpacking libboost-graph1.62-dev:amd64 (1.62.0+dfsg-4+b1) ...
Selecting previously unselected package libboost-graph-dev:amd64.
Preparing to unpack .../065-libboost-graph-dev_1.62.0.1_amd64.deb ...
Unpacking libboost-graph-dev:amd64 (1.62.0.1) ...
Selecting previously unselected package libnl-3-200:amd64.
Preparing to unpack .../066-libnl-3-200_3.2.27-2_amd64.deb ...
Unpacking libnl-3-200:amd64 (3.2.27-2) ...
Selecting previously unselected package libnl-route-3-200:amd64.
Preparing to unpack .../067-libnl-route-3-200_3.2.27-2_amd64.deb ...
Unpacking libnl-route-3-200:amd64 (3.2.27-2) ...
Selecting previously unselected package libibverbs1.
Preparing to unpack .../068-libibverbs1_1.2.1-2_amd64.deb ...
Unpacking libibverbs1 (1.2.1-2) ...
Selecting previously unselected package libpsm-infinipath1.
Preparing to unpack .../069-libpsm-infinipath1_3.3+19.g67c0807.open-3_amd64.deb ...
Unpacking libpsm-infinipath1 (3.3+19.g67c0807.open-3) ...
Selecting previously unselected package librdmacm1.
Preparing to unpack .../070-librdmacm1_1.1.0-2_amd64.deb ...
Unpacking librdmacm1 (1.1.0-2) ...
Selecting previously unselected package libfabric1.
Preparing to unpack .../071-libfabric1_1.4.0-1_amd64.deb ...
Unpacking libfabric1 (1.4.0-1) ...
Selecting previously unselected package libgfortran3:amd64.
Preparing to unpack .../072-libgfortran3_6.4.0-1_amd64.deb ...
Unpacking libgfortran3:amd64 (6.4.0-1) ...
Selecting previously unselected package libltdl7:amd64.
Preparing to unpack .../073-libltdl7_2.4.6-2_amd64.deb ...
Unpacking libltdl7:amd64 (2.4.6-2) ...
Selecting previously unselected package libnuma1:amd64.
Preparing to unpack .../074-libnuma1_2.0.11-2.1_amd64.deb ...
Unpacking libnuma1:amd64 (2.0.11-2.1) ...
Selecting previously unselected package libhwloc5:amd64.
Preparing to unpack .../075-libhwloc5_1.11.5-1_amd64.deb ...
Unpacking libhwloc5:amd64 (1.11.5-1) ...
Selecting previously unselected package libpciaccess0:amd64.
Preparing to unpack .../076-libpciaccess0_0.13.4-1+b2_amd64.deb ...
Unpacking libpciaccess0:amd64 (0.13.4-1+b2) ...
Selecting previously unselected package ocl-icd-libopencl1:amd64.
Preparing to unpack .../077-ocl-icd-libopencl1_2.2.11-1_amd64.deb ...
Unpacking ocl-icd-libopencl1:amd64 (2.2.11-1) ...
Selecting previously unselected package libhwloc-plugins.
Preparing to unpack .../078-libhwloc-plugins_1.11.5-1_amd64.deb ...
Unpacking libhwloc-plugins (1.11.5-1) ...
Selecting previously unselected package libopenmpi2:amd64.
Preparing to unpack .../079-libopenmpi2_2.1.1-6_amd64.deb ...
Unpacking libopenmpi2:amd64 (2.1.1-6) ...
Selecting previously unselected package libboost-mpi1.62.0.
Preparing to unpack .../080-libboost-mpi1.62.0_1.62.0+dfsg-4+b1_amd64.deb ...
Unpacking libboost-mpi1.62.0 (1.62.0+dfsg-4+b1) ...
Selecting previously unselected package libboost-graph-parallel1.62.0.
Preparing to unpack .../081-libboost-graph-parallel1.62.0_1.62.0+dfsg-4+b1_amd64.deb ...
Unpacking libboost-graph-parallel1.62.0 (1.62.0+dfsg-4+b1) ...
Selecting previously unselected package libboost-graph-parallel1.62-dev.
Preparing to unpack .../082-libboost-graph-parallel1.62-dev_1.62.0+dfsg-4+b1_amd64.deb ...
Unpacking libboost-graph-parallel1.62-dev (1.62.0+dfsg-4+b1) ...
Selecting previously unselected package libboost-graph-parallel-dev.
Preparing to unpack .../083-libboost-graph-parallel-dev_1.62.0.1_amd64.deb ...
Unpacking libboost-graph-parallel-dev (1.62.0.1) ...
Selecting previously unselected package libicu-dev.
Preparing to unpack .../084-libicu-dev_57.1-6_amd64.deb ...
Unpacking libicu-dev (57.1-6) ...
Selecting previously unselected package libboost-regex1.62-dev:amd64.
Preparing to unpack .../085-libboost-regex1.62-dev_1.62.0+dfsg-4+b1_amd64.deb ...
Unpacking libboost-regex1.62-dev:amd64 (1.62.0+dfsg-4+b1) ...
Selecting previously unselected package libboost-iostreams1.62.0:amd64.
Preparing to unpack .../086-libboost-iostreams1.62.0_1.62.0+dfsg-4+b1_amd64.deb ...
Unpacking libboost-iostreams1.62.0:amd64 (1.62.0+dfsg-4+b1) ...
Selecting previously unselected package libboost-iostreams1.62-dev:amd64.
Preparing to unpack .../087-libboost-iostreams1.62-dev_1.62.0+dfsg-4+b1_amd64.deb ...
Unpacking libboost-iostreams1.62-dev:amd64 (1.62.0+dfsg-4+b1) ...
Selecting previously unselected package libboost-iostreams-dev:amd64.
Preparing to unpack .../088-libboost-iostreams-dev_1.62.0.1_amd64.deb ...
Unpacking libboost-iostreams-dev:amd64 (1.62.0.1) ...
Selecting previously unselected package libboost-locale1.62.0:amd64.
Preparing to unpack .../089-libboost-locale1.62.0_1.62.0+dfsg-4+b1_amd64.deb ...
Unpacking libboost-locale1.62.0:amd64 (1.62.0+dfsg-4+b1) ...
Selecting previously unselected package libboost-locale1.62-dev:amd64.
Preparing to unpack .../090-libboost-locale1.62-dev_1.62.0+dfsg-4+b1_amd64.deb ...
Unpacking libboost-locale1.62-dev:amd64 (1.62.0+dfsg-4+b1) ...
Selecting previously unselected package libboost-locale-dev:amd64.
Preparing to unpack .../091-libboost-locale-dev_1.62.0.1_amd64.deb ...
Unpacking libboost-locale-dev:amd64 (1.62.0.1) ...
Selecting previously unselected package libboost-log1.62.0.
Preparing to unpack .../092-libboost-log1.62.0_1.62.0+dfsg-4+b1_amd64.deb ...
Unpacking libboost-log1.62.0 (1.62.0+dfsg-4+b1) ...
Selecting previously unselected package libboost-thread1.62-dev:amd64.
Preparing to unpack .../093-libboost-thread1.62-dev_1.62.0+dfsg-4+b1_amd64.deb ...
Unpacking libboost-thread1.62-dev:amd64 (1.62.0+dfsg-4+b1) ...
Selecting previously unselected package libboost-log1.62-dev.
Preparing to unpack .../094-libboost-log1.62-dev_1.62.0+dfsg-4+b1_amd64.deb ...
Unpacking libboost-log1.62-dev (1.62.0+dfsg-4+b1) ...
Selecting previously unselected package libboost-log-dev.
Preparing to unpack .../095-libboost-log-dev_1.62.0.1_amd64.deb ...
Unpacking libboost-log-dev (1.62.0.1) ...
Selecting previously unselected package libboost-math1.62.0:amd64.
Preparing to unpack .../096-libboost-math1.62.0_1.62.0+dfsg-4+b1_amd64.deb ...
Unpacking libboost-math1.62.0:amd64 (1.62.0+dfsg-4+b1) ...
Selecting previously unselected package libboost-math1.62-dev:amd64.
Preparing to unpack .../097-libboost-math1.62-dev_1.62.0+dfsg-4+b1_amd64.deb ...
Unpacking libboost-math1.62-dev:amd64 (1.62.0+dfsg-4+b1) ...
Selecting previously unselected package libboost-math-dev:amd64.
Preparing to unpack .../098-libboost-math-dev_1.62.0.1_amd64.deb ...
Unpacking libboost-math-dev:amd64 (1.62.0.1) ...
Selecting previously unselected package openmpi-common.
Preparing to unpack .../099-openmpi-common_2.1.1-6_all.deb ...
Unpacking openmpi-common (2.1.1-6) ...
Selecting previously unselected package libibverbs-dev.
Preparing to unpack .../100-libibverbs-dev_1.2.1-2_amd64.deb ...
Unpacking libibverbs-dev (1.2.1-2) ...
Selecting previously unselected package libnuma-dev:amd64.
Preparing to unpack .../101-libnuma-dev_2.0.11-2.1_amd64.deb ...
Unpacking libnuma-dev:amd64 (2.0.11-2.1) ...
Selecting previously unselected package libltdl-dev:amd64.
Preparing to unpack .../102-libltdl-dev_2.4.6-2_amd64.deb ...
Unpacking libltdl-dev:amd64 (2.4.6-2) ...
Selecting previously unselected package libhwloc-dev:amd64.
Preparing to unpack .../103-libhwloc-dev_1.11.5-1_amd64.deb ...
Unpacking libhwloc-dev:amd64 (1.11.5-1) ...
Selecting previously unselected package libopenmpi-dev.
Preparing to unpack .../104-libopenmpi-dev_2.1.1-6_amd64.deb ...
Unpacking libopenmpi-dev (2.1.1-6) ...
Selecting previously unselected package mpi-default-dev.
Preparing to unpack .../105-mpi-default-dev_1.8_amd64.deb ...
Unpacking mpi-default-dev (1.8) ...
Selecting previously unselected package libboost-mpi1.62-dev.
Preparing to unpack .../106-libboost-mpi1.62-dev_1.62.0+dfsg-4+b1_amd64.deb ...
Unpacking libboost-mpi1.62-dev (1.62.0+dfsg-4+b1) ...
Selecting previously unselected package libboost-mpi-dev.
Preparing to unpack .../107-libboost-mpi-dev_1.62.0.1_amd64.deb ...
Unpacking libboost-mpi-dev (1.62.0.1) ...
Selecting previously unselected package libboost-python1.62.0.
Preparing to unpack .../108-libboost-python1.62.0_1.62.0+dfsg-4+b1_amd64.deb ...
Unpacking libboost-python1.62.0 (1.62.0+dfsg-4+b1) ...
Selecting previously unselected package openmpi-bin.
Preparing to unpack .../109-openmpi-bin_2.1.1-6_amd64.deb ...
Unpacking openmpi-bin (2.1.1-6) ...
Selecting previously unselected package mpi-default-bin.
Preparing to unpack .../110-mpi-default-bin_1.8_amd64.deb ...
Unpacking mpi-default-bin (1.8) ...
Selecting previously unselected package libboost-mpi-python1.62.0.
Preparing to unpack .../111-libboost-mpi-python1.62.0_1.62.0+dfsg-4+b1_amd64.deb ...
Unpacking libboost-mpi-python1.62.0 (1.62.0+dfsg-4+b1) ...
Selecting previously unselected package libboost-mpi-python1.62-dev.
Preparing to unpack .../112-libboost-mpi-python1.62-dev_1.62.0+dfsg-4+b1_amd64.deb ...
Unpacking libboost-mpi-python1.62-dev (1.62.0+dfsg-4+b1) ...
Selecting previously unselected package libboost-mpi-python-dev.
Preparing to unpack .../113-libboost-mpi-python-dev_1.62.0.1_amd64.deb ...
Unpacking libboost-mpi-python-dev (1.62.0.1) ...
Selecting previously unselected package libboost-program-options1.62.0:amd64.
Preparing to unpack .../114-libboost-program-options1.62.0_1.62.0+dfsg-4+b1_amd64.deb ...
Unpacking libboost-program-options1.62.0:amd64 (1.62.0+dfsg-4+b1) ...
Selecting previously unselected package libboost-program-options1.62-dev:amd64.
Preparing to unpack .../115-libboost-program-options1.62-dev_1.62.0+dfsg-4+b1_amd64.deb ...
Unpacking libboost-program-options1.62-dev:amd64 (1.62.0+dfsg-4+b1) ...
Selecting previously unselected package libboost-program-options-dev:amd64.
Preparing to unpack .../116-libboost-program-options-dev_1.62.0.1_amd64.deb ...
Unpacking libboost-program-options-dev:amd64 (1.62.0.1) ...
Selecting previously unselected package libpython2.7:amd64.
Preparing to unpack .../117-libpython2.7_2.7.13-2_amd64.deb ...
Unpacking libpython2.7:amd64 (2.7.13-2) ...
Selecting previously unselected package libexpat1-dev:amd64.
Preparing to unpack .../118-libexpat1-dev_2.2.1-3_amd64.deb ...
Unpacking libexpat1-dev:amd64 (2.2.1-3) ...
Selecting previously unselected package libpython2.7-dev:amd64.
Preparing to unpack .../119-libpython2.7-dev_2.7.13-2_amd64.deb ...
Unpacking libpython2.7-dev:amd64 (2.7.13-2) ...
Selecting previously unselected package libpython-dev:amd64.
Preparing to unpack .../120-libpython-dev_2.7.13-2_amd64.deb ...
Unpacking libpython-dev:amd64 (2.7.13-2) ...
Selecting previously unselected package python2.7-dev.
Preparing to unpack .../121-python2.7-dev_2.7.13-2_amd64.deb ...
Unpacking python2.7-dev (2.7.13-2) ...
Selecting previously unselected package python-dev.
Preparing to unpack .../122-python-dev_2.7.13-2_amd64.deb ...
Unpacking python-dev (2.7.13-2) ...
Selecting previously unselected package libpython3.5:amd64.
Preparing to unpack .../123-libpython3.5_3.5.3-3_amd64.deb ...
Unpacking libpython3.5:amd64 (3.5.3-3) ...
Selecting previously unselected package libpython3.5-dev:amd64.
Preparing to unpack .../124-libpython3.5-dev_3.5.3-3_amd64.deb ...
Unpacking libpython3.5-dev:amd64 (3.5.3-3) ...
Selecting previously unselected package libpython3-dev:amd64.
Preparing to unpack .../125-libpython3-dev_3.5.3-3_amd64.deb ...
Unpacking libpython3-dev:amd64 (3.5.3-3) ...
Selecting previously unselected package python3.5-dev.
Preparing to unpack .../126-python3.5-dev_3.5.3-3_amd64.deb ...
Unpacking python3.5-dev (3.5.3-3) ...
Selecting previously unselected package python3-dev.
Preparing to unpack .../127-python3-dev_3.5.3-3_amd64.deb ...
Unpacking python3-dev (3.5.3-3) ...
Selecting previously unselected package libboost-python1.62-dev.
Preparing to unpack .../128-libboost-python1.62-dev_1.62.0+dfsg-4+b1_amd64.deb ...
Unpacking libboost-python1.62-dev (1.62.0+dfsg-4+b1) ...
Selecting previously unselected package libboost-python-dev.
Preparing to unpack .../129-libboost-python-dev_1.62.0.1_amd64.deb ...
Unpacking libboost-python-dev (1.62.0.1) ...
Selecting previously unselected package libboost-random1.62.0:amd64.
Preparing to unpack .../130-libboost-random1.62.0_1.62.0+dfsg-4+b1_amd64.deb ...
Unpacking libboost-random1.62.0:amd64 (1.62.0+dfsg-4+b1) ...
Selecting previously unselected package libboost-random1.62-dev:amd64.
Preparing to unpack .../131-libboost-random1.62-dev_1.62.0+dfsg-4+b1_amd64.deb ...
Unpacking libboost-random1.62-dev:amd64 (1.62.0+dfsg-4+b1) ...
Selecting previously unselected package libboost-random-dev:amd64.
Preparing to unpack .../132-libboost-random-dev_1.62.0.1_amd64.deb ...
Unpacking libboost-random-dev:amd64 (1.62.0.1) ...
Selecting previously unselected package libboost-regex-dev:amd64.
Preparing to unpack .../133-libboost-regex-dev_1.62.0.1_amd64.deb ...
Unpacking libboost-regex-dev:amd64 (1.62.0.1) ...
Selecting previously unselected package libboost-serialization-dev:amd64.
Preparing to unpack .../134-libboost-serialization-dev_1.62.0.1_amd64.deb ...
Unpacking libboost-serialization-dev:amd64 (1.62.0.1) ...
Selecting previously unselected package libboost-signals1.62.0:amd64.
Preparing to unpack .../135-libboost-signals1.62.0_1.62.0+dfsg-4+b1_amd64.deb ...
Unpacking libboost-signals1.62.0:amd64 (1.62.0+dfsg-4+b1) ...
Selecting previously unselected package libboost-signals1.62-dev:amd64.
Preparing to unpack .../136-libboost-signals1.62-dev_1.62.0+dfsg-4+b1_amd64.deb ...
Unpacking libboost-signals1.62-dev:amd64 (1.62.0+dfsg-4+b1) ...
Selecting previously unselected package libboost-signals-dev:amd64.
Preparing to unpack .../137-libboost-signals-dev_1.62.0.1_amd64.deb ...
Unpacking libboost-signals-dev:amd64 (1.62.0.1) ...
Selecting previously unselected package libboost-system-dev:amd64.
Preparing to unpack .../138-libboost-system-dev_1.62.0.1_amd64.deb ...
Unpacking libboost-system-dev:amd64 (1.62.0.1) ...
Selecting previously unselected package libboost-test-dev:amd64.
Preparing to unpack .../139-libboost-test-dev_1.62.0.1_amd64.deb ...
Unpacking libboost-test-dev:amd64 (1.62.0.1) ...
Selecting previously unselected package libboost-thread-dev:amd64.
Preparing to unpack .../140-libboost-thread-dev_1.62.0.1_amd64.deb ...
Unpacking libboost-thread-dev:amd64 (1.62.0.1) ...
Selecting previously unselected package libboost-timer1.62-dev:amd64.
Preparing to unpack .../141-libboost-timer1.62-dev_1.62.0+dfsg-4+b1_amd64.deb ...
Unpacking libboost-timer1.62-dev:amd64 (1.62.0+dfsg-4+b1) ...
Selecting previously unselected package libboost-timer-dev:amd64.
Preparing to unpack .../142-libboost-timer-dev_1.62.0.1_amd64.deb ...
Unpacking libboost-timer-dev:amd64 (1.62.0.1) ...
Selecting previously unselected package libboost-type-erasure1.62.0:amd64.
Preparing to unpack .../143-libboost-type-erasure1.62.0_1.62.0+dfsg-4+b1_amd64.deb ...
Unpacking libboost-type-erasure1.62.0:amd64 (1.62.0+dfsg-4+b1) ...
Selecting previously unselected package libboost-type-erasure1.62-dev:amd64.
Preparing to unpack .../144-libboost-type-erasure1.62-dev_1.62.0+dfsg-4+b1_amd64.deb ...
Unpacking libboost-type-erasure1.62-dev:amd64 (1.62.0+dfsg-4+b1) ...
Selecting previously unselected package libboost-type-erasure-dev:amd64.
Preparing to unpack .../145-libboost-type-erasure-dev_1.62.0.1_amd64.deb ...
Unpacking libboost-type-erasure-dev:amd64 (1.62.0.1) ...
Selecting previously unselected package libboost-wave1.62.0:amd64.
Preparing to unpack .../146-libboost-wave1.62.0_1.62.0+dfsg-4+b1_amd64.deb ...
Unpacking libboost-wave1.62.0:amd64 (1.62.0+dfsg-4+b1) ...
Selecting previously unselected package libboost-wave1.62-dev:amd64.
Preparing to unpack .../147-libboost-wave1.62-dev_1.62.0+dfsg-4+b1_amd64.deb ...
Unpacking libboost-wave1.62-dev:amd64 (1.62.0+dfsg-4+b1) ...
Selecting previously unselected package libboost-wave-dev:amd64.
Preparing to unpack .../148-libboost-wave-dev_1.62.0.1_amd64.deb ...
Unpacking libboost-wave-dev:amd64 (1.62.0.1) ...
Selecting previously unselected package libboost-all-dev.
Preparing to unpack .../149-libboost-all-dev_1.62.0.1_amd64.deb ...
Unpacking libboost-all-dev (1.62.0.1) ...
Selecting previously unselected package libcharls1:amd64.
Preparing to unpack .../150-libcharls1_1.1.0+dfsg-2_amd64.deb ...
Unpacking libcharls1:amd64 (1.1.0+dfsg-2) ...
Selecting previously unselected package libcharls-dev:amd64.
Preparing to unpack .../151-libcharls-dev_1.1.0+dfsg-2_amd64.deb ...
Unpacking libcharls-dev:amd64 (1.1.0+dfsg-2) ...
Selecting previously unselected package libcurl4-openssl-dev:amd64.
Preparing to unpack .../152-libcurl4-openssl-dev_7.52.1-5_amd64.deb ...
Unpacking libcurl4-openssl-dev:amd64 (7.52.1-5) ...
Selecting previously unselected package libxml2-dev:amd64.
Preparing to unpack .../153-libxml2-dev_2.9.4+dfsg1-3_amd64.deb ...
Unpacking libxml2-dev:amd64 (2.9.4+dfsg1-3) ...
Selecting previously unselected package libssl-dev:amd64.
Preparing to unpack .../154-libssl-dev_1.1.0f-3_amd64.deb ...
Unpacking libssl-dev:amd64 (1.1.0f-3) ...
Selecting previously unselected package zlib1g-dev:amd64.
Preparing to unpack .../155-zlib1g-dev_1%3a1.2.8.dfsg-5_amd64.deb ...
Unpacking zlib1g-dev:amd64 (1:1.2.8.dfsg-5) ...
Selecting previously unselected package libpng-dev:amd64.
Preparing to unpack .../156-libpng-dev_1.6.29-3_amd64.deb ...
Unpacking libpng-dev:amd64 (1.6.29-3) ...
Selecting previously unselected package libwrap0-dev:amd64.
Preparing to unpack .../157-libwrap0-dev_7.6.q-26_amd64.deb ...
Unpacking libwrap0-dev:amd64 (7.6.q-26) ...
Selecting previously unselected package libjbig0:amd64.
Preparing to unpack .../158-libjbig0_2.1-3.1+b2_amd64.deb ...
Unpacking libjbig0:amd64 (2.1-3.1+b2) ...
Selecting previously unselected package libjbig-dev:amd64.
Preparing to unpack .../159-libjbig-dev_2.1-3.1+b2_amd64.deb ...
Unpacking libjbig-dev:amd64 (2.1-3.1+b2) ...
Selecting previously unselected package libjpeg62-turbo-dev:amd64.
Preparing to unpack .../160-libjpeg62-turbo-dev_1%3a1.5.1-2_amd64.deb ...
Unpacking libjpeg62-turbo-dev:amd64 (1:1.5.1-2) ...
Selecting previously unselected package libjpeg-dev.
Preparing to unpack .../161-libjpeg-dev_1%3a1.5.1-2_all.deb ...
Unpacking libjpeg-dev (1:1.5.1-2) ...
Selecting previously unselected package liblzma-dev:amd64.
Preparing to unpack .../162-liblzma-dev_5.2.2-1.2+b1_amd64.deb ...
Unpacking liblzma-dev:amd64 (5.2.2-1.2+b1) ...
Selecting previously unselected package libtiff5:amd64.
Preparing to unpack .../163-libtiff5_4.0.8-3_amd64.deb ...
Unpacking libtiff5:amd64 (4.0.8-3) ...
Selecting previously unselected package libtiffxx5:amd64.
Preparing to unpack .../164-libtiffxx5_4.0.8-3_amd64.deb ...
Unpacking libtiffxx5:amd64 (4.0.8-3) ...
Selecting previously unselected package libtiff5-dev:amd64.
Preparing to unpack .../165-libtiff5-dev_4.0.8-3_amd64.deb ...
Unpacking libtiff5-dev:amd64 (4.0.8-3) ...
Selecting previously unselected package libdcmtk11.
Preparing to unpack .../166-libdcmtk11_3.6.1~20170228-2_amd64.deb ...
Unpacking libdcmtk11 (3.6.1~20170228-2) ...
Selecting previously unselected package libdcmtk-dev.
Preparing to unpack .../167-libdcmtk-dev_3.6.1~20170228-2_amd64.deb ...
Unpacking libdcmtk-dev (3.6.1~20170228-2) ...
Selecting previously unselected package libjargs-java.
Preparing to unpack .../168-libjargs-java_1.0.0-4_all.deb ...
Unpacking libjargs-java (1.0.0-4) ...
Selecting previously unselected package libjsoncpp-dev:amd64.
Preparing to unpack .../169-libjsoncpp-dev_1.7.4-3_amd64.deb ...
Unpacking libjsoncpp-dev:amd64 (1.7.4-3) ...
Selecting previously unselected package libopenjp2-7:amd64.
Preparing to unpack .../170-libopenjp2-7_2.1.2-1.1_amd64.deb ...
Unpacking libopenjp2-7:amd64 (2.1.2-1.1) ...
Selecting previously unselected package libopenjp2-7-dev.
Preparing to unpack .../171-libopenjp2-7-dev_2.1.2-1.1_amd64.deb ...
Unpacking libopenjp2-7-dev (2.1.2-1.1) ...
Selecting previously unselected package orthanc-dev.
Preparing to unpack .../172-orthanc-dev_1.2.0+dfsg-2_amd64.deb ...
Unpacking orthanc-dev (1.2.0+dfsg-2) ...
Selecting previously unselected package uuid-dev:amd64.
Preparing to unpack .../173-uuid-dev_2.29.2-1_amd64.deb ...
Unpacking uuid-dev:amd64 (2.29.2-1) ...
Selecting previously unselected package yui-compressor.
Preparing to unpack .../174-yui-compressor_2.4.7-3_all.deb ...
Unpacking yui-compressor (2.4.7-3) ...
Selecting previously unselected package sbuild-build-depends-orthanc-wsi-dummy.
Preparing to unpack .../175-sbuild-build-depends-orthanc-wsi-dummy_0.invalid.0_amd64.deb ...
Unpacking sbuild-build-depends-orthanc-wsi-dummy (0.invalid.0) ...
Setting up libjsoncpp-dev:amd64 (1.7.4-3) ...
Setting up libboost-serialization1.62.0:amd64 (1.62.0+dfsg-4+b1) ...
Setting up readline-common (7.0-3) ...
Setting up libopenjp2-7:amd64 (2.1.2-1.1) ...
Setting up libboost-date-time1.62.0:amd64 (1.62.0+dfsg-4+b1) ...
Setting up libjpeg62-turbo:amd64 (1:1.5.1-2) ...
Setting up libarchive-zip-perl (1.59-1) ...
Setting up libnghttp2-14:amd64 (1.24.0-1) ...
Setting up mime-support (3.60) ...
Setting up libboost1.62-dev:amd64 (1.62.0+dfsg-4+b1) ...
Setting up libpng16-16:amd64 (1.6.29-3) ...
Setting up libtimedate-perl (2.3000-2) ...
Setting up liblcms2-2:amd64 (2.8-4) ...
Setting up libjbig0:amd64 (2.1-3.1+b2) ...
Setting up libpcsclite1:amd64 (1.8.22-1) ...
Setting up libsigsegv2:amd64 (2.11-1) ...
Setting up libldap-common (2.4.44+dfsg-7) ...
Setting up fonts-dejavu-core (2.37-1) ...
Setting up libboost-program-options1.62.0:amd64 (1.62.0+dfsg-4+b1) ...
Setting up libuv1:amd64 (1.9.1-3) ...
Setting up libreadline7:amd64 (7.0-3) ...
Setting up libjargs-java (1.0.0-4) ...
Setting up libpsl5:amd64 (0.17.0-4+b1) ...
Setting up libnuma1:amd64 (2.0.11-2.1) ...
Setting up libcharls1:amd64 (1.1.0+dfsg-2) ...
Setting up libssl-dev:amd64 (1.1.0f-3) ...
Setting up libgfortran3:amd64 (6.4.0-1) ...
Setting up groff-base (1.22.3-9) ...
Setting up libglib2.0-0:amd64 (2.52.3-1) ...
No schema files found: doing nothing.
Setting up libsasl2-modules-db:amd64 (2.1.27~101-g0780600+dfsg-3) ...
Setting up unzip (6.0-21) ...
Setting up java-common (0.59) ...
Setting up libboost-program-options1.62-dev:amd64 (1.62.0+dfsg-4+b1) ...
Setting up libsasl2-2:amd64 (2.1.27~101-g0780600+dfsg-3) ...
Setting up uuid-dev:amd64 (2.29.2-1) ...
Setting up libopenjp2-7-dev (2.1.2-1.1) ...
Setting up libtiff5:amd64 (4.0.8-3) ...
Setting up gettext-base (0.19.8.1-2+b1) ...
Setting up cmake-data (3.7.2-1) ...
Setting up libpipeline1:amd64 (1.4.1-2) ...
Setting up librtmp1:amd64 (2.4+20151223.gitfa8646d.1-1+b1) ...
Setting up m4 (1.4.18-1) ...
Setting up libicu57:amd64 (57.1-6) ...
Setting up libprocps6:amd64 (2:3.3.12-3) ...
Setting up libnspr4:amd64 (2:4.15-1) ...
Setting up ucf (3.0036) ...
Setting up libboost-serialization1.62-dev:amd64 (1.62.0+dfsg-4+b1) ...
Setting up libxml2:amd64 (2.9.4+dfsg1-3) ...
Setting up libboost-exception1.62-dev:amd64 (1.62.0+dfsg-4+b1) ...
Setting up libfreetype6:amd64 (2.8-0.2) ...
Setting up libmagic-mgc (1:5.30-1) ...
Setting up libmagic1:amd64 (1:5.30-1) ...
Setting up lsb-base (9.20161125) ...
Setting up libjbig-dev:amd64 (2.1-3.1+b2) ...
Setting up procps (2:3.3.12-3) ...
update-alternatives: using /usr/bin/w.procps to provide /usr/bin/w (w) in auto mode
Setting up libcroco3:amd64 (0.6.12-1) ...
Setting up libboost-iostreams1.62.0:amd64 (1.62.0+dfsg-4+b1) ...
Setting up libpsm-infinipath1 (3.3+19.g67c0807.open-3) ...
Setting up libssl1.0.2:amd64 (1.0.2l-2) ...
Setting up libssh2-1:amd64 (1.8.0-1) ...
Setting up libboost-exception-dev:amd64 (1.62.0.1) ...
Setting up openmpi-common (2.1.1-6) ...
Processing triggers for libc-bin (2.24-12) ...
Setting up autotools-dev (20161112.1) ...
Setting up libldap-2.4-2:amd64 (2.4.44+dfsg-7) ...
Setting up libcharls-dev:amd64 (1.1.0+dfsg-2) ...
Setting up libltdl7:amd64 (2.4.6-2) ...
Setting up openssl (1.1.0f-3) ...
Setting up orthanc-dev (1.2.0+dfsg-2) ...
Setting up libsqlite3-0:amd64 (3.16.2-5) ...
Setting up libboost-atomic1.62.0:amd64 (1.62.0+dfsg-4+b1) ...
Setting up libtiffxx5:amd64 (4.0.8-3) ...
Setting up libboost-math1.62.0:amd64 (1.62.0+dfsg-4+b1) ...
Setting up libexpat1-dev:amd64 (2.2.1-3) ...
Setting up libpciaccess0:amd64 (0.13.4-1+b2) ...
Setting up libboost-python1.62.0 (1.62.0+dfsg-4+b1) ...
Setting up icu-devtools (57.1-6) ...
Setting up libboost-dev:amd64 (1.62.0.1) ...
Setting up libjpeg62-turbo-dev:amd64 (1:1.5.1-2) ...
Setting up liblzma-dev:amd64 (5.2.2-1.2+b1) ...
Setting up libxdmcp6:amd64 (1:1.1.2-3) ...
Setting up libnuma-dev:amd64 (2.0.11-2.1) ...
Setting up ocl-icd-libopencl1:amd64 (2.2.11-1) ...
Setting up libkeyutils1:amd64 (1.5.9-9) ...
Setting up bsdmainutils (9.0.12+nmu1) ...
update-alternatives: using /usr/bin/bsd-write to provide /usr/bin/write (write) in auto mode
update-alternatives: using /usr/bin/bsd-from to provide /usr/bin/from (from) in auto mode
Setting up libnl-3-200:amd64 (3.2.27-2) ...
Setting up libboost-signals1.62.0:amd64 (1.62.0+dfsg-4+b1) ...
Setting up x11-common (1:7.7+19) ...
update-rc.d: warning: start and stop actions are no longer supported; falling back to defaults
invoke-rc.d: could not determine current runlevel
All runlevel operations denied by policy
invoke-rc.d: policy-rc.d denied execution of start.
Setting up ca-certificates (20161130+nmu1) ...
Updating certificates in /etc/ssl/certs...
166 added, 0 removed; done.
Setting up libboost-context1.62.0:amd64 (1.62.0+dfsg-4+b1) ...
Setting up libx11-data (2:1.6.4-3) ...
Setting up libpython2.7-stdlib:amd64 (2.7.13-2) ...
Setting up libxau6:amd64 (1:1.0.8-1) ...
Setting up autopoint (0.19.8.1-2) ...
Setting up libmpdec2:amd64 (2.4.2-1) ...
Setting up libdbus-1-3:amd64 (1.10.20-1) ...
Setting up libboost-system1.62.0:amd64 (1.62.0+dfsg-4+b1) ...
Setting up liblzo2-2:amd64 (2.08-1.2+b2) ...
Setting up libboost-program-options-dev:amd64 (1.62.0.1) ...
Setting up libwrap0:amd64 (7.6.q-26) ...
Setting up libavahi-common-data:amd64 (0.6.32-2) ...
Setting up zlib1g-dev:amd64 (1:1.2.8.dfsg-5) ...
Setting up libfile-stripnondeterminism-perl (0.035-2) ...
Setting up libboost-atomic1.62-dev:amd64 (1.62.0+dfsg-4+b1) ...
Setting up libboost-serialization-dev:amd64 (1.62.0.1) ...
Setting up libboost-date-time1.62-dev:amd64 (1.62.0+dfsg-4+b1) ...
Setting up libboost-context1.62-dev:amd64 (1.62.0+dfsg-4+b1) ...
Setting up fontconfig-config (2.12.3-0.1) ...
Setting up libboost1.62-tools-dev (1.62.0+dfsg-4+b1) ...
Setting up libltdl-dev:amd64 (2.4.6-2) ...
Setting up libwrap0-dev:amd64 (7.6.q-26) ...
Setting up libboost-atomic-dev:amd64 (1.62.0.1) ...
Setting up gettext (0.19.8.1-2+b1) ...
Setting up libarchive13:amd64 (3.2.2-2) ...
Setting up libboost-thread1.62.0:amd64 (1.62.0+dfsg-4+b1) ...
Setting up libboost-random1.62.0:amd64 (1.62.0+dfsg-4+b1) ...
Setting up java-wrappers (0.1.28) ...
Setting up libpython3.5-stdlib:amd64 (3.5.3-3) ...
Setting up libboost-regex1.62.0:amd64 (1.62.0+dfsg-4+b1) ...
Setting up libtiff5-dev:amd64 (4.0.8-3) ...
Setting up python2.7 (2.7.13-2) ...
Setting up libboost-fiber1.62.0:amd64 (1.62.0+dfsg-4+b1) ...
Setting up libnss3:amd64 (2:3.31-1) ...
Setting up libnl-route-3-200:amd64 (3.2.27-2) ...
Setting up libboost-fiber1.62-dev:amd64 (1.62.0+dfsg-4+b1) ...
Setting up autoconf (2.69-10) ...
Setting up libboost-fiber-dev:amd64 (1.62.0.1) ...
Setting up libdcmtk11 (3.6.1~20170228-2) ...
Setting up libicu-dev (57.1-6) ...
Setting up libboost-date-time-dev:amd64 (1.62.0.1) ...
Setting up file (1:5.30-1) ...
Setting up libhwloc5:amd64 (1.11.5-1) ...
Setting up libkrb5support0:amd64 (1.15-1) ...
Setting up libxml2-dev:amd64 (2.9.4+dfsg1-3) ...
Setting up libpython-stdlib:amd64 (2.7.13-2) ...
Setting up libhwloc-plugins (1.11.5-1) ...
Setting up intltool-debian (0.35.0+20060710.4) ...
Setting up libboost-system1.62-dev:amd64 (1.62.0+dfsg-4+b1) ...
Setting up libjpeg-dev (1:1.5.1-2) ...
Setting up libboost-math1.62-dev:amd64 (1.62.0+dfsg-4+b1) ...
Setting up libboost-filesystem1.62.0:amd64 (1.62.0+dfsg-4+b1) ...
Setting up libpython2.7:amd64 (2.7.13-2) ...
Setting up automake (1:1.15.1-2) ...
update-alternatives: using /usr/bin/automake-1.15 to provide /usr/bin/automake (automake) in auto mode
Setting up libboost-signals1.62-dev:amd64 (1.62.0+dfsg-4+b1) ...
Setting up man-db (2.7.6.1-2) ...
Not building database; man-db/auto-update is not 'true'.
Setting up libboost-context-dev:amd64 (1.62.0.1) ...
Setting up libpython2.7-dev:amd64 (2.7.13-2) ...
Setting up libavahi-common3:amd64 (0.6.32-2) ...
Setting up libpng-dev:amd64 (1.6.29-3) ...
Setting up libdcmtk-dev (3.6.1~20170228-2) ...
Setting up libboost-math-dev:amd64 (1.62.0.1) ...
Setting up python2.7-dev (2.7.13-2) ...
Setting up libxcb1:amd64 (1.12-1) ...
Setting up python (2.7.13-2) ...
Setting up libboost-chrono1.62.0:amd64 (1.62.0+dfsg-4+b1) ...
Setting up libboost-random1.62-dev:amd64 (1.62.0+dfsg-4+b1) ...
Setting up libboost-signals-dev:amd64 (1.62.0.1) ...
Setting up libtool (2.4.6-2) ...
Setting up python3.5 (3.5.3-3) ...
Setting up libpython3-stdlib:amd64 (3.5.3-3) ...
Setting up libibverbs1 (1.2.1-2) ...
Setting up libpython-dev:amd64 (2.7.13-2) ...
Setting up libboost-tools-dev (1.62.0.1) ...
Setting up libfontconfig1:amd64 (2.12.3-0.1) ...
Setting up libk5crypto3:amd64 (1.15-1) ...
Setting up libboost-wave1.62.0:amd64 (1.62.0+dfsg-4+b1) ...
Setting up libboost-filesystem1.62-dev:amd64 (1.62.0+dfsg-4+b1) ...
Setting up libboost-timer1.62.0:amd64 (1.62.0+dfsg-4+b1) ...
Setting up po-debconf (1.0.20) ...
Setting up libhwloc-dev:amd64 (1.11.5-1) ...
Setting up libboost-coroutine1.62.0:amd64 (1.62.0+dfsg-4+b1) ...
Setting up libboost-regex1.62-dev:amd64 (1.62.0+dfsg-4+b1) ...
Setting up libboost-graph1.62.0:amd64 (1.62.0+dfsg-4+b1) ...
Setting up libpython3.5:amd64 (3.5.3-3) ...
Setting up python-dev (2.7.13-2) ...
Setting up libboost-system-dev:amd64 (1.62.0.1) ...
Setting up libboost-log1.62.0 (1.62.0+dfsg-4+b1) ...
Setting up libboost-iostreams1.62-dev:amd64 (1.62.0+dfsg-4+b1) ...
Setting up libx11-6:amd64 (2:1.6.4-3) ...
Setting up librdmacm1 (1.1.0-2) ...
Setting up libboost-filesystem-dev:amd64 (1.62.0.1) ...
Setting up libboost-chrono1.62-dev:amd64 (1.62.0+dfsg-4+b1) ...
Setting up libpython3.5-dev:amd64 (3.5.3-3) ...
Setting up libboost-timer1.62-dev:amd64 (1.62.0+dfsg-4+b1) ...
Setting up libboost-type-erasure1.62.0:amd64 (1.62.0+dfsg-4+b1) ...
Setting up libboost-locale1.62.0:amd64 (1.62.0+dfsg-4+b1) ...
Setting up libboost-random-dev:amd64 (1.62.0.1) ...
Setting up libboost-iostreams-dev:amd64 (1.62.0.1) ...
Setting up libboost-locale1.62-dev:amd64 (1.62.0+dfsg-4+b1) ...
Setting up libboost-test1.62.0:amd64 (1.62.0+dfsg-4+b1) ...
Setting up libboost-thread1.62-dev:amd64 (1.62.0+dfsg-4+b1) ...
Setting up libboost-wave1.62-dev:amd64 (1.62.0+dfsg-4+b1) ...
Setting up libxrender1:amd64 (1:0.9.10-1) ...
Setting up libboost-coroutine1.62-dev:amd64 (1.62.0+dfsg-4+b1) ...
Setting up libboost-regex-dev:amd64 (1.62.0.1) ...
Setting up libavahi-client3:amd64 (0.6.32-2) ...
Setting up libkrb5-3:amd64 (1.15-1) ...
Setting up libboost-coroutine-dev:amd64 (1.62.0.1) ...
Setting up python3.5-dev (3.5.3-3) ...
Setting up libibverbs-dev (1.2.1-2) ...
Setting up libpython3-dev:amd64 (3.5.3-3) ...
Setting up libboost-log1.62-dev (1.62.0+dfsg-4+b1) ...
Setting up libboost-locale-dev:amd64 (1.62.0.1) ...
Setting up libboost-thread-dev:amd64 (1.62.0.1) ...
Setting up libxext6:amd64 (2:1.3.3-1+b2) ...
Setting up libfabric1 (1.4.0-1) ...
Setting up libboost-chrono-dev:amd64 (1.62.0.1) ...
Setting up libboost-type-erasure1.62-dev:amd64 (1.62.0+dfsg-4+b1) ...
Setting up libboost-type-erasure-dev:amd64 (1.62.0.1) ...
Setting up libboost-timer-dev:amd64 (1.62.0.1) ...
Setting up libboost-test1.62-dev:amd64 (1.62.0+dfsg-4+b1) ...
Setting up libgssapi-krb5-2:amd64 (1.15-1) ...
Setting up libboost-log-dev (1.62.0.1) ...
Setting up libboost-wave-dev:amd64 (1.62.0.1) ...
Setting up libopenmpi2:amd64 (2.1.1-6) ...
Setting up libboost-test-dev:amd64 (1.62.0.1) ...
Setting up libcups2:amd64 (2.2.4-1) ...
Setting up libxi6:amd64 (2:1.7.9-1) ...
Setting up libboost-mpi1.62.0 (1.62.0+dfsg-4+b1) ...
Setting up libcurl3:amd64 (7.52.1-5) ...
Setting up libopenmpi-dev (2.1.1-6) ...
update-alternatives: using /usr/lib/x86_64-linux-gnu/openmpi/include to provide /usr/include/mpi (mpi) in auto mode
Setting up libboost-graph1.62-dev:amd64 (1.62.0+dfsg-4+b1) ...
Setting up openmpi-bin (2.1.1-6) ...
update-alternatives: using /usr/bin/mpirun.openmpi to provide /usr/bin/mpirun (mpirun) in auto mode
Setting up mpi-default-dev (1.8) ...
Setting up libboost-graph-parallel1.62.0 (1.62.0+dfsg-4+b1) ...
Setting up libxtst6:amd64 (2:1.2.3-1) ...
Setting up cmake (3.7.2-1) ...
Setting up libboost-graph-parallel1.62-dev (1.62.0+dfsg-4+b1) ...
Setting up libcurl4-openssl-dev:amd64 (7.52.1-5) ...
Setting up libboost-mpi1.62-dev (1.62.0+dfsg-4+b1) ...
Setting up mpi-default-bin (1.8) ...
Setting up libboost-graph-dev:amd64 (1.62.0.1) ...
Setting up libboost-graph-parallel-dev (1.62.0.1) ...
Setting up libboost-mpi-dev (1.62.0.1) ...
Setting up openjdk-8-jre-headless:amd64 (8u131-b11-2) ...
update-alternatives: using /usr/lib/jvm/java-8-openjdk-amd64/jre/bin/rmid to provide /usr/bin/rmid (rmid) in auto mode
update-alternatives: using /usr/lib/jvm/java-8-openjdk-amd64/jre/bin/java to provide /usr/bin/java (java) in auto mode
update-alternatives: using /usr/lib/jvm/java-8-openjdk-amd64/jre/bin/keytool to provide /usr/bin/keytool (keytool) in auto mode
update-alternatives: using /usr/lib/jvm/java-8-openjdk-amd64/jre/bin/jjs to provide /usr/bin/jjs (jjs) in auto mode
update-alternatives: using /usr/lib/jvm/java-8-openjdk-amd64/jre/bin/pack200 to provide /usr/bin/pack200 (pack200) in auto mode
update-alternatives: using /usr/lib/jvm/java-8-openjdk-amd64/jre/bin/rmiregistry to provide /usr/bin/rmiregistry (rmiregistry) in auto mode
update-alternatives: using /usr/lib/jvm/java-8-openjdk-amd64/jre/bin/unpack200 to provide /usr/bin/unpack200 (unpack200) in auto mode
update-alternatives: using /usr/lib/jvm/java-8-openjdk-amd64/jre/bin/orbd to provide /usr/bin/orbd (orbd) in auto mode
update-alternatives: using /usr/lib/jvm/java-8-openjdk-amd64/jre/bin/servertool to provide /usr/bin/servertool (servertool) in auto mode
update-alternatives: using /usr/lib/jvm/java-8-openjdk-amd64/jre/bin/tnameserv to provide /usr/bin/tnameserv (tnameserv) in auto mode
update-alternatives: using /usr/lib/jvm/java-8-openjdk-amd64/jre/lib/jexec to provide /usr/bin/jexec (jexec) in auto mode
Setting up ca-certificates-java (20170531+nmu1) ...
Adding debian:GlobalSign_Root_CA.pem
Adding debian:Camerfirma_Chambers_of_Commerce_Root.pem
Warning: there was a problem reading the certificate file /etc/ssl/certs/NetLock_Arany_=Class_Gold=_F?tan?s?tv?ny.pem. Message:
  /etc/ssl/certs/NetLock_Arany_=Class_Gold=_F?tan?s?tv?ny.pem (No such file or directory)
Adding debian:D-TRUST_Root_Class_3_CA_2_2009.pem
Warning: there was a problem reading the certificate file /etc/ssl/certs/AC_Ra?z_Certic?mara_S.A..pem. Message:
  /etc/ssl/certs/AC_Ra?z_Certic?mara_S.A..pem (No such file or directory)
Warning: there was a problem reading the certificate file /etc/ssl/certs/EBG_Elektronik_Sertifika_Hizmet_Sa?lay?c?s?.pem. Message:
  /etc/ssl/certs/EBG_Elektronik_Sertifika_Hizmet_Sa?lay?c?s?.pem (No such file or directory)
Adding debian:Global_Chambersign_Root_-_2008.pem
Adding debian:Security_Communication_Root_CA.pem
Adding debian:Visa_eCommerce_Root.pem
Adding debian:GeoTrust_Primary_Certification_Authority.pem
Adding debian:RSA_Security_2048_v3.pem
Adding debian:Verisign_Class_3_Public_Primary_Certification_Authority_-_G3.pem
Adding debian:Atos_TrustedRoot_2011.pem
Adding debian:Equifax_Secure_Global_eBusiness_CA.pem
Adding debian:GeoTrust_Primary_Certification_Authority_-_G3.pem
Adding debian:Root_CA_Generalitat_Valenciana.pem
Adding debian:Cybertrust_Global_Root.pem
Adding debian:Certum_Root_CA.pem
Adding debian:IdenTrust_Commercial_Root_CA_1.pem
Adding debian:DigiCert_Assured_ID_Root_G3.pem
Adding debian:AddTrust_External_Root.pem
Adding debian:Staat_der_Nederlanden_EV_Root_CA.pem
Adding debian:S-TRUST_Authentication_and_Encryption_Root_CA_2005_PN.pem
Adding debian:Starfield_Services_Root_Certificate_Authority_-_G2.pem
Adding debian:Chambers_of_Commerce_Root_-_2008.pem
Adding debian:SecureTrust_CA.pem
Adding debian:Starfield_Root_Certificate_Authority_-_G2.pem
Adding debian:Camerfirma_Global_Chambersign_Root.pem
Adding debian:CA_Disig_Root_R2.pem
Adding debian:Entrust_Root_Certification_Authority.pem
Adding debian:SwissSign_Silver_CA_-_G2.pem
Adding debian:CA_Disig_Root_R1.pem
Adding debian:AffirmTrust_Premium_ECC.pem
Adding debian:Certinomis_-_Root_CA.pem
Adding debian:Network_Solutions_Certificate_Authority.pem
Adding debian:T-TeleSec_GlobalRoot_Class_3.pem
Adding debian:VeriSign_Class_3_Public_Primary_Certification_Authority_-_G5.pem
Adding debian:EE_Certification_Centre_Root_CA.pem
Adding debian:ePKI_Root_Certification_Authority.pem
Adding debian:Certum_Trusted_Network_CA.pem
Adding debian:SZAFIR_ROOT_CA2.pem
Adding debian:GlobalSign_Root_CA_-_R2.pem
Adding debian:VeriSign_Class_3_Public_Primary_Certification_Authority_-_G4.pem
Adding debian:OpenTrust_Root_CA_G3.pem
Adding debian:IdenTrust_Public_Sector_Root_CA_1.pem
Adding debian:ApplicationCA_-_Japanese_Government.pem
Adding debian:Autoridad_de_Certificacion_Firmaprofesional_CIF_A62634068.pem
Adding debian:DigiCert_Global_Root_CA.pem
Adding debian:Hellenic_Academic_and_Research_Institutions_RootCA_2015.pem
Adding debian:E-Tugra_Certification_Authority.pem
Adding debian:Microsec_e-Szigno_Root_CA.pem
Adding debian:Swisscom_Root_CA_1.pem
Adding debian:Hongkong_Post_Root_CA_1.pem
Adding debian:AddTrust_Public_Services_Root.pem
Adding debian:Secure_Global_CA.pem
Adding debian:TC_TrustCenter_Class_3_CA_II.pem
Adding debian:GlobalSign_ECC_Root_CA_-_R4.pem
Adding debian:D-TRUST_Root_Class_3_CA_2_EV_2009.pem
Adding debian:Comodo_Trusted_Services_root.pem
Adding debian:IGC_A.pem
Adding debian:AffirmTrust_Premium.pem
Adding debian:AddTrust_Qualified_Certificates_Root.pem
Adding debian:QuoVadis_Root_CA.pem
Adding debian:Buypass_Class_3_Root_CA.pem
Adding debian:Hellenic_Academic_and_Research_Institutions_RootCA_2011.pem
Adding debian:UTN_USERFirst_Email_Root_CA.pem
Adding debian:CFCA_EV_ROOT.pem
Adding debian:CNNIC_ROOT.pem
Adding debian:QuoVadis_Root_CA_1_G3.pem
Adding debian:DST_Root_CA_X3.pem
Adding debian:USERTrust_ECC_Certification_Authority.pem
Adding debian:COMODO_ECC_Certification_Authority.pem
Adding debian:TURKTRUST_Certificate_Services_Provider_Root_2007.pem
Adding debian:Equifax_Secure_CA.pem
Adding debian:GlobalSign_ECC_Root_CA_-_R5.pem
Adding debian:DigiCert_Assured_ID_Root_G2.pem
Adding debian:certSIGN_ROOT_CA.pem
Adding debian:T-TeleSec_GlobalRoot_Class_2.pem
Adding debian:SecureSign_RootCA11.pem
Warning: there was a problem reading the certificate file /etc/ssl/certs/Certinomis_-_Autorit?_Racine.pem. Message:
  /etc/ssl/certs/Certinomis_-_Autorit?_Racine.pem (No such file or directory)
Adding debian:XRamp_Global_CA_Root.pem
Adding debian:ACCVRAIZ1.pem
Adding debian:Verisign_Class_2_Public_Primary_Certification_Authority_-_G3.pem
Adding debian:Comodo_AAA_Services_root.pem
Adding debian:Buypass_Class_2_CA_1.pem
Adding debian:Baltimore_CyberTrust_Root.pem
Adding debian:Certum_Trusted_Network_CA_2.pem
Adding debian:thawte_Primary_Root_CA_-_G3.pem
Adding debian:GeoTrust_Global_CA.pem
Adding debian:Buypass_Class_2_Root_CA.pem
Adding debian:DigiCert_Global_Root_G2.pem
Adding debian:thawte_Primary_Root_CA.pem
Adding debian:OpenTrust_Root_CA_G1.pem
Adding debian:Entrust.net_Premium_2048_Secure_Server_CA.pem
Adding debian:Sonera_Class_2_Root_CA.pem
Adding debian:DigiCert_Trusted_Root_G4.pem
Adding debian:Microsec_e-Szigno_Root_CA_2009.pem
Adding debian:Verisign_Class_1_Public_Primary_Certification_Authority_-_G3.pem
Adding debian:DigiCert_High_Assurance_EV_Root_CA.pem
Adding debian:Actalis_Authentication_Root_CA.pem
Adding debian:GeoTrust_Universal_CA.pem
Warning: there was a problem reading the certificate file /etc/ssl/certs/T?B?TAK_UEKAE_K?k_Sertifika_Hizmet_Sa?lay?c?s?_-_S?r?m_3.pem. Message:
  /etc/ssl/certs/T?B?TAK_UEKAE_K?k_Sertifika_Hizmet_Sa?lay?c?s?_-_S?r?m_3.pem (No such file or directory)
Adding debian:Go_Daddy_Root_Certificate_Authority_-_G2.pem
Adding debian:AffirmTrust_Commercial.pem
Adding debian:Security_Communication_EV_RootCA1.pem
Adding debian:Certplus_Root_CA_G2.pem
Adding debian:GeoTrust_Primary_Certification_Authority_-_G2.pem
Adding debian:WellsSecure_Public_Root_Certificate_Authority.pem
Adding debian:EC-ACC.pem
Adding debian:ISRG_Root_X1.pem
Adding debian:SwissSign_Gold_CA_-_G2.pem
Adding debian:DigiCert_Global_Root_G3.pem
Adding debian:SwissSign_Platinum_CA_-_G2.pem
Adding debian:Swisscom_Root_CA_2.pem
Adding debian:Go_Daddy_Class_2_CA.pem
Adding debian:Certigna.pem
Adding debian:TWCA_Global_Root_CA.pem
Adding debian:TeliaSonera_Root_CA_v1.pem
Adding debian:USERTrust_RSA_Certification_Authority.pem
Adding debian:Hellenic_Academic_and_Research_Institutions_ECC_RootCA_2015.pem
Adding debian:UTN_USERFirst_Hardware_Root_CA.pem
Adding debian:Entrust_Root_Certification_Authority_-_G2.pem
Adding debian:VeriSign_Universal_Root_Certification_Authority.pem
Adding debian:thawte_Primary_Root_CA_-_G2.pem
Adding debian:QuoVadis_Root_CA_2_G3.pem
Adding debian:Swisscom_Root_EV_CA_2.pem
Adding debian:COMODO_RSA_Certification_Authority.pem
Adding debian:Verisign_Class_1_Public_Primary_Certification_Authority.pem
Adding debian:GeoTrust_Universal_CA_2.pem
Adding debian:Verisign_Class_2_Public_Primary_Certification_Authority_-_G2.pem
Adding debian:Staat_der_Nederlanden_Root_CA_-_G3.pem
Adding debian:OISTE_WISeKey_Global_Root_GB_CA.pem
Adding debian:Deutsche_Telekom_Root_CA_2.pem
Adding debian:Security_Communication_RootCA2.pem
Adding debian:Certplus_Root_CA_G1.pem
Adding debian:QuoVadis_Root_CA_3.pem
Adding debian:QuoVadis_Root_CA_3_G3.pem
Adding debian:ACEDICOM_Root.pem
Adding debian:TWCA_Root_Certification_Authority.pem
Adding debian:PSCProcert.pem
Adding debian:Juur-SK.pem
Warning: there was a problem reading the certificate file /etc/ssl/certs/T?RKTRUST_Elektronik_Sertifika_Hizmet_Sa?lay?c?s?_H6.pem. Message:
  /etc/ssl/certs/T?RKTRUST_Elektronik_Sertifika_Hizmet_Sa?lay?c?s?_H6.pem (No such file or directory)
Adding debian:OISTE_WISeKey_Global_Root_GA_CA.pem
Adding debian:Entrust_Root_Certification_Authority_-_EC1.pem
Adding debian:Verisign_Class_3_Public_Primary_Certification_Authority.pem
Adding debian:Certplus_Class_2_Primary_CA.pem
Warning: there was a problem reading the certificate file /etc/ssl/certs/T?RKTRUST_Elektronik_Sertifika_Hizmet_Sa?lay?c?s?_H5.pem. Message:
  /etc/ssl/certs/T?RKTRUST_Elektronik_Sertifika_Hizmet_Sa?lay?c?s?_H5.pem (No such file or directory)
Adding debian:QuoVadis_Root_CA_2.pem
Adding debian:AffirmTrust_Networking.pem
Adding debian:Izenpe.com.pem
Adding debian:AddTrust_Low-Value_Services_Root.pem
Adding debian:Staat_der_Nederlanden_Root_CA_-_G2.pem
Adding debian:DigiCert_Assured_ID_Root_CA.pem
Adding debian:Equifax_Secure_eBusiness_CA_1.pem
Adding debian:Starfield_Class_2_CA.pem
Adding debian:Taiwan_GRCA.pem
Adding debian:GeoTrust_Global_CA_2.pem
Adding debian:DST_ACES_CA_X6.pem
Adding debian:OpenTrust_Root_CA_G2.pem
Adding debian:Trustis_FPS_Root_CA.pem
Adding debian:GlobalSign_Root_CA_-_R3.pem
Adding debian:Comodo_Secure_Services_root.pem
Adding debian:COMODO_Certification_Authority.pem
Adding debian:ComSign_CA.pem
Adding debian:S-TRUST_Universal_Root_CA.pem
Adding debian:China_Internet_Network_Information_Center_EV_Certificates_Root.pem
done.
Setting up dh-autoreconf (14) ...
Setting up python3 (3.5.3-3) ...
Setting up python3-dev (3.5.3-3) ...
Setting up yui-compressor (2.4.7-3) ...
Setting up dh-strip-nondeterminism (0.035-2) ...
Setting up dh-python (2.20170125) ...
Setting up default-jre-headless (2:1.8-59) ...
Setting up debhelper (10.6.2) ...
Setting up libboost-mpi-python1.62.0 (1.62.0+dfsg-4+b1) ...
Setting up libboost-python1.62-dev (1.62.0+dfsg-4+b1) ...
Setting up libboost-python-dev (1.62.0.1) ...
Setting up libboost-mpi-python1.62-dev (1.62.0+dfsg-4+b1) ...
Setting up libboost-mpi-python-dev (1.62.0.1) ...
Setting up libboost-all-dev (1.62.0.1) ...
Setting up sbuild-build-depends-orthanc-wsi-dummy (0.invalid.0) ...
Processing triggers for libc-bin (2.24-12) ...
Processing triggers for ca-certificates (20161130+nmu1) ...
Updating certificates in /etc/ssl/certs...
0 added, 0 removed; done.
Running hooks in /etc/ca-certificates/update.d...

done.
done.

+------------------------------------------------------------------------------+
| Build environment                                                            |
+------------------------------------------------------------------------------+

Kernel: Linux 4.9.0-2-amd64 amd64 (x86_64)
Toolchain package versions: binutils_2.28-6 dpkg-dev_1.18.24 g++-6_6.4.0-1 gcc-6_6.4.0-1 libc6-dev_2.24-12 libstdc++-6-dev_6.4.0-1 libstdc++6_7.1.0-9 linux-libc-dev_4.11.6-1
Package versions: adduser_3.115 apt_1.5~beta1 autoconf_2.69-10 automake_1:1.15.1-2 autopoint_0.19.8.1-2 autotools-dev_20161112.1 base-files_10 base-passwd_3.5.43 bash_4.4-5 binutils_2.28-6 bsdmainutils_9.0.12+nmu1 bsdutils_1:2.29.2-1 build-essential_12.3 bzip2_1.0.6-8.1 ca-certificates_20161130+nmu1 ca-certificates-java_20170531+nmu1 clang-5.0_1:5.0~svn305653-1 cmake_3.7.2-1 cmake-data_3.7.2-1 coreutils_8.26-3 cpp_4:6.3.0-4d1 cpp-6_6.4.0-1 dash_0.5.8-2.4 debconf_1.5.62 debfoster_2.7-2.1+b1 debhelper_10.6.2 debian-archive-keyring_2017.5 debianutils_4.8.1.1 default-jre-headless_2:1.8-59 dh-autoreconf_14 dh-python_2.20170125 dh-strip-nondeterminism_0.035-2 diffutils_1:3.5-3 dpkg_1.18.24 dpkg-dev_1.18.24 e2fslibs_1.43.4-2 e2fsprogs_1.43.4-2 eatmydata_105-5 fakeroot_1.21-3.1 file_1:5.30-1 findutils_4.6.0+git+20170606-2 fontconfig-config_2.12.3-0.1 fonts-dejavu-core_2.37-1 g++_4:6.3.0-4d1 g++-6_6.4.0-1 gcc_4:6.3.0-4d1 gcc-6_6.4.0-1 gcc-6-base_6.4.0-1 gcc-7-base_7.1.0-9 gettext_0.19.8.1-2+b1 gettext-base_0.19.8.1-2+b1 gpgv_2.1.18-8 grep_2.27-2 groff-base_1.22.3-9 gzip_1.6-5+b1 hostname_3.18+b1 icu-devtools_57.1-6 init-system-helpers_1.48 intltool-debian_0.35.0+20060710.4 java-common_0.59 java-wrappers_0.1.28 lib32gcc1_1:7.1.0-9 lib32stdc++6_7.1.0-9 libacl1_2.2.52-3+b1 libapt-pkg5.0_1.5~beta1 libarchive-zip-perl_1.59-1 libarchive13_3.2.2-2 libasan3_6.4.0-1 libatomic1_7.1.0-9 libattr1_1:2.4.47-2+b2 libaudit-common_1:2.7.7-1 libaudit1_1:2.7.7-1+b1 libavahi-client3_0.6.32-2 libavahi-common-data_0.6.32-2 libavahi-common3_0.6.32-2 libblkid1_2.29.2-1 libboost-all-dev_1.62.0.1 libboost-atomic-dev_1.62.0.1 libboost-atomic1.62-dev_1.62.0+dfsg-4+b1 libboost-atomic1.62.0_1.62.0+dfsg-4+b1 libboost-chrono-dev_1.62.0.1 libboost-chrono1.62-dev_1.62.0+dfsg-4+b1 libboost-chrono1.62.0_1.62.0+dfsg-4+b1 libboost-context-dev_1.62.0.1 libboost-context1.62-dev_1.62.0+dfsg-4+b1 libboost-context1.62.0_1.62.0+dfsg-4+b1 libboost-coroutine-dev_1.62.0.1 libboost-coroutine1.62-dev_1.62.0+dfsg-4+b1 libboost-coroutine1.62.0_1.62.0+dfsg-4+b1 libboost-date-time-dev_1.62.0.1 libboost-date-time1.62-dev_1.62.0+dfsg-4+b1 libboost-date-time1.62.0_1.62.0+dfsg-4+b1 libboost-dev_1.62.0.1 libboost-exception-dev_1.62.0.1 libboost-exception1.62-dev_1.62.0+dfsg-4+b1 libboost-fiber-dev_1.62.0.1 libboost-fiber1.62-dev_1.62.0+dfsg-4+b1 libboost-fiber1.62.0_1.62.0+dfsg-4+b1 libboost-filesystem-dev_1.62.0.1 libboost-filesystem1.62-dev_1.62.0+dfsg-4+b1 libboost-filesystem1.62.0_1.62.0+dfsg-4+b1 libboost-graph-dev_1.62.0.1 libboost-graph-parallel-dev_1.62.0.1 libboost-graph-parallel1.62-dev_1.62.0+dfsg-4+b1 libboost-graph-parallel1.62.0_1.62.0+dfsg-4+b1 libboost-graph1.62-dev_1.62.0+dfsg-4+b1 libboost-graph1.62.0_1.62.0+dfsg-4+b1 libboost-iostreams-dev_1.62.0.1 libboost-iostreams1.62-dev_1.62.0+dfsg-4+b1 libboost-iostreams1.62.0_1.62.0+dfsg-4+b1 libboost-locale-dev_1.62.0.1 libboost-locale1.62-dev_1.62.0+dfsg-4+b1 libboost-locale1.62.0_1.62.0+dfsg-4+b1 libboost-log-dev_1.62.0.1 libboost-log1.62-dev_1.62.0+dfsg-4+b1 libboost-log1.62.0_1.62.0+dfsg-4+b1 libboost-math-dev_1.62.0.1 libboost-math1.62-dev_1.62.0+dfsg-4+b1 libboost-math1.62.0_1.62.0+dfsg-4+b1 libboost-mpi-dev_1.62.0.1 libboost-mpi-python-dev_1.62.0.1 libboost-mpi-python1.62-dev_1.62.0+dfsg-4+b1 libboost-mpi-python1.62.0_1.62.0+dfsg-4+b1 libboost-mpi1.62-dev_1.62.0+dfsg-4+b1 libboost-mpi1.62.0_1.62.0+dfsg-4+b1 libboost-program-options-dev_1.62.0.1 libboost-program-options1.62-dev_1.62.0+dfsg-4+b1 libboost-program-options1.62.0_1.62.0+dfsg-4+b1 libboost-python-dev_1.62.0.1 libboost-python1.62-dev_1.62.0+dfsg-4+b1 libboost-python1.62.0_1.62.0+dfsg-4+b1 libboost-random-dev_1.62.0.1 libboost-random1.62-dev_1.62.0+dfsg-4+b1 libboost-random1.62.0_1.62.0+dfsg-4+b1 libboost-regex-dev_1.62.0.1 libboost-regex1.62-dev_1.62.0+dfsg-4+b1 libboost-regex1.62.0_1.62.0+dfsg-4+b1 libboost-serialization-dev_1.62.0.1 libboost-serialization1.62-dev_1.62.0+dfsg-4+b1 libboost-serialization1.62.0_1.62.0+dfsg-4+b1 libboost-signals-dev_1.62.0.1 libboost-signals1.62-dev_1.62.0+dfsg-4+b1 libboost-signals1.62.0_1.62.0+dfsg-4+b1 libboost-system-dev_1.62.0.1 libboost-system1.62-dev_1.62.0+dfsg-4+b1 libboost-system1.62.0_1.62.0+dfsg-4+b1 libboost-test-dev_1.62.0.1 libboost-test1.62-dev_1.62.0+dfsg-4+b1 libboost-test1.62.0_1.62.0+dfsg-4+b1 libboost-thread-dev_1.62.0.1 libboost-thread1.62-dev_1.62.0+dfsg-4+b1 libboost-thread1.62.0_1.62.0+dfsg-4+b1 libboost-timer-dev_1.62.0.1 libboost-timer1.62-dev_1.62.0+dfsg-4+b1 libboost-timer1.62.0_1.62.0+dfsg-4+b1 libboost-tools-dev_1.62.0.1 libboost-type-erasure-dev_1.62.0.1 libboost-type-erasure1.62-dev_1.62.0+dfsg-4+b1 libboost-type-erasure1.62.0_1.62.0+dfsg-4+b1 libboost-wave-dev_1.62.0.1 libboost-wave1.62-dev_1.62.0+dfsg-4+b1 libboost-wave1.62.0_1.62.0+dfsg-4+b1 libboost1.62-dev_1.62.0+dfsg-4+b1 libboost1.62-tools-dev_1.62.0+dfsg-4+b1 libbsd0_0.8.5-1 libbz2-1.0_1.0.6-8.1 libc-bin_2.24-12 libc-dev-bin_2.24-12 libc6_2.24-12 libc6-dev_2.24-12 libc6-i386_2.24-12 libcap-ng0_0.7.7-3+b1 libcc1-0_7.1.0-9 libcharls-dev_1.1.0+dfsg-2 libcharls1_1.1.0+dfsg-2 libcilkrts5_7.1.0-9 libclang-common-5.0-dev_1:5.0~svn305653-1 libclang1-5.0_1:5.0~svn305653-1 libcomerr2_1.43.4-2 libcroco3_0.6.12-1 libcups2_2.2.4-1 libcurl3_7.52.1-5 libcurl4-openssl-dev_7.52.1-5 libdb5.3_5.3.28-12+b1 libdbus-1-3_1.10.20-1 libdcmtk-dev_3.6.1~20170228-2 libdcmtk11_3.6.1~20170228-2 libdebconfclient0_0.229 libdpkg-perl_1.18.24 libeatmydata1_105-5 libedit2_3.1-20170329-1 libexpat1_2.2.1-3 libexpat1-dev_2.2.1-3 libfabric1_1.4.0-1 libfakeroot_1.21-3.1 libfdisk1_2.29.2-1 libffi6_3.2.1-6 libfile-stripnondeterminism-perl_0.035-2 libfontconfig1_2.12.3-0.1 libfreetype6_2.8-0.2 libgc1c2_1:7.4.2-8 libgcc-6-dev_6.4.0-1 libgcc1_1:7.1.0-9 libgcrypt20_1.7.8-1 libgdbm3_1.8.3-14 libgfortran3_6.4.0-1 libglib2.0-0_2.52.3-1 libgmp10_2:6.1.2+dfsg-1 libgnutls30_3.5.13-2 libgomp1_7.1.0-9 libgpg-error0_1.27-3 libgssapi-krb5-2_1.15-1 libhogweed4_3.3-1+b1 libhwloc-dev_1.11.5-1 libhwloc-plugins_1.11.5-1 libhwloc5_1.11.5-1 libibverbs-dev_1.2.1-2 libibverbs1_1.2.1-2 libicu-dev_57.1-6 libicu57_57.1-6 libidn2-0_0.16-1+b1 libisl15_0.18-1 libitm1_7.1.0-9 libjargs-java_1.0.0-4 libjbig-dev_2.1-3.1+b2 libjbig0_2.1-3.1+b2 libjpeg-dev_1:1.5.1-2 libjpeg62-turbo_1:1.5.1-2 libjpeg62-turbo-dev_1:1.5.1-2 libjsoncpp-dev_1.7.4-3 libjsoncpp1_1.7.4-3 libk5crypto3_1.15-1 libkeyutils1_1.5.9-9 libkrb5-3_1.15-1 libkrb5support0_1.15-1 liblcms2-2_2.8-4 libldap-2.4-2_2.4.44+dfsg-7 libldap-common_2.4.44+dfsg-7 libllvm5.0_1:5.0~svn305653-1 liblsan0_7.1.0-9 libltdl-dev_2.4.6-2 libltdl7_2.4.6-2 liblz4-1_0.0~r131-2+b1 liblzma-dev_5.2.2-1.2+b1 liblzma5_5.2.2-1.2+b1 liblzo2-2_2.08-1.2+b2 libmagic-mgc_1:5.30-1 libmagic1_1:5.30-1 libmount1_2.29.2-1 libmpc3_1.0.3-1+b2 libmpdec2_2.4.2-1 libmpfr4_3.1.5-1 libmpx2_7.1.0-9 libncurses5_6.0+20161126-1 libncursesw5_6.0+20161126-1 libnettle6_3.3-1+b1 libnghttp2-14_1.24.0-1 libnl-3-200_3.2.27-2 libnl-route-3-200_3.2.27-2 libnspr4_2:4.15-1 libnss3_2:3.31-1 libnuma-dev_2.0.11-2.1 libnuma1_2.0.11-2.1 libobjc-6-dev_6.4.0-1 libobjc4_7.1.0-9 libopenjp2-7_2.1.2-1.1 libopenjp2-7-dev_2.1.2-1.1 libopenmpi-dev_2.1.1-6 libopenmpi2_2.1.1-6 libp11-kit0_0.23.7-2 libpam-modules_1.1.8-3.6 libpam-modules-bin_1.1.8-3.6 libpam-runtime_1.1.8-3.6 libpam0g_1.1.8-3.6 libpciaccess0_0.13.4-1+b2 libpcre3_2:8.39-3 libpcsclite1_1.8.22-1 libperl5.24_5.24.1-6 libpipeline1_1.4.1-2 libpng-dev_1.6.29-3 libpng16-16_1.6.29-3 libprocps6_2:3.3.12-3 libpsl5_0.17.0-4+b1 libpsm-infinipath1_3.3+19.g67c0807.open-3 libpython-dev_2.7.13-2 libpython-stdlib_2.7.13-2 libpython2.7_2.7.13-2 libpython2.7-dev_2.7.13-2 libpython2.7-minimal_2.7.13-2 libpython2.7-stdlib_2.7.13-2 libpython3-dev_3.5.3-3 libpython3-stdlib_3.5.3-3 libpython3.5_3.5.3-3 libpython3.5-dev_3.5.3-3 libpython3.5-minimal_3.5.3-3 libpython3.5-stdlib_3.5.3-3 libquadmath0_7.1.0-9 librdmacm1_1.1.0-2 libreadline7_7.0-3 librtmp1_2.4+20151223.gitfa8646d.1-1+b1 libsasl2-2_2.1.27~101-g0780600+dfsg-3 libsasl2-modules-db_2.1.27~101-g0780600+dfsg-3 libselinux1_2.6-3+b2 libsemanage-common_2.6-2 libsemanage1_2.6-2+b1 libsepol1_2.6-2 libsigsegv2_2.11-1 libsmartcols1_2.29.2-1 libsqlite3-0_3.16.2-5 libss2_1.43.4-2 libssh2-1_1.8.0-1 libssl-dev_1.1.0f-3 libssl1.0.2_1.0.2l-2 libssl1.1_1.1.0f-3 libstdc++-6-dev_6.4.0-1 libstdc++6_7.1.0-9 libsystemd0_233-10 libtasn1-6_4.12-2 libtiff5_4.0.8-3 libtiff5-dev_4.0.8-3 libtiffxx5_4.0.8-3 libtimedate-perl_2.3000-2 libtinfo5_6.0+20161126-1 libtool_2.4.6-2 libtsan0_7.1.0-9 libubsan0_7.1.0-9 libudev1_233-10 libunistring2_0.9.7-2 libustr-1.0-1_1.0.4-6 libuuid1_2.29.2-1 libuv1_1.9.1-3 libwrap0_7.6.q-26 libwrap0-dev_7.6.q-26 libx11-6_2:1.6.4-3 libx11-data_2:1.6.4-3 libxau6_1:1.0.8-1 libxcb1_1.12-1 libxdmcp6_1:1.1.2-3 libxext6_2:1.3.3-1+b2 libxi6_2:1.7.9-1 libxml2_2.9.4+dfsg1-3 libxml2-dev_2.9.4+dfsg1-3 libxrender1_1:0.9.10-1 libxtst6_2:1.2.3-1 linux-libc-dev_4.11.6-1 login_1:4.4-4.1 lsb-base_9.20161125 m4_1.4.18-1 make_4.1-9.1 man-db_2.7.6.1-2 mawk_1.3.3-17+b3 mime-support_3.60 mount_2.29.2-1 mpi-default-bin_1.8 mpi-default-dev_1.8 multiarch-support_2.24-12 ncurses-base_6.0+20161126-1 ncurses-bin_6.0+20161126-1 ocl-icd-libopencl1_2.2.11-1 openjdk-8-jre-headless_8u131-b11-2 openmpi-bin_2.1.1-6 openmpi-common_2.1.1-6 openssl_1.1.0f-3 orthanc-dev_1.2.0+dfsg-2 passwd_1:4.4-4.1 patch_2.7.5-1+b2 perl_5.24.1-6 perl-base_5.24.1-6 perl-modules-5.24_5.24.1-6 po-debconf_1.0.20 procps_2:3.3.12-3 python_2.7.13-2 python-dev_2.7.13-2 python-minimal_2.7.13-2 python2.7_2.7.13-2 python2.7-dev_2.7.13-2 python2.7-minimal_2.7.13-2 python3_3.5.3-3 python3-dev_3.5.3-3 python3-minimal_3.5.3-3 python3.5_3.5.3-3 python3.5-dev_3.5.3-3 python3.5-minimal_3.5.3-3 readline-common_7.0-3 sbuild-build-depends-core-dummy_0.invalid.0 sbuild-build-depends-orthanc-wsi-dummy_0.invalid.0 sed_4.4-1 sensible-utils_0.0.9 sysvinit-utils_2.88dsf-59.9 tar_1.29b-1.1 ucf_3.0036 unzip_6.0-21 util-linux_2.29.2-1 uuid-dev_2.29.2-1 x11-common_1:7.7+19 xz-utils_5.2.2-1.2+b1 yui-compressor_2.4.7-3 zlib1g_1:1.2.8.dfsg-5 zlib1g-dev_1:1.2.8.dfsg-5

+------------------------------------------------------------------------------+
| Build                                                                        |
+------------------------------------------------------------------------------+


Unpack source
-------------

gpgv: unknown type of key resource 'trustedkeys.kbx'
gpgv: keyblock resource '/sbuild-nonexistent/.gnupg/trustedkeys.kbx': General error
gpgv: Signature made Thu Jun 29 12:30:45 2017 UTC
gpgv:                using RSA key 93BE9F197ED5D0C30E593D8BA776582B312AC35D
gpgv:                issuer "s.jodogne@gmail.com"
gpgv: Can't check signature: No public key
dpkg-source: warning: failed to verify signature on ./orthanc-wsi_0.4+dfsg-2.dsc
dpkg-source: info: extracting orthanc-wsi in /<<BUILDDIR>>/orthanc-wsi-0.4+dfsg
dpkg-source: info: unpacking orthanc-wsi_0.4+dfsg.orig.tar.xz
dpkg-source: info: unpacking orthanc-wsi_0.4+dfsg-2.debian.tar.xz
dpkg-source: info: applying cmake
dpkg-source: info: applying dcmtk-3.6.1~20170228.patch

Check disk space
----------------

Sufficient free space for build

User Environment
----------------

APT_CONFIG=/var/lib/sbuild/apt.conf
HOME=/sbuild-nonexistent
LANG=en_US.UTF-8
LC_ALL=POSIX
LOGNAME=user42
PATH=/usr/local/sbin:/usr/local/bin:/usr/sbin:/usr/bin:/sbin:/bin:/usr/games
SCHROOT_ALIAS_NAME=unstable-amd64-sbuild
SCHROOT_CHROOT_NAME=unstable-amd64-sbuild
SCHROOT_COMMAND=env
SCHROOT_GID=1001
SCHROOT_GROUP=user42
SCHROOT_SESSION_ID=unstable-amd64-sbuild-36a7bca7-44ef-4004-80c7-8d8a8298b4a5
SCHROOT_UID=1001
SCHROOT_USER=user42
SHELL=/bin/sh
USER=user42

dpkg-buildpackage
-----------------

dpkg-buildpackage: info: source package orthanc-wsi
dpkg-buildpackage: info: source version 0.4+dfsg-2
dpkg-buildpackage: info: source distribution unstable
dpkg-buildpackage: info: source changed by Sebastien Jodogne <s.jodogne@gmail.com>
 dpkg-source --before-build orthanc-wsi-0.4+dfsg
dpkg-buildpackage: info: host architecture amd64
 fakeroot debian/rules clean
dh clean --parallel
   dh_testdir -O--parallel
   dh_auto_clean -O--parallel
   dh_clean -O--parallel
 debian/rules build-arch
dh build-arch --parallel
   dh_testdir -a -O--parallel
   dh_update_autotools_config -a -O--parallel
   debian/rules override_dh_auto_configure
make[1]: Entering directory '/<<BUILDDIR>>/orthanc-wsi-0.4+dfsg'
# Configure the command-line tools
mkdir BuildApplications
dh_auto_configure --builddirectory=BuildApplications \
		  --sourcedirectory=Applications \
		  -- -DCMAKE_SKIP_RPATH:BOOL=ON -DCMAKE_BUILD_TYPE=""   
	cmake ../Applications -DCMAKE_INSTALL_PREFIX=/usr -DCMAKE_VERBOSE_MAKEFILE=ON -DCMAKE_BUILD_TYPE=None -DCMAKE_INSTALL_SYSCONFDIR=/etc -DCMAKE_INSTALL_LOCALSTATEDIR=/var -DCMAKE_SKIP_RPATH:BOOL=ON -DCMAKE_BUILD_TYPE=
-- The C compiler identification is Clang 5.0.0
-- The CXX compiler identification is Clang 5.0.0
-- Check for working C compiler: /usr/bin/cc
-- Check for working C compiler: /usr/bin/cc -- works
-- Detecting C compiler ABI info
-- Detecting C compiler ABI info - done
-- Detecting C compile features
-- Detecting C compile features - done
-- Check for working CXX compiler: /usr/bin/c++
-- Check for working CXX compiler: /usr/bin/c++ -- works
-- Detecting CXX compiler ABI info
-- Detecting CXX compiler ABI info - done
-- Detecting CXX compile features
-- Detecting CXX compile features - done
-- Found PythonInterp: /usr/bin/python (found version "2.7.13") 
-- Could NOT find PkgConfig (missing:  PKG_CONFIG_EXECUTABLE) 
-- Looking for include file uuid/uuid.h
-- Looking for include file uuid/uuid.h - found
-- Trying to find DCMTK expecting DCMTKConfig.cmake
-- Trying to find DCMTK expecting DCMTKConfig.cmake - ok
DCMTK version: 361
Autodetected path to the DICOM dictionaries: /usr/share/libdcmtk11
JsonCpp include dir: /usr/include/jsoncpp
-- Looking for C++ include /usr/include/jsoncpp/json/reader.h
-- Looking for C++ include /usr/include/jsoncpp/json/reader.h - found
JsonCpp major version: 1
-- Found CURL: /usr/lib/x86_64-linux-gnu/libcurl.so (found version "7.52.1") 
-- Found JPEG: /usr/lib/x86_64-linux-gnu/libjpeg.so  
-- Found ZLIB: /usr/lib/x86_64-linux-gnu/libz.so (found version "1.2.8") 
-- Found PNG: /usr/lib/x86_64-linux-gnu/libpng.so (found version "1.6.29") 
-- Boost version: 1.62.0
-- Looking for pthread.h
-- Looking for pthread.h - found
-- Looking for pthread_create
-- Looking for pthread_create - not found
-- Looking for pthread_create in pthreads
-- Looking for pthread_create in pthreads - not found
-- Looking for pthread_create in pthread
-- Looking for pthread_create in pthread - found
-- Found Threads: TRUE  
-- Boost version: 1.62.0
-- Found the following Boost libraries:
--   filesystem
--   thread
--   system
--   date_time
--   regex
--   locale
--   program_options
--   chrono
--   atomic
-- Looking for C++ include /usr/include/openjpeg-2.1/openjpeg.h
-- Looking for C++ include /usr/include/openjpeg-2.1/openjpeg.h - found
-- Looking for opj_image_create in openjpeg
-- Looking for opj_image_create in openjpeg - not found
-- Looking for opj_image_create in openjp2
-- Looking for opj_image_create in openjp2 - found
-- Looking for opj_destroy_decompress
-- Looking for opj_destroy_decompress - not found
-- Looking for opj_destroy_codec
-- Looking for opj_destroy_codec - found
Your system has OpenJPEG version 2
-- Looking for C++ include tiff.h
-- Looking for C++ include tiff.h - found
-- Looking for TIFFGetField in tiff
-- Looking for TIFFGetField in tiff - found
-- Looking for C++ include orthanc/OrthancCPlugin.h
-- Looking for C++ include orthanc/OrthancCPlugin.h - found
-- Could NOT find Doxygen (missing:  DOXYGEN_EXECUTABLE) 
Doxygen not found. The documentation will not be built.
-- Configuring done
-- Generating done
CMake Warning:
  Manually-specified variables were not used by the project:

    CMAKE_INSTALL_LOCALSTATEDIR
    CMAKE_INSTALL_SYSCONFDIR


-- Build files have been written to: /<<BUILDDIR>>/orthanc-wsi-0.4+dfsg/BuildApplications
# Minify the official OpenLayers 3.19.0 distribution (Debian
# packages only contains OpenLayers 2 for the time being,
# which is incompatible with OpenLayers 3)
mkdir -p BuildViewer
yui-compressor debian/JS/openlayers-3.19.0/ol-debug.js > BuildViewer/ol.min.js
yui-compressor debian/JS/openlayers-3.19.0/ol.css > BuildViewer/ol.min.css
# Configure the Web viewer plugin
dh_auto_configure --builddirectory=BuildViewer \
		  --sourcedirectory=ViewerPlugin \
		  -- -DCMAKE_SKIP_RPATH:BOOL=ON -DUSE_SYSTEM_OPENLAYERS=ON -DOPENLAYERS_CSS=/<<BUILDDIR>>/orthanc-wsi-0.4+dfsg/BuildViewer/ol.min.css -DOPENLAYERS_JS=/<<BUILDDIR>>/orthanc-wsi-0.4+dfsg/BuildViewer/ol.min.js -DCMAKE_BUILD_TYPE=""   
	cmake ../ViewerPlugin -DCMAKE_INSTALL_PREFIX=/usr -DCMAKE_VERBOSE_MAKEFILE=ON -DCMAKE_BUILD_TYPE=None -DCMAKE_INSTALL_SYSCONFDIR=/etc -DCMAKE_INSTALL_LOCALSTATEDIR=/var -DCMAKE_SKIP_RPATH:BOOL=ON -DUSE_SYSTEM_OPENLAYERS=ON -DOPENLAYERS_CSS=/<<BUILDDIR>>/orthanc-wsi-0.4\+dfsg/BuildViewer/ol.min.css -DOPENLAYERS_JS=/<<BUILDDIR>>/orthanc-wsi-0.4\+dfsg/BuildViewer/ol.min.js -DCMAKE_BUILD_TYPE=
-- The C compiler identification is Clang 5.0.0
-- The CXX compiler identification is Clang 5.0.0
-- Check for working C compiler: /usr/bin/cc
-- Check for working C compiler: /usr/bin/cc -- works
-- Detecting C compiler ABI info
-- Detecting C compiler ABI info - done
-- Detecting C compile features
-- Detecting C compile features - done
-- Check for working CXX compiler: /usr/bin/c++
-- Check for working CXX compiler: /usr/bin/c++ -- works
-- Detecting CXX compiler ABI info
-- Detecting CXX compiler ABI info - done
-- Detecting CXX compile features
-- Detecting CXX compile features - done
-- Found PythonInterp: /usr/bin/python (found version "2.7.13") 
-- Could NOT find PkgConfig (missing:  PKG_CONFIG_EXECUTABLE) 
-- Looking for include file uuid/uuid.h
-- Looking for include file uuid/uuid.h - found
-- Boost version: 1.62.0
-- Looking for pthread.h
-- Looking for pthread.h - found
-- Looking for pthread_create
-- Looking for pthread_create - not found
-- Looking for pthread_create in pthreads
-- Looking for pthread_create in pthreads - not found
-- Looking for pthread_create in pthread
-- Looking for pthread_create in pthread - found
-- Found Threads: TRUE  
-- Boost version: 1.62.0
-- Found the following Boost libraries:
--   filesystem
--   thread
--   system
--   date_time
--   regex
--   locale
--   chrono
--   atomic
JsonCpp include dir: /usr/include/jsoncpp
-- Looking for C++ include /usr/include/jsoncpp/json/reader.h
-- Looking for C++ include /usr/include/jsoncpp/json/reader.h - found
JsonCpp major version: 1
-- Found JPEG: /usr/lib/x86_64-linux-gnu/libjpeg.so  
-- Found ZLIB: /usr/lib/x86_64-linux-gnu/libz.so (found version "1.2.8") 
-- Found PNG: /usr/lib/x86_64-linux-gnu/libpng.so (found version "1.6.29") 
-- Looking for C++ include /usr/include/openjpeg-2.1/openjpeg.h
-- Looking for C++ include /usr/include/openjpeg-2.1/openjpeg.h - found
-- Looking for opj_image_create in openjpeg
-- Looking for opj_image_create in openjpeg - not found
-- Looking for opj_image_create in openjp2
-- Looking for opj_image_create in openjp2 - found
-- Looking for opj_destroy_decompress
-- Looking for opj_destroy_decompress - not found
-- Looking for opj_destroy_codec
-- Looking for opj_destroy_codec - found
Your system has OpenJPEG version 2
-- Looking for C++ include orthanc/OrthancCPlugin.h
-- Looking for C++ include orthanc/OrthancCPlugin.h - found
Setting the version of the library to 0.4
-- Configuring done
-- Generating done
CMake Warning:
  Manually-specified variables were not used by the project:

    CMAKE_INSTALL_LOCALSTATEDIR
    CMAKE_INSTALL_SYSCONFDIR


-- Build files have been written to: /<<BUILDDIR>>/orthanc-wsi-0.4+dfsg/BuildViewer
make[1]: Leaving directory '/<<BUILDDIR>>/orthanc-wsi-0.4+dfsg'
   debian/rules override_dh_auto_build
make[1]: Entering directory '/<<BUILDDIR>>/orthanc-wsi-0.4+dfsg'
# Build the command-line tools
dh_auto_build --builddirectory=BuildApplications \
	      --sourcedirectory=Applications
	make -j16
make[2]: Entering directory '/<<BUILDDIR>>/orthanc-wsi-0.4+dfsg/BuildApplications'
/usr/bin/cmake -H/<<BUILDDIR>>/orthanc-wsi-0.4+dfsg/Applications -B/<<BUILDDIR>>/orthanc-wsi-0.4+dfsg/BuildApplications --check-build-system CMakeFiles/Makefile.cmake 0
/usr/bin/cmake -E cmake_progress_start /<<BUILDDIR>>/orthanc-wsi-0.4+dfsg/BuildApplications/CMakeFiles /<<BUILDDIR>>/orthanc-wsi-0.4+dfsg/BuildApplications/CMakeFiles/progress.marks
make -f CMakeFiles/Makefile2 all
make[3]: Entering directory '/<<BUILDDIR>>/orthanc-wsi-0.4+dfsg/BuildApplications'
make -f CMakeFiles/OrthancWSIFramework.dir/build.make CMakeFiles/OrthancWSIFramework.dir/depend
make[4]: Entering directory '/<<BUILDDIR>>/orthanc-wsi-0.4+dfsg/BuildApplications'
[  1%] Generating AUTOGENERATED/EmbeddedResources.h, AUTOGENERATED/EmbeddedResources.cpp
/usr/bin/python /<<BUILDDIR>>/orthanc-wsi-0.4+dfsg/Applications/../Resources/Orthanc/Resources/EmbedResources.py /<<BUILDDIR>>/orthanc-wsi-0.4+dfsg/BuildApplications/AUTOGENERATED/EmbeddedResources BRIGHTFIELD_OPTICAL_PATH /<<BUILDDIR>>/orthanc-wsi-0.4+dfsg/Applications/../Resources/BrightfieldOpticalPath.json SAMPLE_DATASET /<<BUILDDIR>>/orthanc-wsi-0.4+dfsg/Applications/../Resources/SampleDataset.json SRGB_ICC_PROFILE /<<BUILDDIR>>/orthanc-wsi-0.4+dfsg/Applications/../Resources/sRGB.icc
cd /<<BUILDDIR>>/orthanc-wsi-0.4+dfsg/BuildApplications && /usr/bin/cmake -E cmake_depends "Unix Makefiles" /<<BUILDDIR>>/orthanc-wsi-0.4+dfsg/Applications /<<BUILDDIR>>/orthanc-wsi-0.4+dfsg/Applications /<<BUILDDIR>>/orthanc-wsi-0.4+dfsg/BuildApplications /<<BUILDDIR>>/orthanc-wsi-0.4+dfsg/BuildApplications /<<BUILDDIR>>/orthanc-wsi-0.4+dfsg/BuildApplications/CMakeFiles/OrthancWSIFramework.dir/DependInfo.cmake --color=
Scanning dependencies of target OrthancWSIFramework
make[4]: Leaving directory '/<<BUILDDIR>>/orthanc-wsi-0.4+dfsg/BuildApplications'
make -f CMakeFiles/OrthancWSIFramework.dir/build.make CMakeFiles/OrthancWSIFramework.dir/build
make[4]: Entering directory '/<<BUILDDIR>>/orthanc-wsi-0.4+dfsg/BuildApplications'
[  2%] Building CXX object CMakeFiles/OrthancWSIFramework.dir/<<BUILDDIR>>/orthanc-wsi-0.4+dfsg/Resources/Orthanc/Core/ChunkedBuffer.cpp.o
/usr/bin/c++   -DBOOST_FILESYSTEM_VERSION=3 -DBOOST_HAS_DATE_TIME=1 -DBOOST_HAS_FILESYSTEM_V3=1 -DBOOST_HAS_LOCALE=1 -DBOOST_HAS_REGEX=1 -DDCMTK_DICTIONARY_DIR=\"/usr/share/libdcmtk11\" -DDCMTK_USE_EMBEDDED_DICTIONARIES=0 -DDCMTK_VERSION_NUMBER=361 -DHAS_ORTHANC_EXCEPTION=1 -DHAVE_CONFIG_H=1 -DORTHANC_BUILD_UNIT_TESTS=0 -DORTHANC_ENABLE_BASE64=1 -DORTHANC_ENABLE_CURL=1 -DORTHANC_ENABLE_DCMTK=1 -DORTHANC_ENABLE_JPEG=0 -DORTHANC_ENABLE_LOGGING=1 -DORTHANC_ENABLE_LOGGING_PLUGIN=0 -DORTHANC_ENABLE_LUA=0 -DORTHANC_ENABLE_MD5=0 -DORTHANC_ENABLE_PKCS11=0 -DORTHANC_ENABLE_PLUGINS=1 -DORTHANC_ENABLE_PUGIXML=0 -DORTHANC_ENABLE_SSL=0 -DORTHANC_OPENJPEG_MAJOR_VERSION=2 -DORTHANC_SANDBOXED=0 -DORTHANC_STATIC=0 -DORTHANC_WSI_VERSION=\"0.4\" -D_FILE_OFFSET_BITS=64 -D_LARGEFILE64_SOURCE=1 -I/<<BUILDDIR>>/orthanc-wsi-0.4+dfsg/BuildApplications/AUTOGENERATED -I/usr/include/jsoncpp -I/usr/include/x86_64-linux-gnu -I/usr/include/openjpeg-2.1  -g -O2 -fdebug-prefix-map=/<<BUILDDIR>>/orthanc-wsi-0.4+dfsg=. -fstack-protector-strong -Wformat -Werror=format-security -Wdate-time -D_FORTIFY_SOURCE=2   -o CMakeFiles/OrthancWSIFramework.dir/<<BUILDDIR>>/orthanc-wsi-0.4+dfsg/Resources/Orthanc/Core/ChunkedBuffer.cpp.o -c /<<BUILDDIR>>/orthanc-wsi-0.4+dfsg/Resources/Orthanc/Core/ChunkedBuffer.cpp
[  4%] Building CXX object CMakeFiles/OrthancWSIFramework.dir/<<BUILDDIR>>/orthanc-wsi-0.4+dfsg/Resources/Orthanc/Core/DicomFormat/DicomMap.cpp.o
/usr/bin/c++   -DBOOST_FILESYSTEM_VERSION=3 -DBOOST_HAS_DATE_TIME=1 -DBOOST_HAS_FILESYSTEM_V3=1 -DBOOST_HAS_LOCALE=1 -DBOOST_HAS_REGEX=1 -DDCMTK_DICTIONARY_DIR=\"/usr/share/libdcmtk11\" -DDCMTK_USE_EMBEDDED_DICTIONARIES=0 -DDCMTK_VERSION_NUMBER=361 -DHAS_ORTHANC_EXCEPTION=1 -DHAVE_CONFIG_H=1 -DORTHANC_BUILD_UNIT_TESTS=0 -DORTHANC_ENABLE_BASE64=1 -DORTHANC_ENABLE_CURL=1 -DORTHANC_ENABLE_DCMTK=1 -DORTHANC_ENABLE_JPEG=0 -DORTHANC_ENABLE_LOGGING=1 -DORTHANC_ENABLE_LOGGING_PLUGIN=0 -DORTHANC_ENABLE_LUA=0 -DORTHANC_ENABLE_MD5=0 -DORTHANC_ENABLE_PKCS11=0 -DORTHANC_ENABLE_PLUGINS=1 -DORTHANC_ENABLE_PUGIXML=0 -DORTHANC_ENABLE_SSL=0 -DORTHANC_OPENJPEG_MAJOR_VERSION=2 -DORTHANC_SANDBOXED=0 -DORTHANC_STATIC=0 -DORTHANC_WSI_VERSION=\"0.4\" -D_FILE_OFFSET_BITS=64 -D_LARGEFILE64_SOURCE=1 -I/<<BUILDDIR>>/orthanc-wsi-0.4+dfsg/BuildApplications/AUTOGENERATED -I/usr/include/jsoncpp -I/usr/include/x86_64-linux-gnu -I/usr/include/openjpeg-2.1  -g -O2 -fdebug-prefix-map=/<<BUILDDIR>>/orthanc-wsi-0.4+dfsg=. -fstack-protector-strong -Wformat -Werror=format-security -Wdate-time -D_FORTIFY_SOURCE=2   -o CMakeFiles/OrthancWSIFramework.dir/<<BUILDDIR>>/orthanc-wsi-0.4+dfsg/Resources/Orthanc/Core/DicomFormat/DicomMap.cpp.o -c /<<BUILDDIR>>/orthanc-wsi-0.4+dfsg/Resources/Orthanc/Core/DicomFormat/DicomMap.cpp
[  5%] Building CXX object CMakeFiles/OrthancWSIFramework.dir/<<BUILDDIR>>/orthanc-wsi-0.4+dfsg/Resources/Orthanc/Core/DicomFormat/DicomTag.cpp.o
[  6%] Building CXX object CMakeFiles/OrthancWSIFramework.dir/<<BUILDDIR>>/orthanc-wsi-0.4+dfsg/Resources/Orthanc/Core/DicomFormat/DicomArray.cpp.o
[  8%] Building CXX object CMakeFiles/OrthancWSIFramework.dir/<<BUILDDIR>>/orthanc-wsi-0.4+dfsg/Resources/Orthanc/Core/Images/JpegWriter.cpp.o
/usr/bin/c++   -DBOOST_FILESYSTEM_VERSION=3 -DBOOST_HAS_DATE_TIME=1 -DBOOST_HAS_FILESYSTEM_V3=1 -DBOOST_HAS_LOCALE=1 -DBOOST_HAS_REGEX=1 -DDCMTK_DICTIONARY_DIR=\"/usr/share/libdcmtk11\" -DDCMTK_USE_EMBEDDED_DICTIONARIES=0 -DDCMTK_VERSION_NUMBER=361 -DHAS_ORTHANC_EXCEPTION=1 -DHAVE_CONFIG_H=1 -DORTHANC_BUILD_UNIT_TESTS=0 -DORTHANC_ENABLE_BASE64=1 -DORTHANC_ENABLE_CURL=1 -DORTHANC_ENABLE_DCMTK=1 -DORTHANC_ENABLE_JPEG=0 -DORTHANC_ENABLE_LOGGING=1 -DORTHANC_ENABLE_LOGGING_PLUGIN=0 -DORTHANC_ENABLE_LUA=0 -DORTHANC_ENABLE_MD5=0 -DORTHANC_ENABLE_PKCS11=0 -DORTHANC_ENABLE_PLUGINS=1 -DORTHANC_ENABLE_PUGIXML=0 -DORTHANC_ENABLE_SSL=0 -DORTHANC_OPENJPEG_MAJOR_VERSION=2 -DORTHANC_SANDBOXED=0 -DORTHANC_STATIC=0 -DORTHANC_WSI_VERSION=\"0.4\" -D_FILE_OFFSET_BITS=64 -D_LARGEFILE64_SOURCE=1 -I/<<BUILDDIR>>/orthanc-wsi-0.4+dfsg/BuildApplications/AUTOGENERATED -I/usr/include/jsoncpp -I/usr/include/x86_64-linux-gnu -I/usr/include/openjpeg-2.1  -g -O2 -fdebug-prefix-map=/<<BUILDDIR>>/orthanc-wsi-0.4+dfsg=. -fstack-protector-strong -Wformat -Werror=format-security -Wdate-time -D_FORTIFY_SOURCE=2   -o CMakeFiles/OrthancWSIFramework.dir/<<BUILDDIR>>/orthanc-wsi-0.4+dfsg/Resources/Orthanc/Core/DicomFormat/DicomTag.cpp.o -c /<<BUILDDIR>>/orthanc-wsi-0.4+dfsg/Resources/Orthanc/Core/DicomFormat/DicomTag.cpp
[  9%] Building CXX object CMakeFiles/OrthancWSIFramework.dir/<<BUILDDIR>>/orthanc-wsi-0.4+dfsg/Resources/Orthanc/Core/DicomFormat/DicomValue.cpp.o
[ 10%] Building CXX object CMakeFiles/OrthancWSIFramework.dir/<<BUILDDIR>>/orthanc-wsi-0.4+dfsg/Resources/Orthanc/Core/Enumerations.cpp.o
/usr/bin/c++   -DBOOST_FILESYSTEM_VERSION=3 -DBOOST_HAS_DATE_TIME=1 -DBOOST_HAS_FILESYSTEM_V3=1 -DBOOST_HAS_LOCALE=1 -DBOOST_HAS_REGEX=1 -DDCMTK_DICTIONARY_DIR=\"/usr/share/libdcmtk11\" -DDCMTK_USE_EMBEDDED_DICTIONARIES=0 -DDCMTK_VERSION_NUMBER=361 -DHAS_ORTHANC_EXCEPTION=1 -DHAVE_CONFIG_H=1 -DORTHANC_BUILD_UNIT_TESTS=0 -DORTHANC_ENABLE_BASE64=1 -DORTHANC_ENABLE_CURL=1 -DORTHANC_ENABLE_DCMTK=1 -DORTHANC_ENABLE_JPEG=0 -DORTHANC_ENABLE_LOGGING=1 -DORTHANC_ENABLE_LOGGING_PLUGIN=0 -DORTHANC_ENABLE_LUA=0 -DORTHANC_ENABLE_MD5=0 -DORTHANC_ENABLE_PKCS11=0 -DORTHANC_ENABLE_PLUGINS=1 -DORTHANC_ENABLE_PUGIXML=0 -DORTHANC_ENABLE_SSL=0 -DORTHANC_OPENJPEG_MAJOR_VERSION=2 -DORTHANC_SANDBOXED=0 -DORTHANC_STATIC=0 -DORTHANC_WSI_VERSION=\"0.4\" -D_FILE_OFFSET_BITS=64 -D_LARGEFILE64_SOURCE=1 -I/<<BUILDDIR>>/orthanc-wsi-0.4+dfsg/BuildApplications/AUTOGENERATED -I/usr/include/jsoncpp -I/usr/include/x86_64-linux-gnu -I/usr/include/openjpeg-2.1  -g -O2 -fdebug-prefix-map=/<<BUILDDIR>>/orthanc-wsi-0.4+dfsg=. -fstack-protector-strong -Wformat -Werror=format-security -Wdate-time -D_FORTIFY_SOURCE=2   -o CMakeFiles/OrthancWSIFramework.dir/<<BUILDDIR>>/orthanc-wsi-0.4+dfsg/Resources/Orthanc/Core/DicomFormat/DicomArray.cpp.o -c /<<BUILDDIR>>/orthanc-wsi-0.4+dfsg/Resources/Orthanc/Core/DicomFormat/DicomArray.cpp
/usr/bin/c++   -DBOOST_FILESYSTEM_VERSION=3 -DBOOST_HAS_DATE_TIME=1 -DBOOST_HAS_FILESYSTEM_V3=1 -DBOOST_HAS_LOCALE=1 -DBOOST_HAS_REGEX=1 -DDCMTK_DICTIONARY_DIR=\"/usr/share/libdcmtk11\" -DDCMTK_USE_EMBEDDED_DICTIONARIES=0 -DDCMTK_VERSION_NUMBER=361 -DHAS_ORTHANC_EXCEPTION=1 -DHAVE_CONFIG_H=1 -DORTHANC_BUILD_UNIT_TESTS=0 -DORTHANC_ENABLE_BASE64=1 -DORTHANC_ENABLE_CURL=1 -DORTHANC_ENABLE_DCMTK=1 -DORTHANC_ENABLE_JPEG=0 -DORTHANC_ENABLE_LOGGING=1 -DORTHANC_ENABLE_LOGGING_PLUGIN=0 -DORTHANC_ENABLE_LUA=0 -DORTHANC_ENABLE_MD5=0 -DORTHANC_ENABLE_PKCS11=0 -DORTHANC_ENABLE_PLUGINS=1 -DORTHANC_ENABLE_PUGIXML=0 -DORTHANC_ENABLE_SSL=0 -DORTHANC_OPENJPEG_MAJOR_VERSION=2 -DORTHANC_SANDBOXED=0 -DORTHANC_STATIC=0 -DORTHANC_WSI_VERSION=\"0.4\" -D_FILE_OFFSET_BITS=64 -D_LARGEFILE64_SOURCE=1 -I/<<BUILDDIR>>/orthanc-wsi-0.4+dfsg/BuildApplications/AUTOGENERATED -I/usr/include/jsoncpp -I/usr/include/x86_64-linux-gnu -I/usr/include/openjpeg-2.1  -g -O2 -fdebug-prefix-map=/<<BUILDDIR>>/orthanc-wsi-0.4+dfsg=. -fstack-protector-strong -Wformat -Werror=format-security -Wdate-time -D_FORTIFY_SOURCE=2   -o CMakeFiles/OrthancWSIFramework.dir/<<BUILDDIR>>/orthanc-wsi-0.4+dfsg/Resources/Orthanc/Core/Images/JpegWriter.cpp.o -c /<<BUILDDIR>>/orthanc-wsi-0.4+dfsg/Resources/Orthanc/Core/Images/JpegWriter.cpp
[ 12%] Building CXX object CMakeFiles/OrthancWSIFramework.dir/<<BUILDDIR>>/orthanc-wsi-0.4+dfsg/Resources/Orthanc/Core/HttpClient.cpp.o
/usr/bin/c++   -DBOOST_FILESYSTEM_VERSION=3 -DBOOST_HAS_DATE_TIME=1 -DBOOST_HAS_FILESYSTEM_V3=1 -DBOOST_HAS_LOCALE=1 -DBOOST_HAS_REGEX=1 -DDCMTK_DICTIONARY_DIR=\"/usr/share/libdcmtk11\" -DDCMTK_USE_EMBEDDED_DICTIONARIES=0 -DDCMTK_VERSION_NUMBER=361 -DHAS_ORTHANC_EXCEPTION=1 -DHAVE_CONFIG_H=1 -DORTHANC_BUILD_UNIT_TESTS=0 -DORTHANC_ENABLE_BASE64=1 -DORTHANC_ENABLE_CURL=1 -DORTHANC_ENABLE_DCMTK=1 -DORTHANC_ENABLE_JPEG=0 -DORTHANC_ENABLE_LOGGING=1 -DORTHANC_ENABLE_LOGGING_PLUGIN=0 -DORTHANC_ENABLE_LUA=0 -DORTHANC_ENABLE_MD5=0 -DORTHANC_ENABLE_PKCS11=0 -DORTHANC_ENABLE_PLUGINS=1 -DORTHANC_ENABLE_PUGIXML=0 -DORTHANC_ENABLE_SSL=0 -DORTHANC_OPENJPEG_MAJOR_VERSION=2 -DORTHANC_SANDBOXED=0 -DORTHANC_STATIC=0 -DORTHANC_WSI_VERSION=\"0.4\" -D_FILE_OFFSET_BITS=64 -D_LARGEFILE64_SOURCE=1 -I/<<BUILDDIR>>/orthanc-wsi-0.4+dfsg/BuildApplications/AUTOGENERATED -I/usr/include/jsoncpp -I/usr/include/x86_64-linux-gnu -I/usr/include/openjpeg-2.1  -g -O2 -fdebug-prefix-map=/<<BUILDDIR>>/orthanc-wsi-0.4+dfsg=. -fstack-protector-strong -Wformat -Werror=format-security -Wdate-time -D_FORTIFY_SOURCE=2   -o CMakeFiles/OrthancWSIFramework.dir/<<BUILDDIR>>/orthanc-wsi-0.4+dfsg/Resources/Orthanc/Core/DicomFormat/DicomValue.cpp.o -c /<<BUILDDIR>>/orthanc-wsi-0.4+dfsg/Resources/Orthanc/Core/DicomFormat/DicomValue.cpp
[ 13%] Building CXX object CMakeFiles/OrthancWSIFramework.dir/<<BUILDDIR>>/orthanc-wsi-0.4+dfsg/Resources/Orthanc/Core/Images/ImageAccessor.cpp.o
/usr/bin/c++   -DBOOST_FILESYSTEM_VERSION=3 -DBOOST_HAS_DATE_TIME=1 -DBOOST_HAS_FILESYSTEM_V3=1 -DBOOST_HAS_LOCALE=1 -DBOOST_HAS_REGEX=1 -DDCMTK_DICTIONARY_DIR=\"/usr/share/libdcmtk11\" -DDCMTK_USE_EMBEDDED_DICTIONARIES=0 -DDCMTK_VERSION_NUMBER=361 -DHAS_ORTHANC_EXCEPTION=1 -DHAVE_CONFIG_H=1 -DORTHANC_BUILD_UNIT_TESTS=0 -DORTHANC_ENABLE_BASE64=1 -DORTHANC_ENABLE_CURL=1 -DORTHANC_ENABLE_DCMTK=1 -DORTHANC_ENABLE_JPEG=0 -DORTHANC_ENABLE_LOGGING=1 -DORTHANC_ENABLE_LOGGING_PLUGIN=0 -DORTHANC_ENABLE_LUA=0 -DORTHANC_ENABLE_MD5=0 -DORTHANC_ENABLE_PKCS11=0 -DORTHANC_ENABLE_PLUGINS=1 -DORTHANC_ENABLE_PUGIXML=0 -DORTHANC_ENABLE_SSL=0 -DORTHANC_OPENJPEG_MAJOR_VERSION=2 -DORTHANC_SANDBOXED=0 -DORTHANC_STATIC=0 -DORTHANC_WSI_VERSION=\"0.4\" -D_FILE_OFFSET_BITS=64 -D_LARGEFILE64_SOURCE=1 -I/<<BUILDDIR>>/orthanc-wsi-0.4+dfsg/BuildApplications/AUTOGENERATED -I/usr/include/jsoncpp -I/usr/include/x86_64-linux-gnu -I/usr/include/openjpeg-2.1  -g -O2 -fdebug-prefix-map=/<<BUILDDIR>>/orthanc-wsi-0.4+dfsg=. -fstack-protector-strong -Wformat -Werror=format-security -Wdate-time -D_FORTIFY_SOURCE=2   -o CMakeFiles/OrthancWSIFramework.dir/<<BUILDDIR>>/orthanc-wsi-0.4+dfsg/Resources/Orthanc/Core/Enumerations.cpp.o -c /<<BUILDDIR>>/orthanc-wsi-0.4+dfsg/Resources/Orthanc/Core/Enumerations.cpp
/usr/bin/c++   -DBOOST_FILESYSTEM_VERSION=3 -DBOOST_HAS_DATE_TIME=1 -DBOOST_HAS_FILESYSTEM_V3=1 -DBOOST_HAS_LOCALE=1 -DBOOST_HAS_REGEX=1 -DDCMTK_DICTIONARY_DIR=\"/usr/share/libdcmtk11\" -DDCMTK_USE_EMBEDDED_DICTIONARIES=0 -DDCMTK_VERSION_NUMBER=361 -DHAS_ORTHANC_EXCEPTION=1 -DHAVE_CONFIG_H=1 -DORTHANC_BUILD_UNIT_TESTS=0 -DORTHANC_ENABLE_BASE64=1 -DORTHANC_ENABLE_CURL=1 -DORTHANC_ENABLE_DCMTK=1 -DORTHANC_ENABLE_JPEG=0 -DORTHANC_ENABLE_LOGGING=1 -DORTHANC_ENABLE_LOGGING_PLUGIN=0 -DORTHANC_ENABLE_LUA=0 -DORTHANC_ENABLE_MD5=0 -DORTHANC_ENABLE_PKCS11=0 -DORTHANC_ENABLE_PLUGINS=1 -DORTHANC_ENABLE_PUGIXML=0 -DORTHANC_ENABLE_SSL=0 -DORTHANC_OPENJPEG_MAJOR_VERSION=2 -DORTHANC_SANDBOXED=0 -DORTHANC_STATIC=0 -DORTHANC_WSI_VERSION=\"0.4\" -D_FILE_OFFSET_BITS=64 -D_LARGEFILE64_SOURCE=1 -I/<<BUILDDIR>>/orthanc-wsi-0.4+dfsg/BuildApplications/AUTOGENERATED -I/usr/include/jsoncpp -I/usr/include/x86_64-linux-gnu -I/usr/include/openjpeg-2.1  -g -O2 -fdebug-prefix-map=/<<BUILDDIR>>/orthanc-wsi-0.4+dfsg=. -fstack-protector-strong -Wformat -Werror=format-security -Wdate-time -D_FORTIFY_SOURCE=2   -o CMakeFiles/OrthancWSIFramework.dir/<<BUILDDIR>>/orthanc-wsi-0.4+dfsg/Resources/Orthanc/Core/HttpClient.cpp.o -c /<<BUILDDIR>>/orthanc-wsi-0.4+dfsg/Resources/Orthanc/Core/HttpClient.cpp
[ 14%] Building CXX object CMakeFiles/OrthancWSIFramework.dir/<<BUILDDIR>>/orthanc-wsi-0.4+dfsg/Resources/Orthanc/Core/Images/ImageBuffer.cpp.o
/usr/bin/c++   -DBOOST_FILESYSTEM_VERSION=3 -DBOOST_HAS_DATE_TIME=1 -DBOOST_HAS_FILESYSTEM_V3=1 -DBOOST_HAS_LOCALE=1 -DBOOST_HAS_REGEX=1 -DDCMTK_DICTIONARY_DIR=\"/usr/share/libdcmtk11\" -DDCMTK_USE_EMBEDDED_DICTIONARIES=0 -DDCMTK_VERSION_NUMBER=361 -DHAS_ORTHANC_EXCEPTION=1 -DHAVE_CONFIG_H=1 -DORTHANC_BUILD_UNIT_TESTS=0 -DORTHANC_ENABLE_BASE64=1 -DORTHANC_ENABLE_CURL=1 -DORTHANC_ENABLE_DCMTK=1 -DORTHANC_ENABLE_JPEG=0 -DORTHANC_ENABLE_LOGGING=1 -DORTHANC_ENABLE_LOGGING_PLUGIN=0 -DORTHANC_ENABLE_LUA=0 -DORTHANC_ENABLE_MD5=0 -DORTHANC_ENABLE_PKCS11=0 -DORTHANC_ENABLE_PLUGINS=1 -DORTHANC_ENABLE_PUGIXML=0 -DORTHANC_ENABLE_SSL=0 -DORTHANC_OPENJPEG_MAJOR_VERSION=2 -DORTHANC_SANDBOXED=0 -DORTHANC_STATIC=0 -DORTHANC_WSI_VERSION=\"0.4\" -D_FILE_OFFSET_BITS=64 -D_LARGEFILE64_SOURCE=1 -I/<<BUILDDIR>>/orthanc-wsi-0.4+dfsg/BuildApplications/AUTOGENERATED -I/usr/include/jsoncpp -I/usr/include/x86_64-linux-gnu -I/usr/include/openjpeg-2.1  -g -O2 -fdebug-prefix-map=/<<BUILDDIR>>/orthanc-wsi-0.4+dfsg=. -fstack-protector-strong -Wformat -Werror=format-security -Wdate-time -D_FORTIFY_SOURCE=2   -o CMakeFiles/OrthancWSIFramework.dir/<<BUILDDIR>>/orthanc-wsi-0.4+dfsg/Resources/Orthanc/Core/Images/ImageAccessor.cpp.o -c /<<BUILDDIR>>/orthanc-wsi-0.4+dfsg/Resources/Orthanc/Core/Images/ImageAccessor.cpp
[ 16%] Building CXX object CMakeFiles/OrthancWSIFramework.dir/<<BUILDDIR>>/orthanc-wsi-0.4+dfsg/Resources/Orthanc/Core/Images/IImageWriter.cpp.o
/usr/bin/c++   -DBOOST_FILESYSTEM_VERSION=3 -DBOOST_HAS_DATE_TIME=1 -DBOOST_HAS_FILESYSTEM_V3=1 -DBOOST_HAS_LOCALE=1 -DBOOST_HAS_REGEX=1 -DDCMTK_DICTIONARY_DIR=\"/usr/share/libdcmtk11\" -DDCMTK_USE_EMBEDDED_DICTIONARIES=0 -DDCMTK_VERSION_NUMBER=361 -DHAS_ORTHANC_EXCEPTION=1 -DHAVE_CONFIG_H=1 -DORTHANC_BUILD_UNIT_TESTS=0 -DORTHANC_ENABLE_BASE64=1 -DORTHANC_ENABLE_CURL=1 -DORTHANC_ENABLE_DCMTK=1 -DORTHANC_ENABLE_JPEG=0 -DORTHANC_ENABLE_LOGGING=1 -DORTHANC_ENABLE_LOGGING_PLUGIN=0 -DORTHANC_ENABLE_LUA=0 -DORTHANC_ENABLE_MD5=0 -DORTHANC_ENABLE_PKCS11=0 -DORTHANC_ENABLE_PLUGINS=1 -DORTHANC_ENABLE_PUGIXML=0 -DORTHANC_ENABLE_SSL=0 -DORTHANC_OPENJPEG_MAJOR_VERSION=2 -DORTHANC_SANDBOXED=0 -DORTHANC_STATIC=0 -DORTHANC_WSI_VERSION=\"0.4\" -D_FILE_OFFSET_BITS=64 -D_LARGEFILE64_SOURCE=1 -I/<<BUILDDIR>>/orthanc-wsi-0.4+dfsg/BuildApplications/AUTOGENERATED -I/usr/include/jsoncpp -I/usr/include/x86_64-linux-gnu -I/usr/include/openjpeg-2.1  -g -O2 -fdebug-prefix-map=/<<BUILDDIR>>/orthanc-wsi-0.4+dfsg=. -fstack-protector-strong -Wformat -Werror=format-security -Wdate-time -D_FORTIFY_SOURCE=2   -o CMakeFiles/OrthancWSIFramework.dir/<<BUILDDIR>>/orthanc-wsi-0.4+dfsg/Resources/Orthanc/Core/Images/ImageBuffer.cpp.o -c /<<BUILDDIR>>/orthanc-wsi-0.4+dfsg/Resources/Orthanc/Core/Images/ImageBuffer.cpp
/usr/bin/c++   -DBOOST_FILESYSTEM_VERSION=3 -DBOOST_HAS_DATE_TIME=1 -DBOOST_HAS_FILESYSTEM_V3=1 -DBOOST_HAS_LOCALE=1 -DBOOST_HAS_REGEX=1 -DDCMTK_DICTIONARY_DIR=\"/usr/share/libdcmtk11\" -DDCMTK_USE_EMBEDDED_DICTIONARIES=0 -DDCMTK_VERSION_NUMBER=361 -DHAS_ORTHANC_EXCEPTION=1 -DHAVE_CONFIG_H=1 -DORTHANC_BUILD_UNIT_TESTS=0 -DORTHANC_ENABLE_BASE64=1 -DORTHANC_ENABLE_CURL=1 -DORTHANC_ENABLE_DCMTK=1 -DORTHANC_ENABLE_JPEG=0 -DORTHANC_ENABLE_LOGGING=1 -DORTHANC_ENABLE_LOGGING_PLUGIN=0 -DORTHANC_ENABLE_LUA=0 -DORTHANC_ENABLE_MD5=0 -DORTHANC_ENABLE_PKCS11=0 -DORTHANC_ENABLE_PLUGINS=1 -DORTHANC_ENABLE_PUGIXML=0 -DORTHANC_ENABLE_SSL=0 -DORTHANC_OPENJPEG_MAJOR_VERSION=2 -DORTHANC_SANDBOXED=0 -DORTHANC_STATIC=0 -DORTHANC_WSI_VERSION=\"0.4\" -D_FILE_OFFSET_BITS=64 -D_LARGEFILE64_SOURCE=1 -I/<<BUILDDIR>>/orthanc-wsi-0.4+dfsg/BuildApplications/AUTOGENERATED -I/usr/include/jsoncpp -I/usr/include/x86_64-linux-gnu -I/usr/include/openjpeg-2.1  -g -O2 -fdebug-prefix-map=/<<BUILDDIR>>/orthanc-wsi-0.4+dfsg=. -fstack-protector-strong -Wformat -Werror=format-security -Wdate-time -D_FORTIFY_SOURCE=2   -o CMakeFiles/OrthancWSIFramework.dir/<<BUILDDIR>>/orthanc-wsi-0.4+dfsg/Resources/Orthanc/Core/Images/IImageWriter.cpp.o -c /<<BUILDDIR>>/orthanc-wsi-0.4+dfsg/Resources/Orthanc/Core/Images/IImageWriter.cpp
[ 17%] Building CXX object CMakeFiles/OrthancWSIFramework.dir/<<BUILDDIR>>/orthanc-wsi-0.4+dfsg/Resources/Orthanc/Core/Images/Image.cpp.o
/usr/bin/c++   -DBOOST_FILESYSTEM_VERSION=3 -DBOOST_HAS_DATE_TIME=1 -DBOOST_HAS_FILESYSTEM_V3=1 -DBOOST_HAS_LOCALE=1 -DBOOST_HAS_REGEX=1 -DDCMTK_DICTIONARY_DIR=\"/usr/share/libdcmtk11\" -DDCMTK_USE_EMBEDDED_DICTIONARIES=0 -DDCMTK_VERSION_NUMBER=361 -DHAS_ORTHANC_EXCEPTION=1 -DHAVE_CONFIG_H=1 -DORTHANC_BUILD_UNIT_TESTS=0 -DORTHANC_ENABLE_BASE64=1 -DORTHANC_ENABLE_CURL=1 -DORTHANC_ENABLE_DCMTK=1 -DORTHANC_ENABLE_JPEG=0 -DORTHANC_ENABLE_LOGGING=1 -DORTHANC_ENABLE_LOGGING_PLUGIN=0 -DORTHANC_ENABLE_LUA=0 -DORTHANC_ENABLE_MD5=0 -DORTHANC_ENABLE_PKCS11=0 -DORTHANC_ENABLE_PLUGINS=1 -DORTHANC_ENABLE_PUGIXML=0 -DORTHANC_ENABLE_SSL=0 -DORTHANC_OPENJPEG_MAJOR_VERSION=2 -DORTHANC_SANDBOXED=0 -DORTHANC_STATIC=0 -DORTHANC_WSI_VERSION=\"0.4\" -D_FILE_OFFSET_BITS=64 -D_LARGEFILE64_SOURCE=1 -I/<<BUILDDIR>>/orthanc-wsi-0.4+dfsg/BuildApplications/AUTOGENERATED -I/usr/include/jsoncpp -I/usr/include/x86_64-linux-gnu -I/usr/include/openjpeg-2.1  -g -O2 -fdebug-prefix-map=/<<BUILDDIR>>/orthanc-wsi-0.4+dfsg=. -fstack-protector-strong -Wformat -Werror=format-security -Wdate-time -D_FORTIFY_SOURCE=2   -o CMakeFiles/OrthancWSIFramework.dir/<<BUILDDIR>>/orthanc-wsi-0.4+dfsg/Resources/Orthanc/Core/Images/Image.cpp.o -c /<<BUILDDIR>>/orthanc-wsi-0.4+dfsg/Resources/Orthanc/Core/Images/Image.cpp
[ 18%] Building CXX object CMakeFiles/OrthancWSIFramework.dir/<<BUILDDIR>>/orthanc-wsi-0.4+dfsg/Resources/Orthanc/Core/Images/ImageProcessing.cpp.o
[ 20%] Building CXX object CMakeFiles/OrthancWSIFramework.dir/<<BUILDDIR>>/orthanc-wsi-0.4+dfsg/Resources/Orthanc/Core/Images/JpegErrorManager.cpp.o
[ 21%] Building CXX object CMakeFiles/OrthancWSIFramework.dir/<<BUILDDIR>>/orthanc-wsi-0.4+dfsg/Resources/Orthanc/Core/Images/PngReader.cpp.o
/usr/bin/c++   -DBOOST_FILESYSTEM_VERSION=3 -DBOOST_HAS_DATE_TIME=1 -DBOOST_HAS_FILESYSTEM_V3=1 -DBOOST_HAS_LOCALE=1 -DBOOST_HAS_REGEX=1 -DDCMTK_DICTIONARY_DIR=\"/usr/share/libdcmtk11\" -DDCMTK_USE_EMBEDDED_DICTIONARIES=0 -DDCMTK_VERSION_NUMBER=361 -DHAS_ORTHANC_EXCEPTION=1 -DHAVE_CONFIG_H=1 -DORTHANC_BUILD_UNIT_TESTS=0 -DORTHANC_ENABLE_BASE64=1 -DORTHANC_ENABLE_CURL=1 -DORTHANC_ENABLE_DCMTK=1 -DORTHANC_ENABLE_JPEG=0 -DORTHANC_ENABLE_LOGGING=1 -DORTHANC_ENABLE_LOGGING_PLUGIN=0 -DORTHANC_ENABLE_LUA=0 -DORTHANC_ENABLE_MD5=0 -DORTHANC_ENABLE_PKCS11=0 -DORTHANC_ENABLE_PLUGINS=1 -DORTHANC_ENABLE_PUGIXML=0 -DORTHANC_ENABLE_SSL=0 -DORTHANC_OPENJPEG_MAJOR_VERSION=2 -DORTHANC_SANDBOXED=0 -DORTHANC_STATIC=0 -DORTHANC_WSI_VERSION=\"0.4\" -D_FILE_OFFSET_BITS=64 -D_LARGEFILE64_SOURCE=1 -I/<<BUILDDIR>>/orthanc-wsi-0.4+dfsg/BuildApplications/AUTOGENERATED -I/usr/include/jsoncpp -I/usr/include/x86_64-linux-gnu -I/usr/include/openjpeg-2.1  -g -O2 -fdebug-prefix-map=/<<BUILDDIR>>/orthanc-wsi-0.4+dfsg=. -fstack-protector-strong -Wformat -Werror=format-security -Wdate-time -D_FORTIFY_SOURCE=2   -o CMakeFiles/OrthancWSIFramework.dir/<<BUILDDIR>>/orthanc-wsi-0.4+dfsg/Resources/Orthanc/Core/Images/ImageProcessing.cpp.o -c /<<BUILDDIR>>/orthanc-wsi-0.4+dfsg/Resources/Orthanc/Core/Images/ImageProcessing.cpp
/usr/bin/c++   -DBOOST_FILESYSTEM_VERSION=3 -DBOOST_HAS_DATE_TIME=1 -DBOOST_HAS_FILESYSTEM_V3=1 -DBOOST_HAS_LOCALE=1 -DBOOST_HAS_REGEX=1 -DDCMTK_DICTIONARY_DIR=\"/usr/share/libdcmtk11\" -DDCMTK_USE_EMBEDDED_DICTIONARIES=0 -DDCMTK_VERSION_NUMBER=361 -DHAS_ORTHANC_EXCEPTION=1 -DHAVE_CONFIG_H=1 -DORTHANC_BUILD_UNIT_TESTS=0 -DORTHANC_ENABLE_BASE64=1 -DORTHANC_ENABLE_CURL=1 -DORTHANC_ENABLE_DCMTK=1 -DORTHANC_ENABLE_JPEG=0 -DORTHANC_ENABLE_LOGGING=1 -DORTHANC_ENABLE_LOGGING_PLUGIN=0 -DORTHANC_ENABLE_LUA=0 -DORTHANC_ENABLE_MD5=0 -DORTHANC_ENABLE_PKCS11=0 -DORTHANC_ENABLE_PLUGINS=1 -DORTHANC_ENABLE_PUGIXML=0 -DORTHANC_ENABLE_SSL=0 -DORTHANC_OPENJPEG_MAJOR_VERSION=2 -DORTHANC_SANDBOXED=0 -DORTHANC_STATIC=0 -DORTHANC_WSI_VERSION=\"0.4\" -D_FILE_OFFSET_BITS=64 -D_LARGEFILE64_SOURCE=1 -I/<<BUILDDIR>>/orthanc-wsi-0.4+dfsg/BuildApplications/AUTOGENERATED -I/usr/include/jsoncpp -I/usr/include/x86_64-linux-gnu -I/usr/include/openjpeg-2.1  -g -O2 -fdebug-prefix-map=/<<BUILDDIR>>/orthanc-wsi-0.4+dfsg=. -fstack-protector-strong -Wformat -Werror=format-security -Wdate-time -D_FORTIFY_SOURCE=2   -o CMakeFiles/OrthancWSIFramework.dir/<<BUILDDIR>>/orthanc-wsi-0.4+dfsg/Resources/Orthanc/Core/Images/JpegErrorManager.cpp.o -c /<<BUILDDIR>>/orthanc-wsi-0.4+dfsg/Resources/Orthanc/Core/Images/JpegErrorManager.cpp
/usr/bin/c++   -DBOOST_FILESYSTEM_VERSION=3 -DBOOST_HAS_DATE_TIME=1 -DBOOST_HAS_FILESYSTEM_V3=1 -DBOOST_HAS_LOCALE=1 -DBOOST_HAS_REGEX=1 -DDCMTK_DICTIONARY_DIR=\"/usr/share/libdcmtk11\" -DDCMTK_USE_EMBEDDED_DICTIONARIES=0 -DDCMTK_VERSION_NUMBER=361 -DHAS_ORTHANC_EXCEPTION=1 -DHAVE_CONFIG_H=1 -DORTHANC_BUILD_UNIT_TESTS=0 -DORTHANC_ENABLE_BASE64=1 -DORTHANC_ENABLE_CURL=1 -DORTHANC_ENABLE_DCMTK=1 -DORTHANC_ENABLE_JPEG=0 -DORTHANC_ENABLE_LOGGING=1 -DORTHANC_ENABLE_LOGGING_PLUGIN=0 -DORTHANC_ENABLE_LUA=0 -DORTHANC_ENABLE_MD5=0 -DORTHANC_ENABLE_PKCS11=0 -DORTHANC_ENABLE_PLUGINS=1 -DORTHANC_ENABLE_PUGIXML=0 -DORTHANC_ENABLE_SSL=0 -DORTHANC_OPENJPEG_MAJOR_VERSION=2 -DORTHANC_SANDBOXED=0 -DORTHANC_STATIC=0 -DORTHANC_WSI_VERSION=\"0.4\" -D_FILE_OFFSET_BITS=64 -D_LARGEFILE64_SOURCE=1 -I/<<BUILDDIR>>/orthanc-wsi-0.4+dfsg/BuildApplications/AUTOGENERATED -I/usr/include/jsoncpp -I/usr/include/x86_64-linux-gnu -I/usr/include/openjpeg-2.1  -g -O2 -fdebug-prefix-map=/<<BUILDDIR>>/orthanc-wsi-0.4+dfsg=. -fstack-protector-strong -Wformat -Werror=format-security -Wdate-time -D_FORTIFY_SOURCE=2   -o CMakeFiles/OrthancWSIFramework.dir/<<BUILDDIR>>/orthanc-wsi-0.4+dfsg/Resources/Orthanc/Core/Images/PngReader.cpp.o -c /<<BUILDDIR>>/orthanc-wsi-0.4+dfsg/Resources/Orthanc/Core/Images/PngReader.cpp
[ 22%] Building CXX object CMakeFiles/OrthancWSIFramework.dir/<<BUILDDIR>>/orthanc-wsi-0.4+dfsg/Resources/Orthanc/Core/Images/JpegReader.cpp.o
/usr/bin/c++   -DBOOST_FILESYSTEM_VERSION=3 -DBOOST_HAS_DATE_TIME=1 -DBOOST_HAS_FILESYSTEM_V3=1 -DBOOST_HAS_LOCALE=1 -DBOOST_HAS_REGEX=1 -DDCMTK_DICTIONARY_DIR=\"/usr/share/libdcmtk11\" -DDCMTK_USE_EMBEDDED_DICTIONARIES=0 -DDCMTK_VERSION_NUMBER=361 -DHAS_ORTHANC_EXCEPTION=1 -DHAVE_CONFIG_H=1 -DORTHANC_BUILD_UNIT_TESTS=0 -DORTHANC_ENABLE_BASE64=1 -DORTHANC_ENABLE_CURL=1 -DORTHANC_ENABLE_DCMTK=1 -DORTHANC_ENABLE_JPEG=0 -DORTHANC_ENABLE_LOGGING=1 -DORTHANC_ENABLE_LOGGING_PLUGIN=0 -DORTHANC_ENABLE_LUA=0 -DORTHANC_ENABLE_MD5=0 -DORTHANC_ENABLE_PKCS11=0 -DORTHANC_ENABLE_PLUGINS=1 -DORTHANC_ENABLE_PUGIXML=0 -DORTHANC_ENABLE_SSL=0 -DORTHANC_OPENJPEG_MAJOR_VERSION=2 -DORTHANC_SANDBOXED=0 -DORTHANC_STATIC=0 -DORTHANC_WSI_VERSION=\"0.4\" -D_FILE_OFFSET_BITS=64 -D_LARGEFILE64_SOURCE=1 -I/<<BUILDDIR>>/orthanc-wsi-0.4+dfsg/BuildApplications/AUTOGENERATED -I/usr/include/jsoncpp -I/usr/include/x86_64-linux-gnu -I/usr/include/openjpeg-2.1  -g -O2 -fdebug-prefix-map=/<<BUILDDIR>>/orthanc-wsi-0.4+dfsg=. -fstack-protector-strong -Wformat -Werror=format-security -Wdate-time -D_FORTIFY_SOURCE=2   -o CMakeFiles/OrthancWSIFramework.dir/<<BUILDDIR>>/orthanc-wsi-0.4+dfsg/Resources/Orthanc/Core/Images/JpegReader.cpp.o -c /<<BUILDDIR>>/orthanc-wsi-0.4+dfsg/Resources/Orthanc/Core/Images/JpegReader.cpp
[ 24%] Building CXX object CMakeFiles/OrthancWSIFramework.dir/<<BUILDDIR>>/orthanc-wsi-0.4+dfsg/Resources/Orthanc/Core/Images/PngWriter.cpp.o
/usr/bin/c++   -DBOOST_FILESYSTEM_VERSION=3 -DBOOST_HAS_DATE_TIME=1 -DBOOST_HAS_FILESYSTEM_V3=1 -DBOOST_HAS_LOCALE=1 -DBOOST_HAS_REGEX=1 -DDCMTK_DICTIONARY_DIR=\"/usr/share/libdcmtk11\" -DDCMTK_USE_EMBEDDED_DICTIONARIES=0 -DDCMTK_VERSION_NUMBER=361 -DHAS_ORTHANC_EXCEPTION=1 -DHAVE_CONFIG_H=1 -DORTHANC_BUILD_UNIT_TESTS=0 -DORTHANC_ENABLE_BASE64=1 -DORTHANC_ENABLE_CURL=1 -DORTHANC_ENABLE_DCMTK=1 -DORTHANC_ENABLE_JPEG=0 -DORTHANC_ENABLE_LOGGING=1 -DORTHANC_ENABLE_LOGGING_PLUGIN=0 -DORTHANC_ENABLE_LUA=0 -DORTHANC_ENABLE_MD5=0 -DORTHANC_ENABLE_PKCS11=0 -DORTHANC_ENABLE_PLUGINS=1 -DORTHANC_ENABLE_PUGIXML=0 -DORTHANC_ENABLE_SSL=0 -DORTHANC_OPENJPEG_MAJOR_VERSION=2 -DORTHANC_SANDBOXED=0 -DORTHANC_STATIC=0 -DORTHANC_WSI_VERSION=\"0.4\" -D_FILE_OFFSET_BITS=64 -D_LARGEFILE64_SOURCE=1 -I/<<BUILDDIR>>/orthanc-wsi-0.4+dfsg/BuildApplications/AUTOGENERATED -I/usr/include/jsoncpp -I/usr/include/x86_64-linux-gnu -I/usr/include/openjpeg-2.1  -g -O2 -fdebug-prefix-map=/<<BUILDDIR>>/orthanc-wsi-0.4+dfsg=. -fstack-protector-strong -Wformat -Werror=format-security -Wdate-time -D_FORTIFY_SOURCE=2   -o CMakeFiles/OrthancWSIFramework.dir/<<BUILDDIR>>/orthanc-wsi-0.4+dfsg/Resources/Orthanc/Core/Images/PngWriter.cpp.o -c /<<BUILDDIR>>/orthanc-wsi-0.4+dfsg/Resources/Orthanc/Core/Images/PngWriter.cpp
[ 25%] Building CXX object CMakeFiles/OrthancWSIFramework.dir/<<BUILDDIR>>/orthanc-wsi-0.4+dfsg/Resources/Orthanc/Core/Logging.cpp.o
/usr/bin/c++   -DBOOST_FILESYSTEM_VERSION=3 -DBOOST_HAS_DATE_TIME=1 -DBOOST_HAS_FILESYSTEM_V3=1 -DBOOST_HAS_LOCALE=1 -DBOOST_HAS_REGEX=1 -DDCMTK_DICTIONARY_DIR=\"/usr/share/libdcmtk11\" -DDCMTK_USE_EMBEDDED_DICTIONARIES=0 -DDCMTK_VERSION_NUMBER=361 -DHAS_ORTHANC_EXCEPTION=1 -DHAVE_CONFIG_H=1 -DORTHANC_BUILD_UNIT_TESTS=0 -DORTHANC_ENABLE_BASE64=1 -DORTHANC_ENABLE_CURL=1 -DORTHANC_ENABLE_DCMTK=1 -DORTHANC_ENABLE_JPEG=0 -DORTHANC_ENABLE_LOGGING=1 -DORTHANC_ENABLE_LOGGING_PLUGIN=0 -DORTHANC_ENABLE_LUA=0 -DORTHANC_ENABLE_MD5=0 -DORTHANC_ENABLE_PKCS11=0 -DORTHANC_ENABLE_PLUGINS=1 -DORTHANC_ENABLE_PUGIXML=0 -DORTHANC_ENABLE_SSL=0 -DORTHANC_OPENJPEG_MAJOR_VERSION=2 -DORTHANC_SANDBOXED=0 -DORTHANC_STATIC=0 -DORTHANC_WSI_VERSION=\"0.4\" -D_FILE_OFFSET_BITS=64 -D_LARGEFILE64_SOURCE=1 -I/<<BUILDDIR>>/orthanc-wsi-0.4+dfsg/BuildApplications/AUTOGENERATED -I/usr/include/jsoncpp -I/usr/include/x86_64-linux-gnu -I/usr/include/openjpeg-2.1  -g -O2 -fdebug-prefix-map=/<<BUILDDIR>>/orthanc-wsi-0.4+dfsg=. -fstack-protector-strong -Wformat -Werror=format-security -Wdate-time -D_FORTIFY_SOURCE=2   -o CMakeFiles/OrthancWSIFramework.dir/<<BUILDDIR>>/orthanc-wsi-0.4+dfsg/Resources/Orthanc/Core/Logging.cpp.o -c /<<BUILDDIR>>/orthanc-wsi-0.4+dfsg/Resources/Orthanc/Core/Logging.cpp
[ 26%] Building CXX object CMakeFiles/OrthancWSIFramework.dir/<<BUILDDIR>>/orthanc-wsi-0.4+dfsg/Resources/Orthanc/Core/MultiThreading/BagOfTasksProcessor.cpp.o
/usr/bin/c++   -DBOOST_FILESYSTEM_VERSION=3 -DBOOST_HAS_DATE_TIME=1 -DBOOST_HAS_FILESYSTEM_V3=1 -DBOOST_HAS_LOCALE=1 -DBOOST_HAS_REGEX=1 -DDCMTK_DICTIONARY_DIR=\"/usr/share/libdcmtk11\" -DDCMTK_USE_EMBEDDED_DICTIONARIES=0 -DDCMTK_VERSION_NUMBER=361 -DHAS_ORTHANC_EXCEPTION=1 -DHAVE_CONFIG_H=1 -DORTHANC_BUILD_UNIT_TESTS=0 -DORTHANC_ENABLE_BASE64=1 -DORTHANC_ENABLE_CURL=1 -DORTHANC_ENABLE_DCMTK=1 -DORTHANC_ENABLE_JPEG=0 -DORTHANC_ENABLE_LOGGING=1 -DORTHANC_ENABLE_LOGGING_PLUGIN=0 -DORTHANC_ENABLE_LUA=0 -DORTHANC_ENABLE_MD5=0 -DORTHANC_ENABLE_PKCS11=0 -DORTHANC_ENABLE_PLUGINS=1 -DORTHANC_ENABLE_PUGIXML=0 -DORTHANC_ENABLE_SSL=0 -DORTHANC_OPENJPEG_MAJOR_VERSION=2 -DORTHANC_SANDBOXED=0 -DORTHANC_STATIC=0 -DORTHANC_WSI_VERSION=\"0.4\" -D_FILE_OFFSET_BITS=64 -D_LARGEFILE64_SOURCE=1 -I/<<BUILDDIR>>/orthanc-wsi-0.4+dfsg/BuildApplications/AUTOGENERATED -I/usr/include/jsoncpp -I/usr/include/x86_64-linux-gnu -I/usr/include/openjpeg-2.1  -g -O2 -fdebug-prefix-map=/<<BUILDDIR>>/orthanc-wsi-0.4+dfsg=. -fstack-protector-strong -Wformat -Werror=format-security -Wdate-time -D_FORTIFY_SOURCE=2   -o CMakeFiles/OrthancWSIFramework.dir/<<BUILDDIR>>/orthanc-wsi-0.4+dfsg/Resources/Orthanc/Core/MultiThreading/BagOfTasksProcessor.cpp.o -c /<<BUILDDIR>>/orthanc-wsi-0.4+dfsg/Resources/Orthanc/Core/MultiThreading/BagOfTasksProcessor.cpp
[ 28%] Building CXX object CMakeFiles/OrthancWSIFramework.dir/<<BUILDDIR>>/orthanc-wsi-0.4+dfsg/Resources/Orthanc/Core/MultiThreading/SharedMessageQueue.cpp.o
/usr/bin/c++   -DBOOST_FILESYSTEM_VERSION=3 -DBOOST_HAS_DATE_TIME=1 -DBOOST_HAS_FILESYSTEM_V3=1 -DBOOST_HAS_LOCALE=1 -DBOOST_HAS_REGEX=1 -DDCMTK_DICTIONARY_DIR=\"/usr/share/libdcmtk11\" -DDCMTK_USE_EMBEDDED_DICTIONARIES=0 -DDCMTK_VERSION_NUMBER=361 -DHAS_ORTHANC_EXCEPTION=1 -DHAVE_CONFIG_H=1 -DORTHANC_BUILD_UNIT_TESTS=0 -DORTHANC_ENABLE_BASE64=1 -DORTHANC_ENABLE_CURL=1 -DORTHANC_ENABLE_DCMTK=1 -DORTHANC_ENABLE_JPEG=0 -DORTHANC_ENABLE_LOGGING=1 -DORTHANC_ENABLE_LOGGING_PLUGIN=0 -DORTHANC_ENABLE_LUA=0 -DORTHANC_ENABLE_MD5=0 -DORTHANC_ENABLE_PKCS11=0 -DORTHANC_ENABLE_PLUGINS=1 -DORTHANC_ENABLE_PUGIXML=0 -DORTHANC_ENABLE_SSL=0 -DORTHANC_OPENJPEG_MAJOR_VERSION=2 -DORTHANC_SANDBOXED=0 -DORTHANC_STATIC=0 -DORTHANC_WSI_VERSION=\"0.4\" -D_FILE_OFFSET_BITS=64 -D_LARGEFILE64_SOURCE=1 -I/<<BUILDDIR>>/orthanc-wsi-0.4+dfsg/BuildApplications/AUTOGENERATED -I/usr/include/jsoncpp -I/usr/include/x86_64-linux-gnu -I/usr/include/openjpeg-2.1  -g -O2 -fdebug-prefix-map=/<<BUILDDIR>>/orthanc-wsi-0.4+dfsg=. -fstack-protector-strong -Wformat -Werror=format-security -Wdate-time -D_FORTIFY_SOURCE=2   -o CMakeFiles/OrthancWSIFramework.dir/<<BUILDDIR>>/orthanc-wsi-0.4+dfsg/Resources/Orthanc/Core/MultiThreading/SharedMessageQueue.cpp.o -c /<<BUILDDIR>>/orthanc-wsi-0.4+dfsg/Resources/Orthanc/Core/MultiThreading/SharedMessageQueue.cpp
[ 29%] Building CXX object CMakeFiles/OrthancWSIFramework.dir/<<BUILDDIR>>/orthanc-wsi-0.4+dfsg/Resources/Orthanc/Core/SystemToolbox.cpp.o
/usr/bin/c++   -DBOOST_FILESYSTEM_VERSION=3 -DBOOST_HAS_DATE_TIME=1 -DBOOST_HAS_FILESYSTEM_V3=1 -DBOOST_HAS_LOCALE=1 -DBOOST_HAS_REGEX=1 -DDCMTK_DICTIONARY_DIR=\"/usr/share/libdcmtk11\" -DDCMTK_USE_EMBEDDED_DICTIONARIES=0 -DDCMTK_VERSION_NUMBER=361 -DHAS_ORTHANC_EXCEPTION=1 -DHAVE_CONFIG_H=1 -DORTHANC_BUILD_UNIT_TESTS=0 -DORTHANC_ENABLE_BASE64=1 -DORTHANC_ENABLE_CURL=1 -DORTHANC_ENABLE_DCMTK=1 -DORTHANC_ENABLE_JPEG=0 -DORTHANC_ENABLE_LOGGING=1 -DORTHANC_ENABLE_LOGGING_PLUGIN=0 -DORTHANC_ENABLE_LUA=0 -DORTHANC_ENABLE_MD5=0 -DORTHANC_ENABLE_PKCS11=0 -DORTHANC_ENABLE_PLUGINS=1 -DORTHANC_ENABLE_PUGIXML=0 -DORTHANC_ENABLE_SSL=0 -DORTHANC_OPENJPEG_MAJOR_VERSION=2 -DORTHANC_SANDBOXED=0 -DORTHANC_STATIC=0 -DORTHANC_WSI_VERSION=\"0.4\" -D_FILE_OFFSET_BITS=64 -D_LARGEFILE64_SOURCE=1 -I/<<BUILDDIR>>/orthanc-wsi-0.4+dfsg/BuildApplications/AUTOGENERATED -I/usr/include/jsoncpp -I/usr/include/x86_64-linux-gnu -I/usr/include/openjpeg-2.1  -g -O2 -fdebug-prefix-map=/<<BUILDDIR>>/orthanc-wsi-0.4+dfsg=. -fstack-protector-strong -Wformat -Werror=format-security -Wdate-time -D_FORTIFY_SOURCE=2   -o CMakeFiles/OrthancWSIFramework.dir/<<BUILDDIR>>/orthanc-wsi-0.4+dfsg/Resources/Orthanc/Core/SystemToolbox.cpp.o -c /<<BUILDDIR>>/orthanc-wsi-0.4+dfsg/Resources/Orthanc/Core/SystemToolbox.cpp
[ 30%] Building CXX object CMakeFiles/OrthancWSIFramework.dir/<<BUILDDIR>>/orthanc-wsi-0.4+dfsg/Resources/Orthanc/Core/TemporaryFile.cpp.o
/usr/bin/c++   -DBOOST_FILESYSTEM_VERSION=3 -DBOOST_HAS_DATE_TIME=1 -DBOOST_HAS_FILESYSTEM_V3=1 -DBOOST_HAS_LOCALE=1 -DBOOST_HAS_REGEX=1 -DDCMTK_DICTIONARY_DIR=\"/usr/share/libdcmtk11\" -DDCMTK_USE_EMBEDDED_DICTIONARIES=0 -DDCMTK_VERSION_NUMBER=361 -DHAS_ORTHANC_EXCEPTION=1 -DHAVE_CONFIG_H=1 -DORTHANC_BUILD_UNIT_TESTS=0 -DORTHANC_ENABLE_BASE64=1 -DORTHANC_ENABLE_CURL=1 -DORTHANC_ENABLE_DCMTK=1 -DORTHANC_ENABLE_JPEG=0 -DORTHANC_ENABLE_LOGGING=1 -DORTHANC_ENABLE_LOGGING_PLUGIN=0 -DORTHANC_ENABLE_LUA=0 -DORTHANC_ENABLE_MD5=0 -DORTHANC_ENABLE_PKCS11=0 -DORTHANC_ENABLE_PLUGINS=1 -DORTHANC_ENABLE_PUGIXML=0 -DORTHANC_ENABLE_SSL=0 -DORTHANC_OPENJPEG_MAJOR_VERSION=2 -DORTHANC_SANDBOXED=0 -DORTHANC_STATIC=0 -DORTHANC_WSI_VERSION=\"0.4\" -D_FILE_OFFSET_BITS=64 -D_LARGEFILE64_SOURCE=1 -I/<<BUILDDIR>>/orthanc-wsi-0.4+dfsg/BuildApplications/AUTOGENERATED -I/usr/include/jsoncpp -I/usr/include/x86_64-linux-gnu -I/usr/include/openjpeg-2.1  -g -O2 -fdebug-prefix-map=/<<BUILDDIR>>/orthanc-wsi-0.4+dfsg=. -fstack-protector-strong -Wformat -Werror=format-security -Wdate-time -D_FORTIFY_SOURCE=2   -o CMakeFiles/OrthancWSIFramework.dir/<<BUILDDIR>>/orthanc-wsi-0.4+dfsg/Resources/Orthanc/Core/TemporaryFile.cpp.o -c /<<BUILDDIR>>/orthanc-wsi-0.4+dfsg/Resources/Orthanc/Core/TemporaryFile.cpp
[ 32%] Building CXX object CMakeFiles/OrthancWSIFramework.dir/<<BUILDDIR>>/orthanc-wsi-0.4+dfsg/Resources/Orthanc/Core/Toolbox.cpp.o
/usr/bin/c++   -DBOOST_FILESYSTEM_VERSION=3 -DBOOST_HAS_DATE_TIME=1 -DBOOST_HAS_FILESYSTEM_V3=1 -DBOOST_HAS_LOCALE=1 -DBOOST_HAS_REGEX=1 -DDCMTK_DICTIONARY_DIR=\"/usr/share/libdcmtk11\" -DDCMTK_USE_EMBEDDED_DICTIONARIES=0 -DDCMTK_VERSION_NUMBER=361 -DHAS_ORTHANC_EXCEPTION=1 -DHAVE_CONFIG_H=1 -DORTHANC_BUILD_UNIT_TESTS=0 -DORTHANC_ENABLE_BASE64=1 -DORTHANC_ENABLE_CURL=1 -DORTHANC_ENABLE_DCMTK=1 -DORTHANC_ENABLE_JPEG=0 -DORTHANC_ENABLE_LOGGING=1 -DORTHANC_ENABLE_LOGGING_PLUGIN=0 -DORTHANC_ENABLE_LUA=0 -DORTHANC_ENABLE_MD5=0 -DORTHANC_ENABLE_PKCS11=0 -DORTHANC_ENABLE_PLUGINS=1 -DORTHANC_ENABLE_PUGIXML=0 -DORTHANC_ENABLE_SSL=0 -DORTHANC_OPENJPEG_MAJOR_VERSION=2 -DORTHANC_SANDBOXED=0 -DORTHANC_STATIC=0 -DORTHANC_WSI_VERSION=\"0.4\" -D_FILE_OFFSET_BITS=64 -D_LARGEFILE64_SOURCE=1 -I/<<BUILDDIR>>/orthanc-wsi-0.4+dfsg/BuildApplications/AUTOGENERATED -I/usr/include/jsoncpp -I/usr/include/x86_64-linux-gnu -I/usr/include/openjpeg-2.1  -g -O2 -fdebug-prefix-map=/<<BUILDDIR>>/orthanc-wsi-0.4+dfsg=. -fstack-protector-strong -Wformat -Werror=format-security -Wdate-time -D_FORTIFY_SOURCE=2   -o CMakeFiles/OrthancWSIFramework.dir/<<BUILDDIR>>/orthanc-wsi-0.4+dfsg/Resources/Orthanc/Core/Toolbox.cpp.o -c /<<BUILDDIR>>/orthanc-wsi-0.4+dfsg/Resources/Orthanc/Core/Toolbox.cpp
[ 33%] Building CXX object CMakeFiles/OrthancWSIFramework.dir/<<BUILDDIR>>/orthanc-wsi-0.4+dfsg/Resources/Orthanc/Core/WebServiceParameters.cpp.o
/usr/bin/c++   -DBOOST_FILESYSTEM_VERSION=3 -DBOOST_HAS_DATE_TIME=1 -DBOOST_HAS_FILESYSTEM_V3=1 -DBOOST_HAS_LOCALE=1 -DBOOST_HAS_REGEX=1 -DDCMTK_DICTIONARY_DIR=\"/usr/share/libdcmtk11\" -DDCMTK_USE_EMBEDDED_DICTIONARIES=0 -DDCMTK_VERSION_NUMBER=361 -DHAS_ORTHANC_EXCEPTION=1 -DHAVE_CONFIG_H=1 -DORTHANC_BUILD_UNIT_TESTS=0 -DORTHANC_ENABLE_BASE64=1 -DORTHANC_ENABLE_CURL=1 -DORTHANC_ENABLE_DCMTK=1 -DORTHANC_ENABLE_JPEG=0 -DORTHANC_ENABLE_LOGGING=1 -DORTHANC_ENABLE_LOGGING_PLUGIN=0 -DORTHANC_ENABLE_LUA=0 -DORTHANC_ENABLE_MD5=0 -DORTHANC_ENABLE_PKCS11=0 -DORTHANC_ENABLE_PLUGINS=1 -DORTHANC_ENABLE_PUGIXML=0 -DORTHANC_ENABLE_SSL=0 -DORTHANC_OPENJPEG_MAJOR_VERSION=2 -DORTHANC_SANDBOXED=0 -DORTHANC_STATIC=0 -DORTHANC_WSI_VERSION=\"0.4\" -D_FILE_OFFSET_BITS=64 -D_LARGEFILE64_SOURCE=1 -I/<<BUILDDIR>>/orthanc-wsi-0.4+dfsg/BuildApplications/AUTOGENERATED -I/usr/include/jsoncpp -I/usr/include/x86_64-linux-gnu -I/usr/include/openjpeg-2.1  -g -O2 -fdebug-prefix-map=/<<BUILDDIR>>/orthanc-wsi-0.4+dfsg=. -fstack-protector-strong -Wformat -Werror=format-security -Wdate-time -D_FORTIFY_SOURCE=2   -o CMakeFiles/OrthancWSIFramework.dir/<<BUILDDIR>>/orthanc-wsi-0.4+dfsg/Resources/Orthanc/Core/WebServiceParameters.cpp.o -c /<<BUILDDIR>>/orthanc-wsi-0.4+dfsg/Resources/Orthanc/Core/WebServiceParameters.cpp
[ 34%] Building CXX object CMakeFiles/OrthancWSIFramework.dir/<<BUILDDIR>>/orthanc-wsi-0.4+dfsg/Resources/Orthanc/OrthancServer/FromDcmtkBridge.cpp.o
/usr/bin/c++   -DBOOST_FILESYSTEM_VERSION=3 -DBOOST_HAS_DATE_TIME=1 -DBOOST_HAS_FILESYSTEM_V3=1 -DBOOST_HAS_LOCALE=1 -DBOOST_HAS_REGEX=1 -DDCMTK_DICTIONARY_DIR=\"/usr/share/libdcmtk11\" -DDCMTK_USE_EMBEDDED_DICTIONARIES=0 -DDCMTK_VERSION_NUMBER=361 -DHAS_ORTHANC_EXCEPTION=1 -DHAVE_CONFIG_H=1 -DORTHANC_BUILD_UNIT_TESTS=0 -DORTHANC_ENABLE_BASE64=1 -DORTHANC_ENABLE_CURL=1 -DORTHANC_ENABLE_DCMTK=1 -DORTHANC_ENABLE_JPEG=0 -DORTHANC_ENABLE_LOGGING=1 -DORTHANC_ENABLE_LOGGING_PLUGIN=0 -DORTHANC_ENABLE_LUA=0 -DORTHANC_ENABLE_MD5=0 -DORTHANC_ENABLE_PKCS11=0 -DORTHANC_ENABLE_PLUGINS=1 -DORTHANC_ENABLE_PUGIXML=0 -DORTHANC_ENABLE_SSL=0 -DORTHANC_OPENJPEG_MAJOR_VERSION=2 -DORTHANC_SANDBOXED=0 -DORTHANC_STATIC=0 -DORTHANC_WSI_VERSION=\"0.4\" -D_FILE_OFFSET_BITS=64 -D_LARGEFILE64_SOURCE=1 -I/<<BUILDDIR>>/orthanc-wsi-0.4+dfsg/BuildApplications/AUTOGENERATED -I/usr/include/jsoncpp -I/usr/include/x86_64-linux-gnu -I/usr/include/openjpeg-2.1  -g -O2 -fdebug-prefix-map=/<<BUILDDIR>>/orthanc-wsi-0.4+dfsg=. -fstack-protector-strong -Wformat -Werror=format-security -Wdate-time -D_FORTIFY_SOURCE=2   -o CMakeFiles/OrthancWSIFramework.dir/<<BUILDDIR>>/orthanc-wsi-0.4+dfsg/Resources/Orthanc/OrthancServer/FromDcmtkBridge.cpp.o -c /<<BUILDDIR>>/orthanc-wsi-0.4+dfsg/Resources/Orthanc/OrthancServer/FromDcmtkBridge.cpp
[ 36%] Building CXX object CMakeFiles/OrthancWSIFramework.dir/<<BUILDDIR>>/orthanc-wsi-0.4+dfsg/Resources/Orthanc/OrthancServer/ServerEnumerations.cpp.o
/usr/bin/c++   -DBOOST_FILESYSTEM_VERSION=3 -DBOOST_HAS_DATE_TIME=1 -DBOOST_HAS_FILESYSTEM_V3=1 -DBOOST_HAS_LOCALE=1 -DBOOST_HAS_REGEX=1 -DDCMTK_DICTIONARY_DIR=\"/usr/share/libdcmtk11\" -DDCMTK_USE_EMBEDDED_DICTIONARIES=0 -DDCMTK_VERSION_NUMBER=361 -DHAS_ORTHANC_EXCEPTION=1 -DHAVE_CONFIG_H=1 -DORTHANC_BUILD_UNIT_TESTS=0 -DORTHANC_ENABLE_BASE64=1 -DORTHANC_ENABLE_CURL=1 -DORTHANC_ENABLE_DCMTK=1 -DORTHANC_ENABLE_JPEG=0 -DORTHANC_ENABLE_LOGGING=1 -DORTHANC_ENABLE_LOGGING_PLUGIN=0 -DORTHANC_ENABLE_LUA=0 -DORTHANC_ENABLE_MD5=0 -DORTHANC_ENABLE_PKCS11=0 -DORTHANC_ENABLE_PLUGINS=1 -DORTHANC_ENABLE_PUGIXML=0 -DORTHANC_ENABLE_SSL=0 -DORTHANC_OPENJPEG_MAJOR_VERSION=2 -DORTHANC_SANDBOXED=0 -DORTHANC_STATIC=0 -DORTHANC_WSI_VERSION=\"0.4\" -D_FILE_OFFSET_BITS=64 -D_LARGEFILE64_SOURCE=1 -I/<<BUILDDIR>>/orthanc-wsi-0.4+dfsg/BuildApplications/AUTOGENERATED -I/usr/include/jsoncpp -I/usr/include/x86_64-linux-gnu -I/usr/include/openjpeg-2.1  -g -O2 -fdebug-prefix-map=/<<BUILDDIR>>/orthanc-wsi-0.4+dfsg=. -fstack-protector-strong -Wformat -Werror=format-security -Wdate-time -D_FORTIFY_SOURCE=2   -o CMakeFiles/OrthancWSIFramework.dir/<<BUILDDIR>>/orthanc-wsi-0.4+dfsg/Resources/Orthanc/OrthancServer/ServerEnumerations.cpp.o -c /<<BUILDDIR>>/orthanc-wsi-0.4+dfsg/Resources/Orthanc/OrthancServer/ServerEnumerations.cpp
[ 37%] Building CXX object CMakeFiles/OrthancWSIFramework.dir/<<BUILDDIR>>/orthanc-wsi-0.4+dfsg/Resources/Orthanc/OrthancServer/ToDcmtkBridge.cpp.o
/usr/bin/c++   -DBOOST_FILESYSTEM_VERSION=3 -DBOOST_HAS_DATE_TIME=1 -DBOOST_HAS_FILESYSTEM_V3=1 -DBOOST_HAS_LOCALE=1 -DBOOST_HAS_REGEX=1 -DDCMTK_DICTIONARY_DIR=\"/usr/share/libdcmtk11\" -DDCMTK_USE_EMBEDDED_DICTIONARIES=0 -DDCMTK_VERSION_NUMBER=361 -DHAS_ORTHANC_EXCEPTION=1 -DHAVE_CONFIG_H=1 -DORTHANC_BUILD_UNIT_TESTS=0 -DORTHANC_ENABLE_BASE64=1 -DORTHANC_ENABLE_CURL=1 -DORTHANC_ENABLE_DCMTK=1 -DORTHANC_ENABLE_JPEG=0 -DORTHANC_ENABLE_LOGGING=1 -DORTHANC_ENABLE_LOGGING_PLUGIN=0 -DORTHANC_ENABLE_LUA=0 -DORTHANC_ENABLE_MD5=0 -DORTHANC_ENABLE_PKCS11=0 -DORTHANC_ENABLE_PLUGINS=1 -DORTHANC_ENABLE_PUGIXML=0 -DORTHANC_ENABLE_SSL=0 -DORTHANC_OPENJPEG_MAJOR_VERSION=2 -DORTHANC_SANDBOXED=0 -DORTHANC_STATIC=0 -DORTHANC_WSI_VERSION=\"0.4\" -D_FILE_OFFSET_BITS=64 -D_LARGEFILE64_SOURCE=1 -I/<<BUILDDIR>>/orthanc-wsi-0.4+dfsg/BuildApplications/AUTOGENERATED -I/usr/include/jsoncpp -I/usr/include/x86_64-linux-gnu -I/usr/include/openjpeg-2.1  -g -O2 -fdebug-prefix-map=/<<BUILDDIR>>/orthanc-wsi-0.4+dfsg=. -fstack-protector-strong -Wformat -Werror=format-security -Wdate-time -D_FORTIFY_SOURCE=2   -o CMakeFiles/OrthancWSIFramework.dir/<<BUILDDIR>>/orthanc-wsi-0.4+dfsg/Resources/Orthanc/OrthancServer/ToDcmtkBridge.cpp.o -c /<<BUILDDIR>>/orthanc-wsi-0.4+dfsg/Resources/Orthanc/OrthancServer/ToDcmtkBridge.cpp
[ 38%] Building CXX object CMakeFiles/OrthancWSIFramework.dir/<<BUILDDIR>>/orthanc-wsi-0.4+dfsg/Resources/Orthanc/Plugins/Engine/SharedLibrary.cpp.o
/usr/bin/c++   -DBOOST_FILESYSTEM_VERSION=3 -DBOOST_HAS_DATE_TIME=1 -DBOOST_HAS_FILESYSTEM_V3=1 -DBOOST_HAS_LOCALE=1 -DBOOST_HAS_REGEX=1 -DDCMTK_DICTIONARY_DIR=\"/usr/share/libdcmtk11\" -DDCMTK_USE_EMBEDDED_DICTIONARIES=0 -DDCMTK_VERSION_NUMBER=361 -DHAS_ORTHANC_EXCEPTION=1 -DHAVE_CONFIG_H=1 -DORTHANC_BUILD_UNIT_TESTS=0 -DORTHANC_ENABLE_BASE64=1 -DORTHANC_ENABLE_CURL=1 -DORTHANC_ENABLE_DCMTK=1 -DORTHANC_ENABLE_JPEG=0 -DORTHANC_ENABLE_LOGGING=1 -DORTHANC_ENABLE_LOGGING_PLUGIN=0 -DORTHANC_ENABLE_LUA=0 -DORTHANC_ENABLE_MD5=0 -DORTHANC_ENABLE_PKCS11=0 -DORTHANC_ENABLE_PLUGINS=1 -DORTHANC_ENABLE_PUGIXML=0 -DORTHANC_ENABLE_SSL=0 -DORTHANC_OPENJPEG_MAJOR_VERSION=2 -DORTHANC_SANDBOXED=0 -DORTHANC_STATIC=0 -DORTHANC_WSI_VERSION=\"0.4\" -D_FILE_OFFSET_BITS=64 -D_LARGEFILE64_SOURCE=1 -I/<<BUILDDIR>>/orthanc-wsi-0.4+dfsg/BuildApplications/AUTOGENERATED -I/usr/include/jsoncpp -I/usr/include/x86_64-linux-gnu -I/usr/include/openjpeg-2.1  -g -O2 -fdebug-prefix-map=/<<BUILDDIR>>/orthanc-wsi-0.4+dfsg=. -fstack-protector-strong -Wformat -Werror=format-security -Wdate-time -D_FORTIFY_SOURCE=2   -o CMakeFiles/OrthancWSIFramework.dir/<<BUILDDIR>>/orthanc-wsi-0.4+dfsg/Resources/Orthanc/Plugins/Engine/SharedLibrary.cpp.o -c /<<BUILDDIR>>/orthanc-wsi-0.4+dfsg/Resources/Orthanc/Plugins/Engine/SharedLibrary.cpp
[ 40%] Building CXX object CMakeFiles/OrthancWSIFramework.dir/<<BUILDDIR>>/orthanc-wsi-0.4+dfsg/Resources/Orthanc/Plugins/Samples/Common/OrthancPluginCppWrapper.cpp.o
/usr/bin/c++   -DBOOST_FILESYSTEM_VERSION=3 -DBOOST_HAS_DATE_TIME=1 -DBOOST_HAS_FILESYSTEM_V3=1 -DBOOST_HAS_LOCALE=1 -DBOOST_HAS_REGEX=1 -DDCMTK_DICTIONARY_DIR=\"/usr/share/libdcmtk11\" -DDCMTK_USE_EMBEDDED_DICTIONARIES=0 -DDCMTK_VERSION_NUMBER=361 -DHAS_ORTHANC_EXCEPTION=1 -DHAVE_CONFIG_H=1 -DORTHANC_BUILD_UNIT_TESTS=0 -DORTHANC_ENABLE_BASE64=1 -DORTHANC_ENABLE_CURL=1 -DORTHANC_ENABLE_DCMTK=1 -DORTHANC_ENABLE_JPEG=0 -DORTHANC_ENABLE_LOGGING=1 -DORTHANC_ENABLE_LOGGING_PLUGIN=0 -DORTHANC_ENABLE_LUA=0 -DORTHANC_ENABLE_MD5=0 -DORTHANC_ENABLE_PKCS11=0 -DORTHANC_ENABLE_PLUGINS=1 -DORTHANC_ENABLE_PUGIXML=0 -DORTHANC_ENABLE_SSL=0 -DORTHANC_OPENJPEG_MAJOR_VERSION=2 -DORTHANC_SANDBOXED=0 -DORTHANC_STATIC=0 -DORTHANC_WSI_VERSION=\"0.4\" -D_FILE_OFFSET_BITS=64 -D_LARGEFILE64_SOURCE=1 -I/<<BUILDDIR>>/orthanc-wsi-0.4+dfsg/BuildApplications/AUTOGENERATED -I/usr/include/jsoncpp -I/usr/include/x86_64-linux-gnu -I/usr/include/openjpeg-2.1  -g -O2 -fdebug-prefix-map=/<<BUILDDIR>>/orthanc-wsi-0.4+dfsg=. -fstack-protector-strong -Wformat -Werror=format-security -Wdate-time -D_FORTIFY_SOURCE=2   -o CMakeFiles/OrthancWSIFramework.dir/<<BUILDDIR>>/orthanc-wsi-0.4+dfsg/Resources/Orthanc/Plugins/Samples/Common/OrthancPluginCppWrapper.cpp.o -c /<<BUILDDIR>>/orthanc-wsi-0.4+dfsg/Resources/Orthanc/Plugins/Samples/Common/OrthancPluginCppWrapper.cpp
[ 41%] Building CXX object CMakeFiles/OrthancWSIFramework.dir/<<BUILDDIR>>/orthanc-wsi-0.4+dfsg/Resources/Orthanc/Plugins/Samples/Common/DicomDatasetReader.cpp.o
/usr/bin/c++   -DBOOST_FILESYSTEM_VERSION=3 -DBOOST_HAS_DATE_TIME=1 -DBOOST_HAS_FILESYSTEM_V3=1 -DBOOST_HAS_LOCALE=1 -DBOOST_HAS_REGEX=1 -DDCMTK_DICTIONARY_DIR=\"/usr/share/libdcmtk11\" -DDCMTK_USE_EMBEDDED_DICTIONARIES=0 -DDCMTK_VERSION_NUMBER=361 -DHAS_ORTHANC_EXCEPTION=1 -DHAVE_CONFIG_H=1 -DORTHANC_BUILD_UNIT_TESTS=0 -DORTHANC_ENABLE_BASE64=1 -DORTHANC_ENABLE_CURL=1 -DORTHANC_ENABLE_DCMTK=1 -DORTHANC_ENABLE_JPEG=0 -DORTHANC_ENABLE_LOGGING=1 -DORTHANC_ENABLE_LOGGING_PLUGIN=0 -DORTHANC_ENABLE_LUA=0 -DORTHANC_ENABLE_MD5=0 -DORTHANC_ENABLE_PKCS11=0 -DORTHANC_ENABLE_PLUGINS=1 -DORTHANC_ENABLE_PUGIXML=0 -DORTHANC_ENABLE_SSL=0 -DORTHANC_OPENJPEG_MAJOR_VERSION=2 -DORTHANC_SANDBOXED=0 -DORTHANC_STATIC=0 -DORTHANC_WSI_VERSION=\"0.4\" -D_FILE_OFFSET_BITS=64 -D_LARGEFILE64_SOURCE=1 -I/<<BUILDDIR>>/orthanc-wsi-0.4+dfsg/BuildApplications/AUTOGENERATED -I/usr/include/jsoncpp -I/usr/include/x86_64-linux-gnu -I/usr/include/openjpeg-2.1  -g -O2 -fdebug-prefix-map=/<<BUILDDIR>>/orthanc-wsi-0.4+dfsg=. -fstack-protector-strong -Wformat -Werror=format-security -Wdate-time -D_FORTIFY_SOURCE=2   -o CMakeFiles/OrthancWSIFramework.dir/<<BUILDDIR>>/orthanc-wsi-0.4+dfsg/Resources/Orthanc/Plugins/Samples/Common/DicomDatasetReader.cpp.o -c /<<BUILDDIR>>/orthanc-wsi-0.4+dfsg/Resources/Orthanc/Plugins/Samples/Common/DicomDatasetReader.cpp
In file included from /<<BUILDDIR>>/orthanc-wsi-0.4+dfsg/Resources/Orthanc/OrthancServer/FromDcmtkBridge.cpp:40:
In file included from /<<BUILDDIR>>/orthanc-wsi-0.4+dfsg/Resources/Orthanc/OrthancServer/FromDcmtkBridge.h:41:
In file included from /usr/include/dcmtk/dcmdata/dcdatset.h:26:
/usr/include/dcmtk/config/osconfig.h:1117:2: error: DCMTK was configured to use the C++11 STL, but your compiler is not configured for building with C++11 features.
#error\
 ^
In file included from /<<BUILDDIR>>/orthanc-wsi-0.4+dfsg/Resources/Orthanc/OrthancServer/FromDcmtkBridge.cpp:40:
In file included from /<<BUILDDIR>>/orthanc-wsi-0.4+dfsg/Resources/Orthanc/OrthancServer/FromDcmtkBridge.h:41:
In file included from /usr/include/dcmtk/dcmdata/dcdatset.h:28:
In file included from /usr/include/dcmtk/dcmdata/dcitem.h:28:
In file included from /usr/include/dcmtk/ofstd/offile.h:28:
In file included from /usr/include/dcmtk/ofstd/oftypes.h:38:
In file included from /usr/bin/../lib/gcc/x86_64-linux-gnu/6.4.0/../../../../include/c++/6.4.0/cstdint:35:
/usr/bin/../lib/gcc/x86_64-linux-gnu/6.4.0/../../../../include/c++/6.4.0/bits/c++0x_warning.h:32:2: error: This file requires compiler and library support for the ISO C++ 2011 standard. This support must be enabled with the -std=c++11 or -std=gnu++11 compiler options.
#error This file requires compiler and library support \
 ^
In file included from /<<BUILDDIR>>/orthanc-wsi-0.4+dfsg/Resources/Orthanc/OrthancServer/FromDcmtkBridge.cpp:40:
In file included from /<<BUILDDIR>>/orthanc-wsi-0.4+dfsg/Resources/Orthanc/OrthancServer/FromDcmtkBridge.h:41:
In file included from /usr/include/dcmtk/dcmdata/dcdatset.h:28:
In file included from /usr/include/dcmtk/dcmdata/dcitem.h:28:
In file included from /usr/include/dcmtk/ofstd/offile.h:28:
/usr/include/dcmtk/ofstd/oftypes.h:46:15: error: no type named 'int8_t' in namespace 'std'; did you mean simply 'int8_t'?
using Sint8 = std::int8_t;
              ^~~~~
/usr/include/stdint.h:36:22: note: 'int8_t' declared here
typedef signed char             int8_t;
                                ^
In file included from /<<BUILDDIR>>/orthanc-wsi-0.4+dfsg/Resources/Orthanc/OrthancServer/FromDcmtkBridge.cpp:40:
In file included from /<<BUILDDIR>>/orthanc-wsi-0.4+dfsg/Resources/Orthanc/OrthancServer/FromDcmtkBridge.h:41:
In file included from /usr/include/dcmtk/dcmdata/dcdatset.h:28:
In file included from /usr/include/dcmtk/dcmdata/dcitem.h:28:
In file included from /usr/include/dcmtk/ofstd/offile.h:28:
/usr/include/dcmtk/ofstd/oftypes.h:47:15: error: no type named 'uint8_t' in namespace 'std'; did you mean simply 'uint8_t'?
using Uint8 = std::uint8_t;
              ^~~~~
/usr/include/stdint.h:48:24: note: 'uint8_t' declared here
typedef unsigned char           uint8_t;
                                ^
In file included from /<<BUILDDIR>>/orthanc-wsi-0.4+dfsg/Resources/Orthanc/OrthancServer/FromDcmtkBridge.cpp:40:
In file included from /<<BUILDDIR>>/orthanc-wsi-0.4+dfsg/Resources/Orthanc/OrthancServer/FromDcmtkBridge.h:41:
In file included from /usr/include/dcmtk/dcmdata/dcdatset.h:28:
In file included from /usr/include/dcmtk/dcmdata/dcitem.h:28:
In file included from /usr/include/dcmtk/ofstd/offile.h:28:
/usr/include/dcmtk/ofstd/oftypes.h:48:16: error: no type named 'int16_t' in namespace 'std'; did you mean simply 'int16_t'?
using Sint16 = std::int16_t;
               ^~~~~
/usr/include/stdint.h:37:20: note: 'int16_t' declared here
typedef short int               int16_t;
                                ^
In file included from /<<BUILDDIR>>/orthanc-wsi-0.4+dfsg/Resources/Orthanc/OrthancServer/FromDcmtkBridge.cpp:40:
In file included from /<<BUILDDIR>>/orthanc-wsi-0.4+dfsg/Resources/Orthanc/OrthancServer/FromDcmtkBridge.h:41:
In file included from /usr/include/dcmtk/dcmdata/dcdatset.h:28:
In file included from /usr/include/dcmtk/dcmdata/dcitem.h:28:
In file included from /usr/include/dcmtk/ofstd/offile.h:28:
/usr/include/dcmtk/ofstd/oftypes.h:49:16: error: no type named 'uint16_t' in namespace 'std'; did you mean simply 'uint16_t'?
using Uint16 = std::uint16_t;
               ^~~~~
/usr/include/stdint.h:49:28: note: 'uint16_t' declared here
typedef unsigned short int      uint16_t;
                                ^
In file included from /<<BUILDDIR>>/orthanc-wsi-0.4+dfsg/Resources/Orthanc/OrthancServer/FromDcmtkBridge.cpp:40:
In file included from /<<BUILDDIR>>/orthanc-wsi-0.4+dfsg/Resources/Orthanc/OrthancServer/FromDcmtkBridge.h:41:
In file included from /usr/include/dcmtk/dcmdata/dcdatset.h:28:
In file included from /usr/include/dcmtk/dcmdata/dcitem.h:28:
In file included from /usr/include/dcmtk/ofstd/offile.h:28:
/usr/include/dcmtk/ofstd/oftypes.h:50:16: error: no type named 'int32_t' in namespace 'std'; did you mean simply 'int32_t'?
using Sint32 = std::int32_t;
               ^~~~~
/usr/include/stdint.h:38:15: note: 'int32_t' declared here
typedef int                     int32_t;
                                ^
In file included from /<<BUILDDIR>>/orthanc-wsi-0.4+dfsg/Resources/Orthanc/OrthancServer/FromDcmtkBridge.cpp:40:
In file included from /<<BUILDDIR>>/orthanc-wsi-0.4+dfsg/Resources/Orthanc/OrthancServer/FromDcmtkBridge.h:41:
In file included from /usr/include/dcmtk/dcmdata/dcdatset.h:28:
In file included from /usr/include/dcmtk/dcmdata/dcitem.h:28:
In file included from /usr/include/dcmtk/ofstd/offile.h:28:
/usr/include/dcmtk/ofstd/oftypes.h:51:16: error: no type named 'uint32_t' in namespace 'std'; did you mean simply 'uint32_t'?
using Uint32 = std::uint32_t;
               ^~~~~
/usr/include/stdint.h:51:23: note: 'uint32_t' declared here
typedef unsigned int            uint32_t;
                                ^
In file included from /<<BUILDDIR>>/orthanc-wsi-0.4+dfsg/Resources/Orthanc/OrthancServer/FromDcmtkBridge.cpp:40:
In file included from /<<BUILDDIR>>/orthanc-wsi-0.4+dfsg/Resources/Orthanc/OrthancServer/FromDcmtkBridge.h:41:
In file included from /usr/include/dcmtk/dcmdata/dcdatset.h:28:
In file included from /usr/include/dcmtk/dcmdata/dcitem.h:28:
In file included from /usr/include/dcmtk/ofstd/offile.h:28:
/usr/include/dcmtk/ofstd/oftypes.h:52:16: error: no type named 'int64_t' in namespace 'std'; did you mean simply 'int64_t'?
using Sint64 = std::int64_t;
               ^~~~~
/usr/include/stdint.h:40:19: note: 'int64_t' declared here
typedef long int                int64_t;
                                ^
In file included from /<<BUILDDIR>>/orthanc-wsi-0.4+dfsg/Resources/Orthanc/OrthancServer/FromDcmtkBridge.cpp:40:
In file included from /<<BUILDDIR>>/orthanc-wsi-0.4+dfsg/Resources/Orthanc/OrthancServer/FromDcmtkBridge.h:41:
In file included from /usr/include/dcmtk/dcmdata/dcdatset.h:28:
In file included from /usr/include/dcmtk/dcmdata/dcitem.h:28:
In file included from /usr/include/dcmtk/ofstd/offile.h:28:
/usr/include/dcmtk/ofstd/oftypes.h:53:16: error: no type named 'uint64_t' in namespace 'std'; did you mean simply 'uint64_t'?
using Uint64 = std::uint64_t;
               ^~~~~
/usr/include/stdint.h:55:27: note: 'uint64_t' declared here
typedef unsigned long int       uint64_t;
                                ^
In file included from /<<BUILDDIR>>/orthanc-wsi-0.4+dfsg/Resources/Orthanc/OrthancServer/FromDcmtkBridge.cpp:40:
In file included from /<<BUILDDIR>>/orthanc-wsi-0.4+dfsg/Resources/Orthanc/OrthancServer/FromDcmtkBridge.h:41:
In file included from /usr/include/dcmtk/dcmdata/dcdatset.h:28:
In file included from /usr/include/dcmtk/dcmdata/dcitem.h:28:
In file included from /usr/include/dcmtk/ofstd/offile.h:28:
/usr/include/dcmtk/ofstd/oftypes.h:56:20: error: no type named 'intptr_t' in namespace 'std'; did you mean simply 'intptr_t'?
using OFintptr_t = std::intptr_t;
                   ^~~~~
/usr/include/stdint.h:119:19: note: 'intptr_t' declared here
typedef long int                intptr_t;
                                ^
In file included from /<<BUILDDIR>>/orthanc-wsi-0.4+dfsg/Resources/Orthanc/OrthancServer/FromDcmtkBridge.cpp:40:
In file included from /<<BUILDDIR>>/orthanc-wsi-0.4+dfsg/Resources/Orthanc/OrthancServer/FromDcmtkBridge.h:41:
In file included from /usr/include/dcmtk/dcmdata/dcdatset.h:28:
In file included from /usr/include/dcmtk/dcmdata/dcitem.h:28:
In file included from /usr/include/dcmtk/ofstd/offile.h:28:
/usr/include/dcmtk/ofstd/oftypes.h:57:21: error: no type named 'uintptr_t' in namespace 'std'; did you mean simply 'uintptr_t'?
using OFuintptr_t = std::uintptr_t;
                    ^~~~~
/usr/include/stdint.h:122:27: note: 'uintptr_t' declared here
typedef unsigned long int       uintptr_t;
                                ^
In file included from /<<BUILDDIR>>/orthanc-wsi-0.4+dfsg/Resources/Orthanc/OrthancServer/FromDcmtkBridge.cpp:40:
In file included from /<<BUILDDIR>>/orthanc-wsi-0.4+dfsg/Resources/Orthanc/OrthancServer/FromDcmtkBridge.h:41:
In file included from /usr/include/dcmtk/dcmdata/dcdatset.h:28:
In file included from /usr/include/dcmtk/dcmdata/dcitem.h:28:
In file included from /usr/include/dcmtk/ofstd/offile.h:28:
/usr/include/dcmtk/ofstd/oftypes.h:58:26: error: no type named 'nullptr_t' in namespace 'std'
using OFnullptr_t = std::nullptr_t;
                    ~~~~~^
/usr/include/dcmtk/ofstd/oftypes.h:60:1: error: unknown type name 'constexpr'
constexpr OFnullptr_t OFnullptr = nullptr;
^
/usr/include/dcmtk/ofstd/oftypes.h:60:22: error: expected ';' after top level declarator
constexpr OFnullptr_t OFnullptr = nullptr;
                     ^
/usr/include/dcmtk/ofstd/oftypes.h:61:1: error: unknown type name 'constexpr'
constexpr const OFBool OFTrue = true;
^
/usr/include/dcmtk/ofstd/oftypes.h:61:11: error: expected unqualified-id
constexpr const OFBool OFTrue = true;
          ^
/usr/include/dcmtk/ofstd/oftypes.h:62:1: error: unknown type name 'constexpr'
constexpr const OFBool OFFalse = false;
^
/usr/include/dcmtk/ofstd/oftypes.h:62:11: error: expected unqualified-id
constexpr const OFBool OFFalse = false;
          ^
fatal error: too many errors emitted, stopping now [-ferror-limit=]
In file included from /<<BUILDDIR>>/orthanc-wsi-0.4+dfsg/Resources/Orthanc/OrthancServer/ToDcmtkBridge.cpp:35:
In file included from /<<BUILDDIR>>/orthanc-wsi-0.4+dfsg/Resources/Orthanc/OrthancServer/ToDcmtkBridge.h:37:
In file included from /usr/include/dcmtk/dcmdata/dcdatset.h:26:
/usr/include/dcmtk/config/osconfig.h:1117:2: error: DCMTK was configured to use the C++11 STL, but your compiler is not configured for building with C++11 features.
#error\
 ^
In file included from /<<BUILDDIR>>/orthanc-wsi-0.4+dfsg/Resources/Orthanc/OrthancServer/ToDcmtkBridge.cpp:35:
In file included from /<<BUILDDIR>>/orthanc-wsi-0.4+dfsg/Resources/Orthanc/OrthancServer/ToDcmtkBridge.h:37:
In file included from /usr/include/dcmtk/dcmdata/dcdatset.h:28:
In file included from /usr/include/dcmtk/dcmdata/dcitem.h:28:
In file included from /usr/include/dcmtk/ofstd/offile.h:28:
In file included from /usr/include/dcmtk/ofstd/oftypes.h:38:
In file included from /usr/bin/../lib/gcc/x86_64-linux-gnu/6.4.0/../../../../include/c++/6.4.0/cstdint:35:
/usr/bin/../lib/gcc/x86_64-linux-gnu/6.4.0/../../../../include/c++/6.4.0/bits/c++0x_warning.h:32:2: error: This file requires compiler and library support for the ISO C++ 2011 standard. This support must be enabled with the -std=c++11 or -std=gnu++11 compiler options.
#error This file requires compiler and library support \
 ^
In file included from /<<BUILDDIR>>/orthanc-wsi-0.4+dfsg/Resources/Orthanc/OrthancServer/ToDcmtkBridge.cpp:35:
In file included from /<<BUILDDIR>>/orthanc-wsi-0.4+dfsg/Resources/Orthanc/OrthancServer/ToDcmtkBridge.h:37:
In file included from /usr/include/dcmtk/dcmdata/dcdatset.h:28:
In file included from /usr/include/dcmtk/dcmdata/dcitem.h:28:
In file included from /usr/include/dcmtk/ofstd/offile.h:28:
/usr/include/dcmtk/ofstd/oftypes.h:46:15: error: no type named 'int8_t' in namespace 'std'; did you mean simply 'int8_t'?
using Sint8 = std::int8_t;
              ^~~~~
/usr/include/stdint.h:36:22: note: 'int8_t' declared here
typedef signed char             int8_t;
                                ^
In file included from /<<BUILDDIR>>/orthanc-wsi-0.4+dfsg/Resources/Orthanc/OrthancServer/ToDcmtkBridge.cpp:35:
In file included from /<<BUILDDIR>>/orthanc-wsi-0.4+dfsg/Resources/Orthanc/OrthancServer/ToDcmtkBridge.h:37:
In file included from /usr/include/dcmtk/dcmdata/dcdatset.h:28:
In file included from /usr/include/dcmtk/dcmdata/dcitem.h:28:
In file included from /usr/include/dcmtk/ofstd/offile.h:28:
/usr/include/dcmtk/ofstd/oftypes.h:47:15: error: no type named 'uint8_t' in namespace 'std'; did you mean simply 'uint8_t'?
using Uint8 = std::uint8_t;
              ^~~~~
/usr/include/stdint.h:48:24: note: 'uint8_t' declared here
typedef unsigned char           uint8_t;
                                ^
In file included from /<<BUILDDIR>>/orthanc-wsi-0.4+dfsg/Resources/Orthanc/OrthancServer/ToDcmtkBridge.cpp:35:
In file included from /<<BUILDDIR>>/orthanc-wsi-0.4+dfsg/Resources/Orthanc/OrthancServer/ToDcmtkBridge.h:37:
In file included from /usr/include/dcmtk/dcmdata/dcdatset.h:28:
In file included from /usr/include/dcmtk/dcmdata/dcitem.h:28:
In file included from /usr/include/dcmtk/ofstd/offile.h:28:
/usr/include/dcmtk/ofstd/oftypes.h:48:16: error: no type named 'int16_t' in namespace 'std'; did you mean simply 'int16_t'?
using Sint16 = std::int16_t;
               ^~~~~
/usr/include/stdint.h:37:20: note: 'int16_t' declared here
typedef short int               int16_t;
                                ^
In file included from /<<BUILDDIR>>/orthanc-wsi-0.4+dfsg/Resources/Orthanc/OrthancServer/ToDcmtkBridge.cpp:35:
In file included from /<<BUILDDIR>>/orthanc-wsi-0.4+dfsg/Resources/Orthanc/OrthancServer/ToDcmtkBridge.h:37:
In file included from /usr/include/dcmtk/dcmdata/dcdatset.h:28:
In file included from /usr/include/dcmtk/dcmdata/dcitem.h:28:
In file included from /usr/include/dcmtk/ofstd/offile.h:28:
/usr/include/dcmtk/ofstd/oftypes.h:49:16: error: no type named 'uint16_t' in namespace 'std'; did you mean simply 'uint16_t'?
using Uint16 = std::uint16_t;
               ^~~~~
/usr/include/stdint.h:49:28: note: 'uint16_t' declared here
typedef unsigned short int      uint16_t;
                                ^
In file included from /<<BUILDDIR>>/orthanc-wsi-0.4+dfsg/Resources/Orthanc/OrthancServer/ToDcmtkBridge.cpp:35:
In file included from /<<BUILDDIR>>/orthanc-wsi-0.4+dfsg/Resources/Orthanc/OrthancServer/ToDcmtkBridge.h:37:
In file included from /usr/include/dcmtk/dcmdata/dcdatset.h:28:
In file included from /usr/include/dcmtk/dcmdata/dcitem.h:28:
In file included from /usr/include/dcmtk/ofstd/offile.h:28:
/usr/include/dcmtk/ofstd/oftypes.h:50:16: error: no type named 'int32_t' in namespace 'std'; did you mean simply 'int32_t'?
using Sint32 = std::int32_t;
               ^~~~~
/usr/include/stdint.h:38:15: note: 'int32_t' declared here
typedef int                     int32_t;
                                ^
In file included from /<<BUILDDIR>>/orthanc-wsi-0.4+dfsg/Resources/Orthanc/OrthancServer/ToDcmtkBridge.cpp:35:
In file included from /<<BUILDDIR>>/orthanc-wsi-0.4+dfsg/Resources/Orthanc/OrthancServer/ToDcmtkBridge.h:37:
In file included from /usr/include/dcmtk/dcmdata/dcdatset.h:28:
In file included from /usr/include/dcmtk/dcmdata/dcitem.h:28:
In file included from /usr/include/dcmtk/ofstd/offile.h:28:
/usr/include/dcmtk/ofstd/oftypes.h:51:16: error: no type named 'uint32_t' in namespace 'std'; did you mean simply 'uint32_t'?
using Uint32 = std::uint32_t;
               ^~~~~
/usr/include/stdint.h:51:23: note: 'uint32_t' declared here
typedef unsigned int            uint32_t;
                                ^
In file included from /<<BUILDDIR>>/orthanc-wsi-0.4+dfsg/Resources/Orthanc/OrthancServer/ToDcmtkBridge.cpp:35:
In file included from /<<BUILDDIR>>/orthanc-wsi-0.4+dfsg/Resources/Orthanc/OrthancServer/ToDcmtkBridge.h:37:
In file included from /usr/include/dcmtk/dcmdata/dcdatset.h:28:
In file included from /usr/include/dcmtk/dcmdata/dcitem.h:28:
In file included from /usr/include/dcmtk/ofstd/offile.h:28:
/usr/include/dcmtk/ofstd/oftypes.h:52:16: error: no type named 'int64_t' in namespace 'std'; did you mean simply 'int64_t'?
using Sint64 = std::int64_t;
               ^~~~~
/usr/include/stdint.h:40:19: note: 'int64_t' declared here
typedef long int                int64_t;
                                ^
In file included from /<<BUILDDIR>>/orthanc-wsi-0.4+dfsg/Resources/Orthanc/OrthancServer/ToDcmtkBridge.cpp:35:
In file included from /<<BUILDDIR>>/orthanc-wsi-0.4+dfsg/Resources/Orthanc/OrthancServer/ToDcmtkBridge.h:37:
In file included from /usr/include/dcmtk/dcmdata/dcdatset.h:28:
In file included from /usr/include/dcmtk/dcmdata/dcitem.h:28:
In file included from /usr/include/dcmtk/ofstd/offile.h:28:
/usr/include/dcmtk/ofstd/oftypes.h:53:16: error: no type named 'uint64_t' in namespace 'std'; did you mean simply 'uint64_t'?
using Uint64 = std::uint64_t;
               ^~~~~
/usr/include/stdint.h:55:27: note: 'uint64_t' declared here
typedef unsigned long int       uint64_t;
                                ^
In file included from /<<BUILDDIR>>/orthanc-wsi-0.4+dfsg/Resources/Orthanc/OrthancServer/ToDcmtkBridge.cpp:35:
In file included from /<<BUILDDIR>>/orthanc-wsi-0.4+dfsg/Resources/Orthanc/OrthancServer/ToDcmtkBridge.h:37:
In file included from /usr/include/dcmtk/dcmdata/dcdatset.h:28:
In file included from /usr/include/dcmtk/dcmdata/dcitem.h:28:
In file included from /usr/include/dcmtk/ofstd/offile.h:28:
/usr/include/dcmtk/ofstd/oftypes.h:56:20: error: no type named 'intptr_t' in namespace 'std'; did you mean simply 'intptr_t'?
using OFintptr_t = std::intptr_t;
                   ^~~~~
/usr/include/stdint.h:119:19: note: 'intptr_t' declared here
typedef long int                intptr_t;
                                ^
In file included from /<<BUILDDIR>>/orthanc-wsi-0.4+dfsg/Resources/Orthanc/OrthancServer/ToDcmtkBridge.cpp:35:
In file included from /<<BUILDDIR>>/orthanc-wsi-0.4+dfsg/Resources/Orthanc/OrthancServer/ToDcmtkBridge.h:37:
In file included from /usr/include/dcmtk/dcmdata/dcdatset.h:28:
In file included from /usr/include/dcmtk/dcmdata/dcitem.h:28:
In file included from /usr/include/dcmtk/ofstd/offile.h:28:
/usr/include/dcmtk/ofstd/oftypes.h:57:21: error: no type named 'uintptr_t' in namespace 'std'; did you mean simply 'uintptr_t'?
using OFuintptr_t = std::uintptr_t;
                    ^~~~~
/usr/include/stdint.h:122:27: note: 'uintptr_t' declared here
typedef unsigned long int       uintptr_t;
                                ^
In file included from /<<BUILDDIR>>/orthanc-wsi-0.4+dfsg/Resources/Orthanc/OrthancServer/ToDcmtkBridge.cpp:35:
In file included from /<<BUILDDIR>>/orthanc-wsi-0.4+dfsg/Resources/Orthanc/OrthancServer/ToDcmtkBridge.h:37:
In file included from /usr/include/dcmtk/dcmdata/dcdatset.h:28:
In file included from /usr/include/dcmtk/dcmdata/dcitem.h:28:
In file included from /usr/include/dcmtk/ofstd/offile.h:28:
/usr/include/dcmtk/ofstd/oftypes.h:58:26: error: no type named 'nullptr_t' in namespace 'std'
using OFnullptr_t = std::nullptr_t;
                    ~~~~~^
/usr/include/dcmtk/ofstd/oftypes.h:60:1: error: unknown type name 'constexpr'
constexpr OFnullptr_t OFnullptr = nullptr;
^
/usr/include/dcmtk/ofstd/oftypes.h:60:22: error: expected ';' after top level declarator
constexpr OFnullptr_t OFnullptr = nullptr;
                     ^
/usr/include/dcmtk/ofstd/oftypes.h:61:1: error: unknown type name 'constexpr'
constexpr const OFBool OFTrue = true;
^
/usr/include/dcmtk/ofstd/oftypes.h:61:11: error: expected unqualified-id
constexpr const OFBool OFTrue = true;
          ^
/usr/include/dcmtk/ofstd/oftypes.h:62:1: error: unknown type name 'constexpr'
constexpr const OFBool OFFalse = false;
^
/usr/include/dcmtk/ofstd/oftypes.h:62:11: error: expected unqualified-id
constexpr const OFBool OFFalse = false;
          ^
fatal error: too many errors emitted, stopping now [-ferror-limit=]
[ 42%] Building CXX object CMakeFiles/OrthancWSIFramework.dir/<<BUILDDIR>>/orthanc-wsi-0.4+dfsg/Resources/Orthanc/Plugins/Samples/Common/DicomPath.cpp.o
/usr/bin/c++   -DBOOST_FILESYSTEM_VERSION=3 -DBOOST_HAS_DATE_TIME=1 -DBOOST_HAS_FILESYSTEM_V3=1 -DBOOST_HAS_LOCALE=1 -DBOOST_HAS_REGEX=1 -DDCMTK_DICTIONARY_DIR=\"/usr/share/libdcmtk11\" -DDCMTK_USE_EMBEDDED_DICTIONARIES=0 -DDCMTK_VERSION_NUMBER=361 -DHAS_ORTHANC_EXCEPTION=1 -DHAVE_CONFIG_H=1 -DORTHANC_BUILD_UNIT_TESTS=0 -DORTHANC_ENABLE_BASE64=1 -DORTHANC_ENABLE_CURL=1 -DORTHANC_ENABLE_DCMTK=1 -DORTHANC_ENABLE_JPEG=0 -DORTHANC_ENABLE_LOGGING=1 -DORTHANC_ENABLE_LOGGING_PLUGIN=0 -DORTHANC_ENABLE_LUA=0 -DORTHANC_ENABLE_MD5=0 -DORTHANC_ENABLE_PKCS11=0 -DORTHANC_ENABLE_PLUGINS=1 -DORTHANC_ENABLE_PUGIXML=0 -DORTHANC_ENABLE_SSL=0 -DORTHANC_OPENJPEG_MAJOR_VERSION=2 -DORTHANC_SANDBOXED=0 -DORTHANC_STATIC=0 -DORTHANC_WSI_VERSION=\"0.4\" -D_FILE_OFFSET_BITS=64 -D_LARGEFILE64_SOURCE=1 -I/<<BUILDDIR>>/orthanc-wsi-0.4+dfsg/BuildApplications/AUTOGENERATED -I/usr/include/jsoncpp -I/usr/include/x86_64-linux-gnu -I/usr/include/openjpeg-2.1  -g -O2 -fdebug-prefix-map=/<<BUILDDIR>>/orthanc-wsi-0.4+dfsg=. -fstack-protector-strong -Wformat -Werror=format-security -Wdate-time -D_FORTIFY_SOURCE=2   -o CMakeFiles/OrthancWSIFramework.dir/<<BUILDDIR>>/orthanc-wsi-0.4+dfsg/Resources/Orthanc/Plugins/Samples/Common/DicomPath.cpp.o -c /<<BUILDDIR>>/orthanc-wsi-0.4+dfsg/Resources/Orthanc/Plugins/Samples/Common/DicomPath.cpp
[ 44%] Building CXX object CMakeFiles/OrthancWSIFramework.dir/<<BUILDDIR>>/orthanc-wsi-0.4+dfsg/Resources/Orthanc/Plugins/Samples/Common/DicomTag.cpp.o
/usr/bin/c++   -DBOOST_FILESYSTEM_VERSION=3 -DBOOST_HAS_DATE_TIME=1 -DBOOST_HAS_FILESYSTEM_V3=1 -DBOOST_HAS_LOCALE=1 -DBOOST_HAS_REGEX=1 -DDCMTK_DICTIONARY_DIR=\"/usr/share/libdcmtk11\" -DDCMTK_USE_EMBEDDED_DICTIONARIES=0 -DDCMTK_VERSION_NUMBER=361 -DHAS_ORTHANC_EXCEPTION=1 -DHAVE_CONFIG_H=1 -DORTHANC_BUILD_UNIT_TESTS=0 -DORTHANC_ENABLE_BASE64=1 -DORTHANC_ENABLE_CURL=1 -DORTHANC_ENABLE_DCMTK=1 -DORTHANC_ENABLE_JPEG=0 -DORTHANC_ENABLE_LOGGING=1 -DORTHANC_ENABLE_LOGGING_PLUGIN=0 -DORTHANC_ENABLE_LUA=0 -DORTHANC_ENABLE_MD5=0 -DORTHANC_ENABLE_PKCS11=0 -DORTHANC_ENABLE_PLUGINS=1 -DORTHANC_ENABLE_PUGIXML=0 -DORTHANC_ENABLE_SSL=0 -DORTHANC_OPENJPEG_MAJOR_VERSION=2 -DORTHANC_SANDBOXED=0 -DORTHANC_STATIC=0 -DORTHANC_WSI_VERSION=\"0.4\" -D_FILE_OFFSET_BITS=64 -D_LARGEFILE64_SOURCE=1 -I/<<BUILDDIR>>/orthanc-wsi-0.4+dfsg/BuildApplications/AUTOGENERATED -I/usr/include/jsoncpp -I/usr/include/x86_64-linux-gnu -I/usr/include/openjpeg-2.1  -g -O2 -fdebug-prefix-map=/<<BUILDDIR>>/orthanc-wsi-0.4+dfsg=. -fstack-protector-strong -Wformat -Werror=format-security -Wdate-time -D_FORTIFY_SOURCE=2   -o CMakeFiles/OrthancWSIFramework.dir/<<BUILDDIR>>/orthanc-wsi-0.4+dfsg/Resources/Orthanc/Plugins/Samples/Common/DicomTag.cpp.o -c /<<BUILDDIR>>/orthanc-wsi-0.4+dfsg/Resources/Orthanc/Plugins/Samples/Common/DicomTag.cpp
20 errors generated.
CMakeFiles/OrthancWSIFramework.dir/build.make:699: recipe for target 'CMakeFiles/OrthancWSIFramework.dir/<<BUILDDIR>>/orthanc-wsi-0.4+dfsg/Resources/Orthanc/OrthancServer/ToDcmtkBridge.cpp.o' failed
make[4]: *** [CMakeFiles/OrthancWSIFramework.dir/<<BUILDDIR>>/orthanc-wsi-0.4+dfsg/Resources/Orthanc/OrthancServer/ToDcmtkBridge.cpp.o] Error 1
make[4]: *** Waiting for unfinished jobs....
20 errors generated.
CMakeFiles/OrthancWSIFramework.dir/build.make:651: recipe for target 'CMakeFiles/OrthancWSIFramework.dir/<<BUILDDIR>>/orthanc-wsi-0.4+dfsg/Resources/Orthanc/OrthancServer/FromDcmtkBridge.cpp.o' failed
make[4]: *** [CMakeFiles/OrthancWSIFramework.dir/<<BUILDDIR>>/orthanc-wsi-0.4+dfsg/Resources/Orthanc/OrthancServer/FromDcmtkBridge.cpp.o] Error 1
make[4]: Leaving directory '/<<BUILDDIR>>/orthanc-wsi-0.4+dfsg/BuildApplications'
CMakeFiles/Makefile2:70: recipe for target 'CMakeFiles/OrthancWSIFramework.dir/all' failed
make[3]: *** [CMakeFiles/OrthancWSIFramework.dir/all] Error 2
make[3]: Leaving directory '/<<BUILDDIR>>/orthanc-wsi-0.4+dfsg/BuildApplications'
Makefile:130: recipe for target 'all' failed
make[2]: *** [all] Error 2
make[2]: Leaving directory '/<<BUILDDIR>>/orthanc-wsi-0.4+dfsg/BuildApplications'
dh_auto_build: make -j16 returned exit code 2
debian/rules:44: recipe for target 'override_dh_auto_build' failed
make[1]: *** [override_dh_auto_build] Error 2
make[1]: Leaving directory '/<<BUILDDIR>>/orthanc-wsi-0.4+dfsg'
debian/rules:11: recipe for target 'build-arch' failed
make: *** [build-arch] Error 2
dpkg-buildpackage: error: debian/rules build-arch gave error exit status 2
--------------------------------------------------------------------------------
Build finished at 2017-07-06T15:40:03Z

Finished
--------


+------------------------------------------------------------------------------+
| Cleanup                                                                      |
+------------------------------------------------------------------------------+

Purging /<<BUILDDIR>>
Not cleaning session: cloned chroot in use
E: Build failure (dpkg-buildpackage died)

+------------------------------------------------------------------------------+
| Summary                                                                      |
+------------------------------------------------------------------------------+

Build Architecture: amd64
Build Type: any
Build-Space: 21012
Build-Time: 13
Distribution: unstable
Fail-Stage: build
Host Architecture: amd64
Install-Time: 34
Job: orthanc-wsi_0.4+dfsg-2
Machine Architecture: amd64
Package: orthanc-wsi
Package-Time: 70
Source-Version: 0.4+dfsg-2
Space: 21012
Status: attempted
Version: 0.4+dfsg-2
--------------------------------------------------------------------------------
Finished at 2017-07-06T15:40:03Z
Build needed 00:01:10, 21012k disk space
E: Build failure (dpkg-buildpackage died)
DC-Status: Failed 71.581274903s
DC-Time-Estimation: 71.581274903 versus expected 1 (r/m: 70.581274903 ; m: 1.0)
