DC-Build-Header: ratpoints 1:2.1.3-1 / 2017-07-06 20:31:29 +0000
DC-Task: type:rebuild-binarch-only source:ratpoints version:1:2.1.3-1 chroot:unstable esttime:259 logfile:/tmp/ratpoints_2.1.3-1_unstable_clang5.0.log modes:clang50:binarch-only
DC-Sbuild-call: su user42 -c 'sbuild -n --arch-any --apt-update -d unstable -v  --chroot-setup-commands=/tmp/clang50 ratpoints_1:2.1.3-1'
sbuild (Debian sbuild) 0.73.0 (23 Dec 2016) on ip-172-31-43-7.eu-central-1.compute.internal

+==============================================================================+
| ratpoints 1:2.1.3-1 (amd64)                  Thu, 06 Jul 2017 20:31:29 +0000 |
+==============================================================================+

Package: ratpoints
Version: 1:2.1.3-1
Source Version: 1:2.1.3-1
Distribution: unstable
Machine Architecture: amd64
Host Architecture: amd64
Build Architecture: amd64
Build Type: any

I: NOTICE: Log filtering will replace 'var/run/schroot/mount/unstable-amd64-sbuild-48818fdb-81de-4418-8918-29d03bcc0ea1' with '<<CHROOT>>'

+------------------------------------------------------------------------------+
| Chroot Setup Commands                                                        |
+------------------------------------------------------------------------------+


/tmp/clang50
------------

+ echo 'Entering customization script...'
Entering customization script...
+ CLANG_VERSION=5.0
+ echo 'Install of clang-5.0'
Install of clang-5.0
+ apt-get update
Hit:1 http://127.0.0.1:9999/debian unstable InRelease
Get:2 http://127.0.0.1:9999/debian unstable/main Translation-en [5730 kB]
Fetched 5730 kB in 1s (3947 kB/s)
Reading package lists...
+ apt-get install --yes --no-install-recommends --force-yes clang-5.0
Reading package lists...
Building dependency tree...
Reading state information...
The following additional packages will be installed:
  lib32gcc1 lib32stdc++6 libbsd0 libc6-i386 libclang-common-5.0-dev
  libclang1-5.0 libedit2 libjsoncpp1 libllvm5.0 libncurses5 libobjc-6-dev
  libobjc4
Suggested packages:
  gnustep gnustep-devel clang-5.0-doc libomp-dev
Recommended packages:
  llvm-5.0-dev python libgpm2
The following NEW packages will be installed:
  clang-5.0 lib32gcc1 lib32stdc++6 libbsd0 libc6-i386 libclang-common-5.0-dev
  libclang1-5.0 libedit2 libjsoncpp1 libllvm5.0 libncurses5 libobjc-6-dev
  libobjc4
0 upgraded, 13 newly installed, 0 to remove and 0 not upgraded.
Need to get 87.0 MB of archives.
After this operation, 374 MB of additional disk space will be used.
Get:1 http://127.0.0.1:9999/debian unstable/main amd64 libbsd0 amd64 0.8.5-1 [89.6 kB]
Get:2 http://127.0.0.1:9999/debian unstable/main amd64 libncurses5 amd64 6.0+20161126-1 [93.4 kB]
Get:3 http://127.0.0.1:9999/debian unstable/main amd64 libedit2 amd64 3.1-20170329-1 [85.2 kB]
Get:4 http://127.0.0.1:9999/debian unstable/main amd64 libllvm5.0 amd64 1:5.0~svn305653-1 [13.4 MB]
Get:5 http://127.0.0.1:9999/debian unstable/main amd64 libclang1-5.0 amd64 1:5.0~svn305653-1 [6647 kB]
Get:6 http://127.0.0.1:9999/debian unstable/main amd64 libjsoncpp1 amd64 1.7.4-3 [75.6 kB]
Get:7 http://127.0.0.1:9999/debian unstable/main amd64 libobjc4 amd64 7.1.0-9 [51.0 kB]
Get:8 http://127.0.0.1:9999/debian unstable/main amd64 libobjc-6-dev amd64 6.4.0-1 [197 kB]
Get:9 http://127.0.0.1:9999/debian unstable/main amd64 libc6-i386 amd64 2.24-12 [2597 kB]
Get:10 http://127.0.0.1:9999/debian unstable/main amd64 lib32gcc1 amd64 1:7.1.0-9 [46.8 kB]
Get:11 http://127.0.0.1:9999/debian unstable/main amd64 lib32stdc++6 amd64 7.1.0-9 [411 kB]
Get:12 http://127.0.0.1:9999/debian unstable/main amd64 libclang-common-5.0-dev amd64 1:5.0~svn305653-1 [2856 kB]
Get:13 http://127.0.0.1:9999/debian unstable/main amd64 clang-5.0 amd64 1:5.0~svn305653-1 [60.5 MB]
debconf: delaying package configuration, since apt-utils is not installed
Fetched 87.0 MB in 0s (97.3 MB/s)
Selecting previously unselected package libbsd0:amd64.
(Reading database ... (Reading database ... 5%(Reading database ... 10%(Reading database ... 15%(Reading database ... 20%(Reading database ... 25%(Reading database ... 30%(Reading database ... 35%(Reading database ... 40%(Reading database ... 45%(Reading database ... 50%(Reading database ... 55%(Reading database ... 60%(Reading database ... 65%(Reading database ... 70%(Reading database ... 75%(Reading database ... 80%(Reading database ... 85%(Reading database ... 90%(Reading database ... 95%(Reading database ... 100%(Reading database ... 9711 files and directories currently installed.)
Preparing to unpack .../00-libbsd0_0.8.5-1_amd64.deb ...
Unpacking libbsd0:amd64 (0.8.5-1) ...
Selecting previously unselected package libncurses5:amd64.
Preparing to unpack .../01-libncurses5_6.0+20161126-1_amd64.deb ...
Unpacking libncurses5:amd64 (6.0+20161126-1) ...
Selecting previously unselected package libedit2:amd64.
Preparing to unpack .../02-libedit2_3.1-20170329-1_amd64.deb ...
Unpacking libedit2:amd64 (3.1-20170329-1) ...
Selecting previously unselected package libllvm5.0:amd64.
Preparing to unpack .../03-libllvm5.0_1%3a5.0~svn305653-1_amd64.deb ...
Unpacking libllvm5.0:amd64 (1:5.0~svn305653-1) ...
Selecting previously unselected package libclang1-5.0:amd64.
Preparing to unpack .../04-libclang1-5.0_1%3a5.0~svn305653-1_amd64.deb ...
Unpacking libclang1-5.0:amd64 (1:5.0~svn305653-1) ...
Selecting previously unselected package libjsoncpp1:amd64.
Preparing to unpack .../05-libjsoncpp1_1.7.4-3_amd64.deb ...
Unpacking libjsoncpp1:amd64 (1.7.4-3) ...
Selecting previously unselected package libobjc4:amd64.
Preparing to unpack .../06-libobjc4_7.1.0-9_amd64.deb ...
Unpacking libobjc4:amd64 (7.1.0-9) ...
Selecting previously unselected package libobjc-6-dev:amd64.
Preparing to unpack .../07-libobjc-6-dev_6.4.0-1_amd64.deb ...
Unpacking libobjc-6-dev:amd64 (6.4.0-1) ...
Selecting previously unselected package libc6-i386.
Preparing to unpack .../08-libc6-i386_2.24-12_amd64.deb ...
Unpacking libc6-i386 (2.24-12) ...
Selecting previously unselected package lib32gcc1.
Preparing to unpack .../09-lib32gcc1_1%3a7.1.0-9_amd64.deb ...
Unpacking lib32gcc1 (1:7.1.0-9) ...
Selecting previously unselected package lib32stdc++6.
Preparing to unpack .../10-lib32stdc++6_7.1.0-9_amd64.deb ...
Unpacking lib32stdc++6 (7.1.0-9) ...
Selecting previously unselected package libclang-common-5.0-dev.
Preparing to unpack .../11-libclang-common-5.0-dev_1%3a5.0~svn305653-1_amd64.deb ...
Unpacking libclang-common-5.0-dev (1:5.0~svn305653-1) ...
Selecting previously unselected package clang-5.0.
Preparing to unpack .../12-clang-5.0_1%3a5.0~svn305653-1_amd64.deb ...
Unpacking clang-5.0 (1:5.0~svn305653-1) ...
Setting up libncurses5:amd64 (6.0+20161126-1) ...
Setting up libobjc4:amd64 (7.1.0-9) ...
Setting up libc6-i386 (2.24-12) ...
Setting up libbsd0:amd64 (0.8.5-1) ...
Processing triggers for libc-bin (2.24-12) ...
Setting up libobjc-6-dev:amd64 (6.4.0-1) ...
Setting up lib32gcc1 (1:7.1.0-9) ...
Setting up libjsoncpp1:amd64 (1.7.4-3) ...
Setting up libedit2:amd64 (3.1-20170329-1) ...
Setting up libllvm5.0:amd64 (1:5.0~svn305653-1) ...
Setting up libclang1-5.0:amd64 (1:5.0~svn305653-1) ...
Setting up lib32stdc++6 (7.1.0-9) ...
Setting up libclang-common-5.0-dev (1:5.0~svn305653-1) ...
Setting up clang-5.0 (1:5.0~svn305653-1) ...
Processing triggers for libc-bin (2.24-12) ...
W: --force-yes is deprecated, use one of the options starting with --allow instead.
+ echo 'Replace gcc, g++ & cpp by clang'
Replace gcc, g++ & cpp by clang
+ VERSIONS='4.6 4.7 4.8 4.9 5 6 7'
+ cd /usr/bin
+ for VERSION in $VERSIONS
+ rm -f g++-4.6 gcc-4.6 cpp-4.6 gcc
+ ln -s clang++-5.0 g++-4.6
+ ln -s clang-5.0 gcc-4.6
+ ln -s clang-5.0 cpp-4.6
+ ln -s clang-5.0 gcc
+ echo 'gcc-4.6 hold'
+ dpkg --set-selections
dpkg: warning: package not in status nor available database at line 1: gcc-4.6
dpkg: warning: found unknown packages; this might mean the available database
is outdated, and needs to be updated through a frontend method;
please see the FAQ <https://wiki.debian.org/Teams/Dpkg/FAQ>
+ echo 'g++-4.6 hold'
+ dpkg --set-selections
dpkg: warning: package not in status nor available database at line 1: g++-4.6
dpkg: warning: found unknown packages; this might mean the available database
is outdated, and needs to be updated through a frontend method;
please see the FAQ <https://wiki.debian.org/Teams/Dpkg/FAQ>
+ for VERSION in $VERSIONS
+ rm -f g++-4.7 gcc-4.7 cpp-4.7 gcc
+ ln -s clang++-5.0 g++-4.7
+ ln -s clang-5.0 gcc-4.7
+ ln -s clang-5.0 cpp-4.7
+ ln -s clang-5.0 gcc
+ echo 'gcc-4.7 hold'
+ dpkg --set-selections
dpkg: warning: package not in status nor available database at line 1: gcc-4.7
dpkg: warning: found unknown packages; this might mean the available database
is outdated, and needs to be updated through a frontend method;
please see the FAQ <https://wiki.debian.org/Teams/Dpkg/FAQ>
+ echo 'g++-4.7 hold'
+ dpkg --set-selections
dpkg: warning: package not in status nor available database at line 1: g++-4.7
dpkg: warning: found unknown packages; this might mean the available database
is outdated, and needs to be updated through a frontend method;
please see the FAQ <https://wiki.debian.org/Teams/Dpkg/FAQ>
+ for VERSION in $VERSIONS
+ rm -f g++-4.8 gcc-4.8 cpp-4.8 gcc
+ ln -s clang++-5.0 g++-4.8
+ ln -s clang-5.0 gcc-4.8
+ ln -s clang-5.0 cpp-4.8
+ ln -s clang-5.0 gcc
+ echo 'gcc-4.8 hold'
+ dpkg --set-selections
dpkg: warning: package not in status nor available database at line 1: gcc-4.8
dpkg: warning: found unknown packages; this might mean the available database
is outdated, and needs to be updated through a frontend method;
please see the FAQ <https://wiki.debian.org/Teams/Dpkg/FAQ>
+ echo 'g++-4.8 hold'
+ dpkg --set-selections
dpkg: warning: package not in status nor available database at line 1: g++-4.8
dpkg: warning: found unknown packages; this might mean the available database
is outdated, and needs to be updated through a frontend method;
please see the FAQ <https://wiki.debian.org/Teams/Dpkg/FAQ>
+ for VERSION in $VERSIONS
+ rm -f g++-4.9 gcc-4.9 cpp-4.9 gcc
+ ln -s clang++-5.0 g++-4.9
+ ln -s clang-5.0 gcc-4.9
+ ln -s clang-5.0 cpp-4.9
+ ln -s clang-5.0 gcc
+ echo 'gcc-4.9 hold'
+ dpkg --set-selections
dpkg: warning: package not in status nor available database at line 1: gcc-4.9
dpkg: warning: found unknown packages; this might mean the available database
is outdated, and needs to be updated through a frontend method;
please see the FAQ <https://wiki.debian.org/Teams/Dpkg/FAQ>
+ echo 'g++-4.9 hold'
+ dpkg --set-selections
dpkg: warning: package not in status nor available database at line 1: g++-4.9
dpkg: warning: found unknown packages; this might mean the available database
is outdated, and needs to be updated through a frontend method;
please see the FAQ <https://wiki.debian.org/Teams/Dpkg/FAQ>
+ for VERSION in $VERSIONS
+ rm -f g++-5 gcc-5 cpp-5 gcc
+ ln -s clang++-5.0 g++-5
+ ln -s clang-5.0 gcc-5
+ ln -s clang-5.0 cpp-5
+ ln -s clang-5.0 gcc
+ echo 'gcc-5 hold'
+ dpkg --set-selections
+ echo 'g++-5 hold'
+ dpkg --set-selections
+ for VERSION in $VERSIONS
+ rm -f g++-6 gcc-6 cpp-6 gcc
+ ln -s clang++-5.0 g++-6
+ ln -s clang-5.0 gcc-6
+ ln -s clang-5.0 cpp-6
+ ln -s clang-5.0 gcc
+ echo 'gcc-6 hold'
+ dpkg --set-selections
+ echo 'g++-6 hold'
+ dpkg --set-selections
+ for VERSION in $VERSIONS
+ rm -f g++-7 gcc-7 cpp-7 gcc
+ ln -s clang++-5.0 g++-7
+ ln -s clang-5.0 gcc-7
+ ln -s clang-5.0 cpp-7
+ ln -s clang-5.0 gcc
+ echo 'gcc-7 hold'
+ dpkg --set-selections
dpkg: warning: package not in status nor available database at line 1: gcc-7
dpkg: warning: found unknown packages; this might mean the available database
is outdated, and needs to be updated through a frontend method;
please see the FAQ <https://wiki.debian.org/Teams/Dpkg/FAQ>
+ echo 'g++-7 hold'
+ dpkg --set-selections
dpkg: warning: package not in status nor available database at line 1: g++-7
dpkg: warning: found unknown packages; this might mean the available database
is outdated, and needs to be updated through a frontend method;
please see the FAQ <https://wiki.debian.org/Teams/Dpkg/FAQ>
+ cd -
/build/ratpoints-OeT82y
+ echo 'Check if gcc, g++ & cpp are actually clang'
Check if gcc, g++ & cpp are actually clang
+ gcc --version
+ grep clang
+ cpp --version
+ grep clang
+ g++ --version
+ grep clang

I: Finished running '/tmp/clang50'.

Finished processing commands.
--------------------------------------------------------------------------------

+------------------------------------------------------------------------------+
| Update chroot                                                                |
+------------------------------------------------------------------------------+

Hit:1 http://127.0.0.1:9999/debian unstable InRelease
Reading package lists...
Reading package lists...
Building dependency tree...
Reading state information...
Calculating upgrade...
0 upgraded, 0 newly installed, 0 to remove and 0 not upgraded.

+------------------------------------------------------------------------------+
| Fetch source files                                                           |
+------------------------------------------------------------------------------+


Check APT
---------

Checking available source versions...

Download source files with APT
------------------------------

Reading package lists...
NOTICE: 'ratpoints' packaging is maintained in the 'Git' version control system at:
git://anonscm.debian.org/debian-science/packages/ratpoints.git
Please use:
git clone git://anonscm.debian.org/debian-science/packages/ratpoints.git
to retrieve the latest (possibly unreleased) updates to the package.
Need to get 227 kB of source archives.
Get:1 http://127.0.0.1:9999/debian unstable/main ratpoints 1:2.1.3-1 (dsc) [2135 B]
Get:2 http://127.0.0.1:9999/debian unstable/main ratpoints 1:2.1.3-1 (tar) [208 kB]
Get:3 http://127.0.0.1:9999/debian unstable/main ratpoints 1:2.1.3-1 (diff) [17.0 kB]
Fetched 227 kB in 0s (1652 kB/s)
Download complete and in download only mode
I: NOTICE: Log filtering will replace 'build/ratpoints-OeT82y/ratpoints-2.1.3' with '<<PKGBUILDDIR>>'
I: NOTICE: Log filtering will replace 'build/ratpoints-OeT82y' with '<<BUILDDIR>>'

+------------------------------------------------------------------------------+
| Install build-essential                                                      |
+------------------------------------------------------------------------------+


Setup apt archive
-----------------

Merged Build-Depends: build-essential, fakeroot
Filtered Build-Depends: build-essential, fakeroot
dpkg-deb: building package 'sbuild-build-depends-core-dummy' in '/<<BUILDDIR>>/resolver-xajByj/apt_archive/sbuild-build-depends-core-dummy.deb'.
dpkg-scanpackages: warning: Packages in archive but missing from override file:
dpkg-scanpackages: warning:   sbuild-build-depends-core-dummy
dpkg-scanpackages: info: Wrote 1 entries to output Packages file.
Ign:1 copy:/<<BUILDDIR>>/resolver-xajByj/apt_archive ./ InRelease
Get:2 copy:/<<BUILDDIR>>/resolver-xajByj/apt_archive ./ Release [957 B]
Ign:3 copy:/<<BUILDDIR>>/resolver-xajByj/apt_archive ./ Release.gpg
Get:4 copy:/<<BUILDDIR>>/resolver-xajByj/apt_archive ./ Sources [349 B]
Get:5 copy:/<<BUILDDIR>>/resolver-xajByj/apt_archive ./ Packages [432 B]
Fetched 1738 B in 0s (0 B/s)
Reading package lists...
Reading package lists...

Install core build dependencies (apt-based resolver)
----------------------------------------------------

Installing build dependencies
Reading package lists...
Building dependency tree...
Reading state information...
The following NEW packages will be installed:
  sbuild-build-depends-core-dummy
0 upgraded, 1 newly installed, 0 to remove and 0 not upgraded.
Need to get 782 B of archives.
After this operation, 0 B of additional disk space will be used.
Get:1 copy:/<<BUILDDIR>>/resolver-xajByj/apt_archive ./ sbuild-build-depends-core-dummy 0.invalid.0 [782 B]
debconf: delaying package configuration, since apt-utils is not installed
Fetched 782 B in 0s (0 B/s)
Selecting previously unselected package sbuild-build-depends-core-dummy.
(Reading database ... 10611 files and directories currently installed.)
Preparing to unpack .../sbuild-build-depends-core-dummy_0.invalid.0_amd64.deb ...
Unpacking sbuild-build-depends-core-dummy (0.invalid.0) ...
Setting up sbuild-build-depends-core-dummy (0.invalid.0) ...

+------------------------------------------------------------------------------+
| Check architectures                                                          |
+------------------------------------------------------------------------------+

Arch check ok (amd64 included in any)

+------------------------------------------------------------------------------+
| Install package build dependencies                                           |
+------------------------------------------------------------------------------+


Setup apt archive
-----------------

Merged Build-Depends: debhelper (>= 9), dh-autoreconf (>= 4~), libgmp-dev
Filtered Build-Depends: debhelper (>= 9), dh-autoreconf (>= 4~), libgmp-dev
dpkg-deb: building package 'sbuild-build-depends-ratpoints-dummy' in '/<<BUILDDIR>>/resolver-xajByj/apt_archive/sbuild-build-depends-ratpoints-dummy.deb'.
dpkg-scanpackages: warning: Packages in archive but missing from override file:
dpkg-scanpackages: warning:   sbuild-build-depends-core-dummy sbuild-build-depends-ratpoints-dummy
dpkg-scanpackages: info: Wrote 2 entries to output Packages file.
Ign:1 copy:/<<BUILDDIR>>/resolver-xajByj/apt_archive ./ InRelease
Get:2 copy:/<<BUILDDIR>>/resolver-xajByj/apt_archive ./ Release [963 B]
Ign:3 copy:/<<BUILDDIR>>/resolver-xajByj/apt_archive ./ Release.gpg
Get:4 copy:/<<BUILDDIR>>/resolver-xajByj/apt_archive ./ Sources [510 B]
Get:5 copy:/<<BUILDDIR>>/resolver-xajByj/apt_archive ./ Packages [591 B]
Fetched 2064 B in 0s (0 B/s)
Reading package lists...
Reading package lists...

Install ratpoints build dependencies (apt-based resolver)
---------------------------------------------------------

Installing build dependencies
Reading package lists...
Building dependency tree...
Reading state information...
The following additional packages will be installed:
  autoconf automake autopoint autotools-dev bsdmainutils debhelper
  dh-autoreconf dh-strip-nondeterminism file gettext gettext-base groff-base
  intltool-debian libarchive-zip-perl libcroco3
  libfile-stripnondeterminism-perl libglib2.0-0 libgmp-dev libgmpxx4ldbl
  libicu57 libmagic-mgc libmagic1 libpipeline1 libsigsegv2 libtimedate-perl
  libtool libxml2 m4 man-db po-debconf
Suggested packages:
  autoconf-archive gnu-standards autoconf-doc wamerican | wordlist whois
  vacation dh-make gettext-doc libasprintf-dev libgettextpo-dev groff gmp-doc
  libgmp10-doc libmpfr-dev libtool-doc gfortran | fortran95-compiler gcj-jdk
  m4-doc less www-browser libmail-box-perl
Recommended packages:
  curl | wget | lynx-cur libarchive-cpio-perl libglib2.0-data shared-mime-info
  xdg-user-dirs libltdl-dev xml-core libmail-sendmail-perl
The following NEW packages will be installed:
  autoconf automake autopoint autotools-dev bsdmainutils debhelper
  dh-autoreconf dh-strip-nondeterminism file gettext gettext-base groff-base
  intltool-debian libarchive-zip-perl libcroco3
  libfile-stripnondeterminism-perl libglib2.0-0 libgmp-dev libgmpxx4ldbl
  libicu57 libmagic-mgc libmagic1 libpipeline1 libsigsegv2 libtimedate-perl
  libtool libxml2 m4 man-db po-debconf sbuild-build-depends-ratpoints-dummy
0 upgraded, 31 newly installed, 0 to remove and 0 not upgraded.
Need to get 20.0 MB of archives.
After this operation, 67.7 MB of additional disk space will be used.
Get:1 copy:/<<BUILDDIR>>/resolver-xajByj/apt_archive ./ sbuild-build-depends-ratpoints-dummy 0.invalid.0 [808 B]
Get:2 http://127.0.0.1:9999/debian unstable/main amd64 groff-base amd64 1.22.3-9 [1160 kB]
Get:3 http://127.0.0.1:9999/debian unstable/main amd64 bsdmainutils amd64 9.0.12+nmu1 [186 kB]
Get:4 http://127.0.0.1:9999/debian unstable/main amd64 libpipeline1 amd64 1.4.1-2 [27.6 kB]
Get:5 http://127.0.0.1:9999/debian unstable/main amd64 man-db amd64 2.7.6.1-2 [1044 kB]
Get:6 http://127.0.0.1:9999/debian unstable/main amd64 libmagic-mgc amd64 1:5.30-1 [222 kB]
Get:7 http://127.0.0.1:9999/debian unstable/main amd64 libmagic1 amd64 1:5.30-1 [111 kB]
Get:8 http://127.0.0.1:9999/debian unstable/main amd64 file amd64 1:5.30-1 [63.9 kB]
Get:9 http://127.0.0.1:9999/debian unstable/main amd64 gettext-base amd64 0.19.8.1-2+b1 [122 kB]
Get:10 http://127.0.0.1:9999/debian unstable/main amd64 libicu57 amd64 57.1-6 [7701 kB]
Get:11 http://127.0.0.1:9999/debian unstable/main amd64 libxml2 amd64 2.9.4+dfsg1-3 [715 kB]
Get:12 http://127.0.0.1:9999/debian unstable/main amd64 libsigsegv2 amd64 2.11-1 [29.9 kB]
Get:13 http://127.0.0.1:9999/debian unstable/main amd64 m4 amd64 1.4.18-1 [202 kB]
Get:14 http://127.0.0.1:9999/debian unstable/main amd64 autoconf all 2.69-10 [338 kB]
Get:15 http://127.0.0.1:9999/debian unstable/main amd64 autotools-dev all 20161112.1 [73.4 kB]
Get:16 http://127.0.0.1:9999/debian unstable/main amd64 automake all 1:1.15.1-2 [736 kB]
Get:17 http://127.0.0.1:9999/debian unstable/main amd64 autopoint all 0.19.8.1-2 [433 kB]
Get:18 http://127.0.0.1:9999/debian unstable/main amd64 libtool all 2.4.6-2 [545 kB]
Get:19 http://127.0.0.1:9999/debian unstable/main amd64 dh-autoreconf all 14 [15.9 kB]
Get:20 http://127.0.0.1:9999/debian unstable/main amd64 libarchive-zip-perl all 1.59-1 [95.5 kB]
Get:21 http://127.0.0.1:9999/debian unstable/main amd64 libfile-stripnondeterminism-perl all 0.035-2 [17.0 kB]
Get:22 http://127.0.0.1:9999/debian unstable/main amd64 libtimedate-perl all 2.3000-2 [42.2 kB]
Get:23 http://127.0.0.1:9999/debian unstable/main amd64 dh-strip-nondeterminism all 0.035-2 [10.7 kB]
Get:24 http://127.0.0.1:9999/debian unstable/main amd64 libglib2.0-0 amd64 2.52.3-1 [2742 kB]
Get:25 http://127.0.0.1:9999/debian unstable/main amd64 libcroco3 amd64 0.6.12-1 [144 kB]
Get:26 http://127.0.0.1:9999/debian unstable/main amd64 gettext amd64 0.19.8.1-2+b1 [1301 kB]
Get:27 http://127.0.0.1:9999/debian unstable/main amd64 intltool-debian all 0.35.0+20060710.4 [26.3 kB]
Get:28 http://127.0.0.1:9999/debian unstable/main amd64 po-debconf all 1.0.20 [247 kB]
Get:29 http://127.0.0.1:9999/debian unstable/main amd64 debhelper all 10.6.2 [968 kB]
Get:30 http://127.0.0.1:9999/debian unstable/main amd64 libgmpxx4ldbl amd64 2:6.1.2+dfsg-1 [22.2 kB]
Get:31 http://127.0.0.1:9999/debian unstable/main amd64 libgmp-dev amd64 2:6.1.2+dfsg-1 [631 kB]
debconf: delaying package configuration, since apt-utils is not installed
Fetched 20.0 MB in 0s (85.7 MB/s)
Selecting previously unselected package groff-base.
(Reading database ... 10611 files and directories currently installed.)
Preparing to unpack .../00-groff-base_1.22.3-9_amd64.deb ...
Unpacking groff-base (1.22.3-9) ...
Selecting previously unselected package bsdmainutils.
Preparing to unpack .../01-bsdmainutils_9.0.12+nmu1_amd64.deb ...
Unpacking bsdmainutils (9.0.12+nmu1) ...
Selecting previously unselected package libpipeline1:amd64.
Preparing to unpack .../02-libpipeline1_1.4.1-2_amd64.deb ...
Unpacking libpipeline1:amd64 (1.4.1-2) ...
Selecting previously unselected package man-db.
Preparing to unpack .../03-man-db_2.7.6.1-2_amd64.deb ...
Unpacking man-db (2.7.6.1-2) ...
Selecting previously unselected package libmagic-mgc.
Preparing to unpack .../04-libmagic-mgc_1%3a5.30-1_amd64.deb ...
Unpacking libmagic-mgc (1:5.30-1) ...
Selecting previously unselected package libmagic1:amd64.
Preparing to unpack .../05-libmagic1_1%3a5.30-1_amd64.deb ...
Unpacking libmagic1:amd64 (1:5.30-1) ...
Selecting previously unselected package file.
Preparing to unpack .../06-file_1%3a5.30-1_amd64.deb ...
Unpacking file (1:5.30-1) ...
Selecting previously unselected package gettext-base.
Preparing to unpack .../07-gettext-base_0.19.8.1-2+b1_amd64.deb ...
Unpacking gettext-base (0.19.8.1-2+b1) ...
Selecting previously unselected package libicu57:amd64.
Preparing to unpack .../08-libicu57_57.1-6_amd64.deb ...
Unpacking libicu57:amd64 (57.1-6) ...
Selecting previously unselected package libxml2:amd64.
Preparing to unpack .../09-libxml2_2.9.4+dfsg1-3_amd64.deb ...
Unpacking libxml2:amd64 (2.9.4+dfsg1-3) ...
Selecting previously unselected package libsigsegv2:amd64.
Preparing to unpack .../10-libsigsegv2_2.11-1_amd64.deb ...
Unpacking libsigsegv2:amd64 (2.11-1) ...
Selecting previously unselected package m4.
Preparing to unpack .../11-m4_1.4.18-1_amd64.deb ...
Unpacking m4 (1.4.18-1) ...
Selecting previously unselected package autoconf.
Preparing to unpack .../12-autoconf_2.69-10_all.deb ...
Unpacking autoconf (2.69-10) ...
Selecting previously unselected package autotools-dev.
Preparing to unpack .../13-autotools-dev_20161112.1_all.deb ...
Unpacking autotools-dev (20161112.1) ...
Selecting previously unselected package automake.
Preparing to unpack .../14-automake_1%3a1.15.1-2_all.deb ...
Unpacking automake (1:1.15.1-2) ...
Selecting previously unselected package autopoint.
Preparing to unpack .../15-autopoint_0.19.8.1-2_all.deb ...
Unpacking autopoint (0.19.8.1-2) ...
Selecting previously unselected package libtool.
Preparing to unpack .../16-libtool_2.4.6-2_all.deb ...
Unpacking libtool (2.4.6-2) ...
Selecting previously unselected package dh-autoreconf.
Preparing to unpack .../17-dh-autoreconf_14_all.deb ...
Unpacking dh-autoreconf (14) ...
Selecting previously unselected package libarchive-zip-perl.
Preparing to unpack .../18-libarchive-zip-perl_1.59-1_all.deb ...
Unpacking libarchive-zip-perl (1.59-1) ...
Selecting previously unselected package libfile-stripnondeterminism-perl.
Preparing to unpack .../19-libfile-stripnondeterminism-perl_0.035-2_all.deb ...
Unpacking libfile-stripnondeterminism-perl (0.035-2) ...
Selecting previously unselected package libtimedate-perl.
Preparing to unpack .../20-libtimedate-perl_2.3000-2_all.deb ...
Unpacking libtimedate-perl (2.3000-2) ...
Selecting previously unselected package dh-strip-nondeterminism.
Preparing to unpack .../21-dh-strip-nondeterminism_0.035-2_all.deb ...
Unpacking dh-strip-nondeterminism (0.035-2) ...
Selecting previously unselected package libglib2.0-0:amd64.
Preparing to unpack .../22-libglib2.0-0_2.52.3-1_amd64.deb ...
Unpacking libglib2.0-0:amd64 (2.52.3-1) ...
Selecting previously unselected package libcroco3:amd64.
Preparing to unpack .../23-libcroco3_0.6.12-1_amd64.deb ...
Unpacking libcroco3:amd64 (0.6.12-1) ...
Selecting previously unselected package gettext.
Preparing to unpack .../24-gettext_0.19.8.1-2+b1_amd64.deb ...
Unpacking gettext (0.19.8.1-2+b1) ...
Selecting previously unselected package intltool-debian.
Preparing to unpack .../25-intltool-debian_0.35.0+20060710.4_all.deb ...
Unpacking intltool-debian (0.35.0+20060710.4) ...
Selecting previously unselected package po-debconf.
Preparing to unpack .../26-po-debconf_1.0.20_all.deb ...
Unpacking po-debconf (1.0.20) ...
Selecting previously unselected package debhelper.
Preparing to unpack .../27-debhelper_10.6.2_all.deb ...
Unpacking debhelper (10.6.2) ...
Selecting previously unselected package libgmpxx4ldbl:amd64.
Preparing to unpack .../28-libgmpxx4ldbl_2%3a6.1.2+dfsg-1_amd64.deb ...
Unpacking libgmpxx4ldbl:amd64 (2:6.1.2+dfsg-1) ...
Selecting previously unselected package libgmp-dev:amd64.
Preparing to unpack .../29-libgmp-dev_2%3a6.1.2+dfsg-1_amd64.deb ...
Unpacking libgmp-dev:amd64 (2:6.1.2+dfsg-1) ...
Selecting previously unselected package sbuild-build-depends-ratpoints-dummy.
Preparing to unpack .../30-sbuild-build-depends-ratpoints-dummy_0.invalid.0_amd64.deb ...
Unpacking sbuild-build-depends-ratpoints-dummy (0.invalid.0) ...
Setting up libarchive-zip-perl (1.59-1) ...
Setting up libtimedate-perl (2.3000-2) ...
Setting up libsigsegv2:amd64 (2.11-1) ...
Setting up groff-base (1.22.3-9) ...
Setting up libglib2.0-0:amd64 (2.52.3-1) ...
No schema files found: doing nothing.
Setting up gettext-base (0.19.8.1-2+b1) ...
Setting up libpipeline1:amd64 (1.4.1-2) ...
Setting up m4 (1.4.18-1) ...
Setting up libicu57:amd64 (57.1-6) ...
Setting up libxml2:amd64 (2.9.4+dfsg1-3) ...
Setting up libmagic-mgc (1:5.30-1) ...
Setting up libmagic1:amd64 (1:5.30-1) ...
Setting up libcroco3:amd64 (0.6.12-1) ...
Processing triggers for libc-bin (2.24-12) ...
Setting up autotools-dev (20161112.1) ...
Setting up bsdmainutils (9.0.12+nmu1) ...
update-alternatives: using /usr/bin/bsd-write to provide /usr/bin/write (write) in auto mode
update-alternatives: using /usr/bin/bsd-from to provide /usr/bin/from (from) in auto mode
Setting up libgmpxx4ldbl:amd64 (2:6.1.2+dfsg-1) ...
Setting up autopoint (0.19.8.1-2) ...
Setting up libfile-stripnondeterminism-perl (0.035-2) ...
Setting up libgmp-dev:amd64 (2:6.1.2+dfsg-1) ...
Setting up gettext (0.19.8.1-2+b1) ...
Setting up autoconf (2.69-10) ...
Setting up file (1:5.30-1) ...
Setting up intltool-debian (0.35.0+20060710.4) ...
Setting up automake (1:1.15.1-2) ...
update-alternatives: using /usr/bin/automake-1.15 to provide /usr/bin/automake (automake) in auto mode
Setting up man-db (2.7.6.1-2) ...
Not building database; man-db/auto-update is not 'true'.
Setting up libtool (2.4.6-2) ...
Setting up po-debconf (1.0.20) ...
Setting up dh-autoreconf (14) ...
Setting up dh-strip-nondeterminism (0.035-2) ...
Setting up debhelper (10.6.2) ...
Setting up sbuild-build-depends-ratpoints-dummy (0.invalid.0) ...
Processing triggers for libc-bin (2.24-12) ...

+------------------------------------------------------------------------------+
| Build environment                                                            |
+------------------------------------------------------------------------------+

Kernel: Linux 4.9.0-2-amd64 amd64 (x86_64)
Toolchain package versions: binutils_2.28-6 dpkg-dev_1.18.24 g++-6_6.4.0-1 gcc-6_6.4.0-1 libc6-dev_2.24-12 libstdc++-6-dev_6.4.0-1 libstdc++6_7.1.0-9 linux-libc-dev_4.11.6-1
Package versions: adduser_3.115 apt_1.5~beta1 autoconf_2.69-10 automake_1:1.15.1-2 autopoint_0.19.8.1-2 autotools-dev_20161112.1 base-files_10 base-passwd_3.5.43 bash_4.4-5 binutils_2.28-6 bsdmainutils_9.0.12+nmu1 bsdutils_1:2.29.2-1 build-essential_12.3 bzip2_1.0.6-8.1 clang-5.0_1:5.0~svn305653-1 coreutils_8.26-3 cpp_4:6.3.0-4d1 cpp-6_6.4.0-1 dash_0.5.8-2.4 debconf_1.5.62 debfoster_2.7-2.1+b1 debhelper_10.6.2 debian-archive-keyring_2017.5 debianutils_4.8.1.1 dh-autoreconf_14 dh-strip-nondeterminism_0.035-2 diffutils_1:3.5-3 dpkg_1.18.24 dpkg-dev_1.18.24 e2fslibs_1.43.4-2 e2fsprogs_1.43.4-2 eatmydata_105-5 fakeroot_1.21-3.1 file_1:5.30-1 findutils_4.6.0+git+20170606-2 g++_4:6.3.0-4d1 g++-6_6.4.0-1 gcc_4:6.3.0-4d1 gcc-6_6.4.0-1 gcc-6-base_6.4.0-1 gcc-7-base_7.1.0-9 gettext_0.19.8.1-2+b1 gettext-base_0.19.8.1-2+b1 gpgv_2.1.18-8 grep_2.27-2 groff-base_1.22.3-9 gzip_1.6-5+b1 hostname_3.18+b1 init-system-helpers_1.48 intltool-debian_0.35.0+20060710.4 lib32gcc1_1:7.1.0-9 lib32stdc++6_7.1.0-9 libacl1_2.2.52-3+b1 libapt-pkg5.0_1.5~beta1 libarchive-zip-perl_1.59-1 libasan3_6.4.0-1 libatomic1_7.1.0-9 libattr1_1:2.4.47-2+b2 libaudit-common_1:2.7.7-1 libaudit1_1:2.7.7-1+b1 libblkid1_2.29.2-1 libbsd0_0.8.5-1 libbz2-1.0_1.0.6-8.1 libc-bin_2.24-12 libc-dev-bin_2.24-12 libc6_2.24-12 libc6-dev_2.24-12 libc6-i386_2.24-12 libcap-ng0_0.7.7-3+b1 libcc1-0_7.1.0-9 libcilkrts5_7.1.0-9 libclang-common-5.0-dev_1:5.0~svn305653-1 libclang1-5.0_1:5.0~svn305653-1 libcomerr2_1.43.4-2 libcroco3_0.6.12-1 libdb5.3_5.3.28-12+b1 libdebconfclient0_0.229 libdpkg-perl_1.18.24 libeatmydata1_105-5 libedit2_3.1-20170329-1 libfakeroot_1.21-3.1 libfdisk1_2.29.2-1 libffi6_3.2.1-6 libfile-stripnondeterminism-perl_0.035-2 libgc1c2_1:7.4.2-8 libgcc-6-dev_6.4.0-1 libgcc1_1:7.1.0-9 libgcrypt20_1.7.8-1 libgdbm3_1.8.3-14 libglib2.0-0_2.52.3-1 libgmp-dev_2:6.1.2+dfsg-1 libgmp10_2:6.1.2+dfsg-1 libgmpxx4ldbl_2:6.1.2+dfsg-1 libgnutls30_3.5.13-2 libgomp1_7.1.0-9 libgpg-error0_1.27-3 libhogweed4_3.3-1+b1 libicu57_57.1-6 libidn2-0_0.16-1+b1 libisl15_0.18-1 libitm1_7.1.0-9 libjsoncpp1_1.7.4-3 libllvm5.0_1:5.0~svn305653-1 liblsan0_7.1.0-9 liblz4-1_0.0~r131-2+b1 liblzma5_5.2.2-1.2+b1 libmagic-mgc_1:5.30-1 libmagic1_1:5.30-1 libmount1_2.29.2-1 libmpc3_1.0.3-1+b2 libmpfr4_3.1.5-1 libmpx2_7.1.0-9 libncurses5_6.0+20161126-1 libncursesw5_6.0+20161126-1 libnettle6_3.3-1+b1 libobjc-6-dev_6.4.0-1 libobjc4_7.1.0-9 libp11-kit0_0.23.7-2 libpam-modules_1.1.8-3.6 libpam-modules-bin_1.1.8-3.6 libpam-runtime_1.1.8-3.6 libpam0g_1.1.8-3.6 libpcre3_2:8.39-3 libperl5.24_5.24.1-6 libpipeline1_1.4.1-2 libquadmath0_7.1.0-9 libselinux1_2.6-3+b2 libsemanage-common_2.6-2 libsemanage1_2.6-2+b1 libsepol1_2.6-2 libsigsegv2_2.11-1 libsmartcols1_2.29.2-1 libss2_1.43.4-2 libstdc++-6-dev_6.4.0-1 libstdc++6_7.1.0-9 libsystemd0_233-10 libtasn1-6_4.12-2 libtimedate-perl_2.3000-2 libtinfo5_6.0+20161126-1 libtool_2.4.6-2 libtsan0_7.1.0-9 libubsan0_7.1.0-9 libudev1_233-10 libunistring2_0.9.7-2 libustr-1.0-1_1.0.4-6 libuuid1_2.29.2-1 libxml2_2.9.4+dfsg1-3 linux-libc-dev_4.11.6-1 login_1:4.4-4.1 m4_1.4.18-1 make_4.1-9.1 man-db_2.7.6.1-2 mawk_1.3.3-17+b3 mount_2.29.2-1 multiarch-support_2.24-12 ncurses-base_6.0+20161126-1 ncurses-bin_6.0+20161126-1 passwd_1:4.4-4.1 patch_2.7.5-1+b2 perl_5.24.1-6 perl-base_5.24.1-6 perl-modules-5.24_5.24.1-6 po-debconf_1.0.20 sbuild-build-depends-core-dummy_0.invalid.0 sbuild-build-depends-ratpoints-dummy_0.invalid.0 sed_4.4-1 sensible-utils_0.0.9 sysvinit-utils_2.88dsf-59.9 tar_1.29b-1.1 util-linux_2.29.2-1 xz-utils_5.2.2-1.2+b1 zlib1g_1:1.2.8.dfsg-5

+------------------------------------------------------------------------------+
| Build                                                                        |
+------------------------------------------------------------------------------+


Unpack source
-------------

gpgv: unknown type of key resource 'trustedkeys.kbx'
gpgv: keyblock resource '/sbuild-nonexistent/.gnupg/trustedkeys.kbx': General error
gpgv: Signature made Wed Jul  9 21:31:17 2014 UTC
gpgv:                using RSA key 8C82169D8ECECD2A
gpgv: Can't check signature: No public key
dpkg-source: warning: failed to verify signature on ./ratpoints_2.1.3-1.dsc
dpkg-source: info: extracting ratpoints in /<<PKGBUILDDIR>>
dpkg-source: info: unpacking ratpoints_2.1.3.orig.tar.gz
dpkg-source: info: unpacking ratpoints_2.1.3-1.debian.tar.xz
dpkg-source: info: applying automake.patch

Check disk space
----------------

Sufficient free space for build

User Environment
----------------

APT_CONFIG=/var/lib/sbuild/apt.conf
HOME=/sbuild-nonexistent
LANG=en_US.UTF-8
LC_ALL=POSIX
LOGNAME=user42
PATH=/usr/local/sbin:/usr/local/bin:/usr/sbin:/usr/bin:/sbin:/bin:/usr/games
SCHROOT_ALIAS_NAME=unstable-amd64-sbuild
SCHROOT_CHROOT_NAME=unstable-amd64-sbuild
SCHROOT_COMMAND=env
SCHROOT_GID=1001
SCHROOT_GROUP=user42
SCHROOT_SESSION_ID=unstable-amd64-sbuild-48818fdb-81de-4418-8918-29d03bcc0ea1
SCHROOT_UID=1001
SCHROOT_USER=user42
SHELL=/bin/sh
USER=user42

dpkg-buildpackage
-----------------

dpkg-buildpackage: info: source package ratpoints
dpkg-buildpackage: info: source version 1:2.1.3-1
dpkg-buildpackage: info: source distribution unstable
dpkg-buildpackage: info: source changed by Tobias Hansen <thansen@debian.org>
 dpkg-source --before-build ratpoints-2.1.3
dpkg-buildpackage: info: host architecture amd64
 fakeroot debian/rules clean
dh clean --parallel --with autoreconf
   dh_testdir -O--parallel
   dh_auto_clean -O--parallel
   dh_autoreconf_clean -O--parallel
   dh_clean -O--parallel
 debian/rules build-arch
dh build-arch --parallel --with autoreconf
   dh_testdir -a -O--parallel
   dh_update_autotools_config -a -O--parallel
   debian/rules override_dh_autoreconf
make[1]: Entering directory '/<<PKGBUILDDIR>>'
touch NEWS README AUTHORS ChangeLog
dh_autoreconf
libtoolize: putting auxiliary files in '.'.
libtoolize: copying file './ltmain.sh'
libtoolize: Consider adding 'AC_CONFIG_MACRO_DIRS([m4])' to configure.ac,
libtoolize: and rerunning libtoolize and aclocal.
libtoolize: Consider adding '-I m4' to ACLOCAL_AMFLAGS in Makefile.am.
configure.ac:14: installing './compile'
configure.ac:2: installing './config.guess'
configure.ac:2: installing './config.sub'
configure.ac:4: installing './install-sh'
configure.ac:4: installing './missing'
Makefile.am:1: warning: 'INCLUDES' is the old name for 'AM_CPPFLAGS' (or '*_CPPFLAGS')
Makefile.am: installing './INSTALL'
Makefile.am: installing './COPYING' using GNU General Public License v3 file
Makefile.am:     Consider adding the COPYING file to the version control system
Makefile.am:     for your code, to avoid questions about which license your project uses
Makefile.am:19: warning: source file '$(top_srcdir)/sift.c' is in a subdirectory,
Makefile.am:19: but option 'subdir-objects' is disabled
automake: warning: possible forward-incompatibility.
automake: At least a source file is in a subdirectory, but the 'subdir-objects'
automake: automake option hasn't been enabled.  For now, the corresponding output
automake: object file(s) will be placed in the top-level directory.  However,
automake: this behaviour will change in future Automake versions: they will
automake: unconditionally cause object files to be placed in the same subdirectory
automake: of the corresponding sources.
automake: You are advised to start using 'subdir-objects' option throughout your
automake: project, to avoid future incompatibilities.
Makefile.am:19: warning: source file '$(top_srcdir)/init.c' is in a subdirectory,
Makefile.am:19: but option 'subdir-objects' is disabled
Makefile.am:19: warning: source file '$(top_srcdir)/sturm.c' is in a subdirectory,
Makefile.am:19: but option 'subdir-objects' is disabled
Makefile.am:19: warning: source file '$(top_srcdir)/find_points.c' is in a subdirectory,
Makefile.am:19: but option 'subdir-objects' is disabled
Makefile.am:63: warning: source file '$(top_builddir)/gen_find_points_h.c' is in a subdirectory,
Makefile.am:63: but option 'subdir-objects' is disabled
Makefile.am:58: warning: source file '$(top_builddir)/gen_init_sieve_h.c' is in a subdirectory,
Makefile.am:58: but option 'subdir-objects' is disabled
Makefile.am:34: warning: source file '$(top_srcdir)/main.c' is in a subdirectory,
Makefile.am:34: but option 'subdir-objects' is disabled
Makefile.am:40: warning: source file '$(top_srcdir)/main.c' is in a subdirectory,
Makefile.am:40: but option 'subdir-objects' is disabled
Makefile.am:40: warning: source file '$(top_srcdir)/sift.c' is in a subdirectory,
Makefile.am:40: but option 'subdir-objects' is disabled
Makefile.am:40: warning: source file '$(top_srcdir)/init.c' is in a subdirectory,
Makefile.am:40: but option 'subdir-objects' is disabled
Makefile.am:40: warning: source file '$(top_srcdir)/sturm.c' is in a subdirectory,
Makefile.am:40: but option 'subdir-objects' is disabled
Makefile.am:40: warning: source file '$(top_srcdir)/find_points.c' is in a subdirectory,
Makefile.am:40: but option 'subdir-objects' is disabled
Makefile.am:68: warning: source file '$(top_builddir)/rptest.c' is in a subdirectory,
Makefile.am:68: but option 'subdir-objects' is disabled
Makefile.am: installing './depcomp'
rm -f NEWS README AUTHORS ChangeLog
make[1]: Leaving directory '/<<PKGBUILDDIR>>'
   debian/rules override_dh_auto_configure
make[1]: Entering directory '/<<PKGBUILDDIR>>'
dh_auto_configure -- --disable-silent-rules --with-gmp-headers=/usr/include/x86_64-linux-gnu
	./configure --build=x86_64-linux-gnu --prefix=/usr --includedir=\${prefix}/include --mandir=\${prefix}/share/man --infodir=\${prefix}/share/info --sysconfdir=/etc --localstatedir=/var --disable-silent-rules --libdir=\${prefix}/lib/x86_64-linux-gnu --libexecdir=\${prefix}/lib/x86_64-linux-gnu --disable-maintainer-mode --disable-dependency-tracking --disable-silent-rules --with-gmp-headers=/usr/include/x86_64-linux-gnu
configure: WARNING: unrecognized options: --disable-maintainer-mode
checking build system type... x86_64-pc-linux-gnu
checking host system type... x86_64-pc-linux-gnu
checking target system type... x86_64-pc-linux-gnu
checking for a BSD-compatible install... /usr/bin/install -c
checking whether build environment is sane... yes
checking for a thread-safe mkdir -p... /bin/mkdir -p
checking for gawk... no
checking for mawk... mawk
checking whether make sets $(MAKE)... yes
checking whether make supports nested variables... yes
configure: Configuring ratpoints...
checking whether make supports nested variables... (cached) yes
checking for style of include used by make... GNU
checking for gcc... gcc
checking whether the C compiler works... yes
checking for C compiler default output file name... a.out
checking for suffix of executables... 
checking whether we are cross compiling... no
checking for suffix of object files... o
checking whether we are using the GNU C compiler... yes
checking whether gcc accepts -g... yes
checking for gcc option to accept ISO C89... none needed
checking whether gcc understands -c and -o together... yes
checking dependency style of gcc... none
checking for gcc option to accept ISO C99... none needed
checking how to print strings... printf
checking for a sed that does not truncate output... /bin/sed
checking for grep that handles long lines and -e... /bin/grep
checking for egrep... /bin/grep -E
checking for fgrep... /bin/grep -F
checking for ld used by gcc... /usr/bin/ld
checking if the linker (/usr/bin/ld) is GNU ld... yes
checking for BSD- or MS-compatible name lister (nm)... /usr/bin/nm -B
checking the name lister (/usr/bin/nm -B) interface... BSD nm
checking whether ln -s works... yes
checking the maximum length of command line arguments... 1572864
checking how to convert x86_64-pc-linux-gnu file names to x86_64-pc-linux-gnu format... func_convert_file_noop
checking how to convert x86_64-pc-linux-gnu file names to toolchain format... func_convert_file_noop
checking for /usr/bin/ld option to reload object files... -r
checking for objdump... objdump
checking how to recognize dependent libraries... pass_all
checking for dlltool... no
checking how to associate runtime and link libraries... printf %s\n
checking for ar... ar
checking for archiver @FILE support... @
checking for strip... strip
checking for ranlib... ranlib
checking command to parse /usr/bin/nm -B output from gcc object... ok
checking for sysroot... no
checking for a working dd... /bin/dd
checking how to truncate binary pipes... /bin/dd bs=4096 count=1
checking for mt... no
checking if : is a manifest tool... no
checking how to run the C preprocessor... gcc -E
checking for ANSI C header files... yes
checking for sys/types.h... yes
checking for sys/stat.h... yes
checking for stdlib.h... yes
checking for string.h... yes
checking for memory.h... yes
checking for strings.h... yes
checking for inttypes.h... yes
checking for stdint.h... yes
checking for unistd.h... yes
checking for dlfcn.h... yes
checking for objdir... .libs
checking if gcc supports -fno-rtti -fno-exceptions... yes
checking for gcc option to produce PIC... -fPIC -DPIC
checking if gcc PIC flag -fPIC -DPIC works... yes
checking if gcc static flag -static works... yes
checking if gcc supports -c -o file.o... yes
checking if gcc supports -c -o file.o... (cached) yes
checking whether the gcc linker (/usr/bin/ld -m elf_x86_64) supports shared libraries... yes
checking whether -lc should be explicitly linked in... no
checking dynamic linker characteristics... GNU/Linux ld.so
checking how to hardcode library paths into programs... immediate
checking whether stripping libraries is possible... yes
checking if libtool supports shared libraries... yes
checking whether to build shared libraries... yes
checking whether to build static libraries... yes
checking for cos in -lm... yes
checking for GMP includes in /usr/include/x86_64-linux-gnu/... found
checking for __gmpz_init in -lgmp... yes
checking that generated files are newer than configure... done
configure: creating ./config.status
config.status: creating Makefile
config.status: executing depfiles commands
config.status: executing libtool commands
configure: WARNING: unrecognized options: --disable-maintainer-mode
make[1]: Leaving directory '/<<PKGBUILDDIR>>'
   dh_auto_build -a -O--parallel
	make -j16
make[1]: Entering directory '/<<PKGBUILDDIR>>'
gcc -DPACKAGE_NAME=\"ratpoints\" -DPACKAGE_TARNAME=\"ratpoints\" -DPACKAGE_VERSION=\"2.1.3\" -DPACKAGE_STRING=\"ratpoints\ 2.1.3\" -DPACKAGE_BUGREPORT=\"\" -DPACKAGE_URL=\"\" -DPACKAGE=\"ratpoints\" -DVERSION=\"2.1.3\" -DSTDC_HEADERS=1 -DHAVE_SYS_TYPES_H=1 -DHAVE_SYS_STAT_H=1 -DHAVE_STDLIB_H=1 -DHAVE_STRING_H=1 -DHAVE_MEMORY_H=1 -DHAVE_STRINGS_H=1 -DHAVE_INTTYPES_H=1 -DHAVE_STDINT_H=1 -DHAVE_UNISTD_H=1 -DHAVE_DLFCN_H=1 -DLT_OBJDIR=\".libs/\" -I. -I.  -Wdate-time -D_FORTIFY_SOURCE=2   -DRATPOINTS_MAX_BITS_IN_PRIME=7 -DUSE_SSE -g -O2 -fdebug-prefix-map=/<<PKGBUILDDIR>>=. -fstack-protector-strong -Wformat -Werror=format-security -Wall -O2 -fomit-frame-pointer -funroll-loops -c -o gen_find_points_h.o `test -f './gen_find_points_h.c' || echo './'`./gen_find_points_h.c
gcc -DPACKAGE_NAME=\"ratpoints\" -DPACKAGE_TARNAME=\"ratpoints\" -DPACKAGE_VERSION=\"2.1.3\" -DPACKAGE_STRING=\"ratpoints\ 2.1.3\" -DPACKAGE_BUGREPORT=\"\" -DPACKAGE_URL=\"\" -DPACKAGE=\"ratpoints\" -DVERSION=\"2.1.3\" -DSTDC_HEADERS=1 -DHAVE_SYS_TYPES_H=1 -DHAVE_SYS_STAT_H=1 -DHAVE_STDLIB_H=1 -DHAVE_STRING_H=1 -DHAVE_MEMORY_H=1 -DHAVE_STRINGS_H=1 -DHAVE_INTTYPES_H=1 -DHAVE_STDINT_H=1 -DHAVE_UNISTD_H=1 -DHAVE_DLFCN_H=1 -DLT_OBJDIR=\".libs/\" -I. -I.  -Wdate-time -D_FORTIFY_SOURCE=2   -DRATPOINTS_MAX_BITS_IN_PRIME=7 -DUSE_SSE -g -O2 -fdebug-prefix-map=/<<PKGBUILDDIR>>=. -fstack-protector-strong -Wformat -Werror=format-security -Wall -O2 -fomit-frame-pointer -funroll-loops -c -o gen_init_sieve_h.o `test -f './gen_init_sieve_h.c' || echo './'`./gen_init_sieve_h.c
./gen_find_points_h.c:100:52: warning: shifting a negative signed value is undefined [-Wshift-negative-value]
      { work[(p*i)>>LONG_SHIFT] &= ~(1UL<<((p*i) & LONG_MASK)); }
                                                   ^~~~~~~~~
./rp-private.h:39:25: note: expanded from macro 'LONG_MASK'
#define LONG_MASK (~(-1L<<LONG_SHIFT))
                     ~~~^
/bin/bash ./libtool  --tag=CC   --mode=link gcc   -DRATPOINTS_MAX_BITS_IN_PRIME=7 -DUSE_SSE -g -O2 -fdebug-prefix-map=/<<PKGBUILDDIR>>=. -fstack-protector-strong -Wformat -Werror=format-security -Wall -O2 -fomit-frame-pointer -funroll-loops  -Wl,-z,relro -o gen_init_sieve_h gen_init_sieve_h.o  
1 warning generated.
/bin/bash ./libtool  --tag=CC   --mode=link gcc   -DRATPOINTS_MAX_BITS_IN_PRIME=7 -DUSE_SSE -g -O2 -fdebug-prefix-map=/<<PKGBUILDDIR>>=. -fstack-protector-strong -Wformat -Werror=format-security -Wall -O2 -fomit-frame-pointer -funroll-loops  -Wl,-z,relro -o gen_find_points_h gen_find_points_h.o  
libtool: link: gcc -DRATPOINTS_MAX_BITS_IN_PRIME=7 -DUSE_SSE -g -O2 -fdebug-prefix-map=/<<PKGBUILDDIR>>=. -fstack-protector-strong -Wformat -Werror=format-security -Wall -O2 -fomit-frame-pointer -funroll-loops -Wl,-z -Wl,relro -o gen_init_sieve_h gen_init_sieve_h.o 
libtool: link: gcc -DRATPOINTS_MAX_BITS_IN_PRIME=7 -DUSE_SSE -g -O2 -fdebug-prefix-map=/<<PKGBUILDDIR>>=. -fstack-protector-strong -Wformat -Werror=format-security -Wall -O2 -fomit-frame-pointer -funroll-loops -Wl,-z -Wl,relro -o gen_find_points_h gen_find_points_h.o 
./gen_init_sieve_h > ./init_sieve.h
./gen_find_points_h > ./find_points.h
make  all-am
make[2]: Entering directory '/<<PKGBUILDDIR>>'
/bin/bash ./libtool  --tag=CC   --mode=compile gcc -DPACKAGE_NAME=\"ratpoints\" -DPACKAGE_TARNAME=\"ratpoints\" -DPACKAGE_VERSION=\"2.1.3\" -DPACKAGE_STRING=\"ratpoints\ 2.1.3\" -DPACKAGE_BUGREPORT=\"\" -DPACKAGE_URL=\"\" -DPACKAGE=\"ratpoints\" -DVERSION=\"2.1.3\" -DSTDC_HEADERS=1 -DHAVE_SYS_TYPES_H=1 -DHAVE_SYS_STAT_H=1 -DHAVE_STDLIB_H=1 -DHAVE_STRING_H=1 -DHAVE_MEMORY_H=1 -DHAVE_STRINGS_H=1 -DHAVE_INTTYPES_H=1 -DHAVE_STDINT_H=1 -DHAVE_UNISTD_H=1 -DHAVE_DLFCN_H=1 -DLT_OBJDIR=\".libs/\" -I. -I.  -Wdate-time -D_FORTIFY_SOURCE=2   -DRATPOINTS_MAX_BITS_IN_PRIME=7 -DUSE_SSE -g -O2 -fdebug-prefix-map=/<<PKGBUILDDIR>>=. -fstack-protector-strong -Wformat -Werror=format-security -Wall -O2 -fomit-frame-pointer -funroll-loops -c -o sift.lo `test -f './sift.c' || echo './'`./sift.c
/bin/bash ./libtool  --tag=CC   --mode=compile gcc -DPACKAGE_NAME=\"ratpoints\" -DPACKAGE_TARNAME=\"ratpoints\" -DPACKAGE_VERSION=\"2.1.3\" -DPACKAGE_STRING=\"ratpoints\ 2.1.3\" -DPACKAGE_BUGREPORT=\"\" -DPACKAGE_URL=\"\" -DPACKAGE=\"ratpoints\" -DVERSION=\"2.1.3\" -DSTDC_HEADERS=1 -DHAVE_SYS_TYPES_H=1 -DHAVE_SYS_STAT_H=1 -DHAVE_STDLIB_H=1 -DHAVE_STRING_H=1 -DHAVE_MEMORY_H=1 -DHAVE_STRINGS_H=1 -DHAVE_INTTYPES_H=1 -DHAVE_STDINT_H=1 -DHAVE_UNISTD_H=1 -DHAVE_DLFCN_H=1 -DLT_OBJDIR=\".libs/\" -I. -I.  -Wdate-time -D_FORTIFY_SOURCE=2   -DRATPOINTS_MAX_BITS_IN_PRIME=7 -DUSE_SSE -g -O2 -fdebug-prefix-map=/<<PKGBUILDDIR>>=. -fstack-protector-strong -Wformat -Werror=format-security -Wall -O2 -fomit-frame-pointer -funroll-loops -c -o init.lo `test -f './init.c' || echo './'`./init.c
/bin/bash ./libtool  --tag=CC   --mode=compile gcc -DPACKAGE_NAME=\"ratpoints\" -DPACKAGE_TARNAME=\"ratpoints\" -DPACKAGE_VERSION=\"2.1.3\" -DPACKAGE_STRING=\"ratpoints\ 2.1.3\" -DPACKAGE_BUGREPORT=\"\" -DPACKAGE_URL=\"\" -DPACKAGE=\"ratpoints\" -DVERSION=\"2.1.3\" -DSTDC_HEADERS=1 -DHAVE_SYS_TYPES_H=1 -DHAVE_SYS_STAT_H=1 -DHAVE_STDLIB_H=1 -DHAVE_STRING_H=1 -DHAVE_MEMORY_H=1 -DHAVE_STRINGS_H=1 -DHAVE_INTTYPES_H=1 -DHAVE_STDINT_H=1 -DHAVE_UNISTD_H=1 -DHAVE_DLFCN_H=1 -DLT_OBJDIR=\".libs/\" -I. -I.  -Wdate-time -D_FORTIFY_SOURCE=2   -DRATPOINTS_MAX_BITS_IN_PRIME=7 -DUSE_SSE -g -O2 -fdebug-prefix-map=/<<PKGBUILDDIR>>=. -fstack-protector-strong -Wformat -Werror=format-security -Wall -O2 -fomit-frame-pointer -funroll-loops -c -o sturm.lo `test -f './sturm.c' || echo './'`./sturm.c
/bin/bash ./libtool  --tag=CC   --mode=compile gcc -DPACKAGE_NAME=\"ratpoints\" -DPACKAGE_TARNAME=\"ratpoints\" -DPACKAGE_VERSION=\"2.1.3\" -DPACKAGE_STRING=\"ratpoints\ 2.1.3\" -DPACKAGE_BUGREPORT=\"\" -DPACKAGE_URL=\"\" -DPACKAGE=\"ratpoints\" -DVERSION=\"2.1.3\" -DSTDC_HEADERS=1 -DHAVE_SYS_TYPES_H=1 -DHAVE_SYS_STAT_H=1 -DHAVE_STDLIB_H=1 -DHAVE_STRING_H=1 -DHAVE_MEMORY_H=1 -DHAVE_STRINGS_H=1 -DHAVE_INTTYPES_H=1 -DHAVE_STDINT_H=1 -DHAVE_UNISTD_H=1 -DHAVE_DLFCN_H=1 -DLT_OBJDIR=\".libs/\" -I. -I.  -Wdate-time -D_FORTIFY_SOURCE=2   -DRATPOINTS_MAX_BITS_IN_PRIME=7 -DUSE_SSE -g -O2 -fdebug-prefix-map=/<<PKGBUILDDIR>>=. -fstack-protector-strong -Wformat -Werror=format-security -Wall -O2 -fomit-frame-pointer -funroll-loops -c -o find_points.lo `test -f './find_points.c' || echo './'`./find_points.c
gcc -DPACKAGE_NAME=\"ratpoints\" -DPACKAGE_TARNAME=\"ratpoints\" -DPACKAGE_VERSION=\"2.1.3\" -DPACKAGE_STRING=\"ratpoints\ 2.1.3\" -DPACKAGE_BUGREPORT=\"\" -DPACKAGE_URL=\"\" -DPACKAGE=\"ratpoints\" -DVERSION=\"2.1.3\" -DSTDC_HEADERS=1 -DHAVE_SYS_TYPES_H=1 -DHAVE_SYS_STAT_H=1 -DHAVE_STDLIB_H=1 -DHAVE_STRING_H=1 -DHAVE_MEMORY_H=1 -DHAVE_STRINGS_H=1 -DHAVE_INTTYPES_H=1 -DHAVE_STDINT_H=1 -DHAVE_UNISTD_H=1 -DHAVE_DLFCN_H=1 -DLT_OBJDIR=\".libs/\" -I. -I.  -Wdate-time -D_FORTIFY_SOURCE=2   -DRATPOINTS_MAX_BITS_IN_PRIME=7 -DUSE_SSE -g -O2 -fdebug-prefix-map=/<<PKGBUILDDIR>>=. -fstack-protector-strong -Wformat -Werror=format-security -Wall -O2 -fomit-frame-pointer -funroll-loops -c -o main.o `test -f './main.c' || echo './'`./main.c
gcc -DPACKAGE_NAME=\"ratpoints\" -DPACKAGE_TARNAME=\"ratpoints\" -DPACKAGE_VERSION=\"2.1.3\" -DPACKAGE_STRING=\"ratpoints\ 2.1.3\" -DPACKAGE_BUGREPORT=\"\" -DPACKAGE_URL=\"\" -DPACKAGE=\"ratpoints\" -DVERSION=\"2.1.3\" -DSTDC_HEADERS=1 -DHAVE_SYS_TYPES_H=1 -DHAVE_SYS_STAT_H=1 -DHAVE_STDLIB_H=1 -DHAVE_STRING_H=1 -DHAVE_MEMORY_H=1 -DHAVE_STRINGS_H=1 -DHAVE_INTTYPES_H=1 -DHAVE_STDINT_H=1 -DHAVE_UNISTD_H=1 -DHAVE_DLFCN_H=1 -DLT_OBJDIR=\".libs/\" -I. -I.  -Wdate-time -D_FORTIFY_SOURCE=2 -DDEBUG -g -O2 -fdebug-prefix-map=/<<PKGBUILDDIR>>=. -fstack-protector-strong -Wformat -Werror=format-security -Wall -O2 -fomit-frame-pointer -funroll-loops -c -o ratpoints_debug-main.o `test -f './main.c' || echo './'`./main.c
gcc -DPACKAGE_NAME=\"ratpoints\" -DPACKAGE_TARNAME=\"ratpoints\" -DPACKAGE_VERSION=\"2.1.3\" -DPACKAGE_STRING=\"ratpoints\ 2.1.3\" -DPACKAGE_BUGREPORT=\"\" -DPACKAGE_URL=\"\" -DPACKAGE=\"ratpoints\" -DVERSION=\"2.1.3\" -DSTDC_HEADERS=1 -DHAVE_SYS_TYPES_H=1 -DHAVE_SYS_STAT_H=1 -DHAVE_STDLIB_H=1 -DHAVE_STRING_H=1 -DHAVE_MEMORY_H=1 -DHAVE_STRINGS_H=1 -DHAVE_INTTYPES_H=1 -DHAVE_STDINT_H=1 -DHAVE_UNISTD_H=1 -DHAVE_DLFCN_H=1 -DLT_OBJDIR=\".libs/\" -I. -I.  -Wdate-time -D_FORTIFY_SOURCE=2 -DDEBUG -g -O2 -fdebug-prefix-map=/<<PKGBUILDDIR>>=. -fstack-protector-strong -Wformat -Werror=format-security -Wall -O2 -fomit-frame-pointer -funroll-loops -c -o ratpoints_debug-sift.o `test -f './sift.c' || echo './'`./sift.c
gcc -DPACKAGE_NAME=\"ratpoints\" -DPACKAGE_TARNAME=\"ratpoints\" -DPACKAGE_VERSION=\"2.1.3\" -DPACKAGE_STRING=\"ratpoints\ 2.1.3\" -DPACKAGE_BUGREPORT=\"\" -DPACKAGE_URL=\"\" -DPACKAGE=\"ratpoints\" -DVERSION=\"2.1.3\" -DSTDC_HEADERS=1 -DHAVE_SYS_TYPES_H=1 -DHAVE_SYS_STAT_H=1 -DHAVE_STDLIB_H=1 -DHAVE_STRING_H=1 -DHAVE_MEMORY_H=1 -DHAVE_STRINGS_H=1 -DHAVE_INTTYPES_H=1 -DHAVE_STDINT_H=1 -DHAVE_UNISTD_H=1 -DHAVE_DLFCN_H=1 -DLT_OBJDIR=\".libs/\" -I. -I.  -Wdate-time -D_FORTIFY_SOURCE=2 -DDEBUG -g -O2 -fdebug-prefix-map=/<<PKGBUILDDIR>>=. -fstack-protector-strong -Wformat -Werror=format-security -Wall -O2 -fomit-frame-pointer -funroll-loops -c -o ratpoints_debug-init.o `test -f './init.c' || echo './'`./init.c
gcc -DPACKAGE_NAME=\"ratpoints\" -DPACKAGE_TARNAME=\"ratpoints\" -DPACKAGE_VERSION=\"2.1.3\" -DPACKAGE_STRING=\"ratpoints\ 2.1.3\" -DPACKAGE_BUGREPORT=\"\" -DPACKAGE_URL=\"\" -DPACKAGE=\"ratpoints\" -DVERSION=\"2.1.3\" -DSTDC_HEADERS=1 -DHAVE_SYS_TYPES_H=1 -DHAVE_SYS_STAT_H=1 -DHAVE_STDLIB_H=1 -DHAVE_STRING_H=1 -DHAVE_MEMORY_H=1 -DHAVE_STRINGS_H=1 -DHAVE_INTTYPES_H=1 -DHAVE_STDINT_H=1 -DHAVE_UNISTD_H=1 -DHAVE_DLFCN_H=1 -DLT_OBJDIR=\".libs/\" -I. -I.  -Wdate-time -D_FORTIFY_SOURCE=2 -DDEBUG -g -O2 -fdebug-prefix-map=/<<PKGBUILDDIR>>=. -fstack-protector-strong -Wformat -Werror=format-security -Wall -O2 -fomit-frame-pointer -funroll-loops -c -o ratpoints_debug-sturm.o `test -f './sturm.c' || echo './'`./sturm.c
gcc -DPACKAGE_NAME=\"ratpoints\" -DPACKAGE_TARNAME=\"ratpoints\" -DPACKAGE_VERSION=\"2.1.3\" -DPACKAGE_STRING=\"ratpoints\ 2.1.3\" -DPACKAGE_BUGREPORT=\"\" -DPACKAGE_URL=\"\" -DPACKAGE=\"ratpoints\" -DVERSION=\"2.1.3\" -DSTDC_HEADERS=1 -DHAVE_SYS_TYPES_H=1 -DHAVE_SYS_STAT_H=1 -DHAVE_STDLIB_H=1 -DHAVE_STRING_H=1 -DHAVE_MEMORY_H=1 -DHAVE_STRINGS_H=1 -DHAVE_INTTYPES_H=1 -DHAVE_STDINT_H=1 -DHAVE_UNISTD_H=1 -DHAVE_DLFCN_H=1 -DLT_OBJDIR=\".libs/\" -I. -I.  -Wdate-time -D_FORTIFY_SOURCE=2 -DDEBUG -g -O2 -fdebug-prefix-map=/<<PKGBUILDDIR>>=. -fstack-protector-strong -Wformat -Werror=format-security -Wall -O2 -fomit-frame-pointer -funroll-loops -c -o ratpoints_debug-find_points.o `test -f './find_points.c' || echo './'`./find_points.c
gcc -DPACKAGE_NAME=\"ratpoints\" -DPACKAGE_TARNAME=\"ratpoints\" -DPACKAGE_VERSION=\"2.1.3\" -DPACKAGE_STRING=\"ratpoints\ 2.1.3\" -DPACKAGE_BUGREPORT=\"\" -DPACKAGE_URL=\"\" -DPACKAGE=\"ratpoints\" -DVERSION=\"2.1.3\" -DSTDC_HEADERS=1 -DHAVE_SYS_TYPES_H=1 -DHAVE_SYS_STAT_H=1 -DHAVE_STDLIB_H=1 -DHAVE_STRING_H=1 -DHAVE_MEMORY_H=1 -DHAVE_STRINGS_H=1 -DHAVE_INTTYPES_H=1 -DHAVE_STDINT_H=1 -DHAVE_UNISTD_H=1 -DHAVE_DLFCN_H=1 -DLT_OBJDIR=\".libs/\" -I. -I.  -Wdate-time -D_FORTIFY_SOURCE=2   -DRATPOINTS_MAX_BITS_IN_PRIME=7 -DUSE_SSE -g -O2 -fdebug-prefix-map=/<<PKGBUILDDIR>>=. -fstack-protector-strong -Wformat -Werror=format-security -Wall -O2 -fomit-frame-pointer -funroll-loops -c -o rptest.o `test -f './rptest.c' || echo './'`./rptest.c
./sturm.c:176:5: error: function definition is not allowed here
    { /* nl/2^del, nr/2^der : interval left/right endpoints,
    ^
./sturm.c:235:5: warning: implicit declaration of function 'iterate' is invalid in C99 [-Wimplicit-function-declaration]
    iterate(min, max, 0, 0, count2, count1, 
    ^
1 warning and 1 error generated.
Makefile:774: recipe for target 'ratpoints_debug-sturm.o' failed
make[2]: *** [ratpoints_debug-sturm.o] Error 1
make[2]: *** Waiting for unfinished jobs....
In file included from ./init.c:302:
./init_sieve.h:1:1: warning: shifting a negative signed value is undefined [-Wshift-negative-value]
CODE_INIT_SIEVE1(3)
^~~~~~~~~~~~~~~~~~~
./init.c:181:26: note: expanded from macro 'CODE_INIT_SIEVE1'
  long diff_shift = p1 & LONG_MASK; \
                         ^~~~~~~~~
./rp-private.h:39:25: note: expanded from macro 'LONG_MASK'
#define LONG_MASK (~(-1L<<LONG_SHIFT))
                     ~~~^
In file included from ./init.c:302:
./init_sieve.h:2:1: warning: shifting a negative signed value is undefined [-Wshift-negative-value]
CODE_INIT_SIEVE1(5)
^~~~~~~~~~~~~~~~~~~
./init.c:181:26: note: expanded from macro 'CODE_INIT_SIEVE1'
  long diff_shift = p1 & LONG_MASK; \
                         ^~~~~~~~~
./rp-private.h:39:25: note: expanded from macro 'LONG_MASK'
#define LONG_MASK (~(-1L<<LONG_SHIFT))
                     ~~~^
In file included from ./init.c:302:
./init_sieve.h:3:1: warning: shifting a negative signed value is undefined [-Wshift-negative-value]
CODE_INIT_SIEVE1(7)
^~~~~~~~~~~~~~~~~~~
./init.c:181:26: note: expanded from macro 'CODE_INIT_SIEVE1'
  long diff_shift = p1 & LONG_MASK; \
                         ^~~~~~~~~
./rp-private.h:39:25: note: expanded from macro 'LONG_MASK'
#define LONG_MASK (~(-1L<<LONG_SHIFT))
                     ~~~^
In file included from ./init.c:302:
./init_sieve.h:4:1: warning: shifting a negative signed value is undefined [-Wshift-negative-value]
CODE_INIT_SIEVE1(11)
^~~~~~~~~~~~~~~~~~~~
./init.c:181:26: note: expanded from macro 'CODE_INIT_SIEVE1'
  long diff_shift = p1 & LONG_MASK; \
                         ^~~~~~~~~
./rp-private.h:39:25: note: expanded from macro 'LONG_MASK'
#define LONG_MASK (~(-1L<<LONG_SHIFT))
                     ~~~^
In file included from ./init.c:302:
./init_sieve.h:5:1: warning: shifting a negative signed value is undefined [-Wshift-negative-value]
CODE_INIT_SIEVE1(13)
^~~~~~~~~~~~~~~~~~~~
./init.c:181:26: note: expanded from macro 'CODE_INIT_SIEVE1'
  long diff_shift = p1 & LONG_MASK; \
                         ^~~~~~~~~
./rp-private.h:39:25: note: expanded from macro 'LONG_MASK'
#define LONG_MASK (~(-1L<<LONG_SHIFT))
                     ~~~^
In file included from ./init.c:302:
./init_sieve.h:6:1: warning: shifting a negative signed value is undefined [-Wshift-negative-value]
CODE_INIT_SIEVE1(17)
^~~~~~~~~~~~~~~~~~~~
./init.c:181:26: note: expanded from macro 'CODE_INIT_SIEVE1'
  long diff_shift = p1 & LONG_MASK; \
                         ^~~~~~~~~
./rp-private.h:39:25: note: expanded from macro 'LONG_MASK'
#define LONG_MASK (~(-1L<<LONG_SHIFT))
                     ~~~^
In file included from ./init.c:302:
./init_sieve.h:7:1: warning: shifting a negative signed value is undefined [-Wshift-negative-value]
CODE_INIT_SIEVE1(19)
^~~~~~~~~~~~~~~~~~~~
./init.c:181:26: note: expanded from macro 'CODE_INIT_SIEVE1'
  long diff_shift = p1 & LONG_MASK; \
                         ^~~~~~~~~
./rp-private.h:39:25: note: expanded from macro 'LONG_MASK'
#define LONG_MASK (~(-1L<<LONG_SHIFT))
                     ~~~^
In file included from ./init.c:302:
./init_sieve.h:8:1: warning: shifting a negative signed value is undefined [-Wshift-negative-value]
CODE_INIT_SIEVE1(23)
^~~~~~~~~~~~~~~~~~~~
./init.c:181:26: note: expanded from macro 'CODE_INIT_SIEVE1'
  long diff_shift = p1 & LONG_MASK; \
                         ^~~~~~~~~
./rp-private.h:39:25: note: expanded from macro 'LONG_MASK'
#define LONG_MASK (~(-1L<<LONG_SHIFT))
                     ~~~^
In file included from ./init.c:302:
./init_sieve.h:9:1: warning: shifting a negative signed value is undefined [-Wshift-negative-value]
CODE_INIT_SIEVE1(29)
^~~~~~~~~~~~~~~~~~~~
./init.c:181:26: note: expanded from macro 'CODE_INIT_SIEVE1'
  long diff_shift = p1 & LONG_MASK; \
                         ^~~~~~~~~
./rp-private.h:39:25: note: expanded from macro 'LONG_MASK'
#define LONG_MASK (~(-1L<<LONG_SHIFT))
                     ~~~^
In file included from ./init.c:302:
./init_sieve.h:10:1: warning: shifting a negative signed value is undefined [-Wshift-negative-value]
CODE_INIT_SIEVE1(31)
^~~~~~~~~~~~~~~~~~~~
./init.c:181:26: note: expanded from macro 'CODE_INIT_SIEVE1'
  long diff_shift = p1 & LONG_MASK; \
                         ^~~~~~~~~
./rp-private.h:39:25: note: expanded from macro 'LONG_MASK'
#define LONG_MASK (~(-1L<<LONG_SHIFT))
                     ~~~^
In file included from ./init.c:302:
./init_sieve.h:11:1: warning: shifting a negative signed value is undefined [-Wshift-negative-value]
CODE_INIT_SIEVE1(37)
^~~~~~~~~~~~~~~~~~~~
./init.c:181:26: note: expanded from macro 'CODE_INIT_SIEVE1'
  long diff_shift = p1 & LONG_MASK; \
                         ^~~~~~~~~
./rp-private.h:39:25: note: expanded from macro 'LONG_MASK'
#define LONG_MASK (~(-1L<<LONG_SHIFT))
                     ~~~^
In file included from ./init.c:302:
./init_sieve.h:12:1: warning: shifting a negative signed value is undefined [-Wshift-negative-value]
CODE_INIT_SIEVE1(41)
^~~~~~~~~~~~~~~~~~~~
./init.c:181:26: note: expanded from macro 'CODE_INIT_SIEVE1'
  long diff_shift = p1 & LONG_MASK; \
                         ^~~~~~~~~
./rp-private.h:39:25: note: expanded from macro 'LONG_MASK'
#define LONG_MASK (~(-1L<<LONG_SHIFT))
                     ~~~^
In file included from ./init.c:302:
./init_sieve.h:13:1: warning: shifting a negative signed value is undefined [-Wshift-negative-value]
CODE_INIT_SIEVE1(43)
^~~~~~~~~~~~~~~~~~~~
./init.c:181:26: note: expanded from macro 'CODE_INIT_SIEVE1'
  long diff_shift = p1 & LONG_MASK; \
                         ^~~~~~~~~
./rp-private.h:39:25: note: expanded from macro 'LONG_MASK'
#define LONG_MASK (~(-1L<<LONG_SHIFT))
                     ~~~^
In file included from ./init.c:302:
./init_sieve.h:14:1: warning: shifting a negative signed value is undefined [-Wshift-negative-value]
CODE_INIT_SIEVE1(47)
^~~~~~~~~~~~~~~~~~~~
./init.c:181:26: note: expanded from macro 'CODE_INIT_SIEVE1'
  long diff_shift = p1 & LONG_MASK; \
                         ^~~~~~~~~
./rp-private.h:39:25: note: expanded from macro 'LONG_MASK'
#define LONG_MASK (~(-1L<<LONG_SHIFT))
                     ~~~^
In file included from ./init.c:302:
./init_sieve.h:15:1: warning: shifting a negative signed value is undefined [-Wshift-negative-value]
CODE_INIT_SIEVE1(53)
^~~~~~~~~~~~~~~~~~~~
./init.c:181:26: note: expanded from macro 'CODE_INIT_SIEVE1'
  long diff_shift = p1 & LONG_MASK; \
                         ^~~~~~~~~
./rp-private.h:39:25: note: expanded from macro 'LONG_MASK'
#define LONG_MASK (~(-1L<<LONG_SHIFT))
                     ~~~^
In file included from ./init.c:302:
./init_sieve.h:16:1: warning: shifting a negative signed value is undefined [-Wshift-negative-value]
CODE_INIT_SIEVE1(59)
^~~~~~~~~~~~~~~~~~~~
./init.c:181:26: note: expanded from macro 'CODE_INIT_SIEVE1'
  long diff_shift = p1 & LONG_MASK; \
                         ^~~~~~~~~
./rp-private.h:39:25: note: expanded from macro 'LONG_MASK'
#define LONG_MASK (~(-1L<<LONG_SHIFT))
                     ~~~^
In file included from ./init.c:302:
./init_sieve.h:17:1: warning: shifting a negative signed value is undefined [-Wshift-negative-value]
CODE_INIT_SIEVE1(61)
^~~~~~~~~~~~~~~~~~~~
./init.c:181:26: note: expanded from macro 'CODE_INIT_SIEVE1'
  long diff_shift = p1 & LONG_MASK; \
                         ^~~~~~~~~
./rp-private.h:39:25: note: expanded from macro 'LONG_MASK'
#define LONG_MASK (~(-1L<<LONG_SHIFT))
                     ~~~^
In file included from ./init.c:302:
./init_sieve.h:18:1: warning: shifting a negative signed value is undefined [-Wshift-negative-value]
CODE_INIT_SIEVE2(67)
^~~~~~~~~~~~~~~~~~~~
./init.c:249:25: note: expanded from macro 'CODE_INIT_SIEVE2'
  long diff_shift = p & LONG_MASK; \
                        ^~~~~~~~~
./rp-private.h:39:25: note: expanded from macro 'LONG_MASK'
#define LONG_MASK (~(-1L<<LONG_SHIFT))
                     ~~~^
In file included from ./init.c:302:
./init_sieve.h:18:1: warning: shifting a negative signed value is undefined [-Wshift-negative-value]
CODE_INIT_SIEVE2(67)
^~~~~~~~~~~~~~~~~~~~
./init.c:270:15: note: expanded from macro 'CODE_INIT_SIEVE2'
      if((a & LONG_MASK) == 0) \
              ^~~~~~~~~
./rp-private.h:39:25: note: expanded from macro 'LONG_MASK'
#define LONG_MASK (~(-1L<<LONG_SHIFT))
                     ~~~^
In file included from ./init.c:302:
./init_sieve.h:19:1: warning: shifting a negative signed value is undefined [-Wshift-negative-value]
CODE_INIT_SIEVE2(71)
^~~~~~~~~~~~~~~~~~~~
./init.c:249:25: note: expanded from macro 'CODE_INIT_SIEVE2'
  long diff_shift = p & LONG_MASK; \
                        ^~~~~~~~~
./rp-private.h:39:25: note: expanded from macro 'LONG_MASK'
#define LONG_MASK (~(-1L<<LONG_SHIFT))
                     ~~~^
In file included from ./init.c:302:
./init_sieve.h:19:1: warning: shifting a negative signed value is undefined [-Wshift-negative-value]
CODE_INIT_SIEVE2(71)
^~~~~~~~~~~~~~~~~~~~
./init.c:270:15: note: expanded from macro 'CODE_INIT_SIEVE2'
      if((a & LONG_MASK) == 0) \
              ^~~~~~~~~
./rp-private.h:39:25: note: expanded from macro 'LONG_MASK'
#define LONG_MASK (~(-1L<<LONG_SHIFT))
                     ~~~^
In file included from ./init.c:302:
./init_sieve.h:20:1: warning: shifting a negative signed value is undefined [-Wshift-negative-value]
CODE_INIT_SIEVE2(73)
^~~~~~~~~~~~~~~~~~~~
./init.c:249:25: note: expanded from macro 'CODE_INIT_SIEVE2'
  long diff_shift = p & LONG_MASK; \
                        ^~~~~~~~~
./rp-private.h:39:25: note: expanded from macro 'LONG_MASK'
#define LONG_MASK (~(-1L<<LONG_SHIFT))
                     ~~~^
In file included from ./init.c:302:
./init_sieve.h:20:1: warning: shifting a negative signed value is undefined [-Wshift-negative-value]
CODE_INIT_SIEVE2(73)
^~~~~~~~~~~~~~~~~~~~
./init.c:270:15: note: expanded from macro 'CODE_INIT_SIEVE2'
      if((a & LONG_MASK) == 0) \
              ^~~~~~~~~
./rp-private.h:39:25: note: expanded from macro 'LONG_MASK'
#define LONG_MASK (~(-1L<<LONG_SHIFT))
                     ~~~^
In file included from ./init.c:302:
./init_sieve.h:21:1: warning: shifting a negative signed value is undefined [-Wshift-negative-value]
CODE_INIT_SIEVE2(79)
^~~~~~~~~~~~~~~~~~~~
./init.c:249:25: note: expanded from macro 'CODE_INIT_SIEVE2'
  long diff_shift = p & LONG_MASK; \
                        ^~~~~~~~~
./rp-private.h:39:25: note: expanded from macro 'LONG_MASK'
#define LONG_MASK (~(-1L<<LONG_SHIFT))
                     ~~~^
In file included from ./init.c:302:
./init_sieve.h:21:1: warning: shifting a negative signed value is undefined [-Wshift-negative-value]
CODE_INIT_SIEVE2(79)
^~~~~~~~~~~~~~~~~~~~
./init.c:270:15: note: expanded from macro 'CODE_INIT_SIEVE2'
      if((a & LONG_MASK) == 0) \
              ^~~~~~~~~
./rp-private.h:39:25: note: expanded from macro 'LONG_MASK'
#define LONG_MASK (~(-1L<<LONG_SHIFT))
                     ~~~^
In file included from ./init.c:302:
./init_sieve.h:22:1: warning: shifting a negative signed value is undefined [-Wshift-negative-value]
CODE_INIT_SIEVE2(83)
^~~~~~~~~~~~~~~~~~~~
./init.c:249:25: note: expanded from macro 'CODE_INIT_SIEVE2'
  long diff_shift = p & LONG_MASK; \
                        ^~~~~~~~~
./rp-private.h:39:25: note: expanded from macro 'LONG_MASK'
#define LONG_MASK (~(-1L<<LONG_SHIFT))
                     ~~~^
In file included from ./init.c:302:
./init_sieve.h:22:1: warning: shifting a negative signed value is undefined [-Wshift-negative-value]
CODE_INIT_SIEVE2(83)
^~~~~~~~~~~~~~~~~~~~
./init.c:270:15: note: expanded from macro 'CODE_INIT_SIEVE2'
      if((a & LONG_MASK) == 0) \
              ^~~~~~~~~
./rp-private.h:39:25: note: expanded from macro 'LONG_MASK'
#define LONG_MASK (~(-1L<<LONG_SHIFT))
                     ~~~^
In file included from ./init.c:302:
./init_sieve.h:23:1: warning: shifting a negative signed value is undefined [-Wshift-negative-value]
CODE_INIT_SIEVE2(89)
^~~~~~~~~~~~~~~~~~~~
./init.c:249:25: note: expanded from macro 'CODE_INIT_SIEVE2'
  long diff_shift = p & LONG_MASK; \
                        ^~~~~~~~~
./rp-private.h:39:25: note: expanded from macro 'LONG_MASK'
#define LONG_MASK (~(-1L<<LONG_SHIFT))
                     ~~~^
In file included from ./init.c:302:
./init_sieve.h:23:1: warning: shifting a negative signed value is undefined [-Wshift-negative-value]
CODE_INIT_SIEVE2(89)
^~~~~~~~~~~~~~~~~~~~
./init.c:270:15: note: expanded from macro 'CODE_INIT_SIEVE2'
      if((a & LONG_MASK) == 0) \
              ^~~~~~~~~
./rp-private.h:39:25: note: expanded from macro 'LONG_MASK'
#define LONG_MASK (~(-1L<<LONG_SHIFT))
                     ~~~^
In file included from ./init.c:302:
./init_sieve.h:24:1: warning: shifting a negative signed value is undefined [-Wshift-negative-value]
CODE_INIT_SIEVE2(97)
^~~~~~~~~~~~~~~~~~~~
./init.c:249:25: note: expanded from macro 'CODE_INIT_SIEVE2'
  long diff_shift = p & LONG_MASK; \
                        ^~~~~~~~~
./rp-private.h:39:25: note: expanded from macro 'LONG_MASK'
#define LONG_MASK (~(-1L<<LONG_SHIFT))
                     ~~~^
In file included from ./init.c:302:
./init_sieve.h:24:1: warning: shifting a negative signed value is undefined [-Wshift-negative-value]
CODE_INIT_SIEVE2(97)
^~~~~~~~~~~~~~~~~~~~
./init.c:270:15: note: expanded from macro 'CODE_INIT_SIEVE2'
      if((a & LONG_MASK) == 0) \
              ^~~~~~~~~
./rp-private.h:39:25: note: expanded from macro 'LONG_MASK'
#define LONG_MASK (~(-1L<<LONG_SHIFT))
                     ~~~^
In file included from ./init.c:302:
./init_sieve.h:25:1: warning: shifting a negative signed value is undefined [-Wshift-negative-value]
CODE_INIT_SIEVE2(101)
^~~~~~~~~~~~~~~~~~~~~
./init.c:249:25: note: expanded from macro 'CODE_INIT_SIEVE2'
  long diff_shift = p & LONG_MASK; \
                        ^~~~~~~~~
./rp-private.h:39:25: note: expanded from macro 'LONG_MASK'
#define LONG_MASK (~(-1L<<LONG_SHIFT))
                     ~~~^
In file included from ./init.c:302:
./init_sieve.h:25:1: warning: shifting a negative signed value is undefined [-Wshift-negative-value]
CODE_INIT_SIEVE2(101)
^~~~~~~~~~~~~~~~~~~~~
./init.c:270:15: note: expanded from macro 'CODE_INIT_SIEVE2'
      if((a & LONG_MASK) == 0) \
              ^~~~~~~~~
./rp-private.h:39:25: note: expanded from macro 'LONG_MASK'
#define LONG_MASK (~(-1L<<LONG_SHIFT))
                     ~~~^
In file included from ./init.c:302:
./init_sieve.h:26:1: warning: shifting a negative signed value is undefined [-Wshift-negative-value]
CODE_INIT_SIEVE2(103)
^~~~~~~~~~~~~~~~~~~~~
./init.c:249:25: note: expanded from macro 'CODE_INIT_SIEVE2'
  long diff_shift = p & LONG_MASK; \
                        ^~~~~~~~~
./rp-private.h:39:25: note: expanded from macro 'LONG_MASK'
#define LONG_MASK (~(-1L<<LONG_SHIFT))
                     ~~~^
In file included from ./init.c:302:
./init_sieve.h:26:1: warning: shifting a negative signed value is undefined [-Wshift-negative-value]
CODE_INIT_SIEVE2(103)
^~~~~~~~~~~~~~~~~~~~~
./init.c:270:15: note: expanded from macro 'CODE_INIT_SIEVE2'
      if((a & LONG_MASK) == 0) \
              ^~~~~~~~~
./rp-private.h:39:25: note: expanded from macro 'LONG_MASK'
#define LONG_MASK (~(-1L<<LONG_SHIFT))
                     ~~~^
In file included from ./init.c:302:
./init_sieve.h:27:1: warning: shifting a negative signed value is undefined [-Wshift-negative-value]
CODE_INIT_SIEVE2(107)
^~~~~~~~~~~~~~~~~~~~~
./init.c:249:25: note: expanded from macro 'CODE_INIT_SIEVE2'
  long diff_shift = p & LONG_MASK; \
                        ^~~~~~~~~
./rp-private.h:39:25: note: expanded from macro 'LONG_MASK'
#define LONG_MASK (~(-1L<<LONG_SHIFT))
                     ~~~^
In file included from ./init.c:302:
./init_sieve.h:27:1: warning: shifting a negative signed value is undefined [-Wshift-negative-value]
CODE_INIT_SIEVE2(107)
^~~~~~~~~~~~~~~~~~~~~
./init.c:270:15: note: expanded from macro 'CODE_INIT_SIEVE2'
      if((a & LONG_MASK) == 0) \
              ^~~~~~~~~
./rp-private.h:39:25: note: expanded from macro 'LONG_MASK'
#define LONG_MASK (~(-1L<<LONG_SHIFT))
                     ~~~^
In file included from ./init.c:302:
./init_sieve.h:28:1: warning: shifting a negative signed value is undefined [-Wshift-negative-value]
CODE_INIT_SIEVE2(109)
^~~~~~~~~~~~~~~~~~~~~
./init.c:249:25: note: expanded from macro 'CODE_INIT_SIEVE2'
  long diff_shift = p & LONG_MASK; \
                        ^~~~~~~~~
./rp-private.h:39:25: note: expanded from macro 'LONG_MASK'
#define LONG_MASK (~(-1L<<LONG_SHIFT))
                     ~~~^
In file included from ./init.c:302:
./init_sieve.h:28:1: warning: shifting a negative signed value is undefined [-Wshift-negative-value]
CODE_INIT_SIEVE2(109)
^~~~~~~~~~~~~~~~~~~~~
./init.c:270:15: note: expanded from macro 'CODE_INIT_SIEVE2'
      if((a & LONG_MASK) == 0) \
              ^~~~~~~~~
./rp-private.h:39:25: note: expanded from macro 'LONG_MASK'
#define LONG_MASK (~(-1L<<LONG_SHIFT))
                     ~~~^
In file included from ./init.c:302:
./init_sieve.h:29:1: warning: shifting a negative signed value is undefined [-Wshift-negative-value]
CODE_INIT_SIEVE2(113)
^~~~~~~~~~~~~~~~~~~~~
./init.c:249:25: note: expanded from macro 'CODE_INIT_SIEVE2'
  long diff_shift = p & LONG_MASK; \
                        ^~~~~~~~~
./rp-private.h:39:25: note: expanded from macro 'LONG_MASK'
#define LONG_MASK (~(-1L<<LONG_SHIFT))
                     ~~~^
In file included from ./init.c:302:
./init_sieve.h:29:1: warning: shifting a negative signed value is undefined [-Wshift-negative-value]
CODE_INIT_SIEVE2(113)
^~~~~~~~~~~~~~~~~~~~~
./init.c:270:15: note: expanded from macro 'CODE_INIT_SIEVE2'
      if((a & LONG_MASK) == 0) \
              ^~~~~~~~~
./rp-private.h:39:25: note: expanded from macro 'LONG_MASK'
#define LONG_MASK (~(-1L<<LONG_SHIFT))
                     ~~~^
In file included from ./init.c:302:
./init_sieve.h:30:1: warning: shifting a negative signed value is undefined [-Wshift-negative-value]
CODE_INIT_SIEVE2(127)
^~~~~~~~~~~~~~~~~~~~~
./init.c:249:25: note: expanded from macro 'CODE_INIT_SIEVE2'
  long diff_shift = p & LONG_MASK; \
                        ^~~~~~~~~
./rp-private.h:39:25: note: expanded from macro 'LONG_MASK'
#define LONG_MASK (~(-1L<<LONG_SHIFT))
                     ~~~^
In file included from ./init.c:302:
./init_sieve.h:30:1: warning: shifting a negative signed value is undefined [-Wshift-negative-value]
CODE_INIT_SIEVE2(127)
^~~~~~~~~~~~~~~~~~~~~
./init.c:270:15: note: expanded from macro 'CODE_INIT_SIEVE2'
      if((a & LONG_MASK) == 0) \
              ^~~~~~~~~
./rp-private.h:39:25: note: expanded from macro 'LONG_MASK'
#define LONG_MASK (~(-1L<<LONG_SHIFT))
                     ~~~^
./find_points.c:196:22: warning: absolute value function 'abs' given an argument of type 'long' but has parameter of type 'int' which may cause truncation of value [-Wabsolute-value]
  unsigned long qn = abs(n);
                     ^
./find_points.c:196:22: note: use function 'labs' instead
  unsigned long qn = abs(n);
                     ^~~
                     labs
./find_points.c:1831:34: warning: shifting a negative signed value is undefined [-Wshift-negative-value]
          b_bits >>= (b_low-1) & LONG_MASK;
                                 ^~~~~~~~~
./rp-private.h:39:25: note: expanded from macro 'LONG_MASK'
#define LONG_MASK (~(-1L<<LONG_SHIFT))
                     ~~~^
./find_points.c:1842:19: warning: shifting a negative signed value is undefined [-Wshift-negative-value]
          if((b & LONG_MASK) == 0)
                  ^~~~~~~~~
./rp-private.h:39:25: note: expanded from macro 'LONG_MASK'
#define LONG_MASK (~(-1L<<LONG_SHIFT))
                     ~~~^
libtool: compile:  gcc -DPACKAGE_NAME=\"ratpoints\" -DPACKAGE_TARNAME=\"ratpoints\" -DPACKAGE_VERSION=\"2.1.3\" "-DPACKAGE_STRING=\"ratpoints 2.1.3\"" -DPACKAGE_BUGREPORT=\"\" -DPACKAGE_URL=\"\" -DPACKAGE=\"ratpoints\" -DVERSION=\"2.1.3\" -DSTDC_HEADERS=1 -DHAVE_SYS_TYPES_H=1 -DHAVE_SYS_STAT_H=1 -DHAVE_STDLIB_H=1 -DHAVE_STRING_H=1 -DHAVE_MEMORY_H=1 -DHAVE_STRINGS_H=1 -DHAVE_INTTYPES_H=1 -DHAVE_STDINT_H=1 -DHAVE_UNISTD_H=1 -DHAVE_DLFCN_H=1 -DLT_OBJDIR=\".libs/\" -I. -I. -Wdate-time -D_FORTIFY_SOURCE=2 -DRATPOINTS_MAX_BITS_IN_PRIME=7 -DUSE_SSE -g -O2 -fdebug-prefix-map=/<<PKGBUILDDIR>>=. -fstack-protector-strong -Wformat -Werror=format-security -Wall -O2 -fomit-frame-pointer -funroll-loops -c ./find_points.c  -fPIC -DPIC -o .libs/find_points.o
libtool: compile:  gcc -DPACKAGE_NAME=\"ratpoints\" -DPACKAGE_TARNAME=\"ratpoints\" -DPACKAGE_VERSION=\"2.1.3\" "-DPACKAGE_STRING=\"ratpoints 2.1.3\"" -DPACKAGE_BUGREPORT=\"\" -DPACKAGE_URL=\"\" -DPACKAGE=\"ratpoints\" -DVERSION=\"2.1.3\" -DSTDC_HEADERS=1 -DHAVE_SYS_TYPES_H=1 -DHAVE_SYS_STAT_H=1 -DHAVE_STDLIB_H=1 -DHAVE_STRING_H=1 -DHAVE_MEMORY_H=1 -DHAVE_STRINGS_H=1 -DHAVE_INTTYPES_H=1 -DHAVE_STDINT_H=1 -DHAVE_UNISTD_H=1 -DHAVE_DLFCN_H=1 -DLT_OBJDIR=\".libs/\" -I. -I. -Wdate-time -D_FORTIFY_SOURCE=2 -DRATPOINTS_MAX_BITS_IN_PRIME=7 -DUSE_SSE -g -O2 -fdebug-prefix-map=/<<PKGBUILDDIR>>=. -fstack-protector-strong -Wformat -Werror=format-security -Wall -O2 -fomit-frame-pointer -funroll-loops -c ./sturm.c  -fPIC -DPIC -o .libs/sturm.o
libtool: compile:  gcc -DPACKAGE_NAME=\"ratpoints\" -DPACKAGE_TARNAME=\"ratpoints\" -DPACKAGE_VERSION=\"2.1.3\" "-DPACKAGE_STRING=\"ratpoints 2.1.3\"" -DPACKAGE_BUGREPORT=\"\" -DPACKAGE_URL=\"\" -DPACKAGE=\"ratpoints\" -DVERSION=\"2.1.3\" -DSTDC_HEADERS=1 -DHAVE_SYS_TYPES_H=1 -DHAVE_SYS_STAT_H=1 -DHAVE_STDLIB_H=1 -DHAVE_STRING_H=1 -DHAVE_MEMORY_H=1 -DHAVE_STRINGS_H=1 -DHAVE_INTTYPES_H=1 -DHAVE_STDINT_H=1 -DHAVE_UNISTD_H=1 -DHAVE_DLFCN_H=1 -DLT_OBJDIR=\".libs/\" -I. -I. -Wdate-time -D_FORTIFY_SOURCE=2 -DRATPOINTS_MAX_BITS_IN_PRIME=7 -DUSE_SSE -g -O2 -fdebug-prefix-map=/<<PKGBUILDDIR>>=. -fstack-protector-strong -Wformat -Werror=format-security -Wall -O2 -fomit-frame-pointer -funroll-loops -c ./init.c  -fPIC -DPIC -o .libs/init.o
libtool: compile:  gcc -DPACKAGE_NAME=\"ratpoints\" -DPACKAGE_TARNAME=\"ratpoints\" -DPACKAGE_VERSION=\"2.1.3\" "-DPACKAGE_STRING=\"ratpoints 2.1.3\"" -DPACKAGE_BUGREPORT=\"\" -DPACKAGE_URL=\"\" -DPACKAGE=\"ratpoints\" -DVERSION=\"2.1.3\" -DSTDC_HEADERS=1 -DHAVE_SYS_TYPES_H=1 -DHAVE_SYS_STAT_H=1 -DHAVE_STDLIB_H=1 -DHAVE_STRING_H=1 -DHAVE_MEMORY_H=1 -DHAVE_STRINGS_H=1 -DHAVE_INTTYPES_H=1 -DHAVE_STDINT_H=1 -DHAVE_UNISTD_H=1 -DHAVE_DLFCN_H=1 -DLT_OBJDIR=\".libs/\" -I. -I. -Wdate-time -D_FORTIFY_SOURCE=2 -DRATPOINTS_MAX_BITS_IN_PRIME=7 -DUSE_SSE -g -O2 -fdebug-prefix-map=/<<PKGBUILDDIR>>=. -fstack-protector-strong -Wformat -Werror=format-security -Wall -O2 -fomit-frame-pointer -funroll-loops -c ./sift.c  -fPIC -DPIC -o .libs/sift.o
./sturm.c:176:5: error: function definition is not allowed here
    { /* nl/2^del, nr/2^der : interval left/right endpoints,
    ^
./sturm.c:235:5: warning: implicit declaration of function 'iterate' is invalid in C99 [-Wimplicit-function-declaration]
    iterate(min, max, 0, 0, count2, count1, 
    ^
1 warning and 1 error generated.
Makefile:676: recipe for target 'sturm.lo' failed
make[2]: *** [sturm.lo] Error 1
In file included from ./init.c:302:
./init_sieve.h:1:1: warning: shifting a negative signed value is undefined [-Wshift-negative-value]
CODE_INIT_SIEVE1(3)
^~~~~~~~~~~~~~~~~~~
./init.c:43:26: note: expanded from macro 'CODE_INIT_SIEVE1'
  long diff_shift = p1 & LONG_MASK; \
                         ^~~~~~~~~
./rp-private.h:39:25: note: expanded from macro 'LONG_MASK'
#define LONG_MASK (~(-1L<<LONG_SHIFT))
                     ~~~^
In file included from ./init.c:302:
./init_sieve.h:2:1: warning: shifting a negative signed value is undefined [-Wshift-negative-value]
CODE_INIT_SIEVE1(5)
^~~~~~~~~~~~~~~~~~~
./init.c:43:26: note: expanded from macro 'CODE_INIT_SIEVE1'
  long diff_shift = p1 & LONG_MASK; \
                         ^~~~~~~~~
./rp-private.h:39:25: note: expanded from macro 'LONG_MASK'
#define LONG_MASK (~(-1L<<LONG_SHIFT))
                     ~~~^
In file included from ./init.c:302:
./init_sieve.h:3:1: warning: shifting a negative signed value is undefined [-Wshift-negative-value]
CODE_INIT_SIEVE1(7)
^~~~~~~~~~~~~~~~~~~
./init.c:43:26: note: expanded from macro 'CODE_INIT_SIEVE1'
  long diff_shift = p1 & LONG_MASK; \
                         ^~~~~~~~~
./rp-private.h:39:25: note: expanded from macro 'LONG_MASK'
#define LONG_MASK (~(-1L<<LONG_SHIFT))
                     ~~~^
In file included from ./init.c:302:
./init_sieve.h:4:1: warning: shifting a negative signed value is undefined [-Wshift-negative-value]
CODE_INIT_SIEVE1(11)
^~~~~~~~~~~~~~~~~~~~
./init.c:43:26: note: expanded from macro 'CODE_INIT_SIEVE1'
  long diff_shift = p1 & LONG_MASK; \
                         ^~~~~~~~~
./rp-private.h:39:25: note: expanded from macro 'LONG_MASK'
#define LONG_MASK (~(-1L<<LONG_SHIFT))
                     ~~~^
In file included from ./init.c:302:
./init_sieve.h:5:1: warning: shifting a negative signed value is undefined [-Wshift-negative-value]
CODE_INIT_SIEVE1(13)
^~~~~~~~~~~~~~~~~~~~
./init.c:43:26: note: expanded from macro 'CODE_INIT_SIEVE1'
  long diff_shift = p1 & LONG_MASK; \
                         ^~~~~~~~~
./rp-private.h:39:25: note: expanded from macro 'LONG_MASK'
#define LONG_MASK (~(-1L<<LONG_SHIFT))
                     ~~~^
43 warnings generated.
In file included from ./init.c:302:
./init_sieve.h:6:1: warning: shifting a negative signed value is undefined [-Wshift-negative-value]
CODE_INIT_SIEVE1(17)
^~~~~~~~~~~~~~~~~~~~
./init.c:43:26: note: expanded from macro 'CODE_INIT_SIEVE1'
  long diff_shift = p1 & LONG_MASK; \
                         ^~~~~~~~~
./rp-private.h:39:25: note: expanded from macro 'LONG_MASK'
#define LONG_MASK (~(-1L<<LONG_SHIFT))
                     ~~~^
./find_points.c:196:22: warning: absolute value function 'abs' given an argument of type 'long' but has parameter of type 'int' which may cause truncation of value [-Wabsolute-value]
  unsigned long qn = abs(n);
                     ^
./find_points.c:196:22: note: use function 'labs' instead
  unsigned long qn = abs(n);
                     ^~~
                     labs
In file included from ./init.c:302:
./init_sieve.h:7:1: warning: shifting a negative signed value is undefined [-Wshift-negative-value]
CODE_INIT_SIEVE1(19)
^~~~~~~~~~~~~~~~~~~~
./init.c:43:26: note: expanded from macro 'CODE_INIT_SIEVE1'
  long diff_shift = p1 & LONG_MASK; \
                         ^~~~~~~~~
./rp-private.h:39:25: note: expanded from macro 'LONG_MASK'
#define LONG_MASK (~(-1L<<LONG_SHIFT))
                     ~~~^
In file included from ./init.c:302:
./init_sieve.h:8:1: warning: shifting a negative signed value is undefined [-Wshift-negative-value]
CODE_INIT_SIEVE1(23)
^~~~~~~~~~~~~~~~~~~~
./init.c:43:26: note: expanded from macro 'CODE_INIT_SIEVE1'
  long diff_shift = p1 & LONG_MASK; \
                         ^~~~~~~~~
./rp-private.h:39:25: note: expanded from macro 'LONG_MASK'
#define LONG_MASK (~(-1L<<LONG_SHIFT))
                     ~~~^
In file included from ./init.c:302:
./init_sieve.h:9:1: warning: shifting a negative signed value is undefined [-Wshift-negative-value]
CODE_INIT_SIEVE1(29)
^~~~~~~~~~~~~~~~~~~~
./init.c:43:26: note: expanded from macro 'CODE_INIT_SIEVE1'
  long diff_shift = p1 & LONG_MASK; \
                         ^~~~~~~~~
./rp-private.h:39:25: note: expanded from macro 'LONG_MASK'
#define LONG_MASK (~(-1L<<LONG_SHIFT))
                     ~~~^
In file included from ./init.c:302:
./init_sieve.h:10:1: warning: shifting a negative signed value is undefined [-Wshift-negative-value]
CODE_INIT_SIEVE1(31)
^~~~~~~~~~~~~~~~~~~~
./init.c:43:26: note: expanded from macro 'CODE_INIT_SIEVE1'
  long diff_shift = p1 & LONG_MASK; \
                         ^~~~~~~~~
./rp-private.h:39:25: note: expanded from macro 'LONG_MASK'
#define LONG_MASK (~(-1L<<LONG_SHIFT))
                     ~~~^
In file included from ./init.c:302:
./init_sieve.h:11:1: warning: shifting a negative signed value is undefined [-Wshift-negative-value]
CODE_INIT_SIEVE1(37)
^~~~~~~~~~~~~~~~~~~~
./init.c:43:26: note: expanded from macro 'CODE_INIT_SIEVE1'
  long diff_shift = p1 & LONG_MASK; \
                         ^~~~~~~~~
./rp-private.h:39:25: note: expanded from macro 'LONG_MASK'
#define LONG_MASK (~(-1L<<LONG_SHIFT))
                     ~~~^
In file included from ./init.c:302:
./init_sieve.h:12:1: warning: shifting a negative signed value is undefined [-Wshift-negative-value]
CODE_INIT_SIEVE1(41)
^~~~~~~~~~~~~~~~~~~~
./init.c:43:26: note: expanded from macro 'CODE_INIT_SIEVE1'
  long diff_shift = p1 & LONG_MASK; \
                         ^~~~~~~~~
./rp-private.h:39:25: note: expanded from macro 'LONG_MASK'
#define LONG_MASK (~(-1L<<LONG_SHIFT))
                     ~~~^
In file included from ./init.c:302:
./init_sieve.h:13:1: warning: shifting a negative signed value is undefined [-Wshift-negative-value]
CODE_INIT_SIEVE1(43)
^~~~~~~~~~~~~~~~~~~~
./init.c:43:26: note: expanded from macro 'CODE_INIT_SIEVE1'
  long diff_shift = p1 & LONG_MASK; \
                         ^~~~~~~~~
./rp-private.h:39:25: note: expanded from macro 'LONG_MASK'
#define LONG_MASK (~(-1L<<LONG_SHIFT))
                     ~~~^
In file included from ./init.c:302:
./init_sieve.h:14:1: warning: shifting a negative signed value is undefined [-Wshift-negative-value]
CODE_INIT_SIEVE1(47)
^~~~~~~~~~~~~~~~~~~~
./init.c:43:26: note: expanded from macro 'CODE_INIT_SIEVE1'
  long diff_shift = p1 & LONG_MASK; \
                         ^~~~~~~~~
./rp-private.h:39:25: note: expanded from macro 'LONG_MASK'
#define LONG_MASK (~(-1L<<LONG_SHIFT))
                     ~~~^
In file included from ./init.c:302:
./init_sieve.h:15:1: warning: shifting a negative signed value is undefined [-Wshift-negative-value]
CODE_INIT_SIEVE1(53)
^~~~~~~~~~~~~~~~~~~~
./init.c:43:26: note: expanded from macro 'CODE_INIT_SIEVE1'
  long diff_shift = p1 & LONG_MASK; \
                         ^~~~~~~~~
./rp-private.h:39:25: note: expanded from macro 'LONG_MASK'
#define LONG_MASK (~(-1L<<LONG_SHIFT))
                     ~~~^
In file included from ./init.c:302:
./init_sieve.h:16:1: warning: shifting a negative signed value is undefined [-Wshift-negative-value]
CODE_INIT_SIEVE1(59)
^~~~~~~~~~~~~~~~~~~~
./init.c:43:26: note: expanded from macro 'CODE_INIT_SIEVE1'
  long diff_shift = p1 & LONG_MASK; \
                         ^~~~~~~~~
./rp-private.h:39:25: note: expanded from macro 'LONG_MASK'
#define LONG_MASK (~(-1L<<LONG_SHIFT))
                     ~~~^
In file included from ./init.c:302:
./init_sieve.h:17:1: warning: shifting a negative signed value is undefined [-Wshift-negative-value]
CODE_INIT_SIEVE1(61)
^~~~~~~~~~~~~~~~~~~~
./init.c:43:26: note: expanded from macro 'CODE_INIT_SIEVE1'
  long diff_shift = p1 & LONG_MASK; \
                         ^~~~~~~~~
./rp-private.h:39:25: note: expanded from macro 'LONG_MASK'
#define LONG_MASK (~(-1L<<LONG_SHIFT))
                     ~~~^
In file included from ./init.c:302:
./init_sieve.h:18:1: warning: shifting a negative signed value is undefined [-Wshift-negative-value]
CODE_INIT_SIEVE2(67)
^~~~~~~~~~~~~~~~~~~~
./init.c:114:25: note: expanded from macro 'CODE_INIT_SIEVE2'
  long diff_shift = p & LONG_MASK; \
                        ^~~~~~~~~
./rp-private.h:39:25: note: expanded from macro 'LONG_MASK'
#define LONG_MASK (~(-1L<<LONG_SHIFT))
                     ~~~^
In file included from ./init.c:302:
./init_sieve.h:18:1: warning: shifting a negative signed value is undefined [-Wshift-negative-value]
CODE_INIT_SIEVE2(67)
^~~~~~~~~~~~~~~~~~~~
./init.c:135:15: note: expanded from macro 'CODE_INIT_SIEVE2'
      if((a & LONG_MASK) == 0) \
              ^~~~~~~~~
./rp-private.h:39:25: note: expanded from macro 'LONG_MASK'
#define LONG_MASK (~(-1L<<LONG_SHIFT))
                     ~~~^
In file included from ./init.c:302:
./init_sieve.h:19:1: warning: shifting a negative signed value is undefined [-Wshift-negative-value]
CODE_INIT_SIEVE2(71)
^~~~~~~~~~~~~~~~~~~~
./init.c:114:25: note: expanded from macro 'CODE_INIT_SIEVE2'
  long diff_shift = p & LONG_MASK; \
                        ^~~~~~~~~
./rp-private.h:39:25: note: expanded from macro 'LONG_MASK'
#define LONG_MASK (~(-1L<<LONG_SHIFT))
                     ~~~^
In file included from ./init.c:302:
./init_sieve.h:19:1: warning: shifting a negative signed value is undefined [-Wshift-negative-value]
CODE_INIT_SIEVE2(71)
^~~~~~~~~~~~~~~~~~~~
./init.c:135:15: note: expanded from macro 'CODE_INIT_SIEVE2'
      if((a & LONG_MASK) == 0) \
              ^~~~~~~~~
./rp-private.h:39:25: note: expanded from macro 'LONG_MASK'
#define LONG_MASK (~(-1L<<LONG_SHIFT))
                     ~~~^
In file included from ./init.c:302:
./init_sieve.h:20:1: warning: shifting a negative signed value is undefined [-Wshift-negative-value]
CODE_INIT_SIEVE2(73)
^~~~~~~~~~~~~~~~~~~~
./init.c:114:25: note: expanded from macro 'CODE_INIT_SIEVE2'
  long diff_shift = p & LONG_MASK; \
                        ^~~~~~~~~
./rp-private.h:39:25: note: expanded from macro 'LONG_MASK'
#define LONG_MASK (~(-1L<<LONG_SHIFT))
                     ~~~^
In file included from ./init.c:302:
./init_sieve.h:20:1: warning: shifting a negative signed value is undefined [-Wshift-negative-value]
CODE_INIT_SIEVE2(73)
^~~~~~~~~~~~~~~~~~~~
./init.c:135:15: note: expanded from macro 'CODE_INIT_SIEVE2'
      if((a & LONG_MASK) == 0) \
              ^~~~~~~~~
./rp-private.h:39:25: note: expanded from macro 'LONG_MASK'
#define LONG_MASK (~(-1L<<LONG_SHIFT))
                     ~~~^
In file included from ./init.c:302:
./init_sieve.h:21:1: warning: shifting a negative signed value is undefined [-Wshift-negative-value]
CODE_INIT_SIEVE2(79)
^~~~~~~~~~~~~~~~~~~~
./init.c:114:25: note: expanded from macro 'CODE_INIT_SIEVE2'
  long diff_shift = p & LONG_MASK; \
                        ^~~~~~~~~
./rp-private.h:39:25: note: expanded from macro 'LONG_MASK'
#define LONG_MASK (~(-1L<<LONG_SHIFT))
                     ~~~^
In file included from ./init.c:302:
./init_sieve.h:21:1: warning: shifting a negative signed value is undefined [-Wshift-negative-value]
CODE_INIT_SIEVE2(79)
^~~~~~~~~~~~~~~~~~~~
./init.c:135:15: note: expanded from macro 'CODE_INIT_SIEVE2'
      if((a & LONG_MASK) == 0) \
              ^~~~~~~~~
./rp-private.h:39:25: note: expanded from macro 'LONG_MASK'
#define LONG_MASK (~(-1L<<LONG_SHIFT))
                     ~~~^
In file included from ./init.c:302:
./init_sieve.h:22:1: warning: shifting a negative signed value is undefined [-Wshift-negative-value]
CODE_INIT_SIEVE2(83)
^~~~~~~~~~~~~~~~~~~~
./init.c:114:25: note: expanded from macro 'CODE_INIT_SIEVE2'
  long diff_shift = p & LONG_MASK; \
                        ^~~~~~~~~
./rp-private.h:39:25: note: expanded from macro 'LONG_MASK'
#define LONG_MASK (~(-1L<<LONG_SHIFT))
                     ~~~^
In file included from ./init.c:302:
./init_sieve.h:22:1: warning: shifting a negative signed value is undefined [-Wshift-negative-value]
CODE_INIT_SIEVE2(83)
^~~~~~~~~~~~~~~~~~~~
./init.c:135:15: note: expanded from macro 'CODE_INIT_SIEVE2'
      if((a & LONG_MASK) == 0) \
              ^~~~~~~~~
./rp-private.h:39:25: note: expanded from macro 'LONG_MASK'
#define LONG_MASK (~(-1L<<LONG_SHIFT))
                     ~~~^
./find_points.c:1706:16: error: use of unknown builtin '__builtin_ia32_vec_ext_v2di' [-Wimplicit-function-declaration]
            if(TEST(bits))
               ^
./rp-private.h:65:18: note: expanded from macro 'TEST'
#define TEST(a) (EXT0(a) || EXT1(a))
                 ^
./rp-private.h:63:33: note: expanded from macro 'EXT0'
#define EXT0(a) ((unsigned long)__builtin_ia32_vec_ext_v2di((__v2di)(a), 0))
                                ^
In file included from ./init.c:302:
./init_sieve.h:23:1: warning: shifting a negative signed value is undefined [-Wshift-negative-value]
CODE_INIT_SIEVE2(89)
^~~~~~~~~~~~~~~~~~~~
./init.c:114:25: note: expanded from macro 'CODE_INIT_SIEVE2'
  long diff_shift = p & LONG_MASK; \
                        ^~~~~~~~~
./rp-private.h:39:25: note: expanded from macro 'LONG_MASK'
#define LONG_MASK (~(-1L<<LONG_SHIFT))
                     ~~~^
In file included from ./init.c:302:
./init_sieve.h:23:1: warning: shifting a negative signed value is undefined [-Wshift-negative-value]
CODE_INIT_SIEVE2(89)
^~~~~~~~~~~~~~~~~~~~
./init.c:135:15: note: expanded from macro 'CODE_INIT_SIEVE2'
      if((a & LONG_MASK) == 0) \
              ^~~~~~~~~
./rp-private.h:39:25: note: expanded from macro 'LONG_MASK'
#define LONG_MASK (~(-1L<<LONG_SHIFT))
                     ~~~^
In file included from ./init.c:302:
./init_sieve.h:24:1: warning: shifting a negative signed value is undefined [-Wshift-negative-value]
CODE_INIT_SIEVE2(97)
^~~~~~~~~~~~~~~~~~~~
./init.c./sift.c:114:25:: note: expanded from macro 'CODE_INIT_SIEVE2'
127:19: error: use of unknown builtin '__builtin_ia32_andps' [-Wimplicit-function-declaration]
  long diff_shift = p & LONG_MASK; \
                        ^~~~~~~~~
./rp-private.h:39:25: note: expanded from macro 'LONG_MASK'
        { *surv = AND(*surv, *siv1++); surv++; }#define LONG_MASK (~(-1L<<LONG_SHIFT))

                     ~~~^                  ^

In file included from ./init.c:302:
./init_sieve.h:24:1: warning: shifting a negative signed value is undefined [-Wshift-negative-value]
./rp-private.h:62:40: note: expanded from macro 'AND'
CODE_INIT_SIEVE2(97)
^~~~~~~~~~~~~~~~~~~~
./init.c:135:15: note: expanded from macro 'CODE_INIT_SIEVE2'
      if((a & LONG_MASK) == 0) \#define AND(a,b) ((ratpoints_bit_array)__builtin_ia32_andps((__v4sf)(a), (__v4sf)(b)))

              ^~~~~~~~~                                       ^

./rp-private.h:39:25: note: expanded from macro 'LONG_MASK'
#define LONG_MASK (~(-1L<<LONG_SHIFT))
                     ~~~^
In file included from ./init.c:302:
./init_sieve.h:25:1: warning: shifting a negative signed value is undefined [-Wshift-negative-value]
CODE_INIT_SIEVE2(101)
^~~~~~~~~~~~~~~~~~~~~
./init.c:114:25: note: expanded from macro 'CODE_INIT_SIEVE2'
  long diff_shift = p & LONG_MASK; \
                        ^~~~~~~~~
./rp-private.h:39:25: note: expanded from macro 'LONG_MASK'
#define LONG_MASK (~(-1L<<LONG_SHIFT))
                     ~~~^
In file included from ./init.c:302:
./init_sieve.h:25:1: warning: shifting a negative signed value is undefined [-Wshift-negative-value]
CODE_INIT_SIEVE2(101)
^~~~~~~~~~~~~~~~~~~~~
./init.c:135:15: note: expanded from macro 'CODE_INIT_SIEVE2'
      if((a & LONG_MASK) == 0) \
              ^~~~~~~~~
./rp-private.h:39:25: note: expanded from macro 'LONG_MASK'
#define LONG_MASK (~(-1L<<LONG_SHIFT))
                     ~~~^
In file included from ./init.c:302:
./init_sieve.h:26:1: warning: shifting a negative signed value is undefined [-Wshift-negative-value]
CODE_INIT_SIEVE2(103)
^~~~~~~~~~~~~~~~~~~~~
./init.c:114:25: note: expanded from macro 'CODE_INIT_SIEVE2'
  long diff_shift = p & LONG_MASK; \
                        ^~~~~~~~~
./rp-private.h:39:25: note: expanded from macro 'LONG_MASK'
#define LONG_MASK (~(-1L<<LONG_SHIFT))
                     ~~~^
In file included from ./init.c:302:
./init_sieve.h:26:1: warning: shifting a negative signed value is undefined [-Wshift-negative-value]
CODE_INIT_SIEVE2(103)
^~~~~~~~~~~~~~~~~~~~~
./init.c:135:15: note: expanded from macro 'CODE_INIT_SIEVE2'
      if((a & LONG_MASK) == 0) \
              ^~~~~~~~~
./rp-private.h:39:25: note: expanded from macro 'LONG_MASK'
#define LONG_MASK (~(-1L<<LONG_SHIFT))
                     ~~~^
In file included from ./init.c:302:
./init_sieve.h:27:1: warning: shifting a negative signed value is undefined [-Wshift-negative-value]
CODE_INIT_SIEVE2(107)
^~~~~~~~~~~~~~~~~~~~~
./init.c:114:25: note: expanded from macro 'CODE_INIT_SIEVE2'
  long diff_shift = p & LONG_MASK; \
                        ^~~~~~~~~
./rp-private.h:39:25: note: expanded from macro 'LONG_MASK'
#define LONG_MASK (~(-1L<<LONG_SHIFT))
                     ~~~^
In file included from ./init.c:302:
./init_sieve.h:27:1: warning: shifting a negative signed value is undefined [-Wshift-negative-value]
CODE_INIT_SIEVE2(107)
^~~~~~~~~~~~~~~~~~~~~
./init.c:135:15: note: expanded from macro 'CODE_INIT_SIEVE2'
      if((a & LONG_MASK) == 0) \
              ^~~~~~~~~
./rp-private.h:39:25: note: expanded from macro 'LONG_MASK'
#define LONG_MASK (~(-1L<<LONG_SHIFT))
                     ~~~^
In file included from ./init.c:302:
./init_sieve.h:28:1: warning: shifting a negative signed value is undefined [-Wshift-negative-value]
CODE_INIT_SIEVE2(109)
^~~~~~~~~~~~~~~~~~~~~
./init.c:114:25: note: expanded from macro 'CODE_INIT_SIEVE2'
  long diff_shift = p & LONG_MASK; \
                        ^~~~~~~~~
./rp-private.h:39:25: note: expanded from macro 'LONG_MASK'
#define LONG_MASK (~(-1L<<LONG_SHIFT))
                     ~~~^
In file included from ./init.c:302:
./init_sieve.h:28:1: warning: shifting a negative signed value is undefined [-Wshift-negative-value]
CODE_INIT_SIEVE2(109)
^~~~~~~~~~~~~~~~~~~~~
./init.c:135:15: note: expanded from macro 'CODE_INIT_SIEVE2'
      if((a & LONG_MASK) == 0) \
              ^~~~~~~~~
./rp-private.h:39:25: note: expanded from macro 'LONG_MASK'
#define LONG_MASK (~(-1L<<LONG_SHIFT))
                     ~~~^
./sift.c:127:19: error: invalid conversion between vector type 'ratpoints_bit_array' (aka '__v2di') and integer type 'int' of different size
        { *surv = AND(*surv, *siv1++); surv++; }
                  ^~~~~~~~~~~~~~~~~~~
./rp-private.h:62:19: note: expanded from macro 'AND'
In file included from #define AND(a,b) ((ratpoints_bit_array)__builtin_ia32_andps((__v4sf)(a), (__v4sf)(b)))
./init.c                  ^~~~~~~~~~~~~~~~~~~~~~~~~~~~~~~~~~~~~~~~~~~~~~~~~~~~~~~~~~~~~~~~~~~:
302:
./init_sieve.h:29:1: warning: shifting a negative signed value is undefined [-Wshift-negative-value]
CODE_INIT_SIEVE2(113)
^~~~~~~~~~~~~~~~~~~~~
./init.c:114:25: note: expanded from macro 'CODE_INIT_SIEVE2'
  long diff_shift = p & LONG_MASK; \
                        ^~~~~~~~~
./rp-private.h:39:25: note: expanded from macro 'LONG_MASK'
#define LONG_MASK (~(-1L<<LONG_SHIFT))
                     ~~~^
In file included from ./init.c:302:
./init_sieve.h:29:1: warning: shifting a negative signed value is undefined [-Wshift-negative-value]
CODE_INIT_SIEVE2(113)
^~~~~~~~~~~~~~~~~~~~~
./init.c:135:15: note: expanded from macro 'CODE_INIT_SIEVE2'
      if((a & LONG_MASK) == 0) \
              ^~~~~~~~~
./rp-private.h:39:25: note: expanded from macro 'LONG_MASK'
#define LONG_MASK (~(-1L<<LONG_SHIFT))
                     ~~~^
./sift.c:140:21: error: invalid conversion between vector type 'ratpoints_bit_array' (aka '__v2di') and integer type 'int' of different size
          { *surv = AND(*surv, *siv1++); surv++; }
                    ^~~~~~~~~~~~~~~~~~~
./rp-private.h:62:19: note: expanded from macro 'AND'
#define AND(a,b) ((ratpoints_bit_array)__builtin_ia32_andps((__v4sf)(a), (__v4sf)(b)))
                  ^~~~~~~~~~~~~~~~~~~~~~~~~~~~~~~~~~~~~~~~~~~~~~~~~~~~~~~~~~~~~~~~~~~
./sift.c:151:21: error: invalid conversion between vector type 'ratpoints_bit_array' (aka '__v2di') and integer type 'int' of different size
          { *surv = AND(*surv, *siv1++); surv++; }
                    ^~~~~~~~~~~~~~~~~~~
./rp-private.h:62:19: note: expanded from macro 'AND'
#define AND(a,b) ((ratpoints_bit_array)__builtin_ia32_andps((__v4sf)(a), (__v4sf)(b)))
                  ^~~~~~~~~~~~~~~~~~~~~~~~~~~~~~~~~~~~~~~~~~~~~~~~~~~~~~~~~~~~~~~~~~~
./sift.c:160:19: error: invalid conversion between vector type 'ratpoints_bit_array' (aka '__v2di') and integer type 'int' of different size
        { *surv = AND(*surv, *siv1++); surv++; }
                  ^~~~~~~~~~~~~~~~~~~
./rp-private.h:62:19: note: expanded from macro 'AND'
#define AND(a,b) ((ratpoints_bit_array)__builtin_ia32_andps((__v4sf)(a), (__v4sf)(b)))
                  ^~~~~~~~~~~~~~~~~~~~~~~~~~~~~~~~~~~~~~~~~~~~~~~~~~~~~~~~~~~~~~~~~~~
./sift.c:229:29: error: use of unknown builtin '__builtin_ia32_vec_ext_v2di' [-Wimplicit-function-declaration]
      for(n = sp2-sp1; n && TEST(nums); n--)
                            ^
./rp-private.h:65:18: ./find_points.cnote: :expanded from macro 'TEST'1706
:16: note: did you mean '__builtin_ia32_vec_ext_v2si'?
./rp-private.h:65:18: note: expanded from macro 'TEST'
#define TEST(a) (EXT0(a) || EXT1(a))#define TEST(a) (EXT0(a) || EXT1(a))

                 ^
                 ^
./rp-private.h:63:33./rp-private.h:: note63: :expanded from macro 'EXT0'
33: note: expanded from macro 'EXT0'
#define EXT0(a) ((unsigned long)__builtin_ia32_vec_ext_v2di((__v2di)(a), 0))
                                ^
#define EXT0(a) ((unsigned long)__builtin_ia32_vec_ext_v2di((__v2di)(a), 0))
                                ^
In file included from ./init.c:302:
./init_sieve.h:30:1: warning: shifting a negative signed value is undefined [-Wshift-negative-value]
/usr/lib/llvm-5.0/lib/clang/5.0.0/include/mmintrin.h:81:12: note: '__builtin_ia32_vec_ext_v2si' declared here
CODE_INIT_SIEVE2(127)
^~~~~~~~~~~~~~~~~~~~~
./init.c:114:25: note: expanded from macro 'CODE_INIT_SIEVE2'
    return __builtin_ia32_vec_ext_v2si((__v2si)__m, 0);
           ^
  long diff_shift = p & LONG_MASK; \
                        ^~~~~~~~~
./rp-private.h:39:25: note: expanded from macro 'LONG_MASK'
#define LONG_MASK (~(-1L<<LONG_SHIFT))
                     ~~~^
In file included from ./init.c:302:
./init_sieve.h:30:1: warning: shifting a negative signed value is undefined [-Wshift-negative-value]
CODE_INIT_SIEVE2(127)
^~~~~~~~~~~~~~~~~~~~~
./init.c:135:15: note: expanded from macro 'CODE_INIT_SIEVE2'
      if((a & LONG_MASK) == 0) \
              ^~~~~~~~~
./rp-private.h:39:25: note: expanded from macro 'LONG_MASK'
#define LONG_MASK (~(-1L<<LONG_SHIFT))
                     ~~~^
./find_points.c:1831:34: warning: shifting a negative signed value is undefined [-Wshift-negative-value]
          b_bits >>= (b_low-1) & LONG_MASK;
                                 ^~~~~~~~~
./rp-private.h:39:25: note: expanded from macro 'LONG_MASK'
#define LONG_MASK (~(-1L<<LONG_SHIFT))
                     ~~~^
./find_points.c:1842:19: warning: shifting a negative signed value is undefined [-Wshift-negative-value]
          if((b & LONG_MASK) == 0)
                  ^~~~~~~~~
./rp-private.h:39:25: note: expanded from macro 'LONG_MASK'
#define LONG_MASK (~(-1L<<LONG_SHIFT))
                     ~~~^
3 warnings and 1 error generated.
Makefile:683: recipe for target 'find_points.lo' failed
make[2]: *** [find_points.lo] Error 1
./sift.c:229:29: note: did you mean '__builtin_ia32_vec_ext_v2si'?
./rp-private.h:65:18: note: expanded from macro 'TEST'
#define TEST(a) (EXT0(a) || EXT1(a))
                 ^
./rp-private.h:63:33: note: expanded from macro 'EXT0'
#define EXT0(a) ((unsigned long)__builtin_ia32_vec_ext_v2di((__v2di)(a), 0))
                                ^
/usr/lib/llvm-5.0/lib/clang/5.0.0/include/mmintrin.h:81:12: note: '__builtin_ia32_vec_ext_v2si' declared here
    return __builtin_ia32_vec_ext_v2si((__v2si)__m, 0);
           ^
./sift.c:236:16: error: invalid conversion between vector type 'ratpoints_bit_array' (aka '__v2di') and integer type 'int' of different size
        nums = AND(nums, ssp->ptr[mod(i + ssp->offset, p)]);
               ^~~~~~~~~~~~~~~~~~~~~~~~~~~~~~~~~~~~~~~~~~~~
./rp-private.h:62:19: note: expanded from macro 'AND'
#define AND(a,b) ((ratpoints_bit_array)__builtin_ia32_andps((__v4sf)(a), (__v4sf)(b)))
                  ^~~~~~~~~~~~~~~~~~~~~~~~~~~~~~~~~~~~~~~~~~~~~~~~~~~~~~~~~~~~~~~~~~~
7 errors generated.
Makefile:662: recipe for target 'sift.lo' failed
make[2]: *** [sift.lo] Error 1
3 warnings generated.
43 warnings generated.
libtool: compile:  gcc -DPACKAGE_NAME=\"ratpoints\" -DPACKAGE_TARNAME=\"ratpoints\" -DPACKAGE_VERSION=\"2.1.3\" "-DPACKAGE_STRING=\"ratpoints 2.1.3\"" -DPACKAGE_BUGREPORT=\"\" -DPACKAGE_URL=\"\" -DPACKAGE=\"ratpoints\" -DVERSION=\"2.1.3\" -DSTDC_HEADERS=1 -DHAVE_SYS_TYPES_H=1 -DHAVE_SYS_STAT_H=1 -DHAVE_STDLIB_H=1 -DHAVE_STRING_H=1 -DHAVE_MEMORY_H=1 -DHAVE_STRINGS_H=1 -DHAVE_INTTYPES_H=1 -DHAVE_STDINT_H=1 -DHAVE_UNISTD_H=1 -DHAVE_DLFCN_H=1 -DLT_OBJDIR=\".libs/\" -I. -I. -Wdate-time -D_FORTIFY_SOURCE=2 -DRATPOINTS_MAX_BITS_IN_PRIME=7 -DUSE_SSE -g -O2 -fdebug-prefix-map=/<<PKGBUILDDIR>>=. -fstack-protector-strong -Wformat -Werror=format-security -Wall -O2 -fomit-frame-pointer -funroll-loops -c ./init.c -o init.o >/dev/null 2>&1
make[2]: Leaving directory '/<<PKGBUILDDIR>>'
Makefile:462: recipe for target 'all' failed
make[1]: *** [all] Error 2
make[1]: Leaving directory '/<<PKGBUILDDIR>>'
dh_auto_build: make -j16 returned exit code 2
debian/rules:6: recipe for target 'build-arch' failed
make: *** [build-arch] Error 2
dpkg-buildpackage: error: debian/rules build-arch gave error exit status 2
--------------------------------------------------------------------------------
Build finished at 2017-07-06T20:32:01Z

Finished
--------


+------------------------------------------------------------------------------+
| Cleanup                                                                      |
+------------------------------------------------------------------------------+

Purging /<<BUILDDIR>>
Not cleaning session: cloned chroot in use
E: Build failure (dpkg-buildpackage died)

+------------------------------------------------------------------------------+
| Summary                                                                      |
+------------------------------------------------------------------------------+

Build Architecture: amd64
Build Type: any
Build-Space: 4284
Build-Time: 9
Distribution: unstable
Fail-Stage: build
Host Architecture: amd64
Install-Time: 6
Job: ratpoints_1:2.1.3-1
Machine Architecture: amd64
Package: ratpoints
Package-Time: 32
Source-Version: 1:2.1.3-1
Space: 4284
Status: attempted
Version: 1:2.1.3-1
--------------------------------------------------------------------------------
Finished at 2017-07-06T20:32:01Z
Build needed 00:00:32, 4284k disk space
E: Build failure (dpkg-buildpackage died)
DC-Status: Failed 33.080523172s
DC-Time-Estimation: 33.080523172 versus expected 259 (r/m: 6.829380407720476 ; m: 33.080523172)
