DC-Build-Header: schroot 1.6.10-1 / 2014-09-04 18:06:07 +0000
DC-Task: source:schroot version:1.6.10-1 architecture:any chroot:unstable esttime:567 logfile:/tmp/schroot_1.6.10-1_unstable_clang.log modes:binary-only:parallel:clang
DC-Sbuild-call: su user -c 'sbuild -n --apt-update -d unstable -v  --chroot-setup-commands=/tmp/switch-to-clang --append-to-version "clang1" --maintainer "Lucas Nussbaum <lucas@debian.org>" --uploader "Lucas Nussbaum <lucas@debian.org>" schroot_1.6.10-1'
sbuild (Debian sbuild) 0.63.2 (18 Aug 2012) on ip-172-31-11-43.us-west-2.compute.internal

╔══════════════════════════════════════════════════════════════════════════════╗
║ schroot 1.6.10-1clang1 (amd64)                             04 Sep 2014 18:06 ║
╚══════════════════════════════════════════════════════════════════════════════╝

Package: schroot
Version: 1.6.10-1clang1
Source Version: 1.6.10-1
Distribution: unstable
Machine Architecture: amd64
Host Architecture: amd64
Build Architecture: amd64

I: NOTICE: Log filtering will replace 'build/schroot-Goewdz/schroot-1.6.10' with '«PKGBUILDDIR»'
I: NOTICE: Log filtering will replace 'build/schroot-Goewdz' with '«BUILDDIR»'
I: NOTICE: Log filtering will replace 'var/lib/schroot/mount/unstable-amd64-sbuild-c457271e-afb6-495f-a94a-abe49a121c36' with '«CHROOT»'

┌──────────────────────────────────────────────────────────────────────────────┐
│ Update chroot                                                                │
└──────────────────────────────────────────────────────────────────────────────┘

Get:1 http://localhost:9999 unstable InRelease [233 kB]
Get:2 http://localhost:9999 unstable/main Sources/DiffIndex [7876 B]
Get:3 http://localhost:9999 unstable/main amd64 Packages/DiffIndex [7876 B]
Get:4 http://localhost:9999 unstable/main Translation-en/DiffIndex [7876 B]
Get:5 http://localhost:9999 unstable/main 2014-09-03-1436.55.pdiff [24.7 kB]
Get:6 http://localhost:9999 unstable/main 2014-09-03-2030.01.pdiff [10.5 kB]
Get:7 http://localhost:9999 unstable/main 2014-09-04-0229.22.pdiff [7545 B]
Get:8 http://localhost:9999 unstable/main 2014-09-04-0831.05.pdiff [14.0 kB]
Get:9 http://localhost:9999 unstable/main amd64 2014-09-03-1436.55.pdiff [26.7 kB]
Get:10 http://localhost:9999 unstable/main 2014-09-04-0831.05.pdiff [14.0 kB]
Get:11 http://localhost:9999 unstable/main amd64 2014-09-03-2030.01.pdiff [12.4 kB]
Get:12 http://localhost:9999 unstable/main amd64 2014-09-04-0229.22.pdiff [5892 B]
Get:13 http://localhost:9999 unstable/main amd64 2014-09-04-0831.05.pdiff [18.1 kB]
Get:14 http://localhost:9999 unstable/main 2014-09-03-1436.55.pdiff [3960 B]
Get:15 http://localhost:9999 unstable/main 2014-09-03-2030.01.pdiff [1010 B]
Get:16 http://localhost:9999 unstable/main 2014-09-04-0229.22.pdiff [648 B]
Get:17 http://localhost:9999 unstable/main 2014-09-04-0831.05.pdiff [61 B]
Get:18 http://localhost:9999 unstable/main amd64 2014-09-04-0831.05.pdiff [18.1 kB]
Get:19 http://localhost:9999 unstable/main 2014-09-04-0831.05.pdiff [61 B]
Fetched 382 kB in 4s (81.2 kB/s)
Reading package lists...
Reading package lists...
Building dependency tree...
Reading state information...
The following packages will be upgraded:
  binutils
1 upgraded, 0 newly installed, 0 to remove and 0 not upgraded.
Need to get 3310 kB of archives.
After this operation, 50.2 kB of additional disk space will be used.
Get:1 http://localhost:9999/debian/ unstable/main binutils amd64 2.24.51.20140903-1 [3310 kB]
debconf: delaying package configuration, since apt-utils is not installed
Fetched 3310 kB in 0s (35.2 MB/s)
(Reading database ... 15135 files and directories currently installed.)
Preparing to unpack .../binutils_2.24.51.20140903-1_amd64.deb ...
Unpacking binutils (2.24.51.20140903-1) over (2.24.51.20140818-1) ...
Setting up binutils (2.24.51.20140903-1) ...
Processing triggers for libc-bin (2.19-10) ...

┌──────────────────────────────────────────────────────────────────────────────┐
│ Fetch source files                                                           │
└──────────────────────────────────────────────────────────────────────────────┘


Check APT
─────────

Checking available source versions...

Download source files with APT
──────────────────────────────

Reading package lists...
Building dependency tree...
Reading state information...
NOTICE: 'schroot' packaging is maintained in the 'Git' version control system at:
git://git.debian.org/git/buildd-tools/schroot
Need to get 827 kB of source archives.
Get:1 http://localhost:9999/debian/ unstable/main schroot 1.6.10-1 (dsc) [2452 B]
Get:2 http://localhost:9999/debian/ unstable/main schroot 1.6.10-1 (tar) [797 kB]
Get:3 http://localhost:9999/debian/ unstable/main schroot 1.6.10-1 (diff) [27.1 kB]
Fetched 827 kB in 1s (472 kB/s)
Download complete and in download only mode

Check arch
──────────


┌──────────────────────────────────────────────────────────────────────────────┐
│ Chroot Setup Commands                                                        │
└──────────────────────────────────────────────────────────────────────────────┘


/tmp/switch-to-clang
────────────────────

+ echo 'Entering customization script...'
Entering customization script...
+ CLANG_VERSION=3.5
+ echo 'Install of clang-3.5'
Install of clang-3.5
+ apt-get update
Hit http://localhost:9999 unstable InRelease
Get:1 http://localhost:9999 unstable/main Sources/DiffIndex [7876 B]
Get:2 http://localhost:9999 unstable/main amd64 Packages/DiffIndex [7876 B]
Get:3 http://localhost:9999 unstable/main Translation-en/DiffIndex [7876 B]
Fetched 23.6 kB in 1s (14.4 kB/s)
Reading package lists...
+ apt-get install --yes --no-install-recommends --force-yes clang-3.5
Reading package lists...
Building dependency tree...
Reading state information...
The following extra packages will be installed:
  libbsd0 libclang-common-3.5-dev libclang1-3.5 libedit2 libffi6 libllvm3.5
  libobjc-4.9-dev libobjc4
Suggested packages:
  gnustep gnustep-devel clang-3.5-doc
Recommended packages:
  llvm-3.5-dev python
The following NEW packages will be installed:
  clang-3.5 libbsd0 libclang-common-3.5-dev libclang1-3.5 libedit2 libffi6
  libllvm3.5 libobjc-4.9-dev libobjc4
0 upgraded, 9 newly installed, 0 to remove and 0 not upgraded.
Need to get 33.3 MB of archives.
After this operation, 132 MB of additional disk space will be used.
Get:1 http://localhost:9999/debian/ unstable/main libbsd0 amd64 0.7.0-2 [67.9 kB]
Get:2 http://localhost:9999/debian/ unstable/main libedit2 amd64 3.1-20140620-2 [85.1 kB]
Get:3 http://localhost:9999/debian/ unstable/main libffi6 amd64 3.1-2 [19.8 kB]
Get:4 http://localhost:9999/debian/ unstable/main libllvm3.5 amd64 1:3.5-1 [7609 kB]
Get:5 http://localhost:9999/debian/ unstable/main libobjc4 amd64 4.9.1-12 [112 kB]
Get:6 http://localhost:9999/debian/ unstable/main libobjc-4.9-dev amd64 4.9.1-12 [372 kB]
Get:7 http://localhost:9999/debian/ unstable/main libclang1-3.5 amd64 1:3.5-1 [3628 kB]
Get:8 http://localhost:9999/debian/ unstable/main libclang-common-3.5-dev amd64 1:3.5-1 [677 kB]
Get:9 http://localhost:9999/debian/ unstable/main clang-3.5 amd64 1:3.5-1 [20.7 MB]
debconf: delaying package configuration, since apt-utils is not installed
Fetched 33.3 MB in 0s (36.8 MB/s)
Selecting previously unselected package libbsd0:amd64.
(Reading database ... 15135 files and directories currently installed.)
Preparing to unpack .../libbsd0_0.7.0-2_amd64.deb ...
Unpacking libbsd0:amd64 (0.7.0-2) ...
Selecting previously unselected package libedit2:amd64.
Preparing to unpack .../libedit2_3.1-20140620-2_amd64.deb ...
Unpacking libedit2:amd64 (3.1-20140620-2) ...
Selecting previously unselected package libffi6:amd64.
Preparing to unpack .../libffi6_3.1-2_amd64.deb ...
Unpacking libffi6:amd64 (3.1-2) ...
Selecting previously unselected package libllvm3.5:amd64.
Preparing to unpack .../libllvm3.5_1%3a3.5-1_amd64.deb ...
Unpacking libllvm3.5:amd64 (1:3.5-1) ...
Selecting previously unselected package libobjc4:amd64.
Preparing to unpack .../libobjc4_4.9.1-12_amd64.deb ...
Unpacking libobjc4:amd64 (4.9.1-12) ...
Selecting previously unselected package libobjc-4.9-dev:amd64.
Preparing to unpack .../libobjc-4.9-dev_4.9.1-12_amd64.deb ...
Unpacking libobjc-4.9-dev:amd64 (4.9.1-12) ...
Selecting previously unselected package libclang1-3.5:amd64.
Preparing to unpack .../libclang1-3.5_1%3a3.5-1_amd64.deb ...
Unpacking libclang1-3.5:amd64 (1:3.5-1) ...
Selecting previously unselected package libclang-common-3.5-dev.
Preparing to unpack .../libclang-common-3.5-dev_1%3a3.5-1_amd64.deb ...
Unpacking libclang-common-3.5-dev (1:3.5-1) ...
Selecting previously unselected package clang-3.5.
Preparing to unpack .../clang-3.5_1%3a3.5-1_amd64.deb ...
Unpacking clang-3.5 (1:3.5-1) ...
Setting up libbsd0:amd64 (0.7.0-2) ...
Setting up libedit2:amd64 (3.1-20140620-2) ...
Setting up libffi6:amd64 (3.1-2) ...
Setting up libllvm3.5:amd64 (1:3.5-1) ...
Setting up libobjc4:amd64 (4.9.1-12) ...
Setting up libobjc-4.9-dev:amd64 (4.9.1-12) ...
Setting up libclang1-3.5:amd64 (1:3.5-1) ...
Setting up libclang-common-3.5-dev (1:3.5-1) ...
Setting up clang-3.5 (1:3.5-1) ...
Processing triggers for libc-bin (2.19-10) ...
+ echo 'Replace gcc, g++ & cpp by clang'
Replace gcc, g++ & cpp by clang
+ VERSIONS='4.6 4.7 4.8 4.9'
+ cd /usr/bin
+ for VERSION in '$VERSIONS'
+ rm -f g++-4.6 gcc-4.6 cpp-4.6 gcc
+ ln -s clang++-3.5 g++-4.6
+ ln -s clang-3.5 gcc-4.6
+ ln -s clang-3.5 cpp-4.6
+ ln -s clang-3.5 gcc
+ echo 'gcc-4.6 hold'
+ dpkg --set-selections
+ echo 'g++-4.6 hold'
+ dpkg --set-selections
+ for VERSION in '$VERSIONS'
+ rm -f g++-4.7 gcc-4.7 cpp-4.7 gcc
+ ln -s clang++-3.5 g++-4.7
+ ln -s clang-3.5 gcc-4.7
+ ln -s clang-3.5 cpp-4.7
+ ln -s clang-3.5 gcc
+ echo 'gcc-4.7 hold'
+ dpkg --set-selections
+ echo 'g++-4.7 hold'
+ dpkg --set-selections
+ for VERSION in '$VERSIONS'
+ rm -f g++-4.8 gcc-4.8 cpp-4.8 gcc
+ ln -s clang++-3.5 g++-4.8
+ ln -s clang-3.5 gcc-4.8
+ ln -s clang-3.5 cpp-4.8
+ ln -s clang-3.5 gcc
+ echo 'gcc-4.8 hold'
+ dpkg --set-selections
dpkg: warning: package not in database at line 1: gcc-4.8
dpkg: warning: found unknown packages; this might mean the available database
is outdated, and needs to be updated through a frontend method
+ echo 'g++-4.8 hold'
+ dpkg --set-selections
dpkg: warning: package not in database at line 1: g++-4.8
dpkg: warning: found unknown packages; this might mean the available database
is outdated, and needs to be updated through a frontend method
+ for VERSION in '$VERSIONS'
+ rm -f g++-4.9 gcc-4.9 cpp-4.9 gcc
+ ln -s clang++-3.5 g++-4.9
+ ln -s clang-3.5 gcc-4.9
+ ln -s clang-3.5 cpp-4.9
+ ln -s clang-3.5 gcc
+ echo 'gcc-4.9 hold'
+ dpkg --set-selections
+ echo 'g++-4.9 hold'
+ dpkg --set-selections
+ cd -
/«BUILDDIR»
+ echo 'Check if gcc, g++ & cpp are actually clang'
Check if gcc, g++ & cpp are actually clang
+ gcc --version
+ grep clang
+ cpp --version
+ grep clang
+ g++ --version
+ grep clang

I: Finished running '/tmp/switch-to-clang'.

Finished processing commands.
────────────────────────────────────────────────────────────────────────────────
Merged Build-Depends: build-essential, fakeroot
Filtered Build-Depends: build-essential, fakeroot
dpkg-deb: building package `sbuild-build-depends-core-dummy' in `/«BUILDDIR»/resolver-QRJznI/apt_archive/sbuild-build-depends-core-dummy.deb'.
OK
Reading package lists...

┌──────────────────────────────────────────────────────────────────────────────┐
│ Install core build dependencies (apt-based resolver)                         │
└──────────────────────────────────────────────────────────────────────────────┘

Installing build dependencies
Reading package lists...
Building dependency tree...
Reading state information...
The following NEW packages will be installed:
  sbuild-build-depends-core-dummy
debconf: delaying package configuration, since apt-utils is not installed
0 upgraded, 1 newly installed, 0 to remove and 0 not upgraded.
Need to get 0 B/818 B of archives.
After this operation, 0 B of additional disk space will be used.
Selecting previously unselected package sbuild-build-depends-core-dummy.
(Reading database ... 15338 files and directories currently installed.)
Preparing to unpack .../sbuild-build-depends-core-dummy.deb ...
Unpacking sbuild-build-depends-core-dummy (0.invalid.0) ...
Setting up sbuild-build-depends-core-dummy (0.invalid.0) ...
Merged Build-Depends: base-files, base-passwd, bash, bsdutils, coreutils, dash, debianutils, diffutils, dpkg, e2fsprogs, findutils, grep, gzip, hostname, init, libc-bin, login, mount, ncurses-base, ncurses-bin, perl-base, sed, sysvinit-utils, tar, util-linux, libc6-dev | libc-dev, gcc (>= 4:4.9.1), g++ (>= 4:4.9.1), make, dpkg-dev (>= 1.17.11), cmake, debhelper (>= 9), pkg-config, libpam0g-dev, uuid-dev, libboost-dev, libboost-iostreams-dev, libboost-program-options-dev, libboost-regex-dev, libboost-filesystem-dev, gettext, libcppunit-dev, groff-base, po4a (>= 0.40)
Filtered Build-Depends: base-files, base-passwd, bash, bsdutils, coreutils, dash, debianutils, diffutils, dpkg, e2fsprogs, findutils, grep, gzip, hostname, init, libc-bin, login, mount, ncurses-base, ncurses-bin, perl-base, sed, sysvinit-utils, tar, util-linux, libc6-dev, gcc (>= 4:4.9.1), g++ (>= 4:4.9.1), make, dpkg-dev (>= 1.17.11), cmake, debhelper (>= 9), pkg-config, libpam0g-dev, uuid-dev, libboost-dev, libboost-iostreams-dev, libboost-program-options-dev, libboost-regex-dev, libboost-filesystem-dev, gettext, libcppunit-dev, groff-base, po4a (>= 0.40)
dpkg-deb: building package `sbuild-build-depends-schroot-dummy' in `/«BUILDDIR»/resolver-k6rkcU/apt_archive/sbuild-build-depends-schroot-dummy.deb'.
OK
Reading package lists...

┌──────────────────────────────────────────────────────────────────────────────┐
│ Install schroot build dependencies (apt-based resolver)                      │
└──────────────────────────────────────────────────────────────────────────────┘

Installing build dependencies
Reading package lists...
Building dependency tree...
Reading state information...
The following extra packages will be installed:
  bsdmainutils cmake cmake-data debhelper file gettext gettext-base groff-base
  icu-devtools intltool-debian libarchive13 libasprintf0c2 libboost-dev
  libboost-filesystem-dev libboost-filesystem1.55-dev
  libboost-filesystem1.55.0 libboost-iostreams-dev libboost-iostreams1.55-dev
  libboost-iostreams1.55.0 libboost-program-options-dev
  libboost-program-options1.55-dev libboost-program-options1.55.0
  libboost-regex-dev libboost-regex1.55-dev libboost-regex1.55.0
  libboost-system1.55-dev libboost-system1.55.0 libboost1.55-dev
  libcppunit-1.13-0 libcppunit-dev libcroco3 libcurl3 libglib2.0-0
  libgnutls-deb0-28 libgnutls26 libgssapi-krb5-2 libhogweed2 libicu-dev
  libicu52 libidn11 libk5crypto3 libkeyutils1 libkrb5-3 libkrb5support0
  libldap-2.4-2 liblzo2-2 libmagic1 libnettle4 libp11-kit0 libpam0g-dev
  libpipeline1 librtmp1 libsasl2-2 libsasl2-modules-db libsgmls-perl libsp1c2
  libssh2-1 libssl1.0.0 libtasn1-6 libunistring0 libxml2 man-db pkg-config
  po-debconf po4a sp uuid-dev
Suggested packages:
  wamerican wordlist whois vacation codeblocks eclipse ninja-build dh-make
  gettext-doc groff lrzip libboost-doc libboost1.55-doc
  libboost-atomic1.55-dev libboost-chrono1.55-dev libboost-context1.55-dev
  libboost-coroutine1.55-dev libboost-date-time1.55-dev
  libboost-exception1.55-dev libboost-graph1.55-dev
  libboost-graph-parallel1.55-dev libboost-locale1.55-dev libboost-log1.55-dev
  libboost-math1.55-dev libboost-mpi1.55-dev libboost-mpi-python1.55-dev
  libboost-python1.55-dev libboost-random1.55-dev
  libboost-serialization1.55-dev libboost-signals1.55-dev
  libboost-test1.55-dev libboost-thread1.55-dev libboost-timer1.55-dev
  libboost-wave1.55-dev libboost1.55-tools-dev libmpfrc++-dev libntl-dev
  libcppunit-doc gnutls-bin krb5-doc krb5-user icu-doc sgmlspl sgmls-doc less
  www-browser libmail-box-perl doc-base sgml-data
Recommended packages:
  curl wget lynx-cur autopoint libasprintf-dev libgettextpo-dev
  ca-certificates libglib2.0-data shared-mime-info krb5-locales
  libsasl2-modules xml-core libmail-sendmail-perl libterm-readkey-perl
  libunicode-linebreak-perl
The following NEW packages will be installed:
  bsdmainutils cmake cmake-data debhelper file gettext gettext-base groff-base
  icu-devtools intltool-debian libarchive13 libasprintf0c2 libboost-dev
  libboost-filesystem-dev libboost-filesystem1.55-dev
  libboost-filesystem1.55.0 libboost-iostreams-dev libboost-iostreams1.55-dev
  libboost-iostreams1.55.0 libboost-program-options-dev
  libboost-program-options1.55-dev libboost-program-options1.55.0
  libboost-regex-dev libboost-regex1.55-dev libboost-regex1.55.0
  libboost-system1.55-dev libboost-system1.55.0 libboost1.55-dev
  libcppunit-1.13-0 libcppunit-dev libcroco3 libcurl3 libglib2.0-0
  libgnutls-deb0-28 libgnutls26 libgssapi-krb5-2 libhogweed2 libicu-dev
  libicu52 libidn11 libk5crypto3 libkeyutils1 libkrb5-3 libkrb5support0
  libldap-2.4-2 liblzo2-2 libmagic1 libnettle4 libp11-kit0 libpam0g-dev
  libpipeline1 librtmp1 libsasl2-2 libsasl2-modules-db libsgmls-perl libsp1c2
  libssh2-1 libssl1.0.0 libtasn1-6 libunistring0 libxml2 man-db pkg-config
  po-debconf po4a sbuild-build-depends-schroot-dummy sp uuid-dev
0 upgraded, 68 newly installed, 0 to remove and 0 not upgraded.
Need to get 42.5 MB/42.5 MB of archives.
After this operation, 236 MB of additional disk space will be used.
Get:1 http://localhost:9999/debian/ unstable/main libboost-iostreams1.55.0 amd64 1.55.0+dfsg-2 [48.4 kB]
Get:2 http://localhost:9999/debian/ unstable/main libpipeline1 amd64 1.3.0-1 [25.8 kB]
Get:3 http://localhost:9999/debian/ unstable/main libssl1.0.0 amd64 1.0.1i-2 [1026 kB]
Get:4 http://localhost:9999/debian/ unstable/main groff-base amd64 1.22.2-7 [1142 kB]
Get:5 http://localhost:9999/debian/ unstable/main bsdmainutils amd64 9.0.5 [211 kB]
Get:6 http://localhost:9999/debian/ unstable/main man-db amd64 2.6.7.1-1 [990 kB]
Get:7 http://localhost:9999/debian/ unstable/main libasprintf0c2 amd64 0.19.2-2 [30.8 kB]
Get:8 http://localhost:9999/debian/ unstable/main libnettle4 amd64 2.7.1-3 [175 kB]
Get:9 http://localhost:9999/debian/ unstable/main libhogweed2 amd64 2.7.1-3 [125 kB]
Get:10 http://localhost:9999/debian/ unstable/main libp11-kit0 amd64 0.20.3-2 [153 kB]
Get:11 http://localhost:9999/debian/ unstable/main libtasn1-6 amd64 4.1-1 [48.2 kB]
Get:12 http://localhost:9999/debian/ unstable/main libgnutls-deb0-28 amd64 3.3.7-2 [685 kB]
Get:13 http://localhost:9999/debian/ unstable/main libgnutls26 amd64 2.12.23-17 [531 kB]
Get:14 http://localhost:9999/debian/ unstable/main libkeyutils1 amd64 1.5.9-5 [11.7 kB]
Get:15 http://localhost:9999/debian/ unstable/main libkrb5support0 amd64 1.12.1+dfsg-9 [57.8 kB]
Get:16 http://localhost:9999/debian/ unstable/main libk5crypto3 amd64 1.12.1+dfsg-9 [113 kB]
Get:17 http://localhost:9999/debian/ unstable/main libkrb5-3 amd64 1.12.1+dfsg-9 [302 kB]
Get:18 http://localhost:9999/debian/ unstable/main libgssapi-krb5-2 amd64 1.12.1+dfsg-9 [150 kB]
Get:19 http://localhost:9999/debian/ unstable/main libidn11 amd64 1.29-1 [135 kB]
Get:20 http://localhost:9999/debian/ unstable/main libsasl2-modules-db amd64 2.1.26.dfsg1-11 [66.8 kB]
Get:21 http://localhost:9999/debian/ unstable/main libsasl2-2 amd64 2.1.26.dfsg1-11 [104 kB]
Get:22 http://localhost:9999/debian/ unstable/main libldap-2.4-2 amd64 2.4.39-1.1+b1 [214 kB]
Get:23 http://localhost:9999/debian/ unstable/main libmagic1 amd64 1:5.19-1 [237 kB]
Get:24 http://localhost:9999/debian/ unstable/main libxml2 amd64 2.9.1+dfsg1-4 [797 kB]
Get:25 http://localhost:9999/debian/ unstable/main liblzo2-2 amd64 2.08-1 [54.9 kB]
Get:26 http://localhost:9999/debian/ unstable/main libarchive13 amd64 3.1.2-9 [269 kB]
Get:27 http://localhost:9999/debian/ unstable/main libboost-system1.55.0 amd64 1.55.0+dfsg-2 [30.2 kB]
Get:28 http://localhost:9999/debian/ unstable/main libboost-filesystem1.55.0 amd64 1.55.0+dfsg-2 [56.7 kB]
Get:29 http://localhost:9999/debian/ unstable/main libboost-program-options1.55.0 amd64 1.55.0+dfsg-2 [135 kB]
Get:30 http://localhost:9999/debian/ unstable/main libicu52 amd64 52.1-5 [6774 kB]
Get:31 http://localhost:9999/debian/ unstable/main libboost-regex1.55.0 amd64 1.55.0+dfsg-2 [284 kB]
Get:32 http://localhost:9999/debian/ unstable/main libcppunit-1.13-0 amd64 1.13.2-2 [116 kB]
Get:33 http://localhost:9999/debian/ unstable/main libglib2.0-0 amd64 2.40.0-5 [2421 kB]
Get:34 http://localhost:9999/debian/ unstable/main libcroco3 amd64 0.6.8-3 [135 kB]
Get:35 http://localhost:9999/debian/ unstable/main librtmp1 amd64 2.4+20131018.git79459a2-4 [59.4 kB]
Get:36 http://localhost:9999/debian/ unstable/main libssh2-1 amd64 1.4.3-4 [125 kB]
Get:37 http://localhost:9999/debian/ unstable/main libcurl3 amd64 7.37.1-1 [254 kB]
Get:38 http://localhost:9999/debian/ unstable/main libunistring0 amd64 0.9.3-5.2 [283 kB]
Get:39 http://localhost:9999/debian/ unstable/main file amd64 1:5.19-1 [58.0 kB]
Get:40 http://localhost:9999/debian/ unstable/main gettext-base amd64 0.19.2-2 [120 kB]
Get:41 http://localhost:9999/debian/ unstable/main cmake-data all 2.8.12.2-1 [1285 kB]
Get:42 http://localhost:9999/debian/ unstable/main cmake amd64 2.8.12.2-1 [2650 kB]
Get:43 http://localhost:9999/debian/ unstable/main gettext amd64 0.19.2-2 [1237 kB]
Get:44 http://localhost:9999/debian/ unstable/main intltool-debian all 0.35.0+20060710.1 [30.8 kB]
Get:45 http://localhost:9999/debian/ unstable/main po-debconf all 1.0.16+nmu3 [220 kB]
Get:46 http://localhost:9999/debian/ unstable/main debhelper all 9.20140817 [814 kB]
Get:47 http://localhost:9999/debian/ unstable/main icu-devtools amd64 52.1-5 [171 kB]
Get:48 http://localhost:9999/debian/ unstable/main libboost1.55-dev amd64 1.55.0+dfsg-2 [5812 kB]
Get:49 http://localhost:9999/debian/ unstable/main libboost-dev amd64 1.55.0.2 [3368 B]
Get:50 http://localhost:9999/debian/ unstable/main libboost-system1.55-dev amd64 1.55.0+dfsg-2 [30.7 kB]
Get:51 http://localhost:9999/debian/ unstable/main libboost-filesystem1.55-dev amd64 1.55.0+dfsg-2 [64.0 kB]
Get:52 http://localhost:9999/debian/ unstable/main libboost-filesystem-dev amd64 1.55.0.2 [3040 B]
Get:53 http://localhost:9999/debian/ unstable/main libicu-dev amd64 52.1-5 [7628 kB]
Get:54 http://localhost:9999/debian/ unstable/main libboost-regex1.55-dev amd64 1.55.0+dfsg-2 [325 kB]
Get:55 http://localhost:9999/debian/ unstable/main libboost-iostreams1.55-dev amd64 1.55.0+dfsg-2 [53.1 kB]
Get:56 http://localhost:9999/debian/ unstable/main libboost-iostreams-dev amd64 1.55.0.2 [3010 B]
Get:57 http://localhost:9999/debian/ unstable/main libboost-program-options1.55-dev amd64 1.55.0+dfsg-2 [155 kB]
Get:58 http://localhost:9999/debian/ unstable/main libboost-program-options-dev amd64 1.55.0.2 [3024 B]
Get:59 http://localhost:9999/debian/ unstable/main libboost-regex-dev amd64 1.55.0.2 [3276 B]
Get:60 http://localhost:9999/debian/ unstable/main libcppunit-dev amd64 1.13.2-2 [174 kB]
Get:61 http://localhost:9999/debian/ unstable/main libpam0g-dev amd64 1.1.8-3.1 [182 kB]
Get:62 http://localhost:9999/debian/ unstable/main libsp1c2 amd64 1.3.4-1.2.1-47.3 [1396 kB]
Get:63 http://localhost:9999/debian/ unstable/main sp amd64 1.3.4-1.2.1-47.3 [180 kB]
Get:64 http://localhost:9999/debian/ unstable/main libsgmls-perl all 1.03ii-33 [28.2 kB]
Get:65 http://localhost:9999/debian/ unstable/main pkg-config amd64 0.28-1 [57.5 kB]
Get:66 http://localhost:9999/debian/ unstable/main po4a all 0.45-1 [1380 kB]
Get:67 http://localhost:9999/debian/ unstable/main uuid-dev amd64 2.20.1-5.8 [70.6 kB]
debconf: delaying package configuration, since apt-utils is not installed
Fetched 42.5 MB in 4s (10.3 MB/s)
Selecting previously unselected package libboost-iostreams1.55.0:amd64.
(Reading database ... 15338 files and directories currently installed.)
Preparing to unpack .../libboost-iostreams1.55.0_1.55.0+dfsg-2_amd64.deb ...
Unpacking libboost-iostreams1.55.0:amd64 (1.55.0+dfsg-2) ...
Selecting previously unselected package libpipeline1:amd64.
Preparing to unpack .../libpipeline1_1.3.0-1_amd64.deb ...
Unpacking libpipeline1:amd64 (1.3.0-1) ...
Selecting previously unselected package libssl1.0.0:amd64.
Preparing to unpack .../libssl1.0.0_1.0.1i-2_amd64.deb ...
Unpacking libssl1.0.0:amd64 (1.0.1i-2) ...
Selecting previously unselected package groff-base.
Preparing to unpack .../groff-base_1.22.2-7_amd64.deb ...
Unpacking groff-base (1.22.2-7) ...
Selecting previously unselected package bsdmainutils.
Preparing to unpack .../bsdmainutils_9.0.5_amd64.deb ...
Unpacking bsdmainutils (9.0.5) ...
Selecting previously unselected package man-db.
Preparing to unpack .../man-db_2.6.7.1-1_amd64.deb ...
Unpacking man-db (2.6.7.1-1) ...
Selecting previously unselected package libasprintf0c2:amd64.
Preparing to unpack .../libasprintf0c2_0.19.2-2_amd64.deb ...
Unpacking libasprintf0c2:amd64 (0.19.2-2) ...
Selecting previously unselected package libnettle4:amd64.
Preparing to unpack .../libnettle4_2.7.1-3_amd64.deb ...
Unpacking libnettle4:amd64 (2.7.1-3) ...
Selecting previously unselected package libhogweed2:amd64.
Preparing to unpack .../libhogweed2_2.7.1-3_amd64.deb ...
Unpacking libhogweed2:amd64 (2.7.1-3) ...
Selecting previously unselected package libp11-kit0:amd64.
Preparing to unpack .../libp11-kit0_0.20.3-2_amd64.deb ...
Unpacking libp11-kit0:amd64 (0.20.3-2) ...
Selecting previously unselected package libtasn1-6:amd64.
Preparing to unpack .../libtasn1-6_4.1-1_amd64.deb ...
Unpacking libtasn1-6:amd64 (4.1-1) ...
Selecting previously unselected package libgnutls-deb0-28:amd64.
Preparing to unpack .../libgnutls-deb0-28_3.3.7-2_amd64.deb ...
Unpacking libgnutls-deb0-28:amd64 (3.3.7-2) ...
Selecting previously unselected package libgnutls26:amd64.
Preparing to unpack .../libgnutls26_2.12.23-17_amd64.deb ...
Unpacking libgnutls26:amd64 (2.12.23-17) ...
Selecting previously unselected package libkeyutils1:amd64.
Preparing to unpack .../libkeyutils1_1.5.9-5_amd64.deb ...
Unpacking libkeyutils1:amd64 (1.5.9-5) ...
Selecting previously unselected package libkrb5support0:amd64.
Preparing to unpack .../libkrb5support0_1.12.1+dfsg-9_amd64.deb ...
Unpacking libkrb5support0:amd64 (1.12.1+dfsg-9) ...
Selecting previously unselected package libk5crypto3:amd64.
Preparing to unpack .../libk5crypto3_1.12.1+dfsg-9_amd64.deb ...
Unpacking libk5crypto3:amd64 (1.12.1+dfsg-9) ...
Selecting previously unselected package libkrb5-3:amd64.
Preparing to unpack .../libkrb5-3_1.12.1+dfsg-9_amd64.deb ...
Unpacking libkrb5-3:amd64 (1.12.1+dfsg-9) ...
Selecting previously unselected package libgssapi-krb5-2:amd64.
Preparing to unpack .../libgssapi-krb5-2_1.12.1+dfsg-9_amd64.deb ...
Unpacking libgssapi-krb5-2:amd64 (1.12.1+dfsg-9) ...
Selecting previously unselected package libidn11:amd64.
Preparing to unpack .../libidn11_1.29-1_amd64.deb ...
Unpacking libidn11:amd64 (1.29-1) ...
Selecting previously unselected package libsasl2-modules-db:amd64.
Preparing to unpack .../libsasl2-modules-db_2.1.26.dfsg1-11_amd64.deb ...
Unpacking libsasl2-modules-db:amd64 (2.1.26.dfsg1-11) ...
Selecting previously unselected package libsasl2-2:amd64.
Preparing to unpack .../libsasl2-2_2.1.26.dfsg1-11_amd64.deb ...
Unpacking libsasl2-2:amd64 (2.1.26.dfsg1-11) ...
Selecting previously unselected package libldap-2.4-2:amd64.
Preparing to unpack .../libldap-2.4-2_2.4.39-1.1+b1_amd64.deb ...
Unpacking libldap-2.4-2:amd64 (2.4.39-1.1+b1) ...
Selecting previously unselected package libmagic1:amd64.
Preparing to unpack .../libmagic1_1%3a5.19-1_amd64.deb ...
Unpacking libmagic1:amd64 (1:5.19-1) ...
Selecting previously unselected package libxml2:amd64.
Preparing to unpack .../libxml2_2.9.1+dfsg1-4_amd64.deb ...
Unpacking libxml2:amd64 (2.9.1+dfsg1-4) ...
Selecting previously unselected package liblzo2-2:amd64.
Preparing to unpack .../liblzo2-2_2.08-1_amd64.deb ...
Unpacking liblzo2-2:amd64 (2.08-1) ...
Selecting previously unselected package libarchive13:amd64.
Preparing to unpack .../libarchive13_3.1.2-9_amd64.deb ...
Unpacking libarchive13:amd64 (3.1.2-9) ...
Selecting previously unselected package libboost-system1.55.0:amd64.
Preparing to unpack .../libboost-system1.55.0_1.55.0+dfsg-2_amd64.deb ...
Unpacking libboost-system1.55.0:amd64 (1.55.0+dfsg-2) ...
Selecting previously unselected package libboost-filesystem1.55.0:amd64.
Preparing to unpack .../libboost-filesystem1.55.0_1.55.0+dfsg-2_amd64.deb ...
Unpacking libboost-filesystem1.55.0:amd64 (1.55.0+dfsg-2) ...
Selecting previously unselected package libboost-program-options1.55.0:amd64.
Preparing to unpack .../libboost-program-options1.55.0_1.55.0+dfsg-2_amd64.deb ...
Unpacking libboost-program-options1.55.0:amd64 (1.55.0+dfsg-2) ...
Selecting previously unselected package libicu52:amd64.
Preparing to unpack .../libicu52_52.1-5_amd64.deb ...
Unpacking libicu52:amd64 (52.1-5) ...
Selecting previously unselected package libboost-regex1.55.0:amd64.
Preparing to unpack .../libboost-regex1.55.0_1.55.0+dfsg-2_amd64.deb ...
Unpacking libboost-regex1.55.0:amd64 (1.55.0+dfsg-2) ...
Selecting previously unselected package libcppunit-1.13-0:amd64.
Preparing to unpack .../libcppunit-1.13-0_1.13.2-2_amd64.deb ...
Unpacking libcppunit-1.13-0:amd64 (1.13.2-2) ...
Selecting previously unselected package libglib2.0-0:amd64.
Preparing to unpack .../libglib2.0-0_2.40.0-5_amd64.deb ...
Unpacking libglib2.0-0:amd64 (2.40.0-5) ...
Selecting previously unselected package libcroco3:amd64.
Preparing to unpack .../libcroco3_0.6.8-3_amd64.deb ...
Unpacking libcroco3:amd64 (0.6.8-3) ...
Selecting previously unselected package librtmp1:amd64.
Preparing to unpack .../librtmp1_2.4+20131018.git79459a2-4_amd64.deb ...
Unpacking librtmp1:amd64 (2.4+20131018.git79459a2-4) ...
Selecting previously unselected package libssh2-1:amd64.
Preparing to unpack .../libssh2-1_1.4.3-4_amd64.deb ...
Unpacking libssh2-1:amd64 (1.4.3-4) ...
Selecting previously unselected package libcurl3:amd64.
Preparing to unpack .../libcurl3_7.37.1-1_amd64.deb ...
Unpacking libcurl3:amd64 (7.37.1-1) ...
Selecting previously unselected package libunistring0:amd64.
Preparing to unpack .../libunistring0_0.9.3-5.2_amd64.deb ...
Unpacking libunistring0:amd64 (0.9.3-5.2) ...
Selecting previously unselected package file.
Preparing to unpack .../file_1%3a5.19-1_amd64.deb ...
Unpacking file (1:5.19-1) ...
Selecting previously unselected package gettext-base.
Preparing to unpack .../gettext-base_0.19.2-2_amd64.deb ...
Unpacking gettext-base (0.19.2-2) ...
Selecting previously unselected package cmake-data.
Preparing to unpack .../cmake-data_2.8.12.2-1_all.deb ...
Unpacking cmake-data (2.8.12.2-1) ...
Selecting previously unselected package cmake.
Preparing to unpack .../cmake_2.8.12.2-1_amd64.deb ...
Unpacking cmake (2.8.12.2-1) ...
Selecting previously unselected package gettext.
Preparing to unpack .../gettext_0.19.2-2_amd64.deb ...
Unpacking gettext (0.19.2-2) ...
Selecting previously unselected package intltool-debian.
Preparing to unpack .../intltool-debian_0.35.0+20060710.1_all.deb ...
Unpacking intltool-debian (0.35.0+20060710.1) ...
Selecting previously unselected package po-debconf.
Preparing to unpack .../po-debconf_1.0.16+nmu3_all.deb ...
Unpacking po-debconf (1.0.16+nmu3) ...
Selecting previously unselected package debhelper.
Preparing to unpack .../debhelper_9.20140817_all.deb ...
Unpacking debhelper (9.20140817) ...
Selecting previously unselected package icu-devtools.
Preparing to unpack .../icu-devtools_52.1-5_amd64.deb ...
Unpacking icu-devtools (52.1-5) ...
Selecting previously unselected package libboost1.55-dev:amd64.
Preparing to unpack .../libboost1.55-dev_1.55.0+dfsg-2_amd64.deb ...
Unpacking libboost1.55-dev:amd64 (1.55.0+dfsg-2) ...
Selecting previously unselected package libboost-dev:amd64.
Preparing to unpack .../libboost-dev_1.55.0.2_amd64.deb ...
Unpacking libboost-dev:amd64 (1.55.0.2) ...
Selecting previously unselected package libboost-system1.55-dev:amd64.
Preparing to unpack .../libboost-system1.55-dev_1.55.0+dfsg-2_amd64.deb ...
Unpacking libboost-system1.55-dev:amd64 (1.55.0+dfsg-2) ...
Selecting previously unselected package libboost-filesystem1.55-dev:amd64.
Preparing to unpack .../libboost-filesystem1.55-dev_1.55.0+dfsg-2_amd64.deb ...
Unpacking libboost-filesystem1.55-dev:amd64 (1.55.0+dfsg-2) ...
Selecting previously unselected package libboost-filesystem-dev:amd64.
Preparing to unpack .../libboost-filesystem-dev_1.55.0.2_amd64.deb ...
Unpacking libboost-filesystem-dev:amd64 (1.55.0.2) ...
Selecting previously unselected package libicu-dev:amd64.
Preparing to unpack .../libicu-dev_52.1-5_amd64.deb ...
Unpacking libicu-dev:amd64 (52.1-5) ...
Selecting previously unselected package libboost-regex1.55-dev:amd64.
Preparing to unpack .../libboost-regex1.55-dev_1.55.0+dfsg-2_amd64.deb ...
Unpacking libboost-regex1.55-dev:amd64 (1.55.0+dfsg-2) ...
Selecting previously unselected package libboost-iostreams1.55-dev:amd64.
Preparing to unpack .../libboost-iostreams1.55-dev_1.55.0+dfsg-2_amd64.deb ...
Unpacking libboost-iostreams1.55-dev:amd64 (1.55.0+dfsg-2) ...
Selecting previously unselected package libboost-iostreams-dev:amd64.
Preparing to unpack .../libboost-iostreams-dev_1.55.0.2_amd64.deb ...
Unpacking libboost-iostreams-dev:amd64 (1.55.0.2) ...
Selecting previously unselected package libboost-program-options1.55-dev:amd64.
Preparing to unpack .../libboost-program-options1.55-dev_1.55.0+dfsg-2_amd64.deb ...
Unpacking libboost-program-options1.55-dev:amd64 (1.55.0+dfsg-2) ...
Selecting previously unselected package libboost-program-options-dev:amd64.
Preparing to unpack .../libboost-program-options-dev_1.55.0.2_amd64.deb ...
Unpacking libboost-program-options-dev:amd64 (1.55.0.2) ...
Selecting previously unselected package libboost-regex-dev:amd64.
Preparing to unpack .../libboost-regex-dev_1.55.0.2_amd64.deb ...
Unpacking libboost-regex-dev:amd64 (1.55.0.2) ...
Selecting previously unselected package libcppunit-dev.
Preparing to unpack .../libcppunit-dev_1.13.2-2_amd64.deb ...
Unpacking libcppunit-dev (1.13.2-2) ...
Selecting previously unselected package libpam0g-dev:amd64.
Preparing to unpack .../libpam0g-dev_1.1.8-3.1_amd64.deb ...
Unpacking libpam0g-dev:amd64 (1.1.8-3.1) ...
Selecting previously unselected package libsp1c2.
Preparing to unpack .../libsp1c2_1.3.4-1.2.1-47.3_amd64.deb ...
Unpacking libsp1c2 (1.3.4-1.2.1-47.3) ...
Selecting previously unselected package sp.
Preparing to unpack .../sp_1.3.4-1.2.1-47.3_amd64.deb ...
Unpacking sp (1.3.4-1.2.1-47.3) ...
Selecting previously unselected package libsgmls-perl.
Preparing to unpack .../libsgmls-perl_1.03ii-33_all.deb ...
Unpacking libsgmls-perl (1.03ii-33) ...
Selecting previously unselected package pkg-config.
Preparing to unpack .../pkg-config_0.28-1_amd64.deb ...
Unpacking pkg-config (0.28-1) ...
Selecting previously unselected package po4a.
Preparing to unpack .../archives/po4a_0.45-1_all.deb ...
Unpacking po4a (0.45-1) ...
Selecting previously unselected package uuid-dev.
Preparing to unpack .../uuid-dev_2.20.1-5.8_amd64.deb ...
Unpacking uuid-dev (2.20.1-5.8) ...
Selecting previously unselected package sbuild-build-depends-schroot-dummy.
Preparing to unpack .../sbuild-build-depends-schroot-dummy.deb ...
Unpacking sbuild-build-depends-schroot-dummy (0.invalid.0) ...
Setting up libboost-iostreams1.55.0:amd64 (1.55.0+dfsg-2) ...
Setting up libpipeline1:amd64 (1.3.0-1) ...
Setting up libssl1.0.0:amd64 (1.0.1i-2) ...
Setting up groff-base (1.22.2-7) ...
Setting up bsdmainutils (9.0.5) ...
update-alternatives: using /usr/bin/bsd-write to provide /usr/bin/write (write) in auto mode
update-alternatives: using /usr/bin/bsd-from to provide /usr/bin/from (from) in auto mode
Setting up man-db (2.6.7.1-1) ...
Not building database; man-db/auto-update is not 'true'.
Setting up libasprintf0c2:amd64 (0.19.2-2) ...
Setting up libnettle4:amd64 (2.7.1-3) ...
Setting up libhogweed2:amd64 (2.7.1-3) ...
Setting up libp11-kit0:amd64 (0.20.3-2) ...
Setting up libtasn1-6:amd64 (4.1-1) ...
Setting up libgnutls-deb0-28:amd64 (3.3.7-2) ...
Setting up libgnutls26:amd64 (2.12.23-17) ...
Setting up libkeyutils1:amd64 (1.5.9-5) ...
Setting up libkrb5support0:amd64 (1.12.1+dfsg-9) ...
Setting up libk5crypto3:amd64 (1.12.1+dfsg-9) ...
Setting up libkrb5-3:amd64 (1.12.1+dfsg-9) ...
Setting up libgssapi-krb5-2:amd64 (1.12.1+dfsg-9) ...
Setting up libidn11:amd64 (1.29-1) ...
Setting up libsasl2-modules-db:amd64 (2.1.26.dfsg1-11) ...
Setting up libsasl2-2:amd64 (2.1.26.dfsg1-11) ...
Setting up libldap-2.4-2:amd64 (2.4.39-1.1+b1) ...
Setting up libmagic1:amd64 (1:5.19-1) ...
Setting up libxml2:amd64 (2.9.1+dfsg1-4) ...
Setting up liblzo2-2:amd64 (2.08-1) ...
Setting up libarchive13:amd64 (3.1.2-9) ...
Setting up libboost-system1.55.0:amd64 (1.55.0+dfsg-2) ...
Setting up libboost-filesystem1.55.0:amd64 (1.55.0+dfsg-2) ...
Setting up libboost-program-options1.55.0:amd64 (1.55.0+dfsg-2) ...
Setting up libicu52:amd64 (52.1-5) ...
Setting up libboost-regex1.55.0:amd64 (1.55.0+dfsg-2) ...
Setting up libcppunit-1.13-0:amd64 (1.13.2-2) ...
Setting up libglib2.0-0:amd64 (2.40.0-5) ...
No schema files found: doing nothing.
Setting up libcroco3:amd64 (0.6.8-3) ...
Setting up librtmp1:amd64 (2.4+20131018.git79459a2-4) ...
Setting up libssh2-1:amd64 (1.4.3-4) ...
Setting up libcurl3:amd64 (7.37.1-1) ...
Setting up libunistring0:amd64 (0.9.3-5.2) ...
Setting up file (1:5.19-1) ...
Setting up gettext-base (0.19.2-2) ...
Setting up cmake-data (2.8.12.2-1) ...
Setting up cmake (2.8.12.2-1) ...
Setting up gettext (0.19.2-2) ...
Setting up intltool-debian (0.35.0+20060710.1) ...
Setting up po-debconf (1.0.16+nmu3) ...
Setting up debhelper (9.20140817) ...
Setting up icu-devtools (52.1-5) ...
Setting up libboost1.55-dev:amd64 (1.55.0+dfsg-2) ...
Setting up libboost-dev:amd64 (1.55.0.2) ...
Setting up libboost-system1.55-dev:amd64 (1.55.0+dfsg-2) ...
Setting up libboost-filesystem1.55-dev:amd64 (1.55.0+dfsg-2) ...
Setting up libboost-filesystem-dev:amd64 (1.55.0.2) ...
Setting up libicu-dev:amd64 (52.1-5) ...
Setting up libboost-regex1.55-dev:amd64 (1.55.0+dfsg-2) ...
Setting up libboost-iostreams1.55-dev:amd64 (1.55.0+dfsg-2) ...
Setting up libboost-iostreams-dev:amd64 (1.55.0.2) ...
Setting up libboost-program-options1.55-dev:amd64 (1.55.0+dfsg-2) ...
Setting up libboost-program-options-dev:amd64 (1.55.0.2) ...
Setting up libboost-regex-dev:amd64 (1.55.0.2) ...
Setting up libcppunit-dev (1.13.2-2) ...
Setting up libpam0g-dev:amd64 (1.1.8-3.1) ...
Setting up libsp1c2 (1.3.4-1.2.1-47.3) ...
Setting up sp (1.3.4-1.2.1-47.3) ...
Setting up libsgmls-perl (1.03ii-33) ...
Setting up pkg-config (0.28-1) ...
Setting up po4a (0.45-1) ...
Setting up uuid-dev (2.20.1-5.8) ...
Setting up sbuild-build-depends-schroot-dummy (0.invalid.0) ...
Processing triggers for libc-bin (2.19-10) ...

┌──────────────────────────────────────────────────────────────────────────────┐
│ Build environment                                                            │
└──────────────────────────────────────────────────────────────────────────────┘

Kernel: Linux 2.6.32-5-xen-amd64 amd64 (x86_64)
Toolchain package versions: binutils_2.24.51.20140903-1 dpkg-dev_1.17.13 g++-4.6_4.6.4-7 g++-4.9_4.9.1-12 gcc-4.6_4.6.4-7 gcc-4.7_4.7.4-3 gcc-4.9_4.9.1-12 libc6-dev_2.19-10 libstdc++-4.9-dev_4.9.1-12 libstdc++6_4.9.1-12 libstdc++6-4.6-dev_4.6.4-7 linux-libc-dev_3.14.15-2
Package versions: acl_2.2.52-1.1 adduser_3.113+nmu3 apt_1.0.7 base-files_7.5 base-passwd_3.5.35 bash_4.3-9 binutils_2.24.51.20140903-1 bsdmainutils_9.0.5 bsdutils_1:2.20.1-5.8 build-essential_11.7 bzip2_1.0.6-7 clang-3.5_1:3.5-1 cmake_2.8.12.2-1 cmake-data_2.8.12.2-1 coreutils_8.23-2 cpp_4:4.9.1-3 cpp-4.6_4.6.4-7 cpp-4.7_4.7.4-3 cpp-4.9_4.9.1-12 dash_0.5.7-4 dbus_1.8.6-2 debconf_1.5.53 debconf-i18n_1.5.53 debfoster_2.7-2 debhelper_9.20140817 debian-archive-keyring_2014.1 debianutils_4.4 diffutils_1:3.3-1 dmsetup_2:1.02.88-1 dpkg_1.17.13 dpkg-dev_1.17.13 e2fslibs_1.42.12-1 e2fsprogs_1.42.12-1 fakeroot_1.20.1-1.1 file_1:5.19-1 findutils_4.4.2-9 g++_4:4.9.1-3 g++-4.6_4.6.4-7 g++-4.9_4.9.1-12 gcc_4:4.9.1-3 gcc-4.4-base_4.4.7-8 gcc-4.5-base_4.5.4-1 gcc-4.6_4.6.4-7 gcc-4.6-base_4.6.4-7 gcc-4.7_4.7.4-3 gcc-4.7-base_4.7.4-3 gcc-4.8-base_4.8.3-10 gcc-4.9_4.9.1-12 gcc-4.9-base_4.9.1-12 gettext_0.19.2-2 gettext-base_0.19.2-2 gnupg_1.4.18-3 gpgv_1.4.18-3 grep_2.20-2 groff-base_1.22.2-7 gzip_1.6-3 hostname_3.15 icu-devtools_52.1-5 init_1.21 initscripts_2.88dsf-53.4 insserv_1.14.0-5 intltool-debian_0.35.0+20060710.1 libacl1_2.2.52-1.1 libalgorithm-c3-perl_0.09-1 libapt-pkg4.12_1.0.7 libarchive-extract-perl_0.72-1 libarchive13_3.1.2-9 libasan1_4.9.1-12 libasprintf0c2_0.19.2-2 libatomic1_4.9.1-12 libattr1_1:2.4.47-1 libaudit-common_1:2.3.7-1 libaudit1_1:2.3.7-1 libblkid1_2.20.1-5.8 libboost-dev_1.55.0.2 libboost-filesystem-dev_1.55.0.2 libboost-filesystem1.55-dev_1.55.0+dfsg-2 libboost-filesystem1.55.0_1.55.0+dfsg-2 libboost-iostreams-dev_1.55.0.2 libboost-iostreams1.55-dev_1.55.0+dfsg-2 libboost-iostreams1.55.0_1.55.0+dfsg-2 libboost-program-options-dev_1.55.0.2 libboost-program-options1.55-dev_1.55.0+dfsg-2 libboost-program-options1.55.0_1.55.0+dfsg-2 libboost-regex-dev_1.55.0.2 libboost-regex1.55-dev_1.55.0+dfsg-2 libboost-regex1.55.0_1.55.0+dfsg-2 libboost-system1.55-dev_1.55.0+dfsg-2 libboost-system1.55.0_1.55.0+dfsg-2 libboost1.55-dev_1.55.0+dfsg-2 libbsd0_0.7.0-2 libbz2-1.0_1.0.6-7 libc-bin_2.19-10 libc-dev-bin_2.19-10 libc6_2.19-10 libc6-dev_2.19-10 libcap-ng0_0.7.4-2 libcap2_1:2.24-4 libcap2-bin_1:2.24-4 libcgi-fast-perl_1:2.02-1 libcgi-pm-perl_4.03-1 libcilkrts5_4.9.1-12 libclang-common-3.5-dev_1:3.5-1 libclang1-3.5_1:3.5-1 libclass-c3-perl_0.26-1 libclass-c3-xs-perl_0.13-2+b1 libclass-isa-perl_0.36-5 libcloog-isl4_0.18.2-1 libcloog-ppl1_0.16.1-5 libcomerr2_1.42.12-1 libcppunit-1.13-0_1.13.2-2 libcppunit-dev_1.13.2-2 libcroco3_0.6.8-3 libcryptsetup4_2:1.6.6-1 libcurl3_7.37.1-1 libdata-optlist-perl_0.109-1 libdata-section-perl_0.200006-1 libdb5.1_5.1.29-5 libdb5.3_5.3.28-6 libdbus-1-3_1.8.6-2 libdebconfclient0_0.191 libdevmapper1.02.1_2:1.02.88-1 libdpkg-perl_1.17.13 libedit2_3.1-20140620-2 libexpat1_2.1.0-6 libfakeroot_1.20.1-1.1 libfcgi-perl_0.77-1+b1 libffi6_3.1-2 libfile-fcntllock-perl_0.22-1+b1 libgc1c2_1:7.2d-6.3 libgcc-4.7-dev_4.7.4-3 libgcc-4.9-dev_4.9.1-12 libgcc1_1:4.9.1-12 libgcrypt11_1.5.4-3 libgcrypt20_1.6.2-3 libgdbm3_1.8.3-13 libglib2.0-0_2.40.0-5 libgmp10_2:6.0.0+dfsg-6 libgmpxx4ldbl_2:6.0.0+dfsg-6 libgnutls-deb0-28_3.3.7-2 libgnutls26_2.12.23-17 libgomp1_4.9.1-12 libgpg-error0_1.13-4 libgpm2_1.20.4-6.1 libgssapi-krb5-2_1.12.1+dfsg-9 libhogweed2_2.7.1-3 libicu-dev_52.1-5 libicu52_52.1-5 libidn11_1.29-1 libisl10_0.12.2-2 libitm1_4.9.1-12 libk5crypto3_1.12.1+dfsg-9 libkeyutils1_1.5.9-5 libkmod2_18-1 libkrb5-3_1.12.1+dfsg-9 libkrb5support0_1.12.1+dfsg-9 libldap-2.4-2_2.4.39-1.1+b1 libllvm3.5_1:3.5-1 liblocale-gettext-perl_1.05-8+b1 liblog-message-perl_0.8-1 liblog-message-simple-perl_0.10-2 liblsan0_4.9.1-12 liblzma5_5.1.1alpha+20120614-2 liblzo2-2_2.08-1 libmagic1_1:5.19-1 libmodule-build-perl_0.420800-1 libmodule-pluggable-perl_5.1-1 libmodule-signature-perl_0.73-1 libmount1_2.20.1-5.8 libmpc2_0.9-4 libmpc3_1.0.2-1 libmpfr4_3.1.2-1 libmro-compat-perl_0.12-1 libncurses5_5.9+20140712-2 libncursesw5_5.9+20140712-2 libnettle4_2.7.1-3 libobjc-4.9-dev_4.9.1-12 libobjc4_4.9.1-12 libp11-kit0_0.20.3-2 libpackage-constants-perl_0.04-1 libpam-cap_1:2.24-4 libpam-modules_1.1.8-3.1 libpam-modules-bin_1.1.8-3.1 libpam-runtime_1.1.8-3.1 libpam-systemd_208-8 libpam0g_1.1.8-3.1 libpam0g-dev_1.1.8-3.1 libparams-util-perl_1.07-2+b1 libpcre3_1:8.35-3 libpipeline1_1.3.0-1 libpod-latex-perl_0.61-1 libpod-readme-perl_0.11-1 libppl-c4_1:1.1-3 libppl13_1:1.1-3 libprocps3_1:3.3.9-7 libquadmath0_4.9.1-12 libreadline6_6.3-8 libregexp-common-perl_2013031301-1 librtmp1_2.4+20131018.git79459a2-4 libsasl2-2_2.1.26.dfsg1-11 libsasl2-modules-db_2.1.26.dfsg1-11 libselinux1_2.3-2 libsemanage-common_2.3-1 libsemanage1_2.3-1 libsepol1_2.3-2 libsgmls-perl_1.03ii-33 libslang2_2.2.4-17 libsoftware-license-perl_0.103010-1 libsp1c2_1.3.4-1.2.1-47.3 libss2_1.42.12-1 libssh2-1_1.4.3-4 libssl1.0.0_1.0.1i-2 libstdc++-4.9-dev_4.9.1-12 libstdc++6_4.9.1-12 libstdc++6-4.6-dev_4.6.4-7 libsub-exporter-perl_0.986-1 libsub-install-perl_0.928-1 libswitch-perl_2.17-1 libsystemd-daemon0_208-8 libsystemd-journal0_208-8 libsystemd-login0_208-8 libtasn1-6_4.1-1 libterm-ui-perl_0.42-1 libtext-charwidth-perl_0.04-7+b3 libtext-iconv-perl_1.7-5+b2 libtext-soundex-perl_3.4-1+b2 libtext-template-perl_1.46-1 libtext-wrapi18n-perl_0.06-7 libtimedate-perl_2.3000-2 libtinfo5_5.9+20140712-2 libtsan0_4.9.1-12 libubsan0_4.9.1-12 libudev1_208-8 libunistring0_0.9.3-5.2 libusb-0.1-4_2:0.1.12-24 libustr-1.0-1_1.0.4-3 libuuid1_2.20.1-5.8 libwrap0_7.6.q-25 libxml2_2.9.1+dfsg1-4 linux-libc-dev_3.14.15-2 login_1:4.2-2+b1 lsb-base_4.1+Debian13 make_4.0-8 man-db_2.6.7.1-1 mawk_1.3.3-17 mount_2.20.1-5.8 multiarch-support_2.19-10 ncurses-base_5.9+20140712-2 ncurses-bin_5.9+20140712-2 passwd_1:4.2-2+b1 patch_2.7.1-6 perl_5.20.0-6 perl-base_5.20.0-6 perl-modules_5.20.0-6 pkg-config_0.28-1 po-debconf_1.0.16+nmu3 po4a_0.45-1 procps_1:3.3.9-7 psmisc_22.21-2 readline-common_6.3-8 rename_0.20-3 sbuild-build-depends-core-dummy_0.invalid.0 sbuild-build-depends-schroot-dummy_0.invalid.0 sed_4.2.2-4 sensible-utils_0.0.9 sp_1.3.4-1.2.1-47.3 startpar_0.59-3 sudo_1.8.9p5-1 systemd_208-8 systemd-sysv_208-8 sysv-rc_2.88dsf-53.4 sysvinit_2.88dsf-53.4 sysvinit-utils_2.88dsf-53.4 tar_1.27.1-2 tcpd_7.6.q-25 tzdata_2014g-1 ucf_3.0030 udev_208-8 util-linux_2.20.1-5.8 uuid-dev_2.20.1-5.8 vim_2:7.4.430-1 vim-common_2:7.4.430-1 vim-runtime_2:7.4.430-1 xz-utils_5.1.1alpha+20120614-2 zlib1g_1:1.2.8.dfsg-2

┌──────────────────────────────────────────────────────────────────────────────┐
│ Build                                                                        │
└──────────────────────────────────────────────────────────────────────────────┘


Unpack source
─────────────

gpgv: keyblock resource `/sbuild-nonexistent/.gnupg/trustedkeys.gpg': file open error
gpgv: Signature made Mon May  5 20:42:20 2014 UTC using RSA key ID 0A9F5C59
gpgv: Can't check signature: public key not found
dpkg-source: warning: failed to verify signature on ./schroot_1.6.10-1.dsc
dpkg-source: info: extracting schroot in schroot-1.6.10
dpkg-source: info: unpacking schroot_1.6.10.orig.tar.xz
dpkg-source: info: unpacking schroot_1.6.10-1.debian.tar.xz

Check disc space
────────────────

Sufficient free space for build

Hack binNMU version
───────────────────

Created changelog entry for binNMU version 1.6.10-1clang1

User Environment
────────────────

DEB_BUILD_OPTIONS=parallel=10
HOME=/sbuild-nonexistent
LOGNAME=user
PATH=/usr/local/sbin:/usr/local/bin:/usr/sbin:/usr/bin:/sbin:/bin:/usr/games
SCHROOT_ALIAS_NAME=unstable-amd64-sbuild
SCHROOT_CHROOT_NAME=unstable-amd64-sbuild
SCHROOT_COMMAND=env
SCHROOT_GID=1000
SCHROOT_GROUP=user
SCHROOT_SESSION_ID=unstable-amd64-sbuild-c457271e-afb6-495f-a94a-abe49a121c36
SCHROOT_UID=1000
SCHROOT_USER=user
SHELL=/bin/sh
USER=user

dpkg-buildpackage
─────────────────

dpkg-buildpackage: source package schroot
dpkg-buildpackage: source version 1.6.10-1clang1
dpkg-buildpackage: source distribution unstable
 dpkg-source --before-build schroot-1.6.10
dpkg-buildpackage: host architecture amd64
 fakeroot debian/rules clean
dh clean --buildsystem=cmake --builddirectory=debian/build --parallel
   dh_testdir -O--buildsystem=cmake -O--builddirectory=debian/build -O--parallel
   debian/rules override_dh_auto_clean
make[1]: Entering directory '/«PKGBUILDDIR»'
dh_auto_clean
rm -f debian/dchroot-dsa.install debian/libsbuild1.install debian/schroot-common.install debian/dchroot.install debian/schroot.install debian/libsbuild-dev.install
rm -rf debian/build
rm -rf debian/install
make[1]: Leaving directory '/«PKGBUILDDIR»'
   dh_clean -O--buildsystem=cmake -O--builddirectory=debian/build -O--parallel
 debian/rules build-arch
dh build-arch --buildsystem=cmake --builddirectory=debian/build --parallel
   dh_testdir -a -O--buildsystem=cmake -O--builddirectory=debian/build -O--parallel
   debian/rules override_dh_auto_configure
make[1]: Entering directory '/«PKGBUILDDIR»'
mkdir -p debian/build/
cd debian/build/ ; \
  GTEST_ROOT="/«PKGBUILDDIR»/debian/build/gtest" \
  CFLAGS="-g -O2 -fPIE -fstack-protector-strong -Wformat -Werror=format-security -Wall -D_FORTIFY_SOURCE=2" \
  CXXFLAGS="-g -O2 -fPIE -fstack-protector-strong -Wformat -Werror=format-security -Wall -D_FORTIFY_SOURCE=2" \
  cmake -DCMAKE_INSTALL_PREFIX=/usr \
        -DCMAKE_INSTALL_SYSCONFDIR=/etc \
        -DCMAKE_INSTALL_LOCALSTATEDIR=/var \
        -DCMAKE_INSTALL_LIBEXECDIR=lib \
        -DSCHROOT_LIBEXEC_DIR=/usr/lib/x86_64-linux-gnu/schroot \
        -Ddebug=OFF -Ddchroot=ON -Ddchroot-dsa=ON \
        -Dbash_completion_dir=/etc/bash_completion.d \
        -Dlvm-snapshot=ON -Dbtrfs-snapshot=ON \
        -DBTRFS_EXECUTABLE=/sbin/btrfs \
        -DLVCREATE_EXECUTABLE=/sbin/lvcreate \
        -DLVREMOVE_EXECUTABLE=/sbin/lvremove \
        /«PKGBUILDDIR»
-- The C compiler identification is Clang 3.5.0
-- The CXX compiler identification is Clang 3.5.0
-- Check for working C compiler: /usr/bin/cc
-- Check for working C compiler: /usr/bin/cc -- works
-- Detecting C compiler ABI info
-- Detecting C compiler ABI info - done
-- Check for working CXX compiler: /usr/bin/c++
-- Check for working CXX compiler: /usr/bin/c++ -- works
-- Detecting CXX compiler ABI info
-- Detecting CXX compiler ABI info - done
-- Reading release metadata from cmake/GitVersion.cmake
-- Configuring schroot 1.6.10 (05 May 2014)
-- Performing Test CXX_FLAG_CXX11
-- Performing Test CXX_FLAG_CXX11 - Success
-- Performing Test CXX_FLAG-pedantic
-- Performing Test CXX_FLAG-pedantic - Success
-- Performing Test CXX_FLAG-Wall
-- Performing Test CXX_FLAG-Wall - Success
-- Performing Test CXX_FLAG-Wcast-align
-- Performing Test CXX_FLAG-Wcast-align - Success
-- Performing Test CXX_FLAG-Wwrite-strings
-- Performing Test CXX_FLAG-Wwrite-strings - Success
-- Performing Test CXX_FLAG-Wswitch-default
-- Performing Test CXX_FLAG-Wswitch-default - Success
-- Performing Test CXX_FLAG-Wcast-qual
-- Performing Test CXX_FLAG-Wcast-qual - Success
-- Performing Test CXX_FLAG-Wunused-variable
-- Performing Test CXX_FLAG-Wunused-variable - Success
-- Performing Test CXX_FLAG-Wredundant-decls
-- Performing Test CXX_FLAG-Wredundant-decls - Success
-- Performing Test CXX_FLAG-Wctor-dtor-privacy
-- Performing Test CXX_FLAG-Wctor-dtor-privacy - Success
-- Performing Test CXX_FLAG-Wnon-virtual-dtor
-- Performing Test CXX_FLAG-Wnon-virtual-dtor - Success
-- Performing Test CXX_FLAG-Wreorder
-- Performing Test CXX_FLAG-Wreorder - Success
-- Performing Test CXX_FLAG-Wold-style-cast
-- Performing Test CXX_FLAG-Wold-style-cast - Success
-- Performing Test CXX_FLAG-Woverloaded-virtual
-- Performing Test CXX_FLAG-Woverloaded-virtual - Success
-- Performing Test CXX_FLAG-fstrict-aliasing
-- Performing Test CXX_FLAG-fstrict-aliasing - Success
-- Looking for C++ include tuple
-- Looking for C++ include tuple - found
-- Looking for C++ include tr1/tuple
-- Looking for C++ include tr1/tuple - found
-- Performing Test HAVE_MEMORY_SHARED_PTR
-- Performing Test HAVE_MEMORY_SHARED_PTR - Success
-- Looking for C++ include tr1/memory
-- Looking for C++ include tr1/memory - found
-- Looking for include file pthread.h
-- Looking for include file pthread.h - found
-- Looking for pthread_create
-- Looking for pthread_create - not found
-- Looking for pthread_create in pthreads
-- Looking for pthread_create in pthreads - not found
-- Looking for pthread_create in pthread
-- Looking for pthread_create in pthread - found
-- Found Threads: TRUE  
-- Boost version: 1.55.0
-- Boost version: 1.55.0
-- Found the following Boost libraries:
--   filesystem
--   system
--   iostreams
--   program_options
--   regex
-- Looking for C++ include boost/format.hpp
-- Looking for C++ include boost/format.hpp - found
-- Looking for C++ include boost/iostreams/device/file_descriptor.hpp
-- Looking for C++ include boost/iostreams/device/file_descriptor.hpp - found
-- Looking for C++ include boost/program_options.hpp
-- Looking for C++ include boost/program_options.hpp - found
-- Looking for C++ include boost/type_traits.hpp
-- Looking for C++ include boost/type_traits.hpp - found
-- Performing Test BOOST_PROGRAM_OPTIONS_LINK
-- Performing Test BOOST_PROGRAM_OPTIONS_LINK - Success
-- Performing Test BOOST_PROGRAM_OPTIONS_DESCRIPTION_CURRENT_LINK
-- Performing Test BOOST_PROGRAM_OPTIONS_DESCRIPTION_CURRENT_LINK - Success
-- Performing Test BOOST_IOSTREAMS_LINK
-- Performing Test BOOST_IOSTREAMS_LINK - Success
-- Performing Test BOOST_IOSTREAMS_CLOSE_HANDLE_CURRENT_LINK
-- Performing Test BOOST_IOSTREAMS_CLOSE_HANDLE_CURRENT_LINK - Success
-- Performing Test BOOST_FILESYSTEM_LINK
-- Performing Test BOOST_FILESYSTEM_LINK - Success
-- Performing Test HAVE_REGEX_REGEX
-- Performing Test HAVE_REGEX_REGEX - Success
-- Performing Test CPPUNIT_CLASS
-- Performing Test CPPUNIT_CLASS - Success
-- Found Gettext: /usr/bin/msgmerge (found version "0.19.2") 
-- Looking for C++ include uuid/uuid.h
-- Looking for C++ include uuid/uuid.h - found
-- Looking for uuid_generate in uuid
-- Looking for uuid_generate in uuid - found
-- Looking for C++ include security/pam_appl.h
-- Looking for C++ include security/pam_appl.h - found
-- Looking for pam_authenticate in pam
-- Looking for pam_authenticate in pam - found
-- Could NOT find Doxygen (missing:  DOXYGEN_EXECUTABLE) 
-- Could NOT find Doxygen (missing:  DOXYGEN_EXECUTABLE) 
-- Looking for C++ include sys/personality.h
-- Looking for C++ include sys/personality.h - found
-- Looking for personality
-- Looking for personality - found
-- Generated schroot profile buildd/copyfiles
-- Generated schroot profile buildd/fstab
-- Generated schroot profile buildd/nssdatabases
-- Generated schroot profile default/copyfiles
-- Generated schroot profile default/fstab
-- Generated schroot profile default/nssdatabases
-- Generated schroot profile desktop/copyfiles
-- Generated schroot profile desktop/fstab
-- Generated schroot profile desktop/nssdatabases
-- Generated schroot profile minimal/copyfiles
-- Generated schroot profile minimal/fstab
-- Generated schroot profile minimal/nssdatabases
-- Generated schroot profile sbuild/copyfiles
-- Generated schroot profile sbuild/fstab
-- Generated schroot profile sbuild/nssdatabases
po4a::man: This page includes another file with '.so'. Do not forget to translate this file ('config.man').
po4a::man: This page includes another file with '.so'. Do not forget to translate this file ('authors.man').
po4a::man: This page includes another file with '.so'. Do not forget to translate this file ('copyright.man').
po4a::man: This page includes another file with '.so'. Do not forget to translate this file ('config.man').
po4a::man: This page includes another file with '.so'. Do not forget to translate this file ('authors.man').
po4a::man: This page includes another file with '.so'. Do not forget to translate this file ('copyright.man').
po4a::man: This page includes another file with '.so'. Do not forget to translate this file ('config.man').
po4a::man: This page includes another file with '.so'. Do not forget to translate this file ('authors.man').
po4a::man: This page includes another file with '.so'. Do not forget to translate this file ('copyright.man').
po4a::man: This page includes another file with '.so'. Do not forget to translate this file ('config.man').
po4a::man: This page includes another file with '.so'. Do not forget to translate this file ('authors.man').
po4a::man: This page includes another file with '.so'. Do not forget to translate this file ('copyright.man').
po4a::man: This page includes another file with '.so'. Do not forget to translate this file ('config.man').
po4a::man: This page includes another file with '.so'. Do not forget to translate this file ('authors.man').
po4a::man: This page includes another file with '.so'. Do not forget to translate this file ('copyright.man').
po4a::man: This page includes another file with '.so'. Do not forget to translate this file ('config.man').
po4a::man: This page includes another file with '.so'. Do not forget to translate this file ('authors.man').
po4a::man: This page includes another file with '.so'. Do not forget to translate this file ('copyright.man').
po4a::man: This page includes another file with '.so'. Do not forget to translate this file ('config.man').
po4a::man: This page includes another file with '.so'. Do not forget to translate this file ('authors.man').
po4a::man: This page includes another file with '.so'. Do not forget to translate this file ('copyright.man').
 (652 entries)
po4a::man: This page includes another file with '.so'. Do not forget to translate this file ('config.man').
po4a::man: This page includes another file with '.so'. Do not forget to translate this file ('authors.man').
po4a::man: This page includes another file with '.so'. Do not forget to translate this file ('copyright.man').
po4a::man: This page includes another file with '.so'. Do not forget to translate this file ('config.man').
po4a::man: This page includes another file with '.so'. Do not forget to translate this file ('authors.man').
po4a::man: This page includes another file with '.so'. Do not forget to translate this file ('copyright.man').
po4a::man: This page includes another file with '.so'. Do not forget to translate this file ('config.man').
po4a::man: This page includes another file with '.so'. Do not forget to translate this file ('authors.man').
po4a::man: This page includes another file with '.so'. Do not forget to translate this file ('copyright.man').
po4a::man: This page includes another file with '.so'. Do not forget to translate this file ('config.man').
po4a::man: This page includes another file with '.so'. Do not forget to translate this file ('authors.man').
po4a::man: This page includes another file with '.so'. Do not forget to translate this file ('copyright.man').
po4a::man: This page includes another file with '.so'. Do not forget to translate this file ('config.man').
po4a::man: This page includes another file with '.so'. Do not forget to translate this file ('authors.man').
po4a::man: This page includes another file with '.so'. Do not forget to translate this file ('copyright.man').
po4a::man: This page includes another file with '.so'. Do not forget to translate this file ('config.man').
po4a::man: This page includes another file with '.so'. Do not forget to translate this file ('authors.man').
po4a::man: This page includes another file with '.so'. Do not forget to translate this file ('copyright.man').
po4a::man: This page includes another file with '.so'. Do not forget to translate this file ('config.man').
po4a::man: This page includes another file with '.so'. Do not forget to translate this file ('authors.man').
po4a::man: This page includes another file with '.so'. Do not forget to translate this file ('copyright.man').
po4a::man: This page includes another file with '.so'. Do not forget to translate this file ('config.man').
po4a::man: This page includes another file with '.so'. Do not forget to translate this file ('authors.man').
po4a::man: This page includes another file with '.so'. Do not forget to translate this file ('copyright.man').
po4a::man: This page includes another file with '.so'. Do not forget to translate this file ('config.man').
po4a::man: This page includes another file with '.so'. Do not forget to translate this file ('authors.man').
po4a::man: This page includes another file with '.so'. Do not forget to translate this file ('copyright.man').
po4a::man: This page includes another file with '.so'. Do not forget to translate this file ('config.man').
po4a::man: This page includes another file with '.so'. Do not forget to translate this file ('authors.man').
po4a::man: This page includes another file with '.so'. Do not forget to translate this file ('copyright.man').
po4a::man: This page includes another file with '.so'. Do not forget to translate this file ('config.man').
po4a::man: This page includes another file with '.so'. Do not forget to translate this file ('authors.man').
po4a::man: This page includes another file with '.so'. Do not forget to translate this file ('copyright.man').
po4a::man: This page includes another file with '.so'. Do not forget to translate this file ('config.man').
po4a::man: This page includes another file with '.so'. Do not forget to translate this file ('authors.man').
po4a::man: This page includes another file with '.so'. Do not forget to translate this file ('copyright.man').
po4a::man: This page includes another file with '.so'. Do not forget to translate this file ('config.man').
po4a::man: This page includes another file with '.so'. Do not forget to translate this file ('authors.man').
po4a::man: This page includes another file with '.so'. Do not forget to translate this file ('copyright.man').
po4a::man: This page includes another file with '.so'. Do not forget to translate this file ('config.man').
po4a::man: This page includes another file with '.so'. Do not forget to translate this file ('authors.man').
po4a::man: This page includes another file with '.so'. Do not forget to translate this file ('copyright.man').
-- Configuring done
-- Generating done
-- Build files have been written to: /«PKGBUILDDIR»/debian/build
dh_testdir
make[1]: Leaving directory '/«PKGBUILDDIR»'
   debian/rules override_dh_auto_build
make[1]: Entering directory '/«PKGBUILDDIR»'
/usr/bin/make -C debian/build all VERBOSE=1
make[2]: Entering directory '/«PKGBUILDDIR»/debian/build'
/usr/bin/cmake -H/«PKGBUILDDIR» -B/«PKGBUILDDIR»/debian/build --check-build-system CMakeFiles/Makefile.cmake 0
/usr/bin/cmake -E cmake_progress_start /«PKGBUILDDIR»/debian/build/CMakeFiles /«PKGBUILDDIR»/debian/build/CMakeFiles/progress.marks
/usr/bin/make -f CMakeFiles/Makefile2 all
make[3]: Entering directory '/«PKGBUILDDIR»/debian/build'
/usr/bin/make -f sbuild/CMakeFiles/sbuild.dir/build.make sbuild/CMakeFiles/sbuild.dir/depend
/usr/bin/make -f bin/dchroot/CMakeFiles/dchroot-common.dir/build.make bin/dchroot/CMakeFiles/dchroot-common.dir/depend
/usr/bin/make -f po/CMakeFiles/update-gmo.dir/build.make po/CMakeFiles/update-gmo.dir/depend
/usr/bin/make -f man/CMakeFiles/manpage-sources.dir/build.make man/CMakeFiles/manpage-sources.dir/depend
/usr/bin/make -f man/CMakeFiles/manpages.dir/build.make man/CMakeFiles/manpages.dir/depend
make[4]: Entering directory '/«PKGBUILDDIR»/debian/build'
make[4]: Entering directory '/«PKGBUILDDIR»/debian/build'
make[4]: Entering directory '/«PKGBUILDDIR»/debian/build'
cd /«PKGBUILDDIR»/debian/build && /usr/bin/cmake -E cmake_depends "Unix Makefiles" /«PKGBUILDDIR» /«PKGBUILDDIR»/sbuild /«PKGBUILDDIR»/debian/build /«PKGBUILDDIR»/debian/build/sbuild /«PKGBUILDDIR»/debian/build/sbuild/CMakeFiles/sbuild.dir/DependInfo.cmake --color=
make[4]: Entering directory '/«PKGBUILDDIR»/debian/build'
cd /«PKGBUILDDIR»/debian/build && /usr/bin/cmake -E cmake_depends "Unix Makefiles" /«PKGBUILDDIR» /«PKGBUILDDIR»/man /«PKGBUILDDIR»/debian/build /«PKGBUILDDIR»/debian/build/man /«PKGBUILDDIR»/debian/build/man/CMakeFiles/manpage-sources.dir/DependInfo.cmake --color=
cd /«PKGBUILDDIR»/debian/build && /usr/bin/cmake -E cmake_depends "Unix Makefiles" /«PKGBUILDDIR» /«PKGBUILDDIR»/man /«PKGBUILDDIR»/debian/build /«PKGBUILDDIR»/debian/build/man /«PKGBUILDDIR»/debian/build/man/CMakeFiles/manpages.dir/DependInfo.cmake --color=
make[4]: Entering directory '/«PKGBUILDDIR»/debian/build'
cd /«PKGBUILDDIR»/debian/build && /usr/bin/cmake -E cmake_depends "Unix Makefiles" /«PKGBUILDDIR» /«PKGBUILDDIR»/bin/dchroot /«PKGBUILDDIR»/debian/build /«PKGBUILDDIR»/debian/build/bin/dchroot /«PKGBUILDDIR»/debian/build/bin/dchroot/CMakeFiles/dchroot-common.dir/DependInfo.cmake --color=
cd /«PKGBUILDDIR»/debian/build && /usr/bin/cmake -E cmake_depends "Unix Makefiles" /«PKGBUILDDIR» /«PKGBUILDDIR»/po /«PKGBUILDDIR»/debian/build /«PKGBUILDDIR»/debian/build/po /«PKGBUILDDIR»/debian/build/po/CMakeFiles/update-gmo.dir/DependInfo.cmake --color=
Dependee "/«PKGBUILDDIR»/debian/build/man/CMakeFiles/manpages.dir/DependInfo.cmake" is newer than depender "/«PKGBUILDDIR»/debian/build/man/CMakeFiles/manpages.dir/depend.internal".
Dependee "/«PKGBUILDDIR»/debian/build/man/CMakeFiles/manpage-sources.dir/DependInfo.cmake" is newer than depender "/«PKGBUILDDIR»/debian/build/man/CMakeFiles/manpage-sources.dir/depend.internal".
Dependee "/«PKGBUILDDIR»/debian/build/man/CMakeFiles/CMakeDirectoryInformation.cmake" is newer than depender "/«PKGBUILDDIR»/debian/build/man/CMakeFiles/manpage-sources.dir/depend.internal".
Scanning dependencies of target manpage-sources
Dependee "/«PKGBUILDDIR»/debian/build/man/CMakeFiles/CMakeDirectoryInformation.cmake" is newer than depender "/«PKGBUILDDIR»/debian/build/man/CMakeFiles/manpages.dir/depend.internal".
Scanning dependencies of target manpages
make[4]: Leaving directory '/«PKGBUILDDIR»/debian/build'
/usr/bin/make -f man/CMakeFiles/manpage-sources.dir/build.make man/CMakeFiles/manpage-sources.dir/build
make[4]: Leaving directory '/«PKGBUILDDIR»/debian/build'
/usr/bin/make -f man/CMakeFiles/manpages.dir/build.make man/CMakeFiles/manpages.dir/build
make[4]: Entering directory '/«PKGBUILDDIR»/debian/build'
Dependee "/«PKGBUILDDIR»/debian/build/sbuild/CMakeFiles/sbuild.dir/DependInfo.cmake" is newer than depender "/«PKGBUILDDIR»/debian/build/sbuild/CMakeFiles/sbuild.dir/depend.internal".
Dependee "/«PKGBUILDDIR»/debian/build/sbuild/CMakeFiles/CMakeDirectoryInformation.cmake" is newer than depender "/«PKGBUILDDIR»/debian/build/sbuild/CMakeFiles/sbuild.dir/depend.internal".
make[4]: Nothing to be done for 'man/CMakeFiles/manpage-sources.dir/build'.
make[4]: Leaving directory '/«PKGBUILDDIR»/debian/build'
/usr/bin/cmake -E cmake_progress_report /«PKGBUILDDIR»/debian/build/CMakeFiles  7
make[4]: Entering directory '/«PKGBUILDDIR»/debian/build'
/usr/bin/cmake -E cmake_progress_report /«PKGBUILDDIR»/debian/build/CMakeFiles 8
/usr/bin/cmake -E cmake_progress_report /«PKGBUILDDIR»/debian/build/CMakeFiles 9
/usr/bin/cmake -E cmake_progress_report /«PKGBUILDDIR»/debian/build/CMakeFiles 
/usr/bin/cmake -E cmake_progress_report /«PKGBUILDDIR»/debian/build/CMakeFiles 10
Dependee "/«PKGBUILDDIR»/debian/build/bin/dchroot/CMakeFiles/dchroot-common.dir/DependInfo.cmake" is newer than depender "/«PKGBUILDDIR»/debian/build/bin/dchroot/CMakeFiles/dchroot-common.dir/depend.internal".
Dependee "/«PKGBUILDDIR»/debian/build/bin/dchroot/CMakeFiles/CMakeDirectoryInformation.cmake" is newer than depender "/«PKGBUILDDIR»/debian/build/bin/dchroot/CMakeFiles/dchroot-common.dir/depend.internal".
/usr/bin/cmake -E cmake_progress_report /«PKGBUILDDIR»/debian/build/CMakeFiles 11
/usr/bin/cmake -E cmake_progress_report /«PKGBUILDDIR»/debian/build/CMakeFiles 
Dependee "/«PKGBUILDDIR»/debian/build/po/CMakeFiles/update-gmo.dir/DependInfo.cmake" is newer than depender "/«PKGBUILDDIR»/debian/build/po/CMakeFiles/update-gmo.dir/depend.internal".
Dependee "/«PKGBUILDDIR»/debian/build/po/CMakeFiles/CMakeDirectoryInformation.cmake" is newer than depender "/«PKGBUILDDIR»/debian/build/po/CMakeFiles/update-gmo.dir/depend.internal".
Scanning dependencies of target update-gmo
make[4]: Leaving directory '/«PKGBUILDDIR»/debian/build'
/usr/bin/make -f po/CMakeFiles/update-gmo.dir/build.make po/CMakeFiles/update-gmo.dir/build
make[4]: Entering directory '/«PKGBUILDDIR»/debian/build'
/usr/bin/cmake -E cmake_progress_report /«PKGBUILDDIR»/debian/build/CMakeFiles 
[  1%] [  1%] [  2%] Scanning dependencies of target dchroot-common
make[4]: Leaving directory '/«PKGBUILDDIR»/debian/build'
/usr/bin/make -f bin/dchroot/CMakeFiles/dchroot-common.dir/build.make bin/dchroot/CMakeFiles/dchroot-common.dir/build
[  2%] [  3%] [  4%] [  5%] make[4]: Entering directory '/«PKGBUILDDIR»/debian/build'
/usr/bin/cmake -E cmake_progress_report /«PKGBUILDDIR»/debian/build/CMakeFiles 3
Built target manpage-sources
/usr/bin/cmake -E cmake_progress_report /«PKGBUILDDIR»/debian/build/CMakeFiles 78
[  5%] Generating schroot.1
Generating schroot-setup.5
Generating schroot-script-config.5
Generating dchroot-dsa.1
cd /«PKGBUILDDIR»/debian/build/man && /usr/bin/soelim -I/«PKGBUILDDIR»/debian/build/man -I/«PKGBUILDDIR»/man < /«PKGBUILDDIR»/man/dchroot-dsa.1.man > /«PKGBUILDDIR»/debian/build/man/dchroot-dsa.1
[  6%] [  7%] cd /«PKGBUILDDIR»/debian/build/man && /usr/bin/soelim -I/«PKGBUILDDIR»/debian/build/man -I/«PKGBUILDDIR»/man < /«PKGBUILDDIR»/man/schroot.1.man > /«PKGBUILDDIR»/debian/build/man/schroot.1
Generating dchroot.1
cd /«PKGBUILDDIR»/debian/build/man && /usr/bin/soelim -I/«PKGBUILDDIR»/debian/build/man -I/«PKGBUILDDIR»/man < /«PKGBUILDDIR»/man/schroot-setup.5.man > /«PKGBUILDDIR»/debian/build/man/schroot-setup.5
cd /«PKGBUILDDIR»/debian/build/man && /usr/bin/soelim -I/«PKGBUILDDIR»/debian/build/man -I/«PKGBUILDDIR»/man < /«PKGBUILDDIR»/man/dchroot.1.man > /«PKGBUILDDIR»/debian/build/man/dchroot.1
Generating schroot.conf.5
cd /«PKGBUILDDIR»/debian/build/man && /usr/bin/soelim -I/«PKGBUILDDIR»/debian/build/man -I/«PKGBUILDDIR»/man < /«PKGBUILDDIR»/man/schroot.conf.5.man > /«PKGBUILDDIR»/debian/build/man/schroot.conf.5
cd /«PKGBUILDDIR»/debian/build/man && /usr/bin/soelim -I/«PKGBUILDDIR»/debian/build/man -I/«PKGBUILDDIR»/man < /«PKGBUILDDIR»/man/schroot-script-config.5.man > /«PKGBUILDDIR»/debian/build/man/schroot-script-config.5
/usr/bin/cmake -E cmake_progress_report /«PKGBUILDDIR»/debian/build/CMakeFiles 12
/usr/bin/cmake -E cmake_progress_report /«PKGBUILDDIR»/debian/build/CMakeFiles 13
Generating cs.gmo
cd /«PKGBUILDDIR»/debian/build/po && /usr/bin/cmake -E remove /«PKGBUILDDIR»/debian/build/po/cs.gmo
/usr/bin/cmake -E cmake_progress_report /«PKGBUILDDIR»/debian/build/CMakeFiles 
/usr/bin/cmake -E cmake_progress_report /«PKGBUILDDIR»/debian/build/CMakeFiles 14
/usr/bin/cmake -E cmake_progress_report /«PKGBUILDDIR»/debian/build/CMakeFiles 15
/usr/bin/cmake -E cmake_progress_report /«PKGBUILDDIR»/debian/build/CMakeFiles 
Generating da.gmo
cd /«PKGBUILDDIR»/debian/build/po && /usr/bin/cmake -E remove /«PKGBUILDDIR»/debian/build/po/da.gmo
[  8%] Building CXX object bin/dchroot/CMakeFiles/dchroot-common.dir/dchroot-main-base.cc.o
cd /«PKGBUILDDIR»/debian/build/bin/dchroot && /usr/bin/c++    -g -O2 -fPIE -fstack-protector-strong -Wformat -Werror=format-security -Wall -D_FORTIFY_SOURCE=2  -std=c++11 -pedantic -Wall -Wcast-align -Wwrite-strings -Wswitch-default -Wcast-qual -Wunused-variable -Wredundant-decls -Wctor-dtor-privacy -Wnon-virtual-dtor -Wreorder -Wold-style-cast -Woverloaded-virtual -fstrict-aliasing -I/«PKGBUILDDIR»/debian/build/lib -I/«PKGBUILDDIR»/lib -I/«PKGBUILDDIR»/debian/build -I/«PKGBUILDDIR» -I/«PKGBUILDDIR»/bin -I/«PKGBUILDDIR»/debian/build/bin    -o CMakeFiles/dchroot-common.dir/dchroot-main-base.cc.o -c /«PKGBUILDDIR»/bin/dchroot/dchroot-main-base.cc
[  8%] [  9%] [ 10%] [ 10%] cd /«PKGBUILDDIR»/debian/build/po && msgfmt -c --statistics -o /«PKGBUILDDIR»/debian/build/po/cs.gmo /«PKGBUILDDIR»/po/cs.po
[ 11%] Generating schroot-faq.7
cd /«PKGBUILDDIR»/debian/build/man && /usr/bin/soelim -I/«PKGBUILDDIR»/debian/build/man -I/«PKGBUILDDIR»/man < /«PKGBUILDDIR»/man/schroot-faq.7.man > /«PKGBUILDDIR»/debian/build/man/schroot-faq.7
cd /«PKGBUILDDIR»/debian/build/po && msgfmt -c --statistics -o /«PKGBUILDDIR»/debian/build/po/da.gmo /«PKGBUILDDIR»/po/da.po
Generating translated/fr/schroot.conf.5
231 translated messages, 99 fuzzy translations, 28 untranslated messages.
cd /«PKGBUILDDIR»/debian/build/po && touch /«PKGBUILDDIR»/debian/build/po/cs.gmo
Generating translated/fr/dchroot.1
cd /«PKGBUILDDIR»/debian/build/man && /usr/bin/soelim -I/«PKGBUILDDIR»/debian/build/man/translated/fr -I/«PKGBUILDDIR»/debian/build/man -I/«PKGBUILDDIR»/man < /«PKGBUILDDIR»/debian/build/man/translated/fr/dchroot.1.man > /«PKGBUILDDIR»/debian/build/man/translated/fr/dchroot.1
Generating translated/fr/dchroot-dsa.1
Generating translated/fr/schroot-script-config.5
cd /«PKGBUILDDIR»/debian/build/man && /usr/bin/soelim -I/«PKGBUILDDIR»/debian/build/man/translated/fr -I/«PKGBUILDDIR»/debian/build/man -I/«PKGBUILDDIR»/man < /«PKGBUILDDIR»/debian/build/man/translated/fr/dchroot-dsa.1.man > /«PKGBUILDDIR»/debian/build/man/translated/fr/dchroot-dsa.1
cd /«PKGBUILDDIR»/debian/build/man && /usr/bin/soelim -I/«PKGBUILDDIR»/debian/build/man/translated/fr -I/«PKGBUILDDIR»/debian/build/man -I/«PKGBUILDDIR»/man < /«PKGBUILDDIR»/debian/build/man/translated/fr/schroot.conf.5.man > /«PKGBUILDDIR»/debian/build/man/translated/fr/schroot.conf.5
Generating translated/fr/schroot-faq.7
cd /«PKGBUILDDIR»/debian/build/man && /usr/bin/soelim -I/«PKGBUILDDIR»/debian/build/man/translated/fr -I/«PKGBUILDDIR»/debian/build/man -I/«PKGBUILDDIR»/man < /«PKGBUILDDIR»/debian/build/man/translated/fr/schroot-faq.7.man > /«PKGBUILDDIR»/debian/build/man/translated/fr/schroot-faq.7
/usr/bin/cmake -E cmake_progress_report /«PKGBUILDDIR»/debian/build/CMakeFiles 79
/usr/bin/cmake -E cmake_progress_report /«PKGBUILDDIR»/debian/build/CMakeFiles 16
/usr/bin/cmake -E cmake_progress_report /«PKGBUILDDIR»/debian/build/CMakeFiles 17
cd /«PKGBUILDDIR»/debian/build/man && /usr/bin/soelim -I/«PKGBUILDDIR»/debian/build/man/translated/fr -I/«PKGBUILDDIR»/debian/build/man -I/«PKGBUILDDIR»/man < /«PKGBUILDDIR»/debian/build/man/translated/fr/schroot-script-config.5.man > /«PKGBUILDDIR»/debian/build/man/translated/fr/schroot-script-config.5
/usr/bin/cmake -E cmake_progress_report /«PKGBUILDDIR»/debian/build/CMakeFiles 18
/usr/bin/cmake -E cmake_progress_report /«PKGBUILDDIR»/debian/build/CMakeFiles 
Scanning dependencies of target sbuild
make[4]: Leaving directory '/«PKGBUILDDIR»/debian/build'
/usr/bin/make -f sbuild/CMakeFiles/sbuild.dir/build.make sbuild/CMakeFiles/sbuild.dir/build
/usr/bin/cmake -E cmake_progress_report /«PKGBUILDDIR»/debian/build/CMakeFiles 19
/usr/bin/cmake -E cmake_progress_report /«PKGBUILDDIR»/debian/build/CMakeFiles 20
358 translated messages.
cd /«PKGBUILDDIR»/debian/build/po && touch /«PKGBUILDDIR»/debian/build/po/da.gmo
[ 13%] [ 14%] [ 15%] make[4]: Entering directory '/«PKGBUILDDIR»/debian/build'
/usr/bin/cmake -E cmake_progress_report /«PKGBUILDDIR»/debian/build/CMakeFiles 23
[ 16%] [ 16%] /usr/bin/cmake -E cmake_progress_report /«PKGBUILDDIR»/debian/build/CMakeFiles 
[ 17%] [ 18%] [ 19%] Generating translated/fr/schroot-setup.5
cd /«PKGBUILDDIR»/debian/build/man && /usr/bin/soelim -I/«PKGBUILDDIR»/debian/build/man/translated/fr -I/«PKGBUILDDIR»/debian/build/man -I/«PKGBUILDDIR»/man < /«PKGBUILDDIR»/debian/build/man/translated/fr/schroot-setup.5.man > /«PKGBUILDDIR»/debian/build/man/translated/fr/schroot-setup.5
[ 19%] Generating translated/de/dchroot-dsa.1
cd /«PKGBUILDDIR»/debian/build/man && /usr/bin/soelim -I/«PKGBUILDDIR»/debian/build/man/translated/de -I/«PKGBUILDDIR»/debian/build/man -I/«PKGBUILDDIR»/man < /«PKGBUILDDIR»/debian/build/man/translated/de/dchroot-dsa.1.man > /«PKGBUILDDIR»/debian/build/man/translated/de/dchroot-dsa.1
Generating de.gmo
Generating translated/fr/schroot.1
cd /«PKGBUILDDIR»/debian/build/po && /usr/bin/cmake -E remove /«PKGBUILDDIR»/debian/build/po/de.gmo
cd /«PKGBUILDDIR»/debian/build/man && /usr/bin/soelim -I/«PKGBUILDDIR»/debian/build/man/translated/fr -I/«PKGBUILDDIR»/debian/build/man -I/«PKGBUILDDIR»/man < /«PKGBUILDDIR»/debian/build/man/translated/fr/schroot.1.man > /«PKGBUILDDIR»/debian/build/man/translated/fr/schroot.1
/usr/bin/cmake -E cmake_progress_report /«PKGBUILDDIR»/debian/build/CMakeFiles 24
Generating translated/de/schroot-script-config.5
/usr/bin/cmake -E cmake_progress_report /«PKGBUILDDIR»/debian/build/CMakeFiles 
cd /«PKGBUILDDIR»/debian/build/man && /usr/bin/soelim -I/«PKGBUILDDIR»/debian/build/man/translated/de -I/«PKGBUILDDIR»/debian/build/man -I/«PKGBUILDDIR»/man < /«PKGBUILDDIR»/debian/build/man/translated/de/schroot-script-config.5.man > /«PKGBUILDDIR»/debian/build/man/translated/de/schroot-script-config.5
Generating translated/de/dchroot.1
/usr/bin/cmake -E cmake_progress_report /«PKGBUILDDIR»/debian/build/CMakeFiles 21
Generating translated/de/schroot-faq.7
cd /«PKGBUILDDIR»/debian/build/man && /usr/bin/soelim -I/«PKGBUILDDIR»/debian/build/man/translated/de -I/«PKGBUILDDIR»/debian/build/man -I/«PKGBUILDDIR»/man < /«PKGBUILDDIR»/debian/build/man/translated/de/schroot-faq.7.man > /«PKGBUILDDIR»/debian/build/man/translated/de/schroot-faq.7
cd /«PKGBUILDDIR»/debian/build/man && /usr/bin/soelim -I/«PKGBUILDDIR»/debian/build/man/translated/de -I/«PKGBUILDDIR»/debian/build/man -I/«PKGBUILDDIR»/man < /«PKGBUILDDIR»/debian/build/man/translated/de/dchroot.1.man > /«PKGBUILDDIR»/debian/build/man/translated/de/dchroot.1
/usr/bin/cmake -E cmake_progress_report /«PKGBUILDDIR»/debian/build/CMakeFiles 22
/usr/bin/cmake -E cmake_progress_report /«PKGBUILDDIR»/debian/build/CMakeFiles 25
/usr/bin/cmake -E cmake_progress_report /«PKGBUILDDIR»/debian/build/CMakeFiles 4
Building CXX object sbuild/CMakeFiles/sbuild.dir/sbuild-ctty.cc.o
cd /«PKGBUILDDIR»/debian/build/sbuild && /usr/bin/c++    -g -O2 -fPIE -fstack-protector-strong -Wformat -Werror=format-security -Wall -D_FORTIFY_SOURCE=2  -std=c++11 -pedantic -Wall -Wcast-align -Wwrite-strings -Wswitch-default -Wcast-qual -Wunused-variable -Wredundant-decls -Wctor-dtor-privacy -Wnon-virtual-dtor -Wreorder -Wold-style-cast -Woverloaded-virtual -fstrict-aliasing -I/«PKGBUILDDIR»/debian/build/lib -I/«PKGBUILDDIR»/lib -I/«PKGBUILDDIR»/debian/build -I/«PKGBUILDDIR» -I/«PKGBUILDDIR»/sbuild -I/«PKGBUILDDIR»/debian/build/sbuild    -o CMakeFiles/sbuild.dir/sbuild-ctty.cc.o -c /«PKGBUILDDIR»/sbuild/sbuild-ctty.cc
Generating en.gmo
cd /«PKGBUILDDIR»/debian/build/po && /usr/bin/cmake -E remove /«PKGBUILDDIR»/debian/build/po/en.gmo
[ 20%] [ 20%] cd /«PKGBUILDDIR»/debian/build/po && msgfmt -c --statistics -o /«PKGBUILDDIR»/debian/build/po/de.gmo /«PKGBUILDDIR»/po/de.po
358 translated messages[ 22%] [ 23%] [ 25%] [ 25%] cd /«PKGBUILDDIR»/debian/build/po && msgfmt -c --statistics -o /«PKGBUILDDIR»/debian/build/po/en.gmo /«PKGBUILDDIR»/po/en.po
.
cd /«PKGBUILDDIR»/debian/build/po && touch /«PKGBUILDDIR»/debian/build/po/de.gmo
Building CXX object sbuild/CMakeFiles/sbuild.dir/sbuild-environment.cc.o
cd /«PKGBUILDDIR»/debian/build/sbuild && /usr/bin/c++    -g -O2 -fPIE -fstack-protector-strong -Wformat -Werror=format-security -Wall -D_FORTIFY_SOURCE=2  -std=c++11 -pedantic -Wall -Wcast-align -Wwrite-strings -Wswitch-default -Wcast-qual -Wunused-variable -Wredundant-decls -Wctor-dtor-privacy -Wnon-virtual-dtor -Wreorder -Wold-style-cast -Woverloaded-virtual -fstrict-aliasing -I/«PKGBUILDDIR»/debian/build/lib -I/«PKGBUILDDIR»/lib -I/«PKGBUILDDIR»/debian/build -I/«PKGBUILDDIR» -I/«PKGBUILDDIR»/sbuild -I/«PKGBUILDDIR»/debian/build/sbuild    -o CMakeFiles/sbuild.dir/sbuild-environment.cc.o -c /«PKGBUILDDIR»/sbuild/sbuild-environment.cc
Generating translated/de/schroot.conf.5
Generating translated/de/schroot-setup.5
cd /«PKGBUILDDIR»/debian/build/man && /usr/bin/soelim -I/«PKGBUILDDIR»/debian/build/man/translated/de -I/«PKGBUILDDIR»/debian/build/man -I/«PKGBUILDDIR»/man < /«PKGBUILDDIR»/debian/build/man/translated/de/schroot-setup.5.man > /«PKGBUILDDIR»/debian/build/man/translated/de/schroot-setup.5
Building CXX object sbuild/CMakeFiles/sbuild.dir/sbuild-feature.cc.o
cd /«PKGBUILDDIR»/debian/build/sbuild && /usr/bin/c++    -g -O2 -fPIE -fstack-protector-strong -Wformat -Werror=format-security -Wall -D_FORTIFY_SOURCE=2  -std=c++11 -pedantic -Wall -Wcast-align -Wwrite-strings -Wswitch-default -Wcast-qual -Wunused-variable -Wredundant-decls -Wctor-dtor-privacy -Wnon-virtual-dtor -Wreorder -Wold-style-cast -Woverloaded-virtual -fstrict-aliasing -I/«PKGBUILDDIR»/debian/build/lib -I/«PKGBUILDDIR»/lib -I/«PKGBUILDDIR»/debian/build -I/«PKGBUILDDIR» -I/«PKGBUILDDIR»/sbuild -I/«PKGBUILDDIR»/debian/build/sbuild    -o CMakeFiles/sbuild.dir/sbuild-feature.cc.o -c /«PKGBUILDDIR»/sbuild/sbuild-feature.cc
/usr/bin/cmake -E cmake_progress_report /«PKGBUILDDIR»/debian/build/CMakeFiles 80
cd /«PKGBUILDDIR»/debian/build/man && /usr/bin/soelim -I/«PKGBUILDDIR»/debian/build/man/translated/de -I/«PKGBUILDDIR»/debian/build/man -I/«PKGBUILDDIR»/man < /«PKGBUILDDIR»/debian/build/man/translated/de/schroot.conf.5.man > /«PKGBUILDDIR»/debian/build/man/translated/de/schroot.conf.5
Generating translated/de/schroot.1
cd /«PKGBUILDDIR»/debian/build/man && /usr/bin/soelim -I/«PKGBUILDDIR»/debian/build/man/translated/de -I/«PKGBUILDDIR»/debian/build/man -I/«PKGBUILDDIR»/man < /«PKGBUILDDIR»/debian/build/man/translated/de/schroot.1.man > /«PKGBUILDDIR»/debian/build/man/translated/de/schroot.1
/usr/bin/cmake -E cmake_progress_report /«PKGBUILDDIR»/debian/build/CMakeFiles 81
Building CXX object bin/dchroot/CMakeFiles/dchroot-common.dir/dchroot-session-base.cc.o
cd /«PKGBUILDDIR»/debian/build/bin/dchroot && /usr/bin/c++    -g -O2 -fPIE -fstack-protector-strong -Wformat -Werror=format-security -Wall -D_FORTIFY_SOURCE=2  -std=c++11 -pedantic -Wall -Wcast-align -Wwrite-strings -Wswitch-default -Wcast-qual -Wunused-variable -Wredundant-decls -Wctor-dtor-privacy -Wnon-virtual-dtor -Wreorder -Wold-style-cast -Woverloaded-virtual -fstrict-aliasing -I/«PKGBUILDDIR»/debian/build/lib -I/«PKGBUILDDIR»/lib -I/«PKGBUILDDIR»/debian/build -I/«PKGBUILDDIR» -I/«PKGBUILDDIR»/bin -I/«PKGBUILDDIR»/debian/build/bin    -o CMakeFiles/dchroot-common.dir/dchroot-session-base.cc.o -c /«PKGBUILDDIR»/bin/dchroot/dchroot-session-base.cc
/usr/bin/cmake -E cmake_progress_report /«PKGBUILDDIR»/debian/build/CMakeFiles 
make[4]: Leaving directory '/«PKGBUILDDIR»/debian/build'
/usr/bin/cmake -E cmake_progress_report /«PKGBUILDDIR»/debian/build/CMakeFiles  8 9 10 11 12 13 14 15 16 17 18 19 20 21 22
358 translated messages.
cd /«PKGBUILDDIR»/debian/build/po && touch /«PKGBUILDDIR»/debian/build/po/en.gmo
[ 26%] /usr/bin/cmake -E cmake_progress_report /«PKGBUILDDIR»/debian/build/CMakeFiles 
[ 27%] [ 27%] [ 27%] Built target manpages
/usr/bin/cmake -E cmake_progress_report /«PKGBUILDDIR»/debian/build/CMakeFiles 26
[ 27%] Generating eu.gmo
cd /«PKGBUILDDIR»/debian/build/po && /usr/bin/cmake -E remove /«PKGBUILDDIR»/debian/build/po/eu.gmo
Generating fr.gmo
cd /«PKGBUILDDIR»/debian/build/po && /usr/bin/cmake -E remove /«PKGBUILDDIR»/debian/build/po/fr.gmo
Building CXX object sbuild/CMakeFiles/sbuild.dir/sbuild-format-detail.cc.o
cd /«PKGBUILDDIR»/debian/build/sbuild && /usr/bin/c++    -g -O2 -fPIE -fstack-protector-strong -Wformat -Werror=format-security -Wall -D_FORTIFY_SOURCE=2  -std=c++11 -pedantic -Wall -Wcast-align -Wwrite-strings -Wswitch-default -Wcast-qual -Wunused-variable -Wredundant-decls -Wctor-dtor-privacy -Wnon-virtual-dtor -Wreorder -Wold-style-cast -Woverloaded-virtual -fstrict-aliasing -I/«PKGBUILDDIR»/debian/build/lib -I/«PKGBUILDDIR»/lib -I/«PKGBUILDDIR»/debian/build -I/«PKGBUILDDIR» -I/«PKGBUILDDIR»/sbuild -I/«PKGBUILDDIR»/debian/build/sbuild    -o CMakeFiles/sbuild.dir/sbuild-format-detail.cc.o -c /«PKGBUILDDIR»/sbuild/sbuild-format-detail.cc
[ 28%] Generating it.gmo
cd /«PKGBUILDDIR»/debian/build/po && /usr/bin/cmake -E remove /«PKGBUILDDIR»/debian/build/po/it.gmo
cd /«PKGBUILDDIR»/debian/build/po && msgfmt -c --statistics -o /«PKGBUILDDIR»/debian/build/po/eu.gmo /«PKGBUILDDIR»/po/eu.po
cd /«PKGBUILDDIR»/debian/build/po && msgfmt -c --statistics -o /«PKGBUILDDIR»/debian/build/po/fr.gmo /«PKGBUILDDIR»/po/fr.po
Building CXX object sbuild/CMakeFiles/sbuild.dir/sbuild-keyfile-base.cc.o
cd /«PKGBUILDDIR»/debian/build/sbuild && /usr/bin/c++    -g -O2 -fPIE -fstack-protector-strong -Wformat -Werror=format-security -Wall -D_FORTIFY_SOURCE=2  -std=c++11 -pedantic -Wall -Wcast-align -Wwrite-strings -Wswitch-default -Wcast-qual -Wunused-variable -Wredundant-decls -Wctor-dtor-privacy -Wnon-virtual-dtor -Wreorder -Wold-style-cast -Woverloaded-virtual -fstrict-aliasing -I/«PKGBUILDDIR»/debian/build/lib -I/«PKGBUILDDIR»/lib -I/«PKGBUILDDIR»/debian/build -I/«PKGBUILDDIR» -I/«PKGBUILDDIR»/sbuild -I/«PKGBUILDDIR»/debian/build/sbuild    -o CMakeFiles/sbuild.dir/sbuild-keyfile-base.cc.o -c /«PKGBUILDDIR»/sbuild/sbuild-keyfile-base.cc
cd /«PKGBUILDDIR»/debian/build/po && msgfmt -c --statistics -o /«PKGBUILDDIR»/debian/build/po/it.gmo /«PKGBUILDDIR»/po/it.po
358 translated messages.
cd /«PKGBUILDDIR»/debian/build/po && touch /«PKGBUILDDIR»/debian/build/po/eu.gmo
358 translated messages/usr/bin/cmake -E cmake_progress_report /«PKGBUILDDIR»/debian/build/CMakeFiles 82
.
cd /«PKGBUILDDIR»/debian/build/po && touch /«PKGBUILDDIR»/debian/build/po/fr.gmo
247 translated messages, 91 fuzzy translations, 20 untranslated messages/usr/bin/cmake -E cmake_progress_report /«PKGBUILDDIR»/debian/build/CMakeFiles 83
.
cd /«PKGBUILDDIR»/debian/build/po && touch /«PKGBUILDDIR»/debian/build/po/it.gmo
/usr/bin/cmake -E cmake_progress_report /«PKGBUILDDIR»/debian/build/CMakeFiles 84
[ 29%] [ 30%] [ 31%] Generating pt.gmo
cd /«PKGBUILDDIR»/debian/build/po && /usr/bin/cmake -E remove /«PKGBUILDDIR»/debian/build/po/pt.gmo
Generating sv.gmo
cd /«PKGBUILDDIR»/debian/build/po && /usr/bin/cmake -E remove /«PKGBUILDDIR»/debian/build/po/sv.gmo
Generating vi.gmo
cd /«PKGBUILDDIR»/debian/build/po && /usr/bin/cmake -E remove /«PKGBUILDDIR»/debian/build/po/vi.gmo
cd /«PKGBUILDDIR»/debian/build/po && msgfmt -c --statistics -o /«PKGBUILDDIR»/debian/build/po/pt.gmo /«PKGBUILDDIR»/po/pt.po
cd /«PKGBUILDDIR»/debian/build/po && msgfmt -c --statistics -o /«PKGBUILDDIR»/debian/build/po/sv.gmo /«PKGBUILDDIR»/po/sv.po
357 translated messages, 1 fuzzy translation.
cd /«PKGBUILDDIR»/debian/build/po && touch /«PKGBUILDDIR»/debian/build/po/pt.gmo
cd /«PKGBUILDDIR»/debian/build/po && msgfmt -c --statistics -o /«PKGBUILDDIR»/debian/build/po/vi.gmo /«PKGBUILDDIR»/po/vi.po
/usr/bin/cmake -E cmake_progress_report /«PKGBUILDDIR»/debian/build/CMakeFiles 
152 translated messages, 119 fuzzy translations, 87 untranslated messages.
cd /«PKGBUILDDIR»/debian/build/po && touch /«PKGBUILDDIR»/debian/build/po/sv.gmo
/usr/bin/cmake -E cmake_progress_report /«PKGBUILDDIR»/debian/build/CMakeFiles 27
246 translated messages, 91 fuzzy translations, 21 untranslated messages.
cd /«PKGBUILDDIR»/debian/build/po && touch /«PKGBUILDDIR»/debian/build/po/vi.gmo
[ 31%] /usr/bin/cmake -E cmake_progress_report /«PKGBUILDDIR»/debian/build/CMakeFiles 
[ 32%] [ 32%] Generating zh_CN.gmo
cd /«PKGBUILDDIR»/debian/build/po && /usr/bin/cmake -E remove /«PKGBUILDDIR»/debian/build/po/zh_CN.gmo
Building CXX object sbuild/CMakeFiles/sbuild.dir/sbuild-lock.cc.o
cd /«PKGBUILDDIR»/debian/build/sbuild && /usr/bin/c++    -g -O2 -fPIE -fstack-protector-strong -Wformat -Werror=format-security -Wall -D_FORTIFY_SOURCE=2  -std=c++11 -pedantic -Wall -Wcast-align -Wwrite-strings -Wswitch-default -Wcast-qual -Wunused-variable -Wredundant-decls -Wctor-dtor-privacy -Wnon-virtual-dtor -Wreorder -Wold-style-cast -Woverloaded-virtual -fstrict-aliasing -I/«PKGBUILDDIR»/debian/build/lib -I/«PKGBUILDDIR»/lib -I/«PKGBUILDDIR»/debian/build -I/«PKGBUILDDIR» -I/«PKGBUILDDIR»/sbuild -I/«PKGBUILDDIR»/debian/build/sbuild    -o CMakeFiles/sbuild.dir/sbuild-lock.cc.o -c /«PKGBUILDDIR»/sbuild/sbuild-lock.cc
Building CXX object sbuild/CMakeFiles/sbuild.dir/sbuild-log.cc.o
cd /«PKGBUILDDIR»/debian/build/sbuild && /usr/bin/c++    -g -O2 -fPIE -fstack-protector-strong -Wformat -Werror=format-security -Wall -D_FORTIFY_SOURCE=2  -std=c++11 -pedantic -Wall -Wcast-align -Wwrite-strings -Wswitch-default -Wcast-qual -Wunused-variable -Wredundant-decls -Wctor-dtor-privacy -Wnon-virtual-dtor -Wreorder -Wold-style-cast -Woverloaded-virtual -fstrict-aliasing -I/«PKGBUILDDIR»/debian/build/lib -I/«PKGBUILDDIR»/lib -I/«PKGBUILDDIR»/debian/build -I/«PKGBUILDDIR» -I/«PKGBUILDDIR»/sbuild -I/«PKGBUILDDIR»/debian/build/sbuild    -o CMakeFiles/sbuild.dir/sbuild-log.cc.o -c /«PKGBUILDDIR»/sbuild/sbuild-log.cc
cd /«PKGBUILDDIR»/debian/build/po && msgfmt -c --statistics -o /«PKGBUILDDIR»/debian/build/po/zh_CN.gmo /«PKGBUILDDIR»/po/zh_CN.po
337 translated messages, 6 fuzzy translations, 15 untranslated messages.
cd /«PKGBUILDDIR»/debian/build/po && touch /«PKGBUILDDIR»/debian/build/po/zh_CN.gmo
make[4]: Leaving directory '/«PKGBUILDDIR»/debian/build'
/usr/bin/cmake -E cmake_progress_report /«PKGBUILDDIR»/debian/build/CMakeFiles  78 79 80 81 82 83 84 85 86 87 88 89 90 91 92
[ 41%] Built target update-gmo
/usr/bin/cmake -E cmake_progress_report /«PKGBUILDDIR»/debian/build/CMakeFiles 28
[ 42%] Building CXX object sbuild/CMakeFiles/sbuild.dir/sbuild-mntstream.cc.o
cd /«PKGBUILDDIR»/debian/build/sbuild && /usr/bin/c++    -g -O2 -fPIE -fstack-protector-strong -Wformat -Werror=format-security -Wall -D_FORTIFY_SOURCE=2  -std=c++11 -pedantic -Wall -Wcast-align -Wwrite-strings -Wswitch-default -Wcast-qual -Wunused-variable -Wredundant-decls -Wctor-dtor-privacy -Wnon-virtual-dtor -Wreorder -Wold-style-cast -Woverloaded-virtual -fstrict-aliasing -I/«PKGBUILDDIR»/debian/build/lib -I/«PKGBUILDDIR»/lib -I/«PKGBUILDDIR»/debian/build -I/«PKGBUILDDIR» -I/«PKGBUILDDIR»/sbuild -I/«PKGBUILDDIR»/debian/build/sbuild    -o CMakeFiles/sbuild.dir/sbuild-mntstream.cc.o -c /«PKGBUILDDIR»/sbuild/sbuild-mntstream.cc
In file included from /«PKGBUILDDIR»/bin/dchroot/dchroot-main-base.cc:21:
In file included from /«PKGBUILDDIR»/bin/dchroot/dchroot-main.h:22:
In file included from /«PKGBUILDDIR»/bin/dchroot/dchroot-main-base.h:22:
In file included from /«PKGBUILDDIR»/bin/schroot/schroot-main-base.h:22:
In file included from /«PKGBUILDDIR»/bin/schroot-base/schroot-base-main.h:22:
In file included from /«PKGBUILDDIR»/bin/schroot-base/schroot-base-options.h:22:
In file included from /«PKGBUILDDIR»/sbuild/sbuild-session.h:23:
In file included from /«PKGBUILDDIR»/sbuild/sbuild-chroot.h:25:
In file included from /«PKGBUILDDIR»/sbuild/sbuild-keyfile.h:22:
In file included from /«PKGBUILDDIR»/sbuild/sbuild-basic-keyfile.h:1511:
/«PKGBUILDDIR»/sbuild/sbuild-basic-keyfile.tcc:217:18: error: no viable overloaded '='
      localename = std::locale::classic();
      ~~~~~~~~~~ ^ ~~~~~~~~~~~~~~~~~~~~~~
/usr/bin/../lib/gcc/x86_64-linux-gnu/4.9/../../../../include/c++/4.9/bits/basic_string.h:554:7: note: candidate function not viable: no known conversion from 'const std::locale' to 'const std::basic_string<char>' for 1st argument
      operator=(const basic_string& __str) 
      ^
/usr/bin/../lib/gcc/x86_64-linux-gnu/4.9/../../../../include/c++/4.9/bits/basic_string.h:562:7: note: candidate function not viable: no known conversion from 'const std::locale' to 'const char *' for 1st argument
      operator=(const _CharT* __s) 
      ^
/usr/bin/../lib/gcc/x86_64-linux-gnu/4.9/../../../../include/c++/4.9/bits/basic_string.h:573:7: note: candidate function not viable: no known conversion from 'const std::locale' to 'char' for 1st argument
      operator=(_CharT __c) 
      ^
/usr/bin/../lib/gcc/x86_64-linux-gnu/4.9/../../../../include/c++/4.9/bits/basic_string.h:589:7: note: candidate function not viable: no known conversion from 'const std::locale' to 'std::basic_string<char>' for 1st argument
      operator=(basic_string&& __str)
      ^
/usr/bin/../lib/gcc/x86_64-linux-gnu/4.9/../../../../include/c++/4.9/bits/basic_string.h:601:7: note: candidate function not viable: no known conversion from 'const std::locale' to 'initializer_list<char>' for 1st argument
      operator=(initializer_list<_CharT> __l)
      ^
In file included from /«PKGBUILDDIR»/bin/dchroot/dchroot-main-base.cc:21:
In file included from /«PKGBUILDDIR»/bin/dchroot/dchroot-main.h:22:
In file included from /«PKGBUILDDIR»/bin/dchroot/dchroot-main-base.h:22:
In file included from /«PKGBUILDDIR»/bin/schroot/schroot-main-base.h:22:
In file included from /«PKGBUILDDIR»/bin/schroot-base/schroot-base-main.h:22:
In file included from /«PKGBUILDDIR»/bin/schroot-base/schroot-base-options.h:22:
In file included from /«PKGBUILDDIR»/sbuild/sbuild-session.h:23:
/«PKGBUILDDIR»/sbuild/sbuild-chroot.h:883:17: warning: using the result of an assignment as a condition without parentheses [-Wparentheses]
        if (ret = std::dynamic_pointer_cast<T>(*pos))
            ~~~~^~~~~~~~~~~~~~~~~~~~~~~~~~~~~~~~~~~~
/«PKGBUILDDIR»/sbuild/sbuild-chroot.h:883:17: note: place parentheses around the assignment to silence this warning
        if (ret = std::dynamic_pointer_cast<T>(*pos))
                ^
            (                                       )
/«PKGBUILDDIR»/sbuild/sbuild-chroot.h:883:17: note: use '==' to turn this assignment into an equality comparison
        if (ret = std::dynamic_pointer_cast<T>(*pos))
                ^
                ==
/«PKGBUILDDIR»/sbuild/sbuild-chroot.h:900:17: warning: using the result of an assignment as a condition without parentheses [-Wparentheses]
        if (ret = std::dynamic_pointer_cast<T>(*pos))
            ~~~~^~~~~~~~~~~~~~~~~~~~~~~~~~~~~~~~~~~~
/«PKGBUILDDIR»/sbuild/sbuild-chroot.h:900:17: note: place parentheses around the assignment to silence this warning
        if (ret = std::dynamic_pointer_cast<T>(*pos))
                ^
            (                                       )
/«PKGBUILDDIR»/sbuild/sbuild-chroot.h:900:17: note: use '==' to turn this assignment into an equality comparison
        if (ret = std::dynamic_pointer_cast<T>(*pos))
                ^
                ==
In file included from /«PKGBUILDDIR»/bin/dchroot/dchroot-session-base.cc:21:
In file included from /«PKGBUILDDIR»/bin/dchroot/dchroot-session-base.h:22:
In file included from /«PKGBUILDDIR»/sbuild/sbuild-session.h:23:
In file included from /«PKGBUILDDIR»/sbuild/sbuild-chroot.h:25:
In file included from /«PKGBUILDDIR»/sbuild/sbuild-keyfile.h:22:
In file included from /«PKGBUILDDIR»/sbuild/sbuild-basic-keyfile.h:1511:
/«PKGBUILDDIR»/sbuild/sbuild-basic-keyfile.tcc:217:18: error: no viable overloaded '='
      localename = std::locale::classic();
      ~~~~~~~~~~ ^ ~~~~~~~~~~~~~~~~~~~~~~
/usr/bin/../lib/gcc/x86_64-linux-gnu/4.9/../../../../include/c++/4.9/bits/basic_string.h:554:7: note: candidate function not viable: no known conversion from 'const std::locale' to 'const std::basic_string<char>' for 1st argument
      operator=(const basic_string& __str) 
      ^
/usr/bin/../lib/gcc/x86_64-linux-gnu/4.9/../../../../include/c++/4.9/bits/basic_string.h:562:7: note: candidate function not viable: no known conversion from 'const std::locale' to 'const char *' for 1st argument
      operator=(const _CharT* __s) 
      ^
/usr/bin/../lib/gcc/x86_64-linux-gnu/4.9/../../../../include/c++/4.9/bits/basic_string.h:573:7: note: candidate function not viable: no known conversion from 'const std::locale' to 'char' for 1st argument
      operator=(_CharT __c) 
      ^
/usr/bin/../lib/gcc/x86_64-linux-gnu/4.9/../../../../include/c++/4.9/bits/basic_string.h:589:7: note: candidate function not viable: no known conversion from 'const std::locale' to 'std::basic_string<char>' for 1st argument
      operator=(basic_string&& __str)
      ^
/usr/bin/../lib/gcc/x86_64-linux-gnu/4.9/../../../../include/c++/4.9/bits/basic_string.h:601:7: note: candidate function not viable: no known conversion from 'const std::locale' to 'initializer_list<char>' for 1st argument
      operator=(initializer_list<_CharT> __l)
      ^
In file included from /«PKGBUILDDIR»/bin/dchroot/dchroot-session-base.cc:21:
In file included from /«PKGBUILDDIR»/bin/dchroot/dchroot-session-base.h:22:
In file included from /«PKGBUILDDIR»/sbuild/sbuild-session.h:23:
/«PKGBUILDDIR»/sbuild/sbuild-chroot.h:883:17: warning: using the result of an assignment as a condition without parentheses [-Wparentheses]
        if (ret = std::dynamic_pointer_cast<T>(*pos))
            ~~~~^~~~~~~~~~~~~~~~~~~~~~~~~~~~~~~~~~~~
/«PKGBUILDDIR»/sbuild/sbuild-chroot.h:883:17: note: place parentheses around the assignment to silence this warning
        if (ret = std::dynamic_pointer_cast<T>(*pos))
                ^
            (                                       )
/«PKGBUILDDIR»/sbuild/sbuild-chroot.h:883:17: note: use '==' to turn this assignment into an equality comparison
        if (ret = std::dynamic_pointer_cast<T>(*pos))
                ^
                ==
/«PKGBUILDDIR»/sbuild/sbuild-chroot.h:900:17: warning: using the result of an assignment as a condition without parentheses [-Wparentheses]
        if (ret = std::dynamic_pointer_cast<T>(*pos))
            ~~~~^~~~~~~~~~~~~~~~~~~~~~~~~~~~~~~~~~~~
/«PKGBUILDDIR»/sbuild/sbuild-chroot.h:900:17: note: place parentheses around the assignment to silence this warning
        if (ret = std::dynamic_pointer_cast<T>(*pos))
                ^
            (                                       )
/«PKGBUILDDIR»/sbuild/sbuild-chroot.h:900:17: note: use '==' to turn this assignment into an equality comparison
        if (ret = std::dynamic_pointer_cast<T>(*pos))
                ^
                ==
2 warnings and 1 error generated.
make[4]: *** [bin/dchroot/CMakeFiles/dchroot-common.dir/dchroot-session-base.cc.o] Error 1
make[4]: *** Waiting for unfinished jobs....
bin/dchroot/CMakeFiles/dchroot-common.dir/build.make:77: recipe for target 'bin/dchroot/CMakeFiles/dchroot-common.dir/dchroot-session-base.cc.o' failed
/usr/bin/cmake -E cmake_progress_report /«PKGBUILDDIR»/debian/build/CMakeFiles 29
[ 43%] Building CXX object sbuild/CMakeFiles/sbuild.dir/sbuild-nostream.cc.o
cd /«PKGBUILDDIR»/debian/build/sbuild && /usr/bin/c++    -g -O2 -fPIE -fstack-protector-strong -Wformat -Werror=format-security -Wall -D_FORTIFY_SOURCE=2  -std=c++11 -pedantic -Wall -Wcast-align -Wwrite-strings -Wswitch-default -Wcast-qual -Wunused-variable -Wredundant-decls -Wctor-dtor-privacy -Wnon-virtual-dtor -Wreorder -Wold-style-cast -Woverloaded-virtual -fstrict-aliasing -I/«PKGBUILDDIR»/debian/build/lib -I/«PKGBUILDDIR»/lib -I/«PKGBUILDDIR»/debian/build -I/«PKGBUILDDIR» -I/«PKGBUILDDIR»/sbuild -I/«PKGBUILDDIR»/debian/build/sbuild    -o CMakeFiles/sbuild.dir/sbuild-nostream.cc.o -c /«PKGBUILDDIR»/sbuild/sbuild-nostream.cc
/usr/bin/cmake -E cmake_progress_report /«PKGBUILDDIR»/debian/build/CMakeFiles 
[ 43%] Building CXX object sbuild/CMakeFiles/sbuild.dir/sbuild-null.cc.o
cd /«PKGBUILDDIR»/debian/build/sbuild && /usr/bin/c++    -g -O2 -fPIE -fstack-protector-strong -Wformat -Werror=format-security -Wall -D_FORTIFY_SOURCE=2  -std=c++11 -pedantic -Wall -Wcast-align -Wwrite-strings -Wswitch-default -Wcast-qual -Wunused-variable -Wredundant-decls -Wctor-dtor-privacy -Wnon-virtual-dtor -Wreorder -Wold-style-cast -Woverloaded-virtual -fstrict-aliasing -I/«PKGBUILDDIR»/debian/build/lib -I/«PKGBUILDDIR»/lib -I/«PKGBUILDDIR»/debian/build -I/«PKGBUILDDIR» -I/«PKGBUILDDIR»/sbuild -I/«PKGBUILDDIR»/debian/build/sbuild    -o CMakeFiles/sbuild.dir/sbuild-null.cc.o -c /«PKGBUILDDIR»/sbuild/sbuild-null.cc
/usr/bin/cmake -E cmake_progress_report /«PKGBUILDDIR»/debian/build/CMakeFiles 30
[ 44%] /usr/bin/cmake -E cmake_progress_report /«PKGBUILDDIR»/debian/build/CMakeFiles 31
Building CXX object sbuild/CMakeFiles/sbuild.dir/sbuild-parse-value.cc.o
cd /«PKGBUILDDIR»/debian/build/sbuild && /usr/bin/c++    -g -O2 -fPIE -fstack-protector-strong -Wformat -Werror=format-security -Wall -D_FORTIFY_SOURCE=2  -std=c++11 -pedantic -Wall -Wcast-align -Wwrite-strings -Wswitch-default -Wcast-qual -Wunused-variable -Wredundant-decls -Wctor-dtor-privacy -Wnon-virtual-dtor -Wreorder -Wold-style-cast -Woverloaded-virtual -fstrict-aliasing -I/«PKGBUILDDIR»/debian/build/lib -I/«PKGBUILDDIR»/lib -I/«PKGBUILDDIR»/debian/build -I/«PKGBUILDDIR» -I/«PKGBUILDDIR»/sbuild -I/«PKGBUILDDIR»/debian/build/sbuild    -o CMakeFiles/sbuild.dir/sbuild-parse-value.cc.o -c /«PKGBUILDDIR»/sbuild/sbuild-parse-value.cc
[ 45%] Building CXX object sbuild/CMakeFiles/sbuild.dir/sbuild-personality.cc.o
cd /«PKGBUILDDIR»/debian/build/sbuild && /usr/bin/c++    -g -O2 -fPIE -fstack-protector-strong -Wformat -Werror=format-security -Wall -D_FORTIFY_SOURCE=2  -std=c++11 -pedantic -Wall -Wcast-align -Wwrite-strings -Wswitch-default -Wcast-qual -Wunused-variable -Wredundant-decls -Wctor-dtor-privacy -Wnon-virtual-dtor -Wreorder -Wold-style-cast -Woverloaded-virtual -fstrict-aliasing -I/«PKGBUILDDIR»/debian/build/lib -I/«PKGBUILDDIR»/lib -I/«PKGBUILDDIR»/debian/build -I/«PKGBUILDDIR» -I/«PKGBUILDDIR»/sbuild -I/«PKGBUILDDIR»/debian/build/sbuild    -o CMakeFiles/sbuild.dir/sbuild-personality.cc.o -c /«PKGBUILDDIR»/sbuild/sbuild-personality.cc
/usr/bin/cmake -E cmake_progress_report /«PKGBUILDDIR»/debian/build/CMakeFiles 
[ 45%] Building CXX object sbuild/CMakeFiles/sbuild.dir/sbuild-run-parts.cc.o
cd /«PKGBUILDDIR»/debian/build/sbuild && /usr/bin/c++    -g -O2 -fPIE -fstack-protector-strong -Wformat -Werror=format-security -Wall -D_FORTIFY_SOURCE=2  -std=c++11 -pedantic -Wall -Wcast-align -Wwrite-strings -Wswitch-default -Wcast-qual -Wunused-variable -Wredundant-decls -Wctor-dtor-privacy -Wnon-virtual-dtor -Wreorder -Wold-style-cast -Woverloaded-virtual -fstrict-aliasing -I/«PKGBUILDDIR»/debian/build/lib -I/«PKGBUILDDIR»/lib -I/«PKGBUILDDIR»/debian/build -I/«PKGBUILDDIR» -I/«PKGBUILDDIR»/sbuild -I/«PKGBUILDDIR»/debian/build/sbuild    -o CMakeFiles/sbuild.dir/sbuild-run-parts.cc.o -c /«PKGBUILDDIR»/sbuild/sbuild-run-parts.cc
2 warnings and 1 error generated.
make[4]: *** [bin/dchroot/CMakeFiles/dchroot-common.dir/dchroot-main-base.cc.o] Error 1
bin/dchroot/CMakeFiles/dchroot-common.dir/build.make:54: recipe for target 'bin/dchroot/CMakeFiles/dchroot-common.dir/dchroot-main-base.cc.o' failed
make[3]: *** [bin/dchroot/CMakeFiles/dchroot-common.dir/all] Error 2
make[4]: Leaving directory '/«PKGBUILDDIR»/debian/build'
CMakeFiles/Makefile2:226: recipe for target 'bin/dchroot/CMakeFiles/dchroot-common.dir/all' failed
make[3]: *** Waiting for unfinished jobs....
/usr/bin/cmake -E cmake_progress_report /«PKGBUILDDIR»/debian/build/CMakeFiles 32
[ 46%] Building CXX object sbuild/CMakeFiles/sbuild.dir/sbuild-session.cc.o
cd /«PKGBUILDDIR»/debian/build/sbuild && /usr/bin/c++    -g -O2 -fPIE -fstack-protector-strong -Wformat -Werror=format-security -Wall -D_FORTIFY_SOURCE=2  -std=c++11 -pedantic -Wall -Wcast-align -Wwrite-strings -Wswitch-default -Wcast-qual -Wunused-variable -Wredundant-decls -Wctor-dtor-privacy -Wnon-virtual-dtor -Wreorder -Wold-style-cast -Woverloaded-virtual -fstrict-aliasing -I/«PKGBUILDDIR»/debian/build/lib -I/«PKGBUILDDIR»/lib -I/«PKGBUILDDIR»/debian/build -I/«PKGBUILDDIR» -I/«PKGBUILDDIR»/sbuild -I/«PKGBUILDDIR»/debian/build/sbuild    -o CMakeFiles/sbuild.dir/sbuild-session.cc.o -c /«PKGBUILDDIR»/sbuild/sbuild-session.cc
/usr/bin/cmake -E cmake_progress_report /«PKGBUILDDIR»/debian/build/CMakeFiles 33
[ 47%] Building CXX object sbuild/CMakeFiles/sbuild.dir/sbuild-types.cc.o
cd /«PKGBUILDDIR»/debian/build/sbuild && /usr/bin/c++    -g -O2 -fPIE -fstack-protector-strong -Wformat -Werror=format-security -Wall -D_FORTIFY_SOURCE=2  -std=c++11 -pedantic -Wall -Wcast-align -Wwrite-strings -Wswitch-default -Wcast-qual -Wunused-variable -Wredundant-decls -Wctor-dtor-privacy -Wnon-virtual-dtor -Wreorder -Wold-style-cast -Woverloaded-virtual -fstrict-aliasing -I/«PKGBUILDDIR»/debian/build/lib -I/«PKGBUILDDIR»/lib -I/«PKGBUILDDIR»/debian/build -I/«PKGBUILDDIR» -I/«PKGBUILDDIR»/sbuild -I/«PKGBUILDDIR»/debian/build/sbuild    -o CMakeFiles/sbuild.dir/sbuild-types.cc.o -c /«PKGBUILDDIR»/sbuild/sbuild-types.cc
/usr/bin/cmake -E cmake_progress_report /«PKGBUILDDIR»/debian/build/CMakeFiles 34
[ 48%] Building CXX object sbuild/CMakeFiles/sbuild.dir/sbuild-util.cc.o
cd /«PKGBUILDDIR»/debian/build/sbuild && /usr/bin/c++    -g -O2 -fPIE -fstack-protector-strong -Wformat -Werror=format-security -Wall -D_FORTIFY_SOURCE=2  -std=c++11 -pedantic -Wall -Wcast-align -Wwrite-strings -Wswitch-default -Wcast-qual -Wunused-variable -Wredundant-decls -Wctor-dtor-privacy -Wnon-virtual-dtor -Wreorder -Wold-style-cast -Woverloaded-virtual -fstrict-aliasing -I/«PKGBUILDDIR»/debian/build/lib -I/«PKGBUILDDIR»/lib -I/«PKGBUILDDIR»/debian/build -I/«PKGBUILDDIR» -I/«PKGBUILDDIR»/sbuild -I/«PKGBUILDDIR»/debian/build/sbuild    -o CMakeFiles/sbuild.dir/sbuild-util.cc.o -c /«PKGBUILDDIR»/sbuild/sbuild-util.cc
/usr/bin/cmake -E cmake_progress_report /«PKGBUILDDIR»/debian/build/CMakeFiles 
[ 48%] Building CXX object sbuild/CMakeFiles/sbuild.dir/sbuild-auth.cc.o
cd /«PKGBUILDDIR»/debian/build/sbuild && /usr/bin/c++    -g -O2 -fPIE -fstack-protector-strong -Wformat -Werror=format-security -Wall -D_FORTIFY_SOURCE=2  -std=c++11 -pedantic -Wall -Wcast-align -Wwrite-strings -Wswitch-default -Wcast-qual -Wunused-variable -Wredundant-decls -Wctor-dtor-privacy -Wnon-virtual-dtor -Wreorder -Wold-style-cast -Woverloaded-virtual -fstrict-aliasing -I/«PKGBUILDDIR»/debian/build/lib -I/«PKGBUILDDIR»/lib -I/«PKGBUILDDIR»/debian/build -I/«PKGBUILDDIR» -I/«PKGBUILDDIR»/sbuild -I/«PKGBUILDDIR»/debian/build/sbuild    -o CMakeFiles/sbuild.dir/sbuild-auth.cc.o -c /«PKGBUILDDIR»/sbuild/sbuild-auth.cc
/usr/bin/cmake -E cmake_progress_report /«PKGBUILDDIR»/debian/build/CMakeFiles 35
[ 50%] Building CXX object sbuild/CMakeFiles/sbuild.dir/sbuild-auth-null.cc.o
cd /«PKGBUILDDIR»/debian/build/sbuild && /usr/bin/c++    -g -O2 -fPIE -fstack-protector-strong -Wformat -Werror=format-security -Wall -D_FORTIFY_SOURCE=2  -std=c++11 -pedantic -Wall -Wcast-align -Wwrite-strings -Wswitch-default -Wcast-qual -Wunused-variable -Wredundant-decls -Wctor-dtor-privacy -Wnon-virtual-dtor -Wreorder -Wold-style-cast -Woverloaded-virtual -fstrict-aliasing -I/«PKGBUILDDIR»/debian/build/lib -I/«PKGBUILDDIR»/lib -I/«PKGBUILDDIR»/debian/build -I/«PKGBUILDDIR» -I/«PKGBUILDDIR»/sbuild -I/«PKGBUILDDIR»/debian/build/sbuild    -o CMakeFiles/sbuild.dir/sbuild-auth-null.cc.o -c /«PKGBUILDDIR»/sbuild/sbuild-auth-null.cc
/usr/bin/cmake -E cmake_progress_report /«PKGBUILDDIR»/debian/build/CMakeFiles 36
[ 51%] /usr/bin/cmake -E cmake_progress_report /«PKGBUILDDIR»/debian/build/CMakeFiles 
Building CXX object sbuild/CMakeFiles/sbuild.dir/sbuild-auth-pam-conv.cc.o
cd /«PKGBUILDDIR»/debian/build/sbuild && /usr/bin/c++    -g -O2 -fPIE -fstack-protector-strong -Wformat -Werror=format-security -Wall -D_FORTIFY_SOURCE=2  -std=c++11 -pedantic -Wall -Wcast-align -Wwrite-strings -Wswitch-default -Wcast-qual -Wunused-variable -Wredundant-decls -Wctor-dtor-privacy -Wnon-virtual-dtor -Wreorder -Wold-style-cast -Woverloaded-virtual -fstrict-aliasing -I/«PKGBUILDDIR»/debian/build/lib -I/«PKGBUILDDIR»/lib -I/«PKGBUILDDIR»/debian/build -I/«PKGBUILDDIR» -I/«PKGBUILDDIR»/sbuild -I/«PKGBUILDDIR»/debian/build/sbuild    -o CMakeFiles/sbuild.dir/sbuild-auth-pam-conv.cc.o -c /«PKGBUILDDIR»/sbuild/sbuild-auth-pam-conv.cc
[ 51%] Building CXX object sbuild/CMakeFiles/sbuild.dir/sbuild-auth-pam-conv-tty.cc.o
cd /«PKGBUILDDIR»/debian/build/sbuild && /usr/bin/c++    -g -O2 -fPIE -fstack-protector-strong -Wformat -Werror=format-security -Wall -D_FORTIFY_SOURCE=2  -std=c++11 -pedantic -Wall -Wcast-align -Wwrite-strings -Wswitch-default -Wcast-qual -Wunused-variable -Wredundant-decls -Wctor-dtor-privacy -Wnon-virtual-dtor -Wreorder -Wold-style-cast -Woverloaded-virtual -fstrict-aliasing -I/«PKGBUILDDIR»/debian/build/lib -I/«PKGBUILDDIR»/lib -I/«PKGBUILDDIR»/debian/build -I/«PKGBUILDDIR» -I/«PKGBUILDDIR»/sbuild -I/«PKGBUILDDIR»/debian/build/sbuild    -o CMakeFiles/sbuild.dir/sbuild-auth-pam-conv-tty.cc.o -c /«PKGBUILDDIR»/sbuild/sbuild-auth-pam-conv-tty.cc
/usr/bin/cmake -E cmake_progress_report /«PKGBUILDDIR»/debian/build/CMakeFiles 37
[ 52%] Building CXX object sbuild/CMakeFiles/sbuild.dir/sbuild-auth-pam.cc.o
cd /«PKGBUILDDIR»/debian/build/sbuild && /usr/bin/c++    -g -O2 -fPIE -fstack-protector-strong -Wformat -Werror=format-security -Wall -D_FORTIFY_SOURCE=2  -std=c++11 -pedantic -Wall -Wcast-align -Wwrite-strings -Wswitch-default -Wcast-qual -Wunused-variable -Wredundant-decls -Wctor-dtor-privacy -Wnon-virtual-dtor -Wreorder -Wold-style-cast -Woverloaded-virtual -fstrict-aliasing -I/«PKGBUILDDIR»/debian/build/lib -I/«PKGBUILDDIR»/lib -I/«PKGBUILDDIR»/debian/build -I/«PKGBUILDDIR» -I/«PKGBUILDDIR»/sbuild -I/«PKGBUILDDIR»/debian/build/sbuild    -o CMakeFiles/sbuild.dir/sbuild-auth-pam.cc.o -c /«PKGBUILDDIR»/sbuild/sbuild-auth-pam.cc
In file included from /«PKGBUILDDIR»/sbuild/sbuild-session.cc:21:
In file included from /«PKGBUILDDIR»/sbuild/sbuild-chroot.h:25:
In file included from /«PKGBUILDDIR»/sbuild/sbuild-keyfile.h:22:
In file included from /«PKGBUILDDIR»/sbuild/sbuild-basic-keyfile.h:1511:
/«PKGBUILDDIR»/sbuild/sbuild-basic-keyfile.tcc:217:18: error: no viable overloaded '='
      localename = std::locale::classic();
      ~~~~~~~~~~ ^ ~~~~~~~~~~~~~~~~~~~~~~
/usr/bin/../lib/gcc/x86_64-linux-gnu/4.9/../../../../include/c++/4.9/bits/basic_string.h:554:7: note: candidate function not viable: no known conversion from 'const std::locale' to 'const std::basic_string<char>' for 1st argument
      operator=(const basic_string& __str) 
      ^
/usr/bin/../lib/gcc/x86_64-linux-gnu/4.9/../../../../include/c++/4.9/bits/basic_string.h:562:7: note: candidate function not viable: no known conversion from 'const std::locale' to 'const char *' for 1st argument
      operator=(const _CharT* __s) 
      ^
/usr/bin/../lib/gcc/x86_64-linux-gnu/4.9/../../../../include/c++/4.9/bits/basic_string.h:573:7: note: candidate function not viable: no known conversion from 'const std::locale' to 'char' for 1st argument
      operator=(_CharT __c) 
      ^
/usr/bin/../lib/gcc/x86_64-linux-gnu/4.9/../../../../include/c++/4.9/bits/basic_string.h:589:7: note: candidate function not viable: no known conversion from 'const std::locale' to 'std::basic_string<char>' for 1st argument
      operator=(basic_string&& __str)
      ^
/usr/bin/../lib/gcc/x86_64-linux-gnu/4.9/../../../../include/c++/4.9/bits/basic_string.h:601:7: note: candidate function not viable: no known conversion from 'const std::locale' to 'initializer_list<char>' for 1st argument
      operator=(initializer_list<_CharT> __l)
      ^
In file included from /«PKGBUILDDIR»/sbuild/sbuild-session.cc:21:
/«PKGBUILDDIR»/sbuild/sbuild-chroot.h:883:17: warning: using the result of an assignment as a condition without parentheses [-Wparentheses]
        if (ret = std::dynamic_pointer_cast<T>(*pos))
            ~~~~^~~~~~~~~~~~~~~~~~~~~~~~~~~~~~~~~~~~
/«PKGBUILDDIR»/sbuild/sbuild-chroot.h:883:17: note: place parentheses around the assignment to silence this warning
        if (ret = std::dynamic_pointer_cast<T>(*pos))
                ^
            (                                       )
/«PKGBUILDDIR»/sbuild/sbuild-chroot.h:883:17: note: use '==' to turn this assignment into an equality comparison
        if (ret = std::dynamic_pointer_cast<T>(*pos))
                ^
                ==
/«PKGBUILDDIR»/sbuild/sbuild-chroot.h:900:17: warning: using the result of an assignment as a condition without parentheses [-Wparentheses]
        if (ret = std::dynamic_pointer_cast<T>(*pos))
            ~~~~^~~~~~~~~~~~~~~~~~~~~~~~~~~~~~~~~~~~
/«PKGBUILDDIR»/sbuild/sbuild-chroot.h:900:17: note: place parentheses around the assignment to silence this warning
        if (ret = std::dynamic_pointer_cast<T>(*pos))
                ^
            (                                       )
/«PKGBUILDDIR»/sbuild/sbuild-chroot.h:900:17: note: use '==' to turn this assignment into an equality comparison
        if (ret = std::dynamic_pointer_cast<T>(*pos))
                ^
                ==
In file included from /«PKGBUILDDIR»/sbuild/sbuild-util.cc:21:
In file included from /«PKGBUILDDIR»/sbuild/sbuild-chroot.h:25:
In file included from /«PKGBUILDDIR»/sbuild/sbuild-keyfile.h:22:
In file included from /«PKGBUILDDIR»/sbuild/sbuild-basic-keyfile.h:1511:
/«PKGBUILDDIR»/sbuild/sbuild-basic-keyfile.tcc:217:18: error: no viable overloaded '='
      localename = std::locale::classic();
      ~~~~~~~~~~ ^ ~~~~~~~~~~~~~~~~~~~~~~
/usr/bin/../lib/gcc/x86_64-linux-gnu/4.9/../../../../include/c++/4.9/bits/basic_string.h:554:7: note: candidate function not viable: no known conversion from 'const std::locale' to 'const std::basic_string<char>' for 1st argument
      operator=(const basic_string& __str) 
      ^
/usr/bin/../lib/gcc/x86_64-linux-gnu/4.9/../../../../include/c++/4.9/bits/basic_string.h:562:7: note: candidate function not viable: no known conversion from 'const std::locale' to 'const char *' for 1st argument
      operator=(const _CharT* __s) 
      ^
/usr/bin/../lib/gcc/x86_64-linux-gnu/4.9/../../../../include/c++/4.9/bits/basic_string.h:573:7: note: candidate function not viable: no known conversion from 'const std::locale' to 'char' for 1st argument
      operator=(_CharT __c) 
      ^
/usr/bin/../lib/gcc/x86_64-linux-gnu/4.9/../../../../include/c++/4.9/bits/basic_string.h:589:7: note: candidate function not viable: no known conversion from 'const std::locale' to 'std::basic_string<char>' for 1st argument
      operator=(basic_string&& __str)
      ^
/usr/bin/../lib/gcc/x86_64-linux-gnu/4.9/../../../../include/c++/4.9/bits/basic_string.h:601:7: note: candidate function not viable: no known conversion from 'const std::locale' to 'initializer_list<char>' for 1st argument
      operator=(initializer_list<_CharT> __l)
      ^
In file included from /«PKGBUILDDIR»/sbuild/sbuild-util.cc:21:
/«PKGBUILDDIR»/sbuild/sbuild-chroot.h:883:17: warning: using the result of an assignment as a condition without parentheses [-Wparentheses]
        if (ret = std::dynamic_pointer_cast<T>(*pos))
            ~~~~^~~~~~~~~~~~~~~~~~~~~~~~~~~~~~~~~~~~
/«PKGBUILDDIR»/sbuild/sbuild-chroot.h:883:17: note: place parentheses around the assignment to silence this warning
        if (ret = std::dynamic_pointer_cast<T>(*pos))
                ^
            (                                       )
/«PKGBUILDDIR»/sbuild/sbuild-chroot.h:883:17: note: use '==' to turn this assignment into an equality comparison
        if (ret = std::dynamic_pointer_cast<T>(*pos))
                ^
                ==
/«PKGBUILDDIR»/sbuild/sbuild-chroot.h:900:17: warning: using the result of an assignment as a condition without parentheses [-Wparentheses]
        if (ret = std::dynamic_pointer_cast<T>(*pos))
            ~~~~^~~~~~~~~~~~~~~~~~~~~~~~~~~~~~~~~~~~
/«PKGBUILDDIR»/sbuild/sbuild-chroot.h:900:17: note: place parentheses around the assignment to silence this warning
        if (ret = std::dynamic_pointer_cast<T>(*pos))
                ^
            (                                       )
/«PKGBUILDDIR»/sbuild/sbuild-chroot.h:900:17: note: use '==' to turn this assignment into an equality comparison
        if (ret = std::dynamic_pointer_cast<T>(*pos))
                ^
                ==
/usr/bin/cmake -E cmake_progress_report /«PKGBUILDDIR»/debian/build/CMakeFiles 38
[ 53%] Building CXX object sbuild/CMakeFiles/sbuild.dir/sbuild-auth-pam-message.cc.o
cd /«PKGBUILDDIR»/debian/build/sbuild && /usr/bin/c++    -g -O2 -fPIE -fstack-protector-strong -Wformat -Werror=format-security -Wall -D_FORTIFY_SOURCE=2  -std=c++11 -pedantic -Wall -Wcast-align -Wwrite-strings -Wswitch-default -Wcast-qual -Wunused-variable -Wredundant-decls -Wctor-dtor-privacy -Wnon-virtual-dtor -Wreorder -Wold-style-cast -Woverloaded-virtual -fstrict-aliasing -I/«PKGBUILDDIR»/debian/build/lib -I/«PKGBUILDDIR»/lib -I/«PKGBUILDDIR»/debian/build -I/«PKGBUILDDIR» -I/«PKGBUILDDIR»/sbuild -I/«PKGBUILDDIR»/debian/build/sbuild    -o CMakeFiles/sbuild.dir/sbuild-auth-pam-message.cc.o -c /«PKGBUILDDIR»/sbuild/sbuild-auth-pam-message.cc
/«PKGBUILDDIR»/sbuild/sbuild-session.cc:1199:11: warning: ignoring return value of function declared with warn_unused_result attribute [-Wunused-result]
          setuid(0);
          ^~~~~~ ~
/«PKGBUILDDIR»/sbuild/sbuild-session.cc:1200:11: warning: ignoring return value of function declared with warn_unused_result attribute [-Wunused-result]
          setgid(0);
          ^~~~~~ ~
/usr/bin/cmake -E cmake_progress_report /«PKGBUILDDIR»/debian/build/CMakeFiles 
[ 53%] Building CXX object sbuild/CMakeFiles/sbuild.dir/sbuild-chroot.cc.o
cd /«PKGBUILDDIR»/debian/build/sbuild && /usr/bin/c++    -g -O2 -fPIE -fstack-protector-strong -Wformat -Werror=format-security -Wall -D_FORTIFY_SOURCE=2  -std=c++11 -pedantic -Wall -Wcast-align -Wwrite-strings -Wswitch-default -Wcast-qual -Wunused-variable -Wredundant-decls -Wctor-dtor-privacy -Wnon-virtual-dtor -Wreorder -Wold-style-cast -Woverloaded-virtual -fstrict-aliasing -I/«PKGBUILDDIR»/debian/build/lib -I/«PKGBUILDDIR»/lib -I/«PKGBUILDDIR»/debian/build -I/«PKGBUILDDIR» -I/«PKGBUILDDIR»/sbuild -I/«PKGBUILDDIR»/debian/build/sbuild    -o CMakeFiles/sbuild.dir/sbuild-chroot.cc.o -c /«PKGBUILDDIR»/sbuild/sbuild-chroot.cc
/usr/bin/cmake -E cmake_progress_report /«PKGBUILDDIR»/debian/build/CMakeFiles 39
[ 54%] Building CXX object sbuild/CMakeFiles/sbuild.dir/sbuild-chroot-config.cc.o
cd /«PKGBUILDDIR»/debian/build/sbuild && /usr/bin/c++    -g -O2 -fPIE -fstack-protector-strong -Wformat -Werror=format-security -Wall -D_FORTIFY_SOURCE=2  -std=c++11 -pedantic -Wall -Wcast-align -Wwrite-strings -Wswitch-default -Wcast-qual -Wunused-variable -Wredundant-decls -Wctor-dtor-privacy -Wnon-virtual-dtor -Wreorder -Wold-style-cast -Woverloaded-virtual -fstrict-aliasing -I/«PKGBUILDDIR»/debian/build/lib -I/«PKGBUILDDIR»/lib -I/«PKGBUILDDIR»/debian/build -I/«PKGBUILDDIR» -I/«PKGBUILDDIR»/sbuild -I/«PKGBUILDDIR»/debian/build/sbuild    -o CMakeFiles/sbuild.dir/sbuild-chroot-config.cc.o -c /«PKGBUILDDIR»/sbuild/sbuild-chroot-config.cc
2 warnings and 1 error generated.
make[4]: *** [sbuild/CMakeFiles/sbuild.dir/sbuild-util.cc.o] Error 1
make[4]: *** Waiting for unfinished jobs....
sbuild/CMakeFiles/sbuild.dir/build.make:399: recipe for target 'sbuild/CMakeFiles/sbuild.dir/sbuild-util.cc.o' failed
In file included from /«PKGBUILDDIR»/sbuild/sbuild-session.cc:21:
/«PKGBUILDDIR»/sbuild/sbuild-chroot.h:883:17: warning: using the result of an assignment as a condition without parentheses [-Wparentheses]
        if (ret = std::dynamic_pointer_cast<T>(*pos))
            ~~~~^~~~~~~~~~~~~~~~~~~~~~~~~~~~~~~~~~~~
/«PKGBUILDDIR»/sbuild/sbuild-session.cc:655:26: note: in instantiation of function template specialization 'sbuild::chroot::get_facet<sbuild::chroot_facet_session_clonable>' requested here
              assert(ch->get_facet<chroot_facet_session_clonable>());
                         ^
/usr/include/assert.h:89:5: note: expanded from macro 'assert'
  ((expr)                                                               \
    ^
/«PKGBUILDDIR»/sbuild/sbuild-chroot.h:883:17: note: place parentheses around the assignment to silence this warning
        if (ret = std::dynamic_pointer_cast<T>(*pos))
                ^
            (                                       )
/«PKGBUILDDIR»/sbuild/sbuild-chroot.h:883:17: note: use '==' to turn this assignment into an equality comparison
        if (ret = std::dynamic_pointer_cast<T>(*pos))
                ^
                ==
/«PKGBUILDDIR»/sbuild/sbuild-chroot.h:883:17: warning: using the result of an assignment as a condition without parentheses [-Wparentheses]
        if (ret = std::dynamic_pointer_cast<T>(*pos))
            ~~~~^~~~~~~~~~~~~~~~~~~~~~~~~~~~~~~~~~~~
/«PKGBUILDDIR»/sbuild/sbuild-session.cc:684:30: note: in instantiation of function template specialization 'sbuild::chroot::get_facet<sbuild::chroot_facet_session>' requested here
              assert(chroot->get_facet<chroot_facet_session>());
                             ^
/usr/include/assert.h:89:5: note: expanded from macro 'assert'
  ((expr)                                                               \
    ^
/«PKGBUILDDIR»/sbuild/sbuild-chroot.h:883:17: note: place parentheses around the assignment to silence this warning
        if (ret = std::dynamic_pointer_cast<T>(*pos))
                ^
            (                                       )
/«PKGBUILDDIR»/sbuild/sbuild-chroot.h:883:17: note: use '==' to turn this assignment into an equality comparison
        if (ret = std::dynamic_pointer_cast<T>(*pos))
                ^
                ==
/«PKGBUILDDIR»/sbuild/sbuild-chroot.h:883:17: warning: using the result of an assignment as a condition without parentheses [-Wparentheses]
        if (ret = std::dynamic_pointer_cast<T>(*pos))
            ~~~~^~~~~~~~~~~~~~~~~~~~~~~~~~~~~~~~~~~~
/«PKGBUILDDIR»/sbuild/sbuild-session.cc:694:21: note: in instantiation of function template specialization 'sbuild::chroot::get_facet<sbuild::chroot_facet_userdata>' requested here
            chroot->get_facet<chroot_facet_userdata>();
                    ^
/«PKGBUILDDIR»/sbuild/sbuild-chroot.h:883:17: note: place parentheses around the assignment to silence this warning
        if (ret = std::dynamic_pointer_cast<T>(*pos))
                ^
            (                                       )
/«PKGBUILDDIR»/sbuild/sbuild-chroot.h:883:17: note: use '==' to turn this assignment into an equality comparison
        if (ret = std::dynamic_pointer_cast<T>(*pos))
                ^
                ==
/«PKGBUILDDIR»/sbuild/sbuild-chroot.h:883:17: warning: using the result of an assignment as a condition without parentheses [-Wparentheses]
        if (ret = std::dynamic_pointer_cast<T>(*pos))
            ~~~~^~~~~~~~~~~~~~~~~~~~~~~~~~~~~~~~~~~~
/«PKGBUILDDIR»/sbuild/sbuild-session.cc:1279:21: note: in instantiation of function template specialization 'sbuild::chroot::get_facet<sbuild::chroot_facet_personality>' requested here
    session_chroot->get_facet<chroot_facet_personality>();
                    ^
/«PKGBUILDDIR»/sbuild/sbuild-chroot.h:883:17: note: place parentheses around the assignment to silence this warning
        if (ret = std::dynamic_pointer_cast<T>(*pos))
                ^
            (                                       )
/«PKGBUILDDIR»/sbuild/sbuild-chroot.h:883:17: note: use '==' to turn this assignment into an equality comparison
        if (ret = std::dynamic_pointer_cast<T>(*pos))
                ^
                ==
8 warnings and 1 error generated.
make[4]: *** [sbuild/CMakeFiles/sbuild.dir/sbuild-session.cc.o] Error 1
sbuild/CMakeFiles/sbuild.dir/build.make:353: recipe for target 'sbuild/CMakeFiles/sbuild.dir/sbuild-session.cc.o' failed
In file included from /«PKGBUILDDIR»/sbuild/sbuild-chroot.cc:21:
In file included from /«PKGBUILDDIR»/sbuild/sbuild-chroot.h:25:
In file included from /«PKGBUILDDIR»/sbuild/sbuild-keyfile.h:22:
In file included from /«PKGBUILDDIR»/sbuild/sbuild-basic-keyfile.h:1511:
/«PKGBUILDDIR»/sbuild/sbuild-basic-keyfile.tcc:217:18: error: no viable overloaded '='
      localename = std::locale::classic();
      ~~~~~~~~~~ ^ ~~~~~~~~~~~~~~~~~~~~~~
/usr/bin/../lib/gcc/x86_64-linux-gnu/4.9/../../../../include/c++/4.9/bits/basic_string.h:554:7: note: candidate function not viable: no known conversion from 'const std::locale' to 'const std::basic_string<char>' for 1st argument
      operator=(const basic_string& __str) 
      ^
/usr/bin/../lib/gcc/x86_64-linux-gnu/4.9/../../../../include/c++/4.9/bits/basic_string.h:562:7: note: candidate function not viable: no known conversion from 'const std::locale' to 'const char *' for 1st argument
      operator=(const _CharT* __s) 
      ^
/usr/bin/../lib/gcc/x86_64-linux-gnu/4.9/../../../../include/c++/4.9/bits/basic_string.h:573:7: note: candidate function not viable: no known conversion from 'const std::locale' to 'char' for 1st argument
      operator=(_CharT __c) 
      ^
/usr/bin/../lib/gcc/x86_64-linux-gnu/4.9/../../../../include/c++/4.9/bits/basic_string.h:589:7: note: candidate function not viable: no known conversion from 'const std::locale' to 'std::basic_string<char>' for 1st argument
      operator=(basic_string&& __str)
      ^
/usr/bin/../lib/gcc/x86_64-linux-gnu/4.9/../../../../include/c++/4.9/bits/basic_string.h:601:7: note: candidate function not viable: no known conversion from 'const std::locale' to 'initializer_list<char>' for 1st argument
      operator=(initializer_list<_CharT> __l)
      ^
In file included from /«PKGBUILDDIR»/sbuild/sbuild-chroot.cc:21:
/«PKGBUILDDIR»/sbuild/sbuild-chroot.h:883:17: warning: using the result of an assignment as a condition without parentheses [-Wparentheses]
        if (ret = std::dynamic_pointer_cast<T>(*pos))
            ~~~~^~~~~~~~~~~~~~~~~~~~~~~~~~~~~~~~~~~~
/«PKGBUILDDIR»/sbuild/sbuild-chroot.h:883:17: note: place parentheses around the assignment to silence this warning
        if (ret = std::dynamic_pointer_cast<T>(*pos))
                ^
            (                                       )
/«PKGBUILDDIR»/sbuild/sbuild-chroot.h:883:17: note: use '==' to turn this assignment into an equality comparison
        if (ret = std::dynamic_pointer_cast<T>(*pos))
                ^
                ==
/«PKGBUILDDIR»/sbuild/sbuild-chroot.h:900:17: warning: using the result of an assignment as a condition without parentheses [-Wparentheses]
        if (ret = std::dynamic_pointer_cast<T>(*pos))
            ~~~~^~~~~~~~~~~~~~~~~~~~~~~~~~~~~~~~~~~~
/«PKGBUILDDIR»/sbuild/sbuild-chroot.h:900:17: note: place parentheses around the assignment to silence this warning
        if (ret = std::dynamic_pointer_cast<T>(*pos))
                ^
            (                                       )
/«PKGBUILDDIR»/sbuild/sbuild-chroot.h:900:17: note: use '==' to turn this assignment into an equality comparison
        if (ret = std::dynamic_pointer_cast<T>(*pos))
                ^
                ==
In file included from /«PKGBUILDDIR»/sbuild/sbuild-chroot-config.cc:21:
In file included from /«PKGBUILDDIR»/sbuild/sbuild-chroot.h:25:
In file included from /«PKGBUILDDIR»/sbuild/sbuild-keyfile.h:22:
In file included from /«PKGBUILDDIR»/sbuild/sbuild-basic-keyfile.h:1511:
/«PKGBUILDDIR»/sbuild/sbuild-basic-keyfile.tcc:217:18: error: no viable overloaded '='
      localename = std::locale::classic();
      ~~~~~~~~~~ ^ ~~~~~~~~~~~~~~~~~~~~~~
/usr/bin/../lib/gcc/x86_64-linux-gnu/4.9/../../../../include/c++/4.9/bits/basic_string.h:554:7: note: candidate function not viable: no known conversion from 'const std::locale' to 'const std::basic_string<char>' for 1st argument
      operator=(const basic_string& __str) 
      ^
/usr/bin/../lib/gcc/x86_64-linux-gnu/4.9/../../../../include/c++/4.9/bits/basic_string.h:562:7: note: candidate function not viable: no known conversion from 'const std::locale' to 'const char *' for 1st argument
      operator=(const _CharT* __s) 
      ^
/usr/bin/../lib/gcc/x86_64-linux-gnu/4.9/../../../../include/c++/4.9/bits/basic_string.h:573:7: note: candidate function not viable: no known conversion from 'const std::locale' to 'char' for 1st argument
      operator=(_CharT __c) 
      ^
/usr/bin/../lib/gcc/x86_64-linux-gnu/4.9/../../../../include/c++/4.9/bits/basic_string.h:589:7: note: candidate function not viable: no known conversion from 'const std::locale' to 'std::basic_string<char>' for 1st argument
      operator=(basic_string&& __str)
      ^
/usr/bin/../lib/gcc/x86_64-linux-gnu/4.9/../../../../include/c++/4.9/bits/basic_string.h:601:7: note: candidate function not viable: no known conversion from 'const std::locale' to 'initializer_list<char>' for 1st argument
      operator=(initializer_list<_CharT> __l)
      ^
In file included from /«PKGBUILDDIR»/sbuild/sbuild-chroot-config.cc:21:
/«PKGBUILDDIR»/sbuild/sbuild-chroot.h:883:17: warning: using the result of an assignment as a condition without parentheses [-Wparentheses]
        if (ret = std::dynamic_pointer_cast<T>(*pos))
            ~~~~^~~~~~~~~~~~~~~~~~~~~~~~~~~~~~~~~~~~
/«PKGBUILDDIR»/sbuild/sbuild-chroot.h:883:17: note: place parentheses around the assignment to silence this warning
        if (ret = std::dynamic_pointer_cast<T>(*pos))
                ^
            (                                       )
/«PKGBUILDDIR»/sbuild/sbuild-chroot.h:883:17: note: use '==' to turn this assignment into an equality comparison
        if (ret = std::dynamic_pointer_cast<T>(*pos))
                ^
                ==
/«PKGBUILDDIR»/sbuild/sbuild-chroot.h:900:17: warning: using the result of an assignment as a condition without parentheses [-Wparentheses]
        if (ret = std::dynamic_pointer_cast<T>(*pos))
            ~~~~^~~~~~~~~~~~~~~~~~~~~~~~~~~~~~~~~~~~
/«PKGBUILDDIR»/sbuild/sbuild-chroot.h:900:17: note: place parentheses around the assignment to silence this warning
        if (ret = std::dynamic_pointer_cast<T>(*pos))
                ^
            (                                       )
/«PKGBUILDDIR»/sbuild/sbuild-chroot.h:900:17: note: use '==' to turn this assignment into an equality comparison
        if (ret = std::dynamic_pointer_cast<T>(*pos))
                ^
                ==
/«PKGBUILDDIR»/sbuild/sbuild-chroot.h:883:17: warning: using the result of an assignment as a condition without parentheses [-Wparentheses]
        if (ret = std::dynamic_pointer_cast<T>(*pos))
            ~~~~^~~~~~~~~~~~~~~~~~~~~~~~~~~~~~~~~~~~
/«PKGBUILDDIR»/sbuild/sbuild-chroot.cc:419:5: note: in instantiation of function template specialization 'sbuild::chroot::get_facet<sbuild::chroot_facet_userdata>' requested here
    get_facet<chroot_facet_userdata>();
    ^
/«PKGBUILDDIR»/sbuild/sbuild-chroot.h:883:17: note: place parentheses around the assignment to silence this warning
        if (ret = std::dynamic_pointer_cast<T>(*pos))
                ^
            (                                       )
/«PKGBUILDDIR»/sbuild/sbuild-chroot.h:883:17: note: use '==' to turn this assignment into an equality comparison
        if (ret = std::dynamic_pointer_cast<T>(*pos))
                ^
                ==
/«PKGBUILDDIR»/sbuild/sbuild-chroot.h:900:17: warning: using the result of an assignment as a condition without parentheses [-Wparentheses]
        if (ret = std::dynamic_pointer_cast<T>(*pos))
            ~~~~^~~~~~~~~~~~~~~~~~~~~~~~~~~~~~~~~~~~
/«PKGBUILDDIR»/sbuild/sbuild-chroot.cc:704:7: note: in instantiation of function template specialization 'sbuild::chroot::get_facet<sbuild::chroot_facet_session>' requested here
  if (get_facet<chroot_facet_session>())
      ^
/«PKGBUILDDIR»/sbuild/sbuild-chroot.h:900:17: note: place parentheses around the assignment to silence this warning
        if (ret = std::dynamic_pointer_cast<T>(*pos))
                ^
            (                                       )
/«PKGBUILDDIR»/sbuild/sbuild-chroot.h:900:17: note: use '==' to turn this assignment into an equality comparison
        if (ret = std::dynamic_pointer_cast<T>(*pos))
                ^
                ==
/«PKGBUILDDIR»/sbuild/sbuild-chroot.h:900:17: warning: using the result of an assignment as a condition without parentheses [-Wparentheses]
        if (ret = std::dynamic_pointer_cast<T>(*pos))
            ~~~~^~~~~~~~~~~~~~~~~~~~~~~~~~~~~~~~~~~~
/«PKGBUILDDIR»/sbuild/sbuild-chroot.cc:706:7: note: in instantiation of function template specialization 'sbuild::chroot::get_facet<sbuild::chroot_facet_source>' requested here
  if (get_facet<chroot_facet_source>())
      ^
/«PKGBUILDDIR»/sbuild/sbuild-chroot.h:900:17: note: place parentheses around the assignment to silence this warning
        if (ret = std::dynamic_pointer_cast<T>(*pos))
                ^
            (                                       )
/«PKGBUILDDIR»/sbuild/sbuild-chroot.h:900:17: note: use '==' to turn this assignment into an equality comparison
        if (ret = std::dynamic_pointer_cast<T>(*pos))
                ^
                ==
/«PKGBUILDDIR»/sbuild/sbuild-chroot.h:883:17: warning: using the result of an assignment as a condition without parentheses [-Wparentheses]
        if (ret = std::dynamic_pointer_cast<T>(*pos))
            ~~~~^~~~~~~~~~~~~~~~~~~~~~~~~~~~~~~~~~~~
/«PKGBUILDDIR»/sbuild/sbuild-chroot.cc:891:36: note: in instantiation of function template specialization 'sbuild::chroot::get_facet<sbuild::chroot_facet_session>' requested here
  bool session = static_cast<bool>(get_facet<chroot_facet_session>());
                                   ^
/«PKGBUILDDIR»/sbuild/sbuild-chroot.h:883:17: note: place parentheses around the assignment to silence this warning
        if (ret = std::dynamic_pointer_cast<T>(*pos))
                ^
            (                                       )
/«PKGBUILDDIR»/sbuild/sbuild-chroot.h:883:17: note: use '==' to turn this assignment into an equality comparison
        if (ret = std::dynamic_pointer_cast<T>(*pos))
                ^
                ==
6 warnings and 1 error generated.
make[4]: *** [sbuild/CMakeFiles/sbuild.dir/sbuild-chroot.cc.o] Error 1
sbuild/CMakeFiles/sbuild.dir/build.make:560: recipe for target 'sbuild/CMakeFiles/sbuild.dir/sbuild-chroot.cc.o' failed
/«PKGBUILDDIR»/sbuild/sbuild-chroot.h:883:17: warning: using the result of an assignment as a condition without parentheses [-Wparentheses]
        if (ret = std::dynamic_pointer_cast<T>(*pos))
            ~~~~^~~~~~~~~~~~~~~~~~~~~~~~~~~~~~~~~~~~
/«PKGBUILDDIR»/sbuild/sbuild-chroot-config.cc:627:58: note: in instantiation of function template specialization 'sbuild::chroot::get_facet<sbuild::chroot_facet_session_clonable>' requested here
                            << static_cast<bool>(chroot->get_facet<chroot_facet_session_clonable>())
                                                         ^
/«PKGBUILDDIR»/sbuild/sbuild-chroot.h:883:17: note: place parentheses around the assignment to silence this warning
        if (ret = std::dynamic_pointer_cast<T>(*pos))
                ^
            (                                       )
/«PKGBUILDDIR»/sbuild/sbuild-chroot.h:883:17: note: use '==' to turn this assignment into an equality comparison
        if (ret = std::dynamic_pointer_cast<T>(*pos))
                ^
                ==
/«PKGBUILDDIR»/sbuild/sbuild-chroot.h:883:17: warning: using the result of an assignment as a condition without parentheses [-Wparentheses]
        if (ret = std::dynamic_pointer_cast<T>(*pos))
            ~~~~^~~~~~~~~~~~~~~~~~~~~~~~~~~~~~~~~~~~
/«PKGBUILDDIR»/sbuild/sbuild-chroot-config.cc:640:22: note: in instantiation of function template specialization 'sbuild::chroot::get_facet<sbuild::chroot_facet_session>' requested here
            (chroot->get_facet<chroot_facet_session>());
                     ^
/«PKGBUILDDIR»/sbuild/sbuild-chroot.h:883:17: note: place parentheses around the assignment to silence this warning
        if (ret = std::dynamic_pointer_cast<T>(*pos))
                ^
            (                                       )
/«PKGBUILDDIR»/sbuild/sbuild-chroot.h:883:17: note: use '==' to turn this assignment into an equality comparison
        if (ret = std::dynamic_pointer_cast<T>(*pos))
                ^
                ==
/«PKGBUILDDIR»/sbuild/sbuild-chroot.h:883:17: warning: using the result of an assignment as a condition without parentheses [-Wparentheses]
        if (ret = std::dynamic_pointer_cast<T>(*pos))
            ~~~~^~~~~~~~~~~~~~~~~~~~~~~~~~~~~~~~~~~~
/«PKGBUILDDIR»/sbuild/sbuild-chroot-config.cc:657:20: note: in instantiation of function template specialization 'sbuild::chroot::get_facet<sbuild::chroot_facet_source_clonable>' requested here
          (chroot->get_facet<chroot_facet_source_clonable>());
                   ^
/«PKGBUILDDIR»/sbuild/sbuild-chroot.h:883:17: note: place parentheses around the assignment to silence this warning
        if (ret = std::dynamic_pointer_cast<T>(*pos))
                ^
            (                                       )
/«PKGBUILDDIR»/sbuild/sbuild-chroot.h:883:17: note: use '==' to turn this assignment into an equality comparison
        if (ret = std::dynamic_pointer_cast<T>(*pos))
                ^
                ==
5 warnings and 1 error generated.
make[4]: *** [sbuild/CMakeFiles/sbuild.dir/sbuild-chroot-config.cc.o] Error 1
make[3]: *** [sbuild/CMakeFiles/sbuild.dir/all] Error 2
sbuild/CMakeFiles/sbuild.dir/build.make:583: recipe for target 'sbuild/CMakeFiles/sbuild.dir/sbuild-chroot-config.cc.o' failed
make[4]: Leaving directory '/«PKGBUILDDIR»/debian/build'
CMakeFiles/Makefile2:106: recipe for target 'sbuild/CMakeFiles/sbuild.dir/all' failed
make[3]: Leaving directory '/«PKGBUILDDIR»/debian/build'
make[2]: *** [all] Error 2
make[1]: *** [override_dh_auto_build] Error 2
Makefile:123: recipe for target 'all' failed
make[2]: Leaving directory '/«PKGBUILDDIR»/debian/build'
debian/rules:74: recipe for target 'override_dh_auto_build' failed
make[1]: Leaving directory '/«PKGBUILDDIR»'
make: *** [build-arch] Error 2
debian/rules:39: recipe for target 'build-arch' failed
dpkg-buildpackage: error: debian/rules build-arch gave error exit status 2
────────────────────────────────────────────────────────────────────────────────
Build finished at 20140904-1808

Finished
────────

E: Build failure (dpkg-buildpackage died)

┌──────────────────────────────────────────────────────────────────────────────┐
│ Cleanup                                                                      │
└──────────────────────────────────────────────────────────────────────────────┘

Purging /«BUILDDIR»
Not cleaning session: cloned chroot in use

┌──────────────────────────────────────────────────────────────────────────────┐
│ Summary                                                                      │
└──────────────────────────────────────────────────────────────────────────────┘

Build Architecture: amd64
Build-Space: 30708
Build-Time: 80
Distribution: unstable
Fail-Stage: build
Host Architecture: amd64
Install-Time: 21
Job: schroot_1.6.10-1
Machine Architecture: amd64
Package: schroot
Package-Time: 130
Source-Version: 1.6.10-1
Space: 30708
Status: attempted
Version: 1.6.10-1clang1
────────────────────────────────────────────────────────────────────────────────
Finished at 20140904-1808
Build needed 00:02:10, 30708k disc space
DC-Status: Failed 131.137192364s
DC-Time-Estimation: 131.137192364 versus expected 567 (r/m: 3.323716176766751 ; m: 131.137192364)
