DC-Build-Header: uid-wrapper 1.0.2-1 / 2014-09-04 15:43:52 +0000
DC-Task: source:uid-wrapper version:1.0.2-1 architecture:any chroot:unstable esttime: logfile:/tmp/uid-wrapper_1.0.2-1_unstable_clang.log modes:binary-only:parallel:clang
DC-Sbuild-call: su user -c 'sbuild -n --apt-update -d unstable -v  --chroot-setup-commands=/tmp/switch-to-clang --append-to-version "clang1" --maintainer "Lucas Nussbaum <lucas@debian.org>" --uploader "Lucas Nussbaum <lucas@debian.org>" uid-wrapper_1.0.2-1'
sbuild (Debian sbuild) 0.63.2 (18 Aug 2012) on ip-172-31-7-130.us-west-2.compute.internal

╔══════════════════════════════════════════════════════════════════════════════╗
║ uid-wrapper 1.0.2-1clang1 (amd64)                          04 Sep 2014 15:43 ║
╚══════════════════════════════════════════════════════════════════════════════╝

Package: uid-wrapper
Version: 1.0.2-1clang1
Source Version: 1.0.2-1
Distribution: unstable
Machine Architecture: amd64
Host Architecture: amd64
Build Architecture: amd64

I: NOTICE: Log filtering will replace 'build/uid-wrapper-d9i9b5/uid-wrapper-1.0.2' with '«PKGBUILDDIR»'
I: NOTICE: Log filtering will replace 'build/uid-wrapper-d9i9b5' with '«BUILDDIR»'
I: NOTICE: Log filtering will replace 'var/lib/schroot/mount/unstable-amd64-sbuild-08f56206-4e42-4b69-92be-95f1a2dc462e' with '«CHROOT»'

┌──────────────────────────────────────────────────────────────────────────────┐
│ Update chroot                                                                │
└──────────────────────────────────────────────────────────────────────────────┘

Get:1 http://localhost:9999 unstable InRelease [233 kB]
Get:2 http://localhost:9999 unstable/main Sources/DiffIndex [7876 B]
Get:3 http://localhost:9999 unstable/main amd64 Packages/DiffIndex [7876 B]
Get:4 http://localhost:9999 unstable/main Translation-en/DiffIndex [7876 B]
Get:5 http://localhost:9999 unstable/main 2014-09-03-1436.55.pdiff [24.7 kB]
Get:6 http://localhost:9999 unstable/main 2014-09-03-2030.01.pdiff [10.5 kB]
Get:7 http://localhost:9999 unstable/main 2014-09-04-0229.22.pdiff [7545 B]
Get:8 http://localhost:9999 unstable/main 2014-09-04-0831.05.pdiff [14.0 kB]
Get:9 http://localhost:9999 unstable/main amd64 2014-09-03-1436.55.pdiff [26.7 kB]
Get:10 http://localhost:9999 unstable/main 2014-09-04-0831.05.pdiff [14.0 kB]
Get:11 http://localhost:9999 unstable/main amd64 2014-09-03-2030.01.pdiff [12.4 kB]
Get:12 http://localhost:9999 unstable/main amd64 2014-09-04-0229.22.pdiff [5892 B]
Get:13 http://localhost:9999 unstable/main amd64 2014-09-04-0831.05.pdiff [18.1 kB]
Get:14 http://localhost:9999 unstable/main 2014-09-03-1436.55.pdiff [3960 B]
Get:15 http://localhost:9999 unstable/main 2014-09-03-2030.01.pdiff [1010 B]
Get:16 http://localhost:9999 unstable/main 2014-09-04-0229.22.pdiff [648 B]
Get:17 http://localhost:9999 unstable/main 2014-09-04-0831.05.pdiff [61 B]
Get:18 http://localhost:9999 unstable/main amd64 2014-09-04-0831.05.pdiff [18.1 kB]
Get:19 http://localhost:9999 unstable/main 2014-09-04-0831.05.pdiff [61 B]
Fetched 382 kB in 5s (68.8 kB/s)
Reading package lists...
Reading package lists...
Building dependency tree...
Reading state information...
The following packages will be upgraded:
  binutils
1 upgraded, 0 newly installed, 0 to remove and 0 not upgraded.
Need to get 3310 kB of archives.
After this operation, 50.2 kB of additional disk space will be used.
Get:1 http://localhost:9999/debian/ unstable/main binutils amd64 2.24.51.20140903-1 [3310 kB]
debconf: delaying package configuration, since apt-utils is not installed
Fetched 3310 kB in 0s (27.3 MB/s)
(Reading database ... 15135 files and directories currently installed.)
Preparing to unpack .../binutils_2.24.51.20140903-1_amd64.deb ...
Unpacking binutils (2.24.51.20140903-1) over (2.24.51.20140818-1) ...
Setting up binutils (2.24.51.20140903-1) ...
Processing triggers for libc-bin (2.19-10) ...

┌──────────────────────────────────────────────────────────────────────────────┐
│ Fetch source files                                                           │
└──────────────────────────────────────────────────────────────────────────────┘


Check APT
─────────

Checking available source versions...

Download source files with APT
──────────────────────────────

Reading package lists...
Building dependency tree...
Reading state information...
NOTICE: 'uid-wrapper' packaging is maintained in the 'Git' version control system at:
git://anonscm.debian.org/users/jelmer/uid-wrapper.git -b unstable
Need to get 37.3 kB of source archives.
Get:1 http://localhost:9999/debian/ unstable/main uid-wrapper 1.0.2-1 (dsc) [1872 B]
Get:2 http://localhost:9999/debian/ unstable/main uid-wrapper 1.0.2-1 (tar) [31.9 kB]
Get:3 http://localhost:9999/debian/ unstable/main uid-wrapper 1.0.2-1 (diff) [3596 B]
Fetched 37.3 kB in 0s (44.8 kB/s)
Download complete and in download only mode

Check arch
──────────


┌──────────────────────────────────────────────────────────────────────────────┐
│ Chroot Setup Commands                                                        │
└──────────────────────────────────────────────────────────────────────────────┘


/tmp/switch-to-clang
────────────────────

+ echo 'Entering customization script...'
Entering customization script...
+ CLANG_VERSION=3.5
+ echo 'Install of clang-3.5'
Install of clang-3.5
+ apt-get update
Hit http://localhost:9999 unstable InRelease
Get:1 http://localhost:9999 unstable/main Sources/DiffIndex [7876 B]
Get:2 http://localhost:9999 unstable/main amd64 Packages/DiffIndex [7876 B]
Get:3 http://localhost:9999 unstable/main Translation-en/DiffIndex [7876 B]
Fetched 23.6 kB in 1s (12.1 kB/s)
Reading package lists...
+ apt-get install --yes --no-install-recommends --force-yes clang-3.5
Reading package lists...
Building dependency tree...
Reading state information...
The following extra packages will be installed:
  libbsd0 libclang-common-3.5-dev libclang1-3.5 libedit2 libffi6 libllvm3.5
  libobjc-4.9-dev libobjc4
Suggested packages:
  gnustep gnustep-devel clang-3.5-doc
Recommended packages:
  llvm-3.5-dev python
The following NEW packages will be installed:
  clang-3.5 libbsd0 libclang-common-3.5-dev libclang1-3.5 libedit2 libffi6
  libllvm3.5 libobjc-4.9-dev libobjc4
0 upgraded, 9 newly installed, 0 to remove and 0 not upgraded.
Need to get 33.3 MB of archives.
After this operation, 132 MB of additional disk space will be used.
Get:1 http://localhost:9999/debian/ unstable/main libbsd0 amd64 0.7.0-2 [67.9 kB]
Get:2 http://localhost:9999/debian/ unstable/main libedit2 amd64 3.1-20140620-2 [85.1 kB]
Get:3 http://localhost:9999/debian/ unstable/main libffi6 amd64 3.1-2 [19.8 kB]
Get:4 http://localhost:9999/debian/ unstable/main libllvm3.5 amd64 1:3.5-1 [7609 kB]
Get:5 http://localhost:9999/debian/ unstable/main libobjc4 amd64 4.9.1-12 [112 kB]
Get:6 http://localhost:9999/debian/ unstable/main libobjc-4.9-dev amd64 4.9.1-12 [372 kB]
Get:7 http://localhost:9999/debian/ unstable/main libclang1-3.5 amd64 1:3.5-1 [3628 kB]
Get:8 http://localhost:9999/debian/ unstable/main libclang-common-3.5-dev amd64 1:3.5-1 [677 kB]
Get:9 http://localhost:9999/debian/ unstable/main clang-3.5 amd64 1:3.5-1 [20.7 MB]
debconf: delaying package configuration, since apt-utils is not installed
Fetched 33.3 MB in 1s (32.4 MB/s)
Selecting previously unselected package libbsd0:amd64.
(Reading database ... 15135 files and directories currently installed.)
Preparing to unpack .../libbsd0_0.7.0-2_amd64.deb ...
Unpacking libbsd0:amd64 (0.7.0-2) ...
Selecting previously unselected package libedit2:amd64.
Preparing to unpack .../libedit2_3.1-20140620-2_amd64.deb ...
Unpacking libedit2:amd64 (3.1-20140620-2) ...
Selecting previously unselected package libffi6:amd64.
Preparing to unpack .../libffi6_3.1-2_amd64.deb ...
Unpacking libffi6:amd64 (3.1-2) ...
Selecting previously unselected package libllvm3.5:amd64.
Preparing to unpack .../libllvm3.5_1%3a3.5-1_amd64.deb ...
Unpacking libllvm3.5:amd64 (1:3.5-1) ...
Selecting previously unselected package libobjc4:amd64.
Preparing to unpack .../libobjc4_4.9.1-12_amd64.deb ...
Unpacking libobjc4:amd64 (4.9.1-12) ...
Selecting previously unselected package libobjc-4.9-dev:amd64.
Preparing to unpack .../libobjc-4.9-dev_4.9.1-12_amd64.deb ...
Unpacking libobjc-4.9-dev:amd64 (4.9.1-12) ...
Selecting previously unselected package libclang1-3.5:amd64.
Preparing to unpack .../libclang1-3.5_1%3a3.5-1_amd64.deb ...
Unpacking libclang1-3.5:amd64 (1:3.5-1) ...
Selecting previously unselected package libclang-common-3.5-dev.
Preparing to unpack .../libclang-common-3.5-dev_1%3a3.5-1_amd64.deb ...
Unpacking libclang-common-3.5-dev (1:3.5-1) ...
Selecting previously unselected package clang-3.5.
Preparing to unpack .../clang-3.5_1%3a3.5-1_amd64.deb ...
Unpacking clang-3.5 (1:3.5-1) ...
Setting up libbsd0:amd64 (0.7.0-2) ...
Setting up libedit2:amd64 (3.1-20140620-2) ...
Setting up libffi6:amd64 (3.1-2) ...
Setting up libllvm3.5:amd64 (1:3.5-1) ...
Setting up libobjc4:amd64 (4.9.1-12) ...
Setting up libobjc-4.9-dev:amd64 (4.9.1-12) ...
Setting up libclang1-3.5:amd64 (1:3.5-1) ...
Setting up libclang-common-3.5-dev (1:3.5-1) ...
Setting up clang-3.5 (1:3.5-1) ...
Processing triggers for libc-bin (2.19-10) ...
+ echo 'Replace gcc, g++ & cpp by clang'
Replace gcc, g++ & cpp by clang
+ VERSIONS='4.6 4.7 4.8 4.9'
+ cd /usr/bin
+ for VERSION in '$VERSIONS'
+ rm -f g++-4.6 gcc-4.6 cpp-4.6 gcc
+ ln -s clang++-3.5 g++-4.6
+ ln -s clang-3.5 gcc-4.6
+ ln -s clang-3.5 cpp-4.6
+ ln -s clang-3.5 gcc
+ echo 'gcc-4.6 hold'
+ dpkg --set-selections
+ echo 'g++-4.6 hold'
+ dpkg --set-selections
+ for VERSION in '$VERSIONS'
+ rm -f g++-4.7 gcc-4.7 cpp-4.7 gcc
+ ln -s clang++-3.5 g++-4.7
+ ln -s clang-3.5 gcc-4.7
+ ln -s clang-3.5 cpp-4.7
+ ln -s clang-3.5 gcc
+ echo 'gcc-4.7 hold'
+ dpkg --set-selections
+ echo 'g++-4.7 hold'
+ dpkg --set-selections
+ for VERSION in '$VERSIONS'
+ rm -f g++-4.8 gcc-4.8 cpp-4.8 gcc
+ ln -s clang++-3.5 g++-4.8
+ ln -s clang-3.5 gcc-4.8
+ ln -s clang-3.5 cpp-4.8
+ ln -s clang-3.5 gcc
+ echo 'gcc-4.8 hold'
+ dpkg --set-selections
dpkg: warning: package not in database at line 1: gcc-4.8
dpkg: warning: found unknown packages; this might mean the available database
is outdated, and needs to be updated through a frontend method
+ echo 'g++-4.8 hold'
+ dpkg --set-selections
dpkg: warning: package not in database at line 1: g++-4.8
dpkg: warning: found unknown packages; this might mean the available database
is outdated, and needs to be updated through a frontend method
+ for VERSION in '$VERSIONS'
+ rm -f g++-4.9 gcc-4.9 cpp-4.9 gcc
+ ln -s clang++-3.5 g++-4.9
+ ln -s clang-3.5 gcc-4.9
+ ln -s clang-3.5 cpp-4.9
+ ln -s clang-3.5 gcc
+ echo 'gcc-4.9 hold'
+ dpkg --set-selections
+ echo 'g++-4.9 hold'
+ dpkg --set-selections
+ cd -
/«BUILDDIR»
+ echo 'Check if gcc, g++ & cpp are actually clang'
Check if gcc, g++ & cpp are actually clang
+ gcc --version
+ grep clang
+ cpp --version
+ grep clang
+ g++ --version
+ grep clang

I: Finished running '/tmp/switch-to-clang'.

Finished processing commands.
────────────────────────────────────────────────────────────────────────────────
Merged Build-Depends: build-essential, fakeroot
Filtered Build-Depends: build-essential, fakeroot
dpkg-deb: building package `sbuild-build-depends-core-dummy' in `/«BUILDDIR»/resolver-41dqvO/apt_archive/sbuild-build-depends-core-dummy.deb'.
OK
Reading package lists...

┌──────────────────────────────────────────────────────────────────────────────┐
│ Install core build dependencies (apt-based resolver)                         │
└──────────────────────────────────────────────────────────────────────────────┘

Installing build dependencies
Reading package lists...
Building dependency tree...
Reading state information...
The following NEW packages will be installed:
  sbuild-build-depends-core-dummy
debconf: delaying package configuration, since apt-utils is not installed
0 upgraded, 1 newly installed, 0 to remove and 0 not upgraded.
Need to get 0 B/818 B of archives.
After this operation, 0 B of additional disk space will be used.
Selecting previously unselected package sbuild-build-depends-core-dummy.
(Reading database ... 15338 files and directories currently installed.)
Preparing to unpack .../sbuild-build-depends-core-dummy.deb ...
Unpacking sbuild-build-depends-core-dummy (0.invalid.0) ...
Setting up sbuild-build-depends-core-dummy (0.invalid.0) ...
Merged Build-Depends: base-files, base-passwd, bash, bsdutils, coreutils, dash, debianutils, diffutils, dpkg, e2fsprogs, findutils, grep, gzip, hostname, init, libc-bin, login, mount, ncurses-base, ncurses-bin, perl-base, sed, sysvinit-utils, tar, util-linux, libc6-dev | libc-dev, gcc (>= 4:4.9.1), g++ (>= 4:4.9.1), make, dpkg-dev (>= 1.17.11), cmake (>= 2.8.8-3~), debhelper (>= 9), dh-buildinfo, libcmocka-dev
Filtered Build-Depends: base-files, base-passwd, bash, bsdutils, coreutils, dash, debianutils, diffutils, dpkg, e2fsprogs, findutils, grep, gzip, hostname, init, libc-bin, login, mount, ncurses-base, ncurses-bin, perl-base, sed, sysvinit-utils, tar, util-linux, libc6-dev, gcc (>= 4:4.9.1), g++ (>= 4:4.9.1), make, dpkg-dev (>= 1.17.11), cmake (>= 2.8.8-3~), debhelper (>= 9), dh-buildinfo, libcmocka-dev
dpkg-deb: building package `sbuild-build-depends-uid-wrapper-dummy' in `/«BUILDDIR»/resolver-bLPVK2/apt_archive/sbuild-build-depends-uid-wrapper-dummy.deb'.
OK
Reading package lists...

┌──────────────────────────────────────────────────────────────────────────────┐
│ Install uid-wrapper build dependencies (apt-based resolver)                  │
└──────────────────────────────────────────────────────────────────────────────┘

Installing build dependencies
Reading package lists...
Building dependency tree...
Reading state information...
The following extra packages will be installed:
  bsdmainutils cmake cmake-data debhelper dh-buildinfo file gettext
  gettext-base groff-base intltool-debian libarchive13 libasprintf0c2
  libcmocka-dev libcmocka0 libcroco3 libcurl3 libglib2.0-0 libgnutls-deb0-28
  libgnutls26 libgssapi-krb5-2 libhogweed2 libidn11 libk5crypto3 libkeyutils1
  libkrb5-3 libkrb5support0 libldap-2.4-2 liblzo2-2 libmagic1 libnettle4
  libp11-kit0 libpipeline1 librtmp1 libsasl2-2 libsasl2-modules-db libssh2-1
  libssl1.0.0 libtasn1-6 libunistring0 libxml2 man-db po-debconf
Suggested packages:
  wamerican wordlist whois vacation codeblocks eclipse ninja-build dh-make
  gettext-doc groff lrzip gnutls-bin krb5-doc krb5-user less www-browser
  libmail-box-perl
Recommended packages:
  curl wget lynx-cur autopoint libasprintf-dev libgettextpo-dev cmocka-doc
  ca-certificates libglib2.0-data shared-mime-info krb5-locales
  libsasl2-modules xml-core libmail-sendmail-perl
The following NEW packages will be installed:
  bsdmainutils cmake cmake-data debhelper dh-buildinfo file gettext
  gettext-base groff-base intltool-debian libarchive13 libasprintf0c2
  libcmocka-dev libcmocka0 libcroco3 libcurl3 libglib2.0-0 libgnutls-deb0-28
  libgnutls26 libgssapi-krb5-2 libhogweed2 libidn11 libk5crypto3 libkeyutils1
  libkrb5-3 libkrb5support0 libldap-2.4-2 liblzo2-2 libmagic1 libnettle4
  libp11-kit0 libpipeline1 librtmp1 libsasl2-2 libsasl2-modules-db libssh2-1
  libssl1.0.0 libtasn1-6 libunistring0 libxml2 man-db po-debconf
  sbuild-build-depends-uid-wrapper-dummy
0 upgraded, 43 newly installed, 0 to remove and 0 not upgraded.
Need to get 17.4 MB/17.4 MB of archives.
After this operation, 56.9 MB of additional disk space will be used.
Get:1 http://localhost:9999/debian/ unstable/main libpipeline1 amd64 1.3.0-1 [25.8 kB]
Get:2 http://localhost:9999/debian/ unstable/main libssl1.0.0 amd64 1.0.1i-2 [1026 kB]
Get:3 http://localhost:9999/debian/ unstable/main groff-base amd64 1.22.2-7 [1142 kB]
Get:4 http://localhost:9999/debian/ unstable/main bsdmainutils amd64 9.0.5 [211 kB]
Get:5 http://localhost:9999/debian/ unstable/main man-db amd64 2.6.7.1-1 [990 kB]
Get:6 http://localhost:9999/debian/ unstable/main libasprintf0c2 amd64 0.19.2-2 [30.8 kB]
Get:7 http://localhost:9999/debian/ unstable/main libnettle4 amd64 2.7.1-3 [175 kB]
Get:8 http://localhost:9999/debian/ unstable/main libhogweed2 amd64 2.7.1-3 [125 kB]
Get:9 http://localhost:9999/debian/ unstable/main libp11-kit0 amd64 0.20.3-2 [153 kB]
Get:10 http://localhost:9999/debian/ unstable/main libtasn1-6 amd64 4.1-1 [48.2 kB]
Get:11 http://localhost:9999/debian/ unstable/main libgnutls-deb0-28 amd64 3.3.7-2 [685 kB]
Get:12 http://localhost:9999/debian/ unstable/main libgnutls26 amd64 2.12.23-17 [531 kB]
Get:13 http://localhost:9999/debian/ unstable/main libkeyutils1 amd64 1.5.9-5 [11.7 kB]
Get:14 http://localhost:9999/debian/ unstable/main libkrb5support0 amd64 1.12.1+dfsg-9 [57.8 kB]
Get:15 http://localhost:9999/debian/ unstable/main libk5crypto3 amd64 1.12.1+dfsg-9 [113 kB]
Get:16 http://localhost:9999/debian/ unstable/main libkrb5-3 amd64 1.12.1+dfsg-9 [302 kB]
Get:17 http://localhost:9999/debian/ unstable/main libgssapi-krb5-2 amd64 1.12.1+dfsg-9 [150 kB]
Get:18 http://localhost:9999/debian/ unstable/main libidn11 amd64 1.29-1 [135 kB]
Get:19 http://localhost:9999/debian/ unstable/main libsasl2-modules-db amd64 2.1.26.dfsg1-11 [66.8 kB]
Get:20 http://localhost:9999/debian/ unstable/main libsasl2-2 amd64 2.1.26.dfsg1-11 [104 kB]
Get:21 http://localhost:9999/debian/ unstable/main libldap-2.4-2 amd64 2.4.39-1.1+b1 [214 kB]
Get:22 http://localhost:9999/debian/ unstable/main libmagic1 amd64 1:5.19-1 [237 kB]
Get:23 http://localhost:9999/debian/ unstable/main libxml2 amd64 2.9.1+dfsg1-4 [797 kB]
Get:24 http://localhost:9999/debian/ unstable/main liblzo2-2 amd64 2.08-1 [54.9 kB]
Get:25 http://localhost:9999/debian/ unstable/main libarchive13 amd64 3.1.2-9 [269 kB]
Get:26 http://localhost:9999/debian/ unstable/main libglib2.0-0 amd64 2.40.0-5 [2421 kB]
Get:27 http://localhost:9999/debian/ unstable/main libcroco3 amd64 0.6.8-3 [135 kB]
Get:28 http://localhost:9999/debian/ unstable/main librtmp1 amd64 2.4+20131018.git79459a2-4 [59.4 kB]
Get:29 http://localhost:9999/debian/ unstable/main libssh2-1 amd64 1.4.3-4 [125 kB]
Get:30 http://localhost:9999/debian/ unstable/main libcurl3 amd64 7.37.1-1 [254 kB]
Get:31 http://localhost:9999/debian/ unstable/main libunistring0 amd64 0.9.3-5.2 [283 kB]
Get:32 http://localhost:9999/debian/ unstable/main libcmocka0 amd64 0.4.1-2 [14.7 kB]
Get:33 http://localhost:9999/debian/ unstable/main file amd64 1:5.19-1 [58.0 kB]
Get:34 http://localhost:9999/debian/ unstable/main gettext-base amd64 0.19.2-2 [120 kB]
Get:35 http://localhost:9999/debian/ unstable/main cmake-data all 2.8.12.2-1 [1285 kB]
Get:36 http://localhost:9999/debian/ unstable/main cmake amd64 2.8.12.2-1 [2650 kB]
Get:37 http://localhost:9999/debian/ unstable/main gettext amd64 0.19.2-2 [1237 kB]
Get:38 http://localhost:9999/debian/ unstable/main intltool-debian all 0.35.0+20060710.1 [30.8 kB]
Get:39 http://localhost:9999/debian/ unstable/main po-debconf all 1.0.16+nmu3 [220 kB]
Get:40 http://localhost:9999/debian/ unstable/main debhelper all 9.20140817 [814 kB]
Get:41 http://localhost:9999/debian/ unstable/main dh-buildinfo all 0.11 [18.3 kB]
Get:42 http://localhost:9999/debian/ unstable/main libcmocka-dev amd64 0.4.1-2 [13.0 kB]
debconf: delaying package configuration, since apt-utils is not installed
Fetched 17.4 MB in 1s (12.3 MB/s)
Selecting previously unselected package libpipeline1:amd64.
(Reading database ... 15338 files and directories currently installed.)
Preparing to unpack .../libpipeline1_1.3.0-1_amd64.deb ...
Unpacking libpipeline1:amd64 (1.3.0-1) ...
Selecting previously unselected package libssl1.0.0:amd64.
Preparing to unpack .../libssl1.0.0_1.0.1i-2_amd64.deb ...
Unpacking libssl1.0.0:amd64 (1.0.1i-2) ...
Selecting previously unselected package groff-base.
Preparing to unpack .../groff-base_1.22.2-7_amd64.deb ...
Unpacking groff-base (1.22.2-7) ...
Selecting previously unselected package bsdmainutils.
Preparing to unpack .../bsdmainutils_9.0.5_amd64.deb ...
Unpacking bsdmainutils (9.0.5) ...
Selecting previously unselected package man-db.
Preparing to unpack .../man-db_2.6.7.1-1_amd64.deb ...
Unpacking man-db (2.6.7.1-1) ...
Selecting previously unselected package libasprintf0c2:amd64.
Preparing to unpack .../libasprintf0c2_0.19.2-2_amd64.deb ...
Unpacking libasprintf0c2:amd64 (0.19.2-2) ...
Selecting previously unselected package libnettle4:amd64.
Preparing to unpack .../libnettle4_2.7.1-3_amd64.deb ...
Unpacking libnettle4:amd64 (2.7.1-3) ...
Selecting previously unselected package libhogweed2:amd64.
Preparing to unpack .../libhogweed2_2.7.1-3_amd64.deb ...
Unpacking libhogweed2:amd64 (2.7.1-3) ...
Selecting previously unselected package libp11-kit0:amd64.
Preparing to unpack .../libp11-kit0_0.20.3-2_amd64.deb ...
Unpacking libp11-kit0:amd64 (0.20.3-2) ...
Selecting previously unselected package libtasn1-6:amd64.
Preparing to unpack .../libtasn1-6_4.1-1_amd64.deb ...
Unpacking libtasn1-6:amd64 (4.1-1) ...
Selecting previously unselected package libgnutls-deb0-28:amd64.
Preparing to unpack .../libgnutls-deb0-28_3.3.7-2_amd64.deb ...
Unpacking libgnutls-deb0-28:amd64 (3.3.7-2) ...
Selecting previously unselected package libgnutls26:amd64.
Preparing to unpack .../libgnutls26_2.12.23-17_amd64.deb ...
Unpacking libgnutls26:amd64 (2.12.23-17) ...
Selecting previously unselected package libkeyutils1:amd64.
Preparing to unpack .../libkeyutils1_1.5.9-5_amd64.deb ...
Unpacking libkeyutils1:amd64 (1.5.9-5) ...
Selecting previously unselected package libkrb5support0:amd64.
Preparing to unpack .../libkrb5support0_1.12.1+dfsg-9_amd64.deb ...
Unpacking libkrb5support0:amd64 (1.12.1+dfsg-9) ...
Selecting previously unselected package libk5crypto3:amd64.
Preparing to unpack .../libk5crypto3_1.12.1+dfsg-9_amd64.deb ...
Unpacking libk5crypto3:amd64 (1.12.1+dfsg-9) ...
Selecting previously unselected package libkrb5-3:amd64.
Preparing to unpack .../libkrb5-3_1.12.1+dfsg-9_amd64.deb ...
Unpacking libkrb5-3:amd64 (1.12.1+dfsg-9) ...
Selecting previously unselected package libgssapi-krb5-2:amd64.
Preparing to unpack .../libgssapi-krb5-2_1.12.1+dfsg-9_amd64.deb ...
Unpacking libgssapi-krb5-2:amd64 (1.12.1+dfsg-9) ...
Selecting previously unselected package libidn11:amd64.
Preparing to unpack .../libidn11_1.29-1_amd64.deb ...
Unpacking libidn11:amd64 (1.29-1) ...
Selecting previously unselected package libsasl2-modules-db:amd64.
Preparing to unpack .../libsasl2-modules-db_2.1.26.dfsg1-11_amd64.deb ...
Unpacking libsasl2-modules-db:amd64 (2.1.26.dfsg1-11) ...
Selecting previously unselected package libsasl2-2:amd64.
Preparing to unpack .../libsasl2-2_2.1.26.dfsg1-11_amd64.deb ...
Unpacking libsasl2-2:amd64 (2.1.26.dfsg1-11) ...
Selecting previously unselected package libldap-2.4-2:amd64.
Preparing to unpack .../libldap-2.4-2_2.4.39-1.1+b1_amd64.deb ...
Unpacking libldap-2.4-2:amd64 (2.4.39-1.1+b1) ...
Selecting previously unselected package libmagic1:amd64.
Preparing to unpack .../libmagic1_1%3a5.19-1_amd64.deb ...
Unpacking libmagic1:amd64 (1:5.19-1) ...
Selecting previously unselected package libxml2:amd64.
Preparing to unpack .../libxml2_2.9.1+dfsg1-4_amd64.deb ...
Unpacking libxml2:amd64 (2.9.1+dfsg1-4) ...
Selecting previously unselected package liblzo2-2:amd64.
Preparing to unpack .../liblzo2-2_2.08-1_amd64.deb ...
Unpacking liblzo2-2:amd64 (2.08-1) ...
Selecting previously unselected package libarchive13:amd64.
Preparing to unpack .../libarchive13_3.1.2-9_amd64.deb ...
Unpacking libarchive13:amd64 (3.1.2-9) ...
Selecting previously unselected package libglib2.0-0:amd64.
Preparing to unpack .../libglib2.0-0_2.40.0-5_amd64.deb ...
Unpacking libglib2.0-0:amd64 (2.40.0-5) ...
Selecting previously unselected package libcroco3:amd64.
Preparing to unpack .../libcroco3_0.6.8-3_amd64.deb ...
Unpacking libcroco3:amd64 (0.6.8-3) ...
Selecting previously unselected package librtmp1:amd64.
Preparing to unpack .../librtmp1_2.4+20131018.git79459a2-4_amd64.deb ...
Unpacking librtmp1:amd64 (2.4+20131018.git79459a2-4) ...
Selecting previously unselected package libssh2-1:amd64.
Preparing to unpack .../libssh2-1_1.4.3-4_amd64.deb ...
Unpacking libssh2-1:amd64 (1.4.3-4) ...
Selecting previously unselected package libcurl3:amd64.
Preparing to unpack .../libcurl3_7.37.1-1_amd64.deb ...
Unpacking libcurl3:amd64 (7.37.1-1) ...
Selecting previously unselected package libunistring0:amd64.
Preparing to unpack .../libunistring0_0.9.3-5.2_amd64.deb ...
Unpacking libunistring0:amd64 (0.9.3-5.2) ...
Selecting previously unselected package libcmocka0:amd64.
Preparing to unpack .../libcmocka0_0.4.1-2_amd64.deb ...
Unpacking libcmocka0:amd64 (0.4.1-2) ...
Selecting previously unselected package file.
Preparing to unpack .../file_1%3a5.19-1_amd64.deb ...
Unpacking file (1:5.19-1) ...
Selecting previously unselected package gettext-base.
Preparing to unpack .../gettext-base_0.19.2-2_amd64.deb ...
Unpacking gettext-base (0.19.2-2) ...
Selecting previously unselected package cmake-data.
Preparing to unpack .../cmake-data_2.8.12.2-1_all.deb ...
Unpacking cmake-data (2.8.12.2-1) ...
Selecting previously unselected package cmake.
Preparing to unpack .../cmake_2.8.12.2-1_amd64.deb ...
Unpacking cmake (2.8.12.2-1) ...
Selecting previously unselected package gettext.
Preparing to unpack .../gettext_0.19.2-2_amd64.deb ...
Unpacking gettext (0.19.2-2) ...
Selecting previously unselected package intltool-debian.
Preparing to unpack .../intltool-debian_0.35.0+20060710.1_all.deb ...
Unpacking intltool-debian (0.35.0+20060710.1) ...
Selecting previously unselected package po-debconf.
Preparing to unpack .../po-debconf_1.0.16+nmu3_all.deb ...
Unpacking po-debconf (1.0.16+nmu3) ...
Selecting previously unselected package debhelper.
Preparing to unpack .../debhelper_9.20140817_all.deb ...
Unpacking debhelper (9.20140817) ...
Selecting previously unselected package dh-buildinfo.
Preparing to unpack .../dh-buildinfo_0.11_all.deb ...
Unpacking dh-buildinfo (0.11) ...
Selecting previously unselected package libcmocka-dev.
Preparing to unpack .../libcmocka-dev_0.4.1-2_amd64.deb ...
Unpacking libcmocka-dev (0.4.1-2) ...
Selecting previously unselected package sbuild-build-depends-uid-wrapper-dummy.
Preparing to unpack .../sbuild-build-depends-uid-wrapper-dummy.deb ...
Unpacking sbuild-build-depends-uid-wrapper-dummy (0.invalid.0) ...
Setting up libpipeline1:amd64 (1.3.0-1) ...
Setting up libssl1.0.0:amd64 (1.0.1i-2) ...
Setting up groff-base (1.22.2-7) ...
Setting up bsdmainutils (9.0.5) ...
update-alternatives: using /usr/bin/bsd-write to provide /usr/bin/write (write) in auto mode
update-alternatives: using /usr/bin/bsd-from to provide /usr/bin/from (from) in auto mode
Setting up man-db (2.6.7.1-1) ...
Not building database; man-db/auto-update is not 'true'.
Setting up libasprintf0c2:amd64 (0.19.2-2) ...
Setting up libnettle4:amd64 (2.7.1-3) ...
Setting up libhogweed2:amd64 (2.7.1-3) ...
Setting up libp11-kit0:amd64 (0.20.3-2) ...
Setting up libtasn1-6:amd64 (4.1-1) ...
Setting up libgnutls-deb0-28:amd64 (3.3.7-2) ...
Setting up libgnutls26:amd64 (2.12.23-17) ...
Setting up libkeyutils1:amd64 (1.5.9-5) ...
Setting up libkrb5support0:amd64 (1.12.1+dfsg-9) ...
Setting up libk5crypto3:amd64 (1.12.1+dfsg-9) ...
Setting up libkrb5-3:amd64 (1.12.1+dfsg-9) ...
Setting up libgssapi-krb5-2:amd64 (1.12.1+dfsg-9) ...
Setting up libidn11:amd64 (1.29-1) ...
Setting up libsasl2-modules-db:amd64 (2.1.26.dfsg1-11) ...
Setting up libsasl2-2:amd64 (2.1.26.dfsg1-11) ...
Setting up libldap-2.4-2:amd64 (2.4.39-1.1+b1) ...
Setting up libmagic1:amd64 (1:5.19-1) ...
Setting up libxml2:amd64 (2.9.1+dfsg1-4) ...
Setting up liblzo2-2:amd64 (2.08-1) ...
Setting up libarchive13:amd64 (3.1.2-9) ...
Setting up libglib2.0-0:amd64 (2.40.0-5) ...
No schema files found: doing nothing.
Setting up libcroco3:amd64 (0.6.8-3) ...
Setting up librtmp1:amd64 (2.4+20131018.git79459a2-4) ...
Setting up libssh2-1:amd64 (1.4.3-4) ...
Setting up libcurl3:amd64 (7.37.1-1) ...
Setting up libunistring0:amd64 (0.9.3-5.2) ...
Setting up libcmocka0:amd64 (0.4.1-2) ...
Setting up file (1:5.19-1) ...
Setting up gettext-base (0.19.2-2) ...
Setting up cmake-data (2.8.12.2-1) ...
Setting up cmake (2.8.12.2-1) ...
Setting up gettext (0.19.2-2) ...
Setting up intltool-debian (0.35.0+20060710.1) ...
Setting up po-debconf (1.0.16+nmu3) ...
Setting up debhelper (9.20140817) ...
Setting up dh-buildinfo (0.11) ...
Setting up libcmocka-dev (0.4.1-2) ...
Setting up sbuild-build-depends-uid-wrapper-dummy (0.invalid.0) ...
Processing triggers for libc-bin (2.19-10) ...

┌──────────────────────────────────────────────────────────────────────────────┐
│ Build environment                                                            │
└──────────────────────────────────────────────────────────────────────────────┘

Kernel: Linux 2.6.32-5-xen-amd64 amd64 (x86_64)
Toolchain package versions: binutils_2.24.51.20140903-1 dpkg-dev_1.17.13 g++-4.6_4.6.4-7 g++-4.9_4.9.1-12 gcc-4.6_4.6.4-7 gcc-4.7_4.7.4-3 gcc-4.9_4.9.1-12 libc6-dev_2.19-10 libstdc++-4.9-dev_4.9.1-12 libstdc++6_4.9.1-12 libstdc++6-4.6-dev_4.6.4-7 linux-libc-dev_3.14.15-2
Package versions: acl_2.2.52-1.1 adduser_3.113+nmu3 apt_1.0.7 base-files_7.5 base-passwd_3.5.35 bash_4.3-9 binutils_2.24.51.20140903-1 bsdmainutils_9.0.5 bsdutils_1:2.20.1-5.8 build-essential_11.7 bzip2_1.0.6-7 clang-3.5_1:3.5-1 cmake_2.8.12.2-1 cmake-data_2.8.12.2-1 coreutils_8.23-2 cpp_4:4.9.1-3 cpp-4.6_4.6.4-7 cpp-4.7_4.7.4-3 cpp-4.9_4.9.1-12 dash_0.5.7-4 dbus_1.8.6-2 debconf_1.5.53 debconf-i18n_1.5.53 debfoster_2.7-2 debhelper_9.20140817 debian-archive-keyring_2014.1 debianutils_4.4 dh-buildinfo_0.11 diffutils_1:3.3-1 dmsetup_2:1.02.88-1 dpkg_1.17.13 dpkg-dev_1.17.13 e2fslibs_1.42.12-1 e2fsprogs_1.42.12-1 fakeroot_1.20.1-1.1 file_1:5.19-1 findutils_4.4.2-9 g++_4:4.9.1-3 g++-4.6_4.6.4-7 g++-4.9_4.9.1-12 gcc_4:4.9.1-3 gcc-4.4-base_4.4.7-8 gcc-4.5-base_4.5.4-1 gcc-4.6_4.6.4-7 gcc-4.6-base_4.6.4-7 gcc-4.7_4.7.4-3 gcc-4.7-base_4.7.4-3 gcc-4.8-base_4.8.3-10 gcc-4.9_4.9.1-12 gcc-4.9-base_4.9.1-12 gettext_0.19.2-2 gettext-base_0.19.2-2 gnupg_1.4.18-3 gpgv_1.4.18-3 grep_2.20-2 groff-base_1.22.2-7 gzip_1.6-3 hostname_3.15 init_1.21 initscripts_2.88dsf-53.4 insserv_1.14.0-5 intltool-debian_0.35.0+20060710.1 libacl1_2.2.52-1.1 libalgorithm-c3-perl_0.09-1 libapt-pkg4.12_1.0.7 libarchive-extract-perl_0.72-1 libarchive13_3.1.2-9 libasan1_4.9.1-12 libasprintf0c2_0.19.2-2 libatomic1_4.9.1-12 libattr1_1:2.4.47-1 libaudit-common_1:2.3.7-1 libaudit1_1:2.3.7-1 libblkid1_2.20.1-5.8 libbsd0_0.7.0-2 libbz2-1.0_1.0.6-7 libc-bin_2.19-10 libc-dev-bin_2.19-10 libc6_2.19-10 libc6-dev_2.19-10 libcap-ng0_0.7.4-2 libcap2_1:2.24-4 libcap2-bin_1:2.24-4 libcgi-fast-perl_1:2.02-1 libcgi-pm-perl_4.03-1 libcilkrts5_4.9.1-12 libclang-common-3.5-dev_1:3.5-1 libclang1-3.5_1:3.5-1 libclass-c3-perl_0.26-1 libclass-c3-xs-perl_0.13-2+b1 libclass-isa-perl_0.36-5 libcloog-isl4_0.18.2-1 libcloog-ppl1_0.16.1-5 libcmocka-dev_0.4.1-2 libcmocka0_0.4.1-2 libcomerr2_1.42.12-1 libcroco3_0.6.8-3 libcryptsetup4_2:1.6.6-1 libcurl3_7.37.1-1 libdata-optlist-perl_0.109-1 libdata-section-perl_0.200006-1 libdb5.1_5.1.29-5 libdb5.3_5.3.28-6 libdbus-1-3_1.8.6-2 libdebconfclient0_0.191 libdevmapper1.02.1_2:1.02.88-1 libdpkg-perl_1.17.13 libedit2_3.1-20140620-2 libexpat1_2.1.0-6 libfakeroot_1.20.1-1.1 libfcgi-perl_0.77-1+b1 libffi6_3.1-2 libfile-fcntllock-perl_0.22-1+b1 libgc1c2_1:7.2d-6.3 libgcc-4.7-dev_4.7.4-3 libgcc-4.9-dev_4.9.1-12 libgcc1_1:4.9.1-12 libgcrypt11_1.5.4-3 libgcrypt20_1.6.2-3 libgdbm3_1.8.3-13 libglib2.0-0_2.40.0-5 libgmp10_2:6.0.0+dfsg-6 libgmpxx4ldbl_2:6.0.0+dfsg-6 libgnutls-deb0-28_3.3.7-2 libgnutls26_2.12.23-17 libgomp1_4.9.1-12 libgpg-error0_1.13-4 libgpm2_1.20.4-6.1 libgssapi-krb5-2_1.12.1+dfsg-9 libhogweed2_2.7.1-3 libidn11_1.29-1 libisl10_0.12.2-2 libitm1_4.9.1-12 libk5crypto3_1.12.1+dfsg-9 libkeyutils1_1.5.9-5 libkmod2_18-1 libkrb5-3_1.12.1+dfsg-9 libkrb5support0_1.12.1+dfsg-9 libldap-2.4-2_2.4.39-1.1+b1 libllvm3.5_1:3.5-1 liblocale-gettext-perl_1.05-8+b1 liblog-message-perl_0.8-1 liblog-message-simple-perl_0.10-2 liblsan0_4.9.1-12 liblzma5_5.1.1alpha+20120614-2 liblzo2-2_2.08-1 libmagic1_1:5.19-1 libmodule-build-perl_0.420800-1 libmodule-pluggable-perl_5.1-1 libmodule-signature-perl_0.73-1 libmount1_2.20.1-5.8 libmpc2_0.9-4 libmpc3_1.0.2-1 libmpfr4_3.1.2-1 libmro-compat-perl_0.12-1 libncurses5_5.9+20140712-2 libncursesw5_5.9+20140712-2 libnettle4_2.7.1-3 libobjc-4.9-dev_4.9.1-12 libobjc4_4.9.1-12 libp11-kit0_0.20.3-2 libpackage-constants-perl_0.04-1 libpam-cap_1:2.24-4 libpam-modules_1.1.8-3.1 libpam-modules-bin_1.1.8-3.1 libpam-runtime_1.1.8-3.1 libpam-systemd_208-8 libpam0g_1.1.8-3.1 libparams-util-perl_1.07-2+b1 libpcre3_1:8.35-3 libpipeline1_1.3.0-1 libpod-latex-perl_0.61-1 libpod-readme-perl_0.11-1 libppl-c4_1:1.1-3 libppl13_1:1.1-3 libprocps3_1:3.3.9-7 libquadmath0_4.9.1-12 libreadline6_6.3-8 libregexp-common-perl_2013031301-1 librtmp1_2.4+20131018.git79459a2-4 libsasl2-2_2.1.26.dfsg1-11 libsasl2-modules-db_2.1.26.dfsg1-11 libselinux1_2.3-2 libsemanage-common_2.3-1 libsemanage1_2.3-1 libsepol1_2.3-2 libslang2_2.2.4-17 libsoftware-license-perl_0.103010-1 libss2_1.42.12-1 libssh2-1_1.4.3-4 libssl1.0.0_1.0.1i-2 libstdc++-4.9-dev_4.9.1-12 libstdc++6_4.9.1-12 libstdc++6-4.6-dev_4.6.4-7 libsub-exporter-perl_0.986-1 libsub-install-perl_0.928-1 libswitch-perl_2.17-1 libsystemd-daemon0_208-8 libsystemd-journal0_208-8 libsystemd-login0_208-8 libtasn1-6_4.1-1 libterm-ui-perl_0.42-1 libtext-charwidth-perl_0.04-7+b3 libtext-iconv-perl_1.7-5+b2 libtext-soundex-perl_3.4-1+b2 libtext-template-perl_1.46-1 libtext-wrapi18n-perl_0.06-7 libtimedate-perl_2.3000-2 libtinfo5_5.9+20140712-2 libtsan0_4.9.1-12 libubsan0_4.9.1-12 libudev1_208-8 libunistring0_0.9.3-5.2 libusb-0.1-4_2:0.1.12-24 libustr-1.0-1_1.0.4-3 libuuid1_2.20.1-5.8 libwrap0_7.6.q-25 libxml2_2.9.1+dfsg1-4 linux-libc-dev_3.14.15-2 login_1:4.2-2+b1 lsb-base_4.1+Debian13 make_4.0-8 man-db_2.6.7.1-1 mawk_1.3.3-17 mount_2.20.1-5.8 multiarch-support_2.19-10 ncurses-base_5.9+20140712-2 ncurses-bin_5.9+20140712-2 passwd_1:4.2-2+b1 patch_2.7.1-6 perl_5.20.0-6 perl-base_5.20.0-6 perl-modules_5.20.0-6 po-debconf_1.0.16+nmu3 procps_1:3.3.9-7 psmisc_22.21-2 readline-common_6.3-8 rename_0.20-3 sbuild-build-depends-core-dummy_0.invalid.0 sbuild-build-depends-uid-wrapper-dummy_0.invalid.0 sed_4.2.2-4 sensible-utils_0.0.9 startpar_0.59-3 sudo_1.8.9p5-1 systemd_208-8 systemd-sysv_208-8 sysv-rc_2.88dsf-53.4 sysvinit_2.88dsf-53.4 sysvinit-utils_2.88dsf-53.4 tar_1.27.1-2 tcpd_7.6.q-25 tzdata_2014g-1 ucf_3.0030 udev_208-8 util-linux_2.20.1-5.8 vim_2:7.4.430-1 vim-common_2:7.4.430-1 vim-runtime_2:7.4.430-1 xz-utils_5.1.1alpha+20120614-2 zlib1g_1:1.2.8.dfsg-2

┌──────────────────────────────────────────────────────────────────────────────┐
│ Build                                                                        │
└──────────────────────────────────────────────────────────────────────────────┘


Unpack source
─────────────

gpgv: keyblock resource `/sbuild-nonexistent/.gnupg/trustedkeys.gpg': file open error
gpgv: Signature made Fri Aug  8 19:12:14 2014 UTC using RSA key ID D729A457
gpgv: Can't check signature: public key not found
dpkg-source: warning: failed to verify signature on ./uid-wrapper_1.0.2-1.dsc
dpkg-source: info: extracting uid-wrapper in uid-wrapper-1.0.2
dpkg-source: info: unpacking uid-wrapper_1.0.2.orig.tar.gz
dpkg-source: info: unpacking uid-wrapper_1.0.2-1.debian.tar.xz
dpkg-source: info: applying no-soname.diff

Check disc space
────────────────

Sufficient free space for build

Hack binNMU version
───────────────────

Created changelog entry for binNMU version 1.0.2-1clang1

User Environment
────────────────

DEB_BUILD_OPTIONS=parallel=10
HOME=/sbuild-nonexistent
LOGNAME=user
PATH=/usr/local/sbin:/usr/local/bin:/usr/sbin:/usr/bin:/sbin:/bin:/usr/games
SCHROOT_ALIAS_NAME=unstable-amd64-sbuild
SCHROOT_CHROOT_NAME=unstable-amd64-sbuild
SCHROOT_COMMAND=env
SCHROOT_GID=1000
SCHROOT_GROUP=user
SCHROOT_SESSION_ID=unstable-amd64-sbuild-08f56206-4e42-4b69-92be-95f1a2dc462e
SCHROOT_UID=1000
SCHROOT_USER=user
SHELL=/bin/sh
USER=user

dpkg-buildpackage
─────────────────

dpkg-buildpackage: source package uid-wrapper
dpkg-buildpackage: source version 1.0.2-1clang1
dpkg-buildpackage: source distribution unstable
 dpkg-source --before-build uid-wrapper-1.0.2
dpkg-buildpackage: host architecture amd64
 fakeroot debian/rules clean
dh_clean
rm -rf obj
 debian/rules build-arch
mkdir -p obj
cd obj && cmake -DCMAKE_INSTALL_PREFIX=/usr -DCMAKE_VERBOSE_MAKEFILE=ON -DCMAKE_BUILD_TYPE=None -DCMAKE_C_FLAGS="-g -O2 -fstack-protector-strong -Wformat -Werror=format-security -D_FORTIFY_SOURCE=2" -DCMAKE_SHARED_LINKER_FLAGS="-Wl,-z,relro" -DCMAKE_EXE_LINKER_FLAGS="-Wl,-z,relro"  -DUNIT_TESTING=1 ..
-- The C compiler identification is Clang 3.5.0
-- Check for working C compiler: /usr/bin/cc
-- Check for working C compiler: /usr/bin/cc -- works
-- Detecting C compiler ABI info
-- Detecting C compiler ABI info - done
-- Performing Test WITH_FPIC
-- Performing Test WITH_FPIC - Success
-- Performing Test WITH_STACK_PROTECTOR
-- Performing Test WITH_STACK_PROTECTOR - Success
-- Looking for include file pthread.h
-- Looking for include file pthread.h - found
-- Looking for pthread_create
-- Looking for pthread_create - not found
-- Looking for pthread_create in pthreads
-- Looking for pthread_create in pthreads - not found
-- Looking for pthread_create in pthread
-- Looking for pthread_create in pthread - found
-- Found Threads: TRUE  
-- Looking for sys/types.h
-- Looking for sys/types.h - found
-- Looking for sys/syscall.h
-- Looking for sys/syscall.h - found
-- Looking for syscall.h
-- Looking for syscall.h - found
-- Looking for grp.h
-- Looking for grp.h - found
-- Looking for unistd.h
-- Looking for unistd.h - found
-- Looking for strncpy
-- Looking for strncpy - found
-- Looking for vsnprintf
-- Looking for vsnprintf - found
-- Looking for snprintf
-- Looking for snprintf - found
-- Looking for seteuid
-- Looking for seteuid - found
-- Looking for setreuid
-- Looking for setreuid - found
-- Looking for setresuid
-- Looking for setresuid - found
-- Looking for setegid
-- Looking for setegid - found
-- Looking for setregid
-- Looking for setregid - found
-- Looking for setresgid
-- Looking for setresgid - found
-- Looking for getgroups
-- Looking for getgroups - found
-- Looking for setgroups
-- Looking for setgroups - found
-- Checking prototype setgroups for HAVE_SETGROUPS_INT - False
-- Looking for syscall
-- Looking for syscall - found
-- Checking prototype syscall for HAVE_SYSCALL_INT - False
-- Performing Test HAVE_LINUX_32BIT_SYSCALLS
-- Performing Test HAVE_LINUX_32BIT_SYSCALLS - Failed
-- Performing Test HAVE_GCC_THREAD_LOCAL_STORAGE
-- Performing Test HAVE_GCC_THREAD_LOCAL_STORAGE - Success
-- Performing Test HAVE_DESTRUCTOR_ATTRIBUTE
-- Performing Test HAVE_DESTRUCTOR_ATTRIBUTE - Success
-- Performing Test HAVE_FUNCTION_ATTRIBUTE_FORMAT
-- Performing Test HAVE_FUNCTION_ATTRIBUTE_FORMAT - Success
-- Looking for dlopen in dl
-- Looking for dlopen in dl - found
-- Check if the system is big endian
-- Searching 16 bit integer
-- Looking for stdint.h
-- Looking for stdint.h - found
-- Looking for stddef.h
-- Looking for stddef.h - found
-- Check size of unsigned short
-- Check size of unsigned short - done
-- Using unsigned short
-- Check if the system is big endian - little endian
-- Found CMocka: /usr/lib/x86_64-linux-gnu/libcmocka.so  
-- Configuring done
-- Generating done
-- Build files have been written to: /«PKGBUILDDIR»/obj
/usr/bin/make -j10 -C obj/
make[1]: Entering directory '/«PKGBUILDDIR»/obj'
/usr/bin/cmake -H/«PKGBUILDDIR» -B/«PKGBUILDDIR»/obj --check-build-system CMakeFiles/Makefile.cmake 0
/usr/bin/cmake -E cmake_progress_start /«PKGBUILDDIR»/obj/CMakeFiles /«PKGBUILDDIR»/obj/CMakeFiles/progress.marks
/usr/bin/make -f CMakeFiles/Makefile2 all
make[2]: Entering directory '/«PKGBUILDDIR»/obj'
/usr/bin/make -f src/CMakeFiles/uid_wrapper.dir/build.make src/CMakeFiles/uid_wrapper.dir/depend
/usr/bin/make -f tests/CMakeFiles/getuids.dir/build.make tests/CMakeFiles/getuids.dir/depend
/usr/bin/make -f tests/CMakeFiles/test_glibc_thread_support.dir/build.make tests/CMakeFiles/test_glibc_thread_support.dir/depend
/usr/bin/make -f tests/CMakeFiles/test_uwrap_disabled.dir/build.make tests/CMakeFiles/test_uwrap_disabled.dir/depend
/usr/bin/make -f tests/CMakeFiles/uwrap_enabled.dir/build.make tests/CMakeFiles/uwrap_enabled.dir/depend
/usr/bin/make -f tests/CMakeFiles/testsuite.dir/build.make tests/CMakeFiles/testsuite.dir/depend
make[3]: Entering directory '/«PKGBUILDDIR»/obj'
cd /«PKGBUILDDIR»/obj && /usr/bin/cmake -E cmake_depends "Unix Makefiles" /«PKGBUILDDIR» /«PKGBUILDDIR»/tests /«PKGBUILDDIR»/obj /«PKGBUILDDIR»/obj/tests /«PKGBUILDDIR»/obj/tests/CMakeFiles/test_glibc_thread_support.dir/DependInfo.cmake --color=
make[3]: Entering directory '/«PKGBUILDDIR»/obj'
cd /«PKGBUILDDIR»/obj && /usr/bin/cmake -E cmake_depends "Unix Makefiles" /«PKGBUILDDIR» /«PKGBUILDDIR»/src /«PKGBUILDDIR»/obj /«PKGBUILDDIR»/obj/src /«PKGBUILDDIR»/obj/src/CMakeFiles/uid_wrapper.dir/DependInfo.cmake --color=
make[3]: Entering directory '/«PKGBUILDDIR»/obj'
make[3]: Entering directory '/«PKGBUILDDIR»/obj'
make[3]: Entering directory '/«PKGBUILDDIR»/obj'
make[3]: Entering directory '/«PKGBUILDDIR»/obj'
cd /«PKGBUILDDIR»/obj && /usr/bin/cmake -E cmake_depends "Unix Makefiles" /«PKGBUILDDIR» /«PKGBUILDDIR»/tests /«PKGBUILDDIR»/obj /«PKGBUILDDIR»/obj/tests /«PKGBUILDDIR»/obj/tests/CMakeFiles/test_uwrap_disabled.dir/DependInfo.cmake --color=
cd /«PKGBUILDDIR»/obj && /usr/bin/cmake -E cmake_depends "Unix Makefiles" /«PKGBUILDDIR» /«PKGBUILDDIR»/tests /«PKGBUILDDIR»/obj /«PKGBUILDDIR»/obj/tests /«PKGBUILDDIR»/obj/tests/CMakeFiles/uwrap_enabled.dir/DependInfo.cmake --color=
cd /«PKGBUILDDIR»/obj && /usr/bin/cmake -E cmake_depends "Unix Makefiles" /«PKGBUILDDIR» /«PKGBUILDDIR»/tests /«PKGBUILDDIR»/obj /«PKGBUILDDIR»/obj/tests /«PKGBUILDDIR»/obj/tests/CMakeFiles/testsuite.dir/DependInfo.cmake --color=
cd /«PKGBUILDDIR»/obj && /usr/bin/cmake -E cmake_depends "Unix Makefiles" /«PKGBUILDDIR» /«PKGBUILDDIR»/tests /«PKGBUILDDIR»/obj /«PKGBUILDDIR»/obj/tests /«PKGBUILDDIR»/obj/tests/CMakeFiles/getuids.dir/DependInfo.cmake --color=
Scanning dependencies of target test_glibc_thread_support
Scanning dependencies of target testsuite
Scanning dependencies of target uwrap_enabled
Scanning dependencies of target uid_wrapper
make[3]: Leaving directory '/«PKGBUILDDIR»/obj'
/usr/bin/make -f tests/CMakeFiles/test_glibc_thread_support.dir/build.make tests/CMakeFiles/test_glibc_thread_support.dir/build
Scanning dependencies of target test_uwrap_disabled
make[3]: Leaving directory '/«PKGBUILDDIR»/obj'
/usr/bin/make -f src/CMakeFiles/uid_wrapper.dir/build.make src/CMakeFiles/uid_wrapper.dir/build
make[3]: Leaving directory '/«PKGBUILDDIR»/obj'
/usr/bin/make -f tests/CMakeFiles/test_uwrap_disabled.dir/build.make tests/CMakeFiles/test_uwrap_disabled.dir/build
Scanning dependencies of target getuids
make[3]: Leaving directory '/«PKGBUILDDIR»/obj'
/usr/bin/make -f tests/CMakeFiles/testsuite.dir/build.make tests/CMakeFiles/testsuite.dir/build
make[3]: Leaving directory '/«PKGBUILDDIR»/obj'
/usr/bin/make -f tests/CMakeFiles/uwrap_enabled.dir/build.make tests/CMakeFiles/uwrap_enabled.dir/build
make[3]: Entering directory '/«PKGBUILDDIR»/obj'
/usr/bin/cmake -E cmake_progress_report /«PKGBUILDDIR»/obj/CMakeFiles 2
make[3]: Leaving directory '/«PKGBUILDDIR»/obj'
/usr/bin/make -f tests/CMakeFiles/getuids.dir/build.make tests/CMakeFiles/getuids.dir/build
make[3]: Entering directory '/«PKGBUILDDIR»/obj'
/usr/bin/cmake -E cmake_progress_report /«PKGBUILDDIR»/obj/CMakeFiles 6
make[3]: Entering directory '/«PKGBUILDDIR»/obj'
make[3]: Entering directory '/«PKGBUILDDIR»/obj'
make[3]: Entering directory '/«PKGBUILDDIR»/obj'
make[3]: Entering directory '/«PKGBUILDDIR»/obj'
/usr/bin/cmake -E cmake_progress_report /«PKGBUILDDIR»/obj/CMakeFiles 7
/usr/bin/cmake -E cmake_progress_report /«PKGBUILDDIR»/obj/CMakeFiles 3
/usr/bin/cmake -E cmake_progress_report /«PKGBUILDDIR»/obj/CMakeFiles 5
/usr/bin/cmake -E cmake_progress_report /«PKGBUILDDIR»/obj/CMakeFiles 1
[ 14%] [ 28%] [ 42%] [ 57%] [ 71%] [ 85%] Building C object src/CMakeFiles/uid_wrapper.dir/uid_wrapper.c.o
Building C object tests/CMakeFiles/test_glibc_thread_support.dir/test_glibc_thread_support.c.o
Building C object tests/CMakeFiles/testsuite.dir/testsuite.c.o
cd /«PKGBUILDDIR»/obj/tests && /usr/bin/cc  -D_GNU_SOURCE -g -O2 -fstack-protector-strong -Wformat -Werror=format-security -D_FORTIFY_SOURCE=2 -std=gnu99 -pedantic -pedantic-errors -Wall -Wextra -Wshadow -Wmissing-prototypes -Wdeclaration-after-statement -Wunused -Wfloat-equal -Wpointer-arith -Wwrite-strings -Wformat-security -Wmissing-format-attribute -fPIC -fstack-protector -D_LARGEFILE64_SOURCE -I/«PKGBUILDDIR»/obj/tests -I/«PKGBUILDDIR»/tests -I/«PKGBUILDDIR»/obj    -o CMakeFiles/test_glibc_thread_support.dir/test_glibc_thread_support.c.o   -c /«PKGBUILDDIR»/tests/test_glibc_thread_support.c
cd /«PKGBUILDDIR»/obj/src && /usr/bin/cc  -D_GNU_SOURCE -Duid_wrapper_EXPORTS -g -O2 -fstack-protector-strong -Wformat -Werror=format-security -D_FORTIFY_SOURCE=2 -std=gnu99 -pedantic -pedantic-errors -Wall -Wextra -Wshadow -Wmissing-prototypes -Wdeclaration-after-statement -Wunused -Wfloat-equal -Wpointer-arith -Wwrite-strings -Wformat-security -Wmissing-format-attribute -fPIC -fstack-protector -D_LARGEFILE64_SOURCE -fPIC -I/«PKGBUILDDIR»/obj/src -I/«PKGBUILDDIR»/src -I/«PKGBUILDDIR»/obj    -o CMakeFiles/uid_wrapper.dir/uid_wrapper.c.o   -c /«PKGBUILDDIR»/src/uid_wrapper.c
Building C object tests/CMakeFiles/test_uwrap_disabled.dir/test_uwrap_disabled.c.o
cd /«PKGBUILDDIR»/obj/tests && /usr/bin/cc  -D_GNU_SOURCE -g -O2 -fstack-protector-strong -Wformat -Werror=format-security -D_FORTIFY_SOURCE=2 -std=gnu99 -pedantic -pedantic-errors -Wall -Wextra -Wshadow -Wmissing-prototypes -Wdeclaration-after-statement -Wunused -Wfloat-equal -Wpointer-arith -Wwrite-strings -Wformat-security -Wmissing-format-attribute -fPIC -fstack-protector -D_LARGEFILE64_SOURCE -I/«PKGBUILDDIR»/obj/tests -I/«PKGBUILDDIR»/tests -I/«PKGBUILDDIR»/obj    -o CMakeFiles/testsuite.dir/testsuite.c.o   -c /«PKGBUILDDIR»/tests/testsuite.c
cd /«PKGBUILDDIR»/obj/tests && /usr/bin/cc  -D_GNU_SOURCE -g -O2 -fstack-protector-strong -Wformat -Werror=format-security -D_FORTIFY_SOURCE=2 -std=gnu99 -pedantic -pedantic-errors -Wall -Wextra -Wshadow -Wmissing-prototypes -Wdeclaration-after-statement -Wunused -Wfloat-equal -Wpointer-arith -Wwrite-strings -Wformat-security -Wmissing-format-attribute -fPIC -fstack-protector -D_LARGEFILE64_SOURCE -I/«PKGBUILDDIR»/obj/tests -I/«PKGBUILDDIR»/tests -I/«PKGBUILDDIR»/obj    -o CMakeFiles/test_uwrap_disabled.dir/test_uwrap_disabled.c.o   -c /«PKGBUILDDIR»/tests/test_uwrap_disabled.c
Building C object tests/CMakeFiles/getuids.dir/getuids.c.o
Building C object tests/CMakeFiles/uwrap_enabled.dir/uwrap_enabled.c.o
cd /«PKGBUILDDIR»/obj/tests && /usr/bin/cc  -D_GNU_SOURCE -Duwrap_enabled_EXPORTS -g -O2 -fstack-protector-strong -Wformat -Werror=format-security -D_FORTIFY_SOURCE=2 -std=gnu99 -pedantic -pedantic-errors -Wall -Wextra -Wshadow -Wmissing-prototypes -Wdeclaration-after-statement -Wunused -Wfloat-equal -Wpointer-arith -Wwrite-strings -Wformat-security -Wmissing-format-attribute -fPIC -fstack-protector -D_LARGEFILE64_SOURCE -fPIC -I/«PKGBUILDDIR»/obj/tests -I/«PKGBUILDDIR»/tests -I/«PKGBUILDDIR»/obj    -o CMakeFiles/uwrap_enabled.dir/uwrap_enabled.c.o   -c /«PKGBUILDDIR»/tests/uwrap_enabled.c
cd /«PKGBUILDDIR»/obj/tests && /usr/bin/cc  -D_GNU_SOURCE -g -O2 -fstack-protector-strong -Wformat -Werror=format-security -D_FORTIFY_SOURCE=2 -std=gnu99 -pedantic -pedantic-errors -Wall -Wextra -Wshadow -Wmissing-prototypes -Wdeclaration-after-statement -Wunused -Wfloat-equal -Wpointer-arith -Wwrite-strings -Wformat-security -Wmissing-format-attribute -fPIC -fstack-protector -D_LARGEFILE64_SOURCE -I/«PKGBUILDDIR»/obj/tests -I/«PKGBUILDDIR»/tests -I/«PKGBUILDDIR»/obj    -o CMakeFiles/getuids.dir/getuids.c.o   -c /«PKGBUILDDIR»/tests/getuids.c
Linking C shared library libuwrap_enabled.so
cd /«PKGBUILDDIR»/obj/tests && /usr/bin/cmake -E cmake_link_script CMakeFiles/uwrap_enabled.dir/link.txt --verbose=1
/«PKGBUILDDIR»/tests/test_uwrap_disabled.c:56:2: warning: ignoring return value of function declared with warn_unused_result attribute [-Wunused-result]
        setuid(t->myuid);
        ^~~~~~ ~~~~~~~~
/«PKGBUILDDIR»/tests/test_uwrap_disabled.c:57:2: warning: ignoring return value of function declared with warn_unused_result attribute [-Wunused-result]
        seteuid(t->myuid);
        ^~~~~~~ ~~~~~~~~
/«PKGBUILDDIR»/tests/test_uwrap_disabled.c:58:2: warning: ignoring return value of function declared with warn_unused_result attribute [-Wunused-result]
        setgid(t->mygid);
        ^~~~~~ ~~~~~~~~
/«PKGBUILDDIR»/tests/test_uwrap_disabled.c:59:2: warning: ignoring return value of function declared with warn_unused_result attribute [-Wunused-result]
        setegid(t->mygid);
        ^~~~~~~ ~~~~~~~~
/usr/bin/cc  -fPIC -g -O2 -fstack-protector-strong -Wformat -Werror=format-security -D_FORTIFY_SOURCE=2 -std=gnu99 -pedantic -pedantic-errors -Wall -Wextra -Wshadow -Wmissing-prototypes -Wdeclaration-after-statement -Wunused -Wfloat-equal -Wpointer-arith -Wwrite-strings -Wformat-security -Wmissing-format-attribute -fPIC -fstack-protector -D_LARGEFILE64_SOURCE -Wl,-z,relro -shared -Wl,-soname,libuwrap_enabled.so -o libuwrap_enabled.so CMakeFiles/uwrap_enabled.dir/uwrap_enabled.c.o 
Linking C executable getuids
cd /«PKGBUILDDIR»/obj/tests && /usr/bin/cmake -E cmake_link_script CMakeFiles/getuids.dir/link.txt --verbose=1
/«PKGBUILDDIR»/src/uid_wrapper.c:1062:10: error: static function 'libc_getgroups' is used in an inline function with external linkage [-Werror,-Wstatic-in-inline]
                return libc_getgroups(size, list);
                       ^
/«PKGBUILDDIR»/src/uid_wrapper.c:428:12: note: 'libc_getgroups' declared here
static int libc_getgroups(int size, gid_t list[])
           ^
/«PKGBUILDDIR»/src/uid_wrapper.c:1065:9: error: static function 'uwrap_getgroups' is used in an inline function with external linkage [-Werror,-Wstatic-in-inline]
        return uwrap_getgroups(size, list);
               ^
/«PKGBUILDDIR»/src/uid_wrapper.c:1033:12: note: 'uwrap_getgroups' declared here
static int uwrap_getgroups(int size, gid_t *list)
           ^
2 errors generated.
make[3]: *** [src/CMakeFiles/uid_wrapper.dir/uid_wrapper.c.o] Error 1
make[2]: *** [src/CMakeFiles/uid_wrapper.dir/all] Error 2
src/CMakeFiles/uid_wrapper.dir/build.make:57: recipe for target 'src/CMakeFiles/uid_wrapper.dir/uid_wrapper.c.o' failed
make[3]: Leaving directory '/«PKGBUILDDIR»/obj'
CMakeFiles/Makefile2:946: recipe for target 'src/CMakeFiles/uid_wrapper.dir/all' failed
make[2]: *** Waiting for unfinished jobs....
/usr/bin/cc  -g -O2 -fstack-protector-strong -Wformat -Werror=format-security -D_FORTIFY_SOURCE=2 -std=gnu99 -pedantic -pedantic-errors -Wall -Wextra -Wshadow -Wmissing-prototypes -Wdeclaration-after-statement -Wunused -Wfloat-equal -Wpointer-arith -Wwrite-strings -Wformat-security -Wmissing-format-attribute -fPIC -fstack-protector -D_LARGEFILE64_SOURCE  -Wl,-z,relro CMakeFiles/getuids.dir/getuids.c.o  -o getuids -rdynamic 
4 warnings generated.
Linking C executable test_glibc_thread_support
cd /«PKGBUILDDIR»/obj/tests && /usr/bin/cmake -E cmake_link_script CMakeFiles/test_glibc_thread_support.dir/link.txt --verbose=1
make[3]: Leaving directory '/«PKGBUILDDIR»/obj'
/usr/bin/cmake -E cmake_progress_report /«PKGBUILDDIR»/obj/CMakeFiles  7
/usr/bin/cc  -g -O2 -fstack-protector-strong -Wformat -Werror=format-security -D_FORTIFY_SOURCE=2 -std=gnu99 -pedantic -pedantic-errors -Wall -Wextra -Wshadow -Wmissing-prototypes -Wdeclaration-after-statement -Wunused -Wfloat-equal -Wpointer-arith -Wwrite-strings -Wformat-security -Wmissing-format-attribute -fPIC -fstack-protector -D_LARGEFILE64_SOURCE  -Wl,-z,relro CMakeFiles/test_glibc_thread_support.dir/test_glibc_thread_support.c.o  -o test_glibc_thread_support -rdynamic -lcmocka -lpthread 
[ 85%] Linking C executable test_uwrap_disabled
cd /«PKGBUILDDIR»/obj/tests && /usr/bin/cmake -E cmake_link_script CMakeFiles/test_uwrap_disabled.dir/link.txt --verbose=1
Built target uwrap_enabled
make[3]: Leaving directory '/«PKGBUILDDIR»/obj'
/usr/bin/cmake -E cmake_progress_report /«PKGBUILDDIR»/obj/CMakeFiles  1
Linking C executable testsuite
cd /«PKGBUILDDIR»/obj/tests && /usr/bin/cmake -E cmake_link_script CMakeFiles/testsuite.dir/link.txt --verbose=1
[ 85%] /usr/bin/cc  -g -O2 -fstack-protector-strong -Wformat -Werror=format-security -D_FORTIFY_SOURCE=2 -std=gnu99 -pedantic -pedantic-errors -Wall -Wextra -Wshadow -Wmissing-prototypes -Wdeclaration-after-statement -Wunused -Wfloat-equal -Wpointer-arith -Wwrite-strings -Wformat-security -Wmissing-format-attribute -fPIC -fstack-protector -D_LARGEFILE64_SOURCE  -Wl,-z,relro CMakeFiles/test_uwrap_disabled.dir/test_uwrap_disabled.c.o  -o test_uwrap_disabled -rdynamic -lcmocka 
Built target getuids
make[3]: Leaving directory '/«PKGBUILDDIR»/obj'
/usr/bin/cmake -E cmake_progress_report /«PKGBUILDDIR»/obj/CMakeFiles  2
/usr/bin/cc  -g -O2 -fstack-protector-strong -Wformat -Werror=format-security -D_FORTIFY_SOURCE=2 -std=gnu99 -pedantic -pedantic-errors -Wall -Wextra -Wshadow -Wmissing-prototypes -Wdeclaration-after-statement -Wunused -Wfloat-equal -Wpointer-arith -Wwrite-strings -Wformat-security -Wmissing-format-attribute -fPIC -fstack-protector -D_LARGEFILE64_SOURCE  -Wl,-z,relro CMakeFiles/testsuite.dir/testsuite.c.o  -o testsuite -rdynamic -lcmocka 
[ 85%] Built target test_glibc_thread_support
make[3]: Leaving directory '/«PKGBUILDDIR»/obj'
/usr/bin/cmake -E cmake_progress_report /«PKGBUILDDIR»/obj/CMakeFiles  3
make[3]: Leaving directory '/«PKGBUILDDIR»/obj'
/usr/bin/cmake -E cmake_progress_report /«PKGBUILDDIR»/obj/CMakeFiles  5
[ 85%] Built target test_uwrap_disabled
[ 85%] Built target testsuite
make[2]: Leaving directory '/«PKGBUILDDIR»/obj'
make[1]: *** [all] Error 2
make: *** [obj/stamp] Error 2
Makefile:146: recipe for target 'all' failed
make[1]: Leaving directory '/«PKGBUILDDIR»/obj'
debian/rules:31: recipe for target 'obj/stamp' failed
dpkg-buildpackage: error: debian/rules build-arch gave error exit status 2
────────────────────────────────────────────────────────────────────────────────
Build finished at 20140904-1544

Finished
────────

E: Build failure (dpkg-buildpackage died)

┌──────────────────────────────────────────────────────────────────────────────┐
│ Cleanup                                                                      │
└──────────────────────────────────────────────────────────────────────────────┘

Purging /«BUILDDIR»
Not cleaning session: cloned chroot in use

┌──────────────────────────────────────────────────────────────────────────────┐
│ Summary                                                                      │
└──────────────────────────────────────────────────────────────────────────────┘

Build Architecture: amd64
Build-Space: 1644
Build-Time: 8
Distribution: unstable
Fail-Stage: build
Host Architecture: amd64
Install-Time: 12
Job: uid-wrapper_1.0.2-1
Machine Architecture: amd64
Package: uid-wrapper
Package-Time: 52
Source-Version: 1.0.2-1
Space: 1644
Status: attempted
Version: 1.0.2-1clang1
────────────────────────────────────────────────────────────────────────────────
Finished at 20140904-1544
Build needed 00:00:52, 1644k disc space
DC-Status: Failed 52.455324864s
DC-Time-Estimation: 52.455324864 versus expected 1 (r/m: 51.455324864 ; m: 1.0)
