DC-Build-Header: estic 1.61-20.1 / 2014-08-06 16:38:57 +0000
DC-Task: source:estic version:1.61-20.1 architecture:any chroot:unstable esttime:296 logfile:/tmp/estic_1.61-20.1_unstable_clang.log modes:binary-only:parallel:clang
DC-Sbuild-call: su user -c 'sbuild -n --apt-update -d unstable -v  --chroot-setup-commands=/tmp/switch-to-clang --append-to-version "clang1" --maintainer "Lucas Nussbaum <lucas@debian.org>" --uploader "Lucas Nussbaum <lucas@debian.org>" estic_1.61-20.1'
sbuild (Debian sbuild) 0.63.2 (18 Aug 2012) on ip-172-31-12-115.us-west-2.compute.internal

╔══════════════════════════════════════════════════════════════════════════════╗
║ estic 1.61-20.1clang1 (amd64)                              06 Aug 2014 16:38 ║
╚══════════════════════════════════════════════════════════════════════════════╝

Package: estic
Version: 1.61-20.1clang1
Source Version: 1.61-20.1
Distribution: unstable
Machine Architecture: amd64
Host Architecture: amd64
Build Architecture: amd64

I: NOTICE: Log filtering will replace 'build/estic-U7NivC/estic-1.61' with '«PKGBUILDDIR»'
I: NOTICE: Log filtering will replace 'build/estic-U7NivC' with '«BUILDDIR»'
I: NOTICE: Log filtering will replace 'var/lib/schroot/mount/unstable-amd64-sbuild-14aad336-2a80-43c9-b285-614523861955' with '«CHROOT»'

┌──────────────────────────────────────────────────────────────────────────────┐
│ Update chroot                                                                │
└──────────────────────────────────────────────────────────────────────────────┘

Get:1 http://localhost:9999 unstable InRelease [222 kB]
Get:2 http://localhost:9999 unstable/main Sources/DiffIndex [7876 B]
Get:3 http://localhost:9999 unstable/main amd64 Packages/DiffIndex [7876 B]
Get:4 http://localhost:9999 unstable/main Translation-en/DiffIndex [7876 B]
Get:5 http://localhost:9999 unstable/main 2014-08-05-2057.28.pdiff [14.9 kB]
Get:6 http://localhost:9999 unstable/main 2014-08-06-0254.22.pdiff [10.4 kB]
Get:7 http://localhost:9999 unstable/main 2014-08-06-0856.40.pdiff [5699 B]
Get:8 http://localhost:9999 unstable/main amd64 2014-08-05-2057.28.pdiff [80.7 kB]
Get:9 http://localhost:9999 unstable/main 2014-08-06-0856.40.pdiff [5699 B]
Get:10 http://localhost:9999 unstable/main amd64 2014-08-06-0254.22.pdiff [18.7 kB]
Get:11 http://localhost:9999 unstable/main amd64 2014-08-06-0856.40.pdiff [5647 B]
Get:12 http://localhost:9999 unstable/main 2014-08-05-2057.28.pdiff [2013 B]
Get:13 http://localhost:9999 unstable/main 2014-08-06-0254.22.pdiff [375 B]
Get:14 http://localhost:9999 unstable/main 2014-08-06-0856.40.pdiff [33 B]
Get:15 http://localhost:9999 unstable/main amd64 2014-08-06-0856.40.pdiff [5647 B]
Get:16 http://localhost:9999 unstable/main 2014-08-06-0856.40.pdiff [33 B]
Fetched 384 kB in 5s (75.3 kB/s)
Reading package lists...
Reading package lists...
Building dependency tree...
Reading state information...
0 upgraded, 0 newly installed, 0 to remove and 0 not upgraded.

┌──────────────────────────────────────────────────────────────────────────────┐
│ Fetch source files                                                           │
└──────────────────────────────────────────────────────────────────────────────┘


Check APT
─────────

Checking available source versions...

Download source files with APT
──────────────────────────────

Reading package lists...
Building dependency tree...
Reading state information...
NOTICE: 'estic' packaging is maintained in the 'Svn' version control system at:
svn+ssh://svn.debian.org/svn/collab-maint/ext-maint/estic/trunk
Need to get 672 kB of source archives.
Get:1 http://localhost:9999/debian/ unstable/main estic 1.61-20.1 (dsc) [1220 B]
Get:2 http://localhost:9999/debian/ unstable/main estic 1.61-20.1 (tar) [648 kB]
Get:3 http://localhost:9999/debian/ unstable/main estic 1.61-20.1 (diff) [22.6 kB]
Fetched 672 kB in 1s (394 kB/s)
Download complete and in download only mode

Check arch
──────────


┌──────────────────────────────────────────────────────────────────────────────┐
│ Chroot Setup Commands                                                        │
└──────────────────────────────────────────────────────────────────────────────┘


/tmp/switch-to-clang
────────────────────

+ echo 'Entering customization script...'
Entering customization script...
+ echo 'Install of clang-3.5'
Install of clang-3.5
+ apt-get update
Hit http://localhost:9999 unstable InRelease
Hit http://localhost:9999 unstable/main Sources/DiffIndex
Hit http://localhost:9999 unstable/main amd64 Packages/DiffIndex
Hit http://localhost:9999 unstable/main Translation-en/DiffIndex
Reading package lists...
+ apt-get install --yes --no-install-recommends --force-yes clang-3.5
Reading package lists...
Building dependency tree...
Reading state information...
The following extra packages will be installed:
  libbsd0 libclang-common-3.5-dev libclang1-3.5 libedit2 libffi6 libllvm3.5
  libobjc-4.9-dev libobjc4
Suggested packages:
  gnustep gnustep-devel clang-3.5-doc
Recommended packages:
  llvm-3.5-dev python
The following NEW packages will be installed:
  clang-3.5 libbsd0 libclang-common-3.5-dev libclang1-3.5 libedit2 libffi6
  libllvm3.5 libobjc-4.9-dev libobjc4
0 upgraded, 9 newly installed, 0 to remove and 0 not upgraded.
Need to get 33.1 MB of archives.
After this operation, 132 MB of additional disk space will be used.
Get:1 http://localhost:9999/debian/ unstable/main libbsd0 amd64 0.7.0-1 [67.7 kB]
Get:2 http://localhost:9999/debian/ unstable/main libedit2 amd64 3.1-20140620-1 [77.0 kB]
Get:3 http://localhost:9999/debian/ unstable/main libffi6 amd64 3.1-2 [19.8 kB]
Get:4 http://localhost:9999/debian/ unstable/main libllvm3.5 amd64 1:3.5~+rc1-2 [7624 kB]
Get:5 http://localhost:9999/debian/ unstable/main libobjc4 amd64 4.9.1-4 [112 kB]
Get:6 http://localhost:9999/debian/ unstable/main libobjc-4.9-dev amd64 4.9.1-4 [371 kB]
Get:7 http://localhost:9999/debian/ unstable/main libclang1-3.5 amd64 1:3.5~+rc1-2 [3630 kB]
Get:8 http://localhost:9999/debian/ unstable/main libclang-common-3.5-dev amd64 1:3.5~+rc1-2 [678 kB]
Get:9 http://localhost:9999/debian/ unstable/main clang-3.5 amd64 1:3.5~+rc1-2 [20.5 MB]
debconf: delaying package configuration, since apt-utils is not installed
Fetched 33.1 MB in 1s (32.2 MB/s)
Selecting previously unselected package libbsd0:amd64.
(Reading database ... 14246 files and directories currently installed.)
Preparing to unpack .../libbsd0_0.7.0-1_amd64.deb ...
Unpacking libbsd0:amd64 (0.7.0-1) ...
Selecting previously unselected package libedit2:amd64.
Preparing to unpack .../libedit2_3.1-20140620-1_amd64.deb ...
Unpacking libedit2:amd64 (3.1-20140620-1) ...
Selecting previously unselected package libffi6:amd64.
Preparing to unpack .../libffi6_3.1-2_amd64.deb ...
Unpacking libffi6:amd64 (3.1-2) ...
Selecting previously unselected package libllvm3.5:amd64.
Preparing to unpack .../libllvm3.5_1%3a3.5~+rc1-2_amd64.deb ...
Unpacking libllvm3.5:amd64 (1:3.5~+rc1-2) ...
Selecting previously unselected package libobjc4:amd64.
Preparing to unpack .../libobjc4_4.9.1-4_amd64.deb ...
Unpacking libobjc4:amd64 (4.9.1-4) ...
Selecting previously unselected package libobjc-4.9-dev:amd64.
Preparing to unpack .../libobjc-4.9-dev_4.9.1-4_amd64.deb ...
Unpacking libobjc-4.9-dev:amd64 (4.9.1-4) ...
Selecting previously unselected package libclang1-3.5:amd64.
Preparing to unpack .../libclang1-3.5_1%3a3.5~+rc1-2_amd64.deb ...
Unpacking libclang1-3.5:amd64 (1:3.5~+rc1-2) ...
Selecting previously unselected package libclang-common-3.5-dev.
Preparing to unpack .../libclang-common-3.5-dev_1%3a3.5~+rc1-2_amd64.deb ...
Unpacking libclang-common-3.5-dev (1:3.5~+rc1-2) ...
Selecting previously unselected package clang-3.5.
Preparing to unpack .../clang-3.5_1%3a3.5~+rc1-2_amd64.deb ...
Unpacking clang-3.5 (1:3.5~+rc1-2) ...
Setting up libbsd0:amd64 (0.7.0-1) ...
Setting up libedit2:amd64 (3.1-20140620-1) ...
Setting up libffi6:amd64 (3.1-2) ...
Setting up libllvm3.5:amd64 (1:3.5~+rc1-2) ...
Setting up libobjc4:amd64 (4.9.1-4) ...
Setting up libobjc-4.9-dev:amd64 (4.9.1-4) ...
Setting up libclang1-3.5:amd64 (1:3.5~+rc1-2) ...
Setting up libclang-common-3.5-dev (1:3.5~+rc1-2) ...
Setting up clang-3.5 (1:3.5~+rc1-2) ...
Processing triggers for libc-bin (2.19-7) ...
+ echo 'Replace gcc, g++ & cpp by clang'
Replace gcc, g++ & cpp by clang
+ VERSIONS='4.6 4.7 4.8 4.9'
+ cd /usr/bin
+ for VERSION in '$VERSIONS'
+ rm -f g++-4.6 gcc-4.6 cpp-4.6
+ ln -s clang++ g++-4.6
+ ln -s clang gcc-4.6
+ ln -s clang cpp-4.6
+ echo 'gcc-4.6 hold'
+ dpkg --set-selections
+ echo 'g++-4.6 hold'
+ dpkg --set-selections
+ for VERSION in '$VERSIONS'
+ rm -f g++-4.7 gcc-4.7 cpp-4.7
+ ln -s clang++ g++-4.7
+ ln -s clang gcc-4.7
+ ln -s clang cpp-4.7
+ echo 'gcc-4.7 hold'
+ dpkg --set-selections
+ echo 'g++-4.7 hold'
+ dpkg --set-selections
+ for VERSION in '$VERSIONS'
+ rm -f g++-4.8 gcc-4.8 cpp-4.8
+ ln -s clang++ g++-4.8
+ ln -s clang gcc-4.8
+ ln -s clang cpp-4.8
+ echo 'gcc-4.8 hold'
+ dpkg --set-selections
dpkg: warning: package not in database at line 1: gcc-4.8
dpkg: warning: found unknown packages; this might mean the available database
is outdated, and needs to be updated through a frontend method
+ echo 'g++-4.8 hold'
+ dpkg --set-selections
dpkg: warning: package not in database at line 1: g++-4.8
dpkg: warning: found unknown packages; this might mean the available database
is outdated, and needs to be updated through a frontend method
+ for VERSION in '$VERSIONS'
+ rm -f g++-4.9 gcc-4.9 cpp-4.9
+ ln -s clang++ g++-4.9
+ ln -s clang gcc-4.9
+ ln -s clang cpp-4.9
+ echo 'gcc-4.9 hold'
+ dpkg --set-selections
+ echo 'g++-4.9 hold'
+ dpkg --set-selections
+ cd -
/«BUILDDIR»
+ echo 'Check if gcc, g++ & cpp are actually clang'
Check if gcc, g++ & cpp are actually clang
+ gcc --version
+ grep clang
+ cpp --version
+ grep clang
+ g++ --version
+ grep clang

I: Finished running '/tmp/switch-to-clang'.

Finished processing commands.
────────────────────────────────────────────────────────────────────────────────
Merged Build-Depends: build-essential, fakeroot
Filtered Build-Depends: build-essential, fakeroot
dpkg-deb: building package `sbuild-build-depends-core-dummy' in `/«BUILDDIR»/resolver-r8Auh7/apt_archive/sbuild-build-depends-core-dummy.deb'.
OK
Reading package lists...

┌──────────────────────────────────────────────────────────────────────────────┐
│ Install core build dependencies (apt-based resolver)                         │
└──────────────────────────────────────────────────────────────────────────────┘

Installing build dependencies
Reading package lists...
Building dependency tree...
Reading state information...
The following NEW packages will be installed:
  sbuild-build-depends-core-dummy
debconf: delaying package configuration, since apt-utils is not installed
0 upgraded, 1 newly installed, 0 to remove and 0 not upgraded.
Need to get 0 B/816 B of archives.
After this operation, 0 B of additional disk space will be used.
Selecting previously unselected package sbuild-build-depends-core-dummy.
(Reading database ... 14457 files and directories currently installed.)
Preparing to unpack .../sbuild-build-depends-core-dummy.deb ...
Unpacking sbuild-build-depends-core-dummy (0.invalid.0) ...
Setting up sbuild-build-depends-core-dummy (0.invalid.0) ...
Merged Build-Depends: base-files, base-passwd, bash, bsdutils, coreutils, dash, debianutils, diffutils, dpkg, e2fsprogs, findutils, grep, gzip, hostname, libc-bin, login, mount, ncurses-base, ncurses-bin, perl-base, sed, sysvinit, sysvinit-utils, tar, util-linux, libc6-dev | libc-dev, gcc (>= 4:4.4.3), g++ (>= 4:4.4.3), make, dpkg-dev (>= 1.13.5), cdbs, debhelper (>= 4.1.0), libncurses5-dev, docbook-to-man, g++-4.6
Filtered Build-Depends: base-files, base-passwd, bash, bsdutils, coreutils, dash, debianutils, diffutils, dpkg, e2fsprogs, findutils, grep, gzip, hostname, libc-bin, login, mount, ncurses-base, ncurses-bin, perl-base, sed, sysvinit, sysvinit-utils, tar, util-linux, libc6-dev, gcc (>= 4:4.4.3), g++ (>= 4:4.4.3), make, dpkg-dev (>= 1.13.5), cdbs, debhelper (>= 4.1.0), libncurses5-dev, docbook-to-man, g++-4.6
dpkg-deb: building package `sbuild-build-depends-estic-dummy' in `/«BUILDDIR»/resolver-b100_5/apt_archive/sbuild-build-depends-estic-dummy.deb'.
OK
Reading package lists...

┌──────────────────────────────────────────────────────────────────────────────┐
│ Install estic build dependencies (apt-based resolver)                        │
└──────────────────────────────────────────────────────────────────────────────┘

Installing build dependencies
Reading package lists...
Building dependency tree...
Reading state information...
The following extra packages will be installed:
  bsdmainutils cdbs debhelper docbook docbook-to-man file gettext gettext-base
  groff-base intltool-debian libasprintf0c2 libcroco3 libglib2.0-0 libmagic1
  libncurses5-dev libpipeline1 libsp1c2 libtinfo-dev libunistring0 libxml2
  man-db po-debconf sgml-base sgml-data sp xml-core
Suggested packages:
  wamerican wordlist whois vacation devscripts dh-make docbook-defguide
  docbook-dsssl docbook-xml psgml gettext-doc groff ncurses-doc less
  www-browser libmail-box-perl sgml-base-doc perlsgml w3-recs opensp
  libxml2-utils doc-base
Recommended packages:
  autotools-dev curl wget lynx-cur autopoint libasprintf-dev libgettextpo-dev
  libglib2.0-data shared-mime-info libmail-sendmail-perl
The following NEW packages will be installed:
  bsdmainutils cdbs debhelper docbook docbook-to-man file gettext gettext-base
  groff-base intltool-debian libasprintf0c2 libcroco3 libglib2.0-0 libmagic1
  libncurses5-dev libpipeline1 libsp1c2 libtinfo-dev libunistring0 libxml2
  man-db po-debconf sbuild-build-depends-estic-dummy sgml-base sgml-data sp
  xml-core
0 upgraded, 27 newly installed, 0 to remove and 0 not upgraded.
Need to get 11.3 MB/11.3 MB of archives.
After this operation, 38.1 MB of additional disk space will be used.
Get:1 http://localhost:9999/debian/ unstable/main libpipeline1 amd64 1.3.0-1 [25.8 kB]
Get:2 http://localhost:9999/debian/ unstable/main groff-base amd64 1.22.2-6 [1088 kB]
Get:3 http://localhost:9999/debian/ unstable/main bsdmainutils amd64 9.0.5 [211 kB]
Get:4 http://localhost:9999/debian/ unstable/main man-db amd64 2.6.7.1-1 [990 kB]
Get:5 http://localhost:9999/debian/ unstable/main libasprintf0c2 amd64 0.19.2-1 [30.7 kB]
Get:6 http://localhost:9999/debian/ unstable/main libmagic1 amd64 1:5.19-1 [237 kB]
Get:7 http://localhost:9999/debian/ unstable/main libxml2 amd64 2.9.1+dfsg1-4 [797 kB]
Get:8 http://localhost:9999/debian/ unstable/main libglib2.0-0 amd64 2.40.0-3 [2405 kB]
Get:9 http://localhost:9999/debian/ unstable/main libcroco3 amd64 0.6.8-2 [133 kB]
Get:10 http://localhost:9999/debian/ unstable/main libunistring0 amd64 0.9.3-5.2 [283 kB]
Get:11 http://localhost:9999/debian/ unstable/main sgml-base all 1.26+nmu4 [14.6 kB]
Get:12 http://localhost:9999/debian/ unstable/main file amd64 1:5.19-1 [58.0 kB]
Get:13 http://localhost:9999/debian/ unstable/main gettext-base amd64 0.19.2-1 [121 kB]
Get:14 http://localhost:9999/debian/ unstable/main cdbs all 0.4.125 [75.3 kB]
Get:15 http://localhost:9999/debian/ unstable/main gettext amd64 0.19.2-1 [1235 kB]
Get:16 http://localhost:9999/debian/ unstable/main intltool-debian all 0.35.0+20060710.1 [30.8 kB]
Get:17 http://localhost:9999/debian/ unstable/main po-debconf all 1.0.16+nmu3 [220 kB]
Get:18 http://localhost:9999/debian/ unstable/main debhelper all 9.20140613 [692 kB]
Get:19 http://localhost:9999/debian/ unstable/main xml-core all 0.13+nmu2 [24.2 kB]
Get:20 http://localhost:9999/debian/ unstable/main sgml-data all 2.0.9-1 [281 kB]
Get:21 http://localhost:9999/debian/ unstable/main docbook all 4.5-5.1 [453 kB]
Get:22 http://localhost:9999/debian/ unstable/main libsp1c2 amd64 1.3.4-1.2.1-47.3 [1396 kB]
Get:23 http://localhost:9999/debian/ unstable/main sp amd64 1.3.4-1.2.1-47.3 [180 kB]
Get:24 http://localhost:9999/debian/ unstable/main docbook-to-man amd64 1:2.0.0-31 [82.4 kB]
Get:25 http://localhost:9999/debian/ unstable/main libtinfo-dev amd64 5.9+20140712-2 [76.1 kB]
Get:26 http://localhost:9999/debian/ unstable/main libncurses5-dev amd64 5.9+20140712-2 [174 kB]
debconf: delaying package configuration, since apt-utils is not installed
Fetched 11.3 MB in 0s (22.1 MB/s)
Selecting previously unselected package libpipeline1:amd64.
(Reading database ... 14457 files and directories currently installed.)
Preparing to unpack .../libpipeline1_1.3.0-1_amd64.deb ...
Unpacking libpipeline1:amd64 (1.3.0-1) ...
Selecting previously unselected package groff-base.
Preparing to unpack .../groff-base_1.22.2-6_amd64.deb ...
Unpacking groff-base (1.22.2-6) ...
Selecting previously unselected package bsdmainutils.
Preparing to unpack .../bsdmainutils_9.0.5_amd64.deb ...
Unpacking bsdmainutils (9.0.5) ...
Selecting previously unselected package man-db.
Preparing to unpack .../man-db_2.6.7.1-1_amd64.deb ...
Unpacking man-db (2.6.7.1-1) ...
Selecting previously unselected package libasprintf0c2:amd64.
Preparing to unpack .../libasprintf0c2_0.19.2-1_amd64.deb ...
Unpacking libasprintf0c2:amd64 (0.19.2-1) ...
Selecting previously unselected package libmagic1:amd64.
Preparing to unpack .../libmagic1_1%3a5.19-1_amd64.deb ...
Unpacking libmagic1:amd64 (1:5.19-1) ...
Selecting previously unselected package libxml2:amd64.
Preparing to unpack .../libxml2_2.9.1+dfsg1-4_amd64.deb ...
Unpacking libxml2:amd64 (2.9.1+dfsg1-4) ...
Selecting previously unselected package libglib2.0-0:amd64.
Preparing to unpack .../libglib2.0-0_2.40.0-3_amd64.deb ...
Unpacking libglib2.0-0:amd64 (2.40.0-3) ...
Selecting previously unselected package libcroco3:amd64.
Preparing to unpack .../libcroco3_0.6.8-2_amd64.deb ...
Unpacking libcroco3:amd64 (0.6.8-2) ...
Selecting previously unselected package libunistring0:amd64.
Preparing to unpack .../libunistring0_0.9.3-5.2_amd64.deb ...
Unpacking libunistring0:amd64 (0.9.3-5.2) ...
Selecting previously unselected package sgml-base.
Preparing to unpack .../sgml-base_1.26+nmu4_all.deb ...
Unpacking sgml-base (1.26+nmu4) ...
Selecting previously unselected package file.
Preparing to unpack .../file_1%3a5.19-1_amd64.deb ...
Unpacking file (1:5.19-1) ...
Selecting previously unselected package gettext-base.
Preparing to unpack .../gettext-base_0.19.2-1_amd64.deb ...
Unpacking gettext-base (0.19.2-1) ...
Selecting previously unselected package cdbs.
Preparing to unpack .../archives/cdbs_0.4.125_all.deb ...
Unpacking cdbs (0.4.125) ...
Selecting previously unselected package gettext.
Preparing to unpack .../gettext_0.19.2-1_amd64.deb ...
Unpacking gettext (0.19.2-1) ...
Selecting previously unselected package intltool-debian.
Preparing to unpack .../intltool-debian_0.35.0+20060710.1_all.deb ...
Unpacking intltool-debian (0.35.0+20060710.1) ...
Selecting previously unselected package po-debconf.
Preparing to unpack .../po-debconf_1.0.16+nmu3_all.deb ...
Unpacking po-debconf (1.0.16+nmu3) ...
Selecting previously unselected package debhelper.
Preparing to unpack .../debhelper_9.20140613_all.deb ...
Unpacking debhelper (9.20140613) ...
Selecting previously unselected package xml-core.
Preparing to unpack .../xml-core_0.13+nmu2_all.deb ...
Unpacking xml-core (0.13+nmu2) ...
Selecting previously unselected package sgml-data.
Preparing to unpack .../sgml-data_2.0.9-1_all.deb ...
Unpacking sgml-data (2.0.9-1) ...
Selecting previously unselected package docbook.
Preparing to unpack .../docbook_4.5-5.1_all.deb ...
Unpacking docbook (4.5-5.1) ...
Selecting previously unselected package libsp1c2.
Preparing to unpack .../libsp1c2_1.3.4-1.2.1-47.3_amd64.deb ...
Unpacking libsp1c2 (1.3.4-1.2.1-47.3) ...
Selecting previously unselected package sp.
Preparing to unpack .../sp_1.3.4-1.2.1-47.3_amd64.deb ...
Unpacking sp (1.3.4-1.2.1-47.3) ...
Selecting previously unselected package docbook-to-man.
Preparing to unpack .../docbook-to-man_1%3a2.0.0-31_amd64.deb ...
Unpacking docbook-to-man (1:2.0.0-31) ...
Selecting previously unselected package libtinfo-dev:amd64.
Preparing to unpack .../libtinfo-dev_5.9+20140712-2_amd64.deb ...
Unpacking libtinfo-dev:amd64 (5.9+20140712-2) ...
Selecting previously unselected package libncurses5-dev:amd64.
Preparing to unpack .../libncurses5-dev_5.9+20140712-2_amd64.deb ...
Unpacking libncurses5-dev:amd64 (5.9+20140712-2) ...
Selecting previously unselected package sbuild-build-depends-estic-dummy.
Preparing to unpack .../sbuild-build-depends-estic-dummy.deb ...
Unpacking sbuild-build-depends-estic-dummy (0.invalid.0) ...
Setting up libpipeline1:amd64 (1.3.0-1) ...
Setting up groff-base (1.22.2-6) ...
Setting up bsdmainutils (9.0.5) ...
update-alternatives: using /usr/bin/bsd-write to provide /usr/bin/write (write) in auto mode
update-alternatives: using /usr/bin/bsd-from to provide /usr/bin/from (from) in auto mode
Setting up man-db (2.6.7.1-1) ...
Not building database; man-db/auto-update is not 'true'.
Setting up libasprintf0c2:amd64 (0.19.2-1) ...
Setting up libmagic1:amd64 (1:5.19-1) ...
Setting up libxml2:amd64 (2.9.1+dfsg1-4) ...
Setting up libglib2.0-0:amd64 (2.40.0-3) ...
No schema files found: doing nothing.
Setting up libcroco3:amd64 (0.6.8-2) ...
Setting up libunistring0:amd64 (0.9.3-5.2) ...
Setting up sgml-base (1.26+nmu4) ...
Setting up file (1:5.19-1) ...
Setting up gettext-base (0.19.2-1) ...
Setting up cdbs (0.4.125) ...
Setting up gettext (0.19.2-1) ...
Setting up intltool-debian (0.35.0+20060710.1) ...
Setting up po-debconf (1.0.16+nmu3) ...
Setting up debhelper (9.20140613) ...
Setting up xml-core (0.13+nmu2) ...
Setting up libsp1c2 (1.3.4-1.2.1-47.3) ...
Setting up sp (1.3.4-1.2.1-47.3) ...
Setting up libtinfo-dev:amd64 (5.9+20140712-2) ...
Setting up libncurses5-dev:amd64 (5.9+20140712-2) ...
Processing triggers for sgml-base (1.26+nmu4) ...
Setting up sgml-data (2.0.9-1) ...
Processing triggers for sgml-base (1.26+nmu4) ...
Setting up docbook (4.5-5.1) ...
Processing triggers for sgml-base (1.26+nmu4) ...
Setting up docbook-to-man (1:2.0.0-31) ...
Setting up sbuild-build-depends-estic-dummy (0.invalid.0) ...
Processing triggers for libc-bin (2.19-7) ...

┌──────────────────────────────────────────────────────────────────────────────┐
│ Build environment                                                            │
└──────────────────────────────────────────────────────────────────────────────┘

Kernel: Linux 2.6.32-5-xen-amd64 amd64 (x86_64)
Toolchain package versions: binutils_2.24.51.20140727-1 dpkg-dev_1.17.10 g++-4.6_4.6.4-7 g++-4.9_4.9.1-4 gcc-4.6_4.6.4-7 gcc-4.7_4.7.4-2 gcc-4.9_4.9.1-4 libc6-dev_2.19-7 libstdc++-4.9-dev_4.9.1-4 libstdc++6_4.9.1-4 libstdc++6-4.6-dev_4.6.4-7 linux-libc-dev_3.14.13-2
Package versions: apt_1.0.6 base-files_7.5 base-passwd_3.5.33 bash_4.3-8 binutils_2.24.51.20140727-1 bsdmainutils_9.0.5 bsdutils_1:2.20.1-5.8 build-essential_11.6 bzip2_1.0.6-7 cdbs_0.4.125 clang-3.5_1:3.5~+rc1-2 coreutils_8.21-1.2 cpp_4:4.9.1-1 cpp-4.6_4.6.4-7 cpp-4.7_4.7.4-2 cpp-4.9_4.9.1-4 dash_0.5.7-4 debconf_1.5.53 debconf-i18n_1.5.53 debfoster_2.7-1.2 debhelper_9.20140613 debian-archive-keyring_2012.4 debianutils_4.4 diffutils_1:3.3-1 docbook_4.5-5.1 docbook-to-man_1:2.0.0-31 dpkg_1.17.10 dpkg-dev_1.17.10 e2fslibs_1.42.11-2 e2fsprogs_1.42.11-2 fakeroot_1.20.1-1 file_1:5.19-1 findutils_4.4.2-9 g++_4:4.9.1-1 g++-4.6_4.6.4-7 g++-4.9_4.9.1-4 gcc_4:4.9.1-1 gcc-4.4-base_4.4.7-8 gcc-4.5-base_4.5.4-1 gcc-4.6_4.6.4-7 gcc-4.6-base_4.6.4-7 gcc-4.7_4.7.4-2 gcc-4.7-base_4.7.4-2 gcc-4.8-base_4.8.3-7 gcc-4.9_4.9.1-4 gcc-4.9-base_4.9.1-4 gettext_0.19.2-1 gettext-base_0.19.2-1 gnupg_1.4.18-2 gpgv_1.4.18-2 grep_2.18-2 groff-base_1.22.2-6 gzip_1.6-3 hostname_3.15 init_1.20 initscripts_2.88dsf-53.2 insserv_1.14.0-5 intltool-debian_0.35.0+20060710.1 libacl1_2.2.52-1 libapt-pkg4.12_1.0.6 libarchive-extract-perl_0.72-1 libasan1_4.9.1-4 libasprintf0c2_0.19.2-1 libatomic1_4.9.1-4 libattr1_1:2.4.47-1 libaudit-common_1:2.3.7-1 libaudit1_1:2.3.7-1 libblkid1_2.20.1-5.8 libbsd0_0.7.0-1 libbz2-1.0_1.0.6-7 libc-bin_2.19-7 libc-dev-bin_2.19-7 libc6_2.19-7 libc6-dev_2.19-7 libcap2_1:2.24-4 libcilkrts5_4.9.1-4 libclang-common-3.5-dev_1:3.5~+rc1-2 libclang1-3.5_1:3.5~+rc1-2 libclass-isa-perl_0.36-5 libcloog-isl4_0.18.2-1 libcloog-ppl1_0.16.1-5 libcomerr2_1.42.11-2 libcroco3_0.6.8-2 libdb5.1_5.1.29-5 libdb5.3_5.3.28-5 libdebconfclient0_0.191 libdpkg-perl_1.17.10 libedit2_3.1-20140620-1 libfakeroot_1.20.1-1 libffi6_3.1-2 libfile-fcntllock-perl_0.22-1 libgc1c2_1:7.2d-6.2 libgcc-4.7-dev_4.7.4-2 libgcc-4.9-dev_4.9.1-4 libgcc1_1:4.9.1-4 libgdbm3_1.8.3-13 libglib2.0-0_2.40.0-3 libgmp10_2:6.0.0+dfsg-4 libgmpxx4ldbl_2:6.0.0+dfsg-4 libgomp1_4.9.1-4 libgpm2_1.20.4-6.1 libisl10_0.12.2-2 libitm1_4.9.1-4 libllvm3.5_1:3.5~+rc1-2 liblocale-gettext-perl_1.05-8 liblog-message-perl_0.8-1 liblog-message-simple-perl_0.10-2 liblsan0_4.9.1-4 liblzma5_5.1.1alpha+20120614-2 libmagic1_1:5.19-1 libmodule-pluggable-perl_5.1-1 libmount1_2.20.1-5.8 libmpc2_0.9-4 libmpc3_1.0.2-1 libmpfr4_3.1.2-1 libncurses5_5.9+20140712-2 libncurses5-dev_5.9+20140712-2 libobjc-4.9-dev_4.9.1-4 libobjc4_4.9.1-4 libpam-modules_1.1.8-3 libpam-modules-bin_1.1.8-3 libpam-runtime_1.1.8-3 libpam0g_1.1.8-3 libpcre3_1:8.35-3 libpipeline1_1.3.0-1 libpod-latex-perl_0.61-1 libppl-c4_1:1.1-3 libppl13_1:1.1-3 libquadmath0_4.9.1-4 libreadline6_6.3-8 libselinux1_2.3-1 libsemanage-common_2.3-1 libsemanage1_2.3-1 libsepol1_2.3-1 libslang2_2.2.4-17 libsp1c2_1.3.4-1.2.1-47.3 libss2_1.42.11-2 libstdc++-4.9-dev_4.9.1-4 libstdc++6_4.9.1-4 libstdc++6-4.6-dev_4.6.4-7 libswitch-perl_2.17-1 libterm-ui-perl_0.42-1 libtext-charwidth-perl_0.04-7+b2 libtext-iconv-perl_1.7-5+b1 libtext-soundex-perl_3.4-1+b1 libtext-wrapi18n-perl_0.06-7 libtimedate-perl_2.3000-2 libtinfo-dev_5.9+20140712-2 libtinfo5_5.9+20140712-2 libtsan0_4.9.1-4 libubsan0_4.9.1-4 libunistring0_0.9.3-5.2 libusb-0.1-4_2:0.1.12-24 libustr-1.0-1_1.0.4-3 libuuid1_2.20.1-5.8 libxml2_2.9.1+dfsg1-4 linux-libc-dev_3.14.13-2 login_1:4.2-2 lsb-base_4.1+Debian13 make_4.0-8 man-db_2.6.7.1-1 mawk_1.3.3-17 mount_2.20.1-5.8 multiarch-support_2.19-7 ncurses-base_5.9+20140712-2 ncurses-bin_5.9+20140712-2 passwd_1:4.2-2 patch_2.7.1-5 perl_5.18.2-7 perl-base_5.18.2-7 perl-modules_5.18.2-7 po-debconf_1.0.16+nmu3 readline-common_6.3-8 rename_0.20-3 sbuild-build-depends-core-dummy_0.invalid.0 sbuild-build-depends-estic-dummy_0.invalid.0 sed_4.2.2-4 sensible-utils_0.0.9 sgml-base_1.26+nmu4 sgml-data_2.0.9-1 sp_1.3.4-1.2.1-47.3 startpar_0.59-3 sudo_1.8.9p5-1 sysv-rc_2.88dsf-53.2 sysvinit_2.88dsf-53.2 sysvinit-core_2.88dsf-53.2 sysvinit-utils_2.88dsf-53.2 tar_1.27.1-2 tzdata_2014e-1 ucf_3.0030 util-linux_2.20.1-5.8 vim_2:7.4.335-1 vim-common_2:7.4.335-1 vim-runtime_2:7.4.335-1 xml-core_0.13+nmu2 xz-utils_5.1.1alpha+20120614-2 zlib1g_1:1.2.8.dfsg-1

┌──────────────────────────────────────────────────────────────────────────────┐
│ Build                                                                        │
└──────────────────────────────────────────────────────────────────────────────┘


Unpack source
─────────────

gpgv: keyblock resource `/sbuild-nonexistent/.gnupg/trustedkeys.gpg': file open error
gpgv: Signature made Mon May 28 09:29:10 2012 UTC using DSA key ID 0F932C9C
gpgv: Can't check signature: public key not found
dpkg-source: warning: failed to verify signature on ./estic_1.61-20.1.dsc
dpkg-source: info: extracting estic in estic-1.61
dpkg-source: info: unpacking estic_1.61.orig.tar.gz
dpkg-source: info: applying estic_1.61-20.1.diff.gz
dpkg-source: info: upstream files that have been modified: 
 estic-1.61/Makefile
 estic-1.61/areacode/Makefile
 estic-1.61/estic/Makefile
 estic-1.61/estic/estic.cc
 estic-1.61/estic/icbaseed.cc
 estic-1.61/estic/icdevs.cc
 estic-1.61/estic/icshort.cc
 estic-1.61/spunk/Makefile
 estic-1.61/spunk/check.cc
 estic-1.61/spunk/check.h
 estic-1.61/spunk/coll.cc
 estic-1.61/spunk/coll.h
 estic-1.61/spunk/dossrc/kbd.cc
 estic-1.61/spunk/dossrc/nlsinit.cc
 estic-1.61/spunk/dossrc/screen.cc
 estic-1.61/spunk/filepath.cc
 estic-1.61/spunk/filepath.h
 estic-1.61/spunk/filesys.h
 estic-1.61/spunk/itemwin.h
 estic-1.61/spunk/keydef.cc
 estic-1.61/spunk/linuxsrc/filesys.cc
 estic-1.61/spunk/linuxsrc/kbd.cc
 estic-1.61/spunk/linuxsrc/screen.cc
 estic-1.61/spunk/machine.h
 estic-1.61/spunk/menue.cc
 estic-1.61/spunk/palette.h
 estic-1.61/spunk/password.cc
 estic-1.61/spunk/program.cc
 estic-1.61/spunk/resitem.cc
 estic-1.61/spunk/sercom.h
 estic-1.61/spunk/str.h
 estic-1.61/spunk/stream.cc
 estic-1.61/spunk/stream.h
 estic-1.61/spunk/textstrm.cc
 estic-1.61/spunk/unixsrc/delay.cc
 estic-1.61/spunk/unixsrc/filesys.cc
 estic-1.61/spunk/window.cc

Check disc space
────────────────

Sufficient free space for build

Hack binNMU version
───────────────────

Created changelog entry for binNMU version 1.61-20.1clang1

User Environment
────────────────

DEB_BUILD_OPTIONS=parallel=10
HOME=/sbuild-nonexistent
LOGNAME=user
PATH=/usr/local/sbin:/usr/local/bin:/usr/sbin:/usr/bin:/sbin:/bin:/usr/games
SCHROOT_ALIAS_NAME=unstable-amd64-sbuild
SCHROOT_CHROOT_NAME=unstable-amd64-sbuild
SCHROOT_COMMAND=env
SCHROOT_GID=1000
SCHROOT_GROUP=user
SCHROOT_SESSION_ID=unstable-amd64-sbuild-14aad336-2a80-43c9-b285-614523861955
SCHROOT_UID=1000
SCHROOT_USER=user
SHELL=/bin/sh
USER=user

dpkg-buildpackage
─────────────────

dpkg-buildpackage: source package estic
dpkg-buildpackage: source version 1.61-20.1clang1
dpkg-buildpackage: source distribution unstable
 dpkg-source --before-build estic-1.61
dpkg-buildpackage: host architecture amd64
 fakeroot debian/rules clean
test -x debian/rules
rm -f debian/stamp-makefile-build debian/stamp-makefile-install
/usr/bin/make  -C . CFLAGS="-g -O2 -fstack-protector --param=ssp-buffer-size=4 -Wformat -Werror=format-security -Wall -Wno-deprecated" CXXFLAGS="-g -O2 -fstack-protector --param=ssp-buffer-size=4 -Wformat -Werror=format-security -Wall" CPPFLAGS="-D_FORTIFY_SOURCE=2" LDFLAGS="-Wl,-z,relro"  -k clean
make[1]: *** No rule to make target 'clean'.
make[1]: Entering directory '/«PKGBUILDDIR»'
make[1]: Leaving directory '/«PKGBUILDDIR»'
make: [makefile-clean] Error 2 (ignored)
/usr/share/cdbs/1/class/makefile.mk:55: recipe for target 'makefile-clean' failed
dh_clean 
dh_clean: Compatibility levels before 5 are deprecated (level 4 in use)
(cd estic; /usr/bin/make zap; rm -f estic)
make[1]: Entering directory '/«PKGBUILDDIR»/estic'
rm *.bak *~
rm: cannot remove '*.bak': No such file or directory
rm: cannot remove '*~': No such file or directory
make[1]: [clean] Error 1 (ignored)
Makefile:139: recipe for target 'clean' failed
rm *.o
rm: cannot remove '*.o': No such file or directory
make[1]: [zap] Error 1 (ignored)
Makefile:142: recipe for target 'zap' failed
rm .depend
rm: cannot remove '.depend': No such file or directory
make[1]: [zap] Error 1 (ignored)
Makefile:142: recipe for target 'zap' failed
make[1]: Leaving directory '/«PKGBUILDDIR»/estic'
(cd spunk; /usr/bin/make zap)
make[1]: Entering directory '/«PKGBUILDDIR»/spunk'
rm -f *~ linuxsrc/*~ bsdsrc/*~ unixsrc/*~
rm -f *.o
rm -f .depend
rm spunk.a
rm: cannot remove 'spunk.a': No such file or directory
make[1]: [zap] Error 1 (ignored)
Makefile:213: recipe for target 'zap' failed
make[1]: Leaving directory '/«PKGBUILDDIR»/spunk'
(cd areacode; /usr/bin/make clean)
make[1]: Entering directory '/«PKGBUILDDIR»/areacode'
rm -f *.bak *~ *.o .depend
rm -f acvers actest
make[1]: Leaving directory '/«PKGBUILDDIR»/areacode'
 debian/rules build-arch
test -x debian/rules
mkdir -p "."
/usr/bin/make  -C . CFLAGS="-g -O2 -fstack-protector --param=ssp-buffer-size=4 -Wformat -Werror=format-security -Wall -Wno-deprecated" CXXFLAGS="-g -O2 -fstack-protector --param=ssp-buffer-size=4 -Wformat -Werror=format-security -Wall" CPPFLAGS="-D_FORTIFY_SOURCE=2" LDFLAGS="-Wl,-z,relro"  
make[1]: Entering directory '/«PKGBUILDDIR»'
cd areacode; /usr/bin/make depend; /usr/bin/make actest
make[2]: Entering directory '/«PKGBUILDDIR»/areacode'
Creating dependency information
cc -MM *.c > .depend
make[2]: Leaving directory '/«PKGBUILDDIR»/areacode'
make[2]: Entering directory '/«PKGBUILDDIR»/areacode'
gcc -g -O2 -fstack-protector --param=ssp-buffer-size=4 -Wformat -Werror=format-security -Wall -Wno-deprecated -DDATA_FILENAME="\"/usr/lib/areacodes\"" \
	-DCHARSET_ISO -c -o areacode.o areacode.c
gcc -g -O2 -fstack-protector --param=ssp-buffer-size=4 -Wformat -Werror=format-security -Wall -Wno-deprecated -c actest.c
gcc -o actest areacode.o actest.o
actest.o: In function `main':
/«PKGBUILDDIR»/areacode/actest.c:63: warning: the `gets' function is dangerous and should not be used.
make[2]: Leaving directory '/«PKGBUILDDIR»/areacode'
cd areacode; /usr/bin/make depend; /usr/bin/make acvers
make[2]: Entering directory '/«PKGBUILDDIR»/areacode'
Creating dependency information
cc -MM *.c > .depend
make[2]: Leaving directory '/«PKGBUILDDIR»/areacode'
make[2]: Entering directory '/«PKGBUILDDIR»/areacode'
gcc -g -O2 -fstack-protector --param=ssp-buffer-size=4 -Wformat -Werror=format-security -Wall -Wno-deprecated -c acvers.c
gcc -o acvers acvers.o
make[2]: Leaving directory '/«PKGBUILDDIR»/areacode'
cd spunk; /usr/bin/make depend; /usr/bin/make spunk.a
make[2]: Entering directory '/«PKGBUILDDIR»/spunk'
Creating dependency information
g++-4.6 -DLINUX -MM *.cc > .depend
make[2]: Leaving directory '/«PKGBUILDDIR»/spunk'
make[2]: Entering directory '/«PKGBUILDDIR»/spunk'
g++-4.6 -g -O2 -fstack-protector --param=ssp-buffer-size=4 -Wformat -Werror=format-security -Wall -Wno-deprecated -DLINUX -fno-implicit-templates -DEXPLICIT_TEMPLATES -DUSR_SHARE_PATH -c bitset.cc
In file included from bitset.cc:25:
In file included from ./stream.h:48:
./coll.h:129:12: warning: 'this' pointer cannot be null in well-defined C++ code; pointer may be assumed to always convert to true [-Wundefined-bool-conversion]
    return this ? Count : 0;
    ~~~~~~ ^~~~
./coll.h:317:7: error: invalid operands to binary expression ('Stream' and 'u32' (aka 'unsigned int'))
    S >> aCount;
    ~ ^  ~~~~~~
./strmable.h:72:16: note: candidate function not viable: no known conversion from 'u32' (aka 'unsigned int') to 'Streamable &' for 2nd argument
inline Stream& operator >> (Stream& S, Streamable& O)
               ^
./strmable.h:87:16: note: candidate function not viable: no known conversion from 'u32' (aka 'unsigned int') to 'Streamable *' for 2nd argument
inline Stream& operator >> (Stream& S, Streamable* O)
               ^
In file included from bitset.cc:25:
In file included from ./stream.h:48:
./coll.h:318:7: error: invalid operands to binary expression ('Stream' and 'u32' (aka 'unsigned int'))
    S >> aDelta;                Delta = aDelta;
    ~ ^  ~~~~~~
./strmable.h:72:16: note: candidate function not viable: no known conversion from 'u32' (aka 'unsigned int') to 'Streamable &' for 2nd argument
inline Stream& operator >> (Stream& S, Streamable& O)
               ^
./strmable.h:87:16: note: candidate function not viable: no known conversion from 'u32' (aka 'unsigned int') to 'Streamable *' for 2nd argument
inline Stream& operator >> (Stream& S, Streamable* O)
               ^
In file included from bitset.cc:25:
In file included from ./stream.h:48:
./coll.h:319:7: error: invalid operands to binary expression ('Stream' and 'u32' (aka 'unsigned int'))
    S >> aLimit;                Limit = aLimit;
    ~ ^  ~~~~~~
./strmable.h:72:16: note: candidate function not viable: no known conversion from 'u32' (aka 'unsigned int') to 'Streamable &' for 2nd argument
inline Stream& operator >> (Stream& S, Streamable& O)
               ^
./strmable.h:87:16: note: candidate function not viable: no known conversion from 'u32' (aka 'unsigned int') to 'Streamable *' for 2nd argument
inline Stream& operator >> (Stream& S, Streamable* O)
               ^
In file included from bitset.cc:25:
In file included from ./stream.h:48:
./coll.h:320:7: error: invalid operands to binary expression ('Stream' and 'int')
    S >> aShouldDelete;         ShouldDelete = aShouldDelete;
    ~ ^  ~~~~~~~~~~~~~
./strmable.h:72:16: note: candidate function not viable: no known conversion from 'u16' (aka 'unsigned short') to 'Streamable &' for 2nd argument
inline Stream& operator >> (Stream& S, Streamable& O)
               ^
./strmable.h:87:16: note: candidate function not viable: no known conversion from 'u16' (aka 'unsigned short') to 'Streamable *' for 2nd argument
inline Stream& operator >> (Stream& S, Streamable* O)
               ^
In file included from bitset.cc:25:
In file included from ./stream.h:49:
./str.h:346:19: error: friend declaration specifying a default argument must be the only declaration
    friend String ShowControls (const String& S, unsigned Style = ccDefault);
                  ^
./str.h:97:12: note: previous declaration is here
    String ShowControls (const String& S, unsigned Style);
           ^
1 warning and 5 errors generated.
make[2]: *** [bitset.o] Error 1
Makefile:51: recipe for target 'bitset.o' failed
make[2]: Leaving directory '/«PKGBUILDDIR»/spunk'
make[1]: *** [spunk/spunk.a] Error 2
Makefile:16: recipe for target 'spunk/spunk.a' failed
make[1]: Leaving directory '/«PKGBUILDDIR»'
make: *** [debian/stamp-makefile-build] Error 2
/usr/share/cdbs/1/class/makefile.mk:47: recipe for target 'debian/stamp-makefile-build' failed
dpkg-buildpackage: error: debian/rules build-arch gave error exit status 2
────────────────────────────────────────────────────────────────────────────────
Build finished at 20140806-1639

Finished
────────

E: Build failure (dpkg-buildpackage died)

┌──────────────────────────────────────────────────────────────────────────────┐
│ Cleanup                                                                      │
└──────────────────────────────────────────────────────────────────────────────┘

Purging /«BUILDDIR»
Not cleaning session: cloned chroot in use

┌──────────────────────────────────────────────────────────────────────────────┐
│ Summary                                                                      │
└──────────────────────────────────────────────────────────────────────────────┘

Build Architecture: amd64
Build-Space: 4064
Build-Time: 9
Distribution: unstable
Fail-Stage: build
Host Architecture: amd64
Install-Time: 11
Job: estic_1.61-20.1
Machine Architecture: amd64
Package: estic
Package-Time: 50
Source-Version: 1.61-20.1
Space: 4064
Status: attempted
Version: 1.61-20.1clang1
────────────────────────────────────────────────────────────────────────────────
Finished at 20140806-1639
Build needed 00:00:50, 4064k disc space
DC-Status: Failed 51.172474938s
DC-Time-Estimation: 51.172474938 versus expected 296 (r/m: 4.784359665203419 ; m: 51.172474938)
