DC-Build-Header: gramophone2 0.8.13a-3 / 2014-08-06 17:09:32 +0000
DC-Task: source:gramophone2 version:0.8.13a-3 architecture:any chroot:unstable esttime:152 logfile:/tmp/gramophone2_0.8.13a-3_unstable_clang.log modes:binary-only:parallel:clang
DC-Sbuild-call: su user -c 'sbuild -n --apt-update -d unstable -v  --chroot-setup-commands=/tmp/switch-to-clang --append-to-version "clang1" --maintainer "Lucas Nussbaum <lucas@debian.org>" --uploader "Lucas Nussbaum <lucas@debian.org>" gramophone2_0.8.13a-3'
sbuild (Debian sbuild) 0.63.2 (18 Aug 2012) on ip-172-31-14-92.us-west-2.compute.internal

╔══════════════════════════════════════════════════════════════════════════════╗
║ gramophone2 0.8.13a-3clang1 (amd64)                        06 Aug 2014 17:09 ║
╚══════════════════════════════════════════════════════════════════════════════╝

Package: gramophone2
Version: 0.8.13a-3clang1
Source Version: 0.8.13a-3
Distribution: unstable
Machine Architecture: amd64
Host Architecture: amd64
Build Architecture: amd64

I: NOTICE: Log filtering will replace 'build/gramophone2-R6sicm/gramophone2-0.8.13a' with '«PKGBUILDDIR»'
I: NOTICE: Log filtering will replace 'build/gramophone2-R6sicm' with '«BUILDDIR»'
I: NOTICE: Log filtering will replace 'var/lib/schroot/mount/unstable-amd64-sbuild-9763cac1-b260-47d9-b5db-07cff577af39' with '«CHROOT»'

┌──────────────────────────────────────────────────────────────────────────────┐
│ Update chroot                                                                │
└──────────────────────────────────────────────────────────────────────────────┘

Get:1 http://localhost:9999 unstable InRelease [222 kB]
Get:2 http://localhost:9999 unstable/main Sources/DiffIndex [7876 B]
Get:3 http://localhost:9999 unstable/main amd64 Packages/DiffIndex [7876 B]
Get:4 http://localhost:9999 unstable/main Translation-en/DiffIndex [7876 B]
Get:5 http://localhost:9999 unstable/main 2014-08-05-2057.28.pdiff [14.9 kB]
Get:6 http://localhost:9999 unstable/main 2014-08-06-0254.22.pdiff [10.4 kB]
Get:7 http://localhost:9999 unstable/main 2014-08-06-0856.40.pdiff [5699 B]
Get:8 http://localhost:9999 unstable/main amd64 2014-08-05-2057.28.pdiff [80.7 kB]
Get:9 http://localhost:9999 unstable/main 2014-08-06-0856.40.pdiff [5699 B]
Get:10 http://localhost:9999 unstable/main amd64 2014-08-06-0254.22.pdiff [18.7 kB]
Get:11 http://localhost:9999 unstable/main amd64 2014-08-06-0856.40.pdiff [5647 B]
Get:12 http://localhost:9999 unstable/main 2014-08-05-2057.28.pdiff [2013 B]
Get:13 http://localhost:9999 unstable/main 2014-08-06-0254.22.pdiff [375 B]
Get:14 http://localhost:9999 unstable/main 2014-08-06-0856.40.pdiff [33 B]
Get:15 http://localhost:9999 unstable/main amd64 2014-08-06-0856.40.pdiff [5647 B]
Get:16 http://localhost:9999 unstable/main 2014-08-06-0856.40.pdiff [33 B]
Fetched 384 kB in 5s (73.7 kB/s)
Reading package lists...
Reading package lists...
Building dependency tree...
Reading state information...
0 upgraded, 0 newly installed, 0 to remove and 0 not upgraded.

┌──────────────────────────────────────────────────────────────────────────────┐
│ Fetch source files                                                           │
└──────────────────────────────────────────────────────────────────────────────┘


Check APT
─────────

Checking available source versions...

Download source files with APT
──────────────────────────────

Reading package lists...
Building dependency tree...
Reading state information...
Need to get 54.7 kB of source archives.
Get:1 http://localhost:9999/debian/ unstable/main gramophone2 0.8.13a-3 (dsc) [1779 B]
Get:2 http://localhost:9999/debian/ unstable/main gramophone2 0.8.13a-3 (tar) [50.0 kB]
Get:3 http://localhost:9999/debian/ unstable/main gramophone2 0.8.13a-3 (diff) [2912 B]
Fetched 54.7 kB in 0s (58.0 kB/s)
Download complete and in download only mode

Check arch
──────────


┌──────────────────────────────────────────────────────────────────────────────┐
│ Chroot Setup Commands                                                        │
└──────────────────────────────────────────────────────────────────────────────┘


/tmp/switch-to-clang
────────────────────

+ echo 'Entering customization script...'
Entering customization script...
+ echo 'Install of clang-3.5'
Install of clang-3.5
+ apt-get update
Hit http://localhost:9999 unstable InRelease
Hit http://localhost:9999 unstable/main Sources/DiffIndex
Hit http://localhost:9999 unstable/main amd64 Packages/DiffIndex
Hit http://localhost:9999 unstable/main Translation-en/DiffIndex
Reading package lists...
+ apt-get install --yes --no-install-recommends --force-yes clang-3.5
Reading package lists...
Building dependency tree...
Reading state information...
The following extra packages will be installed:
  libbsd0 libclang-common-3.5-dev libclang1-3.5 libedit2 libffi6 libllvm3.5
  libobjc-4.9-dev libobjc4
Suggested packages:
  gnustep gnustep-devel clang-3.5-doc
Recommended packages:
  llvm-3.5-dev python
The following NEW packages will be installed:
  clang-3.5 libbsd0 libclang-common-3.5-dev libclang1-3.5 libedit2 libffi6
  libllvm3.5 libobjc-4.9-dev libobjc4
0 upgraded, 9 newly installed, 0 to remove and 0 not upgraded.
Need to get 33.1 MB of archives.
After this operation, 132 MB of additional disk space will be used.
Get:1 http://localhost:9999/debian/ unstable/main libbsd0 amd64 0.7.0-1 [67.7 kB]
Get:2 http://localhost:9999/debian/ unstable/main libedit2 amd64 3.1-20140620-1 [77.0 kB]
Get:3 http://localhost:9999/debian/ unstable/main libffi6 amd64 3.1-2 [19.8 kB]
Get:4 http://localhost:9999/debian/ unstable/main libllvm3.5 amd64 1:3.5~+rc1-2 [7624 kB]
Get:5 http://localhost:9999/debian/ unstable/main libobjc4 amd64 4.9.1-4 [112 kB]
Get:6 http://localhost:9999/debian/ unstable/main libobjc-4.9-dev amd64 4.9.1-4 [371 kB]
Get:7 http://localhost:9999/debian/ unstable/main libclang1-3.5 amd64 1:3.5~+rc1-2 [3630 kB]
Get:8 http://localhost:9999/debian/ unstable/main libclang-common-3.5-dev amd64 1:3.5~+rc1-2 [678 kB]
Get:9 http://localhost:9999/debian/ unstable/main clang-3.5 amd64 1:3.5~+rc1-2 [20.5 MB]
debconf: delaying package configuration, since apt-utils is not installed
Fetched 33.1 MB in 1s (32.8 MB/s)
Selecting previously unselected package libbsd0:amd64.
(Reading database ... 14246 files and directories currently installed.)
Preparing to unpack .../libbsd0_0.7.0-1_amd64.deb ...
Unpacking libbsd0:amd64 (0.7.0-1) ...
Selecting previously unselected package libedit2:amd64.
Preparing to unpack .../libedit2_3.1-20140620-1_amd64.deb ...
Unpacking libedit2:amd64 (3.1-20140620-1) ...
Selecting previously unselected package libffi6:amd64.
Preparing to unpack .../libffi6_3.1-2_amd64.deb ...
Unpacking libffi6:amd64 (3.1-2) ...
Selecting previously unselected package libllvm3.5:amd64.
Preparing to unpack .../libllvm3.5_1%3a3.5~+rc1-2_amd64.deb ...
Unpacking libllvm3.5:amd64 (1:3.5~+rc1-2) ...
Selecting previously unselected package libobjc4:amd64.
Preparing to unpack .../libobjc4_4.9.1-4_amd64.deb ...
Unpacking libobjc4:amd64 (4.9.1-4) ...
Selecting previously unselected package libobjc-4.9-dev:amd64.
Preparing to unpack .../libobjc-4.9-dev_4.9.1-4_amd64.deb ...
Unpacking libobjc-4.9-dev:amd64 (4.9.1-4) ...
Selecting previously unselected package libclang1-3.5:amd64.
Preparing to unpack .../libclang1-3.5_1%3a3.5~+rc1-2_amd64.deb ...
Unpacking libclang1-3.5:amd64 (1:3.5~+rc1-2) ...
Selecting previously unselected package libclang-common-3.5-dev.
Preparing to unpack .../libclang-common-3.5-dev_1%3a3.5~+rc1-2_amd64.deb ...
Unpacking libclang-common-3.5-dev (1:3.5~+rc1-2) ...
Selecting previously unselected package clang-3.5.
Preparing to unpack .../clang-3.5_1%3a3.5~+rc1-2_amd64.deb ...
Unpacking clang-3.5 (1:3.5~+rc1-2) ...
Setting up libbsd0:amd64 (0.7.0-1) ...
Setting up libedit2:amd64 (3.1-20140620-1) ...
Setting up libffi6:amd64 (3.1-2) ...
Setting up libllvm3.5:amd64 (1:3.5~+rc1-2) ...
Setting up libobjc4:amd64 (4.9.1-4) ...
Setting up libobjc-4.9-dev:amd64 (4.9.1-4) ...
Setting up libclang1-3.5:amd64 (1:3.5~+rc1-2) ...
Setting up libclang-common-3.5-dev (1:3.5~+rc1-2) ...
Setting up clang-3.5 (1:3.5~+rc1-2) ...
Processing triggers for libc-bin (2.19-7) ...
+ echo 'Replace gcc, g++ & cpp by clang'
Replace gcc, g++ & cpp by clang
+ VERSIONS='4.6 4.7 4.8 4.9'
+ cd /usr/bin
+ for VERSION in '$VERSIONS'
+ rm -f g++-4.6 gcc-4.6 cpp-4.6
+ ln -s clang++ g++-4.6
+ ln -s clang gcc-4.6
+ ln -s clang cpp-4.6
+ echo 'gcc-4.6 hold'
+ dpkg --set-selections
+ echo 'g++-4.6 hold'
+ dpkg --set-selections
+ for VERSION in '$VERSIONS'
+ rm -f g++-4.7 gcc-4.7 cpp-4.7
+ ln -s clang++ g++-4.7
+ ln -s clang gcc-4.7
+ ln -s clang cpp-4.7
+ echo 'gcc-4.7 hold'
+ dpkg --set-selections
+ echo 'g++-4.7 hold'
+ dpkg --set-selections
+ for VERSION in '$VERSIONS'
+ rm -f g++-4.8 gcc-4.8 cpp-4.8
+ ln -s clang++ g++-4.8
+ ln -s clang gcc-4.8
+ ln -s clang cpp-4.8
+ echo 'gcc-4.8 hold'
+ dpkg --set-selections
dpkg: warning: package not in database at line 1: gcc-4.8
dpkg: warning: found unknown packages; this might mean the available database
is outdated, and needs to be updated through a frontend method
+ echo 'g++-4.8 hold'
+ dpkg --set-selections
dpkg: warning: package not in database at line 1: g++-4.8
dpkg: warning: found unknown packages; this might mean the available database
is outdated, and needs to be updated through a frontend method
+ for VERSION in '$VERSIONS'
+ rm -f g++-4.9 gcc-4.9 cpp-4.9
+ ln -s clang++ g++-4.9
+ ln -s clang gcc-4.9
+ ln -s clang cpp-4.9
+ echo 'gcc-4.9 hold'
+ dpkg --set-selections
+ echo 'g++-4.9 hold'
+ dpkg --set-selections
+ cd -
/«BUILDDIR»
+ echo 'Check if gcc, g++ & cpp are actually clang'
Check if gcc, g++ & cpp are actually clang
+ gcc --version
+ grep clang
+ cpp --version
+ grep clang
+ g++ --version
+ grep clang

I: Finished running '/tmp/switch-to-clang'.

Finished processing commands.
────────────────────────────────────────────────────────────────────────────────
Merged Build-Depends: build-essential, fakeroot
Filtered Build-Depends: build-essential, fakeroot
dpkg-deb: building package `sbuild-build-depends-core-dummy' in `/«BUILDDIR»/resolver-dzBIV6/apt_archive/sbuild-build-depends-core-dummy.deb'.
OK
Reading package lists...

┌──────────────────────────────────────────────────────────────────────────────┐
│ Install core build dependencies (apt-based resolver)                         │
└──────────────────────────────────────────────────────────────────────────────┘

Installing build dependencies
Reading package lists...
Building dependency tree...
Reading state information...
The following NEW packages will be installed:
  sbuild-build-depends-core-dummy
debconf: delaying package configuration, since apt-utils is not installed
0 upgraded, 1 newly installed, 0 to remove and 0 not upgraded.
Need to get 0 B/816 B of archives.
After this operation, 0 B of additional disk space will be used.
Selecting previously unselected package sbuild-build-depends-core-dummy.
(Reading database ... 14457 files and directories currently installed.)
Preparing to unpack .../sbuild-build-depends-core-dummy.deb ...
Unpacking sbuild-build-depends-core-dummy (0.invalid.0) ...
Setting up sbuild-build-depends-core-dummy (0.invalid.0) ...
Merged Build-Depends: base-files, base-passwd, bash, bsdutils, coreutils, dash, debianutils, diffutils, dpkg, e2fsprogs, findutils, grep, gzip, hostname, libc-bin, login, mount, ncurses-base, ncurses-bin, perl-base, sed, sysvinit, sysvinit-utils, tar, util-linux, libc6-dev | libc-dev, gcc (>= 4:4.4.3), g++ (>= 4:4.4.3), make, dpkg-dev (>= 1.13.5), debhelper (>= 5), cdbs, bison, flex, dpkg-dev (>= 1.16.1~), quilt
Filtered Build-Depends: base-files, base-passwd, bash, bsdutils, coreutils, dash, debianutils, diffutils, dpkg, e2fsprogs, findutils, grep, gzip, hostname, libc-bin, login, mount, ncurses-base, ncurses-bin, perl-base, sed, sysvinit, sysvinit-utils, tar, util-linux, libc6-dev, gcc (>= 4:4.4.3), g++ (>= 4:4.4.3), make, dpkg-dev (>= 1.13.5), debhelper (>= 5), cdbs, bison, flex, dpkg-dev (>= 1.16.1~), quilt
dpkg-deb: building package `sbuild-build-depends-gramophone2-dummy' in `/«BUILDDIR»/resolver-8F1GSn/apt_archive/sbuild-build-depends-gramophone2-dummy.deb'.
OK
Reading package lists...

┌──────────────────────────────────────────────────────────────────────────────┐
│ Install gramophone2 build dependencies (apt-based resolver)                  │
└──────────────────────────────────────────────────────────────────────────────┘

Installing build dependencies
Reading package lists...
Building dependency tree...
Reading state information...
The following extra packages will be installed:
  bison bsdmainutils cdbs debhelper diffstat file flex gettext gettext-base
  groff-base intltool-debian libasprintf0c2 libbison-dev libcroco3 libfl-dev
  libglib2.0-0 libmagic1 libpipeline1 libsigsegv2 libunistring0 libxml2 m4
  man-db po-debconf quilt
Suggested packages:
  bison-doc wamerican wordlist whois vacation devscripts dh-make gettext-doc
  groff less www-browser libmail-box-perl procmail graphviz default-mta
  mail-transport-agent
Recommended packages:
  autotools-dev curl wget lynx-cur autopoint libasprintf-dev libgettextpo-dev
  libglib2.0-data shared-mime-info xml-core libmail-sendmail-perl
The following NEW packages will be installed:
  bison bsdmainutils cdbs debhelper diffstat file flex gettext gettext-base
  groff-base intltool-debian libasprintf0c2 libbison-dev libcroco3 libfl-dev
  libglib2.0-0 libmagic1 libpipeline1 libsigsegv2 libunistring0 libxml2 m4
  man-db po-debconf quilt sbuild-build-depends-gramophone2-dummy
0 upgraded, 26 newly installed, 0 to remove and 0 not upgraded.
Need to get 10.9 MB/10.9 MB of archives.
After this operation, 32.2 MB of additional disk space will be used.
Get:1 http://localhost:9999/debian/ unstable/main libpipeline1 amd64 1.3.0-1 [25.8 kB]
Get:2 http://localhost:9999/debian/ unstable/main groff-base amd64 1.22.2-6 [1088 kB]
Get:3 http://localhost:9999/debian/ unstable/main bsdmainutils amd64 9.0.5 [211 kB]
Get:4 http://localhost:9999/debian/ unstable/main man-db amd64 2.6.7.1-1 [990 kB]
Get:5 http://localhost:9999/debian/ unstable/main libasprintf0c2 amd64 0.19.2-1 [30.7 kB]
Get:6 http://localhost:9999/debian/ unstable/main libmagic1 amd64 1:5.19-1 [237 kB]
Get:7 http://localhost:9999/debian/ unstable/main libxml2 amd64 2.9.1+dfsg1-4 [797 kB]
Get:8 http://localhost:9999/debian/ unstable/main libsigsegv2 amd64 2.10-4 [28.8 kB]
Get:9 http://localhost:9999/debian/ unstable/main m4 amd64 1.4.17-4 [254 kB]
Get:10 http://localhost:9999/debian/ unstable/main libfl-dev amd64 2.5.39-8 [75.0 kB]
Get:11 http://localhost:9999/debian/ unstable/main flex amd64 2.5.39-8 [422 kB]
Get:12 http://localhost:9999/debian/ unstable/main libglib2.0-0 amd64 2.40.0-3 [2405 kB]
Get:13 http://localhost:9999/debian/ unstable/main libcroco3 amd64 0.6.8-2 [133 kB]
Get:14 http://localhost:9999/debian/ unstable/main libunistring0 amd64 0.9.3-5.2 [283 kB]
Get:15 http://localhost:9999/debian/ unstable/main file amd64 1:5.19-1 [58.0 kB]
Get:16 http://localhost:9999/debian/ unstable/main gettext-base amd64 0.19.2-1 [121 kB]
Get:17 http://localhost:9999/debian/ unstable/main libbison-dev amd64 2:3.0.2.dfsg-2 [426 kB]
Get:18 http://localhost:9999/debian/ unstable/main bison amd64 2:3.0.2.dfsg-2 [765 kB]
Get:19 http://localhost:9999/debian/ unstable/main cdbs all 0.4.125 [75.3 kB]
Get:20 http://localhost:9999/debian/ unstable/main gettext amd64 0.19.2-1 [1235 kB]
Get:21 http://localhost:9999/debian/ unstable/main intltool-debian all 0.35.0+20060710.1 [30.8 kB]
Get:22 http://localhost:9999/debian/ unstable/main po-debconf all 1.0.16+nmu3 [220 kB]
Get:23 http://localhost:9999/debian/ unstable/main debhelper all 9.20140613 [692 kB]
Get:24 http://localhost:9999/debian/ unstable/main diffstat amd64 1.58-1 [29.4 kB]
Get:25 http://localhost:9999/debian/ unstable/main quilt all 0.63-3 [312 kB]
debconf: delaying package configuration, since apt-utils is not installed
Fetched 10.9 MB in 0s (27.5 MB/s)
Selecting previously unselected package libpipeline1:amd64.
(Reading database ... 14457 files and directories currently installed.)
Preparing to unpack .../libpipeline1_1.3.0-1_amd64.deb ...
Unpacking libpipeline1:amd64 (1.3.0-1) ...
Selecting previously unselected package groff-base.
Preparing to unpack .../groff-base_1.22.2-6_amd64.deb ...
Unpacking groff-base (1.22.2-6) ...
Selecting previously unselected package bsdmainutils.
Preparing to unpack .../bsdmainutils_9.0.5_amd64.deb ...
Unpacking bsdmainutils (9.0.5) ...
Selecting previously unselected package man-db.
Preparing to unpack .../man-db_2.6.7.1-1_amd64.deb ...
Unpacking man-db (2.6.7.1-1) ...
Selecting previously unselected package libasprintf0c2:amd64.
Preparing to unpack .../libasprintf0c2_0.19.2-1_amd64.deb ...
Unpacking libasprintf0c2:amd64 (0.19.2-1) ...
Selecting previously unselected package libmagic1:amd64.
Preparing to unpack .../libmagic1_1%3a5.19-1_amd64.deb ...
Unpacking libmagic1:amd64 (1:5.19-1) ...
Selecting previously unselected package libxml2:amd64.
Preparing to unpack .../libxml2_2.9.1+dfsg1-4_amd64.deb ...
Unpacking libxml2:amd64 (2.9.1+dfsg1-4) ...
Selecting previously unselected package libsigsegv2:amd64.
Preparing to unpack .../libsigsegv2_2.10-4_amd64.deb ...
Unpacking libsigsegv2:amd64 (2.10-4) ...
Selecting previously unselected package m4.
Preparing to unpack .../archives/m4_1.4.17-4_amd64.deb ...
Unpacking m4 (1.4.17-4) ...
Selecting previously unselected package libfl-dev:amd64.
Preparing to unpack .../libfl-dev_2.5.39-8_amd64.deb ...
Unpacking libfl-dev:amd64 (2.5.39-8) ...
Selecting previously unselected package flex.
Preparing to unpack .../flex_2.5.39-8_amd64.deb ...
Unpacking flex (2.5.39-8) ...
Selecting previously unselected package libglib2.0-0:amd64.
Preparing to unpack .../libglib2.0-0_2.40.0-3_amd64.deb ...
Unpacking libglib2.0-0:amd64 (2.40.0-3) ...
Selecting previously unselected package libcroco3:amd64.
Preparing to unpack .../libcroco3_0.6.8-2_amd64.deb ...
Unpacking libcroco3:amd64 (0.6.8-2) ...
Selecting previously unselected package libunistring0:amd64.
Preparing to unpack .../libunistring0_0.9.3-5.2_amd64.deb ...
Unpacking libunistring0:amd64 (0.9.3-5.2) ...
Selecting previously unselected package file.
Preparing to unpack .../file_1%3a5.19-1_amd64.deb ...
Unpacking file (1:5.19-1) ...
Selecting previously unselected package gettext-base.
Preparing to unpack .../gettext-base_0.19.2-1_amd64.deb ...
Unpacking gettext-base (0.19.2-1) ...
Selecting previously unselected package libbison-dev:amd64.
Preparing to unpack .../libbison-dev_2%3a3.0.2.dfsg-2_amd64.deb ...
Unpacking libbison-dev:amd64 (2:3.0.2.dfsg-2) ...
Selecting previously unselected package bison.
Preparing to unpack .../bison_2%3a3.0.2.dfsg-2_amd64.deb ...
Unpacking bison (2:3.0.2.dfsg-2) ...
Selecting previously unselected package cdbs.
Preparing to unpack .../archives/cdbs_0.4.125_all.deb ...
Unpacking cdbs (0.4.125) ...
Selecting previously unselected package gettext.
Preparing to unpack .../gettext_0.19.2-1_amd64.deb ...
Unpacking gettext (0.19.2-1) ...
Selecting previously unselected package intltool-debian.
Preparing to unpack .../intltool-debian_0.35.0+20060710.1_all.deb ...
Unpacking intltool-debian (0.35.0+20060710.1) ...
Selecting previously unselected package po-debconf.
Preparing to unpack .../po-debconf_1.0.16+nmu3_all.deb ...
Unpacking po-debconf (1.0.16+nmu3) ...
Selecting previously unselected package debhelper.
Preparing to unpack .../debhelper_9.20140613_all.deb ...
Unpacking debhelper (9.20140613) ...
Selecting previously unselected package diffstat.
Preparing to unpack .../diffstat_1.58-1_amd64.deb ...
Unpacking diffstat (1.58-1) ...
Selecting previously unselected package quilt.
Preparing to unpack .../archives/quilt_0.63-3_all.deb ...
Unpacking quilt (0.63-3) ...
Selecting previously unselected package sbuild-build-depends-gramophone2-dummy.
Preparing to unpack .../sbuild-build-depends-gramophone2-dummy.deb ...
Unpacking sbuild-build-depends-gramophone2-dummy (0.invalid.0) ...
Setting up libpipeline1:amd64 (1.3.0-1) ...
Setting up groff-base (1.22.2-6) ...
Setting up bsdmainutils (9.0.5) ...
update-alternatives: using /usr/bin/bsd-write to provide /usr/bin/write (write) in auto mode
update-alternatives: using /usr/bin/bsd-from to provide /usr/bin/from (from) in auto mode
Setting up man-db (2.6.7.1-1) ...
Not building database; man-db/auto-update is not 'true'.
Setting up libasprintf0c2:amd64 (0.19.2-1) ...
Setting up libmagic1:amd64 (1:5.19-1) ...
Setting up libxml2:amd64 (2.9.1+dfsg1-4) ...
Setting up libsigsegv2:amd64 (2.10-4) ...
Setting up m4 (1.4.17-4) ...
Setting up libfl-dev:amd64 (2.5.39-8) ...
Setting up flex (2.5.39-8) ...
Setting up libglib2.0-0:amd64 (2.40.0-3) ...
No schema files found: doing nothing.
Setting up libcroco3:amd64 (0.6.8-2) ...
Setting up libunistring0:amd64 (0.9.3-5.2) ...
Setting up file (1:5.19-1) ...
Setting up gettext-base (0.19.2-1) ...
Setting up libbison-dev:amd64 (2:3.0.2.dfsg-2) ...
Setting up bison (2:3.0.2.dfsg-2) ...
update-alternatives: using /usr/bin/bison.yacc to provide /usr/bin/yacc (yacc) in auto mode
Setting up cdbs (0.4.125) ...
Setting up gettext (0.19.2-1) ...
Setting up intltool-debian (0.35.0+20060710.1) ...
Setting up po-debconf (1.0.16+nmu3) ...
Setting up debhelper (9.20140613) ...
Setting up diffstat (1.58-1) ...
Setting up quilt (0.63-3) ...
Setting up sbuild-build-depends-gramophone2-dummy (0.invalid.0) ...
Processing triggers for libc-bin (2.19-7) ...

┌──────────────────────────────────────────────────────────────────────────────┐
│ Build environment                                                            │
└──────────────────────────────────────────────────────────────────────────────┘

Kernel: Linux 2.6.32-5-xen-amd64 amd64 (x86_64)
Toolchain package versions: binutils_2.24.51.20140727-1 dpkg-dev_1.17.10 g++-4.6_4.6.4-7 g++-4.9_4.9.1-4 gcc-4.6_4.6.4-7 gcc-4.7_4.7.4-2 gcc-4.9_4.9.1-4 libc6-dev_2.19-7 libstdc++-4.9-dev_4.9.1-4 libstdc++6_4.9.1-4 libstdc++6-4.6-dev_4.6.4-7 linux-libc-dev_3.14.13-2
Package versions: apt_1.0.6 base-files_7.5 base-passwd_3.5.33 bash_4.3-8 binutils_2.24.51.20140727-1 bison_2:3.0.2.dfsg-2 bsdmainutils_9.0.5 bsdutils_1:2.20.1-5.8 build-essential_11.6 bzip2_1.0.6-7 cdbs_0.4.125 clang-3.5_1:3.5~+rc1-2 coreutils_8.21-1.2 cpp_4:4.9.1-1 cpp-4.6_4.6.4-7 cpp-4.7_4.7.4-2 cpp-4.9_4.9.1-4 dash_0.5.7-4 debconf_1.5.53 debconf-i18n_1.5.53 debfoster_2.7-1.2 debhelper_9.20140613 debian-archive-keyring_2012.4 debianutils_4.4 diffstat_1.58-1 diffutils_1:3.3-1 dpkg_1.17.10 dpkg-dev_1.17.10 e2fslibs_1.42.11-2 e2fsprogs_1.42.11-2 fakeroot_1.20.1-1 file_1:5.19-1 findutils_4.4.2-9 flex_2.5.39-8 g++_4:4.9.1-1 g++-4.6_4.6.4-7 g++-4.9_4.9.1-4 gcc_4:4.9.1-1 gcc-4.4-base_4.4.7-8 gcc-4.5-base_4.5.4-1 gcc-4.6_4.6.4-7 gcc-4.6-base_4.6.4-7 gcc-4.7_4.7.4-2 gcc-4.7-base_4.7.4-2 gcc-4.8-base_4.8.3-7 gcc-4.9_4.9.1-4 gcc-4.9-base_4.9.1-4 gettext_0.19.2-1 gettext-base_0.19.2-1 gnupg_1.4.18-2 gpgv_1.4.18-2 grep_2.18-2 groff-base_1.22.2-6 gzip_1.6-3 hostname_3.15 init_1.20 initscripts_2.88dsf-53.2 insserv_1.14.0-5 intltool-debian_0.35.0+20060710.1 libacl1_2.2.52-1 libapt-pkg4.12_1.0.6 libarchive-extract-perl_0.72-1 libasan1_4.9.1-4 libasprintf0c2_0.19.2-1 libatomic1_4.9.1-4 libattr1_1:2.4.47-1 libaudit-common_1:2.3.7-1 libaudit1_1:2.3.7-1 libbison-dev_2:3.0.2.dfsg-2 libblkid1_2.20.1-5.8 libbsd0_0.7.0-1 libbz2-1.0_1.0.6-7 libc-bin_2.19-7 libc-dev-bin_2.19-7 libc6_2.19-7 libc6-dev_2.19-7 libcap2_1:2.24-4 libcilkrts5_4.9.1-4 libclang-common-3.5-dev_1:3.5~+rc1-2 libclang1-3.5_1:3.5~+rc1-2 libclass-isa-perl_0.36-5 libcloog-isl4_0.18.2-1 libcloog-ppl1_0.16.1-5 libcomerr2_1.42.11-2 libcroco3_0.6.8-2 libdb5.1_5.1.29-5 libdb5.3_5.3.28-5 libdebconfclient0_0.191 libdpkg-perl_1.17.10 libedit2_3.1-20140620-1 libfakeroot_1.20.1-1 libffi6_3.1-2 libfile-fcntllock-perl_0.22-1 libfl-dev_2.5.39-8 libgc1c2_1:7.2d-6.2 libgcc-4.7-dev_4.7.4-2 libgcc-4.9-dev_4.9.1-4 libgcc1_1:4.9.1-4 libgdbm3_1.8.3-13 libglib2.0-0_2.40.0-3 libgmp10_2:6.0.0+dfsg-4 libgmpxx4ldbl_2:6.0.0+dfsg-4 libgomp1_4.9.1-4 libgpm2_1.20.4-6.1 libisl10_0.12.2-2 libitm1_4.9.1-4 libllvm3.5_1:3.5~+rc1-2 liblocale-gettext-perl_1.05-8 liblog-message-perl_0.8-1 liblog-message-simple-perl_0.10-2 liblsan0_4.9.1-4 liblzma5_5.1.1alpha+20120614-2 libmagic1_1:5.19-1 libmodule-pluggable-perl_5.1-1 libmount1_2.20.1-5.8 libmpc2_0.9-4 libmpc3_1.0.2-1 libmpfr4_3.1.2-1 libncurses5_5.9+20140712-2 libobjc-4.9-dev_4.9.1-4 libobjc4_4.9.1-4 libpam-modules_1.1.8-3 libpam-modules-bin_1.1.8-3 libpam-runtime_1.1.8-3 libpam0g_1.1.8-3 libpcre3_1:8.35-3 libpipeline1_1.3.0-1 libpod-latex-perl_0.61-1 libppl-c4_1:1.1-3 libppl13_1:1.1-3 libquadmath0_4.9.1-4 libreadline6_6.3-8 libselinux1_2.3-1 libsemanage-common_2.3-1 libsemanage1_2.3-1 libsepol1_2.3-1 libsigsegv2_2.10-4 libslang2_2.2.4-17 libss2_1.42.11-2 libstdc++-4.9-dev_4.9.1-4 libstdc++6_4.9.1-4 libstdc++6-4.6-dev_4.6.4-7 libswitch-perl_2.17-1 libterm-ui-perl_0.42-1 libtext-charwidth-perl_0.04-7+b2 libtext-iconv-perl_1.7-5+b1 libtext-soundex-perl_3.4-1+b1 libtext-wrapi18n-perl_0.06-7 libtimedate-perl_2.3000-2 libtinfo5_5.9+20140712-2 libtsan0_4.9.1-4 libubsan0_4.9.1-4 libunistring0_0.9.3-5.2 libusb-0.1-4_2:0.1.12-24 libustr-1.0-1_1.0.4-3 libuuid1_2.20.1-5.8 libxml2_2.9.1+dfsg1-4 linux-libc-dev_3.14.13-2 login_1:4.2-2 lsb-base_4.1+Debian13 m4_1.4.17-4 make_4.0-8 man-db_2.6.7.1-1 mawk_1.3.3-17 mount_2.20.1-5.8 multiarch-support_2.19-7 ncurses-base_5.9+20140712-2 ncurses-bin_5.9+20140712-2 passwd_1:4.2-2 patch_2.7.1-5 perl_5.18.2-7 perl-base_5.18.2-7 perl-modules_5.18.2-7 po-debconf_1.0.16+nmu3 quilt_0.63-3 readline-common_6.3-8 rename_0.20-3 sbuild-build-depends-core-dummy_0.invalid.0 sbuild-build-depends-gramophone2-dummy_0.invalid.0 sed_4.2.2-4 sensible-utils_0.0.9 startpar_0.59-3 sudo_1.8.9p5-1 sysv-rc_2.88dsf-53.2 sysvinit_2.88dsf-53.2 sysvinit-core_2.88dsf-53.2 sysvinit-utils_2.88dsf-53.2 tar_1.27.1-2 tzdata_2014e-1 ucf_3.0030 util-linux_2.20.1-5.8 vim_2:7.4.335-1 vim-common_2:7.4.335-1 vim-runtime_2:7.4.335-1 xz-utils_5.1.1alpha+20120614-2 zlib1g_1:1.2.8.dfsg-1

┌──────────────────────────────────────────────────────────────────────────────┐
│ Build                                                                        │
└──────────────────────────────────────────────────────────────────────────────┘


Unpack source
─────────────

gpgv: keyblock resource `/sbuild-nonexistent/.gnupg/trustedkeys.gpg': file open error
gpgv: Signature made Tue Jan 28 22:35:41 2014 UTC using RSA key ID 786E02AC
gpgv: Can't check signature: public key not found
dpkg-source: warning: failed to verify signature on ./gramophone2_0.8.13a-3.dsc
dpkg-source: info: extracting gramophone2 in gramophone2-0.8.13a
dpkg-source: info: unpacking gramophone2_0.8.13a.orig.tar.gz
dpkg-source: info: unpacking gramophone2_0.8.13a-3.debian.tar.xz
dpkg-source: info: applying Makefile.diff
dpkg-source: info: applying GRAMophone.y.diff
dpkg-source: info: applying grammyVM.c.diff

Check disc space
────────────────

Sufficient free space for build

Hack binNMU version
───────────────────

Created changelog entry for binNMU version 0.8.13a-3clang1

User Environment
────────────────

DEB_BUILD_OPTIONS=parallel=10
HOME=/sbuild-nonexistent
LOGNAME=user
PATH=/usr/local/sbin:/usr/local/bin:/usr/sbin:/usr/bin:/sbin:/bin:/usr/games
SCHROOT_ALIAS_NAME=unstable-amd64-sbuild
SCHROOT_CHROOT_NAME=unstable-amd64-sbuild
SCHROOT_COMMAND=env
SCHROOT_GID=1000
SCHROOT_GROUP=user
SCHROOT_SESSION_ID=unstable-amd64-sbuild-9763cac1-b260-47d9-b5db-07cff577af39
SCHROOT_UID=1000
SCHROOT_USER=user
SHELL=/bin/sh
USER=user

dpkg-buildpackage
─────────────────

dpkg-buildpackage: source package gramophone2
dpkg-buildpackage: source version 0.8.13a-3clang1
dpkg-buildpackage: source distribution unstable
 dpkg-source --before-build gramophone2-0.8.13a
dpkg-buildpackage: host architecture amd64
 fakeroot debian/rules clean
test -x debian/rules
rm -f debian/stamp-makefile-build debian/stamp-makefile-install
make -C . -k clean
make[1]: Entering directory '/«PKGBUILDDIR»'
rm -f y* lex* GRAMophone.tab.* gramophone2
make[1]: Leaving directory '/«PKGBUILDDIR»'
dh_clean 
/usr/bin/make -f debian/rules reverse-config
make[1]: Entering directory '/«PKGBUILDDIR»'
make[1]: Nothing to be done for 'reverse-config'.
make[1]: Leaving directory '/«PKGBUILDDIR»'
if [ -d "." ]; then \
  cd . && QUILT_PATCHES=/«PKGBUILDDIR»/debian/patches quilt --quiltrc /dev/null pop -a -R || test $? = 2 ; \
fi
Removing patch grammyVM.c.diff
Restoring grammyVM.c

Removing patch GRAMophone.y.diff
Restoring GRAMophone.y

Removing patch Makefile.diff
Restoring Makefile

No patches applied
rm -rf ./.pc
rm -f debian/stamp-patch*
 debian/rules build-arch
test -x debian/rules
mkdir -p "."
/usr/bin/make -f debian/rules reverse-config
make[1]: Entering directory '/«PKGBUILDDIR»'
make[1]: Nothing to be done for 'reverse-config'.
make[1]: Leaving directory '/«PKGBUILDDIR»'
cd . && QUILT_PATCHES=/«PKGBUILDDIR»/debian/patches quilt --quiltrc /dev/null push -a || test $? = 2
Applying patch Makefile.diff
patching file Makefile

Applying patch GRAMophone.y.diff
patching file GRAMophone.y

Applying patch grammyVM.c.diff
patching file grammyVM.c

Now at patch grammyVM.c.diff
touch debian/stamp-patched
/usr/bin/make -f debian/rules update-config
make[1]: Entering directory '/«PKGBUILDDIR»'
make[1]: Nothing to be done for 'update-config'.
make[1]: Leaving directory '/«PKGBUILDDIR»'
make -C . 
make[1]: Entering directory '/«PKGBUILDDIR»'
flex GRAMophone.l
bison -d GRAMophone.y
GRAMophone.y: warning: 22 shift/reduce conflicts [-Wconflicts-sr]
GRAMophone.y: warning: 39 reduce/reduce conflicts [-Wconflicts-rr]
gcc -D_FORTIFY_SOURCE=2 -g -O2 -fstack-protector --param=ssp-buffer-size=4 -Wformat -Werror=format-security -O2 -lm -Wl,-z,relro -o gramophone2 GRAMophone.c\
		grammyVM.c init.c midicode.c\
		midifile.c expcode.c debug.c errors.c\
		hash.c GRAMophone.tab.c
GRAMophone.c:94:2: warning: implicit declaration of function 'usageError' is invalid in C99 [-Wimplicit-function-declaration]
        usageError();
        ^
GRAMophone.c:98:3: warning: implicit declaration of function 'initGRAMophone' is invalid in C99 [-Wimplicit-function-declaration]
  initGRAMophone();
  ^
GRAMophone.c:99:3: warning: implicit declaration of function 'yyparse' is invalid in C99 [-Wimplicit-function-declaration]
  yyparse();
  ^
GRAMophone.c:102:59: warning: implicit declaration of function 'grammyvm' is invalid in C99 [-Wimplicit-function-declaration]
  checkOption?(printf("the composition source is ok\n")):(grammyvm());
                                                          ^
4 warnings generated.
grammyVM.c:521:122: warning: comparison of unsigned expression >= 0 is always true [-Wtautological-compare]
        if(op_counter && players[playerCount]->productions[id_prod]->midicode[players[playerCount]->productions[id_prod]->cc][1]>=0) {
                         ~~~~~~~~~~~~~~~~~~~~~~~~~~~~~~~~~~~~~~~~~~~~~~~~~~~~~~~~~~~~~~~~~~~~~~~~~~~~~~~~~~~~~~~~~~~~~~~~~~~~~~~^ ~
grammyVM.c:562:12: warning: expression result unused [-Wunused-value]
                                        note[1];
                                        ~~~~ ~^
grammyVM.c:657:12: warning: using the result of an assignment as a condition without parentheses [-Wparentheses]
        while(code=players[playerCount]->productions[nt]->midicode[players[playerCount]->productions[nt]->cc][0]) {
              ~~~~^~~~~~~~~~~~~~~~~~~~~~~~~~~~~~~~~~~~~~~~~~~~~~~~~~~~~~~~~~~~~~~~~~~~~~~~~~~~~~~~~~~~~~~~~~~~~~
grammyVM.c:657:12: note: place parentheses around the assignment to silence this warning
        while(code=players[playerCount]->productions[nt]->midicode[players[playerCount]->productions[nt]->cc][0]) {
                  ^
              (                                                                                                 )
grammyVM.c:657:12: note: use '==' to turn this assignment into an equality comparison
        while(code=players[playerCount]->productions[nt]->midicode[players[playerCount]->productions[nt]->cc][0]) {
                  ^
                  ==
grammyVM.c:693:6: warning: add explicit braces to avoid dangling else [-Wdangling-else]
                                        else
                                        ^
grammyVM.c:711:11: warning: implicit declaration of function 'mf_write_midi_event' is invalid in C99 [-Wimplicit-function-declaration]
                                                if(!mf_write_midi_event(prev_duration, note_on, players[playerCount]->local_params[CHN], data, 2)) {
                                                    ^
grammyVM.c:1057:12: warning: using the result of an assignment as a condition without parentheses [-Wparentheses]
        while(code=players[playerCount]->productions[nt]->midicode[players[playerCount]->productions[nt]->cc][0]) {
              ~~~~^~~~~~~~~~~~~~~~~~~~~~~~~~~~~~~~~~~~~~~~~~~~~~~~~~~~~~~~~~~~~~~~~~~~~~~~~~~~~~~~~~~~~~~~~~~~~~
grammyVM.c:1057:12: note: place parentheses around the assignment to silence this warning
        while(code=players[playerCount]->productions[nt]->midicode[players[playerCount]->productions[nt]->cc][0]) {
                  ^
              (                                                                                                 )
grammyVM.c:1057:12: note: use '==' to turn this assignment into an equality comparison
        while(code=players[playerCount]->productions[nt]->midicode[players[playerCount]->productions[nt]->cc][0]) {
                  ^
                  ==
grammyVM.c:1093:6: warning: add explicit braces to avoid dangling else [-Wdangling-else]
                                        else
                                        ^
grammyVM.c:1114:25: warning: implicit declaration of function 'hash' is invalid in C99 [-Wimplicit-function-declaration]
                                                buffer[counter++]=hash(string_buf, 0);
                                                                  ^
grammyVM.c:1465:14: warning: using the result of an assignment as a condition without parentheses [-Wparentheses]
                for(j=0; nt=supporto[j]; j++)
                         ~~^~~~~~~~~~~~
grammyVM.c:1465:14: note: place parentheses around the assignment to silence this warning
                for(j=0; nt=supporto[j]; j++)
                           ^
                         (             )
grammyVM.c:1465:14: note: use '==' to turn this assignment into an equality comparison
                for(j=0; nt=supporto[j]; j++)
                           ^
                           ==
grammyVM.c:1487:7: warning: implicit declaration of function 'mf_write_meta_event' is invalid in C99 [-Wimplicit-function-declaration]
                if(!mf_write_meta_event(0, copyright_notice, copyright, strlen(copyright))) {
                    ^
grammyVM.c:1491:3: warning: implicit declaration of function 'mf_write_tempo' is invalid in C99 [-Wimplicit-function-declaration]
                mf_write_tempo((long)60000000/tempo);
                ^
grammyVM.c:1514:5: warning: implicit declaration of function 'print_local_params' is invalid in C99 [-Wimplicit-function-declaration]
                                print_local_params(playerCount);                //debug
                                ^
grammyVM.c:1548:4: warning: implicit declaration of function 'print_composition_info' is invalid in C99 [-Wimplicit-function-declaration]
          print_composition_info();             //debug
          ^
grammyVM.c:1549:4: warning: implicit declaration of function 'print_global_params' is invalid in C99 [-Wimplicit-function-declaration]
          print_global_params();                //debug
          ^
grammyVM.c:1556:1: warning: control may reach end of non-void function [-Wreturn-type]
}
^
15 warnings generated.
init.c:66:5: warning: implicit declaration of function 'sntx_err' is invalid in C99 [-Wimplicit-function-declaration]
    sntx_err(MEMORY_ERR, "");
    ^
1 warning generated.
midicode.c:31:6: warning: implicit declaration of function 'hash' is invalid in C99 [-Wimplicit-function-declaration]
  id=hash(idTemp, 0);
     ^
1 warning generated.
midifile.c:98:3: warning: implicit declaration of function 'eputc' is invalid in C99 [-Wimplicit-function-declaration]
                eputc((unsigned)(buffer & 0xff));
                ^
midifile.c:107:1: warning: type specifier missing, defaults to 'int' [-Wimplicit-int]
mfread()                /* The only non-static function in this file. */
^~~~~~
midifile.c:110:3: warning: implicit declaration of function 'mferror' is invalid in C99 [-Wimplicit-function-declaration]
                mferror("mfread() called without setting Mf_getc"); 
                ^
midifile.c:112:2: warning: implicit declaration of function 'readheader' is invalid in C99 [-Wimplicit-function-declaration]
        readheader();
        ^
midifile.c:113:10: warning: implicit declaration of function 'readtrack' is invalid in C99 [-Wimplicit-function-declaration]
        while ( readtrack() )
                ^
midifile.c:115:1: warning: control reaches end of non-void function [-Wreturn-type]
}
^
midifile.c:118:1: warning: type specifier missing, defaults to 'int' [-Wimplicit-int]
midifile()
^~~~~~~~
midifile.c:121:1: warning: control reaches end of non-void function [-Wreturn-type]
}
^
midifile.c:124:1: warning: type specifier missing, defaults to 'int' [-Wimplicit-int]
readmt(s)               /* read through the "MThd" or "MTrk" header string */
^~~~~~
midifile.c:143:1: warning: type specifier missing, defaults to 'int' [-Wimplicit-int]
egetc()                 /* read a single character and abort on EOF */
^~~~~
midifile.c:154:1: warning: type specifier missing, defaults to 'int' [-Wimplicit-int]
readheader()            /* read a header chunk */
^~~~~~~~~~
midifile.c:159:3: error: non-void function 'readheader' should return a value [-Wreturn-type]
                return;
                ^
midifile.c:175:1: warning: type specifier missing, defaults to 'int' [-Wimplicit-int]
readtrack()              /* read a track chunk */
^~~~~~~~~
midifile.c:227:4: warning: implicit declaration of function 'chanmessage' is invalid in C99 [-Wimplicit-function-declaration]
                        chanmessage( status, c1, (needed>1) ? egetc() : 0 );
                        ^
midifile.c:237:4: warning: implicit declaration of function 'msginit' is invalid in C99 [-Wimplicit-function-declaration]
                        msginit();
                        ^
midifile.c:240:5: warning: implicit declaration of function 'msgadd' is invalid in C99 [-Wimplicit-function-declaration]
                                msgadd(egetc());
                                ^
midifile.c:242:4: warning: implicit declaration of function 'metaevent' is invalid in C99 [-Wimplicit-function-declaration]
                        metaevent(type);
                        ^
midifile.c:255:5: warning: implicit declaration of function 'sysex' is invalid in C99 [-Wimplicit-function-declaration]
                                sysex();
                                ^
midifile.c:272:22: warning: implicit declaration of function 'msgleng' is invalid in C99 [-Wimplicit-function-declaration]
                                        (*Mf_arbitrary)(msgleng(),msg());
                                                        ^
midifile.c:280:4: warning: implicit declaration of function 'badbyte' is invalid in C99 [-Wimplicit-function-declaration]
                        badbyte(c);
                        ^
midifile.c:290:1: warning: type specifier missing, defaults to 'int' [-Wimplicit-int]
badbyte(c)
^~~~~~~
midifile.c:300:1: warning: type specifier missing, defaults to 'int' [-Wimplicit-int]
metaevent(type)
^~~~~~~~~
midifile.c:360:1: warning: type specifier missing, defaults to 'int' [-Wimplicit-int]
sysex()
^~~~~
midifile.c:367:1: warning: type specifier missing, defaults to 'int' [-Wimplicit-int]
chanmessage(status,c1,c2)
^~~~~~~~~~~
midifile.c:439:1: warning: type specifier missing, defaults to 'int' [-Wimplicit-int]
to16bit(c1,c2)
^
midifile.c:458:1: warning: type specifier missing, defaults to 'int' [-Wimplicit-int]
read16bit()
^
midifile.c:467:1: warning: type specifier missing, defaults to 'int' [-Wimplicit-int]
mferror(s)
^~~~~~~
midifile.c:485:1: warning: type specifier missing, defaults to 'int' [-Wimplicit-int]
msginit()
^~~~~~~
midifile.c:497:1: warning: type specifier missing, defaults to 'int' [-Wimplicit-int]
msgleng()
^~~~~~~
midifile.c:503:1: warning: type specifier missing, defaults to 'int' [-Wimplicit-int]
msgadd(c)
^~~~~~
midifile.c:508:3: warning: implicit declaration of function 'biggermsg' is invalid in C99 [-Wimplicit-function-declaration]
                biggermsg();
                ^
midifile.c:513:1: warning: type specifier missing, defaults to 'int' [-Wimplicit-int]
biggermsg()
^~~~~~~~~
midifile.c:850:1: warning: type specifier missing, defaults to 'int' [-Wimplicit-int]
eputc(c)                        
^~~~~
32 warnings and 1 error generated.
expcode.c:33:6: warning: implicit declaration of function 'hash' is invalid in C99 [-Wimplicit-function-declaration]
  id=hash(idTemp, 0);
     ^
1 warning generated.
hash.c:65:11: warning: implicit declaration of function 'sntx_err' is invalid in C99 [-Wimplicit-function-declaration]
          sntx_err(ALREADY, "variable ");
          ^
hash.c:111:4: warning: implicit declaration of function 'gen_code' is invalid in C99 [-Wimplicit-function-declaration]
                        gen_code(_PRD, ++players[playerCount]->productions[i]->numOr);
                        ^
hash.c:154:1: warning: control may reach end of non-void function [-Wreturn-type]
}
^
hash.c:167:10: warning: expression which evaluates to zero treated as a null pointer constant of type 'char *' [-Wnon-literal-null-conversion]
  return '\0';
         ^~~~
hash.c:208:1: warning: control may reach end of non-void function [-Wreturn-type]
}
^
5 warnings generated.
In file included from GRAMophone.y:40:
GRAMophone.l:50:1: warning: implicit declaration of function 'sntx_err' is invalid in C99 [-Wimplicit-function-declaration]
sntx_err(EOF, "");
^
GRAMophone.l:248:11: warning: implicit declaration of function 'check_id' is invalid in C99 [-Wimplicit-function-declaration]
                                          if(check_id()==MACRO) {
                                             ^
GRAMophone.l:251:12: warning: implicit declaration of function 'dhSearch2' is invalid in C99 [-Wimplicit-function-declaration]
                                                                                        dhSearch2(yytext),YY_BUF_SIZE));                                                        
                                                                                        ^
GRAMophone.l:250:42: warning: cast to 'char *' from smaller integer type 'int' [-Wint-to-pointer-cast]
                                                yy_switch_to_buffer(yy_scan_buffer((char *)
                                                                                   ^
GRAMophone.l:321:1: warning: type specifier missing, defaults to 'int' [-Wimplicit-int]
yywrap() {
^~~~~~
GRAMophone.y:171:5: warning: implicit declaration of function 'gen_exp3_code' is invalid in C99 [-Wimplicit-function-declaration]
                  gen_exp3_code(_NOT, (yyvsp[0]), ctrl[2]);
                  ^
GRAMophone.y:180:5: warning: implicit declaration of function 'gen_exp1_code' is invalid in C99 [-Wimplicit-function-declaration]
                  gen_exp1_code(_AND, (yyvsp[-3]), ctrlTemp[--w], (yyvsp[0]), ctrl[2]);
                  ^
GRAMophone.y:256:7: warning: implicit declaration of function 'gen_exp4_code' is invalid in C99 [-Wimplicit-function-declaration]
                    gen_exp4_code(_ENDEXP);
                    ^
GRAMophone.y:280:9: warning: implicit declaration of function 'gen_exp2_code' is invalid in C99 [-Wimplicit-function-declaration]
                      gen_exp2_code(_MOV, (yyvsp[-2]), (yyvsp[0]), ctrl[2]);
                      ^
GRAMophone.y:285:47: warning: implicit declaration of function 'hash' is invalid in C99 [-Wimplicit-function-declaration]
                      if((players[playerCount]->productions[hash(idTemp, 0)]->
                                                            ^
GRAMophone.y:454:40: warning: implicit declaration of function 'dhSearch' is invalid in C99 [-Wimplicit-function-declaration]
                      if(!(noteVarTempBis=(pnote_var)dhSearch(yytext, 0)) && 
                                                     ^
GRAMophone.y:454:29: warning: cast to 'pnote_var' (aka 'struct note_vars_value *') from smaller integer type 'int' [-Wint-to-pointer-cast]
                      if(!(noteVarTempBis=(pnote_var)dhSearch(yytext, 0)) && 
                                          ^
GRAMophone.y:455:29: warning: cast to 'pnote_var' (aka 'struct note_vars_value *') from smaller integer type 'int' [-Wint-to-pointer-cast]
                         !(noteVarTempBis=(pnote_var)dhSearch(yytext, 1)))       
                                          ^
GRAMophone.y:459:29: warning: cast to 'pnote_var' (aka 'struct note_vars_value *') from smaller integer type 'int' [-Wint-to-pointer-cast]
                      if(!(noteVarTempBis=(pnote_var)dhSearch(yytext, 1)))
                                          ^
GRAMophone.y:493:5: warning: implicit declaration of function 'back' is invalid in C99 [-Wimplicit-function-declaration]
                  back();
                  ^
GRAMophone.y:507:5: warning: implicit declaration of function 'dhInsert' is invalid in C99 [-Wimplicit-function-declaration]
                  dhInsert(NULL, idTemp, 2);
                  ^
GRAMophone.y:943:5: warning: implicit declaration of function 'init_local_flag' is invalid in C99 [-Wimplicit-function-declaration]
                  init_local_flag();
                  ^
GRAMophone.y:946:5: warning: implicit declaration of function 'init_player' is invalid in C99 [-Wimplicit-function-declaration]
                  init_player();  
                  ^
GRAMophone.y:1141:5: warning: implicit declaration of function 'gen_code' is invalid in C99 [-Wimplicit-function-declaration]
                  gen_code(_CHK, ec);
                  ^
GRAMophone.y:1156:5: warning: implicit declaration of function 'gen_code2' is invalid in C99 [-Wimplicit-function-declaration]
                  gen_code2(_ELSE);
                  ^
GRAMophone.y:1160:5: warning: implicit declaration of function 'code_update' is invalid in C99 [-Wimplicit-function-declaration]
                  code_update(cc, ccCond);
                  ^
GRAMophone.y:1209:18: warning: implicit declaration of function 'gen_note_code' is invalid in C99 [-Wimplicit-function-declaration]
                  (ctrl[4]<0)?(gen_note_code(_EMPTY, ctrl[4], ctrl[5], ctrl[6], ctrl[7], ctrl[8], ctrl[9], ctrl[10], ctrl[11], ctrl[12])):(gen_note_code(_NOTEON, ctrl[4], ctrl[5], ctrl[6], ctrl[7], ctrl[8], ctrl[9], ctrl[10], ctrl[11], ctrl[12]));           
                               ^
GRAMophone.y:1241:5: warning: implicit declaration of function 'gen_code3' is invalid in C99 [-Wimplicit-function-declaration]
                  gen_code3(_REST, ctrl[9], ctrl[10]);            
                  ^
GRAMophone.y:1322:4: warning: implicit declaration of function 'gen_code4' is invalid in C99 [-Wimplicit-function-declaration]
                        gen_code4(_PRNT, ctrl[5], ctrl[6], ctrl[3]);
                        ^
GRAMophone.tab.c:4522:7: warning: implicit declaration of function 'yyerror' is invalid in C99 [-Wimplicit-function-declaration]
      yyerror (YY_("syntax error"));
      ^
GRAMophone.y:1061:5: warning: array index 6 is past the end of the array (which contains 6 elements) [-Warray-bounds]
                  players[playerCount]->local_params[DEFMSB]=(yyvsp[0]);  
                  ^                                  ~~~~~~
./global.h:167:3: note: array 'local_params' declared here
  int local_params[NUM_LOCAL_PARAMS];
  ^
GRAMophone.y:1677:15: warning: array index 6 is past the end of the array (which contains 6 elements) [-Warray-bounds]
                    ctrl[5]=players[playerCount]->local_params[DEFMSB];
                            ^                                  ~~~~~~
./global.h:167:3: note: array 'local_params' declared here
  int local_params[NUM_LOCAL_PARAMS];
  ^
GRAMophone.y:1978:1: warning: control reaches end of non-void function [-Wreturn-type]
}
^
GRAMophone.y:1982:1: warning: control reaches end of non-void function [-Wreturn-type]
}
^
29 warnings generated.
Makefile:9: recipe for target 'default' failed
make[1]: *** [default] Error 1
make: *** [debian/stamp-makefile-build] Error 2
make[1]: Leaving directory '/«PKGBUILDDIR»'
/usr/share/cdbs/1/class/makefile.mk:47: recipe for target 'debian/stamp-makefile-build' failed
dpkg-buildpackage: error: debian/rules build-arch gave error exit status 2
────────────────────────────────────────────────────────────────────────────────
Build finished at 20140806-1710

Finished
────────

E: Build failure (dpkg-buildpackage died)

┌──────────────────────────────────────────────────────────────────────────────┐
│ Cleanup                                                                      │
└──────────────────────────────────────────────────────────────────────────────┘

Purging /«BUILDDIR»
Not cleaning session: cloned chroot in use

┌──────────────────────────────────────────────────────────────────────────────┐
│ Summary                                                                      │
└──────────────────────────────────────────────────────────────────────────────┘

Build Architecture: amd64
Build-Space: 736
Build-Time: 17
Distribution: unstable
Fail-Stage: build
Host Architecture: amd64
Install-Time: 10
Job: gramophone2_0.8.13a-3
Machine Architecture: amd64
Package: gramophone2
Package-Time: 57
Source-Version: 0.8.13a-3
Space: 736
Status: attempted
Version: 0.8.13a-3clang1
────────────────────────────────────────────────────────────────────────────────
Finished at 20140806-1710
Build needed 00:00:57, 736k disc space
DC-Status: Failed 58.232194154s
DC-Time-Estimation: 58.232194154 versus expected 152 (r/m: 1.610239957608725 ; m: 58.232194154)
