DC-Build-Header: z80ex 1.1.21-1 / 2014-08-06 16:21:58 +0000
DC-Task: source:z80ex version:1.1.21-1 architecture:any chroot:unstable esttime:357 logfile:/tmp/z80ex_1.1.21-1_unstable_clang.log modes:binary-only:parallel:clang
DC-Sbuild-call: su user -c 'sbuild -n --apt-update -d unstable -v  --chroot-setup-commands=/tmp/switch-to-clang --append-to-version "clang1" --maintainer "Lucas Nussbaum <lucas@debian.org>" --uploader "Lucas Nussbaum <lucas@debian.org>" z80ex_1.1.21-1'
sbuild (Debian sbuild) 0.63.2 (18 Aug 2012) on ip-172-31-11-238.us-west-2.compute.internal

╔══════════════════════════════════════════════════════════════════════════════╗
║ z80ex 1.1.21-1clang1 (amd64)                               06 Aug 2014 16:21 ║
╚══════════════════════════════════════════════════════════════════════════════╝

Package: z80ex
Version: 1.1.21-1clang1
Source Version: 1.1.21-1
Distribution: unstable
Machine Architecture: amd64
Host Architecture: amd64
Build Architecture: amd64

I: NOTICE: Log filtering will replace 'build/z80ex-3mRn4D/z80ex-1.1.21' with '«PKGBUILDDIR»'
I: NOTICE: Log filtering will replace 'build/z80ex-3mRn4D' with '«BUILDDIR»'
I: NOTICE: Log filtering will replace 'var/lib/schroot/mount/unstable-amd64-sbuild-48b4e10a-acb8-4af2-89bf-a7cd9b6942b3' with '«CHROOT»'

┌──────────────────────────────────────────────────────────────────────────────┐
│ Update chroot                                                                │
└──────────────────────────────────────────────────────────────────────────────┘

Get:1 http://localhost:9999 unstable InRelease [222 kB]
Get:2 http://localhost:9999 unstable/main Sources/DiffIndex [7876 B]
Get:3 http://localhost:9999 unstable/main amd64 Packages/DiffIndex [7876 B]
Get:4 http://localhost:9999 unstable/main Translation-en/DiffIndex [7876 B]
Get:5 http://localhost:9999 unstable/main 2014-08-05-2057.28.pdiff [14.9 kB]
Get:6 http://localhost:9999 unstable/main 2014-08-06-0254.22.pdiff [10.4 kB]
Get:7 http://localhost:9999 unstable/main 2014-08-06-0856.40.pdiff [5699 B]
Get:8 http://localhost:9999 unstable/main amd64 2014-08-05-2057.28.pdiff [80.7 kB]
Get:9 http://localhost:9999 unstable/main 2014-08-06-0856.40.pdiff [5699 B]
Get:10 http://localhost:9999 unstable/main amd64 2014-08-06-0254.22.pdiff [18.7 kB]
Get:11 http://localhost:9999 unstable/main amd64 2014-08-06-0856.40.pdiff [5647 B]
Get:12 http://localhost:9999 unstable/main 2014-08-05-2057.28.pdiff [2013 B]
Get:13 http://localhost:9999 unstable/main 2014-08-06-0254.22.pdiff [375 B]
Get:14 http://localhost:9999 unstable/main 2014-08-06-0856.40.pdiff [33 B]
Get:15 http://localhost:9999 unstable/main amd64 2014-08-06-0856.40.pdiff [5647 B]
Get:16 http://localhost:9999 unstable/main 2014-08-06-0856.40.pdiff [33 B]
Fetched 384 kB in 4s (83.9 kB/s)
Reading package lists...
Reading package lists...
Building dependency tree...
Reading state information...
0 upgraded, 0 newly installed, 0 to remove and 0 not upgraded.

┌──────────────────────────────────────────────────────────────────────────────┐
│ Fetch source files                                                           │
└──────────────────────────────────────────────────────────────────────────────┘


Check APT
─────────

Checking available source versions...

Download source files with APT
──────────────────────────────

Reading package lists...
Building dependency tree...
Reading state information...
NOTICE: 'z80ex' packaging is maintained in the 'Git' version control system at:
git://github.com/glaubitz/z80ex-debian.git
Need to get 69.4 kB of source archives.
Get:1 http://localhost:9999/debian/ unstable/main z80ex 1.1.21-1 (dsc) [1864 B]
Get:2 http://localhost:9999/debian/ unstable/main z80ex 1.1.21-1 (tar) [64.3 kB]
Get:3 http://localhost:9999/debian/ unstable/main z80ex 1.1.21-1 (diff) [3268 B]
Fetched 69.4 kB in 0s (70.8 kB/s)
Download complete and in download only mode

Check arch
──────────


┌──────────────────────────────────────────────────────────────────────────────┐
│ Chroot Setup Commands                                                        │
└──────────────────────────────────────────────────────────────────────────────┘


/tmp/switch-to-clang
────────────────────

+ echo 'Entering customization script...'
Entering customization script...
+ echo 'Install of clang-3.5'
Install of clang-3.5
+ apt-get update
Hit http://localhost:9999 unstable InRelease
Hit http://localhost:9999 unstable/main Sources/DiffIndex
Hit http://localhost:9999 unstable/main amd64 Packages/DiffIndex
Hit http://localhost:9999 unstable/main Translation-en/DiffIndex
Reading package lists...
+ apt-get install --yes --no-install-recommends --force-yes clang-3.5
Reading package lists...
Building dependency tree...
Reading state information...
The following extra packages will be installed:
  libbsd0 libclang-common-3.5-dev libclang1-3.5 libedit2 libffi6 libllvm3.5
  libobjc-4.9-dev libobjc4
Suggested packages:
  gnustep gnustep-devel clang-3.5-doc
Recommended packages:
  llvm-3.5-dev python
The following NEW packages will be installed:
  clang-3.5 libbsd0 libclang-common-3.5-dev libclang1-3.5 libedit2 libffi6
  libllvm3.5 libobjc-4.9-dev libobjc4
0 upgraded, 9 newly installed, 0 to remove and 0 not upgraded.
Need to get 33.1 MB of archives.
After this operation, 132 MB of additional disk space will be used.
Get:1 http://localhost:9999/debian/ unstable/main libbsd0 amd64 0.7.0-1 [67.7 kB]
Get:2 http://localhost:9999/debian/ unstable/main libedit2 amd64 3.1-20140620-1 [77.0 kB]
Get:3 http://localhost:9999/debian/ unstable/main libffi6 amd64 3.1-2 [19.8 kB]
Get:4 http://localhost:9999/debian/ unstable/main libllvm3.5 amd64 1:3.5~+rc1-2 [7624 kB]
Get:5 http://localhost:9999/debian/ unstable/main libobjc4 amd64 4.9.1-4 [112 kB]
Get:6 http://localhost:9999/debian/ unstable/main libobjc-4.9-dev amd64 4.9.1-4 [371 kB]
Get:7 http://localhost:9999/debian/ unstable/main libclang1-3.5 amd64 1:3.5~+rc1-2 [3630 kB]
Get:8 http://localhost:9999/debian/ unstable/main libclang-common-3.5-dev amd64 1:3.5~+rc1-2 [678 kB]
Get:9 http://localhost:9999/debian/ unstable/main clang-3.5 amd64 1:3.5~+rc1-2 [20.5 MB]
debconf: delaying package configuration, since apt-utils is not installed
Fetched 33.1 MB in 0s (34.6 MB/s)
Selecting previously unselected package libbsd0:amd64.
(Reading database ... 14246 files and directories currently installed.)
Preparing to unpack .../libbsd0_0.7.0-1_amd64.deb ...
Unpacking libbsd0:amd64 (0.7.0-1) ...
Selecting previously unselected package libedit2:amd64.
Preparing to unpack .../libedit2_3.1-20140620-1_amd64.deb ...
Unpacking libedit2:amd64 (3.1-20140620-1) ...
Selecting previously unselected package libffi6:amd64.
Preparing to unpack .../libffi6_3.1-2_amd64.deb ...
Unpacking libffi6:amd64 (3.1-2) ...
Selecting previously unselected package libllvm3.5:amd64.
Preparing to unpack .../libllvm3.5_1%3a3.5~+rc1-2_amd64.deb ...
Unpacking libllvm3.5:amd64 (1:3.5~+rc1-2) ...
Selecting previously unselected package libobjc4:amd64.
Preparing to unpack .../libobjc4_4.9.1-4_amd64.deb ...
Unpacking libobjc4:amd64 (4.9.1-4) ...
Selecting previously unselected package libobjc-4.9-dev:amd64.
Preparing to unpack .../libobjc-4.9-dev_4.9.1-4_amd64.deb ...
Unpacking libobjc-4.9-dev:amd64 (4.9.1-4) ...
Selecting previously unselected package libclang1-3.5:amd64.
Preparing to unpack .../libclang1-3.5_1%3a3.5~+rc1-2_amd64.deb ...
Unpacking libclang1-3.5:amd64 (1:3.5~+rc1-2) ...
Selecting previously unselected package libclang-common-3.5-dev.
Preparing to unpack .../libclang-common-3.5-dev_1%3a3.5~+rc1-2_amd64.deb ...
Unpacking libclang-common-3.5-dev (1:3.5~+rc1-2) ...
Selecting previously unselected package clang-3.5.
Preparing to unpack .../clang-3.5_1%3a3.5~+rc1-2_amd64.deb ...
Unpacking clang-3.5 (1:3.5~+rc1-2) ...
Setting up libbsd0:amd64 (0.7.0-1) ...
Setting up libedit2:amd64 (3.1-20140620-1) ...
Setting up libffi6:amd64 (3.1-2) ...
Setting up libllvm3.5:amd64 (1:3.5~+rc1-2) ...
Setting up libobjc4:amd64 (4.9.1-4) ...
Setting up libobjc-4.9-dev:amd64 (4.9.1-4) ...
Setting up libclang1-3.5:amd64 (1:3.5~+rc1-2) ...
Setting up libclang-common-3.5-dev (1:3.5~+rc1-2) ...
Setting up clang-3.5 (1:3.5~+rc1-2) ...
Processing triggers for libc-bin (2.19-7) ...
+ echo 'Replace gcc, g++ & cpp by clang'
Replace gcc, g++ & cpp by clang
+ VERSIONS='4.6 4.7 4.8 4.9'
+ cd /usr/bin
+ for VERSION in '$VERSIONS'
+ rm -f g++-4.6 gcc-4.6 cpp-4.6
+ ln -s clang++ g++-4.6
+ ln -s clang gcc-4.6
+ ln -s clang cpp-4.6
+ echo 'gcc-4.6 hold'
+ dpkg --set-selections
+ echo 'g++-4.6 hold'
+ dpkg --set-selections
+ for VERSION in '$VERSIONS'
+ rm -f g++-4.7 gcc-4.7 cpp-4.7
+ ln -s clang++ g++-4.7
+ ln -s clang gcc-4.7
+ ln -s clang cpp-4.7
+ echo 'gcc-4.7 hold'
+ dpkg --set-selections
+ echo 'g++-4.7 hold'
+ dpkg --set-selections
+ for VERSION in '$VERSIONS'
+ rm -f g++-4.8 gcc-4.8 cpp-4.8
+ ln -s clang++ g++-4.8
+ ln -s clang gcc-4.8
+ ln -s clang cpp-4.8
+ echo 'gcc-4.8 hold'
+ dpkg --set-selections
dpkg: warning: package not in database at line 1: gcc-4.8
dpkg: warning: found unknown packages; this might mean the available database
is outdated, and needs to be updated through a frontend method
+ echo 'g++-4.8 hold'
+ dpkg --set-selections
dpkg: warning: package not in database at line 1: g++-4.8
dpkg: warning: found unknown packages; this might mean the available database
is outdated, and needs to be updated through a frontend method
+ for VERSION in '$VERSIONS'
+ rm -f g++-4.9 gcc-4.9 cpp-4.9
+ ln -s clang++ g++-4.9
+ ln -s clang gcc-4.9
+ ln -s clang cpp-4.9
+ echo 'gcc-4.9 hold'
+ dpkg --set-selections
+ echo 'g++-4.9 hold'
+ dpkg --set-selections
+ cd -
/«BUILDDIR»
+ echo 'Check if gcc, g++ & cpp are actually clang'
Check if gcc, g++ & cpp are actually clang
+ gcc --version
+ grep clang
+ cpp --version
+ grep clang
+ g++ --version
+ grep clang

I: Finished running '/tmp/switch-to-clang'.

Finished processing commands.
────────────────────────────────────────────────────────────────────────────────
Merged Build-Depends: build-essential, fakeroot
Filtered Build-Depends: build-essential, fakeroot
dpkg-deb: building package `sbuild-build-depends-core-dummy' in `/«BUILDDIR»/resolver-qk1QrO/apt_archive/sbuild-build-depends-core-dummy.deb'.
OK
Reading package lists...

┌──────────────────────────────────────────────────────────────────────────────┐
│ Install core build dependencies (apt-based resolver)                         │
└──────────────────────────────────────────────────────────────────────────────┘

Installing build dependencies
Reading package lists...
Building dependency tree...
Reading state information...
The following NEW packages will be installed:
  sbuild-build-depends-core-dummy
debconf: delaying package configuration, since apt-utils is not installed
0 upgraded, 1 newly installed, 0 to remove and 0 not upgraded.
Need to get 0 B/822 B of archives.
After this operation, 0 B of additional disk space will be used.
Selecting previously unselected package sbuild-build-depends-core-dummy.
(Reading database ... 14457 files and directories currently installed.)
Preparing to unpack .../sbuild-build-depends-core-dummy.deb ...
Unpacking sbuild-build-depends-core-dummy (0.invalid.0) ...
Setting up sbuild-build-depends-core-dummy (0.invalid.0) ...
Merged Build-Depends: base-files, base-passwd, bash, bsdutils, coreutils, dash, debianutils, diffutils, dpkg, e2fsprogs, findutils, grep, gzip, hostname, libc-bin, login, mount, ncurses-base, ncurses-bin, perl-base, sed, sysvinit, sysvinit-utils, tar, util-linux, libc6-dev | libc-dev, gcc (>= 4:4.4.3), g++ (>= 4:4.4.3), make, dpkg-dev (>= 1.13.5), debhelper (>= 9), cmake
Filtered Build-Depends: base-files, base-passwd, bash, bsdutils, coreutils, dash, debianutils, diffutils, dpkg, e2fsprogs, findutils, grep, gzip, hostname, libc-bin, login, mount, ncurses-base, ncurses-bin, perl-base, sed, sysvinit, sysvinit-utils, tar, util-linux, libc6-dev, gcc (>= 4:4.4.3), g++ (>= 4:4.4.3), make, dpkg-dev (>= 1.13.5), debhelper (>= 9), cmake
dpkg-deb: building package `sbuild-build-depends-z80ex-dummy' in `/«BUILDDIR»/resolver-sKrMsm/apt_archive/sbuild-build-depends-z80ex-dummy.deb'.
OK
Reading package lists...

┌──────────────────────────────────────────────────────────────────────────────┐
│ Install z80ex build dependencies (apt-based resolver)                        │
└──────────────────────────────────────────────────────────────────────────────┘

Installing build dependencies
Reading package lists...
Building dependency tree...
Reading state information...
The following extra packages will be installed:
  bsdmainutils cmake cmake-data debhelper file gettext gettext-base groff-base
  intltool-debian libarchive13 libasprintf0c2 libcroco3 libcurl3 libexpat1
  libgcrypt11 libgcrypt20 libglib2.0-0 libgnutls-deb0-28 libgnutls26
  libgpg-error0 libgssapi-krb5-2 libhogweed2 libidn11 libk5crypto3
  libkeyutils1 libkrb5-3 libkrb5support0 libldap-2.4-2 liblzo2-2 libmagic1
  libncursesw5 libnettle4 libp11-kit0 libpipeline1 libprocps3 librtmp1
  libsasl2-2 libsasl2-modules-db libssh2-1 libssl1.0.0 libtasn1-6
  libunistring0 libxml2 man-db po-debconf procps
Suggested packages:
  wamerican wordlist whois vacation codeblocks eclipse dh-make gettext-doc
  groff lrzip rng-tools gnutls-bin krb5-doc krb5-user less www-browser
  libmail-box-perl
Recommended packages:
  curl wget lynx-cur autopoint libasprintf-dev libgettextpo-dev
  ca-certificates libglib2.0-data shared-mime-info krb5-locales
  libsasl2-modules xml-core libmail-sendmail-perl psmisc
The following NEW packages will be installed:
  bsdmainutils cmake cmake-data debhelper file gettext gettext-base groff-base
  intltool-debian libarchive13 libasprintf0c2 libcroco3 libcurl3 libexpat1
  libgcrypt11 libgcrypt20 libglib2.0-0 libgnutls-deb0-28 libgnutls26
  libgpg-error0 libgssapi-krb5-2 libhogweed2 libidn11 libk5crypto3
  libkeyutils1 libkrb5-3 libkrb5support0 libldap-2.4-2 liblzo2-2 libmagic1
  libncursesw5 libnettle4 libp11-kit0 libpipeline1 libprocps3 librtmp1
  libsasl2-2 libsasl2-modules-db libssh2-1 libssl1.0.0 libtasn1-6
  libunistring0 libxml2 man-db po-debconf procps
  sbuild-build-depends-z80ex-dummy
0 upgraded, 47 newly installed, 0 to remove and 0 not upgraded.
Need to get 18.5 MB/18.5 MB of archives.
After this operation, 60.3 MB of additional disk space will be used.
Get:1 http://localhost:9999/debian/ unstable/main libncursesw5 amd64 5.9+20140712-2 [123 kB]
Get:2 http://localhost:9999/debian/ unstable/main libpipeline1 amd64 1.3.0-1 [25.8 kB]
Get:3 http://localhost:9999/debian/ unstable/main libprocps3 amd64 1:3.3.9-7 [55.9 kB]
Get:4 http://localhost:9999/debian/ unstable/main libssl1.0.0 amd64 1.0.1h-3 [1011 kB]
Get:5 http://localhost:9999/debian/ unstable/main groff-base amd64 1.22.2-6 [1088 kB]
Get:6 http://localhost:9999/debian/ unstable/main bsdmainutils amd64 9.0.5 [211 kB]
Get:7 http://localhost:9999/debian/ unstable/main man-db amd64 2.6.7.1-1 [990 kB]
Get:8 http://localhost:9999/debian/ unstable/main libasprintf0c2 amd64 0.19.2-1 [30.7 kB]
Get:9 http://localhost:9999/debian/ unstable/main libgpg-error0 amd64 1.13-2 [58.7 kB]
Get:10 http://localhost:9999/debian/ unstable/main libgcrypt11 amd64 1.5.3-5 [255 kB]
Get:11 http://localhost:9999/debian/ unstable/main libgcrypt20 amd64 1.6.1-2 [381 kB]
Get:12 http://localhost:9999/debian/ unstable/main libnettle4 amd64 2.7.1-3 [175 kB]
Get:13 http://localhost:9999/debian/ unstable/main libhogweed2 amd64 2.7.1-3 [125 kB]
Get:14 http://localhost:9999/debian/ unstable/main libp11-kit0 amd64 0.20.2-5 [81.1 kB]
Get:15 http://localhost:9999/debian/ unstable/main libtasn1-6 amd64 4.0-2 [47.9 kB]
Get:16 http://localhost:9999/debian/ unstable/main libgnutls-deb0-28 amd64 3.2.16-1 [970 kB]
Get:17 http://localhost:9999/debian/ unstable/main libgnutls26 amd64 2.12.23-17 [531 kB]
Get:18 http://localhost:9999/debian/ unstable/main libkeyutils1 amd64 1.5.9-5 [11.7 kB]
Get:19 http://localhost:9999/debian/ unstable/main libkrb5support0 amd64 1.12.1+dfsg-6 [57.2 kB]
Get:20 http://localhost:9999/debian/ unstable/main libk5crypto3 amd64 1.12.1+dfsg-6 [112 kB]
Get:21 http://localhost:9999/debian/ unstable/main libkrb5-3 amd64 1.12.1+dfsg-6 [298 kB]
Get:22 http://localhost:9999/debian/ unstable/main libgssapi-krb5-2 amd64 1.12.1+dfsg-6 [147 kB]
Get:23 http://localhost:9999/debian/ unstable/main libidn11 amd64 1.28-2 [158 kB]
Get:24 http://localhost:9999/debian/ unstable/main libsasl2-modules-db amd64 2.1.26.dfsg1-11 [66.8 kB]
Get:25 http://localhost:9999/debian/ unstable/main libsasl2-2 amd64 2.1.26.dfsg1-11 [104 kB]
Get:26 http://localhost:9999/debian/ unstable/main libldap-2.4-2 amd64 2.4.39-1 [212 kB]
Get:27 http://localhost:9999/debian/ unstable/main libmagic1 amd64 1:5.19-1 [237 kB]
Get:28 http://localhost:9999/debian/ unstable/main libxml2 amd64 2.9.1+dfsg1-4 [797 kB]
Get:29 http://localhost:9999/debian/ unstable/main liblzo2-2 amd64 2.08-1 [54.9 kB]
Get:30 http://localhost:9999/debian/ unstable/main libarchive13 amd64 3.1.2-8 [265 kB]
Get:31 http://localhost:9999/debian/ unstable/main libglib2.0-0 amd64 2.40.0-3 [2405 kB]
Get:32 http://localhost:9999/debian/ unstable/main libcroco3 amd64 0.6.8-2 [133 kB]
Get:33 http://localhost:9999/debian/ unstable/main librtmp1 amd64 2.4+20131018.git79459a2-4 [59.4 kB]
Get:34 http://localhost:9999/debian/ unstable/main libssh2-1 amd64 1.4.3-3 [125 kB]
Get:35 http://localhost:9999/debian/ unstable/main libcurl3 amd64 7.37.1-1 [254 kB]
Get:36 http://localhost:9999/debian/ unstable/main libexpat1 amd64 2.1.0-6 [80.6 kB]
Get:37 http://localhost:9999/debian/ unstable/main libunistring0 amd64 0.9.3-5.2 [283 kB]
Get:38 http://localhost:9999/debian/ unstable/main procps amd64 1:3.3.9-7 [235 kB]
Get:39 http://localhost:9999/debian/ unstable/main file amd64 1:5.19-1 [58.0 kB]
Get:40 http://localhost:9999/debian/ unstable/main gettext-base amd64 0.19.2-1 [121 kB]
Get:41 http://localhost:9999/debian/ unstable/main cmake-data all 2.8.12.1-1.6 [1286 kB]
Get:42 http://localhost:9999/debian/ unstable/main cmake amd64 2.8.12.1-1.6 [2648 kB]
Get:43 http://localhost:9999/debian/ unstable/main gettext amd64 0.19.2-1 [1235 kB]
Get:44 http://localhost:9999/debian/ unstable/main intltool-debian all 0.35.0+20060710.1 [30.8 kB]
Get:45 http://localhost:9999/debian/ unstable/main po-debconf all 1.0.16+nmu3 [220 kB]
Get:46 http://localhost:9999/debian/ unstable/main debhelper all 9.20140613 [692 kB]
debconf: delaying package configuration, since apt-utils is not installed
Fetched 18.5 MB in 0s (26.2 MB/s)
Selecting previously unselected package libncursesw5:amd64.
(Reading database ... 14457 files and directories currently installed.)
Preparing to unpack .../libncursesw5_5.9+20140712-2_amd64.deb ...
Unpacking libncursesw5:amd64 (5.9+20140712-2) ...
Selecting previously unselected package libpipeline1:amd64.
Preparing to unpack .../libpipeline1_1.3.0-1_amd64.deb ...
Unpacking libpipeline1:amd64 (1.3.0-1) ...
Selecting previously unselected package libprocps3:amd64.
Preparing to unpack .../libprocps3_1%3a3.3.9-7_amd64.deb ...
Unpacking libprocps3:amd64 (1:3.3.9-7) ...
Selecting previously unselected package libssl1.0.0:amd64.
Preparing to unpack .../libssl1.0.0_1.0.1h-3_amd64.deb ...
Unpacking libssl1.0.0:amd64 (1.0.1h-3) ...
Selecting previously unselected package groff-base.
Preparing to unpack .../groff-base_1.22.2-6_amd64.deb ...
Unpacking groff-base (1.22.2-6) ...
Selecting previously unselected package bsdmainutils.
Preparing to unpack .../bsdmainutils_9.0.5_amd64.deb ...
Unpacking bsdmainutils (9.0.5) ...
Selecting previously unselected package man-db.
Preparing to unpack .../man-db_2.6.7.1-1_amd64.deb ...
Unpacking man-db (2.6.7.1-1) ...
Selecting previously unselected package libasprintf0c2:amd64.
Preparing to unpack .../libasprintf0c2_0.19.2-1_amd64.deb ...
Unpacking libasprintf0c2:amd64 (0.19.2-1) ...
Selecting previously unselected package libgpg-error0:amd64.
Preparing to unpack .../libgpg-error0_1.13-2_amd64.deb ...
Unpacking libgpg-error0:amd64 (1.13-2) ...
Selecting previously unselected package libgcrypt11:amd64.
Preparing to unpack .../libgcrypt11_1.5.3-5_amd64.deb ...
Unpacking libgcrypt11:amd64 (1.5.3-5) ...
Selecting previously unselected package libgcrypt20:amd64.
Preparing to unpack .../libgcrypt20_1.6.1-2_amd64.deb ...
Unpacking libgcrypt20:amd64 (1.6.1-2) ...
Selecting previously unselected package libnettle4:amd64.
Preparing to unpack .../libnettle4_2.7.1-3_amd64.deb ...
Unpacking libnettle4:amd64 (2.7.1-3) ...
Selecting previously unselected package libhogweed2:amd64.
Preparing to unpack .../libhogweed2_2.7.1-3_amd64.deb ...
Unpacking libhogweed2:amd64 (2.7.1-3) ...
Selecting previously unselected package libp11-kit0:amd64.
Preparing to unpack .../libp11-kit0_0.20.2-5_amd64.deb ...
Unpacking libp11-kit0:amd64 (0.20.2-5) ...
Selecting previously unselected package libtasn1-6:amd64.
Preparing to unpack .../libtasn1-6_4.0-2_amd64.deb ...
Unpacking libtasn1-6:amd64 (4.0-2) ...
Selecting previously unselected package libgnutls-deb0-28:amd64.
Preparing to unpack .../libgnutls-deb0-28_3.2.16-1_amd64.deb ...
Unpacking libgnutls-deb0-28:amd64 (3.2.16-1) ...
Selecting previously unselected package libgnutls26:amd64.
Preparing to unpack .../libgnutls26_2.12.23-17_amd64.deb ...
Unpacking libgnutls26:amd64 (2.12.23-17) ...
Selecting previously unselected package libkeyutils1:amd64.
Preparing to unpack .../libkeyutils1_1.5.9-5_amd64.deb ...
Unpacking libkeyutils1:amd64 (1.5.9-5) ...
Selecting previously unselected package libkrb5support0:amd64.
Preparing to unpack .../libkrb5support0_1.12.1+dfsg-6_amd64.deb ...
Unpacking libkrb5support0:amd64 (1.12.1+dfsg-6) ...
Selecting previously unselected package libk5crypto3:amd64.
Preparing to unpack .../libk5crypto3_1.12.1+dfsg-6_amd64.deb ...
Unpacking libk5crypto3:amd64 (1.12.1+dfsg-6) ...
Selecting previously unselected package libkrb5-3:amd64.
Preparing to unpack .../libkrb5-3_1.12.1+dfsg-6_amd64.deb ...
Unpacking libkrb5-3:amd64 (1.12.1+dfsg-6) ...
Selecting previously unselected package libgssapi-krb5-2:amd64.
Preparing to unpack .../libgssapi-krb5-2_1.12.1+dfsg-6_amd64.deb ...
Unpacking libgssapi-krb5-2:amd64 (1.12.1+dfsg-6) ...
Selecting previously unselected package libidn11:amd64.
Preparing to unpack .../libidn11_1.28-2_amd64.deb ...
Unpacking libidn11:amd64 (1.28-2) ...
Selecting previously unselected package libsasl2-modules-db:amd64.
Preparing to unpack .../libsasl2-modules-db_2.1.26.dfsg1-11_amd64.deb ...
Unpacking libsasl2-modules-db:amd64 (2.1.26.dfsg1-11) ...
Selecting previously unselected package libsasl2-2:amd64.
Preparing to unpack .../libsasl2-2_2.1.26.dfsg1-11_amd64.deb ...
Unpacking libsasl2-2:amd64 (2.1.26.dfsg1-11) ...
Selecting previously unselected package libldap-2.4-2:amd64.
Preparing to unpack .../libldap-2.4-2_2.4.39-1_amd64.deb ...
Unpacking libldap-2.4-2:amd64 (2.4.39-1) ...
Selecting previously unselected package libmagic1:amd64.
Preparing to unpack .../libmagic1_1%3a5.19-1_amd64.deb ...
Unpacking libmagic1:amd64 (1:5.19-1) ...
Selecting previously unselected package libxml2:amd64.
Preparing to unpack .../libxml2_2.9.1+dfsg1-4_amd64.deb ...
Unpacking libxml2:amd64 (2.9.1+dfsg1-4) ...
Selecting previously unselected package liblzo2-2:amd64.
Preparing to unpack .../liblzo2-2_2.08-1_amd64.deb ...
Unpacking liblzo2-2:amd64 (2.08-1) ...
Selecting previously unselected package libarchive13:amd64.
Preparing to unpack .../libarchive13_3.1.2-8_amd64.deb ...
Unpacking libarchive13:amd64 (3.1.2-8) ...
Selecting previously unselected package libglib2.0-0:amd64.
Preparing to unpack .../libglib2.0-0_2.40.0-3_amd64.deb ...
Unpacking libglib2.0-0:amd64 (2.40.0-3) ...
Selecting previously unselected package libcroco3:amd64.
Preparing to unpack .../libcroco3_0.6.8-2_amd64.deb ...
Unpacking libcroco3:amd64 (0.6.8-2) ...
Selecting previously unselected package librtmp1:amd64.
Preparing to unpack .../librtmp1_2.4+20131018.git79459a2-4_amd64.deb ...
Unpacking librtmp1:amd64 (2.4+20131018.git79459a2-4) ...
Selecting previously unselected package libssh2-1:amd64.
Preparing to unpack .../libssh2-1_1.4.3-3_amd64.deb ...
Unpacking libssh2-1:amd64 (1.4.3-3) ...
Selecting previously unselected package libcurl3:amd64.
Preparing to unpack .../libcurl3_7.37.1-1_amd64.deb ...
Unpacking libcurl3:amd64 (7.37.1-1) ...
Selecting previously unselected package libexpat1:amd64.
Preparing to unpack .../libexpat1_2.1.0-6_amd64.deb ...
Unpacking libexpat1:amd64 (2.1.0-6) ...
Selecting previously unselected package libunistring0:amd64.
Preparing to unpack .../libunistring0_0.9.3-5.2_amd64.deb ...
Unpacking libunistring0:amd64 (0.9.3-5.2) ...
Selecting previously unselected package procps.
Preparing to unpack .../procps_1%3a3.3.9-7_amd64.deb ...
Unpacking procps (1:3.3.9-7) ...
Selecting previously unselected package file.
Preparing to unpack .../file_1%3a5.19-1_amd64.deb ...
Unpacking file (1:5.19-1) ...
Selecting previously unselected package gettext-base.
Preparing to unpack .../gettext-base_0.19.2-1_amd64.deb ...
Unpacking gettext-base (0.19.2-1) ...
Selecting previously unselected package cmake-data.
Preparing to unpack .../cmake-data_2.8.12.1-1.6_all.deb ...
Unpacking cmake-data (2.8.12.1-1.6) ...
Selecting previously unselected package cmake.
Preparing to unpack .../cmake_2.8.12.1-1.6_amd64.deb ...
Unpacking cmake (2.8.12.1-1.6) ...
Selecting previously unselected package gettext.
Preparing to unpack .../gettext_0.19.2-1_amd64.deb ...
Unpacking gettext (0.19.2-1) ...
Selecting previously unselected package intltool-debian.
Preparing to unpack .../intltool-debian_0.35.0+20060710.1_all.deb ...
Unpacking intltool-debian (0.35.0+20060710.1) ...
Selecting previously unselected package po-debconf.
Preparing to unpack .../po-debconf_1.0.16+nmu3_all.deb ...
Unpacking po-debconf (1.0.16+nmu3) ...
Selecting previously unselected package debhelper.
Preparing to unpack .../debhelper_9.20140613_all.deb ...
Unpacking debhelper (9.20140613) ...
Selecting previously unselected package sbuild-build-depends-z80ex-dummy.
Preparing to unpack .../sbuild-build-depends-z80ex-dummy.deb ...
Unpacking sbuild-build-depends-z80ex-dummy (0.invalid.0) ...
Setting up libncursesw5:amd64 (5.9+20140712-2) ...
Setting up libpipeline1:amd64 (1.3.0-1) ...
Setting up libprocps3:amd64 (1:3.3.9-7) ...
Setting up libssl1.0.0:amd64 (1.0.1h-3) ...
Setting up groff-base (1.22.2-6) ...
Setting up bsdmainutils (9.0.5) ...
update-alternatives: using /usr/bin/bsd-write to provide /usr/bin/write (write) in auto mode
update-alternatives: using /usr/bin/bsd-from to provide /usr/bin/from (from) in auto mode
Setting up man-db (2.6.7.1-1) ...
Not building database; man-db/auto-update is not 'true'.
Setting up libasprintf0c2:amd64 (0.19.2-1) ...
Setting up libgpg-error0:amd64 (1.13-2) ...
Setting up libgcrypt11:amd64 (1.5.3-5) ...
Setting up libgcrypt20:amd64 (1.6.1-2) ...
Setting up libnettle4:amd64 (2.7.1-3) ...
Setting up libhogweed2:amd64 (2.7.1-3) ...
Setting up libp11-kit0:amd64 (0.20.2-5) ...
Setting up libtasn1-6:amd64 (4.0-2) ...
Setting up libgnutls-deb0-28:amd64 (3.2.16-1) ...
Setting up libgnutls26:amd64 (2.12.23-17) ...
Setting up libkeyutils1:amd64 (1.5.9-5) ...
Setting up libkrb5support0:amd64 (1.12.1+dfsg-6) ...
Setting up libk5crypto3:amd64 (1.12.1+dfsg-6) ...
Setting up libkrb5-3:amd64 (1.12.1+dfsg-6) ...
Setting up libgssapi-krb5-2:amd64 (1.12.1+dfsg-6) ...
Setting up libidn11:amd64 (1.28-2) ...
Setting up libsasl2-modules-db:amd64 (2.1.26.dfsg1-11) ...
Setting up libsasl2-2:amd64 (2.1.26.dfsg1-11) ...
Setting up libldap-2.4-2:amd64 (2.4.39-1) ...
Setting up libmagic1:amd64 (1:5.19-1) ...
Setting up libxml2:amd64 (2.9.1+dfsg1-4) ...
Setting up liblzo2-2:amd64 (2.08-1) ...
Setting up libarchive13:amd64 (3.1.2-8) ...
Setting up libglib2.0-0:amd64 (2.40.0-3) ...
No schema files found: doing nothing.
Setting up libcroco3:amd64 (0.6.8-2) ...
Setting up librtmp1:amd64 (2.4+20131018.git79459a2-4) ...
Setting up libssh2-1:amd64 (1.4.3-3) ...
Setting up libcurl3:amd64 (7.37.1-1) ...
Setting up libexpat1:amd64 (2.1.0-6) ...
Setting up libunistring0:amd64 (0.9.3-5.2) ...
Setting up procps (1:3.3.9-7) ...
update-alternatives: using /usr/bin/w.procps to provide /usr/bin/w (w) in auto mode
All runlevel operations denied by policy
invoke-rc.d: policy-rc.d denied execution of start.
Setting up file (1:5.19-1) ...
Setting up gettext-base (0.19.2-1) ...
Setting up cmake-data (2.8.12.1-1.6) ...
Setting up cmake (2.8.12.1-1.6) ...
Setting up gettext (0.19.2-1) ...
Setting up intltool-debian (0.35.0+20060710.1) ...
Setting up po-debconf (1.0.16+nmu3) ...
Setting up debhelper (9.20140613) ...
Setting up sbuild-build-depends-z80ex-dummy (0.invalid.0) ...
Processing triggers for libc-bin (2.19-7) ...

┌──────────────────────────────────────────────────────────────────────────────┐
│ Build environment                                                            │
└──────────────────────────────────────────────────────────────────────────────┘

Kernel: Linux 2.6.32-5-xen-amd64 amd64 (x86_64)
Toolchain package versions: binutils_2.24.51.20140727-1 dpkg-dev_1.17.10 g++-4.6_4.6.4-7 g++-4.9_4.9.1-4 gcc-4.6_4.6.4-7 gcc-4.7_4.7.4-2 gcc-4.9_4.9.1-4 libc6-dev_2.19-7 libstdc++-4.9-dev_4.9.1-4 libstdc++6_4.9.1-4 libstdc++6-4.6-dev_4.6.4-7 linux-libc-dev_3.14.13-2
Package versions: apt_1.0.6 base-files_7.5 base-passwd_3.5.33 bash_4.3-8 binutils_2.24.51.20140727-1 bsdmainutils_9.0.5 bsdutils_1:2.20.1-5.8 build-essential_11.6 bzip2_1.0.6-7 clang-3.5_1:3.5~+rc1-2 cmake_2.8.12.1-1.6 cmake-data_2.8.12.1-1.6 coreutils_8.21-1.2 cpp_4:4.9.1-1 cpp-4.6_4.6.4-7 cpp-4.7_4.7.4-2 cpp-4.9_4.9.1-4 dash_0.5.7-4 debconf_1.5.53 debconf-i18n_1.5.53 debfoster_2.7-1.2 debhelper_9.20140613 debian-archive-keyring_2012.4 debianutils_4.4 diffutils_1:3.3-1 dpkg_1.17.10 dpkg-dev_1.17.10 e2fslibs_1.42.11-2 e2fsprogs_1.42.11-2 fakeroot_1.20.1-1 file_1:5.19-1 findutils_4.4.2-9 g++_4:4.9.1-1 g++-4.6_4.6.4-7 g++-4.9_4.9.1-4 gcc_4:4.9.1-1 gcc-4.4-base_4.4.7-8 gcc-4.5-base_4.5.4-1 gcc-4.6_4.6.4-7 gcc-4.6-base_4.6.4-7 gcc-4.7_4.7.4-2 gcc-4.7-base_4.7.4-2 gcc-4.8-base_4.8.3-7 gcc-4.9_4.9.1-4 gcc-4.9-base_4.9.1-4 gettext_0.19.2-1 gettext-base_0.19.2-1 gnupg_1.4.18-2 gpgv_1.4.18-2 grep_2.18-2 groff-base_1.22.2-6 gzip_1.6-3 hostname_3.15 init_1.20 initscripts_2.88dsf-53.2 insserv_1.14.0-5 intltool-debian_0.35.0+20060710.1 libacl1_2.2.52-1 libapt-pkg4.12_1.0.6 libarchive-extract-perl_0.72-1 libarchive13_3.1.2-8 libasan1_4.9.1-4 libasprintf0c2_0.19.2-1 libatomic1_4.9.1-4 libattr1_1:2.4.47-1 libaudit-common_1:2.3.7-1 libaudit1_1:2.3.7-1 libblkid1_2.20.1-5.8 libbsd0_0.7.0-1 libbz2-1.0_1.0.6-7 libc-bin_2.19-7 libc-dev-bin_2.19-7 libc6_2.19-7 libc6-dev_2.19-7 libcap2_1:2.24-4 libcilkrts5_4.9.1-4 libclang-common-3.5-dev_1:3.5~+rc1-2 libclang1-3.5_1:3.5~+rc1-2 libclass-isa-perl_0.36-5 libcloog-isl4_0.18.2-1 libcloog-ppl1_0.16.1-5 libcomerr2_1.42.11-2 libcroco3_0.6.8-2 libcurl3_7.37.1-1 libdb5.1_5.1.29-5 libdb5.3_5.3.28-5 libdebconfclient0_0.191 libdpkg-perl_1.17.10 libedit2_3.1-20140620-1 libexpat1_2.1.0-6 libfakeroot_1.20.1-1 libffi6_3.1-2 libfile-fcntllock-perl_0.22-1 libgc1c2_1:7.2d-6.2 libgcc-4.7-dev_4.7.4-2 libgcc-4.9-dev_4.9.1-4 libgcc1_1:4.9.1-4 libgcrypt11_1.5.3-5 libgcrypt20_1.6.1-2 libgdbm3_1.8.3-13 libglib2.0-0_2.40.0-3 libgmp10_2:6.0.0+dfsg-4 libgmpxx4ldbl_2:6.0.0+dfsg-4 libgnutls-deb0-28_3.2.16-1 libgnutls26_2.12.23-17 libgomp1_4.9.1-4 libgpg-error0_1.13-2 libgpm2_1.20.4-6.1 libgssapi-krb5-2_1.12.1+dfsg-6 libhogweed2_2.7.1-3 libidn11_1.28-2 libisl10_0.12.2-2 libitm1_4.9.1-4 libk5crypto3_1.12.1+dfsg-6 libkeyutils1_1.5.9-5 libkrb5-3_1.12.1+dfsg-6 libkrb5support0_1.12.1+dfsg-6 libldap-2.4-2_2.4.39-1 libllvm3.5_1:3.5~+rc1-2 liblocale-gettext-perl_1.05-8 liblog-message-perl_0.8-1 liblog-message-simple-perl_0.10-2 liblsan0_4.9.1-4 liblzma5_5.1.1alpha+20120614-2 liblzo2-2_2.08-1 libmagic1_1:5.19-1 libmodule-pluggable-perl_5.1-1 libmount1_2.20.1-5.8 libmpc2_0.9-4 libmpc3_1.0.2-1 libmpfr4_3.1.2-1 libncurses5_5.9+20140712-2 libncursesw5_5.9+20140712-2 libnettle4_2.7.1-3 libobjc-4.9-dev_4.9.1-4 libobjc4_4.9.1-4 libp11-kit0_0.20.2-5 libpam-modules_1.1.8-3 libpam-modules-bin_1.1.8-3 libpam-runtime_1.1.8-3 libpam0g_1.1.8-3 libpcre3_1:8.35-3 libpipeline1_1.3.0-1 libpod-latex-perl_0.61-1 libppl-c4_1:1.1-3 libppl13_1:1.1-3 libprocps3_1:3.3.9-7 libquadmath0_4.9.1-4 libreadline6_6.3-8 librtmp1_2.4+20131018.git79459a2-4 libsasl2-2_2.1.26.dfsg1-11 libsasl2-modules-db_2.1.26.dfsg1-11 libselinux1_2.3-1 libsemanage-common_2.3-1 libsemanage1_2.3-1 libsepol1_2.3-1 libslang2_2.2.4-17 libss2_1.42.11-2 libssh2-1_1.4.3-3 libssl1.0.0_1.0.1h-3 libstdc++-4.9-dev_4.9.1-4 libstdc++6_4.9.1-4 libstdc++6-4.6-dev_4.6.4-7 libswitch-perl_2.17-1 libtasn1-6_4.0-2 libterm-ui-perl_0.42-1 libtext-charwidth-perl_0.04-7+b2 libtext-iconv-perl_1.7-5+b1 libtext-soundex-perl_3.4-1+b1 libtext-wrapi18n-perl_0.06-7 libtimedate-perl_2.3000-2 libtinfo5_5.9+20140712-2 libtsan0_4.9.1-4 libubsan0_4.9.1-4 libunistring0_0.9.3-5.2 libusb-0.1-4_2:0.1.12-24 libustr-1.0-1_1.0.4-3 libuuid1_2.20.1-5.8 libxml2_2.9.1+dfsg1-4 linux-libc-dev_3.14.13-2 login_1:4.2-2 lsb-base_4.1+Debian13 make_4.0-8 man-db_2.6.7.1-1 mawk_1.3.3-17 mount_2.20.1-5.8 multiarch-support_2.19-7 ncurses-base_5.9+20140712-2 ncurses-bin_5.9+20140712-2 passwd_1:4.2-2 patch_2.7.1-5 perl_5.18.2-7 perl-base_5.18.2-7 perl-modules_5.18.2-7 po-debconf_1.0.16+nmu3 procps_1:3.3.9-7 readline-common_6.3-8 rename_0.20-3 sbuild-build-depends-core-dummy_0.invalid.0 sbuild-build-depends-z80ex-dummy_0.invalid.0 sed_4.2.2-4 sensible-utils_0.0.9 startpar_0.59-3 sudo_1.8.9p5-1 sysv-rc_2.88dsf-53.2 sysvinit_2.88dsf-53.2 sysvinit-core_2.88dsf-53.2 sysvinit-utils_2.88dsf-53.2 tar_1.27.1-2 tzdata_2014e-1 ucf_3.0030 util-linux_2.20.1-5.8 vim_2:7.4.335-1 vim-common_2:7.4.335-1 vim-runtime_2:7.4.335-1 xz-utils_5.1.1alpha+20120614-2 zlib1g_1:1.2.8.dfsg-1

┌──────────────────────────────────────────────────────────────────────────────┐
│ Build                                                                        │
└──────────────────────────────────────────────────────────────────────────────┘


Unpack source
─────────────

gpgv: keyblock resource `/sbuild-nonexistent/.gnupg/trustedkeys.gpg': file open error
gpgv: Signature made Tue Sep 10 01:32:13 2013 UTC using RSA key ID F5B5F913
gpgv: Can't check signature: public key not found
dpkg-source: warning: failed to verify signature on ./z80ex_1.1.21-1.dsc
dpkg-source: info: extracting z80ex in z80ex-1.1.21
dpkg-source: info: unpacking z80ex_1.1.21.orig.tar.gz
dpkg-source: info: unpacking z80ex_1.1.21-1.debian.tar.gz

Check disc space
────────────────

Sufficient free space for build

Hack binNMU version
───────────────────

Created changelog entry for binNMU version 1.1.21-1clang1

User Environment
────────────────

DEB_BUILD_OPTIONS=parallel=10
HOME=/sbuild-nonexistent
LOGNAME=user
PATH=/usr/local/sbin:/usr/local/bin:/usr/sbin:/usr/bin:/sbin:/bin:/usr/games
SCHROOT_ALIAS_NAME=unstable-amd64-sbuild
SCHROOT_CHROOT_NAME=unstable-amd64-sbuild
SCHROOT_COMMAND=env
SCHROOT_GID=1000
SCHROOT_GROUP=user
SCHROOT_SESSION_ID=unstable-amd64-sbuild-48b4e10a-acb8-4af2-89bf-a7cd9b6942b3
SCHROOT_UID=1000
SCHROOT_USER=user
SHELL=/bin/sh
USER=user

dpkg-buildpackage
─────────────────

dpkg-buildpackage: source package z80ex
dpkg-buildpackage: source version 1.1.21-1clang1
dpkg-buildpackage: source distribution unstable
 dpkg-source --before-build z80ex-1.1.21
dpkg-buildpackage: host architecture amd64
 fakeroot debian/rules clean
dh  clean -Scmake
   dh_testdir -O-Scmake
   dh_auto_clean -O-Scmake
   dh_clean -O-Scmake
 debian/rules build-arch
dh  build-arch -Scmake
   dh_testdir -a -O-Scmake
   dh_auto_configure -a -O-Scmake
-- The C compiler identification is Clang 3.5.0
-- The CXX compiler identification is Clang 3.5.0
-- Check for working C compiler: /usr/bin/cc
-- Check for working C compiler: /usr/bin/cc -- works
-- Detecting C compiler ABI info
-- Detecting C compiler ABI info - done
-- Check for working CXX compiler: /usr/bin/c++
-- Check for working CXX compiler: /usr/bin/c++ -- works
-- Detecting CXX compiler ABI info
-- Detecting CXX compiler ABI info - done
-- Check if the system is big endian
-- Searching 16 bit integer
-- Looking for sys/types.h
-- Looking for sys/types.h - found
-- Looking for stdint.h
-- Looking for stdint.h - found
-- Looking for stddef.h
-- Looking for stddef.h - found
-- Check size of unsigned short
-- Check size of unsigned short - done
-- Using unsigned short
-- Check if the system is big endian - little endian
-- Configuring done
-- Generating done
-- Build files have been written to: /«PKGBUILDDIR»/obj-x86_64-linux-gnu
   dh_auto_build -a -O-Scmake
make[1]: Entering directory '/«PKGBUILDDIR»/obj-x86_64-linux-gnu'
/usr/bin/cmake -H/«PKGBUILDDIR» -B/«PKGBUILDDIR»/obj-x86_64-linux-gnu --check-build-system CMakeFiles/Makefile.cmake 0
/usr/bin/cmake -E cmake_progress_start /«PKGBUILDDIR»/obj-x86_64-linux-gnu/CMakeFiles /«PKGBUILDDIR»/obj-x86_64-linux-gnu/CMakeFiles/progress.marks
make -f CMakeFiles/Makefile2 all
make[2]: Entering directory '/«PKGBUILDDIR»/obj-x86_64-linux-gnu'
make -f CMakeFiles/z80ex.dir/build.make CMakeFiles/z80ex.dir/depend
make[3]: Entering directory '/«PKGBUILDDIR»/obj-x86_64-linux-gnu'
cd /«PKGBUILDDIR»/obj-x86_64-linux-gnu && /usr/bin/cmake -E cmake_depends "Unix Makefiles" /«PKGBUILDDIR» /«PKGBUILDDIR» /«PKGBUILDDIR»/obj-x86_64-linux-gnu /«PKGBUILDDIR»/obj-x86_64-linux-gnu /«PKGBUILDDIR»/obj-x86_64-linux-gnu/CMakeFiles/z80ex.dir/DependInfo.cmake --color=
Scanning dependencies of target z80ex
make[3]: Leaving directory '/«PKGBUILDDIR»/obj-x86_64-linux-gnu'
make -f CMakeFiles/z80ex.dir/build.make CMakeFiles/z80ex.dir/build
make[3]: Entering directory '/«PKGBUILDDIR»/obj-x86_64-linux-gnu'
/usr/bin/cmake -E cmake_progress_report /«PKGBUILDDIR»/obj-x86_64-linux-gnu/CMakeFiles 1
[ 25%] Building C object CMakeFiles/z80ex.dir/z80ex.c.o
/usr/bin/cc  -DWORDS_LITTLE_ENDIAN -DZ80EX_API_REVISION=1 -DZ80EX_RELEASE_TYPE="" -DZ80EX_VERSION_MAJOR=1 -DZ80EX_VERSION_MINOR=21 -DZ80EX_VERSION_STR=1.1.21 -Dz80ex_EXPORTS -g -O2 -fstack-protector --param=ssp-buffer-size=4 -Wformat -Werror=format-security -D_FORTIFY_SOURCE=2  -fPIC -I/«PKGBUILDDIR»/include -I/«PKGBUILDDIR»/.    -o CMakeFiles/z80ex.dir/z80ex.c.o   -c /«PKGBUILDDIR»/z80ex.c
Linking C shared library libz80ex.so
/usr/bin/cmake -E cmake_link_script CMakeFiles/z80ex.dir/link.txt --verbose=1
/usr/bin/cc  -fPIC -g -O2 -fstack-protector --param=ssp-buffer-size=4 -Wformat -Werror=format-security -D_FORTIFY_SOURCE=2   -Wl,-z,relro -shared -Wl,-soname,libz80ex.so.1 -o libz80ex.so.1.1.21 CMakeFiles/z80ex.dir/z80ex.c.o 
/usr/bin/cmake -E cmake_symlink_library libz80ex.so.1.1.21 libz80ex.so.1 libz80ex.so
make[3]: Leaving directory '/«PKGBUILDDIR»/obj-x86_64-linux-gnu'
/usr/bin/cmake -E cmake_progress_report /«PKGBUILDDIR»/obj-x86_64-linux-gnu/CMakeFiles  1
[ 25%] Built target z80ex
make -f CMakeFiles/z80ex-static.dir/build.make CMakeFiles/z80ex-static.dir/depend
make[3]: Entering directory '/«PKGBUILDDIR»/obj-x86_64-linux-gnu'
cd /«PKGBUILDDIR»/obj-x86_64-linux-gnu && /usr/bin/cmake -E cmake_depends "Unix Makefiles" /«PKGBUILDDIR» /«PKGBUILDDIR» /«PKGBUILDDIR»/obj-x86_64-linux-gnu /«PKGBUILDDIR»/obj-x86_64-linux-gnu /«PKGBUILDDIR»/obj-x86_64-linux-gnu/CMakeFiles/z80ex-static.dir/DependInfo.cmake --color=
Scanning dependencies of target z80ex-static
make[3]: Leaving directory '/«PKGBUILDDIR»/obj-x86_64-linux-gnu'
make -f CMakeFiles/z80ex-static.dir/build.make CMakeFiles/z80ex-static.dir/build
make[3]: Entering directory '/«PKGBUILDDIR»/obj-x86_64-linux-gnu'
/usr/bin/cmake -E cmake_progress_report /«PKGBUILDDIR»/obj-x86_64-linux-gnu/CMakeFiles 2
[ 50%] Building C object CMakeFiles/z80ex-static.dir/z80ex.c.o
/usr/bin/cc  -DWORDS_LITTLE_ENDIAN -DZ80EX_API_REVISION=1 -DZ80EX_RELEASE_TYPE="" -DZ80EX_VERSION_MAJOR=1 -DZ80EX_VERSION_MINOR=21 -DZ80EX_VERSION_STR=1.1.21 -g -O2 -fstack-protector --param=ssp-buffer-size=4 -Wformat -Werror=format-security -D_FORTIFY_SOURCE=2  -I/«PKGBUILDDIR»/include -I/«PKGBUILDDIR»/.    -o CMakeFiles/z80ex-static.dir/z80ex.c.o   -c /«PKGBUILDDIR»/z80ex.c
Linking C static library libz80ex.a
/usr/bin/cmake -P CMakeFiles/z80ex-static.dir/cmake_clean_target.cmake
/usr/bin/cmake -E cmake_link_script CMakeFiles/z80ex-static.dir/link.txt --verbose=1
/usr/bin/ar cr libz80ex.a  CMakeFiles/z80ex-static.dir/z80ex.c.o
/usr/bin/ranlib libz80ex.a
make[3]: Leaving directory '/«PKGBUILDDIR»/obj-x86_64-linux-gnu'
/usr/bin/cmake -E cmake_progress_report /«PKGBUILDDIR»/obj-x86_64-linux-gnu/CMakeFiles  2
[ 50%] Built target z80ex-static
make -f CMakeFiles/z80ex_dasm.dir/build.make CMakeFiles/z80ex_dasm.dir/depend
make[3]: Entering directory '/«PKGBUILDDIR»/obj-x86_64-linux-gnu'
cd /«PKGBUILDDIR»/obj-x86_64-linux-gnu && /usr/bin/cmake -E cmake_depends "Unix Makefiles" /«PKGBUILDDIR» /«PKGBUILDDIR» /«PKGBUILDDIR»/obj-x86_64-linux-gnu /«PKGBUILDDIR»/obj-x86_64-linux-gnu /«PKGBUILDDIR»/obj-x86_64-linux-gnu/CMakeFiles/z80ex_dasm.dir/DependInfo.cmake --color=
Scanning dependencies of target z80ex_dasm
make[3]: Leaving directory '/«PKGBUILDDIR»/obj-x86_64-linux-gnu'
make -f CMakeFiles/z80ex_dasm.dir/build.make CMakeFiles/z80ex_dasm.dir/build
make[3]: Entering directory '/«PKGBUILDDIR»/obj-x86_64-linux-gnu'
/usr/bin/cmake -E cmake_progress_report /«PKGBUILDDIR»/obj-x86_64-linux-gnu/CMakeFiles 3
[ 75%] Building C object CMakeFiles/z80ex_dasm.dir/z80ex_dasm.c.o
/usr/bin/cc  -DWORDS_LITTLE_ENDIAN -DZ80EX_API_REVISION=1 -DZ80EX_RELEASE_TYPE="" -DZ80EX_VERSION_MAJOR=1 -DZ80EX_VERSION_MINOR=21 -DZ80EX_VERSION_STR=1.1.21 -Dz80ex_dasm_EXPORTS -g -O2 -fstack-protector --param=ssp-buffer-size=4 -Wformat -Werror=format-security -D_FORTIFY_SOURCE=2  -fPIC -I/«PKGBUILDDIR»/include -I/«PKGBUILDDIR»/.    -o CMakeFiles/z80ex_dasm.dir/z80ex_dasm.c.o   -c /«PKGBUILDDIR»/z80ex_dasm.c
/«PKGBUILDDIR»/z80ex_dasm.c:13:9: warning: '__USE_ISOC99' macro redefined [-Wmacro-redefined]
#define __USE_ISOC99
        ^
/usr/include/features.h:268:10: note: previous definition is here
# define __USE_ISOC99           1
         ^
1 warning generated.
Linking C shared library libz80ex_dasm.so
/usr/bin/cmake -E cmake_link_script CMakeFiles/z80ex_dasm.dir/link.txt --verbose=1
/usr/bin/cc  -fPIC -g -O2 -fstack-protector --param=ssp-buffer-size=4 -Wformat -Werror=format-security -D_FORTIFY_SOURCE=2   -Wl,-z,relro -shared -Wl,-soname,libz80ex_dasm.so.1 -o libz80ex_dasm.so.1.1.21 CMakeFiles/z80ex_dasm.dir/z80ex_dasm.c.o 
/usr/bin/cmake -E cmake_symlink_library libz80ex_dasm.so.1.1.21 libz80ex_dasm.so.1 libz80ex_dasm.so
make[3]: Leaving directory '/«PKGBUILDDIR»/obj-x86_64-linux-gnu'
/usr/bin/cmake -E cmake_progress_report /«PKGBUILDDIR»/obj-x86_64-linux-gnu/CMakeFiles  3
[ 75%] Built target z80ex_dasm
make -f CMakeFiles/z80ex_dasm-static.dir/build.make CMakeFiles/z80ex_dasm-static.dir/depend
make[3]: Entering directory '/«PKGBUILDDIR»/obj-x86_64-linux-gnu'
cd /«PKGBUILDDIR»/obj-x86_64-linux-gnu && /usr/bin/cmake -E cmake_depends "Unix Makefiles" /«PKGBUILDDIR» /«PKGBUILDDIR» /«PKGBUILDDIR»/obj-x86_64-linux-gnu /«PKGBUILDDIR»/obj-x86_64-linux-gnu /«PKGBUILDDIR»/obj-x86_64-linux-gnu/CMakeFiles/z80ex_dasm-static.dir/DependInfo.cmake --color=
Scanning dependencies of target z80ex_dasm-static
make[3]: Leaving directory '/«PKGBUILDDIR»/obj-x86_64-linux-gnu'
make -f CMakeFiles/z80ex_dasm-static.dir/build.make CMakeFiles/z80ex_dasm-static.dir/build
make[3]: Entering directory '/«PKGBUILDDIR»/obj-x86_64-linux-gnu'
/usr/bin/cmake -E cmake_progress_report /«PKGBUILDDIR»/obj-x86_64-linux-gnu/CMakeFiles 4
[100%] Building C object CMakeFiles/z80ex_dasm-static.dir/z80ex_dasm.c.o
/usr/bin/cc  -DWORDS_LITTLE_ENDIAN -DZ80EX_API_REVISION=1 -DZ80EX_RELEASE_TYPE="" -DZ80EX_VERSION_MAJOR=1 -DZ80EX_VERSION_MINOR=21 -DZ80EX_VERSION_STR=1.1.21 -g -O2 -fstack-protector --param=ssp-buffer-size=4 -Wformat -Werror=format-security -D_FORTIFY_SOURCE=2  -I/«PKGBUILDDIR»/include -I/«PKGBUILDDIR»/.    -o CMakeFiles/z80ex_dasm-static.dir/z80ex_dasm.c.o   -c /«PKGBUILDDIR»/z80ex_dasm.c
/«PKGBUILDDIR»/z80ex_dasm.c:13:9: warning: '__USE_ISOC99' macro redefined [-Wmacro-redefined]
#define __USE_ISOC99
        ^
/usr/include/features.h:268:10: note: previous definition is here
# define __USE_ISOC99           1
         ^
1 warning generated.
Linking C static library libz80ex_dasm.a
/usr/bin/cmake -P CMakeFiles/z80ex_dasm-static.dir/cmake_clean_target.cmake
/usr/bin/cmake -E cmake_link_script CMakeFiles/z80ex_dasm-static.dir/link.txt --verbose=1
/usr/bin/ar cr libz80ex_dasm.a  CMakeFiles/z80ex_dasm-static.dir/z80ex_dasm.c.o
/usr/bin/ranlib libz80ex_dasm.a
make[3]: Leaving directory '/«PKGBUILDDIR»/obj-x86_64-linux-gnu'
/usr/bin/cmake -E cmake_progress_report /«PKGBUILDDIR»/obj-x86_64-linux-gnu/CMakeFiles  4
[100%] Built target z80ex_dasm-static
make[2]: Leaving directory '/«PKGBUILDDIR»/obj-x86_64-linux-gnu'
/usr/bin/cmake -E cmake_progress_start /«PKGBUILDDIR»/obj-x86_64-linux-gnu/CMakeFiles 0
make[1]: Leaving directory '/«PKGBUILDDIR»/obj-x86_64-linux-gnu'
   dh_auto_test -a -O-Scmake
 fakeroot debian/rules binary-arch
dh  binary-arch -Scmake
   dh_testroot -a -O-Scmake
   dh_prep -a -O-Scmake
   dh_installdirs -a -O-Scmake
   dh_auto_install -a -O-Scmake
make[1]: Entering directory '/«PKGBUILDDIR»/obj-x86_64-linux-gnu'
/usr/bin/cmake -H/«PKGBUILDDIR» -B/«PKGBUILDDIR»/obj-x86_64-linux-gnu --check-build-system CMakeFiles/Makefile.cmake 0
/usr/bin/cmake -E cmake_progress_start /«PKGBUILDDIR»/obj-x86_64-linux-gnu/CMakeFiles /«PKGBUILDDIR»/obj-x86_64-linux-gnu/CMakeFiles/progress.marks
make -f CMakeFiles/Makefile2 all
make[2]: Entering directory '/«PKGBUILDDIR»/obj-x86_64-linux-gnu'
make -f CMakeFiles/z80ex.dir/build.make CMakeFiles/z80ex.dir/depend
make[3]: Entering directory '/«PKGBUILDDIR»/obj-x86_64-linux-gnu'
cd /«PKGBUILDDIR»/obj-x86_64-linux-gnu && /usr/bin/cmake -E cmake_depends "Unix Makefiles" /«PKGBUILDDIR» /«PKGBUILDDIR» /«PKGBUILDDIR»/obj-x86_64-linux-gnu /«PKGBUILDDIR»/obj-x86_64-linux-gnu /«PKGBUILDDIR»/obj-x86_64-linux-gnu/CMakeFiles/z80ex.dir/DependInfo.cmake --color=
make[3]: Leaving directory '/«PKGBUILDDIR»/obj-x86_64-linux-gnu'
make -f CMakeFiles/z80ex.dir/build.make CMakeFiles/z80ex.dir/build
make[3]: Entering directory '/«PKGBUILDDIR»/obj-x86_64-linux-gnu'
make[3]: Nothing to be done for 'CMakeFiles/z80ex.dir/build'.
make[3]: Leaving directory '/«PKGBUILDDIR»/obj-x86_64-linux-gnu'
/usr/bin/cmake -E cmake_progress_report /«PKGBUILDDIR»/obj-x86_64-linux-gnu/CMakeFiles  1
[ 25%] Built target z80ex
make -f CMakeFiles/z80ex-static.dir/build.make CMakeFiles/z80ex-static.dir/depend
make[3]: Entering directory '/«PKGBUILDDIR»/obj-x86_64-linux-gnu'
cd /«PKGBUILDDIR»/obj-x86_64-linux-gnu && /usr/bin/cmake -E cmake_depends "Unix Makefiles" /«PKGBUILDDIR» /«PKGBUILDDIR» /«PKGBUILDDIR»/obj-x86_64-linux-gnu /«PKGBUILDDIR»/obj-x86_64-linux-gnu /«PKGBUILDDIR»/obj-x86_64-linux-gnu/CMakeFiles/z80ex-static.dir/DependInfo.cmake --color=
make[3]: Leaving directory '/«PKGBUILDDIR»/obj-x86_64-linux-gnu'
make -f CMakeFiles/z80ex-static.dir/build.make CMakeFiles/z80ex-static.dir/build
make[3]: Entering directory '/«PKGBUILDDIR»/obj-x86_64-linux-gnu'
make[3]: Nothing to be done for 'CMakeFiles/z80ex-static.dir/build'.
make[3]: Leaving directory '/«PKGBUILDDIR»/obj-x86_64-linux-gnu'
/usr/bin/cmake -E cmake_progress_report /«PKGBUILDDIR»/obj-x86_64-linux-gnu/CMakeFiles  2
[ 50%] Built target z80ex-static
make -f CMakeFiles/z80ex_dasm.dir/build.make CMakeFiles/z80ex_dasm.dir/depend
make[3]: Entering directory '/«PKGBUILDDIR»/obj-x86_64-linux-gnu'
cd /«PKGBUILDDIR»/obj-x86_64-linux-gnu && /usr/bin/cmake -E cmake_depends "Unix Makefiles" /«PKGBUILDDIR» /«PKGBUILDDIR» /«PKGBUILDDIR»/obj-x86_64-linux-gnu /«PKGBUILDDIR»/obj-x86_64-linux-gnu /«PKGBUILDDIR»/obj-x86_64-linux-gnu/CMakeFiles/z80ex_dasm.dir/DependInfo.cmake --color=
make[3]: Leaving directory '/«PKGBUILDDIR»/obj-x86_64-linux-gnu'
make -f CMakeFiles/z80ex_dasm.dir/build.make CMakeFiles/z80ex_dasm.dir/build
make[3]: Entering directory '/«PKGBUILDDIR»/obj-x86_64-linux-gnu'
make[3]: Nothing to be done for 'CMakeFiles/z80ex_dasm.dir/build'.
make[3]: Leaving directory '/«PKGBUILDDIR»/obj-x86_64-linux-gnu'
/usr/bin/cmake -E cmake_progress_report /«PKGBUILDDIR»/obj-x86_64-linux-gnu/CMakeFiles  3
[ 75%] Built target z80ex_dasm
make -f CMakeFiles/z80ex_dasm-static.dir/build.make CMakeFiles/z80ex_dasm-static.dir/depend
make[3]: Entering directory '/«PKGBUILDDIR»/obj-x86_64-linux-gnu'
cd /«PKGBUILDDIR»/obj-x86_64-linux-gnu && /usr/bin/cmake -E cmake_depends "Unix Makefiles" /«PKGBUILDDIR» /«PKGBUILDDIR» /«PKGBUILDDIR»/obj-x86_64-linux-gnu /«PKGBUILDDIR»/obj-x86_64-linux-gnu /«PKGBUILDDIR»/obj-x86_64-linux-gnu/CMakeFiles/z80ex_dasm-static.dir/DependInfo.cmake --color=
make[3]: Leaving directory '/«PKGBUILDDIR»/obj-x86_64-linux-gnu'
make -f CMakeFiles/z80ex_dasm-static.dir/build.make CMakeFiles/z80ex_dasm-static.dir/build
make[3]: Entering directory '/«PKGBUILDDIR»/obj-x86_64-linux-gnu'
make[3]: Nothing to be done for 'CMakeFiles/z80ex_dasm-static.dir/build'.
make[3]: Leaving directory '/«PKGBUILDDIR»/obj-x86_64-linux-gnu'
/usr/bin/cmake -E cmake_progress_report /«PKGBUILDDIR»/obj-x86_64-linux-gnu/CMakeFiles  4
[100%] Built target z80ex_dasm-static
make[2]: Leaving directory '/«PKGBUILDDIR»/obj-x86_64-linux-gnu'
/usr/bin/cmake -E cmake_progress_start /«PKGBUILDDIR»/obj-x86_64-linux-gnu/CMakeFiles 0
make -f CMakeFiles/Makefile2 preinstall
make[2]: Entering directory '/«PKGBUILDDIR»/obj-x86_64-linux-gnu'
make[2]: Nothing to be done for 'preinstall'.
make[2]: Leaving directory '/«PKGBUILDDIR»/obj-x86_64-linux-gnu'
Install the project...
/usr/bin/cmake -P cmake_install.cmake
-- Install configuration: "None"
-- Installing: /«PKGBUILDDIR»/debian/tmp/usr/lib64/libz80ex.so.1.1.21
-- Installing: /«PKGBUILDDIR»/debian/tmp/usr/lib64/libz80ex.so.1
-- Installing: /«PKGBUILDDIR»/debian/tmp/usr/lib64/libz80ex.so
-- Installing: /«PKGBUILDDIR»/debian/tmp/usr/lib64/libz80ex_dasm.so.1.1.21
-- Installing: /«PKGBUILDDIR»/debian/tmp/usr/lib64/libz80ex_dasm.so.1
-- Installing: /«PKGBUILDDIR»/debian/tmp/usr/lib64/libz80ex_dasm.so
-- Installing: /«PKGBUILDDIR»/debian/tmp/usr/lib64/libz80ex.a
-- Installing: /«PKGBUILDDIR»/debian/tmp/usr/lib64/libz80ex_dasm.a
-- Installing: /«PKGBUILDDIR»/debian/tmp/usr/include/z80ex
-- Installing: /«PKGBUILDDIR»/debian/tmp/usr/include/z80ex/z80ex_common.h
-- Installing: /«PKGBUILDDIR»/debian/tmp/usr/include/z80ex/z80ex.h
-- Installing: /«PKGBUILDDIR»/debian/tmp/usr/include/z80ex/z80ex_dasm.h
make[1]: Leaving directory '/«PKGBUILDDIR»/obj-x86_64-linux-gnu'
   debian/rules override_dh_install
make[1]: Entering directory '/«PKGBUILDDIR»'
set -e; for file in libz80ex1.install libz80ex-dev.install; \
        do \
                sed -e"s,\${DEB_HOST_MULTIARCH},x86_64-linux-gnu,g" \
		debian/${file}.in > debian/$file; \
        done
dh_installdirs
dh_install
dh_install: libz80ex-dev missing files (usr/lib/lib*.a), aborting
make[1]: *** [override_dh_install] Error 2
debian/rules:13: recipe for target 'override_dh_install' failed
make[1]: Leaving directory '/«PKGBUILDDIR»'
make: *** [binary-arch] Error 2
dpkg-buildpackage: error: fakeroot debian/rules binary-arch gave error exit status 2
debian/rules:22: recipe for target 'binary-arch' failed
────────────────────────────────────────────────────────────────────────────────
Build finished at 20140806-1623

Finished
────────

E: Build failure (dpkg-buildpackage died)

┌──────────────────────────────────────────────────────────────────────────────┐
│ Cleanup                                                                      │
└──────────────────────────────────────────────────────────────────────────────┘

Purging /«BUILDDIR»
Not cleaning session: cloned chroot in use

┌──────────────────────────────────────────────────────────────────────────────┐
│ Summary                                                                      │
└──────────────────────────────────────────────────────────────────────────────┘

Build Architecture: amd64
Build-Space: 8056
Build-Time: 27
Distribution: unstable
Fail-Stage: build
Host Architecture: amd64
Install-Time: 12
Job: z80ex_1.1.21-1
Machine Architecture: amd64
Package: z80ex
Package-Time: 65
Source-Version: 1.1.21-1
Space: 8056
Status: attempted
Version: 1.1.21-1clang1
────────────────────────────────────────────────────────────────────────────────
Finished at 20140806-1623
Build needed 00:01:05, 8056k disc space
DC-Status: Failed 65.494598057s
DC-Time-Estimation: 65.494598057 versus expected 357 (r/m: 4.45083122258881 ; m: 65.494598057)
