DC-Build-Header: casync 2+20180321-2.1 / 2019-01-01 09:07:50 +0000
DC-Task: type:rebuild-binarch-only source:casync version:2+20180321-2.1 chroot:unstable esttime:236 logfile:/tmp/casync_2+20180321-2.1_unstable_clang7.log modes:clang7:binarch-only
DC-Sbuild-call: su user42 -c 'sbuild -n --arch-any --apt-update -d unstable -v  --chroot-setup-commands=/tmp/clang7 casync_2+20180321-2.1'
sbuild (Debian sbuild) 0.73.0 (23 Dec 2016) on ip-172-31-7-57.eu-central-1.compute.internal

+==============================================================================+
| casync 2+20180321-2.1 (amd64)                Tue, 01 Jan 2019 09:07:50 +0000 |
+==============================================================================+

Package: casync
Version: 2+20180321-2.1
Source Version: 2+20180321-2.1
Distribution: unstable
Machine Architecture: amd64
Host Architecture: amd64
Build Architecture: amd64
Build Type: any

I: NOTICE: Log filtering will replace 'var/run/schroot/mount/sid-amd64-sbuild-ea750ede-593a-4171-bfc7-645b8e4a71a9' with '<<CHROOT>>'

+------------------------------------------------------------------------------+
| Chroot Setup Commands                                                        |
+------------------------------------------------------------------------------+


/tmp/clang7
-----------

+ echo 'Entering customization script...'
Entering customization script...
+ CLANG_VERSION=7
+ echo 'Install of clang-7'
Install of clang-7
+ apt-get update
Get:1 http://127.0.0.1:9999/debian sid InRelease [238 kB]
Get:2 http://127.0.0.1:9999/debian sid/main Sources.diff/Index [27.9 kB]
Get:3 http://127.0.0.1:9999/debian sid/main amd64 Packages.diff/Index [27.9 kB]
Get:4 http://127.0.0.1:9999/debian sid/main Sources 2018-12-31-1417.22.pdiff [16.7 kB]
Get:5 http://127.0.0.1:9999/debian sid/main Sources 2018-12-31-2012.09.pdiff [15.0 kB]
Get:6 http://127.0.0.1:9999/debian sid/main Sources 2019-01-01-0216.00.pdiff [15.3 kB]
Get:6 http://127.0.0.1:9999/debian sid/main Sources 2019-01-01-0216.00.pdiff [15.3 kB]
Get:7 http://127.0.0.1:9999/debian sid/main amd64 Packages 2018-12-31-1417.22.pdiff [12.4 kB]
Get:8 http://127.0.0.1:9999/debian sid/main amd64 Packages 2018-12-31-2012.09.pdiff [12.1 kB]
Get:9 http://127.0.0.1:9999/debian sid/main amd64 Packages 2019-01-01-0216.00.pdiff [7889 B]
Get:9 http://127.0.0.1:9999/debian sid/main amd64 Packages 2019-01-01-0216.00.pdiff [7889 B]
Get:10 http://127.0.0.1:9999/debian sid/main Translation-en [6267 kB]
Fetched 6640 kB in 2s (3514 kB/s)
Reading package lists...
+ apt-get install --yes --no-install-recommends --force-yes clang-7
Reading package lists...
Building dependency tree...
The following additional packages will be installed:
  lib32gcc1 lib32stdc++6 libbsd0 libc6-i386 libclang-common-7-dev libclang1-7
  libedit2 libgc1c2 libllvm7 libobjc-8-dev libobjc4
Suggested packages:
  clang-7-doc
Recommended packages:
  llvm-7-dev python libomp-7-dev
The following NEW packages will be installed:
  clang-7 lib32gcc1 lib32stdc++6 libbsd0 libc6-i386 libclang-common-7-dev
  libclang1-7 libedit2 libgc1c2 libllvm7 libobjc-8-dev libobjc4
0 upgraded, 12 newly installed, 0 to remove and 1 not upgraded.
Need to get 34.1 MB of archives.
After this operation, 183 MB of additional disk space will be used.
Get:1 http://127.0.0.1:9999/debian sid/main amd64 libbsd0 amd64 0.9.1-1 [99.3 kB]
Get:2 http://127.0.0.1:9999/debian sid/main amd64 libedit2 amd64 3.1-20181209-1 [94.0 kB]
Get:3 http://127.0.0.1:9999/debian sid/main amd64 libllvm7 amd64 1:7.0.1-3 [13.0 MB]
Get:4 http://127.0.0.1:9999/debian sid/main amd64 libgc1c2 amd64 1:7.6.4-0.4 [224 kB]
Get:5 http://127.0.0.1:9999/debian sid/main amd64 libobjc4 amd64 8.2.0-13 [50.4 kB]
Get:6 http://127.0.0.1:9999/debian sid/main amd64 libobjc-8-dev amd64 8.2.0-13 [224 kB]
Get:7 http://127.0.0.1:9999/debian sid/main amd64 libc6-i386 amd64 2.28-4 [2873 kB]
Get:8 http://127.0.0.1:9999/debian sid/main amd64 lib32gcc1 amd64 1:8.2.0-13 [47.9 kB]
Get:9 http://127.0.0.1:9999/debian sid/main amd64 lib32stdc++6 amd64 8.2.0-13 [406 kB]
Get:10 http://127.0.0.1:9999/debian sid/main amd64 libclang-common-7-dev amd64 1:7.0.1-3 [3157 kB]
Get:11 http://127.0.0.1:9999/debian sid/main amd64 libclang1-7 amd64 1:7.0.1-3 [5992 kB]
Get:12 http://127.0.0.1:9999/debian sid/main amd64 clang-7 amd64 1:7.0.1-3 [7890 kB]
debconf: delaying package configuration, since apt-utils is not installed
Fetched 34.1 MB in 0s (117 MB/s)
Selecting previously unselected package libbsd0:amd64.
(Reading database ... (Reading database ... 5%(Reading database ... 10%(Reading database ... 15%(Reading database ... 20%(Reading database ... 25%(Reading database ... 30%(Reading database ... 35%(Reading database ... 40%(Reading database ... 45%(Reading database ... 50%(Reading database ... 55%(Reading database ... 60%(Reading database ... 65%(Reading database ... 70%(Reading database ... 75%(Reading database ... 80%(Reading database ... 85%(Reading database ... 90%(Reading database ... 95%(Reading database ... 100%(Reading database ... 11801 files and directories currently installed.)
Preparing to unpack .../00-libbsd0_0.9.1-1_amd64.deb ...
Unpacking libbsd0:amd64 (0.9.1-1) ...
Selecting previously unselected package libedit2:amd64.
Preparing to unpack .../01-libedit2_3.1-20181209-1_amd64.deb ...
Unpacking libedit2:amd64 (3.1-20181209-1) ...
Selecting previously unselected package libllvm7:amd64.
Preparing to unpack .../02-libllvm7_1%3a7.0.1-3_amd64.deb ...
Unpacking libllvm7:amd64 (1:7.0.1-3) ...
Selecting previously unselected package libgc1c2:amd64.
Preparing to unpack .../03-libgc1c2_1%3a7.6.4-0.4_amd64.deb ...
Unpacking libgc1c2:amd64 (1:7.6.4-0.4) ...
Selecting previously unselected package libobjc4:amd64.
Preparing to unpack .../04-libobjc4_8.2.0-13_amd64.deb ...
Unpacking libobjc4:amd64 (8.2.0-13) ...
Selecting previously unselected package libobjc-8-dev:amd64.
Preparing to unpack .../05-libobjc-8-dev_8.2.0-13_amd64.deb ...
Unpacking libobjc-8-dev:amd64 (8.2.0-13) ...
Selecting previously unselected package libc6-i386.
Preparing to unpack .../06-libc6-i386_2.28-4_amd64.deb ...
Unpacking libc6-i386 (2.28-4) ...
Selecting previously unselected package lib32gcc1.
Preparing to unpack .../07-lib32gcc1_1%3a8.2.0-13_amd64.deb ...
Unpacking lib32gcc1 (1:8.2.0-13) ...
Selecting previously unselected package lib32stdc++6.
Preparing to unpack .../08-lib32stdc++6_8.2.0-13_amd64.deb ...
Unpacking lib32stdc++6 (8.2.0-13) ...
Selecting previously unselected package libclang-common-7-dev.
Preparing to unpack .../09-libclang-common-7-dev_1%3a7.0.1-3_amd64.deb ...
Unpacking libclang-common-7-dev (1:7.0.1-3) ...
Selecting previously unselected package libclang1-7:amd64.
Preparing to unpack .../10-libclang1-7_1%3a7.0.1-3_amd64.deb ...
Unpacking libclang1-7:amd64 (1:7.0.1-3) ...
Selecting previously unselected package clang-7.
Preparing to unpack .../11-clang-7_1%3a7.0.1-3_amd64.deb ...
Unpacking clang-7 (1:7.0.1-3) ...
Setting up libgc1c2:amd64 (1:7.6.4-0.4) ...
Setting up libc6-i386 (2.28-4) ...
Setting up libbsd0:amd64 (0.9.1-1) ...
Processing triggers for libc-bin (2.28-4) ...
Setting up lib32gcc1 (1:8.2.0-13) ...
Setting up libedit2:amd64 (3.1-20181209-1) ...
Setting up libobjc4:amd64 (8.2.0-13) ...
Setting up libobjc-8-dev:amd64 (8.2.0-13) ...
Setting up libllvm7:amd64 (1:7.0.1-3) ...
Setting up libclang1-7:amd64 (1:7.0.1-3) ...
Setting up lib32stdc++6 (8.2.0-13) ...
Setting up libclang-common-7-dev (1:7.0.1-3) ...
Setting up clang-7 (1:7.0.1-3) ...
Processing triggers for libc-bin (2.28-4) ...
W: --force-yes is deprecated, use one of the options starting with --allow instead.
+ echo 'Replace gcc, g++ & cpp by clang'
Replace gcc, g++ & cpp by clang
+ VERSIONS='4.6 4.7 4.8 4.9 5 6 7 8'
+ cd /usr/bin
+ for VERSION in $VERSIONS
+ rm -f g++-4.6 gcc-4.6 cpp-4.6 gcc
+ ln -s clang++-7 g++-4.6
+ ln -s clang-7 gcc-4.6
+ ln -s clang-7 cpp-4.6
+ ln -s clang-7 gcc
+ echo 'gcc-4.6 hold'
+ dpkg --set-selections
dpkg: warning: package not in status nor available database at line 1: gcc-4.6
dpkg: warning: found unknown packages; this might mean the available database
is outdated, and needs to be updated through a frontend method;
please see the FAQ <https://wiki.debian.org/Teams/Dpkg/FAQ>
+ echo 'g++-4.6 hold'
+ dpkg --set-selections
dpkg: warning: package not in status nor available database at line 1: g++-4.6
dpkg: warning: found unknown packages; this might mean the available database
is outdated, and needs to be updated through a frontend method;
please see the FAQ <https://wiki.debian.org/Teams/Dpkg/FAQ>
+ for VERSION in $VERSIONS
+ rm -f g++-4.7 gcc-4.7 cpp-4.7 gcc
+ ln -s clang++-7 g++-4.7
+ ln -s clang-7 gcc-4.7
+ ln -s clang-7 cpp-4.7
+ ln -s clang-7 gcc
+ echo 'gcc-4.7 hold'
+ dpkg --set-selections
dpkg: warning: package not in status nor available database at line 1: gcc-4.7
dpkg: warning: found unknown packages; this might mean the available database
is outdated, and needs to be updated through a frontend method;
please see the FAQ <https://wiki.debian.org/Teams/Dpkg/FAQ>
+ echo 'g++-4.7 hold'
+ dpkg --set-selections
dpkg: warning: package not in status nor available database at line 1: g++-4.7
dpkg: warning: found unknown packages; this might mean the available database
is outdated, and needs to be updated through a frontend method;
please see the FAQ <https://wiki.debian.org/Teams/Dpkg/FAQ>
+ for VERSION in $VERSIONS
+ rm -f g++-4.8 gcc-4.8 cpp-4.8 gcc
+ ln -s clang++-7 g++-4.8
+ ln -s clang-7 gcc-4.8
+ ln -s clang-7 cpp-4.8
+ ln -s clang-7 gcc
+ echo 'gcc-4.8 hold'
+ dpkg --set-selections
dpkg: warning: package not in status nor available database at line 1: gcc-4.8
dpkg: warning: found unknown packages; this might mean the available database
is outdated, and needs to be updated through a frontend method;
please see the FAQ <https://wiki.debian.org/Teams/Dpkg/FAQ>
+ echo 'g++-4.8 hold'
+ dpkg --set-selections
dpkg: warning: package not in status nor available database at line 1: g++-4.8
dpkg: warning: found unknown packages; this might mean the available database
is outdated, and needs to be updated through a frontend method;
please see the FAQ <https://wiki.debian.org/Teams/Dpkg/FAQ>
+ for VERSION in $VERSIONS
+ rm -f g++-4.9 gcc-4.9 cpp-4.9 gcc
+ ln -s clang++-7 g++-4.9
+ ln -s clang-7 gcc-4.9
+ ln -s clang-7 cpp-4.9
+ ln -s clang-7 gcc
+ echo 'gcc-4.9 hold'
+ dpkg --set-selections
dpkg: warning: package not in status nor available database at line 1: gcc-4.9
dpkg: warning: found unknown packages; this might mean the available database
is outdated, and needs to be updated through a frontend method;
please see the FAQ <https://wiki.debian.org/Teams/Dpkg/FAQ>
+ echo 'g++-4.9 hold'
+ dpkg --set-selections
dpkg: warning: package not in status nor available database at line 1: g++-4.9
dpkg: warning: found unknown packages; this might mean the available database
is outdated, and needs to be updated through a frontend method;
please see the FAQ <https://wiki.debian.org/Teams/Dpkg/FAQ>
+ for VERSION in $VERSIONS
+ rm -f g++-5 gcc-5 cpp-5 gcc
+ ln -s clang++-7 g++-5
+ ln -s clang-7 gcc-5
+ ln -s clang-7 cpp-5
+ ln -s clang-7 gcc
+ echo 'gcc-5 hold'
+ dpkg --set-selections
dpkg: warning: package not in status nor available database at line 1: gcc-5
dpkg: warning: found unknown packages; this might mean the available database
is outdated, and needs to be updated through a frontend method;
please see the FAQ <https://wiki.debian.org/Teams/Dpkg/FAQ>
+ echo 'g++-5 hold'
+ dpkg --set-selections
dpkg: warning: package not in status nor available database at line 1: g++-5
dpkg: warning: found unknown packages; this might mean the available database
is outdated, and needs to be updated through a frontend method;
please see the FAQ <https://wiki.debian.org/Teams/Dpkg/FAQ>
+ for VERSION in $VERSIONS
+ rm -f g++-6 gcc-6 cpp-6 gcc
+ ln -s clang++-7 g++-6
+ ln -s clang-7 gcc-6
+ ln -s clang-7 cpp-6
+ ln -s clang-7 gcc
+ echo 'gcc-6 hold'
+ dpkg --set-selections
dpkg: warning: package not in status nor available database at line 1: gcc-6
dpkg: warning: found unknown packages; this might mean the available database
is outdated, and needs to be updated through a frontend method;
please see the FAQ <https://wiki.debian.org/Teams/Dpkg/FAQ>
+ echo 'g++-6 hold'
+ dpkg --set-selections
dpkg: warning: package not in status nor available database at line 1: g++-6
dpkg: warning: found unknown packages; this might mean the available database
is outdated, and needs to be updated through a frontend method;
please see the FAQ <https://wiki.debian.org/Teams/Dpkg/FAQ>
+ for VERSION in $VERSIONS
+ rm -f g++-7 gcc-7 cpp-7 gcc
+ ln -s clang++-7 g++-7
+ ln -s clang-7 gcc-7
+ ln -s clang-7 cpp-7
+ ln -s clang-7 gcc
+ echo 'gcc-7 hold'
+ dpkg --set-selections
dpkg: warning: package not in status nor available database at line 1: gcc-7
dpkg: warning: found unknown packages; this might mean the available database
is outdated, and needs to be updated through a frontend method;
please see the FAQ <https://wiki.debian.org/Teams/Dpkg/FAQ>
+ echo 'g++-7 hold'
+ dpkg --set-selections
dpkg: warning: package not in status nor available database at line 1: g++-7
dpkg: warning: found unknown packages; this might mean the available database
is outdated, and needs to be updated through a frontend method;
please see the FAQ <https://wiki.debian.org/Teams/Dpkg/FAQ>
+ for VERSION in $VERSIONS
+ rm -f g++-8 gcc-8 cpp-8 gcc
+ ln -s clang++-7 g++-8
+ ln -s clang-7 gcc-8
+ ln -s clang-7 cpp-8
+ ln -s clang-7 gcc
+ echo 'gcc-8 hold'
+ dpkg --set-selections
+ echo 'g++-8 hold'
+ dpkg --set-selections
+ cd -
/build/casync-PX065j
+ echo 'Check if gcc, g++ & cpp are actually clang'
Check if gcc, g++ & cpp are actually clang
+ gcc --version
+ grep clang
+ cpp --version
+ grep clang
+ g++ --version
+ grep clang

I: Finished running '/tmp/clang7'.

Finished processing commands.
--------------------------------------------------------------------------------

+------------------------------------------------------------------------------+
| Update chroot                                                                |
+------------------------------------------------------------------------------+

Hit:1 http://127.0.0.1:9999/debian sid InRelease
Reading package lists...
Reading package lists...
Building dependency tree...
Reading state information...
Calculating upgrade...
The following packages will be upgraded:
  tzdata
1 upgraded, 0 newly installed, 0 to remove and 0 not upgraded.
Need to get 258 kB of archives.
After this operation, 0 B of additional disk space will be used.
Get:1 http://127.0.0.1:9999/debian sid/main amd64 tzdata all 2018i-1 [258 kB]
debconf: delaying package configuration, since apt-utils is not installed
Fetched 258 kB in 0s (0 B/s)
(Reading database ... (Reading database ... 5%(Reading database ... 10%(Reading database ... 15%(Reading database ... 20%(Reading database ... 25%(Reading database ... 30%(Reading database ... 35%(Reading database ... 40%(Reading database ... 45%(Reading database ... 50%(Reading database ... 55%(Reading database ... 60%(Reading database ... 65%(Reading database ... 70%(Reading database ... 75%(Reading database ... 80%(Reading database ... 85%(Reading database ... 90%(Reading database ... 95%(Reading database ... 100%(Reading database ... 12570 files and directories currently installed.)
Preparing to unpack .../tzdata_2018i-1_all.deb ...
Unpacking tzdata (2018i-1) over (2018h-1) ...
Setting up tzdata (2018i-1) ...

Current default time zone: 'Etc/UTC'
Local time is now:      Tue Jan  1 09:08:02 UTC 2019.
Universal Time is now:  Tue Jan  1 09:08:02 UTC 2019.
Run 'dpkg-reconfigure tzdata' if you wish to change it.


+------------------------------------------------------------------------------+
| Fetch source files                                                           |
+------------------------------------------------------------------------------+


Check APT
---------

Checking available source versions...

Download source files with APT
------------------------------

Reading package lists...
NOTICE: 'casync' packaging is maintained in the 'Git' version control system at:
https://salsa.debian.org/systemd-team/casync.git
Please use:
git clone https://salsa.debian.org/systemd-team/casync.git
to retrieve the latest (possibly unreleased) updates to the package.
Need to get 1308 kB of source archives.
Get:1 http://127.0.0.1:9999/debian sid/main casync 2+20180321-2.1 (dsc) [2262 B]
Get:2 http://127.0.0.1:9999/debian sid/main casync 2+20180321-2.1 (tar) [1302 kB]
Get:3 http://127.0.0.1:9999/debian sid/main casync 2+20180321-2.1 (diff) [3516 B]
Fetched 1308 kB in 0s (2662 kB/s)
Download complete and in download only mode
I: NOTICE: Log filtering will replace 'build/casync-PX065j/casync-2+20180321' with '<<PKGBUILDDIR>>'
I: NOTICE: Log filtering will replace 'build/casync-PX065j' with '<<BUILDDIR>>'

+------------------------------------------------------------------------------+
| Install build-essential                                                      |
+------------------------------------------------------------------------------+


Setup apt archive
-----------------

Merged Build-Depends: build-essential, fakeroot
Filtered Build-Depends: build-essential, fakeroot
dpkg-deb: building package 'sbuild-build-depends-core-dummy' in '/<<BUILDDIR>>/resolver-unbsD4/apt_archive/sbuild-build-depends-core-dummy.deb'.
dpkg-scanpackages: warning: Packages in archive but missing from override file:
dpkg-scanpackages: warning:   sbuild-build-depends-core-dummy
dpkg-scanpackages: info: Wrote 1 entries to output Packages file.
Ign:1 copy:/<<BUILDDIR>>/resolver-unbsD4/apt_archive ./ InRelease
Get:2 copy:/<<BUILDDIR>>/resolver-unbsD4/apt_archive ./ Release [957 B]
Ign:3 copy:/<<BUILDDIR>>/resolver-unbsD4/apt_archive ./ Release.gpg
Get:4 copy:/<<BUILDDIR>>/resolver-unbsD4/apt_archive ./ Sources [349 B]
Get:5 copy:/<<BUILDDIR>>/resolver-unbsD4/apt_archive ./ Packages [433 B]
Fetched 1739 B in 0s (0 B/s)
Reading package lists...
Reading package lists...

Install core build dependencies (apt-based resolver)
----------------------------------------------------

Installing build dependencies
Reading package lists...
Building dependency tree...
Reading state information...
The following NEW packages will be installed:
  sbuild-build-depends-core-dummy
0 upgraded, 1 newly installed, 0 to remove and 0 not upgraded.
Need to get 852 B of archives.
After this operation, 0 B of additional disk space will be used.
Get:1 copy:/<<BUILDDIR>>/resolver-unbsD4/apt_archive ./ sbuild-build-depends-core-dummy 0.invalid.0 [852 B]
debconf: delaying package configuration, since apt-utils is not installed
Fetched 852 B in 0s (0 B/s)
Selecting previously unselected package sbuild-build-depends-core-dummy.
(Reading database ... 12570 files and directories currently installed.)
Preparing to unpack .../sbuild-build-depends-core-dummy_0.invalid.0_amd64.deb ...
Unpacking sbuild-build-depends-core-dummy (0.invalid.0) ...
Setting up sbuild-build-depends-core-dummy (0.invalid.0) ...

+------------------------------------------------------------------------------+
| Check architectures                                                          |
+------------------------------------------------------------------------------+

Arch check ok (amd64 included in linux-any)

+------------------------------------------------------------------------------+
| Install package build dependencies                                           |
+------------------------------------------------------------------------------+


Setup apt archive
-----------------

Merged Build-Depends: debhelper (>= 10.3), meson (>= 0.40), pkg-config, liblzma-dev (>= 5.1.0), libcurl4-gnutls-dev (>= 7.32.0) | libcurl-dev, libssl-dev | libssl1.0-dev, libudev-dev, libzstd-dev, zlib1g-dev, libacl1-dev | acl-dev, libfuse-dev (>= 2.6), python3-sphinx, rsync, udev
Filtered Build-Depends: debhelper (>= 10.3), meson (>= 0.40), pkg-config, liblzma-dev (>= 5.1.0), libcurl4-gnutls-dev (>= 7.32.0), libssl-dev, libudev-dev, libzstd-dev, zlib1g-dev, libacl1-dev, libfuse-dev (>= 2.6), python3-sphinx, rsync, udev
dpkg-deb: building package 'sbuild-build-depends-casync-dummy' in '/<<BUILDDIR>>/resolver-unbsD4/apt_archive/sbuild-build-depends-casync-dummy.deb'.
dpkg-scanpackages: warning: Packages in archive but missing from override file:
dpkg-scanpackages: warning:   sbuild-build-depends-casync-dummy sbuild-build-depends-core-dummy
dpkg-scanpackages: info: Wrote 2 entries to output Packages file.
Ign:1 copy:/<<BUILDDIR>>/resolver-unbsD4/apt_archive ./ InRelease
Get:2 copy:/<<BUILDDIR>>/resolver-unbsD4/apt_archive ./ Release [963 B]
Ign:3 copy:/<<BUILDDIR>>/resolver-unbsD4/apt_archive ./ Release.gpg
Get:4 copy:/<<BUILDDIR>>/resolver-unbsD4/apt_archive ./ Sources [616 B]
Get:5 copy:/<<BUILDDIR>>/resolver-unbsD4/apt_archive ./ Packages [672 B]
Fetched 2251 B in 0s (0 B/s)
Reading package lists...
Reading package lists...

Install casync build dependencies (apt-based resolver)
------------------------------------------------------

Installing build dependencies
Reading package lists...
Building dependency tree...
Reading state information...
The following additional packages will be installed:
  autoconf automake autopoint autotools-dev bsdmainutils ca-certificates
  debhelper dh-autoreconf dh-strip-nondeterminism docutils-common dwz file
  gettext gettext-base groff-base intltool-debian libacl1-dev
  libarchive-zip-perl libattr1-dev libcroco3 libcurl3-gnutls
  libcurl4-gnutls-dev libelf1 libexpat1 libfile-stripnondeterminism-perl
  libfuse-dev libfuse2 libglib2.0-0 libgssapi-krb5-2 libicu63 libjs-jquery
  libjs-sphinxdoc libjs-underscore libk5crypto3 libkeyutils1 libkmod2
  libkrb5-3 libkrb5support0 libldap-2.4-2 libldap-common liblzma-dev
  libmagic-mgc libmagic1 libmpdec2 libncurses6 libnghttp2-14 libpcre16-3
  libpcre3-dev libpcre32-3 libpcrecpp0v5 libpipeline1 libpopt0 libpsl5
  libpython3-stdlib libpython3.7-minimal libpython3.7-stdlib libreadline7
  librtmp1 libsasl2-2 libsasl2-modules-db libselinux1-dev libsepol1-dev
  libsigsegv2 libsqlite3-0 libssh2-1 libssl-dev libssl1.1 libtool libuchardet0
  libudev-dev libxml2 libzstd-dev lsb-base m4 man-db meson mime-support
  ninja-build openssl pkg-config po-debconf python-babel-localedata python3
  python3-alabaster python3-babel python3-certifi python3-chardet
  python3-distutils python3-docutils python3-idna python3-imagesize
  python3-jinja2 python3-lib2to3 python3-markupsafe python3-minimal
  python3-packaging python3-pkg-resources python3-pygments python3-pyparsing
  python3-requests python3-roman python3-six python3-sphinx python3-tz
  python3-urllib3 python3.7 python3.7-minimal readline-common rsync
  sensible-utils sgml-base sphinx-common udev xml-core zlib1g-dev
Suggested packages:
  autoconf-archive gnu-standards autoconf-doc wamerican | wordlist whois
  vacation dh-make gettext-doc libasprintf-dev libgettextpo-dev groff
  libcurl4-doc libgnutls28-dev libidn11-dev libkrb5-dev libldap2-dev
  librtmp-dev libssh2-1-dev fuse krb5-doc krb5-user liblzma-doc libssl-doc
  libtool-doc gfortran | fortran95-compiler gcj-jdk m4-doc apparmor less
  www-browser libmail-box-perl python3-doc python3-tk python3-venv
  docutils-doc fonts-linuxlibertine | ttf-linux-libertine texlive-lang-french
  texlive-latex-base texlive-latex-recommended python-jinja2-doc
  python3-setuptools python-pygments-doc ttf-bitstream-vera
  python-pyparsing-doc python3-cryptography python3-openssl python3-socks
  dvipng imagemagick-6.q16 latexmk libjs-mathjax python3-sphinx-rtd-theme
  python3-stemmer sphinx-doc texlive-fonts-recommended texlive-generic-extra
  texlive-latex-extra python3.7-venv python3.7-doc binfmt-support readline-doc
  openssh-client openssh-server sgml-base-doc
Recommended packages:
  curl | wget | lynx libarchive-cpio-perl libglib2.0-data shared-mime-info
  xdg-user-dirs javascript-common krb5-locales libgpm2 publicsuffix
  libsasl2-modules libltdl-dev libmail-sendmail-perl libpaper-utils
  python3-pil
The following NEW packages will be installed:
  autoconf automake autopoint autotools-dev bsdmainutils ca-certificates
  debhelper dh-autoreconf dh-strip-nondeterminism docutils-common dwz file
  gettext gettext-base groff-base intltool-debian libacl1-dev
  libarchive-zip-perl libattr1-dev libcroco3 libcurl3-gnutls
  libcurl4-gnutls-dev libelf1 libexpat1 libfile-stripnondeterminism-perl
  libfuse-dev libfuse2 libglib2.0-0 libgssapi-krb5-2 libicu63 libjs-jquery
  libjs-sphinxdoc libjs-underscore libk5crypto3 libkeyutils1 libkmod2
  libkrb5-3 libkrb5support0 libldap-2.4-2 libldap-common liblzma-dev
  libmagic-mgc libmagic1 libmpdec2 libncurses6 libnghttp2-14 libpcre16-3
  libpcre3-dev libpcre32-3 libpcrecpp0v5 libpipeline1 libpopt0 libpsl5
  libpython3-stdlib libpython3.7-minimal libpython3.7-stdlib libreadline7
  librtmp1 libsasl2-2 libsasl2-modules-db libselinux1-dev libsepol1-dev
  libsigsegv2 libsqlite3-0 libssh2-1 libssl-dev libssl1.1 libtool libuchardet0
  libudev-dev libxml2 libzstd-dev lsb-base m4 man-db meson mime-support
  ninja-build openssl pkg-config po-debconf python-babel-localedata python3
  python3-alabaster python3-babel python3-certifi python3-chardet
  python3-distutils python3-docutils python3-idna python3-imagesize
  python3-jinja2 python3-lib2to3 python3-markupsafe python3-minimal
  python3-packaging python3-pkg-resources python3-pygments python3-pyparsing
  python3-requests python3-roman python3-six python3-sphinx python3-tz
  python3-urllib3 python3.7 python3.7-minimal readline-common rsync
  sbuild-build-depends-casync-dummy sensible-utils sgml-base sphinx-common
  udev xml-core zlib1g-dev
0 upgraded, 116 newly installed, 0 to remove and 0 not upgraded.
Need to get 43.9 MB of archives.
After this operation, 176 MB of additional disk space will be used.
Get:1 copy:/<<BUILDDIR>>/resolver-unbsD4/apt_archive ./ sbuild-build-depends-casync-dummy 0.invalid.0 [964 B]
Get:2 http://127.0.0.1:9999/debian sid/main amd64 bsdmainutils amd64 11.1.2+b1 [191 kB]
Get:3 http://127.0.0.1:9999/debian sid/main amd64 libuchardet0 amd64 0.0.6-3 [64.9 kB]
Get:4 http://127.0.0.1:9999/debian sid/main amd64 groff-base amd64 1.22.4-1 [918 kB]
Get:5 http://127.0.0.1:9999/debian sid/main amd64 libpipeline1 amd64 1.5.0-2 [29.5 kB]
Get:6 http://127.0.0.1:9999/debian sid/main amd64 man-db amd64 2.8.4-3 [1194 kB]
Get:7 http://127.0.0.1:9999/debian sid/main amd64 libssl1.1 amd64 1.1.1a-1 [1527 kB]
Get:8 http://127.0.0.1:9999/debian sid/main amd64 libpython3.7-minimal amd64 3.7.2~rc1-1 [588 kB]
Get:9 http://127.0.0.1:9999/debian sid/main amd64 libexpat1 amd64 2.2.6-1 [105 kB]
Get:10 http://127.0.0.1:9999/debian sid/main amd64 python3.7-minimal amd64 3.7.2~rc1-1 [1731 kB]
Get:11 http://127.0.0.1:9999/debian sid/main amd64 python3-minimal amd64 3.7.1-3 [36.5 kB]
Get:12 http://127.0.0.1:9999/debian sid/main amd64 mime-support all 3.61 [37.1 kB]
Get:13 http://127.0.0.1:9999/debian sid/main amd64 libmpdec2 amd64 2.4.2-2 [87.2 kB]
Get:14 http://127.0.0.1:9999/debian sid/main amd64 readline-common all 7.0-5 [70.6 kB]
Get:15 http://127.0.0.1:9999/debian sid/main amd64 libreadline7 amd64 7.0-5 [151 kB]
Get:16 http://127.0.0.1:9999/debian sid/main amd64 libsqlite3-0 amd64 3.26.0+fossilbc891ac6b-1 [634 kB]
Get:17 http://127.0.0.1:9999/debian sid/main amd64 libpython3.7-stdlib amd64 3.7.2~rc1-1 [1732 kB]
Get:18 http://127.0.0.1:9999/debian sid/main amd64 python3.7 amd64 3.7.2~rc1-1 [322 kB]
Get:19 http://127.0.0.1:9999/debian sid/main amd64 libpython3-stdlib amd64 3.7.1-3 [20.0 kB]
Get:20 http://127.0.0.1:9999/debian sid/main amd64 python3 amd64 3.7.1-3 [61.5 kB]
Get:21 http://127.0.0.1:9999/debian sid/main amd64 sgml-base all 1.29 [14.8 kB]
Get:22 http://127.0.0.1:9999/debian sid/main amd64 sensible-utils all 0.0.12 [15.8 kB]
Get:23 http://127.0.0.1:9999/debian sid/main amd64 libkmod2 amd64 25-2 [51.1 kB]
Get:24 http://127.0.0.1:9999/debian sid/main amd64 lsb-base all 10.2018112800 [28.3 kB]
Get:25 http://127.0.0.1:9999/debian sid/main amd64 udev amd64 240-2 [1254 kB]
Get:26 http://127.0.0.1:9999/debian sid/main amd64 libmagic-mgc amd64 1:5.34-2 [239 kB]
Get:27 http://127.0.0.1:9999/debian sid/main amd64 libmagic1 amd64 1:5.34-2 [116 kB]
Get:28 http://127.0.0.1:9999/debian sid/main amd64 file amd64 1:5.34-2 [65.8 kB]
Get:29 http://127.0.0.1:9999/debian sid/main amd64 gettext-base amd64 0.19.8.1-9 [123 kB]
Get:30 http://127.0.0.1:9999/debian sid/main amd64 libsigsegv2 amd64 2.12-2 [32.8 kB]
Get:31 http://127.0.0.1:9999/debian sid/main amd64 m4 amd64 1.4.18-2 [203 kB]
Get:32 http://127.0.0.1:9999/debian sid/main amd64 autoconf all 2.69-11 [341 kB]
Get:33 http://127.0.0.1:9999/debian sid/main amd64 autotools-dev all 20180224.1 [77.0 kB]
Get:34 http://127.0.0.1:9999/debian sid/main amd64 automake all 1:1.16.1-4 [771 kB]
Get:35 http://127.0.0.1:9999/debian sid/main amd64 autopoint all 0.19.8.1-9 [434 kB]
Get:36 http://127.0.0.1:9999/debian sid/main amd64 openssl amd64 1.1.1a-1 [836 kB]
Get:37 http://127.0.0.1:9999/debian sid/main amd64 ca-certificates all 20180409 [161 kB]
Get:38 http://127.0.0.1:9999/debian sid/main amd64 libtool all 2.4.6-6 [547 kB]
Get:39 http://127.0.0.1:9999/debian sid/main amd64 dh-autoreconf all 19 [16.9 kB]
Get:40 http://127.0.0.1:9999/debian sid/main amd64 libarchive-zip-perl all 1.64-1 [96.8 kB]
Get:41 http://127.0.0.1:9999/debian sid/main amd64 libfile-stripnondeterminism-perl all 1.0.0-1 [19.5 kB]
Get:42 http://127.0.0.1:9999/debian sid/main amd64 dh-strip-nondeterminism all 1.0.0-1 [12.5 kB]
Get:43 http://127.0.0.1:9999/debian sid/main amd64 libelf1 amd64 0.175-2 [160 kB]
Get:44 http://127.0.0.1:9999/debian sid/main amd64 dwz amd64 0.12-3 [78.0 kB]
Get:45 http://127.0.0.1:9999/debian sid/main amd64 libglib2.0-0 amd64 2.58.1-2 [1223 kB]
Get:46 http://127.0.0.1:9999/debian sid/main amd64 libicu63 amd64 63.1-5 [8293 kB]
Get:47 http://127.0.0.1:9999/debian sid/main amd64 libxml2 amd64 2.9.4+dfsg1-7+b3 [687 kB]
Get:48 http://127.0.0.1:9999/debian sid/main amd64 libcroco3 amd64 0.6.12-3 [145 kB]
Get:49 http://127.0.0.1:9999/debian sid/main amd64 libncurses6 amd64 6.1+20181013-1 [102 kB]
Get:50 http://127.0.0.1:9999/debian sid/main amd64 gettext amd64 0.19.8.1-9 [1303 kB]
Get:51 http://127.0.0.1:9999/debian sid/main amd64 intltool-debian all 0.35.0+20060710.4 [26.3 kB]
Get:52 http://127.0.0.1:9999/debian sid/main amd64 po-debconf all 1.0.21 [248 kB]
Get:53 http://127.0.0.1:9999/debian sid/main amd64 debhelper all 12 [1002 kB]
Get:54 http://127.0.0.1:9999/debian sid/main amd64 xml-core all 0.18 [23.4 kB]
Get:55 http://127.0.0.1:9999/debian sid/main amd64 docutils-common all 0.14+dfsg-3 [204 kB]
Get:56 http://127.0.0.1:9999/debian sid/main amd64 libattr1-dev amd64 1:2.4.47-2+b2 [40.1 kB]
Get:57 http://127.0.0.1:9999/debian sid/main amd64 libacl1-dev amd64 2.2.52-3+b1 [87.2 kB]
Get:58 http://127.0.0.1:9999/debian sid/main amd64 libkeyutils1 amd64 1.5.9-9.3 [13.0 kB]
Get:59 http://127.0.0.1:9999/debian sid/main amd64 libkrb5support0 amd64 1.16.2-1 [63.3 kB]
Get:60 http://127.0.0.1:9999/debian sid/main amd64 libk5crypto3 amd64 1.16.2-1 [121 kB]
Get:61 http://127.0.0.1:9999/debian sid/main amd64 libkrb5-3 amd64 1.16.2-1 [320 kB]
Get:62 http://127.0.0.1:9999/debian sid/main amd64 libgssapi-krb5-2 amd64 1.16.2-1 [158 kB]
Get:63 http://127.0.0.1:9999/debian sid/main amd64 libsasl2-modules-db amd64 2.1.27~rc8-1 [68.4 kB]
Get:64 http://127.0.0.1:9999/debian sid/main amd64 libsasl2-2 amd64 2.1.27~rc8-1 [105 kB]
Get:65 http://127.0.0.1:9999/debian sid/main amd64 libldap-common all 2.4.47+dfsg-1 [88.8 kB]
Get:66 http://127.0.0.1:9999/debian sid/main amd64 libldap-2.4-2 amd64 2.4.47+dfsg-1 [224 kB]
Get:67 http://127.0.0.1:9999/debian sid/main amd64 libnghttp2-14 amd64 1.35.1-1 [82.2 kB]
Get:68 http://127.0.0.1:9999/debian sid/main amd64 libpsl5 amd64 0.20.2-2 [53.7 kB]
Get:69 http://127.0.0.1:9999/debian sid/main amd64 librtmp1 amd64 2.4+20151223.gitfa8646d.1-2 [60.5 kB]
Get:70 http://127.0.0.1:9999/debian sid/main amd64 libssh2-1 amd64 1.8.0-2 [138 kB]
Get:71 http://127.0.0.1:9999/debian sid/main amd64 libcurl3-gnutls amd64 7.62.0-1 [321 kB]
Get:72 http://127.0.0.1:9999/debian sid/main amd64 libcurl4-gnutls-dev amd64 7.62.0-1 [409 kB]
Get:73 http://127.0.0.1:9999/debian sid/main amd64 libfuse2 amd64 2.9.8-2 [127 kB]
Get:74 http://127.0.0.1:9999/debian sid/main amd64 libsepol1-dev amd64 2.8-1 [338 kB]
Get:75 http://127.0.0.1:9999/debian sid/main amd64 libpcre16-3 amd64 2:8.39-11 [258 kB]
Get:76 http://127.0.0.1:9999/debian sid/main amd64 libpcre32-3 amd64 2:8.39-11 [250 kB]
Get:77 http://127.0.0.1:9999/debian sid/main amd64 libpcrecpp0v5 amd64 2:8.39-11 [152 kB]
Get:78 http://127.0.0.1:9999/debian sid/main amd64 libpcre3-dev amd64 2:8.39-11 [651 kB]
Get:79 http://127.0.0.1:9999/debian sid/main amd64 libselinux1-dev amd64 2.8-1+b1 [169 kB]
Get:80 http://127.0.0.1:9999/debian sid/main amd64 libfuse-dev amd64 2.9.8-2 [151 kB]
Get:81 http://127.0.0.1:9999/debian sid/main amd64 libjs-jquery all 3.2.1-1 [154 kB]
Get:82 http://127.0.0.1:9999/debian sid/main amd64 libjs-underscore all 1.8.3~dfsg-1 [63.8 kB]
Get:83 http://127.0.0.1:9999/debian sid/main amd64 libjs-sphinxdoc all 1.7.9-1 [92.3 kB]
Get:84 http://127.0.0.1:9999/debian sid/main amd64 liblzma-dev amd64 5.2.2-1.3 [292 kB]
Get:85 http://127.0.0.1:9999/debian sid/main amd64 libpopt0 amd64 1.16-11 [49.2 kB]
Get:86 http://127.0.0.1:9999/debian sid/main amd64 libssl-dev amd64 1.1.1a-1 [1788 kB]
Get:87 http://127.0.0.1:9999/debian sid/main amd64 libudev-dev amd64 240-2 [104 kB]
Get:88 http://127.0.0.1:9999/debian sid/main amd64 libzstd-dev amd64 1.3.5+dfsg-2 [268 kB]
Get:89 http://127.0.0.1:9999/debian sid/main amd64 ninja-build amd64 1.8.2-1 [93.6 kB]
Get:90 http://127.0.0.1:9999/debian sid/main amd64 python3-pkg-resources all 40.6.2-1 [152 kB]
Get:91 http://127.0.0.1:9999/debian sid/main amd64 meson all 0.49.0-1 [279 kB]
Get:92 http://127.0.0.1:9999/debian sid/main amd64 pkg-config amd64 0.29-4+b1 [63.3 kB]
Get:93 http://127.0.0.1:9999/debian sid/main amd64 python-babel-localedata all 2.6.0+dfsg.1-1 [4083 kB]
Get:94 http://127.0.0.1:9999/debian sid/main amd64 python3-alabaster all 0.7.8-1 [18.4 kB]
Get:95 http://127.0.0.1:9999/debian sid/main amd64 python3-tz all 2018.7-1 [27.0 kB]
Get:96 http://127.0.0.1:9999/debian sid/main amd64 python3-babel all 2.6.0+dfsg.1-1 [96.7 kB]
Get:97 http://127.0.0.1:9999/debian sid/main amd64 python3-certifi all 2018.8.24-1 [140 kB]
Get:98 http://127.0.0.1:9999/debian sid/main amd64 python3-chardet all 3.0.4-1 [80.2 kB]
Get:99 http://127.0.0.1:9999/debian sid/main amd64 python3-lib2to3 all 3.7.1-1 [78.7 kB]
Get:100 http://127.0.0.1:9999/debian sid/main amd64 python3-distutils all 3.7.1-1 [144 kB]
Get:101 http://127.0.0.1:9999/debian sid/main amd64 python3-roman all 2.0.0-3 [8768 B]
Get:102 http://127.0.0.1:9999/debian sid/main amd64 python3-docutils all 0.14+dfsg-3 [377 kB]
Get:103 http://127.0.0.1:9999/debian sid/main amd64 python3-idna all 2.6-1 [34.3 kB]
Get:104 http://127.0.0.1:9999/debian sid/main amd64 python3-imagesize all 1.0.0-1 [4960 B]
Get:105 http://127.0.0.1:9999/debian sid/main amd64 python3-markupsafe amd64 1.1.0-1 [14.8 kB]
Get:106 http://127.0.0.1:9999/debian sid/main amd64 python3-jinja2 all 2.10-1 [106 kB]
Get:107 http://127.0.0.1:9999/debian sid/main amd64 python3-pyparsing all 2.2.0+dfsg1-2 [89.6 kB]
Get:108 http://127.0.0.1:9999/debian sid/main amd64 python3-six all 1.12.0-1 [15.7 kB]
Get:109 http://127.0.0.1:9999/debian sid/main amd64 python3-packaging all 18.0-1 [20.3 kB]
Get:110 http://127.0.0.1:9999/debian sid/main amd64 python3-pygments all 2.3.1+dfsg-1 [594 kB]
Get:111 http://127.0.0.1:9999/debian sid/main amd64 python3-urllib3 all 1.24-1 [96.8 kB]
Get:112 http://127.0.0.1:9999/debian sid/main amd64 python3-requests all 2.20.0-2 [66.7 kB]
Get:113 http://127.0.0.1:9999/debian sid/main amd64 sphinx-common all 1.7.9-1 [437 kB]
Get:114 http://127.0.0.1:9999/debian sid/main amd64 python3-sphinx all 1.7.9-1 [449 kB]
Get:115 http://127.0.0.1:9999/debian sid/main amd64 rsync amd64 3.1.2-2.2 [395 kB]
Get:116 http://127.0.0.1:9999/debian sid/main amd64 zlib1g-dev amd64 1:1.2.11.dfsg-1 [214 kB]
debconf: delaying package configuration, since apt-utils is not installed
Fetched 43.9 MB in 1s (81.6 MB/s)
Selecting previously unselected package bsdmainutils.
(Reading database ... 12570 files and directories currently installed.)
Preparing to unpack .../0-bsdmainutils_11.1.2+b1_amd64.deb ...
Unpacking bsdmainutils (11.1.2+b1) ...
Selecting previously unselected package libuchardet0:amd64.
Preparing to unpack .../1-libuchardet0_0.0.6-3_amd64.deb ...
Unpacking libuchardet0:amd64 (0.0.6-3) ...
Selecting previously unselected package groff-base.
Preparing to unpack .../2-groff-base_1.22.4-1_amd64.deb ...
Unpacking groff-base (1.22.4-1) ...
Selecting previously unselected package libpipeline1:amd64.
Preparing to unpack .../3-libpipeline1_1.5.0-2_amd64.deb ...
Unpacking libpipeline1:amd64 (1.5.0-2) ...
Selecting previously unselected package man-db.
Preparing to unpack .../4-man-db_2.8.4-3_amd64.deb ...
Unpacking man-db (2.8.4-3) ...
Selecting previously unselected package libssl1.1:amd64.
Preparing to unpack .../5-libssl1.1_1.1.1a-1_amd64.deb ...
Unpacking libssl1.1:amd64 (1.1.1a-1) ...
Selecting previously unselected package libpython3.7-minimal:amd64.
Preparing to unpack .../6-libpython3.7-minimal_3.7.2~rc1-1_amd64.deb ...
Unpacking libpython3.7-minimal:amd64 (3.7.2~rc1-1) ...
Selecting previously unselected package libexpat1:amd64.
Preparing to unpack .../7-libexpat1_2.2.6-1_amd64.deb ...
Unpacking libexpat1:amd64 (2.2.6-1) ...
Selecting previously unselected package python3.7-minimal.
Preparing to unpack .../8-python3.7-minimal_3.7.2~rc1-1_amd64.deb ...
Unpacking python3.7-minimal (3.7.2~rc1-1) ...
Setting up libssl1.1:amd64 (1.1.1a-1) ...
Setting up libpython3.7-minimal:amd64 (3.7.2~rc1-1) ...
Setting up libexpat1:amd64 (2.2.6-1) ...
Setting up python3.7-minimal (3.7.2~rc1-1) ...
Selecting previously unselected package python3-minimal.
(Reading database ... 13444 files and directories currently installed.)
Preparing to unpack .../0-python3-minimal_3.7.1-3_amd64.deb ...
Unpacking python3-minimal (3.7.1-3) ...
Selecting previously unselected package mime-support.
Preparing to unpack .../1-mime-support_3.61_all.deb ...
Unpacking mime-support (3.61) ...
Selecting previously unselected package libmpdec2:amd64.
Preparing to unpack .../2-libmpdec2_2.4.2-2_amd64.deb ...
Unpacking libmpdec2:amd64 (2.4.2-2) ...
Selecting previously unselected package readline-common.
Preparing to unpack .../3-readline-common_7.0-5_all.deb ...
Unpacking readline-common (7.0-5) ...
Selecting previously unselected package libreadline7:amd64.
Preparing to unpack .../4-libreadline7_7.0-5_amd64.deb ...
Unpacking libreadline7:amd64 (7.0-5) ...
Selecting previously unselected package libsqlite3-0:amd64.
Preparing to unpack .../5-libsqlite3-0_3.26.0+fossilbc891ac6b-1_amd64.deb ...
Unpacking libsqlite3-0:amd64 (3.26.0+fossilbc891ac6b-1) ...
Selecting previously unselected package libpython3.7-stdlib:amd64.
Preparing to unpack .../6-libpython3.7-stdlib_3.7.2~rc1-1_amd64.deb ...
Unpacking libpython3.7-stdlib:amd64 (3.7.2~rc1-1) ...
Selecting previously unselected package python3.7.
Preparing to unpack .../7-python3.7_3.7.2~rc1-1_amd64.deb ...
Unpacking python3.7 (3.7.2~rc1-1) ...
Selecting previously unselected package libpython3-stdlib:amd64.
Preparing to unpack .../8-libpython3-stdlib_3.7.1-3_amd64.deb ...
Unpacking libpython3-stdlib:amd64 (3.7.1-3) ...
Setting up python3-minimal (3.7.1-3) ...
Selecting previously unselected package python3.
(Reading database ... 13910 files and directories currently installed.)
Preparing to unpack .../00-python3_3.7.1-3_amd64.deb ...
Unpacking python3 (3.7.1-3) ...
Selecting previously unselected package sgml-base.
Preparing to unpack .../01-sgml-base_1.29_all.deb ...
Unpacking sgml-base (1.29) ...
Selecting previously unselected package sensible-utils.
Preparing to unpack .../02-sensible-utils_0.0.12_all.deb ...
Unpacking sensible-utils (0.0.12) ...
Selecting previously unselected package libkmod2:amd64.
Preparing to unpack .../03-libkmod2_25-2_amd64.deb ...
Unpacking libkmod2:amd64 (25-2) ...
Selecting previously unselected package lsb-base.
Preparing to unpack .../04-lsb-base_10.2018112800_all.deb ...
Unpacking lsb-base (10.2018112800) ...
Selecting previously unselected package udev.
Preparing to unpack .../05-udev_240-2_amd64.deb ...
Unpacking udev (240-2) ...
Selecting previously unselected package libmagic-mgc.
Preparing to unpack .../06-libmagic-mgc_1%3a5.34-2_amd64.deb ...
Unpacking libmagic-mgc (1:5.34-2) ...
Selecting previously unselected package libmagic1:amd64.
Preparing to unpack .../07-libmagic1_1%3a5.34-2_amd64.deb ...
Unpacking libmagic1:amd64 (1:5.34-2) ...
Selecting previously unselected package file.
Preparing to unpack .../08-file_1%3a5.34-2_amd64.deb ...
Unpacking file (1:5.34-2) ...
Selecting previously unselected package gettext-base.
Preparing to unpack .../09-gettext-base_0.19.8.1-9_amd64.deb ...
Unpacking gettext-base (0.19.8.1-9) ...
Selecting previously unselected package libsigsegv2:amd64.
Preparing to unpack .../10-libsigsegv2_2.12-2_amd64.deb ...
Unpacking libsigsegv2:amd64 (2.12-2) ...
Selecting previously unselected package m4.
Preparing to unpack .../11-m4_1.4.18-2_amd64.deb ...
Unpacking m4 (1.4.18-2) ...
Selecting previously unselected package autoconf.
Preparing to unpack .../12-autoconf_2.69-11_all.deb ...
Unpacking autoconf (2.69-11) ...
Selecting previously unselected package autotools-dev.
Preparing to unpack .../13-autotools-dev_20180224.1_all.deb ...
Unpacking autotools-dev (20180224.1) ...
Selecting previously unselected package automake.
Preparing to unpack .../14-automake_1%3a1.16.1-4_all.deb ...
Unpacking automake (1:1.16.1-4) ...
Selecting previously unselected package autopoint.
Preparing to unpack .../15-autopoint_0.19.8.1-9_all.deb ...
Unpacking autopoint (0.19.8.1-9) ...
Selecting previously unselected package openssl.
Preparing to unpack .../16-openssl_1.1.1a-1_amd64.deb ...
Unpacking openssl (1.1.1a-1) ...
Selecting previously unselected package ca-certificates.
Preparing to unpack .../17-ca-certificates_20180409_all.deb ...
Unpacking ca-certificates (20180409) ...
Selecting previously unselected package libtool.
Preparing to unpack .../18-libtool_2.4.6-6_all.deb ...
Unpacking libtool (2.4.6-6) ...
Selecting previously unselected package dh-autoreconf.
Preparing to unpack .../19-dh-autoreconf_19_all.deb ...
Unpacking dh-autoreconf (19) ...
Selecting previously unselected package libarchive-zip-perl.
Preparing to unpack .../20-libarchive-zip-perl_1.64-1_all.deb ...
Unpacking libarchive-zip-perl (1.64-1) ...
Selecting previously unselected package libfile-stripnondeterminism-perl.
Preparing to unpack .../21-libfile-stripnondeterminism-perl_1.0.0-1_all.deb ...
Unpacking libfile-stripnondeterminism-perl (1.0.0-1) ...
Selecting previously unselected package dh-strip-nondeterminism.
Preparing to unpack .../22-dh-strip-nondeterminism_1.0.0-1_all.deb ...
Unpacking dh-strip-nondeterminism (1.0.0-1) ...
Selecting previously unselected package libelf1:amd64.
Preparing to unpack .../23-libelf1_0.175-2_amd64.deb ...
Unpacking libelf1:amd64 (0.175-2) ...
Selecting previously unselected package dwz.
Preparing to unpack .../24-dwz_0.12-3_amd64.deb ...
Unpacking dwz (0.12-3) ...
Selecting previously unselected package libglib2.0-0:amd64.
Preparing to unpack .../25-libglib2.0-0_2.58.1-2_amd64.deb ...
Unpacking libglib2.0-0:amd64 (2.58.1-2) ...
Selecting previously unselected package libicu63:amd64.
Preparing to unpack .../26-libicu63_63.1-5_amd64.deb ...
Unpacking libicu63:amd64 (63.1-5) ...
Selecting previously unselected package libxml2:amd64.
Preparing to unpack .../27-libxml2_2.9.4+dfsg1-7+b3_amd64.deb ...
Unpacking libxml2:amd64 (2.9.4+dfsg1-7+b3) ...
Selecting previously unselected package libcroco3:amd64.
Preparing to unpack .../28-libcroco3_0.6.12-3_amd64.deb ...
Unpacking libcroco3:amd64 (0.6.12-3) ...
Selecting previously unselected package libncurses6:amd64.
Preparing to unpack .../29-libncurses6_6.1+20181013-1_amd64.deb ...
Unpacking libncurses6:amd64 (6.1+20181013-1) ...
Selecting previously unselected package gettext.
Preparing to unpack .../30-gettext_0.19.8.1-9_amd64.deb ...
Unpacking gettext (0.19.8.1-9) ...
Selecting previously unselected package intltool-debian.
Preparing to unpack .../31-intltool-debian_0.35.0+20060710.4_all.deb ...
Unpacking intltool-debian (0.35.0+20060710.4) ...
Selecting previously unselected package po-debconf.
Preparing to unpack .../32-po-debconf_1.0.21_all.deb ...
Unpacking po-debconf (1.0.21) ...
Selecting previously unselected package debhelper.
Preparing to unpack .../33-debhelper_12_all.deb ...
Unpacking debhelper (12) ...
Selecting previously unselected package xml-core.
Preparing to unpack .../34-xml-core_0.18_all.deb ...
Unpacking xml-core (0.18) ...
Selecting previously unselected package docutils-common.
Preparing to unpack .../35-docutils-common_0.14+dfsg-3_all.deb ...
Unpacking docutils-common (0.14+dfsg-3) ...
Selecting previously unselected package libattr1-dev:amd64.
Preparing to unpack .../36-libattr1-dev_1%3a2.4.47-2+b2_amd64.deb ...
Unpacking libattr1-dev:amd64 (1:2.4.47-2+b2) ...
Selecting previously unselected package libacl1-dev.
Preparing to unpack .../37-libacl1-dev_2.2.52-3+b1_amd64.deb ...
Unpacking libacl1-dev (2.2.52-3+b1) ...
Selecting previously unselected package libkeyutils1:amd64.
Preparing to unpack .../38-libkeyutils1_1.5.9-9.3_amd64.deb ...
Unpacking libkeyutils1:amd64 (1.5.9-9.3) ...
Selecting previously unselected package libkrb5support0:amd64.
Preparing to unpack .../39-libkrb5support0_1.16.2-1_amd64.deb ...
Unpacking libkrb5support0:amd64 (1.16.2-1) ...
Selecting previously unselected package libk5crypto3:amd64.
Preparing to unpack .../40-libk5crypto3_1.16.2-1_amd64.deb ...
Unpacking libk5crypto3:amd64 (1.16.2-1) ...
Selecting previously unselected package libkrb5-3:amd64.
Preparing to unpack .../41-libkrb5-3_1.16.2-1_amd64.deb ...
Unpacking libkrb5-3:amd64 (1.16.2-1) ...
Selecting previously unselected package libgssapi-krb5-2:amd64.
Preparing to unpack .../42-libgssapi-krb5-2_1.16.2-1_amd64.deb ...
Unpacking libgssapi-krb5-2:amd64 (1.16.2-1) ...
Selecting previously unselected package libsasl2-modules-db:amd64.
Preparing to unpack .../43-libsasl2-modules-db_2.1.27~rc8-1_amd64.deb ...
Unpacking libsasl2-modules-db:amd64 (2.1.27~rc8-1) ...
Selecting previously unselected package libsasl2-2:amd64.
Preparing to unpack .../44-libsasl2-2_2.1.27~rc8-1_amd64.deb ...
Unpacking libsasl2-2:amd64 (2.1.27~rc8-1) ...
Selecting previously unselected package libldap-common.
Preparing to unpack .../45-libldap-common_2.4.47+dfsg-1_all.deb ...
Unpacking libldap-common (2.4.47+dfsg-1) ...
Selecting previously unselected package libldap-2.4-2:amd64.
Preparing to unpack .../46-libldap-2.4-2_2.4.47+dfsg-1_amd64.deb ...
Unpacking libldap-2.4-2:amd64 (2.4.47+dfsg-1) ...
Selecting previously unselected package libnghttp2-14:amd64.
Preparing to unpack .../47-libnghttp2-14_1.35.1-1_amd64.deb ...
Unpacking libnghttp2-14:amd64 (1.35.1-1) ...
Selecting previously unselected package libpsl5:amd64.
Preparing to unpack .../48-libpsl5_0.20.2-2_amd64.deb ...
Unpacking libpsl5:amd64 (0.20.2-2) ...
Selecting previously unselected package librtmp1:amd64.
Preparing to unpack .../49-librtmp1_2.4+20151223.gitfa8646d.1-2_amd64.deb ...
Unpacking librtmp1:amd64 (2.4+20151223.gitfa8646d.1-2) ...
Selecting previously unselected package libssh2-1:amd64.
Preparing to unpack .../50-libssh2-1_1.8.0-2_amd64.deb ...
Unpacking libssh2-1:amd64 (1.8.0-2) ...
Selecting previously unselected package libcurl3-gnutls:amd64.
Preparing to unpack .../51-libcurl3-gnutls_7.62.0-1_amd64.deb ...
Unpacking libcurl3-gnutls:amd64 (7.62.0-1) ...
Selecting previously unselected package libcurl4-gnutls-dev:amd64.
Preparing to unpack .../52-libcurl4-gnutls-dev_7.62.0-1_amd64.deb ...
Unpacking libcurl4-gnutls-dev:amd64 (7.62.0-1) ...
Selecting previously unselected package libfuse2:amd64.
Preparing to unpack .../53-libfuse2_2.9.8-2_amd64.deb ...
Unpacking libfuse2:amd64 (2.9.8-2) ...
Selecting previously unselected package libsepol1-dev:amd64.
Preparing to unpack .../54-libsepol1-dev_2.8-1_amd64.deb ...
Unpacking libsepol1-dev:amd64 (2.8-1) ...
Selecting previously unselected package libpcre16-3:amd64.
Preparing to unpack .../55-libpcre16-3_2%3a8.39-11_amd64.deb ...
Unpacking libpcre16-3:amd64 (2:8.39-11) ...
Selecting previously unselected package libpcre32-3:amd64.
Preparing to unpack .../56-libpcre32-3_2%3a8.39-11_amd64.deb ...
Unpacking libpcre32-3:amd64 (2:8.39-11) ...
Selecting previously unselected package libpcrecpp0v5:amd64.
Preparing to unpack .../57-libpcrecpp0v5_2%3a8.39-11_amd64.deb ...
Unpacking libpcrecpp0v5:amd64 (2:8.39-11) ...
Selecting previously unselected package libpcre3-dev:amd64.
Preparing to unpack .../58-libpcre3-dev_2%3a8.39-11_amd64.deb ...
Unpacking libpcre3-dev:amd64 (2:8.39-11) ...
Selecting previously unselected package libselinux1-dev:amd64.
Preparing to unpack .../59-libselinux1-dev_2.8-1+b1_amd64.deb ...
Unpacking libselinux1-dev:amd64 (2.8-1+b1) ...
Selecting previously unselected package libfuse-dev.
Preparing to unpack .../60-libfuse-dev_2.9.8-2_amd64.deb ...
Unpacking libfuse-dev (2.9.8-2) ...
Selecting previously unselected package libjs-jquery.
Preparing to unpack .../61-libjs-jquery_3.2.1-1_all.deb ...
Unpacking libjs-jquery (3.2.1-1) ...
Selecting previously unselected package libjs-underscore.
Preparing to unpack .../62-libjs-underscore_1.8.3~dfsg-1_all.deb ...
Unpacking libjs-underscore (1.8.3~dfsg-1) ...
Selecting previously unselected package libjs-sphinxdoc.
Preparing to unpack .../63-libjs-sphinxdoc_1.7.9-1_all.deb ...
Unpacking libjs-sphinxdoc (1.7.9-1) ...
Selecting previously unselected package liblzma-dev:amd64.
Preparing to unpack .../64-liblzma-dev_5.2.2-1.3_amd64.deb ...
Unpacking liblzma-dev:amd64 (5.2.2-1.3) ...
Selecting previously unselected package libpopt0:amd64.
Preparing to unpack .../65-libpopt0_1.16-11_amd64.deb ...
Unpacking libpopt0:amd64 (1.16-11) ...
Selecting previously unselected package libssl-dev:amd64.
Preparing to unpack .../66-libssl-dev_1.1.1a-1_amd64.deb ...
Unpacking libssl-dev:amd64 (1.1.1a-1) ...
Selecting previously unselected package libudev-dev:amd64.
Preparing to unpack .../67-libudev-dev_240-2_amd64.deb ...
Unpacking libudev-dev:amd64 (240-2) ...
Selecting previously unselected package libzstd-dev:amd64.
Preparing to unpack .../68-libzstd-dev_1.3.5+dfsg-2_amd64.deb ...
Unpacking libzstd-dev:amd64 (1.3.5+dfsg-2) ...
Selecting previously unselected package ninja-build.
Preparing to unpack .../69-ninja-build_1.8.2-1_amd64.deb ...
Unpacking ninja-build (1.8.2-1) ...
Selecting previously unselected package python3-pkg-resources.
Preparing to unpack .../70-python3-pkg-resources_40.6.2-1_all.deb ...
Unpacking python3-pkg-resources (40.6.2-1) ...
Selecting previously unselected package meson.
Preparing to unpack .../71-meson_0.49.0-1_all.deb ...
Unpacking meson (0.49.0-1) ...
Selecting previously unselected package pkg-config.
Preparing to unpack .../72-pkg-config_0.29-4+b1_amd64.deb ...
Unpacking pkg-config (0.29-4+b1) ...
Selecting previously unselected package python-babel-localedata.
Preparing to unpack .../73-python-babel-localedata_2.6.0+dfsg.1-1_all.deb ...
Unpacking python-babel-localedata (2.6.0+dfsg.1-1) ...
Selecting previously unselected package python3-alabaster.
Preparing to unpack .../74-python3-alabaster_0.7.8-1_all.deb ...
Unpacking python3-alabaster (0.7.8-1) ...
Selecting previously unselected package python3-tz.
Preparing to unpack .../75-python3-tz_2018.7-1_all.deb ...
Unpacking python3-tz (2018.7-1) ...
Selecting previously unselected package python3-babel.
Preparing to unpack .../76-python3-babel_2.6.0+dfsg.1-1_all.deb ...
Unpacking python3-babel (2.6.0+dfsg.1-1) ...
Selecting previously unselected package python3-certifi.
Preparing to unpack .../77-python3-certifi_2018.8.24-1_all.deb ...
Unpacking python3-certifi (2018.8.24-1) ...
Selecting previously unselected package python3-chardet.
Preparing to unpack .../78-python3-chardet_3.0.4-1_all.deb ...
Unpacking python3-chardet (3.0.4-1) ...
Selecting previously unselected package python3-lib2to3.
Preparing to unpack .../79-python3-lib2to3_3.7.1-1_all.deb ...
Unpacking python3-lib2to3 (3.7.1-1) ...
Selecting previously unselected package python3-distutils.
Preparing to unpack .../80-python3-distutils_3.7.1-1_all.deb ...
Unpacking python3-distutils (3.7.1-1) ...
Selecting previously unselected package python3-roman.
Preparing to unpack .../81-python3-roman_2.0.0-3_all.deb ...
Unpacking python3-roman (2.0.0-3) ...
Selecting previously unselected package python3-docutils.
Preparing to unpack .../82-python3-docutils_0.14+dfsg-3_all.deb ...
Unpacking python3-docutils (0.14+dfsg-3) ...
Selecting previously unselected package python3-idna.
Preparing to unpack .../83-python3-idna_2.6-1_all.deb ...
Unpacking python3-idna (2.6-1) ...
Selecting previously unselected package python3-imagesize.
Preparing to unpack .../84-python3-imagesize_1.0.0-1_all.deb ...
Unpacking python3-imagesize (1.0.0-1) ...
Selecting previously unselected package python3-markupsafe.
Preparing to unpack .../85-python3-markupsafe_1.1.0-1_amd64.deb ...
Unpacking python3-markupsafe (1.1.0-1) ...
Selecting previously unselected package python3-jinja2.
Preparing to unpack .../86-python3-jinja2_2.10-1_all.deb ...
Unpacking python3-jinja2 (2.10-1) ...
Selecting previously unselected package python3-pyparsing.
Preparing to unpack .../87-python3-pyparsing_2.2.0+dfsg1-2_all.deb ...
Unpacking python3-pyparsing (2.2.0+dfsg1-2) ...
Selecting previously unselected package python3-six.
Preparing to unpack .../88-python3-six_1.12.0-1_all.deb ...
Unpacking python3-six (1.12.0-1) ...
Selecting previously unselected package python3-packaging.
Preparing to unpack .../89-python3-packaging_18.0-1_all.deb ...
Unpacking python3-packaging (18.0-1) ...
Selecting previously unselected package python3-pygments.
Preparing to unpack .../90-python3-pygments_2.3.1+dfsg-1_all.deb ...
Unpacking python3-pygments (2.3.1+dfsg-1) ...
Selecting previously unselected package python3-urllib3.
Preparing to unpack .../91-python3-urllib3_1.24-1_all.deb ...
Unpacking python3-urllib3 (1.24-1) ...
Selecting previously unselected package python3-requests.
Preparing to unpack .../92-python3-requests_2.20.0-2_all.deb ...
Unpacking python3-requests (2.20.0-2) ...
Selecting previously unselected package sphinx-common.
Preparing to unpack .../93-sphinx-common_1.7.9-1_all.deb ...
Unpacking sphinx-common (1.7.9-1) ...
Selecting previously unselected package python3-sphinx.
Preparing to unpack .../94-python3-sphinx_1.7.9-1_all.deb ...
Unpacking python3-sphinx (1.7.9-1) ...
Selecting previously unselected package rsync.
Preparing to unpack .../95-rsync_3.1.2-2.2_amd64.deb ...
Unpacking rsync (3.1.2-2.2) ...
Selecting previously unselected package zlib1g-dev:amd64.
Preparing to unpack .../96-zlib1g-dev_1%3a1.2.11.dfsg-1_amd64.deb ...
Unpacking zlib1g-dev:amd64 (1:1.2.11.dfsg-1) ...
Selecting previously unselected package sbuild-build-depends-casync-dummy.
Preparing to unpack .../97-sbuild-build-depends-casync-dummy_0.invalid.0_amd64.deb ...
Unpacking sbuild-build-depends-casync-dummy (0.invalid.0) ...
Setting up libsepol1-dev:amd64 (2.8-1) ...
Setting up libjs-jquery (3.2.1-1) ...
Setting up readline-common (7.0-5) ...
Setting up libpopt0:amd64 (1.16-11) ...
Setting up libarchive-zip-perl (1.64-1) ...
Setting up libnghttp2-14:amd64 (1.35.1-1) ...
Setting up libjs-underscore (1.8.3~dfsg-1) ...
Setting up mime-support (3.61) ...
Setting up libicu63:amd64 (63.1-5) ...
Setting up libsigsegv2:amd64 (2.12-2) ...
Setting up libldap-common (2.4.47+dfsg-1) ...
Setting up libreadline7:amd64 (7.0-5) ...
Setting up libpsl5:amd64 (0.20.2-2) ...
Setting up libattr1-dev:amd64 (1:2.4.47-2+b2) ...
Setting up libelf1:amd64 (0.175-2) ...
Setting up libssl-dev:amd64 (1.1.1a-1) ...
Setting up libglib2.0-0:amd64 (2.58.1-2) ...
No schema files found: doing nothing.
Setting up libacl1-dev (2.2.52-3+b1) ...
Setting up libfuse2:amd64 (2.9.8-2) ...
Setting up libjs-sphinxdoc (1.7.9-1) ...
Setting up gettext-base (0.19.8.1-9) ...
Setting up libpipeline1:amd64 (1.5.0-2) ...
Setting up librtmp1:amd64 (2.4+20151223.gitfa8646d.1-2) ...
Setting up m4 (1.4.18-2) ...
Setting up sgml-base (1.29) ...
Setting up libkmod2:amd64 (25-2) ...
Setting up libxml2:amd64 (2.9.4+dfsg1-7+b3) ...
Setting up libuchardet0:amd64 (0.0.6-3) ...
Setting up libmagic-mgc (1:5.34-2) ...
Setting up libmagic1:amd64 (1:5.34-2) ...
Setting up lsb-base (10.2018112800) ...
Setting up rsync (3.1.2-2.2) ...
invoke-rc.d: could not determine current runlevel
All runlevel operations denied by policy
invoke-rc.d: policy-rc.d denied execution of restart.
Setting up libcroco3:amd64 (0.6.12-3) ...
Setting up pkg-config (0.29-4+b1) ...
Setting up sensible-utils (0.0.12) ...
Setting up libssh2-1:amd64 (1.8.0-2) ...
Processing triggers for libc-bin (2.28-4) ...
Setting up dwz (0.12-3) ...
Setting up autotools-dev (20180224.1) ...
Setting up udev (240-2) ...
A chroot environment has been detected, udev not started.
Setting up python-babel-localedata (2.6.0+dfsg.1-1) ...
Setting up libzstd-dev:amd64 (1.3.5+dfsg-2) ...
Setting up openssl (1.1.1a-1) ...
Setting up sphinx-common (1.7.9-1) ...
Setting up libsqlite3-0:amd64 (3.26.0+fossilbc891ac6b-1) ...
Setting up libpcrecpp0v5:amd64 (2:8.39-11) ...
Setting up libpcre32-3:amd64 (2:8.39-11) ...
Setting up libpcre16-3:amd64 (2:8.39-11) ...
Setting up liblzma-dev:amd64 (5.2.2-1.3) ...
Setting up xml-core (0.18) ...
Setting up libkeyutils1:amd64 (1.5.9-9.3) ...
Setting up bsdmainutils (11.1.2+b1) ...
update-alternatives: using /usr/bin/bsd-write to provide /usr/bin/write (write) in auto mode
update-alternatives: using /usr/bin/bsd-from to provide /usr/bin/from (from) in auto mode
Setting up ca-certificates (20180409) ...
Updating certificates in /etc/ssl/certs...
133 added, 0 removed; done.
Setting up libudev-dev:amd64 (240-2) ...
Setting up ninja-build (1.8.2-1) ...
Setting up libncurses6:amd64 (6.1+20181013-1) ...
Setting up autopoint (0.19.8.1-9) ...
Setting up libmpdec2:amd64 (2.4.2-2) ...
Setting up zlib1g-dev:amd64 (1:1.2.11.dfsg-1) ...
Setting up libfile-stripnondeterminism-perl (1.0.0-1) ...
Setting up libpcre3-dev:amd64 (2:8.39-11) ...
Setting up libpython3.7-stdlib:amd64 (3.7.2~rc1-1) ...
Setting up gettext (0.19.8.1-9) ...
Setting up groff-base (1.22.4-1) ...
Setting up python3.7 (3.7.2~rc1-1) ...
Setting up autoconf (2.69-11) ...
Setting up file (1:5.34-2) ...
Setting up libkrb5support0:amd64 (1.16.2-1) ...
Setting up intltool-debian (0.35.0+20060710.4) ...
Setting up automake (1:1.16.1-4) ...
update-alternatives: using /usr/bin/automake-1.16 to provide /usr/bin/automake (automake) in auto mode
Setting up man-db (2.8.4-3) ...
Not building database; man-db/auto-update is not 'true'.
Setting up libselinux1-dev:amd64 (2.8-1+b1) ...
Setting up libtool (2.4.6-6) ...
Setting up libpython3-stdlib:amd64 (3.7.1-3) ...
Setting up libk5crypto3:amd64 (1.16.2-1) ...
Setting up po-debconf (1.0.21) ...
Setting up python3 (3.7.1-3) ...
Setting up python3-alabaster (0.7.8-1) ...
Setting up python3-idna (2.6-1) ...
Setting up python3-six (1.12.0-1) ...
Setting up python3-pyparsing (2.2.0+dfsg1-2) ...
Setting up python3-certifi (2018.8.24-1) ...
Setting up libfuse-dev (2.9.8-2) ...
Setting up python3-pkg-resources (40.6.2-1) ...
Setting up python3-markupsafe (1.1.0-1) ...
Setting up python3-chardet (3.0.4-1) ...
Setting up python3-jinja2 (2.10-1) ...
Setting up meson (0.49.0-1) ...
Setting up python3-urllib3 (1.24-1) ...
Setting up libkrb5-3:amd64 (1.16.2-1) ...
Setting up python3-packaging (18.0-1) ...
Setting up python3-lib2to3 (3.7.1-1) ...
Setting up python3-tz (2018.7-1) ...
Setting up python3-distutils (3.7.1-1) ...
Setting up python3-pygments (2.3.1+dfsg-1) ...
Setting up python3-roman (2.0.0-3) ...
Setting up python3-imagesize (1.0.0-1) ...
Setting up python3-babel (2.6.0+dfsg.1-1) ...
update-alternatives: using /usr/bin/pybabel-python3 to provide /usr/bin/pybabel (pybabel) in auto mode
Setting up libgssapi-krb5-2:amd64 (1.16.2-1) ...
Setting up python3-requests (2.20.0-2) ...
Setting up libsasl2-modules-db:amd64 (2.1.27~rc8-1) ...
Setting up libsasl2-2:amd64 (2.1.27~rc8-1) ...
Setting up libldap-2.4-2:amd64 (2.4.47+dfsg-1) ...
Setting up libcurl3-gnutls:amd64 (7.62.0-1) ...
Setting up libcurl4-gnutls-dev:amd64 (7.62.0-1) ...
Processing triggers for sgml-base (1.29) ...
Setting up docutils-common (0.14+dfsg-3) ...
Processing triggers for sgml-base (1.29) ...
Setting up python3-docutils (0.14+dfsg-3) ...
update-alternatives: using /usr/share/docutils/scripts/python3/rst-buildhtml to provide /usr/bin/rst-buildhtml (rst-buildhtml) in auto mode
update-alternatives: using /usr/share/docutils/scripts/python3/rst2html to provide /usr/bin/rst2html (rst2html) in auto mode
update-alternatives: using /usr/share/docutils/scripts/python3/rst2html4 to provide /usr/bin/rst2html4 (rst2html4) in auto mode
update-alternatives: using /usr/share/docutils/scripts/python3/rst2html5 to provide /usr/bin/rst2html5 (rst2html5) in auto mode
update-alternatives: using /usr/share/docutils/scripts/python3/rst2latex to provide /usr/bin/rst2latex (rst2latex) in auto mode
update-alternatives: using /usr/share/docutils/scripts/python3/rst2man to provide /usr/bin/rst2man (rst2man) in auto mode
update-alternatives: using /usr/share/docutils/scripts/python3/rst2odt to provide /usr/bin/rst2odt (rst2odt) in auto mode
update-alternatives: using /usr/share/docutils/scripts/python3/rst2odt_prepstyles to provide /usr/bin/rst2odt_prepstyles (rst2odt_prepstyles) in auto mode
update-alternatives: using /usr/share/docutils/scripts/python3/rst2pseudoxml to provide /usr/bin/rst2pseudoxml (rst2pseudoxml) in auto mode
update-alternatives: using /usr/share/docutils/scripts/python3/rst2s5 to provide /usr/bin/rst2s5 (rst2s5) in auto mode
update-alternatives: using /usr/share/docutils/scripts/python3/rst2xetex to provide /usr/bin/rst2xetex (rst2xetex) in auto mode
update-alternatives: using /usr/share/docutils/scripts/python3/rst2xml to provide /usr/bin/rst2xml (rst2xml) in auto mode
update-alternatives: using /usr/share/docutils/scripts/python3/rstpep2html to provide /usr/bin/rstpep2html (rstpep2html) in auto mode
Setting up python3-sphinx (1.7.9-1) ...
update-alternatives: using /usr/share/sphinx/scripts/python3/sphinx-apidoc to provide /usr/bin/sphinx-apidoc (sphinx-apidoc) in auto mode
update-alternatives: using /usr/share/sphinx/scripts/python3/sphinx-autogen to provide /usr/bin/sphinx-autogen (sphinx-autogen) in auto mode
update-alternatives: using /usr/share/sphinx/scripts/python3/sphinx-build to provide /usr/bin/sphinx-build (sphinx-build) in auto mode
update-alternatives: using /usr/share/sphinx/scripts/python3/sphinx-quickstart to provide /usr/bin/sphinx-quickstart (sphinx-quickstart) in auto mode
Setting up dh-autoreconf (19) ...
Setting up dh-strip-nondeterminism (1.0.0-1) ...
Setting up debhelper (12) ...
Setting up sbuild-build-depends-casync-dummy (0.invalid.0) ...
Processing triggers for libc-bin (2.28-4) ...
Processing triggers for ca-certificates (20180409) ...
Updating certificates in /etc/ssl/certs...
0 added, 0 removed; done.
Running hooks in /etc/ca-certificates/update.d...
done.

+------------------------------------------------------------------------------+
| Build environment                                                            |
+------------------------------------------------------------------------------+

Kernel: Linux 4.9.0-8-amd64 amd64 (x86_64)
Toolchain package versions: binutils_2.31.1-11 dpkg-dev_1.19.2 g++-8_8.2.0-13 gcc-8_8.2.0-13 libc6-dev_2.28-4 libstdc++-8-dev_8.2.0-13 libstdc++6_8.2.0-13 linux-libc-dev_4.19.13-1
Package versions: adduser_3.118 apt_1.8.0~alpha3 autoconf_2.69-11 automake_1:1.16.1-4 autopoint_0.19.8.1-9 autotools-dev_20180224.1 base-files_10.1 base-passwd_3.5.45 bash_4.4.18-3.1 binutils_2.31.1-11 binutils-common_2.31.1-11 binutils-x86-64-linux-gnu_2.31.1-11 bsdmainutils_11.1.2+b1 bsdutils_1:2.33-0.2 build-essential_12.5 bzip2_1.0.6-9 ca-certificates_20180409 clang-7_1:7.0.1-3 coreutils_8.30-1 cpp_4:8.2.0-2 cpp-8_8.2.0-13 dash_0.5.10.2-4 debconf_1.5.69 debhelper_12 debian-archive-keyring_2018.1 debianutils_4.8.6 dh-autoreconf_19 dh-strip-nondeterminism_1.0.0-1 diffutils_1:3.6-1 docutils-common_0.14+dfsg-3 dpkg_1.19.2 dpkg-dev_1.19.2 dwz_0.12-3 e2fsprogs_1.44.5-1 fakeroot_1.23-1 fdisk_2.33-0.2 file_1:5.34-2 findutils_4.6.0+git+20181018-1 g++_4:8.2.0-2 g++-8_8.2.0-13 gcc_4:8.2.0-2 gcc-8_8.2.0-13 gcc-8-base_8.2.0-13 gettext_0.19.8.1-9 gettext-base_0.19.8.1-9 gpgv_2.2.12-1 grep_3.1-3 groff-base_1.22.4-1 gzip_1.9-2.1 hostname_3.21 init-system-helpers_1.56+nmu1 intltool-debian_0.35.0+20060710.4 lib32gcc1_1:8.2.0-13 lib32stdc++6_8.2.0-13 libacl1_2.2.52-3+b1 libacl1-dev_2.2.52-3+b1 libapt-pkg5.0_1.8.0~alpha3 libarchive-zip-perl_1.64-1 libasan5_8.2.0-13 libatomic1_8.2.0-13 libattr1_1:2.4.47-2+b2 libattr1-dev_1:2.4.47-2+b2 libaudit-common_1:2.8.4-2 libaudit1_1:2.8.4-2 libbinutils_2.31.1-11 libblkid1_2.33-0.2 libbsd0_0.9.1-1 libbz2-1.0_1.0.6-9 libc-bin_2.28-4 libc-dev-bin_2.28-4 libc6_2.28-4 libc6-dev_2.28-4 libc6-i386_2.28-4 libcap-ng0_0.7.9-1+b1 libcc1-0_8.2.0-13 libclang-common-7-dev_1:7.0.1-3 libclang1-7_1:7.0.1-3 libcom-err2_1.44.5-1 libcroco3_0.6.12-3 libcurl3-gnutls_7.62.0-1 libcurl4-gnutls-dev_7.62.0-1 libdb5.3_5.3.28+dfsg1-0.2 libdebconfclient0_0.246 libdpkg-perl_1.19.2 libedit2_3.1-20181209-1 libelf1_0.175-2 libexpat1_2.2.6-1 libext2fs2_1.44.5-1 libfakeroot_1.23-1 libfdisk1_2.33-0.2 libffi6_3.2.1-9 libfile-stripnondeterminism-perl_1.0.0-1 libfuse-dev_2.9.8-2 libfuse2_2.9.8-2 libgc1c2_1:7.6.4-0.4 libgcc-8-dev_8.2.0-13 libgcc1_1:8.2.0-13 libgcrypt20_1.8.4-4 libgdbm-compat4_1.18.1-2 libgdbm6_1.18.1-2 libglib2.0-0_2.58.1-2 libgmp10_2:6.1.2+dfsg-4 libgnutls30_3.6.5-2 libgomp1_8.2.0-13 libgpg-error0_1.33-3 libgssapi-krb5-2_1.16.2-1 libhogweed4_3.4.1~rc1-1 libicu63_63.1-5 libidn2-0_2.0.5-1 libisl19_0.20-2 libitm1_8.2.0-13 libjs-jquery_3.2.1-1 libjs-sphinxdoc_1.7.9-1 libjs-underscore_1.8.3~dfsg-1 libk5crypto3_1.16.2-1 libkeyutils1_1.5.9-9.3 libkmod2_25-2 libkrb5-3_1.16.2-1 libkrb5support0_1.16.2-1 libldap-2.4-2_2.4.47+dfsg-1 libldap-common_2.4.47+dfsg-1 libllvm7_1:7.0.1-3 liblsan0_8.2.0-13 liblz4-1_1.8.2-1 liblzma-dev_5.2.2-1.3 liblzma5_5.2.2-1.3 libmagic-mgc_1:5.34-2 libmagic1_1:5.34-2 libmount1_2.33-0.2 libmpc3_1.1.0-1 libmpdec2_2.4.2-2 libmpfr6_4.0.1-2 libmpx2_8.2.0-13 libncurses6_6.1+20181013-1 libncursesw6_6.1+20181013-1 libnettle6_3.4.1~rc1-1 libnghttp2-14_1.35.1-1 libobjc-8-dev_8.2.0-13 libobjc4_8.2.0-13 libp11-kit0_0.23.14-2 libpam-modules_1.1.8-3.8 libpam-modules-bin_1.1.8-3.8 libpam-runtime_1.1.8-3.8 libpam0g_1.1.8-3.8 libpcre16-3_2:8.39-11 libpcre3_2:8.39-11 libpcre3-dev_2:8.39-11 libpcre32-3_2:8.39-11 libpcrecpp0v5_2:8.39-11 libperl5.28_5.28.1-3 libpipeline1_1.5.0-2 libpopt0_1.16-11 libpsl5_0.20.2-2 libpython3-stdlib_3.7.1-3 libpython3.7-minimal_3.7.2~rc1-1 libpython3.7-stdlib_3.7.2~rc1-1 libquadmath0_8.2.0-13 libreadline7_7.0-5 librtmp1_2.4+20151223.gitfa8646d.1-2 libsasl2-2_2.1.27~rc8-1 libsasl2-modules-db_2.1.27~rc8-1 libseccomp2_2.3.3-3 libselinux1_2.8-1+b1 libselinux1-dev_2.8-1+b1 libsemanage-common_2.8-1 libsemanage1_2.8-1+b1 libsepol1_2.8-1 libsepol1-dev_2.8-1 libsigsegv2_2.12-2 libsmartcols1_2.33-0.2 libsqlite3-0_3.26.0+fossilbc891ac6b-1 libss2_1.44.5-1 libssh2-1_1.8.0-2 libssl-dev_1.1.1a-1 libssl1.1_1.1.1a-1 libstdc++-8-dev_8.2.0-13 libstdc++6_8.2.0-13 libsystemd0_240-2 libtasn1-6_4.13-3 libtinfo6_6.1+20181013-1 libtool_2.4.6-6 libtsan0_8.2.0-13 libubsan1_8.2.0-13 libuchardet0_0.0.6-3 libudev-dev_240-2 libudev1_240-2 libunistring2_0.9.10-1 libuuid1_2.33-0.2 libxml2_2.9.4+dfsg1-7+b3 libzstd-dev_1.3.5+dfsg-2 libzstd1_1.3.5+dfsg-2 linux-libc-dev_4.19.13-1 login_1:4.5-1.1 lsb-base_10.2018112800 m4_1.4.18-2 make_4.2.1-1.2 man-db_2.8.4-3 mawk_1.3.3-17+b3 meson_0.49.0-1 mime-support_3.61 mount_2.33-0.2 ncurses-base_6.1+20181013-1 ncurses-bin_6.1+20181013-1 ninja-build_1.8.2-1 openssl_1.1.1a-1 passwd_1:4.5-1.1 patch_2.7.6-3 perl_5.28.1-3 perl-base_5.28.1-3 perl-modules-5.28_5.28.1-3 pkg-config_0.29-4+b1 po-debconf_1.0.21 python-babel-localedata_2.6.0+dfsg.1-1 python3_3.7.1-3 python3-alabaster_0.7.8-1 python3-babel_2.6.0+dfsg.1-1 python3-certifi_2018.8.24-1 python3-chardet_3.0.4-1 python3-distutils_3.7.1-1 python3-docutils_0.14+dfsg-3 python3-idna_2.6-1 python3-imagesize_1.0.0-1 python3-jinja2_2.10-1 python3-lib2to3_3.7.1-1 python3-markupsafe_1.1.0-1 python3-minimal_3.7.1-3 python3-packaging_18.0-1 python3-pkg-resources_40.6.2-1 python3-pygments_2.3.1+dfsg-1 python3-pyparsing_2.2.0+dfsg1-2 python3-requests_2.20.0-2 python3-roman_2.0.0-3 python3-six_1.12.0-1 python3-sphinx_1.7.9-1 python3-tz_2018.7-1 python3-urllib3_1.24-1 python3.7_3.7.2~rc1-1 python3.7-minimal_3.7.2~rc1-1 readline-common_7.0-5 rsync_3.1.2-2.2 sbuild-build-depends-casync-dummy_0.invalid.0 sbuild-build-depends-core-dummy_0.invalid.0 sed_4.7-1 sensible-utils_0.0.12 sgml-base_1.29 sphinx-common_1.7.9-1 sysvinit-utils_2.93-2 tar_1.30+dfsg-3 tzdata_2018i-1 udev_240-2 util-linux_2.33-0.2 xml-core_0.18 xz-utils_5.2.2-1.3 zlib1g_1:1.2.11.dfsg-1 zlib1g-dev_1:1.2.11.dfsg-1

+------------------------------------------------------------------------------+
| Build                                                                        |
+------------------------------------------------------------------------------+


Unpack source
-------------

gpgv: unknown type of key resource 'trustedkeys.kbx'
gpgv: keyblock resource '/sbuild-nonexistent/.gnupg/trustedkeys.kbx': General error
gpgv: Signature made Fri Nov 30 12:47:14 2018 UTC
gpgv:                using RSA key 3AFA757FAC6EA11D2FF45DF088D24287A2D898B1
gpgv: Can't check signature: No public key
dpkg-source: warning: failed to verify signature on ./casync_2+20180321-2.1.dsc
dpkg-source: info: extracting casync in /<<BUILDDIR>>/casync-2+20180321
dpkg-source: info: unpacking casync_2+20180321.orig.tar.gz
dpkg-source: info: unpacking casync_2+20180321-2.1.debian.tar.xz
dpkg-source: info: using patch list from debian/patches/series
dpkg-source: info: applying 0001-meson.build-pass-D_GNU_SOURCE-when-checking-for-func.patch

Check disk space
----------------

Sufficient free space for build

User Environment
----------------

APT_CONFIG=/var/lib/sbuild/apt.conf
HOME=/sbuild-nonexistent
LANG=en_US.UTF-8
LC_ALL=POSIX
LOGNAME=user42
PATH=/usr/local/sbin:/usr/local/bin:/usr/sbin:/usr/bin:/sbin:/bin:/usr/games
SCHROOT_ALIAS_NAME=unstable
SCHROOT_CHROOT_NAME=sid-amd64-sbuild
SCHROOT_COMMAND=env
SCHROOT_GID=1001
SCHROOT_GROUP=user42
SCHROOT_SESSION_ID=sid-amd64-sbuild-ea750ede-593a-4171-bfc7-645b8e4a71a9
SCHROOT_UID=1001
SCHROOT_USER=user42
SHELL=/bin/sh
USER=user42

dpkg-buildpackage
-----------------

dpkg-buildpackage: info: source package casync
dpkg-buildpackage: info: source version 2+20180321-2.1
dpkg-buildpackage: info: source distribution unstable
dpkg-buildpackage: info: source changed by Adrian Bunk <bunk@debian.org>
 dpkg-source --before-build .
dpkg-buildpackage: info: host architecture amd64
 fakeroot debian/rules clean
dh clean
   dh_clean
 debian/rules build-arch
dh build-arch
   dh_update_autotools_config -a
   dh_autoreconf -a
   dh_auto_configure -a
	cd obj-x86_64-linux-gnu && LC_ALL=C.UTF-8 meson .. --wrap-mode=nodownload --buildtype=plain --prefix=/usr --sysconfdir=/etc --localstatedir=/var --libdir=lib/x86_64-linux-gnu --libexecdir=lib/x86_64-linux-gnu
'/<<BUILDDIR>>/casync-2+20180321/obj-x86_64-linux-gnu/casync-https' -> 'casync-http'
'/<<BUILDDIR>>/casync-2+20180321/obj-x86_64-linux-gnu/casync-ftp' -> 'casync-http'
'/<<BUILDDIR>>/casync-2+20180321/obj-x86_64-linux-gnu/casync-sftp' -> 'casync-http'
The Meson build system
Version: 0.49.0
Source dir: /<<BUILDDIR>>/casync-2+20180321
Build dir: /<<BUILDDIR>>/casync-2+20180321/obj-x86_64-linux-gnu
Build type: native build
Project name: casync
Project version: 2
Appending CFLAGS from environment: '-g -O2 -fdebug-prefix-map=/<<BUILDDIR>>/casync-2+20180321=. -fstack-protector-strong -Wformat -Werror=format-security'
Appending LDFLAGS from environment: '-Wl,-z,relro -Wl,-z,now'
Appending CPPFLAGS from environment: '-Wdate-time -D_FORTIFY_SOURCE=2'
Native C compiler: cc (clang 7.0.1-3 "clang version 7.0.1-3 (tags/RELEASE_701/final)")
Build machine cpu family: x86_64
Build machine cpu: x86_64
Compiler for C supports arguments -Wextra: YES
Compiler for C supports arguments -Werror=undef: YES
Compiler for C supports arguments -Werror=format=2: YES
Compiler for C supports arguments -Wformat-security: YES
Compiler for C supports arguments -Wformat-nonliteral: YES
Compiler for C supports arguments -Wlogical-op: NO
Compiler for C supports arguments -Wmissing-include-dirs: YES
Compiler for C supports arguments -Werror=old-style-definition: YES
Compiler for C supports arguments -Werror=pointer-arith: YES
Compiler for C supports arguments -Winit-self: YES
Compiler for C supports arguments -Wdeclaration-after-statement: YES
Compiler for C supports arguments -Wfloat-equal: YES
Compiler for C supports arguments -Wsuggest-attribute=noreturn: NO
Compiler for C supports arguments -Werror=missing-prototypes: YES
Compiler for C supports arguments -Werror=implicit-function-declaration: YES
Compiler for C supports arguments -Werror=missing-declarations: YES
Compiler for C supports arguments -Werror=return-type: YES
Compiler for C supports arguments -Werror=incompatible-pointer-types: YES
Compiler for C supports arguments -Werror=shadow: YES
Compiler for C supports arguments -Werror=int-conversion: YES
Compiler for C supports arguments -Wstrict-prototypes: YES
Compiler for C supports arguments -Wredundant-decls: YES
Compiler for C supports arguments -Wmissing-noreturn: YES
Compiler for C supports arguments -Wendif-labels: YES
Compiler for C supports arguments -Wstrict-aliasing=2: YES
Compiler for C supports arguments -Wwrite-strings: YES
Compiler for C supports arguments -Wno-unused-parameter: YES
Compiler for C supports arguments -Wno-missing-field-initializers: YES
Compiler for C supports arguments -Wno-unused-result: YES
Compiler for C supports arguments -Werror=overflow: YES
Compiler for C supports arguments -Werror=sign-compare: YES
Compiler for C supports arguments -Wdate-time: YES
Compiler for C supports arguments -Wnested-externs: YES
Compiler for C supports arguments -fno-common: YES
Compiler for C supports arguments -fdiagnostics-show-option: YES
Compiler for C supports arguments -fno-strict-aliasing: YES
Compiler for C supports arguments -fvisibility=hidden: YES
Compiler for C supports arguments -fstack-protector: YES
Compiler for C supports arguments -fstack-protector-strong: YES
Compiler for C supports arguments -fPIE: YES
Compiler for C supports arguments --param=ssp-buffer-size=4: YES
Checking for size of "pid_t" : 4
Checking for size of "uid_t" : 4
Checking for size of "gid_t" : 4
Checking for function "renameat2" : YES
Checking for function "copy_file_range" : YES
Checking for function "getrandom" : YES
Found pkg-config: /usr/bin/pkg-config (0.29)
Dependency liblzma found: YES 5.2.2
Dependency libcurl found: YES 7.62.0
Dependency openssl found: YES 1.1.1a
Dependency zlib found: YES 1.2.11
Dependency libzstd found: YES 1.3.5
Library acl found: YES
Dependency fuse found: YES 2.9.8
Dependency libselinux found: YES 2.8
Dependency libudev found: YES 240
Dependency threads found: YES 
Library m found: YES
Configuring config.h using configuration
Dependency udev found: YES 240
Program sphinx-build-3 found: NO
Program sphinx-build found: YES (/usr/bin/sphinx-build)
Program sh found: YES (/bin/sh)
Program test-files/test-files.sh found: YES (/<<BUILDDIR>>/casync-2+20180321/test-files/test-files.sh)
Configuring test-script.sh using configuration
Program test-script.sh found: YES (/<<BUILDDIR>>/casync-2+20180321/obj-x86_64-linux-gnu/test-script.sh)
Configuring test-script-sha256.sh using configuration
Program test-script-sha256.sh found: YES (/<<BUILDDIR>>/casync-2+20180321/obj-x86_64-linux-gnu/test-script-sha256.sh)
Configuring test-script-gzip.sh using configuration
Program test-script-gzip.sh found: YES (/<<BUILDDIR>>/casync-2+20180321/obj-x86_64-linux-gnu/test-script-gzip.sh)
Configuring test-script-xz.sh using configuration
Program test-script-xz.sh found: YES (/<<BUILDDIR>>/casync-2+20180321/obj-x86_64-linux-gnu/test-script-xz.sh)
Configuring test-nbd.sh using configuration
Program test-nbd.sh found: YES (/<<BUILDDIR>>/casync-2+20180321/obj-x86_64-linux-gnu/test-nbd.sh)
Configuring test-fuse.sh using configuration
Program test-fuse.sh found: YES (/<<BUILDDIR>>/casync-2+20180321/obj-x86_64-linux-gnu/test-fuse.sh)
Configuring test-cache.sh using configuration
Program test-cache.sh found: YES (/<<BUILDDIR>>/casync-2+20180321/obj-x86_64-linux-gnu/test-cache.sh)
Configuring 75-casync.rules using configuration
Program test/meson-check-help.sh found: YES (/<<BUILDDIR>>/casync-2+20180321/test/meson-check-help.sh)
Program git found: NO
Build targets in project: 23
Found ninja-1.8.2 at /usr/bin/ninja
   dh_auto_build -a
	cd obj-x86_64-linux-gnu && LC_ALL=C.UTF-8 ninja -j4 -v
[1/85] cc -Isrc/25a6634@@shared@sta -Isrc -I../src -Xclang -fcolor-diagnostics -pipe -D_FILE_OFFSET_BITS=64 -std=gnu99 -Wextra -Werror=undef -Werror=format=2 -Wformat-security -Wformat-nonliteral -Wmissing-include-dirs -Werror=old-style-definition -Werror=pointer-arith -Winit-self -Wdeclaration-after-statement -Wfloat-equal -Werror=missing-prototypes -Werror=implicit-function-declaration -Werror=missing-declarations -Werror=return-type -Werror=incompatible-pointer-types -Werror=shadow -Werror=int-conversion -Wstrict-prototypes -Wredundant-decls -Wmissing-noreturn -Wendif-labels -Wstrict-aliasing=2 -Wwrite-strings -Wno-unused-parameter -Wno-missing-field-initializers -Wno-unused-result -Werror=overflow -Werror=sign-compare -Wdate-time -Wnested-externs -fno-common -fdiagnostics-show-option -fno-strict-aliasing -fvisibility=hidden -fstack-protector -fstack-protector-strong -fPIE --param=ssp-buffer-size=4 -include config.h -g -O2 -fdebug-prefix-map=/<<BUILDDIR>>/casync-2+20180321=. -fstack-protector-strong -Wformat -Werror=format-security -Wdate-time -D_FORTIFY_SOURCE=2 -fPIC  -MD -MQ 'src/25a6634@@shared@sta/cachunkid.c.o' -MF 'src/25a6634@@shared@sta/cachunkid.c.o.d' -o 'src/25a6634@@shared@sta/cachunkid.c.o' -c ../src/cachunkid.c
[2/85] cc -Isrc/25a6634@@shared@sta -Isrc -I../src -Xclang -fcolor-diagnostics -pipe -D_FILE_OFFSET_BITS=64 -std=gnu99 -Wextra -Werror=undef -Werror=format=2 -Wformat-security -Wformat-nonliteral -Wmissing-include-dirs -Werror=old-style-definition -Werror=pointer-arith -Winit-self -Wdeclaration-after-statement -Wfloat-equal -Werror=missing-prototypes -Werror=implicit-function-declaration -Werror=missing-declarations -Werror=return-type -Werror=incompatible-pointer-types -Werror=shadow -Werror=int-conversion -Wstrict-prototypes -Wredundant-decls -Wmissing-noreturn -Wendif-labels -Wstrict-aliasing=2 -Wwrite-strings -Wno-unused-parameter -Wno-missing-field-initializers -Wno-unused-result -Werror=overflow -Werror=sign-compare -Wdate-time -Wnested-externs -fno-common -fdiagnostics-show-option -fno-strict-aliasing -fvisibility=hidden -fstack-protector -fstack-protector-strong -fPIE --param=ssp-buffer-size=4 -include config.h -g -O2 -fdebug-prefix-map=/<<BUILDDIR>>/casync-2+20180321=. -fstack-protector-strong -Wformat -Werror=format-security -Wdate-time -D_FORTIFY_SOURCE=2 -fPIC  -MD -MQ 'src/25a6634@@shared@sta/cachunker.c.o' -MF 'src/25a6634@@shared@sta/cachunker.c.o.d' -o 'src/25a6634@@shared@sta/cachunker.c.o' -c ../src/cachunker.c
[3/85] cc -Isrc/25a6634@@shared@sta -Isrc -I../src -Xclang -fcolor-diagnostics -pipe -D_FILE_OFFSET_BITS=64 -std=gnu99 -Wextra -Werror=undef -Werror=format=2 -Wformat-security -Wformat-nonliteral -Wmissing-include-dirs -Werror=old-style-definition -Werror=pointer-arith -Winit-self -Wdeclaration-after-statement -Wfloat-equal -Werror=missing-prototypes -Werror=implicit-function-declaration -Werror=missing-declarations -Werror=return-type -Werror=incompatible-pointer-types -Werror=shadow -Werror=int-conversion -Wstrict-prototypes -Wredundant-decls -Wmissing-noreturn -Wendif-labels -Wstrict-aliasing=2 -Wwrite-strings -Wno-unused-parameter -Wno-missing-field-initializers -Wno-unused-result -Werror=overflow -Werror=sign-compare -Wdate-time -Wnested-externs -fno-common -fdiagnostics-show-option -fno-strict-aliasing -fvisibility=hidden -fstack-protector -fstack-protector-strong -fPIE --param=ssp-buffer-size=4 -include config.h -g -O2 -fdebug-prefix-map=/<<BUILDDIR>>/casync-2+20180321=. -fstack-protector-strong -Wformat -Werror=format-security -Wdate-time -D_FORTIFY_SOURCE=2 -fPIC  -MD -MQ 'src/25a6634@@shared@sta/cacache.c.o' -MF 'src/25a6634@@shared@sta/cacache.c.o.d' -o 'src/25a6634@@shared@sta/cacache.c.o' -c ../src/cacache.c
[4/85] cc -Isrc/25a6634@@shared@sta -Isrc -I../src -Xclang -fcolor-diagnostics -pipe -D_FILE_OFFSET_BITS=64 -std=gnu99 -Wextra -Werror=undef -Werror=format=2 -Wformat-security -Wformat-nonliteral -Wmissing-include-dirs -Werror=old-style-definition -Werror=pointer-arith -Winit-self -Wdeclaration-after-statement -Wfloat-equal -Werror=missing-prototypes -Werror=implicit-function-declaration -Werror=missing-declarations -Werror=return-type -Werror=incompatible-pointer-types -Werror=shadow -Werror=int-conversion -Wstrict-prototypes -Wredundant-decls -Wmissing-noreturn -Wendif-labels -Wstrict-aliasing=2 -Wwrite-strings -Wno-unused-parameter -Wno-missing-field-initializers -Wno-unused-result -Werror=overflow -Werror=sign-compare -Wdate-time -Wnested-externs -fno-common -fdiagnostics-show-option -fno-strict-aliasing -fvisibility=hidden -fstack-protector -fstack-protector-strong -fPIE --param=ssp-buffer-size=4 -include config.h -g -O2 -fdebug-prefix-map=/<<BUILDDIR>>/casync-2+20180321=. -fstack-protector-strong -Wformat -Werror=format-security -Wdate-time -D_FORTIFY_SOURCE=2 -fPIC  -MD -MQ 'src/25a6634@@shared@sta/cafileroot.c.o' -MF 'src/25a6634@@shared@sta/cafileroot.c.o.d' -o 'src/25a6634@@shared@sta/cafileroot.c.o' -c ../src/cafileroot.c
[5/85] cc -Isrc/25a6634@@shared@sta -Isrc -I../src -Xclang -fcolor-diagnostics -pipe -D_FILE_OFFSET_BITS=64 -std=gnu99 -Wextra -Werror=undef -Werror=format=2 -Wformat-security -Wformat-nonliteral -Wmissing-include-dirs -Werror=old-style-definition -Werror=pointer-arith -Winit-self -Wdeclaration-after-statement -Wfloat-equal -Werror=missing-prototypes -Werror=implicit-function-declaration -Werror=missing-declarations -Werror=return-type -Werror=incompatible-pointer-types -Werror=shadow -Werror=int-conversion -Wstrict-prototypes -Wredundant-decls -Wmissing-noreturn -Wendif-labels -Wstrict-aliasing=2 -Wwrite-strings -Wno-unused-parameter -Wno-missing-field-initializers -Wno-unused-result -Werror=overflow -Werror=sign-compare -Wdate-time -Wnested-externs -fno-common -fdiagnostics-show-option -fno-strict-aliasing -fvisibility=hidden -fstack-protector -fstack-protector-strong -fPIE --param=ssp-buffer-size=4 -include config.h -g -O2 -fdebug-prefix-map=/<<BUILDDIR>>/casync-2+20180321=. -fstack-protector-strong -Wformat -Werror=format-security -Wdate-time -D_FORTIFY_SOURCE=2 -fPIC  -MD -MQ 'src/25a6634@@shared@sta/cachunk.c.o' -MF 'src/25a6634@@shared@sta/cachunk.c.o.d' -o 'src/25a6634@@shared@sta/cachunk.c.o' -c ../src/cachunk.c
[6/85] cc -Isrc/25a6634@@shared@sta -Isrc -I../src -Xclang -fcolor-diagnostics -pipe -D_FILE_OFFSET_BITS=64 -std=gnu99 -Wextra -Werror=undef -Werror=format=2 -Wformat-security -Wformat-nonliteral -Wmissing-include-dirs -Werror=old-style-definition -Werror=pointer-arith -Winit-self -Wdeclaration-after-statement -Wfloat-equal -Werror=missing-prototypes -Werror=implicit-function-declaration -Werror=missing-declarations -Werror=return-type -Werror=incompatible-pointer-types -Werror=shadow -Werror=int-conversion -Wstrict-prototypes -Wredundant-decls -Wmissing-noreturn -Wendif-labels -Wstrict-aliasing=2 -Wwrite-strings -Wno-unused-parameter -Wno-missing-field-initializers -Wno-unused-result -Werror=overflow -Werror=sign-compare -Wdate-time -Wnested-externs -fno-common -fdiagnostics-show-option -fno-strict-aliasing -fvisibility=hidden -fstack-protector -fstack-protector-strong -fPIE --param=ssp-buffer-size=4 -include config.h -g -O2 -fdebug-prefix-map=/<<BUILDDIR>>/casync-2+20180321=. -fstack-protector-strong -Wformat -Werror=format-security -Wdate-time -D_FORTIFY_SOURCE=2 -fPIC  -MD -MQ 'src/25a6634@@shared@sta/cacompression.c.o' -MF 'src/25a6634@@shared@sta/cacompression.c.o.d' -o 'src/25a6634@@shared@sta/cacompression.c.o' -c ../src/cacompression.c
[7/85] cc -Isrc/25a6634@@shared@sta -Isrc -I../src -Xclang -fcolor-diagnostics -pipe -D_FILE_OFFSET_BITS=64 -std=gnu99 -Wextra -Werror=undef -Werror=format=2 -Wformat-security -Wformat-nonliteral -Wmissing-include-dirs -Werror=old-style-definition -Werror=pointer-arith -Winit-self -Wdeclaration-after-statement -Wfloat-equal -Werror=missing-prototypes -Werror=implicit-function-declaration -Werror=missing-declarations -Werror=return-type -Werror=incompatible-pointer-types -Werror=shadow -Werror=int-conversion -Wstrict-prototypes -Wredundant-decls -Wmissing-noreturn -Wendif-labels -Wstrict-aliasing=2 -Wwrite-strings -Wno-unused-parameter -Wno-missing-field-initializers -Wno-unused-result -Werror=overflow -Werror=sign-compare -Wdate-time -Wnested-externs -fno-common -fdiagnostics-show-option -fno-strict-aliasing -fvisibility=hidden -fstack-protector -fstack-protector-strong -fPIE --param=ssp-buffer-size=4 -include config.h -g -O2 -fdebug-prefix-map=/<<BUILDDIR>>/casync-2+20180321=. -fstack-protector-strong -Wformat -Werror=format-security -Wdate-time -D_FORTIFY_SOURCE=2 -fPIC  -MD -MQ 'src/25a6634@@shared@sta/caformat-util.c.o' -MF 'src/25a6634@@shared@sta/caformat-util.c.o.d' -o 'src/25a6634@@shared@sta/caformat-util.c.o' -c ../src/caformat-util.c
[8/85] cc -Isrc/25a6634@@shared@sta -Isrc -I../src -Xclang -fcolor-diagnostics -pipe -D_FILE_OFFSET_BITS=64 -std=gnu99 -Wextra -Werror=undef -Werror=format=2 -Wformat-security -Wformat-nonliteral -Wmissing-include-dirs -Werror=old-style-definition -Werror=pointer-arith -Winit-self -Wdeclaration-after-statement -Wfloat-equal -Werror=missing-prototypes -Werror=implicit-function-declaration -Werror=missing-declarations -Werror=return-type -Werror=incompatible-pointer-types -Werror=shadow -Werror=int-conversion -Wstrict-prototypes -Wredundant-decls -Wmissing-noreturn -Wendif-labels -Wstrict-aliasing=2 -Wwrite-strings -Wno-unused-parameter -Wno-missing-field-initializers -Wno-unused-result -Werror=overflow -Werror=sign-compare -Wdate-time -Wnested-externs -fno-common -fdiagnostics-show-option -fno-strict-aliasing -fvisibility=hidden -fstack-protector -fstack-protector-strong -fPIE --param=ssp-buffer-size=4 -include config.h -g -O2 -fdebug-prefix-map=/<<BUILDDIR>>/casync-2+20180321=. -fstack-protector-strong -Wformat -Werror=format-security -Wdate-time -D_FORTIFY_SOURCE=2 -fPIC  -MD -MQ 'src/25a6634@@shared@sta/cadigest.c.o' -MF 'src/25a6634@@shared@sta/cadigest.c.o.d' -o 'src/25a6634@@shared@sta/cadigest.c.o' -c ../src/cadigest.c
[9/85] cc -Isrc/25a6634@@shared@sta -Isrc -I../src -Xclang -fcolor-diagnostics -pipe -D_FILE_OFFSET_BITS=64 -std=gnu99 -Wextra -Werror=undef -Werror=format=2 -Wformat-security -Wformat-nonliteral -Wmissing-include-dirs -Werror=old-style-definition -Werror=pointer-arith -Winit-self -Wdeclaration-after-statement -Wfloat-equal -Werror=missing-prototypes -Werror=implicit-function-declaration -Werror=missing-declarations -Werror=return-type -Werror=incompatible-pointer-types -Werror=shadow -Werror=int-conversion -Wstrict-prototypes -Wredundant-decls -Wmissing-noreturn -Wendif-labels -Wstrict-aliasing=2 -Wwrite-strings -Wno-unused-parameter -Wno-missing-field-initializers -Wno-unused-result -Werror=overflow -Werror=sign-compare -Wdate-time -Wnested-externs -fno-common -fdiagnostics-show-option -fno-strict-aliasing -fvisibility=hidden -fstack-protector -fstack-protector-strong -fPIE --param=ssp-buffer-size=4 -include config.h -g -O2 -fdebug-prefix-map=/<<BUILDDIR>>/casync-2+20180321=. -fstack-protector-strong -Wformat -Werror=format-security -Wdate-time -D_FORTIFY_SOURCE=2 -fPIC  -MD -MQ 'src/25a6634@@shared@sta/caprotocol-util.c.o' -MF 'src/25a6634@@shared@sta/caprotocol-util.c.o.d' -o 'src/25a6634@@shared@sta/caprotocol-util.c.o' -c ../src/caprotocol-util.c
[10/85] cc -Isrc/25a6634@@shared@sta -Isrc -I../src -Xclang -fcolor-diagnostics -pipe -D_FILE_OFFSET_BITS=64 -std=gnu99 -Wextra -Werror=undef -Werror=format=2 -Wformat-security -Wformat-nonliteral -Wmissing-include-dirs -Werror=old-style-definition -Werror=pointer-arith -Winit-self -Wdeclaration-after-statement -Wfloat-equal -Werror=missing-prototypes -Werror=implicit-function-declaration -Werror=missing-declarations -Werror=return-type -Werror=incompatible-pointer-types -Werror=shadow -Werror=int-conversion -Wstrict-prototypes -Wredundant-decls -Wmissing-noreturn -Wendif-labels -Wstrict-aliasing=2 -Wwrite-strings -Wno-unused-parameter -Wno-missing-field-initializers -Wno-unused-result -Werror=overflow -Werror=sign-compare -Wdate-time -Wnested-externs -fno-common -fdiagnostics-show-option -fno-strict-aliasing -fvisibility=hidden -fstack-protector -fstack-protector-strong -fPIE --param=ssp-buffer-size=4 -include config.h -g -O2 -fdebug-prefix-map=/<<BUILDDIR>>/casync-2+20180321=. -fstack-protector-strong -Wformat -Werror=format-security -Wdate-time -D_FORTIFY_SOURCE=2 -fPIC  -MD -MQ 'src/25a6634@@shared@sta/caorigin.c.o' -MF 'src/25a6634@@shared@sta/caorigin.c.o.d' -o 'src/25a6634@@shared@sta/caorigin.c.o' -c ../src/caorigin.c
[11/85] cc -Isrc/25a6634@@shared@sta -Isrc -I../src -Xclang -fcolor-diagnostics -pipe -D_FILE_OFFSET_BITS=64 -std=gnu99 -Wextra -Werror=undef -Werror=format=2 -Wformat-security -Wformat-nonliteral -Wmissing-include-dirs -Werror=old-style-definition -Werror=pointer-arith -Winit-self -Wdeclaration-after-statement -Wfloat-equal -Werror=missing-prototypes -Werror=implicit-function-declaration -Werror=missing-declarations -Werror=return-type -Werror=incompatible-pointer-types -Werror=shadow -Werror=int-conversion -Wstrict-prototypes -Wredundant-decls -Wmissing-noreturn -Wendif-labels -Wstrict-aliasing=2 -Wwrite-strings -Wno-unused-parameter -Wno-missing-field-initializers -Wno-unused-result -Werror=overflow -Werror=sign-compare -Wdate-time -Wnested-externs -fno-common -fdiagnostics-show-option -fno-strict-aliasing -fvisibility=hidden -fstack-protector -fstack-protector-strong -fPIE --param=ssp-buffer-size=4 -include config.h -g -O2 -fdebug-prefix-map=/<<BUILDDIR>>/casync-2+20180321=. -fstack-protector-strong -Wformat -Werror=format-security -Wdate-time -D_FORTIFY_SOURCE=2 -fPIC  -MD -MQ 'src/25a6634@@shared@sta/camatch.c.o' -MF 'src/25a6634@@shared@sta/camatch.c.o.d' -o 'src/25a6634@@shared@sta/camatch.c.o' -c ../src/camatch.c
[12/85] cc -Isrc/25a6634@@shared@sta -Isrc -I../src -Xclang -fcolor-diagnostics -pipe -D_FILE_OFFSET_BITS=64 -std=gnu99 -Wextra -Werror=undef -Werror=format=2 -Wformat-security -Wformat-nonliteral -Wmissing-include-dirs -Werror=old-style-definition -Werror=pointer-arith -Winit-self -Wdeclaration-after-statement -Wfloat-equal -Werror=missing-prototypes -Werror=implicit-function-declaration -Werror=missing-declarations -Werror=return-type -Werror=incompatible-pointer-types -Werror=shadow -Werror=int-conversion -Wstrict-prototypes -Wredundant-decls -Wmissing-noreturn -Wendif-labels -Wstrict-aliasing=2 -Wwrite-strings -Wno-unused-parameter -Wno-missing-field-initializers -Wno-unused-result -Werror=overflow -Werror=sign-compare -Wdate-time -Wnested-externs -fno-common -fdiagnostics-show-option -fno-strict-aliasing -fvisibility=hidden -fstack-protector -fstack-protector-strong -fPIE --param=ssp-buffer-size=4 -include config.h -g -O2 -fdebug-prefix-map=/<<BUILDDIR>>/casync-2+20180321=. -fstack-protector-strong -Wformat -Werror=format-security -Wdate-time -D_FORTIFY_SOURCE=2 -fPIC  -MD -MQ 'src/25a6634@@shared@sta/caindex.c.o' -MF 'src/25a6634@@shared@sta/caindex.c.o.d' -o 'src/25a6634@@shared@sta/caindex.c.o' -c ../src/caindex.c
[13/85] cc -Isrc/25a6634@@shared@sta -Isrc -I../src -Xclang -fcolor-diagnostics -pipe -D_FILE_OFFSET_BITS=64 -std=gnu99 -Wextra -Werror=undef -Werror=format=2 -Wformat-security -Wformat-nonliteral -Wmissing-include-dirs -Werror=old-style-definition -Werror=pointer-arith -Winit-self -Wdeclaration-after-statement -Wfloat-equal -Werror=missing-prototypes -Werror=implicit-function-declaration -Werror=missing-declarations -Werror=return-type -Werror=incompatible-pointer-types -Werror=shadow -Werror=int-conversion -Wstrict-prototypes -Wredundant-decls -Wmissing-noreturn -Wendif-labels -Wstrict-aliasing=2 -Wwrite-strings -Wno-unused-parameter -Wno-missing-field-initializers -Wno-unused-result -Werror=overflow -Werror=sign-compare -Wdate-time -Wnested-externs -fno-common -fdiagnostics-show-option -fno-strict-aliasing -fvisibility=hidden -fstack-protector -fstack-protector-strong -fPIE --param=ssp-buffer-size=4 -include config.h -g -O2 -fdebug-prefix-map=/<<BUILDDIR>>/casync-2+20180321=. -fstack-protector-strong -Wformat -Werror=format-security -Wdate-time -D_FORTIFY_SOURCE=2 -fPIC  -MD -MQ 'src/25a6634@@shared@sta/camakebst.c.o' -MF 'src/25a6634@@shared@sta/camakebst.c.o.d' -o 'src/25a6634@@shared@sta/camakebst.c.o' -c ../src/camakebst.c
[14/85] cc -Isrc/25a6634@@shared@sta -Isrc -I../src -Xclang -fcolor-diagnostics -pipe -D_FILE_OFFSET_BITS=64 -std=gnu99 -Wextra -Werror=undef -Werror=format=2 -Wformat-security -Wformat-nonliteral -Wmissing-include-dirs -Werror=old-style-definition -Werror=pointer-arith -Winit-self -Wdeclaration-after-statement -Wfloat-equal -Werror=missing-prototypes -Werror=implicit-function-declaration -Werror=missing-declarations -Werror=return-type -Werror=incompatible-pointer-types -Werror=shadow -Werror=int-conversion -Wstrict-prototypes -Wredundant-decls -Wmissing-noreturn -Wendif-labels -Wstrict-aliasing=2 -Wwrite-strings -Wno-unused-parameter -Wno-missing-field-initializers -Wno-unused-result -Werror=overflow -Werror=sign-compare -Wdate-time -Wnested-externs -fno-common -fdiagnostics-show-option -fno-strict-aliasing -fvisibility=hidden -fstack-protector -fstack-protector-strong -fPIE --param=ssp-buffer-size=4 -include config.h -g -O2 -fdebug-prefix-map=/<<BUILDDIR>>/casync-2+20180321=. -fstack-protector-strong -Wformat -Werror=format-security -Wdate-time -D_FORTIFY_SOURCE=2 -fPIC  -MD -MQ 'src/25a6634@@shared@sta/calocation.c.o' -MF 'src/25a6634@@shared@sta/calocation.c.o.d' -o 'src/25a6634@@shared@sta/calocation.c.o' -c ../src/calocation.c
[15/85] cc -Isrc/25a6634@@shared@sta -Isrc -I../src -Xclang -fcolor-diagnostics -pipe -D_FILE_OFFSET_BITS=64 -std=gnu99 -Wextra -Werror=undef -Werror=format=2 -Wformat-security -Wformat-nonliteral -Wmissing-include-dirs -Werror=old-style-definition -Werror=pointer-arith -Winit-self -Wdeclaration-after-statement -Wfloat-equal -Werror=missing-prototypes -Werror=implicit-function-declaration -Werror=missing-declarations -Werror=return-type -Werror=incompatible-pointer-types -Werror=shadow -Werror=int-conversion -Wstrict-prototypes -Wredundant-decls -Wmissing-noreturn -Wendif-labels -Wstrict-aliasing=2 -Wwrite-strings -Wno-unused-parameter -Wno-missing-field-initializers -Wno-unused-result -Werror=overflow -Werror=sign-compare -Wdate-time -Wnested-externs -fno-common -fdiagnostics-show-option -fno-strict-aliasing -fvisibility=hidden -fstack-protector -fstack-protector-strong -fPIE --param=ssp-buffer-size=4 -include config.h -g -O2 -fdebug-prefix-map=/<<BUILDDIR>>/casync-2+20180321=. -fstack-protector-strong -Wformat -Werror=format-security -Wdate-time -D_FORTIFY_SOURCE=2 -fPIC  -MD -MQ 'src/25a6634@@shared@sta/canametable.c.o' -MF 'src/25a6634@@shared@sta/canametable.c.o.d' -o 'src/25a6634@@shared@sta/canametable.c.o' -c ../src/canametable.c
[16/85] cc -Isrc/25a6634@@shared@sta -Isrc -I../src -Xclang -fcolor-diagnostics -pipe -D_FILE_OFFSET_BITS=64 -std=gnu99 -Wextra -Werror=undef -Werror=format=2 -Wformat-security -Wformat-nonliteral -Wmissing-include-dirs -Werror=old-style-definition -Werror=pointer-arith -Winit-self -Wdeclaration-after-statement -Wfloat-equal -Werror=missing-prototypes -Werror=implicit-function-declaration -Werror=missing-declarations -Werror=return-type -Werror=incompatible-pointer-types -Werror=shadow -Werror=int-conversion -Wstrict-prototypes -Wredundant-decls -Wmissing-noreturn -Wendif-labels -Wstrict-aliasing=2 -Wwrite-strings -Wno-unused-parameter -Wno-missing-field-initializers -Wno-unused-result -Werror=overflow -Werror=sign-compare -Wdate-time -Wnested-externs -fno-common -fdiagnostics-show-option -fno-strict-aliasing -fvisibility=hidden -fstack-protector -fstack-protector-strong -fPIE --param=ssp-buffer-size=4 -include config.h -g -O2 -fdebug-prefix-map=/<<BUILDDIR>>/casync-2+20180321=. -fstack-protector-strong -Wformat -Werror=format-security -Wdate-time -D_FORTIFY_SOURCE=2 -fPIC  -MD -MQ 'src/25a6634@@shared@sta/canbd.c.o' -MF 'src/25a6634@@shared@sta/canbd.c.o.d' -o 'src/25a6634@@shared@sta/canbd.c.o' -c ../src/canbd.c
[17/85] cc -Isrc/25a6634@@shared@sta -Isrc -I../src -Xclang -fcolor-diagnostics -pipe -D_FILE_OFFSET_BITS=64 -std=gnu99 -Wextra -Werror=undef -Werror=format=2 -Wformat-security -Wformat-nonliteral -Wmissing-include-dirs -Werror=old-style-definition -Werror=pointer-arith -Winit-self -Wdeclaration-after-statement -Wfloat-equal -Werror=missing-prototypes -Werror=implicit-function-declaration -Werror=missing-declarations -Werror=return-type -Werror=incompatible-pointer-types -Werror=shadow -Werror=int-conversion -Wstrict-prototypes -Wredundant-decls -Wmissing-noreturn -Wendif-labels -Wstrict-aliasing=2 -Wwrite-strings -Wno-unused-parameter -Wno-missing-field-initializers -Wno-unused-result -Werror=overflow -Werror=sign-compare -Wdate-time -Wnested-externs -fno-common -fdiagnostics-show-option -fno-strict-aliasing -fvisibility=hidden -fstack-protector -fstack-protector-strong -fPIE --param=ssp-buffer-size=4 -include config.h -g -O2 -fdebug-prefix-map=/<<BUILDDIR>>/casync-2+20180321=. -fstack-protector-strong -Wformat -Werror=format-security -Wdate-time -D_FORTIFY_SOURCE=2 -fPIC  -MD -MQ 'src/25a6634@@shared@sta/caseed.c.o' -MF 'src/25a6634@@shared@sta/caseed.c.o.d' -o 'src/25a6634@@shared@sta/caseed.c.o' -c ../src/caseed.c
[18/85] cc -Isrc/25a6634@@shared@sta -Isrc -I../src -Xclang -fcolor-diagnostics -pipe -D_FILE_OFFSET_BITS=64 -std=gnu99 -Wextra -Werror=undef -Werror=format=2 -Wformat-security -Wformat-nonliteral -Wmissing-include-dirs -Werror=old-style-definition -Werror=pointer-arith -Winit-self -Wdeclaration-after-statement -Wfloat-equal -Werror=missing-prototypes -Werror=implicit-function-declaration -Werror=missing-declarations -Werror=return-type -Werror=incompatible-pointer-types -Werror=shadow -Werror=int-conversion -Wstrict-prototypes -Wredundant-decls -Wmissing-noreturn -Wendif-labels -Wstrict-aliasing=2 -Wwrite-strings -Wno-unused-parameter -Wno-missing-field-initializers -Wno-unused-result -Werror=overflow -Werror=sign-compare -Wdate-time -Wnested-externs -fno-common -fdiagnostics-show-option -fno-strict-aliasing -fvisibility=hidden -fstack-protector -fstack-protector-strong -fPIE --param=ssp-buffer-size=4 -include config.h -g -O2 -fdebug-prefix-map=/<<BUILDDIR>>/casync-2+20180321=. -fstack-protector-strong -Wformat -Werror=format-security -Wdate-time -D_FORTIFY_SOURCE=2 -fPIC  -MD -MQ 'src/25a6634@@shared@sta/caencoder.c.o' -MF 'src/25a6634@@shared@sta/caencoder.c.o.d' -o 'src/25a6634@@shared@sta/caencoder.c.o' -c ../src/caencoder.c
[19/85] cc -Isrc/25a6634@@shared@sta -Isrc -I../src -Xclang -fcolor-diagnostics -pipe -D_FILE_OFFSET_BITS=64 -std=gnu99 -Wextra -Werror=undef -Werror=format=2 -Wformat-security -Wformat-nonliteral -Wmissing-include-dirs -Werror=old-style-definition -Werror=pointer-arith -Winit-self -Wdeclaration-after-statement -Wfloat-equal -Werror=missing-prototypes -Werror=implicit-function-declaration -Werror=missing-declarations -Werror=return-type -Werror=incompatible-pointer-types -Werror=shadow -Werror=int-conversion -Wstrict-prototypes -Wredundant-decls -Wmissing-noreturn -Wendif-labels -Wstrict-aliasing=2 -Wwrite-strings -Wno-unused-parameter -Wno-missing-field-initializers -Wno-unused-result -Werror=overflow -Werror=sign-compare -Wdate-time -Wnested-externs -fno-common -fdiagnostics-show-option -fno-strict-aliasing -fvisibility=hidden -fstack-protector -fstack-protector-strong -fPIE --param=ssp-buffer-size=4 -include config.h -g -O2 -fdebug-prefix-map=/<<BUILDDIR>>/casync-2+20180321=. -fstack-protector-strong -Wformat -Werror=format-security -Wdate-time -D_FORTIFY_SOURCE=2 -fPIC  -MD -MQ 'src/25a6634@@shared@sta/dirent-util.c.o' -MF 'src/25a6634@@shared@sta/dirent-util.c.o.d' -o 'src/25a6634@@shared@sta/dirent-util.c.o' -c ../src/dirent-util.c
[20/85] cc -Isrc/25a6634@@shared@sta -Isrc -I../src -Xclang -fcolor-diagnostics -pipe -D_FILE_OFFSET_BITS=64 -std=gnu99 -Wextra -Werror=undef -Werror=format=2 -Wformat-security -Wformat-nonliteral -Wmissing-include-dirs -Werror=old-style-definition -Werror=pointer-arith -Winit-self -Wdeclaration-after-statement -Wfloat-equal -Werror=missing-prototypes -Werror=implicit-function-declaration -Werror=missing-declarations -Werror=return-type -Werror=incompatible-pointer-types -Werror=shadow -Werror=int-conversion -Wstrict-prototypes -Wredundant-decls -Wmissing-noreturn -Wendif-labels -Wstrict-aliasing=2 -Wwrite-strings -Wno-unused-parameter -Wno-missing-field-initializers -Wno-unused-result -Werror=overflow -Werror=sign-compare -Wdate-time -Wnested-externs -fno-common -fdiagnostics-show-option -fno-strict-aliasing -fvisibility=hidden -fstack-protector -fstack-protector-strong -fPIE --param=ssp-buffer-size=4 -include config.h -g -O2 -fdebug-prefix-map=/<<BUILDDIR>>/casync-2+20180321=. -fstack-protector-strong -Wformat -Werror=format-security -Wdate-time -D_FORTIFY_SOURCE=2 -fPIC  -MD -MQ 'src/25a6634@@shared@sta/castore.c.o' -MF 'src/25a6634@@shared@sta/castore.c.o.d' -o 'src/25a6634@@shared@sta/castore.c.o' -c ../src/castore.c
[21/85] cc -Isrc/25a6634@@shared@sta -Isrc -I../src -Xclang -fcolor-diagnostics -pipe -D_FILE_OFFSET_BITS=64 -std=gnu99 -Wextra -Werror=undef -Werror=format=2 -Wformat-security -Wformat-nonliteral -Wmissing-include-dirs -Werror=old-style-definition -Werror=pointer-arith -Winit-self -Wdeclaration-after-statement -Wfloat-equal -Werror=missing-prototypes -Werror=implicit-function-declaration -Werror=missing-declarations -Werror=return-type -Werror=incompatible-pointer-types -Werror=shadow -Werror=int-conversion -Wstrict-prototypes -Wredundant-decls -Wmissing-noreturn -Wendif-labels -Wstrict-aliasing=2 -Wwrite-strings -Wno-unused-parameter -Wno-missing-field-initializers -Wno-unused-result -Werror=overflow -Werror=sign-compare -Wdate-time -Wnested-externs -fno-common -fdiagnostics-show-option -fno-strict-aliasing -fvisibility=hidden -fstack-protector -fstack-protector-strong -fPIE --param=ssp-buffer-size=4 -include config.h -g -O2 -fdebug-prefix-map=/<<BUILDDIR>>/casync-2+20180321=. -fstack-protector-strong -Wformat -Werror=format-security -Wdate-time -D_FORTIFY_SOURCE=2 -fPIC  -MD -MQ 'src/25a6634@@shared@sta/caremote.c.o' -MF 'src/25a6634@@shared@sta/caremote.c.o.d' -o 'src/25a6634@@shared@sta/caremote.c.o' -c ../src/caremote.c
[22/85] cc -Isrc/25a6634@@shared@sta -Isrc -I../src -Xclang -fcolor-diagnostics -pipe -D_FILE_OFFSET_BITS=64 -std=gnu99 -Wextra -Werror=undef -Werror=format=2 -Wformat-security -Wformat-nonliteral -Wmissing-include-dirs -Werror=old-style-definition -Werror=pointer-arith -Winit-self -Wdeclaration-after-statement -Wfloat-equal -Werror=missing-prototypes -Werror=implicit-function-declaration -Werror=missing-declarations -Werror=return-type -Werror=incompatible-pointer-types -Werror=shadow -Werror=int-conversion -Wstrict-prototypes -Wredundant-decls -Wmissing-noreturn -Wendif-labels -Wstrict-aliasing=2 -Wwrite-strings -Wno-unused-parameter -Wno-missing-field-initializers -Wno-unused-result -Werror=overflow -Werror=sign-compare -Wdate-time -Wnested-externs -fno-common -fdiagnostics-show-option -fno-strict-aliasing -fvisibility=hidden -fstack-protector -fstack-protector-strong -fPIE --param=ssp-buffer-size=4 -include config.h -g -O2 -fdebug-prefix-map=/<<BUILDDIR>>/casync-2+20180321=. -fstack-protector-strong -Wformat -Werror=format-security -Wdate-time -D_FORTIFY_SOURCE=2 -fPIC  -MD -MQ 'src/25a6634@@shared@sta/cautil.c.o' -MF 'src/25a6634@@shared@sta/cautil.c.o.d' -o 'src/25a6634@@shared@sta/cautil.c.o' -c ../src/cautil.c
[23/85] cc -Isrc/25a6634@@shared@sta -Isrc -I../src -Xclang -fcolor-diagnostics -pipe -D_FILE_OFFSET_BITS=64 -std=gnu99 -Wextra -Werror=undef -Werror=format=2 -Wformat-security -Wformat-nonliteral -Wmissing-include-dirs -Werror=old-style-definition -Werror=pointer-arith -Winit-self -Wdeclaration-after-statement -Wfloat-equal -Werror=missing-prototypes -Werror=implicit-function-declaration -Werror=missing-declarations -Werror=return-type -Werror=incompatible-pointer-types -Werror=shadow -Werror=int-conversion -Wstrict-prototypes -Wredundant-decls -Wmissing-noreturn -Wendif-labels -Wstrict-aliasing=2 -Wwrite-strings -Wno-unused-parameter -Wno-missing-field-initializers -Wno-unused-result -Werror=overflow -Werror=sign-compare -Wdate-time -Wnested-externs -fno-common -fdiagnostics-show-option -fno-strict-aliasing -fvisibility=hidden -fstack-protector -fstack-protector-strong -fPIE --param=ssp-buffer-size=4 -include config.h -g -O2 -fdebug-prefix-map=/<<BUILDDIR>>/casync-2+20180321=. -fstack-protector-strong -Wformat -Werror=format-security -Wdate-time -D_FORTIFY_SOURCE=2 -fPIC  -MD -MQ 'src/25a6634@@shared@sta/chattr.c.o' -MF 'src/25a6634@@shared@sta/chattr.c.o.d' -o 'src/25a6634@@shared@sta/chattr.c.o' -c ../src/chattr.c
[24/85] cc -Isrc/25a6634@@shared@sta -Isrc -I../src -Xclang -fcolor-diagnostics -pipe -D_FILE_OFFSET_BITS=64 -std=gnu99 -Wextra -Werror=undef -Werror=format=2 -Wformat-security -Wformat-nonliteral -Wmissing-include-dirs -Werror=old-style-definition -Werror=pointer-arith -Winit-self -Wdeclaration-after-statement -Wfloat-equal -Werror=missing-prototypes -Werror=implicit-function-declaration -Werror=missing-declarations -Werror=return-type -Werror=incompatible-pointer-types -Werror=shadow -Werror=int-conversion -Wstrict-prototypes -Wredundant-decls -Wmissing-noreturn -Wendif-labels -Wstrict-aliasing=2 -Wwrite-strings -Wno-unused-parameter -Wno-missing-field-initializers -Wno-unused-result -Werror=overflow -Werror=sign-compare -Wdate-time -Wnested-externs -fno-common -fdiagnostics-show-option -fno-strict-aliasing -fvisibility=hidden -fstack-protector -fstack-protector-strong -fPIE --param=ssp-buffer-size=4 -include config.h -g -O2 -fdebug-prefix-map=/<<BUILDDIR>>/casync-2+20180321=. -fstack-protector-strong -Wformat -Werror=format-security -Wdate-time -D_FORTIFY_SOURCE=2 -fPIC  -MD -MQ 'src/25a6634@@shared@sta/compressor.c.o' -MF 'src/25a6634@@shared@sta/compressor.c.o.d' -o 'src/25a6634@@shared@sta/compressor.c.o' -c ../src/compressor.c
[25/85] cc -Isrc/25a6634@@shared@sta -Isrc -I../src -Xclang -fcolor-diagnostics -pipe -D_FILE_OFFSET_BITS=64 -std=gnu99 -Wextra -Werror=undef -Werror=format=2 -Wformat-security -Wformat-nonliteral -Wmissing-include-dirs -Werror=old-style-definition -Werror=pointer-arith -Winit-self -Wdeclaration-after-statement -Wfloat-equal -Werror=missing-prototypes -Werror=implicit-function-declaration -Werror=missing-declarations -Werror=return-type -Werror=incompatible-pointer-types -Werror=shadow -Werror=int-conversion -Wstrict-prototypes -Wredundant-decls -Wmissing-noreturn -Wendif-labels -Wstrict-aliasing=2 -Wwrite-strings -Wno-unused-parameter -Wno-missing-field-initializers -Wno-unused-result -Werror=overflow -Werror=sign-compare -Wdate-time -Wnested-externs -fno-common -fdiagnostics-show-option -fno-strict-aliasing -fvisibility=hidden -fstack-protector -fstack-protector-strong -fPIE --param=ssp-buffer-size=4 -include config.h -g -O2 -fdebug-prefix-map=/<<BUILDDIR>>/casync-2+20180321=. -fstack-protector-strong -Wformat -Werror=format-security -Wdate-time -D_FORTIFY_SOURCE=2 -fPIC  -MD -MQ 'src/25a6634@@shared@sta/cadecoder.c.o' -MF 'src/25a6634@@shared@sta/cadecoder.c.o.d' -o 'src/25a6634@@shared@sta/cadecoder.c.o' -c ../src/cadecoder.c
[26/85] cc -Isrc/25a6634@@shared@sta -Isrc -I../src -Xclang -fcolor-diagnostics -pipe -D_FILE_OFFSET_BITS=64 -std=gnu99 -Wextra -Werror=undef -Werror=format=2 -Wformat-security -Wformat-nonliteral -Wmissing-include-dirs -Werror=old-style-definition -Werror=pointer-arith -Winit-self -Wdeclaration-after-statement -Wfloat-equal -Werror=missing-prototypes -Werror=implicit-function-declaration -Werror=missing-declarations -Werror=return-type -Werror=incompatible-pointer-types -Werror=shadow -Werror=int-conversion -Wstrict-prototypes -Wredundant-decls -Wmissing-noreturn -Wendif-labels -Wstrict-aliasing=2 -Wwrite-strings -Wno-unused-parameter -Wno-missing-field-initializers -Wno-unused-result -Werror=overflow -Werror=sign-compare -Wdate-time -Wnested-externs -fno-common -fdiagnostics-show-option -fno-strict-aliasing -fvisibility=hidden -fstack-protector -fstack-protector-strong -fPIE --param=ssp-buffer-size=4 -include config.h -g -O2 -fdebug-prefix-map=/<<BUILDDIR>>/casync-2+20180321=. -fstack-protector-strong -Wformat -Werror=format-security -Wdate-time -D_FORTIFY_SOURCE=2 -fPIC  -MD -MQ 'src/25a6634@@shared@sta/fssize.c.o' -MF 'src/25a6634@@shared@sta/fssize.c.o.d' -o 'src/25a6634@@shared@sta/fssize.c.o' -c ../src/fssize.c
[27/85] cc -Isrc/25a6634@@shared@sta -Isrc -I../src -Xclang -fcolor-diagnostics -pipe -D_FILE_OFFSET_BITS=64 -std=gnu99 -Wextra -Werror=undef -Werror=format=2 -Wformat-security -Wformat-nonliteral -Wmissing-include-dirs -Werror=old-style-definition -Werror=pointer-arith -Winit-self -Wdeclaration-after-statement -Wfloat-equal -Werror=missing-prototypes -Werror=implicit-function-declaration -Werror=missing-declarations -Werror=return-type -Werror=incompatible-pointer-types -Werror=shadow -Werror=int-conversion -Wstrict-prototypes -Wredundant-decls -Wmissing-noreturn -Wendif-labels -Wstrict-aliasing=2 -Wwrite-strings -Wno-unused-parameter -Wno-missing-field-initializers -Wno-unused-result -Werror=overflow -Werror=sign-compare -Wdate-time -Wnested-externs -fno-common -fdiagnostics-show-option -fno-strict-aliasing -fvisibility=hidden -fstack-protector -fstack-protector-strong -fPIE --param=ssp-buffer-size=4 -include config.h -g -O2 -fdebug-prefix-map=/<<BUILDDIR>>/casync-2+20180321=. -fstack-protector-strong -Wformat -Werror=format-security -Wdate-time -D_FORTIFY_SOURCE=2 -fPIC  -MD -MQ 'src/25a6634@@shared@sta/hash-funcs.c.o' -MF 'src/25a6634@@shared@sta/hash-funcs.c.o.d' -o 'src/25a6634@@shared@sta/hash-funcs.c.o' -c ../src/hash-funcs.c
[28/85] cc -Isrc/25a6634@@shared@sta -Isrc -I../src -Xclang -fcolor-diagnostics -pipe -D_FILE_OFFSET_BITS=64 -std=gnu99 -Wextra -Werror=undef -Werror=format=2 -Wformat-security -Wformat-nonliteral -Wmissing-include-dirs -Werror=old-style-definition -Werror=pointer-arith -Winit-self -Wdeclaration-after-statement -Wfloat-equal -Werror=missing-prototypes -Werror=implicit-function-declaration -Werror=missing-declarations -Werror=return-type -Werror=incompatible-pointer-types -Werror=shadow -Werror=int-conversion -Wstrict-prototypes -Wredundant-decls -Wmissing-noreturn -Wendif-labels -Wstrict-aliasing=2 -Wwrite-strings -Wno-unused-parameter -Wno-missing-field-initializers -Wno-unused-result -Werror=overflow -Werror=sign-compare -Wdate-time -Wnested-externs -fno-common -fdiagnostics-show-option -fno-strict-aliasing -fvisibility=hidden -fstack-protector -fstack-protector-strong -fPIE --param=ssp-buffer-size=4 -include config.h -g -O2 -fdebug-prefix-map=/<<BUILDDIR>>/casync-2+20180321=. -fstack-protector-strong -Wformat -Werror=format-security -Wdate-time -D_FORTIFY_SOURCE=2 -fPIC  -MD -MQ 'src/25a6634@@shared@sta/gc.c.o' -MF 'src/25a6634@@shared@sta/gc.c.o.d' -o 'src/25a6634@@shared@sta/gc.c.o' -c ../src/gc.c
../src/gc.c:13:3: warning: redefinition of typedef 'CaChunkCollection' is a C11 feature [-Wtypedef-redefinition]
} CaChunkCollection;
  ^
../src/gc.h:8:34: note: previous definition is here
typedef struct CaChunkCollection CaChunkCollection;
                                 ^
1 warning generated.
[29/85] cc -Isrc/25a6634@@shared@sta -Isrc -I../src -Xclang -fcolor-diagnostics -pipe -D_FILE_OFFSET_BITS=64 -std=gnu99 -Wextra -Werror=undef -Werror=format=2 -Wformat-security -Wformat-nonliteral -Wmissing-include-dirs -Werror=old-style-definition -Werror=pointer-arith -Winit-self -Wdeclaration-after-statement -Wfloat-equal -Werror=missing-prototypes -Werror=implicit-function-declaration -Werror=missing-declarations -Werror=return-type -Werror=incompatible-pointer-types -Werror=shadow -Werror=int-conversion -Wstrict-prototypes -Wredundant-decls -Wmissing-noreturn -Wendif-labels -Wstrict-aliasing=2 -Wwrite-strings -Wno-unused-parameter -Wno-missing-field-initializers -Wno-unused-result -Werror=overflow -Werror=sign-compare -Wdate-time -Wnested-externs -fno-common -fdiagnostics-show-option -fno-strict-aliasing -fvisibility=hidden -fstack-protector -fstack-protector-strong -fPIE --param=ssp-buffer-size=4 -include config.h -g -O2 -fdebug-prefix-map=/<<BUILDDIR>>/casync-2+20180321=. -fstack-protector-strong -Wformat -Werror=format-security -Wdate-time -D_FORTIFY_SOURCE=2 -fPIC  -MD -MQ 'src/25a6634@@shared@sta/mempool.c.o' -MF 'src/25a6634@@shared@sta/mempool.c.o.d' -o 'src/25a6634@@shared@sta/mempool.c.o' -c ../src/mempool.c
[30/85] cc -Isrc/25a6634@@shared@sta -Isrc -I../src -Xclang -fcolor-diagnostics -pipe -D_FILE_OFFSET_BITS=64 -std=gnu99 -Wextra -Werror=undef -Werror=format=2 -Wformat-security -Wformat-nonliteral -Wmissing-include-dirs -Werror=old-style-definition -Werror=pointer-arith -Winit-self -Wdeclaration-after-statement -Wfloat-equal -Werror=missing-prototypes -Werror=implicit-function-declaration -Werror=missing-declarations -Werror=return-type -Werror=incompatible-pointer-types -Werror=shadow -Werror=int-conversion -Wstrict-prototypes -Wredundant-decls -Wmissing-noreturn -Wendif-labels -Wstrict-aliasing=2 -Wwrite-strings -Wno-unused-parameter -Wno-missing-field-initializers -Wno-unused-result -Werror=overflow -Werror=sign-compare -Wdate-time -Wnested-externs -fno-common -fdiagnostics-show-option -fno-strict-aliasing -fvisibility=hidden -fstack-protector -fstack-protector-strong -fPIE --param=ssp-buffer-size=4 -include config.h -g -O2 -fdebug-prefix-map=/<<BUILDDIR>>/casync-2+20180321=. -fstack-protector-strong -Wformat -Werror=format-security -Wdate-time -D_FORTIFY_SOURCE=2 -fPIC  -MD -MQ 'src/25a6634@@shared@sta/notify.c.o' -MF 'src/25a6634@@shared@sta/notify.c.o.d' -o 'src/25a6634@@shared@sta/notify.c.o' -c ../src/notify.c
[31/85] cc -Isrc/25a6634@@shared@sta -Isrc -I../src -Xclang -fcolor-diagnostics -pipe -D_FILE_OFFSET_BITS=64 -std=gnu99 -Wextra -Werror=undef -Werror=format=2 -Wformat-security -Wformat-nonliteral -Wmissing-include-dirs -Werror=old-style-definition -Werror=pointer-arith -Winit-self -Wdeclaration-after-statement -Wfloat-equal -Werror=missing-prototypes -Werror=implicit-function-declaration -Werror=missing-declarations -Werror=return-type -Werror=incompatible-pointer-types -Werror=shadow -Werror=int-conversion -Wstrict-prototypes -Wredundant-decls -Wmissing-noreturn -Wendif-labels -Wstrict-aliasing=2 -Wwrite-strings -Wno-unused-parameter -Wno-missing-field-initializers -Wno-unused-result -Werror=overflow -Werror=sign-compare -Wdate-time -Wnested-externs -fno-common -fdiagnostics-show-option -fno-strict-aliasing -fvisibility=hidden -fstack-protector -fstack-protector-strong -fPIE --param=ssp-buffer-size=4 -include config.h -g -O2 -fdebug-prefix-map=/<<BUILDDIR>>/casync-2+20180321=. -fstack-protector-strong -Wformat -Werror=format-security -Wdate-time -D_FORTIFY_SOURCE=2 -fPIC  -MD -MQ 'src/25a6634@@shared@sta/parse-util.c.o' -MF 'src/25a6634@@shared@sta/parse-util.c.o.d' -o 'src/25a6634@@shared@sta/parse-util.c.o' -c ../src/parse-util.c
[32/85] cc -Isrc/25a6634@@shared@sta -Isrc -I../src -Xclang -fcolor-diagnostics -pipe -D_FILE_OFFSET_BITS=64 -std=gnu99 -Wextra -Werror=undef -Werror=format=2 -Wformat-security -Wformat-nonliteral -Wmissing-include-dirs -Werror=old-style-definition -Werror=pointer-arith -Winit-self -Wdeclaration-after-statement -Wfloat-equal -Werror=missing-prototypes -Werror=implicit-function-declaration -Werror=missing-declarations -Werror=return-type -Werror=incompatible-pointer-types -Werror=shadow -Werror=int-conversion -Wstrict-prototypes -Wredundant-decls -Wmissing-noreturn -Wendif-labels -Wstrict-aliasing=2 -Wwrite-strings -Wno-unused-parameter -Wno-missing-field-initializers -Wno-unused-result -Werror=overflow -Werror=sign-compare -Wdate-time -Wnested-externs -fno-common -fdiagnostics-show-option -fno-strict-aliasing -fvisibility=hidden -fstack-protector -fstack-protector-strong -fPIE --param=ssp-buffer-size=4 -include config.h -g -O2 -fdebug-prefix-map=/<<BUILDDIR>>/casync-2+20180321=. -fstack-protector-strong -Wformat -Werror=format-security -Wdate-time -D_FORTIFY_SOURCE=2 -fPIC  -MD -MQ 'src/25a6634@@shared@sta/quota-projid.c.o' -MF 'src/25a6634@@shared@sta/quota-projid.c.o.d' -o 'src/25a6634@@shared@sta/quota-projid.c.o' -c ../src/quota-projid.c
[33/85] cc -Isrc/25a6634@@shared@sta -Isrc -I../src -Xclang -fcolor-diagnostics -pipe -D_FILE_OFFSET_BITS=64 -std=gnu99 -Wextra -Werror=undef -Werror=format=2 -Wformat-security -Wformat-nonliteral -Wmissing-include-dirs -Werror=old-style-definition -Werror=pointer-arith -Winit-self -Wdeclaration-after-statement -Wfloat-equal -Werror=missing-prototypes -Werror=implicit-function-declaration -Werror=missing-declarations -Werror=return-type -Werror=incompatible-pointer-types -Werror=shadow -Werror=int-conversion -Wstrict-prototypes -Wredundant-decls -Wmissing-noreturn -Wendif-labels -Wstrict-aliasing=2 -Wwrite-strings -Wno-unused-parameter -Wno-missing-field-initializers -Wno-unused-result -Werror=overflow -Werror=sign-compare -Wdate-time -Wnested-externs -fno-common -fdiagnostics-show-option -fno-strict-aliasing -fvisibility=hidden -fstack-protector -fstack-protector-strong -fPIE --param=ssp-buffer-size=4 -include config.h -g -O2 -fdebug-prefix-map=/<<BUILDDIR>>/casync-2+20180321=. -fstack-protector-strong -Wformat -Werror=format-security -Wdate-time -D_FORTIFY_SOURCE=2 -fPIC  -MD -MQ 'src/25a6634@@shared@sta/reflink.c.o' -MF 'src/25a6634@@shared@sta/reflink.c.o.d' -o 'src/25a6634@@shared@sta/reflink.c.o' -c ../src/reflink.c
[34/85] cc -Isrc/25a6634@@shared@sta -Isrc -I../src -Xclang -fcolor-diagnostics -pipe -D_FILE_OFFSET_BITS=64 -std=gnu99 -Wextra -Werror=undef -Werror=format=2 -Wformat-security -Wformat-nonliteral -Wmissing-include-dirs -Werror=old-style-definition -Werror=pointer-arith -Winit-self -Wdeclaration-after-statement -Wfloat-equal -Werror=missing-prototypes -Werror=implicit-function-declaration -Werror=missing-declarations -Werror=return-type -Werror=incompatible-pointer-types -Werror=shadow -Werror=int-conversion -Wstrict-prototypes -Wredundant-decls -Wmissing-noreturn -Wendif-labels -Wstrict-aliasing=2 -Wwrite-strings -Wno-unused-parameter -Wno-missing-field-initializers -Wno-unused-result -Werror=overflow -Werror=sign-compare -Wdate-time -Wnested-externs -fno-common -fdiagnostics-show-option -fno-strict-aliasing -fvisibility=hidden -fstack-protector -fstack-protector-strong -fPIE --param=ssp-buffer-size=4 -include config.h -g -O2 -fdebug-prefix-map=/<<BUILDDIR>>/casync-2+20180321=. -fstack-protector-strong -Wformat -Werror=format-security -Wdate-time -D_FORTIFY_SOURCE=2 -fPIC  -MD -MQ 'src/25a6634@@shared@sta/realloc-buffer.c.o' -MF 'src/25a6634@@shared@sta/realloc-buffer.c.o.d' -o 'src/25a6634@@shared@sta/realloc-buffer.c.o' -c ../src/realloc-buffer.c
[35/85] cc -Isrc/25a6634@@shared@sta -Isrc -I../src -Xclang -fcolor-diagnostics -pipe -D_FILE_OFFSET_BITS=64 -std=gnu99 -Wextra -Werror=undef -Werror=format=2 -Wformat-security -Wformat-nonliteral -Wmissing-include-dirs -Werror=old-style-definition -Werror=pointer-arith -Winit-self -Wdeclaration-after-statement -Wfloat-equal -Werror=missing-prototypes -Werror=implicit-function-declaration -Werror=missing-declarations -Werror=return-type -Werror=incompatible-pointer-types -Werror=shadow -Werror=int-conversion -Wstrict-prototypes -Wredundant-decls -Wmissing-noreturn -Wendif-labels -Wstrict-aliasing=2 -Wwrite-strings -Wno-unused-parameter -Wno-missing-field-initializers -Wno-unused-result -Werror=overflow -Werror=sign-compare -Wdate-time -Wnested-externs -fno-common -fdiagnostics-show-option -fno-strict-aliasing -fvisibility=hidden -fstack-protector -fstack-protector-strong -fPIE --param=ssp-buffer-size=4 -include config.h -g -O2 -fdebug-prefix-map=/<<BUILDDIR>>/casync-2+20180321=. -fstack-protector-strong -Wformat -Werror=format-security -Wdate-time -D_FORTIFY_SOURCE=2 -fPIC  -MD -MQ 'src/25a6634@@shared@sta/rm-rf.c.o' -MF 'src/25a6634@@shared@sta/rm-rf.c.o.d' -o 'src/25a6634@@shared@sta/rm-rf.c.o' -c ../src/rm-rf.c
[36/85] cc -Isrc/25a6634@@shared@sta -Isrc -I../src -Xclang -fcolor-diagnostics -pipe -D_FILE_OFFSET_BITS=64 -std=gnu99 -Wextra -Werror=undef -Werror=format=2 -Wformat-security -Wformat-nonliteral -Wmissing-include-dirs -Werror=old-style-definition -Werror=pointer-arith -Winit-self -Wdeclaration-after-statement -Wfloat-equal -Werror=missing-prototypes -Werror=implicit-function-declaration -Werror=missing-declarations -Werror=return-type -Werror=incompatible-pointer-types -Werror=shadow -Werror=int-conversion -Wstrict-prototypes -Wredundant-decls -Wmissing-noreturn -Wendif-labels -Wstrict-aliasing=2 -Wwrite-strings -Wno-unused-parameter -Wno-missing-field-initializers -Wno-unused-result -Werror=overflow -Werror=sign-compare -Wdate-time -Wnested-externs -fno-common -fdiagnostics-show-option -fno-strict-aliasing -fvisibility=hidden -fstack-protector -fstack-protector-strong -fPIE --param=ssp-buffer-size=4 -include config.h -g -O2 -fdebug-prefix-map=/<<BUILDDIR>>/casync-2+20180321=. -fstack-protector-strong -Wformat -Werror=format-security -Wdate-time -D_FORTIFY_SOURCE=2 -fPIC  -MD -MQ 'src/25a6634@@shared@sta/log.c.o' -MF 'src/25a6634@@shared@sta/log.c.o.d' -o 'src/25a6634@@shared@sta/log.c.o' -c ../src/log.c
FAILED: src/25a6634@@shared@sta/log.c.o 
cc -Isrc/25a6634@@shared@sta -Isrc -I../src -Xclang -fcolor-diagnostics -pipe -D_FILE_OFFSET_BITS=64 -std=gnu99 -Wextra -Werror=undef -Werror=format=2 -Wformat-security -Wformat-nonliteral -Wmissing-include-dirs -Werror=old-style-definition -Werror=pointer-arith -Winit-self -Wdeclaration-after-statement -Wfloat-equal -Werror=missing-prototypes -Werror=implicit-function-declaration -Werror=missing-declarations -Werror=return-type -Werror=incompatible-pointer-types -Werror=shadow -Werror=int-conversion -Wstrict-prototypes -Wredundant-decls -Wmissing-noreturn -Wendif-labels -Wstrict-aliasing=2 -Wwrite-strings -Wno-unused-parameter -Wno-missing-field-initializers -Wno-unused-result -Werror=overflow -Werror=sign-compare -Wdate-time -Wnested-externs -fno-common -fdiagnostics-show-option -fno-strict-aliasing -fvisibility=hidden -fstack-protector -fstack-protector-strong -fPIE --param=ssp-buffer-size=4 -include config.h -g -O2 -fdebug-prefix-map=/<<BUILDDIR>>/casync-2+20180321=. -fstack-protector-strong -Wformat -Werror=format-security -Wdate-time -D_FORTIFY_SOURCE=2 -fPIC  -MD -MQ 'src/25a6634@@shared@sta/log.c.o' -MF 'src/25a6634@@shared@sta/log.c.o.d' -o 'src/25a6634@@shared@sta/log.c.o' -c ../src/log.c
../src/log.c:59:26: error: format string is not a string literal [-Werror,-Wformat-nonliteral]
        vfprintf(stderr, fmt, ap);
                         ^~~
1 error generated.
[37/85] cc -Isrc/25a6634@@shared@sta -Isrc -I../src -Xclang -fcolor-diagnostics -pipe -D_FILE_OFFSET_BITS=64 -std=gnu99 -Wextra -Werror=undef -Werror=format=2 -Wformat-security -Wformat-nonliteral -Wmissing-include-dirs -Werror=old-style-definition -Werror=pointer-arith -Winit-self -Wdeclaration-after-statement -Wfloat-equal -Werror=missing-prototypes -Werror=implicit-function-declaration -Werror=missing-declarations -Werror=return-type -Werror=incompatible-pointer-types -Werror=shadow -Werror=int-conversion -Wstrict-prototypes -Wredundant-decls -Wmissing-noreturn -Wendif-labels -Wstrict-aliasing=2 -Wwrite-strings -Wno-unused-parameter -Wno-missing-field-initializers -Wno-unused-result -Werror=overflow -Werror=sign-compare -Wdate-time -Wnested-externs -fno-common -fdiagnostics-show-option -fno-strict-aliasing -fvisibility=hidden -fstack-protector -fstack-protector-strong -fPIE --param=ssp-buffer-size=4 -include config.h -g -O2 -fdebug-prefix-map=/<<BUILDDIR>>/casync-2+20180321=. -fstack-protector-strong -Wformat -Werror=format-security -Wdate-time -D_FORTIFY_SOURCE=2 -fPIC  -MD -MQ 'src/25a6634@@shared@sta/casync.c.o' -MF 'src/25a6634@@shared@sta/casync.c.o.d' -o 'src/25a6634@@shared@sta/casync.c.o' -c ../src/casync.c
../src/casync.c:151:3: warning: redefinition of typedef 'CaSync' is a C11 feature [-Wtypedef-redefinition]
} CaSync;
  ^
../src/casync.h:14:23: note: previous definition is here
typedef struct CaSync CaSync;
                      ^
1 warning generated.
[38/85] cc -Isrc/25a6634@@shared@sta -Isrc -I../src -Xclang -fcolor-diagnostics -pipe -D_FILE_OFFSET_BITS=64 -std=gnu99 -Wextra -Werror=undef -Werror=format=2 -Wformat-security -Wformat-nonliteral -Wmissing-include-dirs -Werror=old-style-definition -Werror=pointer-arith -Winit-self -Wdeclaration-after-statement -Wfloat-equal -Werror=missing-prototypes -Werror=implicit-function-declaration -Werror=missing-declarations -Werror=return-type -Werror=incompatible-pointer-types -Werror=shadow -Werror=int-conversion -Wstrict-prototypes -Wredundant-decls -Wmissing-noreturn -Wendif-labels -Wstrict-aliasing=2 -Wwrite-strings -Wno-unused-parameter -Wno-missing-field-initializers -Wno-unused-result -Werror=overflow -Werror=sign-compare -Wdate-time -Wnested-externs -fno-common -fdiagnostics-show-option -fno-strict-aliasing -fvisibility=hidden -fstack-protector -fstack-protector-strong -fPIE --param=ssp-buffer-size=4 -include config.h -g -O2 -fdebug-prefix-map=/<<BUILDDIR>>/casync-2+20180321=. -fstack-protector-strong -Wformat -Werror=format-security -Wdate-time -D_FORTIFY_SOURCE=2 -fPIC  -MD -MQ 'src/25a6634@@shared@sta/siphash24.c.o' -MF 'src/25a6634@@shared@sta/siphash24.c.o.d' -o 'src/25a6634@@shared@sta/siphash24.c.o' -c ../src/siphash24.c
[39/85] cc -Isrc/25a6634@@shared@sta -Isrc -I../src -Xclang -fcolor-diagnostics -pipe -D_FILE_OFFSET_BITS=64 -std=gnu99 -Wextra -Werror=undef -Werror=format=2 -Wformat-security -Wformat-nonliteral -Wmissing-include-dirs -Werror=old-style-definition -Werror=pointer-arith -Winit-self -Wdeclaration-after-statement -Wfloat-equal -Werror=missing-prototypes -Werror=implicit-function-declaration -Werror=missing-declarations -Werror=return-type -Werror=incompatible-pointer-types -Werror=shadow -Werror=int-conversion -Wstrict-prototypes -Wredundant-decls -Wmissing-noreturn -Wendif-labels -Wstrict-aliasing=2 -Wwrite-strings -Wno-unused-parameter -Wno-missing-field-initializers -Wno-unused-result -Werror=overflow -Werror=sign-compare -Wdate-time -Wnested-externs -fno-common -fdiagnostics-show-option -fno-strict-aliasing -fvisibility=hidden -fstack-protector -fstack-protector-strong -fPIE --param=ssp-buffer-size=4 -include config.h -g -O2 -fdebug-prefix-map=/<<BUILDDIR>>/casync-2+20180321=. -fstack-protector-strong -Wformat -Werror=format-security -Wdate-time -D_FORTIFY_SOURCE=2 -fPIC  -MD -MQ 'src/25a6634@@shared@sta/hashmap.c.o' -MF 'src/25a6634@@shared@sta/hashmap.c.o.d' -o 'src/25a6634@@shared@sta/hashmap.c.o' -c ../src/hashmap.c
ninja: build stopped: subcommand failed.
dh_auto_build: cd obj-x86_64-linux-gnu && LC_ALL=C.UTF-8 ninja -j4 -v returned exit code 1
make: *** [debian/rules:8: build-arch] Error 1
dpkg-buildpackage: error: debian/rules build-arch subprocess returned exit status 2
--------------------------------------------------------------------------------
Build finished at 2019-01-01T09:08:26Z

Finished
--------


+------------------------------------------------------------------------------+
| Cleanup                                                                      |
+------------------------------------------------------------------------------+

Purging /<<BUILDDIR>>
Not cleaning session: cloned chroot in use
E: Build failure (dpkg-buildpackage died)

+------------------------------------------------------------------------------+
| Summary                                                                      |
+------------------------------------------------------------------------------+

Build Architecture: amd64
Build Type: any
Build-Space: 5256
Build-Time: 5
Distribution: unstable
Fail-Stage: build
Host Architecture: amd64
Install-Time: 18
Job: casync_2+20180321-2.1
Machine Architecture: amd64
Package: casync
Package-Time: 36
Source-Version: 2+20180321-2.1
Space: 5256
Status: attempted
Version: 2+20180321-2.1
--------------------------------------------------------------------------------
Finished at 2019-01-01T09:08:26Z
Build needed 00:00:36, 5256k disk space
E: Build failure (dpkg-buildpackage died)
DC-Status: Failed 36.962673793s
DC-Time-Estimation: 36.962673793 versus expected 236 (r/m: 5.3848194890244585 ; m: 36.962673793)
