DC-Build-Header: libedlib 1.2.3-5 / 2019-01-01 09:42:33 +0000
DC-Task: type:rebuild-binarch-only source:libedlib version:1.2.3-5 chroot:unstable esttime:80 logfile:/tmp/libedlib_1.2.3-5_unstable_clang7.log modes:clang7:binarch-only
DC-Sbuild-call: su user42 -c 'sbuild -n --arch-any --apt-update -d unstable -v  --chroot-setup-commands=/tmp/clang7 libedlib_1.2.3-5'
sbuild (Debian sbuild) 0.73.0 (23 Dec 2016) on ip-172-31-13-169.eu-central-1.compute.internal

+==============================================================================+
| libedlib 1.2.3-5 (amd64)                     Tue, 01 Jan 2019 09:42:33 +0000 |
+==============================================================================+

Package: libedlib
Version: 1.2.3-5
Source Version: 1.2.3-5
Distribution: unstable
Machine Architecture: amd64
Host Architecture: amd64
Build Architecture: amd64
Build Type: any

I: NOTICE: Log filtering will replace 'var/run/schroot/mount/sid-amd64-sbuild-568bbd94-f1fb-4a7c-8b9d-deb11dd3f37b' with '<<CHROOT>>'

+------------------------------------------------------------------------------+
| Chroot Setup Commands                                                        |
+------------------------------------------------------------------------------+


/tmp/clang7
-----------

+ echo 'Entering customization script...'
Entering customization script...
+ CLANG_VERSION=7
+ echo 'Install of clang-7'
Install of clang-7
+ apt-get update
Get:1 http://127.0.0.1:9999/debian sid InRelease [238 kB]
Get:2 http://127.0.0.1:9999/debian sid/main Sources.diff/Index [27.9 kB]
Get:3 http://127.0.0.1:9999/debian sid/main amd64 Packages.diff/Index [27.9 kB]
Get:4 http://127.0.0.1:9999/debian sid/main Sources 2018-12-31-1417.22.pdiff [16.7 kB]
Get:5 http://127.0.0.1:9999/debian sid/main Sources 2018-12-31-2012.09.pdiff [15.0 kB]
Get:6 http://127.0.0.1:9999/debian sid/main Sources 2019-01-01-0216.00.pdiff [15.3 kB]
Get:6 http://127.0.0.1:9999/debian sid/main Sources 2019-01-01-0216.00.pdiff [15.3 kB]
Get:7 http://127.0.0.1:9999/debian sid/main amd64 Packages 2018-12-31-1417.22.pdiff [12.4 kB]
Get:8 http://127.0.0.1:9999/debian sid/main amd64 Packages 2018-12-31-2012.09.pdiff [12.1 kB]
Get:9 http://127.0.0.1:9999/debian sid/main amd64 Packages 2019-01-01-0216.00.pdiff [7889 B]
Get:9 http://127.0.0.1:9999/debian sid/main amd64 Packages 2019-01-01-0216.00.pdiff [7889 B]
Get:10 http://127.0.0.1:9999/debian sid/main Translation-en [6267 kB]
Fetched 6640 kB in 2s (3334 kB/s)
Reading package lists...
+ apt-get install --yes --no-install-recommends --force-yes clang-7
Reading package lists...
Building dependency tree...
The following additional packages will be installed:
  lib32gcc1 lib32stdc++6 libbsd0 libc6-i386 libclang-common-7-dev libclang1-7
  libedit2 libgc1c2 libllvm7 libobjc-8-dev libobjc4
Suggested packages:
  clang-7-doc
Recommended packages:
  llvm-7-dev python libomp-7-dev
The following NEW packages will be installed:
  clang-7 lib32gcc1 lib32stdc++6 libbsd0 libc6-i386 libclang-common-7-dev
  libclang1-7 libedit2 libgc1c2 libllvm7 libobjc-8-dev libobjc4
0 upgraded, 12 newly installed, 0 to remove and 1 not upgraded.
Need to get 34.1 MB of archives.
After this operation, 183 MB of additional disk space will be used.
Get:1 http://127.0.0.1:9999/debian sid/main amd64 libbsd0 amd64 0.9.1-1 [99.3 kB]
Get:2 http://127.0.0.1:9999/debian sid/main amd64 libedit2 amd64 3.1-20181209-1 [94.0 kB]
Get:3 http://127.0.0.1:9999/debian sid/main amd64 libllvm7 amd64 1:7.0.1-3 [13.0 MB]
Get:4 http://127.0.0.1:9999/debian sid/main amd64 libgc1c2 amd64 1:7.6.4-0.4 [224 kB]
Get:5 http://127.0.0.1:9999/debian sid/main amd64 libobjc4 amd64 8.2.0-13 [50.4 kB]
Get:6 http://127.0.0.1:9999/debian sid/main amd64 libobjc-8-dev amd64 8.2.0-13 [224 kB]
Get:7 http://127.0.0.1:9999/debian sid/main amd64 libc6-i386 amd64 2.28-4 [2873 kB]
Get:8 http://127.0.0.1:9999/debian sid/main amd64 lib32gcc1 amd64 1:8.2.0-13 [47.9 kB]
Get:9 http://127.0.0.1:9999/debian sid/main amd64 lib32stdc++6 amd64 8.2.0-13 [406 kB]
Get:10 http://127.0.0.1:9999/debian sid/main amd64 libclang-common-7-dev amd64 1:7.0.1-3 [3157 kB]
Get:11 http://127.0.0.1:9999/debian sid/main amd64 libclang1-7 amd64 1:7.0.1-3 [5992 kB]
Get:12 http://127.0.0.1:9999/debian sid/main amd64 clang-7 amd64 1:7.0.1-3 [7890 kB]
debconf: delaying package configuration, since apt-utils is not installed
Fetched 34.1 MB in 0s (116 MB/s)
Selecting previously unselected package libbsd0:amd64.
(Reading database ... (Reading database ... 5%(Reading database ... 10%(Reading database ... 15%(Reading database ... 20%(Reading database ... 25%(Reading database ... 30%(Reading database ... 35%(Reading database ... 40%(Reading database ... 45%(Reading database ... 50%(Reading database ... 55%(Reading database ... 60%(Reading database ... 65%(Reading database ... 70%(Reading database ... 75%(Reading database ... 80%(Reading database ... 85%(Reading database ... 90%(Reading database ... 95%(Reading database ... 100%(Reading database ... 11801 files and directories currently installed.)
Preparing to unpack .../00-libbsd0_0.9.1-1_amd64.deb ...
Unpacking libbsd0:amd64 (0.9.1-1) ...
Selecting previously unselected package libedit2:amd64.
Preparing to unpack .../01-libedit2_3.1-20181209-1_amd64.deb ...
Unpacking libedit2:amd64 (3.1-20181209-1) ...
Selecting previously unselected package libllvm7:amd64.
Preparing to unpack .../02-libllvm7_1%3a7.0.1-3_amd64.deb ...
Unpacking libllvm7:amd64 (1:7.0.1-3) ...
Selecting previously unselected package libgc1c2:amd64.
Preparing to unpack .../03-libgc1c2_1%3a7.6.4-0.4_amd64.deb ...
Unpacking libgc1c2:amd64 (1:7.6.4-0.4) ...
Selecting previously unselected package libobjc4:amd64.
Preparing to unpack .../04-libobjc4_8.2.0-13_amd64.deb ...
Unpacking libobjc4:amd64 (8.2.0-13) ...
Selecting previously unselected package libobjc-8-dev:amd64.
Preparing to unpack .../05-libobjc-8-dev_8.2.0-13_amd64.deb ...
Unpacking libobjc-8-dev:amd64 (8.2.0-13) ...
Selecting previously unselected package libc6-i386.
Preparing to unpack .../06-libc6-i386_2.28-4_amd64.deb ...
Unpacking libc6-i386 (2.28-4) ...
Selecting previously unselected package lib32gcc1.
Preparing to unpack .../07-lib32gcc1_1%3a8.2.0-13_amd64.deb ...
Unpacking lib32gcc1 (1:8.2.0-13) ...
Selecting previously unselected package lib32stdc++6.
Preparing to unpack .../08-lib32stdc++6_8.2.0-13_amd64.deb ...
Unpacking lib32stdc++6 (8.2.0-13) ...
Selecting previously unselected package libclang-common-7-dev.
Preparing to unpack .../09-libclang-common-7-dev_1%3a7.0.1-3_amd64.deb ...
Unpacking libclang-common-7-dev (1:7.0.1-3) ...
Selecting previously unselected package libclang1-7:amd64.
Preparing to unpack .../10-libclang1-7_1%3a7.0.1-3_amd64.deb ...
Unpacking libclang1-7:amd64 (1:7.0.1-3) ...
Selecting previously unselected package clang-7.
Preparing to unpack .../11-clang-7_1%3a7.0.1-3_amd64.deb ...
Unpacking clang-7 (1:7.0.1-3) ...
Setting up libgc1c2:amd64 (1:7.6.4-0.4) ...
Setting up libc6-i386 (2.28-4) ...
Setting up libbsd0:amd64 (0.9.1-1) ...
Processing triggers for libc-bin (2.28-4) ...
Setting up lib32gcc1 (1:8.2.0-13) ...
Setting up libedit2:amd64 (3.1-20181209-1) ...
Setting up libobjc4:amd64 (8.2.0-13) ...
Setting up libobjc-8-dev:amd64 (8.2.0-13) ...
Setting up libllvm7:amd64 (1:7.0.1-3) ...
Setting up libclang1-7:amd64 (1:7.0.1-3) ...
Setting up lib32stdc++6 (8.2.0-13) ...
Setting up libclang-common-7-dev (1:7.0.1-3) ...
Setting up clang-7 (1:7.0.1-3) ...
Processing triggers for libc-bin (2.28-4) ...
W: --force-yes is deprecated, use one of the options starting with --allow instead.
+ echo 'Replace gcc, g++ & cpp by clang'
Replace gcc, g++ & cpp by clang
+ VERSIONS='4.6 4.7 4.8 4.9 5 6 7 8'
+ cd /usr/bin
+ for VERSION in $VERSIONS
+ rm -f g++-4.6 gcc-4.6 cpp-4.6 gcc
+ ln -s clang++-7 g++-4.6
+ ln -s clang-7 gcc-4.6
+ ln -s clang-7 cpp-4.6
+ ln -s clang-7 gcc
+ echo 'gcc-4.6 hold'
+ dpkg --set-selections
dpkg: warning: package not in status nor available database at line 1: gcc-4.6
dpkg: warning: found unknown packages; this might mean the available database
is outdated, and needs to be updated through a frontend method;
please see the FAQ <https://wiki.debian.org/Teams/Dpkg/FAQ>
+ echo 'g++-4.6 hold'
+ dpkg --set-selections
dpkg: warning: package not in status nor available database at line 1: g++-4.6
dpkg: warning: found unknown packages; this might mean the available database
is outdated, and needs to be updated through a frontend method;
please see the FAQ <https://wiki.debian.org/Teams/Dpkg/FAQ>
+ for VERSION in $VERSIONS
+ rm -f g++-4.7 gcc-4.7 cpp-4.7 gcc
+ ln -s clang++-7 g++-4.7
+ ln -s clang-7 gcc-4.7
+ ln -s clang-7 cpp-4.7
+ ln -s clang-7 gcc
+ echo 'gcc-4.7 hold'
+ dpkg --set-selections
dpkg: warning: package not in status nor available database at line 1: gcc-4.7
dpkg: warning: found unknown packages; this might mean the available database
is outdated, and needs to be updated through a frontend method;
please see the FAQ <https://wiki.debian.org/Teams/Dpkg/FAQ>
+ echo 'g++-4.7 hold'
+ dpkg --set-selections
dpkg: warning: package not in status nor available database at line 1: g++-4.7
dpkg: warning: found unknown packages; this might mean the available database
is outdated, and needs to be updated through a frontend method;
please see the FAQ <https://wiki.debian.org/Teams/Dpkg/FAQ>
+ for VERSION in $VERSIONS
+ rm -f g++-4.8 gcc-4.8 cpp-4.8 gcc
+ ln -s clang++-7 g++-4.8
+ ln -s clang-7 gcc-4.8
+ ln -s clang-7 cpp-4.8
+ ln -s clang-7 gcc
+ echo 'gcc-4.8 hold'
+ dpkg --set-selections
dpkg: warning: package not in status nor available database at line 1: gcc-4.8
dpkg: warning: found unknown packages; this might mean the available database
is outdated, and needs to be updated through a frontend method;
please see the FAQ <https://wiki.debian.org/Teams/Dpkg/FAQ>
+ echo 'g++-4.8 hold'
+ dpkg --set-selections
dpkg: warning: package not in status nor available database at line 1: g++-4.8
dpkg: warning: found unknown packages; this might mean the available database
is outdated, and needs to be updated through a frontend method;
please see the FAQ <https://wiki.debian.org/Teams/Dpkg/FAQ>
+ for VERSION in $VERSIONS
+ rm -f g++-4.9 gcc-4.9 cpp-4.9 gcc
+ ln -s clang++-7 g++-4.9
+ ln -s clang-7 gcc-4.9
+ ln -s clang-7 cpp-4.9
+ ln -s clang-7 gcc
+ echo 'gcc-4.9 hold'
+ dpkg --set-selections
dpkg: warning: package not in status nor available database at line 1: gcc-4.9
dpkg: warning: found unknown packages; this might mean the available database
is outdated, and needs to be updated through a frontend method;
please see the FAQ <https://wiki.debian.org/Teams/Dpkg/FAQ>
+ echo 'g++-4.9 hold'
+ dpkg --set-selections
dpkg: warning: package not in status nor available database at line 1: g++-4.9
dpkg: warning: found unknown packages; this might mean the available database
is outdated, and needs to be updated through a frontend method;
please see the FAQ <https://wiki.debian.org/Teams/Dpkg/FAQ>
+ for VERSION in $VERSIONS
+ rm -f g++-5 gcc-5 cpp-5 gcc
+ ln -s clang++-7 g++-5
+ ln -s clang-7 gcc-5
+ ln -s clang-7 cpp-5
+ ln -s clang-7 gcc
+ echo 'gcc-5 hold'
+ dpkg --set-selections
dpkg: warning: package not in status nor available database at line 1: gcc-5
dpkg: warning: found unknown packages; this might mean the available database
is outdated, and needs to be updated through a frontend method;
please see the FAQ <https://wiki.debian.org/Teams/Dpkg/FAQ>
+ echo 'g++-5 hold'
+ dpkg --set-selections
dpkg: warning: package not in status nor available database at line 1: g++-5
dpkg: warning: found unknown packages; this might mean the available database
is outdated, and needs to be updated through a frontend method;
please see the FAQ <https://wiki.debian.org/Teams/Dpkg/FAQ>
+ for VERSION in $VERSIONS
+ rm -f g++-6 gcc-6 cpp-6 gcc
+ ln -s clang++-7 g++-6
+ ln -s clang-7 gcc-6
+ ln -s clang-7 cpp-6
+ ln -s clang-7 gcc
+ echo 'gcc-6 hold'
+ dpkg --set-selections
dpkg: warning: package not in status nor available database at line 1: gcc-6
dpkg: warning: found unknown packages; this might mean the available database
is outdated, and needs to be updated through a frontend method;
please see the FAQ <https://wiki.debian.org/Teams/Dpkg/FAQ>
+ echo 'g++-6 hold'
+ dpkg --set-selections
dpkg: warning: package not in status nor available database at line 1: g++-6
dpkg: warning: found unknown packages; this might mean the available database
is outdated, and needs to be updated through a frontend method;
please see the FAQ <https://wiki.debian.org/Teams/Dpkg/FAQ>
+ for VERSION in $VERSIONS
+ rm -f g++-7 gcc-7 cpp-7 gcc
+ ln -s clang++-7 g++-7
+ ln -s clang-7 gcc-7
+ ln -s clang-7 cpp-7
+ ln -s clang-7 gcc
+ echo 'gcc-7 hold'
+ dpkg --set-selections
dpkg: warning: package not in status nor available database at line 1: gcc-7
dpkg: warning: found unknown packages; this might mean the available database
is outdated, and needs to be updated through a frontend method;
please see the FAQ <https://wiki.debian.org/Teams/Dpkg/FAQ>
+ echo 'g++-7 hold'
+ dpkg --set-selections
dpkg: warning: package not in status nor available database at line 1: g++-7
dpkg: warning: found unknown packages; this might mean the available database
is outdated, and needs to be updated through a frontend method;
please see the FAQ <https://wiki.debian.org/Teams/Dpkg/FAQ>
+ for VERSION in $VERSIONS
+ rm -f g++-8 gcc-8 cpp-8 gcc
+ ln -s clang++-7 g++-8
+ ln -s clang-7 gcc-8
+ ln -s clang-7 cpp-8
+ ln -s clang-7 gcc
+ echo 'gcc-8 hold'
+ dpkg --set-selections
+ echo 'g++-8 hold'
+ dpkg --set-selections
+ cd -
/build/libedlib-i4nRVB
+ echo 'Check if gcc, g++ & cpp are actually clang'
Check if gcc, g++ & cpp are actually clang
+ gcc --version
+ grep clang
+ cpp --version
+ grep clang
+ g++ --version
+ grep clang

I: Finished running '/tmp/clang7'.

Finished processing commands.
--------------------------------------------------------------------------------

+------------------------------------------------------------------------------+
| Update chroot                                                                |
+------------------------------------------------------------------------------+

Hit:1 http://127.0.0.1:9999/debian sid InRelease
Reading package lists...
Reading package lists...
Building dependency tree...
Reading state information...
Calculating upgrade...
The following packages will be upgraded:
  tzdata
1 upgraded, 0 newly installed, 0 to remove and 0 not upgraded.
Need to get 258 kB of archives.
After this operation, 0 B of additional disk space will be used.
Get:1 http://127.0.0.1:9999/debian sid/main amd64 tzdata all 2018i-1 [258 kB]
debconf: delaying package configuration, since apt-utils is not installed
Fetched 258 kB in 0s (5117 kB/s)
(Reading database ... (Reading database ... 5%(Reading database ... 10%(Reading database ... 15%(Reading database ... 20%(Reading database ... 25%(Reading database ... 30%(Reading database ... 35%(Reading database ... 40%(Reading database ... 45%(Reading database ... 50%(Reading database ... 55%(Reading database ... 60%(Reading database ... 65%(Reading database ... 70%(Reading database ... 75%(Reading database ... 80%(Reading database ... 85%(Reading database ... 90%(Reading database ... 95%(Reading database ... 100%(Reading database ... 12570 files and directories currently installed.)
Preparing to unpack .../tzdata_2018i-1_all.deb ...
Unpacking tzdata (2018i-1) over (2018h-1) ...
Setting up tzdata (2018i-1) ...

Current default time zone: 'Etc/UTC'
Local time is now:      Tue Jan  1 09:42:45 UTC 2019.
Universal Time is now:  Tue Jan  1 09:42:45 UTC 2019.
Run 'dpkg-reconfigure tzdata' if you wish to change it.


+------------------------------------------------------------------------------+
| Fetch source files                                                           |
+------------------------------------------------------------------------------+


Check APT
---------

Checking available source versions...

Download source files with APT
------------------------------

Reading package lists...
NOTICE: 'libedlib' packaging is maintained in the 'Git' version control system at:
https://salsa.debian.org/med-team/libedlib.git
Please use:
git clone https://salsa.debian.org/med-team/libedlib.git
to retrieve the latest (possibly unreleased) updates to the package.
Need to get 4310 kB of source archives.
Get:1 http://127.0.0.1:9999/debian sid/main libedlib 1.2.3-5 (dsc) [2216 B]
Get:2 http://127.0.0.1:9999/debian sid/main libedlib 1.2.3-5 (tar) [4302 kB]
Get:3 http://127.0.0.1:9999/debian sid/main libedlib 1.2.3-5 (diff) [5780 B]
Fetched 4310 kB in 1s (6880 kB/s)
Download complete and in download only mode
I: NOTICE: Log filtering will replace 'build/libedlib-i4nRVB/libedlib-1.2.3' with '<<PKGBUILDDIR>>'
I: NOTICE: Log filtering will replace 'build/libedlib-i4nRVB' with '<<BUILDDIR>>'

+------------------------------------------------------------------------------+
| Install build-essential                                                      |
+------------------------------------------------------------------------------+


Setup apt archive
-----------------

Merged Build-Depends: build-essential, fakeroot
Filtered Build-Depends: build-essential, fakeroot
dpkg-deb: building package 'sbuild-build-depends-core-dummy' in '/<<BUILDDIR>>/resolver-lc7oSR/apt_archive/sbuild-build-depends-core-dummy.deb'.
dpkg-scanpackages: warning: Packages in archive but missing from override file:
dpkg-scanpackages: warning:   sbuild-build-depends-core-dummy
dpkg-scanpackages: info: Wrote 1 entries to output Packages file.
Ign:1 copy:/<<BUILDDIR>>/resolver-lc7oSR/apt_archive ./ InRelease
Get:2 copy:/<<BUILDDIR>>/resolver-lc7oSR/apt_archive ./ Release [957 B]
Ign:3 copy:/<<BUILDDIR>>/resolver-lc7oSR/apt_archive ./ Release.gpg
Get:4 copy:/<<BUILDDIR>>/resolver-lc7oSR/apt_archive ./ Sources [349 B]
Get:5 copy:/<<BUILDDIR>>/resolver-lc7oSR/apt_archive ./ Packages [432 B]
Fetched 1738 B in 0s (0 B/s)
Reading package lists...
Reading package lists...

Install core build dependencies (apt-based resolver)
----------------------------------------------------

Installing build dependencies
Reading package lists...
Building dependency tree...
Reading state information...
The following NEW packages will be installed:
  sbuild-build-depends-core-dummy
0 upgraded, 1 newly installed, 0 to remove and 0 not upgraded.
Need to get 856 B of archives.
After this operation, 0 B of additional disk space will be used.
Get:1 copy:/<<BUILDDIR>>/resolver-lc7oSR/apt_archive ./ sbuild-build-depends-core-dummy 0.invalid.0 [856 B]
debconf: delaying package configuration, since apt-utils is not installed
Fetched 856 B in 0s (0 B/s)
Selecting previously unselected package sbuild-build-depends-core-dummy.
(Reading database ... 12570 files and directories currently installed.)
Preparing to unpack .../sbuild-build-depends-core-dummy_0.invalid.0_amd64.deb ...
Unpacking sbuild-build-depends-core-dummy (0.invalid.0) ...
Setting up sbuild-build-depends-core-dummy (0.invalid.0) ...

+------------------------------------------------------------------------------+
| Check architectures                                                          |
+------------------------------------------------------------------------------+

Arch check ok (amd64 included in any)

+------------------------------------------------------------------------------+
| Install package build dependencies                                           |
+------------------------------------------------------------------------------+


Setup apt archive
-----------------

Merged Build-Depends: debhelper (>= 11~), cmake, dh-python, d-shlibs, rename, cython3, python3-all-dev, python3-setuptools
Filtered Build-Depends: debhelper (>= 11~), cmake, dh-python, d-shlibs, rename, cython3, python3-all-dev, python3-setuptools
dpkg-deb: building package 'sbuild-build-depends-libedlib-dummy' in '/<<BUILDDIR>>/resolver-lc7oSR/apt_archive/sbuild-build-depends-libedlib-dummy.deb'.
dpkg-scanpackages: warning: Packages in archive but missing from override file:
dpkg-scanpackages: warning:   sbuild-build-depends-core-dummy sbuild-build-depends-libedlib-dummy
dpkg-scanpackages: info: Wrote 2 entries to output Packages file.
Ign:1 copy:/<<BUILDDIR>>/resolver-lc7oSR/apt_archive ./ InRelease
Get:2 copy:/<<BUILDDIR>>/resolver-lc7oSR/apt_archive ./ Release [963 B]
Ign:3 copy:/<<BUILDDIR>>/resolver-lc7oSR/apt_archive ./ Release.gpg
Get:4 copy:/<<BUILDDIR>>/resolver-lc7oSR/apt_archive ./ Sources [533 B]
Get:5 copy:/<<BUILDDIR>>/resolver-lc7oSR/apt_archive ./ Packages [617 B]
Fetched 2113 B in 0s (0 B/s)
Reading package lists...
Reading package lists...

Install libedlib build dependencies (apt-based resolver)
--------------------------------------------------------

Installing build dependencies
Reading package lists...
Building dependency tree...
Reading state information...
The following additional packages will be installed:
  autoconf automake autopoint autotools-dev bsdmainutils cmake cmake-data
  cython3 d-shlibs debhelper dh-autoreconf dh-python dh-strip-nondeterminism
  dwz file gettext gettext-base groff-base intltool-debian libarchive-zip-perl
  libarchive13 libcroco3 libcurl4 libelf1 libexpat1 libexpat1-dev
  libfile-stripnondeterminism-perl libglib2.0-0 libgssapi-krb5-2 libicu63
  libjsoncpp1 libk5crypto3 libkeyutils1 libkrb5-3 libkrb5support0
  libldap-2.4-2 libldap-common libmagic-mgc libmagic1 libmpdec2 libncurses6
  libnghttp2-14 libpipeline1 libprocps7 libpsl5 libpython3-all-dev
  libpython3-dev libpython3-stdlib libpython3.7 libpython3.7-dev
  libpython3.7-minimal libpython3.7-stdlib libreadline7 librhash0 librtmp1
  libsasl2-2 libsasl2-modules-db libsigsegv2 libsqlite3-0 libssh2-1 libssl1.1
  libtool libuchardet0 libuv1 libxml2 lsb-base m4 man-db mime-support
  po-debconf procps python3 python3-all python3-all-dev python3-dev
  python3-distutils python3-lib2to3 python3-minimal python3-pkg-resources
  python3-setuptools python3.7 python3.7-dev python3.7-minimal readline-common
  rename sensible-utils
Suggested packages:
  autoconf-archive gnu-standards autoconf-doc wamerican | wordlist whois
  vacation cmake-doc ninja-build cython-doc dh-make gettext-doc
  libasprintf-dev libgettextpo-dev groff lrzip krb5-doc krb5-user libtool-doc
  gfortran | fortran95-compiler gcj-jdk m4-doc apparmor less www-browser
  libmail-box-perl python3-doc python3-tk python3-venv python-setuptools-doc
  python3.7-venv python3.7-doc binfmt-support readline-doc
Recommended packages:
  curl | wget | lynx ca-certificates libarchive-cpio-perl libglib2.0-data
  shared-mime-info xdg-user-dirs krb5-locales libgpm2 publicsuffix
  libsasl2-modules libltdl-dev libmail-sendmail-perl psmisc
The following NEW packages will be installed:
  autoconf automake autopoint autotools-dev bsdmainutils cmake cmake-data
  cython3 d-shlibs debhelper dh-autoreconf dh-python dh-strip-nondeterminism
  dwz file gettext gettext-base groff-base intltool-debian libarchive-zip-perl
  libarchive13 libcroco3 libcurl4 libelf1 libexpat1 libexpat1-dev
  libfile-stripnondeterminism-perl libglib2.0-0 libgssapi-krb5-2 libicu63
  libjsoncpp1 libk5crypto3 libkeyutils1 libkrb5-3 libkrb5support0
  libldap-2.4-2 libldap-common libmagic-mgc libmagic1 libmpdec2 libncurses6
  libnghttp2-14 libpipeline1 libprocps7 libpsl5 libpython3-all-dev
  libpython3-dev libpython3-stdlib libpython3.7 libpython3.7-dev
  libpython3.7-minimal libpython3.7-stdlib libreadline7 librhash0 librtmp1
  libsasl2-2 libsasl2-modules-db libsigsegv2 libsqlite3-0 libssh2-1 libssl1.1
  libtool libuchardet0 libuv1 libxml2 lsb-base m4 man-db mime-support
  po-debconf procps python3 python3-all python3-all-dev python3-dev
  python3-distutils python3-lib2to3 python3-minimal python3-pkg-resources
  python3-setuptools python3.7 python3.7-dev python3.7-minimal readline-common
  rename sbuild-build-depends-libedlib-dummy sensible-utils
0 upgraded, 87 newly installed, 0 to remove and 0 not upgraded.
Need to get 88.2 MB of archives.
After this operation, 241 MB of additional disk space will be used.
Get:1 copy:/<<BUILDDIR>>/resolver-lc7oSR/apt_archive ./ sbuild-build-depends-libedlib-dummy 0.invalid.0 [904 B]
Get:2 http://127.0.0.1:9999/debian sid/main amd64 bsdmainutils amd64 11.1.2+b1 [191 kB]
Get:3 http://127.0.0.1:9999/debian sid/main amd64 libuchardet0 amd64 0.0.6-3 [64.9 kB]
Get:4 http://127.0.0.1:9999/debian sid/main amd64 groff-base amd64 1.22.4-1 [918 kB]
Get:5 http://127.0.0.1:9999/debian sid/main amd64 libpipeline1 amd64 1.5.0-2 [29.5 kB]
Get:6 http://127.0.0.1:9999/debian sid/main amd64 man-db amd64 2.8.4-3 [1194 kB]
Get:7 http://127.0.0.1:9999/debian sid/main amd64 libssl1.1 amd64 1.1.1a-1 [1527 kB]
Get:8 http://127.0.0.1:9999/debian sid/main amd64 libpython3.7-minimal amd64 3.7.2~rc1-1 [588 kB]
Get:9 http://127.0.0.1:9999/debian sid/main amd64 libexpat1 amd64 2.2.6-1 [105 kB]
Get:10 http://127.0.0.1:9999/debian sid/main amd64 python3.7-minimal amd64 3.7.2~rc1-1 [1731 kB]
Get:11 http://127.0.0.1:9999/debian sid/main amd64 python3-minimal amd64 3.7.1-3 [36.5 kB]
Get:12 http://127.0.0.1:9999/debian sid/main amd64 mime-support all 3.61 [37.1 kB]
Get:13 http://127.0.0.1:9999/debian sid/main amd64 libmpdec2 amd64 2.4.2-2 [87.2 kB]
Get:14 http://127.0.0.1:9999/debian sid/main amd64 readline-common all 7.0-5 [70.6 kB]
Get:15 http://127.0.0.1:9999/debian sid/main amd64 libreadline7 amd64 7.0-5 [151 kB]
Get:16 http://127.0.0.1:9999/debian sid/main amd64 libsqlite3-0 amd64 3.26.0+fossilbc891ac6b-1 [634 kB]
Get:17 http://127.0.0.1:9999/debian sid/main amd64 libpython3.7-stdlib amd64 3.7.2~rc1-1 [1732 kB]
Get:18 http://127.0.0.1:9999/debian sid/main amd64 python3.7 amd64 3.7.2~rc1-1 [322 kB]
Get:19 http://127.0.0.1:9999/debian sid/main amd64 libpython3-stdlib amd64 3.7.1-3 [20.0 kB]
Get:20 http://127.0.0.1:9999/debian sid/main amd64 python3 amd64 3.7.1-3 [61.5 kB]
Get:21 http://127.0.0.1:9999/debian sid/main amd64 libncurses6 amd64 6.1+20181013-1 [102 kB]
Get:22 http://127.0.0.1:9999/debian sid/main amd64 libprocps7 amd64 2:3.3.15-2 [61.7 kB]
Get:23 http://127.0.0.1:9999/debian sid/main amd64 lsb-base all 10.2018112800 [28.3 kB]
Get:24 http://127.0.0.1:9999/debian sid/main amd64 procps amd64 2:3.3.15-2 [259 kB]
Get:25 http://127.0.0.1:9999/debian sid/main amd64 sensible-utils all 0.0.12 [15.8 kB]
Get:26 http://127.0.0.1:9999/debian sid/main amd64 libmagic-mgc amd64 1:5.34-2 [239 kB]
Get:27 http://127.0.0.1:9999/debian sid/main amd64 libmagic1 amd64 1:5.34-2 [116 kB]
Get:28 http://127.0.0.1:9999/debian sid/main amd64 file amd64 1:5.34-2 [65.8 kB]
Get:29 http://127.0.0.1:9999/debian sid/main amd64 gettext-base amd64 0.19.8.1-9 [123 kB]
Get:30 http://127.0.0.1:9999/debian sid/main amd64 libsigsegv2 amd64 2.12-2 [32.8 kB]
Get:31 http://127.0.0.1:9999/debian sid/main amd64 m4 amd64 1.4.18-2 [203 kB]
Get:32 http://127.0.0.1:9999/debian sid/main amd64 autoconf all 2.69-11 [341 kB]
Get:33 http://127.0.0.1:9999/debian sid/main amd64 autotools-dev all 20180224.1 [77.0 kB]
Get:34 http://127.0.0.1:9999/debian sid/main amd64 automake all 1:1.16.1-4 [771 kB]
Get:35 http://127.0.0.1:9999/debian sid/main amd64 autopoint all 0.19.8.1-9 [434 kB]
Get:36 http://127.0.0.1:9999/debian sid/main amd64 cmake-data all 3.13.2-1 [1476 kB]
Get:37 http://127.0.0.1:9999/debian sid/main amd64 libicu63 amd64 63.1-5 [8293 kB]
Get:38 http://127.0.0.1:9999/debian sid/main amd64 libxml2 amd64 2.9.4+dfsg1-7+b3 [687 kB]
Get:39 http://127.0.0.1:9999/debian sid/main amd64 libarchive13 amd64 3.3.3-2 [314 kB]
Get:40 http://127.0.0.1:9999/debian sid/main amd64 libkeyutils1 amd64 1.5.9-9.3 [13.0 kB]
Get:41 http://127.0.0.1:9999/debian sid/main amd64 libkrb5support0 amd64 1.16.2-1 [63.3 kB]
Get:42 http://127.0.0.1:9999/debian sid/main amd64 libk5crypto3 amd64 1.16.2-1 [121 kB]
Get:43 http://127.0.0.1:9999/debian sid/main amd64 libkrb5-3 amd64 1.16.2-1 [320 kB]
Get:44 http://127.0.0.1:9999/debian sid/main amd64 libgssapi-krb5-2 amd64 1.16.2-1 [158 kB]
Get:45 http://127.0.0.1:9999/debian sid/main amd64 libsasl2-modules-db amd64 2.1.27~rc8-1 [68.4 kB]
Get:46 http://127.0.0.1:9999/debian sid/main amd64 libsasl2-2 amd64 2.1.27~rc8-1 [105 kB]
Get:47 http://127.0.0.1:9999/debian sid/main amd64 libldap-common all 2.4.47+dfsg-1 [88.8 kB]
Get:48 http://127.0.0.1:9999/debian sid/main amd64 libldap-2.4-2 amd64 2.4.47+dfsg-1 [224 kB]
Get:49 http://127.0.0.1:9999/debian sid/main amd64 libnghttp2-14 amd64 1.35.1-1 [82.2 kB]
Get:50 http://127.0.0.1:9999/debian sid/main amd64 libpsl5 amd64 0.20.2-2 [53.7 kB]
Get:51 http://127.0.0.1:9999/debian sid/main amd64 librtmp1 amd64 2.4+20151223.gitfa8646d.1-2 [60.5 kB]
Get:52 http://127.0.0.1:9999/debian sid/main amd64 libssh2-1 amd64 1.8.0-2 [138 kB]
Get:53 http://127.0.0.1:9999/debian sid/main amd64 libcurl4 amd64 7.62.0-1 [324 kB]
Get:54 http://127.0.0.1:9999/debian sid/main amd64 libjsoncpp1 amd64 1.7.4-3 [75.6 kB]
Get:55 http://127.0.0.1:9999/debian sid/main amd64 librhash0 amd64 1.3.7-1 [104 kB]
Get:56 http://127.0.0.1:9999/debian sid/main amd64 libuv1 amd64 1.24.0-1 [109 kB]
Get:57 http://127.0.0.1:9999/debian sid/main amd64 cmake amd64 3.13.2-1 [3485 kB]
Get:58 http://127.0.0.1:9999/debian sid/main amd64 cython3 amd64 0.28.4-1 [3200 kB]
Get:59 http://127.0.0.1:9999/debian sid/main amd64 d-shlibs all 0.83 [17.1 kB]
Get:60 http://127.0.0.1:9999/debian sid/main amd64 libtool all 2.4.6-6 [547 kB]
Get:61 http://127.0.0.1:9999/debian sid/main amd64 dh-autoreconf all 19 [16.9 kB]
Get:62 http://127.0.0.1:9999/debian sid/main amd64 libarchive-zip-perl all 1.64-1 [96.8 kB]
Get:63 http://127.0.0.1:9999/debian sid/main amd64 libfile-stripnondeterminism-perl all 1.0.0-1 [19.5 kB]
Get:64 http://127.0.0.1:9999/debian sid/main amd64 dh-strip-nondeterminism all 1.0.0-1 [12.5 kB]
Get:65 http://127.0.0.1:9999/debian sid/main amd64 libelf1 amd64 0.175-2 [160 kB]
Get:66 http://127.0.0.1:9999/debian sid/main amd64 dwz amd64 0.12-3 [78.0 kB]
Get:67 http://127.0.0.1:9999/debian sid/main amd64 libglib2.0-0 amd64 2.58.1-2 [1223 kB]
Get:68 http://127.0.0.1:9999/debian sid/main amd64 libcroco3 amd64 0.6.12-3 [145 kB]
Get:69 http://127.0.0.1:9999/debian sid/main amd64 gettext amd64 0.19.8.1-9 [1303 kB]
Get:70 http://127.0.0.1:9999/debian sid/main amd64 intltool-debian all 0.35.0+20060710.4 [26.3 kB]
Get:71 http://127.0.0.1:9999/debian sid/main amd64 po-debconf all 1.0.21 [248 kB]
Get:72 http://127.0.0.1:9999/debian sid/main amd64 debhelper all 12 [1002 kB]
Get:73 http://127.0.0.1:9999/debian sid/main amd64 python3-lib2to3 all 3.7.1-1 [78.7 kB]
Get:74 http://127.0.0.1:9999/debian sid/main amd64 python3-distutils all 3.7.1-1 [144 kB]
Get:75 http://127.0.0.1:9999/debian sid/main amd64 dh-python all 3.20180927 [95.8 kB]
Get:76 http://127.0.0.1:9999/debian sid/main amd64 libexpat1-dev amd64 2.2.6-1 [152 kB]
Get:77 http://127.0.0.1:9999/debian sid/main amd64 libpython3.7 amd64 3.7.2~rc1-1 [1494 kB]
Get:78 http://127.0.0.1:9999/debian sid/main amd64 libpython3.7-dev amd64 3.7.2~rc1-1 [48.4 MB]
Get:79 http://127.0.0.1:9999/debian sid/main amd64 libpython3-dev amd64 3.7.1-3 [20.1 kB]
Get:80 http://127.0.0.1:9999/debian sid/main amd64 libpython3-all-dev amd64 3.7.1-3 [1068 B]
Get:81 http://127.0.0.1:9999/debian sid/main amd64 python3-all amd64 3.7.1-3 [1064 B]
Get:82 http://127.0.0.1:9999/debian sid/main amd64 python3.7-dev amd64 3.7.2~rc1-1 [509 kB]
Get:83 http://127.0.0.1:9999/debian sid/main amd64 python3-dev amd64 3.7.1-3 [1260 B]
Get:84 http://127.0.0.1:9999/debian sid/main amd64 python3-all-dev amd64 3.7.1-3 [1068 B]
Get:85 http://127.0.0.1:9999/debian sid/main amd64 python3-pkg-resources all 40.6.2-1 [152 kB]
Get:86 http://127.0.0.1:9999/debian sid/main amd64 python3-setuptools all 40.6.2-1 [303 kB]
Get:87 http://127.0.0.1:9999/debian sid/main amd64 rename all 1.10-1 [17.2 kB]
debconf: delaying package configuration, since apt-utils is not installed
Fetched 88.2 MB in 1s (101 MB/s)
Selecting previously unselected package bsdmainutils.
(Reading database ... 12570 files and directories currently installed.)
Preparing to unpack .../0-bsdmainutils_11.1.2+b1_amd64.deb ...
Unpacking bsdmainutils (11.1.2+b1) ...
Selecting previously unselected package libuchardet0:amd64.
Preparing to unpack .../1-libuchardet0_0.0.6-3_amd64.deb ...
Unpacking libuchardet0:amd64 (0.0.6-3) ...
Selecting previously unselected package groff-base.
Preparing to unpack .../2-groff-base_1.22.4-1_amd64.deb ...
Unpacking groff-base (1.22.4-1) ...
Selecting previously unselected package libpipeline1:amd64.
Preparing to unpack .../3-libpipeline1_1.5.0-2_amd64.deb ...
Unpacking libpipeline1:amd64 (1.5.0-2) ...
Selecting previously unselected package man-db.
Preparing to unpack .../4-man-db_2.8.4-3_amd64.deb ...
Unpacking man-db (2.8.4-3) ...
Selecting previously unselected package libssl1.1:amd64.
Preparing to unpack .../5-libssl1.1_1.1.1a-1_amd64.deb ...
Unpacking libssl1.1:amd64 (1.1.1a-1) ...
Selecting previously unselected package libpython3.7-minimal:amd64.
Preparing to unpack .../6-libpython3.7-minimal_3.7.2~rc1-1_amd64.deb ...
Unpacking libpython3.7-minimal:amd64 (3.7.2~rc1-1) ...
Selecting previously unselected package libexpat1:amd64.
Preparing to unpack .../7-libexpat1_2.2.6-1_amd64.deb ...
Unpacking libexpat1:amd64 (2.2.6-1) ...
Selecting previously unselected package python3.7-minimal.
Preparing to unpack .../8-python3.7-minimal_3.7.2~rc1-1_amd64.deb ...
Unpacking python3.7-minimal (3.7.2~rc1-1) ...
Setting up libssl1.1:amd64 (1.1.1a-1) ...
Setting up libpython3.7-minimal:amd64 (3.7.2~rc1-1) ...
Setting up libexpat1:amd64 (2.2.6-1) ...
Setting up python3.7-minimal (3.7.2~rc1-1) ...
Selecting previously unselected package python3-minimal.
(Reading database ... 13444 files and directories currently installed.)
Preparing to unpack .../0-python3-minimal_3.7.1-3_amd64.deb ...
Unpacking python3-minimal (3.7.1-3) ...
Selecting previously unselected package mime-support.
Preparing to unpack .../1-mime-support_3.61_all.deb ...
Unpacking mime-support (3.61) ...
Selecting previously unselected package libmpdec2:amd64.
Preparing to unpack .../2-libmpdec2_2.4.2-2_amd64.deb ...
Unpacking libmpdec2:amd64 (2.4.2-2) ...
Selecting previously unselected package readline-common.
Preparing to unpack .../3-readline-common_7.0-5_all.deb ...
Unpacking readline-common (7.0-5) ...
Selecting previously unselected package libreadline7:amd64.
Preparing to unpack .../4-libreadline7_7.0-5_amd64.deb ...
Unpacking libreadline7:amd64 (7.0-5) ...
Selecting previously unselected package libsqlite3-0:amd64.
Preparing to unpack .../5-libsqlite3-0_3.26.0+fossilbc891ac6b-1_amd64.deb ...
Unpacking libsqlite3-0:amd64 (3.26.0+fossilbc891ac6b-1) ...
Selecting previously unselected package libpython3.7-stdlib:amd64.
Preparing to unpack .../6-libpython3.7-stdlib_3.7.2~rc1-1_amd64.deb ...
Unpacking libpython3.7-stdlib:amd64 (3.7.2~rc1-1) ...
Selecting previously unselected package python3.7.
Preparing to unpack .../7-python3.7_3.7.2~rc1-1_amd64.deb ...
Unpacking python3.7 (3.7.2~rc1-1) ...
Selecting previously unselected package libpython3-stdlib:amd64.
Preparing to unpack .../8-libpython3-stdlib_3.7.1-3_amd64.deb ...
Unpacking libpython3-stdlib:amd64 (3.7.1-3) ...
Setting up python3-minimal (3.7.1-3) ...
Selecting previously unselected package python3.
(Reading database ... 13910 files and directories currently installed.)
Preparing to unpack .../00-python3_3.7.1-3_amd64.deb ...
Unpacking python3 (3.7.1-3) ...
Selecting previously unselected package libncurses6:amd64.
Preparing to unpack .../01-libncurses6_6.1+20181013-1_amd64.deb ...
Unpacking libncurses6:amd64 (6.1+20181013-1) ...
Selecting previously unselected package libprocps7:amd64.
Preparing to unpack .../02-libprocps7_2%3a3.3.15-2_amd64.deb ...
Unpacking libprocps7:amd64 (2:3.3.15-2) ...
Selecting previously unselected package lsb-base.
Preparing to unpack .../03-lsb-base_10.2018112800_all.deb ...
Unpacking lsb-base (10.2018112800) ...
Selecting previously unselected package procps.
Preparing to unpack .../04-procps_2%3a3.3.15-2_amd64.deb ...
Unpacking procps (2:3.3.15-2) ...
Selecting previously unselected package sensible-utils.
Preparing to unpack .../05-sensible-utils_0.0.12_all.deb ...
Unpacking sensible-utils (0.0.12) ...
Selecting previously unselected package libmagic-mgc.
Preparing to unpack .../06-libmagic-mgc_1%3a5.34-2_amd64.deb ...
Unpacking libmagic-mgc (1:5.34-2) ...
Selecting previously unselected package libmagic1:amd64.
Preparing to unpack .../07-libmagic1_1%3a5.34-2_amd64.deb ...
Unpacking libmagic1:amd64 (1:5.34-2) ...
Selecting previously unselected package file.
Preparing to unpack .../08-file_1%3a5.34-2_amd64.deb ...
Unpacking file (1:5.34-2) ...
Selecting previously unselected package gettext-base.
Preparing to unpack .../09-gettext-base_0.19.8.1-9_amd64.deb ...
Unpacking gettext-base (0.19.8.1-9) ...
Selecting previously unselected package libsigsegv2:amd64.
Preparing to unpack .../10-libsigsegv2_2.12-2_amd64.deb ...
Unpacking libsigsegv2:amd64 (2.12-2) ...
Selecting previously unselected package m4.
Preparing to unpack .../11-m4_1.4.18-2_amd64.deb ...
Unpacking m4 (1.4.18-2) ...
Selecting previously unselected package autoconf.
Preparing to unpack .../12-autoconf_2.69-11_all.deb ...
Unpacking autoconf (2.69-11) ...
Selecting previously unselected package autotools-dev.
Preparing to unpack .../13-autotools-dev_20180224.1_all.deb ...
Unpacking autotools-dev (20180224.1) ...
Selecting previously unselected package automake.
Preparing to unpack .../14-automake_1%3a1.16.1-4_all.deb ...
Unpacking automake (1:1.16.1-4) ...
Selecting previously unselected package autopoint.
Preparing to unpack .../15-autopoint_0.19.8.1-9_all.deb ...
Unpacking autopoint (0.19.8.1-9) ...
Selecting previously unselected package cmake-data.
Preparing to unpack .../16-cmake-data_3.13.2-1_all.deb ...
Unpacking cmake-data (3.13.2-1) ...
Selecting previously unselected package libicu63:amd64.
Preparing to unpack .../17-libicu63_63.1-5_amd64.deb ...
Unpacking libicu63:amd64 (63.1-5) ...
Selecting previously unselected package libxml2:amd64.
Preparing to unpack .../18-libxml2_2.9.4+dfsg1-7+b3_amd64.deb ...
Unpacking libxml2:amd64 (2.9.4+dfsg1-7+b3) ...
Selecting previously unselected package libarchive13:amd64.
Preparing to unpack .../19-libarchive13_3.3.3-2_amd64.deb ...
Unpacking libarchive13:amd64 (3.3.3-2) ...
Selecting previously unselected package libkeyutils1:amd64.
Preparing to unpack .../20-libkeyutils1_1.5.9-9.3_amd64.deb ...
Unpacking libkeyutils1:amd64 (1.5.9-9.3) ...
Selecting previously unselected package libkrb5support0:amd64.
Preparing to unpack .../21-libkrb5support0_1.16.2-1_amd64.deb ...
Unpacking libkrb5support0:amd64 (1.16.2-1) ...
Selecting previously unselected package libk5crypto3:amd64.
Preparing to unpack .../22-libk5crypto3_1.16.2-1_amd64.deb ...
Unpacking libk5crypto3:amd64 (1.16.2-1) ...
Selecting previously unselected package libkrb5-3:amd64.
Preparing to unpack .../23-libkrb5-3_1.16.2-1_amd64.deb ...
Unpacking libkrb5-3:amd64 (1.16.2-1) ...
Selecting previously unselected package libgssapi-krb5-2:amd64.
Preparing to unpack .../24-libgssapi-krb5-2_1.16.2-1_amd64.deb ...
Unpacking libgssapi-krb5-2:amd64 (1.16.2-1) ...
Selecting previously unselected package libsasl2-modules-db:amd64.
Preparing to unpack .../25-libsasl2-modules-db_2.1.27~rc8-1_amd64.deb ...
Unpacking libsasl2-modules-db:amd64 (2.1.27~rc8-1) ...
Selecting previously unselected package libsasl2-2:amd64.
Preparing to unpack .../26-libsasl2-2_2.1.27~rc8-1_amd64.deb ...
Unpacking libsasl2-2:amd64 (2.1.27~rc8-1) ...
Selecting previously unselected package libldap-common.
Preparing to unpack .../27-libldap-common_2.4.47+dfsg-1_all.deb ...
Unpacking libldap-common (2.4.47+dfsg-1) ...
Selecting previously unselected package libldap-2.4-2:amd64.
Preparing to unpack .../28-libldap-2.4-2_2.4.47+dfsg-1_amd64.deb ...
Unpacking libldap-2.4-2:amd64 (2.4.47+dfsg-1) ...
Selecting previously unselected package libnghttp2-14:amd64.
Preparing to unpack .../29-libnghttp2-14_1.35.1-1_amd64.deb ...
Unpacking libnghttp2-14:amd64 (1.35.1-1) ...
Selecting previously unselected package libpsl5:amd64.
Preparing to unpack .../30-libpsl5_0.20.2-2_amd64.deb ...
Unpacking libpsl5:amd64 (0.20.2-2) ...
Selecting previously unselected package librtmp1:amd64.
Preparing to unpack .../31-librtmp1_2.4+20151223.gitfa8646d.1-2_amd64.deb ...
Unpacking librtmp1:amd64 (2.4+20151223.gitfa8646d.1-2) ...
Selecting previously unselected package libssh2-1:amd64.
Preparing to unpack .../32-libssh2-1_1.8.0-2_amd64.deb ...
Unpacking libssh2-1:amd64 (1.8.0-2) ...
Selecting previously unselected package libcurl4:amd64.
Preparing to unpack .../33-libcurl4_7.62.0-1_amd64.deb ...
Unpacking libcurl4:amd64 (7.62.0-1) ...
Selecting previously unselected package libjsoncpp1:amd64.
Preparing to unpack .../34-libjsoncpp1_1.7.4-3_amd64.deb ...
Unpacking libjsoncpp1:amd64 (1.7.4-3) ...
Selecting previously unselected package librhash0:amd64.
Preparing to unpack .../35-librhash0_1.3.7-1_amd64.deb ...
Unpacking librhash0:amd64 (1.3.7-1) ...
Selecting previously unselected package libuv1:amd64.
Preparing to unpack .../36-libuv1_1.24.0-1_amd64.deb ...
Unpacking libuv1:amd64 (1.24.0-1) ...
Selecting previously unselected package cmake.
Preparing to unpack .../37-cmake_3.13.2-1_amd64.deb ...
Unpacking cmake (3.13.2-1) ...
Selecting previously unselected package cython3.
Preparing to unpack .../38-cython3_0.28.4-1_amd64.deb ...
Unpacking cython3 (0.28.4-1) ...
Selecting previously unselected package d-shlibs.
Preparing to unpack .../39-d-shlibs_0.83_all.deb ...
Unpacking d-shlibs (0.83) ...
Selecting previously unselected package libtool.
Preparing to unpack .../40-libtool_2.4.6-6_all.deb ...
Unpacking libtool (2.4.6-6) ...
Selecting previously unselected package dh-autoreconf.
Preparing to unpack .../41-dh-autoreconf_19_all.deb ...
Unpacking dh-autoreconf (19) ...
Selecting previously unselected package libarchive-zip-perl.
Preparing to unpack .../42-libarchive-zip-perl_1.64-1_all.deb ...
Unpacking libarchive-zip-perl (1.64-1) ...
Selecting previously unselected package libfile-stripnondeterminism-perl.
Preparing to unpack .../43-libfile-stripnondeterminism-perl_1.0.0-1_all.deb ...
Unpacking libfile-stripnondeterminism-perl (1.0.0-1) ...
Selecting previously unselected package dh-strip-nondeterminism.
Preparing to unpack .../44-dh-strip-nondeterminism_1.0.0-1_all.deb ...
Unpacking dh-strip-nondeterminism (1.0.0-1) ...
Selecting previously unselected package libelf1:amd64.
Preparing to unpack .../45-libelf1_0.175-2_amd64.deb ...
Unpacking libelf1:amd64 (0.175-2) ...
Selecting previously unselected package dwz.
Preparing to unpack .../46-dwz_0.12-3_amd64.deb ...
Unpacking dwz (0.12-3) ...
Selecting previously unselected package libglib2.0-0:amd64.
Preparing to unpack .../47-libglib2.0-0_2.58.1-2_amd64.deb ...
Unpacking libglib2.0-0:amd64 (2.58.1-2) ...
Selecting previously unselected package libcroco3:amd64.
Preparing to unpack .../48-libcroco3_0.6.12-3_amd64.deb ...
Unpacking libcroco3:amd64 (0.6.12-3) ...
Selecting previously unselected package gettext.
Preparing to unpack .../49-gettext_0.19.8.1-9_amd64.deb ...
Unpacking gettext (0.19.8.1-9) ...
Selecting previously unselected package intltool-debian.
Preparing to unpack .../50-intltool-debian_0.35.0+20060710.4_all.deb ...
Unpacking intltool-debian (0.35.0+20060710.4) ...
Selecting previously unselected package po-debconf.
Preparing to unpack .../51-po-debconf_1.0.21_all.deb ...
Unpacking po-debconf (1.0.21) ...
Selecting previously unselected package debhelper.
Preparing to unpack .../52-debhelper_12_all.deb ...
Unpacking debhelper (12) ...
Selecting previously unselected package python3-lib2to3.
Preparing to unpack .../53-python3-lib2to3_3.7.1-1_all.deb ...
Unpacking python3-lib2to3 (3.7.1-1) ...
Selecting previously unselected package python3-distutils.
Preparing to unpack .../54-python3-distutils_3.7.1-1_all.deb ...
Unpacking python3-distutils (3.7.1-1) ...
Selecting previously unselected package dh-python.
Preparing to unpack .../55-dh-python_3.20180927_all.deb ...
Unpacking dh-python (3.20180927) ...
Selecting previously unselected package libexpat1-dev:amd64.
Preparing to unpack .../56-libexpat1-dev_2.2.6-1_amd64.deb ...
Unpacking libexpat1-dev:amd64 (2.2.6-1) ...
Selecting previously unselected package libpython3.7:amd64.
Preparing to unpack .../57-libpython3.7_3.7.2~rc1-1_amd64.deb ...
Unpacking libpython3.7:amd64 (3.7.2~rc1-1) ...
Selecting previously unselected package libpython3.7-dev:amd64.
Preparing to unpack .../58-libpython3.7-dev_3.7.2~rc1-1_amd64.deb ...
Unpacking libpython3.7-dev:amd64 (3.7.2~rc1-1) ...
Selecting previously unselected package libpython3-dev:amd64.
Preparing to unpack .../59-libpython3-dev_3.7.1-3_amd64.deb ...
Unpacking libpython3-dev:amd64 (3.7.1-3) ...
Selecting previously unselected package libpython3-all-dev:amd64.
Preparing to unpack .../60-libpython3-all-dev_3.7.1-3_amd64.deb ...
Unpacking libpython3-all-dev:amd64 (3.7.1-3) ...
Selecting previously unselected package python3-all.
Preparing to unpack .../61-python3-all_3.7.1-3_amd64.deb ...
Unpacking python3-all (3.7.1-3) ...
Selecting previously unselected package python3.7-dev.
Preparing to unpack .../62-python3.7-dev_3.7.2~rc1-1_amd64.deb ...
Unpacking python3.7-dev (3.7.2~rc1-1) ...
Selecting previously unselected package python3-dev.
Preparing to unpack .../63-python3-dev_3.7.1-3_amd64.deb ...
Unpacking python3-dev (3.7.1-3) ...
Selecting previously unselected package python3-all-dev.
Preparing to unpack .../64-python3-all-dev_3.7.1-3_amd64.deb ...
Unpacking python3-all-dev (3.7.1-3) ...
Selecting previously unselected package python3-pkg-resources.
Preparing to unpack .../65-python3-pkg-resources_40.6.2-1_all.deb ...
Unpacking python3-pkg-resources (40.6.2-1) ...
Selecting previously unselected package python3-setuptools.
Preparing to unpack .../66-python3-setuptools_40.6.2-1_all.deb ...
Unpacking python3-setuptools (40.6.2-1) ...
Selecting previously unselected package rename.
Preparing to unpack .../67-rename_1.10-1_all.deb ...
Unpacking rename (1.10-1) ...
Selecting previously unselected package sbuild-build-depends-libedlib-dummy.
Preparing to unpack .../68-sbuild-build-depends-libedlib-dummy_0.invalid.0_amd64.deb ...
Unpacking sbuild-build-depends-libedlib-dummy (0.invalid.0) ...
Setting up readline-common (7.0-5) ...
Setting up libarchive-zip-perl (1.64-1) ...
Setting up libnghttp2-14:amd64 (1.35.1-1) ...
Setting up libprocps7:amd64 (2:3.3.15-2) ...
Setting up mime-support (3.61) ...
Setting up libicu63:amd64 (63.1-5) ...
Setting up libsigsegv2:amd64 (2.12-2) ...
Setting up rename (1.10-1) ...
update-alternatives: using /usr/bin/file-rename to provide /usr/bin/rename (rename) in auto mode
Setting up libldap-common (2.4.47+dfsg-1) ...
Setting up libuv1:amd64 (1.24.0-1) ...
Setting up libreadline7:amd64 (7.0-5) ...
Setting up libpsl5:amd64 (0.20.2-2) ...
Setting up libelf1:amd64 (0.175-2) ...
Setting up libglib2.0-0:amd64 (2.58.1-2) ...
No schema files found: doing nothing.
Setting up d-shlibs (0.83) ...
Setting up gettext-base (0.19.8.1-9) ...
Setting up cmake-data (3.13.2-1) ...
Setting up libpipeline1:amd64 (1.5.0-2) ...
Setting up librtmp1:amd64 (2.4+20151223.gitfa8646d.1-2) ...
Setting up m4 (1.4.18-2) ...
Setting up libxml2:amd64 (2.9.4+dfsg1-7+b3) ...
Setting up libuchardet0:amd64 (0.0.6-3) ...
Setting up libmagic-mgc (1:5.34-2) ...
Setting up libmagic1:amd64 (1:5.34-2) ...
Setting up lsb-base (10.2018112800) ...
Setting up librhash0:amd64 (1.3.7-1) ...
Setting up libcroco3:amd64 (0.6.12-3) ...
Setting up sensible-utils (0.0.12) ...
Setting up libssh2-1:amd64 (1.8.0-2) ...
Processing triggers for libc-bin (2.28-4) ...
Setting up dwz (0.12-3) ...
Setting up autotools-dev (20180224.1) ...
Setting up libsqlite3-0:amd64 (3.26.0+fossilbc891ac6b-1) ...
Setting up libexpat1-dev:amd64 (2.2.6-1) ...
Setting up libkeyutils1:amd64 (1.5.9-9.3) ...
Setting up bsdmainutils (11.1.2+b1) ...
update-alternatives: using /usr/bin/bsd-write to provide /usr/bin/write (write) in auto mode
update-alternatives: using /usr/bin/bsd-from to provide /usr/bin/from (from) in auto mode
Setting up libncurses6:amd64 (6.1+20181013-1) ...
Setting up autopoint (0.19.8.1-9) ...
Setting up libmpdec2:amd64 (2.4.2-2) ...
Setting up libfile-stripnondeterminism-perl (1.0.0-1) ...
Setting up libjsoncpp1:amd64 (1.7.4-3) ...
Setting up libpython3.7-stdlib:amd64 (3.7.2~rc1-1) ...
Setting up gettext (0.19.8.1-9) ...
Setting up libarchive13:amd64 (3.3.3-2) ...
Setting up groff-base (1.22.4-1) ...
Setting up python3.7 (3.7.2~rc1-1) ...
Setting up autoconf (2.69-11) ...
Setting up file (1:5.34-2) ...
Setting up libkrb5support0:amd64 (1.16.2-1) ...
Setting up procps (2:3.3.15-2) ...
update-alternatives: using /usr/bin/w.procps to provide /usr/bin/w (w) in auto mode
Setting up intltool-debian (0.35.0+20060710.4) ...
Setting up libpython3.7:amd64 (3.7.2~rc1-1) ...
Setting up automake (1:1.16.1-4) ...
update-alternatives: using /usr/bin/automake-1.16 to provide /usr/bin/automake (automake) in auto mode
Setting up libpython3.7-dev:amd64 (3.7.2~rc1-1) ...
Setting up man-db (2.8.4-3) ...
Not building database; man-db/auto-update is not 'true'.
Setting up libpython3-dev:amd64 (3.7.1-3) ...
Setting up libtool (2.4.6-6) ...
Setting up libpython3-stdlib:amd64 (3.7.1-3) ...
Setting up libk5crypto3:amd64 (1.16.2-1) ...
Setting up po-debconf (1.0.21) ...
Setting up python3 (3.7.1-3) ...
Setting up python3-pkg-resources (40.6.2-1) ...
Setting up python3.7-dev (3.7.2~rc1-1) ...
Setting up libpython3-all-dev:amd64 (3.7.1-3) ...
Setting up cython3 (0.28.4-1) ...
Setting up libkrb5-3:amd64 (1.16.2-1) ...
Setting up python3-lib2to3 (3.7.1-1) ...
Setting up python3-distutils (3.7.1-1) ...
Setting up libgssapi-krb5-2:amd64 (1.16.2-1) ...
Setting up python3-setuptools (40.6.2-1) ...
Setting up dh-python (3.20180927) ...
Setting up libsasl2-modules-db:amd64 (2.1.27~rc8-1) ...
Setting up libsasl2-2:amd64 (2.1.27~rc8-1) ...
Setting up python3-dev (3.7.1-3) ...
Setting up libldap-2.4-2:amd64 (2.4.47+dfsg-1) ...
Setting up python3-all (3.7.1-3) ...
Setting up python3-all-dev (3.7.1-3) ...
Setting up libcurl4:amd64 (7.62.0-1) ...
Setting up cmake (3.13.2-1) ...
Setting up dh-strip-nondeterminism (1.0.0-1) ...
Setting up debhelper (12) ...
Setting up dh-autoreconf (19) ...
Setting up sbuild-build-depends-libedlib-dummy (0.invalid.0) ...
Processing triggers for libc-bin (2.28-4) ...

+------------------------------------------------------------------------------+
| Build environment                                                            |
+------------------------------------------------------------------------------+

Kernel: Linux 4.9.0-8-amd64 amd64 (x86_64)
Toolchain package versions: binutils_2.31.1-11 dpkg-dev_1.19.2 g++-8_8.2.0-13 gcc-8_8.2.0-13 libc6-dev_2.28-4 libstdc++-8-dev_8.2.0-13 libstdc++6_8.2.0-13 linux-libc-dev_4.19.13-1
Package versions: adduser_3.118 apt_1.8.0~alpha3 autoconf_2.69-11 automake_1:1.16.1-4 autopoint_0.19.8.1-9 autotools-dev_20180224.1 base-files_10.1 base-passwd_3.5.45 bash_4.4.18-3.1 binutils_2.31.1-11 binutils-common_2.31.1-11 binutils-x86-64-linux-gnu_2.31.1-11 bsdmainutils_11.1.2+b1 bsdutils_1:2.33-0.2 build-essential_12.5 bzip2_1.0.6-9 clang-7_1:7.0.1-3 cmake_3.13.2-1 cmake-data_3.13.2-1 coreutils_8.30-1 cpp_4:8.2.0-2 cpp-8_8.2.0-13 cython3_0.28.4-1 d-shlibs_0.83 dash_0.5.10.2-4 debconf_1.5.69 debhelper_12 debian-archive-keyring_2018.1 debianutils_4.8.6 dh-autoreconf_19 dh-python_3.20180927 dh-strip-nondeterminism_1.0.0-1 diffutils_1:3.6-1 dpkg_1.19.2 dpkg-dev_1.19.2 dwz_0.12-3 e2fsprogs_1.44.5-1 fakeroot_1.23-1 fdisk_2.33-0.2 file_1:5.34-2 findutils_4.6.0+git+20181018-1 g++_4:8.2.0-2 g++-8_8.2.0-13 gcc_4:8.2.0-2 gcc-8_8.2.0-13 gcc-8-base_8.2.0-13 gettext_0.19.8.1-9 gettext-base_0.19.8.1-9 gpgv_2.2.12-1 grep_3.1-3 groff-base_1.22.4-1 gzip_1.9-2.1 hostname_3.21 init-system-helpers_1.56+nmu1 intltool-debian_0.35.0+20060710.4 lib32gcc1_1:8.2.0-13 lib32stdc++6_8.2.0-13 libacl1_2.2.52-3+b1 libapt-pkg5.0_1.8.0~alpha3 libarchive-zip-perl_1.64-1 libarchive13_3.3.3-2 libasan5_8.2.0-13 libatomic1_8.2.0-13 libattr1_1:2.4.47-2+b2 libaudit-common_1:2.8.4-2 libaudit1_1:2.8.4-2 libbinutils_2.31.1-11 libblkid1_2.33-0.2 libbsd0_0.9.1-1 libbz2-1.0_1.0.6-9 libc-bin_2.28-4 libc-dev-bin_2.28-4 libc6_2.28-4 libc6-dev_2.28-4 libc6-i386_2.28-4 libcap-ng0_0.7.9-1+b1 libcc1-0_8.2.0-13 libclang-common-7-dev_1:7.0.1-3 libclang1-7_1:7.0.1-3 libcom-err2_1.44.5-1 libcroco3_0.6.12-3 libcurl4_7.62.0-1 libdb5.3_5.3.28+dfsg1-0.2 libdebconfclient0_0.246 libdpkg-perl_1.19.2 libedit2_3.1-20181209-1 libelf1_0.175-2 libexpat1_2.2.6-1 libexpat1-dev_2.2.6-1 libext2fs2_1.44.5-1 libfakeroot_1.23-1 libfdisk1_2.33-0.2 libffi6_3.2.1-9 libfile-stripnondeterminism-perl_1.0.0-1 libgc1c2_1:7.6.4-0.4 libgcc-8-dev_8.2.0-13 libgcc1_1:8.2.0-13 libgcrypt20_1.8.4-4 libgdbm-compat4_1.18.1-2 libgdbm6_1.18.1-2 libglib2.0-0_2.58.1-2 libgmp10_2:6.1.2+dfsg-4 libgnutls30_3.6.5-2 libgomp1_8.2.0-13 libgpg-error0_1.33-3 libgssapi-krb5-2_1.16.2-1 libhogweed4_3.4.1~rc1-1 libicu63_63.1-5 libidn2-0_2.0.5-1 libisl19_0.20-2 libitm1_8.2.0-13 libjsoncpp1_1.7.4-3 libk5crypto3_1.16.2-1 libkeyutils1_1.5.9-9.3 libkrb5-3_1.16.2-1 libkrb5support0_1.16.2-1 libldap-2.4-2_2.4.47+dfsg-1 libldap-common_2.4.47+dfsg-1 libllvm7_1:7.0.1-3 liblsan0_8.2.0-13 liblz4-1_1.8.2-1 liblzma5_5.2.2-1.3 libmagic-mgc_1:5.34-2 libmagic1_1:5.34-2 libmount1_2.33-0.2 libmpc3_1.1.0-1 libmpdec2_2.4.2-2 libmpfr6_4.0.1-2 libmpx2_8.2.0-13 libncurses6_6.1+20181013-1 libncursesw6_6.1+20181013-1 libnettle6_3.4.1~rc1-1 libnghttp2-14_1.35.1-1 libobjc-8-dev_8.2.0-13 libobjc4_8.2.0-13 libp11-kit0_0.23.14-2 libpam-modules_1.1.8-3.8 libpam-modules-bin_1.1.8-3.8 libpam-runtime_1.1.8-3.8 libpam0g_1.1.8-3.8 libpcre3_2:8.39-11 libperl5.28_5.28.1-3 libpipeline1_1.5.0-2 libprocps7_2:3.3.15-2 libpsl5_0.20.2-2 libpython3-all-dev_3.7.1-3 libpython3-dev_3.7.1-3 libpython3-stdlib_3.7.1-3 libpython3.7_3.7.2~rc1-1 libpython3.7-dev_3.7.2~rc1-1 libpython3.7-minimal_3.7.2~rc1-1 libpython3.7-stdlib_3.7.2~rc1-1 libquadmath0_8.2.0-13 libreadline7_7.0-5 librhash0_1.3.7-1 librtmp1_2.4+20151223.gitfa8646d.1-2 libsasl2-2_2.1.27~rc8-1 libsasl2-modules-db_2.1.27~rc8-1 libseccomp2_2.3.3-3 libselinux1_2.8-1+b1 libsemanage-common_2.8-1 libsemanage1_2.8-1+b1 libsepol1_2.8-1 libsigsegv2_2.12-2 libsmartcols1_2.33-0.2 libsqlite3-0_3.26.0+fossilbc891ac6b-1 libss2_1.44.5-1 libssh2-1_1.8.0-2 libssl1.1_1.1.1a-1 libstdc++-8-dev_8.2.0-13 libstdc++6_8.2.0-13 libsystemd0_240-2 libtasn1-6_4.13-3 libtinfo6_6.1+20181013-1 libtool_2.4.6-6 libtsan0_8.2.0-13 libubsan1_8.2.0-13 libuchardet0_0.0.6-3 libudev1_240-2 libunistring2_0.9.10-1 libuuid1_2.33-0.2 libuv1_1.24.0-1 libxml2_2.9.4+dfsg1-7+b3 libzstd1_1.3.5+dfsg-2 linux-libc-dev_4.19.13-1 login_1:4.5-1.1 lsb-base_10.2018112800 m4_1.4.18-2 make_4.2.1-1.2 man-db_2.8.4-3 mawk_1.3.3-17+b3 mime-support_3.61 mount_2.33-0.2 ncurses-base_6.1+20181013-1 ncurses-bin_6.1+20181013-1 passwd_1:4.5-1.1 patch_2.7.6-3 perl_5.28.1-3 perl-base_5.28.1-3 perl-modules-5.28_5.28.1-3 po-debconf_1.0.21 procps_2:3.3.15-2 python3_3.7.1-3 python3-all_3.7.1-3 python3-all-dev_3.7.1-3 python3-dev_3.7.1-3 python3-distutils_3.7.1-1 python3-lib2to3_3.7.1-1 python3-minimal_3.7.1-3 python3-pkg-resources_40.6.2-1 python3-setuptools_40.6.2-1 python3.7_3.7.2~rc1-1 python3.7-dev_3.7.2~rc1-1 python3.7-minimal_3.7.2~rc1-1 readline-common_7.0-5 rename_1.10-1 sbuild-build-depends-core-dummy_0.invalid.0 sbuild-build-depends-libedlib-dummy_0.invalid.0 sed_4.7-1 sensible-utils_0.0.12 sysvinit-utils_2.93-2 tar_1.30+dfsg-3 tzdata_2018i-1 util-linux_2.33-0.2 xz-utils_5.2.2-1.3 zlib1g_1:1.2.11.dfsg-1

+------------------------------------------------------------------------------+
| Build                                                                        |
+------------------------------------------------------------------------------+


Unpack source
-------------

gpgv: unknown type of key resource 'trustedkeys.kbx'
gpgv: keyblock resource '/sbuild-nonexistent/.gnupg/trustedkeys.kbx': General error
gpgv: Signature made Wed Dec 19 11:53:20 2018 UTC
gpgv:                using RSA key F1F007320A035541F0A663CA578A0494D1C646D1
gpgv:                issuer "tille@debian.org"
gpgv: Can't check signature: No public key
dpkg-source: warning: failed to verify signature on ./libedlib_1.2.3-5.dsc
dpkg-source: info: extracting libedlib in /<<PKGBUILDDIR>>
dpkg-source: info: unpacking libedlib_1.2.3.orig.tar.gz
dpkg-source: info: unpacking libedlib_1.2.3-5.debian.tar.xz
dpkg-source: info: using patch list from debian/patches/series
dpkg-source: info: applying soversion.patch
dpkg-source: info: applying do_not_build_hello_example.patch
dpkg-source: info: applying cython3.patch
dpkg-source: info: applying signed_char.patch

Check disk space
----------------

Sufficient free space for build

User Environment
----------------

APT_CONFIG=/var/lib/sbuild/apt.conf
HOME=/sbuild-nonexistent
LANG=en_US.UTF-8
LC_ALL=POSIX
LOGNAME=user42
PATH=/usr/local/sbin:/usr/local/bin:/usr/sbin:/usr/bin:/sbin:/bin:/usr/games
SCHROOT_ALIAS_NAME=unstable
SCHROOT_CHROOT_NAME=sid-amd64-sbuild
SCHROOT_COMMAND=env
SCHROOT_GID=1001
SCHROOT_GROUP=user42
SCHROOT_SESSION_ID=sid-amd64-sbuild-568bbd94-f1fb-4a7c-8b9d-deb11dd3f37b
SCHROOT_UID=1001
SCHROOT_USER=user42
SHELL=/bin/sh
USER=user42

dpkg-buildpackage
-----------------

dpkg-buildpackage: info: source package libedlib
dpkg-buildpackage: info: source version 1.2.3-5
dpkg-buildpackage: info: source distribution unstable
dpkg-buildpackage: info: source changed by Andreas Tille <tille@debian.org>
 dpkg-source --before-build .
dpkg-buildpackage: info: host architecture amd64
 fakeroot debian/rules clean
dh clean --with python3
   dh_clean
 debian/rules build-arch
dh build-arch --with python3
   dh_update_autotools_config -a
   dh_autoreconf -a
   debian/rules override_dh_auto_configure
make[1]: Entering directory '/<<PKGBUILDDIR>>'
dh_auto_configure --buildsystem=cmake -- -DCMAKE_BUILD_TYPE=Release
	cd obj-x86_64-linux-gnu && cmake -DCMAKE_INSTALL_PREFIX=/usr -DCMAKE_BUILD_TYPE=None -DCMAKE_INSTALL_SYSCONFDIR=/etc -DCMAKE_INSTALL_LOCALSTATEDIR=/var -DCMAKE_EXPORT_NO_PACKAGE_REGISTRY=ON -DCMAKE_FIND_PACKAGE_NO_PACKAGE_REGISTRY=ON -DCMAKE_INSTALL_RUNSTATEDIR=/run "-GUnix Makefiles" -DCMAKE_VERBOSE_MAKEFILE=ON -DCMAKE_INSTALL_LIBDIR=lib/x86_64-linux-gnu -DCMAKE_BUILD_TYPE=Release ..
-- The CXX compiler identification is Clang 7.0.1
-- Check for working CXX compiler: /usr/bin/c++
-- Check for working CXX compiler: /usr/bin/c++ -- works
-- Detecting CXX compiler ABI info
-- Detecting CXX compiler ABI info - done
-- Detecting CXX compile features
-- Detecting CXX compile features - done
Setting warning flags
-- Configuring done
-- Generating done
CMake Warning:
  Manually-specified variables were not used by the project:

    CMAKE_EXPORT_NO_PACKAGE_REGISTRY
    CMAKE_FIND_PACKAGE_NO_PACKAGE_REGISTRY
    CMAKE_INSTALL_LIBDIR
    CMAKE_INSTALL_LOCALSTATEDIR
    CMAKE_INSTALL_RUNSTATEDIR
    CMAKE_INSTALL_SYSCONFDIR


-- Build files have been written to: /<<PKGBUILDDIR>>/obj-x86_64-linux-gnu
make[1]: Leaving directory '/<<PKGBUILDDIR>>'
   debian/rules override_dh_auto_build
make[1]: Entering directory '/<<PKGBUILDDIR>>'
dh_auto_build --buildsystem=cmake
	cd obj-x86_64-linux-gnu && make -j4 "INSTALL=install --strip-program=true"
make[2]: Entering directory '/<<PKGBUILDDIR>>/obj-x86_64-linux-gnu'
/usr/bin/cmake -S/<<PKGBUILDDIR>> -B/<<PKGBUILDDIR>>/obj-x86_64-linux-gnu --check-build-system CMakeFiles/Makefile.cmake 0
/usr/bin/cmake -E cmake_progress_start /<<PKGBUILDDIR>>/obj-x86_64-linux-gnu/CMakeFiles /<<PKGBUILDDIR>>/obj-x86_64-linux-gnu/CMakeFiles/progress.marks
make -f CMakeFiles/Makefile2 all
make[3]: Entering directory '/<<PKGBUILDDIR>>/obj-x86_64-linux-gnu'
make -f CMakeFiles/edlib_static.dir/build.make CMakeFiles/edlib_static.dir/depend
make -f CMakeFiles/edlib.dir/build.make CMakeFiles/edlib.dir/depend
make[4]: Entering directory '/<<PKGBUILDDIR>>/obj-x86_64-linux-gnu'
cd /<<PKGBUILDDIR>>/obj-x86_64-linux-gnu && /usr/bin/cmake -E cmake_depends "Unix Makefiles" /<<PKGBUILDDIR>> /<<PKGBUILDDIR>> /<<PKGBUILDDIR>>/obj-x86_64-linux-gnu /<<PKGBUILDDIR>>/obj-x86_64-linux-gnu /<<PKGBUILDDIR>>/obj-x86_64-linux-gnu/CMakeFiles/edlib_static.dir/DependInfo.cmake --color=
make[4]: Entering directory '/<<PKGBUILDDIR>>/obj-x86_64-linux-gnu'
cd /<<PKGBUILDDIR>>/obj-x86_64-linux-gnu && /usr/bin/cmake -E cmake_depends "Unix Makefiles" /<<PKGBUILDDIR>> /<<PKGBUILDDIR>> /<<PKGBUILDDIR>>/obj-x86_64-linux-gnu /<<PKGBUILDDIR>>/obj-x86_64-linux-gnu /<<PKGBUILDDIR>>/obj-x86_64-linux-gnu/CMakeFiles/edlib.dir/DependInfo.cmake --color=
Scanning dependencies of target edlib
Scanning dependencies of target edlib_static
make[4]: Leaving directory '/<<PKGBUILDDIR>>/obj-x86_64-linux-gnu'
make -f CMakeFiles/edlib.dir/build.make CMakeFiles/edlib.dir/build
make[4]: Leaving directory '/<<PKGBUILDDIR>>/obj-x86_64-linux-gnu'
make -f CMakeFiles/edlib_static.dir/build.make CMakeFiles/edlib_static.dir/build
make[4]: Entering directory '/<<PKGBUILDDIR>>/obj-x86_64-linux-gnu'
make[4]: Entering directory '/<<PKGBUILDDIR>>/obj-x86_64-linux-gnu'
[ 25%] Building CXX object CMakeFiles/edlib_static.dir/edlib/src/edlib.cpp.o
[ 25%] Building CXX object CMakeFiles/edlib.dir/edlib/src/edlib.cpp.o
/usr/bin/c++   -I/<<PKGBUILDDIR>>/edlib/include  -g -O2 -fdebug-prefix-map=/<<PKGBUILDDIR>>=. -fstack-protector-strong -Wformat -Werror=format-security -Wdate-time -D_FORTIFY_SOURCE=2 -Wall -Wextra -pedantic -O3 -DNDEBUG   -std=c++11 -o CMakeFiles/edlib_static.dir/edlib/src/edlib.cpp.o -c /<<PKGBUILDDIR>>/edlib/src/edlib.cpp
/usr/bin/c++  -Dedlib_EXPORTS -I/<<PKGBUILDDIR>>/edlib/include  -g -O2 -fdebug-prefix-map=/<<PKGBUILDDIR>>=. -fstack-protector-strong -Wformat -Werror=format-security -Wdate-time -D_FORTIFY_SOURCE=2 -Wall -Wextra -pedantic -O3 -DNDEBUG -fPIC   -std=c++11 -o CMakeFiles/edlib.dir/edlib/src/edlib.cpp.o -c /<<PKGBUILDDIR>>/edlib/src/edlib.cpp
[ 37%] Linking CXX static library lib/libedlib_static.a
/usr/bin/cmake -P CMakeFiles/edlib_static.dir/cmake_clean_target.cmake
/usr/bin/cmake -E cmake_link_script CMakeFiles/edlib_static.dir/link.txt --verbose=1
/usr/bin/ar qc lib/libedlib_static.a  CMakeFiles/edlib_static.dir/edlib/src/edlib.cpp.o
[ 50%] Linking CXX shared library lib/libedlib.so
/usr/bin/cmake -E cmake_link_script CMakeFiles/edlib.dir/link.txt --verbose=1
/usr/bin/c++ -fPIC -g -O2 -fdebug-prefix-map=/<<PKGBUILDDIR>>=. -fstack-protector-strong -Wformat -Werror=format-security -Wdate-time -D_FORTIFY_SOURCE=2 -Wall -Wextra -pedantic -O3 -DNDEBUG -Wl,-z,relro -Wl,-z,now -shared -Wl,-soname,libedlib.so.0 -o lib/libedlib.so.1.2.3 CMakeFiles/edlib.dir/edlib/src/edlib.cpp.o 
/usr/bin/ranlib lib/libedlib_static.a
make[4]: Leaving directory '/<<PKGBUILDDIR>>/obj-x86_64-linux-gnu'
[ 50%] Built target edlib_static
make -f CMakeFiles/runTests.dir/build.make CMakeFiles/runTests.dir/depend
make -f CMakeFiles/edlib-aligner.dir/build.make CMakeFiles/edlib-aligner.dir/depend
make[4]: Entering directory '/<<PKGBUILDDIR>>/obj-x86_64-linux-gnu'
cd /<<PKGBUILDDIR>>/obj-x86_64-linux-gnu && /usr/bin/cmake -E cmake_depends "Unix Makefiles" /<<PKGBUILDDIR>> /<<PKGBUILDDIR>> /<<PKGBUILDDIR>>/obj-x86_64-linux-gnu /<<PKGBUILDDIR>>/obj-x86_64-linux-gnu /<<PKGBUILDDIR>>/obj-x86_64-linux-gnu/CMakeFiles/runTests.dir/DependInfo.cmake --color=
make[4]: Entering directory '/<<PKGBUILDDIR>>/obj-x86_64-linux-gnu'
cd /<<PKGBUILDDIR>>/obj-x86_64-linux-gnu && /usr/bin/cmake -E cmake_depends "Unix Makefiles" /<<PKGBUILDDIR>> /<<PKGBUILDDIR>> /<<PKGBUILDDIR>>/obj-x86_64-linux-gnu /<<PKGBUILDDIR>>/obj-x86_64-linux-gnu /<<PKGBUILDDIR>>/obj-x86_64-linux-gnu/CMakeFiles/edlib-aligner.dir/DependInfo.cmake --color=
Scanning dependencies of target edlib-aligner
Scanning dependencies of target runTests
make[4]: Leaving directory '/<<PKGBUILDDIR>>/obj-x86_64-linux-gnu'
make[4]: Leaving directory '/<<PKGBUILDDIR>>/obj-x86_64-linux-gnu'
make -f CMakeFiles/edlib-aligner.dir/build.make CMakeFiles/edlib-aligner.dir/build
make -f CMakeFiles/runTests.dir/build.make CMakeFiles/runTests.dir/build
make[4]: Entering directory '/<<PKGBUILDDIR>>/obj-x86_64-linux-gnu'
make[4]: Entering directory '/<<PKGBUILDDIR>>/obj-x86_64-linux-gnu'
[ 75%] Building CXX object CMakeFiles/runTests.dir/test/runTests.cpp.o
[ 75%] Building CXX object CMakeFiles/edlib-aligner.dir/apps/aligner/aligner.cpp.o
/usr/bin/c++   -I/<<PKGBUILDDIR>>/edlib/include  -g -O2 -fdebug-prefix-map=/<<PKGBUILDDIR>>=. -fstack-protector-strong -Wformat -Werror=format-security -Wdate-time -D_FORTIFY_SOURCE=2 -Wall -Wextra -pedantic -O3 -DNDEBUG   -std=c++11 -o CMakeFiles/edlib-aligner.dir/apps/aligner/aligner.cpp.o -c /<<PKGBUILDDIR>>/apps/aligner/aligner.cpp
/usr/bin/c++   -I/<<PKGBUILDDIR>>/edlib/include  -g -O2 -fdebug-prefix-map=/<<PKGBUILDDIR>>=. -fstack-protector-strong -Wformat -Werror=format-security -Wdate-time -D_FORTIFY_SOURCE=2 -Wall -Wextra -pedantic -O3 -DNDEBUG   -std=c++11 -o CMakeFiles/runTests.dir/test/runTests.cpp.o -c /<<PKGBUILDDIR>>/test/runTests.cpp
/usr/bin/cmake -E cmake_symlink_library lib/libedlib.so.1.2.3 lib/libedlib.so.0 lib/libedlib.so
make[4]: Leaving directory '/<<PKGBUILDDIR>>/obj-x86_64-linux-gnu'
[ 75%] Built target edlib
[ 87%] Linking CXX executable bin/runTests
/usr/bin/cmake -E cmake_link_script CMakeFiles/runTests.dir/link.txt --verbose=1
/usr/bin/c++  -g -O2 -fdebug-prefix-map=/<<PKGBUILDDIR>>=. -fstack-protector-strong -Wformat -Werror=format-security -Wdate-time -D_FORTIFY_SOURCE=2 -Wall -Wextra -pedantic -O3 -DNDEBUG  -Wl,-z,relro -Wl,-z,now -rdynamic CMakeFiles/runTests.dir/test/runTests.cpp.o  -o bin/runTests lib/libedlib_static.a 
make[4]: Leaving directory '/<<PKGBUILDDIR>>/obj-x86_64-linux-gnu'
[ 87%] Built target runTests
[100%] Linking CXX executable bin/edlib-aligner
/usr/bin/cmake -E cmake_link_script CMakeFiles/edlib-aligner.dir/link.txt --verbose=1
/usr/bin/c++  -g -O2 -fdebug-prefix-map=/<<PKGBUILDDIR>>=. -fstack-protector-strong -Wformat -Werror=format-security -Wdate-time -D_FORTIFY_SOURCE=2 -Wall -Wextra -pedantic -O3 -DNDEBUG  -Wl,-z,relro -Wl,-z,now -rdynamic CMakeFiles/edlib-aligner.dir/apps/aligner/aligner.cpp.o  -o bin/edlib-aligner lib/libedlib_static.a 
make[4]: Leaving directory '/<<PKGBUILDDIR>>/obj-x86_64-linux-gnu'
[100%] Built target edlib-aligner
make[3]: Leaving directory '/<<PKGBUILDDIR>>/obj-x86_64-linux-gnu'
/usr/bin/cmake -E cmake_progress_start /<<PKGBUILDDIR>>/obj-x86_64-linux-gnu/CMakeFiles 0
make[2]: Leaving directory '/<<PKGBUILDDIR>>/obj-x86_64-linux-gnu'
# /usr/bin/make --directory=bindings/python
/usr/bin/make --directory=bindings/python edlib pyedlib.bycython.cpp
make[2]: Entering directory '/<<PKGBUILDDIR>>/bindings/python'
cp -R ../../edlib .
cython3 --cplus edlib.pyx -o edlib.bycython.cpp
make[2]: Leaving directory '/<<PKGBUILDDIR>>/bindings/python'
dh_auto_build --buildsystem=pybuild -- --dir bindings/python
I: pybuild base:217: /usr/bin/python3 setup.py build 
running build
running build_ext
building 'edlib' extension
creating build
creating build/temp.linux-amd64-3.7
creating build/temp.linux-amd64-3.7/edlib
creating build/temp.linux-amd64-3.7/edlib/src
x86_64-linux-gnu-gcc -pthread -DNDEBUG -g -fwrapv -O2 -Wall -g -O2 -fdebug-prefix-map=/<<PKGBUILDDIR>>=. -fstack-protector-strong -Wformat -Werror=format-security -Wdate-time -D_FORTIFY_SOURCE=2 -fPIC -Iedlib/include -I/usr/include/python3.7m -c edlib.bycython.cpp -o build/temp.linux-amd64-3.7/edlib.bycython.o -O3 -std=c++11
x86_64-linux-gnu-gcc -pthread -DNDEBUG -g -fwrapv -O2 -Wall -g -O2 -fdebug-prefix-map=/<<PKGBUILDDIR>>=. -fstack-protector-strong -Wformat -Werror=format-security -Wdate-time -D_FORTIFY_SOURCE=2 -fPIC -Iedlib/include -I/usr/include/python3.7m -c edlib/src/edlib.cpp -o build/temp.linux-amd64-3.7/edlib/src/edlib.o -O3 -std=c++11
x86_64-linux-gnu-g++ -pthread -shared -Wl,-O1 -Wl,-Bsymbolic-functions -Wl,-z,relro -Wl,-z,relro -Wl,-z,now -g -O2 -fdebug-prefix-map=/<<PKGBUILDDIR>>=. -fstack-protector-strong -Wformat -Werror=format-security -Wdate-time -D_FORTIFY_SOURCE=2 build/temp.linux-amd64-3.7/edlib.bycython.o build/temp.linux-amd64-3.7/edlib/src/edlib.o -o /<<PKGBUILDDIR>>/.pybuild/cpython3_3.7_edlib/build/edlib.cpython-37m-x86_64-linux-gnu.so
make[1]: Leaving directory '/<<PKGBUILDDIR>>'
   debian/rules override_dh_auto_test
make[1]: Entering directory '/<<PKGBUILDDIR>>'
`find . -name edlib-aligner -type f -executable` -p apps/aligner/test_data/query.fasta apps/aligner/test_data/target.fasta
Using NW alignment mode.
Reading queries...
Read 1 queries, 110 residues total.
Reading target fasta file...
Read target, 109 residues.

Comparing queries to target...

Query #0 (110 residues): score = 17
T: MMEEERFAASADEIFHVTQEVC-RTASELTESESRNVIVDELFCVGVTEM (0 - 48)
   ||||||| |   |||||||||| |||||||||||||||||||||||||||
Q: MMEEERFKA---EIFHVTQEVCNRTASELTESESRNVIVDELFCVGVTEM (0 - 46)

T: VAEQIRVLAKDIEA---HA-RKTVQPQDVLDDLCCRRNEGL-EIINNF-K (49 - 92)
   | ||||||||||||   || ||||||||||  ||||||||| |||||| |
Q: VWEQIRVLAKDIEAFAEHAGRKTVQPQDVL--LCCRRNEGLYEIINNFHK (47 - 94)

T: AESIKSKKKKKE-STTB (93 - 108)
    ||||||||||| ||| 
Q: -ESIKSKKKKKENSTT- (94 - 109)


Cpu time of searching: 0.000045
`find . -name runTests`
Testing HW with alignment...
HW: [32m100/100[0m random tests passed!
Time Edlib: 0.032165
Time Simple: 0.216492
Times faster: 6.73

Testing HW...
HW: [32m100/100[0m random tests passed!
Time Edlib: 0.026156
Time Simple: 0.229334
Times faster: 8.77

Testing NW with alignment...
NW: [32m100/100[0m random tests passed!
Time Edlib: 0.055364
Time Simple: 0.150927
Times faster: 2.73

Testing NW...
NW: [32m100/100[0m random tests passed!
Time Edlib: 0.012720
Time Simple: 0.124213
Times faster: 9.77

Testing SHW with alignment...
SHW: [32m100/100[0m random tests passed!
Time Edlib: 0.004410
Time Simple: 0.135558
Times faster: 30.74

Testing SHW...
SHW: [32m100/100[0m random tests passed!
Time Edlib: 0.002621
Time Simple: 0.131510
Times faster: 50.18

Specific tests:
Test #0:
HW:  [32m OK [0m
NW:  [32m OK [0m
SHW: [32m OK [0m
Test #1:
HW:  [32m OK [0m
NW:  [32m OK [0m
SHW: [32m OK [0m
Test #2:
HW:  [32m OK [0m
NW:  [32m OK [0m
SHW: [32m OK [0m
Test #3:
HW:  [32m OK [0m
NW:  [32m OK [0m
SHW: [32m OK [0m
Test #4:
HW:  [32m OK [0m
NW:  [32m OK [0m
SHW: [32m OK [0m
Test #5:
HW:  [32m OK [0m
NW:  [32m OK [0m
SHW: [32m OK [0m
Test #6:
HW:  [32m OK [0m
NW:  [32m OK [0m
SHW: [32m OK [0m
Test #7:
HW:  [32m OK [0m
NW:  [32m OK [0m
SHW: [32m OK [0m
Test #8:
HW:  [32m OK [0m
NW:  [32m OK [0m
SHW: [32m OK [0m
Test #9:
HW:  [32m OK [0m
NW:  [32m OK [0m
SHW: [32m OK [0m
Test #10:
HW:  [32m OK [0m
NW:  [32m OK [0m
SHW: [32m OK [0m
Test #11:
[32mOK[0m
Test #12:
[32mOK[0m
Test #13:
[32mOK[0m
Test #14:
[32mOK[0m
Test #15:
[32mOK[0m
Test #16:
Cigar extended: [32mOK[0m
Cigar standard: [32mOK[0m
Test #17:
Degenerate nucleotides (HW): [32mOK[0m
All specific tests passed!
make[1]: Leaving directory '/<<PKGBUILDDIR>>'
   create-stamp debian/debhelper-build-stamp
 fakeroot debian/rules binary-arch
dh binary-arch --with python3
   dh_testroot -a
   dh_prep -a
   debian/rules override_dh_auto_install
make[1]: Entering directory '/<<PKGBUILDDIR>>'
dh_auto_install --buildsystem=cmake
	cd obj-x86_64-linux-gnu && make -j4 install DESTDIR=/<<PKGBUILDDIR>>/debian/tmp AM_UPDATE_INFO_DIR=no "INSTALL=install --strip-program=true"
make[2]: Entering directory '/<<PKGBUILDDIR>>/obj-x86_64-linux-gnu'
/usr/bin/cmake -S/<<PKGBUILDDIR>> -B/<<PKGBUILDDIR>>/obj-x86_64-linux-gnu --check-build-system CMakeFiles/Makefile.cmake 0
/usr/bin/cmake -E cmake_progress_start /<<PKGBUILDDIR>>/obj-x86_64-linux-gnu/CMakeFiles /<<PKGBUILDDIR>>/obj-x86_64-linux-gnu/CMakeFiles/progress.marks
make -f CMakeFiles/Makefile2 all
make[3]: Entering directory '/<<PKGBUILDDIR>>/obj-x86_64-linux-gnu'
make -f CMakeFiles/edlib_static.dir/build.make CMakeFiles/edlib_static.dir/depend
make -f CMakeFiles/edlib.dir/build.make CMakeFiles/edlib.dir/depend
make[4]: Entering directory '/<<PKGBUILDDIR>>/obj-x86_64-linux-gnu'
cd /<<PKGBUILDDIR>>/obj-x86_64-linux-gnu && /usr/bin/cmake -E cmake_depends "Unix Makefiles" /<<PKGBUILDDIR>> /<<PKGBUILDDIR>> /<<PKGBUILDDIR>>/obj-x86_64-linux-gnu /<<PKGBUILDDIR>>/obj-x86_64-linux-gnu /<<PKGBUILDDIR>>/obj-x86_64-linux-gnu/CMakeFiles/edlib_static.dir/DependInfo.cmake --color=
make[4]: Entering directory '/<<PKGBUILDDIR>>/obj-x86_64-linux-gnu'
cd /<<PKGBUILDDIR>>/obj-x86_64-linux-gnu && /usr/bin/cmake -E cmake_depends "Unix Makefiles" /<<PKGBUILDDIR>> /<<PKGBUILDDIR>> /<<PKGBUILDDIR>>/obj-x86_64-linux-gnu /<<PKGBUILDDIR>>/obj-x86_64-linux-gnu /<<PKGBUILDDIR>>/obj-x86_64-linux-gnu/CMakeFiles/edlib.dir/DependInfo.cmake --color=
make[4]: Leaving directory '/<<PKGBUILDDIR>>/obj-x86_64-linux-gnu'
make -f CMakeFiles/edlib_static.dir/build.make CMakeFiles/edlib_static.dir/build
make[4]: Leaving directory '/<<PKGBUILDDIR>>/obj-x86_64-linux-gnu'
make -f CMakeFiles/edlib.dir/build.make CMakeFiles/edlib.dir/build
make[4]: Entering directory '/<<PKGBUILDDIR>>/obj-x86_64-linux-gnu'
make[4]: Nothing to be done for 'CMakeFiles/edlib_static.dir/build'.
make[4]: Leaving directory '/<<PKGBUILDDIR>>/obj-x86_64-linux-gnu'
make[4]: Entering directory '/<<PKGBUILDDIR>>/obj-x86_64-linux-gnu'
make[4]: Nothing to be done for 'CMakeFiles/edlib.dir/build'.
make[4]: Leaving directory '/<<PKGBUILDDIR>>/obj-x86_64-linux-gnu'
[ 50%] Built target edlib_static
[ 50%] Built target edlib
make -f CMakeFiles/runTests.dir/build.make CMakeFiles/runTests.dir/depend
make -f CMakeFiles/edlib-aligner.dir/build.make CMakeFiles/edlib-aligner.dir/depend
make[4]: Entering directory '/<<PKGBUILDDIR>>/obj-x86_64-linux-gnu'
cd /<<PKGBUILDDIR>>/obj-x86_64-linux-gnu && /usr/bin/cmake -E cmake_depends "Unix Makefiles" /<<PKGBUILDDIR>> /<<PKGBUILDDIR>> /<<PKGBUILDDIR>>/obj-x86_64-linux-gnu /<<PKGBUILDDIR>>/obj-x86_64-linux-gnu /<<PKGBUILDDIR>>/obj-x86_64-linux-gnu/CMakeFiles/runTests.dir/DependInfo.cmake --color=
make[4]: Entering directory '/<<PKGBUILDDIR>>/obj-x86_64-linux-gnu'
cd /<<PKGBUILDDIR>>/obj-x86_64-linux-gnu && /usr/bin/cmake -E cmake_depends "Unix Makefiles" /<<PKGBUILDDIR>> /<<PKGBUILDDIR>> /<<PKGBUILDDIR>>/obj-x86_64-linux-gnu /<<PKGBUILDDIR>>/obj-x86_64-linux-gnu /<<PKGBUILDDIR>>/obj-x86_64-linux-gnu/CMakeFiles/edlib-aligner.dir/DependInfo.cmake --color=
make[4]: Leaving directory '/<<PKGBUILDDIR>>/obj-x86_64-linux-gnu'
make -f CMakeFiles/runTests.dir/build.make CMakeFiles/runTests.dir/build
make[4]: Leaving directory '/<<PKGBUILDDIR>>/obj-x86_64-linux-gnu'
make -f CMakeFiles/edlib-aligner.dir/build.make CMakeFiles/edlib-aligner.dir/build
make[4]: Entering directory '/<<PKGBUILDDIR>>/obj-x86_64-linux-gnu'
make[4]: Nothing to be done for 'CMakeFiles/runTests.dir/build'.
make[4]: Leaving directory '/<<PKGBUILDDIR>>/obj-x86_64-linux-gnu'
make[4]: Entering directory '/<<PKGBUILDDIR>>/obj-x86_64-linux-gnu'
make[4]: Nothing to be done for 'CMakeFiles/edlib-aligner.dir/build'.
make[4]: Leaving directory '/<<PKGBUILDDIR>>/obj-x86_64-linux-gnu'
[100%] Built target runTests
[100%] Built target edlib-aligner
make[3]: Leaving directory '/<<PKGBUILDDIR>>/obj-x86_64-linux-gnu'
/usr/bin/cmake -E cmake_progress_start /<<PKGBUILDDIR>>/obj-x86_64-linux-gnu/CMakeFiles 0
make -f CMakeFiles/Makefile2 preinstall
make[3]: Entering directory '/<<PKGBUILDDIR>>/obj-x86_64-linux-gnu'
make[3]: Nothing to be done for 'preinstall'.
make[3]: Leaving directory '/<<PKGBUILDDIR>>/obj-x86_64-linux-gnu'
Install the project...
/usr/bin/cmake -P cmake_install.cmake
-- Install configuration: "Release"
-- Installing: /<<PKGBUILDDIR>>/debian/tmp/usr/lib/libedlib.so.1.2.3
-- Installing: /<<PKGBUILDDIR>>/debian/tmp/usr/lib/libedlib.so.0
-- Installing: /<<PKGBUILDDIR>>/debian/tmp/usr/lib/libedlib.so
-- Installing: /<<PKGBUILDDIR>>/debian/tmp/usr/lib/libedlib_static.a
-- Installing: /<<PKGBUILDDIR>>/debian/tmp/usr/include/edlib.h
make[2]: Leaving directory '/<<PKGBUILDDIR>>/obj-x86_64-linux-gnu'
dh_auto_install --buildsystem=pybuild -- --dir bindings/python
I: pybuild base:217: /usr/bin/python3 setup.py install --root /<<PKGBUILDDIR>>/debian/python3-edlib 
running install
running build
running build_ext
running install_lib
creating /<<PKGBUILDDIR>>/debian/python3-edlib
creating /<<PKGBUILDDIR>>/debian/python3-edlib/usr
creating /<<PKGBUILDDIR>>/debian/python3-edlib/usr/lib
creating /<<PKGBUILDDIR>>/debian/python3-edlib/usr/lib/python3.7
creating /<<PKGBUILDDIR>>/debian/python3-edlib/usr/lib/python3.7/dist-packages
copying /<<PKGBUILDDIR>>/.pybuild/cpython3_3.7_edlib/build/edlib.cpython-37m-x86_64-linux-gnu.so -> /<<PKGBUILDDIR>>/debian/python3-edlib/usr/lib/python3.7/dist-packages
running install_egg_info
running egg_info
creating edlib.egg-info
writing edlib.egg-info/PKG-INFO
writing dependency_links to edlib.egg-info/dependency_links.txt
writing top-level names to edlib.egg-info/top_level.txt
writing manifest file 'edlib.egg-info/SOURCES.txt'
reading manifest file 'edlib.egg-info/SOURCES.txt'
reading manifest template 'MANIFEST.in'
writing manifest file 'edlib.egg-info/SOURCES.txt'
Copying edlib.egg-info to /<<PKGBUILDDIR>>/debian/python3-edlib/usr/lib/python3.7/dist-packages/edlib-1.2.2.egg-info
Skipping SOURCES.txt
running install_scripts
make[1]: Leaving directory '/<<PKGBUILDDIR>>'
   debian/rules override_dh_install
make[1]: Entering directory '/<<PKGBUILDDIR>>'
dh_install
file-rename 's/_static\.a/.a/' `find debian -name libedlib_static.a`
d-shlibmove --commit \
	    --multiarch \
	    --devunversioned \
	    --exclude-la \
	    --movedev debian/tmp/usr/include/* usr/include \
	    debian/tmp/usr/lib/*.so
Library package automatic movement utility
set -e
install -d -m 755 debian/libedlib-dev/usr/lib/x86_64-linux-gnu
install -d -m 755 debian/libedlib0/usr/lib/x86_64-linux-gnu
mv debian/tmp/usr/lib/libedlib.a debian/libedlib-dev/usr/lib/x86_64-linux-gnu
mv debian/tmp/usr/lib/libedlib.so debian/libedlib-dev/usr/lib/x86_64-linux-gnu
mv /<<PKGBUILDDIR>>/debian/tmp/usr/lib/libedlib.so.0 debian/libedlib0/usr/lib/x86_64-linux-gnu
mv /<<PKGBUILDDIR>>/debian/tmp/usr/lib/libedlib.so.1.2.3 debian/libedlib0/usr/lib/x86_64-linux-gnu
PKGDEV=libedlib-dev
PKGSHL=libedlib0
install -d -m 755 debian/libedlib-dev/usr/include
mv debian/tmp/usr/include/edlib.h debian/libedlib-dev/usr/include
make[1]: Leaving directory '/<<PKGBUILDDIR>>'
   dh_installdocs -a
   dh_installchangelogs -a
   dh_installexamples -a
   dh_installman -a
   dh_python3 -a
   dh_perl -a
   dh_link -a
   dh_strip_nondeterminism -a
   dh_compress -a
   dh_fixperms -a
   dh_missing -a
   dh_strip -a
   dh_makeshlibs -a
dpkg-gensymbols: error: some symbols or patterns disappeared in the symbols file: see diff output below
dpkg-gensymbols: warning: debian/libedlib0/DEBIAN/symbols doesn't match completely debian/libedlib0.symbols
--- debian/libedlib0.symbols (libedlib0_1.2.3-5_amd64)
+++ dpkg-gensymbolsCN4Vyy	2019-01-01 09:43:14.166662846 +0000
@@ -1,8 +1,8 @@
 libedlib.so.0 libedlib0 #MINVER#
- _ZN18EqualityDefinitionC1ERKNSt7__cxx1112basic_stringIcSt11char_traitsIcESaIcEEEPK17EdlibEqualityPairi@Base 1.2.3
- _ZN18EqualityDefinitionC2ERKNSt7__cxx1112basic_stringIcSt11char_traitsIcESaIcEEEPK17EdlibEqualityPairi@Base 1.2.3
- _ZNSt6vectorIcSaIcEE12emplace_backIJcEEEvDpOT_@Base 1.2.3
- _ZNSt6vectorIiSaIiEE17_M_realloc_insertIJiEEEvN9__gnu_cxx17__normal_iteratorIPiS1_EEDpOT_@Base 1.2.3
+#MISSING: 1.2.3-5# _ZN18EqualityDefinitionC1ERKNSt7__cxx1112basic_stringIcSt11char_traitsIcESaIcEEEPK17EdlibEqualityPairi@Base 1.2.3
+#MISSING: 1.2.3-5# _ZN18EqualityDefinitionC2ERKNSt7__cxx1112basic_stringIcSt11char_traitsIcESaIcEEEPK17EdlibEqualityPairi@Base 1.2.3
+#MISSING: 1.2.3-5# _ZNSt6vectorIcSaIcEE12emplace_backIJcEEEvDpOT_@Base 1.2.3
+#MISSING: 1.2.3-5# _ZNSt6vectorIiSaIiEE17_M_realloc_insertIJiEEEvN9__gnu_cxx17__normal_iteratorIPiS1_EEDpOT_@Base 1.2.3
  edlibAlign@Base 1.2.3
  edlibAlignmentToCigar@Base 1.2.3
  edlibDefaultAlignConfig@Base 1.2.3
dh_makeshlibs: failing due to earlier errors
make: *** [debian/rules:12: binary-arch] Error 2
dpkg-buildpackage: error: fakeroot debian/rules binary-arch subprocess returned exit status 2
--------------------------------------------------------------------------------
Build finished at 2019-01-01T09:43:14Z

Finished
--------


+------------------------------------------------------------------------------+
| Cleanup                                                                      |
+------------------------------------------------------------------------------+

Purging /<<BUILDDIR>>
Not cleaning session: cloned chroot in use
E: Build failure (dpkg-buildpackage died)

+------------------------------------------------------------------------------+
| Summary                                                                      |
+------------------------------------------------------------------------------+

Build Architecture: amd64
Build Type: any
Build-Space: 18232
Build-Time: 9
Distribution: unstable
Fail-Stage: build
Host Architecture: amd64
Install-Time: 19
Job: libedlib_1.2.3-5
Machine Architecture: amd64
Package: libedlib
Package-Time: 41
Source-Version: 1.2.3-5
Space: 18232
Status: attempted
Version: 1.2.3-5
--------------------------------------------------------------------------------
Finished at 2019-01-01T09:43:14Z
Build needed 00:00:41, 18232k disk space
E: Build failure (dpkg-buildpackage died)
DC-Status: Failed 41.639009917s
