DC-Build-Header: purify 2.0.0-4 / 2019-01-01 08:53:41 +0000
DC-Task: type:rebuild-binarch-only source:purify version:2.0.0-4 chroot:unstable esttime:388 logfile:/tmp/purify_2.0.0-4_unstable_clang7.log modes:clang7:binarch-only
DC-Sbuild-call: su user42 -c 'sbuild -n --arch-any --apt-update -d unstable -v  --chroot-setup-commands=/tmp/clang7 purify_2.0.0-4'
sbuild (Debian sbuild) 0.73.0 (23 Dec 2016) on ip-172-31-15-157.eu-central-1.compute.internal

+==============================================================================+
| purify 2.0.0-4 (amd64)                       Tue, 01 Jan 2019 08:53:41 +0000 |
+==============================================================================+

Package: purify
Version: 2.0.0-4
Source Version: 2.0.0-4
Distribution: unstable
Machine Architecture: amd64
Host Architecture: amd64
Build Architecture: amd64
Build Type: any

I: NOTICE: Log filtering will replace 'var/run/schroot/mount/sid-amd64-sbuild-d9ed02bb-1b0d-4be1-bdfb-faf88d272b37' with '<<CHROOT>>'

+------------------------------------------------------------------------------+
| Chroot Setup Commands                                                        |
+------------------------------------------------------------------------------+


/tmp/clang7
-----------

+ echo 'Entering customization script...'
Entering customization script...
+ CLANG_VERSION=7
+ echo 'Install of clang-7'
Install of clang-7
+ apt-get update
Get:1 http://127.0.0.1:9999/debian sid InRelease [238 kB]
Get:2 http://127.0.0.1:9999/debian sid/main Sources.diff/Index [27.9 kB]
Get:3 http://127.0.0.1:9999/debian sid/main amd64 Packages.diff/Index [27.9 kB]
Get:4 http://127.0.0.1:9999/debian sid/main Sources 2018-12-31-1417.22.pdiff [16.7 kB]
Get:5 http://127.0.0.1:9999/debian sid/main Sources 2018-12-31-2012.09.pdiff [15.0 kB]
Get:6 http://127.0.0.1:9999/debian sid/main Sources 2019-01-01-0216.00.pdiff [15.3 kB]
Get:6 http://127.0.0.1:9999/debian sid/main Sources 2019-01-01-0216.00.pdiff [15.3 kB]
Get:7 http://127.0.0.1:9999/debian sid/main amd64 Packages 2018-12-31-1417.22.pdiff [12.4 kB]
Get:8 http://127.0.0.1:9999/debian sid/main amd64 Packages 2018-12-31-2012.09.pdiff [12.1 kB]
Get:9 http://127.0.0.1:9999/debian sid/main amd64 Packages 2019-01-01-0216.00.pdiff [7889 B]
Get:9 http://127.0.0.1:9999/debian sid/main amd64 Packages 2019-01-01-0216.00.pdiff [7889 B]
Get:10 http://127.0.0.1:9999/debian sid/main Translation-en [6267 kB]
Fetched 6640 kB in 2s (3461 kB/s)
Reading package lists...
+ apt-get install --yes --no-install-recommends --force-yes clang-7
Reading package lists...
Building dependency tree...
The following additional packages will be installed:
  lib32gcc1 lib32stdc++6 libbsd0 libc6-i386 libclang-common-7-dev libclang1-7
  libedit2 libgc1c2 libllvm7 libobjc-8-dev libobjc4
Suggested packages:
  clang-7-doc
Recommended packages:
  llvm-7-dev python libomp-7-dev
The following NEW packages will be installed:
  clang-7 lib32gcc1 lib32stdc++6 libbsd0 libc6-i386 libclang-common-7-dev
  libclang1-7 libedit2 libgc1c2 libllvm7 libobjc-8-dev libobjc4
0 upgraded, 12 newly installed, 0 to remove and 1 not upgraded.
Need to get 34.1 MB of archives.
After this operation, 183 MB of additional disk space will be used.
Get:1 http://127.0.0.1:9999/debian sid/main amd64 libbsd0 amd64 0.9.1-1 [99.3 kB]
Get:2 http://127.0.0.1:9999/debian sid/main amd64 libedit2 amd64 3.1-20181209-1 [94.0 kB]
Get:3 http://127.0.0.1:9999/debian sid/main amd64 libllvm7 amd64 1:7.0.1-3 [13.0 MB]
Get:4 http://127.0.0.1:9999/debian sid/main amd64 libgc1c2 amd64 1:7.6.4-0.4 [224 kB]
Get:5 http://127.0.0.1:9999/debian sid/main amd64 libobjc4 amd64 8.2.0-13 [50.4 kB]
Get:6 http://127.0.0.1:9999/debian sid/main amd64 libobjc-8-dev amd64 8.2.0-13 [224 kB]
Get:7 http://127.0.0.1:9999/debian sid/main amd64 libc6-i386 amd64 2.28-4 [2873 kB]
Get:8 http://127.0.0.1:9999/debian sid/main amd64 lib32gcc1 amd64 1:8.2.0-13 [47.9 kB]
Get:9 http://127.0.0.1:9999/debian sid/main amd64 lib32stdc++6 amd64 8.2.0-13 [406 kB]
Get:10 http://127.0.0.1:9999/debian sid/main amd64 libclang-common-7-dev amd64 1:7.0.1-3 [3157 kB]
Get:11 http://127.0.0.1:9999/debian sid/main amd64 libclang1-7 amd64 1:7.0.1-3 [5992 kB]
Get:12 http://127.0.0.1:9999/debian sid/main amd64 clang-7 amd64 1:7.0.1-3 [7890 kB]
debconf: delaying package configuration, since apt-utils is not installed
Fetched 34.1 MB in 0s (96.8 MB/s)
Selecting previously unselected package libbsd0:amd64.
(Reading database ... (Reading database ... 5%(Reading database ... 10%(Reading database ... 15%(Reading database ... 20%(Reading database ... 25%(Reading database ... 30%(Reading database ... 35%(Reading database ... 40%(Reading database ... 45%(Reading database ... 50%(Reading database ... 55%(Reading database ... 60%(Reading database ... 65%(Reading database ... 70%(Reading database ... 75%(Reading database ... 80%(Reading database ... 85%(Reading database ... 90%(Reading database ... 95%(Reading database ... 100%(Reading database ... 11801 files and directories currently installed.)
Preparing to unpack .../00-libbsd0_0.9.1-1_amd64.deb ...
Unpacking libbsd0:amd64 (0.9.1-1) ...
Selecting previously unselected package libedit2:amd64.
Preparing to unpack .../01-libedit2_3.1-20181209-1_amd64.deb ...
Unpacking libedit2:amd64 (3.1-20181209-1) ...
Selecting previously unselected package libllvm7:amd64.
Preparing to unpack .../02-libllvm7_1%3a7.0.1-3_amd64.deb ...
Unpacking libllvm7:amd64 (1:7.0.1-3) ...
Selecting previously unselected package libgc1c2:amd64.
Preparing to unpack .../03-libgc1c2_1%3a7.6.4-0.4_amd64.deb ...
Unpacking libgc1c2:amd64 (1:7.6.4-0.4) ...
Selecting previously unselected package libobjc4:amd64.
Preparing to unpack .../04-libobjc4_8.2.0-13_amd64.deb ...
Unpacking libobjc4:amd64 (8.2.0-13) ...
Selecting previously unselected package libobjc-8-dev:amd64.
Preparing to unpack .../05-libobjc-8-dev_8.2.0-13_amd64.deb ...
Unpacking libobjc-8-dev:amd64 (8.2.0-13) ...
Selecting previously unselected package libc6-i386.
Preparing to unpack .../06-libc6-i386_2.28-4_amd64.deb ...
Unpacking libc6-i386 (2.28-4) ...
Selecting previously unselected package lib32gcc1.
Preparing to unpack .../07-lib32gcc1_1%3a8.2.0-13_amd64.deb ...
Unpacking lib32gcc1 (1:8.2.0-13) ...
Selecting previously unselected package lib32stdc++6.
Preparing to unpack .../08-lib32stdc++6_8.2.0-13_amd64.deb ...
Unpacking lib32stdc++6 (8.2.0-13) ...
Selecting previously unselected package libclang-common-7-dev.
Preparing to unpack .../09-libclang-common-7-dev_1%3a7.0.1-3_amd64.deb ...
Unpacking libclang-common-7-dev (1:7.0.1-3) ...
Selecting previously unselected package libclang1-7:amd64.
Preparing to unpack .../10-libclang1-7_1%3a7.0.1-3_amd64.deb ...
Unpacking libclang1-7:amd64 (1:7.0.1-3) ...
Selecting previously unselected package clang-7.
Preparing to unpack .../11-clang-7_1%3a7.0.1-3_amd64.deb ...
Unpacking clang-7 (1:7.0.1-3) ...
Setting up libgc1c2:amd64 (1:7.6.4-0.4) ...
Setting up libc6-i386 (2.28-4) ...
Setting up libbsd0:amd64 (0.9.1-1) ...
Processing triggers for libc-bin (2.28-4) ...
Setting up lib32gcc1 (1:8.2.0-13) ...
Setting up libedit2:amd64 (3.1-20181209-1) ...
Setting up libobjc4:amd64 (8.2.0-13) ...
Setting up libobjc-8-dev:amd64 (8.2.0-13) ...
Setting up libllvm7:amd64 (1:7.0.1-3) ...
Setting up libclang1-7:amd64 (1:7.0.1-3) ...
Setting up lib32stdc++6 (8.2.0-13) ...
Setting up libclang-common-7-dev (1:7.0.1-3) ...
Setting up clang-7 (1:7.0.1-3) ...
Processing triggers for libc-bin (2.28-4) ...
W: --force-yes is deprecated, use one of the options starting with --allow instead.
+ echo 'Replace gcc, g++ & cpp by clang'
Replace gcc, g++ & cpp by clang
+ VERSIONS='4.6 4.7 4.8 4.9 5 6 7 8'
+ cd /usr/bin
+ for VERSION in $VERSIONS
+ rm -f g++-4.6 gcc-4.6 cpp-4.6 gcc
+ ln -s clang++-7 g++-4.6
+ ln -s clang-7 gcc-4.6
+ ln -s clang-7 cpp-4.6
+ ln -s clang-7 gcc
+ echo 'gcc-4.6 hold'
+ dpkg --set-selections
dpkg: warning: package not in status nor available database at line 1: gcc-4.6
dpkg: warning: found unknown packages; this might mean the available database
is outdated, and needs to be updated through a frontend method;
please see the FAQ <https://wiki.debian.org/Teams/Dpkg/FAQ>
+ echo 'g++-4.6 hold'
+ dpkg --set-selections
dpkg: warning: package not in status nor available database at line 1: g++-4.6
dpkg: warning: found unknown packages; this might mean the available database
is outdated, and needs to be updated through a frontend method;
please see the FAQ <https://wiki.debian.org/Teams/Dpkg/FAQ>
+ for VERSION in $VERSIONS
+ rm -f g++-4.7 gcc-4.7 cpp-4.7 gcc
+ ln -s clang++-7 g++-4.7
+ ln -s clang-7 gcc-4.7
+ ln -s clang-7 cpp-4.7
+ ln -s clang-7 gcc
+ echo 'gcc-4.7 hold'
+ dpkg --set-selections
dpkg: warning: package not in status nor available database at line 1: gcc-4.7
dpkg: warning: found unknown packages; this might mean the available database
is outdated, and needs to be updated through a frontend method;
please see the FAQ <https://wiki.debian.org/Teams/Dpkg/FAQ>
+ echo 'g++-4.7 hold'
+ dpkg --set-selections
dpkg: warning: package not in status nor available database at line 1: g++-4.7
dpkg: warning: found unknown packages; this might mean the available database
is outdated, and needs to be updated through a frontend method;
please see the FAQ <https://wiki.debian.org/Teams/Dpkg/FAQ>
+ for VERSION in $VERSIONS
+ rm -f g++-4.8 gcc-4.8 cpp-4.8 gcc
+ ln -s clang++-7 g++-4.8
+ ln -s clang-7 gcc-4.8
+ ln -s clang-7 cpp-4.8
+ ln -s clang-7 gcc
+ echo 'gcc-4.8 hold'
+ dpkg --set-selections
dpkg: warning: package not in status nor available database at line 1: gcc-4.8
dpkg: warning: found unknown packages; this might mean the available database
is outdated, and needs to be updated through a frontend method;
please see the FAQ <https://wiki.debian.org/Teams/Dpkg/FAQ>
+ echo 'g++-4.8 hold'
+ dpkg --set-selections
dpkg: warning: package not in status nor available database at line 1: g++-4.8
dpkg: warning: found unknown packages; this might mean the available database
is outdated, and needs to be updated through a frontend method;
please see the FAQ <https://wiki.debian.org/Teams/Dpkg/FAQ>
+ for VERSION in $VERSIONS
+ rm -f g++-4.9 gcc-4.9 cpp-4.9 gcc
+ ln -s clang++-7 g++-4.9
+ ln -s clang-7 gcc-4.9
+ ln -s clang-7 cpp-4.9
+ ln -s clang-7 gcc
+ echo 'gcc-4.9 hold'
+ dpkg --set-selections
dpkg: warning: package not in status nor available database at line 1: gcc-4.9
dpkg: warning: found unknown packages; this might mean the available database
is outdated, and needs to be updated through a frontend method;
please see the FAQ <https://wiki.debian.org/Teams/Dpkg/FAQ>
+ echo 'g++-4.9 hold'
+ dpkg --set-selections
dpkg: warning: package not in status nor available database at line 1: g++-4.9
dpkg: warning: found unknown packages; this might mean the available database
is outdated, and needs to be updated through a frontend method;
please see the FAQ <https://wiki.debian.org/Teams/Dpkg/FAQ>
+ for VERSION in $VERSIONS
+ rm -f g++-5 gcc-5 cpp-5 gcc
+ ln -s clang++-7 g++-5
+ ln -s clang-7 gcc-5
+ ln -s clang-7 cpp-5
+ ln -s clang-7 gcc
+ echo 'gcc-5 hold'
+ dpkg --set-selections
dpkg: warning: package not in status nor available database at line 1: gcc-5
dpkg: warning: found unknown packages; this might mean the available database
is outdated, and needs to be updated through a frontend method;
please see the FAQ <https://wiki.debian.org/Teams/Dpkg/FAQ>
+ echo 'g++-5 hold'
+ dpkg --set-selections
dpkg: warning: package not in status nor available database at line 1: g++-5
dpkg: warning: found unknown packages; this might mean the available database
is outdated, and needs to be updated through a frontend method;
please see the FAQ <https://wiki.debian.org/Teams/Dpkg/FAQ>
+ for VERSION in $VERSIONS
+ rm -f g++-6 gcc-6 cpp-6 gcc
+ ln -s clang++-7 g++-6
+ ln -s clang-7 gcc-6
+ ln -s clang-7 cpp-6
+ ln -s clang-7 gcc
+ echo 'gcc-6 hold'
+ dpkg --set-selections
dpkg: warning: package not in status nor available database at line 1: gcc-6
dpkg: warning: found unknown packages; this might mean the available database
is outdated, and needs to be updated through a frontend method;
please see the FAQ <https://wiki.debian.org/Teams/Dpkg/FAQ>
+ echo 'g++-6 hold'
+ dpkg --set-selections
dpkg: warning: package not in status nor available database at line 1: g++-6
dpkg: warning: found unknown packages; this might mean the available database
is outdated, and needs to be updated through a frontend method;
please see the FAQ <https://wiki.debian.org/Teams/Dpkg/FAQ>
+ for VERSION in $VERSIONS
+ rm -f g++-7 gcc-7 cpp-7 gcc
+ ln -s clang++-7 g++-7
+ ln -s clang-7 gcc-7
+ ln -s clang-7 cpp-7
+ ln -s clang-7 gcc
+ echo 'gcc-7 hold'
+ dpkg --set-selections
dpkg: warning: package not in status nor available database at line 1: gcc-7
dpkg: warning: found unknown packages; this might mean the available database
is outdated, and needs to be updated through a frontend method;
please see the FAQ <https://wiki.debian.org/Teams/Dpkg/FAQ>
+ echo 'g++-7 hold'
+ dpkg --set-selections
dpkg: warning: package not in status nor available database at line 1: g++-7
dpkg: warning: found unknown packages; this might mean the available database
is outdated, and needs to be updated through a frontend method;
please see the FAQ <https://wiki.debian.org/Teams/Dpkg/FAQ>
+ for VERSION in $VERSIONS
+ rm -f g++-8 gcc-8 cpp-8 gcc
+ ln -s clang++-7 g++-8
+ ln -s clang-7 gcc-8
+ ln -s clang-7 cpp-8
+ ln -s clang-7 gcc
+ echo 'gcc-8 hold'
+ dpkg --set-selections
+ echo 'g++-8 hold'
+ dpkg --set-selections
+ cd -
/build/purify-QtxOj2
+ echo 'Check if gcc, g++ & cpp are actually clang'
Check if gcc, g++ & cpp are actually clang
+ gcc --version
+ grep clang
+ cpp --version
+ grep clang
+ g++ --version
+ grep clang

I: Finished running '/tmp/clang7'.

Finished processing commands.
--------------------------------------------------------------------------------

+------------------------------------------------------------------------------+
| Update chroot                                                                |
+------------------------------------------------------------------------------+

Hit:1 http://127.0.0.1:9999/debian sid InRelease
Reading package lists...
Reading package lists...
Building dependency tree...
Reading state information...
Calculating upgrade...
The following packages will be upgraded:
  tzdata
1 upgraded, 0 newly installed, 0 to remove and 0 not upgraded.
Need to get 258 kB of archives.
After this operation, 0 B of additional disk space will be used.
Get:1 http://127.0.0.1:9999/debian sid/main amd64 tzdata all 2018i-1 [258 kB]
debconf: delaying package configuration, since apt-utils is not installed
Fetched 258 kB in 0s (0 B/s)
(Reading database ... (Reading database ... 5%(Reading database ... 10%(Reading database ... 15%(Reading database ... 20%(Reading database ... 25%(Reading database ... 30%(Reading database ... 35%(Reading database ... 40%(Reading database ... 45%(Reading database ... 50%(Reading database ... 55%(Reading database ... 60%(Reading database ... 65%(Reading database ... 70%(Reading database ... 75%(Reading database ... 80%(Reading database ... 85%(Reading database ... 90%(Reading database ... 95%(Reading database ... 100%(Reading database ... 12570 files and directories currently installed.)
Preparing to unpack .../tzdata_2018i-1_all.deb ...
Unpacking tzdata (2018i-1) over (2018h-1) ...
Setting up tzdata (2018i-1) ...

Current default time zone: 'Etc/UTC'
Local time is now:      Tue Jan  1 08:53:53 UTC 2019.
Universal Time is now:  Tue Jan  1 08:53:53 UTC 2019.
Run 'dpkg-reconfigure tzdata' if you wish to change it.


+------------------------------------------------------------------------------+
| Fetch source files                                                           |
+------------------------------------------------------------------------------+


Check APT
---------

Checking available source versions...

Download source files with APT
------------------------------

Reading package lists...
NOTICE: 'purify' packaging is maintained in the 'Git' version control system at:
https://salsa.debian.org/debian-astro-team/purify.git
Please use:
git clone https://salsa.debian.org/debian-astro-team/purify.git
to retrieve the latest (possibly unreleased) updates to the package.
Need to get 39.4 MB of source archives.
Get:1 http://127.0.0.1:9999/debian sid/main purify 2.0.0-4 (dsc) [2201 B]
Get:2 http://127.0.0.1:9999/debian sid/main purify 2.0.0-4 (tar) [39.4 MB]
Get:3 http://127.0.0.1:9999/debian sid/main purify 2.0.0-4 (diff) [18.8 kB]
Fetched 39.4 MB in 1s (41.1 MB/s)
Download complete and in download only mode
I: NOTICE: Log filtering will replace 'build/purify-QtxOj2/purify-2.0.0' with '<<PKGBUILDDIR>>'
I: NOTICE: Log filtering will replace 'build/purify-QtxOj2' with '<<BUILDDIR>>'

+------------------------------------------------------------------------------+
| Install build-essential                                                      |
+------------------------------------------------------------------------------+


Setup apt archive
-----------------

Merged Build-Depends: build-essential, fakeroot
Filtered Build-Depends: build-essential, fakeroot
dpkg-deb: building package 'sbuild-build-depends-core-dummy' in '/<<BUILDDIR>>/resolver-29CNwn/apt_archive/sbuild-build-depends-core-dummy.deb'.
dpkg-scanpackages: warning: Packages in archive but missing from override file:
dpkg-scanpackages: warning:   sbuild-build-depends-core-dummy
dpkg-scanpackages: info: Wrote 1 entries to output Packages file.
Ign:1 copy:/<<BUILDDIR>>/resolver-29CNwn/apt_archive ./ InRelease
Get:2 copy:/<<BUILDDIR>>/resolver-29CNwn/apt_archive ./ Release [957 B]
Ign:3 copy:/<<BUILDDIR>>/resolver-29CNwn/apt_archive ./ Release.gpg
Get:4 copy:/<<BUILDDIR>>/resolver-29CNwn/apt_archive ./ Sources [349 B]
Get:5 copy:/<<BUILDDIR>>/resolver-29CNwn/apt_archive ./ Packages [432 B]
Fetched 1738 B in 0s (0 B/s)
Reading package lists...
Reading package lists...

Install core build dependencies (apt-based resolver)
----------------------------------------------------

Installing build dependencies
Reading package lists...
Building dependency tree...
Reading state information...
The following NEW packages will be installed:
  sbuild-build-depends-core-dummy
0 upgraded, 1 newly installed, 0 to remove and 0 not upgraded.
Need to get 856 B of archives.
After this operation, 0 B of additional disk space will be used.
Get:1 copy:/<<BUILDDIR>>/resolver-29CNwn/apt_archive ./ sbuild-build-depends-core-dummy 0.invalid.0 [856 B]
debconf: delaying package configuration, since apt-utils is not installed
Fetched 856 B in 0s (0 B/s)
Selecting previously unselected package sbuild-build-depends-core-dummy.
(Reading database ... 12570 files and directories currently installed.)
Preparing to unpack .../sbuild-build-depends-core-dummy_0.invalid.0_amd64.deb ...
Unpacking sbuild-build-depends-core-dummy (0.invalid.0) ...
Setting up sbuild-build-depends-core-dummy (0.invalid.0) ...

+------------------------------------------------------------------------------+
| Check architectures                                                          |
+------------------------------------------------------------------------------+

Arch check ok (amd64 included in any)

+------------------------------------------------------------------------------+
| Install package build dependencies                                           |
+------------------------------------------------------------------------------+


Setup apt archive
-----------------

Merged Build-Depends: casacore-dev, catch, cmake, debhelper (>= 11), libblas-dev, libboost-dev, libccfits-dev, libeigen3-dev, libfftw3-dev, libsopt-dev, libspdlog-dev, libtiff5-dev
Filtered Build-Depends: casacore-dev, catch, cmake, debhelper (>= 11), libblas-dev, libboost-dev, libccfits-dev, libeigen3-dev, libfftw3-dev, libsopt-dev, libspdlog-dev, libtiff5-dev
dpkg-deb: building package 'sbuild-build-depends-purify-dummy' in '/<<BUILDDIR>>/resolver-29CNwn/apt_archive/sbuild-build-depends-purify-dummy.deb'.
dpkg-scanpackages: warning: Packages in archive but missing from override file:
dpkg-scanpackages: warning:   sbuild-build-depends-core-dummy sbuild-build-depends-purify-dummy
dpkg-scanpackages: info: Wrote 2 entries to output Packages file.
Ign:1 copy:/<<BUILDDIR>>/resolver-29CNwn/apt_archive ./ InRelease
Get:2 copy:/<<BUILDDIR>>/resolver-29CNwn/apt_archive ./ Release [963 B]
Ign:3 copy:/<<BUILDDIR>>/resolver-29CNwn/apt_archive ./ Release.gpg
Get:4 copy:/<<BUILDDIR>>/resolver-29CNwn/apt_archive ./ Sources [549 B]
Get:5 copy:/<<BUILDDIR>>/resolver-29CNwn/apt_archive ./ Packages [631 B]
Fetched 2143 B in 0s (0 B/s)
Reading package lists...
Reading package lists...

Install purify build dependencies (apt-based resolver)
------------------------------------------------------

Installing build dependencies
Reading package lists...
Building dependency tree...
Reading state information...
The following additional packages will be installed:
  autoconf automake autopoint autotools-dev bsdmainutils casacore-dev catch
  cmake cmake-data debhelper dh-autoreconf dh-strip-nondeterminism dwz file
  gettext gettext-base groff-base intltool-debian libarchive-zip-perl
  libarchive13 libblas-dev libblas3 libboost-dev libboost-python1.67.0
  libboost1.67-dev libcasa-casa3 libcasa-coordinates3 libcasa-derivedmscal3
  libcasa-fits3 libcasa-images3 libcasa-lattices3 libcasa-meas3
  libcasa-measures3 libcasa-mirlib3 libcasa-ms3 libcasa-msfits3
  libcasa-python3 libcasa-scimath-f3 libcasa-scimath3 libcasa-tables3
  libccfits-dev libccfits0v5 libcfitsio-dev libcfitsio7 libcroco3
  libcurl3-gnutls libcurl4 libeigen3-dev libelf1 libexpat1 libfftw3-bin
  libfftw3-dev libfftw3-double3 libfftw3-long3 libfftw3-quad3 libfftw3-single3
  libfile-stripnondeterminism-perl libgfortran5 libglib2.0-0 libgssapi-krb5-2
  libicu63 libjbig-dev libjbig0 libjpeg-dev libjpeg62-turbo
  libjpeg62-turbo-dev libjsoncpp1 libk5crypto3 libkeyutils1 libkrb5-3
  libkrb5support0 liblapack3 libldap-2.4-2 libldap-common liblzma-dev
  libmagic-mgc libmagic1 libncurses6 libnghttp2-14 libpipeline1 libprocps7
  libpsl5 libpython2.7 libpython2.7-minimal libpython2.7-stdlib libreadline7
  librhash0 librtmp1 libsasl2-2 libsasl2-modules-db libsigsegv2 libsopt-dev
  libsopt2.0 libspdlog-dev libsqlite3-0 libssh2-1 libssl1.1 libtiff-dev
  libtiff5 libtiff5-dev libtiffxx5 libtool libuchardet0 libuv1 libwcs6
  libwebp6 libxml2 lsb-base m4 man-db mime-support pkg-config po-debconf
  procps readline-common sensible-utils zlib1g-dev
Suggested packages:
  autoconf-archive gnu-standards autoconf-doc wamerican | wordlist whois
  vacation cmake-doc ninja-build dh-make gettext-doc libasprintf-dev
  libgettextpo-dev groff lrzip liblapack-doc libboost-doc python python3
  libboost1.67-doc libboost-atomic1.67-dev libboost-chrono1.67-dev
  libboost-container1.67-dev libboost-context1.67-dev
  libboost-coroutine1.67-dev libboost-date-time1.67-dev
  libboost-exception1.67-dev libboost-fiber1.67-dev
  libboost-filesystem1.67-dev libboost-graph1.67-dev
  libboost-graph-parallel1.67-dev libboost-iostreams1.67-dev
  libboost-locale1.67-dev libboost-log1.67-dev libboost-math1.67-dev
  libboost-mpi1.67-dev libboost-mpi-python1.67-dev libboost-numpy1.67-dev
  libboost-program-options1.67-dev libboost-python1.67-dev
  libboost-random1.67-dev libboost-regex1.67-dev
  libboost-serialization1.67-dev libboost-signals1.67-dev
  libboost-stacktrace1.67-dev libboost-system1.67-dev libboost-test1.67-dev
  libboost-thread1.67-dev libboost-timer1.67-dev libboost-type-erasure1.67-dev
  libboost-wave1.67-dev libboost1.67-tools-dev libmpfrc++-dev libntl-dev
  libeigen3-doc libfftw3-doc krb5-doc krb5-user liblzma-doc libtool-doc
  gfortran | fortran95-compiler gcj-jdk m4-doc apparmor less www-browser
  libmail-box-perl readline-doc
Recommended packages:
  curl | wget | lynx casacore-data libcfitsio-doc ca-certificates
  libarchive-cpio-perl libglib2.0-data shared-mime-info xdg-user-dirs
  krb5-locales libgpm2 publicsuffix libsasl2-modules libltdl-dev
  libmail-sendmail-perl psmisc
The following NEW packages will be installed:
  autoconf automake autopoint autotools-dev bsdmainutils casacore-dev catch
  cmake cmake-data debhelper dh-autoreconf dh-strip-nondeterminism dwz file
  gettext gettext-base groff-base intltool-debian libarchive-zip-perl
  libarchive13 libblas-dev libblas3 libboost-dev libboost-python1.67.0
  libboost1.67-dev libcasa-casa3 libcasa-coordinates3 libcasa-derivedmscal3
  libcasa-fits3 libcasa-images3 libcasa-lattices3 libcasa-meas3
  libcasa-measures3 libcasa-mirlib3 libcasa-ms3 libcasa-msfits3
  libcasa-python3 libcasa-scimath-f3 libcasa-scimath3 libcasa-tables3
  libccfits-dev libccfits0v5 libcfitsio-dev libcfitsio7 libcroco3
  libcurl3-gnutls libcurl4 libeigen3-dev libelf1 libexpat1 libfftw3-bin
  libfftw3-dev libfftw3-double3 libfftw3-long3 libfftw3-quad3 libfftw3-single3
  libfile-stripnondeterminism-perl libgfortran5 libglib2.0-0 libgssapi-krb5-2
  libicu63 libjbig-dev libjbig0 libjpeg-dev libjpeg62-turbo
  libjpeg62-turbo-dev libjsoncpp1 libk5crypto3 libkeyutils1 libkrb5-3
  libkrb5support0 liblapack3 libldap-2.4-2 libldap-common liblzma-dev
  libmagic-mgc libmagic1 libncurses6 libnghttp2-14 libpipeline1 libprocps7
  libpsl5 libpython2.7 libpython2.7-minimal libpython2.7-stdlib libreadline7
  librhash0 librtmp1 libsasl2-2 libsasl2-modules-db libsigsegv2 libsopt-dev
  libsopt2.0 libspdlog-dev libsqlite3-0 libssh2-1 libssl1.1 libtiff-dev
  libtiff5 libtiff5-dev libtiffxx5 libtool libuchardet0 libuv1 libwcs6
  libwebp6 libxml2 lsb-base m4 man-db mime-support pkg-config po-debconf
  procps readline-common sbuild-build-depends-purify-dummy sensible-utils
  zlib1g-dev
0 upgraded, 118 newly installed, 0 to remove and 0 not upgraded.
Need to get 63.5 MB of archives.
After this operation, 362 MB of additional disk space will be used.
Get:1 copy:/<<BUILDDIR>>/resolver-29CNwn/apt_archive ./ sbuild-build-depends-purify-dummy 0.invalid.0 [924 B]
Get:2 http://127.0.0.1:9999/debian sid/main amd64 bsdmainutils amd64 11.1.2+b1 [191 kB]
Get:3 http://127.0.0.1:9999/debian sid/main amd64 libuchardet0 amd64 0.0.6-3 [64.9 kB]
Get:4 http://127.0.0.1:9999/debian sid/main amd64 groff-base amd64 1.22.4-1 [918 kB]
Get:5 http://127.0.0.1:9999/debian sid/main amd64 libpipeline1 amd64 1.5.0-2 [29.5 kB]
Get:6 http://127.0.0.1:9999/debian sid/main amd64 man-db amd64 2.8.4-3 [1194 kB]
Get:7 http://127.0.0.1:9999/debian sid/main amd64 libncurses6 amd64 6.1+20181013-1 [102 kB]
Get:8 http://127.0.0.1:9999/debian sid/main amd64 libprocps7 amd64 2:3.3.15-2 [61.7 kB]
Get:9 http://127.0.0.1:9999/debian sid/main amd64 lsb-base all 10.2018112800 [28.3 kB]
Get:10 http://127.0.0.1:9999/debian sid/main amd64 procps amd64 2:3.3.15-2 [259 kB]
Get:11 http://127.0.0.1:9999/debian sid/main amd64 readline-common all 7.0-5 [70.6 kB]
Get:12 http://127.0.0.1:9999/debian sid/main amd64 sensible-utils all 0.0.12 [15.8 kB]
Get:13 http://127.0.0.1:9999/debian sid/main amd64 libmagic-mgc amd64 1:5.34-2 [239 kB]
Get:14 http://127.0.0.1:9999/debian sid/main amd64 libmagic1 amd64 1:5.34-2 [116 kB]
Get:15 http://127.0.0.1:9999/debian sid/main amd64 file amd64 1:5.34-2 [65.8 kB]
Get:16 http://127.0.0.1:9999/debian sid/main amd64 gettext-base amd64 0.19.8.1-9 [123 kB]
Get:17 http://127.0.0.1:9999/debian sid/main amd64 mime-support all 3.61 [37.1 kB]
Get:18 http://127.0.0.1:9999/debian sid/main amd64 libsigsegv2 amd64 2.12-2 [32.8 kB]
Get:19 http://127.0.0.1:9999/debian sid/main amd64 m4 amd64 1.4.18-2 [203 kB]
Get:20 http://127.0.0.1:9999/debian sid/main amd64 autoconf all 2.69-11 [341 kB]
Get:21 http://127.0.0.1:9999/debian sid/main amd64 autotools-dev all 20180224.1 [77.0 kB]
Get:22 http://127.0.0.1:9999/debian sid/main amd64 automake all 1:1.16.1-4 [771 kB]
Get:23 http://127.0.0.1:9999/debian sid/main amd64 autopoint all 0.19.8.1-9 [434 kB]
Get:24 http://127.0.0.1:9999/debian sid/main amd64 libcasa-casa3 amd64 3.0.0-4 [904 kB]
Get:25 http://127.0.0.1:9999/debian sid/main amd64 libcasa-tables3 amd64 3.0.0-4 [1599 kB]
Get:26 http://127.0.0.1:9999/debian sid/main amd64 libcasa-measures3 amd64 3.0.0-4 [428 kB]
Get:27 http://127.0.0.1:9999/debian sid/main amd64 libkeyutils1 amd64 1.5.9-9.3 [13.0 kB]
Get:28 http://127.0.0.1:9999/debian sid/main amd64 libkrb5support0 amd64 1.16.2-1 [63.3 kB]
Get:29 http://127.0.0.1:9999/debian sid/main amd64 libk5crypto3 amd64 1.16.2-1 [121 kB]
Get:30 http://127.0.0.1:9999/debian sid/main amd64 libkrb5-3 amd64 1.16.2-1 [320 kB]
Get:31 http://127.0.0.1:9999/debian sid/main amd64 libgssapi-krb5-2 amd64 1.16.2-1 [158 kB]
Get:32 http://127.0.0.1:9999/debian sid/main amd64 libsasl2-modules-db amd64 2.1.27~rc8-1 [68.4 kB]
Get:33 http://127.0.0.1:9999/debian sid/main amd64 libsasl2-2 amd64 2.1.27~rc8-1 [105 kB]
Get:34 http://127.0.0.1:9999/debian sid/main amd64 libldap-common all 2.4.47+dfsg-1 [88.8 kB]
Get:35 http://127.0.0.1:9999/debian sid/main amd64 libldap-2.4-2 amd64 2.4.47+dfsg-1 [224 kB]
Get:36 http://127.0.0.1:9999/debian sid/main amd64 libnghttp2-14 amd64 1.35.1-1 [82.2 kB]
Get:37 http://127.0.0.1:9999/debian sid/main amd64 libpsl5 amd64 0.20.2-2 [53.7 kB]
Get:38 http://127.0.0.1:9999/debian sid/main amd64 librtmp1 amd64 2.4+20151223.gitfa8646d.1-2 [60.5 kB]
Get:39 http://127.0.0.1:9999/debian sid/main amd64 libssh2-1 amd64 1.8.0-2 [138 kB]
Get:40 http://127.0.0.1:9999/debian sid/main amd64 libcurl3-gnutls amd64 7.62.0-1 [321 kB]
Get:41 http://127.0.0.1:9999/debian sid/main amd64 libcfitsio7 amd64 3.450-3 [535 kB]
Get:42 http://127.0.0.1:9999/debian sid/main amd64 libcasa-fits3 amd64 3.0.0-4 [316 kB]
Get:43 http://127.0.0.1:9999/debian sid/main amd64 libgfortran5 amd64 8.2.0-13 [581 kB]
Get:44 http://127.0.0.1:9999/debian sid/main amd64 libblas3 amd64 3.8.0-2 [148 kB]
Get:45 http://127.0.0.1:9999/debian sid/main amd64 liblapack3 amd64 3.8.0-2 [2110 kB]
Get:46 http://127.0.0.1:9999/debian sid/main amd64 libwcs6 amd64 6.2-1 [262 kB]
Get:47 http://127.0.0.1:9999/debian sid/main amd64 libcasa-coordinates3 amd64 3.0.0-4 [334 kB]
Get:48 http://127.0.0.1:9999/debian sid/main amd64 libcasa-scimath-f3 amd64 3.0.0-4 [178 kB]
Get:49 http://127.0.0.1:9999/debian sid/main amd64 libfftw3-double3 amd64 3.3.8-2 [733 kB]
Get:50 http://127.0.0.1:9999/debian sid/main amd64 libfftw3-single3 amd64 3.3.8-2 [762 kB]
Get:51 http://127.0.0.1:9999/debian sid/main amd64 libcasa-scimath3 amd64 3.0.0-4 [367 kB]
Get:52 http://127.0.0.1:9999/debian sid/main amd64 libcasa-ms3 amd64 3.0.0-4 [1207 kB]
Get:53 http://127.0.0.1:9999/debian sid/main amd64 libcasa-derivedmscal3 amd64 3.0.0-4 [133 kB]
Get:54 http://127.0.0.1:9999/debian sid/main amd64 libcasa-lattices3 amd64 3.0.0-4 [759 kB]
Get:55 http://127.0.0.1:9999/debian sid/main amd64 libcasa-mirlib3 amd64 3.0.0-4 [67.5 kB]
Get:56 http://127.0.0.1:9999/debian sid/main amd64 libcasa-images3 amd64 3.0.0-4 [738 kB]
Get:57 http://127.0.0.1:9999/debian sid/main amd64 libcasa-meas3 amd64 3.0.0-4 [229 kB]
Get:58 http://127.0.0.1:9999/debian sid/main amd64 libcasa-msfits3 amd64 3.0.0-4 [454 kB]
Get:59 http://127.0.0.1:9999/debian sid/main amd64 libboost-python1.67.0 amd64 1.67.0-11 [329 kB]
Get:60 http://127.0.0.1:9999/debian sid/main amd64 libpython2.7-minimal amd64 2.7.15-5 [394 kB]
Get:61 http://127.0.0.1:9999/debian sid/main amd64 libexpat1 amd64 2.2.6-1 [105 kB]
Get:62 http://127.0.0.1:9999/debian sid/main amd64 libreadline7 amd64 7.0-5 [151 kB]
Get:63 http://127.0.0.1:9999/debian sid/main amd64 libsqlite3-0 amd64 3.26.0+fossilbc891ac6b-1 [634 kB]
Get:64 http://127.0.0.1:9999/debian sid/main amd64 libssl1.1 amd64 1.1.1a-1 [1527 kB]
Get:65 http://127.0.0.1:9999/debian sid/main amd64 libpython2.7-stdlib amd64 2.7.15-5 [1909 kB]
Get:66 http://127.0.0.1:9999/debian sid/main amd64 libpython2.7 amd64 2.7.15-5 [1035 kB]
Get:67 http://127.0.0.1:9999/debian sid/main amd64 libcasa-python3 amd64 3.0.0-4 [65.9 kB]
Get:68 http://127.0.0.1:9999/debian sid/main amd64 casacore-dev amd64 3.0.0-4 [1550 kB]
Get:69 http://127.0.0.1:9999/debian sid/main amd64 catch amd64 1.12.1-1 [114 kB]
Get:70 http://127.0.0.1:9999/debian sid/main amd64 cmake-data all 3.13.2-1 [1476 kB]
Get:71 http://127.0.0.1:9999/debian sid/main amd64 libicu63 amd64 63.1-5 [8293 kB]
Get:72 http://127.0.0.1:9999/debian sid/main amd64 libxml2 amd64 2.9.4+dfsg1-7+b3 [687 kB]
Get:73 http://127.0.0.1:9999/debian sid/main amd64 libarchive13 amd64 3.3.3-2 [314 kB]
Get:74 http://127.0.0.1:9999/debian sid/main amd64 libcurl4 amd64 7.62.0-1 [324 kB]
Get:75 http://127.0.0.1:9999/debian sid/main amd64 libjsoncpp1 amd64 1.7.4-3 [75.6 kB]
Get:76 http://127.0.0.1:9999/debian sid/main amd64 librhash0 amd64 1.3.7-1 [104 kB]
Get:77 http://127.0.0.1:9999/debian sid/main amd64 libuv1 amd64 1.24.0-1 [109 kB]
Get:78 http://127.0.0.1:9999/debian sid/main amd64 cmake amd64 3.13.2-1 [3485 kB]
Get:79 http://127.0.0.1:9999/debian sid/main amd64 libtool all 2.4.6-6 [547 kB]
Get:80 http://127.0.0.1:9999/debian sid/main amd64 dh-autoreconf all 19 [16.9 kB]
Get:81 http://127.0.0.1:9999/debian sid/main amd64 libarchive-zip-perl all 1.64-1 [96.8 kB]
Get:82 http://127.0.0.1:9999/debian sid/main amd64 libfile-stripnondeterminism-perl all 1.0.0-1 [19.5 kB]
Get:83 http://127.0.0.1:9999/debian sid/main amd64 dh-strip-nondeterminism all 1.0.0-1 [12.5 kB]
Get:84 http://127.0.0.1:9999/debian sid/main amd64 libelf1 amd64 0.175-2 [160 kB]
Get:85 http://127.0.0.1:9999/debian sid/main amd64 dwz amd64 0.12-3 [78.0 kB]
Get:86 http://127.0.0.1:9999/debian sid/main amd64 libglib2.0-0 amd64 2.58.1-2 [1223 kB]
Get:87 http://127.0.0.1:9999/debian sid/main amd64 libcroco3 amd64 0.6.12-3 [145 kB]
Get:88 http://127.0.0.1:9999/debian sid/main amd64 gettext amd64 0.19.8.1-9 [1303 kB]
Get:89 http://127.0.0.1:9999/debian sid/main amd64 intltool-debian all 0.35.0+20060710.4 [26.3 kB]
Get:90 http://127.0.0.1:9999/debian sid/main amd64 po-debconf all 1.0.21 [248 kB]
Get:91 http://127.0.0.1:9999/debian sid/main amd64 debhelper all 12 [1002 kB]
Get:92 http://127.0.0.1:9999/debian sid/main amd64 libblas-dev amd64 3.8.0-2 [154 kB]
Get:93 http://127.0.0.1:9999/debian sid/main amd64 libboost1.67-dev amd64 1.67.0-11 [8386 kB]
Get:94 http://127.0.0.1:9999/debian sid/main amd64 libboost-dev amd64 1.67.0.1 [3864 B]
Get:95 http://127.0.0.1:9999/debian sid/main amd64 libccfits0v5 amd64 2.5+dfsg-1+b2 [199 kB]
Get:96 http://127.0.0.1:9999/debian sid/main amd64 libcfitsio-dev amd64 3.450-3 [580 kB]
Get:97 http://127.0.0.1:9999/debian sid/main amd64 libccfits-dev amd64 2.5+dfsg-1+b2 [280 kB]
Get:98 http://127.0.0.1:9999/debian sid/main amd64 pkg-config amd64 0.29-4+b1 [63.3 kB]
Get:99 http://127.0.0.1:9999/debian sid/main amd64 libeigen3-dev all 3.3.7-1 [850 kB]
Get:100 http://127.0.0.1:9999/debian sid/main amd64 libfftw3-long3 amd64 3.3.8-2 [319 kB]
Get:101 http://127.0.0.1:9999/debian sid/main amd64 libfftw3-quad3 amd64 3.3.8-2 [558 kB]
Get:102 http://127.0.0.1:9999/debian sid/main amd64 libfftw3-bin amd64 3.3.8-2 [50.7 kB]
Get:103 http://127.0.0.1:9999/debian sid/main amd64 libfftw3-dev amd64 3.3.8-2 [2106 kB]
Get:104 http://127.0.0.1:9999/debian sid/main amd64 libjbig0 amd64 2.1-3.1+b2 [31.0 kB]
Get:105 http://127.0.0.1:9999/debian sid/main amd64 libjbig-dev amd64 2.1-3.1+b2 [30.5 kB]
Get:106 http://127.0.0.1:9999/debian sid/main amd64 libjpeg62-turbo amd64 1:1.5.2-2+b1 [134 kB]
Get:107 http://127.0.0.1:9999/debian sid/main amd64 libjpeg62-turbo-dev amd64 1:1.5.2-2+b1 [208 kB]
Get:108 http://127.0.0.1:9999/debian sid/main amd64 libjpeg-dev all 1:1.5.2-2 [57.5 kB]
Get:109 http://127.0.0.1:9999/debian sid/main amd64 liblzma-dev amd64 5.2.2-1.3 [292 kB]
Get:110 http://127.0.0.1:9999/debian sid/main amd64 libwebp6 amd64 0.6.1-2 [263 kB]
Get:111 http://127.0.0.1:9999/debian sid/main amd64 libtiff5 amd64 4.0.10-3 [257 kB]
Get:112 http://127.0.0.1:9999/debian sid/main amd64 libsopt2.0 amd64 2.0.0-5 [64.4 kB]
Get:113 http://127.0.0.1:9999/debian sid/main amd64 libsopt-dev amd64 2.0.0-5 [32.6 kB]
Get:114 http://127.0.0.1:9999/debian sid/main amd64 libspdlog-dev amd64 1:1.2.1-1 [166 kB]
Get:115 http://127.0.0.1:9999/debian sid/main amd64 libtiffxx5 amd64 4.0.10-3 [107 kB]
Get:116 http://127.0.0.1:9999/debian sid/main amd64 zlib1g-dev amd64 1:1.2.11.dfsg-1 [214 kB]
Get:117 http://127.0.0.1:9999/debian sid/main amd64 libtiff-dev amd64 4.0.10-3 [379 kB]
Get:118 http://127.0.0.1:9999/debian sid/main amd64 libtiff5-dev amd64 4.0.10-3 [104 kB]
debconf: delaying package configuration, since apt-utils is not installed
Fetched 63.5 MB in 5s (13.5 MB/s)
Selecting previously unselected package bsdmainutils.
(Reading database ... 12570 files and directories currently installed.)
Preparing to unpack .../000-bsdmainutils_11.1.2+b1_amd64.deb ...
Unpacking bsdmainutils (11.1.2+b1) ...
Selecting previously unselected package libuchardet0:amd64.
Preparing to unpack .../001-libuchardet0_0.0.6-3_amd64.deb ...
Unpacking libuchardet0:amd64 (0.0.6-3) ...
Selecting previously unselected package groff-base.
Preparing to unpack .../002-groff-base_1.22.4-1_amd64.deb ...
Unpacking groff-base (1.22.4-1) ...
Selecting previously unselected package libpipeline1:amd64.
Preparing to unpack .../003-libpipeline1_1.5.0-2_amd64.deb ...
Unpacking libpipeline1:amd64 (1.5.0-2) ...
Selecting previously unselected package man-db.
Preparing to unpack .../004-man-db_2.8.4-3_amd64.deb ...
Unpacking man-db (2.8.4-3) ...
Selecting previously unselected package libncurses6:amd64.
Preparing to unpack .../005-libncurses6_6.1+20181013-1_amd64.deb ...
Unpacking libncurses6:amd64 (6.1+20181013-1) ...
Selecting previously unselected package libprocps7:amd64.
Preparing to unpack .../006-libprocps7_2%3a3.3.15-2_amd64.deb ...
Unpacking libprocps7:amd64 (2:3.3.15-2) ...
Selecting previously unselected package lsb-base.
Preparing to unpack .../007-lsb-base_10.2018112800_all.deb ...
Unpacking lsb-base (10.2018112800) ...
Selecting previously unselected package procps.
Preparing to unpack .../008-procps_2%3a3.3.15-2_amd64.deb ...
Unpacking procps (2:3.3.15-2) ...
Selecting previously unselected package readline-common.
Preparing to unpack .../009-readline-common_7.0-5_all.deb ...
Unpacking readline-common (7.0-5) ...
Selecting previously unselected package sensible-utils.
Preparing to unpack .../010-sensible-utils_0.0.12_all.deb ...
Unpacking sensible-utils (0.0.12) ...
Selecting previously unselected package libmagic-mgc.
Preparing to unpack .../011-libmagic-mgc_1%3a5.34-2_amd64.deb ...
Unpacking libmagic-mgc (1:5.34-2) ...
Selecting previously unselected package libmagic1:amd64.
Preparing to unpack .../012-libmagic1_1%3a5.34-2_amd64.deb ...
Unpacking libmagic1:amd64 (1:5.34-2) ...
Selecting previously unselected package file.
Preparing to unpack .../013-file_1%3a5.34-2_amd64.deb ...
Unpacking file (1:5.34-2) ...
Selecting previously unselected package gettext-base.
Preparing to unpack .../014-gettext-base_0.19.8.1-9_amd64.deb ...
Unpacking gettext-base (0.19.8.1-9) ...
Selecting previously unselected package mime-support.
Preparing to unpack .../015-mime-support_3.61_all.deb ...
Unpacking mime-support (3.61) ...
Selecting previously unselected package libsigsegv2:amd64.
Preparing to unpack .../016-libsigsegv2_2.12-2_amd64.deb ...
Unpacking libsigsegv2:amd64 (2.12-2) ...
Selecting previously unselected package m4.
Preparing to unpack .../017-m4_1.4.18-2_amd64.deb ...
Unpacking m4 (1.4.18-2) ...
Selecting previously unselected package autoconf.
Preparing to unpack .../018-autoconf_2.69-11_all.deb ...
Unpacking autoconf (2.69-11) ...
Selecting previously unselected package autotools-dev.
Preparing to unpack .../019-autotools-dev_20180224.1_all.deb ...
Unpacking autotools-dev (20180224.1) ...
Selecting previously unselected package automake.
Preparing to unpack .../020-automake_1%3a1.16.1-4_all.deb ...
Unpacking automake (1:1.16.1-4) ...
Selecting previously unselected package autopoint.
Preparing to unpack .../021-autopoint_0.19.8.1-9_all.deb ...
Unpacking autopoint (0.19.8.1-9) ...
Selecting previously unselected package libcasa-casa3:amd64.
Preparing to unpack .../022-libcasa-casa3_3.0.0-4_amd64.deb ...
Unpacking libcasa-casa3:amd64 (3.0.0-4) ...
Selecting previously unselected package libcasa-tables3:amd64.
Preparing to unpack .../023-libcasa-tables3_3.0.0-4_amd64.deb ...
Unpacking libcasa-tables3:amd64 (3.0.0-4) ...
Selecting previously unselected package libcasa-measures3:amd64.
Preparing to unpack .../024-libcasa-measures3_3.0.0-4_amd64.deb ...
Unpacking libcasa-measures3:amd64 (3.0.0-4) ...
Selecting previously unselected package libkeyutils1:amd64.
Preparing to unpack .../025-libkeyutils1_1.5.9-9.3_amd64.deb ...
Unpacking libkeyutils1:amd64 (1.5.9-9.3) ...
Selecting previously unselected package libkrb5support0:amd64.
Preparing to unpack .../026-libkrb5support0_1.16.2-1_amd64.deb ...
Unpacking libkrb5support0:amd64 (1.16.2-1) ...
Selecting previously unselected package libk5crypto3:amd64.
Preparing to unpack .../027-libk5crypto3_1.16.2-1_amd64.deb ...
Unpacking libk5crypto3:amd64 (1.16.2-1) ...
Selecting previously unselected package libkrb5-3:amd64.
Preparing to unpack .../028-libkrb5-3_1.16.2-1_amd64.deb ...
Unpacking libkrb5-3:amd64 (1.16.2-1) ...
Selecting previously unselected package libgssapi-krb5-2:amd64.
Preparing to unpack .../029-libgssapi-krb5-2_1.16.2-1_amd64.deb ...
Unpacking libgssapi-krb5-2:amd64 (1.16.2-1) ...
Selecting previously unselected package libsasl2-modules-db:amd64.
Preparing to unpack .../030-libsasl2-modules-db_2.1.27~rc8-1_amd64.deb ...
Unpacking libsasl2-modules-db:amd64 (2.1.27~rc8-1) ...
Selecting previously unselected package libsasl2-2:amd64.
Preparing to unpack .../031-libsasl2-2_2.1.27~rc8-1_amd64.deb ...
Unpacking libsasl2-2:amd64 (2.1.27~rc8-1) ...
Selecting previously unselected package libldap-common.
Preparing to unpack .../032-libldap-common_2.4.47+dfsg-1_all.deb ...
Unpacking libldap-common (2.4.47+dfsg-1) ...
Selecting previously unselected package libldap-2.4-2:amd64.
Preparing to unpack .../033-libldap-2.4-2_2.4.47+dfsg-1_amd64.deb ...
Unpacking libldap-2.4-2:amd64 (2.4.47+dfsg-1) ...
Selecting previously unselected package libnghttp2-14:amd64.
Preparing to unpack .../034-libnghttp2-14_1.35.1-1_amd64.deb ...
Unpacking libnghttp2-14:amd64 (1.35.1-1) ...
Selecting previously unselected package libpsl5:amd64.
Preparing to unpack .../035-libpsl5_0.20.2-2_amd64.deb ...
Unpacking libpsl5:amd64 (0.20.2-2) ...
Selecting previously unselected package librtmp1:amd64.
Preparing to unpack .../036-librtmp1_2.4+20151223.gitfa8646d.1-2_amd64.deb ...
Unpacking librtmp1:amd64 (2.4+20151223.gitfa8646d.1-2) ...
Selecting previously unselected package libssh2-1:amd64.
Preparing to unpack .../037-libssh2-1_1.8.0-2_amd64.deb ...
Unpacking libssh2-1:amd64 (1.8.0-2) ...
Selecting previously unselected package libcurl3-gnutls:amd64.
Preparing to unpack .../038-libcurl3-gnutls_7.62.0-1_amd64.deb ...
Unpacking libcurl3-gnutls:amd64 (7.62.0-1) ...
Selecting previously unselected package libcfitsio7:amd64.
Preparing to unpack .../039-libcfitsio7_3.450-3_amd64.deb ...
Unpacking libcfitsio7:amd64 (3.450-3) ...
Selecting previously unselected package libcasa-fits3:amd64.
Preparing to unpack .../040-libcasa-fits3_3.0.0-4_amd64.deb ...
Unpacking libcasa-fits3:amd64 (3.0.0-4) ...
Selecting previously unselected package libgfortran5:amd64.
Preparing to unpack .../041-libgfortran5_8.2.0-13_amd64.deb ...
Unpacking libgfortran5:amd64 (8.2.0-13) ...
Selecting previously unselected package libblas3:amd64.
Preparing to unpack .../042-libblas3_3.8.0-2_amd64.deb ...
Unpacking libblas3:amd64 (3.8.0-2) ...
Selecting previously unselected package liblapack3:amd64.
Preparing to unpack .../043-liblapack3_3.8.0-2_amd64.deb ...
Unpacking liblapack3:amd64 (3.8.0-2) ...
Selecting previously unselected package libwcs6:amd64.
Preparing to unpack .../044-libwcs6_6.2-1_amd64.deb ...
Unpacking libwcs6:amd64 (6.2-1) ...
Selecting previously unselected package libcasa-coordinates3:amd64.
Preparing to unpack .../045-libcasa-coordinates3_3.0.0-4_amd64.deb ...
Unpacking libcasa-coordinates3:amd64 (3.0.0-4) ...
Selecting previously unselected package libcasa-scimath-f3:amd64.
Preparing to unpack .../046-libcasa-scimath-f3_3.0.0-4_amd64.deb ...
Unpacking libcasa-scimath-f3:amd64 (3.0.0-4) ...
Selecting previously unselected package libfftw3-double3:amd64.
Preparing to unpack .../047-libfftw3-double3_3.3.8-2_amd64.deb ...
Unpacking libfftw3-double3:amd64 (3.3.8-2) ...
Selecting previously unselected package libfftw3-single3:amd64.
Preparing to unpack .../048-libfftw3-single3_3.3.8-2_amd64.deb ...
Unpacking libfftw3-single3:amd64 (3.3.8-2) ...
Selecting previously unselected package libcasa-scimath3:amd64.
Preparing to unpack .../049-libcasa-scimath3_3.0.0-4_amd64.deb ...
Unpacking libcasa-scimath3:amd64 (3.0.0-4) ...
Selecting previously unselected package libcasa-ms3:amd64.
Preparing to unpack .../050-libcasa-ms3_3.0.0-4_amd64.deb ...
Unpacking libcasa-ms3:amd64 (3.0.0-4) ...
Selecting previously unselected package libcasa-derivedmscal3:amd64.
Preparing to unpack .../051-libcasa-derivedmscal3_3.0.0-4_amd64.deb ...
Unpacking libcasa-derivedmscal3:amd64 (3.0.0-4) ...
Selecting previously unselected package libcasa-lattices3:amd64.
Preparing to unpack .../052-libcasa-lattices3_3.0.0-4_amd64.deb ...
Unpacking libcasa-lattices3:amd64 (3.0.0-4) ...
Selecting previously unselected package libcasa-mirlib3:amd64.
Preparing to unpack .../053-libcasa-mirlib3_3.0.0-4_amd64.deb ...
Unpacking libcasa-mirlib3:amd64 (3.0.0-4) ...
Selecting previously unselected package libcasa-images3:amd64.
Preparing to unpack .../054-libcasa-images3_3.0.0-4_amd64.deb ...
Unpacking libcasa-images3:amd64 (3.0.0-4) ...
Selecting previously unselected package libcasa-meas3:amd64.
Preparing to unpack .../055-libcasa-meas3_3.0.0-4_amd64.deb ...
Unpacking libcasa-meas3:amd64 (3.0.0-4) ...
Selecting previously unselected package libcasa-msfits3:amd64.
Preparing to unpack .../056-libcasa-msfits3_3.0.0-4_amd64.deb ...
Unpacking libcasa-msfits3:amd64 (3.0.0-4) ...
Selecting previously unselected package libboost-python1.67.0.
Preparing to unpack .../057-libboost-python1.67.0_1.67.0-11_amd64.deb ...
Unpacking libboost-python1.67.0 (1.67.0-11) ...
Selecting previously unselected package libpython2.7-minimal:amd64.
Preparing to unpack .../058-libpython2.7-minimal_2.7.15-5_amd64.deb ...
Unpacking libpython2.7-minimal:amd64 (2.7.15-5) ...
Selecting previously unselected package libexpat1:amd64.
Preparing to unpack .../059-libexpat1_2.2.6-1_amd64.deb ...
Unpacking libexpat1:amd64 (2.2.6-1) ...
Selecting previously unselected package libreadline7:amd64.
Preparing to unpack .../060-libreadline7_7.0-5_amd64.deb ...
Unpacking libreadline7:amd64 (7.0-5) ...
Selecting previously unselected package libsqlite3-0:amd64.
Preparing to unpack .../061-libsqlite3-0_3.26.0+fossilbc891ac6b-1_amd64.deb ...
Unpacking libsqlite3-0:amd64 (3.26.0+fossilbc891ac6b-1) ...
Selecting previously unselected package libssl1.1:amd64.
Preparing to unpack .../062-libssl1.1_1.1.1a-1_amd64.deb ...
Unpacking libssl1.1:amd64 (1.1.1a-1) ...
Selecting previously unselected package libpython2.7-stdlib:amd64.
Preparing to unpack .../063-libpython2.7-stdlib_2.7.15-5_amd64.deb ...
Unpacking libpython2.7-stdlib:amd64 (2.7.15-5) ...
Selecting previously unselected package libpython2.7:amd64.
Preparing to unpack .../064-libpython2.7_2.7.15-5_amd64.deb ...
Unpacking libpython2.7:amd64 (2.7.15-5) ...
Selecting previously unselected package libcasa-python3:amd64.
Preparing to unpack .../065-libcasa-python3_3.0.0-4_amd64.deb ...
Unpacking libcasa-python3:amd64 (3.0.0-4) ...
Selecting previously unselected package casacore-dev:amd64.
Preparing to unpack .../066-casacore-dev_3.0.0-4_amd64.deb ...
Unpacking casacore-dev:amd64 (3.0.0-4) ...
Selecting previously unselected package catch.
Preparing to unpack .../067-catch_1.12.1-1_amd64.deb ...
Unpacking catch (1.12.1-1) ...
Selecting previously unselected package cmake-data.
Preparing to unpack .../068-cmake-data_3.13.2-1_all.deb ...
Unpacking cmake-data (3.13.2-1) ...
Selecting previously unselected package libicu63:amd64.
Preparing to unpack .../069-libicu63_63.1-5_amd64.deb ...
Unpacking libicu63:amd64 (63.1-5) ...
Selecting previously unselected package libxml2:amd64.
Preparing to unpack .../070-libxml2_2.9.4+dfsg1-7+b3_amd64.deb ...
Unpacking libxml2:amd64 (2.9.4+dfsg1-7+b3) ...
Selecting previously unselected package libarchive13:amd64.
Preparing to unpack .../071-libarchive13_3.3.3-2_amd64.deb ...
Unpacking libarchive13:amd64 (3.3.3-2) ...
Selecting previously unselected package libcurl4:amd64.
Preparing to unpack .../072-libcurl4_7.62.0-1_amd64.deb ...
Unpacking libcurl4:amd64 (7.62.0-1) ...
Selecting previously unselected package libjsoncpp1:amd64.
Preparing to unpack .../073-libjsoncpp1_1.7.4-3_amd64.deb ...
Unpacking libjsoncpp1:amd64 (1.7.4-3) ...
Selecting previously unselected package librhash0:amd64.
Preparing to unpack .../074-librhash0_1.3.7-1_amd64.deb ...
Unpacking librhash0:amd64 (1.3.7-1) ...
Selecting previously unselected package libuv1:amd64.
Preparing to unpack .../075-libuv1_1.24.0-1_amd64.deb ...
Unpacking libuv1:amd64 (1.24.0-1) ...
Selecting previously unselected package cmake.
Preparing to unpack .../076-cmake_3.13.2-1_amd64.deb ...
Unpacking cmake (3.13.2-1) ...
Selecting previously unselected package libtool.
Preparing to unpack .../077-libtool_2.4.6-6_all.deb ...
Unpacking libtool (2.4.6-6) ...
Selecting previously unselected package dh-autoreconf.
Preparing to unpack .../078-dh-autoreconf_19_all.deb ...
Unpacking dh-autoreconf (19) ...
Selecting previously unselected package libarchive-zip-perl.
Preparing to unpack .../079-libarchive-zip-perl_1.64-1_all.deb ...
Unpacking libarchive-zip-perl (1.64-1) ...
Selecting previously unselected package libfile-stripnondeterminism-perl.
Preparing to unpack .../080-libfile-stripnondeterminism-perl_1.0.0-1_all.deb ...
Unpacking libfile-stripnondeterminism-perl (1.0.0-1) ...
Selecting previously unselected package dh-strip-nondeterminism.
Preparing to unpack .../081-dh-strip-nondeterminism_1.0.0-1_all.deb ...
Unpacking dh-strip-nondeterminism (1.0.0-1) ...
Selecting previously unselected package libelf1:amd64.
Preparing to unpack .../082-libelf1_0.175-2_amd64.deb ...
Unpacking libelf1:amd64 (0.175-2) ...
Selecting previously unselected package dwz.
Preparing to unpack .../083-dwz_0.12-3_amd64.deb ...
Unpacking dwz (0.12-3) ...
Selecting previously unselected package libglib2.0-0:amd64.
Preparing to unpack .../084-libglib2.0-0_2.58.1-2_amd64.deb ...
Unpacking libglib2.0-0:amd64 (2.58.1-2) ...
Selecting previously unselected package libcroco3:amd64.
Preparing to unpack .../085-libcroco3_0.6.12-3_amd64.deb ...
Unpacking libcroco3:amd64 (0.6.12-3) ...
Selecting previously unselected package gettext.
Preparing to unpack .../086-gettext_0.19.8.1-9_amd64.deb ...
Unpacking gettext (0.19.8.1-9) ...
Selecting previously unselected package intltool-debian.
Preparing to unpack .../087-intltool-debian_0.35.0+20060710.4_all.deb ...
Unpacking intltool-debian (0.35.0+20060710.4) ...
Selecting previously unselected package po-debconf.
Preparing to unpack .../088-po-debconf_1.0.21_all.deb ...
Unpacking po-debconf (1.0.21) ...
Selecting previously unselected package debhelper.
Preparing to unpack .../089-debhelper_12_all.deb ...
Unpacking debhelper (12) ...
Selecting previously unselected package libblas-dev:amd64.
Preparing to unpack .../090-libblas-dev_3.8.0-2_amd64.deb ...
Unpacking libblas-dev:amd64 (3.8.0-2) ...
Selecting previously unselected package libboost1.67-dev:amd64.
Preparing to unpack .../091-libboost1.67-dev_1.67.0-11_amd64.deb ...
Unpacking libboost1.67-dev:amd64 (1.67.0-11) ...
Selecting previously unselected package libboost-dev:amd64.
Preparing to unpack .../092-libboost-dev_1.67.0.1_amd64.deb ...
Unpacking libboost-dev:amd64 (1.67.0.1) ...
Selecting previously unselected package libccfits0v5:amd64.
Preparing to unpack .../093-libccfits0v5_2.5+dfsg-1+b2_amd64.deb ...
Unpacking libccfits0v5:amd64 (2.5+dfsg-1+b2) ...
Selecting previously unselected package libcfitsio-dev:amd64.
Preparing to unpack .../094-libcfitsio-dev_3.450-3_amd64.deb ...
Unpacking libcfitsio-dev:amd64 (3.450-3) ...
Selecting previously unselected package libccfits-dev.
Preparing to unpack .../095-libccfits-dev_2.5+dfsg-1+b2_amd64.deb ...
Unpacking libccfits-dev (2.5+dfsg-1+b2) ...
Selecting previously unselected package pkg-config.
Preparing to unpack .../096-pkg-config_0.29-4+b1_amd64.deb ...
Unpacking pkg-config (0.29-4+b1) ...
Selecting previously unselected package libeigen3-dev.
Preparing to unpack .../097-libeigen3-dev_3.3.7-1_all.deb ...
Unpacking libeigen3-dev (3.3.7-1) ...
Selecting previously unselected package libfftw3-long3:amd64.
Preparing to unpack .../098-libfftw3-long3_3.3.8-2_amd64.deb ...
Unpacking libfftw3-long3:amd64 (3.3.8-2) ...
Selecting previously unselected package libfftw3-quad3:amd64.
Preparing to unpack .../099-libfftw3-quad3_3.3.8-2_amd64.deb ...
Unpacking libfftw3-quad3:amd64 (3.3.8-2) ...
Selecting previously unselected package libfftw3-bin.
Preparing to unpack .../100-libfftw3-bin_3.3.8-2_amd64.deb ...
Unpacking libfftw3-bin (3.3.8-2) ...
Selecting previously unselected package libfftw3-dev:amd64.
Preparing to unpack .../101-libfftw3-dev_3.3.8-2_amd64.deb ...
Unpacking libfftw3-dev:amd64 (3.3.8-2) ...
Selecting previously unselected package libjbig0:amd64.
Preparing to unpack .../102-libjbig0_2.1-3.1+b2_amd64.deb ...
Unpacking libjbig0:amd64 (2.1-3.1+b2) ...
Selecting previously unselected package libjbig-dev:amd64.
Preparing to unpack .../103-libjbig-dev_2.1-3.1+b2_amd64.deb ...
Unpacking libjbig-dev:amd64 (2.1-3.1+b2) ...
Selecting previously unselected package libjpeg62-turbo:amd64.
Preparing to unpack .../104-libjpeg62-turbo_1%3a1.5.2-2+b1_amd64.deb ...
Unpacking libjpeg62-turbo:amd64 (1:1.5.2-2+b1) ...
Selecting previously unselected package libjpeg62-turbo-dev:amd64.
Preparing to unpack .../105-libjpeg62-turbo-dev_1%3a1.5.2-2+b1_amd64.deb ...
Unpacking libjpeg62-turbo-dev:amd64 (1:1.5.2-2+b1) ...
Selecting previously unselected package libjpeg-dev.
Preparing to unpack .../106-libjpeg-dev_1%3a1.5.2-2_all.deb ...
Unpacking libjpeg-dev (1:1.5.2-2) ...
Selecting previously unselected package liblzma-dev:amd64.
Preparing to unpack .../107-liblzma-dev_5.2.2-1.3_amd64.deb ...
Unpacking liblzma-dev:amd64 (5.2.2-1.3) ...
Selecting previously unselected package libwebp6:amd64.
Preparing to unpack .../108-libwebp6_0.6.1-2_amd64.deb ...
Unpacking libwebp6:amd64 (0.6.1-2) ...
Selecting previously unselected package libtiff5:amd64.
Preparing to unpack .../109-libtiff5_4.0.10-3_amd64.deb ...
Unpacking libtiff5:amd64 (4.0.10-3) ...
Selecting previously unselected package libsopt2.0.
Preparing to unpack .../110-libsopt2.0_2.0.0-5_amd64.deb ...
Unpacking libsopt2.0 (2.0.0-5) ...
Selecting previously unselected package libsopt-dev.
Preparing to unpack .../111-libsopt-dev_2.0.0-5_amd64.deb ...
Unpacking libsopt-dev (2.0.0-5) ...
Selecting previously unselected package libspdlog-dev.
Preparing to unpack .../112-libspdlog-dev_1%3a1.2.1-1_amd64.deb ...
Unpacking libspdlog-dev (1:1.2.1-1) ...
Selecting previously unselected package libtiffxx5:amd64.
Preparing to unpack .../113-libtiffxx5_4.0.10-3_amd64.deb ...
Unpacking libtiffxx5:amd64 (4.0.10-3) ...
Selecting previously unselected package zlib1g-dev:amd64.
Preparing to unpack .../114-zlib1g-dev_1%3a1.2.11.dfsg-1_amd64.deb ...
Unpacking zlib1g-dev:amd64 (1:1.2.11.dfsg-1) ...
Selecting previously unselected package libtiff-dev:amd64.
Preparing to unpack .../115-libtiff-dev_4.0.10-3_amd64.deb ...
Unpacking libtiff-dev:amd64 (4.0.10-3) ...
Selecting previously unselected package libtiff5-dev.
Preparing to unpack .../116-libtiff5-dev_4.0.10-3_amd64.deb ...
Unpacking libtiff5-dev (4.0.10-3) ...
Selecting previously unselected package sbuild-build-depends-purify-dummy.
Preparing to unpack .../117-sbuild-build-depends-purify-dummy_0.invalid.0_amd64.deb ...
Unpacking sbuild-build-depends-purify-dummy (0.invalid.0) ...
Setting up readline-common (7.0-5) ...
Setting up libexpat1:amd64 (2.2.6-1) ...
Setting up libjpeg62-turbo:amd64 (1:1.5.2-2+b1) ...
Setting up libarchive-zip-perl (1.64-1) ...
Setting up libnghttp2-14:amd64 (1.35.1-1) ...
Setting up libprocps7:amd64 (2:3.3.15-2) ...
Setting up mime-support (3.61) ...
Setting up libicu63:amd64 (63.1-5) ...
Setting up libjbig0:amd64 (2.1-3.1+b2) ...
Setting up libsigsegv2:amd64 (2.12-2) ...
Setting up libldap-common (2.4.47+dfsg-1) ...
Setting up libuv1:amd64 (1.24.0-1) ...
Setting up libreadline7:amd64 (7.0-5) ...
Setting up libpsl5:amd64 (0.20.2-2) ...
Setting up libelf1:amd64 (0.175-2) ...
Setting up libglib2.0-0:amd64 (2.58.1-2) ...
No schema files found: doing nothing.
Setting up gettext-base (0.19.8.1-9) ...
Setting up cmake-data (3.13.2-1) ...
Setting up libpipeline1:amd64 (1.5.0-2) ...
Setting up librtmp1:amd64 (2.4+20151223.gitfa8646d.1-2) ...
Setting up m4 (1.4.18-2) ...
Setting up libfftw3-double3:amd64 (3.3.8-2) ...
Setting up libxml2:amd64 (2.9.4+dfsg1-7+b3) ...
Setting up libuchardet0:amd64 (0.0.6-3) ...
Setting up libmagic-mgc (1:5.34-2) ...
Setting up libmagic1:amd64 (1:5.34-2) ...
Setting up lsb-base (10.2018112800) ...
Setting up librhash0:amd64 (1.3.7-1) ...
Setting up libjbig-dev:amd64 (2.1-3.1+b2) ...
Setting up libcroco3:amd64 (0.6.12-3) ...
Setting up libfftw3-quad3:amd64 (3.3.8-2) ...
Setting up libboost-python1.67.0 (1.67.0-11) ...
Setting up pkg-config (0.29-4+b1) ...
Setting up sensible-utils (0.0.12) ...
Setting up libssh2-1:amd64 (1.8.0-2) ...
Processing triggers for libc-bin (2.28-4) ...
Setting up libspdlog-dev (1:1.2.1-1) ...
Setting up dwz (0.12-3) ...
Setting up autotools-dev (20180224.1) ...
Setting up libboost1.67-dev:amd64 (1.67.0-11) ...
Setting up libssl1.1:amd64 (1.1.1a-1) ...
Setting up libwcs6:amd64 (6.2-1) ...
Setting up libsqlite3-0:amd64 (3.26.0+fossilbc891ac6b-1) ...
Setting up libcasa-casa3:amd64 (3.0.0-4) ...
Setting up libfftw3-single3:amd64 (3.3.8-2) ...
Setting up libcasa-tables3:amd64 (3.0.0-4) ...
Setting up libboost-dev:amd64 (1.67.0.1) ...
Setting up libjpeg62-turbo-dev:amd64 (1:1.5.2-2+b1) ...
Setting up liblzma-dev:amd64 (5.2.2-1.3) ...
Setting up libkeyutils1:amd64 (1.5.9-9.3) ...
Setting up bsdmainutils (11.1.2+b1) ...
update-alternatives: using /usr/bin/bsd-write to provide /usr/bin/write (write) in auto mode
update-alternatives: using /usr/bin/bsd-from to provide /usr/bin/from (from) in auto mode
Setting up libpython2.7-minimal:amd64 (2.7.15-5) ...
Setting up libfftw3-long3:amd64 (3.3.8-2) ...
Setting up libcasa-mirlib3:amd64 (3.0.0-4) ...
Setting up libgfortran5:amd64 (8.2.0-13) ...
Setting up libncurses6:amd64 (6.1+20181013-1) ...
Setting up catch (1.12.1-1) ...
Setting up libpython2.7-stdlib:amd64 (2.7.15-5) ...
Setting up autopoint (0.19.8.1-9) ...
Setting up libwebp6:amd64 (0.6.1-2) ...
Setting up zlib1g-dev:amd64 (1:1.2.11.dfsg-1) ...
Setting up libfile-stripnondeterminism-perl (1.0.0-1) ...
Setting up libjsoncpp1:amd64 (1.7.4-3) ...
Setting up libfftw3-bin (3.3.8-2) ...
Setting up gettext (0.19.8.1-9) ...
Setting up libarchive13:amd64 (3.3.3-2) ...
Setting up libeigen3-dev (3.3.7-1) ...
Setting up groff-base (1.22.4-1) ...
Setting up libtiff5:amd64 (4.0.10-3) ...
Setting up autoconf (2.69-11) ...
Setting up file (1:5.34-2) ...
Setting up libkrb5support0:amd64 (1.16.2-1) ...
Setting up procps (2:3.3.15-2) ...
update-alternatives: using /usr/bin/w.procps to provide /usr/bin/w (w) in auto mode
Setting up intltool-debian (0.35.0+20060710.4) ...
Setting up libblas3:amd64 (3.8.0-2) ...
update-alternatives: using /usr/lib/x86_64-linux-gnu/blas/libblas.so.3 to provide /usr/lib/x86_64-linux-gnu/libblas.so.3 (libblas.so.3-x86_64-linux-gnu) in auto mode
Setting up libcasa-measures3:amd64 (3.0.0-4) ...
Setting up libjpeg-dev (1:1.5.2-2) ...
Setting up libpython2.7:amd64 (2.7.15-5) ...
Setting up libfftw3-dev:amd64 (3.3.8-2) ...
Setting up automake (1:1.16.1-4) ...
update-alternatives: using /usr/bin/automake-1.16 to provide /usr/bin/automake (automake) in auto mode
Setting up libtiffxx5:amd64 (4.0.10-3) ...
Setting up man-db (2.8.4-3) ...
Not building database; man-db/auto-update is not 'true'.
Setting up libsopt2.0 (2.0.0-5) ...
Setting up libcasa-python3:amd64 (3.0.0-4) ...
Setting up libtool (2.4.6-6) ...
Setting up libtiff-dev:amd64 (4.0.10-3) ...
Setting up libk5crypto3:amd64 (1.16.2-1) ...
Setting up po-debconf (1.0.21) ...
Setting up libblas-dev:amd64 (3.8.0-2) ...
update-alternatives: using /usr/lib/x86_64-linux-gnu/blas/libblas.so to provide /usr/lib/x86_64-linux-gnu/libblas.so (libblas.so-x86_64-linux-gnu) in auto mode
Setting up liblapack3:amd64 (3.8.0-2) ...
update-alternatives: using /usr/lib/x86_64-linux-gnu/lapack/liblapack.so.3 to provide /usr/lib/x86_64-linux-gnu/liblapack.so.3 (liblapack.so.3-x86_64-linux-gnu) in auto mode
Setting up libcasa-meas3:amd64 (3.0.0-4) ...
Setting up libtiff5-dev (4.0.10-3) ...
Setting up libsopt-dev (2.0.0-5) ...
Setting up libkrb5-3:amd64 (1.16.2-1) ...
Setting up libcasa-scimath-f3:amd64 (3.0.0-4) ...
Setting up libgssapi-krb5-2:amd64 (1.16.2-1) ...
Setting up libcasa-scimath3:amd64 (3.0.0-4) ...
Setting up libcasa-lattices3:amd64 (3.0.0-4) ...
Setting up libsasl2-modules-db:amd64 (2.1.27~rc8-1) ...
Setting up libsasl2-2:amd64 (2.1.27~rc8-1) ...
Setting up libldap-2.4-2:amd64 (2.4.47+dfsg-1) ...
Setting up libcasa-ms3:amd64 (3.0.0-4) ...
Setting up libcurl3-gnutls:amd64 (7.62.0-1) ...
Setting up libcasa-derivedmscal3:amd64 (3.0.0-4) ...
Setting up libcurl4:amd64 (7.62.0-1) ...
Setting up libcfitsio7:amd64 (3.450-3) ...
Setting up libcasa-fits3:amd64 (3.0.0-4) ...
Setting up cmake (3.13.2-1) ...
Setting up libcasa-msfits3:amd64 (3.0.0-4) ...
Setting up libcfitsio-dev:amd64 (3.450-3) ...
Setting up libcasa-coordinates3:amd64 (3.0.0-4) ...
Setting up libccfits0v5:amd64 (2.5+dfsg-1+b2) ...
Setting up libccfits-dev (2.5+dfsg-1+b2) ...
Setting up libcasa-images3:amd64 (3.0.0-4) ...
Setting up casacore-dev:amd64 (3.0.0-4) ...
Setting up dh-autoreconf (19) ...
Setting up dh-strip-nondeterminism (1.0.0-1) ...
Setting up debhelper (12) ...
Setting up sbuild-build-depends-purify-dummy (0.invalid.0) ...
Processing triggers for libc-bin (2.28-4) ...

+------------------------------------------------------------------------------+
| Build environment                                                            |
+------------------------------------------------------------------------------+

Kernel: Linux 4.9.0-8-amd64 amd64 (x86_64)
Toolchain package versions: binutils_2.31.1-11 dpkg-dev_1.19.2 g++-8_8.2.0-13 gcc-8_8.2.0-13 libc6-dev_2.28-4 libstdc++-8-dev_8.2.0-13 libstdc++6_8.2.0-13 linux-libc-dev_4.19.13-1
Package versions: adduser_3.118 apt_1.8.0~alpha3 autoconf_2.69-11 automake_1:1.16.1-4 autopoint_0.19.8.1-9 autotools-dev_20180224.1 base-files_10.1 base-passwd_3.5.45 bash_4.4.18-3.1 binutils_2.31.1-11 binutils-common_2.31.1-11 binutils-x86-64-linux-gnu_2.31.1-11 bsdmainutils_11.1.2+b1 bsdutils_1:2.33-0.2 build-essential_12.5 bzip2_1.0.6-9 casacore-dev_3.0.0-4 catch_1.12.1-1 clang-7_1:7.0.1-3 cmake_3.13.2-1 cmake-data_3.13.2-1 coreutils_8.30-1 cpp_4:8.2.0-2 cpp-8_8.2.0-13 dash_0.5.10.2-4 debconf_1.5.69 debhelper_12 debian-archive-keyring_2018.1 debianutils_4.8.6 dh-autoreconf_19 dh-strip-nondeterminism_1.0.0-1 diffutils_1:3.6-1 dpkg_1.19.2 dpkg-dev_1.19.2 dwz_0.12-3 e2fsprogs_1.44.5-1 fakeroot_1.23-1 fdisk_2.33-0.2 file_1:5.34-2 findutils_4.6.0+git+20181018-1 g++_4:8.2.0-2 g++-8_8.2.0-13 gcc_4:8.2.0-2 gcc-8_8.2.0-13 gcc-8-base_8.2.0-13 gettext_0.19.8.1-9 gettext-base_0.19.8.1-9 gpgv_2.2.12-1 grep_3.1-3 groff-base_1.22.4-1 gzip_1.9-2.1 hostname_3.21 init-system-helpers_1.56+nmu1 intltool-debian_0.35.0+20060710.4 lib32gcc1_1:8.2.0-13 lib32stdc++6_8.2.0-13 libacl1_2.2.52-3+b1 libapt-pkg5.0_1.8.0~alpha3 libarchive-zip-perl_1.64-1 libarchive13_3.3.3-2 libasan5_8.2.0-13 libatomic1_8.2.0-13 libattr1_1:2.4.47-2+b2 libaudit-common_1:2.8.4-2 libaudit1_1:2.8.4-2 libbinutils_2.31.1-11 libblas-dev_3.8.0-2 libblas3_3.8.0-2 libblkid1_2.33-0.2 libboost-dev_1.67.0.1 libboost-python1.67.0_1.67.0-11 libboost1.67-dev_1.67.0-11 libbsd0_0.9.1-1 libbz2-1.0_1.0.6-9 libc-bin_2.28-4 libc-dev-bin_2.28-4 libc6_2.28-4 libc6-dev_2.28-4 libc6-i386_2.28-4 libcap-ng0_0.7.9-1+b1 libcasa-casa3_3.0.0-4 libcasa-coordinates3_3.0.0-4 libcasa-derivedmscal3_3.0.0-4 libcasa-fits3_3.0.0-4 libcasa-images3_3.0.0-4 libcasa-lattices3_3.0.0-4 libcasa-meas3_3.0.0-4 libcasa-measures3_3.0.0-4 libcasa-mirlib3_3.0.0-4 libcasa-ms3_3.0.0-4 libcasa-msfits3_3.0.0-4 libcasa-python3_3.0.0-4 libcasa-scimath-f3_3.0.0-4 libcasa-scimath3_3.0.0-4 libcasa-tables3_3.0.0-4 libcc1-0_8.2.0-13 libccfits-dev_2.5+dfsg-1+b2 libccfits0v5_2.5+dfsg-1+b2 libcfitsio-dev_3.450-3 libcfitsio7_3.450-3 libclang-common-7-dev_1:7.0.1-3 libclang1-7_1:7.0.1-3 libcom-err2_1.44.5-1 libcroco3_0.6.12-3 libcurl3-gnutls_7.62.0-1 libcurl4_7.62.0-1 libdb5.3_5.3.28+dfsg1-0.2 libdebconfclient0_0.246 libdpkg-perl_1.19.2 libedit2_3.1-20181209-1 libeigen3-dev_3.3.7-1 libelf1_0.175-2 libexpat1_2.2.6-1 libext2fs2_1.44.5-1 libfakeroot_1.23-1 libfdisk1_2.33-0.2 libffi6_3.2.1-9 libfftw3-bin_3.3.8-2 libfftw3-dev_3.3.8-2 libfftw3-double3_3.3.8-2 libfftw3-long3_3.3.8-2 libfftw3-quad3_3.3.8-2 libfftw3-single3_3.3.8-2 libfile-stripnondeterminism-perl_1.0.0-1 libgc1c2_1:7.6.4-0.4 libgcc-8-dev_8.2.0-13 libgcc1_1:8.2.0-13 libgcrypt20_1.8.4-4 libgdbm-compat4_1.18.1-2 libgdbm6_1.18.1-2 libgfortran5_8.2.0-13 libglib2.0-0_2.58.1-2 libgmp10_2:6.1.2+dfsg-4 libgnutls30_3.6.5-2 libgomp1_8.2.0-13 libgpg-error0_1.33-3 libgssapi-krb5-2_1.16.2-1 libhogweed4_3.4.1~rc1-1 libicu63_63.1-5 libidn2-0_2.0.5-1 libisl19_0.20-2 libitm1_8.2.0-13 libjbig-dev_2.1-3.1+b2 libjbig0_2.1-3.1+b2 libjpeg-dev_1:1.5.2-2 libjpeg62-turbo_1:1.5.2-2+b1 libjpeg62-turbo-dev_1:1.5.2-2+b1 libjsoncpp1_1.7.4-3 libk5crypto3_1.16.2-1 libkeyutils1_1.5.9-9.3 libkrb5-3_1.16.2-1 libkrb5support0_1.16.2-1 liblapack3_3.8.0-2 libldap-2.4-2_2.4.47+dfsg-1 libldap-common_2.4.47+dfsg-1 libllvm7_1:7.0.1-3 liblsan0_8.2.0-13 liblz4-1_1.8.2-1 liblzma-dev_5.2.2-1.3 liblzma5_5.2.2-1.3 libmagic-mgc_1:5.34-2 libmagic1_1:5.34-2 libmount1_2.33-0.2 libmpc3_1.1.0-1 libmpfr6_4.0.1-2 libmpx2_8.2.0-13 libncurses6_6.1+20181013-1 libncursesw6_6.1+20181013-1 libnettle6_3.4.1~rc1-1 libnghttp2-14_1.35.1-1 libobjc-8-dev_8.2.0-13 libobjc4_8.2.0-13 libp11-kit0_0.23.14-2 libpam-modules_1.1.8-3.8 libpam-modules-bin_1.1.8-3.8 libpam-runtime_1.1.8-3.8 libpam0g_1.1.8-3.8 libpcre3_2:8.39-11 libperl5.28_5.28.1-3 libpipeline1_1.5.0-2 libprocps7_2:3.3.15-2 libpsl5_0.20.2-2 libpython2.7_2.7.15-5 libpython2.7-minimal_2.7.15-5 libpython2.7-stdlib_2.7.15-5 libquadmath0_8.2.0-13 libreadline7_7.0-5 librhash0_1.3.7-1 librtmp1_2.4+20151223.gitfa8646d.1-2 libsasl2-2_2.1.27~rc8-1 libsasl2-modules-db_2.1.27~rc8-1 libseccomp2_2.3.3-3 libselinux1_2.8-1+b1 libsemanage-common_2.8-1 libsemanage1_2.8-1+b1 libsepol1_2.8-1 libsigsegv2_2.12-2 libsmartcols1_2.33-0.2 libsopt-dev_2.0.0-5 libsopt2.0_2.0.0-5 libspdlog-dev_1:1.2.1-1 libsqlite3-0_3.26.0+fossilbc891ac6b-1 libss2_1.44.5-1 libssh2-1_1.8.0-2 libssl1.1_1.1.1a-1 libstdc++-8-dev_8.2.0-13 libstdc++6_8.2.0-13 libsystemd0_240-2 libtasn1-6_4.13-3 libtiff-dev_4.0.10-3 libtiff5_4.0.10-3 libtiff5-dev_4.0.10-3 libtiffxx5_4.0.10-3 libtinfo6_6.1+20181013-1 libtool_2.4.6-6 libtsan0_8.2.0-13 libubsan1_8.2.0-13 libuchardet0_0.0.6-3 libudev1_240-2 libunistring2_0.9.10-1 libuuid1_2.33-0.2 libuv1_1.24.0-1 libwcs6_6.2-1 libwebp6_0.6.1-2 libxml2_2.9.4+dfsg1-7+b3 libzstd1_1.3.5+dfsg-2 linux-libc-dev_4.19.13-1 login_1:4.5-1.1 lsb-base_10.2018112800 m4_1.4.18-2 make_4.2.1-1.2 man-db_2.8.4-3 mawk_1.3.3-17+b3 mime-support_3.61 mount_2.33-0.2 ncurses-base_6.1+20181013-1 ncurses-bin_6.1+20181013-1 passwd_1:4.5-1.1 patch_2.7.6-3 perl_5.28.1-3 perl-base_5.28.1-3 perl-modules-5.28_5.28.1-3 pkg-config_0.29-4+b1 po-debconf_1.0.21 procps_2:3.3.15-2 readline-common_7.0-5 sbuild-build-depends-core-dummy_0.invalid.0 sbuild-build-depends-purify-dummy_0.invalid.0 sed_4.7-1 sensible-utils_0.0.12 sysvinit-utils_2.93-2 tar_1.30+dfsg-3 tzdata_2018i-1 util-linux_2.33-0.2 xz-utils_5.2.2-1.3 zlib1g_1:1.2.11.dfsg-1 zlib1g-dev_1:1.2.11.dfsg-1

+------------------------------------------------------------------------------+
| Build                                                                        |
+------------------------------------------------------------------------------+


Unpack source
-------------

gpgv: unknown type of key resource 'trustedkeys.kbx'
gpgv: keyblock resource '/sbuild-nonexistent/.gnupg/trustedkeys.kbx': General error
gpgv: Signature made Fri Oct 12 15:26:24 2018 UTC
gpgv:                using RSA key EFF06957445ADBF8742F7AAD9A4F56BDB90E18BD
gpgv: Can't check signature: No public key
dpkg-source: warning: failed to verify signature on ./purify_2.0.0-4.dsc
dpkg-source: info: extracting purify in /<<PKGBUILDDIR>>
dpkg-source: info: unpacking purify_2.0.0.orig.tar.gz
dpkg-source: info: unpacking purify_2.0.0-4.debian.tar.xz
dpkg-source: info: using patch list from debian/patches/series
dpkg-source: info: applying remove-GreatCMakeCookOff-dependency.patch
dpkg-source: info: applying Add-local-Eigen3-include-dir.patch
dpkg-source: info: applying Fix-executable-installation-issue.patch
dpkg-source: info: applying Fix-SOVERSION-and-library-name.patch
dpkg-source: info: applying Multiarch-patch.patch
dpkg-source: info: applying spdlog-modified-API.patch
dpkg-source: info: applying Add-spdlog-header.patch
dpkg-source: info: applying Disable-measurement_operator-test-on-aarch64.patch

Check disk space
----------------

Sufficient free space for build

User Environment
----------------

APT_CONFIG=/var/lib/sbuild/apt.conf
HOME=/sbuild-nonexistent
LANG=en_US.UTF-8
LC_ALL=POSIX
LOGNAME=user42
PATH=/usr/local/sbin:/usr/local/bin:/usr/sbin:/usr/bin:/sbin:/bin:/usr/games
SCHROOT_ALIAS_NAME=unstable
SCHROOT_CHROOT_NAME=sid-amd64-sbuild
SCHROOT_COMMAND=env
SCHROOT_GID=1001
SCHROOT_GROUP=user42
SCHROOT_SESSION_ID=sid-amd64-sbuild-d9ed02bb-1b0d-4be1-bdfb-faf88d272b37
SCHROOT_UID=1001
SCHROOT_USER=user42
SHELL=/bin/sh
USER=user42

dpkg-buildpackage
-----------------

dpkg-buildpackage: info: source package purify
dpkg-buildpackage: info: source version 2.0.0-4
dpkg-buildpackage: info: source distribution unstable
dpkg-buildpackage: info: source changed by Ole Streicher <olebole@debian.org>
 dpkg-source --before-build .
dpkg-buildpackage: info: host architecture amd64
 fakeroot debian/rules clean
dh clean --buildsystem=cmake
   dh_auto_clean -O--buildsystem=cmake
   dh_autoreconf_clean -O--buildsystem=cmake
   dh_clean -O--buildsystem=cmake
 debian/rules build-arch
dh build-arch --buildsystem=cmake
   dh_update_autotools_config -a -O--buildsystem=cmake
   dh_autoreconf -a -O--buildsystem=cmake
   debian/rules override_dh_auto_configure
make[1]: Entering directory '/<<PKGBUILDDIR>>'
cp -r /usr/include/eigen3 .
cd eigen3 && patch -p1 < ../debian/eigen3_LukePratley.patch
patching file unsupported/Eigen/FFT
Hunk #3 succeeded at 385 (offset 1 line).
Hunk #4 succeeded at 436 (offset 1 line).
patching file unsupported/Eigen/src/FFT/ei_fftw_impl.h
dh_auto_configure -- -DDEB_BUILD_MULTIARCH=`dpkg-architecture -qDEB_BUILD_MULTIARCH`
	cd obj-x86_64-linux-gnu && cmake -DCMAKE_INSTALL_PREFIX=/usr -DCMAKE_BUILD_TYPE=None -DCMAKE_INSTALL_SYSCONFDIR=/etc -DCMAKE_INSTALL_LOCALSTATEDIR=/var -DCMAKE_EXPORT_NO_PACKAGE_REGISTRY=ON -DCMAKE_FIND_PACKAGE_NO_PACKAGE_REGISTRY=ON -DCMAKE_INSTALL_RUNSTATEDIR=/run "-GUnix Makefiles" -DCMAKE_VERBOSE_MAKEFILE=ON -DCMAKE_INSTALL_LIBDIR=lib/x86_64-linux-gnu -DDEB_BUILD_MULTIARCH=x86_64-linux-gnu ..
-- The C compiler identification is Clang 7.0.1
-- The CXX compiler identification is Clang 7.0.1
-- Check for working C compiler: /usr/bin/cc
-- Check for working C compiler: /usr/bin/cc -- works
-- Detecting C compiler ABI info
-- Detecting C compiler ABI info - done
-- Detecting C compile features
-- Detecting C compile features - done
-- Check for working CXX compiler: /usr/bin/c++
-- Check for working CXX compiler: /usr/bin/c++ -- works
-- Detecting CXX compiler ABI info
-- Detecting CXX compiler ABI info - done
-- Detecting CXX compile features
-- Detecting CXX compile features - done
-- Looking for pthread.h
-- Looking for pthread.h - found
-- Looking for pthread_create
-- Looking for pthread_create - not found
-- Looking for pthread_create in pthreads
-- Looking for pthread_create in pthreads - not found
-- Looking for pthread_create in pthread
-- Looking for pthread_create in pthread - found
-- Found Threads: TRUE  
-- Could NOT find OpenMP_C (missing: OpenMP_C_FLAGS OpenMP_C_LIB_NAMES) 
-- Could NOT find OpenMP_CXX (missing: OpenMP_CXX_FLAGS OpenMP_CXX_LIB_NAMES) 
-- Could NOT find OpenMP (missing: OpenMP_C_FOUND OpenMP_CXX_FOUND) 
-- Could not find OpenMP. Compiling without.
-- Found PkgConfig: /usr/bin/pkg-config (found version "0.29") 
-- Found FFTW3: /usr/lib/x86_64-linux-gnu/libfftw3.so (found version "3.3.8") found components:  DOUBLE_SERIAL 
-- Found TIFF: /usr/lib/x86_64-linux-gnu/libtiff.so (found version "4.0.10") 
-- Boost version: 1.67.0
-- If downloading Sopt locally, then it will be branch v2.0
-- Linking to sopt package in /usr/share/cmake/sopt
-- Found CFitsIO: /usr/lib/x86_64-linux-gnu/libcfitsio.so (found version "3.45") 
-- Found CCFits: /usr/include/CCfits  
-- Found CasaCore: casacore::casa;casacore::scimath_f;casacore::scimath;casacore::tables;casacore::measures;casacore::ms  
-- Configuring done
CMake Warning (dev) at cpp/CMakeLists.txt:37 (add_executable):
  Policy CMP0028 is not set: Double colon in target name means ALIAS or
  IMPORTED target.  Run "cmake --help-policy CMP0028" for policy details.
  Use the cmake_policy command to set the policy and suppress this warning.

  Target "purify" links to target "openmp::openmp" but the target was not
  found.  Perhaps a find_package() call is missing for an IMPORTED target, or
  an ALIAS target is missing?
This warning is for project developers.  Use -Wno-dev to suppress it.

CMake Warning (dev) at cpp/purify/CMakeLists.txt:32 (add_library):
  Policy CMP0028 is not set: Double colon in target name means ALIAS or
  IMPORTED target.  Run "cmake --help-policy CMP0028" for policy details.
  Use the cmake_policy command to set the policy and suppress this warning.

  Target "libpurify" links to target "openmp::openmp" but the target was not
  found.  Perhaps a find_package() call is missing for an IMPORTED target, or
  an ALIAS target is missing?
This warning is for project developers.  Use -Wno-dev to suppress it.

CMake Warning (dev) at cmake_files/GreatCMakeCookOff/AddCatchTest.cmake:76 (add_executable):
  Policy CMP0028 is not set: Double colon in target name means ALIAS or
  IMPORTED target.  Run "cmake --help-policy CMP0028" for policy details.
  Use the cmake_policy command to set the policy and suppress this warning.

  Target "test_FFT_operator" links to target "openmp::openmp" but the target
  was not found.  Perhaps a find_package() call is missing for an IMPORTED
  target, or an ALIAS target is missing?
Call Stack (most recent call first):
  cpp/tests/CMakeLists.txt:7 (add_catch_test)
This warning is for project developers.  Use -Wno-dev to suppress it.

CMake Warning (dev) at cmake_files/GreatCMakeCookOff/AddCatchTest.cmake:76 (add_executable):
  Policy CMP0028 is not set: Double colon in target name means ALIAS or
  IMPORTED target.  Run "cmake --help-policy CMP0028" for policy details.
  Use the cmake_policy command to set the policy and suppress this warning.

  Target "test_purify_fitsio" links to target "openmp::openmp" but the target
  was not found.  Perhaps a find_package() call is missing for an IMPORTED
  target, or an ALIAS target is missing?
Call Stack (most recent call first):
  cpp/tests/CMakeLists.txt:8 (add_catch_test)
This warning is for project developers.  Use -Wno-dev to suppress it.

CMake Warning (dev) at cmake_files/GreatCMakeCookOff/AddCatchTest.cmake:76 (add_executable):
  Policy CMP0028 is not set: Double colon in target name means ALIAS or
  IMPORTED target.  Run "cmake --help-policy CMP0028" for policy details.
  Use the cmake_policy command to set the policy and suppress this warning.

  Target "test_utils" links to target "openmp::openmp" but the target was not
  found.  Perhaps a find_package() call is missing for an IMPORTED target, or
  an ALIAS target is missing?
Call Stack (most recent call first):
  cpp/tests/CMakeLists.txt:9 (add_catch_test)
This warning is for project developers.  Use -Wno-dev to suppress it.

CMake Warning (dev) at cmake_files/GreatCMakeCookOff/AddCatchTest.cmake:76 (add_executable):
  Policy CMP0028 is not set: Double colon in target name means ALIAS or
  IMPORTED target.  Run "cmake --help-policy CMP0028" for policy details.
  Use the cmake_policy command to set the policy and suppress this warning.

  Target "test_measurement_operator" links to target "openmp::openmp" but the
  target was not found.  Perhaps a find_package() call is missing for an
  IMPORTED target, or an ALIAS target is missing?
Call Stack (most recent call first):
  cpp/tests/CMakeLists.txt:5 (add_catch_test)
This warning is for project developers.  Use -Wno-dev to suppress it.

CMake Warning (dev) at cmake_files/GreatCMakeCookOff/AddCatchTest.cmake:76 (add_executable):
  Policy CMP0028 is not set: Double colon in target name means ALIAS or
  IMPORTED target.  Run "cmake --help-policy CMP0028" for policy details.
  Use the cmake_policy command to set the policy and suppress this warning.

  Target "test_sparse" links to target "openmp::openmp" but the target was
  not found.  Perhaps a find_package() call is missing for an IMPORTED
  target, or an ALIAS target is missing?
Call Stack (most recent call first):
  cpp/tests/CMakeLists.txt:10 (add_catch_test)
This warning is for project developers.  Use -Wno-dev to suppress it.

CMake Warning (dev) at cpp/purify/CMakeLists.txt:58 (add_dependencies):
  Policy CMP0046 is not set: Error on non-existent dependency in
  add_dependencies.  Run "cmake --help-policy CMP0046" for policy details.
  Use the cmake_policy command to set the policy and suppress this warning.

  The dependency target "lookup_dependencies" of target "libpurify" does not
  exist.
This warning is for project developers.  Use -Wno-dev to suppress it.

CMake Warning (dev) at cpp/purify/CMakeLists.txt:32 (add_library):
  Policy CMP0028 is not set: Double colon in target name means ALIAS or
  IMPORTED target.  Run "cmake --help-policy CMP0028" for policy details.
  Use the cmake_policy command to set the policy and suppress this warning.

  Target "libpurify" links to target "openmp::openmp" but the target was not
  found.  Perhaps a find_package() call is missing for an IMPORTED target, or
  an ALIAS target is missing?
This warning is for project developers.  Use -Wno-dev to suppress it.

CMake Warning (dev) at cpp/CMakeLists.txt:37 (add_executable):
  Policy CMP0028 is not set: Double colon in target name means ALIAS or
  IMPORTED target.  Run "cmake --help-policy CMP0028" for policy details.
  Use the cmake_policy command to set the policy and suppress this warning.

  Target "purify" links to target "openmp::openmp" but the target was not
  found.  Perhaps a find_package() call is missing for an IMPORTED target, or
  an ALIAS target is missing?
This warning is for project developers.  Use -Wno-dev to suppress it.

-- Generating done
CMake Warning:
  Manually-specified variables were not used by the project:

    CMAKE_INSTALL_LIBDIR
    CMAKE_INSTALL_LOCALSTATEDIR
    CMAKE_INSTALL_RUNSTATEDIR
    CMAKE_INSTALL_SYSCONFDIR


-- Build files have been written to: /<<PKGBUILDDIR>>/obj-x86_64-linux-gnu
make[1]: Leaving directory '/<<PKGBUILDDIR>>'
   dh_auto_build -a -O--buildsystem=cmake
	cd obj-x86_64-linux-gnu && make -j4 "INSTALL=install --strip-program=true"
make[1]: Entering directory '/<<PKGBUILDDIR>>/obj-x86_64-linux-gnu'
/usr/bin/cmake -S/<<PKGBUILDDIR>> -B/<<PKGBUILDDIR>>/obj-x86_64-linux-gnu --check-build-system CMakeFiles/Makefile.cmake 0
/usr/bin/cmake -E cmake_progress_start /<<PKGBUILDDIR>>/obj-x86_64-linux-gnu/CMakeFiles /<<PKGBUILDDIR>>/obj-x86_64-linux-gnu/CMakeFiles/progress.marks
make -f CMakeFiles/Makefile2 all
make[2]: Entering directory '/<<PKGBUILDDIR>>/obj-x86_64-linux-gnu'
make -f cpp/purify/CMakeFiles/libpurify.dir/build.make cpp/purify/CMakeFiles/libpurify.dir/depend
make -f cpp/tests/CMakeFiles/common_catch_main_object.dir/build.make cpp/tests/CMakeFiles/common_catch_main_object.dir/depend
make[3]: Entering directory '/<<PKGBUILDDIR>>/obj-x86_64-linux-gnu'
cd /<<PKGBUILDDIR>>/obj-x86_64-linux-gnu && /usr/bin/cmake -E cmake_depends "Unix Makefiles" /<<PKGBUILDDIR>> /<<PKGBUILDDIR>>/cpp/purify /<<PKGBUILDDIR>>/obj-x86_64-linux-gnu /<<PKGBUILDDIR>>/obj-x86_64-linux-gnu/cpp/purify /<<PKGBUILDDIR>>/obj-x86_64-linux-gnu/cpp/purify/CMakeFiles/libpurify.dir/DependInfo.cmake --color=
make[3]: Entering directory '/<<PKGBUILDDIR>>/obj-x86_64-linux-gnu'
cd /<<PKGBUILDDIR>>/obj-x86_64-linux-gnu && /usr/bin/cmake -E cmake_depends "Unix Makefiles" /<<PKGBUILDDIR>> /<<PKGBUILDDIR>>/cpp/tests /<<PKGBUILDDIR>>/obj-x86_64-linux-gnu /<<PKGBUILDDIR>>/obj-x86_64-linux-gnu/cpp/tests /<<PKGBUILDDIR>>/obj-x86_64-linux-gnu/cpp/tests/CMakeFiles/common_catch_main_object.dir/DependInfo.cmake --color=
Scanning dependencies of target common_catch_main_object
make[3]: Leaving directory '/<<PKGBUILDDIR>>/obj-x86_64-linux-gnu'
make -f cpp/tests/CMakeFiles/common_catch_main_object.dir/build.make cpp/tests/CMakeFiles/common_catch_main_object.dir/build
make[3]: Entering directory '/<<PKGBUILDDIR>>/obj-x86_64-linux-gnu'
[  4%] Building CXX object cpp/tests/CMakeFiles/common_catch_main_object.dir/__/__/common_catch_main.cc.o
cd /<<PKGBUILDDIR>>/obj-x86_64-linux-gnu/cpp/tests && /usr/bin/c++   -I/<<PKGBUILDDIR>>/eigen3 -I/<<PKGBUILDDIR>>/cpp -I/<<PKGBUILDDIR>>/obj-x86_64-linux-gnu/cpp/tests/include/purify  -g -O2 -fdebug-prefix-map=/<<PKGBUILDDIR>>=. -fstack-protector-strong -Wformat -Werror=format-security -Wdate-time -D_FORTIFY_SOURCE=2  -std=gnu++11   -pthread -o CMakeFiles/common_catch_main_object.dir/__/__/common_catch_main.cc.o -c /<<PKGBUILDDIR>>/obj-x86_64-linux-gnu/common_catch_main.cc
Scanning dependencies of target libpurify
make[3]: Leaving directory '/<<PKGBUILDDIR>>/obj-x86_64-linux-gnu'
make -f cpp/purify/CMakeFiles/libpurify.dir/build.make cpp/purify/CMakeFiles/libpurify.dir/build
make[3]: Entering directory '/<<PKGBUILDDIR>>/obj-x86_64-linux-gnu'
[ 12%] Building CXX object cpp/purify/CMakeFiles/libpurify.dir/FFTOperator.cc.o
[ 12%] Building CXX object cpp/purify/CMakeFiles/libpurify.dir/clean.cc.o
[ 16%] Building CXX object cpp/purify/CMakeFiles/libpurify.dir/MeasurementOperator.cc.o
cd /<<PKGBUILDDIR>>/obj-x86_64-linux-gnu/cpp/purify && /usr/bin/c++  -Dlibpurify_EXPORTS -I/<<PKGBUILDDIR>>/eigen3 -I/<<PKGBUILDDIR>>/obj-x86_64-linux-gnu/include -I/<<PKGBUILDDIR>>/cpp -isystem /usr/include/x86_64-linux-gnu -isystem /usr/include/eigen3  -g -O2 -fdebug-prefix-map=/<<PKGBUILDDIR>>=. -fstack-protector-strong -Wformat -Werror=format-security -Wdate-time -D_FORTIFY_SOURCE=2  -std=gnu++11 -fPIC   -pthread -o CMakeFiles/libpurify.dir/clean.cc.o -c /<<PKGBUILDDIR>>/cpp/purify/clean.cc
cd /<<PKGBUILDDIR>>/obj-x86_64-linux-gnu/cpp/purify && /usr/bin/c++  -Dlibpurify_EXPORTS -I/<<PKGBUILDDIR>>/eigen3 -I/<<PKGBUILDDIR>>/obj-x86_64-linux-gnu/include -I/<<PKGBUILDDIR>>/cpp -isystem /usr/include/x86_64-linux-gnu -isystem /usr/include/eigen3  -g -O2 -fdebug-prefix-map=/<<PKGBUILDDIR>>=. -fstack-protector-strong -Wformat -Werror=format-security -Wdate-time -D_FORTIFY_SOURCE=2  -std=gnu++11 -fPIC   -pthread -o CMakeFiles/libpurify.dir/FFTOperator.cc.o -c /<<PKGBUILDDIR>>/cpp/purify/FFTOperator.cc
cd /<<PKGBUILDDIR>>/obj-x86_64-linux-gnu/cpp/purify && /usr/bin/c++  -Dlibpurify_EXPORTS -I/<<PKGBUILDDIR>>/eigen3 -I/<<PKGBUILDDIR>>/obj-x86_64-linux-gnu/include -I/<<PKGBUILDDIR>>/cpp -isystem /usr/include/x86_64-linux-gnu -isystem /usr/include/eigen3  -g -O2 -fdebug-prefix-map=/<<PKGBUILDDIR>>=. -fstack-protector-strong -Wformat -Werror=format-security -Wdate-time -D_FORTIFY_SOURCE=2  -std=gnu++11 -fPIC   -pthread -o CMakeFiles/libpurify.dir/MeasurementOperator.cc.o -c /<<PKGBUILDDIR>>/cpp/purify/MeasurementOperator.cc
In file included from /<<PKGBUILDDIR>>/cpp/purify/FFTOperator.cc:2:
In file included from /<<PKGBUILDDIR>>/cpp/purify/FFTOperator.h:12:
/<<PKGBUILDDIR>>/eigen3/unsupported/Eigen/FFT:283:44: warning: | has lower precedence than !=; != will be evaluated first [-Wparentheses]
        if (FFTW_plan_flag != FFTW_ESTIMATE|FFTW_PRESERVE_INPUT)
            ~~~~~~~~~~~~~~~~~~~~~~~~~~~~~~~^
/<<PKGBUILDDIR>>/eigen3/unsupported/Eigen/FFT:283:44: note: place parentheses around the '!=' expression to silence this warning
        if (FFTW_plan_flag != FFTW_ESTIMATE|FFTW_PRESERVE_INPUT)
            ~~~~~~~~~~~~~~~~~~~~~~~~~~~~~~~^
/<<PKGBUILDDIR>>/eigen3/unsupported/Eigen/FFT:283:44: note: place parentheses around the | expression to evaluate it first
        if (FFTW_plan_flag != FFTW_ESTIMATE|FFTW_PRESERVE_INPUT)
                              ~~~~~~~~~~~~~^~~~~~~~~~~~~~~~~~~~
/<<PKGBUILDDIR>>/eigen3/unsupported/Eigen/FFT:416:44: warning: | has lower precedence than !=; != will be evaluated first [-Wparentheses]
        if (FFTW_plan_flag != FFTW_ESTIMATE|FFTW_PRESERVE_INPUT)
            ~~~~~~~~~~~~~~~~~~~~~~~~~~~~~~~^
/<<PKGBUILDDIR>>/eigen3/unsupported/Eigen/FFT:416:44: note: place parentheses around the '!=' expression to silence this warning
        if (FFTW_plan_flag != FFTW_ESTIMATE|FFTW_PRESERVE_INPUT)
            ~~~~~~~~~~~~~~~~~~~~~~~~~~~~~~~^
/<<PKGBUILDDIR>>/eigen3/unsupported/Eigen/FFT:416:44: note: place parentheses around the | expression to evaluate it first
        if (FFTW_plan_flag != FFTW_ESTIMATE|FFTW_PRESERVE_INPUT)
                              ~~~~~~~~~~~~~^~~~~~~~~~~~~~~~~~~~
In file included from /<<PKGBUILDDIR>>/cpp/purify/clean.cc:2:
In file included from /<<PKGBUILDDIR>>/cpp/purify/clean.h:9:
In file included from /<<PKGBUILDDIR>>/cpp/purify/FFTOperator.h:12:
/<<PKGBUILDDIR>>/eigen3/unsupported/Eigen/FFT:283:44: warning: | has lower precedence than !=; != will be evaluated first [-Wparentheses]
        if (FFTW_plan_flag != FFTW_ESTIMATE|FFTW_PRESERVE_INPUT)
            ~~~~~~~~~~~~~~~~~~~~~~~~~~~~~~~^
/<<PKGBUILDDIR>>/eigen3/unsupported/Eigen/FFT:283:44: note: place parentheses around the '!=' expression to silence this warning
        if (FFTW_plan_flag != FFTW_ESTIMATE|FFTW_PRESERVE_INPUT)
            ~~~~~~~~~~~~~~~~~~~~~~~~~~~~~~~^
/<<PKGBUILDDIR>>/eigen3/unsupported/Eigen/FFT:283:44: note: place parentheses around the | expression to evaluate it first
        if (FFTW_plan_flag != FFTW_ESTIMATE|FFTW_PRESERVE_INPUT)
                              ~~~~~~~~~~~~~^~~~~~~~~~~~~~~~~~~~
/<<PKGBUILDDIR>>/eigen3/unsupported/Eigen/FFT:416:44: warning: | has lower precedence than !=; != will be evaluated first [-Wparentheses]
        if (FFTW_plan_flag != FFTW_ESTIMATE|FFTW_PRESERVE_INPUT)
            ~~~~~~~~~~~~~~~~~~~~~~~~~~~~~~~^
/<<PKGBUILDDIR>>/eigen3/unsupported/Eigen/FFT:416:44: note: place parentheses around the '!=' expression to silence this warning
        if (FFTW_plan_flag != FFTW_ESTIMATE|FFTW_PRESERVE_INPUT)
            ~~~~~~~~~~~~~~~~~~~~~~~~~~~~~~~^
/<<PKGBUILDDIR>>/eigen3/unsupported/Eigen/FFT:416:44: note: place parentheses around the | expression to evaluate it first
        if (FFTW_plan_flag != FFTW_ESTIMATE|FFTW_PRESERVE_INPUT)
                              ~~~~~~~~~~~~~^~~~~~~~~~~~~~~~~~~~
In file included from /<<PKGBUILDDIR>>/cpp/purify/MeasurementOperator.cc:2:
In file included from /<<PKGBUILDDIR>>/cpp/purify/MeasurementOperator.h:6:
In file included from /<<PKGBUILDDIR>>/cpp/purify/FFTOperator.h:12:
/<<PKGBUILDDIR>>/eigen3/unsupported/Eigen/FFT:283:44: warning: | has lower precedence than !=; != will be evaluated first [-Wparentheses]
        if (FFTW_plan_flag != FFTW_ESTIMATE|FFTW_PRESERVE_INPUT)
            ~~~~~~~~~~~~~~~~~~~~~~~~~~~~~~~^
/<<PKGBUILDDIR>>/eigen3/unsupported/Eigen/FFT:283:44: note: place parentheses around the '!=' expression to silence this warning
        if (FFTW_plan_flag != FFTW_ESTIMATE|FFTW_PRESERVE_INPUT)
            ~~~~~~~~~~~~~~~~~~~~~~~~~~~~~~~^
/<<PKGBUILDDIR>>/eigen3/unsupported/Eigen/FFT:283:44: note: place parentheses around the | expression to evaluate it first
        if (FFTW_plan_flag != FFTW_ESTIMATE|FFTW_PRESERVE_INPUT)
                              ~~~~~~~~~~~~~^~~~~~~~~~~~~~~~~~~~
/<<PKGBUILDDIR>>/eigen3/unsupported/Eigen/FFT:416:44: warning: | has lower precedence than !=; != will be evaluated first [-Wparentheses]
        if (FFTW_plan_flag != FFTW_ESTIMATE|FFTW_PRESERVE_INPUT)
            ~~~~~~~~~~~~~~~~~~~~~~~~~~~~~~~^
/<<PKGBUILDDIR>>/eigen3/unsupported/Eigen/FFT:416:44: note: place parentheses around the '!=' expression to silence this warning
        if (FFTW_plan_flag != FFTW_ESTIMATE|FFTW_PRESERVE_INPUT)
            ~~~~~~~~~~~~~~~~~~~~~~~~~~~~~~~^
/<<PKGBUILDDIR>>/eigen3/unsupported/Eigen/FFT:416:44: note: place parentheses around the | expression to evaluate it first
        if (FFTW_plan_flag != FFTW_ESTIMATE|FFTW_PRESERVE_INPUT)
                              ~~~~~~~~~~~~~^~~~~~~~~~~~~~~~~~~~
2 warnings generated.
[ 20%] Building CXX object cpp/purify/CMakeFiles/libpurify.dir/utilities.cc.o
cd /<<PKGBUILDDIR>>/obj-x86_64-linux-gnu/cpp/purify && /usr/bin/c++  -Dlibpurify_EXPORTS -I/<<PKGBUILDDIR>>/eigen3 -I/<<PKGBUILDDIR>>/obj-x86_64-linux-gnu/include -I/<<PKGBUILDDIR>>/cpp -isystem /usr/include/x86_64-linux-gnu -isystem /usr/include/eigen3  -g -O2 -fdebug-prefix-map=/<<PKGBUILDDIR>>=. -fstack-protector-strong -Wformat -Werror=format-security -Wdate-time -D_FORTIFY_SOURCE=2  -std=gnu++11 -fPIC   -pthread -o CMakeFiles/libpurify.dir/utilities.cc.o -c /<<PKGBUILDDIR>>/cpp/purify/utilities.cc
In file included from /<<PKGBUILDDIR>>/cpp/purify/utilities.cc:3:
In file included from /<<PKGBUILDDIR>>/cpp/purify/utilities.h:13:
In file included from /<<PKGBUILDDIR>>/cpp/purify/FFTOperator.h:12:
/<<PKGBUILDDIR>>/eigen3/unsupported/Eigen/FFT:283:44: warning: | has lower precedence than !=; != will be evaluated first [-Wparentheses]
        if (FFTW_plan_flag != FFTW_ESTIMATE|FFTW_PRESERVE_INPUT)
            ~~~~~~~~~~~~~~~~~~~~~~~~~~~~~~~^
/<<PKGBUILDDIR>>/eigen3/unsupported/Eigen/FFT:283:44: note: place parentheses around the '!=' expression to silence this warning
        if (FFTW_plan_flag != FFTW_ESTIMATE|FFTW_PRESERVE_INPUT)
            ~~~~~~~~~~~~~~~~~~~~~~~~~~~~~~~^
/<<PKGBUILDDIR>>/eigen3/unsupported/Eigen/FFT:283:44: note: place parentheses around the | expression to evaluate it first
        if (FFTW_plan_flag != FFTW_ESTIMATE|FFTW_PRESERVE_INPUT)
                              ~~~~~~~~~~~~~^~~~~~~~~~~~~~~~~~~~
/<<PKGBUILDDIR>>/eigen3/unsupported/Eigen/FFT:416:44: warning: | has lower precedence than !=; != will be evaluated first [-Wparentheses]
        if (FFTW_plan_flag != FFTW_ESTIMATE|FFTW_PRESERVE_INPUT)
            ~~~~~~~~~~~~~~~~~~~~~~~~~~~~~~~^
/<<PKGBUILDDIR>>/eigen3/unsupported/Eigen/FFT:416:44: note: place parentheses around the '!=' expression to silence this warning
        if (FFTW_plan_flag != FFTW_ESTIMATE|FFTW_PRESERVE_INPUT)
            ~~~~~~~~~~~~~~~~~~~~~~~~~~~~~~~^
/<<PKGBUILDDIR>>/eigen3/unsupported/Eigen/FFT:416:44: note: place parentheses around the | expression to evaluate it first
        if (FFTW_plan_flag != FFTW_ESTIMATE|FFTW_PRESERVE_INPUT)
                              ~~~~~~~~~~~~~^~~~~~~~~~~~~~~~~~~~
2 warnings generated.
[ 24%] Building CXX object cpp/purify/CMakeFiles/libpurify.dir/pfitsio.cc.o
cd /<<PKGBUILDDIR>>/obj-x86_64-linux-gnu/cpp/purify && /usr/bin/c++  -Dlibpurify_EXPORTS -I/<<PKGBUILDDIR>>/eigen3 -I/<<PKGBUILDDIR>>/obj-x86_64-linux-gnu/include -I/<<PKGBUILDDIR>>/cpp -isystem /usr/include/x86_64-linux-gnu -isystem /usr/include/eigen3  -g -O2 -fdebug-prefix-map=/<<PKGBUILDDIR>>=. -fstack-protector-strong -Wformat -Werror=format-security -Wdate-time -D_FORTIFY_SOURCE=2  -std=gnu++11 -fPIC   -pthread -o CMakeFiles/libpurify.dir/pfitsio.cc.o -c /<<PKGBUILDDIR>>/cpp/purify/pfitsio.cc
make[3]: Leaving directory '/<<PKGBUILDDIR>>/obj-x86_64-linux-gnu'
[ 24%] Built target common_catch_main_object
[ 28%] Building CXX object cpp/purify/CMakeFiles/libpurify.dir/kernels.cc.o
cd /<<PKGBUILDDIR>>/obj-x86_64-linux-gnu/cpp/purify && /usr/bin/c++  -Dlibpurify_EXPORTS -I/<<PKGBUILDDIR>>/eigen3 -I/<<PKGBUILDDIR>>/obj-x86_64-linux-gnu/include -I/<<PKGBUILDDIR>>/cpp -isystem /usr/include/x86_64-linux-gnu -isystem /usr/include/eigen3  -g -O2 -fdebug-prefix-map=/<<PKGBUILDDIR>>=. -fstack-protector-strong -Wformat -Werror=format-security -Wdate-time -D_FORTIFY_SOURCE=2  -std=gnu++11 -fPIC   -pthread -o CMakeFiles/libpurify.dir/kernels.cc.o -c /<<PKGBUILDDIR>>/cpp/purify/kernels.cc
2 warnings generated.
[ 32%] Building CXX object cpp/purify/CMakeFiles/libpurify.dir/RMOperator.cc.o
cd /<<PKGBUILDDIR>>/obj-x86_64-linux-gnu/cpp/purify && /usr/bin/c++  -Dlibpurify_EXPORTS -I/<<PKGBUILDDIR>>/eigen3 -I/<<PKGBUILDDIR>>/obj-x86_64-linux-gnu/include -I/<<PKGBUILDDIR>>/cpp -isystem /usr/include/x86_64-linux-gnu -isystem /usr/include/eigen3  -g -O2 -fdebug-prefix-map=/<<PKGBUILDDIR>>=. -fstack-protector-strong -Wformat -Werror=format-security -Wdate-time -D_FORTIFY_SOURCE=2  -std=gnu++11 -fPIC   -pthread -o CMakeFiles/libpurify.dir/RMOperator.cc.o -c /<<PKGBUILDDIR>>/cpp/purify/RMOperator.cc
In file included from /<<PKGBUILDDIR>>/cpp/purify/pfitsio.cc:2:
In file included from /<<PKGBUILDDIR>>/cpp/purify/pfitsio.h:9:
In file included from /<<PKGBUILDDIR>>/cpp/purify/utilities.h:13:
In file included from /<<PKGBUILDDIR>>/cpp/purify/FFTOperator.h:12:
/<<PKGBUILDDIR>>/eigen3/unsupported/Eigen/FFT:283:44: warning: | has lower precedence than !=; != will be evaluated first [-Wparentheses]
        if (FFTW_plan_flag != FFTW_ESTIMATE|FFTW_PRESERVE_INPUT)
            ~~~~~~~~~~~~~~~~~~~~~~~~~~~~~~~^
/<<PKGBUILDDIR>>/eigen3/unsupported/Eigen/FFT:283:44: note: place parentheses around the '!=' expression to silence this warning
        if (FFTW_plan_flag != FFTW_ESTIMATE|FFTW_PRESERVE_INPUT)
            ~~~~~~~~~~~~~~~~~~~~~~~~~~~~~~~^
/<<PKGBUILDDIR>>/eigen3/unsupported/Eigen/FFT:283:44: note: place parentheses around the | expression to evaluate it first
        if (FFTW_plan_flag != FFTW_ESTIMATE|FFTW_PRESERVE_INPUT)
                              ~~~~~~~~~~~~~^~~~~~~~~~~~~~~~~~~~
/<<PKGBUILDDIR>>/eigen3/unsupported/Eigen/FFT:416:44: warning: | has lower precedence than !=; != will be evaluated first [-Wparentheses]
        if (FFTW_plan_flag != FFTW_ESTIMATE|FFTW_PRESERVE_INPUT)
            ~~~~~~~~~~~~~~~~~~~~~~~~~~~~~~~^
/<<PKGBUILDDIR>>/eigen3/unsupported/Eigen/FFT:416:44: note: place parentheses around the '!=' expression to silence this warning
        if (FFTW_plan_flag != FFTW_ESTIMATE|FFTW_PRESERVE_INPUT)
            ~~~~~~~~~~~~~~~~~~~~~~~~~~~~~~~^
/<<PKGBUILDDIR>>/eigen3/unsupported/Eigen/FFT:416:44: note: place parentheses around the | expression to evaluate it first
        if (FFTW_plan_flag != FFTW_ESTIMATE|FFTW_PRESERVE_INPUT)
                              ~~~~~~~~~~~~~^~~~~~~~~~~~~~~~~~~~
/<<PKGBUILDDIR>>/cpp/purify/pfitsio.cc:103:8: warning: 'auto_ptr<CCfits::FITS>' is deprecated [-Wdeprecated-declarations]
  std::auto_ptr<CCfits::FITS> pInfile(new CCfits::FITS(fits_name, CCfits::Read, true));
       ^
/usr/bin/../lib/gcc/x86_64-linux-gnu/8/../../../../include/c++/8/backward/auto_ptr.h:287:7: note: 'auto_ptr<CCfits::FITS>' has been explicitly marked deprecated here
    } _GLIBCXX_DEPRECATED;
      ^
/usr/bin/../lib/gcc/x86_64-linux-gnu/8/../../../../include/x86_64-linux-gnu/c++/8/bits/c++config.h:86:46: note: expanded from macro '_GLIBCXX_DEPRECATED'
# define _GLIBCXX_DEPRECATED __attribute__ ((__deprecated__))
                                             ^
In file included from /<<PKGBUILDDIR>>/cpp/purify/RMOperator.cc:2:
In file included from /<<PKGBUILDDIR>>/cpp/purify/RMOperator.h:5:
In file included from /<<PKGBUILDDIR>>/cpp/purify/FFTOperator.h:12:
/<<PKGBUILDDIR>>/eigen3/unsupported/Eigen/FFT:283:44: warning: | has lower precedence than !=; != will be evaluated first [-Wparentheses]
        if (FFTW_plan_flag != FFTW_ESTIMATE|FFTW_PRESERVE_INPUT)
            ~~~~~~~~~~~~~~~~~~~~~~~~~~~~~~~^
/<<PKGBUILDDIR>>/eigen3/unsupported/Eigen/FFT:283:44: note: place parentheses around the '!=' expression to silence this warning
        if (FFTW_plan_flag != FFTW_ESTIMATE|FFTW_PRESERVE_INPUT)
            ~~~~~~~~~~~~~~~~~~~~~~~~~~~~~~~^
/<<PKGBUILDDIR>>/eigen3/unsupported/Eigen/FFT:283:44: note: place parentheses around the | expression to evaluate it first
        if (FFTW_plan_flag != FFTW_ESTIMATE|FFTW_PRESERVE_INPUT)
                              ~~~~~~~~~~~~~^~~~~~~~~~~~~~~~~~~~
/<<PKGBUILDDIR>>/eigen3/unsupported/Eigen/FFT:416:44: warning: | has lower precedence than !=; != will be evaluated first [-Wparentheses]
        if (FFTW_plan_flag != FFTW_ESTIMATE|FFTW_PRESERVE_INPUT)
            ~~~~~~~~~~~~~~~~~~~~~~~~~~~~~~~^
/<<PKGBUILDDIR>>/eigen3/unsupported/Eigen/FFT:416:44: note: place parentheses around the '!=' expression to silence this warning
        if (FFTW_plan_flag != FFTW_ESTIMATE|FFTW_PRESERVE_INPUT)
            ~~~~~~~~~~~~~~~~~~~~~~~~~~~~~~~^
/<<PKGBUILDDIR>>/eigen3/unsupported/Eigen/FFT:416:44: note: place parentheses around the | expression to evaluate it first
        if (FFTW_plan_flag != FFTW_ESTIMATE|FFTW_PRESERVE_INPUT)
                              ~~~~~~~~~~~~~^~~~~~~~~~~~~~~~~~~~
[ 36%] Building CXX object cpp/purify/CMakeFiles/libpurify.dir/PSFOperator.cc.o
cd /<<PKGBUILDDIR>>/obj-x86_64-linux-gnu/cpp/purify && /usr/bin/c++  -Dlibpurify_EXPORTS -I/<<PKGBUILDDIR>>/eigen3 -I/<<PKGBUILDDIR>>/obj-x86_64-linux-gnu/include -I/<<PKGBUILDDIR>>/cpp -isystem /usr/include/x86_64-linux-gnu -isystem /usr/include/eigen3  -g -O2 -fdebug-prefix-map=/<<PKGBUILDDIR>>=. -fstack-protector-strong -Wformat -Werror=format-security -Wdate-time -D_FORTIFY_SOURCE=2  -std=gnu++11 -fPIC   -pthread -o CMakeFiles/libpurify.dir/PSFOperator.cc.o -c /<<PKGBUILDDIR>>/cpp/purify/PSFOperator.cc
3 warnings generated.
[ 40%] Building CXX object cpp/purify/CMakeFiles/libpurify.dir/casacore.cc.o
cd /<<PKGBUILDDIR>>/obj-x86_64-linux-gnu/cpp/purify && /usr/bin/c++  -Dlibpurify_EXPORTS -I/<<PKGBUILDDIR>>/eigen3 -I/<<PKGBUILDDIR>>/obj-x86_64-linux-gnu/include -I/<<PKGBUILDDIR>>/cpp -isystem /usr/include/x86_64-linux-gnu -isystem /usr/include/eigen3  -g -O2 -fdebug-prefix-map=/<<PKGBUILDDIR>>=. -fstack-protector-strong -Wformat -Werror=format-security -Wdate-time -D_FORTIFY_SOURCE=2  -std=gnu++11 -fPIC   -pthread -o CMakeFiles/libpurify.dir/casacore.cc.o -c /<<PKGBUILDDIR>>/cpp/purify/casacore.cc
In file included from /<<PKGBUILDDIR>>/cpp/purify/PSFOperator.cc:2:
In file included from /<<PKGBUILDDIR>>/cpp/purify/PSFOperator.h:5:
In file included from /<<PKGBUILDDIR>>/cpp/purify/FFTOperator.h:12:
/<<PKGBUILDDIR>>/eigen3/unsupported/Eigen/FFT:283:44: warning: | has lower precedence than !=; != will be evaluated first [-Wparentheses]
        if (FFTW_plan_flag != FFTW_ESTIMATE|FFTW_PRESERVE_INPUT)
            ~~~~~~~~~~~~~~~~~~~~~~~~~~~~~~~^
/<<PKGBUILDDIR>>/eigen3/unsupported/Eigen/FFT:283:44: note: place parentheses around the '!=' expression to silence this warning
        if (FFTW_plan_flag != FFTW_ESTIMATE|FFTW_PRESERVE_INPUT)
            ~~~~~~~~~~~~~~~~~~~~~~~~~~~~~~~^
/<<PKGBUILDDIR>>/eigen3/unsupported/Eigen/FFT:283:44: note: place parentheses around the | expression to evaluate it first
        if (FFTW_plan_flag != FFTW_ESTIMATE|FFTW_PRESERVE_INPUT)
                              ~~~~~~~~~~~~~^~~~~~~~~~~~~~~~~~~~
/<<PKGBUILDDIR>>/eigen3/unsupported/Eigen/FFT:416:44: warning: | has lower precedence than !=; != will be evaluated first [-Wparentheses]
        if (FFTW_plan_flag != FFTW_ESTIMATE|FFTW_PRESERVE_INPUT)
            ~~~~~~~~~~~~~~~~~~~~~~~~~~~~~~~^
/<<PKGBUILDDIR>>/eigen3/unsupported/Eigen/FFT:416:44: note: place parentheses around the '!=' expression to silence this warning
        if (FFTW_plan_flag != FFTW_ESTIMATE|FFTW_PRESERVE_INPUT)
            ~~~~~~~~~~~~~~~~~~~~~~~~~~~~~~~^
/<<PKGBUILDDIR>>/eigen3/unsupported/Eigen/FFT:416:44: note: place parentheses around the | expression to evaluate it first
        if (FFTW_plan_flag != FFTW_ESTIMATE|FFTW_PRESERVE_INPUT)
                              ~~~~~~~~~~~~~^~~~~~~~~~~~~~~~~~~~
In file included from /<<PKGBUILDDIR>>/cpp/purify/casacore.cc:5:
In file included from /<<PKGBUILDDIR>>/cpp/purify/casacore.h:17:
In file included from /<<PKGBUILDDIR>>/cpp/purify/utilities.h:13:
In file included from /<<PKGBUILDDIR>>/cpp/purify/FFTOperator.h:12:
/<<PKGBUILDDIR>>/eigen3/unsupported/Eigen/FFT:283:44: warning: | has lower precedence than !=; != will be evaluated first [-Wparentheses]
        if (FFTW_plan_flag != FFTW_ESTIMATE|FFTW_PRESERVE_INPUT)
            ~~~~~~~~~~~~~~~~~~~~~~~~~~~~~~~^
/<<PKGBUILDDIR>>/eigen3/unsupported/Eigen/FFT:283:44: note: place parentheses around the '!=' expression to silence this warning
        if (FFTW_plan_flag != FFTW_ESTIMATE|FFTW_PRESERVE_INPUT)
            ~~~~~~~~~~~~~~~~~~~~~~~~~~~~~~~^
/<<PKGBUILDDIR>>/eigen3/unsupported/Eigen/FFT:283:44: note: place parentheses around the | expression to evaluate it first
        if (FFTW_plan_flag != FFTW_ESTIMATE|FFTW_PRESERVE_INPUT)
                              ~~~~~~~~~~~~~^~~~~~~~~~~~~~~~~~~~
/<<PKGBUILDDIR>>/eigen3/unsupported/Eigen/FFT:416:44: warning: | has lower precedence than !=; != will be evaluated first [-Wparentheses]
        if (FFTW_plan_flag != FFTW_ESTIMATE|FFTW_PRESERVE_INPUT)
            ~~~~~~~~~~~~~~~~~~~~~~~~~~~~~~~^
/<<PKGBUILDDIR>>/eigen3/unsupported/Eigen/FFT:416:44: note: place parentheses around the '!=' expression to silence this warning
        if (FFTW_plan_flag != FFTW_ESTIMATE|FFTW_PRESERVE_INPUT)
            ~~~~~~~~~~~~~~~~~~~~~~~~~~~~~~~^
/<<PKGBUILDDIR>>/eigen3/unsupported/Eigen/FFT:416:44: note: place parentheses around the | expression to evaluate it first
        if (FFTW_plan_flag != FFTW_ESTIMATE|FFTW_PRESERVE_INPUT)
                              ~~~~~~~~~~~~~^~~~~~~~~~~~~~~~~~~~
2 warnings generated.
2 warnings generated.
2 warnings generated.
2 warnings generated.
[ 44%] Linking CXX shared library libpurify.so
cd /<<PKGBUILDDIR>>/obj-x86_64-linux-gnu/cpp/purify && /usr/bin/cmake -E cmake_link_script CMakeFiles/libpurify.dir/link.txt --verbose=1
/usr/bin/c++ -fPIC -g -O2 -fdebug-prefix-map=/<<PKGBUILDDIR>>=. -fstack-protector-strong -Wformat -Werror=format-security -Wdate-time -D_FORTIFY_SOURCE=2  -std=gnu++11 -Wl,-z,relro -shared -Wl,-soname,libpurify.so.2.0 -o libpurify.so.2.0.0 CMakeFiles/libpurify.dir/MeasurementOperator.cc.o CMakeFiles/libpurify.dir/FFTOperator.cc.o CMakeFiles/libpurify.dir/clean.cc.o CMakeFiles/libpurify.dir/utilities.cc.o CMakeFiles/libpurify.dir/pfitsio.cc.o CMakeFiles/libpurify.dir/kernels.cc.o CMakeFiles/libpurify.dir/RMOperator.cc.o CMakeFiles/libpurify.dir/PSFOperator.cc.o CMakeFiles/libpurify.dir/casacore.cc.o /usr/lib/x86_64-linux-gnu/libfftw3.so -lCCfits -lcfitsio /usr/lib/x86_64-linux-gnu/libsopt.so.2.0.0 /usr/lib/x86_64-linux-gnu/libcasa_ms.so -ltiff -lopenmp::openmp /usr/lib/x86_64-linux-gnu/libcasa_measures.so /usr/lib/x86_64-linux-gnu/libcasa_tables.so /usr/lib/x86_64-linux-gnu/libcasa_scimath.so /usr/lib/x86_64-linux-gnu/libcasa_scimath_f.so /usr/lib/x86_64-linux-gnu/libcasa_casa.so 
/usr/bin/ld: cannot find -lopenmp::openmp
clang: error: linker command failed with exit code 1 (use -v to see invocation)
make[3]: *** [cpp/purify/CMakeFiles/libpurify.dir/build.make:218: cpp/purify/libpurify.so.2.0.0] Error 1
make[3]: Leaving directory '/<<PKGBUILDDIR>>/obj-x86_64-linux-gnu'
make[2]: *** [CMakeFiles/Makefile2:154: cpp/purify/CMakeFiles/libpurify.dir/all] Error 2
make[2]: Leaving directory '/<<PKGBUILDDIR>>/obj-x86_64-linux-gnu'
make[1]: *** [Makefile:144: all] Error 2
make[1]: Leaving directory '/<<PKGBUILDDIR>>/obj-x86_64-linux-gnu'
dh_auto_build: cd obj-x86_64-linux-gnu && make -j4 "INSTALL=install --strip-program=true" returned exit code 2
make: *** [debian/rules:9: build-arch] Error 2
dpkg-buildpackage: error: debian/rules build-arch subprocess returned exit status 2
--------------------------------------------------------------------------------
Build finished at 2019-01-01T08:54:55Z

Finished
--------


+------------------------------------------------------------------------------+
| Cleanup                                                                      |
+------------------------------------------------------------------------------+

Purging /<<BUILDDIR>>
Not cleaning session: cloned chroot in use
E: Build failure (dpkg-buildpackage died)

+------------------------------------------------------------------------------+
| Summary                                                                      |
+------------------------------------------------------------------------------+

Build Architecture: amd64
Build Type: any
Build-Space: 154248
Build-Time: 40
Distribution: unstable
Fail-Stage: build
Host Architecture: amd64
Install-Time: 19
Job: purify_2.0.0-4
Machine Architecture: amd64
Package: purify
Package-Time: 74
Source-Version: 2.0.0-4
Space: 154248
Status: attempted
Version: 2.0.0-4
--------------------------------------------------------------------------------
Finished at 2019-01-01T08:54:55Z
Build needed 00:01:14, 154248k disk space
E: Build failure (dpkg-buildpackage died)
DC-Status: Failed 75.49143725s
DC-Time-Estimation: 75.49143725 versus expected 388 (r/m: 4.13965575612352 ; m: 75.49143725)
