DC-Build-Header: skiboot 6.1-4 / 2019-01-01 09:46:45 +0000
DC-Task: type:rebuild-binarch-only source:skiboot version:6.1-4 chroot:unstable esttime:64 logfile:/tmp/skiboot_6.1-4_unstable_clang7.log modes:clang7:binarch-only
DC-Sbuild-call: su user42 -c 'sbuild -n --arch-any --apt-update -d unstable -v  --chroot-setup-commands=/tmp/clang7 skiboot_6.1-4'
sbuild (Debian sbuild) 0.73.0 (23 Dec 2016) on ip-172-31-3-208.eu-central-1.compute.internal

+==============================================================================+
| skiboot 6.1-4 (amd64)                        Tue, 01 Jan 2019 09:46:46 +0000 |
+==============================================================================+

Package: skiboot
Version: 6.1-4
Source Version: 6.1-4
Distribution: unstable
Machine Architecture: amd64
Host Architecture: amd64
Build Architecture: amd64
Build Type: any

I: NOTICE: Log filtering will replace 'var/run/schroot/mount/sid-amd64-sbuild-cf46e4d2-2ca7-4b93-b26e-2ac60a5e5d6d' with '<<CHROOT>>'

+------------------------------------------------------------------------------+
| Chroot Setup Commands                                                        |
+------------------------------------------------------------------------------+


/tmp/clang7
-----------

+ echo 'Entering customization script...'
Entering customization script...
+ CLANG_VERSION=7
+ echo 'Install of clang-7'
Install of clang-7
+ apt-get update
Get:1 http://127.0.0.1:9999/debian sid InRelease [238 kB]
Get:2 http://127.0.0.1:9999/debian sid/main Sources.diff/Index [27.9 kB]
Get:3 http://127.0.0.1:9999/debian sid/main amd64 Packages.diff/Index [27.9 kB]
Get:4 http://127.0.0.1:9999/debian sid/main Sources 2018-12-31-1417.22.pdiff [16.7 kB]
Get:5 http://127.0.0.1:9999/debian sid/main Sources 2018-12-31-2012.09.pdiff [15.0 kB]
Get:6 http://127.0.0.1:9999/debian sid/main Sources 2019-01-01-0216.00.pdiff [15.3 kB]
Get:6 http://127.0.0.1:9999/debian sid/main Sources 2019-01-01-0216.00.pdiff [15.3 kB]
Get:7 http://127.0.0.1:9999/debian sid/main amd64 Packages 2018-12-31-1417.22.pdiff [12.4 kB]
Get:8 http://127.0.0.1:9999/debian sid/main amd64 Packages 2018-12-31-2012.09.pdiff [12.1 kB]
Get:9 http://127.0.0.1:9999/debian sid/main amd64 Packages 2019-01-01-0216.00.pdiff [7889 B]
Get:9 http://127.0.0.1:9999/debian sid/main amd64 Packages 2019-01-01-0216.00.pdiff [7889 B]
Get:10 http://127.0.0.1:9999/debian sid/main Translation-en [6267 kB]
Fetched 6640 kB in 2s (3453 kB/s)
Reading package lists...
+ apt-get install --yes --no-install-recommends --force-yes clang-7
Reading package lists...
Building dependency tree...
The following additional packages will be installed:
  lib32gcc1 lib32stdc++6 libbsd0 libc6-i386 libclang-common-7-dev libclang1-7
  libedit2 libgc1c2 libllvm7 libobjc-8-dev libobjc4
Suggested packages:
  clang-7-doc
Recommended packages:
  llvm-7-dev python libomp-7-dev
The following NEW packages will be installed:
  clang-7 lib32gcc1 lib32stdc++6 libbsd0 libc6-i386 libclang-common-7-dev
  libclang1-7 libedit2 libgc1c2 libllvm7 libobjc-8-dev libobjc4
0 upgraded, 12 newly installed, 0 to remove and 1 not upgraded.
Need to get 34.1 MB of archives.
After this operation, 183 MB of additional disk space will be used.
Get:1 http://127.0.0.1:9999/debian sid/main amd64 libbsd0 amd64 0.9.1-1 [99.3 kB]
Get:2 http://127.0.0.1:9999/debian sid/main amd64 libedit2 amd64 3.1-20181209-1 [94.0 kB]
Get:3 http://127.0.0.1:9999/debian sid/main amd64 libllvm7 amd64 1:7.0.1-3 [13.0 MB]
Get:4 http://127.0.0.1:9999/debian sid/main amd64 libgc1c2 amd64 1:7.6.4-0.4 [224 kB]
Get:5 http://127.0.0.1:9999/debian sid/main amd64 libobjc4 amd64 8.2.0-13 [50.4 kB]
Get:6 http://127.0.0.1:9999/debian sid/main amd64 libobjc-8-dev amd64 8.2.0-13 [224 kB]
Get:7 http://127.0.0.1:9999/debian sid/main amd64 libc6-i386 amd64 2.28-4 [2873 kB]
Get:8 http://127.0.0.1:9999/debian sid/main amd64 lib32gcc1 amd64 1:8.2.0-13 [47.9 kB]
Get:9 http://127.0.0.1:9999/debian sid/main amd64 lib32stdc++6 amd64 8.2.0-13 [406 kB]
Get:10 http://127.0.0.1:9999/debian sid/main amd64 libclang-common-7-dev amd64 1:7.0.1-3 [3157 kB]
Get:11 http://127.0.0.1:9999/debian sid/main amd64 libclang1-7 amd64 1:7.0.1-3 [5992 kB]
Get:12 http://127.0.0.1:9999/debian sid/main amd64 clang-7 amd64 1:7.0.1-3 [7890 kB]
debconf: delaying package configuration, since apt-utils is not installed
Fetched 34.1 MB in 0s (93.3 MB/s)
Selecting previously unselected package libbsd0:amd64.
(Reading database ... (Reading database ... 5%(Reading database ... 10%(Reading database ... 15%(Reading database ... 20%(Reading database ... 25%(Reading database ... 30%(Reading database ... 35%(Reading database ... 40%(Reading database ... 45%(Reading database ... 50%(Reading database ... 55%(Reading database ... 60%(Reading database ... 65%(Reading database ... 70%(Reading database ... 75%(Reading database ... 80%(Reading database ... 85%(Reading database ... 90%(Reading database ... 95%(Reading database ... 100%(Reading database ... 11801 files and directories currently installed.)
Preparing to unpack .../00-libbsd0_0.9.1-1_amd64.deb ...
Unpacking libbsd0:amd64 (0.9.1-1) ...
Selecting previously unselected package libedit2:amd64.
Preparing to unpack .../01-libedit2_3.1-20181209-1_amd64.deb ...
Unpacking libedit2:amd64 (3.1-20181209-1) ...
Selecting previously unselected package libllvm7:amd64.
Preparing to unpack .../02-libllvm7_1%3a7.0.1-3_amd64.deb ...
Unpacking libllvm7:amd64 (1:7.0.1-3) ...
Selecting previously unselected package libgc1c2:amd64.
Preparing to unpack .../03-libgc1c2_1%3a7.6.4-0.4_amd64.deb ...
Unpacking libgc1c2:amd64 (1:7.6.4-0.4) ...
Selecting previously unselected package libobjc4:amd64.
Preparing to unpack .../04-libobjc4_8.2.0-13_amd64.deb ...
Unpacking libobjc4:amd64 (8.2.0-13) ...
Selecting previously unselected package libobjc-8-dev:amd64.
Preparing to unpack .../05-libobjc-8-dev_8.2.0-13_amd64.deb ...
Unpacking libobjc-8-dev:amd64 (8.2.0-13) ...
Selecting previously unselected package libc6-i386.
Preparing to unpack .../06-libc6-i386_2.28-4_amd64.deb ...
Unpacking libc6-i386 (2.28-4) ...
Selecting previously unselected package lib32gcc1.
Preparing to unpack .../07-lib32gcc1_1%3a8.2.0-13_amd64.deb ...
Unpacking lib32gcc1 (1:8.2.0-13) ...
Selecting previously unselected package lib32stdc++6.
Preparing to unpack .../08-lib32stdc++6_8.2.0-13_amd64.deb ...
Unpacking lib32stdc++6 (8.2.0-13) ...
Selecting previously unselected package libclang-common-7-dev.
Preparing to unpack .../09-libclang-common-7-dev_1%3a7.0.1-3_amd64.deb ...
Unpacking libclang-common-7-dev (1:7.0.1-3) ...
Selecting previously unselected package libclang1-7:amd64.
Preparing to unpack .../10-libclang1-7_1%3a7.0.1-3_amd64.deb ...
Unpacking libclang1-7:amd64 (1:7.0.1-3) ...
Selecting previously unselected package clang-7.
Preparing to unpack .../11-clang-7_1%3a7.0.1-3_amd64.deb ...
Unpacking clang-7 (1:7.0.1-3) ...
Setting up libgc1c2:amd64 (1:7.6.4-0.4) ...
Setting up libc6-i386 (2.28-4) ...
Setting up libbsd0:amd64 (0.9.1-1) ...
Processing triggers for libc-bin (2.28-4) ...
Setting up lib32gcc1 (1:8.2.0-13) ...
Setting up libedit2:amd64 (3.1-20181209-1) ...
Setting up libobjc4:amd64 (8.2.0-13) ...
Setting up libobjc-8-dev:amd64 (8.2.0-13) ...
Setting up libllvm7:amd64 (1:7.0.1-3) ...
Setting up libclang1-7:amd64 (1:7.0.1-3) ...
Setting up lib32stdc++6 (8.2.0-13) ...
Setting up libclang-common-7-dev (1:7.0.1-3) ...
Setting up clang-7 (1:7.0.1-3) ...
Processing triggers for libc-bin (2.28-4) ...
W: --force-yes is deprecated, use one of the options starting with --allow instead.
+ echo 'Replace gcc, g++ & cpp by clang'
Replace gcc, g++ & cpp by clang
+ VERSIONS='4.6 4.7 4.8 4.9 5 6 7 8'
+ cd /usr/bin
+ for VERSION in $VERSIONS
+ rm -f g++-4.6 gcc-4.6 cpp-4.6 gcc
+ ln -s clang++-7 g++-4.6
+ ln -s clang-7 gcc-4.6
+ ln -s clang-7 cpp-4.6
+ ln -s clang-7 gcc
+ echo 'gcc-4.6 hold'
+ dpkg --set-selections
dpkg: warning: package not in status nor available database at line 1: gcc-4.6
dpkg: warning: found unknown packages; this might mean the available database
is outdated, and needs to be updated through a frontend method;
please see the FAQ <https://wiki.debian.org/Teams/Dpkg/FAQ>
+ echo 'g++-4.6 hold'
+ dpkg --set-selections
dpkg: warning: package not in status nor available database at line 1: g++-4.6
dpkg: warning: found unknown packages; this might mean the available database
is outdated, and needs to be updated through a frontend method;
please see the FAQ <https://wiki.debian.org/Teams/Dpkg/FAQ>
+ for VERSION in $VERSIONS
+ rm -f g++-4.7 gcc-4.7 cpp-4.7 gcc
+ ln -s clang++-7 g++-4.7
+ ln -s clang-7 gcc-4.7
+ ln -s clang-7 cpp-4.7
+ ln -s clang-7 gcc
+ echo 'gcc-4.7 hold'
+ dpkg --set-selections
dpkg: warning: package not in status nor available database at line 1: gcc-4.7
dpkg: warning: found unknown packages; this might mean the available database
is outdated, and needs to be updated through a frontend method;
please see the FAQ <https://wiki.debian.org/Teams/Dpkg/FAQ>
+ echo 'g++-4.7 hold'
+ dpkg --set-selections
dpkg: warning: package not in status nor available database at line 1: g++-4.7
dpkg: warning: found unknown packages; this might mean the available database
is outdated, and needs to be updated through a frontend method;
please see the FAQ <https://wiki.debian.org/Teams/Dpkg/FAQ>
+ for VERSION in $VERSIONS
+ rm -f g++-4.8 gcc-4.8 cpp-4.8 gcc
+ ln -s clang++-7 g++-4.8
+ ln -s clang-7 gcc-4.8
+ ln -s clang-7 cpp-4.8
+ ln -s clang-7 gcc
+ echo 'gcc-4.8 hold'
+ dpkg --set-selections
dpkg: warning: package not in status nor available database at line 1: gcc-4.8
dpkg: warning: found unknown packages; this might mean the available database
is outdated, and needs to be updated through a frontend method;
please see the FAQ <https://wiki.debian.org/Teams/Dpkg/FAQ>
+ echo 'g++-4.8 hold'
+ dpkg --set-selections
dpkg: warning: package not in status nor available database at line 1: g++-4.8
dpkg: warning: found unknown packages; this might mean the available database
is outdated, and needs to be updated through a frontend method;
please see the FAQ <https://wiki.debian.org/Teams/Dpkg/FAQ>
+ for VERSION in $VERSIONS
+ rm -f g++-4.9 gcc-4.9 cpp-4.9 gcc
+ ln -s clang++-7 g++-4.9
+ ln -s clang-7 gcc-4.9
+ ln -s clang-7 cpp-4.9
+ ln -s clang-7 gcc
+ echo 'gcc-4.9 hold'
+ dpkg --set-selections
dpkg: warning: package not in status nor available database at line 1: gcc-4.9
dpkg: warning: found unknown packages; this might mean the available database
is outdated, and needs to be updated through a frontend method;
please see the FAQ <https://wiki.debian.org/Teams/Dpkg/FAQ>
+ echo 'g++-4.9 hold'
+ dpkg --set-selections
dpkg: warning: package not in status nor available database at line 1: g++-4.9
dpkg: warning: found unknown packages; this might mean the available database
is outdated, and needs to be updated through a frontend method;
please see the FAQ <https://wiki.debian.org/Teams/Dpkg/FAQ>
+ for VERSION in $VERSIONS
+ rm -f g++-5 gcc-5 cpp-5 gcc
+ ln -s clang++-7 g++-5
+ ln -s clang-7 gcc-5
+ ln -s clang-7 cpp-5
+ ln -s clang-7 gcc
+ echo 'gcc-5 hold'
+ dpkg --set-selections
dpkg: warning: package not in status nor available database at line 1: gcc-5
dpkg: warning: found unknown packages; this might mean the available database
is outdated, and needs to be updated through a frontend method;
please see the FAQ <https://wiki.debian.org/Teams/Dpkg/FAQ>
+ echo 'g++-5 hold'
+ dpkg --set-selections
dpkg: warning: package not in status nor available database at line 1: g++-5
dpkg: warning: found unknown packages; this might mean the available database
is outdated, and needs to be updated through a frontend method;
please see the FAQ <https://wiki.debian.org/Teams/Dpkg/FAQ>
+ for VERSION in $VERSIONS
+ rm -f g++-6 gcc-6 cpp-6 gcc
+ ln -s clang++-7 g++-6
+ ln -s clang-7 gcc-6
+ ln -s clang-7 cpp-6
+ ln -s clang-7 gcc
+ echo 'gcc-6 hold'
+ dpkg --set-selections
dpkg: warning: package not in status nor available database at line 1: gcc-6
dpkg: warning: found unknown packages; this might mean the available database
is outdated, and needs to be updated through a frontend method;
please see the FAQ <https://wiki.debian.org/Teams/Dpkg/FAQ>
+ echo 'g++-6 hold'
+ dpkg --set-selections
dpkg: warning: package not in status nor available database at line 1: g++-6
dpkg: warning: found unknown packages; this might mean the available database
is outdated, and needs to be updated through a frontend method;
please see the FAQ <https://wiki.debian.org/Teams/Dpkg/FAQ>
+ for VERSION in $VERSIONS
+ rm -f g++-7 gcc-7 cpp-7 gcc
+ ln -s clang++-7 g++-7
+ ln -s clang-7 gcc-7
+ ln -s clang-7 cpp-7
+ ln -s clang-7 gcc
+ echo 'gcc-7 hold'
+ dpkg --set-selections
dpkg: warning: package not in status nor available database at line 1: gcc-7
dpkg: warning: found unknown packages; this might mean the available database
is outdated, and needs to be updated through a frontend method;
please see the FAQ <https://wiki.debian.org/Teams/Dpkg/FAQ>
+ echo 'g++-7 hold'
+ dpkg --set-selections
dpkg: warning: package not in status nor available database at line 1: g++-7
dpkg: warning: found unknown packages; this might mean the available database
is outdated, and needs to be updated through a frontend method;
please see the FAQ <https://wiki.debian.org/Teams/Dpkg/FAQ>
+ for VERSION in $VERSIONS
+ rm -f g++-8 gcc-8 cpp-8 gcc
+ ln -s clang++-7 g++-8
+ ln -s clang-7 gcc-8
+ ln -s clang-7 cpp-8
+ ln -s clang-7 gcc
+ echo 'gcc-8 hold'
+ dpkg --set-selections
+ echo 'g++-8 hold'
+ dpkg --set-selections
+ cd -
/build/skiboot-qkvrx8
+ echo 'Check if gcc, g++ & cpp are actually clang'
Check if gcc, g++ & cpp are actually clang
+ gcc --version
+ grep clang
+ cpp --version
+ grep clang
+ g++ --version
+ grep clang

I: Finished running '/tmp/clang7'.

Finished processing commands.
--------------------------------------------------------------------------------

+------------------------------------------------------------------------------+
| Update chroot                                                                |
+------------------------------------------------------------------------------+

Hit:1 http://127.0.0.1:9999/debian sid InRelease
Reading package lists...
Reading package lists...
Building dependency tree...
Reading state information...
Calculating upgrade...
The following packages will be upgraded:
  tzdata
1 upgraded, 0 newly installed, 0 to remove and 0 not upgraded.
Need to get 258 kB of archives.
After this operation, 0 B of additional disk space will be used.
Get:1 http://127.0.0.1:9999/debian sid/main amd64 tzdata all 2018i-1 [258 kB]
debconf: delaying package configuration, since apt-utils is not installed
Fetched 258 kB in 0s (0 B/s)
(Reading database ... (Reading database ... 5%(Reading database ... 10%(Reading database ... 15%(Reading database ... 20%(Reading database ... 25%(Reading database ... 30%(Reading database ... 35%(Reading database ... 40%(Reading database ... 45%(Reading database ... 50%(Reading database ... 55%(Reading database ... 60%(Reading database ... 65%(Reading database ... 70%(Reading database ... 75%(Reading database ... 80%(Reading database ... 85%(Reading database ... 90%(Reading database ... 95%(Reading database ... 100%(Reading database ... 12570 files and directories currently installed.)
Preparing to unpack .../tzdata_2018i-1_all.deb ...
Unpacking tzdata (2018i-1) over (2018h-1) ...
Setting up tzdata (2018i-1) ...

Current default time zone: 'Etc/UTC'
Local time is now:      Tue Jan  1 09:46:58 UTC 2019.
Universal Time is now:  Tue Jan  1 09:46:58 UTC 2019.
Run 'dpkg-reconfigure tzdata' if you wish to change it.


+------------------------------------------------------------------------------+
| Fetch source files                                                           |
+------------------------------------------------------------------------------+


Check APT
---------

Checking available source versions...

Download source files with APT
------------------------------

Reading package lists...
NOTICE: 'skiboot' packaging is maintained in the 'Git' version control system at:
https://salsa.debian.org/debian/skiboot.git
Please use:
git clone https://salsa.debian.org/debian/skiboot.git
to retrieve the latest (possibly unreleased) updates to the package.
Need to get 1818 kB of source archives.
Get:1 http://127.0.0.1:9999/debian sid/main skiboot 6.1-4 (dsc) [2001 B]
Get:2 http://127.0.0.1:9999/debian sid/main skiboot 6.1-4 (tar) [1806 kB]
Get:3 http://127.0.0.1:9999/debian sid/main skiboot 6.1-4 (diff) [10.2 kB]
Fetched 1818 kB in 0s (5813 kB/s)
Download complete and in download only mode
I: NOTICE: Log filtering will replace 'build/skiboot-qkvrx8/skiboot-6.1' with '<<PKGBUILDDIR>>'
I: NOTICE: Log filtering will replace 'build/skiboot-qkvrx8' with '<<BUILDDIR>>'

+------------------------------------------------------------------------------+
| Install build-essential                                                      |
+------------------------------------------------------------------------------+


Setup apt archive
-----------------

Merged Build-Depends: build-essential, fakeroot
Filtered Build-Depends: build-essential, fakeroot
dpkg-deb: building package 'sbuild-build-depends-core-dummy' in '/<<BUILDDIR>>/resolver-ZO6Fzg/apt_archive/sbuild-build-depends-core-dummy.deb'.
dpkg-scanpackages: warning: Packages in archive but missing from override file:
dpkg-scanpackages: warning:   sbuild-build-depends-core-dummy
dpkg-scanpackages: info: Wrote 1 entries to output Packages file.
Ign:1 copy:/<<BUILDDIR>>/resolver-ZO6Fzg/apt_archive ./ InRelease
Get:2 copy:/<<BUILDDIR>>/resolver-ZO6Fzg/apt_archive ./ Release [957 B]
Ign:3 copy:/<<BUILDDIR>>/resolver-ZO6Fzg/apt_archive ./ Release.gpg
Get:4 copy:/<<BUILDDIR>>/resolver-ZO6Fzg/apt_archive ./ Sources [349 B]
Get:5 copy:/<<BUILDDIR>>/resolver-ZO6Fzg/apt_archive ./ Packages [432 B]
Fetched 1738 B in 0s (0 B/s)
Reading package lists...
Reading package lists...

Install core build dependencies (apt-based resolver)
----------------------------------------------------

Installing build dependencies
Reading package lists...
Building dependency tree...
Reading state information...
The following NEW packages will be installed:
  sbuild-build-depends-core-dummy
0 upgraded, 1 newly installed, 0 to remove and 0 not upgraded.
Need to get 856 B of archives.
After this operation, 0 B of additional disk space will be used.
Get:1 copy:/<<BUILDDIR>>/resolver-ZO6Fzg/apt_archive ./ sbuild-build-depends-core-dummy 0.invalid.0 [856 B]
debconf: delaying package configuration, since apt-utils is not installed
Fetched 856 B in 0s (0 B/s)
Selecting previously unselected package sbuild-build-depends-core-dummy.
(Reading database ... 12570 files and directories currently installed.)
Preparing to unpack .../sbuild-build-depends-core-dummy_0.invalid.0_amd64.deb ...
Unpacking sbuild-build-depends-core-dummy (0.invalid.0) ...
Setting up sbuild-build-depends-core-dummy (0.invalid.0) ...

+------------------------------------------------------------------------------+
| Check architectures                                                          |
+------------------------------------------------------------------------------+

Arch check ok (amd64 included in any all)

+------------------------------------------------------------------------------+
| Install package build dependencies                                           |
+------------------------------------------------------------------------------+


Setup apt archive
-----------------

Merged Build-Depends: debhelper (>= 11~)
Filtered Build-Depends: debhelper (>= 11~)
dpkg-deb: building package 'sbuild-build-depends-skiboot-dummy' in '/<<BUILDDIR>>/resolver-ZO6Fzg/apt_archive/sbuild-build-depends-skiboot-dummy.deb'.
dpkg-scanpackages: warning: Packages in archive but missing from override file:
dpkg-scanpackages: warning:   sbuild-build-depends-core-dummy sbuild-build-depends-skiboot-dummy
dpkg-scanpackages: info: Wrote 2 entries to output Packages file.
Ign:1 copy:/<<BUILDDIR>>/resolver-ZO6Fzg/apt_archive ./ InRelease
Get:2 copy:/<<BUILDDIR>>/resolver-ZO6Fzg/apt_archive ./ Release [963 B]
Ign:3 copy:/<<BUILDDIR>>/resolver-ZO6Fzg/apt_archive ./ Release.gpg
Get:4 copy:/<<BUILDDIR>>/resolver-ZO6Fzg/apt_archive ./ Sources [488 B]
Get:5 copy:/<<BUILDDIR>>/resolver-ZO6Fzg/apt_archive ./ Packages [570 B]
Fetched 2021 B in 0s (0 B/s)
Reading package lists...
Reading package lists...

Install skiboot build dependencies (apt-based resolver)
-------------------------------------------------------

Installing build dependencies
Reading package lists...
Building dependency tree...
Reading state information...
The following additional packages will be installed:
  autoconf automake autopoint autotools-dev bsdmainutils debhelper
  dh-autoreconf dh-strip-nondeterminism dwz file gettext gettext-base
  groff-base intltool-debian libarchive-zip-perl libcroco3 libelf1
  libfile-stripnondeterminism-perl libglib2.0-0 libicu63 libmagic-mgc
  libmagic1 libncurses6 libpipeline1 libsigsegv2 libtool libuchardet0 libxml2
  m4 man-db po-debconf sensible-utils
Suggested packages:
  autoconf-archive gnu-standards autoconf-doc wamerican | wordlist whois
  vacation dh-make gettext-doc libasprintf-dev libgettextpo-dev groff
  libtool-doc gfortran | fortran95-compiler gcj-jdk m4-doc apparmor less
  www-browser libmail-box-perl
Recommended packages:
  curl | wget | lynx libarchive-cpio-perl libglib2.0-data shared-mime-info
  xdg-user-dirs libgpm2 libltdl-dev libmail-sendmail-perl
The following NEW packages will be installed:
  autoconf automake autopoint autotools-dev bsdmainutils debhelper
  dh-autoreconf dh-strip-nondeterminism dwz file gettext gettext-base
  groff-base intltool-debian libarchive-zip-perl libcroco3 libelf1
  libfile-stripnondeterminism-perl libglib2.0-0 libicu63 libmagic-mgc
  libmagic1 libncurses6 libpipeline1 libsigsegv2 libtool libuchardet0 libxml2
  m4 man-db po-debconf sbuild-build-depends-skiboot-dummy sensible-utils
0 upgraded, 33 newly installed, 0 to remove and 0 not upgraded.
Need to get 18.8 MB of archives.
After this operation, 69.0 MB of additional disk space will be used.
Get:1 copy:/<<BUILDDIR>>/resolver-ZO6Fzg/apt_archive ./ sbuild-build-depends-skiboot-dummy 0.invalid.0 [860 B]
Get:2 http://127.0.0.1:9999/debian sid/main amd64 bsdmainutils amd64 11.1.2+b1 [191 kB]
Get:3 http://127.0.0.1:9999/debian sid/main amd64 libuchardet0 amd64 0.0.6-3 [64.9 kB]
Get:4 http://127.0.0.1:9999/debian sid/main amd64 groff-base amd64 1.22.4-1 [918 kB]
Get:5 http://127.0.0.1:9999/debian sid/main amd64 libpipeline1 amd64 1.5.0-2 [29.5 kB]
Get:6 http://127.0.0.1:9999/debian sid/main amd64 man-db amd64 2.8.4-3 [1194 kB]
Get:7 http://127.0.0.1:9999/debian sid/main amd64 sensible-utils all 0.0.12 [15.8 kB]
Get:8 http://127.0.0.1:9999/debian sid/main amd64 libmagic-mgc amd64 1:5.34-2 [239 kB]
Get:9 http://127.0.0.1:9999/debian sid/main amd64 libmagic1 amd64 1:5.34-2 [116 kB]
Get:10 http://127.0.0.1:9999/debian sid/main amd64 file amd64 1:5.34-2 [65.8 kB]
Get:11 http://127.0.0.1:9999/debian sid/main amd64 gettext-base amd64 0.19.8.1-9 [123 kB]
Get:12 http://127.0.0.1:9999/debian sid/main amd64 libsigsegv2 amd64 2.12-2 [32.8 kB]
Get:13 http://127.0.0.1:9999/debian sid/main amd64 m4 amd64 1.4.18-2 [203 kB]
Get:14 http://127.0.0.1:9999/debian sid/main amd64 autoconf all 2.69-11 [341 kB]
Get:15 http://127.0.0.1:9999/debian sid/main amd64 autotools-dev all 20180224.1 [77.0 kB]
Get:16 http://127.0.0.1:9999/debian sid/main amd64 automake all 1:1.16.1-4 [771 kB]
Get:17 http://127.0.0.1:9999/debian sid/main amd64 autopoint all 0.19.8.1-9 [434 kB]
Get:18 http://127.0.0.1:9999/debian sid/main amd64 libtool all 2.4.6-6 [547 kB]
Get:19 http://127.0.0.1:9999/debian sid/main amd64 dh-autoreconf all 19 [16.9 kB]
Get:20 http://127.0.0.1:9999/debian sid/main amd64 libarchive-zip-perl all 1.64-1 [96.8 kB]
Get:21 http://127.0.0.1:9999/debian sid/main amd64 libfile-stripnondeterminism-perl all 1.0.0-1 [19.5 kB]
Get:22 http://127.0.0.1:9999/debian sid/main amd64 dh-strip-nondeterminism all 1.0.0-1 [12.5 kB]
Get:23 http://127.0.0.1:9999/debian sid/main amd64 libelf1 amd64 0.175-2 [160 kB]
Get:24 http://127.0.0.1:9999/debian sid/main amd64 dwz amd64 0.12-3 [78.0 kB]
Get:25 http://127.0.0.1:9999/debian sid/main amd64 libglib2.0-0 amd64 2.58.1-2 [1223 kB]
Get:26 http://127.0.0.1:9999/debian sid/main amd64 libicu63 amd64 63.1-5 [8293 kB]
Get:27 http://127.0.0.1:9999/debian sid/main amd64 libxml2 amd64 2.9.4+dfsg1-7+b3 [687 kB]
Get:28 http://127.0.0.1:9999/debian sid/main amd64 libcroco3 amd64 0.6.12-3 [145 kB]
Get:29 http://127.0.0.1:9999/debian sid/main amd64 libncurses6 amd64 6.1+20181013-1 [102 kB]
Get:30 http://127.0.0.1:9999/debian sid/main amd64 gettext amd64 0.19.8.1-9 [1303 kB]
Get:31 http://127.0.0.1:9999/debian sid/main amd64 intltool-debian all 0.35.0+20060710.4 [26.3 kB]
Get:32 http://127.0.0.1:9999/debian sid/main amd64 po-debconf all 1.0.21 [248 kB]
Get:33 http://127.0.0.1:9999/debian sid/main amd64 debhelper all 12 [1002 kB]
debconf: delaying package configuration, since apt-utils is not installed
Fetched 18.8 MB in 0s (114 MB/s)
Selecting previously unselected package bsdmainutils.
(Reading database ... 12570 files and directories currently installed.)
Preparing to unpack .../00-bsdmainutils_11.1.2+b1_amd64.deb ...
Unpacking bsdmainutils (11.1.2+b1) ...
Selecting previously unselected package libuchardet0:amd64.
Preparing to unpack .../01-libuchardet0_0.0.6-3_amd64.deb ...
Unpacking libuchardet0:amd64 (0.0.6-3) ...
Selecting previously unselected package groff-base.
Preparing to unpack .../02-groff-base_1.22.4-1_amd64.deb ...
Unpacking groff-base (1.22.4-1) ...
Selecting previously unselected package libpipeline1:amd64.
Preparing to unpack .../03-libpipeline1_1.5.0-2_amd64.deb ...
Unpacking libpipeline1:amd64 (1.5.0-2) ...
Selecting previously unselected package man-db.
Preparing to unpack .../04-man-db_2.8.4-3_amd64.deb ...
Unpacking man-db (2.8.4-3) ...
Selecting previously unselected package sensible-utils.
Preparing to unpack .../05-sensible-utils_0.0.12_all.deb ...
Unpacking sensible-utils (0.0.12) ...
Selecting previously unselected package libmagic-mgc.
Preparing to unpack .../06-libmagic-mgc_1%3a5.34-2_amd64.deb ...
Unpacking libmagic-mgc (1:5.34-2) ...
Selecting previously unselected package libmagic1:amd64.
Preparing to unpack .../07-libmagic1_1%3a5.34-2_amd64.deb ...
Unpacking libmagic1:amd64 (1:5.34-2) ...
Selecting previously unselected package file.
Preparing to unpack .../08-file_1%3a5.34-2_amd64.deb ...
Unpacking file (1:5.34-2) ...
Selecting previously unselected package gettext-base.
Preparing to unpack .../09-gettext-base_0.19.8.1-9_amd64.deb ...
Unpacking gettext-base (0.19.8.1-9) ...
Selecting previously unselected package libsigsegv2:amd64.
Preparing to unpack .../10-libsigsegv2_2.12-2_amd64.deb ...
Unpacking libsigsegv2:amd64 (2.12-2) ...
Selecting previously unselected package m4.
Preparing to unpack .../11-m4_1.4.18-2_amd64.deb ...
Unpacking m4 (1.4.18-2) ...
Selecting previously unselected package autoconf.
Preparing to unpack .../12-autoconf_2.69-11_all.deb ...
Unpacking autoconf (2.69-11) ...
Selecting previously unselected package autotools-dev.
Preparing to unpack .../13-autotools-dev_20180224.1_all.deb ...
Unpacking autotools-dev (20180224.1) ...
Selecting previously unselected package automake.
Preparing to unpack .../14-automake_1%3a1.16.1-4_all.deb ...
Unpacking automake (1:1.16.1-4) ...
Selecting previously unselected package autopoint.
Preparing to unpack .../15-autopoint_0.19.8.1-9_all.deb ...
Unpacking autopoint (0.19.8.1-9) ...
Selecting previously unselected package libtool.
Preparing to unpack .../16-libtool_2.4.6-6_all.deb ...
Unpacking libtool (2.4.6-6) ...
Selecting previously unselected package dh-autoreconf.
Preparing to unpack .../17-dh-autoreconf_19_all.deb ...
Unpacking dh-autoreconf (19) ...
Selecting previously unselected package libarchive-zip-perl.
Preparing to unpack .../18-libarchive-zip-perl_1.64-1_all.deb ...
Unpacking libarchive-zip-perl (1.64-1) ...
Selecting previously unselected package libfile-stripnondeterminism-perl.
Preparing to unpack .../19-libfile-stripnondeterminism-perl_1.0.0-1_all.deb ...
Unpacking libfile-stripnondeterminism-perl (1.0.0-1) ...
Selecting previously unselected package dh-strip-nondeterminism.
Preparing to unpack .../20-dh-strip-nondeterminism_1.0.0-1_all.deb ...
Unpacking dh-strip-nondeterminism (1.0.0-1) ...
Selecting previously unselected package libelf1:amd64.
Preparing to unpack .../21-libelf1_0.175-2_amd64.deb ...
Unpacking libelf1:amd64 (0.175-2) ...
Selecting previously unselected package dwz.
Preparing to unpack .../22-dwz_0.12-3_amd64.deb ...
Unpacking dwz (0.12-3) ...
Selecting previously unselected package libglib2.0-0:amd64.
Preparing to unpack .../23-libglib2.0-0_2.58.1-2_amd64.deb ...
Unpacking libglib2.0-0:amd64 (2.58.1-2) ...
Selecting previously unselected package libicu63:amd64.
Preparing to unpack .../24-libicu63_63.1-5_amd64.deb ...
Unpacking libicu63:amd64 (63.1-5) ...
Selecting previously unselected package libxml2:amd64.
Preparing to unpack .../25-libxml2_2.9.4+dfsg1-7+b3_amd64.deb ...
Unpacking libxml2:amd64 (2.9.4+dfsg1-7+b3) ...
Selecting previously unselected package libcroco3:amd64.
Preparing to unpack .../26-libcroco3_0.6.12-3_amd64.deb ...
Unpacking libcroco3:amd64 (0.6.12-3) ...
Selecting previously unselected package libncurses6:amd64.
Preparing to unpack .../27-libncurses6_6.1+20181013-1_amd64.deb ...
Unpacking libncurses6:amd64 (6.1+20181013-1) ...
Selecting previously unselected package gettext.
Preparing to unpack .../28-gettext_0.19.8.1-9_amd64.deb ...
Unpacking gettext (0.19.8.1-9) ...
Selecting previously unselected package intltool-debian.
Preparing to unpack .../29-intltool-debian_0.35.0+20060710.4_all.deb ...
Unpacking intltool-debian (0.35.0+20060710.4) ...
Selecting previously unselected package po-debconf.
Preparing to unpack .../30-po-debconf_1.0.21_all.deb ...
Unpacking po-debconf (1.0.21) ...
Selecting previously unselected package debhelper.
Preparing to unpack .../31-debhelper_12_all.deb ...
Unpacking debhelper (12) ...
Selecting previously unselected package sbuild-build-depends-skiboot-dummy.
Preparing to unpack .../32-sbuild-build-depends-skiboot-dummy_0.invalid.0_amd64.deb ...
Unpacking sbuild-build-depends-skiboot-dummy (0.invalid.0) ...
Setting up libarchive-zip-perl (1.64-1) ...
Setting up libicu63:amd64 (63.1-5) ...
Setting up libsigsegv2:amd64 (2.12-2) ...
Setting up libelf1:amd64 (0.175-2) ...
Setting up libglib2.0-0:amd64 (2.58.1-2) ...
No schema files found: doing nothing.
Setting up gettext-base (0.19.8.1-9) ...
Setting up libpipeline1:amd64 (1.5.0-2) ...
Setting up m4 (1.4.18-2) ...
Setting up libxml2:amd64 (2.9.4+dfsg1-7+b3) ...
Setting up libuchardet0:amd64 (0.0.6-3) ...
Setting up libmagic-mgc (1:5.34-2) ...
Setting up libmagic1:amd64 (1:5.34-2) ...
Setting up libcroco3:amd64 (0.6.12-3) ...
Setting up sensible-utils (0.0.12) ...
Processing triggers for libc-bin (2.28-4) ...
Setting up dwz (0.12-3) ...
Setting up autotools-dev (20180224.1) ...
Setting up bsdmainutils (11.1.2+b1) ...
update-alternatives: using /usr/bin/bsd-write to provide /usr/bin/write (write) in auto mode
update-alternatives: using /usr/bin/bsd-from to provide /usr/bin/from (from) in auto mode
Setting up libncurses6:amd64 (6.1+20181013-1) ...
Setting up autopoint (0.19.8.1-9) ...
Setting up libfile-stripnondeterminism-perl (1.0.0-1) ...
Setting up gettext (0.19.8.1-9) ...
Setting up groff-base (1.22.4-1) ...
Setting up autoconf (2.69-11) ...
Setting up file (1:5.34-2) ...
Setting up intltool-debian (0.35.0+20060710.4) ...
Setting up automake (1:1.16.1-4) ...
update-alternatives: using /usr/bin/automake-1.16 to provide /usr/bin/automake (automake) in auto mode
Setting up man-db (2.8.4-3) ...
Not building database; man-db/auto-update is not 'true'.
Setting up libtool (2.4.6-6) ...
Setting up po-debconf (1.0.21) ...
Setting up dh-autoreconf (19) ...
Setting up dh-strip-nondeterminism (1.0.0-1) ...
Setting up debhelper (12) ...
Setting up sbuild-build-depends-skiboot-dummy (0.invalid.0) ...
Processing triggers for libc-bin (2.28-4) ...

+------------------------------------------------------------------------------+
| Build environment                                                            |
+------------------------------------------------------------------------------+

Kernel: Linux 4.9.0-8-amd64 amd64 (x86_64)
Toolchain package versions: binutils_2.31.1-11 dpkg-dev_1.19.2 g++-8_8.2.0-13 gcc-8_8.2.0-13 libc6-dev_2.28-4 libstdc++-8-dev_8.2.0-13 libstdc++6_8.2.0-13 linux-libc-dev_4.19.13-1
Package versions: adduser_3.118 apt_1.8.0~alpha3 autoconf_2.69-11 automake_1:1.16.1-4 autopoint_0.19.8.1-9 autotools-dev_20180224.1 base-files_10.1 base-passwd_3.5.45 bash_4.4.18-3.1 binutils_2.31.1-11 binutils-common_2.31.1-11 binutils-x86-64-linux-gnu_2.31.1-11 bsdmainutils_11.1.2+b1 bsdutils_1:2.33-0.2 build-essential_12.5 bzip2_1.0.6-9 clang-7_1:7.0.1-3 coreutils_8.30-1 cpp_4:8.2.0-2 cpp-8_8.2.0-13 dash_0.5.10.2-4 debconf_1.5.69 debhelper_12 debian-archive-keyring_2018.1 debianutils_4.8.6 dh-autoreconf_19 dh-strip-nondeterminism_1.0.0-1 diffutils_1:3.6-1 dpkg_1.19.2 dpkg-dev_1.19.2 dwz_0.12-3 e2fsprogs_1.44.5-1 fakeroot_1.23-1 fdisk_2.33-0.2 file_1:5.34-2 findutils_4.6.0+git+20181018-1 g++_4:8.2.0-2 g++-8_8.2.0-13 gcc_4:8.2.0-2 gcc-8_8.2.0-13 gcc-8-base_8.2.0-13 gettext_0.19.8.1-9 gettext-base_0.19.8.1-9 gpgv_2.2.12-1 grep_3.1-3 groff-base_1.22.4-1 gzip_1.9-2.1 hostname_3.21 init-system-helpers_1.56+nmu1 intltool-debian_0.35.0+20060710.4 lib32gcc1_1:8.2.0-13 lib32stdc++6_8.2.0-13 libacl1_2.2.52-3+b1 libapt-pkg5.0_1.8.0~alpha3 libarchive-zip-perl_1.64-1 libasan5_8.2.0-13 libatomic1_8.2.0-13 libattr1_1:2.4.47-2+b2 libaudit-common_1:2.8.4-2 libaudit1_1:2.8.4-2 libbinutils_2.31.1-11 libblkid1_2.33-0.2 libbsd0_0.9.1-1 libbz2-1.0_1.0.6-9 libc-bin_2.28-4 libc-dev-bin_2.28-4 libc6_2.28-4 libc6-dev_2.28-4 libc6-i386_2.28-4 libcap-ng0_0.7.9-1+b1 libcc1-0_8.2.0-13 libclang-common-7-dev_1:7.0.1-3 libclang1-7_1:7.0.1-3 libcom-err2_1.44.5-1 libcroco3_0.6.12-3 libdb5.3_5.3.28+dfsg1-0.2 libdebconfclient0_0.246 libdpkg-perl_1.19.2 libedit2_3.1-20181209-1 libelf1_0.175-2 libext2fs2_1.44.5-1 libfakeroot_1.23-1 libfdisk1_2.33-0.2 libffi6_3.2.1-9 libfile-stripnondeterminism-perl_1.0.0-1 libgc1c2_1:7.6.4-0.4 libgcc-8-dev_8.2.0-13 libgcc1_1:8.2.0-13 libgcrypt20_1.8.4-4 libgdbm-compat4_1.18.1-2 libgdbm6_1.18.1-2 libglib2.0-0_2.58.1-2 libgmp10_2:6.1.2+dfsg-4 libgnutls30_3.6.5-2 libgomp1_8.2.0-13 libgpg-error0_1.33-3 libhogweed4_3.4.1~rc1-1 libicu63_63.1-5 libidn2-0_2.0.5-1 libisl19_0.20-2 libitm1_8.2.0-13 libllvm7_1:7.0.1-3 liblsan0_8.2.0-13 liblz4-1_1.8.2-1 liblzma5_5.2.2-1.3 libmagic-mgc_1:5.34-2 libmagic1_1:5.34-2 libmount1_2.33-0.2 libmpc3_1.1.0-1 libmpfr6_4.0.1-2 libmpx2_8.2.0-13 libncurses6_6.1+20181013-1 libncursesw6_6.1+20181013-1 libnettle6_3.4.1~rc1-1 libobjc-8-dev_8.2.0-13 libobjc4_8.2.0-13 libp11-kit0_0.23.14-2 libpam-modules_1.1.8-3.8 libpam-modules-bin_1.1.8-3.8 libpam-runtime_1.1.8-3.8 libpam0g_1.1.8-3.8 libpcre3_2:8.39-11 libperl5.28_5.28.1-3 libpipeline1_1.5.0-2 libquadmath0_8.2.0-13 libseccomp2_2.3.3-3 libselinux1_2.8-1+b1 libsemanage-common_2.8-1 libsemanage1_2.8-1+b1 libsepol1_2.8-1 libsigsegv2_2.12-2 libsmartcols1_2.33-0.2 libss2_1.44.5-1 libstdc++-8-dev_8.2.0-13 libstdc++6_8.2.0-13 libsystemd0_240-2 libtasn1-6_4.13-3 libtinfo6_6.1+20181013-1 libtool_2.4.6-6 libtsan0_8.2.0-13 libubsan1_8.2.0-13 libuchardet0_0.0.6-3 libudev1_240-2 libunistring2_0.9.10-1 libuuid1_2.33-0.2 libxml2_2.9.4+dfsg1-7+b3 libzstd1_1.3.5+dfsg-2 linux-libc-dev_4.19.13-1 login_1:4.5-1.1 m4_1.4.18-2 make_4.2.1-1.2 man-db_2.8.4-3 mawk_1.3.3-17+b3 mount_2.33-0.2 ncurses-base_6.1+20181013-1 ncurses-bin_6.1+20181013-1 passwd_1:4.5-1.1 patch_2.7.6-3 perl_5.28.1-3 perl-base_5.28.1-3 perl-modules-5.28_5.28.1-3 po-debconf_1.0.21 sbuild-build-depends-core-dummy_0.invalid.0 sbuild-build-depends-skiboot-dummy_0.invalid.0 sed_4.7-1 sensible-utils_0.0.12 sysvinit-utils_2.93-2 tar_1.30+dfsg-3 tzdata_2018i-1 util-linux_2.33-0.2 xz-utils_5.2.2-1.3 zlib1g_1:1.2.11.dfsg-1

+------------------------------------------------------------------------------+
| Build                                                                        |
+------------------------------------------------------------------------------+


Unpack source
-------------

gpgv: unknown type of key resource 'trustedkeys.kbx'
gpgv: keyblock resource '/sbuild-nonexistent/.gnupg/trustedkeys.kbx': General error
gpgv: Signature made Thu Nov 22 15:34:31 2018 UTC
gpgv:                using RSA key 87DBD5756155202EC3885E936B7498FCB9B358AC
gpgv:                issuer "frediz@debian.org"
gpgv: Can't check signature: No public key
dpkg-source: warning: failed to verify signature on ./skiboot_6.1-4.dsc
dpkg-source: info: extracting skiboot in /<<PKGBUILDDIR>>
dpkg-source: info: unpacking skiboot_6.1.orig.tar.gz
dpkg-source: info: unpacking skiboot_6.1-4.debian.tar.xz
dpkg-source: info: using patch list from debian/patches/series
dpkg-source: info: applying 0001-Resolve-merge-conflict-by-incorporating-both-suggest.patch
dpkg-source: info: applying use-default-m32m64-flag.patch
dpkg-source: info: applying use-file-only-flash-operation-on-any-arch.patch

Check disk space
----------------

Sufficient free space for build

User Environment
----------------

APT_CONFIG=/var/lib/sbuild/apt.conf
HOME=/sbuild-nonexistent
LANG=en_US.UTF-8
LC_ALL=POSIX
LOGNAME=user42
PATH=/usr/local/sbin:/usr/local/bin:/usr/sbin:/usr/bin:/sbin:/bin:/usr/games
SCHROOT_ALIAS_NAME=unstable
SCHROOT_CHROOT_NAME=sid-amd64-sbuild
SCHROOT_COMMAND=env
SCHROOT_GID=1001
SCHROOT_GROUP=user42
SCHROOT_SESSION_ID=sid-amd64-sbuild-cf46e4d2-2ca7-4b93-b26e-2ac60a5e5d6d
SCHROOT_UID=1001
SCHROOT_USER=user42
SHELL=/bin/sh
USER=user42

dpkg-buildpackage
-----------------

dpkg-buildpackage: info: source package skiboot
dpkg-buildpackage: info: source version 6.1-4
dpkg-buildpackage: info: source distribution unstable
dpkg-buildpackage: info: source changed by Frédéric Bonnard <frediz@debian.org>
 dpkg-source --before-build .
dpkg-buildpackage: info: host architecture amd64
 fakeroot debian/rules clean
dh clean
   debian/rules override_dh_auto_clean
make[1]: Entering directory '/<<PKGBUILDDIR>>'
make -C external/opal-prd/ distclean
make[2]: Entering directory '/<<PKGBUILDDIR>>/external/opal-prd'
rm -f *.[odsa] opal-prd
rm -f test/*.[odsa] test/test_pnor
rm -f -f  asm
rm -f -f libflash ccan version.c .version common
make[2]: Leaving directory '/<<PKGBUILDDIR>>/external/opal-prd'
make -C external/gard/ distclean
make[2]: Entering directory '/<<PKGBUILDDIR>>/external/gard'
rm -rf common-arch_flash_common.o common-arch_flash_x86.o common/ast-sf-ctrl.c common/ast.h common/io.h
rm -f version.o gard.o units.o libflash-libflash.o libflash-libffs.o libflash-ecc.o libflash-blocklevel.o libflash-file.o ccan-list-list.o common-arch_flash.o gard *.o *.d .version .version.tmp
rm -f *.c~ *.h~ *.sh~ Makefile~ config.mk~ libflash/*.c~ libflash/*.h~
rm -f libflash ccan common io.h version.c make_version.sh
rm -f gard-*.tar
make[2]: Leaving directory '/<<PKGBUILDDIR>>/external/gard'
make -C external/pflash/ distclean
make[2]: Entering directory '/<<PKGBUILDDIR>>/external/pflash'
rm -rf common-arch_flash_common.o common-arch_flash_x86.o common/ast-sf-ctrl.c common/ast.h common/io.h
rm -f pflash.o progress.o version.o common-arch_flash.o libflash-libflash.o libflash-libffs.o libflash-ecc.o libflash-blocklevel.o libflash-file.o ccan-list-list.o pflash *.o *.d
rm -f *.c~ *.h~ *.sh~ Makefile~ config.mk~ libflash/*.c~ libflash/*.h~
rm -f libflash ccan version.c .version .version.tmp
rm -f common io.h
make[2]: Leaving directory '/<<PKGBUILDDIR>>/external/pflash'
make -C external/xscom-utils/ distclean
make[2]: Entering directory '/<<PKGBUILDDIR>>/external/xscom-utils'
rm -rf *.[od] getscom putscom getsram
rm -rf *.c~ *.h~ *.i *.s Makefile~ .version version.c
make[2]: Leaving directory '/<<PKGBUILDDIR>>/external/xscom-utils'
dh_auto_clean
	make -j4 distclean
make[2]: Entering directory '/<<PKGBUILDDIR>>'
make[2]: powerpc64-linux-gcc: Command not found
	[ CLEANUP ]   gard-test-clean
rm -f libstb/create-container
	[ CLEANUP ]   ffspart-test-clean
	[ CLEANUP ]   pflash-test-clean
rm -f -f ccan/check_type/test/run ccan/str/test/run-STR_MAX_CHARS ccan/str/test/run ccan/list/test/run-list_del_from-assert ccan/list/test/run-single-eval ccan/list/test/run-with-debug ccan/list/test/run-check-corrupt ccan/list/test/run ccan/build_assert/test/run-BUILD_ASSERT_OR_ZERO ccan/short_types/test/run-endian ccan/short_types/test/run ccan/array_size/test/run ccan/container_of/test/run ccan/endian/test/run \
	ccan/check_type/test/run-gcov ccan/str/test/run-STR_MAX_CHARS-gcov ccan/str/test/run-gcov ccan/list/test/run-list_del_from-assert-gcov ccan/list/test/run-single-eval-gcov ccan/list/test/run-with-debug-gcov ccan/list/test/run-check-corrupt-gcov ccan/list/test/run-gcov ccan/build_assert/test/run-BUILD_ASSERT_OR_ZERO-gcov ccan/short_types/test/run-endian-gcov ccan/short_types/test/run-gcov ccan/array_size/test/run-gcov ccan/container_of/test/run-gcov ccan/endian/test/run-gcov \
	ccan/check_type/test/run.d ccan/str/test/run-STR_MAX_CHARS.d ccan/str/test/run.d ccan/list/test/run-list_del_from-assert.d ccan/list/test/run-single-eval.d ccan/list/test/run-with-debug.d ccan/list/test/run-check-corrupt.d ccan/list/test/run.d ccan/build_assert/test/run-BUILD_ASSERT_OR_ZERO.d ccan/short_types/test/run-endian.d ccan/short_types/test/run.d ccan/array_size/test/run.d ccan/container_of/test/run.d ccan/endian/test/run.d \
	ccan/check_type/test/run.o ccan/str/test/run-STR_MAX_CHARS.o ccan/str/test/run.o ccan/list/test/run-list_del_from-assert.o ccan/list/test/run-single-eval.o ccan/list/test/run-with-debug.o ccan/list/test/run-check-corrupt.o ccan/list/test/run.o ccan/build_assert/test/run-BUILD_ASSERT_OR_ZERO.o ccan/short_types/test/run-endian.o ccan/short_types/test/run.o ccan/array_size/test/run.o ccan/container_of/test/run.o ccan/endian/test/run.o \
	ccan/check_type/test/run.gcda ccan/str/test/run-STR_MAX_CHARS.gcda ccan/str/test/run.gcda ccan/list/test/run-list_del_from-assert.gcda ccan/list/test/run-single-eval.gcda ccan/list/test/run-with-debug.gcda ccan/list/test/run-check-corrupt.gcda ccan/list/test/run.gcda ccan/build_assert/test/run-BUILD_ASSERT_OR_ZERO.gcda ccan/short_types/test/run-endian.gcda ccan/short_types/test/run.gcda ccan/array_size/test/run.gcda ccan/container_of/test/run.gcda ccan/endian/test/run.gcda \
	ccan/check_type/test/run.gcno ccan/str/test/run-STR_MAX_CHARS.gcno ccan/str/test/run.gcno ccan/list/test/run-list_del_from-assert.gcno ccan/list/test/run-single-eval.gcno ccan/list/test/run-with-debug.gcno ccan/list/test/run-check-corrupt.gcno ccan/list/test/run.gcno ccan/build_assert/test/run-BUILD_ASSERT_OR_ZERO.gcno ccan/short_types/test/run-endian.gcno ccan/short_types/test/run.gcno ccan/array_size/test/run.gcno ccan/container_of/test/run.gcno ccan/endian/test/run.gcno
rm -f -f core/test/*.[od] core/test/run-bitmap core/test/run-device core/test/run-flash-subpartition core/test/run-mem_region core/test/run-malloc core/test/run-malloc-speed core/test/run-mem_region_init core/test/run-mem_region_next core/test/run-mem_region_release_unused core/test/run-mem_region_release_unused_noalloc core/test/run-mem_region_reservations core/test/run-mem_range_is_reserved core/test/run-nvram-format core/test/run-trace core/test/run-msg core/test/run-pel core/test/run-pool core/test/run-time-utils core/test/run-timebase core/test/run-timer core/test/run-buddy core/test/run-pci-quirk core/test/run-bitmap-gcov core/test/run-device-gcov core/test/run-flash-subpartition-gcov core/test/run-mem_region-gcov core/test/run-malloc-gcov core/test/run-malloc-speed-gcov core/test/run-mem_region_init-gcov core/test/run-mem_region_next-gcov core/test/run-mem_region_release_unused-gcov core/test/run-mem_region_release_unused_noalloc-gcov core/test/run-mem_region_reservations-gcov core/test/run-mem_range_is_reserved-gcov core/test/run-nvram-format-gcov core/test/run-trace-gcov core/test/run-msg-gcov core/test/run-pel-gcov core/test/run-pool-gcov core/test/run-time-utils-gcov core/test/run-timebase-gcov core/test/run-timer-gcov core/test/run-buddy-gcov core/test/run-pci-quirk-gcov
make[3]: warning: jobserver unavailable: using -j1.  Add '+' to parent make rule.
rm -f -f core/test/run-console-log core/test/run-console-log-buf-overrun core/test/run-console-log-pr_fmt core/test/run-api-test core/test/run-console-log-gcov core/test/run-console-log-buf-overrun-gcov core/test/run-console-log-pr_fmt-gcov core/test/run-api-test-gcov
make[3]: warning: jobserver unavailable: using -j1.  Add '+' to parent make rule.
make[3]: warning: jobserver unavailable: using -j1.  Add '+' to parent make rule.
rm -f -f *.gcda *.gcno skiboot.info
rm -f -rf coverage-report
rm -f hdata/test/*.[od] hdata/test/hdata_to_dt
rm -f hdata/test/hdata_to_dt hdata/test/hdata_to_dt-gcov
rm -f -f hw/ipmi/test/*.[od] hw/ipmi/test/run-fru hw/ipmi/test/run-fru-gcov
rm -f -f *.gcda *.gcno skiboot.info
rm -f -rf coverage-report
rm -f -f hw/test/*.[od] hw/test/phys-map-test
rm -f -f libc/test/*.[od]
rm -f -f libc/test/run-time \
	libc/test/run-time-gcov \
	libc/test/run-time.gcda \
	libc/test/run-time.gcno
rm -f -f libc/test/run-snprintf libc/test/run-memops libc/test/run-stdlib libc/test/run-ctype \
	libc/test/run-snprintf-gcov libc/test/run-memops-gcov libc/test/run-stdlib-gcov libc/test/run-ctype-gcov \
	libc/test/run-snprintf-gcov.gcda libc/test/run-memops-gcov.gcda libc/test/run-stdlib-gcov.gcda libc/test/run-ctype-gcov.gcda \
	libc/test/run-snprintf-gcov.gcno libc/test/run-memops-gcov.gcno libc/test/run-stdlib-gcov.gcno libc/test/run-ctype-gcov.gcno \
	libc/test/run-snprintf-gcov-test.gcda libc/test/run-memops-gcov-test.gcda libc/test/run-stdlib-gcov-test.gcda libc/test/run-ctype-gcov-test.gcda \
	libc/test/run-snprintf-gcov-test.gcno libc/test/run-memops-gcov-test.gcno libc/test/run-stdlib-gcov-test.gcno libc/test/run-ctype-gcov-test.gcno \
	libc/test/run-snprintf-test.o libc/test/run-memops-test.o libc/test/run-stdlib-test.o libc/test/run-ctype-test.o
rm -f libflash/test/*.o libflash/test/test-flash libflash/test/test-ecc libflash/test/test-blocklevel libflash/test/test-mbox
rm -f libflash/test/*.d
rm -f libflash/test/*-gcov
rm -f -f libstb/test/*.[od] libstb/test/run-stb-container libstb/test/run-stb-container-gcov
rm -f -f libstb/test/*.gcda libstb/test/*.gcno
rm -f test/hello_world/hello_kernel/hello_kernel
rm -f test/hello_world/hello_kernel/hello_kernel.o
rm -f test/sreset_world/sreset_kernel/sreset_kernel
rm -f test/sreset_world/sreset_kernel/sreset_kernel.o
rm -f *.[odsa] asm/*.[odsa] core/*.[odsa] hw/*.[odsa] hw/fsp/*.[odsa] hw/ec/*.[odsa] hw/ast-bmc/*.[odsa] hw/ipmi/*.[odsa] platforms/*.[odsa] platforms/ibm-fsp/*.[odsa] platforms/rhesus/*.[odsa] platforms/astbmc/*.[odsa] platforms/mambo/*.[odsa] platforms/qemu/*.[odsa] libfdt/*.[odsa] libflash/*.[odsa] libxz/*.[odsa] libpore/*.[odsa] libc/*.[odsa] libc/string/*.[odsa] libc/ctype/*.[odsa] libc/stdlib/*.[odsa] libc/stdio/*.[odsa] ccan/*.[odsa] ccan/list/*.[odsa] ccan/str/*.[odsa] hdata/*.[odsa] libstb/*.[odsa] libstb/mbedtls/*.[odsa] libstb/drivers/*.[odsa] libstb/tss/*.[odsa]
rm -f *.elf skiboot.lid *.map skiboot.lds skiboot.lid.xz
rm -f include/asm-offsets.h version.c .version
rm -f skiboot.info external/gard/gard.info external/pflash/pflash.info
rm -f extract-gcov skiboot.lid.stb skiboot.lid.xz.stb
rm -f *~ asm/*~ core/*~ hw/*~ hw/fsp/*~ hw/ec/*~ hw/ast-bmc/*~ hw/ipmi/*~ platforms/*~ platforms/ibm-fsp/*~ platforms/rhesus/*~ platforms/astbmc/*~ platforms/mambo/*~ platforms/qemu/*~ libfdt/*~ libflash/*~ libxz/*~ libpore/*~ libc/*~ libc/string/*~ libc/ctype/*~ libc/stdlib/*~ libc/stdio/*~ ccan/*~ ccan/list/*~ ccan/str/*~ hdata/*~ libstb/*~ libstb/mbedtls/*~ libstb/drivers/*~ libstb/tss/*~ include/*~
make[2]: Leaving directory '/<<PKGBUILDDIR>>'
make[1]: Leaving directory '/<<PKGBUILDDIR>>'
   dh_clean
	rm -f debian/debhelper-build-stamp
	rm -rf debian/.debhelper/
	rm -f -- debian/qemu-skiboot.substvars debian/opal-utils.substvars debian/files
	rm -fr -- debian/qemu-skiboot/ debian/tmp/ debian/opal-utils/
	find .  \( \( \
		\( -path .\*/.git -o -path .\*/.svn -o -path .\*/.bzr -o -path .\*/.hg -o -path .\*/CVS -o -path .\*/.pc -o -path .\*/_darcs \) -prune -o -type f -a \
	        \( -name '#*#' -o -name '.*~' -o -name '*~' -o -name DEADJOE \
		 -o -name '*.orig' -o -name '*.rej' -o -name '*.bak' \
		 -o -name '.*.orig' -o -name .*.rej -o -name '.SUMS' \
		 -o -name TAGS -o \( -path '*/.deps/*' -a -name '*.P' \) \
		\) -exec rm -f {} + \) -o \
		\( -type d -a -name autom4te.cache -prune -exec rm -rf {} + \) \)
 debian/rules build-arch
dh build-arch
   dh_update_autotools_config -a
   dh_autoreconf -a
   dh_auto_configure -a
   debian/rules override_dh_auto_build-arch
make[1]: Entering directory '/<<PKGBUILDDIR>>'
GARD_VERSION=gard-6.1 make V=1 -C external/gard/
make[2]: Entering directory '/<<PKGBUILDDIR>>/external/gard'
ln -sf ../../libflash ./libflash
ln -sf ../../ccan ./ccan
ln -sf ../common ./common
ln -sf ../../hw/ast-bmc/ast-sf-ctrl.c common/ast-sf-ctrl.c
ln -sf ../../include/ast.h common/ast.h
ln -sf arch_flash_x86_io.h common/io.h
cc -g -O2 -fdebug-prefix-map=/<<PKGBUILDDIR>>=. -specs=/usr/share/dpkg/no-pie-compile.specs -fstack-protector-strong -Wformat -Werror=format-security -O2 -Wall -Werror -Wno-stringop-truncation -I. -c version.c -o version.o
clang: error: argument unused during compilation: '-specs=/usr/share/dpkg/no-pie-compile.specs' [-Werror,-Wunused-command-line-argument]
make[2]: *** [rules.mk:32: version.o] Error 1
make[2]: Leaving directory '/<<PKGBUILDDIR>>/external/gard'
make[1]: *** [debian/rules:25: override_dh_auto_build-arch] Error 2
make[1]: Leaving directory '/<<PKGBUILDDIR>>'
make: *** [debian/rules:16: build-arch] Error 2
dpkg-buildpackage: error: debian/rules build-arch subprocess returned exit status 2
--------------------------------------------------------------------------------
Build finished at 2019-01-01T09:47:07Z

Finished
--------


+------------------------------------------------------------------------------+
| Cleanup                                                                      |
+------------------------------------------------------------------------------+

Purging /<<BUILDDIR>>
Not cleaning session: cloned chroot in use
E: Build failure (dpkg-buildpackage died)

+------------------------------------------------------------------------------+
| Summary                                                                      |
+------------------------------------------------------------------------------+

Build Architecture: amd64
Build Type: any
Build-Space: 16520
Build-Time: 1
Distribution: unstable
Fail-Stage: build
Host Architecture: amd64
Install-Time: 6
Job: skiboot_6.1-4
Machine Architecture: amd64
Package: skiboot
Package-Time: 21
Source-Version: 6.1-4
Space: 16520
Status: attempted
Version: 6.1-4
--------------------------------------------------------------------------------
Finished at 2019-01-01T09:47:07Z
Build needed 00:00:21, 16520k disk space
E: Build failure (dpkg-buildpackage died)
DC-Status: Failed 22.170681723s
DC-Time-Estimation: 22.170681723 versus expected 64 (r/m: 1.8866951769735618 ; m: 22.170681723)
