DC-Build-Header: spades 3.13.0+dfsg-1 / 2019-01-01 04:02:15 +0000
DC-Task: type:rebuild-binarch-only source:spades version:3.13.0+dfsg-1 chroot:unstable esttime: logfile:/tmp/spades_3.13.0+dfsg-1_unstable_clang7.log modes:clang7:binarch-only
DC-Sbuild-call: su user42 -c 'sbuild -n --arch-any --apt-update -d unstable -v  --chroot-setup-commands=/tmp/clang7 spades_3.13.0+dfsg-1'
sbuild (Debian sbuild) 0.73.0 (23 Dec 2016) on ip-172-31-0-242.eu-central-1.compute.internal

+==============================================================================+
| spades 3.13.0+dfsg-1 (amd64)                 Tue, 01 Jan 2019 04:02:15 +0000 |
+==============================================================================+

Package: spades
Version: 3.13.0+dfsg-1
Source Version: 3.13.0+dfsg-1
Distribution: unstable
Machine Architecture: amd64
Host Architecture: amd64
Build Architecture: amd64
Build Type: any

I: NOTICE: Log filtering will replace 'var/run/schroot/mount/sid-amd64-sbuild-7f6ee3c1-484e-4c23-848a-055903ed7e85' with '<<CHROOT>>'

+------------------------------------------------------------------------------+
| Chroot Setup Commands                                                        |
+------------------------------------------------------------------------------+


/tmp/clang7
-----------

+ echo 'Entering customization script...'
Entering customization script...
+ CLANG_VERSION=7
+ echo 'Install of clang-7'
Install of clang-7
+ apt-get update
Get:1 http://127.0.0.1:9999/debian sid InRelease [238 kB]
Get:2 http://127.0.0.1:9999/debian sid/main Sources.diff/Index [27.9 kB]
Get:3 http://127.0.0.1:9999/debian sid/main amd64 Packages.diff/Index [27.9 kB]
Get:4 http://127.0.0.1:9999/debian sid/main Sources 2018-12-31-1417.22.pdiff [16.7 kB]
Get:5 http://127.0.0.1:9999/debian sid/main Sources 2018-12-31-2012.09.pdiff [15.0 kB]
Get:6 http://127.0.0.1:9999/debian sid/main Sources 2019-01-01-0216.00.pdiff [15.3 kB]
Get:6 http://127.0.0.1:9999/debian sid/main Sources 2019-01-01-0216.00.pdiff [15.3 kB]
Get:7 http://127.0.0.1:9999/debian sid/main amd64 Packages 2018-12-31-1417.22.pdiff [12.4 kB]
Get:8 http://127.0.0.1:9999/debian sid/main amd64 Packages 2018-12-31-2012.09.pdiff [12.1 kB]
Get:9 http://127.0.0.1:9999/debian sid/main amd64 Packages 2019-01-01-0216.00.pdiff [7889 B]
Get:9 http://127.0.0.1:9999/debian sid/main amd64 Packages 2019-01-01-0216.00.pdiff [7889 B]
Get:10 http://127.0.0.1:9999/debian sid/main Translation-en [6267 kB]
Fetched 6640 kB in 3s (2415 kB/s)
Reading package lists...
+ apt-get install --yes --no-install-recommends --force-yes clang-7
Reading package lists...
Building dependency tree...
The following additional packages will be installed:
  lib32gcc1 lib32stdc++6 libbsd0 libc6-i386 libclang-common-7-dev libclang1-7
  libedit2 libgc1c2 libllvm7 libobjc-8-dev libobjc4
Suggested packages:
  clang-7-doc
Recommended packages:
  llvm-7-dev python libomp-7-dev
The following NEW packages will be installed:
  clang-7 lib32gcc1 lib32stdc++6 libbsd0 libc6-i386 libclang-common-7-dev
  libclang1-7 libedit2 libgc1c2 libllvm7 libobjc-8-dev libobjc4
0 upgraded, 12 newly installed, 0 to remove and 1 not upgraded.
Need to get 34.1 MB of archives.
After this operation, 183 MB of additional disk space will be used.
Get:1 http://127.0.0.1:9999/debian sid/main amd64 libbsd0 amd64 0.9.1-1 [99.3 kB]
Get:2 http://127.0.0.1:9999/debian sid/main amd64 libedit2 amd64 3.1-20181209-1 [94.0 kB]
Get:3 http://127.0.0.1:9999/debian sid/main amd64 libllvm7 amd64 1:7.0.1-3 [13.0 MB]
Get:4 http://127.0.0.1:9999/debian sid/main amd64 libgc1c2 amd64 1:7.6.4-0.4 [224 kB]
Get:5 http://127.0.0.1:9999/debian sid/main amd64 libobjc4 amd64 8.2.0-13 [50.4 kB]
Get:6 http://127.0.0.1:9999/debian sid/main amd64 libobjc-8-dev amd64 8.2.0-13 [224 kB]
Get:7 http://127.0.0.1:9999/debian sid/main amd64 libc6-i386 amd64 2.28-4 [2873 kB]
Get:8 http://127.0.0.1:9999/debian sid/main amd64 lib32gcc1 amd64 1:8.2.0-13 [47.9 kB]
Get:9 http://127.0.0.1:9999/debian sid/main amd64 lib32stdc++6 amd64 8.2.0-13 [406 kB]
Get:10 http://127.0.0.1:9999/debian sid/main amd64 libclang-common-7-dev amd64 1:7.0.1-3 [3157 kB]
Get:11 http://127.0.0.1:9999/debian sid/main amd64 libclang1-7 amd64 1:7.0.1-3 [5992 kB]
Get:12 http://127.0.0.1:9999/debian sid/main amd64 clang-7 amd64 1:7.0.1-3 [7890 kB]
debconf: delaying package configuration, since apt-utils is not installed
Fetched 34.1 MB in 0s (69.5 MB/s)
Selecting previously unselected package libbsd0:amd64.
(Reading database ... (Reading database ... 5%(Reading database ... 10%(Reading database ... 15%(Reading database ... 20%(Reading database ... 25%(Reading database ... 30%(Reading database ... 35%(Reading database ... 40%(Reading database ... 45%(Reading database ... 50%(Reading database ... 55%(Reading database ... 60%(Reading database ... 65%(Reading database ... 70%(Reading database ... 75%(Reading database ... 80%(Reading database ... 85%(Reading database ... 90%(Reading database ... 95%(Reading database ... 100%(Reading database ... 11801 files and directories currently installed.)
Preparing to unpack .../00-libbsd0_0.9.1-1_amd64.deb ...
Unpacking libbsd0:amd64 (0.9.1-1) ...
Selecting previously unselected package libedit2:amd64.
Preparing to unpack .../01-libedit2_3.1-20181209-1_amd64.deb ...
Unpacking libedit2:amd64 (3.1-20181209-1) ...
Selecting previously unselected package libllvm7:amd64.
Preparing to unpack .../02-libllvm7_1%3a7.0.1-3_amd64.deb ...
Unpacking libllvm7:amd64 (1:7.0.1-3) ...
Selecting previously unselected package libgc1c2:amd64.
Preparing to unpack .../03-libgc1c2_1%3a7.6.4-0.4_amd64.deb ...
Unpacking libgc1c2:amd64 (1:7.6.4-0.4) ...
Selecting previously unselected package libobjc4:amd64.
Preparing to unpack .../04-libobjc4_8.2.0-13_amd64.deb ...
Unpacking libobjc4:amd64 (8.2.0-13) ...
Selecting previously unselected package libobjc-8-dev:amd64.
Preparing to unpack .../05-libobjc-8-dev_8.2.0-13_amd64.deb ...
Unpacking libobjc-8-dev:amd64 (8.2.0-13) ...
Selecting previously unselected package libc6-i386.
Preparing to unpack .../06-libc6-i386_2.28-4_amd64.deb ...
Unpacking libc6-i386 (2.28-4) ...
Selecting previously unselected package lib32gcc1.
Preparing to unpack .../07-lib32gcc1_1%3a8.2.0-13_amd64.deb ...
Unpacking lib32gcc1 (1:8.2.0-13) ...
Selecting previously unselected package lib32stdc++6.
Preparing to unpack .../08-lib32stdc++6_8.2.0-13_amd64.deb ...
Unpacking lib32stdc++6 (8.2.0-13) ...
Selecting previously unselected package libclang-common-7-dev.
Preparing to unpack .../09-libclang-common-7-dev_1%3a7.0.1-3_amd64.deb ...
Unpacking libclang-common-7-dev (1:7.0.1-3) ...
Selecting previously unselected package libclang1-7:amd64.
Preparing to unpack .../10-libclang1-7_1%3a7.0.1-3_amd64.deb ...
Unpacking libclang1-7:amd64 (1:7.0.1-3) ...
Selecting previously unselected package clang-7.
Preparing to unpack .../11-clang-7_1%3a7.0.1-3_amd64.deb ...
Unpacking clang-7 (1:7.0.1-3) ...
Setting up libgc1c2:amd64 (1:7.6.4-0.4) ...
Setting up libc6-i386 (2.28-4) ...
Setting up libbsd0:amd64 (0.9.1-1) ...
Processing triggers for libc-bin (2.28-4) ...
Setting up lib32gcc1 (1:8.2.0-13) ...
Setting up libedit2:amd64 (3.1-20181209-1) ...
Setting up libobjc4:amd64 (8.2.0-13) ...
Setting up libobjc-8-dev:amd64 (8.2.0-13) ...
Setting up libllvm7:amd64 (1:7.0.1-3) ...
Setting up libclang1-7:amd64 (1:7.0.1-3) ...
Setting up lib32stdc++6 (8.2.0-13) ...
Setting up libclang-common-7-dev (1:7.0.1-3) ...
Setting up clang-7 (1:7.0.1-3) ...
Processing triggers for libc-bin (2.28-4) ...
W: --force-yes is deprecated, use one of the options starting with --allow instead.
+ echo 'Replace gcc, g++ & cpp by clang'
Replace gcc, g++ & cpp by clang
+ VERSIONS='4.6 4.7 4.8 4.9 5 6 7 8'
+ cd /usr/bin
+ for VERSION in $VERSIONS
+ rm -f g++-4.6 gcc-4.6 cpp-4.6 gcc
+ ln -s clang++-7 g++-4.6
+ ln -s clang-7 gcc-4.6
+ ln -s clang-7 cpp-4.6
+ ln -s clang-7 gcc
+ echo 'gcc-4.6 hold'
+ dpkg --set-selections
dpkg: warning: package not in status nor available database at line 1: gcc-4.6
dpkg: warning: found unknown packages; this might mean the available database
is outdated, and needs to be updated through a frontend method;
please see the FAQ <https://wiki.debian.org/Teams/Dpkg/FAQ>
+ dpkg --set-selections
+ echo 'g++-4.6 hold'
dpkg: warning: package not in status nor available database at line 1: g++-4.6
dpkg: warning: found unknown packages; this might mean the available database
is outdated, and needs to be updated through a frontend method;
please see the FAQ <https://wiki.debian.org/Teams/Dpkg/FAQ>
+ for VERSION in $VERSIONS
+ rm -f g++-4.7 gcc-4.7 cpp-4.7 gcc
+ ln -s clang++-7 g++-4.7
+ ln -s clang-7 gcc-4.7
+ ln -s clang-7 cpp-4.7
+ ln -s clang-7 gcc
+ echo 'gcc-4.7 hold'
+ dpkg --set-selections
dpkg: warning: package not in status nor available database at line 1: gcc-4.7
dpkg: warning: found unknown packages; this might mean the available database
is outdated, and needs to be updated through a frontend method;
please see the FAQ <https://wiki.debian.org/Teams/Dpkg/FAQ>
+ echo 'g++-4.7 hold'
+ dpkg --set-selections
dpkg: warning: package not in status nor available database at line 1: g++-4.7
dpkg: warning: found unknown packages; this might mean the available database
is outdated, and needs to be updated through a frontend method;
please see the FAQ <https://wiki.debian.org/Teams/Dpkg/FAQ>
+ for VERSION in $VERSIONS
+ rm -f g++-4.8 gcc-4.8 cpp-4.8 gcc
+ ln -s clang++-7 g++-4.8
+ ln -s clang-7 gcc-4.8
+ ln -s clang-7 cpp-4.8
+ ln -s clang-7 gcc
+ dpkg --set-selections
+ echo 'gcc-4.8 hold'
dpkg: warning: package not in status nor available database at line 1: gcc-4.8
dpkg: warning: found unknown packages; this might mean the available database
is outdated, and needs to be updated through a frontend method;
please see the FAQ <https://wiki.debian.org/Teams/Dpkg/FAQ>
+ echo 'g++-4.8 hold'
+ dpkg --set-selections
dpkg: warning: package not in status nor available database at line 1: g++-4.8
dpkg: warning: found unknown packages; this might mean the available database
is outdated, and needs to be updated through a frontend method;
please see the FAQ <https://wiki.debian.org/Teams/Dpkg/FAQ>
+ for VERSION in $VERSIONS
+ rm -f g++-4.9 gcc-4.9 cpp-4.9 gcc
+ ln -s clang++-7 g++-4.9
+ ln -s clang-7 gcc-4.9
+ ln -s clang-7 cpp-4.9
+ ln -s clang-7 gcc
+ echo 'gcc-4.9 hold'
+ dpkg --set-selections
dpkg: warning: package not in status nor available database at line 1: gcc-4.9
dpkg: warning: found unknown packages; this might mean the available database
is outdated, and needs to be updated through a frontend method;
please see the FAQ <https://wiki.debian.org/Teams/Dpkg/FAQ>
+ echo 'g++-4.9 hold'
+ dpkg --set-selections
dpkg: warning: package not in status nor available database at line 1: g++-4.9
dpkg: warning: found unknown packages; this might mean the available database
is outdated, and needs to be updated through a frontend method;
please see the FAQ <https://wiki.debian.org/Teams/Dpkg/FAQ>
+ for VERSION in $VERSIONS
+ rm -f g++-5 gcc-5 cpp-5 gcc
+ ln -s clang++-7 g++-5
+ ln -s clang-7 gcc-5
+ ln -s clang-7 cpp-5
+ ln -s clang-7 gcc
+ dpkg --set-selections
+ echo 'gcc-5 hold'
dpkg: warning: package not in status nor available database at line 1: gcc-5
dpkg: warning: found unknown packages; this might mean the available database
is outdated, and needs to be updated through a frontend method;
please see the FAQ <https://wiki.debian.org/Teams/Dpkg/FAQ>
+ echo 'g++-5 hold'
+ dpkg --set-selections
dpkg: warning: package not in status nor available database at line 1: g++-5
dpkg: warning: found unknown packages; this might mean the available database
is outdated, and needs to be updated through a frontend method;
please see the FAQ <https://wiki.debian.org/Teams/Dpkg/FAQ>
+ for VERSION in $VERSIONS
+ rm -f g++-6 gcc-6 cpp-6 gcc
+ ln -s clang++-7 g++-6
+ ln -s clang-7 gcc-6
+ ln -s clang-7 cpp-6
+ ln -s clang-7 gcc
+ dpkg --set-selections
+ echo 'gcc-6 hold'
dpkg: warning: package not in status nor available database at line 1: gcc-6
dpkg: warning: found unknown packages; this might mean the available database
is outdated, and needs to be updated through a frontend method;
please see the FAQ <https://wiki.debian.org/Teams/Dpkg/FAQ>
+ dpkg --set-selections
+ echo 'g++-6 hold'
dpkg: warning: package not in status nor available database at line 1: g++-6
dpkg: warning: found unknown packages; this might mean the available database
is outdated, and needs to be updated through a frontend method;
please see the FAQ <https://wiki.debian.org/Teams/Dpkg/FAQ>
+ for VERSION in $VERSIONS
+ rm -f g++-7 gcc-7 cpp-7 gcc
+ ln -s clang++-7 g++-7
+ ln -s clang-7 gcc-7
+ ln -s clang-7 cpp-7
+ ln -s clang-7 gcc
+ echo 'gcc-7 hold'
+ dpkg --set-selections
dpkg: warning: package not in status nor available database at line 1: gcc-7
dpkg: warning: found unknown packages; this might mean the available database
is outdated, and needs to be updated through a frontend method;
please see the FAQ <https://wiki.debian.org/Teams/Dpkg/FAQ>
+ echo 'g++-7 hold'
+ dpkg --set-selections
dpkg: warning: package not in status nor available database at line 1: g++-7
dpkg: warning: found unknown packages; this might mean the available database
is outdated, and needs to be updated through a frontend method;
please see the FAQ <https://wiki.debian.org/Teams/Dpkg/FAQ>
+ for VERSION in $VERSIONS
+ rm -f g++-8 gcc-8 cpp-8 gcc
+ ln -s clang++-7 g++-8
+ ln -s clang-7 gcc-8
+ ln -s clang-7 cpp-8
+ ln -s clang-7 gcc
+ echo 'gcc-8 hold'
+ dpkg --set-selections
+ echo 'g++-8 hold'
+ dpkg --set-selections
+ cd -
/build/spades-MKE2xb
+ echo 'Check if gcc, g++ & cpp are actually clang'
Check if gcc, g++ & cpp are actually clang
+ grep clang
+ gcc --version
+ cpp --version
+ grep clang
+ g++ --version
+ grep clang

I: Finished running '/tmp/clang7'.

Finished processing commands.
--------------------------------------------------------------------------------

+------------------------------------------------------------------------------+
| Update chroot                                                                |
+------------------------------------------------------------------------------+

Hit:1 http://127.0.0.1:9999/debian sid InRelease
Reading package lists...
Reading package lists...
Building dependency tree...
Reading state information...
Calculating upgrade...
The following packages will be upgraded:
  tzdata
1 upgraded, 0 newly installed, 0 to remove and 0 not upgraded.
Need to get 258 kB of archives.
After this operation, 0 B of additional disk space will be used.
Get:1 http://127.0.0.1:9999/debian sid/main amd64 tzdata all 2018i-1 [258 kB]
debconf: delaying package configuration, since apt-utils is not installed
Fetched 258 kB in 0s (20.1 MB/s)
(Reading database ... (Reading database ... 5%(Reading database ... 10%(Reading database ... 15%(Reading database ... 20%(Reading database ... 25%(Reading database ... 30%(Reading database ... 35%(Reading database ... 40%(Reading database ... 45%(Reading database ... 50%(Reading database ... 55%(Reading database ... 60%(Reading database ... 65%(Reading database ... 70%(Reading database ... 75%(Reading database ... 80%(Reading database ... 85%(Reading database ... 90%(Reading database ... 95%(Reading database ... 100%(Reading database ... 12570 files and directories currently installed.)
Preparing to unpack .../tzdata_2018i-1_all.deb ...
Unpacking tzdata (2018i-1) over (2018h-1) ...
Setting up tzdata (2018i-1) ...

Current default time zone: 'Etc/UTC'
Local time is now:      Tue Jan  1 04:02:34 UTC 2019.
Universal Time is now:  Tue Jan  1 04:02:34 UTC 2019.
Run 'dpkg-reconfigure tzdata' if you wish to change it.


+------------------------------------------------------------------------------+
| Fetch source files                                                           |
+------------------------------------------------------------------------------+


Check APT
---------

Checking available source versions...

Download source files with APT
------------------------------

Reading package lists...
NOTICE: 'spades' packaging is maintained in the 'Git' version control system at:
https://salsa.debian.org/med-team/spades.git
Please use:
git clone https://salsa.debian.org/med-team/spades.git
to retrieve the latest (possibly unreleased) updates to the package.
Need to get 2257 kB of source archives.
Get:1 http://127.0.0.1:9999/debian sid/main spades 3.13.0+dfsg-1 (dsc) [2398 B]
Get:2 http://127.0.0.1:9999/debian sid/main spades 3.13.0+dfsg-1 (tar) [2237 kB]
Get:3 http://127.0.0.1:9999/debian sid/main spades 3.13.0+dfsg-1 (diff) [18.0 kB]
Fetched 2257 kB in 0s (8903 kB/s)
Download complete and in download only mode
I: NOTICE: Log filtering will replace 'build/spades-MKE2xb/spades-3.13.0+dfsg' with '<<PKGBUILDDIR>>'
I: NOTICE: Log filtering will replace 'build/spades-MKE2xb' with '<<BUILDDIR>>'

+------------------------------------------------------------------------------+
| Install build-essential                                                      |
+------------------------------------------------------------------------------+


Setup apt archive
-----------------

Merged Build-Depends: build-essential, fakeroot
Filtered Build-Depends: build-essential, fakeroot
dpkg-deb: building package 'sbuild-build-depends-core-dummy' in '/<<BUILDDIR>>/resolver-TMfIcf/apt_archive/sbuild-build-depends-core-dummy.deb'.
dpkg-scanpackages: warning: Packages in archive but missing from override file:
dpkg-scanpackages: warning:   sbuild-build-depends-core-dummy
dpkg-scanpackages: info: Wrote 1 entries to output Packages file.
Ign:1 copy:/<<BUILDDIR>>/resolver-TMfIcf/apt_archive ./ InRelease
Get:2 copy:/<<BUILDDIR>>/resolver-TMfIcf/apt_archive ./ Release [957 B]
Ign:3 copy:/<<BUILDDIR>>/resolver-TMfIcf/apt_archive ./ Release.gpg
Get:4 copy:/<<BUILDDIR>>/resolver-TMfIcf/apt_archive ./ Sources [349 B]
Get:5 copy:/<<BUILDDIR>>/resolver-TMfIcf/apt_archive ./ Packages [431 B]
Fetched 1737 B in 0s (126 kB/s)
Reading package lists...
Reading package lists...

Install core build dependencies (apt-based resolver)
----------------------------------------------------

Installing build dependencies
Reading package lists...
Building dependency tree...
Reading state information...
The following NEW packages will be installed:
  sbuild-build-depends-core-dummy
0 upgraded, 1 newly installed, 0 to remove and 0 not upgraded.
Need to get 856 B of archives.
After this operation, 0 B of additional disk space will be used.
Get:1 copy:/<<BUILDDIR>>/resolver-TMfIcf/apt_archive ./ sbuild-build-depends-core-dummy 0.invalid.0 [856 B]
debconf: delaying package configuration, since apt-utils is not installed
Fetched 856 B in 0s (0 B/s)
Selecting previously unselected package sbuild-build-depends-core-dummy.
(Reading database ... 12570 files and directories currently installed.)
Preparing to unpack .../sbuild-build-depends-core-dummy_0.invalid.0_amd64.deb ...
Unpacking sbuild-build-depends-core-dummy (0.invalid.0) ...
Setting up sbuild-build-depends-core-dummy (0.invalid.0) ...

+------------------------------------------------------------------------------+
| Check architectures                                                          |
+------------------------------------------------------------------------------+

Arch check ok (amd64 included in any)

+------------------------------------------------------------------------------+
| Install package build dependencies                                           |
+------------------------------------------------------------------------------+


Setup apt archive
-----------------

Merged Build-Depends: debhelper (>= 11~), dh-python, cmake, python-all-dev, zlib1g-dev, libbz2-dev, libboost-dev, libbam-dev, libbamtools-dev, libjemalloc-dev, libhat-trie-dev, libhts-dev, libnlopt-dev, libnlopt-cxx-dev, libssw-dev, python-yaml, python-joblib, asciidoctor (>= 1.5.3), bwa, libbwa-dev, lynx
Filtered Build-Depends: debhelper (>= 11~), dh-python, cmake, python-all-dev, zlib1g-dev, libbz2-dev, libboost-dev, libbam-dev, libbamtools-dev, libjemalloc-dev, libhat-trie-dev, libhts-dev, libnlopt-dev, libnlopt-cxx-dev, libssw-dev, python-yaml, python-joblib, asciidoctor (>= 1.5.3), bwa, libbwa-dev, lynx
dpkg-deb: building package 'sbuild-build-depends-spades-dummy' in '/<<BUILDDIR>>/resolver-TMfIcf/apt_archive/sbuild-build-depends-spades-dummy.deb'.
dpkg-scanpackages: warning: Packages in archive but missing from override file:
dpkg-scanpackages: warning:   sbuild-build-depends-core-dummy sbuild-build-depends-spades-dummy
dpkg-scanpackages: info: Wrote 2 entries to output Packages file.
Ign:1 copy:/<<BUILDDIR>>/resolver-TMfIcf/apt_archive ./ InRelease
Get:2 copy:/<<BUILDDIR>>/resolver-TMfIcf/apt_archive ./ Release [963 B]
Ign:3 copy:/<<BUILDDIR>>/resolver-TMfIcf/apt_archive ./ Release.gpg
Get:4 copy:/<<BUILDDIR>>/resolver-TMfIcf/apt_archive ./ Sources [607 B]
Get:5 copy:/<<BUILDDIR>>/resolver-TMfIcf/apt_archive ./ Packages [685 B]
Fetched 2255 B in 0s (0 B/s)
Reading package lists...
Reading package lists...

Install spades build dependencies (apt-based resolver)
------------------------------------------------------

Installing build dependencies
Reading package lists...
Building dependency tree...
Reading state information...
The following additional packages will be installed:
  asciidoctor autoconf automake autopoint autotools-dev bsdmainutils bwa
  ca-certificates cmake cmake-data debhelper dh-autoreconf dh-python
  dh-strip-nondeterminism dwz file gettext gettext-base groff-base
  intltool-debian libarchive-zip-perl libarchive13 libbam-dev libbamtools-dev
  libbamtools2.5.1 libboost-dev libboost1.67-dev libbwa-dev libbz2-dev
  libcroco3 libcurl3-gnutls libcurl4 libelf1 libexpat1 libexpat1-dev
  libfile-stripnondeterminism-perl libglib2.0-0 libgssapi-krb5-2
  libhat-trie-dev libhat-trie0 libhts-dev libhts2 libicu63 libidn11
  libjemalloc-dev libjemalloc1 libjsoncpp1 libk5crypto3 libkeyutils1 libkrb5-3
  libkrb5support0 libldap-2.4-2 libldap-common liblzma-dev libmagic-mgc
  libmagic1 libmpdec2 libncurses6 libnghttp2-14 libnlopt-cxx-dev libnlopt-cxx0
  libnlopt-dev libnlopt0 libpipeline1 libprocps7 libpsl5 libpython-all-dev
  libpython-dev libpython-stdlib libpython2-dev libpython2-stdlib libpython2.7
  libpython2.7-dev libpython2.7-minimal libpython2.7-stdlib libpython3-stdlib
  libpython3.7-minimal libpython3.7-stdlib libreadline7 librhash0 librtmp1
  libruby2.5 libsasl2-2 libsasl2-modules-db libsigsegv2 libsqlite3-0 libssh2-1
  libssl1.1 libssw-dev libssw0 libtool libuchardet0 libuv1 libxml2 libyaml-0-2
  lsb-base lynx lynx-common m4 man-db mime-support openssl po-debconf procps
  python python-all python-all-dev python-dev python-joblib python-minimal
  python-yaml python2 python2-dev python2-minimal python2.7 python2.7-dev
  python2.7-minimal python3 python3-distutils python3-lib2to3 python3-minimal
  python3.7 python3.7-minimal rake readline-common ruby ruby-asciidoctor
  ruby-did-you-mean ruby-minitest ruby-net-telnet ruby-power-assert
  ruby-test-unit ruby-xmlrpc ruby2.5 rubygems-integration sensible-utils
  zlib1g-dev
Suggested packages:
  autoconf-archive gnu-standards autoconf-doc wamerican | wordlist whois
  vacation samtools cmake-doc ninja-build dh-make gettext-doc libasprintf-dev
  libgettextpo-dev groff lrzip libbamtools-doc libboost-doc libboost1.67-doc
  libboost-atomic1.67-dev libboost-chrono1.67-dev libboost-container1.67-dev
  libboost-context1.67-dev libboost-coroutine1.67-dev
  libboost-date-time1.67-dev libboost-exception1.67-dev libboost-fiber1.67-dev
  libboost-filesystem1.67-dev libboost-graph1.67-dev
  libboost-graph-parallel1.67-dev libboost-iostreams1.67-dev
  libboost-locale1.67-dev libboost-log1.67-dev libboost-math1.67-dev
  libboost-mpi1.67-dev libboost-mpi-python1.67-dev libboost-numpy1.67-dev
  libboost-program-options1.67-dev libboost-python1.67-dev
  libboost-random1.67-dev libboost-regex1.67-dev
  libboost-serialization1.67-dev libboost-signals1.67-dev
  libboost-stacktrace1.67-dev libboost-system1.67-dev libboost-test1.67-dev
  libboost-thread1.67-dev libboost-timer1.67-dev libboost-type-erasure1.67-dev
  libboost-wave1.67-dev libboost1.67-tools-dev libmpfrc++-dev libntl-dev
  krb5-doc krb5-user liblzma-doc libtool-doc gfortran | fortran95-compiler
  gcj-jdk m4-doc apparmor less libmail-box-perl python-doc python-tk
  python2-doc python2.7-doc binfmt-support python3-doc python3-tk python3-venv
  python3.7-venv python3.7-doc readline-doc ri ruby-dev bundler
Recommended packages:
  bzip2-doc libarchive-cpio-perl libglib2.0-data shared-mime-info
  xdg-user-dirs krb5-locales libgpm2 publicsuffix libsasl2-modules libltdl-dev
  libmail-sendmail-perl psmisc python-numpy python-pytest python-simplejson
  python-lz4 python-psutil zip fonts-lato libjs-jquery
The following NEW packages will be installed:
  asciidoctor autoconf automake autopoint autotools-dev bsdmainutils bwa
  ca-certificates cmake cmake-data debhelper dh-autoreconf dh-python
  dh-strip-nondeterminism dwz file gettext gettext-base groff-base
  intltool-debian libarchive-zip-perl libarchive13 libbam-dev libbamtools-dev
  libbamtools2.5.1 libboost-dev libboost1.67-dev libbwa-dev libbz2-dev
  libcroco3 libcurl3-gnutls libcurl4 libelf1 libexpat1 libexpat1-dev
  libfile-stripnondeterminism-perl libglib2.0-0 libgssapi-krb5-2
  libhat-trie-dev libhat-trie0 libhts-dev libhts2 libicu63 libidn11
  libjemalloc-dev libjemalloc1 libjsoncpp1 libk5crypto3 libkeyutils1 libkrb5-3
  libkrb5support0 libldap-2.4-2 libldap-common liblzma-dev libmagic-mgc
  libmagic1 libmpdec2 libncurses6 libnghttp2-14 libnlopt-cxx-dev libnlopt-cxx0
  libnlopt-dev libnlopt0 libpipeline1 libprocps7 libpsl5 libpython-all-dev
  libpython-dev libpython-stdlib libpython2-dev libpython2-stdlib libpython2.7
  libpython2.7-dev libpython2.7-minimal libpython2.7-stdlib libpython3-stdlib
  libpython3.7-minimal libpython3.7-stdlib libreadline7 librhash0 librtmp1
  libruby2.5 libsasl2-2 libsasl2-modules-db libsigsegv2 libsqlite3-0 libssh2-1
  libssl1.1 libssw-dev libssw0 libtool libuchardet0 libuv1 libxml2 libyaml-0-2
  lsb-base lynx lynx-common m4 man-db mime-support openssl po-debconf procps
  python python-all python-all-dev python-dev python-joblib python-minimal
  python-yaml python2 python2-dev python2-minimal python2.7 python2.7-dev
  python2.7-minimal python3 python3-distutils python3-lib2to3 python3-minimal
  python3.7 python3.7-minimal rake readline-common ruby ruby-asciidoctor
  ruby-did-you-mean ruby-minitest ruby-net-telnet ruby-power-assert
  ruby-test-unit ruby-xmlrpc ruby2.5 rubygems-integration
  sbuild-build-depends-spades-dummy sensible-utils zlib1g-dev
0 upgraded, 138 newly installed, 0 to remove and 0 not upgraded.
Need to get 94.3 MB of archives.
After this operation, 382 MB of additional disk space will be used.
Get:1 copy:/<<BUILDDIR>>/resolver-TMfIcf/apt_archive ./ sbuild-build-depends-spades-dummy 0.invalid.0 [976 B]
Get:2 http://127.0.0.1:9999/debian sid/main amd64 bsdmainutils amd64 11.1.2+b1 [191 kB]
Get:3 http://127.0.0.1:9999/debian sid/main amd64 libuchardet0 amd64 0.0.6-3 [64.9 kB]
Get:4 http://127.0.0.1:9999/debian sid/main amd64 groff-base amd64 1.22.4-1 [918 kB]
Get:5 http://127.0.0.1:9999/debian sid/main amd64 libpipeline1 amd64 1.5.0-2 [29.5 kB]
Get:6 http://127.0.0.1:9999/debian sid/main amd64 man-db amd64 2.8.4-3 [1194 kB]
Get:7 http://127.0.0.1:9999/debian sid/main amd64 libpython2.7-minimal amd64 2.7.15-5 [394 kB]
Get:8 http://127.0.0.1:9999/debian sid/main amd64 python2.7-minimal amd64 2.7.15-5 [1365 kB]
Get:9 http://127.0.0.1:9999/debian sid/main amd64 python2-minimal amd64 2.7.15-3 [41.3 kB]
Get:10 http://127.0.0.1:9999/debian sid/main amd64 python-minimal amd64 2.7.15-3 [20.9 kB]
Get:11 http://127.0.0.1:9999/debian sid/main amd64 mime-support all 3.61 [37.1 kB]
Get:12 http://127.0.0.1:9999/debian sid/main amd64 libexpat1 amd64 2.2.6-1 [105 kB]
Get:13 http://127.0.0.1:9999/debian sid/main amd64 readline-common all 7.0-5 [70.6 kB]
Get:14 http://127.0.0.1:9999/debian sid/main amd64 libreadline7 amd64 7.0-5 [151 kB]
Get:15 http://127.0.0.1:9999/debian sid/main amd64 libsqlite3-0 amd64 3.26.0+fossilbc891ac6b-1 [634 kB]
Get:16 http://127.0.0.1:9999/debian sid/main amd64 libssl1.1 amd64 1.1.1a-1 [1527 kB]
Get:17 http://127.0.0.1:9999/debian sid/main amd64 libpython2.7-stdlib amd64 2.7.15-5 [1909 kB]
Get:18 http://127.0.0.1:9999/debian sid/main amd64 python2.7 amd64 2.7.15-5 [299 kB]
Get:19 http://127.0.0.1:9999/debian sid/main amd64 libpython2-stdlib amd64 2.7.15-3 [20.7 kB]
Get:20 http://127.0.0.1:9999/debian sid/main amd64 libpython-stdlib amd64 2.7.15-3 [20.7 kB]
Get:21 http://127.0.0.1:9999/debian sid/main amd64 python2 amd64 2.7.15-3 [41.5 kB]
Get:22 http://127.0.0.1:9999/debian sid/main amd64 python amd64 2.7.15-3 [22.7 kB]
Get:23 http://127.0.0.1:9999/debian sid/main amd64 libpython3.7-minimal amd64 3.7.2~rc1-1 [588 kB]
Get:24 http://127.0.0.1:9999/debian sid/main amd64 python3.7-minimal amd64 3.7.2~rc1-1 [1731 kB]
Get:25 http://127.0.0.1:9999/debian sid/main amd64 python3-minimal amd64 3.7.1-3 [36.5 kB]
Get:26 http://127.0.0.1:9999/debian sid/main amd64 libmpdec2 amd64 2.4.2-2 [87.2 kB]
Get:27 http://127.0.0.1:9999/debian sid/main amd64 libpython3.7-stdlib amd64 3.7.2~rc1-1 [1732 kB]
Get:28 http://127.0.0.1:9999/debian sid/main amd64 python3.7 amd64 3.7.2~rc1-1 [322 kB]
Get:29 http://127.0.0.1:9999/debian sid/main amd64 libpython3-stdlib amd64 3.7.1-3 [20.0 kB]
Get:30 http://127.0.0.1:9999/debian sid/main amd64 python3 amd64 3.7.1-3 [61.5 kB]
Get:31 http://127.0.0.1:9999/debian sid/main amd64 libncurses6 amd64 6.1+20181013-1 [102 kB]
Get:32 http://127.0.0.1:9999/debian sid/main amd64 libprocps7 amd64 2:3.3.15-2 [61.7 kB]
Get:33 http://127.0.0.1:9999/debian sid/main amd64 lsb-base all 10.2018112800 [28.3 kB]
Get:34 http://127.0.0.1:9999/debian sid/main amd64 procps amd64 2:3.3.15-2 [259 kB]
Get:35 http://127.0.0.1:9999/debian sid/main amd64 sensible-utils all 0.0.12 [15.8 kB]
Get:36 http://127.0.0.1:9999/debian sid/main amd64 libmagic-mgc amd64 1:5.34-2 [239 kB]
Get:37 http://127.0.0.1:9999/debian sid/main amd64 libmagic1 amd64 1:5.34-2 [116 kB]
Get:38 http://127.0.0.1:9999/debian sid/main amd64 file amd64 1:5.34-2 [65.8 kB]
Get:39 http://127.0.0.1:9999/debian sid/main amd64 gettext-base amd64 0.19.8.1-9 [123 kB]
Get:40 http://127.0.0.1:9999/debian sid/main amd64 openssl amd64 1.1.1a-1 [836 kB]
Get:41 http://127.0.0.1:9999/debian sid/main amd64 ca-certificates all 20180409 [161 kB]
Get:42 http://127.0.0.1:9999/debian sid/main amd64 rubygems-integration all 1.11 [4994 B]
Get:43 http://127.0.0.1:9999/debian sid/main amd64 rake all 12.3.1-3 [66.9 kB]
Get:44 http://127.0.0.1:9999/debian sid/main amd64 ruby-did-you-mean all 1.2.1-1 [14.4 kB]
Get:45 http://127.0.0.1:9999/debian sid/main amd64 ruby-minitest all 5.11.3-1 [54.8 kB]
Get:46 http://127.0.0.1:9999/debian sid/main amd64 ruby-net-telnet all 0.1.1-2 [12.5 kB]
Get:47 http://127.0.0.1:9999/debian sid/main amd64 ruby-power-assert all 1.1.1-1 [10.9 kB]
Get:48 http://127.0.0.1:9999/debian sid/main amd64 ruby-test-unit all 3.2.8-1 [72.4 kB]
Get:49 http://127.0.0.1:9999/debian sid/main amd64 ruby-xmlrpc all 0.3.0-2 [23.7 kB]
Get:50 http://127.0.0.1:9999/debian sid/main amd64 libyaml-0-2 amd64 0.2.1-1 [47.2 kB]
Get:51 http://127.0.0.1:9999/debian sid/main amd64 libruby2.5 amd64 2.5.3-3 [3429 kB]
Get:52 http://127.0.0.1:9999/debian sid/main amd64 ruby2.5 amd64 2.5.3-3 [393 kB]
Get:53 http://127.0.0.1:9999/debian sid/main amd64 ruby amd64 1:2.5.1 [11.3 kB]
Get:54 http://127.0.0.1:9999/debian sid/main amd64 ruby-asciidoctor all 1.5.8-1 [188 kB]
Get:55 http://127.0.0.1:9999/debian sid/main amd64 asciidoctor all 1.5.8-1 [75.8 kB]
Get:56 http://127.0.0.1:9999/debian sid/main amd64 libsigsegv2 amd64 2.12-2 [32.8 kB]
Get:57 http://127.0.0.1:9999/debian sid/main amd64 m4 amd64 1.4.18-2 [203 kB]
Get:58 http://127.0.0.1:9999/debian sid/main amd64 autoconf all 2.69-11 [341 kB]
Get:59 http://127.0.0.1:9999/debian sid/main amd64 autotools-dev all 20180224.1 [77.0 kB]
Get:60 http://127.0.0.1:9999/debian sid/main amd64 automake all 1:1.16.1-4 [771 kB]
Get:61 http://127.0.0.1:9999/debian sid/main amd64 autopoint all 0.19.8.1-9 [434 kB]
Get:62 http://127.0.0.1:9999/debian sid/main amd64 bwa amd64 0.7.17-2 [194 kB]
Get:63 http://127.0.0.1:9999/debian sid/main amd64 cmake-data all 3.13.2-1 [1476 kB]
Get:64 http://127.0.0.1:9999/debian sid/main amd64 libicu63 amd64 63.1-5 [8293 kB]
Get:65 http://127.0.0.1:9999/debian sid/main amd64 libxml2 amd64 2.9.4+dfsg1-7+b3 [687 kB]
Get:66 http://127.0.0.1:9999/debian sid/main amd64 libarchive13 amd64 3.3.3-2 [314 kB]
Get:67 http://127.0.0.1:9999/debian sid/main amd64 libkeyutils1 amd64 1.5.9-9.3 [13.0 kB]
Get:68 http://127.0.0.1:9999/debian sid/main amd64 libkrb5support0 amd64 1.16.2-1 [63.3 kB]
Get:69 http://127.0.0.1:9999/debian sid/main amd64 libk5crypto3 amd64 1.16.2-1 [121 kB]
Get:70 http://127.0.0.1:9999/debian sid/main amd64 libkrb5-3 amd64 1.16.2-1 [320 kB]
Get:71 http://127.0.0.1:9999/debian sid/main amd64 libgssapi-krb5-2 amd64 1.16.2-1 [158 kB]
Get:72 http://127.0.0.1:9999/debian sid/main amd64 libsasl2-modules-db amd64 2.1.27~rc8-1 [68.4 kB]
Get:73 http://127.0.0.1:9999/debian sid/main amd64 libsasl2-2 amd64 2.1.27~rc8-1 [105 kB]
Get:74 http://127.0.0.1:9999/debian sid/main amd64 libldap-common all 2.4.47+dfsg-1 [88.8 kB]
Get:75 http://127.0.0.1:9999/debian sid/main amd64 libldap-2.4-2 amd64 2.4.47+dfsg-1 [224 kB]
Get:76 http://127.0.0.1:9999/debian sid/main amd64 libnghttp2-14 amd64 1.35.1-1 [82.2 kB]
Get:77 http://127.0.0.1:9999/debian sid/main amd64 libpsl5 amd64 0.20.2-2 [53.7 kB]
Get:78 http://127.0.0.1:9999/debian sid/main amd64 librtmp1 amd64 2.4+20151223.gitfa8646d.1-2 [60.5 kB]
Get:79 http://127.0.0.1:9999/debian sid/main amd64 libssh2-1 amd64 1.8.0-2 [138 kB]
Get:80 http://127.0.0.1:9999/debian sid/main amd64 libcurl4 amd64 7.62.0-1 [324 kB]
Get:81 http://127.0.0.1:9999/debian sid/main amd64 libjsoncpp1 amd64 1.7.4-3 [75.6 kB]
Get:82 http://127.0.0.1:9999/debian sid/main amd64 librhash0 amd64 1.3.7-1 [104 kB]
Get:83 http://127.0.0.1:9999/debian sid/main amd64 libuv1 amd64 1.24.0-1 [109 kB]
Get:84 http://127.0.0.1:9999/debian sid/main amd64 cmake amd64 3.13.2-1 [3485 kB]
Get:85 http://127.0.0.1:9999/debian sid/main amd64 libtool all 2.4.6-6 [547 kB]
Get:86 http://127.0.0.1:9999/debian sid/main amd64 dh-autoreconf all 19 [16.9 kB]
Get:87 http://127.0.0.1:9999/debian sid/main amd64 libarchive-zip-perl all 1.64-1 [96.8 kB]
Get:88 http://127.0.0.1:9999/debian sid/main amd64 libfile-stripnondeterminism-perl all 1.0.0-1 [19.5 kB]
Get:89 http://127.0.0.1:9999/debian sid/main amd64 dh-strip-nondeterminism all 1.0.0-1 [12.5 kB]
Get:90 http://127.0.0.1:9999/debian sid/main amd64 libelf1 amd64 0.175-2 [160 kB]
Get:91 http://127.0.0.1:9999/debian sid/main amd64 dwz amd64 0.12-3 [78.0 kB]
Get:92 http://127.0.0.1:9999/debian sid/main amd64 libglib2.0-0 amd64 2.58.1-2 [1223 kB]
Get:93 http://127.0.0.1:9999/debian sid/main amd64 libcroco3 amd64 0.6.12-3 [145 kB]
Get:94 http://127.0.0.1:9999/debian sid/main amd64 gettext amd64 0.19.8.1-9 [1303 kB]
Get:95 http://127.0.0.1:9999/debian sid/main amd64 intltool-debian all 0.35.0+20060710.4 [26.3 kB]
Get:96 http://127.0.0.1:9999/debian sid/main amd64 po-debconf all 1.0.21 [248 kB]
Get:97 http://127.0.0.1:9999/debian sid/main amd64 debhelper all 12 [1002 kB]
Get:98 http://127.0.0.1:9999/debian sid/main amd64 python3-lib2to3 all 3.7.1-1 [78.7 kB]
Get:99 http://127.0.0.1:9999/debian sid/main amd64 python3-distutils all 3.7.1-1 [144 kB]
Get:100 http://127.0.0.1:9999/debian sid/main amd64 dh-python all 3.20180927 [95.8 kB]
Get:101 http://127.0.0.1:9999/debian sid/main amd64 libbam-dev amd64 0.1.19-4 [125 kB]
Get:102 http://127.0.0.1:9999/debian sid/main amd64 libbamtools2.5.1 amd64 2.5.1+dfsg-3 [154 kB]
Get:103 http://127.0.0.1:9999/debian sid/main amd64 libbamtools-dev amd64 2.5.1+dfsg-3 [21.8 kB]
Get:104 http://127.0.0.1:9999/debian sid/main amd64 libboost1.67-dev amd64 1.67.0-11 [8386 kB]
Get:105 http://127.0.0.1:9999/debian sid/main amd64 libboost-dev amd64 1.67.0.1 [3864 B]
Get:106 http://127.0.0.1:9999/debian sid/main amd64 libbwa-dev amd64 0.7.17-2 [130 kB]
Get:107 http://127.0.0.1:9999/debian sid/main amd64 libbz2-dev amd64 1.0.6-9 [30.2 kB]
Get:108 http://127.0.0.1:9999/debian sid/main amd64 libcurl3-gnutls amd64 7.62.0-1 [321 kB]
Get:109 http://127.0.0.1:9999/debian sid/main amd64 libexpat1-dev amd64 2.2.6-1 [152 kB]
Get:110 http://127.0.0.1:9999/debian sid/main amd64 libhat-trie0 amd64 0.1.2-1 [11.5 kB]
Get:111 http://127.0.0.1:9999/debian sid/main amd64 libhat-trie-dev amd64 0.1.2-1 [19.7 kB]
Get:112 http://127.0.0.1:9999/debian sid/main amd64 libhts2 amd64 1.9-8 [306 kB]
Get:113 http://127.0.0.1:9999/debian sid/main amd64 liblzma-dev amd64 5.2.2-1.3 [292 kB]
Get:114 http://127.0.0.1:9999/debian sid/main amd64 zlib1g-dev amd64 1:1.2.11.dfsg-1 [214 kB]
Get:115 http://127.0.0.1:9999/debian sid/main amd64 libhts-dev amd64 1.9-8 [4345 kB]
Get:116 http://127.0.0.1:9999/debian sid/main amd64 libidn11 amd64 1.33-2.2 [116 kB]
Get:117 http://127.0.0.1:9999/debian sid/main amd64 libjemalloc1 amd64 3.6.0-11 [92.4 kB]
Get:118 http://127.0.0.1:9999/debian sid/main amd64 libjemalloc-dev amd64 3.6.0-11 [169 kB]
Get:119 http://127.0.0.1:9999/debian sid/main amd64 libnlopt0 amd64 2.4.2+dfsg-8+b1 [165 kB]
Get:120 http://127.0.0.1:9999/debian sid/main amd64 libnlopt-dev amd64 2.4.2+dfsg-8+b1 [170 kB]
Get:121 http://127.0.0.1:9999/debian sid/main amd64 libnlopt-cxx0 amd64 2.4.2+dfsg-8+b1 [174 kB]
Get:122 http://127.0.0.1:9999/debian sid/main amd64 libnlopt-cxx-dev amd64 2.4.2+dfsg-8+b1 [188 kB]
Get:123 http://127.0.0.1:9999/debian sid/main amd64 libpython2.7 amd64 2.7.15-5 [1035 kB]
Get:124 http://127.0.0.1:9999/debian sid/main amd64 libpython2.7-dev amd64 2.7.15-5 [31.5 MB]
Get:125 http://127.0.0.1:9999/debian sid/main amd64 libpython2-dev amd64 2.7.15-3 [20.8 kB]
Get:126 http://127.0.0.1:9999/debian sid/main amd64 libpython-dev amd64 2.7.15-3 [20.8 kB]
Get:127 http://127.0.0.1:9999/debian sid/main amd64 libpython-all-dev amd64 2.7.15-3 [1064 B]
Get:128 http://127.0.0.1:9999/debian sid/main amd64 libssw0 amd64 1.1-2 [16.5 kB]
Get:129 http://127.0.0.1:9999/debian sid/main amd64 libssw-dev amd64 1.1-2 [19.3 kB]
Get:130 http://127.0.0.1:9999/debian sid/main amd64 lynx-common all 2.8.9rel.1-2 [1182 kB]
Get:131 http://127.0.0.1:9999/debian sid/main amd64 lynx amd64 2.8.9rel.1-2 [641 kB]
Get:132 http://127.0.0.1:9999/debian sid/main amd64 python-all amd64 2.7.15-3 [1044 B]
Get:133 http://127.0.0.1:9999/debian sid/main amd64 python2.7-dev amd64 2.7.15-5 [291 kB]
Get:134 http://127.0.0.1:9999/debian sid/main amd64 python2-dev amd64 2.7.15-3 [1212 B]
Get:135 http://127.0.0.1:9999/debian sid/main amd64 python-dev amd64 2.7.15-3 [1192 B]
Get:136 http://127.0.0.1:9999/debian sid/main amd64 python-all-dev amd64 2.7.15-3 [1068 B]
Get:137 http://127.0.0.1:9999/debian sid/main amd64 python-joblib all 0.13.0-1 [190 kB]
Get:138 http://127.0.0.1:9999/debian sid/main amd64 python-yaml amd64 3.13-1 [127 kB]
debconf: delaying package configuration, since apt-utils is not installed
Fetched 94.3 MB in 3s (29.9 MB/s)
Selecting previously unselected package bsdmainutils.
(Reading database ... 12570 files and directories currently installed.)
Preparing to unpack .../00-bsdmainutils_11.1.2+b1_amd64.deb ...
Unpacking bsdmainutils (11.1.2+b1) ...
Selecting previously unselected package libuchardet0:amd64.
Preparing to unpack .../01-libuchardet0_0.0.6-3_amd64.deb ...
Unpacking libuchardet0:amd64 (0.0.6-3) ...
Selecting previously unselected package groff-base.
Preparing to unpack .../02-groff-base_1.22.4-1_amd64.deb ...
Unpacking groff-base (1.22.4-1) ...
Selecting previously unselected package libpipeline1:amd64.
Preparing to unpack .../03-libpipeline1_1.5.0-2_amd64.deb ...
Unpacking libpipeline1:amd64 (1.5.0-2) ...
Selecting previously unselected package man-db.
Preparing to unpack .../04-man-db_2.8.4-3_amd64.deb ...
Unpacking man-db (2.8.4-3) ...
Selecting previously unselected package libpython2.7-minimal:amd64.
Preparing to unpack .../05-libpython2.7-minimal_2.7.15-5_amd64.deb ...
Unpacking libpython2.7-minimal:amd64 (2.7.15-5) ...
Selecting previously unselected package python2.7-minimal.
Preparing to unpack .../06-python2.7-minimal_2.7.15-5_amd64.deb ...
Unpacking python2.7-minimal (2.7.15-5) ...
Selecting previously unselected package python2-minimal.
Preparing to unpack .../07-python2-minimal_2.7.15-3_amd64.deb ...
Unpacking python2-minimal (2.7.15-3) ...
Selecting previously unselected package python-minimal.
Preparing to unpack .../08-python-minimal_2.7.15-3_amd64.deb ...
Unpacking python-minimal (2.7.15-3) ...
Selecting previously unselected package mime-support.
Preparing to unpack .../09-mime-support_3.61_all.deb ...
Unpacking mime-support (3.61) ...
Selecting previously unselected package libexpat1:amd64.
Preparing to unpack .../10-libexpat1_2.2.6-1_amd64.deb ...
Unpacking libexpat1:amd64 (2.2.6-1) ...
Selecting previously unselected package readline-common.
Preparing to unpack .../11-readline-common_7.0-5_all.deb ...
Unpacking readline-common (7.0-5) ...
Selecting previously unselected package libreadline7:amd64.
Preparing to unpack .../12-libreadline7_7.0-5_amd64.deb ...
Unpacking libreadline7:amd64 (7.0-5) ...
Selecting previously unselected package libsqlite3-0:amd64.
Preparing to unpack .../13-libsqlite3-0_3.26.0+fossilbc891ac6b-1_amd64.deb ...
Unpacking libsqlite3-0:amd64 (3.26.0+fossilbc891ac6b-1) ...
Selecting previously unselected package libssl1.1:amd64.
Preparing to unpack .../14-libssl1.1_1.1.1a-1_amd64.deb ...
Unpacking libssl1.1:amd64 (1.1.1a-1) ...
Selecting previously unselected package libpython2.7-stdlib:amd64.
Preparing to unpack .../15-libpython2.7-stdlib_2.7.15-5_amd64.deb ...
Unpacking libpython2.7-stdlib:amd64 (2.7.15-5) ...
Selecting previously unselected package python2.7.
Preparing to unpack .../16-python2.7_2.7.15-5_amd64.deb ...
Unpacking python2.7 (2.7.15-5) ...
Selecting previously unselected package libpython2-stdlib:amd64.
Preparing to unpack .../17-libpython2-stdlib_2.7.15-3_amd64.deb ...
Unpacking libpython2-stdlib:amd64 (2.7.15-3) ...
Selecting previously unselected package libpython-stdlib:amd64.
Preparing to unpack .../18-libpython-stdlib_2.7.15-3_amd64.deb ...
Unpacking libpython-stdlib:amd64 (2.7.15-3) ...
Setting up libpython2.7-minimal:amd64 (2.7.15-5) ...
Setting up python2.7-minimal (2.7.15-5) ...
Setting up python2-minimal (2.7.15-3) ...
Selecting previously unselected package python2.
(Reading database ... 14020 files and directories currently installed.)
Preparing to unpack .../python2_2.7.15-3_amd64.deb ...
Unpacking python2 (2.7.15-3) ...
Setting up python-minimal (2.7.15-3) ...
Selecting previously unselected package python.
(Reading database ... 14053 files and directories currently installed.)
Preparing to unpack .../python_2.7.15-3_amd64.deb ...
Unpacking python (2.7.15-3) ...
Selecting previously unselected package libpython3.7-minimal:amd64.
Preparing to unpack .../libpython3.7-minimal_3.7.2~rc1-1_amd64.deb ...
Unpacking libpython3.7-minimal:amd64 (3.7.2~rc1-1) ...
Selecting previously unselected package python3.7-minimal.
Preparing to unpack .../python3.7-minimal_3.7.2~rc1-1_amd64.deb ...
Unpacking python3.7-minimal (3.7.2~rc1-1) ...
Setting up libssl1.1:amd64 (1.1.1a-1) ...
Setting up libpython3.7-minimal:amd64 (3.7.2~rc1-1) ...
Setting up libexpat1:amd64 (2.2.6-1) ...
Setting up python3.7-minimal (3.7.2~rc1-1) ...
Selecting previously unselected package python3-minimal.
(Reading database ... 14307 files and directories currently installed.)
Preparing to unpack .../python3-minimal_3.7.1-3_amd64.deb ...
Unpacking python3-minimal (3.7.1-3) ...
Selecting previously unselected package libmpdec2:amd64.
Preparing to unpack .../libmpdec2_2.4.2-2_amd64.deb ...
Unpacking libmpdec2:amd64 (2.4.2-2) ...
Selecting previously unselected package libpython3.7-stdlib:amd64.
Preparing to unpack .../libpython3.7-stdlib_3.7.2~rc1-1_amd64.deb ...
Unpacking libpython3.7-stdlib:amd64 (3.7.2~rc1-1) ...
Selecting previously unselected package python3.7.
Preparing to unpack .../python3.7_3.7.2~rc1-1_amd64.deb ...
Unpacking python3.7 (3.7.2~rc1-1) ...
Selecting previously unselected package libpython3-stdlib:amd64.
Preparing to unpack .../libpython3-stdlib_3.7.1-3_amd64.deb ...
Unpacking libpython3-stdlib:amd64 (3.7.1-3) ...
Setting up python3-minimal (3.7.1-3) ...
Selecting previously unselected package python3.
(Reading database ... 14716 files and directories currently installed.)
Preparing to unpack .../000-python3_3.7.1-3_amd64.deb ...
Unpacking python3 (3.7.1-3) ...
Selecting previously unselected package libncurses6:amd64.
Preparing to unpack .../001-libncurses6_6.1+20181013-1_amd64.deb ...
Unpacking libncurses6:amd64 (6.1+20181013-1) ...
Selecting previously unselected package libprocps7:amd64.
Preparing to unpack .../002-libprocps7_2%3a3.3.15-2_amd64.deb ...
Unpacking libprocps7:amd64 (2:3.3.15-2) ...
Selecting previously unselected package lsb-base.
Preparing to unpack .../003-lsb-base_10.2018112800_all.deb ...
Unpacking lsb-base (10.2018112800) ...
Selecting previously unselected package procps.
Preparing to unpack .../004-procps_2%3a3.3.15-2_amd64.deb ...
Unpacking procps (2:3.3.15-2) ...
Selecting previously unselected package sensible-utils.
Preparing to unpack .../005-sensible-utils_0.0.12_all.deb ...
Unpacking sensible-utils (0.0.12) ...
Selecting previously unselected package libmagic-mgc.
Preparing to unpack .../006-libmagic-mgc_1%3a5.34-2_amd64.deb ...
Unpacking libmagic-mgc (1:5.34-2) ...
Selecting previously unselected package libmagic1:amd64.
Preparing to unpack .../007-libmagic1_1%3a5.34-2_amd64.deb ...
Unpacking libmagic1:amd64 (1:5.34-2) ...
Selecting previously unselected package file.
Preparing to unpack .../008-file_1%3a5.34-2_amd64.deb ...
Unpacking file (1:5.34-2) ...
Selecting previously unselected package gettext-base.
Preparing to unpack .../009-gettext-base_0.19.8.1-9_amd64.deb ...
Unpacking gettext-base (0.19.8.1-9) ...
Selecting previously unselected package openssl.
Preparing to unpack .../010-openssl_1.1.1a-1_amd64.deb ...
Unpacking openssl (1.1.1a-1) ...
Selecting previously unselected package ca-certificates.
Preparing to unpack .../011-ca-certificates_20180409_all.deb ...
Unpacking ca-certificates (20180409) ...
Selecting previously unselected package rubygems-integration.
Preparing to unpack .../012-rubygems-integration_1.11_all.deb ...
Unpacking rubygems-integration (1.11) ...
Selecting previously unselected package rake.
Preparing to unpack .../013-rake_12.3.1-3_all.deb ...
Unpacking rake (12.3.1-3) ...
Selecting previously unselected package ruby-did-you-mean.
Preparing to unpack .../014-ruby-did-you-mean_1.2.1-1_all.deb ...
Unpacking ruby-did-you-mean (1.2.1-1) ...
Selecting previously unselected package ruby-minitest.
Preparing to unpack .../015-ruby-minitest_5.11.3-1_all.deb ...
Unpacking ruby-minitest (5.11.3-1) ...
Selecting previously unselected package ruby-net-telnet.
Preparing to unpack .../016-ruby-net-telnet_0.1.1-2_all.deb ...
Unpacking ruby-net-telnet (0.1.1-2) ...
Selecting previously unselected package ruby-power-assert.
Preparing to unpack .../017-ruby-power-assert_1.1.1-1_all.deb ...
Unpacking ruby-power-assert (1.1.1-1) ...
Selecting previously unselected package ruby-test-unit.
Preparing to unpack .../018-ruby-test-unit_3.2.8-1_all.deb ...
Unpacking ruby-test-unit (3.2.8-1) ...
Selecting previously unselected package ruby-xmlrpc.
Preparing to unpack .../019-ruby-xmlrpc_0.3.0-2_all.deb ...
Unpacking ruby-xmlrpc (0.3.0-2) ...
Selecting previously unselected package libyaml-0-2:amd64.
Preparing to unpack .../020-libyaml-0-2_0.2.1-1_amd64.deb ...
Unpacking libyaml-0-2:amd64 (0.2.1-1) ...
Selecting previously unselected package libruby2.5:amd64.
Preparing to unpack .../021-libruby2.5_2.5.3-3_amd64.deb ...
Unpacking libruby2.5:amd64 (2.5.3-3) ...
Selecting previously unselected package ruby2.5.
Preparing to unpack .../022-ruby2.5_2.5.3-3_amd64.deb ...
Unpacking ruby2.5 (2.5.3-3) ...
Selecting previously unselected package ruby.
Preparing to unpack .../023-ruby_1%3a2.5.1_amd64.deb ...
Unpacking ruby (1:2.5.1) ...
Selecting previously unselected package ruby-asciidoctor.
Preparing to unpack .../024-ruby-asciidoctor_1.5.8-1_all.deb ...
Unpacking ruby-asciidoctor (1.5.8-1) ...
Selecting previously unselected package asciidoctor.
Preparing to unpack .../025-asciidoctor_1.5.8-1_all.deb ...
Unpacking asciidoctor (1.5.8-1) ...
Selecting previously unselected package libsigsegv2:amd64.
Preparing to unpack .../026-libsigsegv2_2.12-2_amd64.deb ...
Unpacking libsigsegv2:amd64 (2.12-2) ...
Selecting previously unselected package m4.
Preparing to unpack .../027-m4_1.4.18-2_amd64.deb ...
Unpacking m4 (1.4.18-2) ...
Selecting previously unselected package autoconf.
Preparing to unpack .../028-autoconf_2.69-11_all.deb ...
Unpacking autoconf (2.69-11) ...
Selecting previously unselected package autotools-dev.
Preparing to unpack .../029-autotools-dev_20180224.1_all.deb ...
Unpacking autotools-dev (20180224.1) ...
Selecting previously unselected package automake.
Preparing to unpack .../030-automake_1%3a1.16.1-4_all.deb ...
Unpacking automake (1:1.16.1-4) ...
Selecting previously unselected package autopoint.
Preparing to unpack .../031-autopoint_0.19.8.1-9_all.deb ...
Unpacking autopoint (0.19.8.1-9) ...
Selecting previously unselected package bwa.
Preparing to unpack .../032-bwa_0.7.17-2_amd64.deb ...
Unpacking bwa (0.7.17-2) ...
Selecting previously unselected package cmake-data.
Preparing to unpack .../033-cmake-data_3.13.2-1_all.deb ...
Unpacking cmake-data (3.13.2-1) ...
Selecting previously unselected package libicu63:amd64.
Preparing to unpack .../034-libicu63_63.1-5_amd64.deb ...
Unpacking libicu63:amd64 (63.1-5) ...
Selecting previously unselected package libxml2:amd64.
Preparing to unpack .../035-libxml2_2.9.4+dfsg1-7+b3_amd64.deb ...
Unpacking libxml2:amd64 (2.9.4+dfsg1-7+b3) ...
Selecting previously unselected package libarchive13:amd64.
Preparing to unpack .../036-libarchive13_3.3.3-2_amd64.deb ...
Unpacking libarchive13:amd64 (3.3.3-2) ...
Selecting previously unselected package libkeyutils1:amd64.
Preparing to unpack .../037-libkeyutils1_1.5.9-9.3_amd64.deb ...
Unpacking libkeyutils1:amd64 (1.5.9-9.3) ...
Selecting previously unselected package libkrb5support0:amd64.
Preparing to unpack .../038-libkrb5support0_1.16.2-1_amd64.deb ...
Unpacking libkrb5support0:amd64 (1.16.2-1) ...
Selecting previously unselected package libk5crypto3:amd64.
Preparing to unpack .../039-libk5crypto3_1.16.2-1_amd64.deb ...
Unpacking libk5crypto3:amd64 (1.16.2-1) ...
Selecting previously unselected package libkrb5-3:amd64.
Preparing to unpack .../040-libkrb5-3_1.16.2-1_amd64.deb ...
Unpacking libkrb5-3:amd64 (1.16.2-1) ...
Selecting previously unselected package libgssapi-krb5-2:amd64.
Preparing to unpack .../041-libgssapi-krb5-2_1.16.2-1_amd64.deb ...
Unpacking libgssapi-krb5-2:amd64 (1.16.2-1) ...
Selecting previously unselected package libsasl2-modules-db:amd64.
Preparing to unpack .../042-libsasl2-modules-db_2.1.27~rc8-1_amd64.deb ...
Unpacking libsasl2-modules-db:amd64 (2.1.27~rc8-1) ...
Selecting previously unselected package libsasl2-2:amd64.
Preparing to unpack .../043-libsasl2-2_2.1.27~rc8-1_amd64.deb ...
Unpacking libsasl2-2:amd64 (2.1.27~rc8-1) ...
Selecting previously unselected package libldap-common.
Preparing to unpack .../044-libldap-common_2.4.47+dfsg-1_all.deb ...
Unpacking libldap-common (2.4.47+dfsg-1) ...
Selecting previously unselected package libldap-2.4-2:amd64.
Preparing to unpack .../045-libldap-2.4-2_2.4.47+dfsg-1_amd64.deb ...
Unpacking libldap-2.4-2:amd64 (2.4.47+dfsg-1) ...
Selecting previously unselected package libnghttp2-14:amd64.
Preparing to unpack .../046-libnghttp2-14_1.35.1-1_amd64.deb ...
Unpacking libnghttp2-14:amd64 (1.35.1-1) ...
Selecting previously unselected package libpsl5:amd64.
Preparing to unpack .../047-libpsl5_0.20.2-2_amd64.deb ...
Unpacking libpsl5:amd64 (0.20.2-2) ...
Selecting previously unselected package librtmp1:amd64.
Preparing to unpack .../048-librtmp1_2.4+20151223.gitfa8646d.1-2_amd64.deb ...
Unpacking librtmp1:amd64 (2.4+20151223.gitfa8646d.1-2) ...
Selecting previously unselected package libssh2-1:amd64.
Preparing to unpack .../049-libssh2-1_1.8.0-2_amd64.deb ...
Unpacking libssh2-1:amd64 (1.8.0-2) ...
Selecting previously unselected package libcurl4:amd64.
Preparing to unpack .../050-libcurl4_7.62.0-1_amd64.deb ...
Unpacking libcurl4:amd64 (7.62.0-1) ...
Selecting previously unselected package libjsoncpp1:amd64.
Preparing to unpack .../051-libjsoncpp1_1.7.4-3_amd64.deb ...
Unpacking libjsoncpp1:amd64 (1.7.4-3) ...
Selecting previously unselected package librhash0:amd64.
Preparing to unpack .../052-librhash0_1.3.7-1_amd64.deb ...
Unpacking librhash0:amd64 (1.3.7-1) ...
Selecting previously unselected package libuv1:amd64.
Preparing to unpack .../053-libuv1_1.24.0-1_amd64.deb ...
Unpacking libuv1:amd64 (1.24.0-1) ...
Selecting previously unselected package cmake.
Preparing to unpack .../054-cmake_3.13.2-1_amd64.deb ...
Unpacking cmake (3.13.2-1) ...
Selecting previously unselected package libtool.
Preparing to unpack .../055-libtool_2.4.6-6_all.deb ...
Unpacking libtool (2.4.6-6) ...
Selecting previously unselected package dh-autoreconf.
Preparing to unpack .../056-dh-autoreconf_19_all.deb ...
Unpacking dh-autoreconf (19) ...
Selecting previously unselected package libarchive-zip-perl.
Preparing to unpack .../057-libarchive-zip-perl_1.64-1_all.deb ...
Unpacking libarchive-zip-perl (1.64-1) ...
Selecting previously unselected package libfile-stripnondeterminism-perl.
Preparing to unpack .../058-libfile-stripnondeterminism-perl_1.0.0-1_all.deb ...
Unpacking libfile-stripnondeterminism-perl (1.0.0-1) ...
Selecting previously unselected package dh-strip-nondeterminism.
Preparing to unpack .../059-dh-strip-nondeterminism_1.0.0-1_all.deb ...
Unpacking dh-strip-nondeterminism (1.0.0-1) ...
Selecting previously unselected package libelf1:amd64.
Preparing to unpack .../060-libelf1_0.175-2_amd64.deb ...
Unpacking libelf1:amd64 (0.175-2) ...
Selecting previously unselected package dwz.
Preparing to unpack .../061-dwz_0.12-3_amd64.deb ...
Unpacking dwz (0.12-3) ...
Selecting previously unselected package libglib2.0-0:amd64.
Preparing to unpack .../062-libglib2.0-0_2.58.1-2_amd64.deb ...
Unpacking libglib2.0-0:amd64 (2.58.1-2) ...
Selecting previously unselected package libcroco3:amd64.
Preparing to unpack .../063-libcroco3_0.6.12-3_amd64.deb ...
Unpacking libcroco3:amd64 (0.6.12-3) ...
Selecting previously unselected package gettext.
Preparing to unpack .../064-gettext_0.19.8.1-9_amd64.deb ...
Unpacking gettext (0.19.8.1-9) ...
Selecting previously unselected package intltool-debian.
Preparing to unpack .../065-intltool-debian_0.35.0+20060710.4_all.deb ...
Unpacking intltool-debian (0.35.0+20060710.4) ...
Selecting previously unselected package po-debconf.
Preparing to unpack .../066-po-debconf_1.0.21_all.deb ...
Unpacking po-debconf (1.0.21) ...
Selecting previously unselected package debhelper.
Preparing to unpack .../067-debhelper_12_all.deb ...
Unpacking debhelper (12) ...
Selecting previously unselected package python3-lib2to3.
Preparing to unpack .../068-python3-lib2to3_3.7.1-1_all.deb ...
Unpacking python3-lib2to3 (3.7.1-1) ...
Selecting previously unselected package python3-distutils.
Preparing to unpack .../069-python3-distutils_3.7.1-1_all.deb ...
Unpacking python3-distutils (3.7.1-1) ...
Selecting previously unselected package dh-python.
Preparing to unpack .../070-dh-python_3.20180927_all.deb ...
Unpacking dh-python (3.20180927) ...
Selecting previously unselected package libbam-dev.
Preparing to unpack .../071-libbam-dev_0.1.19-4_amd64.deb ...
Unpacking libbam-dev (0.1.19-4) ...
Selecting previously unselected package libbamtools2.5.1:amd64.
Preparing to unpack .../072-libbamtools2.5.1_2.5.1+dfsg-3_amd64.deb ...
Unpacking libbamtools2.5.1:amd64 (2.5.1+dfsg-3) ...
Selecting previously unselected package libbamtools-dev:amd64.
Preparing to unpack .../073-libbamtools-dev_2.5.1+dfsg-3_amd64.deb ...
Unpacking libbamtools-dev:amd64 (2.5.1+dfsg-3) ...
Selecting previously unselected package libboost1.67-dev:amd64.
Preparing to unpack .../074-libboost1.67-dev_1.67.0-11_amd64.deb ...
Unpacking libboost1.67-dev:amd64 (1.67.0-11) ...
Selecting previously unselected package libboost-dev:amd64.
Preparing to unpack .../075-libboost-dev_1.67.0.1_amd64.deb ...
Unpacking libboost-dev:amd64 (1.67.0.1) ...
Selecting previously unselected package libbwa-dev.
Preparing to unpack .../076-libbwa-dev_0.7.17-2_amd64.deb ...
Unpacking libbwa-dev (0.7.17-2) ...
Selecting previously unselected package libbz2-dev:amd64.
Preparing to unpack .../077-libbz2-dev_1.0.6-9_amd64.deb ...
Unpacking libbz2-dev:amd64 (1.0.6-9) ...
Selecting previously unselected package libcurl3-gnutls:amd64.
Preparing to unpack .../078-libcurl3-gnutls_7.62.0-1_amd64.deb ...
Unpacking libcurl3-gnutls:amd64 (7.62.0-1) ...
Selecting previously unselected package libexpat1-dev:amd64.
Preparing to unpack .../079-libexpat1-dev_2.2.6-1_amd64.deb ...
Unpacking libexpat1-dev:amd64 (2.2.6-1) ...
Selecting previously unselected package libhat-trie0:amd64.
Preparing to unpack .../080-libhat-trie0_0.1.2-1_amd64.deb ...
Unpacking libhat-trie0:amd64 (0.1.2-1) ...
Selecting previously unselected package libhat-trie-dev:amd64.
Preparing to unpack .../081-libhat-trie-dev_0.1.2-1_amd64.deb ...
Unpacking libhat-trie-dev:amd64 (0.1.2-1) ...
Selecting previously unselected package libhts2:amd64.
Preparing to unpack .../082-libhts2_1.9-8_amd64.deb ...
Unpacking libhts2:amd64 (1.9-8) ...
Selecting previously unselected package liblzma-dev:amd64.
Preparing to unpack .../083-liblzma-dev_5.2.2-1.3_amd64.deb ...
Unpacking liblzma-dev:amd64 (5.2.2-1.3) ...
Selecting previously unselected package zlib1g-dev:amd64.
Preparing to unpack .../084-zlib1g-dev_1%3a1.2.11.dfsg-1_amd64.deb ...
Unpacking zlib1g-dev:amd64 (1:1.2.11.dfsg-1) ...
Selecting previously unselected package libhts-dev:amd64.
Preparing to unpack .../085-libhts-dev_1.9-8_amd64.deb ...
Unpacking libhts-dev:amd64 (1.9-8) ...
Selecting previously unselected package libidn11:amd64.
Preparing to unpack .../086-libidn11_1.33-2.2_amd64.deb ...
Unpacking libidn11:amd64 (1.33-2.2) ...
Selecting previously unselected package libjemalloc1.
Preparing to unpack .../087-libjemalloc1_3.6.0-11_amd64.deb ...
Unpacking libjemalloc1 (3.6.0-11) ...
Selecting previously unselected package libjemalloc-dev.
Preparing to unpack .../088-libjemalloc-dev_3.6.0-11_amd64.deb ...
Unpacking libjemalloc-dev (3.6.0-11) ...
Selecting previously unselected package libnlopt0:amd64.
Preparing to unpack .../089-libnlopt0_2.4.2+dfsg-8+b1_amd64.deb ...
Unpacking libnlopt0:amd64 (2.4.2+dfsg-8+b1) ...
Selecting previously unselected package libnlopt-dev:amd64.
Preparing to unpack .../090-libnlopt-dev_2.4.2+dfsg-8+b1_amd64.deb ...
Unpacking libnlopt-dev:amd64 (2.4.2+dfsg-8+b1) ...
Selecting previously unselected package libnlopt-cxx0:amd64.
Preparing to unpack .../091-libnlopt-cxx0_2.4.2+dfsg-8+b1_amd64.deb ...
Unpacking libnlopt-cxx0:amd64 (2.4.2+dfsg-8+b1) ...
Selecting previously unselected package libnlopt-cxx-dev:amd64.
Preparing to unpack .../092-libnlopt-cxx-dev_2.4.2+dfsg-8+b1_amd64.deb ...
Unpacking libnlopt-cxx-dev:amd64 (2.4.2+dfsg-8+b1) ...
Selecting previously unselected package libpython2.7:amd64.
Preparing to unpack .../093-libpython2.7_2.7.15-5_amd64.deb ...
Unpacking libpython2.7:amd64 (2.7.15-5) ...
Selecting previously unselected package libpython2.7-dev:amd64.
Preparing to unpack .../094-libpython2.7-dev_2.7.15-5_amd64.deb ...
Unpacking libpython2.7-dev:amd64 (2.7.15-5) ...
Selecting previously unselected package libpython2-dev:amd64.
Preparing to unpack .../095-libpython2-dev_2.7.15-3_amd64.deb ...
Unpacking libpython2-dev:amd64 (2.7.15-3) ...
Selecting previously unselected package libpython-dev:amd64.
Preparing to unpack .../096-libpython-dev_2.7.15-3_amd64.deb ...
Unpacking libpython-dev:amd64 (2.7.15-3) ...
Selecting previously unselected package libpython-all-dev:amd64.
Preparing to unpack .../097-libpython-all-dev_2.7.15-3_amd64.deb ...
Unpacking libpython-all-dev:amd64 (2.7.15-3) ...
Selecting previously unselected package libssw0:amd64.
Preparing to unpack .../098-libssw0_1.1-2_amd64.deb ...
Unpacking libssw0:amd64 (1.1-2) ...
Selecting previously unselected package libssw-dev:amd64.
Preparing to unpack .../099-libssw-dev_1.1-2_amd64.deb ...
Unpacking libssw-dev:amd64 (1.1-2) ...
Selecting previously unselected package lynx-common.
Preparing to unpack .../100-lynx-common_2.8.9rel.1-2_all.deb ...
Unpacking lynx-common (2.8.9rel.1-2) ...
Selecting previously unselected package lynx.
Preparing to unpack .../101-lynx_2.8.9rel.1-2_amd64.deb ...
Unpacking lynx (2.8.9rel.1-2) ...
Selecting previously unselected package python-all.
Preparing to unpack .../102-python-all_2.7.15-3_amd64.deb ...
Unpacking python-all (2.7.15-3) ...
Selecting previously unselected package python2.7-dev.
Preparing to unpack .../103-python2.7-dev_2.7.15-5_amd64.deb ...
Unpacking python2.7-dev (2.7.15-5) ...
Selecting previously unselected package python2-dev.
Preparing to unpack .../104-python2-dev_2.7.15-3_amd64.deb ...
Unpacking python2-dev (2.7.15-3) ...
Selecting previously unselected package python-dev.
Preparing to unpack .../105-python-dev_2.7.15-3_amd64.deb ...
Unpacking python-dev (2.7.15-3) ...
Selecting previously unselected package python-all-dev.
Preparing to unpack .../106-python-all-dev_2.7.15-3_amd64.deb ...
Unpacking python-all-dev (2.7.15-3) ...
Selecting previously unselected package python-joblib.
Preparing to unpack .../107-python-joblib_0.13.0-1_all.deb ...
Unpacking python-joblib (0.13.0-1) ...
Selecting previously unselected package python-yaml.
Preparing to unpack .../108-python-yaml_3.13-1_amd64.deb ...
Unpacking python-yaml (3.13-1) ...
Selecting previously unselected package sbuild-build-depends-spades-dummy.
Preparing to unpack .../109-sbuild-build-depends-spades-dummy_0.invalid.0_amd64.deb ...
Unpacking sbuild-build-depends-spades-dummy (0.invalid.0) ...
Setting up readline-common (7.0-5) ...
Setting up bwa (0.7.17-2) ...
Setting up libbz2-dev:amd64 (1.0.6-9) ...
Setting up ruby-xmlrpc (0.3.0-2) ...
Setting up libarchive-zip-perl (1.64-1) ...
Setting up libnghttp2-14:amd64 (1.35.1-1) ...
Setting up libprocps7:amd64 (2:3.3.15-2) ...
Setting up mime-support (3.61) ...
Setting up libicu63:amd64 (63.1-5) ...
Setting up libjemalloc1 (3.6.0-11) ...
Setting up libsigsegv2:amd64 (2.12-2) ...
Setting up libldap-common (2.4.47+dfsg-1) ...
Setting up libssw0:amd64 (1.1-2) ...
Setting up libuv1:amd64 (1.24.0-1) ...
Setting up libreadline7:amd64 (7.0-5) ...
Setting up libpsl5:amd64 (0.20.2-2) ...
Setting up libelf1:amd64 (0.175-2) ...
Setting up libglib2.0-0:amd64 (2.58.1-2) ...
No schema files found: doing nothing.
Setting up libnlopt-cxx0:amd64 (2.4.2+dfsg-8+b1) ...
Setting up libssw-dev:amd64 (1.1-2) ...
Setting up gettext-base (0.19.8.1-9) ...
Setting up cmake-data (3.13.2-1) ...
Setting up libpipeline1:amd64 (1.5.0-2) ...
Setting up librtmp1:amd64 (2.4+20151223.gitfa8646d.1-2) ...
Setting up m4 (1.4.18-2) ...
Setting up libjemalloc-dev (3.6.0-11) ...
Setting up libxml2:amd64 (2.9.4+dfsg1-7+b3) ...
Setting up libuchardet0:amd64 (0.0.6-3) ...
Setting up libmagic-mgc (1:5.34-2) ...
Setting up libmagic1:amd64 (1:5.34-2) ...
Setting up lsb-base (10.2018112800) ...
Setting up librhash0:amd64 (1.3.7-1) ...
Setting up libcroco3:amd64 (0.6.12-3) ...
Setting up ruby-did-you-mean (1.2.1-1) ...
Setting up libyaml-0-2:amd64 (0.2.1-1) ...
Setting up sensible-utils (0.0.12) ...
Setting up libssh2-1:amd64 (1.8.0-2) ...
Processing triggers for libc-bin (2.28-4) ...
Setting up dwz (0.12-3) ...
Setting up autotools-dev (20180224.1) ...
Setting up libboost1.67-dev:amd64 (1.67.0-11) ...
Setting up libbamtools2.5.1:amd64 (2.5.1+dfsg-3) ...
Setting up openssl (1.1.1a-1) ...
Setting up ruby-net-telnet (0.1.1-2) ...
Setting up libbam-dev (0.1.19-4) ...
Setting up libsqlite3-0:amd64 (3.26.0+fossilbc891ac6b-1) ...
Setting up libexpat1-dev:amd64 (2.2.6-1) ...
Setting up libbwa-dev (0.7.17-2) ...
Setting up libboost-dev:amd64 (1.67.0.1) ...
Setting up liblzma-dev:amd64 (5.2.2-1.3) ...
Setting up libkeyutils1:amd64 (1.5.9-9.3) ...
Setting up bsdmainutils (11.1.2+b1) ...
update-alternatives: using /usr/bin/bsd-write to provide /usr/bin/write (write) in auto mode
update-alternatives: using /usr/bin/bsd-from to provide /usr/bin/from (from) in auto mode
Setting up ruby-minitest (5.11.3-1) ...
Setting up lynx-common (2.8.9rel.1-2) ...
Setting up ca-certificates (20180409) ...
Updating certificates in /etc/ssl/certs...
133 added, 0 removed; done.
Setting up libnlopt0:amd64 (2.4.2+dfsg-8+b1) ...
Setting up libncurses6:amd64 (6.1+20181013-1) ...
Setting up libpython2.7-stdlib:amd64 (2.7.15-5) ...
Setting up autopoint (0.19.8.1-9) ...
Setting up libidn11:amd64 (1.33-2.2) ...
Setting up libmpdec2:amd64 (2.4.2-2) ...
Setting up libhat-trie0:amd64 (0.1.2-1) ...
Setting up ruby-power-assert (1.1.1-1) ...
Setting up lynx (2.8.9rel.1-2) ...
update-alternatives: using /usr/bin/lynx to provide /usr/bin/www-browser (www-browser) in auto mode
Setting up zlib1g-dev:amd64 (1:1.2.11.dfsg-1) ...
Setting up libfile-stripnondeterminism-perl (1.0.0-1) ...
Setting up libjsoncpp1:amd64 (1.7.4-3) ...
Setting up libpython3.7-stdlib:amd64 (3.7.2~rc1-1) ...
Setting up ruby-test-unit (3.2.8-1) ...
Setting up gettext (0.19.8.1-9) ...
Setting up libarchive13:amd64 (3.3.3-2) ...
Setting up groff-base (1.22.4-1) ...
Setting up libbamtools-dev:amd64 (2.5.1+dfsg-3) ...
Setting up python2.7 (2.7.15-5) ...
Setting up python3.7 (3.7.2~rc1-1) ...
Setting up autoconf (2.69-11) ...
Setting up file (1:5.34-2) ...
Setting up libkrb5support0:amd64 (1.16.2-1) ...
Setting up libhat-trie-dev:amd64 (0.1.2-1) ...
Setting up procps (2:3.3.15-2) ...
update-alternatives: using /usr/bin/w.procps to provide /usr/bin/w (w) in auto mode
Setting up intltool-debian (0.35.0+20060710.4) ...
Setting up libnlopt-dev:amd64 (2.4.2+dfsg-8+b1) ...
Setting up libpython2.7:amd64 (2.7.15-5) ...
Setting up automake (1:1.16.1-4) ...
update-alternatives: using /usr/bin/automake-1.16 to provide /usr/bin/automake (automake) in auto mode
Setting up rubygems-integration (1.11) ...
Setting up man-db (2.8.4-3) ...
Not building database; man-db/auto-update is not 'true'.
Setting up libpython2-stdlib:amd64 (2.7.15-3) ...
Setting up libpython2.7-dev:amd64 (2.7.15-5) ...
Setting up python2.7-dev (2.7.15-5) ...
Setting up libtool (2.4.6-6) ...
Setting up libpython3-stdlib:amd64 (3.7.1-3) ...
Setting up libk5crypto3:amd64 (1.16.2-1) ...
Setting up po-debconf (1.0.21) ...
Setting up python3 (3.7.1-3) ...
Setting up libnlopt-cxx-dev:amd64 (2.4.2+dfsg-8+b1) ...
Setting up python2 (2.7.15-3) ...
Setting up libpython2-dev:amd64 (2.7.15-3) ...
Setting up libpython-stdlib:amd64 (2.7.15-3) ...
Setting up python2-dev (2.7.15-3) ...
Setting up libkrb5-3:amd64 (1.16.2-1) ...
Setting up python3-lib2to3 (3.7.1-1) ...
Setting up python3-distutils (3.7.1-1) ...
Setting up python (2.7.15-3) ...
Setting up libpython-dev:amd64 (2.7.15-3) ...
Setting up python-yaml (3.13-1) ...
Setting up python-dev (2.7.15-3) ...
Setting up python-joblib (0.13.0-1) ...
Setting up libpython-all-dev:amd64 (2.7.15-3) ...
Setting up libgssapi-krb5-2:amd64 (1.16.2-1) ...
Setting up dh-python (3.20180927) ...
Setting up python-all (2.7.15-3) ...
Setting up libsasl2-modules-db:amd64 (2.1.27~rc8-1) ...
Setting up libsasl2-2:amd64 (2.1.27~rc8-1) ...
Setting up python-all-dev (2.7.15-3) ...
Setting up libldap-2.4-2:amd64 (2.4.47+dfsg-1) ...
Setting up libcurl3-gnutls:amd64 (7.62.0-1) ...
Setting up libcurl4:amd64 (7.62.0-1) ...
Setting up cmake (3.13.2-1) ...
Setting up libhts2:amd64 (1.9-8) ...
Setting up libhts-dev:amd64 (1.9-8) ...
Setting up libruby2.5:amd64 (2.5.3-3) ...
Setting up dh-autoreconf (19) ...
Setting up dh-strip-nondeterminism (1.0.0-1) ...
Setting up debhelper (12) ...
Setting up ruby2.5 (2.5.3-3) ...
Setting up ruby (1:2.5.1) ...
Setting up rake (12.3.1-3) ...
Setting up ruby-asciidoctor (1.5.8-1) ...
Setting up asciidoctor (1.5.8-1) ...
Setting up sbuild-build-depends-spades-dummy (0.invalid.0) ...
Processing triggers for libc-bin (2.28-4) ...
Processing triggers for ca-certificates (20180409) ...
Updating certificates in /etc/ssl/certs...
0 added, 0 removed; done.
Running hooks in /etc/ca-certificates/update.d...
done.

+------------------------------------------------------------------------------+
| Build environment                                                            |
+------------------------------------------------------------------------------+

Kernel: Linux 4.9.0-8-amd64 amd64 (x86_64)
Toolchain package versions: binutils_2.31.1-11 dpkg-dev_1.19.2 g++-8_8.2.0-13 gcc-8_8.2.0-13 libc6-dev_2.28-4 libstdc++-8-dev_8.2.0-13 libstdc++6_8.2.0-13 linux-libc-dev_4.19.13-1
Package versions: adduser_3.118 apt_1.8.0~alpha3 asciidoctor_1.5.8-1 autoconf_2.69-11 automake_1:1.16.1-4 autopoint_0.19.8.1-9 autotools-dev_20180224.1 base-files_10.1 base-passwd_3.5.45 bash_4.4.18-3.1 binutils_2.31.1-11 binutils-common_2.31.1-11 binutils-x86-64-linux-gnu_2.31.1-11 bsdmainutils_11.1.2+b1 bsdutils_1:2.33-0.2 build-essential_12.5 bwa_0.7.17-2 bzip2_1.0.6-9 ca-certificates_20180409 clang-7_1:7.0.1-3 cmake_3.13.2-1 cmake-data_3.13.2-1 coreutils_8.30-1 cpp_4:8.2.0-2 cpp-8_8.2.0-13 dash_0.5.10.2-4 debconf_1.5.69 debhelper_12 debian-archive-keyring_2018.1 debianutils_4.8.6 dh-autoreconf_19 dh-python_3.20180927 dh-strip-nondeterminism_1.0.0-1 diffutils_1:3.6-1 dpkg_1.19.2 dpkg-dev_1.19.2 dwz_0.12-3 e2fsprogs_1.44.5-1 fakeroot_1.23-1 fdisk_2.33-0.2 file_1:5.34-2 findutils_4.6.0+git+20181018-1 g++_4:8.2.0-2 g++-8_8.2.0-13 gcc_4:8.2.0-2 gcc-8_8.2.0-13 gcc-8-base_8.2.0-13 gettext_0.19.8.1-9 gettext-base_0.19.8.1-9 gpgv_2.2.12-1 grep_3.1-3 groff-base_1.22.4-1 gzip_1.9-2.1 hostname_3.21 init-system-helpers_1.56+nmu1 intltool-debian_0.35.0+20060710.4 lib32gcc1_1:8.2.0-13 lib32stdc++6_8.2.0-13 libacl1_2.2.52-3+b1 libapt-pkg5.0_1.8.0~alpha3 libarchive-zip-perl_1.64-1 libarchive13_3.3.3-2 libasan5_8.2.0-13 libatomic1_8.2.0-13 libattr1_1:2.4.47-2+b2 libaudit-common_1:2.8.4-2 libaudit1_1:2.8.4-2 libbam-dev_0.1.19-4 libbamtools-dev_2.5.1+dfsg-3 libbamtools2.5.1_2.5.1+dfsg-3 libbinutils_2.31.1-11 libblkid1_2.33-0.2 libboost-dev_1.67.0.1 libboost1.67-dev_1.67.0-11 libbsd0_0.9.1-1 libbwa-dev_0.7.17-2 libbz2-1.0_1.0.6-9 libbz2-dev_1.0.6-9 libc-bin_2.28-4 libc-dev-bin_2.28-4 libc6_2.28-4 libc6-dev_2.28-4 libc6-i386_2.28-4 libcap-ng0_0.7.9-1+b1 libcc1-0_8.2.0-13 libclang-common-7-dev_1:7.0.1-3 libclang1-7_1:7.0.1-3 libcom-err2_1.44.5-1 libcroco3_0.6.12-3 libcurl3-gnutls_7.62.0-1 libcurl4_7.62.0-1 libdb5.3_5.3.28+dfsg1-0.2 libdebconfclient0_0.246 libdpkg-perl_1.19.2 libedit2_3.1-20181209-1 libelf1_0.175-2 libexpat1_2.2.6-1 libexpat1-dev_2.2.6-1 libext2fs2_1.44.5-1 libfakeroot_1.23-1 libfdisk1_2.33-0.2 libffi6_3.2.1-9 libfile-stripnondeterminism-perl_1.0.0-1 libgc1c2_1:7.6.4-0.4 libgcc-8-dev_8.2.0-13 libgcc1_1:8.2.0-13 libgcrypt20_1.8.4-4 libgdbm-compat4_1.18.1-2 libgdbm6_1.18.1-2 libglib2.0-0_2.58.1-2 libgmp10_2:6.1.2+dfsg-4 libgnutls30_3.6.5-2 libgomp1_8.2.0-13 libgpg-error0_1.33-3 libgssapi-krb5-2_1.16.2-1 libhat-trie-dev_0.1.2-1 libhat-trie0_0.1.2-1 libhogweed4_3.4.1~rc1-1 libhts-dev_1.9-8 libhts2_1.9-8 libicu63_63.1-5 libidn11_1.33-2.2 libidn2-0_2.0.5-1 libisl19_0.20-2 libitm1_8.2.0-13 libjemalloc-dev_3.6.0-11 libjemalloc1_3.6.0-11 libjsoncpp1_1.7.4-3 libk5crypto3_1.16.2-1 libkeyutils1_1.5.9-9.3 libkrb5-3_1.16.2-1 libkrb5support0_1.16.2-1 libldap-2.4-2_2.4.47+dfsg-1 libldap-common_2.4.47+dfsg-1 libllvm7_1:7.0.1-3 liblsan0_8.2.0-13 liblz4-1_1.8.2-1 liblzma-dev_5.2.2-1.3 liblzma5_5.2.2-1.3 libmagic-mgc_1:5.34-2 libmagic1_1:5.34-2 libmount1_2.33-0.2 libmpc3_1.1.0-1 libmpdec2_2.4.2-2 libmpfr6_4.0.1-2 libmpx2_8.2.0-13 libncurses6_6.1+20181013-1 libncursesw6_6.1+20181013-1 libnettle6_3.4.1~rc1-1 libnghttp2-14_1.35.1-1 libnlopt-cxx-dev_2.4.2+dfsg-8+b1 libnlopt-cxx0_2.4.2+dfsg-8+b1 libnlopt-dev_2.4.2+dfsg-8+b1 libnlopt0_2.4.2+dfsg-8+b1 libobjc-8-dev_8.2.0-13 libobjc4_8.2.0-13 libp11-kit0_0.23.14-2 libpam-modules_1.1.8-3.8 libpam-modules-bin_1.1.8-3.8 libpam-runtime_1.1.8-3.8 libpam0g_1.1.8-3.8 libpcre3_2:8.39-11 libperl5.28_5.28.1-3 libpipeline1_1.5.0-2 libprocps7_2:3.3.15-2 libpsl5_0.20.2-2 libpython-all-dev_2.7.15-3 libpython-dev_2.7.15-3 libpython-stdlib_2.7.15-3 libpython2-dev_2.7.15-3 libpython2-stdlib_2.7.15-3 libpython2.7_2.7.15-5 libpython2.7-dev_2.7.15-5 libpython2.7-minimal_2.7.15-5 libpython2.7-stdlib_2.7.15-5 libpython3-stdlib_3.7.1-3 libpython3.7-minimal_3.7.2~rc1-1 libpython3.7-stdlib_3.7.2~rc1-1 libquadmath0_8.2.0-13 libreadline7_7.0-5 librhash0_1.3.7-1 librtmp1_2.4+20151223.gitfa8646d.1-2 libruby2.5_2.5.3-3 libsasl2-2_2.1.27~rc8-1 libsasl2-modules-db_2.1.27~rc8-1 libseccomp2_2.3.3-3 libselinux1_2.8-1+b1 libsemanage-common_2.8-1 libsemanage1_2.8-1+b1 libsepol1_2.8-1 libsigsegv2_2.12-2 libsmartcols1_2.33-0.2 libsqlite3-0_3.26.0+fossilbc891ac6b-1 libss2_1.44.5-1 libssh2-1_1.8.0-2 libssl1.1_1.1.1a-1 libssw-dev_1.1-2 libssw0_1.1-2 libstdc++-8-dev_8.2.0-13 libstdc++6_8.2.0-13 libsystemd0_240-2 libtasn1-6_4.13-3 libtinfo6_6.1+20181013-1 libtool_2.4.6-6 libtsan0_8.2.0-13 libubsan1_8.2.0-13 libuchardet0_0.0.6-3 libudev1_240-2 libunistring2_0.9.10-1 libuuid1_2.33-0.2 libuv1_1.24.0-1 libxml2_2.9.4+dfsg1-7+b3 libyaml-0-2_0.2.1-1 libzstd1_1.3.5+dfsg-2 linux-libc-dev_4.19.13-1 login_1:4.5-1.1 lsb-base_10.2018112800 lynx_2.8.9rel.1-2 lynx-common_2.8.9rel.1-2 m4_1.4.18-2 make_4.2.1-1.2 man-db_2.8.4-3 mawk_1.3.3-17+b3 mime-support_3.61 mount_2.33-0.2 ncurses-base_6.1+20181013-1 ncurses-bin_6.1+20181013-1 openssl_1.1.1a-1 passwd_1:4.5-1.1 patch_2.7.6-3 perl_5.28.1-3 perl-base_5.28.1-3 perl-modules-5.28_5.28.1-3 po-debconf_1.0.21 procps_2:3.3.15-2 python_2.7.15-3 python-all_2.7.15-3 python-all-dev_2.7.15-3 python-dev_2.7.15-3 python-joblib_0.13.0-1 python-minimal_2.7.15-3 python-yaml_3.13-1 python2_2.7.15-3 python2-dev_2.7.15-3 python2-minimal_2.7.15-3 python2.7_2.7.15-5 python2.7-dev_2.7.15-5 python2.7-minimal_2.7.15-5 python3_3.7.1-3 python3-distutils_3.7.1-1 python3-lib2to3_3.7.1-1 python3-minimal_3.7.1-3 python3.7_3.7.2~rc1-1 python3.7-minimal_3.7.2~rc1-1 rake_12.3.1-3 readline-common_7.0-5 ruby_1:2.5.1 ruby-asciidoctor_1.5.8-1 ruby-did-you-mean_1.2.1-1 ruby-minitest_5.11.3-1 ruby-net-telnet_0.1.1-2 ruby-power-assert_1.1.1-1 ruby-test-unit_3.2.8-1 ruby-xmlrpc_0.3.0-2 ruby2.5_2.5.3-3 rubygems-integration_1.11 sbuild-build-depends-core-dummy_0.invalid.0 sbuild-build-depends-spades-dummy_0.invalid.0 sed_4.7-1 sensible-utils_0.0.12 sysvinit-utils_2.93-2 tar_1.30+dfsg-3 tzdata_2018i-1 util-linux_2.33-0.2 xz-utils_5.2.2-1.3 zlib1g_1:1.2.11.dfsg-1 zlib1g-dev_1:1.2.11.dfsg-1

+------------------------------------------------------------------------------+
| Build                                                                        |
+------------------------------------------------------------------------------+


Unpack source
-------------

gpgv: unknown type of key resource 'trustedkeys.kbx'
gpgv: keyblock resource '/sbuild-nonexistent/.gnupg/trustedkeys.kbx': General error
gpgv: Signature made Tue Oct 16 20:28:48 2018 UTC
gpgv:                using RSA key F1F007320A035541F0A663CA578A0494D1C646D1
gpgv:                issuer "tille@debian.org"
gpgv: Can't check signature: No public key
dpkg-source: warning: failed to verify signature on ./spades_3.13.0+dfsg-1.dsc
dpkg-source: info: extracting spades in /<<BUILDDIR>>/spades-3.13.0+dfsg
dpkg-source: info: unpacking spades_3.13.0+dfsg.orig.tar.xz
dpkg-source: info: unpacking spades_3.13.0+dfsg-1.debian.tar.xz
dpkg-source: info: using patch list from debian/patches/series
dpkg-source: info: applying 0002_use_debian_packaged_python-joblib.patch
dpkg-source: info: applying 0003_accept-system-bwa.patch
dpkg-source: info: applying 0101_cmake_ignore_removed_python-yaml.patch
dpkg-source: info: applying 0102_cmake_ignore_removed_python-joblib.patch
dpkg-source: info: applying 0103_use-debian-packaged-bwa.patch
dpkg-source: info: applying 0110_build_single_thread.patch
dpkg-source: info: applying 0114_use_debian_provided_libs.patch
dpkg-source: info: applying 0115_enable_compiler_messages.patch
dpkg-source: info: applying 0111_use_full_config_dirs.patch
dpkg-source: info: applying 0116_stable_link_order.patch
dpkg-source: info: applying 0117_build_with_debug.patch
dpkg-source: info: applying 0118_adjust_spades_home_again.patch
dpkg-source: info: applying fix-bool-cast
dpkg-source: info: applying spelling
dpkg-source: info: applying gcc7.patch

Check disk space
----------------

Sufficient free space for build

User Environment
----------------

APT_CONFIG=/var/lib/sbuild/apt.conf
HOME=/sbuild-nonexistent
LANG=en_US.UTF-8
LC_ALL=POSIX
LOGNAME=user42
PATH=/usr/local/sbin:/usr/local/bin:/usr/sbin:/usr/bin:/sbin:/bin:/usr/games
SCHROOT_ALIAS_NAME=unstable
SCHROOT_CHROOT_NAME=sid-amd64-sbuild
SCHROOT_COMMAND=env
SCHROOT_GID=1001
SCHROOT_GROUP=user42
SCHROOT_SESSION_ID=sid-amd64-sbuild-7f6ee3c1-484e-4c23-848a-055903ed7e85
SCHROOT_UID=1001
SCHROOT_USER=user42
SHELL=/bin/sh
USER=user42

dpkg-buildpackage
-----------------

dpkg-buildpackage: info: source package spades
dpkg-buildpackage: info: source version 3.13.0+dfsg-1
dpkg-buildpackage: info: source distribution unstable
dpkg-buildpackage: info: source changed by Andreas Tille <tille@debian.org>
 dpkg-source --before-build .
dpkg-buildpackage: info: host architecture amd64
 fakeroot debian/rules clean
dh clean  --with python2 --sourcedirectory=src --buildsystem=cmake
   debian/rules override_dh_auto_clean
make[1]: Entering directory '/<<BUILDDIR>>/spades-3.13.0+dfsg'
dh_auto_clean
rm -rf build_spades
rm -rf install_spades
rm -rf spades_test
find . -name "*.pyc" -delete
rm -rf /<<BUILDDIR>>/spades-3.13.0+dfsg/debian/man_src/*.html /<<BUILDDIR>>/spades-3.13.0+dfsg/debian/man_src/*.?
rm -rf /<<BUILDDIR>>/spades-3.13.0+dfsg/debian/man
make[1]: Leaving directory '/<<BUILDDIR>>/spades-3.13.0+dfsg'
   dh_autoreconf_clean -O--sourcedirectory=src -O--buildsystem=cmake
   debian/rules override_dh_clean
make[1]: Entering directory '/<<BUILDDIR>>/spades-3.13.0+dfsg'
dh_clean -X.orig
make[1]: Leaving directory '/<<BUILDDIR>>/spades-3.13.0+dfsg'
 debian/rules build-arch
dh build-arch  --with python2 --sourcedirectory=src --buildsystem=cmake
   dh_update_autotools_config -a -O--sourcedirectory=src -O--buildsystem=cmake
   dh_autoreconf -a -O--sourcedirectory=src -O--buildsystem=cmake
   debian/rules override_dh_auto_configure
make[1]: Entering directory '/<<BUILDDIR>>/spades-3.13.0+dfsg'
echo "Simply use spades_compile.sh in auto_build"
Simply use spades_compile.sh in auto_build
make[1]: Leaving directory '/<<BUILDDIR>>/spades-3.13.0+dfsg'
   debian/rules override_dh_auto_build
make[1]: Entering directory '/<<BUILDDIR>>/spades-3.13.0+dfsg'
PREFIX=/<<BUILDDIR>>/spades-3.13.0+dfsg/install_spades ./spades_compile.sh
-- The C compiler identification is Clang 7.0.1
-- The CXX compiler identification is Clang 7.0.1
-- Check for working C compiler: /usr/bin/cc
-- Check for working C compiler: /usr/bin/cc -- works
-- Detecting C compiler ABI info
-- Detecting C compiler ABI info - done
-- Detecting C compile features
-- Detecting C compile features - done
-- Check for working CXX compiler: /usr/bin/c++
-- Check for working CXX compiler: /usr/bin/c++ -- works
-- Detecting CXX compiler ABI info
-- Detecting CXX compiler ABI info - done
-- Detecting CXX compile features
-- Detecting CXX compile features - done
-- Could NOT find OpenMP_C (missing: OpenMP_C_FLAGS OpenMP_C_LIB_NAMES) 
-- Could NOT find OpenMP_CXX (missing: OpenMP_CXX_FLAGS OpenMP_CXX_LIB_NAMES) 
-- Could NOT find OpenMP (missing: OpenMP_C_FOUND OpenMP_CXX_FOUND) 
-- Found ZLIB: /usr/lib/x86_64-linux-gnu/libz.so (found version "1.2.11") 
-- Found BZip2: /usr/lib/x86_64-linux-gnu/libbz2.so (found version "1.0.6") 
-- Looking for BZ2_bzCompressInit
-- Looking for BZ2_bzCompressInit - found
-- Could NOT find readline (missing: READLINE_INCLUDE_DIR READLINE_LIBRARY) 
-- Boost version: 1.67.0
Making Release Configuration...
Building SPAdes from N/A, sha: N/A
-- Looking for open
-- Looking for open - found
-- Looking for include file execinfo.h
-- Looking for include file execinfo.h - found
-- Looking for include file signal.h
-- Looking for include file signal.h - found
-- Looking for include file sys/stat.h
-- Looking for include file sys/stat.h - found
-- Looking for include file cxxabi.h
-- Looking for include file cxxabi.h - not found
-- Looking for include file dlfcn.h
-- Looking for include file dlfcn.h - found
-- Looking for include file mach/mach.h
-- Looking for include file mach/mach.h - not found
-- Looking for include file link.h
-- Looking for include file link.h - found
-- Looking for backtrace
-- Looking for backtrace - found
-- Configuring done
-- Generating done
-- Build files have been written to: /<<BUILDDIR>>/spades-3.13.0+dfsg/build_spades
make[2]: Entering directory '/<<BUILDDIR>>/spades-3.13.0+dfsg/build_spades'
/usr/bin/cmake -S/<<BUILDDIR>>/spades-3.13.0+dfsg/src -B/<<BUILDDIR>>/spades-3.13.0+dfsg/build_spades --check-build-system CMakeFiles/Makefile.cmake 0
/usr/bin/cmake -E cmake_progress_start /<<BUILDDIR>>/spades-3.13.0+dfsg/build_spades/CMakeFiles /<<BUILDDIR>>/spades-3.13.0+dfsg/build_spades/CMakeFiles/progress.marks
make -f CMakeFiles/Makefile2 all
make[3]: Entering directory '/<<BUILDDIR>>/spades-3.13.0+dfsg/build_spades'
make -f ext/ConsensusCore/CMakeFiles/ConsensusCore.dir/build.make ext/ConsensusCore/CMakeFiles/ConsensusCore.dir/depend
make[4]: Entering directory '/<<BUILDDIR>>/spades-3.13.0+dfsg/build_spades'
cd /<<BUILDDIR>>/spades-3.13.0+dfsg/build_spades && /usr/bin/cmake -E cmake_depends "Unix Makefiles" /<<BUILDDIR>>/spades-3.13.0+dfsg/src /<<BUILDDIR>>/spades-3.13.0+dfsg/ext/src/ConsensusCore /<<BUILDDIR>>/spades-3.13.0+dfsg/build_spades /<<BUILDDIR>>/spades-3.13.0+dfsg/build_spades/ext/ConsensusCore /<<BUILDDIR>>/spades-3.13.0+dfsg/build_spades/ext/ConsensusCore/CMakeFiles/ConsensusCore.dir/DependInfo.cmake --color=
Dependee "/<<BUILDDIR>>/spades-3.13.0+dfsg/build_spades/ext/ConsensusCore/CMakeFiles/ConsensusCore.dir/DependInfo.cmake" is newer than depender "/<<BUILDDIR>>/spades-3.13.0+dfsg/build_spades/ext/ConsensusCore/CMakeFiles/ConsensusCore.dir/depend.internal".
Dependee "/<<BUILDDIR>>/spades-3.13.0+dfsg/build_spades/ext/ConsensusCore/CMakeFiles/CMakeDirectoryInformation.cmake" is newer than depender "/<<BUILDDIR>>/spades-3.13.0+dfsg/build_spades/ext/ConsensusCore/CMakeFiles/ConsensusCore.dir/depend.internal".
Scanning dependencies of target ConsensusCore
make[4]: Leaving directory '/<<BUILDDIR>>/spades-3.13.0+dfsg/build_spades'
make -f ext/ConsensusCore/CMakeFiles/ConsensusCore.dir/build.make ext/ConsensusCore/CMakeFiles/ConsensusCore.dir/build
make[4]: Entering directory '/<<BUILDDIR>>/spades-3.13.0+dfsg/build_spades'
[  1%] Building CXX object ext/ConsensusCore/CMakeFiles/ConsensusCore.dir/AffineAlignment.cpp.o
cd /<<BUILDDIR>>/spades-3.13.0+dfsg/build_spades/ext/ConsensusCore && /usr/bin/c++  -DJEMALLOC_NO_DEMANGLE -I/<<BUILDDIR>>/spades-3.13.0+dfsg/build_spades/ext/ConsensusCore -I/<<BUILDDIR>>/spades-3.13.0+dfsg/ext/src/ConsensusCore -I/<<BUILDDIR>>/spades-3.13.0+dfsg/src/include -I/<<BUILDDIR>>/spades-3.13.0+dfsg/build_spades/include -I/<<BUILDDIR>>/spades-3.13.0+dfsg/src -I/<<BUILDDIR>>/spades-3.13.0+dfsg/src/common -I/<<BUILDDIR>>/spades-3.13.0+dfsg/src/../ext/include/ConsensusCore -isystem /<<BUILDDIR>>/spades-3.13.0+dfsg/src/../ext/include  -g -O2 -fdebug-prefix-map=/<<BUILDDIR>>/spades-3.13.0+dfsg=. -fstack-protector-strong -Wformat -Werror=format-security -Wdate-time -D_FORTIFY_SOURCE=2 -std=c++14 -stdlib=libc++ -O2 -g -DNDEBUG   -UNDEBUG -Wno-deprecated -g3 -O2 -o CMakeFiles/ConsensusCore.dir/AffineAlignment.cpp.o -c /<<BUILDDIR>>/spades-3.13.0+dfsg/ext/src/ConsensusCore/AffineAlignment.cpp
In file included from /<<BUILDDIR>>/spades-3.13.0+dfsg/ext/src/ConsensusCore/AffineAlignment.cpp:38:
/<<BUILDDIR>>/spades-3.13.0+dfsg/src/../ext/include/ConsensusCore/AffineAlignment.hpp:44:10: fatal error: 'string' file not found
#include <string>
         ^~~~~~~~
1 error generated.
make[4]: *** [ext/ConsensusCore/CMakeFiles/ConsensusCore.dir/build.make:63: ext/ConsensusCore/CMakeFiles/ConsensusCore.dir/AffineAlignment.cpp.o] Error 1
make[4]: Leaving directory '/<<BUILDDIR>>/spades-3.13.0+dfsg/build_spades'
make[3]: *** [CMakeFiles/Makefile2:168: ext/ConsensusCore/CMakeFiles/ConsensusCore.dir/all] Error 2
make[3]: Leaving directory '/<<BUILDDIR>>/spades-3.13.0+dfsg/build_spades'
make[2]: *** [Makefile:152: all] Error 2
make[2]: Leaving directory '/<<BUILDDIR>>/spades-3.13.0+dfsg/build_spades'
make[1]: *** [debian/rules:42: override_dh_auto_build] Error 2
make[1]: Leaving directory '/<<BUILDDIR>>/spades-3.13.0+dfsg'
make: *** [debian/rules:24: build-arch] Error 2
dpkg-buildpackage: error: debian/rules build-arch subprocess returned exit status 2
--------------------------------------------------------------------------------
Build finished at 2019-01-01T04:03:26Z

Finished
--------


+------------------------------------------------------------------------------+
| Cleanup                                                                      |
+------------------------------------------------------------------------------+

Purging /<<BUILDDIR>>
Not cleaning session: cloned chroot in use
E: Build failure (dpkg-buildpackage died)

+------------------------------------------------------------------------------+
| Summary                                                                      |
+------------------------------------------------------------------------------+

Build Architecture: amd64
Build Type: any
Build-Space: 18036
Build-Time: 10
Distribution: unstable
Fail-Stage: build
Host Architecture: amd64
Install-Time: 40
Job: spades_3.13.0+dfsg-1
Machine Architecture: amd64
Package: spades
Package-Time: 71
Source-Version: 3.13.0+dfsg-1
Space: 18036
Status: attempted
Version: 3.13.0+dfsg-1
--------------------------------------------------------------------------------
Finished at 2019-01-01T04:03:26Z
Build needed 00:01:11, 18036k disk space
E: Build failure (dpkg-buildpackage died)
DC-Status: Failed 71.840516438s
DC-Time-Estimation: 71.840516438 versus expected 1 (r/m: 70.840516438 ; m: 1.0)
