DC-Build-Header: clucene-core 2.3.3.4+dfsg-1 / 2018-05-02 13:21:53 +0000
DC-Task: type:rebuild-binarch-only source:clucene-core version:2.3.3.4+dfsg-1 chroot:unstable esttime:60 logfile:/tmp/clucene-core_2.3.3.4+dfsg-1_unstable_clang60.log modes:clang60:binarch-only
DC-Sbuild-call: su user42 -c 'sbuild -n --arch-any --apt-update -d unstable -v  --chroot-setup-commands=/tmp/clang60 clucene-core_2.3.3.4+dfsg-1'
sbuild (Debian sbuild) 0.73.0 (23 Dec 2016) on ip-172-31-14-85.eu-central-1.compute.internal

+==============================================================================+
| clucene-core 2.3.3.4+dfsg-1 (amd64)          Wed, 02 May 2018 13:21:54 +0000 |
+==============================================================================+

Package: clucene-core
Version: 2.3.3.4+dfsg-1
Source Version: 2.3.3.4+dfsg-1
Distribution: unstable
Machine Architecture: amd64
Host Architecture: amd64
Build Architecture: amd64
Build Type: any

I: NOTICE: Log filtering will replace 'var/run/schroot/mount/unstable-amd64-sbuild-4980a21f-0da4-4bcd-be3e-b168214cc082' with '<<CHROOT>>'

+------------------------------------------------------------------------------+
| Chroot Setup Commands                                                        |
+------------------------------------------------------------------------------+


/tmp/clang60
------------

+ echo 'Entering customization script...'
Entering customization script...
+ CLANG_VERSION=6.0
+ echo 'Install of clang-6.0'
Install of clang-6.0
+ apt-get update
Get:1 http://127.0.0.1:9999/debian unstable InRelease [242 kB]
Get:2 http://127.0.0.1:9999/debian unstable/main Sources.diff/Index [27.9 kB]
Get:3 http://127.0.0.1:9999/debian unstable/main amd64 Packages.diff/Index [27.9 kB]
Get:4 http://127.0.0.1:9999/debian unstable/main Sources 2018-05-02-0830.09.pdiff [16.2 kB]
Get:4 http://127.0.0.1:9999/debian unstable/main Sources 2018-05-02-0830.09.pdiff [16.2 kB]
Get:5 http://127.0.0.1:9999/debian unstable/main amd64 Packages 2018-05-02-0830.09.pdiff [1781 B]
Get:5 http://127.0.0.1:9999/debian unstable/main amd64 Packages 2018-05-02-0830.09.pdiff [1781 B]
Get:6 http://127.0.0.1:9999/debian unstable/main Translation-en [6016 kB]
Fetched 6332 kB in 2s (3345 kB/s)
Reading package lists...
+ apt-get install --yes --no-install-recommends --force-yes clang-6.0
Reading package lists...
Building dependency tree...
Reading state information...
The following additional packages will be installed:
  lib32gcc1 lib32stdc++6 libbsd0 libc6-i386 libclang-common-6.0-dev
  libclang1-6.0 libedit2 libjsoncpp1 libllvm6.0 libncurses5 libobjc-7-dev
  libobjc4
Suggested packages:
  gnustep gnustep-devel clang-6.0-doc
Recommended packages:
  llvm-6.0-dev python libomp-dev libgpm2
The following NEW packages will be installed:
  clang-6.0 lib32gcc1 lib32stdc++6 libbsd0 libc6-i386 libclang-common-6.0-dev
  libclang1-6.0 libedit2 libjsoncpp1 libllvm6.0 libncurses5 libobjc-7-dev
  libobjc4
0 upgraded, 13 newly installed, 0 to remove and 0 not upgraded.
Need to get 37.7 MB of archives.
After this operation, 187 MB of additional disk space will be used.
Get:1 http://127.0.0.1:9999/debian unstable/main amd64 libjsoncpp1 amd64 1.7.4-3 [75.6 kB]
Get:2 http://127.0.0.1:9999/debian unstable/main amd64 libbsd0 amd64 0.8.7-1 [92.1 kB]
Get:3 http://127.0.0.1:9999/debian unstable/main amd64 libncurses5 amd64 6.1+20180210-2 [95.7 kB]
Get:4 http://127.0.0.1:9999/debian unstable/main amd64 libedit2 amd64 3.1-20170329-1 [85.2 kB]
Get:5 http://127.0.0.1:9999/debian unstable/main amd64 libllvm6.0 amd64 1:6.0-3 [14.5 MB]
Get:6 http://127.0.0.1:9999/debian unstable/main amd64 libobjc4 amd64 8-20180425-1 [52.4 kB]
Get:7 http://127.0.0.1:9999/debian unstable/main amd64 libobjc-7-dev amd64 7.3.0-17 [204 kB]
Get:8 http://127.0.0.1:9999/debian unstable/main amd64 libc6-i386 amd64 2.27-3 [2855 kB]
Get:9 http://127.0.0.1:9999/debian unstable/main amd64 lib32gcc1 amd64 1:8-20180425-1 [47.8 kB]
Get:10 http://127.0.0.1:9999/debian unstable/main amd64 lib32stdc++6 amd64 8-20180425-1 [406 kB]
Get:11 http://127.0.0.1:9999/debian unstable/main amd64 libclang-common-6.0-dev amd64 1:6.0-3 [3102 kB]
Get:12 http://127.0.0.1:9999/debian unstable/main amd64 libclang1-6.0 amd64 1:6.0-3 [6995 kB]
Get:13 http://127.0.0.1:9999/debian unstable/main amd64 clang-6.0 amd64 1:6.0-3 [9175 kB]
debconf: delaying package configuration, since apt-utils is not installed
Fetched 37.7 MB in 0s (98.6 MB/s)
Selecting previously unselected package libjsoncpp1:amd64.
(Reading database ... (Reading database ... 5%(Reading database ... 10%(Reading database ... 15%(Reading database ... 20%(Reading database ... 25%(Reading database ... 30%(Reading database ... 35%(Reading database ... 40%(Reading database ... 45%(Reading database ... 50%(Reading database ... 55%(Reading database ... 60%(Reading database ... 65%(Reading database ... 70%(Reading database ... 75%(Reading database ... 80%(Reading database ... 85%(Reading database ... 90%(Reading database ... 95%(Reading database ... 100%(Reading database ... 10022 files and directories currently installed.)
Preparing to unpack .../00-libjsoncpp1_1.7.4-3_amd64.deb ...
Unpacking libjsoncpp1:amd64 (1.7.4-3) ...
Selecting previously unselected package libbsd0:amd64.
Preparing to unpack .../01-libbsd0_0.8.7-1_amd64.deb ...
Unpacking libbsd0:amd64 (0.8.7-1) ...
Selecting previously unselected package libncurses5:amd64.
Preparing to unpack .../02-libncurses5_6.1+20180210-2_amd64.deb ...
Unpacking libncurses5:amd64 (6.1+20180210-2) ...
Selecting previously unselected package libedit2:amd64.
Preparing to unpack .../03-libedit2_3.1-20170329-1_amd64.deb ...
Unpacking libedit2:amd64 (3.1-20170329-1) ...
Selecting previously unselected package libllvm6.0:amd64.
Preparing to unpack .../04-libllvm6.0_1%3a6.0-3_amd64.deb ...
Unpacking libllvm6.0:amd64 (1:6.0-3) ...
Selecting previously unselected package libobjc4:amd64.
Preparing to unpack .../05-libobjc4_8-20180425-1_amd64.deb ...
Unpacking libobjc4:amd64 (8-20180425-1) ...
Selecting previously unselected package libobjc-7-dev:amd64.
Preparing to unpack .../06-libobjc-7-dev_7.3.0-17_amd64.deb ...
Unpacking libobjc-7-dev:amd64 (7.3.0-17) ...
Selecting previously unselected package libc6-i386.
Preparing to unpack .../07-libc6-i386_2.27-3_amd64.deb ...
Unpacking libc6-i386 (2.27-3) ...
Selecting previously unselected package lib32gcc1.
Preparing to unpack .../08-lib32gcc1_1%3a8-20180425-1_amd64.deb ...
Unpacking lib32gcc1 (1:8-20180425-1) ...
Selecting previously unselected package lib32stdc++6.
Preparing to unpack .../09-lib32stdc++6_8-20180425-1_amd64.deb ...
Unpacking lib32stdc++6 (8-20180425-1) ...
Selecting previously unselected package libclang-common-6.0-dev.
Preparing to unpack .../10-libclang-common-6.0-dev_1%3a6.0-3_amd64.deb ...
Unpacking libclang-common-6.0-dev (1:6.0-3) ...
Selecting previously unselected package libclang1-6.0:amd64.
Preparing to unpack .../11-libclang1-6.0_1%3a6.0-3_amd64.deb ...
Unpacking libclang1-6.0:amd64 (1:6.0-3) ...
Selecting previously unselected package clang-6.0.
Preparing to unpack .../12-clang-6.0_1%3a6.0-3_amd64.deb ...
Unpacking clang-6.0 (1:6.0-3) ...
Setting up libncurses5:amd64 (6.1+20180210-2) ...
Setting up libobjc4:amd64 (8-20180425-1) ...
Setting up libc6-i386 (2.27-3) ...
Setting up libbsd0:amd64 (0.8.7-1) ...
Setting up libobjc-7-dev:amd64 (7.3.0-17) ...
Processing triggers for libc-bin (2.27-3) ...
Setting up lib32gcc1 (1:8-20180425-1) ...
Setting up libjsoncpp1:amd64 (1.7.4-3) ...
Setting up libedit2:amd64 (3.1-20170329-1) ...
Setting up libllvm6.0:amd64 (1:6.0-3) ...
Setting up libclang1-6.0:amd64 (1:6.0-3) ...
Setting up lib32stdc++6 (8-20180425-1) ...
Setting up libclang-common-6.0-dev (1:6.0-3) ...
Setting up clang-6.0 (1:6.0-3) ...
Processing triggers for libc-bin (2.27-3) ...
W: --force-yes is deprecated, use one of the options starting with --allow instead.
+ echo 'Replace gcc, g++ & cpp by clang'
Replace gcc, g++ & cpp by clang
+ VERSIONS='4.6 4.7 4.8 4.9 5 6 7 8'
+ cd /usr/bin
+ for VERSION in $VERSIONS
+ rm -f g++-4.6 gcc-4.6 cpp-4.6 gcc
+ ln -s clang++-6.0 g++-4.6
+ ln -s clang-6.0 gcc-4.6
+ ln -s clang-6.0 cpp-4.6
+ ln -s clang-6.0 gcc
+ echo 'gcc-4.6 hold'
+ dpkg --set-selections
dpkg: warning: package not in status nor available database at line 1: gcc-4.6
dpkg: warning: found unknown packages; this might mean the available database
is outdated, and needs to be updated through a frontend method;
please see the FAQ <https://wiki.debian.org/Teams/Dpkg/FAQ>
+ echo 'g++-4.6 hold'
+ dpkg --set-selections
dpkg: warning: package not in status nor available database at line 1: g++-4.6
dpkg: warning: found unknown packages; this might mean the available database
is outdated, and needs to be updated through a frontend method;
please see the FAQ <https://wiki.debian.org/Teams/Dpkg/FAQ>
+ for VERSION in $VERSIONS
+ rm -f g++-4.7 gcc-4.7 cpp-4.7 gcc
+ ln -s clang++-6.0 g++-4.7
+ ln -s clang-6.0 gcc-4.7
+ ln -s clang-6.0 cpp-4.7
+ ln -s clang-6.0 gcc
+ echo 'gcc-4.7 hold'
+ dpkg --set-selections
dpkg: warning: package not in status nor available database at line 1: gcc-4.7
dpkg: warning: found unknown packages; this might mean the available database
is outdated, and needs to be updated through a frontend method;
please see the FAQ <https://wiki.debian.org/Teams/Dpkg/FAQ>
+ echo 'g++-4.7 hold'
+ dpkg --set-selections
dpkg: warning: package not in status nor available database at line 1: g++-4.7
dpkg: warning: found unknown packages; this might mean the available database
is outdated, and needs to be updated through a frontend method;
please see the FAQ <https://wiki.debian.org/Teams/Dpkg/FAQ>
+ for VERSION in $VERSIONS
+ rm -f g++-4.8 gcc-4.8 cpp-4.8 gcc
+ ln -s clang++-6.0 g++-4.8
+ ln -s clang-6.0 gcc-4.8
+ ln -s clang-6.0 cpp-4.8
+ ln -s clang-6.0 gcc
+ echo 'gcc-4.8 hold'
+ dpkg --set-selections
dpkg: warning: package not in status nor available database at line 1: gcc-4.8
dpkg: warning: found unknown packages; this might mean the available database
is outdated, and needs to be updated through a frontend method;
please see the FAQ <https://wiki.debian.org/Teams/Dpkg/FAQ>
+ echo 'g++-4.8 hold'
+ dpkg --set-selections
dpkg: warning: package not in status nor available database at line 1: g++-4.8
dpkg: warning: found unknown packages; this might mean the available database
is outdated, and needs to be updated through a frontend method;
please see the FAQ <https://wiki.debian.org/Teams/Dpkg/FAQ>
+ for VERSION in $VERSIONS
+ rm -f g++-4.9 gcc-4.9 cpp-4.9 gcc
+ ln -s clang++-6.0 g++-4.9
+ ln -s clang-6.0 gcc-4.9
+ ln -s clang-6.0 cpp-4.9
+ ln -s clang-6.0 gcc
+ echo 'gcc-4.9 hold'
+ dpkg --set-selections
dpkg: warning: package not in status nor available database at line 1: gcc-4.9
dpkg: warning: found unknown packages; this might mean the available database
is outdated, and needs to be updated through a frontend method;
please see the FAQ <https://wiki.debian.org/Teams/Dpkg/FAQ>
+ echo 'g++-4.9 hold'
+ dpkg --set-selections
dpkg: warning: package not in status nor available database at line 1: g++-4.9
dpkg: warning: found unknown packages; this might mean the available database
is outdated, and needs to be updated through a frontend method;
please see the FAQ <https://wiki.debian.org/Teams/Dpkg/FAQ>
+ for VERSION in $VERSIONS
+ rm -f g++-5 gcc-5 cpp-5 gcc
+ ln -s clang++-6.0 g++-5
+ ln -s clang-6.0 gcc-5
+ ln -s clang-6.0 cpp-5
+ ln -s clang-6.0 gcc
+ echo 'gcc-5 hold'
+ dpkg --set-selections
+ echo 'g++-5 hold'
+ dpkg --set-selections
+ for VERSION in $VERSIONS
+ rm -f g++-6 gcc-6 cpp-6 gcc
+ ln -s clang++-6.0 g++-6
+ ln -s clang-6.0 gcc-6
+ ln -s clang-6.0 cpp-6
+ ln -s clang-6.0 gcc
+ echo 'gcc-6 hold'
+ dpkg --set-selections
dpkg: warning: package not in status nor available database at line 1: gcc-6
dpkg: warning: found unknown packages; this might mean the available database
is outdated, and needs to be updated through a frontend method;
please see the FAQ <https://wiki.debian.org/Teams/Dpkg/FAQ>
+ echo 'g++-6 hold'
+ dpkg --set-selections
dpkg: warning: package not in status nor available database at line 1: g++-6
dpkg: warning: found unknown packages; this might mean the available database
is outdated, and needs to be updated through a frontend method;
please see the FAQ <https://wiki.debian.org/Teams/Dpkg/FAQ>
+ for VERSION in $VERSIONS
+ rm -f g++-7 gcc-7 cpp-7 gcc
+ ln -s clang++-6.0 g++-7
+ ln -s clang-6.0 gcc-7
+ ln -s clang-6.0 cpp-7
+ ln -s clang-6.0 gcc
+ echo 'gcc-7 hold'
+ dpkg --set-selections
+ echo 'g++-7 hold'
+ dpkg --set-selections
+ for VERSION in $VERSIONS
+ rm -f g++-8 gcc-8 cpp-8 gcc
+ ln -s clang++-6.0 g++-8
+ ln -s clang-6.0 gcc-8
+ ln -s clang-6.0 cpp-8
+ ln -s clang-6.0 gcc
+ echo 'gcc-8 hold'
+ dpkg --set-selections
dpkg: warning: package not in status nor available database at line 1: gcc-8
dpkg: warning: found unknown packages; this might mean the available database
is outdated, and needs to be updated through a frontend method;
please see the FAQ <https://wiki.debian.org/Teams/Dpkg/FAQ>
+ echo 'g++-8 hold'
+ dpkg --set-selections
dpkg: warning: package not in status nor available database at line 1: g++-8
dpkg: warning: found unknown packages; this might mean the available database
is outdated, and needs to be updated through a frontend method;
please see the FAQ <https://wiki.debian.org/Teams/Dpkg/FAQ>
+ cd -
/build/clucene-core-vDai3d
+ echo 'Check if gcc, g++ & cpp are actually clang'
Check if gcc, g++ & cpp are actually clang
+ gcc --version
+ grep clang
+ cpp --version
+ grep clang
+ g++ --version
+ grep clang

I: Finished running '/tmp/clang60'.

Finished processing commands.
--------------------------------------------------------------------------------

+------------------------------------------------------------------------------+
| Update chroot                                                                |
+------------------------------------------------------------------------------+

Hit:1 http://127.0.0.1:9999/debian unstable InRelease
Reading package lists...
Reading package lists...
Building dependency tree...
Reading state information...
Calculating upgrade...
0 upgraded, 0 newly installed, 0 to remove and 0 not upgraded.

+------------------------------------------------------------------------------+
| Fetch source files                                                           |
+------------------------------------------------------------------------------+


Check APT
---------

Checking available source versions...

Download source files with APT
------------------------------

Reading package lists...
Need to get 837 kB of source archives.
Get:1 http://127.0.0.1:9999/debian unstable/main clucene-core 2.3.3.4+dfsg-1 (dsc) [2019 B]
Get:2 http://127.0.0.1:9999/debian unstable/main clucene-core 2.3.3.4+dfsg-1 (tar) [827 kB]
Get:3 http://127.0.0.1:9999/debian unstable/main clucene-core 2.3.3.4+dfsg-1 (diff) [8736 B]
Fetched 837 kB in 0s (5259 kB/s)
Download complete and in download only mode
I: NOTICE: Log filtering will replace 'build/clucene-core-vDai3d/clucene-core-2.3.3.4+dfsg' with '<<PKGBUILDDIR>>'
I: NOTICE: Log filtering will replace 'build/clucene-core-vDai3d' with '<<BUILDDIR>>'

+------------------------------------------------------------------------------+
| Install build-essential                                                      |
+------------------------------------------------------------------------------+


Setup apt archive
-----------------

Merged Build-Depends: build-essential, fakeroot
Filtered Build-Depends: build-essential, fakeroot
dpkg-deb: building package 'sbuild-build-depends-core-dummy' in '/<<BUILDDIR>>/resolver-jwcXpw/apt_archive/sbuild-build-depends-core-dummy.deb'.
dpkg-scanpackages: warning: Packages in archive but missing from override file:
dpkg-scanpackages: warning:   sbuild-build-depends-core-dummy
dpkg-scanpackages: info: Wrote 1 entries to output Packages file.
Ign:1 copy:/<<BUILDDIR>>/resolver-jwcXpw/apt_archive ./ InRelease
Get:2 copy:/<<BUILDDIR>>/resolver-jwcXpw/apt_archive ./ Release [957 B]
Ign:3 copy:/<<BUILDDIR>>/resolver-jwcXpw/apt_archive ./ Release.gpg
Get:4 copy:/<<BUILDDIR>>/resolver-jwcXpw/apt_archive ./ Sources [349 B]
Get:5 copy:/<<BUILDDIR>>/resolver-jwcXpw/apt_archive ./ Packages [435 B]
Fetched 1741 B in 0s (0 B/s)
Reading package lists...
Reading package lists...

Install core build dependencies (apt-based resolver)
----------------------------------------------------

Installing build dependencies
Reading package lists...
Building dependency tree...
Reading state information...
The following NEW packages will be installed:
  sbuild-build-depends-core-dummy
0 upgraded, 1 newly installed, 0 to remove and 0 not upgraded.
Need to get 852 B of archives.
After this operation, 0 B of additional disk space will be used.
Get:1 copy:/<<BUILDDIR>>/resolver-jwcXpw/apt_archive ./ sbuild-build-depends-core-dummy 0.invalid.0 [852 B]
debconf: delaying package configuration, since apt-utils is not installed
Fetched 852 B in 0s (0 B/s)
Selecting previously unselected package sbuild-build-depends-core-dummy.
(Reading database ... 10771 files and directories currently installed.)
Preparing to unpack .../sbuild-build-depends-core-dummy_0.invalid.0_amd64.deb ...
Unpacking sbuild-build-depends-core-dummy (0.invalid.0) ...
Setting up sbuild-build-depends-core-dummy (0.invalid.0) ...

+------------------------------------------------------------------------------+
| Check architectures                                                          |
+------------------------------------------------------------------------------+

Arch check ok (amd64 included in any)

+------------------------------------------------------------------------------+
| Install package build dependencies                                           |
+------------------------------------------------------------------------------+


Setup apt archive
-----------------

Merged Build-Depends: cmake (>= 2.8.5), debhelper (>= 9), libboost-dev, libz-dev
Filtered Build-Depends: cmake (>= 2.8.5), debhelper (>= 9), libboost-dev, libz-dev
dpkg-deb: building package 'sbuild-build-depends-clucene-core-dummy' in '/<<BUILDDIR>>/resolver-jwcXpw/apt_archive/sbuild-build-depends-clucene-core-dummy.deb'.
dpkg-scanpackages: warning: Packages in archive but missing from override file:
dpkg-scanpackages: warning:   sbuild-build-depends-clucene-core-dummy sbuild-build-depends-core-dummy
dpkg-scanpackages: info: Wrote 2 entries to output Packages file.
Ign:1 copy:/<<BUILDDIR>>/resolver-jwcXpw/apt_archive ./ InRelease
Get:2 copy:/<<BUILDDIR>>/resolver-jwcXpw/apt_archive ./ Release [963 B]
Ign:3 copy:/<<BUILDDIR>>/resolver-jwcXpw/apt_archive ./ Release.gpg
Get:4 copy:/<<BUILDDIR>>/resolver-jwcXpw/apt_archive ./ Sources [509 B]
Get:5 copy:/<<BUILDDIR>>/resolver-jwcXpw/apt_archive ./ Packages [591 B]
Fetched 2063 B in 0s (0 B/s)
Reading package lists...
Reading package lists...

Install clucene-core build dependencies (apt-based resolver)
------------------------------------------------------------

Installing build dependencies
Reading package lists...
Building dependency tree...
Reading state information...
The following additional packages will be installed:
  autoconf automake autopoint autotools-dev bsdmainutils cmake cmake-data
  debhelper dh-autoreconf dh-strip-nondeterminism file gettext gettext-base
  groff-base intltool-debian libarchive-zip-perl libarchive13 libboost-dev
  libboost1.62-dev libcroco3 libcurl3 libexpat1
  libfile-stripnondeterminism-perl libglib2.0-0 libgssapi-krb5-2 libicu57
  libk5crypto3 libkeyutils1 libkrb5-3 libkrb5support0 libldap-2.4-2
  libldap-common liblzo2-2 libmagic-mgc libmagic1 libnghttp2-14 libpipeline1
  libprocps6 libpsl5 librhash0 librtmp1 libsasl2-2 libsasl2-modules-db
  libsigsegv2 libssh2-1 libssl1.0.2 libtimedate-perl libtool libuv1 libxml2
  lsb-base m4 man-db po-debconf procps zlib1g-dev
Suggested packages:
  autoconf-archive gnu-standards autoconf-doc wamerican | wordlist whois
  vacation cmake-doc ninja-build dh-make dwz gettext-doc libasprintf-dev
  libgettextpo-dev groff lrzip libboost-doc libboost1.62-doc
  libboost-atomic1.62-dev libboost-chrono1.62-dev libboost-context1.62-dev
  libboost-coroutine1.62-dev libboost-date-time1.62-dev
  libboost-exception1.62-dev libboost-fiber1.62-dev
  libboost-filesystem1.62-dev libboost-graph1.62-dev
  libboost-graph-parallel1.62-dev libboost-iostreams1.62-dev
  libboost-locale1.62-dev libboost-log1.62-dev libboost-math1.62-dev
  libboost-mpi1.62-dev libboost-mpi-python1.62-dev
  libboost-program-options1.62-dev libboost-python1.62-dev
  libboost-random1.62-dev libboost-regex1.62-dev
  libboost-serialization1.62-dev libboost-signals1.62-dev
  libboost-system1.62-dev libboost-test1.62-dev libboost-thread1.62-dev
  libboost-timer1.62-dev libboost-type-erasure1.62-dev libboost-wave1.62-dev
  libboost1.62-tools-dev libmpfrc++-dev libntl-dev krb5-doc krb5-user
  libtool-doc gfortran | fortran95-compiler gcj-jdk m4-doc apparmor less
  www-browser libmail-box-perl
Recommended packages:
  curl | wget | lynx ca-certificates libarchive-cpio-perl libglib2.0-data
  shared-mime-info xdg-user-dirs krb5-locales publicsuffix libsasl2-modules
  libltdl-dev libmail-sendmail-perl psmisc
The following NEW packages will be installed:
  autoconf automake autopoint autotools-dev bsdmainutils cmake cmake-data
  debhelper dh-autoreconf dh-strip-nondeterminism file gettext gettext-base
  groff-base intltool-debian libarchive-zip-perl libarchive13 libboost-dev
  libboost1.62-dev libcroco3 libcurl3 libexpat1
  libfile-stripnondeterminism-perl libglib2.0-0 libgssapi-krb5-2 libicu57
  libk5crypto3 libkeyutils1 libkrb5-3 libkrb5support0 libldap-2.4-2
  libldap-common liblzo2-2 libmagic-mgc libmagic1 libnghttp2-14 libpipeline1
  libprocps6 libpsl5 librhash0 librtmp1 libsasl2-2 libsasl2-modules-db
  libsigsegv2 libssh2-1 libssl1.0.2 libtimedate-perl libtool libuv1 libxml2
  lsb-base m4 man-db po-debconf procps sbuild-build-depends-clucene-core-dummy
  zlib1g-dev
0 upgraded, 57 newly installed, 0 to remove and 0 not upgraded.
Need to get 35.6 MB of archives.
After this operation, 219 MB of additional disk space will be used.
Get:1 copy:/<<BUILDDIR>>/resolver-jwcXpw/apt_archive ./ sbuild-build-depends-clucene-core-dummy 0.invalid.0 [888 B]
Get:2 http://127.0.0.1:9999/debian unstable/main amd64 bsdmainutils amd64 11.1.2 [190 kB]
Get:3 http://127.0.0.1:9999/debian unstable/main amd64 groff-base amd64 1.22.3-10 [1176 kB]
Get:4 http://127.0.0.1:9999/debian unstable/main amd64 libpipeline1 amd64 1.5.0-1 [29.0 kB]
Get:5 http://127.0.0.1:9999/debian unstable/main amd64 man-db amd64 2.8.3-2 [1180 kB]
Get:6 http://127.0.0.1:9999/debian unstable/main amd64 libprocps6 amd64 2:3.3.14-1 [60.4 kB]
Get:7 http://127.0.0.1:9999/debian unstable/main amd64 lsb-base all 9.20170808 [28.1 kB]
Get:8 http://127.0.0.1:9999/debian unstable/main amd64 procps amd64 2:3.3.14-1 [257 kB]
Get:9 http://127.0.0.1:9999/debian unstable/main amd64 libmagic-mgc amd64 1:5.33-2 [234 kB]
Get:10 http://127.0.0.1:9999/debian unstable/main amd64 libmagic1 amd64 1:5.33-2 [113 kB]
Get:11 http://127.0.0.1:9999/debian unstable/main amd64 file amd64 1:5.33-2 [65.6 kB]
Get:12 http://127.0.0.1:9999/debian unstable/main amd64 gettext-base amd64 0.19.8.1-6 [122 kB]
Get:13 http://127.0.0.1:9999/debian unstable/main amd64 libsigsegv2 amd64 2.12-2 [32.8 kB]
Get:14 http://127.0.0.1:9999/debian unstable/main amd64 m4 amd64 1.4.18-1 [202 kB]
Get:15 http://127.0.0.1:9999/debian unstable/main amd64 autoconf all 2.69-11 [341 kB]
Get:16 http://127.0.0.1:9999/debian unstable/main amd64 autotools-dev all 20180224.1 [77.0 kB]
Get:17 http://127.0.0.1:9999/debian unstable/main amd64 automake all 1:1.15.1-3.1 [736 kB]
Get:18 http://127.0.0.1:9999/debian unstable/main amd64 autopoint all 0.19.8.1-6 [434 kB]
Get:19 http://127.0.0.1:9999/debian unstable/main amd64 cmake-data all 3.11.1-1 [1386 kB]
Get:20 http://127.0.0.1:9999/debian unstable/main amd64 liblzo2-2 amd64 2.08-1.2+b2 [55.0 kB]
Get:21 http://127.0.0.1:9999/debian unstable/main amd64 libicu57 amd64 57.1-9 [7698 kB]
Get:22 http://127.0.0.1:9999/debian unstable/main amd64 libxml2 amd64 2.9.4+dfsg1-6.1 [725 kB]
Get:23 http://127.0.0.1:9999/debian unstable/main amd64 libarchive13 amd64 3.2.2-3.1 [296 kB]
Get:24 http://127.0.0.1:9999/debian unstable/main amd64 libkeyutils1 amd64 1.5.9-9.2 [12.9 kB]
Get:25 http://127.0.0.1:9999/debian unstable/main amd64 libkrb5support0 amd64 1.16-2 [62.8 kB]
Get:26 http://127.0.0.1:9999/debian unstable/main amd64 libk5crypto3 amd64 1.16-2 [121 kB]
Get:27 http://127.0.0.1:9999/debian unstable/main amd64 libkrb5-3 amd64 1.16-2 [316 kB]
Get:28 http://127.0.0.1:9999/debian unstable/main amd64 libgssapi-krb5-2 amd64 1.16-2 [158 kB]
Get:29 http://127.0.0.1:9999/debian unstable/main amd64 libsasl2-modules-db amd64 2.1.27~101-g0780600+dfsg-3.1 [68.6 kB]
Get:30 http://127.0.0.1:9999/debian unstable/main amd64 libsasl2-2 amd64 2.1.27~101-g0780600+dfsg-3.1 [105 kB]
Get:31 http://127.0.0.1:9999/debian unstable/main amd64 libldap-common all 2.4.45+dfsg-1 [87.0 kB]
Get:32 http://127.0.0.1:9999/debian unstable/main amd64 libldap-2.4-2 amd64 2.4.45+dfsg-1 [223 kB]
Get:33 http://127.0.0.1:9999/debian unstable/main amd64 libnghttp2-14 amd64 1.31.1-1 [80.7 kB]
Get:34 http://127.0.0.1:9999/debian unstable/main amd64 libpsl5 amd64 0.20.1-1 [52.6 kB]
Get:35 http://127.0.0.1:9999/debian unstable/main amd64 librtmp1 amd64 2.4+20151223.gitfa8646d.1-1+b1 [60.4 kB]
Get:36 http://127.0.0.1:9999/debian unstable/main amd64 libssh2-1 amd64 1.8.0-1 [138 kB]
Get:37 http://127.0.0.1:9999/debian unstable/main amd64 libssl1.0.2 amd64 1.0.2o-1 [1296 kB]
Get:38 http://127.0.0.1:9999/debian unstable/main amd64 libcurl3 amd64 7.58.0-2 [312 kB]
Get:39 http://127.0.0.1:9999/debian unstable/main amd64 libexpat1 amd64 2.2.5-3 [96.8 kB]
Get:40 http://127.0.0.1:9999/debian unstable/main amd64 librhash0 amd64 1.3.6-2 [87.1 kB]
Get:41 http://127.0.0.1:9999/debian unstable/main amd64 libuv1 amd64 1.18.0-3 [98.5 kB]
Get:42 http://127.0.0.1:9999/debian unstable/main amd64 cmake amd64 3.11.1-1 [3190 kB]
Get:43 http://127.0.0.1:9999/debian unstable/main amd64 libtool all 2.4.6-2.1 [547 kB]
Get:44 http://127.0.0.1:9999/debian unstable/main amd64 dh-autoreconf all 17 [16.5 kB]
Get:45 http://127.0.0.1:9999/debian unstable/main amd64 libarchive-zip-perl all 1.60-1 [95.6 kB]
Get:46 http://127.0.0.1:9999/debian unstable/main amd64 libfile-stripnondeterminism-perl all 0.041-1 [19.9 kB]
Get:47 http://127.0.0.1:9999/debian unstable/main amd64 libtimedate-perl all 2.3000-2 [42.2 kB]
Get:48 http://127.0.0.1:9999/debian unstable/main amd64 dh-strip-nondeterminism all 0.041-1 [12.0 kB]
Get:49 http://127.0.0.1:9999/debian unstable/main amd64 libglib2.0-0 amd64 2.56.1-2 [2928 kB]
Get:50 http://127.0.0.1:9999/debian unstable/main amd64 libcroco3 amd64 0.6.12-2 [144 kB]
Get:51 http://127.0.0.1:9999/debian unstable/main amd64 gettext amd64 0.19.8.1-6 [1302 kB]
Get:52 http://127.0.0.1:9999/debian unstable/main amd64 intltool-debian all 0.35.0+20060710.4 [26.3 kB]
Get:53 http://127.0.0.1:9999/debian unstable/main amd64 po-debconf all 1.0.20 [247 kB]
Get:54 http://127.0.0.1:9999/debian unstable/main amd64 debhelper all 11.2.1 [1013 kB]
Get:55 http://127.0.0.1:9999/debian unstable/main amd64 libboost1.62-dev amd64 1.62.0+dfsg-5+b1 [7004 kB]
Get:56 http://127.0.0.1:9999/debian unstable/main amd64 libboost-dev amd64 1.62.0.1 [3632 B]
Get:57 http://127.0.0.1:9999/debian unstable/main amd64 zlib1g-dev amd64 1:1.2.11.dfsg-1 [214 kB]
debconf: delaying package configuration, since apt-utils is not installed
Fetched 35.6 MB in 0s (92.9 MB/s)
Selecting previously unselected package bsdmainutils.
(Reading database ... 10771 files and directories currently installed.)
Preparing to unpack .../00-bsdmainutils_11.1.2_amd64.deb ...
Unpacking bsdmainutils (11.1.2) ...
Selecting previously unselected package groff-base.
Preparing to unpack .../01-groff-base_1.22.3-10_amd64.deb ...
Unpacking groff-base (1.22.3-10) ...
Selecting previously unselected package libpipeline1:amd64.
Preparing to unpack .../02-libpipeline1_1.5.0-1_amd64.deb ...
Unpacking libpipeline1:amd64 (1.5.0-1) ...
Selecting previously unselected package man-db.
Preparing to unpack .../03-man-db_2.8.3-2_amd64.deb ...
Unpacking man-db (2.8.3-2) ...
Selecting previously unselected package libprocps6:amd64.
Preparing to unpack .../04-libprocps6_2%3a3.3.14-1_amd64.deb ...
Unpacking libprocps6:amd64 (2:3.3.14-1) ...
Selecting previously unselected package lsb-base.
Preparing to unpack .../05-lsb-base_9.20170808_all.deb ...
Unpacking lsb-base (9.20170808) ...
Selecting previously unselected package procps.
Preparing to unpack .../06-procps_2%3a3.3.14-1_amd64.deb ...
Unpacking procps (2:3.3.14-1) ...
Selecting previously unselected package libmagic-mgc.
Preparing to unpack .../07-libmagic-mgc_1%3a5.33-2_amd64.deb ...
Unpacking libmagic-mgc (1:5.33-2) ...
Selecting previously unselected package libmagic1:amd64.
Preparing to unpack .../08-libmagic1_1%3a5.33-2_amd64.deb ...
Unpacking libmagic1:amd64 (1:5.33-2) ...
Selecting previously unselected package file.
Preparing to unpack .../09-file_1%3a5.33-2_amd64.deb ...
Unpacking file (1:5.33-2) ...
Selecting previously unselected package gettext-base.
Preparing to unpack .../10-gettext-base_0.19.8.1-6_amd64.deb ...
Unpacking gettext-base (0.19.8.1-6) ...
Selecting previously unselected package libsigsegv2:amd64.
Preparing to unpack .../11-libsigsegv2_2.12-2_amd64.deb ...
Unpacking libsigsegv2:amd64 (2.12-2) ...
Selecting previously unselected package m4.
Preparing to unpack .../12-m4_1.4.18-1_amd64.deb ...
Unpacking m4 (1.4.18-1) ...
Selecting previously unselected package autoconf.
Preparing to unpack .../13-autoconf_2.69-11_all.deb ...
Unpacking autoconf (2.69-11) ...
Selecting previously unselected package autotools-dev.
Preparing to unpack .../14-autotools-dev_20180224.1_all.deb ...
Unpacking autotools-dev (20180224.1) ...
Selecting previously unselected package automake.
Preparing to unpack .../15-automake_1%3a1.15.1-3.1_all.deb ...
Unpacking automake (1:1.15.1-3.1) ...
Selecting previously unselected package autopoint.
Preparing to unpack .../16-autopoint_0.19.8.1-6_all.deb ...
Unpacking autopoint (0.19.8.1-6) ...
Selecting previously unselected package cmake-data.
Preparing to unpack .../17-cmake-data_3.11.1-1_all.deb ...
Unpacking cmake-data (3.11.1-1) ...
Selecting previously unselected package liblzo2-2:amd64.
Preparing to unpack .../18-liblzo2-2_2.08-1.2+b2_amd64.deb ...
Unpacking liblzo2-2:amd64 (2.08-1.2+b2) ...
Selecting previously unselected package libicu57:amd64.
Preparing to unpack .../19-libicu57_57.1-9_amd64.deb ...
Unpacking libicu57:amd64 (57.1-9) ...
Selecting previously unselected package libxml2:amd64.
Preparing to unpack .../20-libxml2_2.9.4+dfsg1-6.1_amd64.deb ...
Unpacking libxml2:amd64 (2.9.4+dfsg1-6.1) ...
Selecting previously unselected package libarchive13:amd64.
Preparing to unpack .../21-libarchive13_3.2.2-3.1_amd64.deb ...
Unpacking libarchive13:amd64 (3.2.2-3.1) ...
Selecting previously unselected package libkeyutils1:amd64.
Preparing to unpack .../22-libkeyutils1_1.5.9-9.2_amd64.deb ...
Unpacking libkeyutils1:amd64 (1.5.9-9.2) ...
Selecting previously unselected package libkrb5support0:amd64.
Preparing to unpack .../23-libkrb5support0_1.16-2_amd64.deb ...
Unpacking libkrb5support0:amd64 (1.16-2) ...
Selecting previously unselected package libk5crypto3:amd64.
Preparing to unpack .../24-libk5crypto3_1.16-2_amd64.deb ...
Unpacking libk5crypto3:amd64 (1.16-2) ...
Selecting previously unselected package libkrb5-3:amd64.
Preparing to unpack .../25-libkrb5-3_1.16-2_amd64.deb ...
Unpacking libkrb5-3:amd64 (1.16-2) ...
Selecting previously unselected package libgssapi-krb5-2:amd64.
Preparing to unpack .../26-libgssapi-krb5-2_1.16-2_amd64.deb ...
Unpacking libgssapi-krb5-2:amd64 (1.16-2) ...
Selecting previously unselected package libsasl2-modules-db:amd64.
Preparing to unpack .../27-libsasl2-modules-db_2.1.27~101-g0780600+dfsg-3.1_amd64.deb ...
Unpacking libsasl2-modules-db:amd64 (2.1.27~101-g0780600+dfsg-3.1) ...
Selecting previously unselected package libsasl2-2:amd64.
Preparing to unpack .../28-libsasl2-2_2.1.27~101-g0780600+dfsg-3.1_amd64.deb ...
Unpacking libsasl2-2:amd64 (2.1.27~101-g0780600+dfsg-3.1) ...
Selecting previously unselected package libldap-common.
Preparing to unpack .../29-libldap-common_2.4.45+dfsg-1_all.deb ...
Unpacking libldap-common (2.4.45+dfsg-1) ...
Selecting previously unselected package libldap-2.4-2:amd64.
Preparing to unpack .../30-libldap-2.4-2_2.4.45+dfsg-1_amd64.deb ...
Unpacking libldap-2.4-2:amd64 (2.4.45+dfsg-1) ...
Selecting previously unselected package libnghttp2-14:amd64.
Preparing to unpack .../31-libnghttp2-14_1.31.1-1_amd64.deb ...
Unpacking libnghttp2-14:amd64 (1.31.1-1) ...
Selecting previously unselected package libpsl5:amd64.
Preparing to unpack .../32-libpsl5_0.20.1-1_amd64.deb ...
Unpacking libpsl5:amd64 (0.20.1-1) ...
Selecting previously unselected package librtmp1:amd64.
Preparing to unpack .../33-librtmp1_2.4+20151223.gitfa8646d.1-1+b1_amd64.deb ...
Unpacking librtmp1:amd64 (2.4+20151223.gitfa8646d.1-1+b1) ...
Selecting previously unselected package libssh2-1:amd64.
Preparing to unpack .../34-libssh2-1_1.8.0-1_amd64.deb ...
Unpacking libssh2-1:amd64 (1.8.0-1) ...
Selecting previously unselected package libssl1.0.2:amd64.
Preparing to unpack .../35-libssl1.0.2_1.0.2o-1_amd64.deb ...
Unpacking libssl1.0.2:amd64 (1.0.2o-1) ...
Selecting previously unselected package libcurl3:amd64.
Preparing to unpack .../36-libcurl3_7.58.0-2_amd64.deb ...
Unpacking libcurl3:amd64 (7.58.0-2) ...
Selecting previously unselected package libexpat1:amd64.
Preparing to unpack .../37-libexpat1_2.2.5-3_amd64.deb ...
Unpacking libexpat1:amd64 (2.2.5-3) ...
Selecting previously unselected package librhash0:amd64.
Preparing to unpack .../38-librhash0_1.3.6-2_amd64.deb ...
Unpacking librhash0:amd64 (1.3.6-2) ...
Selecting previously unselected package libuv1:amd64.
Preparing to unpack .../39-libuv1_1.18.0-3_amd64.deb ...
Unpacking libuv1:amd64 (1.18.0-3) ...
Selecting previously unselected package cmake.
Preparing to unpack .../40-cmake_3.11.1-1_amd64.deb ...
Unpacking cmake (3.11.1-1) ...
Selecting previously unselected package libtool.
Preparing to unpack .../41-libtool_2.4.6-2.1_all.deb ...
Unpacking libtool (2.4.6-2.1) ...
Selecting previously unselected package dh-autoreconf.
Preparing to unpack .../42-dh-autoreconf_17_all.deb ...
Unpacking dh-autoreconf (17) ...
Selecting previously unselected package libarchive-zip-perl.
Preparing to unpack .../43-libarchive-zip-perl_1.60-1_all.deb ...
Unpacking libarchive-zip-perl (1.60-1) ...
Selecting previously unselected package libfile-stripnondeterminism-perl.
Preparing to unpack .../44-libfile-stripnondeterminism-perl_0.041-1_all.deb ...
Unpacking libfile-stripnondeterminism-perl (0.041-1) ...
Selecting previously unselected package libtimedate-perl.
Preparing to unpack .../45-libtimedate-perl_2.3000-2_all.deb ...
Unpacking libtimedate-perl (2.3000-2) ...
Selecting previously unselected package dh-strip-nondeterminism.
Preparing to unpack .../46-dh-strip-nondeterminism_0.041-1_all.deb ...
Unpacking dh-strip-nondeterminism (0.041-1) ...
Selecting previously unselected package libglib2.0-0:amd64.
Preparing to unpack .../47-libglib2.0-0_2.56.1-2_amd64.deb ...
Unpacking libglib2.0-0:amd64 (2.56.1-2) ...
Selecting previously unselected package libcroco3:amd64.
Preparing to unpack .../48-libcroco3_0.6.12-2_amd64.deb ...
Unpacking libcroco3:amd64 (0.6.12-2) ...
Selecting previously unselected package gettext.
Preparing to unpack .../49-gettext_0.19.8.1-6_amd64.deb ...
Unpacking gettext (0.19.8.1-6) ...
Selecting previously unselected package intltool-debian.
Preparing to unpack .../50-intltool-debian_0.35.0+20060710.4_all.deb ...
Unpacking intltool-debian (0.35.0+20060710.4) ...
Selecting previously unselected package po-debconf.
Preparing to unpack .../51-po-debconf_1.0.20_all.deb ...
Unpacking po-debconf (1.0.20) ...
Selecting previously unselected package debhelper.
Preparing to unpack .../52-debhelper_11.2.1_all.deb ...
Unpacking debhelper (11.2.1) ...
Selecting previously unselected package libboost1.62-dev:amd64.
Preparing to unpack .../53-libboost1.62-dev_1.62.0+dfsg-5+b1_amd64.deb ...
Unpacking libboost1.62-dev:amd64 (1.62.0+dfsg-5+b1) ...
Selecting previously unselected package libboost-dev:amd64.
Preparing to unpack .../54-libboost-dev_1.62.0.1_amd64.deb ...
Unpacking libboost-dev:amd64 (1.62.0.1) ...
Selecting previously unselected package zlib1g-dev:amd64.
Preparing to unpack .../55-zlib1g-dev_1%3a1.2.11.dfsg-1_amd64.deb ...
Unpacking zlib1g-dev:amd64 (1:1.2.11.dfsg-1) ...
Selecting previously unselected package sbuild-build-depends-clucene-core-dummy.
Preparing to unpack .../56-sbuild-build-depends-clucene-core-dummy_0.invalid.0_amd64.deb ...
Unpacking sbuild-build-depends-clucene-core-dummy (0.invalid.0) ...
Setting up libexpat1:amd64 (2.2.5-3) ...
Setting up libarchive-zip-perl (1.60-1) ...
Setting up libnghttp2-14:amd64 (1.31.1-1) ...
Setting up libboost1.62-dev:amd64 (1.62.0+dfsg-5+b1) ...
Setting up libtimedate-perl (2.3000-2) ...
Setting up libsigsegv2:amd64 (2.12-2) ...
Setting up libldap-common (2.4.45+dfsg-1) ...
Setting up libuv1:amd64 (1.18.0-3) ...
Setting up libpsl5:amd64 (0.20.1-1) ...
Setting up groff-base (1.22.3-10) ...
Setting up libglib2.0-0:amd64 (2.56.1-2) ...
No schema files found: doing nothing.
Setting up libsasl2-modules-db:amd64 (2.1.27~101-g0780600+dfsg-3.1) ...
Setting up libsasl2-2:amd64 (2.1.27~101-g0780600+dfsg-3.1) ...
Setting up gettext-base (0.19.8.1-6) ...
Setting up cmake-data (3.11.1-1) ...
Setting up libpipeline1:amd64 (1.5.0-1) ...
Setting up librtmp1:amd64 (2.4+20151223.gitfa8646d.1-1+b1) ...
Setting up m4 (1.4.18-1) ...
Setting up libicu57:amd64 (57.1-9) ...
Setting up libprocps6:amd64 (2:3.3.14-1) ...
Setting up libxml2:amd64 (2.9.4+dfsg1-6.1) ...
Setting up libmagic-mgc (1:5.33-2) ...
Setting up libmagic1:amd64 (1:5.33-2) ...
Setting up lsb-base (9.20170808) ...
Setting up librhash0:amd64 (1.3.6-2) ...
Setting up procps (2:3.3.14-1) ...
update-alternatives: using /usr/bin/w.procps to provide /usr/bin/w (w) in auto mode
Setting up libcroco3:amd64 (0.6.12-2) ...
Setting up libssl1.0.2:amd64 (1.0.2o-1) ...
Setting up libssh2-1:amd64 (1.8.0-1) ...
Processing triggers for libc-bin (2.27-3) ...
Setting up autotools-dev (20180224.1) ...
Setting up libldap-2.4-2:amd64 (2.4.45+dfsg-1) ...
Setting up libboost-dev:amd64 (1.62.0.1) ...
Setting up libkeyutils1:amd64 (1.5.9-9.2) ...
Setting up bsdmainutils (11.1.2) ...
update-alternatives: using /usr/bin/bsd-write to provide /usr/bin/write (write) in auto mode
update-alternatives: using /usr/bin/bsd-from to provide /usr/bin/from (from) in auto mode
Setting up autopoint (0.19.8.1-6) ...
Setting up liblzo2-2:amd64 (2.08-1.2+b2) ...
Setting up zlib1g-dev:amd64 (1:1.2.11.dfsg-1) ...
Setting up libfile-stripnondeterminism-perl (0.041-1) ...
Setting up gettext (0.19.8.1-6) ...
Setting up libarchive13:amd64 (3.2.2-3.1) ...
Setting up autoconf (2.69-11) ...
Setting up file (1:5.33-2) ...
Setting up libkrb5support0:amd64 (1.16-2) ...
Setting up intltool-debian (0.35.0+20060710.4) ...
Setting up automake (1:1.15.1-3.1) ...
update-alternatives: using /usr/bin/automake-1.15 to provide /usr/bin/automake (automake) in auto mode
Setting up man-db (2.8.3-2) ...
Not building database; man-db/auto-update is not 'true'.
Setting up libtool (2.4.6-2.1) ...
Setting up libk5crypto3:amd64 (1.16-2) ...
Setting up po-debconf (1.0.20) ...
Setting up libkrb5-3:amd64 (1.16-2) ...
Setting up libgssapi-krb5-2:amd64 (1.16-2) ...
Setting up libcurl3:amd64 (7.58.0-2) ...
Setting up cmake (3.11.1-1) ...
Setting up dh-autoreconf (17) ...
Setting up debhelper (11.2.1) ...
Setting up dh-strip-nondeterminism (0.041-1) ...
Setting up sbuild-build-depends-clucene-core-dummy (0.invalid.0) ...
Processing triggers for libc-bin (2.27-3) ...

+------------------------------------------------------------------------------+
| Build environment                                                            |
+------------------------------------------------------------------------------+

Kernel: Linux 4.9.0-5-amd64 amd64 (x86_64)
Toolchain package versions: binutils_2.30-16 dpkg-dev_1.19.0.5 g++-7_7.3.0-17 gcc-7_7.3.0-17 libc6-dev_2.27-3 libstdc++-7-dev_7.3.0-17 libstdc++6_8-20180425-1 linux-libc-dev_4.15.17-1
Package versions: adduser_3.117 apt_1.6.1 autoconf_2.69-11 automake_1:1.15.1-3.1 autopoint_0.19.8.1-6 autotools-dev_20180224.1 base-files_10.1 base-passwd_3.5.45 bash_4.4.18-2 binutils_2.30-16 binutils-common_2.30-16 binutils-x86-64-linux-gnu_2.30-16 bsdmainutils_11.1.2 bsdutils_1:2.31.1-0.5 build-essential_12.5 bzip2_1.0.6-8.1 clang-6.0_1:6.0-3 cmake_3.11.1-1 cmake-data_3.11.1-1 coreutils_8.28-1 cpp_4:7.3.0-3 cpp-7_7.3.0-17 dash_0.5.8-2.10 debconf_1.5.66 debfoster_2.7-2.1+b1 debhelper_11.2.1 debian-archive-keyring_2017.7 debianutils_4.8.4 dh-autoreconf_17 dh-strip-nondeterminism_0.041-1 diffutils_1:3.6-1 dpkg_1.19.0.5 dpkg-dev_1.19.0.5 e2fslibs_1.44.1-2 e2fsprogs_1.44.1-2 eatmydata_105-6 fakeroot_1.22-2 fdisk_2.31.1-0.5 file_1:5.33-2 findutils_4.6.0+git+20171230-2 g++_4:7.3.0-3 g++-7_7.3.0-17 gcc_4:7.3.0-3 gcc-6-base_6.4.0-17 gcc-7_7.3.0-17 gcc-7-base_7.3.0-17 gcc-8-base_8-20180425-1 gettext_0.19.8.1-6 gettext-base_0.19.8.1-6 gpgv_2.2.5-1 grep_3.1-2 groff-base_1.22.3-10 gzip_1.6-5+b1 hostname_3.20 init-system-helpers_1.51 intltool-debian_0.35.0+20060710.4 lib32gcc1_1:8-20180425-1 lib32stdc++6_8-20180425-1 libacl1_2.2.52-3+b1 libapt-pkg5.0_1.6.1 libarchive-zip-perl_1.60-1 libarchive13_3.2.2-3.1 libasan4_7.3.0-17 libatomic1_8-20180425-1 libattr1_1:2.4.47-2+b2 libaudit-common_1:2.8.3-1 libaudit1_1:2.8.3-1 libbinutils_2.30-16 libblkid1_2.31.1-0.5 libboost-dev_1.62.0.1 libboost1.62-dev_1.62.0+dfsg-5+b1 libbsd0_0.8.7-1 libbz2-1.0_1.0.6-8.1 libc-bin_2.27-3 libc-dev-bin_2.27-3 libc6_2.27-3 libc6-dev_2.27-3 libc6-i386_2.27-3 libcap-ng0_0.7.9-1 libcc1-0_8-20180425-1 libcilkrts5_7.3.0-17 libclang-common-6.0-dev_1:6.0-3 libclang1-6.0_1:6.0-3 libcom-err2_1.44.1-2 libcomerr2_1.44.1-2 libcroco3_0.6.12-2 libcurl3_7.58.0-2 libdb5.3_5.3.28-13.1+b1 libdebconfclient0_0.243 libdpkg-perl_1.19.0.5 libeatmydata1_105-6 libedit2_3.1-20170329-1 libexpat1_2.2.5-3 libext2fs2_1.44.1-2 libfakeroot_1.22-2 libfdisk1_2.31.1-0.5 libffi6_3.2.1-8 libfile-stripnondeterminism-perl_0.041-1 libgc1c2_1:7.4.2-8.2 libgcc-7-dev_7.3.0-17 libgcc1_1:8-20180425-1 libgcrypt20_1.8.2-2 libgdbm-compat4_1.14.1-6 libgdbm3_1.8.3-14 libgdbm5_1.14.1-6 libglib2.0-0_2.56.1-2 libgmp10_2:6.1.2+dfsg-3 libgnutls30_3.5.18-1 libgomp1_8-20180425-1 libgpg-error0_1.29-4 libgssapi-krb5-2_1.16-2 libhogweed4_3.4-1 libicu57_57.1-9 libidn2-0_2.0.4-1.1 libisl15_0.18-4 libisl19_0.19-1 libitm1_8-20180425-1 libjsoncpp1_1.7.4-3 libk5crypto3_1.16-2 libkeyutils1_1.5.9-9.2 libkrb5-3_1.16-2 libkrb5support0_1.16-2 libldap-2.4-2_2.4.45+dfsg-1 libldap-common_2.4.45+dfsg-1 libllvm6.0_1:6.0-3 liblsan0_8-20180425-1 liblz4-1_1.8.1.2-1 liblzma5_5.2.2-1.3 liblzo2-2_2.08-1.2+b2 libmagic-mgc_1:5.33-2 libmagic1_1:5.33-2 libmount1_2.31.1-0.5 libmpc3_1.1.0-1 libmpfr4_3.1.6-1 libmpfr6_4.0.1-1 libmpx2_8-20180425-1 libncurses5_6.1+20180210-2 libncursesw5_6.1+20180210-2 libnettle6_3.4-1 libnghttp2-14_1.31.1-1 libobjc-7-dev_7.3.0-17 libobjc4_8-20180425-1 libp11-kit0_0.23.10-2 libpam-modules_1.1.8-3.7 libpam-modules-bin_1.1.8-3.7 libpam-runtime_1.1.8-3.7 libpam0g_1.1.8-3.7 libpcre3_2:8.39-9 libperl5.26_5.26.2-3 libpipeline1_1.5.0-1 libprocps6_2:3.3.14-1 libpsl5_0.20.1-1 libquadmath0_8-20180425-1 librhash0_1.3.6-2 librtmp1_2.4+20151223.gitfa8646d.1-1+b1 libsasl2-2_2.1.27~101-g0780600+dfsg-3.1 libsasl2-modules-db_2.1.27~101-g0780600+dfsg-3.1 libseccomp2_2.3.3-1 libselinux1_2.7-2+b2 libsemanage-common_2.7-2 libsemanage1_2.7-2+b2 libsepol1_2.7-1 libsigsegv2_2.12-2 libsmartcols1_2.31.1-0.5 libss2_1.44.1-2 libssh2-1_1.8.0-1 libssl1.0.2_1.0.2o-1 libstdc++-7-dev_7.3.0-17 libstdc++6_8-20180425-1 libsystemd0_238-4 libtasn1-6_4.13-2 libtimedate-perl_2.3000-2 libtinfo5_6.1+20180210-2 libtinfo6_6.1+20180210-2 libtool_2.4.6-2.1 libtsan0_8-20180425-1 libubsan0_7.3.0-17 libudev1_238-4 libunistring2_0.9.8-1 libustr-1.0-1_1.0.4-6 libuuid1_2.31.1-0.5 libuv1_1.18.0-3 libxml2_2.9.4+dfsg1-6.1 libzstd1_1.3.4+dfsg-1 linux-libc-dev_4.15.17-1 login_1:4.5-1 lsb-base_9.20170808 m4_1.4.18-1 make_4.2.1-1 man-db_2.8.3-2 mawk_1.3.3-17+b3 mount_2.31.1-0.5 multiarch-support_2.27-3 ncurses-base_6.1+20180210-2 ncurses-bin_6.1+20180210-2 passwd_1:4.5-1 patch_2.7.6-2 perl_5.26.2-3 perl-base_5.26.2-3 perl-modules-5.26_5.26.2-3 po-debconf_1.0.20 procps_2:3.3.14-1 sbuild-build-depends-clucene-core-dummy_0.invalid.0 sbuild-build-depends-core-dummy_0.invalid.0 sed_4.4-2 sensible-utils_0.0.12 sysvinit-utils_2.88dsf-59.10 tar_1.30+dfsg-1 util-linux_2.31.1-0.5 xz-utils_5.2.2-1.3 zlib1g_1:1.2.11.dfsg-1 zlib1g-dev_1:1.2.11.dfsg-1

+------------------------------------------------------------------------------+
| Build                                                                        |
+------------------------------------------------------------------------------+


Unpack source
-------------

gpgv: unknown type of key resource 'trustedkeys.kbx'
gpgv: keyblock resource '/sbuild-nonexistent/.gnupg/trustedkeys.kbx': General error
gpgv: Signature made Thu Dec 22 08:06:08 2016 UTC
gpgv:                using RSA key AE05E0F23E9FFC78A6702A58FF3439A94818A98C
gpgv: Can't check signature: No public key
dpkg-source: warning: failed to verify signature on ./clucene-core_2.3.3.4+dfsg-1.dsc
dpkg-source: info: extracting clucene-core in /<<BUILDDIR>>/clucene-core-2.3.3.4+dfsg
dpkg-source: info: unpacking clucene-core_2.3.3.4+dfsg.orig.tar.xz
dpkg-source: info: unpacking clucene-core_2.3.3.4+dfsg-1.debian.tar.xz
dpkg-source: info: applying Fixing_ZLIB_configuration_in_shared_CMakeLists.patch
dpkg-source: info: applying Fix-pkgconfig-file-by-adding-clucene-shared-library.patch
dpkg-source: info: applying Install-contribs-lib.patch
dpkg-source: info: applying multiarch.patch
dpkg-source: info: applying bug715474-no-boost-headers.patch
dpkg-source: info: applying bug718187-ftbfs-hurd.patch
dpkg-source: info: applying gcc-version.diff

Check disk space
----------------

Sufficient free space for build

User Environment
----------------

APT_CONFIG=/var/lib/sbuild/apt.conf
HOME=/sbuild-nonexistent
LANG=en_US.UTF-8
LC_ALL=POSIX
LOGNAME=user42
PATH=/usr/local/sbin:/usr/local/bin:/usr/sbin:/usr/bin:/sbin:/bin:/usr/games
SCHROOT_ALIAS_NAME=unstable-amd64-sbuild
SCHROOT_CHROOT_NAME=unstable-amd64-sbuild
SCHROOT_COMMAND=env
SCHROOT_GID=1001
SCHROOT_GROUP=user42
SCHROOT_SESSION_ID=unstable-amd64-sbuild-4980a21f-0da4-4bcd-be3e-b168214cc082
SCHROOT_UID=1001
SCHROOT_USER=user42
SHELL=/bin/sh
USER=user42

dpkg-buildpackage
-----------------

dpkg-buildpackage: info: source package clucene-core
dpkg-buildpackage: info: source version 2.3.3.4+dfsg-1
dpkg-buildpackage: info: source distribution unstable
dpkg-buildpackage: info: source changed by Fathi Boudra <fabo@debian.org>
 dpkg-source --before-build clucene-core-2.3.3.4+dfsg
dpkg-buildpackage: info: host architecture amd64
 fakeroot debian/rules clean
dh clean --list-missing --parallel
   dh_auto_clean -O--list-missing -O--parallel
   dh_clean -O--list-missing -O--parallel
 debian/rules build-arch
dh build-arch --list-missing --parallel
   dh_update_autotools_config -a -O--list-missing -O--parallel
   debian/rules override_dh_auto_configure
make[1]: Entering directory '/<<BUILDDIR>>/clucene-core-2.3.3.4+dfsg'
dh_auto_configure -- \
-DBUILD_CONTRIBS_LIB=ON \
-DLIB_DESTINATION:PATH=/usr/lib/x86_64-linux-gnu \
-DLUCENE_SYS_INCLUDES:PATH=/usr/lib/x86_64-linux-gnu
	cd obj-x86_64-linux-gnu && cmake .. -DCMAKE_INSTALL_PREFIX=/usr -DCMAKE_VERBOSE_MAKEFILE=ON -DCMAKE_BUILD_TYPE=None -DCMAKE_INSTALL_SYSCONFDIR=/etc -DCMAKE_INSTALL_LOCALSTATEDIR=/var -DCMAKE_EXPORT_NO_PACKAGE_REGISTRY=ON -DCMAKE_FIND_PACKAGE_NO_PACKAGE_REGISTRY=ON "-GUnix Makefiles" -DBUILD_CONTRIBS_LIB=ON -DLIB_DESTINATION:PATH=/usr/lib/x86_64-linux-gnu -DLUCENE_SYS_INCLUDES:PATH=/usr/lib/x86_64-linux-gnu
-- The C compiler identification is Clang 6.0.0
-- The CXX compiler identification is Clang 6.0.0
-- Check for working C compiler: /usr/bin/cc
-- Check for working C compiler: /usr/bin/cc -- works
-- Detecting C compiler ABI info
-- Detecting C compiler ABI info - done
-- Detecting C compile features
-- Detecting C compile features - done
-- Check for working CXX compiler: /usr/bin/c++
-- Check for working CXX compiler: /usr/bin/c++ -- works
-- Detecting CXX compiler ABI info
-- Detecting CXX compiler ABI info - done
-- Detecting CXX compile features
-- Detecting CXX compile features - done
-- Looking for pthread.h
-- Looking for pthread.h - found
-- Looking for pthread_create
-- Looking for pthread_create - not found
-- Looking for pthread_create in pthreads
-- Looking for pthread_create in pthreads - not found
-- Looking for pthread_create in pthread
-- Looking for pthread_create in pthread - found
-- Found Threads: TRUE  
Compiling as None
-- Boost version: 1.62.0
Boost found
-- Boost_INCLUDE_DIR    : /usr/include
-- Found ZLIB: /usr/lib/x86_64-linux-gnu/libz.so (found version "1.2.11") 
-- Looking for include files sys/time.h, time.h
-- Looking for include files sys/time.h, time.h - found
-- Looking for C++ include stdlib.h
-- Looking for C++ include stdlib.h - found
-- Looking for C++ include stdarg.h
-- Looking for C++ include stdarg.h - found
-- Looking for C++ include stdio.h
-- Looking for C++ include stdio.h - found
-- Looking for C++ include stddef.h
-- Looking for C++ include stddef.h - found
-- Looking for C++ include ctype.h
-- Looking for C++ include ctype.h - found
-- Looking for C++ include algorithm
-- Looking for C++ include algorithm - found
-- Looking for C++ include functional
-- Looking for C++ include functional - found
-- Looking for C++ include map
-- Looking for C++ include map - found
-- Looking for C++ include vector
-- Looking for C++ include vector - found
-- Looking for C++ include list
-- Looking for C++ include list - found
-- Looking for C++ include set
-- Looking for C++ include set - found
-- Looking for C++ include math.h
-- Looking for C++ include math.h - found
-- Looking for C++ include fcntl.h
-- Looking for C++ include fcntl.h - found
-- Looking for C++ include limits.h
-- Looking for C++ include limits.h - found
-- Looking for C++ include string.h
-- Looking for C++ include string.h - found
-- Looking for C++ include sys/time.h
-- Looking for C++ include sys/time.h - found
-- Looking for C++ include memory.h
-- Looking for C++ include memory.h - found
-- Looking for C++ include sys/types.h
-- Looking for C++ include sys/types.h - found
-- Looking for C++ include stdint.h
-- Looking for C++ include stdint.h - found
-- Looking for C++ include unistd.h
-- Looking for C++ include unistd.h - found
-- Looking for C++ include io.h
-- Looking for C++ include io.h - not found
-- Looking for C++ include direct.h
-- Looking for C++ include direct.h - not found
-- Looking for C++ include sys/dir.h
-- Looking for C++ include sys/dir.h - found
-- Looking for C++ include sys/ndir.h
-- Looking for C++ include sys/ndir.h - not found
-- Looking for C++ include dirent.h
-- Looking for C++ include dirent.h - found
-- Looking for C++ include wctype.h
-- Looking for C++ include wctype.h - found
-- Looking for C++ include stat.h
-- Looking for C++ include stat.h - not found
-- Looking for C++ include sys/stat.h
-- Looking for C++ include sys/stat.h - found
-- Looking for C++ include stdexcept
-- Looking for C++ include stdexcept - found
-- Looking for C++ include errno.h
-- Looking for C++ include errno.h - found
-- Looking for C++ include windef.h
-- Looking for C++ include windef.h - not found
-- Looking for C++ include windows.h
-- Looking for C++ include windows.h - not found
-- Looking for C++ include wchar.h
-- Looking for C++ include wchar.h - found
-- Looking for C++ include hash_map
-- Looking for C++ include hash_map - found
-- Looking for C++ include hash_set
-- Looking for C++ include hash_set - found
-- Looking for C++ include ext/hash_map
-- Looking for C++ include ext/hash_map - found
-- Looking for C++ include tr1/unordered_set
-- Looking for C++ include tr1/unordered_set - found
-- Looking for C++ include tr1/unordered_map
-- Looking for C++ include tr1/unordered_map - found
-- Looking for C++ include sys/timeb.h
-- Looking for C++ include sys/timeb.h - found
-- Looking for C++ include tchar.h
-- Looking for C++ include tchar.h - not found
-- Looking for C++ include strings.h
-- Looking for C++ include strings.h - found
-- Looking for C++ include sys/mman.h
-- Looking for C++ include sys/mman.h - found
-- Looking for C++ include winerror.h
-- Looking for C++ include winerror.h - not found
-- Choosing type for int8_t
-- Check size of int8_t
-- Check size of int8_t - done
-- Choosing type for int8_t - signed int8_t
-- Choosing type for uint8_t
-- Check size of uint8_t
-- Check size of uint8_t - done
-- Choosing type for uint8_t - unsigned uint8_t
-- Choosing type for int16_t
-- Check size of int16_t
-- Check size of int16_t - done
-- Choosing type for int16_t - signed int16_t
-- Choosing type for uint16_t
-- Check size of uint16_t
-- Check size of uint16_t - done
-- Choosing type for uint16_t - unsigned uint16_t
-- Choosing type for int32_t
-- Check size of int32_t
-- Check size of int32_t - done
-- Choosing type for int32_t - signed int32_t
-- Choosing type for uint32_t
-- Check size of uint32_t
-- Check size of uint32_t - done
-- Choosing type for uint32_t - unsigned uint32_t
-- Choosing type for int64_t
-- Check size of int64_t
-- Check size of int64_t - done
-- Choosing type for int64_t - signed int64_t
-- Choosing type for uint64_t
-- Check size of uint64_t
-- Check size of uint64_t - done
-- Choosing type for uint64_t - unsigned uint64_t
-- Choosing type for size_t
-- Check size of size_t
-- Check size of size_t - done
-- Choosing type for size_t - unsigned size_t
-- Choosing option for HAVE_TYPE__TIMEB
-- Performing Test _CL_HAVE_OPTION__TIMEB
-- Performing Test _CL_HAVE_OPTION__TIMEB - Failed
-- Performing Test _CL_HAVE_OPTION_TIMEB
-- Performing Test _CL_HAVE_OPTION_TIMEB - Success
-- Choosing option for HAVE_TYPE__TIMEB - timeb
-- Performing Test HAVE_SYMBOL_FLOAT_T
-- Performing Test HAVE_SYMBOL_FLOAT_T - Success
-- Check size of DWORD
-- Check size of DWORD - failed
-- Looking for printf
-- Looking for printf - found
-- Looking for strftime
-- Looking for strftime - found
-- Looking for wcscpy
-- Looking for wcscpy - found
-- Looking for wcsncpy
-- Looking for wcsncpy - found
-- Looking for wcscat
-- Looking for wcscat - found
-- Looking for wcschr
-- Looking for wcschr - found
-- Looking for wcsstr
-- Looking for wcsstr - found
-- Looking for wcslen
-- Looking for wcslen - found
-- Looking for wcscmp
-- Looking for wcscmp - found
-- Looking for wcsncmp
-- Looking for wcsncmp - found
-- Looking for wcscspn
-- Looking for wcscspn - found
-- Looking for wcsupr
-- Looking for wcsupr - not found
-- Looking for wcscasecmp
-- Looking for wcscasecmp - found
-- Looking for wcsicmp
-- Looking for wcsicmp - not found
-- Looking for wcstoll
-- Looking for wcstoll - found
-- Looking for wprintf
-- Looking for wprintf - found
-- Looking for lltow
-- Looking for lltow - not found
-- Looking for wcstod
-- Looking for wcstod - found
-- Looking for wcsdup
-- Looking for wcsdup - found
-- Looking for strupr
-- Looking for strupr - not found
-- Looking for strlwr
-- Looking for strlwr - not found
-- Looking for lltoa
-- Looking for lltoa - not found
-- Looking for strtoll
-- Looking for strtoll - found
-- Looking for gettimeofday
-- Looking for gettimeofday - found
-- Looking for _vsnwprintf
-- Looking for _vsnwprintf - not found
-- Looking for mmap
-- Looking for mmap - found
-- Looking for MapViewOfFile
-- Looking for MapViewOfFile(0,0,0,0,0) - not found
-- Choosing function for fileHandleStat
-- Looking for fstati64
-- Looking for fstati64 - not found
-- Looking for _fstati64
-- Looking for _fstati64 - not found
-- Looking for fstat64
-- Looking for fstat64 - found
-- Choosing function for fileHandleStat - fstat64
-- Choosing function for fileStat
-- Looking for stati64
-- Looking for stati64 - not found
-- Looking for _stati64
-- Looking for _stati64 - not found
-- Looking for stat64
-- Looking for stat64 - found
-- Choosing function for fileStat - stat64
-- Choosing function for fileSize
-- Looking for filelengthi64
-- Looking for filelengthi64 - not found
-- Looking for _filelengthi64
-- Looking for _filelengthi64 - not found
-- Looking for filelength
-- Looking for filelength - not found
-- Looking for _filelength
-- Looking for _filelength - not found
-- Choosing function for fileSize - using default
-- Choosing function for fileSeek
-- Looking for lseeki64
-- Looking for lseeki64 - not found
-- Looking for _lseeki64
-- Looking for _lseeki64 - not found
-- Looking for lseek64
-- Looking for lseek64 - found
-- Choosing function for fileSeek - lseek64
-- Choosing option for HAVE_TYPE_CL_STAT_T
-- Performing Test _CL_HAVE_OPTION_STATI64
-- Performing Test _CL_HAVE_OPTION_STATI64 - Failed
-- Performing Test _CL_HAVE_OPTION__STATI64
-- Performing Test _CL_HAVE_OPTION__STATI64 - Failed
-- Performing Test _CL_HAVE_OPTION_STAT64
-- Performing Test _CL_HAVE_OPTION_STAT64 - Success
-- Choosing option for HAVE_TYPE_CL_STAT_T - stat64
-- Choosing function for fileTell
-- Looking for telli64
-- Looking for telli64 - not found
-- Looking for _telli64
-- Looking for _telli64 - not found
-- Looking for tell64
-- Looking for tell64 - not found
-- Looking for tell
-- Looking for tell - not found
-- Looking for _tell
-- Looking for _tell - not found
-- Choosing function for fileTell - using default
-- Choosing function for _realpath
-- Looking for realpath
-- Looking for realpath - found
-- Choosing function for _realpath - realpath
-- Choosing function for _rename
-- Looking for rename
-- Looking for rename - found
-- Choosing function for _rename - rename
-- Choosing function for _close
-- Looking for _close
-- Looking for _close((int)0) - not found
-- Looking for close
-- Looking for close - found
-- Choosing function for _close - close
-- Choosing function for _read
-- Looking for _read
-- Looking for _read((int)0, (void*)0, (unsigned int)0) - not found
-- Looking for read
-- Looking for read - found
-- Choosing function for _read - read
-- Choosing function for _cl_open
-- Looking for _open
-- Looking for _open(0,0,0) - not found
-- Looking for open
-- Looking for open - found
-- Choosing function for _cl_open - open
-- Choosing function for _write
-- Looking for _write
-- Looking for _write((int)0, (const void*)0, (unsigned int)0) - not found
-- Looking for write
-- Looking for write - found
-- Choosing function for _write - write
-- Choosing function for _unlink
-- Looking for _unlink
-- Looking for _unlink((const char*)0) - not found
-- Looking for unlink
-- Looking for unlink - found
-- Choosing function for _unlink - unlink
-- Choosing function for _ftime
-- Looking for _ftime
-- Looking for _ftime(0) - not found
-- Looking for ftime
-- Looking for ftime - found
-- Choosing function for _ftime - ftime
-- Choosing function for _mkdir
-- Looking for _mkdir
-- Looking for _mkdir((const char*)0) - not found
-- Choosing function for _mkdir - using default
-- Choosing function for SLEEPFUNCTION
-- Looking for usleep
-- Looking for usleep - found
-- Choosing function for SLEEPFUNCTION - usleep
-- Choosing function for _snprintf
-- Looking for snprintf
-- Looking for snprintf - found
-- Choosing function for _snprintf - snprintf
-- Choosing function for _snwprintf
-- Looking for snwprintf
-- Looking for snwprintf - not found
-- Looking for _snwprintf
-- Looking for _snwprintf - not found
-- Choosing function for _snwprintf - not found
-- Choosing symbol for _O_RANDOM
-- Looking for _O_RANDOM
-- Looking for _O_RANDOM - not found
-- Looking for O_RANDOM
-- Looking for O_RANDOM - not found
-- Choosing symbol for _O_RANDOM - not found
-- Choosing symbol for _O_BINARY
-- Looking for _O_BINARY
-- Looking for _O_BINARY - not found
-- Looking for O_BINARY
-- Looking for O_BINARY - not found
-- Choosing symbol for _O_BINARY - not found
-- Choosing symbol for _S_IREAD
-- Looking for _S_IREAD
-- Looking for _S_IREAD - not found
-- Looking for S_IREAD
-- Looking for S_IREAD - found
-- Choosing symbol for _S_IREAD - S_IREAD
-- Choosing symbol for _S_IWRITE
-- Looking for _S_IWRITE
-- Looking for _S_IWRITE - not found
-- Looking for S_IWRITE
-- Looking for S_IWRITE - found
-- Choosing symbol for _S_IWRITE - S_IWRITE
-- Choosing type for TCHAR
-- Check size of TCHAR
-- Check size of TCHAR - failed
-- Check size of wchar_t
-- Check size of wchar_t - done
-- Choosing type for TCHAR -  wchar_t
-- Choosing symbol for _T
-- Looking for _T
-- Looking for _T - not found
-- Choosing symbol for _T - not found
-- Performing Test _CL_HAVE_PTHREAD_MUTEX_RECURSIVE
-- Performing Test _CL_HAVE_PTHREAD_MUTEX_RECURSIVE - Success
-- Performing Test _CL_HAVE_GCC_ATOMIC_FUNCTIONS
-- Performing Test _CL_HAVE_GCC_ATOMIC_FUNCTIONS - Success
-- Performing Test _CL_HAVE_TRY_BLOCKS
-- Performing Test _CL_HAVE_TRY_BLOCKS - Success
-- Checking support new float byte<->float conversions
-- Checking support new float byte<->float conversions - yes
-- Choosing namespace for hashmaps
-- Performing Test _CL_HAVE_STD__TR1_HASHMAP
-- Performing Test _CL_HAVE_STD__TR1_HASHMAP - Success
-- Choosing namespace for hashmaps - std::tr1::func
-- Performing Test _CL_HAVE_NAMESPACES
-- Performing Test _CL_HAVE_NAMESPACES - Success
-- Performing Test _CL_HAVE_NO_SNPRINTF_BUG
-- Performing Test _CL_HAVE_NO_SNPRINTF_BUG - Success
-- Performing Test _CL_ILONGLONG_LL
-- Performing Test _CL_ILONGLONG_LL - Success
-- Performing Test LUCENE_STATIC_CONSTANT_SYNTAX
-- Performing Test LUCENE_STATIC_CONSTANT_SYNTAX - Success
-- Check for ANSI scope
-- Check for ANSI scope - found
-- Checking to see if CXX compiler accepts flag -fprofile-arcs -ftest-coverage
-- Checking to see if CXX compiler accepts flag -fprofile-arcs -ftest-coverage - yes
-- Performing Test ICONV_SECOND_ARGUMENT_IS_CONST
-- Performing Test ICONV_SECOND_ARGUMENT_IS_CONST - Failed
-- Found Iconv: /usr/lib/x86_64-linux-gnu/libc.so
-- Configuring done
-- Generating done
CMake Warning:
  Manually-specified variables were not used by the project:

    CMAKE_EXPORT_NO_PACKAGE_REGISTRY
    CMAKE_INSTALL_LOCALSTATEDIR
    CMAKE_INSTALL_SYSCONFDIR


-- Build files have been written to: /<<BUILDDIR>>/clucene-core-2.3.3.4+dfsg/obj-x86_64-linux-gnu
make[1]: Leaving directory '/<<BUILDDIR>>/clucene-core-2.3.3.4+dfsg'
   dh_auto_build -a -O--list-missing -O--parallel
	cd obj-x86_64-linux-gnu && make -j8 -Oline
make[1]: Entering directory '/<<BUILDDIR>>/clucene-core-2.3.3.4+dfsg/obj-x86_64-linux-gnu'
/usr/bin/cmake -H/<<BUILDDIR>>/clucene-core-2.3.3.4+dfsg -B/<<BUILDDIR>>/clucene-core-2.3.3.4+dfsg/obj-x86_64-linux-gnu --check-build-system CMakeFiles/Makefile.cmake 0
make[1]: Leaving directory '/<<BUILDDIR>>/clucene-core-2.3.3.4+dfsg/obj-x86_64-linux-gnu'
make[1]: Entering directory '/<<BUILDDIR>>/clucene-core-2.3.3.4+dfsg/obj-x86_64-linux-gnu'
/usr/bin/cmake -E cmake_progress_start /<<BUILDDIR>>/clucene-core-2.3.3.4+dfsg/obj-x86_64-linux-gnu/CMakeFiles /<<BUILDDIR>>/clucene-core-2.3.3.4+dfsg/obj-x86_64-linux-gnu/CMakeFiles/progress.marks
make[1]: Leaving directory '/<<BUILDDIR>>/clucene-core-2.3.3.4+dfsg/obj-x86_64-linux-gnu'
make -f CMakeFiles/Makefile2 all
make -f src/shared/CMakeFiles/clucene-shared.dir/build.make src/shared/CMakeFiles/clucene-shared.dir/depend
make[3]: Entering directory '/<<BUILDDIR>>/clucene-core-2.3.3.4+dfsg/obj-x86_64-linux-gnu'
cd /<<BUILDDIR>>/clucene-core-2.3.3.4+dfsg/obj-x86_64-linux-gnu && /usr/bin/cmake -E cmake_depends "Unix Makefiles" /<<BUILDDIR>>/clucene-core-2.3.3.4+dfsg /<<BUILDDIR>>/clucene-core-2.3.3.4+dfsg/src/shared /<<BUILDDIR>>/clucene-core-2.3.3.4+dfsg/obj-x86_64-linux-gnu /<<BUILDDIR>>/clucene-core-2.3.3.4+dfsg/obj-x86_64-linux-gnu/src/shared /<<BUILDDIR>>/clucene-core-2.3.3.4+dfsg/obj-x86_64-linux-gnu/src/shared/CMakeFiles/clucene-shared.dir/DependInfo.cmake --color=
Scanning dependencies of target clucene-shared
make[3]: Leaving directory '/<<BUILDDIR>>/clucene-core-2.3.3.4+dfsg/obj-x86_64-linux-gnu'
make -f src/shared/CMakeFiles/clucene-shared.dir/build.make src/shared/CMakeFiles/clucene-shared.dir/build
make[3]: Entering directory '/<<BUILDDIR>>/clucene-core-2.3.3.4+dfsg/obj-x86_64-linux-gnu'
[  1%] Building CXX object src/shared/CMakeFiles/clucene-shared.dir/CLucene/SharedHeader.o
make[3]: Leaving directory '/<<BUILDDIR>>/clucene-core-2.3.3.4+dfsg/obj-x86_64-linux-gnu'
make[3]: Entering directory '/<<BUILDDIR>>/clucene-core-2.3.3.4+dfsg/obj-x86_64-linux-gnu'
[  1%] Building CXX object src/shared/CMakeFiles/clucene-shared.dir/CLucene/config/gunichartables.o
make[3]: Leaving directory '/<<BUILDDIR>>/clucene-core-2.3.3.4+dfsg/obj-x86_64-linux-gnu'
make[3]: Entering directory '/<<BUILDDIR>>/clucene-core-2.3.3.4+dfsg/obj-x86_64-linux-gnu'
[  1%] Building CXX object src/shared/CMakeFiles/clucene-shared.dir/CLucene/config/repl_tcslwr.o
make[3]: Leaving directory '/<<BUILDDIR>>/clucene-core-2.3.3.4+dfsg/obj-x86_64-linux-gnu'
make[3]: Entering directory '/<<BUILDDIR>>/clucene-core-2.3.3.4+dfsg/obj-x86_64-linux-gnu'
[  1%] Building CXX object src/shared/CMakeFiles/clucene-shared.dir/CLucene/config/repl_tcstoll.o
make[3]: Leaving directory '/<<BUILDDIR>>/clucene-core-2.3.3.4+dfsg/obj-x86_64-linux-gnu'
make[3]: Entering directory '/<<BUILDDIR>>/clucene-core-2.3.3.4+dfsg/obj-x86_64-linux-gnu'
[  1%] Building CXX object src/shared/CMakeFiles/clucene-shared.dir/CLucene/config/repl_tcscasecmp.o
make[3]: Leaving directory '/<<BUILDDIR>>/clucene-core-2.3.3.4+dfsg/obj-x86_64-linux-gnu'
make[3]: Entering directory '/<<BUILDDIR>>/clucene-core-2.3.3.4+dfsg/obj-x86_64-linux-gnu'
[  1%] Building CXX object src/shared/CMakeFiles/clucene-shared.dir/CLucene/config/repl_lltot.o
make[3]: Leaving directory '/<<BUILDDIR>>/clucene-core-2.3.3.4+dfsg/obj-x86_64-linux-gnu'
make[3]: Entering directory '/<<BUILDDIR>>/clucene-core-2.3.3.4+dfsg/obj-x86_64-linux-gnu'
[  2%] Building CXX object src/shared/CMakeFiles/clucene-shared.dir/CLucene/config/repl_tprintf.o
make[3]: Leaving directory '/<<BUILDDIR>>/clucene-core-2.3.3.4+dfsg/obj-x86_64-linux-gnu'
make[3]: Entering directory '/<<BUILDDIR>>/clucene-core-2.3.3.4+dfsg/obj-x86_64-linux-gnu'
[  1%] Building CXX object src/shared/CMakeFiles/clucene-shared.dir/CLucene/config/repl_tcstod.o
make[3]: Leaving directory '/<<BUILDDIR>>/clucene-core-2.3.3.4+dfsg/obj-x86_64-linux-gnu'
make[3]: Entering directory '/<<BUILDDIR>>/clucene-core-2.3.3.4+dfsg/obj-x86_64-linux-gnu'
cd /<<BUILDDIR>>/clucene-core-2.3.3.4+dfsg/obj-x86_64-linux-gnu/src/shared && /usr/bin/c++  -DMAKE_CLUCENE_SHARED_LIB -Dclucene_shared_EXPORTS -I/<<BUILDDIR>>/clucene-core-2.3.3.4+dfsg/src/shared -I/<<BUILDDIR>>/clucene-core-2.3.3.4+dfsg/obj-x86_64-linux-gnu/src/shared -I/<<BUILDDIR>>/clucene-core-2.3.3.4+dfsg/src/core  -g -O2 -fdebug-prefix-map=/<<BUILDDIR>>/clucene-core-2.3.3.4+dfsg=. -fstack-protector-strong -Wformat -Werror=format-security -Wdate-time -D_FORTIFY_SOURCE=2 -fPIC    -D_REENTRANT -D_UCS2 -D_UNICODE -o CMakeFiles/clucene-shared.dir/CLucene/SharedHeader.o -c /<<BUILDDIR>>/clucene-core-2.3.3.4+dfsg/src/shared/CLucene/SharedHeader.cpp
make[3]: Leaving directory '/<<BUILDDIR>>/clucene-core-2.3.3.4+dfsg/obj-x86_64-linux-gnu'
make[3]: Entering directory '/<<BUILDDIR>>/clucene-core-2.3.3.4+dfsg/obj-x86_64-linux-gnu'
cd /<<BUILDDIR>>/clucene-core-2.3.3.4+dfsg/obj-x86_64-linux-gnu/src/shared && /usr/bin/c++  -DMAKE_CLUCENE_SHARED_LIB -Dclucene_shared_EXPORTS -I/<<BUILDDIR>>/clucene-core-2.3.3.4+dfsg/src/shared -I/<<BUILDDIR>>/clucene-core-2.3.3.4+dfsg/obj-x86_64-linux-gnu/src/shared -I/<<BUILDDIR>>/clucene-core-2.3.3.4+dfsg/src/core  -g -O2 -fdebug-prefix-map=/<<BUILDDIR>>/clucene-core-2.3.3.4+dfsg=. -fstack-protector-strong -Wformat -Werror=format-security -Wdate-time -D_FORTIFY_SOURCE=2 -fPIC    -D_REENTRANT -D_UCS2 -D_UNICODE -o CMakeFiles/clucene-shared.dir/CLucene/config/repl_tcslwr.o -c /<<BUILDDIR>>/clucene-core-2.3.3.4+dfsg/src/shared/CLucene/config/repl_tcslwr.cpp
make[3]: Leaving directory '/<<BUILDDIR>>/clucene-core-2.3.3.4+dfsg/obj-x86_64-linux-gnu'
make[3]: Entering directory '/<<BUILDDIR>>/clucene-core-2.3.3.4+dfsg/obj-x86_64-linux-gnu'
cd /<<BUILDDIR>>/clucene-core-2.3.3.4+dfsg/obj-x86_64-linux-gnu/src/shared && /usr/bin/c++  -DMAKE_CLUCENE_SHARED_LIB -Dclucene_shared_EXPORTS -I/<<BUILDDIR>>/clucene-core-2.3.3.4+dfsg/src/shared -I/<<BUILDDIR>>/clucene-core-2.3.3.4+dfsg/obj-x86_64-linux-gnu/src/shared -I/<<BUILDDIR>>/clucene-core-2.3.3.4+dfsg/src/core  -g -O2 -fdebug-prefix-map=/<<BUILDDIR>>/clucene-core-2.3.3.4+dfsg=. -fstack-protector-strong -Wformat -Werror=format-security -Wdate-time -D_FORTIFY_SOURCE=2 -fPIC    -D_REENTRANT -D_UCS2 -D_UNICODE -o CMakeFiles/clucene-shared.dir/CLucene/config/repl_tcscasecmp.o -c /<<BUILDDIR>>/clucene-core-2.3.3.4+dfsg/src/shared/CLucene/config/repl_tcscasecmp.cpp
make[3]: Leaving directory '/<<BUILDDIR>>/clucene-core-2.3.3.4+dfsg/obj-x86_64-linux-gnu'
make[3]: Entering directory '/<<BUILDDIR>>/clucene-core-2.3.3.4+dfsg/obj-x86_64-linux-gnu'
[  4%] Building CXX object src/shared/CMakeFiles/clucene-shared.dir/CLucene/config/threads.o
make[3]: Leaving directory '/<<BUILDDIR>>/clucene-core-2.3.3.4+dfsg/obj-x86_64-linux-gnu'
make[3]: Entering directory '/<<BUILDDIR>>/clucene-core-2.3.3.4+dfsg/obj-x86_64-linux-gnu'
[  4%] Building CXX object src/shared/CMakeFiles/clucene-shared.dir/CLucene/config/utf8.o
make[3]: Leaving directory '/<<BUILDDIR>>/clucene-core-2.3.3.4+dfsg/obj-x86_64-linux-gnu'
make[3]: Entering directory '/<<BUILDDIR>>/clucene-core-2.3.3.4+dfsg/obj-x86_64-linux-gnu'
cd /<<BUILDDIR>>/clucene-core-2.3.3.4+dfsg/obj-x86_64-linux-gnu/src/shared && /usr/bin/c++  -DMAKE_CLUCENE_SHARED_LIB -Dclucene_shared_EXPORTS -I/<<BUILDDIR>>/clucene-core-2.3.3.4+dfsg/src/shared -I/<<BUILDDIR>>/clucene-core-2.3.3.4+dfsg/obj-x86_64-linux-gnu/src/shared -I/<<BUILDDIR>>/clucene-core-2.3.3.4+dfsg/src/core  -g -O2 -fdebug-prefix-map=/<<BUILDDIR>>/clucene-core-2.3.3.4+dfsg=. -fstack-protector-strong -Wformat -Werror=format-security -Wdate-time -D_FORTIFY_SOURCE=2 -fPIC    -D_REENTRANT -D_UCS2 -D_UNICODE -o CMakeFiles/clucene-shared.dir/CLucene/config/repl_tcstoll.o -c /<<BUILDDIR>>/clucene-core-2.3.3.4+dfsg/src/shared/CLucene/config/repl_tcstoll.cpp
make[3]: Leaving directory '/<<BUILDDIR>>/clucene-core-2.3.3.4+dfsg/obj-x86_64-linux-gnu'
make[3]: Entering directory '/<<BUILDDIR>>/clucene-core-2.3.3.4+dfsg/obj-x86_64-linux-gnu'
cd /<<BUILDDIR>>/clucene-core-2.3.3.4+dfsg/obj-x86_64-linux-gnu/src/shared && /usr/bin/c++  -DMAKE_CLUCENE_SHARED_LIB -Dclucene_shared_EXPORTS -I/<<BUILDDIR>>/clucene-core-2.3.3.4+dfsg/src/shared -I/<<BUILDDIR>>/clucene-core-2.3.3.4+dfsg/obj-x86_64-linux-gnu/src/shared -I/<<BUILDDIR>>/clucene-core-2.3.3.4+dfsg/src/core  -g -O2 -fdebug-prefix-map=/<<BUILDDIR>>/clucene-core-2.3.3.4+dfsg=. -fstack-protector-strong -Wformat -Werror=format-security -Wdate-time -D_FORTIFY_SOURCE=2 -fPIC    -D_REENTRANT -D_UCS2 -D_UNICODE -o CMakeFiles/clucene-shared.dir/CLucene/config/repl_lltot.o -c /<<BUILDDIR>>/clucene-core-2.3.3.4+dfsg/src/shared/CLucene/config/repl_lltot.cpp
make[3]: Leaving directory '/<<BUILDDIR>>/clucene-core-2.3.3.4+dfsg/obj-x86_64-linux-gnu'
make[3]: Entering directory '/<<BUILDDIR>>/clucene-core-2.3.3.4+dfsg/obj-x86_64-linux-gnu'
[  4%] Building CXX object src/shared/CMakeFiles/clucene-shared.dir/CLucene/debug/condition.o
make[3]: Leaving directory '/<<BUILDDIR>>/clucene-core-2.3.3.4+dfsg/obj-x86_64-linux-gnu'
make[3]: Entering directory '/<<BUILDDIR>>/clucene-core-2.3.3.4+dfsg/obj-x86_64-linux-gnu'
[  5%] Building CXX object src/shared/CMakeFiles/clucene-shared.dir/CLucene/util/StringBuffer.o
make[3]: Leaving directory '/<<BUILDDIR>>/clucene-core-2.3.3.4+dfsg/obj-x86_64-linux-gnu'
make[3]: Entering directory '/<<BUILDDIR>>/clucene-core-2.3.3.4+dfsg/obj-x86_64-linux-gnu'
[  5%] Building CXX object src/shared/CMakeFiles/clucene-shared.dir/CLucene/util/Misc.o
make[3]: Leaving directory '/<<BUILDDIR>>/clucene-core-2.3.3.4+dfsg/obj-x86_64-linux-gnu'
make[3]: Entering directory '/<<BUILDDIR>>/clucene-core-2.3.3.4+dfsg/obj-x86_64-linux-gnu'
cd /<<BUILDDIR>>/clucene-core-2.3.3.4+dfsg/obj-x86_64-linux-gnu/src/shared && /usr/bin/c++  -DMAKE_CLUCENE_SHARED_LIB -Dclucene_shared_EXPORTS -I/<<BUILDDIR>>/clucene-core-2.3.3.4+dfsg/src/shared -I/<<BUILDDIR>>/clucene-core-2.3.3.4+dfsg/obj-x86_64-linux-gnu/src/shared -I/<<BUILDDIR>>/clucene-core-2.3.3.4+dfsg/src/core  -g -O2 -fdebug-prefix-map=/<<BUILDDIR>>/clucene-core-2.3.3.4+dfsg=. -fstack-protector-strong -Wformat -Werror=format-security -Wdate-time -D_FORTIFY_SOURCE=2 -fPIC    -D_REENTRANT -D_UCS2 -D_UNICODE -o CMakeFiles/clucene-shared.dir/CLucene/config/repl_tcstod.o -c /<<BUILDDIR>>/clucene-core-2.3.3.4+dfsg/src/shared/CLucene/config/repl_tcstod.cpp
make[3]: Leaving directory '/<<BUILDDIR>>/clucene-core-2.3.3.4+dfsg/obj-x86_64-linux-gnu'
make[3]: Entering directory '/<<BUILDDIR>>/clucene-core-2.3.3.4+dfsg/obj-x86_64-linux-gnu'
cd /<<BUILDDIR>>/clucene-core-2.3.3.4+dfsg/obj-x86_64-linux-gnu/src/shared && /usr/bin/c++  -DMAKE_CLUCENE_SHARED_LIB -Dclucene_shared_EXPORTS -I/<<BUILDDIR>>/clucene-core-2.3.3.4+dfsg/src/shared -I/<<BUILDDIR>>/clucene-core-2.3.3.4+dfsg/obj-x86_64-linux-gnu/src/shared -I/<<BUILDDIR>>/clucene-core-2.3.3.4+dfsg/src/core  -g -O2 -fdebug-prefix-map=/<<BUILDDIR>>/clucene-core-2.3.3.4+dfsg=. -fstack-protector-strong -Wformat -Werror=format-security -Wdate-time -D_FORTIFY_SOURCE=2 -fPIC    -D_REENTRANT -D_UCS2 -D_UNICODE -o CMakeFiles/clucene-shared.dir/CLucene/config/repl_tprintf.o -c /<<BUILDDIR>>/clucene-core-2.3.3.4+dfsg/src/shared/CLucene/config/repl_tprintf.cpp
make[3]: Leaving directory '/<<BUILDDIR>>/clucene-core-2.3.3.4+dfsg/obj-x86_64-linux-gnu'
make[3]: Entering directory '/<<BUILDDIR>>/clucene-core-2.3.3.4+dfsg/obj-x86_64-linux-gnu'
[  5%] Building CXX object src/shared/CMakeFiles/clucene-shared.dir/CLucene/util/dirent.o
make[3]: Leaving directory '/<<BUILDDIR>>/clucene-core-2.3.3.4+dfsg/obj-x86_64-linux-gnu'
make[3]: Entering directory '/<<BUILDDIR>>/clucene-core-2.3.3.4+dfsg/obj-x86_64-linux-gnu'
cd /<<BUILDDIR>>/clucene-core-2.3.3.4+dfsg/obj-x86_64-linux-gnu/src/shared && /usr/bin/c++  -DMAKE_CLUCENE_SHARED_LIB -Dclucene_shared_EXPORTS -I/<<BUILDDIR>>/clucene-core-2.3.3.4+dfsg/src/shared -I/<<BUILDDIR>>/clucene-core-2.3.3.4+dfsg/obj-x86_64-linux-gnu/src/shared -I/<<BUILDDIR>>/clucene-core-2.3.3.4+dfsg/src/core  -g -O2 -fdebug-prefix-map=/<<BUILDDIR>>/clucene-core-2.3.3.4+dfsg=. -fstack-protector-strong -Wformat -Werror=format-security -Wdate-time -D_FORTIFY_SOURCE=2 -fPIC    -D_REENTRANT -D_UCS2 -D_UNICODE -o CMakeFiles/clucene-shared.dir/CLucene/config/threads.o -c /<<BUILDDIR>>/clucene-core-2.3.3.4+dfsg/src/shared/CLucene/config/threads.cpp
make[3]: Leaving directory '/<<BUILDDIR>>/clucene-core-2.3.3.4+dfsg/obj-x86_64-linux-gnu'
make[3]: Entering directory '/<<BUILDDIR>>/clucene-core-2.3.3.4+dfsg/obj-x86_64-linux-gnu'
cd /<<BUILDDIR>>/clucene-core-2.3.3.4+dfsg/obj-x86_64-linux-gnu/src/shared && /usr/bin/c++  -DMAKE_CLUCENE_SHARED_LIB -Dclucene_shared_EXPORTS -I/<<BUILDDIR>>/clucene-core-2.3.3.4+dfsg/src/shared -I/<<BUILDDIR>>/clucene-core-2.3.3.4+dfsg/obj-x86_64-linux-gnu/src/shared -I/<<BUILDDIR>>/clucene-core-2.3.3.4+dfsg/src/core  -g -O2 -fdebug-prefix-map=/<<BUILDDIR>>/clucene-core-2.3.3.4+dfsg=. -fstack-protector-strong -Wformat -Werror=format-security -Wdate-time -D_FORTIFY_SOURCE=2 -fPIC    -D_REENTRANT -D_UCS2 -D_UNICODE -o CMakeFiles/clucene-shared.dir/CLucene/debug/condition.o -c /<<BUILDDIR>>/clucene-core-2.3.3.4+dfsg/src/shared/CLucene/debug/condition.cpp
make[3]: Leaving directory '/<<BUILDDIR>>/clucene-core-2.3.3.4+dfsg/obj-x86_64-linux-gnu'
make[3]: Entering directory '/<<BUILDDIR>>/clucene-core-2.3.3.4+dfsg/obj-x86_64-linux-gnu'
cd /<<BUILDDIR>>/clucene-core-2.3.3.4+dfsg/obj-x86_64-linux-gnu/src/shared && /usr/bin/c++  -DMAKE_CLUCENE_SHARED_LIB -Dclucene_shared_EXPORTS -I/<<BUILDDIR>>/clucene-core-2.3.3.4+dfsg/src/shared -I/<<BUILDDIR>>/clucene-core-2.3.3.4+dfsg/obj-x86_64-linux-gnu/src/shared -I/<<BUILDDIR>>/clucene-core-2.3.3.4+dfsg/src/core  -g -O2 -fdebug-prefix-map=/<<BUILDDIR>>/clucene-core-2.3.3.4+dfsg=. -fstack-protector-strong -Wformat -Werror=format-security -Wdate-time -D_FORTIFY_SOURCE=2 -fPIC    -D_REENTRANT -D_UCS2 -D_UNICODE -o CMakeFiles/clucene-shared.dir/CLucene/config/utf8.o -c /<<BUILDDIR>>/clucene-core-2.3.3.4+dfsg/src/shared/CLucene/config/utf8.cpp
make[3]: Leaving directory '/<<BUILDDIR>>/clucene-core-2.3.3.4+dfsg/obj-x86_64-linux-gnu'
make[3]: Entering directory '/<<BUILDDIR>>/clucene-core-2.3.3.4+dfsg/obj-x86_64-linux-gnu'
cd /<<BUILDDIR>>/clucene-core-2.3.3.4+dfsg/obj-x86_64-linux-gnu/src/shared && /usr/bin/c++  -DMAKE_CLUCENE_SHARED_LIB -Dclucene_shared_EXPORTS -I/<<BUILDDIR>>/clucene-core-2.3.3.4+dfsg/src/shared -I/<<BUILDDIR>>/clucene-core-2.3.3.4+dfsg/obj-x86_64-linux-gnu/src/shared -I/<<BUILDDIR>>/clucene-core-2.3.3.4+dfsg/src/core  -g -O2 -fdebug-prefix-map=/<<BUILDDIR>>/clucene-core-2.3.3.4+dfsg=. -fstack-protector-strong -Wformat -Werror=format-security -Wdate-time -D_FORTIFY_SOURCE=2 -fPIC    -D_REENTRANT -D_UCS2 -D_UNICODE -o CMakeFiles/clucene-shared.dir/CLucene/config/gunichartables.o -c /<<BUILDDIR>>/clucene-core-2.3.3.4+dfsg/src/shared/CLucene/config/gunichartables.cpp
/<<BUILDDIR>>/clucene-core-2.3.3.4+dfsg/src/shared/CLucene/config/gunichartables.cpp:132:3: warning: "===== Note: using internal character function for compatibility =====" [-W#warnings]
 #warning "===== Note: using internal character function for compatibility ====="
  ^
1 warning generated.
make[3]: Leaving directory '/<<BUILDDIR>>/clucene-core-2.3.3.4+dfsg/obj-x86_64-linux-gnu'
make[3]: Entering directory '/<<BUILDDIR>>/clucene-core-2.3.3.4+dfsg/obj-x86_64-linux-gnu'
cd /<<BUILDDIR>>/clucene-core-2.3.3.4+dfsg/obj-x86_64-linux-gnu/src/shared && /usr/bin/c++  -DMAKE_CLUCENE_SHARED_LIB -Dclucene_shared_EXPORTS -I/<<BUILDDIR>>/clucene-core-2.3.3.4+dfsg/src/shared -I/<<BUILDDIR>>/clucene-core-2.3.3.4+dfsg/obj-x86_64-linux-gnu/src/shared -I/<<BUILDDIR>>/clucene-core-2.3.3.4+dfsg/src/core  -g -O2 -fdebug-prefix-map=/<<BUILDDIR>>/clucene-core-2.3.3.4+dfsg=. -fstack-protector-strong -Wformat -Werror=format-security -Wdate-time -D_FORTIFY_SOURCE=2 -fPIC    -D_REENTRANT -D_UCS2 -D_UNICODE -o CMakeFiles/clucene-shared.dir/CLucene/util/dirent.o -c /<<BUILDDIR>>/clucene-core-2.3.3.4+dfsg/src/shared/CLucene/util/dirent.cpp
make[3]: Leaving directory '/<<BUILDDIR>>/clucene-core-2.3.3.4+dfsg/obj-x86_64-linux-gnu'
make[3]: Entering directory '/<<BUILDDIR>>/clucene-core-2.3.3.4+dfsg/obj-x86_64-linux-gnu'
cd /<<BUILDDIR>>/clucene-core-2.3.3.4+dfsg/obj-x86_64-linux-gnu/src/shared && /usr/bin/c++  -DMAKE_CLUCENE_SHARED_LIB -Dclucene_shared_EXPORTS -I/<<BUILDDIR>>/clucene-core-2.3.3.4+dfsg/src/shared -I/<<BUILDDIR>>/clucene-core-2.3.3.4+dfsg/obj-x86_64-linux-gnu/src/shared -I/<<BUILDDIR>>/clucene-core-2.3.3.4+dfsg/src/core  -g -O2 -fdebug-prefix-map=/<<BUILDDIR>>/clucene-core-2.3.3.4+dfsg=. -fstack-protector-strong -Wformat -Werror=format-security -Wdate-time -D_FORTIFY_SOURCE=2 -fPIC    -D_REENTRANT -D_UCS2 -D_UNICODE -o CMakeFiles/clucene-shared.dir/CLucene/util/StringBuffer.o -c /<<BUILDDIR>>/clucene-core-2.3.3.4+dfsg/src/shared/CLucene/util/StringBuffer.cpp
make[3]: Leaving directory '/<<BUILDDIR>>/clucene-core-2.3.3.4+dfsg/obj-x86_64-linux-gnu'
make[3]: Entering directory '/<<BUILDDIR>>/clucene-core-2.3.3.4+dfsg/obj-x86_64-linux-gnu'
cd /<<BUILDDIR>>/clucene-core-2.3.3.4+dfsg/obj-x86_64-linux-gnu/src/shared && /usr/bin/c++  -DMAKE_CLUCENE_SHARED_LIB -Dclucene_shared_EXPORTS -I/<<BUILDDIR>>/clucene-core-2.3.3.4+dfsg/src/shared -I/<<BUILDDIR>>/clucene-core-2.3.3.4+dfsg/obj-x86_64-linux-gnu/src/shared -I/<<BUILDDIR>>/clucene-core-2.3.3.4+dfsg/src/core  -g -O2 -fdebug-prefix-map=/<<BUILDDIR>>/clucene-core-2.3.3.4+dfsg=. -fstack-protector-strong -Wformat -Werror=format-security -Wdate-time -D_FORTIFY_SOURCE=2 -fPIC    -D_REENTRANT -D_UCS2 -D_UNICODE -o CMakeFiles/clucene-shared.dir/CLucene/util/Misc.o -c /<<BUILDDIR>>/clucene-core-2.3.3.4+dfsg/src/shared/CLucene/util/Misc.cpp
make[3]: Leaving directory '/<<BUILDDIR>>/clucene-core-2.3.3.4+dfsg/obj-x86_64-linux-gnu'
make[3]: Entering directory '/<<BUILDDIR>>/clucene-core-2.3.3.4+dfsg/obj-x86_64-linux-gnu'
[  7%] Linking CXX shared library ../../bin/libclucene-shared.so
make[3]: Leaving directory '/<<BUILDDIR>>/clucene-core-2.3.3.4+dfsg/obj-x86_64-linux-gnu'
make[3]: Entering directory '/<<BUILDDIR>>/clucene-core-2.3.3.4+dfsg/obj-x86_64-linux-gnu'
cd /<<BUILDDIR>>/clucene-core-2.3.3.4+dfsg/obj-x86_64-linux-gnu/src/shared && /usr/bin/cmake -E cmake_link_script CMakeFiles/clucene-shared.dir/link.txt --verbose=1
/usr/bin/c++ -fPIC -g -O2 -fdebug-prefix-map=/<<BUILDDIR>>/clucene-core-2.3.3.4+dfsg=. -fstack-protector-strong -Wformat -Werror=format-security -Wdate-time -D_FORTIFY_SOURCE=2 -Wl,-z,relro -shared -Wl,-soname,libclucene-shared.so.1 -o ../../bin/libclucene-shared.so.2.3.3.4 CMakeFiles/clucene-shared.dir/CLucene/SharedHeader.o CMakeFiles/clucene-shared.dir/CLucene/config/gunichartables.o CMakeFiles/clucene-shared.dir/CLucene/config/repl_tcslwr.o CMakeFiles/clucene-shared.dir/CLucene/config/repl_tcstoll.o CMakeFiles/clucene-shared.dir/CLucene/config/repl_tcscasecmp.o CMakeFiles/clucene-shared.dir/CLucene/config/repl_tprintf.o CMakeFiles/clucene-shared.dir/CLucene/config/repl_lltot.o CMakeFiles/clucene-shared.dir/CLucene/config/repl_tcstod.o CMakeFiles/clucene-shared.dir/CLucene/config/utf8.o CMakeFiles/clucene-shared.dir/CLucene/config/threads.o CMakeFiles/clucene-shared.dir/CLucene/debug/condition.o CMakeFiles/clucene-shared.dir/CLucene/util/StringBuffer.o CMakeFiles/clucene-shared.dir/CLucene/util/Misc.o CMakeFiles/clucene-shared.dir/CLucene/util/dirent.o -lpthread -lz 
make[3]: Leaving directory '/<<BUILDDIR>>/clucene-core-2.3.3.4+dfsg/obj-x86_64-linux-gnu'
make[3]: Entering directory '/<<BUILDDIR>>/clucene-core-2.3.3.4+dfsg/obj-x86_64-linux-gnu'
cd /<<BUILDDIR>>/clucene-core-2.3.3.4+dfsg/obj-x86_64-linux-gnu/src/shared && /usr/bin/cmake -E cmake_symlink_library ../../bin/libclucene-shared.so.2.3.3.4 ../../bin/libclucene-shared.so.1 ../../bin/libclucene-shared.so
make[3]: Leaving directory '/<<BUILDDIR>>/clucene-core-2.3.3.4+dfsg/obj-x86_64-linux-gnu'
make[2]: Entering directory '/<<BUILDDIR>>/clucene-core-2.3.3.4+dfsg/obj-x86_64-linux-gnu'
[  7%] Built target clucene-shared
make[2]: Leaving directory '/<<BUILDDIR>>/clucene-core-2.3.3.4+dfsg/obj-x86_64-linux-gnu'
make -f src/core/CMakeFiles/clucene-core.dir/build.make src/core/CMakeFiles/clucene-core.dir/depend
make[3]: Entering directory '/<<BUILDDIR>>/clucene-core-2.3.3.4+dfsg/obj-x86_64-linux-gnu'
cd /<<BUILDDIR>>/clucene-core-2.3.3.4+dfsg/obj-x86_64-linux-gnu && /usr/bin/cmake -E cmake_depends "Unix Makefiles" /<<BUILDDIR>>/clucene-core-2.3.3.4+dfsg /<<BUILDDIR>>/clucene-core-2.3.3.4+dfsg/src/core /<<BUILDDIR>>/clucene-core-2.3.3.4+dfsg/obj-x86_64-linux-gnu /<<BUILDDIR>>/clucene-core-2.3.3.4+dfsg/obj-x86_64-linux-gnu/src/core /<<BUILDDIR>>/clucene-core-2.3.3.4+dfsg/obj-x86_64-linux-gnu/src/core/CMakeFiles/clucene-core.dir/DependInfo.cmake --color=
Scanning dependencies of target clucene-core
make[3]: Leaving directory '/<<BUILDDIR>>/clucene-core-2.3.3.4+dfsg/obj-x86_64-linux-gnu'
make -f src/core/CMakeFiles/clucene-core.dir/build.make src/core/CMakeFiles/clucene-core.dir/build
make[3]: Entering directory '/<<BUILDDIR>>/clucene-core-2.3.3.4+dfsg/obj-x86_64-linux-gnu'
[  8%] Building CXX object src/core/CMakeFiles/clucene-core.dir/CLucene/util/ThreadLocal.o
make[3]: Leaving directory '/<<BUILDDIR>>/clucene-core-2.3.3.4+dfsg/obj-x86_64-linux-gnu'
make[3]: Entering directory '/<<BUILDDIR>>/clucene-core-2.3.3.4+dfsg/obj-x86_64-linux-gnu'
[  8%] Building CXX object src/core/CMakeFiles/clucene-core.dir/CLucene/StdHeader.o
make[3]: Leaving directory '/<<BUILDDIR>>/clucene-core-2.3.3.4+dfsg/obj-x86_64-linux-gnu'
make[3]: Entering directory '/<<BUILDDIR>>/clucene-core-2.3.3.4+dfsg/obj-x86_64-linux-gnu'
[  8%] Building CXX object src/core/CMakeFiles/clucene-core.dir/CLucene/debug/error.o
make[3]: Leaving directory '/<<BUILDDIR>>/clucene-core-2.3.3.4+dfsg/obj-x86_64-linux-gnu'
make[3]: Entering directory '/<<BUILDDIR>>/clucene-core-2.3.3.4+dfsg/obj-x86_64-linux-gnu'
[  8%] Building CXX object src/core/CMakeFiles/clucene-core.dir/CLucene/util/FastCharStream.o
make[3]: Leaving directory '/<<BUILDDIR>>/clucene-core-2.3.3.4+dfsg/obj-x86_64-linux-gnu'
make[3]: Entering directory '/<<BUILDDIR>>/clucene-core-2.3.3.4+dfsg/obj-x86_64-linux-gnu'
[ 10%] Building CXX object src/core/CMakeFiles/clucene-core.dir/CLucene/util/Equators.o
make[3]: Leaving directory '/<<BUILDDIR>>/clucene-core-2.3.3.4+dfsg/obj-x86_64-linux-gnu'
make[3]: Entering directory '/<<BUILDDIR>>/clucene-core-2.3.3.4+dfsg/obj-x86_64-linux-gnu'
[ 11%] Building CXX object src/core/CMakeFiles/clucene-core.dir/CLucene/util/StringIntern.o
make[3]: Leaving directory '/<<BUILDDIR>>/clucene-core-2.3.3.4+dfsg/obj-x86_64-linux-gnu'
make[3]: Entering directory '/<<BUILDDIR>>/clucene-core-2.3.3.4+dfsg/obj-x86_64-linux-gnu'
[ 11%] Building CXX object src/core/CMakeFiles/clucene-core.dir/CLucene/util/Reader.o
make[3]: Leaving directory '/<<BUILDDIR>>/clucene-core-2.3.3.4+dfsg/obj-x86_64-linux-gnu'
make[3]: Entering directory '/<<BUILDDIR>>/clucene-core-2.3.3.4+dfsg/obj-x86_64-linux-gnu'
[ 11%] Building CXX object src/core/CMakeFiles/clucene-core.dir/CLucene/util/MD5Digester.o
make[3]: Leaving directory '/<<BUILDDIR>>/clucene-core-2.3.3.4+dfsg/obj-x86_64-linux-gnu'
make[3]: Entering directory '/<<BUILDDIR>>/clucene-core-2.3.3.4+dfsg/obj-x86_64-linux-gnu'
cd /<<BUILDDIR>>/clucene-core-2.3.3.4+dfsg/obj-x86_64-linux-gnu/src/core && /usr/bin/c++  -DMAKE_CLUCENE_CORE_LIB -Dclucene_core_EXPORTS -I/<<BUILDDIR>>/clucene-core-2.3.3.4+dfsg/src/shared -I/<<BUILDDIR>>/clucene-core-2.3.3.4+dfsg/obj-x86_64-linux-gnu/src/shared -I/<<BUILDDIR>>/clucene-core-2.3.3.4+dfsg/src/core  -g -O2 -fdebug-prefix-map=/<<BUILDDIR>>/clucene-core-2.3.3.4+dfsg=. -fstack-protector-strong -Wformat -Werror=format-security -Wdate-time -D_FORTIFY_SOURCE=2 -fPIC    -D_REENTRANT -D_UCS2 -D_UNICODE -o CMakeFiles/clucene-core.dir/CLucene/debug/error.o -c /<<BUILDDIR>>/clucene-core-2.3.3.4+dfsg/src/core/CLucene/debug/error.cpp
make[3]: Leaving directory '/<<BUILDDIR>>/clucene-core-2.3.3.4+dfsg/obj-x86_64-linux-gnu'
make[3]: Entering directory '/<<BUILDDIR>>/clucene-core-2.3.3.4+dfsg/obj-x86_64-linux-gnu'
[ 11%] Building CXX object src/core/CMakeFiles/clucene-core.dir/CLucene/util/BitSet.o
make[3]: Leaving directory '/<<BUILDDIR>>/clucene-core-2.3.3.4+dfsg/obj-x86_64-linux-gnu'
make[3]: Entering directory '/<<BUILDDIR>>/clucene-core-2.3.3.4+dfsg/obj-x86_64-linux-gnu'
cd /<<BUILDDIR>>/clucene-core-2.3.3.4+dfsg/obj-x86_64-linux-gnu/src/core && /usr/bin/c++  -DMAKE_CLUCENE_CORE_LIB -Dclucene_core_EXPORTS -I/<<BUILDDIR>>/clucene-core-2.3.3.4+dfsg/src/shared -I/<<BUILDDIR>>/clucene-core-2.3.3.4+dfsg/obj-x86_64-linux-gnu/src/shared -I/<<BUILDDIR>>/clucene-core-2.3.3.4+dfsg/src/core  -g -O2 -fdebug-prefix-map=/<<BUILDDIR>>/clucene-core-2.3.3.4+dfsg=. -fstack-protector-strong -Wformat -Werror=format-security -Wdate-time -D_FORTIFY_SOURCE=2 -fPIC    -D_REENTRANT -D_UCS2 -D_UNICODE -o CMakeFiles/clucene-core.dir/CLucene/util/FastCharStream.o -c /<<BUILDDIR>>/clucene-core-2.3.3.4+dfsg/src/core/CLucene/util/FastCharStream.cpp
make[3]: Leaving directory '/<<BUILDDIR>>/clucene-core-2.3.3.4+dfsg/obj-x86_64-linux-gnu'
make[3]: Entering directory '/<<BUILDDIR>>/clucene-core-2.3.3.4+dfsg/obj-x86_64-linux-gnu'
[ 13%] Building CXX object src/core/CMakeFiles/clucene-core.dir/CLucene/queryParser/FastCharStream.o
make[3]: Leaving directory '/<<BUILDDIR>>/clucene-core-2.3.3.4+dfsg/obj-x86_64-linux-gnu'
make[3]: Entering directory '/<<BUILDDIR>>/clucene-core-2.3.3.4+dfsg/obj-x86_64-linux-gnu'
cd /<<BUILDDIR>>/clucene-core-2.3.3.4+dfsg/obj-x86_64-linux-gnu/src/core && /usr/bin/c++  -DMAKE_CLUCENE_CORE_LIB -Dclucene_core_EXPORTS -I/<<BUILDDIR>>/clucene-core-2.3.3.4+dfsg/src/shared -I/<<BUILDDIR>>/clucene-core-2.3.3.4+dfsg/obj-x86_64-linux-gnu/src/shared -I/<<BUILDDIR>>/clucene-core-2.3.3.4+dfsg/src/core  -g -O2 -fdebug-prefix-map=/<<BUILDDIR>>/clucene-core-2.3.3.4+dfsg=. -fstack-protector-strong -Wformat -Werror=format-security -Wdate-time -D_FORTIFY_SOURCE=2 -fPIC    -D_REENTRANT -D_UCS2 -D_UNICODE -o CMakeFiles/clucene-core.dir/CLucene/StdHeader.o -c /<<BUILDDIR>>/clucene-core-2.3.3.4+dfsg/src/core/CLucene/StdHeader.cpp
make[3]: Leaving directory '/<<BUILDDIR>>/clucene-core-2.3.3.4+dfsg/obj-x86_64-linux-gnu'
make[3]: Entering directory '/<<BUILDDIR>>/clucene-core-2.3.3.4+dfsg/obj-x86_64-linux-gnu'
[ 13%] Building CXX object src/core/CMakeFiles/clucene-core.dir/CLucene/queryParser/MultiFieldQueryParser.o
make[3]: Leaving directory '/<<BUILDDIR>>/clucene-core-2.3.3.4+dfsg/obj-x86_64-linux-gnu'
make[3]: Entering directory '/<<BUILDDIR>>/clucene-core-2.3.3.4+dfsg/obj-x86_64-linux-gnu'
cd /<<BUILDDIR>>/clucene-core-2.3.3.4+dfsg/obj-x86_64-linux-gnu/src/core && /usr/bin/c++  -DMAKE_CLUCENE_CORE_LIB -Dclucene_core_EXPORTS -I/<<BUILDDIR>>/clucene-core-2.3.3.4+dfsg/src/shared -I/<<BUILDDIR>>/clucene-core-2.3.3.4+dfsg/obj-x86_64-linux-gnu/src/shared -I/<<BUILDDIR>>/clucene-core-2.3.3.4+dfsg/src/core  -g -O2 -fdebug-prefix-map=/<<BUILDDIR>>/clucene-core-2.3.3.4+dfsg=. -fstack-protector-strong -Wformat -Werror=format-security -Wdate-time -D_FORTIFY_SOURCE=2 -fPIC    -D_REENTRANT -D_UCS2 -D_UNICODE -o CMakeFiles/clucene-core.dir/CLucene/util/Equators.o -c /<<BUILDDIR>>/clucene-core-2.3.3.4+dfsg/src/core/CLucene/util/Equators.cpp
make[3]: Leaving directory '/<<BUILDDIR>>/clucene-core-2.3.3.4+dfsg/obj-x86_64-linux-gnu'
make[3]: Entering directory '/<<BUILDDIR>>/clucene-core-2.3.3.4+dfsg/obj-x86_64-linux-gnu'
[ 13%] Building CXX object src/core/CMakeFiles/clucene-core.dir/CLucene/queryParser/QueryParser.o
make[3]: Leaving directory '/<<BUILDDIR>>/clucene-core-2.3.3.4+dfsg/obj-x86_64-linux-gnu'
make[3]: Entering directory '/<<BUILDDIR>>/clucene-core-2.3.3.4+dfsg/obj-x86_64-linux-gnu'
cd /<<BUILDDIR>>/clucene-core-2.3.3.4+dfsg/obj-x86_64-linux-gnu/src/core && /usr/bin/c++  -DMAKE_CLUCENE_CORE_LIB -Dclucene_core_EXPORTS -I/<<BUILDDIR>>/clucene-core-2.3.3.4+dfsg/src/shared -I/<<BUILDDIR>>/clucene-core-2.3.3.4+dfsg/obj-x86_64-linux-gnu/src/shared -I/<<BUILDDIR>>/clucene-core-2.3.3.4+dfsg/src/core  -g -O2 -fdebug-prefix-map=/<<BUILDDIR>>/clucene-core-2.3.3.4+dfsg=. -fstack-protector-strong -Wformat -Werror=format-security -Wdate-time -D_FORTIFY_SOURCE=2 -fPIC    -D_REENTRANT -D_UCS2 -D_UNICODE -o CMakeFiles/clucene-core.dir/CLucene/util/MD5Digester.o -c /<<BUILDDIR>>/clucene-core-2.3.3.4+dfsg/src/core/CLucene/util/MD5Digester.cpp
/<<BUILDDIR>>/clucene-core-2.3.3.4+dfsg/src/core/CLucene/util/MD5Digester.cpp:85:29: warning: size argument in 'strncat' call appears to be size of the source [-Wstrncat-size]
                strncat(chBuffer, chEach, sizeof(chEach));
                                          ^~~~~~~~~~~~~~
/<<BUILDDIR>>/clucene-core-2.3.3.4+dfsg/src/core/CLucene/util/MD5Digester.cpp:85:29: note: change the argument to be the free space in the destination buffer minus the terminating null byte
                strncat(chBuffer, chEach, sizeof(chEach));
                                          ^~~~~~~~~~~~~~
                                          sizeof(chBuffer) - strlen(chBuffer) - 1
1 warning generated.
make[3]: Leaving directory '/<<BUILDDIR>>/clucene-core-2.3.3.4+dfsg/obj-x86_64-linux-gnu'
make[3]: Entering directory '/<<BUILDDIR>>/clucene-core-2.3.3.4+dfsg/obj-x86_64-linux-gnu'
[ 14%] Building CXX object src/core/CMakeFiles/clucene-core.dir/CLucene/queryParser/QueryParserTokenManager.o
make[3]: Leaving directory '/<<BUILDDIR>>/clucene-core-2.3.3.4+dfsg/obj-x86_64-linux-gnu'
make[3]: Entering directory '/<<BUILDDIR>>/clucene-core-2.3.3.4+dfsg/obj-x86_64-linux-gnu'
cd /<<BUILDDIR>>/clucene-core-2.3.3.4+dfsg/obj-x86_64-linux-gnu/src/core && /usr/bin/c++  -DMAKE_CLUCENE_CORE_LIB -Dclucene_core_EXPORTS -I/<<BUILDDIR>>/clucene-core-2.3.3.4+dfsg/src/shared -I/<<BUILDDIR>>/clucene-core-2.3.3.4+dfsg/obj-x86_64-linux-gnu/src/shared -I/<<BUILDDIR>>/clucene-core-2.3.3.4+dfsg/src/core  -g -O2 -fdebug-prefix-map=/<<BUILDDIR>>/clucene-core-2.3.3.4+dfsg=. -fstack-protector-strong -Wformat -Werror=format-security -Wdate-time -D_FORTIFY_SOURCE=2 -fPIC    -D_REENTRANT -D_UCS2 -D_UNICODE -o CMakeFiles/clucene-core.dir/CLucene/util/StringIntern.o -c /<<BUILDDIR>>/clucene-core-2.3.3.4+dfsg/src/core/CLucene/util/StringIntern.cpp
make[3]: Leaving directory '/<<BUILDDIR>>/clucene-core-2.3.3.4+dfsg/obj-x86_64-linux-gnu'
make[3]: Entering directory '/<<BUILDDIR>>/clucene-core-2.3.3.4+dfsg/obj-x86_64-linux-gnu'
cd /<<BUILDDIR>>/clucene-core-2.3.3.4+dfsg/obj-x86_64-linux-gnu/src/core && /usr/bin/c++  -DMAKE_CLUCENE_CORE_LIB -Dclucene_core_EXPORTS -I/<<BUILDDIR>>/clucene-core-2.3.3.4+dfsg/src/shared -I/<<BUILDDIR>>/clucene-core-2.3.3.4+dfsg/obj-x86_64-linux-gnu/src/shared -I/<<BUILDDIR>>/clucene-core-2.3.3.4+dfsg/src/core  -g -O2 -fdebug-prefix-map=/<<BUILDDIR>>/clucene-core-2.3.3.4+dfsg=. -fstack-protector-strong -Wformat -Werror=format-security -Wdate-time -D_FORTIFY_SOURCE=2 -fPIC    -D_REENTRANT -D_UCS2 -D_UNICODE -o CMakeFiles/clucene-core.dir/CLucene/util/BitSet.o -c /<<BUILDDIR>>/clucene-core-2.3.3.4+dfsg/src/core/CLucene/util/BitSet.cpp
make[3]: Leaving directory '/<<BUILDDIR>>/clucene-core-2.3.3.4+dfsg/obj-x86_64-linux-gnu'
make[3]: Entering directory '/<<BUILDDIR>>/clucene-core-2.3.3.4+dfsg/obj-x86_64-linux-gnu'
[ 14%] Building CXX object src/core/CMakeFiles/clucene-core.dir/CLucene/queryParser/QueryToken.o
make[3]: Leaving directory '/<<BUILDDIR>>/clucene-core-2.3.3.4+dfsg/obj-x86_64-linux-gnu'
make[3]: Entering directory '/<<BUILDDIR>>/clucene-core-2.3.3.4+dfsg/obj-x86_64-linux-gnu'
[ 14%] Building CXX object src/core/CMakeFiles/clucene-core.dir/CLucene/queryParser/legacy/Lexer.o
make[3]: Leaving directory '/<<BUILDDIR>>/clucene-core-2.3.3.4+dfsg/obj-x86_64-linux-gnu'
make[3]: Entering directory '/<<BUILDDIR>>/clucene-core-2.3.3.4+dfsg/obj-x86_64-linux-gnu'
cd /<<BUILDDIR>>/clucene-core-2.3.3.4+dfsg/obj-x86_64-linux-gnu/src/core && /usr/bin/c++  -DMAKE_CLUCENE_CORE_LIB -Dclucene_core_EXPORTS -I/<<BUILDDIR>>/clucene-core-2.3.3.4+dfsg/src/shared -I/<<BUILDDIR>>/clucene-core-2.3.3.4+dfsg/obj-x86_64-linux-gnu/src/shared -I/<<BUILDDIR>>/clucene-core-2.3.3.4+dfsg/src/core  -g -O2 -fdebug-prefix-map=/<<BUILDDIR>>/clucene-core-2.3.3.4+dfsg=. -fstack-protector-strong -Wformat -Werror=format-security -Wdate-time -D_FORTIFY_SOURCE=2 -fPIC    -D_REENTRANT -D_UCS2 -D_UNICODE -o CMakeFiles/clucene-core.dir/CLucene/util/Reader.o -c /<<BUILDDIR>>/clucene-core-2.3.3.4+dfsg/src/core/CLucene/util/Reader.cpp
/<<BUILDDIR>>/clucene-core-2.3.3.4+dfsg/src/core/CLucene/util/Reader.cpp:208:6: warning: '~JStreamsBuffer' has a non-throwing exception specification but can still throw [-Wexceptions]
                                        _CLTHROWA(CL_ERR_IO, "File IO Close error");
                                        ^
/<<BUILDDIR>>/clucene-core-2.3.3.4+dfsg/src/core/CLucene/debug/error.h:94:33: note: expanded from macro '_CLTHROWA'
 #define _CLTHROWA(number, str) throw CLuceneError(number, str,false)
                                ^
/<<BUILDDIR>>/clucene-core-2.3.3.4+dfsg/src/core/CLucene/util/Reader.cpp:205:3: note: destructor has a implicit non-throwing exception specification
                ~JStreamsBuffer(){
                ^
1 warning generated.
make[3]: Leaving directory '/<<BUILDDIR>>/clucene-core-2.3.3.4+dfsg/obj-x86_64-linux-gnu'
make[3]: Entering directory '/<<BUILDDIR>>/clucene-core-2.3.3.4+dfsg/obj-x86_64-linux-gnu'
[ 15%] Building CXX object src/core/CMakeFiles/clucene-core.dir/CLucene/queryParser/legacy/MultiFieldQueryParser.o
make[3]: Leaving directory '/<<BUILDDIR>>/clucene-core-2.3.3.4+dfsg/obj-x86_64-linux-gnu'
make[3]: Entering directory '/<<BUILDDIR>>/clucene-core-2.3.3.4+dfsg/obj-x86_64-linux-gnu'
cd /<<BUILDDIR>>/clucene-core-2.3.3.4+dfsg/obj-x86_64-linux-gnu/src/core && /usr/bin/c++  -DMAKE_CLUCENE_CORE_LIB -Dclucene_core_EXPORTS -I/<<BUILDDIR>>/clucene-core-2.3.3.4+dfsg/src/shared -I/<<BUILDDIR>>/clucene-core-2.3.3.4+dfsg/obj-x86_64-linux-gnu/src/shared -I/<<BUILDDIR>>/clucene-core-2.3.3.4+dfsg/src/core  -g -O2 -fdebug-prefix-map=/<<BUILDDIR>>/clucene-core-2.3.3.4+dfsg=. -fstack-protector-strong -Wformat -Werror=format-security -Wdate-time -D_FORTIFY_SOURCE=2 -fPIC    -D_REENTRANT -D_UCS2 -D_UNICODE -o CMakeFiles/clucene-core.dir/CLucene/queryParser/FastCharStream.o -c /<<BUILDDIR>>/clucene-core-2.3.3.4+dfsg/src/core/CLucene/queryParser/FastCharStream.cpp
make[3]: Leaving directory '/<<BUILDDIR>>/clucene-core-2.3.3.4+dfsg/obj-x86_64-linux-gnu'
make[3]: Entering directory '/<<BUILDDIR>>/clucene-core-2.3.3.4+dfsg/obj-x86_64-linux-gnu'
[ 15%] Building CXX object src/core/CMakeFiles/clucene-core.dir/CLucene/queryParser/legacy/QueryParser.o
make[3]: Leaving directory '/<<BUILDDIR>>/clucene-core-2.3.3.4+dfsg/obj-x86_64-linux-gnu'
make[3]: Entering directory '/<<BUILDDIR>>/clucene-core-2.3.3.4+dfsg/obj-x86_64-linux-gnu'
cd /<<BUILDDIR>>/clucene-core-2.3.3.4+dfsg/obj-x86_64-linux-gnu/src/core && /usr/bin/c++  -DMAKE_CLUCENE_CORE_LIB -Dclucene_core_EXPORTS -I/<<BUILDDIR>>/clucene-core-2.3.3.4+dfsg/src/shared -I/<<BUILDDIR>>/clucene-core-2.3.3.4+dfsg/obj-x86_64-linux-gnu/src/shared -I/<<BUILDDIR>>/clucene-core-2.3.3.4+dfsg/src/core  -g -O2 -fdebug-prefix-map=/<<BUILDDIR>>/clucene-core-2.3.3.4+dfsg=. -fstack-protector-strong -Wformat -Werror=format-security -Wdate-time -D_FORTIFY_SOURCE=2 -fPIC    -D_REENTRANT -D_UCS2 -D_UNICODE -o CMakeFiles/clucene-core.dir/CLucene/util/ThreadLocal.o -c /<<BUILDDIR>>/clucene-core-2.3.3.4+dfsg/src/core/CLucene/util/ThreadLocal.cpp
make[3]: Leaving directory '/<<BUILDDIR>>/clucene-core-2.3.3.4+dfsg/obj-x86_64-linux-gnu'
make[3]: Entering directory '/<<BUILDDIR>>/clucene-core-2.3.3.4+dfsg/obj-x86_64-linux-gnu'
[ 15%] Building CXX object src/core/CMakeFiles/clucene-core.dir/CLucene/queryParser/legacy/QueryParserBase.o
make[3]: Leaving directory '/<<BUILDDIR>>/clucene-core-2.3.3.4+dfsg/obj-x86_64-linux-gnu'
make[3]: Entering directory '/<<BUILDDIR>>/clucene-core-2.3.3.4+dfsg/obj-x86_64-linux-gnu'
cd /<<BUILDDIR>>/clucene-core-2.3.3.4+dfsg/obj-x86_64-linux-gnu/src/core && /usr/bin/c++  -DMAKE_CLUCENE_CORE_LIB -Dclucene_core_EXPORTS -I/<<BUILDDIR>>/clucene-core-2.3.3.4+dfsg/src/shared -I/<<BUILDDIR>>/clucene-core-2.3.3.4+dfsg/obj-x86_64-linux-gnu/src/shared -I/<<BUILDDIR>>/clucene-core-2.3.3.4+dfsg/src/core  -g -O2 -fdebug-prefix-map=/<<BUILDDIR>>/clucene-core-2.3.3.4+dfsg=. -fstack-protector-strong -Wformat -Werror=format-security -Wdate-time -D_FORTIFY_SOURCE=2 -fPIC    -D_REENTRANT -D_UCS2 -D_UNICODE -o CMakeFiles/clucene-core.dir/CLucene/queryParser/QueryParser.o -c /<<BUILDDIR>>/clucene-core-2.3.3.4+dfsg/src/core/CLucene/queryParser/QueryParser.cpp
/<<BUILDDIR>>/clucene-core-2.3.3.4+dfsg/src/core/CLucene/queryParser/QueryParser.cpp:82:176: error: constant expression evaluates to 2147483648 which cannot be narrowed to type 'int32_t' (aka 'int') [-Wc++11-narrowing]
const int32_t QueryParser::jj_la1_0[] = {0x180,0x180,0xe00,0xe00,0x1f69f80,0x48000,0x10000,0x1f69000,0x1348000,0x80000,0x80000,0x10000,0x18000000,0x2000000,0x18000000,0x10000,0x80000000,0x20000000,0x80000000,0x10000,0x80000,0x10000,0x1f68000};
                                                                                                                                                                               ^~~~~~~~~~
/<<BUILDDIR>>/clucene-core-2.3.3.4+dfsg/src/core/CLucene/queryParser/QueryParser.cpp:82:176: note: insert an explicit cast to silence this issue
const int32_t QueryParser::jj_la1_0[] = {0x180,0x180,0xe00,0xe00,0x1f69f80,0x48000,0x10000,0x1f69000,0x1348000,0x80000,0x80000,0x10000,0x18000000,0x2000000,0x18000000,0x10000,0x80000000,0x20000000,0x80000000,0x10000,0x80000,0x10000,0x1f68000};
                                                                                                                                                                               ^~~~~~~~~~
                                                                                                                                                                               static_cast<int32_t>( )
/<<BUILDDIR>>/clucene-core-2.3.3.4+dfsg/src/core/CLucene/queryParser/QueryParser.cpp:82:198: error: constant expression evaluates to 2147483648 which cannot be narrowed to type 'int32_t' (aka 'int') [-Wc++11-narrowing]
const int32_t QueryParser::jj_la1_0[] = {0x180,0x180,0xe00,0xe00,0x1f69f80,0x48000,0x10000,0x1f69000,0x1348000,0x80000,0x80000,0x10000,0x18000000,0x2000000,0x18000000,0x10000,0x80000000,0x20000000,0x80000000,0x10000,0x80000,0x10000,0x1f68000};
                                                                                                                                                                                                     ^~~~~~~~~~
/<<BUILDDIR>>/clucene-core-2.3.3.4+dfsg/src/core/CLucene/queryParser/QueryParser.cpp:82:198: note: insert an explicit cast to silence this issue
const int32_t QueryParser::jj_la1_0[] = {0x180,0x180,0xe00,0xe00,0x1f69f80,0x48000,0x10000,0x1f69000,0x1348000,0x80000,0x80000,0x10000,0x18000000,0x2000000,0x18000000,0x10000,0x80000000,0x20000000,0x80000000,0x10000,0x80000,0x10000,0x1f68000};
                                                                                                                                                                                                     ^~~~~~~~~~
                                                                                                                                                                                                     static_cast<int32_t>( )
2 errors generated.
make[3]: *** [src/core/CMakeFiles/clucene-core.dir/build.make:209: src/core/CMakeFiles/clucene-core.dir/CLucene/queryParser/QueryParser.o] Error 1
make[3]: Leaving directory '/<<BUILDDIR>>/clucene-core-2.3.3.4+dfsg/obj-x86_64-linux-gnu'
make[3]: *** Waiting for unfinished jobs....
make[3]: Entering directory '/<<BUILDDIR>>/clucene-core-2.3.3.4+dfsg/obj-x86_64-linux-gnu'
cd /<<BUILDDIR>>/clucene-core-2.3.3.4+dfsg/obj-x86_64-linux-gnu/src/core && /usr/bin/c++  -DMAKE_CLUCENE_CORE_LIB -Dclucene_core_EXPORTS -I/<<BUILDDIR>>/clucene-core-2.3.3.4+dfsg/src/shared -I/<<BUILDDIR>>/clucene-core-2.3.3.4+dfsg/obj-x86_64-linux-gnu/src/shared -I/<<BUILDDIR>>/clucene-core-2.3.3.4+dfsg/src/core  -g -O2 -fdebug-prefix-map=/<<BUILDDIR>>/clucene-core-2.3.3.4+dfsg=. -fstack-protector-strong -Wformat -Werror=format-security -Wdate-time -D_FORTIFY_SOURCE=2 -fPIC    -D_REENTRANT -D_UCS2 -D_UNICODE -o CMakeFiles/clucene-core.dir/CLucene/queryParser/QueryParserTokenManager.o -c /<<BUILDDIR>>/clucene-core-2.3.3.4+dfsg/src/core/CLucene/queryParser/QueryParserTokenManager.cpp
/<<BUILDDIR>>/clucene-core-2.3.3.4+dfsg/src/core/CLucene/queryParser/QueryParserTokenManager.cpp:18:65: error: constant expression evaluates to 18446744073709551615 which cannot be narrowed to type 'int64_t' (aka 'long') [-Wc++11-narrowing]
const int64_t QueryParserTokenManager::jjbitVec2[]={0x0L, 0x0L, _ILONGLONG(0xffffffffffffffff), _ILONGLONG(0xffffffffffffffff)};
                                                                ^~~~~~~~~~~~~~~~~~~~~~~~~~~~~~
/<<BUILDDIR>>/clucene-core-2.3.3.4+dfsg/obj-x86_64-linux-gnu/src/shared/CLucene/_clucene-config.h:57:23: note: expanded from macro '_ILONGLONG'
#define _ILONGLONG(x) x ## LL
                      ^~~~~~~
<scratch space>:12:1: note: expanded from here
0xffffffffffffffffLL
^~~~~~~~~~~~~~~~~~~~
/<<BUILDDIR>>/clucene-core-2.3.3.4+dfsg/src/core/CLucene/queryParser/QueryParserTokenManager.cpp:18:65: note: insert an explicit cast to silence this issue
const int64_t QueryParserTokenManager::jjbitVec2[]={0x0L, 0x0L, _ILONGLONG(0xffffffffffffffff), _ILONGLONG(0xffffffffffffffff)};
                                                                ^~~~~~~~~~~~~~~~~~~~~~~~~~~~~~
                                                                static_cast<int64_t>(         )
/<<BUILDDIR>>/clucene-core-2.3.3.4+dfsg/obj-x86_64-linux-gnu/src/shared/CLucene/_clucene-config.h:57:23: note: expanded from macro '_ILONGLONG'
#define _ILONGLONG(x) x ## LL
                      ^~~~~~~
<scratch space>:12:1: note: expanded from here
0xffffffffffffffffLL
^~~~~~~~~~~~~~~~~~~~
/<<BUILDDIR>>/clucene-core-2.3.3.4+dfsg/src/core/CLucene/queryParser/QueryParserTokenManager.cpp:18:97: error: constant expression evaluates to 18446744073709551615 which cannot be narrowed to type 'int64_t' (aka 'long') [-Wc++11-narrowing]
const int64_t QueryParserTokenManager::jjbitVec2[]={0x0L, 0x0L, _ILONGLONG(0xffffffffffffffff), _ILONGLONG(0xffffffffffffffff)};
                                                                                                ^~~~~~~~~~~~~~~~~~~~~~~~~~~~~~
/<<BUILDDIR>>/clucene-core-2.3.3.4+dfsg/obj-x86_64-linux-gnu/src/shared/CLucene/_clucene-config.h:57:23: note: expanded from macro '_ILONGLONG'
#define _ILONGLONG(x) x ## LL
                      ^~~~~~~
<scratch space>:13:1: note: expanded from here
0xffffffffffffffffLL
^~~~~~~~~~~~~~~~~~~~
/<<BUILDDIR>>/clucene-core-2.3.3.4+dfsg/src/core/CLucene/queryParser/QueryParserTokenManager.cpp:18:97: note: insert an explicit cast to silence this issue
const int64_t QueryParserTokenManager::jjbitVec2[]={0x0L, 0x0L, _ILONGLONG(0xffffffffffffffff), _ILONGLONG(0xffffffffffffffff)};
                                                                                                ^~~~~~~~~~~~~~~~~~~~~~~~~~~~~~
                                                                                                static_cast<int64_t>(         )
/<<BUILDDIR>>/clucene-core-2.3.3.4+dfsg/obj-x86_64-linux-gnu/src/shared/CLucene/_clucene-config.h:57:23: note: expanded from macro '_ILONGLONG'
#define _ILONGLONG(x) x ## LL
                      ^~~~~~~
<scratch space>:13:1: note: expanded from here
0xffffffffffffffffLL
^~~~~~~~~~~~~~~~~~~~
/<<BUILDDIR>>/clucene-core-2.3.3.4+dfsg/src/core/CLucene/queryParser/QueryParserTokenManager.cpp:20:2: error: constant expression evaluates to 18446744073709551614 which cannot be narrowed to type 'int64_t' (aka 'long') [-Wc++11-narrowing]
        _ILONGLONG(0xfffffffffffffffe), _ILONGLONG(0xffffffffffffffff), _ILONGLONG(0xffffffffffffffff), _ILONGLONG(0xffffffffffffffff)
        ^~~~~~~~~~~~~~~~~~~~~~~~~~~~~~
/<<BUILDDIR>>/clucene-core-2.3.3.4+dfsg/obj-x86_64-linux-gnu/src/shared/CLucene/_clucene-config.h:57:23: note: expanded from macro '_ILONGLONG'
#define _ILONGLONG(x) x ## LL
                      ^~~~~~~
<scratch space>:14:1: note: expanded from here
0xfffffffffffffffeLL
^~~~~~~~~~~~~~~~~~~~
/<<BUILDDIR>>/clucene-core-2.3.3.4+dfsg/src/core/CLucene/queryParser/QueryParserTokenManager.cpp:20:2: note: insert an explicit cast to silence this issue
        _ILONGLONG(0xfffffffffffffffe), _ILONGLONG(0xffffffffffffffff), _ILONGLONG(0xffffffffffffffff), _ILONGLONG(0xffffffffffffffff)
        ^~~~~~~~~~~~~~~~~~~~~~~~~~~~~~
        static_cast<int64_t>(         )
/<<BUILDDIR>>/clucene-core-2.3.3.4+dfsg/obj-x86_64-linux-gnu/src/shared/CLucene/_clucene-config.h:57:23: note: expanded from macro '_ILONGLONG'
#define _ILONGLONG(x) x ## LL
                      ^~~~~~~
<scratch space>:14:1: note: expanded from here
0xfffffffffffffffeLL
^~~~~~~~~~~~~~~~~~~~
/<<BUILDDIR>>/clucene-core-2.3.3.4+dfsg/src/core/CLucene/queryParser/QueryParserTokenManager.cpp:20:34: error: constant expression evaluates to 18446744073709551615 which cannot be narrowed to type 'int64_t' (aka 'long') [-Wc++11-narrowing]
        _ILONGLONG(0xfffffffffffffffe), _ILONGLONG(0xffffffffffffffff), _ILONGLONG(0xffffffffffffffff), _ILONGLONG(0xffffffffffffffff)
                                        ^~~~~~~~~~~~~~~~~~~~~~~~~~~~~~
/<<BUILDDIR>>/clucene-core-2.3.3.4+dfsg/obj-x86_64-linux-gnu/src/shared/CLucene/_clucene-config.h:57:23: note: expanded from macro '_ILONGLONG'
#define _ILONGLONG(x) x ## LL
                      ^~~~~~~
<scratch space>:15:1: note: expanded from here
0xffffffffffffffffLL
^~~~~~~~~~~~~~~~~~~~
/<<BUILDDIR>>/clucene-core-2.3.3.4+dfsg/src/core/CLucene/queryParser/QueryParserTokenManager.cpp:20:34: note: insert an explicit cast to silence this issue
        _ILONGLONG(0xfffffffffffffffe), _ILONGLONG(0xffffffffffffffff), _ILONGLONG(0xffffffffffffffff), _ILONGLONG(0xffffffffffffffff)
                                        ^~~~~~~~~~~~~~~~~~~~~~~~~~~~~~
                                        static_cast<int64_t>(         )
/<<BUILDDIR>>/clucene-core-2.3.3.4+dfsg/obj-x86_64-linux-gnu/src/shared/CLucene/_clucene-config.h:57:23: note: expanded from macro '_ILONGLONG'
#define _ILONGLONG(x) x ## LL
                      ^~~~~~~
<scratch space>:15:1: note: expanded from here
0xffffffffffffffffLL
^~~~~~~~~~~~~~~~~~~~
/<<BUILDDIR>>/clucene-core-2.3.3.4+dfsg/src/core/CLucene/queryParser/QueryParserTokenManager.cpp:20:66: error: constant expression evaluates to 18446744073709551615 which cannot be narrowed to type 'int64_t' (aka 'long') [-Wc++11-narrowing]
        _ILONGLONG(0xfffffffffffffffe), _ILONGLONG(0xffffffffffffffff), _ILONGLONG(0xffffffffffffffff), _ILONGLONG(0xffffffffffffffff)
                                                                        ^~~~~~~~~~~~~~~~~~~~~~~~~~~~~~
/<<BUILDDIR>>/clucene-core-2.3.3.4+dfsg/obj-x86_64-linux-gnu/src/shared/CLucene/_clucene-config.h:57:23: note: expanded from macro '_ILONGLONG'
#define _ILONGLONG(x) x ## LL
                      ^~~~~~~
<scratch space>:16:1: note: expanded from here
0xffffffffffffffffLL
^~~~~~~~~~~~~~~~~~~~
/<<BUILDDIR>>/clucene-core-2.3.3.4+dfsg/src/core/CLucene/queryParser/QueryParserTokenManager.cpp:20:66: note: insert an explicit cast to silence this issue
        _ILONGLONG(0xfffffffffffffffe), _ILONGLONG(0xffffffffffffffff), _ILONGLONG(0xffffffffffffffff), _ILONGLONG(0xffffffffffffffff)
                                                                        ^~~~~~~~~~~~~~~~~~~~~~~~~~~~~~
                                                                        static_cast<int64_t>(         )
/<<BUILDDIR>>/clucene-core-2.3.3.4+dfsg/obj-x86_64-linux-gnu/src/shared/CLucene/_clucene-config.h:57:23: note: expanded from macro '_ILONGLONG'
#define _ILONGLONG(x) x ## LL
                      ^~~~~~~
<scratch space>:16:1: note: expanded from here
0xffffffffffffffffLL
^~~~~~~~~~~~~~~~~~~~
/<<BUILDDIR>>/clucene-core-2.3.3.4+dfsg/src/core/CLucene/queryParser/QueryParserTokenManager.cpp:20:98: error: constant expression evaluates to 18446744073709551615 which cannot be narrowed to type 'int64_t' (aka 'long') [-Wc++11-narrowing]
        _ILONGLONG(0xfffffffffffffffe), _ILONGLONG(0xffffffffffffffff), _ILONGLONG(0xffffffffffffffff), _ILONGLONG(0xffffffffffffffff)
                                                                                                        ^~~~~~~~~~~~~~~~~~~~~~~~~~~~~~
/<<BUILDDIR>>/clucene-core-2.3.3.4+dfsg/obj-x86_64-linux-gnu/src/shared/CLucene/_clucene-config.h:57:23: note: expanded from macro '_ILONGLONG'
#define _ILONGLONG(x) x ## LL
                      ^~~~~~~
<scratch space>:17:1: note: expanded from here
0xffffffffffffffffLL
^~~~~~~~~~~~~~~~~~~~
/<<BUILDDIR>>/clucene-core-2.3.3.4+dfsg/src/core/CLucene/queryParser/QueryParserTokenManager.cpp:20:98: note: insert an explicit cast to silence this issue
        _ILONGLONG(0xfffffffffffffffe), _ILONGLONG(0xffffffffffffffff), _ILONGLONG(0xffffffffffffffff), _ILONGLONG(0xffffffffffffffff)
                                                                                                        ^~~~~~~~~~~~~~~~~~~~~~~~~~~~~~
                                                                                                        static_cast<int64_t>(         )
/<<BUILDDIR>>/clucene-core-2.3.3.4+dfsg/obj-x86_64-linux-gnu/src/shared/CLucene/_clucene-config.h:57:23: note: expanded from macro '_ILONGLONG'
#define _ILONGLONG(x) x ## LL
                      ^~~~~~~
<scratch space>:17:1: note: expanded from here
0xffffffffffffffffLL
^~~~~~~~~~~~~~~~~~~~
/<<BUILDDIR>>/clucene-core-2.3.3.4+dfsg/src/core/CLucene/queryParser/QueryParserTokenManager.cpp:547:62: warning: unsequenced modification and access to 'jjnewStateCnt' [-Wunsequenced]
                if ((i = jjnewStateCnt) == (startsAt = 36 - (jjnewStateCnt = startsAt)))
                         ~~~~~~~~~~~~~                                     ^
/<<BUILDDIR>>/clucene-core-2.3.3.4+dfsg/src/core/CLucene/queryParser/QueryParserTokenManager.cpp:759:61: warning: unsequenced modification and access to 'jjnewStateCnt' [-Wunsequenced]
                if ((i = jjnewStateCnt) == (startsAt = 7 - (jjnewStateCnt = startsAt)))
                         ~~~~~~~~~~~~~                                    ^
/<<BUILDDIR>>/clucene-core-2.3.3.4+dfsg/src/core/CLucene/queryParser/QueryParserTokenManager.cpp:857:61: warning: unsequenced modification and access to 'jjnewStateCnt' [-Wunsequenced]
                if ((i = jjnewStateCnt) == (startsAt = 3 - (jjnewStateCnt = startsAt)))
                         ~~~~~~~~~~~~~                                    ^
/<<BUILDDIR>>/clucene-core-2.3.3.4+dfsg/src/core/CLucene/queryParser/QueryParserTokenManager.cpp:1069:61: warning: unsequenced modification and access to 'jjnewStateCnt' [-Wunsequenced]
                if ((i = jjnewStateCnt) == (startsAt = 7 - (jjnewStateCnt = startsAt)))
                         ~~~~~~~~~~~~~                                    ^
4 warnings and 6 errors generated.
make[3]: *** [src/core/CMakeFiles/clucene-core.dir/build.make:222: src/core/CMakeFiles/clucene-core.dir/CLucene/queryParser/QueryParserTokenManager.o] Error 1
make[3]: Leaving directory '/<<BUILDDIR>>/clucene-core-2.3.3.4+dfsg/obj-x86_64-linux-gnu'
make[3]: Entering directory '/<<BUILDDIR>>/clucene-core-2.3.3.4+dfsg/obj-x86_64-linux-gnu'
cd /<<BUILDDIR>>/clucene-core-2.3.3.4+dfsg/obj-x86_64-linux-gnu/src/core && /usr/bin/c++  -DMAKE_CLUCENE_CORE_LIB -Dclucene_core_EXPORTS -I/<<BUILDDIR>>/clucene-core-2.3.3.4+dfsg/src/shared -I/<<BUILDDIR>>/clucene-core-2.3.3.4+dfsg/obj-x86_64-linux-gnu/src/shared -I/<<BUILDDIR>>/clucene-core-2.3.3.4+dfsg/src/core  -g -O2 -fdebug-prefix-map=/<<BUILDDIR>>/clucene-core-2.3.3.4+dfsg=. -fstack-protector-strong -Wformat -Werror=format-security -Wdate-time -D_FORTIFY_SOURCE=2 -fPIC    -D_REENTRANT -D_UCS2 -D_UNICODE -o CMakeFiles/clucene-core.dir/CLucene/queryParser/MultiFieldQueryParser.o -c /<<BUILDDIR>>/clucene-core-2.3.3.4+dfsg/src/core/CLucene/queryParser/MultiFieldQueryParser.cpp
make[3]: Leaving directory '/<<BUILDDIR>>/clucene-core-2.3.3.4+dfsg/obj-x86_64-linux-gnu'
make[3]: Entering directory '/<<BUILDDIR>>/clucene-core-2.3.3.4+dfsg/obj-x86_64-linux-gnu'
cd /<<BUILDDIR>>/clucene-core-2.3.3.4+dfsg/obj-x86_64-linux-gnu/src/core && /usr/bin/c++  -DMAKE_CLUCENE_CORE_LIB -Dclucene_core_EXPORTS -I/<<BUILDDIR>>/clucene-core-2.3.3.4+dfsg/src/shared -I/<<BUILDDIR>>/clucene-core-2.3.3.4+dfsg/obj-x86_64-linux-gnu/src/shared -I/<<BUILDDIR>>/clucene-core-2.3.3.4+dfsg/src/core  -g -O2 -fdebug-prefix-map=/<<BUILDDIR>>/clucene-core-2.3.3.4+dfsg=. -fstack-protector-strong -Wformat -Werror=format-security -Wdate-time -D_FORTIFY_SOURCE=2 -fPIC    -D_REENTRANT -D_UCS2 -D_UNICODE -o CMakeFiles/clucene-core.dir/CLucene/queryParser/QueryToken.o -c /<<BUILDDIR>>/clucene-core-2.3.3.4+dfsg/src/core/CLucene/queryParser/QueryToken.cpp
make[3]: Leaving directory '/<<BUILDDIR>>/clucene-core-2.3.3.4+dfsg/obj-x86_64-linux-gnu'
make[3]: Entering directory '/<<BUILDDIR>>/clucene-core-2.3.3.4+dfsg/obj-x86_64-linux-gnu'
cd /<<BUILDDIR>>/clucene-core-2.3.3.4+dfsg/obj-x86_64-linux-gnu/src/core && /usr/bin/c++  -DMAKE_CLUCENE_CORE_LIB -Dclucene_core_EXPORTS -I/<<BUILDDIR>>/clucene-core-2.3.3.4+dfsg/src/shared -I/<<BUILDDIR>>/clucene-core-2.3.3.4+dfsg/obj-x86_64-linux-gnu/src/shared -I/<<BUILDDIR>>/clucene-core-2.3.3.4+dfsg/src/core  -g -O2 -fdebug-prefix-map=/<<BUILDDIR>>/clucene-core-2.3.3.4+dfsg=. -fstack-protector-strong -Wformat -Werror=format-security -Wdate-time -D_FORTIFY_SOURCE=2 -fPIC    -D_REENTRANT -D_UCS2 -D_UNICODE -o CMakeFiles/clucene-core.dir/CLucene/queryParser/legacy/Lexer.o -c /<<BUILDDIR>>/clucene-core-2.3.3.4+dfsg/src/core/CLucene/queryParser/legacy/Lexer.cpp
make[3]: Leaving directory '/<<BUILDDIR>>/clucene-core-2.3.3.4+dfsg/obj-x86_64-linux-gnu'
make[3]: Entering directory '/<<BUILDDIR>>/clucene-core-2.3.3.4+dfsg/obj-x86_64-linux-gnu'
cd /<<BUILDDIR>>/clucene-core-2.3.3.4+dfsg/obj-x86_64-linux-gnu/src/core && /usr/bin/c++  -DMAKE_CLUCENE_CORE_LIB -Dclucene_core_EXPORTS -I/<<BUILDDIR>>/clucene-core-2.3.3.4+dfsg/src/shared -I/<<BUILDDIR>>/clucene-core-2.3.3.4+dfsg/obj-x86_64-linux-gnu/src/shared -I/<<BUILDDIR>>/clucene-core-2.3.3.4+dfsg/src/core  -g -O2 -fdebug-prefix-map=/<<BUILDDIR>>/clucene-core-2.3.3.4+dfsg=. -fstack-protector-strong -Wformat -Werror=format-security -Wdate-time -D_FORTIFY_SOURCE=2 -fPIC    -D_REENTRANT -D_UCS2 -D_UNICODE -o CMakeFiles/clucene-core.dir/CLucene/queryParser/legacy/QueryParser.o -c /<<BUILDDIR>>/clucene-core-2.3.3.4+dfsg/src/core/CLucene/queryParser/legacy/QueryParser.cpp
make[3]: Leaving directory '/<<BUILDDIR>>/clucene-core-2.3.3.4+dfsg/obj-x86_64-linux-gnu'
make[3]: Entering directory '/<<BUILDDIR>>/clucene-core-2.3.3.4+dfsg/obj-x86_64-linux-gnu'
cd /<<BUILDDIR>>/clucene-core-2.3.3.4+dfsg/obj-x86_64-linux-gnu/src/core && /usr/bin/c++  -DMAKE_CLUCENE_CORE_LIB -Dclucene_core_EXPORTS -I/<<BUILDDIR>>/clucene-core-2.3.3.4+dfsg/src/shared -I/<<BUILDDIR>>/clucene-core-2.3.3.4+dfsg/obj-x86_64-linux-gnu/src/shared -I/<<BUILDDIR>>/clucene-core-2.3.3.4+dfsg/src/core  -g -O2 -fdebug-prefix-map=/<<BUILDDIR>>/clucene-core-2.3.3.4+dfsg=. -fstack-protector-strong -Wformat -Werror=format-security -Wdate-time -D_FORTIFY_SOURCE=2 -fPIC    -D_REENTRANT -D_UCS2 -D_UNICODE -o CMakeFiles/clucene-core.dir/CLucene/queryParser/legacy/MultiFieldQueryParser.o -c /<<BUILDDIR>>/clucene-core-2.3.3.4+dfsg/src/core/CLucene/queryParser/legacy/MultiFieldQueryParser.cpp
make[3]: Leaving directory '/<<BUILDDIR>>/clucene-core-2.3.3.4+dfsg/obj-x86_64-linux-gnu'
make[3]: Entering directory '/<<BUILDDIR>>/clucene-core-2.3.3.4+dfsg/obj-x86_64-linux-gnu'
cd /<<BUILDDIR>>/clucene-core-2.3.3.4+dfsg/obj-x86_64-linux-gnu/src/core && /usr/bin/c++  -DMAKE_CLUCENE_CORE_LIB -Dclucene_core_EXPORTS -I/<<BUILDDIR>>/clucene-core-2.3.3.4+dfsg/src/shared -I/<<BUILDDIR>>/clucene-core-2.3.3.4+dfsg/obj-x86_64-linux-gnu/src/shared -I/<<BUILDDIR>>/clucene-core-2.3.3.4+dfsg/src/core  -g -O2 -fdebug-prefix-map=/<<BUILDDIR>>/clucene-core-2.3.3.4+dfsg=. -fstack-protector-strong -Wformat -Werror=format-security -Wdate-time -D_FORTIFY_SOURCE=2 -fPIC    -D_REENTRANT -D_UCS2 -D_UNICODE -o CMakeFiles/clucene-core.dir/CLucene/queryParser/legacy/QueryParserBase.o -c /<<BUILDDIR>>/clucene-core-2.3.3.4+dfsg/src/core/CLucene/queryParser/legacy/QueryParserBase.cpp
make[3]: Leaving directory '/<<BUILDDIR>>/clucene-core-2.3.3.4+dfsg/obj-x86_64-linux-gnu'
make[2]: *** [CMakeFiles/Makefile2:194: src/core/CMakeFiles/clucene-core.dir/all] Error 2
make[1]: *** [Makefile:144: all] Error 2
dh_auto_build: cd obj-x86_64-linux-gnu && make -j8 -Oline returned exit code 2
make: *** [debian/rules:14: build-arch] Error 25
dpkg-buildpackage: error: debian/rules build-arch subprocess returned exit status 2
--------------------------------------------------------------------------------
Build finished at 2018-05-02T13:22:44Z

Finished
--------


+------------------------------------------------------------------------------+
| Cleanup                                                                      |
+------------------------------------------------------------------------------+

Purging /<<BUILDDIR>>
Not cleaning session: cloned chroot in use
E: Build failure (dpkg-buildpackage died)

+------------------------------------------------------------------------------+
| Summary                                                                      |
+------------------------------------------------------------------------------+

Build Architecture: amd64
Build Type: any
Build-Space: 15588
Build-Time: 26
Distribution: unstable
Fail-Stage: build
Host Architecture: amd64
Install-Time: 10
Job: clucene-core_2.3.3.4+dfsg-1
Machine Architecture: amd64
Package: clucene-core
Package-Time: 50
Source-Version: 2.3.3.4+dfsg-1
Space: 15588
Status: attempted
Version: 2.3.3.4+dfsg-1
--------------------------------------------------------------------------------
Finished at 2018-05-02T13:22:44Z
Build needed 00:00:50, 15588k disk space
E: Build failure (dpkg-buildpackage died)
DC-Status: Failed 50.921524905s
