DC-Build-Header: golang-1.6 1.6.3-1 / 2018-05-02 11:59:45 +0000
DC-Task: type:rebuild-binarch-only source:golang-1.6 version:1.6.3-1 chroot:unstable esttime: logfile:/tmp/golang-1.6_1.6.3-1_unstable_clang60.log modes:clang60:binarch-only
DC-Sbuild-call: su user42 -c 'sbuild -n --arch-any --apt-update -d unstable -v  --chroot-setup-commands=/tmp/clang60 golang-1.6_1.6.3-1'
sbuild (Debian sbuild) 0.73.0 (23 Dec 2016) on ip-172-31-10-16.eu-central-1.compute.internal

+==============================================================================+
| golang-1.6 1.6.3-1 (amd64)                   Wed, 02 May 2018 11:59:45 +0000 |
+==============================================================================+

Package: golang-1.6
Version: 1.6.3-1
Source Version: 1.6.3-1
Distribution: unstable
Machine Architecture: amd64
Host Architecture: amd64
Build Architecture: amd64
Build Type: any

I: NOTICE: Log filtering will replace 'var/run/schroot/mount/unstable-amd64-sbuild-e1103cce-5cb4-48dc-be52-c83ec948100c' with '<<CHROOT>>'

+------------------------------------------------------------------------------+
| Chroot Setup Commands                                                        |
+------------------------------------------------------------------------------+


/tmp/clang60
------------

+ echo 'Entering customization script...'
Entering customization script...
+ CLANG_VERSION=6.0
+ echo 'Install of clang-6.0'
Install of clang-6.0
+ apt-get update
Get:1 http://127.0.0.1:9999/debian unstable InRelease [242 kB]
Get:2 http://127.0.0.1:9999/debian unstable/main Sources.diff/Index [27.9 kB]
Get:3 http://127.0.0.1:9999/debian unstable/main amd64 Packages.diff/Index [27.9 kB]
Get:4 http://127.0.0.1:9999/debian unstable/main Sources 2018-05-02-0830.09.pdiff [16.2 kB]
Get:4 http://127.0.0.1:9999/debian unstable/main Sources 2018-05-02-0830.09.pdiff [16.2 kB]
Get:5 http://127.0.0.1:9999/debian unstable/main amd64 Packages 2018-05-02-0830.09.pdiff [1781 B]
Get:5 http://127.0.0.1:9999/debian unstable/main amd64 Packages 2018-05-02-0830.09.pdiff [1781 B]
Get:6 http://127.0.0.1:9999/debian unstable/main Translation-en [6016 kB]
Fetched 6332 kB in 2s (3391 kB/s)
Reading package lists...
+ apt-get install --yes --no-install-recommends --force-yes clang-6.0
Reading package lists...
Building dependency tree...
Reading state information...
The following additional packages will be installed:
  lib32gcc1 lib32stdc++6 libbsd0 libc6-i386 libclang-common-6.0-dev
  libclang1-6.0 libedit2 libjsoncpp1 libllvm6.0 libncurses5 libobjc-7-dev
  libobjc4
Suggested packages:
  gnustep gnustep-devel clang-6.0-doc
Recommended packages:
  llvm-6.0-dev python libomp-dev libgpm2
The following NEW packages will be installed:
  clang-6.0 lib32gcc1 lib32stdc++6 libbsd0 libc6-i386 libclang-common-6.0-dev
  libclang1-6.0 libedit2 libjsoncpp1 libllvm6.0 libncurses5 libobjc-7-dev
  libobjc4
0 upgraded, 13 newly installed, 0 to remove and 0 not upgraded.
Need to get 37.7 MB of archives.
After this operation, 187 MB of additional disk space will be used.
Get:1 http://127.0.0.1:9999/debian unstable/main amd64 libjsoncpp1 amd64 1.7.4-3 [75.6 kB]
Get:2 http://127.0.0.1:9999/debian unstable/main amd64 libbsd0 amd64 0.8.7-1 [92.1 kB]
Get:3 http://127.0.0.1:9999/debian unstable/main amd64 libncurses5 amd64 6.1+20180210-2 [95.7 kB]
Get:4 http://127.0.0.1:9999/debian unstable/main amd64 libedit2 amd64 3.1-20170329-1 [85.2 kB]
Get:5 http://127.0.0.1:9999/debian unstable/main amd64 libllvm6.0 amd64 1:6.0-3 [14.5 MB]
Get:6 http://127.0.0.1:9999/debian unstable/main amd64 libobjc4 amd64 8-20180425-1 [52.4 kB]
Get:7 http://127.0.0.1:9999/debian unstable/main amd64 libobjc-7-dev amd64 7.3.0-17 [204 kB]
Get:8 http://127.0.0.1:9999/debian unstable/main amd64 libc6-i386 amd64 2.27-3 [2855 kB]
Get:9 http://127.0.0.1:9999/debian unstable/main amd64 lib32gcc1 amd64 1:8-20180425-1 [47.8 kB]
Get:10 http://127.0.0.1:9999/debian unstable/main amd64 lib32stdc++6 amd64 8-20180425-1 [406 kB]
Get:11 http://127.0.0.1:9999/debian unstable/main amd64 libclang-common-6.0-dev amd64 1:6.0-3 [3102 kB]
Get:12 http://127.0.0.1:9999/debian unstable/main amd64 libclang1-6.0 amd64 1:6.0-3 [6995 kB]
Get:13 http://127.0.0.1:9999/debian unstable/main amd64 clang-6.0 amd64 1:6.0-3 [9175 kB]
debconf: delaying package configuration, since apt-utils is not installed
Fetched 37.7 MB in 0s (98.3 MB/s)
Selecting previously unselected package libjsoncpp1:amd64.
(Reading database ... (Reading database ... 5%(Reading database ... 10%(Reading database ... 15%(Reading database ... 20%(Reading database ... 25%(Reading database ... 30%(Reading database ... 35%(Reading database ... 40%(Reading database ... 45%(Reading database ... 50%(Reading database ... 55%(Reading database ... 60%(Reading database ... 65%(Reading database ... 70%(Reading database ... 75%(Reading database ... 80%(Reading database ... 85%(Reading database ... 90%(Reading database ... 95%(Reading database ... 100%(Reading database ... 10022 files and directories currently installed.)
Preparing to unpack .../00-libjsoncpp1_1.7.4-3_amd64.deb ...
Unpacking libjsoncpp1:amd64 (1.7.4-3) ...
Selecting previously unselected package libbsd0:amd64.
Preparing to unpack .../01-libbsd0_0.8.7-1_amd64.deb ...
Unpacking libbsd0:amd64 (0.8.7-1) ...
Selecting previously unselected package libncurses5:amd64.
Preparing to unpack .../02-libncurses5_6.1+20180210-2_amd64.deb ...
Unpacking libncurses5:amd64 (6.1+20180210-2) ...
Selecting previously unselected package libedit2:amd64.
Preparing to unpack .../03-libedit2_3.1-20170329-1_amd64.deb ...
Unpacking libedit2:amd64 (3.1-20170329-1) ...
Selecting previously unselected package libllvm6.0:amd64.
Preparing to unpack .../04-libllvm6.0_1%3a6.0-3_amd64.deb ...
Unpacking libllvm6.0:amd64 (1:6.0-3) ...
Selecting previously unselected package libobjc4:amd64.
Preparing to unpack .../05-libobjc4_8-20180425-1_amd64.deb ...
Unpacking libobjc4:amd64 (8-20180425-1) ...
Selecting previously unselected package libobjc-7-dev:amd64.
Preparing to unpack .../06-libobjc-7-dev_7.3.0-17_amd64.deb ...
Unpacking libobjc-7-dev:amd64 (7.3.0-17) ...
Selecting previously unselected package libc6-i386.
Preparing to unpack .../07-libc6-i386_2.27-3_amd64.deb ...
Unpacking libc6-i386 (2.27-3) ...
Selecting previously unselected package lib32gcc1.
Preparing to unpack .../08-lib32gcc1_1%3a8-20180425-1_amd64.deb ...
Unpacking lib32gcc1 (1:8-20180425-1) ...
Selecting previously unselected package lib32stdc++6.
Preparing to unpack .../09-lib32stdc++6_8-20180425-1_amd64.deb ...
Unpacking lib32stdc++6 (8-20180425-1) ...
Selecting previously unselected package libclang-common-6.0-dev.
Preparing to unpack .../10-libclang-common-6.0-dev_1%3a6.0-3_amd64.deb ...
Unpacking libclang-common-6.0-dev (1:6.0-3) ...
Selecting previously unselected package libclang1-6.0:amd64.
Preparing to unpack .../11-libclang1-6.0_1%3a6.0-3_amd64.deb ...
Unpacking libclang1-6.0:amd64 (1:6.0-3) ...
Selecting previously unselected package clang-6.0.
Preparing to unpack .../12-clang-6.0_1%3a6.0-3_amd64.deb ...
Unpacking clang-6.0 (1:6.0-3) ...
Setting up libncurses5:amd64 (6.1+20180210-2) ...
Setting up libobjc4:amd64 (8-20180425-1) ...
Setting up libc6-i386 (2.27-3) ...
Setting up libbsd0:amd64 (0.8.7-1) ...
Setting up libobjc-7-dev:amd64 (7.3.0-17) ...
Processing triggers for libc-bin (2.27-3) ...
Setting up lib32gcc1 (1:8-20180425-1) ...
Setting up libjsoncpp1:amd64 (1.7.4-3) ...
Setting up libedit2:amd64 (3.1-20170329-1) ...
Setting up libllvm6.0:amd64 (1:6.0-3) ...
Setting up libclang1-6.0:amd64 (1:6.0-3) ...
Setting up lib32stdc++6 (8-20180425-1) ...
Setting up libclang-common-6.0-dev (1:6.0-3) ...
Setting up clang-6.0 (1:6.0-3) ...
Processing triggers for libc-bin (2.27-3) ...
W: --force-yes is deprecated, use one of the options starting with --allow instead.
+ echo 'Replace gcc, g++ & cpp by clang'
Replace gcc, g++ & cpp by clang
+ VERSIONS='4.6 4.7 4.8 4.9 5 6 7 8'
+ cd /usr/bin
+ for VERSION in $VERSIONS
+ rm -f g++-4.6 gcc-4.6 cpp-4.6 gcc
+ ln -s clang++-6.0 g++-4.6
+ ln -s clang-6.0 gcc-4.6
+ ln -s clang-6.0 cpp-4.6
+ ln -s clang-6.0 gcc
+ echo 'gcc-4.6 hold'
+ dpkg --set-selections
dpkg: warning: package not in status nor available database at line 1: gcc-4.6
dpkg: warning: found unknown packages; this might mean the available database
is outdated, and needs to be updated through a frontend method;
please see the FAQ <https://wiki.debian.org/Teams/Dpkg/FAQ>
+ echo 'g++-4.6 hold'
+ dpkg --set-selections
dpkg: warning: package not in status nor available database at line 1: g++-4.6
dpkg: warning: found unknown packages; this might mean the available database
is outdated, and needs to be updated through a frontend method;
please see the FAQ <https://wiki.debian.org/Teams/Dpkg/FAQ>
+ for VERSION in $VERSIONS
+ rm -f g++-4.7 gcc-4.7 cpp-4.7 gcc
+ ln -s clang++-6.0 g++-4.7
+ ln -s clang-6.0 gcc-4.7
+ ln -s clang-6.0 cpp-4.7
+ ln -s clang-6.0 gcc
+ echo 'gcc-4.7 hold'
+ dpkg --set-selections
dpkg: warning: package not in status nor available database at line 1: gcc-4.7
dpkg: warning: found unknown packages; this might mean the available database
is outdated, and needs to be updated through a frontend method;
please see the FAQ <https://wiki.debian.org/Teams/Dpkg/FAQ>
+ echo 'g++-4.7 hold'
+ dpkg --set-selections
dpkg: warning: package not in status nor available database at line 1: g++-4.7
dpkg: warning: found unknown packages; this might mean the available database
is outdated, and needs to be updated through a frontend method;
please see the FAQ <https://wiki.debian.org/Teams/Dpkg/FAQ>
+ for VERSION in $VERSIONS
+ rm -f g++-4.8 gcc-4.8 cpp-4.8 gcc
+ ln -s clang++-6.0 g++-4.8
+ ln -s clang-6.0 gcc-4.8
+ ln -s clang-6.0 cpp-4.8
+ ln -s clang-6.0 gcc
+ echo 'gcc-4.8 hold'
+ dpkg --set-selections
dpkg: warning: package not in status nor available database at line 1: gcc-4.8
dpkg: warning: found unknown packages; this might mean the available database
is outdated, and needs to be updated through a frontend method;
please see the FAQ <https://wiki.debian.org/Teams/Dpkg/FAQ>
+ echo 'g++-4.8 hold'
+ dpkg --set-selections
dpkg: warning: package not in status nor available database at line 1: g++-4.8
dpkg: warning: found unknown packages; this might mean the available database
is outdated, and needs to be updated through a frontend method;
please see the FAQ <https://wiki.debian.org/Teams/Dpkg/FAQ>
+ for VERSION in $VERSIONS
+ rm -f g++-4.9 gcc-4.9 cpp-4.9 gcc
+ ln -s clang++-6.0 g++-4.9
+ ln -s clang-6.0 gcc-4.9
+ ln -s clang-6.0 cpp-4.9
+ ln -s clang-6.0 gcc
+ echo 'gcc-4.9 hold'
+ dpkg --set-selections
dpkg: warning: package not in status nor available database at line 1: gcc-4.9
dpkg: warning: found unknown packages; this might mean the available database
is outdated, and needs to be updated through a frontend method;
please see the FAQ <https://wiki.debian.org/Teams/Dpkg/FAQ>
+ echo 'g++-4.9 hold'
+ dpkg --set-selections
dpkg: warning: package not in status nor available database at line 1: g++-4.9
dpkg: warning: found unknown packages; this might mean the available database
is outdated, and needs to be updated through a frontend method;
please see the FAQ <https://wiki.debian.org/Teams/Dpkg/FAQ>
+ for VERSION in $VERSIONS
+ rm -f g++-5 gcc-5 cpp-5 gcc
+ ln -s clang++-6.0 g++-5
+ ln -s clang-6.0 gcc-5
+ ln -s clang-6.0 cpp-5
+ ln -s clang-6.0 gcc
+ echo 'gcc-5 hold'
+ dpkg --set-selections
+ echo 'g++-5 hold'
+ dpkg --set-selections
+ for VERSION in $VERSIONS
+ rm -f g++-6 gcc-6 cpp-6 gcc
+ ln -s clang++-6.0 g++-6
+ ln -s clang-6.0 gcc-6
+ ln -s clang-6.0 cpp-6
+ ln -s clang-6.0 gcc
+ echo 'gcc-6 hold'
+ dpkg --set-selections
dpkg: warning: package not in status nor available database at line 1: gcc-6
dpkg: warning: found unknown packages; this might mean the available database
is outdated, and needs to be updated through a frontend method;
please see the FAQ <https://wiki.debian.org/Teams/Dpkg/FAQ>
+ echo 'g++-6 hold'
+ dpkg --set-selections
dpkg: warning: package not in status nor available database at line 1: g++-6
dpkg: warning: found unknown packages; this might mean the available database
is outdated, and needs to be updated through a frontend method;
please see the FAQ <https://wiki.debian.org/Teams/Dpkg/FAQ>
+ for VERSION in $VERSIONS
+ rm -f g++-7 gcc-7 cpp-7 gcc
+ ln -s clang++-6.0 g++-7
+ ln -s clang-6.0 gcc-7
+ ln -s clang-6.0 cpp-7
+ ln -s clang-6.0 gcc
+ echo 'gcc-7 hold'
+ dpkg --set-selections
+ echo 'g++-7 hold'
+ dpkg --set-selections
+ for VERSION in $VERSIONS
+ rm -f g++-8 gcc-8 cpp-8 gcc
+ ln -s clang++-6.0 g++-8
+ ln -s clang-6.0 gcc-8
+ ln -s clang-6.0 cpp-8
+ ln -s clang-6.0 gcc
+ echo 'gcc-8 hold'
+ dpkg --set-selections
dpkg: warning: package not in status nor available database at line 1: gcc-8
dpkg: warning: found unknown packages; this might mean the available database
is outdated, and needs to be updated through a frontend method;
please see the FAQ <https://wiki.debian.org/Teams/Dpkg/FAQ>
+ echo 'g++-8 hold'
+ dpkg --set-selections
dpkg: warning: package not in status nor available database at line 1: g++-8
dpkg: warning: found unknown packages; this might mean the available database
is outdated, and needs to be updated through a frontend method;
please see the FAQ <https://wiki.debian.org/Teams/Dpkg/FAQ>
+ cd -
/build/golang-1.6-qx84zr
+ echo 'Check if gcc, g++ & cpp are actually clang'
Check if gcc, g++ & cpp are actually clang
+ gcc --version
+ grep clang
+ cpp --version
+ grep clang
+ g++ --version
+ grep clang

I: Finished running '/tmp/clang60'.

Finished processing commands.
--------------------------------------------------------------------------------

+------------------------------------------------------------------------------+
| Update chroot                                                                |
+------------------------------------------------------------------------------+

Hit:1 http://127.0.0.1:9999/debian unstable InRelease
Reading package lists...
Reading package lists...
Building dependency tree...
Reading state information...
Calculating upgrade...
0 upgraded, 0 newly installed, 0 to remove and 0 not upgraded.

+------------------------------------------------------------------------------+
| Fetch source files                                                           |
+------------------------------------------------------------------------------+


Check APT
---------

Checking available source versions...

Download source files with APT
------------------------------

Reading package lists...
NOTICE: 'golang-1.6' packaging is maintained in the 'Git' version control system at:
https://anonscm.debian.org/git/pkg-golang/golang.git -b golang-1.6
Please use:
git clone https://anonscm.debian.org/git/pkg-golang/golang.git -b golang-1.6
to retrieve the latest (possibly unreleased) updates to the package.
Need to get 12.6 MB of source archives.
Get:1 http://127.0.0.1:9999/debian unstable/main golang-1.6 1.6.3-1 (dsc) [2427 B]
Get:2 http://127.0.0.1:9999/debian unstable/main golang-1.6 1.6.3-1 (tar) [12.6 MB]
Get:3 http://127.0.0.1:9999/debian unstable/main golang-1.6 1.6.3-1 (diff) [27.8 kB]
Fetched 12.6 MB in 0s (48.5 MB/s)
Download complete and in download only mode
I: NOTICE: Log filtering will replace 'build/golang-1.6-qx84zr/golang-1.6-1.6.3' with '<<PKGBUILDDIR>>'
I: NOTICE: Log filtering will replace 'build/golang-1.6-qx84zr' with '<<BUILDDIR>>'

+------------------------------------------------------------------------------+
| Install build-essential                                                      |
+------------------------------------------------------------------------------+


Setup apt archive
-----------------

Merged Build-Depends: build-essential, fakeroot
Filtered Build-Depends: build-essential, fakeroot
dpkg-deb: building package 'sbuild-build-depends-core-dummy' in '/<<BUILDDIR>>/resolver-oSVICC/apt_archive/sbuild-build-depends-core-dummy.deb'.
dpkg-scanpackages: warning: Packages in archive but missing from override file:
dpkg-scanpackages: warning:   sbuild-build-depends-core-dummy
dpkg-scanpackages: info: Wrote 1 entries to output Packages file.
Ign:1 copy:/<<BUILDDIR>>/resolver-oSVICC/apt_archive ./ InRelease
Get:2 copy:/<<BUILDDIR>>/resolver-oSVICC/apt_archive ./ Release [957 B]
Ign:3 copy:/<<BUILDDIR>>/resolver-oSVICC/apt_archive ./ Release.gpg
Get:4 copy:/<<BUILDDIR>>/resolver-oSVICC/apt_archive ./ Sources [349 B]
Get:5 copy:/<<BUILDDIR>>/resolver-oSVICC/apt_archive ./ Packages [432 B]
Fetched 1738 B in 0s (0 B/s)
Reading package lists...
Reading package lists...

Install core build dependencies (apt-based resolver)
----------------------------------------------------

Installing build dependencies
Reading package lists...
Building dependency tree...
Reading state information...
The following NEW packages will be installed:
  sbuild-build-depends-core-dummy
0 upgraded, 1 newly installed, 0 to remove and 0 not upgraded.
Need to get 856 B of archives.
After this operation, 0 B of additional disk space will be used.
Get:1 copy:/<<BUILDDIR>>/resolver-oSVICC/apt_archive ./ sbuild-build-depends-core-dummy 0.invalid.0 [856 B]
debconf: delaying package configuration, since apt-utils is not installed
Fetched 856 B in 0s (0 B/s)
Selecting previously unselected package sbuild-build-depends-core-dummy.
(Reading database ... 10771 files and directories currently installed.)
Preparing to unpack .../sbuild-build-depends-core-dummy_0.invalid.0_amd64.deb ...
Unpacking sbuild-build-depends-core-dummy (0.invalid.0) ...
Setting up sbuild-build-depends-core-dummy (0.invalid.0) ...

+------------------------------------------------------------------------------+
| Check architectures                                                          |
+------------------------------------------------------------------------------+

Arch check ok (amd64 included in amd64 arm64 armel armhf i386 ppc64 ppc64el all)

+------------------------------------------------------------------------------+
| Install package build dependencies                                           |
+------------------------------------------------------------------------------+


Setup apt archive
-----------------

Merged Build-Depends: debhelper (>= 7.4.10), golang-any (>= 2:1.4~) | golang-go (>= 2:1.4~) | gccgo (>= 4:5~), netbase
Filtered Build-Depends: debhelper (>= 7.4.10), golang-any (>= 2:1.4~), netbase
dpkg-deb: building package 'sbuild-build-depends-golang-1.6-dummy' in '/<<BUILDDIR>>/resolver-oSVICC/apt_archive/sbuild-build-depends-golang-1.6-dummy.deb'.
dpkg-scanpackages: warning: Packages in archive but missing from override file:
dpkg-scanpackages: warning:   sbuild-build-depends-core-dummy sbuild-build-depends-golang-1.6-dummy
dpkg-scanpackages: info: Wrote 2 entries to output Packages file.
Ign:1 copy:/<<BUILDDIR>>/resolver-oSVICC/apt_archive ./ InRelease
Get:2 copy:/<<BUILDDIR>>/resolver-oSVICC/apt_archive ./ Release [963 B]
Ign:3 copy:/<<BUILDDIR>>/resolver-oSVICC/apt_archive ./ Release.gpg
Get:4 copy:/<<BUILDDIR>>/resolver-oSVICC/apt_archive ./ Sources [526 B]
Get:5 copy:/<<BUILDDIR>>/resolver-oSVICC/apt_archive ./ Packages [592 B]
Fetched 2081 B in 0s (0 B/s)
Reading package lists...
Reading package lists...

Install golang-1.6 build dependencies (apt-based resolver)
----------------------------------------------------------

Installing build dependencies
Reading package lists...
Building dependency tree...
Reading state information...
The following additional packages will be installed:
  autoconf automake autopoint autotools-dev bsdmainutils debhelper
  dh-autoreconf dh-strip-nondeterminism file gettext gettext-base
  golang-1.10-go golang-1.10-src golang-any golang-go golang-src groff-base
  intltool-debian libarchive-zip-perl libcroco3
  libfile-stripnondeterminism-perl libglib2.0-0 libicu57 libmagic-mgc
  libmagic1 libpipeline1 libsigsegv2 libtimedate-perl libtool libxml2 m4
  man-db netbase po-debconf
Suggested packages:
  autoconf-archive gnu-standards autoconf-doc wamerican | wordlist whois
  vacation dh-make dwz gettext-doc libasprintf-dev libgettextpo-dev bzr
  ca-certificates git mercurial subversion groff libtool-doc gfortran
  | fortran95-compiler gcj-jdk m4-doc apparmor less www-browser
  libmail-box-perl
Recommended packages:
  curl | wget | lynx pkg-config libarchive-cpio-perl libglib2.0-data
  shared-mime-info xdg-user-dirs libltdl-dev libmail-sendmail-perl
The following NEW packages will be installed:
  autoconf automake autopoint autotools-dev bsdmainutils debhelper
  dh-autoreconf dh-strip-nondeterminism file gettext gettext-base
  golang-1.10-go golang-1.10-src golang-any golang-go golang-src groff-base
  intltool-debian libarchive-zip-perl libcroco3
  libfile-stripnondeterminism-perl libglib2.0-0 libicu57 libmagic-mgc
  libmagic1 libpipeline1 libsigsegv2 libtimedate-perl libtool libxml2 m4
  man-db netbase po-debconf sbuild-build-depends-golang-1.6-dummy
0 upgraded, 35 newly installed, 0 to remove and 0 not upgraded.
Need to get 60.0 MB of archives.
After this operation, 289 MB of additional disk space will be used.
Get:1 copy:/<<BUILDDIR>>/resolver-oSVICC/apt_archive ./ sbuild-build-depends-golang-1.6-dummy 0.invalid.0 [880 B]
Get:2 http://127.0.0.1:9999/debian unstable/main amd64 bsdmainutils amd64 11.1.2 [190 kB]
Get:3 http://127.0.0.1:9999/debian unstable/main amd64 groff-base amd64 1.22.3-10 [1176 kB]
Get:4 http://127.0.0.1:9999/debian unstable/main amd64 libpipeline1 amd64 1.5.0-1 [29.0 kB]
Get:5 http://127.0.0.1:9999/debian unstable/main amd64 man-db amd64 2.8.3-2 [1180 kB]
Get:6 http://127.0.0.1:9999/debian unstable/main amd64 netbase all 5.4 [19.1 kB]
Get:7 http://127.0.0.1:9999/debian unstable/main amd64 libmagic-mgc amd64 1:5.33-2 [234 kB]
Get:8 http://127.0.0.1:9999/debian unstable/main amd64 libmagic1 amd64 1:5.33-2 [113 kB]
Get:9 http://127.0.0.1:9999/debian unstable/main amd64 file amd64 1:5.33-2 [65.6 kB]
Get:10 http://127.0.0.1:9999/debian unstable/main amd64 gettext-base amd64 0.19.8.1-6 [122 kB]
Get:11 http://127.0.0.1:9999/debian unstable/main amd64 libsigsegv2 amd64 2.12-2 [32.8 kB]
Get:12 http://127.0.0.1:9999/debian unstable/main amd64 m4 amd64 1.4.18-1 [202 kB]
Get:13 http://127.0.0.1:9999/debian unstable/main amd64 autoconf all 2.69-11 [341 kB]
Get:14 http://127.0.0.1:9999/debian unstable/main amd64 autotools-dev all 20180224.1 [77.0 kB]
Get:15 http://127.0.0.1:9999/debian unstable/main amd64 automake all 1:1.15.1-3.1 [736 kB]
Get:16 http://127.0.0.1:9999/debian unstable/main amd64 autopoint all 0.19.8.1-6 [434 kB]
Get:17 http://127.0.0.1:9999/debian unstable/main amd64 libtool all 2.4.6-2.1 [547 kB]
Get:18 http://127.0.0.1:9999/debian unstable/main amd64 dh-autoreconf all 17 [16.5 kB]
Get:19 http://127.0.0.1:9999/debian unstable/main amd64 libarchive-zip-perl all 1.60-1 [95.6 kB]
Get:20 http://127.0.0.1:9999/debian unstable/main amd64 libfile-stripnondeterminism-perl all 0.041-1 [19.9 kB]
Get:21 http://127.0.0.1:9999/debian unstable/main amd64 libtimedate-perl all 2.3000-2 [42.2 kB]
Get:22 http://127.0.0.1:9999/debian unstable/main amd64 dh-strip-nondeterminism all 0.041-1 [12.0 kB]
Get:23 http://127.0.0.1:9999/debian unstable/main amd64 libglib2.0-0 amd64 2.56.1-2 [2928 kB]
Get:24 http://127.0.0.1:9999/debian unstable/main amd64 libicu57 amd64 57.1-9 [7698 kB]
Get:25 http://127.0.0.1:9999/debian unstable/main amd64 libxml2 amd64 2.9.4+dfsg1-6.1 [725 kB]
Get:26 http://127.0.0.1:9999/debian unstable/main amd64 libcroco3 amd64 0.6.12-2 [144 kB]
Get:27 http://127.0.0.1:9999/debian unstable/main amd64 gettext amd64 0.19.8.1-6 [1302 kB]
Get:28 http://127.0.0.1:9999/debian unstable/main amd64 intltool-debian all 0.35.0+20060710.4 [26.3 kB]
Get:29 http://127.0.0.1:9999/debian unstable/main amd64 po-debconf all 1.0.20 [247 kB]
Get:30 http://127.0.0.1:9999/debian unstable/main amd64 debhelper all 11.2.1 [1013 kB]
Get:31 http://127.0.0.1:9999/debian unstable/main amd64 golang-1.10-src amd64 1.10.1-3 [11.5 MB]
Get:32 http://127.0.0.1:9999/debian unstable/main amd64 golang-1.10-go amd64 1.10.1-3 [28.6 MB]
Get:33 http://127.0.0.1:9999/debian unstable/main amd64 golang-src amd64 2:1.10~5 [4120 B]
Get:34 http://127.0.0.1:9999/debian unstable/main amd64 golang-go amd64 2:1.10~5 [23.2 kB]
Get:35 http://127.0.0.1:9999/debian unstable/main amd64 golang-any amd64 2:1.10~5 [4244 B]
debconf: delaying package configuration, since apt-utils is not installed
Fetched 60.0 MB in 1s (91.4 MB/s)
Selecting previously unselected package bsdmainutils.
(Reading database ... 10771 files and directories currently installed.)
Preparing to unpack .../00-bsdmainutils_11.1.2_amd64.deb ...
Unpacking bsdmainutils (11.1.2) ...
Selecting previously unselected package groff-base.
Preparing to unpack .../01-groff-base_1.22.3-10_amd64.deb ...
Unpacking groff-base (1.22.3-10) ...
Selecting previously unselected package libpipeline1:amd64.
Preparing to unpack .../02-libpipeline1_1.5.0-1_amd64.deb ...
Unpacking libpipeline1:amd64 (1.5.0-1) ...
Selecting previously unselected package man-db.
Preparing to unpack .../03-man-db_2.8.3-2_amd64.deb ...
Unpacking man-db (2.8.3-2) ...
Selecting previously unselected package netbase.
Preparing to unpack .../04-netbase_5.4_all.deb ...
Unpacking netbase (5.4) ...
Selecting previously unselected package libmagic-mgc.
Preparing to unpack .../05-libmagic-mgc_1%3a5.33-2_amd64.deb ...
Unpacking libmagic-mgc (1:5.33-2) ...
Selecting previously unselected package libmagic1:amd64.
Preparing to unpack .../06-libmagic1_1%3a5.33-2_amd64.deb ...
Unpacking libmagic1:amd64 (1:5.33-2) ...
Selecting previously unselected package file.
Preparing to unpack .../07-file_1%3a5.33-2_amd64.deb ...
Unpacking file (1:5.33-2) ...
Selecting previously unselected package gettext-base.
Preparing to unpack .../08-gettext-base_0.19.8.1-6_amd64.deb ...
Unpacking gettext-base (0.19.8.1-6) ...
Selecting previously unselected package libsigsegv2:amd64.
Preparing to unpack .../09-libsigsegv2_2.12-2_amd64.deb ...
Unpacking libsigsegv2:amd64 (2.12-2) ...
Selecting previously unselected package m4.
Preparing to unpack .../10-m4_1.4.18-1_amd64.deb ...
Unpacking m4 (1.4.18-1) ...
Selecting previously unselected package autoconf.
Preparing to unpack .../11-autoconf_2.69-11_all.deb ...
Unpacking autoconf (2.69-11) ...
Selecting previously unselected package autotools-dev.
Preparing to unpack .../12-autotools-dev_20180224.1_all.deb ...
Unpacking autotools-dev (20180224.1) ...
Selecting previously unselected package automake.
Preparing to unpack .../13-automake_1%3a1.15.1-3.1_all.deb ...
Unpacking automake (1:1.15.1-3.1) ...
Selecting previously unselected package autopoint.
Preparing to unpack .../14-autopoint_0.19.8.1-6_all.deb ...
Unpacking autopoint (0.19.8.1-6) ...
Selecting previously unselected package libtool.
Preparing to unpack .../15-libtool_2.4.6-2.1_all.deb ...
Unpacking libtool (2.4.6-2.1) ...
Selecting previously unselected package dh-autoreconf.
Preparing to unpack .../16-dh-autoreconf_17_all.deb ...
Unpacking dh-autoreconf (17) ...
Selecting previously unselected package libarchive-zip-perl.
Preparing to unpack .../17-libarchive-zip-perl_1.60-1_all.deb ...
Unpacking libarchive-zip-perl (1.60-1) ...
Selecting previously unselected package libfile-stripnondeterminism-perl.
Preparing to unpack .../18-libfile-stripnondeterminism-perl_0.041-1_all.deb ...
Unpacking libfile-stripnondeterminism-perl (0.041-1) ...
Selecting previously unselected package libtimedate-perl.
Preparing to unpack .../19-libtimedate-perl_2.3000-2_all.deb ...
Unpacking libtimedate-perl (2.3000-2) ...
Selecting previously unselected package dh-strip-nondeterminism.
Preparing to unpack .../20-dh-strip-nondeterminism_0.041-1_all.deb ...
Unpacking dh-strip-nondeterminism (0.041-1) ...
Selecting previously unselected package libglib2.0-0:amd64.
Preparing to unpack .../21-libglib2.0-0_2.56.1-2_amd64.deb ...
Unpacking libglib2.0-0:amd64 (2.56.1-2) ...
Selecting previously unselected package libicu57:amd64.
Preparing to unpack .../22-libicu57_57.1-9_amd64.deb ...
Unpacking libicu57:amd64 (57.1-9) ...
Selecting previously unselected package libxml2:amd64.
Preparing to unpack .../23-libxml2_2.9.4+dfsg1-6.1_amd64.deb ...
Unpacking libxml2:amd64 (2.9.4+dfsg1-6.1) ...
Selecting previously unselected package libcroco3:amd64.
Preparing to unpack .../24-libcroco3_0.6.12-2_amd64.deb ...
Unpacking libcroco3:amd64 (0.6.12-2) ...
Selecting previously unselected package gettext.
Preparing to unpack .../25-gettext_0.19.8.1-6_amd64.deb ...
Unpacking gettext (0.19.8.1-6) ...
Selecting previously unselected package intltool-debian.
Preparing to unpack .../26-intltool-debian_0.35.0+20060710.4_all.deb ...
Unpacking intltool-debian (0.35.0+20060710.4) ...
Selecting previously unselected package po-debconf.
Preparing to unpack .../27-po-debconf_1.0.20_all.deb ...
Unpacking po-debconf (1.0.20) ...
Selecting previously unselected package debhelper.
Preparing to unpack .../28-debhelper_11.2.1_all.deb ...
Unpacking debhelper (11.2.1) ...
Selecting previously unselected package golang-1.10-src.
Preparing to unpack .../29-golang-1.10-src_1.10.1-3_amd64.deb ...
Unpacking golang-1.10-src (1.10.1-3) ...
Selecting previously unselected package golang-1.10-go.
Preparing to unpack .../30-golang-1.10-go_1.10.1-3_amd64.deb ...
Unpacking golang-1.10-go (1.10.1-3) ...
Selecting previously unselected package golang-src.
Preparing to unpack .../31-golang-src_2%3a1.10~5_amd64.deb ...
Unpacking golang-src (2:1.10~5) ...
Selecting previously unselected package golang-go.
Preparing to unpack .../32-golang-go_2%3a1.10~5_amd64.deb ...
Unpacking golang-go (2:1.10~5) ...
Selecting previously unselected package golang-any.
Preparing to unpack .../33-golang-any_2%3a1.10~5_amd64.deb ...
Unpacking golang-any (2:1.10~5) ...
Selecting previously unselected package sbuild-build-depends-golang-1.6-dummy.
Preparing to unpack .../34-sbuild-build-depends-golang-1.6-dummy_0.invalid.0_amd64.deb ...
Unpacking sbuild-build-depends-golang-1.6-dummy (0.invalid.0) ...
Setting up libarchive-zip-perl (1.60-1) ...
Setting up libtimedate-perl (2.3000-2) ...
Setting up libsigsegv2:amd64 (2.12-2) ...
Setting up groff-base (1.22.3-10) ...
Setting up libglib2.0-0:amd64 (2.56.1-2) ...
No schema files found: doing nothing.
Setting up gettext-base (0.19.8.1-6) ...
Setting up libpipeline1:amd64 (1.5.0-1) ...
Setting up m4 (1.4.18-1) ...
Setting up libicu57:amd64 (57.1-9) ...
Setting up libxml2:amd64 (2.9.4+dfsg1-6.1) ...
Setting up libmagic-mgc (1:5.33-2) ...
Setting up libmagic1:amd64 (1:5.33-2) ...
Setting up libcroco3:amd64 (0.6.12-2) ...
Setting up golang-1.10-src (1.10.1-3) ...
Processing triggers for libc-bin (2.27-3) ...
Setting up autotools-dev (20180224.1) ...
Setting up bsdmainutils (11.1.2) ...
update-alternatives: using /usr/bin/bsd-write to provide /usr/bin/write (write) in auto mode
update-alternatives: using /usr/bin/bsd-from to provide /usr/bin/from (from) in auto mode
Setting up autopoint (0.19.8.1-6) ...
Setting up netbase (5.4) ...
Setting up libfile-stripnondeterminism-perl (0.041-1) ...
Setting up gettext (0.19.8.1-6) ...
Setting up golang-src (2:1.10~5) ...
Setting up autoconf (2.69-11) ...
Setting up file (1:5.33-2) ...
Setting up golang-1.10-go (1.10.1-3) ...
Setting up intltool-debian (0.35.0+20060710.4) ...
Setting up automake (1:1.15.1-3.1) ...
update-alternatives: using /usr/bin/automake-1.15 to provide /usr/bin/automake (automake) in auto mode
Setting up man-db (2.8.3-2) ...
Not building database; man-db/auto-update is not 'true'.
Setting up libtool (2.4.6-2.1) ...
Setting up po-debconf (1.0.20) ...
Setting up golang-go (2:1.10~5) ...
Setting up golang-any (2:1.10~5) ...
Setting up dh-autoreconf (17) ...
Setting up dh-strip-nondeterminism (0.041-1) ...
Setting up debhelper (11.2.1) ...
Setting up sbuild-build-depends-golang-1.6-dummy (0.invalid.0) ...
Processing triggers for libc-bin (2.27-3) ...

+------------------------------------------------------------------------------+
| Build environment                                                            |
+------------------------------------------------------------------------------+

Kernel: Linux 4.9.0-5-amd64 amd64 (x86_64)
Toolchain package versions: binutils_2.30-16 dpkg-dev_1.19.0.5 g++-7_7.3.0-17 gcc-7_7.3.0-17 libc6-dev_2.27-3 libstdc++-7-dev_7.3.0-17 libstdc++6_8-20180425-1 linux-libc-dev_4.15.17-1
Package versions: adduser_3.117 apt_1.6.1 autoconf_2.69-11 automake_1:1.15.1-3.1 autopoint_0.19.8.1-6 autotools-dev_20180224.1 base-files_10.1 base-passwd_3.5.45 bash_4.4.18-2 binutils_2.30-16 binutils-common_2.30-16 binutils-x86-64-linux-gnu_2.30-16 bsdmainutils_11.1.2 bsdutils_1:2.31.1-0.5 build-essential_12.5 bzip2_1.0.6-8.1 clang-6.0_1:6.0-3 coreutils_8.28-1 cpp_4:7.3.0-3 cpp-7_7.3.0-17 dash_0.5.8-2.10 debconf_1.5.66 debfoster_2.7-2.1+b1 debhelper_11.2.1 debian-archive-keyring_2017.7 debianutils_4.8.4 dh-autoreconf_17 dh-strip-nondeterminism_0.041-1 diffutils_1:3.6-1 dpkg_1.19.0.5 dpkg-dev_1.19.0.5 e2fslibs_1.44.1-2 e2fsprogs_1.44.1-2 eatmydata_105-6 fakeroot_1.22-2 fdisk_2.31.1-0.5 file_1:5.33-2 findutils_4.6.0+git+20171230-2 g++_4:7.3.0-3 g++-7_7.3.0-17 gcc_4:7.3.0-3 gcc-6-base_6.4.0-17 gcc-7_7.3.0-17 gcc-7-base_7.3.0-17 gcc-8-base_8-20180425-1 gettext_0.19.8.1-6 gettext-base_0.19.8.1-6 golang-1.10-go_1.10.1-3 golang-1.10-src_1.10.1-3 golang-any_2:1.10~5 golang-go_2:1.10~5 golang-src_2:1.10~5 gpgv_2.2.5-1 grep_3.1-2 groff-base_1.22.3-10 gzip_1.6-5+b1 hostname_3.20 init-system-helpers_1.51 intltool-debian_0.35.0+20060710.4 lib32gcc1_1:8-20180425-1 lib32stdc++6_8-20180425-1 libacl1_2.2.52-3+b1 libapt-pkg5.0_1.6.1 libarchive-zip-perl_1.60-1 libasan4_7.3.0-17 libatomic1_8-20180425-1 libattr1_1:2.4.47-2+b2 libaudit-common_1:2.8.3-1 libaudit1_1:2.8.3-1 libbinutils_2.30-16 libblkid1_2.31.1-0.5 libbsd0_0.8.7-1 libbz2-1.0_1.0.6-8.1 libc-bin_2.27-3 libc-dev-bin_2.27-3 libc6_2.27-3 libc6-dev_2.27-3 libc6-i386_2.27-3 libcap-ng0_0.7.9-1 libcc1-0_8-20180425-1 libcilkrts5_7.3.0-17 libclang-common-6.0-dev_1:6.0-3 libclang1-6.0_1:6.0-3 libcom-err2_1.44.1-2 libcomerr2_1.44.1-2 libcroco3_0.6.12-2 libdb5.3_5.3.28-13.1+b1 libdebconfclient0_0.243 libdpkg-perl_1.19.0.5 libeatmydata1_105-6 libedit2_3.1-20170329-1 libext2fs2_1.44.1-2 libfakeroot_1.22-2 libfdisk1_2.31.1-0.5 libffi6_3.2.1-8 libfile-stripnondeterminism-perl_0.041-1 libgc1c2_1:7.4.2-8.2 libgcc-7-dev_7.3.0-17 libgcc1_1:8-20180425-1 libgcrypt20_1.8.2-2 libgdbm-compat4_1.14.1-6 libgdbm3_1.8.3-14 libgdbm5_1.14.1-6 libglib2.0-0_2.56.1-2 libgmp10_2:6.1.2+dfsg-3 libgnutls30_3.5.18-1 libgomp1_8-20180425-1 libgpg-error0_1.29-4 libhogweed4_3.4-1 libicu57_57.1-9 libidn2-0_2.0.4-1.1 libisl15_0.18-4 libisl19_0.19-1 libitm1_8-20180425-1 libjsoncpp1_1.7.4-3 libllvm6.0_1:6.0-3 liblsan0_8-20180425-1 liblz4-1_1.8.1.2-1 liblzma5_5.2.2-1.3 libmagic-mgc_1:5.33-2 libmagic1_1:5.33-2 libmount1_2.31.1-0.5 libmpc3_1.1.0-1 libmpfr4_3.1.6-1 libmpfr6_4.0.1-1 libmpx2_8-20180425-1 libncurses5_6.1+20180210-2 libncursesw5_6.1+20180210-2 libnettle6_3.4-1 libobjc-7-dev_7.3.0-17 libobjc4_8-20180425-1 libp11-kit0_0.23.10-2 libpam-modules_1.1.8-3.7 libpam-modules-bin_1.1.8-3.7 libpam-runtime_1.1.8-3.7 libpam0g_1.1.8-3.7 libpcre3_2:8.39-9 libperl5.26_5.26.2-3 libpipeline1_1.5.0-1 libquadmath0_8-20180425-1 libseccomp2_2.3.3-1 libselinux1_2.7-2+b2 libsemanage-common_2.7-2 libsemanage1_2.7-2+b2 libsepol1_2.7-1 libsigsegv2_2.12-2 libsmartcols1_2.31.1-0.5 libss2_1.44.1-2 libstdc++-7-dev_7.3.0-17 libstdc++6_8-20180425-1 libsystemd0_238-4 libtasn1-6_4.13-2 libtimedate-perl_2.3000-2 libtinfo5_6.1+20180210-2 libtinfo6_6.1+20180210-2 libtool_2.4.6-2.1 libtsan0_8-20180425-1 libubsan0_7.3.0-17 libudev1_238-4 libunistring2_0.9.8-1 libustr-1.0-1_1.0.4-6 libuuid1_2.31.1-0.5 libxml2_2.9.4+dfsg1-6.1 libzstd1_1.3.4+dfsg-1 linux-libc-dev_4.15.17-1 login_1:4.5-1 m4_1.4.18-1 make_4.2.1-1 man-db_2.8.3-2 mawk_1.3.3-17+b3 mount_2.31.1-0.5 multiarch-support_2.27-3 ncurses-base_6.1+20180210-2 ncurses-bin_6.1+20180210-2 netbase_5.4 passwd_1:4.5-1 patch_2.7.6-2 perl_5.26.2-3 perl-base_5.26.2-3 perl-modules-5.26_5.26.2-3 po-debconf_1.0.20 sbuild-build-depends-core-dummy_0.invalid.0 sbuild-build-depends-golang-1.6-dummy_0.invalid.0 sed_4.4-2 sensible-utils_0.0.12 sysvinit-utils_2.88dsf-59.10 tar_1.30+dfsg-1 util-linux_2.31.1-0.5 xz-utils_5.2.2-1.3 zlib1g_1:1.2.11.dfsg-1

+------------------------------------------------------------------------------+
| Build                                                                        |
+------------------------------------------------------------------------------+


Unpack source
-------------

gpgv: unknown type of key resource 'trustedkeys.kbx'
gpgv: keyblock resource '/sbuild-nonexistent/.gnupg/trustedkeys.kbx': General error
gpgv: Signature made Tue Jul 19 03:26:38 2016 UTC
gpgv:                using RSA key 11DF4294CCA39893
gpgv: Can't check signature: No public key
dpkg-source: warning: failed to verify signature on ./golang-1.6_1.6.3-1.dsc
dpkg-source: info: extracting golang-1.6 in /<<PKGBUILDDIR>>
dpkg-source: info: unpacking golang-1.6_1.6.3.orig.tar.gz
dpkg-source: info: unpacking golang-1.6_1.6.3-1.debian.tar.xz

Check disk space
----------------

Sufficient free space for build

User Environment
----------------

APT_CONFIG=/var/lib/sbuild/apt.conf
HOME=/sbuild-nonexistent
LANG=en_US.UTF-8
LC_ALL=POSIX
LOGNAME=user42
PATH=/usr/local/sbin:/usr/local/bin:/usr/sbin:/usr/bin:/sbin:/bin:/usr/games
SCHROOT_ALIAS_NAME=unstable-amd64-sbuild
SCHROOT_CHROOT_NAME=unstable-amd64-sbuild
SCHROOT_COMMAND=env
SCHROOT_GID=1001
SCHROOT_GROUP=user42
SCHROOT_SESSION_ID=unstable-amd64-sbuild-e1103cce-5cb4-48dc-be52-c83ec948100c
SCHROOT_UID=1001
SCHROOT_USER=user42
SHELL=/bin/sh
USER=user42

dpkg-buildpackage
-----------------

dpkg-buildpackage: info: source package golang-1.6
dpkg-buildpackage: info: source version 1.6.3-1
dpkg-buildpackage: info: source distribution unstable
dpkg-buildpackage: info: source changed by Michael Hudson-Doyle <michael.hudson@ubuntu.com>
 dpkg-source --before-build golang-1.6-1.6.3
dpkg-buildpackage: info: host architecture amd64
 fakeroot debian/rules clean
dh --parallel  clean
dh: Compatibility levels before 9 are deprecated (level 7 in use)
   debian/rules override_dh_auto_clean
make[1]: Entering directory '/<<PKGBUILDDIR>>'
{ \
	echo '#'; \
	echo '# WARNING: "debian/control" is generated via "debian/rules gencontrol" (sourced from "debian/control.in")'; \
	echo '#'; \
	echo; \
	sed -e 's/golang-X.Y/golang-1.6/g' debian/control.in; \
} > debian/control
{ \
	echo '# WARNING: "debian/gbp.conf" is generated via "debian/rules gencontrol" (sourced from "debian/gbp.conf.in")'; \
	echo; \
	sed -e 's/X\.Y/1.6/g' debian/gbp.conf.in; \
} > debian/gbp.conf
{ \
	echo '# WARNING: "debian/watch" is generated via "debian/rules gencontrol" (sourced from "debian/watch.in")'; \
	echo; \
	sed -e 's/X\.Y/1.6/g' debian/watch.in; \
} > debian/watch
# remove autogenerated files
rm -f \
	src/cmd/cgo/zdefaultcc.go \
	src/cmd/go/zdefaultcc.go \
	src/cmd/internal/obj/zbootstrap.go \
	src/runtime/internal/sys/zversion.go
# remove built objects
rm -rf bin pkg
make[1]: Leaving directory '/<<PKGBUILDDIR>>'
   dh_clean -O--parallel
dh_clean: Compatibility levels before 9 are deprecated (level 7 in use)
 debian/rules build-arch
dh --parallel  build-arch
dh: Compatibility levels before 9 are deprecated (level 7 in use)
   dh_update_autotools_config -a -O--parallel
   debian/rules override_dh_auto_build-arch
make[1]: Entering directory '/<<PKGBUILDDIR>>'
[ -f VERSION ] || echo "debian snapshot +$(dpkg-parsechangelog -SVersion)" > VERSION
export GOROOT_BOOTSTRAP=$(env -i go env GOROOT) \
	&& cd src \
	&& /<<PKGBUILDDIR>>/debian/helpers/goenv.sh \
		bash ./make.bash --no-banner
##### Building Go bootstrap tool.
cmd/dist
go: disabling cache (/sbuild-nonexistent/.cache/go-build) due to initialization failure: mkdir /sbuild-nonexistent: permission denied

##### Building Go toolchain using /usr/lib/go-1.10.
go: disabling cache (/sbuild-nonexistent/.cache/go-build) due to initialization failure: mkdir /sbuild-nonexistent: permission denied
bootstrap/asm/internal/flags
bootstrap/internal/gcprog
bootstrap/internal/obj
bootstrap/compile/internal/big
bootstrap/internal/obj/mips
bootstrap/internal/obj/ppc64
bootstrap/asm/internal/lex
bootstrap/internal/obj/arm
bootstrap/internal/obj/x86
bootstrap/internal/obj/arm64
bootstrap/link/internal/ld
bootstrap/compile/internal/gc
bootstrap/asm/internal/arch
bootstrap/asm/internal/asm
bootstrap/asm
bootstrap/link/internal/amd64
bootstrap/link/internal/mips64
bootstrap/link/internal/arm
bootstrap/link/internal/arm64
bootstrap/link/internal/ppc64
bootstrap/link/internal/x86
bootstrap/link
bootstrap/compile/internal/ppc64
bootstrap/compile/internal/mips64
bootstrap/compile/internal/amd64
bootstrap/compile/internal/arm64
bootstrap/compile/internal/x86
bootstrap/compile/internal/arm
bootstrap/compile

##### Building go_bootstrap for host, linux/amd64.
runtime/internal/sys
runtime/internal/atomic
runtime
unicode/utf16
unicode
internal/race
math
encoding
unicode/utf8
sort
sync/atomic
errors
internal/syscall/windows/sysdll
sync
container/heap
internal/singleflight
io
syscall
hash
hash/adler32
bytes
strings
strconv
bufio
path
internal/syscall/windows
internal/syscall/windows/registry
time
reflect
crypto
regexp/syntax
encoding/base64
crypto/sha1
os
regexp
encoding/binary
fmt
path/filepath
os/signal
io/ioutil
os/exec
log
debug/dwarf
encoding/json
compress/flate
net/url
flag
text/template/parse
go/token
go/scanner
go/ast
compress/zlib
text/template
debug/macho
debug/elf
go/parser
go/doc
go/build
cmd/go

##### Building packages and commands for linux/amd64.
runtime/internal/sys
runtime/internal/atomic
runtime
errors
internal/race
sync/atomic
unicode
unicode/utf8
math
sort
container/list
container/ring
crypto/subtle
encoding
unicode/utf16
image/color
internal/syscall/windows/sysdll
sync
runtime/race
cmd/vet/internal/whitelist
container/heap
io
syscall
internal/singleflight
image/color/palette
hash
crypto/cipher
runtime/trace
hash/crc32
hash/adler32
crypto/hmac
hash/crc64
hash/fnv
bytes
strings
strconv
math/rand
math/cmplx
bufio
text/tabwriter
path
html
time
internal/syscall/unix
compress/bzip2
reflect
regexp/syntax
crypto
crypto/aes
crypto/rc4
encoding/base64
encoding/ascii85
crypto/sha512
crypto/md5
crypto/sha1
crypto/sha256
encoding/pem
encoding/base32
image
os
regexp
image/internal/imageutil
image/draw
image/jpeg
encoding/binary
path/filepath
fmt
runtime/debug
os/signal
cmd/pprof/internal/svg
index/suffixarray
crypto/des
io/ioutil
os/exec
cmd/internal/unvendor/golang.org/x/arch/x86/x86asm
flag
log
cmd/internal/unvendor/golang.org/x/arch/arm/armasm
compress/flate
debug/dwarf
debug/gosym
debug/plan9obj
archive/tar
compress/lzw
math/big
encoding/hex
cmd/internal/obj
go/token
compress/zlib
archive/zip
compress/gzip
go/scanner
database/sql/driver
debug/elf
debug/macho
debug/pe
go/ast
database/sql
cmd/internal/goobj
encoding/csv
encoding/gob
encoding/json
encoding/xml
internal/golang.org/x/net/http2/hpack
crypto/dsa
crypto/elliptic
cmd/internal/objfile
encoding/asn1
crypto/rand
mime
crypto/rsa
go/parser
crypto/x509/pkix
crypto/ecdsa
cmd/addr2line
go/printer
mime/quotedprintable
net/http/internal
net/url
text/template/parse
go/constant
text/scanner
image/gif
image/png
runtime/pprof
internal/trace
net/internal/socktest
testing
go/types
cmd/cgo
go/format
testing/iotest
testing/quick
cmd/internal/obj/arm
cmd/internal/obj/arm64
text/template
internal/testenv
cmd/internal/obj/mips
cmd/internal/obj/ppc64
cmd/internal/obj/x86
cmd/asm/internal/flags
cmd/asm/internal/lex
cmd/compile/internal/big
go/doc
html/template
cmd/internal/gcprog
cmd/dist
cmd/fix
go/build
cmd/asm/internal/arch
cmd/compile/internal/gc
cmd/gofmt
cmd/asm/internal/asm
cmd/cover
go/internal/gccgoimporter
go/internal/gcimporter
cmd/api
cmd/asm
go/importer
cmd/doc
runtime/cgo
cmd/link/internal/ld
cmd/nm
cmd/objdump
cmd/pack
cmd/pprof/internal/profile
# runtime/cgo
clang: warning: argument unused during compilation: '-pthread' [-Wunused-command-line-argument]
cmd/pprof/internal/tempfile
net
os/user
cmd/vet
cmd/yacc
cmd/pprof/internal/plugin
cmd/pprof/internal/report
cmd/pprof/internal/symbolizer
cmd/pprof/internal/symbolz
# os/user
clang: warning: argument unused during compilation: '-pthread' [-Wunused-command-line-argument]
cmd/link/internal/amd64
cmd/link/internal/arm
cmd/link/internal/arm64
cmd/link/internal/mips64
cmd/link/internal/ppc64
cmd/link/internal/x86
cmd/pprof/internal/commands
cmd/pprof/internal/driver
cmd/link
# net
clang: warning: argument unused during compilation: '-pthread' [-Wunused-command-line-argument]
crypto/x509
net/textproto
log/syslog
mime/multipart
net/mail
cmd/compile/internal/amd64
cmd/compile/internal/arm
cmd/compile/internal/arm64
cmd/compile/internal/mips64
cmd/compile/internal/ppc64
cmd/compile/internal/x86
crypto/tls
cmd/compile
net/http
net/smtp
expvar
net/http/cgi
net/http/cookiejar
net/http/httptest
net/http/httputil
net/http/pprof
net/rpc
cmd/go
cmd/pprof/internal/fetch
cmd/trace
net/http/fcgi
cmd/pprof
net/rpc/jsonrpc

make[1]: Leaving directory '/<<PKGBUILDDIR>>'
   debian/rules override_dh_auto_test-arch
make[1]: Entering directory '/<<PKGBUILDDIR>>'
set -ex; \
	cd src; \
	export PATH="/<<PKGBUILDDIR>>/bin:$PATH"; \
	eval "$(go tool dist env)"; \
	bash run.bash -k -no-rebuild;
+ cd src
+ export PATH=/<<PKGBUILDDIR>>/bin:/usr/local/sbin:/usr/local/bin:/usr/sbin:/usr/bin:/sbin:/bin:/usr/games
+ go tool dist env
+ eval CC="gcc"
CC_FOR_TARGET="gcc"
GOROOT="/<<PKGBUILDDIR>>"
GOBIN="/<<PKGBUILDDIR>>/bin"
GOARCH="amd64"
GOOS="linux"
GOHOSTARCH="amd64"
GOHOSTOS="linux"
GOTOOLDIR="/<<PKGBUILDDIR>>/pkg/tool/linux_amd64"
+ CC=gcc
+ CC_FOR_TARGET=gcc
+ GOROOT=/<<PKGBUILDDIR>>
+ GOBIN=/<<PKGBUILDDIR>>/bin
+ GOARCH=amd64
+ GOOS=linux
+ GOHOSTARCH=amd64
+ GOHOSTOS=linux
+ GOTOOLDIR=/<<PKGBUILDDIR>>/pkg/tool/linux_amd64
+ bash run.bash -k -no-rebuild

##### Testing packages.
ok  	archive/tar	0.022s
ok  	archive/zip	0.156s
ok  	bufio	0.142s
ok  	bytes	0.135s
ok  	compress/bzip2	0.163s
ok  	compress/flate	0.254s
ok  	compress/gzip	0.073s
ok  	compress/lzw	0.005s
ok  	compress/zlib	0.034s
ok  	container/heap	0.045s
ok  	container/list	0.031s
ok  	container/ring	0.032s
ok  	crypto/aes	0.037s
ok  	crypto/cipher	0.023s
ok  	crypto/des	0.029s
ok  	crypto/dsa	0.030s
ok  	crypto/ecdsa	0.080s
ok  	crypto/elliptic	0.051s
ok  	crypto/hmac	0.003s
ok  	crypto/md5	0.004s
ok  	crypto/rand	0.014s
ok  	crypto/rc4	0.250s
ok  	crypto/rsa	0.205s
ok  	crypto/sha1	0.025s
ok  	crypto/sha256	0.017s
ok  	crypto/sha512	0.007s
ok  	crypto/subtle	0.006s
ok  	crypto/tls	1.788s
ok  	crypto/x509	1.844s
ok  	database/sql	0.082s
ok  	database/sql/driver	0.003s
ok  	debug/dwarf	0.063s
ok  	debug/elf	0.055s
ok  	debug/gosym	0.488s
ok  	debug/macho	0.004s
ok  	debug/pe	0.045s
ok  	debug/plan9obj	0.026s
ok  	encoding/ascii85	0.026s
ok  	encoding/asn1	0.005s
ok  	encoding/base32	0.010s
ok  	encoding/base64	0.023s
ok  	encoding/binary	0.024s
ok  	encoding/csv	0.017s
ok  	encoding/gob	0.133s
ok  	encoding/hex	0.003s
ok  	encoding/json	0.374s
ok  	encoding/pem	0.029s
ok  	encoding/xml	0.011s
ok  	errors	0.012s
ok  	expvar	0.026s
ok  	flag	0.020s
ok  	fmt	0.203s
ok  	go/ast	0.022s
ok  	go/build	0.123s
ok  	go/constant	0.025s
ok  	go/doc	0.084s
ok  	go/format	0.011s
ok  	go/internal/gccgoimporter	0.009s
ok  	go/internal/gcimporter	0.387s
ok  	go/parser	0.085s
ok  	go/printer	0.602s
ok  	go/scanner	0.004s
ok  	go/token	0.029s
ok  	go/types	0.992s
ok  	hash/adler32	0.013s
ok  	hash/crc32	0.016s
ok  	hash/crc64	0.020s
ok  	hash/fnv	0.023s
ok  	html	0.020s
ok  	html/template	0.047s
ok  	image	0.203s
ok  	image/color	0.120s
ok  	image/draw	0.125s
ok  	image/gif	0.163s
ok  	image/jpeg	0.273s
ok  	image/png	0.091s
ok  	index/suffixarray	0.010s
ok  	internal/golang.org/x/net/http2/hpack	0.017s
ok  	internal/singleflight	0.040s
ok  	internal/trace	0.030s
ok  	io	0.019s
ok  	io/ioutil	0.006s
ok  	log	0.015s
# net
clang: warning: argument unused during compilation: '-pthread' [-Wunused-command-line-argument]
ok  	log/syslog	2.032s
ok  	math	0.015s
ok  	math/big	0.634s
ok  	math/cmplx	0.006s
ok  	math/rand	0.172s
ok  	mime	0.011s
ok  	mime/multipart	0.787s
ok  	mime/quotedprintable	0.324s
# os/user
clang: warning: argument unused during compilation: '-pthread' [-Wunused-command-line-argument]
ok  	net	1.434s
ok  	net/http	9.899s
ok  	net/http/cgi	0.593s
ok  	net/http/cookiejar	0.011s
ok  	net/http/fcgi	0.032s
ok  	net/http/httptest	0.009s
ok  	net/http/httputil	0.053s
ok  	net/http/internal	0.018s
ok  	net/internal/socktest	0.025s
ok  	net/mail	0.022s
ok  	net/rpc	0.025s
ok  	net/rpc/jsonrpc	0.008s
ok  	net/smtp	0.065s
ok  	net/textproto	0.025s
ok  	net/url	0.018s
ok  	os	0.308s
ok  	os/exec	0.279s
ok  	os/signal	4.434s
ok  	os/user	0.005s
ok  	path	0.018s
ok  	path/filepath	0.016s
ok  	reflect	0.119s
ok  	regexp	0.154s
ok  	regexp/syntax	0.513s
ok  	runtime	23.729s
ok  	runtime/debug	0.025s
ok  	runtime/internal/atomic	0.115s
ok  	runtime/pprof	1.655s
ok  	runtime/trace	2.020s
ok  	sort	0.077s
ok  	strconv	0.616s
ok  	strings	0.169s
ok  	sync	0.147s
ok  	sync/atomic	1.189s
ok  	syscall	0.048s
ok  	testing	2.047s
ok  	testing/quick	0.086s
ok  	text/scanner	0.022s
ok  	text/tabwriter	0.004s
ok  	text/template	0.088s
ok  	text/template/parse	0.008s
ok  	time	2.560s
ok  	unicode	0.004s
ok  	unicode/utf16	0.037s
ok  	unicode/utf8	0.038s
ok  	cmd/addr2line	1.866s
ok  	cmd/api	0.008s
ok  	cmd/asm/internal/asm	0.204s
ok  	cmd/asm/internal/lex	0.031s
ok  	cmd/compile/internal/big	1.265s
ok  	cmd/compile/internal/gc	0.607s
ok  	cmd/cover	3.498s
ok  	cmd/doc	0.032s
ok  	cmd/fix	0.016s
ok  	cmd/go	32.730s
ok  	cmd/gofmt	0.035s
ok  	cmd/internal/goobj	0.058s
ok  	cmd/internal/obj	0.003s
ok  	cmd/internal/obj/x86	0.020s
ok  	cmd/internal/unvendor/golang.org/x/arch/arm/armasm	0.040s
ok  	cmd/internal/unvendor/golang.org/x/arch/x86/x86asm	0.455s
ok  	cmd/nm	2.018s
ok  	cmd/objdump	4.198s
ok  	cmd/pack	3.232s
ok  	cmd/pprof/internal/profile	0.013s
ok  	cmd/vet	2.494s

##### GOMAXPROCS=2 runtime -cpu=1,2,4
ok  	runtime	39.825s

##### Testing without libgcc.
ok  	crypto/x509	0.903s
# net
clang: warning: argument unused during compilation: '-pthread' [-Wunused-command-line-argument]
ok  	net	0.006s
# os/user
clang: warning: argument unused during compilation: '-pthread' [-Wunused-command-line-argument]
ok  	os/user	0.006s

##### sync -cpu=10
ok  	sync	0.125s

##### ../misc/cgo/stdio
# go run run.go -- chain.go
incorrect output
# _/<<PKGBUILDDIR>>/misc/cgo/stdio
clang: warning: argument unused during compilation: '-pthread' [-Wunused-command-line-argument]
0
1
2
3
4
5
6
7
8
9
10
0
1
2
3
4
5
6
7
8
9
10
0
1
2
3
4
5
6
7
8
9
10
0
1
2
3
4
5
6
7
8
9
10
0
1
2
3
4
5
6
7
8
9
10

FAIL	chain.go	1.316s
# go run run.go -- fib.go
incorrect output
# _/<<PKGBUILDDIR>>/misc/cgo/stdio
clang: warning: argument unused during compilation: '-pthread' [-Wunused-command-line-argument]
0
1
1
2
3
5
8
13
21
34
55
89
144
233
377
610
987
1597
2584
4181
6765
10946
17711
28657
46368
75025
121393
196418
317811
514229
832040
1346269
2178309
3524578
5702887
9227465
14930352
24157817
39088169
63245986
102334155
165580141
267914296
433494437
701408733
1134903170
1836311903
2971215073
4807526976
7778742049
12586269025
20365011074
32951280099
53316291173
86267571272
139583862445
225851433717
365435296162
591286729879
956722026041
1548008755920
2504730781961
4052739537881
6557470319842
10610209857723
17167680177565
27777890035288
44945570212853
72723460248141
117669030460994
190392490709135
308061521170129
498454011879264
806515533049393
1304969544928657
2111485077978050
3416454622906707
5527939700884757
8944394323791464
14472334024676221
23416728348467685
37889062373143906
61305790721611591
99194853094755497
160500643816367088
259695496911122585
420196140727489673
679891637638612258
1100087778366101931
1779979416004714189
2880067194370816120

FAIL	fib.go	1.276s
# go run run.go -- hello.go
incorrect output
# _/<<PKGBUILDDIR>>/misc/cgo/stdio
clang: warning: argument unused during compilation: '-pthread' [-Wunused-command-line-argument]
hello, world

FAIL	hello.go	1.341s
exit status 1
2018/05/02 12:02:44 Failed: exit status 1

##### ../misc/cgo/life
# go run run.go -- main.go
incorrect output
# _/<<PKGBUILDDIR>>/misc/cgo/life
clang: warning: argument unused during compilation: '-pthread' [-Wunused-command-line-argument]
                
                
  XXX     XXX   
                
                
                
                
                
                
                
  XXX     XXX   
                
                
                
                
                

FAIL	main.go	1.303s
exit status 1
2018/05/02 12:02:44 Failed: exit status 1

##### ../misc/cgo/test
# _/<<PKGBUILDDIR>>/misc/cgo/test/gcc68255
clang: warning: argument unused during compilation: '-pthread' [-Wunused-command-line-argument]
# _/<<PKGBUILDDIR>>/misc/cgo/test/issue8828
clang: warning: argument unused during compilation: '-pthread' [-Wunused-command-line-argument]
# _/<<PKGBUILDDIR>>/misc/cgo/test/issue9026
clang: warning: argument unused during compilation: '-pthread' [-Wunused-command-line-argument]
# _/<<PKGBUILDDIR>>/misc/cgo/test/issue9510a
clang: warning: argument unused during compilation: '-pthread' [-Wunused-command-line-argument]
# _/<<PKGBUILDDIR>>/misc/cgo/test/issue9510b
clang: warning: argument unused during compilation: '-pthread' [-Wunused-command-line-argument]
# _/<<PKGBUILDDIR>>/misc/cgo/test
clang: warning: argument unused during compilation: '-pthread' [-Wunused-command-line-argument]
clang: warning: argument unused during compilation: '-pthread' [-Wunused-command-line-argument]
clang: warning: argument unused during compilation: '-pthread' [-Wunused-command-line-argument]
PASS
ok  	_/<<PKGBUILDDIR>>/misc/cgo/test	1.663s
# _/<<PKGBUILDDIR>>/misc/cgo/test/issue9026
clang: warning: argument unused during compilation: '-pthread' [-Wunused-command-line-argument]
# _/<<PKGBUILDDIR>>/misc/cgo/test/issue9510b
clang: warning: argument unused during compilation: '-pthread' [-Wunused-command-line-argument]
# _/<<PKGBUILDDIR>>/misc/cgo/test/gcc68255
clang: warning: argument unused during compilation: '-pthread' [-Wunused-command-line-argument]
# _/<<PKGBUILDDIR>>/misc/cgo/test/issue9510a
clang: warning: argument unused during compilation: '-pthread' [-Wunused-command-line-argument]
# _/<<PKGBUILDDIR>>/misc/cgo/test/issue8828
clang: warning: argument unused during compilation: '-pthread' [-Wunused-command-line-argument]
# _/<<PKGBUILDDIR>>/misc/cgo/test
clang: warning: argument unused during compilation: '-pthread' [-Wunused-command-line-argument]
clang: warning: argument unused during compilation: '-pthread' [-Wunused-command-line-argument]
clang: warning: argument unused during compilation: '-pthread' [-Wunused-command-line-argument]
PASS
ok  	_/<<PKGBUILDDIR>>/misc/cgo/test	1.650s
# _/<<PKGBUILDDIR>>/misc/cgo/test/issue9510a
clang: warning: argument unused during compilation: '-pthread' [-Wunused-command-line-argument]
# _/<<PKGBUILDDIR>>/misc/cgo/test/issue9510b
clang: warning: argument unused during compilation: '-pthread' [-Wunused-command-line-argument]
# _/<<PKGBUILDDIR>>/misc/cgo/test/issue9026
clang: warning: argument unused during compilation: '-pthread' [-Wunused-command-line-argument]
# _/<<PKGBUILDDIR>>/misc/cgo/test/gcc68255
clang: warning: argument unused during compilation: '-pthread' [-Wunused-command-line-argument]
# _/<<PKGBUILDDIR>>/misc/cgo/test/issue8828
clang: warning: argument unused during compilation: '-pthread' [-Wunused-command-line-argument]
# _/<<PKGBUILDDIR>>/misc/cgo/test
clang: warning: argument unused during compilation: '-pthread' [-Wunused-command-line-argument]
clang: warning: argument unused during compilation: '-pthread' [-Wunused-command-line-argument]
clang: warning: argument unused during compilation: '-pthread' [-Wunused-command-line-argument]
PASS
ok  	_/<<PKGBUILDDIR>>/misc/cgo/test	1.668s
# _/<<PKGBUILDDIR>>/misc/cgo/testtls
clang: warning: argument unused during compilation: '-pthread' [-Wunused-command-line-argument]
PASS
ok  	_/<<PKGBUILDDIR>>/misc/cgo/testtls	0.003s
# _/<<PKGBUILDDIR>>/misc/cgo/testtls
clang: warning: argument unused during compilation: '-pthread' [-Wunused-command-line-argument]
PASS
ok  	_/<<PKGBUILDDIR>>/misc/cgo/testtls	0.002s
# _/<<PKGBUILDDIR>>/misc/cgo/testtls
clang: warning: argument unused during compilation: '-pthread' [-Wunused-command-line-argument]
PASS
ok  	_/<<PKGBUILDDIR>>/misc/cgo/testtls	0.002s
PASS
ok  	_/<<PKGBUILDDIR>>/misc/cgo/nocgo	0.002s
PASS
ok  	_/<<PKGBUILDDIR>>/misc/cgo/nocgo	0.003s
PASS
ok  	_/<<PKGBUILDDIR>>/misc/cgo/nocgo	0.003s
# _/<<PKGBUILDDIR>>/misc/cgo/test/issue8828
clang: warning: argument unused during compilation: '-pthread' [-Wunused-command-line-argument]
# _/<<PKGBUILDDIR>>/misc/cgo/test/issue9026
clang: warning: argument unused during compilation: '-pthread' [-Wunused-command-line-argument]
# _/<<PKGBUILDDIR>>/misc/cgo/test/issue9510a
clang: warning: argument unused during compilation: '-pthread' [-Wunused-command-line-argument]
# _/<<PKGBUILDDIR>>/misc/cgo/test/issue9510b
clang: warning: argument unused during compilation: '-pthread' [-Wunused-command-line-argument]
# _/<<PKGBUILDDIR>>/misc/cgo/test/gcc68255
clang: warning: argument unused during compilation: '-pthread' [-Wunused-command-line-argument]
# _/<<PKGBUILDDIR>>/misc/cgo/test
clang: warning: argument unused during compilation: '-pthread' [-Wunused-command-line-argument]
clang: warning: argument unused during compilation: '-pthread' [-Wunused-command-line-argument]
clang: warning: argument unused during compilation: '-pthread' [-Wunused-command-line-argument]
PASS
ok  	_/<<PKGBUILDDIR>>/misc/cgo/test	1.646s
# _/<<PKGBUILDDIR>>/misc/cgo/testtls
clang: warning: argument unused during compilation: '-pthread' [-Wunused-command-line-argument]
PASS
ok  	_/<<PKGBUILDDIR>>/misc/cgo/testtls	0.011s
PASS
ok  	_/<<PKGBUILDDIR>>/misc/cgo/nocgo	0.023s

##### Testing race detector
# net
clang: warning: argument unused during compilation: '-pthread' [-Wunused-command-line-argument]
ok  	runtime/race	2.819s
ok  	flag	1.010s
ok  	os/exec	2.023s
# _/<<PKGBUILDDIR>>/misc/cgo/test/issue9510a
clang: warning: argument unused during compilation: '-pthread' [-Wunused-command-line-argument]
# _/<<PKGBUILDDIR>>/misc/cgo/test/issue9510b
clang: warning: argument unused during compilation: '-pthread' [-Wunused-command-line-argument]
# _/<<PKGBUILDDIR>>/misc/cgo/test/issue8828
clang: warning: argument unused during compilation: '-pthread' [-Wunused-command-line-argument]
# _/<<PKGBUILDDIR>>/misc/cgo/test/issue9026
clang: warning: argument unused during compilation: '-pthread' [-Wunused-command-line-argument]
# _/<<PKGBUILDDIR>>/misc/cgo/test/gcc68255
clang: warning: argument unused during compilation: '-pthread' [-Wunused-command-line-argument]
# _/<<PKGBUILDDIR>>/misc/cgo/test
clang: warning: argument unused during compilation: '-pthread' [-Wunused-command-line-argument]
clang: warning: argument unused during compilation: '-pthread' [-Wunused-command-line-argument]
clang: warning: argument unused during compilation: '-pthread' [-Wunused-command-line-argument]
PASS
scatter = 0x645060
hello from C
sqrt is: 0
ok  	_/<<PKGBUILDDIR>>/misc/cgo/test	3.041s
ok  	flag	1.008s
ok  	os/exec	2.021s

##### ../misc/cgo/testgodefs

##### ../misc/cgo/testso
# _/<<PKGBUILDDIR>>/misc/cgo/testso
clang: warning: argument unused during compilation: '-pthread' [-Wunused-command-line-argument]

##### ../misc/cgo/testsovar
# _/<<PKGBUILDDIR>>/misc/cgo/testsovar
clang: warning: argument unused during compilation: '-pthread' [-Wunused-command-line-argument]

##### ../misc/cgo/testcarchive
# p
clang: warning: argument unused during compilation: '-pthread' [-Wunused-command-line-argument]
# libgo
clang: warning: argument unused during compilation: '-pthread' [-Wunused-command-line-argument]
PASS
# command-line-arguments
clang: warning: argument unused during compilation: '-pthread' [-Wunused-command-line-argument]
PASS
# libgo
clang: warning: argument unused during compilation: '-pthread' [-Wunused-command-line-argument]
PASS
# libgo2
clang: warning: argument unused during compilation: '-pthread' [-Wunused-command-line-argument]
PASS
# libgo3
clang: warning: argument unused during compilation: '-pthread' [-Wunused-command-line-argument]
PASS
# libgo4
clang: warning: argument unused during compilation: '-pthread' [-Wunused-command-line-argument]
PASS
# libgo4
clang: warning: argument unused during compilation: '-pthread' [-Wunused-command-line-argument]

##### ../misc/cgo/testcshared
# runtime/cgo
clang: warning: argument unused during compilation: '-pthread' [-Wunused-command-line-argument]
# p
clang: warning: argument unused during compilation: '-pthread' [-Wunused-command-line-argument]
# libgo
clang: warning: argument unused during compilation: '-pthread' [-Wunused-command-line-argument]
# command-line-arguments
clang: warning: argument unused during compilation: '-pthread' [-Wunused-command-line-argument]
# libgo4
clang: warning: argument unused during compilation: '-pthread' [-Wunused-command-line-argument]
# libgo5
clang: warning: argument unused during compilation: '-pthread' [-Wunused-command-line-argument]
ok

##### ../misc/cgo/testshared
PASS
ok  	_/<<PKGBUILDDIR>>/misc/cgo/testshared	11.887s

##### ../misc/cgo/testasan
# command-line-arguments
clang: warning: argument unused during compilation: '-pthread' [-Wunused-command-line-argument]

##### ../misc/cgo/testsanitizers
# runtime/cgo
clang: warning: argument unused during compilation: '-pthread' [-Wunused-command-line-argument]
# runtime/msan
clang: warning: argument unused during compilation: '-pthread' [-Wunused-command-line-argument]
# net
clang: warning: argument unused during compilation: '-pthread' [-Wunused-command-line-argument]
# os/user
clang: warning: argument unused during compilation: '-pthread' [-Wunused-command-line-argument]
# runtime/cgo
clang: warning: argument unused during compilation: '-pthread' [-Wunused-command-line-argument]
# runtime/msan
clang: warning: argument unused during compilation: '-pthread' [-Wunused-command-line-argument]
# command-line-arguments
clang: warning: argument unused during compilation: '-pthread' [-Wunused-command-line-argument]
# runtime/cgo
clang: warning: argument unused during compilation: '-pthread' [-Wunused-command-line-argument]
# runtime/msan
clang: warning: argument unused during compilation: '-pthread' [-Wunused-command-line-argument]
# command-line-arguments
clang: warning: argument unused during compilation: '-pthread' [-Wunused-command-line-argument]
# runtime/cgo
clang: warning: argument unused during compilation: '-pthread' [-Wunused-command-line-argument]
# runtime/msan
clang: warning: argument unused during compilation: '-pthread' [-Wunused-command-line-argument]
# command-line-arguments
clang: warning: argument unused during compilation: '-pthread' [-Wunused-command-line-argument]
# runtime/cgo
clang: warning: argument unused during compilation: '-pthread' [-Wunused-command-line-argument]
# runtime/msan
clang: warning: argument unused during compilation: '-pthread' [-Wunused-command-line-argument]
# command-line-arguments
clang: warning: argument unused during compilation: '-pthread' [-Wunused-command-line-argument]
# runtime/cgo
clang: warning: argument unused during compilation: '-pthread' [-Wunused-command-line-argument]
# runtime/msan
clang: warning: argument unused during compilation: '-pthread' [-Wunused-command-line-argument]
# command-line-arguments
clang: warning: argument unused during compilation: '-pthread' [-Wunused-command-line-argument]

##### ../misc/cgo/errors

##### ../misc/cgo/testsigfwd
# command-line-arguments
./main.go:53:1: warning: control reaches end of non-void function [-Wreturn-type]
}
^
1 warning generated.
# command-line-arguments
clang: warning: argument unused during compilation: '-pthread' [-Wunused-command-line-argument]
clang: warning: argument unused during compilation: '-pthread' [-Wunused-command-line-argument]

##### ../test/bench/go1
testing: warning: no tests to run
PASS
ok  	_/<<PKGBUILDDIR>>/test/bench/go1	3.977s

##### ../test

##### API check
Go version is "go1.6.3", ignoring -next /<<PKGBUILDDIR>>/api/next.txt

FAILED
make[1]: *** [debian/rules:63: override_dh_auto_test-arch] Error 1
make[1]: Leaving directory '/<<PKGBUILDDIR>>'
make: *** [debian/rules:20: build-arch] Error 2
dpkg-buildpackage: error: debian/rules build-arch subprocess returned exit status 2
--------------------------------------------------------------------------------
Build finished at 2018-05-02T12:05:04Z

Finished
--------


+------------------------------------------------------------------------------+
| Cleanup                                                                      |
+------------------------------------------------------------------------------+

Purging /<<BUILDDIR>>
Not cleaning session: cloned chroot in use
E: Build failure (dpkg-buildpackage died)

+------------------------------------------------------------------------------+
| Summary                                                                      |
+------------------------------------------------------------------------------+

Build Architecture: amd64
Build Type: any
Build-Space: 310944
Build-Time: 293
Distribution: unstable
Fail-Stage: build
Host Architecture: amd64
Install-Time: 11
Job: golang-1.6_1.6.3-1
Machine Architecture: amd64
Package: golang-1.6
Package-Time: 319
Source-Version: 1.6.3-1
Space: 310944
Status: attempted
Version: 1.6.3-1
--------------------------------------------------------------------------------
Finished at 2018-05-02T12:05:04Z
Build needed 00:05:19, 310944k disk space
E: Build failure (dpkg-buildpackage died)
DC-Status: Failed 320.29195271s
DC-Time-Estimation: 320.29195271 versus expected 1 (r/m: 319.29195271 ; m: 1.0)
