DC-Build-Header: gpaw 1.3.0-2 / 2018-05-02 13:08:01 +0000
DC-Task: type:rebuild-binarch-only source:gpaw version:1.3.0-2 chroot:unstable esttime:114 logfile:/tmp/gpaw_1.3.0-2_unstable_clang60.log modes:clang60:binarch-only
DC-Sbuild-call: su user42 -c 'sbuild -n --arch-any --apt-update -d unstable -v  --chroot-setup-commands=/tmp/clang60 gpaw_1.3.0-2'
sbuild (Debian sbuild) 0.73.0 (23 Dec 2016) on ip-172-31-1-1.eu-central-1.compute.internal

+==============================================================================+
| gpaw 1.3.0-2 (amd64)                         Wed, 02 May 2018 13:08:02 +0000 |
+==============================================================================+

Package: gpaw
Version: 1.3.0-2
Source Version: 1.3.0-2
Distribution: unstable
Machine Architecture: amd64
Host Architecture: amd64
Build Architecture: amd64
Build Type: any

I: NOTICE: Log filtering will replace 'var/run/schroot/mount/unstable-amd64-sbuild-4c8a54cf-72a6-4e03-8106-dc0347d84430' with '<<CHROOT>>'

+------------------------------------------------------------------------------+
| Chroot Setup Commands                                                        |
+------------------------------------------------------------------------------+


/tmp/clang60
------------

+ echo 'Entering customization script...'
Entering customization script...
+ CLANG_VERSION=6.0
+ echo 'Install of clang-6.0'
Install of clang-6.0
+ apt-get update
Get:1 http://127.0.0.1:9999/debian unstable InRelease [242 kB]
Get:2 http://127.0.0.1:9999/debian unstable/main Sources.diff/Index [27.9 kB]
Get:3 http://127.0.0.1:9999/debian unstable/main amd64 Packages.diff/Index [27.9 kB]
Get:4 http://127.0.0.1:9999/debian unstable/main Sources 2018-05-02-0830.09.pdiff [16.2 kB]
Get:4 http://127.0.0.1:9999/debian unstable/main Sources 2018-05-02-0830.09.pdiff [16.2 kB]
Get:5 http://127.0.0.1:9999/debian unstable/main amd64 Packages 2018-05-02-0830.09.pdiff [1781 B]
Get:5 http://127.0.0.1:9999/debian unstable/main amd64 Packages 2018-05-02-0830.09.pdiff [1781 B]
Get:6 http://127.0.0.1:9999/debian unstable/main Translation-en [6016 kB]
Fetched 6332 kB in 2s (3423 kB/s)
Reading package lists...
+ apt-get install --yes --no-install-recommends --force-yes clang-6.0
Reading package lists...
Building dependency tree...
Reading state information...
The following additional packages will be installed:
  lib32gcc1 lib32stdc++6 libbsd0 libc6-i386 libclang-common-6.0-dev
  libclang1-6.0 libedit2 libjsoncpp1 libllvm6.0 libncurses5 libobjc-7-dev
  libobjc4
Suggested packages:
  gnustep gnustep-devel clang-6.0-doc
Recommended packages:
  llvm-6.0-dev python libomp-dev libgpm2
The following NEW packages will be installed:
  clang-6.0 lib32gcc1 lib32stdc++6 libbsd0 libc6-i386 libclang-common-6.0-dev
  libclang1-6.0 libedit2 libjsoncpp1 libllvm6.0 libncurses5 libobjc-7-dev
  libobjc4
0 upgraded, 13 newly installed, 0 to remove and 0 not upgraded.
Need to get 37.7 MB of archives.
After this operation, 187 MB of additional disk space will be used.
Get:1 http://127.0.0.1:9999/debian unstable/main amd64 libjsoncpp1 amd64 1.7.4-3 [75.6 kB]
Get:2 http://127.0.0.1:9999/debian unstable/main amd64 libbsd0 amd64 0.8.7-1 [92.1 kB]
Get:3 http://127.0.0.1:9999/debian unstable/main amd64 libncurses5 amd64 6.1+20180210-2 [95.7 kB]
Get:4 http://127.0.0.1:9999/debian unstable/main amd64 libedit2 amd64 3.1-20170329-1 [85.2 kB]
Get:5 http://127.0.0.1:9999/debian unstable/main amd64 libllvm6.0 amd64 1:6.0-3 [14.5 MB]
Get:6 http://127.0.0.1:9999/debian unstable/main amd64 libobjc4 amd64 8-20180425-1 [52.4 kB]
Get:7 http://127.0.0.1:9999/debian unstable/main amd64 libobjc-7-dev amd64 7.3.0-17 [204 kB]
Get:8 http://127.0.0.1:9999/debian unstable/main amd64 libc6-i386 amd64 2.27-3 [2855 kB]
Get:9 http://127.0.0.1:9999/debian unstable/main amd64 lib32gcc1 amd64 1:8-20180425-1 [47.8 kB]
Get:10 http://127.0.0.1:9999/debian unstable/main amd64 lib32stdc++6 amd64 8-20180425-1 [406 kB]
Get:11 http://127.0.0.1:9999/debian unstable/main amd64 libclang-common-6.0-dev amd64 1:6.0-3 [3102 kB]
Get:12 http://127.0.0.1:9999/debian unstable/main amd64 libclang1-6.0 amd64 1:6.0-3 [6995 kB]
Get:13 http://127.0.0.1:9999/debian unstable/main amd64 clang-6.0 amd64 1:6.0-3 [9175 kB]
debconf: delaying package configuration, since apt-utils is not installed
Fetched 37.7 MB in 0s (98.3 MB/s)
Selecting previously unselected package libjsoncpp1:amd64.
(Reading database ... (Reading database ... 5%(Reading database ... 10%(Reading database ... 15%(Reading database ... 20%(Reading database ... 25%(Reading database ... 30%(Reading database ... 35%(Reading database ... 40%(Reading database ... 45%(Reading database ... 50%(Reading database ... 55%(Reading database ... 60%(Reading database ... 65%(Reading database ... 70%(Reading database ... 75%(Reading database ... 80%(Reading database ... 85%(Reading database ... 90%(Reading database ... 95%(Reading database ... 100%(Reading database ... 10022 files and directories currently installed.)
Preparing to unpack .../00-libjsoncpp1_1.7.4-3_amd64.deb ...
Unpacking libjsoncpp1:amd64 (1.7.4-3) ...
Selecting previously unselected package libbsd0:amd64.
Preparing to unpack .../01-libbsd0_0.8.7-1_amd64.deb ...
Unpacking libbsd0:amd64 (0.8.7-1) ...
Selecting previously unselected package libncurses5:amd64.
Preparing to unpack .../02-libncurses5_6.1+20180210-2_amd64.deb ...
Unpacking libncurses5:amd64 (6.1+20180210-2) ...
Selecting previously unselected package libedit2:amd64.
Preparing to unpack .../03-libedit2_3.1-20170329-1_amd64.deb ...
Unpacking libedit2:amd64 (3.1-20170329-1) ...
Selecting previously unselected package libllvm6.0:amd64.
Preparing to unpack .../04-libllvm6.0_1%3a6.0-3_amd64.deb ...
Unpacking libllvm6.0:amd64 (1:6.0-3) ...
Selecting previously unselected package libobjc4:amd64.
Preparing to unpack .../05-libobjc4_8-20180425-1_amd64.deb ...
Unpacking libobjc4:amd64 (8-20180425-1) ...
Selecting previously unselected package libobjc-7-dev:amd64.
Preparing to unpack .../06-libobjc-7-dev_7.3.0-17_amd64.deb ...
Unpacking libobjc-7-dev:amd64 (7.3.0-17) ...
Selecting previously unselected package libc6-i386.
Preparing to unpack .../07-libc6-i386_2.27-3_amd64.deb ...
Unpacking libc6-i386 (2.27-3) ...
Selecting previously unselected package lib32gcc1.
Preparing to unpack .../08-lib32gcc1_1%3a8-20180425-1_amd64.deb ...
Unpacking lib32gcc1 (1:8-20180425-1) ...
Selecting previously unselected package lib32stdc++6.
Preparing to unpack .../09-lib32stdc++6_8-20180425-1_amd64.deb ...
Unpacking lib32stdc++6 (8-20180425-1) ...
Selecting previously unselected package libclang-common-6.0-dev.
Preparing to unpack .../10-libclang-common-6.0-dev_1%3a6.0-3_amd64.deb ...
Unpacking libclang-common-6.0-dev (1:6.0-3) ...
Selecting previously unselected package libclang1-6.0:amd64.
Preparing to unpack .../11-libclang1-6.0_1%3a6.0-3_amd64.deb ...
Unpacking libclang1-6.0:amd64 (1:6.0-3) ...
Selecting previously unselected package clang-6.0.
Preparing to unpack .../12-clang-6.0_1%3a6.0-3_amd64.deb ...
Unpacking clang-6.0 (1:6.0-3) ...
Setting up libncurses5:amd64 (6.1+20180210-2) ...
Setting up libobjc4:amd64 (8-20180425-1) ...
Setting up libc6-i386 (2.27-3) ...
Setting up libbsd0:amd64 (0.8.7-1) ...
Setting up libobjc-7-dev:amd64 (7.3.0-17) ...
Processing triggers for libc-bin (2.27-3) ...
Setting up lib32gcc1 (1:8-20180425-1) ...
Setting up libjsoncpp1:amd64 (1.7.4-3) ...
Setting up libedit2:amd64 (3.1-20170329-1) ...
Setting up libllvm6.0:amd64 (1:6.0-3) ...
Setting up libclang1-6.0:amd64 (1:6.0-3) ...
Setting up lib32stdc++6 (8-20180425-1) ...
Setting up libclang-common-6.0-dev (1:6.0-3) ...
Setting up clang-6.0 (1:6.0-3) ...
Processing triggers for libc-bin (2.27-3) ...
W: --force-yes is deprecated, use one of the options starting with --allow instead.
+ echo 'Replace gcc, g++ & cpp by clang'
Replace gcc, g++ & cpp by clang
+ VERSIONS='4.6 4.7 4.8 4.9 5 6 7 8'
+ cd /usr/bin
+ for VERSION in $VERSIONS
+ rm -f g++-4.6 gcc-4.6 cpp-4.6 gcc
+ ln -s clang++-6.0 g++-4.6
+ ln -s clang-6.0 gcc-4.6
+ ln -s clang-6.0 cpp-4.6
+ ln -s clang-6.0 gcc
+ echo 'gcc-4.6 hold'
+ dpkg --set-selections
dpkg: warning: package not in status nor available database at line 1: gcc-4.6
dpkg: warning: found unknown packages; this might mean the available database
is outdated, and needs to be updated through a frontend method;
please see the FAQ <https://wiki.debian.org/Teams/Dpkg/FAQ>
+ echo 'g++-4.6 hold'
+ dpkg --set-selections
dpkg: warning: package not in status nor available database at line 1: g++-4.6
dpkg: warning: found unknown packages; this might mean the available database
is outdated, and needs to be updated through a frontend method;
please see the FAQ <https://wiki.debian.org/Teams/Dpkg/FAQ>
+ for VERSION in $VERSIONS
+ rm -f g++-4.7 gcc-4.7 cpp-4.7 gcc
+ ln -s clang++-6.0 g++-4.7
+ ln -s clang-6.0 gcc-4.7
+ ln -s clang-6.0 cpp-4.7
+ ln -s clang-6.0 gcc
+ echo 'gcc-4.7 hold'
+ dpkg --set-selections
dpkg: warning: package not in status nor available database at line 1: gcc-4.7
dpkg: warning: found unknown packages; this might mean the available database
is outdated, and needs to be updated through a frontend method;
please see the FAQ <https://wiki.debian.org/Teams/Dpkg/FAQ>
+ echo 'g++-4.7 hold'
+ dpkg --set-selections
dpkg: warning: package not in status nor available database at line 1: g++-4.7
dpkg: warning: found unknown packages; this might mean the available database
is outdated, and needs to be updated through a frontend method;
please see the FAQ <https://wiki.debian.org/Teams/Dpkg/FAQ>
+ for VERSION in $VERSIONS
+ rm -f g++-4.8 gcc-4.8 cpp-4.8 gcc
+ ln -s clang++-6.0 g++-4.8
+ ln -s clang-6.0 gcc-4.8
+ ln -s clang-6.0 cpp-4.8
+ ln -s clang-6.0 gcc
+ echo 'gcc-4.8 hold'
+ dpkg --set-selections
dpkg: warning: package not in status nor available database at line 1: gcc-4.8
dpkg: warning: found unknown packages; this might mean the available database
is outdated, and needs to be updated through a frontend method;
please see the FAQ <https://wiki.debian.org/Teams/Dpkg/FAQ>
+ echo 'g++-4.8 hold'
+ dpkg --set-selections
dpkg: warning: package not in status nor available database at line 1: g++-4.8
dpkg: warning: found unknown packages; this might mean the available database
is outdated, and needs to be updated through a frontend method;
please see the FAQ <https://wiki.debian.org/Teams/Dpkg/FAQ>
+ for VERSION in $VERSIONS
+ rm -f g++-4.9 gcc-4.9 cpp-4.9 gcc
+ ln -s clang++-6.0 g++-4.9
+ ln -s clang-6.0 gcc-4.9
+ ln -s clang-6.0 cpp-4.9
+ ln -s clang-6.0 gcc
+ echo 'gcc-4.9 hold'
+ dpkg --set-selections
dpkg: warning: package not in status nor available database at line 1: gcc-4.9
dpkg: warning: found unknown packages; this might mean the available database
is outdated, and needs to be updated through a frontend method;
please see the FAQ <https://wiki.debian.org/Teams/Dpkg/FAQ>
+ echo 'g++-4.9 hold'
+ dpkg --set-selections
dpkg: warning: package not in status nor available database at line 1: g++-4.9
dpkg: warning: found unknown packages; this might mean the available database
is outdated, and needs to be updated through a frontend method;
please see the FAQ <https://wiki.debian.org/Teams/Dpkg/FAQ>
+ for VERSION in $VERSIONS
+ rm -f g++-5 gcc-5 cpp-5 gcc
+ ln -s clang++-6.0 g++-5
+ ln -s clang-6.0 gcc-5
+ ln -s clang-6.0 cpp-5
+ ln -s clang-6.0 gcc
+ echo 'gcc-5 hold'
+ dpkg --set-selections
+ echo 'g++-5 hold'
+ dpkg --set-selections
+ for VERSION in $VERSIONS
+ rm -f g++-6 gcc-6 cpp-6 gcc
+ ln -s clang++-6.0 g++-6
+ ln -s clang-6.0 gcc-6
+ ln -s clang-6.0 cpp-6
+ ln -s clang-6.0 gcc
+ echo 'gcc-6 hold'
+ dpkg --set-selections
dpkg: warning: package not in status nor available database at line 1: gcc-6
dpkg: warning: found unknown packages; this might mean the available database
is outdated, and needs to be updated through a frontend method;
please see the FAQ <https://wiki.debian.org/Teams/Dpkg/FAQ>
+ echo 'g++-6 hold'
+ dpkg --set-selections
dpkg: warning: package not in status nor available database at line 1: g++-6
dpkg: warning: found unknown packages; this might mean the available database
is outdated, and needs to be updated through a frontend method;
please see the FAQ <https://wiki.debian.org/Teams/Dpkg/FAQ>
+ for VERSION in $VERSIONS
+ rm -f g++-7 gcc-7 cpp-7 gcc
+ ln -s clang++-6.0 g++-7
+ ln -s clang-6.0 gcc-7
+ ln -s clang-6.0 cpp-7
+ ln -s clang-6.0 gcc
+ echo 'gcc-7 hold'
+ dpkg --set-selections
+ echo 'g++-7 hold'
+ dpkg --set-selections
+ for VERSION in $VERSIONS
+ rm -f g++-8 gcc-8 cpp-8 gcc
+ ln -s clang++-6.0 g++-8
+ ln -s clang-6.0 gcc-8
+ ln -s clang-6.0 cpp-8
+ ln -s clang-6.0 gcc
+ echo 'gcc-8 hold'
+ dpkg --set-selections
dpkg: warning: package not in status nor available database at line 1: gcc-8
dpkg: warning: found unknown packages; this might mean the available database
is outdated, and needs to be updated through a frontend method;
please see the FAQ <https://wiki.debian.org/Teams/Dpkg/FAQ>
+ echo 'g++-8 hold'
+ dpkg --set-selections
dpkg: warning: package not in status nor available database at line 1: g++-8
dpkg: warning: found unknown packages; this might mean the available database
is outdated, and needs to be updated through a frontend method;
please see the FAQ <https://wiki.debian.org/Teams/Dpkg/FAQ>
+ cd -
/build/gpaw-CKpcE4
+ echo 'Check if gcc, g++ & cpp are actually clang'
Check if gcc, g++ & cpp are actually clang
+ gcc --version
+ grep clang
+ cpp --version
+ grep clang
+ g++ --version
+ grep clang

I: Finished running '/tmp/clang60'.

Finished processing commands.
--------------------------------------------------------------------------------

+------------------------------------------------------------------------------+
| Update chroot                                                                |
+------------------------------------------------------------------------------+

Hit:1 http://127.0.0.1:9999/debian unstable InRelease
Reading package lists...
Reading package lists...
Building dependency tree...
Reading state information...
Calculating upgrade...
0 upgraded, 0 newly installed, 0 to remove and 0 not upgraded.

+------------------------------------------------------------------------------+
| Fetch source files                                                           |
+------------------------------------------------------------------------------+


Check APT
---------

Checking available source versions...

Download source files with APT
------------------------------

Reading package lists...
NOTICE: 'gpaw' packaging is maintained in the 'Git' version control system at:
https://anonscm.debian.org/git/debichem/packages/gpaw.git
Please use:
git clone https://anonscm.debian.org/git/debichem/packages/gpaw.git
to retrieve the latest (possibly unreleased) updates to the package.
Need to get 2588 kB of source archives.
Get:1 http://127.0.0.1:9999/debian unstable/main gpaw 1.3.0-2 (dsc) [2105 B]
Get:2 http://127.0.0.1:9999/debian unstable/main gpaw 1.3.0-2 (tar) [2577 kB]
Get:3 http://127.0.0.1:9999/debian unstable/main gpaw 1.3.0-2 (diff) [9244 B]
Fetched 2588 kB in 0s (17.4 MB/s)
Download complete and in download only mode
I: NOTICE: Log filtering will replace 'build/gpaw-CKpcE4/gpaw-1.3.0' with '<<PKGBUILDDIR>>'
I: NOTICE: Log filtering will replace 'build/gpaw-CKpcE4' with '<<BUILDDIR>>'

+------------------------------------------------------------------------------+
| Install build-essential                                                      |
+------------------------------------------------------------------------------+


Setup apt archive
-----------------

Merged Build-Depends: build-essential, fakeroot
Filtered Build-Depends: build-essential, fakeroot
dpkg-deb: building package 'sbuild-build-depends-core-dummy' in '/<<BUILDDIR>>/resolver-LZGEbI/apt_archive/sbuild-build-depends-core-dummy.deb'.
dpkg-scanpackages: warning: Packages in archive but missing from override file:
dpkg-scanpackages: warning:   sbuild-build-depends-core-dummy
dpkg-scanpackages: info: Wrote 1 entries to output Packages file.
Ign:1 copy:/<<BUILDDIR>>/resolver-LZGEbI/apt_archive ./ InRelease
Get:2 copy:/<<BUILDDIR>>/resolver-LZGEbI/apt_archive ./ Release [957 B]
Ign:3 copy:/<<BUILDDIR>>/resolver-LZGEbI/apt_archive ./ Release.gpg
Get:4 copy:/<<BUILDDIR>>/resolver-LZGEbI/apt_archive ./ Sources [349 B]
Get:5 copy:/<<BUILDDIR>>/resolver-LZGEbI/apt_archive ./ Packages [433 B]
Fetched 1739 B in 0s (0 B/s)
Reading package lists...
Reading package lists...

Install core build dependencies (apt-based resolver)
----------------------------------------------------

Installing build dependencies
Reading package lists...
Building dependency tree...
Reading state information...
The following NEW packages will be installed:
  sbuild-build-depends-core-dummy
0 upgraded, 1 newly installed, 0 to remove and 0 not upgraded.
Need to get 856 B of archives.
After this operation, 0 B of additional disk space will be used.
Get:1 copy:/<<BUILDDIR>>/resolver-LZGEbI/apt_archive ./ sbuild-build-depends-core-dummy 0.invalid.0 [856 B]
debconf: delaying package configuration, since apt-utils is not installed
Fetched 856 B in 0s (0 B/s)
Selecting previously unselected package sbuild-build-depends-core-dummy.
(Reading database ... 10771 files and directories currently installed.)
Preparing to unpack .../sbuild-build-depends-core-dummy_0.invalid.0_amd64.deb ...
Unpacking sbuild-build-depends-core-dummy (0.invalid.0) ...
Setting up sbuild-build-depends-core-dummy (0.invalid.0) ...

+------------------------------------------------------------------------------+
| Check architectures                                                          |
+------------------------------------------------------------------------------+

Arch check ok (amd64 included in any)

+------------------------------------------------------------------------------+
| Install package build dependencies                                           |
+------------------------------------------------------------------------------+


Setup apt archive
-----------------

Merged Build-Depends: debhelper (>= 10), dh-python, gpaw-data, libblas-dev, libfftw3-dev, liblapack-dev, libscalapack-mpi-dev (>= 2.0.2), libxc-dev, mpi-default-dev, python3-all-dev, python3-ase (>= 3.15.0), python3-numpy, python3-scipy
Filtered Build-Depends: debhelper (>= 10), dh-python, gpaw-data, libblas-dev, libfftw3-dev, liblapack-dev, libscalapack-mpi-dev (>= 2.0.2), libxc-dev, mpi-default-dev, python3-all-dev, python3-ase (>= 3.15.0), python3-numpy, python3-scipy
dpkg-deb: building package 'sbuild-build-depends-gpaw-dummy' in '/<<BUILDDIR>>/resolver-LZGEbI/apt_archive/sbuild-build-depends-gpaw-dummy.deb'.
dpkg-scanpackages: warning: Packages in archive but missing from override file:
dpkg-scanpackages: warning:   sbuild-build-depends-core-dummy sbuild-build-depends-gpaw-dummy
dpkg-scanpackages: info: Wrote 2 entries to output Packages file.
Ign:1 copy:/<<BUILDDIR>>/resolver-LZGEbI/apt_archive ./ InRelease
Get:2 copy:/<<BUILDDIR>>/resolver-LZGEbI/apt_archive ./ Release [963 B]
Ign:3 copy:/<<BUILDDIR>>/resolver-LZGEbI/apt_archive ./ Release.gpg
Get:4 copy:/<<BUILDDIR>>/resolver-LZGEbI/apt_archive ./ Sources [575 B]
Get:5 copy:/<<BUILDDIR>>/resolver-LZGEbI/apt_archive ./ Packages [656 B]
Fetched 2194 B in 0s (0 B/s)
Reading package lists...
Reading package lists...

Install gpaw build dependencies (apt-based resolver)
----------------------------------------------------

Installing build dependencies
Reading package lists...
Building dependency tree...
Reading state information...
The following additional packages will be installed:
  autoconf automake autopoint autotools-dev bsdmainutils debhelper
  dh-autoreconf dh-python dh-strip-nondeterminism file fonts-font-awesome
  fonts-lyx gettext gettext-base gpaw-data groff-base ibverbs-providers
  intltool-debian libarchive-zip-perl libblas-dev libblas3 libcroco3
  libevent-2.1-6 libevent-core-2.1-6 libevent-pthreads-2.1-6 libexpat1
  libexpat1-dev libfabric1 libfftw3-bin libfftw3-dev libfftw3-double3
  libfftw3-long3 libfftw3-quad3 libfftw3-single3
  libfile-stripnondeterminism-perl libfreetype6 libgfortran4 libglib2.0-0
  libgssapi-krb5-2 libhwloc-dev libhwloc-plugins libhwloc5 libibverbs-dev
  libibverbs1 libicu57 libjs-bootstrap libjs-jquery libjs-jquery-ui
  libk5crypto3 libkeyutils1 libkrb5-3 libkrb5support0 liblapack-dev liblapack3
  libltdl-dev libltdl7 libmagic-mgc libmagic1 libmpdec2 libncursesw6
  libnl-3-200 libnl-route-3-200 libnuma-dev libnuma1 libopenmpi-dev
  libopenmpi3 libpciaccess0 libpipeline1 libpmix2 libpng16-16
  libpsm-infinipath1 libpython3-all-dev libpython3-dev libpython3-stdlib
  libpython3.6 libpython3.6-dev libpython3.6-minimal libpython3.6-stdlib
  librdmacm1 libreadline7 libscalapack-mpi-dev libscalapack-openmpi-dev
  libscalapack-openmpi2.0 libsigsegv2 libsqlite3-0 libssl1.0.2 libssl1.1
  libtimedate-perl libtool libxc-dev libxc4 libxml2 m4 man-db mime-support
  mpi-default-bin mpi-default-dev ocl-icd-libopencl1 openmpi-bin
  openmpi-common openssh-client po-debconf python-matplotlib-data python3
  python3-all python3-all-dev python3-ase python3-click python3-colorama
  python3-cycler python3-dateutil python3-decorator python3-dev
  python3-distutils python3-flask python3-itsdangerous python3-jinja2
  python3-kiwisolver python3-lib2to3 python3-markupsafe python3-matplotlib
  python3-minimal python3-numpy python3-pkg-resources python3-pyparsing
  python3-scipy python3-six python3-tz python3-werkzeug python3.6
  python3.6-dev python3.6-minimal readline-common ttf-bitstream-vera tzdata
Suggested packages:
  autoconf-archive gnu-standards autoconf-doc wamerican | wordlist whois
  vacation dh-make dwz gettext-doc libasprintf-dev libgettextpo-dev groff
  liblapack-doc libfftw3-doc krb5-doc krb5-user libhwloc-contrib-plugins
  libjs-jquery-ui-docs libtool-doc openmpi-doc pciutils scalapack-doc gfortran
  | fortran95-compiler gcj-jdk m4-doc apparmor less www-browser opencl-icd
  gfortran keychain libpam-ssh monkeysphere ssh-askpass libmail-box-perl
  python3-doc python3-tk python3-venv python-ase-doc python-cycler-doc
  python-flask-doc python-jinja2-doc dvipng ffmpeg gir1.2-gtk-3.0 ghostscript
  inkscape ipython3 librsvg2-common python-matplotlib-doc python3-cairocffi
  python3-gi python3-gi-cairo python3-gobject python3-nose python3-pyqt4
  python3-sip python3-tornado texlive-extra-utils texlive-latex-extra
  ttf-staypuft python-numpy-doc python3-numpy-dbg python3-setuptools
  python-pyparsing-doc python-scipy-doc python3-lxml python3-termcolor
  python3-watchdog python-werkzeug-doc python3.6-venv python3.6-doc
  binfmt-support readline-doc
Recommended packages:
  curl | wget | lynx libarchive-cpio-perl libglib2.0-data shared-mime-info
  xdg-user-dirs javascript-common krb5-locales libgpm2 xauth
  libmail-sendmail-perl python3-tk python3-blinker python3-simplejson
  python3-pil python3-openssl python3-pyinotify
The following NEW packages will be installed:
  autoconf automake autopoint autotools-dev bsdmainutils debhelper
  dh-autoreconf dh-python dh-strip-nondeterminism file fonts-font-awesome
  fonts-lyx gettext gettext-base gpaw-data groff-base ibverbs-providers
  intltool-debian libarchive-zip-perl libblas-dev libblas3 libcroco3
  libevent-2.1-6 libevent-core-2.1-6 libevent-pthreads-2.1-6 libexpat1
  libexpat1-dev libfabric1 libfftw3-bin libfftw3-dev libfftw3-double3
  libfftw3-long3 libfftw3-quad3 libfftw3-single3
  libfile-stripnondeterminism-perl libfreetype6 libgfortran4 libglib2.0-0
  libgssapi-krb5-2 libhwloc-dev libhwloc-plugins libhwloc5 libibverbs-dev
  libibverbs1 libicu57 libjs-bootstrap libjs-jquery libjs-jquery-ui
  libk5crypto3 libkeyutils1 libkrb5-3 libkrb5support0 liblapack-dev liblapack3
  libltdl-dev libltdl7 libmagic-mgc libmagic1 libmpdec2 libncursesw6
  libnl-3-200 libnl-route-3-200 libnuma-dev libnuma1 libopenmpi-dev
  libopenmpi3 libpciaccess0 libpipeline1 libpmix2 libpng16-16
  libpsm-infinipath1 libpython3-all-dev libpython3-dev libpython3-stdlib
  libpython3.6 libpython3.6-dev libpython3.6-minimal libpython3.6-stdlib
  librdmacm1 libreadline7 libscalapack-mpi-dev libscalapack-openmpi-dev
  libscalapack-openmpi2.0 libsigsegv2 libsqlite3-0 libssl1.0.2 libssl1.1
  libtimedate-perl libtool libxc-dev libxc4 libxml2 m4 man-db mime-support
  mpi-default-bin mpi-default-dev ocl-icd-libopencl1 openmpi-bin
  openmpi-common openssh-client po-debconf python-matplotlib-data python3
  python3-all python3-all-dev python3-ase python3-click python3-colorama
  python3-cycler python3-dateutil python3-decorator python3-dev
  python3-distutils python3-flask python3-itsdangerous python3-jinja2
  python3-kiwisolver python3-lib2to3 python3-markupsafe python3-matplotlib
  python3-minimal python3-numpy python3-pkg-resources python3-pyparsing
  python3-scipy python3-six python3-tz python3-werkzeug python3.6
  python3.6-dev python3.6-minimal readline-common
  sbuild-build-depends-gpaw-dummy ttf-bitstream-vera tzdata
0 upgraded, 136 newly installed, 0 to remove and 0 not upgraded.
Need to get 168 MB of archives.
After this operation, 398 MB of additional disk space will be used.
Get:1 copy:/<<BUILDDIR>>/resolver-LZGEbI/apt_archive ./ sbuild-build-depends-gpaw-dummy 0.invalid.0 [948 B]
Get:2 http://127.0.0.1:9999/debian unstable/main amd64 bsdmainutils amd64 11.1.2 [190 kB]
Get:3 http://127.0.0.1:9999/debian unstable/main amd64 groff-base amd64 1.22.3-10 [1176 kB]
Get:4 http://127.0.0.1:9999/debian unstable/main amd64 libpipeline1 amd64 1.5.0-1 [29.0 kB]
Get:5 http://127.0.0.1:9999/debian unstable/main amd64 man-db amd64 2.8.3-2 [1180 kB]
Get:6 http://127.0.0.1:9999/debian unstable/main amd64 libssl1.1 amd64 1.1.0h-2 [1352 kB]
Get:7 http://127.0.0.1:9999/debian unstable/main amd64 libpython3.6-minimal amd64 3.6.5-5 [572 kB]
Get:8 http://127.0.0.1:9999/debian unstable/main amd64 libexpat1 amd64 2.2.5-3 [96.8 kB]
Get:9 http://127.0.0.1:9999/debian unstable/main amd64 python3.6-minimal amd64 3.6.5-5 [1728 kB]
Get:10 http://127.0.0.1:9999/debian unstable/main amd64 python3-minimal amd64 3.6.5-3 [36.2 kB]
Get:11 http://127.0.0.1:9999/debian unstable/main amd64 mime-support all 3.60 [36.7 kB]
Get:12 http://127.0.0.1:9999/debian unstable/main amd64 libmpdec2 amd64 2.4.2-2 [87.2 kB]
Get:13 http://127.0.0.1:9999/debian unstable/main amd64 libncursesw6 amd64 6.1+20180210-2 [131 kB]
Get:14 http://127.0.0.1:9999/debian unstable/main amd64 readline-common all 7.0-3 [70.4 kB]
Get:15 http://127.0.0.1:9999/debian unstable/main amd64 libreadline7 amd64 7.0-3+b1 [151 kB]
Get:16 http://127.0.0.1:9999/debian unstable/main amd64 libsqlite3-0 amd64 3.23.1-1 [603 kB]
Get:17 http://127.0.0.1:9999/debian unstable/main amd64 libpython3.6-stdlib amd64 3.6.5-5 [1730 kB]
Get:18 http://127.0.0.1:9999/debian unstable/main amd64 python3.6 amd64 3.6.5-5 [229 kB]
Get:19 http://127.0.0.1:9999/debian unstable/main amd64 libpython3-stdlib amd64 3.6.5-3 [19.7 kB]
Get:20 http://127.0.0.1:9999/debian unstable/main amd64 python3 amd64 3.6.5-3 [24.1 kB]
Get:21 http://127.0.0.1:9999/debian unstable/main amd64 tzdata all 2018d-1 [252 kB]
Get:22 http://127.0.0.1:9999/debian unstable/main amd64 libmagic-mgc amd64 1:5.33-2 [234 kB]
Get:23 http://127.0.0.1:9999/debian unstable/main amd64 libmagic1 amd64 1:5.33-2 [113 kB]
Get:24 http://127.0.0.1:9999/debian unstable/main amd64 file amd64 1:5.33-2 [65.6 kB]
Get:25 http://127.0.0.1:9999/debian unstable/main amd64 gettext-base amd64 0.19.8.1-6 [122 kB]
Get:26 http://127.0.0.1:9999/debian unstable/main amd64 libkeyutils1 amd64 1.5.9-9.2 [12.9 kB]
Get:27 http://127.0.0.1:9999/debian unstable/main amd64 libkrb5support0 amd64 1.16-2 [62.8 kB]
Get:28 http://127.0.0.1:9999/debian unstable/main amd64 libk5crypto3 amd64 1.16-2 [121 kB]
Get:29 http://127.0.0.1:9999/debian unstable/main amd64 libkrb5-3 amd64 1.16-2 [316 kB]
Get:30 http://127.0.0.1:9999/debian unstable/main amd64 libgssapi-krb5-2 amd64 1.16-2 [158 kB]
Get:31 http://127.0.0.1:9999/debian unstable/main amd64 libssl1.0.2 amd64 1.0.2o-1 [1296 kB]
Get:32 http://127.0.0.1:9999/debian unstable/main amd64 openssh-client amd64 1:7.7p1-2 [802 kB]
Get:33 http://127.0.0.1:9999/debian unstable/main amd64 libsigsegv2 amd64 2.12-2 [32.8 kB]
Get:34 http://127.0.0.1:9999/debian unstable/main amd64 m4 amd64 1.4.18-1 [202 kB]
Get:35 http://127.0.0.1:9999/debian unstable/main amd64 autoconf all 2.69-11 [341 kB]
Get:36 http://127.0.0.1:9999/debian unstable/main amd64 autotools-dev all 20180224.1 [77.0 kB]
Get:37 http://127.0.0.1:9999/debian unstable/main amd64 automake all 1:1.15.1-3.1 [736 kB]
Get:38 http://127.0.0.1:9999/debian unstable/main amd64 autopoint all 0.19.8.1-6 [434 kB]
Get:39 http://127.0.0.1:9999/debian unstable/main amd64 libtool all 2.4.6-2.1 [547 kB]
Get:40 http://127.0.0.1:9999/debian unstable/main amd64 dh-autoreconf all 17 [16.5 kB]
Get:41 http://127.0.0.1:9999/debian unstable/main amd64 libarchive-zip-perl all 1.60-1 [95.6 kB]
Get:42 http://127.0.0.1:9999/debian unstable/main amd64 libfile-stripnondeterminism-perl all 0.041-1 [19.9 kB]
Get:43 http://127.0.0.1:9999/debian unstable/main amd64 libtimedate-perl all 2.3000-2 [42.2 kB]
Get:44 http://127.0.0.1:9999/debian unstable/main amd64 dh-strip-nondeterminism all 0.041-1 [12.0 kB]
Get:45 http://127.0.0.1:9999/debian unstable/main amd64 libglib2.0-0 amd64 2.56.1-2 [2928 kB]
Get:46 http://127.0.0.1:9999/debian unstable/main amd64 libicu57 amd64 57.1-9 [7698 kB]
Get:47 http://127.0.0.1:9999/debian unstable/main amd64 libxml2 amd64 2.9.4+dfsg1-6.1 [725 kB]
Get:48 http://127.0.0.1:9999/debian unstable/main amd64 libcroco3 amd64 0.6.12-2 [144 kB]
Get:49 http://127.0.0.1:9999/debian unstable/main amd64 gettext amd64 0.19.8.1-6 [1302 kB]
Get:50 http://127.0.0.1:9999/debian unstable/main amd64 intltool-debian all 0.35.0+20060710.4 [26.3 kB]
Get:51 http://127.0.0.1:9999/debian unstable/main amd64 po-debconf all 1.0.20 [247 kB]
Get:52 http://127.0.0.1:9999/debian unstable/main amd64 debhelper all 11.2.1 [1013 kB]
Get:53 http://127.0.0.1:9999/debian unstable/main amd64 dh-python all 3.20180326 [93.2 kB]
Get:54 http://127.0.0.1:9999/debian unstable/main amd64 fonts-font-awesome all 4.7.0~dfsg-3 [514 kB]
Get:55 http://127.0.0.1:9999/debian unstable/main amd64 fonts-lyx all 2.3.0-2 [198 kB]
Get:56 http://127.0.0.1:9999/debian unstable/main amd64 gpaw-data all 0.9.20000-1 [52.7 MB]
Get:57 http://127.0.0.1:9999/debian unstable/main amd64 libnl-3-200 amd64 3.2.27-2 [61.5 kB]
Get:58 http://127.0.0.1:9999/debian unstable/main amd64 libnl-route-3-200 amd64 3.2.27-2 [136 kB]
Get:59 http://127.0.0.1:9999/debian unstable/main amd64 libibverbs1 amd64 17.1-2 [45.2 kB]
Get:60 http://127.0.0.1:9999/debian unstable/main amd64 ibverbs-providers amd64 17.1-2 [170 kB]
Get:61 http://127.0.0.1:9999/debian unstable/main amd64 libgfortran4 amd64 7.3.0-17 [487 kB]
Get:62 http://127.0.0.1:9999/debian unstable/main amd64 libblas3 amd64 3.8.0-1 [150 kB]
Get:63 http://127.0.0.1:9999/debian unstable/main amd64 libblas-dev amd64 3.8.0-1 [156 kB]
Get:64 http://127.0.0.1:9999/debian unstable/main amd64 libevent-2.1-6 amd64 2.1.8-stable-4 [177 kB]
Get:65 http://127.0.0.1:9999/debian unstable/main amd64 libevent-core-2.1-6 amd64 2.1.8-stable-4 [129 kB]
Get:66 http://127.0.0.1:9999/debian unstable/main amd64 libevent-pthreads-2.1-6 amd64 2.1.8-stable-4 [47.9 kB]
Get:67 http://127.0.0.1:9999/debian unstable/main amd64 libexpat1-dev amd64 2.2.5-3 [140 kB]
Get:68 http://127.0.0.1:9999/debian unstable/main amd64 libpsm-infinipath1 amd64 3.3+20.604758e7-5 [172 kB]
Get:69 http://127.0.0.1:9999/debian unstable/main amd64 librdmacm1 amd64 17.1-2 [65.8 kB]
Get:70 http://127.0.0.1:9999/debian unstable/main amd64 libfabric1 amd64 1.5.3-1 [303 kB]
Get:71 http://127.0.0.1:9999/debian unstable/main amd64 libfftw3-double3 amd64 3.3.7-1+b1 [740 kB]
Get:72 http://127.0.0.1:9999/debian unstable/main amd64 libfftw3-long3 amd64 3.3.7-1+b1 [315 kB]
Get:73 http://127.0.0.1:9999/debian unstable/main amd64 libfftw3-quad3 amd64 3.3.7-1+b1 [559 kB]
Get:74 http://127.0.0.1:9999/debian unstable/main amd64 libfftw3-single3 amd64 3.3.7-1+b1 [770 kB]
Get:75 http://127.0.0.1:9999/debian unstable/main amd64 libfftw3-bin amd64 3.3.7-1+b1 [51.0 kB]
Get:76 http://127.0.0.1:9999/debian unstable/main amd64 libfftw3-dev amd64 3.3.7-1+b1 [2128 kB]
Get:77 http://127.0.0.1:9999/debian unstable/main amd64 libpng16-16 amd64 1.6.34-1 [287 kB]
Get:78 http://127.0.0.1:9999/debian unstable/main amd64 libfreetype6 amd64 2.8.1-2 [461 kB]
Get:79 http://127.0.0.1:9999/debian unstable/main amd64 libltdl7 amd64 2.4.6-2.1 [389 kB]
Get:80 http://127.0.0.1:9999/debian unstable/main amd64 libnuma1 amd64 2.0.11-2.2 [33.8 kB]
Get:81 http://127.0.0.1:9999/debian unstable/main amd64 libhwloc5 amd64 1.11.10-1 [110 kB]
Get:82 http://127.0.0.1:9999/debian unstable/main amd64 libnuma-dev amd64 2.0.11-2.2 [46.7 kB]
Get:83 http://127.0.0.1:9999/debian unstable/main amd64 libltdl-dev amd64 2.4.6-2.1 [161 kB]
Get:84 http://127.0.0.1:9999/debian unstable/main amd64 libhwloc-dev amd64 1.11.10-1 [172 kB]
Get:85 http://127.0.0.1:9999/debian unstable/main amd64 libpciaccess0 amd64 0.14-1 [53.5 kB]
Get:86 http://127.0.0.1:9999/debian unstable/main amd64 ocl-icd-libopencl1 amd64 2.2.12-1 [37.1 kB]
Get:87 http://127.0.0.1:9999/debian unstable/main amd64 libhwloc-plugins amd64 1.11.10-1 [16.7 kB]
Get:88 http://127.0.0.1:9999/debian unstable/main amd64 libibverbs-dev amd64 17.1-2 [104 kB]
Get:89 http://127.0.0.1:9999/debian unstable/main amd64 libjs-bootstrap all 3.3.7+dfsg-2 [274 kB]
Get:90 http://127.0.0.1:9999/debian unstable/main amd64 libjs-jquery all 3.2.1-1 [154 kB]
Get:91 http://127.0.0.1:9999/debian unstable/main amd64 libjs-jquery-ui all 1.12.1+dfsg-5 [232 kB]
Get:92 http://127.0.0.1:9999/debian unstable/main amd64 liblapack3 amd64 3.8.0-1 [2146 kB]
Get:93 http://127.0.0.1:9999/debian unstable/main amd64 liblapack-dev amd64 3.8.0-1 [2174 kB]
Get:94 http://127.0.0.1:9999/debian unstable/main amd64 libpmix2 amd64 2.1.1~rc1-4 [340 kB]
Get:95 http://127.0.0.1:9999/debian unstable/main amd64 libopenmpi3 amd64 3.0.1.real-1 [2099 kB]
Get:96 http://127.0.0.1:9999/debian unstable/main amd64 openmpi-common all 3.0.1.real-1 [158 kB]
Get:97 http://127.0.0.1:9999/debian unstable/main amd64 openmpi-bin amd64 3.0.1.real-1 [203 kB]
Get:98 http://127.0.0.1:9999/debian unstable/main amd64 libopenmpi-dev amd64 3.0.1.real-1 [936 kB]
Get:99 http://127.0.0.1:9999/debian unstable/main amd64 libpython3.6 amd64 3.6.5-5 [1441 kB]
Get:100 http://127.0.0.1:9999/debian unstable/main amd64 libpython3.6-dev amd64 3.6.5-5 [39.7 MB]
Get:101 http://127.0.0.1:9999/debian unstable/main amd64 libpython3-dev amd64 3.6.5-3 [19.7 kB]
Get:102 http://127.0.0.1:9999/debian unstable/main amd64 libpython3-all-dev amd64 3.6.5-3 [1048 B]
Get:103 http://127.0.0.1:9999/debian unstable/main amd64 mpi-default-bin amd64 1.13 [4672 B]
Get:104 http://127.0.0.1:9999/debian unstable/main amd64 libscalapack-openmpi2.0 amd64 2.0.2-7 [1478 kB]
Get:105 http://127.0.0.1:9999/debian unstable/main amd64 libscalapack-openmpi-dev amd64 2.0.2-7 [12.6 kB]
Get:106 http://127.0.0.1:9999/debian unstable/main amd64 mpi-default-dev amd64 1.13 [5476 B]
Get:107 http://127.0.0.1:9999/debian unstable/main amd64 libscalapack-mpi-dev amd64 2.0.2-7 [8596 B]
Get:108 http://127.0.0.1:9999/debian unstable/main amd64 libxc4 amd64 3.0.0-1+b1 [371 kB]
Get:109 http://127.0.0.1:9999/debian unstable/main amd64 libxc-dev amd64 3.0.0-1+b1 [439 kB]
Get:110 http://127.0.0.1:9999/debian unstable/main amd64 ttf-bitstream-vera all 1.10-8 [352 kB]
Get:111 http://127.0.0.1:9999/debian unstable/main amd64 python-matplotlib-data all 2.2.2-2 [4136 kB]
Get:112 http://127.0.0.1:9999/debian unstable/main amd64 python3-lib2to3 all 3.6.5-3 [78.7 kB]
Get:113 http://127.0.0.1:9999/debian unstable/main amd64 python3-distutils all 3.6.5-3 [144 kB]
Get:114 http://127.0.0.1:9999/debian unstable/main amd64 python3-all amd64 3.6.5-3 [1044 B]
Get:115 http://127.0.0.1:9999/debian unstable/main amd64 python3.6-dev amd64 3.6.5-5 [511 kB]
Get:116 http://127.0.0.1:9999/debian unstable/main amd64 python3-dev amd64 3.6.5-3 [1244 B]
Get:117 http://127.0.0.1:9999/debian unstable/main amd64 python3-all-dev amd64 3.6.5-3 [1048 B]
Get:118 http://127.0.0.1:9999/debian unstable/main amd64 python3-numpy amd64 1:1.13.3-2 [1956 kB]
Get:119 http://127.0.0.1:9999/debian unstable/main amd64 python3-decorator all 4.1.2-1 [13.7 kB]
Get:120 http://127.0.0.1:9999/debian unstable/main amd64 python3-scipy amd64 0.19.1-2 [9632 kB]
Get:121 http://127.0.0.1:9999/debian unstable/main amd64 python3-colorama all 0.3.7-1 [18.1 kB]
Get:122 http://127.0.0.1:9999/debian unstable/main amd64 python3-click all 6.7-4 [56.7 kB]
Get:123 http://127.0.0.1:9999/debian unstable/main amd64 python3-itsdangerous all 0.24+dfsg1-2 [13.0 kB]
Get:124 http://127.0.0.1:9999/debian unstable/main amd64 python3-markupsafe amd64 1.0-1+b1 [14.5 kB]
Get:125 http://127.0.0.1:9999/debian unstable/main amd64 python3-jinja2 all 2.10-1 [106 kB]
Get:126 http://127.0.0.1:9999/debian unstable/main amd64 python3-werkzeug all 0.14.1+dfsg1-1 [179 kB]
Get:127 http://127.0.0.1:9999/debian unstable/main amd64 python3-flask all 0.12.2-4 [73.5 kB]
Get:128 http://127.0.0.1:9999/debian unstable/main amd64 python3-six all 1.11.0-2 [15.2 kB]
Get:129 http://127.0.0.1:9999/debian unstable/main amd64 python3-dateutil all 2.6.1-1 [52.8 kB]
Get:130 http://127.0.0.1:9999/debian unstable/main amd64 python3-pyparsing all 2.2.0+dfsg1-2 [89.6 kB]
Get:131 http://127.0.0.1:9999/debian unstable/main amd64 python3-tz all 2018.4-1 [26.9 kB]
Get:132 http://127.0.0.1:9999/debian unstable/main amd64 python3-cycler all 0.10.0-1 [7556 B]
Get:133 http://127.0.0.1:9999/debian unstable/main amd64 python3-pkg-resources all 39.0.1-2 [142 kB]
Get:134 http://127.0.0.1:9999/debian unstable/main amd64 python3-kiwisolver amd64 1.0.1-2 [65.0 kB]
Get:135 http://127.0.0.1:9999/debian unstable/main amd64 python3-matplotlib amd64 2.2.2-2 [5063 kB]
Get:136 http://127.0.0.1:9999/debian unstable/main amd64 python3-ase all 3.16.0-1 [1067 kB]
debconf: delaying package configuration, since apt-utils is not installed
Fetched 168 MB in 2s (80.9 MB/s)
Selecting previously unselected package bsdmainutils.
(Reading database ... 10771 files and directories currently installed.)
Preparing to unpack .../00-bsdmainutils_11.1.2_amd64.deb ...
Unpacking bsdmainutils (11.1.2) ...
Selecting previously unselected package groff-base.
Preparing to unpack .../01-groff-base_1.22.3-10_amd64.deb ...
Unpacking groff-base (1.22.3-10) ...
Selecting previously unselected package libpipeline1:amd64.
Preparing to unpack .../02-libpipeline1_1.5.0-1_amd64.deb ...
Unpacking libpipeline1:amd64 (1.5.0-1) ...
Selecting previously unselected package man-db.
Preparing to unpack .../03-man-db_2.8.3-2_amd64.deb ...
Unpacking man-db (2.8.3-2) ...
Selecting previously unselected package libssl1.1:amd64.
Preparing to unpack .../04-libssl1.1_1.1.0h-2_amd64.deb ...
Unpacking libssl1.1:amd64 (1.1.0h-2) ...
Selecting previously unselected package libpython3.6-minimal:amd64.
Preparing to unpack .../05-libpython3.6-minimal_3.6.5-5_amd64.deb ...
Unpacking libpython3.6-minimal:amd64 (3.6.5-5) ...
Selecting previously unselected package libexpat1:amd64.
Preparing to unpack .../06-libexpat1_2.2.5-3_amd64.deb ...
Unpacking libexpat1:amd64 (2.2.5-3) ...
Selecting previously unselected package python3.6-minimal.
Preparing to unpack .../07-python3.6-minimal_3.6.5-5_amd64.deb ...
Unpacking python3.6-minimal (3.6.5-5) ...
Selecting previously unselected package python3-minimal.
Preparing to unpack .../08-python3-minimal_3.6.5-3_amd64.deb ...
Unpacking python3-minimal (3.6.5-3) ...
Selecting previously unselected package mime-support.
Preparing to unpack .../09-mime-support_3.60_all.deb ...
Unpacking mime-support (3.60) ...
Selecting previously unselected package libmpdec2:amd64.
Preparing to unpack .../10-libmpdec2_2.4.2-2_amd64.deb ...
Unpacking libmpdec2:amd64 (2.4.2-2) ...
Selecting previously unselected package libncursesw6:amd64.
Preparing to unpack .../11-libncursesw6_6.1+20180210-2_amd64.deb ...
Unpacking libncursesw6:amd64 (6.1+20180210-2) ...
Selecting previously unselected package readline-common.
Preparing to unpack .../12-readline-common_7.0-3_all.deb ...
Unpacking readline-common (7.0-3) ...
Selecting previously unselected package libreadline7:amd64.
Preparing to unpack .../13-libreadline7_7.0-3+b1_amd64.deb ...
Unpacking libreadline7:amd64 (7.0-3+b1) ...
Selecting previously unselected package libsqlite3-0:amd64.
Preparing to unpack .../14-libsqlite3-0_3.23.1-1_amd64.deb ...
Unpacking libsqlite3-0:amd64 (3.23.1-1) ...
Selecting previously unselected package libpython3.6-stdlib:amd64.
Preparing to unpack .../15-libpython3.6-stdlib_3.6.5-5_amd64.deb ...
Unpacking libpython3.6-stdlib:amd64 (3.6.5-5) ...
Selecting previously unselected package python3.6.
Preparing to unpack .../16-python3.6_3.6.5-5_amd64.deb ...
Unpacking python3.6 (3.6.5-5) ...
Selecting previously unselected package libpython3-stdlib:amd64.
Preparing to unpack .../17-libpython3-stdlib_3.6.5-3_amd64.deb ...
Unpacking libpython3-stdlib:amd64 (3.6.5-3) ...
Setting up libssl1.1:amd64 (1.1.0h-2) ...
Setting up libpython3.6-minimal:amd64 (3.6.5-5) ...
Setting up libexpat1:amd64 (2.2.5-3) ...
Setting up python3.6-minimal (3.6.5-5) ...
Setting up python3-minimal (3.6.5-3) ...
Selecting previously unselected package python3.
(Reading database ... 12103 files and directories currently installed.)
Preparing to unpack .../000-python3_3.6.5-3_amd64.deb ...
Unpacking python3 (3.6.5-3) ...
Selecting previously unselected package tzdata.
Preparing to unpack .../001-tzdata_2018d-1_all.deb ...
Unpacking tzdata (2018d-1) ...
Selecting previously unselected package libmagic-mgc.
Preparing to unpack .../002-libmagic-mgc_1%3a5.33-2_amd64.deb ...
Unpacking libmagic-mgc (1:5.33-2) ...
Selecting previously unselected package libmagic1:amd64.
Preparing to unpack .../003-libmagic1_1%3a5.33-2_amd64.deb ...
Unpacking libmagic1:amd64 (1:5.33-2) ...
Selecting previously unselected package file.
Preparing to unpack .../004-file_1%3a5.33-2_amd64.deb ...
Unpacking file (1:5.33-2) ...
Selecting previously unselected package gettext-base.
Preparing to unpack .../005-gettext-base_0.19.8.1-6_amd64.deb ...
Unpacking gettext-base (0.19.8.1-6) ...
Selecting previously unselected package libkeyutils1:amd64.
Preparing to unpack .../006-libkeyutils1_1.5.9-9.2_amd64.deb ...
Unpacking libkeyutils1:amd64 (1.5.9-9.2) ...
Selecting previously unselected package libkrb5support0:amd64.
Preparing to unpack .../007-libkrb5support0_1.16-2_amd64.deb ...
Unpacking libkrb5support0:amd64 (1.16-2) ...
Selecting previously unselected package libk5crypto3:amd64.
Preparing to unpack .../008-libk5crypto3_1.16-2_amd64.deb ...
Unpacking libk5crypto3:amd64 (1.16-2) ...
Selecting previously unselected package libkrb5-3:amd64.
Preparing to unpack .../009-libkrb5-3_1.16-2_amd64.deb ...
Unpacking libkrb5-3:amd64 (1.16-2) ...
Selecting previously unselected package libgssapi-krb5-2:amd64.
Preparing to unpack .../010-libgssapi-krb5-2_1.16-2_amd64.deb ...
Unpacking libgssapi-krb5-2:amd64 (1.16-2) ...
Selecting previously unselected package libssl1.0.2:amd64.
Preparing to unpack .../011-libssl1.0.2_1.0.2o-1_amd64.deb ...
Unpacking libssl1.0.2:amd64 (1.0.2o-1) ...
Selecting previously unselected package openssh-client.
Preparing to unpack .../012-openssh-client_1%3a7.7p1-2_amd64.deb ...
Unpacking openssh-client (1:7.7p1-2) ...
Selecting previously unselected package libsigsegv2:amd64.
Preparing to unpack .../013-libsigsegv2_2.12-2_amd64.deb ...
Unpacking libsigsegv2:amd64 (2.12-2) ...
Selecting previously unselected package m4.
Preparing to unpack .../014-m4_1.4.18-1_amd64.deb ...
Unpacking m4 (1.4.18-1) ...
Selecting previously unselected package autoconf.
Preparing to unpack .../015-autoconf_2.69-11_all.deb ...
Unpacking autoconf (2.69-11) ...
Selecting previously unselected package autotools-dev.
Preparing to unpack .../016-autotools-dev_20180224.1_all.deb ...
Unpacking autotools-dev (20180224.1) ...
Selecting previously unselected package automake.
Preparing to unpack .../017-automake_1%3a1.15.1-3.1_all.deb ...
Unpacking automake (1:1.15.1-3.1) ...
Selecting previously unselected package autopoint.
Preparing to unpack .../018-autopoint_0.19.8.1-6_all.deb ...
Unpacking autopoint (0.19.8.1-6) ...
Selecting previously unselected package libtool.
Preparing to unpack .../019-libtool_2.4.6-2.1_all.deb ...
Unpacking libtool (2.4.6-2.1) ...
Selecting previously unselected package dh-autoreconf.
Preparing to unpack .../020-dh-autoreconf_17_all.deb ...
Unpacking dh-autoreconf (17) ...
Selecting previously unselected package libarchive-zip-perl.
Preparing to unpack .../021-libarchive-zip-perl_1.60-1_all.deb ...
Unpacking libarchive-zip-perl (1.60-1) ...
Selecting previously unselected package libfile-stripnondeterminism-perl.
Preparing to unpack .../022-libfile-stripnondeterminism-perl_0.041-1_all.deb ...
Unpacking libfile-stripnondeterminism-perl (0.041-1) ...
Selecting previously unselected package libtimedate-perl.
Preparing to unpack .../023-libtimedate-perl_2.3000-2_all.deb ...
Unpacking libtimedate-perl (2.3000-2) ...
Selecting previously unselected package dh-strip-nondeterminism.
Preparing to unpack .../024-dh-strip-nondeterminism_0.041-1_all.deb ...
Unpacking dh-strip-nondeterminism (0.041-1) ...
Selecting previously unselected package libglib2.0-0:amd64.
Preparing to unpack .../025-libglib2.0-0_2.56.1-2_amd64.deb ...
Unpacking libglib2.0-0:amd64 (2.56.1-2) ...
Selecting previously unselected package libicu57:amd64.
Preparing to unpack .../026-libicu57_57.1-9_amd64.deb ...
Unpacking libicu57:amd64 (57.1-9) ...
Selecting previously unselected package libxml2:amd64.
Preparing to unpack .../027-libxml2_2.9.4+dfsg1-6.1_amd64.deb ...
Unpacking libxml2:amd64 (2.9.4+dfsg1-6.1) ...
Selecting previously unselected package libcroco3:amd64.
Preparing to unpack .../028-libcroco3_0.6.12-2_amd64.deb ...
Unpacking libcroco3:amd64 (0.6.12-2) ...
Selecting previously unselected package gettext.
Preparing to unpack .../029-gettext_0.19.8.1-6_amd64.deb ...
Unpacking gettext (0.19.8.1-6) ...
Selecting previously unselected package intltool-debian.
Preparing to unpack .../030-intltool-debian_0.35.0+20060710.4_all.deb ...
Unpacking intltool-debian (0.35.0+20060710.4) ...
Selecting previously unselected package po-debconf.
Preparing to unpack .../031-po-debconf_1.0.20_all.deb ...
Unpacking po-debconf (1.0.20) ...
Selecting previously unselected package debhelper.
Preparing to unpack .../032-debhelper_11.2.1_all.deb ...
Unpacking debhelper (11.2.1) ...
Selecting previously unselected package dh-python.
Preparing to unpack .../033-dh-python_3.20180326_all.deb ...
Unpacking dh-python (3.20180326) ...
Selecting previously unselected package fonts-font-awesome.
Preparing to unpack .../034-fonts-font-awesome_4.7.0~dfsg-3_all.deb ...
Unpacking fonts-font-awesome (4.7.0~dfsg-3) ...
Selecting previously unselected package fonts-lyx.
Preparing to unpack .../035-fonts-lyx_2.3.0-2_all.deb ...
Unpacking fonts-lyx (2.3.0-2) ...
Selecting previously unselected package gpaw-data.
Preparing to unpack .../036-gpaw-data_0.9.20000-1_all.deb ...
Unpacking gpaw-data (0.9.20000-1) ...
Selecting previously unselected package libnl-3-200:amd64.
Preparing to unpack .../037-libnl-3-200_3.2.27-2_amd64.deb ...
Unpacking libnl-3-200:amd64 (3.2.27-2) ...
Selecting previously unselected package libnl-route-3-200:amd64.
Preparing to unpack .../038-libnl-route-3-200_3.2.27-2_amd64.deb ...
Unpacking libnl-route-3-200:amd64 (3.2.27-2) ...
Selecting previously unselected package libibverbs1:amd64.
Preparing to unpack .../039-libibverbs1_17.1-2_amd64.deb ...
Unpacking libibverbs1:amd64 (17.1-2) ...
Selecting previously unselected package ibverbs-providers:amd64.
Preparing to unpack .../040-ibverbs-providers_17.1-2_amd64.deb ...
Unpacking ibverbs-providers:amd64 (17.1-2) ...
Selecting previously unselected package libgfortran4:amd64.
Preparing to unpack .../041-libgfortran4_7.3.0-17_amd64.deb ...
Unpacking libgfortran4:amd64 (7.3.0-17) ...
Selecting previously unselected package libblas3:amd64.
Preparing to unpack .../042-libblas3_3.8.0-1_amd64.deb ...
Unpacking libblas3:amd64 (3.8.0-1) ...
Selecting previously unselected package libblas-dev:amd64.
Preparing to unpack .../043-libblas-dev_3.8.0-1_amd64.deb ...
Unpacking libblas-dev:amd64 (3.8.0-1) ...
Selecting previously unselected package libevent-2.1-6:amd64.
Preparing to unpack .../044-libevent-2.1-6_2.1.8-stable-4_amd64.deb ...
Unpacking libevent-2.1-6:amd64 (2.1.8-stable-4) ...
Selecting previously unselected package libevent-core-2.1-6:amd64.
Preparing to unpack .../045-libevent-core-2.1-6_2.1.8-stable-4_amd64.deb ...
Unpacking libevent-core-2.1-6:amd64 (2.1.8-stable-4) ...
Selecting previously unselected package libevent-pthreads-2.1-6:amd64.
Preparing to unpack .../046-libevent-pthreads-2.1-6_2.1.8-stable-4_amd64.deb ...
Unpacking libevent-pthreads-2.1-6:amd64 (2.1.8-stable-4) ...
Selecting previously unselected package libexpat1-dev:amd64.
Preparing to unpack .../047-libexpat1-dev_2.2.5-3_amd64.deb ...
Unpacking libexpat1-dev:amd64 (2.2.5-3) ...
Selecting previously unselected package libpsm-infinipath1.
Preparing to unpack .../048-libpsm-infinipath1_3.3+20.604758e7-5_amd64.deb ...
Unpacking libpsm-infinipath1 (3.3+20.604758e7-5) ...
Selecting previously unselected package librdmacm1:amd64.
Preparing to unpack .../049-librdmacm1_17.1-2_amd64.deb ...
Unpacking librdmacm1:amd64 (17.1-2) ...
Selecting previously unselected package libfabric1.
Preparing to unpack .../050-libfabric1_1.5.3-1_amd64.deb ...
Unpacking libfabric1 (1.5.3-1) ...
Selecting previously unselected package libfftw3-double3:amd64.
Preparing to unpack .../051-libfftw3-double3_3.3.7-1+b1_amd64.deb ...
Unpacking libfftw3-double3:amd64 (3.3.7-1+b1) ...
Selecting previously unselected package libfftw3-long3:amd64.
Preparing to unpack .../052-libfftw3-long3_3.3.7-1+b1_amd64.deb ...
Unpacking libfftw3-long3:amd64 (3.3.7-1+b1) ...
Selecting previously unselected package libfftw3-quad3:amd64.
Preparing to unpack .../053-libfftw3-quad3_3.3.7-1+b1_amd64.deb ...
Unpacking libfftw3-quad3:amd64 (3.3.7-1+b1) ...
Selecting previously unselected package libfftw3-single3:amd64.
Preparing to unpack .../054-libfftw3-single3_3.3.7-1+b1_amd64.deb ...
Unpacking libfftw3-single3:amd64 (3.3.7-1+b1) ...
Selecting previously unselected package libfftw3-bin.
Preparing to unpack .../055-libfftw3-bin_3.3.7-1+b1_amd64.deb ...
Unpacking libfftw3-bin (3.3.7-1+b1) ...
Selecting previously unselected package libfftw3-dev:amd64.
Preparing to unpack .../056-libfftw3-dev_3.3.7-1+b1_amd64.deb ...
Unpacking libfftw3-dev:amd64 (3.3.7-1+b1) ...
Selecting previously unselected package libpng16-16:amd64.
Preparing to unpack .../057-libpng16-16_1.6.34-1_amd64.deb ...
Unpacking libpng16-16:amd64 (1.6.34-1) ...
Selecting previously unselected package libfreetype6:amd64.
Preparing to unpack .../058-libfreetype6_2.8.1-2_amd64.deb ...
Unpacking libfreetype6:amd64 (2.8.1-2) ...
Selecting previously unselected package libltdl7:amd64.
Preparing to unpack .../059-libltdl7_2.4.6-2.1_amd64.deb ...
Unpacking libltdl7:amd64 (2.4.6-2.1) ...
Selecting previously unselected package libnuma1:amd64.
Preparing to unpack .../060-libnuma1_2.0.11-2.2_amd64.deb ...
Unpacking libnuma1:amd64 (2.0.11-2.2) ...
Selecting previously unselected package libhwloc5:amd64.
Preparing to unpack .../061-libhwloc5_1.11.10-1_amd64.deb ...
Unpacking libhwloc5:amd64 (1.11.10-1) ...
Selecting previously unselected package libnuma-dev:amd64.
Preparing to unpack .../062-libnuma-dev_2.0.11-2.2_amd64.deb ...
Unpacking libnuma-dev:amd64 (2.0.11-2.2) ...
Selecting previously unselected package libltdl-dev:amd64.
Preparing to unpack .../063-libltdl-dev_2.4.6-2.1_amd64.deb ...
Unpacking libltdl-dev:amd64 (2.4.6-2.1) ...
Selecting previously unselected package libhwloc-dev:amd64.
Preparing to unpack .../064-libhwloc-dev_1.11.10-1_amd64.deb ...
Unpacking libhwloc-dev:amd64 (1.11.10-1) ...
Selecting previously unselected package libpciaccess0:amd64.
Preparing to unpack .../065-libpciaccess0_0.14-1_amd64.deb ...
Unpacking libpciaccess0:amd64 (0.14-1) ...
Selecting previously unselected package ocl-icd-libopencl1:amd64.
Preparing to unpack .../066-ocl-icd-libopencl1_2.2.12-1_amd64.deb ...
Unpacking ocl-icd-libopencl1:amd64 (2.2.12-1) ...
Selecting previously unselected package libhwloc-plugins.
Preparing to unpack .../067-libhwloc-plugins_1.11.10-1_amd64.deb ...
Unpacking libhwloc-plugins (1.11.10-1) ...
Selecting previously unselected package libibverbs-dev:amd64.
Preparing to unpack .../068-libibverbs-dev_17.1-2_amd64.deb ...
Unpacking libibverbs-dev:amd64 (17.1-2) ...
Selecting previously unselected package libjs-bootstrap.
Preparing to unpack .../069-libjs-bootstrap_3.3.7+dfsg-2_all.deb ...
Unpacking libjs-bootstrap (3.3.7+dfsg-2) ...
Selecting previously unselected package libjs-jquery.
Preparing to unpack .../070-libjs-jquery_3.2.1-1_all.deb ...
Unpacking libjs-jquery (3.2.1-1) ...
Selecting previously unselected package libjs-jquery-ui.
Preparing to unpack .../071-libjs-jquery-ui_1.12.1+dfsg-5_all.deb ...
Unpacking libjs-jquery-ui (1.12.1+dfsg-5) ...
Selecting previously unselected package liblapack3:amd64.
Preparing to unpack .../072-liblapack3_3.8.0-1_amd64.deb ...
Unpacking liblapack3:amd64 (3.8.0-1) ...
Selecting previously unselected package liblapack-dev:amd64.
Preparing to unpack .../073-liblapack-dev_3.8.0-1_amd64.deb ...
Unpacking liblapack-dev:amd64 (3.8.0-1) ...
Selecting previously unselected package libpmix2:amd64.
Preparing to unpack .../074-libpmix2_2.1.1~rc1-4_amd64.deb ...
Unpacking libpmix2:amd64 (2.1.1~rc1-4) ...
Selecting previously unselected package libopenmpi3:amd64.
Preparing to unpack .../075-libopenmpi3_3.0.1.real-1_amd64.deb ...
Unpacking libopenmpi3:amd64 (3.0.1.real-1) ...
Selecting previously unselected package openmpi-common.
Preparing to unpack .../076-openmpi-common_3.0.1.real-1_all.deb ...
Unpacking openmpi-common (3.0.1.real-1) ...
Selecting previously unselected package openmpi-bin.
Preparing to unpack .../077-openmpi-bin_3.0.1.real-1_amd64.deb ...
Unpacking openmpi-bin (3.0.1.real-1) ...
Selecting previously unselected package libopenmpi-dev:amd64.
Preparing to unpack .../078-libopenmpi-dev_3.0.1.real-1_amd64.deb ...
Unpacking libopenmpi-dev:amd64 (3.0.1.real-1) ...
Selecting previously unselected package libpython3.6:amd64.
Preparing to unpack .../079-libpython3.6_3.6.5-5_amd64.deb ...
Unpacking libpython3.6:amd64 (3.6.5-5) ...
Selecting previously unselected package libpython3.6-dev:amd64.
Preparing to unpack .../080-libpython3.6-dev_3.6.5-5_amd64.deb ...
Unpacking libpython3.6-dev:amd64 (3.6.5-5) ...
Selecting previously unselected package libpython3-dev:amd64.
Preparing to unpack .../081-libpython3-dev_3.6.5-3_amd64.deb ...
Unpacking libpython3-dev:amd64 (3.6.5-3) ...
Selecting previously unselected package libpython3-all-dev:amd64.
Preparing to unpack .../082-libpython3-all-dev_3.6.5-3_amd64.deb ...
Unpacking libpython3-all-dev:amd64 (3.6.5-3) ...
Selecting previously unselected package mpi-default-bin.
Preparing to unpack .../083-mpi-default-bin_1.13_amd64.deb ...
Unpacking mpi-default-bin (1.13) ...
Selecting previously unselected package libscalapack-openmpi2.0.
Preparing to unpack .../084-libscalapack-openmpi2.0_2.0.2-7_amd64.deb ...
Unpacking libscalapack-openmpi2.0 (2.0.2-7) ...
Selecting previously unselected package libscalapack-openmpi-dev.
Preparing to unpack .../085-libscalapack-openmpi-dev_2.0.2-7_amd64.deb ...
Unpacking libscalapack-openmpi-dev (2.0.2-7) ...
Selecting previously unselected package mpi-default-dev.
Preparing to unpack .../086-mpi-default-dev_1.13_amd64.deb ...
Unpacking mpi-default-dev (1.13) ...
Selecting previously unselected package libscalapack-mpi-dev.
Preparing to unpack .../087-libscalapack-mpi-dev_2.0.2-7_amd64.deb ...
Unpacking libscalapack-mpi-dev (2.0.2-7) ...
Selecting previously unselected package libxc4:amd64.
Preparing to unpack .../088-libxc4_3.0.0-1+b1_amd64.deb ...
Unpacking libxc4:amd64 (3.0.0-1+b1) ...
Selecting previously unselected package libxc-dev.
Preparing to unpack .../089-libxc-dev_3.0.0-1+b1_amd64.deb ...
Unpacking libxc-dev (3.0.0-1+b1) ...
Selecting previously unselected package ttf-bitstream-vera.
Preparing to unpack .../090-ttf-bitstream-vera_1.10-8_all.deb ...
Unpacking ttf-bitstream-vera (1.10-8) ...
Selecting previously unselected package python-matplotlib-data.
Preparing to unpack .../091-python-matplotlib-data_2.2.2-2_all.deb ...
Unpacking python-matplotlib-data (2.2.2-2) ...
Selecting previously unselected package python3-lib2to3.
Preparing to unpack .../092-python3-lib2to3_3.6.5-3_all.deb ...
Unpacking python3-lib2to3 (3.6.5-3) ...
Selecting previously unselected package python3-distutils.
Preparing to unpack .../093-python3-distutils_3.6.5-3_all.deb ...
Unpacking python3-distutils (3.6.5-3) ...
Selecting previously unselected package python3-all.
Preparing to unpack .../094-python3-all_3.6.5-3_amd64.deb ...
Unpacking python3-all (3.6.5-3) ...
Selecting previously unselected package python3.6-dev.
Preparing to unpack .../095-python3.6-dev_3.6.5-5_amd64.deb ...
Unpacking python3.6-dev (3.6.5-5) ...
Selecting previously unselected package python3-dev.
Preparing to unpack .../096-python3-dev_3.6.5-3_amd64.deb ...
Unpacking python3-dev (3.6.5-3) ...
Selecting previously unselected package python3-all-dev.
Preparing to unpack .../097-python3-all-dev_3.6.5-3_amd64.deb ...
Unpacking python3-all-dev (3.6.5-3) ...
Selecting previously unselected package python3-numpy.
Preparing to unpack .../098-python3-numpy_1%3a1.13.3-2_amd64.deb ...
Unpacking python3-numpy (1:1.13.3-2) ...
Selecting previously unselected package python3-decorator.
Preparing to unpack .../099-python3-decorator_4.1.2-1_all.deb ...
Unpacking python3-decorator (4.1.2-1) ...
Selecting previously unselected package python3-scipy.
Preparing to unpack .../100-python3-scipy_0.19.1-2_amd64.deb ...
Unpacking python3-scipy (0.19.1-2) ...
Selecting previously unselected package python3-colorama.
Preparing to unpack .../101-python3-colorama_0.3.7-1_all.deb ...
Unpacking python3-colorama (0.3.7-1) ...
Selecting previously unselected package python3-click.
Preparing to unpack .../102-python3-click_6.7-4_all.deb ...
Unpacking python3-click (6.7-4) ...
Selecting previously unselected package python3-itsdangerous.
Preparing to unpack .../103-python3-itsdangerous_0.24+dfsg1-2_all.deb ...
Unpacking python3-itsdangerous (0.24+dfsg1-2) ...
Selecting previously unselected package python3-markupsafe.
Preparing to unpack .../104-python3-markupsafe_1.0-1+b1_amd64.deb ...
Unpacking python3-markupsafe (1.0-1+b1) ...
Selecting previously unselected package python3-jinja2.
Preparing to unpack .../105-python3-jinja2_2.10-1_all.deb ...
Unpacking python3-jinja2 (2.10-1) ...
Selecting previously unselected package python3-werkzeug.
Preparing to unpack .../106-python3-werkzeug_0.14.1+dfsg1-1_all.deb ...
Unpacking python3-werkzeug (0.14.1+dfsg1-1) ...
Selecting previously unselected package python3-flask.
Preparing to unpack .../107-python3-flask_0.12.2-4_all.deb ...
Unpacking python3-flask (0.12.2-4) ...
Selecting previously unselected package python3-six.
Preparing to unpack .../108-python3-six_1.11.0-2_all.deb ...
Unpacking python3-six (1.11.0-2) ...
Selecting previously unselected package python3-dateutil.
Preparing to unpack .../109-python3-dateutil_2.6.1-1_all.deb ...
Unpacking python3-dateutil (2.6.1-1) ...
Selecting previously unselected package python3-pyparsing.
Preparing to unpack .../110-python3-pyparsing_2.2.0+dfsg1-2_all.deb ...
Unpacking python3-pyparsing (2.2.0+dfsg1-2) ...
Selecting previously unselected package python3-tz.
Preparing to unpack .../111-python3-tz_2018.4-1_all.deb ...
Unpacking python3-tz (2018.4-1) ...
Selecting previously unselected package python3-cycler.
Preparing to unpack .../112-python3-cycler_0.10.0-1_all.deb ...
Unpacking python3-cycler (0.10.0-1) ...
Selecting previously unselected package python3-pkg-resources.
Preparing to unpack .../113-python3-pkg-resources_39.0.1-2_all.deb ...
Unpacking python3-pkg-resources (39.0.1-2) ...
Selecting previously unselected package python3-kiwisolver.
Preparing to unpack .../114-python3-kiwisolver_1.0.1-2_amd64.deb ...
Unpacking python3-kiwisolver (1.0.1-2) ...
Selecting previously unselected package python3-matplotlib.
Preparing to unpack .../115-python3-matplotlib_2.2.2-2_amd64.deb ...
Unpacking python3-matplotlib (2.2.2-2) ...
Selecting previously unselected package python3-ase.
Preparing to unpack .../116-python3-ase_3.16.0-1_all.deb ...
Unpacking python3-ase (3.16.0-1) ...
Selecting previously unselected package sbuild-build-depends-gpaw-dummy.
Preparing to unpack .../117-sbuild-build-depends-gpaw-dummy_0.invalid.0_amd64.deb ...
Unpacking sbuild-build-depends-gpaw-dummy (0.invalid.0) ...
Setting up libjs-jquery (3.2.1-1) ...
Setting up readline-common (7.0-3) ...
Setting up libevent-2.1-6:amd64 (2.1.8-stable-4) ...
Setting up libevent-core-2.1-6:amd64 (2.1.8-stable-4) ...
Setting up libarchive-zip-perl (1.60-1) ...
Setting up gpaw-data (0.9.20000-1) ...
Setting up mime-support (3.60) ...
Setting up libgfortran4:amd64 (7.3.0-17) ...
Setting up libpng16-16:amd64 (1.6.34-1) ...
Setting up libtimedate-perl (2.3000-2) ...
Setting up libsigsegv2:amd64 (2.12-2) ...
Setting up libreadline7:amd64 (7.0-3+b1) ...
Setting up libnuma1:amd64 (2.0.11-2.2) ...
Setting up tzdata (2018d-1) ...

Current default time zone: 'Etc/UTC'
Local time is now:      Wed May  2 13:08:35 UTC 2018.
Universal Time is now:  Wed May  2 13:08:35 UTC 2018.
Run 'dpkg-reconfigure tzdata' if you wish to change it.

Setting up groff-base (1.22.3-10) ...
Setting up libglib2.0-0:amd64 (2.56.1-2) ...
No schema files found: doing nothing.
Setting up libncursesw6:amd64 (6.1+20180210-2) ...
Setting up gettext-base (0.19.8.1-6) ...
Setting up libpipeline1:amd64 (1.5.0-1) ...
Setting up m4 (1.4.18-1) ...
Setting up libfftw3-double3:amd64 (3.3.7-1+b1) ...
Setting up libicu57:amd64 (57.1-9) ...
Setting up fonts-font-awesome (4.7.0~dfsg-3) ...
Setting up libxml2:amd64 (2.9.4+dfsg1-6.1) ...
Setting up libfreetype6:amd64 (2.8.1-2) ...
Setting up libmagic-mgc (1:5.33-2) ...
Setting up libmagic1:amd64 (1:5.33-2) ...
Setting up libcroco3:amd64 (0.6.12-2) ...
Setting up libpsm-infinipath1 (3.3+20.604758e7-5) ...
update-alternatives: using /usr/lib/libpsm1/libpsm_infinipath.so.1.16 to provide /usr/lib/x86_64-linux-gnu/libpsm_infinipath.so.1 (libpsm_infinipath.so.1) in auto mode
Setting up libfftw3-quad3:amd64 (3.3.7-1+b1) ...
Setting up libssl1.0.2:amd64 (1.0.2o-1) ...
Setting up libblas3:amd64 (3.8.0-1) ...
update-alternatives: using /usr/lib/x86_64-linux-gnu/blas/libblas.so.3 to provide /usr/lib/x86_64-linux-gnu/libblas.so.3 (libblas.so.3-x86_64-linux-gnu) in auto mode
Setting up libevent-pthreads-2.1-6:amd64 (2.1.8-stable-4) ...
Setting up openmpi-common (3.0.1.real-1) ...
Processing triggers for libc-bin (2.27-3) ...
Setting up autotools-dev (20180224.1) ...
Setting up libjs-jquery-ui (1.12.1+dfsg-5) ...
Setting up libltdl7:amd64 (2.4.6-2.1) ...
Setting up libsqlite3-0:amd64 (3.23.1-1) ...
Setting up libexpat1-dev:amd64 (2.2.5-3) ...
Setting up ttf-bitstream-vera (1.10-8) ...
Setting up libpciaccess0:amd64 (0.14-1) ...
Setting up libfftw3-single3:amd64 (3.3.7-1+b1) ...
Setting up libjs-bootstrap (3.3.7+dfsg-2) ...
Setting up libnuma-dev:amd64 (2.0.11-2.2) ...
Setting up ocl-icd-libopencl1:amd64 (2.2.12-1) ...
Setting up libkeyutils1:amd64 (1.5.9-9.2) ...
Setting up bsdmainutils (11.1.2) ...
update-alternatives: using /usr/bin/bsd-write to provide /usr/bin/write (write) in auto mode
update-alternatives: using /usr/bin/bsd-from to provide /usr/bin/from (from) in auto mode
Setting up libnl-3-200:amd64 (3.2.27-2) ...
Setting up libxc4:amd64 (3.0.0-1+b1) ...
Setting up libfftw3-long3:amd64 (3.3.7-1+b1) ...
Setting up autopoint (0.19.8.1-6) ...
Setting up libmpdec2:amd64 (2.4.2-2) ...
Setting up fonts-lyx (2.3.0-2) ...
Setting up libfile-stripnondeterminism-perl (0.041-1) ...
Setting up libpython3.6-stdlib:amd64 (3.6.5-5) ...
Setting up libfftw3-bin (3.3.7-1+b1) ...
Setting up python3.6 (3.6.5-5) ...
Setting up python-matplotlib-data (2.2.2-2) ...
Setting up libltdl-dev:amd64 (2.4.6-2.1) ...
Setting up gettext (0.19.8.1-6) ...
Setting up libblas-dev:amd64 (3.8.0-1) ...
update-alternatives: using /usr/lib/x86_64-linux-gnu/blas/libblas.so to provide /usr/lib/x86_64-linux-gnu/libblas.so (libblas.so-x86_64-linux-gnu) in auto mode
Setting up libxc-dev (3.0.0-1+b1) ...
Setting up liblapack3:amd64 (3.8.0-1) ...
update-alternatives: using /usr/lib/x86_64-linux-gnu/lapack/liblapack.so.3 to provide /usr/lib/x86_64-linux-gnu/liblapack.so.3 (liblapack.so.3-x86_64-linux-gnu) in auto mode
Setting up libnl-route-3-200:amd64 (3.2.27-2) ...
Setting up autoconf (2.69-11) ...
Setting up file (1:5.33-2) ...
Setting up libhwloc5:amd64 (1.11.10-1) ...
Setting up libkrb5support0:amd64 (1.16-2) ...
Setting up libhwloc-plugins (1.11.10-1) ...
Setting up intltool-debian (0.35.0+20060710.4) ...
Setting up libfftw3-dev:amd64 (3.3.7-1+b1) ...
Setting up automake (1:1.15.1-3.1) ...
update-alternatives: using /usr/bin/automake-1.15 to provide /usr/bin/automake (automake) in auto mode
Setting up man-db (2.8.3-2) ...
Not building database; man-db/auto-update is not 'true'.
Setting up libpython3.6:amd64 (3.6.5-5) ...
Setting up liblapack-dev:amd64 (3.8.0-1) ...
update-alternatives: using /usr/lib/x86_64-linux-gnu/lapack/liblapack.so to provide /usr/lib/x86_64-linux-gnu/liblapack.so (liblapack.so-x86_64-linux-gnu) in auto mode
Setting up libtool (2.4.6-2.1) ...
Setting up libpython3-stdlib:amd64 (3.6.5-3) ...
Setting up libibverbs1:amd64 (17.1-2) ...
Setting up libk5crypto3:amd64 (1.16-2) ...
Setting up po-debconf (1.0.20) ...
Setting up python3 (3.6.5-3) ...
Setting up libhwloc-dev:amd64 (1.11.10-1) ...
Setting up python3-numpy (1:1.13.3-2) ...
Setting up python3-six (1.11.0-2) ...
Setting up python3-colorama (0.3.7-1) ...
Setting up python3-pyparsing (2.2.0+dfsg1-2) ...
Setting up python3-cycler (0.10.0-1) ...
Setting up libpmix2:amd64 (2.1.1~rc1-4) ...
Setting up librdmacm1:amd64 (17.1-2) ...
Setting up python3-pkg-resources (39.0.1-2) ...
Setting up libpython3.6-dev:amd64 (3.6.5-5) ...
Setting up python3-markupsafe (1.0-1+b1) ...
Setting up ibverbs-providers:amd64 (17.1-2) ...
Setting up python3-jinja2 (2.10-1) ...
Setting up libkrb5-3:amd64 (1.16-2) ...
Setting up python3.6-dev (3.6.5-5) ...
Setting up python3-lib2to3 (3.6.5-3) ...
Setting up dh-python (3.20180326) ...
Setting up python3-decorator (4.1.2-1) ...
Setting up python3-itsdangerous (0.24+dfsg1-2) ...
Setting up libibverbs-dev:amd64 (17.1-2) ...
Setting up python3-tz (2018.4-1) ...
Setting up python3-distutils (3.6.5-3) ...
Setting up python3-dateutil (2.6.1-1) ...
Setting up libpython3-dev:amd64 (3.6.5-3) ...
Setting up python3-werkzeug (0.14.1+dfsg1-1) ...
Setting up python3-scipy (0.19.1-2) ...
Setting up python3-kiwisolver (1.0.1-2) ...
Setting up libfabric1 (1.5.3-1) ...
Setting up python3-click (6.7-4) ...
Setting up python3-dev (3.6.5-3) ...
Setting up libgssapi-krb5-2:amd64 (1.16-2) ...
Setting up libpython3-all-dev:amd64 (3.6.5-3) ...
Setting up python3-all (3.6.5-3) ...
Setting up openssh-client (1:7.7p1-2) ...
Setting up python3-matplotlib (2.2.2-2) ...
Setting up libopenmpi3:amd64 (3.0.1.real-1) ...
Setting up python3-flask (0.12.2-4) ...
Setting up python3-all-dev (3.6.5-3) ...
Setting up openmpi-bin (3.0.1.real-1) ...
update-alternatives: using /usr/bin/mpirun.openmpi to provide /usr/bin/mpirun (mpirun) in auto mode
update-alternatives: error: no alternatives for mpi
update-alternatives: using /usr/bin/mpicc.openmpi to provide /usr/bin/mpicc (mpi) in auto mode
Setting up mpi-default-bin (1.13) ...
Setting up python3-ase (3.16.0-1) ...
Setting up libscalapack-openmpi2.0 (2.0.2-7) ...
Setting up libopenmpi-dev:amd64 (3.0.1.real-1) ...
update-alternatives: using /usr/lib/x86_64-linux-gnu/openmpi/include to provide /usr/include/x86_64-linux-gnu/mpi (mpi-x86_64-linux-gnu) in auto mode
Setting up mpi-default-dev (1.13) ...
Setting up libscalapack-openmpi-dev (2.0.2-7) ...
Setting up libscalapack-mpi-dev (2.0.2-7) ...
Setting up dh-autoreconf (17) ...
Setting up dh-strip-nondeterminism (0.041-1) ...
Setting up debhelper (11.2.1) ...
Setting up sbuild-build-depends-gpaw-dummy (0.invalid.0) ...
Processing triggers for libc-bin (2.27-3) ...

+------------------------------------------------------------------------------+
| Build environment                                                            |
+------------------------------------------------------------------------------+

Kernel: Linux 4.9.0-5-amd64 amd64 (x86_64)
Toolchain package versions: binutils_2.30-16 dpkg-dev_1.19.0.5 g++-7_7.3.0-17 gcc-7_7.3.0-17 libc6-dev_2.27-3 libstdc++-7-dev_7.3.0-17 libstdc++6_8-20180425-1 linux-libc-dev_4.15.17-1
Package versions: adduser_3.117 apt_1.6.1 autoconf_2.69-11 automake_1:1.15.1-3.1 autopoint_0.19.8.1-6 autotools-dev_20180224.1 base-files_10.1 base-passwd_3.5.45 bash_4.4.18-2 binutils_2.30-16 binutils-common_2.30-16 binutils-x86-64-linux-gnu_2.30-16 bsdmainutils_11.1.2 bsdutils_1:2.31.1-0.5 build-essential_12.5 bzip2_1.0.6-8.1 clang-6.0_1:6.0-3 coreutils_8.28-1 cpp_4:7.3.0-3 cpp-7_7.3.0-17 dash_0.5.8-2.10 debconf_1.5.66 debfoster_2.7-2.1+b1 debhelper_11.2.1 debian-archive-keyring_2017.7 debianutils_4.8.4 dh-autoreconf_17 dh-python_3.20180326 dh-strip-nondeterminism_0.041-1 diffutils_1:3.6-1 dpkg_1.19.0.5 dpkg-dev_1.19.0.5 e2fslibs_1.44.1-2 e2fsprogs_1.44.1-2 eatmydata_105-6 fakeroot_1.22-2 fdisk_2.31.1-0.5 file_1:5.33-2 findutils_4.6.0+git+20171230-2 fonts-font-awesome_4.7.0~dfsg-3 fonts-lyx_2.3.0-2 g++_4:7.3.0-3 g++-7_7.3.0-17 gcc_4:7.3.0-3 gcc-6-base_6.4.0-17 gcc-7_7.3.0-17 gcc-7-base_7.3.0-17 gcc-8-base_8-20180425-1 gettext_0.19.8.1-6 gettext-base_0.19.8.1-6 gpaw-data_0.9.20000-1 gpgv_2.2.5-1 grep_3.1-2 groff-base_1.22.3-10 gzip_1.6-5+b1 hostname_3.20 ibverbs-providers_17.1-2 init-system-helpers_1.51 intltool-debian_0.35.0+20060710.4 lib32gcc1_1:8-20180425-1 lib32stdc++6_8-20180425-1 libacl1_2.2.52-3+b1 libapt-pkg5.0_1.6.1 libarchive-zip-perl_1.60-1 libasan4_7.3.0-17 libatomic1_8-20180425-1 libattr1_1:2.4.47-2+b2 libaudit-common_1:2.8.3-1 libaudit1_1:2.8.3-1 libbinutils_2.30-16 libblas-dev_3.8.0-1 libblas3_3.8.0-1 libblkid1_2.31.1-0.5 libbsd0_0.8.7-1 libbz2-1.0_1.0.6-8.1 libc-bin_2.27-3 libc-dev-bin_2.27-3 libc6_2.27-3 libc6-dev_2.27-3 libc6-i386_2.27-3 libcap-ng0_0.7.9-1 libcc1-0_8-20180425-1 libcilkrts5_7.3.0-17 libclang-common-6.0-dev_1:6.0-3 libclang1-6.0_1:6.0-3 libcom-err2_1.44.1-2 libcomerr2_1.44.1-2 libcroco3_0.6.12-2 libdb5.3_5.3.28-13.1+b1 libdebconfclient0_0.243 libdpkg-perl_1.19.0.5 libeatmydata1_105-6 libedit2_3.1-20170329-1 libevent-2.1-6_2.1.8-stable-4 libevent-core-2.1-6_2.1.8-stable-4 libevent-pthreads-2.1-6_2.1.8-stable-4 libexpat1_2.2.5-3 libexpat1-dev_2.2.5-3 libext2fs2_1.44.1-2 libfabric1_1.5.3-1 libfakeroot_1.22-2 libfdisk1_2.31.1-0.5 libffi6_3.2.1-8 libfftw3-bin_3.3.7-1+b1 libfftw3-dev_3.3.7-1+b1 libfftw3-double3_3.3.7-1+b1 libfftw3-long3_3.3.7-1+b1 libfftw3-quad3_3.3.7-1+b1 libfftw3-single3_3.3.7-1+b1 libfile-stripnondeterminism-perl_0.041-1 libfreetype6_2.8.1-2 libgc1c2_1:7.4.2-8.2 libgcc-7-dev_7.3.0-17 libgcc1_1:8-20180425-1 libgcrypt20_1.8.2-2 libgdbm-compat4_1.14.1-6 libgdbm3_1.8.3-14 libgdbm5_1.14.1-6 libgfortran4_7.3.0-17 libglib2.0-0_2.56.1-2 libgmp10_2:6.1.2+dfsg-3 libgnutls30_3.5.18-1 libgomp1_8-20180425-1 libgpg-error0_1.29-4 libgssapi-krb5-2_1.16-2 libhogweed4_3.4-1 libhwloc-dev_1.11.10-1 libhwloc-plugins_1.11.10-1 libhwloc5_1.11.10-1 libibverbs-dev_17.1-2 libibverbs1_17.1-2 libicu57_57.1-9 libidn2-0_2.0.4-1.1 libisl15_0.18-4 libisl19_0.19-1 libitm1_8-20180425-1 libjs-bootstrap_3.3.7+dfsg-2 libjs-jquery_3.2.1-1 libjs-jquery-ui_1.12.1+dfsg-5 libjsoncpp1_1.7.4-3 libk5crypto3_1.16-2 libkeyutils1_1.5.9-9.2 libkrb5-3_1.16-2 libkrb5support0_1.16-2 liblapack-dev_3.8.0-1 liblapack3_3.8.0-1 libllvm6.0_1:6.0-3 liblsan0_8-20180425-1 libltdl-dev_2.4.6-2.1 libltdl7_2.4.6-2.1 liblz4-1_1.8.1.2-1 liblzma5_5.2.2-1.3 libmagic-mgc_1:5.33-2 libmagic1_1:5.33-2 libmount1_2.31.1-0.5 libmpc3_1.1.0-1 libmpdec2_2.4.2-2 libmpfr4_3.1.6-1 libmpfr6_4.0.1-1 libmpx2_8-20180425-1 libncurses5_6.1+20180210-2 libncursesw5_6.1+20180210-2 libncursesw6_6.1+20180210-2 libnettle6_3.4-1 libnl-3-200_3.2.27-2 libnl-route-3-200_3.2.27-2 libnuma-dev_2.0.11-2.2 libnuma1_2.0.11-2.2 libobjc-7-dev_7.3.0-17 libobjc4_8-20180425-1 libopenmpi-dev_3.0.1.real-1 libopenmpi3_3.0.1.real-1 libp11-kit0_0.23.10-2 libpam-modules_1.1.8-3.7 libpam-modules-bin_1.1.8-3.7 libpam-runtime_1.1.8-3.7 libpam0g_1.1.8-3.7 libpciaccess0_0.14-1 libpcre3_2:8.39-9 libperl5.26_5.26.2-3 libpipeline1_1.5.0-1 libpmix2_2.1.1~rc1-4 libpng16-16_1.6.34-1 libpsm-infinipath1_3.3+20.604758e7-5 libpython3-all-dev_3.6.5-3 libpython3-dev_3.6.5-3 libpython3-stdlib_3.6.5-3 libpython3.6_3.6.5-5 libpython3.6-dev_3.6.5-5 libpython3.6-minimal_3.6.5-5 libpython3.6-stdlib_3.6.5-5 libquadmath0_8-20180425-1 librdmacm1_17.1-2 libreadline7_7.0-3+b1 libscalapack-mpi-dev_2.0.2-7 libscalapack-openmpi-dev_2.0.2-7 libscalapack-openmpi2.0_2.0.2-7 libseccomp2_2.3.3-1 libselinux1_2.7-2+b2 libsemanage-common_2.7-2 libsemanage1_2.7-2+b2 libsepol1_2.7-1 libsigsegv2_2.12-2 libsmartcols1_2.31.1-0.5 libsqlite3-0_3.23.1-1 libss2_1.44.1-2 libssl1.0.2_1.0.2o-1 libssl1.1_1.1.0h-2 libstdc++-7-dev_7.3.0-17 libstdc++6_8-20180425-1 libsystemd0_238-4 libtasn1-6_4.13-2 libtimedate-perl_2.3000-2 libtinfo5_6.1+20180210-2 libtinfo6_6.1+20180210-2 libtool_2.4.6-2.1 libtsan0_8-20180425-1 libubsan0_7.3.0-17 libudev1_238-4 libunistring2_0.9.8-1 libustr-1.0-1_1.0.4-6 libuuid1_2.31.1-0.5 libxc-dev_3.0.0-1+b1 libxc4_3.0.0-1+b1 libxml2_2.9.4+dfsg1-6.1 libzstd1_1.3.4+dfsg-1 linux-libc-dev_4.15.17-1 login_1:4.5-1 m4_1.4.18-1 make_4.2.1-1 man-db_2.8.3-2 mawk_1.3.3-17+b3 mime-support_3.60 mount_2.31.1-0.5 mpi-default-bin_1.13 mpi-default-dev_1.13 multiarch-support_2.27-3 ncurses-base_6.1+20180210-2 ncurses-bin_6.1+20180210-2 ocl-icd-libopencl1_2.2.12-1 openmpi-bin_3.0.1.real-1 openmpi-common_3.0.1.real-1 openssh-client_1:7.7p1-2 passwd_1:4.5-1 patch_2.7.6-2 perl_5.26.2-3 perl-base_5.26.2-3 perl-modules-5.26_5.26.2-3 po-debconf_1.0.20 python-matplotlib-data_2.2.2-2 python3_3.6.5-3 python3-all_3.6.5-3 python3-all-dev_3.6.5-3 python3-ase_3.16.0-1 python3-click_6.7-4 python3-colorama_0.3.7-1 python3-cycler_0.10.0-1 python3-dateutil_2.6.1-1 python3-decorator_4.1.2-1 python3-dev_3.6.5-3 python3-distutils_3.6.5-3 python3-flask_0.12.2-4 python3-itsdangerous_0.24+dfsg1-2 python3-jinja2_2.10-1 python3-kiwisolver_1.0.1-2 python3-lib2to3_3.6.5-3 python3-markupsafe_1.0-1+b1 python3-matplotlib_2.2.2-2 python3-minimal_3.6.5-3 python3-numpy_1:1.13.3-2 python3-pkg-resources_39.0.1-2 python3-pyparsing_2.2.0+dfsg1-2 python3-scipy_0.19.1-2 python3-six_1.11.0-2 python3-tz_2018.4-1 python3-werkzeug_0.14.1+dfsg1-1 python3.6_3.6.5-5 python3.6-dev_3.6.5-5 python3.6-minimal_3.6.5-5 readline-common_7.0-3 sbuild-build-depends-core-dummy_0.invalid.0 sbuild-build-depends-gpaw-dummy_0.invalid.0 sed_4.4-2 sensible-utils_0.0.12 sysvinit-utils_2.88dsf-59.10 tar_1.30+dfsg-1 ttf-bitstream-vera_1.10-8 tzdata_2018d-1 util-linux_2.31.1-0.5 xz-utils_5.2.2-1.3 zlib1g_1:1.2.11.dfsg-1

+------------------------------------------------------------------------------+
| Build                                                                        |
+------------------------------------------------------------------------------+


Unpack source
-------------

gpgv: unknown type of key resource 'trustedkeys.kbx'
gpgv: keyblock resource '/sbuild-nonexistent/.gnupg/trustedkeys.kbx': General error
gpgv: Signature made Sat Dec  9 09:59:06 2017 UTC
gpgv:                using RSA key AFCFEC8E669CE1C2
gpgv: Can't check signature: No public key
dpkg-source: warning: failed to verify signature on ./gpaw_1.3.0-2.dsc
dpkg-source: info: extracting gpaw in /<<PKGBUILDDIR>>
dpkg-source: info: unpacking gpaw_1.3.0.orig.tar.gz
dpkg-source: info: unpacking gpaw_1.3.0-2.debian.tar.xz
dpkg-source: info: applying fix_stdout_output.patch
dpkg-source: info: applying enable_scalapack.patch
dpkg-source: info: applying pass_hardening_flags.patch

Check disk space
----------------

Sufficient free space for build

User Environment
----------------

APT_CONFIG=/var/lib/sbuild/apt.conf
HOME=/sbuild-nonexistent
LANG=en_US.UTF-8
LC_ALL=POSIX
LOGNAME=user42
PATH=/usr/local/sbin:/usr/local/bin:/usr/sbin:/usr/bin:/sbin:/bin:/usr/games
SCHROOT_ALIAS_NAME=unstable-amd64-sbuild
SCHROOT_CHROOT_NAME=unstable-amd64-sbuild
SCHROOT_COMMAND=env
SCHROOT_GID=1001
SCHROOT_GROUP=user42
SCHROOT_SESSION_ID=unstable-amd64-sbuild-4c8a54cf-72a6-4e03-8106-dc0347d84430
SCHROOT_UID=1001
SCHROOT_USER=user42
SHELL=/bin/sh
USER=user42

dpkg-buildpackage
-----------------

dpkg-buildpackage: info: source package gpaw
dpkg-buildpackage: info: source version 1.3.0-2
dpkg-buildpackage: info: source distribution unstable
dpkg-buildpackage: info: source changed by Graham Inggs <ginggs@debian.org>
 dpkg-source --before-build gpaw-1.3.0
dpkg-buildpackage: info: host architecture amd64
 fakeroot debian/rules clean
dh clean --buildsystem=pybuild --with=python3
   dh_auto_clean -O--buildsystem=pybuild
I: pybuild base:217: python3.6 setup.py clean 
running clean
removing '/<<PKGBUILDDIR>>/.pybuild/cpython3_3.6/build' (and everything under it)
'build/bdist.linux-amd64' does not exist -- can't clean it
'build/scripts-3.6' does not exist -- can't clean it
   dh_clean -O--buildsystem=pybuild
 debian/rules build-arch
dh build-arch --buildsystem=pybuild --with=python3
   dh_update_autotools_config -a -O--buildsystem=pybuild
   dh_autoreconf -a -O--buildsystem=pybuild
   dh_auto_configure -a -O--buildsystem=pybuild
I: pybuild base:217: python3.6 setup.py config 
running config
   dh_auto_build -a -O--buildsystem=pybuild
I: pybuild base:217: /usr/bin/python3 setup.py build 
running build
running build_py
creating /<<PKGBUILDDIR>>/.pybuild/cpython3_3.6/build/gpaw
copying gpaw/bztools.py -> /<<PKGBUILDDIR>>/.pybuild/cpython3_3.6/build/gpaw
copying gpaw/cdft.py -> /<<PKGBUILDDIR>>/.pybuild/cpython3_3.6/build/gpaw
copying gpaw/occupations.py -> /<<PKGBUILDDIR>>/.pybuild/cpython3_3.6/build/gpaw
copying gpaw/spinorbit.py -> /<<PKGBUILDDIR>>/.pybuild/cpython3_3.6/build/gpaw
copying gpaw/gaunt.py -> /<<PKGBUILDDIR>>/.pybuild/cpython3_3.6/build/gpaw
copying gpaw/upf.py -> /<<PKGBUILDDIR>>/.pybuild/cpython3_3.6/build/gpaw
copying gpaw/wannier90.py -> /<<PKGBUILDDIR>>/.pybuild/cpython3_3.6/build/gpaw
copying gpaw/parallel.py -> /<<PKGBUILDDIR>>/.pybuild/cpython3_3.6/build/gpaw
copying gpaw/lfc.py -> /<<PKGBUILDDIR>>/.pybuild/cpython3_3.6/build/gpaw
copying gpaw/localized_functions.py -> /<<PKGBUILDDIR>>/.pybuild/cpython3_3.6/build/gpaw
copying gpaw/scf.py -> /<<PKGBUILDDIR>>/.pybuild/cpython3_3.6/build/gpaw
copying gpaw/basis_data.py -> /<<PKGBUILDDIR>>/.pybuild/cpython3_3.6/build/gpaw
copying gpaw/kohnsham_layouts.py -> /<<PKGBUILDDIR>>/.pybuild/cpython3_3.6/build/gpaw
copying gpaw/band_descriptor.py -> /<<PKGBUILDDIR>>/.pybuild/cpython3_3.6/build/gpaw
copying gpaw/wannier.py -> /<<PKGBUILDDIR>>/.pybuild/cpython3_3.6/build/gpaw
copying gpaw/setup.py -> /<<PKGBUILDDIR>>/.pybuild/cpython3_3.6/build/gpaw
copying gpaw/wfd_operators.py -> /<<PKGBUILDDIR>>/.pybuild/cpython3_3.6/build/gpaw
copying gpaw/kpt_descriptor.py -> /<<PKGBUILDDIR>>/.pybuild/cpython3_3.6/build/gpaw
copying gpaw/pair_overlap.py -> /<<PKGBUILDDIR>>/.pybuild/cpython3_3.6/build/gpaw
copying gpaw/coulomb.py -> /<<PKGBUILDDIR>>/.pybuild/cpython3_3.6/build/gpaw
copying gpaw/coding_style.py -> /<<PKGBUILDDIR>>/.pybuild/cpython3_3.6/build/gpaw
copying gpaw/fftw.py -> /<<PKGBUILDDIR>>/.pybuild/cpython3_3.6/build/gpaw
copying gpaw/arraydict.py -> /<<PKGBUILDDIR>>/.pybuild/cpython3_3.6/build/gpaw
copying gpaw/hs_operators.py -> /<<PKGBUILDDIR>>/.pybuild/cpython3_3.6/build/gpaw
copying gpaw/forces.py -> /<<PKGBUILDDIR>>/.pybuild/cpython3_3.6/build/gpaw
copying gpaw/hgh.py -> /<<PKGBUILDDIR>>/.pybuild/cpython3_3.6/build/gpaw
copying gpaw/fulldiag.py -> /<<PKGBUILDDIR>>/.pybuild/cpython3_3.6/build/gpaw
copying gpaw/xas.py -> /<<PKGBUILDDIR>>/.pybuild/cpython3_3.6/build/gpaw
copying gpaw/dscf.py -> /<<PKGBUILDDIR>>/.pybuild/cpython3_3.6/build/gpaw
copying gpaw/hamiltonian.py -> /<<PKGBUILDDIR>>/.pybuild/cpython3_3.6/build/gpaw
copying gpaw/kpoint.py -> /<<PKGBUILDDIR>>/.pybuild/cpython3_3.6/build/gpaw
copying gpaw/calculator.py -> /<<PKGBUILDDIR>>/.pybuild/cpython3_3.6/build/gpaw
copying gpaw/spherical_harmonics.py -> /<<PKGBUILDDIR>>/.pybuild/cpython3_3.6/build/gpaw
copying gpaw/setup_data.py -> /<<PKGBUILDDIR>>/.pybuild/cpython3_3.6/build/gpaw
copying gpaw/fd_operators.py -> /<<PKGBUILDDIR>>/.pybuild/cpython3_3.6/build/gpaw
copying gpaw/dipole_correction.py -> /<<PKGBUILDDIR>>/.pybuild/cpython3_3.6/build/gpaw
copying gpaw/symmetry.py -> /<<PKGBUILDDIR>>/.pybuild/cpython3_3.6/build/gpaw
copying gpaw/preconditioner.py -> /<<PKGBUILDDIR>>/.pybuild/cpython3_3.6/build/gpaw
copying gpaw/helmholtz.py -> /<<PKGBUILDDIR>>/.pybuild/cpython3_3.6/build/gpaw
copying gpaw/mixer.py -> /<<PKGBUILDDIR>>/.pybuild/cpython3_3.6/build/gpaw
copying gpaw/rotation.py -> /<<PKGBUILDDIR>>/.pybuild/cpython3_3.6/build/gpaw
copying gpaw/external.py -> /<<PKGBUILDDIR>>/.pybuild/cpython3_3.6/build/gpaw
copying gpaw/spline.py -> /<<PKGBUILDDIR>>/.pybuild/cpython3_3.6/build/gpaw
copying gpaw/pair_density.py -> /<<PKGBUILDDIR>>/.pybuild/cpython3_3.6/build/gpaw
copying gpaw/__init__.py -> /<<PKGBUILDDIR>>/.pybuild/cpython3_3.6/build/gpaw
copying gpaw/output.py -> /<<PKGBUILDDIR>>/.pybuild/cpython3_3.6/build/gpaw
copying gpaw/hgh_parameters.py -> /<<PKGBUILDDIR>>/.pybuild/cpython3_3.6/build/gpaw
copying gpaw/elf.py -> /<<PKGBUILDDIR>>/.pybuild/cpython3_3.6/build/gpaw
copying gpaw/transformers.py -> /<<PKGBUILDDIR>>/.pybuild/cpython3_3.6/build/gpaw
copying gpaw/gauss.py -> /<<PKGBUILDDIR>>/.pybuild/cpython3_3.6/build/gpaw
copying gpaw/ae.py -> /<<PKGBUILDDIR>>/.pybuild/cpython3_3.6/build/gpaw
copying gpaw/paw.py -> /<<PKGBUILDDIR>>/.pybuild/cpython3_3.6/build/gpaw
copying gpaw/poisson.py -> /<<PKGBUILDDIR>>/.pybuild/cpython3_3.6/build/gpaw
copying gpaw/pseudopotential.py -> /<<PKGBUILDDIR>>/.pybuild/cpython3_3.6/build/gpaw
copying gpaw/overlap.py -> /<<PKGBUILDDIR>>/.pybuild/cpython3_3.6/build/gpaw
copying gpaw/jellium.py -> /<<PKGBUILDDIR>>/.pybuild/cpython3_3.6/build/gpaw
copying gpaw/matrix_descriptor.py -> /<<PKGBUILDDIR>>/.pybuild/cpython3_3.6/build/gpaw
copying gpaw/density.py -> /<<PKGBUILDDIR>>/.pybuild/cpython3_3.6/build/gpaw
copying gpaw/grid_descriptor.py -> /<<PKGBUILDDIR>>/.pybuild/cpython3_3.6/build/gpaw
copying gpaw/unfold.py -> /<<PKGBUILDDIR>>/.pybuild/cpython3_3.6/build/gpaw
copying gpaw/ah.py -> /<<PKGBUILDDIR>>/.pybuild/cpython3_3.6/build/gpaw
copying gpaw/poisson_extended.py -> /<<PKGBUILDDIR>>/.pybuild/cpython3_3.6/build/gpaw
copying gpaw/blacs.py -> /<<PKGBUILDDIR>>/.pybuild/cpython3_3.6/build/gpaw
copying gpaw/factory.py -> /<<PKGBUILDDIR>>/.pybuild/cpython3_3.6/build/gpaw
copying gpaw/cluster.py -> /<<PKGBUILDDIR>>/.pybuild/cpython3_3.6/build/gpaw
copying gpaw/domain.py -> /<<PKGBUILDDIR>>/.pybuild/cpython3_3.6/build/gpaw
copying gpaw/stress.py -> /<<PKGBUILDDIR>>/.pybuild/cpython3_3.6/build/gpaw
copying gpaw/__main__.py -> /<<PKGBUILDDIR>>/.pybuild/cpython3_3.6/build/gpaw
creating /<<PKGBUILDDIR>>/.pybuild/cpython3_3.6/build/gpaw/pes
copying gpaw/pes/continuum.py -> /<<PKGBUILDDIR>>/.pybuild/cpython3_3.6/build/gpaw/pes
copying gpaw/pes/dos.py -> /<<PKGBUILDDIR>>/.pybuild/cpython3_3.6/build/gpaw/pes
copying gpaw/pes/state.py -> /<<PKGBUILDDIR>>/.pybuild/cpython3_3.6/build/gpaw/pes
copying gpaw/pes/tddft.py -> /<<PKGBUILDDIR>>/.pybuild/cpython3_3.6/build/gpaw/pes
copying gpaw/pes/__init__.py -> /<<PKGBUILDDIR>>/.pybuild/cpython3_3.6/build/gpaw/pes
copying gpaw/pes/ds_beta.py -> /<<PKGBUILDDIR>>/.pybuild/cpython3_3.6/build/gpaw/pes
creating /<<PKGBUILDDIR>>/.pybuild/cpython3_3.6/build/gpaw/fdtd
copying gpaw/fdtd/polarizable_material.py -> /<<PKGBUILDDIR>>/.pybuild/cpython3_3.6/build/gpaw/fdtd
copying gpaw/fdtd/poisson_fdtd.py -> /<<PKGBUILDDIR>>/.pybuild/cpython3_3.6/build/gpaw/fdtd
copying gpaw/fdtd/__init__.py -> /<<PKGBUILDDIR>>/.pybuild/cpython3_3.6/build/gpaw/fdtd
copying gpaw/fdtd/potential_couplers.py -> /<<PKGBUILDDIR>>/.pybuild/cpython3_3.6/build/gpaw/fdtd
creating /<<PKGBUILDDIR>>/.pybuild/cpython3_3.6/build/gpaw/sphere
copying gpaw/sphere/lebedev.py -> /<<PKGBUILDDIR>>/.pybuild/cpython3_3.6/build/gpaw/sphere
copying gpaw/sphere/csh.py -> /<<PKGBUILDDIR>>/.pybuild/cpython3_3.6/build/gpaw/sphere
copying gpaw/sphere/legendre.py -> /<<PKGBUILDDIR>>/.pybuild/cpython3_3.6/build/gpaw/sphere
copying gpaw/sphere/rsh.py -> /<<PKGBUILDDIR>>/.pybuild/cpython3_3.6/build/gpaw/sphere
copying gpaw/sphere/__init__.py -> /<<PKGBUILDDIR>>/.pybuild/cpython3_3.6/build/gpaw/sphere
creating /<<PKGBUILDDIR>>/.pybuild/cpython3_3.6/build/gpaw/utilities
copying gpaw/utilities/timing.py -> /<<PKGBUILDDIR>>/.pybuild/cpython3_3.6/build/gpaw/utilities
copying gpaw/utilities/hardware.py -> /<<PKGBUILDDIR>>/.pybuild/cpython3_3.6/build/gpaw/utilities
copying gpaw/utilities/newrelease.py -> /<<PKGBUILDDIR>>/.pybuild/cpython3_3.6/build/gpaw/utilities
copying gpaw/utilities/lapack.py -> /<<PKGBUILDDIR>>/.pybuild/cpython3_3.6/build/gpaw/utilities
copying gpaw/utilities/kspot.py -> /<<PKGBUILDDIR>>/.pybuild/cpython3_3.6/build/gpaw/utilities
copying gpaw/utilities/kwargs.py -> /<<PKGBUILDDIR>>/.pybuild/cpython3_3.6/build/gpaw/utilities
copying gpaw/utilities/viewmol.py -> /<<PKGBUILDDIR>>/.pybuild/cpython3_3.6/build/gpaw/utilities
copying gpaw/utilities/build_web_page.py -> /<<PKGBUILDDIR>>/.pybuild/cpython3_3.6/build/gpaw/utilities
copying gpaw/utilities/ps2ae.py -> /<<PKGBUILDDIR>>/.pybuild/cpython3_3.6/build/gpaw/utilities
copying gpaw/utilities/extend_grid.py -> /<<PKGBUILDDIR>>/.pybuild/cpython3_3.6/build/gpaw/utilities
copying gpaw/utilities/gl_quadrature.py -> /<<PKGBUILDDIR>>/.pybuild/cpython3_3.6/build/gpaw/utilities
copying gpaw/utilities/gpts.py -> /<<PKGBUILDDIR>>/.pybuild/cpython3_3.6/build/gpaw/utilities
copying gpaw/utilities/dos.py -> /<<PKGBUILDDIR>>/.pybuild/cpython3_3.6/build/gpaw/utilities
copying gpaw/utilities/sic.py -> /<<PKGBUILDDIR>>/.pybuild/cpython3_3.6/build/gpaw/utilities
copying gpaw/utilities/partition.py -> /<<PKGBUILDDIR>>/.pybuild/cpython3_3.6/build/gpaw/utilities
copying gpaw/utilities/dscftools.py -> /<<PKGBUILDDIR>>/.pybuild/cpython3_3.6/build/gpaw/utilities
copying gpaw/utilities/scalapack.py -> /<<PKGBUILDDIR>>/.pybuild/cpython3_3.6/build/gpaw/utilities
copying gpaw/utilities/blas.py -> /<<PKGBUILDDIR>>/.pybuild/cpython3_3.6/build/gpaw/utilities
copying gpaw/utilities/__init__.py -> /<<PKGBUILDDIR>>/.pybuild/cpython3_3.6/build/gpaw/utilities
copying gpaw/utilities/gauss.py -> /<<PKGBUILDDIR>>/.pybuild/cpython3_3.6/build/gpaw/utilities
copying gpaw/utilities/ewald.py -> /<<PKGBUILDDIR>>/.pybuild/cpython3_3.6/build/gpaw/utilities
copying gpaw/utilities/folder.py -> /<<PKGBUILDDIR>>/.pybuild/cpython3_3.6/build/gpaw/utilities
copying gpaw/utilities/memory.py -> /<<PKGBUILDDIR>>/.pybuild/cpython3_3.6/build/gpaw/utilities
copying gpaw/utilities/tools.py -> /<<PKGBUILDDIR>>/.pybuild/cpython3_3.6/build/gpaw/utilities
copying gpaw/utilities/grid_redistribute.py -> /<<PKGBUILDDIR>>/.pybuild/cpython3_3.6/build/gpaw/utilities
copying gpaw/utilities/grid.py -> /<<PKGBUILDDIR>>/.pybuild/cpython3_3.6/build/gpaw/utilities
copying gpaw/utilities/progressbar.py -> /<<PKGBUILDDIR>>/.pybuild/cpython3_3.6/build/gpaw/utilities
copying gpaw/utilities/cg.py -> /<<PKGBUILDDIR>>/.pybuild/cpython3_3.6/build/gpaw/utilities
copying gpaw/utilities/hilbert.py -> /<<PKGBUILDDIR>>/.pybuild/cpython3_3.6/build/gpaw/utilities
creating /<<PKGBUILDDIR>>/.pybuild/cpython3_3.6/build/gpaw/atom
copying gpaw/atom/generator2.py -> /<<PKGBUILDDIR>>/.pybuild/cpython3_3.6/build/gpaw/atom
copying gpaw/atom/gpaw_setup.py -> /<<PKGBUILDDIR>>/.pybuild/cpython3_3.6/build/gpaw/atom
copying gpaw/atom/generator.py -> /<<PKGBUILDDIR>>/.pybuild/cpython3_3.6/build/gpaw/atom
copying gpaw/atom/filter.py -> /<<PKGBUILDDIR>>/.pybuild/cpython3_3.6/build/gpaw/atom
copying gpaw/atom/aeatom.py -> /<<PKGBUILDDIR>>/.pybuild/cpython3_3.6/build/gpaw/atom
copying gpaw/atom/__init__.py -> /<<PKGBUILDDIR>>/.pybuild/cpython3_3.6/build/gpaw/atom
copying gpaw/atom/configurations.py -> /<<PKGBUILDDIR>>/.pybuild/cpython3_3.6/build/gpaw/atom
copying gpaw/atom/basis.py -> /<<PKGBUILDDIR>>/.pybuild/cpython3_3.6/build/gpaw/atom
copying gpaw/atom/gpaw_basis.py -> /<<PKGBUILDDIR>>/.pybuild/cpython3_3.6/build/gpaw/atom
copying gpaw/atom/atompaw.py -> /<<PKGBUILDDIR>>/.pybuild/cpython3_3.6/build/gpaw/atom
copying gpaw/atom/optimize.py -> /<<PKGBUILDDIR>>/.pybuild/cpython3_3.6/build/gpaw/atom
copying gpaw/atom/derivatives.py -> /<<PKGBUILDDIR>>/.pybuild/cpython3_3.6/build/gpaw/atom
copying gpaw/atom/all_electron.py -> /<<PKGBUILDDIR>>/.pybuild/cpython3_3.6/build/gpaw/atom
copying gpaw/atom/apawbasis.py -> /<<PKGBUILDDIR>>/.pybuild/cpython3_3.6/build/gpaw/atom
copying gpaw/atom/check.py -> /<<PKGBUILDDIR>>/.pybuild/cpython3_3.6/build/gpaw/atom
copying gpaw/atom/analyse_setup.py -> /<<PKGBUILDDIR>>/.pybuild/cpython3_3.6/build/gpaw/atom
copying gpaw/atom/radialgd.py -> /<<PKGBUILDDIR>>/.pybuild/cpython3_3.6/build/gpaw/atom
creating /<<PKGBUILDDIR>>/.pybuild/cpython3_3.6/build/gpaw/analyse
copying gpaw/analyse/expandyl.py -> /<<PKGBUILDDIR>>/.pybuild/cpython3_3.6/build/gpaw/analyse
copying gpaw/analyse/multipole.py -> /<<PKGBUILDDIR>>/.pybuild/cpython3_3.6/build/gpaw/analyse
copying gpaw/analyse/observers.py -> /<<PKGBUILDDIR>>/.pybuild/cpython3_3.6/build/gpaw/analyse
copying gpaw/analyse/wignerseitz.py -> /<<PKGBUILDDIR>>/.pybuild/cpython3_3.6/build/gpaw/analyse
copying gpaw/analyse/simple_stm.py -> /<<PKGBUILDDIR>>/.pybuild/cpython3_3.6/build/gpaw/analyse
copying gpaw/analyse/__init__.py -> /<<PKGBUILDDIR>>/.pybuild/cpython3_3.6/build/gpaw/analyse
copying gpaw/analyse/eed.py -> /<<PKGBUILDDIR>>/.pybuild/cpython3_3.6/build/gpaw/analyse
copying gpaw/analyse/hirshfeld.py -> /<<PKGBUILDDIR>>/.pybuild/cpython3_3.6/build/gpaw/analyse
copying gpaw/analyse/overlap.py -> /<<PKGBUILDDIR>>/.pybuild/cpython3_3.6/build/gpaw/analyse
copying gpaw/analyse/vdwradii.py -> /<<PKGBUILDDIR>>/.pybuild/cpython3_3.6/build/gpaw/analyse
creating /<<PKGBUILDDIR>>/.pybuild/cpython3_3.6/build/gpaw/solvation
copying gpaw/solvation/gridmem.py -> /<<PKGBUILDDIR>>/.pybuild/cpython3_3.6/build/gpaw/solvation
copying gpaw/solvation/hamiltonian.py -> /<<PKGBUILDDIR>>/.pybuild/cpython3_3.6/build/gpaw/solvation
copying gpaw/solvation/cavity.py -> /<<PKGBUILDDIR>>/.pybuild/cpython3_3.6/build/gpaw/solvation
copying gpaw/solvation/calculator.py -> /<<PKGBUILDDIR>>/.pybuild/cpython3_3.6/build/gpaw/solvation
copying gpaw/solvation/interactions.py -> /<<PKGBUILDDIR>>/.pybuild/cpython3_3.6/build/gpaw/solvation
copying gpaw/solvation/__init__.py -> /<<PKGBUILDDIR>>/.pybuild/cpython3_3.6/build/gpaw/solvation
copying gpaw/solvation/dielectric.py -> /<<PKGBUILDDIR>>/.pybuild/cpython3_3.6/build/gpaw/solvation
copying gpaw/solvation/poisson.py -> /<<PKGBUILDDIR>>/.pybuild/cpython3_3.6/build/gpaw/solvation
creating /<<PKGBUILDDIR>>/.pybuild/cpython3_3.6/build/gpaw/test
copying gpaw/test/timing.py -> /<<PKGBUILDDIR>>/.pybuild/cpython3_3.6/build/gpaw/test
copying gpaw/test/cdft.py -> /<<PKGBUILDDIR>>/.pybuild/cpython3_3.6/build/gpaw/test
copying gpaw/test/occupations.py -> /<<PKGBUILDDIR>>/.pybuild/cpython3_3.6/build/gpaw/test
copying gpaw/test/crontab.py -> /<<PKGBUILDDIR>>/.pybuild/cpython3_3.6/build/gpaw/test
copying gpaw/test/aedensity.py -> /<<PKGBUILDDIR>>/.pybuild/cpython3_3.6/build/gpaw/test
copying gpaw/test/fermisplit.py -> /<<PKGBUILDDIR>>/.pybuild/cpython3_3.6/build/gpaw/test
copying gpaw/test/complex.py -> /<<PKGBUILDDIR>>/.pybuild/cpython3_3.6/build/gpaw/test
copying gpaw/test/spinorbit_Kr.py -> /<<PKGBUILDDIR>>/.pybuild/cpython3_3.6/build/gpaw/test
copying gpaw/test/atoms_mismatch.py -> /<<PKGBUILDDIR>>/.pybuild/cpython3_3.6/build/gpaw/test
copying gpaw/test/dipole.py -> /<<PKGBUILDDIR>>/.pybuild/cpython3_3.6/build/gpaw/test
copying gpaw/test/force_as_stop.py -> /<<PKGBUILDDIR>>/.pybuild/cpython3_3.6/build/gpaw/test
copying gpaw/test/inducedfield_lrtddft.py -> /<<PKGBUILDDIR>>/.pybuild/cpython3_3.6/build/gpaw/test
copying gpaw/test/potential.py -> /<<PKGBUILDDIR>>/.pybuild/cpython3_3.6/build/gpaw/test
copying gpaw/test/ut_common.py -> /<<PKGBUILDDIR>>/.pybuild/cpython3_3.6/build/gpaw/test
copying gpaw/test/muffintinpot.py -> /<<PKGBUILDDIR>>/.pybuild/cpython3_3.6/build/gpaw/test
copying gpaw/test/observer.py -> /<<PKGBUILDDIR>>/.pybuild/cpython3_3.6/build/gpaw/test
copying gpaw/test/pyflakes_check.py -> /<<PKGBUILDDIR>>/.pybuild/cpython3_3.6/build/gpaw/test
copying gpaw/test/fixdensity.py -> /<<PKGBUILDDIR>>/.pybuild/cpython3_3.6/build/gpaw/test
copying gpaw/test/Hubbard_U_Zn.py -> /<<PKGBUILDDIR>>/.pybuild/cpython3_3.6/build/gpaw/test
copying gpaw/test/Hubbard_U.py -> /<<PKGBUILDDIR>>/.pybuild/cpython3_3.6/build/gpaw/test
copying gpaw/test/coulomb.py -> /<<PKGBUILDDIR>>/.pybuild/cpython3_3.6/build/gpaw/test
copying gpaw/test/coreeig.py -> /<<PKGBUILDDIR>>/.pybuild/cpython3_3.6/build/gpaw/test
copying gpaw/test/ibzqpt.py -> /<<PKGBUILDDIR>>/.pybuild/cpython3_3.6/build/gpaw/test
copying gpaw/test/pbc.py -> /<<PKGBUILDDIR>>/.pybuild/cpython3_3.6/build/gpaw/test
copying gpaw/test/fermilevel.py -> /<<PKGBUILDDIR>>/.pybuild/cpython3_3.6/build/gpaw/test
copying gpaw/test/Gauss.py -> /<<PKGBUILDDIR>>/.pybuild/cpython3_3.6/build/gpaw/test
copying gpaw/test/gauss_wave.py -> /<<PKGBUILDDIR>>/.pybuild/cpython3_3.6/build/gpaw/test
copying gpaw/test/ut_tddft.py -> /<<PKGBUILDDIR>>/.pybuild/cpython3_3.6/build/gpaw/test
copying gpaw/test/setup_derivatives.py -> /<<PKGBUILDDIR>>/.pybuild/cpython3_3.6/build/gpaw/test
copying gpaw/test/scipy_test.py -> /<<PKGBUILDDIR>>/.pybuild/cpython3_3.6/build/gpaw/test
copying gpaw/test/tpss.py -> /<<PKGBUILDDIR>>/.pybuild/cpython3_3.6/build/gpaw/test
copying gpaw/test/aeatom.py -> /<<PKGBUILDDIR>>/.pybuild/cpython3_3.6/build/gpaw/test
copying gpaw/test/kpt.py -> /<<PKGBUILDDIR>>/.pybuild/cpython3_3.6/build/gpaw/test
copying gpaw/test/__init__.py -> /<<PKGBUILDDIR>>/.pybuild/cpython3_3.6/build/gpaw/test
copying gpaw/test/mpicomm.py -> /<<PKGBUILDDIR>>/.pybuild/cpython3_3.6/build/gpaw/test
copying gpaw/test/broydenmixer.py -> /<<PKGBUILDDIR>>/.pybuild/cpython3_3.6/build/gpaw/test
copying gpaw/test/gauss_func.py -> /<<PKGBUILDDIR>>/.pybuild/cpython3_3.6/build/gpaw/test
copying gpaw/test/atoms_too_close.py -> /<<PKGBUILDDIR>>/.pybuild/cpython3_3.6/build/gpaw/test
copying gpaw/test/multipoleH2O.py -> /<<PKGBUILDDIR>>/.pybuild/cpython3_3.6/build/gpaw/test
copying gpaw/test/inducedfield_td.py -> /<<PKGBUILDDIR>>/.pybuild/cpython3_3.6/build/gpaw/test
copying gpaw/test/overlap.py -> /<<PKGBUILDDIR>>/.pybuild/cpython3_3.6/build/gpaw/test
copying gpaw/test/jellium.py -> /<<PKGBUILDDIR>>/.pybuild/cpython3_3.6/build/gpaw/test
copying gpaw/test/numpy_test.py -> /<<PKGBUILDDIR>>/.pybuild/cpython3_3.6/build/gpaw/test
copying gpaw/test/stdout.py -> /<<PKGBUILDDIR>>/.pybuild/cpython3_3.6/build/gpaw/test
copying gpaw/test/setup_basis_spec.py -> /<<PKGBUILDDIR>>/.pybuild/cpython3_3.6/build/gpaw/test
copying gpaw/test/fixocc.py -> /<<PKGBUILDDIR>>/.pybuild/cpython3_3.6/build/gpaw/test
copying gpaw/test/multipoletest.py -> /<<PKGBUILDDIR>>/.pybuild/cpython3_3.6/build/gpaw/test
copying gpaw/test/fixmom.py -> /<<PKGBUILDDIR>>/.pybuild/cpython3_3.6/build/gpaw/test
copying gpaw/test/ds_beta.py -> /<<PKGBUILDDIR>>/.pybuild/cpython3_3.6/build/gpaw/test
copying gpaw/test/beef.py -> /<<PKGBUILDDIR>>/.pybuild/cpython3_3.6/build/gpaw/test
copying gpaw/test/test.py -> /<<PKGBUILDDIR>>/.pybuild/cpython3_3.6/build/gpaw/test
copying gpaw/test/cluster.py -> /<<PKGBUILDDIR>>/.pybuild/cpython3_3.6/build/gpaw/test
copying gpaw/test/parunittest.py -> /<<PKGBUILDDIR>>/.pybuild/cpython3_3.6/build/gpaw/test
copying gpaw/test/vdwradii.py -> /<<PKGBUILDDIR>>/.pybuild/cpython3_3.6/build/gpaw/test
copying gpaw/test/spectrum.py -> /<<PKGBUILDDIR>>/.pybuild/cpython3_3.6/build/gpaw/test
copying gpaw/test/reorder_tests.py -> /<<PKGBUILDDIR>>/.pybuild/cpython3_3.6/build/gpaw/test
creating /<<PKGBUILDDIR>>/.pybuild/cpython3_3.6/build/gpaw/test/ext_potential
copying gpaw/test/ext_potential/constant_e_field.py -> /<<PKGBUILDDIR>>/.pybuild/cpython3_3.6/build/gpaw/test/ext_potential
copying gpaw/test/ext_potential/stark_shift.py -> /<<PKGBUILDDIR>>/.pybuild/cpython3_3.6/build/gpaw/test/ext_potential
copying gpaw/test/ext_potential/harmonic.py -> /<<PKGBUILDDIR>>/.pybuild/cpython3_3.6/build/gpaw/test/ext_potential
copying gpaw/test/ext_potential/point_charge.py -> /<<PKGBUILDDIR>>/.pybuild/cpython3_3.6/build/gpaw/test/ext_potential
copying gpaw/test/ext_potential/external.py -> /<<PKGBUILDDIR>>/.pybuild/cpython3_3.6/build/gpaw/test/ext_potential
copying gpaw/test/ext_potential/__init__.py -> /<<PKGBUILDDIR>>/.pybuild/cpython3_3.6/build/gpaw/test/ext_potential
creating /<<PKGBUILDDIR>>/.pybuild/cpython3_3.6/build/gpaw/test/generic
copying gpaw/test/generic/8Si.py -> /<<PKGBUILDDIR>>/.pybuild/cpython3_3.6/build/gpaw/test/generic
copying gpaw/test/generic/IP_oxygen.py -> /<<PKGBUILDDIR>>/.pybuild/cpython3_3.6/build/gpaw/test/generic
copying gpaw/test/generic/guc_force.py -> /<<PKGBUILDDIR>>/.pybuild/cpython3_3.6/build/gpaw/test/generic
copying gpaw/test/generic/proton.py -> /<<PKGBUILDDIR>>/.pybuild/cpython3_3.6/build/gpaw/test/generic
copying gpaw/test/generic/al_chain.py -> /<<PKGBUILDDIR>>/.pybuild/cpython3_3.6/build/gpaw/test/generic
copying gpaw/test/generic/si_primitive.py -> /<<PKGBUILDDIR>>/.pybuild/cpython3_3.6/build/gpaw/test/generic
copying gpaw/test/generic/2Al.py -> /<<PKGBUILDDIR>>/.pybuild/cpython3_3.6/build/gpaw/test/generic
copying gpaw/test/generic/colinear.py -> /<<PKGBUILDDIR>>/.pybuild/cpython3_3.6/build/gpaw/test/generic
copying gpaw/test/generic/Cu.py -> /<<PKGBUILDDIR>>/.pybuild/cpython3_3.6/build/gpaw/test/generic
copying gpaw/test/generic/bulk.py -> /<<PKGBUILDDIR>>/.pybuild/cpython3_3.6/build/gpaw/test/generic
copying gpaw/test/generic/relax.py -> /<<PKGBUILDDIR>>/.pybuild/cpython3_3.6/build/gpaw/test/generic
copying gpaw/test/generic/hydrogen.py -> /<<PKGBUILDDIR>>/.pybuild/cpython3_3.6/build/gpaw/test/generic
copying gpaw/test/generic/mixer.py -> /<<PKGBUILDDIR>>/.pybuild/cpython3_3.6/build/gpaw/test/generic
copying gpaw/test/generic/__init__.py -> /<<PKGBUILDDIR>>/.pybuild/cpython3_3.6/build/gpaw/test/generic
copying gpaw/test/generic/H_force.py -> /<<PKGBUILDDIR>>/.pybuild/cpython3_3.6/build/gpaw/test/generic
copying gpaw/test/generic/Cl_minus.py -> /<<PKGBUILDDIR>>/.pybuild/cpython3_3.6/build/gpaw/test/generic
copying gpaw/test/generic/si.py -> /<<PKGBUILDDIR>>/.pybuild/cpython3_3.6/build/gpaw/test/generic
copying gpaw/test/generic/asym_box.py -> /<<PKGBUILDDIR>>/.pybuild/cpython3_3.6/build/gpaw/test/generic
creating /<<PKGBUILDDIR>>/.pybuild/cpython3_3.6/build/gpaw/test/radial
copying gpaw/test/radial/yukawa_radial.py -> /<<PKGBUILDDIR>>/.pybuild/cpython3_3.6/build/gpaw/test/radial
copying gpaw/test/radial/two_phi_plw_integrals.py -> /<<PKGBUILDDIR>>/.pybuild/cpython3_3.6/build/gpaw/test/radial
copying gpaw/test/radial/lebedev.py -> /<<PKGBUILDDIR>>/.pybuild/cpython3_3.6/build/gpaw/test/radial
copying gpaw/test/radial/__init__.py -> /<<PKGBUILDDIR>>/.pybuild/cpython3_3.6/build/gpaw/test/radial
copying gpaw/test/radial/integral4.py -> /<<PKGBUILDDIR>>/.pybuild/cpython3_3.6/build/gpaw/test/radial
copying gpaw/test/radial/ylexpand.py -> /<<PKGBUILDDIR>>/.pybuild/cpython3_3.6/build/gpaw/test/radial
creating /<<PKGBUILDDIR>>/.pybuild/cpython3_3.6/build/gpaw/test/ralda
copying gpaw/test/ralda/ralda_energy_H2.py -> /<<PKGBUILDDIR>>/.pybuild/cpython3_3.6/build/gpaw/test/ralda
copying gpaw/test/ralda/ralda_energy_N2.py -> /<<PKGBUILDDIR>>/.pybuild/cpython3_3.6/build/gpaw/test/ralda
copying gpaw/test/ralda/__init__.py -> /<<PKGBUILDDIR>>/.pybuild/cpython3_3.6/build/gpaw/test/ralda
copying gpaw/test/ralda/ralda_C6_He.py -> /<<PKGBUILDDIR>>/.pybuild/cpython3_3.6/build/gpaw/test/ralda
copying gpaw/test/ralda/ralda_energy_Si.py -> /<<PKGBUILDDIR>>/.pybuild/cpython3_3.6/build/gpaw/test/ralda
copying gpaw/test/ralda/ralda_energy_Ni.py -> /<<PKGBUILDDIR>>/.pybuild/cpython3_3.6/build/gpaw/test/ralda
creating /<<PKGBUILDDIR>>/.pybuild/cpython3_3.6/build/gpaw/test/fdtd
copying gpaw/test/fdtd/ed_wrapper.py -> /<<PKGBUILDDIR>>/.pybuild/cpython3_3.6/build/gpaw/test/fdtd
copying gpaw/test/fdtd/ed.py -> /<<PKGBUILDDIR>>/.pybuild/cpython3_3.6/build/gpaw/test/fdtd
copying gpaw/test/fdtd/__init__.py -> /<<PKGBUILDDIR>>/.pybuild/cpython3_3.6/build/gpaw/test/fdtd
copying gpaw/test/fdtd/ed_shapes.py -> /<<PKGBUILDDIR>>/.pybuild/cpython3_3.6/build/gpaw/test/fdtd
copying gpaw/test/fdtd/ed_inducedfield.py -> /<<PKGBUILDDIR>>/.pybuild/cpython3_3.6/build/gpaw/test/fdtd
creating /<<PKGBUILDDIR>>/.pybuild/cpython3_3.6/build/gpaw/test/utilities
copying gpaw/test/utilities/simple_stm.py -> /<<PKGBUILDDIR>>/.pybuild/cpython3_3.6/build/gpaw/test/utilities
copying gpaw/test/utilities/wannier_ethylene.py -> /<<PKGBUILDDIR>>/.pybuild/cpython3_3.6/build/gpaw/test/utilities
copying gpaw/test/utilities/partitioning.py -> /<<PKGBUILDDIR>>/.pybuild/cpython3_3.6/build/gpaw/test/utilities
copying gpaw/test/utilities/__init__.py -> /<<PKGBUILDDIR>>/.pybuild/cpython3_3.6/build/gpaw/test/utilities
copying gpaw/test/utilities/eed.py -> /<<PKGBUILDDIR>>/.pybuild/cpython3_3.6/build/gpaw/test/utilities
copying gpaw/test/utilities/elf.py -> /<<PKGBUILDDIR>>/.pybuild/cpython3_3.6/build/gpaw/test/utilities
copying gpaw/test/utilities/ewald.py -> /<<PKGBUILDDIR>>/.pybuild/cpython3_3.6/build/gpaw/test/utilities
copying gpaw/test/utilities/ldos.py -> /<<PKGBUILDDIR>>/.pybuild/cpython3_3.6/build/gpaw/test/utilities
creating /<<PKGBUILDDIR>>/.pybuild/cpython3_3.6/build/gpaw/test/lfc
copying gpaw/test/lfc/lf.py -> /<<PKGBUILDDIR>>/.pybuild/cpython3_3.6/build/gpaw/test/lfc
copying gpaw/test/lfc/second_derivative.py -> /<<PKGBUILDDIR>>/.pybuild/cpython3_3.6/build/gpaw/test/lfc
copying gpaw/test/lfc/__init__.py -> /<<PKGBUILDDIR>>/.pybuild/cpython3_3.6/build/gpaw/test/lfc
copying gpaw/test/lfc/derivatives.py -> /<<PKGBUILDDIR>>/.pybuild/cpython3_3.6/build/gpaw/test/lfc
copying gpaw/test/lfc/gp2.py -> /<<PKGBUILDDIR>>/.pybuild/cpython3_3.6/build/gpaw/test/lfc
creating /<<PKGBUILDDIR>>/.pybuild/cpython3_3.6/build/gpaw/test/solvation
copying gpaw/test/solvation/lrtddft.py -> /<<PKGBUILDDIR>>/.pybuild/cpython3_3.6/build/gpaw/test/solvation
copying gpaw/test/solvation/solvation_api.py -> /<<PKGBUILDDIR>>/.pybuild/cpython3_3.6/build/gpaw/test/solvation
copying gpaw/test/solvation/pbc_pos_repeat.py -> /<<PKGBUILDDIR>>/.pybuild/cpython3_3.6/build/gpaw/test/solvation
copying gpaw/test/solvation/sfgcm06.py -> /<<PKGBUILDDIR>>/.pybuild/cpython3_3.6/build/gpaw/test/solvation
copying gpaw/test/solvation/vacuum.py -> /<<PKGBUILDDIR>>/.pybuild/cpython3_3.6/build/gpaw/test/solvation
copying gpaw/test/solvation/water_water.py -> /<<PKGBUILDDIR>>/.pybuild/cpython3_3.6/build/gpaw/test/solvation
copying gpaw/test/solvation/pbc.py -> /<<PKGBUILDDIR>>/.pybuild/cpython3_3.6/build/gpaw/test/solvation
copying gpaw/test/solvation/forces.py -> /<<PKGBUILDDIR>>/.pybuild/cpython3_3.6/build/gpaw/test/solvation
copying gpaw/test/solvation/adm12.py -> /<<PKGBUILDDIR>>/.pybuild/cpython3_3.6/build/gpaw/test/solvation
copying gpaw/test/solvation/spinpol.py -> /<<PKGBUILDDIR>>/.pybuild/cpython3_3.6/build/gpaw/test/solvation
copying gpaw/test/solvation/sss09.py -> /<<PKGBUILDDIR>>/.pybuild/cpython3_3.6/build/gpaw/test/solvation
copying gpaw/test/solvation/__init__.py -> /<<PKGBUILDDIR>>/.pybuild/cpython3_3.6/build/gpaw/test/solvation
copying gpaw/test/solvation/swap_atoms.py -> /<<PKGBUILDDIR>>/.pybuild/cpython3_3.6/build/gpaw/test/solvation
copying gpaw/test/solvation/poisson.py -> /<<PKGBUILDDIR>>/.pybuild/cpython3_3.6/build/gpaw/test/solvation
copying gpaw/test/solvation/nan_radius.py -> /<<PKGBUILDDIR>>/.pybuild/cpython3_3.6/build/gpaw/test/solvation
copying gpaw/test/solvation/forces_symmetry.py -> /<<PKGBUILDDIR>>/.pybuild/cpython3_3.6/build/gpaw/test/solvation
creating /<<PKGBUILDDIR>>/.pybuild/cpython3_3.6/build/gpaw/test/parallel
copying gpaw/test/parallel/lcao_parallel_kpt.py -> /<<PKGBUILDDIR>>/.pybuild/cpython3_3.6/build/gpaw/test/parallel
copying gpaw/test/parallel/scalapack_diag.py -> /<<PKGBUILDDIR>>/.pybuild/cpython3_3.6/build/gpaw/test/parallel
copying gpaw/test/parallel/lcao_complicated.py -> /<<PKGBUILDDIR>>/.pybuild/cpython3_3.6/build/gpaw/test/parallel
copying gpaw/test/parallel/fd_parallel_kpt.py -> /<<PKGBUILDDIR>>/.pybuild/cpython3_3.6/build/gpaw/test/parallel
copying gpaw/test/parallel/realspace_blacs.py -> /<<PKGBUILDDIR>>/.pybuild/cpython3_3.6/build/gpaw/test/parallel
copying gpaw/test/parallel/scalapack_pdlasrt_hang.py -> /<<PKGBUILDDIR>>/.pybuild/cpython3_3.6/build/gpaw/test/parallel
copying gpaw/test/parallel/lcao_parallel.py -> /<<PKGBUILDDIR>>/.pybuild/cpython3_3.6/build/gpaw/test/parallel
copying gpaw/test/parallel/fd_parallel.py -> /<<PKGBUILDDIR>>/.pybuild/cpython3_3.6/build/gpaw/test/parallel
copying gpaw/test/parallel/ut_invops.py -> /<<PKGBUILDDIR>>/.pybuild/cpython3_3.6/build/gpaw/test/parallel
copying gpaw/test/parallel/diamond_gllb.py -> /<<PKGBUILDDIR>>/.pybuild/cpython3_3.6/build/gpaw/test/parallel
copying gpaw/test/parallel/pblas.py -> /<<PKGBUILDDIR>>/.pybuild/cpython3_3.6/build/gpaw/test/parallel
copying gpaw/test/parallel/ut_parallel.py -> /<<PKGBUILDDIR>>/.pybuild/cpython3_3.6/build/gpaw/test/parallel
copying gpaw/test/parallel/lcao_hamiltonian.py -> /<<PKGBUILDDIR>>/.pybuild/cpython3_3.6/build/gpaw/test/parallel
copying gpaw/test/parallel/scalapack_mpirecv_crash.py -> /<<PKGBUILDDIR>>/.pybuild/cpython3_3.6/build/gpaw/test/parallel
copying gpaw/test/parallel/hamiltonian.py -> /<<PKGBUILDDIR>>/.pybuild/cpython3_3.6/build/gpaw/test/parallel
copying gpaw/test/parallel/scalapack_diag_simple.py -> /<<PKGBUILDDIR>>/.pybuild/cpython3_3.6/build/gpaw/test/parallel
copying gpaw/test/parallel/redistribute_grid.py -> /<<PKGBUILDDIR>>/.pybuild/cpython3_3.6/build/gpaw/test/parallel
copying gpaw/test/parallel/kptpar.py -> /<<PKGBUILDDIR>>/.pybuild/cpython3_3.6/build/gpaw/test/parallel
copying gpaw/test/parallel/augment_grid.py -> /<<PKGBUILDDIR>>/.pybuild/cpython3_3.6/build/gpaw/test/parallel
copying gpaw/test/parallel/scalapack.py -> /<<PKGBUILDDIR>>/.pybuild/cpython3_3.6/build/gpaw/test/parallel
copying gpaw/test/parallel/lcao_projections.py -> /<<PKGBUILDDIR>>/.pybuild/cpython3_3.6/build/gpaw/test/parallel
copying gpaw/test/parallel/__init__.py -> /<<PKGBUILDDIR>>/.pybuild/cpython3_3.6/build/gpaw/test/parallel
copying gpaw/test/parallel/parallel_eigh.py -> /<<PKGBUILDDIR>>/.pybuild/cpython3_3.6/build/gpaw/test/parallel
copying gpaw/test/parallel/overlap.py -> /<<PKGBUILDDIR>>/.pybuild/cpython3_3.6/build/gpaw/test/parallel
copying gpaw/test/parallel/submatrix_redist.py -> /<<PKGBUILDDIR>>/.pybuild/cpython3_3.6/build/gpaw/test/parallel
copying gpaw/test/parallel/blacsdist.py -> /<<PKGBUILDDIR>>/.pybuild/cpython3_3.6/build/gpaw/test/parallel
copying gpaw/test/parallel/compare.py -> /<<PKGBUILDDIR>>/.pybuild/cpython3_3.6/build/gpaw/test/parallel
copying gpaw/test/parallel/arraydict_redist.py -> /<<PKGBUILDDIR>>/.pybuild/cpython3_3.6/build/gpaw/test/parallel
creating /<<PKGBUILDDIR>>/.pybuild/cpython3_3.6/build/gpaw/test/big
copying gpaw/test/big/__init__.py -> /<<PKGBUILDDIR>>/.pybuild/cpython3_3.6/build/gpaw/test/big
copying gpaw/test/big/agts.py -> /<<PKGBUILDDIR>>/.pybuild/cpython3_3.6/build/gpaw/test/big
copying gpaw/test/big/gbar.py -> /<<PKGBUILDDIR>>/.pybuild/cpython3_3.6/build/gpaw/test/big
copying gpaw/test/big/niflheim.py -> /<<PKGBUILDDIR>>/.pybuild/cpython3_3.6/build/gpaw/test/big
copying gpaw/test/big/analysis.py -> /<<PKGBUILDDIR>>/.pybuild/cpython3_3.6/build/gpaw/test/big
creating /<<PKGBUILDDIR>>/.pybuild/cpython3_3.6/build/gpaw/test/big/kpb
copying gpaw/test/big/kpb/molecules.py -> /<<PKGBUILDDIR>>/.pybuild/cpython3_3.6/build/gpaw/test/big/kpb
copying gpaw/test/big/kpb/submit.agts.py -> /<<PKGBUILDDIR>>/.pybuild/cpython3_3.6/build/gpaw/test/big/kpb
copying gpaw/test/big/kpb/__init__.py -> /<<PKGBUILDDIR>>/.pybuild/cpython3_3.6/build/gpaw/test/big/kpb
copying gpaw/test/big/kpb/check.py -> /<<PKGBUILDDIR>>/.pybuild/cpython3_3.6/build/gpaw/test/big/kpb
creating /<<PKGBUILDDIR>>/.pybuild/cpython3_3.6/build/gpaw/test/big/dcdft
copying gpaw/test/big/dcdft/pbe_abinit_hgh.agts.py -> /<<PKGBUILDDIR>>/.pybuild/cpython3_3.6/build/gpaw/test/big/dcdft
copying gpaw/test/big/dcdft/analyse.py -> /<<PKGBUILDDIR>>/.pybuild/cpython3_3.6/build/gpaw/test/big/dcdft
copying gpaw/test/big/dcdft/pbe_abinit_paw.py -> /<<PKGBUILDDIR>>/.pybuild/cpython3_3.6/build/gpaw/test/big/dcdft
copying gpaw/test/big/dcdft/pbe_jacapo.agts.py -> /<<PKGBUILDDIR>>/.pybuild/cpython3_3.6/build/gpaw/test/big/dcdft
copying gpaw/test/big/dcdft/pbe_gpaw_pw.py -> /<<PKGBUILDDIR>>/.pybuild/cpython3_3.6/build/gpaw/test/big/dcdft
copying gpaw/test/big/dcdft/pbe_gpaw_pw.agts.py -> /<<PKGBUILDDIR>>/.pybuild/cpython3_3.6/build/gpaw/test/big/dcdft
copying gpaw/test/big/dcdft/pbe_abinit_fhi.py -> /<<PKGBUILDDIR>>/.pybuild/cpython3_3.6/build/gpaw/test/big/dcdft
copying gpaw/test/big/dcdft/pbe_abinit_hgh.py -> /<<PKGBUILDDIR>>/.pybuild/cpython3_3.6/build/gpaw/test/big/dcdft
copying gpaw/test/big/dcdft/__init__.py -> /<<PKGBUILDDIR>>/.pybuild/cpython3_3.6/build/gpaw/test/big/dcdft
copying gpaw/test/big/dcdft/pbe_jacapo.py -> /<<PKGBUILDDIR>>/.pybuild/cpython3_3.6/build/gpaw/test/big/dcdft
copying gpaw/test/big/dcdft/pbe_abinit_paw.agts.py -> /<<PKGBUILDDIR>>/.pybuild/cpython3_3.6/build/gpaw/test/big/dcdft
copying gpaw/test/big/dcdft/pbe_gpaw_pw_verify.py -> /<<PKGBUILDDIR>>/.pybuild/cpython3_3.6/build/gpaw/test/big/dcdft
copying gpaw/test/big/dcdft/pbe_aims.py -> /<<PKGBUILDDIR>>/.pybuild/cpython3_3.6/build/gpaw/test/big/dcdft
copying gpaw/test/big/dcdft/pbe_aims.agts.py -> /<<PKGBUILDDIR>>/.pybuild/cpython3_3.6/build/gpaw/test/big/dcdft
creating /<<PKGBUILDDIR>>/.pybuild/cpython3_3.6/build/gpaw/test/big/hsk
copying gpaw/test/big/hsk/hsk.py -> /<<PKGBUILDDIR>>/.pybuild/cpython3_3.6/build/gpaw/test/big/hsk
copying gpaw/test/big/hsk/__init__.py -> /<<PKGBUILDDIR>>/.pybuild/cpython3_3.6/build/gpaw/test/big/hsk
creating /<<PKGBUILDDIR>>/.pybuild/cpython3_3.6/build/gpaw/test/big/setups
copying gpaw/test/big/setups/__init__.py -> /<<PKGBUILDDIR>>/.pybuild/cpython3_3.6/build/gpaw/test/big/setups
creating /<<PKGBUILDDIR>>/.pybuild/cpython3_3.6/build/gpaw/test/big/g2_1
copying gpaw/test/big/g2_1/g21gpaw.py -> /<<PKGBUILDDIR>>/.pybuild/cpython3_3.6/build/gpaw/test/big/g2_1
copying gpaw/test/big/g2_1/analyse.py -> /<<PKGBUILDDIR>>/.pybuild/cpython3_3.6/build/gpaw/test/big/g2_1
copying gpaw/test/big/g2_1/g21nwchem.py -> /<<PKGBUILDDIR>>/.pybuild/cpython3_3.6/build/gpaw/test/big/g2_1
copying gpaw/test/big/g2_1/submit.agts.py -> /<<PKGBUILDDIR>>/.pybuild/cpython3_3.6/build/gpaw/test/big/g2_1
copying gpaw/test/big/g2_1/generate.py -> /<<PKGBUILDDIR>>/.pybuild/cpython3_3.6/build/gpaw/test/big/g2_1
copying gpaw/test/big/g2_1/pbe_gpaw_nrel_plot.py -> /<<PKGBUILDDIR>>/.pybuild/cpython3_3.6/build/gpaw/test/big/g2_1
copying gpaw/test/big/g2_1/__init__.py -> /<<PKGBUILDDIR>>/.pybuild/cpython3_3.6/build/gpaw/test/big/g2_1
creating /<<PKGBUILDDIR>>/.pybuild/cpython3_3.6/build/gpaw/test/big/scf
copying gpaw/test/big/scf/dcdft_pbe_pw.py -> /<<PKGBUILDDIR>>/.pybuild/cpython3_3.6/build/gpaw/test/big/scf
copying gpaw/test/big/scf/analyse.py -> /<<PKGBUILDDIR>>/.pybuild/cpython3_3.6/build/gpaw/test/big/scf
copying gpaw/test/big/scf/g2_1_pbe0_fd.py -> /<<PKGBUILDDIR>>/.pybuild/cpython3_3.6/build/gpaw/test/big/scf
copying gpaw/test/big/scf/g2_1_pbe0_fd.agts.py -> /<<PKGBUILDDIR>>/.pybuild/cpython3_3.6/build/gpaw/test/big/scf
copying gpaw/test/big/scf/__init__.py -> /<<PKGBUILDDIR>>/.pybuild/cpython3_3.6/build/gpaw/test/big/scf
copying gpaw/test/big/scf/dcdft_pbe_pw.agts.py -> /<<PKGBUILDDIR>>/.pybuild/cpython3_3.6/build/gpaw/test/big/scf
copying gpaw/test/big/scf/dcdft_pbe_pw_jacapo.py -> /<<PKGBUILDDIR>>/.pybuild/cpython3_3.6/build/gpaw/test/big/scf
creating /<<PKGBUILDDIR>>/.pybuild/cpython3_3.6/build/gpaw/test/fd_ops
copying gpaw/test/fd_ops/gradient.py -> /<<PKGBUILDDIR>>/.pybuild/cpython3_3.6/build/gpaw/test/fd_ops
copying gpaw/test/fd_ops/non_periodic.py -> /<<PKGBUILDDIR>>/.pybuild/cpython3_3.6/build/gpaw/test/fd_ops
copying gpaw/test/fd_ops/nabla.py -> /<<PKGBUILDDIR>>/.pybuild/cpython3_3.6/build/gpaw/test/fd_ops
copying gpaw/test/fd_ops/gd.py -> /<<PKGBUILDDIR>>/.pybuild/cpython3_3.6/build/gpaw/test/fd_ops
copying gpaw/test/fd_ops/__init__.py -> /<<PKGBUILDDIR>>/.pybuild/cpython3_3.6/build/gpaw/test/fd_ops
copying gpaw/test/fd_ops/transformations.py -> /<<PKGBUILDDIR>>/.pybuild/cpython3_3.6/build/gpaw/test/fd_ops
copying gpaw/test/fd_ops/laplace.py -> /<<PKGBUILDDIR>>/.pybuild/cpython3_3.6/build/gpaw/test/fd_ops
creating /<<PKGBUILDDIR>>/.pybuild/cpython3_3.6/build/gpaw/test/symmetry
copying gpaw/test/symmetry/band_symmetries.py -> /<<PKGBUILDDIR>>/.pybuild/cpython3_3.6/build/gpaw/test/symmetry
copying gpaw/test/symmetry/usesymm.py -> /<<PKGBUILDDIR>>/.pybuild/cpython3_3.6/build/gpaw/test/symmetry
copying gpaw/test/symmetry/symmetry_ft.py -> /<<PKGBUILDDIR>>/.pybuild/cpython3_3.6/build/gpaw/test/symmetry
copying gpaw/test/symmetry/fractional_translations_big.py -> /<<PKGBUILDDIR>>/.pybuild/cpython3_3.6/build/gpaw/test/symmetry
copying gpaw/test/symmetry/symmetry.py -> /<<PKGBUILDDIR>>/.pybuild/cpython3_3.6/build/gpaw/test/symmetry
copying gpaw/test/symmetry/__init__.py -> /<<PKGBUILDDIR>>/.pybuild/cpython3_3.6/build/gpaw/test/symmetry
copying gpaw/test/symmetry/fractional_translations.py -> /<<PKGBUILDDIR>>/.pybuild/cpython3_3.6/build/gpaw/test/symmetry
copying gpaw/test/symmetry/usesymm2.py -> /<<PKGBUILDDIR>>/.pybuild/cpython3_3.6/build/gpaw/test/symmetry
copying gpaw/test/symmetry/fractional_translations_med.py -> /<<PKGBUILDDIR>>/.pybuild/cpython3_3.6/build/gpaw/test/symmetry
copying gpaw/test/symmetry/check.py -> /<<PKGBUILDDIR>>/.pybuild/cpython3_3.6/build/gpaw/test/symmetry
creating /<<PKGBUILDDIR>>/.pybuild/cpython3_3.6/build/gpaw/test/corehole
copying gpaw/test/corehole/h2o_recursion.py -> /<<PKGBUILDDIR>>/.pybuild/cpython3_3.6/build/gpaw/test/corehole
copying gpaw/test/corehole/si_nonortho.py -> /<<PKGBUILDDIR>>/.pybuild/cpython3_3.6/build/gpaw/test/corehole
copying gpaw/test/corehole/h2o.py -> /<<PKGBUILDDIR>>/.pybuild/cpython3_3.6/build/gpaw/test/corehole
copying gpaw/test/corehole/h2o_dks.py -> /<<PKGBUILDDIR>>/.pybuild/cpython3_3.6/build/gpaw/test/corehole
copying gpaw/test/corehole/__init__.py -> /<<PKGBUILDDIR>>/.pybuild/cpython3_3.6/build/gpaw/test/corehole
copying gpaw/test/corehole/si.py -> /<<PKGBUILDDIR>>/.pybuild/cpython3_3.6/build/gpaw/test/corehole
creating /<<PKGBUILDDIR>>/.pybuild/cpython3_3.6/build/gpaw/test/gllb
copying gpaw/test/gllb/ne_disc.py -> /<<PKGBUILDDIR>>/.pybuild/cpython3_3.6/build/gpaw/test/gllb
copying gpaw/test/gllb/atomic.py -> /<<PKGBUILDDIR>>/.pybuild/cpython3_3.6/build/gpaw/test/gllb
copying gpaw/test/gllb/__init__.py -> /<<PKGBUILDDIR>>/.pybuild/cpython3_3.6/build/gpaw/test/gllb
copying gpaw/test/gllb/ne.py -> /<<PKGBUILDDIR>>/.pybuild/cpython3_3.6/build/gpaw/test/gllb
copying gpaw/test/gllb/diamond.py -> /<<PKGBUILDDIR>>/.pybuild/cpython3_3.6/build/gpaw/test/gllb
copying gpaw/test/gllb/restart_band_structure.py -> /<<PKGBUILDDIR>>/.pybuild/cpython3_3.6/build/gpaw/test/gllb
copying gpaw/test/gllb/spin.py -> /<<PKGBUILDDIR>>/.pybuild/cpython3_3.6/build/gpaw/test/gllb
creating /<<PKGBUILDDIR>>/.pybuild/cpython3_3.6/build/gpaw/test/poisson
copying gpaw/test/poisson/poisson_asym.py -> /<<PKGBUILDDIR>>/.pybuild/cpython3_3.6/build/gpaw/test/poisson
copying gpaw/test/poisson/screened_poisson.py -> /<<PKGBUILDDIR>>/.pybuild/cpython3_3.6/build/gpaw/test/poisson
copying gpaw/test/poisson/__init__.py -> /<<PKGBUILDDIR>>/.pybuild/cpython3_3.6/build/gpaw/test/poisson
copying gpaw/test/poisson/poisson.py -> /<<PKGBUILDDIR>>/.pybuild/cpython3_3.6/build/gpaw/test/poisson
copying gpaw/test/poisson/poisson_extended.py -> /<<PKGBUILDDIR>>/.pybuild/cpython3_3.6/build/gpaw/test/poisson
creating /<<PKGBUILDDIR>>/.pybuild/cpython3_3.6/build/gpaw/test/sic
copying gpaw/test/sic/scfsic_n2.py -> /<<PKGBUILDDIR>>/.pybuild/cpython3_3.6/build/gpaw/test/sic
copying gpaw/test/sic/scfsic_h2.py -> /<<PKGBUILDDIR>>/.pybuild/cpython3_3.6/build/gpaw/test/sic
copying gpaw/test/sic/__init__.py -> /<<PKGBUILDDIR>>/.pybuild/cpython3_3.6/build/gpaw/test/sic
copying gpaw/test/sic/nscfsic.py -> /<<PKGBUILDDIR>>/.pybuild/cpython3_3.6/build/gpaw/test/sic
creating /<<PKGBUILDDIR>>/.pybuild/cpython3_3.6/build/gpaw/test/fileio
copying gpaw/test/fileio/parallel.py -> /<<PKGBUILDDIR>>/.pybuild/cpython3_3.6/build/gpaw/test/fileio
copying gpaw/test/fileio/restart_density.py -> /<<PKGBUILDDIR>>/.pybuild/cpython3_3.6/build/gpaw/test/fileio
copying gpaw/test/fileio/file_reference.py -> /<<PKGBUILDDIR>>/.pybuild/cpython3_3.6/build/gpaw/test/fileio
copying gpaw/test/fileio/wfs_io.py -> /<<PKGBUILDDIR>>/.pybuild/cpython3_3.6/build/gpaw/test/fileio
copying gpaw/test/fileio/__init__.py -> /<<PKGBUILDDIR>>/.pybuild/cpython3_3.6/build/gpaw/test/fileio
copying gpaw/test/fileio/refine.py -> /<<PKGBUILDDIR>>/.pybuild/cpython3_3.6/build/gpaw/test/fileio
copying gpaw/test/fileio/idiotproof_setup.py -> /<<PKGBUILDDIR>>/.pybuild/cpython3_3.6/build/gpaw/test/fileio
copying gpaw/test/fileio/wfs_auto.py -> /<<PKGBUILDDIR>>/.pybuild/cpython3_3.6/build/gpaw/test/fileio
copying gpaw/test/fileio/restart.py -> /<<PKGBUILDDIR>>/.pybuild/cpython3_3.6/build/gpaw/test/fileio
creating /<<PKGBUILDDIR>>/.pybuild/cpython3_3.6/build/gpaw/test/vdw
copying gpaw/test/vdw/potential.py -> /<<PKGBUILDDIR>>/.pybuild/cpython3_3.6/build/gpaw/test/vdw
copying gpaw/test/vdw/quick.py -> /<<PKGBUILDDIR>>/.pybuild/cpython3_3.6/build/gpaw/test/vdw
copying gpaw/test/vdw/ts09.py -> /<<PKGBUILDDIR>>/.pybuild/cpython3_3.6/build/gpaw/test/vdw
copying gpaw/test/vdw/libvdwxc_mbeef.py -> /<<PKGBUILDDIR>>/.pybuild/cpython3_3.6/build/gpaw/test/vdw
copying gpaw/test/vdw/libvdwxc_h2.py -> /<<PKGBUILDDIR>>/.pybuild/cpython3_3.6/build/gpaw/test/vdw
copying gpaw/test/vdw/H_Hirshfeld.py -> /<<PKGBUILDDIR>>/.pybuild/cpython3_3.6/build/gpaw/test/vdw
copying gpaw/test/vdw/__init__.py -> /<<PKGBUILDDIR>>/.pybuild/cpython3_3.6/build/gpaw/test/vdw
copying gpaw/test/vdw/libvdwxc_spin.py -> /<<PKGBUILDDIR>>/.pybuild/cpython3_3.6/build/gpaw/test/vdw
copying gpaw/test/vdw/ar2.py -> /<<PKGBUILDDIR>>/.pybuild/cpython3_3.6/build/gpaw/test/vdw
copying gpaw/test/vdw/quick_spin.py -> /<<PKGBUILDDIR>>/.pybuild/cpython3_3.6/build/gpaw/test/vdw
copying gpaw/test/vdw/libvdwxc_functionals.py -> /<<PKGBUILDDIR>>/.pybuild/cpython3_3.6/build/gpaw/test/vdw
creating /<<PKGBUILDDIR>>/.pybuild/cpython3_3.6/build/gpaw/test/maths
copying gpaw/test/maths/fftw.py -> /<<PKGBUILDDIR>>/.pybuild/cpython3_3.6/build/gpaw/test/maths
copying gpaw/test/maths/fsbt.py -> /<<PKGBUILDDIR>>/.pybuild/cpython3_3.6/build/gpaw/test/maths
copying gpaw/test/maths/__init__.py -> /<<PKGBUILDDIR>>/.pybuild/cpython3_3.6/build/gpaw/test/maths
copying gpaw/test/maths/erf.py -> /<<PKGBUILDDIR>>/.pybuild/cpython3_3.6/build/gpaw/test/maths
creating /<<PKGBUILDDIR>>/.pybuild/cpython3_3.6/build/gpaw/test/tddft
copying gpaw/test/tddft/ehrenfest_nacl.py -> /<<PKGBUILDDIR>>/.pybuild/cpython3_3.6/build/gpaw/test/tddft
copying gpaw/test/tddft/td_na2.py -> /<<PKGBUILDDIR>>/.pybuild/cpython3_3.6/build/gpaw/test/tddft
copying gpaw/test/tddft/__init__.py -> /<<PKGBUILDDIR>>/.pybuild/cpython3_3.6/build/gpaw/test/tddft
copying gpaw/test/tddft/be_nltd_ip.py -> /<<PKGBUILDDIR>>/.pybuild/cpython3_3.6/build/gpaw/test/tddft
creating /<<PKGBUILDDIR>>/.pybuild/cpython3_3.6/build/gpaw/test/mgga
copying gpaw/test/mgga/__init__.py -> /<<PKGBUILDDIR>>/.pybuild/cpython3_3.6/build/gpaw/test/mgga
copying gpaw/test/mgga/nsc_MGGA.py -> /<<PKGBUILDDIR>>/.pybuild/cpython3_3.6/build/gpaw/test/mgga
copying gpaw/test/mgga/mgga_restart.py -> /<<PKGBUILDDIR>>/.pybuild/cpython3_3.6/build/gpaw/test/mgga
copying gpaw/test/mgga/mgga_sc.py -> /<<PKGBUILDDIR>>/.pybuild/cpython3_3.6/build/gpaw/test/mgga
creating /<<PKGBUILDDIR>>/.pybuild/cpython3_3.6/build/gpaw/test/ofdft
copying gpaw/test/ofdft/ofdft.py -> /<<PKGBUILDDIR>>/.pybuild/cpython3_3.6/build/gpaw/test/ofdft
copying gpaw/test/ofdft/ofdft_scale.py -> /<<PKGBUILDDIR>>/.pybuild/cpython3_3.6/build/gpaw/test/ofdft
copying gpaw/test/ofdft/__init__.py -> /<<PKGBUILDDIR>>/.pybuild/cpython3_3.6/build/gpaw/test/ofdft
copying gpaw/test/ofdft/ofdft_pbc.py -> /<<PKGBUILDDIR>>/.pybuild/cpython3_3.6/build/gpaw/test/ofdft
creating /<<PKGBUILDDIR>>/.pybuild/cpython3_3.6/build/gpaw/test/lcao
copying gpaw/test/lcao/fd2lcao_restart.py -> /<<PKGBUILDDIR>>/.pybuild/cpython3_3.6/build/gpaw/test/lcao
copying gpaw/test/lcao/tddft_restart.py -> /<<PKGBUILDDIR>>/.pybuild/cpython3_3.6/build/gpaw/test/lcao
copying gpaw/test/lcao/tdgllbsc.py -> /<<PKGBUILDDIR>>/.pybuild/cpython3_3.6/build/gpaw/test/lcao
copying gpaw/test/lcao/atomic_corrections.py -> /<<PKGBUILDDIR>>/.pybuild/cpython3_3.6/build/gpaw/test/lcao
copying gpaw/test/lcao/h2o.py -> /<<PKGBUILDDIR>>/.pybuild/cpython3_3.6/build/gpaw/test/lcao
copying gpaw/test/lcao/dos.py -> /<<PKGBUILDDIR>>/.pybuild/cpython3_3.6/build/gpaw/test/lcao
copying gpaw/test/lcao/force.py -> /<<PKGBUILDDIR>>/.pybuild/cpython3_3.6/build/gpaw/test/lcao
copying gpaw/test/lcao/bulk.py -> /<<PKGBUILDDIR>>/.pybuild/cpython3_3.6/build/gpaw/test/lcao
copying gpaw/test/lcao/pair_and_coulomb.py -> /<<PKGBUILDDIR>>/.pybuild/cpython3_3.6/build/gpaw/test/lcao
copying gpaw/test/lcao/tddft.py -> /<<PKGBUILDDIR>>/.pybuild/cpython3_3.6/build/gpaw/test/lcao
copying gpaw/test/lcao/__init__.py -> /<<PKGBUILDDIR>>/.pybuild/cpython3_3.6/build/gpaw/test/lcao
copying gpaw/test/lcao/bsse.py -> /<<PKGBUILDDIR>>/.pybuild/cpython3_3.6/build/gpaw/test/lcao
copying gpaw/test/lcao/gllb_si.py -> /<<PKGBUILDDIR>>/.pybuild/cpython3_3.6/build/gpaw/test/lcao
copying gpaw/test/lcao/largecellforce.py -> /<<PKGBUILDDIR>>/.pybuild/cpython3_3.6/build/gpaw/test/lcao
copying gpaw/test/lcao/density.py -> /<<PKGBUILDDIR>>/.pybuild/cpython3_3.6/build/gpaw/test/lcao
copying gpaw/test/lcao/restart.py -> /<<PKGBUILDDIR>>/.pybuild/cpython3_3.6/build/gpaw/test/lcao
creating /<<PKGBUILDDIR>>/.pybuild/cpython3_3.6/build/gpaw/test/exx
copying gpaw/test/exx/__init__.py -> /<<PKGBUILDDIR>>/.pybuild/cpython3_3.6/build/gpaw/test/exx
copying gpaw/test/exx/unocc.py -> /<<PKGBUILDDIR>>/.pybuild/cpython3_3.6/build/gpaw/test/exx
copying gpaw/test/exx/AA_enthalpy.py -> /<<PKGBUILDDIR>>/.pybuild/cpython3_3.6/build/gpaw/test/exx
copying gpaw/test/exx/coarse.py -> /<<PKGBUILDDIR>>/.pybuild/cpython3_3.6/build/gpaw/test/exx
copying gpaw/test/exx/exx.py -> /<<PKGBUILDDIR>>/.pybuild/cpython3_3.6/build/gpaw/test/exx
creating /<<PKGBUILDDIR>>/.pybuild/cpython3_3.6/build/gpaw/test/response
copying gpaw/test/response/na_plasmons.py -> /<<PKGBUILDDIR>>/.pybuild/cpython3_3.6/build/gpaw/test/response
copying gpaw/test/response/gw_MoS2_cut.py -> /<<PKGBUILDDIR>>/.pybuild/cpython3_3.6/build/gpaw/test/response
copying gpaw/test/response/hyd_chain_response.py -> /<<PKGBUILDDIR>>/.pybuild/cpython3_3.6/build/gpaw/test/response
copying gpaw/test/response/gwsi.py -> /<<PKGBUILDDIR>>/.pybuild/cpython3_3.6/build/gpaw/test/response
copying gpaw/test/response/graphene.py -> /<<PKGBUILDDIR>>/.pybuild/cpython3_3.6/build/gpaw/test/response
copying gpaw/test/response/na_plasmon.py -> /<<PKGBUILDDIR>>/.pybuild/cpython3_3.6/build/gpaw/test/response
copying gpaw/test/response/aluminum_EELS_ALDA.py -> /<<PKGBUILDDIR>>/.pybuild/cpython3_3.6/build/gpaw/test/response
copying gpaw/test/response/bse_aluminum.py -> /<<PKGBUILDDIR>>/.pybuild/cpython3_3.6/build/gpaw/test/response
copying gpaw/test/response/au02_absorption.py -> /<<PKGBUILDDIR>>/.pybuild/cpython3_3.6/build/gpaw/test/response
copying gpaw/test/response/test_unit_sphere_area.py -> /<<PKGBUILDDIR>>/.pybuild/cpython3_3.6/build/gpaw/test/response
copying gpaw/test/response/symmetry.py -> /<<PKGBUILDDIR>>/.pybuild/cpython3_3.6/build/gpaw/test/response
copying gpaw/test/response/diamond_absorption.py -> /<<PKGBUILDDIR>>/.pybuild/cpython3_3.6/build/gpaw/test/response
copying gpaw/test/response/gw0_hBN.py -> /<<PKGBUILDDIR>>/.pybuild/cpython3_3.6/build/gpaw/test/response
copying gpaw/test/response/__init__.py -> /<<PKGBUILDDIR>>/.pybuild/cpython3_3.6/build/gpaw/test/response
copying gpaw/test/response/na_plasmons_tetrahedron.py -> /<<PKGBUILDDIR>>/.pybuild/cpython3_3.6/build/gpaw/test/response
copying gpaw/test/response/gw_hBN_extrapolate.py -> /<<PKGBUILDDIR>>/.pybuild/cpython3_3.6/build/gpaw/test/response
copying gpaw/test/response/chi0.py -> /<<PKGBUILDDIR>>/.pybuild/cpython3_3.6/build/gpaw/test/response
copying gpaw/test/response/pair.py -> /<<PKGBUILDDIR>>/.pybuild/cpython3_3.6/build/gpaw/test/response
copying gpaw/test/response/bse_silicon.py -> /<<PKGBUILDDIR>>/.pybuild/cpython3_3.6/build/gpaw/test/response
copying gpaw/test/response/graphene_EELS.py -> /<<PKGBUILDDIR>>/.pybuild/cpython3_3.6/build/gpaw/test/response
copying gpaw/test/response/aluminum_EELS_RPA.py -> /<<PKGBUILDDIR>>/.pybuild/cpython3_3.6/build/gpaw/test/response
copying gpaw/test/response/bse_MoS2_cut.py -> /<<PKGBUILDDIR>>/.pybuild/cpython3_3.6/build/gpaw/test/response
creating /<<PKGBUILDDIR>>/.pybuild/cpython3_3.6/build/gpaw/test/linalg
copying gpaw/test/linalg/diag_perf.py -> /<<PKGBUILDDIR>>/.pybuild/cpython3_3.6/build/gpaw/test/linalg
copying gpaw/test/linalg/lapack.py -> /<<PKGBUILDDIR>>/.pybuild/cpython3_3.6/build/gpaw/test/linalg
copying gpaw/test/linalg/zher.py -> /<<PKGBUILDDIR>>/.pybuild/cpython3_3.6/build/gpaw/test/linalg
copying gpaw/test/linalg/mmm.py -> /<<PKGBUILDDIR>>/.pybuild/cpython3_3.6/build/gpaw/test/linalg
copying gpaw/test/linalg/eigh.py -> /<<PKGBUILDDIR>>/.pybuild/cpython3_3.6/build/gpaw/test/linalg
copying gpaw/test/linalg/dot.py -> /<<PKGBUILDDIR>>/.pybuild/cpython3_3.6/build/gpaw/test/linalg
copying gpaw/test/linalg/blas.py -> /<<PKGBUILDDIR>>/.pybuild/cpython3_3.6/build/gpaw/test/linalg
copying gpaw/test/linalg/__init__.py -> /<<PKGBUILDDIR>>/.pybuild/cpython3_3.6/build/gpaw/test/linalg
copying gpaw/test/linalg/eigh_perf.py -> /<<PKGBUILDDIR>>/.pybuild/cpython3_3.6/build/gpaw/test/linalg
copying gpaw/test/linalg/gemm_complex.py -> /<<PKGBUILDDIR>>/.pybuild/cpython3_3.6/build/gpaw/test/linalg
copying gpaw/test/linalg/gemm.py -> /<<PKGBUILDDIR>>/.pybuild/cpython3_3.6/build/gpaw/test/linalg
copying gpaw/test/linalg/gemv.py -> /<<PKGBUILDDIR>>/.pybuild/cpython3_3.6/build/gpaw/test/linalg
creating /<<PKGBUILDDIR>>/.pybuild/cpython3_3.6/build/gpaw/test/pw
copying gpaw/test/pw/h.py -> /<<PKGBUILDDIR>>/.pybuild/cpython3_3.6/build/gpaw/test/pw
copying gpaw/test/pw/stresstest.py -> /<<PKGBUILDDIR>>/.pybuild/cpython3_3.6/build/gpaw/test/pw
copying gpaw/test/pw/fftmixer.py -> /<<PKGBUILDDIR>>/.pybuild/cpython3_3.6/build/gpaw/test/pw
copying gpaw/test/pw/lfc.py -> /<<PKGBUILDDIR>>/.pybuild/cpython3_3.6/build/gpaw/test/pw
copying gpaw/test/pw/davidson_pw.py -> /<<PKGBUILDDIR>>/.pybuild/cpython3_3.6/build/gpaw/test/pw
copying gpaw/test/pw/fulldiag.py -> /<<PKGBUILDDIR>>/.pybuild/cpython3_3.6/build/gpaw/test/pw
copying gpaw/test/pw/bulk.py -> /<<PKGBUILDDIR>>/.pybuild/cpython3_3.6/build/gpaw/test/pw
copying gpaw/test/pw/si_stress.py -> /<<PKGBUILDDIR>>/.pybuild/cpython3_3.6/build/gpaw/test/pw
copying gpaw/test/pw/fulldiagk.py -> /<<PKGBUILDDIR>>/.pybuild/cpython3_3.6/build/gpaw/test/pw
copying gpaw/test/pw/__init__.py -> /<<PKGBUILDDIR>>/.pybuild/cpython3_3.6/build/gpaw/test/pw
copying gpaw/test/pw/moleculecg.py -> /<<PKGBUILDDIR>>/.pybuild/cpython3_3.6/build/gpaw/test/pw
copying gpaw/test/pw/slab.py -> /<<PKGBUILDDIR>>/.pybuild/cpython3_3.6/build/gpaw/test/pw
copying gpaw/test/pw/expert_diag.py -> /<<PKGBUILDDIR>>/.pybuild/cpython3_3.6/build/gpaw/test/pw
copying gpaw/test/pw/interpol.py -> /<<PKGBUILDDIR>>/.pybuild/cpython3_3.6/build/gpaw/test/pw
copying gpaw/test/pw/direct.py -> /<<PKGBUILDDIR>>/.pybuild/cpython3_3.6/build/gpaw/test/pw
copying gpaw/test/pw/reallfc.py -> /<<PKGBUILDDIR>>/.pybuild/cpython3_3.6/build/gpaw/test/pw
creating /<<PKGBUILDDIR>>/.pybuild/cpython3_3.6/build/gpaw/test/pathological
copying gpaw/test/pathological/numpy_core_multiarray_dot.py -> /<<PKGBUILDDIR>>/.pybuild/cpython3_3.6/build/gpaw/test/pathological
copying gpaw/test/pathological/numpy_zdotc_graphite.py -> /<<PKGBUILDDIR>>/.pybuild/cpython3_3.6/build/gpaw/test/pathological
copying gpaw/test/pathological/LDA_unstable.py -> /<<PKGBUILDDIR>>/.pybuild/cpython3_3.6/build/gpaw/test/pathological
copying gpaw/test/pathological/__init__.py -> /<<PKGBUILDDIR>>/.pybuild/cpython3_3.6/build/gpaw/test/pathological
copying gpaw/test/pathological/nonlocalset.py -> /<<PKGBUILDDIR>>/.pybuild/cpython3_3.6/build/gpaw/test/pathological
creating /<<PKGBUILDDIR>>/.pybuild/cpython3_3.6/build/gpaw/test/spin
copying gpaw/test/spin/spinFe3plus.py -> /<<PKGBUILDDIR>>/.pybuild/cpython3_3.6/build/gpaw/test/spin
copying gpaw/test/spin/spinpol.py -> /<<PKGBUILDDIR>>/.pybuild/cpython3_3.6/build/gpaw/test/spin
copying gpaw/test/spin/spin_contamination.py -> /<<PKGBUILDDIR>>/.pybuild/cpython3_3.6/build/gpaw/test/spin
copying gpaw/test/spin/__init__.py -> /<<PKGBUILDDIR>>/.pybuild/cpython3_3.6/build/gpaw/test/spin
creating /<<PKGBUILDDIR>>/.pybuild/cpython3_3.6/build/gpaw/test/eigen
copying gpaw/test/eigen/davidson.py -> /<<PKGBUILDDIR>>/.pybuild/cpython3_3.6/build/gpaw/test/eigen
copying gpaw/test/eigen/keep_htpsit.py -> /<<PKGBUILDDIR>>/.pybuild/cpython3_3.6/build/gpaw/test/eigen
copying gpaw/test/eigen/cg2.py -> /<<PKGBUILDDIR>>/.pybuild/cpython3_3.6/build/gpaw/test/eigen
copying gpaw/test/eigen/__init__.py -> /<<PKGBUILDDIR>>/.pybuild/cpython3_3.6/build/gpaw/test/eigen
copying gpaw/test/eigen/cg.py -> /<<PKGBUILDDIR>>/.pybuild/cpython3_3.6/build/gpaw/test/eigen
copying gpaw/test/eigen/blocked_rmm_diis.py -> /<<PKGBUILDDIR>>/.pybuild/cpython3_3.6/build/gpaw/test/eigen
creating /<<PKGBUILDDIR>>/.pybuild/cpython3_3.6/build/gpaw/test/lrtddft
copying gpaw/test/lrtddft/3.py -> /<<PKGBUILDDIR>>/.pybuild/cpython3_3.6/build/gpaw/test/lrtddft
copying gpaw/test/lrtddft/apmb.py -> /<<PKGBUILDDIR>>/.pybuild/cpython3_3.6/build/gpaw/test/lrtddft
copying gpaw/test/lrtddft/kssingles_Be.py -> /<<PKGBUILDDIR>>/.pybuild/cpython3_3.6/build/gpaw/test/lrtddft
copying gpaw/test/lrtddft/1.py -> /<<PKGBUILDDIR>>/.pybuild/cpython3_3.6/build/gpaw/test/lrtddft
copying gpaw/test/lrtddft/__init__.py -> /<<PKGBUILDDIR>>/.pybuild/cpython3_3.6/build/gpaw/test/lrtddft
copying gpaw/test/lrtddft/2.py -> /<<PKGBUILDDIR>>/.pybuild/cpython3_3.6/build/gpaw/test/lrtddft
copying gpaw/test/lrtddft/excited_state.py -> /<<PKGBUILDDIR>>/.pybuild/cpython3_3.6/build/gpaw/test/lrtddft
copying gpaw/test/lrtddft/pes.py -> /<<PKGBUILDDIR>>/.pybuild/cpython3_3.6/build/gpaw/test/lrtddft
copying gpaw/test/lrtddft/d2Excdn2.py -> /<<PKGBUILDDIR>>/.pybuild/cpython3_3.6/build/gpaw/test/lrtddft
copying gpaw/test/lrtddft/rraman.py -> /<<PKGBUILDDIR>>/.pybuild/cpython3_3.6/build/gpaw/test/lrtddft
creating /<<PKGBUILDDIR>>/.pybuild/cpython3_3.6/build/gpaw/test/ase_features
copying gpaw/test/ase_features/neb.py -> /<<PKGBUILDDIR>>/.pybuild/cpython3_3.6/build/gpaw/test/ase_features
copying gpaw/test/ase_features/wannierk.py -> /<<PKGBUILDDIR>>/.pybuild/cpython3_3.6/build/gpaw/test/ase_features
copying gpaw/test/ase_features/wannierk_lcao.py -> /<<PKGBUILDDIR>>/.pybuild/cpython3_3.6/build/gpaw/test/ase_features
copying gpaw/test/ase_features/ase3k.py -> /<<PKGBUILDDIR>>/.pybuild/cpython3_3.6/build/gpaw/test/ase_features
copying gpaw/test/ase_features/plt.py -> /<<PKGBUILDDIR>>/.pybuild/cpython3_3.6/build/gpaw/test/ase_features
copying gpaw/test/ase_features/autoneb.py -> /<<PKGBUILDDIR>>/.pybuild/cpython3_3.6/build/gpaw/test/ase_features
copying gpaw/test/ase_features/__init__.py -> /<<PKGBUILDDIR>>/.pybuild/cpython3_3.6/build/gpaw/test/ase_features
copying gpaw/test/ase_features/ase3k_version.py -> /<<PKGBUILDDIR>>/.pybuild/cpython3_3.6/build/gpaw/test/ase_features
copying gpaw/test/ase_features/asewannier.py -> /<<PKGBUILDDIR>>/.pybuild/cpython3_3.6/build/gpaw/test/ase_features
creating /<<PKGBUILDDIR>>/.pybuild/cpython3_3.6/build/gpaw/test/lrtddft2
copying gpaw/test/lrtddft2/Al2.py -> /<<PKGBUILDDIR>>/.pybuild/cpython3_3.6/build/gpaw/test/lrtddft2
copying gpaw/test/lrtddft2/H2O-lcao.py -> /<<PKGBUILDDIR>>/.pybuild/cpython3_3.6/build/gpaw/test/lrtddft2
copying gpaw/test/lrtddft2/__init__.py -> /<<PKGBUILDDIR>>/.pybuild/cpython3_3.6/build/gpaw/test/lrtddft2
creating /<<PKGBUILDDIR>>/.pybuild/cpython3_3.6/build/gpaw/test/pseudopotential
copying gpaw/test/pseudopotential/sg15_hydrogen.py -> /<<PKGBUILDDIR>>/.pybuild/cpython3_3.6/build/gpaw/test/pseudopotential
copying gpaw/test/pseudopotential/upf_h2o.py -> /<<PKGBUILDDIR>>/.pybuild/cpython3_3.6/build/gpaw/test/pseudopotential
copying gpaw/test/pseudopotential/H_sg15.py -> /<<PKGBUILDDIR>>/.pybuild/cpython3_3.6/build/gpaw/test/pseudopotential
copying gpaw/test/pseudopotential/__init__.py -> /<<PKGBUILDDIR>>/.pybuild/cpython3_3.6/build/gpaw/test/pseudopotential
copying gpaw/test/pseudopotential/atompaw.py -> /<<PKGBUILDDIR>>/.pybuild/cpython3_3.6/build/gpaw/test/pseudopotential
copying gpaw/test/pseudopotential/ah.py -> /<<PKGBUILDDIR>>/.pybuild/cpython3_3.6/build/gpaw/test/pseudopotential
copying gpaw/test/pseudopotential/hgh_h2o.py -> /<<PKGBUILDDIR>>/.pybuild/cpython3_3.6/build/gpaw/test/pseudopotential
creating /<<PKGBUILDDIR>>/.pybuild/cpython3_3.6/build/gpaw/test/dscf
copying gpaw/test/dscf/dscf_lcao.py -> /<<PKGBUILDDIR>>/.pybuild/cpython3_3.6/build/gpaw/test/dscf
copying gpaw/test/dscf/__init__.py -> /<<PKGBUILDDIR>>/.pybuild/cpython3_3.6/build/gpaw/test/dscf
copying gpaw/test/dscf/dscf_forces.py -> /<<PKGBUILDDIR>>/.pybuild/cpython3_3.6/build/gpaw/test/dscf
creating /<<PKGBUILDDIR>>/.pybuild/cpython3_3.6/build/gpaw/test/rpa
copying gpaw/test/rpa/rpa_C6_He.py -> /<<PKGBUILDDIR>>/.pybuild/cpython3_3.6/build/gpaw/test/rpa
copying gpaw/test/rpa/rpa_energy_Na.py -> /<<PKGBUILDDIR>>/.pybuild/cpython3_3.6/build/gpaw/test/rpa
copying gpaw/test/rpa/rpa_energy_Si.py -> /<<PKGBUILDDIR>>/.pybuild/cpython3_3.6/build/gpaw/test/rpa
copying gpaw/test/rpa/rpa_energy_N2.py -> /<<PKGBUILDDIR>>/.pybuild/cpython3_3.6/build/gpaw/test/rpa
copying gpaw/test/rpa/__init__.py -> /<<PKGBUILDDIR>>/.pybuild/cpython3_3.6/build/gpaw/test/rpa
copying gpaw/test/rpa/rpa_energy_Ni.py -> /<<PKGBUILDDIR>>/.pybuild/cpython3_3.6/build/gpaw/test/rpa
creating /<<PKGBUILDDIR>>/.pybuild/cpython3_3.6/build/gpaw/test/xc
copying gpaw/test/xc/revPBE.py -> /<<PKGBUILDDIR>>/.pybuild/cpython3_3.6/build/gpaw/test/xc
copying gpaw/test/xc/atomize.py -> /<<PKGBUILDDIR>>/.pybuild/cpython3_3.6/build/gpaw/test/xc
copying gpaw/test/xc/tb09.py -> /<<PKGBUILDDIR>>/.pybuild/cpython3_3.6/build/gpaw/test/xc
copying gpaw/test/xc/gga_atom.py -> /<<PKGBUILDDIR>>/.pybuild/cpython3_3.6/build/gpaw/test/xc
copying gpaw/test/xc/pbe_pw91.py -> /<<PKGBUILDDIR>>/.pybuild/cpython3_3.6/build/gpaw/test/xc
copying gpaw/test/xc/lxc_xcatom.py -> /<<PKGBUILDDIR>>/.pybuild/cpython3_3.6/build/gpaw/test/xc
copying gpaw/test/xc/lb94.py -> /<<PKGBUILDDIR>>/.pybuild/cpython3_3.6/build/gpaw/test/xc
copying gpaw/test/xc/degeneracy.py -> /<<PKGBUILDDIR>>/.pybuild/cpython3_3.6/build/gpaw/test/xc
copying gpaw/test/xc/revPBE_Li.py -> /<<PKGBUILDDIR>>/.pybuild/cpython3_3.6/build/gpaw/test/xc
copying gpaw/test/xc/pygga.py -> /<<PKGBUILDDIR>>/.pybuild/cpython3_3.6/build/gpaw/test/xc
copying gpaw/test/xc/nonselfconsistentLDA.py -> /<<PKGBUILDDIR>>/.pybuild/cpython3_3.6/build/gpaw/test/xc
copying gpaw/test/xc/pplda.py -> /<<PKGBUILDDIR>>/.pybuild/cpython3_3.6/build/gpaw/test/xc
copying gpaw/test/xc/__init__.py -> /<<PKGBUILDDIR>>/.pybuild/cpython3_3.6/build/gpaw/test/xc
copying gpaw/test/xc/XC2.py -> /<<PKGBUILDDIR>>/.pybuild/cpython3_3.6/build/gpaw/test/xc
copying gpaw/test/xc/lxc_fxc.py -> /<<PKGBUILDDIR>>/.pybuild/cpython3_3.6/build/gpaw/test/xc
copying gpaw/test/xc/nonselfconsistent.py -> /<<PKGBUILDDIR>>/.pybuild/cpython3_3.6/build/gpaw/test/xc
copying gpaw/test/xc/xcatom.py -> /<<PKGBUILDDIR>>/.pybuild/cpython3_3.6/build/gpaw/test/xc
copying gpaw/test/xc/xc.py -> /<<PKGBUILDDIR>>/.pybuild/cpython3_3.6/build/gpaw/test/xc
creating /<<PKGBUILDDIR>>/.pybuild/cpython3_3.6/build/gpaw/dfpt
copying gpaw/dfpt/phonons.py -> /<<PKGBUILDDIR>>/.pybuild/cpython3_3.6/build/gpaw/dfpt
copying gpaw/dfpt/electronphononcoupling.py -> /<<PKGBUILDDIR>>/.pybuild/cpython3_3.6/build/gpaw/dfpt
copying gpaw/dfpt/kpointcontainer.py -> /<<PKGBUILDDIR>>/.pybuild/cpython3_3.6/build/gpaw/dfpt
copying gpaw/dfpt/wavefunctions.py -> /<<PKGBUILDDIR>>/.pybuild/cpython3_3.6/build/gpaw/dfpt
copying gpaw/dfpt/sternheimeroperator.py -> /<<PKGBUILDDIR>>/.pybuild/cpython3_3.6/build/gpaw/dfpt
copying gpaw/dfpt/responsecalculator.py -> /<<PKGBUILDDIR>>/.pybuild/cpython3_3.6/build/gpaw/dfpt
copying gpaw/dfpt/preconditioner.py -> /<<PKGBUILDDIR>>/.pybuild/cpython3_3.6/build/gpaw/dfpt
copying gpaw/dfpt/mixer.py -> /<<PKGBUILDDIR>>/.pybuild/cpython3_3.6/build/gpaw/dfpt
copying gpaw/dfpt/__init__.py -> /<<PKGBUILDDIR>>/.pybuild/cpython3_3.6/build/gpaw/dfpt
copying gpaw/dfpt/perturbation.py -> /<<PKGBUILDDIR>>/.pybuild/cpython3_3.6/build/gpaw/dfpt
copying gpaw/dfpt/phononperturbation.py -> /<<PKGBUILDDIR>>/.pybuild/cpython3_3.6/build/gpaw/dfpt
copying gpaw/dfpt/poisson.py -> /<<PKGBUILDDIR>>/.pybuild/cpython3_3.6/build/gpaw/dfpt
copying gpaw/dfpt/linearsolver.py -> /<<PKGBUILDDIR>>/.pybuild/cpython3_3.6/build/gpaw/dfpt
copying gpaw/dfpt/scipylinearsolver.py -> /<<PKGBUILDDIR>>/.pybuild/cpython3_3.6/build/gpaw/dfpt
copying gpaw/dfpt/phononcalculator.py -> /<<PKGBUILDDIR>>/.pybuild/cpython3_3.6/build/gpaw/dfpt
copying gpaw/dfpt/dynamicalmatrix.py -> /<<PKGBUILDDIR>>/.pybuild/cpython3_3.6/build/gpaw/dfpt
creating /<<PKGBUILDDIR>>/.pybuild/cpython3_3.6/build/gpaw/inducedfield
copying gpaw/inducedfield/inducedfield_tddft.py -> /<<PKGBUILDDIR>>/.pybuild/cpython3_3.6/build/gpaw/inducedfield
copying gpaw/inducedfield/inducedfield_lrtddft.py -> /<<PKGBUILDDIR>>/.pybuild/cpython3_3.6/build/gpaw/inducedfield
copying gpaw/inducedfield/inducedfield_base.py -> /<<PKGBUILDDIR>>/.pybuild/cpython3_3.6/build/gpaw/inducedfield
copying gpaw/inducedfield/__init__.py -> /<<PKGBUILDDIR>>/.pybuild/cpython3_3.6/build/gpaw/inducedfield
copying gpaw/inducedfield/inducedfield_fdtd.py -> /<<PKGBUILDDIR>>/.pybuild/cpython3_3.6/build/gpaw/inducedfield
creating /<<PKGBUILDDIR>>/.pybuild/cpython3_3.6/build/gpaw/tddft
copying gpaw/tddft/ehrenfest.py -> /<<PKGBUILDDIR>>/.pybuild/cpython3_3.6/build/gpaw/tddft
copying gpaw/tddft/bicgstab.py -> /<<PKGBUILDDIR>>/.pybuild/cpython3_3.6/build/gpaw/tddft
copying gpaw/tddft/utils.py -> /<<PKGBUILDDIR>>/.pybuild/cpython3_3.6/build/gpaw/tddft
copying gpaw/tddft/abc.py -> /<<PKGBUILDDIR>>/.pybuild/cpython3_3.6/build/gpaw/tddft
copying gpaw/tddft/__init__.py -> /<<PKGBUILDDIR>>/.pybuild/cpython3_3.6/build/gpaw/tddft
copying gpaw/tddft/propagators.py -> /<<PKGBUILDDIR>>/.pybuild/cpython3_3.6/build/gpaw/tddft
copying gpaw/tddft/fourier.py -> /<<PKGBUILDDIR>>/.pybuild/cpython3_3.6/build/gpaw/tddft
copying gpaw/tddft/cscg.py -> /<<PKGBUILDDIR>>/.pybuild/cpython3_3.6/build/gpaw/tddft
copying gpaw/tddft/tdopers.py -> /<<PKGBUILDDIR>>/.pybuild/cpython3_3.6/build/gpaw/tddft
copying gpaw/tddft/units.py -> /<<PKGBUILDDIR>>/.pybuild/cpython3_3.6/build/gpaw/tddft
copying gpaw/tddft/laser.py -> /<<PKGBUILDDIR>>/.pybuild/cpython3_3.6/build/gpaw/tddft
creating /<<PKGBUILDDIR>>/.pybuild/cpython3_3.6/build/gpaw/mpi
copying gpaw/mpi/config.py -> /<<PKGBUILDDIR>>/.pybuild/cpython3_3.6/build/gpaw/mpi
copying gpaw/mpi/__init__.py -> /<<PKGBUILDDIR>>/.pybuild/cpython3_3.6/build/gpaw/mpi
creating /<<PKGBUILDDIR>>/.pybuild/cpython3_3.6/build/gpaw/lcao
copying gpaw/lcao/analyse_basis.py -> /<<PKGBUILDDIR>>/.pybuild/cpython3_3.6/build/gpaw/lcao
copying gpaw/lcao/generate_extended.py -> /<<PKGBUILDDIR>>/.pybuild/cpython3_3.6/build/gpaw/lcao
copying gpaw/lcao/newoverlap.py -> /<<PKGBUILDDIR>>/.pybuild/cpython3_3.6/build/gpaw/lcao
copying gpaw/lcao/atomic_correction.py -> /<<PKGBUILDDIR>>/.pybuild/cpython3_3.6/build/gpaw/lcao
copying gpaw/lcao/projected_wannier.py -> /<<PKGBUILDDIR>>/.pybuild/cpython3_3.6/build/gpaw/lcao
copying gpaw/lcao/__init__.py -> /<<PKGBUILDDIR>>/.pybuild/cpython3_3.6/build/gpaw/lcao
copying gpaw/lcao/eigensolver.py -> /<<PKGBUILDDIR>>/.pybuild/cpython3_3.6/build/gpaw/lcao
copying gpaw/lcao/bsse.py -> /<<PKGBUILDDIR>>/.pybuild/cpython3_3.6/build/gpaw/lcao
copying gpaw/lcao/pwf2.py -> /<<PKGBUILDDIR>>/.pybuild/cpython3_3.6/build/gpaw/lcao
copying gpaw/lcao/overlap.py -> /<<PKGBUILDDIR>>/.pybuild/cpython3_3.6/build/gpaw/lcao
copying gpaw/lcao/tightbinding.py -> /<<PKGBUILDDIR>>/.pybuild/cpython3_3.6/build/gpaw/lcao
copying gpaw/lcao/tools.py -> /<<PKGBUILDDIR>>/.pybuild/cpython3_3.6/build/gpaw/lcao
copying gpaw/lcao/generate_ngto_augmented.py -> /<<PKGBUILDDIR>>/.pybuild/cpython3_3.6/build/gpaw/lcao
copying gpaw/lcao/el_ph.py -> /<<PKGBUILDDIR>>/.pybuild/cpython3_3.6/build/gpaw/lcao
creating /<<PKGBUILDDIR>>/.pybuild/cpython3_3.6/build/gpaw/cli
copying gpaw/cli/install_data.py -> /<<PKGBUILDDIR>>/.pybuild/cpython3_3.6/build/gpaw/cli
copying gpaw/cli/quick.py -> /<<PKGBUILDDIR>>/.pybuild/cpython3_3.6/build/gpaw/cli
copying gpaw/cli/python.py -> /<<PKGBUILDDIR>>/.pybuild/cpython3_3.6/build/gpaw/cli
copying gpaw/cli/gpw.py -> /<<PKGBUILDDIR>>/.pybuild/cpython3_3.6/build/gpaw/cli
copying gpaw/cli/dos.py -> /<<PKGBUILDDIR>>/.pybuild/cpython3_3.6/build/gpaw/cli
copying gpaw/cli/__init__.py -> /<<PKGBUILDDIR>>/.pybuild/cpython3_3.6/build/gpaw/cli
copying gpaw/cli/sbatch.py -> /<<PKGBUILDDIR>>/.pybuild/cpython3_3.6/build/gpaw/cli
copying gpaw/cli/main.py -> /<<PKGBUILDDIR>>/.pybuild/cpython3_3.6/build/gpaw/cli
copying gpaw/cli/completion.py -> /<<PKGBUILDDIR>>/.pybuild/cpython3_3.6/build/gpaw/cli
copying gpaw/cli/info.py -> /<<PKGBUILDDIR>>/.pybuild/cpython3_3.6/build/gpaw/cli
copying gpaw/cli/run.py -> /<<PKGBUILDDIR>>/.pybuild/cpython3_3.6/build/gpaw/cli
copying gpaw/cli/complete.py -> /<<PKGBUILDDIR>>/.pybuild/cpython3_3.6/build/gpaw/cli
creating /<<PKGBUILDDIR>>/.pybuild/cpython3_3.6/build/gpaw/response
copying gpaw/response/tool.py -> /<<PKGBUILDDIR>>/.pybuild/cpython3_3.6/build/gpaw/response
copying gpaw/response/math_func.py -> /<<PKGBUILDDIR>>/.pybuild/cpython3_3.6/build/gpaw/response
copying gpaw/response/df.py -> /<<PKGBUILDDIR>>/.pybuild/cpython3_3.6/build/gpaw/response
copying gpaw/response/g0w0.py -> /<<PKGBUILDDIR>>/.pybuild/cpython3_3.6/build/gpaw/response
copying gpaw/response/integrators.py -> /<<PKGBUILDDIR>>/.pybuild/cpython3_3.6/build/gpaw/response
copying gpaw/response/wstc.py -> /<<PKGBUILDDIR>>/.pybuild/cpython3_3.6/build/gpaw/response
copying gpaw/response/bse.py -> /<<PKGBUILDDIR>>/.pybuild/cpython3_3.6/build/gpaw/response
copying gpaw/response/__init__.py -> /<<PKGBUILDDIR>>/.pybuild/cpython3_3.6/build/gpaw/response
copying gpaw/response/gw_bands.py -> /<<PKGBUILDDIR>>/.pybuild/cpython3_3.6/build/gpaw/response
copying gpaw/response/gwqeh.py -> /<<PKGBUILDDIR>>/.pybuild/cpython3_3.6/build/gpaw/response
copying gpaw/response/fxc.py -> /<<PKGBUILDDIR>>/.pybuild/cpython3_3.6/build/gpaw/response
copying gpaw/response/kernels.py -> /<<PKGBUILDDIR>>/.pybuild/cpython3_3.6/build/gpaw/response
copying gpaw/response/qeh.py -> /<<PKGBUILDDIR>>/.pybuild/cpython3_3.6/build/gpaw/response
copying gpaw/response/chi0.py -> /<<PKGBUILDDIR>>/.pybuild/cpython3_3.6/build/gpaw/response
copying gpaw/response/pair.py -> /<<PKGBUILDDIR>>/.pybuild/cpython3_3.6/build/gpaw/response
creating /<<PKGBUILDDIR>>/.pybuild/cpython3_3.6/build/gpaw/elph
copying gpaw/elph/electronphonon.py -> /<<PKGBUILDDIR>>/.pybuild/cpython3_3.6/build/gpaw/elph
copying gpaw/elph/__init__.py -> /<<PKGBUILDDIR>>/.pybuild/cpython3_3.6/build/gpaw/elph
creating /<<PKGBUILDDIR>>/.pybuild/cpython3_3.6/build/gpaw/wavefunctions
copying gpaw/wavefunctions/pw.py -> /<<PKGBUILDDIR>>/.pybuild/cpython3_3.6/build/gpaw/wavefunctions
copying gpaw/wavefunctions/mode.py -> /<<PKGBUILDDIR>>/.pybuild/cpython3_3.6/build/gpaw/wavefunctions
copying gpaw/wavefunctions/lcao.py -> /<<PKGBUILDDIR>>/.pybuild/cpython3_3.6/build/gpaw/wavefunctions
copying gpaw/wavefunctions/__init__.py -> /<<PKGBUILDDIR>>/.pybuild/cpython3_3.6/build/gpaw/wavefunctions
copying gpaw/wavefunctions/fdpw.py -> /<<PKGBUILDDIR>>/.pybuild/cpython3_3.6/build/gpaw/wavefunctions
copying gpaw/wavefunctions/base.py -> /<<PKGBUILDDIR>>/.pybuild/cpython3_3.6/build/gpaw/wavefunctions
copying gpaw/wavefunctions/fd.py -> /<<PKGBUILDDIR>>/.pybuild/cpython3_3.6/build/gpaw/wavefunctions
creating /<<PKGBUILDDIR>>/.pybuild/cpython3_3.6/build/gpaw/lrtddft
copying gpaw/lrtddft/convergence.py -> /<<PKGBUILDDIR>>/.pybuild/cpython3_3.6/build/gpaw/lrtddft
copying gpaw/lrtddft/omega_matrix.py -> /<<PKGBUILDDIR>>/.pybuild/cpython3_3.6/build/gpaw/lrtddft
copying gpaw/lrtddft/apmb.py -> /<<PKGBUILDDIR>>/.pybuild/cpython3_3.6/build/gpaw/lrtddft
copying gpaw/lrtddft/excitation.py -> /<<PKGBUILDDIR>>/.pybuild/cpython3_3.6/build/gpaw/lrtddft
copying gpaw/lrtddft/__init__.py -> /<<PKGBUILDDIR>>/.pybuild/cpython3_3.6/build/gpaw/lrtddft
copying gpaw/lrtddft/dielectric.py -> /<<PKGBUILDDIR>>/.pybuild/cpython3_3.6/build/gpaw/lrtddft
copying gpaw/lrtddft/excited_state.py -> /<<PKGBUILDDIR>>/.pybuild/cpython3_3.6/build/gpaw/lrtddft
copying gpaw/lrtddft/kssingle.py -> /<<PKGBUILDDIR>>/.pybuild/cpython3_3.6/build/gpaw/lrtddft
copying gpaw/lrtddft/finite_differences.py -> /<<PKGBUILDDIR>>/.pybuild/cpython3_3.6/build/gpaw/lrtddft
copying gpaw/lrtddft/spectrum.py -> /<<PKGBUILDDIR>>/.pybuild/cpython3_3.6/build/gpaw/lrtddft
creating /<<PKGBUILDDIR>>/.pybuild/cpython3_3.6/build/gpaw/lrtddft2
copying gpaw/lrtddft2/lr_communicators.py -> /<<PKGBUILDDIR>>/.pybuild/cpython3_3.6/build/gpaw/lrtddft2
copying gpaw/lrtddft2/lr_transitions.py -> /<<PKGBUILDDIR>>/.pybuild/cpython3_3.6/build/gpaw/lrtddft2
copying gpaw/lrtddft2/k_matrix.py -> /<<PKGBUILDDIR>>/.pybuild/cpython3_3.6/build/gpaw/lrtddft2
copying gpaw/lrtddft2/ks_singles.py -> /<<PKGBUILDDIR>>/.pybuild/cpython3_3.6/build/gpaw/lrtddft2
copying gpaw/lrtddft2/eta.py -> /<<PKGBUILDDIR>>/.pybuild/cpython3_3.6/build/gpaw/lrtddft2
copying gpaw/lrtddft2/lr_response.py -> /<<PKGBUILDDIR>>/.pybuild/cpython3_3.6/build/gpaw/lrtddft2
copying gpaw/lrtddft2/__init__.py -> /<<PKGBUILDDIR>>/.pybuild/cpython3_3.6/build/gpaw/lrtddft2
copying gpaw/lrtddft2/lr_layouts.py -> /<<PKGBUILDDIR>>/.pybuild/cpython3_3.6/build/gpaw/lrtddft2
copying gpaw/lrtddft2/tools.py -> /<<PKGBUILDDIR>>/.pybuild/cpython3_3.6/build/gpaw/lrtddft2
copying gpaw/lrtddft2/rxnabla.py -> /<<PKGBUILDDIR>>/.pybuild/cpython3_3.6/build/gpaw/lrtddft2
creating /<<PKGBUILDDIR>>/.pybuild/cpython3_3.6/build/gpaw/lcaotddft
copying gpaw/lcaotddft/tddfpt.py -> /<<PKGBUILDDIR>>/.pybuild/cpython3_3.6/build/gpaw/lcaotddft
copying gpaw/lcaotddft/__init__.py -> /<<PKGBUILDDIR>>/.pybuild/cpython3_3.6/build/gpaw/lcaotddft
copying gpaw/lcaotddft/split.py -> /<<PKGBUILDDIR>>/.pybuild/cpython3_3.6/build/gpaw/lcaotddft
creating /<<PKGBUILDDIR>>/.pybuild/cpython3_3.6/build/gpaw/io
copying gpaw/io/cc1.py -> /<<PKGBUILDDIR>>/.pybuild/cpython3_3.6/build/gpaw/io
copying gpaw/io/fmf.py -> /<<PKGBUILDDIR>>/.pybuild/cpython3_3.6/build/gpaw/io
copying gpaw/io/tarext.py -> /<<PKGBUILDDIR>>/.pybuild/cpython3_3.6/build/gpaw/io
copying gpaw/io/old.py -> /<<PKGBUILDDIR>>/.pybuild/cpython3_3.6/build/gpaw/io
copying gpaw/io/tar.py -> /<<PKGBUILDDIR>>/.pybuild/cpython3_3.6/build/gpaw/io
copying gpaw/io/__init__.py -> /<<PKGBUILDDIR>>/.pybuild/cpython3_3.6/build/gpaw/io
copying gpaw/io/logger.py -> /<<PKGBUILDDIR>>/.pybuild/cpython3_3.6/build/gpaw/io
copying gpaw/io/etsf.py -> /<<PKGBUILDDIR>>/.pybuild/cpython3_3.6/build/gpaw/io
creating /<<PKGBUILDDIR>>/.pybuild/cpython3_3.6/build/gpaw/eigensolvers
copying gpaw/eigensolvers/davidson.py -> /<<PKGBUILDDIR>>/.pybuild/cpython3_3.6/build/gpaw/eigensolvers
copying gpaw/eigensolvers/rmmdiis.py -> /<<PKGBUILDDIR>>/.pybuild/cpython3_3.6/build/gpaw/eigensolvers
copying gpaw/eigensolvers/__init__.py -> /<<PKGBUILDDIR>>/.pybuild/cpython3_3.6/build/gpaw/eigensolvers
copying gpaw/eigensolvers/eigensolver.py -> /<<PKGBUILDDIR>>/.pybuild/cpython3_3.6/build/gpaw/eigensolvers
copying gpaw/eigensolvers/direct.py -> /<<PKGBUILDDIR>>/.pybuild/cpython3_3.6/build/gpaw/eigensolvers
copying gpaw/eigensolvers/cg.py -> /<<PKGBUILDDIR>>/.pybuild/cpython3_3.6/build/gpaw/eigensolvers
copying gpaw/eigensolvers/rmm_diis_old.py -> /<<PKGBUILDDIR>>/.pybuild/cpython3_3.6/build/gpaw/eigensolvers
creating /<<PKGBUILDDIR>>/.pybuild/cpython3_3.6/build/gpaw/xc
copying gpaw/xc/tb09.py -> /<<PKGBUILDDIR>>/.pybuild/cpython3_3.6/build/gpaw/xc
copying gpaw/xc/lb94.py -> /<<PKGBUILDDIR>>/.pybuild/cpython3_3.6/build/gpaw/xc
copying gpaw/xc/vdw.py -> /<<PKGBUILDDIR>>/.pybuild/cpython3_3.6/build/gpaw/xc
copying gpaw/xc/libxc.py -> /<<PKGBUILDDIR>>/.pybuild/cpython3_3.6/build/gpaw/xc
copying gpaw/xc/kernel.py -> /<<PKGBUILDDIR>>/.pybuild/cpython3_3.6/build/gpaw/xc
copying gpaw/xc/hybrid.py -> /<<PKGBUILDDIR>>/.pybuild/cpython3_3.6/build/gpaw/xc
copying gpaw/xc/lda.py -> /<<PKGBUILDDIR>>/.pybuild/cpython3_3.6/build/gpaw/xc
copying gpaw/xc/sic.py -> /<<PKGBUILDDIR>>/.pybuild/cpython3_3.6/build/gpaw/xc
copying gpaw/xc/rpa.py -> /<<PKGBUILDDIR>>/.pybuild/cpython3_3.6/build/gpaw/xc
copying gpaw/xc/__init__.py -> /<<PKGBUILDDIR>>/.pybuild/cpython3_3.6/build/gpaw/xc
copying gpaw/xc/bee.py -> /<<PKGBUILDDIR>>/.pybuild/cpython3_3.6/build/gpaw/xc
copying gpaw/xc/mgga.py -> /<<PKGBUILDDIR>>/.pybuild/cpython3_3.6/build/gpaw/xc
copying gpaw/xc/libvdwxc.py -> /<<PKGBUILDDIR>>/.pybuild/cpython3_3.6/build/gpaw/xc
copying gpaw/xc/fxc.py -> /<<PKGBUILDDIR>>/.pybuild/cpython3_3.6/build/gpaw/xc
copying gpaw/xc/tools.py -> /<<PKGBUILDDIR>>/.pybuild/cpython3_3.6/build/gpaw/xc
copying gpaw/xc/parametrizedxc.py -> /<<PKGBUILDDIR>>/.pybuild/cpython3_3.6/build/gpaw/xc
copying gpaw/xc/gga.py -> /<<PKGBUILDDIR>>/.pybuild/cpython3_3.6/build/gpaw/xc
copying gpaw/xc/functional.py -> /<<PKGBUILDDIR>>/.pybuild/cpython3_3.6/build/gpaw/xc
copying gpaw/xc/pawcorrection.py -> /<<PKGBUILDDIR>>/.pybuild/cpython3_3.6/build/gpaw/xc
copying gpaw/xc/exx.py -> /<<PKGBUILDDIR>>/.pybuild/cpython3_3.6/build/gpaw/xc
creating /<<PKGBUILDDIR>>/.pybuild/cpython3_3.6/build/gpaw/xc/gllb
copying gpaw/xc/gllb/c_gllbscr.py -> /<<PKGBUILDDIR>>/.pybuild/cpython3_3.6/build/gpaw/xc/gllb
copying gpaw/xc/gllb/c_response.py -> /<<PKGBUILDDIR>>/.pybuild/cpython3_3.6/build/gpaw/xc/gllb
copying gpaw/xc/gllb/nonlocalfunctionalfactory.py -> /<<PKGBUILDDIR>>/.pybuild/cpython3_3.6/build/gpaw/xc/gllb
copying gpaw/xc/gllb/contribution.py -> /<<PKGBUILDDIR>>/.pybuild/cpython3_3.6/build/gpaw/xc/gllb
copying gpaw/xc/gllb/__init__.py -> /<<PKGBUILDDIR>>/.pybuild/cpython3_3.6/build/gpaw/xc/gllb
copying gpaw/xc/gllb/c_xc.py -> /<<PKGBUILDDIR>>/.pybuild/cpython3_3.6/build/gpaw/xc/gllb
copying gpaw/xc/gllb/nonlocalfunctional.py -> /<<PKGBUILDDIR>>/.pybuild/cpython3_3.6/build/gpaw/xc/gllb
running build_ext
building '_gpaw' extension
creating build
creating build/temp.linux-amd64-3.6
creating build/temp.linux-amd64-3.6/c
creating build/temp.linux-amd64-3.6/c/bmgs
creating build/temp.linux-amd64-3.6/c/xc
x86_64-linux-gnu-gcc -pthread -DNDEBUG -g -fwrapv -O2 -Wall -Wstrict-prototypes -g -O2 -fdebug-prefix-map=/<<PKGBUILDDIR>>=. -fstack-protector-strong -Wformat -Werror=format-security -Wdate-time -D_FORTIFY_SOURCE=2 -fPIC -DNPY_NO_DEPRECATED_API=7 -DGPAW_NO_UNDERSCORE_CBLACS=1 -DGPAW_NO_UNDERSCORE_CSCALAPACK=1 -DGPAW_WITH_SL=1 -UNDEBUG -I/usr/lib/python3/dist-packages/numpy/core/include -I/usr/include/python3.6m -c c/_gpaw.c -o build/temp.linux-amd64-3.6/c/_gpaw.o -Wall -Wno-unknown-pragmas -std=c99
x86_64-linux-gnu-gcc -pthread -DNDEBUG -g -fwrapv -O2 -Wall -Wstrict-prototypes -g -O2 -fdebug-prefix-map=/<<PKGBUILDDIR>>=. -fstack-protector-strong -Wformat -Werror=format-security -Wdate-time -D_FORTIFY_SOURCE=2 -fPIC -DNPY_NO_DEPRECATED_API=7 -DGPAW_NO_UNDERSCORE_CBLACS=1 -DGPAW_NO_UNDERSCORE_CSCALAPACK=1 -DGPAW_WITH_SL=1 -UNDEBUG -I/usr/lib/python3/dist-packages/numpy/core/include -I/usr/include/python3.6m -c c/bc.c -o build/temp.linux-amd64-3.6/c/bc.o -Wall -Wno-unknown-pragmas -std=c99
x86_64-linux-gnu-gcc -pthread -DNDEBUG -g -fwrapv -O2 -Wall -Wstrict-prototypes -g -O2 -fdebug-prefix-map=/<<PKGBUILDDIR>>=. -fstack-protector-strong -Wformat -Werror=format-security -Wdate-time -D_FORTIFY_SOURCE=2 -fPIC -DNPY_NO_DEPRECATED_API=7 -DGPAW_NO_UNDERSCORE_CBLACS=1 -DGPAW_NO_UNDERSCORE_CSCALAPACK=1 -DGPAW_WITH_SL=1 -UNDEBUG -I/usr/lib/python3/dist-packages/numpy/core/include -I/usr/include/python3.6m -c c/blacs.c -o build/temp.linux-amd64-3.6/c/blacs.o -Wall -Wno-unknown-pragmas -std=c99
x86_64-linux-gnu-gcc -pthread -DNDEBUG -g -fwrapv -O2 -Wall -Wstrict-prototypes -g -O2 -fdebug-prefix-map=/<<PKGBUILDDIR>>=. -fstack-protector-strong -Wformat -Werror=format-security -Wdate-time -D_FORTIFY_SOURCE=2 -fPIC -DNPY_NO_DEPRECATED_API=7 -DGPAW_NO_UNDERSCORE_CBLACS=1 -DGPAW_NO_UNDERSCORE_CSCALAPACK=1 -DGPAW_WITH_SL=1 -UNDEBUG -I/usr/lib/python3/dist-packages/numpy/core/include -I/usr/include/python3.6m -c c/blas.c -o build/temp.linux-amd64-3.6/c/blas.o -Wall -Wno-unknown-pragmas -std=c99
x86_64-linux-gnu-gcc -pthread -DNDEBUG -g -fwrapv -O2 -Wall -Wstrict-prototypes -g -O2 -fdebug-prefix-map=/<<PKGBUILDDIR>>=. -fstack-protector-strong -Wformat -Werror=format-security -Wdate-time -D_FORTIFY_SOURCE=2 -fPIC -DNPY_NO_DEPRECATED_API=7 -DGPAW_NO_UNDERSCORE_CBLACS=1 -DGPAW_NO_UNDERSCORE_CSCALAPACK=1 -DGPAW_WITH_SL=1 -UNDEBUG -I/usr/lib/python3/dist-packages/numpy/core/include -I/usr/include/python3.6m -c c/bmgs/bmgs.c -o build/temp.linux-amd64-3.6/c/bmgs/bmgs.o -Wall -Wno-unknown-pragmas -std=c99
x86_64-linux-gnu-gcc -pthread -DNDEBUG -g -fwrapv -O2 -Wall -Wstrict-prototypes -g -O2 -fdebug-prefix-map=/<<PKGBUILDDIR>>=. -fstack-protector-strong -Wformat -Werror=format-security -Wdate-time -D_FORTIFY_SOURCE=2 -fPIC -DNPY_NO_DEPRECATED_API=7 -DGPAW_NO_UNDERSCORE_CBLACS=1 -DGPAW_NO_UNDERSCORE_CSCALAPACK=1 -DGPAW_WITH_SL=1 -UNDEBUG -I/usr/lib/python3/dist-packages/numpy/core/include -I/usr/include/python3.6m -c c/cerf.c -o build/temp.linux-amd64-3.6/c/cerf.o -Wall -Wno-unknown-pragmas -std=c99
x86_64-linux-gnu-gcc -pthread -DNDEBUG -g -fwrapv -O2 -Wall -Wstrict-prototypes -g -O2 -fdebug-prefix-map=/<<PKGBUILDDIR>>=. -fstack-protector-strong -Wformat -Werror=format-security -Wdate-time -D_FORTIFY_SOURCE=2 -fPIC -DNPY_NO_DEPRECATED_API=7 -DGPAW_NO_UNDERSCORE_CBLACS=1 -DGPAW_NO_UNDERSCORE_CSCALAPACK=1 -DGPAW_WITH_SL=1 -UNDEBUG -I/usr/lib/python3/dist-packages/numpy/core/include -I/usr/include/python3.6m -c c/fftw.c -o build/temp.linux-amd64-3.6/c/fftw.o -Wall -Wno-unknown-pragmas -std=c99
x86_64-linux-gnu-gcc -pthread -DNDEBUG -g -fwrapv -O2 -Wall -Wstrict-prototypes -g -O2 -fdebug-prefix-map=/<<PKGBUILDDIR>>=. -fstack-protector-strong -Wformat -Werror=format-security -Wdate-time -D_FORTIFY_SOURCE=2 -fPIC -DNPY_NO_DEPRECATED_API=7 -DGPAW_NO_UNDERSCORE_CBLACS=1 -DGPAW_NO_UNDERSCORE_CSCALAPACK=1 -DGPAW_WITH_SL=1 -UNDEBUG -I/usr/lib/python3/dist-packages/numpy/core/include -I/usr/include/python3.6m -c c/lapack.c -o build/temp.linux-amd64-3.6/c/lapack.o -Wall -Wno-unknown-pragmas -std=c99
x86_64-linux-gnu-gcc -pthread -DNDEBUG -g -fwrapv -O2 -Wall -Wstrict-prototypes -g -O2 -fdebug-prefix-map=/<<PKGBUILDDIR>>=. -fstack-protector-strong -Wformat -Werror=format-security -Wdate-time -D_FORTIFY_SOURCE=2 -fPIC -DNPY_NO_DEPRECATED_API=7 -DGPAW_NO_UNDERSCORE_CBLACS=1 -DGPAW_NO_UNDERSCORE_CSCALAPACK=1 -DGPAW_WITH_SL=1 -UNDEBUG -I/usr/lib/python3/dist-packages/numpy/core/include -I/usr/include/python3.6m -c c/lcao.c -o build/temp.linux-amd64-3.6/c/lcao.o -Wall -Wno-unknown-pragmas -std=c99
x86_64-linux-gnu-gcc -pthread -DNDEBUG -g -fwrapv -O2 -Wall -Wstrict-prototypes -g -O2 -fdebug-prefix-map=/<<PKGBUILDDIR>>=. -fstack-protector-strong -Wformat -Werror=format-security -Wdate-time -D_FORTIFY_SOURCE=2 -fPIC -DNPY_NO_DEPRECATED_API=7 -DGPAW_NO_UNDERSCORE_CBLACS=1 -DGPAW_NO_UNDERSCORE_CSCALAPACK=1 -DGPAW_WITH_SL=1 -UNDEBUG -I/usr/lib/python3/dist-packages/numpy/core/include -I/usr/include/python3.6m -c c/lfc.c -o build/temp.linux-amd64-3.6/c/lfc.o -Wall -Wno-unknown-pragmas -std=c99
x86_64-linux-gnu-gcc -pthread -DNDEBUG -g -fwrapv -O2 -Wall -Wstrict-prototypes -g -O2 -fdebug-prefix-map=/<<PKGBUILDDIR>>=. -fstack-protector-strong -Wformat -Werror=format-security -Wdate-time -D_FORTIFY_SOURCE=2 -fPIC -DNPY_NO_DEPRECATED_API=7 -DGPAW_NO_UNDERSCORE_CBLACS=1 -DGPAW_NO_UNDERSCORE_CSCALAPACK=1 -DGPAW_WITH_SL=1 -UNDEBUG -I/usr/lib/python3/dist-packages/numpy/core/include -I/usr/include/python3.6m -c c/lfc2.c -o build/temp.linux-amd64-3.6/c/lfc2.o -Wall -Wno-unknown-pragmas -std=c99
x86_64-linux-gnu-gcc -pthread -DNDEBUG -g -fwrapv -O2 -Wall -Wstrict-prototypes -g -O2 -fdebug-prefix-map=/<<PKGBUILDDIR>>=. -fstack-protector-strong -Wformat -Werror=format-security -Wdate-time -D_FORTIFY_SOURCE=2 -fPIC -DNPY_NO_DEPRECATED_API=7 -DGPAW_NO_UNDERSCORE_CBLACS=1 -DGPAW_NO_UNDERSCORE_CSCALAPACK=1 -DGPAW_WITH_SL=1 -UNDEBUG -I/usr/lib/python3/dist-packages/numpy/core/include -I/usr/include/python3.6m -c c/localized_functions.c -o build/temp.linux-amd64-3.6/c/localized_functions.o -Wall -Wno-unknown-pragmas -std=c99
x86_64-linux-gnu-gcc -pthread -DNDEBUG -g -fwrapv -O2 -Wall -Wstrict-prototypes -g -O2 -fdebug-prefix-map=/<<PKGBUILDDIR>>=. -fstack-protector-strong -Wformat -Werror=format-security -Wdate-time -D_FORTIFY_SOURCE=2 -fPIC -DNPY_NO_DEPRECATED_API=7 -DGPAW_NO_UNDERSCORE_CBLACS=1 -DGPAW_NO_UNDERSCORE_CSCALAPACK=1 -DGPAW_WITH_SL=1 -UNDEBUG -I/usr/lib/python3/dist-packages/numpy/core/include -I/usr/include/python3.6m -c c/mlsqr.c -o build/temp.linux-amd64-3.6/c/mlsqr.o -Wall -Wno-unknown-pragmas -std=c99
x86_64-linux-gnu-gcc -pthread -DNDEBUG -g -fwrapv -O2 -Wall -Wstrict-prototypes -g -O2 -fdebug-prefix-map=/<<PKGBUILDDIR>>=. -fstack-protector-strong -Wformat -Werror=format-security -Wdate-time -D_FORTIFY_SOURCE=2 -fPIC -DNPY_NO_DEPRECATED_API=7 -DGPAW_NO_UNDERSCORE_CBLACS=1 -DGPAW_NO_UNDERSCORE_CSCALAPACK=1 -DGPAW_WITH_SL=1 -UNDEBUG -I/usr/lib/python3/dist-packages/numpy/core/include -I/usr/include/python3.6m -c c/mpi.c -o build/temp.linux-amd64-3.6/c/mpi.o -Wall -Wno-unknown-pragmas -std=c99
x86_64-linux-gnu-gcc -pthread -DNDEBUG -g -fwrapv -O2 -Wall -Wstrict-prototypes -g -O2 -fdebug-prefix-map=/<<PKGBUILDDIR>>=. -fstack-protector-strong -Wformat -Werror=format-security -Wdate-time -D_FORTIFY_SOURCE=2 -fPIC -DNPY_NO_DEPRECATED_API=7 -DGPAW_NO_UNDERSCORE_CBLACS=1 -DGPAW_NO_UNDERSCORE_CSCALAPACK=1 -DGPAW_WITH_SL=1 -UNDEBUG -I/usr/lib/python3/dist-packages/numpy/core/include -I/usr/include/python3.6m -c c/operators.c -o build/temp.linux-amd64-3.6/c/operators.o -Wall -Wno-unknown-pragmas -std=c99
x86_64-linux-gnu-gcc -pthread -DNDEBUG -g -fwrapv -O2 -Wall -Wstrict-prototypes -g -O2 -fdebug-prefix-map=/<<PKGBUILDDIR>>=. -fstack-protector-strong -Wformat -Werror=format-security -Wdate-time -D_FORTIFY_SOURCE=2 -fPIC -DNPY_NO_DEPRECATED_API=7 -DGPAW_NO_UNDERSCORE_CBLACS=1 -DGPAW_NO_UNDERSCORE_CSCALAPACK=1 -DGPAW_WITH_SL=1 -UNDEBUG -I/usr/lib/python3/dist-packages/numpy/core/include -I/usr/include/python3.6m -c c/plane_wave.c -o build/temp.linux-amd64-3.6/c/plane_wave.o -Wall -Wno-unknown-pragmas -std=c99
x86_64-linux-gnu-gcc -pthread -DNDEBUG -g -fwrapv -O2 -Wall -Wstrict-prototypes -g -O2 -fdebug-prefix-map=/<<PKGBUILDDIR>>=. -fstack-protector-strong -Wformat -Werror=format-security -Wdate-time -D_FORTIFY_SOURCE=2 -fPIC -DNPY_NO_DEPRECATED_API=7 -DGPAW_NO_UNDERSCORE_CBLACS=1 -DGPAW_NO_UNDERSCORE_CSCALAPACK=1 -DGPAW_WITH_SL=1 -UNDEBUG -I/usr/lib/python3/dist-packages/numpy/core/include -I/usr/include/python3.6m -c c/plt.c -o build/temp.linux-amd64-3.6/c/plt.o -Wall -Wno-unknown-pragmas -std=c99
x86_64-linux-gnu-gcc -pthread -DNDEBUG -g -fwrapv -O2 -Wall -Wstrict-prototypes -g -O2 -fdebug-prefix-map=/<<PKGBUILDDIR>>=. -fstack-protector-strong -Wformat -Werror=format-security -Wdate-time -D_FORTIFY_SOURCE=2 -fPIC -DNPY_NO_DEPRECATED_API=7 -DGPAW_NO_UNDERSCORE_CBLACS=1 -DGPAW_NO_UNDERSCORE_CSCALAPACK=1 -DGPAW_WITH_SL=1 -UNDEBUG -I/usr/lib/python3/dist-packages/numpy/core/include -I/usr/include/python3.6m -c c/point_charges.c -o build/temp.linux-amd64-3.6/c/point_charges.o -Wall -Wno-unknown-pragmas -std=c99
x86_64-linux-gnu-gcc -pthread -DNDEBUG -g -fwrapv -O2 -Wall -Wstrict-prototypes -g -O2 -fdebug-prefix-map=/<<PKGBUILDDIR>>=. -fstack-protector-strong -Wformat -Werror=format-security -Wdate-time -D_FORTIFY_SOURCE=2 -fPIC -DNPY_NO_DEPRECATED_API=7 -DGPAW_NO_UNDERSCORE_CBLACS=1 -DGPAW_NO_UNDERSCORE_CSCALAPACK=1 -DGPAW_WITH_SL=1 -UNDEBUG -I/usr/lib/python3/dist-packages/numpy/core/include -I/usr/include/python3.6m -c c/spline.c -o build/temp.linux-amd64-3.6/c/spline.o -Wall -Wno-unknown-pragmas -std=c99
x86_64-linux-gnu-gcc -pthread -DNDEBUG -g -fwrapv -O2 -Wall -Wstrict-prototypes -g -O2 -fdebug-prefix-map=/<<PKGBUILDDIR>>=. -fstack-protector-strong -Wformat -Werror=format-security -Wdate-time -D_FORTIFY_SOURCE=2 -fPIC -DNPY_NO_DEPRECATED_API=7 -DGPAW_NO_UNDERSCORE_CBLACS=1 -DGPAW_NO_UNDERSCORE_CSCALAPACK=1 -DGPAW_WITH_SL=1 -UNDEBUG -I/usr/lib/python3/dist-packages/numpy/core/include -I/usr/include/python3.6m -c c/symmetry.c -o build/temp.linux-amd64-3.6/c/symmetry.o -Wall -Wno-unknown-pragmas -std=c99
x86_64-linux-gnu-gcc -pthread -DNDEBUG -g -fwrapv -O2 -Wall -Wstrict-prototypes -g -O2 -fdebug-prefix-map=/<<PKGBUILDDIR>>=. -fstack-protector-strong -Wformat -Werror=format-security -Wdate-time -D_FORTIFY_SOURCE=2 -fPIC -DNPY_NO_DEPRECATED_API=7 -DGPAW_NO_UNDERSCORE_CBLACS=1 -DGPAW_NO_UNDERSCORE_CSCALAPACK=1 -DGPAW_WITH_SL=1 -UNDEBUG -I/usr/lib/python3/dist-packages/numpy/core/include -I/usr/include/python3.6m -c c/tetra.c -o build/temp.linux-amd64-3.6/c/tetra.o -Wall -Wno-unknown-pragmas -std=c99
x86_64-linux-gnu-gcc -pthread -DNDEBUG -g -fwrapv -O2 -Wall -Wstrict-prototypes -g -O2 -fdebug-prefix-map=/<<PKGBUILDDIR>>=. -fstack-protector-strong -Wformat -Werror=format-security -Wdate-time -D_FORTIFY_SOURCE=2 -fPIC -DNPY_NO_DEPRECATED_API=7 -DGPAW_NO_UNDERSCORE_CBLACS=1 -DGPAW_NO_UNDERSCORE_CSCALAPACK=1 -DGPAW_WITH_SL=1 -UNDEBUG -I/usr/lib/python3/dist-packages/numpy/core/include -I/usr/include/python3.6m -c c/transformers.c -o build/temp.linux-amd64-3.6/c/transformers.o -Wall -Wno-unknown-pragmas -std=c99
x86_64-linux-gnu-gcc -pthread -DNDEBUG -g -fwrapv -O2 -Wall -Wstrict-prototypes -g -O2 -fdebug-prefix-map=/<<PKGBUILDDIR>>=. -fstack-protector-strong -Wformat -Werror=format-security -Wdate-time -D_FORTIFY_SOURCE=2 -fPIC -DNPY_NO_DEPRECATED_API=7 -DGPAW_NO_UNDERSCORE_CBLACS=1 -DGPAW_NO_UNDERSCORE_CSCALAPACK=1 -DGPAW_WITH_SL=1 -UNDEBUG -I/usr/lib/python3/dist-packages/numpy/core/include -I/usr/include/python3.6m -c c/utilities.c -o build/temp.linux-amd64-3.6/c/utilities.o -Wall -Wno-unknown-pragmas -std=c99
x86_64-linux-gnu-gcc -pthread -DNDEBUG -g -fwrapv -O2 -Wall -Wstrict-prototypes -g -O2 -fdebug-prefix-map=/<<PKGBUILDDIR>>=. -fstack-protector-strong -Wformat -Werror=format-security -Wdate-time -D_FORTIFY_SOURCE=2 -fPIC -DNPY_NO_DEPRECATED_API=7 -DGPAW_NO_UNDERSCORE_CBLACS=1 -DGPAW_NO_UNDERSCORE_CSCALAPACK=1 -DGPAW_WITH_SL=1 -UNDEBUG -I/usr/lib/python3/dist-packages/numpy/core/include -I/usr/include/python3.6m -c c/wigner_seitz.c -o build/temp.linux-amd64-3.6/c/wigner_seitz.o -Wall -Wno-unknown-pragmas -std=c99
x86_64-linux-gnu-gcc -pthread -DNDEBUG -g -fwrapv -O2 -Wall -Wstrict-prototypes -g -O2 -fdebug-prefix-map=/<<PKGBUILDDIR>>=. -fstack-protector-strong -Wformat -Werror=format-security -Wdate-time -D_FORTIFY_SOURCE=2 -fPIC -DNPY_NO_DEPRECATED_API=7 -DGPAW_NO_UNDERSCORE_CBLACS=1 -DGPAW_NO_UNDERSCORE_CSCALAPACK=1 -DGPAW_WITH_SL=1 -UNDEBUG -I/usr/lib/python3/dist-packages/numpy/core/include -I/usr/include/python3.6m -c c/woperators.c -o build/temp.linux-amd64-3.6/c/woperators.o -Wall -Wno-unknown-pragmas -std=c99
x86_64-linux-gnu-gcc -pthread -DNDEBUG -g -fwrapv -O2 -Wall -Wstrict-prototypes -g -O2 -fdebug-prefix-map=/<<PKGBUILDDIR>>=. -fstack-protector-strong -Wformat -Werror=format-security -Wdate-time -D_FORTIFY_SOURCE=2 -fPIC -DNPY_NO_DEPRECATED_API=7 -DGPAW_NO_UNDERSCORE_CBLACS=1 -DGPAW_NO_UNDERSCORE_CSCALAPACK=1 -DGPAW_WITH_SL=1 -UNDEBUG -I/usr/lib/python3/dist-packages/numpy/core/include -I/usr/include/python3.6m -c c/xc/ensemble_gga.c -o build/temp.linux-amd64-3.6/c/xc/ensemble_gga.o -Wall -Wno-unknown-pragmas -std=c99
x86_64-linux-gnu-gcc -pthread -DNDEBUG -g -fwrapv -O2 -Wall -Wstrict-prototypes -g -O2 -fdebug-prefix-map=/<<PKGBUILDDIR>>=. -fstack-protector-strong -Wformat -Werror=format-security -Wdate-time -D_FORTIFY_SOURCE=2 -fPIC -DNPY_NO_DEPRECATED_API=7 -DGPAW_NO_UNDERSCORE_CBLACS=1 -DGPAW_NO_UNDERSCORE_CSCALAPACK=1 -DGPAW_WITH_SL=1 -UNDEBUG -I/usr/lib/python3/dist-packages/numpy/core/include -I/usr/include/python3.6m -c c/xc/libvdwxc.c -o build/temp.linux-amd64-3.6/c/xc/libvdwxc.o -Wall -Wno-unknown-pragmas -std=c99
x86_64-linux-gnu-gcc -pthread -DNDEBUG -g -fwrapv -O2 -Wall -Wstrict-prototypes -g -O2 -fdebug-prefix-map=/<<PKGBUILDDIR>>=. -fstack-protector-strong -Wformat -Werror=format-security -Wdate-time -D_FORTIFY_SOURCE=2 -fPIC -DNPY_NO_DEPRECATED_API=7 -DGPAW_NO_UNDERSCORE_CBLACS=1 -DGPAW_NO_UNDERSCORE_CSCALAPACK=1 -DGPAW_WITH_SL=1 -UNDEBUG -I/usr/lib/python3/dist-packages/numpy/core/include -I/usr/include/python3.6m -c c/xc/libxc.c -o build/temp.linux-amd64-3.6/c/xc/libxc.o -Wall -Wno-unknown-pragmas -std=c99
x86_64-linux-gnu-gcc -pthread -DNDEBUG -g -fwrapv -O2 -Wall -Wstrict-prototypes -g -O2 -fdebug-prefix-map=/<<PKGBUILDDIR>>=. -fstack-protector-strong -Wformat -Werror=format-security -Wdate-time -D_FORTIFY_SOURCE=2 -fPIC -DNPY_NO_DEPRECATED_API=7 -DGPAW_NO_UNDERSCORE_CBLACS=1 -DGPAW_NO_UNDERSCORE_CSCALAPACK=1 -DGPAW_WITH_SL=1 -UNDEBUG -I/usr/lib/python3/dist-packages/numpy/core/include -I/usr/include/python3.6m -c c/xc/m06l.c -o build/temp.linux-amd64-3.6/c/xc/m06l.o -Wall -Wno-unknown-pragmas -std=c99
x86_64-linux-gnu-gcc -pthread -DNDEBUG -g -fwrapv -O2 -Wall -Wstrict-prototypes -g -O2 -fdebug-prefix-map=/<<PKGBUILDDIR>>=. -fstack-protector-strong -Wformat -Werror=format-security -Wdate-time -D_FORTIFY_SOURCE=2 -fPIC -DNPY_NO_DEPRECATED_API=7 -DGPAW_NO_UNDERSCORE_CBLACS=1 -DGPAW_NO_UNDERSCORE_CSCALAPACK=1 -DGPAW_WITH_SL=1 -UNDEBUG -I/usr/lib/python3/dist-packages/numpy/core/include -I/usr/include/python3.6m -c c/xc/pbe.c -o build/temp.linux-amd64-3.6/c/xc/pbe.o -Wall -Wno-unknown-pragmas -std=c99
x86_64-linux-gnu-gcc -pthread -DNDEBUG -g -fwrapv -O2 -Wall -Wstrict-prototypes -g -O2 -fdebug-prefix-map=/<<PKGBUILDDIR>>=. -fstack-protector-strong -Wformat -Werror=format-security -Wdate-time -D_FORTIFY_SOURCE=2 -fPIC -DNPY_NO_DEPRECATED_API=7 -DGPAW_NO_UNDERSCORE_CBLACS=1 -DGPAW_NO_UNDERSCORE_CSCALAPACK=1 -DGPAW_WITH_SL=1 -UNDEBUG -I/usr/lib/python3/dist-packages/numpy/core/include -I/usr/include/python3.6m -c c/xc/pw91.c -o build/temp.linux-amd64-3.6/c/xc/pw91.o -Wall -Wno-unknown-pragmas -std=c99
x86_64-linux-gnu-gcc -pthread -DNDEBUG -g -fwrapv -O2 -Wall -Wstrict-prototypes -g -O2 -fdebug-prefix-map=/<<PKGBUILDDIR>>=. -fstack-protector-strong -Wformat -Werror=format-security -Wdate-time -D_FORTIFY_SOURCE=2 -fPIC -DNPY_NO_DEPRECATED_API=7 -DGPAW_NO_UNDERSCORE_CBLACS=1 -DGPAW_NO_UNDERSCORE_CSCALAPACK=1 -DGPAW_WITH_SL=1 -UNDEBUG -I/usr/lib/python3/dist-packages/numpy/core/include -I/usr/include/python3.6m -c c/xc/revtpss.c -o build/temp.linux-amd64-3.6/c/xc/revtpss.o -Wall -Wno-unknown-pragmas -std=c99
x86_64-linux-gnu-gcc -pthread -DNDEBUG -g -fwrapv -O2 -Wall -Wstrict-prototypes -g -O2 -fdebug-prefix-map=/<<PKGBUILDDIR>>=. -fstack-protector-strong -Wformat -Werror=format-security -Wdate-time -D_FORTIFY_SOURCE=2 -fPIC -DNPY_NO_DEPRECATED_API=7 -DGPAW_NO_UNDERSCORE_CBLACS=1 -DGPAW_NO_UNDERSCORE_CSCALAPACK=1 -DGPAW_WITH_SL=1 -UNDEBUG -I/usr/lib/python3/dist-packages/numpy/core/include -I/usr/include/python3.6m -c c/xc/revtpss_c_pbe.c -o build/temp.linux-amd64-3.6/c/xc/revtpss_c_pbe.o -Wall -Wno-unknown-pragmas -std=c99
x86_64-linux-gnu-gcc -pthread -DNDEBUG -g -fwrapv -O2 -Wall -Wstrict-prototypes -g -O2 -fdebug-prefix-map=/<<PKGBUILDDIR>>=. -fstack-protector-strong -Wformat -Werror=format-security -Wdate-time -D_FORTIFY_SOURCE=2 -fPIC -DNPY_NO_DEPRECATED_API=7 -DGPAW_NO_UNDERSCORE_CBLACS=1 -DGPAW_NO_UNDERSCORE_CSCALAPACK=1 -DGPAW_WITH_SL=1 -UNDEBUG -I/usr/lib/python3/dist-packages/numpy/core/include -I/usr/include/python3.6m -c c/xc/rpbe.c -o build/temp.linux-amd64-3.6/c/xc/rpbe.o -Wall -Wno-unknown-pragmas -std=c99
x86_64-linux-gnu-gcc -pthread -DNDEBUG -g -fwrapv -O2 -Wall -Wstrict-prototypes -g -O2 -fdebug-prefix-map=/<<PKGBUILDDIR>>=. -fstack-protector-strong -Wformat -Werror=format-security -Wdate-time -D_FORTIFY_SOURCE=2 -fPIC -DNPY_NO_DEPRECATED_API=7 -DGPAW_NO_UNDERSCORE_CBLACS=1 -DGPAW_NO_UNDERSCORE_CSCALAPACK=1 -DGPAW_WITH_SL=1 -UNDEBUG -I/usr/lib/python3/dist-packages/numpy/core/include -I/usr/include/python3.6m -c c/xc/tpss.c -o build/temp.linux-amd64-3.6/c/xc/tpss.o -Wall -Wno-unknown-pragmas -std=c99
x86_64-linux-gnu-gcc -pthread -DNDEBUG -g -fwrapv -O2 -Wall -Wstrict-prototypes -g -O2 -fdebug-prefix-map=/<<PKGBUILDDIR>>=. -fstack-protector-strong -Wformat -Werror=format-security -Wdate-time -D_FORTIFY_SOURCE=2 -fPIC -DNPY_NO_DEPRECATED_API=7 -DGPAW_NO_UNDERSCORE_CBLACS=1 -DGPAW_NO_UNDERSCORE_CSCALAPACK=1 -DGPAW_WITH_SL=1 -UNDEBUG -I/usr/lib/python3/dist-packages/numpy/core/include -I/usr/include/python3.6m -c c/xc/vdw.c -o build/temp.linux-amd64-3.6/c/xc/vdw.o -Wall -Wno-unknown-pragmas -std=c99
x86_64-linux-gnu-gcc -pthread -DNDEBUG -g -fwrapv -O2 -Wall -Wstrict-prototypes -g -O2 -fdebug-prefix-map=/<<PKGBUILDDIR>>=. -fstack-protector-strong -Wformat -Werror=format-security -Wdate-time -D_FORTIFY_SOURCE=2 -fPIC -DNPY_NO_DEPRECATED_API=7 -DGPAW_NO_UNDERSCORE_CBLACS=1 -DGPAW_NO_UNDERSCORE_CSCALAPACK=1 -DGPAW_WITH_SL=1 -UNDEBUG -I/usr/lib/python3/dist-packages/numpy/core/include -I/usr/include/python3.6m -c c/xc/xc.c -o build/temp.linux-amd64-3.6/c/xc/xc.o -Wall -Wno-unknown-pragmas -std=c99
x86_64-linux-gnu-gcc -pthread -DNDEBUG -g -fwrapv -O2 -Wall -Wstrict-prototypes -g -O2 -fdebug-prefix-map=/<<PKGBUILDDIR>>=. -fstack-protector-strong -Wformat -Werror=format-security -Wdate-time -D_FORTIFY_SOURCE=2 -fPIC -DNPY_NO_DEPRECATED_API=7 -DGPAW_NO_UNDERSCORE_CBLACS=1 -DGPAW_NO_UNDERSCORE_CSCALAPACK=1 -DGPAW_WITH_SL=1 -UNDEBUG -I/usr/lib/python3/dist-packages/numpy/core/include -I/usr/include/python3.6m -c c/xc/xc_mgga.c -o build/temp.linux-amd64-3.6/c/xc/xc_mgga.o -Wall -Wno-unknown-pragmas -std=c99
x86_64-linux-gnu-gcc -pthread -shared -Wl,-O1 -Wl,-Bsymbolic-functions -Wl,-z,relro -Wl,-z,relro -Wl,-z,now -Wl,--as-needed -g -O2 -fdebug-prefix-map=/<<PKGBUILDDIR>>=. -fstack-protector-strong -Wformat -Werror=format-security -Wdate-time -D_FORTIFY_SOURCE=2 build/temp.linux-amd64-3.6/c/_gpaw.o build/temp.linux-amd64-3.6/c/bc.o build/temp.linux-amd64-3.6/c/blacs.o build/temp.linux-amd64-3.6/c/blas.o build/temp.linux-amd64-3.6/c/bmgs/bmgs.o build/temp.linux-amd64-3.6/c/cerf.o build/temp.linux-amd64-3.6/c/fftw.o build/temp.linux-amd64-3.6/c/lapack.o build/temp.linux-amd64-3.6/c/lcao.o build/temp.linux-amd64-3.6/c/lfc.o build/temp.linux-amd64-3.6/c/lfc2.o build/temp.linux-amd64-3.6/c/localized_functions.o build/temp.linux-amd64-3.6/c/mlsqr.o build/temp.linux-amd64-3.6/c/mpi.o build/temp.linux-amd64-3.6/c/operators.o build/temp.linux-amd64-3.6/c/plane_wave.o build/temp.linux-amd64-3.6/c/plt.o build/temp.linux-amd64-3.6/c/point_charges.o build/temp.linux-amd64-3.6/c/spline.o build/temp.linux-amd64-3.6/c/symmetry.o build/temp.linux-amd64-3.6/c/tetra.o build/temp.linux-amd64-3.6/c/transformers.o build/temp.linux-amd64-3.6/c/utilities.o build/temp.linux-amd64-3.6/c/wigner_seitz.o build/temp.linux-amd64-3.6/c/woperators.o build/temp.linux-amd64-3.6/c/xc/ensemble_gga.o build/temp.linux-amd64-3.6/c/xc/libvdwxc.o build/temp.linux-amd64-3.6/c/xc/libxc.o build/temp.linux-amd64-3.6/c/xc/m06l.o build/temp.linux-amd64-3.6/c/xc/pbe.o build/temp.linux-amd64-3.6/c/xc/pw91.o build/temp.linux-amd64-3.6/c/xc/revtpss.o build/temp.linux-amd64-3.6/c/xc/revtpss_c_pbe.o build/temp.linux-amd64-3.6/c/xc/rpbe.o build/temp.linux-amd64-3.6/c/xc/tpss.o build/temp.linux-amd64-3.6/c/xc/vdw.o build/temp.linux-amd64-3.6/c/xc/xc.o build/temp.linux-amd64-3.6/c/xc/xc_mgga.o -lxc -lblas -llapack -lscalapack-openmpi -o /<<PKGBUILDDIR>>/.pybuild/cpython3_3.6/build/_gpaw.cpython-36m-x86_64-linux-gnu.so
clang: warning: optimization flag '-fuse-linker-plugin' is not supported [-Wignored-optimization-argument]
clang: warning: optimization flag '-ffat-lto-objects' is not supported [-Wignored-optimization-argument]
clang: warning: optimization flag '-fuse-linker-plugin' is not supported [-Wignored-optimization-argument]
clang: warning: optimization flag '-ffat-lto-objects' is not supported [-Wignored-optimization-argument]
clang: warning: optimization flag '-fuse-linker-plugin' is not supported [-Wignored-optimization-argument]
clang: warning: optimization flag '-ffat-lto-objects' is not supported [-Wignored-optimization-argument]
clang: warning: optimization flag '-fuse-linker-plugin' is not supported [-Wignored-optimization-argument]
clang: warning: optimization flag '-ffat-lto-objects' is not supported [-Wignored-optimization-argument]
clang: warning: optimization flag '-fuse-linker-plugin' is not supported [-Wignored-optimization-argument]
clang: warning: optimization flag '-ffat-lto-objects' is not supported [-Wignored-optimization-argument]
clang: warning: optimization flag '-fuse-linker-plugin' is not supported [-Wignored-optimization-argument]
clang: warning: optimization flag '-ffat-lto-objects' is not supported [-Wignored-optimization-argument]
clang: warning: optimization flag '-fuse-linker-plugin' is not supported [-Wignored-optimization-argument]
clang: warning: optimization flag '-ffat-lto-objects' is not supported [-Wignored-optimization-argument]
clang: warning: optimization flag '-fuse-linker-plugin' is not supported [-Wignored-optimization-argument]
clang: warning: optimization flag '-ffat-lto-objects' is not supported [-Wignored-optimization-argument]
c/blacs.c:733:7: warning: unused variable 'a_m' [-Wunused-variable]
  int a_m      = INTP(desca)[2];
      ^
c/blacs.c:845:7: warning: unused variable 'a_m' [-Wunused-variable]
  int a_m      = INTP(desca)[2];
      ^
c/blacs.c:1107:7: warning: unused variable 'a_m' [-Wunused-variable]
  int a_m      = INTP(desca)[2];
      ^
c/blacs.c:1306:7: warning: unused variable 'a_m' [-Wunused-variable]
  int a_m      = INTP(desca)[2];
      ^
c/blacs.c:1654:7: warning: unused variable 'a_m' [-Wunused-variable]
  int a_m      = INTP(desca)[2];
      ^
c/blacs.c:1713:7: warning: unused variable 'a_m' [-Wunused-variable]
  int a_m      = INTP(desca)[2];
      ^
c/blacs.c:1720:7: warning: variable 'info' is used uninitialized whenever 'if' condition is true [-Wsometimes-uninitialized]
  if (PyArray_DESCR(a)->type_num == NPY_DOUBLE)
      ^~~~~~~~~~~~~~~~~~~~~~~~~~~~~~~~~~~~~~~~
c/blacs.c:1732:46: note: uninitialized use occurs here
  PyObject* returnvalue = Py_BuildValue("i", info);
                                             ^~~~
c/blacs.c:1720:3: note: remove the 'if' if its condition is always false
  if (PyArray_DESCR(a)->type_num == NPY_DOUBLE)
  ^~~~~~~~~~~~~~~~~~~~~~~~~~~~~~~~~~~~~~~~~~~~~
c/blacs.c:1708:11: note: initialize the variable 'info' to silence this warning
  int info;
          ^
           = 0
c/blacs.c:1798:7: warning: unused variable 'b_m' [-Wunused-variable]
  int b_m      = INTP(descb)[2];
      ^
8 warnings generated.
clang: warning: optimization flag '-fuse-linker-plugin' is not supported [-Wignored-optimization-argument]
clang: warning: optimization flag '-ffat-lto-objects' is not supported [-Wignored-optimization-argument]
clang: warning: optimization flag '-fuse-linker-plugin' is not supported [-Wignored-optimization-argument]
clang: warning: optimization flag '-ffat-lto-objects' is not supported [-Wignored-optimization-argument]
build/temp.linux-amd64-3.6/c/_gpaw.o: file not recognized: File format not recognized
clang: error: linker command failed with exit code 1 (use -v to see invocation)
mpicc -DNPY_NO_DEPRECATED_API=7 -DGPAW_NO_UNDERSCORE_CBLACS=1 -DGPAW_NO_UNDERSCORE_CSCALAPACK=1 -DGPAW_WITH_SL=1 -DPARALLEL=1 -DGPAW_INTERPRETER=1 -Wall -Wno-unknown-pragmas -std=c99 -Wno-unused-result -Wsign-compare -DNDEBUG -g -fwrapv -O2 -Wall -Wstrict-prototypes -g -fdebug-prefix-map=/build/python3.6-5IOn2l/python3.6-3.6.5=. -fstack-protector-strong -Wformat -Werror=format-security  -g -flto -fuse-linker-plugin -ffat-lto-objects -fPIC -I/usr/lib/python3/dist-packages/numpy/core/include -I/usr/include/python3.6m -I/usr/include/python3.6m -o build/temp.linux-amd64-3.6/c/bc.o -c c/bc.c 
mpicc -DNPY_NO_DEPRECATED_API=7 -DGPAW_NO_UNDERSCORE_CBLACS=1 -DGPAW_NO_UNDERSCORE_CSCALAPACK=1 -DGPAW_WITH_SL=1 -DPARALLEL=1 -DGPAW_INTERPRETER=1 -Wall -Wno-unknown-pragmas -std=c99 -Wno-unused-result -Wsign-compare -DNDEBUG -g -fwrapv -O2 -Wall -Wstrict-prototypes -g -fdebug-prefix-map=/build/python3.6-5IOn2l/python3.6-3.6.5=. -fstack-protector-strong -Wformat -Werror=format-security  -g -flto -fuse-linker-plugin -ffat-lto-objects -fPIC -I/usr/lib/python3/dist-packages/numpy/core/include -I/usr/include/python3.6m -I/usr/include/python3.6m -o build/temp.linux-amd64-3.6/c/localized_functions.o -c c/localized_functions.c 
mpicc -DNPY_NO_DEPRECATED_API=7 -DGPAW_NO_UNDERSCORE_CBLACS=1 -DGPAW_NO_UNDERSCORE_CSCALAPACK=1 -DGPAW_WITH_SL=1 -DPARALLEL=1 -DGPAW_INTERPRETER=1 -Wall -Wno-unknown-pragmas -std=c99 -Wno-unused-result -Wsign-compare -DNDEBUG -g -fwrapv -O2 -Wall -Wstrict-prototypes -g -fdebug-prefix-map=/build/python3.6-5IOn2l/python3.6-3.6.5=. -fstack-protector-strong -Wformat -Werror=format-security  -g -flto -fuse-linker-plugin -ffat-lto-objects -fPIC -I/usr/lib/python3/dist-packages/numpy/core/include -I/usr/include/python3.6m -I/usr/include/python3.6m -o build/temp.linux-amd64-3.6/c/mpi.o -c c/mpi.c 
mpicc -DNPY_NO_DEPRECATED_API=7 -DGPAW_NO_UNDERSCORE_CBLACS=1 -DGPAW_NO_UNDERSCORE_CSCALAPACK=1 -DGPAW_WITH_SL=1 -DPARALLEL=1 -DGPAW_INTERPRETER=1 -Wall -Wno-unknown-pragmas -std=c99 -Wno-unused-result -Wsign-compare -DNDEBUG -g -fwrapv -O2 -Wall -Wstrict-prototypes -g -fdebug-prefix-map=/build/python3.6-5IOn2l/python3.6-3.6.5=. -fstack-protector-strong -Wformat -Werror=format-security  -g -flto -fuse-linker-plugin -ffat-lto-objects -fPIC -I/usr/lib/python3/dist-packages/numpy/core/include -I/usr/include/python3.6m -I/usr/include/python3.6m -o build/temp.linux-amd64-3.6/c/_gpaw.o -c c/_gpaw.c 
mpicc -DNPY_NO_DEPRECATED_API=7 -DGPAW_NO_UNDERSCORE_CBLACS=1 -DGPAW_NO_UNDERSCORE_CSCALAPACK=1 -DGPAW_WITH_SL=1 -DPARALLEL=1 -DGPAW_INTERPRETER=1 -Wall -Wno-unknown-pragmas -std=c99 -Wno-unused-result -Wsign-compare -DNDEBUG -g -fwrapv -O2 -Wall -Wstrict-prototypes -g -fdebug-prefix-map=/build/python3.6-5IOn2l/python3.6-3.6.5=. -fstack-protector-strong -Wformat -Werror=format-security  -g -flto -fuse-linker-plugin -ffat-lto-objects -fPIC -I/usr/lib/python3/dist-packages/numpy/core/include -I/usr/include/python3.6m -I/usr/include/python3.6m -o build/temp.linux-amd64-3.6/c/operators.o -c c/operators.c 
mpicc -DNPY_NO_DEPRECATED_API=7 -DGPAW_NO_UNDERSCORE_CBLACS=1 -DGPAW_NO_UNDERSCORE_CSCALAPACK=1 -DGPAW_WITH_SL=1 -DPARALLEL=1 -DGPAW_INTERPRETER=1 -Wall -Wno-unknown-pragmas -std=c99 -Wno-unused-result -Wsign-compare -DNDEBUG -g -fwrapv -O2 -Wall -Wstrict-prototypes -g -fdebug-prefix-map=/build/python3.6-5IOn2l/python3.6-3.6.5=. -fstack-protector-strong -Wformat -Werror=format-security  -g -flto -fuse-linker-plugin -ffat-lto-objects -fPIC -I/usr/lib/python3/dist-packages/numpy/core/include -I/usr/include/python3.6m -I/usr/include/python3.6m -o build/temp.linux-amd64-3.6/c/woperators.o -c c/woperators.c 
mpicc -DNPY_NO_DEPRECATED_API=7 -DGPAW_NO_UNDERSCORE_CBLACS=1 -DGPAW_NO_UNDERSCORE_CSCALAPACK=1 -DGPAW_WITH_SL=1 -DPARALLEL=1 -DGPAW_INTERPRETER=1 -Wall -Wno-unknown-pragmas -std=c99 -Wno-unused-result -Wsign-compare -DNDEBUG -g -fwrapv -O2 -Wall -Wstrict-prototypes -g -fdebug-prefix-map=/build/python3.6-5IOn2l/python3.6-3.6.5=. -fstack-protector-strong -Wformat -Werror=format-security  -g -flto -fuse-linker-plugin -ffat-lto-objects -fPIC -I/usr/lib/python3/dist-packages/numpy/core/include -I/usr/include/python3.6m -I/usr/include/python3.6m -o build/temp.linux-amd64-3.6/c/transformers.o -c c/transformers.c 
mpicc -DNPY_NO_DEPRECATED_API=7 -DGPAW_NO_UNDERSCORE_CBLACS=1 -DGPAW_NO_UNDERSCORE_CSCALAPACK=1 -DGPAW_WITH_SL=1 -DPARALLEL=1 -DGPAW_INTERPRETER=1 -Wall -Wno-unknown-pragmas -std=c99 -Wno-unused-result -Wsign-compare -DNDEBUG -g -fwrapv -O2 -Wall -Wstrict-prototypes -g -fdebug-prefix-map=/build/python3.6-5IOn2l/python3.6-3.6.5=. -fstack-protector-strong -Wformat -Werror=format-security  -g -flto -fuse-linker-plugin -ffat-lto-objects -fPIC -I/usr/lib/python3/dist-packages/numpy/core/include -I/usr/include/python3.6m -I/usr/include/python3.6m -o build/temp.linux-amd64-3.6/c/blacs.o -c c/blacs.c 
mpicc -DNPY_NO_DEPRECATED_API=7 -DGPAW_NO_UNDERSCORE_CBLACS=1 -DGPAW_NO_UNDERSCORE_CSCALAPACK=1 -DGPAW_WITH_SL=1 -DPARALLEL=1 -DGPAW_INTERPRETER=1 -Wall -Wno-unknown-pragmas -std=c99 -Wno-unused-result -Wsign-compare -DNDEBUG -g -fwrapv -O2 -Wall -Wstrict-prototypes -g -fdebug-prefix-map=/build/python3.6-5IOn2l/python3.6-3.6.5=. -fstack-protector-strong -Wformat -Werror=format-security  -g -flto -fuse-linker-plugin -ffat-lto-objects -fPIC -I/usr/lib/python3/dist-packages/numpy/core/include -I/usr/include/python3.6m -I/usr/include/python3.6m -o build/temp.linux-amd64-3.6/c/utilities.o -c c/utilities.c 
mpicc -DNPY_NO_DEPRECATED_API=7 -DGPAW_NO_UNDERSCORE_CBLACS=1 -DGPAW_NO_UNDERSCORE_CSCALAPACK=1 -DGPAW_WITH_SL=1 -DPARALLEL=1 -DGPAW_INTERPRETER=1 -Wall -Wno-unknown-pragmas -std=c99 -Wno-unused-result -Wsign-compare -DNDEBUG -g -fwrapv -O2 -Wall -Wstrict-prototypes -g -fdebug-prefix-map=/build/python3.6-5IOn2l/python3.6-3.6.5=. -fstack-protector-strong -Wformat -Werror=format-security  -g -flto -fuse-linker-plugin -ffat-lto-objects -fPIC -I/usr/lib/python3/dist-packages/numpy/core/include -I/usr/include/python3.6m -I/usr/include/python3.6m -o build/temp.linux-amd64-3.6/c/xc/libvdwxc.o -c c/xc/libvdwxc.c 
mpicc -o build/bin.linux-amd64-3.6//gpaw-python build/temp.linux-amd64-3.6/c/_gpaw.o build/temp.linux-amd64-3.6/c/bc.o build/temp.linux-amd64-3.6/c/blacs.o build/temp.linux-amd64-3.6/c/blas.o build/temp.linux-amd64-3.6/c/bmgs/bmgs.o build/temp.linux-amd64-3.6/c/cerf.o build/temp.linux-amd64-3.6/c/fftw.o build/temp.linux-amd64-3.6/c/lapack.o build/temp.linux-amd64-3.6/c/lcao.o build/temp.linux-amd64-3.6/c/lfc.o build/temp.linux-amd64-3.6/c/lfc2.o build/temp.linux-amd64-3.6/c/localized_functions.o build/temp.linux-amd64-3.6/c/mlsqr.o build/temp.linux-amd64-3.6/c/mpi.o build/temp.linux-amd64-3.6/c/operators.o build/temp.linux-amd64-3.6/c/plane_wave.o build/temp.linux-amd64-3.6/c/plt.o build/temp.linux-amd64-3.6/c/point_charges.o build/temp.linux-amd64-3.6/c/spline.o build/temp.linux-amd64-3.6/c/symmetry.o build/temp.linux-amd64-3.6/c/tetra.o build/temp.linux-amd64-3.6/c/transformers.o build/temp.linux-amd64-3.6/c/utilities.o build/temp.linux-amd64-3.6/c/wigner_seitz.o build/temp.linux-amd64-3.6/c/woperators.o build/temp.linux-amd64-3.6/c/xc/ensemble_gga.o build/temp.linux-amd64-3.6/c/xc/libvdwxc.o build/temp.linux-amd64-3.6/c/xc/libxc.o build/temp.linux-amd64-3.6/c/xc/m06l.o build/temp.linux-amd64-3.6/c/xc/pbe.o build/temp.linux-amd64-3.6/c/xc/pw91.o build/temp.linux-amd64-3.6/c/xc/revtpss.o build/temp.linux-amd64-3.6/c/xc/revtpss_c_pbe.o build/temp.linux-amd64-3.6/c/xc/rpbe.o build/temp.linux-amd64-3.6/c/xc/tpss.o build/temp.linux-amd64-3.6/c/xc/vdw.o build/temp.linux-amd64-3.6/c/xc/xc.o build/temp.linux-amd64-3.6/c/xc/xc_mgga.o  -L/usr/lib/python3.6/config-3.6m-x86_64-linux-gnu -lxc -lblas -llapack -lscalapack-openmpi -lpython3.6m -lpthread -ldl  -lutil -lm  -Wl,-z,relro -Xlinker -export-dynamic -Wl,-O1 -Wl,-Bsymbolic-functions
Traceback (most recent call last):
  File "setup.py", line 248, in <module>
    'Topic :: Scientific/Engineering :: Physics'])
  File "/usr/lib/python3.6/distutils/core.py", line 148, in setup
    dist.run_commands()
  File "/usr/lib/python3.6/distutils/dist.py", line 955, in run_commands
    self.run_command(cmd)
  File "/usr/lib/python3.6/distutils/dist.py", line 974, in run_command
    cmd_obj.run()
  File "/usr/lib/python3.6/distutils/command/build.py", line 135, in run
    self.run_command(cmd_name)
  File "/usr/lib/python3.6/distutils/cmd.py", line 313, in run_command
    self.distribution.run_command(command)
  File "/usr/lib/python3.6/distutils/dist.py", line 974, in run_command
    cmd_obj.run()
  File "setup.py", line 200, in run
    assert error == 0
AssertionError
E: pybuild pybuild:336: build: plugin distutils failed with: exit code=1: /usr/bin/python3 setup.py build 
dh_auto_build: pybuild --build -i python{version} -p 3.6 returned exit code 13
make: *** [debian/rules:7: build-arch] Error 25
dpkg-buildpackage: error: debian/rules build-arch subprocess returned exit status 2
--------------------------------------------------------------------------------
Build finished at 2018-05-02T13:08:58Z

Finished
--------


+------------------------------------------------------------------------------+
| Cleanup                                                                      |
+------------------------------------------------------------------------------+

Purging /<<BUILDDIR>>
Not cleaning session: cloned chroot in use
E: Build failure (dpkg-buildpackage died)

+------------------------------------------------------------------------------+
| Summary                                                                      |
+------------------------------------------------------------------------------+

Build Architecture: amd64
Build Type: any
Build-Space: 23300
Build-Time: 14
Distribution: unstable
Fail-Stage: build
Host Architecture: amd64
Install-Time: 28
Job: gpaw_1.3.0-2
Machine Architecture: amd64
Package: gpaw
Package-Time: 56
Source-Version: 1.3.0-2
Space: 23300
Status: attempted
Version: 1.3.0-2
--------------------------------------------------------------------------------
Finished at 2018-05-02T13:08:58Z
Build needed 00:00:56, 23300k disk space
E: Build failure (dpkg-buildpackage died)
DC-Status: Failed 57.676401364s
