DC-Build-Header: gringo 5.2.2-5 / 2018-05-02 12:40:56 +0000
DC-Task: type:rebuild-binarch-only source:gringo version:5.2.2-5 chroot:unstable esttime:384 logfile:/tmp/gringo_5.2.2-5_unstable_clang60.log modes:clang60:binarch-only
DC-Sbuild-call: su user42 -c 'sbuild -n --arch-any --apt-update -d unstable -v  --chroot-setup-commands=/tmp/clang60 gringo_5.2.2-5'
sbuild (Debian sbuild) 0.73.0 (23 Dec 2016) on ip-172-31-4-197.eu-central-1.compute.internal

+==============================================================================+
| gringo 5.2.2-5 (amd64)                       Wed, 02 May 2018 12:40:56 +0000 |
+==============================================================================+

Package: gringo
Version: 5.2.2-5
Source Version: 5.2.2-5
Distribution: unstable
Machine Architecture: amd64
Host Architecture: amd64
Build Architecture: amd64
Build Type: any

I: NOTICE: Log filtering will replace 'var/run/schroot/mount/unstable-amd64-sbuild-e7d0c7cc-e82f-4fb6-b198-f4c0df502090' with '<<CHROOT>>'

+------------------------------------------------------------------------------+
| Chroot Setup Commands                                                        |
+------------------------------------------------------------------------------+


/tmp/clang60
------------

+ echo 'Entering customization script...'
Entering customization script...
+ CLANG_VERSION=6.0
+ echo 'Install of clang-6.0'
Install of clang-6.0
+ apt-get update
Get:1 http://127.0.0.1:9999/debian unstable InRelease [242 kB]
Get:2 http://127.0.0.1:9999/debian unstable/main Sources.diff/Index [27.9 kB]
Get:3 http://127.0.0.1:9999/debian unstable/main amd64 Packages.diff/Index [27.9 kB]
Get:4 http://127.0.0.1:9999/debian unstable/main Sources 2018-05-02-0830.09.pdiff [16.2 kB]
Get:4 http://127.0.0.1:9999/debian unstable/main Sources 2018-05-02-0830.09.pdiff [16.2 kB]
Get:5 http://127.0.0.1:9999/debian unstable/main amd64 Packages 2018-05-02-0830.09.pdiff [1781 B]
Get:5 http://127.0.0.1:9999/debian unstable/main amd64 Packages 2018-05-02-0830.09.pdiff [1781 B]
Get:6 http://127.0.0.1:9999/debian unstable/main Translation-en [6016 kB]
Fetched 6332 kB in 2s (3420 kB/s)
Reading package lists...
+ apt-get install --yes --no-install-recommends --force-yes clang-6.0
Reading package lists...
Building dependency tree...
Reading state information...
The following additional packages will be installed:
  lib32gcc1 lib32stdc++6 libbsd0 libc6-i386 libclang-common-6.0-dev
  libclang1-6.0 libedit2 libjsoncpp1 libllvm6.0 libncurses5 libobjc-7-dev
  libobjc4
Suggested packages:
  gnustep gnustep-devel clang-6.0-doc
Recommended packages:
  llvm-6.0-dev python libomp-dev libgpm2
The following NEW packages will be installed:
  clang-6.0 lib32gcc1 lib32stdc++6 libbsd0 libc6-i386 libclang-common-6.0-dev
  libclang1-6.0 libedit2 libjsoncpp1 libllvm6.0 libncurses5 libobjc-7-dev
  libobjc4
0 upgraded, 13 newly installed, 0 to remove and 0 not upgraded.
Need to get 37.7 MB of archives.
After this operation, 187 MB of additional disk space will be used.
Get:1 http://127.0.0.1:9999/debian unstable/main amd64 libjsoncpp1 amd64 1.7.4-3 [75.6 kB]
Get:2 http://127.0.0.1:9999/debian unstable/main amd64 libbsd0 amd64 0.8.7-1 [92.1 kB]
Get:3 http://127.0.0.1:9999/debian unstable/main amd64 libncurses5 amd64 6.1+20180210-2 [95.7 kB]
Get:4 http://127.0.0.1:9999/debian unstable/main amd64 libedit2 amd64 3.1-20170329-1 [85.2 kB]
Get:5 http://127.0.0.1:9999/debian unstable/main amd64 libllvm6.0 amd64 1:6.0-3 [14.5 MB]
Get:6 http://127.0.0.1:9999/debian unstable/main amd64 libobjc4 amd64 8-20180425-1 [52.4 kB]
Get:7 http://127.0.0.1:9999/debian unstable/main amd64 libobjc-7-dev amd64 7.3.0-17 [204 kB]
Get:8 http://127.0.0.1:9999/debian unstable/main amd64 libc6-i386 amd64 2.27-3 [2855 kB]
Get:9 http://127.0.0.1:9999/debian unstable/main amd64 lib32gcc1 amd64 1:8-20180425-1 [47.8 kB]
Get:10 http://127.0.0.1:9999/debian unstable/main amd64 lib32stdc++6 amd64 8-20180425-1 [406 kB]
Get:11 http://127.0.0.1:9999/debian unstable/main amd64 libclang-common-6.0-dev amd64 1:6.0-3 [3102 kB]
Get:12 http://127.0.0.1:9999/debian unstable/main amd64 libclang1-6.0 amd64 1:6.0-3 [6995 kB]
Get:13 http://127.0.0.1:9999/debian unstable/main amd64 clang-6.0 amd64 1:6.0-3 [9175 kB]
debconf: delaying package configuration, since apt-utils is not installed
Fetched 37.7 MB in 0s (95.9 MB/s)
Selecting previously unselected package libjsoncpp1:amd64.
(Reading database ... (Reading database ... 5%(Reading database ... 10%(Reading database ... 15%(Reading database ... 20%(Reading database ... 25%(Reading database ... 30%(Reading database ... 35%(Reading database ... 40%(Reading database ... 45%(Reading database ... 50%(Reading database ... 55%(Reading database ... 60%(Reading database ... 65%(Reading database ... 70%(Reading database ... 75%(Reading database ... 80%(Reading database ... 85%(Reading database ... 90%(Reading database ... 95%(Reading database ... 100%(Reading database ... 10022 files and directories currently installed.)
Preparing to unpack .../00-libjsoncpp1_1.7.4-3_amd64.deb ...
Unpacking libjsoncpp1:amd64 (1.7.4-3) ...
Selecting previously unselected package libbsd0:amd64.
Preparing to unpack .../01-libbsd0_0.8.7-1_amd64.deb ...
Unpacking libbsd0:amd64 (0.8.7-1) ...
Selecting previously unselected package libncurses5:amd64.
Preparing to unpack .../02-libncurses5_6.1+20180210-2_amd64.deb ...
Unpacking libncurses5:amd64 (6.1+20180210-2) ...
Selecting previously unselected package libedit2:amd64.
Preparing to unpack .../03-libedit2_3.1-20170329-1_amd64.deb ...
Unpacking libedit2:amd64 (3.1-20170329-1) ...
Selecting previously unselected package libllvm6.0:amd64.
Preparing to unpack .../04-libllvm6.0_1%3a6.0-3_amd64.deb ...
Unpacking libllvm6.0:amd64 (1:6.0-3) ...
Selecting previously unselected package libobjc4:amd64.
Preparing to unpack .../05-libobjc4_8-20180425-1_amd64.deb ...
Unpacking libobjc4:amd64 (8-20180425-1) ...
Selecting previously unselected package libobjc-7-dev:amd64.
Preparing to unpack .../06-libobjc-7-dev_7.3.0-17_amd64.deb ...
Unpacking libobjc-7-dev:amd64 (7.3.0-17) ...
Selecting previously unselected package libc6-i386.
Preparing to unpack .../07-libc6-i386_2.27-3_amd64.deb ...
Unpacking libc6-i386 (2.27-3) ...
Selecting previously unselected package lib32gcc1.
Preparing to unpack .../08-lib32gcc1_1%3a8-20180425-1_amd64.deb ...
Unpacking lib32gcc1 (1:8-20180425-1) ...
Selecting previously unselected package lib32stdc++6.
Preparing to unpack .../09-lib32stdc++6_8-20180425-1_amd64.deb ...
Unpacking lib32stdc++6 (8-20180425-1) ...
Selecting previously unselected package libclang-common-6.0-dev.
Preparing to unpack .../10-libclang-common-6.0-dev_1%3a6.0-3_amd64.deb ...
Unpacking libclang-common-6.0-dev (1:6.0-3) ...
Selecting previously unselected package libclang1-6.0:amd64.
Preparing to unpack .../11-libclang1-6.0_1%3a6.0-3_amd64.deb ...
Unpacking libclang1-6.0:amd64 (1:6.0-3) ...
Selecting previously unselected package clang-6.0.
Preparing to unpack .../12-clang-6.0_1%3a6.0-3_amd64.deb ...
Unpacking clang-6.0 (1:6.0-3) ...
Setting up libncurses5:amd64 (6.1+20180210-2) ...
Setting up libobjc4:amd64 (8-20180425-1) ...
Setting up libc6-i386 (2.27-3) ...
Setting up libbsd0:amd64 (0.8.7-1) ...
Setting up libobjc-7-dev:amd64 (7.3.0-17) ...
Processing triggers for libc-bin (2.27-3) ...
Setting up lib32gcc1 (1:8-20180425-1) ...
Setting up libjsoncpp1:amd64 (1.7.4-3) ...
Setting up libedit2:amd64 (3.1-20170329-1) ...
Setting up libllvm6.0:amd64 (1:6.0-3) ...
Setting up libclang1-6.0:amd64 (1:6.0-3) ...
Setting up lib32stdc++6 (8-20180425-1) ...
Setting up libclang-common-6.0-dev (1:6.0-3) ...
Setting up clang-6.0 (1:6.0-3) ...
Processing triggers for libc-bin (2.27-3) ...
W: --force-yes is deprecated, use one of the options starting with --allow instead.
+ echo 'Replace gcc, g++ & cpp by clang'
Replace gcc, g++ & cpp by clang
+ VERSIONS='4.6 4.7 4.8 4.9 5 6 7 8'
+ cd /usr/bin
+ for VERSION in $VERSIONS
+ rm -f g++-4.6 gcc-4.6 cpp-4.6 gcc
+ ln -s clang++-6.0 g++-4.6
+ ln -s clang-6.0 gcc-4.6
+ ln -s clang-6.0 cpp-4.6
+ ln -s clang-6.0 gcc
+ echo 'gcc-4.6 hold'
+ dpkg --set-selections
dpkg: warning: package not in status nor available database at line 1: gcc-4.6
dpkg: warning: found unknown packages; this might mean the available database
is outdated, and needs to be updated through a frontend method;
please see the FAQ <https://wiki.debian.org/Teams/Dpkg/FAQ>
+ echo 'g++-4.6 hold'
+ dpkg --set-selections
dpkg: warning: package not in status nor available database at line 1: g++-4.6
dpkg: warning: found unknown packages; this might mean the available database
is outdated, and needs to be updated through a frontend method;
please see the FAQ <https://wiki.debian.org/Teams/Dpkg/FAQ>
+ for VERSION in $VERSIONS
+ rm -f g++-4.7 gcc-4.7 cpp-4.7 gcc
+ ln -s clang++-6.0 g++-4.7
+ ln -s clang-6.0 gcc-4.7
+ ln -s clang-6.0 cpp-4.7
+ ln -s clang-6.0 gcc
+ echo 'gcc-4.7 hold'
+ dpkg --set-selections
dpkg: warning: package not in status nor available database at line 1: gcc-4.7
dpkg: warning: found unknown packages; this might mean the available database
is outdated, and needs to be updated through a frontend method;
please see the FAQ <https://wiki.debian.org/Teams/Dpkg/FAQ>
+ echo 'g++-4.7 hold'
+ dpkg --set-selections
dpkg: warning: package not in status nor available database at line 1: g++-4.7
dpkg: warning: found unknown packages; this might mean the available database
is outdated, and needs to be updated through a frontend method;
please see the FAQ <https://wiki.debian.org/Teams/Dpkg/FAQ>
+ for VERSION in $VERSIONS
+ rm -f g++-4.8 gcc-4.8 cpp-4.8 gcc
+ ln -s clang++-6.0 g++-4.8
+ ln -s clang-6.0 gcc-4.8
+ ln -s clang-6.0 cpp-4.8
+ ln -s clang-6.0 gcc
+ echo 'gcc-4.8 hold'
+ dpkg --set-selections
dpkg: warning: package not in status nor available database at line 1: gcc-4.8
dpkg: warning: found unknown packages; this might mean the available database
is outdated, and needs to be updated through a frontend method;
please see the FAQ <https://wiki.debian.org/Teams/Dpkg/FAQ>
+ echo 'g++-4.8 hold'
+ dpkg --set-selections
dpkg: warning: package not in status nor available database at line 1: g++-4.8
dpkg: warning: found unknown packages; this might mean the available database
is outdated, and needs to be updated through a frontend method;
please see the FAQ <https://wiki.debian.org/Teams/Dpkg/FAQ>
+ for VERSION in $VERSIONS
+ rm -f g++-4.9 gcc-4.9 cpp-4.9 gcc
+ ln -s clang++-6.0 g++-4.9
+ ln -s clang-6.0 gcc-4.9
+ ln -s clang-6.0 cpp-4.9
+ ln -s clang-6.0 gcc
+ echo 'gcc-4.9 hold'
+ dpkg --set-selections
dpkg: warning: package not in status nor available database at line 1: gcc-4.9
dpkg: warning: found unknown packages; this might mean the available database
is outdated, and needs to be updated through a frontend method;
please see the FAQ <https://wiki.debian.org/Teams/Dpkg/FAQ>
+ echo 'g++-4.9 hold'
+ dpkg --set-selections
dpkg: warning: package not in status nor available database at line 1: g++-4.9
dpkg: warning: found unknown packages; this might mean the available database
is outdated, and needs to be updated through a frontend method;
please see the FAQ <https://wiki.debian.org/Teams/Dpkg/FAQ>
+ for VERSION in $VERSIONS
+ rm -f g++-5 gcc-5 cpp-5 gcc
+ ln -s clang++-6.0 g++-5
+ ln -s clang-6.0 gcc-5
+ ln -s clang-6.0 cpp-5
+ ln -s clang-6.0 gcc
+ echo 'gcc-5 hold'
+ dpkg --set-selections
+ echo 'g++-5 hold'
+ dpkg --set-selections
+ for VERSION in $VERSIONS
+ rm -f g++-6 gcc-6 cpp-6 gcc
+ ln -s clang++-6.0 g++-6
+ ln -s clang-6.0 gcc-6
+ ln -s clang-6.0 cpp-6
+ ln -s clang-6.0 gcc
+ echo 'gcc-6 hold'
+ dpkg --set-selections
dpkg: warning: package not in status nor available database at line 1: gcc-6
dpkg: warning: found unknown packages; this might mean the available database
is outdated, and needs to be updated through a frontend method;
please see the FAQ <https://wiki.debian.org/Teams/Dpkg/FAQ>
+ echo 'g++-6 hold'
+ dpkg --set-selections
dpkg: warning: package not in status nor available database at line 1: g++-6
dpkg: warning: found unknown packages; this might mean the available database
is outdated, and needs to be updated through a frontend method;
please see the FAQ <https://wiki.debian.org/Teams/Dpkg/FAQ>
+ for VERSION in $VERSIONS
+ rm -f g++-7 gcc-7 cpp-7 gcc
+ ln -s clang++-6.0 g++-7
+ ln -s clang-6.0 gcc-7
+ ln -s clang-6.0 cpp-7
+ ln -s clang-6.0 gcc
+ echo 'gcc-7 hold'
+ dpkg --set-selections
+ echo 'g++-7 hold'
+ dpkg --set-selections
+ for VERSION in $VERSIONS
+ rm -f g++-8 gcc-8 cpp-8 gcc
+ ln -s clang++-6.0 g++-8
+ ln -s clang-6.0 gcc-8
+ ln -s clang-6.0 cpp-8
+ ln -s clang-6.0 gcc
+ echo 'gcc-8 hold'
+ dpkg --set-selections
dpkg: warning: package not in status nor available database at line 1: gcc-8
dpkg: warning: found unknown packages; this might mean the available database
is outdated, and needs to be updated through a frontend method;
please see the FAQ <https://wiki.debian.org/Teams/Dpkg/FAQ>
+ echo 'g++-8 hold'
+ dpkg --set-selections
dpkg: warning: package not in status nor available database at line 1: g++-8
dpkg: warning: found unknown packages; this might mean the available database
is outdated, and needs to be updated through a frontend method;
please see the FAQ <https://wiki.debian.org/Teams/Dpkg/FAQ>
+ cd -
/build/gringo-zFKKWh
+ echo 'Check if gcc, g++ & cpp are actually clang'
Check if gcc, g++ & cpp are actually clang
+ gcc --version
+ grep clang
+ cpp --version
+ grep clang
+ g++ --version
+ grep clang

I: Finished running '/tmp/clang60'.

Finished processing commands.
--------------------------------------------------------------------------------

+------------------------------------------------------------------------------+
| Update chroot                                                                |
+------------------------------------------------------------------------------+

Hit:1 http://127.0.0.1:9999/debian unstable InRelease
Reading package lists...
Reading package lists...
Building dependency tree...
Reading state information...
Calculating upgrade...
0 upgraded, 0 newly installed, 0 to remove and 0 not upgraded.

+------------------------------------------------------------------------------+
| Fetch source files                                                           |
+------------------------------------------------------------------------------+


Check APT
---------

Checking available source versions...

Download source files with APT
------------------------------

Reading package lists...
NOTICE: 'gringo' packaging is maintained in the 'Git' version control system at:
https://salsa.debian.org/science-team/gringo.git
Please use:
git clone https://salsa.debian.org/science-team/gringo.git
to retrieve the latest (possibly unreleased) updates to the package.
Need to get 2659 kB of source archives.
Get:1 http://127.0.0.1:9999/debian unstable/main gringo 5.2.2-5 (dsc) [2068 B]
Get:2 http://127.0.0.1:9999/debian unstable/main gringo 5.2.2-5 (tar) [2643 kB]
Get:3 http://127.0.0.1:9999/debian unstable/main gringo 5.2.2-5 (diff) [13.9 kB]
Fetched 2659 kB in 0s (17.9 MB/s)
Download complete and in download only mode
I: NOTICE: Log filtering will replace 'build/gringo-zFKKWh/gringo-5.2.2' with '<<PKGBUILDDIR>>'
I: NOTICE: Log filtering will replace 'build/gringo-zFKKWh' with '<<BUILDDIR>>'

+------------------------------------------------------------------------------+
| Install build-essential                                                      |
+------------------------------------------------------------------------------+


Setup apt archive
-----------------

Merged Build-Depends: build-essential, fakeroot
Filtered Build-Depends: build-essential, fakeroot
dpkg-deb: building package 'sbuild-build-depends-core-dummy' in '/<<BUILDDIR>>/resolver-7pZbu7/apt_archive/sbuild-build-depends-core-dummy.deb'.
dpkg-scanpackages: warning: Packages in archive but missing from override file:
dpkg-scanpackages: warning:   sbuild-build-depends-core-dummy
dpkg-scanpackages: info: Wrote 1 entries to output Packages file.
Ign:1 copy:/<<BUILDDIR>>/resolver-7pZbu7/apt_archive ./ InRelease
Get:2 copy:/<<BUILDDIR>>/resolver-7pZbu7/apt_archive ./ Release [957 B]
Ign:3 copy:/<<BUILDDIR>>/resolver-7pZbu7/apt_archive ./ Release.gpg
Get:4 copy:/<<BUILDDIR>>/resolver-7pZbu7/apt_archive ./ Sources [349 B]
Get:5 copy:/<<BUILDDIR>>/resolver-7pZbu7/apt_archive ./ Packages [434 B]
Fetched 1740 B in 0s (0 B/s)
Reading package lists...
Reading package lists...

Install core build dependencies (apt-based resolver)
----------------------------------------------------

Installing build dependencies
Reading package lists...
Building dependency tree...
Reading state information...
The following NEW packages will be installed:
  sbuild-build-depends-core-dummy
0 upgraded, 1 newly installed, 0 to remove and 0 not upgraded.
Need to get 856 B of archives.
After this operation, 0 B of additional disk space will be used.
Get:1 copy:/<<BUILDDIR>>/resolver-7pZbu7/apt_archive ./ sbuild-build-depends-core-dummy 0.invalid.0 [856 B]
debconf: delaying package configuration, since apt-utils is not installed
Fetched 856 B in 0s (0 B/s)
Selecting previously unselected package sbuild-build-depends-core-dummy.
(Reading database ... 10771 files and directories currently installed.)
Preparing to unpack .../sbuild-build-depends-core-dummy_0.invalid.0_amd64.deb ...
Unpacking sbuild-build-depends-core-dummy (0.invalid.0) ...
Setting up sbuild-build-depends-core-dummy (0.invalid.0) ...

+------------------------------------------------------------------------------+
| Check architectures                                                          |
+------------------------------------------------------------------------------+

Arch check ok (amd64 included in any)

+------------------------------------------------------------------------------+
| Install package build dependencies                                           |
+------------------------------------------------------------------------------+


Setup apt archive
-----------------

Merged Build-Depends: debhelper (>= 11), dpkg-dev (>= 1.16.1~), pkg-kde-tools, g++-7 (>= 7.2.0), cmake (>= 3.1.0), re2c, bison, liblua5.3-dev, python3, libpython3-dev
Filtered Build-Depends: debhelper (>= 11), dpkg-dev (>= 1.16.1~), pkg-kde-tools, g++-7 (>= 7.2.0), cmake (>= 3.1.0), re2c, bison, liblua5.3-dev, python3, libpython3-dev
dpkg-deb: building package 'sbuild-build-depends-gringo-dummy' in '/<<BUILDDIR>>/resolver-7pZbu7/apt_archive/sbuild-build-depends-gringo-dummy.deb'.
dpkg-scanpackages: warning: Packages in archive but missing from override file:
dpkg-scanpackages: warning:   sbuild-build-depends-core-dummy sbuild-build-depends-gringo-dummy
dpkg-scanpackages: info: Wrote 2 entries to output Packages file.
Ign:1 copy:/<<BUILDDIR>>/resolver-7pZbu7/apt_archive ./ InRelease
Get:2 copy:/<<BUILDDIR>>/resolver-7pZbu7/apt_archive ./ Release [963 B]
Ign:3 copy:/<<BUILDDIR>>/resolver-7pZbu7/apt_archive ./ Release.gpg
Get:4 copy:/<<BUILDDIR>>/resolver-7pZbu7/apt_archive ./ Sources [558 B]
Get:5 copy:/<<BUILDDIR>>/resolver-7pZbu7/apt_archive ./ Packages [641 B]
Fetched 2162 B in 0s (0 B/s)
Reading package lists...
Reading package lists...

Install gringo build dependencies (apt-based resolver)
------------------------------------------------------

Installing build dependencies
Reading package lists...
Building dependency tree...
Reading state information...
The following additional packages will be installed:
  autoconf automake autopoint autotools-dev bison bsdmainutils cmake
  cmake-data debhelper dh-autoreconf dh-strip-nondeterminism file gettext
  gettext-base groff-base intltool-debian libarchive-zip-perl libarchive13
  libbison-dev libcroco3 libcurl3 libexpat1 libexpat1-dev
  libfile-stripnondeterminism-perl libglib2.0-0 libgssapi-krb5-2 libicu57
  libk5crypto3 libkeyutils1 libkrb5-3 libkrb5support0 libldap-2.4-2
  libldap-common liblua5.3-0 liblua5.3-dev liblzo2-2 libmagic-mgc libmagic1
  libmpdec2 libncurses-dev libncurses6 libncursesw6 libnghttp2-14 libpipeline1
  libprocps6 libpsl5 libpython3-dev libpython3-stdlib libpython3.6
  libpython3.6-dev libpython3.6-minimal libpython3.6-stdlib libreadline-dev
  libreadline7 librhash0 librtmp1 libsasl2-2 libsasl2-modules-db libsigsegv2
  libsqlite3-0 libssh2-1 libssl1.0.2 libssl1.1 libtimedate-perl libtinfo-dev
  libtool libuv1 libxml2 lsb-base m4 man-db mime-support pkg-kde-tools
  po-debconf procps python3 python3-minimal python3.6 python3.6-minimal re2c
  readline-common
Suggested packages:
  autoconf-archive gnu-standards autoconf-doc bison-doc wamerican | wordlist
  whois vacation cmake-doc ninja-build dh-make dwz gettext-doc libasprintf-dev
  libgettextpo-dev groff lrzip krb5-doc krb5-user readline-doc libtool-doc
  gfortran | fortran95-compiler gcj-jdk m4-doc apparmor less www-browser cdbs
  libmail-box-perl python3-doc python3-tk python3-venv python3.6-venv
  python3.6-doc binfmt-support
Recommended packages:
  curl | wget | lynx ca-certificates libarchive-cpio-perl libglib2.0-data
  shared-mime-info xdg-user-dirs krb5-locales pkg-config libtool-bin libgpm2
  publicsuffix libsasl2-modules libltdl-dev libwww-perl libmail-sendmail-perl
  psmisc
The following NEW packages will be installed:
  autoconf automake autopoint autotools-dev bison bsdmainutils cmake
  cmake-data debhelper dh-autoreconf dh-strip-nondeterminism file gettext
  gettext-base groff-base intltool-debian libarchive-zip-perl libarchive13
  libbison-dev libcroco3 libcurl3 libexpat1 libexpat1-dev
  libfile-stripnondeterminism-perl libglib2.0-0 libgssapi-krb5-2 libicu57
  libk5crypto3 libkeyutils1 libkrb5-3 libkrb5support0 libldap-2.4-2
  libldap-common liblua5.3-0 liblua5.3-dev liblzo2-2 libmagic-mgc libmagic1
  libmpdec2 libncurses-dev libncurses6 libncursesw6 libnghttp2-14 libpipeline1
  libprocps6 libpsl5 libpython3-dev libpython3-stdlib libpython3.6
  libpython3.6-dev libpython3.6-minimal libpython3.6-stdlib libreadline-dev
  libreadline7 librhash0 librtmp1 libsasl2-2 libsasl2-modules-db libsigsegv2
  libsqlite3-0 libssh2-1 libssl1.0.2 libssl1.1 libtimedate-perl libtinfo-dev
  libtool libuv1 libxml2 lsb-base m4 man-db mime-support pkg-kde-tools
  po-debconf procps python3 python3-minimal python3.6 python3.6-minimal re2c
  readline-common sbuild-build-depends-gringo-dummy
0 upgraded, 82 newly installed, 0 to remove and 0 not upgraded.
Need to get 78.9 MB of archives.
After this operation, 202 MB of additional disk space will be used.
Get:1 copy:/<<BUILDDIR>>/resolver-7pZbu7/apt_archive ./ sbuild-build-depends-gringo-dummy 0.invalid.0 [928 B]
Get:2 http://127.0.0.1:9999/debian unstable/main amd64 bsdmainutils amd64 11.1.2 [190 kB]
Get:3 http://127.0.0.1:9999/debian unstable/main amd64 groff-base amd64 1.22.3-10 [1176 kB]
Get:4 http://127.0.0.1:9999/debian unstable/main amd64 libpipeline1 amd64 1.5.0-1 [29.0 kB]
Get:5 http://127.0.0.1:9999/debian unstable/main amd64 man-db amd64 2.8.3-2 [1180 kB]
Get:6 http://127.0.0.1:9999/debian unstable/main amd64 libssl1.1 amd64 1.1.0h-2 [1352 kB]
Get:7 http://127.0.0.1:9999/debian unstable/main amd64 libpython3.6-minimal amd64 3.6.5-5 [572 kB]
Get:8 http://127.0.0.1:9999/debian unstable/main amd64 libexpat1 amd64 2.2.5-3 [96.8 kB]
Get:9 http://127.0.0.1:9999/debian unstable/main amd64 python3.6-minimal amd64 3.6.5-5 [1728 kB]
Get:10 http://127.0.0.1:9999/debian unstable/main amd64 python3-minimal amd64 3.6.5-3 [36.2 kB]
Get:11 http://127.0.0.1:9999/debian unstable/main amd64 mime-support all 3.60 [36.7 kB]
Get:12 http://127.0.0.1:9999/debian unstable/main amd64 libmpdec2 amd64 2.4.2-2 [87.2 kB]
Get:13 http://127.0.0.1:9999/debian unstable/main amd64 libncursesw6 amd64 6.1+20180210-2 [131 kB]
Get:14 http://127.0.0.1:9999/debian unstable/main amd64 readline-common all 7.0-3 [70.4 kB]
Get:15 http://127.0.0.1:9999/debian unstable/main amd64 libreadline7 amd64 7.0-3+b1 [151 kB]
Get:16 http://127.0.0.1:9999/debian unstable/main amd64 libsqlite3-0 amd64 3.23.1-1 [603 kB]
Get:17 http://127.0.0.1:9999/debian unstable/main amd64 libpython3.6-stdlib amd64 3.6.5-5 [1730 kB]
Get:18 http://127.0.0.1:9999/debian unstable/main amd64 python3.6 amd64 3.6.5-5 [229 kB]
Get:19 http://127.0.0.1:9999/debian unstable/main amd64 libpython3-stdlib amd64 3.6.5-3 [19.7 kB]
Get:20 http://127.0.0.1:9999/debian unstable/main amd64 python3 amd64 3.6.5-3 [24.1 kB]
Get:21 http://127.0.0.1:9999/debian unstable/main amd64 libprocps6 amd64 2:3.3.14-1 [60.4 kB]
Get:22 http://127.0.0.1:9999/debian unstable/main amd64 lsb-base all 9.20170808 [28.1 kB]
Get:23 http://127.0.0.1:9999/debian unstable/main amd64 procps amd64 2:3.3.14-1 [257 kB]
Get:24 http://127.0.0.1:9999/debian unstable/main amd64 libmagic-mgc amd64 1:5.33-2 [234 kB]
Get:25 http://127.0.0.1:9999/debian unstable/main amd64 libmagic1 amd64 1:5.33-2 [113 kB]
Get:26 http://127.0.0.1:9999/debian unstable/main amd64 file amd64 1:5.33-2 [65.6 kB]
Get:27 http://127.0.0.1:9999/debian unstable/main amd64 gettext-base amd64 0.19.8.1-6 [122 kB]
Get:28 http://127.0.0.1:9999/debian unstable/main amd64 libsigsegv2 amd64 2.12-2 [32.8 kB]
Get:29 http://127.0.0.1:9999/debian unstable/main amd64 m4 amd64 1.4.18-1 [202 kB]
Get:30 http://127.0.0.1:9999/debian unstable/main amd64 autoconf all 2.69-11 [341 kB]
Get:31 http://127.0.0.1:9999/debian unstable/main amd64 autotools-dev all 20180224.1 [77.0 kB]
Get:32 http://127.0.0.1:9999/debian unstable/main amd64 automake all 1:1.15.1-3.1 [736 kB]
Get:33 http://127.0.0.1:9999/debian unstable/main amd64 autopoint all 0.19.8.1-6 [434 kB]
Get:34 http://127.0.0.1:9999/debian unstable/main amd64 libbison-dev amd64 2:3.0.4.dfsg-1+b1 [433 kB]
Get:35 http://127.0.0.1:9999/debian unstable/main amd64 bison amd64 2:3.0.4.dfsg-1+b1 [786 kB]
Get:36 http://127.0.0.1:9999/debian unstable/main amd64 cmake-data all 3.11.1-1 [1386 kB]
Get:37 http://127.0.0.1:9999/debian unstable/main amd64 liblzo2-2 amd64 2.08-1.2+b2 [55.0 kB]
Get:38 http://127.0.0.1:9999/debian unstable/main amd64 libicu57 amd64 57.1-9 [7698 kB]
Get:39 http://127.0.0.1:9999/debian unstable/main amd64 libxml2 amd64 2.9.4+dfsg1-6.1 [725 kB]
Get:40 http://127.0.0.1:9999/debian unstable/main amd64 libarchive13 amd64 3.2.2-3.1 [296 kB]
Get:41 http://127.0.0.1:9999/debian unstable/main amd64 libkeyutils1 amd64 1.5.9-9.2 [12.9 kB]
Get:42 http://127.0.0.1:9999/debian unstable/main amd64 libkrb5support0 amd64 1.16-2 [62.8 kB]
Get:43 http://127.0.0.1:9999/debian unstable/main amd64 libk5crypto3 amd64 1.16-2 [121 kB]
Get:44 http://127.0.0.1:9999/debian unstable/main amd64 libkrb5-3 amd64 1.16-2 [316 kB]
Get:45 http://127.0.0.1:9999/debian unstable/main amd64 libgssapi-krb5-2 amd64 1.16-2 [158 kB]
Get:46 http://127.0.0.1:9999/debian unstable/main amd64 libsasl2-modules-db amd64 2.1.27~101-g0780600+dfsg-3.1 [68.6 kB]
Get:47 http://127.0.0.1:9999/debian unstable/main amd64 libsasl2-2 amd64 2.1.27~101-g0780600+dfsg-3.1 [105 kB]
Get:48 http://127.0.0.1:9999/debian unstable/main amd64 libldap-common all 2.4.45+dfsg-1 [87.0 kB]
Get:49 http://127.0.0.1:9999/debian unstable/main amd64 libldap-2.4-2 amd64 2.4.45+dfsg-1 [223 kB]
Get:50 http://127.0.0.1:9999/debian unstable/main amd64 libnghttp2-14 amd64 1.31.1-1 [80.7 kB]
Get:51 http://127.0.0.1:9999/debian unstable/main amd64 libpsl5 amd64 0.20.1-1 [52.6 kB]
Get:52 http://127.0.0.1:9999/debian unstable/main amd64 librtmp1 amd64 2.4+20151223.gitfa8646d.1-1+b1 [60.4 kB]
Get:53 http://127.0.0.1:9999/debian unstable/main amd64 libssh2-1 amd64 1.8.0-1 [138 kB]
Get:54 http://127.0.0.1:9999/debian unstable/main amd64 libssl1.0.2 amd64 1.0.2o-1 [1296 kB]
Get:55 http://127.0.0.1:9999/debian unstable/main amd64 libcurl3 amd64 7.58.0-2 [312 kB]
Get:56 http://127.0.0.1:9999/debian unstable/main amd64 librhash0 amd64 1.3.6-2 [87.1 kB]
Get:57 http://127.0.0.1:9999/debian unstable/main amd64 libuv1 amd64 1.18.0-3 [98.5 kB]
Get:58 http://127.0.0.1:9999/debian unstable/main amd64 cmake amd64 3.11.1-1 [3190 kB]
Get:59 http://127.0.0.1:9999/debian unstable/main amd64 libtool all 2.4.6-2.1 [547 kB]
Get:60 http://127.0.0.1:9999/debian unstable/main amd64 dh-autoreconf all 17 [16.5 kB]
Get:61 http://127.0.0.1:9999/debian unstable/main amd64 libarchive-zip-perl all 1.60-1 [95.6 kB]
Get:62 http://127.0.0.1:9999/debian unstable/main amd64 libfile-stripnondeterminism-perl all 0.041-1 [19.9 kB]
Get:63 http://127.0.0.1:9999/debian unstable/main amd64 libtimedate-perl all 2.3000-2 [42.2 kB]
Get:64 http://127.0.0.1:9999/debian unstable/main amd64 dh-strip-nondeterminism all 0.041-1 [12.0 kB]
Get:65 http://127.0.0.1:9999/debian unstable/main amd64 libglib2.0-0 amd64 2.56.1-2 [2928 kB]
Get:66 http://127.0.0.1:9999/debian unstable/main amd64 libcroco3 amd64 0.6.12-2 [144 kB]
Get:67 http://127.0.0.1:9999/debian unstable/main amd64 gettext amd64 0.19.8.1-6 [1302 kB]
Get:68 http://127.0.0.1:9999/debian unstable/main amd64 intltool-debian all 0.35.0+20060710.4 [26.3 kB]
Get:69 http://127.0.0.1:9999/debian unstable/main amd64 po-debconf all 1.0.20 [247 kB]
Get:70 http://127.0.0.1:9999/debian unstable/main amd64 debhelper all 11.2.1 [1013 kB]
Get:71 http://127.0.0.1:9999/debian unstable/main amd64 libexpat1-dev amd64 2.2.5-3 [140 kB]
Get:72 http://127.0.0.1:9999/debian unstable/main amd64 liblua5.3-0 amd64 5.3.3-1 [121 kB]
Get:73 http://127.0.0.1:9999/debian unstable/main amd64 libncurses6 amd64 6.1+20180210-2 [101 kB]
Get:74 http://127.0.0.1:9999/debian unstable/main amd64 libncurses-dev amd64 6.1+20180210-2 [334 kB]
Get:75 http://127.0.0.1:9999/debian unstable/main amd64 libtinfo-dev amd64 6.1+20180210-2 [912 B]
Get:76 http://127.0.0.1:9999/debian unstable/main amd64 libreadline-dev amd64 7.0-3+b1 [133 kB]
Get:77 http://127.0.0.1:9999/debian unstable/main amd64 liblua5.3-dev amd64 5.3.3-1 [150 kB]
Get:78 http://127.0.0.1:9999/debian unstable/main amd64 libpython3.6 amd64 3.6.5-5 [1441 kB]
Get:79 http://127.0.0.1:9999/debian unstable/main amd64 libpython3.6-dev amd64 3.6.5-5 [39.7 MB]
Get:80 http://127.0.0.1:9999/debian unstable/main amd64 libpython3-dev amd64 3.6.5-3 [19.7 kB]
Get:81 http://127.0.0.1:9999/debian unstable/main amd64 pkg-kde-tools all 0.15.28 [96.1 kB]
Get:82 http://127.0.0.1:9999/debian unstable/main amd64 re2c amd64 1.0.1-1 [280 kB]
debconf: delaying package configuration, since apt-utils is not installed
Fetched 78.9 MB in 1s (73.4 MB/s)
Selecting previously unselected package bsdmainutils.
(Reading database ... 10771 files and directories currently installed.)
Preparing to unpack .../00-bsdmainutils_11.1.2_amd64.deb ...
Unpacking bsdmainutils (11.1.2) ...
Selecting previously unselected package groff-base.
Preparing to unpack .../01-groff-base_1.22.3-10_amd64.deb ...
Unpacking groff-base (1.22.3-10) ...
Selecting previously unselected package libpipeline1:amd64.
Preparing to unpack .../02-libpipeline1_1.5.0-1_amd64.deb ...
Unpacking libpipeline1:amd64 (1.5.0-1) ...
Selecting previously unselected package man-db.
Preparing to unpack .../03-man-db_2.8.3-2_amd64.deb ...
Unpacking man-db (2.8.3-2) ...
Selecting previously unselected package libssl1.1:amd64.
Preparing to unpack .../04-libssl1.1_1.1.0h-2_amd64.deb ...
Unpacking libssl1.1:amd64 (1.1.0h-2) ...
Selecting previously unselected package libpython3.6-minimal:amd64.
Preparing to unpack .../05-libpython3.6-minimal_3.6.5-5_amd64.deb ...
Unpacking libpython3.6-minimal:amd64 (3.6.5-5) ...
Selecting previously unselected package libexpat1:amd64.
Preparing to unpack .../06-libexpat1_2.2.5-3_amd64.deb ...
Unpacking libexpat1:amd64 (2.2.5-3) ...
Selecting previously unselected package python3.6-minimal.
Preparing to unpack .../07-python3.6-minimal_3.6.5-5_amd64.deb ...
Unpacking python3.6-minimal (3.6.5-5) ...
Selecting previously unselected package python3-minimal.
Preparing to unpack .../08-python3-minimal_3.6.5-3_amd64.deb ...
Unpacking python3-minimal (3.6.5-3) ...
Selecting previously unselected package mime-support.
Preparing to unpack .../09-mime-support_3.60_all.deb ...
Unpacking mime-support (3.60) ...
Selecting previously unselected package libmpdec2:amd64.
Preparing to unpack .../10-libmpdec2_2.4.2-2_amd64.deb ...
Unpacking libmpdec2:amd64 (2.4.2-2) ...
Selecting previously unselected package libncursesw6:amd64.
Preparing to unpack .../11-libncursesw6_6.1+20180210-2_amd64.deb ...
Unpacking libncursesw6:amd64 (6.1+20180210-2) ...
Selecting previously unselected package readline-common.
Preparing to unpack .../12-readline-common_7.0-3_all.deb ...
Unpacking readline-common (7.0-3) ...
Selecting previously unselected package libreadline7:amd64.
Preparing to unpack .../13-libreadline7_7.0-3+b1_amd64.deb ...
Unpacking libreadline7:amd64 (7.0-3+b1) ...
Selecting previously unselected package libsqlite3-0:amd64.
Preparing to unpack .../14-libsqlite3-0_3.23.1-1_amd64.deb ...
Unpacking libsqlite3-0:amd64 (3.23.1-1) ...
Selecting previously unselected package libpython3.6-stdlib:amd64.
Preparing to unpack .../15-libpython3.6-stdlib_3.6.5-5_amd64.deb ...
Unpacking libpython3.6-stdlib:amd64 (3.6.5-5) ...
Selecting previously unselected package python3.6.
Preparing to unpack .../16-python3.6_3.6.5-5_amd64.deb ...
Unpacking python3.6 (3.6.5-5) ...
Selecting previously unselected package libpython3-stdlib:amd64.
Preparing to unpack .../17-libpython3-stdlib_3.6.5-3_amd64.deb ...
Unpacking libpython3-stdlib:amd64 (3.6.5-3) ...
Setting up libssl1.1:amd64 (1.1.0h-2) ...
Setting up libpython3.6-minimal:amd64 (3.6.5-5) ...
Setting up libexpat1:amd64 (2.2.5-3) ...
Setting up python3.6-minimal (3.6.5-5) ...
Setting up python3-minimal (3.6.5-3) ...
Selecting previously unselected package python3.
(Reading database ... 12103 files and directories currently installed.)
Preparing to unpack .../00-python3_3.6.5-3_amd64.deb ...
Unpacking python3 (3.6.5-3) ...
Selecting previously unselected package libprocps6:amd64.
Preparing to unpack .../01-libprocps6_2%3a3.3.14-1_amd64.deb ...
Unpacking libprocps6:amd64 (2:3.3.14-1) ...
Selecting previously unselected package lsb-base.
Preparing to unpack .../02-lsb-base_9.20170808_all.deb ...
Unpacking lsb-base (9.20170808) ...
Selecting previously unselected package procps.
Preparing to unpack .../03-procps_2%3a3.3.14-1_amd64.deb ...
Unpacking procps (2:3.3.14-1) ...
Selecting previously unselected package libmagic-mgc.
Preparing to unpack .../04-libmagic-mgc_1%3a5.33-2_amd64.deb ...
Unpacking libmagic-mgc (1:5.33-2) ...
Selecting previously unselected package libmagic1:amd64.
Preparing to unpack .../05-libmagic1_1%3a5.33-2_amd64.deb ...
Unpacking libmagic1:amd64 (1:5.33-2) ...
Selecting previously unselected package file.
Preparing to unpack .../06-file_1%3a5.33-2_amd64.deb ...
Unpacking file (1:5.33-2) ...
Selecting previously unselected package gettext-base.
Preparing to unpack .../07-gettext-base_0.19.8.1-6_amd64.deb ...
Unpacking gettext-base (0.19.8.1-6) ...
Selecting previously unselected package libsigsegv2:amd64.
Preparing to unpack .../08-libsigsegv2_2.12-2_amd64.deb ...
Unpacking libsigsegv2:amd64 (2.12-2) ...
Selecting previously unselected package m4.
Preparing to unpack .../09-m4_1.4.18-1_amd64.deb ...
Unpacking m4 (1.4.18-1) ...
Selecting previously unselected package autoconf.
Preparing to unpack .../10-autoconf_2.69-11_all.deb ...
Unpacking autoconf (2.69-11) ...
Selecting previously unselected package autotools-dev.
Preparing to unpack .../11-autotools-dev_20180224.1_all.deb ...
Unpacking autotools-dev (20180224.1) ...
Selecting previously unselected package automake.
Preparing to unpack .../12-automake_1%3a1.15.1-3.1_all.deb ...
Unpacking automake (1:1.15.1-3.1) ...
Selecting previously unselected package autopoint.
Preparing to unpack .../13-autopoint_0.19.8.1-6_all.deb ...
Unpacking autopoint (0.19.8.1-6) ...
Selecting previously unselected package libbison-dev:amd64.
Preparing to unpack .../14-libbison-dev_2%3a3.0.4.dfsg-1+b1_amd64.deb ...
Unpacking libbison-dev:amd64 (2:3.0.4.dfsg-1+b1) ...
Selecting previously unselected package bison.
Preparing to unpack .../15-bison_2%3a3.0.4.dfsg-1+b1_amd64.deb ...
Unpacking bison (2:3.0.4.dfsg-1+b1) ...
Selecting previously unselected package cmake-data.
Preparing to unpack .../16-cmake-data_3.11.1-1_all.deb ...
Unpacking cmake-data (3.11.1-1) ...
Selecting previously unselected package liblzo2-2:amd64.
Preparing to unpack .../17-liblzo2-2_2.08-1.2+b2_amd64.deb ...
Unpacking liblzo2-2:amd64 (2.08-1.2+b2) ...
Selecting previously unselected package libicu57:amd64.
Preparing to unpack .../18-libicu57_57.1-9_amd64.deb ...
Unpacking libicu57:amd64 (57.1-9) ...
Selecting previously unselected package libxml2:amd64.
Preparing to unpack .../19-libxml2_2.9.4+dfsg1-6.1_amd64.deb ...
Unpacking libxml2:amd64 (2.9.4+dfsg1-6.1) ...
Selecting previously unselected package libarchive13:amd64.
Preparing to unpack .../20-libarchive13_3.2.2-3.1_amd64.deb ...
Unpacking libarchive13:amd64 (3.2.2-3.1) ...
Selecting previously unselected package libkeyutils1:amd64.
Preparing to unpack .../21-libkeyutils1_1.5.9-9.2_amd64.deb ...
Unpacking libkeyutils1:amd64 (1.5.9-9.2) ...
Selecting previously unselected package libkrb5support0:amd64.
Preparing to unpack .../22-libkrb5support0_1.16-2_amd64.deb ...
Unpacking libkrb5support0:amd64 (1.16-2) ...
Selecting previously unselected package libk5crypto3:amd64.
Preparing to unpack .../23-libk5crypto3_1.16-2_amd64.deb ...
Unpacking libk5crypto3:amd64 (1.16-2) ...
Selecting previously unselected package libkrb5-3:amd64.
Preparing to unpack .../24-libkrb5-3_1.16-2_amd64.deb ...
Unpacking libkrb5-3:amd64 (1.16-2) ...
Selecting previously unselected package libgssapi-krb5-2:amd64.
Preparing to unpack .../25-libgssapi-krb5-2_1.16-2_amd64.deb ...
Unpacking libgssapi-krb5-2:amd64 (1.16-2) ...
Selecting previously unselected package libsasl2-modules-db:amd64.
Preparing to unpack .../26-libsasl2-modules-db_2.1.27~101-g0780600+dfsg-3.1_amd64.deb ...
Unpacking libsasl2-modules-db:amd64 (2.1.27~101-g0780600+dfsg-3.1) ...
Selecting previously unselected package libsasl2-2:amd64.
Preparing to unpack .../27-libsasl2-2_2.1.27~101-g0780600+dfsg-3.1_amd64.deb ...
Unpacking libsasl2-2:amd64 (2.1.27~101-g0780600+dfsg-3.1) ...
Selecting previously unselected package libldap-common.
Preparing to unpack .../28-libldap-common_2.4.45+dfsg-1_all.deb ...
Unpacking libldap-common (2.4.45+dfsg-1) ...
Selecting previously unselected package libldap-2.4-2:amd64.
Preparing to unpack .../29-libldap-2.4-2_2.4.45+dfsg-1_amd64.deb ...
Unpacking libldap-2.4-2:amd64 (2.4.45+dfsg-1) ...
Selecting previously unselected package libnghttp2-14:amd64.
Preparing to unpack .../30-libnghttp2-14_1.31.1-1_amd64.deb ...
Unpacking libnghttp2-14:amd64 (1.31.1-1) ...
Selecting previously unselected package libpsl5:amd64.
Preparing to unpack .../31-libpsl5_0.20.1-1_amd64.deb ...
Unpacking libpsl5:amd64 (0.20.1-1) ...
Selecting previously unselected package librtmp1:amd64.
Preparing to unpack .../32-librtmp1_2.4+20151223.gitfa8646d.1-1+b1_amd64.deb ...
Unpacking librtmp1:amd64 (2.4+20151223.gitfa8646d.1-1+b1) ...
Selecting previously unselected package libssh2-1:amd64.
Preparing to unpack .../33-libssh2-1_1.8.0-1_amd64.deb ...
Unpacking libssh2-1:amd64 (1.8.0-1) ...
Selecting previously unselected package libssl1.0.2:amd64.
Preparing to unpack .../34-libssl1.0.2_1.0.2o-1_amd64.deb ...
Unpacking libssl1.0.2:amd64 (1.0.2o-1) ...
Selecting previously unselected package libcurl3:amd64.
Preparing to unpack .../35-libcurl3_7.58.0-2_amd64.deb ...
Unpacking libcurl3:amd64 (7.58.0-2) ...
Selecting previously unselected package librhash0:amd64.
Preparing to unpack .../36-librhash0_1.3.6-2_amd64.deb ...
Unpacking librhash0:amd64 (1.3.6-2) ...
Selecting previously unselected package libuv1:amd64.
Preparing to unpack .../37-libuv1_1.18.0-3_amd64.deb ...
Unpacking libuv1:amd64 (1.18.0-3) ...
Selecting previously unselected package cmake.
Preparing to unpack .../38-cmake_3.11.1-1_amd64.deb ...
Unpacking cmake (3.11.1-1) ...
Selecting previously unselected package libtool.
Preparing to unpack .../39-libtool_2.4.6-2.1_all.deb ...
Unpacking libtool (2.4.6-2.1) ...
Selecting previously unselected package dh-autoreconf.
Preparing to unpack .../40-dh-autoreconf_17_all.deb ...
Unpacking dh-autoreconf (17) ...
Selecting previously unselected package libarchive-zip-perl.
Preparing to unpack .../41-libarchive-zip-perl_1.60-1_all.deb ...
Unpacking libarchive-zip-perl (1.60-1) ...
Selecting previously unselected package libfile-stripnondeterminism-perl.
Preparing to unpack .../42-libfile-stripnondeterminism-perl_0.041-1_all.deb ...
Unpacking libfile-stripnondeterminism-perl (0.041-1) ...
Selecting previously unselected package libtimedate-perl.
Preparing to unpack .../43-libtimedate-perl_2.3000-2_all.deb ...
Unpacking libtimedate-perl (2.3000-2) ...
Selecting previously unselected package dh-strip-nondeterminism.
Preparing to unpack .../44-dh-strip-nondeterminism_0.041-1_all.deb ...
Unpacking dh-strip-nondeterminism (0.041-1) ...
Selecting previously unselected package libglib2.0-0:amd64.
Preparing to unpack .../45-libglib2.0-0_2.56.1-2_amd64.deb ...
Unpacking libglib2.0-0:amd64 (2.56.1-2) ...
Selecting previously unselected package libcroco3:amd64.
Preparing to unpack .../46-libcroco3_0.6.12-2_amd64.deb ...
Unpacking libcroco3:amd64 (0.6.12-2) ...
Selecting previously unselected package gettext.
Preparing to unpack .../47-gettext_0.19.8.1-6_amd64.deb ...
Unpacking gettext (0.19.8.1-6) ...
Selecting previously unselected package intltool-debian.
Preparing to unpack .../48-intltool-debian_0.35.0+20060710.4_all.deb ...
Unpacking intltool-debian (0.35.0+20060710.4) ...
Selecting previously unselected package po-debconf.
Preparing to unpack .../49-po-debconf_1.0.20_all.deb ...
Unpacking po-debconf (1.0.20) ...
Selecting previously unselected package debhelper.
Preparing to unpack .../50-debhelper_11.2.1_all.deb ...
Unpacking debhelper (11.2.1) ...
Selecting previously unselected package libexpat1-dev:amd64.
Preparing to unpack .../51-libexpat1-dev_2.2.5-3_amd64.deb ...
Unpacking libexpat1-dev:amd64 (2.2.5-3) ...
Selecting previously unselected package liblua5.3-0:amd64.
Preparing to unpack .../52-liblua5.3-0_5.3.3-1_amd64.deb ...
Unpacking liblua5.3-0:amd64 (5.3.3-1) ...
Selecting previously unselected package libncurses6:amd64.
Preparing to unpack .../53-libncurses6_6.1+20180210-2_amd64.deb ...
Unpacking libncurses6:amd64 (6.1+20180210-2) ...
Selecting previously unselected package libncurses-dev:amd64.
Preparing to unpack .../54-libncurses-dev_6.1+20180210-2_amd64.deb ...
Unpacking libncurses-dev:amd64 (6.1+20180210-2) ...
Selecting previously unselected package libtinfo-dev:amd64.
Preparing to unpack .../55-libtinfo-dev_6.1+20180210-2_amd64.deb ...
Unpacking libtinfo-dev:amd64 (6.1+20180210-2) ...
Selecting previously unselected package libreadline-dev:amd64.
Preparing to unpack .../56-libreadline-dev_7.0-3+b1_amd64.deb ...
Unpacking libreadline-dev:amd64 (7.0-3+b1) ...
Selecting previously unselected package liblua5.3-dev:amd64.
Preparing to unpack .../57-liblua5.3-dev_5.3.3-1_amd64.deb ...
Unpacking liblua5.3-dev:amd64 (5.3.3-1) ...
Selecting previously unselected package libpython3.6:amd64.
Preparing to unpack .../58-libpython3.6_3.6.5-5_amd64.deb ...
Unpacking libpython3.6:amd64 (3.6.5-5) ...
Selecting previously unselected package libpython3.6-dev:amd64.
Preparing to unpack .../59-libpython3.6-dev_3.6.5-5_amd64.deb ...
Unpacking libpython3.6-dev:amd64 (3.6.5-5) ...
Selecting previously unselected package libpython3-dev:amd64.
Preparing to unpack .../60-libpython3-dev_3.6.5-3_amd64.deb ...
Unpacking libpython3-dev:amd64 (3.6.5-3) ...
Selecting previously unselected package pkg-kde-tools.
Preparing to unpack .../61-pkg-kde-tools_0.15.28_all.deb ...
Unpacking pkg-kde-tools (0.15.28) ...
Selecting previously unselected package re2c.
Preparing to unpack .../62-re2c_1.0.1-1_amd64.deb ...
Unpacking re2c (1.0.1-1) ...
Selecting previously unselected package sbuild-build-depends-gringo-dummy.
Preparing to unpack .../63-sbuild-build-depends-gringo-dummy_0.invalid.0_amd64.deb ...
Unpacking sbuild-build-depends-gringo-dummy (0.invalid.0) ...
Setting up readline-common (7.0-3) ...
Setting up libarchive-zip-perl (1.60-1) ...
Setting up libnghttp2-14:amd64 (1.31.1-1) ...
Setting up mime-support (3.60) ...
Setting up libtimedate-perl (2.3000-2) ...
Setting up libsigsegv2:amd64 (2.12-2) ...
Setting up libldap-common (2.4.45+dfsg-1) ...
Setting up libuv1:amd64 (1.18.0-3) ...
Setting up libreadline7:amd64 (7.0-3+b1) ...
Setting up re2c (1.0.1-1) ...
Setting up libpsl5:amd64 (0.20.1-1) ...
Setting up groff-base (1.22.3-10) ...
Setting up libglib2.0-0:amd64 (2.56.1-2) ...
No schema files found: doing nothing.
Setting up libncursesw6:amd64 (6.1+20180210-2) ...
Setting up libsasl2-modules-db:amd64 (2.1.27~101-g0780600+dfsg-3.1) ...
Setting up libsasl2-2:amd64 (2.1.27~101-g0780600+dfsg-3.1) ...
Setting up gettext-base (0.19.8.1-6) ...
Setting up cmake-data (3.11.1-1) ...
Setting up libpipeline1:amd64 (1.5.0-1) ...
Setting up librtmp1:amd64 (2.4+20151223.gitfa8646d.1-1+b1) ...
Setting up m4 (1.4.18-1) ...
Setting up libicu57:amd64 (57.1-9) ...
Setting up libprocps6:amd64 (2:3.3.14-1) ...
Setting up libxml2:amd64 (2.9.4+dfsg1-6.1) ...
Setting up libmagic-mgc (1:5.33-2) ...
Setting up libmagic1:amd64 (1:5.33-2) ...
Setting up lsb-base (9.20170808) ...
Setting up librhash0:amd64 (1.3.6-2) ...
Setting up procps (2:3.3.14-1) ...
update-alternatives: using /usr/bin/w.procps to provide /usr/bin/w (w) in auto mode
Setting up libcroco3:amd64 (0.6.12-2) ...
Setting up libssl1.0.2:amd64 (1.0.2o-1) ...
Setting up libssh2-1:amd64 (1.8.0-1) ...
Processing triggers for libc-bin (2.27-3) ...
Setting up autotools-dev (20180224.1) ...
Setting up libldap-2.4-2:amd64 (2.4.45+dfsg-1) ...
Setting up libsqlite3-0:amd64 (3.23.1-1) ...
Setting up libbison-dev:amd64 (2:3.0.4.dfsg-1+b1) ...
Setting up libexpat1-dev:amd64 (2.2.5-3) ...
Setting up bison (2:3.0.4.dfsg-1+b1) ...
update-alternatives: using /usr/bin/bison.yacc to provide /usr/bin/yacc (yacc) in auto mode
Setting up libkeyutils1:amd64 (1.5.9-9.2) ...
Setting up bsdmainutils (11.1.2) ...
update-alternatives: using /usr/bin/bsd-write to provide /usr/bin/write (write) in auto mode
update-alternatives: using /usr/bin/bsd-from to provide /usr/bin/from (from) in auto mode
Setting up liblua5.3-0:amd64 (5.3.3-1) ...
Setting up libncurses6:amd64 (6.1+20180210-2) ...
Setting up autopoint (0.19.8.1-6) ...
Setting up libmpdec2:amd64 (2.4.2-2) ...
Setting up liblzo2-2:amd64 (2.08-1.2+b2) ...
Setting up libfile-stripnondeterminism-perl (0.041-1) ...
Setting up libpython3.6-stdlib:amd64 (3.6.5-5) ...
Setting up python3.6 (3.6.5-5) ...
Setting up gettext (0.19.8.1-6) ...
Setting up libarchive13:amd64 (3.2.2-3.1) ...
Setting up autoconf (2.69-11) ...
Setting up file (1:5.33-2) ...
Setting up libkrb5support0:amd64 (1.16-2) ...
Setting up intltool-debian (0.35.0+20060710.4) ...
Setting up automake (1:1.15.1-3.1) ...
update-alternatives: using /usr/bin/automake-1.15 to provide /usr/bin/automake (automake) in auto mode
Setting up man-db (2.8.3-2) ...
Not building database; man-db/auto-update is not 'true'.
Setting up libncurses-dev:amd64 (6.1+20180210-2) ...
Setting up libpython3.6:amd64 (3.6.5-5) ...
Setting up libtool (2.4.6-2.1) ...
Setting up libpython3-stdlib:amd64 (3.6.5-3) ...
Setting up libk5crypto3:amd64 (1.16-2) ...
Setting up po-debconf (1.0.20) ...
Setting up python3 (3.6.5-3) ...
Setting up libtinfo-dev:amd64 (6.1+20180210-2) ...
Setting up libpython3.6-dev:amd64 (3.6.5-5) ...
Setting up libreadline-dev:amd64 (7.0-3+b1) ...
Setting up libkrb5-3:amd64 (1.16-2) ...
Setting up liblua5.3-dev:amd64 (5.3.3-1) ...
Setting up libpython3-dev:amd64 (3.6.5-3) ...
Setting up pkg-kde-tools (0.15.28) ...
Setting up libgssapi-krb5-2:amd64 (1.16-2) ...
Setting up libcurl3:amd64 (7.58.0-2) ...
Setting up cmake (3.11.1-1) ...
Setting up dh-strip-nondeterminism (0.041-1) ...
Setting up debhelper (11.2.1) ...
Setting up dh-autoreconf (17) ...
Setting up sbuild-build-depends-gringo-dummy (0.invalid.0) ...
Processing triggers for libc-bin (2.27-3) ...

+------------------------------------------------------------------------------+
| Build environment                                                            |
+------------------------------------------------------------------------------+

Kernel: Linux 4.9.0-5-amd64 amd64 (x86_64)
Toolchain package versions: binutils_2.30-16 dpkg-dev_1.19.0.5 g++-7_7.3.0-17 gcc-7_7.3.0-17 libc6-dev_2.27-3 libstdc++-7-dev_7.3.0-17 libstdc++6_8-20180425-1 linux-libc-dev_4.15.17-1
Package versions: adduser_3.117 apt_1.6.1 autoconf_2.69-11 automake_1:1.15.1-3.1 autopoint_0.19.8.1-6 autotools-dev_20180224.1 base-files_10.1 base-passwd_3.5.45 bash_4.4.18-2 binutils_2.30-16 binutils-common_2.30-16 binutils-x86-64-linux-gnu_2.30-16 bison_2:3.0.4.dfsg-1+b1 bsdmainutils_11.1.2 bsdutils_1:2.31.1-0.5 build-essential_12.5 bzip2_1.0.6-8.1 clang-6.0_1:6.0-3 cmake_3.11.1-1 cmake-data_3.11.1-1 coreutils_8.28-1 cpp_4:7.3.0-3 cpp-7_7.3.0-17 dash_0.5.8-2.10 debconf_1.5.66 debfoster_2.7-2.1+b1 debhelper_11.2.1 debian-archive-keyring_2017.7 debianutils_4.8.4 dh-autoreconf_17 dh-strip-nondeterminism_0.041-1 diffutils_1:3.6-1 dpkg_1.19.0.5 dpkg-dev_1.19.0.5 e2fslibs_1.44.1-2 e2fsprogs_1.44.1-2 eatmydata_105-6 fakeroot_1.22-2 fdisk_2.31.1-0.5 file_1:5.33-2 findutils_4.6.0+git+20171230-2 g++_4:7.3.0-3 g++-7_7.3.0-17 gcc_4:7.3.0-3 gcc-6-base_6.4.0-17 gcc-7_7.3.0-17 gcc-7-base_7.3.0-17 gcc-8-base_8-20180425-1 gettext_0.19.8.1-6 gettext-base_0.19.8.1-6 gpgv_2.2.5-1 grep_3.1-2 groff-base_1.22.3-10 gzip_1.6-5+b1 hostname_3.20 init-system-helpers_1.51 intltool-debian_0.35.0+20060710.4 lib32gcc1_1:8-20180425-1 lib32stdc++6_8-20180425-1 libacl1_2.2.52-3+b1 libapt-pkg5.0_1.6.1 libarchive-zip-perl_1.60-1 libarchive13_3.2.2-3.1 libasan4_7.3.0-17 libatomic1_8-20180425-1 libattr1_1:2.4.47-2+b2 libaudit-common_1:2.8.3-1 libaudit1_1:2.8.3-1 libbinutils_2.30-16 libbison-dev_2:3.0.4.dfsg-1+b1 libblkid1_2.31.1-0.5 libbsd0_0.8.7-1 libbz2-1.0_1.0.6-8.1 libc-bin_2.27-3 libc-dev-bin_2.27-3 libc6_2.27-3 libc6-dev_2.27-3 libc6-i386_2.27-3 libcap-ng0_0.7.9-1 libcc1-0_8-20180425-1 libcilkrts5_7.3.0-17 libclang-common-6.0-dev_1:6.0-3 libclang1-6.0_1:6.0-3 libcom-err2_1.44.1-2 libcomerr2_1.44.1-2 libcroco3_0.6.12-2 libcurl3_7.58.0-2 libdb5.3_5.3.28-13.1+b1 libdebconfclient0_0.243 libdpkg-perl_1.19.0.5 libeatmydata1_105-6 libedit2_3.1-20170329-1 libexpat1_2.2.5-3 libexpat1-dev_2.2.5-3 libext2fs2_1.44.1-2 libfakeroot_1.22-2 libfdisk1_2.31.1-0.5 libffi6_3.2.1-8 libfile-stripnondeterminism-perl_0.041-1 libgc1c2_1:7.4.2-8.2 libgcc-7-dev_7.3.0-17 libgcc1_1:8-20180425-1 libgcrypt20_1.8.2-2 libgdbm-compat4_1.14.1-6 libgdbm3_1.8.3-14 libgdbm5_1.14.1-6 libglib2.0-0_2.56.1-2 libgmp10_2:6.1.2+dfsg-3 libgnutls30_3.5.18-1 libgomp1_8-20180425-1 libgpg-error0_1.29-4 libgssapi-krb5-2_1.16-2 libhogweed4_3.4-1 libicu57_57.1-9 libidn2-0_2.0.4-1.1 libisl15_0.18-4 libisl19_0.19-1 libitm1_8-20180425-1 libjsoncpp1_1.7.4-3 libk5crypto3_1.16-2 libkeyutils1_1.5.9-9.2 libkrb5-3_1.16-2 libkrb5support0_1.16-2 libldap-2.4-2_2.4.45+dfsg-1 libldap-common_2.4.45+dfsg-1 libllvm6.0_1:6.0-3 liblsan0_8-20180425-1 liblua5.3-0_5.3.3-1 liblua5.3-dev_5.3.3-1 liblz4-1_1.8.1.2-1 liblzma5_5.2.2-1.3 liblzo2-2_2.08-1.2+b2 libmagic-mgc_1:5.33-2 libmagic1_1:5.33-2 libmount1_2.31.1-0.5 libmpc3_1.1.0-1 libmpdec2_2.4.2-2 libmpfr4_3.1.6-1 libmpfr6_4.0.1-1 libmpx2_8-20180425-1 libncurses-dev_6.1+20180210-2 libncurses5_6.1+20180210-2 libncurses6_6.1+20180210-2 libncursesw5_6.1+20180210-2 libncursesw6_6.1+20180210-2 libnettle6_3.4-1 libnghttp2-14_1.31.1-1 libobjc-7-dev_7.3.0-17 libobjc4_8-20180425-1 libp11-kit0_0.23.10-2 libpam-modules_1.1.8-3.7 libpam-modules-bin_1.1.8-3.7 libpam-runtime_1.1.8-3.7 libpam0g_1.1.8-3.7 libpcre3_2:8.39-9 libperl5.26_5.26.2-3 libpipeline1_1.5.0-1 libprocps6_2:3.3.14-1 libpsl5_0.20.1-1 libpython3-dev_3.6.5-3 libpython3-stdlib_3.6.5-3 libpython3.6_3.6.5-5 libpython3.6-dev_3.6.5-5 libpython3.6-minimal_3.6.5-5 libpython3.6-stdlib_3.6.5-5 libquadmath0_8-20180425-1 libreadline-dev_7.0-3+b1 libreadline7_7.0-3+b1 librhash0_1.3.6-2 librtmp1_2.4+20151223.gitfa8646d.1-1+b1 libsasl2-2_2.1.27~101-g0780600+dfsg-3.1 libsasl2-modules-db_2.1.27~101-g0780600+dfsg-3.1 libseccomp2_2.3.3-1 libselinux1_2.7-2+b2 libsemanage-common_2.7-2 libsemanage1_2.7-2+b2 libsepol1_2.7-1 libsigsegv2_2.12-2 libsmartcols1_2.31.1-0.5 libsqlite3-0_3.23.1-1 libss2_1.44.1-2 libssh2-1_1.8.0-1 libssl1.0.2_1.0.2o-1 libssl1.1_1.1.0h-2 libstdc++-7-dev_7.3.0-17 libstdc++6_8-20180425-1 libsystemd0_238-4 libtasn1-6_4.13-2 libtimedate-perl_2.3000-2 libtinfo-dev_6.1+20180210-2 libtinfo5_6.1+20180210-2 libtinfo6_6.1+20180210-2 libtool_2.4.6-2.1 libtsan0_8-20180425-1 libubsan0_7.3.0-17 libudev1_238-4 libunistring2_0.9.8-1 libustr-1.0-1_1.0.4-6 libuuid1_2.31.1-0.5 libuv1_1.18.0-3 libxml2_2.9.4+dfsg1-6.1 libzstd1_1.3.4+dfsg-1 linux-libc-dev_4.15.17-1 login_1:4.5-1 lsb-base_9.20170808 m4_1.4.18-1 make_4.2.1-1 man-db_2.8.3-2 mawk_1.3.3-17+b3 mime-support_3.60 mount_2.31.1-0.5 multiarch-support_2.27-3 ncurses-base_6.1+20180210-2 ncurses-bin_6.1+20180210-2 passwd_1:4.5-1 patch_2.7.6-2 perl_5.26.2-3 perl-base_5.26.2-3 perl-modules-5.26_5.26.2-3 pkg-kde-tools_0.15.28 po-debconf_1.0.20 procps_2:3.3.14-1 python3_3.6.5-3 python3-minimal_3.6.5-3 python3.6_3.6.5-5 python3.6-minimal_3.6.5-5 re2c_1.0.1-1 readline-common_7.0-3 sbuild-build-depends-core-dummy_0.invalid.0 sbuild-build-depends-gringo-dummy_0.invalid.0 sed_4.4-2 sensible-utils_0.0.12 sysvinit-utils_2.88dsf-59.10 tar_1.30+dfsg-1 util-linux_2.31.1-0.5 xz-utils_5.2.2-1.3 zlib1g_1:1.2.11.dfsg-1

+------------------------------------------------------------------------------+
| Build                                                                        |
+------------------------------------------------------------------------------+


Unpack source
-------------

gpgv: unknown type of key resource 'trustedkeys.kbx'
gpgv: keyblock resource '/sbuild-nonexistent/.gnupg/trustedkeys.kbx': General error
gpgv: Signature made Mon Feb  5 06:58:03 2018 UTC
gpgv:                using RSA key CC7EEF2C408664551D7B44CA2797DF74A6669AA9
gpgv: Can't check signature: No public key
dpkg-source: warning: failed to verify signature on ./gringo_5.2.2-5.dsc
dpkg-source: info: extracting gringo in /<<PKGBUILDDIR>>
dpkg-source: info: unpacking gringo_5.2.2.orig.tar.gz
dpkg-source: info: unpacking gringo_5.2.2-5.debian.tar.xz
dpkg-source: info: applying gringo-manpages.patch
dpkg-source: info: applying gringo-python3-utf8.patch

Check disk space
----------------

Sufficient free space for build

User Environment
----------------

APT_CONFIG=/var/lib/sbuild/apt.conf
HOME=/sbuild-nonexistent
LANG=en_US.UTF-8
LC_ALL=POSIX
LOGNAME=user42
PATH=/usr/local/sbin:/usr/local/bin:/usr/sbin:/usr/bin:/sbin:/bin:/usr/games
SCHROOT_ALIAS_NAME=unstable-amd64-sbuild
SCHROOT_CHROOT_NAME=unstable-amd64-sbuild
SCHROOT_COMMAND=env
SCHROOT_GID=1001
SCHROOT_GROUP=user42
SCHROOT_SESSION_ID=unstable-amd64-sbuild-e7d0c7cc-e82f-4fb6-b198-f4c0df502090
SCHROOT_UID=1001
SCHROOT_USER=user42
SHELL=/bin/sh
USER=user42

dpkg-buildpackage
-----------------

dpkg-buildpackage: info: source package gringo
dpkg-buildpackage: info: source version 5.2.2-5
dpkg-buildpackage: info: source distribution unstable
dpkg-buildpackage: info: source changed by Thomas Krennwallner <tkren@kr.tuwien.ac.at>
 dpkg-source --before-build gringo-5.2.2
dpkg-buildpackage: info: host architecture amd64
 fakeroot debian/rules clean
dh clean --with pkgkde_symbolshelper
   debian/rules override_dh_auto_clean
make[1]: Entering directory '/<<PKGBUILDDIR>>'
dh_auto_clean --builddirectory=build/hardening_mt
make[1]: Leaving directory '/<<PKGBUILDDIR>>'
   dh_clean
 debian/rules build-arch
dh build-arch --with pkgkde_symbolshelper
   dh_update_autotools_config -a
   dh_autoreconf -a
   debian/rules override_dh_auto_configure
make[1]: Entering directory '/<<PKGBUILDDIR>>'
dh_auto_configure --builddirectory=build/hardening_mt -- -DCMAKE_BUILD_TYPE=Release -DCMAKE_INSTALL_PREFIX=/usr -LAH -DCMAKE_SKIP_RPATH=YES -DCLINGO_MANAGE_RPATH=OFF -DLIB_POTASSCO_BUILD_APP=ON -DLIB_POTASSCO_BUILD_TESTS=ON -DCLASP_BUILD_APP=OFF -DCLASP_BUILD_TESTS=OFF -DCLASP_BUILD_EXAMPLES=OFF -DCLINGO_BUILD_EXAMPLES=ON -DCLINGO_BUILD_TESTS=ON -DPYTHON_EXECUTABLE:FILEPATH=/usr/bin/python3
	cd build/hardening_mt && cmake ../.. -DCMAKE_INSTALL_PREFIX=/usr -DCMAKE_VERBOSE_MAKEFILE=ON -DCMAKE_BUILD_TYPE=None -DCMAKE_INSTALL_SYSCONFDIR=/etc -DCMAKE_INSTALL_LOCALSTATEDIR=/var -DCMAKE_EXPORT_NO_PACKAGE_REGISTRY=ON -DCMAKE_FIND_PACKAGE_NO_PACKAGE_REGISTRY=ON -DCMAKE_INSTALL_RUNSTATEDIR=/run "-GUnix Makefiles" -DCMAKE_BUILD_TYPE=Release -DCMAKE_INSTALL_PREFIX=/usr -LAH -DCMAKE_SKIP_RPATH=YES -DCLINGO_MANAGE_RPATH=OFF -DLIB_POTASSCO_BUILD_APP=ON -DLIB_POTASSCO_BUILD_TESTS=ON -DCLASP_BUILD_APP=OFF -DCLASP_BUILD_TESTS=OFF -DCLASP_BUILD_EXAMPLES=OFF -DCLINGO_BUILD_EXAMPLES=ON -DCLINGO_BUILD_TESTS=ON -DPYTHON_EXECUTABLE:FILEPATH=/usr/bin/python3
-- The C compiler identification is Clang 6.0.0
-- The CXX compiler identification is Clang 6.0.0
-- Check for working C compiler: /usr/bin/gcc-7
-- Check for working C compiler: /usr/bin/gcc-7 -- works
-- Detecting C compiler ABI info
-- Detecting C compiler ABI info - done
-- Detecting C compile features
-- Detecting C compile features - done
-- Check for working CXX compiler: /usr/bin/g++-7
-- Check for working CXX compiler: /usr/bin/g++-7 -- works
-- Detecting CXX compiler ABI info
-- Detecting CXX compiler ABI info - done
-- Detecting CXX compile features
-- Detecting CXX compile features - done
-- Found PythonInterp: /usr/bin/python3 (found version "3.6.5") 
-- Found PythonLibs: /usr/lib/x86_64-linux-gnu/libpython3.6m.so (found version "3.6.5") 
-- Found Lua: /usr/lib/x86_64-linux-gnu/liblua5.3.so;/usr/lib/x86_64-linux-gnu/libm.so (found version "5.3.3") 
-- Found BISON: /usr/bin/bison (found suitable version "3.0.4", minimum required is "2.5") 
-- Found RE2C: /usr/bin/re2c (found suitable version "0.100.1", minimum required is "0.13") 
-- Looking for pthread.h
-- Looking for pthread.h - found
-- Looking for pthread_create
-- Looking for pthread_create - not found
-- Looking for pthread_create in pthreads
-- Looking for pthread_create in pthreads - not found
-- Looking for pthread_create in pthread
-- Looking for pthread_create in pthread - found
-- Found Threads: TRUE  
-- Performing Test CLASP_HAS_WORKING_LIBATOMIC
-- Performing Test CLASP_HAS_WORKING_LIBATOMIC - Success
-- Potassco is not installed - using local copy
-- Could NOT find Doxygen (missing: DOXYGEN_EXECUTABLE) 
-- Could NOT find Doxygen (missing: DOXYGEN_EXECUTABLE) 
Traceback (most recent call last):
  File "/<<PKGBUILDDIR>>/cmake/python-site.py", line 1, in <module>
    from distutils.sysconfig import get_python_lib, get_config_vars
ModuleNotFoundError: No module named 'distutils.sysconfig'
CMake Error at app/pyclingo/CMakeLists.txt:36 (set_target_properties):
  set_target_properties called with incorrect number of arguments.


-- Configuring incomplete, errors occurred!
See also "/<<PKGBUILDDIR>>/build/hardening_mt/CMakeFiles/CMakeOutput.log".
See also "/<<PKGBUILDDIR>>/build/hardening_mt/CMakeFiles/CMakeError.log".
-- Cache values
// path to the bison executable
BISON_EXECUTABLE:FILEPATH=/usr/bin/bison

// whether or not to build the clasp application
CLASP_BUILD_APP:BOOL=OFF

// whether or not to build examples
CLASP_BUILD_EXAMPLES:BOOL=OFF

// whether or not to link statically (if supported)
CLASP_BUILD_STATIC:BOOL=OFF

// whether or not to build clasp unit tests
CLASP_BUILD_TESTS:BOOL=OFF

// whether or not to build clasp with threading support (requires C++11)
CLASP_BUILD_WITH_THREADS:BOOL=ON

// whether or not to install libclasp
CLASP_INSTALL_LIB:BOOL=OFF

// build applications
CLINGO_BUILD_APPS:BOOL=ON

// build examples
CLINGO_BUILD_EXAMPLES:BOOL=ON

// build luaclingo library shared
CLINGO_BUILD_LUA_SHARED:BOOL=OFF

// build pyclingo library shared
CLINGO_BUILD_PY_SHARED:BOOL=OFF

// build clingo library shared
CLINGO_BUILD_SHARED:BOOL=ON

// do not build shared libraries
CLINGO_BUILD_STATIC:BOOL=OFF

// build tests
CLINGO_BUILD_TESTS:BOOL=ON

// enable web target
CLINGO_BUILD_WEB:BOOL=OFF

// enable lua support
CLINGO_BUILD_WITH_LUA:BOOL=ON

// enable python support
CLINGO_BUILD_WITH_PYTHON:BOOL=ON

// global search directories for clingo's include statement
CLINGO_CLINGOPATH:STRING=

// set rpath if not installed into system directory
CLINGO_MANAGE_RPATH:BOOL=OFF

// fail if lua support not found
CLINGO_REQUIRE_LUA:BOOL=OFF

// fail if python support not found
CLINGO_REQUIRE_PYTHON:BOOL=OFF

// Path to a program.
CMAKE_AR:FILEPATH=/usr/bin/ar

// Choose the type of build, options are: None Debug Release RelWithDebInfo MinSizeRel ...
CMAKE_BUILD_TYPE:STRING=Release

// Enable/Disable color output during build.
CMAKE_COLOR_MAKEFILE:BOOL=ON

// CXX compiler
CMAKE_CXX_COMPILER:FILEPATH=/usr/bin/g++-7

// LLVM archiver
CMAKE_CXX_COMPILER_AR:FILEPATH=CMAKE_CXX_COMPILER_AR-NOTFOUND

// Generate index for LLVM archive
CMAKE_CXX_COMPILER_RANLIB:FILEPATH=CMAKE_CXX_COMPILER_RANLIB-NOTFOUND

// Flags used by the CXX compiler during all build types.
CMAKE_CXX_FLAGS:STRING=-g -O2 -fdebug-prefix-map=/<<PKGBUILDDIR>>=. -fstack-protector-strong -Wformat -Werror=format-security -O3 -Wall -Wdate-time -D_FORTIFY_SOURCE=2 -DNDEBUG -Wdate-time -D_FORTIFY_SOURCE=2 -DNDEBUG

// Flags used by the CXX compiler during DEBUG builds.
CMAKE_CXX_FLAGS_DEBUG:STRING=-g

// Flags used by the CXX compiler during MINSIZEREL builds.
CMAKE_CXX_FLAGS_MINSIZEREL:STRING=-Os -DNDEBUG

// Flags used by the CXX compiler during RELEASE builds.
CMAKE_CXX_FLAGS_RELEASE:STRING=-O3 -DNDEBUG

// Flags used by the CXX compiler during RELWITHDEBINFO builds.
CMAKE_CXX_FLAGS_RELWITHDEBINFO:STRING=-O2 -g -DNDEBUG

// C compiler
CMAKE_C_COMPILER:FILEPATH=/usr/bin/gcc-7

// LLVM archiver
CMAKE_C_COMPILER_AR:FILEPATH=CMAKE_C_COMPILER_AR-NOTFOUND

// Generate index for LLVM archive
CMAKE_C_COMPILER_RANLIB:FILEPATH=CMAKE_C_COMPILER_RANLIB-NOTFOUND

// Flags used by the C compiler during all build types.
CMAKE_C_FLAGS:STRING=-g -O2 -fdebug-prefix-map=/<<PKGBUILDDIR>>=. -fstack-protector-strong -Wformat -Werror=format-security -Wdate-time -D_FORTIFY_SOURCE=2 -DNDEBUG

// Flags used by the C compiler during DEBUG builds.
CMAKE_C_FLAGS_DEBUG:STRING=-g

// Flags used by the C compiler during MINSIZEREL builds.
CMAKE_C_FLAGS_MINSIZEREL:STRING=-Os -DNDEBUG

// Flags used by the C compiler during RELEASE builds.
CMAKE_C_FLAGS_RELEASE:STRING=-O3 -DNDEBUG

// Flags used by the C compiler during RELWITHDEBINFO builds.
CMAKE_C_FLAGS_RELWITHDEBINFO:STRING=-O2 -g -DNDEBUG

// Flags used by the linker during all build types.
CMAKE_EXE_LINKER_FLAGS:STRING=-Wl,-z,relro -Wl,-z,now

// Flags used by the linker during DEBUG builds.
CMAKE_EXE_LINKER_FLAGS_DEBUG:STRING=

// Flags used by the linker during MINSIZEREL builds.
CMAKE_EXE_LINKER_FLAGS_MINSIZEREL:STRING=

// Flags used by the linker during RELEASE builds.
CMAKE_EXE_LINKER_FLAGS_RELEASE:STRING=

// Flags used by the linker during RELWITHDEBINFO builds.
CMAKE_EXE_LINKER_FLAGS_RELWITHDEBINFO:STRING=

// Enable/Disable output of compile commands during generation.
CMAKE_EXPORT_COMPILE_COMMANDS:BOOL=OFF

// User executables (bin)
CMAKE_INSTALL_BINDIR:PATH=bin

// Read-only architecture-independent data (DATAROOTDIR)
CMAKE_INSTALL_DATADIR:PATH=

// Read-only architecture-independent data root (share)
CMAKE_INSTALL_DATAROOTDIR:PATH=share

// Documentation root (DATAROOTDIR/doc/PROJECT_NAME)
CMAKE_INSTALL_DOCDIR:PATH=

// C header files (include)
CMAKE_INSTALL_INCLUDEDIR:PATH=include

// Info documentation (DATAROOTDIR/info)
CMAKE_INSTALL_INFODIR:PATH=

// Object code libraries (lib/x86_64-linux-gnu)
CMAKE_INSTALL_LIBDIR:PATH=lib/x86_64-linux-gnu

// Program executables (libexec)
CMAKE_INSTALL_LIBEXECDIR:PATH=libexec

// Locale-dependent data (DATAROOTDIR/locale)
CMAKE_INSTALL_LOCALEDIR:PATH=

// Modifiable single-machine data (var)
CMAKE_INSTALL_LOCALSTATEDIR:PATH=/var

// Man documentation (DATAROOTDIR/man)
CMAKE_INSTALL_MANDIR:PATH=

// C header files for non-gcc (/usr/include)
CMAKE_INSTALL_OLDINCLUDEDIR:PATH=/usr/include

// Install path prefix, prepended onto install directories.
CMAKE_INSTALL_PREFIX:PATH=/usr

// Run-time variable data (LOCALSTATEDIR/run)
CMAKE_INSTALL_RUNSTATEDIR:PATH=/run

// System admin executables (sbin)
CMAKE_INSTALL_SBINDIR:PATH=sbin

// Modifiable architecture-independent data (com)
CMAKE_INSTALL_SHAREDSTATEDIR:PATH=com

// Read-only single-machine data (etc)
CMAKE_INSTALL_SYSCONFDIR:PATH=/etc

// Path to a program.
CMAKE_LINKER:FILEPATH=/usr/bin/ld

// Path to a program.
CMAKE_MAKE_PROGRAM:FILEPATH=/usr/bin/make

// Flags used by the linker during the creation of modules during all build types.
CMAKE_MODULE_LINKER_FLAGS:STRING=-Wl,-z,relro -Wl,-z,now

// Flags used by the linker during the creation of modules during DEBUG builds.
CMAKE_MODULE_LINKER_FLAGS_DEBUG:STRING=

// Flags used by the linker during the creation of modules during MINSIZEREL builds.
CMAKE_MODULE_LINKER_FLAGS_MINSIZEREL:STRING=

// Flags used by the linker during the creation of modules during RELEASE builds.
CMAKE_MODULE_LINKER_FLAGS_RELEASE:STRING=

// Flags used by the linker during the creation of modules during RELWITHDEBINFO builds.
CMAKE_MODULE_LINKER_FLAGS_RELWITHDEBINFO:STRING=

// Path to a program.
CMAKE_NM:FILEPATH=/usr/bin/nm

// Path to a program.
CMAKE_OBJCOPY:FILEPATH=/usr/bin/objcopy

// Path to a program.
CMAKE_OBJDUMP:FILEPATH=/usr/bin/objdump

// Path to a program.
CMAKE_RANLIB:FILEPATH=/usr/bin/ranlib

// Flags used by the linker during the creation of shared libraries during all build types.
CMAKE_SHARED_LINKER_FLAGS:STRING=-Wl,-z,relro -Wl,-z,now

// Flags used by the linker during the creation of shared libraries during DEBUG builds.
CMAKE_SHARED_LINKER_FLAGS_DEBUG:STRING=

// Flags used by the linker during the creation of shared libraries during MINSIZEREL builds.
CMAKE_SHARED_LINKER_FLAGS_MINSIZEREL:STRING=

// Flags used by the linker during the creation of shared libraries during RELEASE builds.
CMAKE_SHARED_LINKER_FLAGS_RELEASE:STRING=

// Flags used by the linker during the creation of shared libraries during RELWITHDEBINFO builds.
CMAKE_SHARED_LINKER_FLAGS_RELWITHDEBINFO:STRING=

// If set, runtime paths are not added when installing shared libraries, but are added when building.
CMAKE_SKIP_INSTALL_RPATH:BOOL=NO

// If set, runtime paths are not added when using shared libraries.
CMAKE_SKIP_RPATH:BOOL=YES

// Flags used by the linker during the creation of static libraries during all build types.
CMAKE_STATIC_LINKER_FLAGS:STRING=

// Flags used by the linker during the creation of static libraries during DEBUG builds.
CMAKE_STATIC_LINKER_FLAGS_DEBUG:STRING=

// Flags used by the linker during the creation of static libraries during MINSIZEREL builds.
CMAKE_STATIC_LINKER_FLAGS_MINSIZEREL:STRING=

// Flags used by the linker during the creation of static libraries during RELEASE builds.
CMAKE_STATIC_LINKER_FLAGS_RELEASE:STRING=

// Flags used by the linker during the creation of static libraries during RELWITHDEBINFO builds.
CMAKE_STATIC_LINKER_FLAGS_RELWITHDEBINFO:STRING=

// Path to a program.
CMAKE_STRIP:FILEPATH=/usr/bin/strip

// If this value is on, makefiles will be generated without the .SILENT directive, and all commands will be echoed to the console during the make.  This is useful for debugging only. With Visual Studio IDE projects all commands are done without /nologo.
CMAKE_VERBOSE_MAKEFILE:BOOL=ON

// Dot tool for use with Doxygen
DOXYGEN_DOT_EXECUTABLE:FILEPATH=DOXYGEN_DOT_EXECUTABLE-NOTFOUND

// Doxygen documentation generation tool (http://www.doxygen.org)
DOXYGEN_EXECUTABLE:FILEPATH=DOXYGEN_EXECUTABLE-NOTFOUND

// whether or not to build lpconvert tool
LIB_POTASSCO_BUILD_APP:BOOL=ON

// whether or not to build tests
LIB_POTASSCO_BUILD_TESTS:BOOL=ON

// whether or not to install libpotassco
LIB_POTASSCO_INSTALL_LIB:BOOL=OFF

// Path to a file.
LUA_INCLUDE_PREFIX:PATH=/usr

// Path to a library.
LUA_LIBRARY:FILEPATH=/usr/lib/x86_64-linux-gnu/liblua5.3.so

// Path to a library.
LUA_MATH_LIBRARY:FILEPATH=/usr/lib/x86_64-linux-gnu/libm.so

// install the python module in the user's site directory
PYCLINGO_USER_INSTALL:BOOL=ON

// No help, variable specified on the command line.
PYTHON_EXECUTABLE:FILEPATH=/usr/bin/python3

// Path to a file.
PYTHON_INCLUDE_DIR:PATH=/usr/include/python3.6m

// Path to a library.
PYTHON_LIBRARY:FILEPATH=/usr/lib/x86_64-linux-gnu/libpython3.6m.so

// Path to a library.
PYTHON_LIBRARY_DEBUG:FILEPATH=PYTHON_LIBRARY_DEBUG-NOTFOUND

// path to the re2c executable
RE2C_EXECUTABLE:FILEPATH=/usr/bin/re2c

// The directory containing a CMake configuration file for potassco.
potassco_DIR:PATH=potassco_DIR-NOTFOUND

	cd build/hardening_mt && tail -v -n \+0 CMakeCache.txt
==> CMakeCache.txt <==
# This is the CMakeCache file.
# For build in directory: /<<PKGBUILDDIR>>/build/hardening_mt
# It was generated by CMake: /usr/bin/cmake
# You can edit this file to change values found and used by cmake.
# If you do not want to change any of the values, simply exit the editor.
# If you do want to change a value, simply edit, save, and exit the editor.
# The syntax for the file is as follows:
# KEY:TYPE=VALUE
# KEY is the name of a variable in the cache.
# TYPE is a hint to GUIs for the type of VALUE, DO NOT EDIT TYPE!.
# VALUE is the current value for the KEY.

########################
# EXTERNAL cache entries
########################

//path to the bison executable
BISON_EXECUTABLE:FILEPATH=/usr/bin/bison

//Value Computed by CMake
CLASP_BINARY_DIR:STATIC=/<<PKGBUILDDIR>>/build/hardening_mt/clasp

//whether or not to build the clasp application
CLASP_BUILD_APP:BOOL=OFF

//whether or not to build examples
CLASP_BUILD_EXAMPLES:BOOL=OFF

//whether or not to link statically (if supported)
CLASP_BUILD_STATIC:BOOL=OFF

//whether or not to build clasp unit tests
CLASP_BUILD_TESTS:BOOL=OFF

//whether or not to build clasp with threading support (requires
// C++11)
CLASP_BUILD_WITH_THREADS:BOOL=ON

//whether or not to install libclasp
CLASP_INSTALL_LIB:BOOL=OFF

//Value Computed by CMake
CLASP_SOURCE_DIR:STATIC=/<<PKGBUILDDIR>>/clasp

//Value Computed by CMake
CLINGO_BINARY_DIR:STATIC=/<<PKGBUILDDIR>>/build/hardening_mt

//build applications
CLINGO_BUILD_APPS:BOOL=ON

//build examples
CLINGO_BUILD_EXAMPLES:BOOL=ON

//build luaclingo library shared
CLINGO_BUILD_LUA_SHARED:BOOL=OFF

//build pyclingo library shared
CLINGO_BUILD_PY_SHARED:BOOL=OFF

//build clingo library shared
CLINGO_BUILD_SHARED:BOOL=ON

//do not build shared libraries
CLINGO_BUILD_STATIC:BOOL=OFF

//build tests
CLINGO_BUILD_TESTS:BOOL=ON

//enable web target
CLINGO_BUILD_WEB:BOOL=OFF

//enable lua support
CLINGO_BUILD_WITH_LUA:BOOL=ON

//enable python support
CLINGO_BUILD_WITH_PYTHON:BOOL=ON

//global search directories for clingo's include statement
CLINGO_CLINGOPATH:STRING=

//set rpath if not installed into system directory
CLINGO_MANAGE_RPATH:BOOL=OFF

//fail if lua support not found
CLINGO_REQUIRE_LUA:BOOL=OFF

//fail if python support not found
CLINGO_REQUIRE_PYTHON:BOOL=OFF

//Value Computed by CMake
CLINGO_SOURCE_DIR:STATIC=/<<PKGBUILDDIR>>

//Path to a program.
CMAKE_AR:FILEPATH=/usr/bin/ar

//Choose the type of build, options are: None Debug Release RelWithDebInfo
// MinSizeRel ...
CMAKE_BUILD_TYPE:STRING=Release

//Enable/Disable color output during build.
CMAKE_COLOR_MAKEFILE:BOOL=ON

//CXX compiler
CMAKE_CXX_COMPILER:FILEPATH=/usr/bin/g++-7

//LLVM archiver
CMAKE_CXX_COMPILER_AR:FILEPATH=CMAKE_CXX_COMPILER_AR-NOTFOUND

//Generate index for LLVM archive
CMAKE_CXX_COMPILER_RANLIB:FILEPATH=CMAKE_CXX_COMPILER_RANLIB-NOTFOUND

//Flags used by the CXX compiler during all build types.
CMAKE_CXX_FLAGS:STRING=-g -O2 -fdebug-prefix-map=/<<PKGBUILDDIR>>=. -fstack-protector-strong -Wformat -Werror=format-security -O3 -Wall -Wdate-time -D_FORTIFY_SOURCE=2 -DNDEBUG -Wdate-time -D_FORTIFY_SOURCE=2 -DNDEBUG

//Flags used by the CXX compiler during DEBUG builds.
CMAKE_CXX_FLAGS_DEBUG:STRING=-g

//Flags used by the CXX compiler during MINSIZEREL builds.
CMAKE_CXX_FLAGS_MINSIZEREL:STRING=-Os -DNDEBUG

//Flags used by the CXX compiler during RELEASE builds.
CMAKE_CXX_FLAGS_RELEASE:STRING=-O3 -DNDEBUG

//Flags used by the CXX compiler during RELWITHDEBINFO builds.
CMAKE_CXX_FLAGS_RELWITHDEBINFO:STRING=-O2 -g -DNDEBUG

//C compiler
CMAKE_C_COMPILER:FILEPATH=/usr/bin/gcc-7

//LLVM archiver
CMAKE_C_COMPILER_AR:FILEPATH=CMAKE_C_COMPILER_AR-NOTFOUND

//Generate index for LLVM archive
CMAKE_C_COMPILER_RANLIB:FILEPATH=CMAKE_C_COMPILER_RANLIB-NOTFOUND

//Flags used by the C compiler during all build types.
CMAKE_C_FLAGS:STRING=-g -O2 -fdebug-prefix-map=/<<PKGBUILDDIR>>=. -fstack-protector-strong -Wformat -Werror=format-security -Wdate-time -D_FORTIFY_SOURCE=2 -DNDEBUG

//Flags used by the C compiler during DEBUG builds.
CMAKE_C_FLAGS_DEBUG:STRING=-g

//Flags used by the C compiler during MINSIZEREL builds.
CMAKE_C_FLAGS_MINSIZEREL:STRING=-Os -DNDEBUG

//Flags used by the C compiler during RELEASE builds.
CMAKE_C_FLAGS_RELEASE:STRING=-O3 -DNDEBUG

//Flags used by the C compiler during RELWITHDEBINFO builds.
CMAKE_C_FLAGS_RELWITHDEBINFO:STRING=-O2 -g -DNDEBUG

//Flags used by the linker during all build types.
CMAKE_EXE_LINKER_FLAGS:STRING=-Wl,-z,relro -Wl,-z,now

//Flags used by the linker during DEBUG builds.
CMAKE_EXE_LINKER_FLAGS_DEBUG:STRING=

//Flags used by the linker during MINSIZEREL builds.
CMAKE_EXE_LINKER_FLAGS_MINSIZEREL:STRING=

//Flags used by the linker during RELEASE builds.
CMAKE_EXE_LINKER_FLAGS_RELEASE:STRING=

//Flags used by the linker during RELWITHDEBINFO builds.
CMAKE_EXE_LINKER_FLAGS_RELWITHDEBINFO:STRING=

//Enable/Disable output of compile commands during generation.
CMAKE_EXPORT_COMPILE_COMMANDS:BOOL=OFF

//No help, variable specified on the command line.
CMAKE_EXPORT_NO_PACKAGE_REGISTRY:UNINITIALIZED=ON

//No help, variable specified on the command line.
CMAKE_FIND_PACKAGE_NO_PACKAGE_REGISTRY:UNINITIALIZED=ON

//User executables (bin)
CMAKE_INSTALL_BINDIR:PATH=bin

//Read-only architecture-independent data (DATAROOTDIR)
CMAKE_INSTALL_DATADIR:PATH=

//Read-only architecture-independent data root (share)
CMAKE_INSTALL_DATAROOTDIR:PATH=share

//Documentation root (DATAROOTDIR/doc/PROJECT_NAME)
CMAKE_INSTALL_DOCDIR:PATH=

//C header files (include)
CMAKE_INSTALL_INCLUDEDIR:PATH=include

//Info documentation (DATAROOTDIR/info)
CMAKE_INSTALL_INFODIR:PATH=

//Object code libraries (lib/x86_64-linux-gnu)
CMAKE_INSTALL_LIBDIR:PATH=lib/x86_64-linux-gnu

//Program executables (libexec)
CMAKE_INSTALL_LIBEXECDIR:PATH=libexec

//Locale-dependent data (DATAROOTDIR/locale)
CMAKE_INSTALL_LOCALEDIR:PATH=

//Modifiable single-machine data (var)
CMAKE_INSTALL_LOCALSTATEDIR:PATH=/var

//Man documentation (DATAROOTDIR/man)
CMAKE_INSTALL_MANDIR:PATH=

//C header files for non-gcc (/usr/include)
CMAKE_INSTALL_OLDINCLUDEDIR:PATH=/usr/include

//Install path prefix, prepended onto install directories.
CMAKE_INSTALL_PREFIX:PATH=/usr

//Run-time variable data (LOCALSTATEDIR/run)
CMAKE_INSTALL_RUNSTATEDIR:PATH=/run

//System admin executables (sbin)
CMAKE_INSTALL_SBINDIR:PATH=sbin

//Modifiable architecture-independent data (com)
CMAKE_INSTALL_SHAREDSTATEDIR:PATH=com

//Read-only single-machine data (etc)
CMAKE_INSTALL_SYSCONFDIR:PATH=/etc

//Path to a program.
CMAKE_LINKER:FILEPATH=/usr/bin/ld

//Path to a program.
CMAKE_MAKE_PROGRAM:FILEPATH=/usr/bin/make

//Flags used by the linker during the creation of modules during
// all build types.
CMAKE_MODULE_LINKER_FLAGS:STRING=-Wl,-z,relro -Wl,-z,now

//Flags used by the linker during the creation of modules during
// DEBUG builds.
CMAKE_MODULE_LINKER_FLAGS_DEBUG:STRING=

//Flags used by the linker during the creation of modules during
// MINSIZEREL builds.
CMAKE_MODULE_LINKER_FLAGS_MINSIZEREL:STRING=

//Flags used by the linker during the creation of modules during
// RELEASE builds.
CMAKE_MODULE_LINKER_FLAGS_RELEASE:STRING=

//Flags used by the linker during the creation of modules during
// RELWITHDEBINFO builds.
CMAKE_MODULE_LINKER_FLAGS_RELWITHDEBINFO:STRING=

//Path to a program.
CMAKE_NM:FILEPATH=/usr/bin/nm

//Path to a program.
CMAKE_OBJCOPY:FILEPATH=/usr/bin/objcopy

//Path to a program.
CMAKE_OBJDUMP:FILEPATH=/usr/bin/objdump

//Value Computed by CMake
CMAKE_PROJECT_NAME:STATIC=CLINGO

//Path to a program.
CMAKE_RANLIB:FILEPATH=/usr/bin/ranlib

//Flags used by the linker during the creation of shared libraries
// during all build types.
CMAKE_SHARED_LINKER_FLAGS:STRING=-Wl,-z,relro -Wl,-z,now

//Flags used by the linker during the creation of shared libraries
// during DEBUG builds.
CMAKE_SHARED_LINKER_FLAGS_DEBUG:STRING=

//Flags used by the linker during the creation of shared libraries
// during MINSIZEREL builds.
CMAKE_SHARED_LINKER_FLAGS_MINSIZEREL:STRING=

//Flags used by the linker during the creation of shared libraries
// during RELEASE builds.
CMAKE_SHARED_LINKER_FLAGS_RELEASE:STRING=

//Flags used by the linker during the creation of shared libraries
// during RELWITHDEBINFO builds.
CMAKE_SHARED_LINKER_FLAGS_RELWITHDEBINFO:STRING=

//If set, runtime paths are not added when installing shared libraries,
// but are added when building.
CMAKE_SKIP_INSTALL_RPATH:BOOL=NO

//If set, runtime paths are not added when using shared libraries.
CMAKE_SKIP_RPATH:BOOL=YES

//Flags used by the linker during the creation of static libraries
// during all build types.
CMAKE_STATIC_LINKER_FLAGS:STRING=

//Flags used by the linker during the creation of static libraries
// during DEBUG builds.
CMAKE_STATIC_LINKER_FLAGS_DEBUG:STRING=

//Flags used by the linker during the creation of static libraries
// during MINSIZEREL builds.
CMAKE_STATIC_LINKER_FLAGS_MINSIZEREL:STRING=

//Flags used by the linker during the creation of static libraries
// during RELEASE builds.
CMAKE_STATIC_LINKER_FLAGS_RELEASE:STRING=

//Flags used by the linker during the creation of static libraries
// during RELWITHDEBINFO builds.
CMAKE_STATIC_LINKER_FLAGS_RELWITHDEBINFO:STRING=

//Path to a program.
CMAKE_STRIP:FILEPATH=/usr/bin/strip

//If this value is on, makefiles will be generated without the
// .SILENT directive, and all commands will be echoed to the console
// during the make.  This is useful for debugging only. With Visual
// Studio IDE projects all commands are done without /nologo.
CMAKE_VERBOSE_MAKEFILE:BOOL=ON

//Dot tool for use with Doxygen
DOXYGEN_DOT_EXECUTABLE:FILEPATH=DOXYGEN_DOT_EXECUTABLE-NOTFOUND

//Doxygen documentation generation tool (http://www.doxygen.org)
DOXYGEN_EXECUTABLE:FILEPATH=DOXYGEN_EXECUTABLE-NOTFOUND

//Value Computed by CMake
LIB_POTASSCO_BINARY_DIR:STATIC=/<<PKGBUILDDIR>>/build/hardening_mt/clasp/libpotassco

//whether or not to build lpconvert tool
LIB_POTASSCO_BUILD_APP:BOOL=ON

//whether or not to build tests
LIB_POTASSCO_BUILD_TESTS:BOOL=ON

//whether or not to install libpotassco
LIB_POTASSCO_INSTALL_LIB:BOOL=OFF

//Value Computed by CMake
LIB_POTASSCO_SOURCE_DIR:STATIC=/<<PKGBUILDDIR>>/clasp/libpotassco

//Path to a file.
LUA_INCLUDE_PREFIX:PATH=/usr

//Path to a library.
LUA_LIBRARY:FILEPATH=/usr/lib/x86_64-linux-gnu/liblua5.3.so

//Path to a library.
LUA_MATH_LIBRARY:FILEPATH=/usr/lib/x86_64-linux-gnu/libm.so

//install the python module in the user's site directory
PYCLINGO_USER_INSTALL:BOOL=ON

//No help, variable specified on the command line.
PYTHON_EXECUTABLE:FILEPATH=/usr/bin/python3

//Path to a file.
PYTHON_INCLUDE_DIR:PATH=/usr/include/python3.6m

//Path to a library.
PYTHON_LIBRARY:FILEPATH=/usr/lib/x86_64-linux-gnu/libpython3.6m.so

//Path to a library.
PYTHON_LIBRARY_DEBUG:FILEPATH=PYTHON_LIBRARY_DEBUG-NOTFOUND

//path to the re2c executable
RE2C_EXECUTABLE:FILEPATH=/usr/bin/re2c

//Dependencies for the target
libclasp_LIB_DEPENDS:STATIC=general;libpotassco;

//Dependencies for the target
libclingo_LIB_DEPENDS:STATIC=general;libgringo;general;libclasp;

//Dependencies for the target
libgringo_LIB_DEPENDS:STATIC=general;libpotassco;general;libreify;

//Dependencies for the target
libluaclingo_LIB_DEPENDS:STATIC=general;libclingo;

//Dependencies for target
libpotassco_LIB_DEPENDS:STATIC=

//Dependencies for the target
libpyclingo_LIB_DEPENDS:STATIC=general;libclingo;

//Dependencies for the target
libreify_LIB_DEPENDS:STATIC=general;libpotassco;

//Dependencies for the target
luaclingo_LIB_DEPENDS:STATIC=general;libluaclingo;

//The directory containing a CMake configuration file for potassco.
potassco_DIR:PATH=potassco_DIR-NOTFOUND

//Dependencies for the target
pyclingo_LIB_DEPENDS:STATIC=general;libpyclingo;


########################
# INTERNAL cache entries
########################

//ADVANCED property for variable: BISON_EXECUTABLE
BISON_EXECUTABLE-ADVANCED:INTERNAL=1
//Test CLASP_HAS_WORKING_LIBATOMIC
CLASP_HAS_WORKING_LIBATOMIC:INTERNAL=1
//ADVANCED property for variable: CLINGO_BUILD_LUA_SHARED
CLINGO_BUILD_LUA_SHARED-ADVANCED:INTERNAL=1
//ADVANCED property for variable: CLINGO_BUILD_PY_SHARED
CLINGO_BUILD_PY_SHARED-ADVANCED:INTERNAL=1
//ADVANCED property for variable: CLINGO_BUILD_SHARED
CLINGO_BUILD_SHARED-ADVANCED:INTERNAL=1
//ADVANCED property for variable: CLINGO_BUILD_STATIC
CLINGO_BUILD_STATIC-ADVANCED:INTERNAL=1
//ADVANCED property for variable: CLINGO_BUILD_WEB
CLINGO_BUILD_WEB-ADVANCED:INTERNAL=1
//ADVANCED property for variable: CMAKE_AR
CMAKE_AR-ADVANCED:INTERNAL=1
//This is the directory where this CMakeCache.txt was created
CMAKE_CACHEFILE_DIR:INTERNAL=/<<PKGBUILDDIR>>/build/hardening_mt
//Major version of cmake used to create the current loaded cache
CMAKE_CACHE_MAJOR_VERSION:INTERNAL=3
//Minor version of cmake used to create the current loaded cache
CMAKE_CACHE_MINOR_VERSION:INTERNAL=11
//Patch version of cmake used to create the current loaded cache
CMAKE_CACHE_PATCH_VERSION:INTERNAL=1
//ADVANCED property for variable: CMAKE_COLOR_MAKEFILE
CMAKE_COLOR_MAKEFILE-ADVANCED:INTERNAL=1
//Path to CMake executable.
CMAKE_COMMAND:INTERNAL=/usr/bin/cmake
//Path to cpack program executable.
CMAKE_CPACK_COMMAND:INTERNAL=/usr/bin/cpack
//Path to ctest program executable.
CMAKE_CTEST_COMMAND:INTERNAL=/usr/bin/ctest
//ADVANCED property for variable: CMAKE_CXX_COMPILER
CMAKE_CXX_COMPILER-ADVANCED:INTERNAL=1
//ADVANCED property for variable: CMAKE_CXX_COMPILER_AR
CMAKE_CXX_COMPILER_AR-ADVANCED:INTERNAL=1
//ADVANCED property for variable: CMAKE_CXX_COMPILER_RANLIB
CMAKE_CXX_COMPILER_RANLIB-ADVANCED:INTERNAL=1
//ADVANCED property for variable: CMAKE_CXX_FLAGS
CMAKE_CXX_FLAGS-ADVANCED:INTERNAL=1
//ADVANCED property for variable: CMAKE_CXX_FLAGS_DEBUG
CMAKE_CXX_FLAGS_DEBUG-ADVANCED:INTERNAL=1
//ADVANCED property for variable: CMAKE_CXX_FLAGS_MINSIZEREL
CMAKE_CXX_FLAGS_MINSIZEREL-ADVANCED:INTERNAL=1
//ADVANCED property for variable: CMAKE_CXX_FLAGS_RELEASE
CMAKE_CXX_FLAGS_RELEASE-ADVANCED:INTERNAL=1
//ADVANCED property for variable: CMAKE_CXX_FLAGS_RELWITHDEBINFO
CMAKE_CXX_FLAGS_RELWITHDEBINFO-ADVANCED:INTERNAL=1
//ADVANCED property for variable: CMAKE_C_COMPILER
CMAKE_C_COMPILER-ADVANCED:INTERNAL=1
//ADVANCED property for variable: CMAKE_C_COMPILER_AR
CMAKE_C_COMPILER_AR-ADVANCED:INTERNAL=1
//ADVANCED property for variable: CMAKE_C_COMPILER_RANLIB
CMAKE_C_COMPILER_RANLIB-ADVANCED:INTERNAL=1
//ADVANCED property for variable: CMAKE_C_FLAGS
CMAKE_C_FLAGS-ADVANCED:INTERNAL=1
//ADVANCED property for variable: CMAKE_C_FLAGS_DEBUG
CMAKE_C_FLAGS_DEBUG-ADVANCED:INTERNAL=1
//ADVANCED property for variable: CMAKE_C_FLAGS_MINSIZEREL
CMAKE_C_FLAGS_MINSIZEREL-ADVANCED:INTERNAL=1
//ADVANCED property for variable: CMAKE_C_FLAGS_RELEASE
CMAKE_C_FLAGS_RELEASE-ADVANCED:INTERNAL=1
//ADVANCED property for variable: CMAKE_C_FLAGS_RELWITHDEBINFO
CMAKE_C_FLAGS_RELWITHDEBINFO-ADVANCED:INTERNAL=1
//Executable file format
CMAKE_EXECUTABLE_FORMAT:INTERNAL=ELF
//ADVANCED property for variable: CMAKE_EXE_LINKER_FLAGS
CMAKE_EXE_LINKER_FLAGS-ADVANCED:INTERNAL=1
//ADVANCED property for variable: CMAKE_EXE_LINKER_FLAGS_DEBUG
CMAKE_EXE_LINKER_FLAGS_DEBUG-ADVANCED:INTERNAL=1
//ADVANCED property for variable: CMAKE_EXE_LINKER_FLAGS_MINSIZEREL
CMAKE_EXE_LINKER_FLAGS_MINSIZEREL-ADVANCED:INTERNAL=1
//ADVANCED property for variable: CMAKE_EXE_LINKER_FLAGS_RELEASE
CMAKE_EXE_LINKER_FLAGS_RELEASE-ADVANCED:INTERNAL=1
//ADVANCED property for variable: CMAKE_EXE_LINKER_FLAGS_RELWITHDEBINFO
CMAKE_EXE_LINKER_FLAGS_RELWITHDEBINFO-ADVANCED:INTERNAL=1
//ADVANCED property for variable: CMAKE_EXPORT_COMPILE_COMMANDS
CMAKE_EXPORT_COMPILE_COMMANDS-ADVANCED:INTERNAL=1
//Name of external makefile project generator.
CMAKE_EXTRA_GENERATOR:INTERNAL=
//Name of generator.
CMAKE_GENERATOR:INTERNAL=Unix Makefiles
//Generator instance identifier.
CMAKE_GENERATOR_INSTANCE:INTERNAL=
//Name of generator platform.
CMAKE_GENERATOR_PLATFORM:INTERNAL=
//Name of generator toolset.
CMAKE_GENERATOR_TOOLSET:INTERNAL=
//Have symbol pthread_create
CMAKE_HAVE_LIBC_CREATE:INTERNAL=
//Have library pthreads
CMAKE_HAVE_PTHREADS_CREATE:INTERNAL=
//Have library pthread
CMAKE_HAVE_PTHREAD_CREATE:INTERNAL=1
//Have include pthread.h
CMAKE_HAVE_PTHREAD_H:INTERNAL=1
//Source directory with the top level CMakeLists.txt file for this
// project
CMAKE_HOME_DIRECTORY:INTERNAL=/<<PKGBUILDDIR>>
//ADVANCED property for variable: CMAKE_INSTALL_BINDIR
CMAKE_INSTALL_BINDIR-ADVANCED:INTERNAL=1
//ADVANCED property for variable: CMAKE_INSTALL_DATADIR
CMAKE_INSTALL_DATADIR-ADVANCED:INTERNAL=1
//ADVANCED property for variable: CMAKE_INSTALL_DATAROOTDIR
CMAKE_INSTALL_DATAROOTDIR-ADVANCED:INTERNAL=1
//ADVANCED property for variable: CMAKE_INSTALL_DOCDIR
CMAKE_INSTALL_DOCDIR-ADVANCED:INTERNAL=1
//ADVANCED property for variable: CMAKE_INSTALL_INCLUDEDIR
CMAKE_INSTALL_INCLUDEDIR-ADVANCED:INTERNAL=1
//ADVANCED property for variable: CMAKE_INSTALL_INFODIR
CMAKE_INSTALL_INFODIR-ADVANCED:INTERNAL=1
//ADVANCED property for variable: CMAKE_INSTALL_LIBDIR
CMAKE_INSTALL_LIBDIR-ADVANCED:INTERNAL=1
//ADVANCED property for variable: CMAKE_INSTALL_LIBEXECDIR
CMAKE_INSTALL_LIBEXECDIR-ADVANCED:INTERNAL=1
//ADVANCED property for variable: CMAKE_INSTALL_LOCALEDIR
CMAKE_INSTALL_LOCALEDIR-ADVANCED:INTERNAL=1
//ADVANCED property for variable: CMAKE_INSTALL_LOCALSTATEDIR
CMAKE_INSTALL_LOCALSTATEDIR-ADVANCED:INTERNAL=1
//ADVANCED property for variable: CMAKE_INSTALL_MANDIR
CMAKE_INSTALL_MANDIR-ADVANCED:INTERNAL=1
//ADVANCED property for variable: CMAKE_INSTALL_OLDINCLUDEDIR
CMAKE_INSTALL_OLDINCLUDEDIR-ADVANCED:INTERNAL=1
//ADVANCED property for variable: CMAKE_INSTALL_RUNSTATEDIR
CMAKE_INSTALL_RUNSTATEDIR-ADVANCED:INTERNAL=1
//ADVANCED property for variable: CMAKE_INSTALL_SBINDIR
CMAKE_INSTALL_SBINDIR-ADVANCED:INTERNAL=1
//ADVANCED property for variable: CMAKE_INSTALL_SHAREDSTATEDIR
CMAKE_INSTALL_SHAREDSTATEDIR-ADVANCED:INTERNAL=1
//Install .so files without execute permission.
CMAKE_INSTALL_SO_NO_EXE:INTERNAL=1
//ADVANCED property for variable: CMAKE_INSTALL_SYSCONFDIR
CMAKE_INSTALL_SYSCONFDIR-ADVANCED:INTERNAL=1
//ADVANCED property for variable: CMAKE_LINKER
CMAKE_LINKER-ADVANCED:INTERNAL=1
//ADVANCED property for variable: CMAKE_MAKE_PROGRAM
CMAKE_MAKE_PROGRAM-ADVANCED:INTERNAL=1
//ADVANCED property for variable: CMAKE_MODULE_LINKER_FLAGS
CMAKE_MODULE_LINKER_FLAGS-ADVANCED:INTERNAL=1
//ADVANCED property for variable: CMAKE_MODULE_LINKER_FLAGS_DEBUG
CMAKE_MODULE_LINKER_FLAGS_DEBUG-ADVANCED:INTERNAL=1
//ADVANCED property for variable: CMAKE_MODULE_LINKER_FLAGS_MINSIZEREL
CMAKE_MODULE_LINKER_FLAGS_MINSIZEREL-ADVANCED:INTERNAL=1
//ADVANCED property for variable: CMAKE_MODULE_LINKER_FLAGS_RELEASE
CMAKE_MODULE_LINKER_FLAGS_RELEASE-ADVANCED:INTERNAL=1
//ADVANCED property for variable: CMAKE_MODULE_LINKER_FLAGS_RELWITHDEBINFO
CMAKE_MODULE_LINKER_FLAGS_RELWITHDEBINFO-ADVANCED:INTERNAL=1
//ADVANCED property for variable: CMAKE_NM
CMAKE_NM-ADVANCED:INTERNAL=1
//number of local generators
CMAKE_NUMBER_OF_MAKEFILES:INTERNAL=23
//ADVANCED property for variable: CMAKE_OBJCOPY
CMAKE_OBJCOPY-ADVANCED:INTERNAL=1
//ADVANCED property for variable: CMAKE_OBJDUMP
CMAKE_OBJDUMP-ADVANCED:INTERNAL=1
//Platform information initialized
CMAKE_PLATFORM_INFO_INITIALIZED:INTERNAL=1
//ADVANCED property for variable: CMAKE_RANLIB
CMAKE_RANLIB-ADVANCED:INTERNAL=1
//Path to CMake installation.
CMAKE_ROOT:INTERNAL=/usr/share/cmake-3.11
//ADVANCED property for variable: CMAKE_SHARED_LINKER_FLAGS
CMAKE_SHARED_LINKER_FLAGS-ADVANCED:INTERNAL=1
//ADVANCED property for variable: CMAKE_SHARED_LINKER_FLAGS_DEBUG
CMAKE_SHARED_LINKER_FLAGS_DEBUG-ADVANCED:INTERNAL=1
//ADVANCED property for variable: CMAKE_SHARED_LINKER_FLAGS_MINSIZEREL
CMAKE_SHARED_LINKER_FLAGS_MINSIZEREL-ADVANCED:INTERNAL=1
//ADVANCED property for variable: CMAKE_SHARED_LINKER_FLAGS_RELEASE
CMAKE_SHARED_LINKER_FLAGS_RELEASE-ADVANCED:INTERNAL=1
//ADVANCED property for variable: CMAKE_SHARED_LINKER_FLAGS_RELWITHDEBINFO
CMAKE_SHARED_LINKER_FLAGS_RELWITHDEBINFO-ADVANCED:INTERNAL=1
//ADVANCED property for variable: CMAKE_SKIP_INSTALL_RPATH
CMAKE_SKIP_INSTALL_RPATH-ADVANCED:INTERNAL=1
//ADVANCED property for variable: CMAKE_SKIP_RPATH
CMAKE_SKIP_RPATH-ADVANCED:INTERNAL=1
//ADVANCED property for variable: CMAKE_STATIC_LINKER_FLAGS
CMAKE_STATIC_LINKER_FLAGS-ADVANCED:INTERNAL=1
//ADVANCED property for variable: CMAKE_STATIC_LINKER_FLAGS_DEBUG
CMAKE_STATIC_LINKER_FLAGS_DEBUG-ADVANCED:INTERNAL=1
//ADVANCED property for variable: CMAKE_STATIC_LINKER_FLAGS_MINSIZEREL
CMAKE_STATIC_LINKER_FLAGS_MINSIZEREL-ADVANCED:INTERNAL=1
//ADVANCED property for variable: CMAKE_STATIC_LINKER_FLAGS_RELEASE
CMAKE_STATIC_LINKER_FLAGS_RELEASE-ADVANCED:INTERNAL=1
//ADVANCED property for variable: CMAKE_STATIC_LINKER_FLAGS_RELWITHDEBINFO
CMAKE_STATIC_LINKER_FLAGS_RELWITHDEBINFO-ADVANCED:INTERNAL=1
//ADVANCED property for variable: CMAKE_STRIP
CMAKE_STRIP-ADVANCED:INTERNAL=1
//uname command
CMAKE_UNAME:INTERNAL=/bin/uname
//ADVANCED property for variable: CMAKE_VERBOSE_MAKEFILE
CMAKE_VERBOSE_MAKEFILE-ADVANCED:INTERNAL=1
//ADVANCED property for variable: DOXYGEN_DOT_EXECUTABLE
DOXYGEN_DOT_EXECUTABLE-ADVANCED:INTERNAL=1
//ADVANCED property for variable: DOXYGEN_EXECUTABLE
DOXYGEN_EXECUTABLE-ADVANCED:INTERNAL=1
//Details about finding BISON
FIND_PACKAGE_MESSAGE_DETAILS_BISON:INTERNAL=[/usr/bin/bison][v3.0.4(2.5)]
//Details about finding Lua
FIND_PACKAGE_MESSAGE_DETAILS_Lua:INTERNAL=[/usr/lib/x86_64-linux-gnu/liblua5.3.so;/usr/lib/x86_64-linux-gnu/libm.so][/usr/include/lua5.3][v5.3.3()]
//Details about finding PythonInterp
FIND_PACKAGE_MESSAGE_DETAILS_PythonInterp:INTERNAL=[/usr/bin/python3][v3.6.5()]
//Details about finding PythonLibs
FIND_PACKAGE_MESSAGE_DETAILS_PythonLibs:INTERNAL=[/usr/lib/x86_64-linux-gnu/libpython3.6m.so][/usr/include/python3.6m][v3.6.5()]
//Details about finding RE2C
FIND_PACKAGE_MESSAGE_DETAILS_RE2C:INTERNAL=[/usr/bin/re2c][v0.100.1(0.13)]
//Details about finding Threads
FIND_PACKAGE_MESSAGE_DETAILS_Threads:INTERNAL=[TRUE][v()]
//ADVANCED property for variable: LUA_LIBRARY
LUA_LIBRARY-ADVANCED:INTERNAL=1
//ADVANCED property for variable: LUA_MATH_LIBRARY
LUA_MATH_LIBRARY-ADVANCED:INTERNAL=1
//ADVANCED property for variable: PYTHON_EXECUTABLE
PYTHON_EXECUTABLE-ADVANCED:INTERNAL=1
//ADVANCED property for variable: PYTHON_INCLUDE_DIR
PYTHON_INCLUDE_DIR-ADVANCED:INTERNAL=1
//ADVANCED property for variable: PYTHON_LIBRARY
PYTHON_LIBRARY-ADVANCED:INTERNAL=1
//ADVANCED property for variable: PYTHON_LIBRARY_DEBUG
PYTHON_LIBRARY_DEBUG-ADVANCED:INTERNAL=1
//ADVANCED property for variable: RE2C_EXECUTABLE
RE2C_EXECUTABLE-ADVANCED:INTERNAL=1
//CMAKE_INSTALL_PREFIX during last run
_GNUInstallDirs_LAST_CMAKE_INSTALL_PREFIX:INTERNAL=/usr

	cd build/hardening_mt && tail -v -n \+0 CMakeFiles/CMakeOutput.log
==> CMakeFiles/CMakeOutput.log <==
The system is: Linux - 4.9.0-5-amd64 - x86_64
Compiling the C compiler identification source file "CMakeCCompilerId.c" succeeded.
Compiler: /usr/bin/gcc-7 
Build flags: -g;-O2;-fdebug-prefix-map=/<<PKGBUILDDIR>>=.;-fstack-protector-strong;-Wformat;-Werror=format-security;-Wdate-time;-D_FORTIFY_SOURCE=2;-DNDEBUG
Id flags:  

The output was:
0


Compilation of the C compiler identification source "CMakeCCompilerId.c" produced "a.out"

The C compiler identification is Clang, found in "/<<PKGBUILDDIR>>/build/hardening_mt/CMakeFiles/3.11.1/CompilerIdC/a.out"

Compiling the CXX compiler identification source file "CMakeCXXCompilerId.cpp" succeeded.
Compiler: /usr/bin/g++-7 
Build flags: -g;-O2;-fdebug-prefix-map=/<<PKGBUILDDIR>>=.;-fstack-protector-strong;-Wformat;-Werror=format-security;-O3;-Wall;-Wdate-time;-D_FORTIFY_SOURCE=2;-DNDEBUG;-Wdate-time;-D_FORTIFY_SOURCE=2;-DNDEBUG
Id flags:  

The output was:
0


Compilation of the CXX compiler identification source "CMakeCXXCompilerId.cpp" produced "a.out"

The CXX compiler identification is Clang, found in "/<<PKGBUILDDIR>>/build/hardening_mt/CMakeFiles/3.11.1/CompilerIdCXX/a.out"

Determining if the C compiler works passed with the following output:
Change Dir: /<<PKGBUILDDIR>>/build/hardening_mt/CMakeFiles/CMakeTmp

Run Build Command:"/usr/bin/make" "cmTC_956de/fast"
make[2]: Entering directory '/<<PKGBUILDDIR>>/build/hardening_mt/CMakeFiles/CMakeTmp'
/usr/bin/make -f CMakeFiles/cmTC_956de.dir/build.make CMakeFiles/cmTC_956de.dir/build
make[3]: Entering directory '/<<PKGBUILDDIR>>/build/hardening_mt/CMakeFiles/CMakeTmp'
Building C object CMakeFiles/cmTC_956de.dir/testCCompiler.c.o
/usr/bin/gcc-7   -g -O2 -fdebug-prefix-map=/<<PKGBUILDDIR>>=. -fstack-protector-strong -Wformat -Werror=format-security -Wdate-time -D_FORTIFY_SOURCE=2 -DNDEBUG    -o CMakeFiles/cmTC_956de.dir/testCCompiler.c.o   -c /<<PKGBUILDDIR>>/build/hardening_mt/CMakeFiles/CMakeTmp/testCCompiler.c
Linking C executable cmTC_956de
/usr/bin/cmake -E cmake_link_script CMakeFiles/cmTC_956de.dir/link.txt --verbose=1
/usr/bin/gcc-7 -g -O2 -fdebug-prefix-map=/<<PKGBUILDDIR>>=. -fstack-protector-strong -Wformat -Werror=format-security -Wdate-time -D_FORTIFY_SOURCE=2 -DNDEBUG   -Wl,-z,relro -Wl,-z,now  -rdynamic CMakeFiles/cmTC_956de.dir/testCCompiler.c.o  -o cmTC_956de 
make[3]: Leaving directory '/<<PKGBUILDDIR>>/build/hardening_mt/CMakeFiles/CMakeTmp'
make[2]: Leaving directory '/<<PKGBUILDDIR>>/build/hardening_mt/CMakeFiles/CMakeTmp'


Detecting C compiler ABI info compiled with the following output:
Change Dir: /<<PKGBUILDDIR>>/build/hardening_mt/CMakeFiles/CMakeTmp

Run Build Command:"/usr/bin/make" "cmTC_12585/fast"
make[2]: Entering directory '/<<PKGBUILDDIR>>/build/hardening_mt/CMakeFiles/CMakeTmp'
/usr/bin/make -f CMakeFiles/cmTC_12585.dir/build.make CMakeFiles/cmTC_12585.dir/build
make[3]: Entering directory '/<<PKGBUILDDIR>>/build/hardening_mt/CMakeFiles/CMakeTmp'
Building C object CMakeFiles/cmTC_12585.dir/CMakeCCompilerABI.c.o
/usr/bin/gcc-7   -g -O2 -fdebug-prefix-map=/<<PKGBUILDDIR>>=. -fstack-protector-strong -Wformat -Werror=format-security -Wdate-time -D_FORTIFY_SOURCE=2 -DNDEBUG    -o CMakeFiles/cmTC_12585.dir/CMakeCCompilerABI.c.o   -c /usr/share/cmake-3.11/Modules/CMakeCCompilerABI.c
Linking C executable cmTC_12585
/usr/bin/cmake -E cmake_link_script CMakeFiles/cmTC_12585.dir/link.txt --verbose=1
/usr/bin/gcc-7 -g -O2 -fdebug-prefix-map=/<<PKGBUILDDIR>>=. -fstack-protector-strong -Wformat -Werror=format-security -Wdate-time -D_FORTIFY_SOURCE=2 -DNDEBUG   -Wl,-z,relro -Wl,-z,now -v -rdynamic CMakeFiles/cmTC_12585.dir/CMakeCCompilerABI.c.o  -o cmTC_12585 
clang version 6.0.0-3 (tags/RELEASE_600/final)
Target: x86_64-pc-linux-gnu
Thread model: posix
InstalledDir: /usr/bin
Found candidate GCC installation: /usr/bin/../lib/gcc/x86_64-linux-gnu/6
Found candidate GCC installation: /usr/bin/../lib/gcc/x86_64-linux-gnu/6.4.0
Found candidate GCC installation: /usr/bin/../lib/gcc/x86_64-linux-gnu/7
Found candidate GCC installation: /usr/bin/../lib/gcc/x86_64-linux-gnu/7.3.0
Found candidate GCC installation: /usr/bin/../lib/gcc/x86_64-linux-gnu/8
Found candidate GCC installation: /usr/bin/../lib/gcc/x86_64-linux-gnu/8.0.1
Found candidate GCC installation: /usr/lib/gcc/x86_64-linux-gnu/6
Found candidate GCC installation: /usr/lib/gcc/x86_64-linux-gnu/6.4.0
Found candidate GCC installation: /usr/lib/gcc/x86_64-linux-gnu/7
Found candidate GCC installation: /usr/lib/gcc/x86_64-linux-gnu/7.3.0
Found candidate GCC installation: /usr/lib/gcc/x86_64-linux-gnu/8
Found candidate GCC installation: /usr/lib/gcc/x86_64-linux-gnu/8.0.1
Selected GCC installation: /usr/bin/../lib/gcc/x86_64-linux-gnu/7.3.0
Candidate multilib: .;@m64
Selected multilib: .;@m64
 "/usr/bin/ld" -export-dynamic --eh-frame-hdr -m elf_x86_64 -export-dynamic -dynamic-linker /lib64/ld-linux-x86-64.so.2 -o cmTC_12585 /usr/bin/../lib/gcc/x86_64-linux-gnu/7.3.0/../../../x86_64-linux-gnu/crt1.o /usr/bin/../lib/gcc/x86_64-linux-gnu/7.3.0/../../../x86_64-linux-gnu/crti.o /usr/bin/../lib/gcc/x86_64-linux-gnu/7.3.0/crtbegin.o -L/usr/bin/../lib/gcc/x86_64-linux-gnu/7.3.0 -L/usr/bin/../lib/gcc/x86_64-linux-gnu/7.3.0/../../../x86_64-linux-gnu -L/lib/x86_64-linux-gnu -L/lib/../lib64 -L/usr/lib/x86_64-linux-gnu -L/usr/bin/../lib/gcc/x86_64-linux-gnu/7.3.0/../../.. -L/usr/lib/llvm-6.0/bin/../lib -L/lib -L/usr/lib -z relro -z now CMakeFiles/cmTC_12585.dir/CMakeCCompilerABI.c.o -lgcc --as-needed -lgcc_s --no-as-needed -lc -lgcc --as-needed -lgcc_s --no-as-needed /usr/bin/../lib/gcc/x86_64-linux-gnu/7.3.0/crtend.o /usr/bin/../lib/gcc/x86_64-linux-gnu/7.3.0/../../../x86_64-linux-gnu/crtn.o
make[3]: Leaving directory '/<<PKGBUILDDIR>>/build/hardening_mt/CMakeFiles/CMakeTmp'
make[2]: Leaving directory '/<<PKGBUILDDIR>>/build/hardening_mt/CMakeFiles/CMakeTmp'


Parsed C implicit link information from above output:
  link line regex: [^( *|.*[/\])(ld|CMAKE_LINK_STARTFILE-NOTFOUND|([^/\]+-)?ld|collect2)[^/\]*( |$)]
  ignore line: [Change Dir: /<<PKGBUILDDIR>>/build/hardening_mt/CMakeFiles/CMakeTmp]
  ignore line: []
  ignore line: [Run Build Command:"/usr/bin/make" "cmTC_12585/fast"]
  ignore line: [make[2]: Entering directory '/<<PKGBUILDDIR>>/build/hardening_mt/CMakeFiles/CMakeTmp']
  ignore line: [/usr/bin/make -f CMakeFiles/cmTC_12585.dir/build.make CMakeFiles/cmTC_12585.dir/build]
  ignore line: [make[3]: Entering directory '/<<PKGBUILDDIR>>/build/hardening_mt/CMakeFiles/CMakeTmp']
  ignore line: [Building C object CMakeFiles/cmTC_12585.dir/CMakeCCompilerABI.c.o]
  ignore line: [/usr/bin/gcc-7   -g -O2 -fdebug-prefix-map=/<<PKGBUILDDIR>>=. -fstack-protector-strong -Wformat -Werror=format-security -Wdate-time -D_FORTIFY_SOURCE=2 -DNDEBUG    -o CMakeFiles/cmTC_12585.dir/CMakeCCompilerABI.c.o   -c /usr/share/cmake-3.11/Modules/CMakeCCompilerABI.c]
  ignore line: [Linking C executable cmTC_12585]
  ignore line: [/usr/bin/cmake -E cmake_link_script CMakeFiles/cmTC_12585.dir/link.txt --verbose=1]
  ignore line: [/usr/bin/gcc-7 -g -O2 -fdebug-prefix-map=/<<PKGBUILDDIR>>=. -fstack-protector-strong -Wformat -Werror=format-security -Wdate-time -D_FORTIFY_SOURCE=2 -DNDEBUG   -Wl,-z,relro -Wl,-z,now -v -rdynamic CMakeFiles/cmTC_12585.dir/CMakeCCompilerABI.c.o  -o cmTC_12585 ]
  ignore line: [clang version 6.0.0-3 (tags/RELEASE_600/final)]
  ignore line: [Target: x86_64-pc-linux-gnu]
  ignore line: [Thread model: posix]
  ignore line: [InstalledDir: /usr/bin]
  ignore line: [Found candidate GCC installation: /usr/bin/../lib/gcc/x86_64-linux-gnu/6]
  ignore line: [Found candidate GCC installation: /usr/bin/../lib/gcc/x86_64-linux-gnu/6.4.0]
  ignore line: [Found candidate GCC installation: /usr/bin/../lib/gcc/x86_64-linux-gnu/7]
  ignore line: [Found candidate GCC installation: /usr/bin/../lib/gcc/x86_64-linux-gnu/7.3.0]
  ignore line: [Found candidate GCC installation: /usr/bin/../lib/gcc/x86_64-linux-gnu/8]
  ignore line: [Found candidate GCC installation: /usr/bin/../lib/gcc/x86_64-linux-gnu/8.0.1]
  ignore line: [Found candidate GCC installation: /usr/lib/gcc/x86_64-linux-gnu/6]
  ignore line: [Found candidate GCC installation: /usr/lib/gcc/x86_64-linux-gnu/6.4.0]
  ignore line: [Found candidate GCC installation: /usr/lib/gcc/x86_64-linux-gnu/7]
  ignore line: [Found candidate GCC installation: /usr/lib/gcc/x86_64-linux-gnu/7.3.0]
  ignore line: [Found candidate GCC installation: /usr/lib/gcc/x86_64-linux-gnu/8]
  ignore line: [Found candidate GCC installation: /usr/lib/gcc/x86_64-linux-gnu/8.0.1]
  ignore line: [Selected GCC installation: /usr/bin/../lib/gcc/x86_64-linux-gnu/7.3.0]
  ignore line: [Candidate multilib: .]
  ignore line: [@m64]
  ignore line: [Selected multilib: .]
  ignore line: [@m64]
  link line: [ "/usr/bin/ld" -export-dynamic --eh-frame-hdr -m elf_x86_64 -export-dynamic -dynamic-linker /lib64/ld-linux-x86-64.so.2 -o cmTC_12585 /usr/bin/../lib/gcc/x86_64-linux-gnu/7.3.0/../../../x86_64-linux-gnu/crt1.o /usr/bin/../lib/gcc/x86_64-linux-gnu/7.3.0/../../../x86_64-linux-gnu/crti.o /usr/bin/../lib/gcc/x86_64-linux-gnu/7.3.0/crtbegin.o -L/usr/bin/../lib/gcc/x86_64-linux-gnu/7.3.0 -L/usr/bin/../lib/gcc/x86_64-linux-gnu/7.3.0/../../../x86_64-linux-gnu -L/lib/x86_64-linux-gnu -L/lib/../lib64 -L/usr/lib/x86_64-linux-gnu -L/usr/bin/../lib/gcc/x86_64-linux-gnu/7.3.0/../../.. -L/usr/lib/llvm-6.0/bin/../lib -L/lib -L/usr/lib -z relro -z now CMakeFiles/cmTC_12585.dir/CMakeCCompilerABI.c.o -lgcc --as-needed -lgcc_s --no-as-needed -lc -lgcc --as-needed -lgcc_s --no-as-needed /usr/bin/../lib/gcc/x86_64-linux-gnu/7.3.0/crtend.o /usr/bin/../lib/gcc/x86_64-linux-gnu/7.3.0/../../../x86_64-linux-gnu/crtn.o]
    arg [/usr/bin/ld] ==> ignore
    arg [-export-dynamic] ==> ignore
    arg [--eh-frame-hdr] ==> ignore
    arg [-m] ==> ignore
    arg [elf_x86_64] ==> ignore
    arg [-export-dynamic] ==> ignore
    arg [-dynamic-linker] ==> ignore
    arg [/lib64/ld-linux-x86-64.so.2] ==> ignore
    arg [-o] ==> ignore
    arg [cmTC_12585] ==> ignore
    arg [/usr/bin/../lib/gcc/x86_64-linux-gnu/7.3.0/../../../x86_64-linux-gnu/crt1.o] ==> ignore
    arg [/usr/bin/../lib/gcc/x86_64-linux-gnu/7.3.0/../../../x86_64-linux-gnu/crti.o] ==> ignore
    arg [/usr/bin/../lib/gcc/x86_64-linux-gnu/7.3.0/crtbegin.o] ==> ignore
    arg [-L/usr/bin/../lib/gcc/x86_64-linux-gnu/7.3.0] ==> dir [/usr/bin/../lib/gcc/x86_64-linux-gnu/7.3.0]
    arg [-L/usr/bin/../lib/gcc/x86_64-linux-gnu/7.3.0/../../../x86_64-linux-gnu] ==> dir [/usr/bin/../lib/gcc/x86_64-linux-gnu/7.3.0/../../../x86_64-linux-gnu]
    arg [-L/lib/x86_64-linux-gnu] ==> dir [/lib/x86_64-linux-gnu]
    arg [-L/lib/../lib64] ==> dir [/lib/../lib64]
    arg [-L/usr/lib/x86_64-linux-gnu] ==> dir [/usr/lib/x86_64-linux-gnu]
    arg [-L/usr/bin/../lib/gcc/x86_64-linux-gnu/7.3.0/../../..] ==> dir [/usr/bin/../lib/gcc/x86_64-linux-gnu/7.3.0/../../..]
    arg [-L/usr/lib/llvm-6.0/bin/../lib] ==> dir [/usr/lib/llvm-6.0/bin/../lib]
    arg [-L/lib] ==> dir [/lib]
    arg [-L/usr/lib] ==> dir [/usr/lib]
    arg [-zrelro] ==> ignore
    arg [-znow] ==> ignore
    arg [CMakeFiles/cmTC_12585.dir/CMakeCCompilerABI.c.o] ==> ignore
    arg [-lgcc] ==> lib [gcc]
    arg [--as-needed] ==> ignore
    arg [-lgcc_s] ==> lib [gcc_s]
    arg [--no-as-needed] ==> ignore
    arg [-lc] ==> lib [c]
    arg [-lgcc] ==> lib [gcc]
    arg [--as-needed] ==> ignore
    arg [-lgcc_s] ==> lib [gcc_s]
    arg [--no-as-needed] ==> ignore
    arg [/usr/bin/../lib/gcc/x86_64-linux-gnu/7.3.0/crtend.o] ==> ignore
    arg [/usr/bin/../lib/gcc/x86_64-linux-gnu/7.3.0/../../../x86_64-linux-gnu/crtn.o] ==> ignore
  collapse library dir [/usr/bin/../lib/gcc/x86_64-linux-gnu/7.3.0] ==> [/usr/lib/gcc/x86_64-linux-gnu/7.3.0]
  collapse library dir [/usr/bin/../lib/gcc/x86_64-linux-gnu/7.3.0/../../../x86_64-linux-gnu] ==> [/usr/lib/x86_64-linux-gnu]
  collapse library dir [/lib/x86_64-linux-gnu] ==> [/lib/x86_64-linux-gnu]
  collapse library dir [/lib/../lib64] ==> [/lib64]
  collapse library dir [/usr/lib/x86_64-linux-gnu] ==> [/usr/lib/x86_64-linux-gnu]
  collapse library dir [/usr/bin/../lib/gcc/x86_64-linux-gnu/7.3.0/../../..] ==> [/usr/lib]
  collapse library dir [/usr/lib/llvm-6.0/bin/../lib] ==> [/usr/lib/llvm-6.0/lib]
  collapse library dir [/lib] ==> [/lib]
  collapse library dir [/usr/lib] ==> [/usr/lib]
  implicit libs: [gcc;gcc_s;c;gcc;gcc_s]
  implicit dirs: [/usr/lib/gcc/x86_64-linux-gnu/7.3.0;/usr/lib/x86_64-linux-gnu;/lib/x86_64-linux-gnu;/lib64;/usr/lib;/usr/lib/llvm-6.0/lib;/lib]
  implicit fwks: []




Detecting C [-std=c11] compiler features compiled with the following output:
Change Dir: /<<PKGBUILDDIR>>/build/hardening_mt/CMakeFiles/CMakeTmp

Run Build Command:"/usr/bin/make" "cmTC_c2f07/fast"
make[2]: Entering directory '/<<PKGBUILDDIR>>/build/hardening_mt/CMakeFiles/CMakeTmp'
/usr/bin/make -f CMakeFiles/cmTC_c2f07.dir/build.make CMakeFiles/cmTC_c2f07.dir/build
make[3]: Entering directory '/<<PKGBUILDDIR>>/build/hardening_mt/CMakeFiles/CMakeTmp'
Building C object CMakeFiles/cmTC_c2f07.dir/feature_tests.c.o
/usr/bin/gcc-7   -g -O2 -fdebug-prefix-map=/<<PKGBUILDDIR>>=. -fstack-protector-strong -Wformat -Werror=format-security -Wdate-time -D_FORTIFY_SOURCE=2 -DNDEBUG    -std=c11 -o CMakeFiles/cmTC_c2f07.dir/feature_tests.c.o   -c /<<PKGBUILDDIR>>/build/hardening_mt/CMakeFiles/feature_tests.c
Linking C executable cmTC_c2f07
/usr/bin/cmake -E cmake_link_script CMakeFiles/cmTC_c2f07.dir/link.txt --verbose=1
/usr/bin/gcc-7 -g -O2 -fdebug-prefix-map=/<<PKGBUILDDIR>>=. -fstack-protector-strong -Wformat -Werror=format-security -Wdate-time -D_FORTIFY_SOURCE=2 -DNDEBUG   -Wl,-z,relro -Wl,-z,now  -rdynamic CMakeFiles/cmTC_c2f07.dir/feature_tests.c.o  -o cmTC_c2f07 
make[3]: Leaving directory '/<<PKGBUILDDIR>>/build/hardening_mt/CMakeFiles/CMakeTmp'
make[2]: Leaving directory '/<<PKGBUILDDIR>>/build/hardening_mt/CMakeFiles/CMakeTmp'


    Feature record: C_FEATURE:1c_function_prototypes
    Feature record: C_FEATURE:1c_restrict
    Feature record: C_FEATURE:1c_static_assert
    Feature record: C_FEATURE:1c_variadic_macros


Detecting C [-std=c99] compiler features compiled with the following output:
Change Dir: /<<PKGBUILDDIR>>/build/hardening_mt/CMakeFiles/CMakeTmp

Run Build Command:"/usr/bin/make" "cmTC_f523f/fast"
make[2]: Entering directory '/<<PKGBUILDDIR>>/build/hardening_mt/CMakeFiles/CMakeTmp'
/usr/bin/make -f CMakeFiles/cmTC_f523f.dir/build.make CMakeFiles/cmTC_f523f.dir/build
make[3]: Entering directory '/<<PKGBUILDDIR>>/build/hardening_mt/CMakeFiles/CMakeTmp'
Building C object CMakeFiles/cmTC_f523f.dir/feature_tests.c.o
/usr/bin/gcc-7   -g -O2 -fdebug-prefix-map=/<<PKGBUILDDIR>>=. -fstack-protector-strong -Wformat -Werror=format-security -Wdate-time -D_FORTIFY_SOURCE=2 -DNDEBUG    -std=c99 -o CMakeFiles/cmTC_f523f.dir/feature_tests.c.o   -c /<<PKGBUILDDIR>>/build/hardening_mt/CMakeFiles/feature_tests.c
Linking C executable cmTC_f523f
/usr/bin/cmake -E cmake_link_script CMakeFiles/cmTC_f523f.dir/link.txt --verbose=1
/usr/bin/gcc-7 -g -O2 -fdebug-prefix-map=/<<PKGBUILDDIR>>=. -fstack-protector-strong -Wformat -Werror=format-security -Wdate-time -D_FORTIFY_SOURCE=2 -DNDEBUG   -Wl,-z,relro -Wl,-z,now  -rdynamic CMakeFiles/cmTC_f523f.dir/feature_tests.c.o  -o cmTC_f523f 
make[3]: Leaving directory '/<<PKGBUILDDIR>>/build/hardening_mt/CMakeFiles/CMakeTmp'
make[2]: Leaving directory '/<<PKGBUILDDIR>>/build/hardening_mt/CMakeFiles/CMakeTmp'


    Feature record: C_FEATURE:1c_function_prototypes
    Feature record: C_FEATURE:1c_restrict
    Feature record: C_FEATURE:0c_static_assert
    Feature record: C_FEATURE:1c_variadic_macros


Detecting C [-std=c90] compiler features compiled with the following output:
Change Dir: /<<PKGBUILDDIR>>/build/hardening_mt/CMakeFiles/CMakeTmp

Run Build Command:"/usr/bin/make" "cmTC_ce2dd/fast"
make[2]: Entering directory '/<<PKGBUILDDIR>>/build/hardening_mt/CMakeFiles/CMakeTmp'
/usr/bin/make -f CMakeFiles/cmTC_ce2dd.dir/build.make CMakeFiles/cmTC_ce2dd.dir/build
make[3]: Entering directory '/<<PKGBUILDDIR>>/build/hardening_mt/CMakeFiles/CMakeTmp'
Building C object CMakeFiles/cmTC_ce2dd.dir/feature_tests.c.o
/usr/bin/gcc-7   -g -O2 -fdebug-prefix-map=/<<PKGBUILDDIR>>=. -fstack-protector-strong -Wformat -Werror=format-security -Wdate-time -D_FORTIFY_SOURCE=2 -DNDEBUG    -std=c90 -o CMakeFiles/cmTC_ce2dd.dir/feature_tests.c.o   -c /<<PKGBUILDDIR>>/build/hardening_mt/CMakeFiles/feature_tests.c
Linking C executable cmTC_ce2dd
/usr/bin/cmake -E cmake_link_script CMakeFiles/cmTC_ce2dd.dir/link.txt --verbose=1
/usr/bin/gcc-7 -g -O2 -fdebug-prefix-map=/<<PKGBUILDDIR>>=. -fstack-protector-strong -Wformat -Werror=format-security -Wdate-time -D_FORTIFY_SOURCE=2 -DNDEBUG   -Wl,-z,relro -Wl,-z,now  -rdynamic CMakeFiles/cmTC_ce2dd.dir/feature_tests.c.o  -o cmTC_ce2dd 
make[3]: Leaving directory '/<<PKGBUILDDIR>>/build/hardening_mt/CMakeFiles/CMakeTmp'
make[2]: Leaving directory '/<<PKGBUILDDIR>>/build/hardening_mt/CMakeFiles/CMakeTmp'


    Feature record: C_FEATURE:1c_function_prototypes
    Feature record: C_FEATURE:0c_restrict
    Feature record: C_FEATURE:0c_static_assert
    Feature record: C_FEATURE:0c_variadic_macros
Determining if the CXX compiler works passed with the following output:
Change Dir: /<<PKGBUILDDIR>>/build/hardening_mt/CMakeFiles/CMakeTmp

Run Build Command:"/usr/bin/make" "cmTC_8a97d/fast"
make[2]: Entering directory '/<<PKGBUILDDIR>>/build/hardening_mt/CMakeFiles/CMakeTmp'
/usr/bin/make -f CMakeFiles/cmTC_8a97d.dir/build.make CMakeFiles/cmTC_8a97d.dir/build
make[3]: Entering directory '/<<PKGBUILDDIR>>/build/hardening_mt/CMakeFiles/CMakeTmp'
Building CXX object CMakeFiles/cmTC_8a97d.dir/testCXXCompiler.cxx.o
/usr/bin/g++-7    -g -O2 -fdebug-prefix-map=/<<PKGBUILDDIR>>=. -fstack-protector-strong -Wformat -Werror=format-security -O3 -Wall -Wdate-time -D_FORTIFY_SOURCE=2 -DNDEBUG -Wdate-time -D_FORTIFY_SOURCE=2 -DNDEBUG    -o CMakeFiles/cmTC_8a97d.dir/testCXXCompiler.cxx.o -c /<<PKGBUILDDIR>>/build/hardening_mt/CMakeFiles/CMakeTmp/testCXXCompiler.cxx
Linking CXX executable cmTC_8a97d
/usr/bin/cmake -E cmake_link_script CMakeFiles/cmTC_8a97d.dir/link.txt --verbose=1
/usr/bin/g++-7  -g -O2 -fdebug-prefix-map=/<<PKGBUILDDIR>>=. -fstack-protector-strong -Wformat -Werror=format-security -O3 -Wall -Wdate-time -D_FORTIFY_SOURCE=2 -DNDEBUG -Wdate-time -D_FORTIFY_SOURCE=2 -DNDEBUG   -Wl,-z,relro -Wl,-z,now  -rdynamic CMakeFiles/cmTC_8a97d.dir/testCXXCompiler.cxx.o  -o cmTC_8a97d 
make[3]: Leaving directory '/<<PKGBUILDDIR>>/build/hardening_mt/CMakeFiles/CMakeTmp'
make[2]: Leaving directory '/<<PKGBUILDDIR>>/build/hardening_mt/CMakeFiles/CMakeTmp'


Detecting CXX compiler ABI info compiled with the following output:
Change Dir: /<<PKGBUILDDIR>>/build/hardening_mt/CMakeFiles/CMakeTmp

Run Build Command:"/usr/bin/make" "cmTC_e1def/fast"
make[2]: Entering directory '/<<PKGBUILDDIR>>/build/hardening_mt/CMakeFiles/CMakeTmp'
/usr/bin/make -f CMakeFiles/cmTC_e1def.dir/build.make CMakeFiles/cmTC_e1def.dir/build
make[3]: Entering directory '/<<PKGBUILDDIR>>/build/hardening_mt/CMakeFiles/CMakeTmp'
Building CXX object CMakeFiles/cmTC_e1def.dir/CMakeCXXCompilerABI.cpp.o
/usr/bin/g++-7    -g -O2 -fdebug-prefix-map=/<<PKGBUILDDIR>>=. -fstack-protector-strong -Wformat -Werror=format-security -O3 -Wall -Wdate-time -D_FORTIFY_SOURCE=2 -DNDEBUG -Wdate-time -D_FORTIFY_SOURCE=2 -DNDEBUG    -o CMakeFiles/cmTC_e1def.dir/CMakeCXXCompilerABI.cpp.o -c /usr/share/cmake-3.11/Modules/CMakeCXXCompilerABI.cpp
Linking CXX executable cmTC_e1def
/usr/bin/cmake -E cmake_link_script CMakeFiles/cmTC_e1def.dir/link.txt --verbose=1
/usr/bin/g++-7  -g -O2 -fdebug-prefix-map=/<<PKGBUILDDIR>>=. -fstack-protector-strong -Wformat -Werror=format-security -O3 -Wall -Wdate-time -D_FORTIFY_SOURCE=2 -DNDEBUG -Wdate-time -D_FORTIFY_SOURCE=2 -DNDEBUG   -Wl,-z,relro -Wl,-z,now -v -rdynamic CMakeFiles/cmTC_e1def.dir/CMakeCXXCompilerABI.cpp.o  -o cmTC_e1def 
clang version 6.0.0-3 (tags/RELEASE_600/final)
Target: x86_64-pc-linux-gnu
Thread model: posix
InstalledDir: /usr/bin
Found candidate GCC installation: /usr/bin/../lib/gcc/x86_64-linux-gnu/6
Found candidate GCC installation: /usr/bin/../lib/gcc/x86_64-linux-gnu/6.4.0
Found candidate GCC installation: /usr/bin/../lib/gcc/x86_64-linux-gnu/7
Found candidate GCC installation: /usr/bin/../lib/gcc/x86_64-linux-gnu/7.3.0
Found candidate GCC installation: /usr/bin/../lib/gcc/x86_64-linux-gnu/8
Found candidate GCC installation: /usr/bin/../lib/gcc/x86_64-linux-gnu/8.0.1
Found candidate GCC installation: /usr/lib/gcc/x86_64-linux-gnu/6
Found candidate GCC installation: /usr/lib/gcc/x86_64-linux-gnu/6.4.0
Found candidate GCC installation: /usr/lib/gcc/x86_64-linux-gnu/7
Found candidate GCC installation: /usr/lib/gcc/x86_64-linux-gnu/7.3.0
Found candidate GCC installation: /usr/lib/gcc/x86_64-linux-gnu/8
Found candidate GCC installation: /usr/lib/gcc/x86_64-linux-gnu/8.0.1
Selected GCC installation: /usr/bin/../lib/gcc/x86_64-linux-gnu/7.3.0
Candidate multilib: .;@m64
Selected multilib: .;@m64
 "/usr/bin/ld" -export-dynamic --eh-frame-hdr -m elf_x86_64 -export-dynamic -dynamic-linker /lib64/ld-linux-x86-64.so.2 -o cmTC_e1def /usr/bin/../lib/gcc/x86_64-linux-gnu/7.3.0/../../../x86_64-linux-gnu/crt1.o /usr/bin/../lib/gcc/x86_64-linux-gnu/7.3.0/../../../x86_64-linux-gnu/crti.o /usr/bin/../lib/gcc/x86_64-linux-gnu/7.3.0/crtbegin.o -L/usr/bin/../lib/gcc/x86_64-linux-gnu/7.3.0 -L/usr/bin/../lib/gcc/x86_64-linux-gnu/7.3.0/../../../x86_64-linux-gnu -L/lib/x86_64-linux-gnu -L/lib/../lib64 -L/usr/lib/x86_64-linux-gnu -L/usr/bin/../lib/gcc/x86_64-linux-gnu/7.3.0/../../.. -L/usr/lib/llvm-6.0/bin/../lib -L/lib -L/usr/lib -z relro -z now CMakeFiles/cmTC_e1def.dir/CMakeCXXCompilerABI.cpp.o -lstdc++ -lm -lgcc_s -lgcc -lc -lgcc_s -lgcc /usr/bin/../lib/gcc/x86_64-linux-gnu/7.3.0/crtend.o /usr/bin/../lib/gcc/x86_64-linux-gnu/7.3.0/../../../x86_64-linux-gnu/crtn.o
make[3]: Leaving directory '/<<PKGBUILDDIR>>/build/hardening_mt/CMakeFiles/CMakeTmp'
make[2]: Leaving directory '/<<PKGBUILDDIR>>/build/hardening_mt/CMakeFiles/CMakeTmp'


Parsed CXX implicit link information from above output:
  link line regex: [^( *|.*[/\])(ld|CMAKE_LINK_STARTFILE-NOTFOUND|([^/\]+-)?ld|collect2)[^/\]*( |$)]
  ignore line: [Change Dir: /<<PKGBUILDDIR>>/build/hardening_mt/CMakeFiles/CMakeTmp]
  ignore line: []
  ignore line: [Run Build Command:"/usr/bin/make" "cmTC_e1def/fast"]
  ignore line: [make[2]: Entering directory '/<<PKGBUILDDIR>>/build/hardening_mt/CMakeFiles/CMakeTmp']
  ignore line: [/usr/bin/make -f CMakeFiles/cmTC_e1def.dir/build.make CMakeFiles/cmTC_e1def.dir/build]
  ignore line: [make[3]: Entering directory '/<<PKGBUILDDIR>>/build/hardening_mt/CMakeFiles/CMakeTmp']
  ignore line: [Building CXX object CMakeFiles/cmTC_e1def.dir/CMakeCXXCompilerABI.cpp.o]
  ignore line: [/usr/bin/g++-7    -g -O2 -fdebug-prefix-map=/<<PKGBUILDDIR>>=. -fstack-protector-strong -Wformat -Werror=format-security -O3 -Wall -Wdate-time -D_FORTIFY_SOURCE=2 -DNDEBUG -Wdate-time -D_FORTIFY_SOURCE=2 -DNDEBUG    -o CMakeFiles/cmTC_e1def.dir/CMakeCXXCompilerABI.cpp.o -c /usr/share/cmake-3.11/Modules/CMakeCXXCompilerABI.cpp]
  ignore line: [Linking CXX executable cmTC_e1def]
  ignore line: [/usr/bin/cmake -E cmake_link_script CMakeFiles/cmTC_e1def.dir/link.txt --verbose=1]
  ignore line: [/usr/bin/g++-7  -g -O2 -fdebug-prefix-map=/<<PKGBUILDDIR>>=. -fstack-protector-strong -Wformat -Werror=format-security -O3 -Wall -Wdate-time -D_FORTIFY_SOURCE=2 -DNDEBUG -Wdate-time -D_FORTIFY_SOURCE=2 -DNDEBUG   -Wl,-z,relro -Wl,-z,now -v -rdynamic CMakeFiles/cmTC_e1def.dir/CMakeCXXCompilerABI.cpp.o  -o cmTC_e1def ]
  ignore line: [clang version 6.0.0-3 (tags/RELEASE_600/final)]
  ignore line: [Target: x86_64-pc-linux-gnu]
  ignore line: [Thread model: posix]
  ignore line: [InstalledDir: /usr/bin]
  ignore line: [Found candidate GCC installation: /usr/bin/../lib/gcc/x86_64-linux-gnu/6]
  ignore line: [Found candidate GCC installation: /usr/bin/../lib/gcc/x86_64-linux-gnu/6.4.0]
  ignore line: [Found candidate GCC installation: /usr/bin/../lib/gcc/x86_64-linux-gnu/7]
  ignore line: [Found candidate GCC installation: /usr/bin/../lib/gcc/x86_64-linux-gnu/7.3.0]
  ignore line: [Found candidate GCC installation: /usr/bin/../lib/gcc/x86_64-linux-gnu/8]
  ignore line: [Found candidate GCC installation: /usr/bin/../lib/gcc/x86_64-linux-gnu/8.0.1]
  ignore line: [Found candidate GCC installation: /usr/lib/gcc/x86_64-linux-gnu/6]
  ignore line: [Found candidate GCC installation: /usr/lib/gcc/x86_64-linux-gnu/6.4.0]
  ignore line: [Found candidate GCC installation: /usr/lib/gcc/x86_64-linux-gnu/7]
  ignore line: [Found candidate GCC installation: /usr/lib/gcc/x86_64-linux-gnu/7.3.0]
  ignore line: [Found candidate GCC installation: /usr/lib/gcc/x86_64-linux-gnu/8]
  ignore line: [Found candidate GCC installation: /usr/lib/gcc/x86_64-linux-gnu/8.0.1]
  ignore line: [Selected GCC installation: /usr/bin/../lib/gcc/x86_64-linux-gnu/7.3.0]
  ignore line: [Candidate multilib: .]
  ignore line: [@m64]
  ignore line: [Selected multilib: .]
  ignore line: [@m64]
  link line: [ "/usr/bin/ld" -export-dynamic --eh-frame-hdr -m elf_x86_64 -export-dynamic -dynamic-linker /lib64/ld-linux-x86-64.so.2 -o cmTC_e1def /usr/bin/../lib/gcc/x86_64-linux-gnu/7.3.0/../../../x86_64-linux-gnu/crt1.o /usr/bin/../lib/gcc/x86_64-linux-gnu/7.3.0/../../../x86_64-linux-gnu/crti.o /usr/bin/../lib/gcc/x86_64-linux-gnu/7.3.0/crtbegin.o -L/usr/bin/../lib/gcc/x86_64-linux-gnu/7.3.0 -L/usr/bin/../lib/gcc/x86_64-linux-gnu/7.3.0/../../../x86_64-linux-gnu -L/lib/x86_64-linux-gnu -L/lib/../lib64 -L/usr/lib/x86_64-linux-gnu -L/usr/bin/../lib/gcc/x86_64-linux-gnu/7.3.0/../../.. -L/usr/lib/llvm-6.0/bin/../lib -L/lib -L/usr/lib -z relro -z now CMakeFiles/cmTC_e1def.dir/CMakeCXXCompilerABI.cpp.o -lstdc++ -lm -lgcc_s -lgcc -lc -lgcc_s -lgcc /usr/bin/../lib/gcc/x86_64-linux-gnu/7.3.0/crtend.o /usr/bin/../lib/gcc/x86_64-linux-gnu/7.3.0/../../../x86_64-linux-gnu/crtn.o]
    arg [/usr/bin/ld] ==> ignore
    arg [-export-dynamic] ==> ignore
    arg [--eh-frame-hdr] ==> ignore
    arg [-m] ==> ignore
    arg [elf_x86_64] ==> ignore
    arg [-export-dynamic] ==> ignore
    arg [-dynamic-linker] ==> ignore
    arg [/lib64/ld-linux-x86-64.so.2] ==> ignore
    arg [-o] ==> ignore
    arg [cmTC_e1def] ==> ignore
    arg [/usr/bin/../lib/gcc/x86_64-linux-gnu/7.3.0/../../../x86_64-linux-gnu/crt1.o] ==> ignore
    arg [/usr/bin/../lib/gcc/x86_64-linux-gnu/7.3.0/../../../x86_64-linux-gnu/crti.o] ==> ignore
    arg [/usr/bin/../lib/gcc/x86_64-linux-gnu/7.3.0/crtbegin.o] ==> ignore
    arg [-L/usr/bin/../lib/gcc/x86_64-linux-gnu/7.3.0] ==> dir [/usr/bin/../lib/gcc/x86_64-linux-gnu/7.3.0]
    arg [-L/usr/bin/../lib/gcc/x86_64-linux-gnu/7.3.0/../../../x86_64-linux-gnu] ==> dir [/usr/bin/../lib/gcc/x86_64-linux-gnu/7.3.0/../../../x86_64-linux-gnu]
    arg [-L/lib/x86_64-linux-gnu] ==> dir [/lib/x86_64-linux-gnu]
    arg [-L/lib/../lib64] ==> dir [/lib/../lib64]
    arg [-L/usr/lib/x86_64-linux-gnu] ==> dir [/usr/lib/x86_64-linux-gnu]
    arg [-L/usr/bin/../lib/gcc/x86_64-linux-gnu/7.3.0/../../..] ==> dir [/usr/bin/../lib/gcc/x86_64-linux-gnu/7.3.0/../../..]
    arg [-L/usr/lib/llvm-6.0/bin/../lib] ==> dir [/usr/lib/llvm-6.0/bin/../lib]
    arg [-L/lib] ==> dir [/lib]
    arg [-L/usr/lib] ==> dir [/usr/lib]
    arg [-zrelro] ==> ignore
    arg [-znow] ==> ignore
    arg [CMakeFiles/cmTC_e1def.dir/CMakeCXXCompilerABI.cpp.o] ==> ignore
    arg [-lstdc++] ==> lib [stdc++]
    arg [-lm] ==> lib [m]
    arg [-lgcc_s] ==> lib [gcc_s]
    arg [-lgcc] ==> lib [gcc]
    arg [-lc] ==> lib [c]
    arg [-lgcc_s] ==> lib [gcc_s]
    arg [-lgcc] ==> lib [gcc]
    arg [/usr/bin/../lib/gcc/x86_64-linux-gnu/7.3.0/crtend.o] ==> ignore
    arg [/usr/bin/../lib/gcc/x86_64-linux-gnu/7.3.0/../../../x86_64-linux-gnu/crtn.o] ==> ignore
  collapse library dir [/usr/bin/../lib/gcc/x86_64-linux-gnu/7.3.0] ==> [/usr/lib/gcc/x86_64-linux-gnu/7.3.0]
  collapse library dir [/usr/bin/../lib/gcc/x86_64-linux-gnu/7.3.0/../../../x86_64-linux-gnu] ==> [/usr/lib/x86_64-linux-gnu]
  collapse library dir [/lib/x86_64-linux-gnu] ==> [/lib/x86_64-linux-gnu]
  collapse library dir [/lib/../lib64] ==> [/lib64]
  collapse library dir [/usr/lib/x86_64-linux-gnu] ==> [/usr/lib/x86_64-linux-gnu]
  collapse library dir [/usr/bin/../lib/gcc/x86_64-linux-gnu/7.3.0/../../..] ==> [/usr/lib]
  collapse library dir [/usr/lib/llvm-6.0/bin/../lib] ==> [/usr/lib/llvm-6.0/lib]
  collapse library dir [/lib] ==> [/lib]
  collapse library dir [/usr/lib] ==> [/usr/lib]
  implicit libs: [stdc++;m;gcc_s;gcc;c;gcc_s;gcc]
  implicit dirs: [/usr/lib/gcc/x86_64-linux-gnu/7.3.0;/usr/lib/x86_64-linux-gnu;/lib/x86_64-linux-gnu;/lib64;/usr/lib;/usr/lib/llvm-6.0/lib;/lib]
  implicit fwks: []




Detecting CXX [-std=c++1z] compiler features compiled with the following output:
Change Dir: /<<PKGBUILDDIR>>/build/hardening_mt/CMakeFiles/CMakeTmp

Run Build Command:"/usr/bin/make" "cmTC_915e6/fast"
make[2]: Entering directory '/<<PKGBUILDDIR>>/build/hardening_mt/CMakeFiles/CMakeTmp'
/usr/bin/make -f CMakeFiles/cmTC_915e6.dir/build.make CMakeFiles/cmTC_915e6.dir/build
make[3]: Entering directory '/<<PKGBUILDDIR>>/build/hardening_mt/CMakeFiles/CMakeTmp'
Building CXX object CMakeFiles/cmTC_915e6.dir/feature_tests.cxx.o
/usr/bin/g++-7    -g -O2 -fdebug-prefix-map=/<<PKGBUILDDIR>>=. -fstack-protector-strong -Wformat -Werror=format-security -O3 -Wall -Wdate-time -D_FORTIFY_SOURCE=2 -DNDEBUG -Wdate-time -D_FORTIFY_SOURCE=2 -DNDEBUG    -std=c++1z -o CMakeFiles/cmTC_915e6.dir/feature_tests.cxx.o -c /<<PKGBUILDDIR>>/build/hardening_mt/CMakeFiles/feature_tests.cxx
Linking CXX executable cmTC_915e6
/usr/bin/cmake -E cmake_link_script CMakeFiles/cmTC_915e6.dir/link.txt --verbose=1
/usr/bin/g++-7  -g -O2 -fdebug-prefix-map=/<<PKGBUILDDIR>>=. -fstack-protector-strong -Wformat -Werror=format-security -O3 -Wall -Wdate-time -D_FORTIFY_SOURCE=2 -DNDEBUG -Wdate-time -D_FORTIFY_SOURCE=2 -DNDEBUG   -Wl,-z,relro -Wl,-z,now  -rdynamic CMakeFiles/cmTC_915e6.dir/feature_tests.cxx.o  -o cmTC_915e6 
make[3]: Leaving directory '/<<PKGBUILDDIR>>/build/hardening_mt/CMakeFiles/CMakeTmp'
make[2]: Leaving directory '/<<PKGBUILDDIR>>/build/hardening_mt/CMakeFiles/CMakeTmp'


    Feature record: CXX_FEATURE:1cxx_aggregate_default_initializers
    Feature record: CXX_FEATURE:1cxx_alias_templates
    Feature record: CXX_FEATURE:1cxx_alignas
    Feature record: CXX_FEATURE:1cxx_alignof
    Feature record: CXX_FEATURE:1cxx_attributes
    Feature record: CXX_FEATURE:1cxx_attribute_deprecated
    Feature record: CXX_FEATURE:1cxx_auto_type
    Feature record: CXX_FEATURE:1cxx_binary_literals
    Feature record: CXX_FEATURE:1cxx_constexpr
    Feature record: CXX_FEATURE:1cxx_contextual_conversions
    Feature record: CXX_FEATURE:1cxx_decltype
    Feature record: CXX_FEATURE:1cxx_decltype_auto
    Feature record: CXX_FEATURE:1cxx_decltype_incomplete_return_types
    Feature record: CXX_FEATURE:1cxx_default_function_template_args
    Feature record: CXX_FEATURE:1cxx_defaulted_functions
    Feature record: CXX_FEATURE:1cxx_defaulted_move_initializers
    Feature record: CXX_FEATURE:1cxx_delegating_constructors
    Feature record: CXX_FEATURE:1cxx_deleted_functions
    Feature record: CXX_FEATURE:1cxx_digit_separators
    Feature record: CXX_FEATURE:1cxx_enum_forward_declarations
    Feature record: CXX_FEATURE:1cxx_explicit_conversions
    Feature record: CXX_FEATURE:1cxx_extended_friend_declarations
    Feature record: CXX_FEATURE:1cxx_extern_templates
    Feature record: CXX_FEATURE:1cxx_final
    Feature record: CXX_FEATURE:1cxx_func_identifier
    Feature record: CXX_FEATURE:1cxx_generalized_initializers
    Feature record: CXX_FEATURE:1cxx_generic_lambdas
    Feature record: CXX_FEATURE:1cxx_inheriting_constructors
    Feature record: CXX_FEATURE:1cxx_inline_namespaces
    Feature record: CXX_FEATURE:1cxx_lambdas
    Feature record: CXX_FEATURE:1cxx_lambda_init_captures
    Feature record: CXX_FEATURE:1cxx_local_type_template_args
    Feature record: CXX_FEATURE:1cxx_long_long_type
    Feature record: CXX_FEATURE:1cxx_noexcept
    Feature record: CXX_FEATURE:1cxx_nonstatic_member_init
    Feature record: CXX_FEATURE:1cxx_nullptr
    Feature record: CXX_FEATURE:1cxx_override
    Feature record: CXX_FEATURE:1cxx_range_for
    Feature record: CXX_FEATURE:1cxx_raw_string_literals
    Feature record: CXX_FEATURE:1cxx_reference_qualified_functions
    Feature record: CXX_FEATURE:1cxx_relaxed_constexpr
    Feature record: CXX_FEATURE:1cxx_return_type_deduction
    Feature record: CXX_FEATURE:1cxx_right_angle_brackets
    Feature record: CXX_FEATURE:1cxx_rvalue_references
    Feature record: CXX_FEATURE:1cxx_sizeof_member
    Feature record: CXX_FEATURE:1cxx_static_assert
    Feature record: CXX_FEATURE:1cxx_strong_enums
    Feature record: CXX_FEATURE:1cxx_template_template_parameters
    Feature record: CXX_FEATURE:1cxx_thread_local
    Feature record: CXX_FEATURE:1cxx_trailing_return_types
    Feature record: CXX_FEATURE:1cxx_unicode_literals
    Feature record: CXX_FEATURE:1cxx_uniform_initialization
    Feature record: CXX_FEATURE:1cxx_unrestricted_unions
    Feature record: CXX_FEATURE:1cxx_user_literals
    Feature record: CXX_FEATURE:1cxx_variable_templates
    Feature record: CXX_FEATURE:1cxx_variadic_macros
    Feature record: CXX_FEATURE:1cxx_variadic_templates


Detecting CXX [-std=c++14] compiler features compiled with the following output:
Change Dir: /<<PKGBUILDDIR>>/build/hardening_mt/CMakeFiles/CMakeTmp

Run Build Command:"/usr/bin/make" "cmTC_91de9/fast"
make[2]: Entering directory '/<<PKGBUILDDIR>>/build/hardening_mt/CMakeFiles/CMakeTmp'
/usr/bin/make -f CMakeFiles/cmTC_91de9.dir/build.make CMakeFiles/cmTC_91de9.dir/build
make[3]: Entering directory '/<<PKGBUILDDIR>>/build/hardening_mt/CMakeFiles/CMakeTmp'
Building CXX object CMakeFiles/cmTC_91de9.dir/feature_tests.cxx.o
/usr/bin/g++-7    -g -O2 -fdebug-prefix-map=/<<PKGBUILDDIR>>=. -fstack-protector-strong -Wformat -Werror=format-security -O3 -Wall -Wdate-time -D_FORTIFY_SOURCE=2 -DNDEBUG -Wdate-time -D_FORTIFY_SOURCE=2 -DNDEBUG    -std=c++14 -o CMakeFiles/cmTC_91de9.dir/feature_tests.cxx.o -c /<<PKGBUILDDIR>>/build/hardening_mt/CMakeFiles/feature_tests.cxx
Linking CXX executable cmTC_91de9
/usr/bin/cmake -E cmake_link_script CMakeFiles/cmTC_91de9.dir/link.txt --verbose=1
/usr/bin/g++-7  -g -O2 -fdebug-prefix-map=/<<PKGBUILDDIR>>=. -fstack-protector-strong -Wformat -Werror=format-security -O3 -Wall -Wdate-time -D_FORTIFY_SOURCE=2 -DNDEBUG -Wdate-time -D_FORTIFY_SOURCE=2 -DNDEBUG   -Wl,-z,relro -Wl,-z,now  -rdynamic CMakeFiles/cmTC_91de9.dir/feature_tests.cxx.o  -o cmTC_91de9 
make[3]: Leaving directory '/<<PKGBUILDDIR>>/build/hardening_mt/CMakeFiles/CMakeTmp'
make[2]: Leaving directory '/<<PKGBUILDDIR>>/build/hardening_mt/CMakeFiles/CMakeTmp'


    Feature record: CXX_FEATURE:1cxx_aggregate_default_initializers
    Feature record: CXX_FEATURE:1cxx_alias_templates
    Feature record: CXX_FEATURE:1cxx_alignas
    Feature record: CXX_FEATURE:1cxx_alignof
    Feature record: CXX_FEATURE:1cxx_attributes
    Feature record: CXX_FEATURE:1cxx_attribute_deprecated
    Feature record: CXX_FEATURE:1cxx_auto_type
    Feature record: CXX_FEATURE:1cxx_binary_literals
    Feature record: CXX_FEATURE:1cxx_constexpr
    Feature record: CXX_FEATURE:1cxx_contextual_conversions
    Feature record: CXX_FEATURE:1cxx_decltype
    Feature record: CXX_FEATURE:1cxx_decltype_auto
    Feature record: CXX_FEATURE:1cxx_decltype_incomplete_return_types
    Feature record: CXX_FEATURE:1cxx_default_function_template_args
    Feature record: CXX_FEATURE:1cxx_defaulted_functions
    Feature record: CXX_FEATURE:1cxx_defaulted_move_initializers
    Feature record: CXX_FEATURE:1cxx_delegating_constructors
    Feature record: CXX_FEATURE:1cxx_deleted_functions
    Feature record: CXX_FEATURE:1cxx_digit_separators
    Feature record: CXX_FEATURE:1cxx_enum_forward_declarations
    Feature record: CXX_FEATURE:1cxx_explicit_conversions
    Feature record: CXX_FEATURE:1cxx_extended_friend_declarations
    Feature record: CXX_FEATURE:1cxx_extern_templates
    Feature record: CXX_FEATURE:1cxx_final
    Feature record: CXX_FEATURE:1cxx_func_identifier
    Feature record: CXX_FEATURE:1cxx_generalized_initializers
    Feature record: CXX_FEATURE:1cxx_generic_lambdas
    Feature record: CXX_FEATURE:1cxx_inheriting_constructors
    Feature record: CXX_FEATURE:1cxx_inline_namespaces
    Feature record: CXX_FEATURE:1cxx_lambdas
    Feature record: CXX_FEATURE:1cxx_lambda_init_captures
    Feature record: CXX_FEATURE:1cxx_local_type_template_args
    Feature record: CXX_FEATURE:1cxx_long_long_type
    Feature record: CXX_FEATURE:1cxx_noexcept
    Feature record: CXX_FEATURE:1cxx_nonstatic_member_init
    Feature record: CXX_FEATURE:1cxx_nullptr
    Feature record: CXX_FEATURE:1cxx_override
    Feature record: CXX_FEATURE:1cxx_range_for
    Feature record: CXX_FEATURE:1cxx_raw_string_literals
    Feature record: CXX_FEATURE:1cxx_reference_qualified_functions
    Feature record: CXX_FEATURE:1cxx_relaxed_constexpr
    Feature record: CXX_FEATURE:1cxx_return_type_deduction
    Feature record: CXX_FEATURE:1cxx_right_angle_brackets
    Feature record: CXX_FEATURE:1cxx_rvalue_references
    Feature record: CXX_FEATURE:1cxx_sizeof_member
    Feature record: CXX_FEATURE:1cxx_static_assert
    Feature record: CXX_FEATURE:1cxx_strong_enums
    Feature record: CXX_FEATURE:1cxx_template_template_parameters
    Feature record: CXX_FEATURE:1cxx_thread_local
    Feature record: CXX_FEATURE:1cxx_trailing_return_types
    Feature record: CXX_FEATURE:1cxx_unicode_literals
    Feature record: CXX_FEATURE:1cxx_uniform_initialization
    Feature record: CXX_FEATURE:1cxx_unrestricted_unions
    Feature record: CXX_FEATURE:1cxx_user_literals
    Feature record: CXX_FEATURE:1cxx_variable_templates
    Feature record: CXX_FEATURE:1cxx_variadic_macros
    Feature record: CXX_FEATURE:1cxx_variadic_templates


Detecting CXX [-std=c++11] compiler features compiled with the following output:
Change Dir: /<<PKGBUILDDIR>>/build/hardening_mt/CMakeFiles/CMakeTmp

Run Build Command:"/usr/bin/make" "cmTC_b2e9e/fast"
make[2]: Entering directory '/<<PKGBUILDDIR>>/build/hardening_mt/CMakeFiles/CMakeTmp'
/usr/bin/make -f CMakeFiles/cmTC_b2e9e.dir/build.make CMakeFiles/cmTC_b2e9e.dir/build
make[3]: Entering directory '/<<PKGBUILDDIR>>/build/hardening_mt/CMakeFiles/CMakeTmp'
Building CXX object CMakeFiles/cmTC_b2e9e.dir/feature_tests.cxx.o
/usr/bin/g++-7    -g -O2 -fdebug-prefix-map=/<<PKGBUILDDIR>>=. -fstack-protector-strong -Wformat -Werror=format-security -O3 -Wall -Wdate-time -D_FORTIFY_SOURCE=2 -DNDEBUG -Wdate-time -D_FORTIFY_SOURCE=2 -DNDEBUG    -std=c++11 -o CMakeFiles/cmTC_b2e9e.dir/feature_tests.cxx.o -c /<<PKGBUILDDIR>>/build/hardening_mt/CMakeFiles/feature_tests.cxx
Linking CXX executable cmTC_b2e9e
/usr/bin/cmake -E cmake_link_script CMakeFiles/cmTC_b2e9e.dir/link.txt --verbose=1
/usr/bin/g++-7  -g -O2 -fdebug-prefix-map=/<<PKGBUILDDIR>>=. -fstack-protector-strong -Wformat -Werror=format-security -O3 -Wall -Wdate-time -D_FORTIFY_SOURCE=2 -DNDEBUG -Wdate-time -D_FORTIFY_SOURCE=2 -DNDEBUG   -Wl,-z,relro -Wl,-z,now  -rdynamic CMakeFiles/cmTC_b2e9e.dir/feature_tests.cxx.o  -o cmTC_b2e9e 
make[3]: Leaving directory '/<<PKGBUILDDIR>>/build/hardening_mt/CMakeFiles/CMakeTmp'
make[2]: Leaving directory '/<<PKGBUILDDIR>>/build/hardening_mt/CMakeFiles/CMakeTmp'


    Feature record: CXX_FEATURE:0cxx_aggregate_default_initializers
    Feature record: CXX_FEATURE:1cxx_alias_templates
    Feature record: CXX_FEATURE:1cxx_alignas
    Feature record: CXX_FEATURE:1cxx_alignof
    Feature record: CXX_FEATURE:1cxx_attributes
    Feature record: CXX_FEATURE:0cxx_attribute_deprecated
    Feature record: CXX_FEATURE:1cxx_auto_type
    Feature record: CXX_FEATURE:0cxx_binary_literals
    Feature record: CXX_FEATURE:1cxx_constexpr
    Feature record: CXX_FEATURE:0cxx_contextual_conversions
    Feature record: CXX_FEATURE:1cxx_decltype
    Feature record: CXX_FEATURE:0cxx_decltype_auto
    Feature record: CXX_FEATURE:1cxx_decltype_incomplete_return_types
    Feature record: CXX_FEATURE:1cxx_default_function_template_args
    Feature record: CXX_FEATURE:1cxx_defaulted_functions
    Feature record: CXX_FEATURE:1cxx_defaulted_move_initializers
    Feature record: CXX_FEATURE:1cxx_delegating_constructors
    Feature record: CXX_FEATURE:1cxx_deleted_functions
    Feature record: CXX_FEATURE:0cxx_digit_separators
    Feature record: CXX_FEATURE:1cxx_enum_forward_declarations
    Feature record: CXX_FEATURE:1cxx_explicit_conversions
    Feature record: CXX_FEATURE:1cxx_extended_friend_declarations
    Feature record: CXX_FEATURE:1cxx_extern_templates
    Feature record: CXX_FEATURE:1cxx_final
    Feature record: CXX_FEATURE:1cxx_func_identifier
    Feature record: CXX_FEATURE:1cxx_generalized_initializers
    Feature record: CXX_FEATURE:0cxx_generic_lambdas
    Feature record: CXX_FEATURE:1cxx_inheriting_constructors
    Feature record: CXX_FEATURE:1cxx_inline_namespaces
    Feature record: CXX_FEATURE:1cxx_lambdas
    Feature record: CXX_FEATURE:0cxx_lambda_init_captures
    Feature record: CXX_FEATURE:1cxx_local_type_template_args
    Feature record: CXX_FEATURE:1cxx_long_long_type
    Feature record: CXX_FEATURE:1cxx_noexcept
    Feature record: CXX_FEATURE:1cxx_nonstatic_member_init
    Feature record: CXX_FEATURE:1cxx_nullptr
    Feature record: CXX_FEATURE:1cxx_override
    Feature record: CXX_FEATURE:1cxx_range_for
    Feature record: CXX_FEATURE:1cxx_raw_string_literals
    Feature record: CXX_FEATURE:1cxx_reference_qualified_functions
    Feature record: CXX_FEATURE:0cxx_relaxed_constexpr
    Feature record: CXX_FEATURE:0cxx_return_type_deduction
    Feature record: CXX_FEATURE:1cxx_right_angle_brackets
    Feature record: CXX_FEATURE:1cxx_rvalue_references
    Feature record: CXX_FEATURE:1cxx_sizeof_member
    Feature record: CXX_FEATURE:1cxx_static_assert
    Feature record: CXX_FEATURE:1cxx_strong_enums
    Feature record: CXX_FEATURE:1cxx_template_template_parameters
    Feature record: CXX_FEATURE:1cxx_thread_local
    Feature record: CXX_FEATURE:1cxx_trailing_return_types
    Feature record: CXX_FEATURE:1cxx_unicode_literals
    Feature record: CXX_FEATURE:1cxx_uniform_initialization
    Feature record: CXX_FEATURE:1cxx_unrestricted_unions
    Feature record: CXX_FEATURE:1cxx_user_literals
    Feature record: CXX_FEATURE:0cxx_variable_templates
    Feature record: CXX_FEATURE:1cxx_variadic_macros
    Feature record: CXX_FEATURE:1cxx_variadic_templates


Detecting CXX [-std=c++98] compiler features compiled with the following output:
Change Dir: /<<PKGBUILDDIR>>/build/hardening_mt/CMakeFiles/CMakeTmp

Run Build Command:"/usr/bin/make" "cmTC_c1447/fast"
make[2]: Entering directory '/<<PKGBUILDDIR>>/build/hardening_mt/CMakeFiles/CMakeTmp'
/usr/bin/make -f CMakeFiles/cmTC_c1447.dir/build.make CMakeFiles/cmTC_c1447.dir/build
make[3]: Entering directory '/<<PKGBUILDDIR>>/build/hardening_mt/CMakeFiles/CMakeTmp'
Building CXX object CMakeFiles/cmTC_c1447.dir/feature_tests.cxx.o
/usr/bin/g++-7    -g -O2 -fdebug-prefix-map=/<<PKGBUILDDIR>>=. -fstack-protector-strong -Wformat -Werror=format-security -O3 -Wall -Wdate-time -D_FORTIFY_SOURCE=2 -DNDEBUG -Wdate-time -D_FORTIFY_SOURCE=2 -DNDEBUG    -std=c++98 -o CMakeFiles/cmTC_c1447.dir/feature_tests.cxx.o -c /<<PKGBUILDDIR>>/build/hardening_mt/CMakeFiles/feature_tests.cxx
Linking CXX executable cmTC_c1447
/usr/bin/cmake -E cmake_link_script CMakeFiles/cmTC_c1447.dir/link.txt --verbose=1
/usr/bin/g++-7  -g -O2 -fdebug-prefix-map=/<<PKGBUILDDIR>>=. -fstack-protector-strong -Wformat -Werror=format-security -O3 -Wall -Wdate-time -D_FORTIFY_SOURCE=2 -DNDEBUG -Wdate-time -D_FORTIFY_SOURCE=2 -DNDEBUG   -Wl,-z,relro -Wl,-z,now  -rdynamic CMakeFiles/cmTC_c1447.dir/feature_tests.cxx.o  -o cmTC_c1447 
make[3]: Leaving directory '/<<PKGBUILDDIR>>/build/hardening_mt/CMakeFiles/CMakeTmp'
make[2]: Leaving directory '/<<PKGBUILDDIR>>/build/hardening_mt/CMakeFiles/CMakeTmp'


    Feature record: CXX_FEATURE:0cxx_aggregate_default_initializers
    Feature record: CXX_FEATURE:0cxx_alias_templates
    Feature record: CXX_FEATURE:0cxx_alignas
    Feature record: CXX_FEATURE:0cxx_alignof
    Feature record: CXX_FEATURE:0cxx_attributes
    Feature record: CXX_FEATURE:0cxx_attribute_deprecated
    Feature record: CXX_FEATURE:0cxx_auto_type
    Feature record: CXX_FEATURE:0cxx_binary_literals
    Feature record: CXX_FEATURE:0cxx_constexpr
    Feature record: CXX_FEATURE:0cxx_contextual_conversions
    Feature record: CXX_FEATURE:0cxx_decltype
    Feature record: CXX_FEATURE:0cxx_decltype_auto
    Feature record: CXX_FEATURE:0cxx_decltype_incomplete_return_types
    Feature record: CXX_FEATURE:0cxx_default_function_template_args
    Feature record: CXX_FEATURE:0cxx_defaulted_functions
    Feature record: CXX_FEATURE:0cxx_defaulted_move_initializers
    Feature record: CXX_FEATURE:0cxx_delegating_constructors
    Feature record: CXX_FEATURE:0cxx_deleted_functions
    Feature record: CXX_FEATURE:0cxx_digit_separators
    Feature record: CXX_FEATURE:0cxx_enum_forward_declarations
    Feature record: CXX_FEATURE:0cxx_explicit_conversions
    Feature record: CXX_FEATURE:0cxx_extended_friend_declarations
    Feature record: CXX_FEATURE:0cxx_extern_templates
    Feature record: CXX_FEATURE:0cxx_final
    Feature record: CXX_FEATURE:0cxx_func_identifier
    Feature record: CXX_FEATURE:0cxx_generalized_initializers
    Feature record: CXX_FEATURE:0cxx_generic_lambdas
    Feature record: CXX_FEATURE:0cxx_inheriting_constructors
    Feature record: CXX_FEATURE:0cxx_inline_namespaces
    Feature record: CXX_FEATURE:0cxx_lambdas
    Feature record: CXX_FEATURE:0cxx_lambda_init_captures
    Feature record: CXX_FEATURE:0cxx_local_type_template_args
    Feature record: CXX_FEATURE:0cxx_long_long_type
    Feature record: CXX_FEATURE:0cxx_noexcept
    Feature record: CXX_FEATURE:0cxx_nonstatic_member_init
    Feature record: CXX_FEATURE:0cxx_nullptr
    Feature record: CXX_FEATURE:0cxx_override
    Feature record: CXX_FEATURE:0cxx_range_for
    Feature record: CXX_FEATURE:0cxx_raw_string_literals
    Feature record: CXX_FEATURE:0cxx_reference_qualified_functions
    Feature record: CXX_FEATURE:0cxx_relaxed_constexpr
    Feature record: CXX_FEATURE:0cxx_return_type_deduction
    Feature record: CXX_FEATURE:0cxx_right_angle_brackets
    Feature record: CXX_FEATURE:0cxx_rvalue_references
    Feature record: CXX_FEATURE:0cxx_sizeof_member
    Feature record: CXX_FEATURE:0cxx_static_assert
    Feature record: CXX_FEATURE:0cxx_strong_enums
    Feature record: CXX_FEATURE:1cxx_template_template_parameters
    Feature record: CXX_FEATURE:0cxx_thread_local
    Feature record: CXX_FEATURE:0cxx_trailing_return_types
    Feature record: CXX_FEATURE:0cxx_unicode_literals
    Feature record: CXX_FEATURE:0cxx_uniform_initialization
    Feature record: CXX_FEATURE:0cxx_unrestricted_unions
    Feature record: CXX_FEATURE:0cxx_user_literals
    Feature record: CXX_FEATURE:0cxx_variable_templates
    Feature record: CXX_FEATURE:0cxx_variadic_macros
    Feature record: CXX_FEATURE:0cxx_variadic_templates
Determining if the include file pthread.h exists passed with the following output:
Change Dir: /<<PKGBUILDDIR>>/build/hardening_mt/CMakeFiles/CMakeTmp

Run Build Command:"/usr/bin/make" "cmTC_328f3/fast"
make[2]: Entering directory '/<<PKGBUILDDIR>>/build/hardening_mt/CMakeFiles/CMakeTmp'
/usr/bin/make -f CMakeFiles/cmTC_328f3.dir/build.make CMakeFiles/cmTC_328f3.dir/build
make[3]: Entering directory '/<<PKGBUILDDIR>>/build/hardening_mt/CMakeFiles/CMakeTmp'
Building C object CMakeFiles/cmTC_328f3.dir/CheckIncludeFile.c.o
/usr/bin/gcc-7   -g -O2 -fdebug-prefix-map=/<<PKGBUILDDIR>>=. -fstack-protector-strong -Wformat -Werror=format-security -Wdate-time -D_FORTIFY_SOURCE=2 -DNDEBUG    -o CMakeFiles/cmTC_328f3.dir/CheckIncludeFile.c.o   -c /<<PKGBUILDDIR>>/build/hardening_mt/CMakeFiles/CMakeTmp/CheckIncludeFile.c
Linking C executable cmTC_328f3
/usr/bin/cmake -E cmake_link_script CMakeFiles/cmTC_328f3.dir/link.txt --verbose=1
/usr/bin/gcc-7 -g -O2 -fdebug-prefix-map=/<<PKGBUILDDIR>>=. -fstack-protector-strong -Wformat -Werror=format-security -Wdate-time -D_FORTIFY_SOURCE=2 -DNDEBUG   -Wl,-z,relro -Wl,-z,now  -rdynamic CMakeFiles/cmTC_328f3.dir/CheckIncludeFile.c.o  -o cmTC_328f3 
make[3]: Leaving directory '/<<PKGBUILDDIR>>/build/hardening_mt/CMakeFiles/CMakeTmp'
make[2]: Leaving directory '/<<PKGBUILDDIR>>/build/hardening_mt/CMakeFiles/CMakeTmp'


Determining if the function pthread_create exists in the pthread passed with the following output:
Change Dir: /<<PKGBUILDDIR>>/build/hardening_mt/CMakeFiles/CMakeTmp

Run Build Command:"/usr/bin/make" "cmTC_4504e/fast"
make[2]: Entering directory '/<<PKGBUILDDIR>>/build/hardening_mt/CMakeFiles/CMakeTmp'
/usr/bin/make -f CMakeFiles/cmTC_4504e.dir/build.make CMakeFiles/cmTC_4504e.dir/build
make[3]: Entering directory '/<<PKGBUILDDIR>>/build/hardening_mt/CMakeFiles/CMakeTmp'
Building C object CMakeFiles/cmTC_4504e.dir/CheckFunctionExists.c.o
/usr/bin/gcc-7   -g -O2 -fdebug-prefix-map=/<<PKGBUILDDIR>>=. -fstack-protector-strong -Wformat -Werror=format-security -Wdate-time -D_FORTIFY_SOURCE=2 -DNDEBUG -DCHECK_FUNCTION_EXISTS=pthread_create   -o CMakeFiles/cmTC_4504e.dir/CheckFunctionExists.c.o   -c /usr/share/cmake-3.11/Modules/CheckFunctionExists.c
Linking C executable cmTC_4504e
/usr/bin/cmake -E cmake_link_script CMakeFiles/cmTC_4504e.dir/link.txt --verbose=1
/usr/bin/gcc-7 -g -O2 -fdebug-prefix-map=/<<PKGBUILDDIR>>=. -fstack-protector-strong -Wformat -Werror=format-security -Wdate-time -D_FORTIFY_SOURCE=2 -DNDEBUG -DCHECK_FUNCTION_EXISTS=pthread_create  -Wl,-z,relro -Wl,-z,now  -rdynamic CMakeFiles/cmTC_4504e.dir/CheckFunctionExists.c.o  -o cmTC_4504e -lpthread 
make[3]: Leaving directory '/<<PKGBUILDDIR>>/build/hardening_mt/CMakeFiles/CMakeTmp'
make[2]: Leaving directory '/<<PKGBUILDDIR>>/build/hardening_mt/CMakeFiles/CMakeTmp'


Performing C++ SOURCE FILE Test CLASP_HAS_WORKING_LIBATOMIC succeeded with the following output:
Change Dir: /<<PKGBUILDDIR>>/build/hardening_mt/CMakeFiles/CMakeTmp

Run Build Command:"/usr/bin/make" "cmTC_bf946/fast"
make[2]: Entering directory '/<<PKGBUILDDIR>>/build/hardening_mt/CMakeFiles/CMakeTmp'
/usr/bin/make -f CMakeFiles/cmTC_bf946.dir/build.make CMakeFiles/cmTC_bf946.dir/build
make[3]: Entering directory '/<<PKGBUILDDIR>>/build/hardening_mt/CMakeFiles/CMakeTmp'
Building CXX object CMakeFiles/cmTC_bf946.dir/src.cxx.o
/usr/bin/g++-7    -g -O2 -fdebug-prefix-map=/<<PKGBUILDDIR>>=. -fstack-protector-strong -Wformat -Werror=format-security -O3 -Wall -Wdate-time -D_FORTIFY_SOURCE=2 -DNDEBUG -Wdate-time -D_FORTIFY_SOURCE=2 -DNDEBUG -DCLASP_HAS_WORKING_LIBATOMIC -std=c++11   -o CMakeFiles/cmTC_bf946.dir/src.cxx.o -c /<<PKGBUILDDIR>>/build/hardening_mt/CMakeFiles/CMakeTmp/src.cxx
/<<PKGBUILDDIR>>/build/hardening_mt/CMakeFiles/CMakeTmp/src.cxx:6:11: warning: unused variable 'i' [-Wunused-variable]
        uint64_t i = x.load(std::memory_order_relaxed);
                 ^
1 warning generated.
Linking CXX executable cmTC_bf946
/usr/bin/cmake -E cmake_link_script CMakeFiles/cmTC_bf946.dir/link.txt --verbose=1
/usr/bin/g++-7  -g -O2 -fdebug-prefix-map=/<<PKGBUILDDIR>>=. -fstack-protector-strong -Wformat -Werror=format-security -O3 -Wall -Wdate-time -D_FORTIFY_SOURCE=2 -DNDEBUG -Wdate-time -D_FORTIFY_SOURCE=2 -DNDEBUG -DCLASP_HAS_WORKING_LIBATOMIC -std=c++11  -Wl,-z,relro -Wl,-z,now  -rdynamic CMakeFiles/cmTC_bf946.dir/src.cxx.o  -o cmTC_bf946 -lpthread 
make[3]: Leaving directory '/<<PKGBUILDDIR>>/build/hardening_mt/CMakeFiles/CMakeTmp'
make[2]: Leaving directory '/<<PKGBUILDDIR>>/build/hardening_mt/CMakeFiles/CMakeTmp'

Source file was:

#include <atomic>
#include <cstdint>
std::atomic<uint64_t> x (0);
int main() {
	uint64_t i = x.load(std::memory_order_relaxed);
	return 0;
}

	cd build/hardening_mt && tail -v -n \+0 CMakeFiles/CMakeError.log
==> CMakeFiles/CMakeError.log <==
Determining if the pthread_create exist failed with the following output:
Change Dir: /<<PKGBUILDDIR>>/build/hardening_mt/CMakeFiles/CMakeTmp

Run Build Command:"/usr/bin/make" "cmTC_86499/fast"
make[2]: Entering directory '/<<PKGBUILDDIR>>/build/hardening_mt/CMakeFiles/CMakeTmp'
/usr/bin/make -f CMakeFiles/cmTC_86499.dir/build.make CMakeFiles/cmTC_86499.dir/build
make[3]: Entering directory '/<<PKGBUILDDIR>>/build/hardening_mt/CMakeFiles/CMakeTmp'
Building C object CMakeFiles/cmTC_86499.dir/CheckSymbolExists.c.o
/usr/bin/gcc-7   -g -O2 -fdebug-prefix-map=/<<PKGBUILDDIR>>=. -fstack-protector-strong -Wformat -Werror=format-security -Wdate-time -D_FORTIFY_SOURCE=2 -DNDEBUG    -o CMakeFiles/cmTC_86499.dir/CheckSymbolExists.c.o   -c /<<PKGBUILDDIR>>/build/hardening_mt/CMakeFiles/CMakeTmp/CheckSymbolExists.c
Linking C executable cmTC_86499
/usr/bin/cmake -E cmake_link_script CMakeFiles/cmTC_86499.dir/link.txt --verbose=1
/usr/bin/gcc-7 -g -O2 -fdebug-prefix-map=/<<PKGBUILDDIR>>=. -fstack-protector-strong -Wformat -Werror=format-security -Wdate-time -D_FORTIFY_SOURCE=2 -DNDEBUG   -Wl,-z,relro -Wl,-z,now  -rdynamic CMakeFiles/cmTC_86499.dir/CheckSymbolExists.c.o  -o cmTC_86499 
CMakeFiles/cmTC_86499.dir/CheckSymbolExists.c.o: In function `main':
./build/hardening_mt/CMakeFiles/CMakeTmp/./build/hardening_mt/CMakeFiles/CMakeTmp/CheckSymbolExists.c:8: undefined reference to `pthread_create'
clang: error: linker command failed with exit code 1 (use -v to see invocation)
make[3]: *** [CMakeFiles/cmTC_86499.dir/build.make:87: cmTC_86499] Error 1
make[3]: Leaving directory '/<<PKGBUILDDIR>>/build/hardening_mt/CMakeFiles/CMakeTmp'
make[2]: *** [Makefile:126: cmTC_86499/fast] Error 2
make[2]: Leaving directory '/<<PKGBUILDDIR>>/build/hardening_mt/CMakeFiles/CMakeTmp'

File /<<PKGBUILDDIR>>/build/hardening_mt/CMakeFiles/CMakeTmp/CheckSymbolExists.c:
/* */
#include <pthread.h>

int main(int argc, char** argv)
{
  (void)argv;
#ifndef pthread_create
  return ((int*)(&pthread_create))[argc];
#else
  (void)argc;
  return 0;
#endif
}

Determining if the function pthread_create exists in the pthreads failed with the following output:
Change Dir: /<<PKGBUILDDIR>>/build/hardening_mt/CMakeFiles/CMakeTmp

Run Build Command:"/usr/bin/make" "cmTC_f1b9b/fast"
make[2]: Entering directory '/<<PKGBUILDDIR>>/build/hardening_mt/CMakeFiles/CMakeTmp'
/usr/bin/make -f CMakeFiles/cmTC_f1b9b.dir/build.make CMakeFiles/cmTC_f1b9b.dir/build
make[3]: Entering directory '/<<PKGBUILDDIR>>/build/hardening_mt/CMakeFiles/CMakeTmp'
Building C object CMakeFiles/cmTC_f1b9b.dir/CheckFunctionExists.c.o
/usr/bin/gcc-7   -g -O2 -fdebug-prefix-map=/<<PKGBUILDDIR>>=. -fstack-protector-strong -Wformat -Werror=format-security -Wdate-time -D_FORTIFY_SOURCE=2 -DNDEBUG -DCHECK_FUNCTION_EXISTS=pthread_create   -o CMakeFiles/cmTC_f1b9b.dir/CheckFunctionExists.c.o   -c /usr/share/cmake-3.11/Modules/CheckFunctionExists.c
Linking C executable cmTC_f1b9b
/usr/bin/cmake -E cmake_link_script CMakeFiles/cmTC_f1b9b.dir/link.txt --verbose=1
/usr/bin/gcc-7 -g -O2 -fdebug-prefix-map=/<<PKGBUILDDIR>>=. -fstack-protector-strong -Wformat -Werror=format-security -Wdate-time -D_FORTIFY_SOURCE=2 -DNDEBUG -DCHECK_FUNCTION_EXISTS=pthread_create  -Wl,-z,relro -Wl,-z,now  -rdynamic CMakeFiles/cmTC_f1b9b.dir/CheckFunctionExists.c.o  -o cmTC_f1b9b -lpthreads 
/usr/bin/ld: cannot find -lpthreads
clang: error: linker command failed with exit code 1 (use -v to see invocation)
make[3]: *** [CMakeFiles/cmTC_f1b9b.dir/build.make:87: cmTC_f1b9b] Error 1
make[3]: Leaving directory '/<<PKGBUILDDIR>>/build/hardening_mt/CMakeFiles/CMakeTmp'
make[2]: *** [Makefile:126: cmTC_f1b9b/fast] Error 2
make[2]: Leaving directory '/<<PKGBUILDDIR>>/build/hardening_mt/CMakeFiles/CMakeTmp'


dh_auto_configure: cd build/hardening_mt && cmake ../.. -DCMAKE_INSTALL_PREFIX=/usr -DCMAKE_VERBOSE_MAKEFILE=ON -DCMAKE_BUILD_TYPE=None -DCMAKE_INSTALL_SYSCONFDIR=/etc -DCMAKE_INSTALL_LOCALSTATEDIR=/var -DCMAKE_EXPORT_NO_PACKAGE_REGISTRY=ON -DCMAKE_FIND_PACKAGE_NO_PACKAGE_REGISTRY=ON -DCMAKE_INSTALL_RUNSTATEDIR=/run "-GUnix Makefiles" -DCMAKE_BUILD_TYPE=Release -DCMAKE_INSTALL_PREFIX=/usr -LAH -DCMAKE_SKIP_RPATH=YES -DCLINGO_MANAGE_RPATH=OFF -DLIB_POTASSCO_BUILD_APP=ON -DLIB_POTASSCO_BUILD_TESTS=ON -DCLASP_BUILD_APP=OFF -DCLASP_BUILD_TESTS=OFF -DCLASP_BUILD_EXAMPLES=OFF -DCLINGO_BUILD_EXAMPLES=ON -DCLINGO_BUILD_TESTS=ON -DPYTHON_EXECUTABLE:FILEPATH=/usr/bin/python3 returned exit code 1
make[1]: *** [debian/rules:62: override_dh_auto_configure] Error 2
make[1]: Leaving directory '/<<PKGBUILDDIR>>'
make: *** [debian/rules:58: build-arch] Error 2
dpkg-buildpackage: error: debian/rules build-arch subprocess returned exit status 2
--------------------------------------------------------------------------------
Build finished at 2018-05-02T12:41:29Z

Finished
--------


+------------------------------------------------------------------------------+
| Cleanup                                                                      |
+------------------------------------------------------------------------------+

Purging /<<BUILDDIR>>
Not cleaning session: cloned chroot in use
E: Build failure (dpkg-buildpackage died)

+------------------------------------------------------------------------------+
| Summary                                                                      |
+------------------------------------------------------------------------------+

Build Architecture: amd64
Build Type: any
Build-Space: 16564
Build-Time: 4
Distribution: unstable
Fail-Stage: build
Host Architecture: amd64
Install-Time: 14
Job: gringo_5.2.2-5
Machine Architecture: amd64
Package: gringo
Package-Time: 33
Source-Version: 5.2.2-5
Space: 16564
Status: attempted
Version: 5.2.2-5
--------------------------------------------------------------------------------
Finished at 2018-05-02T12:41:29Z
Build needed 00:00:33, 16564k disk space
E: Build failure (dpkg-buildpackage died)
DC-Status: Failed 33.646033452s
DC-Time-Estimation: 33.646033452 versus expected 384 (r/m: 10.412935214126234 ; m: 33.646033452)
