DC-Build-Header: libcommoncpp2 1.8.1-6.1 / 2018-05-02 13:23:19 +0000
DC-Task: type:rebuild-binarch-only source:libcommoncpp2 version:1.8.1-6.1 chroot:unstable esttime:56 logfile:/tmp/libcommoncpp2_1.8.1-6.1_unstable_clang60.log modes:clang60:binarch-only
DC-Sbuild-call: su user42 -c 'sbuild -n --arch-any --apt-update -d unstable -v  --chroot-setup-commands=/tmp/clang60 libcommoncpp2_1.8.1-6.1'
sbuild (Debian sbuild) 0.73.0 (23 Dec 2016) on ip-172-31-4-192.eu-central-1.compute.internal

+==============================================================================+
| libcommoncpp2 1.8.1-6.1 (amd64)              Wed, 02 May 2018 13:23:19 +0000 |
+==============================================================================+

Package: libcommoncpp2
Version: 1.8.1-6.1
Source Version: 1.8.1-6.1
Distribution: unstable
Machine Architecture: amd64
Host Architecture: amd64
Build Architecture: amd64
Build Type: any

I: NOTICE: Log filtering will replace 'var/run/schroot/mount/unstable-amd64-sbuild-b41fd09b-add5-4574-a320-c621a574282c' with '<<CHROOT>>'

+------------------------------------------------------------------------------+
| Chroot Setup Commands                                                        |
+------------------------------------------------------------------------------+


/tmp/clang60
------------

+ echo 'Entering customization script...'
Entering customization script...
+ CLANG_VERSION=6.0
+ echo 'Install of clang-6.0'
Install of clang-6.0
+ apt-get update
Get:1 http://127.0.0.1:9999/debian unstable InRelease [242 kB]
Get:2 http://127.0.0.1:9999/debian unstable/main Sources.diff/Index [27.9 kB]
Get:3 http://127.0.0.1:9999/debian unstable/main amd64 Packages.diff/Index [27.9 kB]
Get:4 http://127.0.0.1:9999/debian unstable/main Sources 2018-05-02-0830.09.pdiff [16.2 kB]
Get:4 http://127.0.0.1:9999/debian unstable/main Sources 2018-05-02-0830.09.pdiff [16.2 kB]
Get:5 http://127.0.0.1:9999/debian unstable/main amd64 Packages 2018-05-02-0830.09.pdiff [1781 B]
Get:5 http://127.0.0.1:9999/debian unstable/main amd64 Packages 2018-05-02-0830.09.pdiff [1781 B]
Get:6 http://127.0.0.1:9999/debian unstable/main Translation-en [6016 kB]
Fetched 6332 kB in 2s (3496 kB/s)
Reading package lists...
+ apt-get install --yes --no-install-recommends --force-yes clang-6.0
Reading package lists...
Building dependency tree...
Reading state information...
The following additional packages will be installed:
  lib32gcc1 lib32stdc++6 libbsd0 libc6-i386 libclang-common-6.0-dev
  libclang1-6.0 libedit2 libjsoncpp1 libllvm6.0 libncurses5 libobjc-7-dev
  libobjc4
Suggested packages:
  gnustep gnustep-devel clang-6.0-doc
Recommended packages:
  llvm-6.0-dev python libomp-dev libgpm2
The following NEW packages will be installed:
  clang-6.0 lib32gcc1 lib32stdc++6 libbsd0 libc6-i386 libclang-common-6.0-dev
  libclang1-6.0 libedit2 libjsoncpp1 libllvm6.0 libncurses5 libobjc-7-dev
  libobjc4
0 upgraded, 13 newly installed, 0 to remove and 0 not upgraded.
Need to get 37.7 MB of archives.
After this operation, 187 MB of additional disk space will be used.
Get:1 http://127.0.0.1:9999/debian unstable/main amd64 libjsoncpp1 amd64 1.7.4-3 [75.6 kB]
Get:2 http://127.0.0.1:9999/debian unstable/main amd64 libbsd0 amd64 0.8.7-1 [92.1 kB]
Get:3 http://127.0.0.1:9999/debian unstable/main amd64 libncurses5 amd64 6.1+20180210-2 [95.7 kB]
Get:4 http://127.0.0.1:9999/debian unstable/main amd64 libedit2 amd64 3.1-20170329-1 [85.2 kB]
Get:5 http://127.0.0.1:9999/debian unstable/main amd64 libllvm6.0 amd64 1:6.0-3 [14.5 MB]
Get:6 http://127.0.0.1:9999/debian unstable/main amd64 libobjc4 amd64 8-20180425-1 [52.4 kB]
Get:7 http://127.0.0.1:9999/debian unstable/main amd64 libobjc-7-dev amd64 7.3.0-17 [204 kB]
Get:8 http://127.0.0.1:9999/debian unstable/main amd64 libc6-i386 amd64 2.27-3 [2855 kB]
Get:9 http://127.0.0.1:9999/debian unstable/main amd64 lib32gcc1 amd64 1:8-20180425-1 [47.8 kB]
Get:10 http://127.0.0.1:9999/debian unstable/main amd64 lib32stdc++6 amd64 8-20180425-1 [406 kB]
Get:11 http://127.0.0.1:9999/debian unstable/main amd64 libclang-common-6.0-dev amd64 1:6.0-3 [3102 kB]
Get:12 http://127.0.0.1:9999/debian unstable/main amd64 libclang1-6.0 amd64 1:6.0-3 [6995 kB]
Get:13 http://127.0.0.1:9999/debian unstable/main amd64 clang-6.0 amd64 1:6.0-3 [9175 kB]
debconf: delaying package configuration, since apt-utils is not installed
Fetched 37.7 MB in 0s (99.0 MB/s)
Selecting previously unselected package libjsoncpp1:amd64.
(Reading database ... (Reading database ... 5%(Reading database ... 10%(Reading database ... 15%(Reading database ... 20%(Reading database ... 25%(Reading database ... 30%(Reading database ... 35%(Reading database ... 40%(Reading database ... 45%(Reading database ... 50%(Reading database ... 55%(Reading database ... 60%(Reading database ... 65%(Reading database ... 70%(Reading database ... 75%(Reading database ... 80%(Reading database ... 85%(Reading database ... 90%(Reading database ... 95%(Reading database ... 100%(Reading database ... 10022 files and directories currently installed.)
Preparing to unpack .../00-libjsoncpp1_1.7.4-3_amd64.deb ...
Unpacking libjsoncpp1:amd64 (1.7.4-3) ...
Selecting previously unselected package libbsd0:amd64.
Preparing to unpack .../01-libbsd0_0.8.7-1_amd64.deb ...
Unpacking libbsd0:amd64 (0.8.7-1) ...
Selecting previously unselected package libncurses5:amd64.
Preparing to unpack .../02-libncurses5_6.1+20180210-2_amd64.deb ...
Unpacking libncurses5:amd64 (6.1+20180210-2) ...
Selecting previously unselected package libedit2:amd64.
Preparing to unpack .../03-libedit2_3.1-20170329-1_amd64.deb ...
Unpacking libedit2:amd64 (3.1-20170329-1) ...
Selecting previously unselected package libllvm6.0:amd64.
Preparing to unpack .../04-libllvm6.0_1%3a6.0-3_amd64.deb ...
Unpacking libllvm6.0:amd64 (1:6.0-3) ...
Selecting previously unselected package libobjc4:amd64.
Preparing to unpack .../05-libobjc4_8-20180425-1_amd64.deb ...
Unpacking libobjc4:amd64 (8-20180425-1) ...
Selecting previously unselected package libobjc-7-dev:amd64.
Preparing to unpack .../06-libobjc-7-dev_7.3.0-17_amd64.deb ...
Unpacking libobjc-7-dev:amd64 (7.3.0-17) ...
Selecting previously unselected package libc6-i386.
Preparing to unpack .../07-libc6-i386_2.27-3_amd64.deb ...
Unpacking libc6-i386 (2.27-3) ...
Selecting previously unselected package lib32gcc1.
Preparing to unpack .../08-lib32gcc1_1%3a8-20180425-1_amd64.deb ...
Unpacking lib32gcc1 (1:8-20180425-1) ...
Selecting previously unselected package lib32stdc++6.
Preparing to unpack .../09-lib32stdc++6_8-20180425-1_amd64.deb ...
Unpacking lib32stdc++6 (8-20180425-1) ...
Selecting previously unselected package libclang-common-6.0-dev.
Preparing to unpack .../10-libclang-common-6.0-dev_1%3a6.0-3_amd64.deb ...
Unpacking libclang-common-6.0-dev (1:6.0-3) ...
Selecting previously unselected package libclang1-6.0:amd64.
Preparing to unpack .../11-libclang1-6.0_1%3a6.0-3_amd64.deb ...
Unpacking libclang1-6.0:amd64 (1:6.0-3) ...
Selecting previously unselected package clang-6.0.
Preparing to unpack .../12-clang-6.0_1%3a6.0-3_amd64.deb ...
Unpacking clang-6.0 (1:6.0-3) ...
Setting up libncurses5:amd64 (6.1+20180210-2) ...
Setting up libobjc4:amd64 (8-20180425-1) ...
Setting up libc6-i386 (2.27-3) ...
Setting up libbsd0:amd64 (0.8.7-1) ...
Setting up libobjc-7-dev:amd64 (7.3.0-17) ...
Processing triggers for libc-bin (2.27-3) ...
Setting up lib32gcc1 (1:8-20180425-1) ...
Setting up libjsoncpp1:amd64 (1.7.4-3) ...
Setting up libedit2:amd64 (3.1-20170329-1) ...
Setting up libllvm6.0:amd64 (1:6.0-3) ...
Setting up libclang1-6.0:amd64 (1:6.0-3) ...
Setting up lib32stdc++6 (8-20180425-1) ...
Setting up libclang-common-6.0-dev (1:6.0-3) ...
Setting up clang-6.0 (1:6.0-3) ...
Processing triggers for libc-bin (2.27-3) ...
W: --force-yes is deprecated, use one of the options starting with --allow instead.
+ echo 'Replace gcc, g++ & cpp by clang'
Replace gcc, g++ & cpp by clang
+ VERSIONS='4.6 4.7 4.8 4.9 5 6 7 8'
+ cd /usr/bin
+ for VERSION in $VERSIONS
+ rm -f g++-4.6 gcc-4.6 cpp-4.6 gcc
+ ln -s clang++-6.0 g++-4.6
+ ln -s clang-6.0 gcc-4.6
+ ln -s clang-6.0 cpp-4.6
+ ln -s clang-6.0 gcc
+ echo 'gcc-4.6 hold'
+ dpkg --set-selections
dpkg: warning: package not in status nor available database at line 1: gcc-4.6
dpkg: warning: found unknown packages; this might mean the available database
is outdated, and needs to be updated through a frontend method;
please see the FAQ <https://wiki.debian.org/Teams/Dpkg/FAQ>
+ echo 'g++-4.6 hold'
+ dpkg --set-selections
dpkg: warning: package not in status nor available database at line 1: g++-4.6
dpkg: warning: found unknown packages; this might mean the available database
is outdated, and needs to be updated through a frontend method;
please see the FAQ <https://wiki.debian.org/Teams/Dpkg/FAQ>
+ for VERSION in $VERSIONS
+ rm -f g++-4.7 gcc-4.7 cpp-4.7 gcc
+ ln -s clang++-6.0 g++-4.7
+ ln -s clang-6.0 gcc-4.7
+ ln -s clang-6.0 cpp-4.7
+ ln -s clang-6.0 gcc
+ echo 'gcc-4.7 hold'
+ dpkg --set-selections
dpkg: warning: package not in status nor available database at line 1: gcc-4.7
dpkg: warning: found unknown packages; this might mean the available database
is outdated, and needs to be updated through a frontend method;
please see the FAQ <https://wiki.debian.org/Teams/Dpkg/FAQ>
+ echo 'g++-4.7 hold'
+ dpkg --set-selections
dpkg: warning: package not in status nor available database at line 1: g++-4.7
dpkg: warning: found unknown packages; this might mean the available database
is outdated, and needs to be updated through a frontend method;
please see the FAQ <https://wiki.debian.org/Teams/Dpkg/FAQ>
+ for VERSION in $VERSIONS
+ rm -f g++-4.8 gcc-4.8 cpp-4.8 gcc
+ ln -s clang++-6.0 g++-4.8
+ ln -s clang-6.0 gcc-4.8
+ ln -s clang-6.0 cpp-4.8
+ ln -s clang-6.0 gcc
+ echo 'gcc-4.8 hold'
+ dpkg --set-selections
dpkg: warning: package not in status nor available database at line 1: gcc-4.8
dpkg: warning: found unknown packages; this might mean the available database
is outdated, and needs to be updated through a frontend method;
please see the FAQ <https://wiki.debian.org/Teams/Dpkg/FAQ>
+ echo 'g++-4.8 hold'
+ dpkg --set-selections
dpkg: warning: package not in status nor available database at line 1: g++-4.8
dpkg: warning: found unknown packages; this might mean the available database
is outdated, and needs to be updated through a frontend method;
please see the FAQ <https://wiki.debian.org/Teams/Dpkg/FAQ>
+ for VERSION in $VERSIONS
+ rm -f g++-4.9 gcc-4.9 cpp-4.9 gcc
+ ln -s clang++-6.0 g++-4.9
+ ln -s clang-6.0 gcc-4.9
+ ln -s clang-6.0 cpp-4.9
+ ln -s clang-6.0 gcc
+ echo 'gcc-4.9 hold'
+ dpkg --set-selections
dpkg: warning: package not in status nor available database at line 1: gcc-4.9
dpkg: warning: found unknown packages; this might mean the available database
is outdated, and needs to be updated through a frontend method;
please see the FAQ <https://wiki.debian.org/Teams/Dpkg/FAQ>
+ echo 'g++-4.9 hold'
+ dpkg --set-selections
dpkg: warning: package not in status nor available database at line 1: g++-4.9
dpkg: warning: found unknown packages; this might mean the available database
is outdated, and needs to be updated through a frontend method;
please see the FAQ <https://wiki.debian.org/Teams/Dpkg/FAQ>
+ for VERSION in $VERSIONS
+ rm -f g++-5 gcc-5 cpp-5 gcc
+ ln -s clang++-6.0 g++-5
+ ln -s clang-6.0 gcc-5
+ ln -s clang-6.0 cpp-5
+ ln -s clang-6.0 gcc
+ echo 'gcc-5 hold'
+ dpkg --set-selections
+ echo 'g++-5 hold'
+ dpkg --set-selections
+ for VERSION in $VERSIONS
+ rm -f g++-6 gcc-6 cpp-6 gcc
+ ln -s clang++-6.0 g++-6
+ ln -s clang-6.0 gcc-6
+ ln -s clang-6.0 cpp-6
+ ln -s clang-6.0 gcc
+ echo 'gcc-6 hold'
+ dpkg --set-selections
dpkg: warning: package not in status nor available database at line 1: gcc-6
dpkg: warning: found unknown packages; this might mean the available database
is outdated, and needs to be updated through a frontend method;
please see the FAQ <https://wiki.debian.org/Teams/Dpkg/FAQ>
+ echo 'g++-6 hold'
+ dpkg --set-selections
dpkg: warning: package not in status nor available database at line 1: g++-6
dpkg: warning: found unknown packages; this might mean the available database
is outdated, and needs to be updated through a frontend method;
please see the FAQ <https://wiki.debian.org/Teams/Dpkg/FAQ>
+ for VERSION in $VERSIONS
+ rm -f g++-7 gcc-7 cpp-7 gcc
+ ln -s clang++-6.0 g++-7
+ ln -s clang-6.0 gcc-7
+ ln -s clang-6.0 cpp-7
+ ln -s clang-6.0 gcc
+ echo 'gcc-7 hold'
+ dpkg --set-selections
+ echo 'g++-7 hold'
+ dpkg --set-selections
+ for VERSION in $VERSIONS
+ rm -f g++-8 gcc-8 cpp-8 gcc
+ ln -s clang++-6.0 g++-8
+ ln -s clang-6.0 gcc-8
+ ln -s clang-6.0 cpp-8
+ ln -s clang-6.0 gcc
+ echo 'gcc-8 hold'
+ dpkg --set-selections
dpkg: warning: package not in status nor available database at line 1: gcc-8
dpkg: warning: found unknown packages; this might mean the available database
is outdated, and needs to be updated through a frontend method;
please see the FAQ <https://wiki.debian.org/Teams/Dpkg/FAQ>
+ echo 'g++-8 hold'
+ dpkg --set-selections
dpkg: warning: package not in status nor available database at line 1: g++-8
dpkg: warning: found unknown packages; this might mean the available database
is outdated, and needs to be updated through a frontend method;
please see the FAQ <https://wiki.debian.org/Teams/Dpkg/FAQ>
+ cd -
/build/libcommoncpp2-aEM9qs
+ echo 'Check if gcc, g++ & cpp are actually clang'
Check if gcc, g++ & cpp are actually clang
+ gcc --version
+ grep clang
+ cpp --version
+ grep clang
+ g++ --version
+ grep clang

I: Finished running '/tmp/clang60'.

Finished processing commands.
--------------------------------------------------------------------------------

+------------------------------------------------------------------------------+
| Update chroot                                                                |
+------------------------------------------------------------------------------+

Hit:1 http://127.0.0.1:9999/debian unstable InRelease
Reading package lists...
Reading package lists...
Building dependency tree...
Reading state information...
Calculating upgrade...
0 upgraded, 0 newly installed, 0 to remove and 0 not upgraded.

+------------------------------------------------------------------------------+
| Fetch source files                                                           |
+------------------------------------------------------------------------------+


Check APT
---------

Checking available source versions...

Download source files with APT
------------------------------

Reading package lists...
NOTICE: 'libcommoncpp2' packaging is maintained in the 'Svn' version control system at:
svn://anonscm.debian.org/pkg-voip/libcommoncpp2/trunk/
Need to get 923 kB of source archives.
Get:1 http://127.0.0.1:9999/debian unstable/main libcommoncpp2 1.8.1-6.1 (dsc) [2338 B]
Get:2 http://127.0.0.1:9999/debian unstable/main libcommoncpp2 1.8.1-6.1 (tar) [909 kB]
Get:3 http://127.0.0.1:9999/debian unstable/main libcommoncpp2 1.8.1-6.1 (diff) [11.5 kB]
Fetched 923 kB in 0s (5996 kB/s)
Download complete and in download only mode
I: NOTICE: Log filtering will replace 'build/libcommoncpp2-aEM9qs/libcommoncpp2-1.8.1' with '<<PKGBUILDDIR>>'
I: NOTICE: Log filtering will replace 'build/libcommoncpp2-aEM9qs' with '<<BUILDDIR>>'

+------------------------------------------------------------------------------+
| Install build-essential                                                      |
+------------------------------------------------------------------------------+


Setup apt archive
-----------------

Merged Build-Depends: build-essential, fakeroot
Filtered Build-Depends: build-essential, fakeroot
dpkg-deb: building package 'sbuild-build-depends-core-dummy' in '/<<BUILDDIR>>/resolver-bP9s5u/apt_archive/sbuild-build-depends-core-dummy.deb'.
dpkg-scanpackages: warning: Packages in archive but missing from override file:
dpkg-scanpackages: warning:   sbuild-build-depends-core-dummy
dpkg-scanpackages: info: Wrote 1 entries to output Packages file.
Ign:1 copy:/<<BUILDDIR>>/resolver-bP9s5u/apt_archive ./ InRelease
Get:2 copy:/<<BUILDDIR>>/resolver-bP9s5u/apt_archive ./ Release [957 B]
Ign:3 copy:/<<BUILDDIR>>/resolver-bP9s5u/apt_archive ./ Release.gpg
Get:4 copy:/<<BUILDDIR>>/resolver-bP9s5u/apt_archive ./ Sources [349 B]
Get:5 copy:/<<BUILDDIR>>/resolver-bP9s5u/apt_archive ./ Packages [433 B]
Fetched 1739 B in 0s (0 B/s)
Reading package lists...
Reading package lists...

Install core build dependencies (apt-based resolver)
----------------------------------------------------

Installing build dependencies
Reading package lists...
Building dependency tree...
Reading state information...
The following NEW packages will be installed:
  sbuild-build-depends-core-dummy
0 upgraded, 1 newly installed, 0 to remove and 0 not upgraded.
Need to get 856 B of archives.
After this operation, 0 B of additional disk space will be used.
Get:1 copy:/<<BUILDDIR>>/resolver-bP9s5u/apt_archive ./ sbuild-build-depends-core-dummy 0.invalid.0 [856 B]
debconf: delaying package configuration, since apt-utils is not installed
Fetched 856 B in 0s (0 B/s)
Selecting previously unselected package sbuild-build-depends-core-dummy.
(Reading database ... 10771 files and directories currently installed.)
Preparing to unpack .../sbuild-build-depends-core-dummy_0.invalid.0_amd64.deb ...
Unpacking sbuild-build-depends-core-dummy (0.invalid.0) ...
Setting up sbuild-build-depends-core-dummy (0.invalid.0) ...

+------------------------------------------------------------------------------+
| Check architectures                                                          |
+------------------------------------------------------------------------------+

Arch check ok (amd64 included in any all)

+------------------------------------------------------------------------------+
| Install package build dependencies                                           |
+------------------------------------------------------------------------------+


Setup apt archive
-----------------

Merged Build-Depends: debhelper (>= 9), dpkg-dev (>= 1.13.19), autotools-dev, doxygen, libxml2-dev, zlib1g-dev, libgnutls28-dev | libgnutls-dev, libgcrypt11-dev | libgcrypt-dev
Filtered Build-Depends: debhelper (>= 9), dpkg-dev (>= 1.13.19), autotools-dev, doxygen, libxml2-dev, zlib1g-dev, libgnutls28-dev, libgcrypt11-dev
dpkg-deb: building package 'sbuild-build-depends-libcommoncpp2-dummy' in '/<<BUILDDIR>>/resolver-bP9s5u/apt_archive/sbuild-build-depends-libcommoncpp2-dummy.deb'.
dpkg-scanpackages: warning: Packages in archive but missing from override file:
dpkg-scanpackages: warning:   sbuild-build-depends-core-dummy sbuild-build-depends-libcommoncpp2-dummy
dpkg-scanpackages: info: Wrote 2 entries to output Packages file.
Ign:1 copy:/<<BUILDDIR>>/resolver-bP9s5u/apt_archive ./ InRelease
Get:2 copy:/<<BUILDDIR>>/resolver-bP9s5u/apt_archive ./ Release [963 B]
Ign:3 copy:/<<BUILDDIR>>/resolver-bP9s5u/apt_archive ./ Release.gpg
Get:4 copy:/<<BUILDDIR>>/resolver-bP9s5u/apt_archive ./ Sources [560 B]
Get:5 copy:/<<BUILDDIR>>/resolver-bP9s5u/apt_archive ./ Packages [630 B]
Fetched 2153 B in 0s (0 B/s)
Reading package lists...
Reading package lists...

Install libcommoncpp2 build dependencies (apt-based resolver)
-------------------------------------------------------------

Installing build dependencies
Reading package lists...
Building dependency tree...
Reading state information...
The following additional packages will be installed:
  autoconf automake autopoint autotools-dev bsdmainutils debhelper
  dh-autoreconf dh-strip-nondeterminism doxygen file gettext gettext-base
  groff-base icu-devtools intltool-debian libarchive-zip-perl libcroco3
  libevent-2.1-6 libfile-stripnondeterminism-perl libgcrypt11-dev
  libgcrypt20-dev libglib2.0-0 libgmp-dev libgmpxx4ldbl libgnutls-dane0
  libgnutls-openssl27 libgnutls28-dev libgnutlsxx28 libgpg-error-dev
  libicu-dev libicu57 libidn2-0-dev libidn2-dev libmagic-mgc libmagic1
  libp11-kit-dev libpipeline1 libsigsegv2 libtasn1-6-dev libtimedate-perl
  libtool libunbound2 libxapian30 libxml2 libxml2-dev m4 man-db nettle-dev
  po-debconf zlib1g-dev
Suggested packages:
  autoconf-archive gnu-standards autoconf-doc wamerican | wordlist whois
  vacation dh-make dwz doxygen-latex doxygen-doc doxygen-gui graphviz
  gettext-doc libasprintf-dev libgettextpo-dev groff libgcrypt20-doc gmp-doc
  libgmp10-doc libmpfr-dev dns-root-data gnutls-doc gnutls-bin icu-doc
  libtool-doc gfortran | fortran95-compiler gcj-jdk xapian-tools pkg-config
  m4-doc apparmor less www-browser libmail-box-perl
Recommended packages:
  curl | wget | lynx libarchive-cpio-perl libglib2.0-data shared-mime-info
  xdg-user-dirs libtasn1-doc libltdl-dev libmail-sendmail-perl
The following NEW packages will be installed:
  autoconf automake autopoint autotools-dev bsdmainutils debhelper
  dh-autoreconf dh-strip-nondeterminism doxygen file gettext gettext-base
  groff-base icu-devtools intltool-debian libarchive-zip-perl libcroco3
  libevent-2.1-6 libfile-stripnondeterminism-perl libgcrypt11-dev
  libgcrypt20-dev libglib2.0-0 libgmp-dev libgmpxx4ldbl libgnutls-dane0
  libgnutls-openssl27 libgnutls28-dev libgnutlsxx28 libgpg-error-dev
  libicu-dev libicu57 libidn2-0-dev libidn2-dev libmagic-mgc libmagic1
  libp11-kit-dev libpipeline1 libsigsegv2 libtasn1-6-dev libtimedate-perl
  libtool libunbound2 libxapian30 libxml2 libxml2-dev m4 man-db nettle-dev
  po-debconf sbuild-build-depends-libcommoncpp2-dummy zlib1g-dev
0 upgraded, 51 newly installed, 0 to remove and 0 not upgraded.
Need to get 47.3 MB of archives.
After this operation, 197 MB of additional disk space will be used.
Get:1 copy:/<<BUILDDIR>>/resolver-bP9s5u/apt_archive ./ sbuild-build-depends-libcommoncpp2-dummy 0.invalid.0 [924 B]
Get:2 http://127.0.0.1:9999/debian unstable/main amd64 bsdmainutils amd64 11.1.2 [190 kB]
Get:3 http://127.0.0.1:9999/debian unstable/main amd64 groff-base amd64 1.22.3-10 [1176 kB]
Get:4 http://127.0.0.1:9999/debian unstable/main amd64 libpipeline1 amd64 1.5.0-1 [29.0 kB]
Get:5 http://127.0.0.1:9999/debian unstable/main amd64 man-db amd64 2.8.3-2 [1180 kB]
Get:6 http://127.0.0.1:9999/debian unstable/main amd64 libmagic-mgc amd64 1:5.33-2 [234 kB]
Get:7 http://127.0.0.1:9999/debian unstable/main amd64 libmagic1 amd64 1:5.33-2 [113 kB]
Get:8 http://127.0.0.1:9999/debian unstable/main amd64 file amd64 1:5.33-2 [65.6 kB]
Get:9 http://127.0.0.1:9999/debian unstable/main amd64 gettext-base amd64 0.19.8.1-6 [122 kB]
Get:10 http://127.0.0.1:9999/debian unstable/main amd64 libsigsegv2 amd64 2.12-2 [32.8 kB]
Get:11 http://127.0.0.1:9999/debian unstable/main amd64 m4 amd64 1.4.18-1 [202 kB]
Get:12 http://127.0.0.1:9999/debian unstable/main amd64 autoconf all 2.69-11 [341 kB]
Get:13 http://127.0.0.1:9999/debian unstable/main amd64 autotools-dev all 20180224.1 [77.0 kB]
Get:14 http://127.0.0.1:9999/debian unstable/main amd64 automake all 1:1.15.1-3.1 [736 kB]
Get:15 http://127.0.0.1:9999/debian unstable/main amd64 autopoint all 0.19.8.1-6 [434 kB]
Get:16 http://127.0.0.1:9999/debian unstable/main amd64 libtool all 2.4.6-2.1 [547 kB]
Get:17 http://127.0.0.1:9999/debian unstable/main amd64 dh-autoreconf all 17 [16.5 kB]
Get:18 http://127.0.0.1:9999/debian unstable/main amd64 libarchive-zip-perl all 1.60-1 [95.6 kB]
Get:19 http://127.0.0.1:9999/debian unstable/main amd64 libfile-stripnondeterminism-perl all 0.041-1 [19.9 kB]
Get:20 http://127.0.0.1:9999/debian unstable/main amd64 libtimedate-perl all 2.3000-2 [42.2 kB]
Get:21 http://127.0.0.1:9999/debian unstable/main amd64 dh-strip-nondeterminism all 0.041-1 [12.0 kB]
Get:22 http://127.0.0.1:9999/debian unstable/main amd64 libglib2.0-0 amd64 2.56.1-2 [2928 kB]
Get:23 http://127.0.0.1:9999/debian unstable/main amd64 libicu57 amd64 57.1-9 [7698 kB]
Get:24 http://127.0.0.1:9999/debian unstable/main amd64 libxml2 amd64 2.9.4+dfsg1-6.1 [725 kB]
Get:25 http://127.0.0.1:9999/debian unstable/main amd64 libcroco3 amd64 0.6.12-2 [144 kB]
Get:26 http://127.0.0.1:9999/debian unstable/main amd64 gettext amd64 0.19.8.1-6 [1302 kB]
Get:27 http://127.0.0.1:9999/debian unstable/main amd64 intltool-debian all 0.35.0+20060710.4 [26.3 kB]
Get:28 http://127.0.0.1:9999/debian unstable/main amd64 po-debconf all 1.0.20 [247 kB]
Get:29 http://127.0.0.1:9999/debian unstable/main amd64 debhelper all 11.2.1 [1013 kB]
Get:30 http://127.0.0.1:9999/debian unstable/main amd64 libxapian30 amd64 1.4.5-1 [1056 kB]
Get:31 http://127.0.0.1:9999/debian unstable/main amd64 doxygen amd64 1.8.13-10 [3985 kB]
Get:32 http://127.0.0.1:9999/debian unstable/main amd64 icu-devtools amd64 57.1-9 [177 kB]
Get:33 http://127.0.0.1:9999/debian unstable/main amd64 libevent-2.1-6 amd64 2.1.8-stable-4 [177 kB]
Get:34 http://127.0.0.1:9999/debian unstable/main amd64 libgpg-error-dev amd64 1.29-4 [117 kB]
Get:35 http://127.0.0.1:9999/debian unstable/main amd64 libgcrypt20-dev amd64 1.8.2-2 [603 kB]
Get:36 http://127.0.0.1:9999/debian unstable/main amd64 libgcrypt11-dev amd64 1.5.4-3+really1.8.2-2 [144 kB]
Get:37 http://127.0.0.1:9999/debian unstable/main amd64 libgmpxx4ldbl amd64 2:6.1.2+dfsg-3 [22.7 kB]
Get:38 http://127.0.0.1:9999/debian unstable/main amd64 libgmp-dev amd64 2:6.1.2+dfsg-3 [632 kB]
Get:39 http://127.0.0.1:9999/debian unstable/main amd64 libunbound2 amd64 1.6.7-1 [371 kB]
Get:40 http://127.0.0.1:9999/debian unstable/main amd64 libgnutls-dane0 amd64 3.5.18-1 [205 kB]
Get:41 http://127.0.0.1:9999/debian unstable/main amd64 libgnutls-openssl27 amd64 3.5.18-1 [205 kB]
Get:42 http://127.0.0.1:9999/debian unstable/main amd64 libgnutlsxx28 amd64 3.5.18-1 [13.8 kB]
Get:43 http://127.0.0.1:9999/debian unstable/main amd64 nettle-dev amd64 3.4-1 [1070 kB]
Get:44 http://127.0.0.1:9999/debian unstable/main amd64 zlib1g-dev amd64 1:1.2.11.dfsg-1 [214 kB]
Get:45 http://127.0.0.1:9999/debian unstable/main amd64 libtasn1-6-dev amd64 4.13-2 [104 kB]
Get:46 http://127.0.0.1:9999/debian unstable/main amd64 libp11-kit-dev amd64 0.23.10-2 [71.2 kB]
Get:47 http://127.0.0.1:9999/debian unstable/main amd64 libidn2-dev amd64 2.0.4-1.1 [76.4 kB]
Get:48 http://127.0.0.1:9999/debian unstable/main amd64 libidn2-0-dev amd64 2.0.4-1.1 [17.8 kB]
Get:49 http://127.0.0.1:9999/debian unstable/main amd64 libgnutls28-dev amd64 3.5.18-1 [843 kB]
Get:50 http://127.0.0.1:9999/debian unstable/main amd64 libicu-dev amd64 57.1-9 [16.6 MB]
Get:51 http://127.0.0.1:9999/debian unstable/main amd64 libxml2-dev amd64 2.9.4+dfsg1-6.1 [821 kB]
debconf: delaying package configuration, since apt-utils is not installed
Fetched 47.3 MB in 0s (99.9 MB/s)
Selecting previously unselected package bsdmainutils.
(Reading database ... 10771 files and directories currently installed.)
Preparing to unpack .../00-bsdmainutils_11.1.2_amd64.deb ...
Unpacking bsdmainutils (11.1.2) ...
Selecting previously unselected package groff-base.
Preparing to unpack .../01-groff-base_1.22.3-10_amd64.deb ...
Unpacking groff-base (1.22.3-10) ...
Selecting previously unselected package libpipeline1:amd64.
Preparing to unpack .../02-libpipeline1_1.5.0-1_amd64.deb ...
Unpacking libpipeline1:amd64 (1.5.0-1) ...
Selecting previously unselected package man-db.
Preparing to unpack .../03-man-db_2.8.3-2_amd64.deb ...
Unpacking man-db (2.8.3-2) ...
Selecting previously unselected package libmagic-mgc.
Preparing to unpack .../04-libmagic-mgc_1%3a5.33-2_amd64.deb ...
Unpacking libmagic-mgc (1:5.33-2) ...
Selecting previously unselected package libmagic1:amd64.
Preparing to unpack .../05-libmagic1_1%3a5.33-2_amd64.deb ...
Unpacking libmagic1:amd64 (1:5.33-2) ...
Selecting previously unselected package file.
Preparing to unpack .../06-file_1%3a5.33-2_amd64.deb ...
Unpacking file (1:5.33-2) ...
Selecting previously unselected package gettext-base.
Preparing to unpack .../07-gettext-base_0.19.8.1-6_amd64.deb ...
Unpacking gettext-base (0.19.8.1-6) ...
Selecting previously unselected package libsigsegv2:amd64.
Preparing to unpack .../08-libsigsegv2_2.12-2_amd64.deb ...
Unpacking libsigsegv2:amd64 (2.12-2) ...
Selecting previously unselected package m4.
Preparing to unpack .../09-m4_1.4.18-1_amd64.deb ...
Unpacking m4 (1.4.18-1) ...
Selecting previously unselected package autoconf.
Preparing to unpack .../10-autoconf_2.69-11_all.deb ...
Unpacking autoconf (2.69-11) ...
Selecting previously unselected package autotools-dev.
Preparing to unpack .../11-autotools-dev_20180224.1_all.deb ...
Unpacking autotools-dev (20180224.1) ...
Selecting previously unselected package automake.
Preparing to unpack .../12-automake_1%3a1.15.1-3.1_all.deb ...
Unpacking automake (1:1.15.1-3.1) ...
Selecting previously unselected package autopoint.
Preparing to unpack .../13-autopoint_0.19.8.1-6_all.deb ...
Unpacking autopoint (0.19.8.1-6) ...
Selecting previously unselected package libtool.
Preparing to unpack .../14-libtool_2.4.6-2.1_all.deb ...
Unpacking libtool (2.4.6-2.1) ...
Selecting previously unselected package dh-autoreconf.
Preparing to unpack .../15-dh-autoreconf_17_all.deb ...
Unpacking dh-autoreconf (17) ...
Selecting previously unselected package libarchive-zip-perl.
Preparing to unpack .../16-libarchive-zip-perl_1.60-1_all.deb ...
Unpacking libarchive-zip-perl (1.60-1) ...
Selecting previously unselected package libfile-stripnondeterminism-perl.
Preparing to unpack .../17-libfile-stripnondeterminism-perl_0.041-1_all.deb ...
Unpacking libfile-stripnondeterminism-perl (0.041-1) ...
Selecting previously unselected package libtimedate-perl.
Preparing to unpack .../18-libtimedate-perl_2.3000-2_all.deb ...
Unpacking libtimedate-perl (2.3000-2) ...
Selecting previously unselected package dh-strip-nondeterminism.
Preparing to unpack .../19-dh-strip-nondeterminism_0.041-1_all.deb ...
Unpacking dh-strip-nondeterminism (0.041-1) ...
Selecting previously unselected package libglib2.0-0:amd64.
Preparing to unpack .../20-libglib2.0-0_2.56.1-2_amd64.deb ...
Unpacking libglib2.0-0:amd64 (2.56.1-2) ...
Selecting previously unselected package libicu57:amd64.
Preparing to unpack .../21-libicu57_57.1-9_amd64.deb ...
Unpacking libicu57:amd64 (57.1-9) ...
Selecting previously unselected package libxml2:amd64.
Preparing to unpack .../22-libxml2_2.9.4+dfsg1-6.1_amd64.deb ...
Unpacking libxml2:amd64 (2.9.4+dfsg1-6.1) ...
Selecting previously unselected package libcroco3:amd64.
Preparing to unpack .../23-libcroco3_0.6.12-2_amd64.deb ...
Unpacking libcroco3:amd64 (0.6.12-2) ...
Selecting previously unselected package gettext.
Preparing to unpack .../24-gettext_0.19.8.1-6_amd64.deb ...
Unpacking gettext (0.19.8.1-6) ...
Selecting previously unselected package intltool-debian.
Preparing to unpack .../25-intltool-debian_0.35.0+20060710.4_all.deb ...
Unpacking intltool-debian (0.35.0+20060710.4) ...
Selecting previously unselected package po-debconf.
Preparing to unpack .../26-po-debconf_1.0.20_all.deb ...
Unpacking po-debconf (1.0.20) ...
Selecting previously unselected package debhelper.
Preparing to unpack .../27-debhelper_11.2.1_all.deb ...
Unpacking debhelper (11.2.1) ...
Selecting previously unselected package libxapian30:amd64.
Preparing to unpack .../28-libxapian30_1.4.5-1_amd64.deb ...
Unpacking libxapian30:amd64 (1.4.5-1) ...
Selecting previously unselected package doxygen.
Preparing to unpack .../29-doxygen_1.8.13-10_amd64.deb ...
Unpacking doxygen (1.8.13-10) ...
Selecting previously unselected package icu-devtools.
Preparing to unpack .../30-icu-devtools_57.1-9_amd64.deb ...
Unpacking icu-devtools (57.1-9) ...
Selecting previously unselected package libevent-2.1-6:amd64.
Preparing to unpack .../31-libevent-2.1-6_2.1.8-stable-4_amd64.deb ...
Unpacking libevent-2.1-6:amd64 (2.1.8-stable-4) ...
Selecting previously unselected package libgpg-error-dev.
Preparing to unpack .../32-libgpg-error-dev_1.29-4_amd64.deb ...
Unpacking libgpg-error-dev (1.29-4) ...
Selecting previously unselected package libgcrypt20-dev.
Preparing to unpack .../33-libgcrypt20-dev_1.8.2-2_amd64.deb ...
Unpacking libgcrypt20-dev (1.8.2-2) ...
Selecting previously unselected package libgcrypt11-dev.
Preparing to unpack .../34-libgcrypt11-dev_1.5.4-3+really1.8.2-2_amd64.deb ...
Unpacking libgcrypt11-dev (1.5.4-3+really1.8.2-2) ...
Selecting previously unselected package libgmpxx4ldbl:amd64.
Preparing to unpack .../35-libgmpxx4ldbl_2%3a6.1.2+dfsg-3_amd64.deb ...
Unpacking libgmpxx4ldbl:amd64 (2:6.1.2+dfsg-3) ...
Selecting previously unselected package libgmp-dev:amd64.
Preparing to unpack .../36-libgmp-dev_2%3a6.1.2+dfsg-3_amd64.deb ...
Unpacking libgmp-dev:amd64 (2:6.1.2+dfsg-3) ...
Selecting previously unselected package libunbound2:amd64.
Preparing to unpack .../37-libunbound2_1.6.7-1_amd64.deb ...
Unpacking libunbound2:amd64 (1.6.7-1) ...
Selecting previously unselected package libgnutls-dane0:amd64.
Preparing to unpack .../38-libgnutls-dane0_3.5.18-1_amd64.deb ...
Unpacking libgnutls-dane0:amd64 (3.5.18-1) ...
Selecting previously unselected package libgnutls-openssl27:amd64.
Preparing to unpack .../39-libgnutls-openssl27_3.5.18-1_amd64.deb ...
Unpacking libgnutls-openssl27:amd64 (3.5.18-1) ...
Selecting previously unselected package libgnutlsxx28:amd64.
Preparing to unpack .../40-libgnutlsxx28_3.5.18-1_amd64.deb ...
Unpacking libgnutlsxx28:amd64 (3.5.18-1) ...
Selecting previously unselected package nettle-dev:amd64.
Preparing to unpack .../41-nettle-dev_3.4-1_amd64.deb ...
Unpacking nettle-dev:amd64 (3.4-1) ...
Selecting previously unselected package zlib1g-dev:amd64.
Preparing to unpack .../42-zlib1g-dev_1%3a1.2.11.dfsg-1_amd64.deb ...
Unpacking zlib1g-dev:amd64 (1:1.2.11.dfsg-1) ...
Selecting previously unselected package libtasn1-6-dev:amd64.
Preparing to unpack .../43-libtasn1-6-dev_4.13-2_amd64.deb ...
Unpacking libtasn1-6-dev:amd64 (4.13-2) ...
Selecting previously unselected package libp11-kit-dev:amd64.
Preparing to unpack .../44-libp11-kit-dev_0.23.10-2_amd64.deb ...
Unpacking libp11-kit-dev:amd64 (0.23.10-2) ...
Selecting previously unselected package libidn2-dev:amd64.
Preparing to unpack .../45-libidn2-dev_2.0.4-1.1_amd64.deb ...
Unpacking libidn2-dev:amd64 (2.0.4-1.1) ...
Selecting previously unselected package libidn2-0-dev.
Preparing to unpack .../46-libidn2-0-dev_2.0.4-1.1_amd64.deb ...
Unpacking libidn2-0-dev (2.0.4-1.1) ...
Selecting previously unselected package libgnutls28-dev:amd64.
Preparing to unpack .../47-libgnutls28-dev_3.5.18-1_amd64.deb ...
Unpacking libgnutls28-dev:amd64 (3.5.18-1) ...
Selecting previously unselected package libicu-dev.
Preparing to unpack .../48-libicu-dev_57.1-9_amd64.deb ...
Unpacking libicu-dev (57.1-9) ...
Selecting previously unselected package libxml2-dev:amd64.
Preparing to unpack .../49-libxml2-dev_2.9.4+dfsg1-6.1_amd64.deb ...
Unpacking libxml2-dev:amd64 (2.9.4+dfsg1-6.1) ...
Selecting previously unselected package sbuild-build-depends-libcommoncpp2-dummy.
Preparing to unpack .../50-sbuild-build-depends-libcommoncpp2-dummy_0.invalid.0_amd64.deb ...
Unpacking sbuild-build-depends-libcommoncpp2-dummy (0.invalid.0) ...
Setting up libxapian30:amd64 (1.4.5-1) ...
Setting up libevent-2.1-6:amd64 (2.1.8-stable-4) ...
Setting up libarchive-zip-perl (1.60-1) ...
Setting up libtimedate-perl (2.3000-2) ...
Setting up libsigsegv2:amd64 (2.12-2) ...
Setting up groff-base (1.22.3-10) ...
Setting up libglib2.0-0:amd64 (2.56.1-2) ...
No schema files found: doing nothing.
Setting up libgpg-error-dev (1.29-4) ...
Setting up doxygen (1.8.13-10) ...
Setting up libp11-kit-dev:amd64 (0.23.10-2) ...
Setting up libtasn1-6-dev:amd64 (4.13-2) ...
Setting up gettext-base (0.19.8.1-6) ...
Setting up libpipeline1:amd64 (1.5.0-1) ...
Setting up m4 (1.4.18-1) ...
Setting up libicu57:amd64 (57.1-9) ...
Setting up libxml2:amd64 (2.9.4+dfsg1-6.1) ...
Setting up libmagic-mgc (1:5.33-2) ...
Setting up libmagic1:amd64 (1:5.33-2) ...
Setting up libcroco3:amd64 (0.6.12-2) ...
Setting up libgnutlsxx28:amd64 (3.5.18-1) ...
Processing triggers for libc-bin (2.27-3) ...
Setting up libgcrypt20-dev (1.8.2-2) ...
Setting up autotools-dev (20180224.1) ...
Setting up libgnutls-openssl27:amd64 (3.5.18-1) ...
Setting up icu-devtools (57.1-9) ...
Setting up bsdmainutils (11.1.2) ...
update-alternatives: using /usr/bin/bsd-write to provide /usr/bin/write (write) in auto mode
update-alternatives: using /usr/bin/bsd-from to provide /usr/bin/from (from) in auto mode
Setting up libgmpxx4ldbl:amd64 (2:6.1.2+dfsg-3) ...
Setting up libidn2-dev:amd64 (2.0.4-1.1) ...
Setting up libidn2-0-dev (2.0.4-1.1) ...
Setting up autopoint (0.19.8.1-6) ...
Setting up zlib1g-dev:amd64 (1:1.2.11.dfsg-1) ...
Setting up libfile-stripnondeterminism-perl (0.041-1) ...
Setting up libgmp-dev:amd64 (2:6.1.2+dfsg-3) ...
Setting up libunbound2:amd64 (1.6.7-1) ...
Setting up gettext (0.19.8.1-6) ...
Setting up libgcrypt11-dev (1.5.4-3+really1.8.2-2) ...
Setting up autoconf (2.69-11) ...
Setting up libicu-dev (57.1-9) ...
Setting up file (1:5.33-2) ...
Setting up libxml2-dev:amd64 (2.9.4+dfsg1-6.1) ...
Setting up intltool-debian (0.35.0+20060710.4) ...
Setting up libgnutls-dane0:amd64 (3.5.18-1) ...
Setting up automake (1:1.15.1-3.1) ...
update-alternatives: using /usr/bin/automake-1.15 to provide /usr/bin/automake (automake) in auto mode
Setting up man-db (2.8.3-2) ...
Not building database; man-db/auto-update is not 'true'.
Setting up nettle-dev:amd64 (3.4-1) ...
Setting up libtool (2.4.6-2.1) ...
Setting up po-debconf (1.0.20) ...
Setting up libgnutls28-dev:amd64 (3.5.18-1) ...
Setting up dh-autoreconf (17) ...
Setting up dh-strip-nondeterminism (0.041-1) ...
Setting up debhelper (11.2.1) ...
Setting up sbuild-build-depends-libcommoncpp2-dummy (0.invalid.0) ...
Processing triggers for libc-bin (2.27-3) ...

+------------------------------------------------------------------------------+
| Build environment                                                            |
+------------------------------------------------------------------------------+

Kernel: Linux 4.9.0-5-amd64 amd64 (x86_64)
Toolchain package versions: binutils_2.30-16 dpkg-dev_1.19.0.5 g++-7_7.3.0-17 gcc-7_7.3.0-17 libc6-dev_2.27-3 libstdc++-7-dev_7.3.0-17 libstdc++6_8-20180425-1 linux-libc-dev_4.15.17-1
Package versions: adduser_3.117 apt_1.6.1 autoconf_2.69-11 automake_1:1.15.1-3.1 autopoint_0.19.8.1-6 autotools-dev_20180224.1 base-files_10.1 base-passwd_3.5.45 bash_4.4.18-2 binutils_2.30-16 binutils-common_2.30-16 binutils-x86-64-linux-gnu_2.30-16 bsdmainutils_11.1.2 bsdutils_1:2.31.1-0.5 build-essential_12.5 bzip2_1.0.6-8.1 clang-6.0_1:6.0-3 coreutils_8.28-1 cpp_4:7.3.0-3 cpp-7_7.3.0-17 dash_0.5.8-2.10 debconf_1.5.66 debfoster_2.7-2.1+b1 debhelper_11.2.1 debian-archive-keyring_2017.7 debianutils_4.8.4 dh-autoreconf_17 dh-strip-nondeterminism_0.041-1 diffutils_1:3.6-1 doxygen_1.8.13-10 dpkg_1.19.0.5 dpkg-dev_1.19.0.5 e2fslibs_1.44.1-2 e2fsprogs_1.44.1-2 eatmydata_105-6 fakeroot_1.22-2 fdisk_2.31.1-0.5 file_1:5.33-2 findutils_4.6.0+git+20171230-2 g++_4:7.3.0-3 g++-7_7.3.0-17 gcc_4:7.3.0-3 gcc-6-base_6.4.0-17 gcc-7_7.3.0-17 gcc-7-base_7.3.0-17 gcc-8-base_8-20180425-1 gettext_0.19.8.1-6 gettext-base_0.19.8.1-6 gpgv_2.2.5-1 grep_3.1-2 groff-base_1.22.3-10 gzip_1.6-5+b1 hostname_3.20 icu-devtools_57.1-9 init-system-helpers_1.51 intltool-debian_0.35.0+20060710.4 lib32gcc1_1:8-20180425-1 lib32stdc++6_8-20180425-1 libacl1_2.2.52-3+b1 libapt-pkg5.0_1.6.1 libarchive-zip-perl_1.60-1 libasan4_7.3.0-17 libatomic1_8-20180425-1 libattr1_1:2.4.47-2+b2 libaudit-common_1:2.8.3-1 libaudit1_1:2.8.3-1 libbinutils_2.30-16 libblkid1_2.31.1-0.5 libbsd0_0.8.7-1 libbz2-1.0_1.0.6-8.1 libc-bin_2.27-3 libc-dev-bin_2.27-3 libc6_2.27-3 libc6-dev_2.27-3 libc6-i386_2.27-3 libcap-ng0_0.7.9-1 libcc1-0_8-20180425-1 libcilkrts5_7.3.0-17 libclang-common-6.0-dev_1:6.0-3 libclang1-6.0_1:6.0-3 libcom-err2_1.44.1-2 libcomerr2_1.44.1-2 libcroco3_0.6.12-2 libdb5.3_5.3.28-13.1+b1 libdebconfclient0_0.243 libdpkg-perl_1.19.0.5 libeatmydata1_105-6 libedit2_3.1-20170329-1 libevent-2.1-6_2.1.8-stable-4 libext2fs2_1.44.1-2 libfakeroot_1.22-2 libfdisk1_2.31.1-0.5 libffi6_3.2.1-8 libfile-stripnondeterminism-perl_0.041-1 libgc1c2_1:7.4.2-8.2 libgcc-7-dev_7.3.0-17 libgcc1_1:8-20180425-1 libgcrypt11-dev_1.5.4-3+really1.8.2-2 libgcrypt20_1.8.2-2 libgcrypt20-dev_1.8.2-2 libgdbm-compat4_1.14.1-6 libgdbm3_1.8.3-14 libgdbm5_1.14.1-6 libglib2.0-0_2.56.1-2 libgmp-dev_2:6.1.2+dfsg-3 libgmp10_2:6.1.2+dfsg-3 libgmpxx4ldbl_2:6.1.2+dfsg-3 libgnutls-dane0_3.5.18-1 libgnutls-openssl27_3.5.18-1 libgnutls28-dev_3.5.18-1 libgnutls30_3.5.18-1 libgnutlsxx28_3.5.18-1 libgomp1_8-20180425-1 libgpg-error-dev_1.29-4 libgpg-error0_1.29-4 libhogweed4_3.4-1 libicu-dev_57.1-9 libicu57_57.1-9 libidn2-0_2.0.4-1.1 libidn2-0-dev_2.0.4-1.1 libidn2-dev_2.0.4-1.1 libisl15_0.18-4 libisl19_0.19-1 libitm1_8-20180425-1 libjsoncpp1_1.7.4-3 libllvm6.0_1:6.0-3 liblsan0_8-20180425-1 liblz4-1_1.8.1.2-1 liblzma5_5.2.2-1.3 libmagic-mgc_1:5.33-2 libmagic1_1:5.33-2 libmount1_2.31.1-0.5 libmpc3_1.1.0-1 libmpfr4_3.1.6-1 libmpfr6_4.0.1-1 libmpx2_8-20180425-1 libncurses5_6.1+20180210-2 libncursesw5_6.1+20180210-2 libnettle6_3.4-1 libobjc-7-dev_7.3.0-17 libobjc4_8-20180425-1 libp11-kit-dev_0.23.10-2 libp11-kit0_0.23.10-2 libpam-modules_1.1.8-3.7 libpam-modules-bin_1.1.8-3.7 libpam-runtime_1.1.8-3.7 libpam0g_1.1.8-3.7 libpcre3_2:8.39-9 libperl5.26_5.26.2-3 libpipeline1_1.5.0-1 libquadmath0_8-20180425-1 libseccomp2_2.3.3-1 libselinux1_2.7-2+b2 libsemanage-common_2.7-2 libsemanage1_2.7-2+b2 libsepol1_2.7-1 libsigsegv2_2.12-2 libsmartcols1_2.31.1-0.5 libss2_1.44.1-2 libstdc++-7-dev_7.3.0-17 libstdc++6_8-20180425-1 libsystemd0_238-4 libtasn1-6_4.13-2 libtasn1-6-dev_4.13-2 libtimedate-perl_2.3000-2 libtinfo5_6.1+20180210-2 libtinfo6_6.1+20180210-2 libtool_2.4.6-2.1 libtsan0_8-20180425-1 libubsan0_7.3.0-17 libudev1_238-4 libunbound2_1.6.7-1 libunistring2_0.9.8-1 libustr-1.0-1_1.0.4-6 libuuid1_2.31.1-0.5 libxapian30_1.4.5-1 libxml2_2.9.4+dfsg1-6.1 libxml2-dev_2.9.4+dfsg1-6.1 libzstd1_1.3.4+dfsg-1 linux-libc-dev_4.15.17-1 login_1:4.5-1 m4_1.4.18-1 make_4.2.1-1 man-db_2.8.3-2 mawk_1.3.3-17+b3 mount_2.31.1-0.5 multiarch-support_2.27-3 ncurses-base_6.1+20180210-2 ncurses-bin_6.1+20180210-2 nettle-dev_3.4-1 passwd_1:4.5-1 patch_2.7.6-2 perl_5.26.2-3 perl-base_5.26.2-3 perl-modules-5.26_5.26.2-3 po-debconf_1.0.20 sbuild-build-depends-core-dummy_0.invalid.0 sbuild-build-depends-libcommoncpp2-dummy_0.invalid.0 sed_4.4-2 sensible-utils_0.0.12 sysvinit-utils_2.88dsf-59.10 tar_1.30+dfsg-1 util-linux_2.31.1-0.5 xz-utils_5.2.2-1.3 zlib1g_1:1.2.11.dfsg-1 zlib1g-dev_1:1.2.11.dfsg-1

+------------------------------------------------------------------------------+
| Build                                                                        |
+------------------------------------------------------------------------------+


Unpack source
-------------

gpgv: unknown type of key resource 'trustedkeys.kbx'
gpgv: keyblock resource '/sbuild-nonexistent/.gnupg/trustedkeys.kbx': General error
gpgv: Signature made Mon Aug 17 19:04:56 2015 UTC
gpgv:                using RSA key 310180050905E40C
gpgv: Can't check signature: No public key
dpkg-source: warning: failed to verify signature on ./libcommoncpp2_1.8.1-6.1.dsc
dpkg-source: info: extracting libcommoncpp2 in /<<PKGBUILDDIR>>
dpkg-source: info: unpacking libcommoncpp2_1.8.1.orig.tar.gz
dpkg-source: info: unpacking libcommoncpp2_1.8.1-6.1.debian.tar.xz
dpkg-source: info: applying spelling-error-in-manpage.patch
dpkg-source: info: applying applog-inc-fcntl.patch
dpkg-source: info: applying cleaning_doc.dpatch
dpkg-source: info: applying fix_ciddr_ftbfs.dpatch
dpkg-source: info: applying caddr.diff
dpkg-source: info: applying inaddr.patch

Check disk space
----------------

Sufficient free space for build

User Environment
----------------

APT_CONFIG=/var/lib/sbuild/apt.conf
HOME=/sbuild-nonexistent
LANG=en_US.UTF-8
LC_ALL=POSIX
LOGNAME=user42
PATH=/usr/local/sbin:/usr/local/bin:/usr/sbin:/usr/bin:/sbin:/bin:/usr/games
SCHROOT_ALIAS_NAME=unstable-amd64-sbuild
SCHROOT_CHROOT_NAME=unstable-amd64-sbuild
SCHROOT_COMMAND=env
SCHROOT_GID=1001
SCHROOT_GROUP=user42
SCHROOT_SESSION_ID=unstable-amd64-sbuild-b41fd09b-add5-4574-a320-c621a574282c
SCHROOT_UID=1001
SCHROOT_USER=user42
SHELL=/bin/sh
USER=user42

dpkg-buildpackage
-----------------

dpkg-buildpackage: info: source package libcommoncpp2
dpkg-buildpackage: info: source version 1.8.1-6.1
dpkg-buildpackage: info: source distribution unstable
dpkg-buildpackage: info: source changed by Julien Cristau <jcristau@debian.org>
 dpkg-source --before-build libcommoncpp2-1.8.1
dpkg-buildpackage: info: host architecture amd64
 fakeroot debian/rules clean
dh clean --parallel --with autotools_dev
dh: The autotools-dev sequence is deprecated and replaced by dh in debhelper (>= 9.20160115)
dh: This feature will be removed in compat 12.
   dh_autotools-dev_restoreconfig -O--parallel
dh_autotools-dev_restoreconfig: dh_autotools-dev_restoreconfig is deprecated; please see dh_autotools-dev_restoreconfig(1) for a replacement
dh_autotools-dev_restoreconfig: This feature will be removed in compat 12.
   dh_clean -O--parallel
 debian/rules build-arch
dh build-arch --parallel --with autotools_dev
dh: The autotools-dev sequence is deprecated and replaced by dh in debhelper (>= 9.20160115)
dh: This feature will be removed in compat 12.
   dh_update_autotools_config -a -O--parallel
   dh_autotools-dev_updateconfig -a -O--parallel
dh_autotools-dev_updateconfig: dh_autotools-dev_updateconfig is deprecated; please see dh_autotools-dev_updateconfig(1) for a replacement
dh_autotools-dev_updateconfig: This feature will be removed in compat 12.
   dh_auto_configure -a -O--parallel
	./configure --build=x86_64-linux-gnu --prefix=/usr --includedir=\${prefix}/include --mandir=\${prefix}/share/man --infodir=\${prefix}/share/info --sysconfdir=/etc --localstatedir=/var --disable-silent-rules --libdir=\${prefix}/lib/x86_64-linux-gnu --libexecdir=\${prefix}/lib/x86_64-linux-gnu --disable-maintainer-mode --disable-dependency-tracking
configure: WARNING: unrecognized options: --disable-silent-rules
checking build system type... x86_64-pc-linux-gnu
checking host system type... x86_64-pc-linux-gnu
checking target system type... x86_64-pc-linux-gnu
checking for gcc... gcc
checking whether the C compiler works... yes
checking for C compiler default output file name... a.out
checking for suffix of executables... 
checking whether we are cross compiling... no
checking for suffix of object files... o
checking whether we are using the GNU C compiler... yes
checking whether gcc accepts -g... yes
checking for gcc option to accept ISO C89... none needed
checking how to run the C preprocessor... gcc -E
checking for gcc... (cached) gcc
checking whether we are using the GNU C compiler... (cached) yes
checking whether gcc accepts -g... (cached) yes
checking for gcc option to accept ISO C89... (cached) none needed
checking for g++... g++
checking whether we are using the GNU C++ compiler... yes
checking whether g++ accepts -g... yes
checking how to run the C++ preprocessor... g++ -E
checking whether we are using the GNU C++ compiler... (cached) yes
checking whether g++ accepts -g... (cached) yes
checking for grep that handles long lines and -e... /bin/grep
checking for egrep... /bin/grep -E
checking for ANSI C header files... yes
checking for sys/types.h... yes
checking for sys/stat.h... yes
checking for stdlib.h... yes
checking for string.h... yes
checking for memory.h... yes
checking for strings.h... yes
checking for inttypes.h... yes
checking for stdint.h... yes
checking for unistd.h... yes
checking minix/config.h usability... no
checking minix/config.h presence... no
checking for minix/config.h... no
checking whether it is safe to define __EXTENSIONS__... yes
checking for gcc... (cached) gcc
checking whether we are using the GNU C compiler... (cached) yes
checking whether gcc accepts -g... (cached) yes
checking for gcc option to accept ISO C89... (cached) none needed
checking how to run the C preprocessor... gcc -E
checking for library containing strerror... none required
checking for MSC environment... no
checking for a sed that does not truncate output... /bin/sed
checking for fgrep... /bin/grep -F
checking for ld used by gcc... /usr/bin/ld
checking if the linker (/usr/bin/ld) is GNU ld... yes
checking for BSD- or MS-compatible name lister (nm)... /usr/bin/nm -B
checking the name lister (/usr/bin/nm -B) interface... BSD nm
checking whether ln -s works... yes
checking the maximum length of command line arguments... 1572864
checking whether the shell understands some XSI constructs... yes
checking whether the shell understands "+="... yes
checking for /usr/bin/ld option to reload object files... -r
checking for objdump... objdump
checking how to recognize dependent libraries... pass_all
checking for ar... ar
checking for strip... strip
checking for ranlib... ranlib
checking command to parse /usr/bin/nm -B output from gcc object... ok
checking for dlfcn.h... yes
checking whether we are using the GNU C++ compiler... (cached) yes
checking whether g++ accepts -g... (cached) yes
checking how to run the C++ preprocessor... g++ -E
checking for objdir... .libs
checking if gcc supports -fno-rtti -fno-exceptions... yes
checking for gcc option to produce PIC... -fPIC -DPIC
checking if gcc PIC flag -fPIC -DPIC works... yes
checking if gcc static flag -static works... yes
checking if gcc supports -c -o file.o... yes
checking if gcc supports -c -o file.o... (cached) yes
checking whether the gcc linker (/usr/bin/ld -m elf_x86_64) supports shared libraries... yes
checking whether -lc should be explicitly linked in... no
checking dynamic linker characteristics... GNU/Linux ld.so
checking how to hardcode library paths into programs... immediate
checking whether stripping libraries is possible... yes
checking if libtool supports shared libraries... yes
checking whether to build shared libraries... yes
checking whether to build static libraries... yes
checking for ld used by g++... /usr/bin/ld -m elf_x86_64
checking if the linker (/usr/bin/ld -m elf_x86_64) is GNU ld... yes
checking whether the g++ linker (/usr/bin/ld -m elf_x86_64) supports shared libraries... yes
checking for g++ option to produce PIC... -fPIC -DPIC
checking if g++ PIC flag -fPIC -DPIC works... yes
checking if g++ static flag -static works... yes
checking if g++ supports -c -o file.o... yes
checking if g++ supports -c -o file.o... (cached) yes
checking whether the g++ linker (/usr/bin/ld -m elf_x86_64) supports shared libraries... yes
checking dynamic linker characteristics... GNU/Linux ld.so
checking how to hardcode library paths into programs... immediate
checking for a BSD-compatible install... /usr/bin/install -c
checking whether build environment is sane... yes
checking for a thread-safe mkdir -p... /bin/mkdir -p
checking for gawk... no
checking for mawk... mawk
checking whether make sets $(MAKE)... yes
checking for style of include used by make... GNU
checking dependency style of gcc... none
checking dependency style of g++... none
checking for C/C++ restrict keyword... __restrict
checking for working volatile... yes
checking for inline... inline
checking for ranlib... (cached) ranlib
checking for genorated automake files... found
checking whether to enable maintainer-specific portions of Makefiles... no
checking for Win32 gnu environment... no
checking whether system meets Posix.1... yes
checking features.h usability... yes
checking features.h presence... yes
checking for features.h... yes
checking fcntl.h usability... yes
checking fcntl.h presence... yes
checking for fcntl.h... yes
checking sys/fcntl.h usability... yes
checking sys/fcntl.h presence... yes
checking for sys/fcntl.h... yes
checking whether time.h and sys/time.h may both be included... yes
checking sys/time.h usability... yes
checking sys/time.h presence... yes
checking for sys/time.h... yes
checking for sys/types.h... (cached) yes
checking bits/wordsize.h usability... yes
checking bits/wordsize.h presence... yes
checking for bits/wordsize.h... yes
checking endian.h usability... yes
checking endian.h presence... yes
checking for endian.h... yes
checking for sigaction... yes
checking for setitimer... yes
checking for sigwait... yes
checking bsd/signal.h usability... no
checking bsd/signal.h presence... no
checking for bsd/signal.h... no
checking return type of signal handlers... void
checking whether sigwait has 2 arguments... yes
checking for strcasecmp... yes
checking for strings.h... (cached) yes
checking alloca.h usability... yes
checking alloca.h presence... yes
checking for alloca.h... yes
checking for getopt... yes
checking getopt.h usability... yes
checking getopt.h presence... yes
checking for getopt.h... yes
checking for getopt_long in -lgnugetopt... no
checking for getopt_long... yes
checking for dlfcn.h... (cached) yes
checking for shl_load in -ldld... no
checking for dlopen in -ldl... yes
checking pthread.h usability... yes
checking pthread.h presence... yes
checking for pthread.h... yes
checking sys/atomic_op.h usability... no
checking sys/atomic_op.h presence... no
checking for sys/atomic_op.h... no
checking sys/atomic.h usability... no
checking sys/atomic.h presence... no
checking for sys/atomic.h... no
checking thread.h usability... no
checking thread.h presence... no
checking for thread.h... no
checking whether gcc accepts -kthread... no
checking whether gcc accepts -pthread... yes
checking for pthread_self in -lpthread... yes
checking for pthread_mach_thread_np in -lpthread... no
checking for nanosleep in -lpthread... yes
checking for clock_gettime in -lrt... yes
checking for mlockall in -lrt... yes
checking if more special flags are required for pthreads... no
checking pthread_np.h usability... no
checking pthread_np.h presence... no
checking for pthread_np.h... no
checking semaphore.h usability... yes
checking semaphore.h presence... yes
checking for semaphore.h... yes
checking sched.h usability... yes
checking sched.h presence... yes
checking for sched.h... yes
checking sys/sched.h usability... no
checking sys/sched.h presence... no
checking for sys/sched.h... no
checking for sched_getscheduler... yes
checking for recursive mutex type support... linux
checking for pthread_mutexattr_settype in -lpthread... yes
checking for pthread_rwlock_init in -lpthread... yes
checking for pread in -lc... yes
checking for pthread_suspend in -lpthread... no
checking for pthread_attr_setstacksize in -lpthread... yes
checking for pthread_yield_np in -lpthread... no
checking for pthread_yield in -lpthread... yes
checking for pthread_cancel in -lpthread... yes
checking for pthread_setcanceltype in -lpthread... yes
checking for pthread_delay_np in -lpthread... no
checking for setenv... yes
checking for localtime_r in -lpthread... yes
checking for readdir_r in -lpthread... yes
checking for strerror_r in -lpthread... yes
checking for getpwuid_r in -lpthread... yes
checking for getgrnam_r in -lpthread... yes
checking poll.h usability... yes
checking poll.h presence... yes
checking for poll.h... yes
checking sys/poll.h usability... yes
checking sys/poll.h presence... yes
checking for sys/poll.h... yes
checking sys/stream.h usability... no
checking sys/stream.h presence... no
checking for sys/stream.h... no
checking for poll... yes
checking net/if.h usability... yes
checking net/if.h presence... yes
checking for net/if.h... yes
checking sys/socket.h usability... yes
checking sys/socket.h presence... yes
checking for sys/socket.h... yes
checking select.h usability... no
checking select.h presence... no
checking for select.h... no
checking sys/select.h usability... yes
checking sys/select.h presence... yes
checking for sys/select.h... yes
checking netinet/in_systm.h usability... yes
checking netinet/in_systm.h presence... yes
checking for netinet/in_systm.h... yes
checking netinet/ip.h usability... yes
checking netinet/ip.h presence... yes
checking for netinet/ip.h... yes
checking netinet/inet.h usability... no
checking netinet/inet.h presence... no
checking for netinet/inet.h... no
checking netinet/in.h usability... yes
checking netinet/in.h presence... yes
checking for netinet/in.h... yes
checking arpa/inet.h usability... yes
checking arpa/inet.h presence... yes
checking for arpa/inet.h... yes
checking sys/sockio.h usability... no
checking sys/sockio.h presence... no
checking for sys/sockio.h... no
checking sys/un.h usability... yes
checking sys/un.h presence... yes
checking for sys/un.h... yes
checking for socket in -lsocket... no
checking for getaddrinfo in -lc... yes
checking netinet6/in6.h usability... no
checking netinet6/in6.h presence... no
checking for netinet6/in6.h... no
checking linux/in6.h usability... yes
checking linux/in6.h presence... yes
checking for linux/in6.h... yes
checking for inet_pton in -lc... yes
checking for gethostbyname2 in -lc... yes
checking sys/libcsys.h usability... no
checking sys/libcsys.h presence... no
checking for sys/libcsys.h... no
checking for inet_aton in -lc... yes
checking for socklen_t defined... yes
checking errno.h usability... yes
checking errno.h presence... yes
checking for errno.h... yes
checking limits.h usability... yes
checking limits.h presence... yes
checking for limits.h... yes
checking for sys/types.h... (cached) yes
checking for sys/socket.h... (cached) yes
checking sys/ioctl.h usability... yes
checking sys/ioctl.h presence... yes
checking for sys/ioctl.h... yes
checking for unistd.h... (cached) yes
checking for net/if.h... (cached) yes
checking for linux/netfilter_ipv4.h... yes
checking for linux/netfilter_ipv6.h... yes
checking zlib.h usability... yes
checking zlib.h presence... yes
checking for zlib.h... yes
checking sys/file.h usability... yes
checking sys/file.h presence... yes
checking for sys/file.h... yes
checking sys/param.h usability... yes
checking sys/param.h presence... yes
checking for sys/param.h... yes
checking sys/wait.h usability... yes
checking sys/wait.h presence... yes
checking for sys/wait.h... yes
checking syslog.h usability... yes
checking syslog.h presence... yes
checking for syslog.h... yes
checking syslog.hposix_evlog.h usability... no
checking syslog.hposix_evlog.h presence... no
checking for syslog.hposix_evlog.h... no
checking ss.h usability... no
checking ss.h presence... no
checking for ss.h... no
checking ioctl.h usability... no
checking ioctl.h presence... no
checking for ioctl.h... no
checking for realpath... yes
checking for lstat... yes
checking for snprintf... yes
checking for memmove... yes
checking for strdup... yes
checking for lockf... yes
checking for waitpid... yes
checking for wait4... yes
checking for gettimeofday... yes
checking for posix_memalign... yes
checking for setegid... yes
checking for setpgrp... yes
checking for getpagesize... yes
checking how to run the C preprocessor... gcc -E
checking whether we are using the GNU C++ compiler... (cached) yes
checking whether g++ accepts -g... (cached) yes
checking how to run the C++ preprocessor... g++ -E
checking whether g++ has built-in bool type... yes
checking whether g++ supports -fhandle-exceptions... no
checking whether g++ supports exception handling... yes
checking exception usability... yes
checking exception presence... yes
checking for exception... yes
checking whether g++ supports mutable... yes
checking whether g++ supports namespace... yes
checking wheather old style iostreams... no
checking sstream usability... yes
checking sstream presence... yes
checking for sstream... yes
checking whether g++ has new(size_t,void*)... yes
checking for debugging... no
checking for profiling... no
checking for doxygen... /usr/bin/doxygen
configure: creating ./config.status
config.status: creating src/ccgnu2-config
config.status: creating src/libccext2.pc
config.status: creating src/libccgnu2.pc
config.status: creating src/Makefile
config.status: creating w32/Makefile
config.status: creating w32/vs2008/Makefile
config.status: creating w32/vs2008/ccext2.vcproj
config.status: creating w32/vs2008/ccgnu2.vcproj
config.status: creating w32/vs2008/common.sln
config.status: creating m4/Makefile
config.status: creating doc/Doxyfile
config.status: creating doc/Makefile
config.status: creating demo/Makefile
config.status: creating inc/Makefile
config.status: creating inc/cc++/Makefile
config.status: creating Makefile
config.status: creating commoncpp2.spec
config.status: creating tests/Makefile
config.status: creating commoncpp2.list
config.status: WARNING:  'commoncpp2.list.in' seems to ignore the --datarootdir setting
config.status: creating w32/ccgnu2.dsp
config.status: creating w32/ccext2.dsp
config.status: creating w32/ccgnu2.vcproj
config.status: creating w32/ccext2.vcproj
config.status: creating config.h
config.status: executing libtool commands
config.status: executing depfiles commands
configure: WARNING: unrecognized options: --disable-silent-rules
   dh_auto_build -a -O--parallel
	make -j8 -Oline
make  all-recursive
Making all in inc
Making all in cc++
make[4]: Nothing to be done for 'all'.
make[4]: Nothing to be done for 'all-am'.
Making all in src
make[3]: Entering directory '/<<PKGBUILDDIR>>/src'
/bin/bash ../libtool --tag=CXX   --mode=compile g++ -DHAVE_CONFIG_H -I. -I.. -I../inc   -Wdate-time -D_FORTIFY_SOURCE=2 -I../src -DCCXX_EXPORT_LIBRARY  -D_GNU_SOURCE -I../inc  -g -O2 -fdebug-prefix-map=/<<PKGBUILDDIR>>=. -fstack-protector-strong -Wformat -Werror=format-security -c -o event.lo event.cpp
libtool: compile:  g++ -DHAVE_CONFIG_H -I. -I.. -I../inc -Wdate-time -D_FORTIFY_SOURCE=2 -I../src -DCCXX_EXPORT_LIBRARY -D_GNU_SOURCE -I../inc -g -O2 -fdebug-prefix-map=/<<PKGBUILDDIR>>=. -fstack-protector-strong -Wformat -Werror=format-security -c event.cpp  -fPIC -DPIC -o .libs/event.o
In file included from event.cpp:41:
In file included from ../inc/cc++/thread.h:50:
../inc/cc++/string.h:734:35: error: friend declaration specifying a default argument must be a definition
    friend __EXPORT std::istream &getline(std::istream &is, String &str, char delim = '\n', size_t size = 0);
                                  ^
1 error generated.
make[3]: *** [Makefile:549: event.lo] Error 1
make[3]: Leaving directory '/<<PKGBUILDDIR>>/src'
make[3]: *** Waiting for unfinished jobs....
make[3]: Entering directory '/<<PKGBUILDDIR>>/src'
/bin/bash ../libtool --tag=CXX   --mode=compile g++ -DHAVE_CONFIG_H -I. -I.. -I../inc   -Wdate-time -D_FORTIFY_SOURCE=2 -I../src -DCCXX_EXPORT_LIBRARY  -D_GNU_SOURCE -I../inc  -g -O2 -fdebug-prefix-map=/<<PKGBUILDDIR>>=. -fstack-protector-strong -Wformat -Werror=format-security -c -o semaphore.lo semaphore.cpp
libtool: compile:  g++ -DHAVE_CONFIG_H -I. -I.. -I../inc -Wdate-time -D_FORTIFY_SOURCE=2 -I../src -DCCXX_EXPORT_LIBRARY -D_GNU_SOURCE -I../inc -g -O2 -fdebug-prefix-map=/<<PKGBUILDDIR>>=. -fstack-protector-strong -Wformat -Werror=format-security -c semaphore.cpp  -fPIC -DPIC -o .libs/semaphore.o
In file included from semaphore.cpp:41:
In file included from ../inc/cc++/exception.h:52:
../inc/cc++/string.h:734:35: error: friend declaration specifying a default argument must be a definition
    friend __EXPORT std::istream &getline(std::istream &is, String &str, char delim = '\n', size_t size = 0);
                                  ^
1 error generated.
make[3]: *** [Makefile:549: semaphore.lo] Error 1
make[3]: Leaving directory '/<<PKGBUILDDIR>>/src'
make[3]: Entering directory '/<<PKGBUILDDIR>>/src'
/bin/bash ../libtool --tag=CXX   --mode=compile g++ -DHAVE_CONFIG_H -I. -I.. -I../inc   -Wdate-time -D_FORTIFY_SOURCE=2 -I../src -DCCXX_EXPORT_LIBRARY  -D_GNU_SOURCE -I../inc  -g -O2 -fdebug-prefix-map=/<<PKGBUILDDIR>>=. -fstack-protector-strong -Wformat -Werror=format-security -c -o friends.lo friends.cpp
libtool: compile:  g++ -DHAVE_CONFIG_H -I. -I.. -I../inc -Wdate-time -D_FORTIFY_SOURCE=2 -I../src -DCCXX_EXPORT_LIBRARY -D_GNU_SOURCE -I../inc -g -O2 -fdebug-prefix-map=/<<PKGBUILDDIR>>=. -fstack-protector-strong -Wformat -Werror=format-security -c friends.cpp  -fPIC -DPIC -o .libs/friends.o
In file included from friends.cpp:41:
In file included from ../inc/cc++/thread.h:50:
../inc/cc++/string.h:734:35: error: friend declaration specifying a default argument must be a definition
    friend __EXPORT std::istream &getline(std::istream &is, String &str, char delim = '\n', size_t size = 0);
                                  ^
1 error generated.
make[3]: *** [Makefile:549: friends.lo] Error 1
make[3]: Leaving directory '/<<PKGBUILDDIR>>/src'
make[3]: Entering directory '/<<PKGBUILDDIR>>/src'
/bin/bash ../libtool --tag=CXX   --mode=compile g++ -DHAVE_CONFIG_H -I. -I.. -I../inc   -Wdate-time -D_FORTIFY_SOURCE=2 -I../src -DCCXX_EXPORT_LIBRARY  -D_GNU_SOURCE -I../inc  -g -O2 -fdebug-prefix-map=/<<PKGBUILDDIR>>=. -fstack-protector-strong -Wformat -Werror=format-security -c -o slog.lo slog.cpp
libtool: compile:  g++ -DHAVE_CONFIG_H -I. -I.. -I../inc -Wdate-time -D_FORTIFY_SOURCE=2 -I../src -DCCXX_EXPORT_LIBRARY -D_GNU_SOURCE -I../inc -g -O2 -fdebug-prefix-map=/<<PKGBUILDDIR>>=. -fstack-protector-strong -Wformat -Werror=format-security -c slog.cpp  -fPIC -DPIC -o .libs/slog.o
In file included from slog.cpp:41:
In file included from ../inc/cc++/thread.h:50:
../inc/cc++/string.h:734:35: error: friend declaration specifying a default argument must be a definition
    friend __EXPORT std::istream &getline(std::istream &is, String &str, char delim = '\n', size_t size = 0);
                                  ^
1 error generated.
make[3]: *** [Makefile:549: slog.lo] Error 1
make[3]: Leaving directory '/<<PKGBUILDDIR>>/src'
make[3]: Entering directory '/<<PKGBUILDDIR>>/src'
/bin/bash ../libtool --tag=CXX   --mode=compile g++ -DHAVE_CONFIG_H -I. -I.. -I../inc   -Wdate-time -D_FORTIFY_SOURCE=2 -I../src -DCCXX_EXPORT_LIBRARY  -D_GNU_SOURCE -I../inc  -g -O2 -fdebug-prefix-map=/<<PKGBUILDDIR>>=. -fstack-protector-strong -Wformat -Werror=format-security -c -o threadkey.lo threadkey.cpp
libtool: compile:  g++ -DHAVE_CONFIG_H -I. -I.. -I../inc -Wdate-time -D_FORTIFY_SOURCE=2 -I../src -DCCXX_EXPORT_LIBRARY -D_GNU_SOURCE -I../inc -g -O2 -fdebug-prefix-map=/<<PKGBUILDDIR>>=. -fstack-protector-strong -Wformat -Werror=format-security -c threadkey.cpp  -fPIC -DPIC -o .libs/threadkey.o
In file included from threadkey.cpp:41:
In file included from ../inc/cc++/thread.h:50:
../inc/cc++/string.h:734:35: error: friend declaration specifying a default argument must be a definition
    friend __EXPORT std::istream &getline(std::istream &is, String &str, char delim = '\n', size_t size = 0);
                                  ^
1 error generated.
make[3]: *** [Makefile:549: threadkey.lo] Error 1
make[3]: Leaving directory '/<<PKGBUILDDIR>>/src'
make[3]: Entering directory '/<<PKGBUILDDIR>>/src'
/bin/bash ../libtool --tag=CXX   --mode=compile g++ -DHAVE_CONFIG_H -I. -I.. -I../inc   -Wdate-time -D_FORTIFY_SOURCE=2 -I../src -DCCXX_EXPORT_LIBRARY  -D_GNU_SOURCE -I../inc  -g -O2 -fdebug-prefix-map=/<<PKGBUILDDIR>>=. -fstack-protector-strong -Wformat -Werror=format-security -c -o thread.lo thread.cpp
libtool: compile:  g++ -DHAVE_CONFIG_H -I. -I.. -I../inc -Wdate-time -D_FORTIFY_SOURCE=2 -I../src -DCCXX_EXPORT_LIBRARY -D_GNU_SOURCE -I../inc -g -O2 -fdebug-prefix-map=/<<PKGBUILDDIR>>=. -fstack-protector-strong -Wformat -Werror=format-security -c thread.cpp  -fPIC -DPIC -o .libs/thread.o
In file included from thread.cpp:41:
In file included from ../inc/cc++/thread.h:50:
../inc/cc++/string.h:734:35: error: friend declaration specifying a default argument must be a definition
    friend __EXPORT std::istream &getline(std::istream &is, String &str, char delim = '\n', size_t size = 0);
                                  ^
1 error generated.
make[3]: *** [Makefile:549: thread.lo] Error 1
make[3]: Leaving directory '/<<PKGBUILDDIR>>/src'
make[3]: Entering directory '/<<PKGBUILDDIR>>/src'
/bin/bash ../libtool --tag=CXX   --mode=compile g++ -DHAVE_CONFIG_H -I. -I.. -I../inc   -Wdate-time -D_FORTIFY_SOURCE=2 -I../src -DCCXX_EXPORT_LIBRARY  -D_GNU_SOURCE -I../inc  -g -O2 -fdebug-prefix-map=/<<PKGBUILDDIR>>=. -fstack-protector-strong -Wformat -Werror=format-security -c -o mutex.lo mutex.cpp
libtool: compile:  g++ -DHAVE_CONFIG_H -I. -I.. -I../inc -Wdate-time -D_FORTIFY_SOURCE=2 -I../src -DCCXX_EXPORT_LIBRARY -D_GNU_SOURCE -I../inc -g -O2 -fdebug-prefix-map=/<<PKGBUILDDIR>>=. -fstack-protector-strong -Wformat -Werror=format-security -c mutex.cpp  -fPIC -DPIC -o .libs/mutex.o
In file included from mutex.cpp:41:
In file included from ../inc/cc++/exception.h:52:
../inc/cc++/string.h:734:35: error: friend declaration specifying a default argument must be a definition
    friend __EXPORT std::istream &getline(std::istream &is, String &str, char delim = '\n', size_t size = 0);
                                  ^
1 error generated.
make[3]: *** [Makefile:549: mutex.lo] Error 1
make[3]: Leaving directory '/<<PKGBUILDDIR>>/src'
make[3]: Entering directory '/<<PKGBUILDDIR>>/src'
/bin/bash ../libtool --tag=CXX   --mode=compile g++ -DHAVE_CONFIG_H -I. -I.. -I../inc   -Wdate-time -D_FORTIFY_SOURCE=2 -I../src -DCCXX_EXPORT_LIBRARY  -D_GNU_SOURCE -I../inc  -g -O2 -fdebug-prefix-map=/<<PKGBUILDDIR>>=. -fstack-protector-strong -Wformat -Werror=format-security -c -o dir.lo dir.cpp
libtool: compile:  g++ -DHAVE_CONFIG_H -I. -I.. -I../inc -Wdate-time -D_FORTIFY_SOURCE=2 -I../src -DCCXX_EXPORT_LIBRARY -D_GNU_SOURCE -I../inc -g -O2 -fdebug-prefix-map=/<<PKGBUILDDIR>>=. -fstack-protector-strong -Wformat -Werror=format-security -c dir.cpp  -fPIC -DPIC -o .libs/dir.o
In file included from dir.cpp:41:
In file included from ../inc/cc++/exception.h:52:
../inc/cc++/string.h:734:35: error: friend declaration specifying a default argument must be a definition
    friend __EXPORT std::istream &getline(std::istream &is, String &str, char delim = '\n', size_t size = 0);
                                  ^
dir.cpp:271:5: warning: 'readdir_r' is deprecated [-Wdeprecated-declarations]
    readdir_r(dir, save, &entry);
    ^
/usr/include/dirent.h:186:28: note: 'readdir_r' has been explicitly marked deprecated here
     __nonnull ((1, 2, 3)) __attribute_deprecated__;
                           ^
/usr/include/x86_64-linux-gnu/sys/cdefs.h:246:51: note: expanded from macro '__attribute_deprecated__'
# define __attribute_deprecated__ __attribute__ ((__deprecated__))
                                                  ^
1 warning and 1 error generated.
make[3]: *** [Makefile:549: dir.lo] Error 1
make[3]: Leaving directory '/<<PKGBUILDDIR>>/src'
make[2]: *** [Makefile:379: all-recursive] Error 1
make[1]: *** [Makefile:304: all] Error 2
dh_auto_build: make -j8 -Oline returned exit code 2
make: *** [debian/rules:3: build-arch] Error 25
dpkg-buildpackage: error: debian/rules build-arch subprocess returned exit status 2
--------------------------------------------------------------------------------
Build finished at 2018-05-02T13:24:01Z

Finished
--------


+------------------------------------------------------------------------------+
| Cleanup                                                                      |
+------------------------------------------------------------------------------+

Purging /<<BUILDDIR>>
Not cleaning session: cloned chroot in use
E: Build failure (dpkg-buildpackage died)

+------------------------------------------------------------------------------+
| Summary                                                                      |
+------------------------------------------------------------------------------+

Build Architecture: amd64
Build Type: any
Build-Space: 6404
Build-Time: 19
Distribution: unstable
Fail-Stage: build
Host Architecture: amd64
Install-Time: 9
Job: libcommoncpp2_1.8.1-6.1
Machine Architecture: amd64
Package: libcommoncpp2
Package-Time: 42
Source-Version: 1.8.1-6.1
Space: 6404
Status: attempted
Version: 1.8.1-6.1
--------------------------------------------------------------------------------
Finished at 2018-05-02T13:24:01Z
Build needed 00:00:42, 6404k disk space
E: Build failure (dpkg-buildpackage died)
DC-Status: Failed 42.758608404s
