DC-Build-Header: libfunction-parameters-perl 2.001003-1 / 2018-05-02 13:30:34 +0000
DC-Task: type:rebuild-binarch-only source:libfunction-parameters-perl version:2.001003-1 chroot:unstable esttime:29 logfile:/tmp/libfunction-parameters-perl_2.001003-1_unstable_clang60.log modes:clang60:binarch-only
DC-Sbuild-call: su user42 -c 'sbuild -n --arch-any --apt-update -d unstable -v  --chroot-setup-commands=/tmp/clang60 libfunction-parameters-perl_2.001003-1'
sbuild (Debian sbuild) 0.73.0 (23 Dec 2016) on ip-172-31-5-233.eu-central-1.compute.internal

+================================================================================+
| libfunction-parameters-perl 2.001003-1 (amd64) Wed, 02 May 2018 13:30:35 +0000 |
+================================================================================+

Package: libfunction-parameters-perl
Version: 2.001003-1
Source Version: 2.001003-1
Distribution: unstable
Machine Architecture: amd64
Host Architecture: amd64
Build Architecture: amd64
Build Type: any

I: NOTICE: Log filtering will replace 'var/run/schroot/mount/unstable-amd64-sbuild-35aa7f08-bda5-4869-9077-067fe1e6ec66' with '<<CHROOT>>'

+------------------------------------------------------------------------------+
| Chroot Setup Commands                                                        |
+------------------------------------------------------------------------------+


/tmp/clang60
------------

+ echo 'Entering customization script...'
Entering customization script...
+ CLANG_VERSION=6.0
+ echo 'Install of clang-6.0'
Install of clang-6.0
+ apt-get update
Get:1 http://127.0.0.1:9999/debian unstable InRelease [242 kB]
Get:2 http://127.0.0.1:9999/debian unstable/main Sources.diff/Index [27.9 kB]
Get:3 http://127.0.0.1:9999/debian unstable/main amd64 Packages.diff/Index [27.9 kB]
Get:4 http://127.0.0.1:9999/debian unstable/main Sources 2018-05-02-0830.09.pdiff [16.2 kB]
Get:4 http://127.0.0.1:9999/debian unstable/main Sources 2018-05-02-0830.09.pdiff [16.2 kB]
Get:5 http://127.0.0.1:9999/debian unstable/main amd64 Packages 2018-05-02-0830.09.pdiff [1781 B]
Get:5 http://127.0.0.1:9999/debian unstable/main amd64 Packages 2018-05-02-0830.09.pdiff [1781 B]
Get:6 http://127.0.0.1:9999/debian unstable/main Translation-en [6016 kB]
Fetched 6332 kB in 2s (3448 kB/s)
Reading package lists...
+ apt-get install --yes --no-install-recommends --force-yes clang-6.0
Reading package lists...
Building dependency tree...
Reading state information...
The following additional packages will be installed:
  lib32gcc1 lib32stdc++6 libbsd0 libc6-i386 libclang-common-6.0-dev
  libclang1-6.0 libedit2 libjsoncpp1 libllvm6.0 libncurses5 libobjc-7-dev
  libobjc4
Suggested packages:
  gnustep gnustep-devel clang-6.0-doc
Recommended packages:
  llvm-6.0-dev python libomp-dev libgpm2
The following NEW packages will be installed:
  clang-6.0 lib32gcc1 lib32stdc++6 libbsd0 libc6-i386 libclang-common-6.0-dev
  libclang1-6.0 libedit2 libjsoncpp1 libllvm6.0 libncurses5 libobjc-7-dev
  libobjc4
0 upgraded, 13 newly installed, 0 to remove and 0 not upgraded.
Need to get 37.7 MB of archives.
After this operation, 187 MB of additional disk space will be used.
Get:1 http://127.0.0.1:9999/debian unstable/main amd64 libjsoncpp1 amd64 1.7.4-3 [75.6 kB]
Get:2 http://127.0.0.1:9999/debian unstable/main amd64 libbsd0 amd64 0.8.7-1 [92.1 kB]
Get:3 http://127.0.0.1:9999/debian unstable/main amd64 libncurses5 amd64 6.1+20180210-2 [95.7 kB]
Get:4 http://127.0.0.1:9999/debian unstable/main amd64 libedit2 amd64 3.1-20170329-1 [85.2 kB]
Get:5 http://127.0.0.1:9999/debian unstable/main amd64 libllvm6.0 amd64 1:6.0-3 [14.5 MB]
Get:6 http://127.0.0.1:9999/debian unstable/main amd64 libobjc4 amd64 8-20180425-1 [52.4 kB]
Get:7 http://127.0.0.1:9999/debian unstable/main amd64 libobjc-7-dev amd64 7.3.0-17 [204 kB]
Get:8 http://127.0.0.1:9999/debian unstable/main amd64 libc6-i386 amd64 2.27-3 [2855 kB]
Get:9 http://127.0.0.1:9999/debian unstable/main amd64 lib32gcc1 amd64 1:8-20180425-1 [47.8 kB]
Get:10 http://127.0.0.1:9999/debian unstable/main amd64 lib32stdc++6 amd64 8-20180425-1 [406 kB]
Get:11 http://127.0.0.1:9999/debian unstable/main amd64 libclang-common-6.0-dev amd64 1:6.0-3 [3102 kB]
Get:12 http://127.0.0.1:9999/debian unstable/main amd64 libclang1-6.0 amd64 1:6.0-3 [6995 kB]
Get:13 http://127.0.0.1:9999/debian unstable/main amd64 clang-6.0 amd64 1:6.0-3 [9175 kB]
debconf: delaying package configuration, since apt-utils is not installed
Fetched 37.7 MB in 0s (98.2 MB/s)
Selecting previously unselected package libjsoncpp1:amd64.
(Reading database ... (Reading database ... 5%(Reading database ... 10%(Reading database ... 15%(Reading database ... 20%(Reading database ... 25%(Reading database ... 30%(Reading database ... 35%(Reading database ... 40%(Reading database ... 45%(Reading database ... 50%(Reading database ... 55%(Reading database ... 60%(Reading database ... 65%(Reading database ... 70%(Reading database ... 75%(Reading database ... 80%(Reading database ... 85%(Reading database ... 90%(Reading database ... 95%(Reading database ... 100%(Reading database ... 10022 files and directories currently installed.)
Preparing to unpack .../00-libjsoncpp1_1.7.4-3_amd64.deb ...
Unpacking libjsoncpp1:amd64 (1.7.4-3) ...
Selecting previously unselected package libbsd0:amd64.
Preparing to unpack .../01-libbsd0_0.8.7-1_amd64.deb ...
Unpacking libbsd0:amd64 (0.8.7-1) ...
Selecting previously unselected package libncurses5:amd64.
Preparing to unpack .../02-libncurses5_6.1+20180210-2_amd64.deb ...
Unpacking libncurses5:amd64 (6.1+20180210-2) ...
Selecting previously unselected package libedit2:amd64.
Preparing to unpack .../03-libedit2_3.1-20170329-1_amd64.deb ...
Unpacking libedit2:amd64 (3.1-20170329-1) ...
Selecting previously unselected package libllvm6.0:amd64.
Preparing to unpack .../04-libllvm6.0_1%3a6.0-3_amd64.deb ...
Unpacking libllvm6.0:amd64 (1:6.0-3) ...
Selecting previously unselected package libobjc4:amd64.
Preparing to unpack .../05-libobjc4_8-20180425-1_amd64.deb ...
Unpacking libobjc4:amd64 (8-20180425-1) ...
Selecting previously unselected package libobjc-7-dev:amd64.
Preparing to unpack .../06-libobjc-7-dev_7.3.0-17_amd64.deb ...
Unpacking libobjc-7-dev:amd64 (7.3.0-17) ...
Selecting previously unselected package libc6-i386.
Preparing to unpack .../07-libc6-i386_2.27-3_amd64.deb ...
Unpacking libc6-i386 (2.27-3) ...
Selecting previously unselected package lib32gcc1.
Preparing to unpack .../08-lib32gcc1_1%3a8-20180425-1_amd64.deb ...
Unpacking lib32gcc1 (1:8-20180425-1) ...
Selecting previously unselected package lib32stdc++6.
Preparing to unpack .../09-lib32stdc++6_8-20180425-1_amd64.deb ...
Unpacking lib32stdc++6 (8-20180425-1) ...
Selecting previously unselected package libclang-common-6.0-dev.
Preparing to unpack .../10-libclang-common-6.0-dev_1%3a6.0-3_amd64.deb ...
Unpacking libclang-common-6.0-dev (1:6.0-3) ...
Selecting previously unselected package libclang1-6.0:amd64.
Preparing to unpack .../11-libclang1-6.0_1%3a6.0-3_amd64.deb ...
Unpacking libclang1-6.0:amd64 (1:6.0-3) ...
Selecting previously unselected package clang-6.0.
Preparing to unpack .../12-clang-6.0_1%3a6.0-3_amd64.deb ...
Unpacking clang-6.0 (1:6.0-3) ...
Setting up libncurses5:amd64 (6.1+20180210-2) ...
Setting up libobjc4:amd64 (8-20180425-1) ...
Setting up libc6-i386 (2.27-3) ...
Setting up libbsd0:amd64 (0.8.7-1) ...
Setting up libobjc-7-dev:amd64 (7.3.0-17) ...
Processing triggers for libc-bin (2.27-3) ...
Setting up lib32gcc1 (1:8-20180425-1) ...
Setting up libjsoncpp1:amd64 (1.7.4-3) ...
Setting up libedit2:amd64 (3.1-20170329-1) ...
Setting up libllvm6.0:amd64 (1:6.0-3) ...
Setting up libclang1-6.0:amd64 (1:6.0-3) ...
Setting up lib32stdc++6 (8-20180425-1) ...
Setting up libclang-common-6.0-dev (1:6.0-3) ...
Setting up clang-6.0 (1:6.0-3) ...
Processing triggers for libc-bin (2.27-3) ...
W: --force-yes is deprecated, use one of the options starting with --allow instead.
+ echo 'Replace gcc, g++ & cpp by clang'
Replace gcc, g++ & cpp by clang
+ VERSIONS='4.6 4.7 4.8 4.9 5 6 7 8'
+ cd /usr/bin
+ for VERSION in $VERSIONS
+ rm -f g++-4.6 gcc-4.6 cpp-4.6 gcc
+ ln -s clang++-6.0 g++-4.6
+ ln -s clang-6.0 gcc-4.6
+ ln -s clang-6.0 cpp-4.6
+ ln -s clang-6.0 gcc
+ echo 'gcc-4.6 hold'
+ dpkg --set-selections
dpkg: warning: package not in status nor available database at line 1: gcc-4.6
dpkg: warning: found unknown packages; this might mean the available database
is outdated, and needs to be updated through a frontend method;
please see the FAQ <https://wiki.debian.org/Teams/Dpkg/FAQ>
+ echo 'g++-4.6 hold'
+ dpkg --set-selections
dpkg: warning: package not in status nor available database at line 1: g++-4.6
dpkg: warning: found unknown packages; this might mean the available database
is outdated, and needs to be updated through a frontend method;
please see the FAQ <https://wiki.debian.org/Teams/Dpkg/FAQ>
+ for VERSION in $VERSIONS
+ rm -f g++-4.7 gcc-4.7 cpp-4.7 gcc
+ ln -s clang++-6.0 g++-4.7
+ ln -s clang-6.0 gcc-4.7
+ ln -s clang-6.0 cpp-4.7
+ ln -s clang-6.0 gcc
+ echo 'gcc-4.7 hold'
+ dpkg --set-selections
dpkg: warning: package not in status nor available database at line 1: gcc-4.7
dpkg: warning: found unknown packages; this might mean the available database
is outdated, and needs to be updated through a frontend method;
please see the FAQ <https://wiki.debian.org/Teams/Dpkg/FAQ>
+ echo 'g++-4.7 hold'
+ dpkg --set-selections
dpkg: warning: package not in status nor available database at line 1: g++-4.7
dpkg: warning: found unknown packages; this might mean the available database
is outdated, and needs to be updated through a frontend method;
please see the FAQ <https://wiki.debian.org/Teams/Dpkg/FAQ>
+ for VERSION in $VERSIONS
+ rm -f g++-4.8 gcc-4.8 cpp-4.8 gcc
+ ln -s clang++-6.0 g++-4.8
+ ln -s clang-6.0 gcc-4.8
+ ln -s clang-6.0 cpp-4.8
+ ln -s clang-6.0 gcc
+ echo 'gcc-4.8 hold'
+ dpkg --set-selections
dpkg: warning: package not in status nor available database at line 1: gcc-4.8
dpkg: warning: found unknown packages; this might mean the available database
is outdated, and needs to be updated through a frontend method;
please see the FAQ <https://wiki.debian.org/Teams/Dpkg/FAQ>
+ echo 'g++-4.8 hold'
+ dpkg --set-selections
dpkg: warning: package not in status nor available database at line 1: g++-4.8
dpkg: warning: found unknown packages; this might mean the available database
is outdated, and needs to be updated through a frontend method;
please see the FAQ <https://wiki.debian.org/Teams/Dpkg/FAQ>
+ for VERSION in $VERSIONS
+ rm -f g++-4.9 gcc-4.9 cpp-4.9 gcc
+ ln -s clang++-6.0 g++-4.9
+ ln -s clang-6.0 gcc-4.9
+ ln -s clang-6.0 cpp-4.9
+ ln -s clang-6.0 gcc
+ echo 'gcc-4.9 hold'
+ dpkg --set-selections
dpkg: warning: package not in status nor available database at line 1: gcc-4.9
dpkg: warning: found unknown packages; this might mean the available database
is outdated, and needs to be updated through a frontend method;
please see the FAQ <https://wiki.debian.org/Teams/Dpkg/FAQ>
+ echo 'g++-4.9 hold'
+ dpkg --set-selections
dpkg: warning: package not in status nor available database at line 1: g++-4.9
dpkg: warning: found unknown packages; this might mean the available database
is outdated, and needs to be updated through a frontend method;
please see the FAQ <https://wiki.debian.org/Teams/Dpkg/FAQ>
+ for VERSION in $VERSIONS
+ rm -f g++-5 gcc-5 cpp-5 gcc
+ ln -s clang++-6.0 g++-5
+ ln -s clang-6.0 gcc-5
+ ln -s clang-6.0 cpp-5
+ ln -s clang-6.0 gcc
+ echo 'gcc-5 hold'
+ dpkg --set-selections
+ echo 'g++-5 hold'
+ dpkg --set-selections
+ for VERSION in $VERSIONS
+ rm -f g++-6 gcc-6 cpp-6 gcc
+ ln -s clang++-6.0 g++-6
+ ln -s clang-6.0 gcc-6
+ ln -s clang-6.0 cpp-6
+ ln -s clang-6.0 gcc
+ echo 'gcc-6 hold'
+ dpkg --set-selections
dpkg: warning: package not in status nor available database at line 1: gcc-6
dpkg: warning: found unknown packages; this might mean the available database
is outdated, and needs to be updated through a frontend method;
please see the FAQ <https://wiki.debian.org/Teams/Dpkg/FAQ>
+ echo 'g++-6 hold'
+ dpkg --set-selections
dpkg: warning: package not in status nor available database at line 1: g++-6
dpkg: warning: found unknown packages; this might mean the available database
is outdated, and needs to be updated through a frontend method;
please see the FAQ <https://wiki.debian.org/Teams/Dpkg/FAQ>
+ for VERSION in $VERSIONS
+ rm -f g++-7 gcc-7 cpp-7 gcc
+ ln -s clang++-6.0 g++-7
+ ln -s clang-6.0 gcc-7
+ ln -s clang-6.0 cpp-7
+ ln -s clang-6.0 gcc
+ echo 'gcc-7 hold'
+ dpkg --set-selections
+ echo 'g++-7 hold'
+ dpkg --set-selections
+ for VERSION in $VERSIONS
+ rm -f g++-8 gcc-8 cpp-8 gcc
+ ln -s clang++-6.0 g++-8
+ ln -s clang-6.0 gcc-8
+ ln -s clang-6.0 cpp-8
+ ln -s clang-6.0 gcc
+ echo 'gcc-8 hold'
+ dpkg --set-selections
dpkg: warning: package not in status nor available database at line 1: gcc-8
dpkg: warning: found unknown packages; this might mean the available database
is outdated, and needs to be updated through a frontend method;
please see the FAQ <https://wiki.debian.org/Teams/Dpkg/FAQ>
+ echo 'g++-8 hold'
+ dpkg --set-selections
dpkg: warning: package not in status nor available database at line 1: g++-8
dpkg: warning: found unknown packages; this might mean the available database
is outdated, and needs to be updated through a frontend method;
please see the FAQ <https://wiki.debian.org/Teams/Dpkg/FAQ>
+ cd -
/build/libfunction-parameters-perl-s8u5b5
+ echo 'Check if gcc, g++ & cpp are actually clang'
Check if gcc, g++ & cpp are actually clang
+ gcc --version
+ grep clang
+ cpp --version
+ grep clang
+ g++ --version
+ grep clang

I: Finished running '/tmp/clang60'.

Finished processing commands.
--------------------------------------------------------------------------------

+------------------------------------------------------------------------------+
| Update chroot                                                                |
+------------------------------------------------------------------------------+

Hit:1 http://127.0.0.1:9999/debian unstable InRelease
Reading package lists...
Reading package lists...
Building dependency tree...
Reading state information...
Calculating upgrade...
0 upgraded, 0 newly installed, 0 to remove and 0 not upgraded.

+------------------------------------------------------------------------------+
| Fetch source files                                                           |
+------------------------------------------------------------------------------+


Check APT
---------

Checking available source versions...

Download source files with APT
------------------------------

Reading package lists...
NOTICE: 'libfunction-parameters-perl' packaging is maintained in the 'Git' version control system at:
https://anonscm.debian.org/git/pkg-perl/packages/libfunction-parameters-perl.git
Please use:
git clone https://anonscm.debian.org/git/pkg-perl/packages/libfunction-parameters-perl.git
to retrieve the latest (possibly unreleased) updates to the package.
Need to get 96.2 kB of source archives.
Get:1 http://127.0.0.1:9999/debian unstable/main libfunction-parameters-perl 2.001003-1 (dsc) [2352 B]
Get:2 http://127.0.0.1:9999/debian unstable/main libfunction-parameters-perl 2.001003-1 (tar) [91.3 kB]
Get:3 http://127.0.0.1:9999/debian unstable/main libfunction-parameters-perl 2.001003-1 (diff) [2584 B]
Fetched 96.2 kB in 0s (633 kB/s)
Download complete and in download only mode
I: NOTICE: Log filtering will replace 'build/libfunction-parameters-perl-s8u5b5/libfunction-parameters-perl-2.001003' with '<<PKGBUILDDIR>>'
I: NOTICE: Log filtering will replace 'build/libfunction-parameters-perl-s8u5b5' with '<<BUILDDIR>>'

+------------------------------------------------------------------------------+
| Install build-essential                                                      |
+------------------------------------------------------------------------------+


Setup apt archive
-----------------

Merged Build-Depends: build-essential, fakeroot
Filtered Build-Depends: build-essential, fakeroot
dpkg-deb: building package 'sbuild-build-depends-core-dummy' in '/<<BUILDDIR>>/resolver-HT5tFS/apt_archive/sbuild-build-depends-core-dummy.deb'.
dpkg-scanpackages: warning: Packages in archive but missing from override file:
dpkg-scanpackages: warning:   sbuild-build-depends-core-dummy
dpkg-scanpackages: info: Wrote 1 entries to output Packages file.
Ign:1 copy:/<<BUILDDIR>>/resolver-HT5tFS/apt_archive ./ InRelease
Get:2 copy:/<<BUILDDIR>>/resolver-HT5tFS/apt_archive ./ Release [957 B]
Ign:3 copy:/<<BUILDDIR>>/resolver-HT5tFS/apt_archive ./ Release.gpg
Get:4 copy:/<<BUILDDIR>>/resolver-HT5tFS/apt_archive ./ Sources [349 B]
Get:5 copy:/<<BUILDDIR>>/resolver-HT5tFS/apt_archive ./ Packages [430 B]
Fetched 1736 B in 0s (0 B/s)
Reading package lists...
Reading package lists...

Install core build dependencies (apt-based resolver)
----------------------------------------------------

Installing build dependencies
Reading package lists...
Building dependency tree...
Reading state information...
The following NEW packages will be installed:
  sbuild-build-depends-core-dummy
0 upgraded, 1 newly installed, 0 to remove and 0 not upgraded.
Need to get 856 B of archives.
After this operation, 0 B of additional disk space will be used.
Get:1 copy:/<<BUILDDIR>>/resolver-HT5tFS/apt_archive ./ sbuild-build-depends-core-dummy 0.invalid.0 [856 B]
debconf: delaying package configuration, since apt-utils is not installed
Fetched 856 B in 0s (0 B/s)
Selecting previously unselected package sbuild-build-depends-core-dummy.
(Reading database ... 10771 files and directories currently installed.)
Preparing to unpack .../sbuild-build-depends-core-dummy_0.invalid.0_amd64.deb ...
Unpacking sbuild-build-depends-core-dummy (0.invalid.0) ...
Setting up sbuild-build-depends-core-dummy (0.invalid.0) ...

+------------------------------------------------------------------------------+
| Check architectures                                                          |
+------------------------------------------------------------------------------+

Arch check ok (amd64 included in any)

+------------------------------------------------------------------------------+
| Install package build dependencies                                           |
+------------------------------------------------------------------------------+


Setup apt archive
-----------------

Merged Build-Depends: debhelper (>= 9), libaliased-perl, libdir-self-perl, libmoo-perl, libmoose-perl, libmoosex-types-perl, libsub-name-perl, libtest-deep-perl, libtest-fatal-perl, perl
Filtered Build-Depends: debhelper (>= 9), libaliased-perl, libdir-self-perl, libmoo-perl, libmoose-perl, libmoosex-types-perl, libsub-name-perl, libtest-deep-perl, libtest-fatal-perl, perl
dpkg-deb: building package 'sbuild-build-depends-libfunction-parameters-perl-dummy' in '/<<BUILDDIR>>/resolver-HT5tFS/apt_archive/sbuild-build-depends-libfunction-parameters-perl-dummy.deb'.
dpkg-scanpackages: warning: Packages in archive but missing from override file:
dpkg-scanpackages: warning:   sbuild-build-depends-core-dummy sbuild-build-depends-libfunction-parameters-perl-dummy
dpkg-scanpackages: info: Wrote 2 entries to output Packages file.
Ign:1 copy:/<<BUILDDIR>>/resolver-HT5tFS/apt_archive ./ InRelease
Get:2 copy:/<<BUILDDIR>>/resolver-HT5tFS/apt_archive ./ Release [963 B]
Ign:3 copy:/<<BUILDDIR>>/resolver-HT5tFS/apt_archive ./ Release.gpg
Get:4 copy:/<<BUILDDIR>>/resolver-HT5tFS/apt_archive ./ Sources [559 B]
Get:5 copy:/<<BUILDDIR>>/resolver-HT5tFS/apt_archive ./ Packages [636 B]
Fetched 2158 B in 0s (0 B/s)
Reading package lists...
Reading package lists...

Install libfunction-parameters-perl build dependencies (apt-based resolver)
---------------------------------------------------------------------------

Installing build dependencies
Reading package lists...
Building dependency tree...
Reading state information...
The following additional packages will be installed:
  autoconf automake autopoint autotools-dev bsdmainutils debhelper
  dh-autoreconf dh-strip-nondeterminism file gettext gettext-base groff-base
  intltool-debian libalgorithm-c3-perl libaliased-perl libarchive-zip-perl
  libb-hooks-endofscope-perl libb-hooks-op-check-perl libcarp-clan-perl
  libclass-c3-perl libclass-load-perl libclass-load-xs-perl
  libclass-method-modifiers-perl libcroco3 libdata-optlist-perl
  libdevel-callchecker-perl libdevel-globaldestruction-perl
  libdevel-overloadinfo-perl libdevel-stacktrace-perl libdir-self-perl
  libdist-checkconflicts-perl libdynaloader-functions-perl
  libeval-closure-perl libfile-stripnondeterminism-perl libglib2.0-0 libicu57
  libimport-into-perl libmagic-mgc libmagic1 libmodule-implementation-perl
  libmodule-runtime-conflicts-perl libmodule-runtime-perl libmoo-perl
  libmoose-perl libmoosex-types-perl libmro-compat-perl
  libnamespace-autoclean-perl libnamespace-clean-perl
  libpackage-deprecationmanager-perl libpackage-stash-perl
  libpackage-stash-xs-perl libparams-classify-perl libparams-util-perl
  libpipeline1 librole-tiny-perl libsigsegv2 libstrictures-perl
  libsub-exporter-formethods-perl libsub-exporter-perl
  libsub-exporter-progressive-perl libsub-identify-perl libsub-install-perl
  libsub-name-perl libsub-quote-perl libtest-deep-perl libtest-fatal-perl
  libtimedate-perl libtool libtry-tiny-perl libvariable-magic-perl libxml2 m4
  man-db po-debconf
Suggested packages:
  autoconf-archive gnu-standards autoconf-doc wamerican | wordlist whois
  vacation dh-make dwz gettext-doc libasprintf-dev libgettextpo-dev groff
  libscalar-number-perl libbareword-filehandles-perl libindirect-perl
  libmultidimensional-perl libtool-doc gfortran | fortran95-compiler gcj-jdk
  m4-doc apparmor less www-browser libmail-box-perl
Recommended packages:
  curl | wget | lynx libclass-c3-xs-perl libdevel-lexalias-perl
  libarchive-cpio-perl libglib2.0-data shared-mime-info xdg-user-dirs
  libclass-xsaccessor-perl libdevel-partialdump-perl libltdl-dev
  libmail-sendmail-perl
The following NEW packages will be installed:
  autoconf automake autopoint autotools-dev bsdmainutils debhelper
  dh-autoreconf dh-strip-nondeterminism file gettext gettext-base groff-base
  intltool-debian libalgorithm-c3-perl libaliased-perl libarchive-zip-perl
  libb-hooks-endofscope-perl libb-hooks-op-check-perl libcarp-clan-perl
  libclass-c3-perl libclass-load-perl libclass-load-xs-perl
  libclass-method-modifiers-perl libcroco3 libdata-optlist-perl
  libdevel-callchecker-perl libdevel-globaldestruction-perl
  libdevel-overloadinfo-perl libdevel-stacktrace-perl libdir-self-perl
  libdist-checkconflicts-perl libdynaloader-functions-perl
  libeval-closure-perl libfile-stripnondeterminism-perl libglib2.0-0 libicu57
  libimport-into-perl libmagic-mgc libmagic1 libmodule-implementation-perl
  libmodule-runtime-conflicts-perl libmodule-runtime-perl libmoo-perl
  libmoose-perl libmoosex-types-perl libmro-compat-perl
  libnamespace-autoclean-perl libnamespace-clean-perl
  libpackage-deprecationmanager-perl libpackage-stash-perl
  libpackage-stash-xs-perl libparams-classify-perl libparams-util-perl
  libpipeline1 librole-tiny-perl libsigsegv2 libstrictures-perl
  libsub-exporter-formethods-perl libsub-exporter-perl
  libsub-exporter-progressive-perl libsub-identify-perl libsub-install-perl
  libsub-name-perl libsub-quote-perl libtest-deep-perl libtest-fatal-perl
  libtimedate-perl libtool libtry-tiny-perl libvariable-magic-perl libxml2 m4
  man-db po-debconf sbuild-build-depends-libfunction-parameters-perl-dummy
0 upgraded, 75 newly installed, 0 to remove and 0 not upgraded.
Need to get 21.4 MB of archives.
After this operation, 71.3 MB of additional disk space will be used.
Get:1 copy:/<<BUILDDIR>>/resolver-HT5tFS/apt_archive ./ sbuild-build-depends-libfunction-parameters-perl-dummy 0.invalid.0 [928 B]
Get:2 http://127.0.0.1:9999/debian unstable/main amd64 bsdmainutils amd64 11.1.2 [190 kB]
Get:3 http://127.0.0.1:9999/debian unstable/main amd64 groff-base amd64 1.22.3-10 [1176 kB]
Get:4 http://127.0.0.1:9999/debian unstable/main amd64 libpipeline1 amd64 1.5.0-1 [29.0 kB]
Get:5 http://127.0.0.1:9999/debian unstable/main amd64 man-db amd64 2.8.3-2 [1180 kB]
Get:6 http://127.0.0.1:9999/debian unstable/main amd64 libmagic-mgc amd64 1:5.33-2 [234 kB]
Get:7 http://127.0.0.1:9999/debian unstable/main amd64 libmagic1 amd64 1:5.33-2 [113 kB]
Get:8 http://127.0.0.1:9999/debian unstable/main amd64 file amd64 1:5.33-2 [65.6 kB]
Get:9 http://127.0.0.1:9999/debian unstable/main amd64 gettext-base amd64 0.19.8.1-6 [122 kB]
Get:10 http://127.0.0.1:9999/debian unstable/main amd64 libsigsegv2 amd64 2.12-2 [32.8 kB]
Get:11 http://127.0.0.1:9999/debian unstable/main amd64 m4 amd64 1.4.18-1 [202 kB]
Get:12 http://127.0.0.1:9999/debian unstable/main amd64 autoconf all 2.69-11 [341 kB]
Get:13 http://127.0.0.1:9999/debian unstable/main amd64 autotools-dev all 20180224.1 [77.0 kB]
Get:14 http://127.0.0.1:9999/debian unstable/main amd64 automake all 1:1.15.1-3.1 [736 kB]
Get:15 http://127.0.0.1:9999/debian unstable/main amd64 autopoint all 0.19.8.1-6 [434 kB]
Get:16 http://127.0.0.1:9999/debian unstable/main amd64 libtool all 2.4.6-2.1 [547 kB]
Get:17 http://127.0.0.1:9999/debian unstable/main amd64 dh-autoreconf all 17 [16.5 kB]
Get:18 http://127.0.0.1:9999/debian unstable/main amd64 libarchive-zip-perl all 1.60-1 [95.6 kB]
Get:19 http://127.0.0.1:9999/debian unstable/main amd64 libfile-stripnondeterminism-perl all 0.041-1 [19.9 kB]
Get:20 http://127.0.0.1:9999/debian unstable/main amd64 libtimedate-perl all 2.3000-2 [42.2 kB]
Get:21 http://127.0.0.1:9999/debian unstable/main amd64 dh-strip-nondeterminism all 0.041-1 [12.0 kB]
Get:22 http://127.0.0.1:9999/debian unstable/main amd64 libglib2.0-0 amd64 2.56.1-2 [2928 kB]
Get:23 http://127.0.0.1:9999/debian unstable/main amd64 libicu57 amd64 57.1-9 [7698 kB]
Get:24 http://127.0.0.1:9999/debian unstable/main amd64 libxml2 amd64 2.9.4+dfsg1-6.1 [725 kB]
Get:25 http://127.0.0.1:9999/debian unstable/main amd64 libcroco3 amd64 0.6.12-2 [144 kB]
Get:26 http://127.0.0.1:9999/debian unstable/main amd64 gettext amd64 0.19.8.1-6 [1302 kB]
Get:27 http://127.0.0.1:9999/debian unstable/main amd64 intltool-debian all 0.35.0+20060710.4 [26.3 kB]
Get:28 http://127.0.0.1:9999/debian unstable/main amd64 po-debconf all 1.0.20 [247 kB]
Get:29 http://127.0.0.1:9999/debian unstable/main amd64 debhelper all 11.2.1 [1013 kB]
Get:30 http://127.0.0.1:9999/debian unstable/main amd64 libalgorithm-c3-perl all 0.10-1 [12.0 kB]
Get:31 http://127.0.0.1:9999/debian unstable/main amd64 libaliased-perl all 0.34-1 [13.8 kB]
Get:32 http://127.0.0.1:9999/debian unstable/main amd64 libb-hooks-op-check-perl amd64 0.22-1 [11.1 kB]
Get:33 http://127.0.0.1:9999/debian unstable/main amd64 libdynaloader-functions-perl all 0.003-1 [12.6 kB]
Get:34 http://127.0.0.1:9999/debian unstable/main amd64 libdevel-callchecker-perl amd64 0.007-2+b1 [17.8 kB]
Get:35 http://127.0.0.1:9999/debian unstable/main amd64 libparams-classify-perl amd64 0.015-1 [25.2 kB]
Get:36 http://127.0.0.1:9999/debian unstable/main amd64 libmodule-runtime-perl all 0.016-1 [19.4 kB]
Get:37 http://127.0.0.1:9999/debian unstable/main amd64 libtry-tiny-perl all 0.30-1 [23.3 kB]
Get:38 http://127.0.0.1:9999/debian unstable/main amd64 libmodule-implementation-perl all 0.09-1 [12.9 kB]
Get:39 http://127.0.0.1:9999/debian unstable/main amd64 libsub-exporter-progressive-perl all 0.001013-1 [7588 B]
Get:40 http://127.0.0.1:9999/debian unstable/main amd64 libvariable-magic-perl amd64 0.62-1 [45.7 kB]
Get:41 http://127.0.0.1:9999/debian unstable/main amd64 libb-hooks-endofscope-perl all 0.21-1 [16.3 kB]
Get:42 http://127.0.0.1:9999/debian unstable/main amd64 libcarp-clan-perl all 6.06-1 [12.9 kB]
Get:43 http://127.0.0.1:9999/debian unstable/main amd64 libclass-c3-perl all 0.33-1 [22.3 kB]
Get:44 http://127.0.0.1:9999/debian unstable/main amd64 libparams-util-perl amd64 1.07-3+b3 [22.7 kB]
Get:45 http://127.0.0.1:9999/debian unstable/main amd64 libsub-install-perl all 0.928-1 [11.4 kB]
Get:46 http://127.0.0.1:9999/debian unstable/main amd64 libdata-optlist-perl all 0.110-1 [10.6 kB]
Get:47 http://127.0.0.1:9999/debian unstable/main amd64 libpackage-stash-perl all 0.37-1 [20.8 kB]
Get:48 http://127.0.0.1:9999/debian unstable/main amd64 libclass-load-perl all 0.24-1 [15.8 kB]
Get:49 http://127.0.0.1:9999/debian unstable/main amd64 libclass-load-xs-perl amd64 0.10-1+b2 [14.8 kB]
Get:50 http://127.0.0.1:9999/debian unstable/main amd64 libclass-method-modifiers-perl all 2.12-1 [18.6 kB]
Get:51 http://127.0.0.1:9999/debian unstable/main amd64 libdevel-globaldestruction-perl all 0.14-1 [8084 B]
Get:52 http://127.0.0.1:9999/debian unstable/main amd64 libmro-compat-perl all 0.13-1 [12.2 kB]
Get:53 http://127.0.0.1:9999/debian unstable/main amd64 libsub-identify-perl amd64 0.14-1 [11.7 kB]
Get:54 http://127.0.0.1:9999/debian unstable/main amd64 libdevel-overloadinfo-perl all 0.005-1 [7212 B]
Get:55 http://127.0.0.1:9999/debian unstable/main amd64 libdevel-stacktrace-perl all 2.0300-1 [28.0 kB]
Get:56 http://127.0.0.1:9999/debian unstable/main amd64 libdir-self-perl all 0.11-2 [5690 B]
Get:57 http://127.0.0.1:9999/debian unstable/main amd64 libdist-checkconflicts-perl all 0.11-1 [10.8 kB]
Get:58 http://127.0.0.1:9999/debian unstable/main amd64 libsub-exporter-perl all 0.987-1 [47.2 kB]
Get:59 http://127.0.0.1:9999/debian unstable/main amd64 libeval-closure-perl all 0.14-1 [11.5 kB]
Get:60 http://127.0.0.1:9999/debian unstable/main amd64 libimport-into-perl all 1.002005-1 [11.6 kB]
Get:61 http://127.0.0.1:9999/debian unstable/main amd64 libmodule-runtime-conflicts-perl all 0.003-1 [6882 B]
Get:62 http://127.0.0.1:9999/debian unstable/main amd64 librole-tiny-perl all 2.000006-1 [19.4 kB]
Get:63 http://127.0.0.1:9999/debian unstable/main amd64 libstrictures-perl all 2.000003-1 [18.1 kB]
Get:64 http://127.0.0.1:9999/debian unstable/main amd64 libsub-quote-perl all 2.005000-1 [17.7 kB]
Get:65 http://127.0.0.1:9999/debian unstable/main amd64 libmoo-perl all 2.003004-1 [57.3 kB]
Get:66 http://127.0.0.1:9999/debian unstable/main amd64 libsub-name-perl amd64 0.21-1+b2 [13.4 kB]
Get:67 http://127.0.0.1:9999/debian unstable/main amd64 libpackage-deprecationmanager-perl all 0.17-1 [16.4 kB]
Get:68 http://127.0.0.1:9999/debian unstable/main amd64 libpackage-stash-xs-perl amd64 0.28-3+b3 [17.9 kB]
Get:69 http://127.0.0.1:9999/debian unstable/main amd64 libmoose-perl amd64 2.2010-1 [802 kB]
Get:70 http://127.0.0.1:9999/debian unstable/main amd64 libnamespace-clean-perl all 0.27-1 [17.3 kB]
Get:71 http://127.0.0.1:9999/debian unstable/main amd64 libnamespace-autoclean-perl all 0.28-1 [14.7 kB]
Get:72 http://127.0.0.1:9999/debian unstable/main amd64 libsub-exporter-formethods-perl all 0.100052-1 [7598 B]
Get:73 http://127.0.0.1:9999/debian unstable/main amd64 libmoosex-types-perl all 0.50-1 [54.2 kB]
Get:74 http://127.0.0.1:9999/debian unstable/main amd64 libtest-deep-perl all 1.127-1 [48.5 kB]
Get:75 http://127.0.0.1:9999/debian unstable/main amd64 libtest-fatal-perl all 0.014-1 [11.9 kB]
debconf: delaying package configuration, since apt-utils is not installed
Fetched 21.4 MB in 1s (20.7 MB/s)
Selecting previously unselected package bsdmainutils.
(Reading database ... 10771 files and directories currently installed.)
Preparing to unpack .../00-bsdmainutils_11.1.2_amd64.deb ...
Unpacking bsdmainutils (11.1.2) ...
Selecting previously unselected package groff-base.
Preparing to unpack .../01-groff-base_1.22.3-10_amd64.deb ...
Unpacking groff-base (1.22.3-10) ...
Selecting previously unselected package libpipeline1:amd64.
Preparing to unpack .../02-libpipeline1_1.5.0-1_amd64.deb ...
Unpacking libpipeline1:amd64 (1.5.0-1) ...
Selecting previously unselected package man-db.
Preparing to unpack .../03-man-db_2.8.3-2_amd64.deb ...
Unpacking man-db (2.8.3-2) ...
Selecting previously unselected package libmagic-mgc.
Preparing to unpack .../04-libmagic-mgc_1%3a5.33-2_amd64.deb ...
Unpacking libmagic-mgc (1:5.33-2) ...
Selecting previously unselected package libmagic1:amd64.
Preparing to unpack .../05-libmagic1_1%3a5.33-2_amd64.deb ...
Unpacking libmagic1:amd64 (1:5.33-2) ...
Selecting previously unselected package file.
Preparing to unpack .../06-file_1%3a5.33-2_amd64.deb ...
Unpacking file (1:5.33-2) ...
Selecting previously unselected package gettext-base.
Preparing to unpack .../07-gettext-base_0.19.8.1-6_amd64.deb ...
Unpacking gettext-base (0.19.8.1-6) ...
Selecting previously unselected package libsigsegv2:amd64.
Preparing to unpack .../08-libsigsegv2_2.12-2_amd64.deb ...
Unpacking libsigsegv2:amd64 (2.12-2) ...
Selecting previously unselected package m4.
Preparing to unpack .../09-m4_1.4.18-1_amd64.deb ...
Unpacking m4 (1.4.18-1) ...
Selecting previously unselected package autoconf.
Preparing to unpack .../10-autoconf_2.69-11_all.deb ...
Unpacking autoconf (2.69-11) ...
Selecting previously unselected package autotools-dev.
Preparing to unpack .../11-autotools-dev_20180224.1_all.deb ...
Unpacking autotools-dev (20180224.1) ...
Selecting previously unselected package automake.
Preparing to unpack .../12-automake_1%3a1.15.1-3.1_all.deb ...
Unpacking automake (1:1.15.1-3.1) ...
Selecting previously unselected package autopoint.
Preparing to unpack .../13-autopoint_0.19.8.1-6_all.deb ...
Unpacking autopoint (0.19.8.1-6) ...
Selecting previously unselected package libtool.
Preparing to unpack .../14-libtool_2.4.6-2.1_all.deb ...
Unpacking libtool (2.4.6-2.1) ...
Selecting previously unselected package dh-autoreconf.
Preparing to unpack .../15-dh-autoreconf_17_all.deb ...
Unpacking dh-autoreconf (17) ...
Selecting previously unselected package libarchive-zip-perl.
Preparing to unpack .../16-libarchive-zip-perl_1.60-1_all.deb ...
Unpacking libarchive-zip-perl (1.60-1) ...
Selecting previously unselected package libfile-stripnondeterminism-perl.
Preparing to unpack .../17-libfile-stripnondeterminism-perl_0.041-1_all.deb ...
Unpacking libfile-stripnondeterminism-perl (0.041-1) ...
Selecting previously unselected package libtimedate-perl.
Preparing to unpack .../18-libtimedate-perl_2.3000-2_all.deb ...
Unpacking libtimedate-perl (2.3000-2) ...
Selecting previously unselected package dh-strip-nondeterminism.
Preparing to unpack .../19-dh-strip-nondeterminism_0.041-1_all.deb ...
Unpacking dh-strip-nondeterminism (0.041-1) ...
Selecting previously unselected package libglib2.0-0:amd64.
Preparing to unpack .../20-libglib2.0-0_2.56.1-2_amd64.deb ...
Unpacking libglib2.0-0:amd64 (2.56.1-2) ...
Selecting previously unselected package libicu57:amd64.
Preparing to unpack .../21-libicu57_57.1-9_amd64.deb ...
Unpacking libicu57:amd64 (57.1-9) ...
Selecting previously unselected package libxml2:amd64.
Preparing to unpack .../22-libxml2_2.9.4+dfsg1-6.1_amd64.deb ...
Unpacking libxml2:amd64 (2.9.4+dfsg1-6.1) ...
Selecting previously unselected package libcroco3:amd64.
Preparing to unpack .../23-libcroco3_0.6.12-2_amd64.deb ...
Unpacking libcroco3:amd64 (0.6.12-2) ...
Selecting previously unselected package gettext.
Preparing to unpack .../24-gettext_0.19.8.1-6_amd64.deb ...
Unpacking gettext (0.19.8.1-6) ...
Selecting previously unselected package intltool-debian.
Preparing to unpack .../25-intltool-debian_0.35.0+20060710.4_all.deb ...
Unpacking intltool-debian (0.35.0+20060710.4) ...
Selecting previously unselected package po-debconf.
Preparing to unpack .../26-po-debconf_1.0.20_all.deb ...
Unpacking po-debconf (1.0.20) ...
Selecting previously unselected package debhelper.
Preparing to unpack .../27-debhelper_11.2.1_all.deb ...
Unpacking debhelper (11.2.1) ...
Selecting previously unselected package libalgorithm-c3-perl.
Preparing to unpack .../28-libalgorithm-c3-perl_0.10-1_all.deb ...
Unpacking libalgorithm-c3-perl (0.10-1) ...
Selecting previously unselected package libaliased-perl.
Preparing to unpack .../29-libaliased-perl_0.34-1_all.deb ...
Unpacking libaliased-perl (0.34-1) ...
Selecting previously unselected package libb-hooks-op-check-perl.
Preparing to unpack .../30-libb-hooks-op-check-perl_0.22-1_amd64.deb ...
Unpacking libb-hooks-op-check-perl (0.22-1) ...
Selecting previously unselected package libdynaloader-functions-perl.
Preparing to unpack .../31-libdynaloader-functions-perl_0.003-1_all.deb ...
Unpacking libdynaloader-functions-perl (0.003-1) ...
Selecting previously unselected package libdevel-callchecker-perl.
Preparing to unpack .../32-libdevel-callchecker-perl_0.007-2+b1_amd64.deb ...
Unpacking libdevel-callchecker-perl (0.007-2+b1) ...
Selecting previously unselected package libparams-classify-perl.
Preparing to unpack .../33-libparams-classify-perl_0.015-1_amd64.deb ...
Unpacking libparams-classify-perl (0.015-1) ...
Selecting previously unselected package libmodule-runtime-perl.
Preparing to unpack .../34-libmodule-runtime-perl_0.016-1_all.deb ...
Unpacking libmodule-runtime-perl (0.016-1) ...
Selecting previously unselected package libtry-tiny-perl.
Preparing to unpack .../35-libtry-tiny-perl_0.30-1_all.deb ...
Unpacking libtry-tiny-perl (0.30-1) ...
Selecting previously unselected package libmodule-implementation-perl.
Preparing to unpack .../36-libmodule-implementation-perl_0.09-1_all.deb ...
Unpacking libmodule-implementation-perl (0.09-1) ...
Selecting previously unselected package libsub-exporter-progressive-perl.
Preparing to unpack .../37-libsub-exporter-progressive-perl_0.001013-1_all.deb ...
Unpacking libsub-exporter-progressive-perl (0.001013-1) ...
Selecting previously unselected package libvariable-magic-perl.
Preparing to unpack .../38-libvariable-magic-perl_0.62-1_amd64.deb ...
Unpacking libvariable-magic-perl (0.62-1) ...
Selecting previously unselected package libb-hooks-endofscope-perl.
Preparing to unpack .../39-libb-hooks-endofscope-perl_0.21-1_all.deb ...
Unpacking libb-hooks-endofscope-perl (0.21-1) ...
Selecting previously unselected package libcarp-clan-perl.
Preparing to unpack .../40-libcarp-clan-perl_6.06-1_all.deb ...
Unpacking libcarp-clan-perl (6.06-1) ...
Selecting previously unselected package libclass-c3-perl.
Preparing to unpack .../41-libclass-c3-perl_0.33-1_all.deb ...
Unpacking libclass-c3-perl (0.33-1) ...
Selecting previously unselected package libparams-util-perl.
Preparing to unpack .../42-libparams-util-perl_1.07-3+b3_amd64.deb ...
Unpacking libparams-util-perl (1.07-3+b3) ...
Selecting previously unselected package libsub-install-perl.
Preparing to unpack .../43-libsub-install-perl_0.928-1_all.deb ...
Unpacking libsub-install-perl (0.928-1) ...
Selecting previously unselected package libdata-optlist-perl.
Preparing to unpack .../44-libdata-optlist-perl_0.110-1_all.deb ...
Unpacking libdata-optlist-perl (0.110-1) ...
Selecting previously unselected package libpackage-stash-perl.
Preparing to unpack .../45-libpackage-stash-perl_0.37-1_all.deb ...
Unpacking libpackage-stash-perl (0.37-1) ...
Selecting previously unselected package libclass-load-perl.
Preparing to unpack .../46-libclass-load-perl_0.24-1_all.deb ...
Unpacking libclass-load-perl (0.24-1) ...
Selecting previously unselected package libclass-load-xs-perl.
Preparing to unpack .../47-libclass-load-xs-perl_0.10-1+b2_amd64.deb ...
Unpacking libclass-load-xs-perl (0.10-1+b2) ...
Selecting previously unselected package libclass-method-modifiers-perl.
Preparing to unpack .../48-libclass-method-modifiers-perl_2.12-1_all.deb ...
Unpacking libclass-method-modifiers-perl (2.12-1) ...
Selecting previously unselected package libdevel-globaldestruction-perl.
Preparing to unpack .../49-libdevel-globaldestruction-perl_0.14-1_all.deb ...
Unpacking libdevel-globaldestruction-perl (0.14-1) ...
Selecting previously unselected package libmro-compat-perl.
Preparing to unpack .../50-libmro-compat-perl_0.13-1_all.deb ...
Unpacking libmro-compat-perl (0.13-1) ...
Selecting previously unselected package libsub-identify-perl.
Preparing to unpack .../51-libsub-identify-perl_0.14-1_amd64.deb ...
Unpacking libsub-identify-perl (0.14-1) ...
Selecting previously unselected package libdevel-overloadinfo-perl.
Preparing to unpack .../52-libdevel-overloadinfo-perl_0.005-1_all.deb ...
Unpacking libdevel-overloadinfo-perl (0.005-1) ...
Selecting previously unselected package libdevel-stacktrace-perl.
Preparing to unpack .../53-libdevel-stacktrace-perl_2.0300-1_all.deb ...
Unpacking libdevel-stacktrace-perl (2.0300-1) ...
Selecting previously unselected package libdir-self-perl.
Preparing to unpack .../54-libdir-self-perl_0.11-2_all.deb ...
Unpacking libdir-self-perl (0.11-2) ...
Selecting previously unselected package libdist-checkconflicts-perl.
Preparing to unpack .../55-libdist-checkconflicts-perl_0.11-1_all.deb ...
Unpacking libdist-checkconflicts-perl (0.11-1) ...
Selecting previously unselected package libsub-exporter-perl.
Preparing to unpack .../56-libsub-exporter-perl_0.987-1_all.deb ...
Unpacking libsub-exporter-perl (0.987-1) ...
Selecting previously unselected package libeval-closure-perl.
Preparing to unpack .../57-libeval-closure-perl_0.14-1_all.deb ...
Unpacking libeval-closure-perl (0.14-1) ...
Selecting previously unselected package libimport-into-perl.
Preparing to unpack .../58-libimport-into-perl_1.002005-1_all.deb ...
Unpacking libimport-into-perl (1.002005-1) ...
Selecting previously unselected package libmodule-runtime-conflicts-perl.
Preparing to unpack .../59-libmodule-runtime-conflicts-perl_0.003-1_all.deb ...
Unpacking libmodule-runtime-conflicts-perl (0.003-1) ...
Selecting previously unselected package librole-tiny-perl.
Preparing to unpack .../60-librole-tiny-perl_2.000006-1_all.deb ...
Unpacking librole-tiny-perl (2.000006-1) ...
Selecting previously unselected package libstrictures-perl.
Preparing to unpack .../61-libstrictures-perl_2.000003-1_all.deb ...
Unpacking libstrictures-perl (2.000003-1) ...
Selecting previously unselected package libsub-quote-perl.
Preparing to unpack .../62-libsub-quote-perl_2.005000-1_all.deb ...
Unpacking libsub-quote-perl (2.005000-1) ...
Selecting previously unselected package libmoo-perl.
Preparing to unpack .../63-libmoo-perl_2.003004-1_all.deb ...
Unpacking libmoo-perl (2.003004-1) ...
Selecting previously unselected package libsub-name-perl.
Preparing to unpack .../64-libsub-name-perl_0.21-1+b2_amd64.deb ...
Unpacking libsub-name-perl (0.21-1+b2) ...
Selecting previously unselected package libpackage-deprecationmanager-perl.
Preparing to unpack .../65-libpackage-deprecationmanager-perl_0.17-1_all.deb ...
Unpacking libpackage-deprecationmanager-perl (0.17-1) ...
Selecting previously unselected package libpackage-stash-xs-perl.
Preparing to unpack .../66-libpackage-stash-xs-perl_0.28-3+b3_amd64.deb ...
Unpacking libpackage-stash-xs-perl (0.28-3+b3) ...
Selecting previously unselected package libmoose-perl.
Preparing to unpack .../67-libmoose-perl_2.2010-1_amd64.deb ...
Unpacking libmoose-perl (2.2010-1) ...
Selecting previously unselected package libnamespace-clean-perl.
Preparing to unpack .../68-libnamespace-clean-perl_0.27-1_all.deb ...
Unpacking libnamespace-clean-perl (0.27-1) ...
Selecting previously unselected package libnamespace-autoclean-perl.
Preparing to unpack .../69-libnamespace-autoclean-perl_0.28-1_all.deb ...
Unpacking libnamespace-autoclean-perl (0.28-1) ...
Selecting previously unselected package libsub-exporter-formethods-perl.
Preparing to unpack .../70-libsub-exporter-formethods-perl_0.100052-1_all.deb ...
Unpacking libsub-exporter-formethods-perl (0.100052-1) ...
Selecting previously unselected package libmoosex-types-perl.
Preparing to unpack .../71-libmoosex-types-perl_0.50-1_all.deb ...
Unpacking libmoosex-types-perl (0.50-1) ...
Selecting previously unselected package libtest-deep-perl.
Preparing to unpack .../72-libtest-deep-perl_1.127-1_all.deb ...
Unpacking libtest-deep-perl (1.127-1) ...
Selecting previously unselected package libtest-fatal-perl.
Preparing to unpack .../73-libtest-fatal-perl_0.014-1_all.deb ...
Unpacking libtest-fatal-perl (0.014-1) ...
Selecting previously unselected package sbuild-build-depends-libfunction-parameters-perl-dummy.
Preparing to unpack .../74-sbuild-build-depends-libfunction-parameters-perl-dummy_0.invalid.0_amd64.deb ...
Unpacking sbuild-build-depends-libfunction-parameters-perl-dummy (0.invalid.0) ...
Setting up libsub-install-perl (0.928-1) ...
Setting up libdir-self-perl (0.11-2) ...
Setting up libtest-deep-perl (1.127-1) ...
Setting up libsub-exporter-progressive-perl (0.001013-1) ...
Setting up libtry-tiny-perl (0.30-1) ...
Setting up libclass-method-modifiers-perl (2.12-1) ...
Setting up libarchive-zip-perl (1.60-1) ...
Setting up libvariable-magic-perl (0.62-1) ...
Setting up libtimedate-perl (2.3000-2) ...
Setting up libsigsegv2:amd64 (2.12-2) ...
Setting up librole-tiny-perl (2.000006-1) ...
Setting up libdevel-stacktrace-perl (2.0300-1) ...
Setting up groff-base (1.22.3-10) ...
Setting up libb-hooks-op-check-perl (0.22-1) ...
Setting up libglib2.0-0:amd64 (2.56.1-2) ...
No schema files found: doing nothing.
Setting up libcarp-clan-perl (6.06-1) ...
Setting up gettext-base (0.19.8.1-6) ...
Setting up libpipeline1:amd64 (1.5.0-1) ...
Setting up m4 (1.4.18-1) ...
Setting up libsub-identify-perl (0.14-1) ...
Setting up libicu57:amd64 (57.1-9) ...
Setting up libxml2:amd64 (2.9.4+dfsg1-6.1) ...
Setting up libdynaloader-functions-perl (0.003-1) ...
Setting up libmagic-mgc (1:5.33-2) ...
Setting up libmagic1:amd64 (1:5.33-2) ...
Setting up libcroco3:amd64 (0.6.12-2) ...
Setting up libaliased-perl (0.34-1) ...
Setting up libpackage-stash-xs-perl (0.28-3+b3) ...
Setting up libstrictures-perl (2.000003-1) ...
Processing triggers for libc-bin (2.27-3) ...
Setting up autotools-dev (20180224.1) ...
Setting up libdevel-globaldestruction-perl (0.14-1) ...
Setting up libtest-fatal-perl (0.014-1) ...
Setting up bsdmainutils (11.1.2) ...
update-alternatives: using /usr/bin/bsd-write to provide /usr/bin/write (write) in auto mode
update-alternatives: using /usr/bin/bsd-from to provide /usr/bin/from (from) in auto mode
Setting up libparams-util-perl (1.07-3+b3) ...
Setting up libsub-name-perl (0.21-1+b2) ...
Setting up libsub-quote-perl (2.005000-1) ...
Setting up autopoint (0.19.8.1-6) ...
Setting up libalgorithm-c3-perl (0.10-1) ...
Setting up libclass-c3-perl (0.33-1) ...
Setting up libfile-stripnondeterminism-perl (0.041-1) ...
Setting up libdata-optlist-perl (0.110-1) ...
Setting up gettext (0.19.8.1-6) ...
Setting up libdevel-callchecker-perl (0.007-2+b1) ...
Setting up autoconf (2.69-11) ...
Setting up libmro-compat-perl (0.13-1) ...
Setting up file (1:5.33-2) ...
Setting up libsub-exporter-perl (0.987-1) ...
Setting up intltool-debian (0.35.0+20060710.4) ...
Setting up automake (1:1.15.1-3.1) ...
update-alternatives: using /usr/bin/automake-1.15 to provide /usr/bin/automake (automake) in auto mode
Setting up man-db (2.8.3-2) ...
Not building database; man-db/auto-update is not 'true'.
Setting up libeval-closure-perl (0.14-1) ...
Setting up libsub-exporter-formethods-perl (0.100052-1) ...
Setting up libparams-classify-perl (0.015-1) ...
Setting up libtool (2.4.6-2.1) ...
Setting up po-debconf (1.0.20) ...
Setting up libmodule-runtime-perl (0.016-1) ...
Setting up libdist-checkconflicts-perl (0.11-1) ...
Setting up libimport-into-perl (1.002005-1) ...
Setting up libmodule-implementation-perl (0.09-1) ...
Setting up libmodule-runtime-conflicts-perl (0.003-1) ...
Setting up libmoo-perl (2.003004-1) ...
Setting up libb-hooks-endofscope-perl (0.21-1) ...
Setting up libpackage-stash-perl (0.37-1) ...
Setting up libdevel-overloadinfo-perl (0.005-1) ...
Setting up libclass-load-perl (0.24-1) ...
Setting up libpackage-deprecationmanager-perl (0.17-1) ...
Setting up libclass-load-xs-perl (0.10-1+b2) ...
Setting up libnamespace-clean-perl (0.27-1) ...
Setting up libnamespace-autoclean-perl (0.28-1) ...
Setting up libmoose-perl (2.2010-1) ...
Setting up libmoosex-types-perl (0.50-1) ...
Setting up dh-autoreconf (17) ...
Setting up debhelper (11.2.1) ...
Setting up dh-strip-nondeterminism (0.041-1) ...
Setting up sbuild-build-depends-libfunction-parameters-perl-dummy (0.invalid.0) ...
Processing triggers for libc-bin (2.27-3) ...

+------------------------------------------------------------------------------+
| Build environment                                                            |
+------------------------------------------------------------------------------+

Kernel: Linux 4.9.0-5-amd64 amd64 (x86_64)
Toolchain package versions: binutils_2.30-16 dpkg-dev_1.19.0.5 g++-7_7.3.0-17 gcc-7_7.3.0-17 libc6-dev_2.27-3 libstdc++-7-dev_7.3.0-17 libstdc++6_8-20180425-1 linux-libc-dev_4.15.17-1
Package versions: adduser_3.117 apt_1.6.1 autoconf_2.69-11 automake_1:1.15.1-3.1 autopoint_0.19.8.1-6 autotools-dev_20180224.1 base-files_10.1 base-passwd_3.5.45 bash_4.4.18-2 binutils_2.30-16 binutils-common_2.30-16 binutils-x86-64-linux-gnu_2.30-16 bsdmainutils_11.1.2 bsdutils_1:2.31.1-0.5 build-essential_12.5 bzip2_1.0.6-8.1 clang-6.0_1:6.0-3 coreutils_8.28-1 cpp_4:7.3.0-3 cpp-7_7.3.0-17 dash_0.5.8-2.10 debconf_1.5.66 debfoster_2.7-2.1+b1 debhelper_11.2.1 debian-archive-keyring_2017.7 debianutils_4.8.4 dh-autoreconf_17 dh-strip-nondeterminism_0.041-1 diffutils_1:3.6-1 dpkg_1.19.0.5 dpkg-dev_1.19.0.5 e2fslibs_1.44.1-2 e2fsprogs_1.44.1-2 eatmydata_105-6 fakeroot_1.22-2 fdisk_2.31.1-0.5 file_1:5.33-2 findutils_4.6.0+git+20171230-2 g++_4:7.3.0-3 g++-7_7.3.0-17 gcc_4:7.3.0-3 gcc-6-base_6.4.0-17 gcc-7_7.3.0-17 gcc-7-base_7.3.0-17 gcc-8-base_8-20180425-1 gettext_0.19.8.1-6 gettext-base_0.19.8.1-6 gpgv_2.2.5-1 grep_3.1-2 groff-base_1.22.3-10 gzip_1.6-5+b1 hostname_3.20 init-system-helpers_1.51 intltool-debian_0.35.0+20060710.4 lib32gcc1_1:8-20180425-1 lib32stdc++6_8-20180425-1 libacl1_2.2.52-3+b1 libalgorithm-c3-perl_0.10-1 libaliased-perl_0.34-1 libapt-pkg5.0_1.6.1 libarchive-zip-perl_1.60-1 libasan4_7.3.0-17 libatomic1_8-20180425-1 libattr1_1:2.4.47-2+b2 libaudit-common_1:2.8.3-1 libaudit1_1:2.8.3-1 libb-hooks-endofscope-perl_0.21-1 libb-hooks-op-check-perl_0.22-1 libbinutils_2.30-16 libblkid1_2.31.1-0.5 libbsd0_0.8.7-1 libbz2-1.0_1.0.6-8.1 libc-bin_2.27-3 libc-dev-bin_2.27-3 libc6_2.27-3 libc6-dev_2.27-3 libc6-i386_2.27-3 libcap-ng0_0.7.9-1 libcarp-clan-perl_6.06-1 libcc1-0_8-20180425-1 libcilkrts5_7.3.0-17 libclang-common-6.0-dev_1:6.0-3 libclang1-6.0_1:6.0-3 libclass-c3-perl_0.33-1 libclass-load-perl_0.24-1 libclass-load-xs-perl_0.10-1+b2 libclass-method-modifiers-perl_2.12-1 libcom-err2_1.44.1-2 libcomerr2_1.44.1-2 libcroco3_0.6.12-2 libdata-optlist-perl_0.110-1 libdb5.3_5.3.28-13.1+b1 libdebconfclient0_0.243 libdevel-callchecker-perl_0.007-2+b1 libdevel-globaldestruction-perl_0.14-1 libdevel-overloadinfo-perl_0.005-1 libdevel-stacktrace-perl_2.0300-1 libdir-self-perl_0.11-2 libdist-checkconflicts-perl_0.11-1 libdpkg-perl_1.19.0.5 libdynaloader-functions-perl_0.003-1 libeatmydata1_105-6 libedit2_3.1-20170329-1 libeval-closure-perl_0.14-1 libext2fs2_1.44.1-2 libfakeroot_1.22-2 libfdisk1_2.31.1-0.5 libffi6_3.2.1-8 libfile-stripnondeterminism-perl_0.041-1 libgc1c2_1:7.4.2-8.2 libgcc-7-dev_7.3.0-17 libgcc1_1:8-20180425-1 libgcrypt20_1.8.2-2 libgdbm-compat4_1.14.1-6 libgdbm3_1.8.3-14 libgdbm5_1.14.1-6 libglib2.0-0_2.56.1-2 libgmp10_2:6.1.2+dfsg-3 libgnutls30_3.5.18-1 libgomp1_8-20180425-1 libgpg-error0_1.29-4 libhogweed4_3.4-1 libicu57_57.1-9 libidn2-0_2.0.4-1.1 libimport-into-perl_1.002005-1 libisl15_0.18-4 libisl19_0.19-1 libitm1_8-20180425-1 libjsoncpp1_1.7.4-3 libllvm6.0_1:6.0-3 liblsan0_8-20180425-1 liblz4-1_1.8.1.2-1 liblzma5_5.2.2-1.3 libmagic-mgc_1:5.33-2 libmagic1_1:5.33-2 libmodule-implementation-perl_0.09-1 libmodule-runtime-conflicts-perl_0.003-1 libmodule-runtime-perl_0.016-1 libmoo-perl_2.003004-1 libmoose-perl_2.2010-1 libmoosex-types-perl_0.50-1 libmount1_2.31.1-0.5 libmpc3_1.1.0-1 libmpfr4_3.1.6-1 libmpfr6_4.0.1-1 libmpx2_8-20180425-1 libmro-compat-perl_0.13-1 libnamespace-autoclean-perl_0.28-1 libnamespace-clean-perl_0.27-1 libncurses5_6.1+20180210-2 libncursesw5_6.1+20180210-2 libnettle6_3.4-1 libobjc-7-dev_7.3.0-17 libobjc4_8-20180425-1 libp11-kit0_0.23.10-2 libpackage-deprecationmanager-perl_0.17-1 libpackage-stash-perl_0.37-1 libpackage-stash-xs-perl_0.28-3+b3 libpam-modules_1.1.8-3.7 libpam-modules-bin_1.1.8-3.7 libpam-runtime_1.1.8-3.7 libpam0g_1.1.8-3.7 libparams-classify-perl_0.015-1 libparams-util-perl_1.07-3+b3 libpcre3_2:8.39-9 libperl5.26_5.26.2-3 libpipeline1_1.5.0-1 libquadmath0_8-20180425-1 librole-tiny-perl_2.000006-1 libseccomp2_2.3.3-1 libselinux1_2.7-2+b2 libsemanage-common_2.7-2 libsemanage1_2.7-2+b2 libsepol1_2.7-1 libsigsegv2_2.12-2 libsmartcols1_2.31.1-0.5 libss2_1.44.1-2 libstdc++-7-dev_7.3.0-17 libstdc++6_8-20180425-1 libstrictures-perl_2.000003-1 libsub-exporter-formethods-perl_0.100052-1 libsub-exporter-perl_0.987-1 libsub-exporter-progressive-perl_0.001013-1 libsub-identify-perl_0.14-1 libsub-install-perl_0.928-1 libsub-name-perl_0.21-1+b2 libsub-quote-perl_2.005000-1 libsystemd0_238-4 libtasn1-6_4.13-2 libtest-deep-perl_1.127-1 libtest-fatal-perl_0.014-1 libtimedate-perl_2.3000-2 libtinfo5_6.1+20180210-2 libtinfo6_6.1+20180210-2 libtool_2.4.6-2.1 libtry-tiny-perl_0.30-1 libtsan0_8-20180425-1 libubsan0_7.3.0-17 libudev1_238-4 libunistring2_0.9.8-1 libustr-1.0-1_1.0.4-6 libuuid1_2.31.1-0.5 libvariable-magic-perl_0.62-1 libxml2_2.9.4+dfsg1-6.1 libzstd1_1.3.4+dfsg-1 linux-libc-dev_4.15.17-1 login_1:4.5-1 m4_1.4.18-1 make_4.2.1-1 man-db_2.8.3-2 mawk_1.3.3-17+b3 mount_2.31.1-0.5 multiarch-support_2.27-3 ncurses-base_6.1+20180210-2 ncurses-bin_6.1+20180210-2 passwd_1:4.5-1 patch_2.7.6-2 perl_5.26.2-3 perl-base_5.26.2-3 perl-modules-5.26_5.26.2-3 po-debconf_1.0.20 sbuild-build-depends-core-dummy_0.invalid.0 sbuild-build-depends-libfunction-parameters-perl-dummy_0.invalid.0 sed_4.4-2 sensible-utils_0.0.12 sysvinit-utils_2.88dsf-59.10 tar_1.30+dfsg-1 util-linux_2.31.1-0.5 xz-utils_5.2.2-1.3 zlib1g_1:1.2.11.dfsg-1

+------------------------------------------------------------------------------+
| Build                                                                        |
+------------------------------------------------------------------------------+


Unpack source
-------------

gpgv: unknown type of key resource 'trustedkeys.kbx'
gpgv: keyblock resource '/sbuild-nonexistent/.gnupg/trustedkeys.kbx': General error
gpgv: Signature made Sat Nov 11 18:39:50 2017 UTC
gpgv:                using RSA key AEA0C44ECB056E93630D9D33DBBE9D4D99D2A004
gpgv: Can't check signature: No public key
dpkg-source: warning: failed to verify signature on ./libfunction-parameters-perl_2.001003-1.dsc
dpkg-source: info: extracting libfunction-parameters-perl in /<<PKGBUILDDIR>>
dpkg-source: info: unpacking libfunction-parameters-perl_2.001003.orig.tar.gz
dpkg-source: info: unpacking libfunction-parameters-perl_2.001003-1.debian.tar.xz

Check disk space
----------------

Sufficient free space for build

User Environment
----------------

APT_CONFIG=/var/lib/sbuild/apt.conf
HOME=/sbuild-nonexistent
LANG=en_US.UTF-8
LC_ALL=POSIX
LOGNAME=user42
PATH=/usr/local/sbin:/usr/local/bin:/usr/sbin:/usr/bin:/sbin:/bin:/usr/games
SCHROOT_ALIAS_NAME=unstable-amd64-sbuild
SCHROOT_CHROOT_NAME=unstable-amd64-sbuild
SCHROOT_COMMAND=env
SCHROOT_GID=1001
SCHROOT_GROUP=user42
SCHROOT_SESSION_ID=unstable-amd64-sbuild-35aa7f08-bda5-4869-9077-067fe1e6ec66
SCHROOT_UID=1001
SCHROOT_USER=user42
SHELL=/bin/sh
USER=user42

dpkg-buildpackage
-----------------

dpkg-buildpackage: info: source package libfunction-parameters-perl
dpkg-buildpackage: info: source version 2.001003-1
dpkg-buildpackage: info: source distribution unstable
dpkg-buildpackage: info: source changed by Damyan Ivanov <dmn@debian.org>
 dpkg-source --before-build libfunction-parameters-perl-2.001003
dpkg-buildpackage: info: host architecture amd64
 fakeroot debian/rules clean
dh clean
   dh_clean
 debian/rules build-arch
dh build-arch
   dh_update_autotools_config -a
   dh_auto_configure -a
	perl -I. Makefile.PL INSTALLDIRS=vendor "OPTIMIZE=-g -O2 -fdebug-prefix-map=/<<PKGBUILDDIR>>=. -fstack-protector-strong -Wformat -Werror=format-security -Wdate-time -D_FORTIFY_SOURCE=2" "LD=x86_64-linux-gnu-gcc -g -O2 -fdebug-prefix-map=/<<PKGBUILDDIR>>=. -fstack-protector-strong -Wformat -Werror=format-security -Wl,-z,relro -Wl,-z,now"
Checking if your kit is complete...
Looks good
Generating a Unix-style Makefile
Writing Makefile for Function::Parameters
Writing MYMETA.yml and MYMETA.json
   dh_auto_build -a
	make -j1
make[1]: Entering directory '/<<PKGBUILDDIR>>'
cp lib/Function/Parameters/Info.pm blib/lib/Function/Parameters/Info.pm
cp lib/Function/Parameters.pm blib/lib/Function/Parameters.pm
Running Mkbootstrap for Parameters ()
chmod 644 "Parameters.bs"
"/usr/bin/perl" -MExtUtils::Command::MM -e 'cp_nonempty' -- Parameters.bs blib/arch/auto/Function/Parameters/Parameters.bs 644
"/usr/bin/perl" "/usr/share/perl/5.26/ExtUtils/xsubpp"  -typemap '/usr/share/perl/5.26/ExtUtils/typemap'  Parameters.xs > Parameters.xsc
mv Parameters.xsc Parameters.c
x86_64-linux-gnu-gcc -c   -D_REENTRANT -D_GNU_SOURCE -DDEBIAN -fwrapv -fno-strict-aliasing -pipe -I/usr/local/include -D_LARGEFILE_SOURCE -D_FILE_OFFSET_BITS=64 -g -O2 -fdebug-prefix-map=/<<PKGBUILDDIR>>=. -fstack-protector-strong -Wformat -Werror=format-security -Wdate-time -D_FORTIFY_SOURCE=2   -DVERSION=\"2.001003\" -DXS_VERSION=\"2.001003\" -fPIC "-I/usr/lib/x86_64-linux-gnu/perl/5.26/CORE"   Parameters.c
rm -f blib/arch/auto/Function/Parameters/Parameters.so
x86_64-linux-gnu-gcc -g -O2 -fdebug-prefix-map=/<<PKGBUILDDIR>>=. -fstack-protector-strong -Wformat -Werror=format-security -Wl,-z,relro -Wl,-z,now  -shared -L/usr/local/lib -fstack-protector-strong Parameters.o  -o blib/arch/auto/Function/Parameters/Parameters.so  \
      \
  
chmod 755 blib/arch/auto/Function/Parameters/Parameters.so
Manifying 2 pod documents
make[1]: Leaving directory '/<<PKGBUILDDIR>>'
   dh_auto_test -a
	make -j1 test TEST_VERBOSE=1
make[1]: Entering directory '/<<PKGBUILDDIR>>'
"/usr/bin/perl" -MExtUtils::Command::MM -e 'cp_nonempty' -- Parameters.bs blib/arch/auto/Function/Parameters/Parameters.bs 644
PERL_DL_NONLAZY=1 "/usr/bin/perl" "-MExtUtils::Command::MM" "-MTest::Harness" "-e" "undef *Test::Harness::Switches; test_harness(1, 'blib/lib', 'blib/arch')" t/*.t t/*/*/*.t

#   Failed test 'use Function::Parameters;'
#   at t/00-load.t line 6.
#     Tried to use 'Function::Parameters'.
#     Error:  Can't load '/<<PKGBUILDDIR>>/blib/arch/auto/Function/Parameters/Parameters.so' for module Function::Parameters: /<<PKGBUILDDIR>>/blib/arch/auto/Function/Parameters/Parameters.so: undefined symbol: perl_tsa_mutex_lock at /usr/lib/x86_64-linux-gnu/perl/5.26/DynaLoader.pm line 187.
#   at /<<PKGBUILDDIR>>/blib/lib/Function/Parameters.pm line 19.
# BEGIN failed--compilation aborted at /<<PKGBUILDDIR>>/blib/lib/Function/Parameters.pm line 19.
# Compilation failed in require at t/00-load.t line 6.
# BEGIN failed--compilation aborted at t/00-load.t line 6.
# Testing Function::Parameters 2.001003, Perl 5.026002, /usr/bin/perl
# Looks like you failed 1 test of 1.
t/00-load.t ............................................. 
1..1
not ok 1 - use Function::Parameters;
Dubious, test returned 1 (wstat 256, 0x100)
Failed 1/1 subtests 
Can't load '/<<PKGBUILDDIR>>/blib/arch/auto/Function/Parameters/Parameters.so' for module Function::Parameters: /<<PKGBUILDDIR>>/blib/arch/auto/Function/Parameters/Parameters.so: undefined symbol: perl_tsa_mutex_lock at /usr/lib/x86_64-linux-gnu/perl/5.26/DynaLoader.pm line 187.
  at /<<PKGBUILDDIR>>/blib/lib/Function/Parameters.pm line 19.
BEGIN failed--compilation aborted at /<<PKGBUILDDIR>>/blib/lib/Function/Parameters.pm line 19.
Compilation failed in require at t/01-compiles.t line 8.
BEGIN failed--compilation aborted at t/01-compiles.t line 8.
# Looks like your test exited with 2 before it could output anything.
t/01-compiles.t ......................................... 
1..10
Dubious, test returned 2 (wstat 512, 0x200)
Failed 10/10 subtests 
Can't load '/<<PKGBUILDDIR>>/blib/arch/auto/Function/Parameters/Parameters.so' for module Function::Parameters: /<<PKGBUILDDIR>>/blib/arch/auto/Function/Parameters/Parameters.so: undefined symbol: perl_tsa_mutex_lock at /usr/lib/x86_64-linux-gnu/perl/5.26/DynaLoader.pm line 187.
  at /<<PKGBUILDDIR>>/blib/lib/Function/Parameters.pm line 19.
BEGIN failed--compilation aborted at /<<PKGBUILDDIR>>/blib/lib/Function/Parameters.pm line 19.
Compilation failed in require at t/02-compiles.t line 8.
BEGIN failed--compilation aborted at t/02-compiles.t line 8.
# Looks like your test exited with 2 before it could output anything.
t/02-compiles.t ......................................... 
1..10
Dubious, test returned 2 (wstat 512, 0x200)
Failed 10/10 subtests 
Can't load '/<<PKGBUILDDIR>>/blib/arch/auto/Function/Parameters/Parameters.so' for module Function::Parameters: /<<PKGBUILDDIR>>/blib/arch/auto/Function/Parameters/Parameters.so: undefined symbol: perl_tsa_mutex_lock at /usr/lib/x86_64-linux-gnu/perl/5.26/DynaLoader.pm line 187.
  at /<<PKGBUILDDIR>>/blib/lib/Function/Parameters.pm line 19.
BEGIN failed--compilation aborted at /<<PKGBUILDDIR>>/blib/lib/Function/Parameters.pm line 19.
Compilation failed in require at t/03-compiles.t line 8.
BEGIN failed--compilation aborted at t/03-compiles.t line 8.
# Looks like your test exited with 2 before it could output anything.
t/03-compiles.t ......................................... 
1..10
Dubious, test returned 2 (wstat 512, 0x200)
Failed 10/10 subtests 
Can't load '/<<PKGBUILDDIR>>/blib/arch/auto/Function/Parameters/Parameters.so' for module Function::Parameters: /<<PKGBUILDDIR>>/blib/arch/auto/Function/Parameters/Parameters.so: undefined symbol: perl_tsa_mutex_lock at /usr/lib/x86_64-linux-gnu/perl/5.26/DynaLoader.pm line 187.
  at /<<PKGBUILDDIR>>/blib/lib/Function/Parameters.pm line 19.
BEGIN failed--compilation aborted at /<<PKGBUILDDIR>>/blib/lib/Function/Parameters.pm line 19.
Compilation failed in require at t/attributes.t line 14.
BEGIN failed--compilation aborted at t/attributes.t line 14.
# Looks like your test exited with 2 before it could output anything.
t/attributes.t .......................................... 
1..10
Dubious, test returned 2 (wstat 512, 0x200)
Failed 10/10 subtests 
Can't load '/<<PKGBUILDDIR>>/blib/arch/auto/Function/Parameters/Parameters.so' for module Function::Parameters: /<<PKGBUILDDIR>>/blib/arch/auto/Function/Parameters/Parameters.so: undefined symbol: perl_tsa_mutex_lock at /usr/lib/x86_64-linux-gnu/perl/5.26/DynaLoader.pm line 187.
  at /<<PKGBUILDDIR>>/blib/lib/Function/Parameters.pm line 19.
BEGIN failed--compilation aborted at /<<PKGBUILDDIR>>/blib/lib/Function/Parameters.pm line 19.
Compilation failed in require at t/bonus.t line 12.
BEGIN failed--compilation aborted at t/bonus.t line 12.
# Looks like your test exited with 2 before it could output anything.
t/bonus.t ............................................... 
1..13
Dubious, test returned 2 (wstat 512, 0x200)
Failed 13/13 subtests 
Can't load '/<<PKGBUILDDIR>>/blib/arch/auto/Function/Parameters/Parameters.so' for module Function::Parameters: /<<PKGBUILDDIR>>/blib/arch/auto/Function/Parameters/Parameters.so: undefined symbol: perl_tsa_mutex_lock at /usr/lib/x86_64-linux-gnu/perl/5.26/DynaLoader.pm line 187.
  at /<<PKGBUILDDIR>>/blib/lib/Function/Parameters.pm line 19.
BEGIN failed--compilation aborted at /<<PKGBUILDDIR>>/blib/lib/Function/Parameters.pm line 19.
Compilation failed in require at t/checkered.t line 16.
BEGIN failed--compilation aborted at t/checkered.t line 16.
# Looks like your test exited with 2 before it could output anything.
t/checkered.t ........................................... 
1..108
Dubious, test returned 2 (wstat 512, 0x200)
Failed 108/108 subtests 
Can't load '/<<PKGBUILDDIR>>/blib/arch/auto/Function/Parameters/Parameters.so' for module Function::Parameters: /<<PKGBUILDDIR>>/blib/arch/auto/Function/Parameters/Parameters.so: undefined symbol: perl_tsa_mutex_lock at /usr/lib/x86_64-linux-gnu/perl/5.26/DynaLoader.pm line 187.
  at /<<PKGBUILDDIR>>/blib/lib/Function/Parameters.pm line 19.
BEGIN failed--compilation aborted at /<<PKGBUILDDIR>>/blib/lib/Function/Parameters.pm line 19.
Compilation failed in require at t/checkered_2.t line 20.
BEGIN failed--compilation aborted at t/checkered_2.t line 20.
# Looks like your test exited with 2 before it could output anything.
t/checkered_2.t ......................................... 
1..120
Dubious, test returned 2 (wstat 512, 0x200)
Failed 120/120 subtests 
Can't load '/<<PKGBUILDDIR>>/blib/arch/auto/Function/Parameters/Parameters.so' for module Function::Parameters: /<<PKGBUILDDIR>>/blib/arch/auto/Function/Parameters/Parameters.so: undefined symbol: perl_tsa_mutex_lock at /usr/lib/x86_64-linux-gnu/perl/5.26/DynaLoader.pm line 187.
  at /<<PKGBUILDDIR>>/blib/lib/Function/Parameters.pm line 19.
BEGIN failed--compilation aborted at /<<PKGBUILDDIR>>/blib/lib/Function/Parameters.pm line 19.
Compilation failed in require at t/checkered_3.t line 8.
BEGIN failed--compilation aborted at t/checkered_3.t line 8.
# Looks like your test exited with 2 before it could output anything.
t/checkered_3.t ......................................... 
1..108
Dubious, test returned 2 (wstat 512, 0x200)
Failed 108/108 subtests 
Can't load '/<<PKGBUILDDIR>>/blib/arch/auto/Function/Parameters/Parameters.so' for module Function::Parameters: /<<PKGBUILDDIR>>/blib/arch/auto/Function/Parameters/Parameters.so: undefined symbol: perl_tsa_mutex_lock at /usr/lib/x86_64-linux-gnu/perl/5.26/DynaLoader.pm line 187.
  at /<<PKGBUILDDIR>>/blib/lib/Function/Parameters.pm line 19.
BEGIN failed--compilation aborted at /<<PKGBUILDDIR>>/blib/lib/Function/Parameters.pm line 19.
Compilation failed in require at t/checkered_4.t line 11.
BEGIN failed--compilation aborted at t/checkered_4.t line 11.
# Looks like your test exited with 2 before it could output anything.
t/checkered_4.t ......................................... 
1..108
Dubious, test returned 2 (wstat 512, 0x200)
Failed 108/108 subtests 
Can't load '/<<PKGBUILDDIR>>/blib/arch/auto/Function/Parameters/Parameters.so' for module Function::Parameters: /<<PKGBUILDDIR>>/blib/arch/auto/Function/Parameters/Parameters.so: undefined symbol: perl_tsa_mutex_lock at /usr/lib/x86_64-linux-gnu/perl/5.26/DynaLoader.pm line 187.
  at /<<PKGBUILDDIR>>/blib/lib/Function/Parameters.pm line 19.
BEGIN failed--compilation aborted at /<<PKGBUILDDIR>>/blib/lib/Function/Parameters.pm line 19.
Compilation failed in require at t/croak.t line 12.
BEGIN failed--compilation aborted at t/croak.t line 12.
# Looks like your test exited with 2 before it could output anything.
t/croak.t ............................................... 
1..12
Dubious, test returned 2 (wstat 512, 0x200)
Failed 12/12 subtests 
Can't load '/<<PKGBUILDDIR>>/blib/arch/auto/Function/Parameters/Parameters.so' for module Function::Parameters: /<<PKGBUILDDIR>>/blib/arch/auto/Function/Parameters/Parameters.so: undefined symbol: perl_tsa_mutex_lock at /usr/lib/x86_64-linux-gnu/perl/5.26/DynaLoader.pm line 187.
  at /<<PKGBUILDDIR>>/blib/lib/Function/Parameters.pm line 19.
BEGIN failed--compilation aborted at /<<PKGBUILDDIR>>/blib/lib/Function/Parameters.pm line 19.
Compilation failed in require at t/defaults.t line 16.
BEGIN failed--compilation aborted at t/defaults.t line 16.
# Looks like your test exited with 2 before it could output anything.
t/defaults.t ............................................ 
1..46
Dubious, test returned 2 (wstat 512, 0x200)
Failed 46/46 subtests 
Can't load '/<<PKGBUILDDIR>>/blib/arch/auto/Function/Parameters/Parameters.so' for module Function::Parameters: /<<PKGBUILDDIR>>/blib/arch/auto/Function/Parameters/Parameters.so: undefined symbol: perl_tsa_mutex_lock at /usr/lib/x86_64-linux-gnu/perl/5.26/DynaLoader.pm line 187.
  at /<<PKGBUILDDIR>>/blib/lib/Function/Parameters.pm line 19.
BEGIN failed--compilation aborted at /<<PKGBUILDDIR>>/blib/lib/Function/Parameters.pm line 19.
Compilation failed in require at t/defaults_bare.t line 8.
BEGIN failed--compilation aborted at t/defaults_bare.t line 8.
# Looks like your test exited with 2 before it could output anything.
t/defaults_bare.t ....................................... 
1..13
Dubious, test returned 2 (wstat 512, 0x200)
Failed 13/13 subtests 
Can't load '/<<PKGBUILDDIR>>/blib/arch/auto/Function/Parameters/Parameters.so' for module Function::Parameters: /<<PKGBUILDDIR>>/blib/arch/auto/Function/Parameters/Parameters.so: undefined symbol: perl_tsa_mutex_lock at /usr/lib/x86_64-linux-gnu/perl/5.26/DynaLoader.pm line 187.
  at /<<PKGBUILDDIR>>/blib/lib/Function/Parameters.pm line 19.
BEGIN failed--compilation aborted at /<<PKGBUILDDIR>>/blib/lib/Function/Parameters.pm line 19.
Compilation failed in require at t/defaults_regress.t line 12.
BEGIN failed--compilation aborted at t/defaults_regress.t line 12.
# Looks like your test exited with 2 before it could output anything.
t/defaults_regress.t .................................... 
1..3
Dubious, test returned 2 (wstat 512, 0x200)
Failed 3/3 subtests 

#   Failed test at t/eating_strict_error.t line 18.
#                   'Can't load '/<<PKGBUILDDIR>>/blib/arch/auto/Function/Parameters/Parameters.so' for module Function::Parameters: /<<PKGBUILDDIR>>/blib/arch/auto/Function/Parameters/Parameters.so: undefined symbol: perl_tsa_mutex_lock at /usr/lib/x86_64-linux-gnu/perl/5.26/DynaLoader.pm line 187.
#   at /<<PKGBUILDDIR>>/blib/lib/Function/Parameters.pm line 19.
# BEGIN failed--compilation aborted at /<<PKGBUILDDIR>>/blib/lib/Function/Parameters.pm line 19.
# Compilation failed in require at /<<PKGBUILDDIR>>/t/eating_strict_error.fail line 3.
# BEGIN failed--compilation aborted at /<<PKGBUILDDIR>>/t/eating_strict_error.fail line 3.
# '
#     doesn't match '(?^:^Global symbol "\$records" requires explicit package name.* at \/build\/libfunction\-parameters\-perl\-s8u5b5\/libfunction\-parameters\-perl\-2\.001003\/t\/eating_strict_error\.fail line 6\.\n)'

#   Failed test at t/eating_strict_error.t line 18.
#                   'Attempt to reload Function/Parameters.pm aborted.
# Compilation failed in require at /<<PKGBUILDDIR>>/t/eating_strict_error_2.fail line 3.
# BEGIN failed--compilation aborted at /<<PKGBUILDDIR>>/t/eating_strict_error_2.fail line 3.
# '
#     doesn't match '(?^:^Global symbol "\$records" requires explicit package name.* at \/build\/libfunction\-parameters\-perl\-s8u5b5\/libfunction\-parameters\-perl\-2\.001003\/t\/eating_strict_error_2\.fail line 9\.\n)'
# Looks like you failed 2 tests of 4.
t/eating_strict_error.t ................................. 
1..4
ok 1 - faulty code doesn't load
not ok 2
ok 3 - faulty code doesn't load
not ok 4
Dubious, test returned 2 (wstat 512, 0x200)
Failed 2/4 subtests 
Can't load '/<<PKGBUILDDIR>>/blib/arch/auto/Function/Parameters/Parameters.so' for module Function::Parameters: /<<PKGBUILDDIR>>/blib/arch/auto/Function/Parameters/Parameters.so: undefined symbol: perl_tsa_mutex_lock at /usr/lib/x86_64-linux-gnu/perl/5.26/DynaLoader.pm line 187.
  at /<<PKGBUILDDIR>>/blib/lib/Function/Parameters.pm line 19.
BEGIN failed--compilation aborted at /<<PKGBUILDDIR>>/blib/lib/Function/Parameters.pm line 19.
Compilation failed in require at t/elsewhere.t line 7.
BEGIN failed--compilation aborted at t/elsewhere.t line 7.
t/elsewhere.t ........................................... 
Dubious, test returned 2 (wstat 512, 0x200)
No subtests run 
Can't load '/<<PKGBUILDDIR>>/blib/arch/auto/Function/Parameters/Parameters.so' for module Function::Parameters: /<<PKGBUILDDIR>>/blib/arch/auto/Function/Parameters/Parameters.so: undefined symbol: perl_tsa_mutex_lock at /usr/lib/x86_64-linux-gnu/perl/5.26/DynaLoader.pm line 187.
  at /<<PKGBUILDDIR>>/blib/lib/Function/Parameters.pm line 19.
BEGIN failed--compilation aborted at /<<PKGBUILDDIR>>/blib/lib/Function/Parameters.pm line 19.
Compilation failed in require at t/eval.t line 6.
BEGIN failed--compilation aborted at t/eval.t line 6.
t/eval.t ................................................ 
Dubious, test returned 2 (wstat 512, 0x200)
No subtests run 
Can't load '/<<PKGBUILDDIR>>/blib/arch/auto/Function/Parameters/Parameters.so' for module Function::Parameters: /<<PKGBUILDDIR>>/blib/arch/auto/Function/Parameters/Parameters.so: undefined symbol: perl_tsa_mutex_lock at /usr/lib/x86_64-linux-gnu/perl/5.26/DynaLoader.pm line 187.
  at /<<PKGBUILDDIR>>/blib/lib/Function/Parameters.pm line 19.
BEGIN failed--compilation aborted at /<<PKGBUILDDIR>>/blib/lib/Function/Parameters.pm line 19.
Compilation failed in require at t/foreign/Fun/anon.t line 6.
BEGIN failed--compilation aborted at t/foreign/Fun/anon.t line 6.
t/foreign/Fun/anon.t .................................... 
Dubious, test returned 2 (wstat 512, 0x200)
No subtests run 
Can't load '/<<PKGBUILDDIR>>/blib/arch/auto/Function/Parameters/Parameters.so' for module Function::Parameters: /<<PKGBUILDDIR>>/blib/arch/auto/Function/Parameters/Parameters.so: undefined symbol: perl_tsa_mutex_lock at /usr/lib/x86_64-linux-gnu/perl/5.26/DynaLoader.pm line 187.
  at /<<PKGBUILDDIR>>/blib/lib/Function/Parameters.pm line 19.
BEGIN failed--compilation aborted at /<<PKGBUILDDIR>>/blib/lib/Function/Parameters.pm line 19.
Compilation failed in require at t/foreign/Fun/basic.t line 6.
BEGIN failed--compilation aborted at t/foreign/Fun/basic.t line 6.
t/foreign/Fun/basic.t ................................... 
Dubious, test returned 2 (wstat 512, 0x200)
No subtests run 
Can't load '/<<PKGBUILDDIR>>/blib/arch/auto/Function/Parameters/Parameters.so' for module Function::Parameters: /<<PKGBUILDDIR>>/blib/arch/auto/Function/Parameters/Parameters.so: undefined symbol: perl_tsa_mutex_lock at /usr/lib/x86_64-linux-gnu/perl/5.26/DynaLoader.pm line 187.
  at /<<PKGBUILDDIR>>/blib/lib/Function/Parameters.pm line 19.
BEGIN failed--compilation aborted at /<<PKGBUILDDIR>>/blib/lib/Function/Parameters.pm line 19.
Compilation failed in require at t/foreign/Fun/closure-proto.t line 7.
BEGIN failed--compilation aborted at t/foreign/Fun/closure-proto.t line 7.
t/foreign/Fun/closure-proto.t ........................... 
Dubious, test returned 2 (wstat 512, 0x200)
No subtests run 
Can't load '/<<PKGBUILDDIR>>/blib/arch/auto/Function/Parameters/Parameters.so' for module Function::Parameters: /<<PKGBUILDDIR>>/blib/arch/auto/Function/Parameters/Parameters.so: undefined symbol: perl_tsa_mutex_lock at /usr/lib/x86_64-linux-gnu/perl/5.26/DynaLoader.pm line 187.
  at /<<PKGBUILDDIR>>/blib/lib/Function/Parameters.pm line 19.
BEGIN failed--compilation aborted at /<<PKGBUILDDIR>>/blib/lib/Function/Parameters.pm line 19.
Compilation failed in require at t/foreign/Fun/compile-time.t line 6.
BEGIN failed--compilation aborted at t/foreign/Fun/compile-time.t line 6.
t/foreign/Fun/compile-time.t ............................ 
Dubious, test returned 2 (wstat 512, 0x200)
No subtests run 
Can't load '/<<PKGBUILDDIR>>/blib/arch/auto/Function/Parameters/Parameters.so' for module Function::Parameters: /<<PKGBUILDDIR>>/blib/arch/auto/Function/Parameters/Parameters.so: undefined symbol: perl_tsa_mutex_lock at /usr/lib/x86_64-linux-gnu/perl/5.26/DynaLoader.pm line 187.
  at /<<PKGBUILDDIR>>/blib/lib/Function/Parameters.pm line 19.
BEGIN failed--compilation aborted at /<<PKGBUILDDIR>>/blib/lib/Function/Parameters.pm line 19.
Compilation failed in require at t/foreign/Fun/defaults.t line 6.
BEGIN failed--compilation aborted at t/foreign/Fun/defaults.t line 6.
t/foreign/Fun/defaults.t ................................ 
Dubious, test returned 2 (wstat 512, 0x200)
No subtests run 
Can't load '/<<PKGBUILDDIR>>/blib/arch/auto/Function/Parameters/Parameters.so' for module Function::Parameters: /<<PKGBUILDDIR>>/blib/arch/auto/Function/Parameters/Parameters.so: undefined symbol: perl_tsa_mutex_lock at /usr/lib/x86_64-linux-gnu/perl/5.26/DynaLoader.pm line 187.
  at /<<PKGBUILDDIR>>/blib/lib/Function/Parameters.pm line 19.
BEGIN failed--compilation aborted at /<<PKGBUILDDIR>>/blib/lib/Function/Parameters.pm line 19.
Compilation failed in require at t/foreign/Fun/name.t line 13.
BEGIN failed--compilation aborted at t/foreign/Fun/name.t line 13.
t/foreign/Fun/name.t .................................... 
Dubious, test returned 2 (wstat 512, 0x200)
No subtests run 
Can't load '/<<PKGBUILDDIR>>/blib/arch/auto/Function/Parameters/Parameters.so' for module Function::Parameters: /<<PKGBUILDDIR>>/blib/arch/auto/Function/Parameters/Parameters.so: undefined symbol: perl_tsa_mutex_lock at /usr/lib/x86_64-linux-gnu/perl/5.26/DynaLoader.pm line 187.
  at /<<PKGBUILDDIR>>/blib/lib/Function/Parameters.pm line 19.
BEGIN failed--compilation aborted at /<<PKGBUILDDIR>>/blib/lib/Function/Parameters.pm line 19.
Compilation failed in require at t/foreign/Fun/package.t line 6.
BEGIN failed--compilation aborted at t/foreign/Fun/package.t line 6.
t/foreign/Fun/package.t ................................. 
Dubious, test returned 2 (wstat 512, 0x200)
No subtests run 
Can't load '/<<PKGBUILDDIR>>/blib/arch/auto/Function/Parameters/Parameters.so' for module Function::Parameters: /<<PKGBUILDDIR>>/blib/arch/auto/Function/Parameters/Parameters.so: undefined symbol: perl_tsa_mutex_lock at /usr/lib/x86_64-linux-gnu/perl/5.26/DynaLoader.pm line 187.
  at /<<PKGBUILDDIR>>/blib/lib/Function/Parameters.pm line 19.
BEGIN failed--compilation aborted at /<<PKGBUILDDIR>>/blib/lib/Function/Parameters.pm line 19.
Compilation failed in require at t/foreign/Fun/recursion.t line 14.
BEGIN failed--compilation aborted at t/foreign/Fun/recursion.t line 14.
t/foreign/Fun/recursion.t ............................... 
Dubious, test returned 2 (wstat 512, 0x200)
No subtests run 
Can't load '/<<PKGBUILDDIR>>/blib/arch/auto/Function/Parameters/Parameters.so' for module Function::Parameters: /<<PKGBUILDDIR>>/blib/arch/auto/Function/Parameters/Parameters.so: undefined symbol: perl_tsa_mutex_lock at /usr/lib/x86_64-linux-gnu/perl/5.26/DynaLoader.pm line 187.
  at /<<PKGBUILDDIR>>/blib/lib/Function/Parameters.pm line 19.
BEGIN failed--compilation aborted at /<<PKGBUILDDIR>>/blib/lib/Function/Parameters.pm line 19.
Compilation failed in require at t/foreign/Fun/slurpy-syntax-errors.t line 6.
BEGIN failed--compilation aborted at t/foreign/Fun/slurpy-syntax-errors.t line 6.
t/foreign/Fun/slurpy-syntax-errors.t .................... 
Dubious, test returned 2 (wstat 512, 0x200)
No subtests run 
Can't load '/<<PKGBUILDDIR>>/blib/arch/auto/Function/Parameters/Parameters.so' for module Function::Parameters: /<<PKGBUILDDIR>>/blib/arch/auto/Function/Parameters/Parameters.so: undefined symbol: perl_tsa_mutex_lock at /usr/lib/x86_64-linux-gnu/perl/5.26/DynaLoader.pm line 187.
  at /<<PKGBUILDDIR>>/blib/lib/Function/Parameters.pm line 19.
BEGIN failed--compilation aborted at /<<PKGBUILDDIR>>/blib/lib/Function/Parameters.pm line 19.
Compilation failed in require at t/foreign/Fun/slurpy.t line 6.
BEGIN failed--compilation aborted at t/foreign/Fun/slurpy.t line 6.
t/foreign/Fun/slurpy.t .................................. 
Dubious, test returned 2 (wstat 512, 0x200)
No subtests run 
Can't load '/<<PKGBUILDDIR>>/blib/arch/auto/Function/Parameters/Parameters.so' for module Function::Parameters: /<<PKGBUILDDIR>>/blib/arch/auto/Function/Parameters/Parameters.so: undefined symbol: perl_tsa_mutex_lock at /usr/lib/x86_64-linux-gnu/perl/5.26/DynaLoader.pm line 187.
  at /<<PKGBUILDDIR>>/blib/lib/Function/Parameters.pm line 19.
BEGIN failed--compilation aborted at /<<PKGBUILDDIR>>/blib/lib/Function/Parameters.pm line 19.
Compilation failed in require at t/foreign/Fun/state.t line 8.
BEGIN failed--compilation aborted at t/foreign/Fun/state.t line 8.
t/foreign/Fun/state.t ................................... 
Dubious, test returned 2 (wstat 512, 0x200)
No subtests run 

#   Failed test 'use Function::Parameters;'
#   at t/foreign/Method-Signatures-Simple/02-use.t line 6.
#     Tried to use 'Function::Parameters'.
#     Error:  Can't load '/<<PKGBUILDDIR>>/blib/arch/auto/Function/Parameters/Parameters.so' for module Function::Parameters: /<<PKGBUILDDIR>>/blib/arch/auto/Function/Parameters/Parameters.so: undefined symbol: perl_tsa_mutex_lock at /usr/lib/x86_64-linux-gnu/perl/5.26/DynaLoader.pm line 187.
#   at /<<PKGBUILDDIR>>/blib/lib/Function/Parameters.pm line 19.
# BEGIN failed--compilation aborted at /<<PKGBUILDDIR>>/blib/lib/Function/Parameters.pm line 19.
# Compilation failed in require at t/foreign/Method-Signatures-Simple/02-use.t line 6.
# BEGIN failed--compilation aborted at t/foreign/Method-Signatures-Simple/02-use.t line 6.
Attempt to reload Function/Parameters.pm aborted.
Compilation failed in require at t/foreign/Method-Signatures-Simple/02-use.t line 10.
BEGIN failed--compilation aborted at t/foreign/Method-Signatures-Simple/02-use.t line 10.
# Looks like your test exited with 255 just after 1.
t/foreign/Method-Signatures-Simple/02-use.t ............. 
1..7
not ok 1 - use Function::Parameters;
Dubious, test returned 255 (wstat 65280, 0xff00)
Failed 7/7 subtests 
Can't load '/<<PKGBUILDDIR>>/blib/arch/auto/Function/Parameters/Parameters.so' for module Function::Parameters: /<<PKGBUILDDIR>>/blib/arch/auto/Function/Parameters/Parameters.so: undefined symbol: perl_tsa_mutex_lock at /usr/lib/x86_64-linux-gnu/perl/5.26/DynaLoader.pm line 187.
  at /<<PKGBUILDDIR>>/blib/lib/Function/Parameters.pm line 19.
BEGIN failed--compilation aborted at /<<PKGBUILDDIR>>/blib/lib/Function/Parameters.pm line 19.
Compilation failed in require at t/foreign/Method-Signatures-Simple/03-config.t line 11.
BEGIN failed--compilation aborted at t/foreign/Method-Signatures-Simple/03-config.t line 11.
# Looks like your test exited with 2 before it could output anything.
t/foreign/Method-Signatures-Simple/03-config.t .......... 
1..3
Dubious, test returned 2 (wstat 512, 0x200)
Failed 3/3 subtests 
Can't load '/<<PKGBUILDDIR>>/blib/arch/auto/Function/Parameters/Parameters.so' for module Function::Parameters: /<<PKGBUILDDIR>>/blib/arch/auto/Function/Parameters/Parameters.so: undefined symbol: perl_tsa_mutex_lock at /usr/lib/x86_64-linux-gnu/perl/5.26/DynaLoader.pm line 187.
  at /<<PKGBUILDDIR>>/blib/lib/Function/Parameters.pm line 19.
BEGIN failed--compilation aborted at /<<PKGBUILDDIR>>/blib/lib/Function/Parameters.pm line 19.
Compilation failed in require at t/foreign/Method-Signatures-Simple/RT80505.t line 8.
BEGIN failed--compilation aborted at t/foreign/Method-Signatures-Simple/RT80505.t line 8.
# Looks like your test exited with 2 before it could output anything.
t/foreign/Method-Signatures-Simple/RT80505.t ............ 
1..2
Dubious, test returned 2 (wstat 512, 0x200)
Failed 2/2 subtests 
Can't load '/<<PKGBUILDDIR>>/blib/arch/auto/Function/Parameters/Parameters.so' for module Function::Parameters: /<<PKGBUILDDIR>>/blib/arch/auto/Function/Parameters/Parameters.so: undefined symbol: perl_tsa_mutex_lock at /usr/lib/x86_64-linux-gnu/perl/5.26/DynaLoader.pm line 187.
  at /<<PKGBUILDDIR>>/blib/lib/Function/Parameters.pm line 19.
BEGIN failed--compilation aborted at /<<PKGBUILDDIR>>/blib/lib/Function/Parameters.pm line 19.
Compilation failed in require at t/foreign/Method-Signatures-Simple/RT80507.t line 4.
BEGIN failed--compilation aborted at t/foreign/Method-Signatures-Simple/RT80507.t line 4.
t/foreign/Method-Signatures-Simple/RT80507.t ............ 
Dubious, test returned 2 (wstat 512, 0x200)
No subtests run 
Can't load '/<<PKGBUILDDIR>>/blib/arch/auto/Function/Parameters/Parameters.so' for module Function::Parameters: /<<PKGBUILDDIR>>/blib/arch/auto/Function/Parameters/Parameters.so: undefined symbol: perl_tsa_mutex_lock at /usr/lib/x86_64-linux-gnu/perl/5.26/DynaLoader.pm line 187.
  at /<<PKGBUILDDIR>>/blib/lib/Function/Parameters.pm line 19.
BEGIN failed--compilation aborted at /<<PKGBUILDDIR>>/blib/lib/Function/Parameters.pm line 19.
Compilation failed in require at t/foreign/Method-Signatures-Simple/RT80508.t line 8.
BEGIN failed--compilation aborted at t/foreign/Method-Signatures-Simple/RT80508.t line 8.
# Looks like your test exited with 2 before it could output anything.
t/foreign/Method-Signatures-Simple/RT80508.t ............ 
1..1
Dubious, test returned 2 (wstat 512, 0x200)
Failed 1/1 subtests 
Can't load '/<<PKGBUILDDIR>>/blib/arch/auto/Function/Parameters/Parameters.so' for module Function::Parameters: /<<PKGBUILDDIR>>/blib/arch/auto/Function/Parameters/Parameters.so: undefined symbol: perl_tsa_mutex_lock at /usr/lib/x86_64-linux-gnu/perl/5.26/DynaLoader.pm line 187.
  at /<<PKGBUILDDIR>>/blib/lib/Function/Parameters.pm line 19.
BEGIN failed--compilation aborted at /<<PKGBUILDDIR>>/blib/lib/Function/Parameters.pm line 19.
Compilation failed in require at t/foreign/Method-Signatures-Simple/RT80510.t line 6.
BEGIN failed--compilation aborted at t/foreign/Method-Signatures-Simple/RT80510.t line 6.
# Looks like your test exited with 2 before it could output anything.
t/foreign/Method-Signatures-Simple/RT80510.t ............ 
1..2
Dubious, test returned 2 (wstat 512, 0x200)
Failed 2/2 subtests 
Can't load '/<<PKGBUILDDIR>>/blib/arch/auto/Function/Parameters/Parameters.so' for module Function::Parameters: /<<PKGBUILDDIR>>/blib/arch/auto/Function/Parameters/Parameters.so: undefined symbol: perl_tsa_mutex_lock at /usr/lib/x86_64-linux-gnu/perl/5.26/DynaLoader.pm line 187.
  at /<<PKGBUILDDIR>>/blib/lib/Function/Parameters.pm line 19.
BEGIN failed--compilation aborted at /<<PKGBUILDDIR>>/blib/lib/Function/Parameters.pm line 19.
Compilation failed in require at t/foreign/Method-Signatures/anon.t line 11.
BEGIN failed--compilation aborted at t/foreign/Method-Signatures/anon.t line 11.
t/foreign/Method-Signatures/anon.t ...................... skipped: (no reason given)
Can't load '/<<PKGBUILDDIR>>/blib/arch/auto/Function/Parameters/Parameters.so' for module Function::Parameters: /<<PKGBUILDDIR>>/blib/arch/auto/Function/Parameters/Parameters.so: undefined symbol: perl_tsa_mutex_lock at /usr/lib/x86_64-linux-gnu/perl/5.26/DynaLoader.pm line 187.
  at /<<PKGBUILDDIR>>/blib/lib/Function/Parameters.pm line 19.
BEGIN failed--compilation aborted at /<<PKGBUILDDIR>>/blib/lib/Function/Parameters.pm line 19.
Compilation failed in require at t/foreign/Method-Signatures/array_param.t line 10.
BEGIN failed--compilation aborted at t/foreign/Method-Signatures/array_param.t line 10.
# Looks like your test exited with 2 before it could output anything.
t/foreign/Method-Signatures/array_param.t ............... 
1..3
Dubious, test returned 2 (wstat 512, 0x200)
Failed 3/3 subtests 
Can't load '/<<PKGBUILDDIR>>/blib/arch/auto/Function/Parameters/Parameters.so' for module Function::Parameters: /<<PKGBUILDDIR>>/blib/arch/auto/Function/Parameters/Parameters.so: undefined symbol: perl_tsa_mutex_lock at /usr/lib/x86_64-linux-gnu/perl/5.26/DynaLoader.pm line 187.
  at /<<PKGBUILDDIR>>/blib/lib/Function/Parameters.pm line 19.
BEGIN failed--compilation aborted at /<<PKGBUILDDIR>>/blib/lib/Function/Parameters.pm line 19.
Compilation failed in require at t/foreign/Method-Signatures/at_underscore.t line 9.
BEGIN failed--compilation aborted at t/foreign/Method-Signatures/at_underscore.t line 9.
t/foreign/Method-Signatures/at_underscore.t ............. 
Dubious, test returned 2 (wstat 512, 0x200)
No subtests run 
Can't load '/<<PKGBUILDDIR>>/blib/arch/auto/Function/Parameters/Parameters.so' for module Function::Parameters: /<<PKGBUILDDIR>>/blib/arch/auto/Function/Parameters/Parameters.so: undefined symbol: perl_tsa_mutex_lock at /usr/lib/x86_64-linux-gnu/perl/5.26/DynaLoader.pm line 187.
  at /<<PKGBUILDDIR>>/blib/lib/Function/Parameters.pm line 19.
BEGIN failed--compilation aborted at /<<PKGBUILDDIR>>/blib/lib/Function/Parameters.pm line 19.
Compilation failed in require at t/foreign/Method-Signatures/attributes.t line 13.
BEGIN failed--compilation aborted at t/foreign/Method-Signatures/attributes.t line 13.
t/foreign/Method-Signatures/attributes.t ................ skipped: (no reason given)
Can't load '/<<PKGBUILDDIR>>/blib/arch/auto/Function/Parameters/Parameters.so' for module Function::Parameters: /<<PKGBUILDDIR>>/blib/arch/auto/Function/Parameters/Parameters.so: undefined symbol: perl_tsa_mutex_lock at /usr/lib/x86_64-linux-gnu/perl/5.26/DynaLoader.pm line 187.
  at /<<PKGBUILDDIR>>/blib/lib/Function/Parameters.pm line 19.
BEGIN failed--compilation aborted at /<<PKGBUILDDIR>>/blib/lib/Function/Parameters.pm line 19.
Compilation failed in require at t/foreign/Method-Signatures/begin.t line 11.
BEGIN failed--compilation aborted at t/foreign/Method-Signatures/begin.t line 11.
t/foreign/Method-Signatures/begin.t ..................... 
Dubious, test returned 2 (wstat 512, 0x200)
No subtests run 
Can't load '/<<PKGBUILDDIR>>/blib/arch/auto/Function/Parameters/Parameters.so' for module Function::Parameters: /<<PKGBUILDDIR>>/blib/arch/auto/Function/Parameters/Parameters.so: undefined symbol: perl_tsa_mutex_lock at /usr/lib/x86_64-linux-gnu/perl/5.26/DynaLoader.pm line 187.
  at /<<PKGBUILDDIR>>/blib/lib/Function/Parameters.pm line 19.
BEGIN failed--compilation aborted at /<<PKGBUILDDIR>>/blib/lib/Function/Parameters.pm line 19.
Compilation failed in require at t/foreign/Method-Signatures/caller.t line 12.
BEGIN failed--compilation aborted at t/foreign/Method-Signatures/caller.t line 12.
t/foreign/Method-Signatures/caller.t .................... skipped: (no reason given)
Can't load '/<<PKGBUILDDIR>>/blib/arch/auto/Function/Parameters/Parameters.so' for module Function::Parameters: /<<PKGBUILDDIR>>/blib/arch/auto/Function/Parameters/Parameters.so: undefined symbol: perl_tsa_mutex_lock at /usr/lib/x86_64-linux-gnu/perl/5.26/DynaLoader.pm line 187.
  at /<<PKGBUILDDIR>>/blib/lib/Function/Parameters.pm line 19.
BEGIN failed--compilation aborted at /<<PKGBUILDDIR>>/blib/lib/Function/Parameters.pm line 19.
Compilation failed in require at t/foreign/Method-Signatures/comments.t line 15.
BEGIN failed--compilation aborted at t/foreign/Method-Signatures/comments.t line 15.
# Looks like your test exited with 2 before it could output anything.
t/foreign/Method-Signatures/comments.t .................. 
1..5
Dubious, test returned 2 (wstat 512, 0x200)
Failed 5/5 subtests 
Can't load '/<<PKGBUILDDIR>>/blib/arch/auto/Function/Parameters/Parameters.so' for module Function::Parameters: /<<PKGBUILDDIR>>/blib/arch/auto/Function/Parameters/Parameters.so: undefined symbol: perl_tsa_mutex_lock at /usr/lib/x86_64-linux-gnu/perl/5.26/DynaLoader.pm line 187.
  at /<<PKGBUILDDIR>>/blib/lib/Function/Parameters.pm line 19.
BEGIN failed--compilation aborted at /<<PKGBUILDDIR>>/blib/lib/Function/Parameters.pm line 19.
Compilation failed in require at t/foreign/Method-Signatures/defaults.t line 11.
BEGIN failed--compilation aborted at t/foreign/Method-Signatures/defaults.t line 11.
t/foreign/Method-Signatures/defaults.t .................. skipped: (no reason given)

#   Failed test 'F:P doesn't interrupt real compilation error'
#   at t/foreign/Method-Signatures/error_interruption.t line 26.
#                   'Can't load '/<<PKGBUILDDIR>>/blib/arch/auto/Function/Parameters/Parameters.so' for module Function::Parameters: /<<PKGBUILDDIR>>/blib/arch/auto/Function/Parameters/Parameters.so: undefined symbol: perl_tsa_mutex_lock at /usr/lib/x86_64-linux-gnu/perl/5.26/DynaLoader.pm line 187.
#   at /<<PKGBUILDDIR>>/blib/lib/Function/Parameters.pm line 19.
# BEGIN failed--compilation aborted at /<<PKGBUILDDIR>>/blib/lib/Function/Parameters.pm line 19.
# Compilation failed in require at /<<PKGBUILDDIR>>/t/foreign/Method-Signatures/lib/BarfyDie.pm line 8.
# BEGIN failed--compilation aborted at /<<PKGBUILDDIR>>/t/foreign/Method-Signatures/lib/BarfyDie.pm line 8.
# Compilation failed in require at t/foreign/Method-Signatures/error_interruption.t line 25.
# '
#     doesn't match '(?^:requires explicit package name)'
# Looks like you failed 1 test of 1.
t/foreign/Method-Signatures/error_interruption.t ........ 
not ok 1 - F:P doesn't interrupt real compilation error
1..1
Dubious, test returned 1 (wstat 256, 0x100)
Failed 1/1 subtests 
Can't load '/<<PKGBUILDDIR>>/blib/arch/auto/Function/Parameters/Parameters.so' for module Function::Parameters: /<<PKGBUILDDIR>>/blib/arch/auto/Function/Parameters/Parameters.so: undefined symbol: perl_tsa_mutex_lock at /usr/lib/x86_64-linux-gnu/perl/5.26/DynaLoader.pm line 187.
  at /<<PKGBUILDDIR>>/blib/lib/Function/Parameters.pm line 19.
BEGIN failed--compilation aborted at /<<PKGBUILDDIR>>/blib/lib/Function/Parameters.pm line 19.
Compilation failed in require at t/foreign/Method-Signatures/func.t line 7.
BEGIN failed--compilation aborted at t/foreign/Method-Signatures/func.t line 7.
# Looks like your test exited with 2 before it could output anything.
t/foreign/Method-Signatures/func.t ...................... 
1..1
Dubious, test returned 2 (wstat 512, 0x200)
Failed 1/1 subtests 
Can't load '/<<PKGBUILDDIR>>/blib/arch/auto/Function/Parameters/Parameters.so' for module Function::Parameters: /<<PKGBUILDDIR>>/blib/arch/auto/Function/Parameters/Parameters.so: undefined symbol: perl_tsa_mutex_lock at /usr/lib/x86_64-linux-gnu/perl/5.26/DynaLoader.pm line 187.
  at /<<PKGBUILDDIR>>/blib/lib/Function/Parameters.pm line 19.
BEGIN failed--compilation aborted at /<<PKGBUILDDIR>>/blib/lib/Function/Parameters.pm line 19.
Compilation failed in require at t/foreign/Method-Signatures/into.t line 13.
BEGIN failed--compilation aborted at t/foreign/Method-Signatures/into.t line 15.
t/foreign/Method-Signatures/into.t ...................... skipped: (no reason given)
Can't load '/<<PKGBUILDDIR>>/blib/arch/auto/Function/Parameters/Parameters.so' for module Function::Parameters: /<<PKGBUILDDIR>>/blib/arch/auto/Function/Parameters/Parameters.so: undefined symbol: perl_tsa_mutex_lock at /usr/lib/x86_64-linux-gnu/perl/5.26/DynaLoader.pm line 187.
  at /<<PKGBUILDDIR>>/blib/lib/Function/Parameters.pm line 19.
BEGIN failed--compilation aborted at /<<PKGBUILDDIR>>/blib/lib/Function/Parameters.pm line 19.
Compilation failed in require at t/foreign/Method-Signatures/invocant.t line 23.
BEGIN failed--compilation aborted at t/foreign/Method-Signatures/invocant.t line 23.
# Looks like your test exited with 2 before it could output anything.
t/foreign/Method-Signatures/invocant.t .................. 
1..6
Dubious, test returned 2 (wstat 512, 0x200)
Failed 6/6 subtests 
Can't load '/<<PKGBUILDDIR>>/blib/arch/auto/Function/Parameters/Parameters.so' for module Function::Parameters: /<<PKGBUILDDIR>>/blib/arch/auto/Function/Parameters/Parameters.so: undefined symbol: perl_tsa_mutex_lock at /usr/lib/x86_64-linux-gnu/perl/5.26/DynaLoader.pm line 187.
  at /<<PKGBUILDDIR>>/blib/lib/Function/Parameters.pm line 19.
BEGIN failed--compilation aborted at /<<PKGBUILDDIR>>/blib/lib/Function/Parameters.pm line 19.
Compilation failed in require at t/foreign/Method-Signatures/larna.t line 7.
BEGIN failed--compilation aborted at t/foreign/Method-Signatures/larna.t line 7.
t/foreign/Method-Signatures/larna.t ..................... 
Dubious, test returned 2 (wstat 512, 0x200)
No subtests run 
Can't load '/<<PKGBUILDDIR>>/blib/arch/auto/Function/Parameters/Parameters.so' for module Function::Parameters: /<<PKGBUILDDIR>>/blib/arch/auto/Function/Parameters/Parameters.so: undefined symbol: perl_tsa_mutex_lock at /usr/lib/x86_64-linux-gnu/perl/5.26/DynaLoader.pm line 187.
  at /<<PKGBUILDDIR>>/blib/lib/Function/Parameters.pm line 19.
BEGIN failed--compilation aborted at /<<PKGBUILDDIR>>/blib/lib/Function/Parameters.pm line 19.
Compilation failed in require at t/foreign/Method-Signatures/method.t line 8.
BEGIN failed--compilation aborted at t/foreign/Method-Signatures/method.t line 8.
t/foreign/Method-Signatures/method.t .................... skipped: (no reason given)
Can't load '/<<PKGBUILDDIR>>/blib/arch/auto/Function/Parameters/Parameters.so' for module Function::Parameters: /<<PKGBUILDDIR>>/blib/arch/auto/Function/Parameters/Parameters.so: undefined symbol: perl_tsa_mutex_lock at /usr/lib/x86_64-linux-gnu/perl/5.26/DynaLoader.pm line 187.
  at /<<PKGBUILDDIR>>/blib/lib/Function/Parameters.pm line 19.
BEGIN failed--compilation aborted at /<<PKGBUILDDIR>>/blib/lib/Function/Parameters.pm line 19.
Compilation failed in require at t/foreign/Method-Signatures/named.t line 12.
BEGIN failed--compilation aborted at t/foreign/Method-Signatures/named.t line 12.
t/foreign/Method-Signatures/named.t ..................... 
Dubious, test returned 2 (wstat 512, 0x200)
No subtests run 
Can't load '/<<PKGBUILDDIR>>/blib/arch/auto/Function/Parameters/Parameters.so' for module Function::Parameters: /<<PKGBUILDDIR>>/blib/arch/auto/Function/Parameters/Parameters.so: undefined symbol: perl_tsa_mutex_lock at /usr/lib/x86_64-linux-gnu/perl/5.26/DynaLoader.pm line 187.
  at /<<PKGBUILDDIR>>/blib/lib/Function/Parameters.pm line 19.
BEGIN failed--compilation aborted at /<<PKGBUILDDIR>>/blib/lib/Function/Parameters.pm line 19.
Compilation failed in require at t/foreign/Method-Signatures/odd_number.t line 9.
BEGIN failed--compilation aborted at t/foreign/Method-Signatures/odd_number.t line 9.
# Looks like your test exited with 2 before it could output anything.
t/foreign/Method-Signatures/odd_number.t ................ 
1..1
Dubious, test returned 2 (wstat 512, 0x200)
Failed 1/1 subtests 
Can't load '/<<PKGBUILDDIR>>/blib/arch/auto/Function/Parameters/Parameters.so' for module Function::Parameters: /<<PKGBUILDDIR>>/blib/arch/auto/Function/Parameters/Parameters.so: undefined symbol: perl_tsa_mutex_lock at /usr/lib/x86_64-linux-gnu/perl/5.26/DynaLoader.pm line 187.
  at /<<PKGBUILDDIR>>/blib/lib/Function/Parameters.pm line 19.
BEGIN failed--compilation aborted at /<<PKGBUILDDIR>>/blib/lib/Function/Parameters.pm line 19.
Compilation failed in require at t/foreign/Method-Signatures/one_line.t line 9.
BEGIN failed--compilation aborted at t/foreign/Method-Signatures/one_line.t line 9.
# Looks like your test exited with 2 before it could output anything.
t/foreign/Method-Signatures/one_line.t .................. 
1..1
Dubious, test returned 2 (wstat 512, 0x200)
Failed 1/1 subtests 
Can't load '/<<PKGBUILDDIR>>/blib/arch/auto/Function/Parameters/Parameters.so' for module Function::Parameters: /<<PKGBUILDDIR>>/blib/arch/auto/Function/Parameters/Parameters.so: undefined symbol: perl_tsa_mutex_lock at /usr/lib/x86_64-linux-gnu/perl/5.26/DynaLoader.pm line 187.
  at /<<PKGBUILDDIR>>/blib/lib/Function/Parameters.pm line 19.
BEGIN failed--compilation aborted at /<<PKGBUILDDIR>>/blib/lib/Function/Parameters.pm line 19.
Compilation failed in require at t/foreign/Method-Signatures/optional.t line 15.
BEGIN failed--compilation aborted at t/foreign/Method-Signatures/optional.t line 15.
t/foreign/Method-Signatures/optional.t .................. 
Dubious, test returned 2 (wstat 512, 0x200)
No subtests run 
Can't load '/<<PKGBUILDDIR>>/blib/arch/auto/Function/Parameters/Parameters.so' for module Function::Parameters: /<<PKGBUILDDIR>>/blib/arch/auto/Function/Parameters/Parameters.so: undefined symbol: perl_tsa_mutex_lock at /usr/lib/x86_64-linux-gnu/perl/5.26/DynaLoader.pm line 187.
  at /<<PKGBUILDDIR>>/blib/lib/Function/Parameters.pm line 19.
BEGIN failed--compilation aborted at /<<PKGBUILDDIR>>/blib/lib/Function/Parameters.pm line 19.
Compilation failed in require at t/foreign/Method-Signatures/paren_on_own_line.t line 8.
BEGIN failed--compilation aborted at t/foreign/Method-Signatures/paren_on_own_line.t line 8.
t/foreign/Method-Signatures/paren_on_own_line.t ......... 
Dubious, test returned 2 (wstat 512, 0x200)
No subtests run 
Can't load '/<<PKGBUILDDIR>>/blib/arch/auto/Function/Parameters/Parameters.so' for module Function::Parameters: /<<PKGBUILDDIR>>/blib/arch/auto/Function/Parameters/Parameters.so: undefined symbol: perl_tsa_mutex_lock at /usr/lib/x86_64-linux-gnu/perl/5.26/DynaLoader.pm line 187.
  at /<<PKGBUILDDIR>>/blib/lib/Function/Parameters.pm line 19.
BEGIN failed--compilation aborted at /<<PKGBUILDDIR>>/blib/lib/Function/Parameters.pm line 19.
Compilation failed in require at t/foreign/Method-Signatures/paren_plus_open_block.t line 9.
BEGIN failed--compilation aborted at t/foreign/Method-Signatures/paren_plus_open_block.t line 9.
t/foreign/Method-Signatures/paren_plus_open_block.t ..... skipped: (no reason given)
Can't load '/<<PKGBUILDDIR>>/blib/arch/auto/Function/Parameters/Parameters.so' for module Function::Parameters: /<<PKGBUILDDIR>>/blib/arch/auto/Function/Parameters/Parameters.so: undefined symbol: perl_tsa_mutex_lock at /usr/lib/x86_64-linux-gnu/perl/5.26/DynaLoader.pm line 187.
  at /<<PKGBUILDDIR>>/blib/lib/Function/Parameters.pm line 19.
BEGIN failed--compilation aborted at /<<PKGBUILDDIR>>/blib/lib/Function/Parameters.pm line 19.
Compilation failed in require at t/foreign/Method-Signatures/required.t line 14.
BEGIN failed--compilation aborted at t/foreign/Method-Signatures/required.t line 14.
t/foreign/Method-Signatures/required.t .................. 
Dubious, test returned 2 (wstat 512, 0x200)
No subtests run 
Can't load '/<<PKGBUILDDIR>>/blib/arch/auto/Function/Parameters/Parameters.so' for module Function::Parameters: /<<PKGBUILDDIR>>/blib/arch/auto/Function/Parameters/Parameters.so: undefined symbol: perl_tsa_mutex_lock at /usr/lib/x86_64-linux-gnu/perl/5.26/DynaLoader.pm line 187.
  at /<<PKGBUILDDIR>>/blib/lib/Function/Parameters.pm line 19.
BEGIN failed--compilation aborted at /<<PKGBUILDDIR>>/blib/lib/Function/Parameters.pm line 19.
Compilation failed in require at t/foreign/Method-Signatures/slurpy.t line 13.
BEGIN failed--compilation aborted at t/foreign/Method-Signatures/slurpy.t line 13.
t/foreign/Method-Signatures/slurpy.t .................... 
Dubious, test returned 2 (wstat 512, 0x200)
No subtests run 

#   Failed test at t/foreign/Method-Signatures/syntax_errors.t line 13.
#                   'Can't load '/<<PKGBUILDDIR>>/blib/arch/auto/Function/Parameters/Parameters.so' for module Function::Parameters: /<<PKGBUILDDIR>>/blib/arch/auto/Function/Parameters/Parameters.so: undefined symbol: perl_tsa_mutex_lock at /usr/lib/x86_64-linux-gnu/perl/5.26/DynaLoader.pm line 187.
#   at /<<PKGBUILDDIR>>/blib/lib/Function/Parameters.pm line 19.
# BEGIN failed--compilation aborted at /<<PKGBUILDDIR>>/blib/lib/Function/Parameters.pm line 19.
# Compilation failed in require at /<<PKGBUILDDIR>>/t/foreign/Method-Signatures/lib/Bad.pm line 5.
# BEGIN failed--compilation aborted at /<<PKGBUILDDIR>>/t/foreign/Method-Signatures/lib/Bad.pm line 5.
# Compilation failed in require at t/foreign/Method-Signatures/syntax_errors.t line 10.
# '
#     doesn't match '(?^m:^Global symbol "\$info" requires explicit package name)'
# Looks like you failed 1 test of 2.
t/foreign/Method-Signatures/syntax_errors.t ............. 
ok 1
not ok 2
1..2
Dubious, test returned 1 (wstat 256, 0x100)
Failed 1/2 subtests 
Can't load '/<<PKGBUILDDIR>>/blib/arch/auto/Function/Parameters/Parameters.so' for module Function::Parameters: /<<PKGBUILDDIR>>/blib/arch/auto/Function/Parameters/Parameters.so: undefined symbol: perl_tsa_mutex_lock at /usr/lib/x86_64-linux-gnu/perl/5.26/DynaLoader.pm line 187.
  at /<<PKGBUILDDIR>>/blib/lib/Function/Parameters.pm line 19.
BEGIN failed--compilation aborted at /<<PKGBUILDDIR>>/blib/lib/Function/Parameters.pm line 19.
Compilation failed in require at t/foreign/Method-Signatures/too_many_args.t line 8.
BEGIN failed--compilation aborted at t/foreign/Method-Signatures/too_many_args.t line 8.
t/foreign/Method-Signatures/too_many_args.t ............. 
Dubious, test returned 2 (wstat 512, 0x200)
No subtests run 
Can't load '/<<PKGBUILDDIR>>/blib/arch/auto/Function/Parameters/Parameters.so' for module Function::Parameters: /<<PKGBUILDDIR>>/blib/arch/auto/Function/Parameters/Parameters.so: undefined symbol: perl_tsa_mutex_lock at /usr/lib/x86_64-linux-gnu/perl/5.26/DynaLoader.pm line 187.
  at /<<PKGBUILDDIR>>/blib/lib/Function/Parameters.pm line 19.
BEGIN failed--compilation aborted at /<<PKGBUILDDIR>>/blib/lib/Function/Parameters.pm line 19.
Compilation failed in require at t/foreign/Method-Signatures/trailing_comma.t line 10.
BEGIN failed--compilation aborted at t/foreign/Method-Signatures/trailing_comma.t line 10.
t/foreign/Method-Signatures/trailing_comma.t ............ 
Dubious, test returned 2 (wstat 512, 0x200)
No subtests run 
Can't load '/<<PKGBUILDDIR>>/blib/arch/auto/Function/Parameters/Parameters.so' for module Function::Parameters: /<<PKGBUILDDIR>>/blib/arch/auto/Function/Parameters/Parameters.so: undefined symbol: perl_tsa_mutex_lock at /usr/lib/x86_64-linux-gnu/perl/5.26/DynaLoader.pm line 187.
  at /<<PKGBUILDDIR>>/blib/lib/Function/Parameters.pm line 19.
BEGIN failed--compilation aborted at /<<PKGBUILDDIR>>/blib/lib/Function/Parameters.pm line 19.
Compilation failed in require at t/foreign/Method-Signatures/type_check.t line 17.
BEGIN failed--compilation aborted at t/foreign/Method-Signatures/type_check.t line 17.
t/foreign/Method-Signatures/type_check.t ................ 
Dubious, test returned 2 (wstat 512, 0x200)
No subtests run 
Can't load '/<<PKGBUILDDIR>>/blib/arch/auto/Function/Parameters/Parameters.so' for module Function::Parameters: /<<PKGBUILDDIR>>/blib/arch/auto/Function/Parameters/Parameters.so: undefined symbol: perl_tsa_mutex_lock at /usr/lib/x86_64-linux-gnu/perl/5.26/DynaLoader.pm line 187.
  at /<<PKGBUILDDIR>>/blib/lib/Function/Parameters.pm line 19.
BEGIN failed--compilation aborted at /<<PKGBUILDDIR>>/blib/lib/Function/Parameters.pm line 19.
Compilation failed in require at /<<PKGBUILDDIR>>/t/foreign/Method-Signatures/lib/MooseLoadTest.pm line 10.
BEGIN failed--compilation aborted at /<<PKGBUILDDIR>>/t/foreign/Method-Signatures/lib/MooseLoadTest.pm line 10.
Compilation failed in require at t/foreign/Method-Signatures/typeload_moose.t line 16.
t/foreign/Method-Signatures/typeload_moose.t ............ 
Dubious, test returned 2 (wstat 512, 0x200)
No subtests run 
Can't load '/<<PKGBUILDDIR>>/blib/arch/auto/Function/Parameters/Parameters.so' for module Function::Parameters: /<<PKGBUILDDIR>>/blib/arch/auto/Function/Parameters/Parameters.so: undefined symbol: perl_tsa_mutex_lock at /usr/lib/x86_64-linux-gnu/perl/5.26/DynaLoader.pm line 187.
  at /<<PKGBUILDDIR>>/blib/lib/Function/Parameters.pm line 19.
BEGIN failed--compilation aborted at /<<PKGBUILDDIR>>/blib/lib/Function/Parameters.pm line 19.
Compilation failed in require at t/foreign/Method-Signatures/typeload_notypes.t line 15.
BEGIN failed--compilation aborted at t/foreign/Method-Signatures/typeload_notypes.t line 15.
t/foreign/Method-Signatures/typeload_notypes.t .......... 
Dubious, test returned 2 (wstat 512, 0x200)
No subtests run 
Can't load '/<<PKGBUILDDIR>>/blib/arch/auto/Function/Parameters/Parameters.so' for module Function::Parameters: /<<PKGBUILDDIR>>/blib/arch/auto/Function/Parameters/Parameters.so: undefined symbol: perl_tsa_mutex_lock at /usr/lib/x86_64-linux-gnu/perl/5.26/DynaLoader.pm line 187.
  at /<<PKGBUILDDIR>>/blib/lib/Function/Parameters.pm line 19.
BEGIN failed--compilation aborted at /<<PKGBUILDDIR>>/blib/lib/Function/Parameters.pm line 19.
Compilation failed in require at t/foreign/MooseX-Method-Signatures/attributes.t line 8.
BEGIN failed--compilation aborted at t/foreign/MooseX-Method-Signatures/attributes.t line 8.
# Looks like your test exited with 2 before it could output anything.
t/foreign/MooseX-Method-Signatures/attributes.t ......... 
1..2
Dubious, test returned 2 (wstat 512, 0x200)
Failed 2/2 subtests 
Can't load '/<<PKGBUILDDIR>>/blib/arch/auto/Function/Parameters/Parameters.so' for module Function::Parameters: /<<PKGBUILDDIR>>/blib/arch/auto/Function/Parameters/Parameters.so: undefined symbol: perl_tsa_mutex_lock at /usr/lib/x86_64-linux-gnu/perl/5.26/DynaLoader.pm line 187.
  at /<<PKGBUILDDIR>>/blib/lib/Function/Parameters.pm line 19.
BEGIN failed--compilation aborted at /<<PKGBUILDDIR>>/blib/lib/Function/Parameters.pm line 19.
Compilation failed in require at t/foreign/MooseX-Method-Signatures/caller.t line 8.
BEGIN failed--compilation aborted at t/foreign/MooseX-Method-Signatures/caller.t line 8.
# Looks like your test exited with 2 before it could output anything.
t/foreign/MooseX-Method-Signatures/caller.t ............. 
1..1
Dubious, test returned 2 (wstat 512, 0x200)
Failed 1/1 subtests 
Can't load '/<<PKGBUILDDIR>>/blib/arch/auto/Function/Parameters/Parameters.so' for module Function::Parameters: /<<PKGBUILDDIR>>/blib/arch/auto/Function/Parameters/Parameters.so: undefined symbol: perl_tsa_mutex_lock at /usr/lib/x86_64-linux-gnu/perl/5.26/DynaLoader.pm line 187.
  at /<<PKGBUILDDIR>>/blib/lib/Function/Parameters.pm line 19.
BEGIN failed--compilation aborted at /<<PKGBUILDDIR>>/blib/lib/Function/Parameters.pm line 19.
Compilation failed in require at t/foreign/MooseX-Method-Signatures/closure.t line 17.
BEGIN failed--compilation aborted at t/foreign/MooseX-Method-Signatures/closure.t line 17.
# Looks like your test exited with 2 before it could output anything.
t/foreign/MooseX-Method-Signatures/closure.t ............ 
1..7
Dubious, test returned 2 (wstat 512, 0x200)
Failed 7/7 subtests 

#   Failed test 'Sane error message for syntax error'
#   at t/foreign/MooseX-Method-Signatures/errors.t line 17.
#                   'Can't load '/<<PKGBUILDDIR>>/blib/arch/auto/Function/Parameters/Parameters.so' for module Function::Parameters: /<<PKGBUILDDIR>>/blib/arch/auto/Function/Parameters/Parameters.so: undefined symbol: perl_tsa_mutex_lock at /usr/lib/x86_64-linux-gnu/perl/5.26/DynaLoader.pm line 187.
#   at /<<PKGBUILDDIR>>/blib/lib/Function/Parameters.pm line 19.
# BEGIN failed--compilation aborted at /<<PKGBUILDDIR>>/blib/lib/Function/Parameters.pm line 19.
# Compilation failed in require at /<<PKGBUILDDIR>>/t/foreign/MooseX-Method-Signatures/lib/InvalidCase01.pm line 4.
# BEGIN failed--compilation aborted at /<<PKGBUILDDIR>>/t/foreign/MooseX-Method-Signatures/lib/InvalidCase01.pm line 4.
# Compilation failed in require at (eval 6) line 1.
# BEGIN failed--compilation aborted at (eval 6) line 1.
# '
#     doesn't match '(?^:^Global symbol "\$op" requires explicit package name .*?\bInvalidCase01.pm line 8\b)'

#   Failed test 'No error'
#   at t/foreign/MooseX-Method-Signatures/errors.t line 29.
#          got: 'Attempt to reload Function/Parameters.pm aborted.
# Compilation failed in require at /<<PKGBUILDDIR>>/t/foreign/MooseX-Method-Signatures/lib/Redefined.pm line 4.
# BEGIN failed--compilation aborted at /<<PKGBUILDDIR>>/t/foreign/MooseX-Method-Signatures/lib/Redefined.pm line 4.
# Compilation failed in require at (eval 8) line 1.
# BEGIN failed--compilation aborted at (eval 8) line 1.
# '
#     expected: ''

#   Failed test 'Redefined method warning'
#   at t/foreign/MooseX-Method-Signatures/errors.t line 30.
#                   ''
#     doesn't match '(?^:^Subroutine meth1 redefined at .*?\bRedefined.pm line 9\b)'
# Looks like you failed 3 tests of 4.
t/foreign/MooseX-Method-Signatures/errors.t ............. 
ok 1 - Got an error
not ok 2 - Sane error message for syntax error
not ok 3 - No error
not ok 4 - Redefined method warning
1..4
Dubious, test returned 3 (wstat 768, 0x300)
Failed 3/4 subtests 
Can't load '/<<PKGBUILDDIR>>/blib/arch/auto/Function/Parameters/Parameters.so' for module Function::Parameters: /<<PKGBUILDDIR>>/blib/arch/auto/Function/Parameters/Parameters.so: undefined symbol: perl_tsa_mutex_lock at /usr/lib/x86_64-linux-gnu/perl/5.26/DynaLoader.pm line 187.
  at /<<PKGBUILDDIR>>/blib/lib/Function/Parameters.pm line 19.
BEGIN failed--compilation aborted at /<<PKGBUILDDIR>>/blib/lib/Function/Parameters.pm line 19.
Compilation failed in require at t/foreign/MooseX-Method-Signatures/eval.t line 6.
BEGIN failed--compilation aborted at t/foreign/MooseX-Method-Signatures/eval.t line 6.
# Looks like your test exited with 2 before it could output anything.
t/foreign/MooseX-Method-Signatures/eval.t ............... 
1..3
Dubious, test returned 2 (wstat 512, 0x200)
Failed 3/3 subtests 
Can't load '/<<PKGBUILDDIR>>/blib/arch/auto/Function/Parameters/Parameters.so' for module Function::Parameters: /<<PKGBUILDDIR>>/blib/arch/auto/Function/Parameters/Parameters.so: undefined symbol: perl_tsa_mutex_lock at /usr/lib/x86_64-linux-gnu/perl/5.26/DynaLoader.pm line 187.
  at /<<PKGBUILDDIR>>/blib/lib/Function/Parameters.pm line 19.
BEGIN failed--compilation aborted at /<<PKGBUILDDIR>>/blib/lib/Function/Parameters.pm line 19.
Compilation failed in require at t/foreign/MooseX-Method-Signatures/list.t line 13.
BEGIN failed--compilation aborted at t/foreign/MooseX-Method-Signatures/list.t line 13.
# Looks like your test exited with 2 before it could output anything.
t/foreign/MooseX-Method-Signatures/list.t ............... 
1..25
Dubious, test returned 2 (wstat 512, 0x200)
Failed 25/25 subtests 
Can't load '/<<PKGBUILDDIR>>/blib/arch/auto/Function/Parameters/Parameters.so' for module Function::Parameters: /<<PKGBUILDDIR>>/blib/arch/auto/Function/Parameters/Parameters.so: undefined symbol: perl_tsa_mutex_lock at /usr/lib/x86_64-linux-gnu/perl/5.26/DynaLoader.pm line 187.
  at /<<PKGBUILDDIR>>/blib/lib/Function/Parameters.pm line 19.
BEGIN failed--compilation aborted at /<<PKGBUILDDIR>>/blib/lib/Function/Parameters.pm line 19.
Compilation failed in require at t/foreign/MooseX-Method-Signatures/named_defaults.t line 9.
BEGIN failed--compilation aborted at t/foreign/MooseX-Method-Signatures/named_defaults.t line 9.
t/foreign/MooseX-Method-Signatures/named_defaults.t ..... 
Dubious, test returned 2 (wstat 512, 0x200)
No subtests run 
Can't load '/<<PKGBUILDDIR>>/blib/arch/auto/Function/Parameters/Parameters.so' for module Function::Parameters: /<<PKGBUILDDIR>>/blib/arch/auto/Function/Parameters/Parameters.so: undefined symbol: perl_tsa_mutex_lock at /usr/lib/x86_64-linux-gnu/perl/5.26/DynaLoader.pm line 187.
  at /<<PKGBUILDDIR>>/blib/lib/Function/Parameters.pm line 19.
BEGIN failed--compilation aborted at /<<PKGBUILDDIR>>/blib/lib/Function/Parameters.pm line 19.
Compilation failed in require at t/foreign/MooseX-Method-Signatures/no_signature.t line 9.
BEGIN failed--compilation aborted at t/foreign/MooseX-Method-Signatures/no_signature.t line 9.
t/foreign/MooseX-Method-Signatures/no_signature.t ....... 
Dubious, test returned 2 (wstat 512, 0x200)
No subtests run 
Can't load '/<<PKGBUILDDIR>>/blib/arch/auto/Function/Parameters/Parameters.so' for module Function::Parameters: /<<PKGBUILDDIR>>/blib/arch/auto/Function/Parameters/Parameters.so: undefined symbol: perl_tsa_mutex_lock at /usr/lib/x86_64-linux-gnu/perl/5.26/DynaLoader.pm line 187.
  at /<<PKGBUILDDIR>>/blib/lib/Function/Parameters.pm line 19.
BEGIN failed--compilation aborted at /<<PKGBUILDDIR>>/blib/lib/Function/Parameters.pm line 19.
Compilation failed in require at t/foreign/MooseX-Method-Signatures/precedence.t line 6.
BEGIN failed--compilation aborted at t/foreign/MooseX-Method-Signatures/precedence.t line 6.
# Looks like your test exited with 2 before it could output anything.
t/foreign/MooseX-Method-Signatures/precedence.t ......... 
1..4
Dubious, test returned 2 (wstat 512, 0x200)
Failed 4/4 subtests 
Can't load '/<<PKGBUILDDIR>>/blib/arch/auto/Function/Parameters/Parameters.so' for module Function::Parameters: /<<PKGBUILDDIR>>/blib/arch/auto/Function/Parameters/Parameters.so: undefined symbol: perl_tsa_mutex_lock at /usr/lib/x86_64-linux-gnu/perl/5.26/DynaLoader.pm line 187.
  at /<<PKGBUILDDIR>>/blib/lib/Function/Parameters.pm line 19.
BEGIN failed--compilation aborted at /<<PKGBUILDDIR>>/blib/lib/Function/Parameters.pm line 19.
Compilation failed in require at t/foreign/MooseX-Method-Signatures/sigs-optional.t line 8.
BEGIN failed--compilation aborted at t/foreign/MooseX-Method-Signatures/sigs-optional.t line 8.
# Looks like your test exited with 2 before it could output anything.
t/foreign/MooseX-Method-Signatures/sigs-optional.t ...... 
1..4
Dubious, test returned 2 (wstat 512, 0x200)
Failed 4/4 subtests 
Can't load '/<<PKGBUILDDIR>>/blib/arch/auto/Function/Parameters/Parameters.so' for module Function::Parameters: /<<PKGBUILDDIR>>/blib/arch/auto/Function/Parameters/Parameters.so: undefined symbol: perl_tsa_mutex_lock at /usr/lib/x86_64-linux-gnu/perl/5.26/DynaLoader.pm line 187.
  at /<<PKGBUILDDIR>>/blib/lib/Function/Parameters.pm line 19.
BEGIN failed--compilation aborted at /<<PKGBUILDDIR>>/blib/lib/Function/Parameters.pm line 19.
Compilation failed in require at t/foreign/MooseX-Method-Signatures/too_many_args.t line 9.
BEGIN failed--compilation aborted at t/foreign/MooseX-Method-Signatures/too_many_args.t line 9.
t/foreign/MooseX-Method-Signatures/too_many_args.t ...... 
Dubious, test returned 2 (wstat 512, 0x200)
No subtests run 
Can't load '/<<PKGBUILDDIR>>/blib/arch/auto/Function/Parameters/Parameters.so' for module Function::Parameters: /<<PKGBUILDDIR>>/blib/arch/auto/Function/Parameters/Parameters.so: undefined symbol: perl_tsa_mutex_lock at /usr/lib/x86_64-linux-gnu/perl/5.26/DynaLoader.pm line 187.
  at /<<PKGBUILDDIR>>/blib/lib/Function/Parameters.pm line 19.
BEGIN failed--compilation aborted at /<<PKGBUILDDIR>>/blib/lib/Function/Parameters.pm line 19.
Compilation failed in require at t/foreign/MooseX-Method-Signatures/type_alias.t line 20.
BEGIN failed--compilation aborted at t/foreign/MooseX-Method-Signatures/type_alias.t line 20.
# Looks like your test exited with 2 before it could output anything.
t/foreign/MooseX-Method-Signatures/type_alias.t ......... 
1..2
Dubious, test returned 2 (wstat 512, 0x200)
Failed 2/2 subtests 
Can't load '/<<PKGBUILDDIR>>/blib/arch/auto/Function/Parameters/Parameters.so' for module Function::Parameters: /<<PKGBUILDDIR>>/blib/arch/auto/Function/Parameters/Parameters.so: undefined symbol: perl_tsa_mutex_lock at /usr/lib/x86_64-linux-gnu/perl/5.26/DynaLoader.pm line 187.
  at /<<PKGBUILDDIR>>/blib/lib/Function/Parameters.pm line 19.
BEGIN failed--compilation aborted at /<<PKGBUILDDIR>>/blib/lib/Function/Parameters.pm line 19.
Compilation failed in require at t/foreign/MooseX-Method-Signatures/types.t line 26.
BEGIN failed--compilation aborted at t/foreign/MooseX-Method-Signatures/types.t line 26.
# Looks like your test exited with 2 before it could output anything.
t/foreign/MooseX-Method-Signatures/types.t .............. 
1..4
Dubious, test returned 2 (wstat 512, 0x200)
Failed 4/4 subtests 
Can't load '/<<PKGBUILDDIR>>/blib/arch/auto/Function/Parameters/Parameters.so' for module Function::Parameters: /<<PKGBUILDDIR>>/blib/arch/auto/Function/Parameters/Parameters.so: undefined symbol: perl_tsa_mutex_lock at /usr/lib/x86_64-linux-gnu/perl/5.26/DynaLoader.pm line 187.
  at /<<PKGBUILDDIR>>/blib/lib/Function/Parameters.pm line 19.
BEGIN failed--compilation aborted at /<<PKGBUILDDIR>>/blib/lib/Function/Parameters.pm line 19.
Compilation failed in require at t/foreign/MooseX-Method-Signatures/undef_method_arg.t line 9.
BEGIN failed--compilation aborted at t/foreign/MooseX-Method-Signatures/undef_method_arg.t line 9.
t/foreign/MooseX-Method-Signatures/undef_method_arg.t ... 
Dubious, test returned 2 (wstat 512, 0x200)
No subtests run 
Can't load '/<<PKGBUILDDIR>>/blib/arch/auto/Function/Parameters/Parameters.so' for module Function::Parameters: /<<PKGBUILDDIR>>/blib/arch/auto/Function/Parameters/Parameters.so: undefined symbol: perl_tsa_mutex_lock at /usr/lib/x86_64-linux-gnu/perl/5.26/DynaLoader.pm line 187.
  at /<<PKGBUILDDIR>>/blib/lib/Function/Parameters.pm line 19.
BEGIN failed--compilation aborted at /<<PKGBUILDDIR>>/blib/lib/Function/Parameters.pm line 19.
Compilation failed in require at t/foreign/MooseX-Method-Signatures/undef_method_arg2.t line 23.
BEGIN failed--compilation aborted at t/foreign/MooseX-Method-Signatures/undef_method_arg2.t line 23.
# Looks like your test exited with 2 before it could output anything.
t/foreign/MooseX-Method-Signatures/undef_method_arg2.t .. 
1..4
Dubious, test returned 2 (wstat 512, 0x200)
Failed 4/4 subtests 
Can't load '/<<PKGBUILDDIR>>/blib/arch/auto/Function/Parameters/Parameters.so' for module Function::Parameters: /<<PKGBUILDDIR>>/blib/arch/auto/Function/Parameters/Parameters.so: undefined symbol: perl_tsa_mutex_lock at /usr/lib/x86_64-linux-gnu/perl/5.26/DynaLoader.pm line 187.
  at /<<PKGBUILDDIR>>/blib/lib/Function/Parameters.pm line 19.
BEGIN failed--compilation aborted at /<<PKGBUILDDIR>>/blib/lib/Function/Parameters.pm line 19.
Compilation failed in require at t/foreign/perl/signatures.t line 9.
BEGIN failed--compilation aborted at t/foreign/perl/signatures.t line 9.
# Looks like your test exited with 2 before it could output anything.
t/foreign/perl/signatures.t ............................. 
1..842
Dubious, test returned 2 (wstat 512, 0x200)
Failed 842/842 subtests 
Can't load '/<<PKGBUILDDIR>>/blib/arch/auto/Function/Parameters/Parameters.so' for module Function::Parameters: /<<PKGBUILDDIR>>/blib/arch/auto/Function/Parameters/Parameters.so: undefined symbol: perl_tsa_mutex_lock at /usr/lib/x86_64-linux-gnu/perl/5.26/DynaLoader.pm line 187.
  at /<<PKGBUILDDIR>>/blib/lib/Function/Parameters.pm line 19.
BEGIN failed--compilation aborted at /<<PKGBUILDDIR>>/blib/lib/Function/Parameters.pm line 19.
Compilation failed in require at t/foreign/signatures/anon.t line 6.
BEGIN failed--compilation aborted at t/foreign/signatures/anon.t line 6.
# Looks like your test exited with 2 before it could output anything.
t/foreign/signatures/anon.t ............................. 
1..1
Dubious, test returned 2 (wstat 512, 0x200)
Failed 1/1 subtests 
Can't load '/<<PKGBUILDDIR>>/blib/arch/auto/Function/Parameters/Parameters.so' for module Function::Parameters: /<<PKGBUILDDIR>>/blib/arch/auto/Function/Parameters/Parameters.so: undefined symbol: perl_tsa_mutex_lock at /usr/lib/x86_64-linux-gnu/perl/5.26/DynaLoader.pm line 187.
  at /<<PKGBUILDDIR>>/blib/lib/Function/Parameters.pm line 19.
BEGIN failed--compilation aborted at /<<PKGBUILDDIR>>/blib/lib/Function/Parameters.pm line 19.
Compilation failed in require at t/foreign/signatures/basic.t line 6.
BEGIN failed--compilation aborted at t/foreign/signatures/basic.t line 6.
# Looks like your test exited with 2 before it could output anything.
t/foreign/signatures/basic.t ............................ 
1..5
Dubious, test returned 2 (wstat 512, 0x200)
Failed 5/5 subtests 
Can't load '/<<PKGBUILDDIR>>/blib/arch/auto/Function/Parameters/Parameters.so' for module Function::Parameters: /<<PKGBUILDDIR>>/blib/arch/auto/Function/Parameters/Parameters.so: undefined symbol: perl_tsa_mutex_lock at /usr/lib/x86_64-linux-gnu/perl/5.26/DynaLoader.pm line 187.
  at /<<PKGBUILDDIR>>/blib/lib/Function/Parameters.pm line 19.
BEGIN failed--compilation aborted at /<<PKGBUILDDIR>>/blib/lib/Function/Parameters.pm line 19.
Compilation failed in require at t/foreign/signatures/eval.t line 6.
BEGIN failed--compilation aborted at t/foreign/signatures/eval.t line 6.
# Looks like your test exited with 2 before it could output anything.
t/foreign/signatures/eval.t ............................. 
1..8
Dubious, test returned 2 (wstat 512, 0x200)
Failed 8/8 subtests 
Can't load '/<<PKGBUILDDIR>>/blib/arch/auto/Function/Parameters/Parameters.so' for module Function::Parameters: /<<PKGBUILDDIR>>/blib/arch/auto/Function/Parameters/Parameters.so: undefined symbol: perl_tsa_mutex_lock at /usr/lib/x86_64-linux-gnu/perl/5.26/DynaLoader.pm line 187.
  at /<<PKGBUILDDIR>>/blib/lib/Function/Parameters.pm line 19.
BEGIN failed--compilation aborted at /<<PKGBUILDDIR>>/blib/lib/Function/Parameters.pm line 19.
Compilation failed in require at t/foreign/signatures/proto.t line 11.
BEGIN failed--compilation aborted at t/foreign/signatures/proto.t line 11.
# Looks like your test exited with 2 just after 1.
t/foreign/signatures/proto.t ............................ 
1..7
ok 1 - no warnings yet
Dubious, test returned 2 (wstat 512, 0x200)
Failed 6/7 subtests 
Can't load '/<<PKGBUILDDIR>>/blib/arch/auto/Function/Parameters/Parameters.so' for module Function::Parameters: /<<PKGBUILDDIR>>/blib/arch/auto/Function/Parameters/Parameters.so: undefined symbol: perl_tsa_mutex_lock at /usr/lib/x86_64-linux-gnu/perl/5.26/DynaLoader.pm line 187.
  at /<<PKGBUILDDIR>>/blib/lib/Function/Parameters.pm line 19.
BEGIN failed--compilation aborted at /<<PKGBUILDDIR>>/blib/lib/Function/Parameters.pm line 19.
Compilation failed in require at t/foreign/signatures/weird.t line 6.
BEGIN failed--compilation aborted at t/foreign/signatures/weird.t line 6.
# Looks like your test exited with 2 before it could output anything.
t/foreign/signatures/weird.t ............................ 
1..2
Dubious, test returned 2 (wstat 512, 0x200)
Failed 2/2 subtests 
Can't load '/<<PKGBUILDDIR>>/blib/arch/auto/Function/Parameters/Parameters.so' for module Function::Parameters: /<<PKGBUILDDIR>>/blib/arch/auto/Function/Parameters/Parameters.so: undefined symbol: perl_tsa_mutex_lock at /usr/lib/x86_64-linux-gnu/perl/5.26/DynaLoader.pm line 187.
  at /<<PKGBUILDDIR>>/blib/lib/Function/Parameters.pm line 19.
BEGIN failed--compilation aborted at /<<PKGBUILDDIR>>/blib/lib/Function/Parameters.pm line 19.
Compilation failed in require at t/gorn.t line 7.
BEGIN failed--compilation aborted at t/gorn.t line 7.
# Looks like your test exited with 2 before it could output anything.
t/gorn.t ................................................ 
1..4
Dubious, test returned 2 (wstat 512, 0x200)
Failed 4/4 subtests 
Can't load '/<<PKGBUILDDIR>>/blib/arch/auto/Function/Parameters/Parameters.so' for module Function::Parameters: /<<PKGBUILDDIR>>/blib/arch/auto/Function/Parameters/Parameters.so: undefined symbol: perl_tsa_mutex_lock at /usr/lib/x86_64-linux-gnu/perl/5.26/DynaLoader.pm line 187.
  at /<<PKGBUILDDIR>>/blib/lib/Function/Parameters.pm line 19.
BEGIN failed--compilation aborted at /<<PKGBUILDDIR>>/blib/lib/Function/Parameters.pm line 19.
Compilation failed in require at t/hueg.t line 7.
BEGIN failed--compilation aborted at t/hueg.t line 7.
# Looks like your test exited with 2 before it could output anything.
t/hueg.t ................................................ 
1..1
Dubious, test returned 2 (wstat 512, 0x200)
Failed 1/1 subtests 
Can't load '/<<PKGBUILDDIR>>/blib/arch/auto/Function/Parameters/Parameters.so' for module Function::Parameters: /<<PKGBUILDDIR>>/blib/arch/auto/Function/Parameters/Parameters.so: undefined symbol: perl_tsa_mutex_lock at /usr/lib/x86_64-linux-gnu/perl/5.26/DynaLoader.pm line 187.
  at /<<PKGBUILDDIR>>/blib/lib/Function/Parameters.pm line 19.
BEGIN failed--compilation aborted at /<<PKGBUILDDIR>>/blib/lib/Function/Parameters.pm line 19.
Compilation failed in require at t/imports.t line 10.
BEGIN failed--compilation aborted at t/imports.t line 10.
# Looks like your test exited with 2 before it could output anything.
t/imports.t ............................................. 
1..58
Dubious, test returned 2 (wstat 512, 0x200)
Failed 58/58 subtests 
Can't load '/<<PKGBUILDDIR>>/blib/arch/auto/Function/Parameters/Parameters.so' for module Function::Parameters: /<<PKGBUILDDIR>>/blib/arch/auto/Function/Parameters/Parameters.so: undefined symbol: perl_tsa_mutex_lock at /usr/lib/x86_64-linux-gnu/perl/5.26/DynaLoader.pm line 187.
  at /<<PKGBUILDDIR>>/blib/lib/Function/Parameters.pm line 19.
BEGIN failed--compilation aborted at /<<PKGBUILDDIR>>/blib/lib/Function/Parameters.pm line 19.
Compilation failed in require at t/info.t line 7.
BEGIN failed--compilation aborted at t/info.t line 7.
# Looks like your test exited with 2 before it could output anything.
t/info.t ................................................ 
1..140
Dubious, test returned 2 (wstat 512, 0x200)
Failed 140/140 subtests 
Can't load '/<<PKGBUILDDIR>>/blib/arch/auto/Function/Parameters/Parameters.so' for module Function::Parameters: /<<PKGBUILDDIR>>/blib/arch/auto/Function/Parameters/Parameters.so: undefined symbol: perl_tsa_mutex_lock at /usr/lib/x86_64-linux-gnu/perl/5.26/DynaLoader.pm line 187.
  at /<<PKGBUILDDIR>>/blib/lib/Function/Parameters.pm line 19.
BEGIN failed--compilation aborted at /<<PKGBUILDDIR>>/blib/lib/Function/Parameters.pm line 19.
Compilation failed in require at t/install.t line 13.
BEGIN failed--compilation aborted at t/install.t line 13.
# Looks like your test exited with 2 before it could output anything.
t/install.t ............................................. 
1..22
Dubious, test returned 2 (wstat 512, 0x200)
Failed 22/22 subtests 
Can't load '/<<PKGBUILDDIR>>/blib/arch/auto/Function/Parameters/Parameters.so' for module Function::Parameters: /<<PKGBUILDDIR>>/blib/arch/auto/Function/Parameters/Parameters.so: undefined symbol: perl_tsa_mutex_lock at /usr/lib/x86_64-linux-gnu/perl/5.26/DynaLoader.pm line 187.
  at /<<PKGBUILDDIR>>/blib/lib/Function/Parameters.pm line 19.
BEGIN failed--compilation aborted at /<<PKGBUILDDIR>>/blib/lib/Function/Parameters.pm line 19.
Compilation failed in require at t/invocant.t line 9.
BEGIN failed--compilation aborted at t/invocant.t line 9.
# Looks like your test exited with 2 before it could output anything.
t/invocant.t ............................................ 
1..67
Dubious, test returned 2 (wstat 512, 0x200)
Failed 67/67 subtests 
Can't load '/<<PKGBUILDDIR>>/blib/arch/auto/Function/Parameters/Parameters.so' for module Function::Parameters: /<<PKGBUILDDIR>>/blib/arch/auto/Function/Parameters/Parameters.so: undefined symbol: perl_tsa_mutex_lock at /usr/lib/x86_64-linux-gnu/perl/5.26/DynaLoader.pm line 187.
  at /<<PKGBUILDDIR>>/blib/lib/Function/Parameters.pm line 19.
BEGIN failed--compilation aborted at /<<PKGBUILDDIR>>/blib/lib/Function/Parameters.pm line 19.
Compilation failed in require at t/lexical.t line 11.
BEGIN failed--compilation aborted at t/lexical.t line 11.
# Looks like your test exited with 2 before it could output anything.
t/lexical.t ............................................. 
1..16
Dubious, test returned 2 (wstat 512, 0x200)
Failed 16/16 subtests 
Can't load '/<<PKGBUILDDIR>>/blib/arch/auto/Function/Parameters/Parameters.so' for module Function::Parameters: /<<PKGBUILDDIR>>/blib/arch/auto/Function/Parameters/Parameters.so: undefined symbol: perl_tsa_mutex_lock at /usr/lib/x86_64-linux-gnu/perl/5.26/DynaLoader.pm line 187.
  at /<<PKGBUILDDIR>>/blib/lib/Function/Parameters.pm line 19.
BEGIN failed--compilation aborted at /<<PKGBUILDDIR>>/blib/lib/Function/Parameters.pm line 19.
Compilation failed in require at t/lifetime.t line 9.
BEGIN failed--compilation aborted at t/lifetime.t line 9.
# Looks like your test exited with 2 before it could output anything.
t/lifetime.t ............................................ 
1..12
Dubious, test returned 2 (wstat 512, 0x200)
Failed 12/12 subtests 
Can't load '/<<PKGBUILDDIR>>/blib/arch/auto/Function/Parameters/Parameters.so' for module Function::Parameters: /<<PKGBUILDDIR>>/blib/arch/auto/Function/Parameters/Parameters.so: undefined symbol: perl_tsa_mutex_lock at /usr/lib/x86_64-linux-gnu/perl/5.26/DynaLoader.pm line 187.
  at /<<PKGBUILDDIR>>/blib/lib/Function/Parameters.pm line 19.
BEGIN failed--compilation aborted at /<<PKGBUILDDIR>>/blib/lib/Function/Parameters.pm line 19.
Compilation failed in require at t/lineno-torture.t line 6.
BEGIN failed--compilation aborted at t/lineno-torture.t line 6.
t/lineno-torture.t ...................................... 
Dubious, test returned 2 (wstat 512, 0x200)
No subtests run 
Can't load '/<<PKGBUILDDIR>>/blib/arch/auto/Function/Parameters/Parameters.so' for module Function::Parameters: /<<PKGBUILDDIR>>/blib/arch/auto/Function/Parameters/Parameters.so: undefined symbol: perl_tsa_mutex_lock at /usr/lib/x86_64-linux-gnu/perl/5.26/DynaLoader.pm line 187.
  at /<<PKGBUILDDIR>>/blib/lib/Function/Parameters.pm line 19.
BEGIN failed--compilation aborted at /<<PKGBUILDDIR>>/blib/lib/Function/Parameters.pm line 19.
Compilation failed in require at t/lineno.t line 6.
BEGIN failed--compilation aborted at t/lineno.t line 6.
# Looks like your test exited with 2 before it could output anything.
t/lineno.t .............................................. 
1..11
Dubious, test returned 2 (wstat 512, 0x200)
Failed 11/11 subtests 
Can't load '/<<PKGBUILDDIR>>/blib/arch/auto/Function/Parameters/Parameters.so' for module Function::Parameters: /<<PKGBUILDDIR>>/blib/arch/auto/Function/Parameters/Parameters.so: undefined symbol: perl_tsa_mutex_lock at /usr/lib/x86_64-linux-gnu/perl/5.26/DynaLoader.pm line 187.
  at /<<PKGBUILDDIR>>/blib/lib/Function/Parameters.pm line 19.
BEGIN failed--compilation aborted at /<<PKGBUILDDIR>>/blib/lib/Function/Parameters.pm line 19.
Compilation failed in require at t/method_cache.t line 10.
BEGIN failed--compilation aborted at t/method_cache.t line 10.
# Looks like your test exited with 2 before it could output anything.
t/method_cache.t ........................................ 
1..2
Dubious, test returned 2 (wstat 512, 0x200)
Failed 2/2 subtests 
Can't load '/<<PKGBUILDDIR>>/blib/arch/auto/Function/Parameters/Parameters.so' for module Function::Parameters: /<<PKGBUILDDIR>>/blib/arch/auto/Function/Parameters/Parameters.so: undefined symbol: perl_tsa_mutex_lock at /usr/lib/x86_64-linux-gnu/perl/5.26/DynaLoader.pm line 187.
  at /<<PKGBUILDDIR>>/blib/lib/Function/Parameters.pm line 19.
BEGIN failed--compilation aborted at /<<PKGBUILDDIR>>/blib/lib/Function/Parameters.pm line 19.
Compilation failed in require at t/method_runtime.t line 10.
BEGIN failed--compilation aborted at t/method_runtime.t line 10.
# Looks like your test exited with 2 before it could output anything.
t/method_runtime.t ...................................... 
1..29
Dubious, test returned 2 (wstat 512, 0x200)
Failed 29/29 subtests 
Can't load '/<<PKGBUILDDIR>>/blib/arch/auto/Function/Parameters/Parameters.so' for module Function::Parameters: /<<PKGBUILDDIR>>/blib/arch/auto/Function/Parameters/Parameters.so: undefined symbol: perl_tsa_mutex_lock at /usr/lib/x86_64-linux-gnu/perl/5.26/DynaLoader.pm line 187.
  at /<<PKGBUILDDIR>>/blib/lib/Function/Parameters.pm line 19.
BEGIN failed--compilation aborted at /<<PKGBUILDDIR>>/blib/lib/Function/Parameters.pm line 19.
Compilation failed in require at t/name.t line 21.
BEGIN failed--compilation aborted at t/name.t line 21.
# Looks like your test exited with 2 before it could output anything.
t/name.t ................................................ 
1..12
Dubious, test returned 2 (wstat 512, 0x200)
Failed 12/12 subtests 
Can't load '/<<PKGBUILDDIR>>/blib/arch/auto/Function/Parameters/Parameters.so' for module Function::Parameters: /<<PKGBUILDDIR>>/blib/arch/auto/Function/Parameters/Parameters.so: undefined symbol: perl_tsa_mutex_lock at /usr/lib/x86_64-linux-gnu/perl/5.26/DynaLoader.pm line 187.
  at /<<PKGBUILDDIR>>/blib/lib/Function/Parameters.pm line 19.
BEGIN failed--compilation aborted at /<<PKGBUILDDIR>>/blib/lib/Function/Parameters.pm line 19.
Compilation failed in require at t/named_params.t line 8.
BEGIN failed--compilation aborted at t/named_params.t line 8.
# Looks like your test exited with 2 before it could output anything.
t/named_params.t ........................................ 
1..134
Dubious, test returned 2 (wstat 512, 0x200)
Failed 134/134 subtests 
Can't load '/<<PKGBUILDDIR>>/blib/arch/auto/Function/Parameters/Parameters.so' for module Function::Parameters: /<<PKGBUILDDIR>>/blib/arch/auto/Function/Parameters/Parameters.so: undefined symbol: perl_tsa_mutex_lock at /usr/lib/x86_64-linux-gnu/perl/5.26/DynaLoader.pm line 187.
  at /<<PKGBUILDDIR>>/blib/lib/Function/Parameters.pm line 19.
BEGIN failed--compilation aborted at /<<PKGBUILDDIR>>/blib/lib/Function/Parameters.pm line 19.
Compilation failed in require at t/precedence.t line 8.
BEGIN failed--compilation aborted at t/precedence.t line 8.
# Looks like your test exited with 2 before it could output anything.
t/precedence.t .......................................... 
1..11
Dubious, test returned 2 (wstat 512, 0x200)
Failed 11/11 subtests 
Can't load '/<<PKGBUILDDIR>>/blib/arch/auto/Function/Parameters/Parameters.so' for module Function::Parameters: /<<PKGBUILDDIR>>/blib/arch/auto/Function/Parameters/Parameters.so: undefined symbol: perl_tsa_mutex_lock at /usr/lib/x86_64-linux-gnu/perl/5.26/DynaLoader.pm line 187.
  at /<<PKGBUILDDIR>>/blib/lib/Function/Parameters.pm line 19.
BEGIN failed--compilation aborted at /<<PKGBUILDDIR>>/blib/lib/Function/Parameters.pm line 19.
Compilation failed in require at t/prototype.t line 7.
BEGIN failed--compilation aborted at t/prototype.t line 7.
# Looks like your test exited with 2 before it could output anything.
t/prototype.t ........................................... 
1..73
Dubious, test returned 2 (wstat 512, 0x200)
Failed 73/73 subtests 
Can't load '/<<PKGBUILDDIR>>/blib/arch/auto/Function/Parameters/Parameters.so' for module Function::Parameters: /<<PKGBUILDDIR>>/blib/arch/auto/Function/Parameters/Parameters.so: undefined symbol: perl_tsa_mutex_lock at /usr/lib/x86_64-linux-gnu/perl/5.26/DynaLoader.pm line 187.
  at /<<PKGBUILDDIR>>/blib/lib/Function/Parameters.pm line 19.
BEGIN failed--compilation aborted at /<<PKGBUILDDIR>>/blib/lib/Function/Parameters.pm line 19.
Compilation failed in require at t/recursion.t line 7.
BEGIN failed--compilation aborted at t/recursion.t line 7.
# Looks like your test exited with 2 before it could output anything.
t/recursion.t ........................................... 
1..26
Dubious, test returned 2 (wstat 512, 0x200)
Failed 26/26 subtests 
Can't load '/<<PKGBUILDDIR>>/blib/arch/auto/Function/Parameters/Parameters.so' for module Function::Parameters: /<<PKGBUILDDIR>>/blib/arch/auto/Function/Parameters/Parameters.so: undefined symbol: perl_tsa_mutex_lock at /usr/lib/x86_64-linux-gnu/perl/5.26/DynaLoader.pm line 187.
  at /<<PKGBUILDDIR>>/blib/lib/Function/Parameters.pm line 19.
BEGIN failed--compilation aborted at /<<PKGBUILDDIR>>/blib/lib/Function/Parameters.pm line 19.
Compilation failed in require at t/regress.t line 8.
BEGIN failed--compilation aborted at t/regress.t line 8.
# Looks like your test exited with 2 before it could output anything.
t/regress.t ............................................. 
1..21
Dubious, test returned 2 (wstat 512, 0x200)
Failed 21/21 subtests 
Can't load '/<<PKGBUILDDIR>>/blib/arch/auto/Function/Parameters/Parameters.so' for module Function::Parameters: /<<PKGBUILDDIR>>/blib/arch/auto/Function/Parameters/Parameters.so: undefined symbol: perl_tsa_mutex_lock at /usr/lib/x86_64-linux-gnu/perl/5.26/DynaLoader.pm line 187.
  at /<<PKGBUILDDIR>>/blib/lib/Function/Parameters.pm line 19.
BEGIN failed--compilation aborted at /<<PKGBUILDDIR>>/blib/lib/Function/Parameters.pm line 19.
Compilation failed in require at t/rename.t line 5.
BEGIN failed--compilation aborted at t/rename.t line 5.
t/rename.t .............................................. 
Dubious, test returned 2 (wstat 512, 0x200)
No subtests run 

#   Failed test at t/strict.t line 24.
#                   'Can't load '/<<PKGBUILDDIR>>/blib/arch/auto/Function/Parameters/Parameters.so' for module Function::Parameters: /<<PKGBUILDDIR>>/blib/arch/auto/Function/Parameters/Parameters.so: undefined symbol: perl_tsa_mutex_lock at /usr/lib/x86_64-linux-gnu/perl/5.26/DynaLoader.pm line 187.
#   at /<<PKGBUILDDIR>>/blib/lib/Function/Parameters.pm line 19.
# BEGIN failed--compilation aborted at /<<PKGBUILDDIR>>/blib/lib/Function/Parameters.pm line 19.
# Compilation failed in require at /<<PKGBUILDDIR>>/t/strict_1.fail line 5.
# BEGIN failed--compilation aborted at /<<PKGBUILDDIR>>/t/strict_1.fail line 5.
# '
#     doesn't match '(?^:"\$z" can't appear after slurpy parameter "\@y\")'

#   Failed test at t/strict.t line 24.
#                   'Attempt to reload Function/Parameters.pm aborted.
# Compilation failed in require at /<<PKGBUILDDIR>>/t/strict_2.fail line 5.
# BEGIN failed--compilation aborted at /<<PKGBUILDDIR>>/t/strict_2.fail line 5.
# '
#     doesn't match '(?^:"\$y" can't appear after slurpy parameter "\@x\")'

#   Failed test at t/strict.t line 24.
#                   'Attempt to reload Function/Parameters.pm aborted.
# Compilation failed in require at /<<PKGBUILDDIR>>/t/strict_3.fail line 5.
# BEGIN failed--compilation aborted at /<<PKGBUILDDIR>>/t/strict_3.fail line 5.
# '
#     doesn't match '(?^:"\$z" can't appear after slurpy parameter "%y\")'

#   Failed test at t/strict.t line 24.
#                   'Attempt to reload Function/Parameters.pm aborted.
# Compilation failed in require at /<<PKGBUILDDIR>>/t/strict_4.fail line 5.
# BEGIN failed--compilation aborted at /<<PKGBUILDDIR>>/t/strict_4.fail line 5.
# '
#     doesn't match '(?^:"\@z" can't appear after slurpy parameter "\@y\")'

#   Failed test at t/strict.t line 24.
#                   'Attempt to reload Function/Parameters.pm aborted.
# Compilation failed in require at /<<PKGBUILDDIR>>/t/strict_5.fail line 9.
# BEGIN failed--compilation aborted at /<<PKGBUILDDIR>>/t/strict_5.fail line 9.
# '
#     doesn't match '(?^:Invalid.*rarity)'
# Looks like you failed 5 tests of 10.
t/strict.t .............................................. 
1..10
ok 1 - faulty code doesn't load
not ok 2
ok 3 - faulty code doesn't load
not ok 4
ok 5 - faulty code doesn't load
not ok 6
ok 7 - faulty code doesn't load
not ok 8
ok 9 - faulty code doesn't load
not ok 10
Dubious, test returned 5 (wstat 1280, 0x500)
Failed 5/10 subtests 
Can't load '/<<PKGBUILDDIR>>/blib/arch/auto/Function/Parameters/Parameters.so' for module Function::Parameters: /<<PKGBUILDDIR>>/blib/arch/auto/Function/Parameters/Parameters.so: undefined symbol: perl_tsa_mutex_lock at /usr/lib/x86_64-linux-gnu/perl/5.26/DynaLoader.pm line 187.
  at /<<PKGBUILDDIR>>/blib/lib/Function/Parameters.pm line 19.
BEGIN failed--compilation aborted at /<<PKGBUILDDIR>>/blib/lib/Function/Parameters.pm line 19.
Compilation failed in require at t/threads.t line 11.
BEGIN failed--compilation aborted at t/threads.t line 11.
# Looks like your test exited with 2 before it could output anything.
t/threads.t ............................................. 
1..2
Dubious, test returned 2 (wstat 512, 0x200)
Failed 2/2 subtests 
Thread 2 terminated abnormally: Can't load '/<<PKGBUILDDIR>>/blib/arch/auto/Function/Parameters/Parameters.so' for module Function::Parameters: /<<PKGBUILDDIR>>/blib/arch/auto/Function/Parameters/Parameters.so: undefined symbol: perl_tsa_mutex_lock at /usr/lib/x86_64-linux-gnu/perl/5.26/DynaLoader.pm line 187.
  at /<<PKGBUILDDIR>>/blib/lib/Function/Parameters.pm line 19 thread 2.
BEGIN failed--compilation aborted at /<<PKGBUILDDIR>>/blib/lib/Function/Parameters.pm line 19.
Compilation failed in require at t/threads2.t line 21.
Thread 1 terminated abnormally: Can't load '/<<PKGBUILDDIR>>/blib/arch/auto/Function/Parameters/Parameters.so' for module Function::Parameters: /<<PKGBUILDDIR>>/blib/arch/auto/Function/Parameters/Parameters.so: undefined symbol: perl_tsa_mutex_lock at /usr/lib/x86_64-linux-gnu/perl/5.26/DynaLoader.pm line 187.
  at /<<PKGBUILDDIR>>/blib/lib/Function/Parameters.pm line 19 thread 1.
BEGIN failed--compilation aborted at /<<PKGBUILDDIR>>/blib/lib/Function/Parameters.pm line 19.
Compilation failed in require at t/threads2.t line 21.
Thread 4 terminated abnormally: Can't load '/<<PKGBUILDDIR>>/blib/arch/auto/Function/Parameters/Parameters.so' for module Function::Parameters: /<<PKGBUILDDIR>>/blib/arch/auto/Function/Parameters/Parameters.so: undefined symbol: perl_tsa_mutex_lock at /usr/lib/x86_64-linux-gnu/perl/5.26/DynaLoader.pm line 187.
  at /<<PKGBUILDDIR>>/blib/lib/Function/Parameters.pm line 19 thread 4.
BEGIN failed--compilation aborted at /<<PKGBUILDDIR>>/blib/lib/Function/Parameters.pm line 19.
Compilation failed in require at t/threads2.t line 21.
Thread 3 terminated abnormally: Can't load '/<<PKGBUILDDIR>>/blib/arch/auto/Function/Parameters/Parameters.so' for module Function::Parameters: /<<PKGBUILDDIR>>/blib/arch/auto/Function/Parameters/Parameters.so: undefined symbol: perl_tsa_mutex_lock at /usr/lib/x86_64-linux-gnu/perl/5.26/DynaLoader.pm line 187.
  at /<<PKGBUILDDIR>>/blib/lib/Function/Parameters.pm line 19 thread 3.
BEGIN failed--compilation aborted at /<<PKGBUILDDIR>>/blib/lib/Function/Parameters.pm line 19.
Compilation failed in require at t/threads2.t line 21.
Thread 5 terminated abnormally: Can't load '/<<PKGBUILDDIR>>/blib/arch/auto/Function/Parameters/Parameters.so' for module Function::Parameters: /<<PKGBUILDDIR>>/blib/arch/auto/Function/Parameters/Parameters.so: undefined symbol: perl_tsa_mutex_lock at /usr/lib/x86_64-linux-gnu/perl/5.26/DynaLoader.pm line 187.
  at /<<PKGBUILDDIR>>/blib/lib/Function/Parameters.pm line 19 thread 5.
BEGIN failed--compilation aborted at /<<PKGBUILDDIR>>/blib/lib/Function/Parameters.pm line 19.
Compilation failed in require at t/threads2.t line 21.
t/threads2.t ............................................ 
1..1
ok 1 - we haven't crashed yet
ok
Can't load '/<<PKGBUILDDIR>>/blib/arch/auto/Function/Parameters/Parameters.so' for module Function::Parameters: /<<PKGBUILDDIR>>/blib/arch/auto/Function/Parameters/Parameters.so: undefined symbol: perl_tsa_mutex_lock at /usr/lib/x86_64-linux-gnu/perl/5.26/DynaLoader.pm line 187.
  at /<<PKGBUILDDIR>>/blib/lib/Function/Parameters.pm line 19.
BEGIN failed--compilation aborted at /<<PKGBUILDDIR>>/blib/lib/Function/Parameters.pm line 19.
Compilation failed in require at t/types_auto.t line 42.
BEGIN failed--compilation aborted at t/types_auto.t line 42.
# Looks like your test exited with 2 before it could output anything.
t/types_auto.t .......................................... 
1..12
Dubious, test returned 2 (wstat 512, 0x200)
Failed 12/12 subtests 
Can't load '/<<PKGBUILDDIR>>/blib/arch/auto/Function/Parameters/Parameters.so' for module Function::Parameters: /<<PKGBUILDDIR>>/blib/arch/auto/Function/Parameters/Parameters.so: undefined symbol: perl_tsa_mutex_lock at /usr/lib/x86_64-linux-gnu/perl/5.26/DynaLoader.pm line 187.
  at /<<PKGBUILDDIR>>/blib/lib/Function/Parameters.pm line 19.
BEGIN failed--compilation aborted at /<<PKGBUILDDIR>>/blib/lib/Function/Parameters.pm line 19.
Compilation failed in require at t/types_caller.t line 42.
BEGIN failed--compilation aborted at t/types_caller.t line 42.
# Looks like your test exited with 2 before it could output anything.
t/types_caller.t ........................................ 
1..20
Dubious, test returned 2 (wstat 512, 0x200)
Failed 20/20 subtests 
Can't load '/<<PKGBUILDDIR>>/blib/arch/auto/Function/Parameters/Parameters.so' for module Function::Parameters: /<<PKGBUILDDIR>>/blib/arch/auto/Function/Parameters/Parameters.so: undefined symbol: perl_tsa_mutex_lock at /usr/lib/x86_64-linux-gnu/perl/5.26/DynaLoader.pm line 187.
  at /<<PKGBUILDDIR>>/blib/lib/Function/Parameters.pm line 19.
BEGIN failed--compilation aborted at /<<PKGBUILDDIR>>/blib/lib/Function/Parameters.pm line 19.
Compilation failed in require at t/types_custom.t line 8.
BEGIN failed--compilation aborted at t/types_custom.t line 8.
# Looks like your test exited with 2 before it could output anything.
t/types_custom.t ........................................ 
1..8
Dubious, test returned 2 (wstat 512, 0x200)
Failed 8/8 subtests 
Can't load '/<<PKGBUILDDIR>>/blib/arch/auto/Function/Parameters/Parameters.so' for module Function::Parameters: /<<PKGBUILDDIR>>/blib/arch/auto/Function/Parameters/Parameters.so: undefined symbol: perl_tsa_mutex_lock at /usr/lib/x86_64-linux-gnu/perl/5.26/DynaLoader.pm line 187.
  at /<<PKGBUILDDIR>>/blib/lib/Function/Parameters.pm line 19.
BEGIN failed--compilation aborted at /<<PKGBUILDDIR>>/blib/lib/Function/Parameters.pm line 19.
Compilation failed in require at t/types_custom_2.t line 11.
BEGIN failed--compilation aborted at t/types_custom_2.t line 11.
# Looks like your test exited with 2 before it could output anything.
t/types_custom_2.t ...................................... 
1..4
Dubious, test returned 2 (wstat 512, 0x200)
Failed 4/4 subtests 
Can't load '/<<PKGBUILDDIR>>/blib/arch/auto/Function/Parameters/Parameters.so' for module Function::Parameters: /<<PKGBUILDDIR>>/blib/arch/auto/Function/Parameters/Parameters.so: undefined symbol: perl_tsa_mutex_lock at /usr/lib/x86_64-linux-gnu/perl/5.26/DynaLoader.pm line 187.
  at /<<PKGBUILDDIR>>/blib/lib/Function/Parameters.pm line 19.
BEGIN failed--compilation aborted at /<<PKGBUILDDIR>>/blib/lib/Function/Parameters.pm line 19.
Compilation failed in require at t/types_custom_3.t line 31.
BEGIN failed--compilation aborted at t/types_custom_3.t line 31.
# Looks like your test exited with 2 before it could output anything.
t/types_custom_3.t ...................................... 
1..8
Dubious, test returned 2 (wstat 512, 0x200)
Failed 8/8 subtests 
Can't load '/<<PKGBUILDDIR>>/blib/arch/auto/Function/Parameters/Parameters.so' for module Function::Parameters: /<<PKGBUILDDIR>>/blib/arch/auto/Function/Parameters/Parameters.so: undefined symbol: perl_tsa_mutex_lock at /usr/lib/x86_64-linux-gnu/perl/5.26/DynaLoader.pm line 187.
  at /<<PKGBUILDDIR>>/blib/lib/Function/Parameters.pm line 19.
BEGIN failed--compilation aborted at /<<PKGBUILDDIR>>/blib/lib/Function/Parameters.pm line 19.
Compilation failed in require at t/types_custom_4.t line 8.
BEGIN failed--compilation aborted at t/types_custom_4.t line 8.
# Looks like your test exited with 2 before it could output anything.
t/types_custom_4.t ...................................... 
1..8
Dubious, test returned 2 (wstat 512, 0x200)
Failed 8/8 subtests 
Can't load '/<<PKGBUILDDIR>>/blib/arch/auto/Function/Parameters/Parameters.so' for module Function::Parameters: /<<PKGBUILDDIR>>/blib/arch/auto/Function/Parameters/Parameters.so: undefined symbol: perl_tsa_mutex_lock at /usr/lib/x86_64-linux-gnu/perl/5.26/DynaLoader.pm line 187.
  at /<<PKGBUILDDIR>>/blib/lib/Function/Parameters.pm line 19.
BEGIN failed--compilation aborted at /<<PKGBUILDDIR>>/blib/lib/Function/Parameters.pm line 19.
Compilation failed in require at t/types_moose.t line 15.
BEGIN failed--compilation aborted at t/types_moose.t line 15.
# Looks like your test exited with 2 before it could output anything.
t/types_moose.t ......................................... 
1..49
Dubious, test returned 2 (wstat 512, 0x200)
Failed 49/49 subtests 
Can't load '/<<PKGBUILDDIR>>/blib/arch/auto/Function/Parameters/Parameters.so' for module Function::Parameters: /<<PKGBUILDDIR>>/blib/arch/auto/Function/Parameters/Parameters.so: undefined symbol: perl_tsa_mutex_lock at /usr/lib/x86_64-linux-gnu/perl/5.26/DynaLoader.pm line 187.
  at /<<PKGBUILDDIR>>/blib/lib/Function/Parameters.pm line 19.
BEGIN failed--compilation aborted at /<<PKGBUILDDIR>>/blib/lib/Function/Parameters.pm line 19.
Compilation failed in require at t/types_moose_2.t line 15.
BEGIN failed--compilation aborted at t/types_moose_2.t line 15.
# Looks like your test exited with 2 before it could output anything.
t/types_moose_2.t ....................................... 
1..49
Dubious, test returned 2 (wstat 512, 0x200)
Failed 49/49 subtests 
Can't load '/<<PKGBUILDDIR>>/blib/arch/auto/Function/Parameters/Parameters.so' for module Function::Parameters: /<<PKGBUILDDIR>>/blib/arch/auto/Function/Parameters/Parameters.so: undefined symbol: perl_tsa_mutex_lock at /usr/lib/x86_64-linux-gnu/perl/5.26/DynaLoader.pm line 187.
  at /<<PKGBUILDDIR>>/blib/lib/Function/Parameters.pm line 19.
BEGIN failed--compilation aborted at /<<PKGBUILDDIR>>/blib/lib/Function/Parameters.pm line 19.
Compilation failed in require at t/types_moose_3.t line 14.
BEGIN failed--compilation aborted at t/types_moose_3.t line 14.
# Looks like your test exited with 2 before it could output anything.
t/types_moose_3.t ....................................... 
1..49
Dubious, test returned 2 (wstat 512, 0x200)
Failed 49/49 subtests 
Can't load '/<<PKGBUILDDIR>>/blib/arch/auto/Function/Parameters/Parameters.so' for module Function::Parameters: /<<PKGBUILDDIR>>/blib/arch/auto/Function/Parameters/Parameters.so: undefined symbol: perl_tsa_mutex_lock at /usr/lib/x86_64-linux-gnu/perl/5.26/DynaLoader.pm line 187.
  at /<<PKGBUILDDIR>>/blib/lib/Function/Parameters.pm line 19.
BEGIN failed--compilation aborted at /<<PKGBUILDDIR>>/blib/lib/Function/Parameters.pm line 19.
Compilation failed in require at t/types_moosex.t line 13.
BEGIN failed--compilation aborted at t/types_moosex.t line 13.
# Looks like your test exited with 2 before it could output anything.
t/types_moosex.t ........................................ 
1..49
Dubious, test returned 2 (wstat 512, 0x200)
Failed 49/49 subtests 
Can't load '/<<PKGBUILDDIR>>/blib/arch/auto/Function/Parameters/Parameters.so' for module Function::Parameters: /<<PKGBUILDDIR>>/blib/arch/auto/Function/Parameters/Parameters.so: undefined symbol: perl_tsa_mutex_lock at /usr/lib/x86_64-linux-gnu/perl/5.26/DynaLoader.pm line 187.
  at /<<PKGBUILDDIR>>/blib/lib/Function/Parameters.pm line 19.
BEGIN failed--compilation aborted at /<<PKGBUILDDIR>>/blib/lib/Function/Parameters.pm line 19.
Compilation failed in require at t/types_moosex_2.t line 13.
BEGIN failed--compilation aborted at t/types_moosex_2.t line 13.
# Looks like your test exited with 2 before it could output anything.
t/types_moosex_2.t ...................................... 
1..34
Dubious, test returned 2 (wstat 512, 0x200)
Failed 34/34 subtests 
Can't load '/<<PKGBUILDDIR>>/blib/arch/auto/Function/Parameters/Parameters.so' for module Function::Parameters: /<<PKGBUILDDIR>>/blib/arch/auto/Function/Parameters/Parameters.so: undefined symbol: perl_tsa_mutex_lock at /usr/lib/x86_64-linux-gnu/perl/5.26/DynaLoader.pm line 187.
  at /<<PKGBUILDDIR>>/blib/lib/Function/Parameters.pm line 19.
BEGIN failed--compilation aborted at /<<PKGBUILDDIR>>/blib/lib/Function/Parameters.pm line 19.
Compilation failed in require at t/types_msg.t line 8.
BEGIN failed--compilation aborted at t/types_msg.t line 8.
# Looks like your test exited with 2 before it could output anything.
t/types_msg.t ........................................... 
1..13
Dubious, test returned 2 (wstat 512, 0x200)
Failed 13/13 subtests 
Can't load '/<<PKGBUILDDIR>>/blib/arch/auto/Function/Parameters/Parameters.so' for module Function::Parameters: /<<PKGBUILDDIR>>/blib/arch/auto/Function/Parameters/Parameters.so: undefined symbol: perl_tsa_mutex_lock at /usr/lib/x86_64-linux-gnu/perl/5.26/DynaLoader.pm line 187.
  at /<<PKGBUILDDIR>>/blib/lib/Function/Parameters.pm line 19.
BEGIN failed--compilation aborted at /<<PKGBUILDDIR>>/blib/lib/Function/Parameters.pm line 19.
Compilation failed in require at t/types_parse.t line 7.
BEGIN failed--compilation aborted at t/types_parse.t line 7.
t/types_parse.t ......................................... 
Dubious, test returned 2 (wstat 512, 0x200)
No subtests run 
Can't load '/<<PKGBUILDDIR>>/blib/arch/auto/Function/Parameters/Parameters.so' for module Function::Parameters: /<<PKGBUILDDIR>>/blib/arch/auto/Function/Parameters/Parameters.so: undefined symbol: perl_tsa_mutex_lock at /usr/lib/x86_64-linux-gnu/perl/5.26/DynaLoader.pm line 187.
  at /<<PKGBUILDDIR>>/blib/lib/Function/Parameters.pm line 19.
BEGIN failed--compilation aborted at /<<PKGBUILDDIR>>/blib/lib/Function/Parameters.pm line 19.
Compilation failed in require at t/unicode.t line 8.
BEGIN failed--compilation aborted at t/unicode.t line 8.
# Looks like your test exited with 2 before it could output anything.
t/unicode.t ............................................. 
1..19
Dubious, test returned 2 (wstat 512, 0x200)
Failed 19/19 subtests 
Can't load '/<<PKGBUILDDIR>>/blib/arch/auto/Function/Parameters/Parameters.so' for module Function::Parameters: /<<PKGBUILDDIR>>/blib/arch/auto/Function/Parameters/Parameters.so: undefined symbol: perl_tsa_mutex_lock at /usr/lib/x86_64-linux-gnu/perl/5.26/DynaLoader.pm line 187.
  at /<<PKGBUILDDIR>>/blib/lib/Function/Parameters.pm line 19.
BEGIN failed--compilation aborted at /<<PKGBUILDDIR>>/blib/lib/Function/Parameters.pm line 19.
Compilation failed in require at t/unicode2.t line 8.
BEGIN failed--compilation aborted at t/unicode2.t line 8.
# Looks like your test exited with 2 before it could output anything.
t/unicode2.t ............................................ 
1..25
Dubious, test returned 2 (wstat 512, 0x200)
Failed 25/25 subtests 

Test Summary Report
-------------------
t/00-load.t                                           (Wstat: 256 Tests: 1 Failed: 1)
  Failed test:  1
  Non-zero exit status: 1
t/01-compiles.t                                       (Wstat: 512 Tests: 0 Failed: 0)
  Non-zero exit status: 2
  Parse errors: Bad plan.  You planned 10 tests but ran 0.
t/02-compiles.t                                       (Wstat: 512 Tests: 0 Failed: 0)
  Non-zero exit status: 2
  Parse errors: Bad plan.  You planned 10 tests but ran 0.
t/03-compiles.t                                       (Wstat: 512 Tests: 0 Failed: 0)
  Non-zero exit status: 2
  Parse errors: Bad plan.  You planned 10 tests but ran 0.
t/attributes.t                                        (Wstat: 512 Tests: 0 Failed: 0)
  Non-zero exit status: 2
  Parse errors: Bad plan.  You planned 10 tests but ran 0.
t/bonus.t                                             (Wstat: 512 Tests: 0 Failed: 0)
  Non-zero exit status: 2
  Parse errors: Bad plan.  You planned 13 tests but ran 0.
t/checkered.t                                         (Wstat: 512 Tests: 0 Failed: 0)
  Non-zero exit status: 2
  Parse errors: Bad plan.  You planned 108 tests but ran 0.
t/checkered_2.t                                       (Wstat: 512 Tests: 0 Failed: 0)
  Non-zero exit status: 2
  Parse errors: Bad plan.  You planned 120 tests but ran 0.
t/checkered_3.t                                       (Wstat: 512 Tests: 0 Failed: 0)
  Non-zero exit status: 2
  Parse errors: Bad plan.  You planned 108 tests but ran 0.
t/checkered_4.t                                       (Wstat: 512 Tests: 0 Failed: 0)
  Non-zero exit status: 2
  Parse errors: Bad plan.  You planned 108 tests but ran 0.
t/croak.t                                             (Wstat: 512 Tests: 0 Failed: 0)
  Non-zero exit status: 2
  Parse errors: Bad plan.  You planned 12 tests but ran 0.
t/defaults.t                                          (Wstat: 512 Tests: 0 Failed: 0)
  Non-zero exit status: 2
  Parse errors: Bad plan.  You planned 46 tests but ran 0.
t/defaults_bare.t                                     (Wstat: 512 Tests: 0 Failed: 0)
  Non-zero exit status: 2
  Parse errors: Bad plan.  You planned 13 tests but ran 0.
t/defaults_regress.t                                  (Wstat: 512 Tests: 0 Failed: 0)
  Non-zero exit status: 2
  Parse errors: Bad plan.  You planned 3 tests but ran 0.
t/eating_strict_error.t                               (Wstat: 512 Tests: 4 Failed: 2)
  Failed tests:  2, 4
  Non-zero exit status: 2
t/elsewhere.t                                         (Wstat: 512 Tests: 0 Failed: 0)
  Non-zero exit status: 2
  Parse errors: No plan found in TAP output
t/eval.t                                              (Wstat: 512 Tests: 0 Failed: 0)
  Non-zero exit status: 2
  Parse errors: No plan found in TAP output
t/foreign/Fun/anon.t                                  (Wstat: 512 Tests: 0 Failed: 0)
  Non-zero exit status: 2
  Parse errors: No plan found in TAP output
t/foreign/Fun/basic.t                                 (Wstat: 512 Tests: 0 Failed: 0)
  Non-zero exit status: 2
  Parse errors: No plan found in TAP output
t/foreign/Fun/closure-proto.t                         (Wstat: 512 Tests: 0 Failed: 0)
  Non-zero exit status: 2
  Parse errors: No plan found in TAP output
t/foreign/Fun/compile-time.t                          (Wstat: 512 Tests: 0 Failed: 0)
  Non-zero exit status: 2
  Parse errors: No plan found in TAP output
t/foreign/Fun/defaults.t                              (Wstat: 512 Tests: 0 Failed: 0)
  Non-zero exit status: 2
  Parse errors: No plan found in TAP output
t/foreign/Fun/name.t                                  (Wstat: 512 Tests: 0 Failed: 0)
  Non-zero exit status: 2
  Parse errors: No plan found in TAP output
t/foreign/Fun/package.t                               (Wstat: 512 Tests: 0 Failed: 0)
  Non-zero exit status: 2
  Parse errors: No plan found in TAP output
t/foreign/Fun/recursion.t                             (Wstat: 512 Tests: 0 Failed: 0)
  Non-zero exit status: 2
  Parse errors: No plan found in TAP output
t/foreign/Fun/slurpy-syntax-errors.t                  (Wstat: 512 Tests: 0 Failed: 0)
  Non-zero exit status: 2
  Parse errors: No plan found in TAP output
t/foreign/Fun/slurpy.t                                (Wstat: 512 Tests: 0 Failed: 0)
  Non-zero exit status: 2
  Parse errors: No plan found in TAP output
t/foreign/Fun/state.t                                 (Wstat: 512 Tests: 0 Failed: 0)
  Non-zero exit status: 2
  Parse errors: No plan found in TAP output
t/foreign/Method-Signatures-Simple/02-use.t           (Wstat: 65280 Tests: 1 Failed: 1)
  Failed test:  1
  Non-zero exit status: 255
  Parse errors: Bad plan.  You planned 7 tests but ran 1.
t/foreign/Method-Signatures-Simple/03-config.t        (Wstat: 512 Tests: 0 Failed: 0)
  Non-zero exit status: 2
  Parse errors: Bad plan.  You planned 3 tests but ran 0.
t/foreign/Method-Signatures-Simple/RT80505.t          (Wstat: 512 Tests: 0 Failed: 0)
  Non-zero exit status: 2
  Parse errors: Bad plan.  You planned 2 tests but ran 0.
t/foreign/Method-Signatures-Simple/RT80507.t          (Wstat: 512 Tests: 0 Failed: 0)
  Non-zero exit status: 2
  Parse errors: No plan found in TAP output
t/foreign/Method-Signatures-Simple/RT80508.t          (Wstat: 512 Tests: 0 Failed: 0)
  Non-zero exit status: 2
  Parse errors: Bad plan.  You planned 1 tests but ran 0.
t/foreign/Method-Signatures-Simple/RT80510.t          (Wstat: 512 Tests: 0 Failed: 0)
  Non-zero exit status: 2
  Parse errors: Bad plan.  You planned 2 tests but ran 0.
t/foreign/Method-Signatures/anon.t                    (Wstat: 512 Tests: 0 Failed: 0)
  Non-zero exit status: 2
t/foreign/Method-Signatures/array_param.t             (Wstat: 512 Tests: 0 Failed: 0)
  Non-zero exit status: 2
  Parse errors: Bad plan.  You planned 3 tests but ran 0.
t/foreign/Method-Signatures/at_underscore.t           (Wstat: 512 Tests: 0 Failed: 0)
  Non-zero exit status: 2
  Parse errors: No plan found in TAP output
t/foreign/Method-Signatures/attributes.t              (Wstat: 512 Tests: 0 Failed: 0)
  Non-zero exit status: 2
t/foreign/Method-Signatures/begin.t                   (Wstat: 512 Tests: 0 Failed: 0)
  Non-zero exit status: 2
  Parse errors: No plan found in TAP output
t/foreign/Method-Signatures/caller.t                  (Wstat: 512 Tests: 0 Failed: 0)
  Non-zero exit status: 2
t/foreign/Method-Signatures/comments.t                (Wstat: 512 Tests: 0 Failed: 0)
  Non-zero exit status: 2
  Parse errors: Bad plan.  You planned 5 tests but ran 0.
t/foreign/Method-Signatures/defaults.t                (Wstat: 512 Tests: 0 Failed: 0)
  Non-zero exit status: 2
t/foreign/Method-Signatures/error_interruption.t      (Wstat: 256 Tests: 1 Failed: 1)
  Failed test:  1
  Non-zero exit status: 1
t/foreign/Method-Signatures/func.t                    (Wstat: 512 Tests: 0 Failed: 0)
  Non-zero exit status: 2
  Parse errors: Bad plan.  You planned 1 tests but ran 0.
t/foreign/Method-Signatures/into.t                    (Wstat: 512 Tests: 0 Failed: 0)
  Non-zero exit status: 2
t/foreign/Method-Signatures/invocant.t                (Wstat: 512 Tests: 0 Failed: 0)
  Non-zero exit status: 2
  Parse errors: Bad plan.  You planned 6 tests but ran 0.
t/foreign/Method-Signatures/larna.t                   (Wstat: 512 Tests: 0 Failed: 0)
  Non-zero exit status: 2
  Parse errors: No plan found in TAP output
t/foreign/Method-Signatures/method.t                  (Wstat: 512 Tests: 0 Failed: 0)
  Non-zero exit status: 2
t/foreign/Method-Signatures/named.t                   (Wstat: 512 Tests: 0 Failed: 0)
  Non-zero exit status: 2
  Parse errors: No plan found in TAP output
t/foreign/Method-Signatures/odd_number.t              (Wstat: 512 Tests: 0 Failed: 0)
  Non-zero exit status: 2
  Parse errors: Bad plan.  You planned 1 tests but ran 0.
t/foreign/Method-Signatures/one_line.t                (Wstat: 512 Tests: 0 Failed: 0)
  Non-zero exit status: 2
  Parse errors: Bad plan.  You planned 1 tests but ran 0.
t/foreign/Method-Signatures/optional.t                (Wstat: 512 Tests: 0 Failed: 0)
  Non-zero exit status: 2
  Parse errors: No plan found in TAP output
t/foreign/Method-Signatures/paren_on_own_line.t       (Wstat: 512 Tests: 0 Failed: 0)
  Non-zero exit status: 2
  Parse errors: No plan found in TAP output
t/foreign/Method-Signatures/paren_plus_open_block.t   (Wstat: 512 Tests: 0 Failed: 0)
  Non-zero exit status: 2
t/foreign/Method-Signatures/required.t                (Wstat: 512 Tests: 0 Failed: 0)
  Non-zero exit status: 2
  Parse errors: No plan found in TAP output
t/foreign/Method-Signatures/slurpy.t                  (Wstat: 512 Tests: 0 Failed: 0)
  Non-zero exit status: 2
  Parse errors: No plan found in TAP output
t/foreign/Method-Signatures/syntax_errors.t           (Wstat: 256 Tests: 2 Failed: 1)
  Failed test:  2
  Non-zero exit status: 1
t/foreign/Method-Signatures/too_many_args.t           (Wstat: 512 Tests: 0 Failed: 0)
  Non-zero exit status: 2
  Parse errors: No plan found in TAP output
t/foreign/Method-Signatures/trailing_comma.t          (Wstat: 512 Tests: 0 Failed: 0)
  Non-zero exit status: 2
  Parse errors: No plan found in TAP output
t/foreign/Method-Signatures/type_check.t              (Wstat: 512 Tests: 0 Failed: 0)
  Non-zero exit status: 2
  Parse errors: No plan found in TAP output
t/foreign/Method-Signatures/typeload_moose.t          (Wstat: 512 Tests: 0 Failed: 0)
  Non-zero exit status: 2
  Parse errors: No plan found in TAP output
t/foreign/Method-Signatures/typeload_notypes.t        (Wstat: 512 Tests: 0 Failed: 0)
  Non-zero exit status: 2
  Parse errors: No plan found in TAP output
t/foreign/MooseX-Method-Signatures/attributes.t       (Wstat: 512 Tests: 0 Failed: 0)
  Non-zero exit status: 2
  Parse errors: Bad plan.  You planned 2 tests but ran 0.
t/foreign/MooseX-Method-Signatures/caller.t           (Wstat: 512 Tests: 0 Failed: 0)
  Non-zero exit status: 2
  Parse errors: Bad plan.  You planned 1 tests but ran 0.
t/foreign/MooseX-Method-Signatures/closure.t          (Wstat: 512 Tests: 0 Failed: 0)
  Non-zero exit status: 2
  Parse errors: Bad plan.  You planned 7 tests but ran 0.
t/foreign/MooseX-Method-Signatures/errors.t           (Wstat: 768 Tests: 4 Failed: 3)
  Failed tests:  2-4
  Non-zero exit status: 3
t/foreign/MooseX-Method-Signatures/eval.t             (Wstat: 512 Tests: 0 Failed: 0)
  Non-zero exit status: 2
  Parse errors: Bad plan.  You planned 3 tests but ran 0.
t/foreign/MooseX-Method-Signatures/list.t             (Wstat: 512 Tests: 0 Failed: 0)
  Non-zero exit status: 2
  Parse errors: Bad plan.  You planned 25 tests but ran 0.
t/foreign/MooseX-Method-Signatures/named_defaults.t   (Wstat: 512 Tests: 0 Failed: 0)
  Non-zero exit status: 2
  Parse errors: No plan found in TAP output
t/foreign/MooseX-Method-Signatures/no_signature.t     (Wstat: 512 Tests: 0 Failed: 0)
  Non-zero exit status: 2
  Parse errors: No plan found in TAP output
t/foreign/MooseX-Method-Signatures/precedence.t       (Wstat: 512 Tests: 0 Failed: 0)
  Non-zero exit status: 2
  Parse errors: Bad plan.  You planned 4 tests but ran 0.
t/foreign/MooseX-Method-Signatures/sigs-optional.t    (Wstat: 512 Tests: 0 Failed: 0)
  Non-zero exit status: 2
  Parse errors: Bad plan.  You planned 4 tests but ran 0.
t/foreign/MooseX-Method-Signatures/too_many_args.t    (Wstat: 512 Tests: 0 Failed: 0)
  Non-zero exit status: 2
  Parse errors: No plan found in TAP output
t/foreign/MooseX-Method-Signatures/type_alias.t       (Wstat: 512 Tests: 0 Failed: 0)
  Non-zero exit status: 2
  Parse errors: Bad plan.  You planned 2 tests but ran 0.
t/foreign/MooseX-Method-Signatures/types.t            (Wstat: 512 Tests: 0 Failed: 0)
  Non-zero exit status: 2
  Parse errors: Bad plan.  You planned 4 tests but ran 0.
t/foreign/MooseX-Method-Signatures/undef_method_arg.t (Wstat: 512 Tests: 0 Failed: 0)
  Non-zero exit status: 2
  Parse errors: No plan found in TAP output
t/foreign/MooseX-Method-Signatures/undef_method_arg2.t (Wstat: 512 Tests: 0 Failed: 0)
  Non-zero exit status: 2
  Parse errors: Bad plan.  You planned 4 tests but ran 0.
t/foreign/perl/signatures.t                           (Wstat: 512 Tests: 0 Failed: 0)
  Non-zero exit status: 2
  Parse errors: Bad plan.  You planned 842 tests but ran 0.
t/foreign/signatures/anon.t                           (Wstat: 512 Tests: 0 Failed: 0)
  Non-zero exit status: 2
  Parse errors: Bad plan.  You planned 1 tests but ran 0.
t/foreign/signatures/basic.t                          (Wstat: 512 Tests: 0 Failed: 0)
  Non-zero exit status: 2
  Parse errors: Bad plan.  You planned 5 tests but ran 0.
t/foreign/signatures/eval.t                           (Wstat: 512 Tests: 0 Failed: 0)
  Non-zero exit status: 2
  Parse errors: Bad plan.  You planned 8 tests but ran 0.
t/foreign/signatures/proto.t                          (Wstat: 512 Tests: 1 Failed: 0)
  Non-zero exit status: 2
  Parse errors: Bad plan.  You planned 7 tests but ran 1.
t/foreign/signatures/weird.t                          (Wstat: 512 Tests: 0 Failed: 0)
  Non-zero exit status: 2
  Parse errors: Bad plan.  You planned 2 tests but ran 0.
t/gorn.t                                              (Wstat: 512 Tests: 0 Failed: 0)
  Non-zero exit status: 2
  Parse errors: Bad plan.  You planned 4 tests but ran 0.
t/hueg.t                                              (Wstat: 512 Tests: 0 Failed: 0)
  Non-zero exit status: 2
  Parse errors: Bad plan.  You planned 1 tests but ran 0.
t/imports.t                                           (Wstat: 512 Tests: 0 Failed: 0)
  Non-zero exit status: 2
  Parse errors: Bad plan.  You planned 58 tests but ran 0.
t/info.t                                              (Wstat: 512 Tests: 0 Failed: 0)
  Non-zero exit status: 2
  Parse errors: Bad plan.  You planned 140 tests but ran 0.
t/install.t                                           (Wstat: 512 Tests: 0 Failed: 0)
  Non-zero exit status: 2
  Parse errors: Bad plan.  You planned 22 tests but ran 0.
t/invocant.t                                          (Wstat: 512 Tests: 0 Failed: 0)
  Non-zero exit status: 2
  Parse errors: Bad plan.  You planned 67 tests but ran 0.
t/lexical.t                                           (Wstat: 512 Tests: 0 Failed: 0)
  Non-zero exit status: 2
  Parse errors: Bad plan.  You planned 16 tests but ran 0.
t/lifetime.t                                          (Wstat: 512 Tests: 0 Failed: 0)
  Non-zero exit status: 2
  Parse errors: Bad plan.  You planned 12 tests but ran 0.
t/lineno-torture.t                                    (Wstat: 512 Tests: 0 Failed: 0)
  Non-zero exit status: 2
  Parse errors: No plan found in TAP output
t/lineno.t                                            (Wstat: 512 Tests: 0 Failed: 0)
  Non-zero exit status: 2
  Parse errors: Bad plan.  You planned 11 tests but ran 0.
t/method_cache.t                                      (Wstat: 512 Tests: 0 Failed: 0)
  Non-zero exit status: 2
  Parse errors: Bad plan.  You planned 2 tests but ran 0.
t/method_runtime.t                                    (Wstat: 512 Tests: 0 Failed: 0)
  Non-zero exit status: 2
  Parse errors: Bad plan.  You planned 29 tests but ran 0.
t/name.t                                              (Wstat: 512 Tests: 0 Failed: 0)
  Non-zero exit status: 2
  Parse errors: Bad plan.  You planned 12 tests but ran 0.
t/named_params.t                                      (Wstat: 512 Tests: 0 Failed: 0)
  Non-zero exit status: 2
  Parse errors: Bad plan.  You planned 134 tests but ran 0.
t/precedence.t                                        (Wstat: 512 Tests: 0 Failed: 0)
  Non-zero exit status: 2
  Parse errors: Bad plan.  You planned 11 tests but ran 0.
t/prototype.t                                         (Wstat: 512 Tests: 0 Failed: 0)
  Non-zero exit status: 2
  Parse errors: Bad plan.  You planned 73 tests but ran 0.
t/recursion.t                                         (Wstat: 512 Tests: 0 Failed: 0)
  Non-zero exit status: 2
  Parse errors: Bad plan.  You planned 26 tests but ran 0.
t/regress.t                                           (Wstat: 512 Tests: 0 Failed: 0)
  Non-zero exit status: 2
  Parse errors: Bad plan.  You planned 21 tests but ran 0.
t/rename.t                                            (Wstat: 512 Tests: 0 Failed: 0)
  Non-zero exit status: 2
  Parse errors: No plan found in TAP output
t/strict.t                                            (Wstat: 1280 Tests: 10 Failed: 5)
  Failed tests:  2, 4, 6, 8, 10
  Non-zero exit status: 5
t/threads.t                                           (Wstat: 512 Tests: 0 Failed: 0)
  Non-zero exit status: 2
  Parse errors: Bad plan.  You planned 2 tests but ran 0.
t/types_auto.t                                        (Wstat: 512 Tests: 0 Failed: 0)
  Non-zero exit status: 2
  Parse errors: Bad plan.  You planned 12 tests but ran 0.
t/types_caller.t                                      (Wstat: 512 Tests: 0 Failed: 0)
  Non-zero exit status: 2
  Parse errors: Bad plan.  You planned 20 tests but ran 0.
t/types_custom.t                                      (Wstat: 512 Tests: 0 Failed: 0)
  Non-zero exit status: 2
  Parse errors: Bad plan.  You planned 8 tests but ran 0.
t/types_custom_2.t                                    (Wstat: 512 Tests: 0 Failed: 0)
  Non-zero exit status: 2
  Parse errors: Bad plan.  You planned 4 tests but ran 0.
t/types_custom_3.t                                    (Wstat: 512 Tests: 0 Failed: 0)
  Non-zero exit status: 2
  Parse errors: Bad plan.  You planned 8 tests but ran 0.
t/types_custom_4.t                                    (Wstat: 512 Tests: 0 Failed: 0)
  Non-zero exit status: 2
  Parse errors: Bad plan.  You planned 8 tests but ran 0.
t/types_moose.t                                       (Wstat: 512 Tests: 0 Failed: 0)
  Non-zero exit status: 2
  Parse errors: Bad plan.  You planned 49 tests but ran 0.
t/types_moose_2.t                                     (Wstat: 512 Tests: 0 Failed: 0)
  Non-zero exit status: 2
  Parse errors: Bad plan.  You planned 49 tests but ran 0.
t/types_moose_3.t                                     (Wstat: 512 Tests: 0 Failed: 0)
  Non-zero exit status: 2
  Parse errors: Bad plan.  You planned 49 tests but ran 0.
t/types_moosex.t                                      (Wstat: 512 Tests: 0 Failed: 0)
  Non-zero exit status: 2
  Parse errors: Bad plan.  You planned 49 tests but ran 0.
t/types_moosex_2.t                                    (Wstat: 512 Tests: 0 Failed: 0)
  Non-zero exit status: 2
  Parse errors: Bad plan.  You planned 34 tests but ran 0.
t/types_msg.t                                         (Wstat: 512 Tests: 0 Failed: 0)
  Non-zero exit status: 2
  Parse errors: Bad plan.  You planned 13 tests but ran 0.
t/types_parse.t                                       (Wstat: 512 Tests: 0 Failed: 0)
  Non-zero exit status: 2
  Parse errors: No plan found in TAP output
t/unicode.t                                           (Wstat: 512 Tests: 0 Failed: 0)
  Non-zero exit status: 2
  Parse errors: Bad plan.  You planned 19 tests but ran 0.
t/unicode2.t                                          (Wstat: 512 Tests: 0 Failed: 0)
  Non-zero exit status: 2
  Parse errors: Bad plan.  You planned 25 tests but ran 0.
Files=120, Tests=25,  7 wallclock secs ( 0.21 usr  0.08 sys +  5.64 cusr  0.65 csys =  6.58 CPU)
Result: FAIL
Failed 119/120 test programs. 14/25 subtests failed.
make[1]: *** [Makefile:1055: test_dynamic] Error 2
make[1]: Leaving directory '/<<PKGBUILDDIR>>'
dh_auto_test: make -j1 test TEST_VERBOSE=1 returned exit code 2
make: *** [debian/rules:6: build-arch] Error 2
dpkg-buildpackage: error: debian/rules build-arch subprocess returned exit status 2
--------------------------------------------------------------------------------
Build finished at 2018-05-02T13:31:05Z

Finished
--------


+------------------------------------------------------------------------------+
| Cleanup                                                                      |
+------------------------------------------------------------------------------+

Purging /<<BUILDDIR>>
Not cleaning session: cloned chroot in use
E: Build failure (dpkg-buildpackage died)

+------------------------------------------------------------------------------+
| Summary                                                                      |
+------------------------------------------------------------------------------+

Build Architecture: amd64
Build Type: any
Build-Space: 1760
Build-Time: 9
Distribution: unstable
Fail-Stage: build
Host Architecture: amd64
Install-Time: 8
Job: libfunction-parameters-perl_2.001003-1
Machine Architecture: amd64
Package: libfunction-parameters-perl
Package-Time: 30
Source-Version: 2.001003-1
Space: 1760
Status: attempted
Version: 2.001003-1
--------------------------------------------------------------------------------
Finished at 2018-05-02T13:31:05Z
Build needed 00:00:30, 1760k disk space
E: Build failure (dpkg-buildpackage died)
DC-Status: Failed 31.055379548s
