DC-Build-Header: librdkafka 0.11.4-1 / 2018-05-02 13:29:28 +0000
DC-Task: type:rebuild-binarch-only source:librdkafka version:0.11.4-1 chroot:unstable esttime:34 logfile:/tmp/librdkafka_0.11.4-1_unstable_clang60.log modes:clang60:binarch-only
DC-Sbuild-call: su user42 -c 'sbuild -n --arch-any --apt-update -d unstable -v  --chroot-setup-commands=/tmp/clang60 librdkafka_0.11.4-1'
sbuild (Debian sbuild) 0.73.0 (23 Dec 2016) on ip-172-31-9-42.eu-central-1.compute.internal

+==============================================================================+
| librdkafka 0.11.4-1 (amd64)                  Wed, 02 May 2018 13:29:28 +0000 |
+==============================================================================+

Package: librdkafka
Version: 0.11.4-1
Source Version: 0.11.4-1
Distribution: unstable
Machine Architecture: amd64
Host Architecture: amd64
Build Architecture: amd64
Build Type: any

I: NOTICE: Log filtering will replace 'var/run/schroot/mount/unstable-amd64-sbuild-3ae37bd2-51d2-41a9-9714-03dd12f0528f' with '<<CHROOT>>'

+------------------------------------------------------------------------------+
| Chroot Setup Commands                                                        |
+------------------------------------------------------------------------------+


/tmp/clang60
------------

+ echo 'Entering customization script...'
Entering customization script...
+ CLANG_VERSION=6.0
+ echo 'Install of clang-6.0'
Install of clang-6.0
+ apt-get update
Get:1 http://127.0.0.1:9999/debian unstable InRelease [242 kB]
Get:2 http://127.0.0.1:9999/debian unstable/main Sources.diff/Index [27.9 kB]
Get:3 http://127.0.0.1:9999/debian unstable/main amd64 Packages.diff/Index [27.9 kB]
Get:4 http://127.0.0.1:9999/debian unstable/main Sources 2018-05-02-0830.09.pdiff [16.2 kB]
Get:4 http://127.0.0.1:9999/debian unstable/main Sources 2018-05-02-0830.09.pdiff [16.2 kB]
Get:5 http://127.0.0.1:9999/debian unstable/main amd64 Packages 2018-05-02-0830.09.pdiff [1781 B]
Get:5 http://127.0.0.1:9999/debian unstable/main amd64 Packages 2018-05-02-0830.09.pdiff [1781 B]
Get:6 http://127.0.0.1:9999/debian unstable/main Translation-en [6016 kB]
Fetched 6332 kB in 2s (2696 kB/s)
Reading package lists...
+ apt-get install --yes --no-install-recommends --force-yes clang-6.0
Reading package lists...
Building dependency tree...
Reading state information...
The following additional packages will be installed:
  lib32gcc1 lib32stdc++6 libbsd0 libc6-i386 libclang-common-6.0-dev
  libclang1-6.0 libedit2 libjsoncpp1 libllvm6.0 libncurses5 libobjc-7-dev
  libobjc4
Suggested packages:
  gnustep gnustep-devel clang-6.0-doc
Recommended packages:
  llvm-6.0-dev python libomp-dev libgpm2
The following NEW packages will be installed:
  clang-6.0 lib32gcc1 lib32stdc++6 libbsd0 libc6-i386 libclang-common-6.0-dev
  libclang1-6.0 libedit2 libjsoncpp1 libllvm6.0 libncurses5 libobjc-7-dev
  libobjc4
0 upgraded, 13 newly installed, 0 to remove and 0 not upgraded.
Need to get 37.7 MB of archives.
After this operation, 187 MB of additional disk space will be used.
Get:1 http://127.0.0.1:9999/debian unstable/main amd64 libjsoncpp1 amd64 1.7.4-3 [75.6 kB]
Get:2 http://127.0.0.1:9999/debian unstable/main amd64 libbsd0 amd64 0.8.7-1 [92.1 kB]
Get:3 http://127.0.0.1:9999/debian unstable/main amd64 libncurses5 amd64 6.1+20180210-2 [95.7 kB]
Get:4 http://127.0.0.1:9999/debian unstable/main amd64 libedit2 amd64 3.1-20170329-1 [85.2 kB]
Get:5 http://127.0.0.1:9999/debian unstable/main amd64 libllvm6.0 amd64 1:6.0-3 [14.5 MB]
Get:6 http://127.0.0.1:9999/debian unstable/main amd64 libobjc4 amd64 8-20180425-1 [52.4 kB]
Get:7 http://127.0.0.1:9999/debian unstable/main amd64 libobjc-7-dev amd64 7.3.0-17 [204 kB]
Get:8 http://127.0.0.1:9999/debian unstable/main amd64 libc6-i386 amd64 2.27-3 [2855 kB]
Get:9 http://127.0.0.1:9999/debian unstable/main amd64 lib32gcc1 amd64 1:8-20180425-1 [47.8 kB]
Get:10 http://127.0.0.1:9999/debian unstable/main amd64 lib32stdc++6 amd64 8-20180425-1 [406 kB]
Get:11 http://127.0.0.1:9999/debian unstable/main amd64 libclang-common-6.0-dev amd64 1:6.0-3 [3102 kB]
Get:12 http://127.0.0.1:9999/debian unstable/main amd64 libclang1-6.0 amd64 1:6.0-3 [6995 kB]
Get:13 http://127.0.0.1:9999/debian unstable/main amd64 clang-6.0 amd64 1:6.0-3 [9175 kB]
debconf: delaying package configuration, since apt-utils is not installed
Fetched 37.7 MB in 0s (94.5 MB/s)
Selecting previously unselected package libjsoncpp1:amd64.
(Reading database ... (Reading database ... 5%(Reading database ... 10%(Reading database ... 15%(Reading database ... 20%(Reading database ... 25%(Reading database ... 30%(Reading database ... 35%(Reading database ... 40%(Reading database ... 45%(Reading database ... 50%(Reading database ... 55%(Reading database ... 60%(Reading database ... 65%(Reading database ... 70%(Reading database ... 75%(Reading database ... 80%(Reading database ... 85%(Reading database ... 90%(Reading database ... 95%(Reading database ... 100%(Reading database ... 10022 files and directories currently installed.)
Preparing to unpack .../00-libjsoncpp1_1.7.4-3_amd64.deb ...
Unpacking libjsoncpp1:amd64 (1.7.4-3) ...
Selecting previously unselected package libbsd0:amd64.
Preparing to unpack .../01-libbsd0_0.8.7-1_amd64.deb ...
Unpacking libbsd0:amd64 (0.8.7-1) ...
Selecting previously unselected package libncurses5:amd64.
Preparing to unpack .../02-libncurses5_6.1+20180210-2_amd64.deb ...
Unpacking libncurses5:amd64 (6.1+20180210-2) ...
Selecting previously unselected package libedit2:amd64.
Preparing to unpack .../03-libedit2_3.1-20170329-1_amd64.deb ...
Unpacking libedit2:amd64 (3.1-20170329-1) ...
Selecting previously unselected package libllvm6.0:amd64.
Preparing to unpack .../04-libllvm6.0_1%3a6.0-3_amd64.deb ...
Unpacking libllvm6.0:amd64 (1:6.0-3) ...
Selecting previously unselected package libobjc4:amd64.
Preparing to unpack .../05-libobjc4_8-20180425-1_amd64.deb ...
Unpacking libobjc4:amd64 (8-20180425-1) ...
Selecting previously unselected package libobjc-7-dev:amd64.
Preparing to unpack .../06-libobjc-7-dev_7.3.0-17_amd64.deb ...
Unpacking libobjc-7-dev:amd64 (7.3.0-17) ...
Selecting previously unselected package libc6-i386.
Preparing to unpack .../07-libc6-i386_2.27-3_amd64.deb ...
Unpacking libc6-i386 (2.27-3) ...
Selecting previously unselected package lib32gcc1.
Preparing to unpack .../08-lib32gcc1_1%3a8-20180425-1_amd64.deb ...
Unpacking lib32gcc1 (1:8-20180425-1) ...
Selecting previously unselected package lib32stdc++6.
Preparing to unpack .../09-lib32stdc++6_8-20180425-1_amd64.deb ...
Unpacking lib32stdc++6 (8-20180425-1) ...
Selecting previously unselected package libclang-common-6.0-dev.
Preparing to unpack .../10-libclang-common-6.0-dev_1%3a6.0-3_amd64.deb ...
Unpacking libclang-common-6.0-dev (1:6.0-3) ...
Selecting previously unselected package libclang1-6.0:amd64.
Preparing to unpack .../11-libclang1-6.0_1%3a6.0-3_amd64.deb ...
Unpacking libclang1-6.0:amd64 (1:6.0-3) ...
Selecting previously unselected package clang-6.0.
Preparing to unpack .../12-clang-6.0_1%3a6.0-3_amd64.deb ...
Unpacking clang-6.0 (1:6.0-3) ...
Setting up libncurses5:amd64 (6.1+20180210-2) ...
Setting up libobjc4:amd64 (8-20180425-1) ...
Setting up libc6-i386 (2.27-3) ...
Setting up libbsd0:amd64 (0.8.7-1) ...
Setting up libobjc-7-dev:amd64 (7.3.0-17) ...
Processing triggers for libc-bin (2.27-3) ...
Setting up lib32gcc1 (1:8-20180425-1) ...
Setting up libjsoncpp1:amd64 (1.7.4-3) ...
Setting up libedit2:amd64 (3.1-20170329-1) ...
Setting up libllvm6.0:amd64 (1:6.0-3) ...
Setting up libclang1-6.0:amd64 (1:6.0-3) ...
Setting up lib32stdc++6 (8-20180425-1) ...
Setting up libclang-common-6.0-dev (1:6.0-3) ...
Setting up clang-6.0 (1:6.0-3) ...
Processing triggers for libc-bin (2.27-3) ...
W: --force-yes is deprecated, use one of the options starting with --allow instead.
+ echo 'Replace gcc, g++ & cpp by clang'
Replace gcc, g++ & cpp by clang
+ VERSIONS='4.6 4.7 4.8 4.9 5 6 7 8'
+ cd /usr/bin
+ for VERSION in $VERSIONS
+ rm -f g++-4.6 gcc-4.6 cpp-4.6 gcc
+ ln -s clang++-6.0 g++-4.6
+ ln -s clang-6.0 gcc-4.6
+ ln -s clang-6.0 cpp-4.6
+ ln -s clang-6.0 gcc
+ echo 'gcc-4.6 hold'
+ dpkg --set-selections
dpkg: warning: package not in status nor available database at line 1: gcc-4.6
dpkg: warning: found unknown packages; this might mean the available database
is outdated, and needs to be updated through a frontend method;
please see the FAQ <https://wiki.debian.org/Teams/Dpkg/FAQ>
+ echo 'g++-4.6 hold'
+ dpkg --set-selections
dpkg: warning: package not in status nor available database at line 1: g++-4.6
dpkg: warning: found unknown packages; this might mean the available database
is outdated, and needs to be updated through a frontend method;
please see the FAQ <https://wiki.debian.org/Teams/Dpkg/FAQ>
+ for VERSION in $VERSIONS
+ rm -f g++-4.7 gcc-4.7 cpp-4.7 gcc
+ ln -s clang++-6.0 g++-4.7
+ ln -s clang-6.0 gcc-4.7
+ ln -s clang-6.0 cpp-4.7
+ ln -s clang-6.0 gcc
+ echo 'gcc-4.7 hold'
+ dpkg --set-selections
dpkg: warning: package not in status nor available database at line 1: gcc-4.7
dpkg: warning: found unknown packages; this might mean the available database
is outdated, and needs to be updated through a frontend method;
please see the FAQ <https://wiki.debian.org/Teams/Dpkg/FAQ>
+ echo 'g++-4.7 hold'
+ dpkg --set-selections
dpkg: warning: package not in status nor available database at line 1: g++-4.7
dpkg: warning: found unknown packages; this might mean the available database
is outdated, and needs to be updated through a frontend method;
please see the FAQ <https://wiki.debian.org/Teams/Dpkg/FAQ>
+ for VERSION in $VERSIONS
+ rm -f g++-4.8 gcc-4.8 cpp-4.8 gcc
+ ln -s clang++-6.0 g++-4.8
+ ln -s clang-6.0 gcc-4.8
+ ln -s clang-6.0 cpp-4.8
+ ln -s clang-6.0 gcc
+ echo 'gcc-4.8 hold'
+ dpkg --set-selections
dpkg: warning: package not in status nor available database at line 1: gcc-4.8
dpkg: warning: found unknown packages; this might mean the available database
is outdated, and needs to be updated through a frontend method;
please see the FAQ <https://wiki.debian.org/Teams/Dpkg/FAQ>
+ echo 'g++-4.8 hold'
+ dpkg --set-selections
dpkg: warning: package not in status nor available database at line 1: g++-4.8
dpkg: warning: found unknown packages; this might mean the available database
is outdated, and needs to be updated through a frontend method;
please see the FAQ <https://wiki.debian.org/Teams/Dpkg/FAQ>
+ for VERSION in $VERSIONS
+ rm -f g++-4.9 gcc-4.9 cpp-4.9 gcc
+ ln -s clang++-6.0 g++-4.9
+ ln -s clang-6.0 gcc-4.9
+ ln -s clang-6.0 cpp-4.9
+ ln -s clang-6.0 gcc
+ echo 'gcc-4.9 hold'
+ dpkg --set-selections
dpkg: warning: package not in status nor available database at line 1: gcc-4.9
dpkg: warning: found unknown packages; this might mean the available database
is outdated, and needs to be updated through a frontend method;
please see the FAQ <https://wiki.debian.org/Teams/Dpkg/FAQ>
+ echo 'g++-4.9 hold'
+ dpkg --set-selections
dpkg: warning: package not in status nor available database at line 1: g++-4.9
dpkg: warning: found unknown packages; this might mean the available database
is outdated, and needs to be updated through a frontend method;
please see the FAQ <https://wiki.debian.org/Teams/Dpkg/FAQ>
+ for VERSION in $VERSIONS
+ rm -f g++-5 gcc-5 cpp-5 gcc
+ ln -s clang++-6.0 g++-5
+ ln -s clang-6.0 gcc-5
+ ln -s clang-6.0 cpp-5
+ ln -s clang-6.0 gcc
+ echo 'gcc-5 hold'
+ dpkg --set-selections
+ echo 'g++-5 hold'
+ dpkg --set-selections
+ for VERSION in $VERSIONS
+ rm -f g++-6 gcc-6 cpp-6 gcc
+ ln -s clang++-6.0 g++-6
+ ln -s clang-6.0 gcc-6
+ ln -s clang-6.0 cpp-6
+ ln -s clang-6.0 gcc
+ echo 'gcc-6 hold'
+ dpkg --set-selections
dpkg: warning: package not in status nor available database at line 1: gcc-6
dpkg: warning: found unknown packages; this might mean the available database
is outdated, and needs to be updated through a frontend method;
please see the FAQ <https://wiki.debian.org/Teams/Dpkg/FAQ>
+ echo 'g++-6 hold'
+ dpkg --set-selections
dpkg: warning: package not in status nor available database at line 1: g++-6
dpkg: warning: found unknown packages; this might mean the available database
is outdated, and needs to be updated through a frontend method;
please see the FAQ <https://wiki.debian.org/Teams/Dpkg/FAQ>
+ for VERSION in $VERSIONS
+ rm -f g++-7 gcc-7 cpp-7 gcc
+ ln -s clang++-6.0 g++-7
+ ln -s clang-6.0 gcc-7
+ ln -s clang-6.0 cpp-7
+ ln -s clang-6.0 gcc
+ echo 'gcc-7 hold'
+ dpkg --set-selections
+ echo 'g++-7 hold'
+ dpkg --set-selections
+ for VERSION in $VERSIONS
+ rm -f g++-8 gcc-8 cpp-8 gcc
+ ln -s clang++-6.0 g++-8
+ ln -s clang-6.0 gcc-8
+ ln -s clang-6.0 cpp-8
+ ln -s clang-6.0 gcc
+ echo 'gcc-8 hold'
+ dpkg --set-selections
dpkg: warning: package not in status nor available database at line 1: gcc-8
dpkg: warning: found unknown packages; this might mean the available database
is outdated, and needs to be updated through a frontend method;
please see the FAQ <https://wiki.debian.org/Teams/Dpkg/FAQ>
+ echo 'g++-8 hold'
+ dpkg --set-selections
dpkg: warning: package not in status nor available database at line 1: g++-8
dpkg: warning: found unknown packages; this might mean the available database
is outdated, and needs to be updated through a frontend method;
please see the FAQ <https://wiki.debian.org/Teams/Dpkg/FAQ>
+ cd -
/build/librdkafka-7nBcSD
+ echo 'Check if gcc, g++ & cpp are actually clang'
Check if gcc, g++ & cpp are actually clang
+ gcc --version
+ grep clang
+ cpp --version
+ grep clang
+ g++ --version
+ grep clang

I: Finished running '/tmp/clang60'.

Finished processing commands.
--------------------------------------------------------------------------------

+------------------------------------------------------------------------------+
| Update chroot                                                                |
+------------------------------------------------------------------------------+

Hit:1 http://127.0.0.1:9999/debian unstable InRelease
Reading package lists...
Reading package lists...
Building dependency tree...
Reading state information...
Calculating upgrade...
0 upgraded, 0 newly installed, 0 to remove and 0 not upgraded.

+------------------------------------------------------------------------------+
| Fetch source files                                                           |
+------------------------------------------------------------------------------+


Check APT
---------

Checking available source versions...

Download source files with APT
------------------------------

Reading package lists...
NOTICE: 'librdkafka' packaging is maintained in the 'Git' version control system at:
https://salsa.debian.org/kafka-team/librdkafka.git
Please use:
git clone https://salsa.debian.org/kafka-team/librdkafka.git
to retrieve the latest (possibly unreleased) updates to the package.
Need to get 1909 kB of source archives.
Get:1 http://127.0.0.1:9999/debian unstable/main librdkafka 0.11.4-1 (dsc) [2116 B]
Get:2 http://127.0.0.1:9999/debian unstable/main librdkafka 0.11.4-1 (tar) [1900 kB]
Get:3 http://127.0.0.1:9999/debian unstable/main librdkafka 0.11.4-1 (diff) [6900 B]
Fetched 1909 kB in 0s (7628 kB/s)
Download complete and in download only mode
I: NOTICE: Log filtering will replace 'build/librdkafka-7nBcSD/librdkafka-0.11.4' with '<<PKGBUILDDIR>>'
I: NOTICE: Log filtering will replace 'build/librdkafka-7nBcSD' with '<<BUILDDIR>>'

+------------------------------------------------------------------------------+
| Install build-essential                                                      |
+------------------------------------------------------------------------------+


Setup apt archive
-----------------

Merged Build-Depends: build-essential, fakeroot
Filtered Build-Depends: build-essential, fakeroot
dpkg-deb: building package 'sbuild-build-depends-core-dummy' in '/<<BUILDDIR>>/resolver-Mdxx3D/apt_archive/sbuild-build-depends-core-dummy.deb'.
dpkg-scanpackages: warning: Packages in archive but missing from override file:
dpkg-scanpackages: warning:   sbuild-build-depends-core-dummy
dpkg-scanpackages: info: Wrote 1 entries to output Packages file.
Ign:1 copy:/<<BUILDDIR>>/resolver-Mdxx3D/apt_archive ./ InRelease
Get:2 copy:/<<BUILDDIR>>/resolver-Mdxx3D/apt_archive ./ Release [957 B]
Ign:3 copy:/<<BUILDDIR>>/resolver-Mdxx3D/apt_archive ./ Release.gpg
Get:4 copy:/<<BUILDDIR>>/resolver-Mdxx3D/apt_archive ./ Sources [349 B]
Get:5 copy:/<<BUILDDIR>>/resolver-Mdxx3D/apt_archive ./ Packages [432 B]
Fetched 1738 B in 0s (0 B/s)
Reading package lists...
Reading package lists...

Install core build dependencies (apt-based resolver)
----------------------------------------------------

Installing build dependencies
Reading package lists...
Building dependency tree...
Reading state information...
The following NEW packages will be installed:
  sbuild-build-depends-core-dummy
0 upgraded, 1 newly installed, 0 to remove and 0 not upgraded.
Need to get 856 B of archives.
After this operation, 0 B of additional disk space will be used.
Get:1 copy:/<<BUILDDIR>>/resolver-Mdxx3D/apt_archive ./ sbuild-build-depends-core-dummy 0.invalid.0 [856 B]
debconf: delaying package configuration, since apt-utils is not installed
Fetched 856 B in 0s (0 B/s)
Selecting previously unselected package sbuild-build-depends-core-dummy.
(Reading database ... 10771 files and directories currently installed.)
Preparing to unpack .../sbuild-build-depends-core-dummy_0.invalid.0_amd64.deb ...
Unpacking sbuild-build-depends-core-dummy (0.invalid.0) ...
Setting up sbuild-build-depends-core-dummy (0.invalid.0) ...

+------------------------------------------------------------------------------+
| Check architectures                                                          |
+------------------------------------------------------------------------------+

Arch check ok (amd64 included in any)

+------------------------------------------------------------------------------+
| Install package build dependencies                                           |
+------------------------------------------------------------------------------+


Setup apt archive
-----------------

Merged Build-Depends: debhelper (>= 10), liblz4-dev (>= 0.0~r123), libsasl2-dev, libssl-dev, python, zlib1g-dev
Filtered Build-Depends: debhelper (>= 10), liblz4-dev (>= 0.0~r123), libsasl2-dev, libssl-dev, python, zlib1g-dev
dpkg-deb: building package 'sbuild-build-depends-librdkafka-dummy' in '/<<BUILDDIR>>/resolver-Mdxx3D/apt_archive/sbuild-build-depends-librdkafka-dummy.deb'.
dpkg-scanpackages: warning: Packages in archive but missing from override file:
dpkg-scanpackages: warning:   sbuild-build-depends-core-dummy sbuild-build-depends-librdkafka-dummy
dpkg-scanpackages: info: Wrote 2 entries to output Packages file.
Ign:1 copy:/<<BUILDDIR>>/resolver-Mdxx3D/apt_archive ./ InRelease
Get:2 copy:/<<BUILDDIR>>/resolver-Mdxx3D/apt_archive ./ Release [963 B]
Ign:3 copy:/<<BUILDDIR>>/resolver-Mdxx3D/apt_archive ./ Release.gpg
Get:4 copy:/<<BUILDDIR>>/resolver-Mdxx3D/apt_archive ./ Sources [528 B]
Get:5 copy:/<<BUILDDIR>>/resolver-Mdxx3D/apt_archive ./ Packages [613 B]
Fetched 2104 B in 0s (0 B/s)
Reading package lists...
Reading package lists...

Install librdkafka build dependencies (apt-based resolver)
----------------------------------------------------------

Installing build dependencies
Reading package lists...
Building dependency tree...
Reading state information...
The following additional packages will be installed:
  autoconf automake autopoint autotools-dev bsdmainutils debhelper
  dh-autoreconf dh-strip-nondeterminism file gettext gettext-base groff-base
  intltool-debian libarchive-zip-perl libcroco3 libexpat1
  libfile-stripnondeterminism-perl libglib2.0-0 libicu57 liblz4-dev
  libmagic-mgc libmagic1 libncursesw6 libpipeline1 libpython-stdlib
  libpython2.7-minimal libpython2.7-stdlib libreadline7 libsasl2-2
  libsasl2-dev libsasl2-modules-db libsigsegv2 libsqlite3-0 libssl-dev
  libssl1.1 libtimedate-perl libtool libxml2 m4 man-db mime-support po-debconf
  python python-minimal python2.7 python2.7-minimal readline-common zlib1g-dev
Suggested packages:
  autoconf-archive gnu-standards autoconf-doc wamerican | wordlist whois
  vacation dh-make dwz gettext-doc libasprintf-dev libgettextpo-dev groff
  libtool-doc gfortran | fortran95-compiler gcj-jdk m4-doc apparmor less
  www-browser libmail-box-perl python-doc python-tk python2.7-doc
  binfmt-support readline-doc
Recommended packages:
  curl | wget | lynx libarchive-cpio-perl libglib2.0-data shared-mime-info
  xdg-user-dirs libgpm2 libsasl2-modules libssl-doc libltdl-dev
  libmail-sendmail-perl
The following NEW packages will be installed:
  autoconf automake autopoint autotools-dev bsdmainutils debhelper
  dh-autoreconf dh-strip-nondeterminism file gettext gettext-base groff-base
  intltool-debian libarchive-zip-perl libcroco3 libexpat1
  libfile-stripnondeterminism-perl libglib2.0-0 libicu57 liblz4-dev
  libmagic-mgc libmagic1 libncursesw6 libpipeline1 libpython-stdlib
  libpython2.7-minimal libpython2.7-stdlib libreadline7 libsasl2-2
  libsasl2-dev libsasl2-modules-db libsigsegv2 libsqlite3-0 libssl-dev
  libssl1.1 libtimedate-perl libtool libxml2 m4 man-db mime-support po-debconf
  python python-minimal python2.7 python2.7-minimal readline-common
  sbuild-build-depends-librdkafka-dummy zlib1g-dev
0 upgraded, 49 newly installed, 0 to remove and 0 not upgraded.
Need to get 28.7 MB of archives.
After this operation, 98.6 MB of additional disk space will be used.
Get:1 copy:/<<BUILDDIR>>/resolver-Mdxx3D/apt_archive ./ sbuild-build-depends-librdkafka-dummy 0.invalid.0 [900 B]
Get:2 http://127.0.0.1:9999/debian unstable/main amd64 bsdmainutils amd64 11.1.2 [190 kB]
Get:3 http://127.0.0.1:9999/debian unstable/main amd64 groff-base amd64 1.22.3-10 [1176 kB]
Get:4 http://127.0.0.1:9999/debian unstable/main amd64 libpipeline1 amd64 1.5.0-1 [29.0 kB]
Get:5 http://127.0.0.1:9999/debian unstable/main amd64 man-db amd64 2.8.3-2 [1180 kB]
Get:6 http://127.0.0.1:9999/debian unstable/main amd64 libpython2.7-minimal amd64 2.7.15-1 [393 kB]
Get:7 http://127.0.0.1:9999/debian unstable/main amd64 python2.7-minimal amd64 2.7.15-1 [1353 kB]
Get:8 http://127.0.0.1:9999/debian unstable/main amd64 python-minimal amd64 2.7.15~rc1-1 [41.1 kB]
Get:9 http://127.0.0.1:9999/debian unstable/main amd64 mime-support all 3.60 [36.7 kB]
Get:10 http://127.0.0.1:9999/debian unstable/main amd64 libexpat1 amd64 2.2.5-3 [96.8 kB]
Get:11 http://127.0.0.1:9999/debian unstable/main amd64 libncursesw6 amd64 6.1+20180210-2 [131 kB]
Get:12 http://127.0.0.1:9999/debian unstable/main amd64 readline-common all 7.0-3 [70.4 kB]
Get:13 http://127.0.0.1:9999/debian unstable/main amd64 libreadline7 amd64 7.0-3+b1 [151 kB]
Get:14 http://127.0.0.1:9999/debian unstable/main amd64 libsqlite3-0 amd64 3.23.1-1 [603 kB]
Get:15 http://127.0.0.1:9999/debian unstable/main amd64 libssl1.1 amd64 1.1.0h-2 [1352 kB]
Get:16 http://127.0.0.1:9999/debian unstable/main amd64 libpython2.7-stdlib amd64 2.7.15-1 [1912 kB]
Get:17 http://127.0.0.1:9999/debian unstable/main amd64 python2.7 amd64 2.7.15-1 [298 kB]
Get:18 http://127.0.0.1:9999/debian unstable/main amd64 libpython-stdlib amd64 2.7.15~rc1-1 [20.5 kB]
Get:19 http://127.0.0.1:9999/debian unstable/main amd64 python amd64 2.7.15~rc1-1 [155 kB]
Get:20 http://127.0.0.1:9999/debian unstable/main amd64 libmagic-mgc amd64 1:5.33-2 [234 kB]
Get:21 http://127.0.0.1:9999/debian unstable/main amd64 libmagic1 amd64 1:5.33-2 [113 kB]
Get:22 http://127.0.0.1:9999/debian unstable/main amd64 file amd64 1:5.33-2 [65.6 kB]
Get:23 http://127.0.0.1:9999/debian unstable/main amd64 gettext-base amd64 0.19.8.1-6 [122 kB]
Get:24 http://127.0.0.1:9999/debian unstable/main amd64 libsigsegv2 amd64 2.12-2 [32.8 kB]
Get:25 http://127.0.0.1:9999/debian unstable/main amd64 m4 amd64 1.4.18-1 [202 kB]
Get:26 http://127.0.0.1:9999/debian unstable/main amd64 autoconf all 2.69-11 [341 kB]
Get:27 http://127.0.0.1:9999/debian unstable/main amd64 autotools-dev all 20180224.1 [77.0 kB]
Get:28 http://127.0.0.1:9999/debian unstable/main amd64 automake all 1:1.15.1-3.1 [736 kB]
Get:29 http://127.0.0.1:9999/debian unstable/main amd64 autopoint all 0.19.8.1-6 [434 kB]
Get:30 http://127.0.0.1:9999/debian unstable/main amd64 libtool all 2.4.6-2.1 [547 kB]
Get:31 http://127.0.0.1:9999/debian unstable/main amd64 dh-autoreconf all 17 [16.5 kB]
Get:32 http://127.0.0.1:9999/debian unstable/main amd64 libarchive-zip-perl all 1.60-1 [95.6 kB]
Get:33 http://127.0.0.1:9999/debian unstable/main amd64 libfile-stripnondeterminism-perl all 0.041-1 [19.9 kB]
Get:34 http://127.0.0.1:9999/debian unstable/main amd64 libtimedate-perl all 2.3000-2 [42.2 kB]
Get:35 http://127.0.0.1:9999/debian unstable/main amd64 dh-strip-nondeterminism all 0.041-1 [12.0 kB]
Get:36 http://127.0.0.1:9999/debian unstable/main amd64 libglib2.0-0 amd64 2.56.1-2 [2928 kB]
Get:37 http://127.0.0.1:9999/debian unstable/main amd64 libicu57 amd64 57.1-9 [7698 kB]
Get:38 http://127.0.0.1:9999/debian unstable/main amd64 libxml2 amd64 2.9.4+dfsg1-6.1 [725 kB]
Get:39 http://127.0.0.1:9999/debian unstable/main amd64 libcroco3 amd64 0.6.12-2 [144 kB]
Get:40 http://127.0.0.1:9999/debian unstable/main amd64 gettext amd64 0.19.8.1-6 [1302 kB]
Get:41 http://127.0.0.1:9999/debian unstable/main amd64 intltool-debian all 0.35.0+20060710.4 [26.3 kB]
Get:42 http://127.0.0.1:9999/debian unstable/main amd64 po-debconf all 1.0.20 [247 kB]
Get:43 http://127.0.0.1:9999/debian unstable/main amd64 debhelper all 11.2.1 [1013 kB]
Get:44 http://127.0.0.1:9999/debian unstable/main amd64 liblz4-dev amd64 1.8.1.2-1 [56.7 kB]
Get:45 http://127.0.0.1:9999/debian unstable/main amd64 libsasl2-modules-db amd64 2.1.27~101-g0780600+dfsg-3.1 [68.6 kB]
Get:46 http://127.0.0.1:9999/debian unstable/main amd64 libsasl2-2 amd64 2.1.27~101-g0780600+dfsg-3.1 [105 kB]
Get:47 http://127.0.0.1:9999/debian unstable/main amd64 libsasl2-dev amd64 2.1.27~101-g0780600+dfsg-3.1 [311 kB]
Get:48 http://127.0.0.1:9999/debian unstable/main amd64 libssl-dev amd64 1.1.0h-2 [1589 kB]
Get:49 http://127.0.0.1:9999/debian unstable/main amd64 zlib1g-dev amd64 1:1.2.11.dfsg-1 [214 kB]
debconf: delaying package configuration, since apt-utils is not installed
Fetched 28.7 MB in 0s (85.5 MB/s)
Selecting previously unselected package bsdmainutils.
(Reading database ... 10771 files and directories currently installed.)
Preparing to unpack .../00-bsdmainutils_11.1.2_amd64.deb ...
Unpacking bsdmainutils (11.1.2) ...
Selecting previously unselected package groff-base.
Preparing to unpack .../01-groff-base_1.22.3-10_amd64.deb ...
Unpacking groff-base (1.22.3-10) ...
Selecting previously unselected package libpipeline1:amd64.
Preparing to unpack .../02-libpipeline1_1.5.0-1_amd64.deb ...
Unpacking libpipeline1:amd64 (1.5.0-1) ...
Selecting previously unselected package man-db.
Preparing to unpack .../03-man-db_2.8.3-2_amd64.deb ...
Unpacking man-db (2.8.3-2) ...
Selecting previously unselected package libpython2.7-minimal:amd64.
Preparing to unpack .../04-libpython2.7-minimal_2.7.15-1_amd64.deb ...
Unpacking libpython2.7-minimal:amd64 (2.7.15-1) ...
Selecting previously unselected package python2.7-minimal.
Preparing to unpack .../05-python2.7-minimal_2.7.15-1_amd64.deb ...
Unpacking python2.7-minimal (2.7.15-1) ...
Selecting previously unselected package python-minimal.
Preparing to unpack .../06-python-minimal_2.7.15~rc1-1_amd64.deb ...
Unpacking python-minimal (2.7.15~rc1-1) ...
Selecting previously unselected package mime-support.
Preparing to unpack .../07-mime-support_3.60_all.deb ...
Unpacking mime-support (3.60) ...
Selecting previously unselected package libexpat1:amd64.
Preparing to unpack .../08-libexpat1_2.2.5-3_amd64.deb ...
Unpacking libexpat1:amd64 (2.2.5-3) ...
Selecting previously unselected package libncursesw6:amd64.
Preparing to unpack .../09-libncursesw6_6.1+20180210-2_amd64.deb ...
Unpacking libncursesw6:amd64 (6.1+20180210-2) ...
Selecting previously unselected package readline-common.
Preparing to unpack .../10-readline-common_7.0-3_all.deb ...
Unpacking readline-common (7.0-3) ...
Selecting previously unselected package libreadline7:amd64.
Preparing to unpack .../11-libreadline7_7.0-3+b1_amd64.deb ...
Unpacking libreadline7:amd64 (7.0-3+b1) ...
Selecting previously unselected package libsqlite3-0:amd64.
Preparing to unpack .../12-libsqlite3-0_3.23.1-1_amd64.deb ...
Unpacking libsqlite3-0:amd64 (3.23.1-1) ...
Selecting previously unselected package libssl1.1:amd64.
Preparing to unpack .../13-libssl1.1_1.1.0h-2_amd64.deb ...
Unpacking libssl1.1:amd64 (1.1.0h-2) ...
Selecting previously unselected package libpython2.7-stdlib:amd64.
Preparing to unpack .../14-libpython2.7-stdlib_2.7.15-1_amd64.deb ...
Unpacking libpython2.7-stdlib:amd64 (2.7.15-1) ...
Selecting previously unselected package python2.7.
Preparing to unpack .../15-python2.7_2.7.15-1_amd64.deb ...
Unpacking python2.7 (2.7.15-1) ...
Selecting previously unselected package libpython-stdlib:amd64.
Preparing to unpack .../16-libpython-stdlib_2.7.15~rc1-1_amd64.deb ...
Unpacking libpython-stdlib:amd64 (2.7.15~rc1-1) ...
Setting up libpython2.7-minimal:amd64 (2.7.15-1) ...
Setting up python2.7-minimal (2.7.15-1) ...
Setting up python-minimal (2.7.15~rc1-1) ...
Selecting previously unselected package python.
(Reading database ... 12213 files and directories currently installed.)
Preparing to unpack .../00-python_2.7.15~rc1-1_amd64.deb ...
Unpacking python (2.7.15~rc1-1) ...
Selecting previously unselected package libmagic-mgc.
Preparing to unpack .../01-libmagic-mgc_1%3a5.33-2_amd64.deb ...
Unpacking libmagic-mgc (1:5.33-2) ...
Selecting previously unselected package libmagic1:amd64.
Preparing to unpack .../02-libmagic1_1%3a5.33-2_amd64.deb ...
Unpacking libmagic1:amd64 (1:5.33-2) ...
Selecting previously unselected package file.
Preparing to unpack .../03-file_1%3a5.33-2_amd64.deb ...
Unpacking file (1:5.33-2) ...
Selecting previously unselected package gettext-base.
Preparing to unpack .../04-gettext-base_0.19.8.1-6_amd64.deb ...
Unpacking gettext-base (0.19.8.1-6) ...
Selecting previously unselected package libsigsegv2:amd64.
Preparing to unpack .../05-libsigsegv2_2.12-2_amd64.deb ...
Unpacking libsigsegv2:amd64 (2.12-2) ...
Selecting previously unselected package m4.
Preparing to unpack .../06-m4_1.4.18-1_amd64.deb ...
Unpacking m4 (1.4.18-1) ...
Selecting previously unselected package autoconf.
Preparing to unpack .../07-autoconf_2.69-11_all.deb ...
Unpacking autoconf (2.69-11) ...
Selecting previously unselected package autotools-dev.
Preparing to unpack .../08-autotools-dev_20180224.1_all.deb ...
Unpacking autotools-dev (20180224.1) ...
Selecting previously unselected package automake.
Preparing to unpack .../09-automake_1%3a1.15.1-3.1_all.deb ...
Unpacking automake (1:1.15.1-3.1) ...
Selecting previously unselected package autopoint.
Preparing to unpack .../10-autopoint_0.19.8.1-6_all.deb ...
Unpacking autopoint (0.19.8.1-6) ...
Selecting previously unselected package libtool.
Preparing to unpack .../11-libtool_2.4.6-2.1_all.deb ...
Unpacking libtool (2.4.6-2.1) ...
Selecting previously unselected package dh-autoreconf.
Preparing to unpack .../12-dh-autoreconf_17_all.deb ...
Unpacking dh-autoreconf (17) ...
Selecting previously unselected package libarchive-zip-perl.
Preparing to unpack .../13-libarchive-zip-perl_1.60-1_all.deb ...
Unpacking libarchive-zip-perl (1.60-1) ...
Selecting previously unselected package libfile-stripnondeterminism-perl.
Preparing to unpack .../14-libfile-stripnondeterminism-perl_0.041-1_all.deb ...
Unpacking libfile-stripnondeterminism-perl (0.041-1) ...
Selecting previously unselected package libtimedate-perl.
Preparing to unpack .../15-libtimedate-perl_2.3000-2_all.deb ...
Unpacking libtimedate-perl (2.3000-2) ...
Selecting previously unselected package dh-strip-nondeterminism.
Preparing to unpack .../16-dh-strip-nondeterminism_0.041-1_all.deb ...
Unpacking dh-strip-nondeterminism (0.041-1) ...
Selecting previously unselected package libglib2.0-0:amd64.
Preparing to unpack .../17-libglib2.0-0_2.56.1-2_amd64.deb ...
Unpacking libglib2.0-0:amd64 (2.56.1-2) ...
Selecting previously unselected package libicu57:amd64.
Preparing to unpack .../18-libicu57_57.1-9_amd64.deb ...
Unpacking libicu57:amd64 (57.1-9) ...
Selecting previously unselected package libxml2:amd64.
Preparing to unpack .../19-libxml2_2.9.4+dfsg1-6.1_amd64.deb ...
Unpacking libxml2:amd64 (2.9.4+dfsg1-6.1) ...
Selecting previously unselected package libcroco3:amd64.
Preparing to unpack .../20-libcroco3_0.6.12-2_amd64.deb ...
Unpacking libcroco3:amd64 (0.6.12-2) ...
Selecting previously unselected package gettext.
Preparing to unpack .../21-gettext_0.19.8.1-6_amd64.deb ...
Unpacking gettext (0.19.8.1-6) ...
Selecting previously unselected package intltool-debian.
Preparing to unpack .../22-intltool-debian_0.35.0+20060710.4_all.deb ...
Unpacking intltool-debian (0.35.0+20060710.4) ...
Selecting previously unselected package po-debconf.
Preparing to unpack .../23-po-debconf_1.0.20_all.deb ...
Unpacking po-debconf (1.0.20) ...
Selecting previously unselected package debhelper.
Preparing to unpack .../24-debhelper_11.2.1_all.deb ...
Unpacking debhelper (11.2.1) ...
Selecting previously unselected package liblz4-dev:amd64.
Preparing to unpack .../25-liblz4-dev_1.8.1.2-1_amd64.deb ...
Unpacking liblz4-dev:amd64 (1.8.1.2-1) ...
Selecting previously unselected package libsasl2-modules-db:amd64.
Preparing to unpack .../26-libsasl2-modules-db_2.1.27~101-g0780600+dfsg-3.1_amd64.deb ...
Unpacking libsasl2-modules-db:amd64 (2.1.27~101-g0780600+dfsg-3.1) ...
Selecting previously unselected package libsasl2-2:amd64.
Preparing to unpack .../27-libsasl2-2_2.1.27~101-g0780600+dfsg-3.1_amd64.deb ...
Unpacking libsasl2-2:amd64 (2.1.27~101-g0780600+dfsg-3.1) ...
Selecting previously unselected package libsasl2-dev.
Preparing to unpack .../28-libsasl2-dev_2.1.27~101-g0780600+dfsg-3.1_amd64.deb ...
Unpacking libsasl2-dev (2.1.27~101-g0780600+dfsg-3.1) ...
Selecting previously unselected package libssl-dev:amd64.
Preparing to unpack .../29-libssl-dev_1.1.0h-2_amd64.deb ...
Unpacking libssl-dev:amd64 (1.1.0h-2) ...
Selecting previously unselected package zlib1g-dev:amd64.
Preparing to unpack .../30-zlib1g-dev_1%3a1.2.11.dfsg-1_amd64.deb ...
Unpacking zlib1g-dev:amd64 (1:1.2.11.dfsg-1) ...
Selecting previously unselected package sbuild-build-depends-librdkafka-dummy.
Preparing to unpack .../31-sbuild-build-depends-librdkafka-dummy_0.invalid.0_amd64.deb ...
Unpacking sbuild-build-depends-librdkafka-dummy (0.invalid.0) ...
Setting up readline-common (7.0-3) ...
Setting up libexpat1:amd64 (2.2.5-3) ...
Setting up libarchive-zip-perl (1.60-1) ...
Setting up mime-support (3.60) ...
Setting up libtimedate-perl (2.3000-2) ...
Setting up libsigsegv2:amd64 (2.12-2) ...
Setting up libreadline7:amd64 (7.0-3+b1) ...
Setting up groff-base (1.22.3-10) ...
Setting up libglib2.0-0:amd64 (2.56.1-2) ...
No schema files found: doing nothing.
Setting up libncursesw6:amd64 (6.1+20180210-2) ...
Setting up libsasl2-modules-db:amd64 (2.1.27~101-g0780600+dfsg-3.1) ...
Setting up libsasl2-2:amd64 (2.1.27~101-g0780600+dfsg-3.1) ...
Setting up gettext-base (0.19.8.1-6) ...
Setting up libpipeline1:amd64 (1.5.0-1) ...
Setting up m4 (1.4.18-1) ...
Setting up libicu57:amd64 (57.1-9) ...
Setting up libsasl2-dev (2.1.27~101-g0780600+dfsg-3.1) ...
Setting up libxml2:amd64 (2.9.4+dfsg1-6.1) ...
Setting up libmagic-mgc (1:5.33-2) ...
Setting up libmagic1:amd64 (1:5.33-2) ...
Setting up libcroco3:amd64 (0.6.12-2) ...
Processing triggers for libc-bin (2.27-3) ...
Setting up autotools-dev (20180224.1) ...
Setting up libssl1.1:amd64 (1.1.0h-2) ...
Setting up libsqlite3-0:amd64 (3.23.1-1) ...
Setting up liblz4-dev:amd64 (1.8.1.2-1) ...
Setting up bsdmainutils (11.1.2) ...
update-alternatives: using /usr/bin/bsd-write to provide /usr/bin/write (write) in auto mode
update-alternatives: using /usr/bin/bsd-from to provide /usr/bin/from (from) in auto mode
Setting up libpython2.7-stdlib:amd64 (2.7.15-1) ...
Setting up autopoint (0.19.8.1-6) ...
Setting up zlib1g-dev:amd64 (1:1.2.11.dfsg-1) ...
Setting up libfile-stripnondeterminism-perl (0.041-1) ...
Setting up gettext (0.19.8.1-6) ...
Setting up libssl-dev:amd64 (1.1.0h-2) ...
Setting up python2.7 (2.7.15-1) ...
Setting up autoconf (2.69-11) ...
Setting up file (1:5.33-2) ...
Setting up libpython-stdlib:amd64 (2.7.15~rc1-1) ...
Setting up intltool-debian (0.35.0+20060710.4) ...
Setting up automake (1:1.15.1-3.1) ...
update-alternatives: using /usr/bin/automake-1.15 to provide /usr/bin/automake (automake) in auto mode
Setting up man-db (2.8.3-2) ...
Not building database; man-db/auto-update is not 'true'.
Setting up python (2.7.15~rc1-1) ...
Setting up libtool (2.4.6-2.1) ...
Setting up po-debconf (1.0.20) ...
Setting up dh-autoreconf (17) ...
Setting up dh-strip-nondeterminism (0.041-1) ...
Setting up debhelper (11.2.1) ...
Setting up sbuild-build-depends-librdkafka-dummy (0.invalid.0) ...
Processing triggers for libc-bin (2.27-3) ...

+------------------------------------------------------------------------------+
| Build environment                                                            |
+------------------------------------------------------------------------------+

Kernel: Linux 4.9.0-5-amd64 amd64 (x86_64)
Toolchain package versions: binutils_2.30-16 dpkg-dev_1.19.0.5 g++-7_7.3.0-17 gcc-7_7.3.0-17 libc6-dev_2.27-3 libstdc++-7-dev_7.3.0-17 libstdc++6_8-20180425-1 linux-libc-dev_4.15.17-1
Package versions: adduser_3.117 apt_1.6.1 autoconf_2.69-11 automake_1:1.15.1-3.1 autopoint_0.19.8.1-6 autotools-dev_20180224.1 base-files_10.1 base-passwd_3.5.45 bash_4.4.18-2 binutils_2.30-16 binutils-common_2.30-16 binutils-x86-64-linux-gnu_2.30-16 bsdmainutils_11.1.2 bsdutils_1:2.31.1-0.5 build-essential_12.5 bzip2_1.0.6-8.1 clang-6.0_1:6.0-3 coreutils_8.28-1 cpp_4:7.3.0-3 cpp-7_7.3.0-17 dash_0.5.8-2.10 debconf_1.5.66 debfoster_2.7-2.1+b1 debhelper_11.2.1 debian-archive-keyring_2017.7 debianutils_4.8.4 dh-autoreconf_17 dh-strip-nondeterminism_0.041-1 diffutils_1:3.6-1 dpkg_1.19.0.5 dpkg-dev_1.19.0.5 e2fslibs_1.44.1-2 e2fsprogs_1.44.1-2 eatmydata_105-6 fakeroot_1.22-2 fdisk_2.31.1-0.5 file_1:5.33-2 findutils_4.6.0+git+20171230-2 g++_4:7.3.0-3 g++-7_7.3.0-17 gcc_4:7.3.0-3 gcc-6-base_6.4.0-17 gcc-7_7.3.0-17 gcc-7-base_7.3.0-17 gcc-8-base_8-20180425-1 gettext_0.19.8.1-6 gettext-base_0.19.8.1-6 gpgv_2.2.5-1 grep_3.1-2 groff-base_1.22.3-10 gzip_1.6-5+b1 hostname_3.20 init-system-helpers_1.51 intltool-debian_0.35.0+20060710.4 lib32gcc1_1:8-20180425-1 lib32stdc++6_8-20180425-1 libacl1_2.2.52-3+b1 libapt-pkg5.0_1.6.1 libarchive-zip-perl_1.60-1 libasan4_7.3.0-17 libatomic1_8-20180425-1 libattr1_1:2.4.47-2+b2 libaudit-common_1:2.8.3-1 libaudit1_1:2.8.3-1 libbinutils_2.30-16 libblkid1_2.31.1-0.5 libbsd0_0.8.7-1 libbz2-1.0_1.0.6-8.1 libc-bin_2.27-3 libc-dev-bin_2.27-3 libc6_2.27-3 libc6-dev_2.27-3 libc6-i386_2.27-3 libcap-ng0_0.7.9-1 libcc1-0_8-20180425-1 libcilkrts5_7.3.0-17 libclang-common-6.0-dev_1:6.0-3 libclang1-6.0_1:6.0-3 libcom-err2_1.44.1-2 libcomerr2_1.44.1-2 libcroco3_0.6.12-2 libdb5.3_5.3.28-13.1+b1 libdebconfclient0_0.243 libdpkg-perl_1.19.0.5 libeatmydata1_105-6 libedit2_3.1-20170329-1 libexpat1_2.2.5-3 libext2fs2_1.44.1-2 libfakeroot_1.22-2 libfdisk1_2.31.1-0.5 libffi6_3.2.1-8 libfile-stripnondeterminism-perl_0.041-1 libgc1c2_1:7.4.2-8.2 libgcc-7-dev_7.3.0-17 libgcc1_1:8-20180425-1 libgcrypt20_1.8.2-2 libgdbm-compat4_1.14.1-6 libgdbm3_1.8.3-14 libgdbm5_1.14.1-6 libglib2.0-0_2.56.1-2 libgmp10_2:6.1.2+dfsg-3 libgnutls30_3.5.18-1 libgomp1_8-20180425-1 libgpg-error0_1.29-4 libhogweed4_3.4-1 libicu57_57.1-9 libidn2-0_2.0.4-1.1 libisl15_0.18-4 libisl19_0.19-1 libitm1_8-20180425-1 libjsoncpp1_1.7.4-3 libllvm6.0_1:6.0-3 liblsan0_8-20180425-1 liblz4-1_1.8.1.2-1 liblz4-dev_1.8.1.2-1 liblzma5_5.2.2-1.3 libmagic-mgc_1:5.33-2 libmagic1_1:5.33-2 libmount1_2.31.1-0.5 libmpc3_1.1.0-1 libmpfr4_3.1.6-1 libmpfr6_4.0.1-1 libmpx2_8-20180425-1 libncurses5_6.1+20180210-2 libncursesw5_6.1+20180210-2 libncursesw6_6.1+20180210-2 libnettle6_3.4-1 libobjc-7-dev_7.3.0-17 libobjc4_8-20180425-1 libp11-kit0_0.23.10-2 libpam-modules_1.1.8-3.7 libpam-modules-bin_1.1.8-3.7 libpam-runtime_1.1.8-3.7 libpam0g_1.1.8-3.7 libpcre3_2:8.39-9 libperl5.26_5.26.2-3 libpipeline1_1.5.0-1 libpython-stdlib_2.7.15~rc1-1 libpython2.7-minimal_2.7.15-1 libpython2.7-stdlib_2.7.15-1 libquadmath0_8-20180425-1 libreadline7_7.0-3+b1 libsasl2-2_2.1.27~101-g0780600+dfsg-3.1 libsasl2-dev_2.1.27~101-g0780600+dfsg-3.1 libsasl2-modules-db_2.1.27~101-g0780600+dfsg-3.1 libseccomp2_2.3.3-1 libselinux1_2.7-2+b2 libsemanage-common_2.7-2 libsemanage1_2.7-2+b2 libsepol1_2.7-1 libsigsegv2_2.12-2 libsmartcols1_2.31.1-0.5 libsqlite3-0_3.23.1-1 libss2_1.44.1-2 libssl-dev_1.1.0h-2 libssl1.1_1.1.0h-2 libstdc++-7-dev_7.3.0-17 libstdc++6_8-20180425-1 libsystemd0_238-4 libtasn1-6_4.13-2 libtimedate-perl_2.3000-2 libtinfo5_6.1+20180210-2 libtinfo6_6.1+20180210-2 libtool_2.4.6-2.1 libtsan0_8-20180425-1 libubsan0_7.3.0-17 libudev1_238-4 libunistring2_0.9.8-1 libustr-1.0-1_1.0.4-6 libuuid1_2.31.1-0.5 libxml2_2.9.4+dfsg1-6.1 libzstd1_1.3.4+dfsg-1 linux-libc-dev_4.15.17-1 login_1:4.5-1 m4_1.4.18-1 make_4.2.1-1 man-db_2.8.3-2 mawk_1.3.3-17+b3 mime-support_3.60 mount_2.31.1-0.5 multiarch-support_2.27-3 ncurses-base_6.1+20180210-2 ncurses-bin_6.1+20180210-2 passwd_1:4.5-1 patch_2.7.6-2 perl_5.26.2-3 perl-base_5.26.2-3 perl-modules-5.26_5.26.2-3 po-debconf_1.0.20 python_2.7.15~rc1-1 python-minimal_2.7.15~rc1-1 python2.7_2.7.15-1 python2.7-minimal_2.7.15-1 readline-common_7.0-3 sbuild-build-depends-core-dummy_0.invalid.0 sbuild-build-depends-librdkafka-dummy_0.invalid.0 sed_4.4-2 sensible-utils_0.0.12 sysvinit-utils_2.88dsf-59.10 tar_1.30+dfsg-1 util-linux_2.31.1-0.5 xz-utils_5.2.2-1.3 zlib1g_1:1.2.11.dfsg-1 zlib1g-dev_1:1.2.11.dfsg-1

+------------------------------------------------------------------------------+
| Build                                                                        |
+------------------------------------------------------------------------------+


Unpack source
-------------

gpgv: unknown type of key resource 'trustedkeys.kbx'
gpgv: keyblock resource '/sbuild-nonexistent/.gnupg/trustedkeys.kbx': General error
gpgv: Signature made Wed Apr 11 08:36:30 2018 UTC
gpgv:                using RSA key 7F648F6C2123C98FB329C82B11362600A747ECD9
gpgv: Can't check signature: No public key
dpkg-source: warning: failed to verify signature on ./librdkafka_0.11.4-1.dsc
dpkg-source: info: extracting librdkafka in /<<PKGBUILDDIR>>
dpkg-source: info: unpacking librdkafka_0.11.4.orig.tar.gz
dpkg-source: info: unpacking librdkafka_0.11.4-1.debian.tar.xz

Check disk space
----------------

Sufficient free space for build

User Environment
----------------

APT_CONFIG=/var/lib/sbuild/apt.conf
HOME=/sbuild-nonexistent
LANG=en_US.UTF-8
LC_ALL=POSIX
LOGNAME=user42
PATH=/usr/local/sbin:/usr/local/bin:/usr/sbin:/usr/bin:/sbin:/bin:/usr/games
SCHROOT_ALIAS_NAME=unstable-amd64-sbuild
SCHROOT_CHROOT_NAME=unstable-amd64-sbuild
SCHROOT_COMMAND=env
SCHROOT_GID=1001
SCHROOT_GROUP=user42
SCHROOT_SESSION_ID=unstable-amd64-sbuild-3ae37bd2-51d2-41a9-9714-03dd12f0528f
SCHROOT_UID=1001
SCHROOT_USER=user42
SHELL=/bin/sh
USER=user42

dpkg-buildpackage
-----------------

dpkg-buildpackage: info: source package librdkafka
dpkg-buildpackage: info: source version 0.11.4-1
dpkg-buildpackage: info: source distribution unstable
dpkg-buildpackage: info: source changed by Mpampis Kostas <charkost.rb@gmail.com>
 dpkg-source --before-build librdkafka-0.11.4
dpkg-buildpackage: info: host architecture amd64
 fakeroot debian/rules clean
dh clean --without systemd,autoreconf
   dh_auto_clean
	make -j8 -Oline distclean
make[2]: Entering directory '/<<PKGBUILDDIR>>/tests'
rm -f *.test 0079-fork.o 0064-interceptors.o 0075-retry.o 0056-balanced_group_mt.o 0015-offset_seeks.o 0041-fetch_max_bytes.o 0050-subscribe_adds.o 0006-symbols.o 0019-list_groups.o 0062-stats_event.o 0007-autotopic.o 0043-no_connection.o 0001-multiobj.o 0022-consume_batch.o 0005-order.o 0049-consume_conn_close.o 0047-partial_buf_tmout.o 0012-produce_consume.o 0048-partitioner.o 0025-timers.o 0072-headers_ut.o 0037-destroy_hang_local.o 0040-io_event.o 0002-unkpart.o 0018-cgrp_term.o 0017-compression.o 0003-msgmaxsize.o 0055-producer_latency.o 0077-compaction.o 0042-many_topics.o 0034-offset_reset.o 0026-consume_pause.o 0029-assign_offset.o 0030-offset_commit.o 0044-partition_cnt.o 0069-consumer_add_parts.o 0031-get_offsets.o 0052-msg_timestamps.o 0033-regex_subscribe.o 0000-unittests.o 0035-api_version.o 0020-destroy_hang.o 0073-headers.o 0014-reconsume-191.o 0036-partial_fetch.o 0008-reqacks.o 0046-rkt_cache.o 0038-performance.o 0068-produce_timeout.o 0013-null-msgs.o 0021-rkt_destroy.o 0004-conf.o 0011-produce_batch.o 0074-producev.o 0051-assign_adds.o 0028-long_topicnames.o 0045-subscribe_update.o 0076-produce_retry.o 0039-event.o 0059-bsearch.o 0054-offset_time.o 0081-fetch_max_bytes.o 0067-empty_topic.o 0060-op_prio.o 0065-yield.o 0078-c_from_cpp.o 0058-log.o 0063-clusterid.o 8000-idle.o 0053-stats_cb.o 0070-null_empty.o 0061-consumer_lag.o 0057-invalid_topic.o 0066-plugins.o test.o testcpp.o tinycthread.o rdlist.o sockem.o merged
make[2]: Leaving directory '/<<PKGBUILDDIR>>/tests'
make -C interceptor_test clean
make[3]: Entering directory '/<<PKGBUILDDIR>>/tests/interceptor_test'
rm -f interceptor_test.o interceptor_test.d
make[3]: Leaving directory '/<<PKGBUILDDIR>>/tests/interceptor_test'
make[3]: Entering directory '/<<PKGBUILDDIR>>/tests/interceptor_test'
rm -f interceptor_test*.a interceptor_test.1 interceptor_test \
	interceptor_test.lds
make[3]: Leaving directory '/<<PKGBUILDDIR>>/tests/interceptor_test'
make[2]: Entering directory '/<<PKGBUILDDIR>>/examples'
rm -f rdkafka_example rdkafka_performance rdkafka_example_cpp rdkafka_consumer_example rdkafka_consumer_example_cpp kafkatest_verifiable_client rdkafka_simple_producer
make[2]: Leaving directory '/<<PKGBUILDDIR>>/examples'
make[2]: Entering directory '/<<PKGBUILDDIR>>/src'
rm -f rdkafka.o rdkafka_broker.o rdkafka_msg.o rdkafka_topic.o rdkafka_conf.o rdkafka_timer.o rdkafka_offset.o rdkafka_transport.o rdkafka_buf.o rdkafka_queue.o rdkafka_op.o rdkafka_request.o rdkafka_cgrp.o rdkafka_pattern.o rdkafka_partition.o rdkafka_subscription.o rdkafka_assignor.o rdkafka_range_assignor.o rdkafka_roundrobin_assignor.o rdkafka_feature.o rdcrc32.o crc32c.o rdmurmur2.o rdaddr.o rdrand.o rdlist.o tinycthread.o rdlog.o rdstring.o rdkafka_event.o rdkafka_metadata.o rdregex.o rdports.o rdkafka_metadata_cache.o rdavl.o rdkafka_sasl.o rdkafka_sasl_plain.o rdkafka_interceptor.o rdkafka_msgset_writer.o rdkafka_msgset_reader.o rdkafka_header.o rdvarint.o rdbuf.o rdunittest.o rdkafka_lz4.o xxhash.o lz4.o lz4frame.o lz4hc.o rdkafka.d rdkafka_broker.d rdkafka_msg.d rdkafka_topic.d rdkafka_conf.d rdkafka_timer.d rdkafka_offset.d rdkafka_transport.d rdkafka_buf.d rdkafka_queue.d rdkafka_op.d rdkafka_request.d rdkafka_cgrp.d rdkafka_pattern.d rdkafka_partition.d rdkafka_subscription.d rdkafka_assignor.d rdkafka_range_assignor.d rdkafka_roundrobin_assignor.d rdkafka_feature.d rdcrc32.d crc32c.d rdmurmur2.d rdaddr.d rdrand.d rdlist.d tinycthread.d rdlog.d rdstring.d rdkafka_event.d rdkafka_metadata.d rdregex.d rdports.d rdkafka_metadata_cache.d rdavl.d rdkafka_sasl.d rdkafka_sasl_plain.d rdkafka_interceptor.d rdkafka_msgset_writer.d rdkafka_msgset_reader.d rdkafka_header.d rdvarint.d rdbuf.d rdunittest.d rdkafka_lz4.d xxhash.d lz4.d lz4frame.d lz4hc.d
make[2]: Leaving directory '/<<PKGBUILDDIR>>/src'
make[2]: Entering directory '/<<PKGBUILDDIR>>/src'
rm -f librdkafka*.a librdkafka.1 librdkafka \
	librdkafka.lds
make[2]: Leaving directory '/<<PKGBUILDDIR>>/src'
make[2]: Entering directory '/<<PKGBUILDDIR>>/src-cpp'
rm -f RdKafka.o ConfImpl.o HandleImpl.o ConsumerImpl.o ProducerImpl.o KafkaConsumerImpl.o TopicImpl.o TopicPartitionImpl.o MessageImpl.o QueueImpl.o MetadataImpl.o RdKafka.d ConfImpl.d HandleImpl.d ConsumerImpl.d ProducerImpl.d KafkaConsumerImpl.d TopicImpl.d TopicPartitionImpl.d MessageImpl.d QueueImpl.d MetadataImpl.d
make[2]: Leaving directory '/<<PKGBUILDDIR>>/src-cpp'
make[2]: Entering directory '/<<PKGBUILDDIR>>/src-cpp'
rm -f librdkafka++*.a librdkafka++.1 librdkafka++ \
	librdkafka++.lds
make[2]: Leaving directory '/<<PKGBUILDDIR>>/src-cpp'
make[1]: Entering directory '/<<PKGBUILDDIR>>'
./configure --clean
Removing config.log
make[1]: Leaving directory '/<<PKGBUILDDIR>>'
make[1]: Entering directory '/<<PKGBUILDDIR>>'
rm -f config.log config.log.old
make[1]: Leaving directory '/<<PKGBUILDDIR>>'
   dh_clean
 debian/rules build-arch
dh build-arch --without systemd,autoreconf
   dh_update_autotools_config -a
   dh_auto_configure -a
	./configure --build=x86_64-linux-gnu --prefix=/usr --includedir=\${prefix}/include --mandir=\${prefix}/share/man --infodir=\${prefix}/share/info --sysconfdir=/etc --localstatedir=/var --disable-silent-rules --libdir=\${prefix}/lib/x86_64-linux-gnu --libexecdir=\${prefix}/lib/x86_64-linux-gnu --disable-maintainer-mode --disable-dependency-tracking
checking for OS or distribution... ok (Linux)
checking for C compiler from CC env... failed
checking for gcc (by command)... ok
checking for C++ compiler from CXX env... failed
checking for C++ compiler (g++)... ok
checking executable ld... ok
checking executable nm... ok
checking executable objdump... ok
checking executable strip... ok
checking for pkgconfig (by command)... failed
checking for install (by command)... ok
checking for PIC (by compile)... failed (disable)
checking for GNU-compatible linker options... failed
checking for OSX linker options... failed
checking for GNU linker-script ld flag... failed
checking for Solaris linker-script ld flag... failed (ignore)
checking for __atomic_32 (by compile)... failed
checking for __atomic_32_lib (by compile)... failed
checking for __sync_32 (by compile)... failed (disable)
checking for __atomic_64 (by compile)... failed
checking for __atomic_64_lib (by compile)... failed
checking for __sync_64 (by compile)... failed (disable)
checking for socket (by compile)... failed
checking for socket_nsl (by compile)... failed (fail)
parsing version '0x000b04ff'... ok (0.11.4)
checking for librt (by compile)... failed
checking for libpthread (by compile)... failed (fail)
checking for libdl (by compile)... failed (disable)
checking for zlib (by compile)... failed (disable)
checking for libcrypto (by compile)... failed (disable)
checking for liblz4 (by compile)... failed (disable)
checking for libssl (by compile)... failed (disable)
checking for libsasl2 (by compile)... failed (disable)
checking for libsasl (by compile)... failed (disable)
checking for crc32chw (by compile)... failed (disable)
checking for regex (by compile)... failed (disable)
checking for strndup (by compile)... failed (disable)
checking for strerror_r (by compile)... failed (disable)
checking for pthread_setname_gnu (by compile)... failed (disable)
checking for nm (by env NM)... ok (cached)



###########################################################
###                  Configure failed                   ###
###########################################################
### Accumulated failures:                               ###
###########################################################
 socket_nsl () 
    module: socket
    action: fail
    reason:
compile check failed:
CC: CC
flags: 
gcc -g -O2 -fdebug-prefix-map=/<<PKGBUILDDIR>>=. -specs=/usr/share/dpkg/no-pie-compile.specs -fstack-protector-strong -Wformat -Werror=format-security -Wdate-time -D_FORTIFY_SOURCE=2 -I/usr/include -g -O2 -Wall -Wsign-compare -Wfloat-equal -Wpointer-arith -Wcast-align -Wall -Werror _mkltmpbybsvy.c -o _mkltmpbybsvy.c.o -lsocket -lnsl -specs=/usr/share/dpkg/no-pie-link.specs -Wl,-z,relro -Wl,-z,now -L/usr/lib/x86_64-linux-gnu :
clang: error: argument unused during compilation: '-specs=/usr/share/dpkg/no-pie-compile.specs' [-Werror,-Wunused-command-line-argument]
clang: error: argument unused during compilation: '-specs=/usr/share/dpkg/no-pie-link.specs' [-Werror,-Wunused-command-line-argument]
source: 
#include <sys/types.h>
#include <sys/socket.h>
#include <unistd.h>
void foo (void) {
   int s = socket(0, 0, 0);
   close(s);
}

 libpthread () 
    module: librdkafka
    action: fail
    reason:
compile check failed:
CC: CC
flags: -lpthread
gcc -g -O2 -fdebug-prefix-map=/<<PKGBUILDDIR>>=. -specs=/usr/share/dpkg/no-pie-compile.specs -fstack-protector-strong -Wformat -Werror=format-security -Wdate-time -D_FORTIFY_SOURCE=2 -I/usr/include -g -O2 -Wall -Wsign-compare -Wfloat-equal -Wpointer-arith -Wcast-align -Wall -Werror _mkltmpRuWeQ3.c -o _mkltmpRuWeQ3.c.o  -specs=/usr/share/dpkg/no-pie-link.specs -Wl,-z,relro -Wl,-z,now -L/usr/lib/x86_64-linux-gnu -lpthread:
clang: error: argument unused during compilation: '-specs=/usr/share/dpkg/no-pie-compile.specs' [-Werror,-Wunused-command-line-argument]
clang: error: argument unused during compilation: '-specs=/usr/share/dpkg/no-pie-link.specs' [-Werror,-Wunused-command-line-argument]
source: #include <pthread.h>

	tail -v -n \+0 config.log
==> config.log <==
# configure exec: ./configure --build=x86_64-linux-gnu --prefix=/usr --includedir=${prefix}/include --mandir=${prefix}/share/man --infodir=${prefix}/share/info --sysconfdir=/etc --localstatedir=/var --disable-silent-rules --libdir=${prefix}/lib/x86_64-linux-gnu --libexecdir=${prefix}/lib/x86_64-linux-gnu --disable-maintainer-mode --disable-dependency-tracking
# On Wed May  2 13:29:55 UTC 2018
DBG: ccenv: WITH_CC:  --version failed: mklove/modules/configure.base: line 1183: --version: command not found
DBG: Check ccenv (WITH_CC, action cont (originally cont)) failed: command ' --version' failed:
mklove/modules/configure.base: line 1183: --version: command not found
DBG: cxxenv: WITH_CXX:  --version failed: mklove/modules/configure.base: line 1183: --version: command not found
DBG: Check cxxenv (WITH_CXX, action cont (originally cont)) failed: command ' --version' failed:
mklove/modules/configure.base: line 1183: --version: command not found
DBG: pkgconfig: WITH_PKGCONFIG: pkg-config --version failed: mklove/modules/configure.base: line 1183: pkg-config: command not found
DBG: Check pkgconfig (WITH_PKGCONFIG, action cont (originally cont)) failed: command 'pkg-config --version' failed:
mklove/modules/configure.base: line 1183: pkg-config: command not found
DBG: Compile check PIC (HAVE_PIC): gcc -g -O2 -fdebug-prefix-map=/<<PKGBUILDDIR>>=. -specs=/usr/share/dpkg/no-pie-compile.specs -fstack-protector-strong -Wformat -Werror=format-security -Wdate-time -D_FORTIFY_SOURCE=2 -I/usr/include -g -O2 -Wall -Werror _mkltmp5OVxzY.c -o _mkltmp5OVxzY.c.o  -specs=/usr/share/dpkg/no-pie-link.specs -Wl,-z,relro -Wl,-z,now -L/usr/lib/x86_64-linux-gnu -fPIC
DBG: compile check for PIC (HAVE_PIC) failed: gcc -g -O2 -fdebug-prefix-map=/<<PKGBUILDDIR>>=. -specs=/usr/share/dpkg/no-pie-compile.specs -fstack-protector-strong -Wformat -Werror=format-security -Wdate-time -D_FORTIFY_SOURCE=2 -I/usr/include -g -O2 -Wall -Werror _mkltmp5OVxzY.c -o _mkltmp5OVxzY.c.o  -specs=/usr/share/dpkg/no-pie-link.specs -Wl,-z,relro -Wl,-z,now -L/usr/lib/x86_64-linux-gnu -fPIC: clang: error: argument unused during compilation: '-specs=/usr/share/dpkg/no-pie-compile.specs' [-Werror,-Wunused-command-line-argument]
clang: error: argument unused during compilation: '-specs=/usr/share/dpkg/no-pie-link.specs' [-Werror,-Wunused-command-line-argument]
DBG: Check PIC (HAVE_PIC, action disable (originally disable)) failed: compile check failed:
CC: CC
flags: -fPIC
gcc -g -O2 -fdebug-prefix-map=/<<PKGBUILDDIR>>=. -specs=/usr/share/dpkg/no-pie-compile.specs -fstack-protector-strong -Wformat -Werror=format-security -Wdate-time -D_FORTIFY_SOURCE=2 -I/usr/include -g -O2 -Wall -Werror _mkltmp5OVxzY.c -o _mkltmp5OVxzY.c.o  -specs=/usr/share/dpkg/no-pie-link.specs -Wl,-z,relro -Wl,-z,now -L/usr/lib/x86_64-linux-gnu -fPIC:
clang: error: argument unused during compilation: '-specs=/usr/share/dpkg/no-pie-compile.specs' [-Werror,-Wunused-command-line-argument]
clang: error: argument unused during compilation: '-specs=/usr/share/dpkg/no-pie-link.specs' [-Werror,-Wunused-command-line-argument]
source: 
DBG: Compile check gnulib (WITH_GNULD): gcc -g -O2 -fdebug-prefix-map=/<<PKGBUILDDIR>>=. -specs=/usr/share/dpkg/no-pie-compile.specs -fstack-protector-strong -Wformat -Werror=format-security -Wdate-time -D_FORTIFY_SOURCE=2 -I/usr/include -g -O2 -Wall -Werror _mkltmpBPGNd9.c -o _mkltmpBPGNd9.c.o  -specs=/usr/share/dpkg/no-pie-link.specs -Wl,-z,relro -Wl,-z,now -L/usr/lib/x86_64-linux-gnu -shared -Wl,-soname,mkltest.0
DBG: compile check for gnulib (WITH_GNULD) failed: gcc -g -O2 -fdebug-prefix-map=/<<PKGBUILDDIR>>=. -specs=/usr/share/dpkg/no-pie-compile.specs -fstack-protector-strong -Wformat -Werror=format-security -Wdate-time -D_FORTIFY_SOURCE=2 -I/usr/include -g -O2 -Wall -Werror _mkltmpBPGNd9.c -o _mkltmpBPGNd9.c.o  -specs=/usr/share/dpkg/no-pie-link.specs -Wl,-z,relro -Wl,-z,now -L/usr/lib/x86_64-linux-gnu -shared -Wl,-soname,mkltest.0: clang: error: argument unused during compilation: '-specs=/usr/share/dpkg/no-pie-compile.specs' [-Werror,-Wunused-command-line-argument]
clang: error: argument unused during compilation: '-specs=/usr/share/dpkg/no-pie-link.specs' [-Werror,-Wunused-command-line-argument]
DBG: Check gnulib (WITH_GNULD, action cont (originally cont)) failed: compile check failed:
CC: CC
flags: -shared -Wl,-soname,mkltest.0
gcc -g -O2 -fdebug-prefix-map=/<<PKGBUILDDIR>>=. -specs=/usr/share/dpkg/no-pie-compile.specs -fstack-protector-strong -Wformat -Werror=format-security -Wdate-time -D_FORTIFY_SOURCE=2 -I/usr/include -g -O2 -Wall -Werror _mkltmpBPGNd9.c -o _mkltmpBPGNd9.c.o  -specs=/usr/share/dpkg/no-pie-link.specs -Wl,-z,relro -Wl,-z,now -L/usr/lib/x86_64-linux-gnu -shared -Wl,-soname,mkltest.0:
clang: error: argument unused during compilation: '-specs=/usr/share/dpkg/no-pie-compile.specs' [-Werror,-Wunused-command-line-argument]
clang: error: argument unused during compilation: '-specs=/usr/share/dpkg/no-pie-link.specs' [-Werror,-Wunused-command-line-argument]
source: 
DBG: Compile check osxlib (WITH_OSXLD): gcc -g -O2 -fdebug-prefix-map=/<<PKGBUILDDIR>>=. -specs=/usr/share/dpkg/no-pie-compile.specs -fstack-protector-strong -Wformat -Werror=format-security -Wdate-time -D_FORTIFY_SOURCE=2 -I/usr/include -g -O2 -Wall -Werror _mkltmpCmPOpi.c -o _mkltmpCmPOpi.c.o  -specs=/usr/share/dpkg/no-pie-link.specs -Wl,-z,relro -Wl,-z,now -L/usr/lib/x86_64-linux-gnu -dynamiclib -Wl,-install_name,/tmp/mkltest.so.0
DBG: compile check for osxlib (WITH_OSXLD) failed: gcc -g -O2 -fdebug-prefix-map=/<<PKGBUILDDIR>>=. -specs=/usr/share/dpkg/no-pie-compile.specs -fstack-protector-strong -Wformat -Werror=format-security -Wdate-time -D_FORTIFY_SOURCE=2 -I/usr/include -g -O2 -Wall -Werror _mkltmpCmPOpi.c -o _mkltmpCmPOpi.c.o  -specs=/usr/share/dpkg/no-pie-link.specs -Wl,-z,relro -Wl,-z,now -L/usr/lib/x86_64-linux-gnu -dynamiclib -Wl,-install_name,/tmp/mkltest.so.0: clang: error: argument unused during compilation: '-specs=/usr/share/dpkg/no-pie-compile.specs' [-Werror,-Wunused-command-line-argument]
clang: error: argument unused during compilation: '-specs=/usr/share/dpkg/no-pie-link.specs' [-Werror,-Wunused-command-line-argument]
clang: error: argument unused during compilation: '-dynamiclib' [-Werror,-Wunused-command-line-argument]
DBG: Check osxlib (WITH_OSXLD, action cont (originally cont)) failed: compile check failed:
CC: CC
flags: -dynamiclib -Wl,-install_name,/tmp/mkltest.so.0
gcc -g -O2 -fdebug-prefix-map=/<<PKGBUILDDIR>>=. -specs=/usr/share/dpkg/no-pie-compile.specs -fstack-protector-strong -Wformat -Werror=format-security -Wdate-time -D_FORTIFY_SOURCE=2 -I/usr/include -g -O2 -Wall -Werror _mkltmpCmPOpi.c -o _mkltmpCmPOpi.c.o  -specs=/usr/share/dpkg/no-pie-link.specs -Wl,-z,relro -Wl,-z,now -L/usr/lib/x86_64-linux-gnu -dynamiclib -Wl,-install_name,/tmp/mkltest.so.0:
clang: error: argument unused during compilation: '-specs=/usr/share/dpkg/no-pie-compile.specs' [-Werror,-Wunused-command-line-argument]
clang: error: argument unused during compilation: '-specs=/usr/share/dpkg/no-pie-link.specs' [-Werror,-Wunused-command-line-argument]
clang: error: argument unused during compilation: '-dynamiclib' [-Werror,-Wunused-command-line-argument]
source: 
DBG: Compile check ldsflagvs (): gcc -g -O2 -fdebug-prefix-map=/<<PKGBUILDDIR>>=. -specs=/usr/share/dpkg/no-pie-compile.specs -fstack-protector-strong -Wformat -Werror=format-security -Wdate-time -D_FORTIFY_SOURCE=2 -I/usr/include -g -O2 -Wall -Werror _mkltmpFUBtV4.c -o _mkltmpFUBtV4.c.o  -specs=/usr/share/dpkg/no-pie-link.specs -Wl,-z,relro -Wl,-z,now -L/usr/lib/x86_64-linux-gnu -shared -Wl,--version-script=_mkltmpMwJBHc
DBG: compile check for ldsflagvs () failed: gcc -g -O2 -fdebug-prefix-map=/<<PKGBUILDDIR>>=. -specs=/usr/share/dpkg/no-pie-compile.specs -fstack-protector-strong -Wformat -Werror=format-security -Wdate-time -D_FORTIFY_SOURCE=2 -I/usr/include -g -O2 -Wall -Werror _mkltmpFUBtV4.c -o _mkltmpFUBtV4.c.o  -specs=/usr/share/dpkg/no-pie-link.specs -Wl,-z,relro -Wl,-z,now -L/usr/lib/x86_64-linux-gnu -shared -Wl,--version-script=_mkltmpMwJBHc: clang: error: argument unused during compilation: '-specs=/usr/share/dpkg/no-pie-compile.specs' [-Werror,-Wunused-command-line-argument]
clang: error: argument unused during compilation: '-specs=/usr/share/dpkg/no-pie-link.specs' [-Werror,-Wunused-command-line-argument]
DBG: Check ldsflagvs (, action cont (originally cont)) failed: compile check failed:
CC: CC
flags: -shared -Wl,--version-script=_mkltmpMwJBHc
gcc -g -O2 -fdebug-prefix-map=/<<PKGBUILDDIR>>=. -specs=/usr/share/dpkg/no-pie-compile.specs -fstack-protector-strong -Wformat -Werror=format-security -Wdate-time -D_FORTIFY_SOURCE=2 -I/usr/include -g -O2 -Wall -Werror _mkltmpFUBtV4.c -o _mkltmpFUBtV4.c.o  -specs=/usr/share/dpkg/no-pie-link.specs -Wl,-z,relro -Wl,-z,now -L/usr/lib/x86_64-linux-gnu -shared -Wl,--version-script=_mkltmpMwJBHc:
clang: error: argument unused during compilation: '-specs=/usr/share/dpkg/no-pie-compile.specs' [-Werror,-Wunused-command-line-argument]
clang: error: argument unused during compilation: '-specs=/usr/share/dpkg/no-pie-link.specs' [-Werror,-Wunused-command-line-argument]
source: 
DBG: Compile check ldsflagm (): gcc -g -O2 -fdebug-prefix-map=/<<PKGBUILDDIR>>=. -specs=/usr/share/dpkg/no-pie-compile.specs -fstack-protector-strong -Wformat -Werror=format-security -Wdate-time -D_FORTIFY_SOURCE=2 -I/usr/include -g -O2 -Wall -Werror _mkltmpTgfzlG.c -o _mkltmpTgfzlG.c.o  -specs=/usr/share/dpkg/no-pie-link.specs -Wl,-z,relro -Wl,-z,now -L/usr/lib/x86_64-linux-gnu -shared -Wl,-M_mkltmpMwJBHc
DBG: compile check for ldsflagm () failed: gcc -g -O2 -fdebug-prefix-map=/<<PKGBUILDDIR>>=. -specs=/usr/share/dpkg/no-pie-compile.specs -fstack-protector-strong -Wformat -Werror=format-security -Wdate-time -D_FORTIFY_SOURCE=2 -I/usr/include -g -O2 -Wall -Werror _mkltmpTgfzlG.c -o _mkltmpTgfzlG.c.o  -specs=/usr/share/dpkg/no-pie-link.specs -Wl,-z,relro -Wl,-z,now -L/usr/lib/x86_64-linux-gnu -shared -Wl,-M_mkltmpMwJBHc: clang: error: argument unused during compilation: '-specs=/usr/share/dpkg/no-pie-compile.specs' [-Werror,-Wunused-command-line-argument]
clang: error: argument unused during compilation: '-specs=/usr/share/dpkg/no-pie-link.specs' [-Werror,-Wunused-command-line-argument]
DBG: Check ldsflagm (, action ignore (originally ignore)) failed: compile check failed:
CC: CC
flags: -shared -Wl,-M_mkltmpMwJBHc
gcc -g -O2 -fdebug-prefix-map=/<<PKGBUILDDIR>>=. -specs=/usr/share/dpkg/no-pie-compile.specs -fstack-protector-strong -Wformat -Werror=format-security -Wdate-time -D_FORTIFY_SOURCE=2 -I/usr/include -g -O2 -Wall -Werror _mkltmpTgfzlG.c -o _mkltmpTgfzlG.c.o  -specs=/usr/share/dpkg/no-pie-link.specs -Wl,-z,relro -Wl,-z,now -L/usr/lib/x86_64-linux-gnu -shared -Wl,-M_mkltmpMwJBHc:
clang: error: argument unused during compilation: '-specs=/usr/share/dpkg/no-pie-compile.specs' [-Werror,-Wunused-command-line-argument]
clang: error: argument unused during compilation: '-specs=/usr/share/dpkg/no-pie-link.specs' [-Werror,-Wunused-command-line-argument]
source: 
DBG: Compile check __atomic_32 (HAVE_ATOMICS_32): gcc -g -O2 -fdebug-prefix-map=/<<PKGBUILDDIR>>=. -specs=/usr/share/dpkg/no-pie-compile.specs -fstack-protector-strong -Wformat -Werror=format-security -Wdate-time -D_FORTIFY_SOURCE=2 -I/usr/include -g -O2 -Wall -Werror _mkltmpodPtcm.c -o _mkltmpodPtcm.c.o  -specs=/usr/share/dpkg/no-pie-link.specs -Wl,-z,relro -Wl,-z,now -L/usr/lib/x86_64-linux-gnu 
DBG: compile check for __atomic_32 (HAVE_ATOMICS_32) failed: gcc -g -O2 -fdebug-prefix-map=/<<PKGBUILDDIR>>=. -specs=/usr/share/dpkg/no-pie-compile.specs -fstack-protector-strong -Wformat -Werror=format-security -Wdate-time -D_FORTIFY_SOURCE=2 -I/usr/include -g -O2 -Wall -Werror _mkltmpodPtcm.c -o _mkltmpodPtcm.c.o  -specs=/usr/share/dpkg/no-pie-link.specs -Wl,-z,relro -Wl,-z,now -L/usr/lib/x86_64-linux-gnu : clang: error: argument unused during compilation: '-specs=/usr/share/dpkg/no-pie-compile.specs' [-Werror,-Wunused-command-line-argument]
clang: error: argument unused during compilation: '-specs=/usr/share/dpkg/no-pie-link.specs' [-Werror,-Wunused-command-line-argument]
DBG: Check __atomic_32 (HAVE_ATOMICS_32, action cont (originally cont)) failed: compile check failed:
CC: CC
flags: 
gcc -g -O2 -fdebug-prefix-map=/<<PKGBUILDDIR>>=. -specs=/usr/share/dpkg/no-pie-compile.specs -fstack-protector-strong -Wformat -Werror=format-security -Wdate-time -D_FORTIFY_SOURCE=2 -I/usr/include -g -O2 -Wall -Werror _mkltmpodPtcm.c -o _mkltmpodPtcm.c.o  -specs=/usr/share/dpkg/no-pie-link.specs -Wl,-z,relro -Wl,-z,now -L/usr/lib/x86_64-linux-gnu :
clang: error: argument unused during compilation: '-specs=/usr/share/dpkg/no-pie-compile.specs' [-Werror,-Wunused-command-line-argument]
clang: error: argument unused during compilation: '-specs=/usr/share/dpkg/no-pie-link.specs' [-Werror,-Wunused-command-line-argument]
source: 
#include <inttypes.h>
int32_t foo (int32_t i) {
  return __atomic_add_fetch(&i, 1, __ATOMIC_SEQ_CST);
}
DBG: Compile check __atomic_32_lib (HAVE_ATOMICS_32): gcc -g -O2 -fdebug-prefix-map=/<<PKGBUILDDIR>>=. -specs=/usr/share/dpkg/no-pie-compile.specs -fstack-protector-strong -Wformat -Werror=format-security -Wdate-time -D_FORTIFY_SOURCE=2 -I/usr/include -g -O2 -Wall -Werror _mkltmpOjkDWG.c -o _mkltmpOjkDWG.c.o -latomic -specs=/usr/share/dpkg/no-pie-link.specs -Wl,-z,relro -Wl,-z,now -L/usr/lib/x86_64-linux-gnu 
DBG: compile check for __atomic_32_lib (HAVE_ATOMICS_32) failed: gcc -g -O2 -fdebug-prefix-map=/<<PKGBUILDDIR>>=. -specs=/usr/share/dpkg/no-pie-compile.specs -fstack-protector-strong -Wformat -Werror=format-security -Wdate-time -D_FORTIFY_SOURCE=2 -I/usr/include -g -O2 -Wall -Werror _mkltmpOjkDWG.c -o _mkltmpOjkDWG.c.o -latomic -specs=/usr/share/dpkg/no-pie-link.specs -Wl,-z,relro -Wl,-z,now -L/usr/lib/x86_64-linux-gnu : clang: error: argument unused during compilation: '-specs=/usr/share/dpkg/no-pie-compile.specs' [-Werror,-Wunused-command-line-argument]
clang: error: argument unused during compilation: '-specs=/usr/share/dpkg/no-pie-link.specs' [-Werror,-Wunused-command-line-argument]
DBG: Check __atomic_32_lib (HAVE_ATOMICS_32, action cont (originally cont)) failed: compile check failed:
CC: CC
flags: 
gcc -g -O2 -fdebug-prefix-map=/<<PKGBUILDDIR>>=. -specs=/usr/share/dpkg/no-pie-compile.specs -fstack-protector-strong -Wformat -Werror=format-security -Wdate-time -D_FORTIFY_SOURCE=2 -I/usr/include -g -O2 -Wall -Werror _mkltmpOjkDWG.c -o _mkltmpOjkDWG.c.o -latomic -specs=/usr/share/dpkg/no-pie-link.specs -Wl,-z,relro -Wl,-z,now -L/usr/lib/x86_64-linux-gnu :
clang: error: argument unused during compilation: '-specs=/usr/share/dpkg/no-pie-compile.specs' [-Werror,-Wunused-command-line-argument]
clang: error: argument unused during compilation: '-specs=/usr/share/dpkg/no-pie-link.specs' [-Werror,-Wunused-command-line-argument]
source: 
#include <inttypes.h>
int32_t foo (int32_t i) {
  return __atomic_add_fetch(&i, 1, __ATOMIC_SEQ_CST);
}
DBG: Compile check __sync_32 (HAVE_ATOMICS_32): gcc -g -O2 -fdebug-prefix-map=/<<PKGBUILDDIR>>=. -specs=/usr/share/dpkg/no-pie-compile.specs -fstack-protector-strong -Wformat -Werror=format-security -Wdate-time -D_FORTIFY_SOURCE=2 -I/usr/include -g -O2 -Wall -Werror _mkltmpaBZagB.c -o _mkltmpaBZagB.c.o  -specs=/usr/share/dpkg/no-pie-link.specs -Wl,-z,relro -Wl,-z,now -L/usr/lib/x86_64-linux-gnu 
DBG: compile check for __sync_32 (HAVE_ATOMICS_32) failed: gcc -g -O2 -fdebug-prefix-map=/<<PKGBUILDDIR>>=. -specs=/usr/share/dpkg/no-pie-compile.specs -fstack-protector-strong -Wformat -Werror=format-security -Wdate-time -D_FORTIFY_SOURCE=2 -I/usr/include -g -O2 -Wall -Werror _mkltmpaBZagB.c -o _mkltmpaBZagB.c.o  -specs=/usr/share/dpkg/no-pie-link.specs -Wl,-z,relro -Wl,-z,now -L/usr/lib/x86_64-linux-gnu : clang: error: argument unused during compilation: '-specs=/usr/share/dpkg/no-pie-compile.specs' [-Werror,-Wunused-command-line-argument]
clang: error: argument unused during compilation: '-specs=/usr/share/dpkg/no-pie-link.specs' [-Werror,-Wunused-command-line-argument]
DBG: Check __sync_32 (HAVE_ATOMICS_32, action disable (originally disable)) failed: compile check failed:
CC: CC
flags: 
gcc -g -O2 -fdebug-prefix-map=/<<PKGBUILDDIR>>=. -specs=/usr/share/dpkg/no-pie-compile.specs -fstack-protector-strong -Wformat -Werror=format-security -Wdate-time -D_FORTIFY_SOURCE=2 -I/usr/include -g -O2 -Wall -Werror _mkltmpaBZagB.c -o _mkltmpaBZagB.c.o  -specs=/usr/share/dpkg/no-pie-link.specs -Wl,-z,relro -Wl,-z,now -L/usr/lib/x86_64-linux-gnu :
clang: error: argument unused during compilation: '-specs=/usr/share/dpkg/no-pie-compile.specs' [-Werror,-Wunused-command-line-argument]
clang: error: argument unused during compilation: '-specs=/usr/share/dpkg/no-pie-link.specs' [-Werror,-Wunused-command-line-argument]
source: 
#include <inttypes.h>
int32_t foo (int32_t i) {
  return __sync_add_and_fetch(&i, 1);
}
DBG: Compile check __atomic_64 (HAVE_ATOMICS_64): gcc -g -O2 -fdebug-prefix-map=/<<PKGBUILDDIR>>=. -specs=/usr/share/dpkg/no-pie-compile.specs -fstack-protector-strong -Wformat -Werror=format-security -Wdate-time -D_FORTIFY_SOURCE=2 -I/usr/include -g -O2 -Wall -Werror _mkltmppdy40r.c -o _mkltmppdy40r.c.o  -specs=/usr/share/dpkg/no-pie-link.specs -Wl,-z,relro -Wl,-z,now -L/usr/lib/x86_64-linux-gnu 
DBG: compile check for __atomic_64 (HAVE_ATOMICS_64) failed: gcc -g -O2 -fdebug-prefix-map=/<<PKGBUILDDIR>>=. -specs=/usr/share/dpkg/no-pie-compile.specs -fstack-protector-strong -Wformat -Werror=format-security -Wdate-time -D_FORTIFY_SOURCE=2 -I/usr/include -g -O2 -Wall -Werror _mkltmppdy40r.c -o _mkltmppdy40r.c.o  -specs=/usr/share/dpkg/no-pie-link.specs -Wl,-z,relro -Wl,-z,now -L/usr/lib/x86_64-linux-gnu : clang: error: argument unused during compilation: '-specs=/usr/share/dpkg/no-pie-compile.specs' [-Werror,-Wunused-command-line-argument]
clang: error: argument unused during compilation: '-specs=/usr/share/dpkg/no-pie-link.specs' [-Werror,-Wunused-command-line-argument]
DBG: Check __atomic_64 (HAVE_ATOMICS_64, action cont (originally cont)) failed: compile check failed:
CC: CC
flags: 
gcc -g -O2 -fdebug-prefix-map=/<<PKGBUILDDIR>>=. -specs=/usr/share/dpkg/no-pie-compile.specs -fstack-protector-strong -Wformat -Werror=format-security -Wdate-time -D_FORTIFY_SOURCE=2 -I/usr/include -g -O2 -Wall -Werror _mkltmppdy40r.c -o _mkltmppdy40r.c.o  -specs=/usr/share/dpkg/no-pie-link.specs -Wl,-z,relro -Wl,-z,now -L/usr/lib/x86_64-linux-gnu :
clang: error: argument unused during compilation: '-specs=/usr/share/dpkg/no-pie-compile.specs' [-Werror,-Wunused-command-line-argument]
clang: error: argument unused during compilation: '-specs=/usr/share/dpkg/no-pie-link.specs' [-Werror,-Wunused-command-line-argument]
source: 
#include <inttypes.h>
int64_t foo (int64_t i) {
  return __atomic_add_fetch(&i, 1, __ATOMIC_SEQ_CST);
}
DBG: Compile check __atomic_64_lib (HAVE_ATOMICS_64): gcc -g -O2 -fdebug-prefix-map=/<<PKGBUILDDIR>>=. -specs=/usr/share/dpkg/no-pie-compile.specs -fstack-protector-strong -Wformat -Werror=format-security -Wdate-time -D_FORTIFY_SOURCE=2 -I/usr/include -g -O2 -Wall -Werror _mkltmpVOKOJW.c -o _mkltmpVOKOJW.c.o -latomic -specs=/usr/share/dpkg/no-pie-link.specs -Wl,-z,relro -Wl,-z,now -L/usr/lib/x86_64-linux-gnu 
DBG: compile check for __atomic_64_lib (HAVE_ATOMICS_64) failed: gcc -g -O2 -fdebug-prefix-map=/<<PKGBUILDDIR>>=. -specs=/usr/share/dpkg/no-pie-compile.specs -fstack-protector-strong -Wformat -Werror=format-security -Wdate-time -D_FORTIFY_SOURCE=2 -I/usr/include -g -O2 -Wall -Werror _mkltmpVOKOJW.c -o _mkltmpVOKOJW.c.o -latomic -specs=/usr/share/dpkg/no-pie-link.specs -Wl,-z,relro -Wl,-z,now -L/usr/lib/x86_64-linux-gnu : clang: error: argument unused during compilation: '-specs=/usr/share/dpkg/no-pie-compile.specs' [-Werror,-Wunused-command-line-argument]
clang: error: argument unused during compilation: '-specs=/usr/share/dpkg/no-pie-link.specs' [-Werror,-Wunused-command-line-argument]
DBG: Check __atomic_64_lib (HAVE_ATOMICS_64, action cont (originally cont)) failed: compile check failed:
CC: CC
flags: 
gcc -g -O2 -fdebug-prefix-map=/<<PKGBUILDDIR>>=. -specs=/usr/share/dpkg/no-pie-compile.specs -fstack-protector-strong -Wformat -Werror=format-security -Wdate-time -D_FORTIFY_SOURCE=2 -I/usr/include -g -O2 -Wall -Werror _mkltmpVOKOJW.c -o _mkltmpVOKOJW.c.o -latomic -specs=/usr/share/dpkg/no-pie-link.specs -Wl,-z,relro -Wl,-z,now -L/usr/lib/x86_64-linux-gnu :
clang: error: argument unused during compilation: '-specs=/usr/share/dpkg/no-pie-compile.specs' [-Werror,-Wunused-command-line-argument]
clang: error: argument unused during compilation: '-specs=/usr/share/dpkg/no-pie-link.specs' [-Werror,-Wunused-command-line-argument]
source: 
#include <inttypes.h>
int64_t foo (int64_t i) {
  return __atomic_add_fetch(&i, 1, __ATOMIC_SEQ_CST);
}
DBG: Compile check __sync_64 (HAVE_ATOMICS_64): gcc -g -O2 -fdebug-prefix-map=/<<PKGBUILDDIR>>=. -specs=/usr/share/dpkg/no-pie-compile.specs -fstack-protector-strong -Wformat -Werror=format-security -Wdate-time -D_FORTIFY_SOURCE=2 -I/usr/include -g -O2 -Wall -Werror _mkltmpiAmBJf.c -o _mkltmpiAmBJf.c.o  -specs=/usr/share/dpkg/no-pie-link.specs -Wl,-z,relro -Wl,-z,now -L/usr/lib/x86_64-linux-gnu 
DBG: compile check for __sync_64 (HAVE_ATOMICS_64) failed: gcc -g -O2 -fdebug-prefix-map=/<<PKGBUILDDIR>>=. -specs=/usr/share/dpkg/no-pie-compile.specs -fstack-protector-strong -Wformat -Werror=format-security -Wdate-time -D_FORTIFY_SOURCE=2 -I/usr/include -g -O2 -Wall -Werror _mkltmpiAmBJf.c -o _mkltmpiAmBJf.c.o  -specs=/usr/share/dpkg/no-pie-link.specs -Wl,-z,relro -Wl,-z,now -L/usr/lib/x86_64-linux-gnu : clang: error: argument unused during compilation: '-specs=/usr/share/dpkg/no-pie-compile.specs' [-Werror,-Wunused-command-line-argument]
clang: error: argument unused during compilation: '-specs=/usr/share/dpkg/no-pie-link.specs' [-Werror,-Wunused-command-line-argument]
DBG: Check __sync_64 (HAVE_ATOMICS_64, action disable (originally disable)) failed: compile check failed:
CC: CC
flags: 
gcc -g -O2 -fdebug-prefix-map=/<<PKGBUILDDIR>>=. -specs=/usr/share/dpkg/no-pie-compile.specs -fstack-protector-strong -Wformat -Werror=format-security -Wdate-time -D_FORTIFY_SOURCE=2 -I/usr/include -g -O2 -Wall -Werror _mkltmpiAmBJf.c -o _mkltmpiAmBJf.c.o  -specs=/usr/share/dpkg/no-pie-link.specs -Wl,-z,relro -Wl,-z,now -L/usr/lib/x86_64-linux-gnu :
clang: error: argument unused during compilation: '-specs=/usr/share/dpkg/no-pie-compile.specs' [-Werror,-Wunused-command-line-argument]
clang: error: argument unused during compilation: '-specs=/usr/share/dpkg/no-pie-link.specs' [-Werror,-Wunused-command-line-argument]
source: 
#include <inttypes.h>
int64_t foo (int64_t i) {
  return __sync_add_and_fetch(&i, 1);
}
DBG: Compile check socket (): gcc -g -O2 -fdebug-prefix-map=/<<PKGBUILDDIR>>=. -specs=/usr/share/dpkg/no-pie-compile.specs -fstack-protector-strong -Wformat -Werror=format-security -Wdate-time -D_FORTIFY_SOURCE=2 -I/usr/include -g -O2 -Wall -Wsign-compare -Wfloat-equal -Wpointer-arith -Wcast-align -Wall -Werror _mkltmpvz7d86.c -o _mkltmpvz7d86.c.o  -specs=/usr/share/dpkg/no-pie-link.specs -Wl,-z,relro -Wl,-z,now -L/usr/lib/x86_64-linux-gnu 
DBG: compile check for socket () failed: gcc -g -O2 -fdebug-prefix-map=/<<PKGBUILDDIR>>=. -specs=/usr/share/dpkg/no-pie-compile.specs -fstack-protector-strong -Wformat -Werror=format-security -Wdate-time -D_FORTIFY_SOURCE=2 -I/usr/include -g -O2 -Wall -Wsign-compare -Wfloat-equal -Wpointer-arith -Wcast-align -Wall -Werror _mkltmpvz7d86.c -o _mkltmpvz7d86.c.o  -specs=/usr/share/dpkg/no-pie-link.specs -Wl,-z,relro -Wl,-z,now -L/usr/lib/x86_64-linux-gnu : clang: error: argument unused during compilation: '-specs=/usr/share/dpkg/no-pie-compile.specs' [-Werror,-Wunused-command-line-argument]
clang: error: argument unused during compilation: '-specs=/usr/share/dpkg/no-pie-link.specs' [-Werror,-Wunused-command-line-argument]
DBG: Check socket (, action cont (originally cont)) failed: compile check failed:
CC: CC
flags: 
gcc -g -O2 -fdebug-prefix-map=/<<PKGBUILDDIR>>=. -specs=/usr/share/dpkg/no-pie-compile.specs -fstack-protector-strong -Wformat -Werror=format-security -Wdate-time -D_FORTIFY_SOURCE=2 -I/usr/include -g -O2 -Wall -Wsign-compare -Wfloat-equal -Wpointer-arith -Wcast-align -Wall -Werror _mkltmpvz7d86.c -o _mkltmpvz7d86.c.o  -specs=/usr/share/dpkg/no-pie-link.specs -Wl,-z,relro -Wl,-z,now -L/usr/lib/x86_64-linux-gnu :
clang: error: argument unused during compilation: '-specs=/usr/share/dpkg/no-pie-compile.specs' [-Werror,-Wunused-command-line-argument]
clang: error: argument unused during compilation: '-specs=/usr/share/dpkg/no-pie-link.specs' [-Werror,-Wunused-command-line-argument]
source: 
#include <sys/types.h>
#include <sys/socket.h>
#include <unistd.h>
void foo (void) {
   int s = socket(0, 0, 0);
   close(s);
}
DBG: Compile check socket_nsl (): gcc -g -O2 -fdebug-prefix-map=/<<PKGBUILDDIR>>=. -specs=/usr/share/dpkg/no-pie-compile.specs -fstack-protector-strong -Wformat -Werror=format-security -Wdate-time -D_FORTIFY_SOURCE=2 -I/usr/include -g -O2 -Wall -Wsign-compare -Wfloat-equal -Wpointer-arith -Wcast-align -Wall -Werror _mkltmpbybsvy.c -o _mkltmpbybsvy.c.o -lsocket -lnsl -specs=/usr/share/dpkg/no-pie-link.specs -Wl,-z,relro -Wl,-z,now -L/usr/lib/x86_64-linux-gnu 
DBG: compile check for socket_nsl () failed: gcc -g -O2 -fdebug-prefix-map=/<<PKGBUILDDIR>>=. -specs=/usr/share/dpkg/no-pie-compile.specs -fstack-protector-strong -Wformat -Werror=format-security -Wdate-time -D_FORTIFY_SOURCE=2 -I/usr/include -g -O2 -Wall -Wsign-compare -Wfloat-equal -Wpointer-arith -Wcast-align -Wall -Werror _mkltmpbybsvy.c -o _mkltmpbybsvy.c.o -lsocket -lnsl -specs=/usr/share/dpkg/no-pie-link.specs -Wl,-z,relro -Wl,-z,now -L/usr/lib/x86_64-linux-gnu : clang: error: argument unused during compilation: '-specs=/usr/share/dpkg/no-pie-compile.specs' [-Werror,-Wunused-command-line-argument]
clang: error: argument unused during compilation: '-specs=/usr/share/dpkg/no-pie-link.specs' [-Werror,-Wunused-command-line-argument]
DBG: Check socket_nsl (, action fail (originally fail)) failed: compile check failed:
CC: CC
flags: 
gcc -g -O2 -fdebug-prefix-map=/<<PKGBUILDDIR>>=. -specs=/usr/share/dpkg/no-pie-compile.specs -fstack-protector-strong -Wformat -Werror=format-security -Wdate-time -D_FORTIFY_SOURCE=2 -I/usr/include -g -O2 -Wall -Wsign-compare -Wfloat-equal -Wpointer-arith -Wcast-align -Wall -Werror _mkltmpbybsvy.c -o _mkltmpbybsvy.c.o -lsocket -lnsl -specs=/usr/share/dpkg/no-pie-link.specs -Wl,-z,relro -Wl,-z,now -L/usr/lib/x86_64-linux-gnu :
clang: error: argument unused during compilation: '-specs=/usr/share/dpkg/no-pie-compile.specs' [-Werror,-Wunused-command-line-argument]
clang: error: argument unused during compilation: '-specs=/usr/share/dpkg/no-pie-link.specs' [-Werror,-Wunused-command-line-argument]
source: 
#include <sys/types.h>
#include <sys/socket.h>
#include <unistd.h>
void foo (void) {
   int s = socket(0, 0, 0);
   close(s);
}
DBG: Compile check librt (): gcc -g -O2 -fdebug-prefix-map=/<<PKGBUILDDIR>>=. -specs=/usr/share/dpkg/no-pie-compile.specs -fstack-protector-strong -Wformat -Werror=format-security -Wdate-time -D_FORTIFY_SOURCE=2 -I/usr/include -g -O2 -Wall -Wsign-compare -Wfloat-equal -Wpointer-arith -Wcast-align -Wall -Werror _mkltmpWbE1aH.c -o _mkltmpWbE1aH.c.o  -specs=/usr/share/dpkg/no-pie-link.specs -Wl,-z,relro -Wl,-z,now -L/usr/lib/x86_64-linux-gnu -lrt
DBG: compile check for librt () failed: gcc -g -O2 -fdebug-prefix-map=/<<PKGBUILDDIR>>=. -specs=/usr/share/dpkg/no-pie-compile.specs -fstack-protector-strong -Wformat -Werror=format-security -Wdate-time -D_FORTIFY_SOURCE=2 -I/usr/include -g -O2 -Wall -Wsign-compare -Wfloat-equal -Wpointer-arith -Wcast-align -Wall -Werror _mkltmpWbE1aH.c -o _mkltmpWbE1aH.c.o  -specs=/usr/share/dpkg/no-pie-link.specs -Wl,-z,relro -Wl,-z,now -L/usr/lib/x86_64-linux-gnu -lrt: clang: error: argument unused during compilation: '-specs=/usr/share/dpkg/no-pie-compile.specs' [-Werror,-Wunused-command-line-argument]
clang: error: argument unused during compilation: '-specs=/usr/share/dpkg/no-pie-link.specs' [-Werror,-Wunused-command-line-argument]
DBG: Check librt (, action cont (originally cont)) failed: compile check failed:
CC: CC
flags: -lrt
gcc -g -O2 -fdebug-prefix-map=/<<PKGBUILDDIR>>=. -specs=/usr/share/dpkg/no-pie-compile.specs -fstack-protector-strong -Wformat -Werror=format-security -Wdate-time -D_FORTIFY_SOURCE=2 -I/usr/include -g -O2 -Wall -Wsign-compare -Wfloat-equal -Wpointer-arith -Wcast-align -Wall -Werror _mkltmpWbE1aH.c -o _mkltmpWbE1aH.c.o  -specs=/usr/share/dpkg/no-pie-link.specs -Wl,-z,relro -Wl,-z,now -L/usr/lib/x86_64-linux-gnu -lrt:
clang: error: argument unused during compilation: '-specs=/usr/share/dpkg/no-pie-compile.specs' [-Werror,-Wunused-command-line-argument]
clang: error: argument unused during compilation: '-specs=/usr/share/dpkg/no-pie-link.specs' [-Werror,-Wunused-command-line-argument]
source: 
DBG: Compile check libpthread (): gcc -g -O2 -fdebug-prefix-map=/<<PKGBUILDDIR>>=. -specs=/usr/share/dpkg/no-pie-compile.specs -fstack-protector-strong -Wformat -Werror=format-security -Wdate-time -D_FORTIFY_SOURCE=2 -I/usr/include -g -O2 -Wall -Wsign-compare -Wfloat-equal -Wpointer-arith -Wcast-align -Wall -Werror _mkltmpRuWeQ3.c -o _mkltmpRuWeQ3.c.o  -specs=/usr/share/dpkg/no-pie-link.specs -Wl,-z,relro -Wl,-z,now -L/usr/lib/x86_64-linux-gnu -lpthread
DBG: compile check for libpthread () failed: gcc -g -O2 -fdebug-prefix-map=/<<PKGBUILDDIR>>=. -specs=/usr/share/dpkg/no-pie-compile.specs -fstack-protector-strong -Wformat -Werror=format-security -Wdate-time -D_FORTIFY_SOURCE=2 -I/usr/include -g -O2 -Wall -Wsign-compare -Wfloat-equal -Wpointer-arith -Wcast-align -Wall -Werror _mkltmpRuWeQ3.c -o _mkltmpRuWeQ3.c.o  -specs=/usr/share/dpkg/no-pie-link.specs -Wl,-z,relro -Wl,-z,now -L/usr/lib/x86_64-linux-gnu -lpthread: clang: error: argument unused during compilation: '-specs=/usr/share/dpkg/no-pie-compile.specs' [-Werror,-Wunused-command-line-argument]
clang: error: argument unused during compilation: '-specs=/usr/share/dpkg/no-pie-link.specs' [-Werror,-Wunused-command-line-argument]
DBG: Check libpthread (, action fail (originally fail)) failed: compile check failed:
CC: CC
flags: -lpthread
gcc -g -O2 -fdebug-prefix-map=/<<PKGBUILDDIR>>=. -specs=/usr/share/dpkg/no-pie-compile.specs -fstack-protector-strong -Wformat -Werror=format-security -Wdate-time -D_FORTIFY_SOURCE=2 -I/usr/include -g -O2 -Wall -Wsign-compare -Wfloat-equal -Wpointer-arith -Wcast-align -Wall -Werror _mkltmpRuWeQ3.c -o _mkltmpRuWeQ3.c.o  -specs=/usr/share/dpkg/no-pie-link.specs -Wl,-z,relro -Wl,-z,now -L/usr/lib/x86_64-linux-gnu -lpthread:
clang: error: argument unused during compilation: '-specs=/usr/share/dpkg/no-pie-compile.specs' [-Werror,-Wunused-command-line-argument]
clang: error: argument unused during compilation: '-specs=/usr/share/dpkg/no-pie-link.specs' [-Werror,-Wunused-command-line-argument]
source: #include <pthread.h>
DBG: Compile check libdl (WITH_LIBDL): gcc -g -O2 -fdebug-prefix-map=/<<PKGBUILDDIR>>=. -specs=/usr/share/dpkg/no-pie-compile.specs -fstack-protector-strong -Wformat -Werror=format-security -Wdate-time -D_FORTIFY_SOURCE=2 -I/usr/include -g -O2 -Wall -Wsign-compare -Wfloat-equal -Wpointer-arith -Wcast-align -Wall -Werror _mkltmpjesKgG.c -o _mkltmpjesKgG.c.o  -specs=/usr/share/dpkg/no-pie-link.specs -Wl,-z,relro -Wl,-z,now -L/usr/lib/x86_64-linux-gnu -ldl
DBG: compile check for libdl (WITH_LIBDL) failed: gcc -g -O2 -fdebug-prefix-map=/<<PKGBUILDDIR>>=. -specs=/usr/share/dpkg/no-pie-compile.specs -fstack-protector-strong -Wformat -Werror=format-security -Wdate-time -D_FORTIFY_SOURCE=2 -I/usr/include -g -O2 -Wall -Wsign-compare -Wfloat-equal -Wpointer-arith -Wcast-align -Wall -Werror _mkltmpjesKgG.c -o _mkltmpjesKgG.c.o  -specs=/usr/share/dpkg/no-pie-link.specs -Wl,-z,relro -Wl,-z,now -L/usr/lib/x86_64-linux-gnu -ldl: clang: error: argument unused during compilation: '-specs=/usr/share/dpkg/no-pie-compile.specs' [-Werror,-Wunused-command-line-argument]
clang: error: argument unused during compilation: '-specs=/usr/share/dpkg/no-pie-link.specs' [-Werror,-Wunused-command-line-argument]
DBG: Check libdl (WITH_LIBDL, action disable (originally disable)) failed: compile check failed:
CC: CC
flags: -ldl
gcc -g -O2 -fdebug-prefix-map=/<<PKGBUILDDIR>>=. -specs=/usr/share/dpkg/no-pie-compile.specs -fstack-protector-strong -Wformat -Werror=format-security -Wdate-time -D_FORTIFY_SOURCE=2 -I/usr/include -g -O2 -Wall -Wsign-compare -Wfloat-equal -Wpointer-arith -Wcast-align -Wall -Werror _mkltmpjesKgG.c -o _mkltmpjesKgG.c.o  -specs=/usr/share/dpkg/no-pie-link.specs -Wl,-z,relro -Wl,-z,now -L/usr/lib/x86_64-linux-gnu -ldl:
clang: error: argument unused during compilation: '-specs=/usr/share/dpkg/no-pie-compile.specs' [-Werror,-Wunused-command-line-argument]
clang: error: argument unused during compilation: '-specs=/usr/share/dpkg/no-pie-link.specs' [-Werror,-Wunused-command-line-argument]
source: 
#include <stdlib.h>
#include <dlfcn.h>
void foo (void) {
   void *h = dlopen("__bad_lib", 0);
   void *p = dlsym(h, "sym");
   if (p)
     p = NULL;
   dlclose(h);
}
DBG: Compile check zlib (WITH_ZLIB): gcc -g -O2 -fdebug-prefix-map=/<<PKGBUILDDIR>>=. -specs=/usr/share/dpkg/no-pie-compile.specs -fstack-protector-strong -Wformat -Werror=format-security -Wdate-time -D_FORTIFY_SOURCE=2 -I/usr/include -g -O2 -Wall -Wsign-compare -Wfloat-equal -Wpointer-arith -Wcast-align -Wall -Werror _mkltmpQDcgSN.c -o _mkltmpQDcgSN.c.o  -specs=/usr/share/dpkg/no-pie-link.specs -Wl,-z,relro -Wl,-z,now -L/usr/lib/x86_64-linux-gnu -lz
DBG: compile check for zlib (WITH_ZLIB) failed: gcc -g -O2 -fdebug-prefix-map=/<<PKGBUILDDIR>>=. -specs=/usr/share/dpkg/no-pie-compile.specs -fstack-protector-strong -Wformat -Werror=format-security -Wdate-time -D_FORTIFY_SOURCE=2 -I/usr/include -g -O2 -Wall -Wsign-compare -Wfloat-equal -Wpointer-arith -Wcast-align -Wall -Werror _mkltmpQDcgSN.c -o _mkltmpQDcgSN.c.o  -specs=/usr/share/dpkg/no-pie-link.specs -Wl,-z,relro -Wl,-z,now -L/usr/lib/x86_64-linux-gnu -lz: clang: error: argument unused during compilation: '-specs=/usr/share/dpkg/no-pie-compile.specs' [-Werror,-Wunused-command-line-argument]
clang: error: argument unused during compilation: '-specs=/usr/share/dpkg/no-pie-link.specs' [-Werror,-Wunused-command-line-argument]
DBG: Check zlib (WITH_ZLIB, action disable (originally disable)) failed: compile check failed:
CC: CC
flags: -lz
gcc -g -O2 -fdebug-prefix-map=/<<PKGBUILDDIR>>=. -specs=/usr/share/dpkg/no-pie-compile.specs -fstack-protector-strong -Wformat -Werror=format-security -Wdate-time -D_FORTIFY_SOURCE=2 -I/usr/include -g -O2 -Wall -Wsign-compare -Wfloat-equal -Wpointer-arith -Wcast-align -Wall -Werror _mkltmpQDcgSN.c -o _mkltmpQDcgSN.c.o  -specs=/usr/share/dpkg/no-pie-link.specs -Wl,-z,relro -Wl,-z,now -L/usr/lib/x86_64-linux-gnu -lz:
clang: error: argument unused during compilation: '-specs=/usr/share/dpkg/no-pie-compile.specs' [-Werror,-Wunused-command-line-argument]
clang: error: argument unused during compilation: '-specs=/usr/share/dpkg/no-pie-link.specs' [-Werror,-Wunused-command-line-argument]
source: #include <zlib.h>
DBG: Compile check libcrypto (): gcc -g -O2 -fdebug-prefix-map=/<<PKGBUILDDIR>>=. -specs=/usr/share/dpkg/no-pie-compile.specs -fstack-protector-strong -Wformat -Werror=format-security -Wdate-time -D_FORTIFY_SOURCE=2 -I/usr/include -g -O2 -Wall -Wsign-compare -Wfloat-equal -Wpointer-arith -Wcast-align -Wall -Werror _mkltmpTzHuXE.c -o _mkltmpTzHuXE.c.o  -specs=/usr/share/dpkg/no-pie-link.specs -Wl,-z,relro -Wl,-z,now -L/usr/lib/x86_64-linux-gnu -lcrypto
DBG: compile check for libcrypto () failed: gcc -g -O2 -fdebug-prefix-map=/<<PKGBUILDDIR>>=. -specs=/usr/share/dpkg/no-pie-compile.specs -fstack-protector-strong -Wformat -Werror=format-security -Wdate-time -D_FORTIFY_SOURCE=2 -I/usr/include -g -O2 -Wall -Wsign-compare -Wfloat-equal -Wpointer-arith -Wcast-align -Wall -Werror _mkltmpTzHuXE.c -o _mkltmpTzHuXE.c.o  -specs=/usr/share/dpkg/no-pie-link.specs -Wl,-z,relro -Wl,-z,now -L/usr/lib/x86_64-linux-gnu -lcrypto: clang: error: argument unused during compilation: '-specs=/usr/share/dpkg/no-pie-compile.specs' [-Werror,-Wunused-command-line-argument]
clang: error: argument unused during compilation: '-specs=/usr/share/dpkg/no-pie-link.specs' [-Werror,-Wunused-command-line-argument]
DBG: Check libcrypto (, action disable (originally disable)) failed: compile check failed:
CC: CC
flags: -lcrypto
gcc -g -O2 -fdebug-prefix-map=/<<PKGBUILDDIR>>=. -specs=/usr/share/dpkg/no-pie-compile.specs -fstack-protector-strong -Wformat -Werror=format-security -Wdate-time -D_FORTIFY_SOURCE=2 -I/usr/include -g -O2 -Wall -Wsign-compare -Wfloat-equal -Wpointer-arith -Wcast-align -Wall -Werror _mkltmpTzHuXE.c -o _mkltmpTzHuXE.c.o  -specs=/usr/share/dpkg/no-pie-link.specs -Wl,-z,relro -Wl,-z,now -L/usr/lib/x86_64-linux-gnu -lcrypto:
clang: error: argument unused during compilation: '-specs=/usr/share/dpkg/no-pie-compile.specs' [-Werror,-Wunused-command-line-argument]
clang: error: argument unused during compilation: '-specs=/usr/share/dpkg/no-pie-link.specs' [-Werror,-Wunused-command-line-argument]
source: 
DBG: Compile check liblz4 (WITH_LZ4_EXT): gcc -g -O2 -fdebug-prefix-map=/<<PKGBUILDDIR>>=. -specs=/usr/share/dpkg/no-pie-compile.specs -fstack-protector-strong -Wformat -Werror=format-security -Wdate-time -D_FORTIFY_SOURCE=2 -I/usr/include -g -O2 -Wall -Wsign-compare -Wfloat-equal -Wpointer-arith -Wcast-align -Wall -Werror _mkltmpl29AUj.c -o _mkltmpl29AUj.c.o  -specs=/usr/share/dpkg/no-pie-link.specs -Wl,-z,relro -Wl,-z,now -L/usr/lib/x86_64-linux-gnu -llz4
DBG: compile check for liblz4 (WITH_LZ4_EXT) failed: gcc -g -O2 -fdebug-prefix-map=/<<PKGBUILDDIR>>=. -specs=/usr/share/dpkg/no-pie-compile.specs -fstack-protector-strong -Wformat -Werror=format-security -Wdate-time -D_FORTIFY_SOURCE=2 -I/usr/include -g -O2 -Wall -Wsign-compare -Wfloat-equal -Wpointer-arith -Wcast-align -Wall -Werror _mkltmpl29AUj.c -o _mkltmpl29AUj.c.o  -specs=/usr/share/dpkg/no-pie-link.specs -Wl,-z,relro -Wl,-z,now -L/usr/lib/x86_64-linux-gnu -llz4: clang: error: argument unused during compilation: '-specs=/usr/share/dpkg/no-pie-compile.specs' [-Werror,-Wunused-command-line-argument]
clang: error: argument unused during compilation: '-specs=/usr/share/dpkg/no-pie-link.specs' [-Werror,-Wunused-command-line-argument]
DBG: Check liblz4 (WITH_LZ4_EXT, action disable (originally disable)) failed: compile check failed:
CC: CC
flags: -llz4
gcc -g -O2 -fdebug-prefix-map=/<<PKGBUILDDIR>>=. -specs=/usr/share/dpkg/no-pie-compile.specs -fstack-protector-strong -Wformat -Werror=format-security -Wdate-time -D_FORTIFY_SOURCE=2 -I/usr/include -g -O2 -Wall -Wsign-compare -Wfloat-equal -Wpointer-arith -Wcast-align -Wall -Werror _mkltmpl29AUj.c -o _mkltmpl29AUj.c.o  -specs=/usr/share/dpkg/no-pie-link.specs -Wl,-z,relro -Wl,-z,now -L/usr/lib/x86_64-linux-gnu -llz4:
clang: error: argument unused during compilation: '-specs=/usr/share/dpkg/no-pie-compile.specs' [-Werror,-Wunused-command-line-argument]
clang: error: argument unused during compilation: '-specs=/usr/share/dpkg/no-pie-link.specs' [-Werror,-Wunused-command-line-argument]
source: #include <lz4frame.h>
DBG: Compile check libssl (WITH_SSL): gcc -g -O2 -fdebug-prefix-map=/<<PKGBUILDDIR>>=. -specs=/usr/share/dpkg/no-pie-compile.specs -fstack-protector-strong -Wformat -Werror=format-security -Wdate-time -D_FORTIFY_SOURCE=2 -I/usr/include -g -O2 -Wall -Wsign-compare -Wfloat-equal -Wpointer-arith -Wcast-align -Wall -Werror _mkltmpGiSvAl.c -o _mkltmpGiSvAl.c.o  -specs=/usr/share/dpkg/no-pie-link.specs -Wl,-z,relro -Wl,-z,now -L/usr/lib/x86_64-linux-gnu -lssl
DBG: compile check for libssl (WITH_SSL) failed: gcc -g -O2 -fdebug-prefix-map=/<<PKGBUILDDIR>>=. -specs=/usr/share/dpkg/no-pie-compile.specs -fstack-protector-strong -Wformat -Werror=format-security -Wdate-time -D_FORTIFY_SOURCE=2 -I/usr/include -g -O2 -Wall -Wsign-compare -Wfloat-equal -Wpointer-arith -Wcast-align -Wall -Werror _mkltmpGiSvAl.c -o _mkltmpGiSvAl.c.o  -specs=/usr/share/dpkg/no-pie-link.specs -Wl,-z,relro -Wl,-z,now -L/usr/lib/x86_64-linux-gnu -lssl: clang: error: argument unused during compilation: '-specs=/usr/share/dpkg/no-pie-compile.specs' [-Werror,-Wunused-command-line-argument]
clang: error: argument unused during compilation: '-specs=/usr/share/dpkg/no-pie-link.specs' [-Werror,-Wunused-command-line-argument]
DBG: Check libssl (WITH_SSL, action disable (originally disable)) failed: compile check failed:
CC: CC
flags: -lssl
gcc -g -O2 -fdebug-prefix-map=/<<PKGBUILDDIR>>=. -specs=/usr/share/dpkg/no-pie-compile.specs -fstack-protector-strong -Wformat -Werror=format-security -Wdate-time -D_FORTIFY_SOURCE=2 -I/usr/include -g -O2 -Wall -Wsign-compare -Wfloat-equal -Wpointer-arith -Wcast-align -Wall -Werror _mkltmpGiSvAl.c -o _mkltmpGiSvAl.c.o  -specs=/usr/share/dpkg/no-pie-link.specs -Wl,-z,relro -Wl,-z,now -L/usr/lib/x86_64-linux-gnu -lssl:
clang: error: argument unused during compilation: '-specs=/usr/share/dpkg/no-pie-compile.specs' [-Werror,-Wunused-command-line-argument]
clang: error: argument unused during compilation: '-specs=/usr/share/dpkg/no-pie-link.specs' [-Werror,-Wunused-command-line-argument]
source: #include <openssl/ssl.h>
DBG: Compile check libsasl2 (WITH_SASL_CYRUS): gcc -g -O2 -fdebug-prefix-map=/<<PKGBUILDDIR>>=. -specs=/usr/share/dpkg/no-pie-compile.specs -fstack-protector-strong -Wformat -Werror=format-security -Wdate-time -D_FORTIFY_SOURCE=2 -I/usr/include -g -O2 -Wall -Wsign-compare -Wfloat-equal -Wpointer-arith -Wcast-align -Wall -Werror _mkltmpOzvneS.c -o _mkltmpOzvneS.c.o  -specs=/usr/share/dpkg/no-pie-link.specs -Wl,-z,relro -Wl,-z,now -L/usr/lib/x86_64-linux-gnu -lsasl2
DBG: compile check for libsasl2 (WITH_SASL_CYRUS) failed: gcc -g -O2 -fdebug-prefix-map=/<<PKGBUILDDIR>>=. -specs=/usr/share/dpkg/no-pie-compile.specs -fstack-protector-strong -Wformat -Werror=format-security -Wdate-time -D_FORTIFY_SOURCE=2 -I/usr/include -g -O2 -Wall -Wsign-compare -Wfloat-equal -Wpointer-arith -Wcast-align -Wall -Werror _mkltmpOzvneS.c -o _mkltmpOzvneS.c.o  -specs=/usr/share/dpkg/no-pie-link.specs -Wl,-z,relro -Wl,-z,now -L/usr/lib/x86_64-linux-gnu -lsasl2: clang: error: argument unused during compilation: '-specs=/usr/share/dpkg/no-pie-compile.specs' [-Werror,-Wunused-command-line-argument]
clang: error: argument unused during compilation: '-specs=/usr/share/dpkg/no-pie-link.specs' [-Werror,-Wunused-command-line-argument]
DBG: Check libsasl2 (WITH_SASL_CYRUS, action disable (originally disable)) failed: compile check failed:
CC: CC
flags: -lsasl2
gcc -g -O2 -fdebug-prefix-map=/<<PKGBUILDDIR>>=. -specs=/usr/share/dpkg/no-pie-compile.specs -fstack-protector-strong -Wformat -Werror=format-security -Wdate-time -D_FORTIFY_SOURCE=2 -I/usr/include -g -O2 -Wall -Wsign-compare -Wfloat-equal -Wpointer-arith -Wcast-align -Wall -Werror _mkltmpOzvneS.c -o _mkltmpOzvneS.c.o  -specs=/usr/share/dpkg/no-pie-link.specs -Wl,-z,relro -Wl,-z,now -L/usr/lib/x86_64-linux-gnu -lsasl2:
clang: error: argument unused during compilation: '-specs=/usr/share/dpkg/no-pie-compile.specs' [-Werror,-Wunused-command-line-argument]
clang: error: argument unused during compilation: '-specs=/usr/share/dpkg/no-pie-link.specs' [-Werror,-Wunused-command-line-argument]
source: #include <sasl/sasl.h>
DBG: Compile check libsasl (WITH_SASL_CYRUS): gcc -g -O2 -fdebug-prefix-map=/<<PKGBUILDDIR>>=. -specs=/usr/share/dpkg/no-pie-compile.specs -fstack-protector-strong -Wformat -Werror=format-security -Wdate-time -D_FORTIFY_SOURCE=2 -I/usr/include -g -O2 -Wall -Wsign-compare -Wfloat-equal -Wpointer-arith -Wcast-align -Wall -Werror _mkltmpwgHQ3R.c -o _mkltmpwgHQ3R.c.o  -specs=/usr/share/dpkg/no-pie-link.specs -Wl,-z,relro -Wl,-z,now -L/usr/lib/x86_64-linux-gnu -lsasl
DBG: compile check for libsasl (WITH_SASL_CYRUS) failed: gcc -g -O2 -fdebug-prefix-map=/<<PKGBUILDDIR>>=. -specs=/usr/share/dpkg/no-pie-compile.specs -fstack-protector-strong -Wformat -Werror=format-security -Wdate-time -D_FORTIFY_SOURCE=2 -I/usr/include -g -O2 -Wall -Wsign-compare -Wfloat-equal -Wpointer-arith -Wcast-align -Wall -Werror _mkltmpwgHQ3R.c -o _mkltmpwgHQ3R.c.o  -specs=/usr/share/dpkg/no-pie-link.specs -Wl,-z,relro -Wl,-z,now -L/usr/lib/x86_64-linux-gnu -lsasl: clang: error: argument unused during compilation: '-specs=/usr/share/dpkg/no-pie-compile.specs' [-Werror,-Wunused-command-line-argument]
clang: error: argument unused during compilation: '-specs=/usr/share/dpkg/no-pie-link.specs' [-Werror,-Wunused-command-line-argument]
DBG: Check libsasl (WITH_SASL_CYRUS, action disable (originally disable)) failed: compile check failed:
CC: CC
flags: -lsasl
gcc -g -O2 -fdebug-prefix-map=/<<PKGBUILDDIR>>=. -specs=/usr/share/dpkg/no-pie-compile.specs -fstack-protector-strong -Wformat -Werror=format-security -Wdate-time -D_FORTIFY_SOURCE=2 -I/usr/include -g -O2 -Wall -Wsign-compare -Wfloat-equal -Wpointer-arith -Wcast-align -Wall -Werror _mkltmpwgHQ3R.c -o _mkltmpwgHQ3R.c.o  -specs=/usr/share/dpkg/no-pie-link.specs -Wl,-z,relro -Wl,-z,now -L/usr/lib/x86_64-linux-gnu -lsasl:
clang: error: argument unused during compilation: '-specs=/usr/share/dpkg/no-pie-compile.specs' [-Werror,-Wunused-command-line-argument]
clang: error: argument unused during compilation: '-specs=/usr/share/dpkg/no-pie-link.specs' [-Werror,-Wunused-command-line-argument]
source: #include <sasl/sasl.h>
DBG: Compile check crc32chw (WITH_CRC32C_HW): gcc -g -O2 -fdebug-prefix-map=/<<PKGBUILDDIR>>=. -specs=/usr/share/dpkg/no-pie-compile.specs -fstack-protector-strong -Wformat -Werror=format-security -Wdate-time -D_FORTIFY_SOURCE=2 -I/usr/include -g -O2 -Wall -Wsign-compare -Wfloat-equal -Wpointer-arith -Wcast-align -Wall -Werror _mkltmppAKGld.c -o _mkltmppAKGld.c.o  -specs=/usr/share/dpkg/no-pie-link.specs -Wl,-z,relro -Wl,-z,now -L/usr/lib/x86_64-linux-gnu 
DBG: compile check for crc32chw (WITH_CRC32C_HW) failed: gcc -g -O2 -fdebug-prefix-map=/<<PKGBUILDDIR>>=. -specs=/usr/share/dpkg/no-pie-compile.specs -fstack-protector-strong -Wformat -Werror=format-security -Wdate-time -D_FORTIFY_SOURCE=2 -I/usr/include -g -O2 -Wall -Wsign-compare -Wfloat-equal -Wpointer-arith -Wcast-align -Wall -Werror _mkltmppAKGld.c -o _mkltmppAKGld.c.o  -specs=/usr/share/dpkg/no-pie-link.specs -Wl,-z,relro -Wl,-z,now -L/usr/lib/x86_64-linux-gnu : clang: error: argument unused during compilation: '-specs=/usr/share/dpkg/no-pie-compile.specs' [-Werror,-Wunused-command-line-argument]
clang: error: argument unused during compilation: '-specs=/usr/share/dpkg/no-pie-link.specs' [-Werror,-Wunused-command-line-argument]
DBG: Check crc32chw (WITH_CRC32C_HW, action disable (originally disable)) failed: compile check failed:
CC: CC
flags: 
gcc -g -O2 -fdebug-prefix-map=/<<PKGBUILDDIR>>=. -specs=/usr/share/dpkg/no-pie-compile.specs -fstack-protector-strong -Wformat -Werror=format-security -Wdate-time -D_FORTIFY_SOURCE=2 -I/usr/include -g -O2 -Wall -Wsign-compare -Wfloat-equal -Wpointer-arith -Wcast-align -Wall -Werror _mkltmppAKGld.c -o _mkltmppAKGld.c.o  -specs=/usr/share/dpkg/no-pie-link.specs -Wl,-z,relro -Wl,-z,now -L/usr/lib/x86_64-linux-gnu :
clang: error: argument unused during compilation: '-specs=/usr/share/dpkg/no-pie-compile.specs' [-Werror,-Wunused-command-line-argument]
clang: error: argument unused during compilation: '-specs=/usr/share/dpkg/no-pie-link.specs' [-Werror,-Wunused-command-line-argument]
source: 
#include <inttypes.h>
#include <stdio.h>
#define LONGx1 "8192"
#define LONGx2 "16384"
void foo (void) {
   const char *n = "abcdefghijklmnopqrstuvwxyz0123456789";
   uint64_t c0 = 0, c1 = 1, c2 = 2;
   uint64_t s;
   uint32_t eax = 1, ecx;
   __asm__("cpuid"
           : "=c"(ecx)
           : "a"(eax)
           : "%ebx", "%edx");
   __asm__("crc32b\t" "(%1), %0"
           : "=r"(c0)
           : "r"(n), "0"(c0));
   __asm__("crc32q\t" "(%3), %0\n\t"
           "crc32q\t" LONGx1 "(%3), %1\n\t"
           "crc32q\t" LONGx2 "(%3), %2"
           : "=r"(c0), "=r"(c1), "=r"(c2)
           : "r"(n), "0"(c0), "1"(c1), "2"(c2));
  s = c0 + c1 + c2;
  printf("avoiding unused code removal by printing %d, %d, %d\n", (int)s, (int)eax, (int)ecx);
}

DBG: Compile check regex (HAVE_REGEX): gcc -g -O2 -fdebug-prefix-map=/<<PKGBUILDDIR>>=. -specs=/usr/share/dpkg/no-pie-compile.specs -fstack-protector-strong -Wformat -Werror=format-security -Wdate-time -D_FORTIFY_SOURCE=2 -I/usr/include -g -O2 -Wall -Wsign-compare -Wfloat-equal -Wpointer-arith -Wcast-align -Wall -Werror _mkltmpc0xDS8.c -o _mkltmpc0xDS8.c.o  -specs=/usr/share/dpkg/no-pie-link.specs -Wl,-z,relro -Wl,-z,now -L/usr/lib/x86_64-linux-gnu 
DBG: compile check for regex (HAVE_REGEX) failed: gcc -g -O2 -fdebug-prefix-map=/<<PKGBUILDDIR>>=. -specs=/usr/share/dpkg/no-pie-compile.specs -fstack-protector-strong -Wformat -Werror=format-security -Wdate-time -D_FORTIFY_SOURCE=2 -I/usr/include -g -O2 -Wall -Wsign-compare -Wfloat-equal -Wpointer-arith -Wcast-align -Wall -Werror _mkltmpc0xDS8.c -o _mkltmpc0xDS8.c.o  -specs=/usr/share/dpkg/no-pie-link.specs -Wl,-z,relro -Wl,-z,now -L/usr/lib/x86_64-linux-gnu : clang: error: argument unused during compilation: '-specs=/usr/share/dpkg/no-pie-compile.specs' [-Werror,-Wunused-command-line-argument]
clang: error: argument unused during compilation: '-specs=/usr/share/dpkg/no-pie-link.specs' [-Werror,-Wunused-command-line-argument]
DBG: Check regex (HAVE_REGEX, action disable (originally disable)) failed: compile check failed:
CC: CC
flags: 
gcc -g -O2 -fdebug-prefix-map=/<<PKGBUILDDIR>>=. -specs=/usr/share/dpkg/no-pie-compile.specs -fstack-protector-strong -Wformat -Werror=format-security -Wdate-time -D_FORTIFY_SOURCE=2 -I/usr/include -g -O2 -Wall -Wsign-compare -Wfloat-equal -Wpointer-arith -Wcast-align -Wall -Werror _mkltmpc0xDS8.c -o _mkltmpc0xDS8.c.o  -specs=/usr/share/dpkg/no-pie-link.specs -Wl,-z,relro -Wl,-z,now -L/usr/lib/x86_64-linux-gnu :
clang: error: argument unused during compilation: '-specs=/usr/share/dpkg/no-pie-compile.specs' [-Werror,-Wunused-command-line-argument]
clang: error: argument unused during compilation: '-specs=/usr/share/dpkg/no-pie-link.specs' [-Werror,-Wunused-command-line-argument]
source: 
#include <stddef.h>
#include <regex.h>
void foo (void) {
   regcomp(NULL, NULL, 0);
   regexec(NULL, NULL, 0, NULL, 0);
   regerror(0, NULL, NULL, 0);
   regfree(NULL);
}
DBG: Compile check strndup (HAVE_STRNDUP): gcc -g -O2 -fdebug-prefix-map=/<<PKGBUILDDIR>>=. -specs=/usr/share/dpkg/no-pie-compile.specs -fstack-protector-strong -Wformat -Werror=format-security -Wdate-time -D_FORTIFY_SOURCE=2 -I/usr/include -g -O2 -Wall -Wsign-compare -Wfloat-equal -Wpointer-arith -Wcast-align -Wall -Werror _mkltmpQ1oAzj.c -o _mkltmpQ1oAzj.c.o  -specs=/usr/share/dpkg/no-pie-link.specs -Wl,-z,relro -Wl,-z,now -L/usr/lib/x86_64-linux-gnu 
DBG: compile check for strndup (HAVE_STRNDUP) failed: gcc -g -O2 -fdebug-prefix-map=/<<PKGBUILDDIR>>=. -specs=/usr/share/dpkg/no-pie-compile.specs -fstack-protector-strong -Wformat -Werror=format-security -Wdate-time -D_FORTIFY_SOURCE=2 -I/usr/include -g -O2 -Wall -Wsign-compare -Wfloat-equal -Wpointer-arith -Wcast-align -Wall -Werror _mkltmpQ1oAzj.c -o _mkltmpQ1oAzj.c.o  -specs=/usr/share/dpkg/no-pie-link.specs -Wl,-z,relro -Wl,-z,now -L/usr/lib/x86_64-linux-gnu : clang: error: argument unused during compilation: '-specs=/usr/share/dpkg/no-pie-compile.specs' [-Werror,-Wunused-command-line-argument]
clang: error: argument unused during compilation: '-specs=/usr/share/dpkg/no-pie-link.specs' [-Werror,-Wunused-command-line-argument]
DBG: Check strndup (HAVE_STRNDUP, action disable (originally disable)) failed: compile check failed:
CC: CC
flags: 
gcc -g -O2 -fdebug-prefix-map=/<<PKGBUILDDIR>>=. -specs=/usr/share/dpkg/no-pie-compile.specs -fstack-protector-strong -Wformat -Werror=format-security -Wdate-time -D_FORTIFY_SOURCE=2 -I/usr/include -g -O2 -Wall -Wsign-compare -Wfloat-equal -Wpointer-arith -Wcast-align -Wall -Werror _mkltmpQ1oAzj.c -o _mkltmpQ1oAzj.c.o  -specs=/usr/share/dpkg/no-pie-link.specs -Wl,-z,relro -Wl,-z,now -L/usr/lib/x86_64-linux-gnu :
clang: error: argument unused during compilation: '-specs=/usr/share/dpkg/no-pie-compile.specs' [-Werror,-Wunused-command-line-argument]
clang: error: argument unused during compilation: '-specs=/usr/share/dpkg/no-pie-link.specs' [-Werror,-Wunused-command-line-argument]
source: #include <string.h>
int foo (void) {
   return strndup("hi", 2) ? 0 : 1;
}
DBG: Compile check strerror_r (HAVE_STRERROR_R): gcc -g -O2 -fdebug-prefix-map=/<<PKGBUILDDIR>>=. -specs=/usr/share/dpkg/no-pie-compile.specs -fstack-protector-strong -Wformat -Werror=format-security -Wdate-time -D_FORTIFY_SOURCE=2 -I/usr/include -g -O2 -Wall -Wsign-compare -Wfloat-equal -Wpointer-arith -Wcast-align -Wall -Werror _mkltmpcVnpRW.c -o _mkltmpcVnpRW.c.o  -specs=/usr/share/dpkg/no-pie-link.specs -Wl,-z,relro -Wl,-z,now -L/usr/lib/x86_64-linux-gnu 
DBG: compile check for strerror_r (HAVE_STRERROR_R) failed: gcc -g -O2 -fdebug-prefix-map=/<<PKGBUILDDIR>>=. -specs=/usr/share/dpkg/no-pie-compile.specs -fstack-protector-strong -Wformat -Werror=format-security -Wdate-time -D_FORTIFY_SOURCE=2 -I/usr/include -g -O2 -Wall -Wsign-compare -Wfloat-equal -Wpointer-arith -Wcast-align -Wall -Werror _mkltmpcVnpRW.c -o _mkltmpcVnpRW.c.o  -specs=/usr/share/dpkg/no-pie-link.specs -Wl,-z,relro -Wl,-z,now -L/usr/lib/x86_64-linux-gnu : clang: error: argument unused during compilation: '-specs=/usr/share/dpkg/no-pie-compile.specs' [-Werror,-Wunused-command-line-argument]
clang: error: argument unused during compilation: '-specs=/usr/share/dpkg/no-pie-link.specs' [-Werror,-Wunused-command-line-argument]
DBG: Check strerror_r (HAVE_STRERROR_R, action disable (originally disable)) failed: compile check failed:
CC: CC
flags: 
gcc -g -O2 -fdebug-prefix-map=/<<PKGBUILDDIR>>=. -specs=/usr/share/dpkg/no-pie-compile.specs -fstack-protector-strong -Wformat -Werror=format-security -Wdate-time -D_FORTIFY_SOURCE=2 -I/usr/include -g -O2 -Wall -Wsign-compare -Wfloat-equal -Wpointer-arith -Wcast-align -Wall -Werror _mkltmpcVnpRW.c -o _mkltmpcVnpRW.c.o  -specs=/usr/share/dpkg/no-pie-link.specs -Wl,-z,relro -Wl,-z,now -L/usr/lib/x86_64-linux-gnu :
clang: error: argument unused during compilation: '-specs=/usr/share/dpkg/no-pie-compile.specs' [-Werror,-Wunused-command-line-argument]
clang: error: argument unused during compilation: '-specs=/usr/share/dpkg/no-pie-link.specs' [-Werror,-Wunused-command-line-argument]
source: #include <string.h>
const char *foo (void) {
   static char buf[64];
   strerror_r(1, buf, sizeof(buf));
   return buf;
}
DBG: Compile check pthread_setname_gnu (HAVE_PTHREAD_SETNAME_GNU): gcc -g -O2 -fdebug-prefix-map=/<<PKGBUILDDIR>>=. -specs=/usr/share/dpkg/no-pie-compile.specs -fstack-protector-strong -Wformat -Werror=format-security -Wdate-time -D_FORTIFY_SOURCE=2 -I/usr/include -g -O2 -Wall -Wsign-compare -Wfloat-equal -Wpointer-arith -Wcast-align -Wall -Werror _mkltmp8vBgY7.c -o _mkltmp8vBgY7.c.o  -specs=/usr/share/dpkg/no-pie-link.specs -Wl,-z,relro -Wl,-z,now -L/usr/lib/x86_64-linux-gnu -D_GNU_SOURCE -lpthread
DBG: compile check for pthread_setname_gnu (HAVE_PTHREAD_SETNAME_GNU) failed: gcc -g -O2 -fdebug-prefix-map=/<<PKGBUILDDIR>>=. -specs=/usr/share/dpkg/no-pie-compile.specs -fstack-protector-strong -Wformat -Werror=format-security -Wdate-time -D_FORTIFY_SOURCE=2 -I/usr/include -g -O2 -Wall -Wsign-compare -Wfloat-equal -Wpointer-arith -Wcast-align -Wall -Werror _mkltmp8vBgY7.c -o _mkltmp8vBgY7.c.o  -specs=/usr/share/dpkg/no-pie-link.specs -Wl,-z,relro -Wl,-z,now -L/usr/lib/x86_64-linux-gnu -D_GNU_SOURCE -lpthread: clang: error: argument unused during compilation: '-specs=/usr/share/dpkg/no-pie-compile.specs' [-Werror,-Wunused-command-line-argument]
clang: error: argument unused during compilation: '-specs=/usr/share/dpkg/no-pie-link.specs' [-Werror,-Wunused-command-line-argument]
DBG: Check pthread_setname_gnu (HAVE_PTHREAD_SETNAME_GNU, action disable (originally disable)) failed: compile check failed:
CC: CC
flags: -D_GNU_SOURCE -lpthread
gcc -g -O2 -fdebug-prefix-map=/<<PKGBUILDDIR>>=. -specs=/usr/share/dpkg/no-pie-compile.specs -fstack-protector-strong -Wformat -Werror=format-security -Wdate-time -D_FORTIFY_SOURCE=2 -I/usr/include -g -O2 -Wall -Wsign-compare -Wfloat-equal -Wpointer-arith -Wcast-align -Wall -Werror _mkltmp8vBgY7.c -o _mkltmp8vBgY7.c.o  -specs=/usr/share/dpkg/no-pie-link.specs -Wl,-z,relro -Wl,-z,now -L/usr/lib/x86_64-linux-gnu -D_GNU_SOURCE -lpthread:
clang: error: argument unused during compilation: '-specs=/usr/share/dpkg/no-pie-compile.specs' [-Werror,-Wunused-command-line-argument]
clang: error: argument unused during compilation: '-specs=/usr/share/dpkg/no-pie-link.specs' [-Werror,-Wunused-command-line-argument]
source: 
#include <pthread.h>

void foo (void) {
  pthread_setname_np(pthread_self(), "abc");
}

###########################################################
###                  Configure failed                   ###
###########################################################
### Accumulated failures:                               ###
###########################################################
 socket_nsl () 
    module: socket
    action: fail
    reason:
compile check failed:
CC: CC
flags: 
gcc -g -O2 -fdebug-prefix-map=/<<PKGBUILDDIR>>=. -specs=/usr/share/dpkg/no-pie-compile.specs -fstack-protector-strong -Wformat -Werror=format-security -Wdate-time -D_FORTIFY_SOURCE=2 -I/usr/include -g -O2 -Wall -Wsign-compare -Wfloat-equal -Wpointer-arith -Wcast-align -Wall -Werror _mkltmpbybsvy.c -o _mkltmpbybsvy.c.o -lsocket -lnsl -specs=/usr/share/dpkg/no-pie-link.specs -Wl,-z,relro -Wl,-z,now -L/usr/lib/x86_64-linux-gnu :
clang: error: argument unused during compilation: '-specs=/usr/share/dpkg/no-pie-compile.specs' [-Werror,-Wunused-command-line-argument]
clang: error: argument unused during compilation: '-specs=/usr/share/dpkg/no-pie-link.specs' [-Werror,-Wunused-command-line-argument]
source: 
#include <sys/types.h>
#include <sys/socket.h>
#include <unistd.h>
void foo (void) {
   int s = socket(0, 0, 0);
   close(s);
}

 libpthread () 
    module: librdkafka
    action: fail
    reason:
compile check failed:
CC: CC
flags: -lpthread
gcc -g -O2 -fdebug-prefix-map=/<<PKGBUILDDIR>>=. -specs=/usr/share/dpkg/no-pie-compile.specs -fstack-protector-strong -Wformat -Werror=format-security -Wdate-time -D_FORTIFY_SOURCE=2 -I/usr/include -g -O2 -Wall -Wsign-compare -Wfloat-equal -Wpointer-arith -Wcast-align -Wall -Werror _mkltmpRuWeQ3.c -o _mkltmpRuWeQ3.c.o  -specs=/usr/share/dpkg/no-pie-link.specs -Wl,-z,relro -Wl,-z,now -L/usr/lib/x86_64-linux-gnu -lpthread:
clang: error: argument unused during compilation: '-specs=/usr/share/dpkg/no-pie-compile.specs' [-Werror,-Wunused-command-line-argument]
clang: error: argument unused during compilation: '-specs=/usr/share/dpkg/no-pie-link.specs' [-Werror,-Wunused-command-line-argument]
source: #include <pthread.h>

dh_auto_configure: ./configure --build=x86_64-linux-gnu --prefix=/usr --includedir=\${prefix}/include --mandir=\${prefix}/share/man --infodir=\${prefix}/share/info --sysconfdir=/etc --localstatedir=/var --disable-silent-rules --libdir=\${prefix}/lib/x86_64-linux-gnu --libexecdir=\${prefix}/lib/x86_64-linux-gnu --disable-maintainer-mode --disable-dependency-tracking returned exit code 1
make: *** [debian/rules:11: build-arch] Error 2
dpkg-buildpackage: error: debian/rules build-arch subprocess returned exit status 2
--------------------------------------------------------------------------------
Build finished at 2018-05-02T13:29:56Z

Finished
--------


+------------------------------------------------------------------------------+
| Cleanup                                                                      |
+------------------------------------------------------------------------------+

Purging /<<BUILDDIR>>
Not cleaning session: cloned chroot in use
E: Build failure (dpkg-buildpackage died)

+------------------------------------------------------------------------------+
| Summary                                                                      |
+------------------------------------------------------------------------------+

Build Architecture: amd64
Build Type: any
Build-Space: 6064
Build-Time: 3
Distribution: unstable
Fail-Stage: build
Host Architecture: amd64
Install-Time: 9
Job: librdkafka_0.11.4-1
Machine Architecture: amd64
Package: librdkafka
Package-Time: 28
Source-Version: 0.11.4-1
Space: 6064
Status: attempted
Version: 0.11.4-1
--------------------------------------------------------------------------------
Finished at 2018-05-02T13:29:56Z
Build needed 00:00:28, 6064k disk space
E: Build failure (dpkg-buildpackage died)
DC-Status: Failed 28.417087188s
