DC-Build-Header: libset-object-perl 1.39-1 / 2018-05-02 13:31:17 +0000
DC-Task: type:rebuild-binarch-only source:libset-object-perl version:1.39-1 chroot:unstable esttime:25 logfile:/tmp/libset-object-perl_1.39-1_unstable_clang60.log modes:clang60:binarch-only
DC-Sbuild-call: su user42 -c 'sbuild -n --arch-any --apt-update -d unstable -v  --chroot-setup-commands=/tmp/clang60 libset-object-perl_1.39-1'
sbuild (Debian sbuild) 0.73.0 (23 Dec 2016) on ip-172-31-15-69.eu-central-1.compute.internal

+==============================================================================+
| libset-object-perl 1.39-1 (amd64)            Wed, 02 May 2018 13:31:17 +0000 |
+==============================================================================+

Package: libset-object-perl
Version: 1.39-1
Source Version: 1.39-1
Distribution: unstable
Machine Architecture: amd64
Host Architecture: amd64
Build Architecture: amd64
Build Type: any

I: NOTICE: Log filtering will replace 'var/run/schroot/mount/unstable-amd64-sbuild-fea5cab1-6784-4a32-b952-c413aa965ddc' with '<<CHROOT>>'

+------------------------------------------------------------------------------+
| Chroot Setup Commands                                                        |
+------------------------------------------------------------------------------+


/tmp/clang60
------------

+ echo 'Entering customization script...'
Entering customization script...
+ CLANG_VERSION=6.0
+ echo 'Install of clang-6.0'
Install of clang-6.0
+ apt-get update
Get:1 http://127.0.0.1:9999/debian unstable InRelease [242 kB]
Get:2 http://127.0.0.1:9999/debian unstable/main Sources.diff/Index [27.9 kB]
Get:3 http://127.0.0.1:9999/debian unstable/main amd64 Packages.diff/Index [27.9 kB]
Get:4 http://127.0.0.1:9999/debian unstable/main Sources 2018-05-02-0830.09.pdiff [16.2 kB]
Get:4 http://127.0.0.1:9999/debian unstable/main Sources 2018-05-02-0830.09.pdiff [16.2 kB]
Get:5 http://127.0.0.1:9999/debian unstable/main amd64 Packages 2018-05-02-0830.09.pdiff [1781 B]
Get:5 http://127.0.0.1:9999/debian unstable/main amd64 Packages 2018-05-02-0830.09.pdiff [1781 B]
Get:6 http://127.0.0.1:9999/debian unstable/main Translation-en [6016 kB]
Fetched 6332 kB in 2s (3546 kB/s)
Reading package lists...
+ apt-get install --yes --no-install-recommends --force-yes clang-6.0
Reading package lists...
Building dependency tree...
Reading state information...
The following additional packages will be installed:
  lib32gcc1 lib32stdc++6 libbsd0 libc6-i386 libclang-common-6.0-dev
  libclang1-6.0 libedit2 libjsoncpp1 libllvm6.0 libncurses5 libobjc-7-dev
  libobjc4
Suggested packages:
  gnustep gnustep-devel clang-6.0-doc
Recommended packages:
  llvm-6.0-dev python libomp-dev libgpm2
The following NEW packages will be installed:
  clang-6.0 lib32gcc1 lib32stdc++6 libbsd0 libc6-i386 libclang-common-6.0-dev
  libclang1-6.0 libedit2 libjsoncpp1 libllvm6.0 libncurses5 libobjc-7-dev
  libobjc4
0 upgraded, 13 newly installed, 0 to remove and 0 not upgraded.
Need to get 37.7 MB of archives.
After this operation, 187 MB of additional disk space will be used.
Get:1 http://127.0.0.1:9999/debian unstable/main amd64 libjsoncpp1 amd64 1.7.4-3 [75.6 kB]
Get:2 http://127.0.0.1:9999/debian unstable/main amd64 libbsd0 amd64 0.8.7-1 [92.1 kB]
Get:3 http://127.0.0.1:9999/debian unstable/main amd64 libncurses5 amd64 6.1+20180210-2 [95.7 kB]
Get:4 http://127.0.0.1:9999/debian unstable/main amd64 libedit2 amd64 3.1-20170329-1 [85.2 kB]
Get:5 http://127.0.0.1:9999/debian unstable/main amd64 libllvm6.0 amd64 1:6.0-3 [14.5 MB]
Get:6 http://127.0.0.1:9999/debian unstable/main amd64 libobjc4 amd64 8-20180425-1 [52.4 kB]
Get:7 http://127.0.0.1:9999/debian unstable/main amd64 libobjc-7-dev amd64 7.3.0-17 [204 kB]
Get:8 http://127.0.0.1:9999/debian unstable/main amd64 libc6-i386 amd64 2.27-3 [2855 kB]
Get:9 http://127.0.0.1:9999/debian unstable/main amd64 lib32gcc1 amd64 1:8-20180425-1 [47.8 kB]
Get:10 http://127.0.0.1:9999/debian unstable/main amd64 lib32stdc++6 amd64 8-20180425-1 [406 kB]
Get:11 http://127.0.0.1:9999/debian unstable/main amd64 libclang-common-6.0-dev amd64 1:6.0-3 [3102 kB]
Get:12 http://127.0.0.1:9999/debian unstable/main amd64 libclang1-6.0 amd64 1:6.0-3 [6995 kB]
Get:13 http://127.0.0.1:9999/debian unstable/main amd64 clang-6.0 amd64 1:6.0-3 [9175 kB]
debconf: delaying package configuration, since apt-utils is not installed
Fetched 37.7 MB in 0s (99.2 MB/s)
Selecting previously unselected package libjsoncpp1:amd64.
(Reading database ... (Reading database ... 5%(Reading database ... 10%(Reading database ... 15%(Reading database ... 20%(Reading database ... 25%(Reading database ... 30%(Reading database ... 35%(Reading database ... 40%(Reading database ... 45%(Reading database ... 50%(Reading database ... 55%(Reading database ... 60%(Reading database ... 65%(Reading database ... 70%(Reading database ... 75%(Reading database ... 80%(Reading database ... 85%(Reading database ... 90%(Reading database ... 95%(Reading database ... 100%(Reading database ... 10022 files and directories currently installed.)
Preparing to unpack .../00-libjsoncpp1_1.7.4-3_amd64.deb ...
Unpacking libjsoncpp1:amd64 (1.7.4-3) ...
Selecting previously unselected package libbsd0:amd64.
Preparing to unpack .../01-libbsd0_0.8.7-1_amd64.deb ...
Unpacking libbsd0:amd64 (0.8.7-1) ...
Selecting previously unselected package libncurses5:amd64.
Preparing to unpack .../02-libncurses5_6.1+20180210-2_amd64.deb ...
Unpacking libncurses5:amd64 (6.1+20180210-2) ...
Selecting previously unselected package libedit2:amd64.
Preparing to unpack .../03-libedit2_3.1-20170329-1_amd64.deb ...
Unpacking libedit2:amd64 (3.1-20170329-1) ...
Selecting previously unselected package libllvm6.0:amd64.
Preparing to unpack .../04-libllvm6.0_1%3a6.0-3_amd64.deb ...
Unpacking libllvm6.0:amd64 (1:6.0-3) ...
Selecting previously unselected package libobjc4:amd64.
Preparing to unpack .../05-libobjc4_8-20180425-1_amd64.deb ...
Unpacking libobjc4:amd64 (8-20180425-1) ...
Selecting previously unselected package libobjc-7-dev:amd64.
Preparing to unpack .../06-libobjc-7-dev_7.3.0-17_amd64.deb ...
Unpacking libobjc-7-dev:amd64 (7.3.0-17) ...
Selecting previously unselected package libc6-i386.
Preparing to unpack .../07-libc6-i386_2.27-3_amd64.deb ...
Unpacking libc6-i386 (2.27-3) ...
Selecting previously unselected package lib32gcc1.
Preparing to unpack .../08-lib32gcc1_1%3a8-20180425-1_amd64.deb ...
Unpacking lib32gcc1 (1:8-20180425-1) ...
Selecting previously unselected package lib32stdc++6.
Preparing to unpack .../09-lib32stdc++6_8-20180425-1_amd64.deb ...
Unpacking lib32stdc++6 (8-20180425-1) ...
Selecting previously unselected package libclang-common-6.0-dev.
Preparing to unpack .../10-libclang-common-6.0-dev_1%3a6.0-3_amd64.deb ...
Unpacking libclang-common-6.0-dev (1:6.0-3) ...
Selecting previously unselected package libclang1-6.0:amd64.
Preparing to unpack .../11-libclang1-6.0_1%3a6.0-3_amd64.deb ...
Unpacking libclang1-6.0:amd64 (1:6.0-3) ...
Selecting previously unselected package clang-6.0.
Preparing to unpack .../12-clang-6.0_1%3a6.0-3_amd64.deb ...
Unpacking clang-6.0 (1:6.0-3) ...
Setting up libncurses5:amd64 (6.1+20180210-2) ...
Setting up libobjc4:amd64 (8-20180425-1) ...
Setting up libc6-i386 (2.27-3) ...
Setting up libbsd0:amd64 (0.8.7-1) ...
Setting up libobjc-7-dev:amd64 (7.3.0-17) ...
Processing triggers for libc-bin (2.27-3) ...
Setting up lib32gcc1 (1:8-20180425-1) ...
Setting up libjsoncpp1:amd64 (1.7.4-3) ...
Setting up libedit2:amd64 (3.1-20170329-1) ...
Setting up libllvm6.0:amd64 (1:6.0-3) ...
Setting up libclang1-6.0:amd64 (1:6.0-3) ...
Setting up lib32stdc++6 (8-20180425-1) ...
Setting up libclang-common-6.0-dev (1:6.0-3) ...
Setting up clang-6.0 (1:6.0-3) ...
Processing triggers for libc-bin (2.27-3) ...
W: --force-yes is deprecated, use one of the options starting with --allow instead.
+ echo 'Replace gcc, g++ & cpp by clang'
Replace gcc, g++ & cpp by clang
+ VERSIONS='4.6 4.7 4.8 4.9 5 6 7 8'
+ cd /usr/bin
+ for VERSION in $VERSIONS
+ rm -f g++-4.6 gcc-4.6 cpp-4.6 gcc
+ ln -s clang++-6.0 g++-4.6
+ ln -s clang-6.0 gcc-4.6
+ ln -s clang-6.0 cpp-4.6
+ ln -s clang-6.0 gcc
+ echo 'gcc-4.6 hold'
+ dpkg --set-selections
dpkg: warning: package not in status nor available database at line 1: gcc-4.6
dpkg: warning: found unknown packages; this might mean the available database
is outdated, and needs to be updated through a frontend method;
please see the FAQ <https://wiki.debian.org/Teams/Dpkg/FAQ>
+ echo 'g++-4.6 hold'
+ dpkg --set-selections
dpkg: warning: package not in status nor available database at line 1: g++-4.6
dpkg: warning: found unknown packages; this might mean the available database
is outdated, and needs to be updated through a frontend method;
please see the FAQ <https://wiki.debian.org/Teams/Dpkg/FAQ>
+ for VERSION in $VERSIONS
+ rm -f g++-4.7 gcc-4.7 cpp-4.7 gcc
+ ln -s clang++-6.0 g++-4.7
+ ln -s clang-6.0 gcc-4.7
+ ln -s clang-6.0 cpp-4.7
+ ln -s clang-6.0 gcc
+ echo 'gcc-4.7 hold'
+ dpkg --set-selections
dpkg: warning: package not in status nor available database at line 1: gcc-4.7
dpkg: warning: found unknown packages; this might mean the available database
is outdated, and needs to be updated through a frontend method;
please see the FAQ <https://wiki.debian.org/Teams/Dpkg/FAQ>
+ echo 'g++-4.7 hold'
+ dpkg --set-selections
dpkg: warning: package not in status nor available database at line 1: g++-4.7
dpkg: warning: found unknown packages; this might mean the available database
is outdated, and needs to be updated through a frontend method;
please see the FAQ <https://wiki.debian.org/Teams/Dpkg/FAQ>
+ for VERSION in $VERSIONS
+ rm -f g++-4.8 gcc-4.8 cpp-4.8 gcc
+ ln -s clang++-6.0 g++-4.8
+ ln -s clang-6.0 gcc-4.8
+ ln -s clang-6.0 cpp-4.8
+ ln -s clang-6.0 gcc
+ echo 'gcc-4.8 hold'
+ dpkg --set-selections
dpkg: warning: package not in status nor available database at line 1: gcc-4.8
dpkg: warning: found unknown packages; this might mean the available database
is outdated, and needs to be updated through a frontend method;
please see the FAQ <https://wiki.debian.org/Teams/Dpkg/FAQ>
+ echo 'g++-4.8 hold'
+ dpkg --set-selections
dpkg: warning: package not in status nor available database at line 1: g++-4.8
dpkg: warning: found unknown packages; this might mean the available database
is outdated, and needs to be updated through a frontend method;
please see the FAQ <https://wiki.debian.org/Teams/Dpkg/FAQ>
+ for VERSION in $VERSIONS
+ rm -f g++-4.9 gcc-4.9 cpp-4.9 gcc
+ ln -s clang++-6.0 g++-4.9
+ ln -s clang-6.0 gcc-4.9
+ ln -s clang-6.0 cpp-4.9
+ ln -s clang-6.0 gcc
+ echo 'gcc-4.9 hold'
+ dpkg --set-selections
dpkg: warning: package not in status nor available database at line 1: gcc-4.9
dpkg: warning: found unknown packages; this might mean the available database
is outdated, and needs to be updated through a frontend method;
please see the FAQ <https://wiki.debian.org/Teams/Dpkg/FAQ>
+ echo 'g++-4.9 hold'
+ dpkg --set-selections
dpkg: warning: package not in status nor available database at line 1: g++-4.9
dpkg: warning: found unknown packages; this might mean the available database
is outdated, and needs to be updated through a frontend method;
please see the FAQ <https://wiki.debian.org/Teams/Dpkg/FAQ>
+ for VERSION in $VERSIONS
+ rm -f g++-5 gcc-5 cpp-5 gcc
+ ln -s clang++-6.0 g++-5
+ ln -s clang-6.0 gcc-5
+ ln -s clang-6.0 cpp-5
+ ln -s clang-6.0 gcc
+ echo 'gcc-5 hold'
+ dpkg --set-selections
+ echo 'g++-5 hold'
+ dpkg --set-selections
+ for VERSION in $VERSIONS
+ rm -f g++-6 gcc-6 cpp-6 gcc
+ ln -s clang++-6.0 g++-6
+ ln -s clang-6.0 gcc-6
+ ln -s clang-6.0 cpp-6
+ ln -s clang-6.0 gcc
+ echo 'gcc-6 hold'
+ dpkg --set-selections
dpkg: warning: package not in status nor available database at line 1: gcc-6
dpkg: warning: found unknown packages; this might mean the available database
is outdated, and needs to be updated through a frontend method;
please see the FAQ <https://wiki.debian.org/Teams/Dpkg/FAQ>
+ echo 'g++-6 hold'
+ dpkg --set-selections
dpkg: warning: package not in status nor available database at line 1: g++-6
dpkg: warning: found unknown packages; this might mean the available database
is outdated, and needs to be updated through a frontend method;
please see the FAQ <https://wiki.debian.org/Teams/Dpkg/FAQ>
+ for VERSION in $VERSIONS
+ rm -f g++-7 gcc-7 cpp-7 gcc
+ ln -s clang++-6.0 g++-7
+ ln -s clang-6.0 gcc-7
+ ln -s clang-6.0 cpp-7
+ ln -s clang-6.0 gcc
+ echo 'gcc-7 hold'
+ dpkg --set-selections
+ echo 'g++-7 hold'
+ dpkg --set-selections
+ for VERSION in $VERSIONS
+ rm -f g++-8 gcc-8 cpp-8 gcc
+ ln -s clang++-6.0 g++-8
+ ln -s clang-6.0 gcc-8
+ ln -s clang-6.0 cpp-8
+ ln -s clang-6.0 gcc
+ echo 'gcc-8 hold'
+ dpkg --set-selections
dpkg: warning: package not in status nor available database at line 1: gcc-8
dpkg: warning: found unknown packages; this might mean the available database
is outdated, and needs to be updated through a frontend method;
please see the FAQ <https://wiki.debian.org/Teams/Dpkg/FAQ>
+ echo 'g++-8 hold'
+ dpkg --set-selections
dpkg: warning: package not in status nor available database at line 1: g++-8
dpkg: warning: found unknown packages; this might mean the available database
is outdated, and needs to be updated through a frontend method;
please see the FAQ <https://wiki.debian.org/Teams/Dpkg/FAQ>
+ cd -
/build/libset-object-perl-EqDgz1
+ echo 'Check if gcc, g++ & cpp are actually clang'
Check if gcc, g++ & cpp are actually clang
+ gcc --version
+ grep clang
+ cpp --version
+ grep clang
+ g++ --version
+ grep clang

I: Finished running '/tmp/clang60'.

Finished processing commands.
--------------------------------------------------------------------------------

+------------------------------------------------------------------------------+
| Update chroot                                                                |
+------------------------------------------------------------------------------+

Hit:1 http://127.0.0.1:9999/debian unstable InRelease
Reading package lists...
Reading package lists...
Building dependency tree...
Reading state information...
Calculating upgrade...
0 upgraded, 0 newly installed, 0 to remove and 0 not upgraded.

+------------------------------------------------------------------------------+
| Fetch source files                                                           |
+------------------------------------------------------------------------------+


Check APT
---------

Checking available source versions...

Download source files with APT
------------------------------

Reading package lists...
NOTICE: 'libset-object-perl' packaging is maintained in the 'Git' version control system at:
https://anonscm.debian.org/git/pkg-perl/packages/libset-object-perl.git
Please use:
git clone https://anonscm.debian.org/git/pkg-perl/packages/libset-object-perl.git
to retrieve the latest (possibly unreleased) updates to the package.
Need to get 88.7 kB of source archives.
Get:1 http://127.0.0.1:9999/debian unstable/main libset-object-perl 1.39-1 (dsc) [2420 B]
Get:2 http://127.0.0.1:9999/debian unstable/main libset-object-perl 1.39-1 (tar) [80.9 kB]
Get:3 http://127.0.0.1:9999/debian unstable/main libset-object-perl 1.39-1 (diff) [5424 B]
Fetched 88.7 kB in 0s (650 kB/s)
Download complete and in download only mode
I: NOTICE: Log filtering will replace 'build/libset-object-perl-EqDgz1/libset-object-perl-1.39' with '<<PKGBUILDDIR>>'
I: NOTICE: Log filtering will replace 'build/libset-object-perl-EqDgz1' with '<<BUILDDIR>>'

+------------------------------------------------------------------------------+
| Install build-essential                                                      |
+------------------------------------------------------------------------------+


Setup apt archive
-----------------

Merged Build-Depends: build-essential, fakeroot
Filtered Build-Depends: build-essential, fakeroot
dpkg-deb: building package 'sbuild-build-depends-core-dummy' in '/<<BUILDDIR>>/resolver-NRGp49/apt_archive/sbuild-build-depends-core-dummy.deb'.
dpkg-scanpackages: warning: Packages in archive but missing from override file:
dpkg-scanpackages: warning:   sbuild-build-depends-core-dummy
dpkg-scanpackages: info: Wrote 1 entries to output Packages file.
Ign:1 copy:/<<BUILDDIR>>/resolver-NRGp49/apt_archive ./ InRelease
Get:2 copy:/<<BUILDDIR>>/resolver-NRGp49/apt_archive ./ Release [957 B]
Ign:3 copy:/<<BUILDDIR>>/resolver-NRGp49/apt_archive ./ Release.gpg
Get:4 copy:/<<BUILDDIR>>/resolver-NRGp49/apt_archive ./ Sources [349 B]
Get:5 copy:/<<BUILDDIR>>/resolver-NRGp49/apt_archive ./ Packages [433 B]
Fetched 1739 B in 0s (0 B/s)
Reading package lists...
Reading package lists...

Install core build dependencies (apt-based resolver)
----------------------------------------------------

Installing build dependencies
Reading package lists...
Building dependency tree...
Reading state information...
The following NEW packages will be installed:
  sbuild-build-depends-core-dummy
0 upgraded, 1 newly installed, 0 to remove and 0 not upgraded.
Need to get 856 B of archives.
After this operation, 0 B of additional disk space will be used.
Get:1 copy:/<<BUILDDIR>>/resolver-NRGp49/apt_archive ./ sbuild-build-depends-core-dummy 0.invalid.0 [856 B]
debconf: delaying package configuration, since apt-utils is not installed
Fetched 856 B in 0s (0 B/s)
Selecting previously unselected package sbuild-build-depends-core-dummy.
(Reading database ... 10771 files and directories currently installed.)
Preparing to unpack .../sbuild-build-depends-core-dummy_0.invalid.0_amd64.deb ...
Unpacking sbuild-build-depends-core-dummy (0.invalid.0) ...
Setting up sbuild-build-depends-core-dummy (0.invalid.0) ...

+------------------------------------------------------------------------------+
| Check architectures                                                          |
+------------------------------------------------------------------------------+

Arch check ok (amd64 included in any)

+------------------------------------------------------------------------------+
| Install package build dependencies                                           |
+------------------------------------------------------------------------------+


Setup apt archive
-----------------

Merged Build-Depends: debhelper (>= 10), perl, libmoose-perl, libtest-leaktrace-perl, libtest-pod-perl, libtest-pod-coverage-perl
Filtered Build-Depends: debhelper (>= 10), perl, libmoose-perl, libtest-leaktrace-perl, libtest-pod-perl, libtest-pod-coverage-perl
dpkg-deb: building package 'sbuild-build-depends-libset-object-perl-dummy' in '/<<BUILDDIR>>/resolver-NRGp49/apt_archive/sbuild-build-depends-libset-object-perl-dummy.deb'.
dpkg-scanpackages: warning: Packages in archive but missing from override file:
dpkg-scanpackages: warning:   sbuild-build-depends-core-dummy sbuild-build-depends-libset-object-perl-dummy
dpkg-scanpackages: info: Wrote 2 entries to output Packages file.
Ign:1 copy:/<<BUILDDIR>>/resolver-NRGp49/apt_archive ./ InRelease
Get:2 copy:/<<BUILDDIR>>/resolver-NRGp49/apt_archive ./ Release [963 B]
Ign:3 copy:/<<BUILDDIR>>/resolver-NRGp49/apt_archive ./ Release.gpg
Get:4 copy:/<<BUILDDIR>>/resolver-NRGp49/apt_archive ./ Sources [532 B]
Get:5 copy:/<<BUILDDIR>>/resolver-NRGp49/apt_archive ./ Packages [615 B]
Fetched 2110 B in 0s (0 B/s)
Reading package lists...
Reading package lists...

Install libset-object-perl build dependencies (apt-based resolver)
------------------------------------------------------------------

Installing build dependencies
Reading package lists...
Building dependency tree...
Reading state information...
The following additional packages will be installed:
  autoconf automake autopoint autotools-dev bsdmainutils debhelper
  dh-autoreconf dh-strip-nondeterminism file gettext gettext-base groff-base
  intltool-debian libalgorithm-c3-perl libarchive-zip-perl
  libb-hooks-op-check-perl libclass-c3-perl libclass-load-perl
  libclass-load-xs-perl libcroco3 libdata-optlist-perl
  libdevel-callchecker-perl libdevel-globaldestruction-perl
  libdevel-overloadinfo-perl libdevel-stacktrace-perl libdevel-symdump-perl
  libdist-checkconflicts-perl libdynaloader-functions-perl
  libeval-closure-perl libfile-stripnondeterminism-perl libglib2.0-0 libicu57
  libmagic-mgc libmagic1 libmodule-implementation-perl
  libmodule-runtime-conflicts-perl libmodule-runtime-perl libmoose-perl
  libmro-compat-perl libpackage-deprecationmanager-perl libpackage-stash-perl
  libpackage-stash-xs-perl libparams-classify-perl libparams-util-perl
  libpipeline1 libpod-coverage-perl libsigsegv2 libsub-exporter-perl
  libsub-exporter-progressive-perl libsub-identify-perl libsub-install-perl
  libsub-name-perl libtest-leaktrace-perl libtest-pod-coverage-perl
  libtest-pod-perl libtimedate-perl libtool libtry-tiny-perl libxml2 m4 man-db
  po-debconf
Suggested packages:
  autoconf-archive gnu-standards autoconf-doc wamerican | wordlist whois
  vacation dh-make dwz gettext-doc libasprintf-dev libgettextpo-dev groff
  libscalar-number-perl libtool-doc gfortran | fortran95-compiler gcj-jdk
  m4-doc apparmor less www-browser libmail-box-perl
Recommended packages:
  curl | wget | lynx libclass-c3-xs-perl libdevel-lexalias-perl
  libarchive-cpio-perl libglib2.0-data shared-mime-info xdg-user-dirs
  libdevel-partialdump-perl libltdl-dev libmail-sendmail-perl
The following NEW packages will be installed:
  autoconf automake autopoint autotools-dev bsdmainutils debhelper
  dh-autoreconf dh-strip-nondeterminism file gettext gettext-base groff-base
  intltool-debian libalgorithm-c3-perl libarchive-zip-perl
  libb-hooks-op-check-perl libclass-c3-perl libclass-load-perl
  libclass-load-xs-perl libcroco3 libdata-optlist-perl
  libdevel-callchecker-perl libdevel-globaldestruction-perl
  libdevel-overloadinfo-perl libdevel-stacktrace-perl libdevel-symdump-perl
  libdist-checkconflicts-perl libdynaloader-functions-perl
  libeval-closure-perl libfile-stripnondeterminism-perl libglib2.0-0 libicu57
  libmagic-mgc libmagic1 libmodule-implementation-perl
  libmodule-runtime-conflicts-perl libmodule-runtime-perl libmoose-perl
  libmro-compat-perl libpackage-deprecationmanager-perl libpackage-stash-perl
  libpackage-stash-xs-perl libparams-classify-perl libparams-util-perl
  libpipeline1 libpod-coverage-perl libsigsegv2 libsub-exporter-perl
  libsub-exporter-progressive-perl libsub-identify-perl libsub-install-perl
  libsub-name-perl libtest-leaktrace-perl libtest-pod-coverage-perl
  libtest-pod-perl libtimedate-perl libtool libtry-tiny-perl libxml2 m4 man-db
  po-debconf sbuild-build-depends-libset-object-perl-dummy
0 upgraded, 63 newly installed, 0 to remove and 0 not upgraded.
Need to get 21.1 MB of archives.
After this operation, 70.6 MB of additional disk space will be used.
Get:1 copy:/<<BUILDDIR>>/resolver-NRGp49/apt_archive ./ sbuild-build-depends-libset-object-perl-dummy 0.invalid.0 [904 B]
Get:2 http://127.0.0.1:9999/debian unstable/main amd64 bsdmainutils amd64 11.1.2 [190 kB]
Get:3 http://127.0.0.1:9999/debian unstable/main amd64 groff-base amd64 1.22.3-10 [1176 kB]
Get:4 http://127.0.0.1:9999/debian unstable/main amd64 libpipeline1 amd64 1.5.0-1 [29.0 kB]
Get:5 http://127.0.0.1:9999/debian unstable/main amd64 man-db amd64 2.8.3-2 [1180 kB]
Get:6 http://127.0.0.1:9999/debian unstable/main amd64 libmagic-mgc amd64 1:5.33-2 [234 kB]
Get:7 http://127.0.0.1:9999/debian unstable/main amd64 libmagic1 amd64 1:5.33-2 [113 kB]
Get:8 http://127.0.0.1:9999/debian unstable/main amd64 file amd64 1:5.33-2 [65.6 kB]
Get:9 http://127.0.0.1:9999/debian unstable/main amd64 gettext-base amd64 0.19.8.1-6 [122 kB]
Get:10 http://127.0.0.1:9999/debian unstable/main amd64 libsigsegv2 amd64 2.12-2 [32.8 kB]
Get:11 http://127.0.0.1:9999/debian unstable/main amd64 m4 amd64 1.4.18-1 [202 kB]
Get:12 http://127.0.0.1:9999/debian unstable/main amd64 autoconf all 2.69-11 [341 kB]
Get:13 http://127.0.0.1:9999/debian unstable/main amd64 autotools-dev all 20180224.1 [77.0 kB]
Get:14 http://127.0.0.1:9999/debian unstable/main amd64 automake all 1:1.15.1-3.1 [736 kB]
Get:15 http://127.0.0.1:9999/debian unstable/main amd64 autopoint all 0.19.8.1-6 [434 kB]
Get:16 http://127.0.0.1:9999/debian unstable/main amd64 libtool all 2.4.6-2.1 [547 kB]
Get:17 http://127.0.0.1:9999/debian unstable/main amd64 dh-autoreconf all 17 [16.5 kB]
Get:18 http://127.0.0.1:9999/debian unstable/main amd64 libarchive-zip-perl all 1.60-1 [95.6 kB]
Get:19 http://127.0.0.1:9999/debian unstable/main amd64 libfile-stripnondeterminism-perl all 0.041-1 [19.9 kB]
Get:20 http://127.0.0.1:9999/debian unstable/main amd64 libtimedate-perl all 2.3000-2 [42.2 kB]
Get:21 http://127.0.0.1:9999/debian unstable/main amd64 dh-strip-nondeterminism all 0.041-1 [12.0 kB]
Get:22 http://127.0.0.1:9999/debian unstable/main amd64 libglib2.0-0 amd64 2.56.1-2 [2928 kB]
Get:23 http://127.0.0.1:9999/debian unstable/main amd64 libicu57 amd64 57.1-9 [7698 kB]
Get:24 http://127.0.0.1:9999/debian unstable/main amd64 libxml2 amd64 2.9.4+dfsg1-6.1 [725 kB]
Get:25 http://127.0.0.1:9999/debian unstable/main amd64 libcroco3 amd64 0.6.12-2 [144 kB]
Get:26 http://127.0.0.1:9999/debian unstable/main amd64 gettext amd64 0.19.8.1-6 [1302 kB]
Get:27 http://127.0.0.1:9999/debian unstable/main amd64 intltool-debian all 0.35.0+20060710.4 [26.3 kB]
Get:28 http://127.0.0.1:9999/debian unstable/main amd64 po-debconf all 1.0.20 [247 kB]
Get:29 http://127.0.0.1:9999/debian unstable/main amd64 debhelper all 11.2.1 [1013 kB]
Get:30 http://127.0.0.1:9999/debian unstable/main amd64 libalgorithm-c3-perl all 0.10-1 [12.0 kB]
Get:31 http://127.0.0.1:9999/debian unstable/main amd64 libb-hooks-op-check-perl amd64 0.22-1 [11.1 kB]
Get:32 http://127.0.0.1:9999/debian unstable/main amd64 libclass-c3-perl all 0.33-1 [22.3 kB]
Get:33 http://127.0.0.1:9999/debian unstable/main amd64 libparams-util-perl amd64 1.07-3+b3 [22.7 kB]
Get:34 http://127.0.0.1:9999/debian unstable/main amd64 libsub-install-perl all 0.928-1 [11.4 kB]
Get:35 http://127.0.0.1:9999/debian unstable/main amd64 libdata-optlist-perl all 0.110-1 [10.6 kB]
Get:36 http://127.0.0.1:9999/debian unstable/main amd64 libdynaloader-functions-perl all 0.003-1 [12.6 kB]
Get:37 http://127.0.0.1:9999/debian unstable/main amd64 libdevel-callchecker-perl amd64 0.007-2+b1 [17.8 kB]
Get:38 http://127.0.0.1:9999/debian unstable/main amd64 libparams-classify-perl amd64 0.015-1 [25.2 kB]
Get:39 http://127.0.0.1:9999/debian unstable/main amd64 libmodule-runtime-perl all 0.016-1 [19.4 kB]
Get:40 http://127.0.0.1:9999/debian unstable/main amd64 libtry-tiny-perl all 0.30-1 [23.3 kB]
Get:41 http://127.0.0.1:9999/debian unstable/main amd64 libmodule-implementation-perl all 0.09-1 [12.9 kB]
Get:42 http://127.0.0.1:9999/debian unstable/main amd64 libpackage-stash-perl all 0.37-1 [20.8 kB]
Get:43 http://127.0.0.1:9999/debian unstable/main amd64 libclass-load-perl all 0.24-1 [15.8 kB]
Get:44 http://127.0.0.1:9999/debian unstable/main amd64 libclass-load-xs-perl amd64 0.10-1+b2 [14.8 kB]
Get:45 http://127.0.0.1:9999/debian unstable/main amd64 libsub-exporter-progressive-perl all 0.001013-1 [7588 B]
Get:46 http://127.0.0.1:9999/debian unstable/main amd64 libdevel-globaldestruction-perl all 0.14-1 [8084 B]
Get:47 http://127.0.0.1:9999/debian unstable/main amd64 libmro-compat-perl all 0.13-1 [12.2 kB]
Get:48 http://127.0.0.1:9999/debian unstable/main amd64 libsub-identify-perl amd64 0.14-1 [11.7 kB]
Get:49 http://127.0.0.1:9999/debian unstable/main amd64 libdevel-overloadinfo-perl all 0.005-1 [7212 B]
Get:50 http://127.0.0.1:9999/debian unstable/main amd64 libdevel-stacktrace-perl all 2.0300-1 [28.0 kB]
Get:51 http://127.0.0.1:9999/debian unstable/main amd64 libdevel-symdump-perl all 2.18-1 [17.1 kB]
Get:52 http://127.0.0.1:9999/debian unstable/main amd64 libdist-checkconflicts-perl all 0.11-1 [10.8 kB]
Get:53 http://127.0.0.1:9999/debian unstable/main amd64 libsub-exporter-perl all 0.987-1 [47.2 kB]
Get:54 http://127.0.0.1:9999/debian unstable/main amd64 libeval-closure-perl all 0.14-1 [11.5 kB]
Get:55 http://127.0.0.1:9999/debian unstable/main amd64 libmodule-runtime-conflicts-perl all 0.003-1 [6882 B]
Get:56 http://127.0.0.1:9999/debian unstable/main amd64 libsub-name-perl amd64 0.21-1+b2 [13.4 kB]
Get:57 http://127.0.0.1:9999/debian unstable/main amd64 libpackage-deprecationmanager-perl all 0.17-1 [16.4 kB]
Get:58 http://127.0.0.1:9999/debian unstable/main amd64 libpackage-stash-xs-perl amd64 0.28-3+b3 [17.9 kB]
Get:59 http://127.0.0.1:9999/debian unstable/main amd64 libmoose-perl amd64 2.2010-1 [802 kB]
Get:60 http://127.0.0.1:9999/debian unstable/main amd64 libpod-coverage-perl all 0.23-1 [23.9 kB]
Get:61 http://127.0.0.1:9999/debian unstable/main amd64 libtest-leaktrace-perl amd64 0.16-1 [21.0 kB]
Get:62 http://127.0.0.1:9999/debian unstable/main amd64 libtest-pod-coverage-perl all 1.10-2 [14.5 kB]
Get:63 http://127.0.0.1:9999/debian unstable/main amd64 libtest-pod-perl all 1.51-1 [14.7 kB]
debconf: delaying package configuration, since apt-utils is not installed
Fetched 21.1 MB in 0s (71.7 MB/s)
Selecting previously unselected package bsdmainutils.
(Reading database ... 10771 files and directories currently installed.)
Preparing to unpack .../00-bsdmainutils_11.1.2_amd64.deb ...
Unpacking bsdmainutils (11.1.2) ...
Selecting previously unselected package groff-base.
Preparing to unpack .../01-groff-base_1.22.3-10_amd64.deb ...
Unpacking groff-base (1.22.3-10) ...
Selecting previously unselected package libpipeline1:amd64.
Preparing to unpack .../02-libpipeline1_1.5.0-1_amd64.deb ...
Unpacking libpipeline1:amd64 (1.5.0-1) ...
Selecting previously unselected package man-db.
Preparing to unpack .../03-man-db_2.8.3-2_amd64.deb ...
Unpacking man-db (2.8.3-2) ...
Selecting previously unselected package libmagic-mgc.
Preparing to unpack .../04-libmagic-mgc_1%3a5.33-2_amd64.deb ...
Unpacking libmagic-mgc (1:5.33-2) ...
Selecting previously unselected package libmagic1:amd64.
Preparing to unpack .../05-libmagic1_1%3a5.33-2_amd64.deb ...
Unpacking libmagic1:amd64 (1:5.33-2) ...
Selecting previously unselected package file.
Preparing to unpack .../06-file_1%3a5.33-2_amd64.deb ...
Unpacking file (1:5.33-2) ...
Selecting previously unselected package gettext-base.
Preparing to unpack .../07-gettext-base_0.19.8.1-6_amd64.deb ...
Unpacking gettext-base (0.19.8.1-6) ...
Selecting previously unselected package libsigsegv2:amd64.
Preparing to unpack .../08-libsigsegv2_2.12-2_amd64.deb ...
Unpacking libsigsegv2:amd64 (2.12-2) ...
Selecting previously unselected package m4.
Preparing to unpack .../09-m4_1.4.18-1_amd64.deb ...
Unpacking m4 (1.4.18-1) ...
Selecting previously unselected package autoconf.
Preparing to unpack .../10-autoconf_2.69-11_all.deb ...
Unpacking autoconf (2.69-11) ...
Selecting previously unselected package autotools-dev.
Preparing to unpack .../11-autotools-dev_20180224.1_all.deb ...
Unpacking autotools-dev (20180224.1) ...
Selecting previously unselected package automake.
Preparing to unpack .../12-automake_1%3a1.15.1-3.1_all.deb ...
Unpacking automake (1:1.15.1-3.1) ...
Selecting previously unselected package autopoint.
Preparing to unpack .../13-autopoint_0.19.8.1-6_all.deb ...
Unpacking autopoint (0.19.8.1-6) ...
Selecting previously unselected package libtool.
Preparing to unpack .../14-libtool_2.4.6-2.1_all.deb ...
Unpacking libtool (2.4.6-2.1) ...
Selecting previously unselected package dh-autoreconf.
Preparing to unpack .../15-dh-autoreconf_17_all.deb ...
Unpacking dh-autoreconf (17) ...
Selecting previously unselected package libarchive-zip-perl.
Preparing to unpack .../16-libarchive-zip-perl_1.60-1_all.deb ...
Unpacking libarchive-zip-perl (1.60-1) ...
Selecting previously unselected package libfile-stripnondeterminism-perl.
Preparing to unpack .../17-libfile-stripnondeterminism-perl_0.041-1_all.deb ...
Unpacking libfile-stripnondeterminism-perl (0.041-1) ...
Selecting previously unselected package libtimedate-perl.
Preparing to unpack .../18-libtimedate-perl_2.3000-2_all.deb ...
Unpacking libtimedate-perl (2.3000-2) ...
Selecting previously unselected package dh-strip-nondeterminism.
Preparing to unpack .../19-dh-strip-nondeterminism_0.041-1_all.deb ...
Unpacking dh-strip-nondeterminism (0.041-1) ...
Selecting previously unselected package libglib2.0-0:amd64.
Preparing to unpack .../20-libglib2.0-0_2.56.1-2_amd64.deb ...
Unpacking libglib2.0-0:amd64 (2.56.1-2) ...
Selecting previously unselected package libicu57:amd64.
Preparing to unpack .../21-libicu57_57.1-9_amd64.deb ...
Unpacking libicu57:amd64 (57.1-9) ...
Selecting previously unselected package libxml2:amd64.
Preparing to unpack .../22-libxml2_2.9.4+dfsg1-6.1_amd64.deb ...
Unpacking libxml2:amd64 (2.9.4+dfsg1-6.1) ...
Selecting previously unselected package libcroco3:amd64.
Preparing to unpack .../23-libcroco3_0.6.12-2_amd64.deb ...
Unpacking libcroco3:amd64 (0.6.12-2) ...
Selecting previously unselected package gettext.
Preparing to unpack .../24-gettext_0.19.8.1-6_amd64.deb ...
Unpacking gettext (0.19.8.1-6) ...
Selecting previously unselected package intltool-debian.
Preparing to unpack .../25-intltool-debian_0.35.0+20060710.4_all.deb ...
Unpacking intltool-debian (0.35.0+20060710.4) ...
Selecting previously unselected package po-debconf.
Preparing to unpack .../26-po-debconf_1.0.20_all.deb ...
Unpacking po-debconf (1.0.20) ...
Selecting previously unselected package debhelper.
Preparing to unpack .../27-debhelper_11.2.1_all.deb ...
Unpacking debhelper (11.2.1) ...
Selecting previously unselected package libalgorithm-c3-perl.
Preparing to unpack .../28-libalgorithm-c3-perl_0.10-1_all.deb ...
Unpacking libalgorithm-c3-perl (0.10-1) ...
Selecting previously unselected package libb-hooks-op-check-perl.
Preparing to unpack .../29-libb-hooks-op-check-perl_0.22-1_amd64.deb ...
Unpacking libb-hooks-op-check-perl (0.22-1) ...
Selecting previously unselected package libclass-c3-perl.
Preparing to unpack .../30-libclass-c3-perl_0.33-1_all.deb ...
Unpacking libclass-c3-perl (0.33-1) ...
Selecting previously unselected package libparams-util-perl.
Preparing to unpack .../31-libparams-util-perl_1.07-3+b3_amd64.deb ...
Unpacking libparams-util-perl (1.07-3+b3) ...
Selecting previously unselected package libsub-install-perl.
Preparing to unpack .../32-libsub-install-perl_0.928-1_all.deb ...
Unpacking libsub-install-perl (0.928-1) ...
Selecting previously unselected package libdata-optlist-perl.
Preparing to unpack .../33-libdata-optlist-perl_0.110-1_all.deb ...
Unpacking libdata-optlist-perl (0.110-1) ...
Selecting previously unselected package libdynaloader-functions-perl.
Preparing to unpack .../34-libdynaloader-functions-perl_0.003-1_all.deb ...
Unpacking libdynaloader-functions-perl (0.003-1) ...
Selecting previously unselected package libdevel-callchecker-perl.
Preparing to unpack .../35-libdevel-callchecker-perl_0.007-2+b1_amd64.deb ...
Unpacking libdevel-callchecker-perl (0.007-2+b1) ...
Selecting previously unselected package libparams-classify-perl.
Preparing to unpack .../36-libparams-classify-perl_0.015-1_amd64.deb ...
Unpacking libparams-classify-perl (0.015-1) ...
Selecting previously unselected package libmodule-runtime-perl.
Preparing to unpack .../37-libmodule-runtime-perl_0.016-1_all.deb ...
Unpacking libmodule-runtime-perl (0.016-1) ...
Selecting previously unselected package libtry-tiny-perl.
Preparing to unpack .../38-libtry-tiny-perl_0.30-1_all.deb ...
Unpacking libtry-tiny-perl (0.30-1) ...
Selecting previously unselected package libmodule-implementation-perl.
Preparing to unpack .../39-libmodule-implementation-perl_0.09-1_all.deb ...
Unpacking libmodule-implementation-perl (0.09-1) ...
Selecting previously unselected package libpackage-stash-perl.
Preparing to unpack .../40-libpackage-stash-perl_0.37-1_all.deb ...
Unpacking libpackage-stash-perl (0.37-1) ...
Selecting previously unselected package libclass-load-perl.
Preparing to unpack .../41-libclass-load-perl_0.24-1_all.deb ...
Unpacking libclass-load-perl (0.24-1) ...
Selecting previously unselected package libclass-load-xs-perl.
Preparing to unpack .../42-libclass-load-xs-perl_0.10-1+b2_amd64.deb ...
Unpacking libclass-load-xs-perl (0.10-1+b2) ...
Selecting previously unselected package libsub-exporter-progressive-perl.
Preparing to unpack .../43-libsub-exporter-progressive-perl_0.001013-1_all.deb ...
Unpacking libsub-exporter-progressive-perl (0.001013-1) ...
Selecting previously unselected package libdevel-globaldestruction-perl.
Preparing to unpack .../44-libdevel-globaldestruction-perl_0.14-1_all.deb ...
Unpacking libdevel-globaldestruction-perl (0.14-1) ...
Selecting previously unselected package libmro-compat-perl.
Preparing to unpack .../45-libmro-compat-perl_0.13-1_all.deb ...
Unpacking libmro-compat-perl (0.13-1) ...
Selecting previously unselected package libsub-identify-perl.
Preparing to unpack .../46-libsub-identify-perl_0.14-1_amd64.deb ...
Unpacking libsub-identify-perl (0.14-1) ...
Selecting previously unselected package libdevel-overloadinfo-perl.
Preparing to unpack .../47-libdevel-overloadinfo-perl_0.005-1_all.deb ...
Unpacking libdevel-overloadinfo-perl (0.005-1) ...
Selecting previously unselected package libdevel-stacktrace-perl.
Preparing to unpack .../48-libdevel-stacktrace-perl_2.0300-1_all.deb ...
Unpacking libdevel-stacktrace-perl (2.0300-1) ...
Selecting previously unselected package libdevel-symdump-perl.
Preparing to unpack .../49-libdevel-symdump-perl_2.18-1_all.deb ...
Unpacking libdevel-symdump-perl (2.18-1) ...
Selecting previously unselected package libdist-checkconflicts-perl.
Preparing to unpack .../50-libdist-checkconflicts-perl_0.11-1_all.deb ...
Unpacking libdist-checkconflicts-perl (0.11-1) ...
Selecting previously unselected package libsub-exporter-perl.
Preparing to unpack .../51-libsub-exporter-perl_0.987-1_all.deb ...
Unpacking libsub-exporter-perl (0.987-1) ...
Selecting previously unselected package libeval-closure-perl.
Preparing to unpack .../52-libeval-closure-perl_0.14-1_all.deb ...
Unpacking libeval-closure-perl (0.14-1) ...
Selecting previously unselected package libmodule-runtime-conflicts-perl.
Preparing to unpack .../53-libmodule-runtime-conflicts-perl_0.003-1_all.deb ...
Unpacking libmodule-runtime-conflicts-perl (0.003-1) ...
Selecting previously unselected package libsub-name-perl.
Preparing to unpack .../54-libsub-name-perl_0.21-1+b2_amd64.deb ...
Unpacking libsub-name-perl (0.21-1+b2) ...
Selecting previously unselected package libpackage-deprecationmanager-perl.
Preparing to unpack .../55-libpackage-deprecationmanager-perl_0.17-1_all.deb ...
Unpacking libpackage-deprecationmanager-perl (0.17-1) ...
Selecting previously unselected package libpackage-stash-xs-perl.
Preparing to unpack .../56-libpackage-stash-xs-perl_0.28-3+b3_amd64.deb ...
Unpacking libpackage-stash-xs-perl (0.28-3+b3) ...
Selecting previously unselected package libmoose-perl.
Preparing to unpack .../57-libmoose-perl_2.2010-1_amd64.deb ...
Unpacking libmoose-perl (2.2010-1) ...
Selecting previously unselected package libpod-coverage-perl.
Preparing to unpack .../58-libpod-coverage-perl_0.23-1_all.deb ...
Unpacking libpod-coverage-perl (0.23-1) ...
Selecting previously unselected package libtest-leaktrace-perl.
Preparing to unpack .../59-libtest-leaktrace-perl_0.16-1_amd64.deb ...
Unpacking libtest-leaktrace-perl (0.16-1) ...
Selecting previously unselected package libtest-pod-coverage-perl.
Preparing to unpack .../60-libtest-pod-coverage-perl_1.10-2_all.deb ...
Unpacking libtest-pod-coverage-perl (1.10-2) ...
Selecting previously unselected package libtest-pod-perl.
Preparing to unpack .../61-libtest-pod-perl_1.51-1_all.deb ...
Unpacking libtest-pod-perl (1.51-1) ...
Selecting previously unselected package sbuild-build-depends-libset-object-perl-dummy.
Preparing to unpack .../62-sbuild-build-depends-libset-object-perl-dummy_0.invalid.0_amd64.deb ...
Unpacking sbuild-build-depends-libset-object-perl-dummy (0.invalid.0) ...
Setting up libsub-install-perl (0.928-1) ...
Setting up libdevel-symdump-perl (2.18-1) ...
Setting up libsub-exporter-progressive-perl (0.001013-1) ...
Setting up libtry-tiny-perl (0.30-1) ...
Setting up libarchive-zip-perl (1.60-1) ...
Setting up libtimedate-perl (2.3000-2) ...
Setting up libsigsegv2:amd64 (2.12-2) ...
Setting up libdevel-stacktrace-perl (2.0300-1) ...
Setting up groff-base (1.22.3-10) ...
Setting up libb-hooks-op-check-perl (0.22-1) ...
Setting up libglib2.0-0:amd64 (2.56.1-2) ...
No schema files found: doing nothing.
Setting up libtest-leaktrace-perl (0.16-1) ...
Setting up gettext-base (0.19.8.1-6) ...
Setting up libpipeline1:amd64 (1.5.0-1) ...
Setting up m4 (1.4.18-1) ...
Setting up libsub-identify-perl (0.14-1) ...
Setting up libicu57:amd64 (57.1-9) ...
Setting up libxml2:amd64 (2.9.4+dfsg1-6.1) ...
Setting up libdynaloader-functions-perl (0.003-1) ...
Setting up libmagic-mgc (1:5.33-2) ...
Setting up libmagic1:amd64 (1:5.33-2) ...
Setting up libcroco3:amd64 (0.6.12-2) ...
Setting up libpackage-stash-xs-perl (0.28-3+b3) ...
Processing triggers for libc-bin (2.27-3) ...
Setting up autotools-dev (20180224.1) ...
Setting up libdevel-globaldestruction-perl (0.14-1) ...
Setting up libtest-pod-perl (1.51-1) ...
Setting up bsdmainutils (11.1.2) ...
update-alternatives: using /usr/bin/bsd-write to provide /usr/bin/write (write) in auto mode
update-alternatives: using /usr/bin/bsd-from to provide /usr/bin/from (from) in auto mode
Setting up libparams-util-perl (1.07-3+b3) ...
Setting up libsub-name-perl (0.21-1+b2) ...
Setting up autopoint (0.19.8.1-6) ...
Setting up libalgorithm-c3-perl (0.10-1) ...
Setting up libclass-c3-perl (0.33-1) ...
Setting up libpod-coverage-perl (0.23-1) ...
Setting up libfile-stripnondeterminism-perl (0.041-1) ...
Setting up libdata-optlist-perl (0.110-1) ...
Setting up gettext (0.19.8.1-6) ...
Setting up libdevel-callchecker-perl (0.007-2+b1) ...
Setting up autoconf (2.69-11) ...
Setting up libmro-compat-perl (0.13-1) ...
Setting up file (1:5.33-2) ...
Setting up libsub-exporter-perl (0.987-1) ...
Setting up intltool-debian (0.35.0+20060710.4) ...
Setting up libtest-pod-coverage-perl (1.10-2) ...
Setting up automake (1:1.15.1-3.1) ...
update-alternatives: using /usr/bin/automake-1.15 to provide /usr/bin/automake (automake) in auto mode
Setting up man-db (2.8.3-2) ...
Not building database; man-db/auto-update is not 'true'.
Setting up libeval-closure-perl (0.14-1) ...
Setting up libparams-classify-perl (0.015-1) ...
Setting up libtool (2.4.6-2.1) ...
Setting up po-debconf (1.0.20) ...
Setting up libmodule-runtime-perl (0.016-1) ...
Setting up libdist-checkconflicts-perl (0.11-1) ...
Setting up libmodule-implementation-perl (0.09-1) ...
Setting up libmodule-runtime-conflicts-perl (0.003-1) ...
Setting up libpackage-stash-perl (0.37-1) ...
Setting up libdevel-overloadinfo-perl (0.005-1) ...
Setting up libclass-load-perl (0.24-1) ...
Setting up libpackage-deprecationmanager-perl (0.17-1) ...
Setting up libclass-load-xs-perl (0.10-1+b2) ...
Setting up libmoose-perl (2.2010-1) ...
Setting up dh-autoreconf (17) ...
Setting up dh-strip-nondeterminism (0.041-1) ...
Setting up debhelper (11.2.1) ...
Setting up sbuild-build-depends-libset-object-perl-dummy (0.invalid.0) ...
Processing triggers for libc-bin (2.27-3) ...

+------------------------------------------------------------------------------+
| Build environment                                                            |
+------------------------------------------------------------------------------+

Kernel: Linux 4.9.0-5-amd64 amd64 (x86_64)
Toolchain package versions: binutils_2.30-16 dpkg-dev_1.19.0.5 g++-7_7.3.0-17 gcc-7_7.3.0-17 libc6-dev_2.27-3 libstdc++-7-dev_7.3.0-17 libstdc++6_8-20180425-1 linux-libc-dev_4.15.17-1
Package versions: adduser_3.117 apt_1.6.1 autoconf_2.69-11 automake_1:1.15.1-3.1 autopoint_0.19.8.1-6 autotools-dev_20180224.1 base-files_10.1 base-passwd_3.5.45 bash_4.4.18-2 binutils_2.30-16 binutils-common_2.30-16 binutils-x86-64-linux-gnu_2.30-16 bsdmainutils_11.1.2 bsdutils_1:2.31.1-0.5 build-essential_12.5 bzip2_1.0.6-8.1 clang-6.0_1:6.0-3 coreutils_8.28-1 cpp_4:7.3.0-3 cpp-7_7.3.0-17 dash_0.5.8-2.10 debconf_1.5.66 debfoster_2.7-2.1+b1 debhelper_11.2.1 debian-archive-keyring_2017.7 debianutils_4.8.4 dh-autoreconf_17 dh-strip-nondeterminism_0.041-1 diffutils_1:3.6-1 dpkg_1.19.0.5 dpkg-dev_1.19.0.5 e2fslibs_1.44.1-2 e2fsprogs_1.44.1-2 eatmydata_105-6 fakeroot_1.22-2 fdisk_2.31.1-0.5 file_1:5.33-2 findutils_4.6.0+git+20171230-2 g++_4:7.3.0-3 g++-7_7.3.0-17 gcc_4:7.3.0-3 gcc-6-base_6.4.0-17 gcc-7_7.3.0-17 gcc-7-base_7.3.0-17 gcc-8-base_8-20180425-1 gettext_0.19.8.1-6 gettext-base_0.19.8.1-6 gpgv_2.2.5-1 grep_3.1-2 groff-base_1.22.3-10 gzip_1.6-5+b1 hostname_3.20 init-system-helpers_1.51 intltool-debian_0.35.0+20060710.4 lib32gcc1_1:8-20180425-1 lib32stdc++6_8-20180425-1 libacl1_2.2.52-3+b1 libalgorithm-c3-perl_0.10-1 libapt-pkg5.0_1.6.1 libarchive-zip-perl_1.60-1 libasan4_7.3.0-17 libatomic1_8-20180425-1 libattr1_1:2.4.47-2+b2 libaudit-common_1:2.8.3-1 libaudit1_1:2.8.3-1 libb-hooks-op-check-perl_0.22-1 libbinutils_2.30-16 libblkid1_2.31.1-0.5 libbsd0_0.8.7-1 libbz2-1.0_1.0.6-8.1 libc-bin_2.27-3 libc-dev-bin_2.27-3 libc6_2.27-3 libc6-dev_2.27-3 libc6-i386_2.27-3 libcap-ng0_0.7.9-1 libcc1-0_8-20180425-1 libcilkrts5_7.3.0-17 libclang-common-6.0-dev_1:6.0-3 libclang1-6.0_1:6.0-3 libclass-c3-perl_0.33-1 libclass-load-perl_0.24-1 libclass-load-xs-perl_0.10-1+b2 libcom-err2_1.44.1-2 libcomerr2_1.44.1-2 libcroco3_0.6.12-2 libdata-optlist-perl_0.110-1 libdb5.3_5.3.28-13.1+b1 libdebconfclient0_0.243 libdevel-callchecker-perl_0.007-2+b1 libdevel-globaldestruction-perl_0.14-1 libdevel-overloadinfo-perl_0.005-1 libdevel-stacktrace-perl_2.0300-1 libdevel-symdump-perl_2.18-1 libdist-checkconflicts-perl_0.11-1 libdpkg-perl_1.19.0.5 libdynaloader-functions-perl_0.003-1 libeatmydata1_105-6 libedit2_3.1-20170329-1 libeval-closure-perl_0.14-1 libext2fs2_1.44.1-2 libfakeroot_1.22-2 libfdisk1_2.31.1-0.5 libffi6_3.2.1-8 libfile-stripnondeterminism-perl_0.041-1 libgc1c2_1:7.4.2-8.2 libgcc-7-dev_7.3.0-17 libgcc1_1:8-20180425-1 libgcrypt20_1.8.2-2 libgdbm-compat4_1.14.1-6 libgdbm3_1.8.3-14 libgdbm5_1.14.1-6 libglib2.0-0_2.56.1-2 libgmp10_2:6.1.2+dfsg-3 libgnutls30_3.5.18-1 libgomp1_8-20180425-1 libgpg-error0_1.29-4 libhogweed4_3.4-1 libicu57_57.1-9 libidn2-0_2.0.4-1.1 libisl15_0.18-4 libisl19_0.19-1 libitm1_8-20180425-1 libjsoncpp1_1.7.4-3 libllvm6.0_1:6.0-3 liblsan0_8-20180425-1 liblz4-1_1.8.1.2-1 liblzma5_5.2.2-1.3 libmagic-mgc_1:5.33-2 libmagic1_1:5.33-2 libmodule-implementation-perl_0.09-1 libmodule-runtime-conflicts-perl_0.003-1 libmodule-runtime-perl_0.016-1 libmoose-perl_2.2010-1 libmount1_2.31.1-0.5 libmpc3_1.1.0-1 libmpfr4_3.1.6-1 libmpfr6_4.0.1-1 libmpx2_8-20180425-1 libmro-compat-perl_0.13-1 libncurses5_6.1+20180210-2 libncursesw5_6.1+20180210-2 libnettle6_3.4-1 libobjc-7-dev_7.3.0-17 libobjc4_8-20180425-1 libp11-kit0_0.23.10-2 libpackage-deprecationmanager-perl_0.17-1 libpackage-stash-perl_0.37-1 libpackage-stash-xs-perl_0.28-3+b3 libpam-modules_1.1.8-3.7 libpam-modules-bin_1.1.8-3.7 libpam-runtime_1.1.8-3.7 libpam0g_1.1.8-3.7 libparams-classify-perl_0.015-1 libparams-util-perl_1.07-3+b3 libpcre3_2:8.39-9 libperl5.26_5.26.2-3 libpipeline1_1.5.0-1 libpod-coverage-perl_0.23-1 libquadmath0_8-20180425-1 libseccomp2_2.3.3-1 libselinux1_2.7-2+b2 libsemanage-common_2.7-2 libsemanage1_2.7-2+b2 libsepol1_2.7-1 libsigsegv2_2.12-2 libsmartcols1_2.31.1-0.5 libss2_1.44.1-2 libstdc++-7-dev_7.3.0-17 libstdc++6_8-20180425-1 libsub-exporter-perl_0.987-1 libsub-exporter-progressive-perl_0.001013-1 libsub-identify-perl_0.14-1 libsub-install-perl_0.928-1 libsub-name-perl_0.21-1+b2 libsystemd0_238-4 libtasn1-6_4.13-2 libtest-leaktrace-perl_0.16-1 libtest-pod-coverage-perl_1.10-2 libtest-pod-perl_1.51-1 libtimedate-perl_2.3000-2 libtinfo5_6.1+20180210-2 libtinfo6_6.1+20180210-2 libtool_2.4.6-2.1 libtry-tiny-perl_0.30-1 libtsan0_8-20180425-1 libubsan0_7.3.0-17 libudev1_238-4 libunistring2_0.9.8-1 libustr-1.0-1_1.0.4-6 libuuid1_2.31.1-0.5 libxml2_2.9.4+dfsg1-6.1 libzstd1_1.3.4+dfsg-1 linux-libc-dev_4.15.17-1 login_1:4.5-1 m4_1.4.18-1 make_4.2.1-1 man-db_2.8.3-2 mawk_1.3.3-17+b3 mount_2.31.1-0.5 multiarch-support_2.27-3 ncurses-base_6.1+20180210-2 ncurses-bin_6.1+20180210-2 passwd_1:4.5-1 patch_2.7.6-2 perl_5.26.2-3 perl-base_5.26.2-3 perl-modules-5.26_5.26.2-3 po-debconf_1.0.20 sbuild-build-depends-core-dummy_0.invalid.0 sbuild-build-depends-libset-object-perl-dummy_0.invalid.0 sed_4.4-2 sensible-utils_0.0.12 sysvinit-utils_2.88dsf-59.10 tar_1.30+dfsg-1 util-linux_2.31.1-0.5 xz-utils_5.2.2-1.3 zlib1g_1:1.2.11.dfsg-1

+------------------------------------------------------------------------------+
| Build                                                                        |
+------------------------------------------------------------------------------+


Unpack source
-------------

gpgv: unknown type of key resource 'trustedkeys.kbx'
gpgv: keyblock resource '/sbuild-nonexistent/.gnupg/trustedkeys.kbx': General error
gpgv: Signature made Fri Jan 12 17:47:09 2018 UTC
gpgv:                using RSA key D1E1316E93A760A8104D85FABB3A68018649AA06
gpgv: Can't check signature: No public key
dpkg-source: warning: failed to verify signature on ./libset-object-perl_1.39-1.dsc
dpkg-source: info: extracting libset-object-perl in /<<PKGBUILDDIR>>
dpkg-source: info: unpacking libset-object-perl_1.39.orig.tar.gz
dpkg-source: info: unpacking libset-object-perl_1.39-1.debian.tar.xz
dpkg-source: info: applying typos.patch

Check disk space
----------------

Sufficient free space for build

User Environment
----------------

APT_CONFIG=/var/lib/sbuild/apt.conf
HOME=/sbuild-nonexistent
LANG=en_US.UTF-8
LC_ALL=POSIX
LOGNAME=user42
PATH=/usr/local/sbin:/usr/local/bin:/usr/sbin:/usr/bin:/sbin:/bin:/usr/games
SCHROOT_ALIAS_NAME=unstable-amd64-sbuild
SCHROOT_CHROOT_NAME=unstable-amd64-sbuild
SCHROOT_COMMAND=env
SCHROOT_GID=1001
SCHROOT_GROUP=user42
SCHROOT_SESSION_ID=unstable-amd64-sbuild-fea5cab1-6784-4a32-b952-c413aa965ddc
SCHROOT_UID=1001
SCHROOT_USER=user42
SHELL=/bin/sh
USER=user42

dpkg-buildpackage
-----------------

dpkg-buildpackage: info: source package libset-object-perl
dpkg-buildpackage: info: source version 1.39-1
dpkg-buildpackage: info: source distribution unstable
dpkg-buildpackage: info: source changed by gregor herrmann <gregoa@debian.org>
 dpkg-source --before-build libset-object-perl-1.39
dpkg-buildpackage: info: host architecture amd64
 debian/rules clean
dh clean
   dh_clean
 debian/rules binary-arch
dh binary-arch
   dh_update_autotools_config -a
   dh_autoreconf -a
   dh_auto_configure -a
	perl -I. Makefile.PL INSTALLDIRS=vendor "OPTIMIZE=-g -O2 -fdebug-prefix-map=/<<PKGBUILDDIR>>=. -fstack-protector-strong -Wformat -Werror=format-security -Wdate-time -D_FORTIFY_SOURCE=2" "LD=x86_64-linux-gnu-gcc -g -O2 -fdebug-prefix-map=/<<PKGBUILDDIR>>=. -fstack-protector-strong -Wformat -Werror=format-security -Wl,-z,relro -Wl,-z,now"
Checking if your kit is complete...
Looks good
Generating a Unix-style Makefile
Writing Makefile for Set::Object
Writing MYMETA.yml and MYMETA.json
   debian/rules override_dh_auto_build
make[1]: Entering directory '/<<PKGBUILDDIR>>'
dh_auto_build
	make -j8 -Oline
make[2]: Entering directory '/<<PKGBUILDDIR>>'
Running Mkbootstrap for Object ()
make[2]: Leaving directory '/<<PKGBUILDDIR>>'
make[2]: Entering directory '/<<PKGBUILDDIR>>'
chmod 644 "Object.bs"
make[2]: Leaving directory '/<<PKGBUILDDIR>>'
make[2]: Entering directory '/<<PKGBUILDDIR>>'
"/usr/bin/perl" -MExtUtils::Command::MM -e 'cp_nonempty' -- Object.bs blib/arch/auto/Set/Object/Object.bs 644
make[2]: Leaving directory '/<<PKGBUILDDIR>>'
make[2]: Entering directory '/<<PKGBUILDDIR>>'
cp Changes.pod blib/lib/Set/Changes.pod
cp lib/Set/Object.pm blib/lib/Set/Object.pm
AutoSplitting blib/lib/Set/Object.pm (blib/lib/auto/Set/Object)
cp lib/Set/Object/Weak.pm blib/lib/Set/Object/Weak.pm
make[2]: Leaving directory '/<<PKGBUILDDIR>>'
make[2]: Entering directory '/<<PKGBUILDDIR>>'
"/usr/bin/perl" "/usr/share/perl/5.26/ExtUtils/xsubpp"  -typemap '/usr/share/perl/5.26/ExtUtils/typemap' -typemap '/<<PKGBUILDDIR>>/typemap'  Object.xs > Object.xsc
make[2]: Leaving directory '/<<PKGBUILDDIR>>'
make[2]: Entering directory '/<<PKGBUILDDIR>>'
mv Object.xsc Object.c
make[2]: Leaving directory '/<<PKGBUILDDIR>>'
make[2]: Entering directory '/<<PKGBUILDDIR>>'
x86_64-linux-gnu-gcc -c   -D_REENTRANT -D_GNU_SOURCE -DDEBIAN -fwrapv -fno-strict-aliasing -pipe -I/usr/local/include -D_LARGEFILE_SOURCE -D_FILE_OFFSET_BITS=64 -g -O2 -fdebug-prefix-map=/<<PKGBUILDDIR>>=. -fstack-protector-strong -Wformat -Werror=format-security -Wdate-time -D_FORTIFY_SOURCE=2   -DVERSION=\"1.39\" -DXS_VERSION=\"1.39\" -fPIC "-I/usr/lib/x86_64-linux-gnu/perl/5.26/CORE"   Object.c
make[2]: Leaving directory '/<<PKGBUILDDIR>>'
make[2]: Entering directory '/<<PKGBUILDDIR>>'
rm -f blib/arch/auto/Set/Object/Object.so
make[2]: Leaving directory '/<<PKGBUILDDIR>>'
make[2]: Entering directory '/<<PKGBUILDDIR>>'
x86_64-linux-gnu-gcc -g -O2 -fdebug-prefix-map=/<<PKGBUILDDIR>>=. -fstack-protector-strong -Wformat -Werror=format-security -Wl,-z,relro -Wl,-z,now  -shared -L/usr/local/lib -fstack-protector-strong Object.o  -o blib/arch/auto/Set/Object/Object.so  \
      \
  
make[2]: Leaving directory '/<<PKGBUILDDIR>>'
make[2]: Entering directory '/<<PKGBUILDDIR>>'
chmod 755 blib/arch/auto/Set/Object/Object.so
make[2]: Leaving directory '/<<PKGBUILDDIR>>'
make[2]: Entering directory '/<<PKGBUILDDIR>>'
Manifying 3 pod documents
make[2]: Leaving directory '/<<PKGBUILDDIR>>'
pod2text Changes.pod > CHANGES
make[1]: Leaving directory '/<<PKGBUILDDIR>>'
   dh_auto_test -a
	make -j8 -Oline test TEST_VERBOSE=1
make[1]: Entering directory '/<<PKGBUILDDIR>>'
"/usr/bin/perl" -MExtUtils::Command::MM -e 'cp_nonempty' -- Object.bs blib/arch/auto/Set/Object/Object.bs 644
make[1]: Leaving directory '/<<PKGBUILDDIR>>'
make[1]: Entering directory '/<<PKGBUILDDIR>>'
PERL_DL_NONLAZY=1 "/usr/bin/perl" "-MExtUtils::Command::MM" "-MTest::Harness" "-e" "undef *Test::Harness::Switches; test_harness(1, 'blib/lib', 'blib/arch')" t/ingy/arrayref.t t/misc/kwalitee.t t/misc/leaks.t t/misc/leaktrace.t t/misc/manifest.t t/misc/meta.t t/misc/more_leaks.t t/misc/perl_minimum_version.t t/misc/pod.t t/misc/pod_coverage.t t/misc/segfault.t t/misc/threads.t t/misc/undef.t t/object/abuse.t t/object/clear.t t/object/difference.t t/object/equal.t t/object/flags.t t/object/includes.t t/object/insert.t t/object/intersection.t t/object/magic.t t/object/members.t t/object/properties.t t/object/refcount.t t/object/remove.t t/object/set_subclass.t t/object/storable.t t/object/subsuper.t t/object/symmetric_difference.t t/object/union.t t/object/weakref.t t/scalar/basic.t t/scalar/basic_overload.t t/scalar/boolean.t t/scalar/clear.t t/scalar/compare.t t/scalar/custom_display.t t/scalar/difference.t t/scalar/each.t t/scalar/has.t t/scalar/intersection.t t/scalar/member.t t/scalar/misc.t t/scalar/set_set.t t/scalar/storable.t t/scalar/symmdiff.t t/scalar/union.t t/scalar/unique.t
Can't load '/<<PKGBUILDDIR>>/blib/arch/auto/Set/Object/Object.so' for module Set::Object: /<<PKGBUILDDIR>>/blib/arch/auto/Set/Object/Object.so: undefined symbol: perl_tsa_mutex_lock at /usr/lib/x86_64-linux-gnu/perl/5.26/DynaLoader.pm line 187.
  at t/ingy/arrayref.t line 3.
Compilation failed in require at t/ingy/arrayref.t line 3.
BEGIN failed--compilation aborted at t/ingy/arrayref.t line 3.
t/ingy/arrayref.t ................ 
Dubious, test returned 2 (wstat 512, 0x200)
No subtests run 
t/misc/kwalitee.t ................ skipped: This test is only run for the module author

#   Failed test 'use Set::Object;'
#   at t/misc/leaks.t line 5.
#     Tried to use 'Set::Object'.
#     Error:  Can't load '/<<PKGBUILDDIR>>/blib/arch/auto/Set/Object/Object.so' for module Set::Object: /<<PKGBUILDDIR>>/blib/arch/auto/Set/Object/Object.so: undefined symbol: perl_tsa_mutex_lock at /usr/lib/x86_64-linux-gnu/perl/5.26/DynaLoader.pm line 187.
#   at t/misc/leaks.t line 5.
# Compilation failed in require at t/misc/leaks.t line 5.
# BEGIN failed--compilation aborted at t/misc/leaks.t line 5.
No such method Set::Object::new at t/misc/leaks.t line 15.
# Looks like your test exited with 255 just after 1.
t/misc/leaks.t ................... 
1..9
not ok 1 - use Set::Object;
Dubious, test returned 255 (wstat 65280, 0xff00)
Failed 9/9 subtests 
Can't load '/<<PKGBUILDDIR>>/blib/arch/auto/Set/Object/Object.so' for module Set::Object: /<<PKGBUILDDIR>>/blib/arch/auto/Set/Object/Object.so: undefined symbol: perl_tsa_mutex_lock at /usr/lib/x86_64-linux-gnu/perl/5.26/DynaLoader.pm line 187.
  at t/misc/leaktrace.t line 8.
Compilation failed in require at t/misc/leaktrace.t line 8.
BEGIN failed--compilation aborted at t/misc/leaktrace.t line 8.
# Looks like your test exited with 2 before it could output anything.
t/misc/leaktrace.t ............... 
1..1
Dubious, test returned 2 (wstat 512, 0x200)
Failed 1/1 subtests 
t/misc/manifest.t ................ skipped: Author tests not required for installation
t/misc/meta.t .................... skipped: This test is only run for the module author
Can't load '/<<PKGBUILDDIR>>/blib/arch/auto/Set/Object/Object.so' for module Set::Object: /<<PKGBUILDDIR>>/blib/arch/auto/Set/Object/Object.so: undefined symbol: perl_tsa_mutex_lock at /usr/lib/x86_64-linux-gnu/perl/5.26/DynaLoader.pm line 187.
  at t/misc/more_leaks.t line 16.
Compilation failed in require at t/misc/more_leaks.t line 16.
BEGIN failed--compilation aborted at t/misc/more_leaks.t line 16.
t/misc/more_leaks.t .............. 
Dubious, test returned 2 (wstat 512, 0x200)
No subtests run 
t/misc/perl_minimum_version.t .... skipped: Author tests not required for installation
t/misc/pod.t ..................... 
1..3
ok 1 - POD test for blib/lib/Set/Object.pm
ok 2 - POD test for blib/lib/Set/Changes.pod
ok 3 - POD test for blib/lib/Set/Object/Weak.pm
ok
Can't load '/<<PKGBUILDDIR>>/blib/arch/auto/Set/Object/Object.so' for module Set::Object: /<<PKGBUILDDIR>>/blib/arch/auto/Set/Object/Object.so: undefined symbol: perl_tsa_mutex_lock at /usr/lib/x86_64-linux-gnu/perl/5.26/DynaLoader.pm line 187.
  at t/misc/pod_coverage.t line 13.
Compilation failed in require at t/misc/pod_coverage.t line 13.
BEGIN failed--compilation aborted at t/misc/pod_coverage.t line 13.
# Looks like your test exited with 2 before it could output anything.
t/misc/pod_coverage.t ............ 
1..2
Dubious, test returned 2 (wstat 512, 0x200)
Failed 2/2 subtests 
Can't load '/<<PKGBUILDDIR>>/blib/arch/auto/Set/Object/Object.so' for module Set::Object: /<<PKGBUILDDIR>>/blib/arch/auto/Set/Object/Object.so: undefined symbol: perl_tsa_mutex_lock at /usr/lib/x86_64-linux-gnu/perl/5.26/DynaLoader.pm line 187.
  at t/misc/segfault.t line 3.
Compilation failed in require at t/misc/segfault.t line 3.
BEGIN failed--compilation aborted at t/misc/segfault.t line 3.
# Looks like your test exited with 2 before it could output anything.
t/misc/segfault.t ................ 
1..1
Dubious, test returned 2 (wstat 512, 0x200)
Failed 1/1 subtests 
Can't load '/<<PKGBUILDDIR>>/blib/arch/auto/Set/Object/Object.so' for module Set::Object: /<<PKGBUILDDIR>>/blib/arch/auto/Set/Object/Object.so: undefined symbol: perl_tsa_mutex_lock at /usr/lib/x86_64-linux-gnu/perl/5.26/DynaLoader.pm line 187.
  at t/misc/threads.t line 17.
Compilation failed in require at t/misc/threads.t line 17.
BEGIN failed--compilation aborted at t/misc/threads.t line 17.
t/misc/threads.t ................. 
Dubious, test returned 2 (wstat 512, 0x200)
No subtests run 
Can't load '/<<PKGBUILDDIR>>/blib/arch/auto/Set/Object/Object.so' for module Set::Object: /<<PKGBUILDDIR>>/blib/arch/auto/Set/Object/Object.so: undefined symbol: perl_tsa_mutex_lock at /usr/lib/x86_64-linux-gnu/perl/5.26/DynaLoader.pm line 187.
  at t/misc/undef.t line 5.
Compilation failed in require at t/misc/undef.t line 5.
BEGIN failed--compilation aborted at t/misc/undef.t line 5.
t/misc/undef.t ................... skipped: (no reason given)
Can't load '/<<PKGBUILDDIR>>/blib/arch/auto/Set/Object/Object.so' for module Set::Object: /<<PKGBUILDDIR>>/blib/arch/auto/Set/Object/Object.so: undefined symbol: perl_tsa_mutex_lock at /usr/lib/x86_64-linux-gnu/perl/5.26/DynaLoader.pm line 187.
  at t/object/abuse.t line 5.
Compilation failed in require at t/object/abuse.t line 5.
BEGIN failed--compilation aborted at t/object/abuse.t line 5.
# Looks like your test exited with 2 before it could output anything.
t/object/abuse.t ................. 
1..20
Dubious, test returned 2 (wstat 512, 0x200)
Failed 20/20 subtests 
Can't load '/<<PKGBUILDDIR>>/blib/arch/auto/Set/Object/Object.so' for module Set::Object: /<<PKGBUILDDIR>>/blib/arch/auto/Set/Object/Object.so: undefined symbol: perl_tsa_mutex_lock at /usr/lib/x86_64-linux-gnu/perl/5.26/DynaLoader.pm line 187.
  at t/object/clear.t line 1.
Compilation failed in require at t/object/clear.t line 1.
BEGIN failed--compilation aborted at t/object/clear.t line 1.
t/object/clear.t ................. 
Dubious, test returned 2 (wstat 512, 0x200)
No subtests run 
Can't load '/<<PKGBUILDDIR>>/blib/arch/auto/Set/Object/Object.so' for module Set::Object: /<<PKGBUILDDIR>>/blib/arch/auto/Set/Object/Object.so: undefined symbol: perl_tsa_mutex_lock at /usr/lib/x86_64-linux-gnu/perl/5.26/DynaLoader.pm line 187.
  at t/object/difference.t line 1.
Compilation failed in require at t/object/difference.t line 1.
BEGIN failed--compilation aborted at t/object/difference.t line 1.
t/object/difference.t ............ 
Dubious, test returned 2 (wstat 512, 0x200)
No subtests run 
Can't load '/<<PKGBUILDDIR>>/blib/arch/auto/Set/Object/Object.so' for module Set::Object: /<<PKGBUILDDIR>>/blib/arch/auto/Set/Object/Object.so: undefined symbol: perl_tsa_mutex_lock at /usr/lib/x86_64-linux-gnu/perl/5.26/DynaLoader.pm line 187.
  at t/object/equal.t line 1.
Compilation failed in require at t/object/equal.t line 1.
BEGIN failed--compilation aborted at t/object/equal.t line 1.
t/object/equal.t ................. 
Dubious, test returned 2 (wstat 512, 0x200)
No subtests run 
Can't load '/<<PKGBUILDDIR>>/blib/arch/auto/Set/Object/Object.so' for module Set::Object: /<<PKGBUILDDIR>>/blib/arch/auto/Set/Object/Object.so: undefined symbol: perl_tsa_mutex_lock at /usr/lib/x86_64-linux-gnu/perl/5.26/DynaLoader.pm line 187.
  at t/object/flags.t line 9.
Compilation failed in require at t/object/flags.t line 9.
BEGIN failed--compilation aborted at t/object/flags.t line 9.
t/object/flags.t ................. 
Dubious, test returned 2 (wstat 512, 0x200)
No subtests run 
Can't load '/<<PKGBUILDDIR>>/blib/arch/auto/Set/Object/Object.so' for module Set::Object: /<<PKGBUILDDIR>>/blib/arch/auto/Set/Object/Object.so: undefined symbol: perl_tsa_mutex_lock at /usr/lib/x86_64-linux-gnu/perl/5.26/DynaLoader.pm line 187.
  at t/object/includes.t line 3.
Compilation failed in require at t/object/includes.t line 3.
BEGIN failed--compilation aborted at t/object/includes.t line 3.
t/object/includes.t .............. 
Dubious, test returned 2 (wstat 512, 0x200)
No subtests run 
Can't load '/<<PKGBUILDDIR>>/blib/arch/auto/Set/Object/Object.so' for module Set::Object: /<<PKGBUILDDIR>>/blib/arch/auto/Set/Object/Object.so: undefined symbol: perl_tsa_mutex_lock at /usr/lib/x86_64-linux-gnu/perl/5.26/DynaLoader.pm line 187.
  at t/object/insert.t line 3.
Compilation failed in require at t/object/insert.t line 3.
BEGIN failed--compilation aborted at t/object/insert.t line 3.
t/object/insert.t ................ 
Dubious, test returned 2 (wstat 512, 0x200)
No subtests run 
Can't load '/<<PKGBUILDDIR>>/blib/arch/auto/Set/Object/Object.so' for module Set::Object: /<<PKGBUILDDIR>>/blib/arch/auto/Set/Object/Object.so: undefined symbol: perl_tsa_mutex_lock at /usr/lib/x86_64-linux-gnu/perl/5.26/DynaLoader.pm line 187.
  at t/object/intersection.t line 1.
Compilation failed in require at t/object/intersection.t line 1.
BEGIN failed--compilation aborted at t/object/intersection.t line 1.
t/object/intersection.t .......... 
Dubious, test returned 2 (wstat 512, 0x200)
No subtests run 
Can't load '/<<PKGBUILDDIR>>/blib/arch/auto/Set/Object/Object.so' for module Set::Object: /<<PKGBUILDDIR>>/blib/arch/auto/Set/Object/Object.so: undefined symbol: perl_tsa_mutex_lock at /usr/lib/x86_64-linux-gnu/perl/5.26/DynaLoader.pm line 187.
  at t/object/magic.t line 15.
Compilation failed in require at t/object/magic.t line 15.
BEGIN failed--compilation aborted at t/object/magic.t line 15.
t/object/magic.t ................. 
Dubious, test returned 2 (wstat 512, 0x200)
No subtests run 
Can't load '/<<PKGBUILDDIR>>/blib/arch/auto/Set/Object/Object.so' for module Set::Object: /<<PKGBUILDDIR>>/blib/arch/auto/Set/Object/Object.so: undefined symbol: perl_tsa_mutex_lock at /usr/lib/x86_64-linux-gnu/perl/5.26/DynaLoader.pm line 187.
  at t/object/members.t line 1.
Compilation failed in require at t/object/members.t line 1.
BEGIN failed--compilation aborted at t/object/members.t line 1.
t/object/members.t ............... 
Dubious, test returned 2 (wstat 512, 0x200)
No subtests run 
Can't load '/<<PKGBUILDDIR>>/blib/arch/auto/Set/Object/Object.so' for module Set::Object: /<<PKGBUILDDIR>>/blib/arch/auto/Set/Object/Object.so: undefined symbol: perl_tsa_mutex_lock at /usr/lib/x86_64-linux-gnu/perl/5.26/DynaLoader.pm line 187.
  at t/object/properties.t line 6.
Compilation failed in require at t/object/properties.t line 6.
BEGIN failed--compilation aborted at t/object/properties.t line 6.
# Looks like your test exited with 2 before it could output anything.
t/object/properties.t ............ 
1..79
Dubious, test returned 2 (wstat 512, 0x200)
Failed 79/79 subtests 
Can't load '/<<PKGBUILDDIR>>/blib/arch/auto/Set/Object/Object.so' for module Set::Object: /<<PKGBUILDDIR>>/blib/arch/auto/Set/Object/Object.so: undefined symbol: perl_tsa_mutex_lock at /usr/lib/x86_64-linux-gnu/perl/5.26/DynaLoader.pm line 187.
  at t/object/refcount.t line 1.
Compilation failed in require at t/object/refcount.t line 1.
BEGIN failed--compilation aborted at t/object/refcount.t line 1.
t/object/refcount.t .............. 
Dubious, test returned 2 (wstat 512, 0x200)
No subtests run 
Can't load '/<<PKGBUILDDIR>>/blib/arch/auto/Set/Object/Object.so' for module Set::Object: /<<PKGBUILDDIR>>/blib/arch/auto/Set/Object/Object.so: undefined symbol: perl_tsa_mutex_lock at /usr/lib/x86_64-linux-gnu/perl/5.26/DynaLoader.pm line 187.
  at t/object/remove.t line 1.
Compilation failed in require at t/object/remove.t line 1.
BEGIN failed--compilation aborted at t/object/remove.t line 1.
t/object/remove.t ................ 
Dubious, test returned 2 (wstat 512, 0x200)
No subtests run 
Can't load '/<<PKGBUILDDIR>>/blib/arch/auto/Set/Object/Object.so' for module Set::Object: /<<PKGBUILDDIR>>/blib/arch/auto/Set/Object/Object.so: undefined symbol: perl_tsa_mutex_lock at /usr/lib/x86_64-linux-gnu/perl/5.26/DynaLoader.pm line 187.
  at /usr/share/perl/5.26/base.pm line 136.
Compilation failed in require at /usr/share/perl/5.26/base.pm line 136.
	...propagated at /usr/share/perl/5.26/base.pm line 158.
BEGIN failed--compilation aborted at ./t/object/SetSubClass.pm line 5.
Compilation failed in require at t/object/set_subclass.t line 5.
# Looks like your test exited with 2 before it could output anything.
t/object/set_subclass.t .......... 
1..4
Dubious, test returned 2 (wstat 512, 0x200)
Failed 4/4 subtests 

#   Failed test 'use Set::Object;'
#   at t/object/storable.t line 17.
#     Tried to use 'Set::Object'.
#     Error:  Can't load '/<<PKGBUILDDIR>>/blib/arch/auto/Set/Object/Object.so' for module Set::Object: /<<PKGBUILDDIR>>/blib/arch/auto/Set/Object/Object.so: undefined symbol: perl_tsa_mutex_lock at /usr/lib/x86_64-linux-gnu/perl/5.26/DynaLoader.pm line 187.
#   at t/object/storable.t line 17.
# Compilation failed in require at t/object/storable.t line 17.
# BEGIN failed--compilation aborted at t/object/storable.t line 17.
No such method Set::Object::new at t/object/storable.t line 24.
# Looks like your test exited with 255 just after 2.
t/object/storable.t .............. 
1..7
not ok 1 - use Set::Object;
ok 2 - Storable works
Dubious, test returned 255 (wstat 65280, 0xff00)
Failed 6/7 subtests 
Can't load '/<<PKGBUILDDIR>>/blib/arch/auto/Set/Object/Object.so' for module Set::Object: /<<PKGBUILDDIR>>/blib/arch/auto/Set/Object/Object.so: undefined symbol: perl_tsa_mutex_lock at /usr/lib/x86_64-linux-gnu/perl/5.26/DynaLoader.pm line 187.
  at t/object/subsuper.t line 1.
Compilation failed in require at t/object/subsuper.t line 1.
BEGIN failed--compilation aborted at t/object/subsuper.t line 1.
t/object/subsuper.t .............. 
Dubious, test returned 2 (wstat 512, 0x200)
No subtests run 
Can't load '/<<PKGBUILDDIR>>/blib/arch/auto/Set/Object/Object.so' for module Set::Object: /<<PKGBUILDDIR>>/blib/arch/auto/Set/Object/Object.so: undefined symbol: perl_tsa_mutex_lock at /usr/lib/x86_64-linux-gnu/perl/5.26/DynaLoader.pm line 187.
  at t/object/symmetric_difference.t line 1.
Compilation failed in require at t/object/symmetric_difference.t line 1.
BEGIN failed--compilation aborted at t/object/symmetric_difference.t line 1.
t/object/symmetric_difference.t .. 
Dubious, test returned 2 (wstat 512, 0x200)
No subtests run 
Can't load '/<<PKGBUILDDIR>>/blib/arch/auto/Set/Object/Object.so' for module Set::Object: /<<PKGBUILDDIR>>/blib/arch/auto/Set/Object/Object.so: undefined symbol: perl_tsa_mutex_lock at /usr/lib/x86_64-linux-gnu/perl/5.26/DynaLoader.pm line 187.
  at t/object/union.t line 3.
Compilation failed in require at t/object/union.t line 3.
BEGIN failed--compilation aborted at t/object/union.t line 3.
t/object/union.t ................. 
Dubious, test returned 2 (wstat 512, 0x200)
No subtests run 
Can't load '/<<PKGBUILDDIR>>/blib/arch/auto/Set/Object/Object.so' for module Set::Object: /<<PKGBUILDDIR>>/blib/arch/auto/Set/Object/Object.so: undefined symbol: perl_tsa_mutex_lock at /usr/lib/x86_64-linux-gnu/perl/5.26/DynaLoader.pm line 187.
  at t/object/weakref.t line 4.
Compilation failed in require at t/object/weakref.t line 4.
BEGIN failed--compilation aborted at t/object/weakref.t line 4.
t/object/weakref.t ............... skipped: (no reason given)
Can't load '/<<PKGBUILDDIR>>/blib/arch/auto/Set/Object/Object.so' for module Set::Object: /<<PKGBUILDDIR>>/blib/arch/auto/Set/Object/Object.so: undefined symbol: perl_tsa_mutex_lock at /usr/lib/x86_64-linux-gnu/perl/5.26/DynaLoader.pm line 187.
  at t/scalar/basic.t line 2.
Compilation failed in require at t/scalar/basic.t line 2.
BEGIN failed--compilation aborted at t/scalar/basic.t line 2.
t/scalar/basic.t ................. 
Dubious, test returned 2 (wstat 512, 0x200)
No subtests run 
Can't load '/<<PKGBUILDDIR>>/blib/arch/auto/Set/Object/Object.so' for module Set::Object: /<<PKGBUILDDIR>>/blib/arch/auto/Set/Object/Object.so: undefined symbol: perl_tsa_mutex_lock at /usr/lib/x86_64-linux-gnu/perl/5.26/DynaLoader.pm line 187.
  at t/scalar/basic_overload.t line 2.
Compilation failed in require at t/scalar/basic_overload.t line 2.
BEGIN failed--compilation aborted at t/scalar/basic_overload.t line 2.
t/scalar/basic_overload.t ........ 
Dubious, test returned 2 (wstat 512, 0x200)
No subtests run 
Can't load '/<<PKGBUILDDIR>>/blib/arch/auto/Set/Object/Object.so' for module Set::Object: /<<PKGBUILDDIR>>/blib/arch/auto/Set/Object/Object.so: undefined symbol: perl_tsa_mutex_lock at /usr/lib/x86_64-linux-gnu/perl/5.26/DynaLoader.pm line 187.
  at t/scalar/boolean.t line 2.
Compilation failed in require at t/scalar/boolean.t line 2.
BEGIN failed--compilation aborted at t/scalar/boolean.t line 2.
t/scalar/boolean.t ............... 
Dubious, test returned 2 (wstat 512, 0x200)
No subtests run 
Can't load '/<<PKGBUILDDIR>>/blib/arch/auto/Set/Object/Object.so' for module Set::Object: /<<PKGBUILDDIR>>/blib/arch/auto/Set/Object/Object.so: undefined symbol: perl_tsa_mutex_lock at /usr/lib/x86_64-linux-gnu/perl/5.26/DynaLoader.pm line 187.
  at t/scalar/clear.t line 1.
Compilation failed in require at t/scalar/clear.t line 1.
BEGIN failed--compilation aborted at t/scalar/clear.t line 1.
t/scalar/clear.t ................. 
Dubious, test returned 2 (wstat 512, 0x200)
No subtests run 
Can't load '/<<PKGBUILDDIR>>/blib/arch/auto/Set/Object/Object.so' for module Set::Object: /<<PKGBUILDDIR>>/blib/arch/auto/Set/Object/Object.so: undefined symbol: perl_tsa_mutex_lock at /usr/lib/x86_64-linux-gnu/perl/5.26/DynaLoader.pm line 187.
  at t/scalar/compare.t line 2.
Compilation failed in require at t/scalar/compare.t line 2.
BEGIN failed--compilation aborted at t/scalar/compare.t line 2.
t/scalar/compare.t ............... 
Dubious, test returned 2 (wstat 512, 0x200)
No subtests run 
Can't load '/<<PKGBUILDDIR>>/blib/arch/auto/Set/Object/Object.so' for module Set::Object: /<<PKGBUILDDIR>>/blib/arch/auto/Set/Object/Object.so: undefined symbol: perl_tsa_mutex_lock at /usr/lib/x86_64-linux-gnu/perl/5.26/DynaLoader.pm line 187.
  at t/scalar/custom_display.t line 2.
Compilation failed in require at t/scalar/custom_display.t line 2.
BEGIN failed--compilation aborted at t/scalar/custom_display.t line 2.
t/scalar/custom_display.t ........ 
Dubious, test returned 2 (wstat 512, 0x200)
No subtests run 
Can't load '/<<PKGBUILDDIR>>/blib/arch/auto/Set/Object/Object.so' for module Set::Object: /<<PKGBUILDDIR>>/blib/arch/auto/Set/Object/Object.so: undefined symbol: perl_tsa_mutex_lock at /usr/lib/x86_64-linux-gnu/perl/5.26/DynaLoader.pm line 187.
  at t/scalar/difference.t line 2.
Compilation failed in require at t/scalar/difference.t line 2.
BEGIN failed--compilation aborted at t/scalar/difference.t line 2.
t/scalar/difference.t ............ 
Dubious, test returned 2 (wstat 512, 0x200)
No subtests run 
t/scalar/each.t .................. skipped: TO-DO
Can't load '/<<PKGBUILDDIR>>/blib/arch/auto/Set/Object/Object.so' for module Set::Object: /<<PKGBUILDDIR>>/blib/arch/auto/Set/Object/Object.so: undefined symbol: perl_tsa_mutex_lock at /usr/lib/x86_64-linux-gnu/perl/5.26/DynaLoader.pm line 187.
  at t/scalar/has.t line 2.
Compilation failed in require at t/scalar/has.t line 2.
BEGIN failed--compilation aborted at t/scalar/has.t line 2.
t/scalar/has.t ................... 
Dubious, test returned 2 (wstat 512, 0x200)
No subtests run 
Can't load '/<<PKGBUILDDIR>>/blib/arch/auto/Set/Object/Object.so' for module Set::Object: /<<PKGBUILDDIR>>/blib/arch/auto/Set/Object/Object.so: undefined symbol: perl_tsa_mutex_lock at /usr/lib/x86_64-linux-gnu/perl/5.26/DynaLoader.pm line 187.
  at t/scalar/intersection.t line 2.
Compilation failed in require at t/scalar/intersection.t line 2.
BEGIN failed--compilation aborted at t/scalar/intersection.t line 2.
t/scalar/intersection.t .......... 
Dubious, test returned 2 (wstat 512, 0x200)
No subtests run 
Can't load '/<<PKGBUILDDIR>>/blib/arch/auto/Set/Object/Object.so' for module Set::Object: /<<PKGBUILDDIR>>/blib/arch/auto/Set/Object/Object.so: undefined symbol: perl_tsa_mutex_lock at /usr/lib/x86_64-linux-gnu/perl/5.26/DynaLoader.pm line 187.
  at t/scalar/member.t line 1.
Compilation failed in require at t/scalar/member.t line 1.
BEGIN failed--compilation aborted at t/scalar/member.t line 1.
t/scalar/member.t ................ 
Dubious, test returned 2 (wstat 512, 0x200)
No subtests run 
Can't load '/<<PKGBUILDDIR>>/blib/arch/auto/Set/Object/Object.so' for module Set::Object: /<<PKGBUILDDIR>>/blib/arch/auto/Set/Object/Object.so: undefined symbol: perl_tsa_mutex_lock at /usr/lib/x86_64-linux-gnu/perl/5.26/DynaLoader.pm line 187.
  at t/scalar/misc.t line 1.
Compilation failed in require at t/scalar/misc.t line 1.
BEGIN failed--compilation aborted at t/scalar/misc.t line 1.
t/scalar/misc.t .................. 
Dubious, test returned 2 (wstat 512, 0x200)
No subtests run 
Can't load '/<<PKGBUILDDIR>>/blib/arch/auto/Set/Object/Object.so' for module Set::Object: /<<PKGBUILDDIR>>/blib/arch/auto/Set/Object/Object.so: undefined symbol: perl_tsa_mutex_lock at /usr/lib/x86_64-linux-gnu/perl/5.26/DynaLoader.pm line 187.
  at t/scalar/set_set.t line 2.
Compilation failed in require at t/scalar/set_set.t line 2.
BEGIN failed--compilation aborted at t/scalar/set_set.t line 2.
# Looks like your test exited with 2 before it could output anything.
t/scalar/set_set.t ............... 
1..2
Dubious, test returned 2 (wstat 512, 0x200)
Failed 2/2 subtests 

#   Failed test 'use Set::Object;'
#   at t/scalar/storable.t line 17.
#     Tried to use 'Set::Object'.
#     Error:  Can't load '/<<PKGBUILDDIR>>/blib/arch/auto/Set/Object/Object.so' for module Set::Object: /<<PKGBUILDDIR>>/blib/arch/auto/Set/Object/Object.so: undefined symbol: perl_tsa_mutex_lock at /usr/lib/x86_64-linux-gnu/perl/5.26/DynaLoader.pm line 187.
#   at t/scalar/storable.t line 17.
# Compilation failed in require at t/scalar/storable.t line 17.
# BEGIN failed--compilation aborted at t/scalar/storable.t line 17.
No such method Set::Object::new at t/scalar/storable.t line 23.
# Looks like your test exited with 255 just after 2.
t/scalar/storable.t .............. 
1..7
not ok 1 - use Set::Object;
ok 2 - Storable works
Dubious, test returned 255 (wstat 65280, 0xff00)
Failed 6/7 subtests 
Can't load '/<<PKGBUILDDIR>>/blib/arch/auto/Set/Object/Object.so' for module Set::Object: /<<PKGBUILDDIR>>/blib/arch/auto/Set/Object/Object.so: undefined symbol: perl_tsa_mutex_lock at /usr/lib/x86_64-linux-gnu/perl/5.26/DynaLoader.pm line 187.
  at t/scalar/symmdiff.t line 1.
Compilation failed in require at t/scalar/symmdiff.t line 1.
BEGIN failed--compilation aborted at t/scalar/symmdiff.t line 1.
t/scalar/symmdiff.t .............. 
Dubious, test returned 2 (wstat 512, 0x200)
No subtests run 
Can't load '/<<PKGBUILDDIR>>/blib/arch/auto/Set/Object/Object.so' for module Set::Object: /<<PKGBUILDDIR>>/blib/arch/auto/Set/Object/Object.so: undefined symbol: perl_tsa_mutex_lock at /usr/lib/x86_64-linux-gnu/perl/5.26/DynaLoader.pm line 187.
  at t/scalar/union.t line 1.
Compilation failed in require at t/scalar/union.t line 1.
BEGIN failed--compilation aborted at t/scalar/union.t line 1.
t/scalar/union.t ................. 
Dubious, test returned 2 (wstat 512, 0x200)
No subtests run 
Can't load '/<<PKGBUILDDIR>>/blib/arch/auto/Set/Object/Object.so' for module Set::Object: /<<PKGBUILDDIR>>/blib/arch/auto/Set/Object/Object.so: undefined symbol: perl_tsa_mutex_lock at /usr/lib/x86_64-linux-gnu/perl/5.26/DynaLoader.pm line 187.
  at t/scalar/unique.t line 1.
Compilation failed in require at t/scalar/unique.t line 1.
BEGIN failed--compilation aborted at t/scalar/unique.t line 1.
t/scalar/unique.t ................ 
Dubious, test returned 2 (wstat 512, 0x200)
No subtests run 

Test Summary Report
-------------------
t/ingy/arrayref.t              (Wstat: 512 Tests: 0 Failed: 0)
  Non-zero exit status: 2
  Parse errors: No plan found in TAP output
t/misc/leaks.t                 (Wstat: 65280 Tests: 1 Failed: 1)
  Failed test:  1
  Non-zero exit status: 255
  Parse errors: Bad plan.  You planned 9 tests but ran 1.
t/misc/leaktrace.t             (Wstat: 512 Tests: 0 Failed: 0)
  Non-zero exit status: 2
  Parse errors: Bad plan.  You planned 1 tests but ran 0.
t/misc/more_leaks.t            (Wstat: 512 Tests: 0 Failed: 0)
  Non-zero exit status: 2
  Parse errors: No plan found in TAP output
t/misc/pod_coverage.t          (Wstat: 512 Tests: 0 Failed: 0)
  Non-zero exit status: 2
  Parse errors: Bad plan.  You planned 2 tests but ran 0.
t/misc/segfault.t              (Wstat: 512 Tests: 0 Failed: 0)
  Non-zero exit status: 2
  Parse errors: Bad plan.  You planned 1 tests but ran 0.
t/misc/threads.t               (Wstat: 512 Tests: 0 Failed: 0)
  Non-zero exit status: 2
  Parse errors: No plan found in TAP output
t/misc/undef.t                 (Wstat: 512 Tests: 0 Failed: 0)
  Non-zero exit status: 2
t/object/abuse.t               (Wstat: 512 Tests: 0 Failed: 0)
  Non-zero exit status: 2
  Parse errors: Bad plan.  You planned 20 tests but ran 0.
t/object/clear.t               (Wstat: 512 Tests: 0 Failed: 0)
  Non-zero exit status: 2
  Parse errors: No plan found in TAP output
t/object/difference.t          (Wstat: 512 Tests: 0 Failed: 0)
  Non-zero exit status: 2
  Parse errors: No plan found in TAP output
t/object/equal.t               (Wstat: 512 Tests: 0 Failed: 0)
  Non-zero exit status: 2
  Parse errors: No plan found in TAP output
t/object/flags.t               (Wstat: 512 Tests: 0 Failed: 0)
  Non-zero exit status: 2
  Parse errors: No plan found in TAP output
t/object/includes.t            (Wstat: 512 Tests: 0 Failed: 0)
  Non-zero exit status: 2
  Parse errors: No plan found in TAP output
t/object/insert.t              (Wstat: 512 Tests: 0 Failed: 0)
  Non-zero exit status: 2
  Parse errors: No plan found in TAP output
t/object/intersection.t        (Wstat: 512 Tests: 0 Failed: 0)
  Non-zero exit status: 2
  Parse errors: No plan found in TAP output
t/object/magic.t               (Wstat: 512 Tests: 0 Failed: 0)
  Non-zero exit status: 2
  Parse errors: No plan found in TAP output
t/object/members.t             (Wstat: 512 Tests: 0 Failed: 0)
  Non-zero exit status: 2
  Parse errors: No plan found in TAP output
t/object/properties.t          (Wstat: 512 Tests: 0 Failed: 0)
  Non-zero exit status: 2
  Parse errors: Bad plan.  You planned 79 tests but ran 0.
t/object/refcount.t            (Wstat: 512 Tests: 0 Failed: 0)
  Non-zero exit status: 2
  Parse errors: No plan found in TAP output
t/object/remove.t              (Wstat: 512 Tests: 0 Failed: 0)
  Non-zero exit status: 2
  Parse errors: No plan found in TAP output
t/object/set_subclass.t        (Wstat: 512 Tests: 0 Failed: 0)
  Non-zero exit status: 2
  Parse errors: Bad plan.  You planned 4 tests but ran 0.
t/object/storable.t            (Wstat: 65280 Tests: 2 Failed: 1)
  Failed test:  1
  Non-zero exit status: 255
  Parse errors: Bad plan.  You planned 7 tests but ran 2.
t/object/subsuper.t            (Wstat: 512 Tests: 0 Failed: 0)
  Non-zero exit status: 2
  Parse errors: No plan found in TAP output
t/object/symmetric_difference.t (Wstat: 512 Tests: 0 Failed: 0)
  Non-zero exit status: 2
  Parse errors: No plan found in TAP output
t/object/union.t               (Wstat: 512 Tests: 0 Failed: 0)
  Non-zero exit status: 2
  Parse errors: No plan found in TAP output
t/object/weakref.t             (Wstat: 512 Tests: 0 Failed: 0)
  Non-zero exit status: 2
t/scalar/basic.t               (Wstat: 512 Tests: 0 Failed: 0)
  Non-zero exit status: 2
  Parse errors: No plan found in TAP output
t/scalar/basic_overload.t      (Wstat: 512 Tests: 0 Failed: 0)
  Non-zero exit status: 2
  Parse errors: No plan found in TAP output
t/scalar/boolean.t             (Wstat: 512 Tests: 0 Failed: 0)
  Non-zero exit status: 2
  Parse errors: No plan found in TAP output
t/scalar/clear.t               (Wstat: 512 Tests: 0 Failed: 0)
  Non-zero exit status: 2
  Parse errors: No plan found in TAP output
t/scalar/compare.t             (Wstat: 512 Tests: 0 Failed: 0)
  Non-zero exit status: 2
  Parse errors: No plan found in TAP output
t/scalar/custom_display.t      (Wstat: 512 Tests: 0 Failed: 0)
  Non-zero exit status: 2
  Parse errors: No plan found in TAP output
t/scalar/difference.t          (Wstat: 512 Tests: 0 Failed: 0)
  Non-zero exit status: 2
  Parse errors: No plan found in TAP output
t/scalar/has.t                 (Wstat: 512 Tests: 0 Failed: 0)
  Non-zero exit status: 2
  Parse errors: No plan found in TAP output
t/scalar/intersection.t        (Wstat: 512 Tests: 0 Failed: 0)
  Non-zero exit status: 2
  Parse errors: No plan found in TAP output
t/scalar/member.t              (Wstat: 512 Tests: 0 Failed: 0)
  Non-zero exit status: 2
  Parse errors: No plan found in TAP output
t/scalar/misc.t                (Wstat: 512 Tests: 0 Failed: 0)
  Non-zero exit status: 2
  Parse errors: No plan found in TAP output
t/scalar/set_set.t             (Wstat: 512 Tests: 0 Failed: 0)
  Non-zero exit status: 2
  Parse errors: Bad plan.  You planned 2 tests but ran 0.
t/scalar/storable.t            (Wstat: 65280 Tests: 2 Failed: 1)
  Failed test:  1
  Non-zero exit status: 255
  Parse errors: Bad plan.  You planned 7 tests but ran 2.
t/scalar/symmdiff.t            (Wstat: 512 Tests: 0 Failed: 0)
  Non-zero exit status: 2
  Parse errors: No plan found in TAP output
t/scalar/union.t               (Wstat: 512 Tests: 0 Failed: 0)
  Non-zero exit status: 2
  Parse errors: No plan found in TAP output
t/scalar/unique.t              (Wstat: 512 Tests: 0 Failed: 0)
  Non-zero exit status: 2
  Parse errors: No plan found in TAP output
Files=49, Tests=8,  1 wallclock secs ( 0.06 usr  0.05 sys +  1.22 cusr  0.13 csys =  1.46 CPU)
Result: FAIL
Failed 43/49 test programs. 3/8 subtests failed.
make[1]: *** [Makefile:1057: test_dynamic] Error 2
make[1]: Leaving directory '/<<PKGBUILDDIR>>'
dh_auto_test: make -j8 -Oline test TEST_VERBOSE=1 returned exit code 2
make: *** [debian/rules:11: binary-arch] Error 25
dpkg-buildpackage: error: debian/rules binary-arch subprocess returned exit status 2
--------------------------------------------------------------------------------
Build finished at 2018-05-02T13:31:41Z

Finished
--------


+------------------------------------------------------------------------------+
| Cleanup                                                                      |
+------------------------------------------------------------------------------+

Purging /<<BUILDDIR>>
Not cleaning session: cloned chroot in use
E: Build failure (dpkg-buildpackage died)

+------------------------------------------------------------------------------+
| Summary                                                                      |
+------------------------------------------------------------------------------+

Build Architecture: amd64
Build Type: any
Build-Space: 1216
Build-Time: 3
Distribution: unstable
Fail-Stage: build
Host Architecture: amd64
Install-Time: 6
Job: libset-object-perl_1.39-1
Machine Architecture: amd64
Package: libset-object-perl
Package-Time: 24
Source-Version: 1.39-1
Space: 1216
Status: attempted
Version: 1.39-1
--------------------------------------------------------------------------------
Finished at 2018-05-02T13:31:41Z
Build needed 00:00:24, 1216k disk space
E: Build failure (dpkg-buildpackage died)
DC-Status: Failed 24.627255453s
