DC-Build-Header: libssh 0.8.0~20170825.94fa1e38-1 / 2018-05-02 12:55:03 +0000
DC-Task: type:rebuild-binarch-only source:libssh version:0.8.0~20170825.94fa1e38-1 chroot:unstable esttime:200 logfile:/tmp/libssh_0.8.0~20170825.94fa1e38-1_unstable_clang60.log modes:clang60:binarch-only
DC-Sbuild-call: su user42 -c 'sbuild -n --arch-any --apt-update -d unstable -v  --chroot-setup-commands=/tmp/clang60 libssh_0.8.0~20170825.94fa1e38-1'
sbuild (Debian sbuild) 0.73.0 (23 Dec 2016) on ip-172-31-6-194.eu-central-1.compute.internal

+==============================================================================+
| libssh 0.8.0~20170825.94fa1e38-1 (amd64)     Wed, 02 May 2018 12:55:03 +0000 |
+==============================================================================+

Package: libssh
Version: 0.8.0~20170825.94fa1e38-1
Source Version: 0.8.0~20170825.94fa1e38-1
Distribution: unstable
Machine Architecture: amd64
Host Architecture: amd64
Build Architecture: amd64
Build Type: any

I: NOTICE: Log filtering will replace 'var/run/schroot/mount/unstable-amd64-sbuild-dfa25ced-4c90-40a4-ae74-fe4d4104c4e9' with '<<CHROOT>>'

+------------------------------------------------------------------------------+
| Chroot Setup Commands                                                        |
+------------------------------------------------------------------------------+


/tmp/clang60
------------

+ echo 'Entering customization script...'
Entering customization script...
+ CLANG_VERSION=6.0
+ echo 'Install of clang-6.0'
Install of clang-6.0
+ apt-get update
Get:1 http://127.0.0.1:9999/debian unstable InRelease [242 kB]
Get:2 http://127.0.0.1:9999/debian unstable/main Sources.diff/Index [27.9 kB]
Get:3 http://127.0.0.1:9999/debian unstable/main amd64 Packages.diff/Index [27.9 kB]
Get:4 http://127.0.0.1:9999/debian unstable/main Sources 2018-05-02-0830.09.pdiff [16.2 kB]
Get:4 http://127.0.0.1:9999/debian unstable/main Sources 2018-05-02-0830.09.pdiff [16.2 kB]
Get:5 http://127.0.0.1:9999/debian unstable/main amd64 Packages 2018-05-02-0830.09.pdiff [1781 B]
Get:5 http://127.0.0.1:9999/debian unstable/main amd64 Packages 2018-05-02-0830.09.pdiff [1781 B]
Get:6 http://127.0.0.1:9999/debian unstable/main Translation-en [6016 kB]
Fetched 6332 kB in 2s (2835 kB/s)
Reading package lists...
+ apt-get install --yes --no-install-recommends --force-yes clang-6.0
Reading package lists...
Building dependency tree...
Reading state information...
The following additional packages will be installed:
  lib32gcc1 lib32stdc++6 libbsd0 libc6-i386 libclang-common-6.0-dev
  libclang1-6.0 libedit2 libjsoncpp1 libllvm6.0 libncurses5 libobjc-7-dev
  libobjc4
Suggested packages:
  gnustep gnustep-devel clang-6.0-doc
Recommended packages:
  llvm-6.0-dev python libomp-dev libgpm2
The following NEW packages will be installed:
  clang-6.0 lib32gcc1 lib32stdc++6 libbsd0 libc6-i386 libclang-common-6.0-dev
  libclang1-6.0 libedit2 libjsoncpp1 libllvm6.0 libncurses5 libobjc-7-dev
  libobjc4
0 upgraded, 13 newly installed, 0 to remove and 0 not upgraded.
Need to get 37.7 MB of archives.
After this operation, 187 MB of additional disk space will be used.
Get:1 http://127.0.0.1:9999/debian unstable/main amd64 libjsoncpp1 amd64 1.7.4-3 [75.6 kB]
Get:2 http://127.0.0.1:9999/debian unstable/main amd64 libbsd0 amd64 0.8.7-1 [92.1 kB]
Get:3 http://127.0.0.1:9999/debian unstable/main amd64 libncurses5 amd64 6.1+20180210-2 [95.7 kB]
Get:4 http://127.0.0.1:9999/debian unstable/main amd64 libedit2 amd64 3.1-20170329-1 [85.2 kB]
Get:5 http://127.0.0.1:9999/debian unstable/main amd64 libllvm6.0 amd64 1:6.0-3 [14.5 MB]
Get:6 http://127.0.0.1:9999/debian unstable/main amd64 libobjc4 amd64 8-20180425-1 [52.4 kB]
Get:7 http://127.0.0.1:9999/debian unstable/main amd64 libobjc-7-dev amd64 7.3.0-17 [204 kB]
Get:8 http://127.0.0.1:9999/debian unstable/main amd64 libc6-i386 amd64 2.27-3 [2855 kB]
Get:9 http://127.0.0.1:9999/debian unstable/main amd64 lib32gcc1 amd64 1:8-20180425-1 [47.8 kB]
Get:10 http://127.0.0.1:9999/debian unstable/main amd64 lib32stdc++6 amd64 8-20180425-1 [406 kB]
Get:11 http://127.0.0.1:9999/debian unstable/main amd64 libclang-common-6.0-dev amd64 1:6.0-3 [3102 kB]
Get:12 http://127.0.0.1:9999/debian unstable/main amd64 libclang1-6.0 amd64 1:6.0-3 [6995 kB]
Get:13 http://127.0.0.1:9999/debian unstable/main amd64 clang-6.0 amd64 1:6.0-3 [9175 kB]
debconf: delaying package configuration, since apt-utils is not installed
Fetched 37.7 MB in 0s (95.0 MB/s)
Selecting previously unselected package libjsoncpp1:amd64.
(Reading database ... (Reading database ... 5%(Reading database ... 10%(Reading database ... 15%(Reading database ... 20%(Reading database ... 25%(Reading database ... 30%(Reading database ... 35%(Reading database ... 40%(Reading database ... 45%(Reading database ... 50%(Reading database ... 55%(Reading database ... 60%(Reading database ... 65%(Reading database ... 70%(Reading database ... 75%(Reading database ... 80%(Reading database ... 85%(Reading database ... 90%(Reading database ... 95%(Reading database ... 100%(Reading database ... 10022 files and directories currently installed.)
Preparing to unpack .../00-libjsoncpp1_1.7.4-3_amd64.deb ...
Unpacking libjsoncpp1:amd64 (1.7.4-3) ...
Selecting previously unselected package libbsd0:amd64.
Preparing to unpack .../01-libbsd0_0.8.7-1_amd64.deb ...
Unpacking libbsd0:amd64 (0.8.7-1) ...
Selecting previously unselected package libncurses5:amd64.
Preparing to unpack .../02-libncurses5_6.1+20180210-2_amd64.deb ...
Unpacking libncurses5:amd64 (6.1+20180210-2) ...
Selecting previously unselected package libedit2:amd64.
Preparing to unpack .../03-libedit2_3.1-20170329-1_amd64.deb ...
Unpacking libedit2:amd64 (3.1-20170329-1) ...
Selecting previously unselected package libllvm6.0:amd64.
Preparing to unpack .../04-libllvm6.0_1%3a6.0-3_amd64.deb ...
Unpacking libllvm6.0:amd64 (1:6.0-3) ...
Selecting previously unselected package libobjc4:amd64.
Preparing to unpack .../05-libobjc4_8-20180425-1_amd64.deb ...
Unpacking libobjc4:amd64 (8-20180425-1) ...
Selecting previously unselected package libobjc-7-dev:amd64.
Preparing to unpack .../06-libobjc-7-dev_7.3.0-17_amd64.deb ...
Unpacking libobjc-7-dev:amd64 (7.3.0-17) ...
Selecting previously unselected package libc6-i386.
Preparing to unpack .../07-libc6-i386_2.27-3_amd64.deb ...
Unpacking libc6-i386 (2.27-3) ...
Selecting previously unselected package lib32gcc1.
Preparing to unpack .../08-lib32gcc1_1%3a8-20180425-1_amd64.deb ...
Unpacking lib32gcc1 (1:8-20180425-1) ...
Selecting previously unselected package lib32stdc++6.
Preparing to unpack .../09-lib32stdc++6_8-20180425-1_amd64.deb ...
Unpacking lib32stdc++6 (8-20180425-1) ...
Selecting previously unselected package libclang-common-6.0-dev.
Preparing to unpack .../10-libclang-common-6.0-dev_1%3a6.0-3_amd64.deb ...
Unpacking libclang-common-6.0-dev (1:6.0-3) ...
Selecting previously unselected package libclang1-6.0:amd64.
Preparing to unpack .../11-libclang1-6.0_1%3a6.0-3_amd64.deb ...
Unpacking libclang1-6.0:amd64 (1:6.0-3) ...
Selecting previously unselected package clang-6.0.
Preparing to unpack .../12-clang-6.0_1%3a6.0-3_amd64.deb ...
Unpacking clang-6.0 (1:6.0-3) ...
Setting up libncurses5:amd64 (6.1+20180210-2) ...
Setting up libobjc4:amd64 (8-20180425-1) ...
Setting up libc6-i386 (2.27-3) ...
Setting up libbsd0:amd64 (0.8.7-1) ...
Setting up libobjc-7-dev:amd64 (7.3.0-17) ...
Processing triggers for libc-bin (2.27-3) ...
Setting up lib32gcc1 (1:8-20180425-1) ...
Setting up libjsoncpp1:amd64 (1.7.4-3) ...
Setting up libedit2:amd64 (3.1-20170329-1) ...
Setting up libllvm6.0:amd64 (1:6.0-3) ...
Setting up libclang1-6.0:amd64 (1:6.0-3) ...
Setting up lib32stdc++6 (8-20180425-1) ...
Setting up libclang-common-6.0-dev (1:6.0-3) ...
Setting up clang-6.0 (1:6.0-3) ...
Processing triggers for libc-bin (2.27-3) ...
W: --force-yes is deprecated, use one of the options starting with --allow instead.
+ echo 'Replace gcc, g++ & cpp by clang'
Replace gcc, g++ & cpp by clang
+ VERSIONS='4.6 4.7 4.8 4.9 5 6 7 8'
+ cd /usr/bin
+ for VERSION in $VERSIONS
+ rm -f g++-4.6 gcc-4.6 cpp-4.6 gcc
+ ln -s clang++-6.0 g++-4.6
+ ln -s clang-6.0 gcc-4.6
+ ln -s clang-6.0 cpp-4.6
+ ln -s clang-6.0 gcc
+ echo 'gcc-4.6 hold'
+ dpkg --set-selections
dpkg: warning: package not in status nor available database at line 1: gcc-4.6
dpkg: warning: found unknown packages; this might mean the available database
is outdated, and needs to be updated through a frontend method;
please see the FAQ <https://wiki.debian.org/Teams/Dpkg/FAQ>
+ echo 'g++-4.6 hold'
+ dpkg --set-selections
dpkg: warning: package not in status nor available database at line 1: g++-4.6
dpkg: warning: found unknown packages; this might mean the available database
is outdated, and needs to be updated through a frontend method;
please see the FAQ <https://wiki.debian.org/Teams/Dpkg/FAQ>
+ for VERSION in $VERSIONS
+ rm -f g++-4.7 gcc-4.7 cpp-4.7 gcc
+ ln -s clang++-6.0 g++-4.7
+ ln -s clang-6.0 gcc-4.7
+ ln -s clang-6.0 cpp-4.7
+ ln -s clang-6.0 gcc
+ echo 'gcc-4.7 hold'
+ dpkg --set-selections
dpkg: warning: package not in status nor available database at line 1: gcc-4.7
dpkg: warning: found unknown packages; this might mean the available database
is outdated, and needs to be updated through a frontend method;
please see the FAQ <https://wiki.debian.org/Teams/Dpkg/FAQ>
+ echo 'g++-4.7 hold'
+ dpkg --set-selections
dpkg: warning: package not in status nor available database at line 1: g++-4.7
dpkg: warning: found unknown packages; this might mean the available database
is outdated, and needs to be updated through a frontend method;
please see the FAQ <https://wiki.debian.org/Teams/Dpkg/FAQ>
+ for VERSION in $VERSIONS
+ rm -f g++-4.8 gcc-4.8 cpp-4.8 gcc
+ ln -s clang++-6.0 g++-4.8
+ ln -s clang-6.0 gcc-4.8
+ ln -s clang-6.0 cpp-4.8
+ ln -s clang-6.0 gcc
+ echo 'gcc-4.8 hold'
+ dpkg --set-selections
dpkg: warning: package not in status nor available database at line 1: gcc-4.8
dpkg: warning: found unknown packages; this might mean the available database
is outdated, and needs to be updated through a frontend method;
please see the FAQ <https://wiki.debian.org/Teams/Dpkg/FAQ>
+ echo 'g++-4.8 hold'
+ dpkg --set-selections
dpkg: warning: package not in status nor available database at line 1: g++-4.8
dpkg: warning: found unknown packages; this might mean the available database
is outdated, and needs to be updated through a frontend method;
please see the FAQ <https://wiki.debian.org/Teams/Dpkg/FAQ>
+ for VERSION in $VERSIONS
+ rm -f g++-4.9 gcc-4.9 cpp-4.9 gcc
+ ln -s clang++-6.0 g++-4.9
+ ln -s clang-6.0 gcc-4.9
+ ln -s clang-6.0 cpp-4.9
+ ln -s clang-6.0 gcc
+ echo 'gcc-4.9 hold'
+ dpkg --set-selections
dpkg: warning: package not in status nor available database at line 1: gcc-4.9
dpkg: warning: found unknown packages; this might mean the available database
is outdated, and needs to be updated through a frontend method;
please see the FAQ <https://wiki.debian.org/Teams/Dpkg/FAQ>
+ echo 'g++-4.9 hold'
+ dpkg --set-selections
dpkg: warning: package not in status nor available database at line 1: g++-4.9
dpkg: warning: found unknown packages; this might mean the available database
is outdated, and needs to be updated through a frontend method;
please see the FAQ <https://wiki.debian.org/Teams/Dpkg/FAQ>
+ for VERSION in $VERSIONS
+ rm -f g++-5 gcc-5 cpp-5 gcc
+ ln -s clang++-6.0 g++-5
+ ln -s clang-6.0 gcc-5
+ ln -s clang-6.0 cpp-5
+ ln -s clang-6.0 gcc
+ echo 'gcc-5 hold'
+ dpkg --set-selections
+ echo 'g++-5 hold'
+ dpkg --set-selections
+ for VERSION in $VERSIONS
+ rm -f g++-6 gcc-6 cpp-6 gcc
+ ln -s clang++-6.0 g++-6
+ ln -s clang-6.0 gcc-6
+ ln -s clang-6.0 cpp-6
+ ln -s clang-6.0 gcc
+ dpkg --set-selections
+ echo 'gcc-6 hold'
dpkg: warning: package not in status nor available database at line 1: gcc-6
dpkg: warning: found unknown packages; this might mean the available database
is outdated, and needs to be updated through a frontend method;
please see the FAQ <https://wiki.debian.org/Teams/Dpkg/FAQ>
+ echo 'g++-6 hold'
+ dpkg --set-selections
dpkg: warning: package not in status nor available database at line 1: g++-6
dpkg: warning: found unknown packages; this might mean the available database
is outdated, and needs to be updated through a frontend method;
please see the FAQ <https://wiki.debian.org/Teams/Dpkg/FAQ>
+ for VERSION in $VERSIONS
+ rm -f g++-7 gcc-7 cpp-7 gcc
+ ln -s clang++-6.0 g++-7
+ ln -s clang-6.0 gcc-7
+ ln -s clang-6.0 cpp-7
+ ln -s clang-6.0 gcc
+ echo 'gcc-7 hold'
+ dpkg --set-selections
+ echo 'g++-7 hold'
+ dpkg --set-selections
+ for VERSION in $VERSIONS
+ rm -f g++-8 gcc-8 cpp-8 gcc
+ ln -s clang++-6.0 g++-8
+ ln -s clang-6.0 gcc-8
+ ln -s clang-6.0 cpp-8
+ ln -s clang-6.0 gcc
+ echo 'gcc-8 hold'
+ dpkg --set-selections
dpkg: warning: package not in status nor available database at line 1: gcc-8
dpkg: warning: found unknown packages; this might mean the available database
is outdated, and needs to be updated through a frontend method;
please see the FAQ <https://wiki.debian.org/Teams/Dpkg/FAQ>
+ echo 'g++-8 hold'
+ dpkg --set-selections
dpkg: warning: package not in status nor available database at line 1: g++-8
dpkg: warning: found unknown packages; this might mean the available database
is outdated, and needs to be updated through a frontend method;
please see the FAQ <https://wiki.debian.org/Teams/Dpkg/FAQ>
+ cd -
/build/libssh-LHRkUJ
+ echo 'Check if gcc, g++ & cpp are actually clang'
Check if gcc, g++ & cpp are actually clang
+ gcc --version
+ grep clang
+ cpp --version
+ grep clang
+ g++ --version
+ grep clang

I: Finished running '/tmp/clang60'.

Finished processing commands.
--------------------------------------------------------------------------------

+------------------------------------------------------------------------------+
| Update chroot                                                                |
+------------------------------------------------------------------------------+

Hit:1 http://127.0.0.1:9999/debian unstable InRelease
Reading package lists...
Reading package lists...
Building dependency tree...
Reading state information...
Calculating upgrade...
0 upgraded, 0 newly installed, 0 to remove and 0 not upgraded.

+------------------------------------------------------------------------------+
| Fetch source files                                                           |
+------------------------------------------------------------------------------+


Check APT
---------

Checking available source versions...

Download source files with APT
------------------------------

Reading package lists...
NOTICE: 'libssh' packaging is maintained in the 'Git' version control system at:
https://anonscm.debian.org/git/collab-maint/libssh.git
Please use:
git clone https://anonscm.debian.org/git/collab-maint/libssh.git
to retrieve the latest (possibly unreleased) updates to the package.
Need to get 402 kB of source archives.
Get:1 http://127.0.0.1:9999/debian unstable/main libssh 0.8.0~20170825.94fa1e38-1 (dsc) [2082 B]
Get:2 http://127.0.0.1:9999/debian unstable/main libssh 0.8.0~20170825.94fa1e38-1 (tar) [381 kB]
Get:3 http://127.0.0.1:9999/debian unstable/main libssh 0.8.0~20170825.94fa1e38-1 (diff) [18.7 kB]
Fetched 402 kB in 0s (2260 kB/s)
Download complete and in download only mode
I: NOTICE: Log filtering will replace 'build/libssh-LHRkUJ/libssh-0.8.0~20170825.94fa1e38' with '<<PKGBUILDDIR>>'
I: NOTICE: Log filtering will replace 'build/libssh-LHRkUJ' with '<<BUILDDIR>>'

+------------------------------------------------------------------------------+
| Install build-essential                                                      |
+------------------------------------------------------------------------------+


Setup apt archive
-----------------

Merged Build-Depends: build-essential, fakeroot
Filtered Build-Depends: build-essential, fakeroot
dpkg-deb: building package 'sbuild-build-depends-core-dummy' in '/<<BUILDDIR>>/resolver-ky2iRU/apt_archive/sbuild-build-depends-core-dummy.deb'.
dpkg-scanpackages: warning: Packages in archive but missing from override file:
dpkg-scanpackages: warning:   sbuild-build-depends-core-dummy
dpkg-scanpackages: info: Wrote 1 entries to output Packages file.
Ign:1 copy:/<<BUILDDIR>>/resolver-ky2iRU/apt_archive ./ InRelease
Get:2 copy:/<<BUILDDIR>>/resolver-ky2iRU/apt_archive ./ Release [957 B]
Ign:3 copy:/<<BUILDDIR>>/resolver-ky2iRU/apt_archive ./ Release.gpg
Get:4 copy:/<<BUILDDIR>>/resolver-ky2iRU/apt_archive ./ Sources [349 B]
Get:5 copy:/<<BUILDDIR>>/resolver-ky2iRU/apt_archive ./ Packages [433 B]
Fetched 1739 B in 0s (0 B/s)
Reading package lists...
Reading package lists...

Install core build dependencies (apt-based resolver)
----------------------------------------------------

Installing build dependencies
Reading package lists...
Building dependency tree...
Reading state information...
The following NEW packages will be installed:
  sbuild-build-depends-core-dummy
0 upgraded, 1 newly installed, 0 to remove and 0 not upgraded.
Need to get 856 B of archives.
After this operation, 0 B of additional disk space will be used.
Get:1 copy:/<<BUILDDIR>>/resolver-ky2iRU/apt_archive ./ sbuild-build-depends-core-dummy 0.invalid.0 [856 B]
debconf: delaying package configuration, since apt-utils is not installed
Fetched 856 B in 0s (0 B/s)
Selecting previously unselected package sbuild-build-depends-core-dummy.
(Reading database ... 10771 files and directories currently installed.)
Preparing to unpack .../sbuild-build-depends-core-dummy_0.invalid.0_amd64.deb ...
Unpacking sbuild-build-depends-core-dummy (0.invalid.0) ...
Setting up sbuild-build-depends-core-dummy (0.invalid.0) ...

+------------------------------------------------------------------------------+
| Check architectures                                                          |
+------------------------------------------------------------------------------+

Arch check ok (amd64 included in any all)

+------------------------------------------------------------------------------+
| Install package build dependencies                                           |
+------------------------------------------------------------------------------+


Setup apt archive
-----------------

Merged Build-Depends: cmake (>= 2.8.5), debhelper (>= 9.20160114~), libcmocka-dev, libgcrypt-dev, libkrb5-dev | heimdal-dev, libssl-dev, libz-dev, openssh-client, pkg-config
Filtered Build-Depends: cmake (>= 2.8.5), debhelper (>= 9.20160114~), libcmocka-dev, libgcrypt-dev, libkrb5-dev, libssl-dev, libz-dev, openssh-client, pkg-config
dpkg-deb: building package 'sbuild-build-depends-libssh-dummy' in '/<<BUILDDIR>>/resolver-ky2iRU/apt_archive/sbuild-build-depends-libssh-dummy.deb'.
dpkg-scanpackages: warning: Packages in archive but missing from override file:
dpkg-scanpackages: warning:   sbuild-build-depends-core-dummy sbuild-build-depends-libssh-dummy
dpkg-scanpackages: info: Wrote 2 entries to output Packages file.
Ign:1 copy:/<<BUILDDIR>>/resolver-ky2iRU/apt_archive ./ InRelease
Get:2 copy:/<<BUILDDIR>>/resolver-ky2iRU/apt_archive ./ Release [963 B]
Ign:3 copy:/<<BUILDDIR>>/resolver-ky2iRU/apt_archive ./ Release.gpg
Get:4 copy:/<<BUILDDIR>>/resolver-ky2iRU/apt_archive ./ Sources [560 B]
Get:5 copy:/<<BUILDDIR>>/resolver-ky2iRU/apt_archive ./ Packages [636 B]
Fetched 2159 B in 0s (0 B/s)
Reading package lists...
Reading package lists...

Install libssh build dependencies (apt-based resolver)
------------------------------------------------------

Installing build dependencies
Reading package lists...
Building dependency tree...
Reading state information...
The following additional packages will be installed:
  autoconf automake autopoint autotools-dev bsdmainutils cmake cmake-data
  comerr-dev debhelper dh-autoreconf dh-strip-nondeterminism file gettext
  gettext-base groff-base intltool-debian krb5-multidev libarchive-zip-perl
  libarchive13 libcmocka-dev libcmocka0 libcroco3 libcurl3 libexpat1
  libfile-stripnondeterminism-perl libgcrypt20-dev libglib2.0-0
  libgpg-error-dev libgssapi-krb5-2 libgssrpc4 libicu57 libk5crypto3
  libkadm5clnt-mit11 libkadm5srv-mit11 libkdb5-9 libkeyutils1 libkrb5-3
  libkrb5-dev libkrb5support0 libldap-2.4-2 libldap-common liblzo2-2
  libmagic-mgc libmagic1 libnghttp2-14 libpipeline1 libprocps6 libpsl5
  librhash0 librtmp1 libsasl2-2 libsasl2-modules-db libsigsegv2 libssh2-1
  libssl-dev libssl1.0.2 libssl1.1 libtimedate-perl libtool libuv1 libxml2
  lsb-base m4 man-db openssh-client pkg-config po-debconf procps zlib1g-dev
Suggested packages:
  autoconf-archive gnu-standards autoconf-doc wamerican | wordlist whois
  vacation cmake-doc ninja-build doc-base dh-make dwz gettext-doc
  libasprintf-dev libgettextpo-dev groff krb5-doc lrzip libgcrypt20-doc
  krb5-user libtool-doc gfortran | fortran95-compiler gcj-jdk m4-doc apparmor
  less www-browser keychain libpam-ssh monkeysphere ssh-askpass
  libmail-box-perl
Recommended packages:
  curl | wget | lynx cmocka-doc ca-certificates libarchive-cpio-perl
  libglib2.0-data shared-mime-info xdg-user-dirs krb5-locales publicsuffix
  libsasl2-modules libssl-doc libltdl-dev xauth libmail-sendmail-perl psmisc
The following NEW packages will be installed:
  autoconf automake autopoint autotools-dev bsdmainutils cmake cmake-data
  comerr-dev debhelper dh-autoreconf dh-strip-nondeterminism file gettext
  gettext-base groff-base intltool-debian krb5-multidev libarchive-zip-perl
  libarchive13 libcmocka-dev libcmocka0 libcroco3 libcurl3 libexpat1
  libfile-stripnondeterminism-perl libgcrypt20-dev libglib2.0-0
  libgpg-error-dev libgssapi-krb5-2 libgssrpc4 libicu57 libk5crypto3
  libkadm5clnt-mit11 libkadm5srv-mit11 libkdb5-9 libkeyutils1 libkrb5-3
  libkrb5-dev libkrb5support0 libldap-2.4-2 libldap-common liblzo2-2
  libmagic-mgc libmagic1 libnghttp2-14 libpipeline1 libprocps6 libpsl5
  librhash0 librtmp1 libsasl2-2 libsasl2-modules-db libsigsegv2 libssh2-1
  libssl-dev libssl1.0.2 libssl1.1 libtimedate-perl libtool libuv1 libxml2
  lsb-base m4 man-db openssh-client pkg-config po-debconf procps
  sbuild-build-depends-libssh-dummy zlib1g-dev
0 upgraded, 70 newly installed, 0 to remove and 0 not upgraded.
Need to get 33.8 MB of archives.
After this operation, 122 MB of additional disk space will be used.
Get:1 copy:/<<BUILDDIR>>/resolver-ky2iRU/apt_archive ./ sbuild-build-depends-libssh-dummy 0.invalid.0 [924 B]
Get:2 http://127.0.0.1:9999/debian unstable/main amd64 bsdmainutils amd64 11.1.2 [190 kB]
Get:3 http://127.0.0.1:9999/debian unstable/main amd64 groff-base amd64 1.22.3-10 [1176 kB]
Get:4 http://127.0.0.1:9999/debian unstable/main amd64 libpipeline1 amd64 1.5.0-1 [29.0 kB]
Get:5 http://127.0.0.1:9999/debian unstable/main amd64 man-db amd64 2.8.3-2 [1180 kB]
Get:6 http://127.0.0.1:9999/debian unstable/main amd64 libprocps6 amd64 2:3.3.14-1 [60.4 kB]
Get:7 http://127.0.0.1:9999/debian unstable/main amd64 lsb-base all 9.20170808 [28.1 kB]
Get:8 http://127.0.0.1:9999/debian unstable/main amd64 procps amd64 2:3.3.14-1 [257 kB]
Get:9 http://127.0.0.1:9999/debian unstable/main amd64 libmagic-mgc amd64 1:5.33-2 [234 kB]
Get:10 http://127.0.0.1:9999/debian unstable/main amd64 libmagic1 amd64 1:5.33-2 [113 kB]
Get:11 http://127.0.0.1:9999/debian unstable/main amd64 file amd64 1:5.33-2 [65.6 kB]
Get:12 http://127.0.0.1:9999/debian unstable/main amd64 gettext-base amd64 0.19.8.1-6 [122 kB]
Get:13 http://127.0.0.1:9999/debian unstable/main amd64 libkeyutils1 amd64 1.5.9-9.2 [12.9 kB]
Get:14 http://127.0.0.1:9999/debian unstable/main amd64 libkrb5support0 amd64 1.16-2 [62.8 kB]
Get:15 http://127.0.0.1:9999/debian unstable/main amd64 libk5crypto3 amd64 1.16-2 [121 kB]
Get:16 http://127.0.0.1:9999/debian unstable/main amd64 libkrb5-3 amd64 1.16-2 [316 kB]
Get:17 http://127.0.0.1:9999/debian unstable/main amd64 libgssapi-krb5-2 amd64 1.16-2 [158 kB]
Get:18 http://127.0.0.1:9999/debian unstable/main amd64 libssl1.0.2 amd64 1.0.2o-1 [1296 kB]
Get:19 http://127.0.0.1:9999/debian unstable/main amd64 openssh-client amd64 1:7.7p1-2 [802 kB]
Get:20 http://127.0.0.1:9999/debian unstable/main amd64 libsigsegv2 amd64 2.12-2 [32.8 kB]
Get:21 http://127.0.0.1:9999/debian unstable/main amd64 m4 amd64 1.4.18-1 [202 kB]
Get:22 http://127.0.0.1:9999/debian unstable/main amd64 autoconf all 2.69-11 [341 kB]
Get:23 http://127.0.0.1:9999/debian unstable/main amd64 autotools-dev all 20180224.1 [77.0 kB]
Get:24 http://127.0.0.1:9999/debian unstable/main amd64 automake all 1:1.15.1-3.1 [736 kB]
Get:25 http://127.0.0.1:9999/debian unstable/main amd64 autopoint all 0.19.8.1-6 [434 kB]
Get:26 http://127.0.0.1:9999/debian unstable/main amd64 cmake-data all 3.11.1-1 [1386 kB]
Get:27 http://127.0.0.1:9999/debian unstable/main amd64 liblzo2-2 amd64 2.08-1.2+b2 [55.0 kB]
Get:28 http://127.0.0.1:9999/debian unstable/main amd64 libicu57 amd64 57.1-9 [7698 kB]
Get:29 http://127.0.0.1:9999/debian unstable/main amd64 libxml2 amd64 2.9.4+dfsg1-6.1 [725 kB]
Get:30 http://127.0.0.1:9999/debian unstable/main amd64 libarchive13 amd64 3.2.2-3.1 [296 kB]
Get:31 http://127.0.0.1:9999/debian unstable/main amd64 libsasl2-modules-db amd64 2.1.27~101-g0780600+dfsg-3.1 [68.6 kB]
Get:32 http://127.0.0.1:9999/debian unstable/main amd64 libsasl2-2 amd64 2.1.27~101-g0780600+dfsg-3.1 [105 kB]
Get:33 http://127.0.0.1:9999/debian unstable/main amd64 libldap-common all 2.4.45+dfsg-1 [87.0 kB]
Get:34 http://127.0.0.1:9999/debian unstable/main amd64 libldap-2.4-2 amd64 2.4.45+dfsg-1 [223 kB]
Get:35 http://127.0.0.1:9999/debian unstable/main amd64 libnghttp2-14 amd64 1.31.1-1 [80.7 kB]
Get:36 http://127.0.0.1:9999/debian unstable/main amd64 libpsl5 amd64 0.20.1-1 [52.6 kB]
Get:37 http://127.0.0.1:9999/debian unstable/main amd64 librtmp1 amd64 2.4+20151223.gitfa8646d.1-1+b1 [60.4 kB]
Get:38 http://127.0.0.1:9999/debian unstable/main amd64 libssh2-1 amd64 1.8.0-1 [138 kB]
Get:39 http://127.0.0.1:9999/debian unstable/main amd64 libcurl3 amd64 7.58.0-2 [312 kB]
Get:40 http://127.0.0.1:9999/debian unstable/main amd64 libexpat1 amd64 2.2.5-3 [96.8 kB]
Get:41 http://127.0.0.1:9999/debian unstable/main amd64 librhash0 amd64 1.3.6-2 [87.1 kB]
Get:42 http://127.0.0.1:9999/debian unstable/main amd64 libuv1 amd64 1.18.0-3 [98.5 kB]
Get:43 http://127.0.0.1:9999/debian unstable/main amd64 cmake amd64 3.11.1-1 [3190 kB]
Get:44 http://127.0.0.1:9999/debian unstable/main amd64 comerr-dev amd64 2.1-1.44.1-2 [38.5 kB]
Get:45 http://127.0.0.1:9999/debian unstable/main amd64 libtool all 2.4.6-2.1 [547 kB]
Get:46 http://127.0.0.1:9999/debian unstable/main amd64 dh-autoreconf all 17 [16.5 kB]
Get:47 http://127.0.0.1:9999/debian unstable/main amd64 libarchive-zip-perl all 1.60-1 [95.6 kB]
Get:48 http://127.0.0.1:9999/debian unstable/main amd64 libfile-stripnondeterminism-perl all 0.041-1 [19.9 kB]
Get:49 http://127.0.0.1:9999/debian unstable/main amd64 libtimedate-perl all 2.3000-2 [42.2 kB]
Get:50 http://127.0.0.1:9999/debian unstable/main amd64 dh-strip-nondeterminism all 0.041-1 [12.0 kB]
Get:51 http://127.0.0.1:9999/debian unstable/main amd64 libglib2.0-0 amd64 2.56.1-2 [2928 kB]
Get:52 http://127.0.0.1:9999/debian unstable/main amd64 libcroco3 amd64 0.6.12-2 [144 kB]
Get:53 http://127.0.0.1:9999/debian unstable/main amd64 gettext amd64 0.19.8.1-6 [1302 kB]
Get:54 http://127.0.0.1:9999/debian unstable/main amd64 intltool-debian all 0.35.0+20060710.4 [26.3 kB]
Get:55 http://127.0.0.1:9999/debian unstable/main amd64 po-debconf all 1.0.20 [247 kB]
Get:56 http://127.0.0.1:9999/debian unstable/main amd64 debhelper all 11.2.1 [1013 kB]
Get:57 http://127.0.0.1:9999/debian unstable/main amd64 libgssrpc4 amd64 1.16-2 [89.9 kB]
Get:58 http://127.0.0.1:9999/debian unstable/main amd64 libkdb5-9 amd64 1.16-2 [72.6 kB]
Get:59 http://127.0.0.1:9999/debian unstable/main amd64 libkadm5srv-mit11 amd64 1.16-2 [85.2 kB]
Get:60 http://127.0.0.1:9999/debian unstable/main amd64 libkadm5clnt-mit11 amd64 1.16-2 [73.6 kB]
Get:61 http://127.0.0.1:9999/debian unstable/main amd64 krb5-multidev amd64 1.16-2 [155 kB]
Get:62 http://127.0.0.1:9999/debian unstable/main amd64 libcmocka0 amd64 1.1.1-1 [20.5 kB]
Get:63 http://127.0.0.1:9999/debian unstable/main amd64 libcmocka-dev amd64 1.1.1-1 [32.1 kB]
Get:64 http://127.0.0.1:9999/debian unstable/main amd64 libgpg-error-dev amd64 1.29-4 [117 kB]
Get:65 http://127.0.0.1:9999/debian unstable/main amd64 libgcrypt20-dev amd64 1.8.2-2 [603 kB]
Get:66 http://127.0.0.1:9999/debian unstable/main amd64 libkrb5-dev amd64 1.16-2 [46.8 kB]
Get:67 http://127.0.0.1:9999/debian unstable/main amd64 libssl1.1 amd64 1.1.0h-2 [1352 kB]
Get:68 http://127.0.0.1:9999/debian unstable/main amd64 libssl-dev amd64 1.1.0h-2 [1589 kB]
Get:69 http://127.0.0.1:9999/debian unstable/main amd64 pkg-config amd64 0.29-4+b1 [63.3 kB]
Get:70 http://127.0.0.1:9999/debian unstable/main amd64 zlib1g-dev amd64 1:1.2.11.dfsg-1 [214 kB]
debconf: delaying package configuration, since apt-utils is not installed
Fetched 33.8 MB in 0s (80.2 MB/s)
Selecting previously unselected package bsdmainutils.
(Reading database ... 10771 files and directories currently installed.)
Preparing to unpack .../00-bsdmainutils_11.1.2_amd64.deb ...
Unpacking bsdmainutils (11.1.2) ...
Selecting previously unselected package groff-base.
Preparing to unpack .../01-groff-base_1.22.3-10_amd64.deb ...
Unpacking groff-base (1.22.3-10) ...
Selecting previously unselected package libpipeline1:amd64.
Preparing to unpack .../02-libpipeline1_1.5.0-1_amd64.deb ...
Unpacking libpipeline1:amd64 (1.5.0-1) ...
Selecting previously unselected package man-db.
Preparing to unpack .../03-man-db_2.8.3-2_amd64.deb ...
Unpacking man-db (2.8.3-2) ...
Selecting previously unselected package libprocps6:amd64.
Preparing to unpack .../04-libprocps6_2%3a3.3.14-1_amd64.deb ...
Unpacking libprocps6:amd64 (2:3.3.14-1) ...
Selecting previously unselected package lsb-base.
Preparing to unpack .../05-lsb-base_9.20170808_all.deb ...
Unpacking lsb-base (9.20170808) ...
Selecting previously unselected package procps.
Preparing to unpack .../06-procps_2%3a3.3.14-1_amd64.deb ...
Unpacking procps (2:3.3.14-1) ...
Selecting previously unselected package libmagic-mgc.
Preparing to unpack .../07-libmagic-mgc_1%3a5.33-2_amd64.deb ...
Unpacking libmagic-mgc (1:5.33-2) ...
Selecting previously unselected package libmagic1:amd64.
Preparing to unpack .../08-libmagic1_1%3a5.33-2_amd64.deb ...
Unpacking libmagic1:amd64 (1:5.33-2) ...
Selecting previously unselected package file.
Preparing to unpack .../09-file_1%3a5.33-2_amd64.deb ...
Unpacking file (1:5.33-2) ...
Selecting previously unselected package gettext-base.
Preparing to unpack .../10-gettext-base_0.19.8.1-6_amd64.deb ...
Unpacking gettext-base (0.19.8.1-6) ...
Selecting previously unselected package libkeyutils1:amd64.
Preparing to unpack .../11-libkeyutils1_1.5.9-9.2_amd64.deb ...
Unpacking libkeyutils1:amd64 (1.5.9-9.2) ...
Selecting previously unselected package libkrb5support0:amd64.
Preparing to unpack .../12-libkrb5support0_1.16-2_amd64.deb ...
Unpacking libkrb5support0:amd64 (1.16-2) ...
Selecting previously unselected package libk5crypto3:amd64.
Preparing to unpack .../13-libk5crypto3_1.16-2_amd64.deb ...
Unpacking libk5crypto3:amd64 (1.16-2) ...
Selecting previously unselected package libkrb5-3:amd64.
Preparing to unpack .../14-libkrb5-3_1.16-2_amd64.deb ...
Unpacking libkrb5-3:amd64 (1.16-2) ...
Selecting previously unselected package libgssapi-krb5-2:amd64.
Preparing to unpack .../15-libgssapi-krb5-2_1.16-2_amd64.deb ...
Unpacking libgssapi-krb5-2:amd64 (1.16-2) ...
Selecting previously unselected package libssl1.0.2:amd64.
Preparing to unpack .../16-libssl1.0.2_1.0.2o-1_amd64.deb ...
Unpacking libssl1.0.2:amd64 (1.0.2o-1) ...
Selecting previously unselected package openssh-client.
Preparing to unpack .../17-openssh-client_1%3a7.7p1-2_amd64.deb ...
Unpacking openssh-client (1:7.7p1-2) ...
Selecting previously unselected package libsigsegv2:amd64.
Preparing to unpack .../18-libsigsegv2_2.12-2_amd64.deb ...
Unpacking libsigsegv2:amd64 (2.12-2) ...
Selecting previously unselected package m4.
Preparing to unpack .../19-m4_1.4.18-1_amd64.deb ...
Unpacking m4 (1.4.18-1) ...
Selecting previously unselected package autoconf.
Preparing to unpack .../20-autoconf_2.69-11_all.deb ...
Unpacking autoconf (2.69-11) ...
Selecting previously unselected package autotools-dev.
Preparing to unpack .../21-autotools-dev_20180224.1_all.deb ...
Unpacking autotools-dev (20180224.1) ...
Selecting previously unselected package automake.
Preparing to unpack .../22-automake_1%3a1.15.1-3.1_all.deb ...
Unpacking automake (1:1.15.1-3.1) ...
Selecting previously unselected package autopoint.
Preparing to unpack .../23-autopoint_0.19.8.1-6_all.deb ...
Unpacking autopoint (0.19.8.1-6) ...
Selecting previously unselected package cmake-data.
Preparing to unpack .../24-cmake-data_3.11.1-1_all.deb ...
Unpacking cmake-data (3.11.1-1) ...
Selecting previously unselected package liblzo2-2:amd64.
Preparing to unpack .../25-liblzo2-2_2.08-1.2+b2_amd64.deb ...
Unpacking liblzo2-2:amd64 (2.08-1.2+b2) ...
Selecting previously unselected package libicu57:amd64.
Preparing to unpack .../26-libicu57_57.1-9_amd64.deb ...
Unpacking libicu57:amd64 (57.1-9) ...
Selecting previously unselected package libxml2:amd64.
Preparing to unpack .../27-libxml2_2.9.4+dfsg1-6.1_amd64.deb ...
Unpacking libxml2:amd64 (2.9.4+dfsg1-6.1) ...
Selecting previously unselected package libarchive13:amd64.
Preparing to unpack .../28-libarchive13_3.2.2-3.1_amd64.deb ...
Unpacking libarchive13:amd64 (3.2.2-3.1) ...
Selecting previously unselected package libsasl2-modules-db:amd64.
Preparing to unpack .../29-libsasl2-modules-db_2.1.27~101-g0780600+dfsg-3.1_amd64.deb ...
Unpacking libsasl2-modules-db:amd64 (2.1.27~101-g0780600+dfsg-3.1) ...
Selecting previously unselected package libsasl2-2:amd64.
Preparing to unpack .../30-libsasl2-2_2.1.27~101-g0780600+dfsg-3.1_amd64.deb ...
Unpacking libsasl2-2:amd64 (2.1.27~101-g0780600+dfsg-3.1) ...
Selecting previously unselected package libldap-common.
Preparing to unpack .../31-libldap-common_2.4.45+dfsg-1_all.deb ...
Unpacking libldap-common (2.4.45+dfsg-1) ...
Selecting previously unselected package libldap-2.4-2:amd64.
Preparing to unpack .../32-libldap-2.4-2_2.4.45+dfsg-1_amd64.deb ...
Unpacking libldap-2.4-2:amd64 (2.4.45+dfsg-1) ...
Selecting previously unselected package libnghttp2-14:amd64.
Preparing to unpack .../33-libnghttp2-14_1.31.1-1_amd64.deb ...
Unpacking libnghttp2-14:amd64 (1.31.1-1) ...
Selecting previously unselected package libpsl5:amd64.
Preparing to unpack .../34-libpsl5_0.20.1-1_amd64.deb ...
Unpacking libpsl5:amd64 (0.20.1-1) ...
Selecting previously unselected package librtmp1:amd64.
Preparing to unpack .../35-librtmp1_2.4+20151223.gitfa8646d.1-1+b1_amd64.deb ...
Unpacking librtmp1:amd64 (2.4+20151223.gitfa8646d.1-1+b1) ...
Selecting previously unselected package libssh2-1:amd64.
Preparing to unpack .../36-libssh2-1_1.8.0-1_amd64.deb ...
Unpacking libssh2-1:amd64 (1.8.0-1) ...
Selecting previously unselected package libcurl3:amd64.
Preparing to unpack .../37-libcurl3_7.58.0-2_amd64.deb ...
Unpacking libcurl3:amd64 (7.58.0-2) ...
Selecting previously unselected package libexpat1:amd64.
Preparing to unpack .../38-libexpat1_2.2.5-3_amd64.deb ...
Unpacking libexpat1:amd64 (2.2.5-3) ...
Selecting previously unselected package librhash0:amd64.
Preparing to unpack .../39-librhash0_1.3.6-2_amd64.deb ...
Unpacking librhash0:amd64 (1.3.6-2) ...
Selecting previously unselected package libuv1:amd64.
Preparing to unpack .../40-libuv1_1.18.0-3_amd64.deb ...
Unpacking libuv1:amd64 (1.18.0-3) ...
Selecting previously unselected package cmake.
Preparing to unpack .../41-cmake_3.11.1-1_amd64.deb ...
Unpacking cmake (3.11.1-1) ...
Selecting previously unselected package comerr-dev:amd64.
Preparing to unpack .../42-comerr-dev_2.1-1.44.1-2_amd64.deb ...
Unpacking comerr-dev:amd64 (2.1-1.44.1-2) ...
Selecting previously unselected package libtool.
Preparing to unpack .../43-libtool_2.4.6-2.1_all.deb ...
Unpacking libtool (2.4.6-2.1) ...
Selecting previously unselected package dh-autoreconf.
Preparing to unpack .../44-dh-autoreconf_17_all.deb ...
Unpacking dh-autoreconf (17) ...
Selecting previously unselected package libarchive-zip-perl.
Preparing to unpack .../45-libarchive-zip-perl_1.60-1_all.deb ...
Unpacking libarchive-zip-perl (1.60-1) ...
Selecting previously unselected package libfile-stripnondeterminism-perl.
Preparing to unpack .../46-libfile-stripnondeterminism-perl_0.041-1_all.deb ...
Unpacking libfile-stripnondeterminism-perl (0.041-1) ...
Selecting previously unselected package libtimedate-perl.
Preparing to unpack .../47-libtimedate-perl_2.3000-2_all.deb ...
Unpacking libtimedate-perl (2.3000-2) ...
Selecting previously unselected package dh-strip-nondeterminism.
Preparing to unpack .../48-dh-strip-nondeterminism_0.041-1_all.deb ...
Unpacking dh-strip-nondeterminism (0.041-1) ...
Selecting previously unselected package libglib2.0-0:amd64.
Preparing to unpack .../49-libglib2.0-0_2.56.1-2_amd64.deb ...
Unpacking libglib2.0-0:amd64 (2.56.1-2) ...
Selecting previously unselected package libcroco3:amd64.
Preparing to unpack .../50-libcroco3_0.6.12-2_amd64.deb ...
Unpacking libcroco3:amd64 (0.6.12-2) ...
Selecting previously unselected package gettext.
Preparing to unpack .../51-gettext_0.19.8.1-6_amd64.deb ...
Unpacking gettext (0.19.8.1-6) ...
Selecting previously unselected package intltool-debian.
Preparing to unpack .../52-intltool-debian_0.35.0+20060710.4_all.deb ...
Unpacking intltool-debian (0.35.0+20060710.4) ...
Selecting previously unselected package po-debconf.
Preparing to unpack .../53-po-debconf_1.0.20_all.deb ...
Unpacking po-debconf (1.0.20) ...
Selecting previously unselected package debhelper.
Preparing to unpack .../54-debhelper_11.2.1_all.deb ...
Unpacking debhelper (11.2.1) ...
Selecting previously unselected package libgssrpc4:amd64.
Preparing to unpack .../55-libgssrpc4_1.16-2_amd64.deb ...
Unpacking libgssrpc4:amd64 (1.16-2) ...
Selecting previously unselected package libkdb5-9:amd64.
Preparing to unpack .../56-libkdb5-9_1.16-2_amd64.deb ...
Unpacking libkdb5-9:amd64 (1.16-2) ...
Selecting previously unselected package libkadm5srv-mit11:amd64.
Preparing to unpack .../57-libkadm5srv-mit11_1.16-2_amd64.deb ...
Unpacking libkadm5srv-mit11:amd64 (1.16-2) ...
Selecting previously unselected package libkadm5clnt-mit11:amd64.
Preparing to unpack .../58-libkadm5clnt-mit11_1.16-2_amd64.deb ...
Unpacking libkadm5clnt-mit11:amd64 (1.16-2) ...
Selecting previously unselected package krb5-multidev:amd64.
Preparing to unpack .../59-krb5-multidev_1.16-2_amd64.deb ...
Unpacking krb5-multidev:amd64 (1.16-2) ...
Selecting previously unselected package libcmocka0:amd64.
Preparing to unpack .../60-libcmocka0_1.1.1-1_amd64.deb ...
Unpacking libcmocka0:amd64 (1.1.1-1) ...
Selecting previously unselected package libcmocka-dev:amd64.
Preparing to unpack .../61-libcmocka-dev_1.1.1-1_amd64.deb ...
Unpacking libcmocka-dev:amd64 (1.1.1-1) ...
Selecting previously unselected package libgpg-error-dev.
Preparing to unpack .../62-libgpg-error-dev_1.29-4_amd64.deb ...
Unpacking libgpg-error-dev (1.29-4) ...
Selecting previously unselected package libgcrypt20-dev.
Preparing to unpack .../63-libgcrypt20-dev_1.8.2-2_amd64.deb ...
Unpacking libgcrypt20-dev (1.8.2-2) ...
Selecting previously unselected package libkrb5-dev:amd64.
Preparing to unpack .../64-libkrb5-dev_1.16-2_amd64.deb ...
Unpacking libkrb5-dev:amd64 (1.16-2) ...
Selecting previously unselected package libssl1.1:amd64.
Preparing to unpack .../65-libssl1.1_1.1.0h-2_amd64.deb ...
Unpacking libssl1.1:amd64 (1.1.0h-2) ...
Selecting previously unselected package libssl-dev:amd64.
Preparing to unpack .../66-libssl-dev_1.1.0h-2_amd64.deb ...
Unpacking libssl-dev:amd64 (1.1.0h-2) ...
Selecting previously unselected package pkg-config.
Preparing to unpack .../67-pkg-config_0.29-4+b1_amd64.deb ...
Unpacking pkg-config (0.29-4+b1) ...
Selecting previously unselected package zlib1g-dev:amd64.
Preparing to unpack .../68-zlib1g-dev_1%3a1.2.11.dfsg-1_amd64.deb ...
Unpacking zlib1g-dev:amd64 (1:1.2.11.dfsg-1) ...
Selecting previously unselected package sbuild-build-depends-libssh-dummy.
Preparing to unpack .../69-sbuild-build-depends-libssh-dummy_0.invalid.0_amd64.deb ...
Unpacking sbuild-build-depends-libssh-dummy (0.invalid.0) ...
Setting up libexpat1:amd64 (2.2.5-3) ...
Setting up libarchive-zip-perl (1.60-1) ...
Setting up libnghttp2-14:amd64 (1.31.1-1) ...
Setting up comerr-dev:amd64 (2.1-1.44.1-2) ...
Setting up libtimedate-perl (2.3000-2) ...
Setting up libsigsegv2:amd64 (2.12-2) ...
Setting up libldap-common (2.4.45+dfsg-1) ...
Setting up libuv1:amd64 (1.18.0-3) ...
Setting up libpsl5:amd64 (0.20.1-1) ...
Setting up groff-base (1.22.3-10) ...
Setting up libglib2.0-0:amd64 (2.56.1-2) ...
No schema files found: doing nothing.
Setting up libgpg-error-dev (1.29-4) ...
Setting up libcmocka0:amd64 (1.1.1-1) ...
Setting up libsasl2-modules-db:amd64 (2.1.27~101-g0780600+dfsg-3.1) ...
Setting up libsasl2-2:amd64 (2.1.27~101-g0780600+dfsg-3.1) ...
Setting up gettext-base (0.19.8.1-6) ...
Setting up cmake-data (3.11.1-1) ...
Setting up libpipeline1:amd64 (1.5.0-1) ...
Setting up librtmp1:amd64 (2.4+20151223.gitfa8646d.1-1+b1) ...
Setting up m4 (1.4.18-1) ...
Setting up libicu57:amd64 (57.1-9) ...
Setting up libprocps6:amd64 (2:3.3.14-1) ...
Setting up libxml2:amd64 (2.9.4+dfsg1-6.1) ...
Setting up libmagic-mgc (1:5.33-2) ...
Setting up libmagic1:amd64 (1:5.33-2) ...
Setting up lsb-base (9.20170808) ...
Setting up librhash0:amd64 (1.3.6-2) ...
Setting up procps (2:3.3.14-1) ...
update-alternatives: using /usr/bin/w.procps to provide /usr/bin/w (w) in auto mode
Setting up libcroco3:amd64 (0.6.12-2) ...
Setting up libssl1.0.2:amd64 (1.0.2o-1) ...
Setting up pkg-config (0.29-4+b1) ...
Setting up libssh2-1:amd64 (1.8.0-1) ...
Processing triggers for libc-bin (2.27-3) ...
Setting up libgcrypt20-dev (1.8.2-2) ...
Setting up autotools-dev (20180224.1) ...
Setting up libldap-2.4-2:amd64 (2.4.45+dfsg-1) ...
Setting up libssl1.1:amd64 (1.1.0h-2) ...
Setting up libkeyutils1:amd64 (1.5.9-9.2) ...
Setting up bsdmainutils (11.1.2) ...
update-alternatives: using /usr/bin/bsd-write to provide /usr/bin/write (write) in auto mode
update-alternatives: using /usr/bin/bsd-from to provide /usr/bin/from (from) in auto mode
Setting up libcmocka-dev:amd64 (1.1.1-1) ...
Setting up autopoint (0.19.8.1-6) ...
Setting up liblzo2-2:amd64 (2.08-1.2+b2) ...
Setting up zlib1g-dev:amd64 (1:1.2.11.dfsg-1) ...
Setting up libfile-stripnondeterminism-perl (0.041-1) ...
Setting up gettext (0.19.8.1-6) ...
Setting up libarchive13:amd64 (3.2.2-3.1) ...
Setting up libssl-dev:amd64 (1.1.0h-2) ...
Setting up autoconf (2.69-11) ...
Setting up file (1:5.33-2) ...
Setting up libkrb5support0:amd64 (1.16-2) ...
Setting up intltool-debian (0.35.0+20060710.4) ...
Setting up automake (1:1.15.1-3.1) ...
update-alternatives: using /usr/bin/automake-1.15 to provide /usr/bin/automake (automake) in auto mode
Setting up man-db (2.8.3-2) ...
Not building database; man-db/auto-update is not 'true'.
Setting up libtool (2.4.6-2.1) ...
Setting up libk5crypto3:amd64 (1.16-2) ...
Setting up po-debconf (1.0.20) ...
Setting up libkrb5-3:amd64 (1.16-2) ...
Setting up libgssapi-krb5-2:amd64 (1.16-2) ...
Setting up openssh-client (1:7.7p1-2) ...
Setting up libgssrpc4:amd64 (1.16-2) ...
Setting up libcurl3:amd64 (7.58.0-2) ...
Setting up libkdb5-9:amd64 (1.16-2) ...
Setting up libkadm5srv-mit11:amd64 (1.16-2) ...
Setting up libkadm5clnt-mit11:amd64 (1.16-2) ...
Setting up cmake (3.11.1-1) ...
Setting up krb5-multidev:amd64 (1.16-2) ...
Setting up libkrb5-dev:amd64 (1.16-2) ...
Setting up dh-autoreconf (17) ...
Setting up dh-strip-nondeterminism (0.041-1) ...
Setting up debhelper (11.2.1) ...
Setting up sbuild-build-depends-libssh-dummy (0.invalid.0) ...
Processing triggers for libc-bin (2.27-3) ...

+------------------------------------------------------------------------------+
| Build environment                                                            |
+------------------------------------------------------------------------------+

Kernel: Linux 4.9.0-5-amd64 amd64 (x86_64)
Toolchain package versions: binutils_2.30-16 dpkg-dev_1.19.0.5 g++-7_7.3.0-17 gcc-7_7.3.0-17 libc6-dev_2.27-3 libstdc++-7-dev_7.3.0-17 libstdc++6_8-20180425-1 linux-libc-dev_4.15.17-1
Package versions: adduser_3.117 apt_1.6.1 autoconf_2.69-11 automake_1:1.15.1-3.1 autopoint_0.19.8.1-6 autotools-dev_20180224.1 base-files_10.1 base-passwd_3.5.45 bash_4.4.18-2 binutils_2.30-16 binutils-common_2.30-16 binutils-x86-64-linux-gnu_2.30-16 bsdmainutils_11.1.2 bsdutils_1:2.31.1-0.5 build-essential_12.5 bzip2_1.0.6-8.1 clang-6.0_1:6.0-3 cmake_3.11.1-1 cmake-data_3.11.1-1 comerr-dev_2.1-1.44.1-2 coreutils_8.28-1 cpp_4:7.3.0-3 cpp-7_7.3.0-17 dash_0.5.8-2.10 debconf_1.5.66 debfoster_2.7-2.1+b1 debhelper_11.2.1 debian-archive-keyring_2017.7 debianutils_4.8.4 dh-autoreconf_17 dh-strip-nondeterminism_0.041-1 diffutils_1:3.6-1 dpkg_1.19.0.5 dpkg-dev_1.19.0.5 e2fslibs_1.44.1-2 e2fsprogs_1.44.1-2 eatmydata_105-6 fakeroot_1.22-2 fdisk_2.31.1-0.5 file_1:5.33-2 findutils_4.6.0+git+20171230-2 g++_4:7.3.0-3 g++-7_7.3.0-17 gcc_4:7.3.0-3 gcc-6-base_6.4.0-17 gcc-7_7.3.0-17 gcc-7-base_7.3.0-17 gcc-8-base_8-20180425-1 gettext_0.19.8.1-6 gettext-base_0.19.8.1-6 gpgv_2.2.5-1 grep_3.1-2 groff-base_1.22.3-10 gzip_1.6-5+b1 hostname_3.20 init-system-helpers_1.51 intltool-debian_0.35.0+20060710.4 krb5-multidev_1.16-2 lib32gcc1_1:8-20180425-1 lib32stdc++6_8-20180425-1 libacl1_2.2.52-3+b1 libapt-pkg5.0_1.6.1 libarchive-zip-perl_1.60-1 libarchive13_3.2.2-3.1 libasan4_7.3.0-17 libatomic1_8-20180425-1 libattr1_1:2.4.47-2+b2 libaudit-common_1:2.8.3-1 libaudit1_1:2.8.3-1 libbinutils_2.30-16 libblkid1_2.31.1-0.5 libbsd0_0.8.7-1 libbz2-1.0_1.0.6-8.1 libc-bin_2.27-3 libc-dev-bin_2.27-3 libc6_2.27-3 libc6-dev_2.27-3 libc6-i386_2.27-3 libcap-ng0_0.7.9-1 libcc1-0_8-20180425-1 libcilkrts5_7.3.0-17 libclang-common-6.0-dev_1:6.0-3 libclang1-6.0_1:6.0-3 libcmocka-dev_1.1.1-1 libcmocka0_1.1.1-1 libcom-err2_1.44.1-2 libcomerr2_1.44.1-2 libcroco3_0.6.12-2 libcurl3_7.58.0-2 libdb5.3_5.3.28-13.1+b1 libdebconfclient0_0.243 libdpkg-perl_1.19.0.5 libeatmydata1_105-6 libedit2_3.1-20170329-1 libexpat1_2.2.5-3 libext2fs2_1.44.1-2 libfakeroot_1.22-2 libfdisk1_2.31.1-0.5 libffi6_3.2.1-8 libfile-stripnondeterminism-perl_0.041-1 libgc1c2_1:7.4.2-8.2 libgcc-7-dev_7.3.0-17 libgcc1_1:8-20180425-1 libgcrypt20_1.8.2-2 libgcrypt20-dev_1.8.2-2 libgdbm-compat4_1.14.1-6 libgdbm3_1.8.3-14 libgdbm5_1.14.1-6 libglib2.0-0_2.56.1-2 libgmp10_2:6.1.2+dfsg-3 libgnutls30_3.5.18-1 libgomp1_8-20180425-1 libgpg-error-dev_1.29-4 libgpg-error0_1.29-4 libgssapi-krb5-2_1.16-2 libgssrpc4_1.16-2 libhogweed4_3.4-1 libicu57_57.1-9 libidn2-0_2.0.4-1.1 libisl15_0.18-4 libisl19_0.19-1 libitm1_8-20180425-1 libjsoncpp1_1.7.4-3 libk5crypto3_1.16-2 libkadm5clnt-mit11_1.16-2 libkadm5srv-mit11_1.16-2 libkdb5-9_1.16-2 libkeyutils1_1.5.9-9.2 libkrb5-3_1.16-2 libkrb5-dev_1.16-2 libkrb5support0_1.16-2 libldap-2.4-2_2.4.45+dfsg-1 libldap-common_2.4.45+dfsg-1 libllvm6.0_1:6.0-3 liblsan0_8-20180425-1 liblz4-1_1.8.1.2-1 liblzma5_5.2.2-1.3 liblzo2-2_2.08-1.2+b2 libmagic-mgc_1:5.33-2 libmagic1_1:5.33-2 libmount1_2.31.1-0.5 libmpc3_1.1.0-1 libmpfr4_3.1.6-1 libmpfr6_4.0.1-1 libmpx2_8-20180425-1 libncurses5_6.1+20180210-2 libncursesw5_6.1+20180210-2 libnettle6_3.4-1 libnghttp2-14_1.31.1-1 libobjc-7-dev_7.3.0-17 libobjc4_8-20180425-1 libp11-kit0_0.23.10-2 libpam-modules_1.1.8-3.7 libpam-modules-bin_1.1.8-3.7 libpam-runtime_1.1.8-3.7 libpam0g_1.1.8-3.7 libpcre3_2:8.39-9 libperl5.26_5.26.2-3 libpipeline1_1.5.0-1 libprocps6_2:3.3.14-1 libpsl5_0.20.1-1 libquadmath0_8-20180425-1 librhash0_1.3.6-2 librtmp1_2.4+20151223.gitfa8646d.1-1+b1 libsasl2-2_2.1.27~101-g0780600+dfsg-3.1 libsasl2-modules-db_2.1.27~101-g0780600+dfsg-3.1 libseccomp2_2.3.3-1 libselinux1_2.7-2+b2 libsemanage-common_2.7-2 libsemanage1_2.7-2+b2 libsepol1_2.7-1 libsigsegv2_2.12-2 libsmartcols1_2.31.1-0.5 libss2_1.44.1-2 libssh2-1_1.8.0-1 libssl-dev_1.1.0h-2 libssl1.0.2_1.0.2o-1 libssl1.1_1.1.0h-2 libstdc++-7-dev_7.3.0-17 libstdc++6_8-20180425-1 libsystemd0_238-4 libtasn1-6_4.13-2 libtimedate-perl_2.3000-2 libtinfo5_6.1+20180210-2 libtinfo6_6.1+20180210-2 libtool_2.4.6-2.1 libtsan0_8-20180425-1 libubsan0_7.3.0-17 libudev1_238-4 libunistring2_0.9.8-1 libustr-1.0-1_1.0.4-6 libuuid1_2.31.1-0.5 libuv1_1.18.0-3 libxml2_2.9.4+dfsg1-6.1 libzstd1_1.3.4+dfsg-1 linux-libc-dev_4.15.17-1 login_1:4.5-1 lsb-base_9.20170808 m4_1.4.18-1 make_4.2.1-1 man-db_2.8.3-2 mawk_1.3.3-17+b3 mount_2.31.1-0.5 multiarch-support_2.27-3 ncurses-base_6.1+20180210-2 ncurses-bin_6.1+20180210-2 openssh-client_1:7.7p1-2 passwd_1:4.5-1 patch_2.7.6-2 perl_5.26.2-3 perl-base_5.26.2-3 perl-modules-5.26_5.26.2-3 pkg-config_0.29-4+b1 po-debconf_1.0.20 procps_2:3.3.14-1 sbuild-build-depends-core-dummy_0.invalid.0 sbuild-build-depends-libssh-dummy_0.invalid.0 sed_4.4-2 sensible-utils_0.0.12 sysvinit-utils_2.88dsf-59.10 tar_1.30+dfsg-1 util-linux_2.31.1-0.5 xz-utils_5.2.2-1.3 zlib1g_1:1.2.11.dfsg-1 zlib1g-dev_1:1.2.11.dfsg-1

+------------------------------------------------------------------------------+
| Build                                                                        |
+------------------------------------------------------------------------------+


Unpack source
-------------

gpgv: unknown type of key resource 'trustedkeys.kbx'
gpgv: keyblock resource '/sbuild-nonexistent/.gnupg/trustedkeys.kbx': General error
gpgv: Signature made Wed Sep 13 12:43:32 2017 UTC
gpgv:                using RSA key 991ADDA90021B85DB1DF50F01FC5891EBAB043D5
gpgv:                issuer "bigon@debian.org"
gpgv: Can't check signature: No public key
dpkg-source: warning: failed to verify signature on ./libssh_0.8.0~20170825.94fa1e38-1.dsc
dpkg-source: info: extracting libssh in /<<PKGBUILDDIR>>
dpkg-source: info: unpacking libssh_0.8.0~20170825.94fa1e38.orig.tar.xz
dpkg-source: info: unpacking libssh_0.8.0~20170825.94fa1e38-1.debian.tar.xz
dpkg-source: info: applying 1001_error-msg-typo-fix.patch
dpkg-source: info: applying 1003-custom-lib-names.patch
dpkg-source: info: applying 2003-disable-expand_tilde_unix-test.patch
dpkg-source: info: applying 2004-fix-upstream-version.patch

Check disk space
----------------

Sufficient free space for build

User Environment
----------------

APT_CONFIG=/var/lib/sbuild/apt.conf
HOME=/sbuild-nonexistent
LANG=en_US.UTF-8
LC_ALL=POSIX
LOGNAME=user42
PATH=/usr/local/sbin:/usr/local/bin:/usr/sbin:/usr/bin:/sbin:/bin:/usr/games
SCHROOT_ALIAS_NAME=unstable-amd64-sbuild
SCHROOT_CHROOT_NAME=unstable-amd64-sbuild
SCHROOT_COMMAND=env
SCHROOT_GID=1001
SCHROOT_GROUP=user42
SCHROOT_SESSION_ID=unstable-amd64-sbuild-dfa25ced-4c90-40a4-ae74-fe4d4104c4e9
SCHROOT_UID=1001
SCHROOT_USER=user42
SHELL=/bin/sh
USER=user42

dpkg-buildpackage
-----------------

dpkg-buildpackage: info: source package libssh
dpkg-buildpackage: info: source version 0.8.0~20170825.94fa1e38-1
dpkg-buildpackage: info: source distribution unstable
dpkg-buildpackage: info: source changed by Laurent Bigonville <bigon@debian.org>
 dpkg-source --before-build libssh-0.8.0~20170825.94fa1e38
dpkg-buildpackage: info: host architecture amd64
 fakeroot debian/rules clean
dh clean
   debian/rules override_dh_auto_clean
make[1]: Entering directory '/<<PKGBUILDDIR>>'
dh_auto_clean -Bbuild-openssl
dh_auto_clean -Bbuild-gcrypt
make[1]: Leaving directory '/<<PKGBUILDDIR>>'
   debian/rules override_dh_clean
make[1]: Entering directory '/<<PKGBUILDDIR>>'
rm -rf debian/tmp-gcrypt
rm -rf debian/home-openssl
rm -rf debian/home-gcrypt
dh_clean
make[1]: Leaving directory '/<<PKGBUILDDIR>>'
 debian/rules build-arch
dh build-arch
   dh_update_autotools_config -a
   debian/rules override_dh_auto_configure
make[1]: Entering directory '/<<PKGBUILDDIR>>'
dh_auto_configure -Bbuild-openssl -- \
	-DWITH_STATIC_LIB=ON -DLIB_INSTALL_DIR=/usr/lib/x86_64-linux-gnu -DWITH_TESTING=ON -DWITH_GSSAPI=ON
	cd build-openssl && cmake .. -DCMAKE_INSTALL_PREFIX=/usr -DCMAKE_VERBOSE_MAKEFILE=ON -DCMAKE_BUILD_TYPE=None -DCMAKE_INSTALL_SYSCONFDIR=/etc -DCMAKE_INSTALL_LOCALSTATEDIR=/var -DCMAKE_EXPORT_NO_PACKAGE_REGISTRY=ON -DCMAKE_FIND_PACKAGE_NO_PACKAGE_REGISTRY=ON "-GUnix Makefiles" -DWITH_STATIC_LIB=ON -DLIB_INSTALL_DIR=/usr/lib/x86_64-linux-gnu -DWITH_TESTING=ON -DWITH_GSSAPI=ON
-- The C compiler identification is Clang 6.0.0
-- Check for working C compiler: /usr/bin/cc
-- Check for working C compiler: /usr/bin/cc -- works
-- Detecting C compiler ABI info
-- Detecting C compiler ABI info - done
-- Detecting C compile features
-- Detecting C compile features - done
-- Performing Test WITH_FPIC
-- Performing Test WITH_FPIC - Success
-- Performing Test WITH_STACK_PROTECTOR
-- Performing Test WITH_STACK_PROTECTOR - Success
-- Found ZLIB: /usr/lib/x86_64-linux-gnu/libz.so (found version "1.2.11") 
-- Found OpenSSL: /usr/lib/x86_64-linux-gnu/libcrypto.so (found version "1.1.0h") 
-- Looking for pthread.h
-- Looking for pthread.h - found
-- Looking for pthread_create
-- Looking for pthread_create - not found
-- Looking for pthread_create in pthreads
-- Looking for pthread_create in pthreads - not found
-- Looking for pthread_create in pthread
-- Looking for pthread_create in pthread - found
-- Found Threads: TRUE  
-- Found GSSAPI: /usr/lib/x86_64-linux-gnu/libgssapi_krb5.so;/usr/lib/x86_64-linux-gnu/libkrb5.so;/usr/lib/x86_64-linux-gnu/libk5crypto.so;/usr/lib/x86_64-linux-gnu/libcom_err.so  
-- Could NOT find NaCl (missing: NACL_LIBRARIES NACL_INCLUDE_DIRS) 
-- Looking for argp.h
-- Looking for argp.h - found
-- Looking for pty.h
-- Looking for pty.h - found
-- Looking for utmp.h
-- Looking for utmp.h - found
-- Looking for termios.h
-- Looking for termios.h - found
-- Looking for unistd.h
-- Looking for unistd.h - found
-- Looking for util.h
-- Looking for util.h - not found
-- Looking for libutil.h
-- Looking for libutil.h - not found
-- Looking for sys/time.h
-- Looking for sys/time.h - found
-- Looking for sys/utime.h
-- Looking for sys/utime.h - not found
-- Looking for sys/param.h
-- Looking for sys/param.h - found
-- Looking for arpa/inet.h
-- Looking for arpa/inet.h - found
-- Looking for byteswap.h
-- Looking for byteswap.h - found
-- Looking for openssl/des.h
-- Looking for openssl/des.h - found
-- Looking for openssl/aes.h
-- Looking for openssl/aes.h - found
-- Looking for openssl/blowfish.h
-- Looking for openssl/blowfish.h - found
-- Looking for openssl/ecdh.h
-- Looking for openssl/ecdh.h - found
-- Looking for openssl/ec.h
-- Looking for openssl/ec.h - found
-- Looking for openssl/ecdsa.h
-- Looking for openssl/ecdsa.h - found
-- Looking for EVP_aes_128_ctr
-- Looking for EVP_aes_128_ctr - found
-- Looking for EVP_aes_128_cbc
-- Looking for EVP_aes_128_cbc - found
-- Looking for CRYPTO_THREADID_set_callback
-- Looking for CRYPTO_THREADID_set_callback - not found
-- Looking for CRYPTO_ctr128_encrypt
-- Looking for CRYPTO_ctr128_encrypt - found
-- Looking for EVP_CIPHER_CTX_new
-- Looking for EVP_CIPHER_CTX_new - found
-- Looking for isblank
-- Looking for isblank - found
-- Looking for strncpy
-- Looking for strncpy - found
-- Looking for strtoull
-- Looking for strtoull - found
-- Looking for vsnprintf
-- Looking for vsnprintf - found
-- Looking for snprintf
-- Looking for snprintf - found
-- Looking for poll
-- Looking for poll - found
-- Looking for select
-- Looking for select - found
-- Looking for getaddrinfo
-- Looking for getaddrinfo - found
-- Looking for ntohll
-- Looking for ntohll - not found
-- Looking for htonll
-- Looking for htonll - not found
-- Looking for clock_gettime in rt
-- Looking for clock_gettime in rt - found
-- Looking for forkpty in util
-- Looking for forkpty in util - found
-- Looking for cfmakeraw
-- Looking for cfmakeraw - found
-- Looking for __strtoull
-- Looking for __strtoull - not found
-- Performing Test HAVE_GCC_THREAD_LOCAL_STORAGE
-- Performing Test HAVE_GCC_THREAD_LOCAL_STORAGE - Success
-- Performing Test HAVE_MSC_THREAD_LOCAL_STORAGE
-- Performing Test HAVE_MSC_THREAD_LOCAL_STORAGE - Failed
-- Performing Test HAVE_FALLTHROUGH_ATTRIBUTE
-- Performing Test HAVE_FALLTHROUGH_ATTRIBUTE - Failed
-- Performing Test HAVE_GCC_VOLATILE_MEMORY_PROTECTION
-- Performing Test HAVE_GCC_VOLATILE_MEMORY_PROTECTION - Success
-- Performing Test HAVE_GCC_NARG_MACRO
-- Performing Test HAVE_GCC_NARG_MACRO - Failed
-- Performing Test HAVE_COMPILER__FUNC__
-- Performing Test HAVE_COMPILER__FUNC__ - Success
-- Performing Test HAVE_COMPILER__FUNCTION__
-- Performing Test HAVE_COMPILER__FUNCTION__ - Success
-- Check if the system is big endian
-- Searching 16 bit integer
-- Looking for sys/types.h
-- Looking for sys/types.h - found
-- Looking for stdint.h
-- Looking for stdint.h - found
-- Looking for stddef.h
-- Looking for stddef.h - found
-- Check size of unsigned short
-- Check size of unsigned short - done
-- Using unsigned short
-- Check if the system is big endian - little endian
-- Could NOT find Doxygen (missing: DOXYGEN_EXECUTABLE) 
-- Threads_FOUND=TRUE
-- threads library: Threads_FOUND=TRUE
-- libssh_threads_SRCS=pthread.c
-- The CXX compiler identification is Clang 6.0.0
-- Check for working CXX compiler: /usr/bin/c++
-- Check for working CXX compiler: /usr/bin/c++ -- works
-- Detecting CXX compiler ABI info
-- Detecting CXX compiler ABI info - done
-- Detecting CXX compile features
-- Detecting CXX compile features - done
-- Found CMocka: /usr/lib/x86_64-linux-gnu/libcmocka.so  
-- ********************************************
-- ********** libssh build options : **********
-- zlib support: ON
-- libgcrypt support: OFF
-- libnacl support: OFF
-- SSH-1 support: OFF
-- SFTP support: ON
-- Server support : ON
-- GSSAPI support : ON
-- Pcap debugging support : ON
-- With static library: ON
-- Unit testing: ON
-- Client code Unit testing: OFF
-- Public API documentation generation
-- Benchmarks: OFF
-- ********************************************
-- Configuring done
-- Generating done
CMake Warning:
  Manually-specified variables were not used by the project:

    CMAKE_EXPORT_NO_PACKAGE_REGISTRY
    CMAKE_INSTALL_LOCALSTATEDIR
    CMAKE_INSTALL_SYSCONFDIR


-- Build files have been written to: /<<PKGBUILDDIR>>/build-openssl
dh_auto_configure -Bbuild-gcrypt -- \
	-DWITH_STATIC_LIB=ON -DLIB_INSTALL_DIR=/usr/lib/x86_64-linux-gnu -DWITH_TESTING=ON -DWITH_GSSAPI=ON \
	-DWITH_GCRYPT=ON \
	-DLIBSSH_LIBRARY_NAME=ssh-gcrypt
	cd build-gcrypt && cmake .. -DCMAKE_INSTALL_PREFIX=/usr -DCMAKE_VERBOSE_MAKEFILE=ON -DCMAKE_BUILD_TYPE=None -DCMAKE_INSTALL_SYSCONFDIR=/etc -DCMAKE_INSTALL_LOCALSTATEDIR=/var -DCMAKE_EXPORT_NO_PACKAGE_REGISTRY=ON -DCMAKE_FIND_PACKAGE_NO_PACKAGE_REGISTRY=ON "-GUnix Makefiles" -DWITH_STATIC_LIB=ON -DLIB_INSTALL_DIR=/usr/lib/x86_64-linux-gnu -DWITH_TESTING=ON -DWITH_GSSAPI=ON -DWITH_GCRYPT=ON -DLIBSSH_LIBRARY_NAME=ssh-gcrypt
-- The C compiler identification is Clang 6.0.0
-- Check for working C compiler: /usr/bin/cc
-- Check for working C compiler: /usr/bin/cc -- works
-- Detecting C compiler ABI info
-- Detecting C compiler ABI info - done
-- Detecting C compile features
-- Detecting C compile features - done
-- Performing Test WITH_FPIC
-- Performing Test WITH_FPIC - Success
-- Performing Test WITH_STACK_PROTECTOR
-- Performing Test WITH_STACK_PROTECTOR - Success
-- Found ZLIB: /usr/lib/x86_64-linux-gnu/libz.so (found version "1.2.11") 
-- Found GCrypt: /usr/include (found suitable version "1.8.2", minimum required is "1.5.0") 
-- Looking for pthread.h
-- Looking for pthread.h - found
-- Looking for pthread_create
-- Looking for pthread_create - not found
-- Looking for pthread_create in pthreads
-- Looking for pthread_create in pthreads - not found
-- Looking for pthread_create in pthread
-- Looking for pthread_create in pthread - found
-- Found Threads: TRUE  
-- Found GSSAPI: /usr/lib/x86_64-linux-gnu/libgssapi_krb5.so;/usr/lib/x86_64-linux-gnu/libkrb5.so;/usr/lib/x86_64-linux-gnu/libk5crypto.so;/usr/lib/x86_64-linux-gnu/libcom_err.so  
-- Could NOT find NaCl (missing: NACL_LIBRARIES NACL_INCLUDE_DIRS) 
-- Looking for argp.h
-- Looking for argp.h - found
-- Looking for pty.h
-- Looking for pty.h - found
-- Looking for utmp.h
-- Looking for utmp.h - found
-- Looking for termios.h
-- Looking for termios.h - found
-- Looking for unistd.h
-- Looking for unistd.h - found
-- Looking for util.h
-- Looking for util.h - not found
-- Looking for libutil.h
-- Looking for libutil.h - not found
-- Looking for sys/time.h
-- Looking for sys/time.h - found
-- Looking for sys/utime.h
-- Looking for sys/utime.h - not found
-- Looking for sys/param.h
-- Looking for sys/param.h - found
-- Looking for arpa/inet.h
-- Looking for arpa/inet.h - found
-- Looking for byteswap.h
-- Looking for byteswap.h - found
-- Looking for isblank
-- Looking for isblank - found
-- Looking for strncpy
-- Looking for strncpy - found
-- Looking for strtoull
-- Looking for strtoull - found
-- Looking for vsnprintf
-- Looking for vsnprintf - found
-- Looking for snprintf
-- Looking for snprintf - found
-- Looking for poll
-- Looking for poll - found
-- Looking for select
-- Looking for select - found
-- Looking for getaddrinfo
-- Looking for getaddrinfo - found
-- Looking for ntohll
-- Looking for ntohll - not found
-- Looking for htonll
-- Looking for htonll - not found
-- Looking for clock_gettime in rt
-- Looking for clock_gettime in rt - found
-- Looking for forkpty in util
-- Looking for forkpty in util - found
-- Looking for cfmakeraw
-- Looking for cfmakeraw - found
-- Looking for __strtoull
-- Looking for __strtoull - not found
-- Performing Test HAVE_GCC_THREAD_LOCAL_STORAGE
-- Performing Test HAVE_GCC_THREAD_LOCAL_STORAGE - Success
-- Performing Test HAVE_MSC_THREAD_LOCAL_STORAGE
-- Performing Test HAVE_MSC_THREAD_LOCAL_STORAGE - Failed
-- Performing Test HAVE_FALLTHROUGH_ATTRIBUTE
-- Performing Test HAVE_FALLTHROUGH_ATTRIBUTE - Failed
-- Performing Test HAVE_GCC_VOLATILE_MEMORY_PROTECTION
-- Performing Test HAVE_GCC_VOLATILE_MEMORY_PROTECTION - Success
-- Performing Test HAVE_GCC_NARG_MACRO
-- Performing Test HAVE_GCC_NARG_MACRO - Failed
-- Performing Test HAVE_COMPILER__FUNC__
-- Performing Test HAVE_COMPILER__FUNC__ - Success
-- Performing Test HAVE_COMPILER__FUNCTION__
-- Performing Test HAVE_COMPILER__FUNCTION__ - Success
-- Check if the system is big endian
-- Searching 16 bit integer
-- Looking for sys/types.h
-- Looking for sys/types.h - found
-- Looking for stdint.h
-- Looking for stdint.h - found
-- Looking for stddef.h
-- Looking for stddef.h - found
-- Check size of unsigned short
-- Check size of unsigned short - done
-- Using unsigned short
-- Check if the system is big endian - little endian
-- Could NOT find Doxygen (missing: DOXYGEN_EXECUTABLE) 
-- Threads_FOUND=TRUE
-- threads library: Threads_FOUND=TRUE
-- libssh_threads_SRCS=pthread.c
-- The CXX compiler identification is Clang 6.0.0
-- Check for working CXX compiler: /usr/bin/c++
-- Check for working CXX compiler: /usr/bin/c++ -- works
-- Detecting CXX compiler ABI info
-- Detecting CXX compiler ABI info - done
-- Detecting CXX compile features
-- Detecting CXX compile features - done
-- Found CMocka: /usr/lib/x86_64-linux-gnu/libcmocka.so  
-- ********************************************
-- ********** libssh build options : **********
-- zlib support: ON
-- libgcrypt support: ON
-- libnacl support: OFF
-- SSH-1 support: OFF
-- SFTP support: ON
-- Server support : ON
-- GSSAPI support : ON
-- Pcap debugging support : ON
-- With static library: ON
-- Unit testing: ON
-- Client code Unit testing: OFF
-- Public API documentation generation
-- Benchmarks: OFF
-- ********************************************
-- Configuring done
-- Generating done
CMake Warning:
  Manually-specified variables were not used by the project:

    CMAKE_EXPORT_NO_PACKAGE_REGISTRY
    CMAKE_INSTALL_LOCALSTATEDIR
    CMAKE_INSTALL_SYSCONFDIR


-- Build files have been written to: /<<PKGBUILDDIR>>/build-gcrypt
make[1]: Leaving directory '/<<PKGBUILDDIR>>'
   debian/rules override_dh_auto_build
make[1]: Entering directory '/<<PKGBUILDDIR>>'
dh_auto_build -Bbuild-openssl
	cd build-openssl && make -j1
make[2]: Entering directory '/<<PKGBUILDDIR>>/build-openssl'
/usr/bin/cmake -H"/<<PKGBUILDDIR>>" -B"/<<PKGBUILDDIR>>/build-openssl" --check-build-system CMakeFiles/Makefile.cmake 0
/usr/bin/cmake -E cmake_progress_start "/<<PKGBUILDDIR>>/build-openssl/CMakeFiles" "/<<PKGBUILDDIR>>/build-openssl/CMakeFiles/progress.marks"
make -f CMakeFiles/Makefile2 all
make[3]: Entering directory '/<<PKGBUILDDIR>>/build-openssl'
make -f src/CMakeFiles/ssh_static.dir/build.make src/CMakeFiles/ssh_static.dir/depend
make[4]: Entering directory '/<<PKGBUILDDIR>>/build-openssl'
cd "/<<PKGBUILDDIR>>/build-openssl" && /usr/bin/cmake -E cmake_depends "Unix Makefiles" "/<<PKGBUILDDIR>>" "/<<PKGBUILDDIR>>/src" "/<<PKGBUILDDIR>>/build-openssl" "/<<PKGBUILDDIR>>/build-openssl/src" "/<<PKGBUILDDIR>>/build-openssl/src/CMakeFiles/ssh_static.dir/DependInfo.cmake" --color=
Scanning dependencies of target ssh_static
make[4]: Leaving directory '/<<PKGBUILDDIR>>/build-openssl'
make -f src/CMakeFiles/ssh_static.dir/build.make src/CMakeFiles/ssh_static.dir/build
make[4]: Entering directory '/<<PKGBUILDDIR>>/build-openssl'
[  1%] Building C object src/CMakeFiles/ssh_static.dir/agent.c.o
cd "/<<PKGBUILDDIR>>/build-openssl/src" && /usr/bin/cc  -I"/<<PKGBUILDDIR>>/build-openssl/src" -I"/<<PKGBUILDDIR>>/src" -I"/<<PKGBUILDDIR>>/include" -I"/<<PKGBUILDDIR>>/build-openssl"  -g -O2 -fdebug-prefix-map=/<<PKGBUILDDIR>>=. -fstack-protector-strong -Wformat -Werror=format-security -Wdate-time -D_FORTIFY_SOURCE=2 -std=gnu99 -pedantic -pedantic-errors -Wall -Wextra -Wshadow -Wmissing-prototypes -Wdeclaration-after-statement -Wunused -Wfloat-equal -Wpointer-arith -Wwrite-strings -Wformat-security -Wmissing-format-attribute -fPIC -fstack-protector -D_LARGEFILE64_SOURCE   -o CMakeFiles/ssh_static.dir/agent.c.o   -c "/<<PKGBUILDDIR>>/src/agent.c"
[  1%] Building C object src/CMakeFiles/ssh_static.dir/auth.c.o
cd "/<<PKGBUILDDIR>>/build-openssl/src" && /usr/bin/cc  -I"/<<PKGBUILDDIR>>/build-openssl/src" -I"/<<PKGBUILDDIR>>/src" -I"/<<PKGBUILDDIR>>/include" -I"/<<PKGBUILDDIR>>/build-openssl"  -g -O2 -fdebug-prefix-map=/<<PKGBUILDDIR>>=. -fstack-protector-strong -Wformat -Werror=format-security -Wdate-time -D_FORTIFY_SOURCE=2 -std=gnu99 -pedantic -pedantic-errors -Wall -Wextra -Wshadow -Wmissing-prototypes -Wdeclaration-after-statement -Wunused -Wfloat-equal -Wpointer-arith -Wwrite-strings -Wformat-security -Wmissing-format-attribute -fPIC -fstack-protector -D_LARGEFILE64_SOURCE   -o CMakeFiles/ssh_static.dir/auth.c.o   -c "/<<PKGBUILDDIR>>/src/auth.c"
[  2%] Building C object src/CMakeFiles/ssh_static.dir/base64.c.o
cd "/<<PKGBUILDDIR>>/build-openssl/src" && /usr/bin/cc  -I"/<<PKGBUILDDIR>>/build-openssl/src" -I"/<<PKGBUILDDIR>>/src" -I"/<<PKGBUILDDIR>>/include" -I"/<<PKGBUILDDIR>>/build-openssl"  -g -O2 -fdebug-prefix-map=/<<PKGBUILDDIR>>=. -fstack-protector-strong -Wformat -Werror=format-security -Wdate-time -D_FORTIFY_SOURCE=2 -std=gnu99 -pedantic -pedantic-errors -Wall -Wextra -Wshadow -Wmissing-prototypes -Wdeclaration-after-statement -Wunused -Wfloat-equal -Wpointer-arith -Wwrite-strings -Wformat-security -Wmissing-format-attribute -fPIC -fstack-protector -D_LARGEFILE64_SOURCE   -o CMakeFiles/ssh_static.dir/base64.c.o   -c "/<<PKGBUILDDIR>>/src/base64.c"
[  2%] Building C object src/CMakeFiles/ssh_static.dir/bignum.c.o
cd "/<<PKGBUILDDIR>>/build-openssl/src" && /usr/bin/cc  -I"/<<PKGBUILDDIR>>/build-openssl/src" -I"/<<PKGBUILDDIR>>/src" -I"/<<PKGBUILDDIR>>/include" -I"/<<PKGBUILDDIR>>/build-openssl"  -g -O2 -fdebug-prefix-map=/<<PKGBUILDDIR>>=. -fstack-protector-strong -Wformat -Werror=format-security -Wdate-time -D_FORTIFY_SOURCE=2 -std=gnu99 -pedantic -pedantic-errors -Wall -Wextra -Wshadow -Wmissing-prototypes -Wdeclaration-after-statement -Wunused -Wfloat-equal -Wpointer-arith -Wwrite-strings -Wformat-security -Wmissing-format-attribute -fPIC -fstack-protector -D_LARGEFILE64_SOURCE   -o CMakeFiles/ssh_static.dir/bignum.c.o   -c "/<<PKGBUILDDIR>>/src/bignum.c"
[  3%] Building C object src/CMakeFiles/ssh_static.dir/buffer.c.o
cd "/<<PKGBUILDDIR>>/build-openssl/src" && /usr/bin/cc  -I"/<<PKGBUILDDIR>>/build-openssl/src" -I"/<<PKGBUILDDIR>>/src" -I"/<<PKGBUILDDIR>>/include" -I"/<<PKGBUILDDIR>>/build-openssl"  -g -O2 -fdebug-prefix-map=/<<PKGBUILDDIR>>=. -fstack-protector-strong -Wformat -Werror=format-security -Wdate-time -D_FORTIFY_SOURCE=2 -std=gnu99 -pedantic -pedantic-errors -Wall -Wextra -Wshadow -Wmissing-prototypes -Wdeclaration-after-statement -Wunused -Wfloat-equal -Wpointer-arith -Wwrite-strings -Wformat-security -Wmissing-format-attribute -fPIC -fstack-protector -D_LARGEFILE64_SOURCE   -o CMakeFiles/ssh_static.dir/buffer.c.o   -c "/<<PKGBUILDDIR>>/src/buffer.c"
[  3%] Building C object src/CMakeFiles/ssh_static.dir/callbacks.c.o
cd "/<<PKGBUILDDIR>>/build-openssl/src" && /usr/bin/cc  -I"/<<PKGBUILDDIR>>/build-openssl/src" -I"/<<PKGBUILDDIR>>/src" -I"/<<PKGBUILDDIR>>/include" -I"/<<PKGBUILDDIR>>/build-openssl"  -g -O2 -fdebug-prefix-map=/<<PKGBUILDDIR>>=. -fstack-protector-strong -Wformat -Werror=format-security -Wdate-time -D_FORTIFY_SOURCE=2 -std=gnu99 -pedantic -pedantic-errors -Wall -Wextra -Wshadow -Wmissing-prototypes -Wdeclaration-after-statement -Wunused -Wfloat-equal -Wpointer-arith -Wwrite-strings -Wformat-security -Wmissing-format-attribute -fPIC -fstack-protector -D_LARGEFILE64_SOURCE   -o CMakeFiles/ssh_static.dir/callbacks.c.o   -c "/<<PKGBUILDDIR>>/src/callbacks.c"
[  4%] Building C object src/CMakeFiles/ssh_static.dir/channels.c.o
cd "/<<PKGBUILDDIR>>/build-openssl/src" && /usr/bin/cc  -I"/<<PKGBUILDDIR>>/build-openssl/src" -I"/<<PKGBUILDDIR>>/src" -I"/<<PKGBUILDDIR>>/include" -I"/<<PKGBUILDDIR>>/build-openssl"  -g -O2 -fdebug-prefix-map=/<<PKGBUILDDIR>>=. -fstack-protector-strong -Wformat -Werror=format-security -Wdate-time -D_FORTIFY_SOURCE=2 -std=gnu99 -pedantic -pedantic-errors -Wall -Wextra -Wshadow -Wmissing-prototypes -Wdeclaration-after-statement -Wunused -Wfloat-equal -Wpointer-arith -Wwrite-strings -Wformat-security -Wmissing-format-attribute -fPIC -fstack-protector -D_LARGEFILE64_SOURCE   -o CMakeFiles/ssh_static.dir/channels.c.o   -c "/<<PKGBUILDDIR>>/src/channels.c"
[  4%] Building C object src/CMakeFiles/ssh_static.dir/client.c.o
cd "/<<PKGBUILDDIR>>/build-openssl/src" && /usr/bin/cc  -I"/<<PKGBUILDDIR>>/build-openssl/src" -I"/<<PKGBUILDDIR>>/src" -I"/<<PKGBUILDDIR>>/include" -I"/<<PKGBUILDDIR>>/build-openssl"  -g -O2 -fdebug-prefix-map=/<<PKGBUILDDIR>>=. -fstack-protector-strong -Wformat -Werror=format-security -Wdate-time -D_FORTIFY_SOURCE=2 -std=gnu99 -pedantic -pedantic-errors -Wall -Wextra -Wshadow -Wmissing-prototypes -Wdeclaration-after-statement -Wunused -Wfloat-equal -Wpointer-arith -Wwrite-strings -Wformat-security -Wmissing-format-attribute -fPIC -fstack-protector -D_LARGEFILE64_SOURCE   -o CMakeFiles/ssh_static.dir/client.c.o   -c "/<<PKGBUILDDIR>>/src/client.c"
[  5%] Building C object src/CMakeFiles/ssh_static.dir/config.c.o
cd "/<<PKGBUILDDIR>>/build-openssl/src" && /usr/bin/cc  -I"/<<PKGBUILDDIR>>/build-openssl/src" -I"/<<PKGBUILDDIR>>/src" -I"/<<PKGBUILDDIR>>/include" -I"/<<PKGBUILDDIR>>/build-openssl"  -g -O2 -fdebug-prefix-map=/<<PKGBUILDDIR>>=. -fstack-protector-strong -Wformat -Werror=format-security -Wdate-time -D_FORTIFY_SOURCE=2 -std=gnu99 -pedantic -pedantic-errors -Wall -Wextra -Wshadow -Wmissing-prototypes -Wdeclaration-after-statement -Wunused -Wfloat-equal -Wpointer-arith -Wwrite-strings -Wformat-security -Wmissing-format-attribute -fPIC -fstack-protector -D_LARGEFILE64_SOURCE   -o CMakeFiles/ssh_static.dir/config.c.o   -c "/<<PKGBUILDDIR>>/src/config.c"
[  5%] Building C object src/CMakeFiles/ssh_static.dir/connect.c.o
cd "/<<PKGBUILDDIR>>/build-openssl/src" && /usr/bin/cc  -I"/<<PKGBUILDDIR>>/build-openssl/src" -I"/<<PKGBUILDDIR>>/src" -I"/<<PKGBUILDDIR>>/include" -I"/<<PKGBUILDDIR>>/build-openssl"  -g -O2 -fdebug-prefix-map=/<<PKGBUILDDIR>>=. -fstack-protector-strong -Wformat -Werror=format-security -Wdate-time -D_FORTIFY_SOURCE=2 -std=gnu99 -pedantic -pedantic-errors -Wall -Wextra -Wshadow -Wmissing-prototypes -Wdeclaration-after-statement -Wunused -Wfloat-equal -Wpointer-arith -Wwrite-strings -Wformat-security -Wmissing-format-attribute -fPIC -fstack-protector -D_LARGEFILE64_SOURCE   -o CMakeFiles/ssh_static.dir/connect.c.o   -c "/<<PKGBUILDDIR>>/src/connect.c"
[  6%] Building C object src/CMakeFiles/ssh_static.dir/connector.c.o
cd "/<<PKGBUILDDIR>>/build-openssl/src" && /usr/bin/cc  -I"/<<PKGBUILDDIR>>/build-openssl/src" -I"/<<PKGBUILDDIR>>/src" -I"/<<PKGBUILDDIR>>/include" -I"/<<PKGBUILDDIR>>/build-openssl"  -g -O2 -fdebug-prefix-map=/<<PKGBUILDDIR>>=. -fstack-protector-strong -Wformat -Werror=format-security -Wdate-time -D_FORTIFY_SOURCE=2 -std=gnu99 -pedantic -pedantic-errors -Wall -Wextra -Wshadow -Wmissing-prototypes -Wdeclaration-after-statement -Wunused -Wfloat-equal -Wpointer-arith -Wwrite-strings -Wformat-security -Wmissing-format-attribute -fPIC -fstack-protector -D_LARGEFILE64_SOURCE   -o CMakeFiles/ssh_static.dir/connector.c.o   -c "/<<PKGBUILDDIR>>/src/connector.c"
[  7%] Building C object src/CMakeFiles/ssh_static.dir/curve25519.c.o
cd "/<<PKGBUILDDIR>>/build-openssl/src" && /usr/bin/cc  -I"/<<PKGBUILDDIR>>/build-openssl/src" -I"/<<PKGBUILDDIR>>/src" -I"/<<PKGBUILDDIR>>/include" -I"/<<PKGBUILDDIR>>/build-openssl"  -g -O2 -fdebug-prefix-map=/<<PKGBUILDDIR>>=. -fstack-protector-strong -Wformat -Werror=format-security -Wdate-time -D_FORTIFY_SOURCE=2 -std=gnu99 -pedantic -pedantic-errors -Wall -Wextra -Wshadow -Wmissing-prototypes -Wdeclaration-after-statement -Wunused -Wfloat-equal -Wpointer-arith -Wwrite-strings -Wformat-security -Wmissing-format-attribute -fPIC -fstack-protector -D_LARGEFILE64_SOURCE   -o CMakeFiles/ssh_static.dir/curve25519.c.o   -c "/<<PKGBUILDDIR>>/src/curve25519.c"
[  7%] Building C object src/CMakeFiles/ssh_static.dir/dh.c.o
cd "/<<PKGBUILDDIR>>/build-openssl/src" && /usr/bin/cc  -I"/<<PKGBUILDDIR>>/build-openssl/src" -I"/<<PKGBUILDDIR>>/src" -I"/<<PKGBUILDDIR>>/include" -I"/<<PKGBUILDDIR>>/build-openssl"  -g -O2 -fdebug-prefix-map=/<<PKGBUILDDIR>>=. -fstack-protector-strong -Wformat -Werror=format-security -Wdate-time -D_FORTIFY_SOURCE=2 -std=gnu99 -pedantic -pedantic-errors -Wall -Wextra -Wshadow -Wmissing-prototypes -Wdeclaration-after-statement -Wunused -Wfloat-equal -Wpointer-arith -Wwrite-strings -Wformat-security -Wmissing-format-attribute -fPIC -fstack-protector -D_LARGEFILE64_SOURCE   -o CMakeFiles/ssh_static.dir/dh.c.o   -c "/<<PKGBUILDDIR>>/src/dh.c"
/<<PKGBUILDDIR>>/src/dh.c:137:12: warning: 'RAND_pseudo_bytes' is deprecated [-Wdeprecated-declarations]
    return RAND_pseudo_bytes(where,len);
           ^
/usr/include/openssl/rand.h:47:1: note: 'RAND_pseudo_bytes' has been explicitly marked deprecated here
DEPRECATEDIN_1_1_0(int RAND_pseudo_bytes(unsigned char *buf, int num))
^
/usr/include/x86_64-linux-gnu/openssl/opensslconf.h:124:34: note: expanded from macro 'DEPRECATEDIN_1_1_0'
# define DEPRECATEDIN_1_1_0(f)   DECLARE_DEPRECATED(f)
                                 ^
/usr/include/x86_64-linux-gnu/openssl/opensslconf.h:99:53: note: expanded from macro 'DECLARE_DEPRECATED'
# define DECLARE_DEPRECATED(f)    f __attribute__ ((deprecated));
                                                    ^
1 warning generated.
[  8%] Building C object src/CMakeFiles/ssh_static.dir/ecdh.c.o
cd "/<<PKGBUILDDIR>>/build-openssl/src" && /usr/bin/cc  -I"/<<PKGBUILDDIR>>/build-openssl/src" -I"/<<PKGBUILDDIR>>/src" -I"/<<PKGBUILDDIR>>/include" -I"/<<PKGBUILDDIR>>/build-openssl"  -g -O2 -fdebug-prefix-map=/<<PKGBUILDDIR>>=. -fstack-protector-strong -Wformat -Werror=format-security -Wdate-time -D_FORTIFY_SOURCE=2 -std=gnu99 -pedantic -pedantic-errors -Wall -Wextra -Wshadow -Wmissing-prototypes -Wdeclaration-after-statement -Wunused -Wfloat-equal -Wpointer-arith -Wwrite-strings -Wformat-security -Wmissing-format-attribute -fPIC -fstack-protector -D_LARGEFILE64_SOURCE   -o CMakeFiles/ssh_static.dir/ecdh.c.o   -c "/<<PKGBUILDDIR>>/src/ecdh.c"
[  8%] Building C object src/CMakeFiles/ssh_static.dir/error.c.o
cd "/<<PKGBUILDDIR>>/build-openssl/src" && /usr/bin/cc  -I"/<<PKGBUILDDIR>>/build-openssl/src" -I"/<<PKGBUILDDIR>>/src" -I"/<<PKGBUILDDIR>>/include" -I"/<<PKGBUILDDIR>>/build-openssl"  -g -O2 -fdebug-prefix-map=/<<PKGBUILDDIR>>=. -fstack-protector-strong -Wformat -Werror=format-security -Wdate-time -D_FORTIFY_SOURCE=2 -std=gnu99 -pedantic -pedantic-errors -Wall -Wextra -Wshadow -Wmissing-prototypes -Wdeclaration-after-statement -Wunused -Wfloat-equal -Wpointer-arith -Wwrite-strings -Wformat-security -Wmissing-format-attribute -fPIC -fstack-protector -D_LARGEFILE64_SOURCE   -o CMakeFiles/ssh_static.dir/error.c.o   -c "/<<PKGBUILDDIR>>/src/error.c"
[  9%] Building C object src/CMakeFiles/ssh_static.dir/getpass.c.o
cd "/<<PKGBUILDDIR>>/build-openssl/src" && /usr/bin/cc  -I"/<<PKGBUILDDIR>>/build-openssl/src" -I"/<<PKGBUILDDIR>>/src" -I"/<<PKGBUILDDIR>>/include" -I"/<<PKGBUILDDIR>>/build-openssl"  -g -O2 -fdebug-prefix-map=/<<PKGBUILDDIR>>=. -fstack-protector-strong -Wformat -Werror=format-security -Wdate-time -D_FORTIFY_SOURCE=2 -std=gnu99 -pedantic -pedantic-errors -Wall -Wextra -Wshadow -Wmissing-prototypes -Wdeclaration-after-statement -Wunused -Wfloat-equal -Wpointer-arith -Wwrite-strings -Wformat-security -Wmissing-format-attribute -fPIC -fstack-protector -D_LARGEFILE64_SOURCE   -o CMakeFiles/ssh_static.dir/getpass.c.o   -c "/<<PKGBUILDDIR>>/src/getpass.c"
[  9%] Building C object src/CMakeFiles/ssh_static.dir/init.c.o
cd "/<<PKGBUILDDIR>>/build-openssl/src" && /usr/bin/cc  -I"/<<PKGBUILDDIR>>/build-openssl/src" -I"/<<PKGBUILDDIR>>/src" -I"/<<PKGBUILDDIR>>/include" -I"/<<PKGBUILDDIR>>/build-openssl"  -g -O2 -fdebug-prefix-map=/<<PKGBUILDDIR>>=. -fstack-protector-strong -Wformat -Werror=format-security -Wdate-time -D_FORTIFY_SOURCE=2 -std=gnu99 -pedantic -pedantic-errors -Wall -Wextra -Wshadow -Wmissing-prototypes -Wdeclaration-after-statement -Wunused -Wfloat-equal -Wpointer-arith -Wwrite-strings -Wformat-security -Wmissing-format-attribute -fPIC -fstack-protector -D_LARGEFILE64_SOURCE   -o CMakeFiles/ssh_static.dir/init.c.o   -c "/<<PKGBUILDDIR>>/src/init.c"
[ 10%] Building C object src/CMakeFiles/ssh_static.dir/kex.c.o
cd "/<<PKGBUILDDIR>>/build-openssl/src" && /usr/bin/cc  -I"/<<PKGBUILDDIR>>/build-openssl/src" -I"/<<PKGBUILDDIR>>/src" -I"/<<PKGBUILDDIR>>/include" -I"/<<PKGBUILDDIR>>/build-openssl"  -g -O2 -fdebug-prefix-map=/<<PKGBUILDDIR>>=. -fstack-protector-strong -Wformat -Werror=format-security -Wdate-time -D_FORTIFY_SOURCE=2 -std=gnu99 -pedantic -pedantic-errors -Wall -Wextra -Wshadow -Wmissing-prototypes -Wdeclaration-after-statement -Wunused -Wfloat-equal -Wpointer-arith -Wwrite-strings -Wformat-security -Wmissing-format-attribute -fPIC -fstack-protector -D_LARGEFILE64_SOURCE   -o CMakeFiles/ssh_static.dir/kex.c.o   -c "/<<PKGBUILDDIR>>/src/kex.c"
[ 10%] Building C object src/CMakeFiles/ssh_static.dir/known_hosts.c.o
cd "/<<PKGBUILDDIR>>/build-openssl/src" && /usr/bin/cc  -I"/<<PKGBUILDDIR>>/build-openssl/src" -I"/<<PKGBUILDDIR>>/src" -I"/<<PKGBUILDDIR>>/include" -I"/<<PKGBUILDDIR>>/build-openssl"  -g -O2 -fdebug-prefix-map=/<<PKGBUILDDIR>>=. -fstack-protector-strong -Wformat -Werror=format-security -Wdate-time -D_FORTIFY_SOURCE=2 -std=gnu99 -pedantic -pedantic-errors -Wall -Wextra -Wshadow -Wmissing-prototypes -Wdeclaration-after-statement -Wunused -Wfloat-equal -Wpointer-arith -Wwrite-strings -Wformat-security -Wmissing-format-attribute -fPIC -fstack-protector -D_LARGEFILE64_SOURCE   -o CMakeFiles/ssh_static.dir/known_hosts.c.o   -c "/<<PKGBUILDDIR>>/src/known_hosts.c"
[ 11%] Building C object src/CMakeFiles/ssh_static.dir/legacy.c.o
cd "/<<PKGBUILDDIR>>/build-openssl/src" && /usr/bin/cc  -I"/<<PKGBUILDDIR>>/build-openssl/src" -I"/<<PKGBUILDDIR>>/src" -I"/<<PKGBUILDDIR>>/include" -I"/<<PKGBUILDDIR>>/build-openssl"  -g -O2 -fdebug-prefix-map=/<<PKGBUILDDIR>>=. -fstack-protector-strong -Wformat -Werror=format-security -Wdate-time -D_FORTIFY_SOURCE=2 -std=gnu99 -pedantic -pedantic-errors -Wall -Wextra -Wshadow -Wmissing-prototypes -Wdeclaration-after-statement -Wunused -Wfloat-equal -Wpointer-arith -Wwrite-strings -Wformat-security -Wmissing-format-attribute -fPIC -fstack-protector -D_LARGEFILE64_SOURCE   -o CMakeFiles/ssh_static.dir/legacy.c.o   -c "/<<PKGBUILDDIR>>/src/legacy.c"
[ 11%] Building C object src/CMakeFiles/ssh_static.dir/log.c.o
cd "/<<PKGBUILDDIR>>/build-openssl/src" && /usr/bin/cc  -I"/<<PKGBUILDDIR>>/build-openssl/src" -I"/<<PKGBUILDDIR>>/src" -I"/<<PKGBUILDDIR>>/include" -I"/<<PKGBUILDDIR>>/build-openssl"  -g -O2 -fdebug-prefix-map=/<<PKGBUILDDIR>>=. -fstack-protector-strong -Wformat -Werror=format-security -Wdate-time -D_FORTIFY_SOURCE=2 -std=gnu99 -pedantic -pedantic-errors -Wall -Wextra -Wshadow -Wmissing-prototypes -Wdeclaration-after-statement -Wunused -Wfloat-equal -Wpointer-arith -Wwrite-strings -Wformat-security -Wmissing-format-attribute -fPIC -fstack-protector -D_LARGEFILE64_SOURCE   -o CMakeFiles/ssh_static.dir/log.c.o   -c "/<<PKGBUILDDIR>>/src/log.c"
[ 12%] Building C object src/CMakeFiles/ssh_static.dir/match.c.o
cd "/<<PKGBUILDDIR>>/build-openssl/src" && /usr/bin/cc  -I"/<<PKGBUILDDIR>>/build-openssl/src" -I"/<<PKGBUILDDIR>>/src" -I"/<<PKGBUILDDIR>>/include" -I"/<<PKGBUILDDIR>>/build-openssl"  -g -O2 -fdebug-prefix-map=/<<PKGBUILDDIR>>=. -fstack-protector-strong -Wformat -Werror=format-security -Wdate-time -D_FORTIFY_SOURCE=2 -std=gnu99 -pedantic -pedantic-errors -Wall -Wextra -Wshadow -Wmissing-prototypes -Wdeclaration-after-statement -Wunused -Wfloat-equal -Wpointer-arith -Wwrite-strings -Wformat-security -Wmissing-format-attribute -fPIC -fstack-protector -D_LARGEFILE64_SOURCE   -o CMakeFiles/ssh_static.dir/match.c.o   -c "/<<PKGBUILDDIR>>/src/match.c"
[ 12%] Building C object src/CMakeFiles/ssh_static.dir/messages.c.o
cd "/<<PKGBUILDDIR>>/build-openssl/src" && /usr/bin/cc  -I"/<<PKGBUILDDIR>>/build-openssl/src" -I"/<<PKGBUILDDIR>>/src" -I"/<<PKGBUILDDIR>>/include" -I"/<<PKGBUILDDIR>>/build-openssl"  -g -O2 -fdebug-prefix-map=/<<PKGBUILDDIR>>=. -fstack-protector-strong -Wformat -Werror=format-security -Wdate-time -D_FORTIFY_SOURCE=2 -std=gnu99 -pedantic -pedantic-errors -Wall -Wextra -Wshadow -Wmissing-prototypes -Wdeclaration-after-statement -Wunused -Wfloat-equal -Wpointer-arith -Wwrite-strings -Wformat-security -Wmissing-format-attribute -fPIC -fstack-protector -D_LARGEFILE64_SOURCE   -o CMakeFiles/ssh_static.dir/messages.c.o   -c "/<<PKGBUILDDIR>>/src/messages.c"
[ 13%] Building C object src/CMakeFiles/ssh_static.dir/misc.c.o
cd "/<<PKGBUILDDIR>>/build-openssl/src" && /usr/bin/cc  -I"/<<PKGBUILDDIR>>/build-openssl/src" -I"/<<PKGBUILDDIR>>/src" -I"/<<PKGBUILDDIR>>/include" -I"/<<PKGBUILDDIR>>/build-openssl"  -g -O2 -fdebug-prefix-map=/<<PKGBUILDDIR>>=. -fstack-protector-strong -Wformat -Werror=format-security -Wdate-time -D_FORTIFY_SOURCE=2 -std=gnu99 -pedantic -pedantic-errors -Wall -Wextra -Wshadow -Wmissing-prototypes -Wdeclaration-after-statement -Wunused -Wfloat-equal -Wpointer-arith -Wwrite-strings -Wformat-security -Wmissing-format-attribute -fPIC -fstack-protector -D_LARGEFILE64_SOURCE   -o CMakeFiles/ssh_static.dir/misc.c.o   -c "/<<PKGBUILDDIR>>/src/misc.c"
[ 13%] Building C object src/CMakeFiles/ssh_static.dir/options.c.o
cd "/<<PKGBUILDDIR>>/build-openssl/src" && /usr/bin/cc  -I"/<<PKGBUILDDIR>>/build-openssl/src" -I"/<<PKGBUILDDIR>>/src" -I"/<<PKGBUILDDIR>>/include" -I"/<<PKGBUILDDIR>>/build-openssl"  -g -O2 -fdebug-prefix-map=/<<PKGBUILDDIR>>=. -fstack-protector-strong -Wformat -Werror=format-security -Wdate-time -D_FORTIFY_SOURCE=2 -std=gnu99 -pedantic -pedantic-errors -Wall -Wextra -Wshadow -Wmissing-prototypes -Wdeclaration-after-statement -Wunused -Wfloat-equal -Wpointer-arith -Wwrite-strings -Wformat-security -Wmissing-format-attribute -fPIC -fstack-protector -D_LARGEFILE64_SOURCE   -o CMakeFiles/ssh_static.dir/options.c.o   -c "/<<PKGBUILDDIR>>/src/options.c"
[ 14%] Building C object src/CMakeFiles/ssh_static.dir/packet.c.o
cd "/<<PKGBUILDDIR>>/build-openssl/src" && /usr/bin/cc  -I"/<<PKGBUILDDIR>>/build-openssl/src" -I"/<<PKGBUILDDIR>>/src" -I"/<<PKGBUILDDIR>>/include" -I"/<<PKGBUILDDIR>>/build-openssl"  -g -O2 -fdebug-prefix-map=/<<PKGBUILDDIR>>=. -fstack-protector-strong -Wformat -Werror=format-security -Wdate-time -D_FORTIFY_SOURCE=2 -std=gnu99 -pedantic -pedantic-errors -Wall -Wextra -Wshadow -Wmissing-prototypes -Wdeclaration-after-statement -Wunused -Wfloat-equal -Wpointer-arith -Wwrite-strings -Wformat-security -Wmissing-format-attribute -fPIC -fstack-protector -D_LARGEFILE64_SOURCE   -o CMakeFiles/ssh_static.dir/packet.c.o   -c "/<<PKGBUILDDIR>>/src/packet.c"
[ 14%] Building C object src/CMakeFiles/ssh_static.dir/packet_cb.c.o
cd "/<<PKGBUILDDIR>>/build-openssl/src" && /usr/bin/cc  -I"/<<PKGBUILDDIR>>/build-openssl/src" -I"/<<PKGBUILDDIR>>/src" -I"/<<PKGBUILDDIR>>/include" -I"/<<PKGBUILDDIR>>/build-openssl"  -g -O2 -fdebug-prefix-map=/<<PKGBUILDDIR>>=. -fstack-protector-strong -Wformat -Werror=format-security -Wdate-time -D_FORTIFY_SOURCE=2 -std=gnu99 -pedantic -pedantic-errors -Wall -Wextra -Wshadow -Wmissing-prototypes -Wdeclaration-after-statement -Wunused -Wfloat-equal -Wpointer-arith -Wwrite-strings -Wformat-security -Wmissing-format-attribute -fPIC -fstack-protector -D_LARGEFILE64_SOURCE   -o CMakeFiles/ssh_static.dir/packet_cb.c.o   -c "/<<PKGBUILDDIR>>/src/packet_cb.c"
[ 15%] Building C object src/CMakeFiles/ssh_static.dir/packet_crypt.c.o
cd "/<<PKGBUILDDIR>>/build-openssl/src" && /usr/bin/cc  -I"/<<PKGBUILDDIR>>/build-openssl/src" -I"/<<PKGBUILDDIR>>/src" -I"/<<PKGBUILDDIR>>/include" -I"/<<PKGBUILDDIR>>/build-openssl"  -g -O2 -fdebug-prefix-map=/<<PKGBUILDDIR>>=. -fstack-protector-strong -Wformat -Werror=format-security -Wdate-time -D_FORTIFY_SOURCE=2 -std=gnu99 -pedantic -pedantic-errors -Wall -Wextra -Wshadow -Wmissing-prototypes -Wdeclaration-after-statement -Wunused -Wfloat-equal -Wpointer-arith -Wwrite-strings -Wformat-security -Wmissing-format-attribute -fPIC -fstack-protector -D_LARGEFILE64_SOURCE   -o CMakeFiles/ssh_static.dir/packet_crypt.c.o   -c "/<<PKGBUILDDIR>>/src/packet_crypt.c"
[ 15%] Building C object src/CMakeFiles/ssh_static.dir/pcap.c.o
cd "/<<PKGBUILDDIR>>/build-openssl/src" && /usr/bin/cc  -I"/<<PKGBUILDDIR>>/build-openssl/src" -I"/<<PKGBUILDDIR>>/src" -I"/<<PKGBUILDDIR>>/include" -I"/<<PKGBUILDDIR>>/build-openssl"  -g -O2 -fdebug-prefix-map=/<<PKGBUILDDIR>>=. -fstack-protector-strong -Wformat -Werror=format-security -Wdate-time -D_FORTIFY_SOURCE=2 -std=gnu99 -pedantic -pedantic-errors -Wall -Wextra -Wshadow -Wmissing-prototypes -Wdeclaration-after-statement -Wunused -Wfloat-equal -Wpointer-arith -Wwrite-strings -Wformat-security -Wmissing-format-attribute -fPIC -fstack-protector -D_LARGEFILE64_SOURCE   -o CMakeFiles/ssh_static.dir/pcap.c.o   -c "/<<PKGBUILDDIR>>/src/pcap.c"
[ 16%] Building C object src/CMakeFiles/ssh_static.dir/pki.c.o
cd "/<<PKGBUILDDIR>>/build-openssl/src" && /usr/bin/cc  -I"/<<PKGBUILDDIR>>/build-openssl/src" -I"/<<PKGBUILDDIR>>/src" -I"/<<PKGBUILDDIR>>/include" -I"/<<PKGBUILDDIR>>/build-openssl"  -g -O2 -fdebug-prefix-map=/<<PKGBUILDDIR>>=. -fstack-protector-strong -Wformat -Werror=format-security -Wdate-time -D_FORTIFY_SOURCE=2 -std=gnu99 -pedantic -pedantic-errors -Wall -Wextra -Wshadow -Wmissing-prototypes -Wdeclaration-after-statement -Wunused -Wfloat-equal -Wpointer-arith -Wwrite-strings -Wformat-security -Wmissing-format-attribute -fPIC -fstack-protector -D_LARGEFILE64_SOURCE   -o CMakeFiles/ssh_static.dir/pki.c.o   -c "/<<PKGBUILDDIR>>/src/pki.c"
[ 16%] Building C object src/CMakeFiles/ssh_static.dir/pki_container_openssh.c.o
cd "/<<PKGBUILDDIR>>/build-openssl/src" && /usr/bin/cc  -I"/<<PKGBUILDDIR>>/build-openssl/src" -I"/<<PKGBUILDDIR>>/src" -I"/<<PKGBUILDDIR>>/include" -I"/<<PKGBUILDDIR>>/build-openssl"  -g -O2 -fdebug-prefix-map=/<<PKGBUILDDIR>>=. -fstack-protector-strong -Wformat -Werror=format-security -Wdate-time -D_FORTIFY_SOURCE=2 -std=gnu99 -pedantic -pedantic-errors -Wall -Wextra -Wshadow -Wmissing-prototypes -Wdeclaration-after-statement -Wunused -Wfloat-equal -Wpointer-arith -Wwrite-strings -Wformat-security -Wmissing-format-attribute -fPIC -fstack-protector -D_LARGEFILE64_SOURCE   -o CMakeFiles/ssh_static.dir/pki_container_openssh.c.o   -c "/<<PKGBUILDDIR>>/src/pki_container_openssh.c"
[ 17%] Building C object src/CMakeFiles/ssh_static.dir/pki_ed25519.c.o
cd "/<<PKGBUILDDIR>>/build-openssl/src" && /usr/bin/cc  -I"/<<PKGBUILDDIR>>/build-openssl/src" -I"/<<PKGBUILDDIR>>/src" -I"/<<PKGBUILDDIR>>/include" -I"/<<PKGBUILDDIR>>/build-openssl"  -g -O2 -fdebug-prefix-map=/<<PKGBUILDDIR>>=. -fstack-protector-strong -Wformat -Werror=format-security -Wdate-time -D_FORTIFY_SOURCE=2 -std=gnu99 -pedantic -pedantic-errors -Wall -Wextra -Wshadow -Wmissing-prototypes -Wdeclaration-after-statement -Wunused -Wfloat-equal -Wpointer-arith -Wwrite-strings -Wformat-security -Wmissing-format-attribute -fPIC -fstack-protector -D_LARGEFILE64_SOURCE   -o CMakeFiles/ssh_static.dir/pki_ed25519.c.o   -c "/<<PKGBUILDDIR>>/src/pki_ed25519.c"
[ 18%] Building C object src/CMakeFiles/ssh_static.dir/poll.c.o
cd "/<<PKGBUILDDIR>>/build-openssl/src" && /usr/bin/cc  -I"/<<PKGBUILDDIR>>/build-openssl/src" -I"/<<PKGBUILDDIR>>/src" -I"/<<PKGBUILDDIR>>/include" -I"/<<PKGBUILDDIR>>/build-openssl"  -g -O2 -fdebug-prefix-map=/<<PKGBUILDDIR>>=. -fstack-protector-strong -Wformat -Werror=format-security -Wdate-time -D_FORTIFY_SOURCE=2 -std=gnu99 -pedantic -pedantic-errors -Wall -Wextra -Wshadow -Wmissing-prototypes -Wdeclaration-after-statement -Wunused -Wfloat-equal -Wpointer-arith -Wwrite-strings -Wformat-security -Wmissing-format-attribute -fPIC -fstack-protector -D_LARGEFILE64_SOURCE   -o CMakeFiles/ssh_static.dir/poll.c.o   -c "/<<PKGBUILDDIR>>/src/poll.c"
[ 18%] Building C object src/CMakeFiles/ssh_static.dir/session.c.o
cd "/<<PKGBUILDDIR>>/build-openssl/src" && /usr/bin/cc  -I"/<<PKGBUILDDIR>>/build-openssl/src" -I"/<<PKGBUILDDIR>>/src" -I"/<<PKGBUILDDIR>>/include" -I"/<<PKGBUILDDIR>>/build-openssl"  -g -O2 -fdebug-prefix-map=/<<PKGBUILDDIR>>=. -fstack-protector-strong -Wformat -Werror=format-security -Wdate-time -D_FORTIFY_SOURCE=2 -std=gnu99 -pedantic -pedantic-errors -Wall -Wextra -Wshadow -Wmissing-prototypes -Wdeclaration-after-statement -Wunused -Wfloat-equal -Wpointer-arith -Wwrite-strings -Wformat-security -Wmissing-format-attribute -fPIC -fstack-protector -D_LARGEFILE64_SOURCE   -o CMakeFiles/ssh_static.dir/session.c.o   -c "/<<PKGBUILDDIR>>/src/session.c"
[ 19%] Building C object src/CMakeFiles/ssh_static.dir/scp.c.o
cd "/<<PKGBUILDDIR>>/build-openssl/src" && /usr/bin/cc  -I"/<<PKGBUILDDIR>>/build-openssl/src" -I"/<<PKGBUILDDIR>>/src" -I"/<<PKGBUILDDIR>>/include" -I"/<<PKGBUILDDIR>>/build-openssl"  -g -O2 -fdebug-prefix-map=/<<PKGBUILDDIR>>=. -fstack-protector-strong -Wformat -Werror=format-security -Wdate-time -D_FORTIFY_SOURCE=2 -std=gnu99 -pedantic -pedantic-errors -Wall -Wextra -Wshadow -Wmissing-prototypes -Wdeclaration-after-statement -Wunused -Wfloat-equal -Wpointer-arith -Wwrite-strings -Wformat-security -Wmissing-format-attribute -fPIC -fstack-protector -D_LARGEFILE64_SOURCE   -o CMakeFiles/ssh_static.dir/scp.c.o   -c "/<<PKGBUILDDIR>>/src/scp.c"
[ 19%] Building C object src/CMakeFiles/ssh_static.dir/socket.c.o
cd "/<<PKGBUILDDIR>>/build-openssl/src" && /usr/bin/cc  -I"/<<PKGBUILDDIR>>/build-openssl/src" -I"/<<PKGBUILDDIR>>/src" -I"/<<PKGBUILDDIR>>/include" -I"/<<PKGBUILDDIR>>/build-openssl"  -g -O2 -fdebug-prefix-map=/<<PKGBUILDDIR>>=. -fstack-protector-strong -Wformat -Werror=format-security -Wdate-time -D_FORTIFY_SOURCE=2 -std=gnu99 -pedantic -pedantic-errors -Wall -Wextra -Wshadow -Wmissing-prototypes -Wdeclaration-after-statement -Wunused -Wfloat-equal -Wpointer-arith -Wwrite-strings -Wformat-security -Wmissing-format-attribute -fPIC -fstack-protector -D_LARGEFILE64_SOURCE   -o CMakeFiles/ssh_static.dir/socket.c.o   -c "/<<PKGBUILDDIR>>/src/socket.c"
[ 20%] Building C object src/CMakeFiles/ssh_static.dir/string.c.o
cd "/<<PKGBUILDDIR>>/build-openssl/src" && /usr/bin/cc  -I"/<<PKGBUILDDIR>>/build-openssl/src" -I"/<<PKGBUILDDIR>>/src" -I"/<<PKGBUILDDIR>>/include" -I"/<<PKGBUILDDIR>>/build-openssl"  -g -O2 -fdebug-prefix-map=/<<PKGBUILDDIR>>=. -fstack-protector-strong -Wformat -Werror=format-security -Wdate-time -D_FORTIFY_SOURCE=2 -std=gnu99 -pedantic -pedantic-errors -Wall -Wextra -Wshadow -Wmissing-prototypes -Wdeclaration-after-statement -Wunused -Wfloat-equal -Wpointer-arith -Wwrite-strings -Wformat-security -Wmissing-format-attribute -fPIC -fstack-protector -D_LARGEFILE64_SOURCE   -o CMakeFiles/ssh_static.dir/string.c.o   -c "/<<PKGBUILDDIR>>/src/string.c"
[ 20%] Building C object src/CMakeFiles/ssh_static.dir/threads.c.o
cd "/<<PKGBUILDDIR>>/build-openssl/src" && /usr/bin/cc  -I"/<<PKGBUILDDIR>>/build-openssl/src" -I"/<<PKGBUILDDIR>>/src" -I"/<<PKGBUILDDIR>>/include" -I"/<<PKGBUILDDIR>>/build-openssl"  -g -O2 -fdebug-prefix-map=/<<PKGBUILDDIR>>=. -fstack-protector-strong -Wformat -Werror=format-security -Wdate-time -D_FORTIFY_SOURCE=2 -std=gnu99 -pedantic -pedantic-errors -Wall -Wextra -Wshadow -Wmissing-prototypes -Wdeclaration-after-statement -Wunused -Wfloat-equal -Wpointer-arith -Wwrite-strings -Wformat-security -Wmissing-format-attribute -fPIC -fstack-protector -D_LARGEFILE64_SOURCE   -o CMakeFiles/ssh_static.dir/threads.c.o   -c "/<<PKGBUILDDIR>>/src/threads.c"
/<<PKGBUILDDIR>>/src/threads.c:109:13: warning: unused function 'libcrypto_lock_callback' [-Wunused-function]
static void libcrypto_lock_callback(int mode, int i, const char *file, int line){
            ^
1 warning generated.
[ 21%] Building C object src/CMakeFiles/ssh_static.dir/wrapper.c.o
cd "/<<PKGBUILDDIR>>/build-openssl/src" && /usr/bin/cc  -I"/<<PKGBUILDDIR>>/build-openssl/src" -I"/<<PKGBUILDDIR>>/src" -I"/<<PKGBUILDDIR>>/include" -I"/<<PKGBUILDDIR>>/build-openssl"  -g -O2 -fdebug-prefix-map=/<<PKGBUILDDIR>>=. -fstack-protector-strong -Wformat -Werror=format-security -Wdate-time -D_FORTIFY_SOURCE=2 -std=gnu99 -pedantic -pedantic-errors -Wall -Wextra -Wshadow -Wmissing-prototypes -Wdeclaration-after-statement -Wunused -Wfloat-equal -Wpointer-arith -Wwrite-strings -Wformat-security -Wmissing-format-attribute -fPIC -fstack-protector -D_LARGEFILE64_SOURCE   -o CMakeFiles/ssh_static.dir/wrapper.c.o   -c "/<<PKGBUILDDIR>>/src/wrapper.c"
[ 21%] Building C object src/CMakeFiles/ssh_static.dir/external/bcrypt_pbkdf.c.o
cd "/<<PKGBUILDDIR>>/build-openssl/src" && /usr/bin/cc  -I"/<<PKGBUILDDIR>>/build-openssl/src" -I"/<<PKGBUILDDIR>>/src" -I"/<<PKGBUILDDIR>>/include" -I"/<<PKGBUILDDIR>>/build-openssl"  -g -O2 -fdebug-prefix-map=/<<PKGBUILDDIR>>=. -fstack-protector-strong -Wformat -Werror=format-security -Wdate-time -D_FORTIFY_SOURCE=2 -std=gnu99 -pedantic -pedantic-errors -Wall -Wextra -Wshadow -Wmissing-prototypes -Wdeclaration-after-statement -Wunused -Wfloat-equal -Wpointer-arith -Wwrite-strings -Wformat-security -Wmissing-format-attribute -fPIC -fstack-protector -D_LARGEFILE64_SOURCE   -o CMakeFiles/ssh_static.dir/external/bcrypt_pbkdf.c.o   -c "/<<PKGBUILDDIR>>/src/external/bcrypt_pbkdf.c"
[ 22%] Building C object src/CMakeFiles/ssh_static.dir/external/blowfish.c.o
cd "/<<PKGBUILDDIR>>/build-openssl/src" && /usr/bin/cc  -I"/<<PKGBUILDDIR>>/build-openssl/src" -I"/<<PKGBUILDDIR>>/src" -I"/<<PKGBUILDDIR>>/include" -I"/<<PKGBUILDDIR>>/build-openssl"  -g -O2 -fdebug-prefix-map=/<<PKGBUILDDIR>>=. -fstack-protector-strong -Wformat -Werror=format-security -Wdate-time -D_FORTIFY_SOURCE=2 -std=gnu99 -pedantic -pedantic-errors -Wall -Wextra -Wshadow -Wmissing-prototypes -Wdeclaration-after-statement -Wunused -Wfloat-equal -Wpointer-arith -Wwrite-strings -Wformat-security -Wmissing-format-attribute -fPIC -fstack-protector -D_LARGEFILE64_SOURCE   -o CMakeFiles/ssh_static.dir/external/blowfish.c.o   -c "/<<PKGBUILDDIR>>/src/external/blowfish.c"
[ 22%] Building C object src/CMakeFiles/ssh_static.dir/external/ed25519.c.o
cd "/<<PKGBUILDDIR>>/build-openssl/src" && /usr/bin/cc  -I"/<<PKGBUILDDIR>>/build-openssl/src" -I"/<<PKGBUILDDIR>>/src" -I"/<<PKGBUILDDIR>>/include" -I"/<<PKGBUILDDIR>>/build-openssl"  -g -O2 -fdebug-prefix-map=/<<PKGBUILDDIR>>=. -fstack-protector-strong -Wformat -Werror=format-security -Wdate-time -D_FORTIFY_SOURCE=2 -std=gnu99 -pedantic -pedantic-errors -Wall -Wextra -Wshadow -Wmissing-prototypes -Wdeclaration-after-statement -Wunused -Wfloat-equal -Wpointer-arith -Wwrite-strings -Wformat-security -Wmissing-format-attribute -fPIC -fstack-protector -D_LARGEFILE64_SOURCE   -o CMakeFiles/ssh_static.dir/external/ed25519.c.o   -c "/<<PKGBUILDDIR>>/src/external/ed25519.c"
[ 23%] Building C object src/CMakeFiles/ssh_static.dir/external/fe25519.c.o
cd "/<<PKGBUILDDIR>>/build-openssl/src" && /usr/bin/cc  -I"/<<PKGBUILDDIR>>/build-openssl/src" -I"/<<PKGBUILDDIR>>/src" -I"/<<PKGBUILDDIR>>/include" -I"/<<PKGBUILDDIR>>/build-openssl"  -g -O2 -fdebug-prefix-map=/<<PKGBUILDDIR>>=. -fstack-protector-strong -Wformat -Werror=format-security -Wdate-time -D_FORTIFY_SOURCE=2 -std=gnu99 -pedantic -pedantic-errors -Wall -Wextra -Wshadow -Wmissing-prototypes -Wdeclaration-after-statement -Wunused -Wfloat-equal -Wpointer-arith -Wwrite-strings -Wformat-security -Wmissing-format-attribute -fPIC -fstack-protector -D_LARGEFILE64_SOURCE   -o CMakeFiles/ssh_static.dir/external/fe25519.c.o   -c "/<<PKGBUILDDIR>>/src/external/fe25519.c"
[ 23%] Building C object src/CMakeFiles/ssh_static.dir/external/ge25519.c.o
cd "/<<PKGBUILDDIR>>/build-openssl/src" && /usr/bin/cc  -I"/<<PKGBUILDDIR>>/build-openssl/src" -I"/<<PKGBUILDDIR>>/src" -I"/<<PKGBUILDDIR>>/include" -I"/<<PKGBUILDDIR>>/build-openssl"  -g -O2 -fdebug-prefix-map=/<<PKGBUILDDIR>>=. -fstack-protector-strong -Wformat -Werror=format-security -Wdate-time -D_FORTIFY_SOURCE=2 -std=gnu99 -pedantic -pedantic-errors -Wall -Wextra -Wshadow -Wmissing-prototypes -Wdeclaration-after-statement -Wunused -Wfloat-equal -Wpointer-arith -Wwrite-strings -Wformat-security -Wmissing-format-attribute -fPIC -fstack-protector -D_LARGEFILE64_SOURCE   -o CMakeFiles/ssh_static.dir/external/ge25519.c.o   -c "/<<PKGBUILDDIR>>/src/external/ge25519.c"
[ 24%] Building C object src/CMakeFiles/ssh_static.dir/external/sc25519.c.o
cd "/<<PKGBUILDDIR>>/build-openssl/src" && /usr/bin/cc  -I"/<<PKGBUILDDIR>>/build-openssl/src" -I"/<<PKGBUILDDIR>>/src" -I"/<<PKGBUILDDIR>>/include" -I"/<<PKGBUILDDIR>>/build-openssl"  -g -O2 -fdebug-prefix-map=/<<PKGBUILDDIR>>=. -fstack-protector-strong -Wformat -Werror=format-security -Wdate-time -D_FORTIFY_SOURCE=2 -std=gnu99 -pedantic -pedantic-errors -Wall -Wextra -Wshadow -Wmissing-prototypes -Wdeclaration-after-statement -Wunused -Wfloat-equal -Wpointer-arith -Wwrite-strings -Wformat-security -Wmissing-format-attribute -fPIC -fstack-protector -D_LARGEFILE64_SOURCE   -o CMakeFiles/ssh_static.dir/external/sc25519.c.o   -c "/<<PKGBUILDDIR>>/src/external/sc25519.c"
[ 24%] Building C object src/CMakeFiles/ssh_static.dir/pki_crypto.c.o
cd "/<<PKGBUILDDIR>>/build-openssl/src" && /usr/bin/cc  -I"/<<PKGBUILDDIR>>/build-openssl/src" -I"/<<PKGBUILDDIR>>/src" -I"/<<PKGBUILDDIR>>/include" -I"/<<PKGBUILDDIR>>/build-openssl"  -g -O2 -fdebug-prefix-map=/<<PKGBUILDDIR>>=. -fstack-protector-strong -Wformat -Werror=format-security -Wdate-time -D_FORTIFY_SOURCE=2 -std=gnu99 -pedantic -pedantic-errors -Wall -Wextra -Wshadow -Wmissing-prototypes -Wdeclaration-after-statement -Wunused -Wfloat-equal -Wpointer-arith -Wwrite-strings -Wformat-security -Wmissing-format-attribute -fPIC -fstack-protector -D_LARGEFILE64_SOURCE   -o CMakeFiles/ssh_static.dir/pki_crypto.c.o   -c "/<<PKGBUILDDIR>>/src/pki_crypto.c"
/<<PKGBUILDDIR>>/src/pki_crypto.c:454:16: warning: 'DSA_generate_parameters' is deprecated [-Wdeprecated-declarations]
    key->dsa = DSA_generate_parameters(parameter, NULL, 0, NULL, NULL,
               ^
/usr/include/openssl/dsa.h:122:1: note: 'DSA_generate_parameters' has been explicitly marked deprecated here
DEPRECATEDIN_0_9_8(DSA *DSA_generate_parameters(int bits,
^
/usr/include/x86_64-linux-gnu/openssl/opensslconf.h:136:34: note: expanded from macro 'DEPRECATEDIN_0_9_8'
# define DEPRECATEDIN_0_9_8(f)   DECLARE_DEPRECATED(f)
                                 ^
/usr/include/x86_64-linux-gnu/openssl/opensslconf.h:99:53: note: expanded from macro 'DECLARE_DEPRECATED'
# define DECLARE_DEPRECATED(f)    f __attribute__ ((deprecated));
                                                    ^
1 warning generated.
[ 25%] Building C object src/CMakeFiles/ssh_static.dir/ecdh_crypto.c.o
cd "/<<PKGBUILDDIR>>/build-openssl/src" && /usr/bin/cc  -I"/<<PKGBUILDDIR>>/build-openssl/src" -I"/<<PKGBUILDDIR>>/src" -I"/<<PKGBUILDDIR>>/include" -I"/<<PKGBUILDDIR>>/build-openssl"  -g -O2 -fdebug-prefix-map=/<<PKGBUILDDIR>>=. -fstack-protector-strong -Wformat -Werror=format-security -Wdate-time -D_FORTIFY_SOURCE=2 -std=gnu99 -pedantic -pedantic-errors -Wall -Wextra -Wshadow -Wmissing-prototypes -Wdeclaration-after-statement -Wunused -Wfloat-equal -Wpointer-arith -Wwrite-strings -Wformat-security -Wmissing-format-attribute -fPIC -fstack-protector -D_LARGEFILE64_SOURCE   -o CMakeFiles/ssh_static.dir/ecdh_crypto.c.o   -c "/<<PKGBUILDDIR>>/src/ecdh_crypto.c"
[ 25%] Building C object src/CMakeFiles/ssh_static.dir/libcrypto.c.o
cd "/<<PKGBUILDDIR>>/build-openssl/src" && /usr/bin/cc  -I"/<<PKGBUILDDIR>>/build-openssl/src" -I"/<<PKGBUILDDIR>>/src" -I"/<<PKGBUILDDIR>>/include" -I"/<<PKGBUILDDIR>>/build-openssl"  -g -O2 -fdebug-prefix-map=/<<PKGBUILDDIR>>=. -fstack-protector-strong -Wformat -Werror=format-security -Wdate-time -D_FORTIFY_SOURCE=2 -std=gnu99 -pedantic -pedantic-errors -Wall -Wextra -Wshadow -Wmissing-prototypes -Wdeclaration-after-statement -Wunused -Wfloat-equal -Wpointer-arith -Wwrite-strings -Wformat-security -Wmissing-format-attribute -fPIC -fstack-protector -D_LARGEFILE64_SOURCE   -o CMakeFiles/ssh_static.dir/libcrypto.c.o   -c "/<<PKGBUILDDIR>>/src/libcrypto.c"
[ 26%] Building C object src/CMakeFiles/ssh_static.dir/sftp.c.o
cd "/<<PKGBUILDDIR>>/build-openssl/src" && /usr/bin/cc  -I"/<<PKGBUILDDIR>>/build-openssl/src" -I"/<<PKGBUILDDIR>>/src" -I"/<<PKGBUILDDIR>>/include" -I"/<<PKGBUILDDIR>>/build-openssl"  -g -O2 -fdebug-prefix-map=/<<PKGBUILDDIR>>=. -fstack-protector-strong -Wformat -Werror=format-security -Wdate-time -D_FORTIFY_SOURCE=2 -std=gnu99 -pedantic -pedantic-errors -Wall -Wextra -Wshadow -Wmissing-prototypes -Wdeclaration-after-statement -Wunused -Wfloat-equal -Wpointer-arith -Wwrite-strings -Wformat-security -Wmissing-format-attribute -fPIC -fstack-protector -D_LARGEFILE64_SOURCE   -o CMakeFiles/ssh_static.dir/sftp.c.o   -c "/<<PKGBUILDDIR>>/src/sftp.c"
[ 26%] Building C object src/CMakeFiles/ssh_static.dir/sftpserver.c.o
cd "/<<PKGBUILDDIR>>/build-openssl/src" && /usr/bin/cc  -I"/<<PKGBUILDDIR>>/build-openssl/src" -I"/<<PKGBUILDDIR>>/src" -I"/<<PKGBUILDDIR>>/include" -I"/<<PKGBUILDDIR>>/build-openssl"  -g -O2 -fdebug-prefix-map=/<<PKGBUILDDIR>>=. -fstack-protector-strong -Wformat -Werror=format-security -Wdate-time -D_FORTIFY_SOURCE=2 -std=gnu99 -pedantic -pedantic-errors -Wall -Wextra -Wshadow -Wmissing-prototypes -Wdeclaration-after-statement -Wunused -Wfloat-equal -Wpointer-arith -Wwrite-strings -Wformat-security -Wmissing-format-attribute -fPIC -fstack-protector -D_LARGEFILE64_SOURCE   -o CMakeFiles/ssh_static.dir/sftpserver.c.o   -c "/<<PKGBUILDDIR>>/src/sftpserver.c"
[ 27%] Building C object src/CMakeFiles/ssh_static.dir/server.c.o
cd "/<<PKGBUILDDIR>>/build-openssl/src" && /usr/bin/cc  -I"/<<PKGBUILDDIR>>/build-openssl/src" -I"/<<PKGBUILDDIR>>/src" -I"/<<PKGBUILDDIR>>/include" -I"/<<PKGBUILDDIR>>/build-openssl"  -g -O2 -fdebug-prefix-map=/<<PKGBUILDDIR>>=. -fstack-protector-strong -Wformat -Werror=format-security -Wdate-time -D_FORTIFY_SOURCE=2 -std=gnu99 -pedantic -pedantic-errors -Wall -Wextra -Wshadow -Wmissing-prototypes -Wdeclaration-after-statement -Wunused -Wfloat-equal -Wpointer-arith -Wwrite-strings -Wformat-security -Wmissing-format-attribute -fPIC -fstack-protector -D_LARGEFILE64_SOURCE   -o CMakeFiles/ssh_static.dir/server.c.o   -c "/<<PKGBUILDDIR>>/src/server.c"
[ 27%] Building C object src/CMakeFiles/ssh_static.dir/bind.c.o
cd "/<<PKGBUILDDIR>>/build-openssl/src" && /usr/bin/cc  -I"/<<PKGBUILDDIR>>/build-openssl/src" -I"/<<PKGBUILDDIR>>/src" -I"/<<PKGBUILDDIR>>/include" -I"/<<PKGBUILDDIR>>/build-openssl"  -g -O2 -fdebug-prefix-map=/<<PKGBUILDDIR>>=. -fstack-protector-strong -Wformat -Werror=format-security -Wdate-time -D_FORTIFY_SOURCE=2 -std=gnu99 -pedantic -pedantic-errors -Wall -Wextra -Wshadow -Wmissing-prototypes -Wdeclaration-after-statement -Wunused -Wfloat-equal -Wpointer-arith -Wwrite-strings -Wformat-security -Wmissing-format-attribute -fPIC -fstack-protector -D_LARGEFILE64_SOURCE   -o CMakeFiles/ssh_static.dir/bind.c.o   -c "/<<PKGBUILDDIR>>/src/bind.c"
[ 28%] Building C object src/CMakeFiles/ssh_static.dir/gzip.c.o
cd "/<<PKGBUILDDIR>>/build-openssl/src" && /usr/bin/cc  -I"/<<PKGBUILDDIR>>/build-openssl/src" -I"/<<PKGBUILDDIR>>/src" -I"/<<PKGBUILDDIR>>/include" -I"/<<PKGBUILDDIR>>/build-openssl"  -g -O2 -fdebug-prefix-map=/<<PKGBUILDDIR>>=. -fstack-protector-strong -Wformat -Werror=format-security -Wdate-time -D_FORTIFY_SOURCE=2 -std=gnu99 -pedantic -pedantic-errors -Wall -Wextra -Wshadow -Wmissing-prototypes -Wdeclaration-after-statement -Wunused -Wfloat-equal -Wpointer-arith -Wwrite-strings -Wformat-security -Wmissing-format-attribute -fPIC -fstack-protector -D_LARGEFILE64_SOURCE   -o CMakeFiles/ssh_static.dir/gzip.c.o   -c "/<<PKGBUILDDIR>>/src/gzip.c"
[ 29%] Building C object src/CMakeFiles/ssh_static.dir/gssapi.c.o
cd "/<<PKGBUILDDIR>>/build-openssl/src" && /usr/bin/cc  -I"/<<PKGBUILDDIR>>/build-openssl/src" -I"/<<PKGBUILDDIR>>/src" -I"/<<PKGBUILDDIR>>/include" -I"/<<PKGBUILDDIR>>/build-openssl"  -g -O2 -fdebug-prefix-map=/<<PKGBUILDDIR>>=. -fstack-protector-strong -Wformat -Werror=format-security -Wdate-time -D_FORTIFY_SOURCE=2 -std=gnu99 -pedantic -pedantic-errors -Wall -Wextra -Wshadow -Wmissing-prototypes -Wdeclaration-after-statement -Wunused -Wfloat-equal -Wpointer-arith -Wwrite-strings -Wformat-security -Wmissing-format-attribute -fPIC -fstack-protector -D_LARGEFILE64_SOURCE   -o CMakeFiles/ssh_static.dir/gssapi.c.o   -c "/<<PKGBUILDDIR>>/src/gssapi.c"
[ 29%] Building C object src/CMakeFiles/ssh_static.dir/external/curve25519_ref.c.o
cd "/<<PKGBUILDDIR>>/build-openssl/src" && /usr/bin/cc  -I"/<<PKGBUILDDIR>>/build-openssl/src" -I"/<<PKGBUILDDIR>>/src" -I"/<<PKGBUILDDIR>>/include" -I"/<<PKGBUILDDIR>>/build-openssl"  -g -O2 -fdebug-prefix-map=/<<PKGBUILDDIR>>=. -fstack-protector-strong -Wformat -Werror=format-security -Wdate-time -D_FORTIFY_SOURCE=2 -std=gnu99 -pedantic -pedantic-errors -Wall -Wextra -Wshadow -Wmissing-prototypes -Wdeclaration-after-statement -Wunused -Wfloat-equal -Wpointer-arith -Wwrite-strings -Wformat-security -Wmissing-format-attribute -fPIC -fstack-protector -D_LARGEFILE64_SOURCE   -o CMakeFiles/ssh_static.dir/external/curve25519_ref.c.o   -c "/<<PKGBUILDDIR>>/src/external/curve25519_ref.c"
[ 30%] Linking C static library libssh.a
cd "/<<PKGBUILDDIR>>/build-openssl/src" && /usr/bin/cmake -P CMakeFiles/ssh_static.dir/cmake_clean_target.cmake
cd "/<<PKGBUILDDIR>>/build-openssl/src" && /usr/bin/cmake -E cmake_link_script CMakeFiles/ssh_static.dir/link.txt --verbose=1
/usr/bin/ar qc libssh.a  CMakeFiles/ssh_static.dir/agent.c.o CMakeFiles/ssh_static.dir/auth.c.o CMakeFiles/ssh_static.dir/base64.c.o CMakeFiles/ssh_static.dir/bignum.c.o CMakeFiles/ssh_static.dir/buffer.c.o CMakeFiles/ssh_static.dir/callbacks.c.o CMakeFiles/ssh_static.dir/channels.c.o CMakeFiles/ssh_static.dir/client.c.o CMakeFiles/ssh_static.dir/config.c.o CMakeFiles/ssh_static.dir/connect.c.o CMakeFiles/ssh_static.dir/connector.c.o CMakeFiles/ssh_static.dir/curve25519.c.o CMakeFiles/ssh_static.dir/dh.c.o CMakeFiles/ssh_static.dir/ecdh.c.o CMakeFiles/ssh_static.dir/error.c.o CMakeFiles/ssh_static.dir/getpass.c.o CMakeFiles/ssh_static.dir/init.c.o CMakeFiles/ssh_static.dir/kex.c.o CMakeFiles/ssh_static.dir/known_hosts.c.o CMakeFiles/ssh_static.dir/legacy.c.o CMakeFiles/ssh_static.dir/log.c.o CMakeFiles/ssh_static.dir/match.c.o CMakeFiles/ssh_static.dir/messages.c.o CMakeFiles/ssh_static.dir/misc.c.o CMakeFiles/ssh_static.dir/options.c.o CMakeFiles/ssh_static.dir/packet.c.o CMakeFiles/ssh_static.dir/packet_cb.c.o CMakeFiles/ssh_static.dir/packet_crypt.c.o CMakeFiles/ssh_static.dir/pcap.c.o CMakeFiles/ssh_static.dir/pki.c.o CMakeFiles/ssh_static.dir/pki_container_openssh.c.o CMakeFiles/ssh_static.dir/pki_ed25519.c.o CMakeFiles/ssh_static.dir/poll.c.o CMakeFiles/ssh_static.dir/session.c.o CMakeFiles/ssh_static.dir/scp.c.o CMakeFiles/ssh_static.dir/socket.c.o CMakeFiles/ssh_static.dir/string.c.o CMakeFiles/ssh_static.dir/threads.c.o CMakeFiles/ssh_static.dir/wrapper.c.o CMakeFiles/ssh_static.dir/external/bcrypt_pbkdf.c.o CMakeFiles/ssh_static.dir/external/blowfish.c.o CMakeFiles/ssh_static.dir/external/ed25519.c.o CMakeFiles/ssh_static.dir/external/fe25519.c.o CMakeFiles/ssh_static.dir/external/ge25519.c.o CMakeFiles/ssh_static.dir/external/sc25519.c.o CMakeFiles/ssh_static.dir/pki_crypto.c.o CMakeFiles/ssh_static.dir/ecdh_crypto.c.o CMakeFiles/ssh_static.dir/libcrypto.c.o CMakeFiles/ssh_static.dir/sftp.c.o CMakeFiles/ssh_static.dir/sftpserver.c.o CMakeFiles/ssh_static.dir/server.c.o CMakeFiles/ssh_static.dir/bind.c.o CMakeFiles/ssh_static.dir/gzip.c.o CMakeFiles/ssh_static.dir/gssapi.c.o CMakeFiles/ssh_static.dir/external/curve25519_ref.c.o
/usr/bin/ranlib libssh.a
make[4]: Leaving directory '/<<PKGBUILDDIR>>/build-openssl'
[ 30%] Built target ssh_static
make -f src/CMakeFiles/ssh_shared.dir/build.make src/CMakeFiles/ssh_shared.dir/depend
make[4]: Entering directory '/<<PKGBUILDDIR>>/build-openssl'
cd "/<<PKGBUILDDIR>>/build-openssl" && /usr/bin/cmake -E cmake_depends "Unix Makefiles" "/<<PKGBUILDDIR>>" "/<<PKGBUILDDIR>>/src" "/<<PKGBUILDDIR>>/build-openssl" "/<<PKGBUILDDIR>>/build-openssl/src" "/<<PKGBUILDDIR>>/build-openssl/src/CMakeFiles/ssh_shared.dir/DependInfo.cmake" --color=
Scanning dependencies of target ssh_shared
make[4]: Leaving directory '/<<PKGBUILDDIR>>/build-openssl'
make -f src/CMakeFiles/ssh_shared.dir/build.make src/CMakeFiles/ssh_shared.dir/build
make[4]: Entering directory '/<<PKGBUILDDIR>>/build-openssl'
[ 30%] Building C object src/CMakeFiles/ssh_shared.dir/agent.c.o
cd "/<<PKGBUILDDIR>>/build-openssl/src" && /usr/bin/cc -DLIBSSH_EXPORTS -I"/<<PKGBUILDDIR>>/build-openssl/src" -I"/<<PKGBUILDDIR>>/src" -I"/<<PKGBUILDDIR>>/include" -I"/<<PKGBUILDDIR>>/build-openssl"  -g -O2 -fdebug-prefix-map=/<<PKGBUILDDIR>>=. -fstack-protector-strong -Wformat -Werror=format-security -Wdate-time -D_FORTIFY_SOURCE=2 -std=gnu99 -pedantic -pedantic-errors -Wall -Wextra -Wshadow -Wmissing-prototypes -Wdeclaration-after-statement -Wunused -Wfloat-equal -Wpointer-arith -Wwrite-strings -Wformat-security -Wmissing-format-attribute -fPIC -fstack-protector -D_LARGEFILE64_SOURCE -fPIC   -o CMakeFiles/ssh_shared.dir/agent.c.o   -c "/<<PKGBUILDDIR>>/src/agent.c"
[ 31%] Building C object src/CMakeFiles/ssh_shared.dir/auth.c.o
cd "/<<PKGBUILDDIR>>/build-openssl/src" && /usr/bin/cc -DLIBSSH_EXPORTS -I"/<<PKGBUILDDIR>>/build-openssl/src" -I"/<<PKGBUILDDIR>>/src" -I"/<<PKGBUILDDIR>>/include" -I"/<<PKGBUILDDIR>>/build-openssl"  -g -O2 -fdebug-prefix-map=/<<PKGBUILDDIR>>=. -fstack-protector-strong -Wformat -Werror=format-security -Wdate-time -D_FORTIFY_SOURCE=2 -std=gnu99 -pedantic -pedantic-errors -Wall -Wextra -Wshadow -Wmissing-prototypes -Wdeclaration-after-statement -Wunused -Wfloat-equal -Wpointer-arith -Wwrite-strings -Wformat-security -Wmissing-format-attribute -fPIC -fstack-protector -D_LARGEFILE64_SOURCE -fPIC   -o CMakeFiles/ssh_shared.dir/auth.c.o   -c "/<<PKGBUILDDIR>>/src/auth.c"
[ 31%] Building C object src/CMakeFiles/ssh_shared.dir/base64.c.o
cd "/<<PKGBUILDDIR>>/build-openssl/src" && /usr/bin/cc -DLIBSSH_EXPORTS -I"/<<PKGBUILDDIR>>/build-openssl/src" -I"/<<PKGBUILDDIR>>/src" -I"/<<PKGBUILDDIR>>/include" -I"/<<PKGBUILDDIR>>/build-openssl"  -g -O2 -fdebug-prefix-map=/<<PKGBUILDDIR>>=. -fstack-protector-strong -Wformat -Werror=format-security -Wdate-time -D_FORTIFY_SOURCE=2 -std=gnu99 -pedantic -pedantic-errors -Wall -Wextra -Wshadow -Wmissing-prototypes -Wdeclaration-after-statement -Wunused -Wfloat-equal -Wpointer-arith -Wwrite-strings -Wformat-security -Wmissing-format-attribute -fPIC -fstack-protector -D_LARGEFILE64_SOURCE -fPIC   -o CMakeFiles/ssh_shared.dir/base64.c.o   -c "/<<PKGBUILDDIR>>/src/base64.c"
[ 32%] Building C object src/CMakeFiles/ssh_shared.dir/bignum.c.o
cd "/<<PKGBUILDDIR>>/build-openssl/src" && /usr/bin/cc -DLIBSSH_EXPORTS -I"/<<PKGBUILDDIR>>/build-openssl/src" -I"/<<PKGBUILDDIR>>/src" -I"/<<PKGBUILDDIR>>/include" -I"/<<PKGBUILDDIR>>/build-openssl"  -g -O2 -fdebug-prefix-map=/<<PKGBUILDDIR>>=. -fstack-protector-strong -Wformat -Werror=format-security -Wdate-time -D_FORTIFY_SOURCE=2 -std=gnu99 -pedantic -pedantic-errors -Wall -Wextra -Wshadow -Wmissing-prototypes -Wdeclaration-after-statement -Wunused -Wfloat-equal -Wpointer-arith -Wwrite-strings -Wformat-security -Wmissing-format-attribute -fPIC -fstack-protector -D_LARGEFILE64_SOURCE -fPIC   -o CMakeFiles/ssh_shared.dir/bignum.c.o   -c "/<<PKGBUILDDIR>>/src/bignum.c"
[ 33%] Building C object src/CMakeFiles/ssh_shared.dir/buffer.c.o
cd "/<<PKGBUILDDIR>>/build-openssl/src" && /usr/bin/cc -DLIBSSH_EXPORTS -I"/<<PKGBUILDDIR>>/build-openssl/src" -I"/<<PKGBUILDDIR>>/src" -I"/<<PKGBUILDDIR>>/include" -I"/<<PKGBUILDDIR>>/build-openssl"  -g -O2 -fdebug-prefix-map=/<<PKGBUILDDIR>>=. -fstack-protector-strong -Wformat -Werror=format-security -Wdate-time -D_FORTIFY_SOURCE=2 -std=gnu99 -pedantic -pedantic-errors -Wall -Wextra -Wshadow -Wmissing-prototypes -Wdeclaration-after-statement -Wunused -Wfloat-equal -Wpointer-arith -Wwrite-strings -Wformat-security -Wmissing-format-attribute -fPIC -fstack-protector -D_LARGEFILE64_SOURCE -fPIC   -o CMakeFiles/ssh_shared.dir/buffer.c.o   -c "/<<PKGBUILDDIR>>/src/buffer.c"
[ 33%] Building C object src/CMakeFiles/ssh_shared.dir/callbacks.c.o
cd "/<<PKGBUILDDIR>>/build-openssl/src" && /usr/bin/cc -DLIBSSH_EXPORTS -I"/<<PKGBUILDDIR>>/build-openssl/src" -I"/<<PKGBUILDDIR>>/src" -I"/<<PKGBUILDDIR>>/include" -I"/<<PKGBUILDDIR>>/build-openssl"  -g -O2 -fdebug-prefix-map=/<<PKGBUILDDIR>>=. -fstack-protector-strong -Wformat -Werror=format-security -Wdate-time -D_FORTIFY_SOURCE=2 -std=gnu99 -pedantic -pedantic-errors -Wall -Wextra -Wshadow -Wmissing-prototypes -Wdeclaration-after-statement -Wunused -Wfloat-equal -Wpointer-arith -Wwrite-strings -Wformat-security -Wmissing-format-attribute -fPIC -fstack-protector -D_LARGEFILE64_SOURCE -fPIC   -o CMakeFiles/ssh_shared.dir/callbacks.c.o   -c "/<<PKGBUILDDIR>>/src/callbacks.c"
[ 34%] Building C object src/CMakeFiles/ssh_shared.dir/channels.c.o
cd "/<<PKGBUILDDIR>>/build-openssl/src" && /usr/bin/cc -DLIBSSH_EXPORTS -I"/<<PKGBUILDDIR>>/build-openssl/src" -I"/<<PKGBUILDDIR>>/src" -I"/<<PKGBUILDDIR>>/include" -I"/<<PKGBUILDDIR>>/build-openssl"  -g -O2 -fdebug-prefix-map=/<<PKGBUILDDIR>>=. -fstack-protector-strong -Wformat -Werror=format-security -Wdate-time -D_FORTIFY_SOURCE=2 -std=gnu99 -pedantic -pedantic-errors -Wall -Wextra -Wshadow -Wmissing-prototypes -Wdeclaration-after-statement -Wunused -Wfloat-equal -Wpointer-arith -Wwrite-strings -Wformat-security -Wmissing-format-attribute -fPIC -fstack-protector -D_LARGEFILE64_SOURCE -fPIC   -o CMakeFiles/ssh_shared.dir/channels.c.o   -c "/<<PKGBUILDDIR>>/src/channels.c"
[ 34%] Building C object src/CMakeFiles/ssh_shared.dir/client.c.o
cd "/<<PKGBUILDDIR>>/build-openssl/src" && /usr/bin/cc -DLIBSSH_EXPORTS -I"/<<PKGBUILDDIR>>/build-openssl/src" -I"/<<PKGBUILDDIR>>/src" -I"/<<PKGBUILDDIR>>/include" -I"/<<PKGBUILDDIR>>/build-openssl"  -g -O2 -fdebug-prefix-map=/<<PKGBUILDDIR>>=. -fstack-protector-strong -Wformat -Werror=format-security -Wdate-time -D_FORTIFY_SOURCE=2 -std=gnu99 -pedantic -pedantic-errors -Wall -Wextra -Wshadow -Wmissing-prototypes -Wdeclaration-after-statement -Wunused -Wfloat-equal -Wpointer-arith -Wwrite-strings -Wformat-security -Wmissing-format-attribute -fPIC -fstack-protector -D_LARGEFILE64_SOURCE -fPIC   -o CMakeFiles/ssh_shared.dir/client.c.o   -c "/<<PKGBUILDDIR>>/src/client.c"
[ 35%] Building C object src/CMakeFiles/ssh_shared.dir/config.c.o
cd "/<<PKGBUILDDIR>>/build-openssl/src" && /usr/bin/cc -DLIBSSH_EXPORTS -I"/<<PKGBUILDDIR>>/build-openssl/src" -I"/<<PKGBUILDDIR>>/src" -I"/<<PKGBUILDDIR>>/include" -I"/<<PKGBUILDDIR>>/build-openssl"  -g -O2 -fdebug-prefix-map=/<<PKGBUILDDIR>>=. -fstack-protector-strong -Wformat -Werror=format-security -Wdate-time -D_FORTIFY_SOURCE=2 -std=gnu99 -pedantic -pedantic-errors -Wall -Wextra -Wshadow -Wmissing-prototypes -Wdeclaration-after-statement -Wunused -Wfloat-equal -Wpointer-arith -Wwrite-strings -Wformat-security -Wmissing-format-attribute -fPIC -fstack-protector -D_LARGEFILE64_SOURCE -fPIC   -o CMakeFiles/ssh_shared.dir/config.c.o   -c "/<<PKGBUILDDIR>>/src/config.c"
[ 35%] Building C object src/CMakeFiles/ssh_shared.dir/connect.c.o
cd "/<<PKGBUILDDIR>>/build-openssl/src" && /usr/bin/cc -DLIBSSH_EXPORTS -I"/<<PKGBUILDDIR>>/build-openssl/src" -I"/<<PKGBUILDDIR>>/src" -I"/<<PKGBUILDDIR>>/include" -I"/<<PKGBUILDDIR>>/build-openssl"  -g -O2 -fdebug-prefix-map=/<<PKGBUILDDIR>>=. -fstack-protector-strong -Wformat -Werror=format-security -Wdate-time -D_FORTIFY_SOURCE=2 -std=gnu99 -pedantic -pedantic-errors -Wall -Wextra -Wshadow -Wmissing-prototypes -Wdeclaration-after-statement -Wunused -Wfloat-equal -Wpointer-arith -Wwrite-strings -Wformat-security -Wmissing-format-attribute -fPIC -fstack-protector -D_LARGEFILE64_SOURCE -fPIC   -o CMakeFiles/ssh_shared.dir/connect.c.o   -c "/<<PKGBUILDDIR>>/src/connect.c"
[ 36%] Building C object src/CMakeFiles/ssh_shared.dir/connector.c.o
cd "/<<PKGBUILDDIR>>/build-openssl/src" && /usr/bin/cc -DLIBSSH_EXPORTS -I"/<<PKGBUILDDIR>>/build-openssl/src" -I"/<<PKGBUILDDIR>>/src" -I"/<<PKGBUILDDIR>>/include" -I"/<<PKGBUILDDIR>>/build-openssl"  -g -O2 -fdebug-prefix-map=/<<PKGBUILDDIR>>=. -fstack-protector-strong -Wformat -Werror=format-security -Wdate-time -D_FORTIFY_SOURCE=2 -std=gnu99 -pedantic -pedantic-errors -Wall -Wextra -Wshadow -Wmissing-prototypes -Wdeclaration-after-statement -Wunused -Wfloat-equal -Wpointer-arith -Wwrite-strings -Wformat-security -Wmissing-format-attribute -fPIC -fstack-protector -D_LARGEFILE64_SOURCE -fPIC   -o CMakeFiles/ssh_shared.dir/connector.c.o   -c "/<<PKGBUILDDIR>>/src/connector.c"
[ 36%] Building C object src/CMakeFiles/ssh_shared.dir/curve25519.c.o
cd "/<<PKGBUILDDIR>>/build-openssl/src" && /usr/bin/cc -DLIBSSH_EXPORTS -I"/<<PKGBUILDDIR>>/build-openssl/src" -I"/<<PKGBUILDDIR>>/src" -I"/<<PKGBUILDDIR>>/include" -I"/<<PKGBUILDDIR>>/build-openssl"  -g -O2 -fdebug-prefix-map=/<<PKGBUILDDIR>>=. -fstack-protector-strong -Wformat -Werror=format-security -Wdate-time -D_FORTIFY_SOURCE=2 -std=gnu99 -pedantic -pedantic-errors -Wall -Wextra -Wshadow -Wmissing-prototypes -Wdeclaration-after-statement -Wunused -Wfloat-equal -Wpointer-arith -Wwrite-strings -Wformat-security -Wmissing-format-attribute -fPIC -fstack-protector -D_LARGEFILE64_SOURCE -fPIC   -o CMakeFiles/ssh_shared.dir/curve25519.c.o   -c "/<<PKGBUILDDIR>>/src/curve25519.c"
[ 37%] Building C object src/CMakeFiles/ssh_shared.dir/dh.c.o
cd "/<<PKGBUILDDIR>>/build-openssl/src" && /usr/bin/cc -DLIBSSH_EXPORTS -I"/<<PKGBUILDDIR>>/build-openssl/src" -I"/<<PKGBUILDDIR>>/src" -I"/<<PKGBUILDDIR>>/include" -I"/<<PKGBUILDDIR>>/build-openssl"  -g -O2 -fdebug-prefix-map=/<<PKGBUILDDIR>>=. -fstack-protector-strong -Wformat -Werror=format-security -Wdate-time -D_FORTIFY_SOURCE=2 -std=gnu99 -pedantic -pedantic-errors -Wall -Wextra -Wshadow -Wmissing-prototypes -Wdeclaration-after-statement -Wunused -Wfloat-equal -Wpointer-arith -Wwrite-strings -Wformat-security -Wmissing-format-attribute -fPIC -fstack-protector -D_LARGEFILE64_SOURCE -fPIC   -o CMakeFiles/ssh_shared.dir/dh.c.o   -c "/<<PKGBUILDDIR>>/src/dh.c"
/<<PKGBUILDDIR>>/src/dh.c:137:12: warning: 'RAND_pseudo_bytes' is deprecated [-Wdeprecated-declarations]
    return RAND_pseudo_bytes(where,len);
           ^
/usr/include/openssl/rand.h:47:1: note: 'RAND_pseudo_bytes' has been explicitly marked deprecated here
DEPRECATEDIN_1_1_0(int RAND_pseudo_bytes(unsigned char *buf, int num))
^
/usr/include/x86_64-linux-gnu/openssl/opensslconf.h:124:34: note: expanded from macro 'DEPRECATEDIN_1_1_0'
# define DEPRECATEDIN_1_1_0(f)   DECLARE_DEPRECATED(f)
                                 ^
/usr/include/x86_64-linux-gnu/openssl/opensslconf.h:99:53: note: expanded from macro 'DECLARE_DEPRECATED'
# define DECLARE_DEPRECATED(f)    f __attribute__ ((deprecated));
                                                    ^
1 warning generated.
[ 37%] Building C object src/CMakeFiles/ssh_shared.dir/ecdh.c.o
cd "/<<PKGBUILDDIR>>/build-openssl/src" && /usr/bin/cc -DLIBSSH_EXPORTS -I"/<<PKGBUILDDIR>>/build-openssl/src" -I"/<<PKGBUILDDIR>>/src" -I"/<<PKGBUILDDIR>>/include" -I"/<<PKGBUILDDIR>>/build-openssl"  -g -O2 -fdebug-prefix-map=/<<PKGBUILDDIR>>=. -fstack-protector-strong -Wformat -Werror=format-security -Wdate-time -D_FORTIFY_SOURCE=2 -std=gnu99 -pedantic -pedantic-errors -Wall -Wextra -Wshadow -Wmissing-prototypes -Wdeclaration-after-statement -Wunused -Wfloat-equal -Wpointer-arith -Wwrite-strings -Wformat-security -Wmissing-format-attribute -fPIC -fstack-protector -D_LARGEFILE64_SOURCE -fPIC   -o CMakeFiles/ssh_shared.dir/ecdh.c.o   -c "/<<PKGBUILDDIR>>/src/ecdh.c"
[ 38%] Building C object src/CMakeFiles/ssh_shared.dir/error.c.o
cd "/<<PKGBUILDDIR>>/build-openssl/src" && /usr/bin/cc -DLIBSSH_EXPORTS -I"/<<PKGBUILDDIR>>/build-openssl/src" -I"/<<PKGBUILDDIR>>/src" -I"/<<PKGBUILDDIR>>/include" -I"/<<PKGBUILDDIR>>/build-openssl"  -g -O2 -fdebug-prefix-map=/<<PKGBUILDDIR>>=. -fstack-protector-strong -Wformat -Werror=format-security -Wdate-time -D_FORTIFY_SOURCE=2 -std=gnu99 -pedantic -pedantic-errors -Wall -Wextra -Wshadow -Wmissing-prototypes -Wdeclaration-after-statement -Wunused -Wfloat-equal -Wpointer-arith -Wwrite-strings -Wformat-security -Wmissing-format-attribute -fPIC -fstack-protector -D_LARGEFILE64_SOURCE -fPIC   -o CMakeFiles/ssh_shared.dir/error.c.o   -c "/<<PKGBUILDDIR>>/src/error.c"
[ 38%] Building C object src/CMakeFiles/ssh_shared.dir/getpass.c.o
cd "/<<PKGBUILDDIR>>/build-openssl/src" && /usr/bin/cc -DLIBSSH_EXPORTS -I"/<<PKGBUILDDIR>>/build-openssl/src" -I"/<<PKGBUILDDIR>>/src" -I"/<<PKGBUILDDIR>>/include" -I"/<<PKGBUILDDIR>>/build-openssl"  -g -O2 -fdebug-prefix-map=/<<PKGBUILDDIR>>=. -fstack-protector-strong -Wformat -Werror=format-security -Wdate-time -D_FORTIFY_SOURCE=2 -std=gnu99 -pedantic -pedantic-errors -Wall -Wextra -Wshadow -Wmissing-prototypes -Wdeclaration-after-statement -Wunused -Wfloat-equal -Wpointer-arith -Wwrite-strings -Wformat-security -Wmissing-format-attribute -fPIC -fstack-protector -D_LARGEFILE64_SOURCE -fPIC   -o CMakeFiles/ssh_shared.dir/getpass.c.o   -c "/<<PKGBUILDDIR>>/src/getpass.c"
[ 39%] Building C object src/CMakeFiles/ssh_shared.dir/init.c.o
cd "/<<PKGBUILDDIR>>/build-openssl/src" && /usr/bin/cc -DLIBSSH_EXPORTS -I"/<<PKGBUILDDIR>>/build-openssl/src" -I"/<<PKGBUILDDIR>>/src" -I"/<<PKGBUILDDIR>>/include" -I"/<<PKGBUILDDIR>>/build-openssl"  -g -O2 -fdebug-prefix-map=/<<PKGBUILDDIR>>=. -fstack-protector-strong -Wformat -Werror=format-security -Wdate-time -D_FORTIFY_SOURCE=2 -std=gnu99 -pedantic -pedantic-errors -Wall -Wextra -Wshadow -Wmissing-prototypes -Wdeclaration-after-statement -Wunused -Wfloat-equal -Wpointer-arith -Wwrite-strings -Wformat-security -Wmissing-format-attribute -fPIC -fstack-protector -D_LARGEFILE64_SOURCE -fPIC   -o CMakeFiles/ssh_shared.dir/init.c.o   -c "/<<PKGBUILDDIR>>/src/init.c"
[ 39%] Building C object src/CMakeFiles/ssh_shared.dir/kex.c.o
cd "/<<PKGBUILDDIR>>/build-openssl/src" && /usr/bin/cc -DLIBSSH_EXPORTS -I"/<<PKGBUILDDIR>>/build-openssl/src" -I"/<<PKGBUILDDIR>>/src" -I"/<<PKGBUILDDIR>>/include" -I"/<<PKGBUILDDIR>>/build-openssl"  -g -O2 -fdebug-prefix-map=/<<PKGBUILDDIR>>=. -fstack-protector-strong -Wformat -Werror=format-security -Wdate-time -D_FORTIFY_SOURCE=2 -std=gnu99 -pedantic -pedantic-errors -Wall -Wextra -Wshadow -Wmissing-prototypes -Wdeclaration-after-statement -Wunused -Wfloat-equal -Wpointer-arith -Wwrite-strings -Wformat-security -Wmissing-format-attribute -fPIC -fstack-protector -D_LARGEFILE64_SOURCE -fPIC   -o CMakeFiles/ssh_shared.dir/kex.c.o   -c "/<<PKGBUILDDIR>>/src/kex.c"
[ 40%] Building C object src/CMakeFiles/ssh_shared.dir/known_hosts.c.o
cd "/<<PKGBUILDDIR>>/build-openssl/src" && /usr/bin/cc -DLIBSSH_EXPORTS -I"/<<PKGBUILDDIR>>/build-openssl/src" -I"/<<PKGBUILDDIR>>/src" -I"/<<PKGBUILDDIR>>/include" -I"/<<PKGBUILDDIR>>/build-openssl"  -g -O2 -fdebug-prefix-map=/<<PKGBUILDDIR>>=. -fstack-protector-strong -Wformat -Werror=format-security -Wdate-time -D_FORTIFY_SOURCE=2 -std=gnu99 -pedantic -pedantic-errors -Wall -Wextra -Wshadow -Wmissing-prototypes -Wdeclaration-after-statement -Wunused -Wfloat-equal -Wpointer-arith -Wwrite-strings -Wformat-security -Wmissing-format-attribute -fPIC -fstack-protector -D_LARGEFILE64_SOURCE -fPIC   -o CMakeFiles/ssh_shared.dir/known_hosts.c.o   -c "/<<PKGBUILDDIR>>/src/known_hosts.c"
[ 40%] Building C object src/CMakeFiles/ssh_shared.dir/legacy.c.o
cd "/<<PKGBUILDDIR>>/build-openssl/src" && /usr/bin/cc -DLIBSSH_EXPORTS -I"/<<PKGBUILDDIR>>/build-openssl/src" -I"/<<PKGBUILDDIR>>/src" -I"/<<PKGBUILDDIR>>/include" -I"/<<PKGBUILDDIR>>/build-openssl"  -g -O2 -fdebug-prefix-map=/<<PKGBUILDDIR>>=. -fstack-protector-strong -Wformat -Werror=format-security -Wdate-time -D_FORTIFY_SOURCE=2 -std=gnu99 -pedantic -pedantic-errors -Wall -Wextra -Wshadow -Wmissing-prototypes -Wdeclaration-after-statement -Wunused -Wfloat-equal -Wpointer-arith -Wwrite-strings -Wformat-security -Wmissing-format-attribute -fPIC -fstack-protector -D_LARGEFILE64_SOURCE -fPIC   -o CMakeFiles/ssh_shared.dir/legacy.c.o   -c "/<<PKGBUILDDIR>>/src/legacy.c"
[ 41%] Building C object src/CMakeFiles/ssh_shared.dir/log.c.o
cd "/<<PKGBUILDDIR>>/build-openssl/src" && /usr/bin/cc -DLIBSSH_EXPORTS -I"/<<PKGBUILDDIR>>/build-openssl/src" -I"/<<PKGBUILDDIR>>/src" -I"/<<PKGBUILDDIR>>/include" -I"/<<PKGBUILDDIR>>/build-openssl"  -g -O2 -fdebug-prefix-map=/<<PKGBUILDDIR>>=. -fstack-protector-strong -Wformat -Werror=format-security -Wdate-time -D_FORTIFY_SOURCE=2 -std=gnu99 -pedantic -pedantic-errors -Wall -Wextra -Wshadow -Wmissing-prototypes -Wdeclaration-after-statement -Wunused -Wfloat-equal -Wpointer-arith -Wwrite-strings -Wformat-security -Wmissing-format-attribute -fPIC -fstack-protector -D_LARGEFILE64_SOURCE -fPIC   -o CMakeFiles/ssh_shared.dir/log.c.o   -c "/<<PKGBUILDDIR>>/src/log.c"
[ 41%] Building C object src/CMakeFiles/ssh_shared.dir/match.c.o
cd "/<<PKGBUILDDIR>>/build-openssl/src" && /usr/bin/cc -DLIBSSH_EXPORTS -I"/<<PKGBUILDDIR>>/build-openssl/src" -I"/<<PKGBUILDDIR>>/src" -I"/<<PKGBUILDDIR>>/include" -I"/<<PKGBUILDDIR>>/build-openssl"  -g -O2 -fdebug-prefix-map=/<<PKGBUILDDIR>>=. -fstack-protector-strong -Wformat -Werror=format-security -Wdate-time -D_FORTIFY_SOURCE=2 -std=gnu99 -pedantic -pedantic-errors -Wall -Wextra -Wshadow -Wmissing-prototypes -Wdeclaration-after-statement -Wunused -Wfloat-equal -Wpointer-arith -Wwrite-strings -Wformat-security -Wmissing-format-attribute -fPIC -fstack-protector -D_LARGEFILE64_SOURCE -fPIC   -o CMakeFiles/ssh_shared.dir/match.c.o   -c "/<<PKGBUILDDIR>>/src/match.c"
[ 42%] Building C object src/CMakeFiles/ssh_shared.dir/messages.c.o
cd "/<<PKGBUILDDIR>>/build-openssl/src" && /usr/bin/cc -DLIBSSH_EXPORTS -I"/<<PKGBUILDDIR>>/build-openssl/src" -I"/<<PKGBUILDDIR>>/src" -I"/<<PKGBUILDDIR>>/include" -I"/<<PKGBUILDDIR>>/build-openssl"  -g -O2 -fdebug-prefix-map=/<<PKGBUILDDIR>>=. -fstack-protector-strong -Wformat -Werror=format-security -Wdate-time -D_FORTIFY_SOURCE=2 -std=gnu99 -pedantic -pedantic-errors -Wall -Wextra -Wshadow -Wmissing-prototypes -Wdeclaration-after-statement -Wunused -Wfloat-equal -Wpointer-arith -Wwrite-strings -Wformat-security -Wmissing-format-attribute -fPIC -fstack-protector -D_LARGEFILE64_SOURCE -fPIC   -o CMakeFiles/ssh_shared.dir/messages.c.o   -c "/<<PKGBUILDDIR>>/src/messages.c"
[ 42%] Building C object src/CMakeFiles/ssh_shared.dir/misc.c.o
cd "/<<PKGBUILDDIR>>/build-openssl/src" && /usr/bin/cc -DLIBSSH_EXPORTS -I"/<<PKGBUILDDIR>>/build-openssl/src" -I"/<<PKGBUILDDIR>>/src" -I"/<<PKGBUILDDIR>>/include" -I"/<<PKGBUILDDIR>>/build-openssl"  -g -O2 -fdebug-prefix-map=/<<PKGBUILDDIR>>=. -fstack-protector-strong -Wformat -Werror=format-security -Wdate-time -D_FORTIFY_SOURCE=2 -std=gnu99 -pedantic -pedantic-errors -Wall -Wextra -Wshadow -Wmissing-prototypes -Wdeclaration-after-statement -Wunused -Wfloat-equal -Wpointer-arith -Wwrite-strings -Wformat-security -Wmissing-format-attribute -fPIC -fstack-protector -D_LARGEFILE64_SOURCE -fPIC   -o CMakeFiles/ssh_shared.dir/misc.c.o   -c "/<<PKGBUILDDIR>>/src/misc.c"
[ 43%] Building C object src/CMakeFiles/ssh_shared.dir/options.c.o
cd "/<<PKGBUILDDIR>>/build-openssl/src" && /usr/bin/cc -DLIBSSH_EXPORTS -I"/<<PKGBUILDDIR>>/build-openssl/src" -I"/<<PKGBUILDDIR>>/src" -I"/<<PKGBUILDDIR>>/include" -I"/<<PKGBUILDDIR>>/build-openssl"  -g -O2 -fdebug-prefix-map=/<<PKGBUILDDIR>>=. -fstack-protector-strong -Wformat -Werror=format-security -Wdate-time -D_FORTIFY_SOURCE=2 -std=gnu99 -pedantic -pedantic-errors -Wall -Wextra -Wshadow -Wmissing-prototypes -Wdeclaration-after-statement -Wunused -Wfloat-equal -Wpointer-arith -Wwrite-strings -Wformat-security -Wmissing-format-attribute -fPIC -fstack-protector -D_LARGEFILE64_SOURCE -fPIC   -o CMakeFiles/ssh_shared.dir/options.c.o   -c "/<<PKGBUILDDIR>>/src/options.c"
[ 44%] Building C object src/CMakeFiles/ssh_shared.dir/packet.c.o
cd "/<<PKGBUILDDIR>>/build-openssl/src" && /usr/bin/cc -DLIBSSH_EXPORTS -I"/<<PKGBUILDDIR>>/build-openssl/src" -I"/<<PKGBUILDDIR>>/src" -I"/<<PKGBUILDDIR>>/include" -I"/<<PKGBUILDDIR>>/build-openssl"  -g -O2 -fdebug-prefix-map=/<<PKGBUILDDIR>>=. -fstack-protector-strong -Wformat -Werror=format-security -Wdate-time -D_FORTIFY_SOURCE=2 -std=gnu99 -pedantic -pedantic-errors -Wall -Wextra -Wshadow -Wmissing-prototypes -Wdeclaration-after-statement -Wunused -Wfloat-equal -Wpointer-arith -Wwrite-strings -Wformat-security -Wmissing-format-attribute -fPIC -fstack-protector -D_LARGEFILE64_SOURCE -fPIC   -o CMakeFiles/ssh_shared.dir/packet.c.o   -c "/<<PKGBUILDDIR>>/src/packet.c"
[ 44%] Building C object src/CMakeFiles/ssh_shared.dir/packet_cb.c.o
cd "/<<PKGBUILDDIR>>/build-openssl/src" && /usr/bin/cc -DLIBSSH_EXPORTS -I"/<<PKGBUILDDIR>>/build-openssl/src" -I"/<<PKGBUILDDIR>>/src" -I"/<<PKGBUILDDIR>>/include" -I"/<<PKGBUILDDIR>>/build-openssl"  -g -O2 -fdebug-prefix-map=/<<PKGBUILDDIR>>=. -fstack-protector-strong -Wformat -Werror=format-security -Wdate-time -D_FORTIFY_SOURCE=2 -std=gnu99 -pedantic -pedantic-errors -Wall -Wextra -Wshadow -Wmissing-prototypes -Wdeclaration-after-statement -Wunused -Wfloat-equal -Wpointer-arith -Wwrite-strings -Wformat-security -Wmissing-format-attribute -fPIC -fstack-protector -D_LARGEFILE64_SOURCE -fPIC   -o CMakeFiles/ssh_shared.dir/packet_cb.c.o   -c "/<<PKGBUILDDIR>>/src/packet_cb.c"
[ 45%] Building C object src/CMakeFiles/ssh_shared.dir/packet_crypt.c.o
cd "/<<PKGBUILDDIR>>/build-openssl/src" && /usr/bin/cc -DLIBSSH_EXPORTS -I"/<<PKGBUILDDIR>>/build-openssl/src" -I"/<<PKGBUILDDIR>>/src" -I"/<<PKGBUILDDIR>>/include" -I"/<<PKGBUILDDIR>>/build-openssl"  -g -O2 -fdebug-prefix-map=/<<PKGBUILDDIR>>=. -fstack-protector-strong -Wformat -Werror=format-security -Wdate-time -D_FORTIFY_SOURCE=2 -std=gnu99 -pedantic -pedantic-errors -Wall -Wextra -Wshadow -Wmissing-prototypes -Wdeclaration-after-statement -Wunused -Wfloat-equal -Wpointer-arith -Wwrite-strings -Wformat-security -Wmissing-format-attribute -fPIC -fstack-protector -D_LARGEFILE64_SOURCE -fPIC   -o CMakeFiles/ssh_shared.dir/packet_crypt.c.o   -c "/<<PKGBUILDDIR>>/src/packet_crypt.c"
[ 45%] Building C object src/CMakeFiles/ssh_shared.dir/pcap.c.o
cd "/<<PKGBUILDDIR>>/build-openssl/src" && /usr/bin/cc -DLIBSSH_EXPORTS -I"/<<PKGBUILDDIR>>/build-openssl/src" -I"/<<PKGBUILDDIR>>/src" -I"/<<PKGBUILDDIR>>/include" -I"/<<PKGBUILDDIR>>/build-openssl"  -g -O2 -fdebug-prefix-map=/<<PKGBUILDDIR>>=. -fstack-protector-strong -Wformat -Werror=format-security -Wdate-time -D_FORTIFY_SOURCE=2 -std=gnu99 -pedantic -pedantic-errors -Wall -Wextra -Wshadow -Wmissing-prototypes -Wdeclaration-after-statement -Wunused -Wfloat-equal -Wpointer-arith -Wwrite-strings -Wformat-security -Wmissing-format-attribute -fPIC -fstack-protector -D_LARGEFILE64_SOURCE -fPIC   -o CMakeFiles/ssh_shared.dir/pcap.c.o   -c "/<<PKGBUILDDIR>>/src/pcap.c"
[ 46%] Building C object src/CMakeFiles/ssh_shared.dir/pki.c.o
cd "/<<PKGBUILDDIR>>/build-openssl/src" && /usr/bin/cc -DLIBSSH_EXPORTS -I"/<<PKGBUILDDIR>>/build-openssl/src" -I"/<<PKGBUILDDIR>>/src" -I"/<<PKGBUILDDIR>>/include" -I"/<<PKGBUILDDIR>>/build-openssl"  -g -O2 -fdebug-prefix-map=/<<PKGBUILDDIR>>=. -fstack-protector-strong -Wformat -Werror=format-security -Wdate-time -D_FORTIFY_SOURCE=2 -std=gnu99 -pedantic -pedantic-errors -Wall -Wextra -Wshadow -Wmissing-prototypes -Wdeclaration-after-statement -Wunused -Wfloat-equal -Wpointer-arith -Wwrite-strings -Wformat-security -Wmissing-format-attribute -fPIC -fstack-protector -D_LARGEFILE64_SOURCE -fPIC   -o CMakeFiles/ssh_shared.dir/pki.c.o   -c "/<<PKGBUILDDIR>>/src/pki.c"
[ 46%] Building C object src/CMakeFiles/ssh_shared.dir/pki_container_openssh.c.o
cd "/<<PKGBUILDDIR>>/build-openssl/src" && /usr/bin/cc -DLIBSSH_EXPORTS -I"/<<PKGBUILDDIR>>/build-openssl/src" -I"/<<PKGBUILDDIR>>/src" -I"/<<PKGBUILDDIR>>/include" -I"/<<PKGBUILDDIR>>/build-openssl"  -g -O2 -fdebug-prefix-map=/<<PKGBUILDDIR>>=. -fstack-protector-strong -Wformat -Werror=format-security -Wdate-time -D_FORTIFY_SOURCE=2 -std=gnu99 -pedantic -pedantic-errors -Wall -Wextra -Wshadow -Wmissing-prototypes -Wdeclaration-after-statement -Wunused -Wfloat-equal -Wpointer-arith -Wwrite-strings -Wformat-security -Wmissing-format-attribute -fPIC -fstack-protector -D_LARGEFILE64_SOURCE -fPIC   -o CMakeFiles/ssh_shared.dir/pki_container_openssh.c.o   -c "/<<PKGBUILDDIR>>/src/pki_container_openssh.c"
[ 47%] Building C object src/CMakeFiles/ssh_shared.dir/pki_ed25519.c.o
cd "/<<PKGBUILDDIR>>/build-openssl/src" && /usr/bin/cc -DLIBSSH_EXPORTS -I"/<<PKGBUILDDIR>>/build-openssl/src" -I"/<<PKGBUILDDIR>>/src" -I"/<<PKGBUILDDIR>>/include" -I"/<<PKGBUILDDIR>>/build-openssl"  -g -O2 -fdebug-prefix-map=/<<PKGBUILDDIR>>=. -fstack-protector-strong -Wformat -Werror=format-security -Wdate-time -D_FORTIFY_SOURCE=2 -std=gnu99 -pedantic -pedantic-errors -Wall -Wextra -Wshadow -Wmissing-prototypes -Wdeclaration-after-statement -Wunused -Wfloat-equal -Wpointer-arith -Wwrite-strings -Wformat-security -Wmissing-format-attribute -fPIC -fstack-protector -D_LARGEFILE64_SOURCE -fPIC   -o CMakeFiles/ssh_shared.dir/pki_ed25519.c.o   -c "/<<PKGBUILDDIR>>/src/pki_ed25519.c"
[ 47%] Building C object src/CMakeFiles/ssh_shared.dir/poll.c.o
cd "/<<PKGBUILDDIR>>/build-openssl/src" && /usr/bin/cc -DLIBSSH_EXPORTS -I"/<<PKGBUILDDIR>>/build-openssl/src" -I"/<<PKGBUILDDIR>>/src" -I"/<<PKGBUILDDIR>>/include" -I"/<<PKGBUILDDIR>>/build-openssl"  -g -O2 -fdebug-prefix-map=/<<PKGBUILDDIR>>=. -fstack-protector-strong -Wformat -Werror=format-security -Wdate-time -D_FORTIFY_SOURCE=2 -std=gnu99 -pedantic -pedantic-errors -Wall -Wextra -Wshadow -Wmissing-prototypes -Wdeclaration-after-statement -Wunused -Wfloat-equal -Wpointer-arith -Wwrite-strings -Wformat-security -Wmissing-format-attribute -fPIC -fstack-protector -D_LARGEFILE64_SOURCE -fPIC   -o CMakeFiles/ssh_shared.dir/poll.c.o   -c "/<<PKGBUILDDIR>>/src/poll.c"
[ 48%] Building C object src/CMakeFiles/ssh_shared.dir/session.c.o
cd "/<<PKGBUILDDIR>>/build-openssl/src" && /usr/bin/cc -DLIBSSH_EXPORTS -I"/<<PKGBUILDDIR>>/build-openssl/src" -I"/<<PKGBUILDDIR>>/src" -I"/<<PKGBUILDDIR>>/include" -I"/<<PKGBUILDDIR>>/build-openssl"  -g -O2 -fdebug-prefix-map=/<<PKGBUILDDIR>>=. -fstack-protector-strong -Wformat -Werror=format-security -Wdate-time -D_FORTIFY_SOURCE=2 -std=gnu99 -pedantic -pedantic-errors -Wall -Wextra -Wshadow -Wmissing-prototypes -Wdeclaration-after-statement -Wunused -Wfloat-equal -Wpointer-arith -Wwrite-strings -Wformat-security -Wmissing-format-attribute -fPIC -fstack-protector -D_LARGEFILE64_SOURCE -fPIC   -o CMakeFiles/ssh_shared.dir/session.c.o   -c "/<<PKGBUILDDIR>>/src/session.c"
[ 48%] Building C object src/CMakeFiles/ssh_shared.dir/scp.c.o
cd "/<<PKGBUILDDIR>>/build-openssl/src" && /usr/bin/cc -DLIBSSH_EXPORTS -I"/<<PKGBUILDDIR>>/build-openssl/src" -I"/<<PKGBUILDDIR>>/src" -I"/<<PKGBUILDDIR>>/include" -I"/<<PKGBUILDDIR>>/build-openssl"  -g -O2 -fdebug-prefix-map=/<<PKGBUILDDIR>>=. -fstack-protector-strong -Wformat -Werror=format-security -Wdate-time -D_FORTIFY_SOURCE=2 -std=gnu99 -pedantic -pedantic-errors -Wall -Wextra -Wshadow -Wmissing-prototypes -Wdeclaration-after-statement -Wunused -Wfloat-equal -Wpointer-arith -Wwrite-strings -Wformat-security -Wmissing-format-attribute -fPIC -fstack-protector -D_LARGEFILE64_SOURCE -fPIC   -o CMakeFiles/ssh_shared.dir/scp.c.o   -c "/<<PKGBUILDDIR>>/src/scp.c"
[ 49%] Building C object src/CMakeFiles/ssh_shared.dir/socket.c.o
cd "/<<PKGBUILDDIR>>/build-openssl/src" && /usr/bin/cc -DLIBSSH_EXPORTS -I"/<<PKGBUILDDIR>>/build-openssl/src" -I"/<<PKGBUILDDIR>>/src" -I"/<<PKGBUILDDIR>>/include" -I"/<<PKGBUILDDIR>>/build-openssl"  -g -O2 -fdebug-prefix-map=/<<PKGBUILDDIR>>=. -fstack-protector-strong -Wformat -Werror=format-security -Wdate-time -D_FORTIFY_SOURCE=2 -std=gnu99 -pedantic -pedantic-errors -Wall -Wextra -Wshadow -Wmissing-prototypes -Wdeclaration-after-statement -Wunused -Wfloat-equal -Wpointer-arith -Wwrite-strings -Wformat-security -Wmissing-format-attribute -fPIC -fstack-protector -D_LARGEFILE64_SOURCE -fPIC   -o CMakeFiles/ssh_shared.dir/socket.c.o   -c "/<<PKGBUILDDIR>>/src/socket.c"
[ 49%] Building C object src/CMakeFiles/ssh_shared.dir/string.c.o
cd "/<<PKGBUILDDIR>>/build-openssl/src" && /usr/bin/cc -DLIBSSH_EXPORTS -I"/<<PKGBUILDDIR>>/build-openssl/src" -I"/<<PKGBUILDDIR>>/src" -I"/<<PKGBUILDDIR>>/include" -I"/<<PKGBUILDDIR>>/build-openssl"  -g -O2 -fdebug-prefix-map=/<<PKGBUILDDIR>>=. -fstack-protector-strong -Wformat -Werror=format-security -Wdate-time -D_FORTIFY_SOURCE=2 -std=gnu99 -pedantic -pedantic-errors -Wall -Wextra -Wshadow -Wmissing-prototypes -Wdeclaration-after-statement -Wunused -Wfloat-equal -Wpointer-arith -Wwrite-strings -Wformat-security -Wmissing-format-attribute -fPIC -fstack-protector -D_LARGEFILE64_SOURCE -fPIC   -o CMakeFiles/ssh_shared.dir/string.c.o   -c "/<<PKGBUILDDIR>>/src/string.c"
[ 50%] Building C object src/CMakeFiles/ssh_shared.dir/threads.c.o
cd "/<<PKGBUILDDIR>>/build-openssl/src" && /usr/bin/cc -DLIBSSH_EXPORTS -I"/<<PKGBUILDDIR>>/build-openssl/src" -I"/<<PKGBUILDDIR>>/src" -I"/<<PKGBUILDDIR>>/include" -I"/<<PKGBUILDDIR>>/build-openssl"  -g -O2 -fdebug-prefix-map=/<<PKGBUILDDIR>>=. -fstack-protector-strong -Wformat -Werror=format-security -Wdate-time -D_FORTIFY_SOURCE=2 -std=gnu99 -pedantic -pedantic-errors -Wall -Wextra -Wshadow -Wmissing-prototypes -Wdeclaration-after-statement -Wunused -Wfloat-equal -Wpointer-arith -Wwrite-strings -Wformat-security -Wmissing-format-attribute -fPIC -fstack-protector -D_LARGEFILE64_SOURCE -fPIC   -o CMakeFiles/ssh_shared.dir/threads.c.o   -c "/<<PKGBUILDDIR>>/src/threads.c"
/<<PKGBUILDDIR>>/src/threads.c:109:13: warning: unused function 'libcrypto_lock_callback' [-Wunused-function]
static void libcrypto_lock_callback(int mode, int i, const char *file, int line){
            ^
1 warning generated.
[ 50%] Building C object src/CMakeFiles/ssh_shared.dir/wrapper.c.o
cd "/<<PKGBUILDDIR>>/build-openssl/src" && /usr/bin/cc -DLIBSSH_EXPORTS -I"/<<PKGBUILDDIR>>/build-openssl/src" -I"/<<PKGBUILDDIR>>/src" -I"/<<PKGBUILDDIR>>/include" -I"/<<PKGBUILDDIR>>/build-openssl"  -g -O2 -fdebug-prefix-map=/<<PKGBUILDDIR>>=. -fstack-protector-strong -Wformat -Werror=format-security -Wdate-time -D_FORTIFY_SOURCE=2 -std=gnu99 -pedantic -pedantic-errors -Wall -Wextra -Wshadow -Wmissing-prototypes -Wdeclaration-after-statement -Wunused -Wfloat-equal -Wpointer-arith -Wwrite-strings -Wformat-security -Wmissing-format-attribute -fPIC -fstack-protector -D_LARGEFILE64_SOURCE -fPIC   -o CMakeFiles/ssh_shared.dir/wrapper.c.o   -c "/<<PKGBUILDDIR>>/src/wrapper.c"
[ 51%] Building C object src/CMakeFiles/ssh_shared.dir/external/bcrypt_pbkdf.c.o
cd "/<<PKGBUILDDIR>>/build-openssl/src" && /usr/bin/cc -DLIBSSH_EXPORTS -I"/<<PKGBUILDDIR>>/build-openssl/src" -I"/<<PKGBUILDDIR>>/src" -I"/<<PKGBUILDDIR>>/include" -I"/<<PKGBUILDDIR>>/build-openssl"  -g -O2 -fdebug-prefix-map=/<<PKGBUILDDIR>>=. -fstack-protector-strong -Wformat -Werror=format-security -Wdate-time -D_FORTIFY_SOURCE=2 -std=gnu99 -pedantic -pedantic-errors -Wall -Wextra -Wshadow -Wmissing-prototypes -Wdeclaration-after-statement -Wunused -Wfloat-equal -Wpointer-arith -Wwrite-strings -Wformat-security -Wmissing-format-attribute -fPIC -fstack-protector -D_LARGEFILE64_SOURCE -fPIC   -o CMakeFiles/ssh_shared.dir/external/bcrypt_pbkdf.c.o   -c "/<<PKGBUILDDIR>>/src/external/bcrypt_pbkdf.c"
[ 51%] Building C object src/CMakeFiles/ssh_shared.dir/external/blowfish.c.o
cd "/<<PKGBUILDDIR>>/build-openssl/src" && /usr/bin/cc -DLIBSSH_EXPORTS -I"/<<PKGBUILDDIR>>/build-openssl/src" -I"/<<PKGBUILDDIR>>/src" -I"/<<PKGBUILDDIR>>/include" -I"/<<PKGBUILDDIR>>/build-openssl"  -g -O2 -fdebug-prefix-map=/<<PKGBUILDDIR>>=. -fstack-protector-strong -Wformat -Werror=format-security -Wdate-time -D_FORTIFY_SOURCE=2 -std=gnu99 -pedantic -pedantic-errors -Wall -Wextra -Wshadow -Wmissing-prototypes -Wdeclaration-after-statement -Wunused -Wfloat-equal -Wpointer-arith -Wwrite-strings -Wformat-security -Wmissing-format-attribute -fPIC -fstack-protector -D_LARGEFILE64_SOURCE -fPIC   -o CMakeFiles/ssh_shared.dir/external/blowfish.c.o   -c "/<<PKGBUILDDIR>>/src/external/blowfish.c"
[ 52%] Building C object src/CMakeFiles/ssh_shared.dir/external/ed25519.c.o
cd "/<<PKGBUILDDIR>>/build-openssl/src" && /usr/bin/cc -DLIBSSH_EXPORTS -I"/<<PKGBUILDDIR>>/build-openssl/src" -I"/<<PKGBUILDDIR>>/src" -I"/<<PKGBUILDDIR>>/include" -I"/<<PKGBUILDDIR>>/build-openssl"  -g -O2 -fdebug-prefix-map=/<<PKGBUILDDIR>>=. -fstack-protector-strong -Wformat -Werror=format-security -Wdate-time -D_FORTIFY_SOURCE=2 -std=gnu99 -pedantic -pedantic-errors -Wall -Wextra -Wshadow -Wmissing-prototypes -Wdeclaration-after-statement -Wunused -Wfloat-equal -Wpointer-arith -Wwrite-strings -Wformat-security -Wmissing-format-attribute -fPIC -fstack-protector -D_LARGEFILE64_SOURCE -fPIC   -o CMakeFiles/ssh_shared.dir/external/ed25519.c.o   -c "/<<PKGBUILDDIR>>/src/external/ed25519.c"
[ 52%] Building C object src/CMakeFiles/ssh_shared.dir/external/fe25519.c.o
cd "/<<PKGBUILDDIR>>/build-openssl/src" && /usr/bin/cc -DLIBSSH_EXPORTS -I"/<<PKGBUILDDIR>>/build-openssl/src" -I"/<<PKGBUILDDIR>>/src" -I"/<<PKGBUILDDIR>>/include" -I"/<<PKGBUILDDIR>>/build-openssl"  -g -O2 -fdebug-prefix-map=/<<PKGBUILDDIR>>=. -fstack-protector-strong -Wformat -Werror=format-security -Wdate-time -D_FORTIFY_SOURCE=2 -std=gnu99 -pedantic -pedantic-errors -Wall -Wextra -Wshadow -Wmissing-prototypes -Wdeclaration-after-statement -Wunused -Wfloat-equal -Wpointer-arith -Wwrite-strings -Wformat-security -Wmissing-format-attribute -fPIC -fstack-protector -D_LARGEFILE64_SOURCE -fPIC   -o CMakeFiles/ssh_shared.dir/external/fe25519.c.o   -c "/<<PKGBUILDDIR>>/src/external/fe25519.c"
[ 53%] Building C object src/CMakeFiles/ssh_shared.dir/external/ge25519.c.o
cd "/<<PKGBUILDDIR>>/build-openssl/src" && /usr/bin/cc -DLIBSSH_EXPORTS -I"/<<PKGBUILDDIR>>/build-openssl/src" -I"/<<PKGBUILDDIR>>/src" -I"/<<PKGBUILDDIR>>/include" -I"/<<PKGBUILDDIR>>/build-openssl"  -g -O2 -fdebug-prefix-map=/<<PKGBUILDDIR>>=. -fstack-protector-strong -Wformat -Werror=format-security -Wdate-time -D_FORTIFY_SOURCE=2 -std=gnu99 -pedantic -pedantic-errors -Wall -Wextra -Wshadow -Wmissing-prototypes -Wdeclaration-after-statement -Wunused -Wfloat-equal -Wpointer-arith -Wwrite-strings -Wformat-security -Wmissing-format-attribute -fPIC -fstack-protector -D_LARGEFILE64_SOURCE -fPIC   -o CMakeFiles/ssh_shared.dir/external/ge25519.c.o   -c "/<<PKGBUILDDIR>>/src/external/ge25519.c"
[ 53%] Building C object src/CMakeFiles/ssh_shared.dir/external/sc25519.c.o
cd "/<<PKGBUILDDIR>>/build-openssl/src" && /usr/bin/cc -DLIBSSH_EXPORTS -I"/<<PKGBUILDDIR>>/build-openssl/src" -I"/<<PKGBUILDDIR>>/src" -I"/<<PKGBUILDDIR>>/include" -I"/<<PKGBUILDDIR>>/build-openssl"  -g -O2 -fdebug-prefix-map=/<<PKGBUILDDIR>>=. -fstack-protector-strong -Wformat -Werror=format-security -Wdate-time -D_FORTIFY_SOURCE=2 -std=gnu99 -pedantic -pedantic-errors -Wall -Wextra -Wshadow -Wmissing-prototypes -Wdeclaration-after-statement -Wunused -Wfloat-equal -Wpointer-arith -Wwrite-strings -Wformat-security -Wmissing-format-attribute -fPIC -fstack-protector -D_LARGEFILE64_SOURCE -fPIC   -o CMakeFiles/ssh_shared.dir/external/sc25519.c.o   -c "/<<PKGBUILDDIR>>/src/external/sc25519.c"
[ 54%] Building C object src/CMakeFiles/ssh_shared.dir/pki_crypto.c.o
cd "/<<PKGBUILDDIR>>/build-openssl/src" && /usr/bin/cc -DLIBSSH_EXPORTS -I"/<<PKGBUILDDIR>>/build-openssl/src" -I"/<<PKGBUILDDIR>>/src" -I"/<<PKGBUILDDIR>>/include" -I"/<<PKGBUILDDIR>>/build-openssl"  -g -O2 -fdebug-prefix-map=/<<PKGBUILDDIR>>=. -fstack-protector-strong -Wformat -Werror=format-security -Wdate-time -D_FORTIFY_SOURCE=2 -std=gnu99 -pedantic -pedantic-errors -Wall -Wextra -Wshadow -Wmissing-prototypes -Wdeclaration-after-statement -Wunused -Wfloat-equal -Wpointer-arith -Wwrite-strings -Wformat-security -Wmissing-format-attribute -fPIC -fstack-protector -D_LARGEFILE64_SOURCE -fPIC   -o CMakeFiles/ssh_shared.dir/pki_crypto.c.o   -c "/<<PKGBUILDDIR>>/src/pki_crypto.c"
/<<PKGBUILDDIR>>/src/pki_crypto.c:454:16: warning: 'DSA_generate_parameters' is deprecated [-Wdeprecated-declarations]
    key->dsa = DSA_generate_parameters(parameter, NULL, 0, NULL, NULL,
               ^
/usr/include/openssl/dsa.h:122:1: note: 'DSA_generate_parameters' has been explicitly marked deprecated here
DEPRECATEDIN_0_9_8(DSA *DSA_generate_parameters(int bits,
^
/usr/include/x86_64-linux-gnu/openssl/opensslconf.h:136:34: note: expanded from macro 'DEPRECATEDIN_0_9_8'
# define DEPRECATEDIN_0_9_8(f)   DECLARE_DEPRECATED(f)
                                 ^
/usr/include/x86_64-linux-gnu/openssl/opensslconf.h:99:53: note: expanded from macro 'DECLARE_DEPRECATED'
# define DECLARE_DEPRECATED(f)    f __attribute__ ((deprecated));
                                                    ^
1 warning generated.
[ 55%] Building C object src/CMakeFiles/ssh_shared.dir/ecdh_crypto.c.o
cd "/<<PKGBUILDDIR>>/build-openssl/src" && /usr/bin/cc -DLIBSSH_EXPORTS -I"/<<PKGBUILDDIR>>/build-openssl/src" -I"/<<PKGBUILDDIR>>/src" -I"/<<PKGBUILDDIR>>/include" -I"/<<PKGBUILDDIR>>/build-openssl"  -g -O2 -fdebug-prefix-map=/<<PKGBUILDDIR>>=. -fstack-protector-strong -Wformat -Werror=format-security -Wdate-time -D_FORTIFY_SOURCE=2 -std=gnu99 -pedantic -pedantic-errors -Wall -Wextra -Wshadow -Wmissing-prototypes -Wdeclaration-after-statement -Wunused -Wfloat-equal -Wpointer-arith -Wwrite-strings -Wformat-security -Wmissing-format-attribute -fPIC -fstack-protector -D_LARGEFILE64_SOURCE -fPIC   -o CMakeFiles/ssh_shared.dir/ecdh_crypto.c.o   -c "/<<PKGBUILDDIR>>/src/ecdh_crypto.c"
[ 55%] Building C object src/CMakeFiles/ssh_shared.dir/libcrypto.c.o
cd "/<<PKGBUILDDIR>>/build-openssl/src" && /usr/bin/cc -DLIBSSH_EXPORTS -I"/<<PKGBUILDDIR>>/build-openssl/src" -I"/<<PKGBUILDDIR>>/src" -I"/<<PKGBUILDDIR>>/include" -I"/<<PKGBUILDDIR>>/build-openssl"  -g -O2 -fdebug-prefix-map=/<<PKGBUILDDIR>>=. -fstack-protector-strong -Wformat -Werror=format-security -Wdate-time -D_FORTIFY_SOURCE=2 -std=gnu99 -pedantic -pedantic-errors -Wall -Wextra -Wshadow -Wmissing-prototypes -Wdeclaration-after-statement -Wunused -Wfloat-equal -Wpointer-arith -Wwrite-strings -Wformat-security -Wmissing-format-attribute -fPIC -fstack-protector -D_LARGEFILE64_SOURCE -fPIC   -o CMakeFiles/ssh_shared.dir/libcrypto.c.o   -c "/<<PKGBUILDDIR>>/src/libcrypto.c"
[ 56%] Building C object src/CMakeFiles/ssh_shared.dir/sftp.c.o
cd "/<<PKGBUILDDIR>>/build-openssl/src" && /usr/bin/cc -DLIBSSH_EXPORTS -I"/<<PKGBUILDDIR>>/build-openssl/src" -I"/<<PKGBUILDDIR>>/src" -I"/<<PKGBUILDDIR>>/include" -I"/<<PKGBUILDDIR>>/build-openssl"  -g -O2 -fdebug-prefix-map=/<<PKGBUILDDIR>>=. -fstack-protector-strong -Wformat -Werror=format-security -Wdate-time -D_FORTIFY_SOURCE=2 -std=gnu99 -pedantic -pedantic-errors -Wall -Wextra -Wshadow -Wmissing-prototypes -Wdeclaration-after-statement -Wunused -Wfloat-equal -Wpointer-arith -Wwrite-strings -Wformat-security -Wmissing-format-attribute -fPIC -fstack-protector -D_LARGEFILE64_SOURCE -fPIC   -o CMakeFiles/ssh_shared.dir/sftp.c.o   -c "/<<PKGBUILDDIR>>/src/sftp.c"
[ 56%] Building C object src/CMakeFiles/ssh_shared.dir/sftpserver.c.o
cd "/<<PKGBUILDDIR>>/build-openssl/src" && /usr/bin/cc -DLIBSSH_EXPORTS -I"/<<PKGBUILDDIR>>/build-openssl/src" -I"/<<PKGBUILDDIR>>/src" -I"/<<PKGBUILDDIR>>/include" -I"/<<PKGBUILDDIR>>/build-openssl"  -g -O2 -fdebug-prefix-map=/<<PKGBUILDDIR>>=. -fstack-protector-strong -Wformat -Werror=format-security -Wdate-time -D_FORTIFY_SOURCE=2 -std=gnu99 -pedantic -pedantic-errors -Wall -Wextra -Wshadow -Wmissing-prototypes -Wdeclaration-after-statement -Wunused -Wfloat-equal -Wpointer-arith -Wwrite-strings -Wformat-security -Wmissing-format-attribute -fPIC -fstack-protector -D_LARGEFILE64_SOURCE -fPIC   -o CMakeFiles/ssh_shared.dir/sftpserver.c.o   -c "/<<PKGBUILDDIR>>/src/sftpserver.c"
[ 57%] Building C object src/CMakeFiles/ssh_shared.dir/server.c.o
cd "/<<PKGBUILDDIR>>/build-openssl/src" && /usr/bin/cc -DLIBSSH_EXPORTS -I"/<<PKGBUILDDIR>>/build-openssl/src" -I"/<<PKGBUILDDIR>>/src" -I"/<<PKGBUILDDIR>>/include" -I"/<<PKGBUILDDIR>>/build-openssl"  -g -O2 -fdebug-prefix-map=/<<PKGBUILDDIR>>=. -fstack-protector-strong -Wformat -Werror=format-security -Wdate-time -D_FORTIFY_SOURCE=2 -std=gnu99 -pedantic -pedantic-errors -Wall -Wextra -Wshadow -Wmissing-prototypes -Wdeclaration-after-statement -Wunused -Wfloat-equal -Wpointer-arith -Wwrite-strings -Wformat-security -Wmissing-format-attribute -fPIC -fstack-protector -D_LARGEFILE64_SOURCE -fPIC   -o CMakeFiles/ssh_shared.dir/server.c.o   -c "/<<PKGBUILDDIR>>/src/server.c"
[ 57%] Building C object src/CMakeFiles/ssh_shared.dir/bind.c.o
cd "/<<PKGBUILDDIR>>/build-openssl/src" && /usr/bin/cc -DLIBSSH_EXPORTS -I"/<<PKGBUILDDIR>>/build-openssl/src" -I"/<<PKGBUILDDIR>>/src" -I"/<<PKGBUILDDIR>>/include" -I"/<<PKGBUILDDIR>>/build-openssl"  -g -O2 -fdebug-prefix-map=/<<PKGBUILDDIR>>=. -fstack-protector-strong -Wformat -Werror=format-security -Wdate-time -D_FORTIFY_SOURCE=2 -std=gnu99 -pedantic -pedantic-errors -Wall -Wextra -Wshadow -Wmissing-prototypes -Wdeclaration-after-statement -Wunused -Wfloat-equal -Wpointer-arith -Wwrite-strings -Wformat-security -Wmissing-format-attribute -fPIC -fstack-protector -D_LARGEFILE64_SOURCE -fPIC   -o CMakeFiles/ssh_shared.dir/bind.c.o   -c "/<<PKGBUILDDIR>>/src/bind.c"
[ 58%] Building C object src/CMakeFiles/ssh_shared.dir/gzip.c.o
cd "/<<PKGBUILDDIR>>/build-openssl/src" && /usr/bin/cc -DLIBSSH_EXPORTS -I"/<<PKGBUILDDIR>>/build-openssl/src" -I"/<<PKGBUILDDIR>>/src" -I"/<<PKGBUILDDIR>>/include" -I"/<<PKGBUILDDIR>>/build-openssl"  -g -O2 -fdebug-prefix-map=/<<PKGBUILDDIR>>=. -fstack-protector-strong -Wformat -Werror=format-security -Wdate-time -D_FORTIFY_SOURCE=2 -std=gnu99 -pedantic -pedantic-errors -Wall -Wextra -Wshadow -Wmissing-prototypes -Wdeclaration-after-statement -Wunused -Wfloat-equal -Wpointer-arith -Wwrite-strings -Wformat-security -Wmissing-format-attribute -fPIC -fstack-protector -D_LARGEFILE64_SOURCE -fPIC   -o CMakeFiles/ssh_shared.dir/gzip.c.o   -c "/<<PKGBUILDDIR>>/src/gzip.c"
[ 58%] Building C object src/CMakeFiles/ssh_shared.dir/gssapi.c.o
cd "/<<PKGBUILDDIR>>/build-openssl/src" && /usr/bin/cc -DLIBSSH_EXPORTS -I"/<<PKGBUILDDIR>>/build-openssl/src" -I"/<<PKGBUILDDIR>>/src" -I"/<<PKGBUILDDIR>>/include" -I"/<<PKGBUILDDIR>>/build-openssl"  -g -O2 -fdebug-prefix-map=/<<PKGBUILDDIR>>=. -fstack-protector-strong -Wformat -Werror=format-security -Wdate-time -D_FORTIFY_SOURCE=2 -std=gnu99 -pedantic -pedantic-errors -Wall -Wextra -Wshadow -Wmissing-prototypes -Wdeclaration-after-statement -Wunused -Wfloat-equal -Wpointer-arith -Wwrite-strings -Wformat-security -Wmissing-format-attribute -fPIC -fstack-protector -D_LARGEFILE64_SOURCE -fPIC   -o CMakeFiles/ssh_shared.dir/gssapi.c.o   -c "/<<PKGBUILDDIR>>/src/gssapi.c"
[ 59%] Building C object src/CMakeFiles/ssh_shared.dir/external/curve25519_ref.c.o
cd "/<<PKGBUILDDIR>>/build-openssl/src" && /usr/bin/cc -DLIBSSH_EXPORTS -I"/<<PKGBUILDDIR>>/build-openssl/src" -I"/<<PKGBUILDDIR>>/src" -I"/<<PKGBUILDDIR>>/include" -I"/<<PKGBUILDDIR>>/build-openssl"  -g -O2 -fdebug-prefix-map=/<<PKGBUILDDIR>>=. -fstack-protector-strong -Wformat -Werror=format-security -Wdate-time -D_FORTIFY_SOURCE=2 -std=gnu99 -pedantic -pedantic-errors -Wall -Wextra -Wshadow -Wmissing-prototypes -Wdeclaration-after-statement -Wunused -Wfloat-equal -Wpointer-arith -Wwrite-strings -Wformat-security -Wmissing-format-attribute -fPIC -fstack-protector -D_LARGEFILE64_SOURCE -fPIC   -o CMakeFiles/ssh_shared.dir/external/curve25519_ref.c.o   -c "/<<PKGBUILDDIR>>/src/external/curve25519_ref.c"
[ 59%] Linking C shared library libssh.so
cd "/<<PKGBUILDDIR>>/build-openssl/src" && /usr/bin/cmake -E cmake_link_script CMakeFiles/ssh_shared.dir/link.txt --verbose=1
/usr/bin/cc -fPIC -g -O2 -fdebug-prefix-map=/<<PKGBUILDDIR>>=. -fstack-protector-strong -Wformat -Werror=format-security -Wdate-time -D_FORTIFY_SOURCE=2 -std=gnu99 -pedantic -pedantic-errors -Wall -Wextra -Wshadow -Wmissing-prototypes -Wdeclaration-after-statement -Wunused -Wfloat-equal -Wpointer-arith -Wwrite-strings -Wformat-security -Wmissing-format-attribute -fPIC -fstack-protector -D_LARGEFILE64_SOURCE -Wl,-z,relro -Wl,-z,now -Wl,-z,defs -Wl,-O1 -Wl,--as-needed -shared -Wl,-soname,libssh.so.4 -o libssh.so.4.5.0 CMakeFiles/ssh_shared.dir/agent.c.o CMakeFiles/ssh_shared.dir/auth.c.o CMakeFiles/ssh_shared.dir/base64.c.o CMakeFiles/ssh_shared.dir/bignum.c.o CMakeFiles/ssh_shared.dir/buffer.c.o CMakeFiles/ssh_shared.dir/callbacks.c.o CMakeFiles/ssh_shared.dir/channels.c.o CMakeFiles/ssh_shared.dir/client.c.o CMakeFiles/ssh_shared.dir/config.c.o CMakeFiles/ssh_shared.dir/connect.c.o CMakeFiles/ssh_shared.dir/connector.c.o CMakeFiles/ssh_shared.dir/curve25519.c.o CMakeFiles/ssh_shared.dir/dh.c.o CMakeFiles/ssh_shared.dir/ecdh.c.o CMakeFiles/ssh_shared.dir/error.c.o CMakeFiles/ssh_shared.dir/getpass.c.o CMakeFiles/ssh_shared.dir/init.c.o CMakeFiles/ssh_shared.dir/kex.c.o CMakeFiles/ssh_shared.dir/known_hosts.c.o CMakeFiles/ssh_shared.dir/legacy.c.o CMakeFiles/ssh_shared.dir/log.c.o CMakeFiles/ssh_shared.dir/match.c.o CMakeFiles/ssh_shared.dir/messages.c.o CMakeFiles/ssh_shared.dir/misc.c.o CMakeFiles/ssh_shared.dir/options.c.o CMakeFiles/ssh_shared.dir/packet.c.o CMakeFiles/ssh_shared.dir/packet_cb.c.o CMakeFiles/ssh_shared.dir/packet_crypt.c.o CMakeFiles/ssh_shared.dir/pcap.c.o CMakeFiles/ssh_shared.dir/pki.c.o CMakeFiles/ssh_shared.dir/pki_container_openssh.c.o CMakeFiles/ssh_shared.dir/pki_ed25519.c.o CMakeFiles/ssh_shared.dir/poll.c.o CMakeFiles/ssh_shared.dir/session.c.o CMakeFiles/ssh_shared.dir/scp.c.o CMakeFiles/ssh_shared.dir/socket.c.o CMakeFiles/ssh_shared.dir/string.c.o CMakeFiles/ssh_shared.dir/threads.c.o CMakeFiles/ssh_shared.dir/wrapper.c.o CMakeFiles/ssh_shared.dir/external/bcrypt_pbkdf.c.o CMakeFiles/ssh_shared.dir/external/blowfish.c.o CMakeFiles/ssh_shared.dir/external/ed25519.c.o CMakeFiles/ssh_shared.dir/external/fe25519.c.o CMakeFiles/ssh_shared.dir/external/ge25519.c.o CMakeFiles/ssh_shared.dir/external/sc25519.c.o CMakeFiles/ssh_shared.dir/pki_crypto.c.o CMakeFiles/ssh_shared.dir/ecdh_crypto.c.o CMakeFiles/ssh_shared.dir/libcrypto.c.o CMakeFiles/ssh_shared.dir/sftp.c.o CMakeFiles/ssh_shared.dir/sftpserver.c.o CMakeFiles/ssh_shared.dir/server.c.o CMakeFiles/ssh_shared.dir/bind.c.o CMakeFiles/ssh_shared.dir/gzip.c.o CMakeFiles/ssh_shared.dir/gssapi.c.o CMakeFiles/ssh_shared.dir/external/curve25519_ref.c.o -lcrypto -lrt -lcrypto -lz -lgssapi_krb5 -lkrb5 -lk5crypto -lcom_err -lrt -lz -lgssapi_krb5 -lkrb5 -lk5crypto -lcom_err 
cd "/<<PKGBUILDDIR>>/build-openssl/src" && /usr/bin/cmake -E cmake_symlink_library libssh.so.4.5.0 libssh.so.4 libssh.so
make[4]: Leaving directory '/<<PKGBUILDDIR>>/build-openssl'
[ 59%] Built target ssh_shared
make -f src/threads/CMakeFiles/ssh_threads_static.dir/build.make src/threads/CMakeFiles/ssh_threads_static.dir/depend
make[4]: Entering directory '/<<PKGBUILDDIR>>/build-openssl'
cd "/<<PKGBUILDDIR>>/build-openssl" && /usr/bin/cmake -E cmake_depends "Unix Makefiles" "/<<PKGBUILDDIR>>" "/<<PKGBUILDDIR>>/src/threads" "/<<PKGBUILDDIR>>/build-openssl" "/<<PKGBUILDDIR>>/build-openssl/src/threads" "/<<PKGBUILDDIR>>/build-openssl/src/threads/CMakeFiles/ssh_threads_static.dir/DependInfo.cmake" --color=
Scanning dependencies of target ssh_threads_static
make[4]: Leaving directory '/<<PKGBUILDDIR>>/build-openssl'
make -f src/threads/CMakeFiles/ssh_threads_static.dir/build.make src/threads/CMakeFiles/ssh_threads_static.dir/build
make[4]: Entering directory '/<<PKGBUILDDIR>>/build-openssl'
[ 59%] Building C object src/threads/CMakeFiles/ssh_threads_static.dir/pthread.c.o
cd "/<<PKGBUILDDIR>>/build-openssl/src/threads" && /usr/bin/cc  -I"/<<PKGBUILDDIR>>/build-openssl/src/threads" -I"/<<PKGBUILDDIR>>/src/threads" -I"/<<PKGBUILDDIR>>/include" -I"/<<PKGBUILDDIR>>/build-openssl" -I"/<<PKGBUILDDIR>>"  -g -O2 -fdebug-prefix-map=/<<PKGBUILDDIR>>=. -fstack-protector-strong -Wformat -Werror=format-security -Wdate-time -D_FORTIFY_SOURCE=2 -std=gnu99 -pedantic -pedantic-errors -Wall -Wextra -Wshadow -Wmissing-prototypes -Wdeclaration-after-statement -Wunused -Wfloat-equal -Wpointer-arith -Wwrite-strings -Wformat-security -Wmissing-format-attribute -fPIC -fstack-protector -D_LARGEFILE64_SOURCE   -o CMakeFiles/ssh_threads_static.dir/pthread.c.o   -c "/<<PKGBUILDDIR>>/src/threads/pthread.c"
[ 60%] Linking C static library libssh_threads.a
cd "/<<PKGBUILDDIR>>/build-openssl/src/threads" && /usr/bin/cmake -P CMakeFiles/ssh_threads_static.dir/cmake_clean_target.cmake
cd "/<<PKGBUILDDIR>>/build-openssl/src/threads" && /usr/bin/cmake -E cmake_link_script CMakeFiles/ssh_threads_static.dir/link.txt --verbose=1
/usr/bin/ar qc libssh_threads.a  CMakeFiles/ssh_threads_static.dir/pthread.c.o
/usr/bin/ranlib libssh_threads.a
make[4]: Leaving directory '/<<PKGBUILDDIR>>/build-openssl'
[ 60%] Built target ssh_threads_static
make -f src/threads/CMakeFiles/ssh_threads_shared.dir/build.make src/threads/CMakeFiles/ssh_threads_shared.dir/depend
make[4]: Entering directory '/<<PKGBUILDDIR>>/build-openssl'
cd "/<<PKGBUILDDIR>>/build-openssl" && /usr/bin/cmake -E cmake_depends "Unix Makefiles" "/<<PKGBUILDDIR>>" "/<<PKGBUILDDIR>>/src/threads" "/<<PKGBUILDDIR>>/build-openssl" "/<<PKGBUILDDIR>>/build-openssl/src/threads" "/<<PKGBUILDDIR>>/build-openssl/src/threads/CMakeFiles/ssh_threads_shared.dir/DependInfo.cmake" --color=
Scanning dependencies of target ssh_threads_shared
make[4]: Leaving directory '/<<PKGBUILDDIR>>/build-openssl'
make -f src/threads/CMakeFiles/ssh_threads_shared.dir/build.make src/threads/CMakeFiles/ssh_threads_shared.dir/build
make[4]: Entering directory '/<<PKGBUILDDIR>>/build-openssl'
[ 60%] Building C object src/threads/CMakeFiles/ssh_threads_shared.dir/pthread.c.o
cd "/<<PKGBUILDDIR>>/build-openssl/src/threads" && /usr/bin/cc -DLIBSSH_EXPORTS -I"/<<PKGBUILDDIR>>/build-openssl/src/threads" -I"/<<PKGBUILDDIR>>/src/threads" -I"/<<PKGBUILDDIR>>/include" -I"/<<PKGBUILDDIR>>/build-openssl" -I"/<<PKGBUILDDIR>>"  -g -O2 -fdebug-prefix-map=/<<PKGBUILDDIR>>=. -fstack-protector-strong -Wformat -Werror=format-security -Wdate-time -D_FORTIFY_SOURCE=2 -std=gnu99 -pedantic -pedantic-errors -Wall -Wextra -Wshadow -Wmissing-prototypes -Wdeclaration-after-statement -Wunused -Wfloat-equal -Wpointer-arith -Wwrite-strings -Wformat-security -Wmissing-format-attribute -fPIC -fstack-protector -D_LARGEFILE64_SOURCE -fPIC   -o CMakeFiles/ssh_threads_shared.dir/pthread.c.o   -c "/<<PKGBUILDDIR>>/src/threads/pthread.c"
[ 61%] Linking C shared library libssh_threads.so
cd "/<<PKGBUILDDIR>>/build-openssl/src/threads" && /usr/bin/cmake -E cmake_link_script CMakeFiles/ssh_threads_shared.dir/link.txt --verbose=1
/usr/bin/cc -fPIC -g -O2 -fdebug-prefix-map=/<<PKGBUILDDIR>>=. -fstack-protector-strong -Wformat -Werror=format-security -Wdate-time -D_FORTIFY_SOURCE=2 -std=gnu99 -pedantic -pedantic-errors -Wall -Wextra -Wshadow -Wmissing-prototypes -Wdeclaration-after-statement -Wunused -Wfloat-equal -Wpointer-arith -Wwrite-strings -Wformat-security -Wmissing-format-attribute -fPIC -fstack-protector -D_LARGEFILE64_SOURCE -Wl,-z,relro -Wl,-z,now -Wl,-z,defs -Wl,-O1 -Wl,--as-needed -shared -Wl,-soname,libssh_threads.so.4 -o libssh_threads.so.4.5.0 CMakeFiles/ssh_threads_shared.dir/pthread.c.o -Wl,-rpath,"/<<PKGBUILDDIR>>/build-openssl/src:" ../libssh.so.4.5.0 -lpthread -lcrypto -lrt -lcrypto -lrt -lz -lgssapi_krb5 -lkrb5 -lk5crypto -lcom_err 
cd "/<<PKGBUILDDIR>>/build-openssl/src/threads" && /usr/bin/cmake -E cmake_symlink_library libssh_threads.so.4.5.0 libssh_threads.so.4 libssh_threads.so
make[4]: Leaving directory '/<<PKGBUILDDIR>>/build-openssl'
[ 61%] Built target ssh_threads_shared
make -f examples/CMakeFiles/samplesftp.dir/build.make examples/CMakeFiles/samplesftp.dir/depend
make[4]: Entering directory '/<<PKGBUILDDIR>>/build-openssl'
cd "/<<PKGBUILDDIR>>/build-openssl" && /usr/bin/cmake -E cmake_depends "Unix Makefiles" "/<<PKGBUILDDIR>>" "/<<PKGBUILDDIR>>/examples" "/<<PKGBUILDDIR>>/build-openssl" "/<<PKGBUILDDIR>>/build-openssl/examples" "/<<PKGBUILDDIR>>/build-openssl/examples/CMakeFiles/samplesftp.dir/DependInfo.cmake" --color=
Scanning dependencies of target samplesftp
make[4]: Leaving directory '/<<PKGBUILDDIR>>/build-openssl'
make -f examples/CMakeFiles/samplesftp.dir/build.make examples/CMakeFiles/samplesftp.dir/build
make[4]: Entering directory '/<<PKGBUILDDIR>>/build-openssl'
[ 62%] Building C object examples/CMakeFiles/samplesftp.dir/samplesftp.c.o
cd "/<<PKGBUILDDIR>>/build-openssl/examples" && /usr/bin/cc  -I"/<<PKGBUILDDIR>>/build-openssl/examples" -I"/<<PKGBUILDDIR>>/examples" -I"/<<PKGBUILDDIR>>/include" -I"/<<PKGBUILDDIR>>/build-openssl"  -g -O2 -fdebug-prefix-map=/<<PKGBUILDDIR>>=. -fstack-protector-strong -Wformat -Werror=format-security -Wdate-time -D_FORTIFY_SOURCE=2 -std=gnu99 -pedantic -pedantic-errors -Wall -Wextra -Wshadow -Wmissing-prototypes -Wdeclaration-after-statement -Wunused -Wfloat-equal -Wpointer-arith -Wwrite-strings -Wformat-security -Wmissing-format-attribute -fPIC -fstack-protector -D_LARGEFILE64_SOURCE   -o CMakeFiles/samplesftp.dir/samplesftp.c.o   -c "/<<PKGBUILDDIR>>/examples/samplesftp.c"
[ 62%] Building C object examples/CMakeFiles/samplesftp.dir/authentication.c.o
cd "/<<PKGBUILDDIR>>/build-openssl/examples" && /usr/bin/cc  -I"/<<PKGBUILDDIR>>/build-openssl/examples" -I"/<<PKGBUILDDIR>>/examples" -I"/<<PKGBUILDDIR>>/include" -I"/<<PKGBUILDDIR>>/build-openssl"  -g -O2 -fdebug-prefix-map=/<<PKGBUILDDIR>>=. -fstack-protector-strong -Wformat -Werror=format-security -Wdate-time -D_FORTIFY_SOURCE=2 -std=gnu99 -pedantic -pedantic-errors -Wall -Wextra -Wshadow -Wmissing-prototypes -Wdeclaration-after-statement -Wunused -Wfloat-equal -Wpointer-arith -Wwrite-strings -Wformat-security -Wmissing-format-attribute -fPIC -fstack-protector -D_LARGEFILE64_SOURCE   -o CMakeFiles/samplesftp.dir/authentication.c.o   -c "/<<PKGBUILDDIR>>/examples/authentication.c"
[ 63%] Building C object examples/CMakeFiles/samplesftp.dir/knownhosts.c.o
cd "/<<PKGBUILDDIR>>/build-openssl/examples" && /usr/bin/cc  -I"/<<PKGBUILDDIR>>/build-openssl/examples" -I"/<<PKGBUILDDIR>>/examples" -I"/<<PKGBUILDDIR>>/include" -I"/<<PKGBUILDDIR>>/build-openssl"  -g -O2 -fdebug-prefix-map=/<<PKGBUILDDIR>>=. -fstack-protector-strong -Wformat -Werror=format-security -Wdate-time -D_FORTIFY_SOURCE=2 -std=gnu99 -pedantic -pedantic-errors -Wall -Wextra -Wshadow -Wmissing-prototypes -Wdeclaration-after-statement -Wunused -Wfloat-equal -Wpointer-arith -Wwrite-strings -Wformat-security -Wmissing-format-attribute -fPIC -fstack-protector -D_LARGEFILE64_SOURCE   -o CMakeFiles/samplesftp.dir/knownhosts.c.o   -c "/<<PKGBUILDDIR>>/examples/knownhosts.c"
[ 64%] Building C object examples/CMakeFiles/samplesftp.dir/connect_ssh.c.o
cd "/<<PKGBUILDDIR>>/build-openssl/examples" && /usr/bin/cc  -I"/<<PKGBUILDDIR>>/build-openssl/examples" -I"/<<PKGBUILDDIR>>/examples" -I"/<<PKGBUILDDIR>>/include" -I"/<<PKGBUILDDIR>>/build-openssl"  -g -O2 -fdebug-prefix-map=/<<PKGBUILDDIR>>=. -fstack-protector-strong -Wformat -Werror=format-security -Wdate-time -D_FORTIFY_SOURCE=2 -std=gnu99 -pedantic -pedantic-errors -Wall -Wextra -Wshadow -Wmissing-prototypes -Wdeclaration-after-statement -Wunused -Wfloat-equal -Wpointer-arith -Wwrite-strings -Wformat-security -Wmissing-format-attribute -fPIC -fstack-protector -D_LARGEFILE64_SOURCE   -o CMakeFiles/samplesftp.dir/connect_ssh.c.o   -c "/<<PKGBUILDDIR>>/examples/connect_ssh.c"
[ 64%] Linking C executable samplesftp
cd "/<<PKGBUILDDIR>>/build-openssl/examples" && /usr/bin/cmake -E cmake_link_script CMakeFiles/samplesftp.dir/link.txt --verbose=1
/usr/bin/cc -g -O2 -fdebug-prefix-map=/<<PKGBUILDDIR>>=. -fstack-protector-strong -Wformat -Werror=format-security -Wdate-time -D_FORTIFY_SOURCE=2 -std=gnu99 -pedantic -pedantic-errors -Wall -Wextra -Wshadow -Wmissing-prototypes -Wdeclaration-after-statement -Wunused -Wfloat-equal -Wpointer-arith -Wwrite-strings -Wformat-security -Wmissing-format-attribute -fPIC -fstack-protector -D_LARGEFILE64_SOURCE  -Wl,-z,relro -Wl,-z,now -Wl,-z,defs -Wl,-O1 -Wl,--as-needed -rdynamic CMakeFiles/samplesftp.dir/samplesftp.c.o CMakeFiles/samplesftp.dir/authentication.c.o CMakeFiles/samplesftp.dir/knownhosts.c.o CMakeFiles/samplesftp.dir/connect_ssh.c.o  -o samplesftp -Wl,-rpath,"/<<PKGBUILDDIR>>/build-openssl/src" ../src/libssh.so.4.5.0 -lcrypto -lrt -lcrypto -lrt -lz -lgssapi_krb5 -lkrb5 -lk5crypto -lcom_err 
make[4]: Leaving directory '/<<PKGBUILDDIR>>/build-openssl'
[ 64%] Built target samplesftp
make -f examples/CMakeFiles/libsshpp_noexcept.dir/build.make examples/CMakeFiles/libsshpp_noexcept.dir/depend
make[4]: Entering directory '/<<PKGBUILDDIR>>/build-openssl'
cd "/<<PKGBUILDDIR>>/build-openssl" && /usr/bin/cmake -E cmake_depends "Unix Makefiles" "/<<PKGBUILDDIR>>" "/<<PKGBUILDDIR>>/examples" "/<<PKGBUILDDIR>>/build-openssl" "/<<PKGBUILDDIR>>/build-openssl/examples" "/<<PKGBUILDDIR>>/build-openssl/examples/CMakeFiles/libsshpp_noexcept.dir/DependInfo.cmake" --color=
Scanning dependencies of target libsshpp_noexcept
make[4]: Leaving directory '/<<PKGBUILDDIR>>/build-openssl'
make -f examples/CMakeFiles/libsshpp_noexcept.dir/build.make examples/CMakeFiles/libsshpp_noexcept.dir/build
make[4]: Entering directory '/<<PKGBUILDDIR>>/build-openssl'
[ 64%] Building CXX object examples/CMakeFiles/libsshpp_noexcept.dir/libsshpp_noexcept.cpp.o
cd "/<<PKGBUILDDIR>>/build-openssl/examples" && /usr/bin/c++   -I"/<<PKGBUILDDIR>>/build-openssl/examples" -I"/<<PKGBUILDDIR>>/examples" -I"/<<PKGBUILDDIR>>/include" -I"/<<PKGBUILDDIR>>/build-openssl"  -g -O2 -fdebug-prefix-map=/<<PKGBUILDDIR>>=. -fstack-protector-strong -Wformat -Werror=format-security -Wdate-time -D_FORTIFY_SOURCE=2   -o CMakeFiles/libsshpp_noexcept.dir/libsshpp_noexcept.cpp.o -c "/<<PKGBUILDDIR>>/examples/libsshpp_noexcept.cpp"
[ 65%] Linking CXX executable libsshpp_noexcept
cd "/<<PKGBUILDDIR>>/build-openssl/examples" && /usr/bin/cmake -E cmake_link_script CMakeFiles/libsshpp_noexcept.dir/link.txt --verbose=1
/usr/bin/c++  -g -O2 -fdebug-prefix-map=/<<PKGBUILDDIR>>=. -fstack-protector-strong -Wformat -Werror=format-security -Wdate-time -D_FORTIFY_SOURCE=2  -Wl,-z,relro -Wl,-z,now -Wl,-z,defs -Wl,-O1 -Wl,--as-needed -rdynamic CMakeFiles/libsshpp_noexcept.dir/libsshpp_noexcept.cpp.o  -o libsshpp_noexcept -Wl,-rpath,"/<<PKGBUILDDIR>>/build-openssl/src" ../src/libssh.so.4.5.0 -lcrypto -lrt -lcrypto -lrt -lz -lgssapi_krb5 -lkrb5 -lk5crypto -lcom_err 
make[4]: Leaving directory '/<<PKGBUILDDIR>>/build-openssl'
[ 65%] Built target libsshpp_noexcept
make -f examples/CMakeFiles/sshnetcat.dir/build.make examples/CMakeFiles/sshnetcat.dir/depend
make[4]: Entering directory '/<<PKGBUILDDIR>>/build-openssl'
cd "/<<PKGBUILDDIR>>/build-openssl" && /usr/bin/cmake -E cmake_depends "Unix Makefiles" "/<<PKGBUILDDIR>>" "/<<PKGBUILDDIR>>/examples" "/<<PKGBUILDDIR>>/build-openssl" "/<<PKGBUILDDIR>>/build-openssl/examples" "/<<PKGBUILDDIR>>/build-openssl/examples/CMakeFiles/sshnetcat.dir/DependInfo.cmake" --color=
Scanning dependencies of target sshnetcat
make[4]: Leaving directory '/<<PKGBUILDDIR>>/build-openssl'
make -f examples/CMakeFiles/sshnetcat.dir/build.make examples/CMakeFiles/sshnetcat.dir/build
make[4]: Entering directory '/<<PKGBUILDDIR>>/build-openssl'
[ 65%] Building C object examples/CMakeFiles/sshnetcat.dir/sshnetcat.c.o
cd "/<<PKGBUILDDIR>>/build-openssl/examples" && /usr/bin/cc  -I"/<<PKGBUILDDIR>>/build-openssl/examples" -I"/<<PKGBUILDDIR>>/examples" -I"/<<PKGBUILDDIR>>/include" -I"/<<PKGBUILDDIR>>/build-openssl"  -g -O2 -fdebug-prefix-map=/<<PKGBUILDDIR>>=. -fstack-protector-strong -Wformat -Werror=format-security -Wdate-time -D_FORTIFY_SOURCE=2 -std=gnu99 -pedantic -pedantic-errors -Wall -Wextra -Wshadow -Wmissing-prototypes -Wdeclaration-after-statement -Wunused -Wfloat-equal -Wpointer-arith -Wwrite-strings -Wformat-security -Wmissing-format-attribute -fPIC -fstack-protector -D_LARGEFILE64_SOURCE   -o CMakeFiles/sshnetcat.dir/sshnetcat.c.o   -c "/<<PKGBUILDDIR>>/examples/sshnetcat.c"
[ 66%] Building C object examples/CMakeFiles/sshnetcat.dir/authentication.c.o
cd "/<<PKGBUILDDIR>>/build-openssl/examples" && /usr/bin/cc  -I"/<<PKGBUILDDIR>>/build-openssl/examples" -I"/<<PKGBUILDDIR>>/examples" -I"/<<PKGBUILDDIR>>/include" -I"/<<PKGBUILDDIR>>/build-openssl"  -g -O2 -fdebug-prefix-map=/<<PKGBUILDDIR>>=. -fstack-protector-strong -Wformat -Werror=format-security -Wdate-time -D_FORTIFY_SOURCE=2 -std=gnu99 -pedantic -pedantic-errors -Wall -Wextra -Wshadow -Wmissing-prototypes -Wdeclaration-after-statement -Wunused -Wfloat-equal -Wpointer-arith -Wwrite-strings -Wformat-security -Wmissing-format-attribute -fPIC -fstack-protector -D_LARGEFILE64_SOURCE   -o CMakeFiles/sshnetcat.dir/authentication.c.o   -c "/<<PKGBUILDDIR>>/examples/authentication.c"
[ 66%] Building C object examples/CMakeFiles/sshnetcat.dir/knownhosts.c.o
cd "/<<PKGBUILDDIR>>/build-openssl/examples" && /usr/bin/cc  -I"/<<PKGBUILDDIR>>/build-openssl/examples" -I"/<<PKGBUILDDIR>>/examples" -I"/<<PKGBUILDDIR>>/include" -I"/<<PKGBUILDDIR>>/build-openssl"  -g -O2 -fdebug-prefix-map=/<<PKGBUILDDIR>>=. -fstack-protector-strong -Wformat -Werror=format-security -Wdate-time -D_FORTIFY_SOURCE=2 -std=gnu99 -pedantic -pedantic-errors -Wall -Wextra -Wshadow -Wmissing-prototypes -Wdeclaration-after-statement -Wunused -Wfloat-equal -Wpointer-arith -Wwrite-strings -Wformat-security -Wmissing-format-attribute -fPIC -fstack-protector -D_LARGEFILE64_SOURCE   -o CMakeFiles/sshnetcat.dir/knownhosts.c.o   -c "/<<PKGBUILDDIR>>/examples/knownhosts.c"
[ 67%] Building C object examples/CMakeFiles/sshnetcat.dir/connect_ssh.c.o
cd "/<<PKGBUILDDIR>>/build-openssl/examples" && /usr/bin/cc  -I"/<<PKGBUILDDIR>>/build-openssl/examples" -I"/<<PKGBUILDDIR>>/examples" -I"/<<PKGBUILDDIR>>/include" -I"/<<PKGBUILDDIR>>/build-openssl"  -g -O2 -fdebug-prefix-map=/<<PKGBUILDDIR>>=. -fstack-protector-strong -Wformat -Werror=format-security -Wdate-time -D_FORTIFY_SOURCE=2 -std=gnu99 -pedantic -pedantic-errors -Wall -Wextra -Wshadow -Wmissing-prototypes -Wdeclaration-after-statement -Wunused -Wfloat-equal -Wpointer-arith -Wwrite-strings -Wformat-security -Wmissing-format-attribute -fPIC -fstack-protector -D_LARGEFILE64_SOURCE   -o CMakeFiles/sshnetcat.dir/connect_ssh.c.o   -c "/<<PKGBUILDDIR>>/examples/connect_ssh.c"
[ 67%] Linking C executable sshnetcat
cd "/<<PKGBUILDDIR>>/build-openssl/examples" && /usr/bin/cmake -E cmake_link_script CMakeFiles/sshnetcat.dir/link.txt --verbose=1
/usr/bin/cc -g -O2 -fdebug-prefix-map=/<<PKGBUILDDIR>>=. -fstack-protector-strong -Wformat -Werror=format-security -Wdate-time -D_FORTIFY_SOURCE=2 -std=gnu99 -pedantic -pedantic-errors -Wall -Wextra -Wshadow -Wmissing-prototypes -Wdeclaration-after-statement -Wunused -Wfloat-equal -Wpointer-arith -Wwrite-strings -Wformat-security -Wmissing-format-attribute -fPIC -fstack-protector -D_LARGEFILE64_SOURCE  -Wl,-z,relro -Wl,-z,now -Wl,-z,defs -Wl,-O1 -Wl,--as-needed -rdynamic CMakeFiles/sshnetcat.dir/sshnetcat.c.o CMakeFiles/sshnetcat.dir/authentication.c.o CMakeFiles/sshnetcat.dir/knownhosts.c.o CMakeFiles/sshnetcat.dir/connect_ssh.c.o  -o sshnetcat -Wl,-rpath,"/<<PKGBUILDDIR>>/build-openssl/src" ../src/libssh.so.4.5.0 -lcrypto -lrt -lcrypto -lrt -lz -lgssapi_krb5 -lkrb5 -lk5crypto -lcom_err 
make[4]: Leaving directory '/<<PKGBUILDDIR>>/build-openssl'
[ 67%] Built target sshnetcat
make -f examples/CMakeFiles/libssh_scp.dir/build.make examples/CMakeFiles/libssh_scp.dir/depend
make[4]: Entering directory '/<<PKGBUILDDIR>>/build-openssl'
cd "/<<PKGBUILDDIR>>/build-openssl" && /usr/bin/cmake -E cmake_depends "Unix Makefiles" "/<<PKGBUILDDIR>>" "/<<PKGBUILDDIR>>/examples" "/<<PKGBUILDDIR>>/build-openssl" "/<<PKGBUILDDIR>>/build-openssl/examples" "/<<PKGBUILDDIR>>/build-openssl/examples/CMakeFiles/libssh_scp.dir/DependInfo.cmake" --color=
Scanning dependencies of target libssh_scp
make[4]: Leaving directory '/<<PKGBUILDDIR>>/build-openssl'
make -f examples/CMakeFiles/libssh_scp.dir/build.make examples/CMakeFiles/libssh_scp.dir/build
make[4]: Entering directory '/<<PKGBUILDDIR>>/build-openssl'
[ 68%] Building C object examples/CMakeFiles/libssh_scp.dir/libssh_scp.c.o
cd "/<<PKGBUILDDIR>>/build-openssl/examples" && /usr/bin/cc  -I"/<<PKGBUILDDIR>>/build-openssl/examples" -I"/<<PKGBUILDDIR>>/examples" -I"/<<PKGBUILDDIR>>/include" -I"/<<PKGBUILDDIR>>/build-openssl"  -g -O2 -fdebug-prefix-map=/<<PKGBUILDDIR>>=. -fstack-protector-strong -Wformat -Werror=format-security -Wdate-time -D_FORTIFY_SOURCE=2 -std=gnu99 -pedantic -pedantic-errors -Wall -Wextra -Wshadow -Wmissing-prototypes -Wdeclaration-after-statement -Wunused -Wfloat-equal -Wpointer-arith -Wwrite-strings -Wformat-security -Wmissing-format-attribute -fPIC -fstack-protector -D_LARGEFILE64_SOURCE   -o CMakeFiles/libssh_scp.dir/libssh_scp.c.o   -c "/<<PKGBUILDDIR>>/examples/libssh_scp.c"
[ 68%] Building C object examples/CMakeFiles/libssh_scp.dir/authentication.c.o
cd "/<<PKGBUILDDIR>>/build-openssl/examples" && /usr/bin/cc  -I"/<<PKGBUILDDIR>>/build-openssl/examples" -I"/<<PKGBUILDDIR>>/examples" -I"/<<PKGBUILDDIR>>/include" -I"/<<PKGBUILDDIR>>/build-openssl"  -g -O2 -fdebug-prefix-map=/<<PKGBUILDDIR>>=. -fstack-protector-strong -Wformat -Werror=format-security -Wdate-time -D_FORTIFY_SOURCE=2 -std=gnu99 -pedantic -pedantic-errors -Wall -Wextra -Wshadow -Wmissing-prototypes -Wdeclaration-after-statement -Wunused -Wfloat-equal -Wpointer-arith -Wwrite-strings -Wformat-security -Wmissing-format-attribute -fPIC -fstack-protector -D_LARGEFILE64_SOURCE   -o CMakeFiles/libssh_scp.dir/authentication.c.o   -c "/<<PKGBUILDDIR>>/examples/authentication.c"
[ 69%] Building C object examples/CMakeFiles/libssh_scp.dir/knownhosts.c.o
cd "/<<PKGBUILDDIR>>/build-openssl/examples" && /usr/bin/cc  -I"/<<PKGBUILDDIR>>/build-openssl/examples" -I"/<<PKGBUILDDIR>>/examples" -I"/<<PKGBUILDDIR>>/include" -I"/<<PKGBUILDDIR>>/build-openssl"  -g -O2 -fdebug-prefix-map=/<<PKGBUILDDIR>>=. -fstack-protector-strong -Wformat -Werror=format-security -Wdate-time -D_FORTIFY_SOURCE=2 -std=gnu99 -pedantic -pedantic-errors -Wall -Wextra -Wshadow -Wmissing-prototypes -Wdeclaration-after-statement -Wunused -Wfloat-equal -Wpointer-arith -Wwrite-strings -Wformat-security -Wmissing-format-attribute -fPIC -fstack-protector -D_LARGEFILE64_SOURCE   -o CMakeFiles/libssh_scp.dir/knownhosts.c.o   -c "/<<PKGBUILDDIR>>/examples/knownhosts.c"
[ 69%] Building C object examples/CMakeFiles/libssh_scp.dir/connect_ssh.c.o
cd "/<<PKGBUILDDIR>>/build-openssl/examples" && /usr/bin/cc  -I"/<<PKGBUILDDIR>>/build-openssl/examples" -I"/<<PKGBUILDDIR>>/examples" -I"/<<PKGBUILDDIR>>/include" -I"/<<PKGBUILDDIR>>/build-openssl"  -g -O2 -fdebug-prefix-map=/<<PKGBUILDDIR>>=. -fstack-protector-strong -Wformat -Werror=format-security -Wdate-time -D_FORTIFY_SOURCE=2 -std=gnu99 -pedantic -pedantic-errors -Wall -Wextra -Wshadow -Wmissing-prototypes -Wdeclaration-after-statement -Wunused -Wfloat-equal -Wpointer-arith -Wwrite-strings -Wformat-security -Wmissing-format-attribute -fPIC -fstack-protector -D_LARGEFILE64_SOURCE   -o CMakeFiles/libssh_scp.dir/connect_ssh.c.o   -c "/<<PKGBUILDDIR>>/examples/connect_ssh.c"
[ 70%] Linking C executable libssh_scp
cd "/<<PKGBUILDDIR>>/build-openssl/examples" && /usr/bin/cmake -E cmake_link_script CMakeFiles/libssh_scp.dir/link.txt --verbose=1
/usr/bin/cc -g -O2 -fdebug-prefix-map=/<<PKGBUILDDIR>>=. -fstack-protector-strong -Wformat -Werror=format-security -Wdate-time -D_FORTIFY_SOURCE=2 -std=gnu99 -pedantic -pedantic-errors -Wall -Wextra -Wshadow -Wmissing-prototypes -Wdeclaration-after-statement -Wunused -Wfloat-equal -Wpointer-arith -Wwrite-strings -Wformat-security -Wmissing-format-attribute -fPIC -fstack-protector -D_LARGEFILE64_SOURCE  -Wl,-z,relro -Wl,-z,now -Wl,-z,defs -Wl,-O1 -Wl,--as-needed -rdynamic CMakeFiles/libssh_scp.dir/libssh_scp.c.o CMakeFiles/libssh_scp.dir/authentication.c.o CMakeFiles/libssh_scp.dir/knownhosts.c.o CMakeFiles/libssh_scp.dir/connect_ssh.c.o  -o libssh_scp -Wl,-rpath,"/<<PKGBUILDDIR>>/build-openssl/src" ../src/libssh.so.4.5.0 -lcrypto -lrt -lcrypto -lrt -lz -lgssapi_krb5 -lkrb5 -lk5crypto -lcom_err 
make[4]: Leaving directory '/<<PKGBUILDDIR>>/build-openssl'
[ 70%] Built target libssh_scp
make -f examples/CMakeFiles/scp_download.dir/build.make examples/CMakeFiles/scp_download.dir/depend
make[4]: Entering directory '/<<PKGBUILDDIR>>/build-openssl'
cd "/<<PKGBUILDDIR>>/build-openssl" && /usr/bin/cmake -E cmake_depends "Unix Makefiles" "/<<PKGBUILDDIR>>" "/<<PKGBUILDDIR>>/examples" "/<<PKGBUILDDIR>>/build-openssl" "/<<PKGBUILDDIR>>/build-openssl/examples" "/<<PKGBUILDDIR>>/build-openssl/examples/CMakeFiles/scp_download.dir/DependInfo.cmake" --color=
Scanning dependencies of target scp_download
make[4]: Leaving directory '/<<PKGBUILDDIR>>/build-openssl'
make -f examples/CMakeFiles/scp_download.dir/build.make examples/CMakeFiles/scp_download.dir/build
make[4]: Entering directory '/<<PKGBUILDDIR>>/build-openssl'
[ 70%] Building C object examples/CMakeFiles/scp_download.dir/scp_download.c.o
cd "/<<PKGBUILDDIR>>/build-openssl/examples" && /usr/bin/cc  -I"/<<PKGBUILDDIR>>/build-openssl/examples" -I"/<<PKGBUILDDIR>>/examples" -I"/<<PKGBUILDDIR>>/include" -I"/<<PKGBUILDDIR>>/build-openssl"  -g -O2 -fdebug-prefix-map=/<<PKGBUILDDIR>>=. -fstack-protector-strong -Wformat -Werror=format-security -Wdate-time -D_FORTIFY_SOURCE=2 -std=gnu99 -pedantic -pedantic-errors -Wall -Wextra -Wshadow -Wmissing-prototypes -Wdeclaration-after-statement -Wunused -Wfloat-equal -Wpointer-arith -Wwrite-strings -Wformat-security -Wmissing-format-attribute -fPIC -fstack-protector -D_LARGEFILE64_SOURCE   -o CMakeFiles/scp_download.dir/scp_download.c.o   -c "/<<PKGBUILDDIR>>/examples/scp_download.c"
[ 71%] Building C object examples/CMakeFiles/scp_download.dir/authentication.c.o
cd "/<<PKGBUILDDIR>>/build-openssl/examples" && /usr/bin/cc  -I"/<<PKGBUILDDIR>>/build-openssl/examples" -I"/<<PKGBUILDDIR>>/examples" -I"/<<PKGBUILDDIR>>/include" -I"/<<PKGBUILDDIR>>/build-openssl"  -g -O2 -fdebug-prefix-map=/<<PKGBUILDDIR>>=. -fstack-protector-strong -Wformat -Werror=format-security -Wdate-time -D_FORTIFY_SOURCE=2 -std=gnu99 -pedantic -pedantic-errors -Wall -Wextra -Wshadow -Wmissing-prototypes -Wdeclaration-after-statement -Wunused -Wfloat-equal -Wpointer-arith -Wwrite-strings -Wformat-security -Wmissing-format-attribute -fPIC -fstack-protector -D_LARGEFILE64_SOURCE   -o CMakeFiles/scp_download.dir/authentication.c.o   -c "/<<PKGBUILDDIR>>/examples/authentication.c"
[ 71%] Building C object examples/CMakeFiles/scp_download.dir/knownhosts.c.o
cd "/<<PKGBUILDDIR>>/build-openssl/examples" && /usr/bin/cc  -I"/<<PKGBUILDDIR>>/build-openssl/examples" -I"/<<PKGBUILDDIR>>/examples" -I"/<<PKGBUILDDIR>>/include" -I"/<<PKGBUILDDIR>>/build-openssl"  -g -O2 -fdebug-prefix-map=/<<PKGBUILDDIR>>=. -fstack-protector-strong -Wformat -Werror=format-security -Wdate-time -D_FORTIFY_SOURCE=2 -std=gnu99 -pedantic -pedantic-errors -Wall -Wextra -Wshadow -Wmissing-prototypes -Wdeclaration-after-statement -Wunused -Wfloat-equal -Wpointer-arith -Wwrite-strings -Wformat-security -Wmissing-format-attribute -fPIC -fstack-protector -D_LARGEFILE64_SOURCE   -o CMakeFiles/scp_download.dir/knownhosts.c.o   -c "/<<PKGBUILDDIR>>/examples/knownhosts.c"
[ 72%] Building C object examples/CMakeFiles/scp_download.dir/connect_ssh.c.o
cd "/<<PKGBUILDDIR>>/build-openssl/examples" && /usr/bin/cc  -I"/<<PKGBUILDDIR>>/build-openssl/examples" -I"/<<PKGBUILDDIR>>/examples" -I"/<<PKGBUILDDIR>>/include" -I"/<<PKGBUILDDIR>>/build-openssl"  -g -O2 -fdebug-prefix-map=/<<PKGBUILDDIR>>=. -fstack-protector-strong -Wformat -Werror=format-security -Wdate-time -D_FORTIFY_SOURCE=2 -std=gnu99 -pedantic -pedantic-errors -Wall -Wextra -Wshadow -Wmissing-prototypes -Wdeclaration-after-statement -Wunused -Wfloat-equal -Wpointer-arith -Wwrite-strings -Wformat-security -Wmissing-format-attribute -fPIC -fstack-protector -D_LARGEFILE64_SOURCE   -o CMakeFiles/scp_download.dir/connect_ssh.c.o   -c "/<<PKGBUILDDIR>>/examples/connect_ssh.c"
[ 72%] Linking C executable scp_download
cd "/<<PKGBUILDDIR>>/build-openssl/examples" && /usr/bin/cmake -E cmake_link_script CMakeFiles/scp_download.dir/link.txt --verbose=1
/usr/bin/cc -g -O2 -fdebug-prefix-map=/<<PKGBUILDDIR>>=. -fstack-protector-strong -Wformat -Werror=format-security -Wdate-time -D_FORTIFY_SOURCE=2 -std=gnu99 -pedantic -pedantic-errors -Wall -Wextra -Wshadow -Wmissing-prototypes -Wdeclaration-after-statement -Wunused -Wfloat-equal -Wpointer-arith -Wwrite-strings -Wformat-security -Wmissing-format-attribute -fPIC -fstack-protector -D_LARGEFILE64_SOURCE  -Wl,-z,relro -Wl,-z,now -Wl,-z,defs -Wl,-O1 -Wl,--as-needed -rdynamic CMakeFiles/scp_download.dir/scp_download.c.o CMakeFiles/scp_download.dir/authentication.c.o CMakeFiles/scp_download.dir/knownhosts.c.o CMakeFiles/scp_download.dir/connect_ssh.c.o  -o scp_download -Wl,-rpath,"/<<PKGBUILDDIR>>/build-openssl/src" ../src/libssh.so.4.5.0 -lcrypto -lrt -lcrypto -lrt -lz -lgssapi_krb5 -lkrb5 -lk5crypto -lcom_err 
make[4]: Leaving directory '/<<PKGBUILDDIR>>/build-openssl'
[ 72%] Built target scp_download
make -f examples/CMakeFiles/exec.dir/build.make examples/CMakeFiles/exec.dir/depend
make[4]: Entering directory '/<<PKGBUILDDIR>>/build-openssl'
cd "/<<PKGBUILDDIR>>/build-openssl" && /usr/bin/cmake -E cmake_depends "Unix Makefiles" "/<<PKGBUILDDIR>>" "/<<PKGBUILDDIR>>/examples" "/<<PKGBUILDDIR>>/build-openssl" "/<<PKGBUILDDIR>>/build-openssl/examples" "/<<PKGBUILDDIR>>/build-openssl/examples/CMakeFiles/exec.dir/DependInfo.cmake" --color=
Scanning dependencies of target exec
make[4]: Leaving directory '/<<PKGBUILDDIR>>/build-openssl'
make -f examples/CMakeFiles/exec.dir/build.make examples/CMakeFiles/exec.dir/build
make[4]: Entering directory '/<<PKGBUILDDIR>>/build-openssl'
[ 72%] Building C object examples/CMakeFiles/exec.dir/exec.c.o
cd "/<<PKGBUILDDIR>>/build-openssl/examples" && /usr/bin/cc  -I"/<<PKGBUILDDIR>>/build-openssl/examples" -I"/<<PKGBUILDDIR>>/examples" -I"/<<PKGBUILDDIR>>/include" -I"/<<PKGBUILDDIR>>/build-openssl"  -g -O2 -fdebug-prefix-map=/<<PKGBUILDDIR>>=. -fstack-protector-strong -Wformat -Werror=format-security -Wdate-time -D_FORTIFY_SOURCE=2 -std=gnu99 -pedantic -pedantic-errors -Wall -Wextra -Wshadow -Wmissing-prototypes -Wdeclaration-after-statement -Wunused -Wfloat-equal -Wpointer-arith -Wwrite-strings -Wformat-security -Wmissing-format-attribute -fPIC -fstack-protector -D_LARGEFILE64_SOURCE   -o CMakeFiles/exec.dir/exec.c.o   -c "/<<PKGBUILDDIR>>/examples/exec.c"
[ 73%] Building C object examples/CMakeFiles/exec.dir/authentication.c.o
cd "/<<PKGBUILDDIR>>/build-openssl/examples" && /usr/bin/cc  -I"/<<PKGBUILDDIR>>/build-openssl/examples" -I"/<<PKGBUILDDIR>>/examples" -I"/<<PKGBUILDDIR>>/include" -I"/<<PKGBUILDDIR>>/build-openssl"  -g -O2 -fdebug-prefix-map=/<<PKGBUILDDIR>>=. -fstack-protector-strong -Wformat -Werror=format-security -Wdate-time -D_FORTIFY_SOURCE=2 -std=gnu99 -pedantic -pedantic-errors -Wall -Wextra -Wshadow -Wmissing-prototypes -Wdeclaration-after-statement -Wunused -Wfloat-equal -Wpointer-arith -Wwrite-strings -Wformat-security -Wmissing-format-attribute -fPIC -fstack-protector -D_LARGEFILE64_SOURCE   -o CMakeFiles/exec.dir/authentication.c.o   -c "/<<PKGBUILDDIR>>/examples/authentication.c"
[ 73%] Building C object examples/CMakeFiles/exec.dir/knownhosts.c.o
cd "/<<PKGBUILDDIR>>/build-openssl/examples" && /usr/bin/cc  -I"/<<PKGBUILDDIR>>/build-openssl/examples" -I"/<<PKGBUILDDIR>>/examples" -I"/<<PKGBUILDDIR>>/include" -I"/<<PKGBUILDDIR>>/build-openssl"  -g -O2 -fdebug-prefix-map=/<<PKGBUILDDIR>>=. -fstack-protector-strong -Wformat -Werror=format-security -Wdate-time -D_FORTIFY_SOURCE=2 -std=gnu99 -pedantic -pedantic-errors -Wall -Wextra -Wshadow -Wmissing-prototypes -Wdeclaration-after-statement -Wunused -Wfloat-equal -Wpointer-arith -Wwrite-strings -Wformat-security -Wmissing-format-attribute -fPIC -fstack-protector -D_LARGEFILE64_SOURCE   -o CMakeFiles/exec.dir/knownhosts.c.o   -c "/<<PKGBUILDDIR>>/examples/knownhosts.c"
[ 74%] Building C object examples/CMakeFiles/exec.dir/connect_ssh.c.o
cd "/<<PKGBUILDDIR>>/build-openssl/examples" && /usr/bin/cc  -I"/<<PKGBUILDDIR>>/build-openssl/examples" -I"/<<PKGBUILDDIR>>/examples" -I"/<<PKGBUILDDIR>>/include" -I"/<<PKGBUILDDIR>>/build-openssl"  -g -O2 -fdebug-prefix-map=/<<PKGBUILDDIR>>=. -fstack-protector-strong -Wformat -Werror=format-security -Wdate-time -D_FORTIFY_SOURCE=2 -std=gnu99 -pedantic -pedantic-errors -Wall -Wextra -Wshadow -Wmissing-prototypes -Wdeclaration-after-statement -Wunused -Wfloat-equal -Wpointer-arith -Wwrite-strings -Wformat-security -Wmissing-format-attribute -fPIC -fstack-protector -D_LARGEFILE64_SOURCE   -o CMakeFiles/exec.dir/connect_ssh.c.o   -c "/<<PKGBUILDDIR>>/examples/connect_ssh.c"
[ 74%] Linking C executable exec
cd "/<<PKGBUILDDIR>>/build-openssl/examples" && /usr/bin/cmake -E cmake_link_script CMakeFiles/exec.dir/link.txt --verbose=1
/usr/bin/cc -g -O2 -fdebug-prefix-map=/<<PKGBUILDDIR>>=. -fstack-protector-strong -Wformat -Werror=format-security -Wdate-time -D_FORTIFY_SOURCE=2 -std=gnu99 -pedantic -pedantic-errors -Wall -Wextra -Wshadow -Wmissing-prototypes -Wdeclaration-after-statement -Wunused -Wfloat-equal -Wpointer-arith -Wwrite-strings -Wformat-security -Wmissing-format-attribute -fPIC -fstack-protector -D_LARGEFILE64_SOURCE  -Wl,-z,relro -Wl,-z,now -Wl,-z,defs -Wl,-O1 -Wl,--as-needed -rdynamic CMakeFiles/exec.dir/exec.c.o CMakeFiles/exec.dir/authentication.c.o CMakeFiles/exec.dir/knownhosts.c.o CMakeFiles/exec.dir/connect_ssh.c.o  -o exec -Wl,-rpath,"/<<PKGBUILDDIR>>/build-openssl/src" ../src/libssh.so.4.5.0 -lcrypto -lrt -lcrypto -lrt -lz -lgssapi_krb5 -lkrb5 -lk5crypto -lcom_err 
make[4]: Leaving directory '/<<PKGBUILDDIR>>/build-openssl'
[ 74%] Built target exec
make -f examples/CMakeFiles/senddata.dir/build.make examples/CMakeFiles/senddata.dir/depend
make[4]: Entering directory '/<<PKGBUILDDIR>>/build-openssl'
cd "/<<PKGBUILDDIR>>/build-openssl" && /usr/bin/cmake -E cmake_depends "Unix Makefiles" "/<<PKGBUILDDIR>>" "/<<PKGBUILDDIR>>/examples" "/<<PKGBUILDDIR>>/build-openssl" "/<<PKGBUILDDIR>>/build-openssl/examples" "/<<PKGBUILDDIR>>/build-openssl/examples/CMakeFiles/senddata.dir/DependInfo.cmake" --color=
Scanning dependencies of target senddata
make[4]: Leaving directory '/<<PKGBUILDDIR>>/build-openssl'
make -f examples/CMakeFiles/senddata.dir/build.make examples/CMakeFiles/senddata.dir/build
make[4]: Entering directory '/<<PKGBUILDDIR>>/build-openssl'
[ 75%] Building C object examples/CMakeFiles/senddata.dir/senddata.c.o
cd "/<<PKGBUILDDIR>>/build-openssl/examples" && /usr/bin/cc  -I"/<<PKGBUILDDIR>>/build-openssl/examples" -I"/<<PKGBUILDDIR>>/examples" -I"/<<PKGBUILDDIR>>/include" -I"/<<PKGBUILDDIR>>/build-openssl"  -g -O2 -fdebug-prefix-map=/<<PKGBUILDDIR>>=. -fstack-protector-strong -Wformat -Werror=format-security -Wdate-time -D_FORTIFY_SOURCE=2 -std=gnu99 -pedantic -pedantic-errors -Wall -Wextra -Wshadow -Wmissing-prototypes -Wdeclaration-after-statement -Wunused -Wfloat-equal -Wpointer-arith -Wwrite-strings -Wformat-security -Wmissing-format-attribute -fPIC -fstack-protector -D_LARGEFILE64_SOURCE   -o CMakeFiles/senddata.dir/senddata.c.o   -c "/<<PKGBUILDDIR>>/examples/senddata.c"
[ 75%] Building C object examples/CMakeFiles/senddata.dir/authentication.c.o
cd "/<<PKGBUILDDIR>>/build-openssl/examples" && /usr/bin/cc  -I"/<<PKGBUILDDIR>>/build-openssl/examples" -I"/<<PKGBUILDDIR>>/examples" -I"/<<PKGBUILDDIR>>/include" -I"/<<PKGBUILDDIR>>/build-openssl"  -g -O2 -fdebug-prefix-map=/<<PKGBUILDDIR>>=. -fstack-protector-strong -Wformat -Werror=format-security -Wdate-time -D_FORTIFY_SOURCE=2 -std=gnu99 -pedantic -pedantic-errors -Wall -Wextra -Wshadow -Wmissing-prototypes -Wdeclaration-after-statement -Wunused -Wfloat-equal -Wpointer-arith -Wwrite-strings -Wformat-security -Wmissing-format-attribute -fPIC -fstack-protector -D_LARGEFILE64_SOURCE   -o CMakeFiles/senddata.dir/authentication.c.o   -c "/<<PKGBUILDDIR>>/examples/authentication.c"
[ 76%] Building C object examples/CMakeFiles/senddata.dir/knownhosts.c.o
cd "/<<PKGBUILDDIR>>/build-openssl/examples" && /usr/bin/cc  -I"/<<PKGBUILDDIR>>/build-openssl/examples" -I"/<<PKGBUILDDIR>>/examples" -I"/<<PKGBUILDDIR>>/include" -I"/<<PKGBUILDDIR>>/build-openssl"  -g -O2 -fdebug-prefix-map=/<<PKGBUILDDIR>>=. -fstack-protector-strong -Wformat -Werror=format-security -Wdate-time -D_FORTIFY_SOURCE=2 -std=gnu99 -pedantic -pedantic-errors -Wall -Wextra -Wshadow -Wmissing-prototypes -Wdeclaration-after-statement -Wunused -Wfloat-equal -Wpointer-arith -Wwrite-strings -Wformat-security -Wmissing-format-attribute -fPIC -fstack-protector -D_LARGEFILE64_SOURCE   -o CMakeFiles/senddata.dir/knownhosts.c.o   -c "/<<PKGBUILDDIR>>/examples/knownhosts.c"
[ 76%] Building C object examples/CMakeFiles/senddata.dir/connect_ssh.c.o
cd "/<<PKGBUILDDIR>>/build-openssl/examples" && /usr/bin/cc  -I"/<<PKGBUILDDIR>>/build-openssl/examples" -I"/<<PKGBUILDDIR>>/examples" -I"/<<PKGBUILDDIR>>/include" -I"/<<PKGBUILDDIR>>/build-openssl"  -g -O2 -fdebug-prefix-map=/<<PKGBUILDDIR>>=. -fstack-protector-strong -Wformat -Werror=format-security -Wdate-time -D_FORTIFY_SOURCE=2 -std=gnu99 -pedantic -pedantic-errors -Wall -Wextra -Wshadow -Wmissing-prototypes -Wdeclaration-after-statement -Wunused -Wfloat-equal -Wpointer-arith -Wwrite-strings -Wformat-security -Wmissing-format-attribute -fPIC -fstack-protector -D_LARGEFILE64_SOURCE   -o CMakeFiles/senddata.dir/connect_ssh.c.o   -c "/<<PKGBUILDDIR>>/examples/connect_ssh.c"
[ 77%] Linking C executable senddata
cd "/<<PKGBUILDDIR>>/build-openssl/examples" && /usr/bin/cmake -E cmake_link_script CMakeFiles/senddata.dir/link.txt --verbose=1
/usr/bin/cc -g -O2 -fdebug-prefix-map=/<<PKGBUILDDIR>>=. -fstack-protector-strong -Wformat -Werror=format-security -Wdate-time -D_FORTIFY_SOURCE=2 -std=gnu99 -pedantic -pedantic-errors -Wall -Wextra -Wshadow -Wmissing-prototypes -Wdeclaration-after-statement -Wunused -Wfloat-equal -Wpointer-arith -Wwrite-strings -Wformat-security -Wmissing-format-attribute -fPIC -fstack-protector -D_LARGEFILE64_SOURCE  -Wl,-z,relro -Wl,-z,now -Wl,-z,defs -Wl,-O1 -Wl,--as-needed -rdynamic CMakeFiles/senddata.dir/senddata.c.o CMakeFiles/senddata.dir/authentication.c.o CMakeFiles/senddata.dir/knownhosts.c.o CMakeFiles/senddata.dir/connect_ssh.c.o  -o senddata -Wl,-rpath,"/<<PKGBUILDDIR>>/build-openssl/src" ../src/libssh.so.4.5.0 -lcrypto -lrt -lcrypto -lrt -lz -lgssapi_krb5 -lkrb5 -lk5crypto -lcom_err 
make[4]: Leaving directory '/<<PKGBUILDDIR>>/build-openssl'
[ 77%] Built target senddata
make -f examples/CMakeFiles/libsshpp.dir/build.make examples/CMakeFiles/libsshpp.dir/depend
make[4]: Entering directory '/<<PKGBUILDDIR>>/build-openssl'
cd "/<<PKGBUILDDIR>>/build-openssl" && /usr/bin/cmake -E cmake_depends "Unix Makefiles" "/<<PKGBUILDDIR>>" "/<<PKGBUILDDIR>>/examples" "/<<PKGBUILDDIR>>/build-openssl" "/<<PKGBUILDDIR>>/build-openssl/examples" "/<<PKGBUILDDIR>>/build-openssl/examples/CMakeFiles/libsshpp.dir/DependInfo.cmake" --color=
Scanning dependencies of target libsshpp
make[4]: Leaving directory '/<<PKGBUILDDIR>>/build-openssl'
make -f examples/CMakeFiles/libsshpp.dir/build.make examples/CMakeFiles/libsshpp.dir/build
make[4]: Entering directory '/<<PKGBUILDDIR>>/build-openssl'
[ 77%] Building CXX object examples/CMakeFiles/libsshpp.dir/libsshpp.cpp.o
cd "/<<PKGBUILDDIR>>/build-openssl/examples" && /usr/bin/c++   -I"/<<PKGBUILDDIR>>/build-openssl/examples" -I"/<<PKGBUILDDIR>>/examples" -I"/<<PKGBUILDDIR>>/include" -I"/<<PKGBUILDDIR>>/build-openssl"  -g -O2 -fdebug-prefix-map=/<<PKGBUILDDIR>>=. -fstack-protector-strong -Wformat -Werror=format-security -Wdate-time -D_FORTIFY_SOURCE=2   -o CMakeFiles/libsshpp.dir/libsshpp.cpp.o -c "/<<PKGBUILDDIR>>/examples/libsshpp.cpp"
[ 78%] Linking CXX executable libsshpp
cd "/<<PKGBUILDDIR>>/build-openssl/examples" && /usr/bin/cmake -E cmake_link_script CMakeFiles/libsshpp.dir/link.txt --verbose=1
/usr/bin/c++  -g -O2 -fdebug-prefix-map=/<<PKGBUILDDIR>>=. -fstack-protector-strong -Wformat -Werror=format-security -Wdate-time -D_FORTIFY_SOURCE=2  -Wl,-z,relro -Wl,-z,now -Wl,-z,defs -Wl,-O1 -Wl,--as-needed -rdynamic CMakeFiles/libsshpp.dir/libsshpp.cpp.o  -o libsshpp -Wl,-rpath,"/<<PKGBUILDDIR>>/build-openssl/src" ../src/libssh.so.4.5.0 -lcrypto -lrt -lcrypto -lrt -lz -lgssapi_krb5 -lkrb5 -lk5crypto -lcom_err 
make[4]: Leaving directory '/<<PKGBUILDDIR>>/build-openssl'
[ 78%] Built target libsshpp
make -f examples/CMakeFiles/samplessh.dir/build.make examples/CMakeFiles/samplessh.dir/depend
make[4]: Entering directory '/<<PKGBUILDDIR>>/build-openssl'
cd "/<<PKGBUILDDIR>>/build-openssl" && /usr/bin/cmake -E cmake_depends "Unix Makefiles" "/<<PKGBUILDDIR>>" "/<<PKGBUILDDIR>>/examples" "/<<PKGBUILDDIR>>/build-openssl" "/<<PKGBUILDDIR>>/build-openssl/examples" "/<<PKGBUILDDIR>>/build-openssl/examples/CMakeFiles/samplessh.dir/DependInfo.cmake" --color=
Scanning dependencies of target samplessh
make[4]: Leaving directory '/<<PKGBUILDDIR>>/build-openssl'
make -f examples/CMakeFiles/samplessh.dir/build.make examples/CMakeFiles/samplessh.dir/build
make[4]: Entering directory '/<<PKGBUILDDIR>>/build-openssl'
[ 79%] Building C object examples/CMakeFiles/samplessh.dir/sample.c.o
cd "/<<PKGBUILDDIR>>/build-openssl/examples" && /usr/bin/cc  -I"/<<PKGBUILDDIR>>/build-openssl/examples" -I"/<<PKGBUILDDIR>>/examples" -I"/<<PKGBUILDDIR>>/include" -I"/<<PKGBUILDDIR>>/build-openssl"  -g -O2 -fdebug-prefix-map=/<<PKGBUILDDIR>>=. -fstack-protector-strong -Wformat -Werror=format-security -Wdate-time -D_FORTIFY_SOURCE=2 -std=gnu99 -pedantic -pedantic-errors -Wall -Wextra -Wshadow -Wmissing-prototypes -Wdeclaration-after-statement -Wunused -Wfloat-equal -Wpointer-arith -Wwrite-strings -Wformat-security -Wmissing-format-attribute -fPIC -fstack-protector -D_LARGEFILE64_SOURCE   -o CMakeFiles/samplessh.dir/sample.c.o   -c "/<<PKGBUILDDIR>>/examples/sample.c"
/<<PKGBUILDDIR>>/examples/sample.c:89:2: error: embedding a directive within macro arguments has undefined behavior [-Werror,-Wembedded-directive]
#ifdef WITH_PCAP
 ^
/<<PKGBUILDDIR>>/examples/sample.c:91:2: error: embedding a directive within macro arguments has undefined behavior [-Werror,-Wembedded-directive]
#endif
 ^
/<<PKGBUILDDIR>>/examples/sample.c:92:2: error: embedding a directive within macro arguments has undefined behavior [-Werror,-Wembedded-directive]
#ifndef _WIN32
 ^
/<<PKGBUILDDIR>>/examples/sample.c:94:2: error: embedding a directive within macro arguments has undefined behavior [-Werror,-Wembedded-directive]
#endif
 ^
4 errors generated.
make[4]: *** [examples/CMakeFiles/samplessh.dir/build.make:66: examples/CMakeFiles/samplessh.dir/sample.c.o] Error 1
make[4]: Leaving directory '/<<PKGBUILDDIR>>/build-openssl'
make[3]: *** [CMakeFiles/Makefile2:1541: examples/CMakeFiles/samplessh.dir/all] Error 2
make[3]: Leaving directory '/<<PKGBUILDDIR>>/build-openssl'
make[2]: *** [Makefile:166: all] Error 2
make[2]: Leaving directory '/<<PKGBUILDDIR>>/build-openssl'
dh_auto_build: cd build-openssl && make -j1 returned exit code 2
make[1]: *** [debian/rules:30: override_dh_auto_build] Error 2
make[1]: Leaving directory '/<<PKGBUILDDIR>>'
make: *** [debian/rules:9: build-arch] Error 2
dpkg-buildpackage: error: debian/rules build-arch subprocess returned exit status 2
--------------------------------------------------------------------------------
Build finished at 2018-05-02T12:56:18Z

Finished
--------


+------------------------------------------------------------------------------+
| Cleanup                                                                      |
+------------------------------------------------------------------------------+

Purging /<<BUILDDIR>>
Not cleaning session: cloned chroot in use
E: Build failure (dpkg-buildpackage died)

+------------------------------------------------------------------------------+
| Summary                                                                      |
+------------------------------------------------------------------------------+

Build Architecture: amd64
Build Type: any
Build-Space: 19908
Build-Time: 51
Distribution: unstable
Fail-Stage: build
Host Architecture: amd64
Install-Time: 9
Job: libssh_0.8.0~20170825.94fa1e38-1
Machine Architecture: amd64
Package: libssh
Package-Time: 75
Source-Version: 0.8.0~20170825.94fa1e38-1
Space: 19908
Status: attempted
Version: 0.8.0~20170825.94fa1e38-1
--------------------------------------------------------------------------------
Finished at 2018-05-02T12:56:18Z
Build needed 00:01:15, 19908k disk space
E: Build failure (dpkg-buildpackage died)
DC-Status: Failed 75.555221309s
DC-Time-Estimation: 75.555221309 versus expected 200 (r/m: 1.6470705337762852 ; m: 75.555221309)
