DC-Build-Header: llvmlite 0.22.0-2 / 2018-05-02 13:16:35 +0000
DC-Task: type:rebuild-binarch-only source:llvmlite version:0.22.0-2 chroot:unstable esttime:80 logfile:/tmp/llvmlite_0.22.0-2_unstable_clang60.log modes:clang60:binarch-only
DC-Sbuild-call: su user42 -c 'sbuild -n --arch-any --apt-update -d unstable -v  --chroot-setup-commands=/tmp/clang60 llvmlite_0.22.0-2'
sbuild (Debian sbuild) 0.73.0 (23 Dec 2016) on ip-172-31-3-208.eu-central-1.compute.internal

+==============================================================================+
| llvmlite 0.22.0-2 (amd64)                    Wed, 02 May 2018 13:16:36 +0000 |
+==============================================================================+

Package: llvmlite
Version: 0.22.0-2
Source Version: 0.22.0-2
Distribution: unstable
Machine Architecture: amd64
Host Architecture: amd64
Build Architecture: amd64
Build Type: any

I: NOTICE: Log filtering will replace 'var/run/schroot/mount/unstable-amd64-sbuild-97bf3ff8-1c63-4683-aa4d-c17f26ab8c7b' with '<<CHROOT>>'

+------------------------------------------------------------------------------+
| Chroot Setup Commands                                                        |
+------------------------------------------------------------------------------+


/tmp/clang60
------------

+ echo 'Entering customization script...'
Entering customization script...
+ CLANG_VERSION=6.0
+ echo 'Install of clang-6.0'
Install of clang-6.0
+ apt-get update
Get:1 http://127.0.0.1:9999/debian unstable InRelease [242 kB]
Get:2 http://127.0.0.1:9999/debian unstable/main Sources.diff/Index [27.9 kB]
Get:3 http://127.0.0.1:9999/debian unstable/main amd64 Packages.diff/Index [27.9 kB]
Get:4 http://127.0.0.1:9999/debian unstable/main Sources 2018-05-02-0830.09.pdiff [16.2 kB]
Get:4 http://127.0.0.1:9999/debian unstable/main Sources 2018-05-02-0830.09.pdiff [16.2 kB]
Get:5 http://127.0.0.1:9999/debian unstable/main amd64 Packages 2018-05-02-0830.09.pdiff [1781 B]
Get:5 http://127.0.0.1:9999/debian unstable/main amd64 Packages 2018-05-02-0830.09.pdiff [1781 B]
Get:6 http://127.0.0.1:9999/debian unstable/main Translation-en [6016 kB]
Fetched 6332 kB in 2s (3428 kB/s)
Reading package lists...
+ apt-get install --yes --no-install-recommends --force-yes clang-6.0
Reading package lists...
Building dependency tree...
Reading state information...
The following additional packages will be installed:
  lib32gcc1 lib32stdc++6 libbsd0 libc6-i386 libclang-common-6.0-dev
  libclang1-6.0 libedit2 libjsoncpp1 libllvm6.0 libncurses5 libobjc-7-dev
  libobjc4
Suggested packages:
  gnustep gnustep-devel clang-6.0-doc
Recommended packages:
  llvm-6.0-dev python libomp-dev libgpm2
The following NEW packages will be installed:
  clang-6.0 lib32gcc1 lib32stdc++6 libbsd0 libc6-i386 libclang-common-6.0-dev
  libclang1-6.0 libedit2 libjsoncpp1 libllvm6.0 libncurses5 libobjc-7-dev
  libobjc4
0 upgraded, 13 newly installed, 0 to remove and 0 not upgraded.
Need to get 37.7 MB of archives.
After this operation, 187 MB of additional disk space will be used.
Get:1 http://127.0.0.1:9999/debian unstable/main amd64 libjsoncpp1 amd64 1.7.4-3 [75.6 kB]
Get:2 http://127.0.0.1:9999/debian unstable/main amd64 libbsd0 amd64 0.8.7-1 [92.1 kB]
Get:3 http://127.0.0.1:9999/debian unstable/main amd64 libncurses5 amd64 6.1+20180210-2 [95.7 kB]
Get:4 http://127.0.0.1:9999/debian unstable/main amd64 libedit2 amd64 3.1-20170329-1 [85.2 kB]
Get:5 http://127.0.0.1:9999/debian unstable/main amd64 libllvm6.0 amd64 1:6.0-3 [14.5 MB]
Get:6 http://127.0.0.1:9999/debian unstable/main amd64 libobjc4 amd64 8-20180425-1 [52.4 kB]
Get:7 http://127.0.0.1:9999/debian unstable/main amd64 libobjc-7-dev amd64 7.3.0-17 [204 kB]
Get:8 http://127.0.0.1:9999/debian unstable/main amd64 libc6-i386 amd64 2.27-3 [2855 kB]
Get:9 http://127.0.0.1:9999/debian unstable/main amd64 lib32gcc1 amd64 1:8-20180425-1 [47.8 kB]
Get:10 http://127.0.0.1:9999/debian unstable/main amd64 lib32stdc++6 amd64 8-20180425-1 [406 kB]
Get:11 http://127.0.0.1:9999/debian unstable/main amd64 libclang-common-6.0-dev amd64 1:6.0-3 [3102 kB]
Get:12 http://127.0.0.1:9999/debian unstable/main amd64 libclang1-6.0 amd64 1:6.0-3 [6995 kB]
Get:13 http://127.0.0.1:9999/debian unstable/main amd64 clang-6.0 amd64 1:6.0-3 [9175 kB]
debconf: delaying package configuration, since apt-utils is not installed
Fetched 37.7 MB in 0s (96.7 MB/s)
Selecting previously unselected package libjsoncpp1:amd64.
(Reading database ... (Reading database ... 5%(Reading database ... 10%(Reading database ... 15%(Reading database ... 20%(Reading database ... 25%(Reading database ... 30%(Reading database ... 35%(Reading database ... 40%(Reading database ... 45%(Reading database ... 50%(Reading database ... 55%(Reading database ... 60%(Reading database ... 65%(Reading database ... 70%(Reading database ... 75%(Reading database ... 80%(Reading database ... 85%(Reading database ... 90%(Reading database ... 95%(Reading database ... 100%(Reading database ... 10022 files and directories currently installed.)
Preparing to unpack .../00-libjsoncpp1_1.7.4-3_amd64.deb ...
Unpacking libjsoncpp1:amd64 (1.7.4-3) ...
Selecting previously unselected package libbsd0:amd64.
Preparing to unpack .../01-libbsd0_0.8.7-1_amd64.deb ...
Unpacking libbsd0:amd64 (0.8.7-1) ...
Selecting previously unselected package libncurses5:amd64.
Preparing to unpack .../02-libncurses5_6.1+20180210-2_amd64.deb ...
Unpacking libncurses5:amd64 (6.1+20180210-2) ...
Selecting previously unselected package libedit2:amd64.
Preparing to unpack .../03-libedit2_3.1-20170329-1_amd64.deb ...
Unpacking libedit2:amd64 (3.1-20170329-1) ...
Selecting previously unselected package libllvm6.0:amd64.
Preparing to unpack .../04-libllvm6.0_1%3a6.0-3_amd64.deb ...
Unpacking libllvm6.0:amd64 (1:6.0-3) ...
Selecting previously unselected package libobjc4:amd64.
Preparing to unpack .../05-libobjc4_8-20180425-1_amd64.deb ...
Unpacking libobjc4:amd64 (8-20180425-1) ...
Selecting previously unselected package libobjc-7-dev:amd64.
Preparing to unpack .../06-libobjc-7-dev_7.3.0-17_amd64.deb ...
Unpacking libobjc-7-dev:amd64 (7.3.0-17) ...
Selecting previously unselected package libc6-i386.
Preparing to unpack .../07-libc6-i386_2.27-3_amd64.deb ...
Unpacking libc6-i386 (2.27-3) ...
Selecting previously unselected package lib32gcc1.
Preparing to unpack .../08-lib32gcc1_1%3a8-20180425-1_amd64.deb ...
Unpacking lib32gcc1 (1:8-20180425-1) ...
Selecting previously unselected package lib32stdc++6.
Preparing to unpack .../09-lib32stdc++6_8-20180425-1_amd64.deb ...
Unpacking lib32stdc++6 (8-20180425-1) ...
Selecting previously unselected package libclang-common-6.0-dev.
Preparing to unpack .../10-libclang-common-6.0-dev_1%3a6.0-3_amd64.deb ...
Unpacking libclang-common-6.0-dev (1:6.0-3) ...
Selecting previously unselected package libclang1-6.0:amd64.
Preparing to unpack .../11-libclang1-6.0_1%3a6.0-3_amd64.deb ...
Unpacking libclang1-6.0:amd64 (1:6.0-3) ...
Selecting previously unselected package clang-6.0.
Preparing to unpack .../12-clang-6.0_1%3a6.0-3_amd64.deb ...
Unpacking clang-6.0 (1:6.0-3) ...
Setting up libncurses5:amd64 (6.1+20180210-2) ...
Setting up libobjc4:amd64 (8-20180425-1) ...
Setting up libc6-i386 (2.27-3) ...
Setting up libbsd0:amd64 (0.8.7-1) ...
Setting up libobjc-7-dev:amd64 (7.3.0-17) ...
Processing triggers for libc-bin (2.27-3) ...
Setting up lib32gcc1 (1:8-20180425-1) ...
Setting up libjsoncpp1:amd64 (1.7.4-3) ...
Setting up libedit2:amd64 (3.1-20170329-1) ...
Setting up libllvm6.0:amd64 (1:6.0-3) ...
Setting up libclang1-6.0:amd64 (1:6.0-3) ...
Setting up lib32stdc++6 (8-20180425-1) ...
Setting up libclang-common-6.0-dev (1:6.0-3) ...
Setting up clang-6.0 (1:6.0-3) ...
Processing triggers for libc-bin (2.27-3) ...
W: --force-yes is deprecated, use one of the options starting with --allow instead.
+ echo 'Replace gcc, g++ & cpp by clang'
Replace gcc, g++ & cpp by clang
+ VERSIONS='4.6 4.7 4.8 4.9 5 6 7 8'
+ cd /usr/bin
+ for VERSION in $VERSIONS
+ rm -f g++-4.6 gcc-4.6 cpp-4.6 gcc
+ ln -s clang++-6.0 g++-4.6
+ ln -s clang-6.0 gcc-4.6
+ ln -s clang-6.0 cpp-4.6
+ ln -s clang-6.0 gcc
+ echo 'gcc-4.6 hold'
+ dpkg --set-selections
dpkg: warning: package not in status nor available database at line 1: gcc-4.6
dpkg: warning: found unknown packages; this might mean the available database
is outdated, and needs to be updated through a frontend method;
please see the FAQ <https://wiki.debian.org/Teams/Dpkg/FAQ>
+ echo 'g++-4.6 hold'
+ dpkg --set-selections
dpkg: warning: package not in status nor available database at line 1: g++-4.6
dpkg: warning: found unknown packages; this might mean the available database
is outdated, and needs to be updated through a frontend method;
please see the FAQ <https://wiki.debian.org/Teams/Dpkg/FAQ>
+ for VERSION in $VERSIONS
+ rm -f g++-4.7 gcc-4.7 cpp-4.7 gcc
+ ln -s clang++-6.0 g++-4.7
+ ln -s clang-6.0 gcc-4.7
+ ln -s clang-6.0 cpp-4.7
+ ln -s clang-6.0 gcc
+ echo 'gcc-4.7 hold'
+ dpkg --set-selections
dpkg: warning: package not in status nor available database at line 1: gcc-4.7
dpkg: warning: found unknown packages; this might mean the available database
is outdated, and needs to be updated through a frontend method;
please see the FAQ <https://wiki.debian.org/Teams/Dpkg/FAQ>
+ echo 'g++-4.7 hold'
+ dpkg --set-selections
dpkg: warning: package not in status nor available database at line 1: g++-4.7
dpkg: warning: found unknown packages; this might mean the available database
is outdated, and needs to be updated through a frontend method;
please see the FAQ <https://wiki.debian.org/Teams/Dpkg/FAQ>
+ for VERSION in $VERSIONS
+ rm -f g++-4.8 gcc-4.8 cpp-4.8 gcc
+ ln -s clang++-6.0 g++-4.8
+ ln -s clang-6.0 gcc-4.8
+ ln -s clang-6.0 cpp-4.8
+ ln -s clang-6.0 gcc
+ echo 'gcc-4.8 hold'
+ dpkg --set-selections
dpkg: warning: package not in status nor available database at line 1: gcc-4.8
dpkg: warning: found unknown packages; this might mean the available database
is outdated, and needs to be updated through a frontend method;
please see the FAQ <https://wiki.debian.org/Teams/Dpkg/FAQ>
+ echo 'g++-4.8 hold'
+ dpkg --set-selections
dpkg: warning: package not in status nor available database at line 1: g++-4.8
dpkg: warning: found unknown packages; this might mean the available database
is outdated, and needs to be updated through a frontend method;
please see the FAQ <https://wiki.debian.org/Teams/Dpkg/FAQ>
+ for VERSION in $VERSIONS
+ rm -f g++-4.9 gcc-4.9 cpp-4.9 gcc
+ ln -s clang++-6.0 g++-4.9
+ ln -s clang-6.0 gcc-4.9
+ ln -s clang-6.0 cpp-4.9
+ ln -s clang-6.0 gcc
+ echo 'gcc-4.9 hold'
+ dpkg --set-selections
dpkg: warning: package not in status nor available database at line 1: gcc-4.9
dpkg: warning: found unknown packages; this might mean the available database
is outdated, and needs to be updated through a frontend method;
please see the FAQ <https://wiki.debian.org/Teams/Dpkg/FAQ>
+ echo 'g++-4.9 hold'
+ dpkg --set-selections
dpkg: warning: package not in status nor available database at line 1: g++-4.9
dpkg: warning: found unknown packages; this might mean the available database
is outdated, and needs to be updated through a frontend method;
please see the FAQ <https://wiki.debian.org/Teams/Dpkg/FAQ>
+ for VERSION in $VERSIONS
+ rm -f g++-5 gcc-5 cpp-5 gcc
+ ln -s clang++-6.0 g++-5
+ ln -s clang-6.0 gcc-5
+ ln -s clang-6.0 cpp-5
+ ln -s clang-6.0 gcc
+ echo 'gcc-5 hold'
+ dpkg --set-selections
+ echo 'g++-5 hold'
+ dpkg --set-selections
+ for VERSION in $VERSIONS
+ rm -f g++-6 gcc-6 cpp-6 gcc
+ ln -s clang++-6.0 g++-6
+ ln -s clang-6.0 gcc-6
+ ln -s clang-6.0 cpp-6
+ ln -s clang-6.0 gcc
+ echo 'gcc-6 hold'
+ dpkg --set-selections
dpkg: warning: package not in status nor available database at line 1: gcc-6
dpkg: warning: found unknown packages; this might mean the available database
is outdated, and needs to be updated through a frontend method;
please see the FAQ <https://wiki.debian.org/Teams/Dpkg/FAQ>
+ echo 'g++-6 hold'
+ dpkg --set-selections
dpkg: warning: package not in status nor available database at line 1: g++-6
dpkg: warning: found unknown packages; this might mean the available database
is outdated, and needs to be updated through a frontend method;
please see the FAQ <https://wiki.debian.org/Teams/Dpkg/FAQ>
+ for VERSION in $VERSIONS
+ rm -f g++-7 gcc-7 cpp-7 gcc
+ ln -s clang++-6.0 g++-7
+ ln -s clang-6.0 gcc-7
+ ln -s clang-6.0 cpp-7
+ ln -s clang-6.0 gcc
+ echo 'gcc-7 hold'
+ dpkg --set-selections
+ echo 'g++-7 hold'
+ dpkg --set-selections
+ for VERSION in $VERSIONS
+ rm -f g++-8 gcc-8 cpp-8 gcc
+ ln -s clang++-6.0 g++-8
+ ln -s clang-6.0 gcc-8
+ ln -s clang-6.0 cpp-8
+ ln -s clang-6.0 gcc
+ echo 'gcc-8 hold'
+ dpkg --set-selections
dpkg: warning: package not in status nor available database at line 1: gcc-8
dpkg: warning: found unknown packages; this might mean the available database
is outdated, and needs to be updated through a frontend method;
please see the FAQ <https://wiki.debian.org/Teams/Dpkg/FAQ>
+ echo 'g++-8 hold'
+ dpkg --set-selections
dpkg: warning: package not in status nor available database at line 1: g++-8
dpkg: warning: found unknown packages; this might mean the available database
is outdated, and needs to be updated through a frontend method;
please see the FAQ <https://wiki.debian.org/Teams/Dpkg/FAQ>
+ cd -
/build/llvmlite-o4rn2H
+ echo 'Check if gcc, g++ & cpp are actually clang'
Check if gcc, g++ & cpp are actually clang
+ gcc --version
+ grep clang
+ cpp --version
+ grep clang
+ g++ --version
+ grep clang

I: Finished running '/tmp/clang60'.

Finished processing commands.
--------------------------------------------------------------------------------

+------------------------------------------------------------------------------+
| Update chroot                                                                |
+------------------------------------------------------------------------------+

Hit:1 http://127.0.0.1:9999/debian unstable InRelease
Reading package lists...
Reading package lists...
Building dependency tree...
Reading state information...
Calculating upgrade...
0 upgraded, 0 newly installed, 0 to remove and 0 not upgraded.

+------------------------------------------------------------------------------+
| Fetch source files                                                           |
+------------------------------------------------------------------------------+


Check APT
---------

Checking available source versions...

Download source files with APT
------------------------------

Reading package lists...
NOTICE: 'llvmlite' packaging is maintained in the 'Git' version control system at:
https://salsa.debian.org/pkg-llvm-team/llvmlite.git
Please use:
git clone https://salsa.debian.org/pkg-llvm-team/llvmlite.git
to retrieve the latest (possibly unreleased) updates to the package.
Need to get 120 kB of source archives.
Get:1 http://127.0.0.1:9999/debian unstable/main llvmlite 0.22.0-2 (dsc) [2311 B]
Get:2 http://127.0.0.1:9999/debian unstable/main llvmlite 0.22.0-2 (tar) [113 kB]
Get:3 http://127.0.0.1:9999/debian unstable/main llvmlite 0.22.0-2 (diff) [5016 B]
Fetched 120 kB in 0s (976 kB/s)
Download complete and in download only mode
I: NOTICE: Log filtering will replace 'build/llvmlite-o4rn2H/llvmlite-0.22.0' with '<<PKGBUILDDIR>>'
I: NOTICE: Log filtering will replace 'build/llvmlite-o4rn2H' with '<<BUILDDIR>>'

+------------------------------------------------------------------------------+
| Install build-essential                                                      |
+------------------------------------------------------------------------------+


Setup apt archive
-----------------

Merged Build-Depends: build-essential, fakeroot
Filtered Build-Depends: build-essential, fakeroot
dpkg-deb: building package 'sbuild-build-depends-core-dummy' in '/<<BUILDDIR>>/resolver-OIFPlN/apt_archive/sbuild-build-depends-core-dummy.deb'.
dpkg-scanpackages: warning: Packages in archive but missing from override file:
dpkg-scanpackages: warning:   sbuild-build-depends-core-dummy
dpkg-scanpackages: info: Wrote 1 entries to output Packages file.
Ign:1 copy:/<<BUILDDIR>>/resolver-OIFPlN/apt_archive ./ InRelease
Get:2 copy:/<<BUILDDIR>>/resolver-OIFPlN/apt_archive ./ Release [957 B]
Ign:3 copy:/<<BUILDDIR>>/resolver-OIFPlN/apt_archive ./ Release.gpg
Get:4 copy:/<<BUILDDIR>>/resolver-OIFPlN/apt_archive ./ Sources [349 B]
Get:5 copy:/<<BUILDDIR>>/resolver-OIFPlN/apt_archive ./ Packages [434 B]
Fetched 1740 B in 0s (0 B/s)
Reading package lists...
Reading package lists...

Install core build dependencies (apt-based resolver)
----------------------------------------------------

Installing build dependencies
Reading package lists...
Building dependency tree...
Reading state information...
The following NEW packages will be installed:
  sbuild-build-depends-core-dummy
0 upgraded, 1 newly installed, 0 to remove and 0 not upgraded.
Need to get 856 B of archives.
After this operation, 0 B of additional disk space will be used.
Get:1 copy:/<<BUILDDIR>>/resolver-OIFPlN/apt_archive ./ sbuild-build-depends-core-dummy 0.invalid.0 [856 B]
debconf: delaying package configuration, since apt-utils is not installed
Fetched 856 B in 0s (0 B/s)
Selecting previously unselected package sbuild-build-depends-core-dummy.
(Reading database ... 10771 files and directories currently installed.)
Preparing to unpack .../sbuild-build-depends-core-dummy_0.invalid.0_amd64.deb ...
Unpacking sbuild-build-depends-core-dummy (0.invalid.0) ...
Setting up sbuild-build-depends-core-dummy (0.invalid.0) ...

+------------------------------------------------------------------------------+
| Check architectures                                                          |
+------------------------------------------------------------------------------+

Arch check ok (amd64 included in any all)

+------------------------------------------------------------------------------+
| Install package build dependencies                                           |
+------------------------------------------------------------------------------+


Setup apt archive
-----------------

Merged Build-Depends: debhelper (>= 10), dh-python, python-all-dev, python-setuptools, python-six, python-enum34, python3-all-dev, python3-setuptools, python3-six, llvm-5.0-dev, zlib1g-dev, libedit-dev, python-sphinx, python-sphinx-rtd-theme
Filtered Build-Depends: debhelper (>= 10), dh-python, python-all-dev, python-setuptools, python-six, python-enum34, python3-all-dev, python3-setuptools, python3-six, llvm-5.0-dev, zlib1g-dev, libedit-dev, python-sphinx, python-sphinx-rtd-theme
dpkg-deb: building package 'sbuild-build-depends-llvmlite-dummy' in '/<<BUILDDIR>>/resolver-OIFPlN/apt_archive/sbuild-build-depends-llvmlite-dummy.deb'.
dpkg-scanpackages: warning: Packages in archive but missing from override file:
dpkg-scanpackages: warning:   sbuild-build-depends-core-dummy sbuild-build-depends-llvmlite-dummy
dpkg-scanpackages: info: Wrote 2 entries to output Packages file.
Ign:1 copy:/<<BUILDDIR>>/resolver-OIFPlN/apt_archive ./ InRelease
Get:2 copy:/<<BUILDDIR>>/resolver-OIFPlN/apt_archive ./ Release [963 B]
Ign:3 copy:/<<BUILDDIR>>/resolver-OIFPlN/apt_archive ./ Release.gpg
Get:4 copy:/<<BUILDDIR>>/resolver-OIFPlN/apt_archive ./ Sources [566 B]
Get:5 copy:/<<BUILDDIR>>/resolver-OIFPlN/apt_archive ./ Packages [651 B]
Fetched 2180 B in 0s (0 B/s)
Reading package lists...
Reading package lists...

Install llvmlite build dependencies (apt-based resolver)
--------------------------------------------------------

Installing build dependencies
Reading package lists...
Building dependency tree...
Reading state information...
The following additional packages will be installed:
  autoconf automake autopoint autotools-dev binfmt-support bsdmainutils
  ca-certificates debhelper dh-autoreconf dh-python dh-strip-nondeterminism
  docutils-common file fonts-font-awesome fonts-lato gettext gettext-base
  groff-base intltool-debian libarchive-zip-perl libbsd-dev libcroco3
  libedit-dev libexpat1 libexpat1-dev libffi-dev
  libfile-stripnondeterminism-perl libglib2.0-0 libicu57 libjs-jquery
  libjs-modernizr libjs-sphinxdoc libjs-underscore libllvm5.0 libmagic-mgc
  libmagic1 libmpdec2 libncurses-dev libncurses6 libncursesw6 libpipeline1
  libpython-all-dev libpython-dev libpython-stdlib libpython2.7
  libpython2.7-dev libpython2.7-minimal libpython2.7-stdlib libpython3-all-dev
  libpython3-dev libpython3-stdlib libpython3.6 libpython3.6-dev
  libpython3.6-minimal libpython3.6-stdlib libreadline7 libsigsegv2
  libsqlite3-0 libssl1.1 libtimedate-perl libtinfo-dev libtool libxml2
  llvm-5.0 llvm-5.0-dev llvm-5.0-runtime lsb-base m4 man-db mime-support
  openssl po-debconf python python-alabaster python-all python-all-dev
  python-babel python-babel-localedata python-certifi python-chardet
  python-dev python-docutils python-enum34 python-idna python-imagesize
  python-jinja2 python-markupsafe python-minimal python-packaging
  python-pkg-resources python-pygments python-pyparsing python-requests
  python-roman python-setuptools python-six python-sphinx
  python-sphinx-rtd-theme python-typing python-tz python-urllib3 python2.7
  python2.7-dev python2.7-minimal python3 python3-all python3-all-dev
  python3-dev python3-distutils python3-lib2to3 python3-minimal
  python3-pkg-resources python3-setuptools python3-six python3.6 python3.6-dev
  python3.6-minimal readline-common sgml-base sphinx-common
  sphinx-rtd-theme-common tzdata xml-core zlib1g-dev
Suggested packages:
  autoconf-archive gnu-standards autoconf-doc wamerican | wordlist whois
  vacation dh-make dwz gettext-doc libasprintf-dev libgettextpo-dev groff
  libtool-doc gfortran | fortran95-compiler gcj-jdk llvm-5.0-doc m4-doc
  apparmor less www-browser libmail-box-perl python-doc python-tk
  fonts-linuxlibertine | ttf-linux-libertine texlive-lang-french
  texlive-latex-base texlive-latex-recommended python-enum34-doc
  python-jinja2-doc ttf-bitstream-vera python-pyparsing-doc
  python-cryptography python-openssl python-socks python-setuptools-doc
  libjs-mathjax dvipng texlive-latex-extra texlive-fonts-recommended
  texlive-generic-extra latexmk imagemagick-6.q16 sphinx-doc python-ntlm
  python2.7-doc python3-doc python3-tk python3-venv python3.6-venv
  python3.6-doc readline-doc sgml-base-doc
Recommended packages:
  curl | wget | lynx libarchive-cpio-perl libglib2.0-data shared-mime-info
  xdg-user-dirs javascript-common libgpm2 libltdl-dev libmail-sendmail-perl
  docutils-doc libpaper-utils python-pil python-cryptography python-ipaddress
  python-openssl
The following NEW packages will be installed:
  autoconf automake autopoint autotools-dev binfmt-support bsdmainutils
  ca-certificates debhelper dh-autoreconf dh-python dh-strip-nondeterminism
  docutils-common file fonts-font-awesome fonts-lato gettext gettext-base
  groff-base intltool-debian libarchive-zip-perl libbsd-dev libcroco3
  libedit-dev libexpat1 libexpat1-dev libffi-dev
  libfile-stripnondeterminism-perl libglib2.0-0 libicu57 libjs-jquery
  libjs-modernizr libjs-sphinxdoc libjs-underscore libllvm5.0 libmagic-mgc
  libmagic1 libmpdec2 libncurses-dev libncurses6 libncursesw6 libpipeline1
  libpython-all-dev libpython-dev libpython-stdlib libpython2.7
  libpython2.7-dev libpython2.7-minimal libpython2.7-stdlib libpython3-all-dev
  libpython3-dev libpython3-stdlib libpython3.6 libpython3.6-dev
  libpython3.6-minimal libpython3.6-stdlib libreadline7 libsigsegv2
  libsqlite3-0 libssl1.1 libtimedate-perl libtinfo-dev libtool libxml2
  llvm-5.0 llvm-5.0-dev llvm-5.0-runtime lsb-base m4 man-db mime-support
  openssl po-debconf python python-alabaster python-all python-all-dev
  python-babel python-babel-localedata python-certifi python-chardet
  python-dev python-docutils python-enum34 python-idna python-imagesize
  python-jinja2 python-markupsafe python-minimal python-packaging
  python-pkg-resources python-pygments python-pyparsing python-requests
  python-roman python-setuptools python-six python-sphinx
  python-sphinx-rtd-theme python-typing python-tz python-urllib3 python2.7
  python2.7-dev python2.7-minimal python3 python3-all python3-all-dev
  python3-dev python3-distutils python3-lib2to3 python3-minimal
  python3-pkg-resources python3-setuptools python3-six python3.6 python3.6-dev
  python3.6-minimal readline-common sbuild-build-depends-llvmlite-dummy
  sgml-base sphinx-common sphinx-rtd-theme-common tzdata xml-core zlib1g-dev
0 upgraded, 125 newly installed, 0 to remove and 0 not upgraded.
Need to get 156 MB of archives.
After this operation, 508 MB of additional disk space will be used.
Get:1 copy:/<<BUILDDIR>>/resolver-OIFPlN/apt_archive ./ sbuild-build-depends-llvmlite-dummy 0.invalid.0 [936 B]
Get:2 http://127.0.0.1:9999/debian unstable/main amd64 bsdmainutils amd64 11.1.2 [190 kB]
Get:3 http://127.0.0.1:9999/debian unstable/main amd64 groff-base amd64 1.22.3-10 [1176 kB]
Get:4 http://127.0.0.1:9999/debian unstable/main amd64 libpipeline1 amd64 1.5.0-1 [29.0 kB]
Get:5 http://127.0.0.1:9999/debian unstable/main amd64 man-db amd64 2.8.3-2 [1180 kB]
Get:6 http://127.0.0.1:9999/debian unstable/main amd64 libpython2.7-minimal amd64 2.7.15-1 [393 kB]
Get:7 http://127.0.0.1:9999/debian unstable/main amd64 python2.7-minimal amd64 2.7.15-1 [1353 kB]
Get:8 http://127.0.0.1:9999/debian unstable/main amd64 python-minimal amd64 2.7.15~rc1-1 [41.1 kB]
Get:9 http://127.0.0.1:9999/debian unstable/main amd64 mime-support all 3.60 [36.7 kB]
Get:10 http://127.0.0.1:9999/debian unstable/main amd64 libexpat1 amd64 2.2.5-3 [96.8 kB]
Get:11 http://127.0.0.1:9999/debian unstable/main amd64 libncursesw6 amd64 6.1+20180210-2 [131 kB]
Get:12 http://127.0.0.1:9999/debian unstable/main amd64 readline-common all 7.0-3 [70.4 kB]
Get:13 http://127.0.0.1:9999/debian unstable/main amd64 libreadline7 amd64 7.0-3+b1 [151 kB]
Get:14 http://127.0.0.1:9999/debian unstable/main amd64 libsqlite3-0 amd64 3.23.1-1 [603 kB]
Get:15 http://127.0.0.1:9999/debian unstable/main amd64 libssl1.1 amd64 1.1.0h-2 [1352 kB]
Get:16 http://127.0.0.1:9999/debian unstable/main amd64 libpython2.7-stdlib amd64 2.7.15-1 [1912 kB]
Get:17 http://127.0.0.1:9999/debian unstable/main amd64 python2.7 amd64 2.7.15-1 [298 kB]
Get:18 http://127.0.0.1:9999/debian unstable/main amd64 libpython-stdlib amd64 2.7.15~rc1-1 [20.5 kB]
Get:19 http://127.0.0.1:9999/debian unstable/main amd64 python amd64 2.7.15~rc1-1 [155 kB]
Get:20 http://127.0.0.1:9999/debian unstable/main amd64 fonts-lato all 2.0-2 [2698 kB]
Get:21 http://127.0.0.1:9999/debian unstable/main amd64 libpython3.6-minimal amd64 3.6.5-5 [572 kB]
Get:22 http://127.0.0.1:9999/debian unstable/main amd64 python3.6-minimal amd64 3.6.5-5 [1728 kB]
Get:23 http://127.0.0.1:9999/debian unstable/main amd64 python3-minimal amd64 3.6.5-3 [36.2 kB]
Get:24 http://127.0.0.1:9999/debian unstable/main amd64 libmpdec2 amd64 2.4.2-2 [87.2 kB]
Get:25 http://127.0.0.1:9999/debian unstable/main amd64 libpython3.6-stdlib amd64 3.6.5-5 [1730 kB]
Get:26 http://127.0.0.1:9999/debian unstable/main amd64 python3.6 amd64 3.6.5-5 [229 kB]
Get:27 http://127.0.0.1:9999/debian unstable/main amd64 libpython3-stdlib amd64 3.6.5-3 [19.7 kB]
Get:28 http://127.0.0.1:9999/debian unstable/main amd64 python3 amd64 3.6.5-3 [24.1 kB]
Get:29 http://127.0.0.1:9999/debian unstable/main amd64 sgml-base all 1.29 [14.8 kB]
Get:30 http://127.0.0.1:9999/debian unstable/main amd64 tzdata all 2018d-1 [252 kB]
Get:31 http://127.0.0.1:9999/debian unstable/main amd64 libmagic-mgc amd64 1:5.33-2 [234 kB]
Get:32 http://127.0.0.1:9999/debian unstable/main amd64 libmagic1 amd64 1:5.33-2 [113 kB]
Get:33 http://127.0.0.1:9999/debian unstable/main amd64 file amd64 1:5.33-2 [65.6 kB]
Get:34 http://127.0.0.1:9999/debian unstable/main amd64 gettext-base amd64 0.19.8.1-6 [122 kB]
Get:35 http://127.0.0.1:9999/debian unstable/main amd64 libsigsegv2 amd64 2.12-2 [32.8 kB]
Get:36 http://127.0.0.1:9999/debian unstable/main amd64 m4 amd64 1.4.18-1 [202 kB]
Get:37 http://127.0.0.1:9999/debian unstable/main amd64 autoconf all 2.69-11 [341 kB]
Get:38 http://127.0.0.1:9999/debian unstable/main amd64 autotools-dev all 20180224.1 [77.0 kB]
Get:39 http://127.0.0.1:9999/debian unstable/main amd64 automake all 1:1.15.1-3.1 [736 kB]
Get:40 http://127.0.0.1:9999/debian unstable/main amd64 autopoint all 0.19.8.1-6 [434 kB]
Get:41 http://127.0.0.1:9999/debian unstable/main amd64 lsb-base all 9.20170808 [28.1 kB]
Get:42 http://127.0.0.1:9999/debian unstable/main amd64 binfmt-support amd64 2.1.8-2 [61.2 kB]
Get:43 http://127.0.0.1:9999/debian unstable/main amd64 openssl amd64 1.1.0h-2 [744 kB]
Get:44 http://127.0.0.1:9999/debian unstable/main amd64 ca-certificates all 20180409 [161 kB]
Get:45 http://127.0.0.1:9999/debian unstable/main amd64 libtool all 2.4.6-2.1 [547 kB]
Get:46 http://127.0.0.1:9999/debian unstable/main amd64 dh-autoreconf all 17 [16.5 kB]
Get:47 http://127.0.0.1:9999/debian unstable/main amd64 libarchive-zip-perl all 1.60-1 [95.6 kB]
Get:48 http://127.0.0.1:9999/debian unstable/main amd64 libfile-stripnondeterminism-perl all 0.041-1 [19.9 kB]
Get:49 http://127.0.0.1:9999/debian unstable/main amd64 libtimedate-perl all 2.3000-2 [42.2 kB]
Get:50 http://127.0.0.1:9999/debian unstable/main amd64 dh-strip-nondeterminism all 0.041-1 [12.0 kB]
Get:51 http://127.0.0.1:9999/debian unstable/main amd64 libglib2.0-0 amd64 2.56.1-2 [2928 kB]
Get:52 http://127.0.0.1:9999/debian unstable/main amd64 libicu57 amd64 57.1-9 [7698 kB]
Get:53 http://127.0.0.1:9999/debian unstable/main amd64 libxml2 amd64 2.9.4+dfsg1-6.1 [725 kB]
Get:54 http://127.0.0.1:9999/debian unstable/main amd64 libcroco3 amd64 0.6.12-2 [144 kB]
Get:55 http://127.0.0.1:9999/debian unstable/main amd64 gettext amd64 0.19.8.1-6 [1302 kB]
Get:56 http://127.0.0.1:9999/debian unstable/main amd64 intltool-debian all 0.35.0+20060710.4 [26.3 kB]
Get:57 http://127.0.0.1:9999/debian unstable/main amd64 po-debconf all 1.0.20 [247 kB]
Get:58 http://127.0.0.1:9999/debian unstable/main amd64 debhelper all 11.2.1 [1013 kB]
Get:59 http://127.0.0.1:9999/debian unstable/main amd64 dh-python all 3.20180326 [93.2 kB]
Get:60 http://127.0.0.1:9999/debian unstable/main amd64 xml-core all 0.18 [23.4 kB]
Get:61 http://127.0.0.1:9999/debian unstable/main amd64 docutils-common all 0.14+dfsg-3 [204 kB]
Get:62 http://127.0.0.1:9999/debian unstable/main amd64 fonts-font-awesome all 4.7.0~dfsg-3 [514 kB]
Get:63 http://127.0.0.1:9999/debian unstable/main amd64 libbsd-dev amd64 0.8.7-1 [202 kB]
Get:64 http://127.0.0.1:9999/debian unstable/main amd64 libncurses6 amd64 6.1+20180210-2 [101 kB]
Get:65 http://127.0.0.1:9999/debian unstable/main amd64 libncurses-dev amd64 6.1+20180210-2 [334 kB]
Get:66 http://127.0.0.1:9999/debian unstable/main amd64 libtinfo-dev amd64 6.1+20180210-2 [912 B]
Get:67 http://127.0.0.1:9999/debian unstable/main amd64 libedit-dev amd64 3.1-20170329-1 [108 kB]
Get:68 http://127.0.0.1:9999/debian unstable/main amd64 libexpat1-dev amd64 2.2.5-3 [140 kB]
Get:69 http://127.0.0.1:9999/debian unstable/main amd64 libffi-dev amd64 3.2.1-8 [156 kB]
Get:70 http://127.0.0.1:9999/debian unstable/main amd64 libjs-jquery all 3.2.1-1 [154 kB]
Get:71 http://127.0.0.1:9999/debian unstable/main amd64 libjs-modernizr all 2.6.2+ds1-1.1 [46.5 kB]
Get:72 http://127.0.0.1:9999/debian unstable/main amd64 libjs-underscore all 1.8.3~dfsg-1 [63.8 kB]
Get:73 http://127.0.0.1:9999/debian unstable/main amd64 libjs-sphinxdoc all 1.7.4-1 [89.7 kB]
Get:74 http://127.0.0.1:9999/debian unstable/main amd64 libllvm5.0 amd64 1:5.0.1-4 [13.7 MB]
Get:75 http://127.0.0.1:9999/debian unstable/main amd64 libpython2.7 amd64 2.7.15-1 [1052 kB]
Get:76 http://127.0.0.1:9999/debian unstable/main amd64 libpython2.7-dev amd64 2.7.15-1 [28.3 MB]
Get:77 http://127.0.0.1:9999/debian unstable/main amd64 libpython-dev amd64 2.7.15~rc1-1 [20.6 kB]
Get:78 http://127.0.0.1:9999/debian unstable/main amd64 libpython-all-dev amd64 2.7.15~rc1-1 [1048 B]
Get:79 http://127.0.0.1:9999/debian unstable/main amd64 libpython3.6 amd64 3.6.5-5 [1441 kB]
Get:80 http://127.0.0.1:9999/debian unstable/main amd64 libpython3.6-dev amd64 3.6.5-5 [39.7 MB]
Get:81 http://127.0.0.1:9999/debian unstable/main amd64 libpython3-dev amd64 3.6.5-3 [19.7 kB]
Get:82 http://127.0.0.1:9999/debian unstable/main amd64 libpython3-all-dev amd64 3.6.5-3 [1048 B]
Get:83 http://127.0.0.1:9999/debian unstable/main amd64 llvm-5.0-runtime amd64 1:5.0.1-4 [202 kB]
Get:84 http://127.0.0.1:9999/debian unstable/main amd64 llvm-5.0 amd64 1:5.0.1-4 [4356 kB]
Get:85 http://127.0.0.1:9999/debian unstable/main amd64 llvm-5.0-dev amd64 1:5.0.1-4 [21.5 MB]
Get:86 http://127.0.0.1:9999/debian unstable/main amd64 python-alabaster all 0.7.8-1 [18.4 kB]
Get:87 http://127.0.0.1:9999/debian unstable/main amd64 python-all amd64 2.7.15~rc1-1 [1028 B]
Get:88 http://127.0.0.1:9999/debian unstable/main amd64 python2.7-dev amd64 2.7.15-1 [290 kB]
Get:89 http://127.0.0.1:9999/debian unstable/main amd64 python-dev amd64 2.7.15~rc1-1 [1212 B]
Get:90 http://127.0.0.1:9999/debian unstable/main amd64 python-all-dev amd64 2.7.15~rc1-1 [1052 B]
Get:91 http://127.0.0.1:9999/debian unstable/main amd64 python-babel-localedata all 2.4.0+dfsg.1-2 [3415 kB]
Get:92 http://127.0.0.1:9999/debian unstable/main amd64 python-pkg-resources all 39.0.1-2 [171 kB]
Get:93 http://127.0.0.1:9999/debian unstable/main amd64 python-tz all 2018.4-1 [33.5 kB]
Get:94 http://127.0.0.1:9999/debian unstable/main amd64 python-babel all 2.4.0+dfsg.1-2 [84.3 kB]
Get:95 http://127.0.0.1:9999/debian unstable/main amd64 python-certifi all 2018.1.18-3 [144 kB]
Get:96 http://127.0.0.1:9999/debian unstable/main amd64 python-chardet all 3.0.4-1 [80.2 kB]
Get:97 http://127.0.0.1:9999/debian unstable/main amd64 python-roman all 2.0.0-3 [8688 B]
Get:98 http://127.0.0.1:9999/debian unstable/main amd64 python-docutils all 0.14+dfsg-3 [379 kB]
Get:99 http://127.0.0.1:9999/debian unstable/main amd64 python-enum34 all 1.1.6-2 [35.3 kB]
Get:100 http://127.0.0.1:9999/debian unstable/main amd64 python-idna all 2.6-1 [34.1 kB]
Get:101 http://127.0.0.1:9999/debian unstable/main amd64 python-imagesize all 0.7.1-1 [3814 B]
Get:102 http://127.0.0.1:9999/debian unstable/main amd64 python-markupsafe amd64 1.0-1+b1 [13.9 kB]
Get:103 http://127.0.0.1:9999/debian unstable/main amd64 python-jinja2 all 2.10-1 [106 kB]
Get:104 http://127.0.0.1:9999/debian unstable/main amd64 python-pyparsing all 2.2.0+dfsg1-2 [89.5 kB]
Get:105 http://127.0.0.1:9999/debian unstable/main amd64 python-six all 1.11.0-2 [15.1 kB]
Get:106 http://127.0.0.1:9999/debian unstable/main amd64 python-packaging all 17.1-1 [18.2 kB]
Get:107 http://127.0.0.1:9999/debian unstable/main amd64 python-pygments all 2.2.0+dfsg-1 [590 kB]
Get:108 http://127.0.0.1:9999/debian unstable/main amd64 python-urllib3 all 1.22-1 [97.7 kB]
Get:109 http://127.0.0.1:9999/debian unstable/main amd64 python-requests all 2.18.4-2 [77.3 kB]
Get:110 http://127.0.0.1:9999/debian unstable/main amd64 python-setuptools all 39.0.1-2 [373 kB]
Get:111 http://127.0.0.1:9999/debian unstable/main amd64 python-typing all 3.6.4-1 [22.7 kB]
Get:112 http://127.0.0.1:9999/debian unstable/main amd64 sphinx-common all 1.7.4-1 [434 kB]
Get:113 http://127.0.0.1:9999/debian unstable/main amd64 python-sphinx all 1.7.4-1 [446 kB]
Get:114 http://127.0.0.1:9999/debian unstable/main amd64 sphinx-rtd-theme-common all 0.2.4-1 [224 kB]
Get:115 http://127.0.0.1:9999/debian unstable/main amd64 python-sphinx-rtd-theme all 0.2.4-1 [10.3 kB]
Get:116 http://127.0.0.1:9999/debian unstable/main amd64 python3-lib2to3 all 3.6.5-3 [78.7 kB]
Get:117 http://127.0.0.1:9999/debian unstable/main amd64 python3-distutils all 3.6.5-3 [144 kB]
Get:118 http://127.0.0.1:9999/debian unstable/main amd64 python3-all amd64 3.6.5-3 [1044 B]
Get:119 http://127.0.0.1:9999/debian unstable/main amd64 python3.6-dev amd64 3.6.5-5 [511 kB]
Get:120 http://127.0.0.1:9999/debian unstable/main amd64 python3-dev amd64 3.6.5-3 [1244 B]
Get:121 http://127.0.0.1:9999/debian unstable/main amd64 python3-all-dev amd64 3.6.5-3 [1048 B]
Get:122 http://127.0.0.1:9999/debian unstable/main amd64 python3-pkg-resources all 39.0.1-2 [142 kB]
Get:123 http://127.0.0.1:9999/debian unstable/main amd64 python3-setuptools all 39.0.1-2 [291 kB]
Get:124 http://127.0.0.1:9999/debian unstable/main amd64 python3-six all 1.11.0-2 [15.2 kB]
Get:125 http://127.0.0.1:9999/debian unstable/main amd64 zlib1g-dev amd64 1:1.2.11.dfsg-1 [214 kB]
debconf: delaying package configuration, since apt-utils is not installed
Fetched 156 MB in 2s (80.0 MB/s)
Selecting previously unselected package bsdmainutils.
(Reading database ... 10771 files and directories currently installed.)
Preparing to unpack .../00-bsdmainutils_11.1.2_amd64.deb ...
Unpacking bsdmainutils (11.1.2) ...
Selecting previously unselected package groff-base.
Preparing to unpack .../01-groff-base_1.22.3-10_amd64.deb ...
Unpacking groff-base (1.22.3-10) ...
Selecting previously unselected package libpipeline1:amd64.
Preparing to unpack .../02-libpipeline1_1.5.0-1_amd64.deb ...
Unpacking libpipeline1:amd64 (1.5.0-1) ...
Selecting previously unselected package man-db.
Preparing to unpack .../03-man-db_2.8.3-2_amd64.deb ...
Unpacking man-db (2.8.3-2) ...
Selecting previously unselected package libpython2.7-minimal:amd64.
Preparing to unpack .../04-libpython2.7-minimal_2.7.15-1_amd64.deb ...
Unpacking libpython2.7-minimal:amd64 (2.7.15-1) ...
Selecting previously unselected package python2.7-minimal.
Preparing to unpack .../05-python2.7-minimal_2.7.15-1_amd64.deb ...
Unpacking python2.7-minimal (2.7.15-1) ...
Selecting previously unselected package python-minimal.
Preparing to unpack .../06-python-minimal_2.7.15~rc1-1_amd64.deb ...
Unpacking python-minimal (2.7.15~rc1-1) ...
Selecting previously unselected package mime-support.
Preparing to unpack .../07-mime-support_3.60_all.deb ...
Unpacking mime-support (3.60) ...
Selecting previously unselected package libexpat1:amd64.
Preparing to unpack .../08-libexpat1_2.2.5-3_amd64.deb ...
Unpacking libexpat1:amd64 (2.2.5-3) ...
Selecting previously unselected package libncursesw6:amd64.
Preparing to unpack .../09-libncursesw6_6.1+20180210-2_amd64.deb ...
Unpacking libncursesw6:amd64 (6.1+20180210-2) ...
Selecting previously unselected package readline-common.
Preparing to unpack .../10-readline-common_7.0-3_all.deb ...
Unpacking readline-common (7.0-3) ...
Selecting previously unselected package libreadline7:amd64.
Preparing to unpack .../11-libreadline7_7.0-3+b1_amd64.deb ...
Unpacking libreadline7:amd64 (7.0-3+b1) ...
Selecting previously unselected package libsqlite3-0:amd64.
Preparing to unpack .../12-libsqlite3-0_3.23.1-1_amd64.deb ...
Unpacking libsqlite3-0:amd64 (3.23.1-1) ...
Selecting previously unselected package libssl1.1:amd64.
Preparing to unpack .../13-libssl1.1_1.1.0h-2_amd64.deb ...
Unpacking libssl1.1:amd64 (1.1.0h-2) ...
Selecting previously unselected package libpython2.7-stdlib:amd64.
Preparing to unpack .../14-libpython2.7-stdlib_2.7.15-1_amd64.deb ...
Unpacking libpython2.7-stdlib:amd64 (2.7.15-1) ...
Selecting previously unselected package python2.7.
Preparing to unpack .../15-python2.7_2.7.15-1_amd64.deb ...
Unpacking python2.7 (2.7.15-1) ...
Selecting previously unselected package libpython-stdlib:amd64.
Preparing to unpack .../16-libpython-stdlib_2.7.15~rc1-1_amd64.deb ...
Unpacking libpython-stdlib:amd64 (2.7.15~rc1-1) ...
Setting up libpython2.7-minimal:amd64 (2.7.15-1) ...
Setting up python2.7-minimal (2.7.15-1) ...
Setting up python-minimal (2.7.15~rc1-1) ...
Selecting previously unselected package python.
(Reading database ... 12213 files and directories currently installed.)
Preparing to unpack .../0-python_2.7.15~rc1-1_amd64.deb ...
Unpacking python (2.7.15~rc1-1) ...
Selecting previously unselected package fonts-lato.
Preparing to unpack .../1-fonts-lato_2.0-2_all.deb ...
Unpacking fonts-lato (2.0-2) ...
Selecting previously unselected package libpython3.6-minimal:amd64.
Preparing to unpack .../2-libpython3.6-minimal_3.6.5-5_amd64.deb ...
Unpacking libpython3.6-minimal:amd64 (3.6.5-5) ...
Selecting previously unselected package python3.6-minimal.
Preparing to unpack .../3-python3.6-minimal_3.6.5-5_amd64.deb ...
Unpacking python3.6-minimal (3.6.5-5) ...
Selecting previously unselected package python3-minimal.
Preparing to unpack .../4-python3-minimal_3.6.5-3_amd64.deb ...
Unpacking python3-minimal (3.6.5-3) ...
Selecting previously unselected package libmpdec2:amd64.
Preparing to unpack .../5-libmpdec2_2.4.2-2_amd64.deb ...
Unpacking libmpdec2:amd64 (2.4.2-2) ...
Selecting previously unselected package libpython3.6-stdlib:amd64.
Preparing to unpack .../6-libpython3.6-stdlib_3.6.5-5_amd64.deb ...
Unpacking libpython3.6-stdlib:amd64 (3.6.5-5) ...
Selecting previously unselected package python3.6.
Preparing to unpack .../7-python3.6_3.6.5-5_amd64.deb ...
Unpacking python3.6 (3.6.5-5) ...
Selecting previously unselected package libpython3-stdlib:amd64.
Preparing to unpack .../8-libpython3-stdlib_3.6.5-3_amd64.deb ...
Unpacking libpython3-stdlib:amd64 (3.6.5-3) ...
Setting up libssl1.1:amd64 (1.1.0h-2) ...
Setting up libpython3.6-minimal:amd64 (3.6.5-5) ...
Setting up libexpat1:amd64 (2.2.5-3) ...
Setting up python3.6-minimal (3.6.5-5) ...
Setting up python3-minimal (3.6.5-3) ...
Selecting previously unselected package python3.
(Reading database ... 12939 files and directories currently installed.)
Preparing to unpack .../00-python3_3.6.5-3_amd64.deb ...
Unpacking python3 (3.6.5-3) ...
Selecting previously unselected package sgml-base.
Preparing to unpack .../01-sgml-base_1.29_all.deb ...
Unpacking sgml-base (1.29) ...
Selecting previously unselected package tzdata.
Preparing to unpack .../02-tzdata_2018d-1_all.deb ...
Unpacking tzdata (2018d-1) ...
Selecting previously unselected package libmagic-mgc.
Preparing to unpack .../03-libmagic-mgc_1%3a5.33-2_amd64.deb ...
Unpacking libmagic-mgc (1:5.33-2) ...
Selecting previously unselected package libmagic1:amd64.
Preparing to unpack .../04-libmagic1_1%3a5.33-2_amd64.deb ...
Unpacking libmagic1:amd64 (1:5.33-2) ...
Selecting previously unselected package file.
Preparing to unpack .../05-file_1%3a5.33-2_amd64.deb ...
Unpacking file (1:5.33-2) ...
Selecting previously unselected package gettext-base.
Preparing to unpack .../06-gettext-base_0.19.8.1-6_amd64.deb ...
Unpacking gettext-base (0.19.8.1-6) ...
Selecting previously unselected package libsigsegv2:amd64.
Preparing to unpack .../07-libsigsegv2_2.12-2_amd64.deb ...
Unpacking libsigsegv2:amd64 (2.12-2) ...
Selecting previously unselected package m4.
Preparing to unpack .../08-m4_1.4.18-1_amd64.deb ...
Unpacking m4 (1.4.18-1) ...
Selecting previously unselected package autoconf.
Preparing to unpack .../09-autoconf_2.69-11_all.deb ...
Unpacking autoconf (2.69-11) ...
Selecting previously unselected package autotools-dev.
Preparing to unpack .../10-autotools-dev_20180224.1_all.deb ...
Unpacking autotools-dev (20180224.1) ...
Selecting previously unselected package automake.
Preparing to unpack .../11-automake_1%3a1.15.1-3.1_all.deb ...
Unpacking automake (1:1.15.1-3.1) ...
Selecting previously unselected package autopoint.
Preparing to unpack .../12-autopoint_0.19.8.1-6_all.deb ...
Unpacking autopoint (0.19.8.1-6) ...
Selecting previously unselected package lsb-base.
Preparing to unpack .../13-lsb-base_9.20170808_all.deb ...
Unpacking lsb-base (9.20170808) ...
Selecting previously unselected package binfmt-support.
Preparing to unpack .../14-binfmt-support_2.1.8-2_amd64.deb ...
Unpacking binfmt-support (2.1.8-2) ...
Selecting previously unselected package openssl.
Preparing to unpack .../15-openssl_1.1.0h-2_amd64.deb ...
Unpacking openssl (1.1.0h-2) ...
Selecting previously unselected package ca-certificates.
Preparing to unpack .../16-ca-certificates_20180409_all.deb ...
Unpacking ca-certificates (20180409) ...
Selecting previously unselected package libtool.
Preparing to unpack .../17-libtool_2.4.6-2.1_all.deb ...
Unpacking libtool (2.4.6-2.1) ...
Selecting previously unselected package dh-autoreconf.
Preparing to unpack .../18-dh-autoreconf_17_all.deb ...
Unpacking dh-autoreconf (17) ...
Selecting previously unselected package libarchive-zip-perl.
Preparing to unpack .../19-libarchive-zip-perl_1.60-1_all.deb ...
Unpacking libarchive-zip-perl (1.60-1) ...
Selecting previously unselected package libfile-stripnondeterminism-perl.
Preparing to unpack .../20-libfile-stripnondeterminism-perl_0.041-1_all.deb ...
Unpacking libfile-stripnondeterminism-perl (0.041-1) ...
Selecting previously unselected package libtimedate-perl.
Preparing to unpack .../21-libtimedate-perl_2.3000-2_all.deb ...
Unpacking libtimedate-perl (2.3000-2) ...
Selecting previously unselected package dh-strip-nondeterminism.
Preparing to unpack .../22-dh-strip-nondeterminism_0.041-1_all.deb ...
Unpacking dh-strip-nondeterminism (0.041-1) ...
Selecting previously unselected package libglib2.0-0:amd64.
Preparing to unpack .../23-libglib2.0-0_2.56.1-2_amd64.deb ...
Unpacking libglib2.0-0:amd64 (2.56.1-2) ...
Selecting previously unselected package libicu57:amd64.
Preparing to unpack .../24-libicu57_57.1-9_amd64.deb ...
Unpacking libicu57:amd64 (57.1-9) ...
Selecting previously unselected package libxml2:amd64.
Preparing to unpack .../25-libxml2_2.9.4+dfsg1-6.1_amd64.deb ...
Unpacking libxml2:amd64 (2.9.4+dfsg1-6.1) ...
Selecting previously unselected package libcroco3:amd64.
Preparing to unpack .../26-libcroco3_0.6.12-2_amd64.deb ...
Unpacking libcroco3:amd64 (0.6.12-2) ...
Selecting previously unselected package gettext.
Preparing to unpack .../27-gettext_0.19.8.1-6_amd64.deb ...
Unpacking gettext (0.19.8.1-6) ...
Selecting previously unselected package intltool-debian.
Preparing to unpack .../28-intltool-debian_0.35.0+20060710.4_all.deb ...
Unpacking intltool-debian (0.35.0+20060710.4) ...
Selecting previously unselected package po-debconf.
Preparing to unpack .../29-po-debconf_1.0.20_all.deb ...
Unpacking po-debconf (1.0.20) ...
Selecting previously unselected package debhelper.
Preparing to unpack .../30-debhelper_11.2.1_all.deb ...
Unpacking debhelper (11.2.1) ...
Selecting previously unselected package dh-python.
Preparing to unpack .../31-dh-python_3.20180326_all.deb ...
Unpacking dh-python (3.20180326) ...
Selecting previously unselected package xml-core.
Preparing to unpack .../32-xml-core_0.18_all.deb ...
Unpacking xml-core (0.18) ...
Selecting previously unselected package docutils-common.
Preparing to unpack .../33-docutils-common_0.14+dfsg-3_all.deb ...
Unpacking docutils-common (0.14+dfsg-3) ...
Selecting previously unselected package fonts-font-awesome.
Preparing to unpack .../34-fonts-font-awesome_4.7.0~dfsg-3_all.deb ...
Unpacking fonts-font-awesome (4.7.0~dfsg-3) ...
Selecting previously unselected package libbsd-dev:amd64.
Preparing to unpack .../35-libbsd-dev_0.8.7-1_amd64.deb ...
Unpacking libbsd-dev:amd64 (0.8.7-1) ...
Selecting previously unselected package libncurses6:amd64.
Preparing to unpack .../36-libncurses6_6.1+20180210-2_amd64.deb ...
Unpacking libncurses6:amd64 (6.1+20180210-2) ...
Selecting previously unselected package libncurses-dev:amd64.
Preparing to unpack .../37-libncurses-dev_6.1+20180210-2_amd64.deb ...
Unpacking libncurses-dev:amd64 (6.1+20180210-2) ...
Selecting previously unselected package libtinfo-dev:amd64.
Preparing to unpack .../38-libtinfo-dev_6.1+20180210-2_amd64.deb ...
Unpacking libtinfo-dev:amd64 (6.1+20180210-2) ...
Selecting previously unselected package libedit-dev:amd64.
Preparing to unpack .../39-libedit-dev_3.1-20170329-1_amd64.deb ...
Unpacking libedit-dev:amd64 (3.1-20170329-1) ...
Selecting previously unselected package libexpat1-dev:amd64.
Preparing to unpack .../40-libexpat1-dev_2.2.5-3_amd64.deb ...
Unpacking libexpat1-dev:amd64 (2.2.5-3) ...
Selecting previously unselected package libffi-dev:amd64.
Preparing to unpack .../41-libffi-dev_3.2.1-8_amd64.deb ...
Unpacking libffi-dev:amd64 (3.2.1-8) ...
Selecting previously unselected package libjs-jquery.
Preparing to unpack .../42-libjs-jquery_3.2.1-1_all.deb ...
Unpacking libjs-jquery (3.2.1-1) ...
Selecting previously unselected package libjs-modernizr.
Preparing to unpack .../43-libjs-modernizr_2.6.2+ds1-1.1_all.deb ...
Unpacking libjs-modernizr (2.6.2+ds1-1.1) ...
Selecting previously unselected package libjs-underscore.
Preparing to unpack .../44-libjs-underscore_1.8.3~dfsg-1_all.deb ...
Unpacking libjs-underscore (1.8.3~dfsg-1) ...
Selecting previously unselected package libjs-sphinxdoc.
Preparing to unpack .../45-libjs-sphinxdoc_1.7.4-1_all.deb ...
Unpacking libjs-sphinxdoc (1.7.4-1) ...
Selecting previously unselected package libllvm5.0:amd64.
Preparing to unpack .../46-libllvm5.0_1%3a5.0.1-4_amd64.deb ...
Unpacking libllvm5.0:amd64 (1:5.0.1-4) ...
Selecting previously unselected package libpython2.7:amd64.
Preparing to unpack .../47-libpython2.7_2.7.15-1_amd64.deb ...
Unpacking libpython2.7:amd64 (2.7.15-1) ...
Selecting previously unselected package libpython2.7-dev:amd64.
Preparing to unpack .../48-libpython2.7-dev_2.7.15-1_amd64.deb ...
Unpacking libpython2.7-dev:amd64 (2.7.15-1) ...
Selecting previously unselected package libpython-dev:amd64.
Preparing to unpack .../49-libpython-dev_2.7.15~rc1-1_amd64.deb ...
Unpacking libpython-dev:amd64 (2.7.15~rc1-1) ...
Selecting previously unselected package libpython-all-dev:amd64.
Preparing to unpack .../50-libpython-all-dev_2.7.15~rc1-1_amd64.deb ...
Unpacking libpython-all-dev:amd64 (2.7.15~rc1-1) ...
Selecting previously unselected package libpython3.6:amd64.
Preparing to unpack .../51-libpython3.6_3.6.5-5_amd64.deb ...
Unpacking libpython3.6:amd64 (3.6.5-5) ...
Selecting previously unselected package libpython3.6-dev:amd64.
Preparing to unpack .../52-libpython3.6-dev_3.6.5-5_amd64.deb ...
Unpacking libpython3.6-dev:amd64 (3.6.5-5) ...
Selecting previously unselected package libpython3-dev:amd64.
Preparing to unpack .../53-libpython3-dev_3.6.5-3_amd64.deb ...
Unpacking libpython3-dev:amd64 (3.6.5-3) ...
Selecting previously unselected package libpython3-all-dev:amd64.
Preparing to unpack .../54-libpython3-all-dev_3.6.5-3_amd64.deb ...
Unpacking libpython3-all-dev:amd64 (3.6.5-3) ...
Selecting previously unselected package llvm-5.0-runtime.
Preparing to unpack .../55-llvm-5.0-runtime_1%3a5.0.1-4_amd64.deb ...
Unpacking llvm-5.0-runtime (1:5.0.1-4) ...
Selecting previously unselected package llvm-5.0.
Preparing to unpack .../56-llvm-5.0_1%3a5.0.1-4_amd64.deb ...
Unpacking llvm-5.0 (1:5.0.1-4) ...
Selecting previously unselected package llvm-5.0-dev.
Preparing to unpack .../57-llvm-5.0-dev_1%3a5.0.1-4_amd64.deb ...
Unpacking llvm-5.0-dev (1:5.0.1-4) ...
Selecting previously unselected package python-alabaster.
Preparing to unpack .../58-python-alabaster_0.7.8-1_all.deb ...
Unpacking python-alabaster (0.7.8-1) ...
Selecting previously unselected package python-all.
Preparing to unpack .../59-python-all_2.7.15~rc1-1_amd64.deb ...
Unpacking python-all (2.7.15~rc1-1) ...
Selecting previously unselected package python2.7-dev.
Preparing to unpack .../60-python2.7-dev_2.7.15-1_amd64.deb ...
Unpacking python2.7-dev (2.7.15-1) ...
Selecting previously unselected package python-dev.
Preparing to unpack .../61-python-dev_2.7.15~rc1-1_amd64.deb ...
Unpacking python-dev (2.7.15~rc1-1) ...
Selecting previously unselected package python-all-dev.
Preparing to unpack .../62-python-all-dev_2.7.15~rc1-1_amd64.deb ...
Unpacking python-all-dev (2.7.15~rc1-1) ...
Selecting previously unselected package python-babel-localedata.
Preparing to unpack .../63-python-babel-localedata_2.4.0+dfsg.1-2_all.deb ...
Unpacking python-babel-localedata (2.4.0+dfsg.1-2) ...
Selecting previously unselected package python-pkg-resources.
Preparing to unpack .../64-python-pkg-resources_39.0.1-2_all.deb ...
Unpacking python-pkg-resources (39.0.1-2) ...
Selecting previously unselected package python-tz.
Preparing to unpack .../65-python-tz_2018.4-1_all.deb ...
Unpacking python-tz (2018.4-1) ...
Selecting previously unselected package python-babel.
Preparing to unpack .../66-python-babel_2.4.0+dfsg.1-2_all.deb ...
Unpacking python-babel (2.4.0+dfsg.1-2) ...
Selecting previously unselected package python-certifi.
Preparing to unpack .../67-python-certifi_2018.1.18-3_all.deb ...
Unpacking python-certifi (2018.1.18-3) ...
Selecting previously unselected package python-chardet.
Preparing to unpack .../68-python-chardet_3.0.4-1_all.deb ...
Unpacking python-chardet (3.0.4-1) ...
Selecting previously unselected package python-roman.
Preparing to unpack .../69-python-roman_2.0.0-3_all.deb ...
Unpacking python-roman (2.0.0-3) ...
Selecting previously unselected package python-docutils.
Preparing to unpack .../70-python-docutils_0.14+dfsg-3_all.deb ...
Unpacking python-docutils (0.14+dfsg-3) ...
Selecting previously unselected package python-enum34.
Preparing to unpack .../71-python-enum34_1.1.6-2_all.deb ...
Unpacking python-enum34 (1.1.6-2) ...
Selecting previously unselected package python-idna.
Preparing to unpack .../72-python-idna_2.6-1_all.deb ...
Unpacking python-idna (2.6-1) ...
Selecting previously unselected package python-imagesize.
Preparing to unpack .../73-python-imagesize_0.7.1-1_all.deb ...
Unpacking python-imagesize (0.7.1-1) ...
Selecting previously unselected package python-markupsafe.
Preparing to unpack .../74-python-markupsafe_1.0-1+b1_amd64.deb ...
Unpacking python-markupsafe (1.0-1+b1) ...
Selecting previously unselected package python-jinja2.
Preparing to unpack .../75-python-jinja2_2.10-1_all.deb ...
Unpacking python-jinja2 (2.10-1) ...
Selecting previously unselected package python-pyparsing.
Preparing to unpack .../76-python-pyparsing_2.2.0+dfsg1-2_all.deb ...
Unpacking python-pyparsing (2.2.0+dfsg1-2) ...
Selecting previously unselected package python-six.
Preparing to unpack .../77-python-six_1.11.0-2_all.deb ...
Unpacking python-six (1.11.0-2) ...
Selecting previously unselected package python-packaging.
Preparing to unpack .../78-python-packaging_17.1-1_all.deb ...
Unpacking python-packaging (17.1-1) ...
Selecting previously unselected package python-pygments.
Preparing to unpack .../79-python-pygments_2.2.0+dfsg-1_all.deb ...
Unpacking python-pygments (2.2.0+dfsg-1) ...
Selecting previously unselected package python-urllib3.
Preparing to unpack .../80-python-urllib3_1.22-1_all.deb ...
Unpacking python-urllib3 (1.22-1) ...
Selecting previously unselected package python-requests.
Preparing to unpack .../81-python-requests_2.18.4-2_all.deb ...
Unpacking python-requests (2.18.4-2) ...
Selecting previously unselected package python-setuptools.
Preparing to unpack .../82-python-setuptools_39.0.1-2_all.deb ...
Unpacking python-setuptools (39.0.1-2) ...
Selecting previously unselected package python-typing.
Preparing to unpack .../83-python-typing_3.6.4-1_all.deb ...
Unpacking python-typing (3.6.4-1) ...
Selecting previously unselected package sphinx-common.
Preparing to unpack .../84-sphinx-common_1.7.4-1_all.deb ...
Unpacking sphinx-common (1.7.4-1) ...
Selecting previously unselected package python-sphinx.
Preparing to unpack .../85-python-sphinx_1.7.4-1_all.deb ...
Unpacking python-sphinx (1.7.4-1) ...
Selecting previously unselected package sphinx-rtd-theme-common.
Preparing to unpack .../86-sphinx-rtd-theme-common_0.2.4-1_all.deb ...
Unpacking sphinx-rtd-theme-common (0.2.4-1) ...
Selecting previously unselected package python-sphinx-rtd-theme.
Preparing to unpack .../87-python-sphinx-rtd-theme_0.2.4-1_all.deb ...
Unpacking python-sphinx-rtd-theme (0.2.4-1) ...
Selecting previously unselected package python3-lib2to3.
Preparing to unpack .../88-python3-lib2to3_3.6.5-3_all.deb ...
Unpacking python3-lib2to3 (3.6.5-3) ...
Selecting previously unselected package python3-distutils.
Preparing to unpack .../89-python3-distutils_3.6.5-3_all.deb ...
Unpacking python3-distutils (3.6.5-3) ...
Selecting previously unselected package python3-all.
Preparing to unpack .../90-python3-all_3.6.5-3_amd64.deb ...
Unpacking python3-all (3.6.5-3) ...
Selecting previously unselected package python3.6-dev.
Preparing to unpack .../91-python3.6-dev_3.6.5-5_amd64.deb ...
Unpacking python3.6-dev (3.6.5-5) ...
Selecting previously unselected package python3-dev.
Preparing to unpack .../92-python3-dev_3.6.5-3_amd64.deb ...
Unpacking python3-dev (3.6.5-3) ...
Selecting previously unselected package python3-all-dev.
Preparing to unpack .../93-python3-all-dev_3.6.5-3_amd64.deb ...
Unpacking python3-all-dev (3.6.5-3) ...
Selecting previously unselected package python3-pkg-resources.
Preparing to unpack .../94-python3-pkg-resources_39.0.1-2_all.deb ...
Unpacking python3-pkg-resources (39.0.1-2) ...
Selecting previously unselected package python3-setuptools.
Preparing to unpack .../95-python3-setuptools_39.0.1-2_all.deb ...
Unpacking python3-setuptools (39.0.1-2) ...
Selecting previously unselected package python3-six.
Preparing to unpack .../96-python3-six_1.11.0-2_all.deb ...
Unpacking python3-six (1.11.0-2) ...
Selecting previously unselected package zlib1g-dev:amd64.
Preparing to unpack .../97-zlib1g-dev_1%3a1.2.11.dfsg-1_amd64.deb ...
Unpacking zlib1g-dev:amd64 (1:1.2.11.dfsg-1) ...
Selecting previously unselected package sbuild-build-depends-llvmlite-dummy.
Preparing to unpack .../98-sbuild-build-depends-llvmlite-dummy_0.invalid.0_amd64.deb ...
Unpacking sbuild-build-depends-llvmlite-dummy (0.invalid.0) ...
Setting up libjs-jquery (3.2.1-1) ...
Setting up readline-common (7.0-3) ...
Setting up libarchive-zip-perl (1.60-1) ...
Setting up libjs-underscore (1.8.3~dfsg-1) ...
Setting up mime-support (3.60) ...
Setting up libtimedate-perl (2.3000-2) ...
Setting up libsigsegv2:amd64 (2.12-2) ...
Setting up libreadline7:amd64 (7.0-3+b1) ...
Setting up libbsd-dev:amd64 (0.8.7-1) ...
Setting up tzdata (2018d-1) ...

Current default time zone: 'Etc/UTC'
Local time is now:      Wed May  2 13:17:11 UTC 2018.
Universal Time is now:  Wed May  2 13:17:11 UTC 2018.
Run 'dpkg-reconfigure tzdata' if you wish to change it.

Setting up groff-base (1.22.3-10) ...
Setting up libglib2.0-0:amd64 (2.56.1-2) ...
No schema files found: doing nothing.
Setting up libncursesw6:amd64 (6.1+20180210-2) ...
Setting up libjs-sphinxdoc (1.7.4-1) ...
Setting up libffi-dev:amd64 (3.2.1-8) ...
Setting up libllvm5.0:amd64 (1:5.0.1-4) ...
Setting up gettext-base (0.19.8.1-6) ...
Setting up libpipeline1:amd64 (1.5.0-1) ...
Setting up m4 (1.4.18-1) ...
Setting up sgml-base (1.29) ...
Setting up libicu57:amd64 (57.1-9) ...
Setting up fonts-font-awesome (4.7.0~dfsg-3) ...
Setting up libxml2:amd64 (2.9.4+dfsg1-6.1) ...
Setting up libmagic-mgc (1:5.33-2) ...
Setting up libmagic1:amd64 (1:5.33-2) ...
Setting up lsb-base (9.20170808) ...
Setting up libcroco3:amd64 (0.6.12-2) ...
Setting up fonts-lato (2.0-2) ...
Processing triggers for libc-bin (2.27-3) ...
Setting up autotools-dev (20180224.1) ...
Setting up python-babel-localedata (2.4.0+dfsg.1-2) ...
Setting up openssl (1.1.0h-2) ...
Setting up sphinx-common (1.7.4-1) ...
Setting up libsqlite3-0:amd64 (3.23.1-1) ...
Setting up libexpat1-dev:amd64 (2.2.5-3) ...
Setting up xml-core (0.18) ...
Setting up bsdmainutils (11.1.2) ...
update-alternatives: using /usr/bin/bsd-write to provide /usr/bin/write (write) in auto mode
update-alternatives: using /usr/bin/bsd-from to provide /usr/bin/from (from) in auto mode
Setting up ca-certificates (20180409) ...
Updating certificates in /etc/ssl/certs...
133 added, 0 removed; done.
Setting up libncurses6:amd64 (6.1+20180210-2) ...
Setting up libjs-modernizr (2.6.2+ds1-1.1) ...
Setting up libpython2.7-stdlib:amd64 (2.7.15-1) ...
Setting up autopoint (0.19.8.1-6) ...
Setting up libmpdec2:amd64 (2.4.2-2) ...
Setting up zlib1g-dev:amd64 (1:1.2.11.dfsg-1) ...
Setting up libfile-stripnondeterminism-perl (0.041-1) ...
Setting up libpython3.6-stdlib:amd64 (3.6.5-5) ...
Setting up binfmt-support (2.1.8-2) ...
update-binfmts: warning: Couldn't load the binfmt_misc module.
update-binfmts: warning: Couldn't load the binfmt_misc module.
update-binfmts: warning: Couldn't load the binfmt_misc module.
invoke-rc.d: could not determine current runlevel
All runlevel operations denied by policy
invoke-rc.d: policy-rc.d denied execution of start.
Setting up python3.6 (3.6.5-5) ...
Setting up gettext (0.19.8.1-6) ...
Setting up llvm-5.0-runtime (1:5.0.1-4) ...
update-binfmts: warning: Couldn't load the binfmt_misc module.
Setting up python2.7 (2.7.15-1) ...
Setting up autoconf (2.69-11) ...
Setting up file (1:5.33-2) ...
Setting up llvm-5.0 (1:5.0.1-4) ...
Setting up libpython-stdlib:amd64 (2.7.15~rc1-1) ...
Setting up intltool-debian (0.35.0+20060710.4) ...
Setting up sphinx-rtd-theme-common (0.2.4-1) ...
Setting up libpython2.7:amd64 (2.7.15-1) ...
Setting up automake (1:1.15.1-3.1) ...
update-alternatives: using /usr/bin/automake-1.15 to provide /usr/bin/automake (automake) in auto mode
Setting up man-db (2.8.3-2) ...
Not building database; man-db/auto-update is not 'true'.
Setting up libpython2.7-dev:amd64 (2.7.15-1) ...
Setting up libncurses-dev:amd64 (6.1+20180210-2) ...
Setting up python2.7-dev (2.7.15-1) ...
Setting up python (2.7.15~rc1-1) ...
Setting up llvm-5.0-dev (1:5.0.1-4) ...
Setting up python-typing (3.6.4-1) ...
Setting up libpython3.6:amd64 (3.6.5-5) ...
Setting up python-pyparsing (2.2.0+dfsg1-2) ...
Setting up python-idna (2.6-1) ...
Setting up libtool (2.4.6-2.1) ...
Setting up libpython3-stdlib:amd64 (3.6.5-3) ...
Setting up libpython-dev:amd64 (2.7.15~rc1-1) ...
Setting up po-debconf (1.0.20) ...
Setting up python3 (3.6.5-3) ...
Setting up python-dev (2.7.15~rc1-1) ...
Setting up python3-six (1.11.0-2) ...
Setting up python-certifi (2018.1.18-3) ...
Setting up python-tz (2018.4-1) ...
Setting up libpython-all-dev:amd64 (2.7.15~rc1-1) ...
Setting up libtinfo-dev:amd64 (6.1+20180210-2) ...
Setting up python-imagesize (0.7.1-1) ...
Setting up python-alabaster (0.7.8-1) ...
Setting up python3-pkg-resources (39.0.1-2) ...
Setting up python-pkg-resources (39.0.1-2) ...
Setting up python-roman (2.0.0-3) ...
Setting up libpython3.6-dev:amd64 (3.6.5-5) ...
Setting up python-markupsafe (1.0-1+b1) ...
Setting up python-six (1.11.0-2) ...
Setting up python-pygments (2.2.0+dfsg-1) ...
Setting up python-packaging (17.1-1) ...
Setting up python-enum34 (1.1.6-2) ...
Setting up python-sphinx-rtd-theme (0.2.4-1) ...
Setting up libedit-dev:amd64 (3.1-20170329-1) ...
Setting up python3.6-dev (3.6.5-5) ...
Setting up python3-lib2to3 (3.6.5-3) ...
Setting up dh-python (3.20180326) ...
Setting up python-all (2.7.15~rc1-1) ...
Setting up python3-distutils (3.6.5-3) ...
Setting up libpython3-dev:amd64 (3.6.5-3) ...
Setting up python-setuptools (39.0.1-2) ...
Setting up python-urllib3 (1.22-1) ...
Setting up python-chardet (3.0.4-1) ...
Setting up python-jinja2 (2.10-1) ...
Setting up python-babel (2.4.0+dfsg.1-2) ...
update-alternatives: using /usr/bin/pybabel-python2 to provide /usr/bin/pybabel (pybabel) in auto mode
Setting up python3-dev (3.6.5-3) ...
Setting up python-all-dev (2.7.15~rc1-1) ...
Setting up libpython3-all-dev:amd64 (3.6.5-3) ...
Setting up python3-all (3.6.5-3) ...
Setting up python-requests (2.18.4-2) ...
Setting up python3-setuptools (39.0.1-2) ...
Setting up python3-all-dev (3.6.5-3) ...
Processing triggers for sgml-base (1.29) ...
Setting up docutils-common (0.14+dfsg-3) ...
Processing triggers for sgml-base (1.29) ...
Setting up python-docutils (0.14+dfsg-3) ...
update-alternatives: using /usr/share/docutils/scripts/python2/rst-buildhtml to provide /usr/bin/rst-buildhtml (rst-buildhtml) in auto mode
update-alternatives: using /usr/share/docutils/scripts/python2/rst2html to provide /usr/bin/rst2html (rst2html) in auto mode
update-alternatives: using /usr/share/docutils/scripts/python2/rst2html4 to provide /usr/bin/rst2html4 (rst2html4) in auto mode
update-alternatives: using /usr/share/docutils/scripts/python2/rst2html5 to provide /usr/bin/rst2html5 (rst2html5) in auto mode
update-alternatives: using /usr/share/docutils/scripts/python2/rst2latex to provide /usr/bin/rst2latex (rst2latex) in auto mode
update-alternatives: using /usr/share/docutils/scripts/python2/rst2man to provide /usr/bin/rst2man (rst2man) in auto mode
update-alternatives: using /usr/share/docutils/scripts/python2/rst2odt to provide /usr/bin/rst2odt (rst2odt) in auto mode
update-alternatives: using /usr/share/docutils/scripts/python2/rst2odt_prepstyles to provide /usr/bin/rst2odt_prepstyles (rst2odt_prepstyles) in auto mode
update-alternatives: using /usr/share/docutils/scripts/python2/rst2pseudoxml to provide /usr/bin/rst2pseudoxml (rst2pseudoxml) in auto mode
update-alternatives: using /usr/share/docutils/scripts/python2/rst2s5 to provide /usr/bin/rst2s5 (rst2s5) in auto mode
update-alternatives: using /usr/share/docutils/scripts/python2/rst2xetex to provide /usr/bin/rst2xetex (rst2xetex) in auto mode
update-alternatives: using /usr/share/docutils/scripts/python2/rst2xml to provide /usr/bin/rst2xml (rst2xml) in auto mode
update-alternatives: using /usr/share/docutils/scripts/python2/rstpep2html to provide /usr/bin/rstpep2html (rstpep2html) in auto mode
Setting up python-sphinx (1.7.4-1) ...
Setting up dh-autoreconf (17) ...
Setting up dh-strip-nondeterminism (0.041-1) ...
Setting up debhelper (11.2.1) ...
Setting up sbuild-build-depends-llvmlite-dummy (0.invalid.0) ...
Processing triggers for libc-bin (2.27-3) ...
Processing triggers for ca-certificates (20180409) ...
Updating certificates in /etc/ssl/certs...
0 added, 0 removed; done.
Running hooks in /etc/ca-certificates/update.d...
done.

+------------------------------------------------------------------------------+
| Build environment                                                            |
+------------------------------------------------------------------------------+

Kernel: Linux 4.9.0-5-amd64 amd64 (x86_64)
Toolchain package versions: binutils_2.30-16 dpkg-dev_1.19.0.5 g++-7_7.3.0-17 gcc-7_7.3.0-17 libc6-dev_2.27-3 libstdc++-7-dev_7.3.0-17 libstdc++6_8-20180425-1 linux-libc-dev_4.15.17-1
Package versions: adduser_3.117 apt_1.6.1 autoconf_2.69-11 automake_1:1.15.1-3.1 autopoint_0.19.8.1-6 autotools-dev_20180224.1 base-files_10.1 base-passwd_3.5.45 bash_4.4.18-2 binfmt-support_2.1.8-2 binutils_2.30-16 binutils-common_2.30-16 binutils-x86-64-linux-gnu_2.30-16 bsdmainutils_11.1.2 bsdutils_1:2.31.1-0.5 build-essential_12.5 bzip2_1.0.6-8.1 ca-certificates_20180409 clang-6.0_1:6.0-3 coreutils_8.28-1 cpp_4:7.3.0-3 cpp-7_7.3.0-17 dash_0.5.8-2.10 debconf_1.5.66 debfoster_2.7-2.1+b1 debhelper_11.2.1 debian-archive-keyring_2017.7 debianutils_4.8.4 dh-autoreconf_17 dh-python_3.20180326 dh-strip-nondeterminism_0.041-1 diffutils_1:3.6-1 docutils-common_0.14+dfsg-3 dpkg_1.19.0.5 dpkg-dev_1.19.0.5 e2fslibs_1.44.1-2 e2fsprogs_1.44.1-2 eatmydata_105-6 fakeroot_1.22-2 fdisk_2.31.1-0.5 file_1:5.33-2 findutils_4.6.0+git+20171230-2 fonts-font-awesome_4.7.0~dfsg-3 fonts-lato_2.0-2 g++_4:7.3.0-3 g++-7_7.3.0-17 gcc_4:7.3.0-3 gcc-6-base_6.4.0-17 gcc-7_7.3.0-17 gcc-7-base_7.3.0-17 gcc-8-base_8-20180425-1 gettext_0.19.8.1-6 gettext-base_0.19.8.1-6 gpgv_2.2.5-1 grep_3.1-2 groff-base_1.22.3-10 gzip_1.6-5+b1 hostname_3.20 init-system-helpers_1.51 intltool-debian_0.35.0+20060710.4 lib32gcc1_1:8-20180425-1 lib32stdc++6_8-20180425-1 libacl1_2.2.52-3+b1 libapt-pkg5.0_1.6.1 libarchive-zip-perl_1.60-1 libasan4_7.3.0-17 libatomic1_8-20180425-1 libattr1_1:2.4.47-2+b2 libaudit-common_1:2.8.3-1 libaudit1_1:2.8.3-1 libbinutils_2.30-16 libblkid1_2.31.1-0.5 libbsd-dev_0.8.7-1 libbsd0_0.8.7-1 libbz2-1.0_1.0.6-8.1 libc-bin_2.27-3 libc-dev-bin_2.27-3 libc6_2.27-3 libc6-dev_2.27-3 libc6-i386_2.27-3 libcap-ng0_0.7.9-1 libcc1-0_8-20180425-1 libcilkrts5_7.3.0-17 libclang-common-6.0-dev_1:6.0-3 libclang1-6.0_1:6.0-3 libcom-err2_1.44.1-2 libcomerr2_1.44.1-2 libcroco3_0.6.12-2 libdb5.3_5.3.28-13.1+b1 libdebconfclient0_0.243 libdpkg-perl_1.19.0.5 libeatmydata1_105-6 libedit-dev_3.1-20170329-1 libedit2_3.1-20170329-1 libexpat1_2.2.5-3 libexpat1-dev_2.2.5-3 libext2fs2_1.44.1-2 libfakeroot_1.22-2 libfdisk1_2.31.1-0.5 libffi-dev_3.2.1-8 libffi6_3.2.1-8 libfile-stripnondeterminism-perl_0.041-1 libgc1c2_1:7.4.2-8.2 libgcc-7-dev_7.3.0-17 libgcc1_1:8-20180425-1 libgcrypt20_1.8.2-2 libgdbm-compat4_1.14.1-6 libgdbm3_1.8.3-14 libgdbm5_1.14.1-6 libglib2.0-0_2.56.1-2 libgmp10_2:6.1.2+dfsg-3 libgnutls30_3.5.18-1 libgomp1_8-20180425-1 libgpg-error0_1.29-4 libhogweed4_3.4-1 libicu57_57.1-9 libidn2-0_2.0.4-1.1 libisl15_0.18-4 libisl19_0.19-1 libitm1_8-20180425-1 libjs-jquery_3.2.1-1 libjs-modernizr_2.6.2+ds1-1.1 libjs-sphinxdoc_1.7.4-1 libjs-underscore_1.8.3~dfsg-1 libjsoncpp1_1.7.4-3 libllvm5.0_1:5.0.1-4 libllvm6.0_1:6.0-3 liblsan0_8-20180425-1 liblz4-1_1.8.1.2-1 liblzma5_5.2.2-1.3 libmagic-mgc_1:5.33-2 libmagic1_1:5.33-2 libmount1_2.31.1-0.5 libmpc3_1.1.0-1 libmpdec2_2.4.2-2 libmpfr4_3.1.6-1 libmpfr6_4.0.1-1 libmpx2_8-20180425-1 libncurses-dev_6.1+20180210-2 libncurses5_6.1+20180210-2 libncurses6_6.1+20180210-2 libncursesw5_6.1+20180210-2 libncursesw6_6.1+20180210-2 libnettle6_3.4-1 libobjc-7-dev_7.3.0-17 libobjc4_8-20180425-1 libp11-kit0_0.23.10-2 libpam-modules_1.1.8-3.7 libpam-modules-bin_1.1.8-3.7 libpam-runtime_1.1.8-3.7 libpam0g_1.1.8-3.7 libpcre3_2:8.39-9 libperl5.26_5.26.2-3 libpipeline1_1.5.0-1 libpython-all-dev_2.7.15~rc1-1 libpython-dev_2.7.15~rc1-1 libpython-stdlib_2.7.15~rc1-1 libpython2.7_2.7.15-1 libpython2.7-dev_2.7.15-1 libpython2.7-minimal_2.7.15-1 libpython2.7-stdlib_2.7.15-1 libpython3-all-dev_3.6.5-3 libpython3-dev_3.6.5-3 libpython3-stdlib_3.6.5-3 libpython3.6_3.6.5-5 libpython3.6-dev_3.6.5-5 libpython3.6-minimal_3.6.5-5 libpython3.6-stdlib_3.6.5-5 libquadmath0_8-20180425-1 libreadline7_7.0-3+b1 libseccomp2_2.3.3-1 libselinux1_2.7-2+b2 libsemanage-common_2.7-2 libsemanage1_2.7-2+b2 libsepol1_2.7-1 libsigsegv2_2.12-2 libsmartcols1_2.31.1-0.5 libsqlite3-0_3.23.1-1 libss2_1.44.1-2 libssl1.1_1.1.0h-2 libstdc++-7-dev_7.3.0-17 libstdc++6_8-20180425-1 libsystemd0_238-4 libtasn1-6_4.13-2 libtimedate-perl_2.3000-2 libtinfo-dev_6.1+20180210-2 libtinfo5_6.1+20180210-2 libtinfo6_6.1+20180210-2 libtool_2.4.6-2.1 libtsan0_8-20180425-1 libubsan0_7.3.0-17 libudev1_238-4 libunistring2_0.9.8-1 libustr-1.0-1_1.0.4-6 libuuid1_2.31.1-0.5 libxml2_2.9.4+dfsg1-6.1 libzstd1_1.3.4+dfsg-1 linux-libc-dev_4.15.17-1 llvm-5.0_1:5.0.1-4 llvm-5.0-dev_1:5.0.1-4 llvm-5.0-runtime_1:5.0.1-4 login_1:4.5-1 lsb-base_9.20170808 m4_1.4.18-1 make_4.2.1-1 man-db_2.8.3-2 mawk_1.3.3-17+b3 mime-support_3.60 mount_2.31.1-0.5 multiarch-support_2.27-3 ncurses-base_6.1+20180210-2 ncurses-bin_6.1+20180210-2 openssl_1.1.0h-2 passwd_1:4.5-1 patch_2.7.6-2 perl_5.26.2-3 perl-base_5.26.2-3 perl-modules-5.26_5.26.2-3 po-debconf_1.0.20 python_2.7.15~rc1-1 python-alabaster_0.7.8-1 python-all_2.7.15~rc1-1 python-all-dev_2.7.15~rc1-1 python-babel_2.4.0+dfsg.1-2 python-babel-localedata_2.4.0+dfsg.1-2 python-certifi_2018.1.18-3 python-chardet_3.0.4-1 python-dev_2.7.15~rc1-1 python-docutils_0.14+dfsg-3 python-enum34_1.1.6-2 python-idna_2.6-1 python-imagesize_0.7.1-1 python-jinja2_2.10-1 python-markupsafe_1.0-1+b1 python-minimal_2.7.15~rc1-1 python-packaging_17.1-1 python-pkg-resources_39.0.1-2 python-pygments_2.2.0+dfsg-1 python-pyparsing_2.2.0+dfsg1-2 python-requests_2.18.4-2 python-roman_2.0.0-3 python-setuptools_39.0.1-2 python-six_1.11.0-2 python-sphinx_1.7.4-1 python-sphinx-rtd-theme_0.2.4-1 python-typing_3.6.4-1 python-tz_2018.4-1 python-urllib3_1.22-1 python2.7_2.7.15-1 python2.7-dev_2.7.15-1 python2.7-minimal_2.7.15-1 python3_3.6.5-3 python3-all_3.6.5-3 python3-all-dev_3.6.5-3 python3-dev_3.6.5-3 python3-distutils_3.6.5-3 python3-lib2to3_3.6.5-3 python3-minimal_3.6.5-3 python3-pkg-resources_39.0.1-2 python3-setuptools_39.0.1-2 python3-six_1.11.0-2 python3.6_3.6.5-5 python3.6-dev_3.6.5-5 python3.6-minimal_3.6.5-5 readline-common_7.0-3 sbuild-build-depends-core-dummy_0.invalid.0 sbuild-build-depends-llvmlite-dummy_0.invalid.0 sed_4.4-2 sensible-utils_0.0.12 sgml-base_1.29 sphinx-common_1.7.4-1 sphinx-rtd-theme-common_0.2.4-1 sysvinit-utils_2.88dsf-59.10 tar_1.30+dfsg-1 tzdata_2018d-1 util-linux_2.31.1-0.5 xml-core_0.18 xz-utils_5.2.2-1.3 zlib1g_1:1.2.11.dfsg-1 zlib1g-dev_1:1.2.11.dfsg-1

+------------------------------------------------------------------------------+
| Build                                                                        |
+------------------------------------------------------------------------------+


Unpack source
-------------

gpgv: unknown type of key resource 'trustedkeys.kbx'
gpgv: keyblock resource '/sbuild-nonexistent/.gnupg/trustedkeys.kbx': General error
gpgv: Signature made Tue May  1 11:16:12 2018 UTC
gpgv:                using RSA key 46CB1CA89EA3B74376761DB915E09AF4DF5182C8
gpgv: Can't check signature: No public key
dpkg-source: warning: failed to verify signature on ./llvmlite_0.22.0-2.dsc
dpkg-source: info: extracting llvmlite in /<<PKGBUILDDIR>>
dpkg-source: info: unpacking llvmlite_0.22.0.orig.tar.xz
dpkg-source: info: unpacking llvmlite_0.22.0-2.debian.tar.xz
dpkg-source: info: applying use-system-six.patch

Check disk space
----------------

Sufficient free space for build

User Environment
----------------

APT_CONFIG=/var/lib/sbuild/apt.conf
HOME=/sbuild-nonexistent
LANG=en_US.UTF-8
LC_ALL=POSIX
LOGNAME=user42
PATH=/usr/local/sbin:/usr/local/bin:/usr/sbin:/usr/bin:/sbin:/bin:/usr/games
SCHROOT_ALIAS_NAME=unstable-amd64-sbuild
SCHROOT_CHROOT_NAME=unstable-amd64-sbuild
SCHROOT_COMMAND=env
SCHROOT_GID=1001
SCHROOT_GROUP=user42
SCHROOT_SESSION_ID=unstable-amd64-sbuild-97bf3ff8-1c63-4683-aa4d-c17f26ab8c7b
SCHROOT_UID=1001
SCHROOT_USER=user42
SHELL=/bin/sh
USER=user42

dpkg-buildpackage
-----------------

dpkg-buildpackage: info: source package llvmlite
dpkg-buildpackage: info: source version 0.22.0-2
dpkg-buildpackage: info: source distribution unstable
dpkg-buildpackage: info: source changed by Daniel Stender <stender@debian.org>
 dpkg-source --before-build llvmlite-0.22.0
dpkg-buildpackage: info: host architecture amd64
dpkg-source: info: using options from llvmlite-0.22.0/debian/source/options: --extend-diff-ignore=ffi/[^/]+\.dwo
 fakeroot debian/rules clean
dh clean --with python2,python3,sphinxdoc --buildsystem=pybuild
   dh_auto_clean -O--buildsystem=pybuild
I: pybuild base:217: python2.7 setup.py clean 
running clean
removing '/<<PKGBUILDDIR>>/.pybuild/cpython2_2.7_llvmlite/build' (and everything under it)
'build/bdist.linux-amd64' does not exist -- can't clean it
'build/scripts-2.7' does not exist -- can't clean it
removing '/<<PKGBUILDDIR>>/versioneer.pyc'
I: pybuild base:217: python3.6 setup.py clean 
running clean
removing '/<<PKGBUILDDIR>>/.pybuild/cpython3_3.6_llvmlite/build' (and everything under it)
'build/bdist.linux-amd64' does not exist -- can't clean it
'build/scripts-3.6' does not exist -- can't clean it
removing '/<<PKGBUILDDIR>>/__pycache__' (and everything under it)
   dh_clean -O--buildsystem=pybuild
 debian/rules build-arch
dh build-arch --with python2,python3,sphinxdoc --buildsystem=pybuild
   dh_update_autotools_config -a -O--buildsystem=pybuild
   dh_autoreconf -a -O--buildsystem=pybuild
   dh_auto_configure -a -O--buildsystem=pybuild
I: pybuild base:217: python2.7 setup.py config 
running config
I: pybuild base:217: python3.6 setup.py config 
running config
   dh_auto_build -a -O--buildsystem=pybuild
I: pybuild base:217: /usr/bin/python setup.py build 
running build
got version from expanded keyword {'version': '0.22.0', 'full': '46b4b5e288f3a175332ad68d8c3745c63fbb5701'}
running build_ext
/usr/bin/python /<<PKGBUILDDIR>>/ffi/build.py
LLVM version... make[1]: Entering directory '/<<PKGBUILDDIR>>/ffi'
# static-libstdc++ avoids runtime dependencies on a
# particular libstdc++ version.
g++  -shared -I/usr/lib/llvm-5.0/include -std=c++0x -fuse-ld=gold -Wl,--no-keep-files-mapped -Wl,--no-map-whole-files -fPIC -fvisibility-inlines-hidden -Werror=date-time -std=c++11 -Wall -W -Wno-unused-parameter -Wwrite-strings -Wcast-qual -Wno-missing-field-initializers -pedantic -Wno-long-long -Wno-maybe-uninitialized -Wdelete-non-virtual-dtor -Wno-comment -ffunction-sections -fdata-sections -O2 -DNDEBUG -fno-exceptions -DLLVM_BUILD_GLOBAL_ISEL -D_GNU_SOURCE -D__STDC_CONSTANT_MACROS -D__STDC_FORMAT_MACROS -D__STDC_LIMIT_MACROS -fno-rtti -g -flto assembly.cpp bitcode.cpp core.cpp initfini.cpp module.cpp value.cpp executionengine.cpp transforms.cpp passmanagers.cpp targets.cpp dylib.cpp linker.cpp object_file.cpp -o libllvmlite.so -L/usr/lib/llvm-5.0/lib -flto -Wl,--exclude-libs=ALL -lLLVM-5.0
warning: unknown warning option '-Wno-maybe-uninitialized'; did you mean '-Wno-uninitialized'? [-Wunknown-warning-option]
1 warning generated.
warning: unknown warning option '-Wno-maybe-uninitialized'; did you mean '-Wno-uninitialized'? [-Wunknown-warning-option]
1 warning generated.
warning: unknown warning option '-Wno-maybe-uninitialized'; did you mean '-Wno-uninitialized'? [-Wunknown-warning-option]
1 warning generated.
warning: unknown warning option '-Wno-maybe-uninitialized'; did you mean '-Wno-uninitialized'? [-Wunknown-warning-option]
1 warning generated.
warning: unknown warning option '-Wno-maybe-uninitialized'; did you mean '-Wno-uninitialized'? [-Wunknown-warning-option]
1 warning generated.
warning: unknown warning option '-Wno-maybe-uninitialized'; did you mean '-Wno-uninitialized'? [-Wunknown-warning-option]
1 warning generated.
warning: unknown warning option '-Wno-maybe-uninitialized'; did you mean '-Wno-uninitialized'? [-Wunknown-warning-option]
1 warning generated.
warning: unknown warning option '-Wno-maybe-uninitialized'; did you mean '-Wno-uninitialized'? [-Wunknown-warning-option]
1 warning generated.
warning: unknown warning option '-Wno-maybe-uninitialized'; did you mean '-Wno-uninitialized'? [-Wunknown-warning-option]
1 warning generated.
warning: unknown warning option '-Wno-maybe-uninitialized'; did you mean '-Wno-uninitialized'? [-Wunknown-warning-option]
1 warning generated.
warning: unknown warning option '-Wno-maybe-uninitialized'; did you mean '-Wno-uninitialized'? [-Wunknown-warning-option]
1 warning generated.
warning: unknown warning option '-Wno-maybe-uninitialized'; did you mean '-Wno-uninitialized'? [-Wunknown-warning-option]
1 warning generated.
warning: unknown warning option '-Wno-maybe-uninitialized'; did you mean '-Wno-uninitialized'? [-Wunknown-warning-option]
1 warning generated.
/usr/bin/ld.gold: error: /usr/lib/llvm-6.0/bin/../lib/LLVMgold.so: could not load plugin library: /usr/lib/llvm-6.0/bin/../lib/LLVMgold.so: cannot open shared object file: No such file or directory
/usr/bin/ld.gold: error: /tmp/assembly-097d08.o:1:3: invalid character
/usr/bin/ld.gold: error: /tmp/assembly-097d08.o:1:3: syntax error, unexpected $end
/usr/bin/ld.gold: error: /tmp/assembly-097d08.o: not an object or archive
/usr/bin/ld.gold: error: /tmp/bitcode-3ce12a.o:1:3: invalid character
/usr/bin/ld.gold: error: /tmp/bitcode-3ce12a.o:1:3: syntax error, unexpected $end
/usr/bin/ld.gold: error: /tmp/bitcode-3ce12a.o: not an object or archive
/usr/bin/ld.gold: error: /tmp/core-29ce86.o:1:3: invalid character
/usr/bin/ld.gold: error: /tmp/core-29ce86.o:1:3: syntax error, unexpected $end
/usr/bin/ld.gold: error: /tmp/core-29ce86.o: not an object or archive
/usr/bin/ld.gold: error: /tmp/initfini-c1c628.o:1:3: invalid character
/usr/bin/ld.gold: error: /tmp/initfini-c1c628.o:1:3: syntax error, unexpected $end
/usr/bin/ld.gold: error: /tmp/initfini-c1c628.o: not an object or archive
/usr/bin/ld.gold: error: /tmp/module-174b9e.o:1:3: invalid character
/usr/bin/ld.gold: error: /tmp/module-174b9e.o:1:3: syntax error, unexpected $end
/usr/bin/ld.gold: error: /tmp/module-174b9e.o: not an object or archive
/usr/bin/ld.gold: error: /tmp/value-397a68.o:1:3: invalid character
/usr/bin/ld.gold: error: /tmp/value-397a68.o:1:3: syntax error, unexpected $end
/usr/bin/ld.gold: error: /tmp/value-397a68.o: not an object or archive
/usr/bin/ld.gold: error: /tmp/executionengine-2940a6.o:1:3: invalid character
/usr/bin/ld.gold: error: /tmp/executionengine-2940a6.o:1:3: syntax error, unexpected $end
/usr/bin/ld.gold: error: /tmp/executionengine-2940a6.o: not an object or archive
/usr/bin/ld.gold: error: /tmp/transforms-acf6b7.o:1:3: invalid character
/usr/bin/ld.gold: error: /tmp/transforms-acf6b7.o:1:3: syntax error, unexpected $end
/usr/bin/ld.gold: error: /tmp/transforms-acf6b7.o: not an object or archive
/usr/bin/ld.gold: error: /tmp/passmanagers-d789da.o:1:3: invalid character
/usr/bin/ld.gold: error: /tmp/passmanagers-d789da.o:1:3: syntax error, unexpected $end
/usr/bin/ld.gold: error: /tmp/passmanagers-d789da.o: not an object or archive
/usr/bin/ld.gold: error: /tmp/targets-1e259b.o:1:3: invalid character
/usr/bin/ld.gold: error: /tmp/targets-1e259b.o:1:3: syntax error, unexpected $end
/usr/bin/ld.gold: error: /tmp/targets-1e259b.o: not an object or archive
/usr/bin/ld.gold: error: /tmp/dylib-3c4b6b.o:1:3: invalid character
/usr/bin/ld.gold: error: /tmp/dylib-3c4b6b.o:1:3: syntax error, unexpected $end
/usr/bin/ld.gold: error: /tmp/dylib-3c4b6b.o: not an object or archive
/usr/bin/ld.gold: error: /tmp/linker-38478f.o:1:3: invalid character
/usr/bin/ld.gold: error: /tmp/linker-38478f.o:1:3: syntax error, unexpected $end
/usr/bin/ld.gold: error: /tmp/linker-38478f.o: not an object or archive
/usr/bin/ld.gold: error: /tmp/object_file-e2bd86.o:1:3: invalid character
/usr/bin/ld.gold: error: /tmp/object_file-e2bd86.o:1:3: syntax error, unexpected $end
/usr/bin/ld.gold: error: /tmp/object_file-e2bd86.o: not an object or archive
clang: error: linker command failed with exit code 1 (use -v to see invocation)
make[1]: *** [Makefile.linux:22: libllvmlite.so] Error 1
make[1]: Leaving directory '/<<PKGBUILDDIR>>/ffi'
5.0.1

Traceback (most recent call last):
  File "/<<PKGBUILDDIR>>/ffi/build.py", line 141, in <module>
    main()
  File "/<<PKGBUILDDIR>>/ffi/build.py", line 131, in main
    main_posix('linux', '.so')
  File "/<<PKGBUILDDIR>>/ffi/build.py", line 123, in main_posix
    subprocess.check_call(['make', '-f', makefile])
  File "/usr/lib/python2.7/subprocess.py", line 190, in check_call
    raise CalledProcessError(retcode, cmd)
subprocess.CalledProcessError: Command '['make', '-f', 'Makefile.linux']' returned non-zero exit status 2
error: command '/usr/bin/python' failed with exit status 1
E: pybuild pybuild:336: build: plugin distutils failed with: exit code=1: /usr/bin/python setup.py build 
dh_auto_build: pybuild --build -i python{version} -p 2.7 returned exit code 13
make: *** [debian/rules:8: build-arch] Error 25
dpkg-buildpackage: error: debian/rules build-arch subprocess returned exit status 2
--------------------------------------------------------------------------------
Build finished at 2018-05-02T13:17:36Z

Finished
--------


+------------------------------------------------------------------------------+
| Cleanup                                                                      |
+------------------------------------------------------------------------------+

Purging /<<BUILDDIR>>
Not cleaning session: cloned chroot in use
E: Build failure (dpkg-buildpackage died)

+------------------------------------------------------------------------------+
| Summary                                                                      |
+------------------------------------------------------------------------------+

Build Architecture: amd64
Build Type: any
Build-Space: 1300
Build-Time: 17
Distribution: unstable
Fail-Stage: build
Host Architecture: amd64
Install-Time: 29
Job: llvmlite_0.22.0-2
Machine Architecture: amd64
Package: llvmlite
Package-Time: 60
Source-Version: 0.22.0-2
Space: 1300
Status: attempted
Version: 0.22.0-2
--------------------------------------------------------------------------------
Finished at 2018-05-02T13:17:36Z
Build needed 00:01:00, 1300k disk space
E: Build failure (dpkg-buildpackage died)
DC-Status: Failed 61.537568138s
