DC-Build-Header: pymvpa2 2.6.4-2 / 2018-05-02 12:16:51 +0000
DC-Task: type:rebuild-binarch-only source:pymvpa2 version:2.6.4-2 chroot:unstable esttime:1277 logfile:/tmp/pymvpa2_2.6.4-2_unstable_clang60.log modes:clang60:binarch-only
DC-Sbuild-call: su user42 -c 'sbuild -n --arch-any --apt-update -d unstable -v  --chroot-setup-commands=/tmp/clang60 pymvpa2_2.6.4-2'
sbuild (Debian sbuild) 0.73.0 (23 Dec 2016) on ip-172-31-11-92.eu-central-1.compute.internal

+==============================================================================+
| pymvpa2 2.6.4-2 (amd64)                      Wed, 02 May 2018 12:16:51 +0000 |
+==============================================================================+

Package: pymvpa2
Version: 2.6.4-2
Source Version: 2.6.4-2
Distribution: unstable
Machine Architecture: amd64
Host Architecture: amd64
Build Architecture: amd64
Build Type: any

I: NOTICE: Log filtering will replace 'var/run/schroot/mount/unstable-amd64-sbuild-bb6e41ef-3ffc-465c-859f-88d5059cfec5' with '<<CHROOT>>'

+------------------------------------------------------------------------------+
| Chroot Setup Commands                                                        |
+------------------------------------------------------------------------------+


/tmp/clang60
------------

+ echo 'Entering customization script...'
Entering customization script...
+ CLANG_VERSION=6.0
+ echo 'Install of clang-6.0'
Install of clang-6.0
+ apt-get update
Get:1 http://127.0.0.1:9999/debian unstable InRelease [242 kB]
Get:2 http://127.0.0.1:9999/debian unstable/main Sources.diff/Index [27.9 kB]
Get:3 http://127.0.0.1:9999/debian unstable/main amd64 Packages.diff/Index [27.9 kB]
Get:4 http://127.0.0.1:9999/debian unstable/main Sources 2018-05-02-0830.09.pdiff [16.2 kB]
Get:4 http://127.0.0.1:9999/debian unstable/main Sources 2018-05-02-0830.09.pdiff [16.2 kB]
Get:5 http://127.0.0.1:9999/debian unstable/main amd64 Packages 2018-05-02-0830.09.pdiff [1781 B]
Get:5 http://127.0.0.1:9999/debian unstable/main amd64 Packages 2018-05-02-0830.09.pdiff [1781 B]
Get:6 http://127.0.0.1:9999/debian unstable/main Translation-en [6016 kB]
Fetched 6332 kB in 2s (3521 kB/s)
Reading package lists...
+ apt-get install --yes --no-install-recommends --force-yes clang-6.0
Reading package lists...
Building dependency tree...
Reading state information...
The following additional packages will be installed:
  lib32gcc1 lib32stdc++6 libbsd0 libc6-i386 libclang-common-6.0-dev
  libclang1-6.0 libedit2 libjsoncpp1 libllvm6.0 libncurses5 libobjc-7-dev
  libobjc4
Suggested packages:
  gnustep gnustep-devel clang-6.0-doc
Recommended packages:
  llvm-6.0-dev python libomp-dev libgpm2
The following NEW packages will be installed:
  clang-6.0 lib32gcc1 lib32stdc++6 libbsd0 libc6-i386 libclang-common-6.0-dev
  libclang1-6.0 libedit2 libjsoncpp1 libllvm6.0 libncurses5 libobjc-7-dev
  libobjc4
0 upgraded, 13 newly installed, 0 to remove and 0 not upgraded.
Need to get 37.7 MB of archives.
After this operation, 187 MB of additional disk space will be used.
Get:1 http://127.0.0.1:9999/debian unstable/main amd64 libjsoncpp1 amd64 1.7.4-3 [75.6 kB]
Get:2 http://127.0.0.1:9999/debian unstable/main amd64 libbsd0 amd64 0.8.7-1 [92.1 kB]
Get:3 http://127.0.0.1:9999/debian unstable/main amd64 libncurses5 amd64 6.1+20180210-2 [95.7 kB]
Get:4 http://127.0.0.1:9999/debian unstable/main amd64 libedit2 amd64 3.1-20170329-1 [85.2 kB]
Get:5 http://127.0.0.1:9999/debian unstable/main amd64 libllvm6.0 amd64 1:6.0-3 [14.5 MB]
Get:6 http://127.0.0.1:9999/debian unstable/main amd64 libobjc4 amd64 8-20180425-1 [52.4 kB]
Get:7 http://127.0.0.1:9999/debian unstable/main amd64 libobjc-7-dev amd64 7.3.0-17 [204 kB]
Get:8 http://127.0.0.1:9999/debian unstable/main amd64 libc6-i386 amd64 2.27-3 [2855 kB]
Get:9 http://127.0.0.1:9999/debian unstable/main amd64 lib32gcc1 amd64 1:8-20180425-1 [47.8 kB]
Get:10 http://127.0.0.1:9999/debian unstable/main amd64 lib32stdc++6 amd64 8-20180425-1 [406 kB]
Get:11 http://127.0.0.1:9999/debian unstable/main amd64 libclang-common-6.0-dev amd64 1:6.0-3 [3102 kB]
Get:12 http://127.0.0.1:9999/debian unstable/main amd64 libclang1-6.0 amd64 1:6.0-3 [6995 kB]
Get:13 http://127.0.0.1:9999/debian unstable/main amd64 clang-6.0 amd64 1:6.0-3 [9175 kB]
debconf: delaying package configuration, since apt-utils is not installed
Fetched 37.7 MB in 0s (95.6 MB/s)
Selecting previously unselected package libjsoncpp1:amd64.
(Reading database ... (Reading database ... 5%(Reading database ... 10%(Reading database ... 15%(Reading database ... 20%(Reading database ... 25%(Reading database ... 30%(Reading database ... 35%(Reading database ... 40%(Reading database ... 45%(Reading database ... 50%(Reading database ... 55%(Reading database ... 60%(Reading database ... 65%(Reading database ... 70%(Reading database ... 75%(Reading database ... 80%(Reading database ... 85%(Reading database ... 90%(Reading database ... 95%(Reading database ... 100%(Reading database ... 10022 files and directories currently installed.)
Preparing to unpack .../00-libjsoncpp1_1.7.4-3_amd64.deb ...
Unpacking libjsoncpp1:amd64 (1.7.4-3) ...
Selecting previously unselected package libbsd0:amd64.
Preparing to unpack .../01-libbsd0_0.8.7-1_amd64.deb ...
Unpacking libbsd0:amd64 (0.8.7-1) ...
Selecting previously unselected package libncurses5:amd64.
Preparing to unpack .../02-libncurses5_6.1+20180210-2_amd64.deb ...
Unpacking libncurses5:amd64 (6.1+20180210-2) ...
Selecting previously unselected package libedit2:amd64.
Preparing to unpack .../03-libedit2_3.1-20170329-1_amd64.deb ...
Unpacking libedit2:amd64 (3.1-20170329-1) ...
Selecting previously unselected package libllvm6.0:amd64.
Preparing to unpack .../04-libllvm6.0_1%3a6.0-3_amd64.deb ...
Unpacking libllvm6.0:amd64 (1:6.0-3) ...
Selecting previously unselected package libobjc4:amd64.
Preparing to unpack .../05-libobjc4_8-20180425-1_amd64.deb ...
Unpacking libobjc4:amd64 (8-20180425-1) ...
Selecting previously unselected package libobjc-7-dev:amd64.
Preparing to unpack .../06-libobjc-7-dev_7.3.0-17_amd64.deb ...
Unpacking libobjc-7-dev:amd64 (7.3.0-17) ...
Selecting previously unselected package libc6-i386.
Preparing to unpack .../07-libc6-i386_2.27-3_amd64.deb ...
Unpacking libc6-i386 (2.27-3) ...
Selecting previously unselected package lib32gcc1.
Preparing to unpack .../08-lib32gcc1_1%3a8-20180425-1_amd64.deb ...
Unpacking lib32gcc1 (1:8-20180425-1) ...
Selecting previously unselected package lib32stdc++6.
Preparing to unpack .../09-lib32stdc++6_8-20180425-1_amd64.deb ...
Unpacking lib32stdc++6 (8-20180425-1) ...
Selecting previously unselected package libclang-common-6.0-dev.
Preparing to unpack .../10-libclang-common-6.0-dev_1%3a6.0-3_amd64.deb ...
Unpacking libclang-common-6.0-dev (1:6.0-3) ...
Selecting previously unselected package libclang1-6.0:amd64.
Preparing to unpack .../11-libclang1-6.0_1%3a6.0-3_amd64.deb ...
Unpacking libclang1-6.0:amd64 (1:6.0-3) ...
Selecting previously unselected package clang-6.0.
Preparing to unpack .../12-clang-6.0_1%3a6.0-3_amd64.deb ...
Unpacking clang-6.0 (1:6.0-3) ...
Setting up libncurses5:amd64 (6.1+20180210-2) ...
Setting up libobjc4:amd64 (8-20180425-1) ...
Setting up libc6-i386 (2.27-3) ...
Setting up libbsd0:amd64 (0.8.7-1) ...
Setting up libobjc-7-dev:amd64 (7.3.0-17) ...
Processing triggers for libc-bin (2.27-3) ...
Setting up lib32gcc1 (1:8-20180425-1) ...
Setting up libjsoncpp1:amd64 (1.7.4-3) ...
Setting up libedit2:amd64 (3.1-20170329-1) ...
Setting up libllvm6.0:amd64 (1:6.0-3) ...
Setting up libclang1-6.0:amd64 (1:6.0-3) ...
Setting up lib32stdc++6 (8-20180425-1) ...
Setting up libclang-common-6.0-dev (1:6.0-3) ...
Setting up clang-6.0 (1:6.0-3) ...
Processing triggers for libc-bin (2.27-3) ...
W: --force-yes is deprecated, use one of the options starting with --allow instead.
+ echo 'Replace gcc, g++ & cpp by clang'
Replace gcc, g++ & cpp by clang
+ VERSIONS='4.6 4.7 4.8 4.9 5 6 7 8'
+ cd /usr/bin
+ for VERSION in $VERSIONS
+ rm -f g++-4.6 gcc-4.6 cpp-4.6 gcc
+ ln -s clang++-6.0 g++-4.6
+ ln -s clang-6.0 gcc-4.6
+ ln -s clang-6.0 cpp-4.6
+ ln -s clang-6.0 gcc
+ echo 'gcc-4.6 hold'
+ dpkg --set-selections
dpkg: warning: package not in status nor available database at line 1: gcc-4.6
dpkg: warning: found unknown packages; this might mean the available database
is outdated, and needs to be updated through a frontend method;
please see the FAQ <https://wiki.debian.org/Teams/Dpkg/FAQ>
+ echo 'g++-4.6 hold'
+ dpkg --set-selections
dpkg: warning: package not in status nor available database at line 1: g++-4.6
dpkg: warning: found unknown packages; this might mean the available database
is outdated, and needs to be updated through a frontend method;
please see the FAQ <https://wiki.debian.org/Teams/Dpkg/FAQ>
+ for VERSION in $VERSIONS
+ rm -f g++-4.7 gcc-4.7 cpp-4.7 gcc
+ ln -s clang++-6.0 g++-4.7
+ ln -s clang-6.0 gcc-4.7
+ ln -s clang-6.0 cpp-4.7
+ ln -s clang-6.0 gcc
+ echo 'gcc-4.7 hold'
+ dpkg --set-selections
dpkg: warning: package not in status nor available database at line 1: gcc-4.7
dpkg: warning: found unknown packages; this might mean the available database
is outdated, and needs to be updated through a frontend method;
please see the FAQ <https://wiki.debian.org/Teams/Dpkg/FAQ>
+ echo 'g++-4.7 hold'
+ dpkg --set-selections
dpkg: warning: package not in status nor available database at line 1: g++-4.7
dpkg: warning: found unknown packages; this might mean the available database
is outdated, and needs to be updated through a frontend method;
please see the FAQ <https://wiki.debian.org/Teams/Dpkg/FAQ>
+ for VERSION in $VERSIONS
+ rm -f g++-4.8 gcc-4.8 cpp-4.8 gcc
+ ln -s clang++-6.0 g++-4.8
+ ln -s clang-6.0 gcc-4.8
+ ln -s clang-6.0 cpp-4.8
+ ln -s clang-6.0 gcc
+ echo 'gcc-4.8 hold'
+ dpkg --set-selections
dpkg: warning: package not in status nor available database at line 1: gcc-4.8
dpkg: warning: found unknown packages; this might mean the available database
is outdated, and needs to be updated through a frontend method;
please see the FAQ <https://wiki.debian.org/Teams/Dpkg/FAQ>
+ echo 'g++-4.8 hold'
+ dpkg --set-selections
dpkg: warning: package not in status nor available database at line 1: g++-4.8
dpkg: warning: found unknown packages; this might mean the available database
is outdated, and needs to be updated through a frontend method;
please see the FAQ <https://wiki.debian.org/Teams/Dpkg/FAQ>
+ for VERSION in $VERSIONS
+ rm -f g++-4.9 gcc-4.9 cpp-4.9 gcc
+ ln -s clang++-6.0 g++-4.9
+ ln -s clang-6.0 gcc-4.9
+ ln -s clang-6.0 cpp-4.9
+ ln -s clang-6.0 gcc
+ echo 'gcc-4.9 hold'
+ dpkg --set-selections
dpkg: warning: package not in status nor available database at line 1: gcc-4.9
dpkg: warning: found unknown packages; this might mean the available database
is outdated, and needs to be updated through a frontend method;
please see the FAQ <https://wiki.debian.org/Teams/Dpkg/FAQ>
+ echo 'g++-4.9 hold'
+ dpkg --set-selections
dpkg: warning: package not in status nor available database at line 1: g++-4.9
dpkg: warning: found unknown packages; this might mean the available database
is outdated, and needs to be updated through a frontend method;
please see the FAQ <https://wiki.debian.org/Teams/Dpkg/FAQ>
+ for VERSION in $VERSIONS
+ rm -f g++-5 gcc-5 cpp-5 gcc
+ ln -s clang++-6.0 g++-5
+ ln -s clang-6.0 gcc-5
+ ln -s clang-6.0 cpp-5
+ ln -s clang-6.0 gcc
+ echo 'gcc-5 hold'
+ dpkg --set-selections
+ echo 'g++-5 hold'
+ dpkg --set-selections
+ for VERSION in $VERSIONS
+ rm -f g++-6 gcc-6 cpp-6 gcc
+ ln -s clang++-6.0 g++-6
+ ln -s clang-6.0 gcc-6
+ ln -s clang-6.0 cpp-6
+ ln -s clang-6.0 gcc
+ echo 'gcc-6 hold'
+ dpkg --set-selections
dpkg: warning: package not in status nor available database at line 1: gcc-6
dpkg: warning: found unknown packages; this might mean the available database
is outdated, and needs to be updated through a frontend method;
please see the FAQ <https://wiki.debian.org/Teams/Dpkg/FAQ>
+ echo 'g++-6 hold'
+ dpkg --set-selections
dpkg: warning: package not in status nor available database at line 1: g++-6
dpkg: warning: found unknown packages; this might mean the available database
is outdated, and needs to be updated through a frontend method;
please see the FAQ <https://wiki.debian.org/Teams/Dpkg/FAQ>
+ for VERSION in $VERSIONS
+ rm -f g++-7 gcc-7 cpp-7 gcc
+ ln -s clang++-6.0 g++-7
+ ln -s clang-6.0 gcc-7
+ ln -s clang-6.0 cpp-7
+ ln -s clang-6.0 gcc
+ echo 'gcc-7 hold'
+ dpkg --set-selections
+ echo 'g++-7 hold'
+ dpkg --set-selections
+ for VERSION in $VERSIONS
+ rm -f g++-8 gcc-8 cpp-8 gcc
+ ln -s clang++-6.0 g++-8
+ ln -s clang-6.0 gcc-8
+ ln -s clang-6.0 cpp-8
+ ln -s clang-6.0 gcc
+ echo 'gcc-8 hold'
+ dpkg --set-selections
dpkg: warning: package not in status nor available database at line 1: gcc-8
dpkg: warning: found unknown packages; this might mean the available database
is outdated, and needs to be updated through a frontend method;
please see the FAQ <https://wiki.debian.org/Teams/Dpkg/FAQ>
+ echo 'g++-8 hold'
+ dpkg --set-selections
dpkg: warning: package not in status nor available database at line 1: g++-8
dpkg: warning: found unknown packages; this might mean the available database
is outdated, and needs to be updated through a frontend method;
please see the FAQ <https://wiki.debian.org/Teams/Dpkg/FAQ>
+ cd -
/build/pymvpa2-4PjLnS
+ echo 'Check if gcc, g++ & cpp are actually clang'
Check if gcc, g++ & cpp are actually clang
+ gcc --version
+ grep clang
+ cpp --version
+ grep clang
+ g++ --version
+ grep clang

I: Finished running '/tmp/clang60'.

Finished processing commands.
--------------------------------------------------------------------------------

+------------------------------------------------------------------------------+
| Update chroot                                                                |
+------------------------------------------------------------------------------+

Hit:1 http://127.0.0.1:9999/debian unstable InRelease
Reading package lists...
Reading package lists...
Building dependency tree...
Reading state information...
Calculating upgrade...
0 upgraded, 0 newly installed, 0 to remove and 0 not upgraded.

+------------------------------------------------------------------------------+
| Fetch source files                                                           |
+------------------------------------------------------------------------------+


Check APT
---------

Checking available source versions...

Download source files with APT
------------------------------

Reading package lists...
NOTICE: 'pymvpa2' packaging is maintained in the 'Git' version control system at:
git://git.debian.org/git/pkg-exppsy/pymvpa.git -b dist2/debian/proper/sid
Please use:
git clone git://git.debian.org/git/pkg-exppsy/pymvpa.git -b dist2/debian/proper/sid
to retrieve the latest (possibly unreleased) updates to the package.
Need to get 8468 kB of source archives.
Get:1 http://127.0.0.1:9999/debian unstable/main pymvpa2 2.6.4-2 (dsc) [2402 B]
Get:2 http://127.0.0.1:9999/debian unstable/main pymvpa2 2.6.4-2 (tar) [8148 kB]
Get:3 http://127.0.0.1:9999/debian unstable/main pymvpa2 2.6.4-2 (diff) [318 kB]
Fetched 8468 kB in 0s (45.7 MB/s)
Download complete and in download only mode
I: NOTICE: Log filtering will replace 'build/pymvpa2-4PjLnS/pymvpa2-2.6.4' with '<<PKGBUILDDIR>>'
I: NOTICE: Log filtering will replace 'build/pymvpa2-4PjLnS' with '<<BUILDDIR>>'

+------------------------------------------------------------------------------+
| Install build-essential                                                      |
+------------------------------------------------------------------------------+


Setup apt archive
-----------------

Merged Build-Depends: build-essential, fakeroot
Filtered Build-Depends: build-essential, fakeroot
dpkg-deb: building package 'sbuild-build-depends-core-dummy' in '/<<BUILDDIR>>/resolver-k4DA05/apt_archive/sbuild-build-depends-core-dummy.deb'.
dpkg-scanpackages: warning: Packages in archive but missing from override file:
dpkg-scanpackages: warning:   sbuild-build-depends-core-dummy
dpkg-scanpackages: info: Wrote 1 entries to output Packages file.
Ign:1 copy:/<<BUILDDIR>>/resolver-k4DA05/apt_archive ./ InRelease
Get:2 copy:/<<BUILDDIR>>/resolver-k4DA05/apt_archive ./ Release [957 B]
Ign:3 copy:/<<BUILDDIR>>/resolver-k4DA05/apt_archive ./ Release.gpg
Get:4 copy:/<<BUILDDIR>>/resolver-k4DA05/apt_archive ./ Sources [349 B]
Get:5 copy:/<<BUILDDIR>>/resolver-k4DA05/apt_archive ./ Packages [434 B]
Fetched 1740 B in 0s (0 B/s)
Reading package lists...
Reading package lists...

Install core build dependencies (apt-based resolver)
----------------------------------------------------

Installing build dependencies
Reading package lists...
Building dependency tree...
Reading state information...
The following NEW packages will be installed:
  sbuild-build-depends-core-dummy
0 upgraded, 1 newly installed, 0 to remove and 0 not upgraded.
Need to get 860 B of archives.
After this operation, 0 B of additional disk space will be used.
Get:1 copy:/<<BUILDDIR>>/resolver-k4DA05/apt_archive ./ sbuild-build-depends-core-dummy 0.invalid.0 [860 B]
debconf: delaying package configuration, since apt-utils is not installed
Fetched 860 B in 0s (0 B/s)
Selecting previously unselected package sbuild-build-depends-core-dummy.
(Reading database ... 10771 files and directories currently installed.)
Preparing to unpack .../sbuild-build-depends-core-dummy_0.invalid.0_amd64.deb ...
Unpacking sbuild-build-depends-core-dummy (0.invalid.0) ...
Setting up sbuild-build-depends-core-dummy (0.invalid.0) ...

+------------------------------------------------------------------------------+
| Check architectures                                                          |
+------------------------------------------------------------------------------+

Arch check ok (amd64 included in any all)

+------------------------------------------------------------------------------+
| Install package build dependencies                                           |
+------------------------------------------------------------------------------+


Setup apt archive
-----------------

Merged Build-Depends: debhelper (>= 9~), dh-python, python-all-dev (>= 2.6.6-3~), swig | swig2.0, python-numpy, python-scipy, python-nibabel, python-nose, python-h5py, python-lxml, libsvm-dev (>= 2.84.0), help2man, man2html, python-sphinx, python-numpydoc, graphviz, inkscape, imagemagick, bc, python-matplotlib, python-statsmodels, python-joblib, python-mock
Filtered Build-Depends: debhelper (>= 9~), dh-python, python-all-dev (>= 2.6.6-3~), swig, python-numpy, python-scipy, python-nibabel, python-nose, python-h5py, python-lxml, libsvm-dev (>= 2.84.0), help2man, man2html, python-sphinx, python-numpydoc, graphviz, inkscape, imagemagick, bc, python-matplotlib, python-statsmodels, python-joblib, python-mock
dpkg-deb: building package 'sbuild-build-depends-pymvpa2-dummy' in '/<<BUILDDIR>>/resolver-k4DA05/apt_archive/sbuild-build-depends-pymvpa2-dummy.deb'.
dpkg-scanpackages: warning: Packages in archive but missing from override file:
dpkg-scanpackages: warning:   sbuild-build-depends-core-dummy sbuild-build-depends-pymvpa2-dummy
dpkg-scanpackages: info: Wrote 2 entries to output Packages file.
Ign:1 copy:/<<BUILDDIR>>/resolver-k4DA05/apt_archive ./ InRelease
Get:2 copy:/<<BUILDDIR>>/resolver-k4DA05/apt_archive ./ Release [963 B]
Ign:3 copy:/<<BUILDDIR>>/resolver-k4DA05/apt_archive ./ Release.gpg
Get:4 copy:/<<BUILDDIR>>/resolver-k4DA05/apt_archive ./ Sources [647 B]
Get:5 copy:/<<BUILDDIR>>/resolver-k4DA05/apt_archive ./ Packages [718 B]
Fetched 2328 B in 0s (0 B/s)
Reading package lists...
Reading package lists...

Install pymvpa2 build dependencies (apt-based resolver)
-------------------------------------------------------

Installing build dependencies
Reading package lists...
Building dependency tree...
Reading state information...
The following additional packages will be installed:
  apache2 apache2-bin apache2-data apache2-utils aspell aspell-en autoconf
  automake autopoint autotools-dev bc bsdmainutils ca-certificates debhelper
  dh-autoreconf dh-python dh-strip-nondeterminism dictionaries-common
  docutils-common emacsen-common file fontconfig fontconfig-config
  fonts-dejavu-core fonts-lyx gawk gettext gettext-base gnome-icon-theme
  graphviz groff-base gtk-update-icon-cache help2man hicolor-icon-theme
  imagemagick imagemagick-6-common imagemagick-6.q16 inkscape intltool-debian
  libaec0 libann0 libapr1 libaprutil1 libaprutil1-dbd-sqlite3 libaprutil1-ldap
  libarchive-zip-perl libaspell15 libatk1.0-0 libatk1.0-data libatkmm-1.6-1v5
  libavahi-client3 libavahi-common-data libavahi-common3 libblas3 libbrotli1
  libcairo2 libcairomm-1.0-1v5 libcdr-0.1-1 libcdt5 libcgraph6 libcroco3
  libcups2 libcurl3 libdatrie1 libdbus-1-3 libdbus-glib-1-2 libenchant1c2a
  libexpat1 libexpat1-dev libfftw3-double3 libfile-stripnondeterminism-perl
  libfontconfig1 libfreetype6 libfribidi0 libgd3 libgdk-pixbuf2.0-0
  libgdk-pixbuf2.0-common libgfortran4 libglib2.0-0 libglibmm-2.4-1v5
  libgraphite2-3 libgsl23 libgslcblas0 libgssapi-krb5-2 libgtk2.0-0
  libgtk2.0-common libgtkmm-2.4-1v5 libgtkspell0 libgts-0.7-5 libgvc6 libgvpr2
  libharfbuzz0b libhdf5-100 libhunspell-1.6-0 libice6 libicu57 libjansson4
  libjbig0 libjpeg62-turbo libjs-jquery libjs-jquery-ui libjs-sphinxdoc
  libjs-underscore libk5crypto3 libkeyutils1 libkrb5-3 libkrb5support0
  liblab-gamut1 liblapack3 liblcms2-2 libldap-2.4-2 libldap-common
  liblocale-gettext-perl liblqr-1-0 libltdl7 liblua5.2-0 libmagic-mgc
  libmagic1 libmagick++-6.q16-8 libmagickcore-6.q16-5 libmagickwand-6.q16-5
  libmpdec2 libncursesw6 libnghttp2-14 libnspr4 libnss3 libopenjp2-7
  libpango-1.0-0 libpangocairo-1.0-0 libpangoft2-1.0-0 libpangomm-1.4-1v5
  libpathplan4 libpipeline1 libpixman-1-0 libpng16-16 libpoppler-glib8
  libpoppler74 libpopt0 libpotrace0 libprocps6 libpsl5 libpython-all-dev
  libpython-dev libpython-stdlib libpython2.7 libpython2.7-dev
  libpython2.7-minimal libpython2.7-stdlib libpython3-stdlib
  libpython3.6-minimal libpython3.6-stdlib libreadline7 librevenge-0.0-0
  librsvg2-2 librsvg2-common librtmp1 libsasl2-2 libsasl2-modules-db
  libsigc++-2.0-0v5 libsigsegv2 libsm6 libsqlite3-0 libssh2-1 libssl1.0.2
  libssl1.1 libsvm-dev libsvm3 libsz2 libtext-iconv-perl libthai-data libthai0
  libtiff5 libtimedate-perl libtool libvisio-0.1-1 libwebp6 libwpd-0.10-10
  libwpg-0.3-3 libx11-6 libx11-data libxau6 libxaw7 libxcb-render0 libxcb-shm0
  libxcb1 libxcomposite1 libxcursor1 libxdamage1 libxdmcp6 libxdot4 libxext6
  libxfixes3 libxi6 libxinerama1 libxml2 libxmu6 libxpm4 libxrandr2
  libxrender1 libxslt1.1 libxt6 lsb-base m4 man-db man2html man2html-base
  mime-support openssl po-debconf procps python python-alabaster python-all
  python-all-dev python-babel python-babel-localedata
  python-backports.functools-lru-cache python-certifi python-chardet
  python-cycler python-dateutil python-decorator python-dev python-docutils
  python-funcsigs python-h5py python-idna python-imagesize python-jinja2
  python-joblib python-kiwisolver python-lxml python-markupsafe
  python-matplotlib python-matplotlib-data python-minimal python-mock
  python-nibabel python-nose python-numpy python-numpydoc python-packaging
  python-pandas python-pandas-lib python-patsy python-pbr python-pkg-resources
  python-pygments python-pyparsing python-requests python-roman python-scipy
  python-six python-sphinx python-statsmodels python-statsmodels-lib
  python-subprocess32 python-typing python-tz python-urllib3 python2.7
  python2.7-dev python2.7-minimal python3 python3-minimal python3.6
  python3.6-minimal readline-common sgml-base shared-mime-info sphinx-common
  swig swig3.0 ttf-bitstream-vera tzdata ucf x11-common xml-core
Suggested packages:
  apache2-doc apache2-suexec-pristine | apache2-suexec-custom www-browser
  aspell-doc spellutils autoconf-archive gnu-standards autoconf-doc wamerican
  | wordlist whois vacation dh-make dwz wordlist gawk-doc gettext-doc
  libasprintf-dev libgettextpo-dev gsfonts graphviz-doc groff imagemagick-doc
  autotrace cups-bsd | lpr | lprng curl enscript ffmpeg gimp gnuplot grads
  hp2xx html2ps libwmf-bin mplayer povray radiance sane-utils texlive-base-bin
  transfig ufraw-batch xdg-utils dia libsvg-perl libxml-xql-perl pstoedit
  python-uniconvertor ruby cups-common libenchant-voikko libfftw3-bin
  libfftw3-dev libgd-tools gsl-ref-psdoc | gsl-doc-pdf | gsl-doc-info
  | gsl-ref-html krb5-doc krb5-user gvfs libjs-jquery-ui-docs liblcms2-utils
  libmagickcore-6.q16-5-extra librsvg2-bin libtool-doc gfortran
  | fortran95-compiler gcj-jdk m4-doc apparmor less lynx | www-browser swish++
  manpages manpages-dev libmail-box-perl python-doc python-tk
  python-cycler-doc fonts-linuxlibertine | ttf-linux-libertine
  texlive-lang-french texlive-latex-base texlive-latex-recommended
  python-funcsigs-doc python-h5py-doc python-jinja2-doc python-lxml-dbg
  python-lxml-doc dvipng gir1.2-gtk-3.0 ghostscript ipython python-cairocffi
  python-configobj python-excelerator python-gobject python-matplotlib-doc
  python-qt4 python-sip python-tornado python-traits python-wxgtk3.0
  texlive-extra-utils texlive-latex-extra ttf-staypuft python-mock-doc
  python-nibabel-doc python-coverage python-nose-doc gfortran python-numpy-dbg
  python-numpy-doc python-pandas-doc python-patsy-doc python-setuptools
  python-pyparsing-doc python-cryptography python-openssl python-socks
  python-scipy-doc python-sphinx-rtd-theme libjs-mathjax
  texlive-fonts-recommended texlive-generic-extra latexmk sphinx-doc
  python-statsmodels-doc python-ntlm python2.7-doc binfmt-support python3-doc
  python3-tk python3-venv python3.6-venv python3.6-doc readline-doc
  sgml-base-doc swig-doc swig-examples swig3.0-examples swig3.0-doc
Recommended packages:
  ssl-cert python3-distutils curl | wget | lynx fonts-liberation
  libmagickcore-6.q16-5-extra ghostscript netpbm libimage-magick-perl
  libwmf-bin python-scour transfig dbus enchant libarchive-cpio-perl
  libgdk-pixbuf2.0-bin libglib2.0-data xdg-user-dirs libgail-common
  libgtk2.0-bin libgts-bin hunspell-en-us | hunspell-dictionary
  | myspell-dictionary javascript-common krb5-locales gsfonts libgpm2
  poppler-data publicsuffix libsasl2-modules libltdl-dev libmail-sendmail-perl
  psmisc docutils-doc libpaper-utils python-pil python-pytest
  python-simplejson python-bs4 python-html5lib python-tk python-dicom
  python-fuse python-tables python-numexpr python-xlrd python-openpyxl
  python-xlwt python-enum34 python-cvxopt python-cryptography python-ipaddress
  python-openssl
The following NEW packages will be installed:
  apache2 apache2-bin apache2-data apache2-utils aspell aspell-en autoconf
  automake autopoint autotools-dev bc bsdmainutils ca-certificates debhelper
  dh-autoreconf dh-python dh-strip-nondeterminism dictionaries-common
  docutils-common emacsen-common file fontconfig fontconfig-config
  fonts-dejavu-core fonts-lyx gawk gettext gettext-base gnome-icon-theme
  graphviz groff-base gtk-update-icon-cache help2man hicolor-icon-theme
  imagemagick imagemagick-6-common imagemagick-6.q16 inkscape intltool-debian
  libaec0 libann0 libapr1 libaprutil1 libaprutil1-dbd-sqlite3 libaprutil1-ldap
  libarchive-zip-perl libaspell15 libatk1.0-0 libatk1.0-data libatkmm-1.6-1v5
  libavahi-client3 libavahi-common-data libavahi-common3 libblas3 libbrotli1
  libcairo2 libcairomm-1.0-1v5 libcdr-0.1-1 libcdt5 libcgraph6 libcroco3
  libcups2 libcurl3 libdatrie1 libdbus-1-3 libdbus-glib-1-2 libenchant1c2a
  libexpat1 libexpat1-dev libfftw3-double3 libfile-stripnondeterminism-perl
  libfontconfig1 libfreetype6 libfribidi0 libgd3 libgdk-pixbuf2.0-0
  libgdk-pixbuf2.0-common libgfortran4 libglib2.0-0 libglibmm-2.4-1v5
  libgraphite2-3 libgsl23 libgslcblas0 libgssapi-krb5-2 libgtk2.0-0
  libgtk2.0-common libgtkmm-2.4-1v5 libgtkspell0 libgts-0.7-5 libgvc6 libgvpr2
  libharfbuzz0b libhdf5-100 libhunspell-1.6-0 libice6 libicu57 libjansson4
  libjbig0 libjpeg62-turbo libjs-jquery libjs-jquery-ui libjs-sphinxdoc
  libjs-underscore libk5crypto3 libkeyutils1 libkrb5-3 libkrb5support0
  liblab-gamut1 liblapack3 liblcms2-2 libldap-2.4-2 libldap-common
  liblocale-gettext-perl liblqr-1-0 libltdl7 liblua5.2-0 libmagic-mgc
  libmagic1 libmagick++-6.q16-8 libmagickcore-6.q16-5 libmagickwand-6.q16-5
  libmpdec2 libncursesw6 libnghttp2-14 libnspr4 libnss3 libopenjp2-7
  libpango-1.0-0 libpangocairo-1.0-0 libpangoft2-1.0-0 libpangomm-1.4-1v5
  libpathplan4 libpipeline1 libpixman-1-0 libpng16-16 libpoppler-glib8
  libpoppler74 libpopt0 libpotrace0 libprocps6 libpsl5 libpython-all-dev
  libpython-dev libpython-stdlib libpython2.7 libpython2.7-dev
  libpython2.7-minimal libpython2.7-stdlib libpython3-stdlib
  libpython3.6-minimal libpython3.6-stdlib libreadline7 librevenge-0.0-0
  librsvg2-2 librsvg2-common librtmp1 libsasl2-2 libsasl2-modules-db
  libsigc++-2.0-0v5 libsigsegv2 libsm6 libsqlite3-0 libssh2-1 libssl1.0.2
  libssl1.1 libsvm-dev libsvm3 libsz2 libtext-iconv-perl libthai-data libthai0
  libtiff5 libtimedate-perl libtool libvisio-0.1-1 libwebp6 libwpd-0.10-10
  libwpg-0.3-3 libx11-6 libx11-data libxau6 libxaw7 libxcb-render0 libxcb-shm0
  libxcb1 libxcomposite1 libxcursor1 libxdamage1 libxdmcp6 libxdot4 libxext6
  libxfixes3 libxi6 libxinerama1 libxml2 libxmu6 libxpm4 libxrandr2
  libxrender1 libxslt1.1 libxt6 lsb-base m4 man-db man2html man2html-base
  mime-support openssl po-debconf procps python python-alabaster python-all
  python-all-dev python-babel python-babel-localedata
  python-backports.functools-lru-cache python-certifi python-chardet
  python-cycler python-dateutil python-decorator python-dev python-docutils
  python-funcsigs python-h5py python-idna python-imagesize python-jinja2
  python-joblib python-kiwisolver python-lxml python-markupsafe
  python-matplotlib python-matplotlib-data python-minimal python-mock
  python-nibabel python-nose python-numpy python-numpydoc python-packaging
  python-pandas python-pandas-lib python-patsy python-pbr python-pkg-resources
  python-pygments python-pyparsing python-requests python-roman python-scipy
  python-six python-sphinx python-statsmodels python-statsmodels-lib
  python-subprocess32 python-typing python-tz python-urllib3 python2.7
  python2.7-dev python2.7-minimal python3 python3-minimal python3.6
  python3.6-minimal readline-common sbuild-build-depends-pymvpa2-dummy
  sgml-base shared-mime-info sphinx-common swig swig3.0 ttf-bitstream-vera
  tzdata ucf x11-common xml-core
0 upgraded, 279 newly installed, 0 to remove and 0 not upgraded.
Need to get 180 MB of archives.
After this operation, 715 MB of additional disk space will be used.
Get:1 copy:/<<BUILDDIR>>/resolver-k4DA05/apt_archive ./ sbuild-build-depends-pymvpa2-dummy 0.invalid.0 [1008 B]
Get:2 http://127.0.0.1:9999/debian unstable/main amd64 bsdmainutils amd64 11.1.2 [190 kB]
Get:3 http://127.0.0.1:9999/debian unstable/main amd64 groff-base amd64 1.22.3-10 [1176 kB]
Get:4 http://127.0.0.1:9999/debian unstable/main amd64 libpipeline1 amd64 1.5.0-1 [29.0 kB]
Get:5 http://127.0.0.1:9999/debian unstable/main amd64 man-db amd64 2.8.3-2 [1180 kB]
Get:6 http://127.0.0.1:9999/debian unstable/main amd64 libpython2.7-minimal amd64 2.7.15-1 [393 kB]
Get:7 http://127.0.0.1:9999/debian unstable/main amd64 python2.7-minimal amd64 2.7.15-1 [1353 kB]
Get:8 http://127.0.0.1:9999/debian unstable/main amd64 python-minimal amd64 2.7.15~rc1-1 [41.1 kB]
Get:9 http://127.0.0.1:9999/debian unstable/main amd64 mime-support all 3.60 [36.7 kB]
Get:10 http://127.0.0.1:9999/debian unstable/main amd64 libexpat1 amd64 2.2.5-3 [96.8 kB]
Get:11 http://127.0.0.1:9999/debian unstable/main amd64 libncursesw6 amd64 6.1+20180210-2 [131 kB]
Get:12 http://127.0.0.1:9999/debian unstable/main amd64 readline-common all 7.0-3 [70.4 kB]
Get:13 http://127.0.0.1:9999/debian unstable/main amd64 libreadline7 amd64 7.0-3+b1 [151 kB]
Get:14 http://127.0.0.1:9999/debian unstable/main amd64 libsqlite3-0 amd64 3.23.1-1 [603 kB]
Get:15 http://127.0.0.1:9999/debian unstable/main amd64 libssl1.1 amd64 1.1.0h-2 [1352 kB]
Get:16 http://127.0.0.1:9999/debian unstable/main amd64 libpython2.7-stdlib amd64 2.7.15-1 [1912 kB]
Get:17 http://127.0.0.1:9999/debian unstable/main amd64 python2.7 amd64 2.7.15-1 [298 kB]
Get:18 http://127.0.0.1:9999/debian unstable/main amd64 libpython-stdlib amd64 2.7.15~rc1-1 [20.5 kB]
Get:19 http://127.0.0.1:9999/debian unstable/main amd64 python amd64 2.7.15~rc1-1 [155 kB]
Get:20 http://127.0.0.1:9999/debian unstable/main amd64 libapr1 amd64 1.6.3-2 [101 kB]
Get:21 http://127.0.0.1:9999/debian unstable/main amd64 libaprutil1 amd64 1.6.1-2 [91.8 kB]
Get:22 http://127.0.0.1:9999/debian unstable/main amd64 libaprutil1-dbd-sqlite3 amd64 1.6.1-2 [18.7 kB]
Get:23 http://127.0.0.1:9999/debian unstable/main amd64 libsasl2-modules-db amd64 2.1.27~101-g0780600+dfsg-3.1 [68.6 kB]
Get:24 http://127.0.0.1:9999/debian unstable/main amd64 libsasl2-2 amd64 2.1.27~101-g0780600+dfsg-3.1 [105 kB]
Get:25 http://127.0.0.1:9999/debian unstable/main amd64 libldap-common all 2.4.45+dfsg-1 [87.0 kB]
Get:26 http://127.0.0.1:9999/debian unstable/main amd64 libldap-2.4-2 amd64 2.4.45+dfsg-1 [223 kB]
Get:27 http://127.0.0.1:9999/debian unstable/main amd64 libaprutil1-ldap amd64 1.6.1-2 [16.8 kB]
Get:28 http://127.0.0.1:9999/debian unstable/main amd64 libbrotli1 amd64 1.0.4-1 [262 kB]
Get:29 http://127.0.0.1:9999/debian unstable/main amd64 libkeyutils1 amd64 1.5.9-9.2 [12.9 kB]
Get:30 http://127.0.0.1:9999/debian unstable/main amd64 libkrb5support0 amd64 1.16-2 [62.8 kB]
Get:31 http://127.0.0.1:9999/debian unstable/main amd64 libk5crypto3 amd64 1.16-2 [121 kB]
Get:32 http://127.0.0.1:9999/debian unstable/main amd64 libkrb5-3 amd64 1.16-2 [316 kB]
Get:33 http://127.0.0.1:9999/debian unstable/main amd64 libgssapi-krb5-2 amd64 1.16-2 [158 kB]
Get:34 http://127.0.0.1:9999/debian unstable/main amd64 libnghttp2-14 amd64 1.31.1-1 [80.7 kB]
Get:35 http://127.0.0.1:9999/debian unstable/main amd64 libpsl5 amd64 0.20.1-1 [52.6 kB]
Get:36 http://127.0.0.1:9999/debian unstable/main amd64 librtmp1 amd64 2.4+20151223.gitfa8646d.1-1+b1 [60.4 kB]
Get:37 http://127.0.0.1:9999/debian unstable/main amd64 libssh2-1 amd64 1.8.0-1 [138 kB]
Get:38 http://127.0.0.1:9999/debian unstable/main amd64 libssl1.0.2 amd64 1.0.2o-1 [1296 kB]
Get:39 http://127.0.0.1:9999/debian unstable/main amd64 libcurl3 amd64 7.58.0-2 [312 kB]
Get:40 http://127.0.0.1:9999/debian unstable/main amd64 libjansson4 amd64 2.11-1 [30.4 kB]
Get:41 http://127.0.0.1:9999/debian unstable/main amd64 liblua5.2-0 amd64 5.2.4-1.1+b2 [110 kB]
Get:42 http://127.0.0.1:9999/debian unstable/main amd64 libicu57 amd64 57.1-9 [7698 kB]
Get:43 http://127.0.0.1:9999/debian unstable/main amd64 libxml2 amd64 2.9.4+dfsg1-6.1 [725 kB]
Get:44 http://127.0.0.1:9999/debian unstable/main amd64 apache2-bin amd64 2.4.33-2 [1302 kB]
Get:45 http://127.0.0.1:9999/debian unstable/main amd64 apache2-data all 2.4.33-2 [161 kB]
Get:46 http://127.0.0.1:9999/debian unstable/main amd64 apache2-utils amd64 2.4.33-2 [228 kB]
Get:47 http://127.0.0.1:9999/debian unstable/main amd64 lsb-base all 9.20170808 [28.1 kB]
Get:48 http://127.0.0.1:9999/debian unstable/main amd64 libprocps6 amd64 2:3.3.14-1 [60.4 kB]
Get:49 http://127.0.0.1:9999/debian unstable/main amd64 procps amd64 2:3.3.14-1 [257 kB]
Get:50 http://127.0.0.1:9999/debian unstable/main amd64 apache2 amd64 2.4.33-2 [244 kB]
Get:51 http://127.0.0.1:9999/debian unstable/main amd64 libsigsegv2 amd64 2.12-2 [32.8 kB]
Get:52 http://127.0.0.1:9999/debian unstable/main amd64 gawk amd64 1:4.1.4+dfsg-1+b1 [571 kB]
Get:53 http://127.0.0.1:9999/debian unstable/main amd64 liblocale-gettext-perl amd64 1.07-3+b3 [18.7 kB]
Get:54 http://127.0.0.1:9999/debian unstable/main amd64 libfftw3-double3 amd64 3.3.7-1+b1 [740 kB]
Get:55 http://127.0.0.1:9999/debian unstable/main amd64 libpng16-16 amd64 1.6.34-1 [287 kB]
Get:56 http://127.0.0.1:9999/debian unstable/main amd64 libfreetype6 amd64 2.8.1-2 [461 kB]
Get:57 http://127.0.0.1:9999/debian unstable/main amd64 ucf all 3.0038 [67.8 kB]
Get:58 http://127.0.0.1:9999/debian unstable/main amd64 fonts-dejavu-core all 2.37-1 [1068 kB]
Get:59 http://127.0.0.1:9999/debian unstable/main amd64 ttf-bitstream-vera all 1.10-8 [352 kB]
Get:60 http://127.0.0.1:9999/debian unstable/main amd64 fontconfig-config all 2.13.0-4 [280 kB]
Get:61 http://127.0.0.1:9999/debian unstable/main amd64 libfontconfig1 amd64 2.13.0-4 [343 kB]
Get:62 http://127.0.0.1:9999/debian unstable/main amd64 libjbig0 amd64 2.1-3.1+b2 [31.0 kB]
Get:63 http://127.0.0.1:9999/debian unstable/main amd64 libjpeg62-turbo amd64 1:1.5.2-2+b1 [134 kB]
Get:64 http://127.0.0.1:9999/debian unstable/main amd64 liblcms2-2 amd64 2.9-1 [145 kB]
Get:65 http://127.0.0.1:9999/debian unstable/main amd64 libglib2.0-0 amd64 2.56.1-2 [2928 kB]
Get:66 http://127.0.0.1:9999/debian unstable/main amd64 liblqr-1-0 amd64 0.4.2-2.1 [29.1 kB]
Get:67 http://127.0.0.1:9999/debian unstable/main amd64 libltdl7 amd64 2.4.6-2.1 [389 kB]
Get:68 http://127.0.0.1:9999/debian unstable/main amd64 libopenjp2-7 amd64 2.3.0-1 [163 kB]
Get:69 http://127.0.0.1:9999/debian unstable/main amd64 libtiff5 amd64 4.0.9-5 [246 kB]
Get:70 http://127.0.0.1:9999/debian unstable/main amd64 libxau6 amd64 1:1.0.8-1+b2 [19.9 kB]
Get:71 http://127.0.0.1:9999/debian unstable/main amd64 libxdmcp6 amd64 1:1.1.2-3 [26.3 kB]
Get:72 http://127.0.0.1:9999/debian unstable/main amd64 libxcb1 amd64 1.13-1 [136 kB]
Get:73 http://127.0.0.1:9999/debian unstable/main amd64 libx11-data all 2:1.6.5-1 [292 kB]
Get:74 http://127.0.0.1:9999/debian unstable/main amd64 libx11-6 amd64 2:1.6.5-1 [749 kB]
Get:75 http://127.0.0.1:9999/debian unstable/main amd64 libxext6 amd64 2:1.3.3-1+b2 [52.5 kB]
Get:76 http://127.0.0.1:9999/debian unstable/main amd64 imagemagick-6-common all 8:6.9.9.39+dfsg-1 [196 kB]
Get:77 http://127.0.0.1:9999/debian unstable/main amd64 libmagickcore-6.q16-5 amd64 8:6.9.9.39+dfsg-1 [1770 kB]
Get:78 http://127.0.0.1:9999/debian unstable/main amd64 libmagickwand-6.q16-5 amd64 8:6.9.9.39+dfsg-1 [437 kB]
Get:79 http://127.0.0.1:9999/debian unstable/main amd64 libpython3.6-minimal amd64 3.6.5-5 [572 kB]
Get:80 http://127.0.0.1:9999/debian unstable/main amd64 python3.6-minimal amd64 3.6.5-5 [1728 kB]
Get:81 http://127.0.0.1:9999/debian unstable/main amd64 python3-minimal amd64 3.6.5-3 [36.2 kB]
Get:82 http://127.0.0.1:9999/debian unstable/main amd64 libmpdec2 amd64 2.4.2-2 [87.2 kB]
Get:83 http://127.0.0.1:9999/debian unstable/main amd64 libpython3.6-stdlib amd64 3.6.5-5 [1730 kB]
Get:84 http://127.0.0.1:9999/debian unstable/main amd64 python3.6 amd64 3.6.5-5 [229 kB]
Get:85 http://127.0.0.1:9999/debian unstable/main amd64 libpython3-stdlib amd64 3.6.5-3 [19.7 kB]
Get:86 http://127.0.0.1:9999/debian unstable/main amd64 python3 amd64 3.6.5-3 [24.1 kB]
Get:87 http://127.0.0.1:9999/debian unstable/main amd64 sgml-base all 1.29 [14.8 kB]
Get:88 http://127.0.0.1:9999/debian unstable/main amd64 tzdata all 2018d-1 [252 kB]
Get:89 http://127.0.0.1:9999/debian unstable/main amd64 libmagic-mgc amd64 1:5.33-2 [234 kB]
Get:90 http://127.0.0.1:9999/debian unstable/main amd64 libmagic1 amd64 1:5.33-2 [113 kB]
Get:91 http://127.0.0.1:9999/debian unstable/main amd64 file amd64 1:5.33-2 [65.6 kB]
Get:92 http://127.0.0.1:9999/debian unstable/main amd64 gettext-base amd64 0.19.8.1-6 [122 kB]
Get:93 http://127.0.0.1:9999/debian unstable/main amd64 libaspell15 amd64 0.60.7~20110707-4 [334 kB]
Get:94 http://127.0.0.1:9999/debian unstable/main amd64 libtext-iconv-perl amd64 1.7-5+b6 [15.4 kB]
Get:95 http://127.0.0.1:9999/debian unstable/main amd64 emacsen-common all 2.0.8 [21.2 kB]
Get:96 http://127.0.0.1:9999/debian unstable/main amd64 dictionaries-common all 1.27.2 [245 kB]
Get:97 http://127.0.0.1:9999/debian unstable/main amd64 aspell amd64 0.60.7~20110707-4 [227 kB]
Get:98 http://127.0.0.1:9999/debian unstable/main amd64 aspell-en all 2017.08.24-0-0.1 [300 kB]
Get:99 http://127.0.0.1:9999/debian unstable/main amd64 m4 amd64 1.4.18-1 [202 kB]
Get:100 http://127.0.0.1:9999/debian unstable/main amd64 autoconf all 2.69-11 [341 kB]
Get:101 http://127.0.0.1:9999/debian unstable/main amd64 autotools-dev all 20180224.1 [77.0 kB]
Get:102 http://127.0.0.1:9999/debian unstable/main amd64 automake all 1:1.15.1-3.1 [736 kB]
Get:103 http://127.0.0.1:9999/debian unstable/main amd64 autopoint all 0.19.8.1-6 [434 kB]
Get:104 http://127.0.0.1:9999/debian unstable/main amd64 bc amd64 1.07.1-2 [109 kB]
Get:105 http://127.0.0.1:9999/debian unstable/main amd64 openssl amd64 1.1.0h-2 [744 kB]
Get:106 http://127.0.0.1:9999/debian unstable/main amd64 ca-certificates all 20180409 [161 kB]
Get:107 http://127.0.0.1:9999/debian unstable/main amd64 libtool all 2.4.6-2.1 [547 kB]
Get:108 http://127.0.0.1:9999/debian unstable/main amd64 dh-autoreconf all 17 [16.5 kB]
Get:109 http://127.0.0.1:9999/debian unstable/main amd64 libarchive-zip-perl all 1.60-1 [95.6 kB]
Get:110 http://127.0.0.1:9999/debian unstable/main amd64 libfile-stripnondeterminism-perl all 0.041-1 [19.9 kB]
Get:111 http://127.0.0.1:9999/debian unstable/main amd64 libtimedate-perl all 2.3000-2 [42.2 kB]
Get:112 http://127.0.0.1:9999/debian unstable/main amd64 dh-strip-nondeterminism all 0.041-1 [12.0 kB]
Get:113 http://127.0.0.1:9999/debian unstable/main amd64 libcroco3 amd64 0.6.12-2 [144 kB]
Get:114 http://127.0.0.1:9999/debian unstable/main amd64 gettext amd64 0.19.8.1-6 [1302 kB]
Get:115 http://127.0.0.1:9999/debian unstable/main amd64 intltool-debian all 0.35.0+20060710.4 [26.3 kB]
Get:116 http://127.0.0.1:9999/debian unstable/main amd64 po-debconf all 1.0.20 [247 kB]
Get:117 http://127.0.0.1:9999/debian unstable/main amd64 debhelper all 11.2.1 [1013 kB]
Get:118 http://127.0.0.1:9999/debian unstable/main amd64 dh-python all 3.20180326 [93.2 kB]
Get:119 http://127.0.0.1:9999/debian unstable/main amd64 xml-core all 0.18 [23.4 kB]
Get:120 http://127.0.0.1:9999/debian unstable/main amd64 docutils-common all 0.14+dfsg-3 [204 kB]
Get:121 http://127.0.0.1:9999/debian unstable/main amd64 fontconfig amd64 2.13.0-4 [405 kB]
Get:122 http://127.0.0.1:9999/debian unstable/main amd64 fonts-lyx all 2.3.0-2 [198 kB]
Get:123 http://127.0.0.1:9999/debian unstable/main amd64 hicolor-icon-theme all 0.17-2 [11.4 kB]
Get:124 http://127.0.0.1:9999/debian unstable/main amd64 shared-mime-info amd64 1.9-2 [753 kB]
Get:125 http://127.0.0.1:9999/debian unstable/main amd64 libgdk-pixbuf2.0-common all 2.36.11-2 [312 kB]
Get:126 http://127.0.0.1:9999/debian unstable/main amd64 libgdk-pixbuf2.0-0 amd64 2.36.11-2 [172 kB]
Get:127 http://127.0.0.1:9999/debian unstable/main amd64 gtk-update-icon-cache amd64 3.22.30-1 [78.8 kB]
Get:128 http://127.0.0.1:9999/debian unstable/main amd64 libpixman-1-0 amd64 0.34.0-2 [529 kB]
Get:129 http://127.0.0.1:9999/debian unstable/main amd64 libxcb-render0 amd64 1.13-1 [108 kB]
Get:130 http://127.0.0.1:9999/debian unstable/main amd64 libxcb-shm0 amd64 1.13-1 [98.3 kB]
Get:131 http://127.0.0.1:9999/debian unstable/main amd64 libxrender1 amd64 1:0.9.10-1 [33.0 kB]
Get:132 http://127.0.0.1:9999/debian unstable/main amd64 libcairo2 amd64 1.15.10-3 [664 kB]
Get:133 http://127.0.0.1:9999/debian unstable/main amd64 libfribidi0 amd64 0.19.7-2 [45.5 kB]
Get:134 http://127.0.0.1:9999/debian unstable/main amd64 libthai-data all 0.1.27-2 [168 kB]
Get:135 http://127.0.0.1:9999/debian unstable/main amd64 libdatrie1 amd64 0.2.11-1 [37.9 kB]
Get:136 http://127.0.0.1:9999/debian unstable/main amd64 libthai0 amd64 0.1.27-2 [53.3 kB]
Get:137 http://127.0.0.1:9999/debian unstable/main amd64 libpango-1.0-0 amd64 1.42.1-1 [175 kB]
Get:138 http://127.0.0.1:9999/debian unstable/main amd64 libgraphite2-3 amd64 1.3.11-2 [85.2 kB]
Get:139 http://127.0.0.1:9999/debian unstable/main amd64 libharfbuzz0b amd64 1.7.6-1 [842 kB]
Get:140 http://127.0.0.1:9999/debian unstable/main amd64 libpangoft2-1.0-0 amd64 1.42.1-1 [59.6 kB]
Get:141 http://127.0.0.1:9999/debian unstable/main amd64 libpangocairo-1.0-0 amd64 1.42.1-1 [48.0 kB]
Get:142 http://127.0.0.1:9999/debian unstable/main amd64 librsvg2-2 amd64 2.40.20-2 [302 kB]
Get:143 http://127.0.0.1:9999/debian unstable/main amd64 librsvg2-common amd64 2.40.20-2 [210 kB]
Get:144 http://127.0.0.1:9999/debian unstable/main amd64 gnome-icon-theme all 3.12.0-3 [9869 kB]
Get:145 http://127.0.0.1:9999/debian unstable/main amd64 libann0 amd64 1.1.2+doc-7 [25.3 kB]
Get:146 http://127.0.0.1:9999/debian unstable/main amd64 libcdt5 amd64 2.40.1-3 [60.6 kB]
Get:147 http://127.0.0.1:9999/debian unstable/main amd64 libcgraph6 amd64 2.40.1-3 [84.2 kB]
Get:148 http://127.0.0.1:9999/debian unstable/main amd64 libwebp6 amd64 0.6.1-2 [263 kB]
Get:149 http://127.0.0.1:9999/debian unstable/main amd64 libxpm4 amd64 1:3.5.12-1 [49.1 kB]
Get:150 http://127.0.0.1:9999/debian unstable/main amd64 libgd3 amd64 2.2.5-4 [136 kB]
Get:151 http://127.0.0.1:9999/debian unstable/main amd64 libgts-0.7-5 amd64 0.7.6+darcs121130-4 [158 kB]
Get:152 http://127.0.0.1:9999/debian unstable/main amd64 libpathplan4 amd64 2.40.1-3 [63.8 kB]
Get:153 http://127.0.0.1:9999/debian unstable/main amd64 libxdot4 amd64 2.40.1-3 [56.8 kB]
Get:154 http://127.0.0.1:9999/debian unstable/main amd64 libgvc6 amd64 2.40.1-3 [648 kB]
Get:155 http://127.0.0.1:9999/debian unstable/main amd64 libgvpr2 amd64 2.40.1-3 [212 kB]
Get:156 http://127.0.0.1:9999/debian unstable/main amd64 x11-common all 1:7.7+19 [251 kB]
Get:157 http://127.0.0.1:9999/debian unstable/main amd64 libice6 amd64 2:1.0.9-2 [58.7 kB]
Get:158 http://127.0.0.1:9999/debian unstable/main amd64 liblab-gamut1 amd64 2.40.1-3 [220 kB]
Get:159 http://127.0.0.1:9999/debian unstable/main amd64 libsm6 amd64 2:1.2.2-1+b3 [33.3 kB]
Get:160 http://127.0.0.1:9999/debian unstable/main amd64 libxt6 amd64 1:1.1.5-1 [188 kB]
Get:161 http://127.0.0.1:9999/debian unstable/main amd64 libxmu6 amd64 2:1.1.2-2 [60.3 kB]
Get:162 http://127.0.0.1:9999/debian unstable/main amd64 libxaw7 amd64 2:1.0.13-1+b2 [201 kB]
Get:163 http://127.0.0.1:9999/debian unstable/main amd64 graphviz amd64 2.40.1-3 [634 kB]
Get:164 http://127.0.0.1:9999/debian unstable/main amd64 help2man amd64 1.47.6 [169 kB]
Get:165 http://127.0.0.1:9999/debian unstable/main amd64 imagemagick-6.q16 amd64 8:6.9.9.39+dfsg-1 [576 kB]
Get:166 http://127.0.0.1:9999/debian unstable/main amd64 imagemagick amd64 8:6.9.9.39+dfsg-1 [152 kB]
Get:167 http://127.0.0.1:9999/debian unstable/main amd64 libatk1.0-data all 2.28.1-1 [145 kB]
Get:168 http://127.0.0.1:9999/debian unstable/main amd64 libatk1.0-0 amd64 2.28.1-1 [50.1 kB]
Get:169 http://127.0.0.1:9999/debian unstable/main amd64 libsigc++-2.0-0v5 amd64 2.10.0-2 [61.2 kB]
Get:170 http://127.0.0.1:9999/debian unstable/main amd64 libglibmm-2.4-1v5 amd64 2.56.0-2 [723 kB]
Get:171 http://127.0.0.1:9999/debian unstable/main amd64 libatkmm-1.6-1v5 amd64 2.24.2-3 [68.3 kB]
Get:172 http://127.0.0.1:9999/debian unstable/main amd64 libcairomm-1.0-1v5 amd64 1.12.2-3 [63.6 kB]
Get:173 http://127.0.0.1:9999/debian unstable/main amd64 librevenge-0.0-0 amd64 0.0.4-6 [280 kB]
Get:174 http://127.0.0.1:9999/debian unstable/main amd64 libcdr-0.1-1 amd64 0.1.4-1 [379 kB]
Get:175 http://127.0.0.1:9999/debian unstable/main amd64 libdbus-1-3 amd64 1.12.8-1 [209 kB]
Get:176 http://127.0.0.1:9999/debian unstable/main amd64 libdbus-glib-1-2 amd64 0.110-2 [204 kB]
Get:177 http://127.0.0.1:9999/debian unstable/main amd64 libgslcblas0 amd64 2.4+dfsg-6 [96.5 kB]
Get:178 http://127.0.0.1:9999/debian unstable/main amd64 libgsl23 amd64 2.4+dfsg-6 [847 kB]
Get:179 http://127.0.0.1:9999/debian unstable/main amd64 libgtk2.0-common all 2.24.32-1 [2698 kB]
Get:180 http://127.0.0.1:9999/debian unstable/main amd64 libavahi-common-data amd64 0.7-4 [122 kB]
Get:181 http://127.0.0.1:9999/debian unstable/main amd64 libavahi-common3 amd64 0.7-4 [54.4 kB]
Get:182 http://127.0.0.1:9999/debian unstable/main amd64 libavahi-client3 amd64 0.7-4 [57.8 kB]
Get:183 http://127.0.0.1:9999/debian unstable/main amd64 libcups2 amd64 2.2.7-3 [320 kB]
Get:184 http://127.0.0.1:9999/debian unstable/main amd64 libxcomposite1 amd64 1:0.4.4-2 [16.5 kB]
Get:185 http://127.0.0.1:9999/debian unstable/main amd64 libxfixes3 amd64 1:5.0.3-1 [21.9 kB]
Get:186 http://127.0.0.1:9999/debian unstable/main amd64 libxcursor1 amd64 1:1.1.15-1 [36.4 kB]
Get:187 http://127.0.0.1:9999/debian unstable/main amd64 libxdamage1 amd64 1:1.1.4-3 [14.4 kB]
Get:188 http://127.0.0.1:9999/debian unstable/main amd64 libxi6 amd64 2:1.7.9-1 [82.6 kB]
Get:189 http://127.0.0.1:9999/debian unstable/main amd64 libxinerama1 amd64 2:1.1.3-1+b3 [16.7 kB]
Get:190 http://127.0.0.1:9999/debian unstable/main amd64 libxrandr2 amd64 2:1.5.1-1 [37.5 kB]
Get:191 http://127.0.0.1:9999/debian unstable/main amd64 libgtk2.0-0 amd64 2.24.32-1 [1803 kB]
Get:192 http://127.0.0.1:9999/debian unstable/main amd64 libpangomm-1.4-1v5 amd64 2.40.1-4 [56.9 kB]
Get:193 http://127.0.0.1:9999/debian unstable/main amd64 libgtkmm-2.4-1v5 amd64 1:2.24.5-2 [815 kB]
Get:194 http://127.0.0.1:9999/debian unstable/main amd64 libhunspell-1.6-0 amd64 1.6.2-1 [188 kB]
Get:195 http://127.0.0.1:9999/debian unstable/main amd64 libenchant1c2a amd64 1.6.0-11.1 [69.0 kB]
Get:196 http://127.0.0.1:9999/debian unstable/main amd64 libgtkspell0 amd64 2.0.16-1.2 [24.3 kB]
Get:197 http://127.0.0.1:9999/debian unstable/main amd64 libmagick++-6.q16-8 amd64 8:6.9.9.39+dfsg-1 [268 kB]
Get:198 http://127.0.0.1:9999/debian unstable/main amd64 libnspr4 amd64 2:4.19-1 [117 kB]
Get:199 http://127.0.0.1:9999/debian unstable/main amd64 libnss3 amd64 2:3.36.1-1 [1153 kB]
Get:200 http://127.0.0.1:9999/debian unstable/main amd64 libpoppler74 amd64 0.63.0-2 [1365 kB]
Get:201 http://127.0.0.1:9999/debian unstable/main amd64 libpoppler-glib8 amd64 0.63.0-2 [128 kB]
Get:202 http://127.0.0.1:9999/debian unstable/main amd64 libpopt0 amd64 1.16-11 [49.2 kB]
Get:203 http://127.0.0.1:9999/debian unstable/main amd64 libpotrace0 amd64 1.14-2 [25.7 kB]
Get:204 http://127.0.0.1:9999/debian unstable/main amd64 libvisio-0.1-1 amd64 0.1.6-1 [291 kB]
Get:205 http://127.0.0.1:9999/debian unstable/main amd64 libwpd-0.10-10 amd64 0.10.2-2 [233 kB]
Get:206 http://127.0.0.1:9999/debian unstable/main amd64 libwpg-0.3-3 amd64 0.3.1-3 [71.4 kB]
Get:207 http://127.0.0.1:9999/debian unstable/main amd64 libxslt1.1 amd64 1.1.29-5 [236 kB]
Get:208 http://127.0.0.1:9999/debian unstable/main amd64 inkscape amd64 0.92.3-1+b1 [17.0 MB]
Get:209 http://127.0.0.1:9999/debian unstable/main amd64 libaec0 amd64 1.0.2-1 [20.1 kB]
Get:210 http://127.0.0.1:9999/debian unstable/main amd64 libgfortran4 amd64 7.3.0-17 [487 kB]
Get:211 http://127.0.0.1:9999/debian unstable/main amd64 libblas3 amd64 3.8.0-1 [150 kB]
Get:212 http://127.0.0.1:9999/debian unstable/main amd64 libexpat1-dev amd64 2.2.5-3 [140 kB]
Get:213 http://127.0.0.1:9999/debian unstable/main amd64 libsz2 amd64 1.0.2-1 [6676 B]
Get:214 http://127.0.0.1:9999/debian unstable/main amd64 libhdf5-100 amd64 1.10.0-patch1+docs-4+b1 [1284 kB]
Get:215 http://127.0.0.1:9999/debian unstable/main amd64 libjs-jquery all 3.2.1-1 [154 kB]
Get:216 http://127.0.0.1:9999/debian unstable/main amd64 libjs-jquery-ui all 1.12.1+dfsg-5 [232 kB]
Get:217 http://127.0.0.1:9999/debian unstable/main amd64 libjs-underscore all 1.8.3~dfsg-1 [63.8 kB]
Get:218 http://127.0.0.1:9999/debian unstable/main amd64 libjs-sphinxdoc all 1.7.4-1 [89.7 kB]
Get:219 http://127.0.0.1:9999/debian unstable/main amd64 liblapack3 amd64 3.8.0-1 [2146 kB]
Get:220 http://127.0.0.1:9999/debian unstable/main amd64 libpython2.7 amd64 2.7.15-1 [1052 kB]
Get:221 http://127.0.0.1:9999/debian unstable/main amd64 libpython2.7-dev amd64 2.7.15-1 [28.3 MB]
Get:222 http://127.0.0.1:9999/debian unstable/main amd64 libpython-dev amd64 2.7.15~rc1-1 [20.6 kB]
Get:223 http://127.0.0.1:9999/debian unstable/main amd64 libpython-all-dev amd64 2.7.15~rc1-1 [1048 B]
Get:224 http://127.0.0.1:9999/debian unstable/main amd64 libsvm3 amd64 3.21+ds-1.1 [41.0 kB]
Get:225 http://127.0.0.1:9999/debian unstable/main amd64 libsvm-dev amd64 3.21+ds-1.1 [41.7 kB]
Get:226 http://127.0.0.1:9999/debian unstable/main amd64 man2html-base amd64 1.6g-11 [62.3 kB]
Get:227 http://127.0.0.1:9999/debian unstable/main amd64 man2html amd64 1.6g-11 [29.9 kB]
Get:228 http://127.0.0.1:9999/debian unstable/main amd64 python-alabaster all 0.7.8-1 [18.4 kB]
Get:229 http://127.0.0.1:9999/debian unstable/main amd64 python-all amd64 2.7.15~rc1-1 [1028 B]
Get:230 http://127.0.0.1:9999/debian unstable/main amd64 python2.7-dev amd64 2.7.15-1 [290 kB]
Get:231 http://127.0.0.1:9999/debian unstable/main amd64 python-dev amd64 2.7.15~rc1-1 [1212 B]
Get:232 http://127.0.0.1:9999/debian unstable/main amd64 python-all-dev amd64 2.7.15~rc1-1 [1052 B]
Get:233 http://127.0.0.1:9999/debian unstable/main amd64 python-babel-localedata all 2.4.0+dfsg.1-2 [3415 kB]
Get:234 http://127.0.0.1:9999/debian unstable/main amd64 python-pkg-resources all 39.0.1-2 [171 kB]
Get:235 http://127.0.0.1:9999/debian unstable/main amd64 python-tz all 2018.4-1 [33.5 kB]
Get:236 http://127.0.0.1:9999/debian unstable/main amd64 python-babel all 2.4.0+dfsg.1-2 [84.3 kB]
Get:237 http://127.0.0.1:9999/debian unstable/main amd64 python-backports.functools-lru-cache all 1.4-2 [6032 B]
Get:238 http://127.0.0.1:9999/debian unstable/main amd64 python-certifi all 2018.1.18-3 [144 kB]
Get:239 http://127.0.0.1:9999/debian unstable/main amd64 python-chardet all 3.0.4-1 [80.2 kB]
Get:240 http://127.0.0.1:9999/debian unstable/main amd64 python-six all 1.11.0-2 [15.1 kB]
Get:241 http://127.0.0.1:9999/debian unstable/main amd64 python-cycler all 0.10.0-1 [7448 B]
Get:242 http://127.0.0.1:9999/debian unstable/main amd64 python-dateutil all 2.6.1-1 [61.1 kB]
Get:243 http://127.0.0.1:9999/debian unstable/main amd64 python-decorator all 4.1.2-1 [13.7 kB]
Get:244 http://127.0.0.1:9999/debian unstable/main amd64 python-roman all 2.0.0-3 [8688 B]
Get:245 http://127.0.0.1:9999/debian unstable/main amd64 python-docutils all 0.14+dfsg-3 [379 kB]
Get:246 http://127.0.0.1:9999/debian unstable/main amd64 python-funcsigs all 1.0.2-4 [13.7 kB]
Get:247 http://127.0.0.1:9999/debian unstable/main amd64 python-numpy amd64 1:1.13.3-2 [1950 kB]
Get:248 http://127.0.0.1:9999/debian unstable/main amd64 python-h5py amd64 2.7.1-2 [683 kB]
Get:249 http://127.0.0.1:9999/debian unstable/main amd64 python-idna all 2.6-1 [34.1 kB]
Get:250 http://127.0.0.1:9999/debian unstable/main amd64 python-imagesize all 0.7.1-1 [3814 B]
Get:251 http://127.0.0.1:9999/debian unstable/main amd64 python-markupsafe amd64 1.0-1+b1 [13.9 kB]
Get:252 http://127.0.0.1:9999/debian unstable/main amd64 python-jinja2 all 2.10-1 [106 kB]
Get:253 http://127.0.0.1:9999/debian unstable/main amd64 python-joblib all 0.11-1 [120 kB]
Get:254 http://127.0.0.1:9999/debian unstable/main amd64 python-kiwisolver amd64 1.0.1-2 [66.9 kB]
Get:255 http://127.0.0.1:9999/debian unstable/main amd64 python-lxml amd64 4.2.1-1 [1109 kB]
Get:256 http://127.0.0.1:9999/debian unstable/main amd64 python-matplotlib-data all 2.2.2-2 [4136 kB]
Get:257 http://127.0.0.1:9999/debian unstable/main amd64 python-pyparsing all 2.2.0+dfsg1-2 [89.5 kB]
Get:258 http://127.0.0.1:9999/debian unstable/main amd64 python-subprocess32 amd64 3.2.7-3 [29.5 kB]
Get:259 http://127.0.0.1:9999/debian unstable/main amd64 python-matplotlib amd64 2.2.2-2 [5056 kB]
Get:260 http://127.0.0.1:9999/debian unstable/main amd64 python-pbr all 3.1.1-4 [54.7 kB]
Get:261 http://127.0.0.1:9999/debian unstable/main amd64 python-mock all 2.0.0-3 [59.8 kB]
Get:262 http://127.0.0.1:9999/debian unstable/main amd64 python-scipy amd64 0.19.1-2 [9701 kB]
Get:263 http://127.0.0.1:9999/debian unstable/main amd64 python-nibabel all 2.2.1-2 [2213 kB]
Get:264 http://127.0.0.1:9999/debian unstable/main amd64 python-nose all 1.3.7-4 [132 kB]
Get:265 http://127.0.0.1:9999/debian unstable/main amd64 python-packaging all 17.1-1 [18.2 kB]
Get:266 http://127.0.0.1:9999/debian unstable/main amd64 python-pygments all 2.2.0+dfsg-1 [590 kB]
Get:267 http://127.0.0.1:9999/debian unstable/main amd64 python-urllib3 all 1.22-1 [97.7 kB]
Get:268 http://127.0.0.1:9999/debian unstable/main amd64 python-requests all 2.18.4-2 [77.3 kB]
Get:269 http://127.0.0.1:9999/debian unstable/main amd64 python-typing all 3.6.4-1 [22.7 kB]
Get:270 http://127.0.0.1:9999/debian unstable/main amd64 sphinx-common all 1.7.4-1 [434 kB]
Get:271 http://127.0.0.1:9999/debian unstable/main amd64 python-sphinx all 1.7.4-1 [446 kB]
Get:272 http://127.0.0.1:9999/debian unstable/main amd64 python-numpydoc all 0.7.0-1 [18.2 kB]
Get:273 http://127.0.0.1:9999/debian unstable/main amd64 python-pandas-lib amd64 0.22.0-6 [3056 kB]
Get:274 http://127.0.0.1:9999/debian unstable/main amd64 python-pandas all 0.22.0-6 [2776 kB]
Get:275 http://127.0.0.1:9999/debian unstable/main amd64 python-patsy all 0.4.1+git34-ga5b54c2-1 [171 kB]
Get:276 http://127.0.0.1:9999/debian unstable/main amd64 python-statsmodels-lib amd64 0.8.0-6 [366 kB]
Get:277 http://127.0.0.1:9999/debian unstable/main amd64 python-statsmodels all 0.8.0-6 [7055 kB]
Get:278 http://127.0.0.1:9999/debian unstable/main amd64 swig3.0 amd64 3.0.12-1 [1395 kB]
Get:279 http://127.0.0.1:9999/debian unstable/main amd64 swig amd64 3.0.12-1 [309 kB]
debconf: delaying package configuration, since apt-utils is not installed
Fetched 180 MB in 3s (56.4 MB/s)
Selecting previously unselected package bsdmainutils.
(Reading database ... 10771 files and directories currently installed.)
Preparing to unpack .../00-bsdmainutils_11.1.2_amd64.deb ...
Unpacking bsdmainutils (11.1.2) ...
Selecting previously unselected package groff-base.
Preparing to unpack .../01-groff-base_1.22.3-10_amd64.deb ...
Unpacking groff-base (1.22.3-10) ...
Selecting previously unselected package libpipeline1:amd64.
Preparing to unpack .../02-libpipeline1_1.5.0-1_amd64.deb ...
Unpacking libpipeline1:amd64 (1.5.0-1) ...
Selecting previously unselected package man-db.
Preparing to unpack .../03-man-db_2.8.3-2_amd64.deb ...
Unpacking man-db (2.8.3-2) ...
Selecting previously unselected package libpython2.7-minimal:amd64.
Preparing to unpack .../04-libpython2.7-minimal_2.7.15-1_amd64.deb ...
Unpacking libpython2.7-minimal:amd64 (2.7.15-1) ...
Selecting previously unselected package python2.7-minimal.
Preparing to unpack .../05-python2.7-minimal_2.7.15-1_amd64.deb ...
Unpacking python2.7-minimal (2.7.15-1) ...
Selecting previously unselected package python-minimal.
Preparing to unpack .../06-python-minimal_2.7.15~rc1-1_amd64.deb ...
Unpacking python-minimal (2.7.15~rc1-1) ...
Selecting previously unselected package mime-support.
Preparing to unpack .../07-mime-support_3.60_all.deb ...
Unpacking mime-support (3.60) ...
Selecting previously unselected package libexpat1:amd64.
Preparing to unpack .../08-libexpat1_2.2.5-3_amd64.deb ...
Unpacking libexpat1:amd64 (2.2.5-3) ...
Selecting previously unselected package libncursesw6:amd64.
Preparing to unpack .../09-libncursesw6_6.1+20180210-2_amd64.deb ...
Unpacking libncursesw6:amd64 (6.1+20180210-2) ...
Selecting previously unselected package readline-common.
Preparing to unpack .../10-readline-common_7.0-3_all.deb ...
Unpacking readline-common (7.0-3) ...
Selecting previously unselected package libreadline7:amd64.
Preparing to unpack .../11-libreadline7_7.0-3+b1_amd64.deb ...
Unpacking libreadline7:amd64 (7.0-3+b1) ...
Selecting previously unselected package libsqlite3-0:amd64.
Preparing to unpack .../12-libsqlite3-0_3.23.1-1_amd64.deb ...
Unpacking libsqlite3-0:amd64 (3.23.1-1) ...
Selecting previously unselected package libssl1.1:amd64.
Preparing to unpack .../13-libssl1.1_1.1.0h-2_amd64.deb ...
Unpacking libssl1.1:amd64 (1.1.0h-2) ...
Selecting previously unselected package libpython2.7-stdlib:amd64.
Preparing to unpack .../14-libpython2.7-stdlib_2.7.15-1_amd64.deb ...
Unpacking libpython2.7-stdlib:amd64 (2.7.15-1) ...
Selecting previously unselected package python2.7.
Preparing to unpack .../15-python2.7_2.7.15-1_amd64.deb ...
Unpacking python2.7 (2.7.15-1) ...
Selecting previously unselected package libpython-stdlib:amd64.
Preparing to unpack .../16-libpython-stdlib_2.7.15~rc1-1_amd64.deb ...
Unpacking libpython-stdlib:amd64 (2.7.15~rc1-1) ...
Setting up libpython2.7-minimal:amd64 (2.7.15-1) ...
Setting up python2.7-minimal (2.7.15-1) ...
Setting up python-minimal (2.7.15~rc1-1) ...
Selecting previously unselected package python.
(Reading database ... 12213 files and directories currently installed.)
Preparing to unpack .../00-python_2.7.15~rc1-1_amd64.deb ...
Unpacking python (2.7.15~rc1-1) ...
Selecting previously unselected package libapr1:amd64.
Preparing to unpack .../01-libapr1_1.6.3-2_amd64.deb ...
Unpacking libapr1:amd64 (1.6.3-2) ...
Selecting previously unselected package libaprutil1:amd64.
Preparing to unpack .../02-libaprutil1_1.6.1-2_amd64.deb ...
Unpacking libaprutil1:amd64 (1.6.1-2) ...
Selecting previously unselected package libaprutil1-dbd-sqlite3:amd64.
Preparing to unpack .../03-libaprutil1-dbd-sqlite3_1.6.1-2_amd64.deb ...
Unpacking libaprutil1-dbd-sqlite3:amd64 (1.6.1-2) ...
Selecting previously unselected package libsasl2-modules-db:amd64.
Preparing to unpack .../04-libsasl2-modules-db_2.1.27~101-g0780600+dfsg-3.1_amd64.deb ...
Unpacking libsasl2-modules-db:amd64 (2.1.27~101-g0780600+dfsg-3.1) ...
Selecting previously unselected package libsasl2-2:amd64.
Preparing to unpack .../05-libsasl2-2_2.1.27~101-g0780600+dfsg-3.1_amd64.deb ...
Unpacking libsasl2-2:amd64 (2.1.27~101-g0780600+dfsg-3.1) ...
Selecting previously unselected package libldap-common.
Preparing to unpack .../06-libldap-common_2.4.45+dfsg-1_all.deb ...
Unpacking libldap-common (2.4.45+dfsg-1) ...
Selecting previously unselected package libldap-2.4-2:amd64.
Preparing to unpack .../07-libldap-2.4-2_2.4.45+dfsg-1_amd64.deb ...
Unpacking libldap-2.4-2:amd64 (2.4.45+dfsg-1) ...
Selecting previously unselected package libaprutil1-ldap:amd64.
Preparing to unpack .../08-libaprutil1-ldap_1.6.1-2_amd64.deb ...
Unpacking libaprutil1-ldap:amd64 (1.6.1-2) ...
Selecting previously unselected package libbrotli1:amd64.
Preparing to unpack .../09-libbrotli1_1.0.4-1_amd64.deb ...
Unpacking libbrotli1:amd64 (1.0.4-1) ...
Selecting previously unselected package libkeyutils1:amd64.
Preparing to unpack .../10-libkeyutils1_1.5.9-9.2_amd64.deb ...
Unpacking libkeyutils1:amd64 (1.5.9-9.2) ...
Selecting previously unselected package libkrb5support0:amd64.
Preparing to unpack .../11-libkrb5support0_1.16-2_amd64.deb ...
Unpacking libkrb5support0:amd64 (1.16-2) ...
Selecting previously unselected package libk5crypto3:amd64.
Preparing to unpack .../12-libk5crypto3_1.16-2_amd64.deb ...
Unpacking libk5crypto3:amd64 (1.16-2) ...
Selecting previously unselected package libkrb5-3:amd64.
Preparing to unpack .../13-libkrb5-3_1.16-2_amd64.deb ...
Unpacking libkrb5-3:amd64 (1.16-2) ...
Selecting previously unselected package libgssapi-krb5-2:amd64.
Preparing to unpack .../14-libgssapi-krb5-2_1.16-2_amd64.deb ...
Unpacking libgssapi-krb5-2:amd64 (1.16-2) ...
Selecting previously unselected package libnghttp2-14:amd64.
Preparing to unpack .../15-libnghttp2-14_1.31.1-1_amd64.deb ...
Unpacking libnghttp2-14:amd64 (1.31.1-1) ...
Selecting previously unselected package libpsl5:amd64.
Preparing to unpack .../16-libpsl5_0.20.1-1_amd64.deb ...
Unpacking libpsl5:amd64 (0.20.1-1) ...
Selecting previously unselected package librtmp1:amd64.
Preparing to unpack .../17-librtmp1_2.4+20151223.gitfa8646d.1-1+b1_amd64.deb ...
Unpacking librtmp1:amd64 (2.4+20151223.gitfa8646d.1-1+b1) ...
Selecting previously unselected package libssh2-1:amd64.
Preparing to unpack .../18-libssh2-1_1.8.0-1_amd64.deb ...
Unpacking libssh2-1:amd64 (1.8.0-1) ...
Selecting previously unselected package libssl1.0.2:amd64.
Preparing to unpack .../19-libssl1.0.2_1.0.2o-1_amd64.deb ...
Unpacking libssl1.0.2:amd64 (1.0.2o-1) ...
Selecting previously unselected package libcurl3:amd64.
Preparing to unpack .../20-libcurl3_7.58.0-2_amd64.deb ...
Unpacking libcurl3:amd64 (7.58.0-2) ...
Selecting previously unselected package libjansson4:amd64.
Preparing to unpack .../21-libjansson4_2.11-1_amd64.deb ...
Unpacking libjansson4:amd64 (2.11-1) ...
Selecting previously unselected package liblua5.2-0:amd64.
Preparing to unpack .../22-liblua5.2-0_5.2.4-1.1+b2_amd64.deb ...
Unpacking liblua5.2-0:amd64 (5.2.4-1.1+b2) ...
Selecting previously unselected package libicu57:amd64.
Preparing to unpack .../23-libicu57_57.1-9_amd64.deb ...
Unpacking libicu57:amd64 (57.1-9) ...
Selecting previously unselected package libxml2:amd64.
Preparing to unpack .../24-libxml2_2.9.4+dfsg1-6.1_amd64.deb ...
Unpacking libxml2:amd64 (2.9.4+dfsg1-6.1) ...
Selecting previously unselected package apache2-bin.
Preparing to unpack .../25-apache2-bin_2.4.33-2_amd64.deb ...
Unpacking apache2-bin (2.4.33-2) ...
Selecting previously unselected package apache2-data.
Preparing to unpack .../26-apache2-data_2.4.33-2_all.deb ...
Unpacking apache2-data (2.4.33-2) ...
Selecting previously unselected package apache2-utils.
Preparing to unpack .../27-apache2-utils_2.4.33-2_amd64.deb ...
Unpacking apache2-utils (2.4.33-2) ...
Selecting previously unselected package lsb-base.
Preparing to unpack .../28-lsb-base_9.20170808_all.deb ...
Unpacking lsb-base (9.20170808) ...
Selecting previously unselected package libprocps6:amd64.
Preparing to unpack .../29-libprocps6_2%3a3.3.14-1_amd64.deb ...
Unpacking libprocps6:amd64 (2:3.3.14-1) ...
Selecting previously unselected package procps.
Preparing to unpack .../30-procps_2%3a3.3.14-1_amd64.deb ...
Unpacking procps (2:3.3.14-1) ...
Selecting previously unselected package apache2.
Preparing to unpack .../31-apache2_2.4.33-2_amd64.deb ...
Unpacking apache2 (2.4.33-2) ...
Selecting previously unselected package libsigsegv2:amd64.
Preparing to unpack .../32-libsigsegv2_2.12-2_amd64.deb ...
Unpacking libsigsegv2:amd64 (2.12-2) ...
Setting up readline-common (7.0-3) ...
Setting up libreadline7:amd64 (7.0-3+b1) ...
Setting up libsigsegv2:amd64 (2.12-2) ...
Selecting previously unselected package gawk.
(Reading database ... 13251 files and directories currently installed.)
Preparing to unpack .../00-gawk_1%3a4.1.4+dfsg-1+b1_amd64.deb ...
Unpacking gawk (1:4.1.4+dfsg-1+b1) ...
Selecting previously unselected package liblocale-gettext-perl.
Preparing to unpack .../01-liblocale-gettext-perl_1.07-3+b3_amd64.deb ...
Unpacking liblocale-gettext-perl (1.07-3+b3) ...
Selecting previously unselected package libfftw3-double3:amd64.
Preparing to unpack .../02-libfftw3-double3_3.3.7-1+b1_amd64.deb ...
Unpacking libfftw3-double3:amd64 (3.3.7-1+b1) ...
Selecting previously unselected package libpng16-16:amd64.
Preparing to unpack .../03-libpng16-16_1.6.34-1_amd64.deb ...
Unpacking libpng16-16:amd64 (1.6.34-1) ...
Selecting previously unselected package libfreetype6:amd64.
Preparing to unpack .../04-libfreetype6_2.8.1-2_amd64.deb ...
Unpacking libfreetype6:amd64 (2.8.1-2) ...
Selecting previously unselected package ucf.
Preparing to unpack .../05-ucf_3.0038_all.deb ...
Moving old data out of the way
Unpacking ucf (3.0038) ...
Selecting previously unselected package fonts-dejavu-core.
Preparing to unpack .../06-fonts-dejavu-core_2.37-1_all.deb ...
Unpacking fonts-dejavu-core (2.37-1) ...
Selecting previously unselected package ttf-bitstream-vera.
Preparing to unpack .../07-ttf-bitstream-vera_1.10-8_all.deb ...
Unpacking ttf-bitstream-vera (1.10-8) ...
Selecting previously unselected package fontconfig-config.
Preparing to unpack .../08-fontconfig-config_2.13.0-4_all.deb ...
Unpacking fontconfig-config (2.13.0-4) ...
Selecting previously unselected package libfontconfig1:amd64.
Preparing to unpack .../09-libfontconfig1_2.13.0-4_amd64.deb ...
Unpacking libfontconfig1:amd64 (2.13.0-4) ...
Selecting previously unselected package libjbig0:amd64.
Preparing to unpack .../10-libjbig0_2.1-3.1+b2_amd64.deb ...
Unpacking libjbig0:amd64 (2.1-3.1+b2) ...
Selecting previously unselected package libjpeg62-turbo:amd64.
Preparing to unpack .../11-libjpeg62-turbo_1%3a1.5.2-2+b1_amd64.deb ...
Unpacking libjpeg62-turbo:amd64 (1:1.5.2-2+b1) ...
Selecting previously unselected package liblcms2-2:amd64.
Preparing to unpack .../12-liblcms2-2_2.9-1_amd64.deb ...
Unpacking liblcms2-2:amd64 (2.9-1) ...
Selecting previously unselected package libglib2.0-0:amd64.
Preparing to unpack .../13-libglib2.0-0_2.56.1-2_amd64.deb ...
Unpacking libglib2.0-0:amd64 (2.56.1-2) ...
Selecting previously unselected package liblqr-1-0:amd64.
Preparing to unpack .../14-liblqr-1-0_0.4.2-2.1_amd64.deb ...
Unpacking liblqr-1-0:amd64 (0.4.2-2.1) ...
Selecting previously unselected package libltdl7:amd64.
Preparing to unpack .../15-libltdl7_2.4.6-2.1_amd64.deb ...
Unpacking libltdl7:amd64 (2.4.6-2.1) ...
Selecting previously unselected package libopenjp2-7:amd64.
Preparing to unpack .../16-libopenjp2-7_2.3.0-1_amd64.deb ...
Unpacking libopenjp2-7:amd64 (2.3.0-1) ...
Selecting previously unselected package libtiff5:amd64.
Preparing to unpack .../17-libtiff5_4.0.9-5_amd64.deb ...
Unpacking libtiff5:amd64 (4.0.9-5) ...
Selecting previously unselected package libxau6:amd64.
Preparing to unpack .../18-libxau6_1%3a1.0.8-1+b2_amd64.deb ...
Unpacking libxau6:amd64 (1:1.0.8-1+b2) ...
Selecting previously unselected package libxdmcp6:amd64.
Preparing to unpack .../19-libxdmcp6_1%3a1.1.2-3_amd64.deb ...
Unpacking libxdmcp6:amd64 (1:1.1.2-3) ...
Selecting previously unselected package libxcb1:amd64.
Preparing to unpack .../20-libxcb1_1.13-1_amd64.deb ...
Unpacking libxcb1:amd64 (1.13-1) ...
Selecting previously unselected package libx11-data.
Preparing to unpack .../21-libx11-data_2%3a1.6.5-1_all.deb ...
Unpacking libx11-data (2:1.6.5-1) ...
Selecting previously unselected package libx11-6:amd64.
Preparing to unpack .../22-libx11-6_2%3a1.6.5-1_amd64.deb ...
Unpacking libx11-6:amd64 (2:1.6.5-1) ...
Selecting previously unselected package libxext6:amd64.
Preparing to unpack .../23-libxext6_2%3a1.3.3-1+b2_amd64.deb ...
Unpacking libxext6:amd64 (2:1.3.3-1+b2) ...
Selecting previously unselected package imagemagick-6-common.
Preparing to unpack .../24-imagemagick-6-common_8%3a6.9.9.39+dfsg-1_all.deb ...
Unpacking imagemagick-6-common (8:6.9.9.39+dfsg-1) ...
Selecting previously unselected package libmagickcore-6.q16-5:amd64.
Preparing to unpack .../25-libmagickcore-6.q16-5_8%3a6.9.9.39+dfsg-1_amd64.deb ...
Unpacking libmagickcore-6.q16-5:amd64 (8:6.9.9.39+dfsg-1) ...
Selecting previously unselected package libmagickwand-6.q16-5:amd64.
Preparing to unpack .../26-libmagickwand-6.q16-5_8%3a6.9.9.39+dfsg-1_amd64.deb ...
Unpacking libmagickwand-6.q16-5:amd64 (8:6.9.9.39+dfsg-1) ...
Selecting previously unselected package libpython3.6-minimal:amd64.
Preparing to unpack .../27-libpython3.6-minimal_3.6.5-5_amd64.deb ...
Unpacking libpython3.6-minimal:amd64 (3.6.5-5) ...
Selecting previously unselected package python3.6-minimal.
Preparing to unpack .../28-python3.6-minimal_3.6.5-5_amd64.deb ...
Unpacking python3.6-minimal (3.6.5-5) ...
Selecting previously unselected package python3-minimal.
Preparing to unpack .../29-python3-minimal_3.6.5-3_amd64.deb ...
Unpacking python3-minimal (3.6.5-3) ...
Selecting previously unselected package libmpdec2:amd64.
Preparing to unpack .../30-libmpdec2_2.4.2-2_amd64.deb ...
Unpacking libmpdec2:amd64 (2.4.2-2) ...
Selecting previously unselected package libpython3.6-stdlib:amd64.
Preparing to unpack .../31-libpython3.6-stdlib_3.6.5-5_amd64.deb ...
Unpacking libpython3.6-stdlib:amd64 (3.6.5-5) ...
Selecting previously unselected package python3.6.
Preparing to unpack .../32-python3.6_3.6.5-5_amd64.deb ...
Unpacking python3.6 (3.6.5-5) ...
Selecting previously unselected package libpython3-stdlib:amd64.
Preparing to unpack .../33-libpython3-stdlib_3.6.5-3_amd64.deb ...
Unpacking libpython3-stdlib:amd64 (3.6.5-3) ...
Setting up libssl1.1:amd64 (1.1.0h-2) ...
Setting up libpython3.6-minimal:amd64 (3.6.5-5) ...
Setting up libexpat1:amd64 (2.2.5-3) ...
Setting up python3.6-minimal (3.6.5-5) ...
Setting up python3-minimal (3.6.5-3) ...
Selecting previously unselected package python3.
(Reading database ... 14919 files and directories currently installed.)
Preparing to unpack .../000-python3_3.6.5-3_amd64.deb ...
Unpacking python3 (3.6.5-3) ...
Selecting previously unselected package sgml-base.
Preparing to unpack .../001-sgml-base_1.29_all.deb ...
Unpacking sgml-base (1.29) ...
Selecting previously unselected package tzdata.
Preparing to unpack .../002-tzdata_2018d-1_all.deb ...
Unpacking tzdata (2018d-1) ...
Selecting previously unselected package libmagic-mgc.
Preparing to unpack .../003-libmagic-mgc_1%3a5.33-2_amd64.deb ...
Unpacking libmagic-mgc (1:5.33-2) ...
Selecting previously unselected package libmagic1:amd64.
Preparing to unpack .../004-libmagic1_1%3a5.33-2_amd64.deb ...
Unpacking libmagic1:amd64 (1:5.33-2) ...
Selecting previously unselected package file.
Preparing to unpack .../005-file_1%3a5.33-2_amd64.deb ...
Unpacking file (1:5.33-2) ...
Selecting previously unselected package gettext-base.
Preparing to unpack .../006-gettext-base_0.19.8.1-6_amd64.deb ...
Unpacking gettext-base (0.19.8.1-6) ...
Selecting previously unselected package libaspell15:amd64.
Preparing to unpack .../007-libaspell15_0.60.7~20110707-4_amd64.deb ...
Unpacking libaspell15:amd64 (0.60.7~20110707-4) ...
Selecting previously unselected package libtext-iconv-perl.
Preparing to unpack .../008-libtext-iconv-perl_1.7-5+b6_amd64.deb ...
Unpacking libtext-iconv-perl (1.7-5+b6) ...
Selecting previously unselected package emacsen-common.
Preparing to unpack .../009-emacsen-common_2.0.8_all.deb ...
Unpacking emacsen-common (2.0.8) ...
Selecting previously unselected package dictionaries-common.
Preparing to unpack .../010-dictionaries-common_1.27.2_all.deb ...
Adding 'diversion of /usr/share/dict/words to /usr/share/dict/words.pre-dictionaries-common by dictionaries-common'
Unpacking dictionaries-common (1.27.2) ...
Selecting previously unselected package aspell.
Preparing to unpack .../011-aspell_0.60.7~20110707-4_amd64.deb ...
Unpacking aspell (0.60.7~20110707-4) ...
Selecting previously unselected package aspell-en.
Preparing to unpack .../012-aspell-en_2017.08.24-0-0.1_all.deb ...
Unpacking aspell-en (2017.08.24-0-0.1) ...
Selecting previously unselected package m4.
Preparing to unpack .../013-m4_1.4.18-1_amd64.deb ...
Unpacking m4 (1.4.18-1) ...
Selecting previously unselected package autoconf.
Preparing to unpack .../014-autoconf_2.69-11_all.deb ...
Unpacking autoconf (2.69-11) ...
Selecting previously unselected package autotools-dev.
Preparing to unpack .../015-autotools-dev_20180224.1_all.deb ...
Unpacking autotools-dev (20180224.1) ...
Selecting previously unselected package automake.
Preparing to unpack .../016-automake_1%3a1.15.1-3.1_all.deb ...
Unpacking automake (1:1.15.1-3.1) ...
Selecting previously unselected package autopoint.
Preparing to unpack .../017-autopoint_0.19.8.1-6_all.deb ...
Unpacking autopoint (0.19.8.1-6) ...
Selecting previously unselected package bc.
Preparing to unpack .../018-bc_1.07.1-2_amd64.deb ...
Unpacking bc (1.07.1-2) ...
Selecting previously unselected package openssl.
Preparing to unpack .../019-openssl_1.1.0h-2_amd64.deb ...
Unpacking openssl (1.1.0h-2) ...
Selecting previously unselected package ca-certificates.
Preparing to unpack .../020-ca-certificates_20180409_all.deb ...
Unpacking ca-certificates (20180409) ...
Selecting previously unselected package libtool.
Preparing to unpack .../021-libtool_2.4.6-2.1_all.deb ...
Unpacking libtool (2.4.6-2.1) ...
Selecting previously unselected package dh-autoreconf.
Preparing to unpack .../022-dh-autoreconf_17_all.deb ...
Unpacking dh-autoreconf (17) ...
Selecting previously unselected package libarchive-zip-perl.
Preparing to unpack .../023-libarchive-zip-perl_1.60-1_all.deb ...
Unpacking libarchive-zip-perl (1.60-1) ...
Selecting previously unselected package libfile-stripnondeterminism-perl.
Preparing to unpack .../024-libfile-stripnondeterminism-perl_0.041-1_all.deb ...
Unpacking libfile-stripnondeterminism-perl (0.041-1) ...
Selecting previously unselected package libtimedate-perl.
Preparing to unpack .../025-libtimedate-perl_2.3000-2_all.deb ...
Unpacking libtimedate-perl (2.3000-2) ...
Selecting previously unselected package dh-strip-nondeterminism.
Preparing to unpack .../026-dh-strip-nondeterminism_0.041-1_all.deb ...
Unpacking dh-strip-nondeterminism (0.041-1) ...
Selecting previously unselected package libcroco3:amd64.
Preparing to unpack .../027-libcroco3_0.6.12-2_amd64.deb ...
Unpacking libcroco3:amd64 (0.6.12-2) ...
Selecting previously unselected package gettext.
Preparing to unpack .../028-gettext_0.19.8.1-6_amd64.deb ...
Unpacking gettext (0.19.8.1-6) ...
Selecting previously unselected package intltool-debian.
Preparing to unpack .../029-intltool-debian_0.35.0+20060710.4_all.deb ...
Unpacking intltool-debian (0.35.0+20060710.4) ...
Selecting previously unselected package po-debconf.
Preparing to unpack .../030-po-debconf_1.0.20_all.deb ...
Unpacking po-debconf (1.0.20) ...
Selecting previously unselected package debhelper.
Preparing to unpack .../031-debhelper_11.2.1_all.deb ...
Unpacking debhelper (11.2.1) ...
Selecting previously unselected package dh-python.
Preparing to unpack .../032-dh-python_3.20180326_all.deb ...
Unpacking dh-python (3.20180326) ...
Selecting previously unselected package xml-core.
Preparing to unpack .../033-xml-core_0.18_all.deb ...
Unpacking xml-core (0.18) ...
Selecting previously unselected package docutils-common.
Preparing to unpack .../034-docutils-common_0.14+dfsg-3_all.deb ...
Unpacking docutils-common (0.14+dfsg-3) ...
Selecting previously unselected package fontconfig.
Preparing to unpack .../035-fontconfig_2.13.0-4_amd64.deb ...
Unpacking fontconfig (2.13.0-4) ...
Selecting previously unselected package fonts-lyx.
Preparing to unpack .../036-fonts-lyx_2.3.0-2_all.deb ...
Unpacking fonts-lyx (2.3.0-2) ...
Selecting previously unselected package hicolor-icon-theme.
Preparing to unpack .../037-hicolor-icon-theme_0.17-2_all.deb ...
Unpacking hicolor-icon-theme (0.17-2) ...
Selecting previously unselected package shared-mime-info.
Preparing to unpack .../038-shared-mime-info_1.9-2_amd64.deb ...
Unpacking shared-mime-info (1.9-2) ...
Selecting previously unselected package libgdk-pixbuf2.0-common.
Preparing to unpack .../039-libgdk-pixbuf2.0-common_2.36.11-2_all.deb ...
Unpacking libgdk-pixbuf2.0-common (2.36.11-2) ...
Selecting previously unselected package libgdk-pixbuf2.0-0:amd64.
Preparing to unpack .../040-libgdk-pixbuf2.0-0_2.36.11-2_amd64.deb ...
Unpacking libgdk-pixbuf2.0-0:amd64 (2.36.11-2) ...
Selecting previously unselected package gtk-update-icon-cache.
Preparing to unpack .../041-gtk-update-icon-cache_3.22.30-1_amd64.deb ...
No diversion 'diversion of /usr/sbin/update-icon-caches to /usr/sbin/update-icon-caches.gtk2 by libgtk-3-bin', none removed.
No diversion 'diversion of /usr/share/man/man8/update-icon-caches.8.gz to /usr/share/man/man8/update-icon-caches.gtk2.8.gz by libgtk-3-bin', none removed.
Unpacking gtk-update-icon-cache (3.22.30-1) ...
Selecting previously unselected package libpixman-1-0:amd64.
Preparing to unpack .../042-libpixman-1-0_0.34.0-2_amd64.deb ...
Unpacking libpixman-1-0:amd64 (0.34.0-2) ...
Selecting previously unselected package libxcb-render0:amd64.
Preparing to unpack .../043-libxcb-render0_1.13-1_amd64.deb ...
Unpacking libxcb-render0:amd64 (1.13-1) ...
Selecting previously unselected package libxcb-shm0:amd64.
Preparing to unpack .../044-libxcb-shm0_1.13-1_amd64.deb ...
Unpacking libxcb-shm0:amd64 (1.13-1) ...
Selecting previously unselected package libxrender1:amd64.
Preparing to unpack .../045-libxrender1_1%3a0.9.10-1_amd64.deb ...
Unpacking libxrender1:amd64 (1:0.9.10-1) ...
Selecting previously unselected package libcairo2:amd64.
Preparing to unpack .../046-libcairo2_1.15.10-3_amd64.deb ...
Unpacking libcairo2:amd64 (1.15.10-3) ...
Selecting previously unselected package libfribidi0:amd64.
Preparing to unpack .../047-libfribidi0_0.19.7-2_amd64.deb ...
Unpacking libfribidi0:amd64 (0.19.7-2) ...
Selecting previously unselected package libthai-data.
Preparing to unpack .../048-libthai-data_0.1.27-2_all.deb ...
Unpacking libthai-data (0.1.27-2) ...
Selecting previously unselected package libdatrie1:amd64.
Preparing to unpack .../049-libdatrie1_0.2.11-1_amd64.deb ...
Unpacking libdatrie1:amd64 (0.2.11-1) ...
Selecting previously unselected package libthai0:amd64.
Preparing to unpack .../050-libthai0_0.1.27-2_amd64.deb ...
Unpacking libthai0:amd64 (0.1.27-2) ...
Selecting previously unselected package libpango-1.0-0:amd64.
Preparing to unpack .../051-libpango-1.0-0_1.42.1-1_amd64.deb ...
Unpacking libpango-1.0-0:amd64 (1.42.1-1) ...
Selecting previously unselected package libgraphite2-3:amd64.
Preparing to unpack .../052-libgraphite2-3_1.3.11-2_amd64.deb ...
Unpacking libgraphite2-3:amd64 (1.3.11-2) ...
Selecting previously unselected package libharfbuzz0b:amd64.
Preparing to unpack .../053-libharfbuzz0b_1.7.6-1_amd64.deb ...
Unpacking libharfbuzz0b:amd64 (1.7.6-1) ...
Selecting previously unselected package libpangoft2-1.0-0:amd64.
Preparing to unpack .../054-libpangoft2-1.0-0_1.42.1-1_amd64.deb ...
Unpacking libpangoft2-1.0-0:amd64 (1.42.1-1) ...
Selecting previously unselected package libpangocairo-1.0-0:amd64.
Preparing to unpack .../055-libpangocairo-1.0-0_1.42.1-1_amd64.deb ...
Unpacking libpangocairo-1.0-0:amd64 (1.42.1-1) ...
Selecting previously unselected package librsvg2-2:amd64.
Preparing to unpack .../056-librsvg2-2_2.40.20-2_amd64.deb ...
Unpacking librsvg2-2:amd64 (2.40.20-2) ...
Selecting previously unselected package librsvg2-common:amd64.
Preparing to unpack .../057-librsvg2-common_2.40.20-2_amd64.deb ...
Unpacking librsvg2-common:amd64 (2.40.20-2) ...
Selecting previously unselected package gnome-icon-theme.
Preparing to unpack .../058-gnome-icon-theme_3.12.0-3_all.deb ...
Unpacking gnome-icon-theme (3.12.0-3) ...
Selecting previously unselected package libann0.
Preparing to unpack .../059-libann0_1.1.2+doc-7_amd64.deb ...
Unpacking libann0 (1.1.2+doc-7) ...
Selecting previously unselected package libcdt5.
Preparing to unpack .../060-libcdt5_2.40.1-3_amd64.deb ...
Unpacking libcdt5 (2.40.1-3) ...
Selecting previously unselected package libcgraph6.
Preparing to unpack .../061-libcgraph6_2.40.1-3_amd64.deb ...
Unpacking libcgraph6 (2.40.1-3) ...
Selecting previously unselected package libwebp6:amd64.
Preparing to unpack .../062-libwebp6_0.6.1-2_amd64.deb ...
Unpacking libwebp6:amd64 (0.6.1-2) ...
Selecting previously unselected package libxpm4:amd64.
Preparing to unpack .../063-libxpm4_1%3a3.5.12-1_amd64.deb ...
Unpacking libxpm4:amd64 (1:3.5.12-1) ...
Selecting previously unselected package libgd3:amd64.
Preparing to unpack .../064-libgd3_2.2.5-4_amd64.deb ...
Unpacking libgd3:amd64 (2.2.5-4) ...
Selecting previously unselected package libgts-0.7-5:amd64.
Preparing to unpack .../065-libgts-0.7-5_0.7.6+darcs121130-4_amd64.deb ...
Unpacking libgts-0.7-5:amd64 (0.7.6+darcs121130-4) ...
Selecting previously unselected package libpathplan4.
Preparing to unpack .../066-libpathplan4_2.40.1-3_amd64.deb ...
Unpacking libpathplan4 (2.40.1-3) ...
Selecting previously unselected package libxdot4.
Preparing to unpack .../067-libxdot4_2.40.1-3_amd64.deb ...
Unpacking libxdot4 (2.40.1-3) ...
Selecting previously unselected package libgvc6.
Preparing to unpack .../068-libgvc6_2.40.1-3_amd64.deb ...
Unpacking libgvc6 (2.40.1-3) ...
Selecting previously unselected package libgvpr2.
Preparing to unpack .../069-libgvpr2_2.40.1-3_amd64.deb ...
Unpacking libgvpr2 (2.40.1-3) ...
Selecting previously unselected package x11-common.
Preparing to unpack .../070-x11-common_1%3a7.7+19_all.deb ...
Unpacking x11-common (1:7.7+19) ...
Selecting previously unselected package libice6:amd64.
Preparing to unpack .../071-libice6_2%3a1.0.9-2_amd64.deb ...
Unpacking libice6:amd64 (2:1.0.9-2) ...
Selecting previously unselected package liblab-gamut1.
Preparing to unpack .../072-liblab-gamut1_2.40.1-3_amd64.deb ...
Unpacking liblab-gamut1 (2.40.1-3) ...
Selecting previously unselected package libsm6:amd64.
Preparing to unpack .../073-libsm6_2%3a1.2.2-1+b3_amd64.deb ...
Unpacking libsm6:amd64 (2:1.2.2-1+b3) ...
Selecting previously unselected package libxt6:amd64.
Preparing to unpack .../074-libxt6_1%3a1.1.5-1_amd64.deb ...
Unpacking libxt6:amd64 (1:1.1.5-1) ...
Selecting previously unselected package libxmu6:amd64.
Preparing to unpack .../075-libxmu6_2%3a1.1.2-2_amd64.deb ...
Unpacking libxmu6:amd64 (2:1.1.2-2) ...
Selecting previously unselected package libxaw7:amd64.
Preparing to unpack .../076-libxaw7_2%3a1.0.13-1+b2_amd64.deb ...
Unpacking libxaw7:amd64 (2:1.0.13-1+b2) ...
Selecting previously unselected package graphviz.
Preparing to unpack .../077-graphviz_2.40.1-3_amd64.deb ...
Unpacking graphviz (2.40.1-3) ...
Selecting previously unselected package help2man.
Preparing to unpack .../078-help2man_1.47.6_amd64.deb ...
Unpacking help2man (1.47.6) ...
Selecting previously unselected package imagemagick-6.q16.
Preparing to unpack .../079-imagemagick-6.q16_8%3a6.9.9.39+dfsg-1_amd64.deb ...
Unpacking imagemagick-6.q16 (8:6.9.9.39+dfsg-1) ...
Selecting previously unselected package imagemagick.
Preparing to unpack .../080-imagemagick_8%3a6.9.9.39+dfsg-1_amd64.deb ...
Unpacking imagemagick (8:6.9.9.39+dfsg-1) ...
Selecting previously unselected package libatk1.0-data.
Preparing to unpack .../081-libatk1.0-data_2.28.1-1_all.deb ...
Unpacking libatk1.0-data (2.28.1-1) ...
Selecting previously unselected package libatk1.0-0:amd64.
Preparing to unpack .../082-libatk1.0-0_2.28.1-1_amd64.deb ...
Unpacking libatk1.0-0:amd64 (2.28.1-1) ...
Selecting previously unselected package libsigc++-2.0-0v5:amd64.
Preparing to unpack .../083-libsigc++-2.0-0v5_2.10.0-2_amd64.deb ...
Unpacking libsigc++-2.0-0v5:amd64 (2.10.0-2) ...
Selecting previously unselected package libglibmm-2.4-1v5:amd64.
Preparing to unpack .../084-libglibmm-2.4-1v5_2.56.0-2_amd64.deb ...
Unpacking libglibmm-2.4-1v5:amd64 (2.56.0-2) ...
Selecting previously unselected package libatkmm-1.6-1v5:amd64.
Preparing to unpack .../085-libatkmm-1.6-1v5_2.24.2-3_amd64.deb ...
Unpacking libatkmm-1.6-1v5:amd64 (2.24.2-3) ...
Selecting previously unselected package libcairomm-1.0-1v5:amd64.
Preparing to unpack .../086-libcairomm-1.0-1v5_1.12.2-3_amd64.deb ...
Unpacking libcairomm-1.0-1v5:amd64 (1.12.2-3) ...
Selecting previously unselected package librevenge-0.0-0:amd64.
Preparing to unpack .../087-librevenge-0.0-0_0.0.4-6_amd64.deb ...
Unpacking librevenge-0.0-0:amd64 (0.0.4-6) ...
Selecting previously unselected package libcdr-0.1-1:amd64.
Preparing to unpack .../088-libcdr-0.1-1_0.1.4-1_amd64.deb ...
Unpacking libcdr-0.1-1:amd64 (0.1.4-1) ...
Selecting previously unselected package libdbus-1-3:amd64.
Preparing to unpack .../089-libdbus-1-3_1.12.8-1_amd64.deb ...
Unpacking libdbus-1-3:amd64 (1.12.8-1) ...
Selecting previously unselected package libdbus-glib-1-2:amd64.
Preparing to unpack .../090-libdbus-glib-1-2_0.110-2_amd64.deb ...
Unpacking libdbus-glib-1-2:amd64 (0.110-2) ...
Selecting previously unselected package libgslcblas0:amd64.
Preparing to unpack .../091-libgslcblas0_2.4+dfsg-6_amd64.deb ...
Unpacking libgslcblas0:amd64 (2.4+dfsg-6) ...
Selecting previously unselected package libgsl23:amd64.
Preparing to unpack .../092-libgsl23_2.4+dfsg-6_amd64.deb ...
Unpacking libgsl23:amd64 (2.4+dfsg-6) ...
Selecting previously unselected package libgtk2.0-common.
Preparing to unpack .../093-libgtk2.0-common_2.24.32-1_all.deb ...
Unpacking libgtk2.0-common (2.24.32-1) ...
Selecting previously unselected package libavahi-common-data:amd64.
Preparing to unpack .../094-libavahi-common-data_0.7-4_amd64.deb ...
Unpacking libavahi-common-data:amd64 (0.7-4) ...
Selecting previously unselected package libavahi-common3:amd64.
Preparing to unpack .../095-libavahi-common3_0.7-4_amd64.deb ...
Unpacking libavahi-common3:amd64 (0.7-4) ...
Selecting previously unselected package libavahi-client3:amd64.
Preparing to unpack .../096-libavahi-client3_0.7-4_amd64.deb ...
Unpacking libavahi-client3:amd64 (0.7-4) ...
Selecting previously unselected package libcups2:amd64.
Preparing to unpack .../097-libcups2_2.2.7-3_amd64.deb ...
Unpacking libcups2:amd64 (2.2.7-3) ...
Selecting previously unselected package libxcomposite1:amd64.
Preparing to unpack .../098-libxcomposite1_1%3a0.4.4-2_amd64.deb ...
Unpacking libxcomposite1:amd64 (1:0.4.4-2) ...
Selecting previously unselected package libxfixes3:amd64.
Preparing to unpack .../099-libxfixes3_1%3a5.0.3-1_amd64.deb ...
Unpacking libxfixes3:amd64 (1:5.0.3-1) ...
Selecting previously unselected package libxcursor1:amd64.
Preparing to unpack .../100-libxcursor1_1%3a1.1.15-1_amd64.deb ...
Unpacking libxcursor1:amd64 (1:1.1.15-1) ...
Selecting previously unselected package libxdamage1:amd64.
Preparing to unpack .../101-libxdamage1_1%3a1.1.4-3_amd64.deb ...
Unpacking libxdamage1:amd64 (1:1.1.4-3) ...
Selecting previously unselected package libxi6:amd64.
Preparing to unpack .../102-libxi6_2%3a1.7.9-1_amd64.deb ...
Unpacking libxi6:amd64 (2:1.7.9-1) ...
Selecting previously unselected package libxinerama1:amd64.
Preparing to unpack .../103-libxinerama1_2%3a1.1.3-1+b3_amd64.deb ...
Unpacking libxinerama1:amd64 (2:1.1.3-1+b3) ...
Selecting previously unselected package libxrandr2:amd64.
Preparing to unpack .../104-libxrandr2_2%3a1.5.1-1_amd64.deb ...
Unpacking libxrandr2:amd64 (2:1.5.1-1) ...
Selecting previously unselected package libgtk2.0-0:amd64.
Preparing to unpack .../105-libgtk2.0-0_2.24.32-1_amd64.deb ...
Unpacking libgtk2.0-0:amd64 (2.24.32-1) ...
Selecting previously unselected package libpangomm-1.4-1v5:amd64.
Preparing to unpack .../106-libpangomm-1.4-1v5_2.40.1-4_amd64.deb ...
Unpacking libpangomm-1.4-1v5:amd64 (2.40.1-4) ...
Selecting previously unselected package libgtkmm-2.4-1v5:amd64.
Preparing to unpack .../107-libgtkmm-2.4-1v5_1%3a2.24.5-2_amd64.deb ...
Unpacking libgtkmm-2.4-1v5:amd64 (1:2.24.5-2) ...
Selecting previously unselected package libhunspell-1.6-0:amd64.
Preparing to unpack .../108-libhunspell-1.6-0_1.6.2-1_amd64.deb ...
Unpacking libhunspell-1.6-0:amd64 (1.6.2-1) ...
Selecting previously unselected package libenchant1c2a:amd64.
Preparing to unpack .../109-libenchant1c2a_1.6.0-11.1_amd64.deb ...
Unpacking libenchant1c2a:amd64 (1.6.0-11.1) ...
Selecting previously unselected package libgtkspell0:amd64.
Preparing to unpack .../110-libgtkspell0_2.0.16-1.2_amd64.deb ...
Unpacking libgtkspell0:amd64 (2.0.16-1.2) ...
Selecting previously unselected package libmagick++-6.q16-8:amd64.
Preparing to unpack .../111-libmagick++-6.q16-8_8%3a6.9.9.39+dfsg-1_amd64.deb ...
Unpacking libmagick++-6.q16-8:amd64 (8:6.9.9.39+dfsg-1) ...
Selecting previously unselected package libnspr4:amd64.
Preparing to unpack .../112-libnspr4_2%3a4.19-1_amd64.deb ...
Unpacking libnspr4:amd64 (2:4.19-1) ...
Selecting previously unselected package libnss3:amd64.
Preparing to unpack .../113-libnss3_2%3a3.36.1-1_amd64.deb ...
Unpacking libnss3:amd64 (2:3.36.1-1) ...
Selecting previously unselected package libpoppler74:amd64.
Preparing to unpack .../114-libpoppler74_0.63.0-2_amd64.deb ...
Unpacking libpoppler74:amd64 (0.63.0-2) ...
Selecting previously unselected package libpoppler-glib8:amd64.
Preparing to unpack .../115-libpoppler-glib8_0.63.0-2_amd64.deb ...
Unpacking libpoppler-glib8:amd64 (0.63.0-2) ...
Selecting previously unselected package libpopt0:amd64.
Preparing to unpack .../116-libpopt0_1.16-11_amd64.deb ...
Unpacking libpopt0:amd64 (1.16-11) ...
Selecting previously unselected package libpotrace0.
Preparing to unpack .../117-libpotrace0_1.14-2_amd64.deb ...
Unpacking libpotrace0 (1.14-2) ...
Selecting previously unselected package libvisio-0.1-1:amd64.
Preparing to unpack .../118-libvisio-0.1-1_0.1.6-1_amd64.deb ...
Unpacking libvisio-0.1-1:amd64 (0.1.6-1) ...
Selecting previously unselected package libwpd-0.10-10:amd64.
Preparing to unpack .../119-libwpd-0.10-10_0.10.2-2_amd64.deb ...
Unpacking libwpd-0.10-10:amd64 (0.10.2-2) ...
Selecting previously unselected package libwpg-0.3-3:amd64.
Preparing to unpack .../120-libwpg-0.3-3_0.3.1-3_amd64.deb ...
Unpacking libwpg-0.3-3:amd64 (0.3.1-3) ...
Selecting previously unselected package libxslt1.1:amd64.
Preparing to unpack .../121-libxslt1.1_1.1.29-5_amd64.deb ...
Unpacking libxslt1.1:amd64 (1.1.29-5) ...
Selecting previously unselected package inkscape.
Preparing to unpack .../122-inkscape_0.92.3-1+b1_amd64.deb ...
Unpacking inkscape (0.92.3-1+b1) ...
Selecting previously unselected package libaec0:amd64.
Preparing to unpack .../123-libaec0_1.0.2-1_amd64.deb ...
Unpacking libaec0:amd64 (1.0.2-1) ...
Selecting previously unselected package libgfortran4:amd64.
Preparing to unpack .../124-libgfortran4_7.3.0-17_amd64.deb ...
Unpacking libgfortran4:amd64 (7.3.0-17) ...
Selecting previously unselected package libblas3:amd64.
Preparing to unpack .../125-libblas3_3.8.0-1_amd64.deb ...
Unpacking libblas3:amd64 (3.8.0-1) ...
Selecting previously unselected package libexpat1-dev:amd64.
Preparing to unpack .../126-libexpat1-dev_2.2.5-3_amd64.deb ...
Unpacking libexpat1-dev:amd64 (2.2.5-3) ...
Selecting previously unselected package libsz2:amd64.
Preparing to unpack .../127-libsz2_1.0.2-1_amd64.deb ...
Unpacking libsz2:amd64 (1.0.2-1) ...
Selecting previously unselected package libhdf5-100:amd64.
Preparing to unpack .../128-libhdf5-100_1.10.0-patch1+docs-4+b1_amd64.deb ...
Unpacking libhdf5-100:amd64 (1.10.0-patch1+docs-4+b1) ...
Selecting previously unselected package libjs-jquery.
Preparing to unpack .../129-libjs-jquery_3.2.1-1_all.deb ...
Unpacking libjs-jquery (3.2.1-1) ...
Selecting previously unselected package libjs-jquery-ui.
Preparing to unpack .../130-libjs-jquery-ui_1.12.1+dfsg-5_all.deb ...
Unpacking libjs-jquery-ui (1.12.1+dfsg-5) ...
Selecting previously unselected package libjs-underscore.
Preparing to unpack .../131-libjs-underscore_1.8.3~dfsg-1_all.deb ...
Unpacking libjs-underscore (1.8.3~dfsg-1) ...
Selecting previously unselected package libjs-sphinxdoc.
Preparing to unpack .../132-libjs-sphinxdoc_1.7.4-1_all.deb ...
Unpacking libjs-sphinxdoc (1.7.4-1) ...
Selecting previously unselected package liblapack3:amd64.
Preparing to unpack .../133-liblapack3_3.8.0-1_amd64.deb ...
Unpacking liblapack3:amd64 (3.8.0-1) ...
Selecting previously unselected package libpython2.7:amd64.
Preparing to unpack .../134-libpython2.7_2.7.15-1_amd64.deb ...
Unpacking libpython2.7:amd64 (2.7.15-1) ...
Selecting previously unselected package libpython2.7-dev:amd64.
Preparing to unpack .../135-libpython2.7-dev_2.7.15-1_amd64.deb ...
Unpacking libpython2.7-dev:amd64 (2.7.15-1) ...
Selecting previously unselected package libpython-dev:amd64.
Preparing to unpack .../136-libpython-dev_2.7.15~rc1-1_amd64.deb ...
Unpacking libpython-dev:amd64 (2.7.15~rc1-1) ...
Selecting previously unselected package libpython-all-dev:amd64.
Preparing to unpack .../137-libpython-all-dev_2.7.15~rc1-1_amd64.deb ...
Unpacking libpython-all-dev:amd64 (2.7.15~rc1-1) ...
Selecting previously unselected package libsvm3.
Preparing to unpack .../138-libsvm3_3.21+ds-1.1_amd64.deb ...
Unpacking libsvm3 (3.21+ds-1.1) ...
Selecting previously unselected package libsvm-dev.
Preparing to unpack .../139-libsvm-dev_3.21+ds-1.1_amd64.deb ...
Unpacking libsvm-dev (3.21+ds-1.1) ...
Selecting previously unselected package man2html-base.
Preparing to unpack .../140-man2html-base_1.6g-11_amd64.deb ...
Unpacking man2html-base (1.6g-11) ...
Selecting previously unselected package man2html.
Preparing to unpack .../141-man2html_1.6g-11_amd64.deb ...
Unpacking man2html (1.6g-11) ...
Selecting previously unselected package python-alabaster.
Preparing to unpack .../142-python-alabaster_0.7.8-1_all.deb ...
Unpacking python-alabaster (0.7.8-1) ...
Selecting previously unselected package python-all.
Preparing to unpack .../143-python-all_2.7.15~rc1-1_amd64.deb ...
Unpacking python-all (2.7.15~rc1-1) ...
Selecting previously unselected package python2.7-dev.
Preparing to unpack .../144-python2.7-dev_2.7.15-1_amd64.deb ...
Unpacking python2.7-dev (2.7.15-1) ...
Selecting previously unselected package python-dev.
Preparing to unpack .../145-python-dev_2.7.15~rc1-1_amd64.deb ...
Unpacking python-dev (2.7.15~rc1-1) ...
Selecting previously unselected package python-all-dev.
Preparing to unpack .../146-python-all-dev_2.7.15~rc1-1_amd64.deb ...
Unpacking python-all-dev (2.7.15~rc1-1) ...
Selecting previously unselected package python-babel-localedata.
Preparing to unpack .../147-python-babel-localedata_2.4.0+dfsg.1-2_all.deb ...
Unpacking python-babel-localedata (2.4.0+dfsg.1-2) ...
Selecting previously unselected package python-pkg-resources.
Preparing to unpack .../148-python-pkg-resources_39.0.1-2_all.deb ...
Unpacking python-pkg-resources (39.0.1-2) ...
Selecting previously unselected package python-tz.
Preparing to unpack .../149-python-tz_2018.4-1_all.deb ...
Unpacking python-tz (2018.4-1) ...
Selecting previously unselected package python-babel.
Preparing to unpack .../150-python-babel_2.4.0+dfsg.1-2_all.deb ...
Unpacking python-babel (2.4.0+dfsg.1-2) ...
Selecting previously unselected package python-backports.functools-lru-cache.
Preparing to unpack .../151-python-backports.functools-lru-cache_1.4-2_all.deb ...
Unpacking python-backports.functools-lru-cache (1.4-2) ...
Selecting previously unselected package python-certifi.
Preparing to unpack .../152-python-certifi_2018.1.18-3_all.deb ...
Unpacking python-certifi (2018.1.18-3) ...
Selecting previously unselected package python-chardet.
Preparing to unpack .../153-python-chardet_3.0.4-1_all.deb ...
Unpacking python-chardet (3.0.4-1) ...
Selecting previously unselected package python-six.
Preparing to unpack .../154-python-six_1.11.0-2_all.deb ...
Unpacking python-six (1.11.0-2) ...
Selecting previously unselected package python-cycler.
Preparing to unpack .../155-python-cycler_0.10.0-1_all.deb ...
Unpacking python-cycler (0.10.0-1) ...
Selecting previously unselected package python-dateutil.
Preparing to unpack .../156-python-dateutil_2.6.1-1_all.deb ...
Unpacking python-dateutil (2.6.1-1) ...
Selecting previously unselected package python-decorator.
Preparing to unpack .../157-python-decorator_4.1.2-1_all.deb ...
Unpacking python-decorator (4.1.2-1) ...
Selecting previously unselected package python-roman.
Preparing to unpack .../158-python-roman_2.0.0-3_all.deb ...
Unpacking python-roman (2.0.0-3) ...
Selecting previously unselected package python-docutils.
Preparing to unpack .../159-python-docutils_0.14+dfsg-3_all.deb ...
Unpacking python-docutils (0.14+dfsg-3) ...
Selecting previously unselected package python-funcsigs.
Preparing to unpack .../160-python-funcsigs_1.0.2-4_all.deb ...
Unpacking python-funcsigs (1.0.2-4) ...
Selecting previously unselected package python-numpy.
Preparing to unpack .../161-python-numpy_1%3a1.13.3-2_amd64.deb ...
Unpacking python-numpy (1:1.13.3-2) ...
Selecting previously unselected package python-h5py.
Preparing to unpack .../162-python-h5py_2.7.1-2_amd64.deb ...
Unpacking python-h5py (2.7.1-2) ...
Selecting previously unselected package python-idna.
Preparing to unpack .../163-python-idna_2.6-1_all.deb ...
Unpacking python-idna (2.6-1) ...
Selecting previously unselected package python-imagesize.
Preparing to unpack .../164-python-imagesize_0.7.1-1_all.deb ...
Unpacking python-imagesize (0.7.1-1) ...
Selecting previously unselected package python-markupsafe.
Preparing to unpack .../165-python-markupsafe_1.0-1+b1_amd64.deb ...
Unpacking python-markupsafe (1.0-1+b1) ...
Selecting previously unselected package python-jinja2.
Preparing to unpack .../166-python-jinja2_2.10-1_all.deb ...
Unpacking python-jinja2 (2.10-1) ...
Selecting previously unselected package python-joblib.
Preparing to unpack .../167-python-joblib_0.11-1_all.deb ...
Unpacking python-joblib (0.11-1) ...
Selecting previously unselected package python-kiwisolver.
Preparing to unpack .../168-python-kiwisolver_1.0.1-2_amd64.deb ...
Unpacking python-kiwisolver (1.0.1-2) ...
Selecting previously unselected package python-lxml:amd64.
Preparing to unpack .../169-python-lxml_4.2.1-1_amd64.deb ...
Unpacking python-lxml:amd64 (4.2.1-1) ...
Selecting previously unselected package python-matplotlib-data.
Preparing to unpack .../170-python-matplotlib-data_2.2.2-2_all.deb ...
Unpacking python-matplotlib-data (2.2.2-2) ...
Selecting previously unselected package python-pyparsing.
Preparing to unpack .../171-python-pyparsing_2.2.0+dfsg1-2_all.deb ...
Unpacking python-pyparsing (2.2.0+dfsg1-2) ...
Selecting previously unselected package python-subprocess32.
Preparing to unpack .../172-python-subprocess32_3.2.7-3_amd64.deb ...
Unpacking python-subprocess32 (3.2.7-3) ...
Selecting previously unselected package python-matplotlib.
Preparing to unpack .../173-python-matplotlib_2.2.2-2_amd64.deb ...
Unpacking python-matplotlib (2.2.2-2) ...
Selecting previously unselected package python-pbr.
Preparing to unpack .../174-python-pbr_3.1.1-4_all.deb ...
Unpacking python-pbr (3.1.1-4) ...
Selecting previously unselected package python-mock.
Preparing to unpack .../175-python-mock_2.0.0-3_all.deb ...
Unpacking python-mock (2.0.0-3) ...
Selecting previously unselected package python-scipy.
Preparing to unpack .../176-python-scipy_0.19.1-2_amd64.deb ...
Unpacking python-scipy (0.19.1-2) ...
Selecting previously unselected package python-nibabel.
Preparing to unpack .../177-python-nibabel_2.2.1-2_all.deb ...
Unpacking python-nibabel (2.2.1-2) ...
Selecting previously unselected package python-nose.
Preparing to unpack .../178-python-nose_1.3.7-4_all.deb ...
Unpacking python-nose (1.3.7-4) ...
Selecting previously unselected package python-packaging.
Preparing to unpack .../179-python-packaging_17.1-1_all.deb ...
Unpacking python-packaging (17.1-1) ...
Selecting previously unselected package python-pygments.
Preparing to unpack .../180-python-pygments_2.2.0+dfsg-1_all.deb ...
Unpacking python-pygments (2.2.0+dfsg-1) ...
Selecting previously unselected package python-urllib3.
Preparing to unpack .../181-python-urllib3_1.22-1_all.deb ...
Unpacking python-urllib3 (1.22-1) ...
Selecting previously unselected package python-requests.
Preparing to unpack .../182-python-requests_2.18.4-2_all.deb ...
Unpacking python-requests (2.18.4-2) ...
Selecting previously unselected package python-typing.
Preparing to unpack .../183-python-typing_3.6.4-1_all.deb ...
Unpacking python-typing (3.6.4-1) ...
Selecting previously unselected package sphinx-common.
Preparing to unpack .../184-sphinx-common_1.7.4-1_all.deb ...
Unpacking sphinx-common (1.7.4-1) ...
Selecting previously unselected package python-sphinx.
Preparing to unpack .../185-python-sphinx_1.7.4-1_all.deb ...
Unpacking python-sphinx (1.7.4-1) ...
Selecting previously unselected package python-numpydoc.
Preparing to unpack .../186-python-numpydoc_0.7.0-1_all.deb ...
Unpacking python-numpydoc (0.7.0-1) ...
Selecting previously unselected package python-pandas-lib.
Preparing to unpack .../187-python-pandas-lib_0.22.0-6_amd64.deb ...
Unpacking python-pandas-lib (0.22.0-6) ...
Selecting previously unselected package python-pandas.
Preparing to unpack .../188-python-pandas_0.22.0-6_all.deb ...
Unpacking python-pandas (0.22.0-6) ...
Selecting previously unselected package python-patsy.
Preparing to unpack .../189-python-patsy_0.4.1+git34-ga5b54c2-1_all.deb ...
Unpacking python-patsy (0.4.1+git34-ga5b54c2-1) ...
Selecting previously unselected package python-statsmodels-lib.
Preparing to unpack .../190-python-statsmodels-lib_0.8.0-6_amd64.deb ...
Unpacking python-statsmodels-lib (0.8.0-6) ...
Selecting previously unselected package python-statsmodels.
Preparing to unpack .../191-python-statsmodels_0.8.0-6_all.deb ...
Unpacking python-statsmodels (0.8.0-6) ...
Selecting previously unselected package swig3.0.
Preparing to unpack .../192-swig3.0_3.0.12-1_amd64.deb ...
Unpacking swig3.0 (3.0.12-1) ...
Selecting previously unselected package swig.
Preparing to unpack .../193-swig_3.0.12-1_amd64.deb ...
Unpacking swig (3.0.12-1) ...
Selecting previously unselected package sbuild-build-depends-pymvpa2-dummy.
Preparing to unpack .../194-sbuild-build-depends-pymvpa2-dummy_0.invalid.0_amd64.deb ...
Unpacking sbuild-build-depends-pymvpa2-dummy (0.invalid.0) ...
Setting up libbrotli1:amd64 (1.0.4-1) ...
Setting up libjs-jquery (3.2.1-1) ...
Setting up libapr1:amd64 (1.6.3-2) ...
Setting up imagemagick-6-common (8:6.9.9.39+dfsg-1) ...
Setting up libpopt0:amd64 (1.16-11) ...
Setting up libpathplan4 (2.40.1-3) ...
Setting up libaec0:amd64 (1.0.2-1) ...
Setting up liblab-gamut1 (2.40.1-3) ...
Setting up libgtk2.0-common (2.24.32-1) ...
Setting up libopenjp2-7:amd64 (2.3.0-1) ...
Setting up libxdot4 (2.40.1-3) ...
Setting up libjpeg62-turbo:amd64 (1:1.5.2-2+b1) ...
Setting up libarchive-zip-perl (1.60-1) ...
Setting up libnghttp2-14:amd64 (1.31.1-1) ...
Setting up libjs-underscore (1.8.3~dfsg-1) ...
Setting up swig3.0 (3.0.12-1) ...
Setting up mime-support (3.60) ...
Setting up libgfortran4:amd64 (7.3.0-17) ...
Setting up libhunspell-1.6-0:amd64 (1.6.2-1) ...
Setting up libpng16-16:amd64 (1.6.34-1) ...
Setting up libtimedate-perl (2.3000-2) ...
Setting up liblcms2-2:amd64 (2.9-1) ...
Setting up libjbig0:amd64 (2.1-3.1+b2) ...
Setting up libldap-common (2.4.45+dfsg-1) ...
Setting up libaspell15:amd64 (0.60.7~20110707-4) ...
Setting up fonts-dejavu-core (2.37-1) ...
Setting up libpsl5:amd64 (0.20.1-1) ...
Setting up tzdata (2018d-1) ...

Current default time zone: 'Etc/UTC'
Local time is now:      Wed May  2 12:17:33 UTC 2018.
Universal Time is now:  Wed May  2 12:17:33 UTC 2018.
Run 'dpkg-reconfigure tzdata' if you wish to change it.

Setting up man2html-base (1.6g-11) ...
Setting up groff-base (1.22.3-10) ...
Setting up libglib2.0-0:amd64 (2.56.1-2) ...
No schema files found: doing nothing.
Setting up libncursesw6:amd64 (6.1+20180210-2) ...
Setting up emacsen-common (2.0.8) ...
Setting up libsasl2-modules-db:amd64 (2.1.27~101-g0780600+dfsg-3.1) ...
Setting up libjansson4:amd64 (2.11-1) ...
Setting up libsasl2-2:amd64 (2.1.27~101-g0780600+dfsg-3.1) ...
Setting up libjs-sphinxdoc (1.7.4-1) ...
Setting up apache2-data (2.4.33-2) ...
Setting up libgdk-pixbuf2.0-common (2.36.11-2) ...
Setting up libdatrie1:amd64 (0.2.11-1) ...
Setting up libtiff5:amd64 (4.0.9-5) ...
Setting up gettext-base (0.19.8.1-6) ...
Setting up libpipeline1:amd64 (1.5.0-1) ...
Setting up libsvm3 (3.21+ds-1.1) ...
Setting up librtmp1:amd64 (2.4+20151223.gitfa8646d.1-1+b1) ...
Setting up m4 (1.4.18-1) ...
Setting up sgml-base (1.29) ...
Setting up librevenge-0.0-0:amd64 (0.0.4-6) ...
Setting up libfftw3-double3:amd64 (3.3.7-1+b1) ...
Setting up gawk (1:4.1.4+dfsg-1+b1) ...
Setting up libicu57:amd64 (57.1-9) ...
Setting up libprocps6:amd64 (2:3.3.14-1) ...
Setting up libnspr4:amd64 (2:4.19-1) ...
Setting up ucf (3.0038) ...
Setting up libxml2:amd64 (2.9.4+dfsg1-6.1) ...
Setting up libfreetype6:amd64 (2.8.1-2) ...
Setting up libmagic-mgc (1:5.33-2) ...
Setting up libmagic1:amd64 (1:5.33-2) ...
Setting up lsb-base (9.20170808) ...
Setting up libgraphite2-3:amd64 (1.3.11-2) ...
Setting up procps (2:3.3.14-1) ...
update-alternatives: using /usr/bin/w.procps to provide /usr/bin/w (w) in auto mode
Setting up libcroco3:amd64 (0.6.12-2) ...
Setting up libxslt1.1:amd64 (1.1.29-5) ...
Setting up libssl1.0.2:amd64 (1.0.2o-1) ...
Setting up libatk1.0-data (2.28.1-1) ...
Setting up liblqr-1-0:amd64 (0.4.2-2.1) ...
Setting up libpixman-1-0:amd64 (0.34.0-2) ...
Setting up libblas3:amd64 (3.8.0-1) ...
update-alternatives: using /usr/lib/x86_64-linux-gnu/blas/libblas.so.3 to provide /usr/lib/x86_64-linux-gnu/libblas.so.3 (libblas.so.3-x86_64-linux-gnu) in auto mode
Setting up libssh2-1:amd64 (1.8.0-1) ...
Processing triggers for libc-bin (2.27-3) ...
Setting up autotools-dev (20180224.1) ...
Setting up libldap-2.4-2:amd64 (2.4.45+dfsg-1) ...
Setting up libatk1.0-0:amd64 (2.28.1-1) ...
Setting up libtext-iconv-perl (1.7-5+b6) ...
Setting up libaprutil1:amd64 (1.6.1-2) ...
Setting up python-babel-localedata (2.4.0+dfsg.1-2) ...
Setting up libjs-jquery-ui (1.12.1+dfsg-5) ...
Setting up libltdl7:amd64 (2.4.6-2.1) ...
Setting up libcdr-0.1-1:amd64 (0.1.4-1) ...
Setting up openssl (1.1.0h-2) ...
Setting up sphinx-common (1.7.4-1) ...
Setting up libsqlite3-0:amd64 (3.23.1-1) ...
Setting up libann0 (1.1.2+doc-7) ...
Setting up libfribidi0:amd64 (0.19.7-2) ...
Setting up liblocale-gettext-perl (1.07-3+b3) ...
Setting up libexpat1-dev:amd64 (2.2.5-3) ...
Setting up ttf-bitstream-vera (1.10-8) ...
Setting up libpotrace0 (1.14-2) ...
Setting up shared-mime-info (1.9-2) ...
Setting up liblua5.2-0:amd64 (5.2.4-1.1+b2) ...
Setting up libthai-data (0.1.27-2) ...
Setting up libxdmcp6:amd64 (1:1.1.2-3) ...
Setting up xml-core (0.18) ...
Setting up libkeyutils1:amd64 (1.5.9-9.2) ...
Setting up bsdmainutils (11.1.2) ...
update-alternatives: using /usr/bin/bsd-write to provide /usr/bin/write (write) in auto mode
update-alternatives: using /usr/bin/bsd-from to provide /usr/bin/from (from) in auto mode
Setting up bc (1.07.1-2) ...
Setting up x11-common (1:7.7+19) ...
update-rc.d: warning: start and stop actions are no longer supported; falling back to defaults
invoke-rc.d: could not determine current runlevel
All runlevel operations denied by policy
invoke-rc.d: policy-rc.d denied execution of start.
Setting up libgslcblas0:amd64 (2.4+dfsg-6) ...
Setting up ca-certificates (20180409) ...
Updating certificates in /etc/ssl/certs...
133 added, 0 removed; done.
Setting up hicolor-icon-theme (0.17-2) ...
Setting up libsigc++-2.0-0v5:amd64 (2.10.0-2) ...
Setting up libcdt5 (2.40.1-3) ...
Setting up libx11-data (2:1.6.5-1) ...
Setting up libpython2.7-stdlib:amd64 (2.7.15-1) ...
Setting up libxau6:amd64 (1:1.0.8-1+b2) ...
Setting up autopoint (0.19.8.1-6) ...
Setting up libmpdec2:amd64 (2.4.2-2) ...
Setting up libdbus-1-3:amd64 (1.12.8-1) ...
Setting up libavahi-common-data:amd64 (0.7-4) ...
Setting up libcgraph6 (2.40.1-3) ...
Setting up libaprutil1-ldap:amd64 (1.6.1-2) ...
Setting up fonts-lyx (2.3.0-2) ...
Setting up libsz2:amd64 (1.0.2-1) ...
Setting up libwebp6:amd64 (0.6.1-2) ...
Setting up libsvm-dev (3.21+ds-1.1) ...
Setting up libfile-stripnondeterminism-perl (0.041-1) ...
Setting up libpython3.6-stdlib:amd64 (3.6.5-5) ...
Setting up libgts-0.7-5:amd64 (0.7.6+darcs121130-4) ...
Setting up swig (3.0.12-1) ...
Setting up fontconfig-config (2.13.0-4) ...
Setting up python3.6 (3.6.5-5) ...
Setting up libhdf5-100:amd64 (1.10.0-patch1+docs-4+b1) ...
Setting up python-matplotlib-data (2.2.2-2) ...
Setting up libgsl23:amd64 (2.4+dfsg-6) ...
Setting up gettext (0.19.8.1-6) ...
Setting up libaprutil1-dbd-sqlite3:amd64 (1.6.1-2) ...
Setting up dictionaries-common (1.27.2) ...
Setting up libvisio-0.1-1:amd64 (0.1.6-1) ...
Setting up libgvpr2 (2.40.1-3) ...
Setting up libdbus-glib-1-2:amd64 (0.110-2) ...
Setting up apache2-utils (2.4.33-2) ...
Setting up libwpd-0.10-10:amd64 (0.10.2-2) ...
Setting up liblapack3:amd64 (3.8.0-1) ...
update-alternatives: using /usr/lib/x86_64-linux-gnu/lapack/liblapack.so.3 to provide /usr/lib/x86_64-linux-gnu/liblapack.so.3 (liblapack.so.3-x86_64-linux-gnu) in auto mode
Setting up python2.7 (2.7.15-1) ...
Setting up libnss3:amd64 (2:3.36.1-1) ...
Setting up libharfbuzz0b:amd64 (1.7.6-1) ...
Setting up autoconf (2.69-11) ...
Setting up libthai0:amd64 (0.1.27-2) ...
Setting up file (1:5.33-2) ...
Setting up libkrb5support0:amd64 (1.16-2) ...
Setting up libpython-stdlib:amd64 (2.7.15~rc1-1) ...
Setting up intltool-debian (0.35.0+20060710.4) ...
Setting up libpython2.7:amd64 (2.7.15-1) ...
Setting up automake (1:1.15.1-3.1) ...
update-alternatives: using /usr/bin/automake-1.15 to provide /usr/bin/automake (automake) in auto mode
Setting up help2man (1.47.6) ...
Setting up libice6:amd64 (2:1.0.9-2) ...
Setting up man-db (2.8.3-2) ...
Not building database; man-db/auto-update is not 'true'.
Setting up libpython2.7-dev:amd64 (2.7.15-1) ...
Setting up libavahi-common3:amd64 (0.7-4) ...
Setting up libglibmm-2.4-1v5:amd64 (2.56.0-2) ...
Setting up libwpg-0.3-3:amd64 (0.3.1-3) ...
Setting up aspell (0.60.7~20110707-4) ...
Setting up python2.7-dev (2.7.15-1) ...
Setting up libxcb1:amd64 (1.13-1) ...
Setting up python (2.7.15~rc1-1) ...
Setting up python-typing (3.6.4-1) ...
Setting up libatkmm-1.6-1v5:amd64 (2.24.2-3) ...
Setting up python-pyparsing (2.2.0+dfsg1-2) ...
Setting up python-idna (2.6-1) ...
Setting up libtool (2.4.6-2.1) ...
Setting up libpython3-stdlib:amd64 (3.6.5-3) ...
Setting up libpython-dev:amd64 (2.7.15~rc1-1) ...
Setting up libfontconfig1:amd64 (2.13.0-4) ...
Setting up libsm6:amd64 (2:1.2.2-1+b3) ...
Setting up libk5crypto3:amd64 (1.16-2) ...
Setting up libxcb-render0:amd64 (1.13-1) ...
Setting up po-debconf (1.0.20) ...
Setting up python3 (3.6.5-3) ...
Setting up python-backports.functools-lru-cache (1.4-2) ...
Setting up python-dev (2.7.15~rc1-1) ...
Setting up python-joblib (0.11-1) ...
Setting up python-certifi (2018.1.18-3) ...
Setting up python-tz (2018.4-1) ...
Setting up libx11-6:amd64 (2:1.6.5-1) ...
Setting up libpython-all-dev:amd64 (2.7.15~rc1-1) ...
Setting up python-imagesize (0.7.1-1) ...
Setting up python-alabaster (0.7.8-1) ...
Setting up python-pkg-resources (39.0.1-2) ...
Setting up libpoppler74:amd64 (0.63.0-2) ...
Setting up python-roman (2.0.0-3) ...
Setting up python-markupsafe (1.0-1+b1) ...
Setting up python-numpy (1:1.13.3-2) ...
Setting up python-six (1.11.0-2) ...
Setting up python-pygments (2.2.0+dfsg-1) ...
Setting up python-pandas-lib (0.22.0-6) ...
Setting up python-packaging (17.1-1) ...
Setting up python-pbr (3.1.1-4) ...
update-alternatives: using /usr/bin/python2-pbr to provide /usr/bin/pbr (pbr) in auto mode
Setting up aspell-en (2017.08.24-0-0.1) ...
Setting up python-lxml:amd64 (4.2.1-1) ...
Setting up libxcomposite1:amd64 (1:0.4.4-2) ...
Setting up libxcb-shm0:amd64 (1.13-1) ...
Setting up python-funcsigs (1.0.2-4) ...
Setting up libxpm4:amd64 (1:3.5.12-1) ...
Setting up libxt6:amd64 (1:1.1.5-1) ...
Setting up libxrender1:amd64 (1:0.9.10-1) ...
Setting up python-statsmodels-lib (0.8.0-6) ...
Setting up libavahi-client3:amd64 (0.7-4) ...
Setting up libkrb5-3:amd64 (1.16-2) ...
Setting up python-decorator (4.1.2-1) ...
Setting up python-subprocess32 (3.2.7-3) ...
Setting up dh-python (3.20180326) ...
Setting up python-nose (1.3.7-4) ...
Setting up python-all (2.7.15~rc1-1) ...
Setting up python-patsy (0.4.1+git34-ga5b54c2-1) ...
Setting up fontconfig (2.13.0-4) ...
Regenerating fonts cache... done.
Setting up libenchant1c2a:amd64 (1.6.0-11.1) ...
Setting up python-urllib3 (1.22-1) ...
Setting up python-h5py (2.7.1-2) ...
Setting up python-chardet (3.0.4-1) ...
Setting up python-kiwisolver (1.0.1-2) ...
Setting up libxext6:amd64 (2:1.3.3-1+b2) ...
Setting up libxfixes3:amd64 (1:5.0.3-1) ...
Setting up python-scipy (0.19.1-2) ...
Setting up python-jinja2 (2.10-1) ...
Setting up python-babel (2.4.0+dfsg.1-2) ...
update-alternatives: using /usr/bin/pybabel-python2 to provide /usr/bin/pybabel (pybabel) in auto mode
Setting up libgdk-pixbuf2.0-0:amd64 (2.36.11-2) ...
Setting up libgd3:amd64 (2.2.5-4) ...
Setting up python-mock (2.0.0-3) ...
Setting up python-cycler (0.10.0-1) ...
Setting up libxmu6:amd64 (2:1.1.2-2) ...
Setting up libgssapi-krb5-2:amd64 (1.16-2) ...
Setting up python-dateutil (2.6.1-1) ...
Setting up gtk-update-icon-cache (3.22.30-1) ...
Setting up libxcursor1:amd64 (1:1.1.15-1) ...
Setting up python-all-dev (2.7.15~rc1-1) ...
Setting up libpango-1.0-0:amd64 (1.42.1-1) ...
Setting up libmagickcore-6.q16-5:amd64 (8:6.9.9.39+dfsg-1) ...
Setting up python-requests (2.18.4-2) ...
Setting up python-nibabel (2.2.1-2) ...
Setting up libxrandr2:amd64 (2:1.5.1-1) ...
Setting up libcups2:amd64 (2.2.7-3) ...
Setting up libxi6:amd64 (2:1.7.9-1) ...
Setting up libxaw7:amd64 (2:1.0.13-1+b2) ...
Setting up libcairo2:amd64 (1.15.10-3) ...
Setting up libcairomm-1.0-1v5:amd64 (1.12.2-3) ...
Setting up libxinerama1:amd64 (2:1.1.3-1+b3) ...
Setting up libpoppler-glib8:amd64 (0.63.0-2) ...
Setting up libxdamage1:amd64 (1:1.1.4-3) ...
Setting up libcurl3:amd64 (7.58.0-2) ...
Setting up python-pandas (0.22.0-6) ...
Setting up apache2-bin (2.4.33-2) ...
Setting up python-matplotlib (2.2.2-2) ...
Setting up libmagickwand-6.q16-5:amd64 (8:6.9.9.39+dfsg-1) ...
Setting up libpangoft2-1.0-0:amd64 (1.42.1-1) ...
Setting up python-statsmodels (0.8.0-6) ...
Setting up libmagick++-6.q16-8:amd64 (8:6.9.9.39+dfsg-1) ...
Setting up apache2 (2.4.33-2) ...
Enabling module mpm_event.
Enabling module authz_core.
Enabling module authz_host.
Enabling module authn_core.
Enabling module auth_basic.
Enabling module access_compat.
Enabling module authn_file.
Enabling module authz_user.
Enabling module alias.
Enabling module dir.
Enabling module autoindex.
Enabling module env.
Enabling module mime.
Enabling module negotiation.
Enabling module setenvif.
Enabling module filter.
Enabling module deflate.
Enabling module status.
Enabling module reqtimeout.
Enabling conf charset.
Enabling conf localized-error-pages.
Enabling conf other-vhosts-access-log.
Enabling conf security.
Enabling conf serve-cgi-bin.
Enabling site 000-default.
invoke-rc.d: could not determine current runlevel
All runlevel operations denied by policy
invoke-rc.d: policy-rc.d denied execution of start.
Setting up imagemagick-6.q16 (8:6.9.9.39+dfsg-1) ...
update-alternatives: using /usr/bin/compare-im6.q16 to provide /usr/bin/compare (compare) in auto mode
update-alternatives: using /usr/bin/compare-im6.q16 to provide /usr/bin/compare-im6 (compare-im6) in auto mode
update-alternatives: using /usr/bin/animate-im6.q16 to provide /usr/bin/animate (animate) in auto mode
update-alternatives: using /usr/bin/animate-im6.q16 to provide /usr/bin/animate-im6 (animate-im6) in auto mode
update-alternatives: using /usr/bin/convert-im6.q16 to provide /usr/bin/convert (convert) in auto mode
update-alternatives: using /usr/bin/convert-im6.q16 to provide /usr/bin/convert-im6 (convert-im6) in auto mode
update-alternatives: using /usr/bin/composite-im6.q16 to provide /usr/bin/composite (composite) in auto mode
update-alternatives: using /usr/bin/composite-im6.q16 to provide /usr/bin/composite-im6 (composite-im6) in auto mode
update-alternatives: using /usr/bin/conjure-im6.q16 to provide /usr/bin/conjure (conjure) in auto mode
update-alternatives: using /usr/bin/conjure-im6.q16 to provide /usr/bin/conjure-im6 (conjure-im6) in auto mode
update-alternatives: using /usr/bin/import-im6.q16 to provide /usr/bin/import (import) in auto mode
update-alternatives: using /usr/bin/import-im6.q16 to provide /usr/bin/import-im6 (import-im6) in auto mode
update-alternatives: using /usr/bin/identify-im6.q16 to provide /usr/bin/identify (identify) in auto mode
update-alternatives: using /usr/bin/identify-im6.q16 to provide /usr/bin/identify-im6 (identify-im6) in auto mode
update-alternatives: using /usr/bin/stream-im6.q16 to provide /usr/bin/stream (stream) in auto mode
update-alternatives: using /usr/bin/stream-im6.q16 to provide /usr/bin/stream-im6 (stream-im6) in auto mode
update-alternatives: using /usr/bin/display-im6.q16 to provide /usr/bin/display (display) in auto mode
update-alternatives: using /usr/bin/display-im6.q16 to provide /usr/bin/display-im6 (display-im6) in auto mode
update-alternatives: using /usr/bin/montage-im6.q16 to provide /usr/bin/montage (montage) in auto mode
update-alternatives: using /usr/bin/montage-im6.q16 to provide /usr/bin/montage-im6 (montage-im6) in auto mode
update-alternatives: using /usr/bin/mogrify-im6.q16 to provide /usr/bin/mogrify (mogrify) in auto mode
update-alternatives: using /usr/bin/mogrify-im6.q16 to provide /usr/bin/mogrify-im6 (mogrify-im6) in auto mode
Setting up libpangocairo-1.0-0:amd64 (1.42.1-1) ...
Setting up libpangomm-1.4-1v5:amd64 (2.40.1-4) ...
Setting up imagemagick (8:6.9.9.39+dfsg-1) ...
Setting up man2html (1.6g-11) ...
Setting up libgvc6 (2.40.1-3) ...
Setting up librsvg2-2:amd64 (2.40.20-2) ...
Setting up librsvg2-common:amd64 (2.40.20-2) ...
Setting up graphviz (2.40.1-3) ...
Setting up gnome-icon-theme (3.12.0-3) ...
update-alternatives: using /usr/share/icons/gnome/scalable/places/debian-swirl.svg to provide /usr/share/icons/gnome/scalable/places/start-here.svg (start-here.svg) in auto mode
Setting up libgtk2.0-0:amd64 (2.24.32-1) ...
Setting up libgtkmm-2.4-1v5:amd64 (1:2.24.5-2) ...
Setting up libgtkspell0:amd64 (2.0.16-1.2) ...
Setting up inkscape (0.92.3-1+b1) ...
Processing triggers for sgml-base (1.29) ...
Setting up docutils-common (0.14+dfsg-3) ...
Processing triggers for sgml-base (1.29) ...
Setting up python-docutils (0.14+dfsg-3) ...
update-alternatives: using /usr/share/docutils/scripts/python2/rst-buildhtml to provide /usr/bin/rst-buildhtml (rst-buildhtml) in auto mode
update-alternatives: using /usr/share/docutils/scripts/python2/rst2html to provide /usr/bin/rst2html (rst2html) in auto mode
update-alternatives: using /usr/share/docutils/scripts/python2/rst2html4 to provide /usr/bin/rst2html4 (rst2html4) in auto mode
update-alternatives: using /usr/share/docutils/scripts/python2/rst2html5 to provide /usr/bin/rst2html5 (rst2html5) in auto mode
update-alternatives: using /usr/share/docutils/scripts/python2/rst2latex to provide /usr/bin/rst2latex (rst2latex) in auto mode
update-alternatives: using /usr/share/docutils/scripts/python2/rst2man to provide /usr/bin/rst2man (rst2man) in auto mode
update-alternatives: using /usr/share/docutils/scripts/python2/rst2odt to provide /usr/bin/rst2odt (rst2odt) in auto mode
update-alternatives: using /usr/share/docutils/scripts/python2/rst2odt_prepstyles to provide /usr/bin/rst2odt_prepstyles (rst2odt_prepstyles) in auto mode
update-alternatives: using /usr/share/docutils/scripts/python2/rst2pseudoxml to provide /usr/bin/rst2pseudoxml (rst2pseudoxml) in auto mode
update-alternatives: using /usr/share/docutils/scripts/python2/rst2s5 to provide /usr/bin/rst2s5 (rst2s5) in auto mode
update-alternatives: using /usr/share/docutils/scripts/python2/rst2xetex to provide /usr/bin/rst2xetex (rst2xetex) in auto mode
update-alternatives: using /usr/share/docutils/scripts/python2/rst2xml to provide /usr/bin/rst2xml (rst2xml) in auto mode
update-alternatives: using /usr/share/docutils/scripts/python2/rstpep2html to provide /usr/bin/rstpep2html (rstpep2html) in auto mode
Setting up python-sphinx (1.7.4-1) ...
Setting up python-numpydoc (0.7.0-1) ...
Setting up dh-autoreconf (17) ...
Setting up dh-strip-nondeterminism (0.041-1) ...
Setting up debhelper (11.2.1) ...
Setting up sbuild-build-depends-pymvpa2-dummy (0.invalid.0) ...
Processing triggers for libc-bin (2.27-3) ...
Processing triggers for ca-certificates (20180409) ...
Updating certificates in /etc/ssl/certs...
0 added, 0 removed; done.
Running hooks in /etc/ca-certificates/update.d...
done.
Processing triggers for dictionaries-common (1.27.2) ...
aspell-autobuildhash: processing: en [en-common].
aspell-autobuildhash: processing: en [en-variant_0].
aspell-autobuildhash: processing: en [en-variant_1].
aspell-autobuildhash: processing: en [en-variant_2].
aspell-autobuildhash: processing: en [en-w_accents-only].
aspell-autobuildhash: processing: en [en-wo_accents-only].
aspell-autobuildhash: processing: en [en_AU-variant_0].
aspell-autobuildhash: processing: en [en_AU-variant_1].
aspell-autobuildhash: processing: en [en_AU-w_accents-only].
aspell-autobuildhash: processing: en [en_AU-wo_accents-only].
aspell-autobuildhash: processing: en [en_CA-variant_0].
aspell-autobuildhash: processing: en [en_CA-variant_1].
aspell-autobuildhash: processing: en [en_CA-w_accents-only].
aspell-autobuildhash: processing: en [en_CA-wo_accents-only].
aspell-autobuildhash: processing: en [en_GB-ise-w_accents-only].
aspell-autobuildhash: processing: en [en_GB-ise-wo_accents-only].
aspell-autobuildhash: processing: en [en_GB-ize-w_accents-only].
aspell-autobuildhash: processing: en [en_GB-ize-wo_accents-only].
aspell-autobuildhash: processing: en [en_GB-variant_0].
aspell-autobuildhash: processing: en [en_GB-variant_1].
aspell-autobuildhash: processing: en [en_US-w_accents-only].
aspell-autobuildhash: processing: en [en_US-wo_accents-only].
Processing triggers for libgdk-pixbuf2.0-0:amd64 (2.36.11-2) ...

+------------------------------------------------------------------------------+
| Build environment                                                            |
+------------------------------------------------------------------------------+

Kernel: Linux 4.9.0-5-amd64 amd64 (x86_64)
Toolchain package versions: binutils_2.30-16 dpkg-dev_1.19.0.5 g++-7_7.3.0-17 gcc-7_7.3.0-17 libc6-dev_2.27-3 libstdc++-7-dev_7.3.0-17 libstdc++6_8-20180425-1 linux-libc-dev_4.15.17-1
Package versions: adduser_3.117 apache2_2.4.33-2 apache2-bin_2.4.33-2 apache2-data_2.4.33-2 apache2-utils_2.4.33-2 apt_1.6.1 aspell_0.60.7~20110707-4 aspell-en_2017.08.24-0-0.1 autoconf_2.69-11 automake_1:1.15.1-3.1 autopoint_0.19.8.1-6 autotools-dev_20180224.1 base-files_10.1 base-passwd_3.5.45 bash_4.4.18-2 bc_1.07.1-2 binutils_2.30-16 binutils-common_2.30-16 binutils-x86-64-linux-gnu_2.30-16 bsdmainutils_11.1.2 bsdutils_1:2.31.1-0.5 build-essential_12.5 bzip2_1.0.6-8.1 ca-certificates_20180409 clang-6.0_1:6.0-3 coreutils_8.28-1 cpp_4:7.3.0-3 cpp-7_7.3.0-17 dash_0.5.8-2.10 debconf_1.5.66 debfoster_2.7-2.1+b1 debhelper_11.2.1 debian-archive-keyring_2017.7 debianutils_4.8.4 dh-autoreconf_17 dh-python_3.20180326 dh-strip-nondeterminism_0.041-1 dictionaries-common_1.27.2 diffutils_1:3.6-1 docutils-common_0.14+dfsg-3 dpkg_1.19.0.5 dpkg-dev_1.19.0.5 e2fslibs_1.44.1-2 e2fsprogs_1.44.1-2 eatmydata_105-6 emacsen-common_2.0.8 fakeroot_1.22-2 fdisk_2.31.1-0.5 file_1:5.33-2 findutils_4.6.0+git+20171230-2 fontconfig_2.13.0-4 fontconfig-config_2.13.0-4 fonts-dejavu-core_2.37-1 fonts-lyx_2.3.0-2 g++_4:7.3.0-3 g++-7_7.3.0-17 gawk_1:4.1.4+dfsg-1+b1 gcc_4:7.3.0-3 gcc-6-base_6.4.0-17 gcc-7_7.3.0-17 gcc-7-base_7.3.0-17 gcc-8-base_8-20180425-1 gettext_0.19.8.1-6 gettext-base_0.19.8.1-6 gnome-icon-theme_3.12.0-3 gpgv_2.2.5-1 graphviz_2.40.1-3 grep_3.1-2 groff-base_1.22.3-10 gtk-update-icon-cache_3.22.30-1 gzip_1.6-5+b1 help2man_1.47.6 hicolor-icon-theme_0.17-2 hostname_3.20 imagemagick_8:6.9.9.39+dfsg-1 imagemagick-6-common_8:6.9.9.39+dfsg-1 imagemagick-6.q16_8:6.9.9.39+dfsg-1 init-system-helpers_1.51 inkscape_0.92.3-1+b1 intltool-debian_0.35.0+20060710.4 lib32gcc1_1:8-20180425-1 lib32stdc++6_8-20180425-1 libacl1_2.2.52-3+b1 libaec0_1.0.2-1 libann0_1.1.2+doc-7 libapr1_1.6.3-2 libaprutil1_1.6.1-2 libaprutil1-dbd-sqlite3_1.6.1-2 libaprutil1-ldap_1.6.1-2 libapt-pkg5.0_1.6.1 libarchive-zip-perl_1.60-1 libasan4_7.3.0-17 libaspell15_0.60.7~20110707-4 libatk1.0-0_2.28.1-1 libatk1.0-data_2.28.1-1 libatkmm-1.6-1v5_2.24.2-3 libatomic1_8-20180425-1 libattr1_1:2.4.47-2+b2 libaudit-common_1:2.8.3-1 libaudit1_1:2.8.3-1 libavahi-client3_0.7-4 libavahi-common-data_0.7-4 libavahi-common3_0.7-4 libbinutils_2.30-16 libblas3_3.8.0-1 libblkid1_2.31.1-0.5 libbrotli1_1.0.4-1 libbsd0_0.8.7-1 libbz2-1.0_1.0.6-8.1 libc-bin_2.27-3 libc-dev-bin_2.27-3 libc6_2.27-3 libc6-dev_2.27-3 libc6-i386_2.27-3 libcairo2_1.15.10-3 libcairomm-1.0-1v5_1.12.2-3 libcap-ng0_0.7.9-1 libcc1-0_8-20180425-1 libcdr-0.1-1_0.1.4-1 libcdt5_2.40.1-3 libcgraph6_2.40.1-3 libcilkrts5_7.3.0-17 libclang-common-6.0-dev_1:6.0-3 libclang1-6.0_1:6.0-3 libcom-err2_1.44.1-2 libcomerr2_1.44.1-2 libcroco3_0.6.12-2 libcups2_2.2.7-3 libcurl3_7.58.0-2 libdatrie1_0.2.11-1 libdb5.3_5.3.28-13.1+b1 libdbus-1-3_1.12.8-1 libdbus-glib-1-2_0.110-2 libdebconfclient0_0.243 libdpkg-perl_1.19.0.5 libeatmydata1_105-6 libedit2_3.1-20170329-1 libenchant1c2a_1.6.0-11.1 libexpat1_2.2.5-3 libexpat1-dev_2.2.5-3 libext2fs2_1.44.1-2 libfakeroot_1.22-2 libfdisk1_2.31.1-0.5 libffi6_3.2.1-8 libfftw3-double3_3.3.7-1+b1 libfile-stripnondeterminism-perl_0.041-1 libfontconfig1_2.13.0-4 libfreetype6_2.8.1-2 libfribidi0_0.19.7-2 libgc1c2_1:7.4.2-8.2 libgcc-7-dev_7.3.0-17 libgcc1_1:8-20180425-1 libgcrypt20_1.8.2-2 libgd3_2.2.5-4 libgdbm-compat4_1.14.1-6 libgdbm3_1.8.3-14 libgdbm5_1.14.1-6 libgdk-pixbuf2.0-0_2.36.11-2 libgdk-pixbuf2.0-common_2.36.11-2 libgfortran4_7.3.0-17 libglib2.0-0_2.56.1-2 libglibmm-2.4-1v5_2.56.0-2 libgmp10_2:6.1.2+dfsg-3 libgnutls30_3.5.18-1 libgomp1_8-20180425-1 libgpg-error0_1.29-4 libgraphite2-3_1.3.11-2 libgsl23_2.4+dfsg-6 libgslcblas0_2.4+dfsg-6 libgssapi-krb5-2_1.16-2 libgtk2.0-0_2.24.32-1 libgtk2.0-common_2.24.32-1 libgtkmm-2.4-1v5_1:2.24.5-2 libgtkspell0_2.0.16-1.2 libgts-0.7-5_0.7.6+darcs121130-4 libgvc6_2.40.1-3 libgvpr2_2.40.1-3 libharfbuzz0b_1.7.6-1 libhdf5-100_1.10.0-patch1+docs-4+b1 libhogweed4_3.4-1 libhunspell-1.6-0_1.6.2-1 libice6_2:1.0.9-2 libicu57_57.1-9 libidn2-0_2.0.4-1.1 libisl15_0.18-4 libisl19_0.19-1 libitm1_8-20180425-1 libjansson4_2.11-1 libjbig0_2.1-3.1+b2 libjpeg62-turbo_1:1.5.2-2+b1 libjs-jquery_3.2.1-1 libjs-jquery-ui_1.12.1+dfsg-5 libjs-sphinxdoc_1.7.4-1 libjs-underscore_1.8.3~dfsg-1 libjsoncpp1_1.7.4-3 libk5crypto3_1.16-2 libkeyutils1_1.5.9-9.2 libkrb5-3_1.16-2 libkrb5support0_1.16-2 liblab-gamut1_2.40.1-3 liblapack3_3.8.0-1 liblcms2-2_2.9-1 libldap-2.4-2_2.4.45+dfsg-1 libldap-common_2.4.45+dfsg-1 libllvm6.0_1:6.0-3 liblocale-gettext-perl_1.07-3+b3 liblqr-1-0_0.4.2-2.1 liblsan0_8-20180425-1 libltdl7_2.4.6-2.1 liblua5.2-0_5.2.4-1.1+b2 liblz4-1_1.8.1.2-1 liblzma5_5.2.2-1.3 libmagic-mgc_1:5.33-2 libmagic1_1:5.33-2 libmagick++-6.q16-8_8:6.9.9.39+dfsg-1 libmagickcore-6.q16-5_8:6.9.9.39+dfsg-1 libmagickwand-6.q16-5_8:6.9.9.39+dfsg-1 libmount1_2.31.1-0.5 libmpc3_1.1.0-1 libmpdec2_2.4.2-2 libmpfr4_3.1.6-1 libmpfr6_4.0.1-1 libmpx2_8-20180425-1 libncurses5_6.1+20180210-2 libncursesw5_6.1+20180210-2 libncursesw6_6.1+20180210-2 libnettle6_3.4-1 libnghttp2-14_1.31.1-1 libnspr4_2:4.19-1 libnss3_2:3.36.1-1 libobjc-7-dev_7.3.0-17 libobjc4_8-20180425-1 libopenjp2-7_2.3.0-1 libp11-kit0_0.23.10-2 libpam-modules_1.1.8-3.7 libpam-modules-bin_1.1.8-3.7 libpam-runtime_1.1.8-3.7 libpam0g_1.1.8-3.7 libpango-1.0-0_1.42.1-1 libpangocairo-1.0-0_1.42.1-1 libpangoft2-1.0-0_1.42.1-1 libpangomm-1.4-1v5_2.40.1-4 libpathplan4_2.40.1-3 libpcre3_2:8.39-9 libperl5.26_5.26.2-3 libpipeline1_1.5.0-1 libpixman-1-0_0.34.0-2 libpng16-16_1.6.34-1 libpoppler-glib8_0.63.0-2 libpoppler74_0.63.0-2 libpopt0_1.16-11 libpotrace0_1.14-2 libprocps6_2:3.3.14-1 libpsl5_0.20.1-1 libpython-all-dev_2.7.15~rc1-1 libpython-dev_2.7.15~rc1-1 libpython-stdlib_2.7.15~rc1-1 libpython2.7_2.7.15-1 libpython2.7-dev_2.7.15-1 libpython2.7-minimal_2.7.15-1 libpython2.7-stdlib_2.7.15-1 libpython3-stdlib_3.6.5-3 libpython3.6-minimal_3.6.5-5 libpython3.6-stdlib_3.6.5-5 libquadmath0_8-20180425-1 libreadline7_7.0-3+b1 librevenge-0.0-0_0.0.4-6 librsvg2-2_2.40.20-2 librsvg2-common_2.40.20-2 librtmp1_2.4+20151223.gitfa8646d.1-1+b1 libsasl2-2_2.1.27~101-g0780600+dfsg-3.1 libsasl2-modules-db_2.1.27~101-g0780600+dfsg-3.1 libseccomp2_2.3.3-1 libselinux1_2.7-2+b2 libsemanage-common_2.7-2 libsemanage1_2.7-2+b2 libsepol1_2.7-1 libsigc++-2.0-0v5_2.10.0-2 libsigsegv2_2.12-2 libsm6_2:1.2.2-1+b3 libsmartcols1_2.31.1-0.5 libsqlite3-0_3.23.1-1 libss2_1.44.1-2 libssh2-1_1.8.0-1 libssl1.0.2_1.0.2o-1 libssl1.1_1.1.0h-2 libstdc++-7-dev_7.3.0-17 libstdc++6_8-20180425-1 libsvm-dev_3.21+ds-1.1 libsvm3_3.21+ds-1.1 libsystemd0_238-4 libsz2_1.0.2-1 libtasn1-6_4.13-2 libtext-iconv-perl_1.7-5+b6 libthai-data_0.1.27-2 libthai0_0.1.27-2 libtiff5_4.0.9-5 libtimedate-perl_2.3000-2 libtinfo5_6.1+20180210-2 libtinfo6_6.1+20180210-2 libtool_2.4.6-2.1 libtsan0_8-20180425-1 libubsan0_7.3.0-17 libudev1_238-4 libunistring2_0.9.8-1 libustr-1.0-1_1.0.4-6 libuuid1_2.31.1-0.5 libvisio-0.1-1_0.1.6-1 libwebp6_0.6.1-2 libwpd-0.10-10_0.10.2-2 libwpg-0.3-3_0.3.1-3 libx11-6_2:1.6.5-1 libx11-data_2:1.6.5-1 libxau6_1:1.0.8-1+b2 libxaw7_2:1.0.13-1+b2 libxcb-render0_1.13-1 libxcb-shm0_1.13-1 libxcb1_1.13-1 libxcomposite1_1:0.4.4-2 libxcursor1_1:1.1.15-1 libxdamage1_1:1.1.4-3 libxdmcp6_1:1.1.2-3 libxdot4_2.40.1-3 libxext6_2:1.3.3-1+b2 libxfixes3_1:5.0.3-1 libxi6_2:1.7.9-1 libxinerama1_2:1.1.3-1+b3 libxml2_2.9.4+dfsg1-6.1 libxmu6_2:1.1.2-2 libxpm4_1:3.5.12-1 libxrandr2_2:1.5.1-1 libxrender1_1:0.9.10-1 libxslt1.1_1.1.29-5 libxt6_1:1.1.5-1 libzstd1_1.3.4+dfsg-1 linux-libc-dev_4.15.17-1 login_1:4.5-1 lsb-base_9.20170808 m4_1.4.18-1 make_4.2.1-1 man-db_2.8.3-2 man2html_1.6g-11 man2html-base_1.6g-11 mawk_1.3.3-17+b3 mime-support_3.60 mount_2.31.1-0.5 multiarch-support_2.27-3 ncurses-base_6.1+20180210-2 ncurses-bin_6.1+20180210-2 openssl_1.1.0h-2 passwd_1:4.5-1 patch_2.7.6-2 perl_5.26.2-3 perl-base_5.26.2-3 perl-modules-5.26_5.26.2-3 po-debconf_1.0.20 procps_2:3.3.14-1 python_2.7.15~rc1-1 python-alabaster_0.7.8-1 python-all_2.7.15~rc1-1 python-all-dev_2.7.15~rc1-1 python-babel_2.4.0+dfsg.1-2 python-babel-localedata_2.4.0+dfsg.1-2 python-backports.functools-lru-cache_1.4-2 python-certifi_2018.1.18-3 python-chardet_3.0.4-1 python-cycler_0.10.0-1 python-dateutil_2.6.1-1 python-decorator_4.1.2-1 python-dev_2.7.15~rc1-1 python-docutils_0.14+dfsg-3 python-funcsigs_1.0.2-4 python-h5py_2.7.1-2 python-idna_2.6-1 python-imagesize_0.7.1-1 python-jinja2_2.10-1 python-joblib_0.11-1 python-kiwisolver_1.0.1-2 python-lxml_4.2.1-1 python-markupsafe_1.0-1+b1 python-matplotlib_2.2.2-2 python-matplotlib-data_2.2.2-2 python-minimal_2.7.15~rc1-1 python-mock_2.0.0-3 python-nibabel_2.2.1-2 python-nose_1.3.7-4 python-numpy_1:1.13.3-2 python-numpydoc_0.7.0-1 python-packaging_17.1-1 python-pandas_0.22.0-6 python-pandas-lib_0.22.0-6 python-patsy_0.4.1+git34-ga5b54c2-1 python-pbr_3.1.1-4 python-pkg-resources_39.0.1-2 python-pygments_2.2.0+dfsg-1 python-pyparsing_2.2.0+dfsg1-2 python-requests_2.18.4-2 python-roman_2.0.0-3 python-scipy_0.19.1-2 python-six_1.11.0-2 python-sphinx_1.7.4-1 python-statsmodels_0.8.0-6 python-statsmodels-lib_0.8.0-6 python-subprocess32_3.2.7-3 python-typing_3.6.4-1 python-tz_2018.4-1 python-urllib3_1.22-1 python2.7_2.7.15-1 python2.7-dev_2.7.15-1 python2.7-minimal_2.7.15-1 python3_3.6.5-3 python3-minimal_3.6.5-3 python3.6_3.6.5-5 python3.6-minimal_3.6.5-5 readline-common_7.0-3 sbuild-build-depends-core-dummy_0.invalid.0 sbuild-build-depends-pymvpa2-dummy_0.invalid.0 sed_4.4-2 sensible-utils_0.0.12 sgml-base_1.29 shared-mime-info_1.9-2 sphinx-common_1.7.4-1 swig_3.0.12-1 swig3.0_3.0.12-1 sysvinit-utils_2.88dsf-59.10 tar_1.30+dfsg-1 ttf-bitstream-vera_1.10-8 tzdata_2018d-1 ucf_3.0038 util-linux_2.31.1-0.5 x11-common_1:7.7+19 xml-core_0.18 xz-utils_5.2.2-1.3 zlib1g_1:1.2.11.dfsg-1

+------------------------------------------------------------------------------+
| Build                                                                        |
+------------------------------------------------------------------------------+


Unpack source
-------------

gpgv: unknown type of key resource 'trustedkeys.kbx'
gpgv: keyblock resource '/sbuild-nonexistent/.gnupg/trustedkeys.kbx': General error
gpgv: Signature made Mon Feb  5 15:08:21 2018 UTC
gpgv:                using RSA key C5B905F0E8D9FD9668FF366FA2DE235062DA33FA
gpgv: Can't check signature: No public key
dpkg-source: warning: failed to verify signature on ./pymvpa2_2.6.4-2.dsc
dpkg-source: info: extracting pymvpa2 in /<<PKGBUILDDIR>>
dpkg-source: info: unpacking pymvpa2_2.6.4.orig.tar.gz
dpkg-source: info: unpacking pymvpa2_2.6.4-2.debian.tar.xz
dpkg-source: info: applying up_winner_is_croocked
dpkg-source: info: applying deb_no_twitter_privacy_breach
dpkg-source: info: applying 0001-ENH-make-scatter-robust-to-receiving-no-non-degenera.patch
dpkg-source: info: applying 0002-BF-also-return-early-if-something-happens-while-comp.patch

Check disk space
----------------

Sufficient free space for build

User Environment
----------------

APT_CONFIG=/var/lib/sbuild/apt.conf
HOME=/sbuild-nonexistent
LANG=en_US.UTF-8
LC_ALL=POSIX
LOGNAME=user42
PATH=/usr/local/sbin:/usr/local/bin:/usr/sbin:/usr/bin:/sbin:/bin:/usr/games
SCHROOT_ALIAS_NAME=unstable-amd64-sbuild
SCHROOT_CHROOT_NAME=unstable-amd64-sbuild
SCHROOT_COMMAND=env
SCHROOT_GID=1001
SCHROOT_GROUP=user42
SCHROOT_SESSION_ID=unstable-amd64-sbuild-bb6e41ef-3ffc-465c-859f-88d5059cfec5
SCHROOT_UID=1001
SCHROOT_USER=user42
SHELL=/bin/sh
USER=user42

dpkg-buildpackage
-----------------

dpkg-buildpackage: info: source package pymvpa2
dpkg-buildpackage: info: source version 2.6.4-2
dpkg-buildpackage: info: source distribution unstable
dpkg-buildpackage: info: source changed by Yaroslav Halchenko <debian@onerussian.com>
 dpkg-source --before-build pymvpa2-2.6.4
dpkg-buildpackage: info: host architecture amd64
dpkg-source: info: using options from pymvpa2-2.6.4/debian/source/options: --extend-diff-ignore=mvpa2/COMMIT_HASH
 fakeroot debian/rules clean
dh clean --with=python2 --buildsystem=python_distutils --builddirectory=build
   debian/rules override_dh_auto_clean
make[1]: Entering directory '/<<PKGBUILDDIR>>'
/usr/bin/make clean
make[2]: Entering directory '/<<PKGBUILDDIR>>'
/bin/sh: 1: git: not found
I: Performing clean operation
find 3rd -mindepth 1 -maxdepth 1  -type d | \
 while read d; do \
  [ -f "$d/Makefile" ] && /usr/bin/make -C "$d" clean || : ; \
     done
make[3]: Entering directory '/<<PKGBUILDDIR>>/3rd/libsvm'
rm -rf ../../build/libsvm
rm -f *-stamp
make[3]: Leaving directory '/<<PKGBUILDDIR>>/3rd/libsvm'
/usr/bin/make -C tools clean
make[3]: Entering directory '/<<PKGBUILDDIR>>/tools'
rm -f ../build/tools/pdfbook
make[3]: Leaving directory '/<<PKGBUILDDIR>>/tools'
/usr/bin/make -C doc/pics clean
make[3]: Entering directory '/<<PKGBUILDDIR>>/doc/pics'
for p in *.svg; do \
	rm -f ../source/pics/${p%*.svg}.pdf; \
	rm -f ../source/pics/${p%*.svg}.png; \
	rm -f ../source/pics/${p%*.svg}.jpg; \
done
for p in *.svg; do \
	rm -f ${p%*.svg}.pdf; \
	rm -f ${p%*.svg}.png; \
	rm -f ${p%*.svg}.jpg; \
	rm -f ../source/_static/${p%*.svg}.jpg; \
done
rm -f ../source/_static/*_icon.jpg *_icon.*
make[3]: Leaving directory '/<<PKGBUILDDIR>>/doc/pics'
/usr/bin/make -C doc clean
make[3]: Entering directory '/<<PKGBUILDDIR>>/doc'
rm -rf build source/generated source/intersphinx
rm generate-stamp
rm: cannot remove 'generate-stamp': No such file or directory
make[3]: [Makefile:35: clean] Error 1 (ignored)
make[3]: Leaving directory '/<<PKGBUILDDIR>>/doc'
make[2]: Leaving directory '/<<PKGBUILDDIR>>'
dh_auto_clean
	python setup.py clean -a
/usr/lib/python2.7/distutils/dist.py:267: UserWarning: Unknown distribution option: 'setup_requires'
  warnings.warn(msg)
/usr/lib/python2.7/distutils/dist.py:267: UserWarning: Unknown distribution option: 'install_requires'
  warnings.warn(msg)
running clean
'build/lib.linux-x86_64-2.7' does not exist -- can't clean it
'build/bdist.linux-x86_64' does not exist -- can't clean it
'build/scripts.linux-x86_64-2.7' does not exist -- can't clean it
	find . -name \*.pyc -exec rm {} \+
rm -rf /<<PKGBUILDDIR>>/build
make[1]: Leaving directory '/<<PKGBUILDDIR>>'
   dh_clean -O--buildsystem=python_distutils -O--builddirectory=build
 debian/rules build-arch
dh build-arch --with=python2 --buildsystem=python_distutils --builddirectory=build
   dh_update_autotools_config -a -O--buildsystem=python_distutils -O--builddirectory=build
   debian/rules override_dh_auto_configure
make[1]: Entering directory '/<<PKGBUILDDIR>>'
dh_auto_configure
mkdir -p /<<PKGBUILDDIR>>/build
cp -rp debian/intersphinx doc/source/
which swig >/dev/null || ln -s /usr/bin/swig2.0 /<<PKGBUILDDIR>>/build/swig
make[1]: Leaving directory '/<<PKGBUILDDIR>>'
   debian/rules override_dh_auto_build
make[1]: Entering directory '/<<PKGBUILDDIR>>'
dh_auto_build -- --with-libsvm
	python setup.py build --force --with-libsvm
/usr/lib/python2.7/distutils/dist.py:267: UserWarning: Unknown distribution option: 'setup_requires'
  warnings.warn(msg)
/usr/lib/python2.7/distutils/dist.py:267: UserWarning: Unknown distribution option: 'install_requires'
  warnings.warn(msg)
running build
running config_cc
unifing config_cc, config, build_clib, build_ext, build commands --compiler options
running config_fc
unifing config_fc, config, build_clib, build_ext, build commands --fcompiler options
running build_src
build_src
building extension "mvpa2.clfs.libsmlrc.smlrc" sources
building extension "mvpa2.clfs.libsvmc._svmc" sources
creating build/src.linux-x86_64-2.7
creating build/src.linux-x86_64-2.7/mvpa2
creating build/src.linux-x86_64-2.7/mvpa2/clfs
creating build/src.linux-x86_64-2.7/mvpa2/clfs/libsvmc
swig++: mvpa2/clfs/libsvmc/svmc.i
swig -python -I/usr/lib/python2.7/dist-packages/numpy/core/include -I/usr/include/libsvm-3.0/libsvm -I/usr/include/libsvm-2.0/libsvm -I/usr/include/libsvm -I/usr/local/include/libsvm -I/usr/local/include/libsvm-2.0/libsvm -I/usr/local/include -c++ -I/usr/lib/python2.7/dist-packages/numpy/core/include -I/usr/include/libsvm-3.0/libsvm -I/usr/include/libsvm-2.0/libsvm -I/usr/include/libsvm -I/usr/local/include/libsvm -I/usr/local/include/libsvm-2.0/libsvm -I/usr/local/include -o build/src.linux-x86_64-2.7/mvpa2/clfs/libsvmc/svmc_wrap.cpp -outdir build/src.linux-x86_64-2.7/mvpa2/clfs/libsvmc mvpa2/clfs/libsvmc/svmc.i
building data_files sources
build_src: building npy-pkg config files
running build_py
creating build/lib.linux-x86_64-2.7
creating build/lib.linux-x86_64-2.7/mvpa2
copying mvpa2/tutorial_suite.py -> build/lib.linux-x86_64-2.7/mvpa2
copying mvpa2/_random.py -> build/lib.linux-x86_64-2.7/mvpa2
copying mvpa2/__init__.py -> build/lib.linux-x86_64-2.7/mvpa2
copying mvpa2/suite.py -> build/lib.linux-x86_64-2.7/mvpa2
creating build/lib.linux-x86_64-2.7/mvpa2/algorithms
copying mvpa2/algorithms/hyperalignment.py -> build/lib.linux-x86_64-2.7/mvpa2/algorithms
copying mvpa2/algorithms/searchlight_hyperalignment.py -> build/lib.linux-x86_64-2.7/mvpa2/algorithms
copying mvpa2/algorithms/__init__.py -> build/lib.linux-x86_64-2.7/mvpa2/algorithms
copying mvpa2/algorithms/group_clusterthr.py -> build/lib.linux-x86_64-2.7/mvpa2/algorithms
creating build/lib.linux-x86_64-2.7/mvpa2/algorithms/benchmarks
copying mvpa2/algorithms/benchmarks/hyperalignment.py -> build/lib.linux-x86_64-2.7/mvpa2/algorithms/benchmarks
copying mvpa2/algorithms/benchmarks/__init__.py -> build/lib.linux-x86_64-2.7/mvpa2/algorithms/benchmarks
creating build/lib.linux-x86_64-2.7/mvpa2/atlases
copying mvpa2/atlases/__init__.py -> build/lib.linux-x86_64-2.7/mvpa2/atlases
copying mvpa2/atlases/transformation.py -> build/lib.linux-x86_64-2.7/mvpa2/atlases
copying mvpa2/atlases/fsl.py -> build/lib.linux-x86_64-2.7/mvpa2/atlases
copying mvpa2/atlases/base.py -> build/lib.linux-x86_64-2.7/mvpa2/atlases
copying mvpa2/atlases/warehouse.py -> build/lib.linux-x86_64-2.7/mvpa2/atlases
creating build/lib.linux-x86_64-2.7/mvpa2/base
copying mvpa2/base/learner.py -> build/lib.linux-x86_64-2.7/mvpa2/base
copying mvpa2/base/verbosity.py -> build/lib.linux-x86_64-2.7/mvpa2/base
copying mvpa2/base/config.py -> build/lib.linux-x86_64-2.7/mvpa2/base
copying mvpa2/base/dochelpers.py -> build/lib.linux-x86_64-2.7/mvpa2/base
copying mvpa2/base/state.py -> build/lib.linux-x86_64-2.7/mvpa2/base
copying mvpa2/base/attributes.py -> build/lib.linux-x86_64-2.7/mvpa2/base
copying mvpa2/base/__init__.py -> build/lib.linux-x86_64-2.7/mvpa2/base
copying mvpa2/base/collections.py -> build/lib.linux-x86_64-2.7/mvpa2/base
copying mvpa2/base/hdf5.py -> build/lib.linux-x86_64-2.7/mvpa2/base
copying mvpa2/base/dataset.py -> build/lib.linux-x86_64-2.7/mvpa2/base
copying mvpa2/base/info.py -> build/lib.linux-x86_64-2.7/mvpa2/base
copying mvpa2/base/report.py -> build/lib.linux-x86_64-2.7/mvpa2/base
copying mvpa2/base/node.py -> build/lib.linux-x86_64-2.7/mvpa2/base
copying mvpa2/base/param.py -> build/lib.linux-x86_64-2.7/mvpa2/base
copying mvpa2/base/report_dummy.py -> build/lib.linux-x86_64-2.7/mvpa2/base
copying mvpa2/base/types.py -> build/lib.linux-x86_64-2.7/mvpa2/base
copying mvpa2/base/constraints.py -> build/lib.linux-x86_64-2.7/mvpa2/base
copying mvpa2/base/externals.py -> build/lib.linux-x86_64-2.7/mvpa2/base
copying mvpa2/base/progress.py -> build/lib.linux-x86_64-2.7/mvpa2/base
creating build/lib.linux-x86_64-2.7/mvpa2/clfs
copying mvpa2/clfs/plr.py -> build/lib.linux-x86_64-2.7/mvpa2/clfs
copying mvpa2/clfs/stats.py -> build/lib.linux-x86_64-2.7/mvpa2/clfs
copying mvpa2/clfs/blr.py -> build/lib.linux-x86_64-2.7/mvpa2/clfs
copying mvpa2/clfs/glmnet.py -> build/lib.linux-x86_64-2.7/mvpa2/clfs
copying mvpa2/clfs/transerror.py -> build/lib.linux-x86_64-2.7/mvpa2/clfs
copying mvpa2/clfs/gpr.py -> build/lib.linux-x86_64-2.7/mvpa2/clfs
copying mvpa2/clfs/ridge.py -> build/lib.linux-x86_64-2.7/mvpa2/clfs
copying mvpa2/clfs/smlr.py -> build/lib.linux-x86_64-2.7/mvpa2/clfs
copying mvpa2/clfs/svm.py -> build/lib.linux-x86_64-2.7/mvpa2/clfs
copying mvpa2/clfs/similarity.py -> build/lib.linux-x86_64-2.7/mvpa2/clfs
copying mvpa2/clfs/enet.py -> build/lib.linux-x86_64-2.7/mvpa2/clfs
copying mvpa2/clfs/__init__.py -> build/lib.linux-x86_64-2.7/mvpa2/clfs
copying mvpa2/clfs/lars.py -> build/lib.linux-x86_64-2.7/mvpa2/clfs
copying mvpa2/clfs/dummies.py -> build/lib.linux-x86_64-2.7/mvpa2/clfs
copying mvpa2/clfs/gnb.py -> build/lib.linux-x86_64-2.7/mvpa2/clfs
copying mvpa2/clfs/_svmbase.py -> build/lib.linux-x86_64-2.7/mvpa2/clfs
copying mvpa2/clfs/gda.py -> build/lib.linux-x86_64-2.7/mvpa2/clfs
copying mvpa2/clfs/base.py -> build/lib.linux-x86_64-2.7/mvpa2/clfs
copying mvpa2/clfs/model_selector.py -> build/lib.linux-x86_64-2.7/mvpa2/clfs
copying mvpa2/clfs/meta.py -> build/lib.linux-x86_64-2.7/mvpa2/clfs
copying mvpa2/clfs/warehouse.py -> build/lib.linux-x86_64-2.7/mvpa2/clfs
copying mvpa2/clfs/distance.py -> build/lib.linux-x86_64-2.7/mvpa2/clfs
copying mvpa2/clfs/mass.py -> build/lib.linux-x86_64-2.7/mvpa2/clfs
copying mvpa2/clfs/knn.py -> build/lib.linux-x86_64-2.7/mvpa2/clfs
creating build/lib.linux-x86_64-2.7/mvpa2/clfs/libsmlrc
copying mvpa2/clfs/libsmlrc/ctypes_helper.py -> build/lib.linux-x86_64-2.7/mvpa2/clfs/libsmlrc
copying mvpa2/clfs/libsmlrc/__init__.py -> build/lib.linux-x86_64-2.7/mvpa2/clfs/libsmlrc
creating build/lib.linux-x86_64-2.7/mvpa2/clfs/libsvmc
copying mvpa2/clfs/libsvmc/sens.py -> build/lib.linux-x86_64-2.7/mvpa2/clfs/libsvmc
copying mvpa2/clfs/libsvmc/svm.py -> build/lib.linux-x86_64-2.7/mvpa2/clfs/libsvmc
copying mvpa2/clfs/libsvmc/_svm.py -> build/lib.linux-x86_64-2.7/mvpa2/clfs/libsvmc
copying mvpa2/clfs/libsvmc/__init__.py -> build/lib.linux-x86_64-2.7/mvpa2/clfs/libsvmc
copying build/src.linux-x86_64-2.7/mvpa2/clfs/libsvmc/svmc.py -> build/lib.linux-x86_64-2.7/mvpa2/clfs/libsvmc
creating build/lib.linux-x86_64-2.7/mvpa2/clfs/skl
copying mvpa2/clfs/skl/__init__.py -> build/lib.linux-x86_64-2.7/mvpa2/clfs/skl
copying mvpa2/clfs/skl/base.py -> build/lib.linux-x86_64-2.7/mvpa2/clfs/skl
creating build/lib.linux-x86_64-2.7/mvpa2/clfs/sg
copying mvpa2/clfs/sg/sens.py -> build/lib.linux-x86_64-2.7/mvpa2/clfs/sg
copying mvpa2/clfs/sg/svm.py -> build/lib.linux-x86_64-2.7/mvpa2/clfs/sg
copying mvpa2/clfs/sg/__init__.py -> build/lib.linux-x86_64-2.7/mvpa2/clfs/sg
creating build/lib.linux-x86_64-2.7/mvpa2/cmdline
copying mvpa2/cmdline/cmd_atlaslabeler.py -> build/lib.linux-x86_64-2.7/mvpa2/cmdline
copying mvpa2/cmdline/cmd_select.py -> build/lib.linux-x86_64-2.7/mvpa2/cmdline
copying mvpa2/cmdline/cmd_mkevds.py -> build/lib.linux-x86_64-2.7/mvpa2/cmdline
copying mvpa2/cmdline/cmd_crossval.py -> build/lib.linux-x86_64-2.7/mvpa2/cmdline
copying mvpa2/cmdline/cmd_searchlight.py -> build/lib.linux-x86_64-2.7/mvpa2/cmdline
copying mvpa2/cmdline/cmd_ttest.py -> build/lib.linux-x86_64-2.7/mvpa2/cmdline
copying mvpa2/cmdline/cmd_dump.py -> build/lib.linux-x86_64-2.7/mvpa2/cmdline
copying mvpa2/cmdline/cmd_describe.py -> build/lib.linux-x86_64-2.7/mvpa2/cmdline
copying mvpa2/cmdline/__init__.py -> build/lib.linux-x86_64-2.7/mvpa2/cmdline
copying mvpa2/cmdline/cmd_mkds.py -> build/lib.linux-x86_64-2.7/mvpa2/cmdline
copying mvpa2/cmdline/cmd_info.py -> build/lib.linux-x86_64-2.7/mvpa2/cmdline
copying mvpa2/cmdline/helpers.py -> build/lib.linux-x86_64-2.7/mvpa2/cmdline
copying mvpa2/cmdline/cmd_hyperalign.py -> build/lib.linux-x86_64-2.7/mvpa2/cmdline
copying mvpa2/cmdline/cmd_preproc.py -> build/lib.linux-x86_64-2.7/mvpa2/cmdline
copying mvpa2/cmdline/cmd_exec.py -> build/lib.linux-x86_64-2.7/mvpa2/cmdline
copying mvpa2/cmdline/cmd_scatter.py -> build/lib.linux-x86_64-2.7/mvpa2/cmdline
copying mvpa2/cmdline/cmd_plotmotionqc.py -> build/lib.linux-x86_64-2.7/mvpa2/cmdline
creating build/lib.linux-x86_64-2.7/mvpa2/datasets
copying mvpa2/datasets/eventrelated.py -> build/lib.linux-x86_64-2.7/mvpa2/datasets
copying mvpa2/datasets/formats.py -> build/lib.linux-x86_64-2.7/mvpa2/datasets
copying mvpa2/datasets/eep.py -> build/lib.linux-x86_64-2.7/mvpa2/datasets
copying mvpa2/datasets/gifti.py -> build/lib.linux-x86_64-2.7/mvpa2/datasets
copying mvpa2/datasets/channel.py -> build/lib.linux-x86_64-2.7/mvpa2/datasets
copying mvpa2/datasets/cosmo.py -> build/lib.linux-x86_64-2.7/mvpa2/datasets
copying mvpa2/datasets/__init__.py -> build/lib.linux-x86_64-2.7/mvpa2/datasets
copying mvpa2/datasets/miscfx.py -> build/lib.linux-x86_64-2.7/mvpa2/datasets
copying mvpa2/datasets/base.py -> build/lib.linux-x86_64-2.7/mvpa2/datasets
copying mvpa2/datasets/mri.py -> build/lib.linux-x86_64-2.7/mvpa2/datasets
copying mvpa2/datasets/eeglab.py -> build/lib.linux-x86_64-2.7/mvpa2/datasets
copying mvpa2/datasets/niml.py -> build/lib.linux-x86_64-2.7/mvpa2/datasets
creating build/lib.linux-x86_64-2.7/mvpa2/datasets/sources
copying mvpa2/datasets/sources/openfmri.py -> build/lib.linux-x86_64-2.7/mvpa2/datasets/sources
copying mvpa2/datasets/sources/skl_data.py -> build/lib.linux-x86_64-2.7/mvpa2/datasets/sources
copying mvpa2/datasets/sources/bids.py -> build/lib.linux-x86_64-2.7/mvpa2/datasets/sources
copying mvpa2/datasets/sources/__init__.py -> build/lib.linux-x86_64-2.7/mvpa2/datasets/sources
copying mvpa2/datasets/sources/native.py -> build/lib.linux-x86_64-2.7/mvpa2/datasets/sources
creating build/lib.linux-x86_64-2.7/mvpa2/featsel
copying mvpa2/featsel/__init__.py -> build/lib.linux-x86_64-2.7/mvpa2/featsel
copying mvpa2/featsel/rfe.py -> build/lib.linux-x86_64-2.7/mvpa2/featsel
copying mvpa2/featsel/helpers.py -> build/lib.linux-x86_64-2.7/mvpa2/featsel
copying mvpa2/featsel/ifs.py -> build/lib.linux-x86_64-2.7/mvpa2/featsel
copying mvpa2/featsel/base.py -> build/lib.linux-x86_64-2.7/mvpa2/featsel
creating build/lib.linux-x86_64-2.7/mvpa2/kernels
copying mvpa2/kernels/libsvm.py -> build/lib.linux-x86_64-2.7/mvpa2/kernels
copying mvpa2/kernels/np.py -> build/lib.linux-x86_64-2.7/mvpa2/kernels
copying mvpa2/kernels/sg.py -> build/lib.linux-x86_64-2.7/mvpa2/kernels
copying mvpa2/kernels/__init__.py -> build/lib.linux-x86_64-2.7/mvpa2/kernels
copying mvpa2/kernels/base.py -> build/lib.linux-x86_64-2.7/mvpa2/kernels
creating build/lib.linux-x86_64-2.7/mvpa2/mappers
copying mvpa2/mappers/shape.py -> build/lib.linux-x86_64-2.7/mvpa2/mappers
copying mvpa2/mappers/filters.py -> build/lib.linux-x86_64-2.7/mvpa2/mappers
copying mvpa2/mappers/som.py -> build/lib.linux-x86_64-2.7/mvpa2/mappers
copying mvpa2/mappers/procrustean.py -> build/lib.linux-x86_64-2.7/mvpa2/mappers
copying mvpa2/mappers/wavelet.py -> build/lib.linux-x86_64-2.7/mvpa2/mappers
copying mvpa2/mappers/slicing.py -> build/lib.linux-x86_64-2.7/mvpa2/mappers
copying mvpa2/mappers/prototype.py -> build/lib.linux-x86_64-2.7/mvpa2/mappers
copying mvpa2/mappers/staticprojection.py -> build/lib.linux-x86_64-2.7/mvpa2/mappers
copying mvpa2/mappers/skl_adaptor.py -> build/lib.linux-x86_64-2.7/mvpa2/mappers
copying mvpa2/mappers/detrend.py -> build/lib.linux-x86_64-2.7/mvpa2/mappers
copying mvpa2/mappers/fxy.py -> build/lib.linux-x86_64-2.7/mvpa2/mappers
copying mvpa2/mappers/fx.py -> build/lib.linux-x86_64-2.7/mvpa2/mappers
copying mvpa2/mappers/__init__.py -> build/lib.linux-x86_64-2.7/mvpa2/mappers
copying mvpa2/mappers/mdp_adaptor.py -> build/lib.linux-x86_64-2.7/mvpa2/mappers
copying mvpa2/mappers/lle.py -> build/lib.linux-x86_64-2.7/mvpa2/mappers
copying mvpa2/mappers/zscore.py -> build/lib.linux-x86_64-2.7/mvpa2/mappers
copying mvpa2/mappers/projection.py -> build/lib.linux-x86_64-2.7/mvpa2/mappers
copying mvpa2/mappers/base.py -> build/lib.linux-x86_64-2.7/mvpa2/mappers
copying mvpa2/mappers/svd.py -> build/lib.linux-x86_64-2.7/mvpa2/mappers
copying mvpa2/mappers/flatten.py -> build/lib.linux-x86_64-2.7/mvpa2/mappers
copying mvpa2/mappers/boxcar.py -> build/lib.linux-x86_64-2.7/mvpa2/mappers
creating build/lib.linux-x86_64-2.7/mvpa2/mappers/glm
copying mvpa2/mappers/glm/nipy_glm.py -> build/lib.linux-x86_64-2.7/mvpa2/mappers/glm
copying mvpa2/mappers/glm/__init__.py -> build/lib.linux-x86_64-2.7/mvpa2/mappers/glm
copying mvpa2/mappers/glm/statsmodels_glm.py -> build/lib.linux-x86_64-2.7/mvpa2/mappers/glm
creating build/lib.linux-x86_64-2.7/mvpa2/generators
copying mvpa2/generators/resampling.py -> build/lib.linux-x86_64-2.7/mvpa2/generators
copying mvpa2/generators/splitters.py -> build/lib.linux-x86_64-2.7/mvpa2/generators
copying mvpa2/generators/partition.py -> build/lib.linux-x86_64-2.7/mvpa2/generators
copying mvpa2/generators/permutation.py -> build/lib.linux-x86_64-2.7/mvpa2/generators
copying mvpa2/generators/__init__.py -> build/lib.linux-x86_64-2.7/mvpa2/generators
copying mvpa2/generators/base.py -> build/lib.linux-x86_64-2.7/mvpa2/generators
creating build/lib.linux-x86_64-2.7/mvpa2/measures
copying mvpa2/measures/adhocsearchlightbase.py -> build/lib.linux-x86_64-2.7/mvpa2/measures
copying mvpa2/measures/winner.py -> build/lib.linux-x86_64-2.7/mvpa2/measures
copying mvpa2/measures/rsa.py -> build/lib.linux-x86_64-2.7/mvpa2/measures
copying mvpa2/measures/searchlight.py -> build/lib.linux-x86_64-2.7/mvpa2/measures
copying mvpa2/measures/fx.py -> build/lib.linux-x86_64-2.7/mvpa2/measures
copying mvpa2/measures/noiseperturbation.py -> build/lib.linux-x86_64-2.7/mvpa2/measures
copying mvpa2/measures/statsmodels_adaptor.py -> build/lib.linux-x86_64-2.7/mvpa2/measures
copying mvpa2/measures/__init__.py -> build/lib.linux-x86_64-2.7/mvpa2/measures
copying mvpa2/measures/corrcoef.py -> build/lib.linux-x86_64-2.7/mvpa2/measures
copying mvpa2/measures/irelief.py -> build/lib.linux-x86_64-2.7/mvpa2/measures
copying mvpa2/measures/corrstability.py -> build/lib.linux-x86_64-2.7/mvpa2/measures
copying mvpa2/measures/gnbsearchlight.py -> build/lib.linux-x86_64-2.7/mvpa2/measures
copying mvpa2/measures/base.py -> build/lib.linux-x86_64-2.7/mvpa2/measures
copying mvpa2/measures/nnsearchlight.py -> build/lib.linux-x86_64-2.7/mvpa2/measures
copying mvpa2/measures/anova.py -> build/lib.linux-x86_64-2.7/mvpa2/measures
creating build/lib.linux-x86_64-2.7/mvpa2/misc
copying mvpa2/misc/vproperty.py -> build/lib.linux-x86_64-2.7/mvpa2/misc
copying mvpa2/misc/stats.py -> build/lib.linux-x86_64-2.7/mvpa2/misc
copying mvpa2/misc/cmdline.py -> build/lib.linux-x86_64-2.7/mvpa2/misc
copying mvpa2/misc/fx.py -> build/lib.linux-x86_64-2.7/mvpa2/misc
copying mvpa2/misc/exceptions.py -> build/lib.linux-x86_64-2.7/mvpa2/misc
copying mvpa2/misc/__init__.py -> build/lib.linux-x86_64-2.7/mvpa2/misc
copying mvpa2/misc/neighborhood.py -> build/lib.linux-x86_64-2.7/mvpa2/misc
copying mvpa2/misc/transformers.py -> build/lib.linux-x86_64-2.7/mvpa2/misc
copying mvpa2/misc/support.py -> build/lib.linux-x86_64-2.7/mvpa2/misc
copying mvpa2/misc/attrmap.py -> build/lib.linux-x86_64-2.7/mvpa2/misc
copying mvpa2/misc/data_generators.py -> build/lib.linux-x86_64-2.7/mvpa2/misc
copying mvpa2/misc/errorfx.py -> build/lib.linux-x86_64-2.7/mvpa2/misc
copying mvpa2/misc/sampleslookup.py -> build/lib.linux-x86_64-2.7/mvpa2/misc
copying mvpa2/misc/args.py -> build/lib.linux-x86_64-2.7/mvpa2/misc
copying mvpa2/misc/dcov.py -> build/lib.linux-x86_64-2.7/mvpa2/misc
creating build/lib.linux-x86_64-2.7/mvpa2/misc/bv
copying mvpa2/misc/bv/__init__.py -> build/lib.linux-x86_64-2.7/mvpa2/misc/bv
copying mvpa2/misc/bv/base.py -> build/lib.linux-x86_64-2.7/mvpa2/misc/bv
creating build/lib.linux-x86_64-2.7/mvpa2/misc/fsl
copying mvpa2/misc/fsl/melodic.py -> build/lib.linux-x86_64-2.7/mvpa2/misc/fsl
copying mvpa2/misc/fsl/flobs.py -> build/lib.linux-x86_64-2.7/mvpa2/misc/fsl
copying mvpa2/misc/fsl/__init__.py -> build/lib.linux-x86_64-2.7/mvpa2/misc/fsl
copying mvpa2/misc/fsl/base.py -> build/lib.linux-x86_64-2.7/mvpa2/misc/fsl
creating build/lib.linux-x86_64-2.7/mvpa2/misc/io
copying mvpa2/misc/io/__init__.py -> build/lib.linux-x86_64-2.7/mvpa2/misc/io
copying mvpa2/misc/io/meg.py -> build/lib.linux-x86_64-2.7/mvpa2/misc/io
copying mvpa2/misc/io/base.py -> build/lib.linux-x86_64-2.7/mvpa2/misc/io
creating build/lib.linux-x86_64-2.7/mvpa2/misc/plot
copying mvpa2/misc/plot/topo.py -> build/lib.linux-x86_64-2.7/mvpa2/misc/plot
copying mvpa2/misc/plot/flat_surf.py -> build/lib.linux-x86_64-2.7/mvpa2/misc/plot
copying mvpa2/misc/plot/scatter.py -> build/lib.linux-x86_64-2.7/mvpa2/misc/plot
copying mvpa2/misc/plot/__init__.py -> build/lib.linux-x86_64-2.7/mvpa2/misc/plot
copying mvpa2/misc/plot/tools.py -> build/lib.linux-x86_64-2.7/mvpa2/misc/plot
copying mvpa2/misc/plot/base.py -> build/lib.linux-x86_64-2.7/mvpa2/misc/plot
copying mvpa2/misc/plot/lightbox.py -> build/lib.linux-x86_64-2.7/mvpa2/misc/plot
copying mvpa2/misc/plot/erp.py -> build/lib.linux-x86_64-2.7/mvpa2/misc/plot
creating build/lib.linux-x86_64-2.7/mvpa2/misc/surfing
copying mvpa2/misc/surfing/surf_voxel_selection.py -> build/lib.linux-x86_64-2.7/mvpa2/misc/surfing
copying mvpa2/misc/surfing/volume_mask_dict.py -> build/lib.linux-x86_64-2.7/mvpa2/misc/surfing
copying mvpa2/misc/surfing/__init__.py -> build/lib.linux-x86_64-2.7/mvpa2/misc/surfing
copying mvpa2/misc/surfing/volgeom.py -> build/lib.linux-x86_64-2.7/mvpa2/misc/surfing
copying mvpa2/misc/surfing/queryengine.py -> build/lib.linux-x86_64-2.7/mvpa2/misc/surfing
copying mvpa2/misc/surfing/volsurf.py -> build/lib.linux-x86_64-2.7/mvpa2/misc/surfing
creating build/lib.linux-x86_64-2.7/mvpa2/sandbox
copying mvpa2/sandbox/__init__.py -> build/lib.linux-x86_64-2.7/mvpa2/sandbox
copying mvpa2/sandbox/multiclass.py -> build/lib.linux-x86_64-2.7/mvpa2/sandbox
creating build/lib.linux-x86_64-2.7/mvpa2/support
copying mvpa2/support/pylab.py -> build/lib.linux-x86_64-2.7/mvpa2/support
copying mvpa2/support/utils.py -> build/lib.linux-x86_64-2.7/mvpa2/support
copying mvpa2/support/_emp_null.py -> build/lib.linux-x86_64-2.7/mvpa2/support
copying mvpa2/support/lapack_svd.py -> build/lib.linux-x86_64-2.7/mvpa2/support
copying mvpa2/support/due.py -> build/lib.linux-x86_64-2.7/mvpa2/support
copying mvpa2/support/_copy.py -> build/lib.linux-x86_64-2.7/mvpa2/support
copying mvpa2/support/__init__.py -> build/lib.linux-x86_64-2.7/mvpa2/support
copying mvpa2/support/griddata.py -> build/lib.linux-x86_64-2.7/mvpa2/support
copying mvpa2/support/copy.py -> build/lib.linux-x86_64-2.7/mvpa2/support
copying mvpa2/support/rpy2_addons.py -> build/lib.linux-x86_64-2.7/mvpa2/support
creating build/lib.linux-x86_64-2.7/mvpa2/support/afni
copying mvpa2/support/afni/suma_setup_instacorr.py -> build/lib.linux-x86_64-2.7/mvpa2/support/afni
copying mvpa2/support/afni/afni_utils.py -> build/lib.linux-x86_64-2.7/mvpa2/support/afni
copying mvpa2/support/afni/afni_surface_alphasim.py -> build/lib.linux-x86_64-2.7/mvpa2/support/afni
copying mvpa2/support/afni/lib_plot_slices.py -> build/lib.linux-x86_64-2.7/mvpa2/support/afni
copying mvpa2/support/afni/__init__.py -> build/lib.linux-x86_64-2.7/mvpa2/support/afni
copying mvpa2/support/afni/lib_prep_afni_surf.py -> build/lib.linux-x86_64-2.7/mvpa2/support/afni
creating build/lib.linux-x86_64-2.7/mvpa2/support/bayes
copying mvpa2/support/bayes/partial_independence.py -> build/lib.linux-x86_64-2.7/mvpa2/support/bayes
copying mvpa2/support/bayes/__init__.py -> build/lib.linux-x86_64-2.7/mvpa2/support/bayes
copying mvpa2/support/bayes/partitioner.py -> build/lib.linux-x86_64-2.7/mvpa2/support/bayes
copying mvpa2/support/bayes/multivariate_polya.py -> build/lib.linux-x86_64-2.7/mvpa2/support/bayes
creating build/lib.linux-x86_64-2.7/mvpa2/support/nipy
copying mvpa2/support/nipy/__init__.py -> build/lib.linux-x86_64-2.7/mvpa2/support/nipy
creating build/lib.linux-x86_64-2.7/mvpa2/support/ipython
copying mvpa2/support/ipython/ipy_pymvpa_completer.py -> build/lib.linux-x86_64-2.7/mvpa2/support/ipython
copying mvpa2/support/ipython/__init__.py -> build/lib.linux-x86_64-2.7/mvpa2/support/ipython
creating build/lib.linux-x86_64-2.7/mvpa2/support/nibabel
copying mvpa2/support/nibabel/surf_caret.py -> build/lib.linux-x86_64-2.7/mvpa2/support/nibabel
copying mvpa2/support/nibabel/afni_niml_roi.py -> build/lib.linux-x86_64-2.7/mvpa2/support/nibabel
copying mvpa2/support/nibabel/surf_gifti.py -> build/lib.linux-x86_64-2.7/mvpa2/support/nibabel
copying mvpa2/support/nibabel/surf_fs_asc.py -> build/lib.linux-x86_64-2.7/mvpa2/support/nibabel
copying mvpa2/support/nibabel/afni_niml.py -> build/lib.linux-x86_64-2.7/mvpa2/support/nibabel
copying mvpa2/support/nibabel/afni_suma_1d.py -> build/lib.linux-x86_64-2.7/mvpa2/support/nibabel
copying mvpa2/support/nibabel/afni_niml_dset.py -> build/lib.linux-x86_64-2.7/mvpa2/support/nibabel
copying mvpa2/support/nibabel/__init__.py -> build/lib.linux-x86_64-2.7/mvpa2/support/nibabel
copying mvpa2/support/nibabel/afni_suma_spec.py -> build/lib.linux-x86_64-2.7/mvpa2/support/nibabel
copying mvpa2/support/nibabel/afni_niml_annot.py -> build/lib.linux-x86_64-2.7/mvpa2/support/nibabel
copying mvpa2/support/nibabel/afni_niml_types.py -> build/lib.linux-x86_64-2.7/mvpa2/support/nibabel
copying mvpa2/support/nibabel/surf.py -> build/lib.linux-x86_64-2.7/mvpa2/support/nibabel
creating build/lib.linux-x86_64-2.7/mvpa2/support/scipy
copying mvpa2/support/scipy/_arraytools.py -> build/lib.linux-x86_64-2.7/mvpa2/support/scipy
copying mvpa2/support/scipy/stats.py -> build/lib.linux-x86_64-2.7/mvpa2/support/scipy
copying mvpa2/support/scipy/__init__.py -> build/lib.linux-x86_64-2.7/mvpa2/support/scipy
copying mvpa2/support/scipy/signal.py -> build/lib.linux-x86_64-2.7/mvpa2/support/scipy
creating build/lib.linux-x86_64-2.7/mvpa2/testing
copying mvpa2/testing/clfs.py -> build/lib.linux-x86_64-2.7/mvpa2/testing
copying mvpa2/testing/datasets.py -> build/lib.linux-x86_64-2.7/mvpa2/testing
copying mvpa2/testing/regress.py -> build/lib.linux-x86_64-2.7/mvpa2/testing
copying mvpa2/testing/__init__.py -> build/lib.linux-x86_64-2.7/mvpa2/testing
copying mvpa2/testing/sweep.py -> build/lib.linux-x86_64-2.7/mvpa2/testing
copying mvpa2/testing/tools.py -> build/lib.linux-x86_64-2.7/mvpa2/testing
creating build/lib.linux-x86_64-2.7/mvpa2/tests
copying mvpa2/tests/test_suite.py -> build/lib.linux-x86_64-2.7/mvpa2/tests
copying mvpa2/tests/test_surfing_voxelselection.py -> build/lib.linux-x86_64-2.7/mvpa2/tests
copying mvpa2/tests/test_glmnet.py -> build/lib.linux-x86_64-2.7/mvpa2/tests
copying mvpa2/tests/test_boxcarmapper.py -> build/lib.linux-x86_64-2.7/mvpa2/tests
copying mvpa2/tests/runner.py -> build/lib.linux-x86_64-2.7/mvpa2/tests
copying mvpa2/tests/test_attrmap.py -> build/lib.linux-x86_64-2.7/mvpa2/tests
copying mvpa2/tests/test_datasetfx.py -> build/lib.linux-x86_64-2.7/mvpa2/tests
copying mvpa2/tests/test_svm.py -> build/lib.linux-x86_64-2.7/mvpa2/tests
copying mvpa2/tests/test_hdf5.py -> build/lib.linux-x86_64-2.7/mvpa2/tests
copying mvpa2/tests/test_cmdline_ttest.py -> build/lib.linux-x86_64-2.7/mvpa2/tests
copying mvpa2/tests/test_progress.py -> build/lib.linux-x86_64-2.7/mvpa2/tests
copying mvpa2/tests/test_hyperalignment.py -> build/lib.linux-x86_64-2.7/mvpa2/tests
copying mvpa2/tests/test_filters.py -> build/lib.linux-x86_64-2.7/mvpa2/tests
copying mvpa2/tests/test_fxmeasure.py -> build/lib.linux-x86_64-2.7/mvpa2/tests
copying mvpa2/tests/test_hdf5_clf.py -> build/lib.linux-x86_64-2.7/mvpa2/tests
copying mvpa2/tests/test_lars.py -> build/lib.linux-x86_64-2.7/mvpa2/tests
copying mvpa2/tests/test_mapper.py -> build/lib.linux-x86_64-2.7/mvpa2/tests
copying mvpa2/tests/test_datameasure.py -> build/lib.linux-x86_64-2.7/mvpa2/tests
copying mvpa2/tests/test_eeglab.py -> build/lib.linux-x86_64-2.7/mvpa2/tests
copying mvpa2/tests/test_knn.py -> build/lib.linux-x86_64-2.7/mvpa2/tests
copying mvpa2/tests/test_staticprojection.py -> build/lib.linux-x86_64-2.7/mvpa2/tests
copying mvpa2/tests/test_misc_plot.py -> build/lib.linux-x86_64-2.7/mvpa2/tests
copying mvpa2/tests/test_usecases.py -> build/lib.linux-x86_64-2.7/mvpa2/tests
copying mvpa2/tests/test_cmdline.py -> build/lib.linux-x86_64-2.7/mvpa2/tests
copying mvpa2/tests/test_stats.py -> build/lib.linux-x86_64-2.7/mvpa2/tests
copying mvpa2/tests/test_svmkernels.py -> build/lib.linux-x86_64-2.7/mvpa2/tests
copying mvpa2/tests/test_clfcrossval.py -> build/lib.linux-x86_64-2.7/mvpa2/tests
copying mvpa2/tests/test_senses.py -> build/lib.linux-x86_64-2.7/mvpa2/tests
copying mvpa2/tests/test_surfing_afni.py -> build/lib.linux-x86_64-2.7/mvpa2/tests
copying mvpa2/tests/test_atlases.py -> build/lib.linux-x86_64-2.7/mvpa2/tests
copying mvpa2/tests/test_config.py -> build/lib.linux-x86_64-2.7/mvpa2/tests
copying mvpa2/tests/test_procrust.py -> build/lib.linux-x86_64-2.7/mvpa2/tests
copying mvpa2/tests/test_externals.py -> build/lib.linux-x86_64-2.7/mvpa2/tests
copying mvpa2/tests/test_testing.py -> build/lib.linux-x86_64-2.7/mvpa2/tests
copying mvpa2/tests/test_constraints.py -> build/lib.linux-x86_64-2.7/mvpa2/tests
copying mvpa2/tests/test_lib_afni.py -> build/lib.linux-x86_64-2.7/mvpa2/tests
copying mvpa2/tests/test_ifs.py -> build/lib.linux-x86_64-2.7/mvpa2/tests
copying mvpa2/tests/test_smlr.py -> build/lib.linux-x86_64-2.7/mvpa2/tests
copying mvpa2/tests/test_base.py -> build/lib.linux-x86_64-2.7/mvpa2/tests
copying mvpa2/tests/test_splitter.py -> build/lib.linux-x86_64-2.7/mvpa2/tests
copying mvpa2/tests/test_neighborhood.py -> build/lib.linux-x86_64-2.7/mvpa2/tests
copying mvpa2/tests/test_datasrcs.py -> build/lib.linux-x86_64-2.7/mvpa2/tests
copying mvpa2/tests/test_compound.py -> build/lib.linux-x86_64-2.7/mvpa2/tests
copying mvpa2/tests/test_niftidataset.py -> build/lib.linux-x86_64-2.7/mvpa2/tests
copying mvpa2/tests/test_viz.py -> build/lib.linux-x86_64-2.7/mvpa2/tests
copying mvpa2/tests/test_mdp.py -> build/lib.linux-x86_64-2.7/mvpa2/tests
copying mvpa2/tests/test_zscoremapper.py -> build/lib.linux-x86_64-2.7/mvpa2/tests
copying mvpa2/tests/test_report.py -> build/lib.linux-x86_64-2.7/mvpa2/tests
copying mvpa2/tests/test_surfing_surface.py -> build/lib.linux-x86_64-2.7/mvpa2/tests
copying mvpa2/tests/test_collections.py -> build/lib.linux-x86_64-2.7/mvpa2/tests
copying mvpa2/tests/test_regr.py -> build/lib.linux-x86_64-2.7/mvpa2/tests
copying mvpa2/tests/test_fxmapper.py -> build/lib.linux-x86_64-2.7/mvpa2/tests
copying mvpa2/tests/test_searchlight_hyperalignment.py -> build/lib.linux-x86_64-2.7/mvpa2/tests
copying mvpa2/tests/__init__.py -> build/lib.linux-x86_64-2.7/mvpa2/tests
copying mvpa2/tests/test_misc.py -> build/lib.linux-x86_64-2.7/mvpa2/tests
copying mvpa2/tests/test_multiclf.py -> build/lib.linux-x86_64-2.7/mvpa2/tests
copying mvpa2/tests/test_bids.py -> build/lib.linux-x86_64-2.7/mvpa2/tests
copying mvpa2/tests/test_verbosity.py -> build/lib.linux-x86_64-2.7/mvpa2/tests
copying mvpa2/tests/test_enet.py -> build/lib.linux-x86_64-2.7/mvpa2/tests
copying mvpa2/tests/test_searchlight.py -> build/lib.linux-x86_64-2.7/mvpa2/tests
copying mvpa2/tests/test_kernel.py -> build/lib.linux-x86_64-2.7/mvpa2/tests
copying mvpa2/tests/test_gpr.py -> build/lib.linux-x86_64-2.7/mvpa2/tests
copying mvpa2/tests/test_waveletmapper.py -> build/lib.linux-x86_64-2.7/mvpa2/tests
copying mvpa2/tests/test_iohelpers.py -> build/lib.linux-x86_64-2.7/mvpa2/tests
copying mvpa2/tests/test_cosmo.py -> build/lib.linux-x86_64-2.7/mvpa2/tests
copying mvpa2/tests/test_rfe.py -> build/lib.linux-x86_64-2.7/mvpa2/tests
copying mvpa2/tests/test_giftidataset.py -> build/lib.linux-x86_64-2.7/mvpa2/tests
copying mvpa2/tests/test_state.py -> build/lib.linux-x86_64-2.7/mvpa2/tests
copying mvpa2/tests/test_ridge.py -> build/lib.linux-x86_64-2.7/mvpa2/tests
copying mvpa2/tests/test_args.py -> build/lib.linux-x86_64-2.7/mvpa2/tests
copying mvpa2/tests/test_eepdataset.py -> build/lib.linux-x86_64-2.7/mvpa2/tests
copying mvpa2/tests/test_corrstability.py -> build/lib.linux-x86_64-2.7/mvpa2/tests
copying mvpa2/tests/test_openfmri.py -> build/lib.linux-x86_64-2.7/mvpa2/tests
copying mvpa2/tests/test_svdmapper.py -> build/lib.linux-x86_64-2.7/mvpa2/tests
copying mvpa2/tests/test_mapper_sp.py -> build/lib.linux-x86_64-2.7/mvpa2/tests
copying mvpa2/tests/test_perturbsensana.py -> build/lib.linux-x86_64-2.7/mvpa2/tests
copying mvpa2/tests/test_params.py -> build/lib.linux-x86_64-2.7/mvpa2/tests
copying mvpa2/tests/test_dcov.py -> build/lib.linux-x86_64-2.7/mvpa2/tests
copying mvpa2/tests/test_benchmarks_hyperalignment.py -> build/lib.linux-x86_64-2.7/mvpa2/tests
copying mvpa2/tests/test_stats_sp.py -> build/lib.linux-x86_64-2.7/mvpa2/tests
copying mvpa2/tests/test_transerror.py -> build/lib.linux-x86_64-2.7/mvpa2/tests
copying mvpa2/tests/test_errorfx.py -> build/lib.linux-x86_64-2.7/mvpa2/tests
copying mvpa2/tests/test_som.py -> build/lib.linux-x86_64-2.7/mvpa2/tests
copying mvpa2/tests/test_transformers.py -> build/lib.linux-x86_64-2.7/mvpa2/tests
copying mvpa2/tests/test_meg.py -> build/lib.linux-x86_64-2.7/mvpa2/tests
copying mvpa2/tests/test_misc_scatter.py -> build/lib.linux-x86_64-2.7/mvpa2/tests
copying mvpa2/tests/test_clf.py -> build/lib.linux-x86_64-2.7/mvpa2/tests
copying mvpa2/tests/test_winner.py -> build/lib.linux-x86_64-2.7/mvpa2/tests
copying mvpa2/tests/test_prototypemapper.py -> build/lib.linux-x86_64-2.7/mvpa2/tests
copying mvpa2/tests/test_emp_null.py -> build/lib.linux-x86_64-2.7/mvpa2/tests
copying mvpa2/tests/test_dataset_formats.py -> build/lib.linux-x86_64-2.7/mvpa2/tests
copying mvpa2/tests/test_arraymapper.py -> build/lib.linux-x86_64-2.7/mvpa2/tests
copying mvpa2/tests/test_dochelpers.py -> build/lib.linux-x86_64-2.7/mvpa2/tests
copying mvpa2/tests/test_generators.py -> build/lib.linux-x86_64-2.7/mvpa2/tests
copying mvpa2/tests/test_erdataset.py -> build/lib.linux-x86_64-2.7/mvpa2/tests
copying mvpa2/tests/test_support.py -> build/lib.linux-x86_64-2.7/mvpa2/tests
copying mvpa2/tests/test_surfing.py -> build/lib.linux-x86_64-2.7/mvpa2/tests
copying mvpa2/tests/test_gnb.py -> build/lib.linux-x86_64-2.7/mvpa2/tests
copying mvpa2/tests/test_datasetng.py -> build/lib.linux-x86_64-2.7/mvpa2/tests
copying mvpa2/tests/test_glmmapper.py -> build/lib.linux-x86_64-2.7/mvpa2/tests
copying mvpa2/tests/test_rsa.py -> build/lib.linux-x86_64-2.7/mvpa2/tests
copying mvpa2/tests/test_plr.py -> build/lib.linux-x86_64-2.7/mvpa2/tests
copying mvpa2/tests/test_group_clusterthr.py -> build/lib.linux-x86_64-2.7/mvpa2/tests
package init file 'mvpa2/tests/badexternals/__init__.py' not found (or not a regular file)
creating build/lib.linux-x86_64-2.7/mvpa2/tests/badexternals
copying mvpa2/tests/badexternals/pandas.py -> build/lib.linux-x86_64-2.7/mvpa2/tests/badexternals
copying mvpa2/tests/badexternals/cPickle_disabled.py -> build/lib.linux-x86_64-2.7/mvpa2/tests/badexternals
copying mvpa2/tests/badexternals/nifti.py -> build/lib.linux-x86_64-2.7/mvpa2/tests/badexternals
copying mvpa2/tests/badexternals/libsvm.py -> build/lib.linux-x86_64-2.7/mvpa2/tests/badexternals
copying mvpa2/tests/badexternals/weave.py -> build/lib.linux-x86_64-2.7/mvpa2/tests/badexternals
copying mvpa2/tests/badexternals/pylab.py -> build/lib.linux-x86_64-2.7/mvpa2/tests/badexternals
copying mvpa2/tests/badexternals/openopt.py -> build/lib.linux-x86_64-2.7/mvpa2/tests/badexternals
copying mvpa2/tests/badexternals/rpy.py -> build/lib.linux-x86_64-2.7/mvpa2/tests/badexternals
copying mvpa2/tests/badexternals/shogun.py -> build/lib.linux-x86_64-2.7/mvpa2/tests/badexternals
copying mvpa2/tests/badexternals/nipy.py -> build/lib.linux-x86_64-2.7/mvpa2/tests/badexternals
copying mvpa2/tests/badexternals/reportlab.py -> build/lib.linux-x86_64-2.7/mvpa2/tests/badexternals
copying mvpa2/tests/badexternals/sklearn.py -> build/lib.linux-x86_64-2.7/mvpa2/tests/badexternals
copying mvpa2/tests/badexternals/statsmodels.py -> build/lib.linux-x86_64-2.7/mvpa2/tests/badexternals
copying mvpa2/tests/badexternals/psutil.py -> build/lib.linux-x86_64-2.7/mvpa2/tests/badexternals
copying mvpa2/tests/badexternals/pprocess.py -> build/lib.linux-x86_64-2.7/mvpa2/tests/badexternals
copying mvpa2/tests/badexternals/mdp.py -> build/lib.linux-x86_64-2.7/mvpa2/tests/badexternals
copying mvpa2/tests/badexternals/scipy.py -> build/lib.linux-x86_64-2.7/mvpa2/tests/badexternals
copying mvpa2/tests/badexternals/hcluster.py -> build/lib.linux-x86_64-2.7/mvpa2/tests/badexternals
copying mvpa2/tests/badexternals/rpy2.py -> build/lib.linux-x86_64-2.7/mvpa2/tests/badexternals
copying mvpa2/tests/badexternals/griddata.py -> build/lib.linux-x86_64-2.7/mvpa2/tests/badexternals
copying mvpa2/tests/badexternals/skimage.py -> build/lib.linux-x86_64-2.7/mvpa2/tests/badexternals
copying mvpa2/tests/badexternals/lxml.py -> build/lib.linux-x86_64-2.7/mvpa2/tests/badexternals
copying mvpa2/tests/badexternals/pywt.py -> build/lib.linux-x86_64-2.7/mvpa2/tests/badexternals
copying mvpa2/tests/badexternals/nibabel.py -> build/lib.linux-x86_64-2.7/mvpa2/tests/badexternals
copying mvpa2/tests/badexternals/h5py.py -> build/lib.linux-x86_64-2.7/mvpa2/tests/badexternals
creating build/lib.linux-x86_64-2.7/mvpa2/viz
copying mvpa2/viz/__init__.py -> build/lib.linux-x86_64-2.7/mvpa2/viz
package init file 'mvpa2/tests/badexternals/__init__.py' not found (or not a regular file)
running build_ext
customize UnixCCompiler
customize UnixCCompiler using build_ext
customize UnixCCompiler
customize UnixCCompiler using build_ext
building 'mvpa2.clfs.libsmlrc.smlrc' extension
compiling C sources
C compiler: x86_64-linux-gnu-gcc -pthread -DNDEBUG -g -fwrapv -O2 -Wall -Wstrict-prototypes -fno-strict-aliasing -g -O2 -fdebug-prefix-map=/<<PKGBUILDDIR>>=. -fstack-protector-strong -Wformat -Werror=format-security -Wdate-time -D_FORTIFY_SOURCE=2 -fPIC

creating build/temp.linux-x86_64-2.7
creating build/temp.linux-x86_64-2.7/mvpa2
creating build/temp.linux-x86_64-2.7/mvpa2/clfs
creating build/temp.linux-x86_64-2.7/mvpa2/clfs/libsmlrc
compile options: '-I/usr/lib/python2.7/dist-packages/numpy/core/include -I/usr/include/python2.7 -c'
x86_64-linux-gnu-gcc: mvpa2/clfs/libsmlrc/smlr.c
x86_64-linux-gnu-gcc -pthread -shared -Wl,-O1 -Wl,-Bsymbolic-functions -Wl,-z,relro -fno-strict-aliasing -DNDEBUG -g -fwrapv -O2 -Wall -Wstrict-prototypes -Wdate-time -D_FORTIFY_SOURCE=2 -g -fdebug-prefix-map=/build/python2.7-jgBwco/python2.7-2.7.15=. -fstack-protector-strong -Wformat -Werror=format-security -Wl,-z,relro -g -O2 -fdebug-prefix-map=/<<PKGBUILDDIR>>=. -fstack-protector-strong -Wformat -Werror=format-security -Wdate-time -D_FORTIFY_SOURCE=2 build/temp.linux-x86_64-2.7/mvpa2/clfs/libsmlrc/smlr.o -lm -o build/lib.linux-x86_64-2.7/mvpa2/clfs/libsmlrc/smlrc.so
building 'mvpa2.clfs.libsvmc._svmc' extension
compiling C++ sources
C compiler: x86_64-linux-gnu-g++ -pthread -DNDEBUG -g -fwrapv -O2 -Wall -fno-strict-aliasing -g -O2 -fdebug-prefix-map=/<<PKGBUILDDIR>>=. -fstack-protector-strong -Wformat -Werror=format-security -Wdate-time -D_FORTIFY_SOURCE=2 -fPIC

creating build/temp.linux-x86_64-2.7/build
creating build/temp.linux-x86_64-2.7/build/src.linux-x86_64-2.7
creating build/temp.linux-x86_64-2.7/build/src.linux-x86_64-2.7/mvpa2
creating build/temp.linux-x86_64-2.7/build/src.linux-x86_64-2.7/mvpa2/clfs
creating build/temp.linux-x86_64-2.7/build/src.linux-x86_64-2.7/mvpa2/clfs/libsvmc
compile options: '-I/usr/lib/python2.7/dist-packages/numpy/core/include -I/usr/include/libsvm-3.0/libsvm -I/usr/include/libsvm-2.0/libsvm -I/usr/include/libsvm -I/usr/local/include/libsvm -I/usr/local/include/libsvm-2.0/libsvm -I/usr/local/include -I/usr/lib/python2.7/dist-packages/numpy/core/include -I/usr/include/python2.7 -c'
x86_64-linux-gnu-g++: build/src.linux-x86_64-2.7/mvpa2/clfs/libsvmc/svmc_wrap.cpp
In file included from build/src.linux-x86_64-2.7/mvpa2/clfs/libsvmc/svmc_wrap.cpp:173:
In file included from /usr/include/python2.7/Python.h:88:
/usr/include/python2.7/unicodeobject.h:534:5: warning: 'register' storage class specifier is deprecated and incompatible with C++17 [-Wdeprecated-register]
    register PyObject *obj,     /* Object */
    ^~~~~~~~~
/usr/include/python2.7/unicodeobject.h:553:5: warning: 'register' storage class specifier is deprecated and incompatible with C++17 [-Wdeprecated-register]
    register PyObject *obj      /* Object */
    ^~~~~~~~~
/usr/include/python2.7/unicodeobject.h:575:5: warning: 'register' storage class specifier is deprecated and incompatible with C++17 [-Wdeprecated-register]
    register const wchar_t *w,  /* wchar_t buffer */
    ^~~~~~~~~
/usr/include/python2.7/unicodeobject.h:593:5: warning: 'register' storage class specifier is deprecated and incompatible with C++17 [-Wdeprecated-register]
    register wchar_t *w,        /* wchar_t buffer */
    ^~~~~~~~~
In file included from build/src.linux-x86_64-2.7/mvpa2/clfs/libsvmc/svmc_wrap.cpp:173:
In file included from /usr/include/python2.7/Python.h:97:
/usr/include/python2.7/stringobject.h:173:5: warning: 'register' storage class specifier is deprecated and incompatible with C++17 [-Wdeprecated-register]
    register PyObject *obj,     /* string or Unicode object */
    ^~~~~~~~~
/usr/include/python2.7/stringobject.h:174:5: warning: 'register' storage class specifier is deprecated and incompatible with C++17 [-Wdeprecated-register]
    register char **s,          /* pointer to buffer variable */
    ^~~~~~~~~
/usr/include/python2.7/stringobject.h:175:5: warning: 'register' storage class specifier is deprecated and incompatible with C++17 [-Wdeprecated-register]
    register Py_ssize_t *len    /* pointer to length variable or NULL
    ^~~~~~~~~
In file included from build/src.linux-x86_64-2.7/mvpa2/clfs/libsvmc/svmc_wrap.cpp:3123:
In file included from /usr/lib/python2.7/dist-packages/numpy/core/include/numpy/arrayobject.h:4:
In file included from /usr/lib/python2.7/dist-packages/numpy/core/include/numpy/ndarrayobject.h:18:
In file included from /usr/lib/python2.7/dist-packages/numpy/core/include/numpy/ndarraytypes.h:1809:
/usr/lib/python2.7/dist-packages/numpy/core/include/numpy/npy_1_7_deprecated_api.h:15:2: warning: "Using deprecated NumPy API, disable it by "          "#defining NPY_NO_DEPRECATED_API NPY_1_7_API_VERSION" [-W#warnings]
#warning "Using deprecated NumPy API, disable it by " \
 ^
8 warnings generated.
x86_64-linux-gnu-g++ -pthread -shared -Wl,-O1 -Wl,-Bsymbolic-functions -Wl,-z,relro -fno-strict-aliasing -DNDEBUG -g -fwrapv -O2 -Wall -Wstrict-prototypes -Wdate-time -D_FORTIFY_SOURCE=2 -g -fdebug-prefix-map=/build/python2.7-jgBwco/python2.7-2.7.15=. -fstack-protector-strong -Wformat -Werror=format-security -Wl,-z,relro -g -O2 -fdebug-prefix-map=/<<PKGBUILDDIR>>=. -fstack-protector-strong -Wformat -Werror=format-security -Wdate-time -D_FORTIFY_SOURCE=2 build/temp.linux-x86_64-2.7/build/src.linux-x86_64-2.7/mvpa2/clfs/libsvmc/svmc_wrap.o -lsvm -o build/lib.linux-x86_64-2.7/mvpa2/clfs/libsvmc/_svmc.so
running build_scripts
creating build/scripts.linux-x86_64-2.7
copying and adjusting bin/pymvpa2-prep-afni-surf -> build/scripts.linux-x86_64-2.7
copying and adjusting bin/pymvpa2-prep-fmri -> build/scripts.linux-x86_64-2.7
copying and adjusting bin/pymvpa2-tutorial -> build/scripts.linux-x86_64-2.7
copying and adjusting bin/pymvpa2 -> build/scripts.linux-x86_64-2.7
changing mode of build/scripts.linux-x86_64-2.7/pymvpa2-prep-afni-surf from 664 to 775
changing mode of build/scripts.linux-x86_64-2.7/pymvpa2-prep-fmri from 664 to 775
changing mode of build/scripts.linux-x86_64-2.7/pymvpa2-tutorial from 664 to 775
changing mode of build/scripts.linux-x86_64-2.7/pymvpa2 from 664 to 775
/usr/bin/make manpages
make[2]: Entering directory '/<<PKGBUILDDIR>>'
/bin/sh: 1: git: not found
if [ ! -d /<<PKGBUILDDIR>>/build/man ]; then mkdir -p /<<PKGBUILDDIR>>/build/man; fi
I: Creating manpages
PYTHONPATH=.: help2man -N -n 'preprocess fMRI data for PyMVPA' \
	bin/pymvpa2-prep-fmri > /<<PKGBUILDDIR>>/build/man/pymvpa2-prep-fmri.1
PYTHONPATH=.: help2man -N -n 'start a PyMVPA tutorial session' \
	bin/pymvpa2-tutorial > /<<PKGBUILDDIR>>/build/man/pymvpa2-tutorial.1
PYTHONPATH=.: help2man --no-discard-stderr -N -n \
		'preprocess FreeSurfer surfaces for AFNI/SUMA' \
		bin/pymvpa2-prep-afni-surf > /<<PKGBUILDDIR>>/build/man/pymvpa2-prep-afni-surf.1
PYTHONPATH=.: help2man --no-discard-stderr \
	--help-option="--help-np" -N -n "command line interface for PyMVPA" \
		bin/pymvpa2 > /<<PKGBUILDDIR>>/build/man/pymvpa2.1
for cmd in $(tr "\n'," ' ' < bin/pymvpa2 | sed -e 's/.*enabled_cmds = \[//' -e 's/\].*//'); do \
	summary="$(grep 'man: -*-' < mvpa2/cmdline/cmd_${cmd}.py | cut -d '%' -f 2-)"; \
	PYTHONPATH=.: help2man --no-discard-stderr \
		--help-option="--help-np" -N -n "$summary" \
			"bin/pymvpa2 ${cmd}" > /<<PKGBUILDDIR>>/build/man/pymvpa2-${cmd}.1 ; \
done
make[2]: Leaving directory '/<<PKGBUILDDIR>>'
http_proxy=http://127.0.0.1:9/ https_proxy=http://127.0.0.1:9/ \
	/usr/bin/make htmldoc
make[2]: Entering directory '/<<PKGBUILDDIR>>'
/bin/sh: 1: git: not found
if [ ! -d /<<PKGBUILDDIR>>/build/doc ]; then mkdir -p /<<PKGBUILDDIR>>/build/doc; fi
tools/ex2rst \
	--project PyMVPA \
	--outdir /<<PKGBUILDDIR>>/doc/source/examples \
	--exclude doc/examples/searchlight_app.py \
	doc/examples
tools/cmdex2rst \
	--project PyMVPA \
	--outdir /<<PKGBUILDDIR>>/doc/source/cmdline/ \
	doc/examples/cmdline
touch examples2rst-stamp
python setup.py config --noisy
/usr/lib/python2.7/distutils/dist.py:267: UserWarning: Unknown distribution option: 'setup_requires'
  warnings.warn(msg)
/usr/lib/python2.7/distutils/dist.py:267: UserWarning: Unknown distribution option: 'install_requires'
  warnings.warn(msg)
running config
python setup.py build_ext --inplace
/usr/lib/python2.7/distutils/dist.py:267: UserWarning: Unknown distribution option: 'setup_requires'
  warnings.warn(msg)
/usr/lib/python2.7/distutils/dist.py:267: UserWarning: Unknown distribution option: 'install_requires'
  warnings.warn(msg)
running build_ext
running build_src
build_src
building extension "mvpa2.clfs.libsmlrc.smlrc" sources
building extension "mvpa2.clfs.libsvmc._svmc" sources
swig++: mvpa2/clfs/libsvmc/svmc.i
swig -python -I/usr/lib/python2.7/dist-packages/numpy/core/include -I3rd/libsvm -c++ -I/usr/lib/python2.7/dist-packages/numpy/core/include -I3rd/libsvm -o mvpa2/clfs/libsvmc/svmc_wrap.cpp -outdir mvpa2/clfs/libsvmc mvpa2/clfs/libsvmc/svmc.i
building data_files sources
build_src: building npy-pkg config files
customize UnixCCompiler
customize UnixCCompiler using build_ext
customize UnixCCompiler
customize UnixCCompiler using build_ext
building 'mvpa2.clfs.libsmlrc.smlrc' extension
compiling C sources
C compiler: x86_64-linux-gnu-gcc -pthread -DNDEBUG -g -fwrapv -O2 -Wall -Wstrict-prototypes -fno-strict-aliasing -g -O2 -fdebug-prefix-map=/<<PKGBUILDDIR>>=. -fstack-protector-strong -Wformat -Werror=format-security -Wdate-time -D_FORTIFY_SOURCE=2 -fPIC

compile options: '-I/usr/lib/python2.7/dist-packages/numpy/core/include -I/usr/include/python2.7 -c'
x86_64-linux-gnu-gcc -pthread -shared -Wl,-O1 -Wl,-Bsymbolic-functions -Wl,-z,relro -fno-strict-aliasing -DNDEBUG -g -fwrapv -O2 -Wall -Wstrict-prototypes -Wdate-time -D_FORTIFY_SOURCE=2 -g -fdebug-prefix-map=/build/python2.7-jgBwco/python2.7-2.7.15=. -fstack-protector-strong -Wformat -Werror=format-security -Wl,-z,relro -g -O2 -fdebug-prefix-map=/<<PKGBUILDDIR>>=. -fstack-protector-strong -Wformat -Werror=format-security -Wdate-time -D_FORTIFY_SOURCE=2 build/temp.linux-x86_64-2.7/mvpa2/clfs/libsmlrc/smlr.o -lm -o mvpa2/clfs/libsmlrc/smlrc.so
building 'mvpa2.clfs.libsvmc._svmc' extension
compiling C++ sources
C compiler: x86_64-linux-gnu-g++ -pthread -DNDEBUG -g -fwrapv -O2 -Wall -fno-strict-aliasing -g -O2 -fdebug-prefix-map=/<<PKGBUILDDIR>>=. -fstack-protector-strong -Wformat -Werror=format-security -Wdate-time -D_FORTIFY_SOURCE=2 -fPIC

creating build/temp.linux-x86_64-2.7/3rd
creating build/temp.linux-x86_64-2.7/3rd/libsvm
creating build/temp.linux-x86_64-2.7/mvpa2/clfs/libsvmc
compile options: '-I/usr/lib/python2.7/dist-packages/numpy/core/include -I3rd/libsvm -I/usr/lib/python2.7/dist-packages/numpy/core/include -I/usr/include/python2.7 -c'
x86_64-linux-gnu-g++: 3rd/libsvm/svm.cpp
3rd/libsvm/svm.cpp:2739:4: warning: ignoring return value of function declared with 'warn_unused_result' attribute [-Wunused-result]
                        fscanf(fp,"%80s",cmd);
                        ^~~~~~ ~~~~~~~~~~~~~
3rd/libsvm/svm.cpp:2764:4: warning: ignoring return value of function declared with 'warn_unused_result' attribute [-Wunused-result]
                        fscanf(fp,"%80s",cmd);
                        ^~~~~~ ~~~~~~~~~~~~~
3rd/libsvm/svm.cpp:2802:5: warning: ignoring return value of function declared with 'warn_unused_result' attribute [-Wunused-result]
                                fscanf(fp,"%lf",&model->rho[i]);
                                ^~~~~~ ~~~~~~~~~~~~~~~~~~~~~~~
3rd/libsvm/svm.cpp:2809:5: warning: ignoring return value of function declared with 'warn_unused_result' attribute [-Wunused-result]
                                fscanf(fp,"%d",&model->label[i]);
                                ^~~~~~ ~~~~~~~~~~~~~~~~~~~~~~~~
3rd/libsvm/svm.cpp:2816:5: warning: ignoring return value of function declared with 'warn_unused_result' attribute [-Wunused-result]
                                fscanf(fp,"%lf",&model->probA[i]);
                                ^~~~~~ ~~~~~~~~~~~~~~~~~~~~~~~~~
3rd/libsvm/svm.cpp:2823:5: warning: ignoring return value of function declared with 'warn_unused_result' attribute [-Wunused-result]
                                fscanf(fp,"%lf",&model->probB[i]);
                                ^~~~~~ ~~~~~~~~~~~~~~~~~~~~~~~~~
3rd/libsvm/svm.cpp:2830:5: warning: ignoring return value of function declared with 'warn_unused_result' attribute [-Wunused-result]
                                fscanf(fp,"%d",&model->nSV[i]);
                                ^~~~~~ ~~~~~~~~~~~~~~~~~~~~~~
3rd/libsvm/svm.cpp:2796:4: warning: ignoring return value of function declared with 'warn_unused_result' attribute [-Wunused-result]
                        fscanf(fp,"%d",&model->l);
                        ^~~~~~ ~~~~~~~~~~~~~~~~~
3rd/libsvm/svm.cpp:2794:4: warning: ignoring return value of function declared with 'warn_unused_result' attribute [-Wunused-result]
                        fscanf(fp,"%d",&model->nr_class);
                        ^~~~~~ ~~~~~~~~~~~~~~~~~~~~~~~~
3rd/libsvm/svm.cpp:2792:4: warning: ignoring return value of function declared with 'warn_unused_result' attribute [-Wunused-result]
                        fscanf(fp,"%lf",&param.coef0);
                        ^~~~~~ ~~~~~~~~~~~~~~~~~~~~~
3rd/libsvm/svm.cpp:2790:4: warning: ignoring return value of function declared with 'warn_unused_result' attribute [-Wunused-result]
                        fscanf(fp,"%lf",&param.gamma);
                        ^~~~~~ ~~~~~~~~~~~~~~~~~~~~~
3rd/libsvm/svm.cpp:2788:4: warning: ignoring return value of function declared with 'warn_unused_result' attribute [-Wunused-result]
                        fscanf(fp,"%d",&param.degree);
                        ^~~~~~ ~~~~~~~~~~~~~~~~~~~~~
3rd/libsvm/svm.cpp:2735:3: warning: ignoring return value of function declared with 'warn_unused_result' attribute [-Wunused-result]
                fscanf(fp,"%80s",cmd);
                ^~~~~~ ~~~~~~~~~~~~~
13 warnings generated.
x86_64-linux-gnu-g++: mvpa2/clfs/libsvmc/svmc_wrap.cpp
In file included from mvpa2/clfs/libsvmc/svmc_wrap.cpp:173:
In file included from /usr/include/python2.7/Python.h:88:
/usr/include/python2.7/unicodeobject.h:534:5: warning: 'register' storage class specifier is deprecated and incompatible with C++17 [-Wdeprecated-register]
    register PyObject *obj,     /* Object */
    ^~~~~~~~~
/usr/include/python2.7/unicodeobject.h:553:5: warning: 'register' storage class specifier is deprecated and incompatible with C++17 [-Wdeprecated-register]
    register PyObject *obj      /* Object */
    ^~~~~~~~~
/usr/include/python2.7/unicodeobject.h:575:5: warning: 'register' storage class specifier is deprecated and incompatible with C++17 [-Wdeprecated-register]
    register const wchar_t *w,  /* wchar_t buffer */
    ^~~~~~~~~
/usr/include/python2.7/unicodeobject.h:593:5: warning: 'register' storage class specifier is deprecated and incompatible with C++17 [-Wdeprecated-register]
    register wchar_t *w,        /* wchar_t buffer */
    ^~~~~~~~~
In file included from mvpa2/clfs/libsvmc/svmc_wrap.cpp:173:
In file included from /usr/include/python2.7/Python.h:97:
/usr/include/python2.7/stringobject.h:173:5: warning: 'register' storage class specifier is deprecated and incompatible with C++17 [-Wdeprecated-register]
    register PyObject *obj,     /* string or Unicode object */
    ^~~~~~~~~
/usr/include/python2.7/stringobject.h:174:5: warning: 'register' storage class specifier is deprecated and incompatible with C++17 [-Wdeprecated-register]
    register char **s,          /* pointer to buffer variable */
    ^~~~~~~~~
/usr/include/python2.7/stringobject.h:175:5: warning: 'register' storage class specifier is deprecated and incompatible with C++17 [-Wdeprecated-register]
    register Py_ssize_t *len    /* pointer to length variable or NULL
    ^~~~~~~~~
In file included from mvpa2/clfs/libsvmc/svmc_wrap.cpp:3123:
In file included from /usr/lib/python2.7/dist-packages/numpy/core/include/numpy/arrayobject.h:4:
In file included from /usr/lib/python2.7/dist-packages/numpy/core/include/numpy/ndarrayobject.h:18:
In file included from /usr/lib/python2.7/dist-packages/numpy/core/include/numpy/ndarraytypes.h:1809:
/usr/lib/python2.7/dist-packages/numpy/core/include/numpy/npy_1_7_deprecated_api.h:15:2: warning: "Using deprecated NumPy API, disable it by "          "#defining NPY_NO_DEPRECATED_API NPY_1_7_API_VERSION" [-W#warnings]
#warning "Using deprecated NumPy API, disable it by " \
 ^
8 warnings generated.
x86_64-linux-gnu-g++ -pthread -shared -Wl,-O1 -Wl,-Bsymbolic-functions -Wl,-z,relro -fno-strict-aliasing -DNDEBUG -g -fwrapv -O2 -Wall -Wstrict-prototypes -Wdate-time -D_FORTIFY_SOURCE=2 -g -fdebug-prefix-map=/build/python2.7-jgBwco/python2.7-2.7.15=. -fstack-protector-strong -Wformat -Werror=format-security -Wl,-z,relro -g -O2 -fdebug-prefix-map=/<<PKGBUILDDIR>>=. -fstack-protector-strong -Wformat -Werror=format-security -Wdate-time -D_FORTIFY_SOURCE=2 build/temp.linux-x86_64-2.7/3rd/libsvm/svm.o build/temp.linux-x86_64-2.7/mvpa2/clfs/libsvmc/svmc_wrap.o -o mvpa2/clfs/libsvmc/_svmc.so
touch build-stamp
/usr/bin/make -C doc/pics
make[3]: Entering directory '/<<PKGBUILDDIR>>/doc/pics'
Rendering pymvpa_logo.png
Failed to get connection
** (inkscape:30817): CRITICAL **: 12:18:18.847: dbus_g_proxy_new_for_name: assertion 'connection != NULL' failed

** (inkscape:30817): CRITICAL **: 12:18:18.847: dbus_g_proxy_call: assertion 'DBUS_IS_G_PROXY (proxy)' failed

** (inkscape:30817): CRITICAL **: 12:18:18.847: dbus_g_connection_register_g_object: assertion 'connection != NULL' failed
Background RRGGBBAA: ffffff00
Area 0:0:353.832:115.737 exported to 500 x 164 pixels (135.658 dpi)
Bitmap saved as: pymvpa_logo.png
Converting pymvpa_logo.png to pymvpa_logo.jpg
Failed to get connection
** (inkscape:30849): CRITICAL **: 12:18:19.202: dbus_g_proxy_new_for_name: assertion 'connection != NULL' failed

** (inkscape:30849): CRITICAL **: 12:18:19.202: dbus_g_proxy_call: assertion 'DBUS_IS_G_PROXY (proxy)' failed

** (inkscape:30849): CRITICAL **: 12:18:19.202: dbus_g_connection_register_g_object: assertion 'connection != NULL' failed
Failed to get connection
** (inkscape:30860): CRITICAL **: 12:18:19.751: dbus_g_proxy_new_for_name: assertion 'connection != NULL' failed

** (inkscape:30860): CRITICAL **: 12:18:19.751: dbus_g_proxy_call: assertion 'DBUS_IS_G_PROXY (proxy)' failed

** (inkscape:30860): CRITICAL **: 12:18:19.751: dbus_g_connection_register_g_object: assertion 'connection != NULL' failed
Failed to get connection
** (inkscape:30871): CRITICAL **: 12:18:20.298: dbus_g_proxy_new_for_name: assertion 'connection != NULL' failed

** (inkscape:30871): CRITICAL **: 12:18:20.298: dbus_g_proxy_call: assertion 'DBUS_IS_G_PROXY (proxy)' failed

** (inkscape:30871): CRITICAL **: 12:18:20.298: dbus_g_connection_register_g_object: assertion 'connection != NULL' failed
inkscape -z -f pymvpa_icons.svg -e download_icon.png \
	--export-area=0:0:179:153.32115
Failed to get connection
** (inkscape:30879): CRITICAL **: 12:18:20.841: dbus_g_proxy_new_for_name: assertion 'connection != NULL' failed

** (inkscape:30879): CRITICAL **: 12:18:20.841: dbus_g_proxy_call: assertion 'DBUS_IS_G_PROXY (proxy)' failed

** (inkscape:30879): CRITICAL **: 12:18:20.841: dbus_g_connection_register_g_object: assertion 'connection != NULL' failed
Background RRGGBBAA: ffffff00
Area 0:0:179:153.321 exported to 179 x 153 pixels (96 dpi)
Bitmap saved as: download_icon.png
/usr/bin/make ignore-download_icon.png
make[4]: Entering directory '/<<PKGBUILDDIR>>/doc/pics'
make[4]: Leaving directory '/<<PKGBUILDDIR>>/doc/pics'
Converting download_icon.png to download_icon.jpg
Failed to get connection
** (inkscape:30920): CRITICAL **: 12:18:21.452: dbus_g_proxy_new_for_name: assertion 'connection != NULL' failed

** (inkscape:30920): CRITICAL **: 12:18:21.452: dbus_g_proxy_call: assertion 'DBUS_IS_G_PROXY (proxy)' failed

** (inkscape:30920): CRITICAL **: 12:18:21.452: dbus_g_connection_register_g_object: assertion 'connection != NULL' failed
Failed to get connection
** (inkscape:30931): CRITICAL **: 12:18:21.996: dbus_g_proxy_new_for_name: assertion 'connection != NULL' failed

** (inkscape:30931): CRITICAL **: 12:18:21.996: dbus_g_proxy_call: assertion 'DBUS_IS_G_PROXY (proxy)' failed

** (inkscape:30931): CRITICAL **: 12:18:21.996: dbus_g_connection_register_g_object: assertion 'connection != NULL' failed
Failed to get connection
** (inkscape:30942): CRITICAL **: 12:18:22.543: dbus_g_proxy_new_for_name: assertion 'connection != NULL' failed

** (inkscape:30942): CRITICAL **: 12:18:22.543: dbus_g_proxy_call: assertion 'DBUS_IS_G_PROXY (proxy)' failed

** (inkscape:30942): CRITICAL **: 12:18:22.543: dbus_g_connection_register_g_object: assertion 'connection != NULL' failed
inkscape -z -f pymvpa_icons.svg -e tutorial_icon.png \
	--export-area=179:0:358:153.32115
Failed to get connection
** (inkscape:30950): CRITICAL **: 12:18:23.086: dbus_g_proxy_new_for_name: assertion 'connection != NULL' failed

** (inkscape:30950): CRITICAL **: 12:18:23.087: dbus_g_proxy_call: assertion 'DBUS_IS_G_PROXY (proxy)' failed

** (inkscape:30950): CRITICAL **: 12:18:23.087: dbus_g_connection_register_g_object: assertion 'connection != NULL' failed
Background RRGGBBAA: ffffff00
Area 179:0:358:153.321 exported to 179 x 153 pixels (96 dpi)
Bitmap saved as: tutorial_icon.png
/usr/bin/make ignore-tutorial_icon.png
make[4]: Entering directory '/<<PKGBUILDDIR>>/doc/pics'
make[4]: Leaving directory '/<<PKGBUILDDIR>>/doc/pics'
Converting tutorial_icon.png to tutorial_icon.jpg
Failed to get connection
** (inkscape:30991): CRITICAL **: 12:18:23.698: dbus_g_proxy_new_for_name: assertion 'connection != NULL' failed

** (inkscape:30991): CRITICAL **: 12:18:23.698: dbus_g_proxy_call: assertion 'DBUS_IS_G_PROXY (proxy)' failed

** (inkscape:30991): CRITICAL **: 12:18:23.698: dbus_g_connection_register_g_object: assertion 'connection != NULL' failed
Failed to get connection
** (inkscape:31002): CRITICAL **: 12:18:24.251: dbus_g_proxy_new_for_name: assertion 'connection != NULL' failed

** (inkscape:31002): CRITICAL **: 12:18:24.251: dbus_g_proxy_call: assertion 'DBUS_IS_G_PROXY (proxy)' failed

** (inkscape:31002): CRITICAL **: 12:18:24.251: dbus_g_connection_register_g_object: assertion 'connection != NULL' failed
Failed to get connection
** (inkscape:31013): CRITICAL **: 12:18:24.799: dbus_g_proxy_new_for_name: assertion 'connection != NULL' failed

** (inkscape:31013): CRITICAL **: 12:18:24.799: dbus_g_proxy_call: assertion 'DBUS_IS_G_PROXY (proxy)' failed

** (inkscape:31013): CRITICAL **: 12:18:24.799: dbus_g_connection_register_g_object: assertion 'connection != NULL' failed
inkscape -z -f pymvpa_icons.svg -e documentation_icon.png \
	--export-area=358:0:537:153.32115
Failed to get connection
** (inkscape:31021): CRITICAL **: 12:18:25.345: dbus_g_proxy_new_for_name: assertion 'connection != NULL' failed

** (inkscape:31021): CRITICAL **: 12:18:25.345: dbus_g_proxy_call: assertion 'DBUS_IS_G_PROXY (proxy)' failed

** (inkscape:31021): CRITICAL **: 12:18:25.345: dbus_g_connection_register_g_object: assertion 'connection != NULL' failed
Background RRGGBBAA: ffffff00
Area 358:0:537:153.321 exported to 179 x 153 pixels (96 dpi)
Bitmap saved as: documentation_icon.png
/usr/bin/make ignore-documentation_icon.png
make[4]: Entering directory '/<<PKGBUILDDIR>>/doc/pics'
make[4]: Leaving directory '/<<PKGBUILDDIR>>/doc/pics'
Converting documentation_icon.png to documentation_icon.jpg
Failed to get connection
** (inkscape:31062): CRITICAL **: 12:18:25.966: dbus_g_proxy_new_for_name: assertion 'connection != NULL' failed

** (inkscape:31062): CRITICAL **: 12:18:25.966: dbus_g_proxy_call: assertion 'DBUS_IS_G_PROXY (proxy)' failed

** (inkscape:31062): CRITICAL **: 12:18:25.966: dbus_g_connection_register_g_object: assertion 'connection != NULL' failed
Failed to get connection
** (inkscape:31073): CRITICAL **: 12:18:26.516: dbus_g_proxy_new_for_name: assertion 'connection != NULL' failed

** (inkscape:31073): CRITICAL **: 12:18:26.516: dbus_g_proxy_call: assertion 'DBUS_IS_G_PROXY (proxy)' failed

** (inkscape:31073): CRITICAL **: 12:18:26.516: dbus_g_connection_register_g_object: assertion 'connection != NULL' failed
Failed to get connection
** (inkscape:31084): CRITICAL **: 12:18:27.060: dbus_g_proxy_new_for_name: assertion 'connection != NULL' failed

** (inkscape:31084): CRITICAL **: 12:18:27.060: dbus_g_proxy_call: assertion 'DBUS_IS_G_PROXY (proxy)' failed

** (inkscape:31084): CRITICAL **: 12:18:27.060: dbus_g_connection_register_g_object: assertion 'connection != NULL' failed
inkscape -z -f pymvpa_icons.svg -e support_icon.png \
	--export-area=537:0:716:153.32115
Failed to get connection
** (inkscape:31092): CRITICAL **: 12:18:27.605: dbus_g_proxy_new_for_name: assertion 'connection != NULL' failed

** (inkscape:31092): CRITICAL **: 12:18:27.606: dbus_g_proxy_call: assertion 'DBUS_IS_G_PROXY (proxy)' failed

** (inkscape:31092): CRITICAL **: 12:18:27.606: dbus_g_connection_register_g_object: assertion 'connection != NULL' failed
Background RRGGBBAA: ffffff00
Area 537:0:716:153.321 exported to 179 x 153 pixels (96 dpi)
Bitmap saved as: support_icon.png
/usr/bin/make ignore-support_icon.png
make[4]: Entering directory '/<<PKGBUILDDIR>>/doc/pics'
make[4]: Leaving directory '/<<PKGBUILDDIR>>/doc/pics'
Converting support_icon.png to support_icon.jpg
Failed to get connection
** (inkscape:31133): CRITICAL **: 12:18:28.223: dbus_g_proxy_new_for_name: assertion 'connection != NULL' failed

** (inkscape:31133): CRITICAL **: 12:18:28.223: dbus_g_proxy_call: assertion 'DBUS_IS_G_PROXY (proxy)' failed

** (inkscape:31133): CRITICAL **: 12:18:28.223: dbus_g_connection_register_g_object: assertion 'connection != NULL' failed
Failed to get connection
** (inkscape:31144): CRITICAL **: 12:18:28.767: dbus_g_proxy_new_for_name: assertion 'connection != NULL' failed

** (inkscape:31144): CRITICAL **: 12:18:28.767: dbus_g_proxy_call: assertion 'DBUS_IS_G_PROXY (proxy)' failed

** (inkscape:31144): CRITICAL **: 12:18:28.767: dbus_g_connection_register_g_object: assertion 'connection != NULL' failed
Failed to get connection
** (inkscape:31155): CRITICAL **: 12:18:29.313: dbus_g_proxy_new_for_name: assertion 'connection != NULL' failed

** (inkscape:31155): CRITICAL **: 12:18:29.313: dbus_g_proxy_call: assertion 'DBUS_IS_G_PROXY (proxy)' failed

** (inkscape:31155): CRITICAL **: 12:18:29.313: dbus_g_connection_register_g_object: assertion 'connection != NULL' failed
inkscape -z -f pymvpa_icons.svg -e movie_icon.png \
	--export-area=716:0:895:153.32115
Failed to get connection
** (inkscape:31163): CRITICAL **: 12:18:29.856: dbus_g_proxy_new_for_name: assertion 'connection != NULL' failed

** (inkscape:31163): CRITICAL **: 12:18:29.856: dbus_g_proxy_call: assertion 'DBUS_IS_G_PROXY (proxy)' failed

** (inkscape:31163): CRITICAL **: 12:18:29.856: dbus_g_connection_register_g_object: assertion 'connection != NULL' failed
Background RRGGBBAA: ffffff00
Area 716:0:895:153.321 exported to 179 x 153 pixels (96 dpi)
Bitmap saved as: movie_icon.png
/usr/bin/make ignore-movie_icon.png
make[4]: Entering directory '/<<PKGBUILDDIR>>/doc/pics'
make[4]: Leaving directory '/<<PKGBUILDDIR>>/doc/pics'
Converting movie_icon.png to movie_icon.jpg
Failed to get connection
** (inkscape:31204): CRITICAL **: 12:18:30.466: dbus_g_proxy_new_for_name: assertion 'connection != NULL' failed

** (inkscape:31204): CRITICAL **: 12:18:30.466: dbus_g_proxy_call: assertion 'DBUS_IS_G_PROXY (proxy)' failed

** (inkscape:31204): CRITICAL **: 12:18:30.466: dbus_g_connection_register_g_object: assertion 'connection != NULL' failed
Failed to get connection
** (inkscape:31215): CRITICAL **: 12:18:31.014: dbus_g_proxy_new_for_name: assertion 'connection != NULL' failed

** (inkscape:31215): CRITICAL **: 12:18:31.014: dbus_g_proxy_call: assertion 'DBUS_IS_G_PROXY (proxy)' failed

** (inkscape:31215): CRITICAL **: 12:18:31.014: dbus_g_connection_register_g_object: assertion 'connection != NULL' failed
Failed to get connection
** (inkscape:31226): CRITICAL **: 12:18:31.561: dbus_g_proxy_new_for_name: assertion 'connection != NULL' failed

** (inkscape:31226): CRITICAL **: 12:18:31.561: dbus_g_proxy_call: assertion 'DBUS_IS_G_PROXY (proxy)' failed

** (inkscape:31226): CRITICAL **: 12:18:31.561: dbus_g_connection_register_g_object: assertion 'connection != NULL' failed
Failed to get connection
** (inkscape:31237): CRITICAL **: 12:18:32.110: dbus_g_proxy_new_for_name: assertion 'connection != NULL' failed

** (inkscape:31237): CRITICAL **: 12:18:32.110: dbus_g_proxy_call: assertion 'DBUS_IS_G_PROXY (proxy)' failed

** (inkscape:31237): CRITICAL **: 12:18:32.110: dbus_g_connection_register_g_object: assertion 'connection != NULL' failed
inkscape -z -f pymvpa_icons.svg -e pymvpa_icon.png \
	--export-area=895:16:1074:153.32115
Failed to get connection
** (inkscape:31245): CRITICAL **: 12:18:32.659: dbus_g_proxy_new_for_name: assertion 'connection != NULL' failed

** (inkscape:31245): CRITICAL **: 12:18:32.659: dbus_g_proxy_call: assertion 'DBUS_IS_G_PROXY (proxy)' failed

** (inkscape:31245): CRITICAL **: 12:18:32.659: dbus_g_connection_register_g_object: assertion 'connection != NULL' failed
Background RRGGBBAA: ffffff00
Area 895:16:1074:153.321 exported to 179 x 137 pixels (96 dpi)
Bitmap saved as: pymvpa_icon.png
/usr/bin/make ignore-pymvpa_icon.png
make[4]: Entering directory '/<<PKGBUILDDIR>>/doc/pics'
make[4]: Leaving directory '/<<PKGBUILDDIR>>/doc/pics'
Converting pymvpa_icon.png to pymvpa_icon.jpg
Rendering ex_searchlight_vt_r3.pdf
Failed to get connection
** (inkscape:31294): CRITICAL **: 12:18:33.268: dbus_g_proxy_new_for_name: assertion 'connection != NULL' failed

** (inkscape:31294): CRITICAL **: 12:18:33.268: dbus_g_proxy_call: assertion 'DBUS_IS_G_PROXY (proxy)' failed

** (inkscape:31294): CRITICAL **: 12:18:33.268: dbus_g_connection_register_g_object: assertion 'connection != NULL' failed
Rendering ex_svm_margin.pdf
Failed to get connection
** (inkscape:31312): CRITICAL **: 12:18:33.827: dbus_g_proxy_new_for_name: assertion 'connection != NULL' failed

** (inkscape:31312): CRITICAL **: 12:18:33.827: dbus_g_proxy_call: assertion 'DBUS_IS_G_PROXY (proxy)' failed

** (inkscape:31312): CRITICAL **: 12:18:33.827: dbus_g_connection_register_g_object: assertion 'connection != NULL' failed
Rendering ex_mdp_fda.pdf
Failed to get connection
** (inkscape:31330): CRITICAL **: 12:18:34.197: dbus_g_proxy_new_for_name: assertion 'connection != NULL' failed

** (inkscape:31330): CRITICAL **: 12:18:34.197: dbus_g_proxy_call: assertion 'DBUS_IS_G_PROXY (proxy)' failed

** (inkscape:31330): CRITICAL **: 12:18:34.197: dbus_g_connection_register_g_object: assertion 'connection != NULL' failed
Rendering ex_eventrelated.pdf
Failed to get connection
** (inkscape:31348): CRITICAL **: 12:18:35.819: dbus_g_proxy_new_for_name: assertion 'connection != NULL' failed

** (inkscape:31348): CRITICAL **: 12:18:35.819: dbus_g_proxy_call: assertion 'DBUS_IS_G_PROXY (proxy)' failed

** (inkscape:31348): CRITICAL **: 12:18:35.819: dbus_g_connection_register_g_object: assertion 'connection != NULL' failed
Rendering ex_searchlight_vt_r0.pdf
Failed to get connection
** (inkscape:31366): CRITICAL **: 12:18:36.612: dbus_g_proxy_new_for_name: assertion 'connection != NULL' failed

** (inkscape:31366): CRITICAL **: 12:18:36.612: dbus_g_proxy_call: assertion 'DBUS_IS_G_PROXY (proxy)' failed

** (inkscape:31366): CRITICAL **: 12:18:36.612: dbus_g_connection_register_g_object: assertion 'connection != NULL' failed
Rendering ex_curvefitting_bold.pdf
Failed to get connection
** (inkscape:31384): CRITICAL **: 12:18:37.154: dbus_g_proxy_new_for_name: assertion 'connection != NULL' failed

** (inkscape:31384): CRITICAL **: 12:18:37.154: dbus_g_proxy_call: assertion 'DBUS_IS_G_PROXY (proxy)' failed

** (inkscape:31384): CRITICAL **: 12:18:37.154: dbus_g_connection_register_g_object: assertion 'connection != NULL' failed
Rendering ex_eyemovements.pdf
Failed to get connection
** (inkscape:31402): CRITICAL **: 12:18:37.533: dbus_g_proxy_new_for_name: assertion 'connection != NULL' failed

** (inkscape:31402): CRITICAL **: 12:18:37.533: dbus_g_proxy_call: assertion 'DBUS_IS_G_PROXY (proxy)' failed

** (inkscape:31402): CRITICAL **: 12:18:37.533: dbus_g_connection_register_g_object: assertion 'connection != NULL' failed
Rendering ex_searchlight_vt_r1.pdf
Failed to get connection
** (inkscape:31420): CRITICAL **: 12:18:38.315: dbus_g_proxy_new_for_name: assertion 'connection != NULL' failed

** (inkscape:31420): CRITICAL **: 12:18:38.315: dbus_g_proxy_call: assertion 'DBUS_IS_G_PROXY (proxy)' failed

** (inkscape:31420): CRITICAL **: 12:18:38.315: dbus_g_connection_register_g_object: assertion 'connection != NULL' failed
Rendering ex_curvefitting_searchlight.pdf
Failed to get connection
** (inkscape:31438): CRITICAL **: 12:18:38.852: dbus_g_proxy_new_for_name: assertion 'connection != NULL' failed

** (inkscape:31438): CRITICAL **: 12:18:38.852: dbus_g_proxy_call: assertion 'DBUS_IS_G_PROXY (proxy)' failed

** (inkscape:31438): CRITICAL **: 12:18:38.852: dbus_g_connection_register_g_object: assertion 'connection != NULL' failed
Rendering dartmouth-logo.pdf
Failed to get connection
** (inkscape:31456): CRITICAL **: 12:18:39.238: dbus_g_proxy_new_for_name: assertion 'connection != NULL' failed

** (inkscape:31456): CRITICAL **: 12:18:39.238: dbus_g_proxy_call: assertion 'DBUS_IS_G_PROXY (proxy)' failed

** (inkscape:31456): CRITICAL **: 12:18:39.238: dbus_g_connection_register_g_object: assertion 'connection != NULL' failed
Rendering ex_sensanas.pdf
Failed to get connection
** (inkscape:31474): CRITICAL **: 12:18:39.538: dbus_g_proxy_new_for_name: assertion 'connection != NULL' failed

** (inkscape:31474): CRITICAL **: 12:18:39.538: dbus_g_proxy_call: assertion 'DBUS_IS_G_PROXY (proxy)' failed

** (inkscape:31474): CRITICAL **: 12:18:39.538: dbus_g_connection_register_g_object: assertion 'connection != NULL' failed
Rendering ex_plot_lightbox.pdf
Failed to get connection
** (inkscape:31492): CRITICAL **: 12:18:40.092: dbus_g_proxy_new_for_name: assertion 'connection != NULL' failed

** (inkscape:31492): CRITICAL **: 12:18:40.092: dbus_g_proxy_call: assertion 'DBUS_IS_G_PROXY (proxy)' failed

** (inkscape:31492): CRITICAL **: 12:18:40.092: dbus_g_connection_register_g_object: assertion 'connection != NULL' failed
Rendering pymvpa_logo.pdf
Failed to get connection
** (inkscape:31510): CRITICAL **: 12:18:40.619: dbus_g_proxy_new_for_name: assertion 'connection != NULL' failed

** (inkscape:31510): CRITICAL **: 12:18:40.619: dbus_g_proxy_call: assertion 'DBUS_IS_G_PROXY (proxy)' failed

** (inkscape:31510): CRITICAL **: 12:18:40.619: dbus_g_connection_register_g_object: assertion 'connection != NULL' failed
Rendering ex_searchlight_vt_r3.png
Failed to get connection
** (inkscape:31535): CRITICAL **: 12:18:40.989: dbus_g_proxy_new_for_name: assertion 'connection != NULL' failed

** (inkscape:31535): CRITICAL **: 12:18:40.989: dbus_g_proxy_call: assertion 'DBUS_IS_G_PROXY (proxy)' failed

** (inkscape:31535): CRITICAL **: 12:18:40.989: dbus_g_connection_register_g_object: assertion 'connection != NULL' failed
Background RRGGBBAA: ffffff00
Area 0:0:657.868:522.123 exported to 500 x 397 pixels (72.9629 dpi)
Bitmap saved as: ex_searchlight_vt_r3.png
Rendering ex_svm_margin.png
Failed to get connection
** (inkscape:31553): CRITICAL **: 12:18:41.543: dbus_g_proxy_new_for_name: assertion 'connection != NULL' failed

** (inkscape:31553): CRITICAL **: 12:18:41.543: dbus_g_proxy_call: assertion 'DBUS_IS_G_PROXY (proxy)' failed

** (inkscape:31553): CRITICAL **: 12:18:41.543: dbus_g_connection_register_g_object: assertion 'connection != NULL' failed
Background RRGGBBAA: ffffff00
Area 0:0:780:588 exported to 500 x 377 pixels (61.5385 dpi)
Bitmap saved as: ex_svm_margin.png
Rendering ex_mdp_fda.png
Failed to get connection
** (inkscape:31571): CRITICAL **: 12:18:41.924: dbus_g_proxy_new_for_name: assertion 'connection != NULL' failed

** (inkscape:31571): CRITICAL **: 12:18:41.924: dbus_g_proxy_call: assertion 'DBUS_IS_G_PROXY (proxy)' failed

** (inkscape:31571): CRITICAL **: 12:18:41.924: dbus_g_connection_register_g_object: assertion 'connection != NULL' failed
Background RRGGBBAA: ffffff00
Area 0:0:841.031:654.172 exported to 500 x 389 pixels (57.0728 dpi)
Bitmap saved as: ex_mdp_fda.png
Rendering ex_eventrelated.png
Failed to get connection
** (inkscape:31589): CRITICAL **: 12:18:43.420: dbus_g_proxy_new_for_name: assertion 'connection != NULL' failed

** (inkscape:31589): CRITICAL **: 12:18:43.420: dbus_g_proxy_call: assertion 'DBUS_IS_G_PROXY (proxy)' failed

** (inkscape:31589): CRITICAL **: 12:18:43.420: dbus_g_connection_register_g_object: assertion 'connection != NULL' failed
Background RRGGBBAA: ffffff00
Area 0:0:731.027:744.591 exported to 500 x 509 pixels (65.661 dpi)
Bitmap saved as: ex_eventrelated.png
Rendering ex_searchlight_vt_r0.png
Failed to get connection
** (inkscape:31607): CRITICAL **: 12:18:44.211: dbus_g_proxy_new_for_name: assertion 'connection != NULL' failed

** (inkscape:31607): CRITICAL **: 12:18:44.211: dbus_g_proxy_call: assertion 'DBUS_IS_G_PROXY (proxy)' failed

** (inkscape:31607): CRITICAL **: 12:18:44.211: dbus_g_connection_register_g_object: assertion 'connection != NULL' failed
Background RRGGBBAA: ffffff00
Area 0:0:657.868:522.123 exported to 500 x 397 pixels (72.9629 dpi)
Bitmap saved as: ex_searchlight_vt_r0.png
Rendering ex_curvefitting_bold.png
Failed to get connection
** (inkscape:31625): CRITICAL **: 12:18:44.745: dbus_g_proxy_new_for_name: assertion 'connection != NULL' failed

** (inkscape:31625): CRITICAL **: 12:18:44.745: dbus_g_proxy_call: assertion 'DBUS_IS_G_PROXY (proxy)' failed

** (inkscape:31625): CRITICAL **: 12:18:44.745: dbus_g_connection_register_g_object: assertion 'connection != NULL' failed
Background RRGGBBAA: ffffff00
Area 0:0:634.195:338.706 exported to 500 x 267 pixels (75.6865 dpi)
Bitmap saved as: ex_curvefitting_bold.png
Rendering ex_eyemovements.png
Failed to get connection
** (inkscape:31643): CRITICAL **: 12:18:45.129: dbus_g_proxy_new_for_name: assertion 'connection != NULL' failed

** (inkscape:31643): CRITICAL **: 12:18:45.129: dbus_g_proxy_call: assertion 'DBUS_IS_G_PROXY (proxy)' failed

** (inkscape:31643): CRITICAL **: 12:18:45.129: dbus_g_connection_register_g_object: assertion 'connection != NULL' failed
Background RRGGBBAA: ffffff00
Area 0:0:1056.7:881.33 exported to 500 x 417 pixels (45.4244 dpi)
Bitmap saved as: ex_eyemovements.png
Rendering ex_searchlight_vt_r1.png
Failed to get connection
** (inkscape:31661): CRITICAL **: 12:18:45.917: dbus_g_proxy_new_for_name: assertion 'connection != NULL' failed

** (inkscape:31661): CRITICAL **: 12:18:45.917: dbus_g_proxy_call: assertion 'DBUS_IS_G_PROXY (proxy)' failed

** (inkscape:31661): CRITICAL **: 12:18:45.917: dbus_g_connection_register_g_object: assertion 'connection != NULL' failed
Background RRGGBBAA: ffffff00
Area 0:0:657.868:522.123 exported to 500 x 397 pixels (72.9629 dpi)
Bitmap saved as: ex_searchlight_vt_r1.png
Rendering ex_curvefitting_searchlight.png
Failed to get connection
** (inkscape:31679): CRITICAL **: 12:18:46.453: dbus_g_proxy_new_for_name: assertion 'connection != NULL' failed

** (inkscape:31679): CRITICAL **: 12:18:46.453: dbus_g_proxy_call: assertion 'DBUS_IS_G_PROXY (proxy)' failed

** (inkscape:31679): CRITICAL **: 12:18:46.453: dbus_g_connection_register_g_object: assertion 'connection != NULL' failed
Background RRGGBBAA: ffffff00
Area 0:0:619.849:413.406 exported to 500 x 333 pixels (77.4383 dpi)
Bitmap saved as: ex_curvefitting_searchlight.png
Rendering dartmouth-logo.png
Failed to get connection
** (inkscape:31697): CRITICAL **: 12:18:46.852: dbus_g_proxy_new_for_name: assertion 'connection != NULL' failed

** (inkscape:31697): CRITICAL **: 12:18:46.852: dbus_g_proxy_call: assertion 'DBUS_IS_G_PROXY (proxy)' failed

** (inkscape:31697): CRITICAL **: 12:18:46.852: dbus_g_connection_register_g_object: assertion 'connection != NULL' failed
Background RRGGBBAA: ffffff00
Area 0:0:279.896:300 exported to 500 x 536 pixels (171.492 dpi)
Bitmap saved as: dartmouth-logo.png
Rendering ex_sensanas.png
Failed to get connection
** (inkscape:31715): CRITICAL **: 12:18:47.174: dbus_g_proxy_new_for_name: assertion 'connection != NULL' failed

** (inkscape:31715): CRITICAL **: 12:18:47.174: dbus_g_proxy_call: assertion 'DBUS_IS_G_PROXY (proxy)' failed

** (inkscape:31715): CRITICAL **: 12:18:47.174: dbus_g_connection_register_g_object: assertion 'connection != NULL' failed
Background RRGGBBAA: ffffff00
Area 0:0:953.769:584.46 exported to 500 x 306 pixels (50.3266 dpi)
Bitmap saved as: ex_sensanas.png
Rendering ex_plot_lightbox.png
Failed to get connection
** (inkscape:31733): CRITICAL **: 12:18:47.721: dbus_g_proxy_new_for_name: assertion 'connection != NULL' failed

** (inkscape:31733): CRITICAL **: 12:18:47.721: dbus_g_proxy_call: assertion 'DBUS_IS_G_PROXY (proxy)' failed

** (inkscape:31733): CRITICAL **: 12:18:47.721: dbus_g_connection_register_g_object: assertion 'connection != NULL' failed
Background RRGGBBAA: ffffff00
Area 0:0:879.093:621.527 exported to 500 x 354 pixels (54.6018 dpi)
Bitmap saved as: ex_plot_lightbox.png
Generating downscaled ccn-logo_h70.png
Generating downscaled uni-md-logo_h70.png
Generating downscaled dartmouth-logo_h70.png
make[3]: Leaving directory '/<<PKGBUILDDIR>>/doc/pics'
echo "backend : Agg" >| /<<PKGBUILDDIR>>/build/matplotlibrc
touch mpl-stamp
mkdir -p /<<PKGBUILDDIR>>/build/html/notebooks
tools/rst2ipnbpy \
	--baseurl http://pymvpa.org/examples \
	--apiref_baseurl http://pymvpa.org/generated \
	--glossary_baseurl http://pymvpa.org/glossary.html \
	--outdir /<<PKGBUILDDIR>>/build/html/notebooks \
	--exclude doc/source/tutorial_prerequisites.rst \
	--verbose \
	doc/source/tutorial_*.rst doc/source/examples/*.rst
Processing 'doc/source/examples/match_distribution.rst'
Processing 'doc/source/tutorial_mappers.rst'
Processing 'doc/source/examples/knn_plot.rst'
Processing 'doc/source/examples/svm_margin.rst'
Processing 'doc/source/examples/skl_regression_demo.rst'
Processing 'doc/source/examples/searchlight.rst'
Processing 'doc/source/examples/kerneldemo.rst'
Processing 'doc/source/tutorial_multiclass_hyp.rst'
Processing 'doc/source/tutorial_significance.rst'
Processing 'doc/source/examples/hyperplane_demo.rst'
Processing 'doc/source/examples/skl_transformer_demo.rst'
Processing 'doc/source/examples/clfs_examples.rst'
Processing 'doc/source/examples/sensanas.rst'
Processing 'doc/source/examples/smellit.rst'
Processing 'doc/source/examples/som.rst'
Processing 'doc/source/examples/hyperalignment.rst'
Processing 'doc/source/examples/permutation_test.rst'
Processing 'doc/source/tutorial_openfmri.rst'
Processing 'doc/source/tutorial_eventrelated_searchlight.rst'
Processing 'doc/source/examples/rsa_fmri.rst'
Processing 'doc/source/tutorial_sensitivity.rst'
Processing 'doc/source/tutorial_meta_classifiers.rst'
Processing 'doc/source/examples/eventrelated.rst'
Processing 'doc/source/tutorial_datasets.rst'
Processing 'doc/source/examples/nested_cv.rst'
Processing 'doc/source/tutorial_eventrelated.rst'
Processing 'doc/source/examples/skl_classifier_demo.rst'
Processing 'doc/source/examples/start_easy.rst'
Processing 'doc/source/examples/gpr.rst'
Processing 'doc/source/examples/eyemovements.rst'
Processing 'doc/source/tutorial_searchlight.rst'
Processing 'doc/source/examples/searchlight_surf.rst'
Processing 'doc/source/examples/mdp_mnist.rst'
Processing 'doc/source/tutorial_classifiers.rst'
Processing 'doc/source/examples/curvefitting.rst'
Processing 'doc/source/examples/gpr_model_selection0.rst'
Processing 'doc/source/examples/svdclf.rst'
Processing 'doc/source/examples/topo_plot.rst'
Processing 'doc/source/examples/mri_plot.rst'
Processing 'doc/source/examples/searchlight_minimal.rst'
Processing 'doc/source/examples/pylab_2d.rst'
Processing 'doc/source/examples/cachedkernel.rst'
Processing 'doc/source/examples/smlr.rst'
Processing 'doc/source/examples/erp_plot.rst'
Processing 'doc/source/examples/projections.rst'
touch notebooks-stamp
if [ ! -d /<<PKGBUILDDIR>>/build/man ]; then mkdir -p /<<PKGBUILDDIR>>/build/man; fi
I: Creating manpages
PYTHONPATH=.: help2man -N -n 'preprocess fMRI data for PyMVPA' \
	bin/pymvpa2-prep-fmri > /<<PKGBUILDDIR>>/build/man/pymvpa2-prep-fmri.1
PYTHONPATH=.: help2man -N -n 'start a PyMVPA tutorial session' \
	bin/pymvpa2-tutorial > /<<PKGBUILDDIR>>/build/man/pymvpa2-tutorial.1
PYTHONPATH=.: help2man --no-discard-stderr -N -n \
		'preprocess FreeSurfer surfaces for AFNI/SUMA' \
		bin/pymvpa2-prep-afni-surf > /<<PKGBUILDDIR>>/build/man/pymvpa2-prep-afni-surf.1
PYTHONPATH=.: help2man --no-discard-stderr \
	--help-option="--help-np" -N -n "command line interface for PyMVPA" \
		bin/pymvpa2 > /<<PKGBUILDDIR>>/build/man/pymvpa2.1
for cmd in $(tr "\n'," ' ' < bin/pymvpa2 | sed -e 's/.*enabled_cmds = \[//' -e 's/\].*//'); do \
	summary="$(grep 'man: -*-' < mvpa2/cmdline/cmd_${cmd}.py | cut -d '%' -f 2-)"; \
	PYTHONPATH=.: help2man --no-discard-stderr \
		--help-option="--help-np" -N -n "$summary" \
			"bin/pymvpa2 ${cmd}" > /<<PKGBUILDDIR>>/build/man/pymvpa2-${cmd}.1 ; \
done
I: Creating an HTML version of documentation
cd /<<PKGBUILDDIR>>/doc && MVPA_EXTERNALS_RAISE_EXCEPTION=off \
	PYTHONPATH=/<<PKGBUILDDIR>>: \
	MPLCONFIGDIR=/<<PKGBUILDDIR>>/build HOME=/<<PKGBUILDDIR>>/build \
	/usr/bin/make html BUILDDIR=/<<PKGBUILDDIR>>/build SPHINXOPTS=""
make[3]: Entering directory '/<<PKGBUILDDIR>>/doc'
# fetch intersphinx objects for explicit intersphinxing
python source/conf.py cache_intersphinx
D: PyMVPA path ['/<<PKGBUILDDIR>>/mvpa2']
D: PYTHONPATHs /<<PKGBUILDDIR>>/doc/source
   /<<PKGBUILDDIR>>
   /<<PKGBUILDDIR>>/doc
   /usr/lib/python2.7
   /usr/lib/python2.7/plat-x86_64-linux-gnu
   /usr/lib/python2.7/lib-tk
   /usr/lib/python2.7/lib-old
   /usr/lib/python2.7/lib-dynload
   /usr/local/lib/python2.7/dist-packages
   /usr/lib/python2.7/dist-packages
D: failed to retrieve from http://docs.python.org//objects.inv: [Errno socket error] [Errno 111] Connection refused
D: failed to retrieve from http://docs.scipy.org/doc/scipy/reference/objects.inv: [Errno socket error] [Errno 111] Connection refused
D: failed to retrieve from http://matplotlib.sourceforge.net//objects.inv: [Errno socket error] [Errno 111] Connection refused
D: failed to retrieve from http://nipy.sourceforge.net/nipy/stable/objects.inv: [Errno socket error] [Errno 111] Connection refused
D: failed to retrieve from http://docs.scipy.org/doc/numpy//objects.inv: [Errno socket error] [Errno 111] Connection refused
D: failed to retrieve from http://nipy.sourceforge.net/nipype/objects.inv: [Errno socket error] [Errno 111] Connection refused
D: failed to retrieve from http://docs.h5py.org/en/2.3//objects.inv: [Errno socket error] [Errno 111] Connection refused
D: interersphinx_mapping {'http://docs.python.org/': 'source/intersphinx/docs.python.org_objects.inv', 'http://docs.scipy.org/doc/scipy/reference': 'source/intersphinx/docs.scipy.org_objects.inv', 'http://matplotlib.sourceforge.net/': 'source/intersphinx/matplotlib.sourceforge.net_objects.inv', 'http://nipy.sourceforge.net/nipy/stable': 'source/intersphinx/nipy.sourceforge.net_objects.inv', 'http://docs.scipy.org/doc/numpy/': 'source/intersphinx/docs.scipy.org_objects.inv', 'http://nipy.sourceforge.net/nipype': 'source/intersphinx/nipy.sourceforge.net_objects.inv', 'http://docs.h5py.org/en/2.3/': 'source/intersphinx/docs.h5py.org_objects.inv'} 
mkdir -p /<<PKGBUILDDIR>>/build
mkdir -p source/generated
set -e; set -o pipefail; for man in /<<PKGBUILDDIR>>/build/man/pymvpa*; do \
	manfile=$(basename ${man}) ; \
	cmd=${manfile#pymvpa2-*} ; \
	cmd=${cmd%*.1} ; \
	man2html ${man} | sed -n '/<HR>/{:a;n;/<HR>/b;p;ba}' | sed -n '/<A NAME/{:a;n;/This document was created by/b;p;ba}' > source/generated/${manfile}.html ; \
	underline="*****************$(echo ${cmd} | tr A-Za-z0-9 \*)" ; \
	printf ".. index:: command line, ${cmd}\n.. _chap_cmdline_${cmd}:\n\n${underline}\nMan page for \`\`${cmd}\`\`\n${underline}\n\n.. raw:: html\n   :file: ${manfile}.html\n" > source/generated/cmd_${cmd}.rst ; \
done
sphinx-build -b html -d /<<PKGBUILDDIR>>/build/doctrees   source /<<PKGBUILDDIR>>/build/html
Running Sphinx v1.7.4

Extension error:
Could not import extension sphinxext.exercise_directive (exception: cannot import name Directive)
D: PyMVPA path ['/<<PKGBUILDDIR>>/mvpa2']
D: PYTHONPATHs /usr/share/sphinx/scripts/python2
   /<<PKGBUILDDIR>>
   /<<PKGBUILDDIR>>/doc
   /usr/lib/python2.7
   /usr/lib/python2.7/plat-x86_64-linux-gnu
   /usr/lib/python2.7/lib-tk
   /usr/lib/python2.7/lib-old
   /usr/lib/python2.7/lib-dynload
   /usr/local/lib/python2.7/dist-packages
   /usr/lib/python2.7/dist-packages
D: interersphinx_mapping {'http://docs.python.org/': u'/<<PKGBUILDDIR>>/doc/source/intersphinx/docs.python.org_objects.inv', 'http://docs.scipy.org/doc/scipy/reference': u'/<<PKGBUILDDIR>>/doc/source/intersphinx/docs.scipy.org_objects.inv', 'http://matplotlib.sourceforge.net/': u'/<<PKGBUILDDIR>>/doc/source/intersphinx/matplotlib.sourceforge.net_objects.inv', 'http://nipy.sourceforge.net/nipy/stable': u'/<<PKGBUILDDIR>>/doc/source/intersphinx/nipy.sourceforge.net_objects.inv', 'http://docs.scipy.org/doc/numpy/': u'/<<PKGBUILDDIR>>/doc/source/intersphinx/docs.scipy.org_objects.inv', 'http://nipy.sourceforge.net/nipype': u'/<<PKGBUILDDIR>>/doc/source/intersphinx/nipy.sourceforge.net_objects.inv', 'http://docs.h5py.org/en/2.3/': u'/<<PKGBUILDDIR>>/doc/source/intersphinx/docs.h5py.org_objects.inv'} 
make[3]: *** [Makefile:61: html] Error 2
make[3]: Leaving directory '/<<PKGBUILDDIR>>/doc'
make[2]: *** [Makefile:223: htmldoc] Error 2
make[2]: Leaving directory '/<<PKGBUILDDIR>>'
make[1]: *** [debian/rules:32: override_dh_auto_build] Error 2
make[1]: Leaving directory '/<<PKGBUILDDIR>>'
make: *** [debian/rules:21: build-arch] Error 2
dpkg-buildpackage: error: debian/rules build-arch subprocess returned exit status 2
--------------------------------------------------------------------------------
Build finished at 2018-05-02T12:19:09Z

Finished
--------


+------------------------------------------------------------------------------+
| Cleanup                                                                      |
+------------------------------------------------------------------------------+

Purging /<<BUILDDIR>>
Not cleaning session: cloned chroot in use
E: Build failure (dpkg-buildpackage died)

+------------------------------------------------------------------------------+
| Summary                                                                      |
+------------------------------------------------------------------------------+

Build Architecture: amd64
Build Type: any
Build-Space: 34656
Build-Time: 77
Distribution: unstable
Fail-Stage: build
Host Architecture: amd64
Install-Time: 46
Job: pymvpa2_2.6.4-2
Machine Architecture: amd64
Package: pymvpa2
Package-Time: 138
Source-Version: 2.6.4-2
Space: 34656
Status: attempted
Version: 2.6.4-2
--------------------------------------------------------------------------------
Finished at 2018-05-02T12:19:09Z
Build needed 00:02:18, 34656k disk space
E: Build failure (dpkg-buildpackage died)
DC-Status: Failed 138.754091149s
DC-Time-Estimation: 138.754091149 versus expected 1277 (r/m: 8.203332236371347 ; m: 138.754091149)
