DC-Build-Header: python2.7 2.7.15-1 / 2018-05-02 12:04:59 +0000
DC-Task: type:rebuild-binarch-only source:python2.7 version:2.7.15-1 chroot:unstable esttime: logfile:/tmp/python2.7_2.7.15-1_unstable_clang60.log modes:clang60:binarch-only
DC-Sbuild-call: su user42 -c 'sbuild -n --arch-any --apt-update -d unstable -v  --chroot-setup-commands=/tmp/clang60 python2.7_2.7.15-1'
sbuild (Debian sbuild) 0.73.0 (23 Dec 2016) on ip-172-31-3-19.eu-central-1.compute.internal

+==============================================================================+
| python2.7 2.7.15-1 (amd64)                   Wed, 02 May 2018 12:04:59 +0000 |
+==============================================================================+

Package: python2.7
Version: 2.7.15-1
Source Version: 2.7.15-1
Distribution: unstable
Machine Architecture: amd64
Host Architecture: amd64
Build Architecture: amd64
Build Type: any

I: NOTICE: Log filtering will replace 'var/run/schroot/mount/unstable-amd64-sbuild-8820b16d-f4a4-4f22-9dcc-a71811bf6e69' with '<<CHROOT>>'

+------------------------------------------------------------------------------+
| Chroot Setup Commands                                                        |
+------------------------------------------------------------------------------+


/tmp/clang60
------------

+ echo 'Entering customization script...'
Entering customization script...
+ CLANG_VERSION=6.0
+ echo 'Install of clang-6.0'
Install of clang-6.0
+ apt-get update
Get:1 http://127.0.0.1:9999/debian unstable InRelease [242 kB]
Get:2 http://127.0.0.1:9999/debian unstable/main Sources.diff/Index [27.9 kB]
Get:3 http://127.0.0.1:9999/debian unstable/main amd64 Packages.diff/Index [27.9 kB]
Get:4 http://127.0.0.1:9999/debian unstable/main Sources 2018-05-02-0830.09.pdiff [16.2 kB]
Get:4 http://127.0.0.1:9999/debian unstable/main Sources 2018-05-02-0830.09.pdiff [16.2 kB]
Get:5 http://127.0.0.1:9999/debian unstable/main amd64 Packages 2018-05-02-0830.09.pdiff [1781 B]
Get:5 http://127.0.0.1:9999/debian unstable/main amd64 Packages 2018-05-02-0830.09.pdiff [1781 B]
Get:6 http://127.0.0.1:9999/debian unstable/main Translation-en [6016 kB]
Fetched 6332 kB in 2s (3509 kB/s)
Reading package lists...
+ apt-get install --yes --no-install-recommends --force-yes clang-6.0
Reading package lists...
Building dependency tree...
Reading state information...
The following additional packages will be installed:
  lib32gcc1 lib32stdc++6 libbsd0 libc6-i386 libclang-common-6.0-dev
  libclang1-6.0 libedit2 libjsoncpp1 libllvm6.0 libncurses5 libobjc-7-dev
  libobjc4
Suggested packages:
  gnustep gnustep-devel clang-6.0-doc
Recommended packages:
  llvm-6.0-dev python libomp-dev libgpm2
The following NEW packages will be installed:
  clang-6.0 lib32gcc1 lib32stdc++6 libbsd0 libc6-i386 libclang-common-6.0-dev
  libclang1-6.0 libedit2 libjsoncpp1 libllvm6.0 libncurses5 libobjc-7-dev
  libobjc4
0 upgraded, 13 newly installed, 0 to remove and 0 not upgraded.
Need to get 37.7 MB of archives.
After this operation, 187 MB of additional disk space will be used.
Get:1 http://127.0.0.1:9999/debian unstable/main amd64 libjsoncpp1 amd64 1.7.4-3 [75.6 kB]
Get:2 http://127.0.0.1:9999/debian unstable/main amd64 libbsd0 amd64 0.8.7-1 [92.1 kB]
Get:3 http://127.0.0.1:9999/debian unstable/main amd64 libncurses5 amd64 6.1+20180210-2 [95.7 kB]
Get:4 http://127.0.0.1:9999/debian unstable/main amd64 libedit2 amd64 3.1-20170329-1 [85.2 kB]
Get:5 http://127.0.0.1:9999/debian unstable/main amd64 libllvm6.0 amd64 1:6.0-3 [14.5 MB]
Get:6 http://127.0.0.1:9999/debian unstable/main amd64 libobjc4 amd64 8-20180425-1 [52.4 kB]
Get:7 http://127.0.0.1:9999/debian unstable/main amd64 libobjc-7-dev amd64 7.3.0-17 [204 kB]
Get:8 http://127.0.0.1:9999/debian unstable/main amd64 libc6-i386 amd64 2.27-3 [2855 kB]
Get:9 http://127.0.0.1:9999/debian unstable/main amd64 lib32gcc1 amd64 1:8-20180425-1 [47.8 kB]
Get:10 http://127.0.0.1:9999/debian unstable/main amd64 lib32stdc++6 amd64 8-20180425-1 [406 kB]
Get:11 http://127.0.0.1:9999/debian unstable/main amd64 libclang-common-6.0-dev amd64 1:6.0-3 [3102 kB]
Get:12 http://127.0.0.1:9999/debian unstable/main amd64 libclang1-6.0 amd64 1:6.0-3 [6995 kB]
Get:13 http://127.0.0.1:9999/debian unstable/main amd64 clang-6.0 amd64 1:6.0-3 [9175 kB]
debconf: delaying package configuration, since apt-utils is not installed
Fetched 37.7 MB in 0s (96.6 MB/s)
Selecting previously unselected package libjsoncpp1:amd64.
(Reading database ... (Reading database ... 5%(Reading database ... 10%(Reading database ... 15%(Reading database ... 20%(Reading database ... 25%(Reading database ... 30%(Reading database ... 35%(Reading database ... 40%(Reading database ... 45%(Reading database ... 50%(Reading database ... 55%(Reading database ... 60%(Reading database ... 65%(Reading database ... 70%(Reading database ... 75%(Reading database ... 80%(Reading database ... 85%(Reading database ... 90%(Reading database ... 95%(Reading database ... 100%(Reading database ... 10022 files and directories currently installed.)
Preparing to unpack .../00-libjsoncpp1_1.7.4-3_amd64.deb ...
Unpacking libjsoncpp1:amd64 (1.7.4-3) ...
Selecting previously unselected package libbsd0:amd64.
Preparing to unpack .../01-libbsd0_0.8.7-1_amd64.deb ...
Unpacking libbsd0:amd64 (0.8.7-1) ...
Selecting previously unselected package libncurses5:amd64.
Preparing to unpack .../02-libncurses5_6.1+20180210-2_amd64.deb ...
Unpacking libncurses5:amd64 (6.1+20180210-2) ...
Selecting previously unselected package libedit2:amd64.
Preparing to unpack .../03-libedit2_3.1-20170329-1_amd64.deb ...
Unpacking libedit2:amd64 (3.1-20170329-1) ...
Selecting previously unselected package libllvm6.0:amd64.
Preparing to unpack .../04-libllvm6.0_1%3a6.0-3_amd64.deb ...
Unpacking libllvm6.0:amd64 (1:6.0-3) ...
Selecting previously unselected package libobjc4:amd64.
Preparing to unpack .../05-libobjc4_8-20180425-1_amd64.deb ...
Unpacking libobjc4:amd64 (8-20180425-1) ...
Selecting previously unselected package libobjc-7-dev:amd64.
Preparing to unpack .../06-libobjc-7-dev_7.3.0-17_amd64.deb ...
Unpacking libobjc-7-dev:amd64 (7.3.0-17) ...
Selecting previously unselected package libc6-i386.
Preparing to unpack .../07-libc6-i386_2.27-3_amd64.deb ...
Unpacking libc6-i386 (2.27-3) ...
Selecting previously unselected package lib32gcc1.
Preparing to unpack .../08-lib32gcc1_1%3a8-20180425-1_amd64.deb ...
Unpacking lib32gcc1 (1:8-20180425-1) ...
Selecting previously unselected package lib32stdc++6.
Preparing to unpack .../09-lib32stdc++6_8-20180425-1_amd64.deb ...
Unpacking lib32stdc++6 (8-20180425-1) ...
Selecting previously unselected package libclang-common-6.0-dev.
Preparing to unpack .../10-libclang-common-6.0-dev_1%3a6.0-3_amd64.deb ...
Unpacking libclang-common-6.0-dev (1:6.0-3) ...
Selecting previously unselected package libclang1-6.0:amd64.
Preparing to unpack .../11-libclang1-6.0_1%3a6.0-3_amd64.deb ...
Unpacking libclang1-6.0:amd64 (1:6.0-3) ...
Selecting previously unselected package clang-6.0.
Preparing to unpack .../12-clang-6.0_1%3a6.0-3_amd64.deb ...
Unpacking clang-6.0 (1:6.0-3) ...
Setting up libncurses5:amd64 (6.1+20180210-2) ...
Setting up libobjc4:amd64 (8-20180425-1) ...
Setting up libc6-i386 (2.27-3) ...
Setting up libbsd0:amd64 (0.8.7-1) ...
Setting up libobjc-7-dev:amd64 (7.3.0-17) ...
Processing triggers for libc-bin (2.27-3) ...
Setting up lib32gcc1 (1:8-20180425-1) ...
Setting up libjsoncpp1:amd64 (1.7.4-3) ...
Setting up libedit2:amd64 (3.1-20170329-1) ...
Setting up libllvm6.0:amd64 (1:6.0-3) ...
Setting up libclang1-6.0:amd64 (1:6.0-3) ...
Setting up lib32stdc++6 (8-20180425-1) ...
Setting up libclang-common-6.0-dev (1:6.0-3) ...
Setting up clang-6.0 (1:6.0-3) ...
Processing triggers for libc-bin (2.27-3) ...
W: --force-yes is deprecated, use one of the options starting with --allow instead.
+ echo 'Replace gcc, g++ & cpp by clang'
Replace gcc, g++ & cpp by clang
+ VERSIONS='4.6 4.7 4.8 4.9 5 6 7 8'
+ cd /usr/bin
+ for VERSION in $VERSIONS
+ rm -f g++-4.6 gcc-4.6 cpp-4.6 gcc
+ ln -s clang++-6.0 g++-4.6
+ ln -s clang-6.0 gcc-4.6
+ ln -s clang-6.0 cpp-4.6
+ ln -s clang-6.0 gcc
+ echo 'gcc-4.6 hold'
+ dpkg --set-selections
dpkg: warning: package not in status nor available database at line 1: gcc-4.6
dpkg: warning: found unknown packages; this might mean the available database
is outdated, and needs to be updated through a frontend method;
please see the FAQ <https://wiki.debian.org/Teams/Dpkg/FAQ>
+ echo 'g++-4.6 hold'
+ dpkg --set-selections
dpkg: warning: package not in status nor available database at line 1: g++-4.6
dpkg: warning: found unknown packages; this might mean the available database
is outdated, and needs to be updated through a frontend method;
please see the FAQ <https://wiki.debian.org/Teams/Dpkg/FAQ>
+ for VERSION in $VERSIONS
+ rm -f g++-4.7 gcc-4.7 cpp-4.7 gcc
+ ln -s clang++-6.0 g++-4.7
+ ln -s clang-6.0 gcc-4.7
+ ln -s clang-6.0 cpp-4.7
+ ln -s clang-6.0 gcc
+ echo 'gcc-4.7 hold'
+ dpkg --set-selections
dpkg: warning: package not in status nor available database at line 1: gcc-4.7
dpkg: warning: found unknown packages; this might mean the available database
is outdated, and needs to be updated through a frontend method;
please see the FAQ <https://wiki.debian.org/Teams/Dpkg/FAQ>
+ echo 'g++-4.7 hold'
+ dpkg --set-selections
dpkg: warning: package not in status nor available database at line 1: g++-4.7
dpkg: warning: found unknown packages; this might mean the available database
is outdated, and needs to be updated through a frontend method;
please see the FAQ <https://wiki.debian.org/Teams/Dpkg/FAQ>
+ for VERSION in $VERSIONS
+ rm -f g++-4.8 gcc-4.8 cpp-4.8 gcc
+ ln -s clang++-6.0 g++-4.8
+ ln -s clang-6.0 gcc-4.8
+ ln -s clang-6.0 cpp-4.8
+ ln -s clang-6.0 gcc
+ echo 'gcc-4.8 hold'
+ dpkg --set-selections
dpkg: warning: package not in status nor available database at line 1: gcc-4.8
dpkg: warning: found unknown packages; this might mean the available database
is outdated, and needs to be updated through a frontend method;
please see the FAQ <https://wiki.debian.org/Teams/Dpkg/FAQ>
+ echo 'g++-4.8 hold'
+ dpkg --set-selections
dpkg: warning: package not in status nor available database at line 1: g++-4.8
dpkg: warning: found unknown packages; this might mean the available database
is outdated, and needs to be updated through a frontend method;
please see the FAQ <https://wiki.debian.org/Teams/Dpkg/FAQ>
+ for VERSION in $VERSIONS
+ rm -f g++-4.9 gcc-4.9 cpp-4.9 gcc
+ ln -s clang++-6.0 g++-4.9
+ ln -s clang-6.0 gcc-4.9
+ ln -s clang-6.0 cpp-4.9
+ ln -s clang-6.0 gcc
+ echo 'gcc-4.9 hold'
+ dpkg --set-selections
dpkg: warning: package not in status nor available database at line 1: gcc-4.9
dpkg: warning: found unknown packages; this might mean the available database
is outdated, and needs to be updated through a frontend method;
please see the FAQ <https://wiki.debian.org/Teams/Dpkg/FAQ>
+ echo 'g++-4.9 hold'
+ dpkg --set-selections
dpkg: warning: package not in status nor available database at line 1: g++-4.9
dpkg: warning: found unknown packages; this might mean the available database
is outdated, and needs to be updated through a frontend method;
please see the FAQ <https://wiki.debian.org/Teams/Dpkg/FAQ>
+ for VERSION in $VERSIONS
+ rm -f g++-5 gcc-5 cpp-5 gcc
+ ln -s clang++-6.0 g++-5
+ ln -s clang-6.0 gcc-5
+ ln -s clang-6.0 cpp-5
+ ln -s clang-6.0 gcc
+ echo 'gcc-5 hold'
+ dpkg --set-selections
+ echo 'g++-5 hold'
+ dpkg --set-selections
+ for VERSION in $VERSIONS
+ rm -f g++-6 gcc-6 cpp-6 gcc
+ ln -s clang++-6.0 g++-6
+ ln -s clang-6.0 gcc-6
+ ln -s clang-6.0 cpp-6
+ ln -s clang-6.0 gcc
+ echo 'gcc-6 hold'
+ dpkg --set-selections
dpkg: warning: package not in status nor available database at line 1: gcc-6
dpkg: warning: found unknown packages; this might mean the available database
is outdated, and needs to be updated through a frontend method;
please see the FAQ <https://wiki.debian.org/Teams/Dpkg/FAQ>
+ echo 'g++-6 hold'
+ dpkg --set-selections
dpkg: warning: package not in status nor available database at line 1: g++-6
dpkg: warning: found unknown packages; this might mean the available database
is outdated, and needs to be updated through a frontend method;
please see the FAQ <https://wiki.debian.org/Teams/Dpkg/FAQ>
+ for VERSION in $VERSIONS
+ rm -f g++-7 gcc-7 cpp-7 gcc
+ ln -s clang++-6.0 g++-7
+ ln -s clang-6.0 gcc-7
+ ln -s clang-6.0 cpp-7
+ ln -s clang-6.0 gcc
+ echo 'gcc-7 hold'
+ dpkg --set-selections
+ echo 'g++-7 hold'
+ dpkg --set-selections
+ for VERSION in $VERSIONS
+ rm -f g++-8 gcc-8 cpp-8 gcc
+ ln -s clang++-6.0 g++-8
+ ln -s clang-6.0 gcc-8
+ ln -s clang-6.0 cpp-8
+ ln -s clang-6.0 gcc
+ echo 'gcc-8 hold'
+ dpkg --set-selections
dpkg: warning: package not in status nor available database at line 1: gcc-8
dpkg: warning: found unknown packages; this might mean the available database
is outdated, and needs to be updated through a frontend method;
please see the FAQ <https://wiki.debian.org/Teams/Dpkg/FAQ>
+ echo 'g++-8 hold'
+ dpkg --set-selections
dpkg: warning: package not in status nor available database at line 1: g++-8
dpkg: warning: found unknown packages; this might mean the available database
is outdated, and needs to be updated through a frontend method;
please see the FAQ <https://wiki.debian.org/Teams/Dpkg/FAQ>
+ cd -
/build/python2.7-cqzLgp
+ echo 'Check if gcc, g++ & cpp are actually clang'
Check if gcc, g++ & cpp are actually clang
+ gcc --version
+ grep clang
+ cpp --version
+ grep clang
+ g++ --version
+ grep clang

I: Finished running '/tmp/clang60'.

Finished processing commands.
--------------------------------------------------------------------------------

+------------------------------------------------------------------------------+
| Update chroot                                                                |
+------------------------------------------------------------------------------+

Hit:1 http://127.0.0.1:9999/debian unstable InRelease
Reading package lists...
Reading package lists...
Building dependency tree...
Reading state information...
Calculating upgrade...
0 upgraded, 0 newly installed, 0 to remove and 0 not upgraded.

+------------------------------------------------------------------------------+
| Fetch source files                                                           |
+------------------------------------------------------------------------------+


Check APT
---------

Checking available source versions...

Download source files with APT
------------------------------

Reading package lists...
NOTICE: 'python2.7' packaging is maintained in the 'Bzr' version control system at:
http://bazaar.launchpad.net/~doko/python/pkg2.7-debian
Please use:
bzr branch http://bazaar.launchpad.net/~doko/python/pkg2.7-debian
to retrieve the latest (possibly unreleased) updates to the package.
Need to get 17.8 MB of source archives.
Get:1 http://127.0.0.1:9999/debian unstable/main python2.7 2.7.15-1 (dsc) [3357 B]
Get:2 http://127.0.0.1:9999/debian unstable/main python2.7 2.7.15-1 (tar) [17.5 MB]
Get:3 http://127.0.0.1:9999/debian unstable/main python2.7 2.7.15-1 (diff) [285 kB]
Fetched 17.8 MB in 0s (48.0 MB/s)
Download complete and in download only mode
I: NOTICE: Log filtering will replace 'build/python2.7-cqzLgp/python2.7-2.7.15' with '<<PKGBUILDDIR>>'
I: NOTICE: Log filtering will replace 'build/python2.7-cqzLgp' with '<<BUILDDIR>>'

+------------------------------------------------------------------------------+
| Install build-essential                                                      |
+------------------------------------------------------------------------------+


Setup apt archive
-----------------

Merged Build-Depends: build-essential, fakeroot
Filtered Build-Depends: build-essential, fakeroot
dpkg-deb: building package 'sbuild-build-depends-core-dummy' in '/<<BUILDDIR>>/resolver-xspIB2/apt_archive/sbuild-build-depends-core-dummy.deb'.
dpkg-scanpackages: warning: Packages in archive but missing from override file:
dpkg-scanpackages: warning:   sbuild-build-depends-core-dummy
dpkg-scanpackages: info: Wrote 1 entries to output Packages file.
Ign:1 copy:/<<BUILDDIR>>/resolver-xspIB2/apt_archive ./ InRelease
Get:2 copy:/<<BUILDDIR>>/resolver-xspIB2/apt_archive ./ Release [957 B]
Ign:3 copy:/<<BUILDDIR>>/resolver-xspIB2/apt_archive ./ Release.gpg
Get:4 copy:/<<BUILDDIR>>/resolver-xspIB2/apt_archive ./ Sources [349 B]
Get:5 copy:/<<BUILDDIR>>/resolver-xspIB2/apt_archive ./ Packages [432 B]
Fetched 1738 B in 0s (0 B/s)
Reading package lists...
Reading package lists...

Install core build dependencies (apt-based resolver)
----------------------------------------------------

Installing build dependencies
Reading package lists...
Building dependency tree...
Reading state information...
The following NEW packages will be installed:
  sbuild-build-depends-core-dummy
0 upgraded, 1 newly installed, 0 to remove and 0 not upgraded.
Need to get 856 B of archives.
After this operation, 0 B of additional disk space will be used.
Get:1 copy:/<<BUILDDIR>>/resolver-xspIB2/apt_archive ./ sbuild-build-depends-core-dummy 0.invalid.0 [856 B]
debconf: delaying package configuration, since apt-utils is not installed
Fetched 856 B in 0s (0 B/s)
Selecting previously unselected package sbuild-build-depends-core-dummy.
(Reading database ... 10771 files and directories currently installed.)
Preparing to unpack .../sbuild-build-depends-core-dummy_0.invalid.0_amd64.deb ...
Unpacking sbuild-build-depends-core-dummy (0.invalid.0) ...
Setting up sbuild-build-depends-core-dummy (0.invalid.0) ...

+------------------------------------------------------------------------------+
| Check architectures                                                          |
+------------------------------------------------------------------------------+

Arch check ok (amd64 included in any all)

+------------------------------------------------------------------------------+
| Install package build dependencies                                           |
+------------------------------------------------------------------------------+


Setup apt archive
-----------------

Merged Build-Depends: debhelper (>= 9), dpkg-dev (>= 1.17.11), quilt, autoconf, autotools-dev, lsb-release, sharutils, libreadline-dev, libtinfo-dev, libncursesw5-dev (>= 5.3), tk-dev, blt-dev (>= 2.4z), libssl-dev, zlib1g-dev, libbz2-dev, libexpat1-dev, libbluetooth-dev, locales, libsqlite3-dev, libffi-dev (>= 3.0.5), libgpm2, mime-support, netbase, net-tools, bzip2, time, libdb-dev (<< 1:6.0), libgdbm-dev, python:any, help2man, xvfb, xauth
Merged Build-Conflicts: autoconf2.13, hardening-wrapper, python-cxx-dev, python-xml, python2.7-xml, tcl8.4-dev, tk8.4-dev
Filtered Build-Depends: debhelper (>= 9), dpkg-dev (>= 1.17.11), quilt, autoconf, autotools-dev, lsb-release, sharutils, libreadline-dev, libtinfo-dev, libncursesw5-dev (>= 5.3), tk-dev, blt-dev (>= 2.4z), libssl-dev, zlib1g-dev, libbz2-dev, libexpat1-dev, libbluetooth-dev, locales, libsqlite3-dev, libffi-dev (>= 3.0.5), libgpm2, mime-support, netbase, net-tools, bzip2, time, libdb-dev (<< 1:6.0), libgdbm-dev, python:any, help2man, xvfb, xauth
Filtered Build-Conflicts: autoconf2.13, hardening-wrapper, python-cxx-dev, python-xml, python2.7-xml, tcl8.4-dev, tk8.4-dev
dpkg-deb: building package 'sbuild-build-depends-python2.7-dummy' in '/<<BUILDDIR>>/resolver-xspIB2/apt_archive/sbuild-build-depends-python2.7-dummy.deb'.
dpkg-scanpackages: warning: Packages in archive but missing from override file:
dpkg-scanpackages: warning:   sbuild-build-depends-core-dummy sbuild-build-depends-python2.7-dummy
dpkg-scanpackages: info: Wrote 2 entries to output Packages file.
Ign:1 copy:/<<BUILDDIR>>/resolver-xspIB2/apt_archive ./ InRelease
Get:2 copy:/<<BUILDDIR>>/resolver-xspIB2/apt_archive ./ Release [963 B]
Ign:3 copy:/<<BUILDDIR>>/resolver-xspIB2/apt_archive ./ Release.gpg
Get:4 copy:/<<BUILDDIR>>/resolver-xspIB2/apt_archive ./ Sources [817 B]
Get:5 copy:/<<BUILDDIR>>/resolver-xspIB2/apt_archive ./ Packages [831 B]
Fetched 2611 B in 0s (0 B/s)
Reading package lists...
Reading package lists...

Install python2.7 build dependencies (apt-based resolver)
---------------------------------------------------------

Installing build dependencies
Reading package lists...
Building dependency tree...
Reading state information...
The following additional packages will be installed:
  autoconf automake autopoint autotools-dev blt-dev bsdmainutils debhelper
  dh-autoreconf dh-strip-nondeterminism diffstat distro-info-data file
  fontconfig-config fonts-dejavu-core gettext gettext-base groff-base help2man
  intltool-debian libarchive-zip-perl libbluetooth-dev libbluetooth3
  libbz2-dev libc-l10n libcroco3 libdb-dev libdb5.3-dev libdrm-amdgpu1
  libdrm-common libdrm-intel1 libdrm-nouveau2 libdrm-radeon1 libdrm2 libelf1
  libexpat1 libexpat1-dev libffi-dev libfile-stripnondeterminism-perl
  libfontconfig1 libfontconfig1-dev libfontenc1 libfreetype6 libfreetype6-dev
  libgdbm-dev libgl1 libgl1-mesa-dri libglapi-mesa libglib2.0-0 libglvnd0
  libglx-mesa0 libglx0 libgpm2 libice-dev libice6 libicu57 libllvm5.0
  liblocale-gettext-perl libmagic-mgc libmagic1 libmpdec2 libncurses-dev
  libncurses6 libncursesw5-dev libncursesw6 libpciaccess0 libpipeline1
  libpixman-1-0 libpng-dev libpng16-16 libpthread-stubs0-dev libpython-stdlib
  libpython2.7-minimal libpython2.7-stdlib libpython3-stdlib
  libpython3.6-minimal libpython3.6-stdlib libreadline-dev libreadline7
  libsensors4 libsigsegv2 libsm-dev libsm6 libsqlite3-0 libsqlite3-dev
  libssl-dev libssl1.1 libtcl8.6 libtimedate-perl libtinfo-dev libtk8.6
  libtool libx11-6 libx11-data libx11-dev libx11-xcb1 libxau-dev libxau6
  libxaw7 libxcb-dri2-0 libxcb-dri3-0 libxcb-glx0 libxcb-present0 libxcb-sync1
  libxcb-xfixes0 libxcb1 libxcb1-dev libxdamage1 libxdmcp-dev libxdmcp6
  libxext-dev libxext6 libxfixes3 libxfont2 libxft-dev libxft2 libxkbfile1
  libxml2 libxmu6 libxmuu1 libxpm4 libxrender-dev libxrender1 libxshmfence1
  libxss-dev libxss1 libxt-dev libxt6 libxxf86vm1 locales lsb-base lsb-release
  m4 man-db mime-support net-tools netbase pkg-config po-debconf python
  python-minimal python2.7 python2.7-minimal python3 python3-minimal python3.6
  python3.6-minimal quilt readline-common sharutils tcl tcl-dev tcl8.6
  tcl8.6-dev time tk tk-dev tk8.6 tk8.6-blt2.5 tk8.6-dev tzdata ucf uuid-dev
  x11-common x11-xkb-utils x11proto-core-dev x11proto-dev
  x11proto-scrnsaver-dev x11proto-xext-dev xauth xkb-data xorg-sgml-doctools
  xserver-common xtrans-dev xvfb zlib1g-dev
Suggested packages:
  autoconf-archive gnu-standards autoconf-doc blt-demo wamerican | wordlist
  whois vacation dh-make dwz gettext-doc libasprintf-dev libgettextpo-dev
  groff db5.3-doc gpm libice-doc pciutils readline-doc lm-sensors libsm-doc
  sqlite3-doc libtool-doc gfortran | fortran95-compiler gcj-jdk libxcb-doc
  libxext-doc libxt-doc lsb m4-doc apparmor less www-browser libmail-box-perl
  python-doc python-tk python2.7-doc binfmt-support python3-doc python3-tk
  python3-venv python3.6-venv python3.6-doc procmail graphviz default-mta
  | mail-transport-agent sharutils-doc bsd-mailx | mailx tcl-doc
  tcl-tclreadline tcl8.6-doc tk-doc tk8.6-doc
Recommended packages:
  curl | wget | lynx bzip2-doc libarchive-cpio-perl libglib2.0-data
  shared-mime-info xdg-user-dirs libpng-tools libssl-doc libltdl-dev
  libx11-doc libmail-sendmail-perl less xterm | x-terminal-emulator
  xfonts-base
The following NEW packages will be installed:
  autoconf automake autopoint autotools-dev blt-dev bsdmainutils debhelper
  dh-autoreconf dh-strip-nondeterminism diffstat distro-info-data file
  fontconfig-config fonts-dejavu-core gettext gettext-base groff-base help2man
  intltool-debian libarchive-zip-perl libbluetooth-dev libbluetooth3
  libbz2-dev libc-l10n libcroco3 libdb-dev libdb5.3-dev libdrm-amdgpu1
  libdrm-common libdrm-intel1 libdrm-nouveau2 libdrm-radeon1 libdrm2 libelf1
  libexpat1 libexpat1-dev libffi-dev libfile-stripnondeterminism-perl
  libfontconfig1 libfontconfig1-dev libfontenc1 libfreetype6 libfreetype6-dev
  libgdbm-dev libgl1 libgl1-mesa-dri libglapi-mesa libglib2.0-0 libglvnd0
  libglx-mesa0 libglx0 libgpm2 libice-dev libice6 libicu57 libllvm5.0
  liblocale-gettext-perl libmagic-mgc libmagic1 libmpdec2 libncurses-dev
  libncurses6 libncursesw5-dev libncursesw6 libpciaccess0 libpipeline1
  libpixman-1-0 libpng-dev libpng16-16 libpthread-stubs0-dev libpython-stdlib
  libpython2.7-minimal libpython2.7-stdlib libpython3-stdlib
  libpython3.6-minimal libpython3.6-stdlib libreadline-dev libreadline7
  libsensors4 libsigsegv2 libsm-dev libsm6 libsqlite3-0 libsqlite3-dev
  libssl-dev libssl1.1 libtcl8.6 libtimedate-perl libtinfo-dev libtk8.6
  libtool libx11-6 libx11-data libx11-dev libx11-xcb1 libxau-dev libxau6
  libxaw7 libxcb-dri2-0 libxcb-dri3-0 libxcb-glx0 libxcb-present0 libxcb-sync1
  libxcb-xfixes0 libxcb1 libxcb1-dev libxdamage1 libxdmcp-dev libxdmcp6
  libxext-dev libxext6 libxfixes3 libxfont2 libxft-dev libxft2 libxkbfile1
  libxml2 libxmu6 libxmuu1 libxpm4 libxrender-dev libxrender1 libxshmfence1
  libxss-dev libxss1 libxt-dev libxt6 libxxf86vm1 locales lsb-base lsb-release
  m4 man-db mime-support net-tools netbase pkg-config po-debconf python
  python-minimal python2.7 python2.7-minimal python3 python3-minimal python3.6
  python3.6-minimal quilt readline-common sbuild-build-depends-python2.7-dummy
  sharutils tcl tcl-dev tcl8.6 tcl8.6-dev time tk tk-dev tk8.6 tk8.6-blt2.5
  tk8.6-dev tzdata ucf uuid-dev x11-common x11-xkb-utils x11proto-core-dev
  x11proto-dev x11proto-scrnsaver-dev x11proto-xext-dev xauth xkb-data
  xorg-sgml-doctools xserver-common xtrans-dev xvfb zlib1g-dev
0 upgraded, 176 newly installed, 0 to remove and 0 not upgraded.
Need to get 85.8 MB of archives.
After this operation, 417 MB of additional disk space will be used.
Get:1 copy:/<<BUILDDIR>>/resolver-xspIB2/apt_archive ./ sbuild-build-depends-python2.7-dummy 0.invalid.0 [1128 B]
Get:2 http://127.0.0.1:9999/debian unstable/main amd64 bsdmainutils amd64 11.1.2 [190 kB]
Get:3 http://127.0.0.1:9999/debian unstable/main amd64 groff-base amd64 1.22.3-10 [1176 kB]
Get:4 http://127.0.0.1:9999/debian unstable/main amd64 libpipeline1 amd64 1.5.0-1 [29.0 kB]
Get:5 http://127.0.0.1:9999/debian unstable/main amd64 man-db amd64 2.8.3-2 [1180 kB]
Get:6 http://127.0.0.1:9999/debian unstable/main amd64 libpython2.7-minimal amd64 2.7.15-1 [393 kB]
Get:7 http://127.0.0.1:9999/debian unstable/main amd64 python2.7-minimal amd64 2.7.15-1 [1353 kB]
Get:8 http://127.0.0.1:9999/debian unstable/main amd64 python-minimal amd64 2.7.15~rc1-1 [41.1 kB]
Get:9 http://127.0.0.1:9999/debian unstable/main amd64 mime-support all 3.60 [36.7 kB]
Get:10 http://127.0.0.1:9999/debian unstable/main amd64 libexpat1 amd64 2.2.5-3 [96.8 kB]
Get:11 http://127.0.0.1:9999/debian unstable/main amd64 libncursesw6 amd64 6.1+20180210-2 [131 kB]
Get:12 http://127.0.0.1:9999/debian unstable/main amd64 readline-common all 7.0-3 [70.4 kB]
Get:13 http://127.0.0.1:9999/debian unstable/main amd64 libreadline7 amd64 7.0-3+b1 [151 kB]
Get:14 http://127.0.0.1:9999/debian unstable/main amd64 libsqlite3-0 amd64 3.23.1-1 [603 kB]
Get:15 http://127.0.0.1:9999/debian unstable/main amd64 libssl1.1 amd64 1.1.0h-2 [1352 kB]
Get:16 http://127.0.0.1:9999/debian unstable/main amd64 libpython2.7-stdlib amd64 2.7.15-1 [1912 kB]
Get:17 http://127.0.0.1:9999/debian unstable/main amd64 python2.7 amd64 2.7.15-1 [298 kB]
Get:18 http://127.0.0.1:9999/debian unstable/main amd64 libpython-stdlib amd64 2.7.15~rc1-1 [20.5 kB]
Get:19 http://127.0.0.1:9999/debian unstable/main amd64 python amd64 2.7.15~rc1-1 [155 kB]
Get:20 http://127.0.0.1:9999/debian unstable/main amd64 liblocale-gettext-perl amd64 1.07-3+b3 [18.7 kB]
Get:21 http://127.0.0.1:9999/debian unstable/main amd64 libpython3.6-minimal amd64 3.6.5-5 [572 kB]
Get:22 http://127.0.0.1:9999/debian unstable/main amd64 python3.6-minimal amd64 3.6.5-5 [1728 kB]
Get:23 http://127.0.0.1:9999/debian unstable/main amd64 python3-minimal amd64 3.6.5-3 [36.2 kB]
Get:24 http://127.0.0.1:9999/debian unstable/main amd64 libmpdec2 amd64 2.4.2-2 [87.2 kB]
Get:25 http://127.0.0.1:9999/debian unstable/main amd64 libpython3.6-stdlib amd64 3.6.5-5 [1730 kB]
Get:26 http://127.0.0.1:9999/debian unstable/main amd64 python3.6 amd64 3.6.5-5 [229 kB]
Get:27 http://127.0.0.1:9999/debian unstable/main amd64 libpython3-stdlib amd64 3.6.5-3 [19.7 kB]
Get:28 http://127.0.0.1:9999/debian unstable/main amd64 python3 amd64 3.6.5-3 [24.1 kB]
Get:29 http://127.0.0.1:9999/debian unstable/main amd64 tzdata all 2018d-1 [252 kB]
Get:30 http://127.0.0.1:9999/debian unstable/main amd64 netbase all 5.4 [19.1 kB]
Get:31 http://127.0.0.1:9999/debian unstable/main amd64 libmagic-mgc amd64 1:5.33-2 [234 kB]
Get:32 http://127.0.0.1:9999/debian unstable/main amd64 libmagic1 amd64 1:5.33-2 [113 kB]
Get:33 http://127.0.0.1:9999/debian unstable/main amd64 file amd64 1:5.33-2 [65.6 kB]
Get:34 http://127.0.0.1:9999/debian unstable/main amd64 gettext-base amd64 0.19.8.1-6 [122 kB]
Get:35 http://127.0.0.1:9999/debian unstable/main amd64 libc-l10n all 2.27-3 [862 kB]
Get:36 http://127.0.0.1:9999/debian unstable/main amd64 locales all 2.27-3 [3809 kB]
Get:37 http://127.0.0.1:9999/debian unstable/main amd64 ucf all 3.0038 [67.8 kB]
Get:38 http://127.0.0.1:9999/debian unstable/main amd64 libsigsegv2 amd64 2.12-2 [32.8 kB]
Get:39 http://127.0.0.1:9999/debian unstable/main amd64 m4 amd64 1.4.18-1 [202 kB]
Get:40 http://127.0.0.1:9999/debian unstable/main amd64 autoconf all 2.69-11 [341 kB]
Get:41 http://127.0.0.1:9999/debian unstable/main amd64 autotools-dev all 20180224.1 [77.0 kB]
Get:42 http://127.0.0.1:9999/debian unstable/main amd64 automake all 1:1.15.1-3.1 [736 kB]
Get:43 http://127.0.0.1:9999/debian unstable/main amd64 autopoint all 0.19.8.1-6 [434 kB]
Get:44 http://127.0.0.1:9999/debian unstable/main amd64 libtcl8.6 amd64 8.6.8+dfsg-4 [988 kB]
Get:45 http://127.0.0.1:9999/debian unstable/main amd64 libpng16-16 amd64 1.6.34-1 [287 kB]
Get:46 http://127.0.0.1:9999/debian unstable/main amd64 libfreetype6 amd64 2.8.1-2 [461 kB]
Get:47 http://127.0.0.1:9999/debian unstable/main amd64 fonts-dejavu-core all 2.37-1 [1068 kB]
Get:48 http://127.0.0.1:9999/debian unstable/main amd64 fontconfig-config all 2.13.0-4 [280 kB]
Get:49 http://127.0.0.1:9999/debian unstable/main amd64 libfontconfig1 amd64 2.13.0-4 [343 kB]
Get:50 http://127.0.0.1:9999/debian unstable/main amd64 libxau6 amd64 1:1.0.8-1+b2 [19.9 kB]
Get:51 http://127.0.0.1:9999/debian unstable/main amd64 libxdmcp6 amd64 1:1.1.2-3 [26.3 kB]
Get:52 http://127.0.0.1:9999/debian unstable/main amd64 libxcb1 amd64 1.13-1 [136 kB]
Get:53 http://127.0.0.1:9999/debian unstable/main amd64 libx11-data all 2:1.6.5-1 [292 kB]
Get:54 http://127.0.0.1:9999/debian unstable/main amd64 libx11-6 amd64 2:1.6.5-1 [749 kB]
Get:55 http://127.0.0.1:9999/debian unstable/main amd64 libxext6 amd64 2:1.3.3-1+b2 [52.5 kB]
Get:56 http://127.0.0.1:9999/debian unstable/main amd64 libxrender1 amd64 1:0.9.10-1 [33.0 kB]
Get:57 http://127.0.0.1:9999/debian unstable/main amd64 libxft2 amd64 2.3.2-2 [57.2 kB]
Get:58 http://127.0.0.1:9999/debian unstable/main amd64 lsb-base all 9.20170808 [28.1 kB]
Get:59 http://127.0.0.1:9999/debian unstable/main amd64 x11-common all 1:7.7+19 [251 kB]
Get:60 http://127.0.0.1:9999/debian unstable/main amd64 libxss1 amd64 1:1.2.2-1+b2 [16.5 kB]
Get:61 http://127.0.0.1:9999/debian unstable/main amd64 libtk8.6 amd64 8.6.8-4 [752 kB]
Get:62 http://127.0.0.1:9999/debian unstable/main amd64 tk8.6-blt2.5 amd64 2.5.3+dfsg-4 [587 kB]
Get:63 http://127.0.0.1:9999/debian unstable/main amd64 xorg-sgml-doctools all 1:1.11-1 [21.9 kB]
Get:64 http://127.0.0.1:9999/debian unstable/main amd64 x11proto-dev all 2018.4-4 [251 kB]
Get:65 http://127.0.0.1:9999/debian unstable/main amd64 x11proto-core-dev all 2018.4-4 [3128 B]
Get:66 http://127.0.0.1:9999/debian unstable/main amd64 libxau-dev amd64 1:1.0.8-1+b2 [23.1 kB]
Get:67 http://127.0.0.1:9999/debian unstable/main amd64 libxdmcp-dev amd64 1:1.1.2-3 [42.2 kB]
Get:68 http://127.0.0.1:9999/debian unstable/main amd64 xtrans-dev all 1.3.5-1 [100 kB]
Get:69 http://127.0.0.1:9999/debian unstable/main amd64 libpthread-stubs0-dev amd64 0.3-4 [3866 B]
Get:70 http://127.0.0.1:9999/debian unstable/main amd64 libxcb1-dev amd64 1.13-1 [173 kB]
Get:71 http://127.0.0.1:9999/debian unstable/main amd64 libx11-dev amd64 2:1.6.5-1 [817 kB]
Get:72 http://127.0.0.1:9999/debian unstable/main amd64 libice6 amd64 2:1.0.9-2 [58.7 kB]
Get:73 http://127.0.0.1:9999/debian unstable/main amd64 libsm6 amd64 2:1.2.2-1+b3 [33.3 kB]
Get:74 http://127.0.0.1:9999/debian unstable/main amd64 libxt6 amd64 1:1.1.5-1 [188 kB]
Get:75 http://127.0.0.1:9999/debian unstable/main amd64 libice-dev amd64 2:1.0.9-2 [66.8 kB]
Get:76 http://127.0.0.1:9999/debian unstable/main amd64 libsm-dev amd64 2:1.2.2-1+b3 [35.8 kB]
Get:77 http://127.0.0.1:9999/debian unstable/main amd64 libxt-dev amd64 1:1.1.5-1 [423 kB]
Get:78 http://127.0.0.1:9999/debian unstable/main amd64 x11proto-xext-dev all 2018.4-4 [3128 B]
Get:79 http://127.0.0.1:9999/debian unstable/main amd64 libxext-dev amd64 2:1.3.3-1+b2 [107 kB]
Get:80 http://127.0.0.1:9999/debian unstable/main amd64 x11proto-scrnsaver-dev all 2018.4-4 [3136 B]
Get:81 http://127.0.0.1:9999/debian unstable/main amd64 libxss-dev amd64 1:1.2.2-1+b2 [22.3 kB]
Get:82 http://127.0.0.1:9999/debian unstable/main amd64 libexpat1-dev amd64 2.2.5-3 [140 kB]
Get:83 http://127.0.0.1:9999/debian unstable/main amd64 zlib1g-dev amd64 1:1.2.11.dfsg-1 [214 kB]
Get:84 http://127.0.0.1:9999/debian unstable/main amd64 libpng-dev amd64 1.6.34-1 [294 kB]
Get:85 http://127.0.0.1:9999/debian unstable/main amd64 libfreetype6-dev amd64 2.8.1-2 [2656 kB]
Get:86 http://127.0.0.1:9999/debian unstable/main amd64 uuid-dev amd64 2.31.1-0.5 [91.9 kB]
Get:87 http://127.0.0.1:9999/debian unstable/main amd64 libglib2.0-0 amd64 2.56.1-2 [2928 kB]
Get:88 http://127.0.0.1:9999/debian unstable/main amd64 pkg-config amd64 0.29-4+b1 [63.3 kB]
Get:89 http://127.0.0.1:9999/debian unstable/main amd64 libfontconfig1-dev amd64 2.13.0-4 [942 kB]
Get:90 http://127.0.0.1:9999/debian unstable/main amd64 libxrender-dev amd64 1:0.9.10-1 [40.8 kB]
Get:91 http://127.0.0.1:9999/debian unstable/main amd64 libxft-dev amd64 2.3.2-2 [68.7 kB]
Get:92 http://127.0.0.1:9999/debian unstable/main amd64 tcl8.6 amd64 8.6.8+dfsg-4 [123 kB]
Get:93 http://127.0.0.1:9999/debian unstable/main amd64 tcl8.6-dev amd64 8.6.8+dfsg-4 [995 kB]
Get:94 http://127.0.0.1:9999/debian unstable/main amd64 tk8.6 amd64 8.6.8-4 [72.0 kB]
Get:95 http://127.0.0.1:9999/debian unstable/main amd64 tk8.6-dev amd64 8.6.8-4 [739 kB]
Get:96 http://127.0.0.1:9999/debian unstable/main amd64 blt-dev amd64 2.5.3+dfsg-4 [1061 kB]
Get:97 http://127.0.0.1:9999/debian unstable/main amd64 libtool all 2.4.6-2.1 [547 kB]
Get:98 http://127.0.0.1:9999/debian unstable/main amd64 dh-autoreconf all 17 [16.5 kB]
Get:99 http://127.0.0.1:9999/debian unstable/main amd64 libarchive-zip-perl all 1.60-1 [95.6 kB]
Get:100 http://127.0.0.1:9999/debian unstable/main amd64 libfile-stripnondeterminism-perl all 0.041-1 [19.9 kB]
Get:101 http://127.0.0.1:9999/debian unstable/main amd64 libtimedate-perl all 2.3000-2 [42.2 kB]
Get:102 http://127.0.0.1:9999/debian unstable/main amd64 dh-strip-nondeterminism all 0.041-1 [12.0 kB]
Get:103 http://127.0.0.1:9999/debian unstable/main amd64 libicu57 amd64 57.1-9 [7698 kB]
Get:104 http://127.0.0.1:9999/debian unstable/main amd64 libxml2 amd64 2.9.4+dfsg1-6.1 [725 kB]
Get:105 http://127.0.0.1:9999/debian unstable/main amd64 libcroco3 amd64 0.6.12-2 [144 kB]
Get:106 http://127.0.0.1:9999/debian unstable/main amd64 gettext amd64 0.19.8.1-6 [1302 kB]
Get:107 http://127.0.0.1:9999/debian unstable/main amd64 intltool-debian all 0.35.0+20060710.4 [26.3 kB]
Get:108 http://127.0.0.1:9999/debian unstable/main amd64 po-debconf all 1.0.20 [247 kB]
Get:109 http://127.0.0.1:9999/debian unstable/main amd64 debhelper all 11.2.1 [1013 kB]
Get:110 http://127.0.0.1:9999/debian unstable/main amd64 diffstat amd64 1.61-1+b1 [32.8 kB]
Get:111 http://127.0.0.1:9999/debian unstable/main amd64 distro-info-data all 0.37 [5952 B]
Get:112 http://127.0.0.1:9999/debian unstable/main amd64 help2man amd64 1.47.6 [169 kB]
Get:113 http://127.0.0.1:9999/debian unstable/main amd64 libbluetooth3 amd64 5.49-1 [99.2 kB]
Get:114 http://127.0.0.1:9999/debian unstable/main amd64 libbluetooth-dev amd64 5.49-1 [197 kB]
Get:115 http://127.0.0.1:9999/debian unstable/main amd64 libbz2-dev amd64 1.0.6-8.1 [29.4 kB]
Get:116 http://127.0.0.1:9999/debian unstable/main amd64 libdb5.3-dev amd64 5.3.28-13.1+b1 [762 kB]
Get:117 http://127.0.0.1:9999/debian unstable/main amd64 libdb-dev amd64 5.3.1 [2344 B]
Get:118 http://127.0.0.1:9999/debian unstable/main amd64 libdrm-common all 2.4.91-2 [13.5 kB]
Get:119 http://127.0.0.1:9999/debian unstable/main amd64 libdrm2 amd64 2.4.91-2 [39.9 kB]
Get:120 http://127.0.0.1:9999/debian unstable/main amd64 libdrm-amdgpu1 amd64 2.4.91-2 [28.4 kB]
Get:121 http://127.0.0.1:9999/debian unstable/main amd64 libpciaccess0 amd64 0.14-1 [53.5 kB]
Get:122 http://127.0.0.1:9999/debian unstable/main amd64 libdrm-intel1 amd64 2.4.91-2 [69.3 kB]
Get:123 http://127.0.0.1:9999/debian unstable/main amd64 libdrm-nouveau2 amd64 2.4.91-2 [26.0 kB]
Get:124 http://127.0.0.1:9999/debian unstable/main amd64 libdrm-radeon1 amd64 2.4.91-2 [31.1 kB]
Get:125 http://127.0.0.1:9999/debian unstable/main amd64 libelf1 amd64 0.170-0.4 [162 kB]
Get:126 http://127.0.0.1:9999/debian unstable/main amd64 libffi-dev amd64 3.2.1-8 [156 kB]
Get:127 http://127.0.0.1:9999/debian unstable/main amd64 libfontenc1 amd64 1:1.1.3-1+b2 [24.4 kB]
Get:128 http://127.0.0.1:9999/debian unstable/main amd64 libgdbm-dev amd64 1.14.1-6 [119 kB]
Get:129 http://127.0.0.1:9999/debian unstable/main amd64 libglapi-mesa amd64 17.3.9-1 [61.4 kB]
Get:130 http://127.0.0.1:9999/debian unstable/main amd64 libllvm5.0 amd64 1:5.0.1-4 [13.7 MB]
Get:131 http://127.0.0.1:9999/debian unstable/main amd64 libsensors4 amd64 1:3.4.0-4 [53.3 kB]
Get:132 http://127.0.0.1:9999/debian unstable/main amd64 libgl1-mesa-dri amd64 17.3.9-1 [5907 kB]
Get:133 http://127.0.0.1:9999/debian unstable/main amd64 libglvnd0 amd64 1.0.0+git20180308-2 [47.7 kB]
Get:134 http://127.0.0.1:9999/debian unstable/main amd64 libx11-xcb1 amd64 2:1.6.5-1 [185 kB]
Get:135 http://127.0.0.1:9999/debian unstable/main amd64 libxcb-dri2-0 amd64 1.13-1 [99.6 kB]
Get:136 http://127.0.0.1:9999/debian unstable/main amd64 libxcb-dri3-0 amd64 1.13-1 [99.3 kB]
Get:137 http://127.0.0.1:9999/debian unstable/main amd64 libxcb-glx0 amd64 1.13-1 [115 kB]
Get:138 http://127.0.0.1:9999/debian unstable/main amd64 libxcb-present0 amd64 1.13-1 [98.2 kB]
Get:139 http://127.0.0.1:9999/debian unstable/main amd64 libxcb-sync1 amd64 1.13-1 [102 kB]
Get:140 http://127.0.0.1:9999/debian unstable/main amd64 libxcb-xfixes0 amd64 1.13-1 [102 kB]
Get:141 http://127.0.0.1:9999/debian unstable/main amd64 libxfixes3 amd64 1:5.0.3-1 [21.9 kB]
Get:142 http://127.0.0.1:9999/debian unstable/main amd64 libxdamage1 amd64 1:1.1.4-3 [14.4 kB]
Get:143 http://127.0.0.1:9999/debian unstable/main amd64 libxshmfence1 amd64 1.3-1 [8820 B]
Get:144 http://127.0.0.1:9999/debian unstable/main amd64 libxxf86vm1 amd64 1:1.1.4-1+b2 [20.8 kB]
Get:145 http://127.0.0.1:9999/debian unstable/main amd64 libglx-mesa0 amd64 17.3.9-1 [171 kB]
Get:146 http://127.0.0.1:9999/debian unstable/main amd64 libgpm2 amd64 1.20.7-5 [35.1 kB]
Get:147 http://127.0.0.1:9999/debian unstable/main amd64 libncurses6 amd64 6.1+20180210-2 [101 kB]
Get:148 http://127.0.0.1:9999/debian unstable/main amd64 libncurses-dev amd64 6.1+20180210-2 [334 kB]
Get:149 http://127.0.0.1:9999/debian unstable/main amd64 libncursesw5-dev amd64 6.1+20180210-2 [924 B]
Get:150 http://127.0.0.1:9999/debian unstable/main amd64 libpixman-1-0 amd64 0.34.0-2 [529 kB]
Get:151 http://127.0.0.1:9999/debian unstable/main amd64 libtinfo-dev amd64 6.1+20180210-2 [912 B]
Get:152 http://127.0.0.1:9999/debian unstable/main amd64 libreadline-dev amd64 7.0-3+b1 [133 kB]
Get:153 http://127.0.0.1:9999/debian unstable/main amd64 libsqlite3-dev amd64 3.23.1-1 [740 kB]
Get:154 http://127.0.0.1:9999/debian unstable/main amd64 libssl-dev amd64 1.1.0h-2 [1589 kB]
Get:155 http://127.0.0.1:9999/debian unstable/main amd64 libxmu6 amd64 2:1.1.2-2 [60.3 kB]
Get:156 http://127.0.0.1:9999/debian unstable/main amd64 libxpm4 amd64 1:3.5.12-1 [49.1 kB]
Get:157 http://127.0.0.1:9999/debian unstable/main amd64 libxaw7 amd64 2:1.0.13-1+b2 [201 kB]
Get:158 http://127.0.0.1:9999/debian unstable/main amd64 libxfont2 amd64 1:2.0.3-1 [135 kB]
Get:159 http://127.0.0.1:9999/debian unstable/main amd64 libxkbfile1 amd64 1:1.0.9-2 [74.6 kB]
Get:160 http://127.0.0.1:9999/debian unstable/main amd64 libxmuu1 amd64 2:1.1.2-2 [23.5 kB]
Get:161 http://127.0.0.1:9999/debian unstable/main amd64 lsb-release all 9.20170808 [27.3 kB]
Get:162 http://127.0.0.1:9999/debian unstable/main amd64 net-tools amd64 1.60+git20161116.90da8a0-2 [249 kB]
Get:163 http://127.0.0.1:9999/debian unstable/main amd64 quilt all 0.63-8.2 [308 kB]
Get:164 http://127.0.0.1:9999/debian unstable/main amd64 sharutils amd64 1:4.15.2-3 [263 kB]
Get:165 http://127.0.0.1:9999/debian unstable/main amd64 tcl amd64 8.6.0+9 [5468 B]
Get:166 http://127.0.0.1:9999/debian unstable/main amd64 tcl-dev amd64 8.6.0+9 [7920 B]
Get:167 http://127.0.0.1:9999/debian unstable/main amd64 time amd64 1.7-25.1+b1 [31.6 kB]
Get:168 http://127.0.0.1:9999/debian unstable/main amd64 tk amd64 8.6.0+9 [5506 B]
Get:169 http://127.0.0.1:9999/debian unstable/main amd64 tk-dev amd64 8.6.0+9 [5298 B]
Get:170 http://127.0.0.1:9999/debian unstable/main amd64 x11-xkb-utils amd64 7.7+4 [164 kB]
Get:171 http://127.0.0.1:9999/debian unstable/main amd64 xauth amd64 1:1.0.10-1 [40.3 kB]
Get:172 http://127.0.0.1:9999/debian unstable/main amd64 xkb-data all 2.23.1-1 [675 kB]
Get:173 http://127.0.0.1:9999/debian unstable/main amd64 xserver-common all 2:1.19.6-1 [2085 kB]
Get:174 http://127.0.0.1:9999/debian unstable/main amd64 libglx0 amd64 1.0.0+git20180308-2 [29.9 kB]
Get:175 http://127.0.0.1:9999/debian unstable/main amd64 libgl1 amd64 1.0.0+git20180308-2 [86.3 kB]
Get:176 http://127.0.0.1:9999/debian unstable/main amd64 xvfb amd64 2:1.19.6-1 [2842 kB]
debconf: delaying package configuration, since apt-utils is not installed
Fetched 85.8 MB in 1s (91.0 MB/s)
Selecting previously unselected package bsdmainutils.
(Reading database ... 10771 files and directories currently installed.)
Preparing to unpack .../00-bsdmainutils_11.1.2_amd64.deb ...
Unpacking bsdmainutils (11.1.2) ...
Selecting previously unselected package groff-base.
Preparing to unpack .../01-groff-base_1.22.3-10_amd64.deb ...
Unpacking groff-base (1.22.3-10) ...
Selecting previously unselected package libpipeline1:amd64.
Preparing to unpack .../02-libpipeline1_1.5.0-1_amd64.deb ...
Unpacking libpipeline1:amd64 (1.5.0-1) ...
Selecting previously unselected package man-db.
Preparing to unpack .../03-man-db_2.8.3-2_amd64.deb ...
Unpacking man-db (2.8.3-2) ...
Selecting previously unselected package libpython2.7-minimal:amd64.
Preparing to unpack .../04-libpython2.7-minimal_2.7.15-1_amd64.deb ...
Unpacking libpython2.7-minimal:amd64 (2.7.15-1) ...
Selecting previously unselected package python2.7-minimal.
Preparing to unpack .../05-python2.7-minimal_2.7.15-1_amd64.deb ...
Unpacking python2.7-minimal (2.7.15-1) ...
Selecting previously unselected package python-minimal.
Preparing to unpack .../06-python-minimal_2.7.15~rc1-1_amd64.deb ...
Unpacking python-minimal (2.7.15~rc1-1) ...
Selecting previously unselected package mime-support.
Preparing to unpack .../07-mime-support_3.60_all.deb ...
Unpacking mime-support (3.60) ...
Selecting previously unselected package libexpat1:amd64.
Preparing to unpack .../08-libexpat1_2.2.5-3_amd64.deb ...
Unpacking libexpat1:amd64 (2.2.5-3) ...
Selecting previously unselected package libncursesw6:amd64.
Preparing to unpack .../09-libncursesw6_6.1+20180210-2_amd64.deb ...
Unpacking libncursesw6:amd64 (6.1+20180210-2) ...
Selecting previously unselected package readline-common.
Preparing to unpack .../10-readline-common_7.0-3_all.deb ...
Unpacking readline-common (7.0-3) ...
Selecting previously unselected package libreadline7:amd64.
Preparing to unpack .../11-libreadline7_7.0-3+b1_amd64.deb ...
Unpacking libreadline7:amd64 (7.0-3+b1) ...
Selecting previously unselected package libsqlite3-0:amd64.
Preparing to unpack .../12-libsqlite3-0_3.23.1-1_amd64.deb ...
Unpacking libsqlite3-0:amd64 (3.23.1-1) ...
Selecting previously unselected package libssl1.1:amd64.
Preparing to unpack .../13-libssl1.1_1.1.0h-2_amd64.deb ...
Unpacking libssl1.1:amd64 (1.1.0h-2) ...
Selecting previously unselected package libpython2.7-stdlib:amd64.
Preparing to unpack .../14-libpython2.7-stdlib_2.7.15-1_amd64.deb ...
Unpacking libpython2.7-stdlib:amd64 (2.7.15-1) ...
Selecting previously unselected package python2.7.
Preparing to unpack .../15-python2.7_2.7.15-1_amd64.deb ...
Unpacking python2.7 (2.7.15-1) ...
Selecting previously unselected package libpython-stdlib:amd64.
Preparing to unpack .../16-libpython-stdlib_2.7.15~rc1-1_amd64.deb ...
Unpacking libpython-stdlib:amd64 (2.7.15~rc1-1) ...
Setting up libpython2.7-minimal:amd64 (2.7.15-1) ...
Setting up python2.7-minimal (2.7.15-1) ...
Setting up python-minimal (2.7.15~rc1-1) ...
Selecting previously unselected package python.
(Reading database ... 12213 files and directories currently installed.)
Preparing to unpack .../0-python_2.7.15~rc1-1_amd64.deb ...
Unpacking python (2.7.15~rc1-1) ...
Selecting previously unselected package liblocale-gettext-perl.
Preparing to unpack .../1-liblocale-gettext-perl_1.07-3+b3_amd64.deb ...
Unpacking liblocale-gettext-perl (1.07-3+b3) ...
Selecting previously unselected package libpython3.6-minimal:amd64.
Preparing to unpack .../2-libpython3.6-minimal_3.6.5-5_amd64.deb ...
Unpacking libpython3.6-minimal:amd64 (3.6.5-5) ...
Selecting previously unselected package python3.6-minimal.
Preparing to unpack .../3-python3.6-minimal_3.6.5-5_amd64.deb ...
Unpacking python3.6-minimal (3.6.5-5) ...
Selecting previously unselected package python3-minimal.
Preparing to unpack .../4-python3-minimal_3.6.5-3_amd64.deb ...
Unpacking python3-minimal (3.6.5-3) ...
Selecting previously unselected package libmpdec2:amd64.
Preparing to unpack .../5-libmpdec2_2.4.2-2_amd64.deb ...
Unpacking libmpdec2:amd64 (2.4.2-2) ...
Selecting previously unselected package libpython3.6-stdlib:amd64.
Preparing to unpack .../6-libpython3.6-stdlib_3.6.5-5_amd64.deb ...
Unpacking libpython3.6-stdlib:amd64 (3.6.5-5) ...
Selecting previously unselected package python3.6.
Preparing to unpack .../7-python3.6_3.6.5-5_amd64.deb ...
Unpacking python3.6 (3.6.5-5) ...
Selecting previously unselected package libpython3-stdlib:amd64.
Preparing to unpack .../8-libpython3-stdlib_3.6.5-3_amd64.deb ...
Unpacking libpython3-stdlib:amd64 (3.6.5-3) ...
Setting up libssl1.1:amd64 (1.1.0h-2) ...
Setting up libpython3.6-minimal:amd64 (3.6.5-5) ...
Setting up libexpat1:amd64 (2.2.5-3) ...
Setting up python3.6-minimal (3.6.5-5) ...
Setting up python3-minimal (3.6.5-3) ...
Selecting previously unselected package python3.
(Reading database ... 12928 files and directories currently installed.)
Preparing to unpack .../000-python3_3.6.5-3_amd64.deb ...
Unpacking python3 (3.6.5-3) ...
Selecting previously unselected package tzdata.
Preparing to unpack .../001-tzdata_2018d-1_all.deb ...
Unpacking tzdata (2018d-1) ...
Selecting previously unselected package netbase.
Preparing to unpack .../002-netbase_5.4_all.deb ...
Unpacking netbase (5.4) ...
Selecting previously unselected package libmagic-mgc.
Preparing to unpack .../003-libmagic-mgc_1%3a5.33-2_amd64.deb ...
Unpacking libmagic-mgc (1:5.33-2) ...
Selecting previously unselected package libmagic1:amd64.
Preparing to unpack .../004-libmagic1_1%3a5.33-2_amd64.deb ...
Unpacking libmagic1:amd64 (1:5.33-2) ...
Selecting previously unselected package file.
Preparing to unpack .../005-file_1%3a5.33-2_amd64.deb ...
Unpacking file (1:5.33-2) ...
Selecting previously unselected package gettext-base.
Preparing to unpack .../006-gettext-base_0.19.8.1-6_amd64.deb ...
Unpacking gettext-base (0.19.8.1-6) ...
Selecting previously unselected package libc-l10n.
Preparing to unpack .../007-libc-l10n_2.27-3_all.deb ...
Unpacking libc-l10n (2.27-3) ...
Selecting previously unselected package locales.
Preparing to unpack .../008-locales_2.27-3_all.deb ...
Unpacking locales (2.27-3) ...
Selecting previously unselected package ucf.
Preparing to unpack .../009-ucf_3.0038_all.deb ...
Moving old data out of the way
Unpacking ucf (3.0038) ...
Selecting previously unselected package libsigsegv2:amd64.
Preparing to unpack .../010-libsigsegv2_2.12-2_amd64.deb ...
Unpacking libsigsegv2:amd64 (2.12-2) ...
Selecting previously unselected package m4.
Preparing to unpack .../011-m4_1.4.18-1_amd64.deb ...
Unpacking m4 (1.4.18-1) ...
Selecting previously unselected package autoconf.
Preparing to unpack .../012-autoconf_2.69-11_all.deb ...
Unpacking autoconf (2.69-11) ...
Selecting previously unselected package autotools-dev.
Preparing to unpack .../013-autotools-dev_20180224.1_all.deb ...
Unpacking autotools-dev (20180224.1) ...
Selecting previously unselected package automake.
Preparing to unpack .../014-automake_1%3a1.15.1-3.1_all.deb ...
Unpacking automake (1:1.15.1-3.1) ...
Selecting previously unselected package autopoint.
Preparing to unpack .../015-autopoint_0.19.8.1-6_all.deb ...
Unpacking autopoint (0.19.8.1-6) ...
Selecting previously unselected package libtcl8.6:amd64.
Preparing to unpack .../016-libtcl8.6_8.6.8+dfsg-4_amd64.deb ...
Unpacking libtcl8.6:amd64 (8.6.8+dfsg-4) ...
Selecting previously unselected package libpng16-16:amd64.
Preparing to unpack .../017-libpng16-16_1.6.34-1_amd64.deb ...
Unpacking libpng16-16:amd64 (1.6.34-1) ...
Selecting previously unselected package libfreetype6:amd64.
Preparing to unpack .../018-libfreetype6_2.8.1-2_amd64.deb ...
Unpacking libfreetype6:amd64 (2.8.1-2) ...
Selecting previously unselected package fonts-dejavu-core.
Preparing to unpack .../019-fonts-dejavu-core_2.37-1_all.deb ...
Unpacking fonts-dejavu-core (2.37-1) ...
Selecting previously unselected package fontconfig-config.
Preparing to unpack .../020-fontconfig-config_2.13.0-4_all.deb ...
Unpacking fontconfig-config (2.13.0-4) ...
Selecting previously unselected package libfontconfig1:amd64.
Preparing to unpack .../021-libfontconfig1_2.13.0-4_amd64.deb ...
Unpacking libfontconfig1:amd64 (2.13.0-4) ...
Selecting previously unselected package libxau6:amd64.
Preparing to unpack .../022-libxau6_1%3a1.0.8-1+b2_amd64.deb ...
Unpacking libxau6:amd64 (1:1.0.8-1+b2) ...
Selecting previously unselected package libxdmcp6:amd64.
Preparing to unpack .../023-libxdmcp6_1%3a1.1.2-3_amd64.deb ...
Unpacking libxdmcp6:amd64 (1:1.1.2-3) ...
Selecting previously unselected package libxcb1:amd64.
Preparing to unpack .../024-libxcb1_1.13-1_amd64.deb ...
Unpacking libxcb1:amd64 (1.13-1) ...
Selecting previously unselected package libx11-data.
Preparing to unpack .../025-libx11-data_2%3a1.6.5-1_all.deb ...
Unpacking libx11-data (2:1.6.5-1) ...
Selecting previously unselected package libx11-6:amd64.
Preparing to unpack .../026-libx11-6_2%3a1.6.5-1_amd64.deb ...
Unpacking libx11-6:amd64 (2:1.6.5-1) ...
Selecting previously unselected package libxext6:amd64.
Preparing to unpack .../027-libxext6_2%3a1.3.3-1+b2_amd64.deb ...
Unpacking libxext6:amd64 (2:1.3.3-1+b2) ...
Selecting previously unselected package libxrender1:amd64.
Preparing to unpack .../028-libxrender1_1%3a0.9.10-1_amd64.deb ...
Unpacking libxrender1:amd64 (1:0.9.10-1) ...
Selecting previously unselected package libxft2:amd64.
Preparing to unpack .../029-libxft2_2.3.2-2_amd64.deb ...
Unpacking libxft2:amd64 (2.3.2-2) ...
Selecting previously unselected package lsb-base.
Preparing to unpack .../030-lsb-base_9.20170808_all.deb ...
Unpacking lsb-base (9.20170808) ...
Selecting previously unselected package x11-common.
Preparing to unpack .../031-x11-common_1%3a7.7+19_all.deb ...
Unpacking x11-common (1:7.7+19) ...
Selecting previously unselected package libxss1:amd64.
Preparing to unpack .../032-libxss1_1%3a1.2.2-1+b2_amd64.deb ...
Unpacking libxss1:amd64 (1:1.2.2-1+b2) ...
Selecting previously unselected package libtk8.6:amd64.
Preparing to unpack .../033-libtk8.6_8.6.8-4_amd64.deb ...
Unpacking libtk8.6:amd64 (8.6.8-4) ...
Selecting previously unselected package tk8.6-blt2.5.
Preparing to unpack .../034-tk8.6-blt2.5_2.5.3+dfsg-4_amd64.deb ...
Unpacking tk8.6-blt2.5 (2.5.3+dfsg-4) ...
Selecting previously unselected package xorg-sgml-doctools.
Preparing to unpack .../035-xorg-sgml-doctools_1%3a1.11-1_all.deb ...
Unpacking xorg-sgml-doctools (1:1.11-1) ...
Selecting previously unselected package x11proto-dev.
Preparing to unpack .../036-x11proto-dev_2018.4-4_all.deb ...
Unpacking x11proto-dev (2018.4-4) ...
Selecting previously unselected package x11proto-core-dev.
Preparing to unpack .../037-x11proto-core-dev_2018.4-4_all.deb ...
Unpacking x11proto-core-dev (2018.4-4) ...
Selecting previously unselected package libxau-dev:amd64.
Preparing to unpack .../038-libxau-dev_1%3a1.0.8-1+b2_amd64.deb ...
Unpacking libxau-dev:amd64 (1:1.0.8-1+b2) ...
Selecting previously unselected package libxdmcp-dev:amd64.
Preparing to unpack .../039-libxdmcp-dev_1%3a1.1.2-3_amd64.deb ...
Unpacking libxdmcp-dev:amd64 (1:1.1.2-3) ...
Selecting previously unselected package xtrans-dev.
Preparing to unpack .../040-xtrans-dev_1.3.5-1_all.deb ...
Unpacking xtrans-dev (1.3.5-1) ...
Selecting previously unselected package libpthread-stubs0-dev:amd64.
Preparing to unpack .../041-libpthread-stubs0-dev_0.3-4_amd64.deb ...
Unpacking libpthread-stubs0-dev:amd64 (0.3-4) ...
Selecting previously unselected package libxcb1-dev:amd64.
Preparing to unpack .../042-libxcb1-dev_1.13-1_amd64.deb ...
Unpacking libxcb1-dev:amd64 (1.13-1) ...
Selecting previously unselected package libx11-dev:amd64.
Preparing to unpack .../043-libx11-dev_2%3a1.6.5-1_amd64.deb ...
Unpacking libx11-dev:amd64 (2:1.6.5-1) ...
Selecting previously unselected package libice6:amd64.
Preparing to unpack .../044-libice6_2%3a1.0.9-2_amd64.deb ...
Unpacking libice6:amd64 (2:1.0.9-2) ...
Selecting previously unselected package libsm6:amd64.
Preparing to unpack .../045-libsm6_2%3a1.2.2-1+b3_amd64.deb ...
Unpacking libsm6:amd64 (2:1.2.2-1+b3) ...
Selecting previously unselected package libxt6:amd64.
Preparing to unpack .../046-libxt6_1%3a1.1.5-1_amd64.deb ...
Unpacking libxt6:amd64 (1:1.1.5-1) ...
Selecting previously unselected package libice-dev:amd64.
Preparing to unpack .../047-libice-dev_2%3a1.0.9-2_amd64.deb ...
Unpacking libice-dev:amd64 (2:1.0.9-2) ...
Selecting previously unselected package libsm-dev:amd64.
Preparing to unpack .../048-libsm-dev_2%3a1.2.2-1+b3_amd64.deb ...
Unpacking libsm-dev:amd64 (2:1.2.2-1+b3) ...
Selecting previously unselected package libxt-dev:amd64.
Preparing to unpack .../049-libxt-dev_1%3a1.1.5-1_amd64.deb ...
Unpacking libxt-dev:amd64 (1:1.1.5-1) ...
Selecting previously unselected package x11proto-xext-dev.
Preparing to unpack .../050-x11proto-xext-dev_2018.4-4_all.deb ...
Unpacking x11proto-xext-dev (2018.4-4) ...
Selecting previously unselected package libxext-dev:amd64.
Preparing to unpack .../051-libxext-dev_2%3a1.3.3-1+b2_amd64.deb ...
Unpacking libxext-dev:amd64 (2:1.3.3-1+b2) ...
Selecting previously unselected package x11proto-scrnsaver-dev.
Preparing to unpack .../052-x11proto-scrnsaver-dev_2018.4-4_all.deb ...
Unpacking x11proto-scrnsaver-dev (2018.4-4) ...
Selecting previously unselected package libxss-dev:amd64.
Preparing to unpack .../053-libxss-dev_1%3a1.2.2-1+b2_amd64.deb ...
Unpacking libxss-dev:amd64 (1:1.2.2-1+b2) ...
Selecting previously unselected package libexpat1-dev:amd64.
Preparing to unpack .../054-libexpat1-dev_2.2.5-3_amd64.deb ...
Unpacking libexpat1-dev:amd64 (2.2.5-3) ...
Selecting previously unselected package zlib1g-dev:amd64.
Preparing to unpack .../055-zlib1g-dev_1%3a1.2.11.dfsg-1_amd64.deb ...
Unpacking zlib1g-dev:amd64 (1:1.2.11.dfsg-1) ...
Selecting previously unselected package libpng-dev:amd64.
Preparing to unpack .../056-libpng-dev_1.6.34-1_amd64.deb ...
Unpacking libpng-dev:amd64 (1.6.34-1) ...
Selecting previously unselected package libfreetype6-dev:amd64.
Preparing to unpack .../057-libfreetype6-dev_2.8.1-2_amd64.deb ...
Unpacking libfreetype6-dev:amd64 (2.8.1-2) ...
Selecting previously unselected package uuid-dev:amd64.
Preparing to unpack .../058-uuid-dev_2.31.1-0.5_amd64.deb ...
Unpacking uuid-dev:amd64 (2.31.1-0.5) ...
Selecting previously unselected package libglib2.0-0:amd64.
Preparing to unpack .../059-libglib2.0-0_2.56.1-2_amd64.deb ...
Unpacking libglib2.0-0:amd64 (2.56.1-2) ...
Selecting previously unselected package pkg-config.
Preparing to unpack .../060-pkg-config_0.29-4+b1_amd64.deb ...
Unpacking pkg-config (0.29-4+b1) ...
Selecting previously unselected package libfontconfig1-dev:amd64.
Preparing to unpack .../061-libfontconfig1-dev_2.13.0-4_amd64.deb ...
Unpacking libfontconfig1-dev:amd64 (2.13.0-4) ...
Selecting previously unselected package libxrender-dev:amd64.
Preparing to unpack .../062-libxrender-dev_1%3a0.9.10-1_amd64.deb ...
Unpacking libxrender-dev:amd64 (1:0.9.10-1) ...
Selecting previously unselected package libxft-dev:amd64.
Preparing to unpack .../063-libxft-dev_2.3.2-2_amd64.deb ...
Unpacking libxft-dev:amd64 (2.3.2-2) ...
Selecting previously unselected package tcl8.6.
Preparing to unpack .../064-tcl8.6_8.6.8+dfsg-4_amd64.deb ...
Unpacking tcl8.6 (8.6.8+dfsg-4) ...
Selecting previously unselected package tcl8.6-dev:amd64.
Preparing to unpack .../065-tcl8.6-dev_8.6.8+dfsg-4_amd64.deb ...
Unpacking tcl8.6-dev:amd64 (8.6.8+dfsg-4) ...
Selecting previously unselected package tk8.6.
Preparing to unpack .../066-tk8.6_8.6.8-4_amd64.deb ...
Unpacking tk8.6 (8.6.8-4) ...
Selecting previously unselected package tk8.6-dev:amd64.
Preparing to unpack .../067-tk8.6-dev_8.6.8-4_amd64.deb ...
Unpacking tk8.6-dev:amd64 (8.6.8-4) ...
Selecting previously unselected package blt-dev.
Preparing to unpack .../068-blt-dev_2.5.3+dfsg-4_amd64.deb ...
Unpacking blt-dev (2.5.3+dfsg-4) ...
Selecting previously unselected package libtool.
Preparing to unpack .../069-libtool_2.4.6-2.1_all.deb ...
Unpacking libtool (2.4.6-2.1) ...
Selecting previously unselected package dh-autoreconf.
Preparing to unpack .../070-dh-autoreconf_17_all.deb ...
Unpacking dh-autoreconf (17) ...
Selecting previously unselected package libarchive-zip-perl.
Preparing to unpack .../071-libarchive-zip-perl_1.60-1_all.deb ...
Unpacking libarchive-zip-perl (1.60-1) ...
Selecting previously unselected package libfile-stripnondeterminism-perl.
Preparing to unpack .../072-libfile-stripnondeterminism-perl_0.041-1_all.deb ...
Unpacking libfile-stripnondeterminism-perl (0.041-1) ...
Selecting previously unselected package libtimedate-perl.
Preparing to unpack .../073-libtimedate-perl_2.3000-2_all.deb ...
Unpacking libtimedate-perl (2.3000-2) ...
Selecting previously unselected package dh-strip-nondeterminism.
Preparing to unpack .../074-dh-strip-nondeterminism_0.041-1_all.deb ...
Unpacking dh-strip-nondeterminism (0.041-1) ...
Selecting previously unselected package libicu57:amd64.
Preparing to unpack .../075-libicu57_57.1-9_amd64.deb ...
Unpacking libicu57:amd64 (57.1-9) ...
Selecting previously unselected package libxml2:amd64.
Preparing to unpack .../076-libxml2_2.9.4+dfsg1-6.1_amd64.deb ...
Unpacking libxml2:amd64 (2.9.4+dfsg1-6.1) ...
Selecting previously unselected package libcroco3:amd64.
Preparing to unpack .../077-libcroco3_0.6.12-2_amd64.deb ...
Unpacking libcroco3:amd64 (0.6.12-2) ...
Selecting previously unselected package gettext.
Preparing to unpack .../078-gettext_0.19.8.1-6_amd64.deb ...
Unpacking gettext (0.19.8.1-6) ...
Selecting previously unselected package intltool-debian.
Preparing to unpack .../079-intltool-debian_0.35.0+20060710.4_all.deb ...
Unpacking intltool-debian (0.35.0+20060710.4) ...
Selecting previously unselected package po-debconf.
Preparing to unpack .../080-po-debconf_1.0.20_all.deb ...
Unpacking po-debconf (1.0.20) ...
Selecting previously unselected package debhelper.
Preparing to unpack .../081-debhelper_11.2.1_all.deb ...
Unpacking debhelper (11.2.1) ...
Selecting previously unselected package diffstat.
Preparing to unpack .../082-diffstat_1.61-1+b1_amd64.deb ...
Unpacking diffstat (1.61-1+b1) ...
Selecting previously unselected package distro-info-data.
Preparing to unpack .../083-distro-info-data_0.37_all.deb ...
Unpacking distro-info-data (0.37) ...
Selecting previously unselected package help2man.
Preparing to unpack .../084-help2man_1.47.6_amd64.deb ...
Unpacking help2man (1.47.6) ...
Selecting previously unselected package libbluetooth3:amd64.
Preparing to unpack .../085-libbluetooth3_5.49-1_amd64.deb ...
Unpacking libbluetooth3:amd64 (5.49-1) ...
Selecting previously unselected package libbluetooth-dev:amd64.
Preparing to unpack .../086-libbluetooth-dev_5.49-1_amd64.deb ...
Unpacking libbluetooth-dev:amd64 (5.49-1) ...
Selecting previously unselected package libbz2-dev:amd64.
Preparing to unpack .../087-libbz2-dev_1.0.6-8.1_amd64.deb ...
Unpacking libbz2-dev:amd64 (1.0.6-8.1) ...
Selecting previously unselected package libdb5.3-dev.
Preparing to unpack .../088-libdb5.3-dev_5.3.28-13.1+b1_amd64.deb ...
Unpacking libdb5.3-dev (5.3.28-13.1+b1) ...
Selecting previously unselected package libdb-dev:amd64.
Preparing to unpack .../089-libdb-dev_5.3.1_amd64.deb ...
Unpacking libdb-dev:amd64 (5.3.1) ...
Selecting previously unselected package libdrm-common.
Preparing to unpack .../090-libdrm-common_2.4.91-2_all.deb ...
Unpacking libdrm-common (2.4.91-2) ...
Selecting previously unselected package libdrm2:amd64.
Preparing to unpack .../091-libdrm2_2.4.91-2_amd64.deb ...
Unpacking libdrm2:amd64 (2.4.91-2) ...
Selecting previously unselected package libdrm-amdgpu1:amd64.
Preparing to unpack .../092-libdrm-amdgpu1_2.4.91-2_amd64.deb ...
Unpacking libdrm-amdgpu1:amd64 (2.4.91-2) ...
Selecting previously unselected package libpciaccess0:amd64.
Preparing to unpack .../093-libpciaccess0_0.14-1_amd64.deb ...
Unpacking libpciaccess0:amd64 (0.14-1) ...
Selecting previously unselected package libdrm-intel1:amd64.
Preparing to unpack .../094-libdrm-intel1_2.4.91-2_amd64.deb ...
Unpacking libdrm-intel1:amd64 (2.4.91-2) ...
Selecting previously unselected package libdrm-nouveau2:amd64.
Preparing to unpack .../095-libdrm-nouveau2_2.4.91-2_amd64.deb ...
Unpacking libdrm-nouveau2:amd64 (2.4.91-2) ...
Selecting previously unselected package libdrm-radeon1:amd64.
Preparing to unpack .../096-libdrm-radeon1_2.4.91-2_amd64.deb ...
Unpacking libdrm-radeon1:amd64 (2.4.91-2) ...
Selecting previously unselected package libelf1:amd64.
Preparing to unpack .../097-libelf1_0.170-0.4_amd64.deb ...
Unpacking libelf1:amd64 (0.170-0.4) ...
Selecting previously unselected package libffi-dev:amd64.
Preparing to unpack .../098-libffi-dev_3.2.1-8_amd64.deb ...
Unpacking libffi-dev:amd64 (3.2.1-8) ...
Selecting previously unselected package libfontenc1:amd64.
Preparing to unpack .../099-libfontenc1_1%3a1.1.3-1+b2_amd64.deb ...
Unpacking libfontenc1:amd64 (1:1.1.3-1+b2) ...
Selecting previously unselected package libgdbm-dev:amd64.
Preparing to unpack .../100-libgdbm-dev_1.14.1-6_amd64.deb ...
Unpacking libgdbm-dev:amd64 (1.14.1-6) ...
Selecting previously unselected package libglapi-mesa:amd64.
Preparing to unpack .../101-libglapi-mesa_17.3.9-1_amd64.deb ...
Unpacking libglapi-mesa:amd64 (17.3.9-1) ...
Selecting previously unselected package libllvm5.0:amd64.
Preparing to unpack .../102-libllvm5.0_1%3a5.0.1-4_amd64.deb ...
Unpacking libllvm5.0:amd64 (1:5.0.1-4) ...
Selecting previously unselected package libsensors4:amd64.
Preparing to unpack .../103-libsensors4_1%3a3.4.0-4_amd64.deb ...
Unpacking libsensors4:amd64 (1:3.4.0-4) ...
Selecting previously unselected package libgl1-mesa-dri:amd64.
Preparing to unpack .../104-libgl1-mesa-dri_17.3.9-1_amd64.deb ...
Unpacking libgl1-mesa-dri:amd64 (17.3.9-1) ...
Selecting previously unselected package libglvnd0:amd64.
Preparing to unpack .../105-libglvnd0_1.0.0+git20180308-2_amd64.deb ...
Unpacking libglvnd0:amd64 (1.0.0+git20180308-2) ...
Selecting previously unselected package libx11-xcb1:amd64.
Preparing to unpack .../106-libx11-xcb1_2%3a1.6.5-1_amd64.deb ...
Unpacking libx11-xcb1:amd64 (2:1.6.5-1) ...
Selecting previously unselected package libxcb-dri2-0:amd64.
Preparing to unpack .../107-libxcb-dri2-0_1.13-1_amd64.deb ...
Unpacking libxcb-dri2-0:amd64 (1.13-1) ...
Selecting previously unselected package libxcb-dri3-0:amd64.
Preparing to unpack .../108-libxcb-dri3-0_1.13-1_amd64.deb ...
Unpacking libxcb-dri3-0:amd64 (1.13-1) ...
Selecting previously unselected package libxcb-glx0:amd64.
Preparing to unpack .../109-libxcb-glx0_1.13-1_amd64.deb ...
Unpacking libxcb-glx0:amd64 (1.13-1) ...
Selecting previously unselected package libxcb-present0:amd64.
Preparing to unpack .../110-libxcb-present0_1.13-1_amd64.deb ...
Unpacking libxcb-present0:amd64 (1.13-1) ...
Selecting previously unselected package libxcb-sync1:amd64.
Preparing to unpack .../111-libxcb-sync1_1.13-1_amd64.deb ...
Unpacking libxcb-sync1:amd64 (1.13-1) ...
Selecting previously unselected package libxcb-xfixes0:amd64.
Preparing to unpack .../112-libxcb-xfixes0_1.13-1_amd64.deb ...
Unpacking libxcb-xfixes0:amd64 (1.13-1) ...
Selecting previously unselected package libxfixes3:amd64.
Preparing to unpack .../113-libxfixes3_1%3a5.0.3-1_amd64.deb ...
Unpacking libxfixes3:amd64 (1:5.0.3-1) ...
Selecting previously unselected package libxdamage1:amd64.
Preparing to unpack .../114-libxdamage1_1%3a1.1.4-3_amd64.deb ...
Unpacking libxdamage1:amd64 (1:1.1.4-3) ...
Selecting previously unselected package libxshmfence1:amd64.
Preparing to unpack .../115-libxshmfence1_1.3-1_amd64.deb ...
Unpacking libxshmfence1:amd64 (1.3-1) ...
Selecting previously unselected package libxxf86vm1:amd64.
Preparing to unpack .../116-libxxf86vm1_1%3a1.1.4-1+b2_amd64.deb ...
Unpacking libxxf86vm1:amd64 (1:1.1.4-1+b2) ...
Selecting previously unselected package libglx-mesa0:amd64.
Preparing to unpack .../117-libglx-mesa0_17.3.9-1_amd64.deb ...
Unpacking libglx-mesa0:amd64 (17.3.9-1) ...
Selecting previously unselected package libgpm2:amd64.
Preparing to unpack .../118-libgpm2_1.20.7-5_amd64.deb ...
Unpacking libgpm2:amd64 (1.20.7-5) ...
Selecting previously unselected package libncurses6:amd64.
Preparing to unpack .../119-libncurses6_6.1+20180210-2_amd64.deb ...
Unpacking libncurses6:amd64 (6.1+20180210-2) ...
Selecting previously unselected package libncurses-dev:amd64.
Preparing to unpack .../120-libncurses-dev_6.1+20180210-2_amd64.deb ...
Unpacking libncurses-dev:amd64 (6.1+20180210-2) ...
Selecting previously unselected package libncursesw5-dev:amd64.
Preparing to unpack .../121-libncursesw5-dev_6.1+20180210-2_amd64.deb ...
Unpacking libncursesw5-dev:amd64 (6.1+20180210-2) ...
Selecting previously unselected package libpixman-1-0:amd64.
Preparing to unpack .../122-libpixman-1-0_0.34.0-2_amd64.deb ...
Unpacking libpixman-1-0:amd64 (0.34.0-2) ...
Selecting previously unselected package libtinfo-dev:amd64.
Preparing to unpack .../123-libtinfo-dev_6.1+20180210-2_amd64.deb ...
Unpacking libtinfo-dev:amd64 (6.1+20180210-2) ...
Selecting previously unselected package libreadline-dev:amd64.
Preparing to unpack .../124-libreadline-dev_7.0-3+b1_amd64.deb ...
Unpacking libreadline-dev:amd64 (7.0-3+b1) ...
Selecting previously unselected package libsqlite3-dev:amd64.
Preparing to unpack .../125-libsqlite3-dev_3.23.1-1_amd64.deb ...
Unpacking libsqlite3-dev:amd64 (3.23.1-1) ...
Selecting previously unselected package libssl-dev:amd64.
Preparing to unpack .../126-libssl-dev_1.1.0h-2_amd64.deb ...
Unpacking libssl-dev:amd64 (1.1.0h-2) ...
Selecting previously unselected package libxmu6:amd64.
Preparing to unpack .../127-libxmu6_2%3a1.1.2-2_amd64.deb ...
Unpacking libxmu6:amd64 (2:1.1.2-2) ...
Selecting previously unselected package libxpm4:amd64.
Preparing to unpack .../128-libxpm4_1%3a3.5.12-1_amd64.deb ...
Unpacking libxpm4:amd64 (1:3.5.12-1) ...
Selecting previously unselected package libxaw7:amd64.
Preparing to unpack .../129-libxaw7_2%3a1.0.13-1+b2_amd64.deb ...
Unpacking libxaw7:amd64 (2:1.0.13-1+b2) ...
Selecting previously unselected package libxfont2:amd64.
Preparing to unpack .../130-libxfont2_1%3a2.0.3-1_amd64.deb ...
Unpacking libxfont2:amd64 (1:2.0.3-1) ...
Selecting previously unselected package libxkbfile1:amd64.
Preparing to unpack .../131-libxkbfile1_1%3a1.0.9-2_amd64.deb ...
Unpacking libxkbfile1:amd64 (1:1.0.9-2) ...
Selecting previously unselected package libxmuu1:amd64.
Preparing to unpack .../132-libxmuu1_2%3a1.1.2-2_amd64.deb ...
Unpacking libxmuu1:amd64 (2:1.1.2-2) ...
Selecting previously unselected package lsb-release.
Preparing to unpack .../133-lsb-release_9.20170808_all.deb ...
Unpacking lsb-release (9.20170808) ...
Selecting previously unselected package net-tools.
Preparing to unpack .../134-net-tools_1.60+git20161116.90da8a0-2_amd64.deb ...
Unpacking net-tools (1.60+git20161116.90da8a0-2) ...
Selecting previously unselected package quilt.
Preparing to unpack .../135-quilt_0.63-8.2_all.deb ...
Unpacking quilt (0.63-8.2) ...
Selecting previously unselected package sharutils.
Preparing to unpack .../136-sharutils_1%3a4.15.2-3_amd64.deb ...
Unpacking sharutils (1:4.15.2-3) ...
Selecting previously unselected package tcl.
Preparing to unpack .../137-tcl_8.6.0+9_amd64.deb ...
Unpacking tcl (8.6.0+9) ...
Selecting previously unselected package tcl-dev:amd64.
Preparing to unpack .../138-tcl-dev_8.6.0+9_amd64.deb ...
Unpacking tcl-dev:amd64 (8.6.0+9) ...
Selecting previously unselected package time.
Preparing to unpack .../139-time_1.7-25.1+b1_amd64.deb ...
Unpacking time (1.7-25.1+b1) ...
Selecting previously unselected package tk.
Preparing to unpack .../140-tk_8.6.0+9_amd64.deb ...
Unpacking tk (8.6.0+9) ...
Selecting previously unselected package tk-dev:amd64.
Preparing to unpack .../141-tk-dev_8.6.0+9_amd64.deb ...
Unpacking tk-dev:amd64 (8.6.0+9) ...
Selecting previously unselected package x11-xkb-utils.
Preparing to unpack .../142-x11-xkb-utils_7.7+4_amd64.deb ...
Unpacking x11-xkb-utils (7.7+4) ...
Selecting previously unselected package xauth.
Preparing to unpack .../143-xauth_1%3a1.0.10-1_amd64.deb ...
Unpacking xauth (1:1.0.10-1) ...
Selecting previously unselected package xkb-data.
Preparing to unpack .../144-xkb-data_2.23.1-1_all.deb ...
Unpacking xkb-data (2.23.1-1) ...
Selecting previously unselected package xserver-common.
Preparing to unpack .../145-xserver-common_2%3a1.19.6-1_all.deb ...
Unpacking xserver-common (2:1.19.6-1) ...
Selecting previously unselected package libglx0:amd64.
Preparing to unpack .../146-libglx0_1.0.0+git20180308-2_amd64.deb ...
Unpacking libglx0:amd64 (1.0.0+git20180308-2) ...
Selecting previously unselected package libgl1:amd64.
Preparing to unpack .../147-libgl1_1.0.0+git20180308-2_amd64.deb ...
Unpacking libgl1:amd64 (1.0.0+git20180308-2) ...
Selecting previously unselected package xvfb.
Preparing to unpack .../148-xvfb_2%3a1.19.6-1_amd64.deb ...
Unpacking xvfb (2:1.19.6-1) ...
Selecting previously unselected package sbuild-build-depends-python2.7-dummy.
Preparing to unpack .../149-sbuild-build-depends-python2.7-dummy_0.invalid.0_amd64.deb ...
Unpacking sbuild-build-depends-python2.7-dummy (0.invalid.0) ...
Setting up libglvnd0:amd64 (1.0.0+git20180308-2) ...
Setting up readline-common (7.0-3) ...
Setting up libbz2-dev:amd64 (1.0.6-8.1) ...
Setting up libarchive-zip-perl (1.60-1) ...
Setting up time (1.7-25.1+b1) ...
Setting up mime-support (3.60) ...
Setting up libpng16-16:amd64 (1.6.34-1) ...
Setting up libgdbm-dev:amd64 (1.14.1-6) ...
Setting up libtimedate-perl (2.3000-2) ...
Setting up libsigsegv2:amd64 (2.12-2) ...
Setting up libgpm2:amd64 (1.20.7-5) ...
Setting up libpthread-stubs0-dev:amd64 (0.3-4) ...
Setting up fonts-dejavu-core (2.37-1) ...
Setting up libreadline7:amd64 (7.0-3+b1) ...
Setting up tzdata (2018d-1) ...

Current default time zone: 'Etc/UTC'
Local time is now:      Wed May  2 12:05:28 UTC 2018.
Universal Time is now:  Wed May  2 12:05:28 UTC 2018.
Run 'dpkg-reconfigure tzdata' if you wish to change it.

Setting up libelf1:amd64 (0.170-0.4) ...
Setting up libssl-dev:amd64 (1.1.0h-2) ...
Setting up groff-base (1.22.3-10) ...
Setting up libglib2.0-0:amd64 (2.56.1-2) ...
No schema files found: doing nothing.
Setting up sharutils (1:4.15.2-3) ...
Setting up libxshmfence1:amd64 (1.3-1) ...
Setting up xorg-sgml-doctools (1:1.11-1) ...
Setting up libncursesw6:amd64 (6.1+20180210-2) ...
Setting up xkb-data (2.23.1-1) ...
Setting up libbluetooth3:amd64 (5.49-1) ...
Setting up uuid-dev:amd64 (2.31.1-0.5) ...
Setting up libffi-dev:amd64 (3.2.1-8) ...
Setting up libllvm5.0:amd64 (1:5.0.1-4) ...
Setting up distro-info-data (0.37) ...
Setting up gettext-base (0.19.8.1-6) ...
Setting up libpipeline1:amd64 (1.5.0-1) ...
Setting up libglapi-mesa:amd64 (17.3.9-1) ...
Setting up m4 (1.4.18-1) ...
Setting up libicu57:amd64 (57.1-9) ...
Setting up ucf (3.0038) ...
Setting up libxml2:amd64 (2.9.4+dfsg1-6.1) ...
Setting up x11proto-dev (2018.4-4) ...
Setting up libfreetype6:amd64 (2.8.1-2) ...
Setting up libmagic-mgc (1:5.33-2) ...
Setting up libmagic1:amd64 (1:5.33-2) ...
Setting up libdrm-common (2.4.91-2) ...
Setting up lsb-base (9.20170808) ...
Setting up libcroco3:amd64 (0.6.12-2) ...
Setting up pkg-config (0.29-4+b1) ...
Setting up libx11-xcb1:amd64 (2:1.6.5-1) ...
Setting up libpixman-1-0:amd64 (0.34.0-2) ...
Setting up xtrans-dev (1.3.5-1) ...
Setting up x11proto-xext-dev (2018.4-4) ...
Setting up libdb5.3-dev (5.3.28-13.1+b1) ...
Processing triggers for libc-bin (2.27-3) ...
Setting up autotools-dev (20180224.1) ...
Setting up libc-l10n (2.27-3) ...
Setting up libsqlite3-0:amd64 (3.23.1-1) ...
Setting up libfontenc1:amd64 (1:1.1.3-1+b2) ...
Setting up liblocale-gettext-perl (1.07-3+b3) ...
Setting up libexpat1-dev:amd64 (2.2.5-3) ...
Setting up libpciaccess0:amd64 (0.14-1) ...
Setting up libsensors4:amd64 (1:3.4.0-4) ...
Setting up x11proto-scrnsaver-dev (2018.4-4) ...
Setting up libtcl8.6:amd64 (8.6.8+dfsg-4) ...
Setting up libxdmcp6:amd64 (1:1.1.2-3) ...
Setting up bsdmainutils (11.1.2) ...
update-alternatives: using /usr/bin/bsd-write to provide /usr/bin/write (write) in auto mode
update-alternatives: using /usr/bin/bsd-from to provide /usr/bin/from (from) in auto mode
Setting up net-tools (1.60+git20161116.90da8a0-2) ...
Setting up x11-common (1:7.7+19) ...
update-rc.d: warning: start and stop actions are no longer supported; falling back to defaults
invoke-rc.d: could not determine current runlevel
All runlevel operations denied by policy
invoke-rc.d: policy-rc.d denied execution of start.
Setting up libncurses6:amd64 (6.1+20180210-2) ...
Setting up locales (2.27-3) ...
Generating locales (this might take a while)...
Generation complete.
Setting up libx11-data (2:1.6.5-1) ...
Setting up libpython2.7-stdlib:amd64 (2.7.15-1) ...
Setting up diffstat (1.61-1+b1) ...
Setting up libxau6:amd64 (1:1.0.8-1+b2) ...
Setting up autopoint (0.19.8.1-6) ...
Setting up libmpdec2:amd64 (2.4.2-2) ...
Setting up netbase (5.4) ...
Setting up zlib1g-dev:amd64 (1:1.2.11.dfsg-1) ...
Setting up libfile-stripnondeterminism-perl (0.041-1) ...
Setting up libdb-dev:amd64 (5.3.1) ...
Setting up libpython3.6-stdlib:amd64 (3.6.5-5) ...
Setting up fontconfig-config (2.13.0-4) ...
Setting up python3.6 (3.6.5-5) ...
Setting up libbluetooth-dev:amd64 (5.49-1) ...
Setting up x11proto-core-dev (2018.4-4) ...
Setting up gettext (0.19.8.1-6) ...
Setting up libsqlite3-dev:amd64 (3.23.1-1) ...
Setting up python2.7 (2.7.15-1) ...
Setting up libxfont2:amd64 (1:2.0.3-1) ...
Setting up libxau-dev:amd64 (1:1.0.8-1+b2) ...
Setting up autoconf (2.69-11) ...
Setting up file (1:5.33-2) ...
Setting up libdrm2:amd64 (2.4.91-2) ...
Setting up libpython-stdlib:amd64 (2.7.15~rc1-1) ...
Setting up intltool-debian (0.35.0+20060710.4) ...
Setting up libdrm-intel1:amd64 (2.4.91-2) ...
Setting up libxdmcp-dev:amd64 (1:1.1.2-3) ...
Setting up tcl8.6 (8.6.8+dfsg-4) ...
Setting up automake (1:1.15.1-3.1) ...
update-alternatives: using /usr/bin/automake-1.15 to provide /usr/bin/automake (automake) in auto mode
Setting up help2man (1.47.6) ...
Setting up libice6:amd64 (2:1.0.9-2) ...
Setting up man-db (2.8.3-2) ...
Not building database; man-db/auto-update is not 'true'.
Setting up libdrm-radeon1:amd64 (2.4.91-2) ...
Setting up libpng-dev:amd64 (1.6.34-1) ...
Setting up libdrm-nouveau2:amd64 (2.4.91-2) ...
Setting up libncurses-dev:amd64 (6.1+20180210-2) ...
Setting up libxcb1:amd64 (1.13-1) ...
Setting up python (2.7.15~rc1-1) ...
Setting up tcl8.6-dev:amd64 (8.6.8+dfsg-4) ...
Setting up libtool (2.4.6-2.1) ...
Setting up libpython3-stdlib:amd64 (3.6.5-3) ...
Setting up quilt (0.63-8.2) ...
Setting up libxcb-present0:amd64 (1.13-1) ...
Setting up libfontconfig1:amd64 (2.13.0-4) ...
Setting up libxcb-dri2-0:amd64 (1.13-1) ...
Setting up libsm6:amd64 (2:1.2.2-1+b3) ...
Setting up libxcb-dri3-0:amd64 (1.13-1) ...
Setting up libxcb-glx0:amd64 (1.13-1) ...
Setting up libxcb-xfixes0:amd64 (1.13-1) ...
Setting up po-debconf (1.0.20) ...
Setting up python3 (3.6.5-3) ...
Setting up libdrm-amdgpu1:amd64 (2.4.91-2) ...
Setting up libx11-6:amd64 (2:1.6.5-1) ...
Setting up libgl1-mesa-dri:amd64 (17.3.9-1) ...
Setting up libtinfo-dev:amd64 (6.1+20180210-2) ...
Setting up tcl (8.6.0+9) ...
Setting up lsb-release (9.20170808) ...
Setting up libxmuu1:amd64 (2:1.1.2-2) ...
Setting up libxcb-sync1:amd64 (1.13-1) ...
Setting up libfreetype6-dev:amd64 (2.8.1-2) ...
Setting up libncursesw5-dev:amd64 (6.1+20180210-2) ...
Setting up libice-dev:amd64 (2:1.0.9-2) ...
Setting up libreadline-dev:amd64 (7.0-3+b1) ...
Setting up libxpm4:amd64 (1:3.5.12-1) ...
Setting up libxt6:amd64 (1:1.1.5-1) ...
Setting up libxrender1:amd64 (1:0.9.10-1) ...
Setting up libxcb1-dev:amd64 (1.13-1) ...
Setting up libx11-dev:amd64 (2:1.6.5-1) ...
Setting up libxft2:amd64 (2.3.2-2) ...
Setting up tcl-dev:amd64 (8.6.0+9) ...
Setting up libxkbfile1:amd64 (1:1.0.9-2) ...
Setting up libfontconfig1-dev:amd64 (2.13.0-4) ...
Setting up libsm-dev:amd64 (2:1.2.2-1+b3) ...
Setting up libxext6:amd64 (2:1.3.3-1+b2) ...
Setting up libxfixes3:amd64 (1:5.0.3-1) ...
Setting up libxss1:amd64 (1:1.2.2-1+b2) ...
Setting up libxrender-dev:amd64 (1:0.9.10-1) ...
Setting up libxmu6:amd64 (2:1.1.2-2) ...
Setting up xauth (1:1.0.10-1) ...
Setting up libxft-dev:amd64 (2.3.2-2) ...
Setting up libxext-dev:amd64 (2:1.3.3-1+b2) ...
Setting up libxxf86vm1:amd64 (1:1.1.4-1+b2) ...
Setting up libxaw7:amd64 (2:1.0.13-1+b2) ...
Setting up libxt-dev:amd64 (1:1.1.5-1) ...
Setting up libxdamage1:amd64 (1:1.1.4-3) ...
Setting up x11-xkb-utils (7.7+4) ...
Setting up libtk8.6:amd64 (8.6.8-4) ...
Setting up libxss-dev:amd64 (1:1.2.2-1+b2) ...
Setting up tk8.6-blt2.5 (2.5.3+dfsg-4) ...
Setting up libglx-mesa0:amd64 (17.3.9-1) ...
Setting up xserver-common (2:1.19.6-1) ...
Setting up tk8.6 (8.6.8-4) ...
Setting up tk8.6-dev:amd64 (8.6.8-4) ...
Setting up tk (8.6.0+9) ...
Setting up libglx0:amd64 (1.0.0+git20180308-2) ...
Setting up blt-dev (2.5.3+dfsg-4) ...
Setting up tk-dev:amd64 (8.6.0+9) ...
Setting up libgl1:amd64 (1.0.0+git20180308-2) ...
Setting up xvfb (2:1.19.6-1) ...
Setting up dh-autoreconf (17) ...
Setting up dh-strip-nondeterminism (0.041-1) ...
Setting up debhelper (11.2.1) ...
Setting up sbuild-build-depends-python2.7-dummy (0.invalid.0) ...
Processing triggers for libc-bin (2.27-3) ...

+------------------------------------------------------------------------------+
| Build environment                                                            |
+------------------------------------------------------------------------------+

Kernel: Linux 4.9.0-5-amd64 amd64 (x86_64)
Toolchain package versions: binutils_2.30-16 dpkg-dev_1.19.0.5 g++-7_7.3.0-17 gcc-7_7.3.0-17 libc6-dev_2.27-3 libstdc++-7-dev_7.3.0-17 libstdc++6_8-20180425-1 linux-libc-dev_4.15.17-1
Package versions: adduser_3.117 apt_1.6.1 autoconf_2.69-11 automake_1:1.15.1-3.1 autopoint_0.19.8.1-6 autotools-dev_20180224.1 base-files_10.1 base-passwd_3.5.45 bash_4.4.18-2 binutils_2.30-16 binutils-common_2.30-16 binutils-x86-64-linux-gnu_2.30-16 blt-dev_2.5.3+dfsg-4 bsdmainutils_11.1.2 bsdutils_1:2.31.1-0.5 build-essential_12.5 bzip2_1.0.6-8.1 clang-6.0_1:6.0-3 coreutils_8.28-1 cpp_4:7.3.0-3 cpp-7_7.3.0-17 dash_0.5.8-2.10 debconf_1.5.66 debfoster_2.7-2.1+b1 debhelper_11.2.1 debian-archive-keyring_2017.7 debianutils_4.8.4 dh-autoreconf_17 dh-strip-nondeterminism_0.041-1 diffstat_1.61-1+b1 diffutils_1:3.6-1 distro-info-data_0.37 dpkg_1.19.0.5 dpkg-dev_1.19.0.5 e2fslibs_1.44.1-2 e2fsprogs_1.44.1-2 eatmydata_105-6 fakeroot_1.22-2 fdisk_2.31.1-0.5 file_1:5.33-2 findutils_4.6.0+git+20171230-2 fontconfig-config_2.13.0-4 fonts-dejavu-core_2.37-1 g++_4:7.3.0-3 g++-7_7.3.0-17 gcc_4:7.3.0-3 gcc-6-base_6.4.0-17 gcc-7_7.3.0-17 gcc-7-base_7.3.0-17 gcc-8-base_8-20180425-1 gettext_0.19.8.1-6 gettext-base_0.19.8.1-6 gpgv_2.2.5-1 grep_3.1-2 groff-base_1.22.3-10 gzip_1.6-5+b1 help2man_1.47.6 hostname_3.20 init-system-helpers_1.51 intltool-debian_0.35.0+20060710.4 lib32gcc1_1:8-20180425-1 lib32stdc++6_8-20180425-1 libacl1_2.2.52-3+b1 libapt-pkg5.0_1.6.1 libarchive-zip-perl_1.60-1 libasan4_7.3.0-17 libatomic1_8-20180425-1 libattr1_1:2.4.47-2+b2 libaudit-common_1:2.8.3-1 libaudit1_1:2.8.3-1 libbinutils_2.30-16 libblkid1_2.31.1-0.5 libbluetooth-dev_5.49-1 libbluetooth3_5.49-1 libbsd0_0.8.7-1 libbz2-1.0_1.0.6-8.1 libbz2-dev_1.0.6-8.1 libc-bin_2.27-3 libc-dev-bin_2.27-3 libc-l10n_2.27-3 libc6_2.27-3 libc6-dev_2.27-3 libc6-i386_2.27-3 libcap-ng0_0.7.9-1 libcc1-0_8-20180425-1 libcilkrts5_7.3.0-17 libclang-common-6.0-dev_1:6.0-3 libclang1-6.0_1:6.0-3 libcom-err2_1.44.1-2 libcomerr2_1.44.1-2 libcroco3_0.6.12-2 libdb-dev_5.3.1 libdb5.3_5.3.28-13.1+b1 libdb5.3-dev_5.3.28-13.1+b1 libdebconfclient0_0.243 libdpkg-perl_1.19.0.5 libdrm-amdgpu1_2.4.91-2 libdrm-common_2.4.91-2 libdrm-intel1_2.4.91-2 libdrm-nouveau2_2.4.91-2 libdrm-radeon1_2.4.91-2 libdrm2_2.4.91-2 libeatmydata1_105-6 libedit2_3.1-20170329-1 libelf1_0.170-0.4 libexpat1_2.2.5-3 libexpat1-dev_2.2.5-3 libext2fs2_1.44.1-2 libfakeroot_1.22-2 libfdisk1_2.31.1-0.5 libffi-dev_3.2.1-8 libffi6_3.2.1-8 libfile-stripnondeterminism-perl_0.041-1 libfontconfig1_2.13.0-4 libfontconfig1-dev_2.13.0-4 libfontenc1_1:1.1.3-1+b2 libfreetype6_2.8.1-2 libfreetype6-dev_2.8.1-2 libgc1c2_1:7.4.2-8.2 libgcc-7-dev_7.3.0-17 libgcc1_1:8-20180425-1 libgcrypt20_1.8.2-2 libgdbm-compat4_1.14.1-6 libgdbm-dev_1.14.1-6 libgdbm3_1.8.3-14 libgdbm5_1.14.1-6 libgl1_1.0.0+git20180308-2 libgl1-mesa-dri_17.3.9-1 libglapi-mesa_17.3.9-1 libglib2.0-0_2.56.1-2 libglvnd0_1.0.0+git20180308-2 libglx-mesa0_17.3.9-1 libglx0_1.0.0+git20180308-2 libgmp10_2:6.1.2+dfsg-3 libgnutls30_3.5.18-1 libgomp1_8-20180425-1 libgpg-error0_1.29-4 libgpm2_1.20.7-5 libhogweed4_3.4-1 libice-dev_2:1.0.9-2 libice6_2:1.0.9-2 libicu57_57.1-9 libidn2-0_2.0.4-1.1 libisl15_0.18-4 libisl19_0.19-1 libitm1_8-20180425-1 libjsoncpp1_1.7.4-3 libllvm5.0_1:5.0.1-4 libllvm6.0_1:6.0-3 liblocale-gettext-perl_1.07-3+b3 liblsan0_8-20180425-1 liblz4-1_1.8.1.2-1 liblzma5_5.2.2-1.3 libmagic-mgc_1:5.33-2 libmagic1_1:5.33-2 libmount1_2.31.1-0.5 libmpc3_1.1.0-1 libmpdec2_2.4.2-2 libmpfr4_3.1.6-1 libmpfr6_4.0.1-1 libmpx2_8-20180425-1 libncurses-dev_6.1+20180210-2 libncurses5_6.1+20180210-2 libncurses6_6.1+20180210-2 libncursesw5_6.1+20180210-2 libncursesw5-dev_6.1+20180210-2 libncursesw6_6.1+20180210-2 libnettle6_3.4-1 libobjc-7-dev_7.3.0-17 libobjc4_8-20180425-1 libp11-kit0_0.23.10-2 libpam-modules_1.1.8-3.7 libpam-modules-bin_1.1.8-3.7 libpam-runtime_1.1.8-3.7 libpam0g_1.1.8-3.7 libpciaccess0_0.14-1 libpcre3_2:8.39-9 libperl5.26_5.26.2-3 libpipeline1_1.5.0-1 libpixman-1-0_0.34.0-2 libpng-dev_1.6.34-1 libpng16-16_1.6.34-1 libpthread-stubs0-dev_0.3-4 libpython-stdlib_2.7.15~rc1-1 libpython2.7-minimal_2.7.15-1 libpython2.7-stdlib_2.7.15-1 libpython3-stdlib_3.6.5-3 libpython3.6-minimal_3.6.5-5 libpython3.6-stdlib_3.6.5-5 libquadmath0_8-20180425-1 libreadline-dev_7.0-3+b1 libreadline7_7.0-3+b1 libseccomp2_2.3.3-1 libselinux1_2.7-2+b2 libsemanage-common_2.7-2 libsemanage1_2.7-2+b2 libsensors4_1:3.4.0-4 libsepol1_2.7-1 libsigsegv2_2.12-2 libsm-dev_2:1.2.2-1+b3 libsm6_2:1.2.2-1+b3 libsmartcols1_2.31.1-0.5 libsqlite3-0_3.23.1-1 libsqlite3-dev_3.23.1-1 libss2_1.44.1-2 libssl-dev_1.1.0h-2 libssl1.1_1.1.0h-2 libstdc++-7-dev_7.3.0-17 libstdc++6_8-20180425-1 libsystemd0_238-4 libtasn1-6_4.13-2 libtcl8.6_8.6.8+dfsg-4 libtimedate-perl_2.3000-2 libtinfo-dev_6.1+20180210-2 libtinfo5_6.1+20180210-2 libtinfo6_6.1+20180210-2 libtk8.6_8.6.8-4 libtool_2.4.6-2.1 libtsan0_8-20180425-1 libubsan0_7.3.0-17 libudev1_238-4 libunistring2_0.9.8-1 libustr-1.0-1_1.0.4-6 libuuid1_2.31.1-0.5 libx11-6_2:1.6.5-1 libx11-data_2:1.6.5-1 libx11-dev_2:1.6.5-1 libx11-xcb1_2:1.6.5-1 libxau-dev_1:1.0.8-1+b2 libxau6_1:1.0.8-1+b2 libxaw7_2:1.0.13-1+b2 libxcb-dri2-0_1.13-1 libxcb-dri3-0_1.13-1 libxcb-glx0_1.13-1 libxcb-present0_1.13-1 libxcb-sync1_1.13-1 libxcb-xfixes0_1.13-1 libxcb1_1.13-1 libxcb1-dev_1.13-1 libxdamage1_1:1.1.4-3 libxdmcp-dev_1:1.1.2-3 libxdmcp6_1:1.1.2-3 libxext-dev_2:1.3.3-1+b2 libxext6_2:1.3.3-1+b2 libxfixes3_1:5.0.3-1 libxfont2_1:2.0.3-1 libxft-dev_2.3.2-2 libxft2_2.3.2-2 libxkbfile1_1:1.0.9-2 libxml2_2.9.4+dfsg1-6.1 libxmu6_2:1.1.2-2 libxmuu1_2:1.1.2-2 libxpm4_1:3.5.12-1 libxrender-dev_1:0.9.10-1 libxrender1_1:0.9.10-1 libxshmfence1_1.3-1 libxss-dev_1:1.2.2-1+b2 libxss1_1:1.2.2-1+b2 libxt-dev_1:1.1.5-1 libxt6_1:1.1.5-1 libxxf86vm1_1:1.1.4-1+b2 libzstd1_1.3.4+dfsg-1 linux-libc-dev_4.15.17-1 locales_2.27-3 login_1:4.5-1 lsb-base_9.20170808 lsb-release_9.20170808 m4_1.4.18-1 make_4.2.1-1 man-db_2.8.3-2 mawk_1.3.3-17+b3 mime-support_3.60 mount_2.31.1-0.5 multiarch-support_2.27-3 ncurses-base_6.1+20180210-2 ncurses-bin_6.1+20180210-2 net-tools_1.60+git20161116.90da8a0-2 netbase_5.4 passwd_1:4.5-1 patch_2.7.6-2 perl_5.26.2-3 perl-base_5.26.2-3 perl-modules-5.26_5.26.2-3 pkg-config_0.29-4+b1 po-debconf_1.0.20 python_2.7.15~rc1-1 python-minimal_2.7.15~rc1-1 python2.7_2.7.15-1 python2.7-minimal_2.7.15-1 python3_3.6.5-3 python3-minimal_3.6.5-3 python3.6_3.6.5-5 python3.6-minimal_3.6.5-5 quilt_0.63-8.2 readline-common_7.0-3 sbuild-build-depends-core-dummy_0.invalid.0 sbuild-build-depends-python2.7-dummy_0.invalid.0 sed_4.4-2 sensible-utils_0.0.12 sharutils_1:4.15.2-3 sysvinit-utils_2.88dsf-59.10 tar_1.30+dfsg-1 tcl_8.6.0+9 tcl-dev_8.6.0+9 tcl8.6_8.6.8+dfsg-4 tcl8.6-dev_8.6.8+dfsg-4 time_1.7-25.1+b1 tk_8.6.0+9 tk-dev_8.6.0+9 tk8.6_8.6.8-4 tk8.6-blt2.5_2.5.3+dfsg-4 tk8.6-dev_8.6.8-4 tzdata_2018d-1 ucf_3.0038 util-linux_2.31.1-0.5 uuid-dev_2.31.1-0.5 x11-common_1:7.7+19 x11-xkb-utils_7.7+4 x11proto-core-dev_2018.4-4 x11proto-dev_2018.4-4 x11proto-scrnsaver-dev_2018.4-4 x11proto-xext-dev_2018.4-4 xauth_1:1.0.10-1 xkb-data_2.23.1-1 xorg-sgml-doctools_1:1.11-1 xserver-common_2:1.19.6-1 xtrans-dev_1.3.5-1 xvfb_2:1.19.6-1 xz-utils_5.2.2-1.3 zlib1g_1:1.2.11.dfsg-1 zlib1g-dev_1:1.2.11.dfsg-1

+------------------------------------------------------------------------------+
| Build                                                                        |
+------------------------------------------------------------------------------+


Unpack source
-------------

gpgv: unknown type of key resource 'trustedkeys.kbx'
gpgv: keyblock resource '/sbuild-nonexistent/.gnupg/trustedkeys.kbx': General error
gpgv: Signature made Tue May  1 07:02:36 2018 UTC
gpgv:                using RSA key D56571B88A8BBAF140BF63D6BD7EAA60778FA6F5
gpgv:                issuer "doko@debian.org"
gpgv: Can't check signature: No public key
dpkg-source: warning: failed to verify signature on ./python2.7_2.7.15-1.dsc
dpkg-source: info: extracting python2.7 in /<<PKGBUILDDIR>>
dpkg-source: info: unpacking python2.7_2.7.15.orig.tar.gz
dpkg-source: info: applying python2.7_2.7.15-1.diff.gz

Check disk space
----------------

Sufficient free space for build

User Environment
----------------

APT_CONFIG=/var/lib/sbuild/apt.conf
HOME=/sbuild-nonexistent
LANG=en_US.UTF-8
LC_ALL=POSIX
LOGNAME=user42
PATH=/usr/local/sbin:/usr/local/bin:/usr/sbin:/usr/bin:/sbin:/bin:/usr/games
SCHROOT_ALIAS_NAME=unstable-amd64-sbuild
SCHROOT_CHROOT_NAME=unstable-amd64-sbuild
SCHROOT_COMMAND=env
SCHROOT_GID=1001
SCHROOT_GROUP=user42
SCHROOT_SESSION_ID=unstable-amd64-sbuild-8820b16d-f4a4-4f22-9dcc-a71811bf6e69
SCHROOT_UID=1001
SCHROOT_USER=user42
SHELL=/bin/sh
USER=user42

dpkg-buildpackage
-----------------

dpkg-buildpackage: info: source package python2.7
dpkg-buildpackage: info: source version 2.7.15-1
dpkg-buildpackage: info: source distribution unstable
dpkg-buildpackage: info: source changed by Matthias Klose <doko@debian.org>
 dpkg-source --before-build python2.7-2.7.15
dpkg-buildpackage: info: host architecture amd64
 fakeroot debian/rules clean
dpkg: error: --compare-versions takes three arguments: <version> <relation> <version>

Type dpkg --help for help about installing and deinstalling packages [*];
Use 'apt' or 'aptitude' for user-friendly package management;
Type dpkg -Dhelp for a list of dpkg debug flag values;
Type dpkg --force-help for a list of forcing options;
Type dpkg-deb --help for help about manipulating *.deb files;

Options marked [*] produce a lot of output - pipe it through 'less' or 'more' !
sed -e "s/@PVER@/python2.7/g" \
    -e "s/@VER@/2.7/g" \
    -e "s/@PYSTDDEP@//g" \
    -e "s/@PRIO@/optional/g" \
    -e "s/@MINPRIO@/optional/g" \
    -e "s/@bd_qual@/:any/g" \
    -e "s/@bd_gcc@//g" \
    -e "s/@bd_dpkgdev@/dpkg-dev (>= 1.17.11),/g" \
    -e "s/@pf_bluetooth@/ <!profile.nobluetooth>/g" \
    -e "s/PYFPE_BREAKS/$(tr '\n' ' ' < debian/pyfpe-breaks.Debian)/g" \
	debian/control.in \
  | cat \
  > debian/control.tmp
[ -e debian/control ] \
  && cmp -s debian/control debian/control.tmp \
  && rm -f debian/control.tmp && exit 0; \
  mv debian/control.tmp debian/control
dh_testdir
dh_testroot
dh_autotools-dev_restoreconfig
dh_autotools-dev_restoreconfig: dh_autotools-dev_restoreconfig is deprecated; please see dh_autotools-dev_restoreconfig(1) for a replacement
dh_autotools-dev_restoreconfig: This feature will be removed in compat 12.
/usr/bin/make -f debian/rules unpatch
make[1]: Entering directory '/<<PKGBUILDDIR>>'
dpkg: error: --compare-versions takes three arguments: <version> <relation> <version>

Type dpkg --help for help about installing and deinstalling packages [*];
Use 'apt' or 'aptitude' for user-friendly package management;
Type dpkg -Dhelp for a list of dpkg debug flag values;
Type dpkg --force-help for a list of forcing options;
Type dpkg-deb --help for help about manipulating *.deb files;

Options marked [*] produce a lot of output - pipe it through 'less' or 'more' !
QUILT_PATCHES=debian/patches quilt pop -a -R || test $? = 2
No patch removed
rm -f stamps/stamp-patch debian/patches/series
rm -rf configure autom4te.cache
rm -f Lib/dist-packages
make[1]: Leaving directory '/<<PKGBUILDDIR>>'
rm -rf stamps .pc
rm -f debian/test_results
/usr/bin/make -C Doc clean
make[1]: Entering directory '/<<PKGBUILDDIR>>/Doc'
rm -rf build/*
make[1]: Leaving directory '/<<PKGBUILDDIR>>/Doc'
sed 's/^@/#/' Makefile.pre.in | /usr/bin/make -f - srcdir=. distclean
make[1]: Entering directory '/<<PKGBUILDDIR>>'
find . -name '*.py[co]' -exec rm -f {} ';'
find . -name '*.[oa]' -exec rm -f {} ';'
find . -name '*.s[ol]' -exec rm -f {} ';'
find . -name '*.so.[0-9]*.[0-9]*' -exec rm -f {} ';'
find build -name 'fficonfig.h' -exec rm -f {} ';' || true
find: 'build': No such file or directory
find build -name 'fficonfig.py' -exec rm -f {} ';' || true
find: 'build': No such file or directory
rm -f Lib/lib2to3/*Grammar*.pickle
find build -type f -a ! -name '*.gc??' -exec rm -f {} ';'
find: 'build': No such file or directory
make[1]: [/tmp/GmaaNDgn:1404: clean] Error 1 (ignored)
find . -name '*.gc??' -exec rm -f {} ';'
find . -name '*.profclang?' -exec rm -f {} ';'
find . -name '*.dyn' -exec rm -f {} ';'
rm -f python@BUILDEXEEXT@ Parser/pgen@EXEEXT@ @LIBRARY@ @LDLIBRARY@ @DLLLIBRARY@ \
	tags TAGS \
	config.cache config.log pyconfig.h Modules/config.c
rm -rf build platform
rm -rf @PYTHONFRAMEWORKDIR@
for file in Lib/test/data/* ; do \
    if test "$file" != "Lib/test/data/README"; then rm "$file"; fi; \
done
rm -f core Makefile Makefile.pre config.status \
	Modules/Setup Modules/Setup.local Modules/Setup.config \
	Modules/ld_so_aix Modules/python.exp Misc/python.pc
rm -f python*-gdb.py
rm -f pybuilddir.txt
# Issue #28258: set LC_ALL to avoid issues with Estonian locale.
# Expansion is performed here by shell (spawned by make) itself before
# arguments are passed to find. So LC_ALL=C must be set as a separate
# command.
LC_ALL=C; find ./[a-zA-Z]* '(' -name '*.fdc' -o -name '*~' \
			     -o -name '[@,#]*' -o -name '*.old' \
			     -o -name '*.orig' -o -name '*.rej' \
			     -o -name '*.bak' ')' \
			     -exec rm -f {} ';'
make[1]: Leaving directory '/<<PKGBUILDDIR>>'
rm -rf Lib/test/db_home
rm -rf /<<PKGBUILDDIR>>/build-static /<<PKGBUILDDIR>>/build-shared /<<PKGBUILDDIR>>/build-debug /<<PKGBUILDDIR>>/build-shdebug
find -name '*.py[co]' | xargs -r rm -f
rm -f Lib/lib2to3/*.pickle
rm -rf Lib/plat-x86_64-linux-gnu
rm -rf locales
rm -rf debian/tmp-dbg debian/tmp-shdbg
for f in debian/*.in; do \
  f2=`echo $f | sed "s,PVER,python2.7,g;s/@VER@/2.7/g;s,\.in$,,"`; \
  if [ $f2 != debian/control ] && [ $f2 != debian/source.lintian-overrides ]; then \
    rm -f $f2; \
  fi; \
done
dh_clean
 debian/rules build-arch
dpkg: error: --compare-versions takes three arguments: <version> <relation> <version>

Type dpkg --help for help about installing and deinstalling packages [*];
Use 'apt' or 'aptitude' for user-friendly package management;
Type dpkg -Dhelp for a list of dpkg debug flag values;
Type dpkg --force-help for a list of forcing options;
Type dpkg-deb --help for help about manipulating *.deb files;

Options marked [*] produce a lot of output - pipe it through 'less' or 'more' !
cpp -E \
  -DDebian \
   \
   \
  -Darch_os_linux -Darch_amd64 \
  -o - debian/patches/series.in \
  | egrep -v '^(#.*|$)' > debian/patches/series
clang: warning: argument unused during compilation: '-E' [-Wunused-command-line-argument]
debian/patches/series.in:1:3: error: invalid preprocessing directive
# git-updates.diff
  ^
1 error generated.
dh_testdir
uname -a
Linux ip-172-31-3-19 4.9.0-5-amd64 #1 SMP Debian 4.9.65-3+deb9u2 (2018-01-04) x86_64 GNU/Linux
USER=user42, LOGNAME=user42
QUILT_PATCHES=debian/patches quilt push -a || test $? = 2
Applying patch debian/patches/issue9189.diff
patching file Lib/sysconfig.py
patching file Makefile.pre.in
patching file Modules/makesetup
patching file configure.ac
patching file Lib/distutils/sysconfig.py

Applying patch debian/patches/build-libpython.diff
patching file Makefile.pre.in

Applying patch debian/patches/deb-setup.diff
patching file setup.py

Applying patch debian/patches/deb-locations.diff
patching file Demo/tkinter/guido/ManPage.py
patching file Demo/tkinter/guido/tkman.py
patching file Misc/python.man
patching file Tools/faqwiz/faqconf.py
patching file Tools/webchecker/webchecker.py

Applying patch debian/patches/site-locations.diff
patching file Lib/site.py

Applying patch debian/patches/distutils-install-layout.diff
patching file Doc/install/index.rst
patching file Lib/distutils/command/install.py
patching file Lib/distutils/command/install_egg_info.py
patching file Lib/distutils/sysconfig.py
patching file Lib/site.py
patching file Lib/sysconfig.py
patching file Lib/test/test_import.py
patching file Lib/test/test_site.py
patching file Lib/test/test_sysconfig.py
patching file Lib/distutils/tests/test_install.py
patching file Lib/distutils/tests/test_bdist_dumb.py
patching file Lib/pydoc.py

Applying patch debian/patches/locale-module.diff
patching file Lib/locale.py

Applying patch debian/patches/distutils-link.diff
patching file Lib/distutils/unixccompiler.py

Applying patch debian/patches/distutils-sysconfig.diff
patching file Lib/distutils/sysconfig.py

Applying patch debian/patches/test-sundry.diff
patching file Lib/test/test_sundry.py

Applying patch debian/patches/tkinter-import.diff
patching file Lib/lib-tk/Tkinter.py
patching file Demo/turtle/turtleDemo.py

Applying patch debian/patches/link-opt.diff
patching file configure.ac

Applying patch debian/patches/debug-build.diff
patching file Lib/distutils/command/build.py
patching file Lib/distutils/sysconfig.py
patching file Lib/sysconfig.py
patching file Makefile.pre.in
patching file Misc/python-config.in
patching file Python/dynload_shlib.c
patching file Python/sysmodule.c
patching file configure.ac
patching file Lib/distutils/tests/test_build_ext.py
patching file Lib/distutils/tests/test_build.py

Applying patch debian/patches/hotshot-import.diff
patching file Lib/hotshot/stats.py

Applying patch debian/patches/no-zip-on-sys.path.diff
patching file Modules/getpath.c

Applying patch debian/patches/platform-lsbrelease.diff
patching file Lib/platform.py

Applying patch debian/patches/bdist-wininst-notfound.diff
patching file Lib/distutils/command/bdist_wininst.py

Applying patch debian/patches/setup-modules-ssl.diff
patching file Modules/Setup.dist

Applying patch debian/patches/makesetup-bashism.diff
patching file Modules/makesetup

Applying patch debian/patches/hurd-disable-nonworking-constants.diff
patching file Modules/posixmodule.c
patching file Modules/socketmodule.c

Applying patch debian/patches/statvfs-f_flag-constants.diff
patching file Modules/posixmodule.c

Applying patch debian/patches/issue9012a.diff
patching file Modules/Setup.dist

Applying patch debian/patches/link-system-expat.diff
patching file Modules/Setup.dist

Applying patch debian/patches/plat-gnukfreebsd.diff
patching file Lib/plat-gnukfreebsd7/IN.py
patching file Lib/plat-gnukfreebsd7/TYPES.py
patching file Lib/plat-gnukfreebsd7/DLFCN.py
patching file Lib/plat-gnukfreebsd8/IN.py
patching file Lib/plat-gnukfreebsd8/TYPES.py
patching file Lib/plat-gnukfreebsd8/DLFCN.py

Applying patch debian/patches/link-whole-archive.diff
patching file Makefile.pre.in

Applying patch debian/patches/bsddb-libpath.diff
patching file setup.py

Applying patch debian/patches/disable-sem-check.diff
patching file configure.ac

Applying patch debian/patches/ctypes-arm.diff
patching file Lib/ctypes/util.py

Applying patch debian/patches/lto-link-flags.diff
patching file Makefile.pre.in

Applying patch debian/patches/multiarch.diff
patching file Lib/sysconfig.py
patching file Makefile.pre.in
patching file Python/dynload_shlib.c
patching file configure.ac
patching file Lib/distutils/sysconfig.py
patching file Python/sysmodule.c

Applying patch debian/patches/lib2to3-no-pickled-grammar.diff
patching file Lib/lib2to3/pgen2/driver.py
patching file Lib/lib2to3/tests/test_main.py
patching file Lib/lib2to3/tests/test_parser.py

Applying patch debian/patches/add-python-config-sh.diff
patching file Makefile.pre.in
patching file Misc/python-config.in
patching file Misc/python-config.sh.in
patching file configure.ac

Applying patch debian/patches/ext-no-libpython-link.diff
patching file Lib/distutils/command/build_ext.py

Applying patch debian/patches/build-hash.diff
patching file setup.py

Applying patch debian/patches/libffi-shared.diff
patching file setup.py

Applying patch debian/patches/atomic-pyc-rename.diff
patching file Lib/py_compile.py

Applying patch debian/patches/revert-unittest-loader-symlinks19352.diff
patching file Lib/unittest/loader.py
patching file Lib/unittest/test/test_discovery.py

Applying patch debian/patches/enable-sqlite-loadext.diff
patching file setup.py

Applying patch debian/patches/installed-testsuite.diff
patching file Lib/distutils/tests/test_build_ext.py

Applying patch debian/patches/ensurepip-wheels.diff
patching file Lib/ensurepip/__init__.py

Applying patch debian/patches/ensurepip-disabled.diff
patching file Lib/ensurepip/__init__.py

Applying patch debian/patches/mangle-fstack-protector.diff
patching file Lib/distutils/sysconfig.py

Applying patch debian/patches/reproducible-buildinfo.diff
patching file Makefile.pre.in

Applying patch debian/patches/pydoc-use-pager.diff
patching file Lib/pydoc.py

Applying patch debian/patches/issue27239.diff
patching file Lib/idlelib/macosxSupport.py

Applying patch debian/patches/rename-md5-init.diff
patching file Modules/md5.c
patching file Modules/md5.h
patching file Modules/md5module.c

Applying patch debian/patches/local-doc-references.diff
patching file Doc/tools/templates/layout.html
patching file Misc/python.man

Applying patch debian/patches/m-i-p-s-r6.diff
patching file Modules/_ctypes/libffi/config.sub

Now at patch debian/patches/m-i-p-s-r6.diff
rm -rf autom4te.cache configure
autoconf
mkdir -p stamps
echo ""; echo "Patches applied in this version:" > stamps/pxx

for i in $(cat debian/patches/series); do \
  echo ""; echo "$i:"; \
  sed -n 's/^# *DP: */  /p' debian/patches/$i; \
done >> stamps/pxx
mv stamps/pxx stamps/stamp-patch
dh_autotools-dev_updateconfig
dh_autotools-dev_updateconfig: dh_autotools-dev_updateconfig is deprecated; please see dh_autotools-dev_updateconfig(1) for a replacement
dh_autotools-dev_updateconfig: This feature will be removed in compat 12.
: # don't build pgen for cross builds, adjust timestamps
touch Parser/acceler.c Parser/grammar1.c Parser/listnode.c \
  Parser/node.c Parser/parser.c Parser/parsetok.c Parser/bitset.c \
  Parser/metagrammar.c Parser/firstsets.c Parser/grammar.c \
  Parser/pgen.c
touch Objects/obmalloc.c Python/mysnprintf.c Python/pyctype.c \
  Parser/tokenizer_pgen.c Parser/printgrammar.c Parser/pgenmain.c
touch Grammar/Grammar 
touch Include/graminit.h
touch Python/graminit.c
ln -sf site-packages Lib/dist-packages
rm -rf /<<PKGBUILDDIR>>/build-static
mkdir -p /<<PKGBUILDDIR>>/build-static
cd /<<PKGBUILDDIR>>/build-static && \
  CC="x86_64-linux-gnu-gcc" CXX="x86_64-linux-gnu-g++" AR="x86_64-linux-gnu-gcc-ar" RANLIB="x86_64-linux-gnu-gcc-ranlib" \
  CFLAGS="-Wdate-time -D_FORTIFY_SOURCE=2 -g -fdebug-prefix-map=/<<PKGBUILDDIR>>=. -fstack-protector -Wformat -Werror=format-security " LDFLAGS="-Wl,-z,relro" \
     \
    ../configure \
	--prefix=/usr --enable-ipv6 --enable-unicode=ucs4 --with-dbmliborder=bdb:gdbm --with-system-expat --with-computed-gotos --with-system-ffi
checking build system type... x86_64-pc-linux-gnu
checking host system type... x86_64-pc-linux-gnu
checking for python2.7... python2.7
checking for --enable-universalsdk... no
checking for --with-universal-archs... no
checking MACHDEP... linux2
checking EXTRAPLATDIR... 
checking for --without-gcc... no
checking for --with-icc... no
checking for gcc... x86_64-linux-gnu-gcc
checking whether the C compiler works... yes
checking for C compiler default output file name... a.out
checking for suffix of executables... 
checking whether we are cross compiling... no
checking for suffix of object files... o
checking whether we are using the GNU C compiler... yes
checking whether x86_64-linux-gnu-gcc accepts -g... yes
checking for x86_64-linux-gnu-gcc option to accept ISO C89... none needed
checking for --with-cxx-main=<compiler>... no
checking how to run the C preprocessor... x86_64-linux-gnu-gcc -E
checking for grep that handles long lines and -e... /bin/grep
checking for egrep... /bin/grep -E
checking for ANSI C header files... yes
checking for sys/types.h... yes
checking for sys/stat.h... yes
checking for stdlib.h... yes
checking for string.h... yes
checking for memory.h... yes
checking for strings.h... yes
checking for inttypes.h... yes
checking for stdint.h... yes
checking for unistd.h... yes
checking minix/config.h usability... no
checking minix/config.h presence... no
checking for minix/config.h... no
checking whether it is safe to define __EXTENSIONS__... yes
checking for --with-suffix... 
checking for case-insensitive build directory... no
checking LIBRARY... libpython$(VERSION)$(DEBUG_EXT).a
checking LINKCC... $(PURIFY) $(MAINCC)
checking for GNU ld... yes
checking for --enable-shared... no
checking for --enable-profiling... no
checking LDLIBRARY... libpython$(VERSION)$(DEBUG_EXT).a
checking for ranlib... x86_64-linux-gnu-gcc-ranlib
checking for a BSD-compatible install... /usr/bin/install -c
checking for a thread-safe mkdir -p... /bin/mkdir -p
checking for --with-pydebug... no
checking whether x86_64-linux-gnu-gcc accepts -fno-strict-aliasing... yes
checking whether x86_64-linux-gnu-gcc accepts -OPT:Olimit=0... no
checking whether x86_64-linux-gnu-gcc accepts -Olimit 1500... no
checking whether gcc supports ParseTuple __format__... no
checking for --enable-optimizations... no
checking for --with-lto... no
checking target system type... x86_64-pc-linux-gnu
checking for -llvm-profdata... no
checking for llvm-profdata... ''
checking whether pthreads are available without options... no
checking whether x86_64-linux-gnu-gcc accepts -Kpthread... no
checking whether x86_64-linux-gnu-gcc accepts -Kthread... no
checking whether x86_64-linux-gnu-gcc accepts -pthread... yes
checking whether x86_64-linux-gnu-g++ also accepts flags for thread support... yes
checking for ANSI C header files... (cached) yes
checking asm/types.h usability... yes
checking asm/types.h presence... yes
checking for asm/types.h... yes
checking crypt.h usability... yes
checking crypt.h presence... yes
checking for crypt.h... yes
checking conio.h usability... no
checking conio.h presence... no
checking for conio.h... no
checking direct.h usability... no
checking direct.h presence... no
checking for direct.h... no
checking dlfcn.h usability... yes
checking dlfcn.h presence... yes
checking for dlfcn.h... yes
checking errno.h usability... yes
checking errno.h presence... yes
checking for errno.h... yes
checking fcntl.h usability... yes
checking fcntl.h presence... yes
checking for fcntl.h... yes
checking grp.h usability... yes
checking grp.h presence... yes
checking for grp.h... yes
checking ieeefp.h usability... no
checking ieeefp.h presence... no
checking for ieeefp.h... no
checking io.h usability... no
checking io.h presence... no
checking for io.h... no
checking langinfo.h usability... yes
checking langinfo.h presence... yes
checking for langinfo.h... yes
checking libintl.h usability... yes
checking libintl.h presence... yes
checking for libintl.h... yes
checking poll.h usability... yes
checking poll.h presence... yes
checking for poll.h... yes
checking process.h usability... no
checking process.h presence... no
checking for process.h... no
checking pthread.h usability... yes
checking pthread.h presence... yes
checking for pthread.h... yes
checking shadow.h usability... yes
checking shadow.h presence... yes
checking for shadow.h... yes
checking signal.h usability... yes
checking signal.h presence... yes
checking for signal.h... yes
checking for stdint.h... (cached) yes
checking stropts.h usability... yes
checking stropts.h presence... yes
checking for stropts.h... yes
checking termios.h usability... yes
checking termios.h presence... yes
checking for termios.h... yes
checking thread.h usability... no
checking thread.h presence... no
checking for thread.h... no
checking for unistd.h... (cached) yes
checking utime.h usability... yes
checking utime.h presence... yes
checking for utime.h... yes
checking sys/audioio.h usability... no
checking sys/audioio.h presence... no
checking for sys/audioio.h... no
checking sys/bsdtty.h usability... no
checking sys/bsdtty.h presence... no
checking for sys/bsdtty.h... no
checking sys/epoll.h usability... yes
checking sys/epoll.h presence... yes
checking for sys/epoll.h... yes
checking sys/event.h usability... no
checking sys/event.h presence... no
checking for sys/event.h... no
checking sys/file.h usability... yes
checking sys/file.h presence... yes
checking for sys/file.h... yes
checking sys/loadavg.h usability... no
checking sys/loadavg.h presence... no
checking for sys/loadavg.h... no
checking sys/lock.h usability... no
checking sys/lock.h presence... no
checking for sys/lock.h... no
checking sys/mkdev.h usability... no
checking sys/mkdev.h presence... no
checking for sys/mkdev.h... no
checking sys/modem.h usability... no
checking sys/modem.h presence... no
checking for sys/modem.h... no
checking sys/param.h usability... yes
checking sys/param.h presence... yes
checking for sys/param.h... yes
checking sys/poll.h usability... yes
checking sys/poll.h presence... yes
checking for sys/poll.h... yes
checking sys/random.h usability... yes
checking sys/random.h presence... yes
checking for sys/random.h... yes
checking sys/select.h usability... yes
checking sys/select.h presence... yes
checking for sys/select.h... yes
checking sys/socket.h usability... yes
checking sys/socket.h presence... yes
checking for sys/socket.h... yes
checking sys/statvfs.h usability... yes
checking sys/statvfs.h presence... yes
checking for sys/statvfs.h... yes
checking for sys/stat.h... (cached) yes
checking sys/termio.h usability... no
checking sys/termio.h presence... no
checking for sys/termio.h... no
checking sys/time.h usability... yes
checking sys/time.h presence... yes
checking for sys/time.h... yes
checking sys/times.h usability... yes
checking sys/times.h presence... yes
checking for sys/times.h... yes
checking for sys/types.h... (cached) yes
checking sys/un.h usability... yes
checking sys/un.h presence... yes
checking for sys/un.h... yes
checking sys/utsname.h usability... yes
checking sys/utsname.h presence... yes
checking for sys/utsname.h... yes
checking sys/wait.h usability... yes
checking sys/wait.h presence... yes
checking for sys/wait.h... yes
checking pty.h usability... yes
checking pty.h presence... yes
checking for pty.h... yes
checking libutil.h usability... no
checking libutil.h presence... no
checking for libutil.h... no
checking sys/resource.h usability... yes
checking sys/resource.h presence... yes
checking for sys/resource.h... yes
checking netpacket/packet.h usability... yes
checking netpacket/packet.h presence... yes
checking for netpacket/packet.h... yes
checking sysexits.h usability... yes
checking sysexits.h presence... yes
checking for sysexits.h... yes
checking bluetooth.h usability... no
checking bluetooth.h presence... no
checking for bluetooth.h... no
checking bluetooth/bluetooth.h usability... yes
checking bluetooth/bluetooth.h presence... yes
checking for bluetooth/bluetooth.h... yes
checking linux/tipc.h usability... yes
checking linux/tipc.h presence... yes
checking for linux/tipc.h... yes
checking spawn.h usability... yes
checking spawn.h presence... yes
checking for spawn.h... yes
checking util.h usability... no
checking util.h presence... no
checking for util.h... no
checking alloca.h usability... yes
checking alloca.h presence... yes
checking for alloca.h... yes
checking sys/sysmacros.h usability... yes
checking sys/sysmacros.h presence... yes
checking for sys/sysmacros.h... yes
checking for dirent.h that defines DIR... yes
checking for library containing opendir... none required
checking whether sys/types.h defines makedev... yes
checking for linux/netlink.h... yes
checking for clock_t in time.h... yes
checking for makedev... yes
checking Solaris LFS bug... no
checking for mode_t... yes
checking for off_t... yes
checking for pid_t... yes
checking for size_t... yes
checking for uid_t in sys/types.h... yes
checking for uint32_t... yes
checking for uint32_t... yes
checking for uint64_t... yes
checking for uint64_t... yes
checking for int32_t... yes
checking for int32_t... yes
checking for int64_t... yes
checking for int64_t... yes
checking for ssize_t... yes
checking size of int... 4
checking size of long... 8
checking size of void *... 8
checking size of short... 2
checking size of float... 4
checking size of double... 8
checking size of fpos_t... 16
checking size of size_t... 8
checking size of pid_t... 4
checking for long long support... yes
checking size of long long... 8
checking for long double support... yes
checking size of long double... 16
checking for _Bool support... yes
checking size of _Bool... 1
checking for uintptr_t... yes
checking size of uintptr_t... 8
checking size of off_t... 8
checking whether to enable large file support... no
checking size of time_t... 8
checking for pthread_t... yes
checking size of pthread_t... 8
checking for --enable-toolbox-glue... no
checking for --enable-framework... no
checking for dyld... no
checking SO... .so
checking LDSHARED... $(CC) -shared -Wl,-O1 -Wl,-Bsymbolic-functions
checking CCSHARED... -fPIC
checking LINKFORSHARED... -Xlinker -export-dynamic -Wl,-O1 -Wl,-Bsymbolic-functions
checking CFLAGSFORSHARED... 
checking SHLIBS... $(LIBS)
checking for dlopen in -ldl... yes
checking for shl_load in -ldld... no
checking for library containing sem_init... -lpthread
checking for textdomain in -lintl... no
checking for t_open in -lnsl... no
checking for socket in -lsocket... no
checking for --with-libs... no
checking for pkg-config... /usr/bin/pkg-config
checking pkg-config is at least version 0.9.0... yes
checking for --with-system-expat... yes
checking for --with-system-ffi... yes
checking for --with-tcltk-includes... default
checking for --with-tcltk-libs... default
checking for --with-dbmliborder... bdb:gdbm
checking for --with-signal-module... yes
checking for --with-dec-threads... no
checking for --with-threads... yes
checking if PTHREAD_SCOPE_SYSTEM is supported... yes
checking for pthread_sigmask... yes
checking for pthread_atfork... yes
checking if --enable-ipv6 is specified... yes
checking ipv6 stack type... linux-glibc
checking for OSX 10.5 SDK or later... no
checking for --with-doc-strings... yes
checking for --with-tsc... no
checking for --with-pymalloc... yes
checking for --with-valgrind... no
checking for --with-wctype-functions... no
checking for dlopen... yes
checking DYNLOADFILE... dynload_shlib.o
checking MACHDEP_OBJS... MACHDEP_OBJS
checking for alarm... yes
checking for setitimer... yes
checking for getitimer... yes
checking for bind_textdomain_codeset... yes
checking for chown... yes
checking for clock... yes
checking for confstr... yes
checking for ctermid... yes
checking for execv... yes
checking for fchmod... yes
checking for fchown... yes
checking for fork... yes
checking for fpathconf... yes
checking for ftime... yes
checking for ftruncate... yes
checking for gai_strerror... yes
checking for getgroups... yes
checking for getlogin... yes
checking for getloadavg... yes
checking for getpeername... yes
checking for getpgid... yes
checking for getpid... yes
checking for getentropy... yes
checking for getpriority... yes
checking for getresuid... yes
checking for getresgid... yes
checking for getpwent... yes
checking for getspnam... yes
checking for getspent... yes
checking for getsid... yes
checking for getwd... yes
checking for initgroups... yes
checking for kill... yes
checking for killpg... yes
checking for lchmod... no
checking for lchown... yes
checking for lstat... yes
checking for mkfifo... yes
checking for mknod... yes
checking for mktime... yes
checking for mmap... yes
checking for mremap... yes
checking for nice... yes
checking for pathconf... yes
checking for pause... yes
checking for plock... no
checking for poll... yes
checking for pthread_init... no
checking for putenv... yes
checking for readlink... yes
checking for realpath... yes
checking for select... yes
checking for sem_open... yes
checking for sem_timedwait... yes
checking for sem_getvalue... yes
checking for sem_unlink... yes
checking for setegid... yes
checking for seteuid... yes
checking for setgid... yes
checking for setlocale... yes
checking for setregid... yes
checking for setreuid... yes
checking for setsid... yes
checking for setpgid... yes
checking for setpgrp... yes
checking for setuid... yes
checking for setvbuf... yes
checking for snprintf... yes
checking for setlocale... (cached) yes
checking for setregid... (cached) yes
checking for setreuid... (cached) yes
checking for setresuid... yes
checking for setresgid... yes
checking for setsid... (cached) yes
checking for setpgid... (cached) yes
checking for setpgrp... (cached) yes
checking for setuid... (cached) yes
checking for setvbuf... (cached) yes
checking for snprintf... (cached) yes
checking for sigaction... yes
checking for siginterrupt... yes
checking for sigrelse... yes
checking for strftime... yes
checking for sysconf... yes
checking for tcgetpgrp... yes
checking for tcsetpgrp... yes
checking for tempnam... yes
checking for timegm... yes
checking for times... yes
checking for tmpfile... yes
checking for tmpnam... yes
checking for tmpnam_r... yes
checking for truncate... yes
checking for uname... yes
checking for unsetenv... yes
checking for utimes... yes
checking for waitpid... yes
checking for wait3... yes
checking for wait4... yes
checking for wcscoll... yes
checking for _getpty... no
checking for chroot... yes
checking for link... yes
checking for symlink... yes
checking for fchdir... yes
checking for fsync... yes
checking for fdatasync... yes
checking for epoll... yes
checking for kqueue... no
checking for ctermid_r... no
checking for flock declaration... yes
checking for flock... yes
checking for getpagesize... yes
checking for broken unsetenv... no
checking for true... true
checking for inet_aton in -lc... yes
checking for chflags... no
checking for lchflags... no
checking for inflateCopy in -lz... yes
checking for hstrerror... yes
checking for inet_aton... yes
checking for inet_pton... yes
checking for setgroups... yes
checking for openpty... no
checking for openpty in -lutil... yes
checking for forkpty... yes
checking for memmove... yes
checking for fseek64... no
checking for fseeko... yes
checking for fstatvfs... yes
checking for ftell64... no
checking for ftello... yes
checking for statvfs... yes
checking for dup2... yes
checking for getcwd... yes
checking for strdup... yes
checking for getpgrp... yes
checking for setpgrp... (cached) yes
checking for gettimeofday... yes
checking for major... yes
checking for getaddrinfo... yes
checking getaddrinfo bug... no
checking for getnameinfo... yes
checking whether time.h and sys/time.h may both be included... yes
checking whether struct tm is in sys/time.h or time.h... time.h
checking for struct tm.tm_zone... yes
checking for struct stat.st_rdev... yes
checking for struct stat.st_blksize... yes
checking for struct stat.st_flags... no
checking for struct stat.st_gen... no
checking for struct stat.st_birthtime... no
checking for struct stat.st_blocks... yes
checking for time.h that defines altzone... no
checking whether sys/select.h and sys/time.h may both be included... yes
checking for addrinfo... yes
checking for sockaddr_storage... yes
checking whether char is unsigned... no
checking for an ANSI C-conforming const... yes
checking for working volatile... yes
checking for working signed char... yes
checking for prototypes... yes
checking for variable length prototypes and stdarg.h... yes
checking for socketpair... yes
checking if sockaddr has sa_len member... no
checking whether va_list is an array... yes
checking for gethostbyname_r... yes
checking gethostbyname_r with 6 args... yes
checking for __fpu_control... yes
checking for --with-fpectl... no
checking for --with-libm=STRING... default LIBM="-lm"
checking for --with-libc=STRING... default LIBC=""
checking whether C doubles are little-endian IEEE 754 binary64... yes
checking whether C doubles are big-endian IEEE 754 binary64... no
checking whether C doubles are ARM mixed-endian IEEE 754 binary64... no
checking whether we can use gcc inline assembler to get and set x87 control word... yes
checking for x87-style double rounding... no
checking whether tanh preserves the sign of zero... yes
checking for acosh... yes
checking for asinh... yes
checking for atanh... yes
checking for copysign... yes
checking for erf... yes
checking for erfc... yes
checking for expm1... yes
checking for finite... yes
checking for gamma... yes
checking for hypot... yes
checking for lgamma... yes
checking for log1p... yes
checking for round... yes
checking for tgamma... yes
checking whether isinf is declared... yes
checking whether isnan is declared... yes
checking whether isfinite is declared... yes
checking whether POSIX semaphores are enabled... yes
checking for broken sem_getvalue... no
checking digit size for Python's longs... no value specified
checking wchar.h usability... yes
checking wchar.h presence... yes
checking for wchar.h... yes
checking size of wchar_t... 4
checking for UCS-4 tcl... no
checking whether wchar_t is signed... yes
checking what type to use for unicode... no type found
checking whether byte ordering is bigendian... no
checking whether right shift extends the sign bit... yes
checking for getc_unlocked() and friends... yes
checking how to link readline libs... -lreadline
checking for rl_callback_handler_install in -lreadline... yes
checking for rl_pre_input_hook in -lreadline... yes
checking for rl_completion_display_matches_hook in -lreadline... yes
checking for rl_resize_terminal in -lreadline... yes
checking for rl_completion_matches in -lreadline... yes
checking for broken nice()... no
checking for broken poll()... no
checking for struct tm.tm_zone... (cached) yes
checking for working tzset()... yes
checking for tv_nsec in struct stat... yes
checking for tv_nsec2 in struct stat... no
checking curses.h usability... yes
checking curses.h presence... yes
checking for curses.h... yes
checking ncurses.h usability... yes
checking ncurses.h presence... yes
checking for ncurses.h... yes
checking for term.h... yes
checking whether mvwdelch is an expression... yes
checking whether WINDOW has _flags... yes
checking for is_pad... yes
checking for is_term_resized... yes
checking for resize_term... yes
checking for resizeterm... yes
checking for immedok... yes
checking for syncok... yes
checking for wchgat... yes
checking for filter... yes
checking for has_key... yes
checking for typeahead... yes
checking for use_env... yes
configure: checking for device files
checking for /dev/ptmx... yes
checking for /dev/ptc... no
checking for %lld and %llu printf() format support... yes
checking for %zd printf() format support... yes
checking for socklen_t... yes
checking for build directories... checking for --with-computed-gotos... yes
checking whether x86_64-linux-gnu-gcc -pthread supports computed gotos... yes
done
checking for ensurepip... no
configure: creating ./config.status
config.status: creating Makefile.pre
config.status: creating Modules/Setup.config
config.status: creating Misc/python.pc
config.status: creating Misc/python-config.sh
config.status: creating Modules/ld_so_aix
config.status: creating pyconfig.h
creating Modules/Setup
creating Modules/Setup.local
creating Makefile


If you want a release build with all optimizations active (LTO, PGO, etc),
please run ./configure --enable-optimizations


egrep "^#($(awk -v ORS='|' '$2 ~ /^extension$/ {print $1}' debian/PVER-minimal.README.Debian.in)XX)" Modules/Setup.dist | sed -e 's/^#//' -e 's/-Wl,-Bdynamic//;s/-Wl,-Bstatic//' >> /<<PKGBUILDDIR>>/build-static/Modules/Setup.local
: # unconditionally run makesetup
cd /<<PKGBUILDDIR>>/build-static && ../Modules/makesetup -c ../Modules/config.c.in -s Modules Modules/Setup.config Modules/Setup.local Modules/Setup
mv /<<PKGBUILDDIR>>/build-static/config.c /<<PKGBUILDDIR>>/build-static/Modules/
: # and fix the timestamps
/usr/bin/make -C /<<PKGBUILDDIR>>/build-static Makefile Modules/config.c
make[1]: Entering directory '/<<PKGBUILDDIR>>/build-static'
Makefile:1547: warning: overriding recipe for target 'Modules/_math.o'
Makefile:543: warning: ignoring old recipe for target 'Modules/_math.o'
Makefile:1592: warning: overriding recipe for target 'Modules/timemodule.o'
Makefile:1551: warning: ignoring old recipe for target 'Modules/timemodule.o'
make[1]: 'Makefile' is up to date.
make[1]: 'Modules/config.c' is up to date.
make[1]: Leaving directory '/<<PKGBUILDDIR>>/build-static'
: # apply workaround for missing os.fsync
sed 's/HAVE_SYNC/HAVE_FSYNC/g' /<<PKGBUILDDIR>>/build-static/pyconfig.h > /<<PKGBUILDDIR>>/build-static/pyconfig.h.new
touch -r /<<PKGBUILDDIR>>/build-static/pyconfig.h /<<PKGBUILDDIR>>/build-static/pyconfig.h.new
mv -f /<<PKGBUILDDIR>>/build-static/pyconfig.h.new /<<PKGBUILDDIR>>/build-static/pyconfig.h
: # this second rule doesn't build with -fPIC, remove it for shared builds.
touch stamps/stamp-configure-static
dh_testdir
/usr/bin/make -j 8 -C /<<PKGBUILDDIR>>/build-static \
	EXTRA_CFLAGS="-g -flto -fuse-linker-plugin" \
	PROFILE_TASK='../Lib/test/regrtest.py -x test_bsddb3 test_compiler test_cpickle test_cprofile test_dbm_dumb test_dbm_ndbm test_distutils test_ensurepip test_gdb test_io test_linuxaudiodev test_multiprocessing test_ossaudiodev test_platform test_pydoc test_socketserver test_subprocess test_sundry test_thread test_threaded_import test_threadedtempfile test_threading test_threading_local test_threadsignals test_xmlrpc test_zipfile' profile-opt
make[1]: Entering directory '/<<PKGBUILDDIR>>/build-static'
Makefile:1547: warning: overriding recipe for target 'Modules/_math.o'
Makefile:543: warning: ignoring old recipe for target 'Modules/_math.o'
Makefile:1592: warning: overriding recipe for target 'Modules/timemodule.o'
Makefile:1551: warning: ignoring old recipe for target 'Modules/timemodule.o'
Building with support for profile generation:
/usr/bin/make clean
make[2]: Entering directory '/<<PKGBUILDDIR>>/build-static'
Makefile:1547: warning: overriding recipe for target 'Modules/_math.o'
Makefile:543: warning: ignoring old recipe for target 'Modules/_math.o'
Makefile:1592: warning: overriding recipe for target 'Modules/timemodule.o'
Makefile:1551: warning: ignoring old recipe for target 'Modules/timemodule.o'
find .. -name '*.py[co]' -exec rm -f {} ';'
find . -name '*.[oa]' -exec rm -f {} ';'
find . -name '*.s[ol]' -exec rm -f {} ';'
find . -name '*.so.[0-9]*.[0-9]*' -exec rm -f {} ';'
find build -name 'fficonfig.h' -exec rm -f {} ';' || true
find: 'build': No such file or directory
find build -name 'fficonfig.py' -exec rm -f {} ';' || true
find: 'build': No such file or directory
rm -f Lib/lib2to3/*Grammar*.pickle
find build -type f -a ! -name '*.gc??' -exec rm -f {} ';'
find: 'build': No such file or directory
make[2]: [Makefile:1441: clean] Error 1 (ignored)
make[2]: Leaving directory '/<<PKGBUILDDIR>>/build-static'
/usr/bin/make profile-removal
make[2]: Entering directory '/<<PKGBUILDDIR>>/build-static'
Makefile:1547: warning: overriding recipe for target 'Modules/_math.o'
Makefile:543: warning: ignoring old recipe for target 'Modules/_math.o'
Makefile:1592: warning: overriding recipe for target 'Modules/timemodule.o'
Makefile:1551: warning: ignoring old recipe for target 'Modules/timemodule.o'
find . -name '*.gc??' -exec rm -f {} ';'
find . -name '*.profclang?' -exec rm -f {} ';'
find . -name '*.dyn' -exec rm -f {} ';'
make[2]: Leaving directory '/<<PKGBUILDDIR>>/build-static'
/usr/bin/make build_all_generate_profile
make[2]: Entering directory '/<<PKGBUILDDIR>>/build-static'
Makefile:1547: warning: overriding recipe for target 'Modules/_math.o'
Makefile:543: warning: ignoring old recipe for target 'Modules/_math.o'
Makefile:1592: warning: overriding recipe for target 'Modules/timemodule.o'
Makefile:1551: warning: ignoring old recipe for target 'Modules/timemodule.o'
/usr/bin/make all CFLAGS=" -fprofile-generate " LDFLAGS=" -fprofile-generate " LIBS="-lpthread -ldl  -lutil"
make[3]: Entering directory '/<<PKGBUILDDIR>>/build-static'
Makefile:1547: warning: overriding recipe for target 'Modules/_math.o'
Makefile:543: warning: ignoring old recipe for target 'Modules/_math.o'
Makefile:1592: warning: overriding recipe for target 'Modules/timemodule.o'
Makefile:1551: warning: ignoring old recipe for target 'Modules/timemodule.o'
x86_64-linux-gnu-gcc -pthread -c -fno-strict-aliasing -DNDEBUG -g -fwrapv -O3 -Wall -Wstrict-prototypes -Wdate-time -D_FORTIFY_SOURCE=2 -g -fdebug-prefix-map=/<<PKGBUILDDIR>>=. -fstack-protector -Wformat -Werror=format-security  -fprofile-generate  -g -flto -fuse-linker-plugin -I. -IInclude -I../Include    -DPy_BUILD_CORE -o Modules/python.o ../Modules/python.c
x86_64-linux-gnu-gcc -pthread -c -fno-strict-aliasing -DNDEBUG -g -fwrapv -O3 -Wall -Wstrict-prototypes -Wdate-time -D_FORTIFY_SOURCE=2 -g -fdebug-prefix-map=/<<PKGBUILDDIR>>=. -fstack-protector -Wformat -Werror=format-security  -fprofile-generate  -g -flto -fuse-linker-plugin -I. -IInclude -I../Include    -DPy_BUILD_CORE -o Parser/acceler.o ../Parser/acceler.c
x86_64-linux-gnu-gcc -pthread -c -fno-strict-aliasing -DNDEBUG -g -fwrapv -O3 -Wall -Wstrict-prototypes -Wdate-time -D_FORTIFY_SOURCE=2 -g -fdebug-prefix-map=/<<PKGBUILDDIR>>=. -fstack-protector -Wformat -Werror=format-security  -fprofile-generate  -g -flto -fuse-linker-plugin -I. -IInclude -I../Include    -DPy_BUILD_CORE -o Parser/grammar1.o ../Parser/grammar1.c
x86_64-linux-gnu-gcc -pthread -c -fno-strict-aliasing -DNDEBUG -g -fwrapv -O3 -Wall -Wstrict-prototypes -Wdate-time -D_FORTIFY_SOURCE=2 -g -fdebug-prefix-map=/<<PKGBUILDDIR>>=. -fstack-protector -Wformat -Werror=format-security  -fprofile-generate  -g -flto -fuse-linker-plugin -I. -IInclude -I../Include    -DPy_BUILD_CORE -o Parser/listnode.o ../Parser/listnode.c
x86_64-linux-gnu-gcc -pthread -c -fno-strict-aliasing -DNDEBUG -g -fwrapv -O3 -Wall -Wstrict-prototypes -Wdate-time -D_FORTIFY_SOURCE=2 -g -fdebug-prefix-map=/<<PKGBUILDDIR>>=. -fstack-protector -Wformat -Werror=format-security  -fprofile-generate  -g -flto -fuse-linker-plugin -I. -IInclude -I../Include    -DPy_BUILD_CORE -o Parser/node.o ../Parser/node.c
x86_64-linux-gnu-gcc -pthread -c -fno-strict-aliasing -DNDEBUG -g -fwrapv -O3 -Wall -Wstrict-prototypes -Wdate-time -D_FORTIFY_SOURCE=2 -g -fdebug-prefix-map=/<<PKGBUILDDIR>>=. -fstack-protector -Wformat -Werror=format-security  -fprofile-generate  -g -flto -fuse-linker-plugin -I. -IInclude -I../Include    -DPy_BUILD_CORE -o Parser/parser.o ../Parser/parser.c
x86_64-linux-gnu-gcc -pthread -c -fno-strict-aliasing -DNDEBUG -g -fwrapv -O3 -Wall -Wstrict-prototypes -Wdate-time -D_FORTIFY_SOURCE=2 -g -fdebug-prefix-map=/<<PKGBUILDDIR>>=. -fstack-protector -Wformat -Werror=format-security  -fprofile-generate  -g -flto -fuse-linker-plugin -I. -IInclude -I../Include    -DPy_BUILD_CORE -o Parser/parsetok.o ../Parser/parsetok.c
x86_64-linux-gnu-gcc -pthread -c -fno-strict-aliasing -DNDEBUG -g -fwrapv -O3 -Wall -Wstrict-prototypes -Wdate-time -D_FORTIFY_SOURCE=2 -g -fdebug-prefix-map=/<<PKGBUILDDIR>>=. -fstack-protector -Wformat -Werror=format-security  -fprofile-generate  -g -flto -fuse-linker-plugin -I. -IInclude -I../Include    -DPy_BUILD_CORE -o Parser/bitset.o ../Parser/bitset.c
clang: warning: optimization flag '-fuse-linker-plugin' is not supported [-Wignored-optimization-argument]
clangclang: clang: warning: optimization flag '-fuse-linker-plugin' is not supported [-Wignored-optimization-argument]warning
: optimization flag '-fuse-linker-plugin' is not supported [-Wignored-optimization-argument]
: warning: optimization flag '-fuse-linker-plugin' is not supported [-Wignored-optimization-argument]
clang: warning: optimization flag '-fuse-linker-plugin' is not supported [-Wignored-optimization-argument]
clang: warning: optimization flag '-fuse-linker-plugin' is not supported [-Wignored-optimization-argument]
clang: warning: optimization flag '-fuse-linker-plugin' is not supported [-Wignored-optimization-argument]
clang: warning: optimization flag '-fuse-linker-plugin' is not supported [-Wignored-optimization-argument]
x86_64-linux-gnu-gcc -pthread -c -fno-strict-aliasing -DNDEBUG -g -fwrapv -O3 -Wall -Wstrict-prototypes -Wdate-time -D_FORTIFY_SOURCE=2 -g -fdebug-prefix-map=/<<PKGBUILDDIR>>=. -fstack-protector -Wformat -Werror=format-security  -fprofile-generate  -g -flto -fuse-linker-plugin -I. -IInclude -I../Include    -DPy_BUILD_CORE -o Parser/metagrammar.o ../Parser/metagrammar.c
x86_64-linux-gnu-gcc -pthread -c -fno-strict-aliasing -DNDEBUG -g -fwrapv -O3 -Wall -Wstrict-prototypes -Wdate-time -D_FORTIFY_SOURCE=2 -g -fdebug-prefix-map=/<<PKGBUILDDIR>>=. -fstack-protector -Wformat -Werror=format-security  -fprofile-generate  -g -flto -fuse-linker-plugin -I. -IInclude -I../Include    -DPy_BUILD_CORE -o Parser/firstsets.o ../Parser/firstsets.c
x86_64-linux-gnu-gcc -pthread -c -fno-strict-aliasing -DNDEBUG -g -fwrapv -O3 -Wall -Wstrict-prototypes -Wdate-time -D_FORTIFY_SOURCE=2 -g -fdebug-prefix-map=/<<PKGBUILDDIR>>=. -fstack-protector -Wformat -Werror=format-security  -fprofile-generate  -g -flto -fuse-linker-plugin -I. -IInclude -I../Include    -DPy_BUILD_CORE -o Parser/grammar.o ../Parser/grammar.c
clang: warning: optimization flag '-fuse-linker-plugin' is not supported [-Wignored-optimization-argument]
clang: warning: optimization flag '-fuse-linker-plugin' is not supported [-Wignored-optimization-argument]
clang: warning: optimization flag '-fuse-linker-plugin' is not supported [-Wignored-optimization-argument]
x86_64-linux-gnu-gcc -pthread -c -fno-strict-aliasing -DNDEBUG -g -fwrapv -O3 -Wall -Wstrict-prototypes -Wdate-time -D_FORTIFY_SOURCE=2 -g -fdebug-prefix-map=/<<PKGBUILDDIR>>=. -fstack-protector -Wformat -Werror=format-security  -fprofile-generate  -g -flto -fuse-linker-plugin -I. -IInclude -I../Include    -DPy_BUILD_CORE -o Parser/pgen.o ../Parser/pgen.c
x86_64-linux-gnu-gcc -pthread -c -fno-strict-aliasing -DNDEBUG -g -fwrapv -O3 -Wall -Wstrict-prototypes -Wdate-time -D_FORTIFY_SOURCE=2 -g -fdebug-prefix-map=/<<PKGBUILDDIR>>=. -fstack-protector -Wformat -Werror=format-security  -fprofile-generate  -g -flto -fuse-linker-plugin -I. -IInclude -I../Include    -DPy_BUILD_CORE -o Parser/myreadline.o ../Parser/myreadline.c
clang: warning: optimization flag '-fuse-linker-plugin' is not supported [-Wignored-optimization-argument]
x86_64-linux-gnu-gcc -pthread -c -fno-strict-aliasing -DNDEBUG -g -fwrapv -O3 -Wall -Wstrict-prototypes -Wdate-time -D_FORTIFY_SOURCE=2 -g -fdebug-prefix-map=/<<PKGBUILDDIR>>=. -fstack-protector -Wformat -Werror=format-security  -fprofile-generate  -g -flto -fuse-linker-plugin -I. -IInclude -I../Include    -DPy_BUILD_CORE -o Parser/tokenizer.o ../Parser/tokenizer.c
clang: warning: optimization flag '-fuse-linker-plugin' is not supported [-Wignored-optimization-argument]
clang: warning: optimization flag '-fuse-linker-plugin' is not supported [-Wignored-optimization-argument]
x86_64-linux-gnu-gcc -pthread -c -fno-strict-aliasing -DNDEBUG -g -fwrapv -O3 -Wall -Wstrict-prototypes -Wdate-time -D_FORTIFY_SOURCE=2 -g -fdebug-prefix-map=/<<PKGBUILDDIR>>=. -fstack-protector -Wformat -Werror=format-security  -fprofile-generate  -g -flto -fuse-linker-plugin -I. -IInclude -I../Include    -DPy_BUILD_CORE -o Objects/abstract.o ../Objects/abstract.c
x86_64-linux-gnu-gcc -pthread -c -fno-strict-aliasing -DNDEBUG -g -fwrapv -O3 -Wall -Wstrict-prototypes -Wdate-time -D_FORTIFY_SOURCE=2 -g -fdebug-prefix-map=/<<PKGBUILDDIR>>=. -fstack-protector -Wformat -Werror=format-security  -fprofile-generate  -g -flto -fuse-linker-plugin -I. -IInclude -I../Include    -DPy_BUILD_CORE -o Objects/boolobject.o ../Objects/boolobject.c
clang: warning: optimization flag '-fuse-linker-plugin' is not supported [-Wignored-optimization-argument]
clang: warning: optimization flag '-fuse-linker-plugin' is not supported [-Wignored-optimization-argument]
x86_64-linux-gnu-gcc -pthread -c -fno-strict-aliasing -DNDEBUG -g -fwrapv -O3 -Wall -Wstrict-prototypes -Wdate-time -D_FORTIFY_SOURCE=2 -g -fdebug-prefix-map=/<<PKGBUILDDIR>>=. -fstack-protector -Wformat -Werror=format-security  -fprofile-generate  -g -flto -fuse-linker-plugin -I. -IInclude -I../Include    -DPy_BUILD_CORE -o Objects/bufferobject.o ../Objects/bufferobject.c
clang: warning: optimization flag '-fuse-linker-plugin' is not supported [-Wignored-optimization-argument]
x86_64-linux-gnu-gcc -pthread -c -fno-strict-aliasing -DNDEBUG -g -fwrapv -O3 -Wall -Wstrict-prototypes -Wdate-time -D_FORTIFY_SOURCE=2 -g -fdebug-prefix-map=/<<PKGBUILDDIR>>=. -fstack-protector -Wformat -Werror=format-security  -fprofile-generate  -g -flto -fuse-linker-plugin -I. -IInclude -I../Include    -DPy_BUILD_CORE -o Objects/bytes_methods.o ../Objects/bytes_methods.c
clang: warning: optimization flag '-fuse-linker-plugin' is not supported [-Wignored-optimization-argument]
x86_64-linux-gnu-gcc -pthread -c -fno-strict-aliasing -DNDEBUG -g -fwrapv -O3 -Wall -Wstrict-prototypes -Wdate-time -D_FORTIFY_SOURCE=2 -g -fdebug-prefix-map=/<<PKGBUILDDIR>>=. -fstack-protector -Wformat -Werror=format-security  -fprofile-generate  -g -flto -fuse-linker-plugin -I. -IInclude -I../Include    -DPy_BUILD_CORE -o Objects/bytearrayobject.o ../Objects/bytearrayobject.c
x86_64-linux-gnu-gcc -pthread -c -fno-strict-aliasing -DNDEBUG -g -fwrapv -O3 -Wall -Wstrict-prototypes -Wdate-time -D_FORTIFY_SOURCE=2 -g -fdebug-prefix-map=/<<PKGBUILDDIR>>=. -fstack-protector -Wformat -Werror=format-security  -fprofile-generate  -g -flto -fuse-linker-plugin -I. -IInclude -I../Include    -DPy_BUILD_CORE -o Objects/capsule.o ../Objects/capsule.c
clang: warning: optimization flag '-fuse-linker-plugin' is not supported [-Wignored-optimization-argument]
clang: warning: optimization flag '-fuse-linker-plugin' is not supported [-Wignored-optimization-argument]
x86_64-linux-gnu-gcc -pthread -c -fno-strict-aliasing -DNDEBUG -g -fwrapv -O3 -Wall -Wstrict-prototypes -Wdate-time -D_FORTIFY_SOURCE=2 -g -fdebug-prefix-map=/<<PKGBUILDDIR>>=. -fstack-protector -Wformat -Werror=format-security  -fprofile-generate  -g -flto -fuse-linker-plugin -I. -IInclude -I../Include    -DPy_BUILD_CORE -o Objects/cellobject.o ../Objects/cellobject.c
clang: warning: optimization flag '-fuse-linker-plugin' is not supported [-Wignored-optimization-argument]
x86_64-linux-gnu-gcc -pthread -c -fno-strict-aliasing -DNDEBUG -g -fwrapv -O3 -Wall -Wstrict-prototypes -Wdate-time -D_FORTIFY_SOURCE=2 -g -fdebug-prefix-map=/<<PKGBUILDDIR>>=. -fstack-protector -Wformat -Werror=format-security  -fprofile-generate  -g -flto -fuse-linker-plugin -I. -IInclude -I../Include    -DPy_BUILD_CORE -o Objects/classobject.o ../Objects/classobject.c
x86_64-linux-gnu-gcc -pthread -c -fno-strict-aliasing -DNDEBUG -g -fwrapv -O3 -Wall -Wstrict-prototypes -Wdate-time -D_FORTIFY_SOURCE=2 -g -fdebug-prefix-map=/<<PKGBUILDDIR>>=. -fstack-protector -Wformat -Werror=format-security  -fprofile-generate  -g -flto -fuse-linker-plugin -I. -IInclude -I../Include    -DPy_BUILD_CORE -o Objects/cobject.o ../Objects/cobject.c
clang: warning: optimization flag '-fuse-linker-plugin' is not supported [-Wignored-optimization-argument]
x86_64-linux-gnu-gcc -pthread -c -fno-strict-aliasing -DNDEBUG -g -fwrapv -O3 -Wall -Wstrict-prototypes -Wdate-time -D_FORTIFY_SOURCE=2 -g -fdebug-prefix-map=/<<PKGBUILDDIR>>=. -fstack-protector -Wformat -Werror=format-security  -fprofile-generate  -g -flto -fuse-linker-plugin -I. -IInclude -I../Include    -DPy_BUILD_CORE -o Objects/codeobject.o ../Objects/codeobject.c
x86_64-linux-gnu-gcc -pthread -c -fno-strict-aliasing -DNDEBUG -g -fwrapv -O3 -Wall -Wstrict-prototypes -Wdate-time -D_FORTIFY_SOURCE=2 -g -fdebug-prefix-map=/<<PKGBUILDDIR>>=. -fstack-protector -Wformat -Werror=format-security  -fprofile-generate  -g -flto -fuse-linker-plugin -I. -IInclude -I../Include    -DPy_BUILD_CORE -o Objects/complexobject.o ../Objects/complexobject.c
clang: warning: optimization flag '-fuse-linker-plugin' is not supported [-Wignored-optimization-argument]
clang: warning: optimization flag '-fuse-linker-plugin' is not supported [-Wignored-optimization-argument]
clang: warning: optimization flag '-fuse-linker-plugin' is not supported [-Wignored-optimization-argument]
x86_64-linux-gnu-gcc -pthread -c -fno-strict-aliasing -DNDEBUG -g -fwrapv -O3 -Wall -Wstrict-prototypes -Wdate-time -D_FORTIFY_SOURCE=2 -g -fdebug-prefix-map=/<<PKGBUILDDIR>>=. -fstack-protector -Wformat -Werror=format-security  -fprofile-generate  -g -flto -fuse-linker-plugin -I. -IInclude -I../Include    -DPy_BUILD_CORE -o Objects/descrobject.o ../Objects/descrobject.c
clang: warning: optimization flag '-fuse-linker-plugin' is not supported [-Wignored-optimization-argument]
x86_64-linux-gnu-gcc -pthread -c -fno-strict-aliasing -DNDEBUG -g -fwrapv -O3 -Wall -Wstrict-prototypes -Wdate-time -D_FORTIFY_SOURCE=2 -g -fdebug-prefix-map=/<<PKGBUILDDIR>>=. -fstack-protector -Wformat -Werror=format-security  -fprofile-generate  -g -flto -fuse-linker-plugin -I. -IInclude -I../Include    -DPy_BUILD_CORE -o Objects/enumobject.o ../Objects/enumobject.c
clang: warning: optimization flag '-fuse-linker-plugin' is not supported [-Wignored-optimization-argument]
x86_64-linux-gnu-gcc -pthread -c -fno-strict-aliasing -DNDEBUG -g -fwrapv -O3 -Wall -Wstrict-prototypes -Wdate-time -D_FORTIFY_SOURCE=2 -g -fdebug-prefix-map=/<<PKGBUILDDIR>>=. -fstack-protector -Wformat -Werror=format-security  -fprofile-generate  -g -flto -fuse-linker-plugin -I. -IInclude -I../Include    -DPy_BUILD_CORE -o Objects/exceptions.o ../Objects/exceptions.c
clang: warning: optimization flag '-fuse-linker-plugin' is not supported [-Wignored-optimization-argument]
x86_64-linux-gnu-gcc -pthread -c -fno-strict-aliasing -DNDEBUG -g -fwrapv -O3 -Wall -Wstrict-prototypes -Wdate-time -D_FORTIFY_SOURCE=2 -g -fdebug-prefix-map=/<<PKGBUILDDIR>>=. -fstack-protector -Wformat -Werror=format-security  -fprofile-generate  -g -flto -fuse-linker-plugin -I. -IInclude -I../Include    -DPy_BUILD_CORE -o Objects/genobject.o ../Objects/genobject.c
clang: warning: optimization flag '-fuse-linker-plugin' is not supported [-Wignored-optimization-argument]
x86_64-linux-gnu-gcc -pthread -c -fno-strict-aliasing -DNDEBUG -g -fwrapv -O3 -Wall -Wstrict-prototypes -Wdate-time -D_FORTIFY_SOURCE=2 -g -fdebug-prefix-map=/<<PKGBUILDDIR>>=. -fstack-protector -Wformat -Werror=format-security  -fprofile-generate  -g -flto -fuse-linker-plugin -I. -IInclude -I../Include    -DPy_BUILD_CORE -o Objects/fileobject.o ../Objects/fileobject.c
clang: warning: optimization flag '-fuse-linker-plugin' is not supported [-Wignored-optimization-argument]
x86_64-linux-gnu-gcc -pthread -c -fno-strict-aliasing -DNDEBUG -g -fwrapv -O3 -Wall -Wstrict-prototypes -Wdate-time -D_FORTIFY_SOURCE=2 -g -fdebug-prefix-map=/<<PKGBUILDDIR>>=. -fstack-protector -Wformat -Werror=format-security  -fprofile-generate  -g -flto -fuse-linker-plugin -I. -IInclude -I../Include    -DPy_BUILD_CORE -o Objects/floatobject.o ../Objects/floatobject.c
clang: warning: optimization flag '-fuse-linker-plugin' is not supported [-Wignored-optimization-argument]
x86_64-linux-gnu-gcc -pthread -c -fno-strict-aliasing -DNDEBUG -g -fwrapv -O3 -Wall -Wstrict-prototypes -Wdate-time -D_FORTIFY_SOURCE=2 -g -fdebug-prefix-map=/<<PKGBUILDDIR>>=. -fstack-protector -Wformat -Werror=format-security  -fprofile-generate  -g -flto -fuse-linker-plugin -I. -IInclude -I../Include    -DPy_BUILD_CORE -o Objects/frameobject.o ../Objects/frameobject.c
clang: warning: optimization flag '-fuse-linker-plugin' is not supported [-Wignored-optimization-argument]
x86_64-linux-gnu-gcc -pthread -c -fno-strict-aliasing -DNDEBUG -g -fwrapv -O3 -Wall -Wstrict-prototypes -Wdate-time -D_FORTIFY_SOURCE=2 -g -fdebug-prefix-map=/<<PKGBUILDDIR>>=. -fstack-protector -Wformat -Werror=format-security  -fprofile-generate  -g -flto -fuse-linker-plugin -I. -IInclude -I../Include    -DPy_BUILD_CORE -o Objects/funcobject.o ../Objects/funcobject.c
clang: warning: optimization flag '-fuse-linker-plugin' is not supported [-Wignored-optimization-argument]
x86_64-linux-gnu-gcc -pthread -c -fno-strict-aliasing -DNDEBUG -g -fwrapv -O3 -Wall -Wstrict-prototypes -Wdate-time -D_FORTIFY_SOURCE=2 -g -fdebug-prefix-map=/<<PKGBUILDDIR>>=. -fstack-protector -Wformat -Werror=format-security  -fprofile-generate  -g -flto -fuse-linker-plugin -I. -IInclude -I../Include    -DPy_BUILD_CORE -o Objects/intobject.o ../Objects/intobject.c
clang: warning: optimization flag '-fuse-linker-plugin' is not supported [-Wignored-optimization-argument]
x86_64-linux-gnu-gcc -pthread -c -fno-strict-aliasing -DNDEBUG -g -fwrapv -O3 -Wall -Wstrict-prototypes -Wdate-time -D_FORTIFY_SOURCE=2 -g -fdebug-prefix-map=/<<PKGBUILDDIR>>=. -fstack-protector -Wformat -Werror=format-security  -fprofile-generate  -g -flto -fuse-linker-plugin -I. -IInclude -I../Include    -DPy_BUILD_CORE -o Objects/iterobject.o ../Objects/iterobject.c
x86_64-linux-gnu-gcc -pthread -c -fno-strict-aliasing -DNDEBUG -g -fwrapv -O3 -Wall -Wstrict-prototypes -Wdate-time -D_FORTIFY_SOURCE=2 -g -fdebug-prefix-map=/<<PKGBUILDDIR>>=. -fstack-protector -Wformat -Werror=format-security  -fprofile-generate  -g -flto -fuse-linker-plugin -I. -IInclude -I../Include    -DPy_BUILD_CORE -o Objects/listobject.o ../Objects/listobject.c
clang: warning: optimization flag '-fuse-linker-plugin' is not supported [-Wignored-optimization-argument]
clang: warning: optimization flag '-fuse-linker-plugin' is not supported [-Wignored-optimization-argument]
x86_64-linux-gnu-gcc -pthread -c -fno-strict-aliasing -DNDEBUG -g -fwrapv -O3 -Wall -Wstrict-prototypes -Wdate-time -D_FORTIFY_SOURCE=2 -g -fdebug-prefix-map=/<<PKGBUILDDIR>>=. -fstack-protector -Wformat -Werror=format-security  -fprofile-generate  -g -flto -fuse-linker-plugin -I. -IInclude -I../Include    -DPy_BUILD_CORE -o Objects/longobject.o ../Objects/longobject.c
clang: warning: optimization flag '-fuse-linker-plugin' is not supported [-Wignored-optimization-argument]
x86_64-linux-gnu-gcc -pthread -c -fno-strict-aliasing -DNDEBUG -g -fwrapv -O3 -Wall -Wstrict-prototypes -Wdate-time -D_FORTIFY_SOURCE=2 -g -fdebug-prefix-map=/<<PKGBUILDDIR>>=. -fstack-protector -Wformat -Werror=format-security  -fprofile-generate  -g -flto -fuse-linker-plugin -I. -IInclude -I../Include    -DPy_BUILD_CORE -o Objects/dictobject.o ../Objects/dictobject.c
clang: warning: optimization flag '-fuse-linker-plugin' is not supported [-Wignored-optimization-argument]
x86_64-linux-gnu-gcc -pthread -c -fno-strict-aliasing -DNDEBUG -g -fwrapv -O3 -Wall -Wstrict-prototypes -Wdate-time -D_FORTIFY_SOURCE=2 -g -fdebug-prefix-map=/<<PKGBUILDDIR>>=. -fstack-protector -Wformat -Werror=format-security  -fprofile-generate  -g -flto -fuse-linker-plugin -I. -IInclude -I../Include    -DPy_BUILD_CORE -o Objects/memoryobject.o ../Objects/memoryobject.c
clang: warning: optimization flag '-fuse-linker-plugin' is not supported [-Wignored-optimization-argument]
x86_64-linux-gnu-gcc -pthread -c -fno-strict-aliasing -DNDEBUG -g -fwrapv -O3 -Wall -Wstrict-prototypes -Wdate-time -D_FORTIFY_SOURCE=2 -g -fdebug-prefix-map=/<<PKGBUILDDIR>>=. -fstack-protector -Wformat -Werror=format-security  -fprofile-generate  -g -flto -fuse-linker-plugin -I. -IInclude -I../Include    -DPy_BUILD_CORE -o Objects/methodobject.o ../Objects/methodobject.c
clang: warning: optimization flag '-fuse-linker-plugin' is not supported [-Wignored-optimization-argument]
x86_64-linux-gnu-gcc -pthread -c -fno-strict-aliasing -DNDEBUG -g -fwrapv -O3 -Wall -Wstrict-prototypes -Wdate-time -D_FORTIFY_SOURCE=2 -g -fdebug-prefix-map=/<<PKGBUILDDIR>>=. -fstack-protector -Wformat -Werror=format-security  -fprofile-generate  -g -flto -fuse-linker-plugin -I. -IInclude -I../Include    -DPy_BUILD_CORE -o Objects/moduleobject.o ../Objects/moduleobject.c
clang: warning: optimization flag '-fuse-linker-plugin' is not supported [-Wignored-optimization-argument]
x86_64-linux-gnu-gcc -pthread -c -fno-strict-aliasing -DNDEBUG -g -fwrapv -O3 -Wall -Wstrict-prototypes -Wdate-time -D_FORTIFY_SOURCE=2 -g -fdebug-prefix-map=/<<PKGBUILDDIR>>=. -fstack-protector -Wformat -Werror=format-security  -fprofile-generate  -g -flto -fuse-linker-plugin -I. -IInclude -I../Include    -DPy_BUILD_CORE -o Objects/object.o ../Objects/object.c
clang: warning: optimization flag '-fuse-linker-plugin' is not supported [-Wignored-optimization-argument]
x86_64-linux-gnu-gcc -pthread -c -fno-strict-aliasing -DNDEBUG -g -fwrapv -O3 -Wall -Wstrict-prototypes -Wdate-time -D_FORTIFY_SOURCE=2 -g -fdebug-prefix-map=/<<PKGBUILDDIR>>=. -fstack-protector -Wformat -Werror=format-security  -fprofile-generate  -g -flto -fuse-linker-plugin -I. -IInclude -I../Include    -DPy_BUILD_CORE -o Objects/obmalloc.o ../Objects/obmalloc.c
clang: warning: optimization flag '-fuse-linker-plugin' is not supported [-Wignored-optimization-argument]
x86_64-linux-gnu-gcc -pthread -c -fno-strict-aliasing -DNDEBUG -g -fwrapv -O3 -Wall -Wstrict-prototypes -Wdate-time -D_FORTIFY_SOURCE=2 -g -fdebug-prefix-map=/<<PKGBUILDDIR>>=. -fstack-protector -Wformat -Werror=format-security  -fprofile-generate  -g -flto -fuse-linker-plugin -I. -IInclude -I../Include    -DPy_BUILD_CORE -o Objects/rangeobject.o ../Objects/rangeobject.c
x86_64-linux-gnu-gcc -pthread -c -fno-strict-aliasing -DNDEBUG -g -fwrapv -O3 -Wall -Wstrict-prototypes -Wdate-time -D_FORTIFY_SOURCE=2 -g -fdebug-prefix-map=/<<PKGBUILDDIR>>=. -fstack-protector -Wformat -Werror=format-security  -fprofile-generate  -g -flto -fuse-linker-plugin -I. -IInclude -I../Include    -DPy_BUILD_CORE -o Objects/setobject.o ../Objects/setobject.c
clang: warning: optimization flag '-fuse-linker-plugin' is not supported [-Wignored-optimization-argument]
clang: warning: optimization flag '-fuse-linker-plugin' is not supported [-Wignored-optimization-argument]
x86_64-linux-gnu-gcc -pthread -c -fno-strict-aliasing -DNDEBUG -g -fwrapv -O3 -Wall -Wstrict-prototypes -Wdate-time -D_FORTIFY_SOURCE=2 -g -fdebug-prefix-map=/<<PKGBUILDDIR>>=. -fstack-protector -Wformat -Werror=format-security  -fprofile-generate  -g -flto -fuse-linker-plugin -I. -IInclude -I../Include    -DPy_BUILD_CORE -o Objects/sliceobject.o ../Objects/sliceobject.c
clang: warning: optimization flag '-fuse-linker-plugin' is not supported [-Wignored-optimization-argument]
x86_64-linux-gnu-gcc -pthread -c -fno-strict-aliasing -DNDEBUG -g -fwrapv -O3 -Wall -Wstrict-prototypes -Wdate-time -D_FORTIFY_SOURCE=2 -g -fdebug-prefix-map=/<<PKGBUILDDIR>>=. -fstack-protector -Wformat -Werror=format-security  -fprofile-generate  -g -flto -fuse-linker-plugin -I. -IInclude -I../Include    -DPy_BUILD_CORE -o Objects/stringobject.o ../Objects/stringobject.c
clang: warning: optimization flag '-fuse-linker-plugin' is not supported [-Wignored-optimization-argument]
x86_64-linux-gnu-gcc -pthread -c -fno-strict-aliasing -DNDEBUG -g -fwrapv -O3 -Wall -Wstrict-prototypes -Wdate-time -D_FORTIFY_SOURCE=2 -g -fdebug-prefix-map=/<<PKGBUILDDIR>>=. -fstack-protector -Wformat -Werror=format-security  -fprofile-generate  -g -flto -fuse-linker-plugin -I. -IInclude -I../Include    -DPy_BUILD_CORE -o Objects/structseq.o ../Objects/structseq.c
clang: warning: optimization flag '-fuse-linker-plugin' is not supported [-Wignored-optimization-argument]
x86_64-linux-gnu-gcc -pthread -c -fno-strict-aliasing -DNDEBUG -g -fwrapv -O3 -Wall -Wstrict-prototypes -Wdate-time -D_FORTIFY_SOURCE=2 -g -fdebug-prefix-map=/<<PKGBUILDDIR>>=. -fstack-protector -Wformat -Werror=format-security  -fprofile-generate  -g -flto -fuse-linker-plugin -I. -IInclude -I../Include    -DPy_BUILD_CORE -o Objects/tupleobject.o ../Objects/tupleobject.c
clang: warning: optimization flag '-fuse-linker-plugin' is not supported [-Wignored-optimization-argument]
x86_64-linux-gnu-gcc -pthread -c -fno-strict-aliasing -DNDEBUG -g -fwrapv -O3 -Wall -Wstrict-prototypes -Wdate-time -D_FORTIFY_SOURCE=2 -g -fdebug-prefix-map=/<<PKGBUILDDIR>>=. -fstack-protector -Wformat -Werror=format-security  -fprofile-generate  -g -flto -fuse-linker-plugin -I. -IInclude -I../Include    -DPy_BUILD_CORE -o Objects/typeobject.o ../Objects/typeobject.c
clang: warning: optimization flag '-fuse-linker-plugin' is not supported [-Wignored-optimization-argument]
x86_64-linux-gnu-gcc -pthread -c -fno-strict-aliasing -DNDEBUG -g -fwrapv -O3 -Wall -Wstrict-prototypes -Wdate-time -D_FORTIFY_SOURCE=2 -g -fdebug-prefix-map=/<<PKGBUILDDIR>>=. -fstack-protector -Wformat -Werror=format-security  -fprofile-generate  -g -flto -fuse-linker-plugin -I. -IInclude -I../Include    -DPy_BUILD_CORE -o Objects/weakrefobject.o ../Objects/weakrefobject.c
clang: warning: optimization flag '-fuse-linker-plugin' is not supported [-Wignored-optimization-argument]
x86_64-linux-gnu-gcc -pthread -c -fno-strict-aliasing -DNDEBUG -g -fwrapv -O3 -Wall -Wstrict-prototypes -Wdate-time -D_FORTIFY_SOURCE=2 -g -fdebug-prefix-map=/<<PKGBUILDDIR>>=. -fstack-protector -Wformat -Werror=format-security  -fprofile-generate  -g -flto -fuse-linker-plugin -I. -IInclude -I../Include    -DPy_BUILD_CORE -o Objects/unicodeobject.o ../Objects/unicodeobject.c
x86_64-linux-gnu-gcc -pthread -c -fno-strict-aliasing -DNDEBUG -g -fwrapv -O3 -Wall -Wstrict-prototypes -Wdate-time -D_FORTIFY_SOURCE=2 -g -fdebug-prefix-map=/<<PKGBUILDDIR>>=. -fstack-protector -Wformat -Werror=format-security  -fprofile-generate  -g -flto -fuse-linker-plugin -I. -IInclude -I../Include    -DPy_BUILD_CORE -o Objects/unicodectype.o ../Objects/unicodectype.c
clang: warning: optimization flag '-fuse-linker-plugin' is not supported [-Wignored-optimization-argument]
clang: warning: optimization flag '-fuse-linker-plugin' is not supported [-Wignored-optimization-argument]
x86_64-linux-gnu-gcc -pthread -c -fno-strict-aliasing -DNDEBUG -g -fwrapv -O3 -Wall -Wstrict-prototypes -Wdate-time -D_FORTIFY_SOURCE=2 -g -fdebug-prefix-map=/<<PKGBUILDDIR>>=. -fstack-protector -Wformat -Werror=format-security  -fprofile-generate  -g -flto -fuse-linker-plugin -I. -IInclude -I../Include    -DPy_BUILD_CORE -o Python/_warnings.o ../Python/_warnings.c
clang: warning: optimization flag '-fuse-linker-plugin' is not supported [-Wignored-optimization-argument]
x86_64-linux-gnu-gcc -pthread -c -fno-strict-aliasing -DNDEBUG -g -fwrapv -O3 -Wall -Wstrict-prototypes -Wdate-time -D_FORTIFY_SOURCE=2 -g -fdebug-prefix-map=/<<PKGBUILDDIR>>=. -fstack-protector -Wformat -Werror=format-security  -fprofile-generate  -g -flto -fuse-linker-plugin -I. -IInclude -I../Include    -DPy_BUILD_CORE -o Python/Python-ast.o ../Python/Python-ast.c
clang: warning: optimization flag '-fuse-linker-plugin' is not supported [-Wignored-optimization-argument]
x86_64-linux-gnu-gcc -pthread -c -fno-strict-aliasing -DNDEBUG -g -fwrapv -O3 -Wall -Wstrict-prototypes -Wdate-time -D_FORTIFY_SOURCE=2 -g -fdebug-prefix-map=/<<PKGBUILDDIR>>=. -fstack-protector -Wformat -Werror=format-security  -fprofile-generate  -g -flto -fuse-linker-plugin -I. -IInclude -I../Include    -DPy_BUILD_CORE -o Python/asdl.o ../Python/asdl.c
clang: warning: optimization flag '-fuse-linker-plugin' is not supported [-Wignored-optimization-argument]
x86_64-linux-gnu-gcc -pthread -c -fno-strict-aliasing -DNDEBUG -g -fwrapv -O3 -Wall -Wstrict-prototypes -Wdate-time -D_FORTIFY_SOURCE=2 -g -fdebug-prefix-map=/<<PKGBUILDDIR>>=. -fstack-protector -Wformat -Werror=format-security  -fprofile-generate  -g -flto -fuse-linker-plugin -I. -IInclude -I../Include    -DPy_BUILD_CORE -o Python/ast.o ../Python/ast.c
x86_64-linux-gnu-gcc -pthread -c -fno-strict-aliasing -DNDEBUG -g -fwrapv -O3 -Wall -Wstrict-prototypes -Wdate-time -D_FORTIFY_SOURCE=2 -g -fdebug-prefix-map=/<<PKGBUILDDIR>>=. -fstack-protector -Wformat -Werror=format-security  -fprofile-generate  -g -flto -fuse-linker-plugin -I. -IInclude -I../Include    -DPy_BUILD_CORE -o Python/bltinmodule.o ../Python/bltinmodule.c
clang: warning: optimization flag '-fuse-linker-plugin' is not supported [-Wignored-optimization-argument]
clang: warning: optimization flag '-fuse-linker-plugin' is not supported [-Wignored-optimization-argument]
x86_64-linux-gnu-gcc -pthread -c -fno-strict-aliasing -DNDEBUG -g -fwrapv -O3 -Wall -Wstrict-prototypes -Wdate-time -D_FORTIFY_SOURCE=2 -g -fdebug-prefix-map=/<<PKGBUILDDIR>>=. -fstack-protector -Wformat -Werror=format-security  -fprofile-generate  -g -flto -fuse-linker-plugin -I. -IInclude -I../Include    -DPy_BUILD_CORE -o Python/ceval.o ../Python/ceval.c
clang: warning: optimization flag '-fuse-linker-plugin' is not supported [-Wignored-optimization-argument]
x86_64-linux-gnu-gcc -pthread -c -fno-strict-aliasing -DNDEBUG -g -fwrapv -O3 -Wall -Wstrict-prototypes -Wdate-time -D_FORTIFY_SOURCE=2 -g -fdebug-prefix-map=/<<PKGBUILDDIR>>=. -fstack-protector -Wformat -Werror=format-security  -fprofile-generate  -g -flto -fuse-linker-plugin -I. -IInclude -I../Include    -DPy_BUILD_CORE -o Python/compile.o ../Python/compile.c
clang: warning: optimization flag '-fuse-linker-plugin' is not supported [-Wignored-optimization-argument]
x86_64-linux-gnu-gcc -pthread -c -fno-strict-aliasing -DNDEBUG -g -fwrapv -O3 -Wall -Wstrict-prototypes -Wdate-time -D_FORTIFY_SOURCE=2 -g -fdebug-prefix-map=/<<PKGBUILDDIR>>=. -fstack-protector -Wformat -Werror=format-security  -fprofile-generate  -g -flto -fuse-linker-plugin -I. -IInclude -I../Include    -DPy_BUILD_CORE -o Python/codecs.o ../Python/codecs.c
clang: warning: optimization flag '-fuse-linker-plugin' is not supported [-Wignored-optimization-argument]
x86_64-linux-gnu-gcc -pthread -c -fno-strict-aliasing -DNDEBUG -g -fwrapv -O3 -Wall -Wstrict-prototypes -Wdate-time -D_FORTIFY_SOURCE=2 -g -fdebug-prefix-map=/<<PKGBUILDDIR>>=. -fstack-protector -Wformat -Werror=format-security  -fprofile-generate  -g -flto -fuse-linker-plugin -I. -IInclude -I../Include    -DPy_BUILD_CORE -o Python/errors.o ../Python/errors.c
clang: warning: optimization flag '-fuse-linker-plugin' is not supported [-Wignored-optimization-argument]
x86_64-linux-gnu-gcc -pthread -c -fno-strict-aliasing -DNDEBUG -g -fwrapv -O3 -Wall -Wstrict-prototypes -Wdate-time -D_FORTIFY_SOURCE=2 -g -fdebug-prefix-map=/<<PKGBUILDDIR>>=. -fstack-protector -Wformat -Werror=format-security  -fprofile-generate  -g -flto -fuse-linker-plugin -I. -IInclude -I../Include    -DPy_BUILD_CORE -o Python/frozen.o ../Python/frozen.c
x86_64-linux-gnu-gcc -pthread -c -fno-strict-aliasing -DNDEBUG -g -fwrapv -O3 -Wall -Wstrict-prototypes -Wdate-time -D_FORTIFY_SOURCE=2 -g -fdebug-prefix-map=/<<PKGBUILDDIR>>=. -fstack-protector -Wformat -Werror=format-security  -fprofile-generate  -g -flto -fuse-linker-plugin -I. -IInclude -I../Include    -DPy_BUILD_CORE -o Python/frozenmain.o ../Python/frozenmain.c
clang: warning: optimization flag '-fuse-linker-plugin' is not supported [-Wignored-optimization-argument]
clang: warning: optimization flag '-fuse-linker-plugin' is not supported [-Wignored-optimization-argument]
x86_64-linux-gnu-gcc -pthread -c -fno-strict-aliasing -DNDEBUG -g -fwrapv -O3 -Wall -Wstrict-prototypes -Wdate-time -D_FORTIFY_SOURCE=2 -g -fdebug-prefix-map=/<<PKGBUILDDIR>>=. -fstack-protector -Wformat -Werror=format-security  -fprofile-generate  -g -flto -fuse-linker-plugin -I. -IInclude -I../Include    -DPy_BUILD_CORE -o Python/future.o ../Python/future.c
x86_64-linux-gnu-gcc -pthread -c -fno-strict-aliasing -DNDEBUG -g -fwrapv -O3 -Wall -Wstrict-prototypes -Wdate-time -D_FORTIFY_SOURCE=2 -g -fdebug-prefix-map=/<<PKGBUILDDIR>>=. -fstack-protector -Wformat -Werror=format-security  -fprofile-generate  -g -flto -fuse-linker-plugin -I. -IInclude -I../Include    -DPy_BUILD_CORE -o Python/getargs.o ../Python/getargs.c
clang: warning: optimization flag '-fuse-linker-plugin' is not supported [-Wignored-optimization-argument]
clang: warning: optimization flag '-fuse-linker-plugin' is not supported [-Wignored-optimization-argument]
x86_64-linux-gnu-gcc -pthread -c -fno-strict-aliasing -DNDEBUG -g -fwrapv -O3 -Wall -Wstrict-prototypes -Wdate-time -D_FORTIFY_SOURCE=2 -g -fdebug-prefix-map=/<<PKGBUILDDIR>>=. -fstack-protector -Wformat -Werror=format-security  -fprofile-generate  -g -flto -fuse-linker-plugin -I. -IInclude -I../Include    -DPy_BUILD_CORE -o Python/getcompiler.o ../Python/getcompiler.c
clang: warning: optimization flag '-fuse-linker-plugin' is not supported [-Wignored-optimization-argument]
x86_64-linux-gnu-gcc -pthread -c -fno-strict-aliasing -DNDEBUG -g -fwrapv -O3 -Wall -Wstrict-prototypes -Wdate-time -D_FORTIFY_SOURCE=2 -g -fdebug-prefix-map=/<<PKGBUILDDIR>>=. -fstack-protector -Wformat -Werror=format-security  -fprofile-generate  -g -flto -fuse-linker-plugin -I. -IInclude -I../Include    -DPy_BUILD_CORE -o Python/getcopyright.o ../Python/getcopyright.c
x86_64-linux-gnu-gcc -pthread -c -fno-strict-aliasing -DNDEBUG -g -fwrapv -O3 -Wall -Wstrict-prototypes -Wdate-time -D_FORTIFY_SOURCE=2 -g -fdebug-prefix-map=/<<PKGBUILDDIR>>=. -fstack-protector -Wformat -Werror=format-security  -fprofile-generate  -g -flto -fuse-linker-plugin -I. -IInclude -I../Include    -DPy_BUILD_CORE -DPLATFORM='"linux2"' -o Python/getplatform.o ../Python/getplatform.c
clang: warning: optimization flag '-fuse-linker-plugin' is not supported [-Wignored-optimization-argument]
clang: warning: optimization flag '-fuse-linker-plugin' is not supported [-Wignored-optimization-argument]
x86_64-linux-gnu-gcc -pthread -c -fno-strict-aliasing -DNDEBUG -g -fwrapv -O3 -Wall -Wstrict-prototypes -Wdate-time -D_FORTIFY_SOURCE=2 -g -fdebug-prefix-map=/<<PKGBUILDDIR>>=. -fstack-protector -Wformat -Werror=format-security  -fprofile-generate  -g -flto -fuse-linker-plugin -I. -IInclude -I../Include    -DPy_BUILD_CORE -o Python/getversion.o ../Python/getversion.c
x86_64-linux-gnu-gcc -pthread -c -fno-strict-aliasing -DNDEBUG -g -fwrapv -O3 -Wall -Wstrict-prototypes -Wdate-time -D_FORTIFY_SOURCE=2 -g -fdebug-prefix-map=/<<PKGBUILDDIR>>=. -fstack-protector -Wformat -Werror=format-security  -fprofile-generate  -g -flto -fuse-linker-plugin -I. -IInclude -I../Include    -DPy_BUILD_CORE -o Python/graminit.o ../Python/graminit.c
clangclang: warning: optimization flag '-fuse-linker-plugin' is not supported [-Wignored-optimization-argument]
: warning: optimization flag '-fuse-linker-plugin' is not supported [-Wignored-optimization-argument]
x86_64-linux-gnu-gcc -pthread -c -fno-strict-aliasing -DNDEBUG -g -fwrapv -O3 -Wall -Wstrict-prototypes -Wdate-time -D_FORTIFY_SOURCE=2 -g -fdebug-prefix-map=/<<PKGBUILDDIR>>=. -fstack-protector -Wformat -Werror=format-security  -fprofile-generate  -g -flto -fuse-linker-plugin -I. -IInclude -I../Include    -DPy_BUILD_CORE -o Python/import.o ../Python/import.c
clang: warning: optimization flag '-fuse-linker-plugin' is not supported [-Wignored-optimization-argument]
x86_64-linux-gnu-gcc -pthread -c -fno-strict-aliasing -DNDEBUG -g -fwrapv -O3 -Wall -Wstrict-prototypes -Wdate-time -D_FORTIFY_SOURCE=2 -g -fdebug-prefix-map=/<<PKGBUILDDIR>>=. -fstack-protector -Wformat -Werror=format-security  -fprofile-generate  -g -flto -fuse-linker-plugin -I. -IInclude -I../Include    -DPy_BUILD_CORE -I. -o Python/importdl.o ../Python/importdl.c
clang: warning: optimization flag '-fuse-linker-plugin' is not supported [-Wignored-optimization-argument]
x86_64-linux-gnu-gcc -pthread -c -fno-strict-aliasing -DNDEBUG -g -fwrapv -O3 -Wall -Wstrict-prototypes -Wdate-time -D_FORTIFY_SOURCE=2 -g -fdebug-prefix-map=/<<PKGBUILDDIR>>=. -fstack-protector -Wformat -Werror=format-security  -fprofile-generate  -g -flto -fuse-linker-plugin -I. -IInclude -I../Include    -DPy_BUILD_CORE -o Python/marshal.o ../Python/marshal.c
clang: warning: optimization flag '-fuse-linker-plugin' is not supported [-Wignored-optimization-argument]
x86_64-linux-gnu-gcc -pthread -c -fno-strict-aliasing -DNDEBUG -g -fwrapv -O3 -Wall -Wstrict-prototypes -Wdate-time -D_FORTIFY_SOURCE=2 -g -fdebug-prefix-map=/<<PKGBUILDDIR>>=. -fstack-protector -Wformat -Werror=format-security  -fprofile-generate  -g -flto -fuse-linker-plugin -I. -IInclude -I../Include    -DPy_BUILD_CORE -o Python/modsupport.o ../Python/modsupport.c
clang: warning: optimization flag '-fuse-linker-plugin' is not supported [-Wignored-optimization-argument]
x86_64-linux-gnu-gcc -pthread -c -fno-strict-aliasing -DNDEBUG -g -fwrapv -O3 -Wall -Wstrict-prototypes -Wdate-time -D_FORTIFY_SOURCE=2 -g -fdebug-prefix-map=/<<PKGBUILDDIR>>=. -fstack-protector -Wformat -Werror=format-security  -fprofile-generate  -g -flto -fuse-linker-plugin -I. -IInclude -I../Include    -DPy_BUILD_CORE -o Python/mystrtoul.o ../Python/mystrtoul.c
clang: warning: optimization flag '-fuse-linker-plugin' is not supported [-Wignored-optimization-argument]
x86_64-linux-gnu-gcc -pthread -c -fno-strict-aliasing -DNDEBUG -g -fwrapv -O3 -Wall -Wstrict-prototypes -Wdate-time -D_FORTIFY_SOURCE=2 -g -fdebug-prefix-map=/<<PKGBUILDDIR>>=. -fstack-protector -Wformat -Werror=format-security  -fprofile-generate  -g -flto -fuse-linker-plugin -I. -IInclude -I../Include    -DPy_BUILD_CORE -o Python/mysnprintf.o ../Python/mysnprintf.c
clang: warning: optimization flag '-fuse-linker-plugin' is not supported [-Wignored-optimization-argument]
x86_64-linux-gnu-gcc -pthread -c -fno-strict-aliasing -DNDEBUG -g -fwrapv -O3 -Wall -Wstrict-prototypes -Wdate-time -D_FORTIFY_SOURCE=2 -g -fdebug-prefix-map=/<<PKGBUILDDIR>>=. -fstack-protector -Wformat -Werror=format-security  -fprofile-generate  -g -flto -fuse-linker-plugin -I. -IInclude -I../Include    -DPy_BUILD_CORE -o Python/peephole.o ../Python/peephole.c
clang: warning: optimization flag '-fuse-linker-plugin' is not supported [-Wignored-optimization-argument]
x86_64-linux-gnu-gcc -pthread -c -fno-strict-aliasing -DNDEBUG -g -fwrapv -O3 -Wall -Wstrict-prototypes -Wdate-time -D_FORTIFY_SOURCE=2 -g -fdebug-prefix-map=/<<PKGBUILDDIR>>=. -fstack-protector -Wformat -Werror=format-security  -fprofile-generate  -g -flto -fuse-linker-plugin -I. -IInclude -I../Include    -DPy_BUILD_CORE -o Python/pyarena.o ../Python/pyarena.c
clang: warning: optimization flag '-fuse-linker-plugin' is not supported [-Wignored-optimization-argument]
x86_64-linux-gnu-gcc -pthread -c -fno-strict-aliasing -DNDEBUG -g -fwrapv -O3 -Wall -Wstrict-prototypes -Wdate-time -D_FORTIFY_SOURCE=2 -g -fdebug-prefix-map=/<<PKGBUILDDIR>>=. -fstack-protector -Wformat -Werror=format-security  -fprofile-generate  -g -flto -fuse-linker-plugin -I. -IInclude -I../Include    -DPy_BUILD_CORE -o Python/pyctype.o ../Python/pyctype.c
clang: warning: optimization flag '-fuse-linker-plugin' is not supported [-Wignored-optimization-argument]
x86_64-linux-gnu-gcc -pthread -c -fno-strict-aliasing -DNDEBUG -g -fwrapv -O3 -Wall -Wstrict-prototypes -Wdate-time -D_FORTIFY_SOURCE=2 -g -fdebug-prefix-map=/<<PKGBUILDDIR>>=. -fstack-protector -Wformat -Werror=format-security  -fprofile-generate  -g -flto -fuse-linker-plugin -I. -IInclude -I../Include    -DPy_BUILD_CORE -o Python/pyfpe.o ../Python/pyfpe.c
clang: warning: optimization flag '-fuse-linker-plugin' is not supported [-Wignored-optimization-argument]
x86_64-linux-gnu-gcc -pthread -c -fno-strict-aliasing -DNDEBUG -g -fwrapv -O3 -Wall -Wstrict-prototypes -Wdate-time -D_FORTIFY_SOURCE=2 -g -fdebug-prefix-map=/<<PKGBUILDDIR>>=. -fstack-protector -Wformat -Werror=format-security  -fprofile-generate  -g -flto -fuse-linker-plugin -I. -IInclude -I../Include    -DPy_BUILD_CORE -o Python/pymath.o ../Python/pymath.c
clang: warning: optimization flag '-fuse-linker-plugin' is not supported [-Wignored-optimization-argument]
x86_64-linux-gnu-gcc -pthread -c -fno-strict-aliasing -DNDEBUG -g -fwrapv -O3 -Wall -Wstrict-prototypes -Wdate-time -D_FORTIFY_SOURCE=2 -g -fdebug-prefix-map=/<<PKGBUILDDIR>>=. -fstack-protector -Wformat -Werror=format-security  -fprofile-generate  -g -flto -fuse-linker-plugin -I. -IInclude -I../Include    -DPy_BUILD_CORE -o Python/pystate.o ../Python/pystate.c
x86_64-linux-gnu-gcc -pthread -c -fno-strict-aliasing -DNDEBUG -g -fwrapv -O3 -Wall -Wstrict-prototypes -Wdate-time -D_FORTIFY_SOURCE=2 -g -fdebug-prefix-map=/<<PKGBUILDDIR>>=. -fstack-protector -Wformat -Werror=format-security  -fprofile-generate  -g -flto -fuse-linker-plugin -I. -IInclude -I../Include    -DPy_BUILD_CORE -o Python/pythonrun.o ../Python/pythonrun.c
clang: warning: optimization flag '-fuse-linker-plugin' is not supported [-Wignored-optimization-argument]
clang: warning: optimization flag '-fuse-linker-plugin' is not supported [-Wignored-optimization-argument]
x86_64-linux-gnu-gcc -pthread -c -fno-strict-aliasing -DNDEBUG -g -fwrapv -O3 -Wall -Wstrict-prototypes -Wdate-time -D_FORTIFY_SOURCE=2 -g -fdebug-prefix-map=/<<PKGBUILDDIR>>=. -fstack-protector -Wformat -Werror=format-security  -fprofile-generate  -g -flto -fuse-linker-plugin -I. -IInclude -I../Include    -DPy_BUILD_CORE -o Python/random.o ../Python/random.c
clang: warning: optimization flag '-fuse-linker-plugin' is not supported [-Wignored-optimization-argument]
x86_64-linux-gnu-gcc -pthread -c -fno-strict-aliasing -DNDEBUG -g -fwrapv -O3 -Wall -Wstrict-prototypes -Wdate-time -D_FORTIFY_SOURCE=2 -g -fdebug-prefix-map=/<<PKGBUILDDIR>>=. -fstack-protector -Wformat -Werror=format-security  -fprofile-generate  -g -flto -fuse-linker-plugin -I. -IInclude -I../Include    -DPy_BUILD_CORE -o Python/structmember.o ../Python/structmember.c
clang: warning: optimization flag '-fuse-linker-plugin' is not supported [-Wignored-optimization-argument]
x86_64-linux-gnu-gcc -pthread -c -fno-strict-aliasing -DNDEBUG -g -fwrapv -O3 -Wall -Wstrict-prototypes -Wdate-time -D_FORTIFY_SOURCE=2 -g -fdebug-prefix-map=/<<PKGBUILDDIR>>=. -fstack-protector -Wformat -Werror=format-security  -fprofile-generate  -g -flto -fuse-linker-plugin -I. -IInclude -I../Include    -DPy_BUILD_CORE -o Python/symtable.o ../Python/symtable.c
x86_64-linux-gnu-gcc -pthread -c -fno-strict-aliasing -DNDEBUG -g -fwrapv -O3 -Wall -Wstrict-prototypes -Wdate-time -D_FORTIFY_SOURCE=2 -g -fdebug-prefix-map=/<<PKGBUILDDIR>>=. -fstack-protector -Wformat -Werror=format-security  -fprofile-generate  -g -flto -fuse-linker-plugin -I. -IInclude -I../Include    -DPy_BUILD_CORE \
	-DMULTIARCH='""' \
	-o Python/sysmodule.o ../Python/sysmodule.c
clangclang: warning: optimization flag '-fuse-linker-plugin' is not supported [-Wignored-optimization-argument]
: warning: optimization flag '-fuse-linker-plugin' is not supported [-Wignored-optimization-argument]
x86_64-linux-gnu-gcc -pthread -c -fno-strict-aliasing -DNDEBUG -g -fwrapv -O3 -Wall -Wstrict-prototypes -Wdate-time -D_FORTIFY_SOURCE=2 -g -fdebug-prefix-map=/<<PKGBUILDDIR>>=. -fstack-protector -Wformat -Werror=format-security  -fprofile-generate  -g -flto -fuse-linker-plugin -I. -IInclude -I../Include    -DPy_BUILD_CORE -o Python/traceback.o ../Python/traceback.c
clang: warning: optimization flag '-fuse-linker-plugin' is not supported [-Wignored-optimization-argument]
x86_64-linux-gnu-gcc -pthread -c -fno-strict-aliasing -DNDEBUG -g -fwrapv -O3 -Wall -Wstrict-prototypes -Wdate-time -D_FORTIFY_SOURCE=2 -g -fdebug-prefix-map=/<<PKGBUILDDIR>>=. -fstack-protector -Wformat -Werror=format-security  -fprofile-generate  -g -flto -fuse-linker-plugin -I. -IInclude -I../Include    -DPy_BUILD_CORE -o Python/getopt.o ../Python/getopt.c
clang: warning: optimization flag '-fuse-linker-plugin' is not supported [-Wignored-optimization-argument]
x86_64-linux-gnu-gcc -pthread -c -fno-strict-aliasing -DNDEBUG -g -fwrapv -O3 -Wall -Wstrict-prototypes -Wdate-time -D_FORTIFY_SOURCE=2 -g -fdebug-prefix-map=/<<PKGBUILDDIR>>=. -fstack-protector -Wformat -Werror=format-security  -fprofile-generate  -g -flto -fuse-linker-plugin -I. -IInclude -I../Include    -DPy_BUILD_CORE -o Python/pystrcmp.o ../Python/pystrcmp.c
x86_64-linux-gnu-gcc -pthread -c -fno-strict-aliasing -DNDEBUG -g -fwrapv -O3 -Wall -Wstrict-prototypes -Wdate-time -D_FORTIFY_SOURCE=2 -g -fdebug-prefix-map=/<<PKGBUILDDIR>>=. -fstack-protector -Wformat -Werror=format-security  -fprofile-generate  -g -flto -fuse-linker-plugin -I. -IInclude -I../Include    -DPy_BUILD_CORE -o Python/pystrtod.o ../Python/pystrtod.c
clang: warning: optimization flag '-fuse-linker-plugin' is not supported [-Wignored-optimization-argument]
clang: warning: optimization flag '-fuse-linker-plugin' is not supported [-Wignored-optimization-argument]
x86_64-linux-gnu-gcc -pthread -c -fno-strict-aliasing -DNDEBUG -g -fwrapv -O3 -Wall -Wstrict-prototypes -Wdate-time -D_FORTIFY_SOURCE=2 -g -fdebug-prefix-map=/<<PKGBUILDDIR>>=. -fstack-protector -Wformat -Werror=format-security  -fprofile-generate  -g -flto -fuse-linker-plugin -I. -IInclude -I../Include    -DPy_BUILD_CORE -o Python/dtoa.o ../Python/dtoa.c
clang: warning: optimization flag '-fuse-linker-plugin' is not supported [-Wignored-optimization-argument]
x86_64-linux-gnu-gcc -pthread -c -fno-strict-aliasing -DNDEBUG -g -fwrapv -O3 -Wall -Wstrict-prototypes -Wdate-time -D_FORTIFY_SOURCE=2 -g -fdebug-prefix-map=/<<PKGBUILDDIR>>=. -fstack-protector -Wformat -Werror=format-security  -fprofile-generate  -g -flto -fuse-linker-plugin -I. -IInclude -I../Include    -DPy_BUILD_CORE -o Python/formatter_unicode.o ../Python/formatter_unicode.c
clang: warning: optimization flag '-fuse-linker-plugin' is not supported [-Wignored-optimization-argument]
x86_64-linux-gnu-gcc -pthread -c -fno-strict-aliasing -DNDEBUG -g -fwrapv -O3 -Wall -Wstrict-prototypes -Wdate-time -D_FORTIFY_SOURCE=2 -g -fdebug-prefix-map=/<<PKGBUILDDIR>>=. -fstack-protector -Wformat -Werror=format-security  -fprofile-generate  -g -flto -fuse-linker-plugin -I. -IInclude -I../Include    -DPy_BUILD_CORE -o Python/formatter_string.o ../Python/formatter_string.c
clang: warning: optimization flag '-fuse-linker-plugin' is not supported [-Wignored-optimization-argument]
x86_64-linux-gnu-gcc -pthread -c -fno-strict-aliasing -DNDEBUG -g -fwrapv -O3 -Wall -Wstrict-prototypes -Wdate-time -D_FORTIFY_SOURCE=2 -g -fdebug-prefix-map=/<<PKGBUILDDIR>>=. -fstack-protector -Wformat -Werror=format-security  -fprofile-generate  -g -flto -fuse-linker-plugin -I. -IInclude -I../Include    -DPy_BUILD_CORE \
	 \
	-o Python/dynload_shlib.o ../Python/dynload_shlib.c
clang: warning: optimization flag '-fuse-linker-plugin' is not supported [-Wignored-optimization-argument]
x86_64-linux-gnu-gcc -pthread -c -fno-strict-aliasing -DNDEBUG -g -fwrapv -O3 -Wall -Wstrict-prototypes -Wdate-time -D_FORTIFY_SOURCE=2 -g -fdebug-prefix-map=/<<PKGBUILDDIR>>=. -fstack-protector -Wformat -Werror=format-security  -fprofile-generate  -g -flto -fuse-linker-plugin -I. -IInclude -I../Include    -DPy_BUILD_CORE -o Python/thread.o ../Python/thread.c
clang: warning: optimization flag '-fuse-linker-plugin' is not supported [-Wignored-optimization-argument]
x86_64-linux-gnu-gcc -pthread -c -fno-strict-aliasing -DNDEBUG -g -fwrapv -O3 -Wall -Wstrict-prototypes -Wdate-time -D_FORTIFY_SOURCE=2 -g -fdebug-prefix-map=/<<PKGBUILDDIR>>=. -fstack-protector -Wformat -Werror=format-security  -fprofile-generate  -g -flto -fuse-linker-plugin -I. -IInclude -I../Include    -DPy_BUILD_CORE -o Modules/config.o Modules/config.c
x86_64-linux-gnu-gcc -pthread -c -fno-strict-aliasing -DNDEBUG -g -fwrapv -O3 -Wall -Wstrict-prototypes -Wdate-time -D_FORTIFY_SOURCE=2 -g -fdebug-prefix-map=/<<PKGBUILDDIR>>=. -fstack-protector -Wformat -Werror=format-security  -fprofile-generate  -g -flto -fuse-linker-plugin -I. -IInclude -I../Include    -DPy_BUILD_CORE -DPYTHONPATH='":plat-linux2:lib-tk:lib-old"' \
	-DPREFIX='"/usr"' \
	-DEXEC_PREFIX='"/usr"' \
	-DVERSION='"2.7"' \
	-DVPATH='".."' \
	-o Modules/getpath.o ../Modules/getpath.c
../Python/thread.c:70:9: warning: 'dprintf' macro redefined [-Wmacro-redefined]
#define dprintf(args)
        ^
/usr/include/x86_64-linux-gnu/bits/stdio2.h:145:12: note: previous definition is here
#   define dprintf(fd, ...) \
           ^
x86_64-linux-gnu-gcc -pthread -c -fno-strict-aliasing -DNDEBUG -g -fwrapv -O3 -Wall -Wstrict-prototypes -Wdate-time -D_FORTIFY_SOURCE=2 -g -fdebug-prefix-map=/<<PKGBUILDDIR>>=. -fstack-protector -Wformat -Werror=format-security  -fprofile-generate  -g -flto -fuse-linker-plugin -I. -IInclude -I../Include    -DPy_BUILD_CORE -o Modules/main.o ../Modules/main.c
clang: warning: optimization flag '-fuse-linker-plugin' is not supported [-Wignored-optimization-argument]
clang: warning: optimization flag '-fuse-linker-plugin' is not supported [-Wignored-optimization-argument]
x86_64-linux-gnu-gcc -pthread -c -fno-strict-aliasing -DNDEBUG -g -fwrapv -O3 -Wall -Wstrict-prototypes -Wdate-time -D_FORTIFY_SOURCE=2 -g -fdebug-prefix-map=/<<PKGBUILDDIR>>=. -fstack-protector -Wformat -Werror=format-security  -fprofile-generate  -g -flto -fuse-linker-plugin -I. -IInclude -I../Include    -DPy_BUILD_CORE -o Modules/gcmodule.o ../Modules/gcmodule.c
clang: warning: optimization flag '-fuse-linker-plugin' is not supported [-Wignored-optimization-argument]
clang: warning: optimization flag '-fuse-linker-plugin' is not supported [-Wignored-optimization-argument]
1 warning generated.
x86_64-linux-gnu-gcc -pthread -fno-strict-aliasing -DNDEBUG -g -fwrapv -O3 -Wall -Wstrict-prototypes -Wdate-time -D_FORTIFY_SOURCE=2 -g -fdebug-prefix-map=/<<PKGBUILDDIR>>=. -fstack-protector -Wformat -Werror=format-security  -fprofile-generate  -g -flto -fuse-linker-plugin -I. -IInclude -I../Include    -DPy_BUILD_CORE  -c ../Modules/threadmodule.c -o Modules/threadmodule.o
clang: warning: optimization flag '-fuse-linker-plugin' is not supported [-Wignored-optimization-argument]
x86_64-linux-gnu-gcc -pthread -fno-strict-aliasing -DNDEBUG -g -fwrapv -O3 -Wall -Wstrict-prototypes -Wdate-time -D_FORTIFY_SOURCE=2 -g -fdebug-prefix-map=/<<PKGBUILDDIR>>=. -fstack-protector -Wformat -Werror=format-security  -fprofile-generate  -g -flto -fuse-linker-plugin -I. -IInclude -I../Include    -DPy_BUILD_CORE  -c ../Modules/signalmodule.c -o Modules/signalmodule.o
clangx86_64-linux-gnu-gcc -pthread -fno-strict-aliasing -DNDEBUG -g -fwrapv -O3 -Wall -Wstrict-prototypes -Wdate-time -D_FORTIFY_SOURCE=2 -g -fdebug-prefix-map=/<<PKGBUILDDIR>>=. -fstack-protector -Wformat -Werror=format-security  -fprofile-generate  -g -flto -fuse-linker-plugin -I. -IInclude -I../Include    -DPy_BUILD_CORE  -c ../Modules/arraymodule.c -o Modules/arraymodule.o
: warning: optimization flag '-fuse-linker-plugin' is not supported [-Wignored-optimization-argument]
clang: warning: optimization flag '-fuse-linker-plugin' is not supported [-Wignored-optimization-argument]
../Modules/signalmodule.c:184:9: warning: ignoring return value of function declared with 'warn_unused_result' attribute [-Wunused-result]
        write(wakeup_fd, "\0", 1);
        ^~~~~ ~~~~~~~~~~~~~~~~~~
x86_64-linux-gnu-gcc -pthread -fno-strict-aliasing -DNDEBUG -g -fwrapv -O3 -Wall -Wstrict-prototypes -Wdate-time -D_FORTIFY_SOURCE=2 -g -fdebug-prefix-map=/<<PKGBUILDDIR>>=. -fstack-protector -Wformat -Werror=format-security  -fprofile-generate  -g -flto -fuse-linker-plugin -I. -IInclude -I../Include    -DPy_BUILD_CORE  -c ../Modules/cmathmodule.c -o Modules/cmathmodule.o
x86_64-linux-gnu-gcc -pthread -fno-strict-aliasing -DNDEBUG -g -fwrapv -O3 -Wall -Wstrict-prototypes -Wdate-time -D_FORTIFY_SOURCE=2 -g -fdebug-prefix-map=/<<PKGBUILDDIR>>=. -fstack-protector -Wformat -Werror=format-security  -fprofile-generate  -g -flto -fuse-linker-plugin -I. -IInclude -I../Include    -DPy_BUILD_CORE  -c ../Modules/mathmodule.c -o Modules/mathmodule.o
clang: warning: optimization flag '-fuse-linker-plugin' is not supported [-Wignored-optimization-argument]
clang: warning: optimization flag '-fuse-linker-plugin' is not supported [-Wignored-optimization-argument]
x86_64-linux-gnu-gcc -pthread -fno-strict-aliasing -DNDEBUG -g -fwrapv -O3 -Wall -Wstrict-prototypes -Wdate-time -D_FORTIFY_SOURCE=2 -g -fdebug-prefix-map=/<<PKGBUILDDIR>>=. -fstack-protector -Wformat -Werror=format-security  -fprofile-generate  -g -flto -fuse-linker-plugin -I. -IInclude -I../Include    -DPy_BUILD_CORE  -c ../Modules/_math.c -o Modules/_math.o
x86_64-linux-gnu-gcc -pthread -fno-strict-aliasing -DNDEBUG -g -fwrapv -O3 -Wall -Wstrict-prototypes -Wdate-time -D_FORTIFY_SOURCE=2 -g -fdebug-prefix-map=/<<PKGBUILDDIR>>=. -fstack-protector -Wformat -Werror=format-security  -fprofile-generate  -g -flto -fuse-linker-plugin -I. -IInclude -I../Include    -DPy_BUILD_CORE  -c ../Modules/_struct.c -o Modules/_struct.o
clang: warning: optimization flag '-fuse-linker-plugin' is not supported [-Wignored-optimization-argument]
clang: warning: optimization flag '-fuse-linker-plugin' is not supported [-Wignored-optimization-argument]
x86_64-linux-gnu-gcc -pthread -fno-strict-aliasing -DNDEBUG -g -fwrapv -O3 -Wall -Wstrict-prototypes -Wdate-time -D_FORTIFY_SOURCE=2 -g -fdebug-prefix-map=/<<PKGBUILDDIR>>=. -fstack-protector -Wformat -Werror=format-security  -fprofile-generate  -g -flto -fuse-linker-plugin -I. -IInclude -I../Include    -DPy_BUILD_CORE  -c ../Modules/timemodule.c -o Modules/timemodule.o
clang: warning: optimization flag '-fuse-linker-plugin' is not supported [-Wignored-optimization-argument]
1 warning generated.
x86_64-linux-gnu-gcc -pthread -fno-strict-aliasing -DNDEBUG -g -fwrapv -O3 -Wall -Wstrict-prototypes -Wdate-time -D_FORTIFY_SOURCE=2 -g -fdebug-prefix-map=/<<PKGBUILDDIR>>=. -fstack-protector -Wformat -Werror=format-security  -fprofile-generate  -g -flto -fuse-linker-plugin -I. -IInclude -I../Include    -DPy_BUILD_CORE  -c ../Modules/operator.c -o Modules/operator.o
clang: warning: optimization flag '-fuse-linker-plugin' is not supported [-Wignored-optimization-argument]
x86_64-linux-gnu-gcc -pthread -fno-strict-aliasing -DNDEBUG -g -fwrapv -O3 -Wall -Wstrict-prototypes -Wdate-time -D_FORTIFY_SOURCE=2 -g -fdebug-prefix-map=/<<PKGBUILDDIR>>=. -fstack-protector -Wformat -Werror=format-security  -fprofile-generate  -g -flto -fuse-linker-plugin -I. -IInclude -I../Include    -DPy_BUILD_CORE  -c ../Modules/_randommodule.c -o Modules/_randommodule.o
clang: warning: optimization flag '-fuse-linker-plugin' is not supported [-Wignored-optimization-argument]
x86_64-linux-gnu-gcc -pthread -fno-strict-aliasing -DNDEBUG -g -fwrapv -O3 -Wall -Wstrict-prototypes -Wdate-time -D_FORTIFY_SOURCE=2 -g -fdebug-prefix-map=/<<PKGBUILDDIR>>=. -fstack-protector -Wformat -Werror=format-security  -fprofile-generate  -g -flto -fuse-linker-plugin -I. -IInclude -I../Include    -DPy_BUILD_CORE  -c ../Modules/_collectionsmodule.c -o Modules/_collectionsmodule.o
x86_64-linux-gnu-gcc -pthread -fno-strict-aliasing -DNDEBUG -g -fwrapv -O3 -Wall -Wstrict-prototypes -Wdate-time -D_FORTIFY_SOURCE=2 -g -fdebug-prefix-map=/<<PKGBUILDDIR>>=. -fstack-protector -Wformat -Werror=format-security  -fprofile-generate  -g -flto -fuse-linker-plugin -I. -IInclude -I../Include    -DPy_BUILD_CORE  -c ../Modules/_heapqmodule.c -o Modules/_heapqmodule.o
clangclang: warning: optimization flag '-fuse-linker-plugin' is not supported [-Wignored-optimization-argument]
: warning: optimization flag '-fuse-linker-plugin' is not supported [-Wignored-optimization-argument]
x86_64-linux-gnu-gcc -pthread -fno-strict-aliasing -DNDEBUG -g -fwrapv -O3 -Wall -Wstrict-prototypes -Wdate-time -D_FORTIFY_SOURCE=2 -g -fdebug-prefix-map=/<<PKGBUILDDIR>>=. -fstack-protector -Wformat -Werror=format-security  -fprofile-generate  -g -flto -fuse-linker-plugin -I. -IInclude -I../Include    -DPy_BUILD_CORE  -c ../Modules/itertoolsmodule.c -o Modules/itertoolsmodule.o
clang: warning: optimization flag '-fuse-linker-plugin' is not supported [-Wignored-optimization-argument]
x86_64-linux-gnu-gcc -pthread -fno-strict-aliasing -DNDEBUG -g -fwrapv -O3 -Wall -Wstrict-prototypes -Wdate-time -D_FORTIFY_SOURCE=2 -g -fdebug-prefix-map=/<<PKGBUILDDIR>>=. -fstack-protector -Wformat -Werror=format-security  -fprofile-generate  -g -flto -fuse-linker-plugin -I. -IInclude -I../Include    -DPy_BUILD_CORE  -c ../Modules/stropmodule.c -o Modules/stropmodule.o
clang: warning: optimization flag '-fuse-linker-plugin' is not supported [-Wignored-optimization-argument]
x86_64-linux-gnu-gcc -pthread -fno-strict-aliasing -DNDEBUG -g -fwrapv -O3 -Wall -Wstrict-prototypes -Wdate-time -D_FORTIFY_SOURCE=2 -g -fdebug-prefix-map=/<<PKGBUILDDIR>>=. -fstack-protector -Wformat -Werror=format-security  -fprofile-generate  -g -flto -fuse-linker-plugin -I. -IInclude -I../Include    -DPy_BUILD_CORE  -c ../Modules/_functoolsmodule.c -o Modules/_functoolsmodule.o
x86_64-linux-gnu-gcc -pthread -fno-strict-aliasing -DNDEBUG -g -fwrapv -O3 -Wall -Wstrict-prototypes -Wdate-time -D_FORTIFY_SOURCE=2 -g -fdebug-prefix-map=/<<PKGBUILDDIR>>=. -fstack-protector -Wformat -Werror=format-security  -fprofile-generate  -g -flto -fuse-linker-plugin -I. -IInclude -I../Include    -DPy_BUILD_CORE  -c ../Modules/datetimemodule.c -o Modules/datetimemodule.o
clang: warning: optimization flag '-fuse-linker-plugin' is not supported [-Wignored-optimization-argument]
clang: warning: optimization flag '-fuse-linker-plugin' is not supported [-Wignored-optimization-argument]
../Modules/_heapqmodule.c:600:21: warning: illegal character encoding in string literal [-Winvalid-source-encoding]
[explanation by Fran<E7>ois Pinard]\n\
                    ^~~~
../Include/Python.h:174:60: note: expanded from macro 'PyDoc_STRVAR'
#define PyDoc_STRVAR(name,str) PyDoc_VAR(name) = PyDoc_STR(str)
                                                           ^
../Include/Python.h:176:24: note: expanded from macro 'PyDoc_STR'
#define PyDoc_STR(str) str
                       ^
x86_64-linux-gnu-gcc -pthread -fno-strict-aliasing -DNDEBUG -g -fwrapv -O3 -Wall -Wstrict-prototypes -Wdate-time -D_FORTIFY_SOURCE=2 -g -fdebug-prefix-map=/<<PKGBUILDDIR>>=. -fstack-protector -Wformat -Werror=format-security  -fprofile-generate  -g -flto -fuse-linker-plugin -I. -IInclude -I../Include    -DPy_BUILD_CORE  -c ../Modules/_bisectmodule.c -o Modules/_bisectmodule.o
clang: warning: optimization flag '-fuse-linker-plugin' is not supported [-Wignored-optimization-argument]
x86_64-linux-gnu-gcc -pthread -fno-strict-aliasing -DNDEBUG -g -fwrapv -O3 -Wall -Wstrict-prototypes -Wdate-time -D_FORTIFY_SOURCE=2 -g -fdebug-prefix-map=/<<PKGBUILDDIR>>=. -fstack-protector -Wformat -Werror=format-security  -fprofile-generate  -g -flto -fuse-linker-plugin -I. -IInclude -I../Include    -DPy_BUILD_CORE  -c ../Modules/unicodedata.c -o Modules/unicodedata.o
1 warning generated.
x86_64-linux-gnu-gcc -pthread -fno-strict-aliasing -DNDEBUG -g -fwrapv -O3 -Wall -Wstrict-prototypes -Wdate-time -D_FORTIFY_SOURCE=2 -g -fdebug-prefix-map=/<<PKGBUILDDIR>>=. -fstack-protector -Wformat -Werror=format-security  -fprofile-generate  -g -flto -fuse-linker-plugin -I. -IInclude -I../Include    -DPy_BUILD_CORE  -c ../Modules/_localemodule.c -o Modules/_localemodule.o
clang: warning: optimization flag '-fuse-linker-plugin' is not supported [-Wignored-optimization-argument]
clang: warning: optimization flag '-fuse-linker-plugin' is not supported [-Wignored-optimization-argument]
x86_64-linux-gnu-gcc -pthread -fno-strict-aliasing -DNDEBUG -g -fwrapv -O3 -Wall -Wstrict-prototypes -Wdate-time -D_FORTIFY_SOURCE=2 -g -fdebug-prefix-map=/<<PKGBUILDDIR>>=. -fstack-protector -Wformat -Werror=format-security  -fprofile-generate  -g -flto -fuse-linker-plugin -I. -IInclude -I../Include    -DPy_BUILD_CORE  -I../Modules/_io -c ../Modules/_io/bufferedio.c -o Modules/bufferedio.o
x86_64-linux-gnu-gcc -pthread -fno-strict-aliasing -DNDEBUG -g -fwrapv -O3 -Wall -Wstrict-prototypes -Wdate-time -D_FORTIFY_SOURCE=2 -g -fdebug-prefix-map=/<<PKGBUILDDIR>>=. -fstack-protector -Wformat -Werror=format-security  -fprofile-generate  -g -flto -fuse-linker-plugin -I. -IInclude -I../Include    -DPy_BUILD_CORE  -I../Modules/_io -c ../Modules/_io/bytesio.c -o Modules/bytesio.o
clang: warning: optimization flag '-fuse-linker-plugin' is not supported [-Wignored-optimization-argument]
clang: warning: optimization flag '-fuse-linker-plugin' is not supported [-Wignored-optimization-argument]
x86_64-linux-gnu-gcc -pthread -fno-strict-aliasing -DNDEBUG -g -fwrapv -O3 -Wall -Wstrict-prototypes -Wdate-time -D_FORTIFY_SOURCE=2 -g -fdebug-prefix-map=/<<PKGBUILDDIR>>=. -fstack-protector -Wformat -Werror=format-security  -fprofile-generate  -g -flto -fuse-linker-plugin -I. -IInclude -I../Include    -DPy_BUILD_CORE  -I../Modules/_io -c ../Modules/_io/fileio.c -o Modules/fileio.o
clang: warning: optimization flag '-fuse-linker-plugin' is not supported [-Wignored-optimization-argument]
x86_64-linux-gnu-gcc -pthread -fno-strict-aliasing -DNDEBUG -g -fwrapv -O3 -Wall -Wstrict-prototypes -Wdate-time -D_FORTIFY_SOURCE=2 -g -fdebug-prefix-map=/<<PKGBUILDDIR>>=. -fstack-protector -Wformat -Werror=format-security  -fprofile-generate  -g -flto -fuse-linker-plugin -I. -IInclude -I../Include    -DPy_BUILD_CORE  -I../Modules/_io -c ../Modules/_io/iobase.c -o Modules/iobase.o
clang: warning: optimization flag '-fuse-linker-plugin' is not supported [-Wignored-optimization-argument]
x86_64-linux-gnu-gcc -pthread -fno-strict-aliasing -DNDEBUG -g -fwrapv -O3 -Wall -Wstrict-prototypes -Wdate-time -D_FORTIFY_SOURCE=2 -g -fdebug-prefix-map=/<<PKGBUILDDIR>>=. -fstack-protector -Wformat -Werror=format-security  -fprofile-generate  -g -flto -fuse-linker-plugin -I. -IInclude -I../Include    -DPy_BUILD_CORE  -I../Modules/_io -c ../Modules/_io/_iomodule.c -o Modules/_iomodule.o
clang: warning: optimization flag '-fuse-linker-plugin' is not supported [-Wignored-optimization-argument]
x86_64-linux-gnu-gcc -pthread -fno-strict-aliasing -DNDEBUG -g -fwrapv -O3 -Wall -Wstrict-prototypes -Wdate-time -D_FORTIFY_SOURCE=2 -g -fdebug-prefix-map=/<<PKGBUILDDIR>>=. -fstack-protector -Wformat -Werror=format-security  -fprofile-generate  -g -flto -fuse-linker-plugin -I. -IInclude -I../Include    -DPy_BUILD_CORE  -I../Modules/_io -c ../Modules/_io/stringio.c -o Modules/stringio.o
clang: warning: optimization flag '-fuse-linker-plugin' is not supported [-Wignored-optimization-argument]
x86_64-linux-gnu-gcc -pthread -fno-strict-aliasing -DNDEBUG -g -fwrapv -O3 -Wall -Wstrict-prototypes -Wdate-time -D_FORTIFY_SOURCE=2 -g -fdebug-prefix-map=/<<PKGBUILDDIR>>=. -fstack-protector -Wformat -Werror=format-security  -fprofile-generate  -g -flto -fuse-linker-plugin -I. -IInclude -I../Include    -DPy_BUILD_CORE  -I../Modules/_io -c ../Modules/_io/textio.c -o Modules/textio.o
x86_64-linux-gnu-gcc -pthread -fno-strict-aliasing -DNDEBUG -g -fwrapv -O3 -Wall -Wstrict-prototypes -Wdate-time -D_FORTIFY_SOURCE=2 -g -fdebug-prefix-map=/<<PKGBUILDDIR>>=. -fstack-protector -Wformat -Werror=format-security  -fprofile-generate  -g -flto -fuse-linker-plugin -I. -IInclude -I../Include    -DPy_BUILD_CORE  -c ../Modules/fcntlmodule.c -o Modules/fcntlmodule.o
clang: warning: optimization flag '-fuse-linker-plugin' is not supported [-Wignored-optimization-argument]
clang: warning: optimization flag '-fuse-linker-plugin' is not supported [-Wignored-optimization-argument]
x86_64-linux-gnu-gcc -pthread -fno-strict-aliasing -DNDEBUG -g -fwrapv -O3 -Wall -Wstrict-prototypes -Wdate-time -D_FORTIFY_SOURCE=2 -g -fdebug-prefix-map=/<<PKGBUILDDIR>>=. -fstack-protector -Wformat -Werror=format-security  -fprofile-generate  -g -flto -fuse-linker-plugin -I. -IInclude -I../Include    -DPy_BUILD_CORE  -c ../Modules/spwdmodule.c -o Modules/spwdmodule.o
clang: warning: optimization flag '-fuse-linker-plugin' is not supported [-Wignored-optimization-argument]
x86_64-linux-gnu-gcc -pthread -fno-strict-aliasing -DNDEBUG -g -fwrapv -O3 -Wall -Wstrict-prototypes -Wdate-time -D_FORTIFY_SOURCE=2 -g -fdebug-prefix-map=/<<PKGBUILDDIR>>=. -fstack-protector -Wformat -Werror=format-security  -fprofile-generate  -g -flto -fuse-linker-plugin -I. -IInclude -I../Include    -DPy_BUILD_CORE  -c ../Modules/grpmodule.c -o Modules/grpmodule.o
clang: warning: optimization flag '-fuse-linker-plugin' is not supported [-Wignored-optimization-argument]
x86_64-linux-gnu-gcc -pthread -fno-strict-aliasing -DNDEBUG -g -fwrapv -O3 -Wall -Wstrict-prototypes -Wdate-time -D_FORTIFY_SOURCE=2 -g -fdebug-prefix-map=/<<PKGBUILDDIR>>=. -fstack-protector -Wformat -Werror=format-security  -fprofile-generate  -g -flto -fuse-linker-plugin -I. -IInclude -I../Include    -DPy_BUILD_CORE  -c ../Modules/selectmodule.c -o Modules/selectmodule.o
clang: warning: optimization flag '-fuse-linker-plugin' is not supported [-Wignored-optimization-argument]
x86_64-linux-gnu-gcc -pthread -fno-strict-aliasing -DNDEBUG -g -fwrapv -O3 -Wall -Wstrict-prototypes -Wdate-time -D_FORTIFY_SOURCE=2 -g -fdebug-prefix-map=/<<PKGBUILDDIR>>=. -fstack-protector -Wformat -Werror=format-security  -fprofile-generate  -g -flto -fuse-linker-plugin -I. -IInclude -I../Include    -DPy_BUILD_CORE  -c ../Modules/socketmodule.c -o Modules/socketmodule.o
clang: warning: optimization flag '-fuse-linker-plugin' is not supported [-Wignored-optimization-argument]
x86_64-linux-gnu-gcc -pthread -fno-strict-aliasing -DNDEBUG -g -fwrapv -O3 -Wall -Wstrict-prototypes -Wdate-time -D_FORTIFY_SOURCE=2 -g -fdebug-prefix-map=/<<PKGBUILDDIR>>=. -fstack-protector -Wformat -Werror=format-security  -fprofile-generate  -g -flto -fuse-linker-plugin -I. -IInclude -I../Include    -DPy_BUILD_CORE  -c ../Modules/md5module.c -o Modules/md5module.o
clang: warning: optimization flag '-fuse-linker-plugin' is not supported [-Wignored-optimization-argument]
x86_64-linux-gnu-gcc -pthread -fno-strict-aliasing -DNDEBUG -g -fwrapv -O3 -Wall -Wstrict-prototypes -Wdate-time -D_FORTIFY_SOURCE=2 -g -fdebug-prefix-map=/<<PKGBUILDDIR>>=. -fstack-protector -Wformat -Werror=format-security  -fprofile-generate  -g -flto -fuse-linker-plugin -I. -IInclude -I../Include    -DPy_BUILD_CORE  -c ../Modules/md5.c -o Modules/md5.o
clang: warning: optimization flag '-fuse-linker-plugin' is not supported [-Wignored-optimization-argument]
x86_64-linux-gnu-gcc -pthread -fno-strict-aliasing -DNDEBUG -g -fwrapv -O3 -Wall -Wstrict-prototypes -Wdate-time -D_FORTIFY_SOURCE=2 -g -fdebug-prefix-map=/<<PKGBUILDDIR>>=. -fstack-protector -Wformat -Werror=format-security  -fprofile-generate  -g -flto -fuse-linker-plugin -I. -IInclude -I../Include    -DPy_BUILD_CORE  -c ../Modules/shamodule.c -o Modules/shamodule.o
clang: warning: optimization flag '-fuse-linker-plugin' is not supported [-Wignored-optimization-argument]
x86_64-linux-gnu-gcc -pthread -fno-strict-aliasing -DNDEBUG -g -fwrapv -O3 -Wall -Wstrict-prototypes -Wdate-time -D_FORTIFY_SOURCE=2 -g -fdebug-prefix-map=/<<PKGBUILDDIR>>=. -fstack-protector -Wformat -Werror=format-security  -fprofile-generate  -g -flto -fuse-linker-plugin -I. -IInclude -I../Include    -DPy_BUILD_CORE  -c ../Modules/sha256module.c -o Modules/sha256module.o
clang: warning: optimization flag '-fuse-linker-plugin' is not supported [-Wignored-optimization-argument]
x86_64-linux-gnu-gcc -pthread -fno-strict-aliasing -DNDEBUG -g -fwrapv -O3 -Wall -Wstrict-prototypes -Wdate-time -D_FORTIFY_SOURCE=2 -g -fdebug-prefix-map=/<<PKGBUILDDIR>>=. -fstack-protector -Wformat -Werror=format-security  -fprofile-generate  -g -flto -fuse-linker-plugin -I. -IInclude -I../Include    -DPy_BUILD_CORE  -c ../Modules/sha512module.c -o Modules/sha512module.o
clang: warning: optimization flag '-fuse-linker-plugin' is not supported [-Wignored-optimization-argument]
x86_64-linux-gnu-gcc -pthread -fno-strict-aliasing -DNDEBUG -g -fwrapv -O3 -Wall -Wstrict-prototypes -Wdate-time -D_FORTIFY_SOURCE=2 -g -fdebug-prefix-map=/<<PKGBUILDDIR>>=. -fstack-protector -Wformat -Werror=format-security  -fprofile-generate  -g -flto -fuse-linker-plugin -I. -IInclude -I../Include    -DPy_BUILD_CORE  -c ../Modules/syslogmodule.c -o Modules/syslogmodule.o
x86_64-linux-gnu-gcc -pthread -fno-strict-aliasing -DNDEBUG -g -fwrapv -O3 -Wall -Wstrict-prototypes -Wdate-time -D_FORTIFY_SOURCE=2 -g -fdebug-prefix-map=/<<PKGBUILDDIR>>=. -fstack-protector -Wformat -Werror=format-security  -fprofile-generate  -g -flto -fuse-linker-plugin -I. -IInclude -I../Include    -DPy_BUILD_CORE  -c ../Modules/binascii.c -o Modules/binascii.o
clangclang: warning: optimization flag '-fuse-linker-plugin' is not supported [-Wignored-optimization-argument]
: warning: optimization flag '-fuse-linker-plugin' is not supported [-Wignored-optimization-argument]
x86_64-linux-gnu-gcc -pthread -fno-strict-aliasing -DNDEBUG -g -fwrapv -O3 -Wall -Wstrict-prototypes -Wdate-time -D_FORTIFY_SOURCE=2 -g -fdebug-prefix-map=/<<PKGBUILDDIR>>=. -fstack-protector -Wformat -Werror=format-security  -fprofile-generate  -g -flto -fuse-linker-plugin -I. -IInclude -I../Include    -DPy_BUILD_CORE  -c ../Modules/cStringIO.c -o Modules/cStringIO.o
clang: warning: optimization flag '-fuse-linker-plugin' is not supported [-Wignored-optimization-argument]
x86_64-linux-gnu-gcc -pthread -fno-strict-aliasing -DNDEBUG -g -fwrapv -O3 -Wall -Wstrict-prototypes -Wdate-time -D_FORTIFY_SOURCE=2 -g -fdebug-prefix-map=/<<PKGBUILDDIR>>=. -fstack-protector -Wformat -Werror=format-security  -fprofile-generate  -g -flto -fuse-linker-plugin -I. -IInclude -I../Include    -DPy_BUILD_CORE  -c ../Modules/cPickle.c -o Modules/cPickle.o
x86_64-linux-gnu-gcc -pthread -fno-strict-aliasing -DNDEBUG -g -fwrapv -O3 -Wall -Wstrict-prototypes -Wdate-time -D_FORTIFY_SOURCE=2 -g -fdebug-prefix-map=/<<PKGBUILDDIR>>=. -fstack-protector -Wformat -Werror=format-security  -fprofile-generate  -g -flto -fuse-linker-plugin -I. -IInclude -I../Include    -DPy_BUILD_CORE  -I/usr/include -c ../Modules/zlibmodule.c -o Modules/zlibmodule.o
clang: warning: optimization flag '-fuse-linker-plugin' is not supported [-Wignored-optimization-argument]
clang: warning: optimization flag '-fuse-linker-plugin' is not supported [-Wignored-optimization-argument]
x86_64-linux-gnu-gcc -pthread -fno-strict-aliasing -DNDEBUG -g -fwrapv -O3 -Wall -Wstrict-prototypes -Wdate-time -D_FORTIFY_SOURCE=2 -g -fdebug-prefix-map=/<<PKGBUILDDIR>>=. -fstack-protector -Wformat -Werror=format-security  -fprofile-generate  -g -flto -fuse-linker-plugin -I. -IInclude -I../Include    -DPy_BUILD_CORE  -c ../Modules/posixmodule.c -o Modules/posixmodule.o
clang: warning: optimization flag '-fuse-linker-plugin' is not supported [-Wignored-optimization-argument]
x86_64-linux-gnu-gcc -pthread -fno-strict-aliasing -DNDEBUG -g -fwrapv -O3 -Wall -Wstrict-prototypes -Wdate-time -D_FORTIFY_SOURCE=2 -g -fdebug-prefix-map=/<<PKGBUILDDIR>>=. -fstack-protector -Wformat -Werror=format-security  -fprofile-generate  -g -flto -fuse-linker-plugin -I. -IInclude -I../Include    -DPy_BUILD_CORE  -c ../Modules/errnomodule.c -o Modules/errnomodule.o
clang: warning: optimization flag '-fuse-linker-plugin' is not supported [-Wignored-optimization-argument]
x86_64-linux-gnu-gcc -pthread -fno-strict-aliasing -DNDEBUG -g -fwrapv -O3 -Wall -Wstrict-prototypes -Wdate-time -D_FORTIFY_SOURCE=2 -g -fdebug-prefix-map=/<<PKGBUILDDIR>>=. -fstack-protector -Wformat -Werror=format-security  -fprofile-generate  -g -flto -fuse-linker-plugin -I. -IInclude -I../Include    -DPy_BUILD_CORE  -c ../Modules/pwdmodule.c -o Modules/pwdmodule.o
clang: warning: optimization flag '-fuse-linker-plugin' is not supported [-Wignored-optimization-argument]
x86_64-linux-gnu-gcc -pthread -fno-strict-aliasing -DNDEBUG -g -fwrapv -O3 -Wall -Wstrict-prototypes -Wdate-time -D_FORTIFY_SOURCE=2 -g -fdebug-prefix-map=/<<PKGBUILDDIR>>=. -fstack-protector -Wformat -Werror=format-security  -fprofile-generate  -g -flto -fuse-linker-plugin -I. -IInclude -I../Include    -DPy_BUILD_CORE  -c ../Modules/_sre.c -o Modules/_sre.o
clang: warning: optimization flag '-fuse-linker-plugin' is not supported [-Wignored-optimization-argument]
../Modules/posixmodule.c:363:13: warning: result of comparison of constant 9223372036854775807 with expression of type 'uid_t' (aka 'unsigned int') is always true [-Wtautological-constant-out-of-range-compare]
    if (uid <= LONG_MAX)
        ~~~ ^  ~~~~~~~~
../Modules/posixmodule.c:371:13: warning: result of comparison of constant 9223372036854775807 with expression of type 'gid_t' (aka 'unsigned int') is always true [-Wtautological-constant-out-of-range-compare]
    if (gid <= LONG_MAX)
        ~~~ ^  ~~~~~~~~
x86_64-linux-gnu-gcc -pthread -fno-strict-aliasing -DNDEBUG -g -fwrapv -O3 -Wall -Wstrict-prototypes -Wdate-time -D_FORTIFY_SOURCE=2 -g -fdebug-prefix-map=/<<PKGBUILDDIR>>=. -fstack-protector -Wformat -Werror=format-security  -fprofile-generate  -g -flto -fuse-linker-plugin -I. -IInclude -I../Include    -DPy_BUILD_CORE  -c ../Modules/_codecsmodule.c -o Modules/_codecsmodule.o
clang: warning: optimization flag '-fuse-linker-plugin' is not supported [-Wignored-optimization-argument]
x86_64-linux-gnu-gcc -pthread -fno-strict-aliasing -DNDEBUG -g -fwrapv -O3 -Wall -Wstrict-prototypes -Wdate-time -D_FORTIFY_SOURCE=2 -g -fdebug-prefix-map=/<<PKGBUILDDIR>>=. -fstack-protector -Wformat -Werror=format-security  -fprofile-generate  -g -flto -fuse-linker-plugin -I. -IInclude -I../Include    -DPy_BUILD_CORE  -c ../Modules/_weakref.c -o Modules/_weakref.o
x86_64-linux-gnu-gcc -pthread -fno-strict-aliasing -DNDEBUG -g -fwrapv -O3 -Wall -Wstrict-prototypes -Wdate-time -D_FORTIFY_SOURCE=2 -g -fdebug-prefix-map=/<<PKGBUILDDIR>>=. -fstack-protector -Wformat -Werror=format-security  -fprofile-generate  -g -flto -fuse-linker-plugin -I. -IInclude -I../Include    -DPy_BUILD_CORE  -c ../Modules/zipimport.c -o Modules/zipimport.o
clang: warning: optimization flag '-fuse-linker-plugin' is not supported [-Wignored-optimization-argument]
clang: warning: optimization flag '-fuse-linker-plugin' is not supported [-Wignored-optimization-argument]
x86_64-linux-gnu-gcc -pthread -fno-strict-aliasing -DNDEBUG -g -fwrapv -O3 -Wall -Wstrict-prototypes -Wdate-time -D_FORTIFY_SOURCE=2 -g -fdebug-prefix-map=/<<PKGBUILDDIR>>=. -fstack-protector -Wformat -Werror=format-security  -fprofile-generate  -g -flto -fuse-linker-plugin -I. -IInclude -I../Include    -DPy_BUILD_CORE  -c ../Modules/symtablemodule.c -o Modules/symtablemodule.o
clang: warning: optimization flag '-fuse-linker-plugin' is not supported [-Wignored-optimization-argument]
x86_64-linux-gnu-gcc -pthread -fno-strict-aliasing -DNDEBUG -g -fwrapv -O3 -Wall -Wstrict-prototypes -Wdate-time -D_FORTIFY_SOURCE=2 -g -fdebug-prefix-map=/<<PKGBUILDDIR>>=. -fstack-protector -Wformat -Werror=format-security  -fprofile-generate  -g -flto -fuse-linker-plugin -I. -IInclude -I../Include    -DPy_BUILD_CORE  -c ../Modules/xxsubtype.c -o Modules/xxsubtype.o
clang: warning: optimization flag '-fuse-linker-plugin' is not supported [-Wignored-optimization-argument]
/usr/bin/install -c -m 644 ../Tools/gdb/libpython.py python-gdb.py
2 warnings generated.
x86_64-linux-gnu-gcc -pthread -c -fno-strict-aliasing -DNDEBUG -g -fwrapv -O3 -Wall -Wstrict-prototypes -Wdate-time -D_FORTIFY_SOURCE=2 -g -fdebug-prefix-map=/<<PKGBUILDDIR>>=. -fstack-protector -Wformat -Werror=format-security  -fprofile-generate  -g -flto -fuse-linker-plugin -I. -IInclude -I../Include    -DPy_BUILD_CORE \
      -DGITVERSION="\"`LC_ALL=C `\"" \
      -DGITTAG="\"`LC_ALL=C `\"" \
      -DGITBRANCH="\"`LC_ALL=C `\"" \
      -DDATE='"May  1 2018"' \
      -DTIME='"05:55:50"' \
      -o Modules/getbuildinfo.o ../Modules/getbuildinfo.c
clang: warning: optimization flag '-fuse-linker-plugin' is not supported [-Wignored-optimization-argument]
rm -f libpython2.7.a
x86_64-linux-gnu-gcc-ar rc libpython2.7.a Modules/getbuildinfo.o
x86_64-linux-gnu-gcc-ar rc libpython2.7.a Parser/acceler.o Parser/grammar1.o Parser/listnode.o Parser/node.o Parser/parser.o Parser/parsetok.o Parser/bitset.o Parser/metagrammar.o Parser/firstsets.o Parser/grammar.o Parser/pgen.o Parser/myreadline.o Parser/tokenizer.o
x86_64-linux-gnu-gcc-ar rc libpython2.7.a Objects/abstract.o Objects/boolobject.o Objects/bufferobject.o Objects/bytes_methods.o Objects/bytearrayobject.o Objects/capsule.o Objects/cellobject.o Objects/classobject.o Objects/cobject.o Objects/codeobject.o Objects/complexobject.o Objects/descrobject.o Objects/enumobject.o Objects/exceptions.o Objects/genobject.o Objects/fileobject.o Objects/floatobject.o Objects/frameobject.o Objects/funcobject.o Objects/intobject.o Objects/iterobject.o Objects/listobject.o Objects/longobject.o Objects/dictobject.o Objects/memoryobject.o Objects/methodobject.o Objects/moduleobject.o Objects/object.o Objects/obmalloc.o Objects/rangeobject.o Objects/setobject.o Objects/sliceobject.o Objects/stringobject.o Objects/structseq.o Objects/tupleobject.o Objects/typeobject.o Objects/weakrefobject.o Objects/unicodeobject.o Objects/unicodectype.o
x86_64-linux-gnu-gcc-ar rc libpython2.7.a Python/_warnings.o Python/Python-ast.o Python/asdl.o Python/ast.o Python/bltinmodule.o Python/ceval.o Python/compile.o Python/codecs.o Python/errors.o Python/frozen.o Python/frozenmain.o Python/future.o Python/getargs.o Python/getcompiler.o Python/getcopyright.o Python/getplatform.o Python/getversion.o Python/graminit.o Python/import.o Python/importdl.o Python/marshal.o Python/modsupport.o Python/mystrtoul.o Python/mysnprintf.o Python/peephole.o Python/pyarena.o Python/pyctype.o Python/pyfpe.o Python/pymath.o Python/pystate.o Python/pythonrun.o Python/random.o Python/structmember.o Python/symtable.o Python/sysmodule.o Python/traceback.o Python/getopt.o Python/pystrcmp.o Python/pystrtod.o Python/dtoa.o Python/formatter_unicode.o Python/formatter_string.o Python/dynload_shlib.o   Python/thread.o
x86_64-linux-gnu-gcc-ar rc libpython2.7.a Modules/config.o Modules/getpath.o Modules/main.o Modules/gcmodule.o 
x86_64-linux-gnu-gcc-ar rc libpython2.7.a Modules/_bisectmodule.o Modules/_codecsmodule.o Modules/_collectionsmodule.o Modules/_functoolsmodule.o Modules/_heapqmodule.o Modules/_iomodule.o Modules/_localemodule.o Modules/_math.o Modules/_randommodule.o Modules/_sre.o Modules/_struct.o Modules/_weakref.o Modules/arraymodule.o Modules/binascii.o Modules/bufferedio.o Modules/bytesio.o Modules/cPickle.o Modules/cStringIO.o Modules/cmathmodule.o Modules/datetimemodule.o Modules/errnomodule.o Modules/fcntlmodule.o Modules/fileio.o Modules/grpmodule.o Modules/iobase.o Modules/itertoolsmodule.o Modules/mathmodule.o Modules/md5.o Modules/md5module.o Modules/operator.o Modules/posixmodule.o Modules/pwdmodule.o Modules/selectmodule.o Modules/sha256module.o Modules/sha512module.o Modules/shamodule.o Modules/signalmodule.o Modules/socketmodule.o Modules/spwdmodule.o Modules/stringio.o Modules/stropmodule.o Modules/symtablemodule.o Modules/syslogmodule.o Modules/textio.o Modules/threadmodule.o Modules/timemodule.o Modules/unicodedata.o Modules/xxsubtype.o Modules/zipimport.o Modules/zlibmodule.o
x86_64-linux-gnu-gcc-ranlib libpython2.7.a
x86_64-linux-gnu-gcc -pthread -Wl,-z,relro -fprofile-generate  -fno-strict-aliasing -DNDEBUG -g -fwrapv -O3 -Wall -Wstrict-prototypes -Wdate-time -D_FORTIFY_SOURCE=2 -g -fdebug-prefix-map=/<<PKGBUILDDIR>>=. -fstack-protector -Wformat -Werror=format-security  -fprofile-generate  -g -flto -fuse-linker-plugin -Xlinker -export-dynamic -Wl,-O1 -Wl,-Bsymbolic-functions -o python \
		Modules/python.o \
		-Wl,--whole-archive libpython2.7.a -Wl,--no-whole-archive -lpthread -ldl  -lutil -L/usr/lib -lz           -lm  
/usr/bin/x86_64-linux-gnu-ld: /usr/lib/llvm-6.0/bin/../lib/LLVMgold.so: error loading plugin: /usr/lib/llvm-6.0/bin/../lib/LLVMgold.so: cannot open shared object file: No such file or directory
clang: error: linker command failed with exit code 1 (use -v to see invocation)
make[3]: *** [Makefile:518: python] Error 1
make[3]: Leaving directory '/<<PKGBUILDDIR>>/build-static'
make[2]: *** [Makefile:464: build_all_generate_profile] Error 2
make[2]: Leaving directory '/<<PKGBUILDDIR>>/build-static'
make[1]: *** [Makefile:449: profile-opt] Error 2
make[1]: Leaving directory '/<<PKGBUILDDIR>>/build-static'
make: *** [debian/rules:274: stamps/stamp-build-static] Error 2
dpkg-buildpackage: error: debian/rules build-arch subprocess returned exit status 2
--------------------------------------------------------------------------------
Build finished at 2018-05-02T12:06:12Z

Finished
--------


+------------------------------------------------------------------------------+
| Cleanup                                                                      |
+------------------------------------------------------------------------------+

Purging /<<BUILDDIR>>
Not cleaning session: cloned chroot in use
E: Build failure (dpkg-buildpackage died)

+------------------------------------------------------------------------------+
| Summary                                                                      |
+------------------------------------------------------------------------------+

Build Architecture: amd64
Build Type: any
Build-Space: 117580
Build-Time: 40
Distribution: unstable
Fail-Stage: build
Host Architecture: amd64
Install-Time: 18
Job: python2.7_2.7.15-1
Machine Architecture: amd64
Package: python2.7
Package-Time: 73
Source-Version: 2.7.15-1
Space: 117580
Status: attempted
Version: 2.7.15-1
--------------------------------------------------------------------------------
Finished at 2018-05-02T12:06:12Z
Build needed 00:01:13, 117580k disk space
E: Build failure (dpkg-buildpackage died)
DC-Status: Failed 73.778954089s
DC-Time-Estimation: 73.778954089 versus expected 1 (r/m: 72.778954089 ; m: 1.0)
