DC-Build-Header: python-cffi 1.11.5-1 / 2018-05-02 12:06:51 +0000
DC-Task: type:rebuild-binarch-only source:python-cffi version:1.11.5-1 chroot:unstable esttime:2831 logfile:/tmp/python-cffi_1.11.5-1_unstable_clang60.log modes:clang60:binarch-only
DC-Sbuild-call: su user42 -c 'sbuild -n --arch-any --apt-update -d unstable -v  --chroot-setup-commands=/tmp/clang60 python-cffi_1.11.5-1'
sbuild (Debian sbuild) 0.73.0 (23 Dec 2016) on ip-172-31-11-124.eu-central-1.compute.internal

+==============================================================================+
| python-cffi 1.11.5-1 (amd64)                 Wed, 02 May 2018 12:06:51 +0000 |
+==============================================================================+

Package: python-cffi
Version: 1.11.5-1
Source Version: 1.11.5-1
Distribution: unstable
Machine Architecture: amd64
Host Architecture: amd64
Build Architecture: amd64
Build Type: any

I: NOTICE: Log filtering will replace 'var/run/schroot/mount/unstable-amd64-sbuild-98bae88e-f5ed-4ee4-b79f-57e15330091d' with '<<CHROOT>>'

+------------------------------------------------------------------------------+
| Chroot Setup Commands                                                        |
+------------------------------------------------------------------------------+


/tmp/clang60
------------

+ echo 'Entering customization script...'
Entering customization script...
+ CLANG_VERSION=6.0
+ echo 'Install of clang-6.0'
Install of clang-6.0
+ apt-get update
Get:1 http://127.0.0.1:9999/debian unstable InRelease [242 kB]
Get:2 http://127.0.0.1:9999/debian unstable/main Sources.diff/Index [27.9 kB]
Get:3 http://127.0.0.1:9999/debian unstable/main amd64 Packages.diff/Index [27.9 kB]
Get:4 http://127.0.0.1:9999/debian unstable/main Sources 2018-05-02-0830.09.pdiff [16.2 kB]
Get:4 http://127.0.0.1:9999/debian unstable/main Sources 2018-05-02-0830.09.pdiff [16.2 kB]
Get:5 http://127.0.0.1:9999/debian unstable/main amd64 Packages 2018-05-02-0830.09.pdiff [1781 B]
Get:5 http://127.0.0.1:9999/debian unstable/main amd64 Packages 2018-05-02-0830.09.pdiff [1781 B]
Get:6 http://127.0.0.1:9999/debian unstable/main Translation-en [6016 kB]
Fetched 6332 kB in 2s (3317 kB/s)
Reading package lists...
+ apt-get install --yes --no-install-recommends --force-yes clang-6.0
Reading package lists...
Building dependency tree...
Reading state information...
The following additional packages will be installed:
  lib32gcc1 lib32stdc++6 libbsd0 libc6-i386 libclang-common-6.0-dev
  libclang1-6.0 libedit2 libjsoncpp1 libllvm6.0 libncurses5 libobjc-7-dev
  libobjc4
Suggested packages:
  gnustep gnustep-devel clang-6.0-doc
Recommended packages:
  llvm-6.0-dev python libomp-dev libgpm2
The following NEW packages will be installed:
  clang-6.0 lib32gcc1 lib32stdc++6 libbsd0 libc6-i386 libclang-common-6.0-dev
  libclang1-6.0 libedit2 libjsoncpp1 libllvm6.0 libncurses5 libobjc-7-dev
  libobjc4
0 upgraded, 13 newly installed, 0 to remove and 0 not upgraded.
Need to get 37.7 MB of archives.
After this operation, 187 MB of additional disk space will be used.
Get:1 http://127.0.0.1:9999/debian unstable/main amd64 libjsoncpp1 amd64 1.7.4-3 [75.6 kB]
Get:2 http://127.0.0.1:9999/debian unstable/main amd64 libbsd0 amd64 0.8.7-1 [92.1 kB]
Get:3 http://127.0.0.1:9999/debian unstable/main amd64 libncurses5 amd64 6.1+20180210-2 [95.7 kB]
Get:4 http://127.0.0.1:9999/debian unstable/main amd64 libedit2 amd64 3.1-20170329-1 [85.2 kB]
Get:5 http://127.0.0.1:9999/debian unstable/main amd64 libllvm6.0 amd64 1:6.0-3 [14.5 MB]
Get:6 http://127.0.0.1:9999/debian unstable/main amd64 libobjc4 amd64 8-20180425-1 [52.4 kB]
Get:7 http://127.0.0.1:9999/debian unstable/main amd64 libobjc-7-dev amd64 7.3.0-17 [204 kB]
Get:8 http://127.0.0.1:9999/debian unstable/main amd64 libc6-i386 amd64 2.27-3 [2855 kB]
Get:9 http://127.0.0.1:9999/debian unstable/main amd64 lib32gcc1 amd64 1:8-20180425-1 [47.8 kB]
Get:10 http://127.0.0.1:9999/debian unstable/main amd64 lib32stdc++6 amd64 8-20180425-1 [406 kB]
Get:11 http://127.0.0.1:9999/debian unstable/main amd64 libclang-common-6.0-dev amd64 1:6.0-3 [3102 kB]
Get:12 http://127.0.0.1:9999/debian unstable/main amd64 libclang1-6.0 amd64 1:6.0-3 [6995 kB]
Get:13 http://127.0.0.1:9999/debian unstable/main amd64 clang-6.0 amd64 1:6.0-3 [9175 kB]
debconf: delaying package configuration, since apt-utils is not installed
Fetched 37.7 MB in 0s (96.4 MB/s)
Selecting previously unselected package libjsoncpp1:amd64.
(Reading database ... (Reading database ... 5%(Reading database ... 10%(Reading database ... 15%(Reading database ... 20%(Reading database ... 25%(Reading database ... 30%(Reading database ... 35%(Reading database ... 40%(Reading database ... 45%(Reading database ... 50%(Reading database ... 55%(Reading database ... 60%(Reading database ... 65%(Reading database ... 70%(Reading database ... 75%(Reading database ... 80%(Reading database ... 85%(Reading database ... 90%(Reading database ... 95%(Reading database ... 100%(Reading database ... 10022 files and directories currently installed.)
Preparing to unpack .../00-libjsoncpp1_1.7.4-3_amd64.deb ...
Unpacking libjsoncpp1:amd64 (1.7.4-3) ...
Selecting previously unselected package libbsd0:amd64.
Preparing to unpack .../01-libbsd0_0.8.7-1_amd64.deb ...
Unpacking libbsd0:amd64 (0.8.7-1) ...
Selecting previously unselected package libncurses5:amd64.
Preparing to unpack .../02-libncurses5_6.1+20180210-2_amd64.deb ...
Unpacking libncurses5:amd64 (6.1+20180210-2) ...
Selecting previously unselected package libedit2:amd64.
Preparing to unpack .../03-libedit2_3.1-20170329-1_amd64.deb ...
Unpacking libedit2:amd64 (3.1-20170329-1) ...
Selecting previously unselected package libllvm6.0:amd64.
Preparing to unpack .../04-libllvm6.0_1%3a6.0-3_amd64.deb ...
Unpacking libllvm6.0:amd64 (1:6.0-3) ...
Selecting previously unselected package libobjc4:amd64.
Preparing to unpack .../05-libobjc4_8-20180425-1_amd64.deb ...
Unpacking libobjc4:amd64 (8-20180425-1) ...
Selecting previously unselected package libobjc-7-dev:amd64.
Preparing to unpack .../06-libobjc-7-dev_7.3.0-17_amd64.deb ...
Unpacking libobjc-7-dev:amd64 (7.3.0-17) ...
Selecting previously unselected package libc6-i386.
Preparing to unpack .../07-libc6-i386_2.27-3_amd64.deb ...
Unpacking libc6-i386 (2.27-3) ...
Selecting previously unselected package lib32gcc1.
Preparing to unpack .../08-lib32gcc1_1%3a8-20180425-1_amd64.deb ...
Unpacking lib32gcc1 (1:8-20180425-1) ...
Selecting previously unselected package lib32stdc++6.
Preparing to unpack .../09-lib32stdc++6_8-20180425-1_amd64.deb ...
Unpacking lib32stdc++6 (8-20180425-1) ...
Selecting previously unselected package libclang-common-6.0-dev.
Preparing to unpack .../10-libclang-common-6.0-dev_1%3a6.0-3_amd64.deb ...
Unpacking libclang-common-6.0-dev (1:6.0-3) ...
Selecting previously unselected package libclang1-6.0:amd64.
Preparing to unpack .../11-libclang1-6.0_1%3a6.0-3_amd64.deb ...
Unpacking libclang1-6.0:amd64 (1:6.0-3) ...
Selecting previously unselected package clang-6.0.
Preparing to unpack .../12-clang-6.0_1%3a6.0-3_amd64.deb ...
Unpacking clang-6.0 (1:6.0-3) ...
Setting up libncurses5:amd64 (6.1+20180210-2) ...
Setting up libobjc4:amd64 (8-20180425-1) ...
Setting up libc6-i386 (2.27-3) ...
Setting up libbsd0:amd64 (0.8.7-1) ...
Setting up libobjc-7-dev:amd64 (7.3.0-17) ...
Processing triggers for libc-bin (2.27-3) ...
Setting up lib32gcc1 (1:8-20180425-1) ...
Setting up libjsoncpp1:amd64 (1.7.4-3) ...
Setting up libedit2:amd64 (3.1-20170329-1) ...
Setting up libllvm6.0:amd64 (1:6.0-3) ...
Setting up libclang1-6.0:amd64 (1:6.0-3) ...
Setting up lib32stdc++6 (8-20180425-1) ...
Setting up libclang-common-6.0-dev (1:6.0-3) ...
Setting up clang-6.0 (1:6.0-3) ...
Processing triggers for libc-bin (2.27-3) ...
W: --force-yes is deprecated, use one of the options starting with --allow instead.
+ echo 'Replace gcc, g++ & cpp by clang'
Replace gcc, g++ & cpp by clang
+ VERSIONS='4.6 4.7 4.8 4.9 5 6 7 8'
+ cd /usr/bin
+ for VERSION in $VERSIONS
+ rm -f g++-4.6 gcc-4.6 cpp-4.6 gcc
+ ln -s clang++-6.0 g++-4.6
+ ln -s clang-6.0 gcc-4.6
+ ln -s clang-6.0 cpp-4.6
+ ln -s clang-6.0 gcc
+ echo 'gcc-4.6 hold'
+ dpkg --set-selections
dpkg: warning: package not in status nor available database at line 1: gcc-4.6
dpkg: warning: found unknown packages; this might mean the available database
is outdated, and needs to be updated through a frontend method;
please see the FAQ <https://wiki.debian.org/Teams/Dpkg/FAQ>
+ echo 'g++-4.6 hold'
+ dpkg --set-selections
dpkg: warning: package not in status nor available database at line 1: g++-4.6
dpkg: warning: found unknown packages; this might mean the available database
is outdated, and needs to be updated through a frontend method;
please see the FAQ <https://wiki.debian.org/Teams/Dpkg/FAQ>
+ for VERSION in $VERSIONS
+ rm -f g++-4.7 gcc-4.7 cpp-4.7 gcc
+ ln -s clang++-6.0 g++-4.7
+ ln -s clang-6.0 gcc-4.7
+ ln -s clang-6.0 cpp-4.7
+ ln -s clang-6.0 gcc
+ echo 'gcc-4.7 hold'
+ dpkg --set-selections
dpkg: warning: package not in status nor available database at line 1: gcc-4.7
dpkg: warning: found unknown packages; this might mean the available database
is outdated, and needs to be updated through a frontend method;
please see the FAQ <https://wiki.debian.org/Teams/Dpkg/FAQ>
+ echo 'g++-4.7 hold'
+ dpkg --set-selections
dpkg: warning: package not in status nor available database at line 1: g++-4.7
dpkg: warning: found unknown packages; this might mean the available database
is outdated, and needs to be updated through a frontend method;
please see the FAQ <https://wiki.debian.org/Teams/Dpkg/FAQ>
+ for VERSION in $VERSIONS
+ rm -f g++-4.8 gcc-4.8 cpp-4.8 gcc
+ ln -s clang++-6.0 g++-4.8
+ ln -s clang-6.0 gcc-4.8
+ ln -s clang-6.0 cpp-4.8
+ ln -s clang-6.0 gcc
+ echo 'gcc-4.8 hold'
+ dpkg --set-selections
dpkg: warning: package not in status nor available database at line 1: gcc-4.8
dpkg: warning: found unknown packages; this might mean the available database
is outdated, and needs to be updated through a frontend method;
please see the FAQ <https://wiki.debian.org/Teams/Dpkg/FAQ>
+ echo 'g++-4.8 hold'
+ dpkg --set-selections
dpkg: warning: package not in status nor available database at line 1: g++-4.8
dpkg: warning: found unknown packages; this might mean the available database
is outdated, and needs to be updated through a frontend method;
please see the FAQ <https://wiki.debian.org/Teams/Dpkg/FAQ>
+ for VERSION in $VERSIONS
+ rm -f g++-4.9 gcc-4.9 cpp-4.9 gcc
+ ln -s clang++-6.0 g++-4.9
+ ln -s clang-6.0 gcc-4.9
+ ln -s clang-6.0 cpp-4.9
+ ln -s clang-6.0 gcc
+ echo 'gcc-4.9 hold'
+ dpkg --set-selections
dpkg: warning: package not in status nor available database at line 1: gcc-4.9
dpkg: warning: found unknown packages; this might mean the available database
is outdated, and needs to be updated through a frontend method;
please see the FAQ <https://wiki.debian.org/Teams/Dpkg/FAQ>
+ echo 'g++-4.9 hold'
+ dpkg --set-selections
dpkg: warning: package not in status nor available database at line 1: g++-4.9
dpkg: warning: found unknown packages; this might mean the available database
is outdated, and needs to be updated through a frontend method;
please see the FAQ <https://wiki.debian.org/Teams/Dpkg/FAQ>
+ for VERSION in $VERSIONS
+ rm -f g++-5 gcc-5 cpp-5 gcc
+ ln -s clang++-6.0 g++-5
+ ln -s clang-6.0 gcc-5
+ ln -s clang-6.0 cpp-5
+ ln -s clang-6.0 gcc
+ echo 'gcc-5 hold'
+ dpkg --set-selections
+ echo 'g++-5 hold'
+ dpkg --set-selections
+ for VERSION in $VERSIONS
+ rm -f g++-6 gcc-6 cpp-6 gcc
+ ln -s clang++-6.0 g++-6
+ ln -s clang-6.0 gcc-6
+ ln -s clang-6.0 cpp-6
+ ln -s clang-6.0 gcc
+ echo 'gcc-6 hold'
+ dpkg --set-selections
dpkg: warning: package not in status nor available database at line 1: gcc-6
dpkg: warning: found unknown packages; this might mean the available database
is outdated, and needs to be updated through a frontend method;
please see the FAQ <https://wiki.debian.org/Teams/Dpkg/FAQ>
+ echo 'g++-6 hold'
+ dpkg --set-selections
dpkg: warning: package not in status nor available database at line 1: g++-6
dpkg: warning: found unknown packages; this might mean the available database
is outdated, and needs to be updated through a frontend method;
please see the FAQ <https://wiki.debian.org/Teams/Dpkg/FAQ>
+ for VERSION in $VERSIONS
+ rm -f g++-7 gcc-7 cpp-7 gcc
+ ln -s clang++-6.0 g++-7
+ ln -s clang-6.0 gcc-7
+ ln -s clang-6.0 cpp-7
+ ln -s clang-6.0 gcc
+ echo 'gcc-7 hold'
+ dpkg --set-selections
+ echo 'g++-7 hold'
+ dpkg --set-selections
+ for VERSION in $VERSIONS
+ rm -f g++-8 gcc-8 cpp-8 gcc
+ ln -s clang++-6.0 g++-8
+ ln -s clang-6.0 gcc-8
+ ln -s clang-6.0 cpp-8
+ ln -s clang-6.0 gcc
+ echo 'gcc-8 hold'
+ dpkg --set-selections
dpkg: warning: package not in status nor available database at line 1: gcc-8
dpkg: warning: found unknown packages; this might mean the available database
is outdated, and needs to be updated through a frontend method;
please see the FAQ <https://wiki.debian.org/Teams/Dpkg/FAQ>
+ echo 'g++-8 hold'
+ dpkg --set-selections
dpkg: warning: package not in status nor available database at line 1: g++-8
dpkg: warning: found unknown packages; this might mean the available database
is outdated, and needs to be updated through a frontend method;
please see the FAQ <https://wiki.debian.org/Teams/Dpkg/FAQ>
+ cd -
/build/python-cffi-mfq3Oi
+ echo 'Check if gcc, g++ & cpp are actually clang'
Check if gcc, g++ & cpp are actually clang
+ gcc --version
+ grep clang
+ cpp --version
+ grep clang
+ g++ --version
+ grep clang

I: Finished running '/tmp/clang60'.

Finished processing commands.
--------------------------------------------------------------------------------

+------------------------------------------------------------------------------+
| Update chroot                                                                |
+------------------------------------------------------------------------------+

Hit:1 http://127.0.0.1:9999/debian unstable InRelease
Reading package lists...
Reading package lists...
Building dependency tree...
Reading state information...
Calculating upgrade...
0 upgraded, 0 newly installed, 0 to remove and 0 not upgraded.

+------------------------------------------------------------------------------+
| Fetch source files                                                           |
+------------------------------------------------------------------------------+


Check APT
---------

Checking available source versions...

Download source files with APT
------------------------------

Reading package lists...
NOTICE: 'python-cffi' packaging is maintained in the 'Git' version control system at:
https://salsa.debian.org/python-team/modules/python-cffi.git
Please use:
git clone https://salsa.debian.org/python-team/modules/python-cffi.git
to retrieve the latest (possibly unreleased) updates to the package.
Need to get 447 kB of source archives.
Get:1 http://127.0.0.1:9999/debian unstable/main python-cffi 1.11.5-1 (dsc) [2566 B]
Get:2 http://127.0.0.1:9999/debian unstable/main python-cffi 1.11.5-1 (tar) [438 kB]
Get:3 http://127.0.0.1:9999/debian unstable/main python-cffi 1.11.5-1 (diff) [5692 B]
Fetched 447 kB in 0s (4465 kB/s)
Download complete and in download only mode
I: NOTICE: Log filtering will replace 'build/python-cffi-mfq3Oi/python-cffi-1.11.5' with '<<PKGBUILDDIR>>'
I: NOTICE: Log filtering will replace 'build/python-cffi-mfq3Oi' with '<<BUILDDIR>>'

+------------------------------------------------------------------------------+
| Install build-essential                                                      |
+------------------------------------------------------------------------------+


Setup apt archive
-----------------

Merged Build-Depends: build-essential, fakeroot
Filtered Build-Depends: build-essential, fakeroot
dpkg-deb: building package 'sbuild-build-depends-core-dummy' in '/<<BUILDDIR>>/resolver-cGV1yY/apt_archive/sbuild-build-depends-core-dummy.deb'.
dpkg-scanpackages: warning: Packages in archive but missing from override file:
dpkg-scanpackages: warning:   sbuild-build-depends-core-dummy
dpkg-scanpackages: info: Wrote 1 entries to output Packages file.
Ign:1 copy:/<<BUILDDIR>>/resolver-cGV1yY/apt_archive ./ InRelease
Get:2 copy:/<<BUILDDIR>>/resolver-cGV1yY/apt_archive ./ Release [957 B]
Ign:3 copy:/<<BUILDDIR>>/resolver-cGV1yY/apt_archive ./ Release.gpg
Get:4 copy:/<<BUILDDIR>>/resolver-cGV1yY/apt_archive ./ Sources [349 B]
Get:5 copy:/<<BUILDDIR>>/resolver-cGV1yY/apt_archive ./ Packages [432 B]
Fetched 1738 B in 0s (0 B/s)
Reading package lists...
Reading package lists...

Install core build dependencies (apt-based resolver)
----------------------------------------------------

Installing build dependencies
Reading package lists...
Building dependency tree...
Reading state information...
The following NEW packages will be installed:
  sbuild-build-depends-core-dummy
0 upgraded, 1 newly installed, 0 to remove and 0 not upgraded.
Need to get 852 B of archives.
After this operation, 0 B of additional disk space will be used.
Get:1 copy:/<<BUILDDIR>>/resolver-cGV1yY/apt_archive ./ sbuild-build-depends-core-dummy 0.invalid.0 [852 B]
debconf: delaying package configuration, since apt-utils is not installed
Fetched 852 B in 0s (0 B/s)
Selecting previously unselected package sbuild-build-depends-core-dummy.
(Reading database ... 10771 files and directories currently installed.)
Preparing to unpack .../sbuild-build-depends-core-dummy_0.invalid.0_amd64.deb ...
Unpacking sbuild-build-depends-core-dummy (0.invalid.0) ...
Setting up sbuild-build-depends-core-dummy (0.invalid.0) ...

+------------------------------------------------------------------------------+
| Check architectures                                                          |
+------------------------------------------------------------------------------+

Arch check ok (amd64 included in any all)

+------------------------------------------------------------------------------+
| Install package build dependencies                                           |
+------------------------------------------------------------------------------+


Setup apt archive
-----------------

Merged Build-Depends: debhelper (>= 11), dh-python (>= 1.20150628), libffi-dev, python-all-dbg, python-all-dev (>= 2.6.6-3~), python-py, python-pycparser, python-pytest, python-setuptools, python3-all-dbg, python3-all-dev (>= 3.1.2-6~), python3-py, python3-pycparser, python3-pytest, python3-setuptools, virtualenv | python-virtualenv (<< 1.11.6)
Filtered Build-Depends: debhelper (>= 11), dh-python (>= 1.20150628), libffi-dev, python-all-dbg, python-all-dev (>= 2.6.6-3~), python-py, python-pycparser, python-pytest, python-setuptools, python3-all-dbg, python3-all-dev (>= 3.1.2-6~), python3-py, python3-pycparser, python3-pytest, python3-setuptools, virtualenv
dpkg-deb: building package 'sbuild-build-depends-python-cffi-dummy' in '/<<BUILDDIR>>/resolver-cGV1yY/apt_archive/sbuild-build-depends-python-cffi-dummy.deb'.
dpkg-scanpackages: warning: Packages in archive but missing from override file:
dpkg-scanpackages: warning:   sbuild-build-depends-core-dummy sbuild-build-depends-python-cffi-dummy
dpkg-scanpackages: info: Wrote 2 entries to output Packages file.
Ign:1 copy:/<<BUILDDIR>>/resolver-cGV1yY/apt_archive ./ InRelease
Get:2 copy:/<<BUILDDIR>>/resolver-cGV1yY/apt_archive ./ Release [963 B]
Ign:3 copy:/<<BUILDDIR>>/resolver-cGV1yY/apt_archive ./ Release.gpg
Get:4 copy:/<<BUILDDIR>>/resolver-cGV1yY/apt_archive ./ Sources [605 B]
Get:5 copy:/<<BUILDDIR>>/resolver-cGV1yY/apt_archive ./ Packages [674 B]
Fetched 2242 B in 0s (0 B/s)
Reading package lists...
Reading package lists...

Install python-cffi build dependencies (apt-based resolver)
-----------------------------------------------------------

Installing build dependencies
Reading package lists...
Building dependency tree...
Reading state information...
The following additional packages will be installed:
  autoconf automake autopoint autotools-dev bsdmainutils ca-certificates
  debhelper dh-autoreconf dh-python dh-strip-nondeterminism file gettext
  gettext-base groff-base intltool-debian libarchive-zip-perl libcroco3
  libexpat1 libexpat1-dev libffi-dev libfile-stripnondeterminism-perl
  libglib2.0-0 libicu57 libmagic-mgc libmagic1 libmpdec2 libncursesw6
  libpipeline1 libpython-all-dbg libpython-all-dev libpython-dbg libpython-dev
  libpython-stdlib libpython2.7 libpython2.7-dbg libpython2.7-dev
  libpython2.7-minimal libpython2.7-stdlib libpython3-all-dbg
  libpython3-all-dev libpython3-dbg libpython3-dev libpython3-stdlib
  libpython3.6 libpython3.6-dbg libpython3.6-dev libpython3.6-minimal
  libpython3.6-stdlib libreadline7 libsigsegv2 libsqlite3-0 libssl1.1
  libtimedate-perl libtool libxml2 m4 man-db mime-support openssl po-debconf
  python python-all python-all-dbg python-all-dev python-attr python-dbg
  python-dev python-funcsigs python-minimal python-pip-whl
  python-pkg-resources python-pluggy python-ply python-py python-pycparser
  python-pytest python-setuptools python-six python2.7 python2.7-dbg
  python2.7-dev python2.7-minimal python3 python3-all python3-all-dbg
  python3-all-dev python3-attr python3-dbg python3-dev python3-distutils
  python3-lib2to3 python3-minimal python3-pkg-resources python3-pluggy
  python3-ply python3-py python3-pycparser python3-pytest python3-setuptools
  python3-six python3-virtualenv python3.6 python3.6-dbg python3.6-dev
  python3.6-minimal readline-common virtualenv
Suggested packages:
  autoconf-archive gnu-standards autoconf-doc wamerican | wordlist whois
  vacation dh-make dwz gettext-doc libasprintf-dev libgettextpo-dev groff
  python2.7-gdbm-dbg python2.7-tk-dbg libtool-doc gfortran
  | fortran95-compiler gcj-jdk m4-doc apparmor less www-browser
  libmail-box-perl python-doc python-tk python-attr-doc python-funcsigs-doc
  python-ply-doc subversion python-pytest-xdist python-mock
  python-setuptools-doc python2.7-doc python-gdbm-dbg python-tk-dbg
  binfmt-support python3-doc python3-tk python3-venv python3.6-venv
  python3.6-doc python3-gdbm-dbg python3-tk-dbg readline-doc
Recommended packages:
  curl | wget | lynx libarchive-cpio-perl libglib2.0-data shared-mime-info
  xdg-user-dirs libgpm2 libltdl-dev libmail-sendmail-perl gdb
The following NEW packages will be installed:
  autoconf automake autopoint autotools-dev bsdmainutils ca-certificates
  debhelper dh-autoreconf dh-python dh-strip-nondeterminism file gettext
  gettext-base groff-base intltool-debian libarchive-zip-perl libcroco3
  libexpat1 libexpat1-dev libffi-dev libfile-stripnondeterminism-perl
  libglib2.0-0 libicu57 libmagic-mgc libmagic1 libmpdec2 libncursesw6
  libpipeline1 libpython-all-dbg libpython-all-dev libpython-dbg libpython-dev
  libpython-stdlib libpython2.7 libpython2.7-dbg libpython2.7-dev
  libpython2.7-minimal libpython2.7-stdlib libpython3-all-dbg
  libpython3-all-dev libpython3-dbg libpython3-dev libpython3-stdlib
  libpython3.6 libpython3.6-dbg libpython3.6-dev libpython3.6-minimal
  libpython3.6-stdlib libreadline7 libsigsegv2 libsqlite3-0 libssl1.1
  libtimedate-perl libtool libxml2 m4 man-db mime-support openssl po-debconf
  python python-all python-all-dbg python-all-dev python-attr python-dbg
  python-dev python-funcsigs python-minimal python-pip-whl
  python-pkg-resources python-pluggy python-ply python-py python-pycparser
  python-pytest python-setuptools python-six python2.7 python2.7-dbg
  python2.7-dev python2.7-minimal python3 python3-all python3-all-dbg
  python3-all-dev python3-attr python3-dbg python3-dev python3-distutils
  python3-lib2to3 python3-minimal python3-pkg-resources python3-pluggy
  python3-ply python3-py python3-pycparser python3-pytest python3-setuptools
  python3-six python3-virtualenv python3.6 python3.6-dbg python3.6-dev
  python3.6-minimal readline-common sbuild-build-depends-python-cffi-dummy
  virtualenv
0 upgraded, 108 newly installed, 0 to remove and 0 not upgraded.
Need to get 141 MB of archives.
After this operation, 352 MB of additional disk space will be used.
Get:1 copy:/<<BUILDDIR>>/resolver-cGV1yY/apt_archive ./ sbuild-build-depends-python-cffi-dummy 0.invalid.0 [964 B]
Get:2 http://127.0.0.1:9999/debian unstable/main amd64 bsdmainutils amd64 11.1.2 [190 kB]
Get:3 http://127.0.0.1:9999/debian unstable/main amd64 groff-base amd64 1.22.3-10 [1176 kB]
Get:4 http://127.0.0.1:9999/debian unstable/main amd64 libpipeline1 amd64 1.5.0-1 [29.0 kB]
Get:5 http://127.0.0.1:9999/debian unstable/main amd64 man-db amd64 2.8.3-2 [1180 kB]
Get:6 http://127.0.0.1:9999/debian unstable/main amd64 libpython2.7-minimal amd64 2.7.15-1 [393 kB]
Get:7 http://127.0.0.1:9999/debian unstable/main amd64 python2.7-minimal amd64 2.7.15-1 [1353 kB]
Get:8 http://127.0.0.1:9999/debian unstable/main amd64 python-minimal amd64 2.7.15~rc1-1 [41.1 kB]
Get:9 http://127.0.0.1:9999/debian unstable/main amd64 mime-support all 3.60 [36.7 kB]
Get:10 http://127.0.0.1:9999/debian unstable/main amd64 libexpat1 amd64 2.2.5-3 [96.8 kB]
Get:11 http://127.0.0.1:9999/debian unstable/main amd64 libncursesw6 amd64 6.1+20180210-2 [131 kB]
Get:12 http://127.0.0.1:9999/debian unstable/main amd64 readline-common all 7.0-3 [70.4 kB]
Get:13 http://127.0.0.1:9999/debian unstable/main amd64 libreadline7 amd64 7.0-3+b1 [151 kB]
Get:14 http://127.0.0.1:9999/debian unstable/main amd64 libsqlite3-0 amd64 3.23.1-1 [603 kB]
Get:15 http://127.0.0.1:9999/debian unstable/main amd64 libssl1.1 amd64 1.1.0h-2 [1352 kB]
Get:16 http://127.0.0.1:9999/debian unstable/main amd64 libpython2.7-stdlib amd64 2.7.15-1 [1912 kB]
Get:17 http://127.0.0.1:9999/debian unstable/main amd64 python2.7 amd64 2.7.15-1 [298 kB]
Get:18 http://127.0.0.1:9999/debian unstable/main amd64 libpython-stdlib amd64 2.7.15~rc1-1 [20.5 kB]
Get:19 http://127.0.0.1:9999/debian unstable/main amd64 python amd64 2.7.15~rc1-1 [155 kB]
Get:20 http://127.0.0.1:9999/debian unstable/main amd64 libpython3.6-minimal amd64 3.6.5-5 [572 kB]
Get:21 http://127.0.0.1:9999/debian unstable/main amd64 python3.6-minimal amd64 3.6.5-5 [1728 kB]
Get:22 http://127.0.0.1:9999/debian unstable/main amd64 python3-minimal amd64 3.6.5-3 [36.2 kB]
Get:23 http://127.0.0.1:9999/debian unstable/main amd64 libmpdec2 amd64 2.4.2-2 [87.2 kB]
Get:24 http://127.0.0.1:9999/debian unstable/main amd64 libpython3.6-stdlib amd64 3.6.5-5 [1730 kB]
Get:25 http://127.0.0.1:9999/debian unstable/main amd64 python3.6 amd64 3.6.5-5 [229 kB]
Get:26 http://127.0.0.1:9999/debian unstable/main amd64 libpython3-stdlib amd64 3.6.5-3 [19.7 kB]
Get:27 http://127.0.0.1:9999/debian unstable/main amd64 python3 amd64 3.6.5-3 [24.1 kB]
Get:28 http://127.0.0.1:9999/debian unstable/main amd64 libmagic-mgc amd64 1:5.33-2 [234 kB]
Get:29 http://127.0.0.1:9999/debian unstable/main amd64 libmagic1 amd64 1:5.33-2 [113 kB]
Get:30 http://127.0.0.1:9999/debian unstable/main amd64 file amd64 1:5.33-2 [65.6 kB]
Get:31 http://127.0.0.1:9999/debian unstable/main amd64 gettext-base amd64 0.19.8.1-6 [122 kB]
Get:32 http://127.0.0.1:9999/debian unstable/main amd64 libsigsegv2 amd64 2.12-2 [32.8 kB]
Get:33 http://127.0.0.1:9999/debian unstable/main amd64 m4 amd64 1.4.18-1 [202 kB]
Get:34 http://127.0.0.1:9999/debian unstable/main amd64 autoconf all 2.69-11 [341 kB]
Get:35 http://127.0.0.1:9999/debian unstable/main amd64 autotools-dev all 20180224.1 [77.0 kB]
Get:36 http://127.0.0.1:9999/debian unstable/main amd64 automake all 1:1.15.1-3.1 [736 kB]
Get:37 http://127.0.0.1:9999/debian unstable/main amd64 autopoint all 0.19.8.1-6 [434 kB]
Get:38 http://127.0.0.1:9999/debian unstable/main amd64 openssl amd64 1.1.0h-2 [744 kB]
Get:39 http://127.0.0.1:9999/debian unstable/main amd64 ca-certificates all 20180409 [161 kB]
Get:40 http://127.0.0.1:9999/debian unstable/main amd64 libtool all 2.4.6-2.1 [547 kB]
Get:41 http://127.0.0.1:9999/debian unstable/main amd64 dh-autoreconf all 17 [16.5 kB]
Get:42 http://127.0.0.1:9999/debian unstable/main amd64 libarchive-zip-perl all 1.60-1 [95.6 kB]
Get:43 http://127.0.0.1:9999/debian unstable/main amd64 libfile-stripnondeterminism-perl all 0.041-1 [19.9 kB]
Get:44 http://127.0.0.1:9999/debian unstable/main amd64 libtimedate-perl all 2.3000-2 [42.2 kB]
Get:45 http://127.0.0.1:9999/debian unstable/main amd64 dh-strip-nondeterminism all 0.041-1 [12.0 kB]
Get:46 http://127.0.0.1:9999/debian unstable/main amd64 libglib2.0-0 amd64 2.56.1-2 [2928 kB]
Get:47 http://127.0.0.1:9999/debian unstable/main amd64 libicu57 amd64 57.1-9 [7698 kB]
Get:48 http://127.0.0.1:9999/debian unstable/main amd64 libxml2 amd64 2.9.4+dfsg1-6.1 [725 kB]
Get:49 http://127.0.0.1:9999/debian unstable/main amd64 libcroco3 amd64 0.6.12-2 [144 kB]
Get:50 http://127.0.0.1:9999/debian unstable/main amd64 gettext amd64 0.19.8.1-6 [1302 kB]
Get:51 http://127.0.0.1:9999/debian unstable/main amd64 intltool-debian all 0.35.0+20060710.4 [26.3 kB]
Get:52 http://127.0.0.1:9999/debian unstable/main amd64 po-debconf all 1.0.20 [247 kB]
Get:53 http://127.0.0.1:9999/debian unstable/main amd64 debhelper all 11.2.1 [1013 kB]
Get:54 http://127.0.0.1:9999/debian unstable/main amd64 dh-python all 3.20180326 [93.2 kB]
Get:55 http://127.0.0.1:9999/debian unstable/main amd64 libexpat1-dev amd64 2.2.5-3 [140 kB]
Get:56 http://127.0.0.1:9999/debian unstable/main amd64 libffi-dev amd64 3.2.1-8 [156 kB]
Get:57 http://127.0.0.1:9999/debian unstable/main amd64 libpython2.7-dbg amd64 2.7.15-1 [4636 kB]
Get:58 http://127.0.0.1:9999/debian unstable/main amd64 libpython-dbg amd64 2.7.15~rc1-1 [20.5 kB]
Get:59 http://127.0.0.1:9999/debian unstable/main amd64 libpython-all-dbg amd64 2.7.15~rc1-1 [1168 B]
Get:60 http://127.0.0.1:9999/debian unstable/main amd64 libpython2.7 amd64 2.7.15-1 [1052 kB]
Get:61 http://127.0.0.1:9999/debian unstable/main amd64 libpython2.7-dev amd64 2.7.15-1 [28.3 MB]
Get:62 http://127.0.0.1:9999/debian unstable/main amd64 libpython-dev amd64 2.7.15~rc1-1 [20.6 kB]
Get:63 http://127.0.0.1:9999/debian unstable/main amd64 libpython-all-dev amd64 2.7.15~rc1-1 [1048 B]
Get:64 http://127.0.0.1:9999/debian unstable/main amd64 libpython3.6-dbg amd64 3.6.5-5 [9930 kB]
Get:65 http://127.0.0.1:9999/debian unstable/main amd64 libpython3-dbg amd64 3.6.5-3 [19.7 kB]
Get:66 http://127.0.0.1:9999/debian unstable/main amd64 libpython3-all-dbg amd64 3.6.5-3 [1044 B]
Get:67 http://127.0.0.1:9999/debian unstable/main amd64 libpython3.6 amd64 3.6.5-5 [1441 kB]
Get:68 http://127.0.0.1:9999/debian unstable/main amd64 libpython3.6-dev amd64 3.6.5-5 [39.7 MB]
Get:69 http://127.0.0.1:9999/debian unstable/main amd64 libpython3-dev amd64 3.6.5-3 [19.7 kB]
Get:70 http://127.0.0.1:9999/debian unstable/main amd64 libpython3-all-dev amd64 3.6.5-3 [1048 B]
Get:71 http://127.0.0.1:9999/debian unstable/main amd64 python-all amd64 2.7.15~rc1-1 [1028 B]
Get:72 http://127.0.0.1:9999/debian unstable/main amd64 python2.7-dbg amd64 2.7.15-1 [7445 kB]
Get:73 http://127.0.0.1:9999/debian unstable/main amd64 python-dbg amd64 2.7.15~rc1-1 [1288 B]
Get:74 http://127.0.0.1:9999/debian unstable/main amd64 python-all-dbg amd64 2.7.15~rc1-1 [1048 B]
Get:75 http://127.0.0.1:9999/debian unstable/main amd64 python2.7-dev amd64 2.7.15-1 [290 kB]
Get:76 http://127.0.0.1:9999/debian unstable/main amd64 python-dev amd64 2.7.15~rc1-1 [1212 B]
Get:77 http://127.0.0.1:9999/debian unstable/main amd64 python-all-dev amd64 2.7.15~rc1-1 [1052 B]
Get:78 http://127.0.0.1:9999/debian unstable/main amd64 python-attr all 17.4.0-2 [23.8 kB]
Get:79 http://127.0.0.1:9999/debian unstable/main amd64 python-funcsigs all 1.0.2-4 [13.7 kB]
Get:80 http://127.0.0.1:9999/debian unstable/main amd64 python-pip-whl all 9.0.1-2.2 [1627 kB]
Get:81 http://127.0.0.1:9999/debian unstable/main amd64 python-pkg-resources all 39.0.1-2 [171 kB]
Get:82 http://127.0.0.1:9999/debian unstable/main amd64 python-pluggy all 0.6.0-1 [12.2 kB]
Get:83 http://127.0.0.1:9999/debian unstable/main amd64 python-ply all 3.11-2 [65.0 kB]
Get:84 http://127.0.0.1:9999/debian unstable/main amd64 python-py all 1.5.3-1 [85.6 kB]
Get:85 http://127.0.0.1:9999/debian unstable/main amd64 python-pycparser all 2.18-2 [72.0 kB]
Get:86 http://127.0.0.1:9999/debian unstable/main amd64 python-six all 1.11.0-2 [15.1 kB]
Get:87 http://127.0.0.1:9999/debian unstable/main amd64 python-pytest all 3.3.2-2 [204 kB]
Get:88 http://127.0.0.1:9999/debian unstable/main amd64 python-setuptools all 39.0.1-2 [373 kB]
Get:89 http://127.0.0.1:9999/debian unstable/main amd64 python3-lib2to3 all 3.6.5-3 [78.7 kB]
Get:90 http://127.0.0.1:9999/debian unstable/main amd64 python3-distutils all 3.6.5-3 [144 kB]
Get:91 http://127.0.0.1:9999/debian unstable/main amd64 python3-all amd64 3.6.5-3 [1044 B]
Get:92 http://127.0.0.1:9999/debian unstable/main amd64 python3.6-dbg amd64 3.6.5-5 [11.5 MB]
Get:93 http://127.0.0.1:9999/debian unstable/main amd64 python3-dbg amd64 3.6.5-3 [1280 B]
Get:94 http://127.0.0.1:9999/debian unstable/main amd64 python3-all-dbg amd64 3.6.5-3 [1048 B]
Get:95 http://127.0.0.1:9999/debian unstable/main amd64 python3.6-dev amd64 3.6.5-5 [511 kB]
Get:96 http://127.0.0.1:9999/debian unstable/main amd64 python3-dev amd64 3.6.5-3 [1244 B]
Get:97 http://127.0.0.1:9999/debian unstable/main amd64 python3-all-dev amd64 3.6.5-3 [1048 B]
Get:98 http://127.0.0.1:9999/debian unstable/main amd64 python3-attr all 17.4.0-2 [23.8 kB]
Get:99 http://127.0.0.1:9999/debian unstable/main amd64 python3-pkg-resources all 39.0.1-2 [142 kB]
Get:100 http://127.0.0.1:9999/debian unstable/main amd64 python3-pluggy all 0.6.0-1 [12.2 kB]
Get:101 http://127.0.0.1:9999/debian unstable/main amd64 python3-ply all 3.11-2 [65.0 kB]
Get:102 http://127.0.0.1:9999/debian unstable/main amd64 python3-py all 1.5.3-1 [85.6 kB]
Get:103 http://127.0.0.1:9999/debian unstable/main amd64 python3-pycparser all 2.18-2 [72.1 kB]
Get:104 http://127.0.0.1:9999/debian unstable/main amd64 python3-six all 1.11.0-2 [15.2 kB]
Get:105 http://127.0.0.1:9999/debian unstable/main amd64 python3-pytest all 3.3.2-2 [204 kB]
Get:106 http://127.0.0.1:9999/debian unstable/main amd64 python3-setuptools all 39.0.1-2 [291 kB]
Get:107 http://127.0.0.1:9999/debian unstable/main amd64 python3-virtualenv all 15.1.0+ds-1.1 [57.9 kB]
Get:108 http://127.0.0.1:9999/debian unstable/main amd64 virtualenv all 15.1.0+ds-1.1 [19.9 kB]
debconf: delaying package configuration, since apt-utils is not installed
Fetched 141 MB in 2s (92.8 MB/s)
Selecting previously unselected package bsdmainutils.
(Reading database ... 10771 files and directories currently installed.)
Preparing to unpack .../00-bsdmainutils_11.1.2_amd64.deb ...
Unpacking bsdmainutils (11.1.2) ...
Selecting previously unselected package groff-base.
Preparing to unpack .../01-groff-base_1.22.3-10_amd64.deb ...
Unpacking groff-base (1.22.3-10) ...
Selecting previously unselected package libpipeline1:amd64.
Preparing to unpack .../02-libpipeline1_1.5.0-1_amd64.deb ...
Unpacking libpipeline1:amd64 (1.5.0-1) ...
Selecting previously unselected package man-db.
Preparing to unpack .../03-man-db_2.8.3-2_amd64.deb ...
Unpacking man-db (2.8.3-2) ...
Selecting previously unselected package libpython2.7-minimal:amd64.
Preparing to unpack .../04-libpython2.7-minimal_2.7.15-1_amd64.deb ...
Unpacking libpython2.7-minimal:amd64 (2.7.15-1) ...
Selecting previously unselected package python2.7-minimal.
Preparing to unpack .../05-python2.7-minimal_2.7.15-1_amd64.deb ...
Unpacking python2.7-minimal (2.7.15-1) ...
Selecting previously unselected package python-minimal.
Preparing to unpack .../06-python-minimal_2.7.15~rc1-1_amd64.deb ...
Unpacking python-minimal (2.7.15~rc1-1) ...
Selecting previously unselected package mime-support.
Preparing to unpack .../07-mime-support_3.60_all.deb ...
Unpacking mime-support (3.60) ...
Selecting previously unselected package libexpat1:amd64.
Preparing to unpack .../08-libexpat1_2.2.5-3_amd64.deb ...
Unpacking libexpat1:amd64 (2.2.5-3) ...
Selecting previously unselected package libncursesw6:amd64.
Preparing to unpack .../09-libncursesw6_6.1+20180210-2_amd64.deb ...
Unpacking libncursesw6:amd64 (6.1+20180210-2) ...
Selecting previously unselected package readline-common.
Preparing to unpack .../10-readline-common_7.0-3_all.deb ...
Unpacking readline-common (7.0-3) ...
Selecting previously unselected package libreadline7:amd64.
Preparing to unpack .../11-libreadline7_7.0-3+b1_amd64.deb ...
Unpacking libreadline7:amd64 (7.0-3+b1) ...
Selecting previously unselected package libsqlite3-0:amd64.
Preparing to unpack .../12-libsqlite3-0_3.23.1-1_amd64.deb ...
Unpacking libsqlite3-0:amd64 (3.23.1-1) ...
Selecting previously unselected package libssl1.1:amd64.
Preparing to unpack .../13-libssl1.1_1.1.0h-2_amd64.deb ...
Unpacking libssl1.1:amd64 (1.1.0h-2) ...
Selecting previously unselected package libpython2.7-stdlib:amd64.
Preparing to unpack .../14-libpython2.7-stdlib_2.7.15-1_amd64.deb ...
Unpacking libpython2.7-stdlib:amd64 (2.7.15-1) ...
Selecting previously unselected package python2.7.
Preparing to unpack .../15-python2.7_2.7.15-1_amd64.deb ...
Unpacking python2.7 (2.7.15-1) ...
Selecting previously unselected package libpython-stdlib:amd64.
Preparing to unpack .../16-libpython-stdlib_2.7.15~rc1-1_amd64.deb ...
Unpacking libpython-stdlib:amd64 (2.7.15~rc1-1) ...
Setting up libpython2.7-minimal:amd64 (2.7.15-1) ...
Setting up python2.7-minimal (2.7.15-1) ...
Setting up python-minimal (2.7.15~rc1-1) ...
Selecting previously unselected package python.
(Reading database ... 12213 files and directories currently installed.)
Preparing to unpack .../0-python_2.7.15~rc1-1_amd64.deb ...
Unpacking python (2.7.15~rc1-1) ...
Selecting previously unselected package libpython3.6-minimal:amd64.
Preparing to unpack .../1-libpython3.6-minimal_3.6.5-5_amd64.deb ...
Unpacking libpython3.6-minimal:amd64 (3.6.5-5) ...
Selecting previously unselected package python3.6-minimal.
Preparing to unpack .../2-python3.6-minimal_3.6.5-5_amd64.deb ...
Unpacking python3.6-minimal (3.6.5-5) ...
Selecting previously unselected package python3-minimal.
Preparing to unpack .../3-python3-minimal_3.6.5-3_amd64.deb ...
Unpacking python3-minimal (3.6.5-3) ...
Selecting previously unselected package libmpdec2:amd64.
Preparing to unpack .../4-libmpdec2_2.4.2-2_amd64.deb ...
Unpacking libmpdec2:amd64 (2.4.2-2) ...
Selecting previously unselected package libpython3.6-stdlib:amd64.
Preparing to unpack .../5-libpython3.6-stdlib_3.6.5-5_amd64.deb ...
Unpacking libpython3.6-stdlib:amd64 (3.6.5-5) ...
Selecting previously unselected package python3.6.
Preparing to unpack .../6-python3.6_3.6.5-5_amd64.deb ...
Unpacking python3.6 (3.6.5-5) ...
Selecting previously unselected package libpython3-stdlib:amd64.
Preparing to unpack .../7-libpython3-stdlib_3.6.5-3_amd64.deb ...
Unpacking libpython3-stdlib:amd64 (3.6.5-3) ...
Setting up libssl1.1:amd64 (1.1.0h-2) ...
Setting up libpython3.6-minimal:amd64 (3.6.5-5) ...
Setting up libexpat1:amd64 (2.2.5-3) ...
Setting up python3.6-minimal (3.6.5-5) ...
Setting up python3-minimal (3.6.5-3) ...
Selecting previously unselected package python3.
(Reading database ... 12913 files and directories currently installed.)
Preparing to unpack .../00-python3_3.6.5-3_amd64.deb ...
Unpacking python3 (3.6.5-3) ...
Selecting previously unselected package libmagic-mgc.
Preparing to unpack .../01-libmagic-mgc_1%3a5.33-2_amd64.deb ...
Unpacking libmagic-mgc (1:5.33-2) ...
Selecting previously unselected package libmagic1:amd64.
Preparing to unpack .../02-libmagic1_1%3a5.33-2_amd64.deb ...
Unpacking libmagic1:amd64 (1:5.33-2) ...
Selecting previously unselected package file.
Preparing to unpack .../03-file_1%3a5.33-2_amd64.deb ...
Unpacking file (1:5.33-2) ...
Selecting previously unselected package gettext-base.
Preparing to unpack .../04-gettext-base_0.19.8.1-6_amd64.deb ...
Unpacking gettext-base (0.19.8.1-6) ...
Selecting previously unselected package libsigsegv2:amd64.
Preparing to unpack .../05-libsigsegv2_2.12-2_amd64.deb ...
Unpacking libsigsegv2:amd64 (2.12-2) ...
Selecting previously unselected package m4.
Preparing to unpack .../06-m4_1.4.18-1_amd64.deb ...
Unpacking m4 (1.4.18-1) ...
Selecting previously unselected package autoconf.
Preparing to unpack .../07-autoconf_2.69-11_all.deb ...
Unpacking autoconf (2.69-11) ...
Selecting previously unselected package autotools-dev.
Preparing to unpack .../08-autotools-dev_20180224.1_all.deb ...
Unpacking autotools-dev (20180224.1) ...
Selecting previously unselected package automake.
Preparing to unpack .../09-automake_1%3a1.15.1-3.1_all.deb ...
Unpacking automake (1:1.15.1-3.1) ...
Selecting previously unselected package autopoint.
Preparing to unpack .../10-autopoint_0.19.8.1-6_all.deb ...
Unpacking autopoint (0.19.8.1-6) ...
Selecting previously unselected package openssl.
Preparing to unpack .../11-openssl_1.1.0h-2_amd64.deb ...
Unpacking openssl (1.1.0h-2) ...
Selecting previously unselected package ca-certificates.
Preparing to unpack .../12-ca-certificates_20180409_all.deb ...
Unpacking ca-certificates (20180409) ...
Selecting previously unselected package libtool.
Preparing to unpack .../13-libtool_2.4.6-2.1_all.deb ...
Unpacking libtool (2.4.6-2.1) ...
Selecting previously unselected package dh-autoreconf.
Preparing to unpack .../14-dh-autoreconf_17_all.deb ...
Unpacking dh-autoreconf (17) ...
Selecting previously unselected package libarchive-zip-perl.
Preparing to unpack .../15-libarchive-zip-perl_1.60-1_all.deb ...
Unpacking libarchive-zip-perl (1.60-1) ...
Selecting previously unselected package libfile-stripnondeterminism-perl.
Preparing to unpack .../16-libfile-stripnondeterminism-perl_0.041-1_all.deb ...
Unpacking libfile-stripnondeterminism-perl (0.041-1) ...
Selecting previously unselected package libtimedate-perl.
Preparing to unpack .../17-libtimedate-perl_2.3000-2_all.deb ...
Unpacking libtimedate-perl (2.3000-2) ...
Selecting previously unselected package dh-strip-nondeterminism.
Preparing to unpack .../18-dh-strip-nondeterminism_0.041-1_all.deb ...
Unpacking dh-strip-nondeterminism (0.041-1) ...
Selecting previously unselected package libglib2.0-0:amd64.
Preparing to unpack .../19-libglib2.0-0_2.56.1-2_amd64.deb ...
Unpacking libglib2.0-0:amd64 (2.56.1-2) ...
Selecting previously unselected package libicu57:amd64.
Preparing to unpack .../20-libicu57_57.1-9_amd64.deb ...
Unpacking libicu57:amd64 (57.1-9) ...
Selecting previously unselected package libxml2:amd64.
Preparing to unpack .../21-libxml2_2.9.4+dfsg1-6.1_amd64.deb ...
Unpacking libxml2:amd64 (2.9.4+dfsg1-6.1) ...
Selecting previously unselected package libcroco3:amd64.
Preparing to unpack .../22-libcroco3_0.6.12-2_amd64.deb ...
Unpacking libcroco3:amd64 (0.6.12-2) ...
Selecting previously unselected package gettext.
Preparing to unpack .../23-gettext_0.19.8.1-6_amd64.deb ...
Unpacking gettext (0.19.8.1-6) ...
Selecting previously unselected package intltool-debian.
Preparing to unpack .../24-intltool-debian_0.35.0+20060710.4_all.deb ...
Unpacking intltool-debian (0.35.0+20060710.4) ...
Selecting previously unselected package po-debconf.
Preparing to unpack .../25-po-debconf_1.0.20_all.deb ...
Unpacking po-debconf (1.0.20) ...
Selecting previously unselected package debhelper.
Preparing to unpack .../26-debhelper_11.2.1_all.deb ...
Unpacking debhelper (11.2.1) ...
Selecting previously unselected package dh-python.
Preparing to unpack .../27-dh-python_3.20180326_all.deb ...
Unpacking dh-python (3.20180326) ...
Selecting previously unselected package libexpat1-dev:amd64.
Preparing to unpack .../28-libexpat1-dev_2.2.5-3_amd64.deb ...
Unpacking libexpat1-dev:amd64 (2.2.5-3) ...
Selecting previously unselected package libffi-dev:amd64.
Preparing to unpack .../29-libffi-dev_3.2.1-8_amd64.deb ...
Unpacking libffi-dev:amd64 (3.2.1-8) ...
Selecting previously unselected package libpython2.7-dbg:amd64.
Preparing to unpack .../30-libpython2.7-dbg_2.7.15-1_amd64.deb ...
Unpacking libpython2.7-dbg:amd64 (2.7.15-1) ...
Selecting previously unselected package libpython-dbg:amd64.
Preparing to unpack .../31-libpython-dbg_2.7.15~rc1-1_amd64.deb ...
Unpacking libpython-dbg:amd64 (2.7.15~rc1-1) ...
Selecting previously unselected package libpython-all-dbg:amd64.
Preparing to unpack .../32-libpython-all-dbg_2.7.15~rc1-1_amd64.deb ...
Unpacking libpython-all-dbg:amd64 (2.7.15~rc1-1) ...
Selecting previously unselected package libpython2.7:amd64.
Preparing to unpack .../33-libpython2.7_2.7.15-1_amd64.deb ...
Unpacking libpython2.7:amd64 (2.7.15-1) ...
Selecting previously unselected package libpython2.7-dev:amd64.
Preparing to unpack .../34-libpython2.7-dev_2.7.15-1_amd64.deb ...
Unpacking libpython2.7-dev:amd64 (2.7.15-1) ...
Selecting previously unselected package libpython-dev:amd64.
Preparing to unpack .../35-libpython-dev_2.7.15~rc1-1_amd64.deb ...
Unpacking libpython-dev:amd64 (2.7.15~rc1-1) ...
Selecting previously unselected package libpython-all-dev:amd64.
Preparing to unpack .../36-libpython-all-dev_2.7.15~rc1-1_amd64.deb ...
Unpacking libpython-all-dev:amd64 (2.7.15~rc1-1) ...
Selecting previously unselected package libpython3.6-dbg:amd64.
Preparing to unpack .../37-libpython3.6-dbg_3.6.5-5_amd64.deb ...
Unpacking libpython3.6-dbg:amd64 (3.6.5-5) ...
Selecting previously unselected package libpython3-dbg:amd64.
Preparing to unpack .../38-libpython3-dbg_3.6.5-3_amd64.deb ...
Unpacking libpython3-dbg:amd64 (3.6.5-3) ...
Selecting previously unselected package libpython3-all-dbg:amd64.
Preparing to unpack .../39-libpython3-all-dbg_3.6.5-3_amd64.deb ...
Unpacking libpython3-all-dbg:amd64 (3.6.5-3) ...
Selecting previously unselected package libpython3.6:amd64.
Preparing to unpack .../40-libpython3.6_3.6.5-5_amd64.deb ...
Unpacking libpython3.6:amd64 (3.6.5-5) ...
Selecting previously unselected package libpython3.6-dev:amd64.
Preparing to unpack .../41-libpython3.6-dev_3.6.5-5_amd64.deb ...
Unpacking libpython3.6-dev:amd64 (3.6.5-5) ...
Selecting previously unselected package libpython3-dev:amd64.
Preparing to unpack .../42-libpython3-dev_3.6.5-3_amd64.deb ...
Unpacking libpython3-dev:amd64 (3.6.5-3) ...
Selecting previously unselected package libpython3-all-dev:amd64.
Preparing to unpack .../43-libpython3-all-dev_3.6.5-3_amd64.deb ...
Unpacking libpython3-all-dev:amd64 (3.6.5-3) ...
Selecting previously unselected package python-all.
Preparing to unpack .../44-python-all_2.7.15~rc1-1_amd64.deb ...
Unpacking python-all (2.7.15~rc1-1) ...
Selecting previously unselected package python2.7-dbg.
Preparing to unpack .../45-python2.7-dbg_2.7.15-1_amd64.deb ...
Unpacking python2.7-dbg (2.7.15-1) ...
Selecting previously unselected package python-dbg.
Preparing to unpack .../46-python-dbg_2.7.15~rc1-1_amd64.deb ...
Unpacking python-dbg (2.7.15~rc1-1) ...
Selecting previously unselected package python-all-dbg.
Preparing to unpack .../47-python-all-dbg_2.7.15~rc1-1_amd64.deb ...
Unpacking python-all-dbg (2.7.15~rc1-1) ...
Selecting previously unselected package python2.7-dev.
Preparing to unpack .../48-python2.7-dev_2.7.15-1_amd64.deb ...
Unpacking python2.7-dev (2.7.15-1) ...
Selecting previously unselected package python-dev.
Preparing to unpack .../49-python-dev_2.7.15~rc1-1_amd64.deb ...
Unpacking python-dev (2.7.15~rc1-1) ...
Selecting previously unselected package python-all-dev.
Preparing to unpack .../50-python-all-dev_2.7.15~rc1-1_amd64.deb ...
Unpacking python-all-dev (2.7.15~rc1-1) ...
Selecting previously unselected package python-attr.
Preparing to unpack .../51-python-attr_17.4.0-2_all.deb ...
Unpacking python-attr (17.4.0-2) ...
Selecting previously unselected package python-funcsigs.
Preparing to unpack .../52-python-funcsigs_1.0.2-4_all.deb ...
Unpacking python-funcsigs (1.0.2-4) ...
Selecting previously unselected package python-pip-whl.
Preparing to unpack .../53-python-pip-whl_9.0.1-2.2_all.deb ...
Unpacking python-pip-whl (9.0.1-2.2) ...
Selecting previously unselected package python-pkg-resources.
Preparing to unpack .../54-python-pkg-resources_39.0.1-2_all.deb ...
Unpacking python-pkg-resources (39.0.1-2) ...
Selecting previously unselected package python-pluggy.
Preparing to unpack .../55-python-pluggy_0.6.0-1_all.deb ...
Unpacking python-pluggy (0.6.0-1) ...
Selecting previously unselected package python-ply.
Preparing to unpack .../56-python-ply_3.11-2_all.deb ...
Unpacking python-ply (3.11-2) ...
Selecting previously unselected package python-py.
Preparing to unpack .../57-python-py_1.5.3-1_all.deb ...
Unpacking python-py (1.5.3-1) ...
Selecting previously unselected package python-pycparser.
Preparing to unpack .../58-python-pycparser_2.18-2_all.deb ...
Unpacking python-pycparser (2.18-2) ...
Selecting previously unselected package python-six.
Preparing to unpack .../59-python-six_1.11.0-2_all.deb ...
Unpacking python-six (1.11.0-2) ...
Selecting previously unselected package python-pytest.
Preparing to unpack .../60-python-pytest_3.3.2-2_all.deb ...
Unpacking python-pytest (3.3.2-2) ...
Selecting previously unselected package python-setuptools.
Preparing to unpack .../61-python-setuptools_39.0.1-2_all.deb ...
Unpacking python-setuptools (39.0.1-2) ...
Selecting previously unselected package python3-lib2to3.
Preparing to unpack .../62-python3-lib2to3_3.6.5-3_all.deb ...
Unpacking python3-lib2to3 (3.6.5-3) ...
Selecting previously unselected package python3-distutils.
Preparing to unpack .../63-python3-distutils_3.6.5-3_all.deb ...
Unpacking python3-distutils (3.6.5-3) ...
Selecting previously unselected package python3-all.
Preparing to unpack .../64-python3-all_3.6.5-3_amd64.deb ...
Unpacking python3-all (3.6.5-3) ...
Selecting previously unselected package python3.6-dbg.
Preparing to unpack .../65-python3.6-dbg_3.6.5-5_amd64.deb ...
Unpacking python3.6-dbg (3.6.5-5) ...
Selecting previously unselected package python3-dbg.
Preparing to unpack .../66-python3-dbg_3.6.5-3_amd64.deb ...
Unpacking python3-dbg (3.6.5-3) ...
Selecting previously unselected package python3-all-dbg.
Preparing to unpack .../67-python3-all-dbg_3.6.5-3_amd64.deb ...
Unpacking python3-all-dbg (3.6.5-3) ...
Selecting previously unselected package python3.6-dev.
Preparing to unpack .../68-python3.6-dev_3.6.5-5_amd64.deb ...
Unpacking python3.6-dev (3.6.5-5) ...
Selecting previously unselected package python3-dev.
Preparing to unpack .../69-python3-dev_3.6.5-3_amd64.deb ...
Unpacking python3-dev (3.6.5-3) ...
Selecting previously unselected package python3-all-dev.
Preparing to unpack .../70-python3-all-dev_3.6.5-3_amd64.deb ...
Unpacking python3-all-dev (3.6.5-3) ...
Selecting previously unselected package python3-attr.
Preparing to unpack .../71-python3-attr_17.4.0-2_all.deb ...
Unpacking python3-attr (17.4.0-2) ...
Selecting previously unselected package python3-pkg-resources.
Preparing to unpack .../72-python3-pkg-resources_39.0.1-2_all.deb ...
Unpacking python3-pkg-resources (39.0.1-2) ...
Selecting previously unselected package python3-pluggy.
Preparing to unpack .../73-python3-pluggy_0.6.0-1_all.deb ...
Unpacking python3-pluggy (0.6.0-1) ...
Selecting previously unselected package python3-ply.
Preparing to unpack .../74-python3-ply_3.11-2_all.deb ...
Unpacking python3-ply (3.11-2) ...
Selecting previously unselected package python3-py.
Preparing to unpack .../75-python3-py_1.5.3-1_all.deb ...
Unpacking python3-py (1.5.3-1) ...
Selecting previously unselected package python3-pycparser.
Preparing to unpack .../76-python3-pycparser_2.18-2_all.deb ...
Unpacking python3-pycparser (2.18-2) ...
Selecting previously unselected package python3-six.
Preparing to unpack .../77-python3-six_1.11.0-2_all.deb ...
Unpacking python3-six (1.11.0-2) ...
Selecting previously unselected package python3-pytest.
Preparing to unpack .../78-python3-pytest_3.3.2-2_all.deb ...
Unpacking python3-pytest (3.3.2-2) ...
Selecting previously unselected package python3-setuptools.
Preparing to unpack .../79-python3-setuptools_39.0.1-2_all.deb ...
Unpacking python3-setuptools (39.0.1-2) ...
Selecting previously unselected package python3-virtualenv.
Preparing to unpack .../80-python3-virtualenv_15.1.0+ds-1.1_all.deb ...
Unpacking python3-virtualenv (15.1.0+ds-1.1) ...
Selecting previously unselected package virtualenv.
Preparing to unpack .../81-virtualenv_15.1.0+ds-1.1_all.deb ...
Unpacking virtualenv (15.1.0+ds-1.1) ...
Selecting previously unselected package sbuild-build-depends-python-cffi-dummy.
Preparing to unpack .../82-sbuild-build-depends-python-cffi-dummy_0.invalid.0_amd64.deb ...
Unpacking sbuild-build-depends-python-cffi-dummy (0.invalid.0) ...
Setting up readline-common (7.0-3) ...
Setting up libarchive-zip-perl (1.60-1) ...
Setting up mime-support (3.60) ...
Setting up libtimedate-perl (2.3000-2) ...
Setting up libsigsegv2:amd64 (2.12-2) ...
Setting up libreadline7:amd64 (7.0-3+b1) ...
Setting up groff-base (1.22.3-10) ...
Setting up libglib2.0-0:amd64 (2.56.1-2) ...
No schema files found: doing nothing.
Setting up libncursesw6:amd64 (6.1+20180210-2) ...
Setting up libffi-dev:amd64 (3.2.1-8) ...
Setting up gettext-base (0.19.8.1-6) ...
Setting up libpipeline1:amd64 (1.5.0-1) ...
Setting up m4 (1.4.18-1) ...
Setting up libicu57:amd64 (57.1-9) ...
Setting up libxml2:amd64 (2.9.4+dfsg1-6.1) ...
Setting up libmagic-mgc (1:5.33-2) ...
Setting up libmagic1:amd64 (1:5.33-2) ...
Setting up libcroco3:amd64 (0.6.12-2) ...
Processing triggers for libc-bin (2.27-3) ...
Setting up autotools-dev (20180224.1) ...
Setting up openssl (1.1.0h-2) ...
Setting up libsqlite3-0:amd64 (3.23.1-1) ...
Setting up libexpat1-dev:amd64 (2.2.5-3) ...
Setting up bsdmainutils (11.1.2) ...
update-alternatives: using /usr/bin/bsd-write to provide /usr/bin/write (write) in auto mode
update-alternatives: using /usr/bin/bsd-from to provide /usr/bin/from (from) in auto mode
Setting up ca-certificates (20180409) ...
Updating certificates in /etc/ssl/certs...
133 added, 0 removed; done.
Setting up libpython2.7-stdlib:amd64 (2.7.15-1) ...
Setting up autopoint (0.19.8.1-6) ...
Setting up libmpdec2:amd64 (2.4.2-2) ...
Setting up libfile-stripnondeterminism-perl (0.041-1) ...
Setting up python-pip-whl (9.0.1-2.2) ...
Setting up libpython3.6-stdlib:amd64 (3.6.5-5) ...
Setting up python3.6 (3.6.5-5) ...
Setting up gettext (0.19.8.1-6) ...
Setting up python2.7 (2.7.15-1) ...
Setting up libpython2.7-dbg:amd64 (2.7.15-1) ...
Setting up autoconf (2.69-11) ...
Setting up file (1:5.33-2) ...
Setting up libpython-stdlib:amd64 (2.7.15~rc1-1) ...
Setting up intltool-debian (0.35.0+20060710.4) ...
Setting up python2.7-dbg (2.7.15-1) ...
Setting up libpython2.7:amd64 (2.7.15-1) ...
Setting up automake (1:1.15.1-3.1) ...
update-alternatives: using /usr/bin/automake-1.15 to provide /usr/bin/automake (automake) in auto mode
Setting up man-db (2.8.3-2) ...
Not building database; man-db/auto-update is not 'true'.
Setting up libpython-dbg:amd64 (2.7.15~rc1-1) ...
Setting up libpython2.7-dev:amd64 (2.7.15-1) ...
Setting up python2.7-dev (2.7.15-1) ...
Setting up libpython-all-dbg:amd64 (2.7.15~rc1-1) ...
Setting up libpython3.6-dbg:amd64 (3.6.5-5) ...
Setting up python (2.7.15~rc1-1) ...
Setting up libpython3.6:amd64 (3.6.5-5) ...
Setting up libtool (2.4.6-2.1) ...
Setting up libpython3-stdlib:amd64 (3.6.5-3) ...
Setting up libpython-dev:amd64 (2.7.15~rc1-1) ...
Setting up python-attr (17.4.0-2) ...
Setting up po-debconf (1.0.20) ...
Setting up python3 (3.6.5-3) ...
Setting up python-ply (3.11-2) ...
Setting up python-dev (2.7.15~rc1-1) ...
Setting up python-pluggy (0.6.0-1) ...
Setting up python3-six (1.11.0-2) ...
Setting up libpython-all-dev:amd64 (2.7.15~rc1-1) ...
Setting up python3.6-dbg (3.6.5-5) ...
Setting up libpython3-dbg:amd64 (3.6.5-3) ...
Setting up python3-pkg-resources (39.0.1-2) ...
Setting up python-pkg-resources (39.0.1-2) ...
Setting up python3-pluggy (0.6.0-1) ...
Setting up libpython3.6-dev:amd64 (3.6.5-5) ...
Setting up libpython3-all-dbg:amd64 (3.6.5-3) ...
Setting up python-six (1.11.0-2) ...
Setting up python-dbg (2.7.15~rc1-1) ...
Setting up python3-attr (17.4.0-2) ...
Setting up python-funcsigs (1.0.2-4) ...
Setting up python3-dbg (3.6.5-3) ...
Setting up python3-ply (3.11-2) ...
Setting up python3.6-dev (3.6.5-5) ...
Setting up python3-lib2to3 (3.6.5-3) ...
Setting up dh-python (3.20180326) ...
Setting up python-all (2.7.15~rc1-1) ...
Setting up python3-distutils (3.6.5-3) ...
Setting up libpython3-dev:amd64 (3.6.5-3) ...
Setting up python-setuptools (39.0.1-2) ...
Setting up python-pycparser (2.18-2) ...
Setting up python3-py (1.5.3-1) ...
Setting up python-py (1.5.3-1) ...
Setting up python3-pytest (3.3.2-2) ...
Setting up python3-dev (3.6.5-3) ...
Setting up python-pytest (3.3.2-2) ...
Setting up python-all-dbg (2.7.15~rc1-1) ...
Setting up python-all-dev (2.7.15~rc1-1) ...
Setting up libpython3-all-dev:amd64 (3.6.5-3) ...
Setting up python3-all (3.6.5-3) ...
Setting up python3-virtualenv (15.1.0+ds-1.1) ...
Setting up python3-pycparser (2.18-2) ...
Setting up python3-setuptools (39.0.1-2) ...
Setting up virtualenv (15.1.0+ds-1.1) ...
Setting up python3-all-dev (3.6.5-3) ...
Setting up python3-all-dbg (3.6.5-3) ...
Setting up dh-autoreconf (17) ...
Setting up dh-strip-nondeterminism (0.041-1) ...
Setting up debhelper (11.2.1) ...
Setting up sbuild-build-depends-python-cffi-dummy (0.invalid.0) ...
Processing triggers for libc-bin (2.27-3) ...
Processing triggers for ca-certificates (20180409) ...
Updating certificates in /etc/ssl/certs...
0 added, 0 removed; done.
Running hooks in /etc/ca-certificates/update.d...
done.

+------------------------------------------------------------------------------+
| Build environment                                                            |
+------------------------------------------------------------------------------+

Kernel: Linux 4.9.0-5-amd64 amd64 (x86_64)
Toolchain package versions: binutils_2.30-16 dpkg-dev_1.19.0.5 g++-7_7.3.0-17 gcc-7_7.3.0-17 libc6-dev_2.27-3 libstdc++-7-dev_7.3.0-17 libstdc++6_8-20180425-1 linux-libc-dev_4.15.17-1
Package versions: adduser_3.117 apt_1.6.1 autoconf_2.69-11 automake_1:1.15.1-3.1 autopoint_0.19.8.1-6 autotools-dev_20180224.1 base-files_10.1 base-passwd_3.5.45 bash_4.4.18-2 binutils_2.30-16 binutils-common_2.30-16 binutils-x86-64-linux-gnu_2.30-16 bsdmainutils_11.1.2 bsdutils_1:2.31.1-0.5 build-essential_12.5 bzip2_1.0.6-8.1 ca-certificates_20180409 clang-6.0_1:6.0-3 coreutils_8.28-1 cpp_4:7.3.0-3 cpp-7_7.3.0-17 dash_0.5.8-2.10 debconf_1.5.66 debfoster_2.7-2.1+b1 debhelper_11.2.1 debian-archive-keyring_2017.7 debianutils_4.8.4 dh-autoreconf_17 dh-python_3.20180326 dh-strip-nondeterminism_0.041-1 diffutils_1:3.6-1 dpkg_1.19.0.5 dpkg-dev_1.19.0.5 e2fslibs_1.44.1-2 e2fsprogs_1.44.1-2 eatmydata_105-6 fakeroot_1.22-2 fdisk_2.31.1-0.5 file_1:5.33-2 findutils_4.6.0+git+20171230-2 g++_4:7.3.0-3 g++-7_7.3.0-17 gcc_4:7.3.0-3 gcc-6-base_6.4.0-17 gcc-7_7.3.0-17 gcc-7-base_7.3.0-17 gcc-8-base_8-20180425-1 gettext_0.19.8.1-6 gettext-base_0.19.8.1-6 gpgv_2.2.5-1 grep_3.1-2 groff-base_1.22.3-10 gzip_1.6-5+b1 hostname_3.20 init-system-helpers_1.51 intltool-debian_0.35.0+20060710.4 lib32gcc1_1:8-20180425-1 lib32stdc++6_8-20180425-1 libacl1_2.2.52-3+b1 libapt-pkg5.0_1.6.1 libarchive-zip-perl_1.60-1 libasan4_7.3.0-17 libatomic1_8-20180425-1 libattr1_1:2.4.47-2+b2 libaudit-common_1:2.8.3-1 libaudit1_1:2.8.3-1 libbinutils_2.30-16 libblkid1_2.31.1-0.5 libbsd0_0.8.7-1 libbz2-1.0_1.0.6-8.1 libc-bin_2.27-3 libc-dev-bin_2.27-3 libc6_2.27-3 libc6-dev_2.27-3 libc6-i386_2.27-3 libcap-ng0_0.7.9-1 libcc1-0_8-20180425-1 libcilkrts5_7.3.0-17 libclang-common-6.0-dev_1:6.0-3 libclang1-6.0_1:6.0-3 libcom-err2_1.44.1-2 libcomerr2_1.44.1-2 libcroco3_0.6.12-2 libdb5.3_5.3.28-13.1+b1 libdebconfclient0_0.243 libdpkg-perl_1.19.0.5 libeatmydata1_105-6 libedit2_3.1-20170329-1 libexpat1_2.2.5-3 libexpat1-dev_2.2.5-3 libext2fs2_1.44.1-2 libfakeroot_1.22-2 libfdisk1_2.31.1-0.5 libffi-dev_3.2.1-8 libffi6_3.2.1-8 libfile-stripnondeterminism-perl_0.041-1 libgc1c2_1:7.4.2-8.2 libgcc-7-dev_7.3.0-17 libgcc1_1:8-20180425-1 libgcrypt20_1.8.2-2 libgdbm-compat4_1.14.1-6 libgdbm3_1.8.3-14 libgdbm5_1.14.1-6 libglib2.0-0_2.56.1-2 libgmp10_2:6.1.2+dfsg-3 libgnutls30_3.5.18-1 libgomp1_8-20180425-1 libgpg-error0_1.29-4 libhogweed4_3.4-1 libicu57_57.1-9 libidn2-0_2.0.4-1.1 libisl15_0.18-4 libisl19_0.19-1 libitm1_8-20180425-1 libjsoncpp1_1.7.4-3 libllvm6.0_1:6.0-3 liblsan0_8-20180425-1 liblz4-1_1.8.1.2-1 liblzma5_5.2.2-1.3 libmagic-mgc_1:5.33-2 libmagic1_1:5.33-2 libmount1_2.31.1-0.5 libmpc3_1.1.0-1 libmpdec2_2.4.2-2 libmpfr4_3.1.6-1 libmpfr6_4.0.1-1 libmpx2_8-20180425-1 libncurses5_6.1+20180210-2 libncursesw5_6.1+20180210-2 libncursesw6_6.1+20180210-2 libnettle6_3.4-1 libobjc-7-dev_7.3.0-17 libobjc4_8-20180425-1 libp11-kit0_0.23.10-2 libpam-modules_1.1.8-3.7 libpam-modules-bin_1.1.8-3.7 libpam-runtime_1.1.8-3.7 libpam0g_1.1.8-3.7 libpcre3_2:8.39-9 libperl5.26_5.26.2-3 libpipeline1_1.5.0-1 libpython-all-dbg_2.7.15~rc1-1 libpython-all-dev_2.7.15~rc1-1 libpython-dbg_2.7.15~rc1-1 libpython-dev_2.7.15~rc1-1 libpython-stdlib_2.7.15~rc1-1 libpython2.7_2.7.15-1 libpython2.7-dbg_2.7.15-1 libpython2.7-dev_2.7.15-1 libpython2.7-minimal_2.7.15-1 libpython2.7-stdlib_2.7.15-1 libpython3-all-dbg_3.6.5-3 libpython3-all-dev_3.6.5-3 libpython3-dbg_3.6.5-3 libpython3-dev_3.6.5-3 libpython3-stdlib_3.6.5-3 libpython3.6_3.6.5-5 libpython3.6-dbg_3.6.5-5 libpython3.6-dev_3.6.5-5 libpython3.6-minimal_3.6.5-5 libpython3.6-stdlib_3.6.5-5 libquadmath0_8-20180425-1 libreadline7_7.0-3+b1 libseccomp2_2.3.3-1 libselinux1_2.7-2+b2 libsemanage-common_2.7-2 libsemanage1_2.7-2+b2 libsepol1_2.7-1 libsigsegv2_2.12-2 libsmartcols1_2.31.1-0.5 libsqlite3-0_3.23.1-1 libss2_1.44.1-2 libssl1.1_1.1.0h-2 libstdc++-7-dev_7.3.0-17 libstdc++6_8-20180425-1 libsystemd0_238-4 libtasn1-6_4.13-2 libtimedate-perl_2.3000-2 libtinfo5_6.1+20180210-2 libtinfo6_6.1+20180210-2 libtool_2.4.6-2.1 libtsan0_8-20180425-1 libubsan0_7.3.0-17 libudev1_238-4 libunistring2_0.9.8-1 libustr-1.0-1_1.0.4-6 libuuid1_2.31.1-0.5 libxml2_2.9.4+dfsg1-6.1 libzstd1_1.3.4+dfsg-1 linux-libc-dev_4.15.17-1 login_1:4.5-1 m4_1.4.18-1 make_4.2.1-1 man-db_2.8.3-2 mawk_1.3.3-17+b3 mime-support_3.60 mount_2.31.1-0.5 multiarch-support_2.27-3 ncurses-base_6.1+20180210-2 ncurses-bin_6.1+20180210-2 openssl_1.1.0h-2 passwd_1:4.5-1 patch_2.7.6-2 perl_5.26.2-3 perl-base_5.26.2-3 perl-modules-5.26_5.26.2-3 po-debconf_1.0.20 python_2.7.15~rc1-1 python-all_2.7.15~rc1-1 python-all-dbg_2.7.15~rc1-1 python-all-dev_2.7.15~rc1-1 python-attr_17.4.0-2 python-dbg_2.7.15~rc1-1 python-dev_2.7.15~rc1-1 python-funcsigs_1.0.2-4 python-minimal_2.7.15~rc1-1 python-pip-whl_9.0.1-2.2 python-pkg-resources_39.0.1-2 python-pluggy_0.6.0-1 python-ply_3.11-2 python-py_1.5.3-1 python-pycparser_2.18-2 python-pytest_3.3.2-2 python-setuptools_39.0.1-2 python-six_1.11.0-2 python2.7_2.7.15-1 python2.7-dbg_2.7.15-1 python2.7-dev_2.7.15-1 python2.7-minimal_2.7.15-1 python3_3.6.5-3 python3-all_3.6.5-3 python3-all-dbg_3.6.5-3 python3-all-dev_3.6.5-3 python3-attr_17.4.0-2 python3-dbg_3.6.5-3 python3-dev_3.6.5-3 python3-distutils_3.6.5-3 python3-lib2to3_3.6.5-3 python3-minimal_3.6.5-3 python3-pkg-resources_39.0.1-2 python3-pluggy_0.6.0-1 python3-ply_3.11-2 python3-py_1.5.3-1 python3-pycparser_2.18-2 python3-pytest_3.3.2-2 python3-setuptools_39.0.1-2 python3-six_1.11.0-2 python3-virtualenv_15.1.0+ds-1.1 python3.6_3.6.5-5 python3.6-dbg_3.6.5-5 python3.6-dev_3.6.5-5 python3.6-minimal_3.6.5-5 readline-common_7.0-3 sbuild-build-depends-core-dummy_0.invalid.0 sbuild-build-depends-python-cffi-dummy_0.invalid.0 sed_4.4-2 sensible-utils_0.0.12 sysvinit-utils_2.88dsf-59.10 tar_1.30+dfsg-1 util-linux_2.31.1-0.5 virtualenv_15.1.0+ds-1.1 xz-utils_5.2.2-1.3 zlib1g_1:1.2.11.dfsg-1

+------------------------------------------------------------------------------+
| Build                                                                        |
+------------------------------------------------------------------------------+


Unpack source
-------------

gpgv: unknown type of key resource 'trustedkeys.kbx'
gpgv: keyblock resource '/sbuild-nonexistent/.gnupg/trustedkeys.kbx': General error
gpgv: Signature made Tue Feb 27 20:26:22 2018 UTC
gpgv:                using RSA key FF312DA5B8E24665C793E8FFEAF192BCAA3F0F51
gpgv:                issuer "stefanor@debian.org"
gpgv: Can't check signature: No public key
dpkg-source: warning: failed to verify signature on ./python-cffi_1.11.5-1.dsc
dpkg-source: info: extracting python-cffi in /<<PKGBUILDDIR>>
dpkg-source: info: unpacking python-cffi_1.11.5.orig.tar.gz
dpkg-source: info: unpacking python-cffi_1.11.5-1.debian.tar.xz

Check disk space
----------------

Sufficient free space for build

User Environment
----------------

APT_CONFIG=/var/lib/sbuild/apt.conf
HOME=/sbuild-nonexistent
LANG=en_US.UTF-8
LC_ALL=POSIX
LOGNAME=user42
PATH=/usr/local/sbin:/usr/local/bin:/usr/sbin:/usr/bin:/sbin:/bin:/usr/games
SCHROOT_ALIAS_NAME=unstable-amd64-sbuild
SCHROOT_CHROOT_NAME=unstable-amd64-sbuild
SCHROOT_COMMAND=env
SCHROOT_GID=1001
SCHROOT_GROUP=user42
SCHROOT_SESSION_ID=unstable-amd64-sbuild-98bae88e-f5ed-4ee4-b79f-57e15330091d
SCHROOT_UID=1001
SCHROOT_USER=user42
SHELL=/bin/sh
USER=user42

dpkg-buildpackage
-----------------

dpkg-buildpackage: info: source package python-cffi
dpkg-buildpackage: info: source version 1.11.5-1
dpkg-buildpackage: info: source distribution unstable
dpkg-buildpackage: info: source changed by Stefano Rivera <stefanor@debian.org>
 dpkg-source --before-build python-cffi-1.11.5
dpkg-buildpackage: info: host architecture amd64
 debian/rules clean
dh clean --with python2,python3 --buildsystem pybuild
   dh_testdir -O--buildsystem=pybuild
   dh_auto_clean -O--buildsystem=pybuild
I: pybuild base:217: python2.7 setup.py clean 
running clean
removing '/<<PKGBUILDDIR>>/.pybuild/cpython2_2.7/build' (and everything under it)
'build/bdist.linux-amd64' does not exist -- can't clean it
'build/scripts-2.7' does not exist -- can't clean it
I: pybuild base:217: python2.7-dbg setup.py clean 
running clean
removing '/<<PKGBUILDDIR>>/.pybuild/cpython2_2.7_dbg/build' (and everything under it)
'build/bdist.linux-amd64' does not exist -- can't clean it
'build/scripts-2.7' does not exist -- can't clean it
I: pybuild base:217: python3.6 setup.py clean 
running clean
removing '/<<PKGBUILDDIR>>/.pybuild/cpython3_3.6/build' (and everything under it)
'build/bdist.linux-amd64' does not exist -- can't clean it
'build/scripts-3.6' does not exist -- can't clean it
I: pybuild base:217: python3.6-dbg setup.py clean 
running clean
removing '/<<PKGBUILDDIR>>/.pybuild/cpython3_3.6_dbg/build' (and everything under it)
'build/bdist.linux-amd64' does not exist -- can't clean it
'build/scripts-3.6' does not exist -- can't clean it
   dh_autoreconf_clean -O--buildsystem=pybuild
   debian/rules override_dh_clean
make[1]: Entering directory '/<<PKGBUILDDIR>>'
dh_clean
rm -rf 
make[1]: Leaving directory '/<<PKGBUILDDIR>>'
 debian/rules binary-arch
dh binary-arch --with python2,python3 --buildsystem pybuild
   dh_testdir -a -O--buildsystem=pybuild
   dh_update_autotools_config -a -O--buildsystem=pybuild
   dh_autoreconf -a -O--buildsystem=pybuild
   dh_auto_configure -a -O--buildsystem=pybuild
I: pybuild base:217: python2.7 setup.py config 
running config
I: pybuild base:217: python2.7-dbg setup.py config 
running config
I: pybuild base:217: python3.6 setup.py config 
running config
I: pybuild base:217: python3.6-dbg setup.py config 
running config
   dh_auto_build -a -O--buildsystem=pybuild
I: pybuild base:217: /usr/bin/python setup.py build 
running build
running build_py
creating /<<PKGBUILDDIR>>/.pybuild/cpython2_2.7/build/cffi
copying cffi/vengine_gen.py -> /<<PKGBUILDDIR>>/.pybuild/cpython2_2.7/build/cffi
copying cffi/recompiler.py -> /<<PKGBUILDDIR>>/.pybuild/cpython2_2.7/build/cffi
copying cffi/cffi_opcode.py -> /<<PKGBUILDDIR>>/.pybuild/cpython2_2.7/build/cffi
copying cffi/vengine_cpy.py -> /<<PKGBUILDDIR>>/.pybuild/cpython2_2.7/build/cffi
copying cffi/error.py -> /<<PKGBUILDDIR>>/.pybuild/cpython2_2.7/build/cffi
copying cffi/backend_ctypes.py -> /<<PKGBUILDDIR>>/.pybuild/cpython2_2.7/build/cffi
copying cffi/api.py -> /<<PKGBUILDDIR>>/.pybuild/cpython2_2.7/build/cffi
copying cffi/__init__.py -> /<<PKGBUILDDIR>>/.pybuild/cpython2_2.7/build/cffi
copying cffi/lock.py -> /<<PKGBUILDDIR>>/.pybuild/cpython2_2.7/build/cffi
copying cffi/model.py -> /<<PKGBUILDDIR>>/.pybuild/cpython2_2.7/build/cffi
copying cffi/ffiplatform.py -> /<<PKGBUILDDIR>>/.pybuild/cpython2_2.7/build/cffi
copying cffi/verifier.py -> /<<PKGBUILDDIR>>/.pybuild/cpython2_2.7/build/cffi
copying cffi/setuptools_ext.py -> /<<PKGBUILDDIR>>/.pybuild/cpython2_2.7/build/cffi
copying cffi/commontypes.py -> /<<PKGBUILDDIR>>/.pybuild/cpython2_2.7/build/cffi
copying cffi/cparser.py -> /<<PKGBUILDDIR>>/.pybuild/cpython2_2.7/build/cffi
copying cffi/_cffi_include.h -> /<<PKGBUILDDIR>>/.pybuild/cpython2_2.7/build/cffi
copying cffi/parse_c_type.h -> /<<PKGBUILDDIR>>/.pybuild/cpython2_2.7/build/cffi
copying cffi/_embedding.h -> /<<PKGBUILDDIR>>/.pybuild/cpython2_2.7/build/cffi
copying cffi/_cffi_errors.h -> /<<PKGBUILDDIR>>/.pybuild/cpython2_2.7/build/cffi
running build_ext
building '_cffi_backend' extension
creating build
creating build/temp.linux-amd64-2.7
creating build/temp.linux-amd64-2.7/c
x86_64-linux-gnu-gcc -pthread -DNDEBUG -g -fwrapv -O2 -Wall -Wstrict-prototypes -fno-strict-aliasing -g -O2 -fdebug-prefix-map=/<<PKGBUILDDIR>>=. -fstack-protector-strong -Wformat -Werror=format-security -Wdate-time -D_FORTIFY_SOURCE=2 -fPIC -DUSE__THREAD -DHAVE_SYNC_SYNCHRONIZE -I/usr/include/ffi -I/usr/include/libffi -I/usr/include/python2.7 -c c/_cffi_backend.c -o build/temp.linux-amd64-2.7/c/_cffi_backend.o
x86_64-linux-gnu-gcc -pthread -shared -Wl,-O1 -Wl,-Bsymbolic-functions -Wl,-z,relro -fno-strict-aliasing -DNDEBUG -g -fwrapv -O2 -Wall -Wstrict-prototypes -Wdate-time -D_FORTIFY_SOURCE=2 -g -fdebug-prefix-map=/build/python2.7-jgBwco/python2.7-2.7.15=. -fstack-protector-strong -Wformat -Werror=format-security -Wl,-z,relro -g -O2 -fdebug-prefix-map=/<<PKGBUILDDIR>>=. -fstack-protector-strong -Wformat -Werror=format-security -Wdate-time -D_FORTIFY_SOURCE=2 build/temp.linux-amd64-2.7/c/_cffi_backend.o -lffi -o /<<PKGBUILDDIR>>/.pybuild/cpython2_2.7/build/_cffi_backend.so
I: pybuild base:217: /usr/bin/python-dbg setup.py build 
running build
running build_py
creating /<<PKGBUILDDIR>>/.pybuild/cpython2_2.7_dbg/build/cffi
copying cffi/vengine_gen.py -> /<<PKGBUILDDIR>>/.pybuild/cpython2_2.7_dbg/build/cffi
copying cffi/recompiler.py -> /<<PKGBUILDDIR>>/.pybuild/cpython2_2.7_dbg/build/cffi
copying cffi/cffi_opcode.py -> /<<PKGBUILDDIR>>/.pybuild/cpython2_2.7_dbg/build/cffi
copying cffi/vengine_cpy.py -> /<<PKGBUILDDIR>>/.pybuild/cpython2_2.7_dbg/build/cffi
copying cffi/error.py -> /<<PKGBUILDDIR>>/.pybuild/cpython2_2.7_dbg/build/cffi
copying cffi/backend_ctypes.py -> /<<PKGBUILDDIR>>/.pybuild/cpython2_2.7_dbg/build/cffi
copying cffi/api.py -> /<<PKGBUILDDIR>>/.pybuild/cpython2_2.7_dbg/build/cffi
copying cffi/__init__.py -> /<<PKGBUILDDIR>>/.pybuild/cpython2_2.7_dbg/build/cffi
copying cffi/lock.py -> /<<PKGBUILDDIR>>/.pybuild/cpython2_2.7_dbg/build/cffi
copying cffi/model.py -> /<<PKGBUILDDIR>>/.pybuild/cpython2_2.7_dbg/build/cffi
copying cffi/ffiplatform.py -> /<<PKGBUILDDIR>>/.pybuild/cpython2_2.7_dbg/build/cffi
copying cffi/verifier.py -> /<<PKGBUILDDIR>>/.pybuild/cpython2_2.7_dbg/build/cffi
copying cffi/setuptools_ext.py -> /<<PKGBUILDDIR>>/.pybuild/cpython2_2.7_dbg/build/cffi
copying cffi/commontypes.py -> /<<PKGBUILDDIR>>/.pybuild/cpython2_2.7_dbg/build/cffi
copying cffi/cparser.py -> /<<PKGBUILDDIR>>/.pybuild/cpython2_2.7_dbg/build/cffi
copying cffi/_cffi_include.h -> /<<PKGBUILDDIR>>/.pybuild/cpython2_2.7_dbg/build/cffi
copying cffi/parse_c_type.h -> /<<PKGBUILDDIR>>/.pybuild/cpython2_2.7_dbg/build/cffi
copying cffi/_embedding.h -> /<<PKGBUILDDIR>>/.pybuild/cpython2_2.7_dbg/build/cffi
copying cffi/_cffi_errors.h -> /<<PKGBUILDDIR>>/.pybuild/cpython2_2.7_dbg/build/cffi
running build_ext
building '_cffi_backend' extension
creating build/temp.linux-amd64-2.7-pydebug
creating build/temp.linux-amd64-2.7-pydebug/c
x86_64-linux-gnu-gcc -pthread -g -O0 -Wall -Wstrict-prototypes -fno-strict-aliasing -g -O2 -fdebug-prefix-map=/<<PKGBUILDDIR>>=. -fstack-protector-strong -Wformat -Werror=format-security -Wdate-time -D_FORTIFY_SOURCE=2 -fPIC -DUSE__THREAD -DHAVE_SYNC_SYNCHRONIZE -I/usr/include/ffi -I/usr/include/libffi -I/usr/include/python2.7_d -c c/_cffi_backend.c -o build/temp.linux-amd64-2.7-pydebug/c/_cffi_backend.o
x86_64-linux-gnu-gcc -pthread -shared -Wl,-O1 -Wl,-Bsymbolic-functions -Wl,-z,relro -fno-strict-aliasing -g -O0 -Wall -Wstrict-prototypes -Wdate-time -g -O0 -fdebug-prefix-map=/build/python2.7-jgBwco/python2.7-2.7.15=. -fstack-protector -Wformat -Werror=format-security -Wdate-time -g -O0 -fdebug-prefix-map=/build/python2.7-jgBwco/python2.7-2.7.15=. -fstack-protector -Wformat -Werror=format-security -Wl,-z,relro -g -O2 -fdebug-prefix-map=/<<PKGBUILDDIR>>=. -fstack-protector-strong -Wformat -Werror=format-security -Wdate-time -D_FORTIFY_SOURCE=2 build/temp.linux-amd64-2.7-pydebug/c/_cffi_backend.o -lffi -o /<<PKGBUILDDIR>>/.pybuild/cpython2_2.7_dbg/build/_cffi_backend_d.so
I: pybuild base:217: /usr/bin/python3 setup.py build 
running build
running build_py
creating /<<PKGBUILDDIR>>/.pybuild/cpython3_3.6/build/cffi
copying cffi/vengine_gen.py -> /<<PKGBUILDDIR>>/.pybuild/cpython3_3.6/build/cffi
copying cffi/recompiler.py -> /<<PKGBUILDDIR>>/.pybuild/cpython3_3.6/build/cffi
copying cffi/cffi_opcode.py -> /<<PKGBUILDDIR>>/.pybuild/cpython3_3.6/build/cffi
copying cffi/vengine_cpy.py -> /<<PKGBUILDDIR>>/.pybuild/cpython3_3.6/build/cffi
copying cffi/error.py -> /<<PKGBUILDDIR>>/.pybuild/cpython3_3.6/build/cffi
copying cffi/backend_ctypes.py -> /<<PKGBUILDDIR>>/.pybuild/cpython3_3.6/build/cffi
copying cffi/api.py -> /<<PKGBUILDDIR>>/.pybuild/cpython3_3.6/build/cffi
copying cffi/__init__.py -> /<<PKGBUILDDIR>>/.pybuild/cpython3_3.6/build/cffi
copying cffi/lock.py -> /<<PKGBUILDDIR>>/.pybuild/cpython3_3.6/build/cffi
copying cffi/model.py -> /<<PKGBUILDDIR>>/.pybuild/cpython3_3.6/build/cffi
copying cffi/ffiplatform.py -> /<<PKGBUILDDIR>>/.pybuild/cpython3_3.6/build/cffi
copying cffi/verifier.py -> /<<PKGBUILDDIR>>/.pybuild/cpython3_3.6/build/cffi
copying cffi/setuptools_ext.py -> /<<PKGBUILDDIR>>/.pybuild/cpython3_3.6/build/cffi
copying cffi/commontypes.py -> /<<PKGBUILDDIR>>/.pybuild/cpython3_3.6/build/cffi
copying cffi/cparser.py -> /<<PKGBUILDDIR>>/.pybuild/cpython3_3.6/build/cffi
copying cffi/_cffi_include.h -> /<<PKGBUILDDIR>>/.pybuild/cpython3_3.6/build/cffi
copying cffi/parse_c_type.h -> /<<PKGBUILDDIR>>/.pybuild/cpython3_3.6/build/cffi
copying cffi/_embedding.h -> /<<PKGBUILDDIR>>/.pybuild/cpython3_3.6/build/cffi
copying cffi/_cffi_errors.h -> /<<PKGBUILDDIR>>/.pybuild/cpython3_3.6/build/cffi
running build_ext
building '_cffi_backend' extension
creating build/temp.linux-amd64-3.6
creating build/temp.linux-amd64-3.6/c
x86_64-linux-gnu-gcc -pthread -DNDEBUG -g -fwrapv -O2 -Wall -Wstrict-prototypes -g -O2 -fdebug-prefix-map=/<<PKGBUILDDIR>>=. -fstack-protector-strong -Wformat -Werror=format-security -Wdate-time -D_FORTIFY_SOURCE=2 -fPIC -DUSE__THREAD -DHAVE_SYNC_SYNCHRONIZE -I/usr/include/ffi -I/usr/include/libffi -I/usr/include/python3.6m -c c/_cffi_backend.c -o build/temp.linux-amd64-3.6/c/_cffi_backend.o
x86_64-linux-gnu-gcc -pthread -shared -Wl,-O1 -Wl,-Bsymbolic-functions -Wl,-z,relro -Wl,-z,relro -g -O2 -fdebug-prefix-map=/<<PKGBUILDDIR>>=. -fstack-protector-strong -Wformat -Werror=format-security -Wdate-time -D_FORTIFY_SOURCE=2 build/temp.linux-amd64-3.6/c/_cffi_backend.o -lffi -o /<<PKGBUILDDIR>>/.pybuild/cpython3_3.6/build/_cffi_backend.cpython-36m-x86_64-linux-gnu.so
I: pybuild base:217: /usr/bin/python3-dbg setup.py build 
running build
running build_py
creating /<<PKGBUILDDIR>>/.pybuild/cpython3_3.6_dbg/build/cffi
copying cffi/vengine_gen.py -> /<<PKGBUILDDIR>>/.pybuild/cpython3_3.6_dbg/build/cffi
copying cffi/recompiler.py -> /<<PKGBUILDDIR>>/.pybuild/cpython3_3.6_dbg/build/cffi
copying cffi/cffi_opcode.py -> /<<PKGBUILDDIR>>/.pybuild/cpython3_3.6_dbg/build/cffi
copying cffi/vengine_cpy.py -> /<<PKGBUILDDIR>>/.pybuild/cpython3_3.6_dbg/build/cffi
copying cffi/error.py -> /<<PKGBUILDDIR>>/.pybuild/cpython3_3.6_dbg/build/cffi
copying cffi/backend_ctypes.py -> /<<PKGBUILDDIR>>/.pybuild/cpython3_3.6_dbg/build/cffi
copying cffi/api.py -> /<<PKGBUILDDIR>>/.pybuild/cpython3_3.6_dbg/build/cffi
copying cffi/__init__.py -> /<<PKGBUILDDIR>>/.pybuild/cpython3_3.6_dbg/build/cffi
copying cffi/lock.py -> /<<PKGBUILDDIR>>/.pybuild/cpython3_3.6_dbg/build/cffi
copying cffi/model.py -> /<<PKGBUILDDIR>>/.pybuild/cpython3_3.6_dbg/build/cffi
copying cffi/ffiplatform.py -> /<<PKGBUILDDIR>>/.pybuild/cpython3_3.6_dbg/build/cffi
copying cffi/verifier.py -> /<<PKGBUILDDIR>>/.pybuild/cpython3_3.6_dbg/build/cffi
copying cffi/setuptools_ext.py -> /<<PKGBUILDDIR>>/.pybuild/cpython3_3.6_dbg/build/cffi
copying cffi/commontypes.py -> /<<PKGBUILDDIR>>/.pybuild/cpython3_3.6_dbg/build/cffi
copying cffi/cparser.py -> /<<PKGBUILDDIR>>/.pybuild/cpython3_3.6_dbg/build/cffi
copying cffi/_cffi_include.h -> /<<PKGBUILDDIR>>/.pybuild/cpython3_3.6_dbg/build/cffi
copying cffi/parse_c_type.h -> /<<PKGBUILDDIR>>/.pybuild/cpython3_3.6_dbg/build/cffi
copying cffi/_embedding.h -> /<<PKGBUILDDIR>>/.pybuild/cpython3_3.6_dbg/build/cffi
copying cffi/_cffi_errors.h -> /<<PKGBUILDDIR>>/.pybuild/cpython3_3.6_dbg/build/cffi
running build_ext
building '_cffi_backend' extension
creating build/temp.linux-amd64-3.6-pydebug
creating build/temp.linux-amd64-3.6-pydebug/c
x86_64-linux-gnu-gcc -pthread -g -Og -Wall -Wstrict-prototypes -g -O2 -fdebug-prefix-map=/<<PKGBUILDDIR>>=. -fstack-protector-strong -Wformat -Werror=format-security -Wdate-time -D_FORTIFY_SOURCE=2 -fPIC -DUSE__THREAD -DHAVE_SYNC_SYNCHRONIZE -I/usr/include/ffi -I/usr/include/libffi -I/usr/include/python3.6dm -c c/_cffi_backend.c -o build/temp.linux-amd64-3.6-pydebug/c/_cffi_backend.o
x86_64-linux-gnu-gcc -pthread -shared -Wl,-O1 -Wl,-Bsymbolic-functions -Wl,-z,relro -Wl,-z,relro -g -O2 -fdebug-prefix-map=/<<PKGBUILDDIR>>=. -fstack-protector-strong -Wformat -Werror=format-security -Wdate-time -D_FORTIFY_SOURCE=2 build/temp.linux-amd64-3.6-pydebug/c/_cffi_backend.o -lffi -o /<<PKGBUILDDIR>>/.pybuild/cpython3_3.6_dbg/build/_cffi_backend.cpython-36dm-x86_64-linux-gnu.so
   debian/rules override_dh_auto_test
make[1]: Entering directory '/<<PKGBUILDDIR>>'
PYBUILD_SYSTEM=custom \
	PYBUILD_TEST_ARGS="{interpreter} -m pytest c/ testing/" \
	dh_auto_test
I: pybuild base:217: python2.7 -m pytest c/ testing/
============================= test session starts ==============================
platform linux2 -- Python 2.7.15, pytest-3.3.2, py-1.5.3, pluggy-0.6.0
rootdir: /<<PKGBUILDDIR>>, inifile:
collected 1973 items

c/test_c.py ............................................................ [  3%]
........................................................................ [  6%]
...........s.......................s.................................... [ 10%]
......                                                                   [ 10%]
testing/cffi0/test_cdata.py .                                            [ 10%]
testing/cffi0/test_ctypes.py ..................s...............s.s.s.... [ 12%]
...s.........................sssssss..s..s.............................. [ 16%]
...........ssssssss.                                                     [ 17%]
testing/cffi0/test_ffi_backend.py ...................................... [ 19%]
.............................................s...s...................... [ 23%]
......................................s....................ss........... [ 26%]
....s.s...s..................                                            [ 28%]
testing/cffi0/test_function.py ......s............s..ss..sss..s          [ 29%]
testing/cffi0/test_model.py .............                                [ 30%]
testing/cffi0/test_ownlib.py ..ss...ss                                   [ 30%]
testing/cffi0/test_parsing.py ......................s.........           [ 32%]
testing/cffi0/test_platform.py ....                                      [ 32%]
testing/cffi0/test_unicode_literals.py ............                      [ 33%]
testing/cffi0/test_verify.py .........................s.....s........... [ 35%]
........................................................................ [ 39%]
..............................s...s.............ss                       [ 41%]
testing/cffi0/test_verify2.py .........................s.....s.......... [ 43%]
........................................................................ [ 47%]
...............................s...s.............ss                      [ 50%]
testing/cffi0/test_version.py ......                                     [ 50%]
testing/cffi0/test_vgen.py .........................s.....s............. [ 52%]
........................................................................ [ 56%]
............................s...s.............ss                         [ 58%]
testing/cffi0/test_vgen2.py .........................s.....s............ [ 61%]
........................................................................ [ 64%]
.............................s...s.............ss                        [ 67%]
testing/cffi0/test_zdistutils.py ......................................  [ 69%]
testing/cffi0/test_zintegration.py FFFFFFF.                              [ 69%]
testing/cffi1/test_cffi_binary.py .                                      [ 69%]
testing/cffi1/test_commontypes.py ...                                    [ 69%]
testing/cffi1/test_dlopen.py ...............                             [ 70%]
testing/cffi1/test_dlopen_unicode_literals.py ...............            [ 71%]
testing/cffi1/test_ffi_obj.py .............................s............ [ 73%]
.                                                                        [ 73%]
testing/cffi1/test_new_ffi_1.py ........................................ [ 75%]
.........................................s...s.......................... [ 79%]
..........                                                               [ 79%]
testing/cffi1/test_parse_c_type.py ..................                    [ 80%]
testing/cffi1/test_re_python.py ...................                      [ 81%]
testing/cffi1/test_realize_c_type.py .........                           [ 81%]
testing/cffi1/test_recompiler.py ....................................... [ 83%]
.......F..............F.......F......................................... [ 87%]
.......................s....................                             [ 89%]
testing/cffi1/test_unicode_literals.py .......                           [ 90%]
testing/cffi1/test_verify1.py .............................s............ [ 92%]
..............................................................s.....xxx. [ 95%]
...x......................s...s....s...s.ss                              [ 98%]
testing/cffi1/test_zdist.py .......................                      [ 99%]
testing/embedding/test_basic.py ....                                     [ 99%]
testing/embedding/test_performance.py .....                              [ 99%]
testing/embedding/test_recursive.py .                                    [ 99%]
testing/embedding/test_thread.py ....                                    [ 99%]
testing/embedding/test_tlocal.py .                                       [100%]

=================================== FAILURES ===================================
_____________________ TestZIntegration.test_infrastructure _____________________

self = <testing.cffi0.test_zintegration.TestZIntegration object at 0x7fb98805f590>

    def test_infrastructure(self):
        run_setup_and_program('infrastructure', '''
            import snip_infrastructure
            assert snip_infrastructure.func() == 42
>           ''')

testing/cffi0/test_zintegration.py:108: 
_ _ _ _ _ _ _ _ _ _ _ _ _ _ _ _ _ _ _ _ _ _ _ _ _ _ _ _ _ _ _ _ _ _ _ _ _ _ _ _ 
testing/cffi0/test_zintegration.py:84: in run_setup_and_program
    venv_dir = create_venv(dirname + '-cpy')
testing/cffi0/test_zintegration.py:18: in create_venv
    str(tmpdir)])
_ _ _ _ _ _ _ _ _ _ _ _ _ _ _ _ _ _ _ _ _ _ _ _ _ _ _ _ _ _ _ _ _ _ _ _ _ _ _ _ 

popenargs = (['virtualenv', '-p', '/usr/bin/python2.7', '/tmp/ffi-0/infrastructure-cpy'],)
kwargs = {}, retcode = 1
cmd = ['virtualenv', '-p', '/usr/bin/python2.7', '/tmp/ffi-0/infrastructure-cpy']

    def check_call(*popenargs, **kwargs):
        """Run command with arguments.  Wait for command to complete.  If
        the exit code was zero then return, otherwise raise
        CalledProcessError.  The CalledProcessError object will have the
        return code in the returncode attribute.
    
        The arguments are the same as for the Popen constructor.  Example:
    
        check_call(["ls", "-l"])
        """
        retcode = call(*popenargs, **kwargs)
        if retcode:
            cmd = kwargs.get("args")
            if cmd is None:
                cmd = popenargs[0]
>           raise CalledProcessError(retcode, cmd)
E           CalledProcessError: Command '['virtualenv', '-p', '/usr/bin/python2.7', '/tmp/ffi-0/infrastructure-cpy']' returned non-zero exit status 1

/usr/lib/python2.7/subprocess.py:190: CalledProcessError
----------------------------- Captured stdout call -----------------------------
New python executable in /tmp/ffi-0/infrastructure-cpy/bin/python2.7
Also creating executable in /tmp/ffi-0/infrastructure-cpy/bin/python
Installing setuptools, pkg_resources, pip, wheel...
  Complete output from command /tmp/ffi-0/infrastructure-cpy/bin/python2.7 - setuptools pkg_resources pip wheel:
  Traceback (most recent call last):
  File "<stdin>", line 7, in <module>
  File "/usr/share/python-wheels/pip-9.0.1-py2.py3-none-any.whl/pip/__init__.py", line 31, in <module>
  File "/usr/share/python-wheels/pip-9.0.1-py2.py3-none-any.whl/pip/vcs/mercurial.py", line 9, in <module>
  File "/usr/share/python-wheels/pip-9.0.1-py2.py3-none-any.whl/pip/download.py", line 40, in <module>
ImportError: cannot import name requests
----------------------------------------
...Installing setuptools, pkg_resources, pip, wheel...done.
Running virtualenv with interpreter /usr/bin/python2.7
----------------------------- Captured stderr call -----------------------------
Traceback (most recent call last):
  File "/usr/lib/python3/dist-packages/virtualenv.py", line 2375, in <module>
    main()
  File "/usr/lib/python3/dist-packages/virtualenv.py", line 724, in main
    symlink=options.symlink)
  File "/usr/lib/python3/dist-packages/virtualenv.py", line 992, in create_environment
    download=download,
  File "/usr/lib/python3/dist-packages/virtualenv.py", line 922, in install_wheel
    call_subprocess(cmd, show_stdout=False, extra_env=env, stdin=SCRIPT)
  File "/usr/lib/python3/dist-packages/virtualenv.py", line 817, in call_subprocess
    % (cmd_desc, proc.returncode))
OSError: Command /tmp/ffi-0/infrastructure-cpy/bin/python2.7 - setuptools pkg_resources pip wheel failed with error code 1
____________________ TestZIntegration.test_distutils_module ____________________

self = <testing.cffi0.test_zintegration.TestZIntegration object at 0x7fb985edd690>

    def test_distutils_module(self):
        run_setup_and_program("distutils_module", '''
            import snip_basic_verify
            p = snip_basic_verify.C.getpwuid(0)
            assert snip_basic_verify.ffi.string(p.pw_name) == b"root"
>           ''')

testing/cffi0/test_zintegration.py:115: 
_ _ _ _ _ _ _ _ _ _ _ _ _ _ _ _ _ _ _ _ _ _ _ _ _ _ _ _ _ _ _ _ _ _ _ _ _ _ _ _ 
testing/cffi0/test_zintegration.py:84: in run_setup_and_program
    venv_dir = create_venv(dirname + '-cpy')
testing/cffi0/test_zintegration.py:18: in create_venv
    str(tmpdir)])
_ _ _ _ _ _ _ _ _ _ _ _ _ _ _ _ _ _ _ _ _ _ _ _ _ _ _ _ _ _ _ _ _ _ _ _ _ _ _ _ 

popenargs = (['virtualenv', '-p', '/usr/bin/python2.7', '/tmp/ffi-0/distutils_module-cpy'],)
kwargs = {}, retcode = 1
cmd = ['virtualenv', '-p', '/usr/bin/python2.7', '/tmp/ffi-0/distutils_module-cpy']

    def check_call(*popenargs, **kwargs):
        """Run command with arguments.  Wait for command to complete.  If
        the exit code was zero then return, otherwise raise
        CalledProcessError.  The CalledProcessError object will have the
        return code in the returncode attribute.
    
        The arguments are the same as for the Popen constructor.  Example:
    
        check_call(["ls", "-l"])
        """
        retcode = call(*popenargs, **kwargs)
        if retcode:
            cmd = kwargs.get("args")
            if cmd is None:
                cmd = popenargs[0]
>           raise CalledProcessError(retcode, cmd)
E           CalledProcessError: Command '['virtualenv', '-p', '/usr/bin/python2.7', '/tmp/ffi-0/distutils_module-cpy']' returned non-zero exit status 1

/usr/lib/python2.7/subprocess.py:190: CalledProcessError
----------------------------- Captured stdout call -----------------------------
New python executable in /tmp/ffi-0/distutils_module-cpy/bin/python2.7
Also creating executable in /tmp/ffi-0/distutils_module-cpy/bin/python
Installing setuptools, pkg_resources, pip, wheel...
  Complete output from command /tmp/ffi-0/distutils_module-cpy/bin/python2.7 - setuptools pkg_resources pip wheel:
  Traceback (most recent call last):
  File "<stdin>", line 7, in <module>
  File "/usr/share/python-wheels/pip-9.0.1-py2.py3-none-any.whl/pip/__init__.py", line 31, in <module>
  File "/usr/share/python-wheels/pip-9.0.1-py2.py3-none-any.whl/pip/vcs/mercurial.py", line 9, in <module>
  File "/usr/share/python-wheels/pip-9.0.1-py2.py3-none-any.whl/pip/download.py", line 40, in <module>
ImportError: cannot import name requests
----------------------------------------
...Installing setuptools, pkg_resources, pip, wheel...done.
Running virtualenv with interpreter /usr/bin/python2.7
----------------------------- Captured stderr call -----------------------------
Traceback (most recent call last):
  File "/usr/lib/python3/dist-packages/virtualenv.py", line 2375, in <module>
    main()
  File "/usr/lib/python3/dist-packages/virtualenv.py", line 724, in main
    symlink=options.symlink)
  File "/usr/lib/python3/dist-packages/virtualenv.py", line 992, in create_environment
    download=download,
  File "/usr/lib/python3/dist-packages/virtualenv.py", line 922, in install_wheel
    call_subprocess(cmd, show_stdout=False, extra_env=env, stdin=SCRIPT)
  File "/usr/lib/python3/dist-packages/virtualenv.py", line 817, in call_subprocess
    % (cmd_desc, proc.returncode))
OSError: Command /tmp/ffi-0/distutils_module-cpy/bin/python2.7 - setuptools pkg_resources pip wheel failed with error code 1
__________________ TestZIntegration.test_distutils_package_1 ___________________

self = <testing.cffi0.test_zintegration.TestZIntegration object at 0x7fb98856a510>

    def test_distutils_package_1(self):
        run_setup_and_program("distutils_package_1", '''
            import snip_basic_verify1
            p = snip_basic_verify1.C.getpwuid(0)
            assert snip_basic_verify1.ffi.string(p.pw_name) == b"root"
>           ''')

testing/cffi0/test_zintegration.py:122: 
_ _ _ _ _ _ _ _ _ _ _ _ _ _ _ _ _ _ _ _ _ _ _ _ _ _ _ _ _ _ _ _ _ _ _ _ _ _ _ _ 
testing/cffi0/test_zintegration.py:84: in run_setup_and_program
    venv_dir = create_venv(dirname + '-cpy')
testing/cffi0/test_zintegration.py:18: in create_venv
    str(tmpdir)])
_ _ _ _ _ _ _ _ _ _ _ _ _ _ _ _ _ _ _ _ _ _ _ _ _ _ _ _ _ _ _ _ _ _ _ _ _ _ _ _ 

popenargs = (['virtualenv', '-p', '/usr/bin/python2.7', '/tmp/ffi-0/distutils_package_1-cpy'],)
kwargs = {}, retcode = 1
cmd = ['virtualenv', '-p', '/usr/bin/python2.7', '/tmp/ffi-0/distutils_package_1-cpy']

    def check_call(*popenargs, **kwargs):
        """Run command with arguments.  Wait for command to complete.  If
        the exit code was zero then return, otherwise raise
        CalledProcessError.  The CalledProcessError object will have the
        return code in the returncode attribute.
    
        The arguments are the same as for the Popen constructor.  Example:
    
        check_call(["ls", "-l"])
        """
        retcode = call(*popenargs, **kwargs)
        if retcode:
            cmd = kwargs.get("args")
            if cmd is None:
                cmd = popenargs[0]
>           raise CalledProcessError(retcode, cmd)
E           CalledProcessError: Command '['virtualenv', '-p', '/usr/bin/python2.7', '/tmp/ffi-0/distutils_package_1-cpy']' returned non-zero exit status 1

/usr/lib/python2.7/subprocess.py:190: CalledProcessError
----------------------------- Captured stdout call -----------------------------
New python executable in /tmp/ffi-0/distutils_package_1-cpy/bin/python2.7
Also creating executable in /tmp/ffi-0/distutils_package_1-cpy/bin/python
Installing setuptools, pkg_resources, pip, wheel...
  Complete output from command /tmp/ffi-0/distutils..._1-cpy/bin/python2.7 - setuptools pkg_resources pip wheel:
  Traceback (most recent call last):
  File "<stdin>", line 7, in <module>
  File "/usr/share/python-wheels/pip-9.0.1-py2.py3-none-any.whl/pip/__init__.py", line 31, in <module>
  File "/usr/share/python-wheels/pip-9.0.1-py2.py3-none-any.whl/pip/vcs/mercurial.py", line 9, in <module>
  File "/usr/share/python-wheels/pip-9.0.1-py2.py3-none-any.whl/pip/download.py", line 40, in <module>
ImportError: cannot import name requests
----------------------------------------
...Installing setuptools, pkg_resources, pip, wheel...done.
Running virtualenv with interpreter /usr/bin/python2.7
----------------------------- Captured stderr call -----------------------------
Traceback (most recent call last):
  File "/usr/lib/python3/dist-packages/virtualenv.py", line 2375, in <module>
    main()
  File "/usr/lib/python3/dist-packages/virtualenv.py", line 724, in main
    symlink=options.symlink)
  File "/usr/lib/python3/dist-packages/virtualenv.py", line 992, in create_environment
    download=download,
  File "/usr/lib/python3/dist-packages/virtualenv.py", line 922, in install_wheel
    call_subprocess(cmd, show_stdout=False, extra_env=env, stdin=SCRIPT)
  File "/usr/lib/python3/dist-packages/virtualenv.py", line 817, in call_subprocess
    % (cmd_desc, proc.returncode))
OSError: Command /tmp/ffi-0/distutils..._1-cpy/bin/python2.7 - setuptools pkg_resources pip wheel failed with error code 1
__________________ TestZIntegration.test_distutils_package_2 ___________________

self = <testing.cffi0.test_zintegration.TestZIntegration object at 0x7fb98856f9d0>

    def test_distutils_package_2(self):
        run_setup_and_program("distutils_package_2", '''
            import snip_basic_verify2
            p = snip_basic_verify2.C.getpwuid(0)
            assert snip_basic_verify2.ffi.string(p.pw_name) == b"root"
>           ''')

testing/cffi0/test_zintegration.py:129: 
_ _ _ _ _ _ _ _ _ _ _ _ _ _ _ _ _ _ _ _ _ _ _ _ _ _ _ _ _ _ _ _ _ _ _ _ _ _ _ _ 
testing/cffi0/test_zintegration.py:84: in run_setup_and_program
    venv_dir = create_venv(dirname + '-cpy')
testing/cffi0/test_zintegration.py:18: in create_venv
    str(tmpdir)])
_ _ _ _ _ _ _ _ _ _ _ _ _ _ _ _ _ _ _ _ _ _ _ _ _ _ _ _ _ _ _ _ _ _ _ _ _ _ _ _ 

popenargs = (['virtualenv', '-p', '/usr/bin/python2.7', '/tmp/ffi-0/distutils_package_2-cpy'],)
kwargs = {}, retcode = 1
cmd = ['virtualenv', '-p', '/usr/bin/python2.7', '/tmp/ffi-0/distutils_package_2-cpy']

    def check_call(*popenargs, **kwargs):
        """Run command with arguments.  Wait for command to complete.  If
        the exit code was zero then return, otherwise raise
        CalledProcessError.  The CalledProcessError object will have the
        return code in the returncode attribute.
    
        The arguments are the same as for the Popen constructor.  Example:
    
        check_call(["ls", "-l"])
        """
        retcode = call(*popenargs, **kwargs)
        if retcode:
            cmd = kwargs.get("args")
            if cmd is None:
                cmd = popenargs[0]
>           raise CalledProcessError(retcode, cmd)
E           CalledProcessError: Command '['virtualenv', '-p', '/usr/bin/python2.7', '/tmp/ffi-0/distutils_package_2-cpy']' returned non-zero exit status 1

/usr/lib/python2.7/subprocess.py:190: CalledProcessError
----------------------------- Captured stdout call -----------------------------
New python executable in /tmp/ffi-0/distutils_package_2-cpy/bin/python2.7
Also creating executable in /tmp/ffi-0/distutils_package_2-cpy/bin/python
Installing setuptools, pkg_resources, pip, wheel...
  Complete output from command /tmp/ffi-0/distutils..._2-cpy/bin/python2.7 - setuptools pkg_resources pip wheel:
  Traceback (most recent call last):
  File "<stdin>", line 7, in <module>
  File "/usr/share/python-wheels/pip-9.0.1-py2.py3-none-any.whl/pip/__init__.py", line 31, in <module>
  File "/usr/share/python-wheels/pip-9.0.1-py2.py3-none-any.whl/pip/vcs/mercurial.py", line 9, in <module>
  File "/usr/share/python-wheels/pip-9.0.1-py2.py3-none-any.whl/pip/download.py", line 40, in <module>
ImportError: cannot import name requests
----------------------------------------
...Installing setuptools, pkg_resources, pip, wheel...done.
Running virtualenv with interpreter /usr/bin/python2.7
----------------------------- Captured stderr call -----------------------------
Traceback (most recent call last):
  File "/usr/lib/python3/dist-packages/virtualenv.py", line 2375, in <module>
    main()
  File "/usr/lib/python3/dist-packages/virtualenv.py", line 724, in main
    symlink=options.symlink)
  File "/usr/lib/python3/dist-packages/virtualenv.py", line 992, in create_environment
    download=download,
  File "/usr/lib/python3/dist-packages/virtualenv.py", line 922, in install_wheel
    call_subprocess(cmd, show_stdout=False, extra_env=env, stdin=SCRIPT)
  File "/usr/lib/python3/dist-packages/virtualenv.py", line 817, in call_subprocess
    % (cmd_desc, proc.returncode))
OSError: Command /tmp/ffi-0/distutils..._2-cpy/bin/python2.7 - setuptools pkg_resources pip wheel failed with error code 1
___________________ TestZIntegration.test_setuptools_module ____________________

self = <testing.cffi0.test_zintegration.TestZIntegration object at 0x7fb98616f090>

    def test_setuptools_module(self):
        run_setup_and_program("setuptools_module", '''
            import snip_setuptools_verify
            p = snip_setuptools_verify.C.getpwuid(0)
            assert snip_setuptools_verify.ffi.string(p.pw_name) == b"root"
>           ''')

testing/cffi0/test_zintegration.py:136: 
_ _ _ _ _ _ _ _ _ _ _ _ _ _ _ _ _ _ _ _ _ _ _ _ _ _ _ _ _ _ _ _ _ _ _ _ _ _ _ _ 
testing/cffi0/test_zintegration.py:84: in run_setup_and_program
    venv_dir = create_venv(dirname + '-cpy')
testing/cffi0/test_zintegration.py:18: in create_venv
    str(tmpdir)])
_ _ _ _ _ _ _ _ _ _ _ _ _ _ _ _ _ _ _ _ _ _ _ _ _ _ _ _ _ _ _ _ _ _ _ _ _ _ _ _ 

popenargs = (['virtualenv', '-p', '/usr/bin/python2.7', '/tmp/ffi-0/setuptools_module-cpy'],)
kwargs = {}, retcode = 1
cmd = ['virtualenv', '-p', '/usr/bin/python2.7', '/tmp/ffi-0/setuptools_module-cpy']

    def check_call(*popenargs, **kwargs):
        """Run command with arguments.  Wait for command to complete.  If
        the exit code was zero then return, otherwise raise
        CalledProcessError.  The CalledProcessError object will have the
        return code in the returncode attribute.
    
        The arguments are the same as for the Popen constructor.  Example:
    
        check_call(["ls", "-l"])
        """
        retcode = call(*popenargs, **kwargs)
        if retcode:
            cmd = kwargs.get("args")
            if cmd is None:
                cmd = popenargs[0]
>           raise CalledProcessError(retcode, cmd)
E           CalledProcessError: Command '['virtualenv', '-p', '/usr/bin/python2.7', '/tmp/ffi-0/setuptools_module-cpy']' returned non-zero exit status 1

/usr/lib/python2.7/subprocess.py:190: CalledProcessError
----------------------------- Captured stdout call -----------------------------
New python executable in /tmp/ffi-0/setuptools_module-cpy/bin/python2.7
Also creating executable in /tmp/ffi-0/setuptools_module-cpy/bin/python
Installing setuptools, pkg_resources, pip, wheel...
  Complete output from command /tmp/ffi-0/setuptool...le-cpy/bin/python2.7 - setuptools pkg_resources pip wheel:
  Traceback (most recent call last):
  File "<stdin>", line 7, in <module>
  File "/usr/share/python-wheels/pip-9.0.1-py2.py3-none-any.whl/pip/__init__.py", line 31, in <module>
  File "/usr/share/python-wheels/pip-9.0.1-py2.py3-none-any.whl/pip/vcs/mercurial.py", line 9, in <module>
  File "/usr/share/python-wheels/pip-9.0.1-py2.py3-none-any.whl/pip/download.py", line 40, in <module>
ImportError: cannot import name requests
----------------------------------------
...Installing setuptools, pkg_resources, pip, wheel...done.
Running virtualenv with interpreter /usr/bin/python2.7
----------------------------- Captured stderr call -----------------------------
Traceback (most recent call last):
  File "/usr/lib/python3/dist-packages/virtualenv.py", line 2375, in <module>
    main()
  File "/usr/lib/python3/dist-packages/virtualenv.py", line 724, in main
    symlink=options.symlink)
  File "/usr/lib/python3/dist-packages/virtualenv.py", line 992, in create_environment
    download=download,
  File "/usr/lib/python3/dist-packages/virtualenv.py", line 922, in install_wheel
    call_subprocess(cmd, show_stdout=False, extra_env=env, stdin=SCRIPT)
  File "/usr/lib/python3/dist-packages/virtualenv.py", line 817, in call_subprocess
    % (cmd_desc, proc.returncode))
OSError: Command /tmp/ffi-0/setuptool...le-cpy/bin/python2.7 - setuptools pkg_resources pip wheel failed with error code 1
__________________ TestZIntegration.test_setuptools_package_1 __________________

self = <testing.cffi0.test_zintegration.TestZIntegration object at 0x7fb987753b90>

    def test_setuptools_package_1(self):
        run_setup_and_program("setuptools_package_1", '''
            import snip_setuptools_verify1
            p = snip_setuptools_verify1.C.getpwuid(0)
            assert snip_setuptools_verify1.ffi.string(p.pw_name) == b"root"
>           ''')

testing/cffi0/test_zintegration.py:143: 
_ _ _ _ _ _ _ _ _ _ _ _ _ _ _ _ _ _ _ _ _ _ _ _ _ _ _ _ _ _ _ _ _ _ _ _ _ _ _ _ 
testing/cffi0/test_zintegration.py:84: in run_setup_and_program
    venv_dir = create_venv(dirname + '-cpy')
testing/cffi0/test_zintegration.py:18: in create_venv
    str(tmpdir)])
_ _ _ _ _ _ _ _ _ _ _ _ _ _ _ _ _ _ _ _ _ _ _ _ _ _ _ _ _ _ _ _ _ _ _ _ _ _ _ _ 

popenargs = (['virtualenv', '-p', '/usr/bin/python2.7', '/tmp/ffi-0/setuptools_package_1-cpy'],)
kwargs = {}, retcode = 1
cmd = ['virtualenv', '-p', '/usr/bin/python2.7', '/tmp/ffi-0/setuptools_package_1-cpy']

    def check_call(*popenargs, **kwargs):
        """Run command with arguments.  Wait for command to complete.  If
        the exit code was zero then return, otherwise raise
        CalledProcessError.  The CalledProcessError object will have the
        return code in the returncode attribute.
    
        The arguments are the same as for the Popen constructor.  Example:
    
        check_call(["ls", "-l"])
        """
        retcode = call(*popenargs, **kwargs)
        if retcode:
            cmd = kwargs.get("args")
            if cmd is None:
                cmd = popenargs[0]
>           raise CalledProcessError(retcode, cmd)
E           CalledProcessError: Command '['virtualenv', '-p', '/usr/bin/python2.7', '/tmp/ffi-0/setuptools_package_1-cpy']' returned non-zero exit status 1

/usr/lib/python2.7/subprocess.py:190: CalledProcessError
----------------------------- Captured stdout call -----------------------------
New python executable in /tmp/ffi-0/setuptools_package_1-cpy/bin/python2.7
Also creating executable in /tmp/ffi-0/setuptools_package_1-cpy/bin/python
Installing setuptools, pkg_resources, pip, wheel...
  Complete output from command /tmp/ffi-0/setuptool..._1-cpy/bin/python2.7 - setuptools pkg_resources pip wheel:
  Traceback (most recent call last):
  File "<stdin>", line 7, in <module>
  File "/usr/share/python-wheels/pip-9.0.1-py2.py3-none-any.whl/pip/__init__.py", line 31, in <module>
  File "/usr/share/python-wheels/pip-9.0.1-py2.py3-none-any.whl/pip/vcs/mercurial.py", line 9, in <module>
  File "/usr/share/python-wheels/pip-9.0.1-py2.py3-none-any.whl/pip/download.py", line 40, in <module>
ImportError: cannot import name requests
----------------------------------------
...Installing setuptools, pkg_resources, pip, wheel...done.
Running virtualenv with interpreter /usr/bin/python2.7
----------------------------- Captured stderr call -----------------------------
Traceback (most recent call last):
  File "/usr/lib/python3/dist-packages/virtualenv.py", line 2375, in <module>
    main()
  File "/usr/lib/python3/dist-packages/virtualenv.py", line 724, in main
    symlink=options.symlink)
  File "/usr/lib/python3/dist-packages/virtualenv.py", line 992, in create_environment
    download=download,
  File "/usr/lib/python3/dist-packages/virtualenv.py", line 922, in install_wheel
    call_subprocess(cmd, show_stdout=False, extra_env=env, stdin=SCRIPT)
  File "/usr/lib/python3/dist-packages/virtualenv.py", line 817, in call_subprocess
    % (cmd_desc, proc.returncode))
OSError: Command /tmp/ffi-0/setuptool..._1-cpy/bin/python2.7 - setuptools pkg_resources pip wheel failed with error code 1
__________________ TestZIntegration.test_setuptools_package_2 __________________

self = <testing.cffi0.test_zintegration.TestZIntegration object at 0x7fb986930b90>

    def test_setuptools_package_2(self):
        run_setup_and_program("setuptools_package_2", '''
            import snip_setuptools_verify2
            p = snip_setuptools_verify2.C.getpwuid(0)
            assert snip_setuptools_verify2.ffi.string(p.pw_name) == b"root"
>           ''')

testing/cffi0/test_zintegration.py:150: 
_ _ _ _ _ _ _ _ _ _ _ _ _ _ _ _ _ _ _ _ _ _ _ _ _ _ _ _ _ _ _ _ _ _ _ _ _ _ _ _ 
testing/cffi0/test_zintegration.py:84: in run_setup_and_program
    venv_dir = create_venv(dirname + '-cpy')
testing/cffi0/test_zintegration.py:18: in create_venv
    str(tmpdir)])
_ _ _ _ _ _ _ _ _ _ _ _ _ _ _ _ _ _ _ _ _ _ _ _ _ _ _ _ _ _ _ _ _ _ _ _ _ _ _ _ 

popenargs = (['virtualenv', '-p', '/usr/bin/python2.7', '/tmp/ffi-0/setuptools_package_2-cpy'],)
kwargs = {}, retcode = 1
cmd = ['virtualenv', '-p', '/usr/bin/python2.7', '/tmp/ffi-0/setuptools_package_2-cpy']

    def check_call(*popenargs, **kwargs):
        """Run command with arguments.  Wait for command to complete.  If
        the exit code was zero then return, otherwise raise
        CalledProcessError.  The CalledProcessError object will have the
        return code in the returncode attribute.
    
        The arguments are the same as for the Popen constructor.  Example:
    
        check_call(["ls", "-l"])
        """
        retcode = call(*popenargs, **kwargs)
        if retcode:
            cmd = kwargs.get("args")
            if cmd is None:
                cmd = popenargs[0]
>           raise CalledProcessError(retcode, cmd)
E           CalledProcessError: Command '['virtualenv', '-p', '/usr/bin/python2.7', '/tmp/ffi-0/setuptools_package_2-cpy']' returned non-zero exit status 1

/usr/lib/python2.7/subprocess.py:190: CalledProcessError
----------------------------- Captured stdout call -----------------------------
New python executable in /tmp/ffi-0/setuptools_package_2-cpy/bin/python2.7
Also creating executable in /tmp/ffi-0/setuptools_package_2-cpy/bin/python
Installing setuptools, pkg_resources, pip, wheel...
  Complete output from command /tmp/ffi-0/setuptool..._2-cpy/bin/python2.7 - setuptools pkg_resources pip wheel:
  Traceback (most recent call last):
  File "<stdin>", line 7, in <module>
  File "/usr/share/python-wheels/pip-9.0.1-py2.py3-none-any.whl/pip/__init__.py", line 31, in <module>
  File "/usr/share/python-wheels/pip-9.0.1-py2.py3-none-any.whl/pip/vcs/mercurial.py", line 9, in <module>
  File "/usr/share/python-wheels/pip-9.0.1-py2.py3-none-any.whl/pip/download.py", line 40, in <module>
ImportError: cannot import name requests
----------------------------------------
...Installing setuptools, pkg_resources, pip, wheel...done.
Running virtualenv with interpreter /usr/bin/python2.7
----------------------------- Captured stderr call -----------------------------
Traceback (most recent call last):
  File "/usr/lib/python3/dist-packages/virtualenv.py", line 2375, in <module>
    main()
  File "/usr/lib/python3/dist-packages/virtualenv.py", line 724, in main
    symlink=options.symlink)
  File "/usr/lib/python3/dist-packages/virtualenv.py", line 992, in create_environment
    download=download,
  File "/usr/lib/python3/dist-packages/virtualenv.py", line 922, in install_wheel
    call_subprocess(cmd, show_stdout=False, extra_env=env, stdin=SCRIPT)
  File "/usr/lib/python3/dist-packages/virtualenv.py", line 817, in call_subprocess
    % (cmd_desc, proc.returncode))
OSError: Command /tmp/ffi-0/setuptool..._2-cpy/bin/python2.7 - setuptools pkg_resources pip wheel failed with error code 1
________________ test_verify_anonymous_struct_with_star_typedef ________________

    def test_verify_anonymous_struct_with_star_typedef():
        ffi = FFI()
        ffi.cdef("typedef struct { int a; long b; } *foo_t;")
        verify(ffi, 'test_verify_anonymous_struct_with_star_typedef',
>              "typedef struct { int a; long b; } *foo_t;")

testing/cffi1/test_recompiler.py:474: 
_ _ _ _ _ _ _ _ _ _ _ _ _ _ _ _ _ _ _ _ _ _ _ _ _ _ _ _ _ _ _ _ _ _ _ _ _ _ _ _ 
testing/cffi1/test_recompiler.py:38: in verify
    return recompiler._verify(ffi, module_name, source, *args, **kwds)
cffi/recompiler.py:1544: in _verify
    outputfilename = recompile(ffi, module_name, preamble, *args, **kwds)
cffi/recompiler.py:1520: in recompile
    compiler_verbose, debug)
cffi/ffiplatform.py:22: in compile
    outputfilename = _build(tmpdir, ext, compiler_verbose, debug)
_ _ _ _ _ _ _ _ _ _ _ _ _ _ _ _ _ _ _ _ _ _ _ _ _ _ _ _ _ _ _ _ _ _ _ _ _ _ _ _ 

tmpdir = '.', ext = <setuptools.extension.Extension instance at 0x7fb98628eab8>
compiler_verbose = 1, debug = 0

    def _build(tmpdir, ext, compiler_verbose=0, debug=None):
        # XXX compact but horrible :-(
        from distutils.core import Distribution
        import distutils.errors, distutils.log
        #
        dist = Distribution({'ext_modules': [ext]})
        dist.parse_config_files()
        options = dist.get_option_dict('build_ext')
        if debug is None:
            debug = sys.flags.debug
        options['debug'] = ('ffiplatform', debug)
        options['force'] = ('ffiplatform', True)
        options['build_lib'] = ('ffiplatform', tmpdir)
        options['build_temp'] = ('ffiplatform', tmpdir)
        #
        try:
            old_level = distutils.log.set_threshold(0) or 0
            try:
                distutils.log.set_verbosity(compiler_verbose)
                dist.run_command('build_ext')
                cmd_obj = dist.get_command_obj('build_ext')
                [soname] = cmd_obj.get_outputs()
            finally:
                distutils.log.set_threshold(old_level)
        except (distutils.errors.CompileError,
                distutils.errors.LinkError) as e:
>           raise VerificationError('%s: %s' % (e.__class__.__name__, e))
E           VerificationError: CompileError: command 'x86_64-linux-gnu-gcc' failed with exit status 1

cffi/ffiplatform.py:58: VerificationError
----------------------------- Captured stdout call -----------------------------
generating /tmp/ffi-0/_CFFI_test_verify_anonymous_struct_with_star_typedef.cpp
setting the current directory to '/tmp/ffi-0'
running build_ext
building '_CFFI_test_verify_anonymous_struct_with_star_typedef' extension
x86_64-linux-gnu-gcc -pthread -DNDEBUG -g -fwrapv -O2 -Wall -Wstrict-prototypes -fno-strict-aliasing -g -O2 -fdebug-prefix-map=/<<PKGBUILDDIR>>=. -fstack-protector-strong -Wformat -Werror=format-security -Wdate-time -D_FORTIFY_SOURCE=2 -fPIC -UNDEBUG -I/usr/include/python2.7 -c _CFFI_test_verify_anonymous_struct_with_star_typedef.cpp -o ./_CFFI_test_verify_anonymous_struct_with_star_typedef.o
----------------------------- Captured stderr call -----------------------------
In file included from _CFFI_test_verify_anonymous_struct_with_star_typedef.cpp:28:
In file included from /usr/include/python2.7/Python.h:88:
/usr/include/python2.7/unicodeobject.h:534:5: warning: 'register' storage class specifier is deprecated and incompatible with C++17 [-Wdeprecated-register]
    register PyObject *obj,     /* Object */
    ^~~~~~~~~
/usr/include/python2.7/unicodeobject.h:553:5: warning: 'register' storage class specifier is deprecated and incompatible with C++17 [-Wdeprecated-register]
    register PyObject *obj      /* Object */
    ^~~~~~~~~
/usr/include/python2.7/unicodeobject.h:575:5: warning: 'register' storage class specifier is deprecated and incompatible with C++17 [-Wdeprecated-register]
    register const wchar_t *w,  /* wchar_t buffer */
    ^~~~~~~~~
/usr/include/python2.7/unicodeobject.h:593:5: warning: 'register' storage class specifier is deprecated and incompatible with C++17 [-Wdeprecated-register]
    register wchar_t *w,        /* wchar_t buffer */
    ^~~~~~~~~
In file included from _CFFI_test_verify_anonymous_struct_with_star_typedef.cpp:28:
In file included from /usr/include/python2.7/Python.h:97:
/usr/include/python2.7/stringobject.h:173:5: warning: 'register' storage class specifier is deprecated and incompatible with C++17 [-Wdeprecated-register]
    register PyObject *obj,     /* string or Unicode object */
    ^~~~~~~~~
/usr/include/python2.7/stringobject.h:174:5: warning: 'register' storage class specifier is deprecated and incompatible with C++17 [-Wdeprecated-register]
    register char **s,          /* pointer to buffer variable */
    ^~~~~~~~~
/usr/include/python2.7/stringobject.h:175:5: warning: 'register' storage class specifier is deprecated and incompatible with C++17 [-Wdeprecated-register]
    register Py_ssize_t *len    /* pointer to length variable or NULL
    ^~~~~~~~~
_CFFI_test_verify_anonymous_struct_with_star_typedef.cpp:506:10: error: non-constant-expression cannot be narrowed from type 'long' to 'size_t' (aka 'unsigned long') in initializer list [-Wc++11-narrowing]
  { "a", ((char *)&((foo_t)0)->a) - (char *)0,
         ^~~~~~~~~~~~~~~~~~~~~~~~~~~~~~~~~~~~
_CFFI_test_verify_anonymous_struct_with_star_typedef.cpp:506:10: note: insert an explicit cast to silence this issue
  { "a", ((char *)&((foo_t)0)->a) - (char *)0,
         ^~~~~~~~~~~~~~~~~~~~~~~~~~~~~~~~~~~~
         static_cast<size_t>(                )
_CFFI_test_verify_anonymous_struct_with_star_typedef.cpp:509:10: error: non-constant-expression cannot be narrowed from type 'long' to 'size_t' (aka 'unsigned long') in initializer list [-Wc++11-narrowing]
  { "b", ((char *)&((foo_t)0)->b) - (char *)0,
         ^~~~~~~~~~~~~~~~~~~~~~~~~~~~~~~~~~~~
_CFFI_test_verify_anonymous_struct_with_star_typedef.cpp:509:10: note: insert an explicit cast to silence this issue
  { "b", ((char *)&((foo_t)0)->b) - (char *)0,
         ^~~~~~~~~~~~~~~~~~~~~~~~~~~~~~~~~~~~
         static_cast<size_t>(                )
7 warnings and 2 errors generated.
________________________________ test_include_5 ________________________________

    def test_include_5():
        ffi1 = FFI()
        ffi1.cdef("typedef struct { int x[2]; int y; } *mystruct_p;")
        verify(ffi1, "test_include_5_parent",
>              "typedef struct { int x[2]; int y; } *mystruct_p;")

testing/cffi1/test_recompiler.py:658: 
_ _ _ _ _ _ _ _ _ _ _ _ _ _ _ _ _ _ _ _ _ _ _ _ _ _ _ _ _ _ _ _ _ _ _ _ _ _ _ _ 
testing/cffi1/test_recompiler.py:38: in verify
    return recompiler._verify(ffi, module_name, source, *args, **kwds)
cffi/recompiler.py:1544: in _verify
    outputfilename = recompile(ffi, module_name, preamble, *args, **kwds)
cffi/recompiler.py:1520: in recompile
    compiler_verbose, debug)
cffi/ffiplatform.py:22: in compile
    outputfilename = _build(tmpdir, ext, compiler_verbose, debug)
_ _ _ _ _ _ _ _ _ _ _ _ _ _ _ _ _ _ _ _ _ _ _ _ _ _ _ _ _ _ _ _ _ _ _ _ _ _ _ _ 

tmpdir = '.', ext = <setuptools.extension.Extension instance at 0x7fb98688cab8>
compiler_verbose = 1, debug = 0

    def _build(tmpdir, ext, compiler_verbose=0, debug=None):
        # XXX compact but horrible :-(
        from distutils.core import Distribution
        import distutils.errors, distutils.log
        #
        dist = Distribution({'ext_modules': [ext]})
        dist.parse_config_files()
        options = dist.get_option_dict('build_ext')
        if debug is None:
            debug = sys.flags.debug
        options['debug'] = ('ffiplatform', debug)
        options['force'] = ('ffiplatform', True)
        options['build_lib'] = ('ffiplatform', tmpdir)
        options['build_temp'] = ('ffiplatform', tmpdir)
        #
        try:
            old_level = distutils.log.set_threshold(0) or 0
            try:
                distutils.log.set_verbosity(compiler_verbose)
                dist.run_command('build_ext')
                cmd_obj = dist.get_command_obj('build_ext')
                [soname] = cmd_obj.get_outputs()
            finally:
                distutils.log.set_threshold(old_level)
        except (distutils.errors.CompileError,
                distutils.errors.LinkError) as e:
>           raise VerificationError('%s: %s' % (e.__class__.__name__, e))
E           VerificationError: CompileError: command 'x86_64-linux-gnu-gcc' failed with exit status 1

cffi/ffiplatform.py:58: VerificationError
----------------------------- Captured stdout call -----------------------------
generating /tmp/ffi-0/_CFFI_test_include_5_parent.cpp
setting the current directory to '/tmp/ffi-0'
running build_ext
building '_CFFI_test_include_5_parent' extension
x86_64-linux-gnu-gcc -pthread -DNDEBUG -g -fwrapv -O2 -Wall -Wstrict-prototypes -fno-strict-aliasing -g -O2 -fdebug-prefix-map=/<<PKGBUILDDIR>>=. -fstack-protector-strong -Wformat -Werror=format-security -Wdate-time -D_FORTIFY_SOURCE=2 -fPIC -UNDEBUG -I/usr/include/python2.7 -c _CFFI_test_include_5_parent.cpp -o ./_CFFI_test_include_5_parent.o
----------------------------- Captured stderr call -----------------------------
In file included from _CFFI_test_include_5_parent.cpp:28:
In file included from /usr/include/python2.7/Python.h:88:
/usr/include/python2.7/unicodeobject.h:534:5: warning: 'register' storage class specifier is deprecated and incompatible with C++17 [-Wdeprecated-register]
    register PyObject *obj,     /* Object */
    ^~~~~~~~~
/usr/include/python2.7/unicodeobject.h:553:5: warning: 'register' storage class specifier is deprecated and incompatible with C++17 [-Wdeprecated-register]
    register PyObject *obj      /* Object */
    ^~~~~~~~~
/usr/include/python2.7/unicodeobject.h:575:5: warning: 'register' storage class specifier is deprecated and incompatible with C++17 [-Wdeprecated-register]
    register const wchar_t *w,  /* wchar_t buffer */
    ^~~~~~~~~
/usr/include/python2.7/unicodeobject.h:593:5: warning: 'register' storage class specifier is deprecated and incompatible with C++17 [-Wdeprecated-register]
    register wchar_t *w,        /* wchar_t buffer */
    ^~~~~~~~~
In file included from _CFFI_test_include_5_parent.cpp:28:
In file included from /usr/include/python2.7/Python.h:97:
/usr/include/python2.7/stringobject.h:173:5: warning: 'register' storage class specifier is deprecated and incompatible with C++17 [-Wdeprecated-register]
    register PyObject *obj,     /* string or Unicode object */
    ^~~~~~~~~
/usr/include/python2.7/stringobject.h:174:5: warning: 'register' storage class specifier is deprecated and incompatible with C++17 [-Wdeprecated-register]
    register char **s,          /* pointer to buffer variable */
    ^~~~~~~~~
/usr/include/python2.7/stringobject.h:175:5: warning: 'register' storage class specifier is deprecated and incompatible with C++17 [-Wdeprecated-register]
    register Py_ssize_t *len    /* pointer to length variable or NULL
    ^~~~~~~~~
_CFFI_test_include_5_parent.cpp:507:10: error: non-constant-expression cannot be narrowed from type 'long' to 'size_t' (aka 'unsigned long') in initializer list [-Wc++11-narrowing]
  { "x", ((char *)&((mystruct_p)0)->x) - (char *)0,
         ^~~~~~~~~~~~~~~~~~~~~~~~~~~~~~~~~~~~~~~~~
_CFFI_test_include_5_parent.cpp:507:10: note: insert an explicit cast to silence this issue
  { "x", ((char *)&((mystruct_p)0)->x) - (char *)0,
         ^~~~~~~~~~~~~~~~~~~~~~~~~~~~~~~~~~~~~~~~~
         static_cast<size_t>(                     )
_CFFI_test_include_5_parent.cpp:510:10: error: non-constant-expression cannot be narrowed from type 'long' to 'size_t' (aka 'unsigned long') in initializer list [-Wc++11-narrowing]
  { "y", ((char *)&((mystruct_p)0)->y) - (char *)0,
         ^~~~~~~~~~~~~~~~~~~~~~~~~~~~~~~~~~~~~~~~~
_CFFI_test_include_5_parent.cpp:510:10: note: insert an explicit cast to silence this issue
  { "y", ((char *)&((mystruct_p)0)->y) - (char *)0,
         ^~~~~~~~~~~~~~~~~~~~~~~~~~~~~~~~~~~~~~~~~
         static_cast<size_t>(                     )
7 warnings and 2 errors generated.
_________________________ test_name_of_unnamed_struct __________________________

    def test_name_of_unnamed_struct():
        ffi = FFI()
        ffi.cdef("typedef struct { int x; } foo_t;\n"
                 "typedef struct { int y; } *bar_p;\n"
                 "typedef struct { int y; } **baz_pp;\n")
        verify(ffi, "test_name_of_unnamed_struct",
>                "typedef struct { int x; } foo_t;\n"
                 "typedef struct { int y; } *bar_p;\n"
                 "typedef struct { int y; } **baz_pp;\n")

testing/cffi1/test_recompiler.py:791: 
_ _ _ _ _ _ _ _ _ _ _ _ _ _ _ _ _ _ _ _ _ _ _ _ _ _ _ _ _ _ _ _ _ _ _ _ _ _ _ _ 
testing/cffi1/test_recompiler.py:38: in verify
    return recompiler._verify(ffi, module_name, source, *args, **kwds)
cffi/recompiler.py:1544: in _verify
    outputfilename = recompile(ffi, module_name, preamble, *args, **kwds)
cffi/recompiler.py:1520: in recompile
    compiler_verbose, debug)
cffi/ffiplatform.py:22: in compile
    outputfilename = _build(tmpdir, ext, compiler_verbose, debug)
_ _ _ _ _ _ _ _ _ _ _ _ _ _ _ _ _ _ _ _ _ _ _ _ _ _ _ _ _ _ _ _ _ _ _ _ _ _ _ _ 

tmpdir = '.', ext = <setuptools.extension.Extension instance at 0x7fb987381128>
compiler_verbose = 1, debug = 0

    def _build(tmpdir, ext, compiler_verbose=0, debug=None):
        # XXX compact but horrible :-(
        from distutils.core import Distribution
        import distutils.errors, distutils.log
        #
        dist = Distribution({'ext_modules': [ext]})
        dist.parse_config_files()
        options = dist.get_option_dict('build_ext')
        if debug is None:
            debug = sys.flags.debug
        options['debug'] = ('ffiplatform', debug)
        options['force'] = ('ffiplatform', True)
        options['build_lib'] = ('ffiplatform', tmpdir)
        options['build_temp'] = ('ffiplatform', tmpdir)
        #
        try:
            old_level = distutils.log.set_threshold(0) or 0
            try:
                distutils.log.set_verbosity(compiler_verbose)
                dist.run_command('build_ext')
                cmd_obj = dist.get_command_obj('build_ext')
                [soname] = cmd_obj.get_outputs()
            finally:
                distutils.log.set_threshold(old_level)
        except (distutils.errors.CompileError,
                distutils.errors.LinkError) as e:
>           raise VerificationError('%s: %s' % (e.__class__.__name__, e))
E           VerificationError: CompileError: command 'x86_64-linux-gnu-gcc' failed with exit status 1

cffi/ffiplatform.py:58: VerificationError
----------------------------- Captured stdout call -----------------------------
generating /tmp/ffi-0/_CFFI_test_name_of_unnamed_struct.cpp
setting the current directory to '/tmp/ffi-0'
running build_ext
building '_CFFI_test_name_of_unnamed_struct' extension
x86_64-linux-gnu-gcc -pthread -DNDEBUG -g -fwrapv -O2 -Wall -Wstrict-prototypes -fno-strict-aliasing -g -O2 -fdebug-prefix-map=/<<PKGBUILDDIR>>=. -fstack-protector-strong -Wformat -Werror=format-security -Wdate-time -D_FORTIFY_SOURCE=2 -fPIC -UNDEBUG -I/usr/include/python2.7 -c _CFFI_test_name_of_unnamed_struct.cpp -o ./_CFFI_test_name_of_unnamed_struct.o
----------------------------- Captured stderr call -----------------------------
In file included from _CFFI_test_name_of_unnamed_struct.cpp:28:
In file included from /usr/include/python2.7/Python.h:88:
/usr/include/python2.7/unicodeobject.h:534:5: warning: 'register' storage class specifier is deprecated and incompatible with C++17 [-Wdeprecated-register]
    register PyObject *obj,     /* Object */
    ^~~~~~~~~
/usr/include/python2.7/unicodeobject.h:553:5: warning: 'register' storage class specifier is deprecated and incompatible with C++17 [-Wdeprecated-register]
    register PyObject *obj      /* Object */
    ^~~~~~~~~
/usr/include/python2.7/unicodeobject.h:575:5: warning: 'register' storage class specifier is deprecated and incompatible with C++17 [-Wdeprecated-register]
    register const wchar_t *w,  /* wchar_t buffer */
    ^~~~~~~~~
/usr/include/python2.7/unicodeobject.h:593:5: warning: 'register' storage class specifier is deprecated and incompatible with C++17 [-Wdeprecated-register]
    register wchar_t *w,        /* wchar_t buffer */
    ^~~~~~~~~
In file included from _CFFI_test_name_of_unnamed_struct.cpp:28:
In file included from /usr/include/python2.7/Python.h:97:
/usr/include/python2.7/stringobject.h:173:5: warning: 'register' storage class specifier is deprecated and incompatible with C++17 [-Wdeprecated-register]
    register PyObject *obj,     /* string or Unicode object */
    ^~~~~~~~~
/usr/include/python2.7/stringobject.h:174:5: warning: 'register' storage class specifier is deprecated and incompatible with C++17 [-Wdeprecated-register]
    register char **s,          /* pointer to buffer variable */
    ^~~~~~~~~
/usr/include/python2.7/stringobject.h:175:5: warning: 'register' storage class specifier is deprecated and incompatible with C++17 [-Wdeprecated-register]
    register Py_ssize_t *len    /* pointer to length variable or NULL
    ^~~~~~~~~
_CFFI_test_name_of_unnamed_struct.cpp:524:10: error: non-constant-expression cannot be narrowed from type 'long' to 'size_t' (aka 'unsigned long') in initializer list [-Wc++11-narrowing]
  { "y", ((char *)&((bar_p)0)->y) - (char *)0,
         ^~~~~~~~~~~~~~~~~~~~~~~~~~~~~~~~~~~~
_CFFI_test_name_of_unnamed_struct.cpp:524:10: note: insert an explicit cast to silence this issue
  { "y", ((char *)&((bar_p)0)->y) - (char *)0,
         ^~~~~~~~~~~~~~~~~~~~~~~~~~~~~~~~~~~~
         static_cast<size_t>(                )
7 warnings and 1 error generated.
=============================== warnings summary ===============================
c/test_c.py::test_cast_with_functionptr
  /<<PKGBUILDDIR>>/c/test_c.py:2104: UserWarning: implicit cast from 'char *' to a different pointer type: will be forbidden in the future (check that the types are as you expect; use an explicit ffi.cast() if they are correct)
    newp(BStructPtr, [cast(BCharP, 0)])

testing/cffi0/test_verify.py::test_bogus_ptr
  /<<PKGBUILDDIR>>/cffi/vengine_cpy.py:192: UserWarning: reimporting '_cffi__xc2696286x40a944e6' might overwrite older definitions
    % (self.verifier.get_module_name()))

testing/cffi0/test_verify.py::test_nonfull_enum
  /<<PKGBUILDDIR>>/cffi/vengine_cpy.py:192: UserWarning: reimporting '_cffi__xf1463bd1x173fc73' might overwrite older definitions
    % (self.verifier.get_module_name()))

testing/cffi0/test_verify.py::test_keepalive_ffi
  /<<PKGBUILDDIR>>/cffi/vengine_cpy.py:192: UserWarning: reimporting '_cffi__x851e24b2x6235f254' might overwrite older definitions
    % (self.verifier.get_module_name()))

testing/cffi0/test_verify.py::test_verify_dlopen_flags
  /<<PKGBUILDDIR>>/cffi/vengine_cpy.py:192: UserWarning: reimporting '_cffi__x28f734fax65137eda' might overwrite older definitions
    % (self.verifier.get_module_name()))

testing/cffi0/test_verify2.py::test_module_type
  /<<PKGBUILDDIR>>/cffi/vengine_cpy.py:192: UserWarning: reimporting '_cffi__x30aee5ex84a2ed64' might overwrite older definitions
    % (self.verifier.get_module_name()))

testing/cffi0/test_verify2.py::test_simple_case
  /<<PKGBUILDDIR>>/cffi/vengine_cpy.py:192: UserWarning: reimporting '_cffi__x21fbada9xc62e3132' might overwrite older definitions
    % (self.verifier.get_module_name()))

testing/cffi0/test_verify2.py::test_Wconversion_unsigned
  /<<PKGBUILDDIR>>/cffi/vengine_cpy.py:192: UserWarning: reimporting '_cffi__x4ff91dbcx5779d8d7' might overwrite older definitions
    % (self.verifier.get_module_name()))

testing/cffi0/test_verify2.py::test_Wconversion_integer
  /<<PKGBUILDDIR>>/cffi/vengine_cpy.py:192: UserWarning: reimporting '_cffi__xa59389f5xdc74483a' might overwrite older definitions
    % (self.verifier.get_module_name()))

testing/cffi0/test_verify2.py::test_Wconversion_floating
  /<<PKGBUILDDIR>>/cffi/vengine_cpy.py:192: UserWarning: reimporting '_cffi__xf59ea99axe756c5c4' might overwrite older definitions
    % (self.verifier.get_module_name()))

testing/cffi0/test_verify2.py::test_Wconversion_float2int
  /<<PKGBUILDDIR>>/cffi/vengine_cpy.py:192: UserWarning: reimporting '_cffi__x7fd9eea5x407a3e01' might overwrite older definitions
    % (self.verifier.get_module_name()))

testing/cffi0/test_verify2.py::test_Wconversion_double2int
  /<<PKGBUILDDIR>>/cffi/vengine_cpy.py:192: UserWarning: reimporting '_cffi__xbe13f744x37e13f36' might overwrite older definitions
    % (self.verifier.get_module_name()))

testing/cffi0/test_verify2.py::test_rounding_1
  /<<PKGBUILDDIR>>/cffi/vengine_cpy.py:192: UserWarning: reimporting '_cffi__xf637b55ex7ee40f3c' might overwrite older definitions
    % (self.verifier.get_module_name()))

testing/cffi0/test_verify2.py::test_rounding_2
  /<<PKGBUILDDIR>>/cffi/vengine_cpy.py:192: UserWarning: reimporting '_cffi__xc1a2a7bcx10a48175' might overwrite older definitions
    % (self.verifier.get_module_name()))

testing/cffi0/test_verify2.py::test_strlen_exact
  /<<PKGBUILDDIR>>/cffi/vengine_cpy.py:192: UserWarning: reimporting '_cffi__xba322215x38478537' might overwrite older definitions
    % (self.verifier.get_module_name()))

testing/cffi0/test_verify2.py::test_strlen_approximate
  /<<PKGBUILDDIR>>/cffi/vengine_cpy.py:192: UserWarning: reimporting '_cffi__x40bee10ax9271a32a' might overwrite older definitions
    % (self.verifier.get_module_name()))

testing/cffi0/test_verify2.py::test_return_approximate
  /<<PKGBUILDDIR>>/cffi/vengine_cpy.py:192: UserWarning: reimporting '_cffi__xd95d2c19x914917fb' might overwrite older definitions
    % (self.verifier.get_module_name()))
  /<<PKGBUILDDIR>>/cffi/vengine_cpy.py:192: UserWarning: reimporting '_cffi__x5f695037xee12fbb6' might overwrite older definitions
    % (self.verifier.get_module_name()))
  /<<PKGBUILDDIR>>/cffi/vengine_cpy.py:192: UserWarning: reimporting '_cffi__xcf4a6a34x7ea947a1' might overwrite older definitions
    % (self.verifier.get_module_name()))
  /<<PKGBUILDDIR>>/cffi/vengine_cpy.py:192: UserWarning: reimporting '_cffi__x4d68da5exb7c83ca0' might overwrite older definitions
    % (self.verifier.get_module_name()))

testing/cffi0/test_verify2.py::test_strlen_array_of_char
  /<<PKGBUILDDIR>>/cffi/vengine_cpy.py:192: UserWarning: reimporting '_cffi__x16c93e82xddb789aa' might overwrite older definitions
    % (self.verifier.get_module_name()))

testing/cffi0/test_verify2.py::test_longdouble
  /<<PKGBUILDDIR>>/cffi/vengine_cpy.py:192: UserWarning: reimporting '_cffi__x53c31681x6225e41e' might overwrite older definitions
    % (self.verifier.get_module_name()))

testing/cffi0/test_verify2.py::test_longdouble_precision
  /<<PKGBUILDDIR>>/cffi/vengine_cpy.py:192: UserWarning: reimporting '_cffi__x857f57acx7c8642f2' might overwrite older definitions
    % (self.verifier.get_module_name()))

testing/cffi0/test_verify2.py::test_all_integer_and_float_types
  /<<PKGBUILDDIR>>/cffi/vengine_cpy.py:192: UserWarning: reimporting '_cffi__xc2a1efb4x5b3cdba8' might overwrite older definitions
    % (self.verifier.get_module_name()))

testing/cffi0/test_verify2.py::test_var_signed_integer_types
  /<<PKGBUILDDIR>>/cffi/vengine_cpy.py:192: UserWarning: reimporting '_cffi__x36355bbexcbde6e1b' might overwrite older definitions
    % (self.verifier.get_module_name()))

testing/cffi0/test_verify2.py::test_var_unsigned_integer_types
  /<<PKGBUILDDIR>>/cffi/vengine_cpy.py:192: UserWarning: reimporting '_cffi__xf1901b2cxcbfda809' might overwrite older definitions
    % (self.verifier.get_module_name()))

testing/cffi0/test_verify2.py::test_fn_signed_integer_types
  /<<PKGBUILDDIR>>/cffi/vengine_cpy.py:192: UserWarning: reimporting '_cffi__x40fda631x200ca839' might overwrite older definitions
    % (self.verifier.get_module_name()))

testing/cffi0/test_verify2.py::test_fn_unsigned_integer_types
  /<<PKGBUILDDIR>>/cffi/vengine_cpy.py:192: UserWarning: reimporting '_cffi__x5ca05c7bx3bd8116' might overwrite older definitions
    % (self.verifier.get_module_name()))

testing/cffi0/test_verify2.py::test_char_type
  /<<PKGBUILDDIR>>/cffi/vengine_cpy.py:192: UserWarning: reimporting '_cffi__xeaaa2a73xa1babfcd' might overwrite older definitions
    % (self.verifier.get_module_name()))

testing/cffi0/test_verify2.py::test_wchar_type
  /<<PKGBUILDDIR>>/cffi/vengine_cpy.py:192: UserWarning: reimporting '_cffi__x54504d61xf2a730a9' might overwrite older definitions
    % (self.verifier.get_module_name()))

testing/cffi0/test_verify2.py::test_no_argument
  /<<PKGBUILDDIR>>/cffi/vengine_cpy.py:192: UserWarning: reimporting '_cffi__xcee28dccx820bdd8' might overwrite older definitions
    % (self.verifier.get_module_name()))

testing/cffi0/test_verify2.py::test_two_arguments
  /<<PKGBUILDDIR>>/cffi/vengine_cpy.py:192: UserWarning: reimporting '_cffi__xb234ba5ax50512cb4' might overwrite older definitions
    % (self.verifier.get_module_name()))

testing/cffi0/test_verify2.py::test_macro
  /<<PKGBUILDDIR>>/cffi/vengine_cpy.py:192: UserWarning: reimporting '_cffi__x700a0103x8da592eb' might overwrite older definitions
    % (self.verifier.get_module_name()))

testing/cffi0/test_verify2.py::test_nondecl_struct
  /<<PKGBUILDDIR>>/cffi/vengine_cpy.py:192: UserWarning: reimporting '_cffi__x1b610f9xbe679ed9' might overwrite older definitions
    % (self.verifier.get_module_name()))

testing/cffi0/test_verify2.py::test_ffi_full_struct
  /<<PKGBUILDDIR>>/cffi/vengine_cpy.py:192: UserWarning: reimporting '_cffi__xb1ef46a7x6d2a27ec' might overwrite older definitions
    % (self.verifier.get_module_name()))
  /<<PKGBUILDDIR>>/cffi/vengine_cpy.py:192: UserWarning: reimporting '_cffi__xe2598585xde6e4b0b' might overwrite older definitions
    % (self.verifier.get_module_name()))
  /<<PKGBUILDDIR>>/cffi/vengine_cpy.py:192: UserWarning: reimporting '_cffi__x576e3015xda832bb9' might overwrite older definitions
    % (self.verifier.get_module_name()))
  /<<PKGBUILDDIR>>/cffi/vengine_cpy.py:192: UserWarning: reimporting '_cffi__xca82b5b2x2815f9f9' might overwrite older definitions
    % (self.verifier.get_module_name()))
  /<<PKGBUILDDIR>>/cffi/vengine_cpy.py:192: UserWarning: reimporting '_cffi__x33c18f39x4f813891' might overwrite older definitions
    % (self.verifier.get_module_name()))

testing/cffi0/test_verify2.py::test_ffi_nonfull_struct
  /<<PKGBUILDDIR>>/cffi/vengine_cpy.py:192: UserWarning: reimporting '_cffi__x74e5d479x8158e666' might overwrite older definitions
    % (self.verifier.get_module_name()))

testing/cffi0/test_verify2.py::test_ffi_nonfull_alignment
  /<<PKGBUILDDIR>>/cffi/vengine_cpy.py:192: UserWarning: reimporting '_cffi__x6932bc9ex7d40f28f' might overwrite older definitions
    % (self.verifier.get_module_name()))

testing/cffi0/test_verify2.py::test_struct_bad_sized_integer
  /<<PKGBUILDDIR>>/cffi/vengine_cpy.py:192: UserWarning: reimporting '_cffi__x57713409xafd2e916' might overwrite older definitions
    % (self.verifier.get_module_name()))
  /<<PKGBUILDDIR>>/cffi/vengine_cpy.py:192: UserWarning: reimporting '_cffi__x2e07f6f1x1bf46bf9' might overwrite older definitions
    % (self.verifier.get_module_name()))
  /<<PKGBUILDDIR>>/cffi/vengine_cpy.py:192: UserWarning: reimporting '_cffi__x6a0090d1x1d62cd21' might overwrite older definitions
    % (self.verifier.get_module_name()))
  /<<PKGBUILDDIR>>/cffi/vengine_cpy.py:192: UserWarning: reimporting '_cffi__xc00def81x18bf3895' might overwrite older definitions
    % (self.verifier.get_module_name()))
  /<<PKGBUILDDIR>>/cffi/vengine_cpy.py:192: UserWarning: reimporting '_cffi__x2a62d7ffxefe6d054' might overwrite older definitions
    % (self.verifier.get_module_name()))
  /<<PKGBUILDDIR>>/cffi/vengine_cpy.py:192: UserWarning: reimporting '_cffi__x6e33cfb3x9793a0bc' might overwrite older definitions
    % (self.verifier.get_module_name()))
  /<<PKGBUILDDIR>>/cffi/vengine_cpy.py:192: UserWarning: reimporting '_cffi__x2a34a993x1f9d6cfc' might overwrite older definitions
    % (self.verifier.get_module_name()))
  /<<PKGBUILDDIR>>/cffi/vengine_cpy.py:192: UserWarning: reimporting '_cffi__x8039d6c3xd394c69c' might overwrite older definitions
    % (self.verifier.get_module_name()))
  /<<PKGBUILDDIR>>/cffi/vengine_cpy.py:192: UserWarning: reimporting '_cffi__x6847d082x1ba9f447' might overwrite older definitions
    % (self.verifier.get_module_name()))
  /<<PKGBUILDDIR>>/cffi/vengine_cpy.py:192: UserWarning: reimporting '_cffi__x9a7ceba0xd5b6a7c1' might overwrite older definitions
    % (self.verifier.get_module_name()))
  /<<PKGBUILDDIR>>/cffi/vengine_cpy.py:192: UserWarning: reimporting '_cffi__xde7b8d80x5db86b81' might overwrite older definitions
    % (self.verifier.get_module_name()))
  /<<PKGBUILDDIR>>/cffi/vengine_cpy.py:192: UserWarning: reimporting '_cffi__x7476f2d0x91b1c1e1' might overwrite older definitions
    % (self.verifier.get_module_name()))
  /<<PKGBUILDDIR>>/cffi/vengine_cpy.py:192: UserWarning: reimporting '_cffi__x20a7dee6x7879c17d' might overwrite older definitions
    % (self.verifier.get_module_name()))
  /<<PKGBUILDDIR>>/cffi/vengine_cpy.py:192: UserWarning: reimporting '_cffi__xf9acde9ax9d56a9a5' might overwrite older definitions
    % (self.verifier.get_module_name()))
  /<<PKGBUILDDIR>>/cffi/vengine_cpy.py:192: UserWarning: reimporting '_cffi__xbdabb8bax155865e5' might overwrite older definitions
    % (self.verifier.get_module_name()))
  /<<PKGBUILDDIR>>/cffi/vengine_cpy.py:192: UserWarning: reimporting '_cffi__x17a6c7eaxd951cf85' might overwrite older definitions
    % (self.verifier.get_module_name()))

testing/cffi0/test_verify2.py::test_struct_bad_sized_float
  /<<PKGBUILDDIR>>/cffi/vengine_cpy.py:192: UserWarning: reimporting '_cffi__x7536a529x82d79749' might overwrite older definitions
    % (self.verifier.get_module_name()))
  /<<PKGBUILDDIR>>/cffi/vengine_cpy.py:192: UserWarning: reimporting '_cffi__x1fba4620xaa7dca0d' might overwrite older definitions
    % (self.verifier.get_module_name()))
  /<<PKGBUILDDIR>>/cffi/vengine_cpy.py:192: UserWarning: reimporting '_cffi__x9a1ebc50x9a087ddd' might overwrite older definitions
    % (self.verifier.get_module_name()))

testing/cffi0/test_verify2.py::test_struct_signedness_ignored
  /<<PKGBUILDDIR>>/cffi/vengine_cpy.py:192: UserWarning: reimporting '_cffi__x8782c10cx670df08e' might overwrite older definitions
    % (self.verifier.get_module_name()))
  /<<PKGBUILDDIR>>/cffi/vengine_cpy.py:192: UserWarning: reimporting '_cffi__x1bb1271bx212311af' might overwrite older definitions
    % (self.verifier.get_module_name()))

testing/cffi0/test_verify2.py::test_struct_array_field
  /<<PKGBUILDDIR>>/cffi/vengine_cpy.py:192: UserWarning: reimporting '_cffi__x931fe64fxc21be725' might overwrite older definitions
    % (self.verifier.get_module_name()))

testing/cffi0/test_verify2.py::test_struct_array_no_length
  /<<PKGBUILDDIR>>/cffi/vengine_cpy.py:192: UserWarning: reimporting '_cffi__x862f7dabx4212bd93' might overwrite older definitions
    % (self.verifier.get_module_name()))

testing/cffi0/test_verify2.py::test_struct_array_guess_length
  /<<PKGBUILDDIR>>/cffi/vengine_cpy.py:192: UserWarning: reimporting '_cffi__x15678d9fxe3031619' might overwrite older definitions
    % (self.verifier.get_module_name()))

testing/cffi0/test_verify2.py::test_struct_array_c99_1
  /<<PKGBUILDDIR>>/cffi/vengine_cpy.py:192: UserWarning: reimporting '_cffi__xd9fbb746xe42b0de8' might overwrite older definitions
    % (self.verifier.get_module_name()))

testing/cffi0/test_verify2.py::test_struct_array_c99_2
  /<<PKGBUILDDIR>>/cffi/vengine_cpy.py:192: UserWarning: reimporting '_cffi__x7631ce0fxafbc3cfe' might overwrite older definitions
    % (self.verifier.get_module_name()))

testing/cffi0/test_verify2.py::test_struct_ptr_to_array_field
  /<<PKGBUILDDIR>>/cffi/vengine_cpy.py:192: UserWarning: reimporting '_cffi__xb5b68751x536bc395' might overwrite older definitions
    % (self.verifier.get_module_name()))

testing/cffi0/test_verify2.py::test_struct_with_bitfield_exact
  /<<PKGBUILDDIR>>/cffi/vengine_cpy.py:192: UserWarning: reimporting '_cffi__xb1f700fdx2e0e2c12' might overwrite older definitions
    % (self.verifier.get_module_name()))

testing/cffi0/test_verify2.py::test_struct_with_bitfield_enum
  /<<PKGBUILDDIR>>/cffi/vengine_cpy.py:192: UserWarning: reimporting '_cffi__xf32c8dedxe6881e82' might overwrite older definitions
    % (self.verifier.get_module_name()))

testing/cffi0/test_verify2.py::test_global_constants
  /<<PKGBUILDDIR>>/cffi/vengine_cpy.py:192: UserWarning: reimporting '_cffi__x80da96d2x5342fb65' might overwrite older definitions
    % (self.verifier.get_module_name()))

testing/cffi0/test_verify2.py::test_global_const_int_size
  /<<PKGBUILDDIR>>/cffi/vengine_cpy.py:192: UserWarning: reimporting '_cffi__x8c10e44ax6cbd35c0' might overwrite older definitions
    % (self.verifier.get_module_name()))
  /<<PKGBUILDDIR>>/cffi/vengine_cpy.py:192: UserWarning: reimporting '_cffi__x8abf3ee1x45fcb0d2' might overwrite older definitions
    % (self.verifier.get_module_name()))
  /<<PKGBUILDDIR>>/cffi/vengine_cpy.py:192: UserWarning: reimporting '_cffi__x3907cc37xf7e1c540' might overwrite older definitions
    % (self.verifier.get_module_name()))
  /<<PKGBUILDDIR>>/cffi/vengine_cpy.py:192: UserWarning: reimporting '_cffi__xa6751c30x40660650' might overwrite older definitions
    % (self.verifier.get_module_name()))
  /<<PKGBUILDDIR>>/cffi/vengine_cpy.py:192: UserWarning: reimporting '_cffi__xa6751c30xbc0f55b7' might overwrite older definitions
    % (self.verifier.get_module_name()))
  /<<PKGBUILDDIR>>/cffi/vengine_cpy.py:192: UserWarning: reimporting '_cffi__xf1343334x1bfc26e8' might overwrite older definitions
    % (self.verifier.get_module_name()))
  /<<PKGBUILDDIR>>/cffi/vengine_cpy.py:192: UserWarning: reimporting '_cffi__xd5d60d3x1bfc26e8' might overwrite older definitions
    % (self.verifier.get_module_name()))
  /<<PKGBUILDDIR>>/cffi/vengine_cpy.py:192: UserWarning: reimporting '_cffi__x3b152281xf0e5cc82' might overwrite older definitions
    % (self.verifier.get_module_name()))
  /<<PKGBUILDDIR>>/cffi/vengine_cpy.py:192: UserWarning: reimporting '_cffi__xbe273075xf0e5cc82' might overwrite older definitions
    % (self.verifier.get_module_name()))
  /<<PKGBUILDDIR>>/cffi/vengine_cpy.py:192: UserWarning: reimporting '_cffi__xa80cda73x6679a844' might overwrite older definitions
    % (self.verifier.get_module_name()))
  /<<PKGBUILDDIR>>/cffi/vengine_cpy.py:192: UserWarning: reimporting '_cffi__x891af3fex9e5b0795' might overwrite older definitions
    % (self.verifier.get_module_name()))
  /<<PKGBUILDDIR>>/cffi/vengine_cpy.py:192: UserWarning: reimporting '_cffi__xc51de361x814a38b1' might overwrite older definitions
    % (self.verifier.get_module_name()))

testing/cffi0/test_verify2.py::test_global_constants_non_int
  /<<PKGBUILDDIR>>/cffi/vengine_cpy.py:192: UserWarning: reimporting '_cffi__x72c4aba0x82f631ee' might overwrite older definitions
    % (self.verifier.get_module_name()))

testing/cffi0/test_verify2.py::test_full_enum
  /<<PKGBUILDDIR>>/cffi/vengine_cpy.py:192: UserWarning: reimporting '_cffi__x8a76693cxc361b8d0' might overwrite older definitions
    % (self.verifier.get_module_name()))
  /<<PKGBUILDDIR>>/cffi/vengine_cpy.py:192: UserWarning: reimporting '_cffi__xe0f5ad1dxcc152f9f' might overwrite older definitions
    % (self.verifier.get_module_name()))

testing/cffi0/test_verify2.py::test_enum_usage
  /<<PKGBUILDDIR>>/cffi/vengine_cpy.py:192: UserWarning: reimporting '_cffi__x71e53b2cxe1d78349' might overwrite older definitions
    % (self.verifier.get_module_name()))

testing/cffi0/test_verify2.py::test_anonymous_enum
  /<<PKGBUILDDIR>>/cffi/vengine_cpy.py:192: UserWarning: reimporting '_cffi__xca2a358dx430a087a' might overwrite older definitions
    % (self.verifier.get_module_name()))

testing/cffi0/test_verify2.py::test_nonfull_anonymous_enum
  /<<PKGBUILDDIR>>/cffi/vengine_cpy.py:192: UserWarning: reimporting '_cffi__x88cb5f94x6fcfa30d' might overwrite older definitions
    % (self.verifier.get_module_name()))

testing/cffi0/test_verify2.py::test_nonfull_enum_syntax2
  /<<PKGBUILDDIR>>/cffi/vengine_cpy.py:192: UserWarning: reimporting '_cffi__xd530eb4ax7a449b1f' might overwrite older definitions
    % (self.verifier.get_module_name()))
  /<<PKGBUILDDIR>>/cffi/vengine_cpy.py:192: UserWarning: reimporting '_cffi__xd134121bx999935b0' might overwrite older definitions
    % (self.verifier.get_module_name()))
  /<<PKGBUILDDIR>>/cffi/vengine_cpy.py:192: UserWarning: reimporting '_cffi__xbc989d29x910ee9b3' might overwrite older definitions
    % (self.verifier.get_module_name()))

testing/cffi0/test_verify2.py::test_get_set_errno
  /<<PKGBUILDDIR>>/cffi/vengine_cpy.py:192: UserWarning: reimporting '_cffi__x75c7edd0xe8049f93' might overwrite older definitions
    % (self.verifier.get_module_name()))

testing/cffi0/test_verify2.py::test_define_int
  /<<PKGBUILDDIR>>/cffi/vengine_cpy.py:192: UserWarning: reimporting '_cffi__x5cf3febcx16dd2989' might overwrite older definitions
    % (self.verifier.get_module_name()))

testing/cffi0/test_verify2.py::test_access_variable
  /<<PKGBUILDDIR>>/cffi/vengine_cpy.py:192: UserWarning: reimporting '_cffi__x780c2ee6x6fbef711' might overwrite older definitions
    % (self.verifier.get_module_name()))

testing/cffi0/test_verify2.py::test_access_address_of_variable
  /<<PKGBUILDDIR>>/cffi/vengine_cpy.py:192: UserWarning: reimporting '_cffi__x4da56540xaa982f2e' might overwrite older definitions
    % (self.verifier.get_module_name()))

testing/cffi0/test_verify2.py::test_access_array_variable
  /<<PKGBUILDDIR>>/cffi/vengine_cpy.py:192: UserWarning: reimporting '_cffi__x68e7432ax9995744b' might overwrite older definitions
    % (self.verifier.get_module_name()))

testing/cffi0/test_verify2.py::test_access_array_variable_length_hidden
  /<<PKGBUILDDIR>>/cffi/vengine_cpy.py:192: UserWarning: reimporting '_cffi__x76f34ba5x3d44b026' might overwrite older definitions
    % (self.verifier.get_module_name()))

testing/cffi0/test_verify2.py::test_access_struct_variable
  /<<PKGBUILDDIR>>/cffi/vengine_cpy.py:192: UserWarning: reimporting '_cffi__xd54ab23dx84d3ac89' might overwrite older definitions
    % (self.verifier.get_module_name()))

testing/cffi0/test_verify2.py::test_access_callback
  /<<PKGBUILDDIR>>/cffi/vengine_cpy.py:192: UserWarning: reimporting '_cffi__x8289ab9cx6a9fc678' might overwrite older definitions
    % (self.verifier.get_module_name()))

testing/cffi0/test_verify2.py::test_access_callback_function_typedef
  /<<PKGBUILDDIR>>/cffi/vengine_cpy.py:192: UserWarning: reimporting '_cffi__x39673b4exa2d96975' might overwrite older definitions
    % (self.verifier.get_module_name()))

testing/cffi0/test_verify2.py::test_call_with_struct_ptr
  /<<PKGBUILDDIR>>/cffi/vengine_cpy.py:192: UserWarning: reimporting '_cffi__x8a197d0ex7a526475' might overwrite older definitions
    % (self.verifier.get_module_name()))

testing/cffi0/test_verify2.py::test_unknown_type
  /<<PKGBUILDDIR>>/cffi/vengine_cpy.py:192: UserWarning: reimporting '_cffi__x33643017xd6c45eea' might overwrite older definitions
    % (self.verifier.get_module_name()))

testing/cffi0/test_verify2.py::test_unknown_type_2
  /<<PKGBUILDDIR>>/cffi/vengine_cpy.py:192: UserWarning: reimporting '_cffi__x6216b998x60f92b86' might overwrite older definitions
    % (self.verifier.get_module_name()))

testing/cffi0/test_verify2.py::test_unknown_type_3
  /<<PKGBUILDDIR>>/cffi/vengine_cpy.py:192: UserWarning: reimporting '_cffi__xa8943e8bx7026b628' might overwrite older definitions
    % (self.verifier.get_module_name()))

testing/cffi0/test_verify2.py::test_varargs
  /<<PKGBUILDDIR>>/cffi/vengine_cpy.py:192: UserWarning: reimporting '_cffi__xb420b51axca4e5e11' might overwrite older definitions
    % (self.verifier.get_module_name()))

testing/cffi0/test_verify2.py::test_varargs_struct
  /<<PKGBUILDDIR>>/cffi/vengine_cpy.py:192: UserWarning: reimporting '_cffi__xc1812c94x6efea2e0' might overwrite older definitions
    % (self.verifier.get_module_name()))

testing/cffi0/test_verify2.py::test_autofilled_struct_as_argument
  /<<PKGBUILDDIR>>/cffi/vengine_cpy.py:192: UserWarning: reimporting '_cffi__x457b89afxe0cf389c' might overwrite older definitions
    % (self.verifier.get_module_name()))

testing/cffi0/test_verify2.py::test_autofilled_struct_as_argument_dynamic
  /<<PKGBUILDDIR>>/cffi/vengine_cpy.py:192: UserWarning: reimporting '_cffi__xb4e1b0ebx7b995f9a' might overwrite older definitions
    % (self.verifier.get_module_name()))

testing/cffi0/test_verify2.py::test_func_returns_struct
  /<<PKGBUILDDIR>>/cffi/vengine_cpy.py:192: UserWarning: reimporting '_cffi__x64a18853x2710652e' might overwrite older definitions
    % (self.verifier.get_module_name()))

testing/cffi0/test_verify2.py::test_func_as_funcptr
  /<<PKGBUILDDIR>>/cffi/vengine_cpy.py:192: UserWarning: reimporting '_cffi__x89894fefxffa45572' might overwrite older definitions
    % (self.verifier.get_module_name()))

testing/cffi0/test_verify2.py::test_funcptr_as_argument
  /<<PKGBUILDDIR>>/cffi/vengine_cpy.py:192: UserWarning: reimporting '_cffi__x553ee06dx751be2ee' might overwrite older definitions
    % (self.verifier.get_module_name()))

testing/cffi0/test_verify2.py::test_func_as_argument
  /<<PKGBUILDDIR>>/cffi/vengine_cpy.py:192: UserWarning: reimporting '_cffi__x9b1422bbxb22737f0' might overwrite older definitions
    % (self.verifier.get_module_name()))

testing/cffi0/test_verify2.py::test_array_as_argument
  /<<PKGBUILDDIR>>/cffi/vengine_cpy.py:192: UserWarning: reimporting '_cffi__x6054f77x15858f9c' might overwrite older definitions
    % (self.verifier.get_module_name()))

testing/cffi0/test_verify2.py::test_enum_as_argument
  /<<PKGBUILDDIR>>/cffi/vengine_cpy.py:192: UserWarning: reimporting '_cffi__x233a18a8x8e5d26ae' might overwrite older definitions
    % (self.verifier.get_module_name()))

testing/cffi0/test_verify2.py::test_enum_as_function_result
  /<<PKGBUILDDIR>>/cffi/vengine_cpy.py:192: UserWarning: reimporting '_cffi__xef61040axfdcc9e68' might overwrite older definitions
    % (self.verifier.get_module_name()))

testing/cffi0/test_verify2.py::test_enum_values
  /<<PKGBUILDDIR>>/cffi/vengine_cpy.py:192: UserWarning: reimporting '_cffi__xb4de500exbe1b74e1' might overwrite older definitions
    % (self.verifier.get_module_name()))

testing/cffi0/test_verify2.py::test_typedef_complete_enum
  /<<PKGBUILDDIR>>/cffi/vengine_cpy.py:192: UserWarning: reimporting '_cffi__x151a1174xe4f1cfa9' might overwrite older definitions
    % (self.verifier.get_module_name()))

testing/cffi0/test_verify2.py::test_typedef_incomplete_enum
  /<<PKGBUILDDIR>>/cffi/vengine_cpy.py:192: UserWarning: reimporting '_cffi__x8d62db9bx9c487e77' might overwrite older definitions
    % (self.verifier.get_module_name()))

testing/cffi0/test_verify2.py::test_typedef_enum_as_argument
  /<<PKGBUILDDIR>>/cffi/vengine_cpy.py:192: UserWarning: reimporting '_cffi__xe5b33a6dx41b44eae' might overwrite older definitions
    % (self.verifier.get_module_name()))

testing/cffi0/test_verify2.py::test_typedef_enum_as_function_result
  /<<PKGBUILDDIR>>/cffi/vengine_cpy.py:192: UserWarning: reimporting '_cffi__xcf675c13x95c4b2a' might overwrite older definitions
    % (self.verifier.get_module_name()))

testing/cffi0/test_verify2.py::test_function_typedef
  /<<PKGBUILDDIR>>/cffi/vengine_cpy.py:192: UserWarning: reimporting '_cffi__x4d760becxff3a7962' might overwrite older definitions
    % (self.verifier.get_module_name()))

testing/cffi0/test_verify2.py::test_opaque_integer_as_function_result
  /<<PKGBUILDDIR>>/cffi/vengine_cpy.py:192: UserWarning: reimporting '_cffi__xe3cc1ce6x404ecdde' might overwrite older definitions
    % (self.verifier.get_module_name()))

testing/cffi0/test_verify2.py::test_return_partial_struct
  /<<PKGBUILDDIR>>/cffi/vengine_cpy.py:192: UserWarning: reimporting '_cffi__x9dec3d5fx2f82d1a2' might overwrite older definitions
    % (self.verifier.get_module_name()))

testing/cffi0/test_verify2.py::test_take_and_return_partial_structs
  /<<PKGBUILDDIR>>/cffi/vengine_cpy.py:192: UserWarning: reimporting '_cffi__x328f6a25xf5262905' might overwrite older definitions
    % (self.verifier.get_module_name()))

testing/cffi0/test_verify2.py::test_dont_check_unnamable_fields
  /<<PKGBUILDDIR>>/cffi/vengine_cpy.py:192: UserWarning: reimporting '_cffi__xe101e765xae06648f' might overwrite older definitions
    % (self.verifier.get_module_name()))

testing/cffi0/test_verify2.py::test_nested_anonymous_struct_exact
  /<<PKGBUILDDIR>>/cffi/vengine_cpy.py:192: UserWarning: reimporting '_cffi__x80b15d65x750ec004' might overwrite older definitions
    % (self.verifier.get_module_name()))

testing/cffi0/test_verify2.py::test_nested_anonymous_struct_exact_error
  /<<PKGBUILDDIR>>/cffi/vengine_cpy.py:192: UserWarning: reimporting '_cffi__xd6d40751x5f94bebd' might overwrite older definitions
    % (self.verifier.get_module_name()))

testing/cffi0/test_verify2.py::test_nested_anonymous_struct_inexact_1
  /<<PKGBUILDDIR>>/cffi/vengine_cpy.py:192: UserWarning: reimporting '_cffi__xfef2d2aexad6ad5d6' might overwrite older definitions
    % (self.verifier.get_module_name()))

testing/cffi0/test_verify2.py::test_nested_anonymous_struct_inexact_2
  /<<PKGBUILDDIR>>/cffi/vengine_cpy.py:192: UserWarning: reimporting '_cffi__x9b7d98x861d01a8' might overwrite older definitions
    % (self.verifier.get_module_name()))

testing/cffi0/test_verify2.py::test_ffi_union
  /<<PKGBUILDDIR>>/cffi/vengine_cpy.py:192: UserWarning: reimporting '_cffi__xa2163a7bx4fc79676' might overwrite older definitions
    % (self.verifier.get_module_name()))

testing/cffi0/test_verify2.py::test_ffi_union_partial
  /<<PKGBUILDDIR>>/cffi/vengine_cpy.py:192: UserWarning: reimporting '_cffi__x686c35adx7a8d8447' might overwrite older definitions
    % (self.verifier.get_module_name()))

testing/cffi0/test_verify2.py::test_ffi_union_with_partial_struct
  /<<PKGBUILDDIR>>/cffi/vengine_cpy.py:192: UserWarning: reimporting '_cffi__xb054faf8x6d231ed2' might overwrite older definitions
    % (self.verifier.get_module_name()))

testing/cffi0/test_verify2.py::test_ffi_union_partial_2
  /<<PKGBUILDDIR>>/cffi/vengine_cpy.py:192: UserWarning: reimporting '_cffi__xb097c8a5xa11e346b' might overwrite older definitions
    % (self.verifier.get_module_name()))

testing/cffi0/test_verify2.py::test_ffi_union_with_partial_struct_2
  /<<PKGBUILDDIR>>/cffi/vengine_cpy.py:192: UserWarning: reimporting '_cffi__x139124f0x31086e20' might overwrite older definitions
    % (self.verifier.get_module_name()))

testing/cffi0/test_verify2.py::test_ffi_struct_packed
  /<<PKGBUILDDIR>>/cffi/vengine_cpy.py:192: UserWarning: reimporting '_cffi__x9ce7c58ex8b8593da' might overwrite older definitions
    % (self.verifier.get_module_name()))

testing/cffi0/test_verify2.py::test_relative_to
  /<<PKGBUILDDIR>>/cffi/vengine_cpy.py:192: UserWarning: reimporting '_cffi__x7b7094f7x5fc98e1b' might overwrite older definitions
    % (self.verifier.get_module_name()))

testing/cffi0/test_verify2.py::test_bug1
  /<<PKGBUILDDIR>>/cffi/vengine_cpy.py:192: UserWarning: reimporting '_cffi__xcee4d60exc08d7f5a' might overwrite older definitions
    % (self.verifier.get_module_name()))

testing/cffi0/test_verify2.py::test_bool
  /<<PKGBUILDDIR>>/cffi/vengine_cpy.py:192: UserWarning: reimporting '_cffi__xc370559cx600183c2' might overwrite older definitions
    % (self.verifier.get_module_name()))

testing/cffi0/test_verify2.py::test_bool_on_long_double
  /<<PKGBUILDDIR>>/cffi/vengine_cpy.py:192: UserWarning: reimporting '_cffi__xf389dc3bx6678a156' might overwrite older definitions
    % (self.verifier.get_module_name()))

testing/cffi0/test_verify2.py::test_cannot_pass_float
  /<<PKGBUILDDIR>>/cffi/vengine_cpy.py:192: UserWarning: reimporting '_cffi__xba49e658xffbca8da' might overwrite older definitions
    % (self.verifier.get_module_name()))
  /<<PKGBUILDDIR>>/cffi/vengine_cpy.py:192: UserWarning: reimporting '_cffi__x98589f21x8b53330b' might overwrite older definitions
    % (self.verifier.get_module_name()))
  /<<PKGBUILDDIR>>/cffi/vengine_cpy.py:192: UserWarning: reimporting '_cffi__xdae5eff9xacf08f7a' might overwrite older definitions
    % (self.verifier.get_module_name()))
  /<<PKGBUILDDIR>>/cffi/vengine_cpy.py:192: UserWarning: reimporting '_cffi__xe6f52d5x8ca5b001' might overwrite older definitions
    % (self.verifier.get_module_name()))
  /<<PKGBUILDDIR>>/cffi/vengine_cpy.py:192: UserWarning: reimporting '_cffi__xd7828f35x991e6d6' might overwrite older definitions
    % (self.verifier.get_module_name()))
  /<<PKGBUILDDIR>>/cffi/vengine_cpy.py:192: UserWarning: reimporting '_cffi__x2cc84136xdd763729' might overwrite older definitions
    % (self.verifier.get_module_name()))
  /<<PKGBUILDDIR>>/cffi/vengine_cpy.py:192: UserWarning: reimporting '_cffi__x27d178f0xf5408d8a' might overwrite older definitions
    % (self.verifier.get_module_name()))
  /<<PKGBUILDDIR>>/cffi/vengine_cpy.py:192: UserWarning: reimporting '_cffi__xe47e5ddax6bf6bb06' might overwrite older definitions
    % (self.verifier.get_module_name()))
  /<<PKGBUILDDIR>>/cffi/vengine_cpy.py:192: UserWarning: reimporting '_cffi__x5f45db1bx1b74869e' might overwrite older definitions
    % (self.verifier.get_module_name()))
  /<<PKGBUILDDIR>>/cffi/vengine_cpy.py:192: UserWarning: reimporting '_cffi__xdc51cb9ex81b0dea' might overwrite older definitions
    % (self.verifier.get_module_name()))

testing/cffi0/test_verify2.py::test_addressof
  /<<PKGBUILDDIR>>/cffi/vengine_cpy.py:192: UserWarning: reimporting '_cffi__x84ed18e2xd06ef6e5' might overwrite older definitions
    % (self.verifier.get_module_name()))

testing/cffi0/test_verify2.py::test_FILE_stored_in_stdout
  /<<PKGBUILDDIR>>/cffi/vengine_cpy.py:192: UserWarning: reimporting '_cffi__x881ad5b3xe18a7755' might overwrite older definitions
    % (self.verifier.get_module_name()))

testing/cffi0/test_verify2.py::test_FILE_stored_explicitly
  /<<PKGBUILDDIR>>/cffi/vengine_cpy.py:192: UserWarning: reimporting '_cffi__x44054f6cxe355e810' might overwrite older definitions
    % (self.verifier.get_module_name()))

testing/cffi0/test_verify2.py::test_global_array_with_missing_length
  /<<PKGBUILDDIR>>/cffi/vengine_cpy.py:192: UserWarning: reimporting '_cffi__x86c20ddxb28ef9b7' might overwrite older definitions
    % (self.verifier.get_module_name()))

testing/cffi0/test_verify2.py::test_global_array_with_dotdotdot_length
  /<<PKGBUILDDIR>>/cffi/vengine_cpy.py:192: UserWarning: reimporting '_cffi__x807e699xc287e4b7' might overwrite older definitions
    % (self.verifier.get_module_name()))

testing/cffi0/test_verify2.py::test_struct_containing_struct
  /<<PKGBUILDDIR>>/cffi/vengine_cpy.py:192: UserWarning: reimporting '_cffi__xe92a8421x6b5767ed' might overwrite older definitions
    % (self.verifier.get_module_name()))
  /<<PKGBUILDDIR>>/cffi/vengine_cpy.py:192: UserWarning: reimporting '_cffi__x8baa529fxea375673' might overwrite older definitions
    % (self.verifier.get_module_name()))

testing/cffi0/test_verify2.py::test_include
  /<<PKGBUILDDIR>>/cffi/vengine_cpy.py:192: UserWarning: reimporting '_cffi__xda617059x704442a6' might overwrite older definitions
    % (self.verifier.get_module_name()))
  /<<PKGBUILDDIR>>/cffi/vengine_cpy.py:192: UserWarning: reimporting '_cffi__xf73f3c0cxaeed1629' might overwrite older definitions
    % (self.verifier.get_module_name()))

testing/cffi0/test_verify2.py::test_include_enum
  /<<PKGBUILDDIR>>/cffi/vengine_cpy.py:192: UserWarning: reimporting '_cffi__xa7ab6052x3f9d2311' might overwrite older definitions
    % (self.verifier.get_module_name()))
  /<<PKGBUILDDIR>>/cffi/vengine_cpy.py:192: UserWarning: reimporting '_cffi__x7582a9fcx271ef3d2' might overwrite older definitions
    % (self.verifier.get_module_name()))

testing/cffi0/test_verify2.py::test_named_pointer_as_argument
  /<<PKGBUILDDIR>>/cffi/vengine_cpy.py:192: UserWarning: reimporting '_cffi__x6d242bc7x51d03f51' might overwrite older definitions
    % (self.verifier.get_module_name()))

testing/cffi0/test_verify2.py::test_enum_size
  /<<PKGBUILDDIR>>/cffi/vengine_cpy.py:192: UserWarning: reimporting '_cffi__xd6d4a7e1x93a3db94' might overwrite older definitions
    % (self.verifier.get_module_name()))
  /<<PKGBUILDDIR>>/cffi/vengine_cpy.py:192: UserWarning: reimporting '_cffi__x701d7549x3749f7ac' might overwrite older definitions
    % (self.verifier.get_module_name()))
  /<<PKGBUILDDIR>>/cffi/vengine_cpy.py:192: UserWarning: reimporting '_cffi__x745768b4x9249f4aa' might overwrite older definitions
    % (self.verifier.get_module_name()))
  /<<PKGBUILDDIR>>/cffi/vengine_cpy.py:192: UserWarning: reimporting '_cffi__x16072f43xf4922b4b' might overwrite older definitions
    % (self.verifier.get_module_name()))
  /<<PKGBUILDDIR>>/cffi/vengine_cpy.py:192: UserWarning: reimporting '_cffi__xc61deb39x606bdbfe' might overwrite older definitions
    % (self.verifier.get_module_name()))
  /<<PKGBUILDDIR>>/cffi/vengine_cpy.py:192: UserWarning: reimporting '_cffi__xf6df39bax663f2238' might overwrite older definitions
    % (self.verifier.get_module_name()))
  /<<PKGBUILDDIR>>/cffi/vengine_cpy.py:192: UserWarning: reimporting '_cffi__xd1e4f6e2x3a4753ac' might overwrite older definitions
    % (self.verifier.get_module_name()))
  /<<PKGBUILDDIR>>/cffi/vengine_cpy.py:192: UserWarning: reimporting '_cffi__x9a23ecc5xea621af1' might overwrite older definitions
    % (self.verifier.get_module_name()))

testing/cffi0/test_verify2.py::test_string_to_voidp_arg
  /<<PKGBUILDDIR>>/cffi/vengine_cpy.py:192: UserWarning: reimporting '_cffi__x6ac4f7eaxdf68ffaa' might overwrite older definitions
    % (self.verifier.get_module_name()))

testing/cffi0/test_verify2.py::test_callback_indirection
  /<<PKGBUILDDIR>>/cffi/vengine_cpy.py:192: UserWarning: reimporting '_cffi__xa41a0593x402c1778' might overwrite older definitions
    % (self.verifier.get_module_name()))

testing/cffi0/test_verify2.py::test_floatstar_argument
  /<<PKGBUILDDIR>>/cffi/vengine_cpy.py:192: UserWarning: reimporting '_cffi__x2866dc9dxfa9581dc' might overwrite older definitions
    % (self.verifier.get_module_name()))

testing/cffi0/test_verify2.py::test_charstar_argument
  /<<PKGBUILDDIR>>/cffi/vengine_cpy.py:192: UserWarning: reimporting '_cffi__xd781eedbx193e94a' might overwrite older definitions
    % (self.verifier.get_module_name()))

testing/cffi0/test_verify2.py::test_passing_string_or_NULL
  /<<PKGBUILDDIR>>/cffi/vengine_cpy.py:192: UserWarning: reimporting '_cffi__x672099b7x2f04c8c3' might overwrite older definitions
    % (self.verifier.get_module_name()))

testing/cffi0/test_verify2.py::test_typeof_function
  /<<PKGBUILDDIR>>/cffi/vengine_cpy.py:192: UserWarning: reimporting '_cffi__xa4cd6709x18b3804a' might overwrite older definitions
    % (self.verifier.get_module_name()))

testing/cffi0/test_verify2.py::test_call_with_voidstar_arg
  /<<PKGBUILDDIR>>/cffi/vengine_cpy.py:192: UserWarning: reimporting '_cffi__x91183f04x13a97219' might overwrite older definitions
    % (self.verifier.get_module_name()))

testing/cffi0/test_verify2.py::test_dir
  /<<PKGBUILDDIR>>/cffi/vengine_cpy.py:192: UserWarning: reimporting '_cffi__x133afff4xb9c9905b' might overwrite older definitions
    % (self.verifier.get_module_name()))

testing/cffi0/test_verify2.py::test_typeof_func_with_struct_argument
  /<<PKGBUILDDIR>>/cffi/vengine_cpy.py:192: UserWarning: reimporting '_cffi__x6ce52644x4b81aa8' might overwrite older definitions
    % (self.verifier.get_module_name()))

testing/cffi0/test_verify2.py::test_bug_const_char_ptr_array_1
  /<<PKGBUILDDIR>>/cffi/vengine_cpy.py:192: UserWarning: reimporting '_cffi__x85ceefc0xce5f80ef' might overwrite older definitions
    % (self.verifier.get_module_name()))

testing/cffi0/test_verify2.py::test_bug_const_char_ptr_array_2
  /<<PKGBUILDDIR>>/cffi/vengine_cpy.py:192: UserWarning: reimporting '_cffi__x2ad5f5acxc9978150' might overwrite older definitions
    % (self.verifier.get_module_name()))

testing/cffi0/test_verify2.py::test_various_calls_direct
  /<<PKGBUILDDIR>>/cffi/vengine_cpy.py:192: UserWarning: reimporting '_cffi__x6f70f964x821955ff' might overwrite older definitions
    % (self.verifier.get_module_name()))

testing/cffi0/test_verify2.py::test_various_calls_libffi
  /<<PKGBUILDDIR>>/cffi/vengine_cpy.py:192: UserWarning: reimporting '_cffi__xb5fbfa5bx26172808' might overwrite older definitions
    % (self.verifier.get_module_name()))

testing/cffi0/test_verify2.py::test_ptr_to_opaque
  /<<PKGBUILDDIR>>/cffi/vengine_cpy.py:192: UserWarning: reimporting '_cffi__x52fc20bx1bb0fc74' might overwrite older definitions
    % (self.verifier.get_module_name()))

testing/cffi0/test_verify2.py::test_errno_working_even_with_pypys_jit
  /<<PKGBUILDDIR>>/cffi/vengine_cpy.py:192: UserWarning: reimporting '_cffi__x31d163c6x47d772de' might overwrite older definitions
    % (self.verifier.get_module_name()))

testing/cffi0/test_verify2.py::test_verify_extra_arguments
  /<<PKGBUILDDIR>>/cffi/vengine_cpy.py:192: UserWarning: reimporting '_cffi__x9cca0c10xaf649e62' might overwrite older definitions
    % (self.verifier.get_module_name()))

testing/cffi0/test_verify2.py::test_use_local_dir
  /<<PKGBUILDDIR>>/cffi/vengine_cpy.py:192: UserWarning: reimporting 'test_use_local_dir' might overwrite older definitions
    % (self.verifier.get_module_name()))

testing/cffi0/test_verify2.py::test_define_known_value
  /<<PKGBUILDDIR>>/cffi/vengine_cpy.py:192: UserWarning: reimporting '_cffi__x8f8d0e6ax3456ee0b' might overwrite older definitions
    % (self.verifier.get_module_name()))

testing/cffi0/test_verify2.py::test_static_const_int_known_value
  /<<PKGBUILDDIR>>/cffi/vengine_cpy.py:192: UserWarning: reimporting '_cffi__xdb8e0fexa6e7e8d2' might overwrite older definitions
    % (self.verifier.get_module_name()))

testing/cffi0/test_verify2.py::test_const_struct_global
  /<<PKGBUILDDIR>>/cffi/vengine_cpy.py:192: UserWarning: reimporting '_cffi__x4bac5b16x65e65f2f' might overwrite older definitions
    % (self.verifier.get_module_name()))

testing/cffi0/test_verify2.py::test_const_fields
  /<<PKGBUILDDIR>>/cffi/vengine_cpy.py:192: UserWarning: reimporting '_cffi__x2913bb8fxd5123ed5' might overwrite older definitions
    % (self.verifier.get_module_name()))

testing/cffi0/test_verify2.py::test_win32_calling_convention_0
  /<<PKGBUILDDIR>>/cffi/vengine_cpy.py:192: UserWarning: reimporting '_cffi__xf04cbaf9x3e1ba98b' might overwrite older definitions
    % (self.verifier.get_module_name()))

testing/cffi0/test_verify2.py::test_win32_calling_convention_1
  /<<PKGBUILDDIR>>/cffi/vengine_cpy.py:192: UserWarning: reimporting '_cffi__x5fd7ad4exffee8652' might overwrite older definitions
    % (self.verifier.get_module_name()))

testing/cffi0/test_verify2.py::test_win32_calling_convention_2
  /<<PKGBUILDDIR>>/cffi/vengine_cpy.py:192: UserWarning: reimporting '_cffi__xd8f0e5cdx822b539f' might overwrite older definitions
    % (self.verifier.get_module_name()))

testing/cffi0/test_verify2.py::test_win32_calling_convention_3
  /<<PKGBUILDDIR>>/cffi/vengine_cpy.py:192: UserWarning: reimporting '_cffi__x16885e65x2de1b2d5' might overwrite older definitions
    % (self.verifier.get_module_name()))

testing/cffi0/test_verify2.py::test_ffi_gc_size_arg
  /<<PKGBUILDDIR>>/cffi/vengine_cpy.py:192: UserWarning: reimporting '_cffi__xba4424ecx7f1150e2' might overwrite older definitions
    % (self.verifier.get_module_name()))

-- Docs: http://doc.pytest.org/en/latest/warnings.html
 10 failed, 1878 passed, 81 skipped, 4 xfailed, 196 warnings in 263.95 seconds =
E: pybuild pybuild:336: test: plugin custom failed with: exit code=1: python2.7 -m pytest c/ testing/
dh_auto_test: pybuild --test --test-pytest -i python{version} -p 2.7 returned exit code 13
make[1]: *** [debian/rules:16: override_dh_auto_test] Error 25
make[1]: Leaving directory '/<<PKGBUILDDIR>>'
make: *** [debian/rules:13: binary-arch] Error 2
dpkg-buildpackage: error: debian/rules binary-arch subprocess returned exit status 2
--------------------------------------------------------------------------------
Build finished at 2018-05-02T12:12:13Z

Finished
--------


+------------------------------------------------------------------------------+
| Cleanup                                                                      |
+------------------------------------------------------------------------------+

Purging /<<BUILDDIR>>
Not cleaning session: cloned chroot in use
E: Build failure (dpkg-buildpackage died)

+------------------------------------------------------------------------------+
| Summary                                                                      |
+------------------------------------------------------------------------------+

Build Architecture: amd64
Build Type: any
Build-Space: 23648
Build-Time: 283
Distribution: unstable
Fail-Stage: build
Host Architecture: amd64
Install-Time: 25
Job: python-cffi_1.11.5-1
Machine Architecture: amd64
Package: python-cffi
Package-Time: 322
Source-Version: 1.11.5-1
Space: 23648
Status: attempted
Version: 1.11.5-1
--------------------------------------------------------------------------------
Finished at 2018-05-02T12:12:13Z
Build needed 00:05:22, 23648k disk space
E: Build failure (dpkg-buildpackage died)
DC-Status: Failed 322.307409063s
DC-Time-Estimation: 322.307409063 versus expected 2831 (r/m: 7.783539938564171 ; m: 322.307409063)
