DC-Build-Header: ruby-rmagick 2.16.0-4 / 2018-05-02 13:06:35 +0000
DC-Task: type:rebuild-binarch-only source:ruby-rmagick version:2.16.0-4 chroot:unstable esttime:120 logfile:/tmp/ruby-rmagick_2.16.0-4_unstable_clang60.log modes:clang60:binarch-only
DC-Sbuild-call: su user42 -c 'sbuild -n --arch-any --apt-update -d unstable -v  --chroot-setup-commands=/tmp/clang60 ruby-rmagick_2.16.0-4'
sbuild (Debian sbuild) 0.73.0 (23 Dec 2016) on ip-172-31-3-19.eu-central-1.compute.internal

+==============================================================================+
| ruby-rmagick 2.16.0-4 (amd64)                Wed, 02 May 2018 13:06:35 +0000 |
+==============================================================================+

Package: ruby-rmagick
Version: 2.16.0-4
Source Version: 2.16.0-4
Distribution: unstable
Machine Architecture: amd64
Host Architecture: amd64
Build Architecture: amd64
Build Type: any

I: NOTICE: Log filtering will replace 'var/run/schroot/mount/unstable-amd64-sbuild-f63f4f8e-5da9-4261-a766-7fe11ceaf28e' with '<<CHROOT>>'

+------------------------------------------------------------------------------+
| Chroot Setup Commands                                                        |
+------------------------------------------------------------------------------+


/tmp/clang60
------------

+ echo 'Entering customization script...'
Entering customization script...
+ CLANG_VERSION=6.0
+ echo 'Install of clang-6.0'
Install of clang-6.0
+ apt-get update
Get:1 http://127.0.0.1:9999/debian unstable InRelease [242 kB]
Get:2 http://127.0.0.1:9999/debian unstable/main Sources.diff/Index [27.9 kB]
Get:3 http://127.0.0.1:9999/debian unstable/main amd64 Packages.diff/Index [27.9 kB]
Get:4 http://127.0.0.1:9999/debian unstable/main Sources 2018-05-02-0830.09.pdiff [16.2 kB]
Get:4 http://127.0.0.1:9999/debian unstable/main Sources 2018-05-02-0830.09.pdiff [16.2 kB]
Get:5 http://127.0.0.1:9999/debian unstable/main amd64 Packages 2018-05-02-0830.09.pdiff [1781 B]
Get:5 http://127.0.0.1:9999/debian unstable/main amd64 Packages 2018-05-02-0830.09.pdiff [1781 B]
Get:6 http://127.0.0.1:9999/debian unstable/main Translation-en [6016 kB]
Fetched 6332 kB in 2s (3523 kB/s)
Reading package lists...
+ apt-get install --yes --no-install-recommends --force-yes clang-6.0
Reading package lists...
Building dependency tree...
Reading state information...
The following additional packages will be installed:
  lib32gcc1 lib32stdc++6 libbsd0 libc6-i386 libclang-common-6.0-dev
  libclang1-6.0 libedit2 libjsoncpp1 libllvm6.0 libncurses5 libobjc-7-dev
  libobjc4
Suggested packages:
  gnustep gnustep-devel clang-6.0-doc
Recommended packages:
  llvm-6.0-dev python libomp-dev libgpm2
The following NEW packages will be installed:
  clang-6.0 lib32gcc1 lib32stdc++6 libbsd0 libc6-i386 libclang-common-6.0-dev
  libclang1-6.0 libedit2 libjsoncpp1 libllvm6.0 libncurses5 libobjc-7-dev
  libobjc4
0 upgraded, 13 newly installed, 0 to remove and 0 not upgraded.
Need to get 37.7 MB of archives.
After this operation, 187 MB of additional disk space will be used.
Get:1 http://127.0.0.1:9999/debian unstable/main amd64 libjsoncpp1 amd64 1.7.4-3 [75.6 kB]
Get:2 http://127.0.0.1:9999/debian unstable/main amd64 libbsd0 amd64 0.8.7-1 [92.1 kB]
Get:3 http://127.0.0.1:9999/debian unstable/main amd64 libncurses5 amd64 6.1+20180210-2 [95.7 kB]
Get:4 http://127.0.0.1:9999/debian unstable/main amd64 libedit2 amd64 3.1-20170329-1 [85.2 kB]
Get:5 http://127.0.0.1:9999/debian unstable/main amd64 libllvm6.0 amd64 1:6.0-3 [14.5 MB]
Get:6 http://127.0.0.1:9999/debian unstable/main amd64 libobjc4 amd64 8-20180425-1 [52.4 kB]
Get:7 http://127.0.0.1:9999/debian unstable/main amd64 libobjc-7-dev amd64 7.3.0-17 [204 kB]
Get:8 http://127.0.0.1:9999/debian unstable/main amd64 libc6-i386 amd64 2.27-3 [2855 kB]
Get:9 http://127.0.0.1:9999/debian unstable/main amd64 lib32gcc1 amd64 1:8-20180425-1 [47.8 kB]
Get:10 http://127.0.0.1:9999/debian unstable/main amd64 lib32stdc++6 amd64 8-20180425-1 [406 kB]
Get:11 http://127.0.0.1:9999/debian unstable/main amd64 libclang-common-6.0-dev amd64 1:6.0-3 [3102 kB]
Get:12 http://127.0.0.1:9999/debian unstable/main amd64 libclang1-6.0 amd64 1:6.0-3 [6995 kB]
Get:13 http://127.0.0.1:9999/debian unstable/main amd64 clang-6.0 amd64 1:6.0-3 [9175 kB]
debconf: delaying package configuration, since apt-utils is not installed
Fetched 37.7 MB in 0s (98.5 MB/s)
Selecting previously unselected package libjsoncpp1:amd64.
(Reading database ... (Reading database ... 5%(Reading database ... 10%(Reading database ... 15%(Reading database ... 20%(Reading database ... 25%(Reading database ... 30%(Reading database ... 35%(Reading database ... 40%(Reading database ... 45%(Reading database ... 50%(Reading database ... 55%(Reading database ... 60%(Reading database ... 65%(Reading database ... 70%(Reading database ... 75%(Reading database ... 80%(Reading database ... 85%(Reading database ... 90%(Reading database ... 95%(Reading database ... 100%(Reading database ... 10022 files and directories currently installed.)
Preparing to unpack .../00-libjsoncpp1_1.7.4-3_amd64.deb ...
Unpacking libjsoncpp1:amd64 (1.7.4-3) ...
Selecting previously unselected package libbsd0:amd64.
Preparing to unpack .../01-libbsd0_0.8.7-1_amd64.deb ...
Unpacking libbsd0:amd64 (0.8.7-1) ...
Selecting previously unselected package libncurses5:amd64.
Preparing to unpack .../02-libncurses5_6.1+20180210-2_amd64.deb ...
Unpacking libncurses5:amd64 (6.1+20180210-2) ...
Selecting previously unselected package libedit2:amd64.
Preparing to unpack .../03-libedit2_3.1-20170329-1_amd64.deb ...
Unpacking libedit2:amd64 (3.1-20170329-1) ...
Selecting previously unselected package libllvm6.0:amd64.
Preparing to unpack .../04-libllvm6.0_1%3a6.0-3_amd64.deb ...
Unpacking libllvm6.0:amd64 (1:6.0-3) ...
Selecting previously unselected package libobjc4:amd64.
Preparing to unpack .../05-libobjc4_8-20180425-1_amd64.deb ...
Unpacking libobjc4:amd64 (8-20180425-1) ...
Selecting previously unselected package libobjc-7-dev:amd64.
Preparing to unpack .../06-libobjc-7-dev_7.3.0-17_amd64.deb ...
Unpacking libobjc-7-dev:amd64 (7.3.0-17) ...
Selecting previously unselected package libc6-i386.
Preparing to unpack .../07-libc6-i386_2.27-3_amd64.deb ...
Unpacking libc6-i386 (2.27-3) ...
Selecting previously unselected package lib32gcc1.
Preparing to unpack .../08-lib32gcc1_1%3a8-20180425-1_amd64.deb ...
Unpacking lib32gcc1 (1:8-20180425-1) ...
Selecting previously unselected package lib32stdc++6.
Preparing to unpack .../09-lib32stdc++6_8-20180425-1_amd64.deb ...
Unpacking lib32stdc++6 (8-20180425-1) ...
Selecting previously unselected package libclang-common-6.0-dev.
Preparing to unpack .../10-libclang-common-6.0-dev_1%3a6.0-3_amd64.deb ...
Unpacking libclang-common-6.0-dev (1:6.0-3) ...
Selecting previously unselected package libclang1-6.0:amd64.
Preparing to unpack .../11-libclang1-6.0_1%3a6.0-3_amd64.deb ...
Unpacking libclang1-6.0:amd64 (1:6.0-3) ...
Selecting previously unselected package clang-6.0.
Preparing to unpack .../12-clang-6.0_1%3a6.0-3_amd64.deb ...
Unpacking clang-6.0 (1:6.0-3) ...
Setting up libncurses5:amd64 (6.1+20180210-2) ...
Setting up libobjc4:amd64 (8-20180425-1) ...
Setting up libc6-i386 (2.27-3) ...
Setting up libbsd0:amd64 (0.8.7-1) ...
Setting up libobjc-7-dev:amd64 (7.3.0-17) ...
Processing triggers for libc-bin (2.27-3) ...
Setting up lib32gcc1 (1:8-20180425-1) ...
Setting up libjsoncpp1:amd64 (1.7.4-3) ...
Setting up libedit2:amd64 (3.1-20170329-1) ...
Setting up libllvm6.0:amd64 (1:6.0-3) ...
Setting up libclang1-6.0:amd64 (1:6.0-3) ...
Setting up lib32stdc++6 (8-20180425-1) ...
Setting up libclang-common-6.0-dev (1:6.0-3) ...
Setting up clang-6.0 (1:6.0-3) ...
Processing triggers for libc-bin (2.27-3) ...
W: --force-yes is deprecated, use one of the options starting with --allow instead.
+ echo 'Replace gcc, g++ & cpp by clang'
Replace gcc, g++ & cpp by clang
+ VERSIONS='4.6 4.7 4.8 4.9 5 6 7 8'
+ cd /usr/bin
+ for VERSION in $VERSIONS
+ rm -f g++-4.6 gcc-4.6 cpp-4.6 gcc
+ ln -s clang++-6.0 g++-4.6
+ ln -s clang-6.0 gcc-4.6
+ ln -s clang-6.0 cpp-4.6
+ ln -s clang-6.0 gcc
+ echo 'gcc-4.6 hold'
+ dpkg --set-selections
dpkg: warning: package not in status nor available database at line 1: gcc-4.6
dpkg: warning: found unknown packages; this might mean the available database
is outdated, and needs to be updated through a frontend method;
please see the FAQ <https://wiki.debian.org/Teams/Dpkg/FAQ>
+ echo 'g++-4.6 hold'
+ dpkg --set-selections
dpkg: warning: package not in status nor available database at line 1: g++-4.6
dpkg: warning: found unknown packages; this might mean the available database
is outdated, and needs to be updated through a frontend method;
please see the FAQ <https://wiki.debian.org/Teams/Dpkg/FAQ>
+ for VERSION in $VERSIONS
+ rm -f g++-4.7 gcc-4.7 cpp-4.7 gcc
+ ln -s clang++-6.0 g++-4.7
+ ln -s clang-6.0 gcc-4.7
+ ln -s clang-6.0 cpp-4.7
+ ln -s clang-6.0 gcc
+ echo 'gcc-4.7 hold'
+ dpkg --set-selections
dpkg: warning: package not in status nor available database at line 1: gcc-4.7
dpkg: warning: found unknown packages; this might mean the available database
is outdated, and needs to be updated through a frontend method;
please see the FAQ <https://wiki.debian.org/Teams/Dpkg/FAQ>
+ echo 'g++-4.7 hold'
+ dpkg --set-selections
dpkg: warning: package not in status nor available database at line 1: g++-4.7
dpkg: warning: found unknown packages; this might mean the available database
is outdated, and needs to be updated through a frontend method;
please see the FAQ <https://wiki.debian.org/Teams/Dpkg/FAQ>
+ for VERSION in $VERSIONS
+ rm -f g++-4.8 gcc-4.8 cpp-4.8 gcc
+ ln -s clang++-6.0 g++-4.8
+ ln -s clang-6.0 gcc-4.8
+ ln -s clang-6.0 cpp-4.8
+ ln -s clang-6.0 gcc
+ echo 'gcc-4.8 hold'
+ dpkg --set-selections
dpkg: warning: package not in status nor available database at line 1: gcc-4.8
dpkg: warning: found unknown packages; this might mean the available database
is outdated, and needs to be updated through a frontend method;
please see the FAQ <https://wiki.debian.org/Teams/Dpkg/FAQ>
+ echo 'g++-4.8 hold'
+ dpkg --set-selections
dpkg: warning: package not in status nor available database at line 1: g++-4.8
dpkg: warning: found unknown packages; this might mean the available database
is outdated, and needs to be updated through a frontend method;
please see the FAQ <https://wiki.debian.org/Teams/Dpkg/FAQ>
+ for VERSION in $VERSIONS
+ rm -f g++-4.9 gcc-4.9 cpp-4.9 gcc
+ ln -s clang++-6.0 g++-4.9
+ ln -s clang-6.0 gcc-4.9
+ ln -s clang-6.0 cpp-4.9
+ ln -s clang-6.0 gcc
+ echo 'gcc-4.9 hold'
+ dpkg --set-selections
dpkg: warning: package not in status nor available database at line 1: gcc-4.9
dpkg: warning: found unknown packages; this might mean the available database
is outdated, and needs to be updated through a frontend method;
please see the FAQ <https://wiki.debian.org/Teams/Dpkg/FAQ>
+ echo 'g++-4.9 hold'
+ dpkg --set-selections
dpkg: warning: package not in status nor available database at line 1: g++-4.9
dpkg: warning: found unknown packages; this might mean the available database
is outdated, and needs to be updated through a frontend method;
please see the FAQ <https://wiki.debian.org/Teams/Dpkg/FAQ>
+ for VERSION in $VERSIONS
+ rm -f g++-5 gcc-5 cpp-5 gcc
+ ln -s clang++-6.0 g++-5
+ ln -s clang-6.0 gcc-5
+ ln -s clang-6.0 cpp-5
+ ln -s clang-6.0 gcc
+ echo 'gcc-5 hold'
+ dpkg --set-selections
+ echo 'g++-5 hold'
+ dpkg --set-selections
+ for VERSION in $VERSIONS
+ rm -f g++-6 gcc-6 cpp-6 gcc
+ ln -s clang++-6.0 g++-6
+ ln -s clang-6.0 gcc-6
+ ln -s clang-6.0 cpp-6
+ ln -s clang-6.0 gcc
+ echo 'gcc-6 hold'
+ dpkg --set-selections
dpkg: warning: package not in status nor available database at line 1: gcc-6
dpkg: warning: found unknown packages; this might mean the available database
is outdated, and needs to be updated through a frontend method;
please see the FAQ <https://wiki.debian.org/Teams/Dpkg/FAQ>
+ echo 'g++-6 hold'
+ dpkg --set-selections
dpkg: warning: package not in status nor available database at line 1: g++-6
dpkg: warning: found unknown packages; this might mean the available database
is outdated, and needs to be updated through a frontend method;
please see the FAQ <https://wiki.debian.org/Teams/Dpkg/FAQ>
+ for VERSION in $VERSIONS
+ rm -f g++-7 gcc-7 cpp-7 gcc
+ ln -s clang++-6.0 g++-7
+ ln -s clang-6.0 gcc-7
+ ln -s clang-6.0 cpp-7
+ ln -s clang-6.0 gcc
+ echo 'gcc-7 hold'
+ dpkg --set-selections
+ echo 'g++-7 hold'
+ dpkg --set-selections
+ for VERSION in $VERSIONS
+ rm -f g++-8 gcc-8 cpp-8 gcc
+ ln -s clang++-6.0 g++-8
+ ln -s clang-6.0 gcc-8
+ ln -s clang-6.0 cpp-8
+ ln -s clang-6.0 gcc
+ echo 'gcc-8 hold'
+ dpkg --set-selections
dpkg: warning: package not in status nor available database at line 1: gcc-8
dpkg: warning: found unknown packages; this might mean the available database
is outdated, and needs to be updated through a frontend method;
please see the FAQ <https://wiki.debian.org/Teams/Dpkg/FAQ>
+ echo 'g++-8 hold'
+ dpkg --set-selections
dpkg: warning: package not in status nor available database at line 1: g++-8
dpkg: warning: found unknown packages; this might mean the available database
is outdated, and needs to be updated through a frontend method;
please see the FAQ <https://wiki.debian.org/Teams/Dpkg/FAQ>
+ cd -
/build/ruby-rmagick-gdbsQx
+ echo 'Check if gcc, g++ & cpp are actually clang'
Check if gcc, g++ & cpp are actually clang
+ gcc --version
+ grep clang
+ cpp --version
+ grep clang
+ g++ --version
+ grep clang

I: Finished running '/tmp/clang60'.

Finished processing commands.
--------------------------------------------------------------------------------

+------------------------------------------------------------------------------+
| Update chroot                                                                |
+------------------------------------------------------------------------------+

Hit:1 http://127.0.0.1:9999/debian unstable InRelease
Reading package lists...
Reading package lists...
Building dependency tree...
Reading state information...
Calculating upgrade...
0 upgraded, 0 newly installed, 0 to remove and 0 not upgraded.

+------------------------------------------------------------------------------+
| Fetch source files                                                           |
+------------------------------------------------------------------------------+


Check APT
---------

Checking available source versions...

Download source files with APT
------------------------------

Reading package lists...
NOTICE: 'ruby-rmagick' packaging is maintained in the 'Git' version control system at:
https://salsa.debian.org/ruby-team/ruby-rmagick.git
Please use:
git clone https://salsa.debian.org/ruby-team/ruby-rmagick.git
to retrieve the latest (possibly unreleased) updates to the package.
Need to get 1570 kB of source archives.
Get:1 http://127.0.0.1:9999/debian unstable/main ruby-rmagick 2.16.0-4 (dsc) [2262 B]
Get:2 http://127.0.0.1:9999/debian unstable/main ruby-rmagick 2.16.0-4 (tar) [1557 kB]
Get:3 http://127.0.0.1:9999/debian unstable/main ruby-rmagick 2.16.0-4 (diff) [10.7 kB]
Fetched 1570 kB in 0s (8157 kB/s)
Download complete and in download only mode
I: NOTICE: Log filtering will replace 'build/ruby-rmagick-gdbsQx/ruby-rmagick-2.16.0' with '<<PKGBUILDDIR>>'
I: NOTICE: Log filtering will replace 'build/ruby-rmagick-gdbsQx' with '<<BUILDDIR>>'

+------------------------------------------------------------------------------+
| Install build-essential                                                      |
+------------------------------------------------------------------------------+


Setup apt archive
-----------------

Merged Build-Depends: build-essential, fakeroot
Filtered Build-Depends: build-essential, fakeroot
dpkg-deb: building package 'sbuild-build-depends-core-dummy' in '/<<BUILDDIR>>/resolver-rg2fKo/apt_archive/sbuild-build-depends-core-dummy.deb'.
dpkg-scanpackages: warning: Packages in archive but missing from override file:
dpkg-scanpackages: warning:   sbuild-build-depends-core-dummy
dpkg-scanpackages: info: Wrote 1 entries to output Packages file.
Ign:1 copy:/<<BUILDDIR>>/resolver-rg2fKo/apt_archive ./ InRelease
Get:2 copy:/<<BUILDDIR>>/resolver-rg2fKo/apt_archive ./ Release [957 B]
Ign:3 copy:/<<BUILDDIR>>/resolver-rg2fKo/apt_archive ./ Release.gpg
Get:4 copy:/<<BUILDDIR>>/resolver-rg2fKo/apt_archive ./ Sources [349 B]
Get:5 copy:/<<BUILDDIR>>/resolver-rg2fKo/apt_archive ./ Packages [432 B]
Fetched 1738 B in 0s (0 B/s)
Reading package lists...
Reading package lists...

Install core build dependencies (apt-based resolver)
----------------------------------------------------

Installing build dependencies
Reading package lists...
Building dependency tree...
Reading state information...
The following NEW packages will be installed:
  sbuild-build-depends-core-dummy
0 upgraded, 1 newly installed, 0 to remove and 0 not upgraded.
Need to get 852 B of archives.
After this operation, 0 B of additional disk space will be used.
Get:1 copy:/<<BUILDDIR>>/resolver-rg2fKo/apt_archive ./ sbuild-build-depends-core-dummy 0.invalid.0 [852 B]
debconf: delaying package configuration, since apt-utils is not installed
Fetched 852 B in 0s (0 B/s)
Selecting previously unselected package sbuild-build-depends-core-dummy.
(Reading database ... 10771 files and directories currently installed.)
Preparing to unpack .../sbuild-build-depends-core-dummy_0.invalid.0_amd64.deb ...
Unpacking sbuild-build-depends-core-dummy (0.invalid.0) ...
Setting up sbuild-build-depends-core-dummy (0.invalid.0) ...

+------------------------------------------------------------------------------+
| Check architectures                                                          |
+------------------------------------------------------------------------------+

Arch check ok (amd64 included in any all)

+------------------------------------------------------------------------------+
| Install package build dependencies                                           |
+------------------------------------------------------------------------------+


Setup apt archive
-----------------

Merged Build-Depends: debhelper (>= 11~), gem2deb, ghostscript, gsfonts, libmagickcore-dev (>= 7:6.6.0.4-2~), libmagickwand-dev, libwmf-bin, rake, ruby-rspec, ruby-simplecov
Filtered Build-Depends: debhelper (>= 11~), gem2deb, ghostscript, gsfonts, libmagickcore-dev (>= 7:6.6.0.4-2~), libmagickwand-dev, libwmf-bin, rake, ruby-rspec, ruby-simplecov
dpkg-deb: building package 'sbuild-build-depends-ruby-rmagick-dummy' in '/<<BUILDDIR>>/resolver-rg2fKo/apt_archive/sbuild-build-depends-ruby-rmagick-dummy.deb'.
dpkg-scanpackages: warning: Packages in archive but missing from override file:
dpkg-scanpackages: warning:   sbuild-build-depends-core-dummy sbuild-build-depends-ruby-rmagick-dummy
dpkg-scanpackages: info: Wrote 2 entries to output Packages file.
Ign:1 copy:/<<BUILDDIR>>/resolver-rg2fKo/apt_archive ./ InRelease
Get:2 copy:/<<BUILDDIR>>/resolver-rg2fKo/apt_archive ./ Release [963 B]
Ign:3 copy:/<<BUILDDIR>>/resolver-rg2fKo/apt_archive ./ Release.gpg
Get:4 copy:/<<BUILDDIR>>/resolver-rg2fKo/apt_archive ./ Sources [569 B]
Get:5 copy:/<<BUILDDIR>>/resolver-rg2fKo/apt_archive ./ Packages [650 B]
Fetched 2182 B in 0s (0 B/s)
Reading package lists...
Reading package lists...

Install ruby-rmagick build dependencies (apt-based resolver)
------------------------------------------------------------

Installing build dependencies
Reading package lists...
Building dependency tree...
Reading state information...
The following additional packages will be installed:
  autoconf automake autopoint autotools-dev bsdmainutils ca-certificates
  debhelper devscripts dh-autoreconf dh-strip-nondeterminism file fontconfig
  fontconfig-config fonts-dejavu-core gem2deb gem2deb-test-runner gettext
  gettext-base ghostscript gir1.2-freedesktop gir1.2-gdkpixbuf-2.0
  gir1.2-glib-2.0 gir1.2-rsvg-2.0 groff-base gsfonts icu-devtools
  imagemagick-6-common intltool-debian libarchive-zip-perl libavahi-client3
  libavahi-common-data libavahi-common3 libbz2-dev libcairo-gobject2
  libcairo-script-interpreter2 libcairo2 libcairo2-dev libcroco3 libcups2
  libcupsimage2 libdatrie1 libdbus-1-3 libdjvulibre-dev libdjvulibre-text
  libdjvulibre21 libelf1 libexif-dev libexif12 libexpat1 libexpat1-dev
  libfftw3-double3 libfile-homedir-perl libfile-stripnondeterminism-perl
  libfile-which-perl libfontconfig1 libfontconfig1-dev libfreetype6
  libfreetype6-dev libfribidi0 libgdk-pixbuf2.0-0 libgdk-pixbuf2.0-common
  libgdk-pixbuf2.0-dev libgirepository-1.0-1 libglib2.0-0 libglib2.0-bin
  libglib2.0-data libglib2.0-dev libglib2.0-dev-bin libgmp-dev libgmpxx4ldbl
  libgraphite2-3 libgs9 libgs9-common libgssapi-krb5-2 libharfbuzz0b
  libice-dev libice6 libicu-dev libicu57 libidn11 libijs-0.35 libilmbase-dev
  libilmbase23 libjbig-dev libjbig0 libjbig2dec0 libjpeg-dev libjpeg62-turbo
  libjpeg62-turbo-dev libjs-jquery libjs-jquery-easing libjs-jquery-fancybox
  libjs-jquery-mousewheel libjs-jquery-ui libk5crypto3 libkeyutils1 libkrb5-3
  libkrb5support0 liblcms2-2 liblcms2-dev liblqr-1-0 liblqr-1-0-dev
  libltdl-dev libltdl7 liblzma-dev liblzo2-2 libmagic-mgc libmagic1
  libmagickcore-6-arch-config libmagickcore-6-headers libmagickcore-6.q16-5
  libmagickcore-6.q16-5-extra libmagickcore-6.q16-dev libmagickcore-dev
  libmagickwand-6-headers libmagickwand-6.q16-5 libmagickwand-6.q16-dev
  libmagickwand-dev libmpdec2 libncursesw6 libopenexr-dev libopenexr23
  libopenjp2-7 libopenjp2-7-dev libpango-1.0-0 libpangocairo-1.0-0
  libpangoft2-1.0-0 libpaper1 libpcre16-3 libpcre3-dev libpcre32-3
  libpcrecpp0v5 libpipeline1 libpixman-1-0 libpixman-1-dev libpng-dev
  libpng16-16 libpthread-stubs0-dev libpython3-stdlib libpython3.6-minimal
  libpython3.6-stdlib libreadline7 librsvg2-2 librsvg2-common librsvg2-dev
  libruby2.5 libsigsegv2 libsm-dev libsm6 libsqlite3-0 libssl1.1 libthai-data
  libthai0 libtiff-dev libtiff5 libtiff5-dev libtiffxx5 libtimedate-perl
  libtool libwmf-bin libwmf-dev libwmf0.2-7 libx11-6 libx11-data libx11-dev
  libxau-dev libxau6 libxcb-render0 libxcb-render0-dev libxcb-shm0
  libxcb-shm0-dev libxcb1 libxcb1-dev libxdmcp-dev libxdmcp6 libxext-dev
  libxext6 libxml2 libxml2-dev libxrender-dev libxrender1 libxt-dev libxt6
  libyaml-0-2 lsb-base m4 man-db mime-support openssl pkg-config po-debconf
  poppler-data python3 python3-distutils python3-lib2to3 python3-minimal
  python3.6 python3.6-minimal rake readline-common ruby ruby-all-dev
  ruby-did-you-mean ruby-diff-lcs ruby-docile ruby-json ruby-minitest
  ruby-net-telnet ruby-power-assert ruby-rspec ruby-rspec-core
  ruby-rspec-expectations ruby-rspec-mocks ruby-rspec-support ruby-setup
  ruby-simplecov ruby-simplecov-html ruby-test-unit ruby-thread-order ruby2.5
  ruby2.5-dev rubygems-integration shared-mime-info ucf uuid-dev x11-common
  x11proto-core-dev x11proto-dev x11proto-xext-dev xorg-sgml-doctools
  xtrans-dev zlib1g-dev
Suggested packages:
  autoconf-archive gnu-standards autoconf-doc wamerican | wordlist whois
  vacation dh-make dwz adequate autopkgtest bls-standalone bsd-mailx | mailx
  check-all-the-things cvs-buildpackage devscripts-el diffoscope disorderfs
  dose-extra duck faketime gnuplot how-can-i-help libauthen-sasl-perl
  libfile-desktopentry-perl libnet-smtps-perl libterm-size-perl
  libyaml-syck-perl mozilla-devscripts mutt piuparts postgresql-client quilt
  ratt reprotest ssh-client svn-buildpackage w3m gettext-doc libasprintf-dev
  libgettextpo-dev ghostscript-x groff libcairo2-doc cups-common libfftw3-bin
  libfftw3-dev libglib2.0-doc gmp-doc libgmp10-doc libmpfr-dev krb5-doc
  krb5-user libice-doc icu-doc libjs-jquery-ui-docs liblcms2-utils libtool-doc
  liblzma-doc inkscape librsvg2-bin librsvg2-doc libsm-doc gfortran
  | fortran95-compiler gcj-jdk libwmf-doc libwmf0.2-7-gtk libxcb-doc
  libxext-doc libxt-doc m4-doc apparmor less www-browser libmail-box-perl
  poppler-utils fonts-japanese-mincho | fonts-ipafont-mincho
  fonts-japanese-gothic | fonts-ipafont-gothic fonts-arphic-ukai
  fonts-arphic-uming fonts-nanum python3-doc python3-tk python3-venv
  python3.6-venv python3.6-doc binfmt-support readline-doc ri ruby-dev bundler
Recommended packages:
  at dctrl-tools dput | dupload gnupg | gnupg2 libdistro-info-perl
  libencode-locale-perl libgit-wrapper-perl liblist-compare-perl
  libstring-shellquote-perl liburi-perl libwww-perl licensecheck lintian
  patchutils python3-apt python3-debian python3-magic python3-requests
  python3-unidiff python3-xdg strace unzip wdiff wget | curl debian-keyring
  equivs liblwp-protocol-https-perl libsoap-lite-perl apt-file curl | wget
  | lynx bzip2-doc libcupsfilters1 dbus libexif-doc libarchive-cpio-perl
  libgdk-pixbuf2.0-bin xdg-user-dirs fonts-droid-fallback javascript-common
  krb5-locales libjxr-tools libgpm2 libpaper-utils libpng-tools libx11-doc
  libmail-sendmail-perl zip fonts-lato ruby2.5-doc
The following NEW packages will be installed:
  autoconf automake autopoint autotools-dev bsdmainutils ca-certificates
  debhelper devscripts dh-autoreconf dh-strip-nondeterminism file fontconfig
  fontconfig-config fonts-dejavu-core gem2deb gem2deb-test-runner gettext
  gettext-base ghostscript gir1.2-freedesktop gir1.2-gdkpixbuf-2.0
  gir1.2-glib-2.0 gir1.2-rsvg-2.0 groff-base gsfonts icu-devtools
  imagemagick-6-common intltool-debian libarchive-zip-perl libavahi-client3
  libavahi-common-data libavahi-common3 libbz2-dev libcairo-gobject2
  libcairo-script-interpreter2 libcairo2 libcairo2-dev libcroco3 libcups2
  libcupsimage2 libdatrie1 libdbus-1-3 libdjvulibre-dev libdjvulibre-text
  libdjvulibre21 libelf1 libexif-dev libexif12 libexpat1 libexpat1-dev
  libfftw3-double3 libfile-homedir-perl libfile-stripnondeterminism-perl
  libfile-which-perl libfontconfig1 libfontconfig1-dev libfreetype6
  libfreetype6-dev libfribidi0 libgdk-pixbuf2.0-0 libgdk-pixbuf2.0-common
  libgdk-pixbuf2.0-dev libgirepository-1.0-1 libglib2.0-0 libglib2.0-bin
  libglib2.0-data libglib2.0-dev libglib2.0-dev-bin libgmp-dev libgmpxx4ldbl
  libgraphite2-3 libgs9 libgs9-common libgssapi-krb5-2 libharfbuzz0b
  libice-dev libice6 libicu-dev libicu57 libidn11 libijs-0.35 libilmbase-dev
  libilmbase23 libjbig-dev libjbig0 libjbig2dec0 libjpeg-dev libjpeg62-turbo
  libjpeg62-turbo-dev libjs-jquery libjs-jquery-easing libjs-jquery-fancybox
  libjs-jquery-mousewheel libjs-jquery-ui libk5crypto3 libkeyutils1 libkrb5-3
  libkrb5support0 liblcms2-2 liblcms2-dev liblqr-1-0 liblqr-1-0-dev
  libltdl-dev libltdl7 liblzma-dev liblzo2-2 libmagic-mgc libmagic1
  libmagickcore-6-arch-config libmagickcore-6-headers libmagickcore-6.q16-5
  libmagickcore-6.q16-5-extra libmagickcore-6.q16-dev libmagickcore-dev
  libmagickwand-6-headers libmagickwand-6.q16-5 libmagickwand-6.q16-dev
  libmagickwand-dev libmpdec2 libncursesw6 libopenexr-dev libopenexr23
  libopenjp2-7 libopenjp2-7-dev libpango-1.0-0 libpangocairo-1.0-0
  libpangoft2-1.0-0 libpaper1 libpcre16-3 libpcre3-dev libpcre32-3
  libpcrecpp0v5 libpipeline1 libpixman-1-0 libpixman-1-dev libpng-dev
  libpng16-16 libpthread-stubs0-dev libpython3-stdlib libpython3.6-minimal
  libpython3.6-stdlib libreadline7 librsvg2-2 librsvg2-common librsvg2-dev
  libruby2.5 libsigsegv2 libsm-dev libsm6 libsqlite3-0 libssl1.1 libthai-data
  libthai0 libtiff-dev libtiff5 libtiff5-dev libtiffxx5 libtimedate-perl
  libtool libwmf-bin libwmf-dev libwmf0.2-7 libx11-6 libx11-data libx11-dev
  libxau-dev libxau6 libxcb-render0 libxcb-render0-dev libxcb-shm0
  libxcb-shm0-dev libxcb1 libxcb1-dev libxdmcp-dev libxdmcp6 libxext-dev
  libxext6 libxml2 libxml2-dev libxrender-dev libxrender1 libxt-dev libxt6
  libyaml-0-2 lsb-base m4 man-db mime-support openssl pkg-config po-debconf
  poppler-data python3 python3-distutils python3-lib2to3 python3-minimal
  python3.6 python3.6-minimal rake readline-common ruby ruby-all-dev
  ruby-did-you-mean ruby-diff-lcs ruby-docile ruby-json ruby-minitest
  ruby-net-telnet ruby-power-assert ruby-rspec ruby-rspec-core
  ruby-rspec-expectations ruby-rspec-mocks ruby-rspec-support ruby-setup
  ruby-simplecov ruby-simplecov-html ruby-test-unit ruby-thread-order ruby2.5
  ruby2.5-dev rubygems-integration sbuild-build-depends-ruby-rmagick-dummy
  shared-mime-info ucf uuid-dev x11-common x11proto-core-dev x11proto-dev
  x11proto-xext-dev xorg-sgml-doctools xtrans-dev zlib1g-dev
0 upgraded, 233 newly installed, 0 to remove and 0 not upgraded.
Need to get 118 MB of archives.
After this operation, 411 MB of additional disk space will be used.
Get:1 copy:/<<BUILDDIR>>/resolver-rg2fKo/apt_archive ./ sbuild-build-depends-ruby-rmagick-dummy 0.invalid.0 [936 B]
Get:2 http://127.0.0.1:9999/debian unstable/main amd64 bsdmainutils amd64 11.1.2 [190 kB]
Get:3 http://127.0.0.1:9999/debian unstable/main amd64 groff-base amd64 1.22.3-10 [1176 kB]
Get:4 http://127.0.0.1:9999/debian unstable/main amd64 libpipeline1 amd64 1.5.0-1 [29.0 kB]
Get:5 http://127.0.0.1:9999/debian unstable/main amd64 man-db amd64 2.8.3-2 [1180 kB]
Get:6 http://127.0.0.1:9999/debian unstable/main amd64 imagemagick-6-common all 8:6.9.9.39+dfsg-1 [196 kB]
Get:7 http://127.0.0.1:9999/debian unstable/main amd64 libmagickcore-6-arch-config amd64 8:6.9.9.39+dfsg-1 [160 kB]
Get:8 http://127.0.0.1:9999/debian unstable/main amd64 libmagickcore-6-headers all 8:6.9.9.39+dfsg-1 [49.1 kB]
Get:9 http://127.0.0.1:9999/debian unstable/main amd64 libfftw3-double3 amd64 3.3.7-1+b1 [740 kB]
Get:10 http://127.0.0.1:9999/debian unstable/main amd64 libexpat1 amd64 2.2.5-3 [96.8 kB]
Get:11 http://127.0.0.1:9999/debian unstable/main amd64 libpng16-16 amd64 1.6.34-1 [287 kB]
Get:12 http://127.0.0.1:9999/debian unstable/main amd64 libfreetype6 amd64 2.8.1-2 [461 kB]
Get:13 http://127.0.0.1:9999/debian unstable/main amd64 ucf all 3.0038 [67.8 kB]
Get:14 http://127.0.0.1:9999/debian unstable/main amd64 fonts-dejavu-core all 2.37-1 [1068 kB]
Get:15 http://127.0.0.1:9999/debian unstable/main amd64 fontconfig-config all 2.13.0-4 [280 kB]
Get:16 http://127.0.0.1:9999/debian unstable/main amd64 libfontconfig1 amd64 2.13.0-4 [343 kB]
Get:17 http://127.0.0.1:9999/debian unstable/main amd64 libjbig0 amd64 2.1-3.1+b2 [31.0 kB]
Get:18 http://127.0.0.1:9999/debian unstable/main amd64 libjpeg62-turbo amd64 1:1.5.2-2+b1 [134 kB]
Get:19 http://127.0.0.1:9999/debian unstable/main amd64 liblcms2-2 amd64 2.9-1 [145 kB]
Get:20 http://127.0.0.1:9999/debian unstable/main amd64 libglib2.0-0 amd64 2.56.1-2 [2928 kB]
Get:21 http://127.0.0.1:9999/debian unstable/main amd64 liblqr-1-0 amd64 0.4.2-2.1 [29.1 kB]
Get:22 http://127.0.0.1:9999/debian unstable/main amd64 libltdl7 amd64 2.4.6-2.1 [389 kB]
Get:23 http://127.0.0.1:9999/debian unstable/main amd64 libopenjp2-7 amd64 2.3.0-1 [163 kB]
Get:24 http://127.0.0.1:9999/debian unstable/main amd64 libtiff5 amd64 4.0.9-5 [246 kB]
Get:25 http://127.0.0.1:9999/debian unstable/main amd64 libxau6 amd64 1:1.0.8-1+b2 [19.9 kB]
Get:26 http://127.0.0.1:9999/debian unstable/main amd64 libxdmcp6 amd64 1:1.1.2-3 [26.3 kB]
Get:27 http://127.0.0.1:9999/debian unstable/main amd64 libxcb1 amd64 1.13-1 [136 kB]
Get:28 http://127.0.0.1:9999/debian unstable/main amd64 libx11-data all 2:1.6.5-1 [292 kB]
Get:29 http://127.0.0.1:9999/debian unstable/main amd64 libx11-6 amd64 2:1.6.5-1 [749 kB]
Get:30 http://127.0.0.1:9999/debian unstable/main amd64 libxext6 amd64 2:1.3.3-1+b2 [52.5 kB]
Get:31 http://127.0.0.1:9999/debian unstable/main amd64 libicu57 amd64 57.1-9 [7698 kB]
Get:32 http://127.0.0.1:9999/debian unstable/main amd64 libxml2 amd64 2.9.4+dfsg1-6.1 [725 kB]
Get:33 http://127.0.0.1:9999/debian unstable/main amd64 libmagickcore-6.q16-5 amd64 8:6.9.9.39+dfsg-1 [1770 kB]
Get:34 http://127.0.0.1:9999/debian unstable/main amd64 libpixman-1-0 amd64 0.34.0-2 [529 kB]
Get:35 http://127.0.0.1:9999/debian unstable/main amd64 libxcb-render0 amd64 1.13-1 [108 kB]
Get:36 http://127.0.0.1:9999/debian unstable/main amd64 libxcb-shm0 amd64 1.13-1 [98.3 kB]
Get:37 http://127.0.0.1:9999/debian unstable/main amd64 libxrender1 amd64 1:0.9.10-1 [33.0 kB]
Get:38 http://127.0.0.1:9999/debian unstable/main amd64 libcairo2 amd64 1.15.10-3 [664 kB]
Get:39 http://127.0.0.1:9999/debian unstable/main amd64 libdjvulibre-text all 3.5.27.1-9 [60.9 kB]
Get:40 http://127.0.0.1:9999/debian unstable/main amd64 libdjvulibre21 amd64 3.5.27.1-9 [573 kB]
Get:41 http://127.0.0.1:9999/debian unstable/main amd64 libmagickwand-6.q16-5 amd64 8:6.9.9.39+dfsg-1 [437 kB]
Get:42 http://127.0.0.1:9999/debian unstable/main amd64 libilmbase23 amd64 2.2.1-2 [85.6 kB]
Get:43 http://127.0.0.1:9999/debian unstable/main amd64 libopenexr23 amd64 2.2.1-4 [579 kB]
Get:44 http://127.0.0.1:9999/debian unstable/main amd64 fontconfig amd64 2.13.0-4 [405 kB]
Get:45 http://127.0.0.1:9999/debian unstable/main amd64 libfribidi0 amd64 0.19.7-2 [45.5 kB]
Get:46 http://127.0.0.1:9999/debian unstable/main amd64 libthai-data all 0.1.27-2 [168 kB]
Get:47 http://127.0.0.1:9999/debian unstable/main amd64 libdatrie1 amd64 0.2.11-1 [37.9 kB]
Get:48 http://127.0.0.1:9999/debian unstable/main amd64 libthai0 amd64 0.1.27-2 [53.3 kB]
Get:49 http://127.0.0.1:9999/debian unstable/main amd64 libpango-1.0-0 amd64 1.42.1-1 [175 kB]
Get:50 http://127.0.0.1:9999/debian unstable/main amd64 libgraphite2-3 amd64 1.3.11-2 [85.2 kB]
Get:51 http://127.0.0.1:9999/debian unstable/main amd64 libharfbuzz0b amd64 1.7.6-1 [842 kB]
Get:52 http://127.0.0.1:9999/debian unstable/main amd64 libpangoft2-1.0-0 amd64 1.42.1-1 [59.6 kB]
Get:53 http://127.0.0.1:9999/debian unstable/main amd64 libpangocairo-1.0-0 amd64 1.42.1-1 [48.0 kB]
Get:54 http://127.0.0.1:9999/debian unstable/main amd64 libwmf0.2-7 amd64 0.2.8.4-12 [164 kB]
Get:55 http://127.0.0.1:9999/debian unstable/main amd64 libmagickcore-6.q16-5-extra amd64 8:6.9.9.39+dfsg-1 [201 kB]
Get:56 http://127.0.0.1:9999/debian unstable/main amd64 libbz2-dev amd64 1.0.6-8.1 [29.4 kB]
Get:57 http://127.0.0.1:9999/debian unstable/main amd64 libjpeg62-turbo-dev amd64 1:1.5.2-2+b1 [208 kB]
Get:58 http://127.0.0.1:9999/debian unstable/main amd64 libjpeg-dev all 1:1.5.2-2 [57.5 kB]
Get:59 http://127.0.0.1:9999/debian unstable/main amd64 libdjvulibre-dev amd64 3.5.27.1-9 [2394 kB]
Get:60 http://127.0.0.1:9999/debian unstable/main amd64 libexif12 amd64 0.6.21-5 [324 kB]
Get:61 http://127.0.0.1:9999/debian unstable/main amd64 libexif-dev amd64 0.6.21-5 [111 kB]
Get:62 http://127.0.0.1:9999/debian unstable/main amd64 zlib1g-dev amd64 1:1.2.11.dfsg-1 [214 kB]
Get:63 http://127.0.0.1:9999/debian unstable/main amd64 libpng-dev amd64 1.6.34-1 [294 kB]
Get:64 http://127.0.0.1:9999/debian unstable/main amd64 libfreetype6-dev amd64 2.8.1-2 [2656 kB]
Get:65 http://127.0.0.1:9999/debian unstable/main amd64 libopenjp2-7-dev amd64 2.3.0-1 [43.6 kB]
Get:66 http://127.0.0.1:9999/debian unstable/main amd64 liblcms2-dev amd64 2.9-1 [9102 kB]
Get:67 http://127.0.0.1:9999/debian unstable/main amd64 liblqr-1-0-dev amd64 0.4.2-2.1 [72.2 kB]
Get:68 http://127.0.0.1:9999/debian unstable/main amd64 libltdl-dev amd64 2.4.6-2.1 [161 kB]
Get:69 http://127.0.0.1:9999/debian unstable/main amd64 libilmbase-dev amd64 2.2.1-2 [76.7 kB]
Get:70 http://127.0.0.1:9999/debian unstable/main amd64 libopenexr-dev amd64 2.2.1-4 [706 kB]
Get:71 http://127.0.0.1:9999/debian unstable/main amd64 libcroco3 amd64 0.6.12-2 [144 kB]
Get:72 http://127.0.0.1:9999/debian unstable/main amd64 shared-mime-info amd64 1.9-2 [753 kB]
Get:73 http://127.0.0.1:9999/debian unstable/main amd64 libgdk-pixbuf2.0-common all 2.36.11-2 [312 kB]
Get:74 http://127.0.0.1:9999/debian unstable/main amd64 libgdk-pixbuf2.0-0 amd64 2.36.11-2 [172 kB]
Get:75 http://127.0.0.1:9999/debian unstable/main amd64 librsvg2-2 amd64 2.40.20-2 [302 kB]
Get:76 http://127.0.0.1:9999/debian unstable/main amd64 librsvg2-common amd64 2.40.20-2 [210 kB]
Get:77 http://127.0.0.1:9999/debian unstable/main amd64 libgirepository-1.0-1 amd64 1.56.1-1 [91.5 kB]
Get:78 http://127.0.0.1:9999/debian unstable/main amd64 gir1.2-glib-2.0 amd64 1.56.1-1 [142 kB]
Get:79 http://127.0.0.1:9999/debian unstable/main amd64 libcairo-gobject2 amd64 1.15.10-3 [102 kB]
Get:80 http://127.0.0.1:9999/debian unstable/main amd64 gir1.2-freedesktop amd64 1.56.1-1 [19.8 kB]
Get:81 http://127.0.0.1:9999/debian unstable/main amd64 gir1.2-gdkpixbuf-2.0 amd64 2.36.11-2 [15.6 kB]
Get:82 http://127.0.0.1:9999/debian unstable/main amd64 gir1.2-rsvg-2.0 amd64 2.40.20-2 [208 kB]
Get:83 http://127.0.0.1:9999/debian unstable/main amd64 libelf1 amd64 0.170-0.4 [162 kB]
Get:84 http://127.0.0.1:9999/debian unstable/main amd64 libglib2.0-data all 2.56.1-2 [2671 kB]
Get:85 http://127.0.0.1:9999/debian unstable/main amd64 libglib2.0-bin amd64 2.56.1-2 [1702 kB]
Get:86 http://127.0.0.1:9999/debian unstable/main amd64 libssl1.1 amd64 1.1.0h-2 [1352 kB]
Get:87 http://127.0.0.1:9999/debian unstable/main amd64 libpython3.6-minimal amd64 3.6.5-5 [572 kB]
Get:88 http://127.0.0.1:9999/debian unstable/main amd64 python3.6-minimal amd64 3.6.5-5 [1728 kB]
Get:89 http://127.0.0.1:9999/debian unstable/main amd64 python3-minimal amd64 3.6.5-3 [36.2 kB]
Get:90 http://127.0.0.1:9999/debian unstable/main amd64 mime-support all 3.60 [36.7 kB]
Get:91 http://127.0.0.1:9999/debian unstable/main amd64 libmpdec2 amd64 2.4.2-2 [87.2 kB]
Get:92 http://127.0.0.1:9999/debian unstable/main amd64 libncursesw6 amd64 6.1+20180210-2 [131 kB]
Get:93 http://127.0.0.1:9999/debian unstable/main amd64 readline-common all 7.0-3 [70.4 kB]
Get:94 http://127.0.0.1:9999/debian unstable/main amd64 libreadline7 amd64 7.0-3+b1 [151 kB]
Get:95 http://127.0.0.1:9999/debian unstable/main amd64 libsqlite3-0 amd64 3.23.1-1 [603 kB]
Get:96 http://127.0.0.1:9999/debian unstable/main amd64 libpython3.6-stdlib amd64 3.6.5-5 [1730 kB]
Get:97 http://127.0.0.1:9999/debian unstable/main amd64 python3.6 amd64 3.6.5-5 [229 kB]
Get:98 http://127.0.0.1:9999/debian unstable/main amd64 libpython3-stdlib amd64 3.6.5-3 [19.7 kB]
Get:99 http://127.0.0.1:9999/debian unstable/main amd64 python3 amd64 3.6.5-3 [24.1 kB]
Get:100 http://127.0.0.1:9999/debian unstable/main amd64 python3-lib2to3 all 3.6.5-3 [78.7 kB]
Get:101 http://127.0.0.1:9999/debian unstable/main amd64 python3-distutils all 3.6.5-3 [144 kB]
Get:102 http://127.0.0.1:9999/debian unstable/main amd64 libglib2.0-dev-bin amd64 2.56.1-2 [1735 kB]
Get:103 http://127.0.0.1:9999/debian unstable/main amd64 libpcre16-3 amd64 2:8.39-9 [257 kB]
Get:104 http://127.0.0.1:9999/debian unstable/main amd64 libpcre32-3 amd64 2:8.39-9 [248 kB]
Get:105 http://127.0.0.1:9999/debian unstable/main amd64 libpcrecpp0v5 amd64 2:8.39-9 [152 kB]
Get:106 http://127.0.0.1:9999/debian unstable/main amd64 libpcre3-dev amd64 2:8.39-9 [647 kB]
Get:107 http://127.0.0.1:9999/debian unstable/main amd64 pkg-config amd64 0.29-4+b1 [63.3 kB]
Get:108 http://127.0.0.1:9999/debian unstable/main amd64 libglib2.0-dev amd64 2.56.1-2 [3015 kB]
Get:109 http://127.0.0.1:9999/debian unstable/main amd64 xorg-sgml-doctools all 1:1.11-1 [21.9 kB]
Get:110 http://127.0.0.1:9999/debian unstable/main amd64 x11proto-dev all 2018.4-4 [251 kB]
Get:111 http://127.0.0.1:9999/debian unstable/main amd64 x11proto-core-dev all 2018.4-4 [3128 B]
Get:112 http://127.0.0.1:9999/debian unstable/main amd64 libxau-dev amd64 1:1.0.8-1+b2 [23.1 kB]
Get:113 http://127.0.0.1:9999/debian unstable/main amd64 libxdmcp-dev amd64 1:1.1.2-3 [42.2 kB]
Get:114 http://127.0.0.1:9999/debian unstable/main amd64 xtrans-dev all 1.3.5-1 [100 kB]
Get:115 http://127.0.0.1:9999/debian unstable/main amd64 libpthread-stubs0-dev amd64 0.3-4 [3866 B]
Get:116 http://127.0.0.1:9999/debian unstable/main amd64 libxcb1-dev amd64 1.13-1 [173 kB]
Get:117 http://127.0.0.1:9999/debian unstable/main amd64 libx11-dev amd64 2:1.6.5-1 [817 kB]
Get:118 http://127.0.0.1:9999/debian unstable/main amd64 libgdk-pixbuf2.0-dev amd64 2.36.11-2 [54.8 kB]
Get:119 http://127.0.0.1:9999/debian unstable/main amd64 liblzo2-2 amd64 2.08-1.2+b2 [55.0 kB]
Get:120 http://127.0.0.1:9999/debian unstable/main amd64 libcairo-script-interpreter2 amd64 1.15.10-3 [138 kB]
Get:121 http://127.0.0.1:9999/debian unstable/main amd64 libexpat1-dev amd64 2.2.5-3 [140 kB]
Get:122 http://127.0.0.1:9999/debian unstable/main amd64 uuid-dev amd64 2.31.1-0.5 [91.9 kB]
Get:123 http://127.0.0.1:9999/debian unstable/main amd64 libfontconfig1-dev amd64 2.13.0-4 [942 kB]
Get:124 http://127.0.0.1:9999/debian unstable/main amd64 libxrender-dev amd64 1:0.9.10-1 [40.8 kB]
Get:125 http://127.0.0.1:9999/debian unstable/main amd64 x11proto-xext-dev all 2018.4-4 [3128 B]
Get:126 http://127.0.0.1:9999/debian unstable/main amd64 libxext-dev amd64 2:1.3.3-1+b2 [107 kB]
Get:127 http://127.0.0.1:9999/debian unstable/main amd64 lsb-base all 9.20170808 [28.1 kB]
Get:128 http://127.0.0.1:9999/debian unstable/main amd64 x11-common all 1:7.7+19 [251 kB]
Get:129 http://127.0.0.1:9999/debian unstable/main amd64 libice6 amd64 2:1.0.9-2 [58.7 kB]
Get:130 http://127.0.0.1:9999/debian unstable/main amd64 libsm6 amd64 2:1.2.2-1+b3 [33.3 kB]
Get:131 http://127.0.0.1:9999/debian unstable/main amd64 libice-dev amd64 2:1.0.9-2 [66.8 kB]
Get:132 http://127.0.0.1:9999/debian unstable/main amd64 libsm-dev amd64 2:1.2.2-1+b3 [35.8 kB]
Get:133 http://127.0.0.1:9999/debian unstable/main amd64 libpixman-1-dev amd64 0.34.0-2 [547 kB]
Get:134 http://127.0.0.1:9999/debian unstable/main amd64 libxcb-render0-dev amd64 1.13-1 [111 kB]
Get:135 http://127.0.0.1:9999/debian unstable/main amd64 libxcb-shm0-dev amd64 1.13-1 [99.4 kB]
Get:136 http://127.0.0.1:9999/debian unstable/main amd64 libcairo2-dev amd64 1.15.10-3 [712 kB]
Get:137 http://127.0.0.1:9999/debian unstable/main amd64 librsvg2-dev amd64 2.40.20-2 [215 kB]
Get:138 http://127.0.0.1:9999/debian unstable/main amd64 libjbig-dev amd64 2.1-3.1+b2 [30.5 kB]
Get:139 http://127.0.0.1:9999/debian unstable/main amd64 liblzma-dev amd64 5.2.2-1.3 [292 kB]
Get:140 http://127.0.0.1:9999/debian unstable/main amd64 libtiffxx5 amd64 4.0.9-5 [100 kB]
Get:141 http://127.0.0.1:9999/debian unstable/main amd64 libtiff5-dev amd64 4.0.9-5 [367 kB]
Get:142 http://127.0.0.1:9999/debian unstable/main amd64 libtiff-dev amd64 4.0.9-5 [96.3 kB]
Get:143 http://127.0.0.1:9999/debian unstable/main amd64 libwmf-dev amd64 0.2.8.4-12 [189 kB]
Get:144 http://127.0.0.1:9999/debian unstable/main amd64 icu-devtools amd64 57.1-9 [177 kB]
Get:145 http://127.0.0.1:9999/debian unstable/main amd64 libicu-dev amd64 57.1-9 [16.6 MB]
Get:146 http://127.0.0.1:9999/debian unstable/main amd64 libxml2-dev amd64 2.9.4+dfsg1-6.1 [821 kB]
Get:147 http://127.0.0.1:9999/debian unstable/main amd64 libxt6 amd64 1:1.1.5-1 [188 kB]
Get:148 http://127.0.0.1:9999/debian unstable/main amd64 libxt-dev amd64 1:1.1.5-1 [423 kB]
Get:149 http://127.0.0.1:9999/debian unstable/main amd64 libmagickcore-6.q16-dev amd64 8:6.9.9.39+dfsg-1 [1106 kB]
Get:150 http://127.0.0.1:9999/debian unstable/main amd64 libmagickcore-dev all 8:6.9.9.39+dfsg-1 [1312 B]
Get:151 http://127.0.0.1:9999/debian unstable/main amd64 libmagickwand-6-headers all 8:6.9.9.39+dfsg-1 [10.5 kB]
Get:152 http://127.0.0.1:9999/debian unstable/main amd64 libmagickwand-6.q16-dev amd64 8:6.9.9.39+dfsg-1 [430 kB]
Get:153 http://127.0.0.1:9999/debian unstable/main amd64 libmagickwand-dev all 8:6.9.9.39+dfsg-1 [1300 B]
Get:154 http://127.0.0.1:9999/debian unstable/main amd64 poppler-data all 0.4.9-2 [1473 kB]
Get:155 http://127.0.0.1:9999/debian unstable/main amd64 libmagic-mgc amd64 1:5.33-2 [234 kB]
Get:156 http://127.0.0.1:9999/debian unstable/main amd64 libmagic1 amd64 1:5.33-2 [113 kB]
Get:157 http://127.0.0.1:9999/debian unstable/main amd64 file amd64 1:5.33-2 [65.6 kB]
Get:158 http://127.0.0.1:9999/debian unstable/main amd64 gettext-base amd64 0.19.8.1-6 [122 kB]
Get:159 http://127.0.0.1:9999/debian unstable/main amd64 libsigsegv2 amd64 2.12-2 [32.8 kB]
Get:160 http://127.0.0.1:9999/debian unstable/main amd64 m4 amd64 1.4.18-1 [202 kB]
Get:161 http://127.0.0.1:9999/debian unstable/main amd64 autoconf all 2.69-11 [341 kB]
Get:162 http://127.0.0.1:9999/debian unstable/main amd64 autotools-dev all 20180224.1 [77.0 kB]
Get:163 http://127.0.0.1:9999/debian unstable/main amd64 automake all 1:1.15.1-3.1 [736 kB]
Get:164 http://127.0.0.1:9999/debian unstable/main amd64 autopoint all 0.19.8.1-6 [434 kB]
Get:165 http://127.0.0.1:9999/debian unstable/main amd64 openssl amd64 1.1.0h-2 [744 kB]
Get:166 http://127.0.0.1:9999/debian unstable/main amd64 ca-certificates all 20180409 [161 kB]
Get:167 http://127.0.0.1:9999/debian unstable/main amd64 libtool all 2.4.6-2.1 [547 kB]
Get:168 http://127.0.0.1:9999/debian unstable/main amd64 dh-autoreconf all 17 [16.5 kB]
Get:169 http://127.0.0.1:9999/debian unstable/main amd64 libarchive-zip-perl all 1.60-1 [95.6 kB]
Get:170 http://127.0.0.1:9999/debian unstable/main amd64 libfile-stripnondeterminism-perl all 0.041-1 [19.9 kB]
Get:171 http://127.0.0.1:9999/debian unstable/main amd64 libtimedate-perl all 2.3000-2 [42.2 kB]
Get:172 http://127.0.0.1:9999/debian unstable/main amd64 dh-strip-nondeterminism all 0.041-1 [12.0 kB]
Get:173 http://127.0.0.1:9999/debian unstable/main amd64 gettext amd64 0.19.8.1-6 [1302 kB]
Get:174 http://127.0.0.1:9999/debian unstable/main amd64 intltool-debian all 0.35.0+20060710.4 [26.3 kB]
Get:175 http://127.0.0.1:9999/debian unstable/main amd64 po-debconf all 1.0.20 [247 kB]
Get:176 http://127.0.0.1:9999/debian unstable/main amd64 debhelper all 11.2.1 [1013 kB]
Get:177 http://127.0.0.1:9999/debian unstable/main amd64 libfile-which-perl all 1.21-1 [14.3 kB]
Get:178 http://127.0.0.1:9999/debian unstable/main amd64 libfile-homedir-perl all 1.002-1 [42.3 kB]
Get:179 http://127.0.0.1:9999/debian unstable/main amd64 devscripts amd64 2.18.2 [982 kB]
Get:180 http://127.0.0.1:9999/debian unstable/main amd64 rake all 12.3.1-2 [66.9 kB]
Get:181 http://127.0.0.1:9999/debian unstable/main amd64 rubygems-integration all 1.11 [4994 B]
Get:182 http://127.0.0.1:9999/debian unstable/main amd64 ruby-did-you-mean all 1.2.1-1 [14.4 kB]
Get:183 http://127.0.0.1:9999/debian unstable/main amd64 ruby-minitest all 5.10.3-1 [53.5 kB]
Get:184 http://127.0.0.1:9999/debian unstable/main amd64 ruby-net-telnet all 0.1.1-2 [12.5 kB]
Get:185 http://127.0.0.1:9999/debian unstable/main amd64 ruby-power-assert all 0.3.0-1 [7902 B]
Get:186 http://127.0.0.1:9999/debian unstable/main amd64 ruby-test-unit all 3.2.7-1 [72.3 kB]
Get:187 http://127.0.0.1:9999/debian unstable/main amd64 libyaml-0-2 amd64 0.1.7-2 [47.6 kB]
Get:188 http://127.0.0.1:9999/debian unstable/main amd64 libruby2.5 amd64 2.5.1-1 [3408 kB]
Get:189 http://127.0.0.1:9999/debian unstable/main amd64 ruby2.5 amd64 2.5.1-1 [384 kB]
Get:190 http://127.0.0.1:9999/debian unstable/main amd64 ruby amd64 1:2.5.1 [11.3 kB]
Get:191 http://127.0.0.1:9999/debian unstable/main amd64 gem2deb-test-runner amd64 0.39 [21.5 kB]
Get:192 http://127.0.0.1:9999/debian unstable/main amd64 libgmpxx4ldbl amd64 2:6.1.2+dfsg-3 [22.7 kB]
Get:193 http://127.0.0.1:9999/debian unstable/main amd64 libgmp-dev amd64 2:6.1.2+dfsg-3 [632 kB]
Get:194 http://127.0.0.1:9999/debian unstable/main amd64 ruby2.5-dev amd64 2.5.1-1 [399 kB]
Get:195 http://127.0.0.1:9999/debian unstable/main amd64 ruby-all-dev amd64 1:2.5.1 [10.9 kB]
Get:196 http://127.0.0.1:9999/debian unstable/main amd64 ruby-setup all 3.4.1-9 [34.2 kB]
Get:197 http://127.0.0.1:9999/debian unstable/main amd64 gem2deb amd64 0.39 [58.7 kB]
Get:198 http://127.0.0.1:9999/debian unstable/main amd64 libavahi-common-data amd64 0.7-4 [122 kB]
Get:199 http://127.0.0.1:9999/debian unstable/main amd64 libavahi-common3 amd64 0.7-4 [54.4 kB]
Get:200 http://127.0.0.1:9999/debian unstable/main amd64 libdbus-1-3 amd64 1.12.8-1 [209 kB]
Get:201 http://127.0.0.1:9999/debian unstable/main amd64 libavahi-client3 amd64 0.7-4 [57.8 kB]
Get:202 http://127.0.0.1:9999/debian unstable/main amd64 libkeyutils1 amd64 1.5.9-9.2 [12.9 kB]
Get:203 http://127.0.0.1:9999/debian unstable/main amd64 libkrb5support0 amd64 1.16-2 [62.8 kB]
Get:204 http://127.0.0.1:9999/debian unstable/main amd64 libk5crypto3 amd64 1.16-2 [121 kB]
Get:205 http://127.0.0.1:9999/debian unstable/main amd64 libkrb5-3 amd64 1.16-2 [316 kB]
Get:206 http://127.0.0.1:9999/debian unstable/main amd64 libgssapi-krb5-2 amd64 1.16-2 [158 kB]
Get:207 http://127.0.0.1:9999/debian unstable/main amd64 libcups2 amd64 2.2.7-3 [320 kB]
Get:208 http://127.0.0.1:9999/debian unstable/main amd64 libcupsimage2 amd64 2.2.7-3 [130 kB]
Get:209 http://127.0.0.1:9999/debian unstable/main amd64 libidn11 amd64 1.33-2.2 [116 kB]
Get:210 http://127.0.0.1:9999/debian unstable/main amd64 libijs-0.35 amd64 0.35-13 [18.5 kB]
Get:211 http://127.0.0.1:9999/debian unstable/main amd64 libjbig2dec0 amd64 0.13-6 [60.3 kB]
Get:212 http://127.0.0.1:9999/debian unstable/main amd64 libpaper1 amd64 1.1.24+nmu5 [21.6 kB]
Get:213 http://127.0.0.1:9999/debian unstable/main amd64 libgs9-common all 9.22~dfsg-2.1 [5241 kB]
Get:214 http://127.0.0.1:9999/debian unstable/main amd64 libgs9 amd64 9.22~dfsg-2.1 [2155 kB]
Get:215 http://127.0.0.1:9999/debian unstable/main amd64 ghostscript amd64 9.22~dfsg-2.1 [95.8 kB]
Get:216 http://127.0.0.1:9999/debian unstable/main amd64 gsfonts all 1:8.11+urwcyr1.0.7~pre44-4.4 [3125 kB]
Get:217 http://127.0.0.1:9999/debian unstable/main amd64 libjs-jquery all 3.2.1-1 [154 kB]
Get:218 http://127.0.0.1:9999/debian unstable/main amd64 libjs-jquery-easing all 12-1 [7570 B]
Get:219 http://127.0.0.1:9999/debian unstable/main amd64 libjs-jquery-mousewheel all 12-1 [10.1 kB]
Get:220 http://127.0.0.1:9999/debian unstable/main amd64 libjs-jquery-fancybox all 12-1 [51.2 kB]
Get:221 http://127.0.0.1:9999/debian unstable/main amd64 libjs-jquery-ui all 1.12.1+dfsg-5 [232 kB]
Get:222 http://127.0.0.1:9999/debian unstable/main amd64 libwmf-bin amd64 0.2.8.4-12 [33.6 kB]
Get:223 http://127.0.0.1:9999/debian unstable/main amd64 ruby-diff-lcs all 1.3-1 [25.7 kB]
Get:224 http://127.0.0.1:9999/debian unstable/main amd64 ruby-docile all 1.1.5-2 [6584 B]
Get:225 http://127.0.0.1:9999/debian unstable/main amd64 ruby-json amd64 2.1.0+dfsg-2+b1 [53.3 kB]
Get:226 http://127.0.0.1:9999/debian unstable/main amd64 ruby-rspec-support all 3.7.0c1e0m0s1-1 [31.0 kB]
Get:227 http://127.0.0.1:9999/debian unstable/main amd64 ruby-rspec-expectations all 3.7.0c1e0m0s1-1 [100 kB]
Get:228 http://127.0.0.1:9999/debian unstable/main amd64 ruby-rspec-mocks all 3.7.0c1e0m0s1-1 [93.6 kB]
Get:229 http://127.0.0.1:9999/debian unstable/main amd64 ruby-thread-order all 1.1.0-1 [5096 B]
Get:230 http://127.0.0.1:9999/debian unstable/main amd64 ruby-rspec-core all 3.7.0c1e0m0s1-1 [186 kB]
Get:231 http://127.0.0.1:9999/debian unstable/main amd64 ruby-rspec all 3.7.0c1e0m0s1-1 [7408 B]
Get:232 http://127.0.0.1:9999/debian unstable/main amd64 ruby-simplecov-html all 0.10.0-1 [296 kB]
Get:233 http://127.0.0.1:9999/debian unstable/main amd64 ruby-simplecov all 0.14.1-1 [35.1 kB]
debconf: delaying package configuration, since apt-utils is not installed
Fetched 118 MB in 2s (61.2 MB/s)
Selecting previously unselected package bsdmainutils.
(Reading database ... 10771 files and directories currently installed.)
Preparing to unpack .../00-bsdmainutils_11.1.2_amd64.deb ...
Unpacking bsdmainutils (11.1.2) ...
Selecting previously unselected package groff-base.
Preparing to unpack .../01-groff-base_1.22.3-10_amd64.deb ...
Unpacking groff-base (1.22.3-10) ...
Selecting previously unselected package libpipeline1:amd64.
Preparing to unpack .../02-libpipeline1_1.5.0-1_amd64.deb ...
Unpacking libpipeline1:amd64 (1.5.0-1) ...
Selecting previously unselected package man-db.
Preparing to unpack .../03-man-db_2.8.3-2_amd64.deb ...
Unpacking man-db (2.8.3-2) ...
Selecting previously unselected package imagemagick-6-common.
Preparing to unpack .../04-imagemagick-6-common_8%3a6.9.9.39+dfsg-1_all.deb ...
Unpacking imagemagick-6-common (8:6.9.9.39+dfsg-1) ...
Selecting previously unselected package libmagickcore-6-arch-config:amd64.
Preparing to unpack .../05-libmagickcore-6-arch-config_8%3a6.9.9.39+dfsg-1_amd64.deb ...
Unpacking libmagickcore-6-arch-config:amd64 (8:6.9.9.39+dfsg-1) ...
Selecting previously unselected package libmagickcore-6-headers.
Preparing to unpack .../06-libmagickcore-6-headers_8%3a6.9.9.39+dfsg-1_all.deb ...
Unpacking libmagickcore-6-headers (8:6.9.9.39+dfsg-1) ...
Selecting previously unselected package libfftw3-double3:amd64.
Preparing to unpack .../07-libfftw3-double3_3.3.7-1+b1_amd64.deb ...
Unpacking libfftw3-double3:amd64 (3.3.7-1+b1) ...
Selecting previously unselected package libexpat1:amd64.
Preparing to unpack .../08-libexpat1_2.2.5-3_amd64.deb ...
Unpacking libexpat1:amd64 (2.2.5-3) ...
Selecting previously unselected package libpng16-16:amd64.
Preparing to unpack .../09-libpng16-16_1.6.34-1_amd64.deb ...
Unpacking libpng16-16:amd64 (1.6.34-1) ...
Selecting previously unselected package libfreetype6:amd64.
Preparing to unpack .../10-libfreetype6_2.8.1-2_amd64.deb ...
Unpacking libfreetype6:amd64 (2.8.1-2) ...
Selecting previously unselected package ucf.
Preparing to unpack .../11-ucf_3.0038_all.deb ...
Moving old data out of the way
Unpacking ucf (3.0038) ...
Selecting previously unselected package fonts-dejavu-core.
Preparing to unpack .../12-fonts-dejavu-core_2.37-1_all.deb ...
Unpacking fonts-dejavu-core (2.37-1) ...
Selecting previously unselected package fontconfig-config.
Preparing to unpack .../13-fontconfig-config_2.13.0-4_all.deb ...
Unpacking fontconfig-config (2.13.0-4) ...
Selecting previously unselected package libfontconfig1:amd64.
Preparing to unpack .../14-libfontconfig1_2.13.0-4_amd64.deb ...
Unpacking libfontconfig1:amd64 (2.13.0-4) ...
Selecting previously unselected package libjbig0:amd64.
Preparing to unpack .../15-libjbig0_2.1-3.1+b2_amd64.deb ...
Unpacking libjbig0:amd64 (2.1-3.1+b2) ...
Selecting previously unselected package libjpeg62-turbo:amd64.
Preparing to unpack .../16-libjpeg62-turbo_1%3a1.5.2-2+b1_amd64.deb ...
Unpacking libjpeg62-turbo:amd64 (1:1.5.2-2+b1) ...
Selecting previously unselected package liblcms2-2:amd64.
Preparing to unpack .../17-liblcms2-2_2.9-1_amd64.deb ...
Unpacking liblcms2-2:amd64 (2.9-1) ...
Selecting previously unselected package libglib2.0-0:amd64.
Preparing to unpack .../18-libglib2.0-0_2.56.1-2_amd64.deb ...
Unpacking libglib2.0-0:amd64 (2.56.1-2) ...
Selecting previously unselected package liblqr-1-0:amd64.
Preparing to unpack .../19-liblqr-1-0_0.4.2-2.1_amd64.deb ...
Unpacking liblqr-1-0:amd64 (0.4.2-2.1) ...
Selecting previously unselected package libltdl7:amd64.
Preparing to unpack .../20-libltdl7_2.4.6-2.1_amd64.deb ...
Unpacking libltdl7:amd64 (2.4.6-2.1) ...
Selecting previously unselected package libopenjp2-7:amd64.
Preparing to unpack .../21-libopenjp2-7_2.3.0-1_amd64.deb ...
Unpacking libopenjp2-7:amd64 (2.3.0-1) ...
Selecting previously unselected package libtiff5:amd64.
Preparing to unpack .../22-libtiff5_4.0.9-5_amd64.deb ...
Unpacking libtiff5:amd64 (4.0.9-5) ...
Selecting previously unselected package libxau6:amd64.
Preparing to unpack .../23-libxau6_1%3a1.0.8-1+b2_amd64.deb ...
Unpacking libxau6:amd64 (1:1.0.8-1+b2) ...
Selecting previously unselected package libxdmcp6:amd64.
Preparing to unpack .../24-libxdmcp6_1%3a1.1.2-3_amd64.deb ...
Unpacking libxdmcp6:amd64 (1:1.1.2-3) ...
Selecting previously unselected package libxcb1:amd64.
Preparing to unpack .../25-libxcb1_1.13-1_amd64.deb ...
Unpacking libxcb1:amd64 (1.13-1) ...
Selecting previously unselected package libx11-data.
Preparing to unpack .../26-libx11-data_2%3a1.6.5-1_all.deb ...
Unpacking libx11-data (2:1.6.5-1) ...
Selecting previously unselected package libx11-6:amd64.
Preparing to unpack .../27-libx11-6_2%3a1.6.5-1_amd64.deb ...
Unpacking libx11-6:amd64 (2:1.6.5-1) ...
Selecting previously unselected package libxext6:amd64.
Preparing to unpack .../28-libxext6_2%3a1.3.3-1+b2_amd64.deb ...
Unpacking libxext6:amd64 (2:1.3.3-1+b2) ...
Selecting previously unselected package libicu57:amd64.
Preparing to unpack .../29-libicu57_57.1-9_amd64.deb ...
Unpacking libicu57:amd64 (57.1-9) ...
Selecting previously unselected package libxml2:amd64.
Preparing to unpack .../30-libxml2_2.9.4+dfsg1-6.1_amd64.deb ...
Unpacking libxml2:amd64 (2.9.4+dfsg1-6.1) ...
Selecting previously unselected package libmagickcore-6.q16-5:amd64.
Preparing to unpack .../31-libmagickcore-6.q16-5_8%3a6.9.9.39+dfsg-1_amd64.deb ...
Unpacking libmagickcore-6.q16-5:amd64 (8:6.9.9.39+dfsg-1) ...
Selecting previously unselected package libpixman-1-0:amd64.
Preparing to unpack .../32-libpixman-1-0_0.34.0-2_amd64.deb ...
Unpacking libpixman-1-0:amd64 (0.34.0-2) ...
Selecting previously unselected package libxcb-render0:amd64.
Preparing to unpack .../33-libxcb-render0_1.13-1_amd64.deb ...
Unpacking libxcb-render0:amd64 (1.13-1) ...
Selecting previously unselected package libxcb-shm0:amd64.
Preparing to unpack .../34-libxcb-shm0_1.13-1_amd64.deb ...
Unpacking libxcb-shm0:amd64 (1.13-1) ...
Selecting previously unselected package libxrender1:amd64.
Preparing to unpack .../35-libxrender1_1%3a0.9.10-1_amd64.deb ...
Unpacking libxrender1:amd64 (1:0.9.10-1) ...
Selecting previously unselected package libcairo2:amd64.
Preparing to unpack .../36-libcairo2_1.15.10-3_amd64.deb ...
Unpacking libcairo2:amd64 (1.15.10-3) ...
Selecting previously unselected package libdjvulibre-text.
Preparing to unpack .../37-libdjvulibre-text_3.5.27.1-9_all.deb ...
Unpacking libdjvulibre-text (3.5.27.1-9) ...
Selecting previously unselected package libdjvulibre21:amd64.
Preparing to unpack .../38-libdjvulibre21_3.5.27.1-9_amd64.deb ...
Unpacking libdjvulibre21:amd64 (3.5.27.1-9) ...
Selecting previously unselected package libmagickwand-6.q16-5:amd64.
Preparing to unpack .../39-libmagickwand-6.q16-5_8%3a6.9.9.39+dfsg-1_amd64.deb ...
Unpacking libmagickwand-6.q16-5:amd64 (8:6.9.9.39+dfsg-1) ...
Selecting previously unselected package libilmbase23:amd64.
Preparing to unpack .../40-libilmbase23_2.2.1-2_amd64.deb ...
Unpacking libilmbase23:amd64 (2.2.1-2) ...
Selecting previously unselected package libopenexr23:amd64.
Preparing to unpack .../41-libopenexr23_2.2.1-4_amd64.deb ...
Unpacking libopenexr23:amd64 (2.2.1-4) ...
Selecting previously unselected package fontconfig.
Preparing to unpack .../42-fontconfig_2.13.0-4_amd64.deb ...
Unpacking fontconfig (2.13.0-4) ...
Selecting previously unselected package libfribidi0:amd64.
Preparing to unpack .../43-libfribidi0_0.19.7-2_amd64.deb ...
Unpacking libfribidi0:amd64 (0.19.7-2) ...
Selecting previously unselected package libthai-data.
Preparing to unpack .../44-libthai-data_0.1.27-2_all.deb ...
Unpacking libthai-data (0.1.27-2) ...
Selecting previously unselected package libdatrie1:amd64.
Preparing to unpack .../45-libdatrie1_0.2.11-1_amd64.deb ...
Unpacking libdatrie1:amd64 (0.2.11-1) ...
Selecting previously unselected package libthai0:amd64.
Preparing to unpack .../46-libthai0_0.1.27-2_amd64.deb ...
Unpacking libthai0:amd64 (0.1.27-2) ...
Selecting previously unselected package libpango-1.0-0:amd64.
Preparing to unpack .../47-libpango-1.0-0_1.42.1-1_amd64.deb ...
Unpacking libpango-1.0-0:amd64 (1.42.1-1) ...
Selecting previously unselected package libgraphite2-3:amd64.
Preparing to unpack .../48-libgraphite2-3_1.3.11-2_amd64.deb ...
Unpacking libgraphite2-3:amd64 (1.3.11-2) ...
Selecting previously unselected package libharfbuzz0b:amd64.
Preparing to unpack .../49-libharfbuzz0b_1.7.6-1_amd64.deb ...
Unpacking libharfbuzz0b:amd64 (1.7.6-1) ...
Selecting previously unselected package libpangoft2-1.0-0:amd64.
Preparing to unpack .../50-libpangoft2-1.0-0_1.42.1-1_amd64.deb ...
Unpacking libpangoft2-1.0-0:amd64 (1.42.1-1) ...
Selecting previously unselected package libpangocairo-1.0-0:amd64.
Preparing to unpack .../51-libpangocairo-1.0-0_1.42.1-1_amd64.deb ...
Unpacking libpangocairo-1.0-0:amd64 (1.42.1-1) ...
Selecting previously unselected package libwmf0.2-7:amd64.
Preparing to unpack .../52-libwmf0.2-7_0.2.8.4-12_amd64.deb ...
Unpacking libwmf0.2-7:amd64 (0.2.8.4-12) ...
Selecting previously unselected package libmagickcore-6.q16-5-extra:amd64.
Preparing to unpack .../53-libmagickcore-6.q16-5-extra_8%3a6.9.9.39+dfsg-1_amd64.deb ...
Unpacking libmagickcore-6.q16-5-extra:amd64 (8:6.9.9.39+dfsg-1) ...
Selecting previously unselected package libbz2-dev:amd64.
Preparing to unpack .../54-libbz2-dev_1.0.6-8.1_amd64.deb ...
Unpacking libbz2-dev:amd64 (1.0.6-8.1) ...
Selecting previously unselected package libjpeg62-turbo-dev:amd64.
Preparing to unpack .../55-libjpeg62-turbo-dev_1%3a1.5.2-2+b1_amd64.deb ...
Unpacking libjpeg62-turbo-dev:amd64 (1:1.5.2-2+b1) ...
Selecting previously unselected package libjpeg-dev.
Preparing to unpack .../56-libjpeg-dev_1%3a1.5.2-2_all.deb ...
Unpacking libjpeg-dev (1:1.5.2-2) ...
Selecting previously unselected package libdjvulibre-dev:amd64.
Preparing to unpack .../57-libdjvulibre-dev_3.5.27.1-9_amd64.deb ...
Unpacking libdjvulibre-dev:amd64 (3.5.27.1-9) ...
Selecting previously unselected package libexif12:amd64.
Preparing to unpack .../58-libexif12_0.6.21-5_amd64.deb ...
Unpacking libexif12:amd64 (0.6.21-5) ...
Selecting previously unselected package libexif-dev:amd64.
Preparing to unpack .../59-libexif-dev_0.6.21-5_amd64.deb ...
Unpacking libexif-dev:amd64 (0.6.21-5) ...
Selecting previously unselected package zlib1g-dev:amd64.
Preparing to unpack .../60-zlib1g-dev_1%3a1.2.11.dfsg-1_amd64.deb ...
Unpacking zlib1g-dev:amd64 (1:1.2.11.dfsg-1) ...
Selecting previously unselected package libpng-dev:amd64.
Preparing to unpack .../61-libpng-dev_1.6.34-1_amd64.deb ...
Unpacking libpng-dev:amd64 (1.6.34-1) ...
Selecting previously unselected package libfreetype6-dev:amd64.
Preparing to unpack .../62-libfreetype6-dev_2.8.1-2_amd64.deb ...
Unpacking libfreetype6-dev:amd64 (2.8.1-2) ...
Selecting previously unselected package libopenjp2-7-dev.
Preparing to unpack .../63-libopenjp2-7-dev_2.3.0-1_amd64.deb ...
Unpacking libopenjp2-7-dev (2.3.0-1) ...
Selecting previously unselected package liblcms2-dev:amd64.
Preparing to unpack .../64-liblcms2-dev_2.9-1_amd64.deb ...
Unpacking liblcms2-dev:amd64 (2.9-1) ...
Selecting previously unselected package liblqr-1-0-dev:amd64.
Preparing to unpack .../65-liblqr-1-0-dev_0.4.2-2.1_amd64.deb ...
Unpacking liblqr-1-0-dev:amd64 (0.4.2-2.1) ...
Selecting previously unselected package libltdl-dev:amd64.
Preparing to unpack .../66-libltdl-dev_2.4.6-2.1_amd64.deb ...
Unpacking libltdl-dev:amd64 (2.4.6-2.1) ...
Selecting previously unselected package libilmbase-dev.
Preparing to unpack .../67-libilmbase-dev_2.2.1-2_amd64.deb ...
Unpacking libilmbase-dev (2.2.1-2) ...
Selecting previously unselected package libopenexr-dev.
Preparing to unpack .../68-libopenexr-dev_2.2.1-4_amd64.deb ...
Unpacking libopenexr-dev (2.2.1-4) ...
Selecting previously unselected package libcroco3:amd64.
Preparing to unpack .../69-libcroco3_0.6.12-2_amd64.deb ...
Unpacking libcroco3:amd64 (0.6.12-2) ...
Selecting previously unselected package shared-mime-info.
Preparing to unpack .../70-shared-mime-info_1.9-2_amd64.deb ...
Unpacking shared-mime-info (1.9-2) ...
Selecting previously unselected package libgdk-pixbuf2.0-common.
Preparing to unpack .../71-libgdk-pixbuf2.0-common_2.36.11-2_all.deb ...
Unpacking libgdk-pixbuf2.0-common (2.36.11-2) ...
Selecting previously unselected package libgdk-pixbuf2.0-0:amd64.
Preparing to unpack .../72-libgdk-pixbuf2.0-0_2.36.11-2_amd64.deb ...
Unpacking libgdk-pixbuf2.0-0:amd64 (2.36.11-2) ...
Selecting previously unselected package librsvg2-2:amd64.
Preparing to unpack .../73-librsvg2-2_2.40.20-2_amd64.deb ...
Unpacking librsvg2-2:amd64 (2.40.20-2) ...
Selecting previously unselected package librsvg2-common:amd64.
Preparing to unpack .../74-librsvg2-common_2.40.20-2_amd64.deb ...
Unpacking librsvg2-common:amd64 (2.40.20-2) ...
Selecting previously unselected package libgirepository-1.0-1:amd64.
Preparing to unpack .../75-libgirepository-1.0-1_1.56.1-1_amd64.deb ...
Unpacking libgirepository-1.0-1:amd64 (1.56.1-1) ...
Selecting previously unselected package gir1.2-glib-2.0:amd64.
Preparing to unpack .../76-gir1.2-glib-2.0_1.56.1-1_amd64.deb ...
Unpacking gir1.2-glib-2.0:amd64 (1.56.1-1) ...
Selecting previously unselected package libcairo-gobject2:amd64.
Preparing to unpack .../77-libcairo-gobject2_1.15.10-3_amd64.deb ...
Unpacking libcairo-gobject2:amd64 (1.15.10-3) ...
Selecting previously unselected package gir1.2-freedesktop:amd64.
Preparing to unpack .../78-gir1.2-freedesktop_1.56.1-1_amd64.deb ...
Unpacking gir1.2-freedesktop:amd64 (1.56.1-1) ...
Selecting previously unselected package gir1.2-gdkpixbuf-2.0:amd64.
Preparing to unpack .../79-gir1.2-gdkpixbuf-2.0_2.36.11-2_amd64.deb ...
Unpacking gir1.2-gdkpixbuf-2.0:amd64 (2.36.11-2) ...
Selecting previously unselected package gir1.2-rsvg-2.0:amd64.
Preparing to unpack .../80-gir1.2-rsvg-2.0_2.40.20-2_amd64.deb ...
Unpacking gir1.2-rsvg-2.0:amd64 (2.40.20-2) ...
Selecting previously unselected package libelf1:amd64.
Preparing to unpack .../81-libelf1_0.170-0.4_amd64.deb ...
Unpacking libelf1:amd64 (0.170-0.4) ...
Selecting previously unselected package libglib2.0-data.
Preparing to unpack .../82-libglib2.0-data_2.56.1-2_all.deb ...
Unpacking libglib2.0-data (2.56.1-2) ...
Selecting previously unselected package libglib2.0-bin.
Preparing to unpack .../83-libglib2.0-bin_2.56.1-2_amd64.deb ...
Unpacking libglib2.0-bin (2.56.1-2) ...
Selecting previously unselected package libssl1.1:amd64.
Preparing to unpack .../84-libssl1.1_1.1.0h-2_amd64.deb ...
Unpacking libssl1.1:amd64 (1.1.0h-2) ...
Selecting previously unselected package libpython3.6-minimal:amd64.
Preparing to unpack .../85-libpython3.6-minimal_3.6.5-5_amd64.deb ...
Unpacking libpython3.6-minimal:amd64 (3.6.5-5) ...
Selecting previously unselected package python3.6-minimal.
Preparing to unpack .../86-python3.6-minimal_3.6.5-5_amd64.deb ...
Unpacking python3.6-minimal (3.6.5-5) ...
Selecting previously unselected package python3-minimal.
Preparing to unpack .../87-python3-minimal_3.6.5-3_amd64.deb ...
Unpacking python3-minimal (3.6.5-3) ...
Selecting previously unselected package mime-support.
Preparing to unpack .../88-mime-support_3.60_all.deb ...
Unpacking mime-support (3.60) ...
Selecting previously unselected package libmpdec2:amd64.
Preparing to unpack .../89-libmpdec2_2.4.2-2_amd64.deb ...
Unpacking libmpdec2:amd64 (2.4.2-2) ...
Selecting previously unselected package libncursesw6:amd64.
Preparing to unpack .../90-libncursesw6_6.1+20180210-2_amd64.deb ...
Unpacking libncursesw6:amd64 (6.1+20180210-2) ...
Selecting previously unselected package readline-common.
Preparing to unpack .../91-readline-common_7.0-3_all.deb ...
Unpacking readline-common (7.0-3) ...
Selecting previously unselected package libreadline7:amd64.
Preparing to unpack .../92-libreadline7_7.0-3+b1_amd64.deb ...
Unpacking libreadline7:amd64 (7.0-3+b1) ...
Selecting previously unselected package libsqlite3-0:amd64.
Preparing to unpack .../93-libsqlite3-0_3.23.1-1_amd64.deb ...
Unpacking libsqlite3-0:amd64 (3.23.1-1) ...
Selecting previously unselected package libpython3.6-stdlib:amd64.
Preparing to unpack .../94-libpython3.6-stdlib_3.6.5-5_amd64.deb ...
Unpacking libpython3.6-stdlib:amd64 (3.6.5-5) ...
Selecting previously unselected package python3.6.
Preparing to unpack .../95-python3.6_3.6.5-5_amd64.deb ...
Unpacking python3.6 (3.6.5-5) ...
Selecting previously unselected package libpython3-stdlib:amd64.
Preparing to unpack .../96-libpython3-stdlib_3.6.5-3_amd64.deb ...
Unpacking libpython3-stdlib:amd64 (3.6.5-3) ...
Setting up libssl1.1:amd64 (1.1.0h-2) ...
Setting up libpython3.6-minimal:amd64 (3.6.5-5) ...
Setting up libexpat1:amd64 (2.2.5-3) ...
Setting up python3.6-minimal (3.6.5-5) ...
Setting up python3-minimal (3.6.5-3) ...
Selecting previously unselected package python3.
(Reading database ... 14570 files and directories currently installed.)
Preparing to unpack .../000-python3_3.6.5-3_amd64.deb ...
Unpacking python3 (3.6.5-3) ...
Selecting previously unselected package python3-lib2to3.
Preparing to unpack .../001-python3-lib2to3_3.6.5-3_all.deb ...
Unpacking python3-lib2to3 (3.6.5-3) ...
Selecting previously unselected package python3-distutils.
Preparing to unpack .../002-python3-distutils_3.6.5-3_all.deb ...
Unpacking python3-distutils (3.6.5-3) ...
Selecting previously unselected package libglib2.0-dev-bin.
Preparing to unpack .../003-libglib2.0-dev-bin_2.56.1-2_amd64.deb ...
Unpacking libglib2.0-dev-bin (2.56.1-2) ...
Selecting previously unselected package libpcre16-3:amd64.
Preparing to unpack .../004-libpcre16-3_2%3a8.39-9_amd64.deb ...
Unpacking libpcre16-3:amd64 (2:8.39-9) ...
Selecting previously unselected package libpcre32-3:amd64.
Preparing to unpack .../005-libpcre32-3_2%3a8.39-9_amd64.deb ...
Unpacking libpcre32-3:amd64 (2:8.39-9) ...
Selecting previously unselected package libpcrecpp0v5:amd64.
Preparing to unpack .../006-libpcrecpp0v5_2%3a8.39-9_amd64.deb ...
Unpacking libpcrecpp0v5:amd64 (2:8.39-9) ...
Selecting previously unselected package libpcre3-dev:amd64.
Preparing to unpack .../007-libpcre3-dev_2%3a8.39-9_amd64.deb ...
Unpacking libpcre3-dev:amd64 (2:8.39-9) ...
Selecting previously unselected package pkg-config.
Preparing to unpack .../008-pkg-config_0.29-4+b1_amd64.deb ...
Unpacking pkg-config (0.29-4+b1) ...
Selecting previously unselected package libglib2.0-dev:amd64.
Preparing to unpack .../009-libglib2.0-dev_2.56.1-2_amd64.deb ...
Unpacking libglib2.0-dev:amd64 (2.56.1-2) ...
Selecting previously unselected package xorg-sgml-doctools.
Preparing to unpack .../010-xorg-sgml-doctools_1%3a1.11-1_all.deb ...
Unpacking xorg-sgml-doctools (1:1.11-1) ...
Selecting previously unselected package x11proto-dev.
Preparing to unpack .../011-x11proto-dev_2018.4-4_all.deb ...
Unpacking x11proto-dev (2018.4-4) ...
Selecting previously unselected package x11proto-core-dev.
Preparing to unpack .../012-x11proto-core-dev_2018.4-4_all.deb ...
Unpacking x11proto-core-dev (2018.4-4) ...
Selecting previously unselected package libxau-dev:amd64.
Preparing to unpack .../013-libxau-dev_1%3a1.0.8-1+b2_amd64.deb ...
Unpacking libxau-dev:amd64 (1:1.0.8-1+b2) ...
Selecting previously unselected package libxdmcp-dev:amd64.
Preparing to unpack .../014-libxdmcp-dev_1%3a1.1.2-3_amd64.deb ...
Unpacking libxdmcp-dev:amd64 (1:1.1.2-3) ...
Selecting previously unselected package xtrans-dev.
Preparing to unpack .../015-xtrans-dev_1.3.5-1_all.deb ...
Unpacking xtrans-dev (1.3.5-1) ...
Selecting previously unselected package libpthread-stubs0-dev:amd64.
Preparing to unpack .../016-libpthread-stubs0-dev_0.3-4_amd64.deb ...
Unpacking libpthread-stubs0-dev:amd64 (0.3-4) ...
Selecting previously unselected package libxcb1-dev:amd64.
Preparing to unpack .../017-libxcb1-dev_1.13-1_amd64.deb ...
Unpacking libxcb1-dev:amd64 (1.13-1) ...
Selecting previously unselected package libx11-dev:amd64.
Preparing to unpack .../018-libx11-dev_2%3a1.6.5-1_amd64.deb ...
Unpacking libx11-dev:amd64 (2:1.6.5-1) ...
Selecting previously unselected package libgdk-pixbuf2.0-dev.
Preparing to unpack .../019-libgdk-pixbuf2.0-dev_2.36.11-2_amd64.deb ...
Unpacking libgdk-pixbuf2.0-dev (2.36.11-2) ...
Selecting previously unselected package liblzo2-2:amd64.
Preparing to unpack .../020-liblzo2-2_2.08-1.2+b2_amd64.deb ...
Unpacking liblzo2-2:amd64 (2.08-1.2+b2) ...
Selecting previously unselected package libcairo-script-interpreter2:amd64.
Preparing to unpack .../021-libcairo-script-interpreter2_1.15.10-3_amd64.deb ...
Unpacking libcairo-script-interpreter2:amd64 (1.15.10-3) ...
Selecting previously unselected package libexpat1-dev:amd64.
Preparing to unpack .../022-libexpat1-dev_2.2.5-3_amd64.deb ...
Unpacking libexpat1-dev:amd64 (2.2.5-3) ...
Selecting previously unselected package uuid-dev:amd64.
Preparing to unpack .../023-uuid-dev_2.31.1-0.5_amd64.deb ...
Unpacking uuid-dev:amd64 (2.31.1-0.5) ...
Selecting previously unselected package libfontconfig1-dev:amd64.
Preparing to unpack .../024-libfontconfig1-dev_2.13.0-4_amd64.deb ...
Unpacking libfontconfig1-dev:amd64 (2.13.0-4) ...
Selecting previously unselected package libxrender-dev:amd64.
Preparing to unpack .../025-libxrender-dev_1%3a0.9.10-1_amd64.deb ...
Unpacking libxrender-dev:amd64 (1:0.9.10-1) ...
Selecting previously unselected package x11proto-xext-dev.
Preparing to unpack .../026-x11proto-xext-dev_2018.4-4_all.deb ...
Unpacking x11proto-xext-dev (2018.4-4) ...
Selecting previously unselected package libxext-dev:amd64.
Preparing to unpack .../027-libxext-dev_2%3a1.3.3-1+b2_amd64.deb ...
Unpacking libxext-dev:amd64 (2:1.3.3-1+b2) ...
Selecting previously unselected package lsb-base.
Preparing to unpack .../028-lsb-base_9.20170808_all.deb ...
Unpacking lsb-base (9.20170808) ...
Selecting previously unselected package x11-common.
Preparing to unpack .../029-x11-common_1%3a7.7+19_all.deb ...
Unpacking x11-common (1:7.7+19) ...
Selecting previously unselected package libice6:amd64.
Preparing to unpack .../030-libice6_2%3a1.0.9-2_amd64.deb ...
Unpacking libice6:amd64 (2:1.0.9-2) ...
Selecting previously unselected package libsm6:amd64.
Preparing to unpack .../031-libsm6_2%3a1.2.2-1+b3_amd64.deb ...
Unpacking libsm6:amd64 (2:1.2.2-1+b3) ...
Selecting previously unselected package libice-dev:amd64.
Preparing to unpack .../032-libice-dev_2%3a1.0.9-2_amd64.deb ...
Unpacking libice-dev:amd64 (2:1.0.9-2) ...
Selecting previously unselected package libsm-dev:amd64.
Preparing to unpack .../033-libsm-dev_2%3a1.2.2-1+b3_amd64.deb ...
Unpacking libsm-dev:amd64 (2:1.2.2-1+b3) ...
Selecting previously unselected package libpixman-1-dev:amd64.
Preparing to unpack .../034-libpixman-1-dev_0.34.0-2_amd64.deb ...
Unpacking libpixman-1-dev:amd64 (0.34.0-2) ...
Selecting previously unselected package libxcb-render0-dev:amd64.
Preparing to unpack .../035-libxcb-render0-dev_1.13-1_amd64.deb ...
Unpacking libxcb-render0-dev:amd64 (1.13-1) ...
Selecting previously unselected package libxcb-shm0-dev:amd64.
Preparing to unpack .../036-libxcb-shm0-dev_1.13-1_amd64.deb ...
Unpacking libxcb-shm0-dev:amd64 (1.13-1) ...
Selecting previously unselected package libcairo2-dev:amd64.
Preparing to unpack .../037-libcairo2-dev_1.15.10-3_amd64.deb ...
Unpacking libcairo2-dev:amd64 (1.15.10-3) ...
Selecting previously unselected package librsvg2-dev:amd64.
Preparing to unpack .../038-librsvg2-dev_2.40.20-2_amd64.deb ...
Unpacking librsvg2-dev:amd64 (2.40.20-2) ...
Selecting previously unselected package libjbig-dev:amd64.
Preparing to unpack .../039-libjbig-dev_2.1-3.1+b2_amd64.deb ...
Unpacking libjbig-dev:amd64 (2.1-3.1+b2) ...
Selecting previously unselected package liblzma-dev:amd64.
Preparing to unpack .../040-liblzma-dev_5.2.2-1.3_amd64.deb ...
Unpacking liblzma-dev:amd64 (5.2.2-1.3) ...
Selecting previously unselected package libtiffxx5:amd64.
Preparing to unpack .../041-libtiffxx5_4.0.9-5_amd64.deb ...
Unpacking libtiffxx5:amd64 (4.0.9-5) ...
Selecting previously unselected package libtiff5-dev:amd64.
Preparing to unpack .../042-libtiff5-dev_4.0.9-5_amd64.deb ...
Unpacking libtiff5-dev:amd64 (4.0.9-5) ...
Selecting previously unselected package libtiff-dev.
Preparing to unpack .../043-libtiff-dev_4.0.9-5_amd64.deb ...
Unpacking libtiff-dev (4.0.9-5) ...
Selecting previously unselected package libwmf-dev.
Preparing to unpack .../044-libwmf-dev_0.2.8.4-12_amd64.deb ...
Unpacking libwmf-dev (0.2.8.4-12) ...
Selecting previously unselected package icu-devtools.
Preparing to unpack .../045-icu-devtools_57.1-9_amd64.deb ...
Unpacking icu-devtools (57.1-9) ...
Selecting previously unselected package libicu-dev.
Preparing to unpack .../046-libicu-dev_57.1-9_amd64.deb ...
Unpacking libicu-dev (57.1-9) ...
Selecting previously unselected package libxml2-dev:amd64.
Preparing to unpack .../047-libxml2-dev_2.9.4+dfsg1-6.1_amd64.deb ...
Unpacking libxml2-dev:amd64 (2.9.4+dfsg1-6.1) ...
Selecting previously unselected package libxt6:amd64.
Preparing to unpack .../048-libxt6_1%3a1.1.5-1_amd64.deb ...
Unpacking libxt6:amd64 (1:1.1.5-1) ...
Selecting previously unselected package libxt-dev:amd64.
Preparing to unpack .../049-libxt-dev_1%3a1.1.5-1_amd64.deb ...
Unpacking libxt-dev:amd64 (1:1.1.5-1) ...
Selecting previously unselected package libmagickcore-6.q16-dev:amd64.
Preparing to unpack .../050-libmagickcore-6.q16-dev_8%3a6.9.9.39+dfsg-1_amd64.deb ...
Unpacking libmagickcore-6.q16-dev:amd64 (8:6.9.9.39+dfsg-1) ...
Selecting previously unselected package libmagickcore-dev.
Preparing to unpack .../051-libmagickcore-dev_8%3a6.9.9.39+dfsg-1_all.deb ...
Unpacking libmagickcore-dev (8:6.9.9.39+dfsg-1) ...
Selecting previously unselected package libmagickwand-6-headers.
Preparing to unpack .../052-libmagickwand-6-headers_8%3a6.9.9.39+dfsg-1_all.deb ...
Unpacking libmagickwand-6-headers (8:6.9.9.39+dfsg-1) ...
Selecting previously unselected package libmagickwand-6.q16-dev:amd64.
Preparing to unpack .../053-libmagickwand-6.q16-dev_8%3a6.9.9.39+dfsg-1_amd64.deb ...
Unpacking libmagickwand-6.q16-dev:amd64 (8:6.9.9.39+dfsg-1) ...
Selecting previously unselected package libmagickwand-dev.
Preparing to unpack .../054-libmagickwand-dev_8%3a6.9.9.39+dfsg-1_all.deb ...
Unpacking libmagickwand-dev (8:6.9.9.39+dfsg-1) ...
Selecting previously unselected package poppler-data.
Preparing to unpack .../055-poppler-data_0.4.9-2_all.deb ...
Unpacking poppler-data (0.4.9-2) ...
Selecting previously unselected package libmagic-mgc.
Preparing to unpack .../056-libmagic-mgc_1%3a5.33-2_amd64.deb ...
Unpacking libmagic-mgc (1:5.33-2) ...
Selecting previously unselected package libmagic1:amd64.
Preparing to unpack .../057-libmagic1_1%3a5.33-2_amd64.deb ...
Unpacking libmagic1:amd64 (1:5.33-2) ...
Selecting previously unselected package file.
Preparing to unpack .../058-file_1%3a5.33-2_amd64.deb ...
Unpacking file (1:5.33-2) ...
Selecting previously unselected package gettext-base.
Preparing to unpack .../059-gettext-base_0.19.8.1-6_amd64.deb ...
Unpacking gettext-base (0.19.8.1-6) ...
Selecting previously unselected package libsigsegv2:amd64.
Preparing to unpack .../060-libsigsegv2_2.12-2_amd64.deb ...
Unpacking libsigsegv2:amd64 (2.12-2) ...
Selecting previously unselected package m4.
Preparing to unpack .../061-m4_1.4.18-1_amd64.deb ...
Unpacking m4 (1.4.18-1) ...
Selecting previously unselected package autoconf.
Preparing to unpack .../062-autoconf_2.69-11_all.deb ...
Unpacking autoconf (2.69-11) ...
Selecting previously unselected package autotools-dev.
Preparing to unpack .../063-autotools-dev_20180224.1_all.deb ...
Unpacking autotools-dev (20180224.1) ...
Selecting previously unselected package automake.
Preparing to unpack .../064-automake_1%3a1.15.1-3.1_all.deb ...
Unpacking automake (1:1.15.1-3.1) ...
Selecting previously unselected package autopoint.
Preparing to unpack .../065-autopoint_0.19.8.1-6_all.deb ...
Unpacking autopoint (0.19.8.1-6) ...
Selecting previously unselected package openssl.
Preparing to unpack .../066-openssl_1.1.0h-2_amd64.deb ...
Unpacking openssl (1.1.0h-2) ...
Selecting previously unselected package ca-certificates.
Preparing to unpack .../067-ca-certificates_20180409_all.deb ...
Unpacking ca-certificates (20180409) ...
Selecting previously unselected package libtool.
Preparing to unpack .../068-libtool_2.4.6-2.1_all.deb ...
Unpacking libtool (2.4.6-2.1) ...
Selecting previously unselected package dh-autoreconf.
Preparing to unpack .../069-dh-autoreconf_17_all.deb ...
Unpacking dh-autoreconf (17) ...
Selecting previously unselected package libarchive-zip-perl.
Preparing to unpack .../070-libarchive-zip-perl_1.60-1_all.deb ...
Unpacking libarchive-zip-perl (1.60-1) ...
Selecting previously unselected package libfile-stripnondeterminism-perl.
Preparing to unpack .../071-libfile-stripnondeterminism-perl_0.041-1_all.deb ...
Unpacking libfile-stripnondeterminism-perl (0.041-1) ...
Selecting previously unselected package libtimedate-perl.
Preparing to unpack .../072-libtimedate-perl_2.3000-2_all.deb ...
Unpacking libtimedate-perl (2.3000-2) ...
Selecting previously unselected package dh-strip-nondeterminism.
Preparing to unpack .../073-dh-strip-nondeterminism_0.041-1_all.deb ...
Unpacking dh-strip-nondeterminism (0.041-1) ...
Selecting previously unselected package gettext.
Preparing to unpack .../074-gettext_0.19.8.1-6_amd64.deb ...
Unpacking gettext (0.19.8.1-6) ...
Selecting previously unselected package intltool-debian.
Preparing to unpack .../075-intltool-debian_0.35.0+20060710.4_all.deb ...
Unpacking intltool-debian (0.35.0+20060710.4) ...
Selecting previously unselected package po-debconf.
Preparing to unpack .../076-po-debconf_1.0.20_all.deb ...
Unpacking po-debconf (1.0.20) ...
Selecting previously unselected package debhelper.
Preparing to unpack .../077-debhelper_11.2.1_all.deb ...
Unpacking debhelper (11.2.1) ...
Selecting previously unselected package libfile-which-perl.
Preparing to unpack .../078-libfile-which-perl_1.21-1_all.deb ...
Unpacking libfile-which-perl (1.21-1) ...
Selecting previously unselected package libfile-homedir-perl.
Preparing to unpack .../079-libfile-homedir-perl_1.002-1_all.deb ...
Unpacking libfile-homedir-perl (1.002-1) ...
Selecting previously unselected package devscripts.
Preparing to unpack .../080-devscripts_2.18.2_amd64.deb ...
Unpacking devscripts (2.18.2) ...
Selecting previously unselected package rake.
Preparing to unpack .../081-rake_12.3.1-2_all.deb ...
Unpacking rake (12.3.1-2) ...
Selecting previously unselected package rubygems-integration.
Preparing to unpack .../082-rubygems-integration_1.11_all.deb ...
Unpacking rubygems-integration (1.11) ...
Selecting previously unselected package ruby-did-you-mean.
Preparing to unpack .../083-ruby-did-you-mean_1.2.1-1_all.deb ...
Unpacking ruby-did-you-mean (1.2.1-1) ...
Selecting previously unselected package ruby-minitest.
Preparing to unpack .../084-ruby-minitest_5.10.3-1_all.deb ...
Unpacking ruby-minitest (5.10.3-1) ...
Selecting previously unselected package ruby-net-telnet.
Preparing to unpack .../085-ruby-net-telnet_0.1.1-2_all.deb ...
Unpacking ruby-net-telnet (0.1.1-2) ...
Selecting previously unselected package ruby-power-assert.
Preparing to unpack .../086-ruby-power-assert_0.3.0-1_all.deb ...
Unpacking ruby-power-assert (0.3.0-1) ...
Selecting previously unselected package ruby-test-unit.
Preparing to unpack .../087-ruby-test-unit_3.2.7-1_all.deb ...
Unpacking ruby-test-unit (3.2.7-1) ...
Selecting previously unselected package libyaml-0-2:amd64.
Preparing to unpack .../088-libyaml-0-2_0.1.7-2_amd64.deb ...
Unpacking libyaml-0-2:amd64 (0.1.7-2) ...
Selecting previously unselected package libruby2.5:amd64.
Preparing to unpack .../089-libruby2.5_2.5.1-1_amd64.deb ...
Unpacking libruby2.5:amd64 (2.5.1-1) ...
Selecting previously unselected package ruby2.5.
Preparing to unpack .../090-ruby2.5_2.5.1-1_amd64.deb ...
Unpacking ruby2.5 (2.5.1-1) ...
Selecting previously unselected package ruby.
Preparing to unpack .../091-ruby_1%3a2.5.1_amd64.deb ...
Unpacking ruby (1:2.5.1) ...
Selecting previously unselected package gem2deb-test-runner.
Preparing to unpack .../092-gem2deb-test-runner_0.39_amd64.deb ...
Unpacking gem2deb-test-runner (0.39) ...
Selecting previously unselected package libgmpxx4ldbl:amd64.
Preparing to unpack .../093-libgmpxx4ldbl_2%3a6.1.2+dfsg-3_amd64.deb ...
Unpacking libgmpxx4ldbl:amd64 (2:6.1.2+dfsg-3) ...
Selecting previously unselected package libgmp-dev:amd64.
Preparing to unpack .../094-libgmp-dev_2%3a6.1.2+dfsg-3_amd64.deb ...
Unpacking libgmp-dev:amd64 (2:6.1.2+dfsg-3) ...
Selecting previously unselected package ruby2.5-dev:amd64.
Preparing to unpack .../095-ruby2.5-dev_2.5.1-1_amd64.deb ...
Unpacking ruby2.5-dev:amd64 (2.5.1-1) ...
Selecting previously unselected package ruby-all-dev:amd64.
Preparing to unpack .../096-ruby-all-dev_1%3a2.5.1_amd64.deb ...
Unpacking ruby-all-dev:amd64 (1:2.5.1) ...
Selecting previously unselected package ruby-setup.
Preparing to unpack .../097-ruby-setup_3.4.1-9_all.deb ...
Unpacking ruby-setup (3.4.1-9) ...
Selecting previously unselected package gem2deb.
Preparing to unpack .../098-gem2deb_0.39_amd64.deb ...
Unpacking gem2deb (0.39) ...
Selecting previously unselected package libavahi-common-data:amd64.
Preparing to unpack .../099-libavahi-common-data_0.7-4_amd64.deb ...
Unpacking libavahi-common-data:amd64 (0.7-4) ...
Selecting previously unselected package libavahi-common3:amd64.
Preparing to unpack .../100-libavahi-common3_0.7-4_amd64.deb ...
Unpacking libavahi-common3:amd64 (0.7-4) ...
Selecting previously unselected package libdbus-1-3:amd64.
Preparing to unpack .../101-libdbus-1-3_1.12.8-1_amd64.deb ...
Unpacking libdbus-1-3:amd64 (1.12.8-1) ...
Selecting previously unselected package libavahi-client3:amd64.
Preparing to unpack .../102-libavahi-client3_0.7-4_amd64.deb ...
Unpacking libavahi-client3:amd64 (0.7-4) ...
Selecting previously unselected package libkeyutils1:amd64.
Preparing to unpack .../103-libkeyutils1_1.5.9-9.2_amd64.deb ...
Unpacking libkeyutils1:amd64 (1.5.9-9.2) ...
Selecting previously unselected package libkrb5support0:amd64.
Preparing to unpack .../104-libkrb5support0_1.16-2_amd64.deb ...
Unpacking libkrb5support0:amd64 (1.16-2) ...
Selecting previously unselected package libk5crypto3:amd64.
Preparing to unpack .../105-libk5crypto3_1.16-2_amd64.deb ...
Unpacking libk5crypto3:amd64 (1.16-2) ...
Selecting previously unselected package libkrb5-3:amd64.
Preparing to unpack .../106-libkrb5-3_1.16-2_amd64.deb ...
Unpacking libkrb5-3:amd64 (1.16-2) ...
Selecting previously unselected package libgssapi-krb5-2:amd64.
Preparing to unpack .../107-libgssapi-krb5-2_1.16-2_amd64.deb ...
Unpacking libgssapi-krb5-2:amd64 (1.16-2) ...
Selecting previously unselected package libcups2:amd64.
Preparing to unpack .../108-libcups2_2.2.7-3_amd64.deb ...
Unpacking libcups2:amd64 (2.2.7-3) ...
Selecting previously unselected package libcupsimage2:amd64.
Preparing to unpack .../109-libcupsimage2_2.2.7-3_amd64.deb ...
Unpacking libcupsimage2:amd64 (2.2.7-3) ...
Selecting previously unselected package libidn11:amd64.
Preparing to unpack .../110-libidn11_1.33-2.2_amd64.deb ...
Unpacking libidn11:amd64 (1.33-2.2) ...
Selecting previously unselected package libijs-0.35:amd64.
Preparing to unpack .../111-libijs-0.35_0.35-13_amd64.deb ...
Unpacking libijs-0.35:amd64 (0.35-13) ...
Selecting previously unselected package libjbig2dec0:amd64.
Preparing to unpack .../112-libjbig2dec0_0.13-6_amd64.deb ...
Unpacking libjbig2dec0:amd64 (0.13-6) ...
Selecting previously unselected package libpaper1:amd64.
Preparing to unpack .../113-libpaper1_1.1.24+nmu5_amd64.deb ...
Unpacking libpaper1:amd64 (1.1.24+nmu5) ...
Selecting previously unselected package libgs9-common.
Preparing to unpack .../114-libgs9-common_9.22~dfsg-2.1_all.deb ...
Unpacking libgs9-common (9.22~dfsg-2.1) ...
Selecting previously unselected package libgs9:amd64.
Preparing to unpack .../115-libgs9_9.22~dfsg-2.1_amd64.deb ...
Unpacking libgs9:amd64 (9.22~dfsg-2.1) ...
Selecting previously unselected package ghostscript.
Preparing to unpack .../116-ghostscript_9.22~dfsg-2.1_amd64.deb ...
Unpacking ghostscript (9.22~dfsg-2.1) ...
Selecting previously unselected package gsfonts.
Preparing to unpack .../117-gsfonts_1%3a8.11+urwcyr1.0.7~pre44-4.4_all.deb ...
Unpacking gsfonts (1:8.11+urwcyr1.0.7~pre44-4.4) ...
Selecting previously unselected package libjs-jquery.
Preparing to unpack .../118-libjs-jquery_3.2.1-1_all.deb ...
Unpacking libjs-jquery (3.2.1-1) ...
Selecting previously unselected package libjs-jquery-easing.
Preparing to unpack .../119-libjs-jquery-easing_12-1_all.deb ...
Unpacking libjs-jquery-easing (12-1) ...
Selecting previously unselected package libjs-jquery-mousewheel.
Preparing to unpack .../120-libjs-jquery-mousewheel_12-1_all.deb ...
Unpacking libjs-jquery-mousewheel (12-1) ...
Selecting previously unselected package libjs-jquery-fancybox.
Preparing to unpack .../121-libjs-jquery-fancybox_12-1_all.deb ...
Unpacking libjs-jquery-fancybox (12-1) ...
Selecting previously unselected package libjs-jquery-ui.
Preparing to unpack .../122-libjs-jquery-ui_1.12.1+dfsg-5_all.deb ...
Unpacking libjs-jquery-ui (1.12.1+dfsg-5) ...
Selecting previously unselected package libwmf-bin.
Preparing to unpack .../123-libwmf-bin_0.2.8.4-12_amd64.deb ...
Unpacking libwmf-bin (0.2.8.4-12) ...
Selecting previously unselected package ruby-diff-lcs.
Preparing to unpack .../124-ruby-diff-lcs_1.3-1_all.deb ...
Unpacking ruby-diff-lcs (1.3-1) ...
Selecting previously unselected package ruby-docile.
Preparing to unpack .../125-ruby-docile_1.1.5-2_all.deb ...
Unpacking ruby-docile (1.1.5-2) ...
Selecting previously unselected package ruby-json.
Preparing to unpack .../126-ruby-json_2.1.0+dfsg-2+b1_amd64.deb ...
Unpacking ruby-json (2.1.0+dfsg-2+b1) ...
Selecting previously unselected package ruby-rspec-support.
Preparing to unpack .../127-ruby-rspec-support_3.7.0c1e0m0s1-1_all.deb ...
Unpacking ruby-rspec-support (3.7.0c1e0m0s1-1) ...
Selecting previously unselected package ruby-rspec-expectations.
Preparing to unpack .../128-ruby-rspec-expectations_3.7.0c1e0m0s1-1_all.deb ...
Unpacking ruby-rspec-expectations (3.7.0c1e0m0s1-1) ...
Selecting previously unselected package ruby-rspec-mocks.
Preparing to unpack .../129-ruby-rspec-mocks_3.7.0c1e0m0s1-1_all.deb ...
Unpacking ruby-rspec-mocks (3.7.0c1e0m0s1-1) ...
Selecting previously unselected package ruby-thread-order.
Preparing to unpack .../130-ruby-thread-order_1.1.0-1_all.deb ...
Unpacking ruby-thread-order (1.1.0-1) ...
Selecting previously unselected package ruby-rspec-core.
Preparing to unpack .../131-ruby-rspec-core_3.7.0c1e0m0s1-1_all.deb ...
Unpacking ruby-rspec-core (3.7.0c1e0m0s1-1) ...
Selecting previously unselected package ruby-rspec.
Preparing to unpack .../132-ruby-rspec_3.7.0c1e0m0s1-1_all.deb ...
Unpacking ruby-rspec (3.7.0c1e0m0s1-1) ...
Selecting previously unselected package ruby-simplecov-html.
Preparing to unpack .../133-ruby-simplecov-html_0.10.0-1_all.deb ...
Unpacking ruby-simplecov-html (0.10.0-1) ...
Selecting previously unselected package ruby-simplecov.
Preparing to unpack .../134-ruby-simplecov_0.14.1-1_all.deb ...
Unpacking ruby-simplecov (0.14.1-1) ...
Selecting previously unselected package sbuild-build-depends-ruby-rmagick-dummy.
Preparing to unpack .../135-sbuild-build-depends-ruby-rmagick-dummy_0.invalid.0_amd64.deb ...
Unpacking sbuild-build-depends-ruby-rmagick-dummy (0.invalid.0) ...
Setting up libgs9-common (9.22~dfsg-2.1) ...
Setting up libjs-jquery (3.2.1-1) ...
Setting up imagemagick-6-common (8:6.9.9.39+dfsg-1) ...
Setting up readline-common (7.0-3) ...
Setting up libbz2-dev:amd64 (1.0.6-8.1) ...
Setting up libopenjp2-7:amd64 (2.3.0-1) ...
Setting up libjpeg62-turbo:amd64 (1:1.5.2-2+b1) ...
Setting up libarchive-zip-perl (1.60-1) ...
Setting up mime-support (3.60) ...
Setting up gsfonts (1:8.11+urwcyr1.0.7~pre44-4.4) ...
Setting up libfile-which-perl (1.21-1) ...
Setting up libpng16-16:amd64 (1.6.34-1) ...
Setting up libtimedate-perl (2.3000-2) ...
Setting up liblcms2-2:amd64 (2.9-1) ...
Setting up libjbig0:amd64 (2.1-3.1+b2) ...
Setting up libsigsegv2:amd64 (2.12-2) ...
Setting up libpthread-stubs0-dev:amd64 (0.3-4) ...
Setting up fonts-dejavu-core (2.37-1) ...
Setting up poppler-data (0.4.9-2) ...
Setting up libdjvulibre-text (3.5.27.1-9) ...
Setting up libreadline7:amd64 (7.0-3+b1) ...
Setting up libilmbase23:amd64 (2.2.1-2) ...
Setting up libfile-homedir-perl (1.002-1) ...
Setting up libelf1:amd64 (0.170-0.4) ...
Setting up rake (12.3.1-2) ...
Setting up groff-base (1.22.3-10) ...
Setting up libglib2.0-0:amd64 (2.56.1-2) ...
No schema files found: doing nothing.
Setting up xorg-sgml-doctools (1:1.11-1) ...
Setting up libncursesw6:amd64 (6.1+20180210-2) ...
Setting up libmagickcore-6-arch-config:amd64 (8:6.9.9.39+dfsg-1) ...
Setting up uuid-dev:amd64 (2.31.1-0.5) ...
Setting up libgdk-pixbuf2.0-common (2.36.11-2) ...
Setting up libopenjp2-7-dev (2.3.0-1) ...
Setting up libdatrie1:amd64 (0.2.11-1) ...
Setting up libtiff5:amd64 (4.0.9-5) ...
Setting up gettext-base (0.19.8.1-6) ...
Setting up libpipeline1:amd64 (1.5.0-1) ...
Setting up m4 (1.4.18-1) ...
Setting up libfftw3-double3:amd64 (3.3.7-1+b1) ...
Setting up libicu57:amd64 (57.1-9) ...
Setting up ucf (3.0038) ...
Setting up libgirepository-1.0-1:amd64 (1.56.1-1) ...
Setting up libxml2:amd64 (2.9.4+dfsg1-6.1) ...
Setting up x11proto-dev (2018.4-4) ...
Setting up libfreetype6:amd64 (2.8.1-2) ...
Setting up libmagic-mgc (1:5.33-2) ...
Setting up libmagic1:amd64 (1:5.33-2) ...
Setting up lsb-base (9.20170808) ...
Setting up libgraphite2-3:amd64 (1.3.11-2) ...
Setting up libjbig-dev:amd64 (2.1-3.1+b2) ...
Setting up libcroco3:amd64 (0.6.12-2) ...
Setting up pkg-config (0.29-4+b1) ...
Setting up liblqr-1-0:amd64 (0.4.2-2.1) ...
Setting up libjbig2dec0:amd64 (0.13-6) ...
Setting up ruby-did-you-mean (1.2.1-1) ...
Setting up libyaml-0-2:amd64 (0.1.7-2) ...
Setting up libpixman-1-0:amd64 (0.34.0-2) ...
Setting up xtrans-dev (1.3.5-1) ...
Setting up gir1.2-glib-2.0:amd64 (1.56.1-1) ...
Setting up x11proto-xext-dev (2018.4-4) ...
Setting up libglib2.0-data (2.56.1-2) ...
Processing triggers for libc-bin (2.27-3) ...
Setting up autotools-dev (20180224.1) ...
Setting up libpixman-1-dev:amd64 (0.34.0-2) ...
Setting up libjs-jquery-easing (12-1) ...
Setting up libjs-jquery-ui (1.12.1+dfsg-5) ...
Setting up libltdl7:amd64 (2.4.6-2.1) ...
Setting up libjs-jquery-mousewheel (12-1) ...
Setting up openssl (1.1.0h-2) ...
Setting up ruby-net-telnet (0.1.1-2) ...
Setting up libijs-0.35:amd64 (0.35-13) ...
Setting up libsqlite3-0:amd64 (3.23.1-1) ...
Setting up libtiffxx5:amd64 (4.0.9-5) ...
Setting up libfribidi0:amd64 (0.19.7-2) ...
Setting up libexpat1-dev:amd64 (2.2.5-3) ...
Setting up libmagickcore-6-headers (8:6.9.9.39+dfsg-1) ...
Setting up shared-mime-info (1.9-2) ...
Setting up libpcrecpp0v5:amd64 (2:8.39-9) ...
Setting up libpcre32-3:amd64 (2:8.39-9) ...
Setting up icu-devtools (57.1-9) ...
Setting up libpcre16-3:amd64 (2:8.39-9) ...
Setting up libthai-data (0.1.27-2) ...
Setting up libjpeg62-turbo-dev:amd64 (1:1.5.2-2+b1) ...
Setting up liblzma-dev:amd64 (5.2.2-1.3) ...
Setting up libxdmcp6:amd64 (1:1.1.2-3) ...
Setting up libkeyutils1:amd64 (1.5.9-9.2) ...
Setting up bsdmainutils (11.1.2) ...
update-alternatives: using /usr/bin/bsd-write to provide /usr/bin/write (write) in auto mode
update-alternatives: using /usr/bin/bsd-from to provide /usr/bin/from (from) in auto mode
Setting up libgmpxx4ldbl:amd64 (2:6.1.2+dfsg-3) ...
Setting up libjs-jquery-fancybox (12-1) ...
Setting up ruby-minitest (5.10.3-1) ...
Setting up x11-common (1:7.7+19) ...
update-rc.d: warning: start and stop actions are no longer supported; falling back to defaults
invoke-rc.d: could not determine current runlevel
All runlevel operations denied by policy
invoke-rc.d: policy-rc.d denied execution of start.
Setting up ca-certificates (20180409) ...
Updating certificates in /etc/ssl/certs...
133 added, 0 removed; done.
Setting up libglib2.0-bin (2.56.1-2) ...
Setting up libexif12:amd64 (0.6.21-5) ...
Setting up libx11-data (2:1.6.5-1) ...
Setting up libxau6:amd64 (1:1.0.8-1+b2) ...
Setting up autopoint (0.19.8.1-6) ...
Setting up libidn11:amd64 (1.33-2.2) ...
Setting up libmpdec2:amd64 (2.4.2-2) ...
Setting up libdbus-1-3:amd64 (1.12.8-1) ...
Setting up liblzo2-2:amd64 (2.08-1.2+b2) ...
Setting up ruby-power-assert (0.3.0-1) ...
Setting up libavahi-common-data:amd64 (0.7-4) ...
Setting up zlib1g-dev:amd64 (1:1.2.11.dfsg-1) ...
Setting up libfile-stripnondeterminism-perl (0.041-1) ...
Setting up libgmp-dev:amd64 (2:6.1.2+dfsg-3) ...
Setting up libpaper1:amd64 (1.1.24+nmu5) ...

Creating config file /etc/papersize with new version
Setting up libpython3.6-stdlib:amd64 (3.6.5-5) ...
Setting up libpcre3-dev:amd64 (2:8.39-9) ...
Setting up fontconfig-config (2.13.0-4) ...
Setting up python3.6 (3.6.5-5) ...
Setting up x11proto-core-dev (2018.4-4) ...
Setting up libopenexr23:amd64 (2.2.1-4) ...
Setting up liblqr-1-0-dev:amd64 (0.4.2-2.1) ...
Setting up liblcms2-dev:amd64 (2.9-1) ...
Setting up libltdl-dev:amd64 (2.4.6-2.1) ...
Setting up libilmbase-dev (2.2.1-2) ...
Setting up ruby-test-unit (3.2.7-1) ...
Setting up libdjvulibre21:amd64 (3.5.27.1-9) ...
Setting up gettext (0.19.8.1-6) ...
Setting up libmagickwand-6-headers (8:6.9.9.39+dfsg-1) ...
Setting up libdjvulibre-dev:amd64 (3.5.27.1-9) ...
Setting up libtiff5-dev:amd64 (4.0.9-5) ...
Setting up libharfbuzz0b:amd64 (1.7.6-1) ...
Setting up libxau-dev:amd64 (1:1.0.8-1+b2) ...
Setting up autoconf (2.69-11) ...
Setting up libthai0:amd64 (0.1.27-2) ...
Setting up libicu-dev (57.1-9) ...
Setting up file (1:5.33-2) ...
Setting up libkrb5support0:amd64 (1.16-2) ...
Setting up libxml2-dev:amd64 (2.9.4+dfsg1-6.1) ...
Setting up intltool-debian (0.35.0+20060710.4) ...
Setting up libxdmcp-dev:amd64 (1:1.1.2-3) ...
Setting up libjpeg-dev (1:1.5.2-2) ...
Setting up libexif-dev:amd64 (0.6.21-5) ...
Setting up automake (1:1.15.1-3.1) ...
update-alternatives: using /usr/bin/automake-1.15 to provide /usr/bin/automake (automake) in auto mode
Setting up libice6:amd64 (2:1.0.9-2) ...
Setting up rubygems-integration (1.11) ...
Setting up libopenexr-dev (2.2.1-4) ...
Setting up man-db (2.8.3-2) ...
Not building database; man-db/auto-update is not 'true'.
Setting up libavahi-common3:amd64 (0.7-4) ...
Setting up libpng-dev:amd64 (1.6.34-1) ...
Setting up libxcb1:amd64 (1.13-1) ...
Setting up libtool (2.4.6-2.1) ...
Setting up libpython3-stdlib:amd64 (3.6.5-3) ...
Setting up libtiff-dev (4.0.9-5) ...
Setting up libfontconfig1:amd64 (2.13.0-4) ...
Setting up libsm6:amd64 (2:1.2.2-1+b3) ...
Setting up libruby2.5:amd64 (2.5.1-1) ...
Setting up libk5crypto3:amd64 (1.16-2) ...
Setting up libxcb-render0:amd64 (1.13-1) ...
Setting up po-debconf (1.0.20) ...
Setting up python3 (3.6.5-3) ...
Setting up libx11-6:amd64 (2:1.6.5-1) ...
Setting up devscripts (2.18.2) ...
Setting up ruby2.5-dev:amd64 (2.5.1-1) ...
Setting up libfreetype6-dev:amd64 (2.8.1-2) ...
Setting up libice-dev:amd64 (2:1.0.9-2) ...
Setting up libxcb-shm0:amd64 (1.13-1) ...
Setting up libxt6:amd64 (1:1.1.5-1) ...
Setting up libxrender1:amd64 (1:0.9.10-1) ...
Setting up libxcb1-dev:amd64 (1.13-1) ...
Setting up libavahi-client3:amd64 (0.7-4) ...
Setting up libkrb5-3:amd64 (1.16-2) ...
Setting up libx11-dev:amd64 (2:1.6.5-1) ...
Setting up python3-lib2to3 (3.6.5-3) ...
Setting up libwmf0.2-7:amd64 (0.2.8.4-12) ...
Setting up python3-distutils (3.6.5-3) ...
Setting up fontconfig (2.13.0-4) ...
Regenerating fonts cache... done.
Setting up libfontconfig1-dev:amd64 (2.13.0-4) ...
Setting up libwmf-dev (0.2.8.4-12) ...
Setting up ruby2.5 (2.5.1-1) ...
Setting up libsm-dev:amd64 (2:1.2.2-1+b3) ...
Setting up ruby-all-dev:amd64 (1:2.5.1) ...
Setting up libxext6:amd64 (2:1.3.3-1+b2) ...
Setting up libglib2.0-dev-bin (2.56.1-2) ...
Setting up libgdk-pixbuf2.0-0:amd64 (2.36.11-2) ...
Setting up libxcb-shm0-dev:amd64 (1.13-1) ...
Setting up gir1.2-gdkpixbuf-2.0:amd64 (2.36.11-2) ...
Setting up libxrender-dev:amd64 (1:0.9.10-1) ...
Setting up libglib2.0-dev:amd64 (2.56.1-2) ...
Setting up libwmf-bin (0.2.8.4-12) ...
Setting up libgssapi-krb5-2:amd64 (1.16-2) ...
Setting up libxcb-render0-dev:amd64 (1.13-1) ...
Setting up libgdk-pixbuf2.0-dev (2.36.11-2) ...
Setting up libxext-dev:amd64 (2:1.3.3-1+b2) ...
Setting up libpango-1.0-0:amd64 (1.42.1-1) ...
Setting up libmagickcore-6.q16-5:amd64 (8:6.9.9.39+dfsg-1) ...
Setting up ruby (1:2.5.1) ...
Setting up ruby-diff-lcs (1.3-1) ...
Setting up gem2deb-test-runner (0.39) ...
Setting up libcups2:amd64 (2.2.7-3) ...
Setting up ruby-simplecov-html (0.10.0-1) ...
Setting up libcairo2:amd64 (1.15.10-3) ...
Setting up libxt-dev:amd64 (1:1.1.5-1) ...
Setting up ruby-json (2.1.0+dfsg-2+b1) ...
Setting up ruby-docile (1.1.5-2) ...
Setting up libcairo-script-interpreter2:amd64 (1.15.10-3) ...
Setting up libcairo-gobject2:amd64 (1.15.10-3) ...
Setting up ruby-thread-order (1.1.0-1) ...
Setting up ruby-rspec-support (3.7.0c1e0m0s1-1) ...
Setting up ruby-setup (3.4.1-9) ...
Setting up libmagickwand-6.q16-5:amd64 (8:6.9.9.39+dfsg-1) ...
Setting up libpangoft2-1.0-0:amd64 (1.42.1-1) ...
Setting up libcupsimage2:amd64 (2.2.7-3) ...
Setting up libgs9:amd64 (9.22~dfsg-2.1) ...
Setting up ruby-simplecov (0.14.1-1) ...
Setting up libcairo2-dev:amd64 (1.15.10-3) ...
Setting up ruby-rspec-expectations (3.7.0c1e0m0s1-1) ...
Setting up gir1.2-freedesktop:amd64 (1.56.1-1) ...
Setting up ruby-rspec-mocks (3.7.0c1e0m0s1-1) ...
Setting up ruby-rspec-core (3.7.0c1e0m0s1-1) ...
Setting up libpangocairo-1.0-0:amd64 (1.42.1-1) ...
Setting up ghostscript (9.22~dfsg-2.1) ...
Setting up libmagickcore-6.q16-5-extra:amd64 (8:6.9.9.39+dfsg-1) ...
Setting up librsvg2-2:amd64 (2.40.20-2) ...
Setting up ruby-rspec (3.7.0c1e0m0s1-1) ...
Setting up librsvg2-common:amd64 (2.40.20-2) ...
Setting up gir1.2-rsvg-2.0:amd64 (2.40.20-2) ...
Setting up librsvg2-dev:amd64 (2.40.20-2) ...
Setting up libmagickcore-6.q16-dev:amd64 (8:6.9.9.39+dfsg-1) ...
Setting up libmagickcore-dev (8:6.9.9.39+dfsg-1) ...
Setting up libmagickwand-6.q16-dev:amd64 (8:6.9.9.39+dfsg-1) ...
Setting up libmagickwand-dev (8:6.9.9.39+dfsg-1) ...
Setting up dh-autoreconf (17) ...
Setting up dh-strip-nondeterminism (0.041-1) ...
Setting up debhelper (11.2.1) ...
Setting up gem2deb (0.39) ...
Setting up sbuild-build-depends-ruby-rmagick-dummy (0.invalid.0) ...
Processing triggers for libc-bin (2.27-3) ...
Processing triggers for ca-certificates (20180409) ...
Updating certificates in /etc/ssl/certs...
0 added, 0 removed; done.
Running hooks in /etc/ca-certificates/update.d...
done.
Processing triggers for libgdk-pixbuf2.0-0:amd64 (2.36.11-2) ...

+------------------------------------------------------------------------------+
| Build environment                                                            |
+------------------------------------------------------------------------------+

Kernel: Linux 4.9.0-5-amd64 amd64 (x86_64)
Toolchain package versions: binutils_2.30-16 dpkg-dev_1.19.0.5 g++-7_7.3.0-17 gcc-7_7.3.0-17 libc6-dev_2.27-3 libstdc++-7-dev_7.3.0-17 libstdc++6_8-20180425-1 linux-libc-dev_4.15.17-1
Package versions: adduser_3.117 apt_1.6.1 autoconf_2.69-11 automake_1:1.15.1-3.1 autopoint_0.19.8.1-6 autotools-dev_20180224.1 base-files_10.1 base-passwd_3.5.45 bash_4.4.18-2 binutils_2.30-16 binutils-common_2.30-16 binutils-x86-64-linux-gnu_2.30-16 bsdmainutils_11.1.2 bsdutils_1:2.31.1-0.5 build-essential_12.5 bzip2_1.0.6-8.1 ca-certificates_20180409 clang-6.0_1:6.0-3 coreutils_8.28-1 cpp_4:7.3.0-3 cpp-7_7.3.0-17 dash_0.5.8-2.10 debconf_1.5.66 debfoster_2.7-2.1+b1 debhelper_11.2.1 debian-archive-keyring_2017.7 debianutils_4.8.4 devscripts_2.18.2 dh-autoreconf_17 dh-strip-nondeterminism_0.041-1 diffutils_1:3.6-1 dpkg_1.19.0.5 dpkg-dev_1.19.0.5 e2fslibs_1.44.1-2 e2fsprogs_1.44.1-2 eatmydata_105-6 fakeroot_1.22-2 fdisk_2.31.1-0.5 file_1:5.33-2 findutils_4.6.0+git+20171230-2 fontconfig_2.13.0-4 fontconfig-config_2.13.0-4 fonts-dejavu-core_2.37-1 g++_4:7.3.0-3 g++-7_7.3.0-17 gcc_4:7.3.0-3 gcc-6-base_6.4.0-17 gcc-7_7.3.0-17 gcc-7-base_7.3.0-17 gcc-8-base_8-20180425-1 gem2deb_0.39 gem2deb-test-runner_0.39 gettext_0.19.8.1-6 gettext-base_0.19.8.1-6 ghostscript_9.22~dfsg-2.1 gir1.2-freedesktop_1.56.1-1 gir1.2-gdkpixbuf-2.0_2.36.11-2 gir1.2-glib-2.0_1.56.1-1 gir1.2-rsvg-2.0_2.40.20-2 gpgv_2.2.5-1 grep_3.1-2 groff-base_1.22.3-10 gsfonts_1:8.11+urwcyr1.0.7~pre44-4.4 gzip_1.6-5+b1 hostname_3.20 icu-devtools_57.1-9 imagemagick-6-common_8:6.9.9.39+dfsg-1 init-system-helpers_1.51 intltool-debian_0.35.0+20060710.4 lib32gcc1_1:8-20180425-1 lib32stdc++6_8-20180425-1 libacl1_2.2.52-3+b1 libapt-pkg5.0_1.6.1 libarchive-zip-perl_1.60-1 libasan4_7.3.0-17 libatomic1_8-20180425-1 libattr1_1:2.4.47-2+b2 libaudit-common_1:2.8.3-1 libaudit1_1:2.8.3-1 libavahi-client3_0.7-4 libavahi-common-data_0.7-4 libavahi-common3_0.7-4 libbinutils_2.30-16 libblkid1_2.31.1-0.5 libbsd0_0.8.7-1 libbz2-1.0_1.0.6-8.1 libbz2-dev_1.0.6-8.1 libc-bin_2.27-3 libc-dev-bin_2.27-3 libc6_2.27-3 libc6-dev_2.27-3 libc6-i386_2.27-3 libcairo-gobject2_1.15.10-3 libcairo-script-interpreter2_1.15.10-3 libcairo2_1.15.10-3 libcairo2-dev_1.15.10-3 libcap-ng0_0.7.9-1 libcc1-0_8-20180425-1 libcilkrts5_7.3.0-17 libclang-common-6.0-dev_1:6.0-3 libclang1-6.0_1:6.0-3 libcom-err2_1.44.1-2 libcomerr2_1.44.1-2 libcroco3_0.6.12-2 libcups2_2.2.7-3 libcupsimage2_2.2.7-3 libdatrie1_0.2.11-1 libdb5.3_5.3.28-13.1+b1 libdbus-1-3_1.12.8-1 libdebconfclient0_0.243 libdjvulibre-dev_3.5.27.1-9 libdjvulibre-text_3.5.27.1-9 libdjvulibre21_3.5.27.1-9 libdpkg-perl_1.19.0.5 libeatmydata1_105-6 libedit2_3.1-20170329-1 libelf1_0.170-0.4 libexif-dev_0.6.21-5 libexif12_0.6.21-5 libexpat1_2.2.5-3 libexpat1-dev_2.2.5-3 libext2fs2_1.44.1-2 libfakeroot_1.22-2 libfdisk1_2.31.1-0.5 libffi6_3.2.1-8 libfftw3-double3_3.3.7-1+b1 libfile-homedir-perl_1.002-1 libfile-stripnondeterminism-perl_0.041-1 libfile-which-perl_1.21-1 libfontconfig1_2.13.0-4 libfontconfig1-dev_2.13.0-4 libfreetype6_2.8.1-2 libfreetype6-dev_2.8.1-2 libfribidi0_0.19.7-2 libgc1c2_1:7.4.2-8.2 libgcc-7-dev_7.3.0-17 libgcc1_1:8-20180425-1 libgcrypt20_1.8.2-2 libgdbm-compat4_1.14.1-6 libgdbm3_1.8.3-14 libgdbm5_1.14.1-6 libgdk-pixbuf2.0-0_2.36.11-2 libgdk-pixbuf2.0-common_2.36.11-2 libgdk-pixbuf2.0-dev_2.36.11-2 libgirepository-1.0-1_1.56.1-1 libglib2.0-0_2.56.1-2 libglib2.0-bin_2.56.1-2 libglib2.0-data_2.56.1-2 libglib2.0-dev_2.56.1-2 libglib2.0-dev-bin_2.56.1-2 libgmp-dev_2:6.1.2+dfsg-3 libgmp10_2:6.1.2+dfsg-3 libgmpxx4ldbl_2:6.1.2+dfsg-3 libgnutls30_3.5.18-1 libgomp1_8-20180425-1 libgpg-error0_1.29-4 libgraphite2-3_1.3.11-2 libgs9_9.22~dfsg-2.1 libgs9-common_9.22~dfsg-2.1 libgssapi-krb5-2_1.16-2 libharfbuzz0b_1.7.6-1 libhogweed4_3.4-1 libice-dev_2:1.0.9-2 libice6_2:1.0.9-2 libicu-dev_57.1-9 libicu57_57.1-9 libidn11_1.33-2.2 libidn2-0_2.0.4-1.1 libijs-0.35_0.35-13 libilmbase-dev_2.2.1-2 libilmbase23_2.2.1-2 libisl15_0.18-4 libisl19_0.19-1 libitm1_8-20180425-1 libjbig-dev_2.1-3.1+b2 libjbig0_2.1-3.1+b2 libjbig2dec0_0.13-6 libjpeg-dev_1:1.5.2-2 libjpeg62-turbo_1:1.5.2-2+b1 libjpeg62-turbo-dev_1:1.5.2-2+b1 libjs-jquery_3.2.1-1 libjs-jquery-easing_12-1 libjs-jquery-fancybox_12-1 libjs-jquery-mousewheel_12-1 libjs-jquery-ui_1.12.1+dfsg-5 libjsoncpp1_1.7.4-3 libk5crypto3_1.16-2 libkeyutils1_1.5.9-9.2 libkrb5-3_1.16-2 libkrb5support0_1.16-2 liblcms2-2_2.9-1 liblcms2-dev_2.9-1 libllvm6.0_1:6.0-3 liblqr-1-0_0.4.2-2.1 liblqr-1-0-dev_0.4.2-2.1 liblsan0_8-20180425-1 libltdl-dev_2.4.6-2.1 libltdl7_2.4.6-2.1 liblz4-1_1.8.1.2-1 liblzma-dev_5.2.2-1.3 liblzma5_5.2.2-1.3 liblzo2-2_2.08-1.2+b2 libmagic-mgc_1:5.33-2 libmagic1_1:5.33-2 libmagickcore-6-arch-config_8:6.9.9.39+dfsg-1 libmagickcore-6-headers_8:6.9.9.39+dfsg-1 libmagickcore-6.q16-5_8:6.9.9.39+dfsg-1 libmagickcore-6.q16-5-extra_8:6.9.9.39+dfsg-1 libmagickcore-6.q16-dev_8:6.9.9.39+dfsg-1 libmagickcore-dev_8:6.9.9.39+dfsg-1 libmagickwand-6-headers_8:6.9.9.39+dfsg-1 libmagickwand-6.q16-5_8:6.9.9.39+dfsg-1 libmagickwand-6.q16-dev_8:6.9.9.39+dfsg-1 libmagickwand-dev_8:6.9.9.39+dfsg-1 libmount1_2.31.1-0.5 libmpc3_1.1.0-1 libmpdec2_2.4.2-2 libmpfr4_3.1.6-1 libmpfr6_4.0.1-1 libmpx2_8-20180425-1 libncurses5_6.1+20180210-2 libncursesw5_6.1+20180210-2 libncursesw6_6.1+20180210-2 libnettle6_3.4-1 libobjc-7-dev_7.3.0-17 libobjc4_8-20180425-1 libopenexr-dev_2.2.1-4 libopenexr23_2.2.1-4 libopenjp2-7_2.3.0-1 libopenjp2-7-dev_2.3.0-1 libp11-kit0_0.23.10-2 libpam-modules_1.1.8-3.7 libpam-modules-bin_1.1.8-3.7 libpam-runtime_1.1.8-3.7 libpam0g_1.1.8-3.7 libpango-1.0-0_1.42.1-1 libpangocairo-1.0-0_1.42.1-1 libpangoft2-1.0-0_1.42.1-1 libpaper1_1.1.24+nmu5 libpcre16-3_2:8.39-9 libpcre3_2:8.39-9 libpcre3-dev_2:8.39-9 libpcre32-3_2:8.39-9 libpcrecpp0v5_2:8.39-9 libperl5.26_5.26.2-3 libpipeline1_1.5.0-1 libpixman-1-0_0.34.0-2 libpixman-1-dev_0.34.0-2 libpng-dev_1.6.34-1 libpng16-16_1.6.34-1 libpthread-stubs0-dev_0.3-4 libpython3-stdlib_3.6.5-3 libpython3.6-minimal_3.6.5-5 libpython3.6-stdlib_3.6.5-5 libquadmath0_8-20180425-1 libreadline7_7.0-3+b1 librsvg2-2_2.40.20-2 librsvg2-common_2.40.20-2 librsvg2-dev_2.40.20-2 libruby2.5_2.5.1-1 libseccomp2_2.3.3-1 libselinux1_2.7-2+b2 libsemanage-common_2.7-2 libsemanage1_2.7-2+b2 libsepol1_2.7-1 libsigsegv2_2.12-2 libsm-dev_2:1.2.2-1+b3 libsm6_2:1.2.2-1+b3 libsmartcols1_2.31.1-0.5 libsqlite3-0_3.23.1-1 libss2_1.44.1-2 libssl1.1_1.1.0h-2 libstdc++-7-dev_7.3.0-17 libstdc++6_8-20180425-1 libsystemd0_238-4 libtasn1-6_4.13-2 libthai-data_0.1.27-2 libthai0_0.1.27-2 libtiff-dev_4.0.9-5 libtiff5_4.0.9-5 libtiff5-dev_4.0.9-5 libtiffxx5_4.0.9-5 libtimedate-perl_2.3000-2 libtinfo5_6.1+20180210-2 libtinfo6_6.1+20180210-2 libtool_2.4.6-2.1 libtsan0_8-20180425-1 libubsan0_7.3.0-17 libudev1_238-4 libunistring2_0.9.8-1 libustr-1.0-1_1.0.4-6 libuuid1_2.31.1-0.5 libwmf-bin_0.2.8.4-12 libwmf-dev_0.2.8.4-12 libwmf0.2-7_0.2.8.4-12 libx11-6_2:1.6.5-1 libx11-data_2:1.6.5-1 libx11-dev_2:1.6.5-1 libxau-dev_1:1.0.8-1+b2 libxau6_1:1.0.8-1+b2 libxcb-render0_1.13-1 libxcb-render0-dev_1.13-1 libxcb-shm0_1.13-1 libxcb-shm0-dev_1.13-1 libxcb1_1.13-1 libxcb1-dev_1.13-1 libxdmcp-dev_1:1.1.2-3 libxdmcp6_1:1.1.2-3 libxext-dev_2:1.3.3-1+b2 libxext6_2:1.3.3-1+b2 libxml2_2.9.4+dfsg1-6.1 libxml2-dev_2.9.4+dfsg1-6.1 libxrender-dev_1:0.9.10-1 libxrender1_1:0.9.10-1 libxt-dev_1:1.1.5-1 libxt6_1:1.1.5-1 libyaml-0-2_0.1.7-2 libzstd1_1.3.4+dfsg-1 linux-libc-dev_4.15.17-1 login_1:4.5-1 lsb-base_9.20170808 m4_1.4.18-1 make_4.2.1-1 man-db_2.8.3-2 mawk_1.3.3-17+b3 mime-support_3.60 mount_2.31.1-0.5 multiarch-support_2.27-3 ncurses-base_6.1+20180210-2 ncurses-bin_6.1+20180210-2 openssl_1.1.0h-2 passwd_1:4.5-1 patch_2.7.6-2 perl_5.26.2-3 perl-base_5.26.2-3 perl-modules-5.26_5.26.2-3 pkg-config_0.29-4+b1 po-debconf_1.0.20 poppler-data_0.4.9-2 python3_3.6.5-3 python3-distutils_3.6.5-3 python3-lib2to3_3.6.5-3 python3-minimal_3.6.5-3 python3.6_3.6.5-5 python3.6-minimal_3.6.5-5 rake_12.3.1-2 readline-common_7.0-3 ruby_1:2.5.1 ruby-all-dev_1:2.5.1 ruby-did-you-mean_1.2.1-1 ruby-diff-lcs_1.3-1 ruby-docile_1.1.5-2 ruby-json_2.1.0+dfsg-2+b1 ruby-minitest_5.10.3-1 ruby-net-telnet_0.1.1-2 ruby-power-assert_0.3.0-1 ruby-rspec_3.7.0c1e0m0s1-1 ruby-rspec-core_3.7.0c1e0m0s1-1 ruby-rspec-expectations_3.7.0c1e0m0s1-1 ruby-rspec-mocks_3.7.0c1e0m0s1-1 ruby-rspec-support_3.7.0c1e0m0s1-1 ruby-setup_3.4.1-9 ruby-simplecov_0.14.1-1 ruby-simplecov-html_0.10.0-1 ruby-test-unit_3.2.7-1 ruby-thread-order_1.1.0-1 ruby2.5_2.5.1-1 ruby2.5-dev_2.5.1-1 rubygems-integration_1.11 sbuild-build-depends-core-dummy_0.invalid.0 sbuild-build-depends-ruby-rmagick-dummy_0.invalid.0 sed_4.4-2 sensible-utils_0.0.12 shared-mime-info_1.9-2 sysvinit-utils_2.88dsf-59.10 tar_1.30+dfsg-1 ucf_3.0038 util-linux_2.31.1-0.5 uuid-dev_2.31.1-0.5 x11-common_1:7.7+19 x11proto-core-dev_2018.4-4 x11proto-dev_2018.4-4 x11proto-xext-dev_2018.4-4 xorg-sgml-doctools_1:1.11-1 xtrans-dev_1.3.5-1 xz-utils_5.2.2-1.3 zlib1g_1:1.2.11.dfsg-1 zlib1g-dev_1:1.2.11.dfsg-1

+------------------------------------------------------------------------------+
| Build                                                                        |
+------------------------------------------------------------------------------+


Unpack source
-------------

gpgv: unknown type of key resource 'trustedkeys.kbx'
gpgv: keyblock resource '/sbuild-nonexistent/.gnupg/trustedkeys.kbx': General error
gpgv: Signature made Thu Mar 29 02:16:00 2018 UTC
gpgv:                using RSA key B2DEE66036C40829FCD0F10CFC0DB1BBCD460BDE
gpgv: Can't check signature: No public key
dpkg-source: warning: failed to verify signature on ./ruby-rmagick_2.16.0-4.dsc
dpkg-source: info: extracting ruby-rmagick in /<<PKGBUILDDIR>>
dpkg-source: info: unpacking ruby-rmagick_2.16.0.orig.tar.gz
dpkg-source: info: unpacking ruby-rmagick_2.16.0-4.debian.tar.xz
dpkg-source: info: applying 0001-Bypass-version-check.patch
dpkg-source: info: applying 0002-Ignore-removed-srgb.icm-file-in-tests.patch
dpkg-source: info: applying 0003-Use-deterministic-label-for-image.patch
dpkg-source: info: applying 0004-Seed-RNG-to-0-during-builds.patch
dpkg-source: info: applying 0005-gemspec-fix-error-when-loading.patch
dpkg-source: info: applying 0006-gemspec-drop-git-usage.patch
dpkg-source: info: applying 0007-Skip-failing-tests.patch
dpkg-source: info: applying 0008-Expect-FrozenError-starting-with-Ruby-2.5.patch
dpkg-source: info: applying 0009-test-Image_attributes.rb-disable-failing-test.patch

Check disk space
----------------

Sufficient free space for build

User Environment
----------------

APT_CONFIG=/var/lib/sbuild/apt.conf
HOME=/sbuild-nonexistent
LANG=en_US.UTF-8
LC_ALL=POSIX
LOGNAME=user42
PATH=/usr/local/sbin:/usr/local/bin:/usr/sbin:/usr/bin:/sbin:/bin:/usr/games
SCHROOT_ALIAS_NAME=unstable-amd64-sbuild
SCHROOT_CHROOT_NAME=unstable-amd64-sbuild
SCHROOT_COMMAND=env
SCHROOT_GID=1001
SCHROOT_GROUP=user42
SCHROOT_SESSION_ID=unstable-amd64-sbuild-f63f4f8e-5da9-4261-a766-7fe11ceaf28e
SCHROOT_UID=1001
SCHROOT_USER=user42
SHELL=/bin/sh
USER=user42

dpkg-buildpackage
-----------------

dpkg-buildpackage: info: source package ruby-rmagick
dpkg-buildpackage: info: source version 2.16.0-4
dpkg-buildpackage: info: source distribution unstable
dpkg-buildpackage: info: source changed by Antonio Terceiro <terceiro@debian.org>
 dpkg-source --before-build ruby-rmagick-2.16.0
dpkg-buildpackage: info: host architecture amd64
 fakeroot debian/rules clean
dh clean --buildsystem=ruby --with ruby
   debian/rules override_dh_auto_clean
make[1]: Entering directory '/<<PKGBUILDDIR>>'
DH_RUBY_GEMSPEC=/dev/null dh_auto_clean
	dh_ruby --clean
   dh_ruby --clean
make[1]: Leaving directory '/<<PKGBUILDDIR>>'
   dh_clean -O--buildsystem=ruby
 debian/rules build-arch
dh build-arch --buildsystem=ruby --with ruby
   dh_update_autotools_config -a -O--buildsystem=ruby
   dh_autoreconf -a -O--buildsystem=ruby
   dh_auto_configure -a -O--buildsystem=ruby
	dh_ruby --configure
   dh_auto_build -a -O--buildsystem=ruby
	dh_ruby --build
   dh_ruby --build
   dh_auto_test -a -O--buildsystem=ruby
	dh_ruby --test
   create-stamp debian/debhelper-build-stamp
 fakeroot debian/rules binary-arch
dh binary-arch --buildsystem=ruby --with ruby
   dh_testroot -a -O--buildsystem=ruby
   dh_prep -a -O--buildsystem=ruby
   dh_auto_install -a -O--buildsystem=ruby
	dh_ruby --install /<<PKGBUILDDIR>>/debian/tmp
   dh_ruby --install

┌──────────────────────────────────────────────────────────────────────────────┐
│ Install files                                                                │
└──────────────────────────────────────────────────────────────────────────────┘

install -d /<<PKGBUILDDIR>>/debian/ruby-rmagick/usr/lib/ruby/vendor_ruby
install -D -m644 /<<PKGBUILDDIR>>/lib/rmagick.rb /<<PKGBUILDDIR>>/debian/ruby-rmagick/usr/lib/ruby/vendor_ruby/rmagick.rb
install -D -m644 /<<PKGBUILDDIR>>/lib/rmagick/version.rb /<<PKGBUILDDIR>>/debian/ruby-rmagick/usr/lib/ruby/vendor_ruby/rmagick/version.rb
install -D -m644 /<<PKGBUILDDIR>>/lib/rmagick_internal.rb /<<PKGBUILDDIR>>/debian/ruby-rmagick/usr/lib/ruby/vendor_ruby/rmagick_internal.rb
install -D -m644 /<<PKGBUILDDIR>>/lib/rvg/deep_equal.rb /<<PKGBUILDDIR>>/debian/ruby-rmagick/usr/lib/ruby/vendor_ruby/rvg/deep_equal.rb
install -D -m644 /<<PKGBUILDDIR>>/lib/rvg/container.rb /<<PKGBUILDDIR>>/debian/ruby-rmagick/usr/lib/ruby/vendor_ruby/rvg/container.rb
install -D -m644 /<<PKGBUILDDIR>>/lib/rvg/stretchable.rb /<<PKGBUILDDIR>>/debian/ruby-rmagick/usr/lib/ruby/vendor_ruby/rvg/stretchable.rb
install -D -m644 /<<PKGBUILDDIR>>/lib/rvg/units.rb /<<PKGBUILDDIR>>/debian/ruby-rmagick/usr/lib/ruby/vendor_ruby/rvg/units.rb
install -D -m644 /<<PKGBUILDDIR>>/lib/rvg/stylable.rb /<<PKGBUILDDIR>>/debian/ruby-rmagick/usr/lib/ruby/vendor_ruby/rvg/stylable.rb
install -D -m644 /<<PKGBUILDDIR>>/lib/rvg/describable.rb /<<PKGBUILDDIR>>/debian/ruby-rmagick/usr/lib/ruby/vendor_ruby/rvg/describable.rb
install -D -m644 /<<PKGBUILDDIR>>/lib/rvg/embellishable.rb /<<PKGBUILDDIR>>/debian/ruby-rmagick/usr/lib/ruby/vendor_ruby/rvg/embellishable.rb
install -D -m644 /<<PKGBUILDDIR>>/lib/rvg/clippath.rb /<<PKGBUILDDIR>>/debian/ruby-rmagick/usr/lib/ruby/vendor_ruby/rvg/clippath.rb
install -D -m644 /<<PKGBUILDDIR>>/lib/rvg/paint.rb /<<PKGBUILDDIR>>/debian/ruby-rmagick/usr/lib/ruby/vendor_ruby/rvg/paint.rb
install -D -m644 /<<PKGBUILDDIR>>/lib/rvg/text.rb /<<PKGBUILDDIR>>/debian/ruby-rmagick/usr/lib/ruby/vendor_ruby/rvg/text.rb
install -D -m644 /<<PKGBUILDDIR>>/lib/rvg/pathdata.rb /<<PKGBUILDDIR>>/debian/ruby-rmagick/usr/lib/ruby/vendor_ruby/rvg/pathdata.rb
install -D -m644 /<<PKGBUILDDIR>>/lib/rvg/rvg.rb /<<PKGBUILDDIR>>/debian/ruby-rmagick/usr/lib/ruby/vendor_ruby/rvg/rvg.rb
install -D -m644 /<<PKGBUILDDIR>>/lib/rvg/transformable.rb /<<PKGBUILDDIR>>/debian/ruby-rmagick/usr/lib/ruby/vendor_ruby/rvg/transformable.rb
install -D -m644 /<<PKGBUILDDIR>>/lib/rvg/misc.rb /<<PKGBUILDDIR>>/debian/ruby-rmagick/usr/lib/ruby/vendor_ruby/rvg/misc.rb

┌──────────────────────────────────────────────────────────────────────────────┐
│ Build native extensions for ruby2.5                                          │
└──────────────────────────────────────────────────────────────────────────────┘

/usr/bin/ruby2.5 /usr/lib/ruby/vendor_ruby/gem2deb/extension_builder.rb /<<PKGBUILDDIR>> debian/ruby-rmagick
current directory: /<<PKGBUILDDIR>>/ext/RMagick
/usr/bin/ruby2.5 -r ./siteconf20180502-32603-8yqjhq.rb extconf.rb
checking for gcc... yes
checking for Magick-config... no
checking for pkg-config... yes
checking for outdated ImageMagick version (<= 6.4.9)... no
checking for presence of MagickWand API (ImageMagick version >= 6.9.0)... no
checking for Ruby version >= 1.8.5... yes
checking for stdint.h... *** extconf.rb failed ***
Could not create Makefile due to some reason, probably lack of necessary
libraries and/or headers.  Check the mkmf.log file for more details.  You may
need configuration options.

Provided configuration options:
	--with-opt-dir
	--without-opt-dir
	--with-opt-include
	--without-opt-include=${opt-dir}/include
	--with-opt-lib
	--without-opt-lib=${opt-dir}/lib
	--with-make-prog
	--without-make-prog
	--srcdir=.
	--curdir
	--ruby=/usr/bin/$(RUBY_BASE_NAME)2.5
/usr/lib/ruby/2.5.0/mkmf.rb:456:in `try_do': The compiler failed to generate an executable file. (RuntimeError)
You have to install development tools first.
	from /usr/lib/ruby/2.5.0/mkmf.rb:590:in `try_cpp'
	from /usr/lib/ruby/2.5.0/mkmf.rb:1097:in `block in have_header'
	from /usr/lib/ruby/2.5.0/mkmf.rb:947:in `block in checking_for'
	from /usr/lib/ruby/2.5.0/mkmf.rb:350:in `block (2 levels) in postpone'
	from /usr/lib/ruby/2.5.0/mkmf.rb:320:in `open'
	from /usr/lib/ruby/2.5.0/mkmf.rb:350:in `block in postpone'
	from /usr/lib/ruby/2.5.0/mkmf.rb:320:in `open'
	from /usr/lib/ruby/2.5.0/mkmf.rb:346:in `postpone'
	from /usr/lib/ruby/2.5.0/mkmf.rb:946:in `checking_for'
	from /usr/lib/ruby/2.5.0/mkmf.rb:1096:in `have_header'
	from extconf.rb:39:in `configure_headers'
	from extconf.rb:18:in `initialize'
	from extconf.rb:548:in `new'
	from extconf.rb:548:in `<main>'
~~~~~~~~~~~~~~~~~~~~~ ↓ mkmf.log ~~~~~~~~~~~~~~~~~~~~~
find_executable: checking for gcc... -------------------- yes

--------------------

find_executable: checking for Magick-config... -------------------- no

--------------------

find_executable: checking for pkg-config... -------------------- yes

--------------------

configure_compile_options: checking for outdated ImageMagick version (<= 6.4.9)... -------------------- no

Detected ImageMagick version: 6.9.9
--------------------

configure_compile_options: checking for presence of MagickWand API (ImageMagick version >= 6.9.0)... -------------------- no

Detected 6.9+ version, using MagickWand API--------------------

assert_minimum_ruby_version!: checking for Ruby version >= 1.8.5... -------------------- yes

--------------------

"gcc -o conftest -I/usr/include/x86_64-linux-gnu/ruby-2.5.0 -I/usr/include/ruby-2.5.0/ruby/backward -I/usr/include/ruby-2.5.0 -I. -Wdate-time -D_FORTIFY_SOURCE=2 -fopenmp -DMAGICKCORE_HDRI_ENABLE=0 -DMAGICKCORE_QUANTUM_DEPTH=16 -fopenmp -DMAGICKCORE_HDRI_ENABLE=0 -DMAGICKCORE_QUANTUM_DEPTH=16 -I/usr/include/x86_64-linux-gnu//ImageMagick-6 -I/usr/include/ImageMagick-6 -I/usr/include/x86_64-linux-gnu//ImageMagick-6 -I/usr/include/ImageMagick-6 -g -O2 -fdebug-prefix-map=/<<PKGBUILDDIR>>=. -fstack-protector-strong -Wformat -Werror=format-security -fopenmp -DMAGICKCORE_HDRI_ENABLE=0 -DMAGICKCORE_QUANTUM_DEPTH=16 -fopenmp -DMAGICKCORE_HDRI_ENABLE=0 -DMAGICKCORE_QUANTUM_DEPTH=16 -I/usr/include/x86_64-linux-gnu//ImageMagick-6 -I/usr/include/ImageMagick-6 -I/usr/include/x86_64-linux-gnu//ImageMagick-6 -I/usr/include/ImageMagick-6 conftest.c  -L. -L/usr/lib/x86_64-linux-gnu -Wl,-z,relro -lMagickWand-6.Q16 -lMagickCore-6.Q16    -lMagickWand-6.Q16 -lMagickCore-6.Q16  -lruby-2.5  -lpthread -lgmp -ldl -lcrypt -lm   -lc"
In file included from conftest.c:1:
In file included from /usr/include/ruby-2.5.0/ruby.h:33:
/usr/include/ruby-2.5.0/ruby/ruby.h:1771:1: warning: unknown attribute '__error__' ignored [-Wunknown-attributes]
ERRORFUNC((" argument length doesn't match"), int rb_varargs_bad_length(int,int));
^
/usr/include/x86_64-linux-gnu/ruby-2.5.0/ruby/config.h:137:43: note: expanded from macro 'ERRORFUNC'
#define ERRORFUNC(mesg,x) __attribute__ ((__error__ mesg)) x
                                          ^
In file included from conftest.c:1:
In file included from /usr/include/ruby-2.5.0/ruby.h:33:
/usr/include/ruby-2.5.0/ruby/ruby.h:2187:1: warning: unknown attribute '__error__' ignored [-Wunknown-attributes]
ERRORFUNC(("bad scan arg format"), int rb_scan_args_bad_format(const char*));
^
/usr/include/x86_64-linux-gnu/ruby-2.5.0/ruby/config.h:137:43: note: expanded from macro 'ERRORFUNC'
#define ERRORFUNC(mesg,x) __attribute__ ((__error__ mesg)) x
                                          ^
In file included from conftest.c:1:
In file included from /usr/include/ruby-2.5.0/ruby.h:33:
/usr/include/ruby-2.5.0/ruby/ruby.h:2188:1: warning: unknown attribute '__error__' ignored [-Wunknown-attributes]
ERRORFUNC(("variable argument length doesn't match"), int rb_scan_args_length_mismatch(const char*,int));
^
/usr/include/x86_64-linux-gnu/ruby-2.5.0/ruby/config.h:137:43: note: expanded from macro 'ERRORFUNC'
#define ERRORFUNC(mesg,x) __attribute__ ((__error__ mesg)) x
                                          ^
In file included from conftest.c:1:
In file included from /usr/include/ruby-2.5.0/ruby.h:33:
In file included from /usr/include/ruby-2.5.0/ruby/ruby.h:2550:
/usr/include/ruby-2.5.0/ruby/backward.h:6:1: warning: attribute '__deprecated__' is ignored, place it after "struct" to apply attribute to type declaration [-Wignored-attributes]
DEPRECATED_TYPE(("RClass is internal use only"),
^
/usr/include/x86_64-linux-gnu/ruby-2.5.0/ruby/config.h:132:49: note: expanded from macro 'DEPRECATED_TYPE'
#define DEPRECATED_TYPE(mesg,x) __attribute__ ((__deprecated__ mesg)) x
                                                ^
In file included from conftest.c:1:
In file included from /usr/include/ruby-2.5.0/ruby.h:33:
In file included from /usr/include/ruby-2.5.0/ruby/ruby.h:2550:
/usr/include/ruby-2.5.0/ruby/backward.h:16:1: warning: unknown attribute '__error__' ignored [-Wunknown-attributes]
DECLARE_DEPRECATED_FEATURE(2.2, rb_complex_set_real);
^
/usr/include/ruby-2.5.0/ruby/backward.h:13:14: note: expanded from macro 'DECLARE_DEPRECATED_FEATURE'
    NORETURN(ERRORFUNC(("deprecated since "#ver), DEPRECATED(void func(void))))
             ^
/usr/include/x86_64-linux-gnu/ruby-2.5.0/ruby/config.h:137:43: note: expanded from macro 'ERRORFUNC'
#define ERRORFUNC(mesg,x) __attribute__ ((__error__ mesg)) x
                                          ^
In file included from conftest.c:1:
In file included from /usr/include/ruby-2.5.0/ruby.h:33:
In file included from /usr/include/ruby-2.5.0/ruby/ruby.h:2550:
/usr/include/ruby-2.5.0/ruby/backward.h:17:1: warning: unknown attribute '__error__' ignored [-Wunknown-attributes]
DECLARE_DEPRECATED_FEATURE(2.2, rb_complex_set_imag);
^
/usr/include/ruby-2.5.0/ruby/backward.h:13:14: note: expanded from macro 'DECLARE_DEPRECATED_FEATURE'
    NORETURN(ERRORFUNC(("deprecated since "#ver), DEPRECATED(void func(void))))
             ^
/usr/include/x86_64-linux-gnu/ruby-2.5.0/ruby/config.h:137:43: note: expanded from macro 'ERRORFUNC'
#define ERRORFUNC(mesg,x) __attribute__ ((__error__ mesg)) x
                                          ^
In file included from conftest.c:1:
In file included from /usr/include/ruby-2.5.0/ruby.h:33:
In file included from /usr/include/ruby-2.5.0/ruby/ruby.h:2550:
/usr/include/ruby-2.5.0/ruby/backward.h:20:1: warning: unknown attribute '__error__' ignored [-Wunknown-attributes]
DECLARE_DEPRECATED_FEATURE(2.2, rb_disable_super);
^
/usr/include/ruby-2.5.0/ruby/backward.h:13:14: note: expanded from macro 'DECLARE_DEPRECATED_FEATURE'
    NORETURN(ERRORFUNC(("deprecated since "#ver), DEPRECATED(void func(void))))
             ^
/usr/include/x86_64-linux-gnu/ruby-2.5.0/ruby/config.h:137:43: note: expanded from macro 'ERRORFUNC'
#define ERRORFUNC(mesg,x) __attribute__ ((__error__ mesg)) x
                                          ^
In file included from conftest.c:1:
In file included from /usr/include/ruby-2.5.0/ruby.h:33:
In file included from /usr/include/ruby-2.5.0/ruby/ruby.h:2550:
/usr/include/ruby-2.5.0/ruby/backward.h:21:1: warning: unknown attribute '__error__' ignored [-Wunknown-attributes]
DECLARE_DEPRECATED_FEATURE(2.2, rb_enable_super);
^
/usr/include/ruby-2.5.0/ruby/backward.h:13:14: note: expanded from macro 'DECLARE_DEPRECATED_FEATURE'
    NORETURN(ERRORFUNC(("deprecated since "#ver), DEPRECATED(void func(void))))
             ^
/usr/include/x86_64-linux-gnu/ruby-2.5.0/ruby/config.h:137:43: note: expanded from macro 'ERRORFUNC'
#define ERRORFUNC(mesg,x) __attribute__ ((__error__ mesg)) x
                                          ^
In file included from conftest.c:1:
In file included from /usr/include/ruby-2.5.0/ruby.h:33:
In file included from /usr/include/ruby-2.5.0/ruby/ruby.h:2550:
/usr/include/ruby-2.5.0/ruby/backward.h:24:1: warning: unknown attribute '__error__' ignored [-Wunknown-attributes]
DECLARE_DEPRECATED_FEATURE(2.2, rb_hash_iter_lev);
^
/usr/include/ruby-2.5.0/ruby/backward.h:13:14: note: expanded from macro 'DECLARE_DEPRECATED_FEATURE'
    NORETURN(ERRORFUNC(("deprecated since "#ver), DEPRECATED(void func(void))))
             ^
/usr/include/x86_64-linux-gnu/ruby-2.5.0/ruby/config.h:137:43: note: expanded from macro 'ERRORFUNC'
#define ERRORFUNC(mesg,x) __attribute__ ((__error__ mesg)) x
                                          ^
In file included from conftest.c:1:
In file included from /usr/include/ruby-2.5.0/ruby.h:33:
In file included from /usr/include/ruby-2.5.0/ruby/ruby.h:2550:
/usr/include/ruby-2.5.0/ruby/backward.h:25:1: warning: unknown attribute '__error__' ignored [-Wunknown-attributes]
DECLARE_DEPRECATED_FEATURE(2.2, rb_hash_ifnone);
^
/usr/include/ruby-2.5.0/ruby/backward.h:13:14: note: expanded from macro 'DECLARE_DEPRECATED_FEATURE'
    NORETURN(ERRORFUNC(("deprecated since "#ver), DEPRECATED(void func(void))))
             ^
/usr/include/x86_64-linux-gnu/ruby-2.5.0/ruby/config.h:137:43: note: expanded from macro 'ERRORFUNC'
#define ERRORFUNC(mesg,x) __attribute__ ((__error__ mesg)) x
                                          ^
In file included from conftest.c:1:
In file included from /usr/include/ruby-2.5.0/ruby.h:33:
In file included from /usr/include/ruby-2.5.0/ruby/ruby.h:2550:
/usr/include/ruby-2.5.0/ruby/backward.h:28:1: warning: unknown attribute '__error__' ignored [-Wunknown-attributes]
DECLARE_DEPRECATED_FEATURE(2.2, rb_str_associate);
^
/usr/include/ruby-2.5.0/ruby/backward.h:13:14: note: expanded from macro 'DECLARE_DEPRECATED_FEATURE'
    NORETURN(ERRORFUNC(("deprecated since "#ver), DEPRECATED(void func(void))))
             ^
/usr/include/x86_64-linux-gnu/ruby-2.5.0/ruby/config.h:137:43: note: expanded from macro 'ERRORFUNC'
#define ERRORFUNC(mesg,x) __attribute__ ((__error__ mesg)) x
                                          ^
In file included from conftest.c:1:
In file included from /usr/include/ruby-2.5.0/ruby.h:33:
In file included from /usr/include/ruby-2.5.0/ruby/ruby.h:2550:
/usr/include/ruby-2.5.0/ruby/backward.h:29:1: warning: unknown attribute '__error__' ignored [-Wunknown-attributes]
DECLARE_DEPRECATED_FEATURE(2.2, rb_str_associated);
^
/usr/include/ruby-2.5.0/ruby/backward.h:13:14: note: expanded from macro 'DECLARE_DEPRECATED_FEATURE'
    NORETURN(ERRORFUNC(("deprecated since "#ver), DEPRECATED(void func(void))))
             ^
/usr/include/x86_64-linux-gnu/ruby-2.5.0/ruby/config.h:137:43: note: expanded from macro 'ERRORFUNC'
#define ERRORFUNC(mesg,x) __attribute__ ((__error__ mesg)) x
                                          ^
In file included from conftest.c:1:
In file included from /usr/include/ruby-2.5.0/ruby.h:33:
In file included from /usr/include/ruby-2.5.0/ruby/ruby.h:2550:
/usr/include/ruby-2.5.0/ruby/backward.h:35:1: warning: unknown attribute '__error__' ignored [-Wunknown-attributes]
DECLARE_DEPRECATED_FEATURE(2.2, rb_clear_cache);
^
/usr/include/ruby-2.5.0/ruby/backward.h:13:14: note: expanded from macro 'DECLARE_DEPRECATED_FEATURE'
    NORETURN(ERRORFUNC(("deprecated since "#ver), DEPRECATED(void func(void))))
             ^
/usr/include/x86_64-linux-gnu/ruby-2.5.0/ruby/config.h:137:43: note: expanded from macro 'ERRORFUNC'
#define ERRORFUNC(mesg,x) __attribute__ ((__error__ mesg)) x
                                          ^
In file included from conftest.c:1:
In file included from /usr/include/ruby-2.5.0/ruby.h:33:
In file included from /usr/include/ruby-2.5.0/ruby/ruby.h:2550:
/usr/include/ruby-2.5.0/ruby/backward.h:36:1: warning: unknown attribute '__error__' ignored [-Wunknown-attributes]
DECLARE_DEPRECATED_FEATURE(2.2, rb_frame_pop);
^
/usr/include/ruby-2.5.0/ruby/backward.h:13:14: note: expanded from macro 'DECLARE_DEPRECATED_FEATURE'
    NORETURN(ERRORFUNC(("deprecated since "#ver), DEPRECATED(void func(void))))
             ^
/usr/include/x86_64-linux-gnu/ruby-2.5.0/ruby/config.h:137:43: note: expanded from macro 'ERRORFUNC'
#define ERRORFUNC(mesg,x) __attribute__ ((__error__ mesg)) x
                                          ^
In file included from conftest.c:1:
In file included from /usr/include/ruby-2.5.0/ruby.h:33:
In file included from /usr/include/ruby-2.5.0/ruby/ruby.h:2550:
/usr/include/ruby-2.5.0/ruby/backward.h:42:1: warning: unknown attribute '__error__' ignored [-Wunknown-attributes]
DECLARE_DEPRECATED_INTERNAL_FEATURE(rb_compile_error);
^
/usr/include/ruby-2.5.0/ruby/backward.h:39:14: note: expanded from macro 'DECLARE_DEPRECATED_INTERNAL_FEATURE'
    NORETURN(ERRORFUNC(("deprecated internal function"), DEPRECATED(void func(void))))
             ^
/usr/include/x86_64-linux-gnu/ruby-2.5.0/ruby/config.h:137:43: note: expanded from macro 'ERRORFUNC'
#define ERRORFUNC(mesg,x) __attribute__ ((__error__ mesg)) x
                                          ^
In file included from conftest.c:1:
In file included from /usr/include/ruby-2.5.0/ruby.h:33:
In file included from /usr/include/ruby-2.5.0/ruby/ruby.h:2550:
/usr/include/ruby-2.5.0/ruby/backward.h:43:1: warning: unknown attribute '__error__' ignored [-Wunknown-attributes]
DECLARE_DEPRECATED_INTERNAL_FEATURE(rb_compile_error_with_enc);
^
/usr/include/ruby-2.5.0/ruby/backward.h:39:14: note: expanded from macro 'DECLARE_DEPRECATED_INTERNAL_FEATURE'
    NORETURN(ERRORFUNC(("deprecated internal function"), DEPRECATED(void func(void))))
             ^
/usr/include/x86_64-linux-gnu/ruby-2.5.0/ruby/config.h:137:43: note: expanded from macro 'ERRORFUNC'
#define ERRORFUNC(mesg,x) __attribute__ ((__error__ mesg)) x
                                          ^
In file included from conftest.c:1:
In file included from /usr/include/ruby-2.5.0/ruby.h:33:
In file included from /usr/include/ruby-2.5.0/ruby/ruby.h:2550:
/usr/include/ruby-2.5.0/ruby/backward.h:44:1: warning: unknown attribute '__error__' ignored [-Wunknown-attributes]
DECLARE_DEPRECATED_INTERNAL_FEATURE(rb_compile_error_append);
^
/usr/include/ruby-2.5.0/ruby/backward.h:39:14: note: expanded from macro 'DECLARE_DEPRECATED_INTERNAL_FEATURE'
    NORETURN(ERRORFUNC(("deprecated internal function"), DEPRECATED(void func(void))))
             ^
/usr/include/x86_64-linux-gnu/ruby-2.5.0/ruby/config.h:137:43: note: expanded from macro 'ERRORFUNC'
#define ERRORFUNC(mesg,x) __attribute__ ((__error__ mesg)) x
                                          ^
In file included from conftest.c:1:
In file included from /usr/include/ruby-2.5.0/ruby.h:33:
In file included from /usr/include/ruby-2.5.0/ruby/ruby.h:2550:
/usr/include/ruby-2.5.0/ruby/backward.h:47:1: warning: unknown attribute '__error__' ignored [-Wunknown-attributes]
DECLARE_DEPRECATED_INTERNAL_FEATURE(rb_struct_ptr);
^
/usr/include/ruby-2.5.0/ruby/backward.h:39:14: note: expanded from macro 'DECLARE_DEPRECATED_INTERNAL_FEATURE'
    NORETURN(ERRORFUNC(("deprecated internal function"), DEPRECATED(void func(void))))
             ^
/usr/include/x86_64-linux-gnu/ruby-2.5.0/ruby/config.h:137:43: note: expanded from macro 'ERRORFUNC'
#define ERRORFUNC(mesg,x) __attribute__ ((__error__ mesg)) x
                                          ^
In file included from conftest.c:1:
In file included from /usr/include/ruby-2.5.0/ruby.h:33:
In file included from /usr/include/ruby-2.5.0/ruby/ruby.h:2550:
/usr/include/ruby-2.5.0/ruby/backward.h:50:1: warning: unknown attribute '__error__' ignored [-Wunknown-attributes]
DECLARE_DEPRECATED_INTERNAL_FEATURE(rb_generic_ivar_table);
^
/usr/include/ruby-2.5.0/ruby/backward.h:39:14: note: expanded from macro 'DECLARE_DEPRECATED_INTERNAL_FEATURE'
    NORETURN(ERRORFUNC(("deprecated internal function"), DEPRECATED(void func(void))))
             ^
/usr/include/x86_64-linux-gnu/ruby-2.5.0/ruby/config.h:137:43: note: expanded from macro 'ERRORFUNC'
#define ERRORFUNC(mesg,x) __attribute__ ((__error__ mesg)) x
                                          ^
19 warnings generated.
/usr/bin/ld: cannot find -lomp
clang: error: linker command failed with exit code 1 (use -v to see invocation)
checked program was:
/* begin */
1: #include "ruby.h"
2: 
3: int main(int argc, char **argv)
4: {
5:   return 0;
6: }
/* end */

/usr/lib/ruby/2.5.0/rubygems/ext/builder.rb:92:in `run': extconf failed, exit code 1 (Gem::InstallError)
	from /usr/lib/ruby/2.5.0/rubygems/ext/ext_conf_builder.rb:46:in `block in build'
	from /usr/lib/ruby/2.5.0/tempfile.rb:295:in `open'
	from /usr/lib/ruby/2.5.0/rubygems/ext/ext_conf_builder.rb:30:in `build'
	from /usr/lib/ruby/vendor_ruby/gem2deb/extension_builder.rb:76:in `block in build_and_install'
	from /usr/lib/ruby/vendor_ruby/gem2deb/extension_builder.rb:70:in `chdir'
	from /usr/lib/ruby/vendor_ruby/gem2deb/extension_builder.rb:70:in `build_and_install'
	from /usr/lib/ruby/vendor_ruby/gem2deb/extension_builder.rb:108:in `block in build_all_extensions'
	from /usr/lib/ruby/vendor_ruby/gem2deb/extension_builder.rb:105:in `each'
	from /usr/lib/ruby/vendor_ruby/gem2deb/extension_builder.rb:105:in `build_all_extensions'
	from /usr/lib/ruby/vendor_ruby/gem2deb/extension_builder.rb:121:in `<main>'
~~~~~~~~~~~~~~~~~~~~~ ↑ mkmf.log ~~~~~~~~~~~~~~~~~~~~~
/usr/lib/ruby/vendor_ruby/gem2deb.rb:56:in `run': /usr/bin/ruby2.5 /usr/lib/ruby/vendor_ruby/gem2deb/extension_builder.rb /<<PKGBUILDDIR>> debian/ruby-rmagick (Gem2Deb::CommandFailed)
	from /usr/lib/ruby/vendor_ruby/gem2deb.rb:67:in `run_ruby'
	from /usr/lib/ruby/vendor_ruby/gem2deb/installer.rb:37:in `block in install_files_and_build_extensions'
	from /usr/lib/ruby/vendor_ruby/gem2deb/installer.rb:34:in `each'
	from /usr/lib/ruby/vendor_ruby/gem2deb/installer.rb:34:in `install_files_and_build_extensions'
	from /usr/lib/ruby/vendor_ruby/gem2deb/dh_ruby.rb:84:in `block in install'
	from /usr/lib/ruby/vendor_ruby/gem2deb/dh_ruby.rb:82:in `each'
	from /usr/lib/ruby/vendor_ruby/gem2deb/dh_ruby.rb:82:in `install'
	from /usr/bin/dh_ruby:94:in `<main>'
dh_auto_install: dh_ruby --install /<<PKGBUILDDIR>>/debian/tmp returned exit code 1
make: *** [debian/rules:6: binary-arch] Error 1
dpkg-buildpackage: error: fakeroot debian/rules binary-arch subprocess returned exit status 2
--------------------------------------------------------------------------------
Build finished at 2018-05-02T13:07:15Z

Finished
--------


+------------------------------------------------------------------------------+
| Cleanup                                                                      |
+------------------------------------------------------------------------------+

Purging /<<BUILDDIR>>
Not cleaning session: cloned chroot in use
E: Build failure (dpkg-buildpackage died)

+------------------------------------------------------------------------------+
| Summary                                                                      |
+------------------------------------------------------------------------------+

Build Architecture: amd64
Build Type: any
Build-Space: 5940
Build-Time: 2
Distribution: unstable
Fail-Stage: build
Host Architecture: amd64
Install-Time: 24
Job: ruby-rmagick_2.16.0-4
Machine Architecture: amd64
Package: ruby-rmagick
Package-Time: 40
Source-Version: 2.16.0-4
Space: 5940
Status: attempted
Version: 2.16.0-4
--------------------------------------------------------------------------------
Finished at 2018-05-02T13:07:15Z
Build needed 00:00:40, 5940k disk space
E: Build failure (dpkg-buildpackage died)
DC-Status: Failed 41.061874305s
DC-Time-Estimation: 41.061874305 versus expected 120 (r/m: 1.9224189599496166 ; m: 41.061874305)
