DC-Build-Header: simulavr 0.1.2.2-7 / 2018-05-02 13:30:30 +0000
DC-Task: type:rebuild-binarch-only source:simulavr version:0.1.2.2-7 chroot:unstable esttime:29 logfile:/tmp/simulavr_0.1.2.2-7_unstable_clang60.log modes:clang60:binarch-only
DC-Sbuild-call: su user42 -c 'sbuild -n --arch-any --apt-update -d unstable -v  --chroot-setup-commands=/tmp/clang60 simulavr_0.1.2.2-7'
sbuild (Debian sbuild) 0.73.0 (23 Dec 2016) on ip-172-31-4-197.eu-central-1.compute.internal

+==============================================================================+
| simulavr 0.1.2.2-7 (amd64)                   Wed, 02 May 2018 13:30:30 +0000 |
+==============================================================================+

Package: simulavr
Version: 0.1.2.2-7
Source Version: 0.1.2.2-7
Distribution: unstable
Machine Architecture: amd64
Host Architecture: amd64
Build Architecture: amd64
Build Type: any

I: NOTICE: Log filtering will replace 'var/run/schroot/mount/unstable-amd64-sbuild-94f33467-21fa-4542-8d5a-5ad714b8d13d' with '<<CHROOT>>'

+------------------------------------------------------------------------------+
| Chroot Setup Commands                                                        |
+------------------------------------------------------------------------------+


/tmp/clang60
------------

+ echo 'Entering customization script...'
Entering customization script...
+ CLANG_VERSION=6.0
+ echo 'Install of clang-6.0'
Install of clang-6.0
+ apt-get update
Get:1 http://127.0.0.1:9999/debian unstable InRelease [242 kB]
Get:2 http://127.0.0.1:9999/debian unstable/main Sources.diff/Index [27.9 kB]
Get:3 http://127.0.0.1:9999/debian unstable/main amd64 Packages.diff/Index [27.9 kB]
Get:4 http://127.0.0.1:9999/debian unstable/main Sources 2018-05-02-0830.09.pdiff [16.2 kB]
Get:4 http://127.0.0.1:9999/debian unstable/main Sources 2018-05-02-0830.09.pdiff [16.2 kB]
Get:5 http://127.0.0.1:9999/debian unstable/main amd64 Packages 2018-05-02-0830.09.pdiff [1781 B]
Get:5 http://127.0.0.1:9999/debian unstable/main amd64 Packages 2018-05-02-0830.09.pdiff [1781 B]
Get:6 http://127.0.0.1:9999/debian unstable/main Translation-en [6016 kB]
Fetched 6332 kB in 2s (3446 kB/s)
Reading package lists...
+ apt-get install --yes --no-install-recommends --force-yes clang-6.0
Reading package lists...
Building dependency tree...
Reading state information...
The following additional packages will be installed:
  lib32gcc1 lib32stdc++6 libbsd0 libc6-i386 libclang-common-6.0-dev
  libclang1-6.0 libedit2 libjsoncpp1 libllvm6.0 libncurses5 libobjc-7-dev
  libobjc4
Suggested packages:
  gnustep gnustep-devel clang-6.0-doc
Recommended packages:
  llvm-6.0-dev python libomp-dev libgpm2
The following NEW packages will be installed:
  clang-6.0 lib32gcc1 lib32stdc++6 libbsd0 libc6-i386 libclang-common-6.0-dev
  libclang1-6.0 libedit2 libjsoncpp1 libllvm6.0 libncurses5 libobjc-7-dev
  libobjc4
0 upgraded, 13 newly installed, 0 to remove and 0 not upgraded.
Need to get 37.7 MB of archives.
After this operation, 187 MB of additional disk space will be used.
Get:1 http://127.0.0.1:9999/debian unstable/main amd64 libjsoncpp1 amd64 1.7.4-3 [75.6 kB]
Get:2 http://127.0.0.1:9999/debian unstable/main amd64 libbsd0 amd64 0.8.7-1 [92.1 kB]
Get:3 http://127.0.0.1:9999/debian unstable/main amd64 libncurses5 amd64 6.1+20180210-2 [95.7 kB]
Get:4 http://127.0.0.1:9999/debian unstable/main amd64 libedit2 amd64 3.1-20170329-1 [85.2 kB]
Get:5 http://127.0.0.1:9999/debian unstable/main amd64 libllvm6.0 amd64 1:6.0-3 [14.5 MB]
Get:6 http://127.0.0.1:9999/debian unstable/main amd64 libobjc4 amd64 8-20180425-1 [52.4 kB]
Get:7 http://127.0.0.1:9999/debian unstable/main amd64 libobjc-7-dev amd64 7.3.0-17 [204 kB]
Get:8 http://127.0.0.1:9999/debian unstable/main amd64 libc6-i386 amd64 2.27-3 [2855 kB]
Get:9 http://127.0.0.1:9999/debian unstable/main amd64 lib32gcc1 amd64 1:8-20180425-1 [47.8 kB]
Get:10 http://127.0.0.1:9999/debian unstable/main amd64 lib32stdc++6 amd64 8-20180425-1 [406 kB]
Get:11 http://127.0.0.1:9999/debian unstable/main amd64 libclang-common-6.0-dev amd64 1:6.0-3 [3102 kB]
Get:12 http://127.0.0.1:9999/debian unstable/main amd64 libclang1-6.0 amd64 1:6.0-3 [6995 kB]
Get:13 http://127.0.0.1:9999/debian unstable/main amd64 clang-6.0 amd64 1:6.0-3 [9175 kB]
debconf: delaying package configuration, since apt-utils is not installed
Fetched 37.7 MB in 0s (97.6 MB/s)
Selecting previously unselected package libjsoncpp1:amd64.
(Reading database ... (Reading database ... 5%(Reading database ... 10%(Reading database ... 15%(Reading database ... 20%(Reading database ... 25%(Reading database ... 30%(Reading database ... 35%(Reading database ... 40%(Reading database ... 45%(Reading database ... 50%(Reading database ... 55%(Reading database ... 60%(Reading database ... 65%(Reading database ... 70%(Reading database ... 75%(Reading database ... 80%(Reading database ... 85%(Reading database ... 90%(Reading database ... 95%(Reading database ... 100%(Reading database ... 10022 files and directories currently installed.)
Preparing to unpack .../00-libjsoncpp1_1.7.4-3_amd64.deb ...
Unpacking libjsoncpp1:amd64 (1.7.4-3) ...
Selecting previously unselected package libbsd0:amd64.
Preparing to unpack .../01-libbsd0_0.8.7-1_amd64.deb ...
Unpacking libbsd0:amd64 (0.8.7-1) ...
Selecting previously unselected package libncurses5:amd64.
Preparing to unpack .../02-libncurses5_6.1+20180210-2_amd64.deb ...
Unpacking libncurses5:amd64 (6.1+20180210-2) ...
Selecting previously unselected package libedit2:amd64.
Preparing to unpack .../03-libedit2_3.1-20170329-1_amd64.deb ...
Unpacking libedit2:amd64 (3.1-20170329-1) ...
Selecting previously unselected package libllvm6.0:amd64.
Preparing to unpack .../04-libllvm6.0_1%3a6.0-3_amd64.deb ...
Unpacking libllvm6.0:amd64 (1:6.0-3) ...
Selecting previously unselected package libobjc4:amd64.
Preparing to unpack .../05-libobjc4_8-20180425-1_amd64.deb ...
Unpacking libobjc4:amd64 (8-20180425-1) ...
Selecting previously unselected package libobjc-7-dev:amd64.
Preparing to unpack .../06-libobjc-7-dev_7.3.0-17_amd64.deb ...
Unpacking libobjc-7-dev:amd64 (7.3.0-17) ...
Selecting previously unselected package libc6-i386.
Preparing to unpack .../07-libc6-i386_2.27-3_amd64.deb ...
Unpacking libc6-i386 (2.27-3) ...
Selecting previously unselected package lib32gcc1.
Preparing to unpack .../08-lib32gcc1_1%3a8-20180425-1_amd64.deb ...
Unpacking lib32gcc1 (1:8-20180425-1) ...
Selecting previously unselected package lib32stdc++6.
Preparing to unpack .../09-lib32stdc++6_8-20180425-1_amd64.deb ...
Unpacking lib32stdc++6 (8-20180425-1) ...
Selecting previously unselected package libclang-common-6.0-dev.
Preparing to unpack .../10-libclang-common-6.0-dev_1%3a6.0-3_amd64.deb ...
Unpacking libclang-common-6.0-dev (1:6.0-3) ...
Selecting previously unselected package libclang1-6.0:amd64.
Preparing to unpack .../11-libclang1-6.0_1%3a6.0-3_amd64.deb ...
Unpacking libclang1-6.0:amd64 (1:6.0-3) ...
Selecting previously unselected package clang-6.0.
Preparing to unpack .../12-clang-6.0_1%3a6.0-3_amd64.deb ...
Unpacking clang-6.0 (1:6.0-3) ...
Setting up libncurses5:amd64 (6.1+20180210-2) ...
Setting up libobjc4:amd64 (8-20180425-1) ...
Setting up libc6-i386 (2.27-3) ...
Setting up libbsd0:amd64 (0.8.7-1) ...
Setting up libobjc-7-dev:amd64 (7.3.0-17) ...
Processing triggers for libc-bin (2.27-3) ...
Setting up lib32gcc1 (1:8-20180425-1) ...
Setting up libjsoncpp1:amd64 (1.7.4-3) ...
Setting up libedit2:amd64 (3.1-20170329-1) ...
Setting up libllvm6.0:amd64 (1:6.0-3) ...
Setting up libclang1-6.0:amd64 (1:6.0-3) ...
Setting up lib32stdc++6 (8-20180425-1) ...
Setting up libclang-common-6.0-dev (1:6.0-3) ...
Setting up clang-6.0 (1:6.0-3) ...
Processing triggers for libc-bin (2.27-3) ...
W: --force-yes is deprecated, use one of the options starting with --allow instead.
+ echo 'Replace gcc, g++ & cpp by clang'
Replace gcc, g++ & cpp by clang
+ VERSIONS='4.6 4.7 4.8 4.9 5 6 7 8'
+ cd /usr/bin
+ for VERSION in $VERSIONS
+ rm -f g++-4.6 gcc-4.6 cpp-4.6 gcc
+ ln -s clang++-6.0 g++-4.6
+ ln -s clang-6.0 gcc-4.6
+ ln -s clang-6.0 cpp-4.6
+ ln -s clang-6.0 gcc
+ echo 'gcc-4.6 hold'
+ dpkg --set-selections
dpkg: warning: package not in status nor available database at line 1: gcc-4.6
dpkg: warning: found unknown packages; this might mean the available database
is outdated, and needs to be updated through a frontend method;
please see the FAQ <https://wiki.debian.org/Teams/Dpkg/FAQ>
+ echo 'g++-4.6 hold'
+ dpkg --set-selections
dpkg: warning: package not in status nor available database at line 1: g++-4.6
dpkg: warning: found unknown packages; this might mean the available database
is outdated, and needs to be updated through a frontend method;
please see the FAQ <https://wiki.debian.org/Teams/Dpkg/FAQ>
+ for VERSION in $VERSIONS
+ rm -f g++-4.7 gcc-4.7 cpp-4.7 gcc
+ ln -s clang++-6.0 g++-4.7
+ ln -s clang-6.0 gcc-4.7
+ ln -s clang-6.0 cpp-4.7
+ ln -s clang-6.0 gcc
+ echo 'gcc-4.7 hold'
+ dpkg --set-selections
dpkg: warning: package not in status nor available database at line 1: gcc-4.7
dpkg: warning: found unknown packages; this might mean the available database
is outdated, and needs to be updated through a frontend method;
please see the FAQ <https://wiki.debian.org/Teams/Dpkg/FAQ>
+ echo 'g++-4.7 hold'
+ dpkg --set-selections
dpkg: warning: package not in status nor available database at line 1: g++-4.7
dpkg: warning: found unknown packages; this might mean the available database
is outdated, and needs to be updated through a frontend method;
please see the FAQ <https://wiki.debian.org/Teams/Dpkg/FAQ>
+ for VERSION in $VERSIONS
+ rm -f g++-4.8 gcc-4.8 cpp-4.8 gcc
+ ln -s clang++-6.0 g++-4.8
+ ln -s clang-6.0 gcc-4.8
+ ln -s clang-6.0 cpp-4.8
+ ln -s clang-6.0 gcc
+ echo 'gcc-4.8 hold'
+ dpkg --set-selections
dpkg: warning: package not in status nor available database at line 1: gcc-4.8
dpkg: warning: found unknown packages; this might mean the available database
is outdated, and needs to be updated through a frontend method;
please see the FAQ <https://wiki.debian.org/Teams/Dpkg/FAQ>
+ echo 'g++-4.8 hold'
+ dpkg --set-selections
dpkg: warning: package not in status nor available database at line 1: g++-4.8
dpkg: warning: found unknown packages; this might mean the available database
is outdated, and needs to be updated through a frontend method;
please see the FAQ <https://wiki.debian.org/Teams/Dpkg/FAQ>
+ for VERSION in $VERSIONS
+ rm -f g++-4.9 gcc-4.9 cpp-4.9 gcc
+ ln -s clang++-6.0 g++-4.9
+ ln -s clang-6.0 gcc-4.9
+ ln -s clang-6.0 cpp-4.9
+ ln -s clang-6.0 gcc
+ echo 'gcc-4.9 hold'
+ dpkg --set-selections
dpkg: warning: package not in status nor available database at line 1: gcc-4.9
dpkg: warning: found unknown packages; this might mean the available database
is outdated, and needs to be updated through a frontend method;
please see the FAQ <https://wiki.debian.org/Teams/Dpkg/FAQ>
+ echo 'g++-4.9 hold'
+ dpkg --set-selections
dpkg: warning: package not in status nor available database at line 1: g++-4.9
dpkg: warning: found unknown packages; this might mean the available database
is outdated, and needs to be updated through a frontend method;
please see the FAQ <https://wiki.debian.org/Teams/Dpkg/FAQ>
+ for VERSION in $VERSIONS
+ rm -f g++-5 gcc-5 cpp-5 gcc
+ ln -s clang++-6.0 g++-5
+ ln -s clang-6.0 gcc-5
+ ln -s clang-6.0 cpp-5
+ ln -s clang-6.0 gcc
+ echo 'gcc-5 hold'
+ dpkg --set-selections
+ echo 'g++-5 hold'
+ dpkg --set-selections
+ for VERSION in $VERSIONS
+ rm -f g++-6 gcc-6 cpp-6 gcc
+ ln -s clang++-6.0 g++-6
+ ln -s clang-6.0 gcc-6
+ ln -s clang-6.0 cpp-6
+ ln -s clang-6.0 gcc
+ echo 'gcc-6 hold'
+ dpkg --set-selections
dpkg: warning: package not in status nor available database at line 1: gcc-6
dpkg: warning: found unknown packages; this might mean the available database
is outdated, and needs to be updated through a frontend method;
please see the FAQ <https://wiki.debian.org/Teams/Dpkg/FAQ>
+ echo 'g++-6 hold'
+ dpkg --set-selections
dpkg: warning: package not in status nor available database at line 1: g++-6
dpkg: warning: found unknown packages; this might mean the available database
is outdated, and needs to be updated through a frontend method;
please see the FAQ <https://wiki.debian.org/Teams/Dpkg/FAQ>
+ for VERSION in $VERSIONS
+ rm -f g++-7 gcc-7 cpp-7 gcc
+ ln -s clang++-6.0 g++-7
+ ln -s clang-6.0 gcc-7
+ ln -s clang-6.0 cpp-7
+ ln -s clang-6.0 gcc
+ echo 'gcc-7 hold'
+ dpkg --set-selections
+ echo 'g++-7 hold'
+ dpkg --set-selections
+ for VERSION in $VERSIONS
+ rm -f g++-8 gcc-8 cpp-8 gcc
+ ln -s clang++-6.0 g++-8
+ ln -s clang-6.0 gcc-8
+ ln -s clang-6.0 cpp-8
+ ln -s clang-6.0 gcc
+ echo 'gcc-8 hold'
+ dpkg --set-selections
dpkg: warning: package not in status nor available database at line 1: gcc-8
dpkg: warning: found unknown packages; this might mean the available database
is outdated, and needs to be updated through a frontend method;
please see the FAQ <https://wiki.debian.org/Teams/Dpkg/FAQ>
+ echo 'g++-8 hold'
+ dpkg --set-selections
dpkg: warning: package not in status nor available database at line 1: g++-8
dpkg: warning: found unknown packages; this might mean the available database
is outdated, and needs to be updated through a frontend method;
please see the FAQ <https://wiki.debian.org/Teams/Dpkg/FAQ>
+ cd -
/build/simulavr-q3a8h6
+ echo 'Check if gcc, g++ & cpp are actually clang'
Check if gcc, g++ & cpp are actually clang
+ gcc --version
+ grep clang
+ cpp --version
+ grep clang
+ g++ --version
+ grep clang

I: Finished running '/tmp/clang60'.

Finished processing commands.
--------------------------------------------------------------------------------

+------------------------------------------------------------------------------+
| Update chroot                                                                |
+------------------------------------------------------------------------------+

Hit:1 http://127.0.0.1:9999/debian unstable InRelease
Reading package lists...
Reading package lists...
Building dependency tree...
Reading state information...
Calculating upgrade...
0 upgraded, 0 newly installed, 0 to remove and 0 not upgraded.

+------------------------------------------------------------------------------+
| Fetch source files                                                           |
+------------------------------------------------------------------------------+


Check APT
---------

Checking available source versions...

Download source files with APT
------------------------------

Reading package lists...
Need to get 480 kB of source archives.
Get:1 http://127.0.0.1:9999/debian unstable/main simulavr 0.1.2.2-7 (dsc) [1887 B]
Get:2 http://127.0.0.1:9999/debian unstable/main simulavr 0.1.2.2-7 (tar) [457 kB]
Get:3 http://127.0.0.1:9999/debian unstable/main simulavr 0.1.2.2-7 (diff) [20.9 kB]
Fetched 480 kB in 0s (2339 kB/s)
Download complete and in download only mode
I: NOTICE: Log filtering will replace 'build/simulavr-q3a8h6/simulavr-0.1.2.2' with '<<PKGBUILDDIR>>'
I: NOTICE: Log filtering will replace 'build/simulavr-q3a8h6' with '<<BUILDDIR>>'

+------------------------------------------------------------------------------+
| Install build-essential                                                      |
+------------------------------------------------------------------------------+


Setup apt archive
-----------------

Merged Build-Depends: build-essential, fakeroot
Filtered Build-Depends: build-essential, fakeroot
dpkg-deb: building package 'sbuild-build-depends-core-dummy' in '/<<BUILDDIR>>/resolver-MmpeLd/apt_archive/sbuild-build-depends-core-dummy.deb'.
dpkg-scanpackages: warning: Packages in archive but missing from override file:
dpkg-scanpackages: warning:   sbuild-build-depends-core-dummy
dpkg-scanpackages: info: Wrote 1 entries to output Packages file.
Ign:1 copy:/<<BUILDDIR>>/resolver-MmpeLd/apt_archive ./ InRelease
Get:2 copy:/<<BUILDDIR>>/resolver-MmpeLd/apt_archive ./ Release [957 B]
Ign:3 copy:/<<BUILDDIR>>/resolver-MmpeLd/apt_archive ./ Release.gpg
Get:4 copy:/<<BUILDDIR>>/resolver-MmpeLd/apt_archive ./ Sources [349 B]
Get:5 copy:/<<BUILDDIR>>/resolver-MmpeLd/apt_archive ./ Packages [432 B]
Fetched 1738 B in 0s (0 B/s)
Reading package lists...
Reading package lists...

Install core build dependencies (apt-based resolver)
----------------------------------------------------

Installing build dependencies
Reading package lists...
Building dependency tree...
Reading state information...
The following NEW packages will be installed:
  sbuild-build-depends-core-dummy
0 upgraded, 1 newly installed, 0 to remove and 0 not upgraded.
Need to get 852 B of archives.
After this operation, 0 B of additional disk space will be used.
Get:1 copy:/<<BUILDDIR>>/resolver-MmpeLd/apt_archive ./ sbuild-build-depends-core-dummy 0.invalid.0 [852 B]
debconf: delaying package configuration, since apt-utils is not installed
Fetched 852 B in 0s (0 B/s)
Selecting previously unselected package sbuild-build-depends-core-dummy.
(Reading database ... 10771 files and directories currently installed.)
Preparing to unpack .../sbuild-build-depends-core-dummy_0.invalid.0_amd64.deb ...
Unpacking sbuild-build-depends-core-dummy (0.invalid.0) ...
Setting up sbuild-build-depends-core-dummy (0.invalid.0) ...

+------------------------------------------------------------------------------+
| Check architectures                                                          |
+------------------------------------------------------------------------------+

Arch check ok (amd64 included in any)

+------------------------------------------------------------------------------+
| Install package build dependencies                                           |
+------------------------------------------------------------------------------+


Setup apt archive
-----------------

Merged Build-Depends: debhelper (>= 5), libncurses5-dev, avr-libc, gcc-avr, binutils-avr
Filtered Build-Depends: debhelper (>= 5), libncurses5-dev, avr-libc, gcc-avr, binutils-avr
dpkg-deb: building package 'sbuild-build-depends-simulavr-dummy' in '/<<BUILDDIR>>/resolver-MmpeLd/apt_archive/sbuild-build-depends-simulavr-dummy.deb'.
dpkg-scanpackages: warning: Packages in archive but missing from override file:
dpkg-scanpackages: warning:   sbuild-build-depends-core-dummy sbuild-build-depends-simulavr-dummy
dpkg-scanpackages: info: Wrote 2 entries to output Packages file.
Ign:1 copy:/<<BUILDDIR>>/resolver-MmpeLd/apt_archive ./ InRelease
Get:2 copy:/<<BUILDDIR>>/resolver-MmpeLd/apt_archive ./ Release [963 B]
Ign:3 copy:/<<BUILDDIR>>/resolver-MmpeLd/apt_archive ./ Release.gpg
Get:4 copy:/<<BUILDDIR>>/resolver-MmpeLd/apt_archive ./ Sources [519 B]
Get:5 copy:/<<BUILDDIR>>/resolver-MmpeLd/apt_archive ./ Packages [597 B]
Fetched 2079 B in 0s (0 B/s)
Reading package lists...
Reading package lists...

Install simulavr build dependencies (apt-based resolver)
--------------------------------------------------------

Installing build dependencies
Reading package lists...
Building dependency tree...
Reading state information...
The following additional packages will be installed:
  autoconf automake autopoint autotools-dev avr-libc binutils-avr bsdmainutils
  debhelper dh-autoreconf dh-strip-nondeterminism file gcc-avr gettext
  gettext-base groff-base intltool-debian libarchive-zip-perl libcroco3
  libfile-stripnondeterminism-perl libglib2.0-0 libicu57 libmagic-mgc
  libmagic1 libncurses-dev libncurses5-dev libncurses6 libncursesw6
  libpipeline1 libsigsegv2 libtimedate-perl libtool libxml2 m4 man-db
  po-debconf
Suggested packages:
  autoconf-archive gnu-standards autoconf-doc wamerican | wordlist whois
  vacation dh-make dwz task-c-devel gcc-doc gettext-doc libasprintf-dev
  libgettextpo-dev groff libtool-doc gfortran | fortran95-compiler gcj-jdk
  m4-doc apparmor less www-browser libmail-box-perl
Recommended packages:
  curl | wget | lynx libarchive-cpio-perl libglib2.0-data shared-mime-info
  xdg-user-dirs libgpm2 libltdl-dev libmail-sendmail-perl
The following NEW packages will be installed:
  autoconf automake autopoint autotools-dev avr-libc binutils-avr bsdmainutils
  debhelper dh-autoreconf dh-strip-nondeterminism file gcc-avr gettext
  gettext-base groff-base intltool-debian libarchive-zip-perl libcroco3
  libfile-stripnondeterminism-perl libglib2.0-0 libicu57 libmagic-mgc
  libmagic1 libncurses-dev libncurses5-dev libncurses6 libncursesw6
  libpipeline1 libsigsegv2 libtimedate-perl libtool libxml2 m4 man-db
  po-debconf sbuild-build-depends-simulavr-dummy
0 upgraded, 36 newly installed, 0 to remove and 0 not upgraded.
Need to get 41.7 MB of archives.
After this operation, 197 MB of additional disk space will be used.
Get:1 copy:/<<BUILDDIR>>/resolver-MmpeLd/apt_archive ./ sbuild-build-depends-simulavr-dummy 0.invalid.0 [892 B]
Get:2 http://127.0.0.1:9999/debian unstable/main amd64 bsdmainutils amd64 11.1.2 [190 kB]
Get:3 http://127.0.0.1:9999/debian unstable/main amd64 groff-base amd64 1.22.3-10 [1176 kB]
Get:4 http://127.0.0.1:9999/debian unstable/main amd64 libpipeline1 amd64 1.5.0-1 [29.0 kB]
Get:5 http://127.0.0.1:9999/debian unstable/main amd64 man-db amd64 2.8.3-2 [1180 kB]
Get:6 http://127.0.0.1:9999/debian unstable/main amd64 libmagic-mgc amd64 1:5.33-2 [234 kB]
Get:7 http://127.0.0.1:9999/debian unstable/main amd64 libmagic1 amd64 1:5.33-2 [113 kB]
Get:8 http://127.0.0.1:9999/debian unstable/main amd64 file amd64 1:5.33-2 [65.6 kB]
Get:9 http://127.0.0.1:9999/debian unstable/main amd64 gettext-base amd64 0.19.8.1-6 [122 kB]
Get:10 http://127.0.0.1:9999/debian unstable/main amd64 libsigsegv2 amd64 2.12-2 [32.8 kB]
Get:11 http://127.0.0.1:9999/debian unstable/main amd64 m4 amd64 1.4.18-1 [202 kB]
Get:12 http://127.0.0.1:9999/debian unstable/main amd64 autoconf all 2.69-11 [341 kB]
Get:13 http://127.0.0.1:9999/debian unstable/main amd64 autotools-dev all 20180224.1 [77.0 kB]
Get:14 http://127.0.0.1:9999/debian unstable/main amd64 automake all 1:1.15.1-3.1 [736 kB]
Get:15 http://127.0.0.1:9999/debian unstable/main amd64 autopoint all 0.19.8.1-6 [434 kB]
Get:16 http://127.0.0.1:9999/debian unstable/main amd64 binutils-avr amd64 2.26.20160125+Atmel3.6.0-1 [1454 kB]
Get:17 http://127.0.0.1:9999/debian unstable/main amd64 gcc-avr amd64 1:5.4.0+Atmel3.6.0-1+b1 [15.1 MB]
Get:18 http://127.0.0.1:9999/debian unstable/main amd64 avr-libc all 1:2.0.0+Atmel3.6.0-1 [4887 kB]
Get:19 http://127.0.0.1:9999/debian unstable/main amd64 libtool all 2.4.6-2.1 [547 kB]
Get:20 http://127.0.0.1:9999/debian unstable/main amd64 dh-autoreconf all 17 [16.5 kB]
Get:21 http://127.0.0.1:9999/debian unstable/main amd64 libarchive-zip-perl all 1.60-1 [95.6 kB]
Get:22 http://127.0.0.1:9999/debian unstable/main amd64 libfile-stripnondeterminism-perl all 0.041-1 [19.9 kB]
Get:23 http://127.0.0.1:9999/debian unstable/main amd64 libtimedate-perl all 2.3000-2 [42.2 kB]
Get:24 http://127.0.0.1:9999/debian unstable/main amd64 dh-strip-nondeterminism all 0.041-1 [12.0 kB]
Get:25 http://127.0.0.1:9999/debian unstable/main amd64 libglib2.0-0 amd64 2.56.1-2 [2928 kB]
Get:26 http://127.0.0.1:9999/debian unstable/main amd64 libicu57 amd64 57.1-9 [7698 kB]
Get:27 http://127.0.0.1:9999/debian unstable/main amd64 libxml2 amd64 2.9.4+dfsg1-6.1 [725 kB]
Get:28 http://127.0.0.1:9999/debian unstable/main amd64 libcroco3 amd64 0.6.12-2 [144 kB]
Get:29 http://127.0.0.1:9999/debian unstable/main amd64 gettext amd64 0.19.8.1-6 [1302 kB]
Get:30 http://127.0.0.1:9999/debian unstable/main amd64 intltool-debian all 0.35.0+20060710.4 [26.3 kB]
Get:31 http://127.0.0.1:9999/debian unstable/main amd64 po-debconf all 1.0.20 [247 kB]
Get:32 http://127.0.0.1:9999/debian unstable/main amd64 debhelper all 11.2.1 [1013 kB]
Get:33 http://127.0.0.1:9999/debian unstable/main amd64 libncurses6 amd64 6.1+20180210-2 [101 kB]
Get:34 http://127.0.0.1:9999/debian unstable/main amd64 libncursesw6 amd64 6.1+20180210-2 [131 kB]
Get:35 http://127.0.0.1:9999/debian unstable/main amd64 libncurses-dev amd64 6.1+20180210-2 [334 kB]
Get:36 http://127.0.0.1:9999/debian unstable/main amd64 libncurses5-dev amd64 6.1+20180210-2 [924 B]
debconf: delaying package configuration, since apt-utils is not installed
Fetched 41.7 MB in 1s (52.6 MB/s)
Selecting previously unselected package bsdmainutils.
(Reading database ... 10771 files and directories currently installed.)
Preparing to unpack .../00-bsdmainutils_11.1.2_amd64.deb ...
Unpacking bsdmainutils (11.1.2) ...
Selecting previously unselected package groff-base.
Preparing to unpack .../01-groff-base_1.22.3-10_amd64.deb ...
Unpacking groff-base (1.22.3-10) ...
Selecting previously unselected package libpipeline1:amd64.
Preparing to unpack .../02-libpipeline1_1.5.0-1_amd64.deb ...
Unpacking libpipeline1:amd64 (1.5.0-1) ...
Selecting previously unselected package man-db.
Preparing to unpack .../03-man-db_2.8.3-2_amd64.deb ...
Unpacking man-db (2.8.3-2) ...
Selecting previously unselected package libmagic-mgc.
Preparing to unpack .../04-libmagic-mgc_1%3a5.33-2_amd64.deb ...
Unpacking libmagic-mgc (1:5.33-2) ...
Selecting previously unselected package libmagic1:amd64.
Preparing to unpack .../05-libmagic1_1%3a5.33-2_amd64.deb ...
Unpacking libmagic1:amd64 (1:5.33-2) ...
Selecting previously unselected package file.
Preparing to unpack .../06-file_1%3a5.33-2_amd64.deb ...
Unpacking file (1:5.33-2) ...
Selecting previously unselected package gettext-base.
Preparing to unpack .../07-gettext-base_0.19.8.1-6_amd64.deb ...
Unpacking gettext-base (0.19.8.1-6) ...
Selecting previously unselected package libsigsegv2:amd64.
Preparing to unpack .../08-libsigsegv2_2.12-2_amd64.deb ...
Unpacking libsigsegv2:amd64 (2.12-2) ...
Selecting previously unselected package m4.
Preparing to unpack .../09-m4_1.4.18-1_amd64.deb ...
Unpacking m4 (1.4.18-1) ...
Selecting previously unselected package autoconf.
Preparing to unpack .../10-autoconf_2.69-11_all.deb ...
Unpacking autoconf (2.69-11) ...
Selecting previously unselected package autotools-dev.
Preparing to unpack .../11-autotools-dev_20180224.1_all.deb ...
Unpacking autotools-dev (20180224.1) ...
Selecting previously unselected package automake.
Preparing to unpack .../12-automake_1%3a1.15.1-3.1_all.deb ...
Unpacking automake (1:1.15.1-3.1) ...
Selecting previously unselected package autopoint.
Preparing to unpack .../13-autopoint_0.19.8.1-6_all.deb ...
Unpacking autopoint (0.19.8.1-6) ...
Selecting previously unselected package binutils-avr.
Preparing to unpack .../14-binutils-avr_2.26.20160125+Atmel3.6.0-1_amd64.deb ...
Unpacking binutils-avr (2.26.20160125+Atmel3.6.0-1) ...
Selecting previously unselected package gcc-avr.
Preparing to unpack .../15-gcc-avr_1%3a5.4.0+Atmel3.6.0-1+b1_amd64.deb ...
Unpacking gcc-avr (1:5.4.0+Atmel3.6.0-1+b1) ...
Selecting previously unselected package avr-libc.
Preparing to unpack .../16-avr-libc_1%3a2.0.0+Atmel3.6.0-1_all.deb ...
Unpacking avr-libc (1:2.0.0+Atmel3.6.0-1) ...
Selecting previously unselected package libtool.
Preparing to unpack .../17-libtool_2.4.6-2.1_all.deb ...
Unpacking libtool (2.4.6-2.1) ...
Selecting previously unselected package dh-autoreconf.
Preparing to unpack .../18-dh-autoreconf_17_all.deb ...
Unpacking dh-autoreconf (17) ...
Selecting previously unselected package libarchive-zip-perl.
Preparing to unpack .../19-libarchive-zip-perl_1.60-1_all.deb ...
Unpacking libarchive-zip-perl (1.60-1) ...
Selecting previously unselected package libfile-stripnondeterminism-perl.
Preparing to unpack .../20-libfile-stripnondeterminism-perl_0.041-1_all.deb ...
Unpacking libfile-stripnondeterminism-perl (0.041-1) ...
Selecting previously unselected package libtimedate-perl.
Preparing to unpack .../21-libtimedate-perl_2.3000-2_all.deb ...
Unpacking libtimedate-perl (2.3000-2) ...
Selecting previously unselected package dh-strip-nondeterminism.
Preparing to unpack .../22-dh-strip-nondeterminism_0.041-1_all.deb ...
Unpacking dh-strip-nondeterminism (0.041-1) ...
Selecting previously unselected package libglib2.0-0:amd64.
Preparing to unpack .../23-libglib2.0-0_2.56.1-2_amd64.deb ...
Unpacking libglib2.0-0:amd64 (2.56.1-2) ...
Selecting previously unselected package libicu57:amd64.
Preparing to unpack .../24-libicu57_57.1-9_amd64.deb ...
Unpacking libicu57:amd64 (57.1-9) ...
Selecting previously unselected package libxml2:amd64.
Preparing to unpack .../25-libxml2_2.9.4+dfsg1-6.1_amd64.deb ...
Unpacking libxml2:amd64 (2.9.4+dfsg1-6.1) ...
Selecting previously unselected package libcroco3:amd64.
Preparing to unpack .../26-libcroco3_0.6.12-2_amd64.deb ...
Unpacking libcroco3:amd64 (0.6.12-2) ...
Selecting previously unselected package gettext.
Preparing to unpack .../27-gettext_0.19.8.1-6_amd64.deb ...
Unpacking gettext (0.19.8.1-6) ...
Selecting previously unselected package intltool-debian.
Preparing to unpack .../28-intltool-debian_0.35.0+20060710.4_all.deb ...
Unpacking intltool-debian (0.35.0+20060710.4) ...
Selecting previously unselected package po-debconf.
Preparing to unpack .../29-po-debconf_1.0.20_all.deb ...
Unpacking po-debconf (1.0.20) ...
Selecting previously unselected package debhelper.
Preparing to unpack .../30-debhelper_11.2.1_all.deb ...
Unpacking debhelper (11.2.1) ...
Selecting previously unselected package libncurses6:amd64.
Preparing to unpack .../31-libncurses6_6.1+20180210-2_amd64.deb ...
Unpacking libncurses6:amd64 (6.1+20180210-2) ...
Selecting previously unselected package libncursesw6:amd64.
Preparing to unpack .../32-libncursesw6_6.1+20180210-2_amd64.deb ...
Unpacking libncursesw6:amd64 (6.1+20180210-2) ...
Selecting previously unselected package libncurses-dev:amd64.
Preparing to unpack .../33-libncurses-dev_6.1+20180210-2_amd64.deb ...
Unpacking libncurses-dev:amd64 (6.1+20180210-2) ...
Selecting previously unselected package libncurses5-dev:amd64.
Preparing to unpack .../34-libncurses5-dev_6.1+20180210-2_amd64.deb ...
Unpacking libncurses5-dev:amd64 (6.1+20180210-2) ...
Selecting previously unselected package sbuild-build-depends-simulavr-dummy.
Preparing to unpack .../35-sbuild-build-depends-simulavr-dummy_0.invalid.0_amd64.deb ...
Unpacking sbuild-build-depends-simulavr-dummy (0.invalid.0) ...
Setting up libarchive-zip-perl (1.60-1) ...
Setting up libtimedate-perl (2.3000-2) ...
Setting up libsigsegv2:amd64 (2.12-2) ...
Setting up groff-base (1.22.3-10) ...
Setting up libglib2.0-0:amd64 (2.56.1-2) ...
No schema files found: doing nothing.
Setting up libncursesw6:amd64 (6.1+20180210-2) ...
Setting up gettext-base (0.19.8.1-6) ...
Setting up libpipeline1:amd64 (1.5.0-1) ...
Setting up m4 (1.4.18-1) ...
Setting up libicu57:amd64 (57.1-9) ...
Setting up libxml2:amd64 (2.9.4+dfsg1-6.1) ...
Setting up libmagic-mgc (1:5.33-2) ...
Setting up libmagic1:amd64 (1:5.33-2) ...
Setting up libcroco3:amd64 (0.6.12-2) ...
Processing triggers for libc-bin (2.27-3) ...
Setting up autotools-dev (20180224.1) ...
Setting up binutils-avr (2.26.20160125+Atmel3.6.0-1) ...
Setting up gcc-avr (1:5.4.0+Atmel3.6.0-1+b1) ...
Setting up bsdmainutils (11.1.2) ...
update-alternatives: using /usr/bin/bsd-write to provide /usr/bin/write (write) in auto mode
update-alternatives: using /usr/bin/bsd-from to provide /usr/bin/from (from) in auto mode
Setting up libncurses6:amd64 (6.1+20180210-2) ...
Setting up autopoint (0.19.8.1-6) ...
Setting up libfile-stripnondeterminism-perl (0.041-1) ...
Setting up gettext (0.19.8.1-6) ...
Setting up avr-libc (1:2.0.0+Atmel3.6.0-1) ...
Setting up autoconf (2.69-11) ...
Setting up file (1:5.33-2) ...
Setting up intltool-debian (0.35.0+20060710.4) ...
Setting up automake (1:1.15.1-3.1) ...
update-alternatives: using /usr/bin/automake-1.15 to provide /usr/bin/automake (automake) in auto mode
Setting up man-db (2.8.3-2) ...
Not building database; man-db/auto-update is not 'true'.
Setting up libncurses-dev:amd64 (6.1+20180210-2) ...
Setting up libtool (2.4.6-2.1) ...
Setting up po-debconf (1.0.20) ...
Setting up libncurses5-dev:amd64 (6.1+20180210-2) ...
Setting up dh-autoreconf (17) ...
Setting up dh-strip-nondeterminism (0.041-1) ...
Setting up debhelper (11.2.1) ...
Setting up sbuild-build-depends-simulavr-dummy (0.invalid.0) ...
Processing triggers for libc-bin (2.27-3) ...

+------------------------------------------------------------------------------+
| Build environment                                                            |
+------------------------------------------------------------------------------+

Kernel: Linux 4.9.0-5-amd64 amd64 (x86_64)
Toolchain package versions: binutils_2.30-16 dpkg-dev_1.19.0.5 g++-7_7.3.0-17 gcc-7_7.3.0-17 libc6-dev_2.27-3 libstdc++-7-dev_7.3.0-17 libstdc++6_8-20180425-1 linux-libc-dev_4.15.17-1
Package versions: adduser_3.117 apt_1.6.1 autoconf_2.69-11 automake_1:1.15.1-3.1 autopoint_0.19.8.1-6 autotools-dev_20180224.1 avr-libc_1:2.0.0+Atmel3.6.0-1 base-files_10.1 base-passwd_3.5.45 bash_4.4.18-2 binutils_2.30-16 binutils-avr_2.26.20160125+Atmel3.6.0-1 binutils-common_2.30-16 binutils-x86-64-linux-gnu_2.30-16 bsdmainutils_11.1.2 bsdutils_1:2.31.1-0.5 build-essential_12.5 bzip2_1.0.6-8.1 clang-6.0_1:6.0-3 coreutils_8.28-1 cpp_4:7.3.0-3 cpp-7_7.3.0-17 dash_0.5.8-2.10 debconf_1.5.66 debfoster_2.7-2.1+b1 debhelper_11.2.1 debian-archive-keyring_2017.7 debianutils_4.8.4 dh-autoreconf_17 dh-strip-nondeterminism_0.041-1 diffutils_1:3.6-1 dpkg_1.19.0.5 dpkg-dev_1.19.0.5 e2fslibs_1.44.1-2 e2fsprogs_1.44.1-2 eatmydata_105-6 fakeroot_1.22-2 fdisk_2.31.1-0.5 file_1:5.33-2 findutils_4.6.0+git+20171230-2 g++_4:7.3.0-3 g++-7_7.3.0-17 gcc_4:7.3.0-3 gcc-6-base_6.4.0-17 gcc-7_7.3.0-17 gcc-7-base_7.3.0-17 gcc-8-base_8-20180425-1 gcc-avr_1:5.4.0+Atmel3.6.0-1+b1 gettext_0.19.8.1-6 gettext-base_0.19.8.1-6 gpgv_2.2.5-1 grep_3.1-2 groff-base_1.22.3-10 gzip_1.6-5+b1 hostname_3.20 init-system-helpers_1.51 intltool-debian_0.35.0+20060710.4 lib32gcc1_1:8-20180425-1 lib32stdc++6_8-20180425-1 libacl1_2.2.52-3+b1 libapt-pkg5.0_1.6.1 libarchive-zip-perl_1.60-1 libasan4_7.3.0-17 libatomic1_8-20180425-1 libattr1_1:2.4.47-2+b2 libaudit-common_1:2.8.3-1 libaudit1_1:2.8.3-1 libbinutils_2.30-16 libblkid1_2.31.1-0.5 libbsd0_0.8.7-1 libbz2-1.0_1.0.6-8.1 libc-bin_2.27-3 libc-dev-bin_2.27-3 libc6_2.27-3 libc6-dev_2.27-3 libc6-i386_2.27-3 libcap-ng0_0.7.9-1 libcc1-0_8-20180425-1 libcilkrts5_7.3.0-17 libclang-common-6.0-dev_1:6.0-3 libclang1-6.0_1:6.0-3 libcom-err2_1.44.1-2 libcomerr2_1.44.1-2 libcroco3_0.6.12-2 libdb5.3_5.3.28-13.1+b1 libdebconfclient0_0.243 libdpkg-perl_1.19.0.5 libeatmydata1_105-6 libedit2_3.1-20170329-1 libext2fs2_1.44.1-2 libfakeroot_1.22-2 libfdisk1_2.31.1-0.5 libffi6_3.2.1-8 libfile-stripnondeterminism-perl_0.041-1 libgc1c2_1:7.4.2-8.2 libgcc-7-dev_7.3.0-17 libgcc1_1:8-20180425-1 libgcrypt20_1.8.2-2 libgdbm-compat4_1.14.1-6 libgdbm3_1.8.3-14 libgdbm5_1.14.1-6 libglib2.0-0_2.56.1-2 libgmp10_2:6.1.2+dfsg-3 libgnutls30_3.5.18-1 libgomp1_8-20180425-1 libgpg-error0_1.29-4 libhogweed4_3.4-1 libicu57_57.1-9 libidn2-0_2.0.4-1.1 libisl15_0.18-4 libisl19_0.19-1 libitm1_8-20180425-1 libjsoncpp1_1.7.4-3 libllvm6.0_1:6.0-3 liblsan0_8-20180425-1 liblz4-1_1.8.1.2-1 liblzma5_5.2.2-1.3 libmagic-mgc_1:5.33-2 libmagic1_1:5.33-2 libmount1_2.31.1-0.5 libmpc3_1.1.0-1 libmpfr4_3.1.6-1 libmpfr6_4.0.1-1 libmpx2_8-20180425-1 libncurses-dev_6.1+20180210-2 libncurses5_6.1+20180210-2 libncurses5-dev_6.1+20180210-2 libncurses6_6.1+20180210-2 libncursesw5_6.1+20180210-2 libncursesw6_6.1+20180210-2 libnettle6_3.4-1 libobjc-7-dev_7.3.0-17 libobjc4_8-20180425-1 libp11-kit0_0.23.10-2 libpam-modules_1.1.8-3.7 libpam-modules-bin_1.1.8-3.7 libpam-runtime_1.1.8-3.7 libpam0g_1.1.8-3.7 libpcre3_2:8.39-9 libperl5.26_5.26.2-3 libpipeline1_1.5.0-1 libquadmath0_8-20180425-1 libseccomp2_2.3.3-1 libselinux1_2.7-2+b2 libsemanage-common_2.7-2 libsemanage1_2.7-2+b2 libsepol1_2.7-1 libsigsegv2_2.12-2 libsmartcols1_2.31.1-0.5 libss2_1.44.1-2 libstdc++-7-dev_7.3.0-17 libstdc++6_8-20180425-1 libsystemd0_238-4 libtasn1-6_4.13-2 libtimedate-perl_2.3000-2 libtinfo5_6.1+20180210-2 libtinfo6_6.1+20180210-2 libtool_2.4.6-2.1 libtsan0_8-20180425-1 libubsan0_7.3.0-17 libudev1_238-4 libunistring2_0.9.8-1 libustr-1.0-1_1.0.4-6 libuuid1_2.31.1-0.5 libxml2_2.9.4+dfsg1-6.1 libzstd1_1.3.4+dfsg-1 linux-libc-dev_4.15.17-1 login_1:4.5-1 m4_1.4.18-1 make_4.2.1-1 man-db_2.8.3-2 mawk_1.3.3-17+b3 mount_2.31.1-0.5 multiarch-support_2.27-3 ncurses-base_6.1+20180210-2 ncurses-bin_6.1+20180210-2 passwd_1:4.5-1 patch_2.7.6-2 perl_5.26.2-3 perl-base_5.26.2-3 perl-modules-5.26_5.26.2-3 po-debconf_1.0.20 sbuild-build-depends-core-dummy_0.invalid.0 sbuild-build-depends-simulavr-dummy_0.invalid.0 sed_4.4-2 sensible-utils_0.0.12 sysvinit-utils_2.88dsf-59.10 tar_1.30+dfsg-1 util-linux_2.31.1-0.5 xz-utils_5.2.2-1.3 zlib1g_1:1.2.11.dfsg-1

+------------------------------------------------------------------------------+
| Build                                                                        |
+------------------------------------------------------------------------------+


Unpack source
-------------

gpgv: unknown type of key resource 'trustedkeys.kbx'
gpgv: keyblock resource '/sbuild-nonexistent/.gnupg/trustedkeys.kbx': General error
gpgv: Signature made Tue Jul 21 16:31:03 2015 UTC
gpgv:                using RSA key BB3A68018649AA06
gpgv: Can't check signature: No public key
dpkg-source: warning: failed to verify signature on ./simulavr_0.1.2.2-7.dsc
dpkg-source: info: extracting simulavr in /<<PKGBUILDDIR>>
dpkg-source: info: unpacking simulavr_0.1.2.2.orig.tar.gz
dpkg-source: info: applying simulavr_0.1.2.2-7.diff.gz
dpkg-source: info: upstream files that have been modified: 
 /<<PKGBUILDDIR>>/config.guess
 /<<PKGBUILDDIR>>/config.sub
 /<<PKGBUILDDIR>>/doc/Makefile.in
 /<<PKGBUILDDIR>>/src/avrcore.c
 /<<PKGBUILDDIR>>/src/avrcore.h
 /<<PKGBUILDDIR>>/src/disp-vcd/config_scanner.c
 /<<PKGBUILDDIR>>/src/disp-vcd/disp.c
 /<<PKGBUILDDIR>>/src/disp/disp.c
 /<<PKGBUILDDIR>>/src/eeprom.c
 /<<PKGBUILDDIR>>/src/flash.c
 /<<PKGBUILDDIR>>/src/gdbserver.c
 /<<PKGBUILDDIR>>/src/intvects.h
 /<<PKGBUILDDIR>>/src/memory.c
 /<<PKGBUILDDIR>>/test_asm/test_8515/Makefile.am

Check disk space
----------------

Sufficient free space for build

User Environment
----------------

APT_CONFIG=/var/lib/sbuild/apt.conf
HOME=/sbuild-nonexistent
LANG=en_US.UTF-8
LC_ALL=POSIX
LOGNAME=user42
PATH=/usr/local/sbin:/usr/local/bin:/usr/sbin:/usr/bin:/sbin:/bin:/usr/games
SCHROOT_ALIAS_NAME=unstable-amd64-sbuild
SCHROOT_CHROOT_NAME=unstable-amd64-sbuild
SCHROOT_COMMAND=env
SCHROOT_GID=1001
SCHROOT_GROUP=user42
SCHROOT_SESSION_ID=unstable-amd64-sbuild-94f33467-21fa-4542-8d5a-5ad714b8d13d
SCHROOT_UID=1001
SCHROOT_USER=user42
SHELL=/bin/sh
USER=user42

dpkg-buildpackage
-----------------

dpkg-buildpackage: info: source package simulavr
dpkg-buildpackage: info: source version 0.1.2.2-7
dpkg-buildpackage: info: source distribution unstable
dpkg-buildpackage: info: source changed by gregor herrmann <gregoa@debian.org>
 dpkg-source --before-build simulavr-0.1.2.2
dpkg-buildpackage: info: host architecture amd64
 fakeroot debian/rules clean
dh_testdir
dh_testroot
rm -f configure-stamp build-stamp
dh_clean
dh_clean: Compatibility levels before 9 are deprecated (level 5 in use)
[ ! -f Makefile ] || /usr/bin/make distclean
dpkg-buildpackage: warning: debian/rules must be updated to support the 'build-arch' and 'build-indep' targets (at least 'build-arch' seems to be missing)
 debian/rules build
dh_testdir
./configure --prefix=/usr --mandir=/usr/share/man --infodir=/usr/share/info \
                --host=x86_64-linux-gnu --build=x86_64-linux-gnu \
                --disable-tests
checking build system type... x86_64-pc-linux-gnu
checking host system type... x86_64-pc-linux-gnu
checking target system type... x86_64-pc-linux-gnu
checking for a BSD-compatible install... /usr/bin/install -c
checking whether build environment is sane... yes
checking for gawk... no
checking for mawk... mawk
checking whether make sets $(MAKE)... yes
checking for x86_64-linux-gnu-gcc... x86_64-linux-gnu-gcc
checking for C compiler default output file name... a.out
checking whether the C compiler works... yes
checking whether we are cross compiling... no
checking for suffix of executables... 
checking for suffix of object files... o
checking whether we are using the GNU C compiler... yes
checking whether x86_64-linux-gnu-gcc accepts -g... yes
checking for x86_64-linux-gnu-gcc option to accept ANSI C... none needed
checking for style of include used by make... GNU
checking dependency style of x86_64-linux-gnu-gcc... gcc3
checking for flex... no
checking for lex... no
checking for yywrap in -lfl... no
checking for yywrap in -ll... no
checking for bison... no
checking for byacc... no
checking whether ln -s works... yes
checking for x86_64-linux-gnu-ranlib... x86_64-linux-gnu-ranlib
checking for avr-as... avr-as
checking for avr-ld... avr-ld
checking for avr-objcopy... avr-objcopy
checking for avr-objdump... avr-objdump
checking for avr-nm... avr-nm
checking for avr-gcc... avr-gcc
checking for python >= 2.1.1... no
configure: WARNING:  
configure: WARNING: Python >= 2.1.1 not found.
configure: WARNING: Regression tests will not be run.
configure: WARNING:  
checking for GNU make... make
checking for makeinfo... no
checking for texi2dvi... no
checking for texindex... no
configure: WARNING:  
configure: WARNING: You don not seem to have texinfo installed on your system.
configure: WARNING: Documentation will not be build. If you wish to build the
configure: WARNING: documentation files, you will have to install texinfo-4.0b
configure: WARNING: or newer.
configure: WARNING:  
checking if user wants a curses display... yes
checking for initscr in -lncurses... yes
checking for resizeterm in -lncurses... yes
checking how to run the C preprocessor... x86_64-linux-gnu-gcc -E
checking for egrep... grep -E
checking for ANSI C header files... yes
checking for sys/wait.h that is POSIX.1 compatible... yes
checking for sys/types.h... yes
checking for sys/stat.h... yes
checking for stdlib.h... yes
checking for string.h... yes
checking for memory.h... yes
checking for strings.h... yes
checking for inttypes.h... yes
checking for stdint.h... yes
checking for unistd.h... yes
checking arpa/inet.h usability... yes
checking arpa/inet.h presence... yes
checking for arpa/inet.h... yes
checking fcntl.h usability... yes
checking fcntl.h presence... yes
checking for fcntl.h... yes
checking netinet/in.h usability... yes
checking netinet/in.h presence... yes
checking for netinet/in.h... yes
checking for stdlib.h... (cached) yes
checking for string.h... (cached) yes
checking for strings.h... (cached) yes
checking sys/ioctl.h usability... yes
checking sys/ioctl.h presence... yes
checking for sys/ioctl.h... yes
checking sys/socket.h usability... yes
checking sys/socket.h presence... yes
checking for sys/socket.h... yes
checking sys/time.h usability... yes
checking sys/time.h presence... yes
checking for sys/time.h... yes
checking termios.h usability... yes
checking termios.h presence... yes
checking for termios.h... yes
checking for unistd.h... (cached) yes
checking for inttypes.h... (cached) yes
checking for an ANSI C-conforming const... yes
checking for inline... inline
checking for pid_t... yes
checking for size_t... yes
checking whether time.h and sys/time.h may both be included... yes
checking for working volatile... yes
checking for socklen_t... yes
checking for unistd.h... (cached) yes
checking vfork.h usability... no
checking vfork.h presence... no
checking for vfork.h... no
checking for fork... yes
checking for vfork... yes
checking for working fork... yes
checking for working vfork... (cached) yes
checking whether x86_64-linux-gnu-gcc needs -traditional... no
checking for stdlib.h... (cached) yes
checking for GNU libc compatible malloc... yes
checking for stdlib.h... (cached) yes
checking for GNU libc compatible realloc... yes
checking sys/select.h usability... yes
checking sys/select.h presence... yes
checking for sys/select.h... yes
checking for sys/socket.h... (cached) yes
checking types of arguments for select... int,fd_set *,struct timeval *
checking return type of signal handlers... void
checking for vprintf... yes
checking for _doprnt... no
checking for atexit... yes
checking for gettimeofday... yes
checking for inet_ntoa... yes
checking for memset... yes
checking for putenv... yes
checking for select... yes
checking for socket... yes
checking for strdup... yes
checking for strerror... yes
checking for strrchr... yes
checking for strtol... yes
checking if user wants to build the documentation in pdf format... no
checking if user wants to build the documentation in ps format... no
checking for doxygen... no
checking if avr test programs will be built... no
configure: creating ./config.status
config.status: creating Makefile
config.status: creating doc/Makefile
config.status: creating doc/doxygen.config
config.status: creating regress/Makefile
config.status: creating regress/regress.py
config.status: creating regress/modules/Makefile
config.status: creating regress/test_opcodes/Makefile
config.status: creating src/Makefile
config.status: creating src/getopt/Makefile
config.status: creating src/disp-vcd/Makefile
config.status: creating src/disp/Makefile
config.status: creating test_asm/Makefile
config.status: creating test_asm/test_8515/Makefile
config.status: creating test_c/Makefile
config.status: creating simulavr.spec
config.status: creating simulavr.1
config.status: creating simulavr-disp.1
config.status: creating src/config.h
config.status: executing depfiles commands
touch configure-stamp
dh_testdir
/usr/bin/make CFLAGS="-Wall -g -std=gnu89 -O2" LDFLAGS="-Wl,-z,defs"
make[1]: Entering directory '/<<PKGBUILDDIR>>'
Making all in src
make[2]: Entering directory '/<<PKGBUILDDIR>>/src'
/usr/bin/make  all-recursive
make[3]: Entering directory '/<<PKGBUILDDIR>>/src'
Making all in getopt
make[4]: Entering directory '/<<PKGBUILDDIR>>/src/getopt'
if x86_64-linux-gnu-gcc -DHAVE_CONFIG_H -I. -I. -I../../src    -Wall -Werror -Wall -g -std=gnu89 -O2 -MT gnu_getopt.o -MD -MP -MF ".deps/gnu_getopt.Tpo" -c -o gnu_getopt.o gnu_getopt.c; \
then mv -f ".deps/gnu_getopt.Tpo" ".deps/gnu_getopt.Po"; else rm -f ".deps/gnu_getopt.Tpo"; exit 1; fi
if x86_64-linux-gnu-gcc -DHAVE_CONFIG_H -I. -I. -I../../src    -Wall -Werror -Wall -g -std=gnu89 -O2 -MT gnu_getopt1.o -MD -MP -MF ".deps/gnu_getopt1.Tpo" -c -o gnu_getopt1.o gnu_getopt1.c; \
then mv -f ".deps/gnu_getopt1.Tpo" ".deps/gnu_getopt1.Po"; else rm -f ".deps/gnu_getopt1.Tpo"; exit 1; fi
rm -f libgnugetopt.a
ar cru libgnugetopt.a gnu_getopt.o gnu_getopt1.o 
ar: `u' modifier ignored since `D' is the default (see `U')
x86_64-linux-gnu-ranlib libgnugetopt.a
make[4]: Leaving directory '/<<PKGBUILDDIR>>/src/getopt'
Making all in disp
make[4]: Entering directory '/<<PKGBUILDDIR>>/src/disp'
if x86_64-linux-gnu-gcc -DHAVE_CONFIG_H -I. -I. -I../../src    -Wall -Winline -Werror -I../../src -I../../src/getopt -Wall -g -std=gnu89 -O2 -MT disp.o -MD -MP -MF ".deps/disp.Tpo" -c -o disp.o disp.c; \
then mv -f ".deps/disp.Tpo" ".deps/disp.Po"; else rm -f ".deps/disp.Tpo"; exit 1; fi
x86_64-linux-gnu-gcc -Wall -Winline -Werror -I../../src -I../../src/getopt -Wall -g -std=gnu89 -O2  -Wl,-z,defs -o simulavr-disp  disp.o -lncurses ../getopt/libgnugetopt.a 
make[4]: Leaving directory '/<<PKGBUILDDIR>>/src/disp'
Making all in disp-vcd
make[4]: Entering directory '/<<PKGBUILDDIR>>/src/disp-vcd'
if x86_64-linux-gnu-gcc -DHAVE_CONFIG_H -I. -I. -I../../src    -Wall -Winline -Werror -I../../src -I../../src/getopt -Wall -g -std=gnu89 -O2 -MT disp.o -MD -MP -MF ".deps/disp.Tpo" -c -o disp.o disp.c; \
then mv -f ".deps/disp.Tpo" ".deps/disp.Po"; else rm -f ".deps/disp.Tpo"; exit 1; fi
if x86_64-linux-gnu-gcc -DHAVE_CONFIG_H -I. -I. -I../../src    -Wall -Winline -Werror -I../../src -I../../src/getopt -Wall -g -std=gnu89 -O2 -MT vcd.o -MD -MP -MF ".deps/vcd.Tpo" -c -o vcd.o vcd.c; \
then mv -f ".deps/vcd.Tpo" ".deps/vcd.Po"; else rm -f ".deps/vcd.Tpo"; exit 1; fi
if x86_64-linux-gnu-gcc -DHAVE_CONFIG_H -I. -I. -I../../src    -Wall -Winline -Werror -I../../src -I../../src/getopt -Wall -g -std=gnu89 -O2 -MT config_parser.o -MD -MP -MF ".deps/config_parser.Tpo" -c -o config_parser.o config_parser.c; \
then mv -f ".deps/config_parser.Tpo" ".deps/config_parser.Po"; else rm -f ".deps/config_parser.Tpo"; exit 1; fi
if x86_64-linux-gnu-gcc -DHAVE_CONFIG_H -I. -I. -I../../src    -Wall -Winline -Werror -I../../src -I../../src/getopt -Wall -g -std=gnu89 -O2 -MT config_scanner.o -MD -MP -MF ".deps/config_scanner.Tpo" -c -o config_scanner.o config_scanner.c; \
then mv -f ".deps/config_scanner.Tpo" ".deps/config_scanner.Po"; else rm -f ".deps/config_scanner.Tpo"; exit 1; fi
x86_64-linux-gnu-gcc -Wall -Winline -Werror -I../../src -I../../src/getopt -Wall -g -std=gnu89 -O2  -Wl,-z,defs -o simulavr-vcd  disp.o vcd.o config_parser.o config_scanner.o ../getopt/libgnugetopt.a 
make[4]: Leaving directory '/<<PKGBUILDDIR>>/src/disp-vcd'
make[4]: Entering directory '/<<PKGBUILDDIR>>/src'
if x86_64-linux-gnu-gcc -DHAVE_CONFIG_H -I. -I. -I.    -Wall -Winline -Werror -I../src/getopt -Wall -g -std=gnu89 -O2 -MT adc.o -MD -MP -MF ".deps/adc.Tpo" -c -o adc.o adc.c; \
then mv -f ".deps/adc.Tpo" ".deps/adc.Po"; else rm -f ".deps/adc.Tpo"; exit 1; fi
adc.c:184:31: error: equality comparison with extraneous parentheses [-Werror,-Wparentheses-equality]
            if ((adc->intr_cb == NULL))
                 ~~~~~~~~~~~~~^~~~~~~
adc.c:184:31: note: remove extraneous parentheses around the comparison to silence this warning
            if ((adc->intr_cb == NULL))
                ~             ^      ~
adc.c:184:31: note: use '=' to turn this equality comparison into an assignment
            if ((adc->intr_cb == NULL))
                              ^~
                              =
adc.c:191:32: error: equality comparison with extraneous parentheses [-Werror,-Wparentheses-equality]
            if ((adc_d->clk_cb == NULL))
                 ~~~~~~~~~~~~~~^~~~~~~
adc.c:191:32: note: remove extraneous parentheses around the comparison to silence this warning
            if ((adc_d->clk_cb == NULL))
                ~              ^      ~
adc.c:191:32: note: use '=' to turn this equality comparison into an assignment
            if ((adc_d->clk_cb == NULL))
                               ^~
                               =
2 errors generated.
make[4]: *** [Makefile:431: adc.o] Error 1
make[4]: Leaving directory '/<<PKGBUILDDIR>>/src'
make[3]: *** [Makefile:454: all-recursive] Error 1
make[3]: Leaving directory '/<<PKGBUILDDIR>>/src'
make[2]: *** [Makefile:318: all] Error 2
make[2]: Leaving directory '/<<PKGBUILDDIR>>/src'
make[1]: *** [Makefile:337: all-recursive] Error 1
make[1]: Leaving directory '/<<PKGBUILDDIR>>'
make: *** [debian/rules:29: build-stamp] Error 2
dpkg-buildpackage: error: debian/rules build subprocess returned exit status 2
--------------------------------------------------------------------------------
Build finished at 2018-05-02T13:31:02Z

Finished
--------


+------------------------------------------------------------------------------+
| Cleanup                                                                      |
+------------------------------------------------------------------------------+

Purging /<<BUILDDIR>>
Not cleaning session: cloned chroot in use
E: Build failure (dpkg-buildpackage died)

+------------------------------------------------------------------------------+
| Summary                                                                      |
+------------------------------------------------------------------------------+

Build Architecture: amd64
Build Type: any
Build-Space: 3704
Build-Time: 8
Distribution: unstable
Fail-Stage: build
Host Architecture: amd64
Install-Time: 9
Job: simulavr_0.1.2.2-7
Machine Architecture: amd64
Package: simulavr
Package-Time: 32
Source-Version: 0.1.2.2-7
Space: 3704
Status: attempted
Version: 0.1.2.2-7
--------------------------------------------------------------------------------
Finished at 2018-05-02T13:31:02Z
Build needed 00:00:32, 3704k disk space
E: Build failure (dpkg-buildpackage died)
DC-Status: Failed 32.403436359s
