DC-Build-Header: socket-wrapper 1.1.9+ds-1 / 2018-05-02 13:26:01 +0000
DC-Task: type:rebuild-binarch-only source:socket-wrapper version:1.1.9+ds-1 chroot:unstable esttime:47 logfile:/tmp/socket-wrapper_1.1.9+ds-1_unstable_clang60.log modes:clang60:binarch-only
DC-Sbuild-call: su user42 -c 'sbuild -n --arch-any --apt-update -d unstable -v  --chroot-setup-commands=/tmp/clang60 socket-wrapper_1.1.9+ds-1'
sbuild (Debian sbuild) 0.73.0 (23 Dec 2016) on ip-172-31-10-147.eu-central-1.compute.internal

+==============================================================================+
| socket-wrapper 1.1.9+ds-1 (amd64)            Wed, 02 May 2018 13:26:01 +0000 |
+==============================================================================+

Package: socket-wrapper
Version: 1.1.9+ds-1
Source Version: 1.1.9+ds-1
Distribution: unstable
Machine Architecture: amd64
Host Architecture: amd64
Build Architecture: amd64
Build Type: any

I: NOTICE: Log filtering will replace 'var/run/schroot/mount/unstable-amd64-sbuild-a2ad2be0-7263-4bde-9d28-3e0596f29b74' with '<<CHROOT>>'

+------------------------------------------------------------------------------+
| Chroot Setup Commands                                                        |
+------------------------------------------------------------------------------+


/tmp/clang60
------------

+ echo 'Entering customization script...'
Entering customization script...
+ CLANG_VERSION=6.0
+ echo 'Install of clang-6.0'
Install of clang-6.0
+ apt-get update
Get:1 http://127.0.0.1:9999/debian unstable InRelease [242 kB]
Get:2 http://127.0.0.1:9999/debian unstable/main Sources.diff/Index [27.9 kB]
Get:3 http://127.0.0.1:9999/debian unstable/main amd64 Packages.diff/Index [27.9 kB]
Get:4 http://127.0.0.1:9999/debian unstable/main Sources 2018-05-02-0830.09.pdiff [16.2 kB]
Get:4 http://127.0.0.1:9999/debian unstable/main Sources 2018-05-02-0830.09.pdiff [16.2 kB]
Get:5 http://127.0.0.1:9999/debian unstable/main amd64 Packages 2018-05-02-0830.09.pdiff [1781 B]
Get:5 http://127.0.0.1:9999/debian unstable/main amd64 Packages 2018-05-02-0830.09.pdiff [1781 B]
Get:6 http://127.0.0.1:9999/debian unstable/main Translation-en [6016 kB]
Fetched 6332 kB in 2s (3528 kB/s)
Reading package lists...
+ apt-get install --yes --no-install-recommends --force-yes clang-6.0
Reading package lists...
Building dependency tree...
Reading state information...
The following additional packages will be installed:
  lib32gcc1 lib32stdc++6 libbsd0 libc6-i386 libclang-common-6.0-dev
  libclang1-6.0 libedit2 libjsoncpp1 libllvm6.0 libncurses5 libobjc-7-dev
  libobjc4
Suggested packages:
  gnustep gnustep-devel clang-6.0-doc
Recommended packages:
  llvm-6.0-dev python libomp-dev libgpm2
The following NEW packages will be installed:
  clang-6.0 lib32gcc1 lib32stdc++6 libbsd0 libc6-i386 libclang-common-6.0-dev
  libclang1-6.0 libedit2 libjsoncpp1 libllvm6.0 libncurses5 libobjc-7-dev
  libobjc4
0 upgraded, 13 newly installed, 0 to remove and 0 not upgraded.
Need to get 37.7 MB of archives.
After this operation, 187 MB of additional disk space will be used.
Get:1 http://127.0.0.1:9999/debian unstable/main amd64 libjsoncpp1 amd64 1.7.4-3 [75.6 kB]
Get:2 http://127.0.0.1:9999/debian unstable/main amd64 libbsd0 amd64 0.8.7-1 [92.1 kB]
Get:3 http://127.0.0.1:9999/debian unstable/main amd64 libncurses5 amd64 6.1+20180210-2 [95.7 kB]
Get:4 http://127.0.0.1:9999/debian unstable/main amd64 libedit2 amd64 3.1-20170329-1 [85.2 kB]
Get:5 http://127.0.0.1:9999/debian unstable/main amd64 libllvm6.0 amd64 1:6.0-3 [14.5 MB]
Get:6 http://127.0.0.1:9999/debian unstable/main amd64 libobjc4 amd64 8-20180425-1 [52.4 kB]
Get:7 http://127.0.0.1:9999/debian unstable/main amd64 libobjc-7-dev amd64 7.3.0-17 [204 kB]
Get:8 http://127.0.0.1:9999/debian unstable/main amd64 libc6-i386 amd64 2.27-3 [2855 kB]
Get:9 http://127.0.0.1:9999/debian unstable/main amd64 lib32gcc1 amd64 1:8-20180425-1 [47.8 kB]
Get:10 http://127.0.0.1:9999/debian unstable/main amd64 lib32stdc++6 amd64 8-20180425-1 [406 kB]
Get:11 http://127.0.0.1:9999/debian unstable/main amd64 libclang-common-6.0-dev amd64 1:6.0-3 [3102 kB]
Get:12 http://127.0.0.1:9999/debian unstable/main amd64 libclang1-6.0 amd64 1:6.0-3 [6995 kB]
Get:13 http://127.0.0.1:9999/debian unstable/main amd64 clang-6.0 amd64 1:6.0-3 [9175 kB]
debconf: delaying package configuration, since apt-utils is not installed
Fetched 37.7 MB in 0s (97.0 MB/s)
Selecting previously unselected package libjsoncpp1:amd64.
(Reading database ... (Reading database ... 5%(Reading database ... 10%(Reading database ... 15%(Reading database ... 20%(Reading database ... 25%(Reading database ... 30%(Reading database ... 35%(Reading database ... 40%(Reading database ... 45%(Reading database ... 50%(Reading database ... 55%(Reading database ... 60%(Reading database ... 65%(Reading database ... 70%(Reading database ... 75%(Reading database ... 80%(Reading database ... 85%(Reading database ... 90%(Reading database ... 95%(Reading database ... 100%(Reading database ... 10022 files and directories currently installed.)
Preparing to unpack .../00-libjsoncpp1_1.7.4-3_amd64.deb ...
Unpacking libjsoncpp1:amd64 (1.7.4-3) ...
Selecting previously unselected package libbsd0:amd64.
Preparing to unpack .../01-libbsd0_0.8.7-1_amd64.deb ...
Unpacking libbsd0:amd64 (0.8.7-1) ...
Selecting previously unselected package libncurses5:amd64.
Preparing to unpack .../02-libncurses5_6.1+20180210-2_amd64.deb ...
Unpacking libncurses5:amd64 (6.1+20180210-2) ...
Selecting previously unselected package libedit2:amd64.
Preparing to unpack .../03-libedit2_3.1-20170329-1_amd64.deb ...
Unpacking libedit2:amd64 (3.1-20170329-1) ...
Selecting previously unselected package libllvm6.0:amd64.
Preparing to unpack .../04-libllvm6.0_1%3a6.0-3_amd64.deb ...
Unpacking libllvm6.0:amd64 (1:6.0-3) ...
Selecting previously unselected package libobjc4:amd64.
Preparing to unpack .../05-libobjc4_8-20180425-1_amd64.deb ...
Unpacking libobjc4:amd64 (8-20180425-1) ...
Selecting previously unselected package libobjc-7-dev:amd64.
Preparing to unpack .../06-libobjc-7-dev_7.3.0-17_amd64.deb ...
Unpacking libobjc-7-dev:amd64 (7.3.0-17) ...
Selecting previously unselected package libc6-i386.
Preparing to unpack .../07-libc6-i386_2.27-3_amd64.deb ...
Unpacking libc6-i386 (2.27-3) ...
Selecting previously unselected package lib32gcc1.
Preparing to unpack .../08-lib32gcc1_1%3a8-20180425-1_amd64.deb ...
Unpacking lib32gcc1 (1:8-20180425-1) ...
Selecting previously unselected package lib32stdc++6.
Preparing to unpack .../09-lib32stdc++6_8-20180425-1_amd64.deb ...
Unpacking lib32stdc++6 (8-20180425-1) ...
Selecting previously unselected package libclang-common-6.0-dev.
Preparing to unpack .../10-libclang-common-6.0-dev_1%3a6.0-3_amd64.deb ...
Unpacking libclang-common-6.0-dev (1:6.0-3) ...
Selecting previously unselected package libclang1-6.0:amd64.
Preparing to unpack .../11-libclang1-6.0_1%3a6.0-3_amd64.deb ...
Unpacking libclang1-6.0:amd64 (1:6.0-3) ...
Selecting previously unselected package clang-6.0.
Preparing to unpack .../12-clang-6.0_1%3a6.0-3_amd64.deb ...
Unpacking clang-6.0 (1:6.0-3) ...
Setting up libncurses5:amd64 (6.1+20180210-2) ...
Setting up libobjc4:amd64 (8-20180425-1) ...
Setting up libc6-i386 (2.27-3) ...
Setting up libbsd0:amd64 (0.8.7-1) ...
Setting up libobjc-7-dev:amd64 (7.3.0-17) ...
Processing triggers for libc-bin (2.27-3) ...
Setting up lib32gcc1 (1:8-20180425-1) ...
Setting up libjsoncpp1:amd64 (1.7.4-3) ...
Setting up libedit2:amd64 (3.1-20170329-1) ...
Setting up libllvm6.0:amd64 (1:6.0-3) ...
Setting up libclang1-6.0:amd64 (1:6.0-3) ...
Setting up lib32stdc++6 (8-20180425-1) ...
Setting up libclang-common-6.0-dev (1:6.0-3) ...
Setting up clang-6.0 (1:6.0-3) ...
Processing triggers for libc-bin (2.27-3) ...
W: --force-yes is deprecated, use one of the options starting with --allow instead.
+ echo 'Replace gcc, g++ & cpp by clang'
Replace gcc, g++ & cpp by clang
+ VERSIONS='4.6 4.7 4.8 4.9 5 6 7 8'
+ cd /usr/bin
+ for VERSION in $VERSIONS
+ rm -f g++-4.6 gcc-4.6 cpp-4.6 gcc
+ ln -s clang++-6.0 g++-4.6
+ ln -s clang-6.0 gcc-4.6
+ ln -s clang-6.0 cpp-4.6
+ ln -s clang-6.0 gcc
+ echo 'gcc-4.6 hold'
+ dpkg --set-selections
dpkg: warning: package not in status nor available database at line 1: gcc-4.6
dpkg: warning: found unknown packages; this might mean the available database
is outdated, and needs to be updated through a frontend method;
please see the FAQ <https://wiki.debian.org/Teams/Dpkg/FAQ>
+ echo 'g++-4.6 hold'
+ dpkg --set-selections
dpkg: warning: package not in status nor available database at line 1: g++-4.6
dpkg: warning: found unknown packages; this might mean the available database
is outdated, and needs to be updated through a frontend method;
please see the FAQ <https://wiki.debian.org/Teams/Dpkg/FAQ>
+ for VERSION in $VERSIONS
+ rm -f g++-4.7 gcc-4.7 cpp-4.7 gcc
+ ln -s clang++-6.0 g++-4.7
+ ln -s clang-6.0 gcc-4.7
+ ln -s clang-6.0 cpp-4.7
+ ln -s clang-6.0 gcc
+ echo 'gcc-4.7 hold'
+ dpkg --set-selections
dpkg: warning: package not in status nor available database at line 1: gcc-4.7
dpkg: warning: found unknown packages; this might mean the available database
is outdated, and needs to be updated through a frontend method;
please see the FAQ <https://wiki.debian.org/Teams/Dpkg/FAQ>
+ echo 'g++-4.7 hold'
+ dpkg --set-selections
dpkg: warning: package not in status nor available database at line 1: g++-4.7
dpkg: warning: found unknown packages; this might mean the available database
is outdated, and needs to be updated through a frontend method;
please see the FAQ <https://wiki.debian.org/Teams/Dpkg/FAQ>
+ for VERSION in $VERSIONS
+ rm -f g++-4.8 gcc-4.8 cpp-4.8 gcc
+ ln -s clang++-6.0 g++-4.8
+ ln -s clang-6.0 gcc-4.8
+ ln -s clang-6.0 cpp-4.8
+ ln -s clang-6.0 gcc
+ echo 'gcc-4.8 hold'
+ dpkg --set-selections
dpkg: warning: package not in status nor available database at line 1: gcc-4.8
dpkg: warning: found unknown packages; this might mean the available database
is outdated, and needs to be updated through a frontend method;
please see the FAQ <https://wiki.debian.org/Teams/Dpkg/FAQ>
+ echo 'g++-4.8 hold'
+ dpkg --set-selections
dpkg: warning: package not in status nor available database at line 1: g++-4.8
dpkg: warning: found unknown packages; this might mean the available database
is outdated, and needs to be updated through a frontend method;
please see the FAQ <https://wiki.debian.org/Teams/Dpkg/FAQ>
+ for VERSION in $VERSIONS
+ rm -f g++-4.9 gcc-4.9 cpp-4.9 gcc
+ ln -s clang++-6.0 g++-4.9
+ ln -s clang-6.0 gcc-4.9
+ ln -s clang-6.0 cpp-4.9
+ ln -s clang-6.0 gcc
+ echo 'gcc-4.9 hold'
+ dpkg --set-selections
dpkg: warning: package not in status nor available database at line 1: gcc-4.9
dpkg: warning: found unknown packages; this might mean the available database
is outdated, and needs to be updated through a frontend method;
please see the FAQ <https://wiki.debian.org/Teams/Dpkg/FAQ>
+ echo 'g++-4.9 hold'
+ dpkg --set-selections
dpkg: warning: package not in status nor available database at line 1: g++-4.9
dpkg: warning: found unknown packages; this might mean the available database
is outdated, and needs to be updated through a frontend method;
please see the FAQ <https://wiki.debian.org/Teams/Dpkg/FAQ>
+ for VERSION in $VERSIONS
+ rm -f g++-5 gcc-5 cpp-5 gcc
+ ln -s clang++-6.0 g++-5
+ ln -s clang-6.0 gcc-5
+ ln -s clang-6.0 cpp-5
+ ln -s clang-6.0 gcc
+ echo 'gcc-5 hold'
+ dpkg --set-selections
+ echo 'g++-5 hold'
+ dpkg --set-selections
+ for VERSION in $VERSIONS
+ rm -f g++-6 gcc-6 cpp-6 gcc
+ ln -s clang++-6.0 g++-6
+ ln -s clang-6.0 gcc-6
+ ln -s clang-6.0 cpp-6
+ ln -s clang-6.0 gcc
+ echo 'gcc-6 hold'
+ dpkg --set-selections
dpkg: warning: package not in status nor available database at line 1: gcc-6
dpkg: warning: found unknown packages; this might mean the available database
is outdated, and needs to be updated through a frontend method;
please see the FAQ <https://wiki.debian.org/Teams/Dpkg/FAQ>
+ echo 'g++-6 hold'
+ dpkg --set-selections
dpkg: warning: package not in status nor available database at line 1: g++-6
dpkg: warning: found unknown packages; this might mean the available database
is outdated, and needs to be updated through a frontend method;
please see the FAQ <https://wiki.debian.org/Teams/Dpkg/FAQ>
+ for VERSION in $VERSIONS
+ rm -f g++-7 gcc-7 cpp-7 gcc
+ ln -s clang++-6.0 g++-7
+ ln -s clang-6.0 gcc-7
+ ln -s clang-6.0 cpp-7
+ ln -s clang-6.0 gcc
+ echo 'gcc-7 hold'
+ dpkg --set-selections
+ echo 'g++-7 hold'
+ dpkg --set-selections
+ for VERSION in $VERSIONS
+ rm -f g++-8 gcc-8 cpp-8 gcc
+ ln -s clang++-6.0 g++-8
+ ln -s clang-6.0 gcc-8
+ ln -s clang-6.0 cpp-8
+ ln -s clang-6.0 gcc
+ echo 'gcc-8 hold'
+ dpkg --set-selections
dpkg: warning: package not in status nor available database at line 1: gcc-8
dpkg: warning: found unknown packages; this might mean the available database
is outdated, and needs to be updated through a frontend method;
please see the FAQ <https://wiki.debian.org/Teams/Dpkg/FAQ>
+ echo 'g++-8 hold'
+ dpkg --set-selections
dpkg: warning: package not in status nor available database at line 1: g++-8
dpkg: warning: found unknown packages; this might mean the available database
is outdated, and needs to be updated through a frontend method;
please see the FAQ <https://wiki.debian.org/Teams/Dpkg/FAQ>
+ cd -
/build/socket-wrapper-dfI02n
+ echo 'Check if gcc, g++ & cpp are actually clang'
Check if gcc, g++ & cpp are actually clang
+ gcc --version
+ grep clang
+ cpp --version
+ grep clang
+ g++ --version
+ grep clang

I: Finished running '/tmp/clang60'.

Finished processing commands.
--------------------------------------------------------------------------------

+------------------------------------------------------------------------------+
| Update chroot                                                                |
+------------------------------------------------------------------------------+

Hit:1 http://127.0.0.1:9999/debian unstable InRelease
Reading package lists...
Reading package lists...
Building dependency tree...
Reading state information...
Calculating upgrade...
0 upgraded, 0 newly installed, 0 to remove and 0 not upgraded.

+------------------------------------------------------------------------------+
| Fetch source files                                                           |
+------------------------------------------------------------------------------+


Check APT
---------

Checking available source versions...

Download source files with APT
------------------------------

Reading package lists...
Need to get 71.9 kB of source archives.
Get:1 http://127.0.0.1:9999/debian unstable/main socket-wrapper 1.1.9+ds-1 (dsc) [2009 B]
Get:2 http://127.0.0.1:9999/debian unstable/main socket-wrapper 1.1.9+ds-1 (tar) [64.5 kB]
Get:3 http://127.0.0.1:9999/debian unstable/main socket-wrapper 1.1.9+ds-1 (diff) [5458 B]
Fetched 71.9 kB in 0s (579 kB/s)
Download complete and in download only mode
I: NOTICE: Log filtering will replace 'build/socket-wrapper-dfI02n/socket-wrapper-1.1.9+ds' with '<<PKGBUILDDIR>>'
I: NOTICE: Log filtering will replace 'build/socket-wrapper-dfI02n' with '<<BUILDDIR>>'

+------------------------------------------------------------------------------+
| Install build-essential                                                      |
+------------------------------------------------------------------------------+


Setup apt archive
-----------------

Merged Build-Depends: build-essential, fakeroot
Filtered Build-Depends: build-essential, fakeroot
dpkg-deb: building package 'sbuild-build-depends-core-dummy' in '/<<BUILDDIR>>/resolver-kEHv1v/apt_archive/sbuild-build-depends-core-dummy.deb'.
dpkg-scanpackages: warning: Packages in archive but missing from override file:
dpkg-scanpackages: warning:   sbuild-build-depends-core-dummy
dpkg-scanpackages: info: Wrote 1 entries to output Packages file.
Ign:1 copy:/<<BUILDDIR>>/resolver-kEHv1v/apt_archive ./ InRelease
Get:2 copy:/<<BUILDDIR>>/resolver-kEHv1v/apt_archive ./ Release [957 B]
Ign:3 copy:/<<BUILDDIR>>/resolver-kEHv1v/apt_archive ./ Release.gpg
Get:4 copy:/<<BUILDDIR>>/resolver-kEHv1v/apt_archive ./ Sources [349 B]
Get:5 copy:/<<BUILDDIR>>/resolver-kEHv1v/apt_archive ./ Packages [432 B]
Fetched 1738 B in 0s (0 B/s)
Reading package lists...
Reading package lists...

Install core build dependencies (apt-based resolver)
----------------------------------------------------

Installing build dependencies
Reading package lists...
Building dependency tree...
Reading state information...
The following NEW packages will be installed:
  sbuild-build-depends-core-dummy
0 upgraded, 1 newly installed, 0 to remove and 0 not upgraded.
Need to get 856 B of archives.
After this operation, 0 B of additional disk space will be used.
Get:1 copy:/<<BUILDDIR>>/resolver-kEHv1v/apt_archive ./ sbuild-build-depends-core-dummy 0.invalid.0 [856 B]
debconf: delaying package configuration, since apt-utils is not installed
Fetched 856 B in 0s (0 B/s)
Selecting previously unselected package sbuild-build-depends-core-dummy.
(Reading database ... 10771 files and directories currently installed.)
Preparing to unpack .../sbuild-build-depends-core-dummy_0.invalid.0_amd64.deb ...
Unpacking sbuild-build-depends-core-dummy (0.invalid.0) ...
Setting up sbuild-build-depends-core-dummy (0.invalid.0) ...

+------------------------------------------------------------------------------+
| Check architectures                                                          |
+------------------------------------------------------------------------------+

Arch check ok (amd64 included in any)

+------------------------------------------------------------------------------+
| Install package build dependencies                                           |
+------------------------------------------------------------------------------+


Setup apt archive
-----------------

Merged Build-Depends: debhelper (>= 11), dh-buildinfo, cmake (>= 2.8.8-3~), libcmocka-dev (>= 1.0.1), asciidoc, libxml2-utils, xsltproc, docbook-xml, docbook-xsl
Filtered Build-Depends: debhelper (>= 11), dh-buildinfo, cmake (>= 2.8.8-3~), libcmocka-dev (>= 1.0.1), asciidoc, libxml2-utils, xsltproc, docbook-xml, docbook-xsl
dpkg-deb: building package 'sbuild-build-depends-socket-wrapper-dummy' in '/<<BUILDDIR>>/resolver-kEHv1v/apt_archive/sbuild-build-depends-socket-wrapper-dummy.deb'.
dpkg-scanpackages: warning: Packages in archive but missing from override file:
dpkg-scanpackages: warning:   sbuild-build-depends-core-dummy sbuild-build-depends-socket-wrapper-dummy
dpkg-scanpackages: info: Wrote 2 entries to output Packages file.
Ign:1 copy:/<<BUILDDIR>>/resolver-kEHv1v/apt_archive ./ InRelease
Get:2 copy:/<<BUILDDIR>>/resolver-kEHv1v/apt_archive ./ Release [963 B]
Ign:3 copy:/<<BUILDDIR>>/resolver-kEHv1v/apt_archive ./ Release.gpg
Get:4 copy:/<<BUILDDIR>>/resolver-kEHv1v/apt_archive ./ Sources [564 B]
Get:5 copy:/<<BUILDDIR>>/resolver-kEHv1v/apt_archive ./ Packages [645 B]
Fetched 2172 B in 0s (0 B/s)
Reading package lists...
Reading package lists...

Install socket-wrapper build dependencies (apt-based resolver)
--------------------------------------------------------------

Installing build dependencies
Reading package lists...
Building dependency tree...
Reading state information...
The following additional packages will be installed:
  asciidoc asciidoc-base asciidoc-common autoconf automake autopoint
  autotools-dev bsdmainutils cmake cmake-data debhelper dh-autoreconf
  dh-buildinfo dh-strip-nondeterminism docbook-xml docbook-xsl file gettext
  gettext-base groff-base intltool-debian libarchive-zip-perl libarchive13
  libcmocka-dev libcmocka0 libcroco3 libcurl3 libexpat1
  libfile-stripnondeterminism-perl libglib2.0-0 libgssapi-krb5-2 libicu57
  libk5crypto3 libkeyutils1 libkrb5-3 libkrb5support0 libldap-2.4-2
  libldap-common liblzo2-2 libmagic-mgc libmagic1 libncursesw6 libnghttp2-14
  libpipeline1 libprocps6 libpsl5 libpython-stdlib libpython2.7-minimal
  libpython2.7-stdlib libreadline7 librhash0 librtmp1 libsasl2-2
  libsasl2-modules-db libsigsegv2 libsqlite3-0 libssh2-1 libssl1.0.2 libssl1.1
  libtimedate-perl libtool libuv1 libxml2 libxml2-utils libxslt1.1 lsb-base m4
  man-db mime-support po-debconf procps python python-minimal python2.7
  python2.7-minimal readline-common sgml-base sgml-data xml-core xsltproc
Suggested packages:
  asciidoc-doc docbook-utils source-highlight autoconf-archive gnu-standards
  autoconf-doc wamerican | wordlist whois vacation cmake-doc ninja-build
  dh-make dwz docbook docbook-dsssl docbook-defguide dbtoepub
  docbook-xsl-doc-html | docbook-xsl-doc-pdf | docbook-xsl-doc-text
  | docbook-xsl-doc docbook-xsl-saxon fop libsaxon-java libxalan2-java
  libxslthl-java xalan gettext-doc libasprintf-dev libgettextpo-dev groff
  lrzip krb5-doc krb5-user libtool-doc gfortran | fortran95-compiler gcj-jdk
  m4-doc apparmor less www-browser libmail-box-perl python-doc python-tk
  python2.7-doc binfmt-support readline-doc sgml-base-doc perlsgml w3-recs
  opensp
Recommended packages:
  asciidoc-dblatex asciidoc-doc vim-asciidoc xmlto curl | wget | lynx
  cmocka-doc ca-certificates libarchive-cpio-perl libglib2.0-data
  shared-mime-info xdg-user-dirs krb5-locales libgpm2 publicsuffix
  libsasl2-modules libltdl-dev libmail-sendmail-perl psmisc
The following NEW packages will be installed:
  asciidoc asciidoc-base asciidoc-common autoconf automake autopoint
  autotools-dev bsdmainutils cmake cmake-data debhelper dh-autoreconf
  dh-buildinfo dh-strip-nondeterminism docbook-xml docbook-xsl file gettext
  gettext-base groff-base intltool-debian libarchive-zip-perl libarchive13
  libcmocka-dev libcmocka0 libcroco3 libcurl3 libexpat1
  libfile-stripnondeterminism-perl libglib2.0-0 libgssapi-krb5-2 libicu57
  libk5crypto3 libkeyutils1 libkrb5-3 libkrb5support0 libldap-2.4-2
  libldap-common liblzo2-2 libmagic-mgc libmagic1 libncursesw6 libnghttp2-14
  libpipeline1 libprocps6 libpsl5 libpython-stdlib libpython2.7-minimal
  libpython2.7-stdlib libreadline7 librhash0 librtmp1 libsasl2-2
  libsasl2-modules-db libsigsegv2 libsqlite3-0 libssh2-1 libssl1.0.2 libssl1.1
  libtimedate-perl libtool libuv1 libxml2 libxml2-utils libxslt1.1 lsb-base m4
  man-db mime-support po-debconf procps python python-minimal python2.7
  python2.7-minimal readline-common sbuild-build-depends-socket-wrapper-dummy
  sgml-base sgml-data xml-core xsltproc
0 upgraded, 81 newly installed, 0 to remove and 0 not upgraded.
Need to get 37.5 MB of archives.
After this operation, 145 MB of additional disk space will be used.
Get:1 copy:/<<BUILDDIR>>/resolver-kEHv1v/apt_archive ./ sbuild-build-depends-socket-wrapper-dummy 0.invalid.0 [936 B]
Get:2 http://127.0.0.1:9999/debian unstable/main amd64 bsdmainutils amd64 11.1.2 [190 kB]
Get:3 http://127.0.0.1:9999/debian unstable/main amd64 groff-base amd64 1.22.3-10 [1176 kB]
Get:4 http://127.0.0.1:9999/debian unstable/main amd64 libpipeline1 amd64 1.5.0-1 [29.0 kB]
Get:5 http://127.0.0.1:9999/debian unstable/main amd64 man-db amd64 2.8.3-2 [1180 kB]
Get:6 http://127.0.0.1:9999/debian unstable/main amd64 libpython2.7-minimal amd64 2.7.15-1 [393 kB]
Get:7 http://127.0.0.1:9999/debian unstable/main amd64 python2.7-minimal amd64 2.7.15-1 [1353 kB]
Get:8 http://127.0.0.1:9999/debian unstable/main amd64 python-minimal amd64 2.7.15~rc1-1 [41.1 kB]
Get:9 http://127.0.0.1:9999/debian unstable/main amd64 mime-support all 3.60 [36.7 kB]
Get:10 http://127.0.0.1:9999/debian unstable/main amd64 libexpat1 amd64 2.2.5-3 [96.8 kB]
Get:11 http://127.0.0.1:9999/debian unstable/main amd64 libncursesw6 amd64 6.1+20180210-2 [131 kB]
Get:12 http://127.0.0.1:9999/debian unstable/main amd64 readline-common all 7.0-3 [70.4 kB]
Get:13 http://127.0.0.1:9999/debian unstable/main amd64 libreadline7 amd64 7.0-3+b1 [151 kB]
Get:14 http://127.0.0.1:9999/debian unstable/main amd64 libsqlite3-0 amd64 3.23.1-1 [603 kB]
Get:15 http://127.0.0.1:9999/debian unstable/main amd64 libssl1.1 amd64 1.1.0h-2 [1352 kB]
Get:16 http://127.0.0.1:9999/debian unstable/main amd64 libpython2.7-stdlib amd64 2.7.15-1 [1912 kB]
Get:17 http://127.0.0.1:9999/debian unstable/main amd64 python2.7 amd64 2.7.15-1 [298 kB]
Get:18 http://127.0.0.1:9999/debian unstable/main amd64 libpython-stdlib amd64 2.7.15~rc1-1 [20.5 kB]
Get:19 http://127.0.0.1:9999/debian unstable/main amd64 python amd64 2.7.15~rc1-1 [155 kB]
Get:20 http://127.0.0.1:9999/debian unstable/main amd64 sgml-base all 1.29 [14.8 kB]
Get:21 http://127.0.0.1:9999/debian unstable/main amd64 libprocps6 amd64 2:3.3.14-1 [60.4 kB]
Get:22 http://127.0.0.1:9999/debian unstable/main amd64 lsb-base all 9.20170808 [28.1 kB]
Get:23 http://127.0.0.1:9999/debian unstable/main amd64 procps amd64 2:3.3.14-1 [257 kB]
Get:24 http://127.0.0.1:9999/debian unstable/main amd64 libmagic-mgc amd64 1:5.33-2 [234 kB]
Get:25 http://127.0.0.1:9999/debian unstable/main amd64 libmagic1 amd64 1:5.33-2 [113 kB]
Get:26 http://127.0.0.1:9999/debian unstable/main amd64 file amd64 1:5.33-2 [65.6 kB]
Get:27 http://127.0.0.1:9999/debian unstable/main amd64 gettext-base amd64 0.19.8.1-6 [122 kB]
Get:28 http://127.0.0.1:9999/debian unstable/main amd64 asciidoc-common all 8.6.10-2 [282 kB]
Get:29 http://127.0.0.1:9999/debian unstable/main amd64 libicu57 amd64 57.1-9 [7698 kB]
Get:30 http://127.0.0.1:9999/debian unstable/main amd64 libxml2 amd64 2.9.4+dfsg1-6.1 [725 kB]
Get:31 http://127.0.0.1:9999/debian unstable/main amd64 libxml2-utils amd64 2.9.4+dfsg1-6.1 [99.1 kB]
Get:32 http://127.0.0.1:9999/debian unstable/main amd64 asciidoc-base all 8.6.10-2 [135 kB]
Get:33 http://127.0.0.1:9999/debian unstable/main amd64 asciidoc all 8.6.10-2 [57.6 kB]
Get:34 http://127.0.0.1:9999/debian unstable/main amd64 libsigsegv2 amd64 2.12-2 [32.8 kB]
Get:35 http://127.0.0.1:9999/debian unstable/main amd64 m4 amd64 1.4.18-1 [202 kB]
Get:36 http://127.0.0.1:9999/debian unstable/main amd64 autoconf all 2.69-11 [341 kB]
Get:37 http://127.0.0.1:9999/debian unstable/main amd64 autotools-dev all 20180224.1 [77.0 kB]
Get:38 http://127.0.0.1:9999/debian unstable/main amd64 automake all 1:1.15.1-3.1 [736 kB]
Get:39 http://127.0.0.1:9999/debian unstable/main amd64 autopoint all 0.19.8.1-6 [434 kB]
Get:40 http://127.0.0.1:9999/debian unstable/main amd64 cmake-data all 3.11.1-1 [1386 kB]
Get:41 http://127.0.0.1:9999/debian unstable/main amd64 liblzo2-2 amd64 2.08-1.2+b2 [55.0 kB]
Get:42 http://127.0.0.1:9999/debian unstable/main amd64 libarchive13 amd64 3.2.2-3.1 [296 kB]
Get:43 http://127.0.0.1:9999/debian unstable/main amd64 libkeyutils1 amd64 1.5.9-9.2 [12.9 kB]
Get:44 http://127.0.0.1:9999/debian unstable/main amd64 libkrb5support0 amd64 1.16-2 [62.8 kB]
Get:45 http://127.0.0.1:9999/debian unstable/main amd64 libk5crypto3 amd64 1.16-2 [121 kB]
Get:46 http://127.0.0.1:9999/debian unstable/main amd64 libkrb5-3 amd64 1.16-2 [316 kB]
Get:47 http://127.0.0.1:9999/debian unstable/main amd64 libgssapi-krb5-2 amd64 1.16-2 [158 kB]
Get:48 http://127.0.0.1:9999/debian unstable/main amd64 libsasl2-modules-db amd64 2.1.27~101-g0780600+dfsg-3.1 [68.6 kB]
Get:49 http://127.0.0.1:9999/debian unstable/main amd64 libsasl2-2 amd64 2.1.27~101-g0780600+dfsg-3.1 [105 kB]
Get:50 http://127.0.0.1:9999/debian unstable/main amd64 libldap-common all 2.4.45+dfsg-1 [87.0 kB]
Get:51 http://127.0.0.1:9999/debian unstable/main amd64 libldap-2.4-2 amd64 2.4.45+dfsg-1 [223 kB]
Get:52 http://127.0.0.1:9999/debian unstable/main amd64 libnghttp2-14 amd64 1.31.1-1 [80.7 kB]
Get:53 http://127.0.0.1:9999/debian unstable/main amd64 libpsl5 amd64 0.20.1-1 [52.6 kB]
Get:54 http://127.0.0.1:9999/debian unstable/main amd64 librtmp1 amd64 2.4+20151223.gitfa8646d.1-1+b1 [60.4 kB]
Get:55 http://127.0.0.1:9999/debian unstable/main amd64 libssh2-1 amd64 1.8.0-1 [138 kB]
Get:56 http://127.0.0.1:9999/debian unstable/main amd64 libssl1.0.2 amd64 1.0.2o-1 [1296 kB]
Get:57 http://127.0.0.1:9999/debian unstable/main amd64 libcurl3 amd64 7.58.0-2 [312 kB]
Get:58 http://127.0.0.1:9999/debian unstable/main amd64 librhash0 amd64 1.3.6-2 [87.1 kB]
Get:59 http://127.0.0.1:9999/debian unstable/main amd64 libuv1 amd64 1.18.0-3 [98.5 kB]
Get:60 http://127.0.0.1:9999/debian unstable/main amd64 cmake amd64 3.11.1-1 [3190 kB]
Get:61 http://127.0.0.1:9999/debian unstable/main amd64 libtool all 2.4.6-2.1 [547 kB]
Get:62 http://127.0.0.1:9999/debian unstable/main amd64 dh-autoreconf all 17 [16.5 kB]
Get:63 http://127.0.0.1:9999/debian unstable/main amd64 libarchive-zip-perl all 1.60-1 [95.6 kB]
Get:64 http://127.0.0.1:9999/debian unstable/main amd64 libfile-stripnondeterminism-perl all 0.041-1 [19.9 kB]
Get:65 http://127.0.0.1:9999/debian unstable/main amd64 libtimedate-perl all 2.3000-2 [42.2 kB]
Get:66 http://127.0.0.1:9999/debian unstable/main amd64 dh-strip-nondeterminism all 0.041-1 [12.0 kB]
Get:67 http://127.0.0.1:9999/debian unstable/main amd64 libglib2.0-0 amd64 2.56.1-2 [2928 kB]
Get:68 http://127.0.0.1:9999/debian unstable/main amd64 libcroco3 amd64 0.6.12-2 [144 kB]
Get:69 http://127.0.0.1:9999/debian unstable/main amd64 gettext amd64 0.19.8.1-6 [1302 kB]
Get:70 http://127.0.0.1:9999/debian unstable/main amd64 intltool-debian all 0.35.0+20060710.4 [26.3 kB]
Get:71 http://127.0.0.1:9999/debian unstable/main amd64 po-debconf all 1.0.20 [247 kB]
Get:72 http://127.0.0.1:9999/debian unstable/main amd64 debhelper all 11.2.1 [1013 kB]
Get:73 http://127.0.0.1:9999/debian unstable/main amd64 dh-buildinfo all 0.11+nmu2 [18.4 kB]
Get:74 http://127.0.0.1:9999/debian unstable/main amd64 xml-core all 0.18 [23.4 kB]
Get:75 http://127.0.0.1:9999/debian unstable/main amd64 sgml-data all 2.0.10 [181 kB]
Get:76 http://127.0.0.1:9999/debian unstable/main amd64 docbook-xml all 4.5-8 [84.7 kB]
Get:77 http://127.0.0.1:9999/debian unstable/main amd64 docbook-xsl all 1.79.1+dfsg-2 [1249 kB]
Get:78 http://127.0.0.1:9999/debian unstable/main amd64 libcmocka0 amd64 1.1.1-1 [20.5 kB]
Get:79 http://127.0.0.1:9999/debian unstable/main amd64 libcmocka-dev amd64 1.1.1-1 [32.1 kB]
Get:80 http://127.0.0.1:9999/debian unstable/main amd64 libxslt1.1 amd64 1.1.29-5 [236 kB]
Get:81 http://127.0.0.1:9999/debian unstable/main amd64 xsltproc amd64 1.1.29-5 [121 kB]
debconf: delaying package configuration, since apt-utils is not installed
Fetched 37.5 MB in 1s (74.8 MB/s)
Selecting previously unselected package bsdmainutils.
(Reading database ... 10771 files and directories currently installed.)
Preparing to unpack .../00-bsdmainutils_11.1.2_amd64.deb ...
Unpacking bsdmainutils (11.1.2) ...
Selecting previously unselected package groff-base.
Preparing to unpack .../01-groff-base_1.22.3-10_amd64.deb ...
Unpacking groff-base (1.22.3-10) ...
Selecting previously unselected package libpipeline1:amd64.
Preparing to unpack .../02-libpipeline1_1.5.0-1_amd64.deb ...
Unpacking libpipeline1:amd64 (1.5.0-1) ...
Selecting previously unselected package man-db.
Preparing to unpack .../03-man-db_2.8.3-2_amd64.deb ...
Unpacking man-db (2.8.3-2) ...
Selecting previously unselected package libpython2.7-minimal:amd64.
Preparing to unpack .../04-libpython2.7-minimal_2.7.15-1_amd64.deb ...
Unpacking libpython2.7-minimal:amd64 (2.7.15-1) ...
Selecting previously unselected package python2.7-minimal.
Preparing to unpack .../05-python2.7-minimal_2.7.15-1_amd64.deb ...
Unpacking python2.7-minimal (2.7.15-1) ...
Selecting previously unselected package python-minimal.
Preparing to unpack .../06-python-minimal_2.7.15~rc1-1_amd64.deb ...
Unpacking python-minimal (2.7.15~rc1-1) ...
Selecting previously unselected package mime-support.
Preparing to unpack .../07-mime-support_3.60_all.deb ...
Unpacking mime-support (3.60) ...
Selecting previously unselected package libexpat1:amd64.
Preparing to unpack .../08-libexpat1_2.2.5-3_amd64.deb ...
Unpacking libexpat1:amd64 (2.2.5-3) ...
Selecting previously unselected package libncursesw6:amd64.
Preparing to unpack .../09-libncursesw6_6.1+20180210-2_amd64.deb ...
Unpacking libncursesw6:amd64 (6.1+20180210-2) ...
Selecting previously unselected package readline-common.
Preparing to unpack .../10-readline-common_7.0-3_all.deb ...
Unpacking readline-common (7.0-3) ...
Selecting previously unselected package libreadline7:amd64.
Preparing to unpack .../11-libreadline7_7.0-3+b1_amd64.deb ...
Unpacking libreadline7:amd64 (7.0-3+b1) ...
Selecting previously unselected package libsqlite3-0:amd64.
Preparing to unpack .../12-libsqlite3-0_3.23.1-1_amd64.deb ...
Unpacking libsqlite3-0:amd64 (3.23.1-1) ...
Selecting previously unselected package libssl1.1:amd64.
Preparing to unpack .../13-libssl1.1_1.1.0h-2_amd64.deb ...
Unpacking libssl1.1:amd64 (1.1.0h-2) ...
Selecting previously unselected package libpython2.7-stdlib:amd64.
Preparing to unpack .../14-libpython2.7-stdlib_2.7.15-1_amd64.deb ...
Unpacking libpython2.7-stdlib:amd64 (2.7.15-1) ...
Selecting previously unselected package python2.7.
Preparing to unpack .../15-python2.7_2.7.15-1_amd64.deb ...
Unpacking python2.7 (2.7.15-1) ...
Selecting previously unselected package libpython-stdlib:amd64.
Preparing to unpack .../16-libpython-stdlib_2.7.15~rc1-1_amd64.deb ...
Unpacking libpython-stdlib:amd64 (2.7.15~rc1-1) ...
Setting up libpython2.7-minimal:amd64 (2.7.15-1) ...
Setting up python2.7-minimal (2.7.15-1) ...
Setting up python-minimal (2.7.15~rc1-1) ...
Selecting previously unselected package python.
(Reading database ... 12213 files and directories currently installed.)
Preparing to unpack .../00-python_2.7.15~rc1-1_amd64.deb ...
Unpacking python (2.7.15~rc1-1) ...
Selecting previously unselected package sgml-base.
Preparing to unpack .../01-sgml-base_1.29_all.deb ...
Unpacking sgml-base (1.29) ...
Selecting previously unselected package libprocps6:amd64.
Preparing to unpack .../02-libprocps6_2%3a3.3.14-1_amd64.deb ...
Unpacking libprocps6:amd64 (2:3.3.14-1) ...
Selecting previously unselected package lsb-base.
Preparing to unpack .../03-lsb-base_9.20170808_all.deb ...
Unpacking lsb-base (9.20170808) ...
Selecting previously unselected package procps.
Preparing to unpack .../04-procps_2%3a3.3.14-1_amd64.deb ...
Unpacking procps (2:3.3.14-1) ...
Selecting previously unselected package libmagic-mgc.
Preparing to unpack .../05-libmagic-mgc_1%3a5.33-2_amd64.deb ...
Unpacking libmagic-mgc (1:5.33-2) ...
Selecting previously unselected package libmagic1:amd64.
Preparing to unpack .../06-libmagic1_1%3a5.33-2_amd64.deb ...
Unpacking libmagic1:amd64 (1:5.33-2) ...
Selecting previously unselected package file.
Preparing to unpack .../07-file_1%3a5.33-2_amd64.deb ...
Unpacking file (1:5.33-2) ...
Selecting previously unselected package gettext-base.
Preparing to unpack .../08-gettext-base_0.19.8.1-6_amd64.deb ...
Unpacking gettext-base (0.19.8.1-6) ...
Selecting previously unselected package asciidoc-common.
Preparing to unpack .../09-asciidoc-common_8.6.10-2_all.deb ...
Unpacking asciidoc-common (8.6.10-2) ...
Selecting previously unselected package libicu57:amd64.
Preparing to unpack .../10-libicu57_57.1-9_amd64.deb ...
Unpacking libicu57:amd64 (57.1-9) ...
Selecting previously unselected package libxml2:amd64.
Preparing to unpack .../11-libxml2_2.9.4+dfsg1-6.1_amd64.deb ...
Unpacking libxml2:amd64 (2.9.4+dfsg1-6.1) ...
Selecting previously unselected package libxml2-utils.
Preparing to unpack .../12-libxml2-utils_2.9.4+dfsg1-6.1_amd64.deb ...
Unpacking libxml2-utils (2.9.4+dfsg1-6.1) ...
Selecting previously unselected package asciidoc-base.
Preparing to unpack .../13-asciidoc-base_8.6.10-2_all.deb ...
Unpacking asciidoc-base (8.6.10-2) ...
Selecting previously unselected package asciidoc.
Preparing to unpack .../14-asciidoc_8.6.10-2_all.deb ...
Unpacking asciidoc (8.6.10-2) ...
Selecting previously unselected package libsigsegv2:amd64.
Preparing to unpack .../15-libsigsegv2_2.12-2_amd64.deb ...
Unpacking libsigsegv2:amd64 (2.12-2) ...
Selecting previously unselected package m4.
Preparing to unpack .../16-m4_1.4.18-1_amd64.deb ...
Unpacking m4 (1.4.18-1) ...
Selecting previously unselected package autoconf.
Preparing to unpack .../17-autoconf_2.69-11_all.deb ...
Unpacking autoconf (2.69-11) ...
Selecting previously unselected package autotools-dev.
Preparing to unpack .../18-autotools-dev_20180224.1_all.deb ...
Unpacking autotools-dev (20180224.1) ...
Selecting previously unselected package automake.
Preparing to unpack .../19-automake_1%3a1.15.1-3.1_all.deb ...
Unpacking automake (1:1.15.1-3.1) ...
Selecting previously unselected package autopoint.
Preparing to unpack .../20-autopoint_0.19.8.1-6_all.deb ...
Unpacking autopoint (0.19.8.1-6) ...
Selecting previously unselected package cmake-data.
Preparing to unpack .../21-cmake-data_3.11.1-1_all.deb ...
Unpacking cmake-data (3.11.1-1) ...
Selecting previously unselected package liblzo2-2:amd64.
Preparing to unpack .../22-liblzo2-2_2.08-1.2+b2_amd64.deb ...
Unpacking liblzo2-2:amd64 (2.08-1.2+b2) ...
Selecting previously unselected package libarchive13:amd64.
Preparing to unpack .../23-libarchive13_3.2.2-3.1_amd64.deb ...
Unpacking libarchive13:amd64 (3.2.2-3.1) ...
Selecting previously unselected package libkeyutils1:amd64.
Preparing to unpack .../24-libkeyutils1_1.5.9-9.2_amd64.deb ...
Unpacking libkeyutils1:amd64 (1.5.9-9.2) ...
Selecting previously unselected package libkrb5support0:amd64.
Preparing to unpack .../25-libkrb5support0_1.16-2_amd64.deb ...
Unpacking libkrb5support0:amd64 (1.16-2) ...
Selecting previously unselected package libk5crypto3:amd64.
Preparing to unpack .../26-libk5crypto3_1.16-2_amd64.deb ...
Unpacking libk5crypto3:amd64 (1.16-2) ...
Selecting previously unselected package libkrb5-3:amd64.
Preparing to unpack .../27-libkrb5-3_1.16-2_amd64.deb ...
Unpacking libkrb5-3:amd64 (1.16-2) ...
Selecting previously unselected package libgssapi-krb5-2:amd64.
Preparing to unpack .../28-libgssapi-krb5-2_1.16-2_amd64.deb ...
Unpacking libgssapi-krb5-2:amd64 (1.16-2) ...
Selecting previously unselected package libsasl2-modules-db:amd64.
Preparing to unpack .../29-libsasl2-modules-db_2.1.27~101-g0780600+dfsg-3.1_amd64.deb ...
Unpacking libsasl2-modules-db:amd64 (2.1.27~101-g0780600+dfsg-3.1) ...
Selecting previously unselected package libsasl2-2:amd64.
Preparing to unpack .../30-libsasl2-2_2.1.27~101-g0780600+dfsg-3.1_amd64.deb ...
Unpacking libsasl2-2:amd64 (2.1.27~101-g0780600+dfsg-3.1) ...
Selecting previously unselected package libldap-common.
Preparing to unpack .../31-libldap-common_2.4.45+dfsg-1_all.deb ...
Unpacking libldap-common (2.4.45+dfsg-1) ...
Selecting previously unselected package libldap-2.4-2:amd64.
Preparing to unpack .../32-libldap-2.4-2_2.4.45+dfsg-1_amd64.deb ...
Unpacking libldap-2.4-2:amd64 (2.4.45+dfsg-1) ...
Selecting previously unselected package libnghttp2-14:amd64.
Preparing to unpack .../33-libnghttp2-14_1.31.1-1_amd64.deb ...
Unpacking libnghttp2-14:amd64 (1.31.1-1) ...
Selecting previously unselected package libpsl5:amd64.
Preparing to unpack .../34-libpsl5_0.20.1-1_amd64.deb ...
Unpacking libpsl5:amd64 (0.20.1-1) ...
Selecting previously unselected package librtmp1:amd64.
Preparing to unpack .../35-librtmp1_2.4+20151223.gitfa8646d.1-1+b1_amd64.deb ...
Unpacking librtmp1:amd64 (2.4+20151223.gitfa8646d.1-1+b1) ...
Selecting previously unselected package libssh2-1:amd64.
Preparing to unpack .../36-libssh2-1_1.8.0-1_amd64.deb ...
Unpacking libssh2-1:amd64 (1.8.0-1) ...
Selecting previously unselected package libssl1.0.2:amd64.
Preparing to unpack .../37-libssl1.0.2_1.0.2o-1_amd64.deb ...
Unpacking libssl1.0.2:amd64 (1.0.2o-1) ...
Selecting previously unselected package libcurl3:amd64.
Preparing to unpack .../38-libcurl3_7.58.0-2_amd64.deb ...
Unpacking libcurl3:amd64 (7.58.0-2) ...
Selecting previously unselected package librhash0:amd64.
Preparing to unpack .../39-librhash0_1.3.6-2_amd64.deb ...
Unpacking librhash0:amd64 (1.3.6-2) ...
Selecting previously unselected package libuv1:amd64.
Preparing to unpack .../40-libuv1_1.18.0-3_amd64.deb ...
Unpacking libuv1:amd64 (1.18.0-3) ...
Selecting previously unselected package cmake.
Preparing to unpack .../41-cmake_3.11.1-1_amd64.deb ...
Unpacking cmake (3.11.1-1) ...
Selecting previously unselected package libtool.
Preparing to unpack .../42-libtool_2.4.6-2.1_all.deb ...
Unpacking libtool (2.4.6-2.1) ...
Selecting previously unselected package dh-autoreconf.
Preparing to unpack .../43-dh-autoreconf_17_all.deb ...
Unpacking dh-autoreconf (17) ...
Selecting previously unselected package libarchive-zip-perl.
Preparing to unpack .../44-libarchive-zip-perl_1.60-1_all.deb ...
Unpacking libarchive-zip-perl (1.60-1) ...
Selecting previously unselected package libfile-stripnondeterminism-perl.
Preparing to unpack .../45-libfile-stripnondeterminism-perl_0.041-1_all.deb ...
Unpacking libfile-stripnondeterminism-perl (0.041-1) ...
Selecting previously unselected package libtimedate-perl.
Preparing to unpack .../46-libtimedate-perl_2.3000-2_all.deb ...
Unpacking libtimedate-perl (2.3000-2) ...
Selecting previously unselected package dh-strip-nondeterminism.
Preparing to unpack .../47-dh-strip-nondeterminism_0.041-1_all.deb ...
Unpacking dh-strip-nondeterminism (0.041-1) ...
Selecting previously unselected package libglib2.0-0:amd64.
Preparing to unpack .../48-libglib2.0-0_2.56.1-2_amd64.deb ...
Unpacking libglib2.0-0:amd64 (2.56.1-2) ...
Selecting previously unselected package libcroco3:amd64.
Preparing to unpack .../49-libcroco3_0.6.12-2_amd64.deb ...
Unpacking libcroco3:amd64 (0.6.12-2) ...
Selecting previously unselected package gettext.
Preparing to unpack .../50-gettext_0.19.8.1-6_amd64.deb ...
Unpacking gettext (0.19.8.1-6) ...
Selecting previously unselected package intltool-debian.
Preparing to unpack .../51-intltool-debian_0.35.0+20060710.4_all.deb ...
Unpacking intltool-debian (0.35.0+20060710.4) ...
Selecting previously unselected package po-debconf.
Preparing to unpack .../52-po-debconf_1.0.20_all.deb ...
Unpacking po-debconf (1.0.20) ...
Selecting previously unselected package debhelper.
Preparing to unpack .../53-debhelper_11.2.1_all.deb ...
Unpacking debhelper (11.2.1) ...
Selecting previously unselected package dh-buildinfo.
Preparing to unpack .../54-dh-buildinfo_0.11+nmu2_all.deb ...
Unpacking dh-buildinfo (0.11+nmu2) ...
Selecting previously unselected package xml-core.
Preparing to unpack .../55-xml-core_0.18_all.deb ...
Unpacking xml-core (0.18) ...
Selecting previously unselected package sgml-data.
Preparing to unpack .../56-sgml-data_2.0.10_all.deb ...
Unpacking sgml-data (2.0.10) ...
Selecting previously unselected package docbook-xml.
Preparing to unpack .../57-docbook-xml_4.5-8_all.deb ...
Unpacking docbook-xml (4.5-8) ...
Selecting previously unselected package docbook-xsl.
Preparing to unpack .../58-docbook-xsl_1.79.1+dfsg-2_all.deb ...
Unpacking docbook-xsl (1.79.1+dfsg-2) ...
Selecting previously unselected package libcmocka0:amd64.
Preparing to unpack .../59-libcmocka0_1.1.1-1_amd64.deb ...
Unpacking libcmocka0:amd64 (1.1.1-1) ...
Selecting previously unselected package libcmocka-dev:amd64.
Preparing to unpack .../60-libcmocka-dev_1.1.1-1_amd64.deb ...
Unpacking libcmocka-dev:amd64 (1.1.1-1) ...
Selecting previously unselected package libxslt1.1:amd64.
Preparing to unpack .../61-libxslt1.1_1.1.29-5_amd64.deb ...
Unpacking libxslt1.1:amd64 (1.1.29-5) ...
Selecting previously unselected package xsltproc.
Preparing to unpack .../62-xsltproc_1.1.29-5_amd64.deb ...
Unpacking xsltproc (1.1.29-5) ...
Selecting previously unselected package sbuild-build-depends-socket-wrapper-dummy.
Preparing to unpack .../63-sbuild-build-depends-socket-wrapper-dummy_0.invalid.0_amd64.deb ...
Unpacking sbuild-build-depends-socket-wrapper-dummy (0.invalid.0) ...
Setting up readline-common (7.0-3) ...
Setting up libexpat1:amd64 (2.2.5-3) ...
Setting up libarchive-zip-perl (1.60-1) ...
Setting up libnghttp2-14:amd64 (1.31.1-1) ...
Setting up mime-support (3.60) ...
Setting up libtimedate-perl (2.3000-2) ...
Setting up libsigsegv2:amd64 (2.12-2) ...
Setting up libldap-common (2.4.45+dfsg-1) ...
Setting up libuv1:amd64 (1.18.0-3) ...
Setting up libreadline7:amd64 (7.0-3+b1) ...
Setting up libpsl5:amd64 (0.20.1-1) ...
Setting up groff-base (1.22.3-10) ...
Setting up libglib2.0-0:amd64 (2.56.1-2) ...
No schema files found: doing nothing.
Setting up libncursesw6:amd64 (6.1+20180210-2) ...
Setting up libcmocka0:amd64 (1.1.1-1) ...
Setting up libsasl2-modules-db:amd64 (2.1.27~101-g0780600+dfsg-3.1) ...
Setting up libsasl2-2:amd64 (2.1.27~101-g0780600+dfsg-3.1) ...
Setting up gettext-base (0.19.8.1-6) ...
Setting up cmake-data (3.11.1-1) ...
Setting up libpipeline1:amd64 (1.5.0-1) ...
Setting up librtmp1:amd64 (2.4+20151223.gitfa8646d.1-1+b1) ...
Setting up m4 (1.4.18-1) ...
Setting up sgml-base (1.29) ...
Setting up libicu57:amd64 (57.1-9) ...
Setting up libprocps6:amd64 (2:3.3.14-1) ...
Setting up libxml2:amd64 (2.9.4+dfsg1-6.1) ...
Setting up libmagic-mgc (1:5.33-2) ...
Setting up libmagic1:amd64 (1:5.33-2) ...
Setting up lsb-base (9.20170808) ...
Setting up librhash0:amd64 (1.3.6-2) ...
Setting up procps (2:3.3.14-1) ...
update-alternatives: using /usr/bin/w.procps to provide /usr/bin/w (w) in auto mode
Setting up libcroco3:amd64 (0.6.12-2) ...
Setting up libxslt1.1:amd64 (1.1.29-5) ...
Setting up libssl1.0.2:amd64 (1.0.2o-1) ...
Setting up asciidoc-common (8.6.10-2) ...
Setting up libssh2-1:amd64 (1.8.0-1) ...
Processing triggers for libc-bin (2.27-3) ...
Setting up autotools-dev (20180224.1) ...
Setting up libldap-2.4-2:amd64 (2.4.45+dfsg-1) ...
Setting up libssl1.1:amd64 (1.1.0h-2) ...
Setting up libsqlite3-0:amd64 (3.23.1-1) ...
Setting up xml-core (0.18) ...
Setting up libkeyutils1:amd64 (1.5.9-9.2) ...
Setting up bsdmainutils (11.1.2) ...
update-alternatives: using /usr/bin/bsd-write to provide /usr/bin/write (write) in auto mode
update-alternatives: using /usr/bin/bsd-from to provide /usr/bin/from (from) in auto mode
Setting up libcmocka-dev:amd64 (1.1.1-1) ...
Setting up libpython2.7-stdlib:amd64 (2.7.15-1) ...
Setting up autopoint (0.19.8.1-6) ...
Setting up liblzo2-2:amd64 (2.08-1.2+b2) ...
Setting up libfile-stripnondeterminism-perl (0.041-1) ...
Setting up gettext (0.19.8.1-6) ...
Setting up libarchive13:amd64 (3.2.2-3.1) ...
Setting up libxml2-utils (2.9.4+dfsg1-6.1) ...
Setting up python2.7 (2.7.15-1) ...
Setting up xsltproc (1.1.29-5) ...
Setting up autoconf (2.69-11) ...
Setting up file (1:5.33-2) ...
Setting up libkrb5support0:amd64 (1.16-2) ...
Setting up libpython-stdlib:amd64 (2.7.15~rc1-1) ...
Setting up intltool-debian (0.35.0+20060710.4) ...
Setting up automake (1:1.15.1-3.1) ...
update-alternatives: using /usr/bin/automake-1.15 to provide /usr/bin/automake (automake) in auto mode
Setting up man-db (2.8.3-2) ...
Not building database; man-db/auto-update is not 'true'.
Setting up python (2.7.15~rc1-1) ...
Setting up libtool (2.4.6-2.1) ...
Setting up libk5crypto3:amd64 (1.16-2) ...
Setting up po-debconf (1.0.20) ...
Setting up asciidoc-base (8.6.10-2) ...
Setting up asciidoc (8.6.10-2) ...
Setting up libkrb5-3:amd64 (1.16-2) ...
Setting up libgssapi-krb5-2:amd64 (1.16-2) ...
Setting up libcurl3:amd64 (7.58.0-2) ...
Setting up cmake (3.11.1-1) ...
Processing triggers for sgml-base (1.29) ...
Setting up docbook-xsl (1.79.1+dfsg-2) ...
Setting up sgml-data (2.0.10) ...
Processing triggers for sgml-base (1.29) ...
Setting up docbook-xml (4.5-8) ...
Processing triggers for sgml-base (1.29) ...
Setting up dh-autoreconf (17) ...
Setting up dh-strip-nondeterminism (0.041-1) ...
Setting up debhelper (11.2.1) ...
Setting up dh-buildinfo (0.11+nmu2) ...
Setting up sbuild-build-depends-socket-wrapper-dummy (0.invalid.0) ...
Processing triggers for libc-bin (2.27-3) ...

+------------------------------------------------------------------------------+
| Build environment                                                            |
+------------------------------------------------------------------------------+

Kernel: Linux 4.9.0-5-amd64 amd64 (x86_64)
Toolchain package versions: binutils_2.30-16 dpkg-dev_1.19.0.5 g++-7_7.3.0-17 gcc-7_7.3.0-17 libc6-dev_2.27-3 libstdc++-7-dev_7.3.0-17 libstdc++6_8-20180425-1 linux-libc-dev_4.15.17-1
Package versions: adduser_3.117 apt_1.6.1 asciidoc_8.6.10-2 asciidoc-base_8.6.10-2 asciidoc-common_8.6.10-2 autoconf_2.69-11 automake_1:1.15.1-3.1 autopoint_0.19.8.1-6 autotools-dev_20180224.1 base-files_10.1 base-passwd_3.5.45 bash_4.4.18-2 binutils_2.30-16 binutils-common_2.30-16 binutils-x86-64-linux-gnu_2.30-16 bsdmainutils_11.1.2 bsdutils_1:2.31.1-0.5 build-essential_12.5 bzip2_1.0.6-8.1 clang-6.0_1:6.0-3 cmake_3.11.1-1 cmake-data_3.11.1-1 coreutils_8.28-1 cpp_4:7.3.0-3 cpp-7_7.3.0-17 dash_0.5.8-2.10 debconf_1.5.66 debfoster_2.7-2.1+b1 debhelper_11.2.1 debian-archive-keyring_2017.7 debianutils_4.8.4 dh-autoreconf_17 dh-buildinfo_0.11+nmu2 dh-strip-nondeterminism_0.041-1 diffutils_1:3.6-1 docbook-xml_4.5-8 docbook-xsl_1.79.1+dfsg-2 dpkg_1.19.0.5 dpkg-dev_1.19.0.5 e2fslibs_1.44.1-2 e2fsprogs_1.44.1-2 eatmydata_105-6 fakeroot_1.22-2 fdisk_2.31.1-0.5 file_1:5.33-2 findutils_4.6.0+git+20171230-2 g++_4:7.3.0-3 g++-7_7.3.0-17 gcc_4:7.3.0-3 gcc-6-base_6.4.0-17 gcc-7_7.3.0-17 gcc-7-base_7.3.0-17 gcc-8-base_8-20180425-1 gettext_0.19.8.1-6 gettext-base_0.19.8.1-6 gpgv_2.2.5-1 grep_3.1-2 groff-base_1.22.3-10 gzip_1.6-5+b1 hostname_3.20 init-system-helpers_1.51 intltool-debian_0.35.0+20060710.4 lib32gcc1_1:8-20180425-1 lib32stdc++6_8-20180425-1 libacl1_2.2.52-3+b1 libapt-pkg5.0_1.6.1 libarchive-zip-perl_1.60-1 libarchive13_3.2.2-3.1 libasan4_7.3.0-17 libatomic1_8-20180425-1 libattr1_1:2.4.47-2+b2 libaudit-common_1:2.8.3-1 libaudit1_1:2.8.3-1 libbinutils_2.30-16 libblkid1_2.31.1-0.5 libbsd0_0.8.7-1 libbz2-1.0_1.0.6-8.1 libc-bin_2.27-3 libc-dev-bin_2.27-3 libc6_2.27-3 libc6-dev_2.27-3 libc6-i386_2.27-3 libcap-ng0_0.7.9-1 libcc1-0_8-20180425-1 libcilkrts5_7.3.0-17 libclang-common-6.0-dev_1:6.0-3 libclang1-6.0_1:6.0-3 libcmocka-dev_1.1.1-1 libcmocka0_1.1.1-1 libcom-err2_1.44.1-2 libcomerr2_1.44.1-2 libcroco3_0.6.12-2 libcurl3_7.58.0-2 libdb5.3_5.3.28-13.1+b1 libdebconfclient0_0.243 libdpkg-perl_1.19.0.5 libeatmydata1_105-6 libedit2_3.1-20170329-1 libexpat1_2.2.5-3 libext2fs2_1.44.1-2 libfakeroot_1.22-2 libfdisk1_2.31.1-0.5 libffi6_3.2.1-8 libfile-stripnondeterminism-perl_0.041-1 libgc1c2_1:7.4.2-8.2 libgcc-7-dev_7.3.0-17 libgcc1_1:8-20180425-1 libgcrypt20_1.8.2-2 libgdbm-compat4_1.14.1-6 libgdbm3_1.8.3-14 libgdbm5_1.14.1-6 libglib2.0-0_2.56.1-2 libgmp10_2:6.1.2+dfsg-3 libgnutls30_3.5.18-1 libgomp1_8-20180425-1 libgpg-error0_1.29-4 libgssapi-krb5-2_1.16-2 libhogweed4_3.4-1 libicu57_57.1-9 libidn2-0_2.0.4-1.1 libisl15_0.18-4 libisl19_0.19-1 libitm1_8-20180425-1 libjsoncpp1_1.7.4-3 libk5crypto3_1.16-2 libkeyutils1_1.5.9-9.2 libkrb5-3_1.16-2 libkrb5support0_1.16-2 libldap-2.4-2_2.4.45+dfsg-1 libldap-common_2.4.45+dfsg-1 libllvm6.0_1:6.0-3 liblsan0_8-20180425-1 liblz4-1_1.8.1.2-1 liblzma5_5.2.2-1.3 liblzo2-2_2.08-1.2+b2 libmagic-mgc_1:5.33-2 libmagic1_1:5.33-2 libmount1_2.31.1-0.5 libmpc3_1.1.0-1 libmpfr4_3.1.6-1 libmpfr6_4.0.1-1 libmpx2_8-20180425-1 libncurses5_6.1+20180210-2 libncursesw5_6.1+20180210-2 libncursesw6_6.1+20180210-2 libnettle6_3.4-1 libnghttp2-14_1.31.1-1 libobjc-7-dev_7.3.0-17 libobjc4_8-20180425-1 libp11-kit0_0.23.10-2 libpam-modules_1.1.8-3.7 libpam-modules-bin_1.1.8-3.7 libpam-runtime_1.1.8-3.7 libpam0g_1.1.8-3.7 libpcre3_2:8.39-9 libperl5.26_5.26.2-3 libpipeline1_1.5.0-1 libprocps6_2:3.3.14-1 libpsl5_0.20.1-1 libpython-stdlib_2.7.15~rc1-1 libpython2.7-minimal_2.7.15-1 libpython2.7-stdlib_2.7.15-1 libquadmath0_8-20180425-1 libreadline7_7.0-3+b1 librhash0_1.3.6-2 librtmp1_2.4+20151223.gitfa8646d.1-1+b1 libsasl2-2_2.1.27~101-g0780600+dfsg-3.1 libsasl2-modules-db_2.1.27~101-g0780600+dfsg-3.1 libseccomp2_2.3.3-1 libselinux1_2.7-2+b2 libsemanage-common_2.7-2 libsemanage1_2.7-2+b2 libsepol1_2.7-1 libsigsegv2_2.12-2 libsmartcols1_2.31.1-0.5 libsqlite3-0_3.23.1-1 libss2_1.44.1-2 libssh2-1_1.8.0-1 libssl1.0.2_1.0.2o-1 libssl1.1_1.1.0h-2 libstdc++-7-dev_7.3.0-17 libstdc++6_8-20180425-1 libsystemd0_238-4 libtasn1-6_4.13-2 libtimedate-perl_2.3000-2 libtinfo5_6.1+20180210-2 libtinfo6_6.1+20180210-2 libtool_2.4.6-2.1 libtsan0_8-20180425-1 libubsan0_7.3.0-17 libudev1_238-4 libunistring2_0.9.8-1 libustr-1.0-1_1.0.4-6 libuuid1_2.31.1-0.5 libuv1_1.18.0-3 libxml2_2.9.4+dfsg1-6.1 libxml2-utils_2.9.4+dfsg1-6.1 libxslt1.1_1.1.29-5 libzstd1_1.3.4+dfsg-1 linux-libc-dev_4.15.17-1 login_1:4.5-1 lsb-base_9.20170808 m4_1.4.18-1 make_4.2.1-1 man-db_2.8.3-2 mawk_1.3.3-17+b3 mime-support_3.60 mount_2.31.1-0.5 multiarch-support_2.27-3 ncurses-base_6.1+20180210-2 ncurses-bin_6.1+20180210-2 passwd_1:4.5-1 patch_2.7.6-2 perl_5.26.2-3 perl-base_5.26.2-3 perl-modules-5.26_5.26.2-3 po-debconf_1.0.20 procps_2:3.3.14-1 python_2.7.15~rc1-1 python-minimal_2.7.15~rc1-1 python2.7_2.7.15-1 python2.7-minimal_2.7.15-1 readline-common_7.0-3 sbuild-build-depends-core-dummy_0.invalid.0 sbuild-build-depends-socket-wrapper-dummy_0.invalid.0 sed_4.4-2 sensible-utils_0.0.12 sgml-base_1.29 sgml-data_2.0.10 sysvinit-utils_2.88dsf-59.10 tar_1.30+dfsg-1 util-linux_2.31.1-0.5 xml-core_0.18 xsltproc_1.1.29-5 xz-utils_5.2.2-1.3 zlib1g_1:1.2.11.dfsg-1

+------------------------------------------------------------------------------+
| Build                                                                        |
+------------------------------------------------------------------------------+


Unpack source
-------------

gpgv: unknown type of key resource 'trustedkeys.kbx'
gpgv: keyblock resource '/sbuild-nonexistent/.gnupg/trustedkeys.kbx': General error
gpgv: Signature made Wed Apr  4 17:08:00 2018 UTC
gpgv:                using RSA key 7D887DC8BA7BBBA7B835E3BADCE310E7864CC8BF
gpgv: Can't check signature: No public key
dpkg-source: warning: failed to verify signature on ./socket-wrapper_1.1.9+ds-1.dsc
dpkg-source: info: extracting socket-wrapper in /<<BUILDDIR>>/socket-wrapper-1.1.9+ds
dpkg-source: info: unpacking socket-wrapper_1.1.9+ds.orig.tar.xz
dpkg-source: info: unpacking socket-wrapper_1.1.9+ds-1.debian.tar.gz
dpkg-source: info: applying no-soname.diff
dpkg-source: info: applying Hurd_PATH_MAX.patch

Check disk space
----------------

Sufficient free space for build

User Environment
----------------

APT_CONFIG=/var/lib/sbuild/apt.conf
HOME=/sbuild-nonexistent
LANG=en_US.UTF-8
LC_ALL=POSIX
LOGNAME=user42
PATH=/usr/local/sbin:/usr/local/bin:/usr/sbin:/usr/bin:/sbin:/bin:/usr/games
SCHROOT_ALIAS_NAME=unstable-amd64-sbuild
SCHROOT_CHROOT_NAME=unstable-amd64-sbuild
SCHROOT_COMMAND=env
SCHROOT_GID=1001
SCHROOT_GROUP=user42
SCHROOT_SESSION_ID=unstable-amd64-sbuild-a2ad2be0-7263-4bde-9d28-3e0596f29b74
SCHROOT_UID=1001
SCHROOT_USER=user42
SHELL=/bin/sh
USER=user42

dpkg-buildpackage
-----------------

dpkg-buildpackage: info: source package socket-wrapper
dpkg-buildpackage: info: source version 1.1.9+ds-1
dpkg-buildpackage: info: source distribution unstable
dpkg-buildpackage: info: source changed by Laszlo Boszormenyi (GCS) <gcs@debian.org>
 dpkg-source --before-build socket-wrapper-1.1.9+ds
dpkg-buildpackage: info: host architecture amd64
dpkg-source: info: using options from socket-wrapper-1.1.9+ds/debian/source/options: --compression=gzip --extend-diff-ignore=^doc/socket_wrapper[.]1$
 fakeroot debian/rules clean
dh_clean
rm -rf obj
 debian/rules build-arch
mkdir -p obj
cd obj && cmake -DCMAKE_INSTALL_PREFIX=/usr -DCMAKE_VERBOSE_MAKEFILE=ON -DCMAKE_BUILD_TYPE=None -DCMAKE_C_FLAGS="-g -O2 -fdebug-prefix-map=/<<BUILDDIR>>/socket-wrapper-1.1.9+ds=. -fstack-protector-strong -Wformat -Werror=format-security -Wdate-time -D_FORTIFY_SOURCE=2" -DCMAKE_SHARED_LINKER_FLAGS="-Wl,-z,relro" -DCMAKE_EXE_LINKER_FLAGS="-Wl,-z,relro"  -DUNIT_TESTING=1 ..
-- The C compiler identification is Clang 6.0.0
-- Check for working C compiler: /usr/bin/cc
-- Check for working C compiler: /usr/bin/cc -- works
-- Detecting C compiler ABI info
-- Detecting C compiler ABI info - done
-- Detecting C compile features
-- Detecting C compile features - done
-- Performing Test WITH_FPIC
-- Performing Test WITH_FPIC - Success
-- Performing Test WITH_STACK_PROTECTOR
-- Performing Test WITH_STACK_PROTECTOR - Success
-- Looking for pthread.h
-- Looking for pthread.h - found
-- Looking for pthread_create
-- Looking for pthread_create - not found
-- Looking for pthread_create in pthreads
-- Looking for pthread_create in pthreads - not found
-- Looking for pthread_create in pthread
-- Looking for pthread_create in pthread - found
-- Found Threads: TRUE  
-- Looking for sys/filio.h
-- Looking for sys/filio.h - not found
-- Looking for sys/signalfd.h
-- Looking for sys/signalfd.h - found
-- Looking for sys/eventfd.h
-- Looking for sys/eventfd.h - found
-- Looking for sys/timerfd.h
-- Looking for sys/timerfd.h - found
-- Looking for gnu/lib-names.h
-- Looking for gnu/lib-names.h - found
-- Looking for rpc/rpc.h
-- Looking for rpc/rpc.h - found
-- Looking for strncpy
-- Looking for strncpy - found
-- Looking for vsnprintf
-- Looking for vsnprintf - found
-- Looking for snprintf
-- Looking for snprintf - found
-- Looking for signalfd
-- Looking for signalfd - found
-- Looking for eventfd
-- Looking for eventfd - found
-- Looking for timerfd_create
-- Looking for timerfd_create - found
-- Looking for bindresvport
-- Looking for bindresvport - found
-- Looking for accept4
-- Looking for accept4 - found
-- Looking for open64
-- Looking for open64 - found
-- Looking for fopen64
-- Looking for fopen64 - found
-- Looking for pledge
-- Looking for pledge - not found
-- Looking for getaddrinfo
-- Looking for getaddrinfo - found
-- Performing Test HAVE_STRUCT_IN_PKTINFO
-- Performing Test HAVE_STRUCT_IN_PKTINFO - Success
-- Performing Test HAVE_STRUCT_IN6_PKTINFO
-- Performing Test HAVE_STRUCT_IN6_PKTINFO - Success
-- Performing Test HAVE_STRUCT_SOCKADDR_SA_LEN
-- Performing Test HAVE_STRUCT_SOCKADDR_SA_LEN - Failed
-- Performing Test HAVE_STRUCT_MSGHDR_MSG_CONTROL
-- Performing Test HAVE_STRUCT_MSGHDR_MSG_CONTROL - Success
-- Checking prototype gettimeofday for HAVE_GETTIMEOFDAY_TZ - True
-- Checking prototype gettimeofday for HAVE_GETTIMEOFDAY_TZ_VOID - False
-- Checking prototype accept for HAVE_ACCEPT_PSOCKLEN_T - False
-- Checking prototype ioctl for HAVE_IOCTL_INT - False
-- Checking prototype eventfd for HAVE_EVENTFD_UNSIGNED_INT - True
-- Performing Test HAVE_IPV6
-- Performing Test HAVE_IPV6 - Success
-- Performing Test HAVE_SOCKADDR_STORAGE
-- Performing Test HAVE_SOCKADDR_STORAGE - Success
-- Performing Test HAVE_CONSTRUCTOR_ATTRIBUTE
-- Performing Test HAVE_CONSTRUCTOR_ATTRIBUTE - Success
-- Performing Test HAVE_DESTRUCTOR_ATTRIBUTE
-- Performing Test HAVE_DESTRUCTOR_ATTRIBUTE - Success
-- Performing Test HAVE_FALLTHROUGH_ATTRIBUTE
-- Performing Test HAVE_FALLTHROUGH_ATTRIBUTE - Success
-- Performing Test HAVE_GCC_THREAD_LOCAL_STORAGE
-- Performing Test HAVE_GCC_THREAD_LOCAL_STORAGE - Success
-- Performing Test HAVE_FUNCTION_ATTRIBUTE_FORMAT
-- Performing Test HAVE_FUNCTION_ATTRIBUTE_FORMAT - Success
-- Performing Test HAVE_ADDRESS_SANITIZER_ATTRIBUTE
-- Performing Test HAVE_ADDRESS_SANITIZER_ATTRIBUTE - Success
-- Looking for dlopen in dl
-- Looking for dlopen in dl - found
-- Check if the system is big endian
-- Searching 16 bit integer
-- Looking for sys/types.h
-- Looking for sys/types.h - found
-- Looking for stdint.h
-- Looking for stdint.h - found
-- Looking for stddef.h
-- Looking for stddef.h - found
-- Check size of unsigned short
-- Check size of unsigned short - done
-- Using unsigned short
-- Check if the system is big endian - little endian
-- Check size of pid_t
-- Check size of pid_t - done
-- Configuring done
-- Generating done
-- Build files have been written to: /<<BUILDDIR>>/socket-wrapper-1.1.9+ds/obj
/usr/bin/make -j8 -C obj/
make[1]: Entering directory '/<<BUILDDIR>>/socket-wrapper-1.1.9+ds/obj'
/usr/bin/cmake -H/<<BUILDDIR>>/socket-wrapper-1.1.9+ds -B/<<BUILDDIR>>/socket-wrapper-1.1.9+ds/obj --check-build-system CMakeFiles/Makefile.cmake 0
/usr/bin/cmake -E cmake_progress_start /<<BUILDDIR>>/socket-wrapper-1.1.9+ds/obj/CMakeFiles /<<BUILDDIR>>/socket-wrapper-1.1.9+ds/obj/CMakeFiles/progress.marks
/usr/bin/make -f CMakeFiles/Makefile2 all
make[2]: Entering directory '/<<BUILDDIR>>/socket-wrapper-1.1.9+ds/obj'
/usr/bin/make -f src/CMakeFiles/socket_wrapper.dir/build.make src/CMakeFiles/socket_wrapper.dir/depend
/usr/bin/make -f tests/CMakeFiles/torture.dir/build.make tests/CMakeFiles/torture.dir/depend
/usr/bin/make -f tests/CMakeFiles/thread_deadlock.dir/build.make tests/CMakeFiles/thread_deadlock.dir/depend
/usr/bin/make -f tests/CMakeFiles/echo_srv.dir/build.make tests/CMakeFiles/echo_srv.dir/depend
make[3]: Entering directory '/<<BUILDDIR>>/socket-wrapper-1.1.9+ds/obj'
cd /<<BUILDDIR>>/socket-wrapper-1.1.9+ds/obj && /usr/bin/cmake -E cmake_depends "Unix Makefiles" /<<BUILDDIR>>/socket-wrapper-1.1.9+ds /<<BUILDDIR>>/socket-wrapper-1.1.9+ds/src /<<BUILDDIR>>/socket-wrapper-1.1.9+ds/obj /<<BUILDDIR>>/socket-wrapper-1.1.9+ds/obj/src /<<BUILDDIR>>/socket-wrapper-1.1.9+ds/obj/src/CMakeFiles/socket_wrapper.dir/DependInfo.cmake --color=
make[3]: Entering directory '/<<BUILDDIR>>/socket-wrapper-1.1.9+ds/obj'
cd /<<BUILDDIR>>/socket-wrapper-1.1.9+ds/obj && /usr/bin/cmake -E cmake_depends "Unix Makefiles" /<<BUILDDIR>>/socket-wrapper-1.1.9+ds /<<BUILDDIR>>/socket-wrapper-1.1.9+ds/tests /<<BUILDDIR>>/socket-wrapper-1.1.9+ds/obj /<<BUILDDIR>>/socket-wrapper-1.1.9+ds/obj/tests /<<BUILDDIR>>/socket-wrapper-1.1.9+ds/obj/tests/CMakeFiles/torture.dir/DependInfo.cmake --color=
make[3]: Entering directory '/<<BUILDDIR>>/socket-wrapper-1.1.9+ds/obj'
cd /<<BUILDDIR>>/socket-wrapper-1.1.9+ds/obj && /usr/bin/cmake -E cmake_depends "Unix Makefiles" /<<BUILDDIR>>/socket-wrapper-1.1.9+ds /<<BUILDDIR>>/socket-wrapper-1.1.9+ds/tests /<<BUILDDIR>>/socket-wrapper-1.1.9+ds/obj /<<BUILDDIR>>/socket-wrapper-1.1.9+ds/obj/tests /<<BUILDDIR>>/socket-wrapper-1.1.9+ds/obj/tests/CMakeFiles/thread_deadlock.dir/DependInfo.cmake --color=
make[3]: Entering directory '/<<BUILDDIR>>/socket-wrapper-1.1.9+ds/obj'
cd /<<BUILDDIR>>/socket-wrapper-1.1.9+ds/obj && /usr/bin/cmake -E cmake_depends "Unix Makefiles" /<<BUILDDIR>>/socket-wrapper-1.1.9+ds /<<BUILDDIR>>/socket-wrapper-1.1.9+ds/tests /<<BUILDDIR>>/socket-wrapper-1.1.9+ds/obj /<<BUILDDIR>>/socket-wrapper-1.1.9+ds/obj/tests /<<BUILDDIR>>/socket-wrapper-1.1.9+ds/obj/tests/CMakeFiles/echo_srv.dir/DependInfo.cmake --color=
Scanning dependencies of target thread_deadlock
make[3]: Leaving directory '/<<BUILDDIR>>/socket-wrapper-1.1.9+ds/obj'
Scanning dependencies of target socket_wrapper
/usr/bin/make -f tests/CMakeFiles/thread_deadlock.dir/build.make tests/CMakeFiles/thread_deadlock.dir/build
make[3]: Leaving directory '/<<BUILDDIR>>/socket-wrapper-1.1.9+ds/obj'
/usr/bin/make -f src/CMakeFiles/socket_wrapper.dir/build.make src/CMakeFiles/socket_wrapper.dir/build
make[3]: Entering directory '/<<BUILDDIR>>/socket-wrapper-1.1.9+ds/obj'
make[3]: Entering directory '/<<BUILDDIR>>/socket-wrapper-1.1.9+ds/obj'
Scanning dependencies of target torture
Scanning dependencies of target echo_srv
make[3]: Leaving directory '/<<BUILDDIR>>/socket-wrapper-1.1.9+ds/obj'
/usr/bin/make -f tests/CMakeFiles/torture.dir/build.make tests/CMakeFiles/torture.dir/build
make[3]: Leaving directory '/<<BUILDDIR>>/socket-wrapper-1.1.9+ds/obj'
/usr/bin/make -f tests/CMakeFiles/echo_srv.dir/build.make tests/CMakeFiles/echo_srv.dir/build
make[3]: Entering directory '/<<BUILDDIR>>/socket-wrapper-1.1.9+ds/obj'
make[3]: Entering directory '/<<BUILDDIR>>/socket-wrapper-1.1.9+ds/obj'
[  2%] Building C object tests/CMakeFiles/thread_deadlock.dir/thread_deadlock.c.o
cd /<<BUILDDIR>>/socket-wrapper-1.1.9+ds/obj/tests && /usr/bin/cc -Dthread_deadlock_EXPORTS -I/<<BUILDDIR>>/socket-wrapper-1.1.9+ds/obj/tests -I/<<BUILDDIR>>/socket-wrapper-1.1.9+ds/tests -I/<<BUILDDIR>>/socket-wrapper-1.1.9+ds/obj -I/<<BUILDDIR>>/socket-wrapper-1.1.9+ds/src  -g -O2 -fdebug-prefix-map=/<<BUILDDIR>>/socket-wrapper-1.1.9+ds=. -fstack-protector-strong -Wformat -Werror=format-security -Wdate-time -D_FORTIFY_SOURCE=2 -std=gnu99 -Wall -Wextra -Wshadow -Wmissing-prototypes -Wdeclaration-after-statement -Wunused -Wfloat-equal -Wpointer-arith -Wwrite-strings -Wformat-security -Wmissing-format-attribute -Wcast-align -Wcast-qual -Wno-missing-field-initializers -Werror=pointer-arith -Werror=declaration-after-statement -Werror=implicit-function-declaration -Werror=write-strings -Werror=int-to-pointer-cast -Werror=pointer-to-int-cast -fstrict-aliasing -Wstrict-aliasing=2 -fstrict-overflow -Wstrict-overflow=5 -Werror=strict-overflow -D_GNU_SOURCE -fPIC -fstack-protector -fPIC   -o CMakeFiles/thread_deadlock.dir/thread_deadlock.c.o   -c /<<BUILDDIR>>/socket-wrapper-1.1.9+ds/tests/thread_deadlock.c
[  4%] Building C object src/CMakeFiles/socket_wrapper.dir/socket_wrapper.c.o
cd /<<BUILDDIR>>/socket-wrapper-1.1.9+ds/obj/src && /usr/bin/cc -Dsocket_wrapper_EXPORTS -I/<<BUILDDIR>>/socket-wrapper-1.1.9+ds/obj/src -I/<<BUILDDIR>>/socket-wrapper-1.1.9+ds/src -I/<<BUILDDIR>>/socket-wrapper-1.1.9+ds/obj  -g -O2 -fdebug-prefix-map=/<<BUILDDIR>>/socket-wrapper-1.1.9+ds=. -fstack-protector-strong -Wformat -Werror=format-security -Wdate-time -D_FORTIFY_SOURCE=2 -std=gnu99 -Wall -Wextra -Wshadow -Wmissing-prototypes -Wdeclaration-after-statement -Wunused -Wfloat-equal -Wpointer-arith -Wwrite-strings -Wformat-security -Wmissing-format-attribute -Wcast-align -Wcast-qual -Wno-missing-field-initializers -Werror=pointer-arith -Werror=declaration-after-statement -Werror=implicit-function-declaration -Werror=write-strings -Werror=int-to-pointer-cast -Werror=pointer-to-int-cast -fstrict-aliasing -Wstrict-aliasing=2 -fstrict-overflow -Wstrict-overflow=5 -Werror=strict-overflow -D_GNU_SOURCE -fPIC -fstack-protector -fPIC   -o CMakeFiles/socket_wrapper.dir/socket_wrapper.c.o   -c /<<BUILDDIR>>/socket-wrapper-1.1.9+ds/src/socket_wrapper.c
[  6%] Building C object tests/CMakeFiles/torture.dir/torture.c.o
[  8%] Building C object tests/CMakeFiles/echo_srv.dir/echo_srv.c.o
cd /<<BUILDDIR>>/socket-wrapper-1.1.9+ds/obj/tests && /usr/bin/cc  -I/<<BUILDDIR>>/socket-wrapper-1.1.9+ds/obj/tests -I/<<BUILDDIR>>/socket-wrapper-1.1.9+ds/tests -I/<<BUILDDIR>>/socket-wrapper-1.1.9+ds/obj -I/<<BUILDDIR>>/socket-wrapper-1.1.9+ds/src  -g -O2 -fdebug-prefix-map=/<<BUILDDIR>>/socket-wrapper-1.1.9+ds=. -fstack-protector-strong -Wformat -Werror=format-security -Wdate-time -D_FORTIFY_SOURCE=2 -std=gnu99 -Wall -Wextra -Wshadow -Wmissing-prototypes -Wdeclaration-after-statement -Wunused -Wfloat-equal -Wpointer-arith -Wwrite-strings -Wformat-security -Wmissing-format-attribute -Wcast-align -Wcast-qual -Wno-missing-field-initializers -Werror=pointer-arith -Werror=declaration-after-statement -Werror=implicit-function-declaration -Werror=write-strings -Werror=int-to-pointer-cast -Werror=pointer-to-int-cast -fstrict-aliasing -Wstrict-aliasing=2 -fstrict-overflow -Wstrict-overflow=5 -Werror=strict-overflow -D_GNU_SOURCE -fPIC -fstack-protector   -o CMakeFiles/torture.dir/torture.c.o   -c /<<BUILDDIR>>/socket-wrapper-1.1.9+ds/tests/torture.c
cd /<<BUILDDIR>>/socket-wrapper-1.1.9+ds/obj/tests && /usr/bin/cc  -I/<<BUILDDIR>>/socket-wrapper-1.1.9+ds/obj/tests -I/<<BUILDDIR>>/socket-wrapper-1.1.9+ds/tests -I/<<BUILDDIR>>/socket-wrapper-1.1.9+ds/obj -I/<<BUILDDIR>>/socket-wrapper-1.1.9+ds/src  -g -O2 -fdebug-prefix-map=/<<BUILDDIR>>/socket-wrapper-1.1.9+ds=. -fstack-protector-strong -Wformat -Werror=format-security -Wdate-time -D_FORTIFY_SOURCE=2 -std=gnu99 -Wall -Wextra -Wshadow -Wmissing-prototypes -Wdeclaration-after-statement -Wunused -Wfloat-equal -Wpointer-arith -Wwrite-strings -Wformat-security -Wmissing-format-attribute -Wcast-align -Wcast-qual -Wno-missing-field-initializers -Werror=pointer-arith -Werror=declaration-after-statement -Werror=implicit-function-declaration -Werror=write-strings -Werror=int-to-pointer-cast -Werror=pointer-to-int-cast -fstrict-aliasing -Wstrict-aliasing=2 -fstrict-overflow -Wstrict-overflow=5 -Werror=strict-overflow -D_GNU_SOURCE -fPIC -fstack-protector   -o CMakeFiles/echo_srv.dir/echo_srv.c.o   -c /<<BUILDDIR>>/socket-wrapper-1.1.9+ds/tests/echo_srv.c
[ 10%] Linking C shared library libthread_deadlock.so
cd /<<BUILDDIR>>/socket-wrapper-1.1.9+ds/obj/tests && /usr/bin/cmake -E cmake_link_script CMakeFiles/thread_deadlock.dir/link.txt --verbose=1
/<<BUILDDIR>>/socket-wrapper-1.1.9+ds/src/socket_wrapper.c:590:3: error: expected expression
                FALL_THROUGH;
                ^
/<<BUILDDIR>>/socket-wrapper-1.1.9+ds/src/socket_wrapper.c:112:24: note: expanded from macro 'FALL_THROUGH'
#  define FALL_THROUGH __attribute__ ((fallthrough))
                       ^
/<<BUILDDIR>>/socket-wrapper-1.1.9+ds/src/socket_wrapper.c:609:3: error: expected expression
                FALL_THROUGH;
                ^
/<<BUILDDIR>>/socket-wrapper-1.1.9+ds/src/socket_wrapper.c:112:24: note: expanded from macro 'FALL_THROUGH'
#  define FALL_THROUGH __attribute__ ((fallthrough))
                       ^
/usr/bin/cc -fPIC -g -O2 -fdebug-prefix-map=/<<BUILDDIR>>/socket-wrapper-1.1.9+ds=. -fstack-protector-strong -Wformat -Werror=format-security -Wdate-time -D_FORTIFY_SOURCE=2 -std=gnu99 -Wall -Wextra -Wshadow -Wmissing-prototypes -Wdeclaration-after-statement -Wunused -Wfloat-equal -Wpointer-arith -Wwrite-strings -Wformat-security -Wmissing-format-attribute -Wcast-align -Wcast-qual -Wno-missing-field-initializers -Werror=pointer-arith -Werror=declaration-after-statement -Werror=implicit-function-declaration -Werror=write-strings -Werror=int-to-pointer-cast -Werror=pointer-to-int-cast -fstrict-aliasing -Wstrict-aliasing=2 -fstrict-overflow -Wstrict-overflow=5 -Werror=strict-overflow -D_GNU_SOURCE -fPIC -fstack-protector -Wl,-z,relro -shared -Wl,-soname,libthread_deadlock.so -o libthread_deadlock.so CMakeFiles/thread_deadlock.dir/thread_deadlock.c.o -lpthread 
/<<BUILDDIR>>/socket-wrapper-1.1.9+ds/tests/echo_srv.c:589:32: warning: cast from 'struct sockaddr *' to 'struct sockaddr_in *' increases required alignment from 2 to 4 [-Wcast-align]
                                struct sockaddr_in *sinp = (struct sockaddr_in *)to;
                                                           ^~~~~~~~~~~~~~~~~~~~~~~~
/<<BUILDDIR>>/socket-wrapper-1.1.9+ds/src/socket_wrapper.c:1916:3: warning: declaration does not declare anything [-Wmissing-declarations]
                FALL_THROUGH;
                ^
/<<BUILDDIR>>/socket-wrapper-1.1.9+ds/src/socket_wrapper.c:112:24: note: expanded from macro 'FALL_THROUGH'
#  define FALL_THROUGH __attribute__ ((fallthrough))
                       ^
/<<BUILDDIR>>/socket-wrapper-1.1.9+ds/src/socket_wrapper.c:2845:3: warning: declaration does not declare anything [-Wmissing-declarations]
                FALL_THROUGH;
                ^
/<<BUILDDIR>>/socket-wrapper-1.1.9+ds/src/socket_wrapper.c:112:24: note: expanded from macro 'FALL_THROUGH'
#  define FALL_THROUGH __attribute__ ((fallthrough))
                       ^
/<<BUILDDIR>>/socket-wrapper-1.1.9+ds/src/socket_wrapper.c:2850:3: warning: declaration does not declare anything [-Wmissing-declarations]
                FALL_THROUGH;
                ^
/<<BUILDDIR>>/socket-wrapper-1.1.9+ds/src/socket_wrapper.c:112:24: note: expanded from macro 'FALL_THROUGH'
#  define FALL_THROUGH __attribute__ ((fallthrough))
                       ^
make[3]: Leaving directory '/<<BUILDDIR>>/socket-wrapper-1.1.9+ds/obj'
3 warnings and 2 errors generated.
make[3]: *** [src/CMakeFiles/socket_wrapper.dir/build.make:66: src/CMakeFiles/socket_wrapper.dir/socket_wrapper.c.o] Error 1
make[3]: Leaving directory '/<<BUILDDIR>>/socket-wrapper-1.1.9+ds/obj'
make[2]: *** [CMakeFiles/Makefile2:985: src/CMakeFiles/socket_wrapper.dir/all] Error 2
make[2]: *** Waiting for unfinished jobs....
[ 10%] Built target thread_deadlock
[ 12%] Linking C static library libtorture.a
cd /<<BUILDDIR>>/socket-wrapper-1.1.9+ds/obj/tests && /usr/bin/cmake -P CMakeFiles/torture.dir/cmake_clean_target.cmake
cd /<<BUILDDIR>>/socket-wrapper-1.1.9+ds/obj/tests && /usr/bin/cmake -E cmake_link_script CMakeFiles/torture.dir/link.txt --verbose=1
/usr/bin/ar qc libtorture.a  CMakeFiles/torture.dir/torture.c.o
/usr/bin/ranlib libtorture.a
make[3]: Leaving directory '/<<BUILDDIR>>/socket-wrapper-1.1.9+ds/obj'
[ 12%] Built target torture
1 warning generated.
[ 14%] Linking C executable echo_srv
cd /<<BUILDDIR>>/socket-wrapper-1.1.9+ds/obj/tests && /usr/bin/cmake -E cmake_link_script CMakeFiles/echo_srv.dir/link.txt --verbose=1
/usr/bin/cc -g -O2 -fdebug-prefix-map=/<<BUILDDIR>>/socket-wrapper-1.1.9+ds=. -fstack-protector-strong -Wformat -Werror=format-security -Wdate-time -D_FORTIFY_SOURCE=2 -std=gnu99 -Wall -Wextra -Wshadow -Wmissing-prototypes -Wdeclaration-after-statement -Wunused -Wfloat-equal -Wpointer-arith -Wwrite-strings -Wformat-security -Wmissing-format-attribute -Wcast-align -Wcast-qual -Wno-missing-field-initializers -Werror=pointer-arith -Werror=declaration-after-statement -Werror=implicit-function-declaration -Werror=write-strings -Werror=int-to-pointer-cast -Werror=pointer-to-int-cast -fstrict-aliasing -Wstrict-aliasing=2 -fstrict-overflow -Wstrict-overflow=5 -Werror=strict-overflow -D_GNU_SOURCE -fPIC -fstack-protector  -Wl,-z,relro -rdynamic CMakeFiles/echo_srv.dir/echo_srv.c.o  -o echo_srv -ldl 
make[3]: Leaving directory '/<<BUILDDIR>>/socket-wrapper-1.1.9+ds/obj'
[ 14%] Built target echo_srv
make[2]: Leaving directory '/<<BUILDDIR>>/socket-wrapper-1.1.9+ds/obj'
make[1]: *** [Makefile:166: all] Error 2
make[1]: Leaving directory '/<<BUILDDIR>>/socket-wrapper-1.1.9+ds/obj'
make: *** [debian/rules:33: obj/stamp] Error 2
dpkg-buildpackage: error: debian/rules build-arch subprocess returned exit status 2
--------------------------------------------------------------------------------
Build finished at 2018-05-02T13:26:33Z

Finished
--------


+------------------------------------------------------------------------------+
| Cleanup                                                                      |
+------------------------------------------------------------------------------+

Purging /<<BUILDDIR>>
Not cleaning session: cloned chroot in use
E: Build failure (dpkg-buildpackage died)

+------------------------------------------------------------------------------+
| Summary                                                                      |
+------------------------------------------------------------------------------+

Build Architecture: amd64
Build Type: any
Build-Space: 3072
Build-Time: 6
Distribution: unstable
Fail-Stage: build
Host Architecture: amd64
Install-Time: 13
Job: socket-wrapper_1.1.9+ds-1
Machine Architecture: amd64
Package: socket-wrapper
Package-Time: 32
Source-Version: 1.1.9+ds-1
Space: 3072
Status: attempted
Version: 1.1.9+ds-1
--------------------------------------------------------------------------------
Finished at 2018-05-02T13:26:33Z
Build needed 00:00:32, 3072k disk space
E: Build failure (dpkg-buildpackage died)
DC-Status: Failed 33.961797609s
