DC-Build-Header: sunpy 0.8.3-1 / 2018-05-02 13:06:56 +0000
DC-Task: type:rebuild-binarch-only source:sunpy version:0.8.3-1 chroot:unstable esttime:148 logfile:/tmp/sunpy_0.8.3-1_unstable_clang60.log modes:clang60:binarch-only
DC-Sbuild-call: su user42 -c 'sbuild -n --arch-any --apt-update -d unstable -v  --chroot-setup-commands=/tmp/clang60 sunpy_0.8.3-1'
sbuild (Debian sbuild) 0.73.0 (23 Dec 2016) on ip-172-31-15-38.eu-central-1.compute.internal

+==============================================================================+
| sunpy 0.8.3-1 (amd64)                        Wed, 02 May 2018 13:06:56 +0000 |
+==============================================================================+

Package: sunpy
Version: 0.8.3-1
Source Version: 0.8.3-1
Distribution: unstable
Machine Architecture: amd64
Host Architecture: amd64
Build Architecture: amd64
Build Type: any

I: NOTICE: Log filtering will replace 'var/run/schroot/mount/unstable-amd64-sbuild-a62b5ae3-e4c3-4d23-a603-be38ad33a46a' with '<<CHROOT>>'

+------------------------------------------------------------------------------+
| Chroot Setup Commands                                                        |
+------------------------------------------------------------------------------+


/tmp/clang60
------------

+ echo 'Entering customization script...'
Entering customization script...
+ CLANG_VERSION=6.0
+ echo 'Install of clang-6.0'
Install of clang-6.0
+ apt-get update
Get:1 http://127.0.0.1:9999/debian unstable InRelease [242 kB]
Get:2 http://127.0.0.1:9999/debian unstable/main Sources.diff/Index [27.9 kB]
Get:3 http://127.0.0.1:9999/debian unstable/main amd64 Packages.diff/Index [27.9 kB]
Get:4 http://127.0.0.1:9999/debian unstable/main Sources 2018-05-02-0830.09.pdiff [16.2 kB]
Get:4 http://127.0.0.1:9999/debian unstable/main Sources 2018-05-02-0830.09.pdiff [16.2 kB]
Get:5 http://127.0.0.1:9999/debian unstable/main amd64 Packages 2018-05-02-0830.09.pdiff [1781 B]
Get:5 http://127.0.0.1:9999/debian unstable/main amd64 Packages 2018-05-02-0830.09.pdiff [1781 B]
Get:6 http://127.0.0.1:9999/debian unstable/main Translation-en [6016 kB]
Fetched 6332 kB in 2s (3391 kB/s)
Reading package lists...
+ apt-get install --yes --no-install-recommends --force-yes clang-6.0
Reading package lists...
Building dependency tree...
Reading state information...
The following additional packages will be installed:
  lib32gcc1 lib32stdc++6 libbsd0 libc6-i386 libclang-common-6.0-dev
  libclang1-6.0 libedit2 libjsoncpp1 libllvm6.0 libncurses5 libobjc-7-dev
  libobjc4
Suggested packages:
  gnustep gnustep-devel clang-6.0-doc
Recommended packages:
  llvm-6.0-dev python libomp-dev libgpm2
The following NEW packages will be installed:
  clang-6.0 lib32gcc1 lib32stdc++6 libbsd0 libc6-i386 libclang-common-6.0-dev
  libclang1-6.0 libedit2 libjsoncpp1 libllvm6.0 libncurses5 libobjc-7-dev
  libobjc4
0 upgraded, 13 newly installed, 0 to remove and 0 not upgraded.
Need to get 37.7 MB of archives.
After this operation, 187 MB of additional disk space will be used.
Get:1 http://127.0.0.1:9999/debian unstable/main amd64 libjsoncpp1 amd64 1.7.4-3 [75.6 kB]
Get:2 http://127.0.0.1:9999/debian unstable/main amd64 libbsd0 amd64 0.8.7-1 [92.1 kB]
Get:3 http://127.0.0.1:9999/debian unstable/main amd64 libncurses5 amd64 6.1+20180210-2 [95.7 kB]
Get:4 http://127.0.0.1:9999/debian unstable/main amd64 libedit2 amd64 3.1-20170329-1 [85.2 kB]
Get:5 http://127.0.0.1:9999/debian unstable/main amd64 libllvm6.0 amd64 1:6.0-3 [14.5 MB]
Get:6 http://127.0.0.1:9999/debian unstable/main amd64 libobjc4 amd64 8-20180425-1 [52.4 kB]
Get:7 http://127.0.0.1:9999/debian unstable/main amd64 libobjc-7-dev amd64 7.3.0-17 [204 kB]
Get:8 http://127.0.0.1:9999/debian unstable/main amd64 libc6-i386 amd64 2.27-3 [2855 kB]
Get:9 http://127.0.0.1:9999/debian unstable/main amd64 lib32gcc1 amd64 1:8-20180425-1 [47.8 kB]
Get:10 http://127.0.0.1:9999/debian unstable/main amd64 lib32stdc++6 amd64 8-20180425-1 [406 kB]
Get:11 http://127.0.0.1:9999/debian unstable/main amd64 libclang-common-6.0-dev amd64 1:6.0-3 [3102 kB]
Get:12 http://127.0.0.1:9999/debian unstable/main amd64 libclang1-6.0 amd64 1:6.0-3 [6995 kB]
Get:13 http://127.0.0.1:9999/debian unstable/main amd64 clang-6.0 amd64 1:6.0-3 [9175 kB]
debconf: delaying package configuration, since apt-utils is not installed
Fetched 37.7 MB in 0s (96.7 MB/s)
Selecting previously unselected package libjsoncpp1:amd64.
(Reading database ... (Reading database ... 5%(Reading database ... 10%(Reading database ... 15%(Reading database ... 20%(Reading database ... 25%(Reading database ... 30%(Reading database ... 35%(Reading database ... 40%(Reading database ... 45%(Reading database ... 50%(Reading database ... 55%(Reading database ... 60%(Reading database ... 65%(Reading database ... 70%(Reading database ... 75%(Reading database ... 80%(Reading database ... 85%(Reading database ... 90%(Reading database ... 95%(Reading database ... 100%(Reading database ... 10022 files and directories currently installed.)
Preparing to unpack .../00-libjsoncpp1_1.7.4-3_amd64.deb ...
Unpacking libjsoncpp1:amd64 (1.7.4-3) ...
Selecting previously unselected package libbsd0:amd64.
Preparing to unpack .../01-libbsd0_0.8.7-1_amd64.deb ...
Unpacking libbsd0:amd64 (0.8.7-1) ...
Selecting previously unselected package libncurses5:amd64.
Preparing to unpack .../02-libncurses5_6.1+20180210-2_amd64.deb ...
Unpacking libncurses5:amd64 (6.1+20180210-2) ...
Selecting previously unselected package libedit2:amd64.
Preparing to unpack .../03-libedit2_3.1-20170329-1_amd64.deb ...
Unpacking libedit2:amd64 (3.1-20170329-1) ...
Selecting previously unselected package libllvm6.0:amd64.
Preparing to unpack .../04-libllvm6.0_1%3a6.0-3_amd64.deb ...
Unpacking libllvm6.0:amd64 (1:6.0-3) ...
Selecting previously unselected package libobjc4:amd64.
Preparing to unpack .../05-libobjc4_8-20180425-1_amd64.deb ...
Unpacking libobjc4:amd64 (8-20180425-1) ...
Selecting previously unselected package libobjc-7-dev:amd64.
Preparing to unpack .../06-libobjc-7-dev_7.3.0-17_amd64.deb ...
Unpacking libobjc-7-dev:amd64 (7.3.0-17) ...
Selecting previously unselected package libc6-i386.
Preparing to unpack .../07-libc6-i386_2.27-3_amd64.deb ...
Unpacking libc6-i386 (2.27-3) ...
Selecting previously unselected package lib32gcc1.
Preparing to unpack .../08-lib32gcc1_1%3a8-20180425-1_amd64.deb ...
Unpacking lib32gcc1 (1:8-20180425-1) ...
Selecting previously unselected package lib32stdc++6.
Preparing to unpack .../09-lib32stdc++6_8-20180425-1_amd64.deb ...
Unpacking lib32stdc++6 (8-20180425-1) ...
Selecting previously unselected package libclang-common-6.0-dev.
Preparing to unpack .../10-libclang-common-6.0-dev_1%3a6.0-3_amd64.deb ...
Unpacking libclang-common-6.0-dev (1:6.0-3) ...
Selecting previously unselected package libclang1-6.0:amd64.
Preparing to unpack .../11-libclang1-6.0_1%3a6.0-3_amd64.deb ...
Unpacking libclang1-6.0:amd64 (1:6.0-3) ...
Selecting previously unselected package clang-6.0.
Preparing to unpack .../12-clang-6.0_1%3a6.0-3_amd64.deb ...
Unpacking clang-6.0 (1:6.0-3) ...
Setting up libncurses5:amd64 (6.1+20180210-2) ...
Setting up libobjc4:amd64 (8-20180425-1) ...
Setting up libc6-i386 (2.27-3) ...
Setting up libbsd0:amd64 (0.8.7-1) ...
Setting up libobjc-7-dev:amd64 (7.3.0-17) ...
Processing triggers for libc-bin (2.27-3) ...
Setting up lib32gcc1 (1:8-20180425-1) ...
Setting up libjsoncpp1:amd64 (1.7.4-3) ...
Setting up libedit2:amd64 (3.1-20170329-1) ...
Setting up libllvm6.0:amd64 (1:6.0-3) ...
Setting up libclang1-6.0:amd64 (1:6.0-3) ...
Setting up lib32stdc++6 (8-20180425-1) ...
Setting up libclang-common-6.0-dev (1:6.0-3) ...
Setting up clang-6.0 (1:6.0-3) ...
Processing triggers for libc-bin (2.27-3) ...
W: --force-yes is deprecated, use one of the options starting with --allow instead.
+ echo 'Replace gcc, g++ & cpp by clang'
Replace gcc, g++ & cpp by clang
+ VERSIONS='4.6 4.7 4.8 4.9 5 6 7 8'
+ cd /usr/bin
+ for VERSION in $VERSIONS
+ rm -f g++-4.6 gcc-4.6 cpp-4.6 gcc
+ ln -s clang++-6.0 g++-4.6
+ ln -s clang-6.0 gcc-4.6
+ ln -s clang-6.0 cpp-4.6
+ ln -s clang-6.0 gcc
+ echo 'gcc-4.6 hold'
+ dpkg --set-selections
dpkg: warning: package not in status nor available database at line 1: gcc-4.6
dpkg: warning: found unknown packages; this might mean the available database
is outdated, and needs to be updated through a frontend method;
please see the FAQ <https://wiki.debian.org/Teams/Dpkg/FAQ>
+ echo 'g++-4.6 hold'
+ dpkg --set-selections
dpkg: warning: package not in status nor available database at line 1: g++-4.6
dpkg: warning: found unknown packages; this might mean the available database
is outdated, and needs to be updated through a frontend method;
please see the FAQ <https://wiki.debian.org/Teams/Dpkg/FAQ>
+ for VERSION in $VERSIONS
+ rm -f g++-4.7 gcc-4.7 cpp-4.7 gcc
+ ln -s clang++-6.0 g++-4.7
+ ln -s clang-6.0 gcc-4.7
+ ln -s clang-6.0 cpp-4.7
+ ln -s clang-6.0 gcc
+ echo 'gcc-4.7 hold'
+ dpkg --set-selections
dpkg: warning: package not in status nor available database at line 1: gcc-4.7
dpkg: warning: found unknown packages; this might mean the available database
is outdated, and needs to be updated through a frontend method;
please see the FAQ <https://wiki.debian.org/Teams/Dpkg/FAQ>
+ echo 'g++-4.7 hold'
+ dpkg --set-selections
dpkg: warning: package not in status nor available database at line 1: g++-4.7
dpkg: warning: found unknown packages; this might mean the available database
is outdated, and needs to be updated through a frontend method;
please see the FAQ <https://wiki.debian.org/Teams/Dpkg/FAQ>
+ for VERSION in $VERSIONS
+ rm -f g++-4.8 gcc-4.8 cpp-4.8 gcc
+ ln -s clang++-6.0 g++-4.8
+ ln -s clang-6.0 gcc-4.8
+ ln -s clang-6.0 cpp-4.8
+ ln -s clang-6.0 gcc
+ echo 'gcc-4.8 hold'
+ dpkg --set-selections
dpkg: warning: package not in status nor available database at line 1: gcc-4.8
dpkg: warning: found unknown packages; this might mean the available database
is outdated, and needs to be updated through a frontend method;
please see the FAQ <https://wiki.debian.org/Teams/Dpkg/FAQ>
+ echo 'g++-4.8 hold'
+ dpkg --set-selections
dpkg: warning: package not in status nor available database at line 1: g++-4.8
dpkg: warning: found unknown packages; this might mean the available database
is outdated, and needs to be updated through a frontend method;
please see the FAQ <https://wiki.debian.org/Teams/Dpkg/FAQ>
+ for VERSION in $VERSIONS
+ rm -f g++-4.9 gcc-4.9 cpp-4.9 gcc
+ ln -s clang++-6.0 g++-4.9
+ ln -s clang-6.0 gcc-4.9
+ ln -s clang-6.0 cpp-4.9
+ ln -s clang-6.0 gcc
+ echo 'gcc-4.9 hold'
+ dpkg --set-selections
dpkg: warning: package not in status nor available database at line 1: gcc-4.9
dpkg: warning: found unknown packages; this might mean the available database
is outdated, and needs to be updated through a frontend method;
please see the FAQ <https://wiki.debian.org/Teams/Dpkg/FAQ>
+ echo 'g++-4.9 hold'
+ dpkg --set-selections
dpkg: warning: package not in status nor available database at line 1: g++-4.9
dpkg: warning: found unknown packages; this might mean the available database
is outdated, and needs to be updated through a frontend method;
please see the FAQ <https://wiki.debian.org/Teams/Dpkg/FAQ>
+ for VERSION in $VERSIONS
+ rm -f g++-5 gcc-5 cpp-5 gcc
+ ln -s clang++-6.0 g++-5
+ ln -s clang-6.0 gcc-5
+ ln -s clang-6.0 cpp-5
+ ln -s clang-6.0 gcc
+ echo 'gcc-5 hold'
+ dpkg --set-selections
+ echo 'g++-5 hold'
+ dpkg --set-selections
+ for VERSION in $VERSIONS
+ rm -f g++-6 gcc-6 cpp-6 gcc
+ ln -s clang++-6.0 g++-6
+ ln -s clang-6.0 gcc-6
+ ln -s clang-6.0 cpp-6
+ ln -s clang-6.0 gcc
+ echo 'gcc-6 hold'
+ dpkg --set-selections
dpkg: warning: package not in status nor available database at line 1: gcc-6
dpkg: warning: found unknown packages; this might mean the available database
is outdated, and needs to be updated through a frontend method;
please see the FAQ <https://wiki.debian.org/Teams/Dpkg/FAQ>
+ echo 'g++-6 hold'
+ dpkg --set-selections
dpkg: warning: package not in status nor available database at line 1: g++-6
dpkg: warning: found unknown packages; this might mean the available database
is outdated, and needs to be updated through a frontend method;
please see the FAQ <https://wiki.debian.org/Teams/Dpkg/FAQ>
+ for VERSION in $VERSIONS
+ rm -f g++-7 gcc-7 cpp-7 gcc
+ ln -s clang++-6.0 g++-7
+ ln -s clang-6.0 gcc-7
+ ln -s clang-6.0 cpp-7
+ ln -s clang-6.0 gcc
+ echo 'gcc-7 hold'
+ dpkg --set-selections
+ echo 'g++-7 hold'
+ dpkg --set-selections
+ for VERSION in $VERSIONS
+ rm -f g++-8 gcc-8 cpp-8 gcc
+ ln -s clang++-6.0 g++-8
+ ln -s clang-6.0 gcc-8
+ ln -s clang-6.0 cpp-8
+ ln -s clang-6.0 gcc
+ echo 'gcc-8 hold'
+ dpkg --set-selections
dpkg: warning: package not in status nor available database at line 1: gcc-8
dpkg: warning: found unknown packages; this might mean the available database
is outdated, and needs to be updated through a frontend method;
please see the FAQ <https://wiki.debian.org/Teams/Dpkg/FAQ>
+ echo 'g++-8 hold'
+ dpkg --set-selections
dpkg: warning: package not in status nor available database at line 1: g++-8
dpkg: warning: found unknown packages; this might mean the available database
is outdated, and needs to be updated through a frontend method;
please see the FAQ <https://wiki.debian.org/Teams/Dpkg/FAQ>
+ cd -
/build/sunpy-140zNd
+ echo 'Check if gcc, g++ & cpp are actually clang'
Check if gcc, g++ & cpp are actually clang
+ gcc --version
+ grep clang
+ cpp --version
+ grep clang
+ g++ --version
+ grep clang

I: Finished running '/tmp/clang60'.

Finished processing commands.
--------------------------------------------------------------------------------

+------------------------------------------------------------------------------+
| Update chroot                                                                |
+------------------------------------------------------------------------------+

Hit:1 http://127.0.0.1:9999/debian unstable InRelease
Reading package lists...
Reading package lists...
Building dependency tree...
Reading state information...
Calculating upgrade...
0 upgraded, 0 newly installed, 0 to remove and 0 not upgraded.

+------------------------------------------------------------------------------+
| Fetch source files                                                           |
+------------------------------------------------------------------------------+


Check APT
---------

Checking available source versions...

Download source files with APT
------------------------------

Reading package lists...
NOTICE: 'sunpy' packaging is maintained in the 'Git' version control system at:
https://salsa.debian.org/debian-astro-team/sunpy.git
Please use:
git clone https://salsa.debian.org/debian-astro-team/sunpy.git
to retrieve the latest (possibly unreleased) updates to the package.
Need to get 6201 kB of source archives.
Get:1 http://127.0.0.1:9999/debian unstable/main sunpy 0.8.3-1 (dsc) [2933 B]
Get:2 http://127.0.0.1:9999/debian unstable/main sunpy 0.8.3-1 (tar) [6192 kB]
Get:3 http://127.0.0.1:9999/debian unstable/main sunpy 0.8.3-1 (diff) [6212 B]
Fetched 6201 kB in 0s (37.2 MB/s)
Download complete and in download only mode
I: NOTICE: Log filtering will replace 'build/sunpy-140zNd/sunpy-0.8.3' with '<<PKGBUILDDIR>>'
I: NOTICE: Log filtering will replace 'build/sunpy-140zNd' with '<<BUILDDIR>>'

+------------------------------------------------------------------------------+
| Install build-essential                                                      |
+------------------------------------------------------------------------------+


Setup apt archive
-----------------

Merged Build-Depends: build-essential, fakeroot
Filtered Build-Depends: build-essential, fakeroot
dpkg-deb: building package 'sbuild-build-depends-core-dummy' in '/<<BUILDDIR>>/resolver-jklouy/apt_archive/sbuild-build-depends-core-dummy.deb'.
dpkg-scanpackages: warning: Packages in archive but missing from override file:
dpkg-scanpackages: warning:   sbuild-build-depends-core-dummy
dpkg-scanpackages: info: Wrote 1 entries to output Packages file.
Ign:1 copy:/<<BUILDDIR>>/resolver-jklouy/apt_archive ./ InRelease
Get:2 copy:/<<BUILDDIR>>/resolver-jklouy/apt_archive ./ Release [957 B]
Ign:3 copy:/<<BUILDDIR>>/resolver-jklouy/apt_archive ./ Release.gpg
Get:4 copy:/<<BUILDDIR>>/resolver-jklouy/apt_archive ./ Sources [349 B]
Get:5 copy:/<<BUILDDIR>>/resolver-jklouy/apt_archive ./ Packages [432 B]
Fetched 1738 B in 0s (0 B/s)
Reading package lists...
Reading package lists...

Install core build dependencies (apt-based resolver)
----------------------------------------------------

Installing build dependencies
Reading package lists...
Building dependency tree...
Reading state information...
The following NEW packages will be installed:
  sbuild-build-depends-core-dummy
0 upgraded, 1 newly installed, 0 to remove and 0 not upgraded.
Need to get 852 B of archives.
After this operation, 0 B of additional disk space will be used.
Get:1 copy:/<<BUILDDIR>>/resolver-jklouy/apt_archive ./ sbuild-build-depends-core-dummy 0.invalid.0 [852 B]
debconf: delaying package configuration, since apt-utils is not installed
Fetched 852 B in 0s (0 B/s)
Selecting previously unselected package sbuild-build-depends-core-dummy.
(Reading database ... 10771 files and directories currently installed.)
Preparing to unpack .../sbuild-build-depends-core-dummy_0.invalid.0_amd64.deb ...
Unpacking sbuild-build-depends-core-dummy (0.invalid.0) ...
Setting up sbuild-build-depends-core-dummy (0.invalid.0) ...

+------------------------------------------------------------------------------+
| Check architectures                                                          |
+------------------------------------------------------------------------------+

Arch check ok (amd64 included in any)

+------------------------------------------------------------------------------+
| Install package build dependencies                                           |
+------------------------------------------------------------------------------+


Setup apt archive
-----------------

Merged Build-Depends: debhelper (>= 9), dh-python, python-all-dev (>= 2.7), python-astropy (>= 1.0), python-astropy-helpers, python-bs4, python-hypothesis, python-matplotlib (>= 1.1), python-mock, python-numpy, python-pandas, python-pytest, python-pytest-mock, python-requests, python-scipy, python-setuptools, python-skimage, python-sqlalchemy, python-suds, python3-all-dev (>= 3.4), python3-astropy (>= 1.0), python3-astropy-helpers, python3-bs4, python3-hypothesis, python3-matplotlib (>= 1.1), python3-mock, python3-numpy, python3-pandas, python3-pytest, python3-pytest-mock, python3-requests, python3-scipy, python3-setuptools, python3-skimage, python3-sqlalchemy, python3-suds
Filtered Build-Depends: debhelper (>= 9), dh-python, python-all-dev (>= 2.7), python-astropy (>= 1.0), python-astropy-helpers, python-bs4, python-hypothesis, python-matplotlib (>= 1.1), python-mock, python-numpy, python-pandas, python-pytest, python-pytest-mock, python-requests, python-scipy, python-setuptools, python-skimage, python-sqlalchemy, python-suds, python3-all-dev (>= 3.4), python3-astropy (>= 1.0), python3-astropy-helpers, python3-bs4, python3-hypothesis, python3-matplotlib (>= 1.1), python3-mock, python3-numpy, python3-pandas, python3-pytest, python3-pytest-mock, python3-requests, python3-scipy, python3-setuptools, python3-skimage, python3-sqlalchemy, python3-suds
dpkg-deb: building package 'sbuild-build-depends-sunpy-dummy' in '/<<BUILDDIR>>/resolver-jklouy/apt_archive/sbuild-build-depends-sunpy-dummy.deb'.
dpkg-scanpackages: warning: Packages in archive but missing from override file:
dpkg-scanpackages: warning:   sbuild-build-depends-core-dummy sbuild-build-depends-sunpy-dummy
dpkg-scanpackages: info: Wrote 2 entries to output Packages file.
Ign:1 copy:/<<BUILDDIR>>/resolver-jklouy/apt_archive ./ InRelease
Get:2 copy:/<<BUILDDIR>>/resolver-jklouy/apt_archive ./ Release [963 B]
Ign:3 copy:/<<BUILDDIR>>/resolver-jklouy/apt_archive ./ Release.gpg
Get:4 copy:/<<BUILDDIR>>/resolver-jklouy/apt_archive ./ Sources [666 B]
Get:5 copy:/<<BUILDDIR>>/resolver-jklouy/apt_archive ./ Packages [751 B]
Fetched 2380 B in 0s (0 B/s)
Reading package lists...
Reading package lists...

Install sunpy build dependencies (apt-based resolver)
-----------------------------------------------------

Installing build dependencies
Reading package lists...
Building dependency tree...
Reading state information...
The following additional packages will be installed:
  autoconf automake autopoint autotools-dev bsdmainutils ca-certificates
  debhelper dh-autoreconf dh-python dh-strip-nondeterminism file fonts-lyx
  gettext gettext-base groff-base intltool-debian libarchive-zip-perl libblas3
  libcfitsio5 libcroco3 libcurl3-gnutls liberfa1 libexpat1 libexpat1-dev
  libfile-stripnondeterminism-perl libfreetype6 libgfortran4 libglib2.0-0
  libgssapi-krb5-2 libicu57 libjbig0 libjpeg62-turbo libjs-jquery
  libjs-jquery-ui libk5crypto3 libkeyutils1 libkrb5-3 libkrb5support0
  liblapack3 liblcms2-2 libldap-2.4-2 libldap-common libmagic-mgc libmagic1
  libmpdec2 libncursesw6 libnghttp2-14 libpipeline1 libpng16-16 libpsl5
  libpython-all-dev libpython-dev libpython-stdlib libpython2.7
  libpython2.7-dev libpython2.7-minimal libpython2.7-stdlib libpython3-all-dev
  libpython3-dev libpython3-stdlib libpython3.6 libpython3.6-dev
  libpython3.6-minimal libpython3.6-stdlib libreadline7 librtmp1 libsasl2-2
  libsasl2-modules-db libsigsegv2 libsqlite3-0 libssh2-1 libssl1.1 libtiff5
  libtimedate-perl libtool libwcs5 libwebp6 libwebpdemux2 libwebpmux3 libxml2
  m4 man-db mime-support openssl po-debconf python python-all python-all-dev
  python-astropy python-astropy-helpers python-attr
  python-backports.functools-lru-cache python-bs4 python-certifi
  python-chardet python-configobj python-coverage python-cycler
  python-dateutil python-decorator python-dev python-enum34 python-funcsigs
  python-hypothesis python-idna python-kiwisolver python-matplotlib
  python-matplotlib-data python-minimal python-mock python-networkx
  python-numpy python-pandas python-pandas-lib python-pbr python-pil
  python-pkg-resources python-pluggy python-ply python-py python-pyparsing
  python-pytest python-pytest-mock python-pywt python-requests python-scipy
  python-setuptools python-six python-skimage python-skimage-lib
  python-sqlalchemy python-subprocess32 python-suds python-tz python-urllib3
  python2.7 python2.7-dev python2.7-minimal python3 python3-all
  python3-all-dev python3-astropy python3-astropy-helpers python3-attr
  python3-bs4 python3-certifi python3-chardet python3-configobj
  python3-coverage python3-cycler python3-dateutil python3-decorator
  python3-dev python3-distutils python3-hypothesis python3-idna
  python3-kiwisolver python3-lib2to3 python3-matplotlib python3-minimal
  python3-mock python3-networkx python3-numpy python3-pandas
  python3-pandas-lib python3-pbr python3-pil python3-pkg-resources
  python3-pluggy python3-ply python3-psutil python3-py python3-pyparsing
  python3-pytest python3-pytest-arraydiff python3-pytest-astropy
  python3-pytest-doctestplus python3-pytest-mock python3-pytest-openfiles
  python3-pytest-remotedata python3-pywt python3-requests python3-scipy
  python3-setuptools python3-six python3-skimage python3-skimage-lib
  python3-sqlalchemy python3-suds python3-tz python3-urllib3 python3.6
  python3.6-dev python3.6-minimal readline-common ttf-bitstream-vera tzdata
Suggested packages:
  autoconf-archive gnu-standards autoconf-doc wamerican | wordlist whois
  vacation dh-make dwz gettext-doc libasprintf-dev libgettextpo-dev groff
  krb5-doc krb5-user libjs-jquery-ui-docs liblcms2-utils libtool-doc gfortran
  | fortran95-compiler gcj-jdk m4-doc apparmor less www-browser
  libmail-box-perl python-doc python-tk libxml2-utils
  python-astropy-affiliated python-astropy-doc python-beautifulsoup
  python-h5py python-yaml python-attr-doc python-configobj-doc
  python-coverage-doc python-cycler-doc python-enum34-doc python-funcsigs-doc
  python-hypothesis-doc dvipng ffmpeg gir1.2-gtk-3.0 ghostscript inkscape
  ipython librsvg2-common python-cairocffi python-excelerator python-gobject
  python-matplotlib-doc python-nose python-qt4 python-sip python-tornado
  python-traits python-wxgtk3.0 texlive-extra-utils texlive-latex-extra
  ttf-staypuft python-mock-doc python-networkx-doc gfortran python-numpy-dbg
  python-numpy-doc python-pandas-doc python-pil-doc python-pil-dbg
  python-ply-doc subversion python-pytest-xdist python-pyparsing-doc
  python-cryptography python-openssl python-socks python-scipy-doc
  python-setuptools-doc python-opencv python-skimage-doc python-sqlalchemy-doc
  python-psycopg2 python-mysqldb python-fdb python-pymssql python-ntlm
  python2.7-doc binfmt-support python3-doc python3-tk python3-venv
  python3-astropy-affiliated python3-beautifulsoup python3-h5py python3-yaml
  ipython3 python3-cairocffi python3-gi python3-gi-cairo python3-gobject
  python3-nose python3-pyqt4 python3-sip python3-tornado python3-numpy-dbg
  python3-pil-dbg python-psutil-doc python3-cryptography python3-openssl
  python3-socks python3-psycopg2 python3-mysqldb python3-fdb python3.6-venv
  python3.6-doc readline-doc
Recommended packages:
  curl | wget | lynx libarchive-cpio-perl libglib2.0-data shared-mime-info
  xdg-user-dirs javascript-common krb5-locales libgpm2 publicsuffix
  libsasl2-modules libltdl-dev libmail-sendmail-perl libjs-jquery-datatables
  python-lxml | python-html5lib libjs-jquery-isonscreen
  libjs-jquery-tablesorter libjs-jquery-throttle-debounce python-tk
  python-pygraphviz | python-pydot python-yaml python-tables python-numexpr
  python-xlrd python-statsmodels python-openpyxl python-xlwt python-html5lib
  python-lxml python-olefile python-nose python-qt4 python-sqlalchemy-ext
  python-cryptography python-ipaddress python-openssl python3-lxml python3-tk
  python3-yaml python3-numexpr python3-tables python3-html5lib python3-olefile
  python3-nose python3-sqlalchemy-ext
The following NEW packages will be installed:
  autoconf automake autopoint autotools-dev bsdmainutils ca-certificates
  debhelper dh-autoreconf dh-python dh-strip-nondeterminism file fonts-lyx
  gettext gettext-base groff-base intltool-debian libarchive-zip-perl libblas3
  libcfitsio5 libcroco3 libcurl3-gnutls liberfa1 libexpat1 libexpat1-dev
  libfile-stripnondeterminism-perl libfreetype6 libgfortran4 libglib2.0-0
  libgssapi-krb5-2 libicu57 libjbig0 libjpeg62-turbo libjs-jquery
  libjs-jquery-ui libk5crypto3 libkeyutils1 libkrb5-3 libkrb5support0
  liblapack3 liblcms2-2 libldap-2.4-2 libldap-common libmagic-mgc libmagic1
  libmpdec2 libncursesw6 libnghttp2-14 libpipeline1 libpng16-16 libpsl5
  libpython-all-dev libpython-dev libpython-stdlib libpython2.7
  libpython2.7-dev libpython2.7-minimal libpython2.7-stdlib libpython3-all-dev
  libpython3-dev libpython3-stdlib libpython3.6 libpython3.6-dev
  libpython3.6-minimal libpython3.6-stdlib libreadline7 librtmp1 libsasl2-2
  libsasl2-modules-db libsigsegv2 libsqlite3-0 libssh2-1 libssl1.1 libtiff5
  libtimedate-perl libtool libwcs5 libwebp6 libwebpdemux2 libwebpmux3 libxml2
  m4 man-db mime-support openssl po-debconf python python-all python-all-dev
  python-astropy python-astropy-helpers python-attr
  python-backports.functools-lru-cache python-bs4 python-certifi
  python-chardet python-configobj python-coverage python-cycler
  python-dateutil python-decorator python-dev python-enum34 python-funcsigs
  python-hypothesis python-idna python-kiwisolver python-matplotlib
  python-matplotlib-data python-minimal python-mock python-networkx
  python-numpy python-pandas python-pandas-lib python-pbr python-pil
  python-pkg-resources python-pluggy python-ply python-py python-pyparsing
  python-pytest python-pytest-mock python-pywt python-requests python-scipy
  python-setuptools python-six python-skimage python-skimage-lib
  python-sqlalchemy python-subprocess32 python-suds python-tz python-urllib3
  python2.7 python2.7-dev python2.7-minimal python3 python3-all
  python3-all-dev python3-astropy python3-astropy-helpers python3-attr
  python3-bs4 python3-certifi python3-chardet python3-configobj
  python3-coverage python3-cycler python3-dateutil python3-decorator
  python3-dev python3-distutils python3-hypothesis python3-idna
  python3-kiwisolver python3-lib2to3 python3-matplotlib python3-minimal
  python3-mock python3-networkx python3-numpy python3-pandas
  python3-pandas-lib python3-pbr python3-pil python3-pkg-resources
  python3-pluggy python3-ply python3-psutil python3-py python3-pyparsing
  python3-pytest python3-pytest-arraydiff python3-pytest-astropy
  python3-pytest-doctestplus python3-pytest-mock python3-pytest-openfiles
  python3-pytest-remotedata python3-pywt python3-requests python3-scipy
  python3-setuptools python3-six python3-skimage python3-skimage-lib
  python3-sqlalchemy python3-suds python3-tz python3-urllib3 python3.6
  python3.6-dev python3.6-minimal readline-common
  sbuild-build-depends-sunpy-dummy ttf-bitstream-vera tzdata
0 upgraded, 198 newly installed, 0 to remove and 0 not upgraded.
Need to get 220 MB of archives.
After this operation, 631 MB of additional disk space will be used.
Get:1 copy:/<<BUILDDIR>>/resolver-jklouy/apt_archive ./ sbuild-build-depends-sunpy-dummy 0.invalid.0 [1032 B]
Get:2 http://127.0.0.1:9999/debian unstable/main amd64 bsdmainutils amd64 11.1.2 [190 kB]
Get:3 http://127.0.0.1:9999/debian unstable/main amd64 groff-base amd64 1.22.3-10 [1176 kB]
Get:4 http://127.0.0.1:9999/debian unstable/main amd64 libpipeline1 amd64 1.5.0-1 [29.0 kB]
Get:5 http://127.0.0.1:9999/debian unstable/main amd64 man-db amd64 2.8.3-2 [1180 kB]
Get:6 http://127.0.0.1:9999/debian unstable/main amd64 libpython2.7-minimal amd64 2.7.15-1 [393 kB]
Get:7 http://127.0.0.1:9999/debian unstable/main amd64 python2.7-minimal amd64 2.7.15-1 [1353 kB]
Get:8 http://127.0.0.1:9999/debian unstable/main amd64 python-minimal amd64 2.7.15~rc1-1 [41.1 kB]
Get:9 http://127.0.0.1:9999/debian unstable/main amd64 mime-support all 3.60 [36.7 kB]
Get:10 http://127.0.0.1:9999/debian unstable/main amd64 libexpat1 amd64 2.2.5-3 [96.8 kB]
Get:11 http://127.0.0.1:9999/debian unstable/main amd64 libncursesw6 amd64 6.1+20180210-2 [131 kB]
Get:12 http://127.0.0.1:9999/debian unstable/main amd64 readline-common all 7.0-3 [70.4 kB]
Get:13 http://127.0.0.1:9999/debian unstable/main amd64 libreadline7 amd64 7.0-3+b1 [151 kB]
Get:14 http://127.0.0.1:9999/debian unstable/main amd64 libsqlite3-0 amd64 3.23.1-1 [603 kB]
Get:15 http://127.0.0.1:9999/debian unstable/main amd64 libssl1.1 amd64 1.1.0h-2 [1352 kB]
Get:16 http://127.0.0.1:9999/debian unstable/main amd64 libpython2.7-stdlib amd64 2.7.15-1 [1912 kB]
Get:17 http://127.0.0.1:9999/debian unstable/main amd64 python2.7 amd64 2.7.15-1 [298 kB]
Get:18 http://127.0.0.1:9999/debian unstable/main amd64 libpython-stdlib amd64 2.7.15~rc1-1 [20.5 kB]
Get:19 http://127.0.0.1:9999/debian unstable/main amd64 python amd64 2.7.15~rc1-1 [155 kB]
Get:20 http://127.0.0.1:9999/debian unstable/main amd64 libpython3.6-minimal amd64 3.6.5-5 [572 kB]
Get:21 http://127.0.0.1:9999/debian unstable/main amd64 python3.6-minimal amd64 3.6.5-5 [1728 kB]
Get:22 http://127.0.0.1:9999/debian unstable/main amd64 python3-minimal amd64 3.6.5-3 [36.2 kB]
Get:23 http://127.0.0.1:9999/debian unstable/main amd64 libmpdec2 amd64 2.4.2-2 [87.2 kB]
Get:24 http://127.0.0.1:9999/debian unstable/main amd64 libpython3.6-stdlib amd64 3.6.5-5 [1730 kB]
Get:25 http://127.0.0.1:9999/debian unstable/main amd64 python3.6 amd64 3.6.5-5 [229 kB]
Get:26 http://127.0.0.1:9999/debian unstable/main amd64 libpython3-stdlib amd64 3.6.5-3 [19.7 kB]
Get:27 http://127.0.0.1:9999/debian unstable/main amd64 python3 amd64 3.6.5-3 [24.1 kB]
Get:28 http://127.0.0.1:9999/debian unstable/main amd64 tzdata all 2018d-1 [252 kB]
Get:29 http://127.0.0.1:9999/debian unstable/main amd64 libmagic-mgc amd64 1:5.33-2 [234 kB]
Get:30 http://127.0.0.1:9999/debian unstable/main amd64 libmagic1 amd64 1:5.33-2 [113 kB]
Get:31 http://127.0.0.1:9999/debian unstable/main amd64 file amd64 1:5.33-2 [65.6 kB]
Get:32 http://127.0.0.1:9999/debian unstable/main amd64 gettext-base amd64 0.19.8.1-6 [122 kB]
Get:33 http://127.0.0.1:9999/debian unstable/main amd64 libsigsegv2 amd64 2.12-2 [32.8 kB]
Get:34 http://127.0.0.1:9999/debian unstable/main amd64 m4 amd64 1.4.18-1 [202 kB]
Get:35 http://127.0.0.1:9999/debian unstable/main amd64 autoconf all 2.69-11 [341 kB]
Get:36 http://127.0.0.1:9999/debian unstable/main amd64 autotools-dev all 20180224.1 [77.0 kB]
Get:37 http://127.0.0.1:9999/debian unstable/main amd64 automake all 1:1.15.1-3.1 [736 kB]
Get:38 http://127.0.0.1:9999/debian unstable/main amd64 autopoint all 0.19.8.1-6 [434 kB]
Get:39 http://127.0.0.1:9999/debian unstable/main amd64 openssl amd64 1.1.0h-2 [744 kB]
Get:40 http://127.0.0.1:9999/debian unstable/main amd64 ca-certificates all 20180409 [161 kB]
Get:41 http://127.0.0.1:9999/debian unstable/main amd64 libtool all 2.4.6-2.1 [547 kB]
Get:42 http://127.0.0.1:9999/debian unstable/main amd64 dh-autoreconf all 17 [16.5 kB]
Get:43 http://127.0.0.1:9999/debian unstable/main amd64 libarchive-zip-perl all 1.60-1 [95.6 kB]
Get:44 http://127.0.0.1:9999/debian unstable/main amd64 libfile-stripnondeterminism-perl all 0.041-1 [19.9 kB]
Get:45 http://127.0.0.1:9999/debian unstable/main amd64 libtimedate-perl all 2.3000-2 [42.2 kB]
Get:46 http://127.0.0.1:9999/debian unstable/main amd64 dh-strip-nondeterminism all 0.041-1 [12.0 kB]
Get:47 http://127.0.0.1:9999/debian unstable/main amd64 libglib2.0-0 amd64 2.56.1-2 [2928 kB]
Get:48 http://127.0.0.1:9999/debian unstable/main amd64 libicu57 amd64 57.1-9 [7698 kB]
Get:49 http://127.0.0.1:9999/debian unstable/main amd64 libxml2 amd64 2.9.4+dfsg1-6.1 [725 kB]
Get:50 http://127.0.0.1:9999/debian unstable/main amd64 libcroco3 amd64 0.6.12-2 [144 kB]
Get:51 http://127.0.0.1:9999/debian unstable/main amd64 gettext amd64 0.19.8.1-6 [1302 kB]
Get:52 http://127.0.0.1:9999/debian unstable/main amd64 intltool-debian all 0.35.0+20060710.4 [26.3 kB]
Get:53 http://127.0.0.1:9999/debian unstable/main amd64 po-debconf all 1.0.20 [247 kB]
Get:54 http://127.0.0.1:9999/debian unstable/main amd64 debhelper all 11.2.1 [1013 kB]
Get:55 http://127.0.0.1:9999/debian unstable/main amd64 dh-python all 3.20180326 [93.2 kB]
Get:56 http://127.0.0.1:9999/debian unstable/main amd64 fonts-lyx all 2.3.0-2 [198 kB]
Get:57 http://127.0.0.1:9999/debian unstable/main amd64 libgfortran4 amd64 7.3.0-17 [487 kB]
Get:58 http://127.0.0.1:9999/debian unstable/main amd64 libblas3 amd64 3.8.0-1 [150 kB]
Get:59 http://127.0.0.1:9999/debian unstable/main amd64 libkeyutils1 amd64 1.5.9-9.2 [12.9 kB]
Get:60 http://127.0.0.1:9999/debian unstable/main amd64 libkrb5support0 amd64 1.16-2 [62.8 kB]
Get:61 http://127.0.0.1:9999/debian unstable/main amd64 libk5crypto3 amd64 1.16-2 [121 kB]
Get:62 http://127.0.0.1:9999/debian unstable/main amd64 libkrb5-3 amd64 1.16-2 [316 kB]
Get:63 http://127.0.0.1:9999/debian unstable/main amd64 libgssapi-krb5-2 amd64 1.16-2 [158 kB]
Get:64 http://127.0.0.1:9999/debian unstable/main amd64 libsasl2-modules-db amd64 2.1.27~101-g0780600+dfsg-3.1 [68.6 kB]
Get:65 http://127.0.0.1:9999/debian unstable/main amd64 libsasl2-2 amd64 2.1.27~101-g0780600+dfsg-3.1 [105 kB]
Get:66 http://127.0.0.1:9999/debian unstable/main amd64 libldap-common all 2.4.45+dfsg-1 [87.0 kB]
Get:67 http://127.0.0.1:9999/debian unstable/main amd64 libldap-2.4-2 amd64 2.4.45+dfsg-1 [223 kB]
Get:68 http://127.0.0.1:9999/debian unstable/main amd64 libnghttp2-14 amd64 1.31.1-1 [80.7 kB]
Get:69 http://127.0.0.1:9999/debian unstable/main amd64 libpsl5 amd64 0.20.1-1 [52.6 kB]
Get:70 http://127.0.0.1:9999/debian unstable/main amd64 librtmp1 amd64 2.4+20151223.gitfa8646d.1-1+b1 [60.4 kB]
Get:71 http://127.0.0.1:9999/debian unstable/main amd64 libssh2-1 amd64 1.8.0-1 [138 kB]
Get:72 http://127.0.0.1:9999/debian unstable/main amd64 libcurl3-gnutls amd64 7.58.0-2 [310 kB]
Get:73 http://127.0.0.1:9999/debian unstable/main amd64 libcfitsio5 amd64 3.430-2 [524 kB]
Get:74 http://127.0.0.1:9999/debian unstable/main amd64 liberfa1 amd64 1.4.0-1 [116 kB]
Get:75 http://127.0.0.1:9999/debian unstable/main amd64 libexpat1-dev amd64 2.2.5-3 [140 kB]
Get:76 http://127.0.0.1:9999/debian unstable/main amd64 libpng16-16 amd64 1.6.34-1 [287 kB]
Get:77 http://127.0.0.1:9999/debian unstable/main amd64 libfreetype6 amd64 2.8.1-2 [461 kB]
Get:78 http://127.0.0.1:9999/debian unstable/main amd64 libjbig0 amd64 2.1-3.1+b2 [31.0 kB]
Get:79 http://127.0.0.1:9999/debian unstable/main amd64 libjpeg62-turbo amd64 1:1.5.2-2+b1 [134 kB]
Get:80 http://127.0.0.1:9999/debian unstable/main amd64 libjs-jquery all 3.2.1-1 [154 kB]
Get:81 http://127.0.0.1:9999/debian unstable/main amd64 libjs-jquery-ui all 1.12.1+dfsg-5 [232 kB]
Get:82 http://127.0.0.1:9999/debian unstable/main amd64 liblapack3 amd64 3.8.0-1 [2146 kB]
Get:83 http://127.0.0.1:9999/debian unstable/main amd64 liblcms2-2 amd64 2.9-1 [145 kB]
Get:84 http://127.0.0.1:9999/debian unstable/main amd64 libpython2.7 amd64 2.7.15-1 [1052 kB]
Get:85 http://127.0.0.1:9999/debian unstable/main amd64 libpython2.7-dev amd64 2.7.15-1 [28.3 MB]
Get:86 http://127.0.0.1:9999/debian unstable/main amd64 libpython-dev amd64 2.7.15~rc1-1 [20.6 kB]
Get:87 http://127.0.0.1:9999/debian unstable/main amd64 libpython-all-dev amd64 2.7.15~rc1-1 [1048 B]
Get:88 http://127.0.0.1:9999/debian unstable/main amd64 libpython3.6 amd64 3.6.5-5 [1441 kB]
Get:89 http://127.0.0.1:9999/debian unstable/main amd64 libpython3.6-dev amd64 3.6.5-5 [39.7 MB]
Get:90 http://127.0.0.1:9999/debian unstable/main amd64 libpython3-dev amd64 3.6.5-3 [19.7 kB]
Get:91 http://127.0.0.1:9999/debian unstable/main amd64 libpython3-all-dev amd64 3.6.5-3 [1048 B]
Get:92 http://127.0.0.1:9999/debian unstable/main amd64 libtiff5 amd64 4.0.9-5 [246 kB]
Get:93 http://127.0.0.1:9999/debian unstable/main amd64 libwcs5 amd64 5.18-1 [252 kB]
Get:94 http://127.0.0.1:9999/debian unstable/main amd64 libwebp6 amd64 0.6.1-2 [263 kB]
Get:95 http://127.0.0.1:9999/debian unstable/main amd64 libwebpdemux2 amd64 0.6.1-2 [87.5 kB]
Get:96 http://127.0.0.1:9999/debian unstable/main amd64 libwebpmux3 amd64 0.6.1-2 [97.7 kB]
Get:97 http://127.0.0.1:9999/debian unstable/main amd64 python-all amd64 2.7.15~rc1-1 [1028 B]
Get:98 http://127.0.0.1:9999/debian unstable/main amd64 python2.7-dev amd64 2.7.15-1 [290 kB]
Get:99 http://127.0.0.1:9999/debian unstable/main amd64 python-dev amd64 2.7.15~rc1-1 [1212 B]
Get:100 http://127.0.0.1:9999/debian unstable/main amd64 python-all-dev amd64 2.7.15~rc1-1 [1052 B]
Get:101 http://127.0.0.1:9999/debian unstable/main amd64 python-six all 1.11.0-2 [15.1 kB]
Get:102 http://127.0.0.1:9999/debian unstable/main amd64 python-configobj all 5.0.6-2 [35.2 kB]
Get:103 http://127.0.0.1:9999/debian unstable/main amd64 python-attr all 17.4.0-2 [23.8 kB]
Get:104 http://127.0.0.1:9999/debian unstable/main amd64 python-funcsigs all 1.0.2-4 [13.7 kB]
Get:105 http://127.0.0.1:9999/debian unstable/main amd64 python-pkg-resources all 39.0.1-2 [171 kB]
Get:106 http://127.0.0.1:9999/debian unstable/main amd64 python-pluggy all 0.6.0-1 [12.2 kB]
Get:107 http://127.0.0.1:9999/debian unstable/main amd64 python-py all 1.5.3-1 [85.6 kB]
Get:108 http://127.0.0.1:9999/debian unstable/main amd64 python-pytest all 3.3.2-2 [204 kB]
Get:109 http://127.0.0.1:9999/debian unstable/main amd64 python-ply all 3.11-2 [65.0 kB]
Get:110 http://127.0.0.1:9999/debian unstable/main amd64 python-numpy amd64 1:1.13.3-2 [1950 kB]
Get:111 http://127.0.0.1:9999/debian unstable/main amd64 python-astropy amd64 2.0.4-4 [2819 kB]
Get:112 http://127.0.0.1:9999/debian unstable/main amd64 python-astropy-helpers all 2.0.6-1 [95.9 kB]
Get:113 http://127.0.0.1:9999/debian unstable/main amd64 python-backports.functools-lru-cache all 1.4-2 [6032 B]
Get:114 http://127.0.0.1:9999/debian unstable/main amd64 python-bs4 all 4.6.0-1 [88.2 kB]
Get:115 http://127.0.0.1:9999/debian unstable/main amd64 python-certifi all 2018.1.18-3 [144 kB]
Get:116 http://127.0.0.1:9999/debian unstable/main amd64 python-chardet all 3.0.4-1 [80.2 kB]
Get:117 http://127.0.0.1:9999/debian unstable/main amd64 python-coverage amd64 4.5+dfsg.1-3 [142 kB]
Get:118 http://127.0.0.1:9999/debian unstable/main amd64 python-cycler all 0.10.0-1 [7448 B]
Get:119 http://127.0.0.1:9999/debian unstable/main amd64 python-dateutil all 2.6.1-1 [61.1 kB]
Get:120 http://127.0.0.1:9999/debian unstable/main amd64 python-decorator all 4.1.2-1 [13.7 kB]
Get:121 http://127.0.0.1:9999/debian unstable/main amd64 python-enum34 all 1.1.6-2 [35.3 kB]
Get:122 http://127.0.0.1:9999/debian unstable/main amd64 python-hypothesis all 3.44.1-2 [162 kB]
Get:123 http://127.0.0.1:9999/debian unstable/main amd64 python-idna all 2.6-1 [34.1 kB]
Get:124 http://127.0.0.1:9999/debian unstable/main amd64 python-kiwisolver amd64 1.0.1-2 [66.9 kB]
Get:125 http://127.0.0.1:9999/debian unstable/main amd64 ttf-bitstream-vera all 1.10-8 [352 kB]
Get:126 http://127.0.0.1:9999/debian unstable/main amd64 python-matplotlib-data all 2.2.2-2 [4136 kB]
Get:127 http://127.0.0.1:9999/debian unstable/main amd64 python-pyparsing all 2.2.0+dfsg1-2 [89.5 kB]
Get:128 http://127.0.0.1:9999/debian unstable/main amd64 python-tz all 2018.4-1 [33.5 kB]
Get:129 http://127.0.0.1:9999/debian unstable/main amd64 python-subprocess32 amd64 3.2.7-3 [29.5 kB]
Get:130 http://127.0.0.1:9999/debian unstable/main amd64 python-matplotlib amd64 2.2.2-2 [5056 kB]
Get:131 http://127.0.0.1:9999/debian unstable/main amd64 python-pbr all 3.1.1-4 [54.7 kB]
Get:132 http://127.0.0.1:9999/debian unstable/main amd64 python-mock all 2.0.0-3 [59.8 kB]
Get:133 http://127.0.0.1:9999/debian unstable/main amd64 python-networkx all 1.11-2 [822 kB]
Get:134 http://127.0.0.1:9999/debian unstable/main amd64 python-pandas-lib amd64 0.22.0-6 [3056 kB]
Get:135 http://127.0.0.1:9999/debian unstable/main amd64 python-pandas all 0.22.0-6 [2776 kB]
Get:136 http://127.0.0.1:9999/debian unstable/main amd64 python-pil amd64 5.1.0-1 [381 kB]
Get:137 http://127.0.0.1:9999/debian unstable/main amd64 python-pytest-mock all 1.7.1-1 [17.1 kB]
Get:138 http://127.0.0.1:9999/debian unstable/main amd64 python-pywt amd64 0.5.1-1.1+b2 [961 kB]
Get:139 http://127.0.0.1:9999/debian unstable/main amd64 python-urllib3 all 1.22-1 [97.7 kB]
Get:140 http://127.0.0.1:9999/debian unstable/main amd64 python-requests all 2.18.4-2 [77.3 kB]
Get:141 http://127.0.0.1:9999/debian unstable/main amd64 python-scipy amd64 0.19.1-2 [9701 kB]
Get:142 http://127.0.0.1:9999/debian unstable/main amd64 python-setuptools all 39.0.1-2 [373 kB]
Get:143 http://127.0.0.1:9999/debian unstable/main amd64 python-skimage-lib amd64 0.13.1-3 [1715 kB]
Get:144 http://127.0.0.1:9999/debian unstable/main amd64 python-skimage all 0.13.1-3 [19.6 MB]
Get:145 http://127.0.0.1:9999/debian unstable/main amd64 python-sqlalchemy all 1.2.5+ds1-1 [716 kB]
Get:146 http://127.0.0.1:9999/debian unstable/main amd64 python-suds all 0.7~git20150727.94664dd-5 [146 kB]
Get:147 http://127.0.0.1:9999/debian unstable/main amd64 python3-lib2to3 all 3.6.5-3 [78.7 kB]
Get:148 http://127.0.0.1:9999/debian unstable/main amd64 python3-distutils all 3.6.5-3 [144 kB]
Get:149 http://127.0.0.1:9999/debian unstable/main amd64 python3-all amd64 3.6.5-3 [1044 B]
Get:150 http://127.0.0.1:9999/debian unstable/main amd64 python3.6-dev amd64 3.6.5-5 [511 kB]
Get:151 http://127.0.0.1:9999/debian unstable/main amd64 python3-dev amd64 3.6.5-3 [1244 B]
Get:152 http://127.0.0.1:9999/debian unstable/main amd64 python3-all-dev amd64 3.6.5-3 [1048 B]
Get:153 http://127.0.0.1:9999/debian unstable/main amd64 python3-six all 1.11.0-2 [15.2 kB]
Get:154 http://127.0.0.1:9999/debian unstable/main amd64 python3-configobj all 5.0.6-2 [35.2 kB]
Get:155 http://127.0.0.1:9999/debian unstable/main amd64 python3-attr all 17.4.0-2 [23.8 kB]
Get:156 http://127.0.0.1:9999/debian unstable/main amd64 python3-pkg-resources all 39.0.1-2 [142 kB]
Get:157 http://127.0.0.1:9999/debian unstable/main amd64 python3-pluggy all 0.6.0-1 [12.2 kB]
Get:158 http://127.0.0.1:9999/debian unstable/main amd64 python3-py all 1.5.3-1 [85.6 kB]
Get:159 http://127.0.0.1:9999/debian unstable/main amd64 python3-pytest all 3.3.2-2 [204 kB]
Get:160 http://127.0.0.1:9999/debian unstable/main amd64 python3-numpy amd64 1:1.13.3-2 [1956 kB]
Get:161 http://127.0.0.1:9999/debian unstable/main amd64 python3-pytest-arraydiff all 0.2-1 [8808 B]
Get:162 http://127.0.0.1:9999/debian unstable/main amd64 python3-pytest-doctestplus all 0.1.3-1 [13.0 kB]
Get:163 http://127.0.0.1:9999/debian unstable/main amd64 python3-psutil amd64 5.4.2-1 [159 kB]
Get:164 http://127.0.0.1:9999/debian unstable/main amd64 python3-pytest-openfiles all 0.3.0-2 [6504 B]
Get:165 http://127.0.0.1:9999/debian unstable/main amd64 python3-pytest-remotedata all 0.2.1-2 [8112 B]
Get:166 http://127.0.0.1:9999/debian unstable/main amd64 python3-pytest-astropy all 0.2.1-1 [4068 B]
Get:167 http://127.0.0.1:9999/debian unstable/main amd64 python3-ply all 3.11-2 [65.0 kB]
Get:168 http://127.0.0.1:9999/debian unstable/main amd64 python3-astropy amd64 3.0-3 [2819 kB]
Get:169 http://127.0.0.1:9999/debian unstable/main amd64 python3-astropy-helpers all 3.0.1-1 [90.7 kB]
Get:170 http://127.0.0.1:9999/debian unstable/main amd64 python3-bs4 all 4.6.0-1 [88.1 kB]
Get:171 http://127.0.0.1:9999/debian unstable/main amd64 python3-certifi all 2018.1.18-3 [144 kB]
Get:172 http://127.0.0.1:9999/debian unstable/main amd64 python3-chardet all 3.0.4-1 [80.2 kB]
Get:173 http://127.0.0.1:9999/debian unstable/main amd64 python3-coverage amd64 4.5+dfsg.1-3 [141 kB]
Get:174 http://127.0.0.1:9999/debian unstable/main amd64 python3-cycler all 0.10.0-1 [7556 B]
Get:175 http://127.0.0.1:9999/debian unstable/main amd64 python3-dateutil all 2.6.1-1 [52.8 kB]
Get:176 http://127.0.0.1:9999/debian unstable/main amd64 python3-decorator all 4.1.2-1 [13.7 kB]
Get:177 http://127.0.0.1:9999/debian unstable/main amd64 python3-hypothesis all 3.44.1-2 [162 kB]
Get:178 http://127.0.0.1:9999/debian unstable/main amd64 python3-idna all 2.6-1 [34.3 kB]
Get:179 http://127.0.0.1:9999/debian unstable/main amd64 python3-kiwisolver amd64 1.0.1-2 [65.0 kB]
Get:180 http://127.0.0.1:9999/debian unstable/main amd64 python3-pyparsing all 2.2.0+dfsg1-2 [89.6 kB]
Get:181 http://127.0.0.1:9999/debian unstable/main amd64 python3-tz all 2018.4-1 [26.9 kB]
Get:182 http://127.0.0.1:9999/debian unstable/main amd64 python3-matplotlib amd64 2.2.2-2 [5063 kB]
Get:183 http://127.0.0.1:9999/debian unstable/main amd64 python3-pbr all 3.1.1-4 [54.7 kB]
Get:184 http://127.0.0.1:9999/debian unstable/main amd64 python3-mock all 2.0.0-3 [59.9 kB]
Get:185 http://127.0.0.1:9999/debian unstable/main amd64 python3-networkx all 1.11-2 [624 kB]
Get:186 http://127.0.0.1:9999/debian unstable/main amd64 python3-pandas-lib amd64 0.22.0-6 [3045 kB]
Get:187 http://127.0.0.1:9999/debian unstable/main amd64 python3-pandas all 0.22.0-6 [2776 kB]
Get:188 http://127.0.0.1:9999/debian unstable/main amd64 python3-pil amd64 5.1.0-1 [381 kB]
Get:189 http://127.0.0.1:9999/debian unstable/main amd64 python3-pytest-mock all 1.7.1-1 [13.5 kB]
Get:190 http://127.0.0.1:9999/debian unstable/main amd64 python3-pywt amd64 0.5.1-1.1+b2 [1118 kB]
Get:191 http://127.0.0.1:9999/debian unstable/main amd64 python3-urllib3 all 1.22-1 [97.9 kB]
Get:192 http://127.0.0.1:9999/debian unstable/main amd64 python3-requests all 2.18.4-2 [77.1 kB]
Get:193 http://127.0.0.1:9999/debian unstable/main amd64 python3-scipy amd64 0.19.1-2 [9632 kB]
Get:194 http://127.0.0.1:9999/debian unstable/main amd64 python3-setuptools all 39.0.1-2 [291 kB]
Get:195 http://127.0.0.1:9999/debian unstable/main amd64 python3-skimage-lib amd64 0.13.1-3 [1660 kB]
Get:196 http://127.0.0.1:9999/debian unstable/main amd64 python3-skimage all 0.13.1-3 [19.6 MB]
Get:197 http://127.0.0.1:9999/debian unstable/main amd64 python3-sqlalchemy all 1.2.5+ds1-1 [715 kB]
Get:198 http://127.0.0.1:9999/debian unstable/main amd64 python3-suds all 0.7~git20150727.94664dd-5 [147 kB]
debconf: delaying package configuration, since apt-utils is not installed
Fetched 220 MB in 3s (70.5 MB/s)
Selecting previously unselected package bsdmainutils.
(Reading database ... 10771 files and directories currently installed.)
Preparing to unpack .../00-bsdmainutils_11.1.2_amd64.deb ...
Unpacking bsdmainutils (11.1.2) ...
Selecting previously unselected package groff-base.
Preparing to unpack .../01-groff-base_1.22.3-10_amd64.deb ...
Unpacking groff-base (1.22.3-10) ...
Selecting previously unselected package libpipeline1:amd64.
Preparing to unpack .../02-libpipeline1_1.5.0-1_amd64.deb ...
Unpacking libpipeline1:amd64 (1.5.0-1) ...
Selecting previously unselected package man-db.
Preparing to unpack .../03-man-db_2.8.3-2_amd64.deb ...
Unpacking man-db (2.8.3-2) ...
Selecting previously unselected package libpython2.7-minimal:amd64.
Preparing to unpack .../04-libpython2.7-minimal_2.7.15-1_amd64.deb ...
Unpacking libpython2.7-minimal:amd64 (2.7.15-1) ...
Selecting previously unselected package python2.7-minimal.
Preparing to unpack .../05-python2.7-minimal_2.7.15-1_amd64.deb ...
Unpacking python2.7-minimal (2.7.15-1) ...
Selecting previously unselected package python-minimal.
Preparing to unpack .../06-python-minimal_2.7.15~rc1-1_amd64.deb ...
Unpacking python-minimal (2.7.15~rc1-1) ...
Selecting previously unselected package mime-support.
Preparing to unpack .../07-mime-support_3.60_all.deb ...
Unpacking mime-support (3.60) ...
Selecting previously unselected package libexpat1:amd64.
Preparing to unpack .../08-libexpat1_2.2.5-3_amd64.deb ...
Unpacking libexpat1:amd64 (2.2.5-3) ...
Selecting previously unselected package libncursesw6:amd64.
Preparing to unpack .../09-libncursesw6_6.1+20180210-2_amd64.deb ...
Unpacking libncursesw6:amd64 (6.1+20180210-2) ...
Selecting previously unselected package readline-common.
Preparing to unpack .../10-readline-common_7.0-3_all.deb ...
Unpacking readline-common (7.0-3) ...
Selecting previously unselected package libreadline7:amd64.
Preparing to unpack .../11-libreadline7_7.0-3+b1_amd64.deb ...
Unpacking libreadline7:amd64 (7.0-3+b1) ...
Selecting previously unselected package libsqlite3-0:amd64.
Preparing to unpack .../12-libsqlite3-0_3.23.1-1_amd64.deb ...
Unpacking libsqlite3-0:amd64 (3.23.1-1) ...
Selecting previously unselected package libssl1.1:amd64.
Preparing to unpack .../13-libssl1.1_1.1.0h-2_amd64.deb ...
Unpacking libssl1.1:amd64 (1.1.0h-2) ...
Selecting previously unselected package libpython2.7-stdlib:amd64.
Preparing to unpack .../14-libpython2.7-stdlib_2.7.15-1_amd64.deb ...
Unpacking libpython2.7-stdlib:amd64 (2.7.15-1) ...
Selecting previously unselected package python2.7.
Preparing to unpack .../15-python2.7_2.7.15-1_amd64.deb ...
Unpacking python2.7 (2.7.15-1) ...
Selecting previously unselected package libpython-stdlib:amd64.
Preparing to unpack .../16-libpython-stdlib_2.7.15~rc1-1_amd64.deb ...
Unpacking libpython-stdlib:amd64 (2.7.15~rc1-1) ...
Setting up libpython2.7-minimal:amd64 (2.7.15-1) ...
Setting up python2.7-minimal (2.7.15-1) ...
Setting up python-minimal (2.7.15~rc1-1) ...
Selecting previously unselected package python.
(Reading database ... 12213 files and directories currently installed.)
Preparing to unpack .../0-python_2.7.15~rc1-1_amd64.deb ...
Unpacking python (2.7.15~rc1-1) ...
Selecting previously unselected package libpython3.6-minimal:amd64.
Preparing to unpack .../1-libpython3.6-minimal_3.6.5-5_amd64.deb ...
Unpacking libpython3.6-minimal:amd64 (3.6.5-5) ...
Selecting previously unselected package python3.6-minimal.
Preparing to unpack .../2-python3.6-minimal_3.6.5-5_amd64.deb ...
Unpacking python3.6-minimal (3.6.5-5) ...
Selecting previously unselected package python3-minimal.
Preparing to unpack .../3-python3-minimal_3.6.5-3_amd64.deb ...
Unpacking python3-minimal (3.6.5-3) ...
Selecting previously unselected package libmpdec2:amd64.
Preparing to unpack .../4-libmpdec2_2.4.2-2_amd64.deb ...
Unpacking libmpdec2:amd64 (2.4.2-2) ...
Selecting previously unselected package libpython3.6-stdlib:amd64.
Preparing to unpack .../5-libpython3.6-stdlib_3.6.5-5_amd64.deb ...
Unpacking libpython3.6-stdlib:amd64 (3.6.5-5) ...
Selecting previously unselected package python3.6.
Preparing to unpack .../6-python3.6_3.6.5-5_amd64.deb ...
Unpacking python3.6 (3.6.5-5) ...
Selecting previously unselected package libpython3-stdlib:amd64.
Preparing to unpack .../7-libpython3-stdlib_3.6.5-3_amd64.deb ...
Unpacking libpython3-stdlib:amd64 (3.6.5-3) ...
Setting up libssl1.1:amd64 (1.1.0h-2) ...
Setting up libpython3.6-minimal:amd64 (3.6.5-5) ...
Setting up libexpat1:amd64 (2.2.5-3) ...
Setting up python3.6-minimal (3.6.5-5) ...
Setting up python3-minimal (3.6.5-3) ...
Selecting previously unselected package python3.
(Reading database ... 12913 files and directories currently installed.)
Preparing to unpack .../000-python3_3.6.5-3_amd64.deb ...
Unpacking python3 (3.6.5-3) ...
Selecting previously unselected package tzdata.
Preparing to unpack .../001-tzdata_2018d-1_all.deb ...
Unpacking tzdata (2018d-1) ...
Selecting previously unselected package libmagic-mgc.
Preparing to unpack .../002-libmagic-mgc_1%3a5.33-2_amd64.deb ...
Unpacking libmagic-mgc (1:5.33-2) ...
Selecting previously unselected package libmagic1:amd64.
Preparing to unpack .../003-libmagic1_1%3a5.33-2_amd64.deb ...
Unpacking libmagic1:amd64 (1:5.33-2) ...
Selecting previously unselected package file.
Preparing to unpack .../004-file_1%3a5.33-2_amd64.deb ...
Unpacking file (1:5.33-2) ...
Selecting previously unselected package gettext-base.
Preparing to unpack .../005-gettext-base_0.19.8.1-6_amd64.deb ...
Unpacking gettext-base (0.19.8.1-6) ...
Selecting previously unselected package libsigsegv2:amd64.
Preparing to unpack .../006-libsigsegv2_2.12-2_amd64.deb ...
Unpacking libsigsegv2:amd64 (2.12-2) ...
Selecting previously unselected package m4.
Preparing to unpack .../007-m4_1.4.18-1_amd64.deb ...
Unpacking m4 (1.4.18-1) ...
Selecting previously unselected package autoconf.
Preparing to unpack .../008-autoconf_2.69-11_all.deb ...
Unpacking autoconf (2.69-11) ...
Selecting previously unselected package autotools-dev.
Preparing to unpack .../009-autotools-dev_20180224.1_all.deb ...
Unpacking autotools-dev (20180224.1) ...
Selecting previously unselected package automake.
Preparing to unpack .../010-automake_1%3a1.15.1-3.1_all.deb ...
Unpacking automake (1:1.15.1-3.1) ...
Selecting previously unselected package autopoint.
Preparing to unpack .../011-autopoint_0.19.8.1-6_all.deb ...
Unpacking autopoint (0.19.8.1-6) ...
Selecting previously unselected package openssl.
Preparing to unpack .../012-openssl_1.1.0h-2_amd64.deb ...
Unpacking openssl (1.1.0h-2) ...
Selecting previously unselected package ca-certificates.
Preparing to unpack .../013-ca-certificates_20180409_all.deb ...
Unpacking ca-certificates (20180409) ...
Selecting previously unselected package libtool.
Preparing to unpack .../014-libtool_2.4.6-2.1_all.deb ...
Unpacking libtool (2.4.6-2.1) ...
Selecting previously unselected package dh-autoreconf.
Preparing to unpack .../015-dh-autoreconf_17_all.deb ...
Unpacking dh-autoreconf (17) ...
Selecting previously unselected package libarchive-zip-perl.
Preparing to unpack .../016-libarchive-zip-perl_1.60-1_all.deb ...
Unpacking libarchive-zip-perl (1.60-1) ...
Selecting previously unselected package libfile-stripnondeterminism-perl.
Preparing to unpack .../017-libfile-stripnondeterminism-perl_0.041-1_all.deb ...
Unpacking libfile-stripnondeterminism-perl (0.041-1) ...
Selecting previously unselected package libtimedate-perl.
Preparing to unpack .../018-libtimedate-perl_2.3000-2_all.deb ...
Unpacking libtimedate-perl (2.3000-2) ...
Selecting previously unselected package dh-strip-nondeterminism.
Preparing to unpack .../019-dh-strip-nondeterminism_0.041-1_all.deb ...
Unpacking dh-strip-nondeterminism (0.041-1) ...
Selecting previously unselected package libglib2.0-0:amd64.
Preparing to unpack .../020-libglib2.0-0_2.56.1-2_amd64.deb ...
Unpacking libglib2.0-0:amd64 (2.56.1-2) ...
Selecting previously unselected package libicu57:amd64.
Preparing to unpack .../021-libicu57_57.1-9_amd64.deb ...
Unpacking libicu57:amd64 (57.1-9) ...
Selecting previously unselected package libxml2:amd64.
Preparing to unpack .../022-libxml2_2.9.4+dfsg1-6.1_amd64.deb ...
Unpacking libxml2:amd64 (2.9.4+dfsg1-6.1) ...
Selecting previously unselected package libcroco3:amd64.
Preparing to unpack .../023-libcroco3_0.6.12-2_amd64.deb ...
Unpacking libcroco3:amd64 (0.6.12-2) ...
Selecting previously unselected package gettext.
Preparing to unpack .../024-gettext_0.19.8.1-6_amd64.deb ...
Unpacking gettext (0.19.8.1-6) ...
Selecting previously unselected package intltool-debian.
Preparing to unpack .../025-intltool-debian_0.35.0+20060710.4_all.deb ...
Unpacking intltool-debian (0.35.0+20060710.4) ...
Selecting previously unselected package po-debconf.
Preparing to unpack .../026-po-debconf_1.0.20_all.deb ...
Unpacking po-debconf (1.0.20) ...
Selecting previously unselected package debhelper.
Preparing to unpack .../027-debhelper_11.2.1_all.deb ...
Unpacking debhelper (11.2.1) ...
Selecting previously unselected package dh-python.
Preparing to unpack .../028-dh-python_3.20180326_all.deb ...
Unpacking dh-python (3.20180326) ...
Selecting previously unselected package fonts-lyx.
Preparing to unpack .../029-fonts-lyx_2.3.0-2_all.deb ...
Unpacking fonts-lyx (2.3.0-2) ...
Selecting previously unselected package libgfortran4:amd64.
Preparing to unpack .../030-libgfortran4_7.3.0-17_amd64.deb ...
Unpacking libgfortran4:amd64 (7.3.0-17) ...
Selecting previously unselected package libblas3:amd64.
Preparing to unpack .../031-libblas3_3.8.0-1_amd64.deb ...
Unpacking libblas3:amd64 (3.8.0-1) ...
Selecting previously unselected package libkeyutils1:amd64.
Preparing to unpack .../032-libkeyutils1_1.5.9-9.2_amd64.deb ...
Unpacking libkeyutils1:amd64 (1.5.9-9.2) ...
Selecting previously unselected package libkrb5support0:amd64.
Preparing to unpack .../033-libkrb5support0_1.16-2_amd64.deb ...
Unpacking libkrb5support0:amd64 (1.16-2) ...
Selecting previously unselected package libk5crypto3:amd64.
Preparing to unpack .../034-libk5crypto3_1.16-2_amd64.deb ...
Unpacking libk5crypto3:amd64 (1.16-2) ...
Selecting previously unselected package libkrb5-3:amd64.
Preparing to unpack .../035-libkrb5-3_1.16-2_amd64.deb ...
Unpacking libkrb5-3:amd64 (1.16-2) ...
Selecting previously unselected package libgssapi-krb5-2:amd64.
Preparing to unpack .../036-libgssapi-krb5-2_1.16-2_amd64.deb ...
Unpacking libgssapi-krb5-2:amd64 (1.16-2) ...
Selecting previously unselected package libsasl2-modules-db:amd64.
Preparing to unpack .../037-libsasl2-modules-db_2.1.27~101-g0780600+dfsg-3.1_amd64.deb ...
Unpacking libsasl2-modules-db:amd64 (2.1.27~101-g0780600+dfsg-3.1) ...
Selecting previously unselected package libsasl2-2:amd64.
Preparing to unpack .../038-libsasl2-2_2.1.27~101-g0780600+dfsg-3.1_amd64.deb ...
Unpacking libsasl2-2:amd64 (2.1.27~101-g0780600+dfsg-3.1) ...
Selecting previously unselected package libldap-common.
Preparing to unpack .../039-libldap-common_2.4.45+dfsg-1_all.deb ...
Unpacking libldap-common (2.4.45+dfsg-1) ...
Selecting previously unselected package libldap-2.4-2:amd64.
Preparing to unpack .../040-libldap-2.4-2_2.4.45+dfsg-1_amd64.deb ...
Unpacking libldap-2.4-2:amd64 (2.4.45+dfsg-1) ...
Selecting previously unselected package libnghttp2-14:amd64.
Preparing to unpack .../041-libnghttp2-14_1.31.1-1_amd64.deb ...
Unpacking libnghttp2-14:amd64 (1.31.1-1) ...
Selecting previously unselected package libpsl5:amd64.
Preparing to unpack .../042-libpsl5_0.20.1-1_amd64.deb ...
Unpacking libpsl5:amd64 (0.20.1-1) ...
Selecting previously unselected package librtmp1:amd64.
Preparing to unpack .../043-librtmp1_2.4+20151223.gitfa8646d.1-1+b1_amd64.deb ...
Unpacking librtmp1:amd64 (2.4+20151223.gitfa8646d.1-1+b1) ...
Selecting previously unselected package libssh2-1:amd64.
Preparing to unpack .../044-libssh2-1_1.8.0-1_amd64.deb ...
Unpacking libssh2-1:amd64 (1.8.0-1) ...
Selecting previously unselected package libcurl3-gnutls:amd64.
Preparing to unpack .../045-libcurl3-gnutls_7.58.0-2_amd64.deb ...
Unpacking libcurl3-gnutls:amd64 (7.58.0-2) ...
Selecting previously unselected package libcfitsio5:amd64.
Preparing to unpack .../046-libcfitsio5_3.430-2_amd64.deb ...
Unpacking libcfitsio5:amd64 (3.430-2) ...
Selecting previously unselected package liberfa1:amd64.
Preparing to unpack .../047-liberfa1_1.4.0-1_amd64.deb ...
Unpacking liberfa1:amd64 (1.4.0-1) ...
Selecting previously unselected package libexpat1-dev:amd64.
Preparing to unpack .../048-libexpat1-dev_2.2.5-3_amd64.deb ...
Unpacking libexpat1-dev:amd64 (2.2.5-3) ...
Selecting previously unselected package libpng16-16:amd64.
Preparing to unpack .../049-libpng16-16_1.6.34-1_amd64.deb ...
Unpacking libpng16-16:amd64 (1.6.34-1) ...
Selecting previously unselected package libfreetype6:amd64.
Preparing to unpack .../050-libfreetype6_2.8.1-2_amd64.deb ...
Unpacking libfreetype6:amd64 (2.8.1-2) ...
Selecting previously unselected package libjbig0:amd64.
Preparing to unpack .../051-libjbig0_2.1-3.1+b2_amd64.deb ...
Unpacking libjbig0:amd64 (2.1-3.1+b2) ...
Selecting previously unselected package libjpeg62-turbo:amd64.
Preparing to unpack .../052-libjpeg62-turbo_1%3a1.5.2-2+b1_amd64.deb ...
Unpacking libjpeg62-turbo:amd64 (1:1.5.2-2+b1) ...
Selecting previously unselected package libjs-jquery.
Preparing to unpack .../053-libjs-jquery_3.2.1-1_all.deb ...
Unpacking libjs-jquery (3.2.1-1) ...
Selecting previously unselected package libjs-jquery-ui.
Preparing to unpack .../054-libjs-jquery-ui_1.12.1+dfsg-5_all.deb ...
Unpacking libjs-jquery-ui (1.12.1+dfsg-5) ...
Selecting previously unselected package liblapack3:amd64.
Preparing to unpack .../055-liblapack3_3.8.0-1_amd64.deb ...
Unpacking liblapack3:amd64 (3.8.0-1) ...
Selecting previously unselected package liblcms2-2:amd64.
Preparing to unpack .../056-liblcms2-2_2.9-1_amd64.deb ...
Unpacking liblcms2-2:amd64 (2.9-1) ...
Selecting previously unselected package libpython2.7:amd64.
Preparing to unpack .../057-libpython2.7_2.7.15-1_amd64.deb ...
Unpacking libpython2.7:amd64 (2.7.15-1) ...
Selecting previously unselected package libpython2.7-dev:amd64.
Preparing to unpack .../058-libpython2.7-dev_2.7.15-1_amd64.deb ...
Unpacking libpython2.7-dev:amd64 (2.7.15-1) ...
Selecting previously unselected package libpython-dev:amd64.
Preparing to unpack .../059-libpython-dev_2.7.15~rc1-1_amd64.deb ...
Unpacking libpython-dev:amd64 (2.7.15~rc1-1) ...
Selecting previously unselected package libpython-all-dev:amd64.
Preparing to unpack .../060-libpython-all-dev_2.7.15~rc1-1_amd64.deb ...
Unpacking libpython-all-dev:amd64 (2.7.15~rc1-1) ...
Selecting previously unselected package libpython3.6:amd64.
Preparing to unpack .../061-libpython3.6_3.6.5-5_amd64.deb ...
Unpacking libpython3.6:amd64 (3.6.5-5) ...
Selecting previously unselected package libpython3.6-dev:amd64.
Preparing to unpack .../062-libpython3.6-dev_3.6.5-5_amd64.deb ...
Unpacking libpython3.6-dev:amd64 (3.6.5-5) ...
Selecting previously unselected package libpython3-dev:amd64.
Preparing to unpack .../063-libpython3-dev_3.6.5-3_amd64.deb ...
Unpacking libpython3-dev:amd64 (3.6.5-3) ...
Selecting previously unselected package libpython3-all-dev:amd64.
Preparing to unpack .../064-libpython3-all-dev_3.6.5-3_amd64.deb ...
Unpacking libpython3-all-dev:amd64 (3.6.5-3) ...
Selecting previously unselected package libtiff5:amd64.
Preparing to unpack .../065-libtiff5_4.0.9-5_amd64.deb ...
Unpacking libtiff5:amd64 (4.0.9-5) ...
Selecting previously unselected package libwcs5:amd64.
Preparing to unpack .../066-libwcs5_5.18-1_amd64.deb ...
Unpacking libwcs5:amd64 (5.18-1) ...
Selecting previously unselected package libwebp6:amd64.
Preparing to unpack .../067-libwebp6_0.6.1-2_amd64.deb ...
Unpacking libwebp6:amd64 (0.6.1-2) ...
Selecting previously unselected package libwebpdemux2:amd64.
Preparing to unpack .../068-libwebpdemux2_0.6.1-2_amd64.deb ...
Unpacking libwebpdemux2:amd64 (0.6.1-2) ...
Selecting previously unselected package libwebpmux3:amd64.
Preparing to unpack .../069-libwebpmux3_0.6.1-2_amd64.deb ...
Unpacking libwebpmux3:amd64 (0.6.1-2) ...
Selecting previously unselected package python-all.
Preparing to unpack .../070-python-all_2.7.15~rc1-1_amd64.deb ...
Unpacking python-all (2.7.15~rc1-1) ...
Selecting previously unselected package python2.7-dev.
Preparing to unpack .../071-python2.7-dev_2.7.15-1_amd64.deb ...
Unpacking python2.7-dev (2.7.15-1) ...
Selecting previously unselected package python-dev.
Preparing to unpack .../072-python-dev_2.7.15~rc1-1_amd64.deb ...
Unpacking python-dev (2.7.15~rc1-1) ...
Selecting previously unselected package python-all-dev.
Preparing to unpack .../073-python-all-dev_2.7.15~rc1-1_amd64.deb ...
Unpacking python-all-dev (2.7.15~rc1-1) ...
Selecting previously unselected package python-six.
Preparing to unpack .../074-python-six_1.11.0-2_all.deb ...
Unpacking python-six (1.11.0-2) ...
Selecting previously unselected package python-configobj.
Preparing to unpack .../075-python-configobj_5.0.6-2_all.deb ...
Unpacking python-configobj (5.0.6-2) ...
Selecting previously unselected package python-attr.
Preparing to unpack .../076-python-attr_17.4.0-2_all.deb ...
Unpacking python-attr (17.4.0-2) ...
Selecting previously unselected package python-funcsigs.
Preparing to unpack .../077-python-funcsigs_1.0.2-4_all.deb ...
Unpacking python-funcsigs (1.0.2-4) ...
Selecting previously unselected package python-pkg-resources.
Preparing to unpack .../078-python-pkg-resources_39.0.1-2_all.deb ...
Unpacking python-pkg-resources (39.0.1-2) ...
Selecting previously unselected package python-pluggy.
Preparing to unpack .../079-python-pluggy_0.6.0-1_all.deb ...
Unpacking python-pluggy (0.6.0-1) ...
Selecting previously unselected package python-py.
Preparing to unpack .../080-python-py_1.5.3-1_all.deb ...
Unpacking python-py (1.5.3-1) ...
Selecting previously unselected package python-pytest.
Preparing to unpack .../081-python-pytest_3.3.2-2_all.deb ...
Unpacking python-pytest (3.3.2-2) ...
Selecting previously unselected package python-ply.
Preparing to unpack .../082-python-ply_3.11-2_all.deb ...
Unpacking python-ply (3.11-2) ...
Selecting previously unselected package python-numpy.
Preparing to unpack .../083-python-numpy_1%3a1.13.3-2_amd64.deb ...
Unpacking python-numpy (1:1.13.3-2) ...
Selecting previously unselected package python-astropy.
Preparing to unpack .../084-python-astropy_2.0.4-4_amd64.deb ...
Unpacking python-astropy (2.0.4-4) ...
Selecting previously unselected package python-astropy-helpers.
Preparing to unpack .../085-python-astropy-helpers_2.0.6-1_all.deb ...
Unpacking python-astropy-helpers (2.0.6-1) ...
Selecting previously unselected package python-backports.functools-lru-cache.
Preparing to unpack .../086-python-backports.functools-lru-cache_1.4-2_all.deb ...
Unpacking python-backports.functools-lru-cache (1.4-2) ...
Selecting previously unselected package python-bs4.
Preparing to unpack .../087-python-bs4_4.6.0-1_all.deb ...
Unpacking python-bs4 (4.6.0-1) ...
Selecting previously unselected package python-certifi.
Preparing to unpack .../088-python-certifi_2018.1.18-3_all.deb ...
Unpacking python-certifi (2018.1.18-3) ...
Selecting previously unselected package python-chardet.
Preparing to unpack .../089-python-chardet_3.0.4-1_all.deb ...
Unpacking python-chardet (3.0.4-1) ...
Selecting previously unselected package python-coverage.
Preparing to unpack .../090-python-coverage_4.5+dfsg.1-3_amd64.deb ...
Unpacking python-coverage (4.5+dfsg.1-3) ...
Selecting previously unselected package python-cycler.
Preparing to unpack .../091-python-cycler_0.10.0-1_all.deb ...
Unpacking python-cycler (0.10.0-1) ...
Selecting previously unselected package python-dateutil.
Preparing to unpack .../092-python-dateutil_2.6.1-1_all.deb ...
Unpacking python-dateutil (2.6.1-1) ...
Selecting previously unselected package python-decorator.
Preparing to unpack .../093-python-decorator_4.1.2-1_all.deb ...
Unpacking python-decorator (4.1.2-1) ...
Selecting previously unselected package python-enum34.
Preparing to unpack .../094-python-enum34_1.1.6-2_all.deb ...
Unpacking python-enum34 (1.1.6-2) ...
Selecting previously unselected package python-hypothesis.
Preparing to unpack .../095-python-hypothesis_3.44.1-2_all.deb ...
Unpacking python-hypothesis (3.44.1-2) ...
Selecting previously unselected package python-idna.
Preparing to unpack .../096-python-idna_2.6-1_all.deb ...
Unpacking python-idna (2.6-1) ...
Selecting previously unselected package python-kiwisolver.
Preparing to unpack .../097-python-kiwisolver_1.0.1-2_amd64.deb ...
Unpacking python-kiwisolver (1.0.1-2) ...
Selecting previously unselected package ttf-bitstream-vera.
Preparing to unpack .../098-ttf-bitstream-vera_1.10-8_all.deb ...
Unpacking ttf-bitstream-vera (1.10-8) ...
Selecting previously unselected package python-matplotlib-data.
Preparing to unpack .../099-python-matplotlib-data_2.2.2-2_all.deb ...
Unpacking python-matplotlib-data (2.2.2-2) ...
Selecting previously unselected package python-pyparsing.
Preparing to unpack .../100-python-pyparsing_2.2.0+dfsg1-2_all.deb ...
Unpacking python-pyparsing (2.2.0+dfsg1-2) ...
Selecting previously unselected package python-tz.
Preparing to unpack .../101-python-tz_2018.4-1_all.deb ...
Unpacking python-tz (2018.4-1) ...
Selecting previously unselected package python-subprocess32.
Preparing to unpack .../102-python-subprocess32_3.2.7-3_amd64.deb ...
Unpacking python-subprocess32 (3.2.7-3) ...
Selecting previously unselected package python-matplotlib.
Preparing to unpack .../103-python-matplotlib_2.2.2-2_amd64.deb ...
Unpacking python-matplotlib (2.2.2-2) ...
Selecting previously unselected package python-pbr.
Preparing to unpack .../104-python-pbr_3.1.1-4_all.deb ...
Unpacking python-pbr (3.1.1-4) ...
Selecting previously unselected package python-mock.
Preparing to unpack .../105-python-mock_2.0.0-3_all.deb ...
Unpacking python-mock (2.0.0-3) ...
Selecting previously unselected package python-networkx.
Preparing to unpack .../106-python-networkx_1.11-2_all.deb ...
Unpacking python-networkx (1.11-2) ...
Selecting previously unselected package python-pandas-lib.
Preparing to unpack .../107-python-pandas-lib_0.22.0-6_amd64.deb ...
Unpacking python-pandas-lib (0.22.0-6) ...
Selecting previously unselected package python-pandas.
Preparing to unpack .../108-python-pandas_0.22.0-6_all.deb ...
Unpacking python-pandas (0.22.0-6) ...
Selecting previously unselected package python-pil:amd64.
Preparing to unpack .../109-python-pil_5.1.0-1_amd64.deb ...
Unpacking python-pil:amd64 (5.1.0-1) ...
Selecting previously unselected package python-pytest-mock.
Preparing to unpack .../110-python-pytest-mock_1.7.1-1_all.deb ...
Unpacking python-pytest-mock (1.7.1-1) ...
Selecting previously unselected package python-pywt.
Preparing to unpack .../111-python-pywt_0.5.1-1.1+b2_amd64.deb ...
Unpacking python-pywt (0.5.1-1.1+b2) ...
Selecting previously unselected package python-urllib3.
Preparing to unpack .../112-python-urllib3_1.22-1_all.deb ...
Unpacking python-urllib3 (1.22-1) ...
Selecting previously unselected package python-requests.
Preparing to unpack .../113-python-requests_2.18.4-2_all.deb ...
Unpacking python-requests (2.18.4-2) ...
Selecting previously unselected package python-scipy.
Preparing to unpack .../114-python-scipy_0.19.1-2_amd64.deb ...
Unpacking python-scipy (0.19.1-2) ...
Selecting previously unselected package python-setuptools.
Preparing to unpack .../115-python-setuptools_39.0.1-2_all.deb ...
Unpacking python-setuptools (39.0.1-2) ...
Selecting previously unselected package python-skimage-lib.
Preparing to unpack .../116-python-skimage-lib_0.13.1-3_amd64.deb ...
Unpacking python-skimage-lib (0.13.1-3) ...
Selecting previously unselected package python-skimage.
Preparing to unpack .../117-python-skimage_0.13.1-3_all.deb ...
Unpacking python-skimage (0.13.1-3) ...
Selecting previously unselected package python-sqlalchemy.
Preparing to unpack .../118-python-sqlalchemy_1.2.5+ds1-1_all.deb ...
Unpacking python-sqlalchemy (1.2.5+ds1-1) ...
Selecting previously unselected package python-suds.
Preparing to unpack .../119-python-suds_0.7~git20150727.94664dd-5_all.deb ...
Unpacking python-suds (0.7~git20150727.94664dd-5) ...
Selecting previously unselected package python3-lib2to3.
Preparing to unpack .../120-python3-lib2to3_3.6.5-3_all.deb ...
Unpacking python3-lib2to3 (3.6.5-3) ...
Selecting previously unselected package python3-distutils.
Preparing to unpack .../121-python3-distutils_3.6.5-3_all.deb ...
Unpacking python3-distutils (3.6.5-3) ...
Selecting previously unselected package python3-all.
Preparing to unpack .../122-python3-all_3.6.5-3_amd64.deb ...
Unpacking python3-all (3.6.5-3) ...
Selecting previously unselected package python3.6-dev.
Preparing to unpack .../123-python3.6-dev_3.6.5-5_amd64.deb ...
Unpacking python3.6-dev (3.6.5-5) ...
Selecting previously unselected package python3-dev.
Preparing to unpack .../124-python3-dev_3.6.5-3_amd64.deb ...
Unpacking python3-dev (3.6.5-3) ...
Selecting previously unselected package python3-all-dev.
Preparing to unpack .../125-python3-all-dev_3.6.5-3_amd64.deb ...
Unpacking python3-all-dev (3.6.5-3) ...
Selecting previously unselected package python3-six.
Preparing to unpack .../126-python3-six_1.11.0-2_all.deb ...
Unpacking python3-six (1.11.0-2) ...
Selecting previously unselected package python3-configobj.
Preparing to unpack .../127-python3-configobj_5.0.6-2_all.deb ...
Unpacking python3-configobj (5.0.6-2) ...
Selecting previously unselected package python3-attr.
Preparing to unpack .../128-python3-attr_17.4.0-2_all.deb ...
Unpacking python3-attr (17.4.0-2) ...
Selecting previously unselected package python3-pkg-resources.
Preparing to unpack .../129-python3-pkg-resources_39.0.1-2_all.deb ...
Unpacking python3-pkg-resources (39.0.1-2) ...
Selecting previously unselected package python3-pluggy.
Preparing to unpack .../130-python3-pluggy_0.6.0-1_all.deb ...
Unpacking python3-pluggy (0.6.0-1) ...
Selecting previously unselected package python3-py.
Preparing to unpack .../131-python3-py_1.5.3-1_all.deb ...
Unpacking python3-py (1.5.3-1) ...
Selecting previously unselected package python3-pytest.
Preparing to unpack .../132-python3-pytest_3.3.2-2_all.deb ...
Unpacking python3-pytest (3.3.2-2) ...
Selecting previously unselected package python3-numpy.
Preparing to unpack .../133-python3-numpy_1%3a1.13.3-2_amd64.deb ...
Unpacking python3-numpy (1:1.13.3-2) ...
Selecting previously unselected package python3-pytest-arraydiff.
Preparing to unpack .../134-python3-pytest-arraydiff_0.2-1_all.deb ...
Unpacking python3-pytest-arraydiff (0.2-1) ...
Selecting previously unselected package python3-pytest-doctestplus.
Preparing to unpack .../135-python3-pytest-doctestplus_0.1.3-1_all.deb ...
Unpacking python3-pytest-doctestplus (0.1.3-1) ...
Selecting previously unselected package python3-psutil.
Preparing to unpack .../136-python3-psutil_5.4.2-1_amd64.deb ...
Unpacking python3-psutil (5.4.2-1) ...
Selecting previously unselected package python3-pytest-openfiles.
Preparing to unpack .../137-python3-pytest-openfiles_0.3.0-2_all.deb ...
Unpacking python3-pytest-openfiles (0.3.0-2) ...
Selecting previously unselected package python3-pytest-remotedata.
Preparing to unpack .../138-python3-pytest-remotedata_0.2.1-2_all.deb ...
Unpacking python3-pytest-remotedata (0.2.1-2) ...
Selecting previously unselected package python3-pytest-astropy.
Preparing to unpack .../139-python3-pytest-astropy_0.2.1-1_all.deb ...
Unpacking python3-pytest-astropy (0.2.1-1) ...
Selecting previously unselected package python3-ply.
Preparing to unpack .../140-python3-ply_3.11-2_all.deb ...
Unpacking python3-ply (3.11-2) ...
Selecting previously unselected package python3-astropy.
Preparing to unpack .../141-python3-astropy_3.0-3_amd64.deb ...
Unpacking python3-astropy (3.0-3) ...
Selecting previously unselected package python3-astropy-helpers.
Preparing to unpack .../142-python3-astropy-helpers_3.0.1-1_all.deb ...
Unpacking python3-astropy-helpers (3.0.1-1) ...
Selecting previously unselected package python3-bs4.
Preparing to unpack .../143-python3-bs4_4.6.0-1_all.deb ...
Unpacking python3-bs4 (4.6.0-1) ...
Selecting previously unselected package python3-certifi.
Preparing to unpack .../144-python3-certifi_2018.1.18-3_all.deb ...
Unpacking python3-certifi (2018.1.18-3) ...
Selecting previously unselected package python3-chardet.
Preparing to unpack .../145-python3-chardet_3.0.4-1_all.deb ...
Unpacking python3-chardet (3.0.4-1) ...
Selecting previously unselected package python3-coverage.
Preparing to unpack .../146-python3-coverage_4.5+dfsg.1-3_amd64.deb ...
Unpacking python3-coverage (4.5+dfsg.1-3) ...
Selecting previously unselected package python3-cycler.
Preparing to unpack .../147-python3-cycler_0.10.0-1_all.deb ...
Unpacking python3-cycler (0.10.0-1) ...
Selecting previously unselected package python3-dateutil.
Preparing to unpack .../148-python3-dateutil_2.6.1-1_all.deb ...
Unpacking python3-dateutil (2.6.1-1) ...
Selecting previously unselected package python3-decorator.
Preparing to unpack .../149-python3-decorator_4.1.2-1_all.deb ...
Unpacking python3-decorator (4.1.2-1) ...
Selecting previously unselected package python3-hypothesis.
Preparing to unpack .../150-python3-hypothesis_3.44.1-2_all.deb ...
Unpacking python3-hypothesis (3.44.1-2) ...
Selecting previously unselected package python3-idna.
Preparing to unpack .../151-python3-idna_2.6-1_all.deb ...
Unpacking python3-idna (2.6-1) ...
Selecting previously unselected package python3-kiwisolver.
Preparing to unpack .../152-python3-kiwisolver_1.0.1-2_amd64.deb ...
Unpacking python3-kiwisolver (1.0.1-2) ...
Selecting previously unselected package python3-pyparsing.
Preparing to unpack .../153-python3-pyparsing_2.2.0+dfsg1-2_all.deb ...
Unpacking python3-pyparsing (2.2.0+dfsg1-2) ...
Selecting previously unselected package python3-tz.
Preparing to unpack .../154-python3-tz_2018.4-1_all.deb ...
Unpacking python3-tz (2018.4-1) ...
Selecting previously unselected package python3-matplotlib.
Preparing to unpack .../155-python3-matplotlib_2.2.2-2_amd64.deb ...
Unpacking python3-matplotlib (2.2.2-2) ...
Selecting previously unselected package python3-pbr.
Preparing to unpack .../156-python3-pbr_3.1.1-4_all.deb ...
Unpacking python3-pbr (3.1.1-4) ...
Selecting previously unselected package python3-mock.
Preparing to unpack .../157-python3-mock_2.0.0-3_all.deb ...
Unpacking python3-mock (2.0.0-3) ...
Selecting previously unselected package python3-networkx.
Preparing to unpack .../158-python3-networkx_1.11-2_all.deb ...
Unpacking python3-networkx (1.11-2) ...
Selecting previously unselected package python3-pandas-lib.
Preparing to unpack .../159-python3-pandas-lib_0.22.0-6_amd64.deb ...
Unpacking python3-pandas-lib (0.22.0-6) ...
Selecting previously unselected package python3-pandas.
Preparing to unpack .../160-python3-pandas_0.22.0-6_all.deb ...
Unpacking python3-pandas (0.22.0-6) ...
Selecting previously unselected package python3-pil:amd64.
Preparing to unpack .../161-python3-pil_5.1.0-1_amd64.deb ...
Unpacking python3-pil:amd64 (5.1.0-1) ...
Selecting previously unselected package python3-pytest-mock.
Preparing to unpack .../162-python3-pytest-mock_1.7.1-1_all.deb ...
Unpacking python3-pytest-mock (1.7.1-1) ...
Selecting previously unselected package python3-pywt.
Preparing to unpack .../163-python3-pywt_0.5.1-1.1+b2_amd64.deb ...
Unpacking python3-pywt (0.5.1-1.1+b2) ...
Selecting previously unselected package python3-urllib3.
Preparing to unpack .../164-python3-urllib3_1.22-1_all.deb ...
Unpacking python3-urllib3 (1.22-1) ...
Selecting previously unselected package python3-requests.
Preparing to unpack .../165-python3-requests_2.18.4-2_all.deb ...
Unpacking python3-requests (2.18.4-2) ...
Selecting previously unselected package python3-scipy.
Preparing to unpack .../166-python3-scipy_0.19.1-2_amd64.deb ...
Unpacking python3-scipy (0.19.1-2) ...
Selecting previously unselected package python3-setuptools.
Preparing to unpack .../167-python3-setuptools_39.0.1-2_all.deb ...
Unpacking python3-setuptools (39.0.1-2) ...
Selecting previously unselected package python3-skimage-lib:amd64.
Preparing to unpack .../168-python3-skimage-lib_0.13.1-3_amd64.deb ...
Unpacking python3-skimage-lib:amd64 (0.13.1-3) ...
Selecting previously unselected package python3-skimage.
Preparing to unpack .../169-python3-skimage_0.13.1-3_all.deb ...
Unpacking python3-skimage (0.13.1-3) ...
Selecting previously unselected package python3-sqlalchemy.
Preparing to unpack .../170-python3-sqlalchemy_1.2.5+ds1-1_all.deb ...
Unpacking python3-sqlalchemy (1.2.5+ds1-1) ...
Selecting previously unselected package python3-suds.
Preparing to unpack .../171-python3-suds_0.7~git20150727.94664dd-5_all.deb ...
Unpacking python3-suds (0.7~git20150727.94664dd-5) ...
Selecting previously unselected package sbuild-build-depends-sunpy-dummy.
Preparing to unpack .../172-sbuild-build-depends-sunpy-dummy_0.invalid.0_amd64.deb ...
Unpacking sbuild-build-depends-sunpy-dummy (0.invalid.0) ...
Setting up libjs-jquery (3.2.1-1) ...
Setting up readline-common (7.0-3) ...
Setting up libjpeg62-turbo:amd64 (1:1.5.2-2+b1) ...
Setting up libarchive-zip-perl (1.60-1) ...
Setting up libnghttp2-14:amd64 (1.31.1-1) ...
Setting up mime-support (3.60) ...
Setting up libgfortran4:amd64 (7.3.0-17) ...
Setting up libpng16-16:amd64 (1.6.34-1) ...
Setting up libtimedate-perl (2.3000-2) ...
Setting up liblcms2-2:amd64 (2.9-1) ...
Setting up libjbig0:amd64 (2.1-3.1+b2) ...
Setting up libsigsegv2:amd64 (2.12-2) ...
Setting up libldap-common (2.4.45+dfsg-1) ...
Setting up libreadline7:amd64 (7.0-3+b1) ...
Setting up libpsl5:amd64 (0.20.1-1) ...
Setting up tzdata (2018d-1) ...

Current default time zone: 'Etc/UTC'
Local time is now:      Wed May  2 13:07:39 UTC 2018.
Universal Time is now:  Wed May  2 13:07:39 UTC 2018.
Run 'dpkg-reconfigure tzdata' if you wish to change it.

Setting up groff-base (1.22.3-10) ...
Setting up libglib2.0-0:amd64 (2.56.1-2) ...
No schema files found: doing nothing.
Setting up libncursesw6:amd64 (6.1+20180210-2) ...
Setting up libsasl2-modules-db:amd64 (2.1.27~101-g0780600+dfsg-3.1) ...
Setting up libsasl2-2:amd64 (2.1.27~101-g0780600+dfsg-3.1) ...
Setting up libtiff5:amd64 (4.0.9-5) ...
Setting up gettext-base (0.19.8.1-6) ...
Setting up libpipeline1:amd64 (1.5.0-1) ...
Setting up librtmp1:amd64 (2.4+20151223.gitfa8646d.1-1+b1) ...
Setting up m4 (1.4.18-1) ...
Setting up libicu57:amd64 (57.1-9) ...
Setting up libxml2:amd64 (2.9.4+dfsg1-6.1) ...
Setting up libfreetype6:amd64 (2.8.1-2) ...
Setting up libmagic-mgc (1:5.33-2) ...
Setting up libmagic1:amd64 (1:5.33-2) ...
Setting up libcroco3:amd64 (0.6.12-2) ...
Setting up libblas3:amd64 (3.8.0-1) ...
update-alternatives: using /usr/lib/x86_64-linux-gnu/blas/libblas.so.3 to provide /usr/lib/x86_64-linux-gnu/libblas.so.3 (libblas.so.3-x86_64-linux-gnu) in auto mode
Setting up libssh2-1:amd64 (1.8.0-1) ...
Processing triggers for libc-bin (2.27-3) ...
Setting up autotools-dev (20180224.1) ...
Setting up libldap-2.4-2:amd64 (2.4.45+dfsg-1) ...
Setting up libjs-jquery-ui (1.12.1+dfsg-5) ...
Setting up openssl (1.1.0h-2) ...
Setting up libsqlite3-0:amd64 (3.23.1-1) ...
Setting up libexpat1-dev:amd64 (2.2.5-3) ...
Setting up ttf-bitstream-vera (1.10-8) ...
Setting up liberfa1:amd64 (1.4.0-1) ...
Setting up libkeyutils1:amd64 (1.5.9-9.2) ...
Setting up bsdmainutils (11.1.2) ...
update-alternatives: using /usr/bin/bsd-write to provide /usr/bin/write (write) in auto mode
update-alternatives: using /usr/bin/bsd-from to provide /usr/bin/from (from) in auto mode
Setting up ca-certificates (20180409) ...
Updating certificates in /etc/ssl/certs...
133 added, 0 removed; done.
Setting up libpython2.7-stdlib:amd64 (2.7.15-1) ...
Setting up autopoint (0.19.8.1-6) ...
Setting up libmpdec2:amd64 (2.4.2-2) ...
Setting up fonts-lyx (2.3.0-2) ...
Setting up libwebp6:amd64 (0.6.1-2) ...
Setting up libwcs5:amd64 (5.18-1) ...
Setting up libfile-stripnondeterminism-perl (0.041-1) ...
Setting up libpython3.6-stdlib:amd64 (3.6.5-5) ...
Setting up python3.6 (3.6.5-5) ...
Setting up python-matplotlib-data (2.2.2-2) ...
Setting up gettext (0.19.8.1-6) ...
Setting up liblapack3:amd64 (3.8.0-1) ...
update-alternatives: using /usr/lib/x86_64-linux-gnu/lapack/liblapack.so.3 to provide /usr/lib/x86_64-linux-gnu/liblapack.so.3 (liblapack.so.3-x86_64-linux-gnu) in auto mode
Setting up python2.7 (2.7.15-1) ...
Setting up autoconf (2.69-11) ...
Setting up file (1:5.33-2) ...
Setting up libkrb5support0:amd64 (1.16-2) ...
Setting up libpython-stdlib:amd64 (2.7.15~rc1-1) ...
Setting up intltool-debian (0.35.0+20060710.4) ...
Setting up libwebpmux3:amd64 (0.6.1-2) ...
Setting up libpython2.7:amd64 (2.7.15-1) ...
Setting up automake (1:1.15.1-3.1) ...
update-alternatives: using /usr/bin/automake-1.15 to provide /usr/bin/automake (automake) in auto mode
Setting up libwebpdemux2:amd64 (0.6.1-2) ...
Setting up man-db (2.8.3-2) ...
Not building database; man-db/auto-update is not 'true'.
Setting up libpython2.7-dev:amd64 (2.7.15-1) ...
Setting up python2.7-dev (2.7.15-1) ...
Setting up python (2.7.15~rc1-1) ...
Setting up libpython3.6:amd64 (3.6.5-5) ...
Setting up python-pyparsing (2.2.0+dfsg1-2) ...
Setting up python-idna (2.6-1) ...
Setting up libtool (2.4.6-2.1) ...
Setting up libpython3-stdlib:amd64 (3.6.5-3) ...
Setting up libpython-dev:amd64 (2.7.15~rc1-1) ...
Setting up python-sqlalchemy (1.2.5+ds1-1) ...
Setting up libk5crypto3:amd64 (1.16-2) ...
Setting up python-attr (17.4.0-2) ...
Setting up po-debconf (1.0.20) ...
Setting up python3 (3.6.5-3) ...
Setting up python-backports.functools-lru-cache (1.4-2) ...
Setting up python-ply (3.11-2) ...
Setting up python3-numpy (1:1.13.3-2) ...
Setting up python-dev (2.7.15~rc1-1) ...
Setting up python3-astropy-helpers (3.0.1-1) ...
Setting up python3-idna (2.6-1) ...
Setting up python-pluggy (0.6.0-1) ...
Setting up python3-six (1.11.0-2) ...
Setting up python-certifi (2018.1.18-3) ...
Setting up python-tz (2018.4-1) ...
Setting up libpython-all-dev:amd64 (2.7.15~rc1-1) ...
Setting up python3-pyparsing (2.2.0+dfsg1-2) ...
Setting up python3-cycler (0.10.0-1) ...
Setting up python3-certifi (2018.1.18-3) ...
Setting up python3-pkg-resources (39.0.1-2) ...
Setting up python-pkg-resources (39.0.1-2) ...
Setting up python3-bs4 (4.6.0-1) ...
Setting up python3-pluggy (0.6.0-1) ...
Setting up libpython3.6-dev:amd64 (3.6.5-5) ...
Setting up python3-psutil (5.4.2-1) ...
Setting up python-numpy (1:1.13.3-2) ...
Setting up python3-skimage-lib:amd64 (0.13.1-3) ...
Setting up python3-suds (0.7~git20150727.94664dd-5) ...
Setting up python3-pandas-lib (0.22.0-6) ...
Setting up python3-coverage (4.5+dfsg.1-3) ...
Setting up python-coverage (4.5+dfsg.1-3) ...
Setting up python-astropy-helpers (2.0.6-1) ...
Setting up python-six (1.11.0-2) ...
Setting up python-bs4 (4.6.0-1) ...
Setting up python-pandas-lib (0.22.0-6) ...
Setting up python3-chardet (3.0.4-1) ...
Setting up python-pbr (3.1.1-4) ...
update-alternatives: using /usr/bin/python2-pbr to provide /usr/bin/pbr (pbr) in auto mode
Setting up python-enum34 (1.1.6-2) ...
Setting up python-hypothesis (3.44.1-2) ...
Setting up python3-attr (17.4.0-2) ...
Setting up python-funcsigs (1.0.2-4) ...
Setting up python3-urllib3 (1.22-1) ...
Setting up python3-ply (3.11-2) ...
Setting up libkrb5-3:amd64 (1.16-2) ...
Setting up python-decorator (4.1.2-1) ...
Setting up python3-pywt (0.5.1-1.1+b2) ...
Setting up python3-configobj (5.0.6-2) ...
Setting up python-subprocess32 (3.2.7-3) ...
Setting up python3-hypothesis (3.44.1-2) ...
Setting up python3.6-dev (3.6.5-5) ...
Setting up python3-lib2to3 (3.6.5-3) ...
Setting up dh-python (3.20180326) ...
Setting up python3-decorator (4.1.2-1) ...
Setting up python-all (2.7.15~rc1-1) ...
Setting up python-pil:amd64 (5.1.0-1) ...
Setting up python3-tz (2018.4-1) ...
Setting up python3-distutils (3.6.5-3) ...
Setting up python-suds (0.7~git20150727.94664dd-5) ...
Setting up python3-dateutil (2.6.1-1) ...
Setting up libpython3-dev:amd64 (3.6.5-3) ...
Setting up python-skimage-lib (0.13.1-3) ...
Setting up python-setuptools (39.0.1-2) ...
Setting up python3-pbr (3.1.1-4) ...
Setting up python3-sqlalchemy (1.2.5+ds1-1) ...
Setting up python-urllib3 (1.22-1) ...
Setting up python3-pil:amd64 (5.1.0-1) ...
Setting up python3-scipy (0.19.1-2) ...
Setting up python-configobj (5.0.6-2) ...
Setting up python-networkx (1.11-2) ...
Setting up python3-kiwisolver (1.0.1-2) ...
Setting up python-chardet (3.0.4-1) ...
Setting up python-kiwisolver (1.0.1-2) ...
Setting up python-scipy (0.19.1-2) ...
Setting up python3-py (1.5.3-1) ...
Setting up python3-mock (2.0.0-3) ...
Setting up python-py (1.5.3-1) ...
Setting up python3-pytest (3.3.2-2) ...
Setting up python-mock (2.0.0-3) ...
Setting up python3-pytest-remotedata (0.2.1-2) ...
Setting up python3-dev (3.6.5-3) ...
Setting up python-pywt (0.5.1-1.1+b2) ...
Setting up python-pytest (3.3.2-2) ...
Setting up python-cycler (0.10.0-1) ...
Setting up libgssapi-krb5-2:amd64 (1.16-2) ...
Setting up python-dateutil (2.6.1-1) ...
Setting up python-all-dev (2.7.15~rc1-1) ...
Setting up libpython3-all-dev:amd64 (3.6.5-3) ...
Setting up python3-networkx (1.11-2) ...
Setting up python3-all (3.6.5-3) ...
Setting up python-pytest-mock (1.7.1-1) ...
Setting up python3-requests (2.18.4-2) ...
Setting up python-requests (2.18.4-2) ...
Setting up python3-pandas (0.22.0-6) ...
Setting up python3-setuptools (39.0.1-2) ...
Setting up python3-matplotlib (2.2.2-2) ...
Setting up python3-pytest-arraydiff (0.2-1) ...
Setting up python3-pytest-openfiles (0.3.0-2) ...
Setting up python3-pytest-mock (1.7.1-1) ...
Setting up python3-all-dev (3.6.5-3) ...
Setting up libcurl3-gnutls:amd64 (7.58.0-2) ...
Setting up python3-pytest-doctestplus (0.1.3-1) ...
Setting up python-pandas (0.22.0-6) ...
Setting up python-matplotlib (2.2.2-2) ...
Setting up python3-pytest-astropy (0.2.1-1) ...
Setting up python3-skimage (0.13.1-3) ...
Setting up libcfitsio5:amd64 (3.430-2) ...
Setting up python3-astropy (3.0-3) ...
Setting up python-skimage (0.13.1-3) ...
Setting up python-astropy (2.0.4-4) ...
Setting up dh-autoreconf (17) ...
Setting up dh-strip-nondeterminism (0.041-1) ...
Setting up debhelper (11.2.1) ...
Setting up sbuild-build-depends-sunpy-dummy (0.invalid.0) ...
Processing triggers for libc-bin (2.27-3) ...
Processing triggers for ca-certificates (20180409) ...
Updating certificates in /etc/ssl/certs...
0 added, 0 removed; done.
Running hooks in /etc/ca-certificates/update.d...
done.

+------------------------------------------------------------------------------+
| Build environment                                                            |
+------------------------------------------------------------------------------+

Kernel: Linux 4.9.0-5-amd64 amd64 (x86_64)
Toolchain package versions: binutils_2.30-16 dpkg-dev_1.19.0.5 g++-7_7.3.0-17 gcc-7_7.3.0-17 libc6-dev_2.27-3 libstdc++-7-dev_7.3.0-17 libstdc++6_8-20180425-1 linux-libc-dev_4.15.17-1
Package versions: adduser_3.117 apt_1.6.1 autoconf_2.69-11 automake_1:1.15.1-3.1 autopoint_0.19.8.1-6 autotools-dev_20180224.1 base-files_10.1 base-passwd_3.5.45 bash_4.4.18-2 binutils_2.30-16 binutils-common_2.30-16 binutils-x86-64-linux-gnu_2.30-16 bsdmainutils_11.1.2 bsdutils_1:2.31.1-0.5 build-essential_12.5 bzip2_1.0.6-8.1 ca-certificates_20180409 clang-6.0_1:6.0-3 coreutils_8.28-1 cpp_4:7.3.0-3 cpp-7_7.3.0-17 dash_0.5.8-2.10 debconf_1.5.66 debfoster_2.7-2.1+b1 debhelper_11.2.1 debian-archive-keyring_2017.7 debianutils_4.8.4 dh-autoreconf_17 dh-python_3.20180326 dh-strip-nondeterminism_0.041-1 diffutils_1:3.6-1 dpkg_1.19.0.5 dpkg-dev_1.19.0.5 e2fslibs_1.44.1-2 e2fsprogs_1.44.1-2 eatmydata_105-6 fakeroot_1.22-2 fdisk_2.31.1-0.5 file_1:5.33-2 findutils_4.6.0+git+20171230-2 fonts-lyx_2.3.0-2 g++_4:7.3.0-3 g++-7_7.3.0-17 gcc_4:7.3.0-3 gcc-6-base_6.4.0-17 gcc-7_7.3.0-17 gcc-7-base_7.3.0-17 gcc-8-base_8-20180425-1 gettext_0.19.8.1-6 gettext-base_0.19.8.1-6 gpgv_2.2.5-1 grep_3.1-2 groff-base_1.22.3-10 gzip_1.6-5+b1 hostname_3.20 init-system-helpers_1.51 intltool-debian_0.35.0+20060710.4 lib32gcc1_1:8-20180425-1 lib32stdc++6_8-20180425-1 libacl1_2.2.52-3+b1 libapt-pkg5.0_1.6.1 libarchive-zip-perl_1.60-1 libasan4_7.3.0-17 libatomic1_8-20180425-1 libattr1_1:2.4.47-2+b2 libaudit-common_1:2.8.3-1 libaudit1_1:2.8.3-1 libbinutils_2.30-16 libblas3_3.8.0-1 libblkid1_2.31.1-0.5 libbsd0_0.8.7-1 libbz2-1.0_1.0.6-8.1 libc-bin_2.27-3 libc-dev-bin_2.27-3 libc6_2.27-3 libc6-dev_2.27-3 libc6-i386_2.27-3 libcap-ng0_0.7.9-1 libcc1-0_8-20180425-1 libcfitsio5_3.430-2 libcilkrts5_7.3.0-17 libclang-common-6.0-dev_1:6.0-3 libclang1-6.0_1:6.0-3 libcom-err2_1.44.1-2 libcomerr2_1.44.1-2 libcroco3_0.6.12-2 libcurl3-gnutls_7.58.0-2 libdb5.3_5.3.28-13.1+b1 libdebconfclient0_0.243 libdpkg-perl_1.19.0.5 libeatmydata1_105-6 libedit2_3.1-20170329-1 liberfa1_1.4.0-1 libexpat1_2.2.5-3 libexpat1-dev_2.2.5-3 libext2fs2_1.44.1-2 libfakeroot_1.22-2 libfdisk1_2.31.1-0.5 libffi6_3.2.1-8 libfile-stripnondeterminism-perl_0.041-1 libfreetype6_2.8.1-2 libgc1c2_1:7.4.2-8.2 libgcc-7-dev_7.3.0-17 libgcc1_1:8-20180425-1 libgcrypt20_1.8.2-2 libgdbm-compat4_1.14.1-6 libgdbm3_1.8.3-14 libgdbm5_1.14.1-6 libgfortran4_7.3.0-17 libglib2.0-0_2.56.1-2 libgmp10_2:6.1.2+dfsg-3 libgnutls30_3.5.18-1 libgomp1_8-20180425-1 libgpg-error0_1.29-4 libgssapi-krb5-2_1.16-2 libhogweed4_3.4-1 libicu57_57.1-9 libidn2-0_2.0.4-1.1 libisl15_0.18-4 libisl19_0.19-1 libitm1_8-20180425-1 libjbig0_2.1-3.1+b2 libjpeg62-turbo_1:1.5.2-2+b1 libjs-jquery_3.2.1-1 libjs-jquery-ui_1.12.1+dfsg-5 libjsoncpp1_1.7.4-3 libk5crypto3_1.16-2 libkeyutils1_1.5.9-9.2 libkrb5-3_1.16-2 libkrb5support0_1.16-2 liblapack3_3.8.0-1 liblcms2-2_2.9-1 libldap-2.4-2_2.4.45+dfsg-1 libldap-common_2.4.45+dfsg-1 libllvm6.0_1:6.0-3 liblsan0_8-20180425-1 liblz4-1_1.8.1.2-1 liblzma5_5.2.2-1.3 libmagic-mgc_1:5.33-2 libmagic1_1:5.33-2 libmount1_2.31.1-0.5 libmpc3_1.1.0-1 libmpdec2_2.4.2-2 libmpfr4_3.1.6-1 libmpfr6_4.0.1-1 libmpx2_8-20180425-1 libncurses5_6.1+20180210-2 libncursesw5_6.1+20180210-2 libncursesw6_6.1+20180210-2 libnettle6_3.4-1 libnghttp2-14_1.31.1-1 libobjc-7-dev_7.3.0-17 libobjc4_8-20180425-1 libp11-kit0_0.23.10-2 libpam-modules_1.1.8-3.7 libpam-modules-bin_1.1.8-3.7 libpam-runtime_1.1.8-3.7 libpam0g_1.1.8-3.7 libpcre3_2:8.39-9 libperl5.26_5.26.2-3 libpipeline1_1.5.0-1 libpng16-16_1.6.34-1 libpsl5_0.20.1-1 libpython-all-dev_2.7.15~rc1-1 libpython-dev_2.7.15~rc1-1 libpython-stdlib_2.7.15~rc1-1 libpython2.7_2.7.15-1 libpython2.7-dev_2.7.15-1 libpython2.7-minimal_2.7.15-1 libpython2.7-stdlib_2.7.15-1 libpython3-all-dev_3.6.5-3 libpython3-dev_3.6.5-3 libpython3-stdlib_3.6.5-3 libpython3.6_3.6.5-5 libpython3.6-dev_3.6.5-5 libpython3.6-minimal_3.6.5-5 libpython3.6-stdlib_3.6.5-5 libquadmath0_8-20180425-1 libreadline7_7.0-3+b1 librtmp1_2.4+20151223.gitfa8646d.1-1+b1 libsasl2-2_2.1.27~101-g0780600+dfsg-3.1 libsasl2-modules-db_2.1.27~101-g0780600+dfsg-3.1 libseccomp2_2.3.3-1 libselinux1_2.7-2+b2 libsemanage-common_2.7-2 libsemanage1_2.7-2+b2 libsepol1_2.7-1 libsigsegv2_2.12-2 libsmartcols1_2.31.1-0.5 libsqlite3-0_3.23.1-1 libss2_1.44.1-2 libssh2-1_1.8.0-1 libssl1.1_1.1.0h-2 libstdc++-7-dev_7.3.0-17 libstdc++6_8-20180425-1 libsystemd0_238-4 libtasn1-6_4.13-2 libtiff5_4.0.9-5 libtimedate-perl_2.3000-2 libtinfo5_6.1+20180210-2 libtinfo6_6.1+20180210-2 libtool_2.4.6-2.1 libtsan0_8-20180425-1 libubsan0_7.3.0-17 libudev1_238-4 libunistring2_0.9.8-1 libustr-1.0-1_1.0.4-6 libuuid1_2.31.1-0.5 libwcs5_5.18-1 libwebp6_0.6.1-2 libwebpdemux2_0.6.1-2 libwebpmux3_0.6.1-2 libxml2_2.9.4+dfsg1-6.1 libzstd1_1.3.4+dfsg-1 linux-libc-dev_4.15.17-1 login_1:4.5-1 m4_1.4.18-1 make_4.2.1-1 man-db_2.8.3-2 mawk_1.3.3-17+b3 mime-support_3.60 mount_2.31.1-0.5 multiarch-support_2.27-3 ncurses-base_6.1+20180210-2 ncurses-bin_6.1+20180210-2 openssl_1.1.0h-2 passwd_1:4.5-1 patch_2.7.6-2 perl_5.26.2-3 perl-base_5.26.2-3 perl-modules-5.26_5.26.2-3 po-debconf_1.0.20 python_2.7.15~rc1-1 python-all_2.7.15~rc1-1 python-all-dev_2.7.15~rc1-1 python-astropy_2.0.4-4 python-astropy-helpers_2.0.6-1 python-attr_17.4.0-2 python-backports.functools-lru-cache_1.4-2 python-bs4_4.6.0-1 python-certifi_2018.1.18-3 python-chardet_3.0.4-1 python-configobj_5.0.6-2 python-coverage_4.5+dfsg.1-3 python-cycler_0.10.0-1 python-dateutil_2.6.1-1 python-decorator_4.1.2-1 python-dev_2.7.15~rc1-1 python-enum34_1.1.6-2 python-funcsigs_1.0.2-4 python-hypothesis_3.44.1-2 python-idna_2.6-1 python-kiwisolver_1.0.1-2 python-matplotlib_2.2.2-2 python-matplotlib-data_2.2.2-2 python-minimal_2.7.15~rc1-1 python-mock_2.0.0-3 python-networkx_1.11-2 python-numpy_1:1.13.3-2 python-pandas_0.22.0-6 python-pandas-lib_0.22.0-6 python-pbr_3.1.1-4 python-pil_5.1.0-1 python-pkg-resources_39.0.1-2 python-pluggy_0.6.0-1 python-ply_3.11-2 python-py_1.5.3-1 python-pyparsing_2.2.0+dfsg1-2 python-pytest_3.3.2-2 python-pytest-mock_1.7.1-1 python-pywt_0.5.1-1.1+b2 python-requests_2.18.4-2 python-scipy_0.19.1-2 python-setuptools_39.0.1-2 python-six_1.11.0-2 python-skimage_0.13.1-3 python-skimage-lib_0.13.1-3 python-sqlalchemy_1.2.5+ds1-1 python-subprocess32_3.2.7-3 python-suds_0.7~git20150727.94664dd-5 python-tz_2018.4-1 python-urllib3_1.22-1 python2.7_2.7.15-1 python2.7-dev_2.7.15-1 python2.7-minimal_2.7.15-1 python3_3.6.5-3 python3-all_3.6.5-3 python3-all-dev_3.6.5-3 python3-astropy_3.0-3 python3-astropy-helpers_3.0.1-1 python3-attr_17.4.0-2 python3-bs4_4.6.0-1 python3-certifi_2018.1.18-3 python3-chardet_3.0.4-1 python3-configobj_5.0.6-2 python3-coverage_4.5+dfsg.1-3 python3-cycler_0.10.0-1 python3-dateutil_2.6.1-1 python3-decorator_4.1.2-1 python3-dev_3.6.5-3 python3-distutils_3.6.5-3 python3-hypothesis_3.44.1-2 python3-idna_2.6-1 python3-kiwisolver_1.0.1-2 python3-lib2to3_3.6.5-3 python3-matplotlib_2.2.2-2 python3-minimal_3.6.5-3 python3-mock_2.0.0-3 python3-networkx_1.11-2 python3-numpy_1:1.13.3-2 python3-pandas_0.22.0-6 python3-pandas-lib_0.22.0-6 python3-pbr_3.1.1-4 python3-pil_5.1.0-1 python3-pkg-resources_39.0.1-2 python3-pluggy_0.6.0-1 python3-ply_3.11-2 python3-psutil_5.4.2-1 python3-py_1.5.3-1 python3-pyparsing_2.2.0+dfsg1-2 python3-pytest_3.3.2-2 python3-pytest-arraydiff_0.2-1 python3-pytest-astropy_0.2.1-1 python3-pytest-doctestplus_0.1.3-1 python3-pytest-mock_1.7.1-1 python3-pytest-openfiles_0.3.0-2 python3-pytest-remotedata_0.2.1-2 python3-pywt_0.5.1-1.1+b2 python3-requests_2.18.4-2 python3-scipy_0.19.1-2 python3-setuptools_39.0.1-2 python3-six_1.11.0-2 python3-skimage_0.13.1-3 python3-skimage-lib_0.13.1-3 python3-sqlalchemy_1.2.5+ds1-1 python3-suds_0.7~git20150727.94664dd-5 python3-tz_2018.4-1 python3-urllib3_1.22-1 python3.6_3.6.5-5 python3.6-dev_3.6.5-5 python3.6-minimal_3.6.5-5 readline-common_7.0-3 sbuild-build-depends-core-dummy_0.invalid.0 sbuild-build-depends-sunpy-dummy_0.invalid.0 sed_4.4-2 sensible-utils_0.0.12 sysvinit-utils_2.88dsf-59.10 tar_1.30+dfsg-1 ttf-bitstream-vera_1.10-8 tzdata_2018d-1 util-linux_2.31.1-0.5 xz-utils_5.2.2-1.3 zlib1g_1:1.2.11.dfsg-1

+------------------------------------------------------------------------------+
| Build                                                                        |
+------------------------------------------------------------------------------+


Unpack source
-------------

gpgv: unknown type of key resource 'trustedkeys.kbx'
gpgv: keyblock resource '/sbuild-nonexistent/.gnupg/trustedkeys.kbx': General error
gpgv: Signature made Wed Jan 31 09:50:49 2018 UTC
gpgv:                using RSA key EFF06957445ADBF8742F7AAD9A4F56BDB90E18BD
gpgv: Can't check signature: No public key
dpkg-source: warning: failed to verify signature on ./sunpy_0.8.3-1.dsc
dpkg-source: info: extracting sunpy in /<<PKGBUILDDIR>>
dpkg-source: info: unpacking sunpy_0.8.3.orig.tar.gz
dpkg-source: info: unpacking sunpy_0.8.3-1.debian.tar.xz
dpkg-source: info: applying Use-astropy_helpers-provided-by-the-system.patch
dpkg-source: info: applying Mark-known-test-failures-as-xfail.patch
dpkg-source: info: applying Remove-outdated-and-unused-doctest-rst-option-from-setup..patch

Check disk space
----------------

Sufficient free space for build

User Environment
----------------

APT_CONFIG=/var/lib/sbuild/apt.conf
HOME=/sbuild-nonexistent
LANG=en_US.UTF-8
LC_ALL=POSIX
LOGNAME=user42
PATH=/usr/local/sbin:/usr/local/bin:/usr/sbin:/usr/bin:/sbin:/bin:/usr/games
SCHROOT_ALIAS_NAME=unstable-amd64-sbuild
SCHROOT_CHROOT_NAME=unstable-amd64-sbuild
SCHROOT_COMMAND=env
SCHROOT_GID=1001
SCHROOT_GROUP=user42
SCHROOT_SESSION_ID=unstable-amd64-sbuild-a62b5ae3-e4c3-4d23-a603-be38ad33a46a
SCHROOT_UID=1001
SCHROOT_USER=user42
SHELL=/bin/sh
USER=user42

dpkg-buildpackage
-----------------

dpkg-buildpackage: info: source package sunpy
dpkg-buildpackage: info: source version 0.8.3-1
dpkg-buildpackage: info: source distribution unstable
dpkg-buildpackage: info: source changed by Ole Streicher <olebole@debian.org>
 dpkg-source --before-build sunpy-0.8.3
dpkg-buildpackage: info: host architecture amd64
 fakeroot debian/rules clean
dh clean --with python2,python3 --buildsystem=pybuild
   dh_auto_clean -O--buildsystem=pybuild
I: pybuild base:217: python2.7 setup.py clean 
running clean
removing '/<<PKGBUILDDIR>>/.pybuild/cpython2_2.7_sunpy/build' (and everything under it)
'build/bdist.linux-amd64' does not exist -- can't clean it
'build/scripts-2.7' does not exist -- can't clean it
I: pybuild base:217: python3.6 setup.py clean 
running clean
removing '/<<PKGBUILDDIR>>/.pybuild/cpython3_3.6_sunpy/build' (and everything under it)
'build/bdist.linux-amd64' does not exist -- can't clean it
'build/scripts-3.6' does not exist -- can't clean it
   dh_clean -O--buildsystem=pybuild
 debian/rules build-arch
dh build-arch --with python2,python3 --buildsystem=pybuild
   dh_update_autotools_config -a -O--buildsystem=pybuild
   dh_auto_configure -a -O--buildsystem=pybuild
I: pybuild base:217: python2.7 setup.py config 
running config
I: pybuild base:217: python3.6 setup.py config 
running config
   dh_auto_build -a -O--buildsystem=pybuild
I: pybuild base:217: /usr/bin/python setup.py build 
running build
running build_py
creating build
creating build/lib.linux-amd64-2.7
creating build/lib.linux-amd64-2.7/sunpy
copying sunpy/conftest.py -> build/lib.linux-amd64-2.7/sunpy
copying sunpy/__init__.py -> build/lib.linux-amd64-2.7/sunpy
copying sunpy/version.py -> build/lib.linux-amd64-2.7/sunpy
creating build/lib.linux-amd64-2.7/sunpy/instr
copying sunpy/instr/rhessi.py -> build/lib.linux-amd64-2.7/sunpy/instr
copying sunpy/instr/goes.py -> build/lib.linux-amd64-2.7/sunpy/instr
copying sunpy/instr/__init__.py -> build/lib.linux-amd64-2.7/sunpy/instr
copying sunpy/instr/fermi.py -> build/lib.linux-amd64-2.7/sunpy/instr
copying sunpy/instr/aia.py -> build/lib.linux-amd64-2.7/sunpy/instr
copying sunpy/instr/lyra.py -> build/lib.linux-amd64-2.7/sunpy/instr
creating build/lib.linux-amd64-2.7/sunpy/data
copying sunpy/data/_sample.py -> build/lib.linux-amd64-2.7/sunpy/data
copying sunpy/data/sample.py -> build/lib.linux-amd64-2.7/sunpy/data
copying sunpy/data/setup_package.py -> build/lib.linux-amd64-2.7/sunpy/data
copying sunpy/data/__init__.py -> build/lib.linux-amd64-2.7/sunpy/data
creating build/lib.linux-amd64-2.7/sunpy/timeseries
copying sunpy/timeseries/metadata.py -> build/lib.linux-amd64-2.7/sunpy/timeseries
copying sunpy/timeseries/__init__.py -> build/lib.linux-amd64-2.7/sunpy/timeseries
copying sunpy/timeseries/timeseriesbase.py -> build/lib.linux-amd64-2.7/sunpy/timeseries
copying sunpy/timeseries/timeseries_factory.py -> build/lib.linux-amd64-2.7/sunpy/timeseries
creating build/lib.linux-amd64-2.7/sunpy/visualization
copying sunpy/visualization/mapcubeanimator.py -> build/lib.linux-amd64-2.7/sunpy/visualization
copying sunpy/visualization/imageanimator.py -> build/lib.linux-amd64-2.7/sunpy/visualization
copying sunpy/visualization/visualization.py -> build/lib.linux-amd64-2.7/sunpy/visualization
copying sunpy/visualization/__init__.py -> build/lib.linux-amd64-2.7/sunpy/visualization
copying sunpy/visualization/wcsaxes_compat.py -> build/lib.linux-amd64-2.7/sunpy/visualization
creating build/lib.linux-amd64-2.7/sunpy/map
copying sunpy/map/map_factory.py -> build/lib.linux-amd64-2.7/sunpy/map
copying sunpy/map/__init__.py -> build/lib.linux-amd64-2.7/sunpy/map
copying sunpy/map/mapbase.py -> build/lib.linux-amd64-2.7/sunpy/map
copying sunpy/map/compositemap.py -> build/lib.linux-amd64-2.7/sunpy/map
copying sunpy/map/mapcube.py -> build/lib.linux-amd64-2.7/sunpy/map
creating build/lib.linux-amd64-2.7/sunpy/physics
copying sunpy/physics/solar_rotation.py -> build/lib.linux-amd64-2.7/sunpy/physics
copying sunpy/physics/__init__.py -> build/lib.linux-amd64-2.7/sunpy/physics
copying sunpy/physics/differential_rotation.py -> build/lib.linux-amd64-2.7/sunpy/physics
creating build/lib.linux-amd64-2.7/sunpy/wcs
copying sunpy/wcs/wcs.py -> build/lib.linux-amd64-2.7/sunpy/wcs
copying sunpy/wcs/__init__.py -> build/lib.linux-amd64-2.7/sunpy/wcs
creating build/lib.linux-amd64-2.7/sunpy/util
copying sunpy/util/sysinfo.py -> build/lib.linux-amd64-2.7/sunpy/util
copying sunpy/util/net.py -> build/lib.linux-amd64-2.7/sunpy/util
copying sunpy/util/decorators.py -> build/lib.linux-amd64-2.7/sunpy/util
copying sunpy/util/datatype_factory_base.py -> build/lib.linux-amd64-2.7/sunpy/util
copying sunpy/util/config.py -> build/lib.linux-amd64-2.7/sunpy/util
copying sunpy/util/multimethod.py -> build/lib.linux-amd64-2.7/sunpy/util
copying sunpy/util/create.py -> build/lib.linux-amd64-2.7/sunpy/util
copying sunpy/util/metadata.py -> build/lib.linux-amd64-2.7/sunpy/util
copying sunpy/util/exceptions.py -> build/lib.linux-amd64-2.7/sunpy/util
copying sunpy/util/__init__.py -> build/lib.linux-amd64-2.7/sunpy/util
copying sunpy/util/util.py -> build/lib.linux-amd64-2.7/sunpy/util
copying sunpy/util/cond_dispatch.py -> build/lib.linux-amd64-2.7/sunpy/util
copying sunpy/util/scraper.py -> build/lib.linux-amd64-2.7/sunpy/util
copying sunpy/util/progressbar.py -> build/lib.linux-amd64-2.7/sunpy/util
copying sunpy/util/xml.py -> build/lib.linux-amd64-2.7/sunpy/util
creating build/lib.linux-amd64-2.7/sunpy/coordinates
copying sunpy/coordinates/frames.py -> build/lib.linux-amd64-2.7/sunpy/coordinates
copying sunpy/coordinates/utils.py -> build/lib.linux-amd64-2.7/sunpy/coordinates
copying sunpy/coordinates/wcs_utils.py -> build/lib.linux-amd64-2.7/sunpy/coordinates
copying sunpy/coordinates/__init__.py -> build/lib.linux-amd64-2.7/sunpy/coordinates
copying sunpy/coordinates/transformations.py -> build/lib.linux-amd64-2.7/sunpy/coordinates
copying sunpy/coordinates/offset_frame.py -> build/lib.linux-amd64-2.7/sunpy/coordinates
copying sunpy/coordinates/frameattributes.py -> build/lib.linux-amd64-2.7/sunpy/coordinates
copying sunpy/coordinates/ephemeris.py -> build/lib.linux-amd64-2.7/sunpy/coordinates
copying sunpy/coordinates/representation.py -> build/lib.linux-amd64-2.7/sunpy/coordinates
creating build/lib.linux-amd64-2.7/sunpy/extern
copying sunpy/extern/six.py -> build/lib.linux-amd64-2.7/sunpy/extern
copying sunpy/extern/setup_package.py -> build/lib.linux-amd64-2.7/sunpy/extern
copying sunpy/extern/__init__.py -> build/lib.linux-amd64-2.7/sunpy/extern
creating build/lib.linux-amd64-2.7/sunpy/tests
copying sunpy/tests/setup_command.py -> build/lib.linux-amd64-2.7/sunpy/tests
copying sunpy/tests/mocks.py -> build/lib.linux-amd64-2.7/sunpy/tests
copying sunpy/tests/setup_package.py -> build/lib.linux-amd64-2.7/sunpy/tests
copying sunpy/tests/hash.py -> build/lib.linux-amd64-2.7/sunpy/tests
copying sunpy/tests/__init__.py -> build/lib.linux-amd64-2.7/sunpy/tests
copying sunpy/tests/helpers.py -> build/lib.linux-amd64-2.7/sunpy/tests
creating build/lib.linux-amd64-2.7/sunpy/image
copying sunpy/image/__init__.py -> build/lib.linux-amd64-2.7/sunpy/image
copying sunpy/image/rescale.py -> build/lib.linux-amd64-2.7/sunpy/image
copying sunpy/image/util.py -> build/lib.linux-amd64-2.7/sunpy/image
copying sunpy/image/transform.py -> build/lib.linux-amd64-2.7/sunpy/image
copying sunpy/image/coalignment.py -> build/lib.linux-amd64-2.7/sunpy/image
creating build/lib.linux-amd64-2.7/sunpy/time
copying sunpy/time/julian.py -> build/lib.linux-amd64-2.7/sunpy/time
copying sunpy/time/timerange.py -> build/lib.linux-amd64-2.7/sunpy/time
copying sunpy/time/__init__.py -> build/lib.linux-amd64-2.7/sunpy/time
copying sunpy/time/time.py -> build/lib.linux-amd64-2.7/sunpy/time
creating build/lib.linux-amd64-2.7/sunpy/net
copying sunpy/net/attr.py -> build/lib.linux-amd64-2.7/sunpy/net
copying sunpy/net/helioviewer.py -> build/lib.linux-amd64-2.7/sunpy/net
copying sunpy/net/proxyfix.py -> build/lib.linux-amd64-2.7/sunpy/net
copying sunpy/net/attrs.py -> build/lib.linux-amd64-2.7/sunpy/net
copying sunpy/net/__init__.py -> build/lib.linux-amd64-2.7/sunpy/net
copying sunpy/net/download.py -> build/lib.linux-amd64-2.7/sunpy/net
copying sunpy/net/fido_factory.py -> build/lib.linux-amd64-2.7/sunpy/net
creating build/lib.linux-amd64-2.7/sunpy/database
copying sunpy/database/database.py -> build/lib.linux-amd64-2.7/sunpy/database
copying sunpy/database/attrs.py -> build/lib.linux-amd64-2.7/sunpy/database
copying sunpy/database/setup_package.py -> build/lib.linux-amd64-2.7/sunpy/database
copying sunpy/database/__init__.py -> build/lib.linux-amd64-2.7/sunpy/database
copying sunpy/database/tables.py -> build/lib.linux-amd64-2.7/sunpy/database
copying sunpy/database/commands.py -> build/lib.linux-amd64-2.7/sunpy/database
copying sunpy/database/caching.py -> build/lib.linux-amd64-2.7/sunpy/database
creating build/lib.linux-amd64-2.7/sunpy/sun
copying sunpy/sun/constants.py -> build/lib.linux-amd64-2.7/sunpy/sun
copying sunpy/sun/_constants.py -> build/lib.linux-amd64-2.7/sunpy/sun
copying sunpy/sun/models.py -> build/lib.linux-amd64-2.7/sunpy/sun
copying sunpy/sun/__init__.py -> build/lib.linux-amd64-2.7/sunpy/sun
copying sunpy/sun/sun.py -> build/lib.linux-amd64-2.7/sunpy/sun
creating build/lib.linux-amd64-2.7/sunpy/cm
copying sunpy/cm/__init__.py -> build/lib.linux-amd64-2.7/sunpy/cm
copying sunpy/cm/color_tables.py -> build/lib.linux-amd64-2.7/sunpy/cm
copying sunpy/cm/cm.py -> build/lib.linux-amd64-2.7/sunpy/cm
creating build/lib.linux-amd64-2.7/sunpy/io
copying sunpy/io/header.py -> build/lib.linux-amd64-2.7/sunpy/io
copying sunpy/io/setup_package.py -> build/lib.linux-amd64-2.7/sunpy/io
copying sunpy/io/fits.py -> build/lib.linux-amd64-2.7/sunpy/io
copying sunpy/io/__init__.py -> build/lib.linux-amd64-2.7/sunpy/io
copying sunpy/io/ana.py -> build/lib.linux-amd64-2.7/sunpy/io
copying sunpy/io/jp2.py -> build/lib.linux-amd64-2.7/sunpy/io
copying sunpy/io/file_tools.py -> build/lib.linux-amd64-2.7/sunpy/io
creating build/lib.linux-amd64-2.7/sunpy/spectra
copying sunpy/spectra/spectrogram.py -> build/lib.linux-amd64-2.7/sunpy/spectra
copying sunpy/spectra/__init__.py -> build/lib.linux-amd64-2.7/sunpy/spectra
copying sunpy/spectra/spectrum.py -> build/lib.linux-amd64-2.7/sunpy/spectra
creating build/lib.linux-amd64-2.7/sunpy/roi
copying sunpy/roi/roi.py -> build/lib.linux-amd64-2.7/sunpy/roi
copying sunpy/roi/chaincode.py -> build/lib.linux-amd64-2.7/sunpy/roi
copying sunpy/roi/__init__.py -> build/lib.linux-amd64-2.7/sunpy/roi
creating build/lib.linux-amd64-2.7/sunpy/lightcurve
copying sunpy/lightcurve/lightcurve.py -> build/lib.linux-amd64-2.7/sunpy/lightcurve
copying sunpy/lightcurve/table_to_dataframe.py -> build/lib.linux-amd64-2.7/sunpy/lightcurve
copying sunpy/lightcurve/__init__.py -> build/lib.linux-amd64-2.7/sunpy/lightcurve
creating build/lib.linux-amd64-2.7/sunpy/instr/tests
copying sunpy/instr/tests/test_fermi.py -> build/lib.linux-amd64-2.7/sunpy/instr/tests
copying sunpy/instr/tests/test_goes.py -> build/lib.linux-amd64-2.7/sunpy/instr/tests
copying sunpy/instr/tests/test_lyra.py -> build/lib.linux-amd64-2.7/sunpy/instr/tests
copying sunpy/instr/tests/test_aia.py -> build/lib.linux-amd64-2.7/sunpy/instr/tests
copying sunpy/instr/tests/test_iris.py -> build/lib.linux-amd64-2.7/sunpy/instr/tests
copying sunpy/instr/tests/__init__.py -> build/lib.linux-amd64-2.7/sunpy/instr/tests
copying sunpy/instr/tests/test_rhessi.py -> build/lib.linux-amd64-2.7/sunpy/instr/tests
creating build/lib.linux-amd64-2.7/sunpy/instr/iris
copying sunpy/instr/iris/iris.py -> build/lib.linux-amd64-2.7/sunpy/instr/iris
copying sunpy/instr/iris/__init__.py -> build/lib.linux-amd64-2.7/sunpy/instr/iris
creating build/lib.linux-amd64-2.7/sunpy/data/test
copying sunpy/data/test/__init__.py -> build/lib.linux-amd64-2.7/sunpy/data/test
creating build/lib.linux-amd64-2.7/sunpy/data/test/waveunit
copying sunpy/data/test/waveunit/__init__.py -> build/lib.linux-amd64-2.7/sunpy/data/test/waveunit
creating build/lib.linux-amd64-2.7/sunpy/timeseries/sources
copying sunpy/timeseries/sources/rhessi.py -> build/lib.linux-amd64-2.7/sunpy/timeseries/sources
copying sunpy/timeseries/sources/norh.py -> build/lib.linux-amd64-2.7/sunpy/timeseries/sources
copying sunpy/timeseries/sources/noaa.py -> build/lib.linux-amd64-2.7/sunpy/timeseries/sources
copying sunpy/timeseries/sources/goes.py -> build/lib.linux-amd64-2.7/sunpy/timeseries/sources
copying sunpy/timeseries/sources/__init__.py -> build/lib.linux-amd64-2.7/sunpy/timeseries/sources
copying sunpy/timeseries/sources/eve.py -> build/lib.linux-amd64-2.7/sunpy/timeseries/sources
copying sunpy/timeseries/sources/lyra.py -> build/lib.linux-amd64-2.7/sunpy/timeseries/sources
copying sunpy/timeseries/sources/fermi_gbm.py -> build/lib.linux-amd64-2.7/sunpy/timeseries/sources
creating build/lib.linux-amd64-2.7/sunpy/timeseries/tests
copying sunpy/timeseries/tests/test_timeseriesbase.py -> build/lib.linux-amd64-2.7/sunpy/timeseries/tests
copying sunpy/timeseries/tests/test_timeseriesmetadata.py -> build/lib.linux-amd64-2.7/sunpy/timeseries/tests
copying sunpy/timeseries/tests/__init__.py -> build/lib.linux-amd64-2.7/sunpy/timeseries/tests
copying sunpy/timeseries/tests/test_timeseries_factory.py -> build/lib.linux-amd64-2.7/sunpy/timeseries/tests
creating build/lib.linux-amd64-2.7/sunpy/visualization/tests
copying sunpy/visualization/tests/test_imageanimator.py -> build/lib.linux-amd64-2.7/sunpy/visualization/tests
copying sunpy/visualization/tests/__init__.py -> build/lib.linux-amd64-2.7/sunpy/visualization/tests
creating build/lib.linux-amd64-2.7/sunpy/map/sources
copying sunpy/map/sources/trace.py -> build/lib.linux-amd64-2.7/sunpy/map/sources
copying sunpy/map/sources/rhessi.py -> build/lib.linux-amd64-2.7/sunpy/map/sources
copying sunpy/map/sources/proba2.py -> build/lib.linux-amd64-2.7/sunpy/map/sources
copying sunpy/map/sources/source_type.py -> build/lib.linux-amd64-2.7/sunpy/map/sources
copying sunpy/map/sources/hinode.py -> build/lib.linux-amd64-2.7/sunpy/map/sources
copying sunpy/map/sources/sdo.py -> build/lib.linux-amd64-2.7/sunpy/map/sources
copying sunpy/map/sources/yohkoh.py -> build/lib.linux-amd64-2.7/sunpy/map/sources
copying sunpy/map/sources/stereo.py -> build/lib.linux-amd64-2.7/sunpy/map/sources
copying sunpy/map/sources/iris.py -> build/lib.linux-amd64-2.7/sunpy/map/sources
copying sunpy/map/sources/__init__.py -> build/lib.linux-amd64-2.7/sunpy/map/sources
copying sunpy/map/sources/soho.py -> build/lib.linux-amd64-2.7/sunpy/map/sources
creating build/lib.linux-amd64-2.7/sunpy/map/tests
copying sunpy/map/tests/test_header.py -> build/lib.linux-amd64-2.7/sunpy/map/tests
copying sunpy/map/tests/test_mapcube.py -> build/lib.linux-amd64-2.7/sunpy/map/tests
copying sunpy/map/tests/test_plotting.py -> build/lib.linux-amd64-2.7/sunpy/map/tests
copying sunpy/map/tests/__init__.py -> build/lib.linux-amd64-2.7/sunpy/map/tests
copying sunpy/map/tests/test_mapbase.py -> build/lib.linux-amd64-2.7/sunpy/map/tests
copying sunpy/map/tests/test_map_factory.py -> build/lib.linux-amd64-2.7/sunpy/map/tests
creating build/lib.linux-amd64-2.7/sunpy/physics/transforms
copying sunpy/physics/transforms/solar_rotation.py -> build/lib.linux-amd64-2.7/sunpy/physics/transforms
copying sunpy/physics/transforms/__init__.py -> build/lib.linux-amd64-2.7/sunpy/physics/transforms
copying sunpy/physics/transforms/differential_rotation.py -> build/lib.linux-amd64-2.7/sunpy/physics/transforms
creating build/lib.linux-amd64-2.7/sunpy/wcs/tests
copying sunpy/wcs/tests/__init__.py -> build/lib.linux-amd64-2.7/sunpy/wcs/tests
copying sunpy/wcs/tests/test_wcs.py -> build/lib.linux-amd64-2.7/sunpy/wcs/tests
creating build/lib.linux-amd64-2.7/sunpy/util/tests
copying sunpy/util/tests/test_multimethod.py -> build/lib.linux-amd64-2.7/sunpy/util/tests
copying sunpy/util/tests/test_scraper.py -> build/lib.linux-amd64-2.7/sunpy/util/tests
copying sunpy/util/tests/test_xml.py -> build/lib.linux-amd64-2.7/sunpy/util/tests
copying sunpy/util/tests/test_cond_dispatch.py -> build/lib.linux-amd64-2.7/sunpy/util/tests
copying sunpy/util/tests/test_datatype_factory_base.py -> build/lib.linux-amd64-2.7/sunpy/util/tests
copying sunpy/util/tests/__init__.py -> build/lib.linux-amd64-2.7/sunpy/util/tests
copying sunpy/util/tests/test_sysinfo.py -> build/lib.linux-amd64-2.7/sunpy/util/tests
copying sunpy/util/tests/test_metadata.py -> build/lib.linux-amd64-2.7/sunpy/util/tests
copying sunpy/util/tests/test_util.py -> build/lib.linux-amd64-2.7/sunpy/util/tests
creating build/lib.linux-amd64-2.7/sunpy/coordinates/tests
copying sunpy/coordinates/tests/test_wcs_utils.py -> build/lib.linux-amd64-2.7/sunpy/coordinates/tests
copying sunpy/coordinates/tests/test_utils.py -> build/lib.linux-amd64-2.7/sunpy/coordinates/tests
copying sunpy/coordinates/tests/test_transformations_comparision.py -> build/lib.linux-amd64-2.7/sunpy/coordinates/tests
copying sunpy/coordinates/tests/test_frames.py -> build/lib.linux-amd64-2.7/sunpy/coordinates/tests
copying sunpy/coordinates/tests/test_ephemeris.py -> build/lib.linux-amd64-2.7/sunpy/coordinates/tests
copying sunpy/coordinates/tests/test_frameattributes.py -> build/lib.linux-amd64-2.7/sunpy/coordinates/tests
copying sunpy/coordinates/tests/__init__.py -> build/lib.linux-amd64-2.7/sunpy/coordinates/tests
copying sunpy/coordinates/tests/test_offset_frame.py -> build/lib.linux-amd64-2.7/sunpy/coordinates/tests
copying sunpy/coordinates/tests/test_transformations.py -> build/lib.linux-amd64-2.7/sunpy/coordinates/tests
creating build/lib.linux-amd64-2.7/sunpy/extern/bundled
copying sunpy/extern/bundled/six.py -> build/lib.linux-amd64-2.7/sunpy/extern/bundled
copying sunpy/extern/bundled/__init__.py -> build/lib.linux-amd64-2.7/sunpy/extern/bundled
creating build/lib.linux-amd64-2.7/sunpy/tests/tests
copying sunpy/tests/tests/test_main.py -> build/lib.linux-amd64-2.7/sunpy/tests/tests
copying sunpy/tests/tests/__init__.py -> build/lib.linux-amd64-2.7/sunpy/tests/tests
creating build/lib.linux-amd64-2.7/sunpy/image/tests
copying sunpy/image/tests/test_coalignment.py -> build/lib.linux-amd64-2.7/sunpy/image/tests
copying sunpy/image/tests/__init__.py -> build/lib.linux-amd64-2.7/sunpy/image/tests
copying sunpy/image/tests/test_resample.py -> build/lib.linux-amd64-2.7/sunpy/image/tests
copying sunpy/image/tests/test_util.py -> build/lib.linux-amd64-2.7/sunpy/image/tests
copying sunpy/image/tests/test_transform.py -> build/lib.linux-amd64-2.7/sunpy/image/tests
creating build/lib.linux-amd64-2.7/sunpy/time/tests
copying sunpy/time/tests/test_time.py -> build/lib.linux-amd64-2.7/sunpy/time/tests
copying sunpy/time/tests/test_julian.py -> build/lib.linux-amd64-2.7/sunpy/time/tests
copying sunpy/time/tests/__init__.py -> build/lib.linux-amd64-2.7/sunpy/time/tests
copying sunpy/time/tests/test_timerange.py -> build/lib.linux-amd64-2.7/sunpy/time/tests
creating build/lib.linux-amd64-2.7/sunpy/net/vso
copying sunpy/net/vso/vso.py -> build/lib.linux-amd64-2.7/sunpy/net/vso
copying sunpy/net/vso/attrs.py -> build/lib.linux-amd64-2.7/sunpy/net/vso
copying sunpy/net/vso/__init__.py -> build/lib.linux-amd64-2.7/sunpy/net/vso
creating build/lib.linux-amd64-2.7/sunpy/net/hek2vso
copying sunpy/net/hek2vso/hek2vso.py -> build/lib.linux-amd64-2.7/sunpy/net/hek2vso
copying sunpy/net/hek2vso/__init__.py -> build/lib.linux-amd64-2.7/sunpy/net/hek2vso
creating build/lib.linux-amd64-2.7/sunpy/net/tests
copying sunpy/net/tests/test_vso.py -> build/lib.linux-amd64-2.7/sunpy/net/tests
copying sunpy/net/tests/test_hek.py -> build/lib.linux-amd64-2.7/sunpy/net/tests
copying sunpy/net/tests/strategies.py -> build/lib.linux-amd64-2.7/sunpy/net/tests
copying sunpy/net/tests/test_hek2vso.py -> build/lib.linux-amd64-2.7/sunpy/net/tests
copying sunpy/net/tests/test_download.py -> build/lib.linux-amd64-2.7/sunpy/net/tests
copying sunpy/net/tests/test_fido.py -> build/lib.linux-amd64-2.7/sunpy/net/tests
copying sunpy/net/tests/__init__.py -> build/lib.linux-amd64-2.7/sunpy/net/tests
copying sunpy/net/tests/test_helio.py -> build/lib.linux-amd64-2.7/sunpy/net/tests
copying sunpy/net/tests/test_attr.py -> build/lib.linux-amd64-2.7/sunpy/net/tests
copying sunpy/net/tests/test_helioviewer.py -> build/lib.linux-amd64-2.7/sunpy/net/tests
copying sunpy/net/tests/test_util.py -> build/lib.linux-amd64-2.7/sunpy/net/tests
creating build/lib.linux-amd64-2.7/sunpy/net/helio
copying sunpy/net/helio/hec.py -> build/lib.linux-amd64-2.7/sunpy/net/helio
copying sunpy/net/helio/registry_links.py -> build/lib.linux-amd64-2.7/sunpy/net/helio
copying sunpy/net/helio/__init__.py -> build/lib.linux-amd64-2.7/sunpy/net/helio
copying sunpy/net/helio/parser.py -> build/lib.linux-amd64-2.7/sunpy/net/helio
creating build/lib.linux-amd64-2.7/sunpy/net/dataretriever
copying sunpy/net/dataretriever/clients.py -> build/lib.linux-amd64-2.7/sunpy/net/dataretriever
copying sunpy/net/dataretriever/__init__.py -> build/lib.linux-amd64-2.7/sunpy/net/dataretriever
copying sunpy/net/dataretriever/client.py -> build/lib.linux-amd64-2.7/sunpy/net/dataretriever
creating build/lib.linux-amd64-2.7/sunpy/net/hek
copying sunpy/net/hek/attrs.py -> build/lib.linux-amd64-2.7/sunpy/net/hek
copying sunpy/net/hek/__init__.py -> build/lib.linux-amd64-2.7/sunpy/net/hek
copying sunpy/net/hek/hek.py -> build/lib.linux-amd64-2.7/sunpy/net/hek
creating build/lib.linux-amd64-2.7/sunpy/net/jsoc
copying sunpy/net/jsoc/attrs.py -> build/lib.linux-amd64-2.7/sunpy/net/jsoc
copying sunpy/net/jsoc/__init__.py -> build/lib.linux-amd64-2.7/sunpy/net/jsoc
copying sunpy/net/jsoc/jsoc.py -> build/lib.linux-amd64-2.7/sunpy/net/jsoc
creating build/lib.linux-amd64-2.7/sunpy/net/dataretriever/attrs
copying sunpy/net/dataretriever/attrs/goes.py -> build/lib.linux-amd64-2.7/sunpy/net/dataretriever/attrs
copying sunpy/net/dataretriever/attrs/__init__.py -> build/lib.linux-amd64-2.7/sunpy/net/dataretriever/attrs
creating build/lib.linux-amd64-2.7/sunpy/net/dataretriever/sources
copying sunpy/net/dataretriever/sources/rhessi.py -> build/lib.linux-amd64-2.7/sunpy/net/dataretriever/sources
copying sunpy/net/dataretriever/sources/norh.py -> build/lib.linux-amd64-2.7/sunpy/net/dataretriever/sources
copying sunpy/net/dataretriever/sources/noaa.py -> build/lib.linux-amd64-2.7/sunpy/net/dataretriever/sources
copying sunpy/net/dataretriever/sources/goes.py -> build/lib.linux-amd64-2.7/sunpy/net/dataretriever/sources
copying sunpy/net/dataretriever/sources/__init__.py -> build/lib.linux-amd64-2.7/sunpy/net/dataretriever/sources
copying sunpy/net/dataretriever/sources/eve.py -> build/lib.linux-amd64-2.7/sunpy/net/dataretriever/sources
copying sunpy/net/dataretriever/sources/lyra.py -> build/lib.linux-amd64-2.7/sunpy/net/dataretriever/sources
creating build/lib.linux-amd64-2.7/sunpy/net/dataretriever/tests
copying sunpy/net/dataretriever/tests/test_noaa.py -> build/lib.linux-amd64-2.7/sunpy/net/dataretriever/tests
copying sunpy/net/dataretriever/tests/test_client.py -> build/lib.linux-amd64-2.7/sunpy/net/dataretriever/tests
copying sunpy/net/dataretriever/tests/test_norh.py -> build/lib.linux-amd64-2.7/sunpy/net/dataretriever/tests
copying sunpy/net/dataretriever/tests/test_lyra_ud.py -> build/lib.linux-amd64-2.7/sunpy/net/dataretriever/tests
copying sunpy/net/dataretriever/tests/test_eve.py -> build/lib.linux-amd64-2.7/sunpy/net/dataretriever/tests
copying sunpy/net/dataretriever/tests/__init__.py -> build/lib.linux-amd64-2.7/sunpy/net/dataretriever/tests
copying sunpy/net/dataretriever/tests/test_rhessi.py -> build/lib.linux-amd64-2.7/sunpy/net/dataretriever/tests
copying sunpy/net/dataretriever/tests/test_goes_ud.py -> build/lib.linux-amd64-2.7/sunpy/net/dataretriever/tests
creating build/lib.linux-amd64-2.7/sunpy/net/jsoc/tests
copying sunpy/net/jsoc/tests/__init__.py -> build/lib.linux-amd64-2.7/sunpy/net/jsoc/tests
copying sunpy/net/jsoc/tests/test_attr.py -> build/lib.linux-amd64-2.7/sunpy/net/jsoc/tests
copying sunpy/net/jsoc/tests/test_jsoc.py -> build/lib.linux-amd64-2.7/sunpy/net/jsoc/tests
creating build/lib.linux-amd64-2.7/sunpy/database/tests
copying sunpy/database/tests/test_commands.py -> build/lib.linux-amd64-2.7/sunpy/database/tests
copying sunpy/database/tests/__init__.py -> build/lib.linux-amd64-2.7/sunpy/database/tests
copying sunpy/database/tests/test_database.py -> build/lib.linux-amd64-2.7/sunpy/database/tests
copying sunpy/database/tests/test_tables.py -> build/lib.linux-amd64-2.7/sunpy/database/tests
copying sunpy/database/tests/test_attrs.py -> build/lib.linux-amd64-2.7/sunpy/database/tests
copying sunpy/database/tests/test_caching.py -> build/lib.linux-amd64-2.7/sunpy/database/tests
creating build/lib.linux-amd64-2.7/sunpy/sun/tests
copying sunpy/sun/tests/test_constants.py -> build/lib.linux-amd64-2.7/sunpy/sun/tests
copying sunpy/sun/tests/__init__.py -> build/lib.linux-amd64-2.7/sunpy/sun/tests
copying sunpy/sun/tests/test_sun.py -> build/lib.linux-amd64-2.7/sunpy/sun/tests
creating build/lib.linux-amd64-2.7/sunpy/cm/tests
copying sunpy/cm/tests/__init__.py -> build/lib.linux-amd64-2.7/sunpy/cm/tests
creating build/lib.linux-amd64-2.7/sunpy/io/tests
copying sunpy/io/tests/test_ana.py -> build/lib.linux-amd64-2.7/sunpy/io/tests
copying sunpy/io/tests/test_srs.py -> build/lib.linux-amd64-2.7/sunpy/io/tests
copying sunpy/io/tests/test_filetools.py -> build/lib.linux-amd64-2.7/sunpy/io/tests
copying sunpy/io/tests/test_jp2.py -> build/lib.linux-amd64-2.7/sunpy/io/tests
copying sunpy/io/tests/__init__.py -> build/lib.linux-amd64-2.7/sunpy/io/tests
copying sunpy/io/tests/test_genx.py -> build/lib.linux-amd64-2.7/sunpy/io/tests
copying sunpy/io/tests/test_fits.py -> build/lib.linux-amd64-2.7/sunpy/io/tests
creating build/lib.linux-amd64-2.7/sunpy/io/special
copying sunpy/io/special/srs.py -> build/lib.linux-amd64-2.7/sunpy/io/special
copying sunpy/io/special/__init__.py -> build/lib.linux-amd64-2.7/sunpy/io/special
copying sunpy/io/special/genx.py -> build/lib.linux-amd64-2.7/sunpy/io/special
creating build/lib.linux-amd64-2.7/sunpy/spectra/sources
copying sunpy/spectra/sources/swaves.py -> build/lib.linux-amd64-2.7/sunpy/spectra/sources
copying sunpy/spectra/sources/__init__.py -> build/lib.linux-amd64-2.7/sunpy/spectra/sources
copying sunpy/spectra/sources/callisto.py -> build/lib.linux-amd64-2.7/sunpy/spectra/sources
creating build/lib.linux-amd64-2.7/sunpy/spectra/tests
copying sunpy/spectra/tests/test_spectrogram.py -> build/lib.linux-amd64-2.7/sunpy/spectra/tests
copying sunpy/spectra/tests/__init__.py -> build/lib.linux-amd64-2.7/sunpy/spectra/tests
copying sunpy/spectra/tests/test_callisto.py -> build/lib.linux-amd64-2.7/sunpy/spectra/tests
creating build/lib.linux-amd64-2.7/sunpy/lightcurve/sources
copying sunpy/lightcurve/sources/rhessi.py -> build/lib.linux-amd64-2.7/sunpy/lightcurve/sources
copying sunpy/lightcurve/sources/norh.py -> build/lib.linux-amd64-2.7/sunpy/lightcurve/sources
copying sunpy/lightcurve/sources/noaa.py -> build/lib.linux-amd64-2.7/sunpy/lightcurve/sources
copying sunpy/lightcurve/sources/goes.py -> build/lib.linux-amd64-2.7/sunpy/lightcurve/sources
copying sunpy/lightcurve/sources/__init__.py -> build/lib.linux-amd64-2.7/sunpy/lightcurve/sources
copying sunpy/lightcurve/sources/eve.py -> build/lib.linux-amd64-2.7/sunpy/lightcurve/sources
copying sunpy/lightcurve/sources/lyra.py -> build/lib.linux-amd64-2.7/sunpy/lightcurve/sources
copying sunpy/lightcurve/sources/fermi_gbm.py -> build/lib.linux-amd64-2.7/sunpy/lightcurve/sources
copying sunpy/lightcurve/sources/logical.py -> build/lib.linux-amd64-2.7/sunpy/lightcurve/sources
creating build/lib.linux-amd64-2.7/sunpy/lightcurve/tests
copying sunpy/lightcurve/tests/test_noaa.py -> build/lib.linux-amd64-2.7/sunpy/lightcurve/tests
copying sunpy/lightcurve/tests/test_lightcurve.py -> build/lib.linux-amd64-2.7/sunpy/lightcurve/tests
copying sunpy/lightcurve/tests/test_norh.py -> build/lib.linux-amd64-2.7/sunpy/lightcurve/tests
copying sunpy/lightcurve/tests/test_goes.py -> build/lib.linux-amd64-2.7/sunpy/lightcurve/tests
copying sunpy/lightcurve/tests/test_lyra.py -> build/lib.linux-amd64-2.7/sunpy/lightcurve/tests
copying sunpy/lightcurve/tests/test_eve.py -> build/lib.linux-amd64-2.7/sunpy/lightcurve/tests
copying sunpy/lightcurve/tests/__init__.py -> build/lib.linux-amd64-2.7/sunpy/lightcurve/tests
copying sunpy/lightcurve/tests/test_rhessi.py -> build/lib.linux-amd64-2.7/sunpy/lightcurve/tests
running egg_info
creating sunpy.egg-info
writing requirements to sunpy.egg-info/requires.txt
writing sunpy.egg-info/PKG-INFO
writing top-level names to sunpy.egg-info/top_level.txt
writing dependency_links to sunpy.egg-info/dependency_links.txt
writing manifest file 'sunpy.egg-info/SOURCES.txt'
reading manifest file 'sunpy.egg-info/SOURCES.txt'
writing manifest file 'sunpy.egg-info/SOURCES.txt'
copying sunpy/_compiler.c -> build/lib.linux-amd64-2.7/sunpy
creating build/lib.linux-amd64-2.7/sunpy/io/src
creating build/lib.linux-amd64-2.7/sunpy/io/src/ana
copying sunpy/io/src/ana/_pyana.c -> build/lib.linux-amd64-2.7/sunpy/io/src/ana
copying sunpy/io/src/ana/testrw.c -> build/lib.linux-amd64-2.7/sunpy/io/src/ana
copying sunpy/io/src/ana/anacompress.c -> build/lib.linux-amd64-2.7/sunpy/io/src/ana
copying sunpy/io/src/ana/anadecompress.c -> build/lib.linux-amd64-2.7/sunpy/io/src/ana
copying sunpy/io/src/ana/anarw.c -> build/lib.linux-amd64-2.7/sunpy/io/src/ana
copying sunpy/data/sunpyrc -> build/lib.linux-amd64-2.7/sunpy/data
copying sunpy/tests/coveragerc -> build/lib.linux-amd64-2.7/sunpy/tests
copying sunpy/data/test/20150101SRS.txt -> build/lib.linux-amd64-2.7/sunpy/data/test
copying sunpy/data/test/EVE_L0CS_DIODES_1m_truncated.txt -> build/lib.linux-amd64-2.7/sunpy/data/test
copying sunpy/data/test/generated_sample.genx -> build/lib.linux-amd64-2.7/sunpy/data/test
copying sunpy/data/test/FGMG4_20110214_030443.7.fits -> build/lib.linux-amd64-2.7/sunpy/data/test
copying sunpy/data/test/2013_06_24__17_31_30_84__SDO_AIA_AIA_193.jp2 -> build/lib.linux-amd64-2.7/sunpy/data/test
copying sunpy/data/test/mdi_fd_M_96m_01d.5874.0005_s.fits -> build/lib.linux-amd64-2.7/sunpy/data/test
copying sunpy/data/test/LATEST_EVE_L0CS_DIODES_1m.txt -> build/lib.linux-amd64-2.7/sunpy/data/test
copying sunpy/data/test/gzip_test.fit.gz -> build/lib.linux-amd64-2.7/sunpy/data/test
copying sunpy/data/test/lasco_c2_25299383_s.fts -> build/lib.linux-amd64-2.7/sunpy/data/test
copying sunpy/data/test/test_ana.fz -> build/lib.linux-amd64-2.7/sunpy/data/test
copying sunpy/data/test/iris_l2_20130801_074720_4040000014_SJI_1400_t000.fits -> build/lib.linux-amd64-2.7/sunpy/data/test
copying sunpy/data/test/annotation_science.db -> build/lib.linux-amd64-2.7/sunpy/data/test
copying sunpy/data/test/gzip_test.fits.gz -> build/lib.linux-amd64-2.7/sunpy/data/test
copying sunpy/data/test/annotation_ppt.db -> build/lib.linux-amd64-2.7/sunpy/data/test
copying sunpy/data/test/lyra_20150101-000000_lev3_std_truncated.fits.gz -> build/lib.linux-amd64-2.7/sunpy/data/test
copying sunpy/data/test/tca110810_truncated -> build/lib.linux-amd64-2.7/sunpy/data/test
copying sunpy/data/test/EVE_He_II_304_averages.csv -> build/lib.linux-amd64-2.7/sunpy/data/test
copying sunpy/data/test/hsi_obssumm_20120601_018_truncated.fits.gz -> build/lib.linux-amd64-2.7/sunpy/data/test
copying sunpy/data/test/gzip_test.fts.gz -> build/lib.linux-amd64-2.7/sunpy/data/test
copying sunpy/data/test/20150306SRS.txt -> build/lib.linux-amd64-2.7/sunpy/data/test
copying sunpy/data/test/HinodeXRT.fits -> build/lib.linux-amd64-2.7/sunpy/data/test
copying sunpy/data/test/go1520120601.fits.gz -> build/lib.linux-amd64-2.7/sunpy/data/test
copying sunpy/data/test/go1520110607.fits -> build/lib.linux-amd64-2.7/sunpy/data/test
copying sunpy/data/test/euvi_20090615_000900_n4euA_s.fts -> build/lib.linux-amd64-2.7/sunpy/data/test
copying sunpy/data/test/RecentIndices_truncated.txt -> build/lib.linux-amd64-2.7/sunpy/data/test
copying sunpy/data/test/annotation_manual.db -> build/lib.linux-amd64-2.7/sunpy/data/test
copying sunpy/data/test/cor1_20090615_000500_s4c1A.fts -> build/lib.linux-amd64-2.7/sunpy/data/test
copying sunpy/data/test/aia_171_level1.fits -> build/lib.linux-amd64-2.7/sunpy/data/test
copying sunpy/data/test/20150906SRS.txt -> build/lib.linux-amd64-2.7/sunpy/data/test
copying sunpy/data/test/mdi_fd_Ic_6h_01d.5871.0000_s.fits -> build/lib.linux-amd64-2.7/sunpy/data/test
copying sunpy/data/test/hsi_calib_ev_20020220_1106_20020220_1106_25_40.fits -> build/lib.linux-amd64-2.7/sunpy/data/test
copying sunpy/data/test/BIR_20110922_051500_01.fit.gz -> build/lib.linux-amd64-2.7/sunpy/data/test
copying sunpy/data/test/annotation_lyra.db -> build/lib.linux-amd64-2.7/sunpy/data/test
copying sunpy/data/test/predicted-sunspot-radio-flux_truncated.txt -> build/lib.linux-amd64-2.7/sunpy/data/test
copying sunpy/data/test/swap_lv1_20140606_000113.fits -> build/lib.linux-amd64-2.7/sunpy/data/test
copying sunpy/data/test/resampled_hmi.fits -> build/lib.linux-amd64-2.7/sunpy/data/test
copying sunpy/data/test/HinodeSOT.fits -> build/lib.linux-amd64-2.7/sunpy/data/test
copying sunpy/data/test/hi_20110910_114721_s7h2A.fts -> build/lib.linux-amd64-2.7/sunpy/data/test
copying sunpy/data/test/heliographic_phase_map.fits.gz -> build/lib.linux-amd64-2.7/sunpy/data/test
copying sunpy/data/test/BIR_20110922_050000_01.fit -> build/lib.linux-amd64-2.7/sunpy/data/test
copying sunpy/data/test/gbm.fits -> build/lib.linux-amd64-2.7/sunpy/data/test
copying sunpy/data/test/hsi_image_20101016_191218.fits -> build/lib.linux-amd64-2.7/sunpy/data/test
creating build/lib.linux-amd64-2.7/sunpy/data/test/eve
copying sunpy/data/test/eve/eve_04.txt -> build/lib.linux-amd64-2.7/sunpy/data/test/eve
copying sunpy/data/test/eve/eve_03.txt -> build/lib.linux-amd64-2.7/sunpy/data/test/eve
copying sunpy/data/test/eve/eve_01.txt -> build/lib.linux-amd64-2.7/sunpy/data/test/eve
copying sunpy/data/test/eve/eve_05.txt -> build/lib.linux-amd64-2.7/sunpy/data/test/eve
copying sunpy/data/test/eve/eve_02.txt -> build/lib.linux-amd64-2.7/sunpy/data/test/eve
creating build/lib.linux-amd64-2.7/sunpy/data/test/SWAP
copying sunpy/data/test/SWAP/resampled0_swap.fits -> build/lib.linux-amd64-2.7/sunpy/data/test/SWAP
copying sunpy/data/test/SWAP/resampled3_swap.fits -> build/lib.linux-amd64-2.7/sunpy/data/test/SWAP
copying sunpy/data/test/SWAP/resampled2_swap.fits -> build/lib.linux-amd64-2.7/sunpy/data/test/SWAP
copying sunpy/data/test/SWAP/resampled1_swap.fits -> build/lib.linux-amd64-2.7/sunpy/data/test/SWAP
creating build/lib.linux-amd64-2.7/sunpy/data/test/EIT
copying sunpy/data/test/EIT/efz20040301.110010_s.fits -> build/lib.linux-amd64-2.7/sunpy/data/test/EIT
copying sunpy/data/test/EIT/efz20040301.040010_s.fits -> build/lib.linux-amd64-2.7/sunpy/data/test/EIT
copying sunpy/data/test/EIT/efz20040301.000010_s.fits -> build/lib.linux-amd64-2.7/sunpy/data/test/EIT
copying sunpy/data/test/EIT/efz20040301.030011_s.fits -> build/lib.linux-amd64-2.7/sunpy/data/test/EIT
copying sunpy/data/test/EIT/efz20040301.090010_s.fits -> build/lib.linux-amd64-2.7/sunpy/data/test/EIT
copying sunpy/data/test/EIT/efz20040301.080010_s.fits -> build/lib.linux-amd64-2.7/sunpy/data/test/EIT
copying sunpy/data/test/EIT/efz20040301.050010_s.fits -> build/lib.linux-amd64-2.7/sunpy/data/test/EIT
copying sunpy/data/test/EIT/efz20040301.070014_s.fits -> build/lib.linux-amd64-2.7/sunpy/data/test/EIT
copying sunpy/data/test/EIT/efz20040301.100010_s.fits -> build/lib.linux-amd64-2.7/sunpy/data/test/EIT
copying sunpy/data/test/EIT/efz20040301.060010_s.fits -> build/lib.linux-amd64-2.7/sunpy/data/test/EIT
copying sunpy/data/test/EIT/efz20040301.010016_s.fits -> build/lib.linux-amd64-2.7/sunpy/data/test/EIT
copying sunpy/data/test/EIT/efz20040301.020010_s.fits -> build/lib.linux-amd64-2.7/sunpy/data/test/EIT
copying sunpy/data/test/EIT/efz20040301.120010_s.fits -> build/lib.linux-amd64-2.7/sunpy/data/test/EIT
copying sunpy/data/test/waveunit/medn_halph_fl_20050501_074655.fts -> build/lib.linux-amd64-2.7/sunpy/data/test/waveunit
copying sunpy/data/test/waveunit/mq130812.084253.fits -> build/lib.linux-amd64-2.7/sunpy/data/test/waveunit
copying sunpy/data/test/waveunit/svsm_e3100_S2_20110625_1856.fts -> build/lib.linux-amd64-2.7/sunpy/data/test/waveunit
copying sunpy/data/test/waveunit/na120701.091058.fits -> build/lib.linux-amd64-2.7/sunpy/data/test/waveunit
copying sunpy/database/tests/test_table.txt -> build/lib.linux-amd64-2.7/sunpy/database/tests
running build_ext
building 'sunpy._compiler' extension
creating build/temp.linux-amd64-2.7
creating build/temp.linux-amd64-2.7/sunpy
x86_64-linux-gnu-gcc -pthread -DNDEBUG -g -fwrapv -O2 -Wall -Wstrict-prototypes -fno-strict-aliasing -g -O2 -fdebug-prefix-map=/<<PKGBUILDDIR>>=. -fstack-protector-strong -Wformat -Werror=format-security -Wdate-time -D_FORTIFY_SOURCE=2 -fPIC -I/usr/include/python2.7 -c sunpy/_compiler.c -o build/temp.linux-amd64-2.7/sunpy/_compiler.o
x86_64-linux-gnu-gcc -pthread -shared -Wl,-O1 -Wl,-Bsymbolic-functions -Wl,-z,relro -fno-strict-aliasing -DNDEBUG -g -fwrapv -O2 -Wall -Wstrict-prototypes -Wdate-time -D_FORTIFY_SOURCE=2 -g -fdebug-prefix-map=/build/python2.7-jgBwco/python2.7-2.7.15=. -fstack-protector-strong -Wformat -Werror=format-security -Wl,-z,relro -g -O2 -fdebug-prefix-map=/<<PKGBUILDDIR>>=. -fstack-protector-strong -Wformat -Werror=format-security -Wdate-time -D_FORTIFY_SOURCE=2 build/temp.linux-amd64-2.7/sunpy/_compiler.o -o build/lib.linux-amd64-2.7/sunpy/_compiler.so
building 'sunpy.io._pyana' extension
creating build/temp.linux-amd64-2.7/sunpy/io
creating build/temp.linux-amd64-2.7/sunpy/io/src
creating build/temp.linux-amd64-2.7/sunpy/io/src/ana
x86_64-linux-gnu-gcc -pthread -DNDEBUG -g -fwrapv -O2 -Wall -Wstrict-prototypes -fno-strict-aliasing -g -O2 -fdebug-prefix-map=/<<PKGBUILDDIR>>=. -fstack-protector-strong -Wformat -Werror=format-security -Wdate-time -D_FORTIFY_SOURCE=2 -fPIC -I/usr/lib/python2.7/dist-packages/numpy/core/include -I/usr/include/python2.7 -c sunpy/io/src/ana/_pyana.c -o build/temp.linux-amd64-2.7/sunpy/io/src/ana/_pyana.o -std=c99 -O3 -Wno-unused-but-set-variable -Wno-unused-variable -Wno-unused-result -Wno-sign-compare
warning: unknown warning option '-Wno-unused-but-set-variable'; did you mean '-Wno-unused-const-variable'? [-Wunknown-warning-option]
In file included from sunpy/io/src/ana/_pyana.c:11:
In file included from /usr/lib/python2.7/dist-packages/numpy/core/include/numpy/arrayobject.h:4:
In file included from /usr/lib/python2.7/dist-packages/numpy/core/include/numpy/ndarrayobject.h:18:
In file included from /usr/lib/python2.7/dist-packages/numpy/core/include/numpy/ndarraytypes.h:1809:
/usr/lib/python2.7/dist-packages/numpy/core/include/numpy/npy_1_7_deprecated_api.h:15:2: warning: "Using deprecated NumPy API, disable it by "          "#defining NPY_NO_DEPRECATED_API NPY_1_7_API_VERSION" [-W#warnings]
#warning "Using deprecated NumPy API, disable it by " \
 ^
2 warnings generated.
x86_64-linux-gnu-gcc -pthread -DNDEBUG -g -fwrapv -O2 -Wall -Wstrict-prototypes -fno-strict-aliasing -g -O2 -fdebug-prefix-map=/<<PKGBUILDDIR>>=. -fstack-protector-strong -Wformat -Werror=format-security -Wdate-time -D_FORTIFY_SOURCE=2 -fPIC -I/usr/lib/python2.7/dist-packages/numpy/core/include -I/usr/include/python2.7 -c sunpy/io/src/ana/testrw.c -o build/temp.linux-amd64-2.7/sunpy/io/src/ana/testrw.o -std=c99 -O3 -Wno-unused-but-set-variable -Wno-unused-variable -Wno-unused-result -Wno-sign-compare
warning: unknown warning option '-Wno-unused-but-set-variable'; did you mean '-Wno-unused-const-variable'? [-Wunknown-warning-option]
1 warning generated.
x86_64-linux-gnu-gcc -pthread -DNDEBUG -g -fwrapv -O2 -Wall -Wstrict-prototypes -fno-strict-aliasing -g -O2 -fdebug-prefix-map=/<<PKGBUILDDIR>>=. -fstack-protector-strong -Wformat -Werror=format-security -Wdate-time -D_FORTIFY_SOURCE=2 -fPIC -I/usr/lib/python2.7/dist-packages/numpy/core/include -I/usr/include/python2.7 -c sunpy/io/src/ana/anacompress.c -o build/temp.linux-amd64-2.7/sunpy/io/src/ana/anacompress.o -std=c99 -O3 -Wno-unused-but-set-variable -Wno-unused-variable -Wno-unused-result -Wno-sign-compare
warning: unknown warning option '-Wno-unused-but-set-variable'; did you mean '-Wno-unused-const-variable'? [-Wunknown-warning-option]
1 warning generated.
x86_64-linux-gnu-gcc -pthread -DNDEBUG -g -fwrapv -O2 -Wall -Wstrict-prototypes -fno-strict-aliasing -g -O2 -fdebug-prefix-map=/<<PKGBUILDDIR>>=. -fstack-protector-strong -Wformat -Werror=format-security -Wdate-time -D_FORTIFY_SOURCE=2 -fPIC -I/usr/lib/python2.7/dist-packages/numpy/core/include -I/usr/include/python2.7 -c sunpy/io/src/ana/anadecompress.c -o build/temp.linux-amd64-2.7/sunpy/io/src/ana/anadecompress.o -std=c99 -O3 -Wno-unused-but-set-variable -Wno-unused-variable -Wno-unused-result -Wno-sign-compare
warning: unknown warning option '-Wno-unused-but-set-variable'; did you mean '-Wno-unused-const-variable'? [-Wunknown-warning-option]
1 warning generated.
x86_64-linux-gnu-gcc -pthread -DNDEBUG -g -fwrapv -O2 -Wall -Wstrict-prototypes -fno-strict-aliasing -g -O2 -fdebug-prefix-map=/<<PKGBUILDDIR>>=. -fstack-protector-strong -Wformat -Werror=format-security -Wdate-time -D_FORTIFY_SOURCE=2 -fPIC -I/usr/lib/python2.7/dist-packages/numpy/core/include -I/usr/include/python2.7 -c sunpy/io/src/ana/anarw.c -o build/temp.linux-amd64-2.7/sunpy/io/src/ana/anarw.o -std=c99 -O3 -Wno-unused-but-set-variable -Wno-unused-variable -Wno-unused-result -Wno-sign-compare
warning: unknown warning option '-Wno-unused-but-set-variable'; did you mean '-Wno-unused-const-variable'? [-Wunknown-warning-option]
1 warning generated.
x86_64-linux-gnu-gcc -pthread -shared -Wl,-O1 -Wl,-Bsymbolic-functions -Wl,-z,relro -fno-strict-aliasing -DNDEBUG -g -fwrapv -O2 -Wall -Wstrict-prototypes -Wdate-time -D_FORTIFY_SOURCE=2 -g -fdebug-prefix-map=/build/python2.7-jgBwco/python2.7-2.7.15=. -fstack-protector-strong -Wformat -Werror=format-security -Wl,-z,relro -g -O2 -fdebug-prefix-map=/<<PKGBUILDDIR>>=. -fstack-protector-strong -Wformat -Werror=format-security -Wdate-time -D_FORTIFY_SOURCE=2 build/temp.linux-amd64-2.7/sunpy/io/src/ana/_pyana.o build/temp.linux-amd64-2.7/sunpy/io/src/ana/testrw.o build/temp.linux-amd64-2.7/sunpy/io/src/ana/anacompress.o build/temp.linux-amd64-2.7/sunpy/io/src/ana/anadecompress.o build/temp.linux-amd64-2.7/sunpy/io/src/ana/anarw.o -o build/lib.linux-amd64-2.7/sunpy/io/_pyana.so
I: pybuild base:217: /usr/bin/python3 setup.py build 
running build
running build_py
creating /<<PKGBUILDDIR>>/.pybuild/cpython3_3.6_sunpy/build/sunpy
copying sunpy/conftest.py -> /<<PKGBUILDDIR>>/.pybuild/cpython3_3.6_sunpy/build/sunpy
copying sunpy/__init__.py -> /<<PKGBUILDDIR>>/.pybuild/cpython3_3.6_sunpy/build/sunpy
copying sunpy/version.py -> /<<PKGBUILDDIR>>/.pybuild/cpython3_3.6_sunpy/build/sunpy
creating /<<PKGBUILDDIR>>/.pybuild/cpython3_3.6_sunpy/build/sunpy/instr
copying sunpy/instr/rhessi.py -> /<<PKGBUILDDIR>>/.pybuild/cpython3_3.6_sunpy/build/sunpy/instr
copying sunpy/instr/goes.py -> /<<PKGBUILDDIR>>/.pybuild/cpython3_3.6_sunpy/build/sunpy/instr
copying sunpy/instr/__init__.py -> /<<PKGBUILDDIR>>/.pybuild/cpython3_3.6_sunpy/build/sunpy/instr
copying sunpy/instr/fermi.py -> /<<PKGBUILDDIR>>/.pybuild/cpython3_3.6_sunpy/build/sunpy/instr
copying sunpy/instr/aia.py -> /<<PKGBUILDDIR>>/.pybuild/cpython3_3.6_sunpy/build/sunpy/instr
copying sunpy/instr/lyra.py -> /<<PKGBUILDDIR>>/.pybuild/cpython3_3.6_sunpy/build/sunpy/instr
creating /<<PKGBUILDDIR>>/.pybuild/cpython3_3.6_sunpy/build/sunpy/data
copying sunpy/data/_sample.py -> /<<PKGBUILDDIR>>/.pybuild/cpython3_3.6_sunpy/build/sunpy/data
copying sunpy/data/sample.py -> /<<PKGBUILDDIR>>/.pybuild/cpython3_3.6_sunpy/build/sunpy/data
copying sunpy/data/setup_package.py -> /<<PKGBUILDDIR>>/.pybuild/cpython3_3.6_sunpy/build/sunpy/data
copying sunpy/data/__init__.py -> /<<PKGBUILDDIR>>/.pybuild/cpython3_3.6_sunpy/build/sunpy/data
creating /<<PKGBUILDDIR>>/.pybuild/cpython3_3.6_sunpy/build/sunpy/timeseries
copying sunpy/timeseries/metadata.py -> /<<PKGBUILDDIR>>/.pybuild/cpython3_3.6_sunpy/build/sunpy/timeseries
copying sunpy/timeseries/__init__.py -> /<<PKGBUILDDIR>>/.pybuild/cpython3_3.6_sunpy/build/sunpy/timeseries
copying sunpy/timeseries/timeseriesbase.py -> /<<PKGBUILDDIR>>/.pybuild/cpython3_3.6_sunpy/build/sunpy/timeseries
copying sunpy/timeseries/timeseries_factory.py -> /<<PKGBUILDDIR>>/.pybuild/cpython3_3.6_sunpy/build/sunpy/timeseries
creating /<<PKGBUILDDIR>>/.pybuild/cpython3_3.6_sunpy/build/sunpy/visualization
copying sunpy/visualization/mapcubeanimator.py -> /<<PKGBUILDDIR>>/.pybuild/cpython3_3.6_sunpy/build/sunpy/visualization
copying sunpy/visualization/imageanimator.py -> /<<PKGBUILDDIR>>/.pybuild/cpython3_3.6_sunpy/build/sunpy/visualization
copying sunpy/visualization/visualization.py -> /<<PKGBUILDDIR>>/.pybuild/cpython3_3.6_sunpy/build/sunpy/visualization
copying sunpy/visualization/__init__.py -> /<<PKGBUILDDIR>>/.pybuild/cpython3_3.6_sunpy/build/sunpy/visualization
copying sunpy/visualization/wcsaxes_compat.py -> /<<PKGBUILDDIR>>/.pybuild/cpython3_3.6_sunpy/build/sunpy/visualization
creating /<<PKGBUILDDIR>>/.pybuild/cpython3_3.6_sunpy/build/sunpy/map
copying sunpy/map/map_factory.py -> /<<PKGBUILDDIR>>/.pybuild/cpython3_3.6_sunpy/build/sunpy/map
copying sunpy/map/__init__.py -> /<<PKGBUILDDIR>>/.pybuild/cpython3_3.6_sunpy/build/sunpy/map
copying sunpy/map/mapbase.py -> /<<PKGBUILDDIR>>/.pybuild/cpython3_3.6_sunpy/build/sunpy/map
copying sunpy/map/compositemap.py -> /<<PKGBUILDDIR>>/.pybuild/cpython3_3.6_sunpy/build/sunpy/map
copying sunpy/map/mapcube.py -> /<<PKGBUILDDIR>>/.pybuild/cpython3_3.6_sunpy/build/sunpy/map
creating /<<PKGBUILDDIR>>/.pybuild/cpython3_3.6_sunpy/build/sunpy/physics
copying sunpy/physics/solar_rotation.py -> /<<PKGBUILDDIR>>/.pybuild/cpython3_3.6_sunpy/build/sunpy/physics
copying sunpy/physics/__init__.py -> /<<PKGBUILDDIR>>/.pybuild/cpython3_3.6_sunpy/build/sunpy/physics
copying sunpy/physics/differential_rotation.py -> /<<PKGBUILDDIR>>/.pybuild/cpython3_3.6_sunpy/build/sunpy/physics
creating /<<PKGBUILDDIR>>/.pybuild/cpython3_3.6_sunpy/build/sunpy/wcs
copying sunpy/wcs/wcs.py -> /<<PKGBUILDDIR>>/.pybuild/cpython3_3.6_sunpy/build/sunpy/wcs
copying sunpy/wcs/__init__.py -> /<<PKGBUILDDIR>>/.pybuild/cpython3_3.6_sunpy/build/sunpy/wcs
creating /<<PKGBUILDDIR>>/.pybuild/cpython3_3.6_sunpy/build/sunpy/util
copying sunpy/util/sysinfo.py -> /<<PKGBUILDDIR>>/.pybuild/cpython3_3.6_sunpy/build/sunpy/util
copying sunpy/util/net.py -> /<<PKGBUILDDIR>>/.pybuild/cpython3_3.6_sunpy/build/sunpy/util
copying sunpy/util/decorators.py -> /<<PKGBUILDDIR>>/.pybuild/cpython3_3.6_sunpy/build/sunpy/util
copying sunpy/util/datatype_factory_base.py -> /<<PKGBUILDDIR>>/.pybuild/cpython3_3.6_sunpy/build/sunpy/util
copying sunpy/util/config.py -> /<<PKGBUILDDIR>>/.pybuild/cpython3_3.6_sunpy/build/sunpy/util
copying sunpy/util/multimethod.py -> /<<PKGBUILDDIR>>/.pybuild/cpython3_3.6_sunpy/build/sunpy/util
copying sunpy/util/create.py -> /<<PKGBUILDDIR>>/.pybuild/cpython3_3.6_sunpy/build/sunpy/util
copying sunpy/util/metadata.py -> /<<PKGBUILDDIR>>/.pybuild/cpython3_3.6_sunpy/build/sunpy/util
copying sunpy/util/exceptions.py -> /<<PKGBUILDDIR>>/.pybuild/cpython3_3.6_sunpy/build/sunpy/util
copying sunpy/util/__init__.py -> /<<PKGBUILDDIR>>/.pybuild/cpython3_3.6_sunpy/build/sunpy/util
copying sunpy/util/util.py -> /<<PKGBUILDDIR>>/.pybuild/cpython3_3.6_sunpy/build/sunpy/util
copying sunpy/util/cond_dispatch.py -> /<<PKGBUILDDIR>>/.pybuild/cpython3_3.6_sunpy/build/sunpy/util
copying sunpy/util/scraper.py -> /<<PKGBUILDDIR>>/.pybuild/cpython3_3.6_sunpy/build/sunpy/util
copying sunpy/util/progressbar.py -> /<<PKGBUILDDIR>>/.pybuild/cpython3_3.6_sunpy/build/sunpy/util
copying sunpy/util/xml.py -> /<<PKGBUILDDIR>>/.pybuild/cpython3_3.6_sunpy/build/sunpy/util
creating /<<PKGBUILDDIR>>/.pybuild/cpython3_3.6_sunpy/build/sunpy/coordinates
copying sunpy/coordinates/frames.py -> /<<PKGBUILDDIR>>/.pybuild/cpython3_3.6_sunpy/build/sunpy/coordinates
copying sunpy/coordinates/utils.py -> /<<PKGBUILDDIR>>/.pybuild/cpython3_3.6_sunpy/build/sunpy/coordinates
copying sunpy/coordinates/wcs_utils.py -> /<<PKGBUILDDIR>>/.pybuild/cpython3_3.6_sunpy/build/sunpy/coordinates
copying sunpy/coordinates/__init__.py -> /<<PKGBUILDDIR>>/.pybuild/cpython3_3.6_sunpy/build/sunpy/coordinates
copying sunpy/coordinates/transformations.py -> /<<PKGBUILDDIR>>/.pybuild/cpython3_3.6_sunpy/build/sunpy/coordinates
copying sunpy/coordinates/offset_frame.py -> /<<PKGBUILDDIR>>/.pybuild/cpython3_3.6_sunpy/build/sunpy/coordinates
copying sunpy/coordinates/frameattributes.py -> /<<PKGBUILDDIR>>/.pybuild/cpython3_3.6_sunpy/build/sunpy/coordinates
copying sunpy/coordinates/ephemeris.py -> /<<PKGBUILDDIR>>/.pybuild/cpython3_3.6_sunpy/build/sunpy/coordinates
copying sunpy/coordinates/representation.py -> /<<PKGBUILDDIR>>/.pybuild/cpython3_3.6_sunpy/build/sunpy/coordinates
creating /<<PKGBUILDDIR>>/.pybuild/cpython3_3.6_sunpy/build/sunpy/extern
copying sunpy/extern/six.py -> /<<PKGBUILDDIR>>/.pybuild/cpython3_3.6_sunpy/build/sunpy/extern
copying sunpy/extern/setup_package.py -> /<<PKGBUILDDIR>>/.pybuild/cpython3_3.6_sunpy/build/sunpy/extern
copying sunpy/extern/__init__.py -> /<<PKGBUILDDIR>>/.pybuild/cpython3_3.6_sunpy/build/sunpy/extern
creating /<<PKGBUILDDIR>>/.pybuild/cpython3_3.6_sunpy/build/sunpy/tests
copying sunpy/tests/setup_command.py -> /<<PKGBUILDDIR>>/.pybuild/cpython3_3.6_sunpy/build/sunpy/tests
copying sunpy/tests/mocks.py -> /<<PKGBUILDDIR>>/.pybuild/cpython3_3.6_sunpy/build/sunpy/tests
copying sunpy/tests/setup_package.py -> /<<PKGBUILDDIR>>/.pybuild/cpython3_3.6_sunpy/build/sunpy/tests
copying sunpy/tests/hash.py -> /<<PKGBUILDDIR>>/.pybuild/cpython3_3.6_sunpy/build/sunpy/tests
copying sunpy/tests/__init__.py -> /<<PKGBUILDDIR>>/.pybuild/cpython3_3.6_sunpy/build/sunpy/tests
copying sunpy/tests/helpers.py -> /<<PKGBUILDDIR>>/.pybuild/cpython3_3.6_sunpy/build/sunpy/tests
creating /<<PKGBUILDDIR>>/.pybuild/cpython3_3.6_sunpy/build/sunpy/image
copying sunpy/image/__init__.py -> /<<PKGBUILDDIR>>/.pybuild/cpython3_3.6_sunpy/build/sunpy/image
copying sunpy/image/rescale.py -> /<<PKGBUILDDIR>>/.pybuild/cpython3_3.6_sunpy/build/sunpy/image
copying sunpy/image/util.py -> /<<PKGBUILDDIR>>/.pybuild/cpython3_3.6_sunpy/build/sunpy/image
copying sunpy/image/transform.py -> /<<PKGBUILDDIR>>/.pybuild/cpython3_3.6_sunpy/build/sunpy/image
copying sunpy/image/coalignment.py -> /<<PKGBUILDDIR>>/.pybuild/cpython3_3.6_sunpy/build/sunpy/image
creating /<<PKGBUILDDIR>>/.pybuild/cpython3_3.6_sunpy/build/sunpy/time
copying sunpy/time/julian.py -> /<<PKGBUILDDIR>>/.pybuild/cpython3_3.6_sunpy/build/sunpy/time
copying sunpy/time/timerange.py -> /<<PKGBUILDDIR>>/.pybuild/cpython3_3.6_sunpy/build/sunpy/time
copying sunpy/time/__init__.py -> /<<PKGBUILDDIR>>/.pybuild/cpython3_3.6_sunpy/build/sunpy/time
copying sunpy/time/time.py -> /<<PKGBUILDDIR>>/.pybuild/cpython3_3.6_sunpy/build/sunpy/time
creating /<<PKGBUILDDIR>>/.pybuild/cpython3_3.6_sunpy/build/sunpy/net
copying sunpy/net/attr.py -> /<<PKGBUILDDIR>>/.pybuild/cpython3_3.6_sunpy/build/sunpy/net
copying sunpy/net/helioviewer.py -> /<<PKGBUILDDIR>>/.pybuild/cpython3_3.6_sunpy/build/sunpy/net
copying sunpy/net/proxyfix.py -> /<<PKGBUILDDIR>>/.pybuild/cpython3_3.6_sunpy/build/sunpy/net
copying sunpy/net/attrs.py -> /<<PKGBUILDDIR>>/.pybuild/cpython3_3.6_sunpy/build/sunpy/net
copying sunpy/net/__init__.py -> /<<PKGBUILDDIR>>/.pybuild/cpython3_3.6_sunpy/build/sunpy/net
copying sunpy/net/download.py -> /<<PKGBUILDDIR>>/.pybuild/cpython3_3.6_sunpy/build/sunpy/net
copying sunpy/net/fido_factory.py -> /<<PKGBUILDDIR>>/.pybuild/cpython3_3.6_sunpy/build/sunpy/net
creating /<<PKGBUILDDIR>>/.pybuild/cpython3_3.6_sunpy/build/sunpy/database
copying sunpy/database/database.py -> /<<PKGBUILDDIR>>/.pybuild/cpython3_3.6_sunpy/build/sunpy/database
copying sunpy/database/attrs.py -> /<<PKGBUILDDIR>>/.pybuild/cpython3_3.6_sunpy/build/sunpy/database
copying sunpy/database/setup_package.py -> /<<PKGBUILDDIR>>/.pybuild/cpython3_3.6_sunpy/build/sunpy/database
copying sunpy/database/__init__.py -> /<<PKGBUILDDIR>>/.pybuild/cpython3_3.6_sunpy/build/sunpy/database
copying sunpy/database/tables.py -> /<<PKGBUILDDIR>>/.pybuild/cpython3_3.6_sunpy/build/sunpy/database
copying sunpy/database/commands.py -> /<<PKGBUILDDIR>>/.pybuild/cpython3_3.6_sunpy/build/sunpy/database
copying sunpy/database/caching.py -> /<<PKGBUILDDIR>>/.pybuild/cpython3_3.6_sunpy/build/sunpy/database
creating /<<PKGBUILDDIR>>/.pybuild/cpython3_3.6_sunpy/build/sunpy/sun
copying sunpy/sun/constants.py -> /<<PKGBUILDDIR>>/.pybuild/cpython3_3.6_sunpy/build/sunpy/sun
copying sunpy/sun/_constants.py -> /<<PKGBUILDDIR>>/.pybuild/cpython3_3.6_sunpy/build/sunpy/sun
copying sunpy/sun/models.py -> /<<PKGBUILDDIR>>/.pybuild/cpython3_3.6_sunpy/build/sunpy/sun
copying sunpy/sun/__init__.py -> /<<PKGBUILDDIR>>/.pybuild/cpython3_3.6_sunpy/build/sunpy/sun
copying sunpy/sun/sun.py -> /<<PKGBUILDDIR>>/.pybuild/cpython3_3.6_sunpy/build/sunpy/sun
creating /<<PKGBUILDDIR>>/.pybuild/cpython3_3.6_sunpy/build/sunpy/cm
copying sunpy/cm/__init__.py -> /<<PKGBUILDDIR>>/.pybuild/cpython3_3.6_sunpy/build/sunpy/cm
copying sunpy/cm/color_tables.py -> /<<PKGBUILDDIR>>/.pybuild/cpython3_3.6_sunpy/build/sunpy/cm
copying sunpy/cm/cm.py -> /<<PKGBUILDDIR>>/.pybuild/cpython3_3.6_sunpy/build/sunpy/cm
creating /<<PKGBUILDDIR>>/.pybuild/cpython3_3.6_sunpy/build/sunpy/io
copying sunpy/io/header.py -> /<<PKGBUILDDIR>>/.pybuild/cpython3_3.6_sunpy/build/sunpy/io
copying sunpy/io/setup_package.py -> /<<PKGBUILDDIR>>/.pybuild/cpython3_3.6_sunpy/build/sunpy/io
copying sunpy/io/fits.py -> /<<PKGBUILDDIR>>/.pybuild/cpython3_3.6_sunpy/build/sunpy/io
copying sunpy/io/__init__.py -> /<<PKGBUILDDIR>>/.pybuild/cpython3_3.6_sunpy/build/sunpy/io
copying sunpy/io/ana.py -> /<<PKGBUILDDIR>>/.pybuild/cpython3_3.6_sunpy/build/sunpy/io
copying sunpy/io/jp2.py -> /<<PKGBUILDDIR>>/.pybuild/cpython3_3.6_sunpy/build/sunpy/io
copying sunpy/io/file_tools.py -> /<<PKGBUILDDIR>>/.pybuild/cpython3_3.6_sunpy/build/sunpy/io
creating /<<PKGBUILDDIR>>/.pybuild/cpython3_3.6_sunpy/build/sunpy/spectra
copying sunpy/spectra/spectrogram.py -> /<<PKGBUILDDIR>>/.pybuild/cpython3_3.6_sunpy/build/sunpy/spectra
copying sunpy/spectra/__init__.py -> /<<PKGBUILDDIR>>/.pybuild/cpython3_3.6_sunpy/build/sunpy/spectra
copying sunpy/spectra/spectrum.py -> /<<PKGBUILDDIR>>/.pybuild/cpython3_3.6_sunpy/build/sunpy/spectra
creating /<<PKGBUILDDIR>>/.pybuild/cpython3_3.6_sunpy/build/sunpy/roi
copying sunpy/roi/roi.py -> /<<PKGBUILDDIR>>/.pybuild/cpython3_3.6_sunpy/build/sunpy/roi
copying sunpy/roi/chaincode.py -> /<<PKGBUILDDIR>>/.pybuild/cpython3_3.6_sunpy/build/sunpy/roi
copying sunpy/roi/__init__.py -> /<<PKGBUILDDIR>>/.pybuild/cpython3_3.6_sunpy/build/sunpy/roi
creating /<<PKGBUILDDIR>>/.pybuild/cpython3_3.6_sunpy/build/sunpy/lightcurve
copying sunpy/lightcurve/lightcurve.py -> /<<PKGBUILDDIR>>/.pybuild/cpython3_3.6_sunpy/build/sunpy/lightcurve
copying sunpy/lightcurve/table_to_dataframe.py -> /<<PKGBUILDDIR>>/.pybuild/cpython3_3.6_sunpy/build/sunpy/lightcurve
copying sunpy/lightcurve/__init__.py -> /<<PKGBUILDDIR>>/.pybuild/cpython3_3.6_sunpy/build/sunpy/lightcurve
creating /<<PKGBUILDDIR>>/.pybuild/cpython3_3.6_sunpy/build/sunpy/instr/tests
copying sunpy/instr/tests/test_fermi.py -> /<<PKGBUILDDIR>>/.pybuild/cpython3_3.6_sunpy/build/sunpy/instr/tests
copying sunpy/instr/tests/test_goes.py -> /<<PKGBUILDDIR>>/.pybuild/cpython3_3.6_sunpy/build/sunpy/instr/tests
copying sunpy/instr/tests/test_lyra.py -> /<<PKGBUILDDIR>>/.pybuild/cpython3_3.6_sunpy/build/sunpy/instr/tests
copying sunpy/instr/tests/test_aia.py -> /<<PKGBUILDDIR>>/.pybuild/cpython3_3.6_sunpy/build/sunpy/instr/tests
copying sunpy/instr/tests/test_iris.py -> /<<PKGBUILDDIR>>/.pybuild/cpython3_3.6_sunpy/build/sunpy/instr/tests
copying sunpy/instr/tests/__init__.py -> /<<PKGBUILDDIR>>/.pybuild/cpython3_3.6_sunpy/build/sunpy/instr/tests
copying sunpy/instr/tests/test_rhessi.py -> /<<PKGBUILDDIR>>/.pybuild/cpython3_3.6_sunpy/build/sunpy/instr/tests
creating /<<PKGBUILDDIR>>/.pybuild/cpython3_3.6_sunpy/build/sunpy/instr/iris
copying sunpy/instr/iris/iris.py -> /<<PKGBUILDDIR>>/.pybuild/cpython3_3.6_sunpy/build/sunpy/instr/iris
copying sunpy/instr/iris/__init__.py -> /<<PKGBUILDDIR>>/.pybuild/cpython3_3.6_sunpy/build/sunpy/instr/iris
creating /<<PKGBUILDDIR>>/.pybuild/cpython3_3.6_sunpy/build/sunpy/data/test
copying sunpy/data/test/__init__.py -> /<<PKGBUILDDIR>>/.pybuild/cpython3_3.6_sunpy/build/sunpy/data/test
creating /<<PKGBUILDDIR>>/.pybuild/cpython3_3.6_sunpy/build/sunpy/data/test/waveunit
copying sunpy/data/test/waveunit/__init__.py -> /<<PKGBUILDDIR>>/.pybuild/cpython3_3.6_sunpy/build/sunpy/data/test/waveunit
creating /<<PKGBUILDDIR>>/.pybuild/cpython3_3.6_sunpy/build/sunpy/timeseries/sources
copying sunpy/timeseries/sources/rhessi.py -> /<<PKGBUILDDIR>>/.pybuild/cpython3_3.6_sunpy/build/sunpy/timeseries/sources
copying sunpy/timeseries/sources/norh.py -> /<<PKGBUILDDIR>>/.pybuild/cpython3_3.6_sunpy/build/sunpy/timeseries/sources
copying sunpy/timeseries/sources/noaa.py -> /<<PKGBUILDDIR>>/.pybuild/cpython3_3.6_sunpy/build/sunpy/timeseries/sources
copying sunpy/timeseries/sources/goes.py -> /<<PKGBUILDDIR>>/.pybuild/cpython3_3.6_sunpy/build/sunpy/timeseries/sources
copying sunpy/timeseries/sources/__init__.py -> /<<PKGBUILDDIR>>/.pybuild/cpython3_3.6_sunpy/build/sunpy/timeseries/sources
copying sunpy/timeseries/sources/eve.py -> /<<PKGBUILDDIR>>/.pybuild/cpython3_3.6_sunpy/build/sunpy/timeseries/sources
copying sunpy/timeseries/sources/lyra.py -> /<<PKGBUILDDIR>>/.pybuild/cpython3_3.6_sunpy/build/sunpy/timeseries/sources
copying sunpy/timeseries/sources/fermi_gbm.py -> /<<PKGBUILDDIR>>/.pybuild/cpython3_3.6_sunpy/build/sunpy/timeseries/sources
creating /<<PKGBUILDDIR>>/.pybuild/cpython3_3.6_sunpy/build/sunpy/timeseries/tests
copying sunpy/timeseries/tests/test_timeseriesbase.py -> /<<PKGBUILDDIR>>/.pybuild/cpython3_3.6_sunpy/build/sunpy/timeseries/tests
copying sunpy/timeseries/tests/test_timeseriesmetadata.py -> /<<PKGBUILDDIR>>/.pybuild/cpython3_3.6_sunpy/build/sunpy/timeseries/tests
copying sunpy/timeseries/tests/__init__.py -> /<<PKGBUILDDIR>>/.pybuild/cpython3_3.6_sunpy/build/sunpy/timeseries/tests
copying sunpy/timeseries/tests/test_timeseries_factory.py -> /<<PKGBUILDDIR>>/.pybuild/cpython3_3.6_sunpy/build/sunpy/timeseries/tests
creating /<<PKGBUILDDIR>>/.pybuild/cpython3_3.6_sunpy/build/sunpy/visualization/tests
copying sunpy/visualization/tests/test_imageanimator.py -> /<<PKGBUILDDIR>>/.pybuild/cpython3_3.6_sunpy/build/sunpy/visualization/tests
copying sunpy/visualization/tests/__init__.py -> /<<PKGBUILDDIR>>/.pybuild/cpython3_3.6_sunpy/build/sunpy/visualization/tests
creating /<<PKGBUILDDIR>>/.pybuild/cpython3_3.6_sunpy/build/sunpy/map/sources
copying sunpy/map/sources/trace.py -> /<<PKGBUILDDIR>>/.pybuild/cpython3_3.6_sunpy/build/sunpy/map/sources
copying sunpy/map/sources/rhessi.py -> /<<PKGBUILDDIR>>/.pybuild/cpython3_3.6_sunpy/build/sunpy/map/sources
copying sunpy/map/sources/proba2.py -> /<<PKGBUILDDIR>>/.pybuild/cpython3_3.6_sunpy/build/sunpy/map/sources
copying sunpy/map/sources/source_type.py -> /<<PKGBUILDDIR>>/.pybuild/cpython3_3.6_sunpy/build/sunpy/map/sources
copying sunpy/map/sources/hinode.py -> /<<PKGBUILDDIR>>/.pybuild/cpython3_3.6_sunpy/build/sunpy/map/sources
copying sunpy/map/sources/sdo.py -> /<<PKGBUILDDIR>>/.pybuild/cpython3_3.6_sunpy/build/sunpy/map/sources
copying sunpy/map/sources/yohkoh.py -> /<<PKGBUILDDIR>>/.pybuild/cpython3_3.6_sunpy/build/sunpy/map/sources
copying sunpy/map/sources/stereo.py -> /<<PKGBUILDDIR>>/.pybuild/cpython3_3.6_sunpy/build/sunpy/map/sources
copying sunpy/map/sources/iris.py -> /<<PKGBUILDDIR>>/.pybuild/cpython3_3.6_sunpy/build/sunpy/map/sources
copying sunpy/map/sources/__init__.py -> /<<PKGBUILDDIR>>/.pybuild/cpython3_3.6_sunpy/build/sunpy/map/sources
copying sunpy/map/sources/soho.py -> /<<PKGBUILDDIR>>/.pybuild/cpython3_3.6_sunpy/build/sunpy/map/sources
creating /<<PKGBUILDDIR>>/.pybuild/cpython3_3.6_sunpy/build/sunpy/map/tests
copying sunpy/map/tests/test_header.py -> /<<PKGBUILDDIR>>/.pybuild/cpython3_3.6_sunpy/build/sunpy/map/tests
copying sunpy/map/tests/test_mapcube.py -> /<<PKGBUILDDIR>>/.pybuild/cpython3_3.6_sunpy/build/sunpy/map/tests
copying sunpy/map/tests/test_plotting.py -> /<<PKGBUILDDIR>>/.pybuild/cpython3_3.6_sunpy/build/sunpy/map/tests
copying sunpy/map/tests/__init__.py -> /<<PKGBUILDDIR>>/.pybuild/cpython3_3.6_sunpy/build/sunpy/map/tests
copying sunpy/map/tests/test_mapbase.py -> /<<PKGBUILDDIR>>/.pybuild/cpython3_3.6_sunpy/build/sunpy/map/tests
copying sunpy/map/tests/test_map_factory.py -> /<<PKGBUILDDIR>>/.pybuild/cpython3_3.6_sunpy/build/sunpy/map/tests
creating /<<PKGBUILDDIR>>/.pybuild/cpython3_3.6_sunpy/build/sunpy/physics/transforms
copying sunpy/physics/transforms/solar_rotation.py -> /<<PKGBUILDDIR>>/.pybuild/cpython3_3.6_sunpy/build/sunpy/physics/transforms
copying sunpy/physics/transforms/__init__.py -> /<<PKGBUILDDIR>>/.pybuild/cpython3_3.6_sunpy/build/sunpy/physics/transforms
copying sunpy/physics/transforms/differential_rotation.py -> /<<PKGBUILDDIR>>/.pybuild/cpython3_3.6_sunpy/build/sunpy/physics/transforms
creating /<<PKGBUILDDIR>>/.pybuild/cpython3_3.6_sunpy/build/sunpy/wcs/tests
copying sunpy/wcs/tests/__init__.py -> /<<PKGBUILDDIR>>/.pybuild/cpython3_3.6_sunpy/build/sunpy/wcs/tests
copying sunpy/wcs/tests/test_wcs.py -> /<<PKGBUILDDIR>>/.pybuild/cpython3_3.6_sunpy/build/sunpy/wcs/tests
creating /<<PKGBUILDDIR>>/.pybuild/cpython3_3.6_sunpy/build/sunpy/util/tests
copying sunpy/util/tests/test_multimethod.py -> /<<PKGBUILDDIR>>/.pybuild/cpython3_3.6_sunpy/build/sunpy/util/tests
copying sunpy/util/tests/test_scraper.py -> /<<PKGBUILDDIR>>/.pybuild/cpython3_3.6_sunpy/build/sunpy/util/tests
copying sunpy/util/tests/test_xml.py -> /<<PKGBUILDDIR>>/.pybuild/cpython3_3.6_sunpy/build/sunpy/util/tests
copying sunpy/util/tests/test_cond_dispatch.py -> /<<PKGBUILDDIR>>/.pybuild/cpython3_3.6_sunpy/build/sunpy/util/tests
copying sunpy/util/tests/test_datatype_factory_base.py -> /<<PKGBUILDDIR>>/.pybuild/cpython3_3.6_sunpy/build/sunpy/util/tests
copying sunpy/util/tests/__init__.py -> /<<PKGBUILDDIR>>/.pybuild/cpython3_3.6_sunpy/build/sunpy/util/tests
copying sunpy/util/tests/test_sysinfo.py -> /<<PKGBUILDDIR>>/.pybuild/cpython3_3.6_sunpy/build/sunpy/util/tests
copying sunpy/util/tests/test_metadata.py -> /<<PKGBUILDDIR>>/.pybuild/cpython3_3.6_sunpy/build/sunpy/util/tests
copying sunpy/util/tests/test_util.py -> /<<PKGBUILDDIR>>/.pybuild/cpython3_3.6_sunpy/build/sunpy/util/tests
creating /<<PKGBUILDDIR>>/.pybuild/cpython3_3.6_sunpy/build/sunpy/coordinates/tests
copying sunpy/coordinates/tests/test_wcs_utils.py -> /<<PKGBUILDDIR>>/.pybuild/cpython3_3.6_sunpy/build/sunpy/coordinates/tests
copying sunpy/coordinates/tests/test_utils.py -> /<<PKGBUILDDIR>>/.pybuild/cpython3_3.6_sunpy/build/sunpy/coordinates/tests
copying sunpy/coordinates/tests/test_transformations_comparision.py -> /<<PKGBUILDDIR>>/.pybuild/cpython3_3.6_sunpy/build/sunpy/coordinates/tests
copying sunpy/coordinates/tests/test_frames.py -> /<<PKGBUILDDIR>>/.pybuild/cpython3_3.6_sunpy/build/sunpy/coordinates/tests
copying sunpy/coordinates/tests/test_ephemeris.py -> /<<PKGBUILDDIR>>/.pybuild/cpython3_3.6_sunpy/build/sunpy/coordinates/tests
copying sunpy/coordinates/tests/test_frameattributes.py -> /<<PKGBUILDDIR>>/.pybuild/cpython3_3.6_sunpy/build/sunpy/coordinates/tests
copying sunpy/coordinates/tests/__init__.py -> /<<PKGBUILDDIR>>/.pybuild/cpython3_3.6_sunpy/build/sunpy/coordinates/tests
copying sunpy/coordinates/tests/test_offset_frame.py -> /<<PKGBUILDDIR>>/.pybuild/cpython3_3.6_sunpy/build/sunpy/coordinates/tests
copying sunpy/coordinates/tests/test_transformations.py -> /<<PKGBUILDDIR>>/.pybuild/cpython3_3.6_sunpy/build/sunpy/coordinates/tests
creating /<<PKGBUILDDIR>>/.pybuild/cpython3_3.6_sunpy/build/sunpy/extern/bundled
copying sunpy/extern/bundled/six.py -> /<<PKGBUILDDIR>>/.pybuild/cpython3_3.6_sunpy/build/sunpy/extern/bundled
copying sunpy/extern/bundled/__init__.py -> /<<PKGBUILDDIR>>/.pybuild/cpython3_3.6_sunpy/build/sunpy/extern/bundled
creating /<<PKGBUILDDIR>>/.pybuild/cpython3_3.6_sunpy/build/sunpy/tests/tests
copying sunpy/tests/tests/test_main.py -> /<<PKGBUILDDIR>>/.pybuild/cpython3_3.6_sunpy/build/sunpy/tests/tests
copying sunpy/tests/tests/__init__.py -> /<<PKGBUILDDIR>>/.pybuild/cpython3_3.6_sunpy/build/sunpy/tests/tests
creating /<<PKGBUILDDIR>>/.pybuild/cpython3_3.6_sunpy/build/sunpy/image/tests
copying sunpy/image/tests/test_coalignment.py -> /<<PKGBUILDDIR>>/.pybuild/cpython3_3.6_sunpy/build/sunpy/image/tests
copying sunpy/image/tests/__init__.py -> /<<PKGBUILDDIR>>/.pybuild/cpython3_3.6_sunpy/build/sunpy/image/tests
copying sunpy/image/tests/test_resample.py -> /<<PKGBUILDDIR>>/.pybuild/cpython3_3.6_sunpy/build/sunpy/image/tests
copying sunpy/image/tests/test_util.py -> /<<PKGBUILDDIR>>/.pybuild/cpython3_3.6_sunpy/build/sunpy/image/tests
copying sunpy/image/tests/test_transform.py -> /<<PKGBUILDDIR>>/.pybuild/cpython3_3.6_sunpy/build/sunpy/image/tests
creating /<<PKGBUILDDIR>>/.pybuild/cpython3_3.6_sunpy/build/sunpy/time/tests
copying sunpy/time/tests/test_time.py -> /<<PKGBUILDDIR>>/.pybuild/cpython3_3.6_sunpy/build/sunpy/time/tests
copying sunpy/time/tests/test_julian.py -> /<<PKGBUILDDIR>>/.pybuild/cpython3_3.6_sunpy/build/sunpy/time/tests
copying sunpy/time/tests/__init__.py -> /<<PKGBUILDDIR>>/.pybuild/cpython3_3.6_sunpy/build/sunpy/time/tests
copying sunpy/time/tests/test_timerange.py -> /<<PKGBUILDDIR>>/.pybuild/cpython3_3.6_sunpy/build/sunpy/time/tests
creating /<<PKGBUILDDIR>>/.pybuild/cpython3_3.6_sunpy/build/sunpy/net/vso
copying sunpy/net/vso/vso.py -> /<<PKGBUILDDIR>>/.pybuild/cpython3_3.6_sunpy/build/sunpy/net/vso
copying sunpy/net/vso/attrs.py -> /<<PKGBUILDDIR>>/.pybuild/cpython3_3.6_sunpy/build/sunpy/net/vso
copying sunpy/net/vso/__init__.py -> /<<PKGBUILDDIR>>/.pybuild/cpython3_3.6_sunpy/build/sunpy/net/vso
creating /<<PKGBUILDDIR>>/.pybuild/cpython3_3.6_sunpy/build/sunpy/net/hek2vso
copying sunpy/net/hek2vso/hek2vso.py -> /<<PKGBUILDDIR>>/.pybuild/cpython3_3.6_sunpy/build/sunpy/net/hek2vso
copying sunpy/net/hek2vso/__init__.py -> /<<PKGBUILDDIR>>/.pybuild/cpython3_3.6_sunpy/build/sunpy/net/hek2vso
creating /<<PKGBUILDDIR>>/.pybuild/cpython3_3.6_sunpy/build/sunpy/net/tests
copying sunpy/net/tests/test_vso.py -> /<<PKGBUILDDIR>>/.pybuild/cpython3_3.6_sunpy/build/sunpy/net/tests
copying sunpy/net/tests/test_hek.py -> /<<PKGBUILDDIR>>/.pybuild/cpython3_3.6_sunpy/build/sunpy/net/tests
copying sunpy/net/tests/strategies.py -> /<<PKGBUILDDIR>>/.pybuild/cpython3_3.6_sunpy/build/sunpy/net/tests
copying sunpy/net/tests/test_hek2vso.py -> /<<PKGBUILDDIR>>/.pybuild/cpython3_3.6_sunpy/build/sunpy/net/tests
copying sunpy/net/tests/test_download.py -> /<<PKGBUILDDIR>>/.pybuild/cpython3_3.6_sunpy/build/sunpy/net/tests
copying sunpy/net/tests/test_fido.py -> /<<PKGBUILDDIR>>/.pybuild/cpython3_3.6_sunpy/build/sunpy/net/tests
copying sunpy/net/tests/__init__.py -> /<<PKGBUILDDIR>>/.pybuild/cpython3_3.6_sunpy/build/sunpy/net/tests
copying sunpy/net/tests/test_helio.py -> /<<PKGBUILDDIR>>/.pybuild/cpython3_3.6_sunpy/build/sunpy/net/tests
copying sunpy/net/tests/test_attr.py -> /<<PKGBUILDDIR>>/.pybuild/cpython3_3.6_sunpy/build/sunpy/net/tests
copying sunpy/net/tests/test_helioviewer.py -> /<<PKGBUILDDIR>>/.pybuild/cpython3_3.6_sunpy/build/sunpy/net/tests
copying sunpy/net/tests/test_util.py -> /<<PKGBUILDDIR>>/.pybuild/cpython3_3.6_sunpy/build/sunpy/net/tests
creating /<<PKGBUILDDIR>>/.pybuild/cpython3_3.6_sunpy/build/sunpy/net/helio
copying sunpy/net/helio/hec.py -> /<<PKGBUILDDIR>>/.pybuild/cpython3_3.6_sunpy/build/sunpy/net/helio
copying sunpy/net/helio/registry_links.py -> /<<PKGBUILDDIR>>/.pybuild/cpython3_3.6_sunpy/build/sunpy/net/helio
copying sunpy/net/helio/__init__.py -> /<<PKGBUILDDIR>>/.pybuild/cpython3_3.6_sunpy/build/sunpy/net/helio
copying sunpy/net/helio/parser.py -> /<<PKGBUILDDIR>>/.pybuild/cpython3_3.6_sunpy/build/sunpy/net/helio
creating /<<PKGBUILDDIR>>/.pybuild/cpython3_3.6_sunpy/build/sunpy/net/dataretriever
copying sunpy/net/dataretriever/clients.py -> /<<PKGBUILDDIR>>/.pybuild/cpython3_3.6_sunpy/build/sunpy/net/dataretriever
copying sunpy/net/dataretriever/__init__.py -> /<<PKGBUILDDIR>>/.pybuild/cpython3_3.6_sunpy/build/sunpy/net/dataretriever
copying sunpy/net/dataretriever/client.py -> /<<PKGBUILDDIR>>/.pybuild/cpython3_3.6_sunpy/build/sunpy/net/dataretriever
creating /<<PKGBUILDDIR>>/.pybuild/cpython3_3.6_sunpy/build/sunpy/net/hek
copying sunpy/net/hek/attrs.py -> /<<PKGBUILDDIR>>/.pybuild/cpython3_3.6_sunpy/build/sunpy/net/hek
copying sunpy/net/hek/__init__.py -> /<<PKGBUILDDIR>>/.pybuild/cpython3_3.6_sunpy/build/sunpy/net/hek
copying sunpy/net/hek/hek.py -> /<<PKGBUILDDIR>>/.pybuild/cpython3_3.6_sunpy/build/sunpy/net/hek
creating /<<PKGBUILDDIR>>/.pybuild/cpython3_3.6_sunpy/build/sunpy/net/jsoc
copying sunpy/net/jsoc/attrs.py -> /<<PKGBUILDDIR>>/.pybuild/cpython3_3.6_sunpy/build/sunpy/net/jsoc
copying sunpy/net/jsoc/__init__.py -> /<<PKGBUILDDIR>>/.pybuild/cpython3_3.6_sunpy/build/sunpy/net/jsoc
copying sunpy/net/jsoc/jsoc.py -> /<<PKGBUILDDIR>>/.pybuild/cpython3_3.6_sunpy/build/sunpy/net/jsoc
creating /<<PKGBUILDDIR>>/.pybuild/cpython3_3.6_sunpy/build/sunpy/net/dataretriever/attrs
copying sunpy/net/dataretriever/attrs/goes.py -> /<<PKGBUILDDIR>>/.pybuild/cpython3_3.6_sunpy/build/sunpy/net/dataretriever/attrs
copying sunpy/net/dataretriever/attrs/__init__.py -> /<<PKGBUILDDIR>>/.pybuild/cpython3_3.6_sunpy/build/sunpy/net/dataretriever/attrs
creating /<<PKGBUILDDIR>>/.pybuild/cpython3_3.6_sunpy/build/sunpy/net/dataretriever/sources
copying sunpy/net/dataretriever/sources/rhessi.py -> /<<PKGBUILDDIR>>/.pybuild/cpython3_3.6_sunpy/build/sunpy/net/dataretriever/sources
copying sunpy/net/dataretriever/sources/norh.py -> /<<PKGBUILDDIR>>/.pybuild/cpython3_3.6_sunpy/build/sunpy/net/dataretriever/sources
copying sunpy/net/dataretriever/sources/noaa.py -> /<<PKGBUILDDIR>>/.pybuild/cpython3_3.6_sunpy/build/sunpy/net/dataretriever/sources
copying sunpy/net/dataretriever/sources/goes.py -> /<<PKGBUILDDIR>>/.pybuild/cpython3_3.6_sunpy/build/sunpy/net/dataretriever/sources
copying sunpy/net/dataretriever/sources/__init__.py -> /<<PKGBUILDDIR>>/.pybuild/cpython3_3.6_sunpy/build/sunpy/net/dataretriever/sources
copying sunpy/net/dataretriever/sources/eve.py -> /<<PKGBUILDDIR>>/.pybuild/cpython3_3.6_sunpy/build/sunpy/net/dataretriever/sources
copying sunpy/net/dataretriever/sources/lyra.py -> /<<PKGBUILDDIR>>/.pybuild/cpython3_3.6_sunpy/build/sunpy/net/dataretriever/sources
creating /<<PKGBUILDDIR>>/.pybuild/cpython3_3.6_sunpy/build/sunpy/net/dataretriever/tests
copying sunpy/net/dataretriever/tests/test_noaa.py -> /<<PKGBUILDDIR>>/.pybuild/cpython3_3.6_sunpy/build/sunpy/net/dataretriever/tests
copying sunpy/net/dataretriever/tests/test_client.py -> /<<PKGBUILDDIR>>/.pybuild/cpython3_3.6_sunpy/build/sunpy/net/dataretriever/tests
copying sunpy/net/dataretriever/tests/test_norh.py -> /<<PKGBUILDDIR>>/.pybuild/cpython3_3.6_sunpy/build/sunpy/net/dataretriever/tests
copying sunpy/net/dataretriever/tests/test_lyra_ud.py -> /<<PKGBUILDDIR>>/.pybuild/cpython3_3.6_sunpy/build/sunpy/net/dataretriever/tests
copying sunpy/net/dataretriever/tests/test_eve.py -> /<<PKGBUILDDIR>>/.pybuild/cpython3_3.6_sunpy/build/sunpy/net/dataretriever/tests
copying sunpy/net/dataretriever/tests/__init__.py -> /<<PKGBUILDDIR>>/.pybuild/cpython3_3.6_sunpy/build/sunpy/net/dataretriever/tests
copying sunpy/net/dataretriever/tests/test_rhessi.py -> /<<PKGBUILDDIR>>/.pybuild/cpython3_3.6_sunpy/build/sunpy/net/dataretriever/tests
copying sunpy/net/dataretriever/tests/test_goes_ud.py -> /<<PKGBUILDDIR>>/.pybuild/cpython3_3.6_sunpy/build/sunpy/net/dataretriever/tests
creating /<<PKGBUILDDIR>>/.pybuild/cpython3_3.6_sunpy/build/sunpy/net/jsoc/tests
copying sunpy/net/jsoc/tests/__init__.py -> /<<PKGBUILDDIR>>/.pybuild/cpython3_3.6_sunpy/build/sunpy/net/jsoc/tests
copying sunpy/net/jsoc/tests/test_attr.py -> /<<PKGBUILDDIR>>/.pybuild/cpython3_3.6_sunpy/build/sunpy/net/jsoc/tests
copying sunpy/net/jsoc/tests/test_jsoc.py -> /<<PKGBUILDDIR>>/.pybuild/cpython3_3.6_sunpy/build/sunpy/net/jsoc/tests
creating /<<PKGBUILDDIR>>/.pybuild/cpython3_3.6_sunpy/build/sunpy/database/tests
copying sunpy/database/tests/test_commands.py -> /<<PKGBUILDDIR>>/.pybuild/cpython3_3.6_sunpy/build/sunpy/database/tests
copying sunpy/database/tests/__init__.py -> /<<PKGBUILDDIR>>/.pybuild/cpython3_3.6_sunpy/build/sunpy/database/tests
copying sunpy/database/tests/test_database.py -> /<<PKGBUILDDIR>>/.pybuild/cpython3_3.6_sunpy/build/sunpy/database/tests
copying sunpy/database/tests/test_tables.py -> /<<PKGBUILDDIR>>/.pybuild/cpython3_3.6_sunpy/build/sunpy/database/tests
copying sunpy/database/tests/test_attrs.py -> /<<PKGBUILDDIR>>/.pybuild/cpython3_3.6_sunpy/build/sunpy/database/tests
copying sunpy/database/tests/test_caching.py -> /<<PKGBUILDDIR>>/.pybuild/cpython3_3.6_sunpy/build/sunpy/database/tests
creating /<<PKGBUILDDIR>>/.pybuild/cpython3_3.6_sunpy/build/sunpy/sun/tests
copying sunpy/sun/tests/test_constants.py -> /<<PKGBUILDDIR>>/.pybuild/cpython3_3.6_sunpy/build/sunpy/sun/tests
copying sunpy/sun/tests/__init__.py -> /<<PKGBUILDDIR>>/.pybuild/cpython3_3.6_sunpy/build/sunpy/sun/tests
copying sunpy/sun/tests/test_sun.py -> /<<PKGBUILDDIR>>/.pybuild/cpython3_3.6_sunpy/build/sunpy/sun/tests
creating /<<PKGBUILDDIR>>/.pybuild/cpython3_3.6_sunpy/build/sunpy/cm/tests
copying sunpy/cm/tests/__init__.py -> /<<PKGBUILDDIR>>/.pybuild/cpython3_3.6_sunpy/build/sunpy/cm/tests
creating /<<PKGBUILDDIR>>/.pybuild/cpython3_3.6_sunpy/build/sunpy/io/tests
copying sunpy/io/tests/test_ana.py -> /<<PKGBUILDDIR>>/.pybuild/cpython3_3.6_sunpy/build/sunpy/io/tests
copying sunpy/io/tests/test_srs.py -> /<<PKGBUILDDIR>>/.pybuild/cpython3_3.6_sunpy/build/sunpy/io/tests
copying sunpy/io/tests/test_filetools.py -> /<<PKGBUILDDIR>>/.pybuild/cpython3_3.6_sunpy/build/sunpy/io/tests
copying sunpy/io/tests/test_jp2.py -> /<<PKGBUILDDIR>>/.pybuild/cpython3_3.6_sunpy/build/sunpy/io/tests
copying sunpy/io/tests/__init__.py -> /<<PKGBUILDDIR>>/.pybuild/cpython3_3.6_sunpy/build/sunpy/io/tests
copying sunpy/io/tests/test_genx.py -> /<<PKGBUILDDIR>>/.pybuild/cpython3_3.6_sunpy/build/sunpy/io/tests
copying sunpy/io/tests/test_fits.py -> /<<PKGBUILDDIR>>/.pybuild/cpython3_3.6_sunpy/build/sunpy/io/tests
creating /<<PKGBUILDDIR>>/.pybuild/cpython3_3.6_sunpy/build/sunpy/io/special
copying sunpy/io/special/srs.py -> /<<PKGBUILDDIR>>/.pybuild/cpython3_3.6_sunpy/build/sunpy/io/special
copying sunpy/io/special/__init__.py -> /<<PKGBUILDDIR>>/.pybuild/cpython3_3.6_sunpy/build/sunpy/io/special
copying sunpy/io/special/genx.py -> /<<PKGBUILDDIR>>/.pybuild/cpython3_3.6_sunpy/build/sunpy/io/special
creating /<<PKGBUILDDIR>>/.pybuild/cpython3_3.6_sunpy/build/sunpy/spectra/sources
copying sunpy/spectra/sources/swaves.py -> /<<PKGBUILDDIR>>/.pybuild/cpython3_3.6_sunpy/build/sunpy/spectra/sources
copying sunpy/spectra/sources/__init__.py -> /<<PKGBUILDDIR>>/.pybuild/cpython3_3.6_sunpy/build/sunpy/spectra/sources
copying sunpy/spectra/sources/callisto.py -> /<<PKGBUILDDIR>>/.pybuild/cpython3_3.6_sunpy/build/sunpy/spectra/sources
creating /<<PKGBUILDDIR>>/.pybuild/cpython3_3.6_sunpy/build/sunpy/spectra/tests
copying sunpy/spectra/tests/test_spectrogram.py -> /<<PKGBUILDDIR>>/.pybuild/cpython3_3.6_sunpy/build/sunpy/spectra/tests
copying sunpy/spectra/tests/__init__.py -> /<<PKGBUILDDIR>>/.pybuild/cpython3_3.6_sunpy/build/sunpy/spectra/tests
copying sunpy/spectra/tests/test_callisto.py -> /<<PKGBUILDDIR>>/.pybuild/cpython3_3.6_sunpy/build/sunpy/spectra/tests
creating /<<PKGBUILDDIR>>/.pybuild/cpython3_3.6_sunpy/build/sunpy/lightcurve/sources
copying sunpy/lightcurve/sources/rhessi.py -> /<<PKGBUILDDIR>>/.pybuild/cpython3_3.6_sunpy/build/sunpy/lightcurve/sources
copying sunpy/lightcurve/sources/norh.py -> /<<PKGBUILDDIR>>/.pybuild/cpython3_3.6_sunpy/build/sunpy/lightcurve/sources
copying sunpy/lightcurve/sources/noaa.py -> /<<PKGBUILDDIR>>/.pybuild/cpython3_3.6_sunpy/build/sunpy/lightcurve/sources
copying sunpy/lightcurve/sources/goes.py -> /<<PKGBUILDDIR>>/.pybuild/cpython3_3.6_sunpy/build/sunpy/lightcurve/sources
copying sunpy/lightcurve/sources/__init__.py -> /<<PKGBUILDDIR>>/.pybuild/cpython3_3.6_sunpy/build/sunpy/lightcurve/sources
copying sunpy/lightcurve/sources/eve.py -> /<<PKGBUILDDIR>>/.pybuild/cpython3_3.6_sunpy/build/sunpy/lightcurve/sources
copying sunpy/lightcurve/sources/lyra.py -> /<<PKGBUILDDIR>>/.pybuild/cpython3_3.6_sunpy/build/sunpy/lightcurve/sources
copying sunpy/lightcurve/sources/fermi_gbm.py -> /<<PKGBUILDDIR>>/.pybuild/cpython3_3.6_sunpy/build/sunpy/lightcurve/sources
copying sunpy/lightcurve/sources/logical.py -> /<<PKGBUILDDIR>>/.pybuild/cpython3_3.6_sunpy/build/sunpy/lightcurve/sources
creating /<<PKGBUILDDIR>>/.pybuild/cpython3_3.6_sunpy/build/sunpy/lightcurve/tests
copying sunpy/lightcurve/tests/test_noaa.py -> /<<PKGBUILDDIR>>/.pybuild/cpython3_3.6_sunpy/build/sunpy/lightcurve/tests
copying sunpy/lightcurve/tests/test_lightcurve.py -> /<<PKGBUILDDIR>>/.pybuild/cpython3_3.6_sunpy/build/sunpy/lightcurve/tests
copying sunpy/lightcurve/tests/test_norh.py -> /<<PKGBUILDDIR>>/.pybuild/cpython3_3.6_sunpy/build/sunpy/lightcurve/tests
copying sunpy/lightcurve/tests/test_goes.py -> /<<PKGBUILDDIR>>/.pybuild/cpython3_3.6_sunpy/build/sunpy/lightcurve/tests
copying sunpy/lightcurve/tests/test_lyra.py -> /<<PKGBUILDDIR>>/.pybuild/cpython3_3.6_sunpy/build/sunpy/lightcurve/tests
copying sunpy/lightcurve/tests/test_eve.py -> /<<PKGBUILDDIR>>/.pybuild/cpython3_3.6_sunpy/build/sunpy/lightcurve/tests
copying sunpy/lightcurve/tests/__init__.py -> /<<PKGBUILDDIR>>/.pybuild/cpython3_3.6_sunpy/build/sunpy/lightcurve/tests
copying sunpy/lightcurve/tests/test_rhessi.py -> /<<PKGBUILDDIR>>/.pybuild/cpython3_3.6_sunpy/build/sunpy/lightcurve/tests
running egg_info
writing sunpy.egg-info/PKG-INFO
writing dependency_links to sunpy.egg-info/dependency_links.txt
writing requirements to sunpy.egg-info/requires.txt
writing top-level names to sunpy.egg-info/top_level.txt
reading manifest file 'sunpy.egg-info/SOURCES.txt'
writing manifest file 'sunpy.egg-info/SOURCES.txt'
copying sunpy/_compiler.c -> /<<PKGBUILDDIR>>/.pybuild/cpython3_3.6_sunpy/build/sunpy
creating /<<PKGBUILDDIR>>/.pybuild/cpython3_3.6_sunpy/build/sunpy/io/src
creating /<<PKGBUILDDIR>>/.pybuild/cpython3_3.6_sunpy/build/sunpy/io/src/ana
copying sunpy/io/src/ana/_pyana.c -> /<<PKGBUILDDIR>>/.pybuild/cpython3_3.6_sunpy/build/sunpy/io/src/ana
copying sunpy/io/src/ana/testrw.c -> /<<PKGBUILDDIR>>/.pybuild/cpython3_3.6_sunpy/build/sunpy/io/src/ana
copying sunpy/io/src/ana/anacompress.c -> /<<PKGBUILDDIR>>/.pybuild/cpython3_3.6_sunpy/build/sunpy/io/src/ana
copying sunpy/io/src/ana/anadecompress.c -> /<<PKGBUILDDIR>>/.pybuild/cpython3_3.6_sunpy/build/sunpy/io/src/ana
copying sunpy/io/src/ana/anarw.c -> /<<PKGBUILDDIR>>/.pybuild/cpython3_3.6_sunpy/build/sunpy/io/src/ana
copying sunpy/data/sunpyrc -> /<<PKGBUILDDIR>>/.pybuild/cpython3_3.6_sunpy/build/sunpy/data
copying sunpy/tests/coveragerc -> /<<PKGBUILDDIR>>/.pybuild/cpython3_3.6_sunpy/build/sunpy/tests
copying sunpy/data/test/20150101SRS.txt -> /<<PKGBUILDDIR>>/.pybuild/cpython3_3.6_sunpy/build/sunpy/data/test
copying sunpy/data/test/EVE_L0CS_DIODES_1m_truncated.txt -> /<<PKGBUILDDIR>>/.pybuild/cpython3_3.6_sunpy/build/sunpy/data/test
copying sunpy/data/test/generated_sample.genx -> /<<PKGBUILDDIR>>/.pybuild/cpython3_3.6_sunpy/build/sunpy/data/test
copying sunpy/data/test/FGMG4_20110214_030443.7.fits -> /<<PKGBUILDDIR>>/.pybuild/cpython3_3.6_sunpy/build/sunpy/data/test
copying sunpy/data/test/2013_06_24__17_31_30_84__SDO_AIA_AIA_193.jp2 -> /<<PKGBUILDDIR>>/.pybuild/cpython3_3.6_sunpy/build/sunpy/data/test
copying sunpy/data/test/mdi_fd_M_96m_01d.5874.0005_s.fits -> /<<PKGBUILDDIR>>/.pybuild/cpython3_3.6_sunpy/build/sunpy/data/test
copying sunpy/data/test/LATEST_EVE_L0CS_DIODES_1m.txt -> /<<PKGBUILDDIR>>/.pybuild/cpython3_3.6_sunpy/build/sunpy/data/test
copying sunpy/data/test/gzip_test.fit.gz -> /<<PKGBUILDDIR>>/.pybuild/cpython3_3.6_sunpy/build/sunpy/data/test
copying sunpy/data/test/lasco_c2_25299383_s.fts -> /<<PKGBUILDDIR>>/.pybuild/cpython3_3.6_sunpy/build/sunpy/data/test
copying sunpy/data/test/test_ana.fz -> /<<PKGBUILDDIR>>/.pybuild/cpython3_3.6_sunpy/build/sunpy/data/test
copying sunpy/data/test/iris_l2_20130801_074720_4040000014_SJI_1400_t000.fits -> /<<PKGBUILDDIR>>/.pybuild/cpython3_3.6_sunpy/build/sunpy/data/test
copying sunpy/data/test/annotation_science.db -> /<<PKGBUILDDIR>>/.pybuild/cpython3_3.6_sunpy/build/sunpy/data/test
copying sunpy/data/test/gzip_test.fits.gz -> /<<PKGBUILDDIR>>/.pybuild/cpython3_3.6_sunpy/build/sunpy/data/test
copying sunpy/data/test/annotation_ppt.db -> /<<PKGBUILDDIR>>/.pybuild/cpython3_3.6_sunpy/build/sunpy/data/test
copying sunpy/data/test/lyra_20150101-000000_lev3_std_truncated.fits.gz -> /<<PKGBUILDDIR>>/.pybuild/cpython3_3.6_sunpy/build/sunpy/data/test
copying sunpy/data/test/tca110810_truncated -> /<<PKGBUILDDIR>>/.pybuild/cpython3_3.6_sunpy/build/sunpy/data/test
copying sunpy/data/test/EVE_He_II_304_averages.csv -> /<<PKGBUILDDIR>>/.pybuild/cpython3_3.6_sunpy/build/sunpy/data/test
copying sunpy/data/test/hsi_obssumm_20120601_018_truncated.fits.gz -> /<<PKGBUILDDIR>>/.pybuild/cpython3_3.6_sunpy/build/sunpy/data/test
copying sunpy/data/test/gzip_test.fts.gz -> /<<PKGBUILDDIR>>/.pybuild/cpython3_3.6_sunpy/build/sunpy/data/test
copying sunpy/data/test/20150306SRS.txt -> /<<PKGBUILDDIR>>/.pybuild/cpython3_3.6_sunpy/build/sunpy/data/test
copying sunpy/data/test/HinodeXRT.fits -> /<<PKGBUILDDIR>>/.pybuild/cpython3_3.6_sunpy/build/sunpy/data/test
copying sunpy/data/test/go1520120601.fits.gz -> /<<PKGBUILDDIR>>/.pybuild/cpython3_3.6_sunpy/build/sunpy/data/test
copying sunpy/data/test/go1520110607.fits -> /<<PKGBUILDDIR>>/.pybuild/cpython3_3.6_sunpy/build/sunpy/data/test
copying sunpy/data/test/euvi_20090615_000900_n4euA_s.fts -> /<<PKGBUILDDIR>>/.pybuild/cpython3_3.6_sunpy/build/sunpy/data/test
copying sunpy/data/test/RecentIndices_truncated.txt -> /<<PKGBUILDDIR>>/.pybuild/cpython3_3.6_sunpy/build/sunpy/data/test
copying sunpy/data/test/annotation_manual.db -> /<<PKGBUILDDIR>>/.pybuild/cpython3_3.6_sunpy/build/sunpy/data/test
copying sunpy/data/test/cor1_20090615_000500_s4c1A.fts -> /<<PKGBUILDDIR>>/.pybuild/cpython3_3.6_sunpy/build/sunpy/data/test
copying sunpy/data/test/aia_171_level1.fits -> /<<PKGBUILDDIR>>/.pybuild/cpython3_3.6_sunpy/build/sunpy/data/test
copying sunpy/data/test/20150906SRS.txt -> /<<PKGBUILDDIR>>/.pybuild/cpython3_3.6_sunpy/build/sunpy/data/test
copying sunpy/data/test/mdi_fd_Ic_6h_01d.5871.0000_s.fits -> /<<PKGBUILDDIR>>/.pybuild/cpython3_3.6_sunpy/build/sunpy/data/test
copying sunpy/data/test/hsi_calib_ev_20020220_1106_20020220_1106_25_40.fits -> /<<PKGBUILDDIR>>/.pybuild/cpython3_3.6_sunpy/build/sunpy/data/test
copying sunpy/data/test/BIR_20110922_051500_01.fit.gz -> /<<PKGBUILDDIR>>/.pybuild/cpython3_3.6_sunpy/build/sunpy/data/test
copying sunpy/data/test/annotation_lyra.db -> /<<PKGBUILDDIR>>/.pybuild/cpython3_3.6_sunpy/build/sunpy/data/test
copying sunpy/data/test/predicted-sunspot-radio-flux_truncated.txt -> /<<PKGBUILDDIR>>/.pybuild/cpython3_3.6_sunpy/build/sunpy/data/test
copying sunpy/data/test/swap_lv1_20140606_000113.fits -> /<<PKGBUILDDIR>>/.pybuild/cpython3_3.6_sunpy/build/sunpy/data/test
copying sunpy/data/test/resampled_hmi.fits -> /<<PKGBUILDDIR>>/.pybuild/cpython3_3.6_sunpy/build/sunpy/data/test
copying sunpy/data/test/HinodeSOT.fits -> /<<PKGBUILDDIR>>/.pybuild/cpython3_3.6_sunpy/build/sunpy/data/test
copying sunpy/data/test/hi_20110910_114721_s7h2A.fts -> /<<PKGBUILDDIR>>/.pybuild/cpython3_3.6_sunpy/build/sunpy/data/test
copying sunpy/data/test/heliographic_phase_map.fits.gz -> /<<PKGBUILDDIR>>/.pybuild/cpython3_3.6_sunpy/build/sunpy/data/test
copying sunpy/data/test/BIR_20110922_050000_01.fit -> /<<PKGBUILDDIR>>/.pybuild/cpython3_3.6_sunpy/build/sunpy/data/test
copying sunpy/data/test/gbm.fits -> /<<PKGBUILDDIR>>/.pybuild/cpython3_3.6_sunpy/build/sunpy/data/test
copying sunpy/data/test/hsi_image_20101016_191218.fits -> /<<PKGBUILDDIR>>/.pybuild/cpython3_3.6_sunpy/build/sunpy/data/test
creating /<<PKGBUILDDIR>>/.pybuild/cpython3_3.6_sunpy/build/sunpy/data/test/eve
copying sunpy/data/test/eve/eve_04.txt -> /<<PKGBUILDDIR>>/.pybuild/cpython3_3.6_sunpy/build/sunpy/data/test/eve
copying sunpy/data/test/eve/eve_03.txt -> /<<PKGBUILDDIR>>/.pybuild/cpython3_3.6_sunpy/build/sunpy/data/test/eve
copying sunpy/data/test/eve/eve_01.txt -> /<<PKGBUILDDIR>>/.pybuild/cpython3_3.6_sunpy/build/sunpy/data/test/eve
copying sunpy/data/test/eve/eve_05.txt -> /<<PKGBUILDDIR>>/.pybuild/cpython3_3.6_sunpy/build/sunpy/data/test/eve
copying sunpy/data/test/eve/eve_02.txt -> /<<PKGBUILDDIR>>/.pybuild/cpython3_3.6_sunpy/build/sunpy/data/test/eve
creating /<<PKGBUILDDIR>>/.pybuild/cpython3_3.6_sunpy/build/sunpy/data/test/SWAP
copying sunpy/data/test/SWAP/resampled0_swap.fits -> /<<PKGBUILDDIR>>/.pybuild/cpython3_3.6_sunpy/build/sunpy/data/test/SWAP
copying sunpy/data/test/SWAP/resampled3_swap.fits -> /<<PKGBUILDDIR>>/.pybuild/cpython3_3.6_sunpy/build/sunpy/data/test/SWAP
copying sunpy/data/test/SWAP/resampled2_swap.fits -> /<<PKGBUILDDIR>>/.pybuild/cpython3_3.6_sunpy/build/sunpy/data/test/SWAP
copying sunpy/data/test/SWAP/resampled1_swap.fits -> /<<PKGBUILDDIR>>/.pybuild/cpython3_3.6_sunpy/build/sunpy/data/test/SWAP
creating /<<PKGBUILDDIR>>/.pybuild/cpython3_3.6_sunpy/build/sunpy/data/test/EIT
copying sunpy/data/test/EIT/efz20040301.110010_s.fits -> /<<PKGBUILDDIR>>/.pybuild/cpython3_3.6_sunpy/build/sunpy/data/test/EIT
copying sunpy/data/test/EIT/efz20040301.040010_s.fits -> /<<PKGBUILDDIR>>/.pybuild/cpython3_3.6_sunpy/build/sunpy/data/test/EIT
copying sunpy/data/test/EIT/efz20040301.000010_s.fits -> /<<PKGBUILDDIR>>/.pybuild/cpython3_3.6_sunpy/build/sunpy/data/test/EIT
copying sunpy/data/test/EIT/efz20040301.030011_s.fits -> /<<PKGBUILDDIR>>/.pybuild/cpython3_3.6_sunpy/build/sunpy/data/test/EIT
copying sunpy/data/test/EIT/efz20040301.090010_s.fits -> /<<PKGBUILDDIR>>/.pybuild/cpython3_3.6_sunpy/build/sunpy/data/test/EIT
copying sunpy/data/test/EIT/efz20040301.080010_s.fits -> /<<PKGBUILDDIR>>/.pybuild/cpython3_3.6_sunpy/build/sunpy/data/test/EIT
copying sunpy/data/test/EIT/efz20040301.050010_s.fits -> /<<PKGBUILDDIR>>/.pybuild/cpython3_3.6_sunpy/build/sunpy/data/test/EIT
copying sunpy/data/test/EIT/efz20040301.070014_s.fits -> /<<PKGBUILDDIR>>/.pybuild/cpython3_3.6_sunpy/build/sunpy/data/test/EIT
copying sunpy/data/test/EIT/efz20040301.100010_s.fits -> /<<PKGBUILDDIR>>/.pybuild/cpython3_3.6_sunpy/build/sunpy/data/test/EIT
copying sunpy/data/test/EIT/efz20040301.060010_s.fits -> /<<PKGBUILDDIR>>/.pybuild/cpython3_3.6_sunpy/build/sunpy/data/test/EIT
copying sunpy/data/test/EIT/efz20040301.010016_s.fits -> /<<PKGBUILDDIR>>/.pybuild/cpython3_3.6_sunpy/build/sunpy/data/test/EIT
copying sunpy/data/test/EIT/efz20040301.020010_s.fits -> /<<PKGBUILDDIR>>/.pybuild/cpython3_3.6_sunpy/build/sunpy/data/test/EIT
copying sunpy/data/test/EIT/efz20040301.120010_s.fits -> /<<PKGBUILDDIR>>/.pybuild/cpython3_3.6_sunpy/build/sunpy/data/test/EIT
copying sunpy/data/test/waveunit/medn_halph_fl_20050501_074655.fts -> /<<PKGBUILDDIR>>/.pybuild/cpython3_3.6_sunpy/build/sunpy/data/test/waveunit
copying sunpy/data/test/waveunit/mq130812.084253.fits -> /<<PKGBUILDDIR>>/.pybuild/cpython3_3.6_sunpy/build/sunpy/data/test/waveunit
copying sunpy/data/test/waveunit/svsm_e3100_S2_20110625_1856.fts -> /<<PKGBUILDDIR>>/.pybuild/cpython3_3.6_sunpy/build/sunpy/data/test/waveunit
copying sunpy/data/test/waveunit/na120701.091058.fits -> /<<PKGBUILDDIR>>/.pybuild/cpython3_3.6_sunpy/build/sunpy/data/test/waveunit
copying sunpy/database/tests/test_table.txt -> /<<PKGBUILDDIR>>/.pybuild/cpython3_3.6_sunpy/build/sunpy/database/tests
running build_ext
building 'sunpy._compiler' extension
creating build/temp.linux-amd64-3.6
creating build/temp.linux-amd64-3.6/sunpy
x86_64-linux-gnu-gcc -pthread -DNDEBUG -g -fwrapv -O2 -Wall -Wstrict-prototypes -g -O2 -fdebug-prefix-map=/<<PKGBUILDDIR>>=. -fstack-protector-strong -Wformat -Werror=format-security -Wdate-time -D_FORTIFY_SOURCE=2 -fPIC -I/usr/include/python3.6m -c sunpy/_compiler.c -o build/temp.linux-amd64-3.6/sunpy/_compiler.o
x86_64-linux-gnu-gcc -pthread -shared -Wl,-O1 -Wl,-Bsymbolic-functions -Wl,-z,relro -Wl,-z,relro -g -O2 -fdebug-prefix-map=/<<PKGBUILDDIR>>=. -fstack-protector-strong -Wformat -Werror=format-security -Wdate-time -D_FORTIFY_SOURCE=2 build/temp.linux-amd64-3.6/sunpy/_compiler.o -o /<<PKGBUILDDIR>>/.pybuild/cpython3_3.6_sunpy/build/sunpy/_compiler.cpython-36m-x86_64-linux-gnu.so
building 'sunpy.io._pyana' extension
creating build/temp.linux-amd64-3.6/sunpy/io
creating build/temp.linux-amd64-3.6/sunpy/io/src
creating build/temp.linux-amd64-3.6/sunpy/io/src/ana
x86_64-linux-gnu-gcc -pthread -DNDEBUG -g -fwrapv -O2 -Wall -Wstrict-prototypes -g -O2 -fdebug-prefix-map=/<<PKGBUILDDIR>>=. -fstack-protector-strong -Wformat -Werror=format-security -Wdate-time -D_FORTIFY_SOURCE=2 -fPIC -I/usr/lib/python3/dist-packages/numpy/core/include -I/usr/include/python3.6m -c sunpy/io/src/ana/_pyana.c -o build/temp.linux-amd64-3.6/sunpy/io/src/ana/_pyana.o -std=c99 -O3 -Wno-unused-but-set-variable -Wno-unused-variable -Wno-unused-result -Wno-sign-compare
warning: unknown warning option '-Wno-unused-but-set-variable'; did you mean '-Wno-unused-const-variable'? [-Wunknown-warning-option]
In file included from sunpy/io/src/ana/_pyana.c:11:
In file included from /usr/lib/python3/dist-packages/numpy/core/include/numpy/arrayobject.h:4:
In file included from /usr/lib/python3/dist-packages/numpy/core/include/numpy/ndarrayobject.h:18:
In file included from /usr/lib/python3/dist-packages/numpy/core/include/numpy/ndarraytypes.h:1809:
/usr/lib/python3/dist-packages/numpy/core/include/numpy/npy_1_7_deprecated_api.h:15:2: warning: "Using deprecated NumPy API, disable it by "          "#defining NPY_NO_DEPRECATED_API NPY_1_7_API_VERSION" [-W#warnings]
#warning "Using deprecated NumPy API, disable it by " \
 ^
2 warnings generated.
x86_64-linux-gnu-gcc -pthread -DNDEBUG -g -fwrapv -O2 -Wall -Wstrict-prototypes -g -O2 -fdebug-prefix-map=/<<PKGBUILDDIR>>=. -fstack-protector-strong -Wformat -Werror=format-security -Wdate-time -D_FORTIFY_SOURCE=2 -fPIC -I/usr/lib/python3/dist-packages/numpy/core/include -I/usr/include/python3.6m -c sunpy/io/src/ana/testrw.c -o build/temp.linux-amd64-3.6/sunpy/io/src/ana/testrw.o -std=c99 -O3 -Wno-unused-but-set-variable -Wno-unused-variable -Wno-unused-result -Wno-sign-compare
warning: unknown warning option '-Wno-unused-but-set-variable'; did you mean '-Wno-unused-const-variable'? [-Wunknown-warning-option]
1 warning generated.
x86_64-linux-gnu-gcc -pthread -DNDEBUG -g -fwrapv -O2 -Wall -Wstrict-prototypes -g -O2 -fdebug-prefix-map=/<<PKGBUILDDIR>>=. -fstack-protector-strong -Wformat -Werror=format-security -Wdate-time -D_FORTIFY_SOURCE=2 -fPIC -I/usr/lib/python3/dist-packages/numpy/core/include -I/usr/include/python3.6m -c sunpy/io/src/ana/anacompress.c -o build/temp.linux-amd64-3.6/sunpy/io/src/ana/anacompress.o -std=c99 -O3 -Wno-unused-but-set-variable -Wno-unused-variable -Wno-unused-result -Wno-sign-compare
warning: unknown warning option '-Wno-unused-but-set-variable'; did you mean '-Wno-unused-const-variable'? [-Wunknown-warning-option]
1 warning generated.
x86_64-linux-gnu-gcc -pthread -DNDEBUG -g -fwrapv -O2 -Wall -Wstrict-prototypes -g -O2 -fdebug-prefix-map=/<<PKGBUILDDIR>>=. -fstack-protector-strong -Wformat -Werror=format-security -Wdate-time -D_FORTIFY_SOURCE=2 -fPIC -I/usr/lib/python3/dist-packages/numpy/core/include -I/usr/include/python3.6m -c sunpy/io/src/ana/anadecompress.c -o build/temp.linux-amd64-3.6/sunpy/io/src/ana/anadecompress.o -std=c99 -O3 -Wno-unused-but-set-variable -Wno-unused-variable -Wno-unused-result -Wno-sign-compare
warning: unknown warning option '-Wno-unused-but-set-variable'; did you mean '-Wno-unused-const-variable'? [-Wunknown-warning-option]
1 warning generated.
x86_64-linux-gnu-gcc -pthread -DNDEBUG -g -fwrapv -O2 -Wall -Wstrict-prototypes -g -O2 -fdebug-prefix-map=/<<PKGBUILDDIR>>=. -fstack-protector-strong -Wformat -Werror=format-security -Wdate-time -D_FORTIFY_SOURCE=2 -fPIC -I/usr/lib/python3/dist-packages/numpy/core/include -I/usr/include/python3.6m -c sunpy/io/src/ana/anarw.c -o build/temp.linux-amd64-3.6/sunpy/io/src/ana/anarw.o -std=c99 -O3 -Wno-unused-but-set-variable -Wno-unused-variable -Wno-unused-result -Wno-sign-compare
warning: unknown warning option '-Wno-unused-but-set-variable'; did you mean '-Wno-unused-const-variable'? [-Wunknown-warning-option]
1 warning generated.
x86_64-linux-gnu-gcc -pthread -shared -Wl,-O1 -Wl,-Bsymbolic-functions -Wl,-z,relro -Wl,-z,relro -g -O2 -fdebug-prefix-map=/<<PKGBUILDDIR>>=. -fstack-protector-strong -Wformat -Werror=format-security -Wdate-time -D_FORTIFY_SOURCE=2 build/temp.linux-amd64-3.6/sunpy/io/src/ana/_pyana.o build/temp.linux-amd64-3.6/sunpy/io/src/ana/testrw.o build/temp.linux-amd64-3.6/sunpy/io/src/ana/anacompress.o build/temp.linux-amd64-3.6/sunpy/io/src/ana/anadecompress.o build/temp.linux-amd64-3.6/sunpy/io/src/ana/anarw.o -o /<<PKGBUILDDIR>>/.pybuild/cpython3_3.6_sunpy/build/sunpy/io/_pyana.cpython-36m-x86_64-linux-gnu.so
   debian/rules override_dh_auto_test
make[1]: Entering directory '/<<PKGBUILDDIR>>'
python -m pytest sunpy -k "not figure and not online"
============================= test session starts ==============================
platform linux2 -- Python 2.7.15, pytest-3.3.2, py-1.5.3, pluggy-0.6.0
rootdir: /<<PKGBUILDDIR>>, inifile: setup.cfg
plugins: mock-1.7.1, hypothesis-3.44.1
collected 1386 items

sunpy/coordinates/tests/test_ephemeris.py ...........                    [  0%]
sunpy/coordinates/tests/test_frameattributes.py ...................      [  2%]
sunpy/coordinates/tests/test_frames.py ................................. [  4%]
...........................                                              [  6%]
sunpy/coordinates/tests/test_offset_frame.py ....                        [  6%]
sunpy/coordinates/tests/test_transformations.py ......                   [  7%]
sunpy/coordinates/tests/test_transformations_comparision.py ............ [  8%]
....                                                                     [  8%]
sunpy/coordinates/tests/test_utils.py ...................                [  9%]
sunpy/coordinates/tests/test_wcs_utils.py ......                         [ 10%]
sunpy/database/tests/test_attrs.py .............................sss      [ 12%]
sunpy/database/tests/test_caching.py ....                                [ 13%]
sunpy/database/tests/test_commands.py ...........................        [ 15%]
sunpy/database/tests/test_database.py ...............................sss [ 17%]
ssssssss..............................ss.sss..                           [ 20%]
sunpy/database/tests/test_tables.py ......ssssss......sss....            [ 22%]
sunpy/image/tests/test_coalignment.py .............                      [ 23%]
sunpy/image/tests/test_resample.py .....                                 [ 24%]
sunpy/image/tests/test_transform.py ...................................  [ 26%]
sunpy/image/tests/test_util.py ..                                        [ 26%]
sunpy/instr/tests/test_aia.py ..                                         [ 27%]
sunpy/instr/tests/test_fermi.py ss                                       [ 27%]
sunpy/instr/tests/test_goes.py ssssssssssssssss.......                   [ 28%]
sunpy/instr/tests/test_iris.py ..                                        [ 29%]
sunpy/instr/tests/test_lyra.py sss.......                                [ 29%]
sunpy/instr/tests/test_rhessi.py ..sss.                                  [ 30%]
sunpy/io/tests/test_ana.py ssssss                                        [ 30%]
sunpy/io/tests/test_filetools.py ..s.s.sss                               [ 31%]
sunpy/io/tests/test_fits.py ........                                     [ 31%]
sunpy/io/tests/test_genx.py ...................                          [ 33%]
sunpy/io/tests/test_jp2.py sss                                           [ 33%]
sunpy/io/tests/test_srs.py ............                                  [ 34%]
sunpy/lightcurve/tests/test_eve.py ss.                                   [ 34%]
sunpy/lightcurve/tests/test_goes.py sssssss..                            [ 35%]
sunpy/lightcurve/tests/test_lightcurve.py .................              [ 36%]
sunpy/lightcurve/tests/test_lyra.py ss                                   [ 36%]
sunpy/lightcurve/tests/test_noaa.py ssss.sssss.s                         [ 37%]
sunpy/lightcurve/tests/test_norh.py s                                    [ 37%]
sunpy/lightcurve/tests/test_rhessi.py ssssssss                           [ 38%]
sunpy/map/sources/tests/test_aia_source.py ....                          [ 38%]
sunpy/map/sources/tests/test_cor_source.py ....                          [ 38%]
sunpy/map/sources/tests/test_eit_source.py ............................. [ 41%]
.......................                                                  [ 42%]
sunpy/map/sources/tests/test_euvi_source.py ....                         [ 43%]
sunpy/map/sources/tests/test_hi_source.py ....                           [ 43%]
sunpy/map/sources/tests/test_hmi_source.py ....                          [ 43%]
sunpy/map/sources/tests/test_iris_source.py ...                          [ 43%]
sunpy/map/sources/tests/test_lasco_source.py ....                        [ 44%]
sunpy/map/sources/tests/test_mdi_source.py ....                          [ 44%]
sunpy/map/sources/tests/test_sot_source.py .......                       [ 44%]
sunpy/map/sources/tests/test_source_type.py ss                           [ 45%]
sunpy/map/sources/tests/test_swap_source.py ................             [ 46%]
sunpy/map/sources/tests/test_xrt_source.py .....                         [ 46%]
sunpy/map/tests/test_header.py .                                         [ 46%]
sunpy/map/tests/test_map_factory.py ....s......                          [ 47%]
sunpy/map/tests/test_mapbase.py ........................................ [ 50%]
......................                                                   [ 52%]
sunpy/map/tests/test_mapcube.py ....                                     [ 52%]
sunpy/net/dataretriever/tests/test_client.py .                           [ 52%]
sunpy/net/dataretriever/tests/test_eve.py sss.ssss                       [ 53%]
sunpy/net/dataretriever/tests/test_goes_ud.py .....X.sssss.              [ 54%]
sunpy/net/dataretriever/tests/test_lyra_ud.py ......ssss                 [ 54%]
sunpy/net/dataretriever/tests/test_noaa.py ...sssss                      [ 55%]
sunpy/net/dataretriever/tests/test_norh.py sss.ss...ssss                 [ 56%]
sunpy/net/dataretriever/tests/test_rhessi.py sss.sssss                   [ 56%]
sunpy/net/jsoc/tests/test_attr.py ...........                            [ 57%]
sunpy/net/jsoc/tests/test_jsoc.py .........s.sssssssssss                 [ 59%]
sunpy/net/tests/test_attr.py ...                                         [ 59%]
sunpy/net/tests/test_download.py ssss                                    [ 59%]
sunpy/net/tests/test_fido.py .ss....s.......                             [ 61%]
sunpy/net/tests/test_hek.py ............                                 [ 61%]
sunpy/net/tests/test_hek2vso.py ss                                       [ 62%]
sunpy/net/tests/test_helio.py .ssssssssssssss                            [ 63%]
sunpy/net/tests/test_helioviewer.py sss                                  [ 63%]
sunpy/net/tests/test_util.py ...                                         [ 63%]
sunpy/net/tests/test_vso.py ...s...s............s............            [ 66%]
sunpy/physics/tests/test_differential_rotation.py ................       [ 67%]
sunpy/physics/tests/test_solar_rotation.py ..                            [ 67%]
sunpy/roi/tests/test_chaincode.py ...........                            [ 68%]
sunpy/roi/tests/test_roi.py .........                                    [ 68%]
sunpy/spectra/tests/test_callisto.py .sss..ss............s               [ 70%]
sunpy/spectra/tests/test_spectrogram.py ................................ [ 72%]
...                                                                      [ 73%]
sunpy/sun/tests/test_constants.py ...................................... [ 75%]
.....................                                                    [ 77%]
sunpy/sun/tests/test_sun.py ................                             [ 78%]
sunpy/tests/tests/test_main.py .........                                 [ 79%]
sunpy/time/tests/test_julian.py ..............                           [ 80%]
sunpy/time/tests/test_time.py .....................                      [ 81%]
sunpy/time/tests/test_timerange.py ..............................        [ 84%]
sunpy/timeseries/tests/test_timeseries_factory.py ...................... [ 85%]
...........                                                              [ 86%]
sunpy/timeseries/tests/test_timeseriesbase.py .......................... [ 88%]
.........                                                                [ 89%]
sunpy/timeseries/tests/test_timeseriesmetadata.py ...................... [ 90%]
........................                                                 [ 92%]
sunpy/util/tests/test_cond_dispatch.py ......                            [ 92%]
sunpy/util/tests/test_datatype_factory_base.py ......                    [ 93%]
sunpy/util/tests/test_metadata.py ..................                     [ 94%]
sunpy/util/tests/test_multimethod.py .....                               [ 95%]
sunpy/util/tests/test_scraper.py ..................xsss                  [ 96%]
sunpy/util/tests/test_sysinfo.py .                                       [ 96%]
sunpy/util/tests/test_util.py ............                               [ 97%]
sunpy/util/tests/test_xml.py ....................                        [ 99%]
sunpy/visualization/tests/test_imageanimator.py ...                      [ 99%]
sunpy/wcs/tests/test_wcs.py .........                                    [100%]

============================= 33 tests deselected ==============================
 1164 passed, 187 skipped, 33 deselected, 1 xfailed, 1 xpassed in 265.31 seconds 
python3 -m pytest sunpy -k "not figure and not online"
============================= test session starts ==============================
platform linux -- Python 3.6.5, pytest-3.3.2, py-1.5.3, pluggy-0.6.0
rootdir: /<<PKGBUILDDIR>>, inifile: setup.cfg
plugins: remotedata-0.2.1, openfiles-0.3.0, mock-1.7.1, doctestplus-0.1.3, arraydiff-0.2, hypothesis-3.44.1
collected 1520 items

sunpy/cm/cm.py ..                                                        [  0%]
sunpy/cm/color_tables.py .                                               [  0%]
sunpy/coordinates/frames.py ....                                         [  0%]
sunpy/coordinates/utils.py F                                             [  0%]
sunpy/coordinates/tests/test_ephemeris.py ...........                    [  1%]
sunpy/coordinates/tests/test_frameattributes.py ...................      [  2%]
sunpy/coordinates/tests/test_frames.py ................................. [  4%]
...........................                                              [  6%]
sunpy/coordinates/tests/test_offset_frame.py ....                        [  6%]
sunpy/coordinates/tests/test_transformations.py ......                   [  7%]
sunpy/coordinates/tests/test_transformations_comparision.py ............ [  8%]
....                                                                     [  8%]
sunpy/coordinates/tests/test_utils.py ...................                [  9%]
sunpy/coordinates/tests/test_wcs_utils.py ......                         [ 10%]
sunpy/database/database.py .s..                                          [ 10%]
sunpy/database/tables.py ...F.                                           [ 10%]
sunpy/database/tests/test_attrs.py .............................sss      [ 12%]
sunpy/database/tests/test_caching.py ....                                [ 13%]
sunpy/database/tests/test_commands.py ...........................        [ 14%]
sunpy/database/tests/test_database.py ...............................sss [ 17%]
ssssssss..............................ss.sss..                           [ 20%]
sunpy/database/tests/test_tables.py ......ssssss......sss....            [ 21%]
sunpy/image/coalignment.py .                                             [ 22%]
sunpy/image/util.py ..                                                   [ 22%]
sunpy/image/tests/test_coalignment.py .............                      [ 23%]
sunpy/image/tests/test_resample.py .....                                 [ 23%]
sunpy/image/tests/test_transform.py ...................................  [ 25%]
sunpy/image/tests/test_util.py ..                                        [ 25%]
sunpy/instr/goes.py ...........                                          [ 26%]
sunpy/instr/lyra.py ..F                                                  [ 26%]
sunpy/instr/rhessi.py ........                                           [ 27%]
sunpy/instr/tests/test_aia.py ..                                         [ 27%]
sunpy/instr/tests/test_fermi.py ss                                       [ 27%]
sunpy/instr/tests/test_goes.py ssssssssssssssss.......                   [ 29%]
sunpy/instr/tests/test_iris.py ..                                        [ 29%]
sunpy/instr/tests/test_lyra.py sss.......                                [ 29%]
sunpy/instr/tests/test_rhessi.py ..sss.                                  [ 30%]
sunpy/io/ana.py sss                                                      [ 30%]
sunpy/io/fits.py .                                                       [ 30%]
sunpy/io/tests/test_ana.py ssssss                                        [ 31%]
sunpy/io/tests/test_filetools.py ..s.s.sss                               [ 31%]
sunpy/io/tests/test_fits.py ........                                     [ 32%]
sunpy/io/tests/test_genx.py ...................                          [ 33%]
sunpy/io/tests/test_jp2.py sss                                           [ 33%]
sunpy/io/tests/test_srs.py ............                                  [ 34%]
sunpy/lightcurve/lightcurve.py .                                         [ 34%]
sunpy/lightcurve/sources/eve.py .                                        [ 34%]
sunpy/lightcurve/sources/fermi_gbm.py .                                  [ 34%]
sunpy/lightcurve/sources/goes.py .                                       [ 34%]
sunpy/lightcurve/sources/logical.py .                                    [ 34%]
sunpy/lightcurve/sources/lyra.py .                                       [ 34%]
sunpy/lightcurve/sources/noaa.py ..                                      [ 34%]
sunpy/lightcurve/sources/norh.py .                                       [ 35%]
sunpy/lightcurve/sources/rhessi.py .                                     [ 35%]
sunpy/lightcurve/tests/test_eve.py ss.                                   [ 35%]
sunpy/lightcurve/tests/test_goes.py sssssss..                            [ 35%]
sunpy/lightcurve/tests/test_lightcurve.py .................              [ 37%]
sunpy/lightcurve/tests/test_lyra.py ss                                   [ 37%]
sunpy/lightcurve/tests/test_noaa.py ssss.sssss.s                         [ 38%]
sunpy/lightcurve/tests/test_norh.py s                                    [ 38%]
sunpy/lightcurve/tests/test_rhessi.py ssssssss                           [ 38%]
sunpy/map/compositemap.py F                                              [ 38%]
sunpy/map/map_factory.py F                                               [ 38%]
sunpy/map/mapbase.py FsF                                                 [ 38%]
sunpy/map/mapcube.py ...                                                 [ 39%]
sunpy/map/sources/tests/test_aia_source.py ....                          [ 39%]
sunpy/map/sources/tests/test_cor_source.py ....                          [ 39%]
sunpy/map/sources/tests/test_eit_source.py ............................. [ 41%]
.......................                                                  [ 43%]
sunpy/map/sources/tests/test_euvi_source.py ....                         [ 43%]
sunpy/map/sources/tests/test_hi_source.py ....                           [ 43%]
sunpy/map/sources/tests/test_hmi_source.py ....                          [ 44%]
sunpy/map/sources/tests/test_iris_source.py ...                          [ 44%]
sunpy/map/sources/tests/test_lasco_source.py ....                        [ 44%]
sunpy/map/sources/tests/test_mdi_source.py ....                          [ 44%]
sunpy/map/sources/tests/test_sot_source.py .......                       [ 45%]
sunpy/map/sources/tests/test_source_type.py ss                           [ 45%]
sunpy/map/sources/tests/test_swap_source.py ................             [ 46%]
sunpy/map/sources/tests/test_xrt_source.py .....                         [ 46%]
sunpy/map/tests/test_header.py .                                         [ 46%]
sunpy/map/tests/test_map_factory.py ....s......                          [ 47%]
sunpy/map/tests/test_mapbase.py ........................................ [ 50%]
......................                                                   [ 51%]
sunpy/map/tests/test_mapcube.py ....                                     [ 52%]
sunpy/net/fido_factory.py ..                                             [ 52%]
sunpy/net/helioviewer.py ...                                             [ 52%]
sunpy/net/dataretriever/sources/eve.py .                                 [ 52%]
sunpy/net/dataretriever/tests/test_client.py .                           [ 52%]
sunpy/net/dataretriever/tests/test_eve.py sss.ssss                       [ 53%]
sunpy/net/dataretriever/tests/test_goes_ud.py .....X.sssss.              [ 53%]
sunpy/net/dataretriever/tests/test_lyra_ud.py ......ssss                 [ 54%]
sunpy/net/dataretriever/tests/test_noaa.py ...sssss                      [ 55%]
sunpy/net/dataretriever/tests/test_norh.py sss.ss...ssss                 [ 55%]
sunpy/net/dataretriever/tests/test_rhessi.py sss.sssss                   [ 56%]
sunpy/net/hek2vso/hek2vso.py .....                                       [ 56%]
sunpy/net/helio/hec.py .....                                             [ 57%]
sunpy/net/helio/parser.py .....                                          [ 57%]
sunpy/net/jsoc/jsoc.py ..                                                [ 57%]
sunpy/net/jsoc/tests/test_attr.py ...........                            [ 58%]
sunpy/net/jsoc/tests/test_jsoc.py .........s.sssssssssss                 [ 59%]
sunpy/net/tests/test_attr.py ...                                         [ 60%]
sunpy/net/tests/test_download.py ssss                                    [ 60%]
sunpy/net/tests/test_fido.py .ss....s.......                             [ 61%]
sunpy/net/tests/test_hek.py ............                                 [ 62%]
sunpy/net/tests/test_hek2vso.py ss                                       [ 62%]
sunpy/net/tests/test_helio.py .ssssssssssssss                            [ 63%]
sunpy/net/tests/test_helioviewer.py sss                                  [ 63%]
sunpy/net/tests/test_util.py ...                                         [ 63%]
sunpy/net/tests/test_vso.py s...s...s............s............           [ 66%]
sunpy/net/vso/vso.py s...                                                [ 66%]
sunpy/physics/differential_rotation.py ..                                [ 66%]
sunpy/physics/solar_rotation.py F                                        [ 66%]
sunpy/physics/tests/test_differential_rotation.py ................       [ 67%]
sunpy/physics/tests/test_solar_rotation.py ..                            [ 67%]
sunpy/roi/chaincode.py .                                                 [ 67%]
sunpy/roi/roi.py .                                                       [ 67%]
sunpy/roi/tests/test_chaincode.py ...........                            [ 68%]
sunpy/roi/tests/test_roi.py .........                                    [ 69%]
sunpy/spectra/spectrum.py .                                              [ 69%]
sunpy/spectra/tests/test_callisto.py .sss..ss............s               [ 70%]
sunpy/spectra/tests/test_spectrogram.py ................................ [ 72%]
...                                                                      [ 73%]
sunpy/sun/constants.py .                                                 [ 73%]
sunpy/sun/tests/test_constants.py ...................................... [ 75%]
.....................                                                    [ 77%]
sunpy/sun/tests/test_sun.py ................                             [ 78%]
sunpy/tests/mocks.py ...                                                 [ 78%]
sunpy/tests/tests/test_main.py .........                                 [ 79%]
sunpy/time/time.py ...                                                   [ 79%]
sunpy/time/timerange.py ...                                              [ 79%]
sunpy/time/tests/test_julian.py ..............                           [ 80%]
sunpy/time/tests/test_time.py .....................                      [ 81%]
sunpy/time/tests/test_timerange.py ..............................        [ 83%]
sunpy/timeseries/metadata.py .                                           [ 83%]
sunpy/timeseries/timeseries_factory.py F                                 [ 83%]
sunpy/timeseries/timeseriesbase.py .                                     [ 83%]
sunpy/timeseries/sources/eve.py F                                        [ 84%]
sunpy/timeseries/sources/fermi_gbm.py .                                  [ 84%]
sunpy/timeseries/sources/goes.py F                                       [ 84%]
sunpy/timeseries/sources/lyra.py F                                       [ 84%]
sunpy/timeseries/sources/noaa.py FF                                      [ 84%]
sunpy/timeseries/sources/norh.py F                                       [ 84%]
sunpy/timeseries/sources/rhessi.py F                                     [ 84%]
sunpy/timeseries/tests/test_timeseries_factory.py ...................... [ 86%]
...........                                                              [ 86%]
sunpy/timeseries/tests/test_timeseriesbase.py .......................... [ 88%]
.........                                                                [ 89%]
sunpy/timeseries/tests/test_timeseriesmetadata.py ...................... [ 90%]
........................                                                 [ 92%]
sunpy/util/cond_dispatch.py .                                            [ 92%]
sunpy/util/net.py ..                                                     [ 92%]
sunpy/util/scraper.py ..                                                 [ 92%]
sunpy/util/tests/test_cond_dispatch.py ......                            [ 92%]
sunpy/util/tests/test_datatype_factory_base.py ......                    [ 93%]
sunpy/util/tests/test_metadata.py s....................                  [ 94%]
sunpy/util/tests/test_multimethod.py .....                               [ 95%]
sunpy/util/tests/test_scraper.py ..................Xsss                  [ 96%]
sunpy/util/tests/test_sysinfo.py .                                       [ 96%]
sunpy/util/tests/test_util.py ............                               [ 97%]
sunpy/util/tests/test_xml.py ....................                        [ 98%]
sunpy/visualization/tests/test_imageanimator.py ...                      [ 98%]
sunpy/wcs/wcs.py ......                                                  [ 99%]
sunpy/wcs/tests/test_wcs.py .........                                    [100%]

=================================== FAILURES ===================================
__________________ [doctest] sunpy.coordinates.utils.GreatArc __________________
065     Example
066     -------
067     >>> import matplotlib.pyplot as plt
068     >>> from astropy.coordinates import SkyCoord
069     >>> import astropy.units as u
070     >>> from sunpy.coordinates.utils import GreatArc
071     >>> import sunpy.map
072     >>> from sunpy.data.sample import AIA_171_IMAGE
073 
074     >>> m = sunpy.map.Map(AIA_171_IMAGE)
UNEXPECTED EXCEPTION: ValueError('File not found or invalid input',)
Traceback (most recent call last):

  File "/usr/lib/python3.6/doctest.py", line 1330, in __run
    compileflags, 1), test.globs)

  File "<doctest sunpy.coordinates.utils.GreatArc[6]>", line 1, in <module>

  File "/<<PKGBUILDDIR>>/sunpy/map/map_factory.py", line 261, in __call__
    data_header_pairs, already_maps = self._parse_args(*args, **kwargs)

  File "/<<PKGBUILDDIR>>/sunpy/map/map_factory.py", line 221, in _parse_args
    raise ValueError("File not found or invalid input")

ValueError: File not found or invalid input

/<<PKGBUILDDIR>>/sunpy/coordinates/utils.py:74: UnexpectedException
______________ [doctest] sunpy.database.tables.entries_from_file _______________
633         If a wavelength unit could be found but cannot be used to create an
634         instance of the type ``astropy.units.Unit``. This can be the case
635         for example if a FITS header has the key `WAVEUNIT` with the value
636         `nonsense`.
637 
638     Examples
639     --------
640     >>> from sunpy.database.tables import entries_from_file
641     >>> import sunpy.data.sample
642     >>> entries = list(entries_from_file(sunpy.data.sample.SWAP_LEVEL1_IMAGE))
UNEXPECTED EXCEPTION: ValueError('Empty filename: None',)
Traceback (most recent call last):

  File "/usr/lib/python3.6/doctest.py", line 1330, in __run
    compileflags, 1), test.globs)

  File "<doctest sunpy.database.tables.entries_from_file[2]>", line 1, in <module>

  File "/<<PKGBUILDDIR>>/sunpy/database/tables.py", line 656, in entries_from_file
    headers = fits.get_header(file)

  File "/<<PKGBUILDDIR>>/sunpy/io/fits.py", line 124, in get_header
    hdulist = fits.open(afile, ignore_blank=True)

  File "/usr/lib/python3/dist-packages/astropy/io/fits/hdu/hdulist.py", line 161, in fitsopen
    raise ValueError('Empty filename: {!r}'.format(name))

ValueError: Empty filename: None

/<<PKGBUILDDIR>>/sunpy/database/tables.py:642: UnexpectedException
________ [doctest] sunpy.instr.lyra.remove_lytaf_events_from_timeseries ________
102     [1] http://proba2.oma.be/data/TARDIS
103 
104     Examples
105     --------
106     Remove LARs (Large Angle Rotations) from TimeSeries for 4-Dec-2014:
107 
108         >>> import sunpy.timeseries as ts
109         >>> import sunpy.data.sample
110         >>> from sunpy.instr.lyra import remove_lytaf_events_from_timeseries
111         >>> lyrats = ts.TimeSeries(sunpy.data.sample.LYRA_LEVEL3_TIMESERIES, source='LYRA')
UNEXPECTED EXCEPTION: NoMatchError('File not found or invalid input',)
Traceback (most recent call last):

  File "/usr/lib/python3.6/doctest.py", line 1330, in __run
    compileflags, 1), test.globs)

  File "<doctest sunpy.instr.lyra.remove_lytaf_events_from_timeseries[3]>", line 1, in <module>

  File "/<<PKGBUILDDIR>>/sunpy/timeseries/timeseries_factory.py", line 405, in __call__
    already_timeseries, filepaths) = self._parse_args(*args, **kwargs)

  File "/<<PKGBUILDDIR>>/sunpy/timeseries/timeseries_factory.py", line 372, in _parse_args
    raise NoMatchError("File not found or invalid input")

sunpy.util.datatype_factory_base.NoMatchError: File not found or invalid input

/<<PKGBUILDDIR>>/sunpy/instr/lyra.py:111: UnexpectedException
________________ [doctest] sunpy.map.compositemap.CompositeMap _________________
059     plot(figure=None, overlays=None, draw_limb=False, gamma=1.0,
060     draw_grid=False, colorbar=True, basic_plot=False,title="SunPy Plot",
061     matplot_args)
062         Plots the composite map object using matplotlib
063 
064     Examples
065     --------
066     >>> import sunpy.map
067     >>> import sunpy.data.sample
068     >>> comp_map = sunpy.map.Map(sunpy.data.sample.AIA_171_IMAGE,
UNEXPECTED EXCEPTION: ValueError('File not found or invalid input',)
Traceback (most recent call last):

  File "/usr/lib/python3.6/doctest.py", line 1330, in __run
    compileflags, 1), test.globs)

  File "<doctest sunpy.map.compositemap.CompositeMap[2]>", line 3, in <module>

  File "/<<PKGBUILDDIR>>/sunpy/map/map_factory.py", line 261, in __call__
    data_header_pairs, already_maps = self._parse_args(*args, **kwargs)

  File "/<<PKGBUILDDIR>>/sunpy/map/map_factory.py", line 221, in _parse_args
    raise ValueError("File not found or invalid input")

ValueError: File not found or invalid input

/<<PKGBUILDDIR>>/sunpy/map/compositemap.py:68: UnexpectedException
__________________ [doctest] sunpy.map.map_factory.MapFactory __________________
048 
049     Map factory class.  Used to create a variety of Map objects.  Valid map types
050     are specified by registering them with the factory.
051 
052 
053     Examples
054     --------
055     >>> import sunpy.map
056     >>> import sunpy.data.sample
057     >>> mymap = sunpy.map.Map(sunpy.data.sample.AIA_171_IMAGE)
UNEXPECTED EXCEPTION: ValueError('File not found or invalid input',)
Traceback (most recent call last):

  File "/usr/lib/python3.6/doctest.py", line 1330, in __run
    compileflags, 1), test.globs)

  File "<doctest sunpy.map.map_factory.MapFactory[2]>", line 1, in <module>

  File "/<<PKGBUILDDIR>>/sunpy/map/map_factory.py", line 261, in __call__
    data_header_pairs, already_maps = self._parse_args(*args, **kwargs)

  File "/<<PKGBUILDDIR>>/sunpy/map/map_factory.py", line 221, in _parse_args
    raise ValueError("File not found or invalid input")

ValueError: File not found or invalid input

/<<PKGBUILDDIR>>/sunpy/map/map_factory.py:57: UnexpectedException
____________________ [doctest] sunpy.map.mapbase.GenericMap ____________________
094     ----------------
095     **kwargs :
096         Additional keyword arguments are passed to `~astropy.nddata.NDData`
097         init.
098 
099     Examples
100     --------
101     >>> import sunpy.map
102     >>> import sunpy.data.sample
103     >>> aia = sunpy.map.Map(sunpy.data.sample.AIA_171_IMAGE)
UNEXPECTED EXCEPTION: ValueError('File not found or invalid input',)
Traceback (most recent call last):

  File "/usr/lib/python3.6/doctest.py", line 1330, in __run
    compileflags, 1), test.globs)

  File "<doctest sunpy.map.mapbase.GenericMap[2]>", line 1, in <module>

  File "/<<PKGBUILDDIR>>/sunpy/map/map_factory.py", line 261, in __call__
    data_header_pairs, already_maps = self._parse_args(*args, **kwargs)

  File "/<<PKGBUILDDIR>>/sunpy/map/map_factory.py", line 221, in _parse_args
    raise ValueError("File not found or invalid input")

ValueError: File not found or invalid input

/<<PKGBUILDDIR>>/sunpy/map/mapbase.py:103: UnexpectedException
________________ [doctest] sunpy.map.mapbase.GenericMap.submap _________________
1198         out : `~sunpy.map.GenericMap` or subclass
1199             A new map instance is returned representing to specified
1200             sub-region.
1201 
1202         Examples
1203         --------
1204         >>> import astropy.units as u
1205         >>> import sunpy.map
1206         >>> import sunpy.data.sample
1207         >>> aia = sunpy.map.Map(sunpy.data.sample.AIA_171_IMAGE)
UNEXPECTED EXCEPTION: ValueError('File not found or invalid input',)
Traceback (most recent call last):

  File "/usr/lib/python3.6/doctest.py", line 1330, in __run
    compileflags, 1), test.globs)

  File "<doctest sunpy.map.mapbase.GenericMap.submap[3]>", line 1, in <module>

  File "/<<PKGBUILDDIR>>/sunpy/map/map_factory.py", line 261, in __call__
    data_header_pairs, already_maps = self._parse_args(*args, **kwargs)

  File "/<<PKGBUILDDIR>>/sunpy/map/map_factory.py", line 221, in _parse_args
    raise ValueError("File not found or invalid input")

ValueError: File not found or invalid input

/<<PKGBUILDDIR>>/sunpy/map/mapbase.py:1207: UnexpectedException
________ [doctest] sunpy.physics.solar_rotation.mapcube_solar_derotate _________
109     -------
110     output : `sunpy.map.MapCube`
111         The results of the shifts applied to the input mapcube.
112 
113     Examples
114     --------
115 
116     >>> from sunpy.physics.solar_rotation import mapcube_solar_derotate
117     >>> import sunpy.data.sample
118     >>> map1 = sunpy.map.Map(sunpy.data.sample.AIA_171_IMAGE)
UNEXPECTED EXCEPTION: ValueError('File not found or invalid input',)
Traceback (most recent call last):

  File "/usr/lib/python3.6/doctest.py", line 1330, in __run
    compileflags, 1), test.globs)

  File "<doctest sunpy.physics.solar_rotation.mapcube_solar_derotate[2]>", line 1, in <module>

  File "/<<PKGBUILDDIR>>/sunpy/map/map_factory.py", line 261, in __call__
    data_header_pairs, already_maps = self._parse_args(*args, **kwargs)

  File "/<<PKGBUILDDIR>>/sunpy/map/map_factory.py", line 221, in _parse_args
    raise ValueError("File not found or invalid input")

ValueError: File not found or invalid input

/<<PKGBUILDDIR>>/sunpy/physics/solar_rotation.py:118: UnexpectedException
_______ [doctest] sunpy.timeseries.timeseries_factory.TimeSeriesFactory ________
055 
056     concatenate : `bool`, optional, default:False
057         If set, combine any resulting list of TimeSeries objects into a single
058         TimeSeries, using successive concatenate methods.
059 
060     Examples
061     --------
062     >>> import sunpy.timeseries
063     >>> import sunpy.data.sample
064     >>> my_timeseries = sunpy.timeseries.TimeSeries(sunpy.data.sample.GOES_XRS_TIMESERIES)
UNEXPECTED EXCEPTION: NoMatchError('File not found or invalid input',)
Traceback (most recent call last):

  File "/usr/lib/python3.6/doctest.py", line 1330, in __run
    compileflags, 1), test.globs)

  File "<doctest sunpy.timeseries.timeseries_factory.TimeSeriesFactory[2]>", line 1, in <module>

  File "/<<PKGBUILDDIR>>/sunpy/timeseries/timeseries_factory.py", line 405, in __call__
    already_timeseries, filepaths) = self._parse_args(*args, **kwargs)

  File "/<<PKGBUILDDIR>>/sunpy/timeseries/timeseries_factory.py", line 372, in _parse_args
    raise NoMatchError("File not found or invalid input")

sunpy.util.datatype_factory_base.NoMatchError: File not found or invalid input

/<<PKGBUILDDIR>>/sunpy/timeseries/timeseries_factory.py:64: UnexpectedException
___________ [doctest] sunpy.timeseries.sources.eve.EVESpWxTimeSeries ___________
040     from ESP and MEGS-P broadband.
041 
042     Data is available starting on 2010/03/01.
043 
044     Examples
045     --------
046     >>> import sunpy.timeseries
047     >>> import sunpy.data.sample
048 
049     >>> eve = sunpy.timeseries.TimeSeries(sunpy.data.sample.EVE_TIMESERIES, source='EVE')
UNEXPECTED EXCEPTION: NoMatchError('File not found or invalid input',)
Traceback (most recent call last):

  File "/usr/lib/python3.6/doctest.py", line 1330, in __run
    compileflags, 1), test.globs)

  File "<doctest sunpy.timeseries.sources.eve.EVESpWxTimeSeries[2]>", line 1, in <module>

  File "/<<PKGBUILDDIR>>/sunpy/timeseries/timeseries_factory.py", line 405, in __call__
    already_timeseries, filepaths) = self._parse_args(*args, **kwargs)

  File "/<<PKGBUILDDIR>>/sunpy/timeseries/timeseries_factory.py", line 372, in _parse_args
    raise NoMatchError("File not found or invalid input")

sunpy.util.datatype_factory_base.NoMatchError: File not found or invalid input

/<<PKGBUILDDIR>>/sunpy/timeseries/sources/eve.py:49: UnexpectedException
____________ [doctest] sunpy.timeseries.sources.goes.XRSTimeSeries _____________
031     ray fluxes for the wavelength bands of 0.5 to 4 A\u030a (short channel)
032     and 1 to 8 A\u030a (long channel). Most recent data is usually available one or two days late.
033 
034     Data is available starting on 1981/01/01.
035 
036     Examples
037     --------
038     >>> import sunpy.timeseries
039     >>> import sunpy.data.sample
040     >>> goes = sunpy.timeseries.TimeSeries(sunpy.data.sample.GOES_XRS_TIMESERIES)
UNEXPECTED EXCEPTION: NoMatchError('File not found or invalid input',)
Traceback (most recent call last):

  File "/usr/lib/python3.6/doctest.py", line 1330, in __run
    compileflags, 1), test.globs)

  File "<doctest sunpy.timeseries.sources.goes.XRSTimeSeries[2]>", line 1, in <module>

  File "/<<PKGBUILDDIR>>/sunpy/timeseries/timeseries_factory.py", line 405, in __call__
    already_timeseries, filepaths) = self._parse_args(*args, **kwargs)

  File "/<<PKGBUILDDIR>>/sunpy/timeseries/timeseries_factory.py", line 372, in _parse_args
    raise NoMatchError("File not found or invalid input")

sunpy.util.datatype_factory_base.NoMatchError: File not found or invalid input

/<<PKGBUILDDIR>>/sunpy/timeseries/sources/goes.py:40: UnexpectedException
____________ [doctest] sunpy.timeseries.sources.lyra.LYRATimeSeries ____________
042     This class can hold either Level 2 data (the default) which
043     has sub-second resolution or Level 3 which is the Level 2 data averaged to
044     one minute cadence. The level can be specified with the ``level`` keyword
045     argument to `~sunpy.lightcurve.LyraLightCurve.create`.
046 
047     Examples
048     --------
049     >>> import sunpy.timeseries
050     >>> import sunpy.data.sample
051     >>> lyra = sunpy.timeseries.TimeSeries(sunpy.data.sample.LYRA_LEVEL3_TIMESERIES)
UNEXPECTED EXCEPTION: NoMatchError('File not found or invalid input',)
Traceback (most recent call last):

  File "/usr/lib/python3.6/doctest.py", line 1330, in __run
    compileflags, 1), test.globs)

  File "<doctest sunpy.timeseries.sources.lyra.LYRATimeSeries[2]>", line 1, in <module>

  File "/<<PKGBUILDDIR>>/sunpy/timeseries/timeseries_factory.py", line 405, in __call__
    already_timeseries, filepaths) = self._parse_args(*args, **kwargs)

  File "/<<PKGBUILDDIR>>/sunpy/timeseries/timeseries_factory.py", line 372, in _parse_args
    raise NoMatchError("File not found or invalid input")

sunpy.util.datatype_factory_base.NoMatchError: File not found or invalid input

/<<PKGBUILDDIR>>/sunpy/timeseries/sources/lyra.py:51: UnexpectedException
________ [doctest] sunpy.timeseries.sources.noaa.NOAAIndicesTimeSeries _________
032     * Radio flux at 10.7 cm is produced by
033       `Penticon/Ottawa <http://www.ngdc.noaa.gov/stp/solar/flux.html>`_ and the
034       units are in sfu.
035     * The Ap Geomagnetic Index is produced by the United States Air Force (USAF).
036 
037     Examples
038     --------
039     >>> import sunpy.timeseries
040     >>> import sunpy.data.sample
041     >>> noaa = sunpy.timeseries.TimeSeries(sunpy.data.sample.NOAAINDICES_TIMESERIES, source='NOAAIndices')
UNEXPECTED EXCEPTION: NoMatchError('File not found or invalid input',)
Traceback (most recent call last):

  File "/usr/lib/python3.6/doctest.py", line 1330, in __run
    compileflags, 1), test.globs)

  File "<doctest sunpy.timeseries.sources.noaa.NOAAIndicesTimeSeries[2]>", line 1, in <module>

  File "/<<PKGBUILDDIR>>/sunpy/timeseries/timeseries_factory.py", line 405, in __call__
    already_timeseries, filepaths) = self._parse_args(*args, **kwargs)

  File "/<<PKGBUILDDIR>>/sunpy/timeseries/timeseries_factory.py", line 372, in _parse_args
    raise NoMatchError("File not found or invalid input")

sunpy.util.datatype_factory_base.NoMatchError: File not found or invalid input

/<<PKGBUILDDIR>>/sunpy/timeseries/sources/noaa.py:41: UnexpectedException
_____ [doctest] sunpy.timeseries.sources.noaa.NOAAPredictIndicesTimeSeries _____
185     * The predicted RI sunspot number is the official International Sunspot
186       Number and is issued by the `Solar Influence Data Analysis Center (SDIC) <http://sidc.oma.be>`_ in Brussels, Belgium.
187     * The predicted radio flux at 10.7 cm is produced by
188       `Penticon/Ottawa <http://www.ngdc.noaa.gov/stp/solar/flux.html>`_ and the units are in sfu.
189 
190     Examples
191     --------
192     >>> import sunpy.timeseries
193     >>> import sunpy.data.sample
194     >>> noaa = sunpy.timeseries.TimeSeries(sunpy.data.sample.NOAAPREDICT_TIMESERIES, source='NOAAPredictIndices')
UNEXPECTED EXCEPTION: NoMatchError('File not found or invalid input',)
Traceback (most recent call last):

  File "/usr/lib/python3.6/doctest.py", line 1330, in __run
    compileflags, 1), test.globs)

  File "<doctest sunpy.timeseries.sources.noaa.NOAAPredictIndicesTimeSeries[2]>", line 1, in <module>

  File "/<<PKGBUILDDIR>>/sunpy/timeseries/timeseries_factory.py", line 405, in __call__
    already_timeseries, filepaths) = self._parse_args(*args, **kwargs)

  File "/<<PKGBUILDDIR>>/sunpy/timeseries/timeseries_factory.py", line 372, in _parse_args
    raise NoMatchError("File not found or invalid input")

sunpy.util.datatype_factory_base.NoMatchError: File not found or invalid input

/<<PKGBUILDDIR>>/sunpy/timeseries/sources/noaa.py:194: UnexpectedException
____________ [doctest] sunpy.timeseries.sources.norh.NoRHTimeSeries ____________
036     `35.941667, 138.475833 <https://www.google.com/maps/place/Nobeyama+radio+observatory/@35.9410098,138.470243,14z/data=!4m2!3m1!1s0x0:0xe5a3821a5f6a3c4b>`_.
037 
038     Its first observation was in April, 1992 and daily 8-hour observations are
039     available starting June, 1992.
040 
041     Examples
042     --------
043     >>> import sunpy.data.sample
044     >>> import sunpy.timeseries
045     >>> norh = sunpy.timeseries.TimeSeries(sunpy.data.sample.NORH_TIMESERIES, source='NoRH')
UNEXPECTED EXCEPTION: NoMatchError('File not found or invalid input',)
Traceback (most recent call last):

  File "/usr/lib/python3.6/doctest.py", line 1330, in __run
    compileflags, 1), test.globs)

  File "<doctest sunpy.timeseries.sources.norh.NoRHTimeSeries[2]>", line 1, in <module>

  File "/<<PKGBUILDDIR>>/sunpy/timeseries/timeseries_factory.py", line 405, in __call__
    already_timeseries, filepaths) = self._parse_args(*args, **kwargs)

  File "/<<PKGBUILDDIR>>/sunpy/timeseries/timeseries_factory.py", line 372, in _parse_args
    raise NoMatchError("File not found or invalid input")

sunpy.util.datatype_factory_base.NoMatchError: File not found or invalid input

/<<PKGBUILDDIR>>/sunpy/timeseries/sources/norh.py:45: UnexpectedException
______ [doctest] sunpy.timeseries.sources.rhessi.RHESSISummaryTimeSeries _______
041     * 800 - 7000 keV
042     * 7000 - 20000 keV
043 
044     RHESSI was launched on 5 February 2002.
045 
046     Examples
047     --------
048     >>> import sunpy.data.sample
049     >>> import sunpy.timeseries
050     >>> rhessi = sunpy.timeseries.TimeSeries(sunpy.data.sample.RHESSI_TIMESERIES)
UNEXPECTED EXCEPTION: NoMatchError('File not found or invalid input',)
Traceback (most recent call last):

  File "/usr/lib/python3.6/doctest.py", line 1330, in __run
    compileflags, 1), test.globs)

  File "<doctest sunpy.timeseries.sources.rhessi.RHESSISummaryTimeSeries[2]>", line 1, in <module>

  File "/<<PKGBUILDDIR>>/sunpy/timeseries/timeseries_factory.py", line 405, in __call__
    already_timeseries, filepaths) = self._parse_args(*args, **kwargs)

  File "/<<PKGBUILDDIR>>/sunpy/timeseries/timeseries_factory.py", line 372, in _parse_args
    raise NoMatchError("File not found or invalid input")

sunpy.util.datatype_factory_base.NoMatchError: File not found or invalid input

/<<PKGBUILDDIR>>/sunpy/timeseries/sources/rhessi.py:50: UnexpectedException
============================= 34 tests deselected ==============================
 16 failed, 1273 passed, 195 skipped, 34 deselected, 2 xpassed in 308.39 seconds 
make[1]: *** [debian/rules:16: override_dh_auto_test] Error 1
make[1]: Leaving directory '/<<PKGBUILDDIR>>'
make: *** [debian/rules:12: build-arch] Error 2
dpkg-buildpackage: error: debian/rules build-arch subprocess returned exit status 2
--------------------------------------------------------------------------------
Build finished at 2018-05-02T13:17:55Z

Finished
--------


+------------------------------------------------------------------------------+
| Cleanup                                                                      |
+------------------------------------------------------------------------------+

Purging /<<BUILDDIR>>
Not cleaning session: cloned chroot in use
E: Build failure (dpkg-buildpackage died)

+------------------------------------------------------------------------------+
| Summary                                                                      |
+------------------------------------------------------------------------------+

Build Architecture: amd64
Build Type: any
Build-Space: 50732
Build-Time: 586
Distribution: unstable
Fail-Stage: build
Host Architecture: amd64
Install-Time: 58
Job: sunpy_0.8.3-1
Machine Architecture: amd64
Package: sunpy
Package-Time: 659
Source-Version: 0.8.3-1
Space: 50732
Status: attempted
Version: 0.8.3-1
--------------------------------------------------------------------------------
Finished at 2018-05-02T13:17:55Z
Build needed 00:10:59, 50732k disk space
E: Build failure (dpkg-buildpackage died)
DC-Status: Failed 659.873364905s
DC-Time-Estimation: 659.873364905 versus expected 148 (r/m: 3.4586038169256756 ; m: 148.0)
