DC-Build-Header: thermald 1.7.0-6 / 2018-05-02 13:17:18 +0000
DC-Task: type:rebuild-binarch-only source:thermald version:1.7.0-6 chroot:unstable esttime:76 logfile:/tmp/thermald_1.7.0-6_unstable_clang60.log modes:clang60:binarch-only
DC-Sbuild-call: su user42 -c 'sbuild -n --arch-any --apt-update -d unstable -v  --chroot-setup-commands=/tmp/clang60 thermald_1.7.0-6'
sbuild (Debian sbuild) 0.73.0 (23 Dec 2016) on ip-172-31-9-141.eu-central-1.compute.internal

+==============================================================================+
| thermald 1.7.0-6 (amd64)                     Wed, 02 May 2018 13:17:18 +0000 |
+==============================================================================+

Package: thermald
Version: 1.7.0-6
Source Version: 1.7.0-6
Distribution: unstable
Machine Architecture: amd64
Host Architecture: amd64
Build Architecture: amd64
Build Type: any

I: NOTICE: Log filtering will replace 'var/run/schroot/mount/unstable-amd64-sbuild-050be5c1-e524-48fd-8e1c-9d0e78e730f0' with '<<CHROOT>>'

+------------------------------------------------------------------------------+
| Chroot Setup Commands                                                        |
+------------------------------------------------------------------------------+


/tmp/clang60
------------

+ echo 'Entering customization script...'
Entering customization script...
+ CLANG_VERSION=6.0
+ echo 'Install of clang-6.0'
Install of clang-6.0
+ apt-get update
Get:1 http://127.0.0.1:9999/debian unstable InRelease [242 kB]
Get:2 http://127.0.0.1:9999/debian unstable/main Sources.diff/Index [27.9 kB]
Get:3 http://127.0.0.1:9999/debian unstable/main amd64 Packages.diff/Index [27.9 kB]
Get:4 http://127.0.0.1:9999/debian unstable/main Sources 2018-05-02-0830.09.pdiff [16.2 kB]
Get:4 http://127.0.0.1:9999/debian unstable/main Sources 2018-05-02-0830.09.pdiff [16.2 kB]
Get:5 http://127.0.0.1:9999/debian unstable/main amd64 Packages 2018-05-02-0830.09.pdiff [1781 B]
Get:5 http://127.0.0.1:9999/debian unstable/main amd64 Packages 2018-05-02-0830.09.pdiff [1781 B]
Get:6 http://127.0.0.1:9999/debian unstable/main Translation-en [6016 kB]
Fetched 6332 kB in 2s (3503 kB/s)
Reading package lists...
+ apt-get install --yes --no-install-recommends --force-yes clang-6.0
Reading package lists...
Building dependency tree...
Reading state information...
The following additional packages will be installed:
  lib32gcc1 lib32stdc++6 libbsd0 libc6-i386 libclang-common-6.0-dev
  libclang1-6.0 libedit2 libjsoncpp1 libllvm6.0 libncurses5 libobjc-7-dev
  libobjc4
Suggested packages:
  gnustep gnustep-devel clang-6.0-doc
Recommended packages:
  llvm-6.0-dev python libomp-dev libgpm2
The following NEW packages will be installed:
  clang-6.0 lib32gcc1 lib32stdc++6 libbsd0 libc6-i386 libclang-common-6.0-dev
  libclang1-6.0 libedit2 libjsoncpp1 libllvm6.0 libncurses5 libobjc-7-dev
  libobjc4
0 upgraded, 13 newly installed, 0 to remove and 0 not upgraded.
Need to get 37.7 MB of archives.
After this operation, 187 MB of additional disk space will be used.
Get:1 http://127.0.0.1:9999/debian unstable/main amd64 libjsoncpp1 amd64 1.7.4-3 [75.6 kB]
Get:2 http://127.0.0.1:9999/debian unstable/main amd64 libbsd0 amd64 0.8.7-1 [92.1 kB]
Get:3 http://127.0.0.1:9999/debian unstable/main amd64 libncurses5 amd64 6.1+20180210-2 [95.7 kB]
Get:4 http://127.0.0.1:9999/debian unstable/main amd64 libedit2 amd64 3.1-20170329-1 [85.2 kB]
Get:5 http://127.0.0.1:9999/debian unstable/main amd64 libllvm6.0 amd64 1:6.0-3 [14.5 MB]
Get:6 http://127.0.0.1:9999/debian unstable/main amd64 libobjc4 amd64 8-20180425-1 [52.4 kB]
Get:7 http://127.0.0.1:9999/debian unstable/main amd64 libobjc-7-dev amd64 7.3.0-17 [204 kB]
Get:8 http://127.0.0.1:9999/debian unstable/main amd64 libc6-i386 amd64 2.27-3 [2855 kB]
Get:9 http://127.0.0.1:9999/debian unstable/main amd64 lib32gcc1 amd64 1:8-20180425-1 [47.8 kB]
Get:10 http://127.0.0.1:9999/debian unstable/main amd64 lib32stdc++6 amd64 8-20180425-1 [406 kB]
Get:11 http://127.0.0.1:9999/debian unstable/main amd64 libclang-common-6.0-dev amd64 1:6.0-3 [3102 kB]
Get:12 http://127.0.0.1:9999/debian unstable/main amd64 libclang1-6.0 amd64 1:6.0-3 [6995 kB]
Get:13 http://127.0.0.1:9999/debian unstable/main amd64 clang-6.0 amd64 1:6.0-3 [9175 kB]
debconf: delaying package configuration, since apt-utils is not installed
Fetched 37.7 MB in 0s (98.5 MB/s)
Selecting previously unselected package libjsoncpp1:amd64.
(Reading database ... (Reading database ... 5%(Reading database ... 10%(Reading database ... 15%(Reading database ... 20%(Reading database ... 25%(Reading database ... 30%(Reading database ... 35%(Reading database ... 40%(Reading database ... 45%(Reading database ... 50%(Reading database ... 55%(Reading database ... 60%(Reading database ... 65%(Reading database ... 70%(Reading database ... 75%(Reading database ... 80%(Reading database ... 85%(Reading database ... 90%(Reading database ... 95%(Reading database ... 100%(Reading database ... 10022 files and directories currently installed.)
Preparing to unpack .../00-libjsoncpp1_1.7.4-3_amd64.deb ...
Unpacking libjsoncpp1:amd64 (1.7.4-3) ...
Selecting previously unselected package libbsd0:amd64.
Preparing to unpack .../01-libbsd0_0.8.7-1_amd64.deb ...
Unpacking libbsd0:amd64 (0.8.7-1) ...
Selecting previously unselected package libncurses5:amd64.
Preparing to unpack .../02-libncurses5_6.1+20180210-2_amd64.deb ...
Unpacking libncurses5:amd64 (6.1+20180210-2) ...
Selecting previously unselected package libedit2:amd64.
Preparing to unpack .../03-libedit2_3.1-20170329-1_amd64.deb ...
Unpacking libedit2:amd64 (3.1-20170329-1) ...
Selecting previously unselected package libllvm6.0:amd64.
Preparing to unpack .../04-libllvm6.0_1%3a6.0-3_amd64.deb ...
Unpacking libllvm6.0:amd64 (1:6.0-3) ...
Selecting previously unselected package libobjc4:amd64.
Preparing to unpack .../05-libobjc4_8-20180425-1_amd64.deb ...
Unpacking libobjc4:amd64 (8-20180425-1) ...
Selecting previously unselected package libobjc-7-dev:amd64.
Preparing to unpack .../06-libobjc-7-dev_7.3.0-17_amd64.deb ...
Unpacking libobjc-7-dev:amd64 (7.3.0-17) ...
Selecting previously unselected package libc6-i386.
Preparing to unpack .../07-libc6-i386_2.27-3_amd64.deb ...
Unpacking libc6-i386 (2.27-3) ...
Selecting previously unselected package lib32gcc1.
Preparing to unpack .../08-lib32gcc1_1%3a8-20180425-1_amd64.deb ...
Unpacking lib32gcc1 (1:8-20180425-1) ...
Selecting previously unselected package lib32stdc++6.
Preparing to unpack .../09-lib32stdc++6_8-20180425-1_amd64.deb ...
Unpacking lib32stdc++6 (8-20180425-1) ...
Selecting previously unselected package libclang-common-6.0-dev.
Preparing to unpack .../10-libclang-common-6.0-dev_1%3a6.0-3_amd64.deb ...
Unpacking libclang-common-6.0-dev (1:6.0-3) ...
Selecting previously unselected package libclang1-6.0:amd64.
Preparing to unpack .../11-libclang1-6.0_1%3a6.0-3_amd64.deb ...
Unpacking libclang1-6.0:amd64 (1:6.0-3) ...
Selecting previously unselected package clang-6.0.
Preparing to unpack .../12-clang-6.0_1%3a6.0-3_amd64.deb ...
Unpacking clang-6.0 (1:6.0-3) ...
Setting up libncurses5:amd64 (6.1+20180210-2) ...
Setting up libobjc4:amd64 (8-20180425-1) ...
Setting up libc6-i386 (2.27-3) ...
Setting up libbsd0:amd64 (0.8.7-1) ...
Setting up libobjc-7-dev:amd64 (7.3.0-17) ...
Processing triggers for libc-bin (2.27-3) ...
Setting up lib32gcc1 (1:8-20180425-1) ...
Setting up libjsoncpp1:amd64 (1.7.4-3) ...
Setting up libedit2:amd64 (3.1-20170329-1) ...
Setting up libllvm6.0:amd64 (1:6.0-3) ...
Setting up libclang1-6.0:amd64 (1:6.0-3) ...
Setting up lib32stdc++6 (8-20180425-1) ...
Setting up libclang-common-6.0-dev (1:6.0-3) ...
Setting up clang-6.0 (1:6.0-3) ...
Processing triggers for libc-bin (2.27-3) ...
W: --force-yes is deprecated, use one of the options starting with --allow instead.
+ echo 'Replace gcc, g++ & cpp by clang'
Replace gcc, g++ & cpp by clang
+ VERSIONS='4.6 4.7 4.8 4.9 5 6 7 8'
+ cd /usr/bin
+ for VERSION in $VERSIONS
+ rm -f g++-4.6 gcc-4.6 cpp-4.6 gcc
+ ln -s clang++-6.0 g++-4.6
+ ln -s clang-6.0 gcc-4.6
+ ln -s clang-6.0 cpp-4.6
+ ln -s clang-6.0 gcc
+ echo 'gcc-4.6 hold'
+ dpkg --set-selections
dpkg: warning: package not in status nor available database at line 1: gcc-4.6
dpkg: warning: found unknown packages; this might mean the available database
is outdated, and needs to be updated through a frontend method;
please see the FAQ <https://wiki.debian.org/Teams/Dpkg/FAQ>
+ echo 'g++-4.6 hold'
+ dpkg --set-selections
dpkg: warning: package not in status nor available database at line 1: g++-4.6
dpkg: warning: found unknown packages; this might mean the available database
is outdated, and needs to be updated through a frontend method;
please see the FAQ <https://wiki.debian.org/Teams/Dpkg/FAQ>
+ for VERSION in $VERSIONS
+ rm -f g++-4.7 gcc-4.7 cpp-4.7 gcc
+ ln -s clang++-6.0 g++-4.7
+ ln -s clang-6.0 gcc-4.7
+ ln -s clang-6.0 cpp-4.7
+ ln -s clang-6.0 gcc
+ echo 'gcc-4.7 hold'
+ dpkg --set-selections
dpkg: warning: package not in status nor available database at line 1: gcc-4.7
dpkg: warning: found unknown packages; this might mean the available database
is outdated, and needs to be updated through a frontend method;
please see the FAQ <https://wiki.debian.org/Teams/Dpkg/FAQ>
+ echo 'g++-4.7 hold'
+ dpkg --set-selections
dpkg: warning: package not in status nor available database at line 1: g++-4.7
dpkg: warning: found unknown packages; this might mean the available database
is outdated, and needs to be updated through a frontend method;
please see the FAQ <https://wiki.debian.org/Teams/Dpkg/FAQ>
+ for VERSION in $VERSIONS
+ rm -f g++-4.8 gcc-4.8 cpp-4.8 gcc
+ ln -s clang++-6.0 g++-4.8
+ ln -s clang-6.0 gcc-4.8
+ ln -s clang-6.0 cpp-4.8
+ ln -s clang-6.0 gcc
+ echo 'gcc-4.8 hold'
+ dpkg --set-selections
dpkg: warning: package not in status nor available database at line 1: gcc-4.8
dpkg: warning: found unknown packages; this might mean the available database
is outdated, and needs to be updated through a frontend method;
please see the FAQ <https://wiki.debian.org/Teams/Dpkg/FAQ>
+ echo 'g++-4.8 hold'
+ dpkg --set-selections
dpkg: warning: package not in status nor available database at line 1: g++-4.8
dpkg: warning: found unknown packages; this might mean the available database
is outdated, and needs to be updated through a frontend method;
please see the FAQ <https://wiki.debian.org/Teams/Dpkg/FAQ>
+ for VERSION in $VERSIONS
+ rm -f g++-4.9 gcc-4.9 cpp-4.9 gcc
+ ln -s clang++-6.0 g++-4.9
+ ln -s clang-6.0 gcc-4.9
+ ln -s clang-6.0 cpp-4.9
+ ln -s clang-6.0 gcc
+ echo 'gcc-4.9 hold'
+ dpkg --set-selections
dpkg: warning: package not in status nor available database at line 1: gcc-4.9
dpkg: warning: found unknown packages; this might mean the available database
is outdated, and needs to be updated through a frontend method;
please see the FAQ <https://wiki.debian.org/Teams/Dpkg/FAQ>
+ echo 'g++-4.9 hold'
+ dpkg --set-selections
dpkg: warning: package not in status nor available database at line 1: g++-4.9
dpkg: warning: found unknown packages; this might mean the available database
is outdated, and needs to be updated through a frontend method;
please see the FAQ <https://wiki.debian.org/Teams/Dpkg/FAQ>
+ for VERSION in $VERSIONS
+ rm -f g++-5 gcc-5 cpp-5 gcc
+ ln -s clang++-6.0 g++-5
+ ln -s clang-6.0 gcc-5
+ ln -s clang-6.0 cpp-5
+ ln -s clang-6.0 gcc
+ echo 'gcc-5 hold'
+ dpkg --set-selections
+ echo 'g++-5 hold'
+ dpkg --set-selections
+ for VERSION in $VERSIONS
+ rm -f g++-6 gcc-6 cpp-6 gcc
+ ln -s clang++-6.0 g++-6
+ ln -s clang-6.0 gcc-6
+ ln -s clang-6.0 cpp-6
+ ln -s clang-6.0 gcc
+ echo 'gcc-6 hold'
+ dpkg --set-selections
dpkg: warning: package not in status nor available database at line 1: gcc-6
dpkg: warning: found unknown packages; this might mean the available database
is outdated, and needs to be updated through a frontend method;
please see the FAQ <https://wiki.debian.org/Teams/Dpkg/FAQ>
+ echo 'g++-6 hold'
+ dpkg --set-selections
dpkg: warning: package not in status nor available database at line 1: g++-6
dpkg: warning: found unknown packages; this might mean the available database
is outdated, and needs to be updated through a frontend method;
please see the FAQ <https://wiki.debian.org/Teams/Dpkg/FAQ>
+ for VERSION in $VERSIONS
+ rm -f g++-7 gcc-7 cpp-7 gcc
+ ln -s clang++-6.0 g++-7
+ ln -s clang-6.0 gcc-7
+ ln -s clang-6.0 cpp-7
+ ln -s clang-6.0 gcc
+ echo 'gcc-7 hold'
+ dpkg --set-selections
+ echo 'g++-7 hold'
+ dpkg --set-selections
+ for VERSION in $VERSIONS
+ rm -f g++-8 gcc-8 cpp-8 gcc
+ ln -s clang++-6.0 g++-8
+ ln -s clang-6.0 gcc-8
+ ln -s clang-6.0 cpp-8
+ ln -s clang-6.0 gcc
+ echo 'gcc-8 hold'
+ dpkg --set-selections
dpkg: warning: package not in status nor available database at line 1: gcc-8
dpkg: warning: found unknown packages; this might mean the available database
is outdated, and needs to be updated through a frontend method;
please see the FAQ <https://wiki.debian.org/Teams/Dpkg/FAQ>
+ echo 'g++-8 hold'
+ dpkg --set-selections
dpkg: warning: package not in status nor available database at line 1: g++-8
dpkg: warning: found unknown packages; this might mean the available database
is outdated, and needs to be updated through a frontend method;
please see the FAQ <https://wiki.debian.org/Teams/Dpkg/FAQ>
+ cd -
/build/thermald-6aN0l8
+ echo 'Check if gcc, g++ & cpp are actually clang'
Check if gcc, g++ & cpp are actually clang
+ gcc --version
+ grep clang
+ cpp --version
+ grep clang
+ g++ --version
+ grep clang

I: Finished running '/tmp/clang60'.

Finished processing commands.
--------------------------------------------------------------------------------

+------------------------------------------------------------------------------+
| Update chroot                                                                |
+------------------------------------------------------------------------------+

Hit:1 http://127.0.0.1:9999/debian unstable InRelease
Reading package lists...
Reading package lists...
Building dependency tree...
Reading state information...
Calculating upgrade...
0 upgraded, 0 newly installed, 0 to remove and 0 not upgraded.

+------------------------------------------------------------------------------+
| Fetch source files                                                           |
+------------------------------------------------------------------------------+


Check APT
---------

Checking available source versions...

Download source files with APT
------------------------------

Reading package lists...
Need to get 327 kB of source archives.
Get:1 http://127.0.0.1:9999/debian unstable/main thermald 1.7.0-6 (dsc) [1812 B]
Get:2 http://127.0.0.1:9999/debian unstable/main thermald 1.7.0-6 (tar) [316 kB]
Get:3 http://127.0.0.1:9999/debian unstable/main thermald 1.7.0-6 (diff) [8828 B]
Fetched 327 kB in 0s (2666 kB/s)
Download complete and in download only mode
I: NOTICE: Log filtering will replace 'build/thermald-6aN0l8/thermald-1.7.0' with '<<PKGBUILDDIR>>'
I: NOTICE: Log filtering will replace 'build/thermald-6aN0l8' with '<<BUILDDIR>>'

+------------------------------------------------------------------------------+
| Install build-essential                                                      |
+------------------------------------------------------------------------------+


Setup apt archive
-----------------

Merged Build-Depends: build-essential, fakeroot
Filtered Build-Depends: build-essential, fakeroot
dpkg-deb: building package 'sbuild-build-depends-core-dummy' in '/<<BUILDDIR>>/resolver-MErJYJ/apt_archive/sbuild-build-depends-core-dummy.deb'.
dpkg-scanpackages: warning: Packages in archive but missing from override file:
dpkg-scanpackages: warning:   sbuild-build-depends-core-dummy
dpkg-scanpackages: info: Wrote 1 entries to output Packages file.
Ign:1 copy:/<<BUILDDIR>>/resolver-MErJYJ/apt_archive ./ InRelease
Get:2 copy:/<<BUILDDIR>>/resolver-MErJYJ/apt_archive ./ Release [957 B]
Ign:3 copy:/<<BUILDDIR>>/resolver-MErJYJ/apt_archive ./ Release.gpg
Get:4 copy:/<<BUILDDIR>>/resolver-MErJYJ/apt_archive ./ Sources [349 B]
Get:5 copy:/<<BUILDDIR>>/resolver-MErJYJ/apt_archive ./ Packages [433 B]
Fetched 1739 B in 0s (0 B/s)
Reading package lists...
Reading package lists...

Install core build dependencies (apt-based resolver)
----------------------------------------------------

Installing build dependencies
Reading package lists...
Building dependency tree...
Reading state information...
The following NEW packages will be installed:
  sbuild-build-depends-core-dummy
0 upgraded, 1 newly installed, 0 to remove and 0 not upgraded.
Need to get 856 B of archives.
After this operation, 0 B of additional disk space will be used.
Get:1 copy:/<<BUILDDIR>>/resolver-MErJYJ/apt_archive ./ sbuild-build-depends-core-dummy 0.invalid.0 [856 B]
debconf: delaying package configuration, since apt-utils is not installed
Fetched 856 B in 0s (0 B/s)
Selecting previously unselected package sbuild-build-depends-core-dummy.
(Reading database ... 10771 files and directories currently installed.)
Preparing to unpack .../sbuild-build-depends-core-dummy_0.invalid.0_amd64.deb ...
Unpacking sbuild-build-depends-core-dummy (0.invalid.0) ...
Setting up sbuild-build-depends-core-dummy (0.invalid.0) ...

+------------------------------------------------------------------------------+
| Check architectures                                                          |
+------------------------------------------------------------------------------+

Arch check ok (amd64 included in i386 amd64)

+------------------------------------------------------------------------------+
| Install package build dependencies                                           |
+------------------------------------------------------------------------------+


Setup apt archive
-----------------

Merged Build-Depends: debhelper (>= 10), quilt, autoconf, libglib2.0-dev, libdbus-1-dev, libdbus-glib-1-dev, libxml2-dev
Filtered Build-Depends: debhelper (>= 10), quilt, autoconf, libglib2.0-dev, libdbus-1-dev, libdbus-glib-1-dev, libxml2-dev
dpkg-deb: building package 'sbuild-build-depends-thermald-dummy' in '/<<BUILDDIR>>/resolver-MErJYJ/apt_archive/sbuild-build-depends-thermald-dummy.deb'.
dpkg-scanpackages: warning: Packages in archive but missing from override file:
dpkg-scanpackages: warning:   sbuild-build-depends-core-dummy sbuild-build-depends-thermald-dummy
dpkg-scanpackages: info: Wrote 2 entries to output Packages file.
Ign:1 copy:/<<BUILDDIR>>/resolver-MErJYJ/apt_archive ./ InRelease
Get:2 copy:/<<BUILDDIR>>/resolver-MErJYJ/apt_archive ./ Release [963 B]
Ign:3 copy:/<<BUILDDIR>>/resolver-MErJYJ/apt_archive ./ Release.gpg
Get:4 copy:/<<BUILDDIR>>/resolver-MErJYJ/apt_archive ./ Sources [525 B]
Get:5 copy:/<<BUILDDIR>>/resolver-MErJYJ/apt_archive ./ Packages [608 B]
Fetched 2096 B in 0s (0 B/s)
Reading package lists...
Reading package lists...

Install thermald build dependencies (apt-based resolver)
--------------------------------------------------------

Installing build dependencies
Reading package lists...
Building dependency tree...
Reading state information...
The following additional packages will be installed:
  autoconf automake autopoint autotools-dev bsdmainutils debhelper
  dh-autoreconf dh-strip-nondeterminism diffstat file gettext gettext-base
  groff-base icu-devtools intltool-debian libarchive-zip-perl libcroco3
  libdbus-1-3 libdbus-1-dev libdbus-glib-1-2 libdbus-glib-1-dev libelf1
  libexpat1 libfile-stripnondeterminism-perl libglib2.0-0 libglib2.0-bin
  libglib2.0-data libglib2.0-dev libglib2.0-dev-bin libicu-dev libicu57
  libmagic-mgc libmagic1 libmpdec2 libncursesw6 libpcre16-3 libpcre3-dev
  libpcre32-3 libpcrecpp0v5 libpipeline1 libpython3-stdlib
  libpython3.6-minimal libpython3.6-stdlib libreadline7 libsigsegv2
  libsqlite3-0 libssl1.1 libtimedate-perl libtool libxml2 libxml2-dev m4
  man-db mime-support pkg-config po-debconf python3 python3-distutils
  python3-lib2to3 python3-minimal python3.6 python3.6-minimal quilt
  readline-common zlib1g-dev
Suggested packages:
  autoconf-archive gnu-standards autoconf-doc wamerican | wordlist whois
  vacation dh-make dwz gettext-doc libasprintf-dev libgettextpo-dev groff
  libglib2.0-doc icu-doc libtool-doc gfortran | fortran95-compiler gcj-jdk
  m4-doc apparmor less www-browser libmail-box-perl python3-doc python3-tk
  python3-venv python3.6-venv python3.6-doc binfmt-support procmail graphviz
  default-mta | mail-transport-agent readline-doc
Recommended packages:
  curl | wget | lynx dbus libarchive-cpio-perl shared-mime-info xdg-user-dirs
  libgpm2 libltdl-dev libmail-sendmail-perl less
The following NEW packages will be installed:
  autoconf automake autopoint autotools-dev bsdmainutils debhelper
  dh-autoreconf dh-strip-nondeterminism diffstat file gettext gettext-base
  groff-base icu-devtools intltool-debian libarchive-zip-perl libcroco3
  libdbus-1-3 libdbus-1-dev libdbus-glib-1-2 libdbus-glib-1-dev libelf1
  libexpat1 libfile-stripnondeterminism-perl libglib2.0-0 libglib2.0-bin
  libglib2.0-data libglib2.0-dev libglib2.0-dev-bin libicu-dev libicu57
  libmagic-mgc libmagic1 libmpdec2 libncursesw6 libpcre16-3 libpcre3-dev
  libpcre32-3 libpcrecpp0v5 libpipeline1 libpython3-stdlib
  libpython3.6-minimal libpython3.6-stdlib libreadline7 libsigsegv2
  libsqlite3-0 libssl1.1 libtimedate-perl libtool libxml2 libxml2-dev m4
  man-db mime-support pkg-config po-debconf python3 python3-distutils
  python3-lib2to3 python3-minimal python3.6 python3.6-minimal quilt
  readline-common sbuild-build-depends-thermald-dummy zlib1g-dev
0 upgraded, 66 newly installed, 0 to remove and 0 not upgraded.
Need to get 56.5 MB of archives.
After this operation, 229 MB of additional disk space will be used.
Get:1 copy:/<<BUILDDIR>>/resolver-MErJYJ/apt_archive ./ sbuild-build-depends-thermald-dummy 0.invalid.0 [896 B]
Get:2 http://127.0.0.1:9999/debian unstable/main amd64 bsdmainutils amd64 11.1.2 [190 kB]
Get:3 http://127.0.0.1:9999/debian unstable/main amd64 groff-base amd64 1.22.3-10 [1176 kB]
Get:4 http://127.0.0.1:9999/debian unstable/main amd64 libpipeline1 amd64 1.5.0-1 [29.0 kB]
Get:5 http://127.0.0.1:9999/debian unstable/main amd64 man-db amd64 2.8.3-2 [1180 kB]
Get:6 http://127.0.0.1:9999/debian unstable/main amd64 libssl1.1 amd64 1.1.0h-2 [1352 kB]
Get:7 http://127.0.0.1:9999/debian unstable/main amd64 libpython3.6-minimal amd64 3.6.5-5 [572 kB]
Get:8 http://127.0.0.1:9999/debian unstable/main amd64 libexpat1 amd64 2.2.5-3 [96.8 kB]
Get:9 http://127.0.0.1:9999/debian unstable/main amd64 python3.6-minimal amd64 3.6.5-5 [1728 kB]
Get:10 http://127.0.0.1:9999/debian unstable/main amd64 python3-minimal amd64 3.6.5-3 [36.2 kB]
Get:11 http://127.0.0.1:9999/debian unstable/main amd64 mime-support all 3.60 [36.7 kB]
Get:12 http://127.0.0.1:9999/debian unstable/main amd64 libmpdec2 amd64 2.4.2-2 [87.2 kB]
Get:13 http://127.0.0.1:9999/debian unstable/main amd64 libncursesw6 amd64 6.1+20180210-2 [131 kB]
Get:14 http://127.0.0.1:9999/debian unstable/main amd64 readline-common all 7.0-3 [70.4 kB]
Get:15 http://127.0.0.1:9999/debian unstable/main amd64 libreadline7 amd64 7.0-3+b1 [151 kB]
Get:16 http://127.0.0.1:9999/debian unstable/main amd64 libsqlite3-0 amd64 3.23.1-1 [603 kB]
Get:17 http://127.0.0.1:9999/debian unstable/main amd64 libpython3.6-stdlib amd64 3.6.5-5 [1730 kB]
Get:18 http://127.0.0.1:9999/debian unstable/main amd64 python3.6 amd64 3.6.5-5 [229 kB]
Get:19 http://127.0.0.1:9999/debian unstable/main amd64 libpython3-stdlib amd64 3.6.5-3 [19.7 kB]
Get:20 http://127.0.0.1:9999/debian unstable/main amd64 python3 amd64 3.6.5-3 [24.1 kB]
Get:21 http://127.0.0.1:9999/debian unstable/main amd64 libmagic-mgc amd64 1:5.33-2 [234 kB]
Get:22 http://127.0.0.1:9999/debian unstable/main amd64 libmagic1 amd64 1:5.33-2 [113 kB]
Get:23 http://127.0.0.1:9999/debian unstable/main amd64 file amd64 1:5.33-2 [65.6 kB]
Get:24 http://127.0.0.1:9999/debian unstable/main amd64 gettext-base amd64 0.19.8.1-6 [122 kB]
Get:25 http://127.0.0.1:9999/debian unstable/main amd64 libsigsegv2 amd64 2.12-2 [32.8 kB]
Get:26 http://127.0.0.1:9999/debian unstable/main amd64 m4 amd64 1.4.18-1 [202 kB]
Get:27 http://127.0.0.1:9999/debian unstable/main amd64 autoconf all 2.69-11 [341 kB]
Get:28 http://127.0.0.1:9999/debian unstable/main amd64 autotools-dev all 20180224.1 [77.0 kB]
Get:29 http://127.0.0.1:9999/debian unstable/main amd64 automake all 1:1.15.1-3.1 [736 kB]
Get:30 http://127.0.0.1:9999/debian unstable/main amd64 autopoint all 0.19.8.1-6 [434 kB]
Get:31 http://127.0.0.1:9999/debian unstable/main amd64 libtool all 2.4.6-2.1 [547 kB]
Get:32 http://127.0.0.1:9999/debian unstable/main amd64 dh-autoreconf all 17 [16.5 kB]
Get:33 http://127.0.0.1:9999/debian unstable/main amd64 libarchive-zip-perl all 1.60-1 [95.6 kB]
Get:34 http://127.0.0.1:9999/debian unstable/main amd64 libfile-stripnondeterminism-perl all 0.041-1 [19.9 kB]
Get:35 http://127.0.0.1:9999/debian unstable/main amd64 libtimedate-perl all 2.3000-2 [42.2 kB]
Get:36 http://127.0.0.1:9999/debian unstable/main amd64 dh-strip-nondeterminism all 0.041-1 [12.0 kB]
Get:37 http://127.0.0.1:9999/debian unstable/main amd64 libglib2.0-0 amd64 2.56.1-2 [2928 kB]
Get:38 http://127.0.0.1:9999/debian unstable/main amd64 libicu57 amd64 57.1-9 [7698 kB]
Get:39 http://127.0.0.1:9999/debian unstable/main amd64 libxml2 amd64 2.9.4+dfsg1-6.1 [725 kB]
Get:40 http://127.0.0.1:9999/debian unstable/main amd64 libcroco3 amd64 0.6.12-2 [144 kB]
Get:41 http://127.0.0.1:9999/debian unstable/main amd64 gettext amd64 0.19.8.1-6 [1302 kB]
Get:42 http://127.0.0.1:9999/debian unstable/main amd64 intltool-debian all 0.35.0+20060710.4 [26.3 kB]
Get:43 http://127.0.0.1:9999/debian unstable/main amd64 po-debconf all 1.0.20 [247 kB]
Get:44 http://127.0.0.1:9999/debian unstable/main amd64 debhelper all 11.2.1 [1013 kB]
Get:45 http://127.0.0.1:9999/debian unstable/main amd64 diffstat amd64 1.61-1+b1 [32.8 kB]
Get:46 http://127.0.0.1:9999/debian unstable/main amd64 icu-devtools amd64 57.1-9 [177 kB]
Get:47 http://127.0.0.1:9999/debian unstable/main amd64 libdbus-1-3 amd64 1.12.8-1 [209 kB]
Get:48 http://127.0.0.1:9999/debian unstable/main amd64 pkg-config amd64 0.29-4+b1 [63.3 kB]
Get:49 http://127.0.0.1:9999/debian unstable/main amd64 libdbus-1-dev amd64 1.12.8-1 [246 kB]
Get:50 http://127.0.0.1:9999/debian unstable/main amd64 libdbus-glib-1-2 amd64 0.110-2 [204 kB]
Get:51 http://127.0.0.1:9999/debian unstable/main amd64 libelf1 amd64 0.170-0.4 [162 kB]
Get:52 http://127.0.0.1:9999/debian unstable/main amd64 libglib2.0-data all 2.56.1-2 [2671 kB]
Get:53 http://127.0.0.1:9999/debian unstable/main amd64 libglib2.0-bin amd64 2.56.1-2 [1702 kB]
Get:54 http://127.0.0.1:9999/debian unstable/main amd64 python3-lib2to3 all 3.6.5-3 [78.7 kB]
Get:55 http://127.0.0.1:9999/debian unstable/main amd64 python3-distutils all 3.6.5-3 [144 kB]
Get:56 http://127.0.0.1:9999/debian unstable/main amd64 libglib2.0-dev-bin amd64 2.56.1-2 [1735 kB]
Get:57 http://127.0.0.1:9999/debian unstable/main amd64 libpcre16-3 amd64 2:8.39-9 [257 kB]
Get:58 http://127.0.0.1:9999/debian unstable/main amd64 libpcre32-3 amd64 2:8.39-9 [248 kB]
Get:59 http://127.0.0.1:9999/debian unstable/main amd64 libpcrecpp0v5 amd64 2:8.39-9 [152 kB]
Get:60 http://127.0.0.1:9999/debian unstable/main amd64 libpcre3-dev amd64 2:8.39-9 [647 kB]
Get:61 http://127.0.0.1:9999/debian unstable/main amd64 zlib1g-dev amd64 1:1.2.11.dfsg-1 [214 kB]
Get:62 http://127.0.0.1:9999/debian unstable/main amd64 libglib2.0-dev amd64 2.56.1-2 [3015 kB]
Get:63 http://127.0.0.1:9999/debian unstable/main amd64 libdbus-glib-1-dev amd64 0.110-2 [243 kB]
Get:64 http://127.0.0.1:9999/debian unstable/main amd64 libicu-dev amd64 57.1-9 [16.6 MB]
Get:65 http://127.0.0.1:9999/debian unstable/main amd64 libxml2-dev amd64 2.9.4+dfsg1-6.1 [821 kB]
Get:66 http://127.0.0.1:9999/debian unstable/main amd64 quilt all 0.63-8.2 [308 kB]
debconf: delaying package configuration, since apt-utils is not installed
Fetched 56.5 MB in 1s (91.7 MB/s)
Selecting previously unselected package bsdmainutils.
(Reading database ... 10771 files and directories currently installed.)
Preparing to unpack .../00-bsdmainutils_11.1.2_amd64.deb ...
Unpacking bsdmainutils (11.1.2) ...
Selecting previously unselected package groff-base.
Preparing to unpack .../01-groff-base_1.22.3-10_amd64.deb ...
Unpacking groff-base (1.22.3-10) ...
Selecting previously unselected package libpipeline1:amd64.
Preparing to unpack .../02-libpipeline1_1.5.0-1_amd64.deb ...
Unpacking libpipeline1:amd64 (1.5.0-1) ...
Selecting previously unselected package man-db.
Preparing to unpack .../03-man-db_2.8.3-2_amd64.deb ...
Unpacking man-db (2.8.3-2) ...
Selecting previously unselected package libssl1.1:amd64.
Preparing to unpack .../04-libssl1.1_1.1.0h-2_amd64.deb ...
Unpacking libssl1.1:amd64 (1.1.0h-2) ...
Selecting previously unselected package libpython3.6-minimal:amd64.
Preparing to unpack .../05-libpython3.6-minimal_3.6.5-5_amd64.deb ...
Unpacking libpython3.6-minimal:amd64 (3.6.5-5) ...
Selecting previously unselected package libexpat1:amd64.
Preparing to unpack .../06-libexpat1_2.2.5-3_amd64.deb ...
Unpacking libexpat1:amd64 (2.2.5-3) ...
Selecting previously unselected package python3.6-minimal.
Preparing to unpack .../07-python3.6-minimal_3.6.5-5_amd64.deb ...
Unpacking python3.6-minimal (3.6.5-5) ...
Selecting previously unselected package python3-minimal.
Preparing to unpack .../08-python3-minimal_3.6.5-3_amd64.deb ...
Unpacking python3-minimal (3.6.5-3) ...
Selecting previously unselected package mime-support.
Preparing to unpack .../09-mime-support_3.60_all.deb ...
Unpacking mime-support (3.60) ...
Selecting previously unselected package libmpdec2:amd64.
Preparing to unpack .../10-libmpdec2_2.4.2-2_amd64.deb ...
Unpacking libmpdec2:amd64 (2.4.2-2) ...
Selecting previously unselected package libncursesw6:amd64.
Preparing to unpack .../11-libncursesw6_6.1+20180210-2_amd64.deb ...
Unpacking libncursesw6:amd64 (6.1+20180210-2) ...
Selecting previously unselected package readline-common.
Preparing to unpack .../12-readline-common_7.0-3_all.deb ...
Unpacking readline-common (7.0-3) ...
Selecting previously unselected package libreadline7:amd64.
Preparing to unpack .../13-libreadline7_7.0-3+b1_amd64.deb ...
Unpacking libreadline7:amd64 (7.0-3+b1) ...
Selecting previously unselected package libsqlite3-0:amd64.
Preparing to unpack .../14-libsqlite3-0_3.23.1-1_amd64.deb ...
Unpacking libsqlite3-0:amd64 (3.23.1-1) ...
Selecting previously unselected package libpython3.6-stdlib:amd64.
Preparing to unpack .../15-libpython3.6-stdlib_3.6.5-5_amd64.deb ...
Unpacking libpython3.6-stdlib:amd64 (3.6.5-5) ...
Selecting previously unselected package python3.6.
Preparing to unpack .../16-python3.6_3.6.5-5_amd64.deb ...
Unpacking python3.6 (3.6.5-5) ...
Selecting previously unselected package libpython3-stdlib:amd64.
Preparing to unpack .../17-libpython3-stdlib_3.6.5-3_amd64.deb ...
Unpacking libpython3-stdlib:amd64 (3.6.5-3) ...
Setting up libssl1.1:amd64 (1.1.0h-2) ...
Setting up libpython3.6-minimal:amd64 (3.6.5-5) ...
Setting up libexpat1:amd64 (2.2.5-3) ...
Setting up python3.6-minimal (3.6.5-5) ...
Setting up python3-minimal (3.6.5-3) ...
Selecting previously unselected package python3.
(Reading database ... 12103 files and directories currently installed.)
Preparing to unpack .../00-python3_3.6.5-3_amd64.deb ...
Unpacking python3 (3.6.5-3) ...
Selecting previously unselected package libmagic-mgc.
Preparing to unpack .../01-libmagic-mgc_1%3a5.33-2_amd64.deb ...
Unpacking libmagic-mgc (1:5.33-2) ...
Selecting previously unselected package libmagic1:amd64.
Preparing to unpack .../02-libmagic1_1%3a5.33-2_amd64.deb ...
Unpacking libmagic1:amd64 (1:5.33-2) ...
Selecting previously unselected package file.
Preparing to unpack .../03-file_1%3a5.33-2_amd64.deb ...
Unpacking file (1:5.33-2) ...
Selecting previously unselected package gettext-base.
Preparing to unpack .../04-gettext-base_0.19.8.1-6_amd64.deb ...
Unpacking gettext-base (0.19.8.1-6) ...
Selecting previously unselected package libsigsegv2:amd64.
Preparing to unpack .../05-libsigsegv2_2.12-2_amd64.deb ...
Unpacking libsigsegv2:amd64 (2.12-2) ...
Selecting previously unselected package m4.
Preparing to unpack .../06-m4_1.4.18-1_amd64.deb ...
Unpacking m4 (1.4.18-1) ...
Selecting previously unselected package autoconf.
Preparing to unpack .../07-autoconf_2.69-11_all.deb ...
Unpacking autoconf (2.69-11) ...
Selecting previously unselected package autotools-dev.
Preparing to unpack .../08-autotools-dev_20180224.1_all.deb ...
Unpacking autotools-dev (20180224.1) ...
Selecting previously unselected package automake.
Preparing to unpack .../09-automake_1%3a1.15.1-3.1_all.deb ...
Unpacking automake (1:1.15.1-3.1) ...
Selecting previously unselected package autopoint.
Preparing to unpack .../10-autopoint_0.19.8.1-6_all.deb ...
Unpacking autopoint (0.19.8.1-6) ...
Selecting previously unselected package libtool.
Preparing to unpack .../11-libtool_2.4.6-2.1_all.deb ...
Unpacking libtool (2.4.6-2.1) ...
Selecting previously unselected package dh-autoreconf.
Preparing to unpack .../12-dh-autoreconf_17_all.deb ...
Unpacking dh-autoreconf (17) ...
Selecting previously unselected package libarchive-zip-perl.
Preparing to unpack .../13-libarchive-zip-perl_1.60-1_all.deb ...
Unpacking libarchive-zip-perl (1.60-1) ...
Selecting previously unselected package libfile-stripnondeterminism-perl.
Preparing to unpack .../14-libfile-stripnondeterminism-perl_0.041-1_all.deb ...
Unpacking libfile-stripnondeterminism-perl (0.041-1) ...
Selecting previously unselected package libtimedate-perl.
Preparing to unpack .../15-libtimedate-perl_2.3000-2_all.deb ...
Unpacking libtimedate-perl (2.3000-2) ...
Selecting previously unselected package dh-strip-nondeterminism.
Preparing to unpack .../16-dh-strip-nondeterminism_0.041-1_all.deb ...
Unpacking dh-strip-nondeterminism (0.041-1) ...
Selecting previously unselected package libglib2.0-0:amd64.
Preparing to unpack .../17-libglib2.0-0_2.56.1-2_amd64.deb ...
Unpacking libglib2.0-0:amd64 (2.56.1-2) ...
Selecting previously unselected package libicu57:amd64.
Preparing to unpack .../18-libicu57_57.1-9_amd64.deb ...
Unpacking libicu57:amd64 (57.1-9) ...
Selecting previously unselected package libxml2:amd64.
Preparing to unpack .../19-libxml2_2.9.4+dfsg1-6.1_amd64.deb ...
Unpacking libxml2:amd64 (2.9.4+dfsg1-6.1) ...
Selecting previously unselected package libcroco3:amd64.
Preparing to unpack .../20-libcroco3_0.6.12-2_amd64.deb ...
Unpacking libcroco3:amd64 (0.6.12-2) ...
Selecting previously unselected package gettext.
Preparing to unpack .../21-gettext_0.19.8.1-6_amd64.deb ...
Unpacking gettext (0.19.8.1-6) ...
Selecting previously unselected package intltool-debian.
Preparing to unpack .../22-intltool-debian_0.35.0+20060710.4_all.deb ...
Unpacking intltool-debian (0.35.0+20060710.4) ...
Selecting previously unselected package po-debconf.
Preparing to unpack .../23-po-debconf_1.0.20_all.deb ...
Unpacking po-debconf (1.0.20) ...
Selecting previously unselected package debhelper.
Preparing to unpack .../24-debhelper_11.2.1_all.deb ...
Unpacking debhelper (11.2.1) ...
Selecting previously unselected package diffstat.
Preparing to unpack .../25-diffstat_1.61-1+b1_amd64.deb ...
Unpacking diffstat (1.61-1+b1) ...
Selecting previously unselected package icu-devtools.
Preparing to unpack .../26-icu-devtools_57.1-9_amd64.deb ...
Unpacking icu-devtools (57.1-9) ...
Selecting previously unselected package libdbus-1-3:amd64.
Preparing to unpack .../27-libdbus-1-3_1.12.8-1_amd64.deb ...
Unpacking libdbus-1-3:amd64 (1.12.8-1) ...
Selecting previously unselected package pkg-config.
Preparing to unpack .../28-pkg-config_0.29-4+b1_amd64.deb ...
Unpacking pkg-config (0.29-4+b1) ...
Selecting previously unselected package libdbus-1-dev:amd64.
Preparing to unpack .../29-libdbus-1-dev_1.12.8-1_amd64.deb ...
Unpacking libdbus-1-dev:amd64 (1.12.8-1) ...
Selecting previously unselected package libdbus-glib-1-2:amd64.
Preparing to unpack .../30-libdbus-glib-1-2_0.110-2_amd64.deb ...
Unpacking libdbus-glib-1-2:amd64 (0.110-2) ...
Selecting previously unselected package libelf1:amd64.
Preparing to unpack .../31-libelf1_0.170-0.4_amd64.deb ...
Unpacking libelf1:amd64 (0.170-0.4) ...
Selecting previously unselected package libglib2.0-data.
Preparing to unpack .../32-libglib2.0-data_2.56.1-2_all.deb ...
Unpacking libglib2.0-data (2.56.1-2) ...
Selecting previously unselected package libglib2.0-bin.
Preparing to unpack .../33-libglib2.0-bin_2.56.1-2_amd64.deb ...
Unpacking libglib2.0-bin (2.56.1-2) ...
Selecting previously unselected package python3-lib2to3.
Preparing to unpack .../34-python3-lib2to3_3.6.5-3_all.deb ...
Unpacking python3-lib2to3 (3.6.5-3) ...
Selecting previously unselected package python3-distutils.
Preparing to unpack .../35-python3-distutils_3.6.5-3_all.deb ...
Unpacking python3-distutils (3.6.5-3) ...
Selecting previously unselected package libglib2.0-dev-bin.
Preparing to unpack .../36-libglib2.0-dev-bin_2.56.1-2_amd64.deb ...
Unpacking libglib2.0-dev-bin (2.56.1-2) ...
Selecting previously unselected package libpcre16-3:amd64.
Preparing to unpack .../37-libpcre16-3_2%3a8.39-9_amd64.deb ...
Unpacking libpcre16-3:amd64 (2:8.39-9) ...
Selecting previously unselected package libpcre32-3:amd64.
Preparing to unpack .../38-libpcre32-3_2%3a8.39-9_amd64.deb ...
Unpacking libpcre32-3:amd64 (2:8.39-9) ...
Selecting previously unselected package libpcrecpp0v5:amd64.
Preparing to unpack .../39-libpcrecpp0v5_2%3a8.39-9_amd64.deb ...
Unpacking libpcrecpp0v5:amd64 (2:8.39-9) ...
Selecting previously unselected package libpcre3-dev:amd64.
Preparing to unpack .../40-libpcre3-dev_2%3a8.39-9_amd64.deb ...
Unpacking libpcre3-dev:amd64 (2:8.39-9) ...
Selecting previously unselected package zlib1g-dev:amd64.
Preparing to unpack .../41-zlib1g-dev_1%3a1.2.11.dfsg-1_amd64.deb ...
Unpacking zlib1g-dev:amd64 (1:1.2.11.dfsg-1) ...
Selecting previously unselected package libglib2.0-dev:amd64.
Preparing to unpack .../42-libglib2.0-dev_2.56.1-2_amd64.deb ...
Unpacking libglib2.0-dev:amd64 (2.56.1-2) ...
Selecting previously unselected package libdbus-glib-1-dev.
Preparing to unpack .../43-libdbus-glib-1-dev_0.110-2_amd64.deb ...
Unpacking libdbus-glib-1-dev (0.110-2) ...
Selecting previously unselected package libicu-dev.
Preparing to unpack .../44-libicu-dev_57.1-9_amd64.deb ...
Unpacking libicu-dev (57.1-9) ...
Selecting previously unselected package libxml2-dev:amd64.
Preparing to unpack .../45-libxml2-dev_2.9.4+dfsg1-6.1_amd64.deb ...
Unpacking libxml2-dev:amd64 (2.9.4+dfsg1-6.1) ...
Selecting previously unselected package quilt.
Preparing to unpack .../46-quilt_0.63-8.2_all.deb ...
Unpacking quilt (0.63-8.2) ...
Selecting previously unselected package sbuild-build-depends-thermald-dummy.
Preparing to unpack .../47-sbuild-build-depends-thermald-dummy_0.invalid.0_amd64.deb ...
Unpacking sbuild-build-depends-thermald-dummy (0.invalid.0) ...
Setting up readline-common (7.0-3) ...
Setting up libarchive-zip-perl (1.60-1) ...
Setting up mime-support (3.60) ...
Setting up libtimedate-perl (2.3000-2) ...
Setting up libsigsegv2:amd64 (2.12-2) ...
Setting up libreadline7:amd64 (7.0-3+b1) ...
Setting up libelf1:amd64 (0.170-0.4) ...
Setting up groff-base (1.22.3-10) ...
Setting up libglib2.0-0:amd64 (2.56.1-2) ...
No schema files found: doing nothing.
Setting up libncursesw6:amd64 (6.1+20180210-2) ...
Setting up gettext-base (0.19.8.1-6) ...
Setting up libpipeline1:amd64 (1.5.0-1) ...
Setting up m4 (1.4.18-1) ...
Setting up libicu57:amd64 (57.1-9) ...
Setting up libxml2:amd64 (2.9.4+dfsg1-6.1) ...
Setting up libmagic-mgc (1:5.33-2) ...
Setting up libmagic1:amd64 (1:5.33-2) ...
Setting up libcroco3:amd64 (0.6.12-2) ...
Setting up pkg-config (0.29-4+b1) ...
Setting up libglib2.0-data (2.56.1-2) ...
Processing triggers for libc-bin (2.27-3) ...
Setting up autotools-dev (20180224.1) ...
Setting up libsqlite3-0:amd64 (3.23.1-1) ...
Setting up libpcrecpp0v5:amd64 (2:8.39-9) ...
Setting up libpcre32-3:amd64 (2:8.39-9) ...
Setting up icu-devtools (57.1-9) ...
Setting up libpcre16-3:amd64 (2:8.39-9) ...
Setting up bsdmainutils (11.1.2) ...
update-alternatives: using /usr/bin/bsd-write to provide /usr/bin/write (write) in auto mode
update-alternatives: using /usr/bin/bsd-from to provide /usr/bin/from (from) in auto mode
Setting up libglib2.0-bin (2.56.1-2) ...
Setting up diffstat (1.61-1+b1) ...
Setting up autopoint (0.19.8.1-6) ...
Setting up libmpdec2:amd64 (2.4.2-2) ...
Setting up libdbus-1-3:amd64 (1.12.8-1) ...
Setting up zlib1g-dev:amd64 (1:1.2.11.dfsg-1) ...
Setting up libfile-stripnondeterminism-perl (0.041-1) ...
Setting up libpython3.6-stdlib:amd64 (3.6.5-5) ...
Setting up libdbus-1-dev:amd64 (1.12.8-1) ...
Setting up libpcre3-dev:amd64 (2:8.39-9) ...
Setting up python3.6 (3.6.5-5) ...
Setting up gettext (0.19.8.1-6) ...
Setting up libdbus-glib-1-2:amd64 (0.110-2) ...
Setting up autoconf (2.69-11) ...
Setting up libicu-dev (57.1-9) ...
Setting up file (1:5.33-2) ...
Setting up libxml2-dev:amd64 (2.9.4+dfsg1-6.1) ...
Setting up intltool-debian (0.35.0+20060710.4) ...
Setting up automake (1:1.15.1-3.1) ...
update-alternatives: using /usr/bin/automake-1.15 to provide /usr/bin/automake (automake) in auto mode
Setting up man-db (2.8.3-2) ...
Not building database; man-db/auto-update is not 'true'.
Setting up libtool (2.4.6-2.1) ...
Setting up libpython3-stdlib:amd64 (3.6.5-3) ...
Setting up quilt (0.63-8.2) ...
Setting up po-debconf (1.0.20) ...
Setting up python3 (3.6.5-3) ...
Setting up python3-lib2to3 (3.6.5-3) ...
Setting up python3-distutils (3.6.5-3) ...
Setting up libglib2.0-dev-bin (2.56.1-2) ...
Setting up libglib2.0-dev:amd64 (2.56.1-2) ...
Setting up libdbus-glib-1-dev (0.110-2) ...
Setting up dh-autoreconf (17) ...
Setting up dh-strip-nondeterminism (0.041-1) ...
Setting up debhelper (11.2.1) ...
Setting up sbuild-build-depends-thermald-dummy (0.invalid.0) ...
Processing triggers for libc-bin (2.27-3) ...

+------------------------------------------------------------------------------+
| Build environment                                                            |
+------------------------------------------------------------------------------+

Kernel: Linux 4.9.0-5-amd64 amd64 (x86_64)
Toolchain package versions: binutils_2.30-16 dpkg-dev_1.19.0.5 g++-7_7.3.0-17 gcc-7_7.3.0-17 libc6-dev_2.27-3 libstdc++-7-dev_7.3.0-17 libstdc++6_8-20180425-1 linux-libc-dev_4.15.17-1
Package versions: adduser_3.117 apt_1.6.1 autoconf_2.69-11 automake_1:1.15.1-3.1 autopoint_0.19.8.1-6 autotools-dev_20180224.1 base-files_10.1 base-passwd_3.5.45 bash_4.4.18-2 binutils_2.30-16 binutils-common_2.30-16 binutils-x86-64-linux-gnu_2.30-16 bsdmainutils_11.1.2 bsdutils_1:2.31.1-0.5 build-essential_12.5 bzip2_1.0.6-8.1 clang-6.0_1:6.0-3 coreutils_8.28-1 cpp_4:7.3.0-3 cpp-7_7.3.0-17 dash_0.5.8-2.10 debconf_1.5.66 debfoster_2.7-2.1+b1 debhelper_11.2.1 debian-archive-keyring_2017.7 debianutils_4.8.4 dh-autoreconf_17 dh-strip-nondeterminism_0.041-1 diffstat_1.61-1+b1 diffutils_1:3.6-1 dpkg_1.19.0.5 dpkg-dev_1.19.0.5 e2fslibs_1.44.1-2 e2fsprogs_1.44.1-2 eatmydata_105-6 fakeroot_1.22-2 fdisk_2.31.1-0.5 file_1:5.33-2 findutils_4.6.0+git+20171230-2 g++_4:7.3.0-3 g++-7_7.3.0-17 gcc_4:7.3.0-3 gcc-6-base_6.4.0-17 gcc-7_7.3.0-17 gcc-7-base_7.3.0-17 gcc-8-base_8-20180425-1 gettext_0.19.8.1-6 gettext-base_0.19.8.1-6 gpgv_2.2.5-1 grep_3.1-2 groff-base_1.22.3-10 gzip_1.6-5+b1 hostname_3.20 icu-devtools_57.1-9 init-system-helpers_1.51 intltool-debian_0.35.0+20060710.4 lib32gcc1_1:8-20180425-1 lib32stdc++6_8-20180425-1 libacl1_2.2.52-3+b1 libapt-pkg5.0_1.6.1 libarchive-zip-perl_1.60-1 libasan4_7.3.0-17 libatomic1_8-20180425-1 libattr1_1:2.4.47-2+b2 libaudit-common_1:2.8.3-1 libaudit1_1:2.8.3-1 libbinutils_2.30-16 libblkid1_2.31.1-0.5 libbsd0_0.8.7-1 libbz2-1.0_1.0.6-8.1 libc-bin_2.27-3 libc-dev-bin_2.27-3 libc6_2.27-3 libc6-dev_2.27-3 libc6-i386_2.27-3 libcap-ng0_0.7.9-1 libcc1-0_8-20180425-1 libcilkrts5_7.3.0-17 libclang-common-6.0-dev_1:6.0-3 libclang1-6.0_1:6.0-3 libcom-err2_1.44.1-2 libcomerr2_1.44.1-2 libcroco3_0.6.12-2 libdb5.3_5.3.28-13.1+b1 libdbus-1-3_1.12.8-1 libdbus-1-dev_1.12.8-1 libdbus-glib-1-2_0.110-2 libdbus-glib-1-dev_0.110-2 libdebconfclient0_0.243 libdpkg-perl_1.19.0.5 libeatmydata1_105-6 libedit2_3.1-20170329-1 libelf1_0.170-0.4 libexpat1_2.2.5-3 libext2fs2_1.44.1-2 libfakeroot_1.22-2 libfdisk1_2.31.1-0.5 libffi6_3.2.1-8 libfile-stripnondeterminism-perl_0.041-1 libgc1c2_1:7.4.2-8.2 libgcc-7-dev_7.3.0-17 libgcc1_1:8-20180425-1 libgcrypt20_1.8.2-2 libgdbm-compat4_1.14.1-6 libgdbm3_1.8.3-14 libgdbm5_1.14.1-6 libglib2.0-0_2.56.1-2 libglib2.0-bin_2.56.1-2 libglib2.0-data_2.56.1-2 libglib2.0-dev_2.56.1-2 libglib2.0-dev-bin_2.56.1-2 libgmp10_2:6.1.2+dfsg-3 libgnutls30_3.5.18-1 libgomp1_8-20180425-1 libgpg-error0_1.29-4 libhogweed4_3.4-1 libicu-dev_57.1-9 libicu57_57.1-9 libidn2-0_2.0.4-1.1 libisl15_0.18-4 libisl19_0.19-1 libitm1_8-20180425-1 libjsoncpp1_1.7.4-3 libllvm6.0_1:6.0-3 liblsan0_8-20180425-1 liblz4-1_1.8.1.2-1 liblzma5_5.2.2-1.3 libmagic-mgc_1:5.33-2 libmagic1_1:5.33-2 libmount1_2.31.1-0.5 libmpc3_1.1.0-1 libmpdec2_2.4.2-2 libmpfr4_3.1.6-1 libmpfr6_4.0.1-1 libmpx2_8-20180425-1 libncurses5_6.1+20180210-2 libncursesw5_6.1+20180210-2 libncursesw6_6.1+20180210-2 libnettle6_3.4-1 libobjc-7-dev_7.3.0-17 libobjc4_8-20180425-1 libp11-kit0_0.23.10-2 libpam-modules_1.1.8-3.7 libpam-modules-bin_1.1.8-3.7 libpam-runtime_1.1.8-3.7 libpam0g_1.1.8-3.7 libpcre16-3_2:8.39-9 libpcre3_2:8.39-9 libpcre3-dev_2:8.39-9 libpcre32-3_2:8.39-9 libpcrecpp0v5_2:8.39-9 libperl5.26_5.26.2-3 libpipeline1_1.5.0-1 libpython3-stdlib_3.6.5-3 libpython3.6-minimal_3.6.5-5 libpython3.6-stdlib_3.6.5-5 libquadmath0_8-20180425-1 libreadline7_7.0-3+b1 libseccomp2_2.3.3-1 libselinux1_2.7-2+b2 libsemanage-common_2.7-2 libsemanage1_2.7-2+b2 libsepol1_2.7-1 libsigsegv2_2.12-2 libsmartcols1_2.31.1-0.5 libsqlite3-0_3.23.1-1 libss2_1.44.1-2 libssl1.1_1.1.0h-2 libstdc++-7-dev_7.3.0-17 libstdc++6_8-20180425-1 libsystemd0_238-4 libtasn1-6_4.13-2 libtimedate-perl_2.3000-2 libtinfo5_6.1+20180210-2 libtinfo6_6.1+20180210-2 libtool_2.4.6-2.1 libtsan0_8-20180425-1 libubsan0_7.3.0-17 libudev1_238-4 libunistring2_0.9.8-1 libustr-1.0-1_1.0.4-6 libuuid1_2.31.1-0.5 libxml2_2.9.4+dfsg1-6.1 libxml2-dev_2.9.4+dfsg1-6.1 libzstd1_1.3.4+dfsg-1 linux-libc-dev_4.15.17-1 login_1:4.5-1 m4_1.4.18-1 make_4.2.1-1 man-db_2.8.3-2 mawk_1.3.3-17+b3 mime-support_3.60 mount_2.31.1-0.5 multiarch-support_2.27-3 ncurses-base_6.1+20180210-2 ncurses-bin_6.1+20180210-2 passwd_1:4.5-1 patch_2.7.6-2 perl_5.26.2-3 perl-base_5.26.2-3 perl-modules-5.26_5.26.2-3 pkg-config_0.29-4+b1 po-debconf_1.0.20 python3_3.6.5-3 python3-distutils_3.6.5-3 python3-lib2to3_3.6.5-3 python3-minimal_3.6.5-3 python3.6_3.6.5-5 python3.6-minimal_3.6.5-5 quilt_0.63-8.2 readline-common_7.0-3 sbuild-build-depends-core-dummy_0.invalid.0 sbuild-build-depends-thermald-dummy_0.invalid.0 sed_4.4-2 sensible-utils_0.0.12 sysvinit-utils_2.88dsf-59.10 tar_1.30+dfsg-1 util-linux_2.31.1-0.5 xz-utils_5.2.2-1.3 zlib1g_1:1.2.11.dfsg-1 zlib1g-dev_1:1.2.11.dfsg-1

+------------------------------------------------------------------------------+
| Build                                                                        |
+------------------------------------------------------------------------------+


Unpack source
-------------

gpgv: unknown type of key resource 'trustedkeys.kbx'
gpgv: keyblock resource '/sbuild-nonexistent/.gnupg/trustedkeys.kbx': General error
gpgv: Signature made Fri Apr 20 01:22:10 2018 UTC
gpgv:                using RSA key 7062DAA4F001B9C6616700CF68C287DFC6A80226
gpgv: Can't check signature: No public key
dpkg-source: warning: failed to verify signature on ./thermald_1.7.0-6.dsc
dpkg-source: info: extracting thermald in /<<PKGBUILDDIR>>
dpkg-source: info: unpacking thermald_1.7.0.orig.tar.xz
dpkg-source: info: unpacking thermald_1.7.0-6.debian.tar.xz
dpkg-source: info: applying 0001-Remove-upstart-support.patch
dpkg-source: info: applying 0002-Don-t-keep-on-reading-a-sensor-if-the-temperature-is.patch
dpkg-source: info: applying 0003-thermald-fix-uninitialised-member.patch

Check disk space
----------------

Sufficient free space for build

User Environment
----------------

APT_CONFIG=/var/lib/sbuild/apt.conf
HOME=/sbuild-nonexistent
LANG=en_US.UTF-8
LC_ALL=POSIX
LOGNAME=user42
PATH=/usr/local/sbin:/usr/local/bin:/usr/sbin:/usr/bin:/sbin:/bin:/usr/games
SCHROOT_ALIAS_NAME=unstable-amd64-sbuild
SCHROOT_CHROOT_NAME=unstable-amd64-sbuild
SCHROOT_COMMAND=env
SCHROOT_GID=1001
SCHROOT_GROUP=user42
SCHROOT_SESSION_ID=unstable-amd64-sbuild-050be5c1-e524-48fd-8e1c-9d0e78e730f0
SCHROOT_UID=1001
SCHROOT_USER=user42
SHELL=/bin/sh
USER=user42

dpkg-buildpackage
-----------------

dpkg-buildpackage: info: source package thermald
dpkg-buildpackage: info: source version 1.7.0-6
dpkg-buildpackage: info: source distribution unstable
dpkg-buildpackage: info: source changed by Colin King <colin.king@canonical.com>
 dpkg-source --before-build thermald-1.7.0
dpkg-buildpackage: info: host architecture amd64
 fakeroot debian/rules clean
dh clean --with autoreconf,systemd
   dh_clean
 debian/rules build-arch
dh build-arch --with autoreconf,systemd
   dh_update_autotools_config -a
   dh_autoreconf -a
configure.ac:56: installing 'build-aux/compile'
configure.ac:13: installing 'build-aux/install-sh'
configure.ac:13: installing 'build-aux/missing'
Makefile.am: installing 'build-aux/depcomp'
   debian/rules override_dh_auto_configure
make[1]: Entering directory '/<<PKGBUILDDIR>>'
dh_auto_configure -- --with-systemdsystemunitdir=/lib/systemd/system
	./configure --build=x86_64-linux-gnu --prefix=/usr --includedir=\${prefix}/include --mandir=\${prefix}/share/man --infodir=\${prefix}/share/info --sysconfdir=/etc --localstatedir=/var --disable-silent-rules --libdir=\${prefix}/lib/x86_64-linux-gnu --libexecdir=\${prefix}/lib/x86_64-linux-gnu --disable-maintainer-mode --disable-dependency-tracking --with-systemdsystemunitdir=/lib/systemd/system
checking for a BSD-compatible install... /usr/bin/install -c
checking whether build environment is sane... yes
checking for a thread-safe mkdir -p... /bin/mkdir -p
checking for gawk... no
checking for mawk... mawk
checking whether make sets $(MAKE)... yes
checking whether make supports nested variables... yes
checking whether to enable maintainer-specific portions of Makefiles... no
checking for pkg-config... /usr/bin/pkg-config
checking pkg-config is at least version 0.9.0... yes

System paths:
  prefix: /usr
  exec_prefix: NONE
  systemdunitdir: /lib/systemd/system
  tdbinary: ${exec_prefix}/sbin/thermald
  tdconfdir: /etc/thermald
  tdrundir: /var/run/thermald

checking for style of include used by make... GNU
checking for gcc... gcc
checking whether the C compiler works... yes
checking for C compiler default output file name... a.out
checking for suffix of executables... 
checking whether we are cross compiling... no
checking for suffix of object files... o
checking whether we are using the GNU C compiler... yes
checking whether gcc accepts -g... yes
checking for gcc option to accept ISO C89... none needed
checking whether gcc understands -c and -o together... yes
checking dependency style of gcc... none
checking for dbus_glib_global_set_disable_legacy_property_access in -ldbus-glib-1... yes
checking for DBUS... yes
checking for GLIB... yes
checking for XML... yes
checking for gcc... (cached) gcc
checking whether we are using the GNU C compiler... (cached) yes
checking whether gcc accepts -g... (cached) yes
checking for gcc option to accept ISO C89... (cached) none needed
checking whether gcc understands -c and -o together... (cached) yes
checking dependency style of gcc... (cached) none
checking how to run the C preprocessor... gcc -E
checking for g++... g++
checking whether we are using the GNU C++ compiler... yes
checking whether g++ accepts -g... yes
checking dependency style of g++... none
checking for an ANSI C-conforming const... yes
checking for inline... inline
checking for grep that handles long lines and -e... /bin/grep
checking for egrep... /bin/grep -E
checking for ANSI C header files... yes
checking for sys/types.h... yes
checking for sys/stat.h... yes
checking for stdlib.h... yes
checking for string.h... yes
checking for memory.h... yes
checking for strings.h... yes
checking for inttypes.h... yes
checking for stdint.h... yes
checking for unistd.h... yes
checking for size_t... yes
checking that generated files are newer than configure... done
configure: creating ./config.status
config.status: creating Makefile
config.status: creating data/Makefile
config.status: creating config.h
config.status: executing depfiles commands
make[1]: Leaving directory '/<<PKGBUILDDIR>>'
   dh_auto_build -a
	make -j8 -Oline
make[1]: Entering directory '/<<PKGBUILDDIR>>'
dbus-binding-tool --prefix=thd_dbus_interface --mode=glib-server --output=thd_dbus_interface.h src/thd_dbus_interface.xml
WARNING: Using --header and --body at the same time time is deprecated; use --body --prototypes instead
INFO: Reading /tmp/dbus-binding-tool-c-marshallers.5OT1HZ...
make[1]: Leaving directory '/<<PKGBUILDDIR>>'
make  all-recursive
Making all in data
make[3]: Entering directory '/<<PKGBUILDDIR>>/data'
sed -e 's|@bindir[@]|/usr/bin|g' -e 's|@sbindir[@]|/usr/sbin|g' -e 's|@sysconfdir[@]|/etc|g' -e 's|@localstatedir[@]|/var|g' org.freedesktop.thermald.service.in >org.freedesktop.thermald.service
make[3]: Leaving directory '/<<PKGBUILDDIR>>/data'
make[3]: Entering directory '/<<PKGBUILDDIR>>/data'
sed -e 's|@bindir[@]|/usr/bin|g' -e 's|@sbindir[@]|/usr/sbin|g' -e 's|@sysconfdir[@]|/etc|g' -e 's|@localstatedir[@]|/var|g' thermald.service.in >thermald.service
make[3]: Leaving directory '/<<PKGBUILDDIR>>/data'
make[3]: Entering directory '/<<PKGBUILDDIR>>'
g++ -DHAVE_CONFIG_H -I.  -I./src -DTDLOCALEDIR=\"/usr/share/locale\" -DGLIB_SUPPORT -Wdate-time -D_FORTIFY_SOURCE=2 -I/usr/include/dbus-1.0 -I/usr/lib/x86_64-linux-gnu/dbus-1.0/include -I/usr/include/glib-2.0 -I/usr/lib/x86_64-linux-gnu/glib-2.0/include -DGLIB_VERSION_MIN_REQUIRED=GLIB_VERSION_2_26 -I/usr/include/libxml2 -DTDRUNDIR=\"/var/run/thermald\" -DTDCONFDIR=\"/etc/thermald\" -I src -Wreorder -Wsign-compare -Wreturn-type -Wunused-but-set-variable -Wformat -Wall -Wclobbered -Wempty-body -Wignored-qualifiers -Wmissing-field-initializers -Wtype-limits -Wuninitialized -Werror -g -O2 -fdebug-prefix-map=/<<PKGBUILDDIR>>=. -fstack-protector-strong -Wformat -Werror=format-security -c -o src/thermald-thd_sys_fs.o `test -f 'src/thd_sys_fs.cpp' || echo './'`src/thd_sys_fs.cpp
error: unknown warning option '-Wunused-but-set-variable'; did you mean '-Wunused-const-variable'? [-Werror,-Wunknown-warning-option]
error: unknown warning option '-Wclobbered'; did you mean '-Wconsumed'? [-Werror,-Wunknown-warning-option]
make[3]: *** [Makefile:806: src/thermald-thd_sys_fs.o] Error 1
make[3]: Leaving directory '/<<PKGBUILDDIR>>'
make[3]: *** Waiting for unfinished jobs....
make[3]: Entering directory '/<<PKGBUILDDIR>>'
g++ -DHAVE_CONFIG_H -I.  -I./src -DTDLOCALEDIR=\"/usr/share/locale\" -DGLIB_SUPPORT -Wdate-time -D_FORTIFY_SOURCE=2 -I/usr/include/dbus-1.0 -I/usr/lib/x86_64-linux-gnu/dbus-1.0/include -I/usr/include/glib-2.0 -I/usr/lib/x86_64-linux-gnu/glib-2.0/include -DGLIB_VERSION_MIN_REQUIRED=GLIB_VERSION_2_26 -I/usr/include/libxml2 -DTDRUNDIR=\"/var/run/thermald\" -DTDCONFDIR=\"/etc/thermald\" -I src -Wreorder -Wsign-compare -Wreturn-type -Wunused-but-set-variable -Wformat -Wall -Wclobbered -Wempty-body -Wignored-qualifiers -Wmissing-field-initializers -Wtype-limits -Wuninitialized -Werror -g -O2 -fdebug-prefix-map=/<<PKGBUILDDIR>>=. -fstack-protector-strong -Wformat -Werror=format-security -c -o src/thermald-thd_engine.o `test -f 'src/thd_engine.cpp' || echo './'`src/thd_engine.cpp
error: unknown warning option '-Wunused-but-set-variable'; did you mean '-Wunused-const-variable'? [-Werror,-Wunknown-warning-option]
error: unknown warning option '-Wclobbered'; did you mean '-Wconsumed'? [-Werror,-Wunknown-warning-option]
make[3]: *** [Makefile:750: src/thermald-thd_engine.o] Error 1
make[3]: Leaving directory '/<<PKGBUILDDIR>>'
make[3]: Entering directory '/<<PKGBUILDDIR>>'
g++ -DHAVE_CONFIG_H -I.  -I./src -DTDLOCALEDIR=\"/usr/share/locale\" -DGLIB_SUPPORT -Wdate-time -D_FORTIFY_SOURCE=2 -I/usr/include/dbus-1.0 -I/usr/lib/x86_64-linux-gnu/dbus-1.0/include -I/usr/include/glib-2.0 -I/usr/lib/x86_64-linux-gnu/glib-2.0/include -DGLIB_VERSION_MIN_REQUIRED=GLIB_VERSION_2_26 -I/usr/include/libxml2 -DTDRUNDIR=\"/var/run/thermald\" -DTDCONFDIR=\"/etc/thermald\" -I src -Wreorder -Wsign-compare -Wreturn-type -Wunused-but-set-variable -Wformat -Wall -Wclobbered -Wempty-body -Wignored-qualifiers -Wmissing-field-initializers -Wtype-limits -Wuninitialized -Werror -g -O2 -fdebug-prefix-map=/<<PKGBUILDDIR>>=. -fstack-protector-strong -Wformat -Werror=format-security -c -o src/thermald-main.o `test -f 'src/main.cpp' || echo './'`src/main.cpp
error: unknown warning option '-Wunused-but-set-variable'; did you mean '-Wunused-const-variable'? [-Werror,-Wunknown-warning-option]
error: unknown warning option '-Wclobbered'; did you mean '-Wconsumed'? [-Werror,-Wunknown-warning-option]
make[3]: *** [Makefile:722: src/thermald-main.o] Error 1
make[3]: Leaving directory '/<<PKGBUILDDIR>>'
make[3]: Entering directory '/<<PKGBUILDDIR>>'
g++ -DHAVE_CONFIG_H -I.  -I./src -DTDLOCALEDIR=\"/usr/share/locale\" -DGLIB_SUPPORT -Wdate-time -D_FORTIFY_SOURCE=2 -I/usr/include/dbus-1.0 -I/usr/lib/x86_64-linux-gnu/dbus-1.0/include -I/usr/include/glib-2.0 -I/usr/lib/x86_64-linux-gnu/glib-2.0/include -DGLIB_VERSION_MIN_REQUIRED=GLIB_VERSION_2_26 -I/usr/include/libxml2 -DTDRUNDIR=\"/var/run/thermald\" -DTDCONFDIR=\"/etc/thermald\" -I src -Wreorder -Wsign-compare -Wreturn-type -Wunused-but-set-variable -Wformat -Wall -Wclobbered -Wempty-body -Wignored-qualifiers -Wmissing-field-initializers -Wtype-limits -Wuninitialized -Werror -g -O2 -fdebug-prefix-map=/<<PKGBUILDDIR>>=. -fstack-protector-strong -Wformat -Werror=format-security -c -o src/thermald-thd_trip_point.o `test -f 'src/thd_trip_point.cpp' || echo './'`src/thd_trip_point.cpp
error: unknown warning option '-Wunused-but-set-variable'; did you mean '-Wunused-const-variable'? [-Werror,-Wunknown-warning-option]
error: unknown warning option '-Wclobbered'; did you mean '-Wconsumed'? [-Werror,-Wunknown-warning-option]
make[3]: *** [Makefile:820: src/thermald-thd_trip_point.o] Error 1
make[3]: Leaving directory '/<<PKGBUILDDIR>>'
make[3]: Entering directory '/<<PKGBUILDDIR>>'
g++ -DHAVE_CONFIG_H -I.  -I./src -DTDLOCALEDIR=\"/usr/share/locale\" -DGLIB_SUPPORT -Wdate-time -D_FORTIFY_SOURCE=2 -I/usr/include/dbus-1.0 -I/usr/lib/x86_64-linux-gnu/dbus-1.0/include -I/usr/include/glib-2.0 -I/usr/lib/x86_64-linux-gnu/glib-2.0/include -DGLIB_VERSION_MIN_REQUIRED=GLIB_VERSION_2_26 -I/usr/include/libxml2 -DTDRUNDIR=\"/var/run/thermald\" -DTDCONFDIR=\"/etc/thermald\" -I src -Wreorder -Wsign-compare -Wreturn-type -Wunused-but-set-variable -Wformat -Wall -Wclobbered -Wempty-body -Wignored-qualifiers -Wmissing-field-initializers -Wtype-limits -Wuninitialized -Werror -g -O2 -fdebug-prefix-map=/<<PKGBUILDDIR>>=. -fstack-protector-strong -Wformat -Werror=format-security -c -o src/thermald-thd_dbus_interface.o `test -f 'src/thd_dbus_interface.cpp' || echo './'`src/thd_dbus_interface.cpp
error: unknown warning option '-Wunused-but-set-variable'; did you mean '-Wunused-const-variable'? [-Werror,-Wunknown-warning-option]
error: unknown warning option '-Wclobbered'; did you mean '-Wconsumed'? [-Werror,-Wunknown-warning-option]
make[3]: *** [Makefile:736: src/thermald-thd_dbus_interface.o] Error 1
make[3]: Leaving directory '/<<PKGBUILDDIR>>'
make[3]: Entering directory '/<<PKGBUILDDIR>>'
g++ -DHAVE_CONFIG_H -I.  -I./src -DTDLOCALEDIR=\"/usr/share/locale\" -DGLIB_SUPPORT -Wdate-time -D_FORTIFY_SOURCE=2 -I/usr/include/dbus-1.0 -I/usr/lib/x86_64-linux-gnu/dbus-1.0/include -I/usr/include/glib-2.0 -I/usr/lib/x86_64-linux-gnu/glib-2.0/include -DGLIB_VERSION_MIN_REQUIRED=GLIB_VERSION_2_26 -I/usr/include/libxml2 -DTDRUNDIR=\"/var/run/thermald\" -DTDCONFDIR=\"/etc/thermald\" -I src -Wreorder -Wsign-compare -Wreturn-type -Wunused-but-set-variable -Wformat -Wall -Wclobbered -Wempty-body -Wignored-qualifiers -Wmissing-field-initializers -Wtype-limits -Wuninitialized -Werror -g -O2 -fdebug-prefix-map=/<<PKGBUILDDIR>>=. -fstack-protector-strong -Wformat -Werror=format-security -c -o src/thermald-thd_cdev.o `test -f 'src/thd_cdev.cpp' || echo './'`src/thd_cdev.cpp
error: unknown warning option '-Wunused-but-set-variable'; did you mean '-Wunused-const-variable'? [-Werror,-Wunknown-warning-option]
error: unknown warning option '-Wclobbered'; did you mean '-Wconsumed'? [-Werror,-Wunknown-warning-option]
make[3]: *** [Makefile:764: src/thermald-thd_cdev.o] Error 1
make[3]: Leaving directory '/<<PKGBUILDDIR>>'
make[3]: Entering directory '/<<PKGBUILDDIR>>'
g++ -DHAVE_CONFIG_H -I.  -I./src -DTDLOCALEDIR=\"/usr/share/locale\" -DGLIB_SUPPORT -Wdate-time -D_FORTIFY_SOURCE=2 -I/usr/include/dbus-1.0 -I/usr/lib/x86_64-linux-gnu/dbus-1.0/include -I/usr/include/glib-2.0 -I/usr/lib/x86_64-linux-gnu/glib-2.0/include -DGLIB_VERSION_MIN_REQUIRED=GLIB_VERSION_2_26 -I/usr/include/libxml2 -DTDRUNDIR=\"/var/run/thermald\" -DTDCONFDIR=\"/etc/thermald\" -I src -Wreorder -Wsign-compare -Wreturn-type -Wunused-but-set-variable -Wformat -Wall -Wclobbered -Wempty-body -Wignored-qualifiers -Wmissing-field-initializers -Wtype-limits -Wuninitialized -Werror -g -O2 -fdebug-prefix-map=/<<PKGBUILDDIR>>=. -fstack-protector-strong -Wformat -Werror=format-security -c -o src/thermald-thd_cdev_therm_sys_fs.o `test -f 'src/thd_cdev_therm_sys_fs.cpp' || echo './'`src/thd_cdev_therm_sys_fs.cpp
error: unknown warning option '-Wunused-but-set-variable'; did you mean '-Wunused-const-variable'? [-Werror,-Wunknown-warning-option]
error: unknown warning option '-Wclobbered'; did you mean '-Wconsumed'? [-Werror,-Wunknown-warning-option]
make[3]: *** [Makefile:778: src/thermald-thd_cdev_therm_sys_fs.o] Error 1
make[3]: Leaving directory '/<<PKGBUILDDIR>>'
make[3]: Entering directory '/<<PKGBUILDDIR>>'
g++ -DHAVE_CONFIG_H -I.  -I./src -DTDLOCALEDIR=\"/usr/share/locale\" -DGLIB_SUPPORT -Wdate-time -D_FORTIFY_SOURCE=2 -I/usr/include/dbus-1.0 -I/usr/lib/x86_64-linux-gnu/dbus-1.0/include -I/usr/include/glib-2.0 -I/usr/lib/x86_64-linux-gnu/glib-2.0/include -DGLIB_VERSION_MIN_REQUIRED=GLIB_VERSION_2_26 -I/usr/include/libxml2 -DTDRUNDIR=\"/var/run/thermald\" -DTDCONFDIR=\"/etc/thermald\" -I src -Wreorder -Wsign-compare -Wreturn-type -Wunused-but-set-variable -Wformat -Wall -Wclobbered -Wempty-body -Wignored-qualifiers -Wmissing-field-initializers -Wtype-limits -Wuninitialized -Werror -g -O2 -fdebug-prefix-map=/<<PKGBUILDDIR>>=. -fstack-protector-strong -Wformat -Werror=format-security -c -o src/thermald-thd_engine_default.o `test -f 'src/thd_engine_default.cpp' || echo './'`src/thd_engine_default.cpp
error: unknown warning option '-Wunused-but-set-variable'; did you mean '-Wunused-const-variable'? [-Werror,-Wunknown-warning-option]
error: unknown warning option '-Wclobbered'; did you mean '-Wconsumed'? [-Werror,-Wunknown-warning-option]
make[3]: *** [Makefile:792: src/thermald-thd_engine_default.o] Error 1
make[3]: Leaving directory '/<<PKGBUILDDIR>>'
make[2]: *** [Makefile:1254: all-recursive] Error 1
make[1]: *** [Makefile:492: all] Error 2
dh_auto_build: make -j8 -Oline returned exit code 2
make: *** [debian/rules:18: build-arch] Error 25
dpkg-buildpackage: error: debian/rules build-arch subprocess returned exit status 2
--------------------------------------------------------------------------------
Build finished at 2018-05-02T13:17:50Z

Finished
--------


+------------------------------------------------------------------------------+
| Cleanup                                                                      |
+------------------------------------------------------------------------------+

Purging /<<BUILDDIR>>
Not cleaning session: cloned chroot in use
E: Build failure (dpkg-buildpackage died)

+------------------------------------------------------------------------------+
| Summary                                                                      |
+------------------------------------------------------------------------------+

Build Architecture: amd64
Build Type: any
Build-Space: 3680
Build-Time: 6
Distribution: unstable
Fail-Stage: build
Host Architecture: amd64
Install-Time: 12
Job: thermald_1.7.0-6
Machine Architecture: amd64
Package: thermald
Package-Time: 32
Source-Version: 1.7.0-6
Space: 3680
Status: attempted
Version: 1.7.0-6
--------------------------------------------------------------------------------
Finished at 2018-05-02T13:17:50Z
Build needed 00:00:32, 3680k disk space
E: Build failure (dpkg-buildpackage died)
DC-Status: Failed 33.442478277s
DC-Time-Estimation: 33.442478277 versus expected 76 (r/m: 1.2725588507676135 ; m: 33.442478277)
