DC-Build-Header: libncursesada 6.0.20170708-2 / 2018-02-07 21:11:45 +0000
DC-Task: type:rebuild-binarch-only source:libncursesada version:6.0.20170708-2 chroot:unstable esttime:43 logfile:/tmp/libncursesada_6.0.20170708-2_unstable_clang60.log modes:clang60:binarch-only
DC-Sbuild-call: su user42 -c 'sbuild -n --arch-any --apt-update -d unstable -v  --chroot-setup-commands=/tmp/clang60 libncursesada_6.0.20170708-2'
sbuild (Debian sbuild) 0.73.0 (23 Dec 2016) on ip-172-31-36-91.eu-central-1.compute.internal

+==============================================================================+
| libncursesada 6.0.20170708-2 (amd64)         Wed, 07 Feb 2018 21:11:45 +0000 |
+==============================================================================+

Package: libncursesada
Version: 6.0.20170708-2
Source Version: 6.0.20170708-2
Distribution: unstable
Machine Architecture: amd64
Host Architecture: amd64
Build Architecture: amd64
Build Type: any

I: NOTICE: Log filtering will replace 'var/run/schroot/mount/unstable-amd64-sbuild-1309a4ea-59ed-4b80-b009-49c767afea3a' with '<<CHROOT>>'

+------------------------------------------------------------------------------+
| Chroot Setup Commands                                                        |
+------------------------------------------------------------------------------+


/tmp/clang60
------------

+ echo 'Entering customization script...'
Entering customization script...
+ CLANG_VERSION=6.0
+ echo 'Install of clang-6.0'
Install of clang-6.0
+ apt-get update
Get:1 http://127.0.0.1:9999/debian unstable InRelease [241 kB]
Get:2 http://127.0.0.1:9999/debian unstable/main Sources.diff/Index [27.9 kB]
Get:3 http://127.0.0.1:9999/debian unstable/main amd64 Packages.diff/Index [27.9 kB]
Get:4 http://127.0.0.1:9999/debian unstable/main Sources 2018-02-07-1427.34.pdiff [9180 B]
Get:4 http://127.0.0.1:9999/debian unstable/main Sources 2018-02-07-1427.34.pdiff [9180 B]
Get:5 http://127.0.0.1:9999/debian unstable/main amd64 Packages 2018-02-07-1427.34.pdiff [14.2 kB]
Get:5 http://127.0.0.1:9999/debian unstable/main amd64 Packages 2018-02-07-1427.34.pdiff [14.2 kB]
Get:6 http://127.0.0.1:9999/debian unstable/main Translation-en [5980 kB]
Fetched 6300 kB in 2s (3450 kB/s)
Reading package lists...
+ apt-get install --yes --no-install-recommends --force-yes clang-6.0
Reading package lists...
Building dependency tree...
Reading state information...
The following additional packages will be installed:
  lib32gcc1 lib32stdc++6 libbsd0 libc6-i386 libclang-common-6.0-dev
  libclang1-6.0 libedit2 libjsoncpp1 libllvm6.0 libncurses5 libobjc-7-dev
  libobjc4
Suggested packages:
  gnustep gnustep-devel clang-6.0-doc
Recommended packages:
  llvm-6.0-dev python libomp-dev libgpm2
The following NEW packages will be installed:
  clang-6.0 lib32gcc1 lib32stdc++6 libbsd0 libc6-i386 libclang-common-6.0-dev
  libclang1-6.0 libedit2 libjsoncpp1 libllvm6.0 libncurses5 libobjc-7-dev
  libobjc4
0 upgraded, 13 newly installed, 0 to remove and 1 not upgraded.
Need to get 37.6 MB of archives.
After this operation, 187 MB of additional disk space will be used.
Get:1 http://127.0.0.1:9999/debian unstable/main amd64 libjsoncpp1 amd64 1.7.4-3 [75.6 kB]
Get:2 http://127.0.0.1:9999/debian unstable/main amd64 libbsd0 amd64 0.8.7-1 [92.1 kB]
Get:3 http://127.0.0.1:9999/debian unstable/main amd64 libncurses5 amd64 6.0+20171125-1 [95.7 kB]
Get:4 http://127.0.0.1:9999/debian unstable/main amd64 libedit2 amd64 3.1-20170329-1 [85.2 kB]
Get:5 http://127.0.0.1:9999/debian unstable/main amd64 libllvm6.0 amd64 1:6.0~+rc1-1 [14.5 MB]
Get:6 http://127.0.0.1:9999/debian unstable/main amd64 libobjc4 amd64 7.3.0-1 [51.2 kB]
Get:7 http://127.0.0.1:9999/debian unstable/main amd64 libobjc-7-dev amd64 7.3.0-1 [203 kB]
Get:8 http://127.0.0.1:9999/debian unstable/main amd64 libc6-i386 amd64 2.26-6 [2836 kB]
Get:9 http://127.0.0.1:9999/debian unstable/main amd64 lib32gcc1 amd64 1:7.3.0-1 [46.8 kB]
Get:10 http://127.0.0.1:9999/debian unstable/main amd64 lib32stdc++6 amd64 7.3.0-1 [405 kB]
Get:11 http://127.0.0.1:9999/debian unstable/main amd64 libclang-common-6.0-dev amd64 1:6.0~+rc1-1 [3097 kB]
Get:12 http://127.0.0.1:9999/debian unstable/main amd64 libclang1-6.0 amd64 1:6.0~+rc1-1 [6983 kB]
Get:13 http://127.0.0.1:9999/debian unstable/main amd64 clang-6.0 amd64 1:6.0~+rc1-1 [9171 kB]
debconf: delaying package configuration, since apt-utils is not installed
Fetched 37.6 MB in 0s (97.7 MB/s)
Selecting previously unselected package libjsoncpp1:amd64.
(Reading database ... (Reading database ... 5%(Reading database ... 10%(Reading database ... 15%(Reading database ... 20%(Reading database ... 25%(Reading database ... 30%(Reading database ... 35%(Reading database ... 40%(Reading database ... 45%(Reading database ... 50%(Reading database ... 55%(Reading database ... 60%(Reading database ... 65%(Reading database ... 70%(Reading database ... 75%(Reading database ... 80%(Reading database ... 85%(Reading database ... 90%(Reading database ... 95%(Reading database ... 100%(Reading database ... 9974 files and directories currently installed.)
Preparing to unpack .../00-libjsoncpp1_1.7.4-3_amd64.deb ...
Unpacking libjsoncpp1:amd64 (1.7.4-3) ...
Selecting previously unselected package libbsd0:amd64.
Preparing to unpack .../01-libbsd0_0.8.7-1_amd64.deb ...
Unpacking libbsd0:amd64 (0.8.7-1) ...
Selecting previously unselected package libncurses5:amd64.
Preparing to unpack .../02-libncurses5_6.0+20171125-1_amd64.deb ...
Unpacking libncurses5:amd64 (6.0+20171125-1) ...
Selecting previously unselected package libedit2:amd64.
Preparing to unpack .../03-libedit2_3.1-20170329-1_amd64.deb ...
Unpacking libedit2:amd64 (3.1-20170329-1) ...
Selecting previously unselected package libllvm6.0:amd64.
Preparing to unpack .../04-libllvm6.0_1%3a6.0~+rc1-1_amd64.deb ...
Unpacking libllvm6.0:amd64 (1:6.0~+rc1-1) ...
Selecting previously unselected package libobjc4:amd64.
Preparing to unpack .../05-libobjc4_7.3.0-1_amd64.deb ...
Unpacking libobjc4:amd64 (7.3.0-1) ...
Selecting previously unselected package libobjc-7-dev:amd64.
Preparing to unpack .../06-libobjc-7-dev_7.3.0-1_amd64.deb ...
Unpacking libobjc-7-dev:amd64 (7.3.0-1) ...
Selecting previously unselected package libc6-i386.
Preparing to unpack .../07-libc6-i386_2.26-6_amd64.deb ...
Unpacking libc6-i386 (2.26-6) ...
Selecting previously unselected package lib32gcc1.
Preparing to unpack .../08-lib32gcc1_1%3a7.3.0-1_amd64.deb ...
Unpacking lib32gcc1 (1:7.3.0-1) ...
Selecting previously unselected package lib32stdc++6.
Preparing to unpack .../09-lib32stdc++6_7.3.0-1_amd64.deb ...
Unpacking lib32stdc++6 (7.3.0-1) ...
Selecting previously unselected package libclang-common-6.0-dev.
Preparing to unpack .../10-libclang-common-6.0-dev_1%3a6.0~+rc1-1_amd64.deb ...
Unpacking libclang-common-6.0-dev (1:6.0~+rc1-1) ...
Selecting previously unselected package libclang1-6.0:amd64.
Preparing to unpack .../11-libclang1-6.0_1%3a6.0~+rc1-1_amd64.deb ...
Unpacking libclang1-6.0:amd64 (1:6.0~+rc1-1) ...
Selecting previously unselected package clang-6.0.
Preparing to unpack .../12-clang-6.0_1%3a6.0~+rc1-1_amd64.deb ...
Unpacking clang-6.0 (1:6.0~+rc1-1) ...
Setting up libncurses5:amd64 (6.0+20171125-1) ...
Setting up libobjc4:amd64 (7.3.0-1) ...
Setting up libc6-i386 (2.26-6) ...
Setting up libbsd0:amd64 (0.8.7-1) ...
Setting up libobjc-7-dev:amd64 (7.3.0-1) ...
Processing triggers for libc-bin (2.26-6) ...
Setting up lib32gcc1 (1:7.3.0-1) ...
Setting up libjsoncpp1:amd64 (1.7.4-3) ...
Setting up libedit2:amd64 (3.1-20170329-1) ...
Setting up libllvm6.0:amd64 (1:6.0~+rc1-1) ...
Setting up libclang1-6.0:amd64 (1:6.0~+rc1-1) ...
Setting up lib32stdc++6 (7.3.0-1) ...
Setting up libclang-common-6.0-dev (1:6.0~+rc1-1) ...
Setting up clang-6.0 (1:6.0~+rc1-1) ...
Processing triggers for libc-bin (2.26-6) ...
W: --force-yes is deprecated, use one of the options starting with --allow instead.
+ echo 'Replace gcc, g++ & cpp by clang'
Replace gcc, g++ & cpp by clang
+ VERSIONS='4.6 4.7 4.8 4.9 5 6 7 8'
+ cd /usr/bin
+ for VERSION in $VERSIONS
+ rm -f g++-4.6 gcc-4.6 cpp-4.6 gcc
+ ln -s clang++-6.0 g++-4.6
+ ln -s clang-6.0 gcc-4.6
+ ln -s clang-6.0 cpp-4.6
+ ln -s clang-6.0 gcc
+ echo 'gcc-4.6 hold'
+ dpkg --set-selections
dpkg: warning: package not in status nor available database at line 1: gcc-4.6
dpkg: warning: found unknown packages; this might mean the available database
is outdated, and needs to be updated through a frontend method;
please see the FAQ <https://wiki.debian.org/Teams/Dpkg/FAQ>
+ echo 'g++-4.6 hold'
+ dpkg --set-selections
dpkg: warning: package not in status nor available database at line 1: g++-4.6
dpkg: warning: found unknown packages; this might mean the available database
is outdated, and needs to be updated through a frontend method;
please see the FAQ <https://wiki.debian.org/Teams/Dpkg/FAQ>
+ for VERSION in $VERSIONS
+ rm -f g++-4.7 gcc-4.7 cpp-4.7 gcc
+ ln -s clang++-6.0 g++-4.7
+ ln -s clang-6.0 gcc-4.7
+ ln -s clang-6.0 cpp-4.7
+ ln -s clang-6.0 gcc
+ echo 'gcc-4.7 hold'
+ dpkg --set-selections
dpkg: warning: package not in status nor available database at line 1: gcc-4.7
dpkg: warning: found unknown packages; this might mean the available database
is outdated, and needs to be updated through a frontend method;
please see the FAQ <https://wiki.debian.org/Teams/Dpkg/FAQ>
+ echo 'g++-4.7 hold'
+ dpkg --set-selections
dpkg: warning: package not in status nor available database at line 1: g++-4.7
dpkg: warning: found unknown packages; this might mean the available database
is outdated, and needs to be updated through a frontend method;
please see the FAQ <https://wiki.debian.org/Teams/Dpkg/FAQ>
+ for VERSION in $VERSIONS
+ rm -f g++-4.8 gcc-4.8 cpp-4.8 gcc
+ ln -s clang++-6.0 g++-4.8
+ ln -s clang-6.0 gcc-4.8
+ ln -s clang-6.0 cpp-4.8
+ ln -s clang-6.0 gcc
+ echo 'gcc-4.8 hold'
+ dpkg --set-selections
dpkg: warning: package not in status nor available database at line 1: gcc-4.8
dpkg: warning: found unknown packages; this might mean the available database
is outdated, and needs to be updated through a frontend method;
please see the FAQ <https://wiki.debian.org/Teams/Dpkg/FAQ>
+ echo 'g++-4.8 hold'
+ dpkg --set-selections
dpkg: warning: package not in status nor available database at line 1: g++-4.8
dpkg: warning: found unknown packages; this might mean the available database
is outdated, and needs to be updated through a frontend method;
please see the FAQ <https://wiki.debian.org/Teams/Dpkg/FAQ>
+ for VERSION in $VERSIONS
+ rm -f g++-4.9 gcc-4.9 cpp-4.9 gcc
+ ln -s clang++-6.0 g++-4.9
+ ln -s clang-6.0 gcc-4.9
+ ln -s clang-6.0 cpp-4.9
+ ln -s clang-6.0 gcc
+ echo 'gcc-4.9 hold'
+ dpkg --set-selections
dpkg: warning: package not in status nor available database at line 1: gcc-4.9
dpkg: warning: found unknown packages; this might mean the available database
is outdated, and needs to be updated through a frontend method;
please see the FAQ <https://wiki.debian.org/Teams/Dpkg/FAQ>
+ echo 'g++-4.9 hold'
+ dpkg --set-selections
dpkg: warning: package not in status nor available database at line 1: g++-4.9
dpkg: warning: found unknown packages; this might mean the available database
is outdated, and needs to be updated through a frontend method;
please see the FAQ <https://wiki.debian.org/Teams/Dpkg/FAQ>
+ for VERSION in $VERSIONS
+ rm -f g++-5 gcc-5 cpp-5 gcc
+ ln -s clang++-6.0 g++-5
+ ln -s clang-6.0 gcc-5
+ ln -s clang-6.0 cpp-5
+ ln -s clang-6.0 gcc
+ echo 'gcc-5 hold'
+ dpkg --set-selections
+ echo 'g++-5 hold'
+ dpkg --set-selections
+ for VERSION in $VERSIONS
+ rm -f g++-6 gcc-6 cpp-6 gcc
+ ln -s clang++-6.0 g++-6
+ ln -s clang-6.0 gcc-6
+ ln -s clang-6.0 cpp-6
+ ln -s clang-6.0 gcc
+ echo 'gcc-6 hold'
+ dpkg --set-selections
dpkg: warning: package not in status nor available database at line 1: gcc-6
dpkg: warning: found unknown packages; this might mean the available database
is outdated, and needs to be updated through a frontend method;
please see the FAQ <https://wiki.debian.org/Teams/Dpkg/FAQ>
+ echo 'g++-6 hold'
+ dpkg --set-selections
dpkg: warning: package not in status nor available database at line 1: g++-6
dpkg: warning: found unknown packages; this might mean the available database
is outdated, and needs to be updated through a frontend method;
please see the FAQ <https://wiki.debian.org/Teams/Dpkg/FAQ>
+ for VERSION in $VERSIONS
+ rm -f g++-7 gcc-7 cpp-7 gcc
+ ln -s clang++-6.0 g++-7
+ ln -s clang-6.0 gcc-7
+ ln -s clang-6.0 cpp-7
+ ln -s clang-6.0 gcc
+ echo 'gcc-7 hold'
+ dpkg --set-selections
+ echo 'g++-7 hold'
+ dpkg --set-selections
+ for VERSION in $VERSIONS
+ rm -f g++-8 gcc-8 cpp-8 gcc
+ ln -s clang++-6.0 g++-8
+ ln -s clang-6.0 gcc-8
+ ln -s clang-6.0 cpp-8
+ ln -s clang-6.0 gcc
+ echo 'gcc-8 hold'
+ dpkg --set-selections
dpkg: warning: package not in status nor available database at line 1: gcc-8
dpkg: warning: found unknown packages; this might mean the available database
is outdated, and needs to be updated through a frontend method;
please see the FAQ <https://wiki.debian.org/Teams/Dpkg/FAQ>
+ echo 'g++-8 hold'
+ dpkg --set-selections
dpkg: warning: package not in status nor available database at line 1: g++-8
dpkg: warning: found unknown packages; this might mean the available database
is outdated, and needs to be updated through a frontend method;
please see the FAQ <https://wiki.debian.org/Teams/Dpkg/FAQ>
+ cd -
/build/libncursesada-CfP1y9
+ echo 'Check if gcc, g++ & cpp are actually clang'
Check if gcc, g++ & cpp are actually clang
+ gcc --version
+ grep clang
+ cpp --version
+ grep clang
+ g++ --version
+ grep clang

I: Finished running '/tmp/clang60'.

Finished processing commands.
--------------------------------------------------------------------------------

+------------------------------------------------------------------------------+
| Update chroot                                                                |
+------------------------------------------------------------------------------+

Hit:1 http://127.0.0.1:9999/debian unstable InRelease
Reading package lists...
Reading package lists...
Building dependency tree...
Reading state information...
Calculating upgrade...
The following packages will be upgraded:
  libdebconfclient0
1 upgraded, 0 newly installed, 0 to remove and 0 not upgraded.
Need to get 48.3 kB of archives.
After this operation, 0 B of additional disk space will be used.
Get:1 http://127.0.0.1:9999/debian unstable/main amd64 libdebconfclient0 amd64 0.240 [48.3 kB]
debconf: delaying package configuration, since apt-utils is not installed
Fetched 48.3 kB in 0s (4164 kB/s)
(Reading database ... (Reading database ... 5%(Reading database ... 10%(Reading database ... 15%(Reading database ... 20%(Reading database ... 25%(Reading database ... 30%(Reading database ... 35%(Reading database ... 40%(Reading database ... 45%(Reading database ... 50%(Reading database ... 55%(Reading database ... 60%(Reading database ... 65%(Reading database ... 70%(Reading database ... 75%(Reading database ... 80%(Reading database ... 85%(Reading database ... 90%(Reading database ... 95%(Reading database ... 100%(Reading database ... 10722 files and directories currently installed.)
Preparing to unpack .../libdebconfclient0_0.240_amd64.deb ...
Unpacking libdebconfclient0:amd64 (0.240) over (0.239) ...
Setting up libdebconfclient0:amd64 (0.240) ...
Processing triggers for libc-bin (2.26-6) ...

+------------------------------------------------------------------------------+
| Fetch source files                                                           |
+------------------------------------------------------------------------------+


Check APT
---------

Checking available source versions...

Download source files with APT
------------------------------

Reading package lists...
NOTICE: 'libncursesada' packaging is maintained in the 'Mtn' version control system at:
www.ada-france.org org.debian.libncursesada
Need to get 703 kB of source archives.
Get:1 http://127.0.0.1:9999/debian unstable/main libncursesada 6.0.20170708-2 (dsc) [2299 B]
Get:2 http://127.0.0.1:9999/debian unstable/main libncursesada 6.0.20170708-2 (tar) [692 kB]
Get:3 http://127.0.0.1:9999/debian unstable/main libncursesada 6.0.20170708-2 (diff) [8904 B]
Fetched 703 kB in 0s (4757 kB/s)
Download complete and in download only mode
I: NOTICE: Log filtering will replace 'build/libncursesada-CfP1y9/libncursesada-6.0.20170708' with '<<PKGBUILDDIR>>'
I: NOTICE: Log filtering will replace 'build/libncursesada-CfP1y9' with '<<BUILDDIR>>'

+------------------------------------------------------------------------------+
| Install build-essential                                                      |
+------------------------------------------------------------------------------+


Setup apt archive
-----------------

Merged Build-Depends: build-essential, fakeroot
Filtered Build-Depends: build-essential, fakeroot
dpkg-deb: building package 'sbuild-build-depends-core-dummy' in '/<<BUILDDIR>>/resolver-93toKe/apt_archive/sbuild-build-depends-core-dummy.deb'.
dpkg-scanpackages: warning: Packages in archive but missing from override file:
dpkg-scanpackages: warning:   sbuild-build-depends-core-dummy
dpkg-scanpackages: info: Wrote 1 entries to output Packages file.
Ign:1 copy:/<<BUILDDIR>>/resolver-93toKe/apt_archive ./ InRelease
Get:2 copy:/<<BUILDDIR>>/resolver-93toKe/apt_archive ./ Release [957 B]
Ign:3 copy:/<<BUILDDIR>>/resolver-93toKe/apt_archive ./ Release.gpg
Get:4 copy:/<<BUILDDIR>>/resolver-93toKe/apt_archive ./ Sources [349 B]
Get:5 copy:/<<BUILDDIR>>/resolver-93toKe/apt_archive ./ Packages [430 B]
Fetched 1736 B in 0s (125 kB/s)
Reading package lists...
Reading package lists...

Install core build dependencies (apt-based resolver)
----------------------------------------------------

Installing build dependencies
Reading package lists...
Building dependency tree...
Reading state information...
The following NEW packages will be installed:
  sbuild-build-depends-core-dummy
0 upgraded, 1 newly installed, 0 to remove and 0 not upgraded.
Need to get 852 B of archives.
After this operation, 0 B of additional disk space will be used.
Get:1 copy:/<<BUILDDIR>>/resolver-93toKe/apt_archive ./ sbuild-build-depends-core-dummy 0.invalid.0 [852 B]
debconf: delaying package configuration, since apt-utils is not installed
Fetched 852 B in 0s (0 B/s)
Selecting previously unselected package sbuild-build-depends-core-dummy.
(Reading database ... 10722 files and directories currently installed.)
Preparing to unpack .../sbuild-build-depends-core-dummy_0.invalid.0_amd64.deb ...
Unpacking sbuild-build-depends-core-dummy (0.invalid.0) ...
Setting up sbuild-build-depends-core-dummy (0.invalid.0) ...

+------------------------------------------------------------------------------+
| Check architectures                                                          |
+------------------------------------------------------------------------------+

Arch check ok (amd64 included in any all)

+------------------------------------------------------------------------------+
| Install package build dependencies                                           |
+------------------------------------------------------------------------------+


Setup apt archive
-----------------

Merged Build-Depends: dpkg-dev (>= 1.16.1), debhelper (>= 10), autoconf-dickey, pkg-config, gnat, gnat-7, dh-ada-library (>= 6.7), gprbuild (>= 2015-2), libncurses-dev, m4
Filtered Build-Depends: dpkg-dev (>= 1.16.1), debhelper (>= 10), autoconf-dickey, pkg-config, gnat, gnat-7, dh-ada-library (>= 6.7), gprbuild (>= 2015-2), libncurses-dev, m4
dpkg-deb: building package 'sbuild-build-depends-libncursesada-dummy' in '/<<BUILDDIR>>/resolver-93toKe/apt_archive/sbuild-build-depends-libncursesada-dummy.deb'.
dpkg-scanpackages: warning: Packages in archive but missing from override file:
dpkg-scanpackages: warning:   sbuild-build-depends-core-dummy sbuild-build-depends-libncursesada-dummy
dpkg-scanpackages: info: Wrote 2 entries to output Packages file.
Ign:1 copy:/<<BUILDDIR>>/resolver-93toKe/apt_archive ./ InRelease
Get:2 copy:/<<BUILDDIR>>/resolver-93toKe/apt_archive ./ Release [963 B]
Ign:3 copy:/<<BUILDDIR>>/resolver-93toKe/apt_archive ./ Release.gpg
Get:4 copy:/<<BUILDDIR>>/resolver-93toKe/apt_archive ./ Sources [561 B]
Get:5 copy:/<<BUILDDIR>>/resolver-93toKe/apt_archive ./ Packages [645 B]
Fetched 2169 B in 0s (155 kB/s)
Reading package lists...
Reading package lists...

Install libncursesada build dependencies (apt-based resolver)
-------------------------------------------------------------

Installing build dependencies
Reading package lists...
Building dependency tree...
Reading state information...
The following additional packages will be installed:
  autoconf autoconf-dickey automake autopoint autotools-dev bsdmainutils
  debhelper dh-ada-library dh-autoreconf dh-strip-nondeterminism file gettext
  gettext-base gnat gnat-7 gprbuild groff-base intltool-debian
  libarchive-zip-perl libcroco3 libfile-stripnondeterminism-perl libglib2.0-0
  libgnat-7 libgnatvsn7 libgpr16.1.2016 libicu57 libmagic-mgc libmagic1
  libncurses5-dev libpipeline1 libsigsegv2 libtimedate-perl libtinfo-dev
  libtool libxml2 libxmlada-dom4.6 libxmlada-input4.6 libxmlada-sax4.6.2016
  libxmlada-schema4.6.2016 libxmlada-unicode4.6.2016 m4 man-db pkg-config
  po-debconf
Suggested packages:
  autoconf-archive gnu-standards autoconf-doc wamerican | wordlist whois
  vacation dh-make dwz gettext-doc libasprintf-dev libgettextpo-dev
  ada-reference-manual-2012 gnat-gps gnat-7-doc gnat-7-sjlj gfortran groff
  ncurses-doc libtool-doc gfortran | fortran95-compiler gcj-jdk m4-doc less
  www-browser apparmor libmail-box-perl
Recommended packages:
  curl | wget | lynx-cur libarchive-cpio-perl libglib2.0-data shared-mime-info
  xdg-user-dirs libltdl-dev libmail-sendmail-perl
The following NEW packages will be installed:
  autoconf autoconf-dickey automake autopoint autotools-dev bsdmainutils
  debhelper dh-ada-library dh-autoreconf dh-strip-nondeterminism file gettext
  gettext-base gnat gnat-7 gprbuild groff-base intltool-debian
  libarchive-zip-perl libcroco3 libfile-stripnondeterminism-perl libglib2.0-0
  libgnat-7 libgnatvsn7 libgpr16.1.2016 libicu57 libmagic-mgc libmagic1
  libncurses5-dev libpipeline1 libsigsegv2 libtimedate-perl libtinfo-dev
  libtool libxml2 libxmlada-dom4.6 libxmlada-input4.6 libxmlada-sax4.6.2016
  libxmlada-schema4.6.2016 libxmlada-unicode4.6.2016 m4 man-db pkg-config
  po-debconf sbuild-build-depends-libncursesada-dummy
0 upgraded, 45 newly installed, 0 to remove and 0 not upgraded.
Need to get 37.6 MB of archives.
After this operation, 161 MB of additional disk space will be used.
Get:1 copy:/<<BUILDDIR>>/resolver-93toKe/apt_archive ./ sbuild-build-depends-libncursesada-dummy 0.invalid.0 [940 B]
Get:2 http://127.0.0.1:9999/debian unstable/main amd64 groff-base amd64 1.22.3-9 [1160 kB]
Get:3 http://127.0.0.1:9999/debian unstable/main amd64 bsdmainutils amd64 11.1.2 [190 kB]
Get:4 http://127.0.0.1:9999/debian unstable/main amd64 libpipeline1 amd64 1.5.0-1 [29.0 kB]
Get:5 http://127.0.0.1:9999/debian unstable/main amd64 man-db amd64 2.8.0-2 [1170 kB]
Get:6 http://127.0.0.1:9999/debian unstable/main amd64 libmagic-mgc amd64 1:5.32-1 [225 kB]
Get:7 http://127.0.0.1:9999/debian unstable/main amd64 libmagic1 amd64 1:5.32-1 [111 kB]
Get:8 http://127.0.0.1:9999/debian unstable/main amd64 file amd64 1:5.32-1 [64.4 kB]
Get:9 http://127.0.0.1:9999/debian unstable/main amd64 gettext-base amd64 0.19.8.1-4 [122 kB]
Get:10 http://127.0.0.1:9999/debian unstable/main amd64 libsigsegv2 amd64 2.12-1 [32.7 kB]
Get:11 http://127.0.0.1:9999/debian unstable/main amd64 m4 amd64 1.4.18-1 [202 kB]
Get:12 http://127.0.0.1:9999/debian unstable/main amd64 autoconf all 2.69-11 [341 kB]
Get:13 http://127.0.0.1:9999/debian unstable/main amd64 autoconf-dickey all 2.52+20170501-2 [160 kB]
Get:14 http://127.0.0.1:9999/debian unstable/main amd64 autotools-dev all 20171216.1 [75.9 kB]
Get:15 http://127.0.0.1:9999/debian unstable/main amd64 automake all 1:1.15.1-3 [736 kB]
Get:16 http://127.0.0.1:9999/debian unstable/main amd64 autopoint all 0.19.8.1-4 [434 kB]
Get:17 http://127.0.0.1:9999/debian unstable/main amd64 libtool all 2.4.6-2 [545 kB]
Get:18 http://127.0.0.1:9999/debian unstable/main amd64 dh-autoreconf all 16 [16.3 kB]
Get:19 http://127.0.0.1:9999/debian unstable/main amd64 libarchive-zip-perl all 1.60-1 [95.6 kB]
Get:20 http://127.0.0.1:9999/debian unstable/main amd64 libfile-stripnondeterminism-perl all 0.040-1 [18.4 kB]
Get:21 http://127.0.0.1:9999/debian unstable/main amd64 libtimedate-perl all 2.3000-2 [42.2 kB]
Get:22 http://127.0.0.1:9999/debian unstable/main amd64 dh-strip-nondeterminism all 0.040-1 [11.8 kB]
Get:23 http://127.0.0.1:9999/debian unstable/main amd64 libglib2.0-0 amd64 2.54.3-2 [2822 kB]
Get:24 http://127.0.0.1:9999/debian unstable/main amd64 libicu57 amd64 57.1-8 [7699 kB]
Get:25 http://127.0.0.1:9999/debian unstable/main amd64 libxml2 amd64 2.9.4+dfsg1-6.1 [725 kB]
Get:26 http://127.0.0.1:9999/debian unstable/main amd64 libcroco3 amd64 0.6.12-2 [144 kB]
Get:27 http://127.0.0.1:9999/debian unstable/main amd64 gettext amd64 0.19.8.1-4 [1302 kB]
Get:28 http://127.0.0.1:9999/debian unstable/main amd64 intltool-debian all 0.35.0+20060710.4 [26.3 kB]
Get:29 http://127.0.0.1:9999/debian unstable/main amd64 po-debconf all 1.0.20 [247 kB]
Get:30 http://127.0.0.1:9999/debian unstable/main amd64 debhelper all 11.1.4 [1005 kB]
Get:31 http://127.0.0.1:9999/debian unstable/main amd64 libgnat-7 amd64 7.3.0-1 [993 kB]
Get:32 http://127.0.0.1:9999/debian unstable/main amd64 libxmlada-unicode4.6.2016 amd64 17.1.2017-5 [55.9 kB]
Get:33 http://127.0.0.1:9999/debian unstable/main amd64 libxmlada-input4.6 amd64 17.1.2017-5 [22.1 kB]
Get:34 http://127.0.0.1:9999/debian unstable/main amd64 libxmlada-sax4.6.2016 amd64 17.1.2017-5 [126 kB]
Get:35 http://127.0.0.1:9999/debian unstable/main amd64 libxmlada-dom4.6 amd64 17.1.2017-5 [53.9 kB]
Get:36 http://127.0.0.1:9999/debian unstable/main amd64 libxmlada-schema4.6.2016 amd64 17.1.2017-5 [270 kB]
Get:37 http://127.0.0.1:9999/debian unstable/main amd64 libgpr16.1.2016 amd64 2017-5 [1157 kB]
Get:38 http://127.0.0.1:9999/debian unstable/main amd64 dh-ada-library amd64 6.12 [157 kB]
Get:39 http://127.0.0.1:9999/debian unstable/main amd64 libgnatvsn7 amd64 7.3.0-1 [341 kB]
Get:40 http://127.0.0.1:9999/debian unstable/main amd64 gnat-7 amd64 7.3.0-1 [13.4 MB]
Get:41 http://127.0.0.1:9999/debian unstable/main amd64 gnat all 7 [3090 B]
Get:42 http://127.0.0.1:9999/debian unstable/main amd64 gprbuild amd64 2017-5 [882 kB]
Get:43 http://127.0.0.1:9999/debian unstable/main amd64 libtinfo-dev amd64 6.0+20171125-1 [80.8 kB]
Get:44 http://127.0.0.1:9999/debian unstable/main amd64 libncurses5-dev amd64 6.0+20171125-1 [174 kB]
Get:45 http://127.0.0.1:9999/debian unstable/main amd64 pkg-config amd64 0.29-4+b1 [63.3 kB]
debconf: delaying package configuration, since apt-utils is not installed
Fetched 37.6 MB in 0s (94.9 MB/s)
Selecting previously unselected package groff-base.
(Reading database ... 10722 files and directories currently installed.)
Preparing to unpack .../00-groff-base_1.22.3-9_amd64.deb ...
Unpacking groff-base (1.22.3-9) ...
Selecting previously unselected package bsdmainutils.
Preparing to unpack .../01-bsdmainutils_11.1.2_amd64.deb ...
Unpacking bsdmainutils (11.1.2) ...
Selecting previously unselected package libpipeline1:amd64.
Preparing to unpack .../02-libpipeline1_1.5.0-1_amd64.deb ...
Unpacking libpipeline1:amd64 (1.5.0-1) ...
Selecting previously unselected package man-db.
Preparing to unpack .../03-man-db_2.8.0-2_amd64.deb ...
Unpacking man-db (2.8.0-2) ...
Selecting previously unselected package libmagic-mgc.
Preparing to unpack .../04-libmagic-mgc_1%3a5.32-1_amd64.deb ...
Unpacking libmagic-mgc (1:5.32-1) ...
Selecting previously unselected package libmagic1:amd64.
Preparing to unpack .../05-libmagic1_1%3a5.32-1_amd64.deb ...
Unpacking libmagic1:amd64 (1:5.32-1) ...
Selecting previously unselected package file.
Preparing to unpack .../06-file_1%3a5.32-1_amd64.deb ...
Unpacking file (1:5.32-1) ...
Selecting previously unselected package gettext-base.
Preparing to unpack .../07-gettext-base_0.19.8.1-4_amd64.deb ...
Unpacking gettext-base (0.19.8.1-4) ...
Selecting previously unselected package libsigsegv2:amd64.
Preparing to unpack .../08-libsigsegv2_2.12-1_amd64.deb ...
Unpacking libsigsegv2:amd64 (2.12-1) ...
Selecting previously unselected package m4.
Preparing to unpack .../09-m4_1.4.18-1_amd64.deb ...
Unpacking m4 (1.4.18-1) ...
Selecting previously unselected package autoconf.
Preparing to unpack .../10-autoconf_2.69-11_all.deb ...
Unpacking autoconf (2.69-11) ...
Selecting previously unselected package autoconf-dickey.
Preparing to unpack .../11-autoconf-dickey_2.52+20170501-2_all.deb ...
Unpacking autoconf-dickey (2.52+20170501-2) ...
Selecting previously unselected package autotools-dev.
Preparing to unpack .../12-autotools-dev_20171216.1_all.deb ...
Unpacking autotools-dev (20171216.1) ...
Selecting previously unselected package automake.
Preparing to unpack .../13-automake_1%3a1.15.1-3_all.deb ...
Unpacking automake (1:1.15.1-3) ...
Selecting previously unselected package autopoint.
Preparing to unpack .../14-autopoint_0.19.8.1-4_all.deb ...
Unpacking autopoint (0.19.8.1-4) ...
Selecting previously unselected package libtool.
Preparing to unpack .../15-libtool_2.4.6-2_all.deb ...
Unpacking libtool (2.4.6-2) ...
Selecting previously unselected package dh-autoreconf.
Preparing to unpack .../16-dh-autoreconf_16_all.deb ...
Unpacking dh-autoreconf (16) ...
Selecting previously unselected package libarchive-zip-perl.
Preparing to unpack .../17-libarchive-zip-perl_1.60-1_all.deb ...
Unpacking libarchive-zip-perl (1.60-1) ...
Selecting previously unselected package libfile-stripnondeterminism-perl.
Preparing to unpack .../18-libfile-stripnondeterminism-perl_0.040-1_all.deb ...
Unpacking libfile-stripnondeterminism-perl (0.040-1) ...
Selecting previously unselected package libtimedate-perl.
Preparing to unpack .../19-libtimedate-perl_2.3000-2_all.deb ...
Unpacking libtimedate-perl (2.3000-2) ...
Selecting previously unselected package dh-strip-nondeterminism.
Preparing to unpack .../20-dh-strip-nondeterminism_0.040-1_all.deb ...
Unpacking dh-strip-nondeterminism (0.040-1) ...
Selecting previously unselected package libglib2.0-0:amd64.
Preparing to unpack .../21-libglib2.0-0_2.54.3-2_amd64.deb ...
Unpacking libglib2.0-0:amd64 (2.54.3-2) ...
Selecting previously unselected package libicu57:amd64.
Preparing to unpack .../22-libicu57_57.1-8_amd64.deb ...
Unpacking libicu57:amd64 (57.1-8) ...
Selecting previously unselected package libxml2:amd64.
Preparing to unpack .../23-libxml2_2.9.4+dfsg1-6.1_amd64.deb ...
Unpacking libxml2:amd64 (2.9.4+dfsg1-6.1) ...
Selecting previously unselected package libcroco3:amd64.
Preparing to unpack .../24-libcroco3_0.6.12-2_amd64.deb ...
Unpacking libcroco3:amd64 (0.6.12-2) ...
Selecting previously unselected package gettext.
Preparing to unpack .../25-gettext_0.19.8.1-4_amd64.deb ...
Unpacking gettext (0.19.8.1-4) ...
Selecting previously unselected package intltool-debian.
Preparing to unpack .../26-intltool-debian_0.35.0+20060710.4_all.deb ...
Unpacking intltool-debian (0.35.0+20060710.4) ...
Selecting previously unselected package po-debconf.
Preparing to unpack .../27-po-debconf_1.0.20_all.deb ...
Unpacking po-debconf (1.0.20) ...
Selecting previously unselected package debhelper.
Preparing to unpack .../28-debhelper_11.1.4_all.deb ...
Unpacking debhelper (11.1.4) ...
Selecting previously unselected package libgnat-7:amd64.
Preparing to unpack .../29-libgnat-7_7.3.0-1_amd64.deb ...
Unpacking libgnat-7:amd64 (7.3.0-1) ...
Selecting previously unselected package libxmlada-unicode4.6.2016:amd64.
Preparing to unpack .../30-libxmlada-unicode4.6.2016_17.1.2017-5_amd64.deb ...
Unpacking libxmlada-unicode4.6.2016:amd64 (17.1.2017-5) ...
Selecting previously unselected package libxmlada-input4.6:amd64.
Preparing to unpack .../31-libxmlada-input4.6_17.1.2017-5_amd64.deb ...
Unpacking libxmlada-input4.6:amd64 (17.1.2017-5) ...
Selecting previously unselected package libxmlada-sax4.6.2016:amd64.
Preparing to unpack .../32-libxmlada-sax4.6.2016_17.1.2017-5_amd64.deb ...
Unpacking libxmlada-sax4.6.2016:amd64 (17.1.2017-5) ...
Selecting previously unselected package libxmlada-dom4.6:amd64.
Preparing to unpack .../33-libxmlada-dom4.6_17.1.2017-5_amd64.deb ...
Unpacking libxmlada-dom4.6:amd64 (17.1.2017-5) ...
Selecting previously unselected package libxmlada-schema4.6.2016:amd64.
Preparing to unpack .../34-libxmlada-schema4.6.2016_17.1.2017-5_amd64.deb ...
Unpacking libxmlada-schema4.6.2016:amd64 (17.1.2017-5) ...
Selecting previously unselected package libgpr16.1.2016:amd64.
Preparing to unpack .../35-libgpr16.1.2016_2017-5_amd64.deb ...
Unpacking libgpr16.1.2016:amd64 (2017-5) ...
Selecting previously unselected package dh-ada-library.
Preparing to unpack .../36-dh-ada-library_6.12_amd64.deb ...
Unpacking dh-ada-library (6.12) ...
Selecting previously unselected package libgnatvsn7:amd64.
Preparing to unpack .../37-libgnatvsn7_7.3.0-1_amd64.deb ...
Unpacking libgnatvsn7:amd64 (7.3.0-1) ...
Selecting previously unselected package gnat-7.
Preparing to unpack .../38-gnat-7_7.3.0-1_amd64.deb ...
Unpacking gnat-7 (7.3.0-1) ...
Selecting previously unselected package gnat.
Preparing to unpack .../39-gnat_7_all.deb ...
Unpacking gnat (7) ...
Selecting previously unselected package gprbuild.
Preparing to unpack .../40-gprbuild_2017-5_amd64.deb ...
Unpacking gprbuild (2017-5) ...
Selecting previously unselected package libtinfo-dev:amd64.
Preparing to unpack .../41-libtinfo-dev_6.0+20171125-1_amd64.deb ...
Unpacking libtinfo-dev:amd64 (6.0+20171125-1) ...
Selecting previously unselected package libncurses5-dev:amd64.
Preparing to unpack .../42-libncurses5-dev_6.0+20171125-1_amd64.deb ...
Unpacking libncurses5-dev:amd64 (6.0+20171125-1) ...
Selecting previously unselected package pkg-config.
Preparing to unpack .../43-pkg-config_0.29-4+b1_amd64.deb ...
Unpacking pkg-config (0.29-4+b1) ...
Selecting previously unselected package sbuild-build-depends-libncursesada-dummy.
Preparing to unpack .../44-sbuild-build-depends-libncursesada-dummy_0.invalid.0_amd64.deb ...
Unpacking sbuild-build-depends-libncursesada-dummy (0.invalid.0) ...
Setting up libarchive-zip-perl (1.60-1) ...
Setting up libtimedate-perl (2.3000-2) ...
Setting up libsigsegv2:amd64 (2.12-1) ...
Setting up groff-base (1.22.3-9) ...
Setting up libglib2.0-0:amd64 (2.54.3-2) ...
No schema files found: doing nothing.
Setting up libtinfo-dev:amd64 (6.0+20171125-1) ...
Setting up gettext-base (0.19.8.1-4) ...
Setting up libpipeline1:amd64 (1.5.0-1) ...
Setting up m4 (1.4.18-1) ...
Setting up libicu57:amd64 (57.1-8) ...
Setting up libxml2:amd64 (2.9.4+dfsg1-6.1) ...
Setting up libmagic-mgc (1:5.32-1) ...
Setting up libmagic1:amd64 (1:5.32-1) ...
Setting up libcroco3:amd64 (0.6.12-2) ...
Setting up libncurses5-dev:amd64 (6.0+20171125-1) ...
Setting up pkg-config (0.29-4+b1) ...
Processing triggers for libc-bin (2.26-6) ...
Setting up autotools-dev (20171216.1) ...
Setting up autoconf-dickey (2.52+20170501-2) ...
Setting up bsdmainutils (11.1.2) ...
update-alternatives: using /usr/bin/bsd-write to provide /usr/bin/write (write) in auto mode
update-alternatives: using /usr/bin/bsd-from to provide /usr/bin/from (from) in auto mode
Setting up libgnat-7:amd64 (7.3.0-1) ...
Setting up autopoint (0.19.8.1-4) ...
Setting up libfile-stripnondeterminism-perl (0.040-1) ...
Setting up libxmlada-unicode4.6.2016:amd64 (17.1.2017-5) ...
Setting up libgnatvsn7:amd64 (7.3.0-1) ...
Setting up gettext (0.19.8.1-4) ...
Setting up autoconf (2.69-11) ...
Setting up file (1:5.32-1) ...
Setting up intltool-debian (0.35.0+20060710.4) ...
Setting up automake (1:1.15.1-3) ...
update-alternatives: using /usr/bin/automake-1.15 to provide /usr/bin/automake (automake) in auto mode
Setting up gnat-7 (7.3.0-1) ...
Setting up man-db (2.8.0-2) ...
Not building database; man-db/auto-update is not 'true'.
Setting up libxmlada-input4.6:amd64 (17.1.2017-5) ...
Setting up libtool (2.4.6-2) ...
Setting up libxmlada-sax4.6.2016:amd64 (17.1.2017-5) ...
Setting up gnat (7) ...
Setting up po-debconf (1.0.20) ...
Setting up libxmlada-dom4.6:amd64 (17.1.2017-5) ...
Setting up libxmlada-schema4.6.2016:amd64 (17.1.2017-5) ...
Setting up libgpr16.1.2016:amd64 (2017-5) ...
Setting up gprbuild (2017-5) ...
Setting up debhelper (11.1.4) ...
Setting up dh-autoreconf (16) ...
Setting up dh-strip-nondeterminism (0.040-1) ...
Setting up dh-ada-library (6.12) ...
Setting up sbuild-build-depends-libncursesada-dummy (0.invalid.0) ...
Processing triggers for libc-bin (2.26-6) ...

+------------------------------------------------------------------------------+
| Build environment                                                            |
+------------------------------------------------------------------------------+

Kernel: Linux 4.9.0-2-amd64 amd64 (x86_64)
Toolchain package versions: binutils_2.30-2 dpkg-dev_1.19.0.5 g++-7_7.3.0-1 gcc-7_7.3.0-1 libc6-dev_2.26-6 libstdc++-7-dev_7.3.0-1 libstdc++6_7.3.0-1 linux-libc-dev_4.14.13-1
Package versions: adduser_3.117 apt_1.6~alpha7 autoconf_2.69-11 autoconf-dickey_2.52+20170501-2 automake_1:1.15.1-3 autopoint_0.19.8.1-4 autotools-dev_20171216.1 base-files_10.1 base-passwd_3.5.44 bash_4.4.18-1 binutils_2.30-2 binutils-common_2.30-2 binutils-x86-64-linux-gnu_2.30-2 bsdmainutils_11.1.2 bsdutils_1:2.30.2-0.3 build-essential_12.4 bzip2_1.0.6-8.1 clang-6.0_1:6.0~+rc1-1 coreutils_8.28-1 cpp_4:7.2.0-1d1 cpp-7_7.3.0-1 dash_0.5.8-2.10 debconf_1.5.65 debfoster_2.7-2.1+b1 debhelper_11.1.4 debian-archive-keyring_2017.7 debianutils_4.8.4 dh-ada-library_6.12 dh-autoreconf_16 dh-strip-nondeterminism_0.040-1 diffutils_1:3.6-1 dpkg_1.19.0.5 dpkg-dev_1.19.0.5 e2fslibs_1.43.8-2 e2fsprogs_1.43.8-2 eatmydata_105-5 fakeroot_1.22-2 fdisk_2.30.2-0.3 file_1:5.32-1 findutils_4.6.0+git+20170828-2 g++_4:7.2.0-1d1 g++-7_7.3.0-1 gcc_4:7.2.0-1d1 gcc-6-base_6.4.0-12 gcc-7_7.3.0-1 gcc-7-base_7.3.0-1 gettext_0.19.8.1-4 gettext-base_0.19.8.1-4 gnat_7 gnat-7_7.3.0-1 gpgv_2.2.4-2 gprbuild_2017-5 grep_3.1-2 groff-base_1.22.3-9 gzip_1.6-5+b1 hostname_3.20 init-system-helpers_1.51 intltool-debian_0.35.0+20060710.4 lib32gcc1_1:7.3.0-1 lib32stdc++6_7.3.0-1 libacl1_2.2.52-3+b1 libapt-pkg5.0_1.6~alpha7 libarchive-zip-perl_1.60-1 libasan4_7.3.0-1 libatomic1_7.3.0-1 libattr1_1:2.4.47-2+b2 libaudit-common_1:2.8.2-1 libaudit1_1:2.8.2-1 libbinutils_2.30-2 libblkid1_2.30.2-0.3 libbsd0_0.8.7-1 libbz2-1.0_1.0.6-8.1 libc-bin_2.26-6 libc-dev-bin_2.26-6 libc6_2.26-6 libc6-dev_2.26-6 libc6-i386_2.26-6 libcap-ng0_0.7.7-3.1+b1 libcc1-0_7.3.0-1 libcilkrts5_7.3.0-1 libclang-common-6.0-dev_1:6.0~+rc1-1 libclang1-6.0_1:6.0~+rc1-1 libcomerr2_1.43.8-2 libcroco3_0.6.12-2 libdb5.3_5.3.28-13.1+b1 libdebconfclient0_0.240 libdpkg-perl_1.19.0.5 libeatmydata1_105-5 libedit2_3.1-20170329-1 libfakeroot_1.22-2 libfdisk1_2.30.2-0.3 libffi6_3.2.1-8 libfile-stripnondeterminism-perl_0.040-1 libgc1c2_1:7.4.2-8.1 libgcc-7-dev_7.3.0-1 libgcc1_1:7.3.0-1 libgcrypt20_1.8.1-4 libgdbm3_1.8.3-14 libgdbm5_1.14.1-2 libglib2.0-0_2.54.3-2 libgmp10_2:6.1.2+dfsg-2 libgnat-7_7.3.0-1 libgnatvsn7_7.3.0-1 libgnutls30_3.5.17-1 libgomp1_7.3.0-1 libgpg-error0_1.27-6 libgpr16.1.2016_2017-5 libhogweed4_3.4-1 libicu57_57.1-8 libidn2-0_2.0.4-1.1 libisl15_0.18-1 libitm1_7.3.0-1 libjsoncpp1_1.7.4-3 libllvm6.0_1:6.0~+rc1-1 liblsan0_7.3.0-1 liblz4-1_0.0~r131-2+b1 liblzma5_5.2.2-1.3 libmagic-mgc_1:5.32-1 libmagic1_1:5.32-1 libmount1_2.30.2-0.3 libmpc3_1.1.0-1 libmpfr4_3.1.6-1 libmpfr6_4.0.1~rc2-1 libmpx2_7.3.0-1 libncurses5_6.0+20171125-1 libncurses5-dev_6.0+20171125-1 libncursesw5_6.0+20171125-1 libnettle6_3.4-1 libobjc-7-dev_7.3.0-1 libobjc4_7.3.0-1 libp11-kit0_0.23.9-2 libpam-modules_1.1.8-3.6 libpam-modules-bin_1.1.8-3.6 libpam-runtime_1.1.8-3.6 libpam0g_1.1.8-3.6 libpcre3_2:8.39-9 libperl5.26_5.26.1-4+b1 libpipeline1_1.5.0-1 libquadmath0_7.3.0-1 libseccomp2_2.3.1-2.1 libselinux1_2.7-2+b1 libsemanage-common_2.7-2 libsemanage1_2.7-2+b1 libsepol1_2.7-1 libsigsegv2_2.12-1 libsmartcols1_2.30.2-0.3 libss2_1.43.8-2 libstdc++-7-dev_7.3.0-1 libstdc++6_7.3.0-1 libsystemd0_237-1 libtasn1-6_4.13-2 libtimedate-perl_2.3000-2 libtinfo-dev_6.0+20171125-1 libtinfo5_6.0+20171125-1 libtool_2.4.6-2 libtsan0_7.3.0-1 libubsan0_7.3.0-1 libudev1_237-1 libunistring2_0.9.8-1 libustr-1.0-1_1.0.4-6 libuuid1_2.30.2-0.3 libxml2_2.9.4+dfsg1-6.1 libxmlada-dom4.6_17.1.2017-5 libxmlada-input4.6_17.1.2017-5 libxmlada-sax4.6.2016_17.1.2017-5 libxmlada-schema4.6.2016_17.1.2017-5 libxmlada-unicode4.6.2016_17.1.2017-5 linux-libc-dev_4.14.13-1 login_1:4.5-1 m4_1.4.18-1 make_4.1-9.1 man-db_2.8.0-2 mawk_1.3.3-17+b3 mount_2.30.2-0.3 multiarch-support_2.26-6 ncurses-base_6.0+20171125-1 ncurses-bin_6.0+20171125-1 passwd_1:4.5-1 patch_2.7.5-1+b2 perl_5.26.1-4+b1 perl-base_5.26.1-4+b1 perl-modules-5.26_5.26.1-4 pkg-config_0.29-4+b1 po-debconf_1.0.20 sbuild-build-depends-core-dummy_0.invalid.0 sbuild-build-depends-libncursesada-dummy_0.invalid.0 sed_4.4-2 sensible-utils_0.0.11 sysvinit-utils_2.88dsf-59.10 tar_1.29b-2 util-linux_2.30.2-0.3 xz-utils_5.2.2-1.3 zlib1g_1:1.2.8.dfsg-5

+------------------------------------------------------------------------------+
| Build                                                                        |
+------------------------------------------------------------------------------+


Unpack source
-------------

gpgv: unknown type of key resource 'trustedkeys.kbx'
gpgv: keyblock resource '/sbuild-nonexistent/.gnupg/trustedkeys.kbx': General error
gpgv: Signature made Wed Aug  9 18:49:24 2017 UTC
gpgv:                using RSA key 62D94D32A99722112F59F7F2B52A9CF4490DFC8D
gpgv:                issuer "nicolas@debian.org"
gpgv: Can't check signature: No public key
dpkg-source: warning: failed to verify signature on ./libncursesada_6.0.20170708-2.dsc
dpkg-source: info: extracting libncursesada in /<<PKGBUILDDIR>>
dpkg-source: info: unpacking libncursesada_6.0.20170708.orig.tar.gz
dpkg-source: info: unpacking libncursesada_6.0.20170708-2.debian.tar.xz

Check disk space
----------------

Sufficient free space for build

User Environment
----------------

APT_CONFIG=/var/lib/sbuild/apt.conf
HOME=/sbuild-nonexistent
LANG=en_US.UTF-8
LC_ALL=POSIX
LOGNAME=user42
PATH=/usr/local/sbin:/usr/local/bin:/usr/sbin:/usr/bin:/sbin:/bin:/usr/games
SCHROOT_ALIAS_NAME=unstable-amd64-sbuild
SCHROOT_CHROOT_NAME=unstable-amd64-sbuild
SCHROOT_COMMAND=env
SCHROOT_GID=1001
SCHROOT_GROUP=user42
SCHROOT_SESSION_ID=unstable-amd64-sbuild-1309a4ea-59ed-4b80-b009-49c767afea3a
SCHROOT_UID=1001
SCHROOT_USER=user42
SHELL=/bin/sh
USER=user42

dpkg-buildpackage
-----------------

dpkg-buildpackage: info: source package libncursesada
dpkg-buildpackage: info: source version 6.0.20170708-2
dpkg-buildpackage: info: source distribution unstable
dpkg-buildpackage: info: source changed by Nicolas Boulenguez <nicolas@debian.org>
 dpkg-source --before-build libncursesada-6.0.20170708
dpkg-buildpackage: info: host architecture amd64
 fakeroot debian/rules clean
dh clean --with ada-library
   debian/rules override_dh_auto_clean
make[1]: Entering directory '/<<PKGBUILDDIR>>'
rm -f debian/build-lib-dynamic/* \
              debian/build-obj-dynamic/* \
              debian/build-lib-static/* \
              debian/build-obj-static/*
dh_auto_clean
make[1]: Leaving directory '/<<PKGBUILDDIR>>'
   dh_clean
 debian/rules build-arch
dh build-arch --with ada-library
   dh_update_autotools_config -a
   debian/rules override_dh_autoreconf
make[1]: Entering directory '/<<PKGBUILDDIR>>'
rm -f configure
dh_autoreconf autoconf-dickey
make[1]: Leaving directory '/<<PKGBUILDDIR>>'
   debian/rules override_dh_auto_configure-arch
make[1]: Entering directory '/<<PKGBUILDDIR>>'
dh_auto_configure -a -- \
          "ADAFLAGS=-g -O2 -fdebug-prefix-map=/<<PKGBUILDDIR>>=. -fstack-protector-strong" "CC=gnatgcc" "CFLAGS=-g -O2 -fdebug-prefix-map=/<<PKGBUILDDIR>>=. -fstack-protector-strong -Wformat -Werror=format-security" "CPPFLAGS=-Wdate-time -D_FORTIFY_SOURCE=2" "LDFLAGS=-Wl,-z,relro -Wl,-z,now -Wl,--as-needed -Wl,-z,defs" \
          --without-tests \
          --with-shared --with-ada-sharedlib=libncursesada.so.5
	./configure --build=x86_64-linux-gnu --prefix=/usr --includedir=\${prefix}/include --mandir=\${prefix}/share/man --infodir=\${prefix}/share/info --sysconfdir=/etc --localstatedir=/var --disable-silent-rules --libdir=\${prefix}/lib/x86_64-linux-gnu --libexecdir=\${prefix}/lib/x86_64-linux-gnu --disable-maintainer-mode --disable-dependency-tracking "ADAFLAGS=-g -O2 -fdebug-prefix-map=/<<PKGBUILDDIR>>=. -fstack-protector-strong" CC=gnatgcc "CFLAGS=-g -O2 -fdebug-prefix-map=/<<PKGBUILDDIR>>=. -fstack-protector-strong -Wformat -Werror=format-security" "CPPFLAGS=-Wdate-time -D_FORTIFY_SOURCE=2" "LDFLAGS=-Wl,-z,relro -Wl,-z,now -Wl,--as-needed -Wl,-z,defs" --without-tests --with-shared --with-ada-sharedlib=libncursesada.so.5
checking build system type... x86_64-pc-linux-gnu
checking host system type... x86_64-pc-linux-gnu
checking target system type... x86_64-pc-linux-gnu
Configuring for linux-gnu
checking for prefix... /usr
checking for C compiler default output... a.out
checking whether the C compiler works... yes
checking whether we are cross compiling... no
checking for executable suffix... 
checking for object suffix... o
checking whether we are using the GNU C compiler... yes
checking whether gnatgcc accepts -g... yes
checking version of gnatgcc... 7.3.0
checking for gnatgcc option to accept ANSI C... none needed
checking $CC variable... ok
checking how to run the C preprocessor... gnatgcc -E
checking whether gnatgcc needs -traditional... no
checking whether gnatgcc understands -c and -o together... yes
checking for mawk... mawk
checking for egrep... grep -E
checking for a BSD compatible install... /usr/bin/install -c
checking whether ln -s works... yes
checking if ln -s -f options work... yes
checking for long file names... yes
checking if you want to use pkg-config... yes
checking for pkg-config... /usr/bin/pkg-config
checking for /usr/bin/pkg-config library directory... checking done... /usr/lib/x86_64-linux-gnu/pkgconfig
checking if you want to build test-programs... no
checking if we should assume mixed-case filenames... auto
checking if filesystem supports mixed-case filenames... yes
checking whether make sets ${MAKE}... yes
checking for exctags... no
checking for ctags... no
checking for exetags... no
checking for etags... no
checking for ctags... no
checking for etags... no
checking for makeflags variable... -${MAKEFLAGS}
checking for ranlib... ranlib
checking for ld... ld
checking for ar... ar
checking for ar... (cached) ar
checking for options to update archives... -curvU
checking for PATH separator... :
checking if you have specified an install-prefix... 
checking if you want to build shared C-objects... yes
checking for specified models...  shared
checking for default model... shared
checking for specific curses-directory... no
checking pkg-config for ncurses... yes
checking if the ncurses package files work... yes
checking if you want wide-character code... no
checking pkg-config for ncurses... yes
checking if the ncurses package files work... yes
Configuring NCURSES 6.0 ABI 5 (Wed Feb  7 21:12:09 UTC 2018)
checking if you want to have a library-prefix... auto
checking for default loader flags... 
checking for an rpath option... -Wl,-rpath,
checking if release/abi version should be used for shared libs... auto
checking which gnatgcc option to use... -fPIC
checking if you want to link sample programs with rpath option... yes
checking if you want broken-linker support code... no
checking if we must define _GNU_SOURCE... no
checking if _XOPEN_SOURCE really is set... yes
checking for special C compiler options needed for large files... no
checking for _FILE_OFFSET_BITS value needed for large files... no
checking for _LARGE_FILES value needed for large files... no
checking for _LARGEFILE_SOURCE value needed for large files... no
checking for fseeko... yes
checking whether to use struct dirent64... no
checking if RCS identifiers should be compiled-in... no
checking if you want to build with function extensions... yes
checking for extended use of const keyword... no
checking if you want all development code... no
checking if you want to link with the pthread library... no
checking if you want to use weak-symbols for pthreads... no
checking for _nc_TABSIZE... no
checking if you want experimental reentrant code... no
checking if you want to see long compiling messages... yes
checking if you want to see compiler warnings... 
configure: checking for gnatgcc __attribute__ directives...
... scanf
... printf
... unused
... noreturn
checking if you want to enable runtime assertions... no
checking whether to add trace feature to all models... no
checking if we want to use GNAT projects... yes
checking for gettimeofday... yes
checking for ANSI C header files... yes
checking for sys/types.h... yes
checking for sys/stat.h... yes
checking for stdlib.h... yes
checking for string.h... yes
checking for memory.h... yes
checking for strings.h... yes
checking for inttypes.h... yes
checking for stdint.h... yes
checking for unistd.h... yes
checking for signed char... yes
checking size of signed char... 1
checking for ANSI C header files... (cached) yes
checking for dirent.h that defines DIR... yes
checking for opendir in -ldir... no
checking whether time.h and sys/time.h may both be included... yes
checking for an ANSI C-conforming const... yes
checking if data-only library module links... yes
checking for unistd.h... (cached) yes
checking for working mkstemp... yes
checking for gnatmake... yes
checking for gnat version... 7.3.0
checking for m4... yes
checking if GNAT works... no
configure: error: No usable Ada compiler found
	tail -v -n \+0 config.log
==> config.log <==
This file contains any messages produced by compilers while
running configure, to aid debugging if configure makes a mistake.

It was created by configure, which was
generated by GNU Autoconf 2.52.20170501.  Invocation command line was

  $ ./configure --build=x86_64-linux-gnu --prefix=/usr --includedir=${prefix}/include --mandir=${prefix}/share/man --infodir=${prefix}/share/info --sysconfdir=/etc --localstatedir=/var --disable-silent-rules --libdir=${prefix}/lib/x86_64-linux-gnu --libexecdir=${prefix}/lib/x86_64-linux-gnu --disable-maintainer-mode --disable-dependency-tracking ADAFLAGS=-g -O2 -fdebug-prefix-map=/<<PKGBUILDDIR>>=. -fstack-protector-strong CC=gnatgcc CFLAGS=-g -O2 -fdebug-prefix-map=/<<PKGBUILDDIR>>=. -fstack-protector-strong -Wformat -Werror=format-security CPPFLAGS=-Wdate-time -D_FORTIFY_SOURCE=2 LDFLAGS=-Wl,-z,relro -Wl,-z,now -Wl,--as-needed -Wl,-z,defs --without-tests --with-shared --with-ada-sharedlib=libncursesada.so.5

## ---------- ##
## Platform.  ##
## ---------- ##

hostname = ip-172-31-36-91
uname -m = x86_64
uname -r = 4.9.0-2-amd64
uname -s = Linux
uname -v = #1 SMP Debian 4.9.18-1 (2017-03-30)

/usr/bin/uname -p = unknown
/bin/uname -X     = unknown

/bin/arch              = unknown
/usr/bin/arch -k       = unknown
/usr/convex/getsysinfo = unknown
hostinfo               = unknown
/bin/machine           = unknown
/usr/bin/oslevel       = unknown
/bin/universe          = unknown

PATH = /usr/local/sbin:/usr/local/bin:/usr/sbin:/usr/bin:/sbin:/bin:/usr/games

## ------------ ##
## Core tests.  ##
## ------------ ##

configure:1022: PATH=".;."; conftest.sh
./configure: 1023: ./configure: conftest.sh: not found
configure:1025: $? = 127
configure:1069: checking build system type
configure:1087: result: x86_64-pc-linux-gnu
configure:1094: checking host system type
configure:1108: result: x86_64-pc-linux-gnu
configure:1116: checking target system type
configure:1130: result: x86_64-pc-linux-gnu
configure:1162: result: Configuring for linux-gnu
configure:1188: checking for prefix
configure:1200: result: /usr
configure:1324: checking for C compiler version
configure:1327: gnatgcc --version </dev/null >&5
gnatgcc (Debian 7.3.0-1) 7.3.0
Copyright (C) 2017 Free Software Foundation, Inc.
This is free software; see the source for copying conditions.  There is NO
warranty; not even for MERCHANTABILITY or FITNESS FOR A PARTICULAR PURPOSE.

configure:1330: $? = 0
configure:1332: gnatgcc -v </dev/null >&5
Using built-in specs.
COLLECT_GCC=gnatgcc
COLLECT_LTO_WRAPPER=/usr/lib/gcc/x86_64-linux-gnu/7/lto-wrapper
OFFLOAD_TARGET_NAMES=nvptx-none
OFFLOAD_TARGET_DEFAULT=1
Target: x86_64-linux-gnu
Configured with: ../src/configure -v --with-pkgversion='Debian 7.3.0-1' --with-bugurl=file:///usr/share/doc/gcc-7/README.Bugs --enable-languages=c,ada,c++,go,brig,d,fortran,objc,obj-c++ --prefix=/usr --with-gcc-major-version-only --program-suffix=-7 --program-prefix=x86_64-linux-gnu- --enable-shared --enable-linker-build-id --libexecdir=/usr/lib --without-included-gettext --enable-threads=posix --libdir=/usr/lib --enable-nls --with-sysroot=/ --enable-clocale=gnu --enable-libstdcxx-debug --enable-libstdcxx-time=yes --with-default-libstdcxx-abi=new --enable-gnu-unique-object --disable-vtable-verify --enable-libmpx --enable-plugin --enable-default-pie --with-system-zlib --with-target-system-zlib --enable-objc-gc=auto --enable-multiarch --disable-werror --with-arch-32=i686 --with-abi=m64 --with-multilib-list=m32,m64,mx32 --enable-multilib --with-tune=generic --enable-offload-targets=nvptx-none --without-cuda-driver --enable-checking=release --build=x86_64-linux-gnu --host=x86_64-linux-gnu --target=x86_64-linux-gnu
Thread model: posix
gcc version 7.3.0 (Debian 7.3.0-1) 
configure:1335: $? = 0
configure:1337: gnatgcc -V </dev/null >&5
gnatgcc: error: unrecognized command line option '-V'
gnatgcc: fatal error: no input files
compilation terminated.
configure:1340: $? = 1
configure:1360: checking for C compiler default output
configure:1363: gnatgcc -g -O2 -fdebug-prefix-map=/<<PKGBUILDDIR>>=. -fstack-protector-strong -Wformat -Werror=format-security -Wdate-time -D_FORTIFY_SOURCE=2 -Wl,-z,relro -Wl,-z,now -Wl,--as-needed -Wl,-z,defs conftest.c  >&5
configure:1366: $? = 0
configure:1395: result: a.out
configure:1400: checking whether the C compiler works
configure:1406: ./a.out
configure:1409: $? = 0
configure:1424: result: yes
configure:1431: checking whether we are cross compiling
configure:1433: result: no
configure:1436: checking for executable suffix
configure:1438: gnatgcc -o conftest -g -O2 -fdebug-prefix-map=/<<PKGBUILDDIR>>=. -fstack-protector-strong -Wformat -Werror=format-security -Wdate-time -D_FORTIFY_SOURCE=2 -Wl,-z,relro -Wl,-z,now -Wl,--as-needed -Wl,-z,defs conftest.c  >&5
configure:1441: $? = 0
configure:1463: result: 
configure:1469: checking for object suffix
configure:1487: gnatgcc -c -g -O2 -fdebug-prefix-map=/<<PKGBUILDDIR>>=. -fstack-protector-strong -Wformat -Werror=format-security -Wdate-time -D_FORTIFY_SOURCE=2 conftest.c >&5
configure:1490: $? = 0
configure:1509: result: o
configure:1513: checking whether we are using the GNU C compiler
configure:1534: gnatgcc -c -g -O2 -fdebug-prefix-map=/<<PKGBUILDDIR>>=. -fstack-protector-strong -Wformat -Werror=format-security -Wdate-time -D_FORTIFY_SOURCE=2 conftest.c >&5
configure:1537: $? = 0
configure:1540: test -s conftest.o
configure:1543: $? = 0
configure:1555: result: yes
configure:1561: checking whether gnatgcc accepts -g
configure:1579: gnatgcc -c -g -Wdate-time -D_FORTIFY_SOURCE=2 conftest.c >&5
configure:1582: $? = 0
configure:1585: test -s conftest.o
configure:1588: $? = 0
configure:1598: result: yes
configure:1625: gnatgcc -c -g -O2 -fdebug-prefix-map=/<<PKGBUILDDIR>>=. -fstack-protector-strong -Wformat -Werror=format-security -Wdate-time -D_FORTIFY_SOURCE=2 conftest.c >&5
conftest.c:2:3: error: unknown type name 'choke'
   choke me
   ^~~~~
conftest.c:2:3: error: expected '=', ',', ';', 'asm' or '__attribute__' at end of input
configure:1628: $? = 1
configure: failed program was:
#ifndef __cplusplus
  choke me
#endif
configure:1729: checking version of gnatgcc
configure:1733: result: 7.3.0
configure:1737: checking for gnatgcc option to accept ANSI C
configure:1794: gnatgcc  -c -g -O2 -fdebug-prefix-map=/<<PKGBUILDDIR>>=. -fstack-protector-strong -Wformat -Werror=format-security -Wdate-time -D_FORTIFY_SOURCE=2 conftest.c >&5
configure:1797: $? = 0
configure:1800: test -s conftest.o
configure:1803: $? = 0
configure:1820: result: none needed
configure:1831: checking $CC variable
configure:1966: result: ok
configure:1977: checking how to run the C preprocessor
configure:2003: gnatgcc -E -Wdate-time -D_FORTIFY_SOURCE=2 conftest.c
configure:2009: $? = 0
configure:2036: gnatgcc -E -Wdate-time -D_FORTIFY_SOURCE=2 conftest.c
configure:2033:10: fatal error: ac_nonexistent.h: No such file or directory
 #include "confdefs.h"
          ^~~~~~~~~~~~      
compilation terminated.
configure:2042: $? = 1
configure: failed program was:
#line 2032 "configure"
#include "confdefs.h"
#include <ac_nonexistent.h>
configure:2079: result: gnatgcc -E
configure:2094: gnatgcc -E -Wdate-time -D_FORTIFY_SOURCE=2 conftest.c
configure:2100: $? = 0
configure:2127: gnatgcc -E -Wdate-time -D_FORTIFY_SOURCE=2 conftest.c
configure:2124:10: fatal error: ac_nonexistent.h: No such file or directory
 #include "confdefs.h"
          ^~~~~~~~~~~~      
compilation terminated.
configure:2133: $? = 1
configure: failed program was:
#line 2123 "configure"
#include "confdefs.h"
#include <ac_nonexistent.h>
configure:2174: checking whether gnatgcc needs -traditional
configure:2209: result: no
configure:2216: checking whether gnatgcc understands -c and -o together
configure:2231: gnatgcc -g -O2 -fdebug-prefix-map=/<<PKGBUILDDIR>>=. -fstack-protector-strong -Wformat -Werror=format-security -Wdate-time -D_FORTIFY_SOURCE=2 -c conftest.c -o conftest2.o >&5
configure:2234: $? = 0
configure:2236: gnatgcc -g -O2 -fdebug-prefix-map=/<<PKGBUILDDIR>>=. -fstack-protector-strong -Wformat -Werror=format-security -Wdate-time -D_FORTIFY_SOURCE=2 -c conftest.c -o conftest2.o >&5
configure:2239: $? = 0
configure:2250: result: yes
configure:2274: checking for mawk
configure:2289: found /usr/bin/mawk
configure:2297: result: mawk
configure:2311: checking for egrep
configure:2321: result: grep -E
configure:2341: checking for a BSD compatible install
configure:2390: result: /usr/bin/install -c
configure:2401: checking whether ln -s works
configure:2405: result: yes
configure:2412: checking if ln -s -f options work
configure:2424: result: yes
configure:2429: checking for long file names
configure:2468: result: yes
configure:2480: checking if you want to use pkg-config
configure:2490: result: yes
configure:2542: checking for pkg-config
configure:2559: found /usr/bin/pkg-config
configure:2571: result: /usr/bin/pkg-config
configure:2634: checking for /usr/bin/pkg-config library directory
configure:2689: testing list... ...
configure:2695: testing checking /usr/lib/x86_64-linux-gnu/pkgconfig ...
configure:2700: checking done
configure:2711: result: /usr/lib/x86_64-linux-gnu/pkgconfig
configure:2715: checking if you want to build test-programs
configure:2725: result: no
configure:2728: checking if we should assume mixed-case filenames
configure:2738: result: auto
configure:2742: checking if filesystem supports mixed-case filenames
configure:2769: result: yes
configure:2787: checking whether make sets ${MAKE}
configure:2807: result: yes
configure:2820: checking for exctags
configure:2846: result: no
configure:2820: checking for ctags
configure:2846: result: no
configure:2857: checking for exetags
configure:2883: result: no
configure:2857: checking for etags
configure:2883: result: no
configure:2892: checking for ctags
configure:2916: result: no
configure:2926: checking for etags
configure:2950: result: no
configure:2973: checking for makeflags variable
configure:3007: result: -${MAKEFLAGS}
configure:3048: checking for ranlib
configure:3063: found /usr/bin/ranlib
configure:3072: result: ranlib
configure:3122: checking for ld
configure:3137: found /usr/bin/ld
configure:3146: result: ld
configure:3196: checking for ar
configure:3211: found /usr/bin/ar
configure:3220: result: ar
configure:3270: checking for ar
configure:3294: result: ar
configure:3306: checking for options to update archives
configure:3332: gnatgcc -c -g -O2 -fdebug-prefix-map=/<<PKGBUILDDIR>>=. -fstack-protector-strong -Wformat -Werror=format-security -Wdate-time -D_FORTIFY_SOURCE=2 conftest.c >&5
configure:3335: $? = 0
ar  -curvU conftest.a conftest.o
configure:3354: result: -curvU
configure:3365: checking for PATH separator
configure:3372: result: :
configure:3375: checking if you have specified an install-prefix
configure:3388: result: 
configure:3544: checking if you want to build shared C-objects
configure:3554: result: yes
configure:3558: checking for specified models
configure:3561: result:  shared
configure:3566: checking for default model
configure:3569: result: shared
configure:3574: checking for specific curses-directory
configure:3584: result: no
configure:3737: checking pkg-config for ncurses
configure:3740: result: yes
configure:3743: checking if the ncurses package files work
configure:3781: gnatgcc -o conftest -g -O2 -fdebug-prefix-map=/<<PKGBUILDDIR>>=. -fstack-protector-strong -Wformat -Werror=format-security -Wdate-time -D_FORTIFY_SOURCE=2 -D_GNU_SOURCE -D_DEFAULT_SOURCE -Wl,-z,relro -Wl,-z,now -Wl,--as-needed -Wl,-z,defs conftest.c -lncurses -ltinfo >&5
configure: In function 'main':
configure:3774:28: warning: implicit declaration of function 'tgoto' [-Wimplicit-function-declaration]
 {
                            ^    
configure:3784: $? = 0
configure:3787: test -s conftest
configure:3790: $? = 0
configure:3803: gnatgcc -o conftest -g -O2 -fdebug-prefix-map=/<<PKGBUILDDIR>>=. -fstack-protector-strong -Wformat -Werror=format-security -Wdate-time -D_FORTIFY_SOURCE=2 -D_GNU_SOURCE -D_DEFAULT_SOURCE -Wl,-z,relro -Wl,-z,now -Wl,--as-needed -Wl,-z,defs conftest.c -lncurses -ltinfo >&5
configure: In function 'main':
configure:3799:18: warning: initialization discards 'const' qualifier from pointer target type [-Wdiscarded-qualifiers]
     int main(void)
                  ^             
configure:3806: $? = 0
configure:3808: ./conftest
configure:3811: $? = 0
configure:3828: result: yes
configure:5268: checking if you want wide-character code
configure:5278: result: no
configure:7380: checking pkg-config for ncurses
configure:7383: result: yes
configure:7386: checking if the ncurses package files work
configure:7424: gnatgcc -o conftest -g -O2 -fdebug-prefix-map=/<<PKGBUILDDIR>>=. -fstack-protector-strong -Wformat -Werror=format-security -Wdate-time -D_FORTIFY_SOURCE=2 -D_GNU_SOURCE -D_DEFAULT_SOURCE -D_GNU_SOURCE -D_DEFAULT_SOURCE -Wl,-z,relro -Wl,-z,now -Wl,--as-needed -Wl,-z,defs conftest.c -lncurses -ltinfo >&5
configure: In function 'main':
configure:7417:28: warning: implicit declaration of function 'tgoto' [-Wimplicit-function-declaration]
 {
                            ^    
configure:7427: $? = 0
configure:7430: test -s conftest
configure:7433: $? = 0
configure:7446: gnatgcc -o conftest -g -O2 -fdebug-prefix-map=/<<PKGBUILDDIR>>=. -fstack-protector-strong -Wformat -Werror=format-security -Wdate-time -D_FORTIFY_SOURCE=2 -D_GNU_SOURCE -D_DEFAULT_SOURCE -D_GNU_SOURCE -D_DEFAULT_SOURCE -Wl,-z,relro -Wl,-z,now -Wl,--as-needed -Wl,-z,defs conftest.c -lncurses -ltinfo >&5
configure: In function 'main':
configure:7442:18: warning: initialization discards 'const' qualifier from pointer target type [-Wdiscarded-qualifiers]
     int main(void)
                  ^             
configure:7449: $? = 0
configure:7451: ./conftest
configure:7454: $? = 0
configure:7471: result: yes
configure:8967: result: Configuring NCURSES 6.0 ABI 5 (Wed Feb  7 21:12:09 UTC 2018)
configure:8970: checking if you want to have a library-prefix
configure:8980: result: auto
configure:9015: checking for default loader flags
configure:9023: result: 
configure:9027: checking for an rpath option
configure:9058: result: -Wl,-rpath,
configure:9136: checking if release/abi version should be used for shared libs
configure:9162: result: auto
configure:9185: checking which gnatgcc option to use
configure:9204: gnatgcc -c -g -O2 -fdebug-prefix-map=/<<PKGBUILDDIR>>=. -fstack-protector-strong -Wformat -Werror=format-security -fPIC -Wdate-time -D_FORTIFY_SOURCE=2 -D_GNU_SOURCE -D_DEFAULT_SOURCE -D_GNU_SOURCE -D_DEFAULT_SOURCE conftest.c >&5
configure:9207: $? = 0
configure:9210: test -s conftest.o
configure:9213: $? = 0
configure:9222: result: -fPIC
configure:9665: testing CC_SHARED_OPTS: -fPIC ...
configure:9669: testing MK_SHARED_LIB:  ${CC} ${CFLAGS} -shared -Wl,-soname,`basename $@ .${REL_VERSION}`.${ABI_VERSION},-stats,-lc -o $@ ...
configure:9675: checking if you want to link sample programs with rpath option
configure:9685: result: yes
configure:9697: checking if you want broken-linker support code
configure:9707: result: no
configure:9773: checking if we must define _GNU_SOURCE
configure:9795: gnatgcc -c -g -O2 -fdebug-prefix-map=/<<PKGBUILDDIR>>=. -fstack-protector-strong -Wformat -Werror=format-security -Wdate-time -D_FORTIFY_SOURCE=2 -D_GNU_SOURCE -D_DEFAULT_SOURCE -D_GNU_SOURCE -D_DEFAULT_SOURCE conftest.c >&5
configure:9798: $? = 0
configure:9801: test -s conftest.o
configure:9804: $? = 0
configure:9852: result: no
configure:10775: checking if _XOPEN_SOURCE really is set
configure:10793: gnatgcc -c -g -O2 -fdebug-prefix-map=/<<PKGBUILDDIR>>=. -fstack-protector-strong -Wformat -Werror=format-security -Wdate-time -D_FORTIFY_SOURCE=2 -D_GNU_SOURCE -D_DEFAULT_SOURCE -D_GNU_SOURCE -D_DEFAULT_SOURCE conftest.c >&5
configure:10796: $? = 0
configure:10799: test -s conftest.o
configure:10802: $? = 0
configure:10811: result: yes
configure:10831: gnatgcc -c -g -O2 -fdebug-prefix-map=/<<PKGBUILDDIR>>=. -fstack-protector-strong -Wformat -Werror=format-security -Wdate-time -D_FORTIFY_SOURCE=2 -D_GNU_SOURCE -D_DEFAULT_SOURCE -D_GNU_SOURCE -D_DEFAULT_SOURCE conftest.c >&5
configure:10834: $? = 0
configure:10837: test -s conftest.o
configure:10840: $? = 0
configure:11068: checking for special C compiler options needed for large files
configure:11142: result: no
configure:11148: checking for _FILE_OFFSET_BITS value needed for large files
configure:11176: gnatgcc -c -g -O2 -fdebug-prefix-map=/<<PKGBUILDDIR>>=. -fstack-protector-strong -Wformat -Werror=format-security -Wdate-time -D_FORTIFY_SOURCE=2 -D_GNU_SOURCE -D_DEFAULT_SOURCE -D_GNU_SOURCE -D_DEFAULT_SOURCE conftest.c >&5
configure:11179: $? = 0
configure:11182: test -s conftest.o
configure:11185: $? = 0
configure:11235: result: no
configure:11245: checking for _LARGE_FILES value needed for large files
configure:11273: gnatgcc -c -g -O2 -fdebug-prefix-map=/<<PKGBUILDDIR>>=. -fstack-protector-strong -Wformat -Werror=format-security -Wdate-time -D_FORTIFY_SOURCE=2 -D_GNU_SOURCE -D_DEFAULT_SOURCE -D_GNU_SOURCE -D_DEFAULT_SOURCE conftest.c >&5
configure:11276: $? = 0
configure:11279: test -s conftest.o
configure:11282: $? = 0
configure:11332: result: no
configure:11345: checking for _LARGEFILE_SOURCE value needed for large files
configure:11365: gnatgcc -c -g -O2 -fdebug-prefix-map=/<<PKGBUILDDIR>>=. -fstack-protector-strong -Wformat -Werror=format-security -Wdate-time -D_FORTIFY_SOURCE=2 -D_GNU_SOURCE -D_DEFAULT_SOURCE -D_GNU_SOURCE -D_DEFAULT_SOURCE conftest.c >&5
configure:11368: $? = 0
configure:11371: test -s conftest.o
configure:11374: $? = 0
configure:11416: result: no
configure:11430: checking for fseeko
configure:11448: gnatgcc -o conftest -g -O2 -fdebug-prefix-map=/<<PKGBUILDDIR>>=. -fstack-protector-strong -Wformat -Werror=format-security -Wdate-time -D_FORTIFY_SOURCE=2 -D_GNU_SOURCE -D_DEFAULT_SOURCE -D_GNU_SOURCE -D_DEFAULT_SOURCE -Wl,-z,relro -Wl,-z,now -Wl,--as-needed -Wl,-z,defs conftest.c -lncurses -ltinfo >&5
configure:11451: $? = 0
configure:11454: test -s conftest
configure:11457: $? = 0
configure:11467: result: yes
configure:11488: checking whether to use struct dirent64
configure:11517: gnatgcc -c -g -O2 -fdebug-prefix-map=/<<PKGBUILDDIR>>=. -fstack-protector-strong -Wformat -Werror=format-security -Wdate-time -D_FORTIFY_SOURCE=2 -D_GNU_SOURCE -D_DEFAULT_SOURCE -D_GNU_SOURCE -D_DEFAULT_SOURCE conftest.c >&5
configure: In function 'main':
configure:11506:28: error: conflicting types for 'readdir'
   /* if transitional largefile support is setup, this is true */
                            ^~~~~~~
In file included from configure:11499:0:
/usr/include/dirent.h:162:23: note: previous declaration of 'readdir' was here
 extern struct dirent *readdir (DIR *__dirp) __nonnull ((1));
                       ^~~~~~~
configure:11508:22: error: initialization from incompatible pointer type [-Werror=incompatible-pointer-types]
   struct dirent64 *x = readdir((DIR *)0);
                      ^~~~~~~
configure:11509:13: error: invalid operands to binary - (have 'struct dirent64 *' and 'struct dirent *')
   struct dirent *y = readdir((DIR *)0);
             ^
cc1: some warnings being treated as errors
configure:11520: $? = 1
configure: failed program was:
#line 11495 "configure"
#include "confdefs.h"

#pragma GCC diagnostic error "-Wincompatible-pointer-types"
#include <sys/types.h>
#include <dirent.h>

int
main (void)
{

		/* if transitional largefile support is setup, this is true */
		extern struct dirent64 * readdir(DIR *);
		struct dirent64 *x = readdir((DIR *)0);
		struct dirent *y = readdir((DIR *)0);
		int z = x - y;

  ;
  return 0;
}
configure:11537: result: no
configure:11547: checking if RCS identifiers should be compiled-in
configure:11557: result: no
configure:11567: checking if you want to build with function extensions
configure:11577: result: yes
configure:11595: checking for extended use of const keyword
configure:11605: result: no
configure:11615: checking if you want all development code
configure:11625: result: no
configure:11634: checking if you want to link with the pthread library
configure:11644: result: no
configure:11787: checking if you want to use weak-symbols for pthreads
configure:11797: result: no
configure:11883: checking for _nc_TABSIZE
configure:11920: gnatgcc -o conftest -g -O2 -fdebug-prefix-map=/<<PKGBUILDDIR>>=. -fstack-protector-strong -Wformat -Werror=format-security -Wdate-time -D_FORTIFY_SOURCE=2 -D_GNU_SOURCE -D_DEFAULT_SOURCE -D_GNU_SOURCE -D_DEFAULT_SOURCE -Wl,-z,relro -Wl,-z,now -Wl,--as-needed -Wl,-z,defs conftest.c -lncurses -ltinfo >&5
/tmp/cc5CT5hC.o: In function `main':
./configure:11911: undefined reference to `_nc_TABSIZE'
collect2: error: ld returned 1 exit status
configure:11923: $? = 1
configure: failed program was:
#line 11889 "configure"
#include "confdefs.h"
/* System header to define __stub macros and hopefully few prototypes,
    which can conflict with char _nc_TABSIZE (); below.  */
#include <assert.h>
/* Override any gcc2 internal prototype to avoid an error.  */
#ifdef __cplusplus
extern "C"
#endif
/* We use char because int might match the return type of a gcc2
   builtin and then its argument prototype would still apply.  */
char _nc_TABSIZE ();
char (*f) ();

int
main (void)
{
/* The GNU C library defines this for functions which it implements
    to always fail with ENOSYS.  Some functions are actually named
    something starting with __ and the normal name is an alias.  */
#if defined (__stub__nc_TABSIZE) || defined (__stub____nc_TABSIZE)
choke me
#else
f = _nc_TABSIZE; /* workaround for ICC 12.0.3 */ if (f == 0) return 1;
#endif

  ;
  return 0;
}
configure:11939: result: no
configure:11951: checking if you want experimental reentrant code
configure:11961: result: no
configure:12008: checking if you want to see long compiling messages
configure:12042: result: yes
configure:12046: checking if you want to see compiler warnings
configure:12054: result: 
configure:12294: checking for gnatgcc __attribute__ directives...
checking for gnatgcc __attribute__((scanf))
configure:12346: gnatgcc -c -g -O2 -fdebug-prefix-map=/<<PKGBUILDDIR>>=. -fstack-protector-strong -Wformat -Werror=format-security -Wdate-time -D_FORTIFY_SOURCE=2 -D_GNU_SOURCE -D_DEFAULT_SOURCE -D_GNU_SOURCE -D_DEFAULT_SOURCE conftest.c >&5
configure:12349: $? = 0
checking for gnatgcc __attribute__((printf))
configure:12346: gnatgcc -c -g -O2 -fdebug-prefix-map=/<<PKGBUILDDIR>>=. -fstack-protector-strong -Wformat -Werror=format-security -Wdate-time -D_FORTIFY_SOURCE=2 -D_GNU_SOURCE -D_DEFAULT_SOURCE -D_GNU_SOURCE -D_DEFAULT_SOURCE conftest.c >&5
configure:12349: $? = 0
checking for gnatgcc __attribute__((unused))
configure:12346: gnatgcc -c -g -O2 -fdebug-prefix-map=/<<PKGBUILDDIR>>=. -fstack-protector-strong -Wformat -Werror=format-security -Wdate-time -D_FORTIFY_SOURCE=2 -D_GNU_SOURCE -D_DEFAULT_SOURCE -D_GNU_SOURCE -D_DEFAULT_SOURCE conftest.c >&5
configure:12349: $? = 0
checking for gnatgcc __attribute__((noreturn))
configure:12346: gnatgcc -c -g -O2 -fdebug-prefix-map=/<<PKGBUILDDIR>>=. -fstack-protector-strong -Wformat -Werror=format-security -Wdate-time -D_FORTIFY_SOURCE=2 -D_GNU_SOURCE -D_DEFAULT_SOURCE -D_GNU_SOURCE -D_DEFAULT_SOURCE conftest.c >&5
configure:12349: $? = 0
configure:12411: checking if you want to enable runtime assertions
configure:12421: result: no
configure:12474: checking whether to add trace feature to all models
configure:12484: result: no
configure:12592: checking if we want to use GNAT projects
configure:12609: result: yes
configure:12617: checking for gettimeofday
configure:12654: gnatgcc -o conftest -g -O2 -fdebug-prefix-map=/<<PKGBUILDDIR>>=. -fstack-protector-strong -Wformat -Werror=format-security -Wdate-time -D_FORTIFY_SOURCE=2 -D_GNU_SOURCE -D_DEFAULT_SOURCE -D_GNU_SOURCE -D_DEFAULT_SOURCE -DNDEBUG -Wl,-z,relro -Wl,-z,now -Wl,--as-needed -Wl,-z,defs conftest.c -lncurses -ltinfo >&5
configure:12657: $? = 0
configure:12660: test -s conftest
configure:12663: $? = 0
configure:12673: result: yes
configure:12745: checking for ANSI C header files
configure:12759: gnatgcc -E -Wdate-time -D_FORTIFY_SOURCE=2 -D_GNU_SOURCE -D_DEFAULT_SOURCE -D_GNU_SOURCE -D_DEFAULT_SOURCE -DNDEBUG conftest.c
configure:12765: $? = 0
configure:12852: gnatgcc -o conftest -g -O2 -fdebug-prefix-map=/<<PKGBUILDDIR>>=. -fstack-protector-strong -Wformat -Werror=format-security -Wdate-time -D_FORTIFY_SOURCE=2 -D_GNU_SOURCE -D_DEFAULT_SOURCE -D_GNU_SOURCE -D_DEFAULT_SOURCE -DNDEBUG -Wl,-z,relro -Wl,-z,now -Wl,--as-needed -Wl,-z,defs conftest.c -lncurses -ltinfo >&5
configure:12855: $? = 0
configure:12857: ./conftest
configure:12860: $? = 0
configure:12873: result: yes
configure:12889: checking for sys/types.h
configure:12901: gnatgcc -c -g -O2 -fdebug-prefix-map=/<<PKGBUILDDIR>>=. -fstack-protector-strong -Wformat -Werror=format-security -Wdate-time -D_FORTIFY_SOURCE=2 -D_GNU_SOURCE -D_DEFAULT_SOURCE -D_GNU_SOURCE -D_DEFAULT_SOURCE -DNDEBUG conftest.c >&5
configure:12904: $? = 0
configure:12907: test -s conftest.o
configure:12910: $? = 0
configure:12920: result: yes
configure:12889: checking for sys/stat.h
configure:12901: gnatgcc -c -g -O2 -fdebug-prefix-map=/<<PKGBUILDDIR>>=. -fstack-protector-strong -Wformat -Werror=format-security -Wdate-time -D_FORTIFY_SOURCE=2 -D_GNU_SOURCE -D_DEFAULT_SOURCE -D_GNU_SOURCE -D_DEFAULT_SOURCE -DNDEBUG conftest.c >&5
configure:12904: $? = 0
configure:12907: test -s conftest.o
configure:12910: $? = 0
configure:12920: result: yes
configure:12889: checking for stdlib.h
configure:12901: gnatgcc -c -g -O2 -fdebug-prefix-map=/<<PKGBUILDDIR>>=. -fstack-protector-strong -Wformat -Werror=format-security -Wdate-time -D_FORTIFY_SOURCE=2 -D_GNU_SOURCE -D_DEFAULT_SOURCE -D_GNU_SOURCE -D_DEFAULT_SOURCE -DNDEBUG conftest.c >&5
configure:12904: $? = 0
configure:12907: test -s conftest.o
configure:12910: $? = 0
configure:12920: result: yes
configure:12889: checking for string.h
configure:12901: gnatgcc -c -g -O2 -fdebug-prefix-map=/<<PKGBUILDDIR>>=. -fstack-protector-strong -Wformat -Werror=format-security -Wdate-time -D_FORTIFY_SOURCE=2 -D_GNU_SOURCE -D_DEFAULT_SOURCE -D_GNU_SOURCE -D_DEFAULT_SOURCE -DNDEBUG conftest.c >&5
configure:12904: $? = 0
configure:12907: test -s conftest.o
configure:12910: $? = 0
configure:12920: result: yes
configure:12889: checking for memory.h
configure:12901: gnatgcc -c -g -O2 -fdebug-prefix-map=/<<PKGBUILDDIR>>=. -fstack-protector-strong -Wformat -Werror=format-security -Wdate-time -D_FORTIFY_SOURCE=2 -D_GNU_SOURCE -D_DEFAULT_SOURCE -D_GNU_SOURCE -D_DEFAULT_SOURCE -DNDEBUG conftest.c >&5
configure:12904: $? = 0
configure:12907: test -s conftest.o
configure:12910: $? = 0
configure:12920: result: yes
configure:12889: checking for strings.h
configure:12901: gnatgcc -c -g -O2 -fdebug-prefix-map=/<<PKGBUILDDIR>>=. -fstack-protector-strong -Wformat -Werror=format-security -Wdate-time -D_FORTIFY_SOURCE=2 -D_GNU_SOURCE -D_DEFAULT_SOURCE -D_GNU_SOURCE -D_DEFAULT_SOURCE -DNDEBUG conftest.c >&5
configure:12904: $? = 0
configure:12907: test -s conftest.o
configure:12910: $? = 0
configure:12920: result: yes
configure:12889: checking for inttypes.h
configure:12901: gnatgcc -c -g -O2 -fdebug-prefix-map=/<<PKGBUILDDIR>>=. -fstack-protector-strong -Wformat -Werror=format-security -Wdate-time -D_FORTIFY_SOURCE=2 -D_GNU_SOURCE -D_DEFAULT_SOURCE -D_GNU_SOURCE -D_DEFAULT_SOURCE -DNDEBUG conftest.c >&5
configure:12904: $? = 0
configure:12907: test -s conftest.o
configure:12910: $? = 0
configure:12920: result: yes
configure:12889: checking for stdint.h
configure:12901: gnatgcc -c -g -O2 -fdebug-prefix-map=/<<PKGBUILDDIR>>=. -fstack-protector-strong -Wformat -Werror=format-security -Wdate-time -D_FORTIFY_SOURCE=2 -D_GNU_SOURCE -D_DEFAULT_SOURCE -D_GNU_SOURCE -D_DEFAULT_SOURCE -DNDEBUG conftest.c >&5
configure:12904: $? = 0
configure:12907: test -s conftest.o
configure:12910: $? = 0
configure:12920: result: yes
configure:12889: checking for unistd.h
configure:12901: gnatgcc -c -g -O2 -fdebug-prefix-map=/<<PKGBUILDDIR>>=. -fstack-protector-strong -Wformat -Werror=format-security -Wdate-time -D_FORTIFY_SOURCE=2 -D_GNU_SOURCE -D_DEFAULT_SOURCE -D_GNU_SOURCE -D_DEFAULT_SOURCE -DNDEBUG conftest.c >&5
configure:12904: $? = 0
configure:12907: test -s conftest.o
configure:12910: $? = 0
configure:12920: result: yes
configure:12930: checking for signed char
configure:12951: gnatgcc -c -g -O2 -fdebug-prefix-map=/<<PKGBUILDDIR>>=. -fstack-protector-strong -Wformat -Werror=format-security -Wdate-time -D_FORTIFY_SOURCE=2 -D_GNU_SOURCE -D_DEFAULT_SOURCE -D_GNU_SOURCE -D_DEFAULT_SOURCE -DNDEBUG conftest.c >&5
configure:12954: $? = 0
configure:12957: test -s conftest.o
configure:12960: $? = 0
configure:12970: result: yes
configure:12973: checking size of signed char
configure:13137: gnatgcc -o conftest -g -O2 -fdebug-prefix-map=/<<PKGBUILDDIR>>=. -fstack-protector-strong -Wformat -Werror=format-security -Wdate-time -D_FORTIFY_SOURCE=2 -D_GNU_SOURCE -D_DEFAULT_SOURCE -D_GNU_SOURCE -D_DEFAULT_SOURCE -DNDEBUG -Wl,-z,relro -Wl,-z,now -Wl,--as-needed -Wl,-z,defs conftest.c -lncurses -ltinfo >&5
configure: In function 'main':
configure:13162:13: warning: format '%d' expects argument of type 'int', but argument 3 has type 'long unsigned int' [-Wformat=]
 echo "${ECHO_T}$ac_cv_sizeof_signed_char" >&6
             ^~~~
configure:13140: $? = 0
configure:13142: ./conftest
configure:13145: $? = 0
configure:13161: result: 1
configure:13167: checking for ANSI C header files
configure:13295: result: yes
configure:13308: checking for dirent.h that defines DIR
configure:13329: gnatgcc -c -g -O2 -fdebug-prefix-map=/<<PKGBUILDDIR>>=. -fstack-protector-strong -Wformat -Werror=format-security -Wdate-time -D_FORTIFY_SOURCE=2 -D_GNU_SOURCE -D_DEFAULT_SOURCE -D_GNU_SOURCE -D_DEFAULT_SOURCE -DNDEBUG conftest.c >&5
configure:13332: $? = 0
configure:13335: test -s conftest.o
configure:13338: $? = 0
configure:13348: result: yes
configure:13361: checking for opendir in -ldir
configure:13388: gnatgcc -o conftest -g -O2 -fdebug-prefix-map=/<<PKGBUILDDIR>>=. -fstack-protector-strong -Wformat -Werror=format-security -Wdate-time -D_FORTIFY_SOURCE=2 -D_GNU_SOURCE -D_DEFAULT_SOURCE -D_GNU_SOURCE -D_DEFAULT_SOURCE -DNDEBUG -Wl,-z,relro -Wl,-z,now -Wl,--as-needed -Wl,-z,defs conftest.c -ldir  -lncurses -ltinfo >&5
/usr/bin/ld: cannot find -ldir
collect2: error: ld returned 1 exit status
configure:13391: $? = 1
configure: failed program was:
#line 13369 "configure"
#include "confdefs.h"

/* Override any gcc2 internal prototype to avoid an error.  */
#ifdef __cplusplus
extern "C"
#endif
/* We use char because int might match the return type of a gcc2
   builtin and then its argument prototype would still apply.  */
char opendir ();
int
main (void)
{
opendir ();
  ;
  return 0;
}
configure:13408: result: no
configure:13470: checking whether time.h and sys/time.h may both be included
configure:13492: gnatgcc -c -g -O2 -fdebug-prefix-map=/<<PKGBUILDDIR>>=. -fstack-protector-strong -Wformat -Werror=format-security -Wdate-time -D_FORTIFY_SOURCE=2 -D_GNU_SOURCE -D_DEFAULT_SOURCE -D_GNU_SOURCE -D_DEFAULT_SOURCE -DNDEBUG conftest.c >&5
configure:13495: $? = 0
configure:13498: test -s conftest.o
configure:13501: $? = 0
configure:13511: result: yes
configure:13529: checking for an ANSI C-conforming const
configure:13593: gnatgcc -c -g -O2 -fdebug-prefix-map=/<<PKGBUILDDIR>>=. -fstack-protector-strong -Wformat -Werror=format-security -Wdate-time -D_FORTIFY_SOURCE=2 -D_GNU_SOURCE -D_DEFAULT_SOURCE -D_GNU_SOURCE -D_DEFAULT_SOURCE -DNDEBUG conftest.c >&5
configure:13596: $? = 0
configure:13599: test -s conftest.o
configure:13602: $? = 0
configure:13612: result: yes
configure:13624: checking if data-only library module links
configure:13635: gnatgcc -c -g -O2 -fdebug-prefix-map=/<<PKGBUILDDIR>>=. -fstack-protector-strong -Wformat -Werror=format-security -Wdate-time -D_FORTIFY_SOURCE=2 -D_GNU_SOURCE -D_DEFAULT_SOURCE -D_GNU_SOURCE -D_DEFAULT_SOURCE -DNDEBUG conftest.c >&5
configure:13638: $? = 0
configure:13658: gnatgcc -c -g -O2 -fdebug-prefix-map=/<<PKGBUILDDIR>>=. -fstack-protector-strong -Wformat -Werror=format-security -Wdate-time -D_FORTIFY_SOURCE=2 -D_GNU_SOURCE -D_DEFAULT_SOURCE -D_GNU_SOURCE -D_DEFAULT_SOURCE -DNDEBUG conftest.c >&5
configure:13661: $? = 0
configure:13685: gnatgcc -o conftest -g -O2 -fdebug-prefix-map=/<<PKGBUILDDIR>>=. -fstack-protector-strong -Wformat -Werror=format-security -Wdate-time -D_FORTIFY_SOURCE=2 -D_GNU_SOURCE -D_DEFAULT_SOURCE -D_GNU_SOURCE -D_DEFAULT_SOURCE -DNDEBUG -Wl,-z,relro -Wl,-z,now -Wl,--as-needed -Wl,-z,defs conftest.c conftest.a -lncurses -ltinfo >&5
configure:13688: $? = 0
configure:13690: ./conftest
configure:13693: $? = 0
configure:13708: result: yes
configure:13727: checking for unistd.h
configure:13762: result: yes
configure:13772: checking for working mkstemp
configure:13824: gnatgcc -o conftest -g -O2 -fdebug-prefix-map=/<<PKGBUILDDIR>>=. -fstack-protector-strong -Wformat -Werror=format-security -Wdate-time -D_FORTIFY_SOURCE=2 -D_GNU_SOURCE -D_DEFAULT_SOURCE -D_GNU_SOURCE -D_DEFAULT_SOURCE -DNDEBUG -Wl,-z,relro -Wl,-z,now -Wl,--as-needed -Wl,-z,defs conftest.c -lncurses -ltinfo >&5
configure:13827: $? = 0
configure:13829: ./conftest
configure:13832: $? = 0
configure:13847: result: yes
configure:13929: checking for gnatmake
configure:13944: found /usr/bin/gnatmake
configure:13953: result: yes
configure:13965: checking for gnat version
configure:13970: result: 7.3.0
configure:13986: checking for m4
configure:14001: found /usr/bin/m4
configure:14010: result: yes
configure:14022: checking if GNAT works
gcc-7 -c -g -O2 -fdebug-prefix-map=/<<PKGBUILDDIR>>=. -fstack-protector-strong conftest.adb
clang: error: unknown argument: '-gnatea'
clang: error: unknown argument: '-gnatez'
gnatmake: "conftest.adb" compilation error
configure:14050: result: no
configure:14400: error: No usable Ada compiler found

## ----------------- ##
## Cache variables.  ##
## ----------------- ##

ac_cv_build='x86_64-pc-linux-gnu'
ac_cv_build_alias='x86_64-linux-gnu'
ac_cv_c_compiler_gnu='yes'
ac_cv_c_const='yes'
ac_cv_env_CC_set='set'
ac_cv_env_CC_value='gnatgcc'
ac_cv_env_CFLAGS_set='set'
ac_cv_env_CFLAGS_value='-g -O2 -fdebug-prefix-map=/<<PKGBUILDDIR>>=. -fstack-protector-strong -Wformat -Werror=format-security'
ac_cv_env_CPPFLAGS_set='set'
ac_cv_env_CPPFLAGS_value='-Wdate-time -D_FORTIFY_SOURCE=2'
ac_cv_env_CPP_set=''
ac_cv_env_CPP_value=''
ac_cv_env_LDFLAGS_set='set'
ac_cv_env_LDFLAGS_value='-Wl,-z,relro -Wl,-z,now -Wl,--as-needed -Wl,-z,defs'
ac_cv_env_build_alias_set='set'
ac_cv_env_build_alias_value='x86_64-linux-gnu'
ac_cv_env_host_alias_set=''
ac_cv_env_host_alias_value=''
ac_cv_env_target_alias_set=''
ac_cv_env_target_alias_value=''
ac_cv_func__nc_TABSIZE='no'
ac_cv_func_fseeko='yes'
ac_cv_func_gettimeofday='yes'
ac_cv_header_dirent_dirent_h='yes'
ac_cv_header_inttypes_h='yes'
ac_cv_header_memory_h='yes'
ac_cv_header_stdc='yes'
ac_cv_header_stdint_h='yes'
ac_cv_header_stdlib_h='yes'
ac_cv_header_string_h='yes'
ac_cv_header_strings_h='yes'
ac_cv_header_sys_stat_h='yes'
ac_cv_header_sys_types_h='yes'
ac_cv_header_time='yes'
ac_cv_header_unistd_h='yes'
ac_cv_host='x86_64-pc-linux-gnu'
ac_cv_host_alias='x86_64-linux-gnu'
ac_cv_lib_dir_opendir='no'
ac_cv_objext='o'
ac_cv_path_ac_pt_PKG_CONFIG='/usr/bin/pkg-config'
ac_cv_path_install='/usr/bin/install -c'
ac_cv_prog_AWK='mawk'
ac_cv_prog_CPP='gnatgcc -E'
ac_cv_prog_M4_exists='yes'
ac_cv_prog_MAKE_LOWER_TAGS='no'
ac_cv_prog_MAKE_UPPER_TAGS='no'
ac_cv_prog_ac_ct_AR='ar'
ac_cv_prog_ac_ct_LD='ld'
ac_cv_prog_ac_ct_RANLIB='ranlib'
ac_cv_prog_cc_g='yes'
ac_cv_prog_cc_stdc=''
ac_cv_prog_egrep='grep -E'
ac_cv_prog_gcc_traditional='no'
ac_cv_prog_gnat_exists='yes'
ac_cv_prog_make_make_set='yes'
ac_cv_sizeof_signed_char='1'
ac_cv_sys_file_offset_bits='no'
ac_cv_sys_large_files='no'
ac_cv_sys_largefile_CC='no'
ac_cv_sys_largefile_source='no'
ac_cv_sys_long_file_names='yes'
ac_cv_target='x86_64-pc-linux-gnu'
ac_cv_target_alias='x86_64-linux-gnu'
ac_cv_type_signed_char='yes'
cf_cv_abi_version='5'
cf_cv_ar_flags='-curvU'
cf_cv_curses_dir='no'
cf_cv_do_symlinks='yes'
cf_cv_enable_reentrant='0'
cf_cv_func_mkstemp='yes'
cf_cv_gnu_source='no'
cf_cv_link_dataonly='yes'
cf_cv_makeflags='-${MAKEFLAGS}'
cf_cv_mixedcase='yes'
cf_cv_prog_CC_c_o='yes'
cf_cv_prog_gnat_correct='no'
cf_cv_rel_version='6.0'
cf_cv_rm_so_locs='no'
cf_cv_shared_soname='`basename $@ .${REL_VERSION}`.${ABI_VERSION}'
cf_cv_shlib_version='rel'
cf_cv_shlib_version_infix='no'
cf_cv_struct_dirent64='no'
cf_cv_system_name='linux-gnu'
cf_cv_timestamp='Wed Feb  7 21:12:09 UTC 2018'
cf_cv_weak_symbols='no'

## ------------ ##
## confdefs.h.  ##
## ------------ ##

#define SYSTEM_NAME "linux-gnu"
#define HAVE_LONG_FILE_NAMES 1
#define MIXEDCASE_FILENAMES 1
#define NCURSES 1
#define NCURSES 1
#define HAVE_FSEEKO 1
#define HAVE_USE_DEFAULT_COLORS 1
#define NCURSES_EXT_FUNCS 1
#define NCURSES_WRAP_PREFIX "_nc_"
#define GCC_SCANF 1
#define GCC_SCANF 1
#define GCC_SCANFLIKE(fmt,var) __attribute__((format(scanf,fmt,var)))
#define GCC_PRINTF 1
#define GCC_PRINTF 1
#define GCC_PRINTFLIKE(fmt,var) __attribute__((format(printf,fmt,var)))
#define GCC_UNUSED __attribute__((unused))
#define GCC_UNUSED __attribute__((unused))
#define GCC_NORETURN __attribute__((noreturn))
#define GCC_NORETURN __attribute__((noreturn))
#define HAVE_NC_ALLOC_H 1
#define HAVE_GETTIMEOFDAY 1
#define STDC_HEADERS 1
#define HAVE_SYS_TYPES_H 1
#define HAVE_SYS_STAT_H 1
#define HAVE_STDLIB_H 1
#define HAVE_STRING_H 1
#define HAVE_MEMORY_H 1
#define HAVE_STRINGS_H 1
#define HAVE_INTTYPES_H 1
#define HAVE_STDINT_H 1
#define HAVE_UNISTD_H 1
#define SIZEOF_SIGNED_CHAR 1
#define STDC_HEADERS 1
#define HAVE_DIRENT_H 1
#define TIME_WITH_SYS_TIME 1
#define HAVE_UNISTD_H 1
#define HAVE_MKSTEMP 1


configure: exit 1
dh_auto_configure: ./configure --build=x86_64-linux-gnu --prefix=/usr --includedir=\${prefix}/include --mandir=\${prefix}/share/man --infodir=\${prefix}/share/info --sysconfdir=/etc --localstatedir=/var --disable-silent-rules --libdir=\${prefix}/lib/x86_64-linux-gnu --libexecdir=\${prefix}/lib/x86_64-linux-gnu --disable-maintainer-mode --disable-dependency-tracking "ADAFLAGS=-g -O2 -fdebug-prefix-map=/<<PKGBUILDDIR>>=. -fstack-protector-strong" CC=gnatgcc "CFLAGS=-g -O2 -fdebug-prefix-map=/<<PKGBUILDDIR>>=. -fstack-protector-strong -Wformat -Werror=format-security" "CPPFLAGS=-Wdate-time -D_FORTIFY_SOURCE=2" "LDFLAGS=-Wl,-z,relro -Wl,-z,now -Wl,--as-needed -Wl,-z,defs" --without-tests --with-shared --with-ada-sharedlib=libncursesada.so.5 returned exit code 1
debian/rules:71: recipe for target 'override_dh_auto_configure-arch' failed
make[1]: *** [override_dh_auto_configure-arch] Error 2
make[1]: Leaving directory '/<<PKGBUILDDIR>>'
debian/rules:57: recipe for target 'build-arch' failed
make: *** [build-arch] Error 2
dpkg-buildpackage: error: debian/rules build-arch subprocess returned exit status 2
--------------------------------------------------------------------------------
Build finished at 2018-02-07T21:12:10Z

Finished
--------


+------------------------------------------------------------------------------+
| Cleanup                                                                      |
+------------------------------------------------------------------------------+

Purging /<<BUILDDIR>>
Not cleaning session: cloned chroot in use
E: Build failure (dpkg-buildpackage died)

+------------------------------------------------------------------------------+
| Summary                                                                      |
+------------------------------------------------------------------------------+

Build Architecture: amd64
Build Type: any
Build-Space: 5392
Build-Time: 4
Distribution: unstable
Fail-Stage: build
Host Architecture: amd64
Install-Time: 8
Job: libncursesada_6.0.20170708-2
Machine Architecture: amd64
Package: libncursesada
Package-Time: 25
Source-Version: 6.0.20170708-2
Space: 5392
Status: attempted
Version: 6.0.20170708-2
--------------------------------------------------------------------------------
Finished at 2018-02-07T21:12:10Z
Build needed 00:00:25, 5392k disk space
E: Build failure (dpkg-buildpackage died)
DC-Status: Failed 26.070958641s
