DC-Build-Header: stx-btree 0.9-2 / 2018-02-07 20:25:48 +0000
DC-Task: type:rebuild-binarch-only source:stx-btree version:0.9-2 chroot:unstable esttime:285 logfile:/tmp/stx-btree_0.9-2_unstable_clang60.log modes:clang60:binarch-only
DC-Sbuild-call: su user42 -c 'sbuild -n --arch-any --apt-update -d unstable -v  --chroot-setup-commands=/tmp/clang60 stx-btree_0.9-2'
sbuild (Debian sbuild) 0.73.0 (23 Dec 2016) on ip-172-31-18-92.eu-central-1.compute.internal

+==============================================================================+
| stx-btree 0.9-2 (amd64)                      Wed, 07 Feb 2018 20:25:49 +0000 |
+==============================================================================+

Package: stx-btree
Version: 0.9-2
Source Version: 0.9-2
Distribution: unstable
Machine Architecture: amd64
Host Architecture: amd64
Build Architecture: amd64
Build Type: any

I: NOTICE: Log filtering will replace 'var/run/schroot/mount/unstable-amd64-sbuild-9fce4b0a-34da-4115-8651-cf8c8a19d61d' with '<<CHROOT>>'

+------------------------------------------------------------------------------+
| Chroot Setup Commands                                                        |
+------------------------------------------------------------------------------+


/tmp/clang60
------------

+ echo 'Entering customization script...'
Entering customization script...
+ CLANG_VERSION=6.0
+ echo 'Install of clang-6.0'
Install of clang-6.0
+ apt-get update
Get:1 http://127.0.0.1:9999/debian unstable InRelease [241 kB]
Get:2 http://127.0.0.1:9999/debian unstable/main Sources.diff/Index [27.9 kB]
Get:3 http://127.0.0.1:9999/debian unstable/main amd64 Packages.diff/Index [27.9 kB]
Get:4 http://127.0.0.1:9999/debian unstable/main Sources 2018-02-07-1427.34.pdiff [9180 B]
Get:4 http://127.0.0.1:9999/debian unstable/main Sources 2018-02-07-1427.34.pdiff [9180 B]
Get:5 http://127.0.0.1:9999/debian unstable/main amd64 Packages 2018-02-07-1427.34.pdiff [14.2 kB]
Get:5 http://127.0.0.1:9999/debian unstable/main amd64 Packages 2018-02-07-1427.34.pdiff [14.2 kB]
Get:6 http://127.0.0.1:9999/debian unstable/main Translation-en [5980 kB]
Fetched 6300 kB in 2s (3288 kB/s)
Reading package lists...
+ apt-get install --yes --no-install-recommends --force-yes clang-6.0
Reading package lists...
Building dependency tree...
Reading state information...
The following additional packages will be installed:
  lib32gcc1 lib32stdc++6 libbsd0 libc6-i386 libclang-common-6.0-dev
  libclang1-6.0 libedit2 libjsoncpp1 libllvm6.0 libncurses5 libobjc-7-dev
  libobjc4
Suggested packages:
  gnustep gnustep-devel clang-6.0-doc
Recommended packages:
  llvm-6.0-dev python libomp-dev libgpm2
The following NEW packages will be installed:
  clang-6.0 lib32gcc1 lib32stdc++6 libbsd0 libc6-i386 libclang-common-6.0-dev
  libclang1-6.0 libedit2 libjsoncpp1 libllvm6.0 libncurses5 libobjc-7-dev
  libobjc4
0 upgraded, 13 newly installed, 0 to remove and 1 not upgraded.
Need to get 37.6 MB of archives.
After this operation, 187 MB of additional disk space will be used.
Get:1 http://127.0.0.1:9999/debian unstable/main amd64 libjsoncpp1 amd64 1.7.4-3 [75.6 kB]
Get:2 http://127.0.0.1:9999/debian unstable/main amd64 libbsd0 amd64 0.8.7-1 [92.1 kB]
Get:3 http://127.0.0.1:9999/debian unstable/main amd64 libncurses5 amd64 6.0+20171125-1 [95.7 kB]
Get:4 http://127.0.0.1:9999/debian unstable/main amd64 libedit2 amd64 3.1-20170329-1 [85.2 kB]
Get:5 http://127.0.0.1:9999/debian unstable/main amd64 libllvm6.0 amd64 1:6.0~+rc1-1 [14.5 MB]
Get:6 http://127.0.0.1:9999/debian unstable/main amd64 libobjc4 amd64 7.3.0-1 [51.2 kB]
Get:7 http://127.0.0.1:9999/debian unstable/main amd64 libobjc-7-dev amd64 7.3.0-1 [203 kB]
Get:8 http://127.0.0.1:9999/debian unstable/main amd64 libc6-i386 amd64 2.26-6 [2836 kB]
Get:9 http://127.0.0.1:9999/debian unstable/main amd64 lib32gcc1 amd64 1:7.3.0-1 [46.8 kB]
Get:10 http://127.0.0.1:9999/debian unstable/main amd64 lib32stdc++6 amd64 7.3.0-1 [405 kB]
Get:11 http://127.0.0.1:9999/debian unstable/main amd64 libclang-common-6.0-dev amd64 1:6.0~+rc1-1 [3097 kB]
Get:12 http://127.0.0.1:9999/debian unstable/main amd64 libclang1-6.0 amd64 1:6.0~+rc1-1 [6983 kB]
Get:13 http://127.0.0.1:9999/debian unstable/main amd64 clang-6.0 amd64 1:6.0~+rc1-1 [9171 kB]
debconf: delaying package configuration, since apt-utils is not installed
Fetched 37.6 MB in 0s (95.5 MB/s)
Selecting previously unselected package libjsoncpp1:amd64.
(Reading database ... (Reading database ... 5%(Reading database ... 10%(Reading database ... 15%(Reading database ... 20%(Reading database ... 25%(Reading database ... 30%(Reading database ... 35%(Reading database ... 40%(Reading database ... 45%(Reading database ... 50%(Reading database ... 55%(Reading database ... 60%(Reading database ... 65%(Reading database ... 70%(Reading database ... 75%(Reading database ... 80%(Reading database ... 85%(Reading database ... 90%(Reading database ... 95%(Reading database ... 100%(Reading database ... 9974 files and directories currently installed.)
Preparing to unpack .../00-libjsoncpp1_1.7.4-3_amd64.deb ...
Unpacking libjsoncpp1:amd64 (1.7.4-3) ...
Selecting previously unselected package libbsd0:amd64.
Preparing to unpack .../01-libbsd0_0.8.7-1_amd64.deb ...
Unpacking libbsd0:amd64 (0.8.7-1) ...
Selecting previously unselected package libncurses5:amd64.
Preparing to unpack .../02-libncurses5_6.0+20171125-1_amd64.deb ...
Unpacking libncurses5:amd64 (6.0+20171125-1) ...
Selecting previously unselected package libedit2:amd64.
Preparing to unpack .../03-libedit2_3.1-20170329-1_amd64.deb ...
Unpacking libedit2:amd64 (3.1-20170329-1) ...
Selecting previously unselected package libllvm6.0:amd64.
Preparing to unpack .../04-libllvm6.0_1%3a6.0~+rc1-1_amd64.deb ...
Unpacking libllvm6.0:amd64 (1:6.0~+rc1-1) ...
Selecting previously unselected package libobjc4:amd64.
Preparing to unpack .../05-libobjc4_7.3.0-1_amd64.deb ...
Unpacking libobjc4:amd64 (7.3.0-1) ...
Selecting previously unselected package libobjc-7-dev:amd64.
Preparing to unpack .../06-libobjc-7-dev_7.3.0-1_amd64.deb ...
Unpacking libobjc-7-dev:amd64 (7.3.0-1) ...
Selecting previously unselected package libc6-i386.
Preparing to unpack .../07-libc6-i386_2.26-6_amd64.deb ...
Unpacking libc6-i386 (2.26-6) ...
Selecting previously unselected package lib32gcc1.
Preparing to unpack .../08-lib32gcc1_1%3a7.3.0-1_amd64.deb ...
Unpacking lib32gcc1 (1:7.3.0-1) ...
Selecting previously unselected package lib32stdc++6.
Preparing to unpack .../09-lib32stdc++6_7.3.0-1_amd64.deb ...
Unpacking lib32stdc++6 (7.3.0-1) ...
Selecting previously unselected package libclang-common-6.0-dev.
Preparing to unpack .../10-libclang-common-6.0-dev_1%3a6.0~+rc1-1_amd64.deb ...
Unpacking libclang-common-6.0-dev (1:6.0~+rc1-1) ...
Selecting previously unselected package libclang1-6.0:amd64.
Preparing to unpack .../11-libclang1-6.0_1%3a6.0~+rc1-1_amd64.deb ...
Unpacking libclang1-6.0:amd64 (1:6.0~+rc1-1) ...
Selecting previously unselected package clang-6.0.
Preparing to unpack .../12-clang-6.0_1%3a6.0~+rc1-1_amd64.deb ...
Unpacking clang-6.0 (1:6.0~+rc1-1) ...
Setting up libncurses5:amd64 (6.0+20171125-1) ...
Setting up libobjc4:amd64 (7.3.0-1) ...
Setting up libc6-i386 (2.26-6) ...
Setting up libbsd0:amd64 (0.8.7-1) ...
Setting up libobjc-7-dev:amd64 (7.3.0-1) ...
Processing triggers for libc-bin (2.26-6) ...
Setting up lib32gcc1 (1:7.3.0-1) ...
Setting up libjsoncpp1:amd64 (1.7.4-3) ...
Setting up libedit2:amd64 (3.1-20170329-1) ...
Setting up libllvm6.0:amd64 (1:6.0~+rc1-1) ...
Setting up libclang1-6.0:amd64 (1:6.0~+rc1-1) ...
Setting up lib32stdc++6 (7.3.0-1) ...
Setting up libclang-common-6.0-dev (1:6.0~+rc1-1) ...
Setting up clang-6.0 (1:6.0~+rc1-1) ...
Processing triggers for libc-bin (2.26-6) ...
W: --force-yes is deprecated, use one of the options starting with --allow instead.
+ echo 'Replace gcc, g++ & cpp by clang'
Replace gcc, g++ & cpp by clang
+ VERSIONS='4.6 4.7 4.8 4.9 5 6 7 8'
+ cd /usr/bin
+ for VERSION in $VERSIONS
+ rm -f g++-4.6 gcc-4.6 cpp-4.6 gcc
+ ln -s clang++-6.0 g++-4.6
+ ln -s clang-6.0 gcc-4.6
+ ln -s clang-6.0 cpp-4.6
+ ln -s clang-6.0 gcc
+ echo 'gcc-4.6 hold'
+ dpkg --set-selections
dpkg: warning: package not in status nor available database at line 1: gcc-4.6
dpkg: warning: found unknown packages; this might mean the available database
is outdated, and needs to be updated through a frontend method;
please see the FAQ <https://wiki.debian.org/Teams/Dpkg/FAQ>
+ echo 'g++-4.6 hold'
+ dpkg --set-selections
dpkg: warning: package not in status nor available database at line 1: g++-4.6
dpkg: warning: found unknown packages; this might mean the available database
is outdated, and needs to be updated through a frontend method;
please see the FAQ <https://wiki.debian.org/Teams/Dpkg/FAQ>
+ for VERSION in $VERSIONS
+ rm -f g++-4.7 gcc-4.7 cpp-4.7 gcc
+ ln -s clang++-6.0 g++-4.7
+ ln -s clang-6.0 gcc-4.7
+ ln -s clang-6.0 cpp-4.7
+ ln -s clang-6.0 gcc
+ echo 'gcc-4.7 hold'
+ dpkg --set-selections
dpkg: warning: package not in status nor available database at line 1: gcc-4.7
dpkg: warning: found unknown packages; this might mean the available database
is outdated, and needs to be updated through a frontend method;
please see the FAQ <https://wiki.debian.org/Teams/Dpkg/FAQ>
+ echo 'g++-4.7 hold'
+ dpkg --set-selections
dpkg: warning: package not in status nor available database at line 1: g++-4.7
dpkg: warning: found unknown packages; this might mean the available database
is outdated, and needs to be updated through a frontend method;
please see the FAQ <https://wiki.debian.org/Teams/Dpkg/FAQ>
+ for VERSION in $VERSIONS
+ rm -f g++-4.8 gcc-4.8 cpp-4.8 gcc
+ ln -s clang++-6.0 g++-4.8
+ ln -s clang-6.0 gcc-4.8
+ ln -s clang-6.0 cpp-4.8
+ ln -s clang-6.0 gcc
+ echo 'gcc-4.8 hold'
+ dpkg --set-selections
dpkg: warning: package not in status nor available database at line 1: gcc-4.8
dpkg: warning: found unknown packages; this might mean the available database
is outdated, and needs to be updated through a frontend method;
please see the FAQ <https://wiki.debian.org/Teams/Dpkg/FAQ>
+ echo 'g++-4.8 hold'
+ dpkg --set-selections
dpkg: warning: package not in status nor available database at line 1: g++-4.8
dpkg: warning: found unknown packages; this might mean the available database
is outdated, and needs to be updated through a frontend method;
please see the FAQ <https://wiki.debian.org/Teams/Dpkg/FAQ>
+ for VERSION in $VERSIONS
+ rm -f g++-4.9 gcc-4.9 cpp-4.9 gcc
+ ln -s clang++-6.0 g++-4.9
+ ln -s clang-6.0 gcc-4.9
+ ln -s clang-6.0 cpp-4.9
+ ln -s clang-6.0 gcc
+ echo 'gcc-4.9 hold'
+ dpkg --set-selections
dpkg: warning: package not in status nor available database at line 1: gcc-4.9
dpkg: warning: found unknown packages; this might mean the available database
is outdated, and needs to be updated through a frontend method;
please see the FAQ <https://wiki.debian.org/Teams/Dpkg/FAQ>
+ echo 'g++-4.9 hold'
+ dpkg --set-selections
dpkg: warning: package not in status nor available database at line 1: g++-4.9
dpkg: warning: found unknown packages; this might mean the available database
is outdated, and needs to be updated through a frontend method;
please see the FAQ <https://wiki.debian.org/Teams/Dpkg/FAQ>
+ for VERSION in $VERSIONS
+ rm -f g++-5 gcc-5 cpp-5 gcc
+ ln -s clang++-6.0 g++-5
+ ln -s clang-6.0 gcc-5
+ ln -s clang-6.0 cpp-5
+ ln -s clang-6.0 gcc
+ echo 'gcc-5 hold'
+ dpkg --set-selections
+ echo 'g++-5 hold'
+ dpkg --set-selections
+ for VERSION in $VERSIONS
+ rm -f g++-6 gcc-6 cpp-6 gcc
+ ln -s clang++-6.0 g++-6
+ ln -s clang-6.0 gcc-6
+ ln -s clang-6.0 cpp-6
+ ln -s clang-6.0 gcc
+ echo 'gcc-6 hold'
+ dpkg --set-selections
dpkg: warning: package not in status nor available database at line 1: gcc-6
dpkg: warning: found unknown packages; this might mean the available database
is outdated, and needs to be updated through a frontend method;
please see the FAQ <https://wiki.debian.org/Teams/Dpkg/FAQ>
+ echo 'g++-6 hold'
+ dpkg --set-selections
dpkg: warning: package not in status nor available database at line 1: g++-6
dpkg: warning: found unknown packages; this might mean the available database
is outdated, and needs to be updated through a frontend method;
please see the FAQ <https://wiki.debian.org/Teams/Dpkg/FAQ>
+ for VERSION in $VERSIONS
+ rm -f g++-7 gcc-7 cpp-7 gcc
+ ln -s clang++-6.0 g++-7
+ ln -s clang-6.0 gcc-7
+ ln -s clang-6.0 cpp-7
+ ln -s clang-6.0 gcc
+ echo 'gcc-7 hold'
+ dpkg --set-selections
+ echo 'g++-7 hold'
+ dpkg --set-selections
+ for VERSION in $VERSIONS
+ rm -f g++-8 gcc-8 cpp-8 gcc
+ ln -s clang++-6.0 g++-8
+ ln -s clang-6.0 gcc-8
+ ln -s clang-6.0 cpp-8
+ ln -s clang-6.0 gcc
+ echo 'gcc-8 hold'
+ dpkg --set-selections
dpkg: warning: package not in status nor available database at line 1: gcc-8
dpkg: warning: found unknown packages; this might mean the available database
is outdated, and needs to be updated through a frontend method;
please see the FAQ <https://wiki.debian.org/Teams/Dpkg/FAQ>
+ echo 'g++-8 hold'
+ dpkg --set-selections
dpkg: warning: package not in status nor available database at line 1: g++-8
dpkg: warning: found unknown packages; this might mean the available database
is outdated, and needs to be updated through a frontend method;
please see the FAQ <https://wiki.debian.org/Teams/Dpkg/FAQ>
+ cd -
/build/stx-btree-HkoDZi
+ echo 'Check if gcc, g++ & cpp are actually clang'
Check if gcc, g++ & cpp are actually clang
+ gcc --version
+ grep clang
+ cpp --version
+ grep clang
+ g++ --version
+ grep clang

I: Finished running '/tmp/clang60'.

Finished processing commands.
--------------------------------------------------------------------------------

+------------------------------------------------------------------------------+
| Update chroot                                                                |
+------------------------------------------------------------------------------+

Hit:1 http://127.0.0.1:9999/debian unstable InRelease
Reading package lists...
Reading package lists...
Building dependency tree...
Reading state information...
Calculating upgrade...
The following packages will be upgraded:
  libdebconfclient0
1 upgraded, 0 newly installed, 0 to remove and 0 not upgraded.
Need to get 48.3 kB of archives.
After this operation, 0 B of additional disk space will be used.
Get:1 http://127.0.0.1:9999/debian unstable/main amd64 libdebconfclient0 amd64 0.240 [48.3 kB]
debconf: delaying package configuration, since apt-utils is not installed
Fetched 48.3 kB in 0s (3976 kB/s)
(Reading database ... (Reading database ... 5%(Reading database ... 10%(Reading database ... 15%(Reading database ... 20%(Reading database ... 25%(Reading database ... 30%(Reading database ... 35%(Reading database ... 40%(Reading database ... 45%(Reading database ... 50%(Reading database ... 55%(Reading database ... 60%(Reading database ... 65%(Reading database ... 70%(Reading database ... 75%(Reading database ... 80%(Reading database ... 85%(Reading database ... 90%(Reading database ... 95%(Reading database ... 100%(Reading database ... 10722 files and directories currently installed.)
Preparing to unpack .../libdebconfclient0_0.240_amd64.deb ...
Unpacking libdebconfclient0:amd64 (0.240) over (0.239) ...
Setting up libdebconfclient0:amd64 (0.240) ...
Processing triggers for libc-bin (2.26-6) ...

+------------------------------------------------------------------------------+
| Fetch source files                                                           |
+------------------------------------------------------------------------------+


Check APT
---------

Checking available source versions...

Download source files with APT
------------------------------

Reading package lists...
Need to get 1733 kB of source archives.
Get:1 http://127.0.0.1:9999/debian unstable/main stx-btree 0.9-2 (dsc) [1890 B]
Get:2 http://127.0.0.1:9999/debian unstable/main stx-btree 0.9-2 (tar) [1726 kB]
Get:3 http://127.0.0.1:9999/debian unstable/main stx-btree 0.9-2 (diff) [5288 B]
Fetched 1733 kB in 0s (62.2 MB/s)
Download complete and in download only mode
I: NOTICE: Log filtering will replace 'build/stx-btree-HkoDZi/stx-btree-0.9' with '<<PKGBUILDDIR>>'
I: NOTICE: Log filtering will replace 'build/stx-btree-HkoDZi' with '<<BUILDDIR>>'

+------------------------------------------------------------------------------+
| Install build-essential                                                      |
+------------------------------------------------------------------------------+


Setup apt archive
-----------------

Merged Build-Depends: build-essential, fakeroot
Filtered Build-Depends: build-essential, fakeroot
dpkg-deb: building package 'sbuild-build-depends-core-dummy' in '/<<BUILDDIR>>/resolver-HiSPq2/apt_archive/sbuild-build-depends-core-dummy.deb'.
dpkg-scanpackages: warning: Packages in archive but missing from override file:
dpkg-scanpackages: warning:   sbuild-build-depends-core-dummy
dpkg-scanpackages: info: Wrote 1 entries to output Packages file.
Ign:1 copy:/<<BUILDDIR>>/resolver-HiSPq2/apt_archive ./ InRelease
Get:2 copy:/<<BUILDDIR>>/resolver-HiSPq2/apt_archive ./ Release [957 B]
Ign:3 copy:/<<BUILDDIR>>/resolver-HiSPq2/apt_archive ./ Release.gpg
Get:4 copy:/<<BUILDDIR>>/resolver-HiSPq2/apt_archive ./ Sources [349 B]
Get:5 copy:/<<BUILDDIR>>/resolver-HiSPq2/apt_archive ./ Packages [430 B]
Fetched 1736 B in 0s (120 kB/s)
Reading package lists...
Reading package lists...

Install core build dependencies (apt-based resolver)
----------------------------------------------------

Installing build dependencies
Reading package lists...
Building dependency tree...
Reading state information...
The following NEW packages will be installed:
  sbuild-build-depends-core-dummy
0 upgraded, 1 newly installed, 0 to remove and 0 not upgraded.
Need to get 852 B of archives.
After this operation, 0 B of additional disk space will be used.
Get:1 copy:/<<BUILDDIR>>/resolver-HiSPq2/apt_archive ./ sbuild-build-depends-core-dummy 0.invalid.0 [852 B]
debconf: delaying package configuration, since apt-utils is not installed
Fetched 852 B in 0s (0 B/s)
Selecting previously unselected package sbuild-build-depends-core-dummy.
(Reading database ... 10722 files and directories currently installed.)
Preparing to unpack .../sbuild-build-depends-core-dummy_0.invalid.0_amd64.deb ...
Unpacking sbuild-build-depends-core-dummy (0.invalid.0) ...
Setting up sbuild-build-depends-core-dummy (0.invalid.0) ...

+------------------------------------------------------------------------------+
| Check architectures                                                          |
+------------------------------------------------------------------------------+

Arch check ok (amd64 included in any all)

+------------------------------------------------------------------------------+
| Install package build dependencies                                           |
+------------------------------------------------------------------------------+


Setup apt archive
-----------------

Merged Build-Depends: debhelper (>= 9.0), autotools-dev, libcppunit-dev, libwxgtk3.0-dev, doxygen, dh-autoreconf
Filtered Build-Depends: debhelper (>= 9.0), autotools-dev, libcppunit-dev, libwxgtk3.0-dev, doxygen, dh-autoreconf
dpkg-deb: building package 'sbuild-build-depends-stx-btree-dummy' in '/<<BUILDDIR>>/resolver-HiSPq2/apt_archive/sbuild-build-depends-stx-btree-dummy.deb'.
dpkg-scanpackages: warning: Packages in archive but missing from override file:
dpkg-scanpackages: warning:   sbuild-build-depends-core-dummy sbuild-build-depends-stx-btree-dummy
dpkg-scanpackages: info: Wrote 2 entries to output Packages file.
Ign:1 copy:/<<BUILDDIR>>/resolver-HiSPq2/apt_archive ./ InRelease
Get:2 copy:/<<BUILDDIR>>/resolver-HiSPq2/apt_archive ./ Release [963 B]
Ign:3 copy:/<<BUILDDIR>>/resolver-HiSPq2/apt_archive ./ Release.gpg
Get:4 copy:/<<BUILDDIR>>/resolver-HiSPq2/apt_archive ./ Sources [531 B]
Get:5 copy:/<<BUILDDIR>>/resolver-HiSPq2/apt_archive ./ Packages [609 B]
Fetched 2103 B in 0s (146 kB/s)
Reading package lists...
Reading package lists...

Install stx-btree build dependencies (apt-based resolver)
---------------------------------------------------------

Installing build dependencies
Reading package lists...
Building dependency tree...
Reading state information...
The following additional packages will be installed:
  autoconf automake autopoint autotools-dev bsdmainutils debhelper
  dh-autoreconf dh-strip-nondeterminism doxygen file fontconfig
  fontconfig-config fonts-dejavu-core gettext gettext-base gnome-icon-theme
  groff-base gtk-update-icon-cache hicolor-icon-theme intltool-debian
  libarchive-zip-perl libatk1.0-0 libatk1.0-data libavahi-client3
  libavahi-common-data libavahi-common3 libcairo2 libclang1-5.0
  libcppunit-1.14-0 libcppunit-dev libcroco3 libcups2 libdatrie1 libdbus-1-3
  libdrm-amdgpu1 libdrm-common libdrm-dev libdrm-intel1 libdrm-nouveau2
  libdrm-radeon1 libdrm2 libegl-mesa0 libegl1 libelf1 libexpat1
  libfile-stripnondeterminism-perl libfontconfig1 libfreetype6 libgbm1
  libgdk-pixbuf2.0-0 libgdk-pixbuf2.0-common libgl1 libgl1-mesa-dev
  libgl1-mesa-dri libglapi-mesa libgles2 libglib2.0-0 libglu1-mesa
  libglu1-mesa-dev libglvnd-core-dev libglvnd-dev libglvnd0 libglx-mesa0
  libglx0 libgraphite2-3 libgssapi-krb5-2 libgtk2.0-0 libgtk2.0-common
  libharfbuzz0b libice6 libicu57 libjbig0 libjpeg62-turbo libk5crypto3
  libkeyutils1 libkrb5-3 libkrb5support0 libllvm5.0 libmagic-mgc libmagic1
  libnotify4 libopengl0 libpango-1.0-0 libpangocairo-1.0-0 libpangoft2-1.0-0
  libpciaccess0 libpipeline1 libpixman-1-0 libpng16-16 libpthread-stubs0-dev
  librsvg2-2 librsvg2-common libsensors4 libsigsegv2 libsm6 libthai-data
  libthai0 libtiff5 libtimedate-perl libtool libwayland-client0
  libwayland-server0 libwxbase3.0-0v5 libwxbase3.0-dev libwxgtk3.0-0v5
  libwxgtk3.0-dev libx11-6 libx11-data libx11-dev libx11-xcb-dev libx11-xcb1
  libxapian30 libxau-dev libxau6 libxcb-dri2-0 libxcb-dri2-0-dev libxcb-dri3-0
  libxcb-dri3-dev libxcb-glx0 libxcb-glx0-dev libxcb-present-dev
  libxcb-present0 libxcb-randr0 libxcb-randr0-dev libxcb-render0
  libxcb-render0-dev libxcb-shape0 libxcb-shape0-dev libxcb-shm0
  libxcb-sync-dev libxcb-sync1 libxcb-xfixes0 libxcb-xfixes0-dev libxcb1
  libxcb1-dev libxcomposite1 libxcursor1 libxdamage-dev libxdamage1
  libxdmcp-dev libxdmcp6 libxext-dev libxext6 libxfixes-dev libxfixes3 libxi6
  libxinerama1 libxml2 libxrandr2 libxrender1 libxshmfence-dev libxshmfence1
  libxxf86vm-dev libxxf86vm1 lsb-base m4 man-db mesa-common-dev po-debconf
  shared-mime-info ucf wx-common wx3.0-headers x11-common x11proto-core-dev
  x11proto-damage-dev x11proto-dri2-dev x11proto-fixes-dev x11proto-gl-dev
  x11proto-input-dev x11proto-kb-dev x11proto-xext-dev
  x11proto-xf86vidmode-dev xorg-sgml-doctools xtrans-dev
Suggested packages:
  autoconf-archive gnu-standards autoconf-doc wamerican | wordlist whois
  vacation dh-make dwz doxygen-latex doxygen-doc doxygen-gui graphviz
  gettext-doc libasprintf-dev libgettextpo-dev groff libcppunit-doc
  cups-common krb5-doc krb5-user gvfs pciutils librsvg2-bin lm-sensors
  libtool-doc gfortran | fortran95-compiler gcj-jdk wx3.0-doc xapian-tools
  libxcb-doc libxext-doc m4-doc less www-browser apparmor libmail-box-perl
Recommended packages:
  curl | wget | lynx-cur dbus libarchive-cpio-perl libgdk-pixbuf2.0-bin
  libglib2.0-data xdg-user-dirs libgail-common libgtk2.0-bin krb5-locales
  notification-daemon libltdl-dev libx11-doc libmail-sendmail-perl zip
The following NEW packages will be installed:
  autoconf automake autopoint autotools-dev bsdmainutils debhelper
  dh-autoreconf dh-strip-nondeterminism doxygen file fontconfig
  fontconfig-config fonts-dejavu-core gettext gettext-base gnome-icon-theme
  groff-base gtk-update-icon-cache hicolor-icon-theme intltool-debian
  libarchive-zip-perl libatk1.0-0 libatk1.0-data libavahi-client3
  libavahi-common-data libavahi-common3 libcairo2 libclang1-5.0
  libcppunit-1.14-0 libcppunit-dev libcroco3 libcups2 libdatrie1 libdbus-1-3
  libdrm-amdgpu1 libdrm-common libdrm-dev libdrm-intel1 libdrm-nouveau2
  libdrm-radeon1 libdrm2 libegl-mesa0 libegl1 libelf1 libexpat1
  libfile-stripnondeterminism-perl libfontconfig1 libfreetype6 libgbm1
  libgdk-pixbuf2.0-0 libgdk-pixbuf2.0-common libgl1 libgl1-mesa-dev
  libgl1-mesa-dri libglapi-mesa libgles2 libglib2.0-0 libglu1-mesa
  libglu1-mesa-dev libglvnd-core-dev libglvnd-dev libglvnd0 libglx-mesa0
  libglx0 libgraphite2-3 libgssapi-krb5-2 libgtk2.0-0 libgtk2.0-common
  libharfbuzz0b libice6 libicu57 libjbig0 libjpeg62-turbo libk5crypto3
  libkeyutils1 libkrb5-3 libkrb5support0 libllvm5.0 libmagic-mgc libmagic1
  libnotify4 libopengl0 libpango-1.0-0 libpangocairo-1.0-0 libpangoft2-1.0-0
  libpciaccess0 libpipeline1 libpixman-1-0 libpng16-16 libpthread-stubs0-dev
  librsvg2-2 librsvg2-common libsensors4 libsigsegv2 libsm6 libthai-data
  libthai0 libtiff5 libtimedate-perl libtool libwayland-client0
  libwayland-server0 libwxbase3.0-0v5 libwxbase3.0-dev libwxgtk3.0-0v5
  libwxgtk3.0-dev libx11-6 libx11-data libx11-dev libx11-xcb-dev libx11-xcb1
  libxapian30 libxau-dev libxau6 libxcb-dri2-0 libxcb-dri2-0-dev libxcb-dri3-0
  libxcb-dri3-dev libxcb-glx0 libxcb-glx0-dev libxcb-present-dev
  libxcb-present0 libxcb-randr0 libxcb-randr0-dev libxcb-render0
  libxcb-render0-dev libxcb-shape0 libxcb-shape0-dev libxcb-shm0
  libxcb-sync-dev libxcb-sync1 libxcb-xfixes0 libxcb-xfixes0-dev libxcb1
  libxcb1-dev libxcomposite1 libxcursor1 libxdamage-dev libxdamage1
  libxdmcp-dev libxdmcp6 libxext-dev libxext6 libxfixes-dev libxfixes3 libxi6
  libxinerama1 libxml2 libxrandr2 libxrender1 libxshmfence-dev libxshmfence1
  libxxf86vm-dev libxxf86vm1 lsb-base m4 man-db mesa-common-dev po-debconf
  sbuild-build-depends-stx-btree-dummy shared-mime-info ucf wx-common
  wx3.0-headers x11-common x11proto-core-dev x11proto-damage-dev
  x11proto-dri2-dev x11proto-fixes-dev x11proto-gl-dev x11proto-input-dev
  x11proto-kb-dev x11proto-xext-dev x11proto-xf86vidmode-dev
  xorg-sgml-doctools xtrans-dev
0 upgraded, 176 newly installed, 0 to remove and 0 not upgraded.
Need to get 91.7 MB of archives.
After this operation, 431 MB of additional disk space will be used.
Get:1 copy:/<<BUILDDIR>>/resolver-HiSPq2/apt_archive ./ sbuild-build-depends-stx-btree-dummy 0.invalid.0 [896 B]
Get:2 http://127.0.0.1:9999/debian unstable/main amd64 groff-base amd64 1.22.3-9 [1160 kB]
Get:3 http://127.0.0.1:9999/debian unstable/main amd64 bsdmainutils amd64 11.1.2 [190 kB]
Get:4 http://127.0.0.1:9999/debian unstable/main amd64 libpipeline1 amd64 1.5.0-1 [29.0 kB]
Get:5 http://127.0.0.1:9999/debian unstable/main amd64 man-db amd64 2.8.0-2 [1170 kB]
Get:6 http://127.0.0.1:9999/debian unstable/main amd64 libexpat1 amd64 2.2.5-3 [96.8 kB]
Get:7 http://127.0.0.1:9999/debian unstable/main amd64 libpng16-16 amd64 1.6.34-1 [287 kB]
Get:8 http://127.0.0.1:9999/debian unstable/main amd64 libfreetype6 amd64 2.8.1-1 [461 kB]
Get:9 http://127.0.0.1:9999/debian unstable/main amd64 ucf all 3.0036 [70.2 kB]
Get:10 http://127.0.0.1:9999/debian unstable/main amd64 fonts-dejavu-core all 2.37-1 [1068 kB]
Get:11 http://127.0.0.1:9999/debian unstable/main amd64 fontconfig-config all 2.12.6-0.1 [304 kB]
Get:12 http://127.0.0.1:9999/debian unstable/main amd64 libfontconfig1 amd64 2.12.6-0.1 [368 kB]
Get:13 http://127.0.0.1:9999/debian unstable/main amd64 fontconfig amd64 2.12.6-0.1 [439 kB]
Get:14 http://127.0.0.1:9999/debian unstable/main amd64 libmagic-mgc amd64 1:5.32-1 [225 kB]
Get:15 http://127.0.0.1:9999/debian unstable/main amd64 libmagic1 amd64 1:5.32-1 [111 kB]
Get:16 http://127.0.0.1:9999/debian unstable/main amd64 file amd64 1:5.32-1 [64.4 kB]
Get:17 http://127.0.0.1:9999/debian unstable/main amd64 gettext-base amd64 0.19.8.1-4 [122 kB]
Get:18 http://127.0.0.1:9999/debian unstable/main amd64 libsigsegv2 amd64 2.12-1 [32.7 kB]
Get:19 http://127.0.0.1:9999/debian unstable/main amd64 m4 amd64 1.4.18-1 [202 kB]
Get:20 http://127.0.0.1:9999/debian unstable/main amd64 autoconf all 2.69-11 [341 kB]
Get:21 http://127.0.0.1:9999/debian unstable/main amd64 autotools-dev all 20171216.1 [75.9 kB]
Get:22 http://127.0.0.1:9999/debian unstable/main amd64 automake all 1:1.15.1-3 [736 kB]
Get:23 http://127.0.0.1:9999/debian unstable/main amd64 autopoint all 0.19.8.1-4 [434 kB]
Get:24 http://127.0.0.1:9999/debian unstable/main amd64 libtool all 2.4.6-2 [545 kB]
Get:25 http://127.0.0.1:9999/debian unstable/main amd64 dh-autoreconf all 16 [16.3 kB]
Get:26 http://127.0.0.1:9999/debian unstable/main amd64 libarchive-zip-perl all 1.60-1 [95.6 kB]
Get:27 http://127.0.0.1:9999/debian unstable/main amd64 libfile-stripnondeterminism-perl all 0.040-1 [18.4 kB]
Get:28 http://127.0.0.1:9999/debian unstable/main amd64 libtimedate-perl all 2.3000-2 [42.2 kB]
Get:29 http://127.0.0.1:9999/debian unstable/main amd64 dh-strip-nondeterminism all 0.040-1 [11.8 kB]
Get:30 http://127.0.0.1:9999/debian unstable/main amd64 libglib2.0-0 amd64 2.54.3-2 [2822 kB]
Get:31 http://127.0.0.1:9999/debian unstable/main amd64 libicu57 amd64 57.1-8 [7699 kB]
Get:32 http://127.0.0.1:9999/debian unstable/main amd64 libxml2 amd64 2.9.4+dfsg1-6.1 [725 kB]
Get:33 http://127.0.0.1:9999/debian unstable/main amd64 libcroco3 amd64 0.6.12-2 [144 kB]
Get:34 http://127.0.0.1:9999/debian unstable/main amd64 gettext amd64 0.19.8.1-4 [1302 kB]
Get:35 http://127.0.0.1:9999/debian unstable/main amd64 intltool-debian all 0.35.0+20060710.4 [26.3 kB]
Get:36 http://127.0.0.1:9999/debian unstable/main amd64 po-debconf all 1.0.20 [247 kB]
Get:37 http://127.0.0.1:9999/debian unstable/main amd64 debhelper all 11.1.4 [1005 kB]
Get:38 http://127.0.0.1:9999/debian unstable/main amd64 libllvm5.0 amd64 1:5.0.1-2 [13.7 MB]
Get:39 http://127.0.0.1:9999/debian unstable/main amd64 libclang1-5.0 amd64 1:5.0.1-2 [6752 kB]
Get:40 http://127.0.0.1:9999/debian unstable/main amd64 libxapian30 amd64 1.4.5-1 [1056 kB]
Get:41 http://127.0.0.1:9999/debian unstable/main amd64 doxygen amd64 1.8.13-9 [3986 kB]
Get:42 http://127.0.0.1:9999/debian unstable/main amd64 hicolor-icon-theme all 0.17-1 [11.5 kB]
Get:43 http://127.0.0.1:9999/debian unstable/main amd64 libjpeg62-turbo amd64 1:1.5.2-2+b1 [134 kB]
Get:44 http://127.0.0.1:9999/debian unstable/main amd64 libjbig0 amd64 2.1-3.1+b2 [31.0 kB]
Get:45 http://127.0.0.1:9999/debian unstable/main amd64 libtiff5 amd64 4.0.9-3 [245 kB]
Get:46 http://127.0.0.1:9999/debian unstable/main amd64 libxau6 amd64 1:1.0.8-1+b2 [19.9 kB]
Get:47 http://127.0.0.1:9999/debian unstable/main amd64 libxdmcp6 amd64 1:1.1.2-3 [26.3 kB]
Get:48 http://127.0.0.1:9999/debian unstable/main amd64 libxcb1 amd64 1.12-1 [133 kB]
Get:49 http://127.0.0.1:9999/debian unstable/main amd64 libx11-data all 2:1.6.4-3 [290 kB]
Get:50 http://127.0.0.1:9999/debian unstable/main amd64 libx11-6 amd64 2:1.6.4-3 [747 kB]
Get:51 http://127.0.0.1:9999/debian unstable/main amd64 shared-mime-info amd64 1.9-2 [753 kB]
Get:52 http://127.0.0.1:9999/debian unstable/main amd64 libgdk-pixbuf2.0-common all 2.36.11-1 [312 kB]
Get:53 http://127.0.0.1:9999/debian unstable/main amd64 libgdk-pixbuf2.0-0 amd64 2.36.11-1 [172 kB]
Get:54 http://127.0.0.1:9999/debian unstable/main amd64 gtk-update-icon-cache amd64 3.22.26-2 [77.8 kB]
Get:55 http://127.0.0.1:9999/debian unstable/main amd64 libpixman-1-0 amd64 0.34.0-2 [529 kB]
Get:56 http://127.0.0.1:9999/debian unstable/main amd64 libxcb-render0 amd64 1.12-1 [105 kB]
Get:57 http://127.0.0.1:9999/debian unstable/main amd64 libxcb-shm0 amd64 1.12-1 [95.9 kB]
Get:58 http://127.0.0.1:9999/debian unstable/main amd64 libxext6 amd64 2:1.3.3-1+b2 [52.5 kB]
Get:59 http://127.0.0.1:9999/debian unstable/main amd64 libxrender1 amd64 1:0.9.10-1 [33.0 kB]
Get:60 http://127.0.0.1:9999/debian unstable/main amd64 libcairo2 amd64 1.15.10-1 [663 kB]
Get:61 http://127.0.0.1:9999/debian unstable/main amd64 libthai-data all 0.1.27-1 [168 kB]
Get:62 http://127.0.0.1:9999/debian unstable/main amd64 libdatrie1 amd64 0.2.10-6 [36.5 kB]
Get:63 http://127.0.0.1:9999/debian unstable/main amd64 libthai0 amd64 0.1.27-1 [53.1 kB]
Get:64 http://127.0.0.1:9999/debian unstable/main amd64 libpango-1.0-0 amd64 1.40.14-1 [198 kB]
Get:65 http://127.0.0.1:9999/debian unstable/main amd64 libgraphite2-3 amd64 1.3.10-8 [84.2 kB]
Get:66 http://127.0.0.1:9999/debian unstable/main amd64 libharfbuzz0b amd64 1.7.2-1 [738 kB]
Get:67 http://127.0.0.1:9999/debian unstable/main amd64 libpangoft2-1.0-0 amd64 1.40.14-1 [79.1 kB]
Get:68 http://127.0.0.1:9999/debian unstable/main amd64 libpangocairo-1.0-0 amd64 1.40.14-1 [66.9 kB]
Get:69 http://127.0.0.1:9999/debian unstable/main amd64 librsvg2-2 amd64 2.40.20-2 [302 kB]
Get:70 http://127.0.0.1:9999/debian unstable/main amd64 librsvg2-common amd64 2.40.20-2 [210 kB]
Get:71 http://127.0.0.1:9999/debian unstable/main amd64 gnome-icon-theme all 3.12.0-2 [9890 kB]
Get:72 http://127.0.0.1:9999/debian unstable/main amd64 libatk1.0-data all 2.26.1-3 [145 kB]
Get:73 http://127.0.0.1:9999/debian unstable/main amd64 libatk1.0-0 amd64 2.26.1-3 [50.1 kB]
Get:74 http://127.0.0.1:9999/debian unstable/main amd64 libavahi-common-data amd64 0.7-3.1 [122 kB]
Get:75 http://127.0.0.1:9999/debian unstable/main amd64 libavahi-common3 amd64 0.7-3.1 [54.3 kB]
Get:76 http://127.0.0.1:9999/debian unstable/main amd64 libdbus-1-3 amd64 1.12.2-1 [208 kB]
Get:77 http://127.0.0.1:9999/debian unstable/main amd64 libavahi-client3 amd64 0.7-3.1 [57.6 kB]
Get:78 http://127.0.0.1:9999/debian unstable/main amd64 libcppunit-1.14-0 amd64 1.14.0-3 [140 kB]
Get:79 http://127.0.0.1:9999/debian unstable/main amd64 libcppunit-dev amd64 1.14.0-3 [196 kB]
Get:80 http://127.0.0.1:9999/debian unstable/main amd64 libkeyutils1 amd64 1.5.9-9.2 [12.9 kB]
Get:81 http://127.0.0.1:9999/debian unstable/main amd64 libkrb5support0 amd64 1.16-2 [62.8 kB]
Get:82 http://127.0.0.1:9999/debian unstable/main amd64 libk5crypto3 amd64 1.16-2 [121 kB]
Get:83 http://127.0.0.1:9999/debian unstable/main amd64 libkrb5-3 amd64 1.16-2 [316 kB]
Get:84 http://127.0.0.1:9999/debian unstable/main amd64 libgssapi-krb5-2 amd64 1.16-2 [158 kB]
Get:85 http://127.0.0.1:9999/debian unstable/main amd64 libcups2 amd64 2.2.6-4 [319 kB]
Get:86 http://127.0.0.1:9999/debian unstable/main amd64 libdrm-common all 2.4.89-1 [13.4 kB]
Get:87 http://127.0.0.1:9999/debian unstable/main amd64 libdrm2 amd64 2.4.89-1 [39.8 kB]
Get:88 http://127.0.0.1:9999/debian unstable/main amd64 libdrm-amdgpu1 amd64 2.4.89-1 [28.2 kB]
Get:89 http://127.0.0.1:9999/debian unstable/main amd64 libpciaccess0 amd64 0.13.4-1+b2 [50.0 kB]
Get:90 http://127.0.0.1:9999/debian unstable/main amd64 libdrm-intel1 amd64 2.4.89-1 [69.3 kB]
Get:91 http://127.0.0.1:9999/debian unstable/main amd64 libdrm-radeon1 amd64 2.4.89-1 [31.0 kB]
Get:92 http://127.0.0.1:9999/debian unstable/main amd64 libdrm-nouveau2 amd64 2.4.89-1 [25.9 kB]
Get:93 http://127.0.0.1:9999/debian unstable/main amd64 libdrm-dev amd64 2.4.89-1 [247 kB]
Get:94 http://127.0.0.1:9999/debian unstable/main amd64 libwayland-server0 amd64 1.14.0-1+b1 [31.1 kB]
Get:95 http://127.0.0.1:9999/debian unstable/main amd64 libgbm1 amd64 17.3.3-1 [63.5 kB]
Get:96 http://127.0.0.1:9999/debian unstable/main amd64 libglapi-mesa amd64 17.3.3-1 [61.2 kB]
Get:97 http://127.0.0.1:9999/debian unstable/main amd64 libwayland-client0 amd64 1.14.0-1+b1 [25.1 kB]
Get:98 http://127.0.0.1:9999/debian unstable/main amd64 libx11-xcb1 amd64 2:1.6.4-3 [183 kB]
Get:99 http://127.0.0.1:9999/debian unstable/main amd64 libxcb-dri2-0 amd64 1.12-1 [97.2 kB]
Get:100 http://127.0.0.1:9999/debian unstable/main amd64 libxcb-dri3-0 amd64 1.12-1 [95.6 kB]
Get:101 http://127.0.0.1:9999/debian unstable/main amd64 libxcb-present0 amd64 1.12-1 [95.8 kB]
Get:102 http://127.0.0.1:9999/debian unstable/main amd64 libxcb-sync1 amd64 1.12-1 [99.2 kB]
Get:103 http://127.0.0.1:9999/debian unstable/main amd64 libxcb-xfixes0 amd64 1.12-1 [99.6 kB]
Get:104 http://127.0.0.1:9999/debian unstable/main amd64 libxshmfence1 amd64 1.2-1+b2 [7922 B]
Get:105 http://127.0.0.1:9999/debian unstable/main amd64 libegl-mesa0 amd64 17.3.3-1 [122 kB]
Get:106 http://127.0.0.1:9999/debian unstable/main amd64 libelf1 amd64 0.170-0.3 [162 kB]
Get:107 http://127.0.0.1:9999/debian unstable/main amd64 xorg-sgml-doctools all 1:1.11-1 [21.9 kB]
Get:108 http://127.0.0.1:9999/debian unstable/main amd64 x11proto-core-dev all 7.0.31-1 [728 kB]
Get:109 http://127.0.0.1:9999/debian unstable/main amd64 libxau-dev amd64 1:1.0.8-1+b2 [23.1 kB]
Get:110 http://127.0.0.1:9999/debian unstable/main amd64 libxdmcp-dev amd64 1:1.1.2-3 [42.2 kB]
Get:111 http://127.0.0.1:9999/debian unstable/main amd64 x11proto-input-dev all 2.3.2-1 [158 kB]
Get:112 http://127.0.0.1:9999/debian unstable/main amd64 x11proto-kb-dev all 1.0.7-1 [233 kB]
Get:113 http://127.0.0.1:9999/debian unstable/main amd64 xtrans-dev all 1.3.5-1 [100 kB]
Get:114 http://127.0.0.1:9999/debian unstable/main amd64 libpthread-stubs0-dev amd64 0.3-4 [3866 B]
Get:115 http://127.0.0.1:9999/debian unstable/main amd64 libxcb1-dev amd64 1.12-1 [169 kB]
Get:116 http://127.0.0.1:9999/debian unstable/main amd64 libx11-dev amd64 2:1.6.4-3 [815 kB]
Get:117 http://127.0.0.1:9999/debian unstable/main amd64 mesa-common-dev amd64 17.3.3-1 [560 kB]
Get:118 http://127.0.0.1:9999/debian unstable/main amd64 libglvnd0 amd64 1.0.0-2 [46.5 kB]
Get:119 http://127.0.0.1:9999/debian unstable/main amd64 libglvnd-core-dev amd64 1.0.0-2 [12.8 kB]
Get:120 http://127.0.0.1:9999/debian unstable/main amd64 libegl1 amd64 1.0.0-2 [33.4 kB]
Get:121 http://127.0.0.1:9999/debian unstable/main amd64 libgles2 amd64 1.0.0-2 [18.7 kB]
Get:122 http://127.0.0.1:9999/debian unstable/main amd64 libxcb-glx0 amd64 1.12-1 [113 kB]
Get:123 http://127.0.0.1:9999/debian unstable/main amd64 libxfixes3 amd64 1:5.0.3-1 [21.9 kB]
Get:124 http://127.0.0.1:9999/debian unstable/main amd64 libxdamage1 amd64 1:1.1.4-3 [14.4 kB]
Get:125 http://127.0.0.1:9999/debian unstable/main amd64 libxxf86vm1 amd64 1:1.1.4-1+b2 [20.8 kB]
Get:126 http://127.0.0.1:9999/debian unstable/main amd64 libsensors4 amd64 1:3.4.0-4 [53.3 kB]
Get:127 http://127.0.0.1:9999/debian unstable/main amd64 libgl1-mesa-dri amd64 17.3.3-1 [5900 kB]
Get:128 http://127.0.0.1:9999/debian unstable/main amd64 libglx-mesa0 amd64 17.3.3-1 [171 kB]
Get:129 http://127.0.0.1:9999/debian unstable/main amd64 libglx0 amd64 1.0.0-2 [29.5 kB]
Get:130 http://127.0.0.1:9999/debian unstable/main amd64 libgl1 amd64 1.0.0-2 [88.8 kB]
Get:131 http://127.0.0.1:9999/debian unstable/main amd64 libopengl0 amd64 1.0.0-2 [32.5 kB]
Get:132 http://127.0.0.1:9999/debian unstable/main amd64 libglvnd-dev amd64 1.0.0-2 [4736 B]
Get:133 http://127.0.0.1:9999/debian unstable/main amd64 libx11-xcb-dev amd64 2:1.6.4-3 [185 kB]
Get:134 http://127.0.0.1:9999/debian unstable/main amd64 libxcb-dri3-dev amd64 1.12-1 [96.1 kB]
Get:135 http://127.0.0.1:9999/debian unstable/main amd64 libxcb-randr0 amd64 1.12-1 [107 kB]
Get:136 http://127.0.0.1:9999/debian unstable/main amd64 libxcb-render0-dev amd64 1.12-1 [109 kB]
Get:137 http://127.0.0.1:9999/debian unstable/main amd64 libxcb-randr0-dev amd64 1.12-1 [110 kB]
Get:138 http://127.0.0.1:9999/debian unstable/main amd64 libxcb-shape0 amd64 1.12-1 [96.2 kB]
Get:139 http://127.0.0.1:9999/debian unstable/main amd64 libxcb-shape0-dev amd64 1.12-1 [97.4 kB]
Get:140 http://127.0.0.1:9999/debian unstable/main amd64 libxcb-xfixes0-dev amd64 1.12-1 [102 kB]
Get:141 http://127.0.0.1:9999/debian unstable/main amd64 libxcb-sync-dev amd64 1.12-1 [101 kB]
Get:142 http://127.0.0.1:9999/debian unstable/main amd64 libxcb-present-dev amd64 1.12-1 [97.2 kB]
Get:143 http://127.0.0.1:9999/debian unstable/main amd64 libxshmfence-dev amd64 1.2-1+b2 [7420 B]
Get:144 http://127.0.0.1:9999/debian unstable/main amd64 libxcb-dri2-0-dev amd64 1.12-1 [98.8 kB]
Get:145 http://127.0.0.1:9999/debian unstable/main amd64 libxcb-glx0-dev amd64 1.12-1 [118 kB]
Get:146 http://127.0.0.1:9999/debian unstable/main amd64 x11proto-xext-dev all 7.3.0-1 [212 kB]
Get:147 http://127.0.0.1:9999/debian unstable/main amd64 x11proto-fixes-dev all 1:5.0-2 [19.2 kB]
Get:148 http://127.0.0.1:9999/debian unstable/main amd64 libxfixes-dev amd64 1:5.0.3-1 [23.8 kB]
Get:149 http://127.0.0.1:9999/debian unstable/main amd64 x11proto-damage-dev all 1:1.2.1-2 [11.8 kB]
Get:150 http://127.0.0.1:9999/debian unstable/main amd64 libxdamage-dev amd64 1:1.1.4-3 [14.3 kB]
Get:151 http://127.0.0.1:9999/debian unstable/main amd64 libxext-dev amd64 2:1.3.3-1+b2 [107 kB]
Get:152 http://127.0.0.1:9999/debian unstable/main amd64 x11proto-xf86vidmode-dev all 2.3.1-2 [6114 B]
Get:153 http://127.0.0.1:9999/debian unstable/main amd64 libxxf86vm-dev amd64 1:1.1.4-1+b2 [25.4 kB]
Get:154 http://127.0.0.1:9999/debian unstable/main amd64 x11proto-dri2-dev all 2.8-2 [18.2 kB]
Get:155 http://127.0.0.1:9999/debian unstable/main amd64 x11proto-gl-dev all 1.4.17-1 [28.0 kB]
Get:156 http://127.0.0.1:9999/debian unstable/main amd64 libgl1-mesa-dev amd64 17.3.3-1 [43.3 kB]
Get:157 http://127.0.0.1:9999/debian unstable/main amd64 libglu1-mesa amd64 9.0.0-2.1 [168 kB]
Get:158 http://127.0.0.1:9999/debian unstable/main amd64 libglu1-mesa-dev amd64 9.0.0-2.1 [202 kB]
Get:159 http://127.0.0.1:9999/debian unstable/main amd64 libgtk2.0-common all 2.24.32-1 [2698 kB]
Get:160 http://127.0.0.1:9999/debian unstable/main amd64 libxcomposite1 amd64 1:0.4.4-2 [16.5 kB]
Get:161 http://127.0.0.1:9999/debian unstable/main amd64 libxcursor1 amd64 1:1.1.15-1 [36.4 kB]
Get:162 http://127.0.0.1:9999/debian unstable/main amd64 libxi6 amd64 2:1.7.9-1 [82.6 kB]
Get:163 http://127.0.0.1:9999/debian unstable/main amd64 libxinerama1 amd64 2:1.1.3-1+b3 [16.7 kB]
Get:164 http://127.0.0.1:9999/debian unstable/main amd64 libxrandr2 amd64 2:1.5.1-1 [37.5 kB]
Get:165 http://127.0.0.1:9999/debian unstable/main amd64 libgtk2.0-0 amd64 2.24.32-1 [1803 kB]
Get:166 http://127.0.0.1:9999/debian unstable/main amd64 lsb-base all 9.20170808 [28.1 kB]
Get:167 http://127.0.0.1:9999/debian unstable/main amd64 x11-common all 1:7.7+19 [251 kB]
Get:168 http://127.0.0.1:9999/debian unstable/main amd64 libice6 amd64 2:1.0.9-2 [58.7 kB]
Get:169 http://127.0.0.1:9999/debian unstable/main amd64 libnotify4 amd64 0.7.7-3 [22.0 kB]
Get:170 http://127.0.0.1:9999/debian unstable/main amd64 libsm6 amd64 2:1.2.2-1+b3 [33.3 kB]
Get:171 http://127.0.0.1:9999/debian unstable/main amd64 libwxbase3.0-0v5 amd64 3.0.3.1+dfsg2-1 [1063 kB]
Get:172 http://127.0.0.1:9999/debian unstable/main amd64 wx3.0-headers amd64 3.0.3.1+dfsg2-1 [1128 kB]
Get:173 http://127.0.0.1:9999/debian unstable/main amd64 libwxbase3.0-dev amd64 3.0.3.1+dfsg2-1 [136 kB]
Get:174 http://127.0.0.1:9999/debian unstable/main amd64 libwxgtk3.0-0v5 amd64 3.0.3.1+dfsg2-1 [4321 kB]
Get:175 http://127.0.0.1:9999/debian unstable/main amd64 wx-common amd64 3.0.3.1+dfsg2-1 [175 kB]
Get:176 http://127.0.0.1:9999/debian unstable/main amd64 libwxgtk3.0-dev amd64 3.0.3.1+dfsg2-1 [136 kB]
debconf: delaying package configuration, since apt-utils is not installed
Fetched 91.7 MB in 1s (85.7 MB/s)
Selecting previously unselected package groff-base.
(Reading database ... 10722 files and directories currently installed.)
Preparing to unpack .../000-groff-base_1.22.3-9_amd64.deb ...
Unpacking groff-base (1.22.3-9) ...
Selecting previously unselected package bsdmainutils.
Preparing to unpack .../001-bsdmainutils_11.1.2_amd64.deb ...
Unpacking bsdmainutils (11.1.2) ...
Selecting previously unselected package libpipeline1:amd64.
Preparing to unpack .../002-libpipeline1_1.5.0-1_amd64.deb ...
Unpacking libpipeline1:amd64 (1.5.0-1) ...
Selecting previously unselected package man-db.
Preparing to unpack .../003-man-db_2.8.0-2_amd64.deb ...
Unpacking man-db (2.8.0-2) ...
Selecting previously unselected package libexpat1:amd64.
Preparing to unpack .../004-libexpat1_2.2.5-3_amd64.deb ...
Unpacking libexpat1:amd64 (2.2.5-3) ...
Selecting previously unselected package libpng16-16:amd64.
Preparing to unpack .../005-libpng16-16_1.6.34-1_amd64.deb ...
Unpacking libpng16-16:amd64 (1.6.34-1) ...
Selecting previously unselected package libfreetype6:amd64.
Preparing to unpack .../006-libfreetype6_2.8.1-1_amd64.deb ...
Unpacking libfreetype6:amd64 (2.8.1-1) ...
Selecting previously unselected package ucf.
Preparing to unpack .../007-ucf_3.0036_all.deb ...
Moving old data out of the way
Unpacking ucf (3.0036) ...
Selecting previously unselected package fonts-dejavu-core.
Preparing to unpack .../008-fonts-dejavu-core_2.37-1_all.deb ...
Unpacking fonts-dejavu-core (2.37-1) ...
Selecting previously unselected package fontconfig-config.
Preparing to unpack .../009-fontconfig-config_2.12.6-0.1_all.deb ...
Unpacking fontconfig-config (2.12.6-0.1) ...
Selecting previously unselected package libfontconfig1:amd64.
Preparing to unpack .../010-libfontconfig1_2.12.6-0.1_amd64.deb ...
Unpacking libfontconfig1:amd64 (2.12.6-0.1) ...
Selecting previously unselected package fontconfig.
Preparing to unpack .../011-fontconfig_2.12.6-0.1_amd64.deb ...
Unpacking fontconfig (2.12.6-0.1) ...
Selecting previously unselected package libmagic-mgc.
Preparing to unpack .../012-libmagic-mgc_1%3a5.32-1_amd64.deb ...
Unpacking libmagic-mgc (1:5.32-1) ...
Selecting previously unselected package libmagic1:amd64.
Preparing to unpack .../013-libmagic1_1%3a5.32-1_amd64.deb ...
Unpacking libmagic1:amd64 (1:5.32-1) ...
Selecting previously unselected package file.
Preparing to unpack .../014-file_1%3a5.32-1_amd64.deb ...
Unpacking file (1:5.32-1) ...
Selecting previously unselected package gettext-base.
Preparing to unpack .../015-gettext-base_0.19.8.1-4_amd64.deb ...
Unpacking gettext-base (0.19.8.1-4) ...
Selecting previously unselected package libsigsegv2:amd64.
Preparing to unpack .../016-libsigsegv2_2.12-1_amd64.deb ...
Unpacking libsigsegv2:amd64 (2.12-1) ...
Selecting previously unselected package m4.
Preparing to unpack .../017-m4_1.4.18-1_amd64.deb ...
Unpacking m4 (1.4.18-1) ...
Selecting previously unselected package autoconf.
Preparing to unpack .../018-autoconf_2.69-11_all.deb ...
Unpacking autoconf (2.69-11) ...
Selecting previously unselected package autotools-dev.
Preparing to unpack .../019-autotools-dev_20171216.1_all.deb ...
Unpacking autotools-dev (20171216.1) ...
Selecting previously unselected package automake.
Preparing to unpack .../020-automake_1%3a1.15.1-3_all.deb ...
Unpacking automake (1:1.15.1-3) ...
Selecting previously unselected package autopoint.
Preparing to unpack .../021-autopoint_0.19.8.1-4_all.deb ...
Unpacking autopoint (0.19.8.1-4) ...
Selecting previously unselected package libtool.
Preparing to unpack .../022-libtool_2.4.6-2_all.deb ...
Unpacking libtool (2.4.6-2) ...
Selecting previously unselected package dh-autoreconf.
Preparing to unpack .../023-dh-autoreconf_16_all.deb ...
Unpacking dh-autoreconf (16) ...
Selecting previously unselected package libarchive-zip-perl.
Preparing to unpack .../024-libarchive-zip-perl_1.60-1_all.deb ...
Unpacking libarchive-zip-perl (1.60-1) ...
Selecting previously unselected package libfile-stripnondeterminism-perl.
Preparing to unpack .../025-libfile-stripnondeterminism-perl_0.040-1_all.deb ...
Unpacking libfile-stripnondeterminism-perl (0.040-1) ...
Selecting previously unselected package libtimedate-perl.
Preparing to unpack .../026-libtimedate-perl_2.3000-2_all.deb ...
Unpacking libtimedate-perl (2.3000-2) ...
Selecting previously unselected package dh-strip-nondeterminism.
Preparing to unpack .../027-dh-strip-nondeterminism_0.040-1_all.deb ...
Unpacking dh-strip-nondeterminism (0.040-1) ...
Selecting previously unselected package libglib2.0-0:amd64.
Preparing to unpack .../028-libglib2.0-0_2.54.3-2_amd64.deb ...
Unpacking libglib2.0-0:amd64 (2.54.3-2) ...
Selecting previously unselected package libicu57:amd64.
Preparing to unpack .../029-libicu57_57.1-8_amd64.deb ...
Unpacking libicu57:amd64 (57.1-8) ...
Selecting previously unselected package libxml2:amd64.
Preparing to unpack .../030-libxml2_2.9.4+dfsg1-6.1_amd64.deb ...
Unpacking libxml2:amd64 (2.9.4+dfsg1-6.1) ...
Selecting previously unselected package libcroco3:amd64.
Preparing to unpack .../031-libcroco3_0.6.12-2_amd64.deb ...
Unpacking libcroco3:amd64 (0.6.12-2) ...
Selecting previously unselected package gettext.
Preparing to unpack .../032-gettext_0.19.8.1-4_amd64.deb ...
Unpacking gettext (0.19.8.1-4) ...
Selecting previously unselected package intltool-debian.
Preparing to unpack .../033-intltool-debian_0.35.0+20060710.4_all.deb ...
Unpacking intltool-debian (0.35.0+20060710.4) ...
Selecting previously unselected package po-debconf.
Preparing to unpack .../034-po-debconf_1.0.20_all.deb ...
Unpacking po-debconf (1.0.20) ...
Selecting previously unselected package debhelper.
Preparing to unpack .../035-debhelper_11.1.4_all.deb ...
Unpacking debhelper (11.1.4) ...
Selecting previously unselected package libllvm5.0:amd64.
Preparing to unpack .../036-libllvm5.0_1%3a5.0.1-2_amd64.deb ...
Unpacking libllvm5.0:amd64 (1:5.0.1-2) ...
Selecting previously unselected package libclang1-5.0:amd64.
Preparing to unpack .../037-libclang1-5.0_1%3a5.0.1-2_amd64.deb ...
Unpacking libclang1-5.0:amd64 (1:5.0.1-2) ...
Selecting previously unselected package libxapian30:amd64.
Preparing to unpack .../038-libxapian30_1.4.5-1_amd64.deb ...
Unpacking libxapian30:amd64 (1.4.5-1) ...
Selecting previously unselected package doxygen.
Preparing to unpack .../039-doxygen_1.8.13-9_amd64.deb ...
Unpacking doxygen (1.8.13-9) ...
Selecting previously unselected package hicolor-icon-theme.
Preparing to unpack .../040-hicolor-icon-theme_0.17-1_all.deb ...
Unpacking hicolor-icon-theme (0.17-1) ...
Selecting previously unselected package libjpeg62-turbo:amd64.
Preparing to unpack .../041-libjpeg62-turbo_1%3a1.5.2-2+b1_amd64.deb ...
Unpacking libjpeg62-turbo:amd64 (1:1.5.2-2+b1) ...
Selecting previously unselected package libjbig0:amd64.
Preparing to unpack .../042-libjbig0_2.1-3.1+b2_amd64.deb ...
Unpacking libjbig0:amd64 (2.1-3.1+b2) ...
Selecting previously unselected package libtiff5:amd64.
Preparing to unpack .../043-libtiff5_4.0.9-3_amd64.deb ...
Unpacking libtiff5:amd64 (4.0.9-3) ...
Selecting previously unselected package libxau6:amd64.
Preparing to unpack .../044-libxau6_1%3a1.0.8-1+b2_amd64.deb ...
Unpacking libxau6:amd64 (1:1.0.8-1+b2) ...
Selecting previously unselected package libxdmcp6:amd64.
Preparing to unpack .../045-libxdmcp6_1%3a1.1.2-3_amd64.deb ...
Unpacking libxdmcp6:amd64 (1:1.1.2-3) ...
Selecting previously unselected package libxcb1:amd64.
Preparing to unpack .../046-libxcb1_1.12-1_amd64.deb ...
Unpacking libxcb1:amd64 (1.12-1) ...
Selecting previously unselected package libx11-data.
Preparing to unpack .../047-libx11-data_2%3a1.6.4-3_all.deb ...
Unpacking libx11-data (2:1.6.4-3) ...
Selecting previously unselected package libx11-6:amd64.
Preparing to unpack .../048-libx11-6_2%3a1.6.4-3_amd64.deb ...
Unpacking libx11-6:amd64 (2:1.6.4-3) ...
Selecting previously unselected package shared-mime-info.
Preparing to unpack .../049-shared-mime-info_1.9-2_amd64.deb ...
Unpacking shared-mime-info (1.9-2) ...
Selecting previously unselected package libgdk-pixbuf2.0-common.
Preparing to unpack .../050-libgdk-pixbuf2.0-common_2.36.11-1_all.deb ...
Unpacking libgdk-pixbuf2.0-common (2.36.11-1) ...
Selecting previously unselected package libgdk-pixbuf2.0-0:amd64.
Preparing to unpack .../051-libgdk-pixbuf2.0-0_2.36.11-1_amd64.deb ...
Unpacking libgdk-pixbuf2.0-0:amd64 (2.36.11-1) ...
Selecting previously unselected package gtk-update-icon-cache.
Preparing to unpack .../052-gtk-update-icon-cache_3.22.26-2_amd64.deb ...
No diversion 'diversion of /usr/sbin/update-icon-caches to /usr/sbin/update-icon-caches.gtk2 by libgtk-3-bin', none removed.
No diversion 'diversion of /usr/share/man/man8/update-icon-caches.8.gz to /usr/share/man/man8/update-icon-caches.gtk2.8.gz by libgtk-3-bin', none removed.
Unpacking gtk-update-icon-cache (3.22.26-2) ...
Selecting previously unselected package libpixman-1-0:amd64.
Preparing to unpack .../053-libpixman-1-0_0.34.0-2_amd64.deb ...
Unpacking libpixman-1-0:amd64 (0.34.0-2) ...
Selecting previously unselected package libxcb-render0:amd64.
Preparing to unpack .../054-libxcb-render0_1.12-1_amd64.deb ...
Unpacking libxcb-render0:amd64 (1.12-1) ...
Selecting previously unselected package libxcb-shm0:amd64.
Preparing to unpack .../055-libxcb-shm0_1.12-1_amd64.deb ...
Unpacking libxcb-shm0:amd64 (1.12-1) ...
Selecting previously unselected package libxext6:amd64.
Preparing to unpack .../056-libxext6_2%3a1.3.3-1+b2_amd64.deb ...
Unpacking libxext6:amd64 (2:1.3.3-1+b2) ...
Selecting previously unselected package libxrender1:amd64.
Preparing to unpack .../057-libxrender1_1%3a0.9.10-1_amd64.deb ...
Unpacking libxrender1:amd64 (1:0.9.10-1) ...
Selecting previously unselected package libcairo2:amd64.
Preparing to unpack .../058-libcairo2_1.15.10-1_amd64.deb ...
Unpacking libcairo2:amd64 (1.15.10-1) ...
Selecting previously unselected package libthai-data.
Preparing to unpack .../059-libthai-data_0.1.27-1_all.deb ...
Unpacking libthai-data (0.1.27-1) ...
Selecting previously unselected package libdatrie1:amd64.
Preparing to unpack .../060-libdatrie1_0.2.10-6_amd64.deb ...
Unpacking libdatrie1:amd64 (0.2.10-6) ...
Selecting previously unselected package libthai0:amd64.
Preparing to unpack .../061-libthai0_0.1.27-1_amd64.deb ...
Unpacking libthai0:amd64 (0.1.27-1) ...
Selecting previously unselected package libpango-1.0-0:amd64.
Preparing to unpack .../062-libpango-1.0-0_1.40.14-1_amd64.deb ...
Unpacking libpango-1.0-0:amd64 (1.40.14-1) ...
Selecting previously unselected package libgraphite2-3:amd64.
Preparing to unpack .../063-libgraphite2-3_1.3.10-8_amd64.deb ...
Unpacking libgraphite2-3:amd64 (1.3.10-8) ...
Selecting previously unselected package libharfbuzz0b:amd64.
Preparing to unpack .../064-libharfbuzz0b_1.7.2-1_amd64.deb ...
Unpacking libharfbuzz0b:amd64 (1.7.2-1) ...
Selecting previously unselected package libpangoft2-1.0-0:amd64.
Preparing to unpack .../065-libpangoft2-1.0-0_1.40.14-1_amd64.deb ...
Unpacking libpangoft2-1.0-0:amd64 (1.40.14-1) ...
Selecting previously unselected package libpangocairo-1.0-0:amd64.
Preparing to unpack .../066-libpangocairo-1.0-0_1.40.14-1_amd64.deb ...
Unpacking libpangocairo-1.0-0:amd64 (1.40.14-1) ...
Selecting previously unselected package librsvg2-2:amd64.
Preparing to unpack .../067-librsvg2-2_2.40.20-2_amd64.deb ...
Unpacking librsvg2-2:amd64 (2.40.20-2) ...
Selecting previously unselected package librsvg2-common:amd64.
Preparing to unpack .../068-librsvg2-common_2.40.20-2_amd64.deb ...
Unpacking librsvg2-common:amd64 (2.40.20-2) ...
Selecting previously unselected package gnome-icon-theme.
Preparing to unpack .../069-gnome-icon-theme_3.12.0-2_all.deb ...
Unpacking gnome-icon-theme (3.12.0-2) ...
Selecting previously unselected package libatk1.0-data.
Preparing to unpack .../070-libatk1.0-data_2.26.1-3_all.deb ...
Unpacking libatk1.0-data (2.26.1-3) ...
Selecting previously unselected package libatk1.0-0:amd64.
Preparing to unpack .../071-libatk1.0-0_2.26.1-3_amd64.deb ...
Unpacking libatk1.0-0:amd64 (2.26.1-3) ...
Selecting previously unselected package libavahi-common-data:amd64.
Preparing to unpack .../072-libavahi-common-data_0.7-3.1_amd64.deb ...
Unpacking libavahi-common-data:amd64 (0.7-3.1) ...
Selecting previously unselected package libavahi-common3:amd64.
Preparing to unpack .../073-libavahi-common3_0.7-3.1_amd64.deb ...
Unpacking libavahi-common3:amd64 (0.7-3.1) ...
Selecting previously unselected package libdbus-1-3:amd64.
Preparing to unpack .../074-libdbus-1-3_1.12.2-1_amd64.deb ...
Unpacking libdbus-1-3:amd64 (1.12.2-1) ...
Selecting previously unselected package libavahi-client3:amd64.
Preparing to unpack .../075-libavahi-client3_0.7-3.1_amd64.deb ...
Unpacking libavahi-client3:amd64 (0.7-3.1) ...
Selecting previously unselected package libcppunit-1.14-0:amd64.
Preparing to unpack .../076-libcppunit-1.14-0_1.14.0-3_amd64.deb ...
Unpacking libcppunit-1.14-0:amd64 (1.14.0-3) ...
Selecting previously unselected package libcppunit-dev.
Preparing to unpack .../077-libcppunit-dev_1.14.0-3_amd64.deb ...
Unpacking libcppunit-dev (1.14.0-3) ...
Selecting previously unselected package libkeyutils1:amd64.
Preparing to unpack .../078-libkeyutils1_1.5.9-9.2_amd64.deb ...
Unpacking libkeyutils1:amd64 (1.5.9-9.2) ...
Selecting previously unselected package libkrb5support0:amd64.
Preparing to unpack .../079-libkrb5support0_1.16-2_amd64.deb ...
Unpacking libkrb5support0:amd64 (1.16-2) ...
Selecting previously unselected package libk5crypto3:amd64.
Preparing to unpack .../080-libk5crypto3_1.16-2_amd64.deb ...
Unpacking libk5crypto3:amd64 (1.16-2) ...
Selecting previously unselected package libkrb5-3:amd64.
Preparing to unpack .../081-libkrb5-3_1.16-2_amd64.deb ...
Unpacking libkrb5-3:amd64 (1.16-2) ...
Selecting previously unselected package libgssapi-krb5-2:amd64.
Preparing to unpack .../082-libgssapi-krb5-2_1.16-2_amd64.deb ...
Unpacking libgssapi-krb5-2:amd64 (1.16-2) ...
Selecting previously unselected package libcups2:amd64.
Preparing to unpack .../083-libcups2_2.2.6-4_amd64.deb ...
Unpacking libcups2:amd64 (2.2.6-4) ...
Selecting previously unselected package libdrm-common.
Preparing to unpack .../084-libdrm-common_2.4.89-1_all.deb ...
Unpacking libdrm-common (2.4.89-1) ...
Selecting previously unselected package libdrm2:amd64.
Preparing to unpack .../085-libdrm2_2.4.89-1_amd64.deb ...
Unpacking libdrm2:amd64 (2.4.89-1) ...
Selecting previously unselected package libdrm-amdgpu1:amd64.
Preparing to unpack .../086-libdrm-amdgpu1_2.4.89-1_amd64.deb ...
Unpacking libdrm-amdgpu1:amd64 (2.4.89-1) ...
Selecting previously unselected package libpciaccess0:amd64.
Preparing to unpack .../087-libpciaccess0_0.13.4-1+b2_amd64.deb ...
Unpacking libpciaccess0:amd64 (0.13.4-1+b2) ...
Selecting previously unselected package libdrm-intel1:amd64.
Preparing to unpack .../088-libdrm-intel1_2.4.89-1_amd64.deb ...
Unpacking libdrm-intel1:amd64 (2.4.89-1) ...
Selecting previously unselected package libdrm-radeon1:amd64.
Preparing to unpack .../089-libdrm-radeon1_2.4.89-1_amd64.deb ...
Unpacking libdrm-radeon1:amd64 (2.4.89-1) ...
Selecting previously unselected package libdrm-nouveau2:amd64.
Preparing to unpack .../090-libdrm-nouveau2_2.4.89-1_amd64.deb ...
Unpacking libdrm-nouveau2:amd64 (2.4.89-1) ...
Selecting previously unselected package libdrm-dev:amd64.
Preparing to unpack .../091-libdrm-dev_2.4.89-1_amd64.deb ...
Unpacking libdrm-dev:amd64 (2.4.89-1) ...
Selecting previously unselected package libwayland-server0:amd64.
Preparing to unpack .../092-libwayland-server0_1.14.0-1+b1_amd64.deb ...
Unpacking libwayland-server0:amd64 (1.14.0-1+b1) ...
Selecting previously unselected package libgbm1:amd64.
Preparing to unpack .../093-libgbm1_17.3.3-1_amd64.deb ...
Unpacking libgbm1:amd64 (17.3.3-1) ...
Selecting previously unselected package libglapi-mesa:amd64.
Preparing to unpack .../094-libglapi-mesa_17.3.3-1_amd64.deb ...
Unpacking libglapi-mesa:amd64 (17.3.3-1) ...
Selecting previously unselected package libwayland-client0:amd64.
Preparing to unpack .../095-libwayland-client0_1.14.0-1+b1_amd64.deb ...
Unpacking libwayland-client0:amd64 (1.14.0-1+b1) ...
Selecting previously unselected package libx11-xcb1:amd64.
Preparing to unpack .../096-libx11-xcb1_2%3a1.6.4-3_amd64.deb ...
Unpacking libx11-xcb1:amd64 (2:1.6.4-3) ...
Selecting previously unselected package libxcb-dri2-0:amd64.
Preparing to unpack .../097-libxcb-dri2-0_1.12-1_amd64.deb ...
Unpacking libxcb-dri2-0:amd64 (1.12-1) ...
Selecting previously unselected package libxcb-dri3-0:amd64.
Preparing to unpack .../098-libxcb-dri3-0_1.12-1_amd64.deb ...
Unpacking libxcb-dri3-0:amd64 (1.12-1) ...
Selecting previously unselected package libxcb-present0:amd64.
Preparing to unpack .../099-libxcb-present0_1.12-1_amd64.deb ...
Unpacking libxcb-present0:amd64 (1.12-1) ...
Selecting previously unselected package libxcb-sync1:amd64.
Preparing to unpack .../100-libxcb-sync1_1.12-1_amd64.deb ...
Unpacking libxcb-sync1:amd64 (1.12-1) ...
Selecting previously unselected package libxcb-xfixes0:amd64.
Preparing to unpack .../101-libxcb-xfixes0_1.12-1_amd64.deb ...
Unpacking libxcb-xfixes0:amd64 (1.12-1) ...
Selecting previously unselected package libxshmfence1:amd64.
Preparing to unpack .../102-libxshmfence1_1.2-1+b2_amd64.deb ...
Unpacking libxshmfence1:amd64 (1.2-1+b2) ...
Selecting previously unselected package libegl-mesa0:amd64.
Preparing to unpack .../103-libegl-mesa0_17.3.3-1_amd64.deb ...
Unpacking libegl-mesa0:amd64 (17.3.3-1) ...
Selecting previously unselected package libelf1:amd64.
Preparing to unpack .../104-libelf1_0.170-0.3_amd64.deb ...
Unpacking libelf1:amd64 (0.170-0.3) ...
Selecting previously unselected package xorg-sgml-doctools.
Preparing to unpack .../105-xorg-sgml-doctools_1%3a1.11-1_all.deb ...
Unpacking xorg-sgml-doctools (1:1.11-1) ...
Selecting previously unselected package x11proto-core-dev.
Preparing to unpack .../106-x11proto-core-dev_7.0.31-1_all.deb ...
Unpacking x11proto-core-dev (7.0.31-1) ...
Selecting previously unselected package libxau-dev:amd64.
Preparing to unpack .../107-libxau-dev_1%3a1.0.8-1+b2_amd64.deb ...
Unpacking libxau-dev:amd64 (1:1.0.8-1+b2) ...
Selecting previously unselected package libxdmcp-dev:amd64.
Preparing to unpack .../108-libxdmcp-dev_1%3a1.1.2-3_amd64.deb ...
Unpacking libxdmcp-dev:amd64 (1:1.1.2-3) ...
Selecting previously unselected package x11proto-input-dev.
Preparing to unpack .../109-x11proto-input-dev_2.3.2-1_all.deb ...
Unpacking x11proto-input-dev (2.3.2-1) ...
Selecting previously unselected package x11proto-kb-dev.
Preparing to unpack .../110-x11proto-kb-dev_1.0.7-1_all.deb ...
Unpacking x11proto-kb-dev (1.0.7-1) ...
Selecting previously unselected package xtrans-dev.
Preparing to unpack .../111-xtrans-dev_1.3.5-1_all.deb ...
Unpacking xtrans-dev (1.3.5-1) ...
Selecting previously unselected package libpthread-stubs0-dev:amd64.
Preparing to unpack .../112-libpthread-stubs0-dev_0.3-4_amd64.deb ...
Unpacking libpthread-stubs0-dev:amd64 (0.3-4) ...
Selecting previously unselected package libxcb1-dev:amd64.
Preparing to unpack .../113-libxcb1-dev_1.12-1_amd64.deb ...
Unpacking libxcb1-dev:amd64 (1.12-1) ...
Selecting previously unselected package libx11-dev:amd64.
Preparing to unpack .../114-libx11-dev_2%3a1.6.4-3_amd64.deb ...
Unpacking libx11-dev:amd64 (2:1.6.4-3) ...
Selecting previously unselected package mesa-common-dev:amd64.
Preparing to unpack .../115-mesa-common-dev_17.3.3-1_amd64.deb ...
Unpacking mesa-common-dev:amd64 (17.3.3-1) ...
Selecting previously unselected package libglvnd0:amd64.
Preparing to unpack .../116-libglvnd0_1.0.0-2_amd64.deb ...
Unpacking libglvnd0:amd64 (1.0.0-2) ...
Selecting previously unselected package libglvnd-core-dev:amd64.
Preparing to unpack .../117-libglvnd-core-dev_1.0.0-2_amd64.deb ...
Unpacking libglvnd-core-dev:amd64 (1.0.0-2) ...
Selecting previously unselected package libegl1:amd64.
Preparing to unpack .../118-libegl1_1.0.0-2_amd64.deb ...
Unpacking libegl1:amd64 (1.0.0-2) ...
Selecting previously unselected package libgles2:amd64.
Preparing to unpack .../119-libgles2_1.0.0-2_amd64.deb ...
Unpacking libgles2:amd64 (1.0.0-2) ...
Selecting previously unselected package libxcb-glx0:amd64.
Preparing to unpack .../120-libxcb-glx0_1.12-1_amd64.deb ...
Unpacking libxcb-glx0:amd64 (1.12-1) ...
Selecting previously unselected package libxfixes3:amd64.
Preparing to unpack .../121-libxfixes3_1%3a5.0.3-1_amd64.deb ...
Unpacking libxfixes3:amd64 (1:5.0.3-1) ...
Selecting previously unselected package libxdamage1:amd64.
Preparing to unpack .../122-libxdamage1_1%3a1.1.4-3_amd64.deb ...
Unpacking libxdamage1:amd64 (1:1.1.4-3) ...
Selecting previously unselected package libxxf86vm1:amd64.
Preparing to unpack .../123-libxxf86vm1_1%3a1.1.4-1+b2_amd64.deb ...
Unpacking libxxf86vm1:amd64 (1:1.1.4-1+b2) ...
Selecting previously unselected package libsensors4:amd64.
Preparing to unpack .../124-libsensors4_1%3a3.4.0-4_amd64.deb ...
Unpacking libsensors4:amd64 (1:3.4.0-4) ...
Selecting previously unselected package libgl1-mesa-dri:amd64.
Preparing to unpack .../125-libgl1-mesa-dri_17.3.3-1_amd64.deb ...
Unpacking libgl1-mesa-dri:amd64 (17.3.3-1) ...
Selecting previously unselected package libglx-mesa0:amd64.
Preparing to unpack .../126-libglx-mesa0_17.3.3-1_amd64.deb ...
Unpacking libglx-mesa0:amd64 (17.3.3-1) ...
Selecting previously unselected package libglx0:amd64.
Preparing to unpack .../127-libglx0_1.0.0-2_amd64.deb ...
Unpacking libglx0:amd64 (1.0.0-2) ...
Selecting previously unselected package libgl1:amd64.
Preparing to unpack .../128-libgl1_1.0.0-2_amd64.deb ...
Unpacking libgl1:amd64 (1.0.0-2) ...
Selecting previously unselected package libopengl0:amd64.
Preparing to unpack .../129-libopengl0_1.0.0-2_amd64.deb ...
Unpacking libopengl0:amd64 (1.0.0-2) ...
Selecting previously unselected package libglvnd-dev:amd64.
Preparing to unpack .../130-libglvnd-dev_1.0.0-2_amd64.deb ...
Unpacking libglvnd-dev:amd64 (1.0.0-2) ...
Selecting previously unselected package libx11-xcb-dev:amd64.
Preparing to unpack .../131-libx11-xcb-dev_2%3a1.6.4-3_amd64.deb ...
Unpacking libx11-xcb-dev:amd64 (2:1.6.4-3) ...
Selecting previously unselected package libxcb-dri3-dev:amd64.
Preparing to unpack .../132-libxcb-dri3-dev_1.12-1_amd64.deb ...
Unpacking libxcb-dri3-dev:amd64 (1.12-1) ...
Selecting previously unselected package libxcb-randr0:amd64.
Preparing to unpack .../133-libxcb-randr0_1.12-1_amd64.deb ...
Unpacking libxcb-randr0:amd64 (1.12-1) ...
Selecting previously unselected package libxcb-render0-dev:amd64.
Preparing to unpack .../134-libxcb-render0-dev_1.12-1_amd64.deb ...
Unpacking libxcb-render0-dev:amd64 (1.12-1) ...
Selecting previously unselected package libxcb-randr0-dev:amd64.
Preparing to unpack .../135-libxcb-randr0-dev_1.12-1_amd64.deb ...
Unpacking libxcb-randr0-dev:amd64 (1.12-1) ...
Selecting previously unselected package libxcb-shape0:amd64.
Preparing to unpack .../136-libxcb-shape0_1.12-1_amd64.deb ...
Unpacking libxcb-shape0:amd64 (1.12-1) ...
Selecting previously unselected package libxcb-shape0-dev:amd64.
Preparing to unpack .../137-libxcb-shape0-dev_1.12-1_amd64.deb ...
Unpacking libxcb-shape0-dev:amd64 (1.12-1) ...
Selecting previously unselected package libxcb-xfixes0-dev:amd64.
Preparing to unpack .../138-libxcb-xfixes0-dev_1.12-1_amd64.deb ...
Unpacking libxcb-xfixes0-dev:amd64 (1.12-1) ...
Selecting previously unselected package libxcb-sync-dev:amd64.
Preparing to unpack .../139-libxcb-sync-dev_1.12-1_amd64.deb ...
Unpacking libxcb-sync-dev:amd64 (1.12-1) ...
Selecting previously unselected package libxcb-present-dev:amd64.
Preparing to unpack .../140-libxcb-present-dev_1.12-1_amd64.deb ...
Unpacking libxcb-present-dev:amd64 (1.12-1) ...
Selecting previously unselected package libxshmfence-dev:amd64.
Preparing to unpack .../141-libxshmfence-dev_1.2-1+b2_amd64.deb ...
Unpacking libxshmfence-dev:amd64 (1.2-1+b2) ...
Selecting previously unselected package libxcb-dri2-0-dev:amd64.
Preparing to unpack .../142-libxcb-dri2-0-dev_1.12-1_amd64.deb ...
Unpacking libxcb-dri2-0-dev:amd64 (1.12-1) ...
Selecting previously unselected package libxcb-glx0-dev:amd64.
Preparing to unpack .../143-libxcb-glx0-dev_1.12-1_amd64.deb ...
Unpacking libxcb-glx0-dev:amd64 (1.12-1) ...
Selecting previously unselected package x11proto-xext-dev.
Preparing to unpack .../144-x11proto-xext-dev_7.3.0-1_all.deb ...
Unpacking x11proto-xext-dev (7.3.0-1) ...
Selecting previously unselected package x11proto-fixes-dev.
Preparing to unpack .../145-x11proto-fixes-dev_1%3a5.0-2_all.deb ...
Unpacking x11proto-fixes-dev (1:5.0-2) ...
Selecting previously unselected package libxfixes-dev:amd64.
Preparing to unpack .../146-libxfixes-dev_1%3a5.0.3-1_amd64.deb ...
Unpacking libxfixes-dev:amd64 (1:5.0.3-1) ...
Selecting previously unselected package x11proto-damage-dev.
Preparing to unpack .../147-x11proto-damage-dev_1%3a1.2.1-2_all.deb ...
Unpacking x11proto-damage-dev (1:1.2.1-2) ...
Selecting previously unselected package libxdamage-dev:amd64.
Preparing to unpack .../148-libxdamage-dev_1%3a1.1.4-3_amd64.deb ...
Unpacking libxdamage-dev:amd64 (1:1.1.4-3) ...
Selecting previously unselected package libxext-dev:amd64.
Preparing to unpack .../149-libxext-dev_2%3a1.3.3-1+b2_amd64.deb ...
Unpacking libxext-dev:amd64 (2:1.3.3-1+b2) ...
Selecting previously unselected package x11proto-xf86vidmode-dev.
Preparing to unpack .../150-x11proto-xf86vidmode-dev_2.3.1-2_all.deb ...
Unpacking x11proto-xf86vidmode-dev (2.3.1-2) ...
Selecting previously unselected package libxxf86vm-dev:amd64.
Preparing to unpack .../151-libxxf86vm-dev_1%3a1.1.4-1+b2_amd64.deb ...
Unpacking libxxf86vm-dev:amd64 (1:1.1.4-1+b2) ...
Selecting previously unselected package x11proto-dri2-dev.
Preparing to unpack .../152-x11proto-dri2-dev_2.8-2_all.deb ...
Unpacking x11proto-dri2-dev (2.8-2) ...
Selecting previously unselected package x11proto-gl-dev.
Preparing to unpack .../153-x11proto-gl-dev_1.4.17-1_all.deb ...
Unpacking x11proto-gl-dev (1.4.17-1) ...
Selecting previously unselected package libgl1-mesa-dev:amd64.
Preparing to unpack .../154-libgl1-mesa-dev_17.3.3-1_amd64.deb ...
Unpacking libgl1-mesa-dev:amd64 (17.3.3-1) ...
Selecting previously unselected package libglu1-mesa:amd64.
Preparing to unpack .../155-libglu1-mesa_9.0.0-2.1_amd64.deb ...
Unpacking libglu1-mesa:amd64 (9.0.0-2.1) ...
Selecting previously unselected package libglu1-mesa-dev:amd64.
Preparing to unpack .../156-libglu1-mesa-dev_9.0.0-2.1_amd64.deb ...
Unpacking libglu1-mesa-dev:amd64 (9.0.0-2.1) ...
Selecting previously unselected package libgtk2.0-common.
Preparing to unpack .../157-libgtk2.0-common_2.24.32-1_all.deb ...
Unpacking libgtk2.0-common (2.24.32-1) ...
Selecting previously unselected package libxcomposite1:amd64.
Preparing to unpack .../158-libxcomposite1_1%3a0.4.4-2_amd64.deb ...
Unpacking libxcomposite1:amd64 (1:0.4.4-2) ...
Selecting previously unselected package libxcursor1:amd64.
Preparing to unpack .../159-libxcursor1_1%3a1.1.15-1_amd64.deb ...
Unpacking libxcursor1:amd64 (1:1.1.15-1) ...
Selecting previously unselected package libxi6:amd64.
Preparing to unpack .../160-libxi6_2%3a1.7.9-1_amd64.deb ...
Unpacking libxi6:amd64 (2:1.7.9-1) ...
Selecting previously unselected package libxinerama1:amd64.
Preparing to unpack .../161-libxinerama1_2%3a1.1.3-1+b3_amd64.deb ...
Unpacking libxinerama1:amd64 (2:1.1.3-1+b3) ...
Selecting previously unselected package libxrandr2:amd64.
Preparing to unpack .../162-libxrandr2_2%3a1.5.1-1_amd64.deb ...
Unpacking libxrandr2:amd64 (2:1.5.1-1) ...
Selecting previously unselected package libgtk2.0-0:amd64.
Preparing to unpack .../163-libgtk2.0-0_2.24.32-1_amd64.deb ...
Unpacking libgtk2.0-0:amd64 (2.24.32-1) ...
Selecting previously unselected package lsb-base.
Preparing to unpack .../164-lsb-base_9.20170808_all.deb ...
Unpacking lsb-base (9.20170808) ...
Selecting previously unselected package x11-common.
Preparing to unpack .../165-x11-common_1%3a7.7+19_all.deb ...
Unpacking x11-common (1:7.7+19) ...
Selecting previously unselected package libice6:amd64.
Preparing to unpack .../166-libice6_2%3a1.0.9-2_amd64.deb ...
Unpacking libice6:amd64 (2:1.0.9-2) ...
Selecting previously unselected package libnotify4:amd64.
Preparing to unpack .../167-libnotify4_0.7.7-3_amd64.deb ...
Unpacking libnotify4:amd64 (0.7.7-3) ...
Selecting previously unselected package libsm6:amd64.
Preparing to unpack .../168-libsm6_2%3a1.2.2-1+b3_amd64.deb ...
Unpacking libsm6:amd64 (2:1.2.2-1+b3) ...
Selecting previously unselected package libwxbase3.0-0v5:amd64.
Preparing to unpack .../169-libwxbase3.0-0v5_3.0.3.1+dfsg2-1_amd64.deb ...
Unpacking libwxbase3.0-0v5:amd64 (3.0.3.1+dfsg2-1) ...
Selecting previously unselected package wx3.0-headers.
Preparing to unpack .../170-wx3.0-headers_3.0.3.1+dfsg2-1_amd64.deb ...
Unpacking wx3.0-headers (3.0.3.1+dfsg2-1) ...
Selecting previously unselected package libwxbase3.0-dev.
Preparing to unpack .../171-libwxbase3.0-dev_3.0.3.1+dfsg2-1_amd64.deb ...
Unpacking libwxbase3.0-dev (3.0.3.1+dfsg2-1) ...
Selecting previously unselected package libwxgtk3.0-0v5:amd64.
Preparing to unpack .../172-libwxgtk3.0-0v5_3.0.3.1+dfsg2-1_amd64.deb ...
Unpacking libwxgtk3.0-0v5:amd64 (3.0.3.1+dfsg2-1) ...
Selecting previously unselected package wx-common.
Preparing to unpack .../173-wx-common_3.0.3.1+dfsg2-1_amd64.deb ...
Unpacking wx-common (3.0.3.1+dfsg2-1) ...
Selecting previously unselected package libwxgtk3.0-dev.
Preparing to unpack .../174-libwxgtk3.0-dev_3.0.3.1+dfsg2-1_amd64.deb ...
Unpacking libwxgtk3.0-dev (3.0.3.1+dfsg2-1) ...
Selecting previously unselected package sbuild-build-depends-stx-btree-dummy.
Preparing to unpack .../175-sbuild-build-depends-stx-btree-dummy_0.invalid.0_amd64.deb ...
Unpacking sbuild-build-depends-stx-btree-dummy (0.invalid.0) ...
Setting up libcppunit-1.14-0:amd64 (1.14.0-3) ...
Setting up libglvnd0:amd64 (1.0.0-2) ...
Setting up x11proto-dri2-dev (2.8-2) ...
Setting up libopengl0:amd64 (1.0.0-2) ...
Setting up libxapian30:amd64 (1.4.5-1) ...
Setting up libexpat1:amd64 (2.2.5-3) ...
Setting up libgtk2.0-common (2.24.32-1) ...
Setting up libjpeg62-turbo:amd64 (1:1.5.2-2+b1) ...
Setting up libarchive-zip-perl (1.60-1) ...
Setting up libpng16-16:amd64 (1.6.34-1) ...
Setting up libtimedate-perl (2.3000-2) ...
Setting up libjbig0:amd64 (2.1-3.1+b2) ...
Setting up libsigsegv2:amd64 (2.12-1) ...
Setting up libpthread-stubs0-dev:amd64 (0.3-4) ...
Setting up fonts-dejavu-core (2.37-1) ...
Setting up libelf1:amd64 (0.170-0.3) ...
Setting up groff-base (1.22.3-9) ...
Setting up libglib2.0-0:amd64 (2.54.3-2) ...
No schema files found: doing nothing.
Setting up libxshmfence1:amd64 (1.2-1+b2) ...
Setting up xorg-sgml-doctools (1:1.11-1) ...
Setting up libcppunit-dev (1.14.0-3) ...
Setting up libwayland-client0:amd64 (1.14.0-1+b1) ...
Setting up wx3.0-headers (3.0.3.1+dfsg2-1) ...
Setting up libgdk-pixbuf2.0-common (2.36.11-1) ...
Setting up libllvm5.0:amd64 (1:5.0.1-2) ...
Setting up libdatrie1:amd64 (0.2.10-6) ...
Setting up libtiff5:amd64 (4.0.9-3) ...
Setting up x11proto-xf86vidmode-dev (2.3.1-2) ...
Setting up gettext-base (0.19.8.1-4) ...
Setting up libpipeline1:amd64 (1.5.0-1) ...
Setting up x11proto-kb-dev (1.0.7-1) ...
Setting up libglapi-mesa:amd64 (17.3.3-1) ...
Setting up m4 (1.4.18-1) ...
Setting up libicu57:amd64 (57.1-8) ...
Setting up ucf (3.0036) ...
Setting up libclang1-5.0:amd64 (1:5.0.1-2) ...
Setting up libxml2:amd64 (2.9.4+dfsg1-6.1) ...
Setting up libfreetype6:amd64 (2.8.1-1) ...
Setting up libmagic-mgc (1:5.32-1) ...
Setting up libwxbase3.0-0v5:amd64 (3.0.3.1+dfsg2-1) ...
Setting up libmagic1:amd64 (1:5.32-1) ...
Setting up libdrm-common (2.4.89-1) ...
Setting up lsb-base (9.20170808) ...
Setting up libgraphite2-3:amd64 (1.3.10-8) ...
Setting up libcroco3:amd64 (0.6.12-2) ...
Setting up libatk1.0-data (2.26.1-3) ...
Setting up libx11-xcb1:amd64 (2:1.6.4-3) ...
Setting up libpixman-1-0:amd64 (0.34.0-2) ...
Setting up xtrans-dev (1.3.5-1) ...
Processing triggers for libc-bin (2.26-6) ...
Setting up autotools-dev (20171216.1) ...
Setting up libatk1.0-0:amd64 (2.26.1-3) ...
Setting up x11proto-gl-dev (1.4.17-1) ...
Setting up libpciaccess0:amd64 (0.13.4-1+b2) ...
Setting up libsensors4:amd64 (1:3.4.0-4) ...
Setting up libgles2:amd64 (1.0.0-2) ...
Setting up shared-mime-info (1.9-2) ...
Setting up libthai-data (0.1.27-1) ...
Setting up libxdmcp6:amd64 (1:1.1.2-3) ...
Setting up libkeyutils1:amd64 (1.5.9-9.2) ...
Setting up bsdmainutils (11.1.2) ...
update-alternatives: using /usr/bin/bsd-write to provide /usr/bin/write (write) in auto mode
update-alternatives: using /usr/bin/bsd-from to provide /usr/bin/from (from) in auto mode
Setting up x11-common (1:7.7+19) ...
update-rc.d: warning: start and stop actions are no longer supported; falling back to defaults
invoke-rc.d: could not determine current runlevel
All runlevel operations denied by policy
invoke-rc.d: policy-rc.d denied execution of start.
Setting up hicolor-icon-theme (0.17-1) ...
Setting up libglvnd-core-dev:amd64 (1.0.0-2) ...
Setting up libx11-data (2:1.6.4-3) ...
Setting up libxau6:amd64 (1:1.0.8-1+b2) ...
Setting up autopoint (0.19.8.1-4) ...
Setting up libdbus-1-3:amd64 (1.12.2-1) ...
Setting up libavahi-common-data:amd64 (0.7-3.1) ...
Setting up libwayland-server0:amd64 (1.14.0-1+b1) ...
Setting up libfile-stripnondeterminism-perl (0.040-1) ...
Setting up wx-common (3.0.3.1+dfsg2-1) ...
Setting up fontconfig-config (2.12.6-0.1) ...
Setting up x11proto-core-dev (7.0.31-1) ...
Setting up libxshmfence-dev:amd64 (1.2-1+b2) ...
Setting up gettext (0.19.8.1-4) ...
Setting up doxygen (1.8.13-9) ...
Setting up libharfbuzz0b:amd64 (1.7.2-1) ...
Setting up libxau-dev:amd64 (1:1.0.8-1+b2) ...
Setting up autoconf (2.69-11) ...
Setting up libthai0:amd64 (0.1.27-1) ...
Setting up file (1:5.32-1) ...
Setting up libkrb5support0:amd64 (1.16-2) ...
Setting up libwxbase3.0-dev (3.0.3.1+dfsg2-1) ...
update-alternatives: using /usr/lib/x86_64-linux-gnu/wx/config/base-unicode-3.0 to provide /usr/bin/wx-config (wx-config) in auto mode
Setting up libdrm2:amd64 (2.4.89-1) ...
Setting up intltool-debian (0.35.0+20060710.4) ...
Setting up libdrm-intel1:amd64 (2.4.89-1) ...
Setting up libxdmcp-dev:amd64 (1:1.1.2-3) ...
Setting up automake (1:1.15.1-3) ...
update-alternatives: using /usr/bin/automake-1.15 to provide /usr/bin/automake (automake) in auto mode
Setting up libice6:amd64 (2:1.0.9-2) ...
Setting up man-db (2.8.0-2) ...
Not building database; man-db/auto-update is not 'true'.
Setting up libavahi-common3:amd64 (0.7-3.1) ...
Setting up libdrm-radeon1:amd64 (2.4.89-1) ...
Setting up libdrm-nouveau2:amd64 (2.4.89-1) ...
Setting up libxcb1:amd64 (1.12-1) ...
Setting up x11proto-input-dev (2.3.2-1) ...
Setting up libtool (2.4.6-2) ...
Setting up libxcb-present0:amd64 (1.12-1) ...
Setting up libfontconfig1:amd64 (2.12.6-0.1) ...
Setting up libxcb-dri2-0:amd64 (1.12-1) ...
Setting up libsm6:amd64 (2:1.2.2-1+b3) ...
Setting up libxcb-dri3-0:amd64 (1.12-1) ...
Setting up libk5crypto3:amd64 (1.16-2) ...
Setting up libxcb-glx0:amd64 (1.12-1) ...
Setting up libxcb-randr0:amd64 (1.12-1) ...
Setting up libxcb-xfixes0:amd64 (1.12-1) ...
Setting up libxcb-render0:amd64 (1.12-1) ...
Setting up po-debconf (1.0.20) ...
Setting up libdrm-amdgpu1:amd64 (2.4.89-1) ...
Setting up libdrm-dev:amd64 (2.4.89-1) ...
Setting up libgbm1:amd64 (17.3.3-1) ...
Setting up libx11-6:amd64 (2:1.6.4-3) ...
Setting up libgl1-mesa-dri:amd64 (17.3.3-1) ...
Setting up libxcb-sync1:amd64 (1.12-1) ...
Setting up x11proto-xext-dev (7.3.0-1) ...
Setting up libxcomposite1:amd64 (1:0.4.4-2) ...
Setting up libxcb-shm0:amd64 (1.12-1) ...
Setting up libxcb-shape0:amd64 (1.12-1) ...
Setting up libxrender1:amd64 (1:0.9.10-1) ...
Setting up libxcb1-dev:amd64 (1.12-1) ...
Setting up libxcb-glx0-dev:amd64 (1.12-1) ...
Setting up libavahi-client3:amd64 (0.7-3.1) ...
Setting up libkrb5-3:amd64 (1.16-2) ...
Setting up libegl-mesa0:amd64 (17.3.3-1) ...
Setting up libx11-dev:amd64 (2:1.6.4-3) ...
Setting up libxcb-sync-dev:amd64 (1.12-1) ...
Setting up fontconfig (2.12.6-0.1) ...
Regenerating fonts cache... done.
Setting up libx11-xcb-dev:amd64 (2:1.6.4-3) ...
Setting up mesa-common-dev:amd64 (17.3.3-1) ...
Setting up libxext6:amd64 (2:1.3.3-1+b2) ...
Setting up libxfixes3:amd64 (1:5.0.3-1) ...
Setting up x11proto-fixes-dev (1:5.0-2) ...
Setting up libgdk-pixbuf2.0-0:amd64 (2.36.11-1) ...
Setting up libgssapi-krb5-2:amd64 (1.16-2) ...
Setting up libxcb-dri2-0-dev:amd64 (1.12-1) ...
Setting up libxcb-render0-dev:amd64 (1.12-1) ...
Setting up libegl1:amd64 (1.0.0-2) ...
Setting up x11proto-damage-dev (1:1.2.1-2) ...
Setting up gtk-update-icon-cache (3.22.26-2) ...
Setting up libxcb-dri3-dev:amd64 (1.12-1) ...
Setting up libxcursor1:amd64 (1:1.1.15-1) ...
Setting up libxext-dev:amd64 (2:1.3.3-1+b2) ...
Setting up libpango-1.0-0:amd64 (1.40.14-1) ...
Setting up libxcb-shape0-dev:amd64 (1.12-1) ...
Setting up libxxf86vm1:amd64 (1:1.1.4-1+b2) ...
Setting up libxxf86vm-dev:amd64 (1:1.1.4-1+b2) ...
Setting up libxfixes-dev:amd64 (1:5.0.3-1) ...
Setting up libxrandr2:amd64 (2:1.5.1-1) ...
Setting up libcups2:amd64 (2.2.6-4) ...
Setting up libxi6:amd64 (2:1.7.9-1) ...
Setting up libcairo2:amd64 (1.15.10-1) ...
Setting up libnotify4:amd64 (0.7.7-3) ...
Setting up libxinerama1:amd64 (2:1.1.3-1+b3) ...
Setting up libxcb-randr0-dev:amd64 (1.12-1) ...
Setting up libxdamage1:amd64 (1:1.1.4-3) ...
Setting up libxcb-xfixes0-dev:amd64 (1.12-1) ...
Setting up libxdamage-dev:amd64 (1:1.1.4-3) ...
Setting up libpangoft2-1.0-0:amd64 (1.40.14-1) ...
Setting up libxcb-present-dev:amd64 (1.12-1) ...
Setting up libglx-mesa0:amd64 (17.3.3-1) ...
Setting up libpangocairo-1.0-0:amd64 (1.40.14-1) ...
Setting up libglx0:amd64 (1.0.0-2) ...
Setting up librsvg2-2:amd64 (2.40.20-2) ...
Setting up librsvg2-common:amd64 (2.40.20-2) ...
Setting up libgl1:amd64 (1.0.0-2) ...
Setting up libglu1-mesa:amd64 (9.0.0-2.1) ...
Setting up gnome-icon-theme (3.12.0-2) ...
update-alternatives: using /usr/share/icons/gnome/scalable/places/debian-swirl.svg to provide /usr/share/icons/gnome/scalable/places/start-here.svg (start-here.svg) in auto mode
Setting up libglvnd-dev:amd64 (1.0.0-2) ...
Setting up libgl1-mesa-dev:amd64 (17.3.3-1) ...
Setting up libglu1-mesa-dev:amd64 (9.0.0-2.1) ...
Setting up libgtk2.0-0:amd64 (2.24.32-1) ...
Setting up libwxgtk3.0-0v5:amd64 (3.0.3.1+dfsg2-1) ...
Setting up libwxgtk3.0-dev (3.0.3.1+dfsg2-1) ...
update-alternatives: using /usr/lib/x86_64-linux-gnu/wx/config/gtk2-unicode-3.0 to provide /usr/bin/wx-config (wx-config) in auto mode
Setting up dh-autoreconf (16) ...
Setting up dh-strip-nondeterminism (0.040-1) ...
Setting up debhelper (11.1.4) ...
Setting up sbuild-build-depends-stx-btree-dummy (0.invalid.0) ...
Processing triggers for libc-bin (2.26-6) ...
Processing triggers for libgdk-pixbuf2.0-0:amd64 (2.36.11-1) ...

+------------------------------------------------------------------------------+
| Build environment                                                            |
+------------------------------------------------------------------------------+

Kernel: Linux 4.9.0-2-amd64 amd64 (x86_64)
Toolchain package versions: binutils_2.30-2 dpkg-dev_1.19.0.5 g++-7_7.3.0-1 gcc-7_7.3.0-1 libc6-dev_2.26-6 libstdc++-7-dev_7.3.0-1 libstdc++6_7.3.0-1 linux-libc-dev_4.14.13-1
Package versions: adduser_3.117 apt_1.6~alpha7 autoconf_2.69-11 automake_1:1.15.1-3 autopoint_0.19.8.1-4 autotools-dev_20171216.1 base-files_10.1 base-passwd_3.5.44 bash_4.4.18-1 binutils_2.30-2 binutils-common_2.30-2 binutils-x86-64-linux-gnu_2.30-2 bsdmainutils_11.1.2 bsdutils_1:2.30.2-0.3 build-essential_12.4 bzip2_1.0.6-8.1 clang-6.0_1:6.0~+rc1-1 coreutils_8.28-1 cpp_4:7.2.0-1d1 cpp-7_7.3.0-1 dash_0.5.8-2.10 debconf_1.5.65 debfoster_2.7-2.1+b1 debhelper_11.1.4 debian-archive-keyring_2017.7 debianutils_4.8.4 dh-autoreconf_16 dh-strip-nondeterminism_0.040-1 diffutils_1:3.6-1 doxygen_1.8.13-9 dpkg_1.19.0.5 dpkg-dev_1.19.0.5 e2fslibs_1.43.8-2 e2fsprogs_1.43.8-2 eatmydata_105-5 fakeroot_1.22-2 fdisk_2.30.2-0.3 file_1:5.32-1 findutils_4.6.0+git+20170828-2 fontconfig_2.12.6-0.1 fontconfig-config_2.12.6-0.1 fonts-dejavu-core_2.37-1 g++_4:7.2.0-1d1 g++-7_7.3.0-1 gcc_4:7.2.0-1d1 gcc-6-base_6.4.0-12 gcc-7_7.3.0-1 gcc-7-base_7.3.0-1 gettext_0.19.8.1-4 gettext-base_0.19.8.1-4 gnome-icon-theme_3.12.0-2 gpgv_2.2.4-2 grep_3.1-2 groff-base_1.22.3-9 gtk-update-icon-cache_3.22.26-2 gzip_1.6-5+b1 hicolor-icon-theme_0.17-1 hostname_3.20 init-system-helpers_1.51 intltool-debian_0.35.0+20060710.4 lib32gcc1_1:7.3.0-1 lib32stdc++6_7.3.0-1 libacl1_2.2.52-3+b1 libapt-pkg5.0_1.6~alpha7 libarchive-zip-perl_1.60-1 libasan4_7.3.0-1 libatk1.0-0_2.26.1-3 libatk1.0-data_2.26.1-3 libatomic1_7.3.0-1 libattr1_1:2.4.47-2+b2 libaudit-common_1:2.8.2-1 libaudit1_1:2.8.2-1 libavahi-client3_0.7-3.1 libavahi-common-data_0.7-3.1 libavahi-common3_0.7-3.1 libbinutils_2.30-2 libblkid1_2.30.2-0.3 libbsd0_0.8.7-1 libbz2-1.0_1.0.6-8.1 libc-bin_2.26-6 libc-dev-bin_2.26-6 libc6_2.26-6 libc6-dev_2.26-6 libc6-i386_2.26-6 libcairo2_1.15.10-1 libcap-ng0_0.7.7-3.1+b1 libcc1-0_7.3.0-1 libcilkrts5_7.3.0-1 libclang-common-6.0-dev_1:6.0~+rc1-1 libclang1-5.0_1:5.0.1-2 libclang1-6.0_1:6.0~+rc1-1 libcomerr2_1.43.8-2 libcppunit-1.14-0_1.14.0-3 libcppunit-dev_1.14.0-3 libcroco3_0.6.12-2 libcups2_2.2.6-4 libdatrie1_0.2.10-6 libdb5.3_5.3.28-13.1+b1 libdbus-1-3_1.12.2-1 libdebconfclient0_0.240 libdpkg-perl_1.19.0.5 libdrm-amdgpu1_2.4.89-1 libdrm-common_2.4.89-1 libdrm-dev_2.4.89-1 libdrm-intel1_2.4.89-1 libdrm-nouveau2_2.4.89-1 libdrm-radeon1_2.4.89-1 libdrm2_2.4.89-1 libeatmydata1_105-5 libedit2_3.1-20170329-1 libegl-mesa0_17.3.3-1 libegl1_1.0.0-2 libelf1_0.170-0.3 libexpat1_2.2.5-3 libfakeroot_1.22-2 libfdisk1_2.30.2-0.3 libffi6_3.2.1-8 libfile-stripnondeterminism-perl_0.040-1 libfontconfig1_2.12.6-0.1 libfreetype6_2.8.1-1 libgbm1_17.3.3-1 libgc1c2_1:7.4.2-8.1 libgcc-7-dev_7.3.0-1 libgcc1_1:7.3.0-1 libgcrypt20_1.8.1-4 libgdbm3_1.8.3-14 libgdbm5_1.14.1-2 libgdk-pixbuf2.0-0_2.36.11-1 libgdk-pixbuf2.0-common_2.36.11-1 libgl1_1.0.0-2 libgl1-mesa-dev_17.3.3-1 libgl1-mesa-dri_17.3.3-1 libglapi-mesa_17.3.3-1 libgles2_1.0.0-2 libglib2.0-0_2.54.3-2 libglu1-mesa_9.0.0-2.1 libglu1-mesa-dev_9.0.0-2.1 libglvnd-core-dev_1.0.0-2 libglvnd-dev_1.0.0-2 libglvnd0_1.0.0-2 libglx-mesa0_17.3.3-1 libglx0_1.0.0-2 libgmp10_2:6.1.2+dfsg-2 libgnutls30_3.5.17-1 libgomp1_7.3.0-1 libgpg-error0_1.27-6 libgraphite2-3_1.3.10-8 libgssapi-krb5-2_1.16-2 libgtk2.0-0_2.24.32-1 libgtk2.0-common_2.24.32-1 libharfbuzz0b_1.7.2-1 libhogweed4_3.4-1 libice6_2:1.0.9-2 libicu57_57.1-8 libidn2-0_2.0.4-1.1 libisl15_0.18-1 libitm1_7.3.0-1 libjbig0_2.1-3.1+b2 libjpeg62-turbo_1:1.5.2-2+b1 libjsoncpp1_1.7.4-3 libk5crypto3_1.16-2 libkeyutils1_1.5.9-9.2 libkrb5-3_1.16-2 libkrb5support0_1.16-2 libllvm5.0_1:5.0.1-2 libllvm6.0_1:6.0~+rc1-1 liblsan0_7.3.0-1 liblz4-1_0.0~r131-2+b1 liblzma5_5.2.2-1.3 libmagic-mgc_1:5.32-1 libmagic1_1:5.32-1 libmount1_2.30.2-0.3 libmpc3_1.1.0-1 libmpfr4_3.1.6-1 libmpfr6_4.0.1~rc2-1 libmpx2_7.3.0-1 libncurses5_6.0+20171125-1 libncursesw5_6.0+20171125-1 libnettle6_3.4-1 libnotify4_0.7.7-3 libobjc-7-dev_7.3.0-1 libobjc4_7.3.0-1 libopengl0_1.0.0-2 libp11-kit0_0.23.9-2 libpam-modules_1.1.8-3.6 libpam-modules-bin_1.1.8-3.6 libpam-runtime_1.1.8-3.6 libpam0g_1.1.8-3.6 libpango-1.0-0_1.40.14-1 libpangocairo-1.0-0_1.40.14-1 libpangoft2-1.0-0_1.40.14-1 libpciaccess0_0.13.4-1+b2 libpcre3_2:8.39-9 libperl5.26_5.26.1-4+b1 libpipeline1_1.5.0-1 libpixman-1-0_0.34.0-2 libpng16-16_1.6.34-1 libpthread-stubs0-dev_0.3-4 libquadmath0_7.3.0-1 librsvg2-2_2.40.20-2 librsvg2-common_2.40.20-2 libseccomp2_2.3.1-2.1 libselinux1_2.7-2+b1 libsemanage-common_2.7-2 libsemanage1_2.7-2+b1 libsensors4_1:3.4.0-4 libsepol1_2.7-1 libsigsegv2_2.12-1 libsm6_2:1.2.2-1+b3 libsmartcols1_2.30.2-0.3 libss2_1.43.8-2 libstdc++-7-dev_7.3.0-1 libstdc++6_7.3.0-1 libsystemd0_237-1 libtasn1-6_4.13-2 libthai-data_0.1.27-1 libthai0_0.1.27-1 libtiff5_4.0.9-3 libtimedate-perl_2.3000-2 libtinfo5_6.0+20171125-1 libtool_2.4.6-2 libtsan0_7.3.0-1 libubsan0_7.3.0-1 libudev1_237-1 libunistring2_0.9.8-1 libustr-1.0-1_1.0.4-6 libuuid1_2.30.2-0.3 libwayland-client0_1.14.0-1+b1 libwayland-server0_1.14.0-1+b1 libwxbase3.0-0v5_3.0.3.1+dfsg2-1 libwxbase3.0-dev_3.0.3.1+dfsg2-1 libwxgtk3.0-0v5_3.0.3.1+dfsg2-1 libwxgtk3.0-dev_3.0.3.1+dfsg2-1 libx11-6_2:1.6.4-3 libx11-data_2:1.6.4-3 libx11-dev_2:1.6.4-3 libx11-xcb-dev_2:1.6.4-3 libx11-xcb1_2:1.6.4-3 libxapian30_1.4.5-1 libxau-dev_1:1.0.8-1+b2 libxau6_1:1.0.8-1+b2 libxcb-dri2-0_1.12-1 libxcb-dri2-0-dev_1.12-1 libxcb-dri3-0_1.12-1 libxcb-dri3-dev_1.12-1 libxcb-glx0_1.12-1 libxcb-glx0-dev_1.12-1 libxcb-present-dev_1.12-1 libxcb-present0_1.12-1 libxcb-randr0_1.12-1 libxcb-randr0-dev_1.12-1 libxcb-render0_1.12-1 libxcb-render0-dev_1.12-1 libxcb-shape0_1.12-1 libxcb-shape0-dev_1.12-1 libxcb-shm0_1.12-1 libxcb-sync-dev_1.12-1 libxcb-sync1_1.12-1 libxcb-xfixes0_1.12-1 libxcb-xfixes0-dev_1.12-1 libxcb1_1.12-1 libxcb1-dev_1.12-1 libxcomposite1_1:0.4.4-2 libxcursor1_1:1.1.15-1 libxdamage-dev_1:1.1.4-3 libxdamage1_1:1.1.4-3 libxdmcp-dev_1:1.1.2-3 libxdmcp6_1:1.1.2-3 libxext-dev_2:1.3.3-1+b2 libxext6_2:1.3.3-1+b2 libxfixes-dev_1:5.0.3-1 libxfixes3_1:5.0.3-1 libxi6_2:1.7.9-1 libxinerama1_2:1.1.3-1+b3 libxml2_2.9.4+dfsg1-6.1 libxrandr2_2:1.5.1-1 libxrender1_1:0.9.10-1 libxshmfence-dev_1.2-1+b2 libxshmfence1_1.2-1+b2 libxxf86vm-dev_1:1.1.4-1+b2 libxxf86vm1_1:1.1.4-1+b2 linux-libc-dev_4.14.13-1 login_1:4.5-1 lsb-base_9.20170808 m4_1.4.18-1 make_4.1-9.1 man-db_2.8.0-2 mawk_1.3.3-17+b3 mesa-common-dev_17.3.3-1 mount_2.30.2-0.3 multiarch-support_2.26-6 ncurses-base_6.0+20171125-1 ncurses-bin_6.0+20171125-1 passwd_1:4.5-1 patch_2.7.5-1+b2 perl_5.26.1-4+b1 perl-base_5.26.1-4+b1 perl-modules-5.26_5.26.1-4 po-debconf_1.0.20 sbuild-build-depends-core-dummy_0.invalid.0 sbuild-build-depends-stx-btree-dummy_0.invalid.0 sed_4.4-2 sensible-utils_0.0.11 shared-mime-info_1.9-2 sysvinit-utils_2.88dsf-59.10 tar_1.29b-2 ucf_3.0036 util-linux_2.30.2-0.3 wx-common_3.0.3.1+dfsg2-1 wx3.0-headers_3.0.3.1+dfsg2-1 x11-common_1:7.7+19 x11proto-core-dev_7.0.31-1 x11proto-damage-dev_1:1.2.1-2 x11proto-dri2-dev_2.8-2 x11proto-fixes-dev_1:5.0-2 x11proto-gl-dev_1.4.17-1 x11proto-input-dev_2.3.2-1 x11proto-kb-dev_1.0.7-1 x11proto-xext-dev_7.3.0-1 x11proto-xf86vidmode-dev_2.3.1-2 xorg-sgml-doctools_1:1.11-1 xtrans-dev_1.3.5-1 xz-utils_5.2.2-1.3 zlib1g_1:1.2.8.dfsg-5

+------------------------------------------------------------------------------+
| Build                                                                        |
+------------------------------------------------------------------------------+


Unpack source
-------------

gpgv: unknown type of key resource 'trustedkeys.kbx'
gpgv: keyblock resource '/sbuild-nonexistent/.gnupg/trustedkeys.kbx': General error
gpgv: Signature made Sat Jul  4 21:43:27 2015 UTC
gpgv:                using RSA key 8EEDCC1BAA1F32FF
gpgv: Can't check signature: No public key
dpkg-source: warning: failed to verify signature on ./stx-btree_0.9-2.dsc
dpkg-source: info: extracting stx-btree in /<<PKGBUILDDIR>>
dpkg-source: info: unpacking stx-btree_0.9.orig.tar.bz2
dpkg-source: info: unpacking stx-btree_0.9-2.debian.tar.xz
dpkg-source: info: applying doxyfile-no-timestamp.diff

Check disk space
----------------

Sufficient free space for build

User Environment
----------------

APT_CONFIG=/var/lib/sbuild/apt.conf
HOME=/sbuild-nonexistent
LANG=en_US.UTF-8
LC_ALL=POSIX
LOGNAME=user42
PATH=/usr/local/sbin:/usr/local/bin:/usr/sbin:/usr/bin:/sbin:/bin:/usr/games
SCHROOT_ALIAS_NAME=unstable-amd64-sbuild
SCHROOT_CHROOT_NAME=unstable-amd64-sbuild
SCHROOT_COMMAND=env
SCHROOT_GID=1001
SCHROOT_GROUP=user42
SCHROOT_SESSION_ID=unstable-amd64-sbuild-9fce4b0a-34da-4115-8651-cf8c8a19d61d
SCHROOT_UID=1001
SCHROOT_USER=user42
SHELL=/bin/sh
USER=user42

dpkg-buildpackage
-----------------

dpkg-buildpackage: info: source package stx-btree
dpkg-buildpackage: info: source version 0.9-2
dpkg-buildpackage: info: source distribution unstable
dpkg-buildpackage: info: source changed by Yury Stankevich <urykhy@gmail.com>
 dpkg-source --before-build stx-btree-0.9
dpkg-buildpackage: info: host architecture amd64
 fakeroot debian/rules clean
dh clean --with autoreconf
   dh_clean
 debian/rules build-arch
dh build-arch --with autoreconf
   dh_update_autotools_config -a
   dh_autoreconf -a
configure.ac:24: installing 'scripts/compile'
parallel-tests: installing 'scripts/test-driver'
   debian/rules override_dh_auto_configure
make[1]: Entering directory '/<<PKGBUILDDIR>>'
dh_auto_configure --  --prefix=/usr \
                                  --mandir=\${prefix}/share/man \
                                  --infodir=\${prefix}/share/info \
                                  CFLAGS="-g -O2 -fdebug-prefix-map=/<<PKGBUILDDIR>>=. -fstack-protector-strong -Wformat -Werror=format-security" LDFLAGS="-Wl,-z,defs -Wl,-z,relro"
	./configure --build=x86_64-linux-gnu --prefix=/usr --includedir=\${prefix}/include --mandir=\${prefix}/share/man --infodir=\${prefix}/share/info --sysconfdir=/etc --localstatedir=/var --disable-silent-rules --libdir=\${prefix}/lib/x86_64-linux-gnu --libexecdir=\${prefix}/lib/x86_64-linux-gnu --disable-maintainer-mode --disable-dependency-tracking --prefix=/usr --mandir=\${prefix}/share/man --infodir=\${prefix}/share/info "CFLAGS=-g -O2 -fdebug-prefix-map=/<<PKGBUILDDIR>>=. -fstack-protector-strong -Wformat -Werror=format-security" "LDFLAGS=-Wl,-z,defs -Wl,-z,relro"
checking build system type... x86_64-pc-linux-gnu
checking host system type... x86_64-pc-linux-gnu
checking for a BSD-compatible install... /usr/bin/install -c
checking whether build environment is sane... yes
checking for a thread-safe mkdir -p... /bin/mkdir -p
checking for gawk... no
checking for mawk... mawk
checking whether make sets $(MAKE)... yes
checking whether make supports nested variables... yes
checking whether to enable maintainer-specific portions of Makefiles... no
checking for g++... g++
checking whether the C++ compiler works... yes
checking for C++ compiler default output file name... a.out
checking for suffix of executables... 
checking whether we are cross compiling... no
checking for suffix of object files... o
checking whether we are using the GNU C++ compiler... yes
checking whether g++ accepts -g... yes
checking for style of include used by make... GNU
checking dependency style of g++... none
checking for gcc... gcc
checking whether we are using the GNU C compiler... yes
checking whether gcc accepts -g... yes
checking for gcc option to accept ISO C89... none needed
checking whether gcc understands -c and -o together... yes
checking dependency style of gcc... none
checking how to run the C++ preprocessor... g++ -E
checking for grep that handles long lines and -e... /bin/grep
checking for egrep... /bin/grep -E
checking for ANSI C header files... yes
checking for sys/types.h... yes
checking for sys/stat.h... yes
checking for stdlib.h... yes
checking for string.h... yes
checking for memory.h... yes
checking for strings.h... yes
checking for inttypes.h... yes
checking for stdint.h... yes
checking for unistd.h... yes
checking for stdbool.h that conforms to C99... no
checking for _Bool... no
checking for an ANSI C-conforming const... yes
checking for inline... inline
checking for size_t... yes
checking for wx-config... /usr/bin/wx-config
checking for wxWidgets version >= 2.6.0... yes (version 3.0.3)
checking for wxWidgets static library... no
checking that generated files are newer than configure... done
configure: creating ./config.status
config.status: creating Makefile
config.status: creating include/Makefile
config.status: creating testsuite/Makefile
config.status: creating speedtest/Makefile
config.status: creating memprofile/Makefile
config.status: creating wxbtreedemo/Makefile
config.status: executing depfiles commands
make[1]: Leaving directory '/<<PKGBUILDDIR>>'
   debian/rules override_dh_auto_build
make[1]: Entering directory '/<<PKGBUILDDIR>>'
dh_auto_build
	make -j1
make[2]: Entering directory '/<<PKGBUILDDIR>>'
Making all in .
make[3]: Entering directory '/<<PKGBUILDDIR>>'
make[3]: Nothing to be done for 'all-am'.
make[3]: Leaving directory '/<<PKGBUILDDIR>>'
Making all in include
make[3]: Entering directory '/<<PKGBUILDDIR>>/include'
make[3]: Nothing to be done for 'all'.
make[3]: Leaving directory '/<<PKGBUILDDIR>>/include'
Making all in testsuite
make[3]: Entering directory '/<<PKGBUILDDIR>>/testsuite'
g++ -DPACKAGE_NAME=\"stx-btree\" -DPACKAGE_TARNAME=\"stx-btree\" -DPACKAGE_VERSION=\"0.9\" -DPACKAGE_STRING=\"stx-btree\ 0.9\" -DPACKAGE_BUGREPORT=\"\" -DPACKAGE_URL=\"\" -DPACKAGE=\"stx-btree\" -DVERSION=\"0.9\" -DSTDC_HEADERS=1 -DHAVE_SYS_TYPES_H=1 -DHAVE_SYS_STAT_H=1 -DHAVE_STDLIB_H=1 -DHAVE_STRING_H=1 -DHAVE_MEMORY_H=1 -DHAVE_STRINGS_H=1 -DHAVE_INTTYPES_H=1 -DHAVE_STDINT_H=1 -DHAVE_UNISTD_H=1 -I.   -Wdate-time -D_FORTIFY_SOURCE=2 -W -Wall -Wold-style-cast -Wshadow -DBTREE_DEBUG -I../include -g -O2 -fdebug-prefix-map=/<<PKGBUILDDIR>>=. -fstack-protector-strong -Wformat -Werror=format-security -c -o tpunit.o tpunit.cc
g++ -DPACKAGE_NAME=\"stx-btree\" -DPACKAGE_TARNAME=\"stx-btree\" -DPACKAGE_VERSION=\"0.9\" -DPACKAGE_STRING=\"stx-btree\ 0.9\" -DPACKAGE_BUGREPORT=\"\" -DPACKAGE_URL=\"\" -DPACKAGE=\"stx-btree\" -DVERSION=\"0.9\" -DSTDC_HEADERS=1 -DHAVE_SYS_TYPES_H=1 -DHAVE_SYS_STAT_H=1 -DHAVE_STDLIB_H=1 -DHAVE_STRING_H=1 -DHAVE_MEMORY_H=1 -DHAVE_STRINGS_H=1 -DHAVE_INTTYPES_H=1 -DHAVE_STDINT_H=1 -DHAVE_UNISTD_H=1 -I.   -Wdate-time -D_FORTIFY_SOURCE=2 -W -Wall -Wold-style-cast -Wshadow -DBTREE_DEBUG -I../include -g -O2 -fdebug-prefix-map=/<<PKGBUILDDIR>>=. -fstack-protector-strong -Wformat -Werror=format-security -c -o InstantiationTest.o InstantiationTest.cc
g++ -DPACKAGE_NAME=\"stx-btree\" -DPACKAGE_TARNAME=\"stx-btree\" -DPACKAGE_VERSION=\"0.9\" -DPACKAGE_STRING=\"stx-btree\ 0.9\" -DPACKAGE_BUGREPORT=\"\" -DPACKAGE_URL=\"\" -DPACKAGE=\"stx-btree\" -DVERSION=\"0.9\" -DSTDC_HEADERS=1 -DHAVE_SYS_TYPES_H=1 -DHAVE_SYS_STAT_H=1 -DHAVE_STDLIB_H=1 -DHAVE_STRING_H=1 -DHAVE_MEMORY_H=1 -DHAVE_STRINGS_H=1 -DHAVE_INTTYPES_H=1 -DHAVE_STDINT_H=1 -DHAVE_UNISTD_H=1 -I.   -Wdate-time -D_FORTIFY_SOURCE=2 -W -Wall -Wold-style-cast -Wshadow -DBTREE_DEBUG -I../include -g -O2 -fdebug-prefix-map=/<<PKGBUILDDIR>>=. -fstack-protector-strong -Wformat -Werror=format-security -c -o SimpleTest.o SimpleTest.cc
SimpleTest.cc:32:9: warning: base class 'tpunit::TestFixture' is uninitialized when used here to access 'tpunit::TestFixture::Test<SimpleTest<8> >' [-Wuninitialized]
        TEST(SimpleTest::test_empty),
        ^
./tpunit.h:144:25: note: expanded from macro 'TEST'
#define TEST(M)         Test(&M, #M)
                        ^
SimpleTest.cc:239:22: note: in instantiation of member function 'SimpleTest<8>::SimpleTest' requested here
struct SimpleTest<8> __SimpleTest8;
                     ^
SimpleTest.cc:33:9: warning: base class 'tpunit::TestFixture' is uninitialized when used here to access 'tpunit::TestFixture::Test<SimpleTest<8> >' [-Wuninitialized]
        TEST(SimpleTest::test_set_insert_erase_3200),
        ^
./tpunit.h:144:25: note: expanded from macro 'TEST'
#define TEST(M)         Test(&M, #M)
                        ^
SimpleTest.cc:34:9: warning: base class 'tpunit::TestFixture' is uninitialized when used here to access 'tpunit::TestFixture::Test<SimpleTest<8> >' [-Wuninitialized]
        TEST(SimpleTest::test_set_insert_erase_3200_descending),
        ^
./tpunit.h:144:25: note: expanded from macro 'TEST'
#define TEST(M)         Test(&M, #M)
                        ^
SimpleTest.cc:35:9: warning: base class 'tpunit::TestFixture' is uninitialized when used here to access 'tpunit::TestFixture::Test<SimpleTest<8> >' [-Wuninitialized]
        TEST(SimpleTest::test_map_insert_erase_3200),
        ^
./tpunit.h:144:25: note: expanded from macro 'TEST'
#define TEST(M)         Test(&M, #M)
                        ^
SimpleTest.cc:36:9: warning: base class 'tpunit::TestFixture' is uninitialized when used here to access 'tpunit::TestFixture::Test<SimpleTest<8> >' [-Wuninitialized]
        TEST(SimpleTest::test_map_insert_erase_3200_descending),
        ^
./tpunit.h:144:25: note: expanded from macro 'TEST'
#define TEST(M)         Test(&M, #M)
                        ^
SimpleTest.cc:37:9: warning: base class 'tpunit::TestFixture' is uninitialized when used here to access 'tpunit::TestFixture::Test<SimpleTest<8> >' [-Wuninitialized]
        TEST(SimpleTest::test2_map_insert_erase_strings),
        ^
./tpunit.h:144:25: note: expanded from macro 'TEST'
#define TEST(M)         Test(&M, #M)
                        ^
SimpleTest.cc:38:9: warning: base class 'tpunit::TestFixture' is uninitialized when used here to access 'tpunit::TestFixture::Test<SimpleTest<8> >' [-Wuninitialized]
        TEST(SimpleTest::test_set_100000_uint64),
        ^
./tpunit.h:144:25: note: expanded from macro 'TEST'
#define TEST(M)         Test(&M, #M)
                        ^
SimpleTest.cc:39:9: warning: base class 'tpunit::TestFixture' is uninitialized when used here to access 'tpunit::TestFixture::Test<SimpleTest<8> >' [-Wuninitialized]
        TEST(SimpleTest::test_multiset_100000_uint32)
        ^
./tpunit.h:144:25: note: expanded from macro 'TEST'
#define TEST(M)         Test(&M, #M)
                        ^
SimpleTest.cc:32:9: warning: base class 'tpunit::TestFixture' is uninitialized when used here to access 'tpunit::TestFixture::Test<SimpleTest<9> >' [-Wuninitialized]
        TEST(SimpleTest::test_empty),
        ^
./tpunit.h:144:25: note: expanded from macro 'TEST'
#define TEST(M)         Test(&M, #M)
                        ^
SimpleTest.cc:240:22: note: in instantiation of member function 'SimpleTest<9>::SimpleTest' requested here
struct SimpleTest<9> __SimpleTest9;
                     ^
SimpleTest.cc:33:9: warning: base class 'tpunit::TestFixture' is uninitialized when used here to access 'tpunit::TestFixture::Test<SimpleTest<9> >' [-Wuninitialized]
        TEST(SimpleTest::test_set_insert_erase_3200),
        ^
./tpunit.h:144:25: note: expanded from macro 'TEST'
#define TEST(M)         Test(&M, #M)
                        ^
SimpleTest.cc:34:9: warning: base class 'tpunit::TestFixture' is uninitialized when used here to access 'tpunit::TestFixture::Test<SimpleTest<9> >' [-Wuninitialized]
        TEST(SimpleTest::test_set_insert_erase_3200_descending),
        ^
./tpunit.h:144:25: note: expanded from macro 'TEST'
#define TEST(M)         Test(&M, #M)
                        ^
SimpleTest.cc:35:9: warning: base class 'tpunit::TestFixture' is uninitialized when used here to access 'tpunit::TestFixture::Test<SimpleTest<9> >' [-Wuninitialized]
        TEST(SimpleTest::test_map_insert_erase_3200),
        ^
./tpunit.h:144:25: note: expanded from macro 'TEST'
#define TEST(M)         Test(&M, #M)
                        ^
SimpleTest.cc:36:9: warning: base class 'tpunit::TestFixture' is uninitialized when used here to access 'tpunit::TestFixture::Test<SimpleTest<9> >' [-Wuninitialized]
        TEST(SimpleTest::test_map_insert_erase_3200_descending),
        ^
./tpunit.h:144:25: note: expanded from macro 'TEST'
#define TEST(M)         Test(&M, #M)
                        ^
SimpleTest.cc:37:9: warning: base class 'tpunit::TestFixture' is uninitialized when used here to access 'tpunit::TestFixture::Test<SimpleTest<9> >' [-Wuninitialized]
        TEST(SimpleTest::test2_map_insert_erase_strings),
        ^
./tpunit.h:144:25: note: expanded from macro 'TEST'
#define TEST(M)         Test(&M, #M)
                        ^
SimpleTest.cc:38:9: warning: base class 'tpunit::TestFixture' is uninitialized when used here to access 'tpunit::TestFixture::Test<SimpleTest<9> >' [-Wuninitialized]
        TEST(SimpleTest::test_set_100000_uint64),
        ^
./tpunit.h:144:25: note: expanded from macro 'TEST'
#define TEST(M)         Test(&M, #M)
                        ^
SimpleTest.cc:39:9: warning: base class 'tpunit::TestFixture' is uninitialized when used here to access 'tpunit::TestFixture::Test<SimpleTest<9> >' [-Wuninitialized]
        TEST(SimpleTest::test_multiset_100000_uint32)
        ^
./tpunit.h:144:25: note: expanded from macro 'TEST'
#define TEST(M)         Test(&M, #M)
                        ^
SimpleTest.cc:32:9: warning: base class 'tpunit::TestFixture' is uninitialized when used here to access 'tpunit::TestFixture::Test<SimpleTest<10> >' [-Wuninitialized]
        TEST(SimpleTest::test_empty),
        ^
./tpunit.h:144:25: note: expanded from macro 'TEST'
#define TEST(M)         Test(&M, #M)
                        ^
SimpleTest.cc:241:23: note: in instantiation of member function 'SimpleTest<10>::SimpleTest' requested here
struct SimpleTest<10> __SimpleTest10;
                      ^
SimpleTest.cc:33:9: warning: base class 'tpunit::TestFixture' is uninitialized when used here to access 'tpunit::TestFixture::Test<SimpleTest<10> >' [-Wuninitialized]
        TEST(SimpleTest::test_set_insert_erase_3200),
        ^
./tpunit.h:144:25: note: expanded from macro 'TEST'
#define TEST(M)         Test(&M, #M)
                        ^
SimpleTest.cc:34:9: warning: base class 'tpunit::TestFixture' is uninitialized when used here to access 'tpunit::TestFixture::Test<SimpleTest<10> >' [-Wuninitialized]
        TEST(SimpleTest::test_set_insert_erase_3200_descending),
        ^
./tpunit.h:144:25: note: expanded from macro 'TEST'
#define TEST(M)         Test(&M, #M)
                        ^
SimpleTest.cc:35:9: warning: base class 'tpunit::TestFixture' is uninitialized when used here to access 'tpunit::TestFixture::Test<SimpleTest<10> >' [-Wuninitialized]
        TEST(SimpleTest::test_map_insert_erase_3200),
        ^
./tpunit.h:144:25: note: expanded from macro 'TEST'
#define TEST(M)         Test(&M, #M)
                        ^
SimpleTest.cc:36:9: warning: base class 'tpunit::TestFixture' is uninitialized when used here to access 'tpunit::TestFixture::Test<SimpleTest<10> >' [-Wuninitialized]
        TEST(SimpleTest::test_map_insert_erase_3200_descending),
        ^
./tpunit.h:144:25: note: expanded from macro 'TEST'
#define TEST(M)         Test(&M, #M)
                        ^
SimpleTest.cc:37:9: warning: base class 'tpunit::TestFixture' is uninitialized when used here to access 'tpunit::TestFixture::Test<SimpleTest<10> >' [-Wuninitialized]
        TEST(SimpleTest::test2_map_insert_erase_strings),
        ^
./tpunit.h:144:25: note: expanded from macro 'TEST'
#define TEST(M)         Test(&M, #M)
                        ^
SimpleTest.cc:38:9: warning: base class 'tpunit::TestFixture' is uninitialized when used here to access 'tpunit::TestFixture::Test<SimpleTest<10> >' [-Wuninitialized]
        TEST(SimpleTest::test_set_100000_uint64),
        ^
./tpunit.h:144:25: note: expanded from macro 'TEST'
#define TEST(M)         Test(&M, #M)
                        ^
SimpleTest.cc:39:9: warning: base class 'tpunit::TestFixture' is uninitialized when used here to access 'tpunit::TestFixture::Test<SimpleTest<10> >' [-Wuninitialized]
        TEST(SimpleTest::test_multiset_100000_uint32)
        ^
./tpunit.h:144:25: note: expanded from macro 'TEST'
#define TEST(M)         Test(&M, #M)
                        ^
SimpleTest.cc:32:9: warning: base class 'tpunit::TestFixture' is uninitialized when used here to access 'tpunit::TestFixture::Test<SimpleTest<11> >' [-Wuninitialized]
        TEST(SimpleTest::test_empty),
        ^
./tpunit.h:144:25: note: expanded from macro 'TEST'
#define TEST(M)         Test(&M, #M)
                        ^
SimpleTest.cc:242:23: note: in instantiation of member function 'SimpleTest<11>::SimpleTest' requested here
struct SimpleTest<11> __SimpleTest11;
                      ^
SimpleTest.cc:33:9: warning: base class 'tpunit::TestFixture' is uninitialized when used here to access 'tpunit::TestFixture::Test<SimpleTest<11> >' [-Wuninitialized]
        TEST(SimpleTest::test_set_insert_erase_3200),
        ^
./tpunit.h:144:25: note: expanded from macro 'TEST'
#define TEST(M)         Test(&M, #M)
                        ^
SimpleTest.cc:34:9: warning: base class 'tpunit::TestFixture' is uninitialized when used here to access 'tpunit::TestFixture::Test<SimpleTest<11> >' [-Wuninitialized]
        TEST(SimpleTest::test_set_insert_erase_3200_descending),
        ^
./tpunit.h:144:25: note: expanded from macro 'TEST'
#define TEST(M)         Test(&M, #M)
                        ^
SimpleTest.cc:35:9: warning: base class 'tpunit::TestFixture' is uninitialized when used here to access 'tpunit::TestFixture::Test<SimpleTest<11> >' [-Wuninitialized]
        TEST(SimpleTest::test_map_insert_erase_3200),
        ^
./tpunit.h:144:25: note: expanded from macro 'TEST'
#define TEST(M)         Test(&M, #M)
                        ^
SimpleTest.cc:36:9: warning: base class 'tpunit::TestFixture' is uninitialized when used here to access 'tpunit::TestFixture::Test<SimpleTest<11> >' [-Wuninitialized]
        TEST(SimpleTest::test_map_insert_erase_3200_descending),
        ^
./tpunit.h:144:25: note: expanded from macro 'TEST'
#define TEST(M)         Test(&M, #M)
                        ^
SimpleTest.cc:37:9: warning: base class 'tpunit::TestFixture' is uninitialized when used here to access 'tpunit::TestFixture::Test<SimpleTest<11> >' [-Wuninitialized]
        TEST(SimpleTest::test2_map_insert_erase_strings),
        ^
./tpunit.h:144:25: note: expanded from macro 'TEST'
#define TEST(M)         Test(&M, #M)
                        ^
SimpleTest.cc:38:9: warning: base class 'tpunit::TestFixture' is uninitialized when used here to access 'tpunit::TestFixture::Test<SimpleTest<11> >' [-Wuninitialized]
        TEST(SimpleTest::test_set_100000_uint64),
        ^
./tpunit.h:144:25: note: expanded from macro 'TEST'
#define TEST(M)         Test(&M, #M)
                        ^
SimpleTest.cc:39:9: warning: base class 'tpunit::TestFixture' is uninitialized when used here to access 'tpunit::TestFixture::Test<SimpleTest<11> >' [-Wuninitialized]
        TEST(SimpleTest::test_multiset_100000_uint32)
        ^
./tpunit.h:144:25: note: expanded from macro 'TEST'
#define TEST(M)         Test(&M, #M)
                        ^
SimpleTest.cc:32:9: warning: base class 'tpunit::TestFixture' is uninitialized when used here to access 'tpunit::TestFixture::Test<SimpleTest<12> >' [-Wuninitialized]
        TEST(SimpleTest::test_empty),
        ^
./tpunit.h:144:25: note: expanded from macro 'TEST'
#define TEST(M)         Test(&M, #M)
                        ^
SimpleTest.cc:243:23: note: in instantiation of member function 'SimpleTest<12>::SimpleTest' requested here
struct SimpleTest<12> __SimpleTest12;
                      ^
SimpleTest.cc:33:9: warning: base class 'tpunit::TestFixture' is uninitialized when used here to access 'tpunit::TestFixture::Test<SimpleTest<12> >' [-Wuninitialized]
        TEST(SimpleTest::test_set_insert_erase_3200),
        ^
./tpunit.h:144:25: note: expanded from macro 'TEST'
#define TEST(M)         Test(&M, #M)
                        ^
SimpleTest.cc:34:9: warning: base class 'tpunit::TestFixture' is uninitialized when used here to access 'tpunit::TestFixture::Test<SimpleTest<12> >' [-Wuninitialized]
        TEST(SimpleTest::test_set_insert_erase_3200_descending),
        ^
./tpunit.h:144:25: note: expanded from macro 'TEST'
#define TEST(M)         Test(&M, #M)
                        ^
SimpleTest.cc:35:9: warning: base class 'tpunit::TestFixture' is uninitialized when used here to access 'tpunit::TestFixture::Test<SimpleTest<12> >' [-Wuninitialized]
        TEST(SimpleTest::test_map_insert_erase_3200),
        ^
./tpunit.h:144:25: note: expanded from macro 'TEST'
#define TEST(M)         Test(&M, #M)
                        ^
SimpleTest.cc:36:9: warning: base class 'tpunit::TestFixture' is uninitialized when used here to access 'tpunit::TestFixture::Test<SimpleTest<12> >' [-Wuninitialized]
        TEST(SimpleTest::test_map_insert_erase_3200_descending),
        ^
./tpunit.h:144:25: note: expanded from macro 'TEST'
#define TEST(M)         Test(&M, #M)
                        ^
SimpleTest.cc:37:9: warning: base class 'tpunit::TestFixture' is uninitialized when used here to access 'tpunit::TestFixture::Test<SimpleTest<12> >' [-Wuninitialized]
        TEST(SimpleTest::test2_map_insert_erase_strings),
        ^
./tpunit.h:144:25: note: expanded from macro 'TEST'
#define TEST(M)         Test(&M, #M)
                        ^
SimpleTest.cc:38:9: warning: base class 'tpunit::TestFixture' is uninitialized when used here to access 'tpunit::TestFixture::Test<SimpleTest<12> >' [-Wuninitialized]
        TEST(SimpleTest::test_set_100000_uint64),
        ^
./tpunit.h:144:25: note: expanded from macro 'TEST'
#define TEST(M)         Test(&M, #M)
                        ^
SimpleTest.cc:39:9: warning: base class 'tpunit::TestFixture' is uninitialized when used here to access 'tpunit::TestFixture::Test<SimpleTest<12> >' [-Wuninitialized]
        TEST(SimpleTest::test_multiset_100000_uint32)
        ^
./tpunit.h:144:25: note: expanded from macro 'TEST'
#define TEST(M)         Test(&M, #M)
                        ^
SimpleTest.cc:32:9: warning: base class 'tpunit::TestFixture' is uninitialized when used here to access 'tpunit::TestFixture::Test<SimpleTest<13> >' [-Wuninitialized]
        TEST(SimpleTest::test_empty),
        ^
./tpunit.h:144:25: note: expanded from macro 'TEST'
#define TEST(M)         Test(&M, #M)
                        ^
SimpleTest.cc:244:23: note: in instantiation of member function 'SimpleTest<13>::SimpleTest' requested here
struct SimpleTest<13> __SimpleTest13;
                      ^
SimpleTest.cc:33:9: warning: base class 'tpunit::TestFixture' is uninitialized when used here to access 'tpunit::TestFixture::Test<SimpleTest<13> >' [-Wuninitialized]
        TEST(SimpleTest::test_set_insert_erase_3200),
        ^
./tpunit.h:144:25: note: expanded from macro 'TEST'
#define TEST(M)         Test(&M, #M)
                        ^
SimpleTest.cc:34:9: warning: base class 'tpunit::TestFixture' is uninitialized when used here to access 'tpunit::TestFixture::Test<SimpleTest<13> >' [-Wuninitialized]
        TEST(SimpleTest::test_set_insert_erase_3200_descending),
        ^
./tpunit.h:144:25: note: expanded from macro 'TEST'
#define TEST(M)         Test(&M, #M)
                        ^
SimpleTest.cc:35:9: warning: base class 'tpunit::TestFixture' is uninitialized when used here to access 'tpunit::TestFixture::Test<SimpleTest<13> >' [-Wuninitialized]
        TEST(SimpleTest::test_map_insert_erase_3200),
        ^
./tpunit.h:144:25: note: expanded from macro 'TEST'
#define TEST(M)         Test(&M, #M)
                        ^
SimpleTest.cc:36:9: warning: base class 'tpunit::TestFixture' is uninitialized when used here to access 'tpunit::TestFixture::Test<SimpleTest<13> >' [-Wuninitialized]
        TEST(SimpleTest::test_map_insert_erase_3200_descending),
        ^
./tpunit.h:144:25: note: expanded from macro 'TEST'
#define TEST(M)         Test(&M, #M)
                        ^
SimpleTest.cc:37:9: warning: base class 'tpunit::TestFixture' is uninitialized when used here to access 'tpunit::TestFixture::Test<SimpleTest<13> >' [-Wuninitialized]
        TEST(SimpleTest::test2_map_insert_erase_strings),
        ^
./tpunit.h:144:25: note: expanded from macro 'TEST'
#define TEST(M)         Test(&M, #M)
                        ^
SimpleTest.cc:38:9: warning: base class 'tpunit::TestFixture' is uninitialized when used here to access 'tpunit::TestFixture::Test<SimpleTest<13> >' [-Wuninitialized]
        TEST(SimpleTest::test_set_100000_uint64),
        ^
./tpunit.h:144:25: note: expanded from macro 'TEST'
#define TEST(M)         Test(&M, #M)
                        ^
SimpleTest.cc:39:9: warning: base class 'tpunit::TestFixture' is uninitialized when used here to access 'tpunit::TestFixture::Test<SimpleTest<13> >' [-Wuninitialized]
        TEST(SimpleTest::test_multiset_100000_uint32)
        ^
./tpunit.h:144:25: note: expanded from macro 'TEST'
#define TEST(M)         Test(&M, #M)
                        ^
SimpleTest.cc:32:9: warning: base class 'tpunit::TestFixture' is uninitialized when used here to access 'tpunit::TestFixture::Test<SimpleTest<14> >' [-Wuninitialized]
        TEST(SimpleTest::test_empty),
        ^
./tpunit.h:144:25: note: expanded from macro 'TEST'
#define TEST(M)         Test(&M, #M)
                        ^
SimpleTest.cc:245:23: note: in instantiation of member function 'SimpleTest<14>::SimpleTest' requested here
struct SimpleTest<14> __SimpleTest14;
                      ^
SimpleTest.cc:33:9: warning: base class 'tpunit::TestFixture' is uninitialized when used here to access 'tpunit::TestFixture::Test<SimpleTest<14> >' [-Wuninitialized]
        TEST(SimpleTest::test_set_insert_erase_3200),
        ^
./tpunit.h:144:25: note: expanded from macro 'TEST'
#define TEST(M)         Test(&M, #M)
                        ^
SimpleTest.cc:34:9: warning: base class 'tpunit::TestFixture' is uninitialized when used here to access 'tpunit::TestFixture::Test<SimpleTest<14> >' [-Wuninitialized]
        TEST(SimpleTest::test_set_insert_erase_3200_descending),
        ^
./tpunit.h:144:25: note: expanded from macro 'TEST'
#define TEST(M)         Test(&M, #M)
                        ^
SimpleTest.cc:35:9: warning: base class 'tpunit::TestFixture' is uninitialized when used here to access 'tpunit::TestFixture::Test<SimpleTest<14> >' [-Wuninitialized]
        TEST(SimpleTest::test_map_insert_erase_3200),
        ^
./tpunit.h:144:25: note: expanded from macro 'TEST'
#define TEST(M)         Test(&M, #M)
                        ^
SimpleTest.cc:36:9: warning: base class 'tpunit::TestFixture' is uninitialized when used here to access 'tpunit::TestFixture::Test<SimpleTest<14> >' [-Wuninitialized]
        TEST(SimpleTest::test_map_insert_erase_3200_descending),
        ^
./tpunit.h:144:25: note: expanded from macro 'TEST'
#define TEST(M)         Test(&M, #M)
                        ^
SimpleTest.cc:37:9: warning: base class 'tpunit::TestFixture' is uninitialized when used here to access 'tpunit::TestFixture::Test<SimpleTest<14> >' [-Wuninitialized]
        TEST(SimpleTest::test2_map_insert_erase_strings),
        ^
./tpunit.h:144:25: note: expanded from macro 'TEST'
#define TEST(M)         Test(&M, #M)
                        ^
SimpleTest.cc:38:9: warning: base class 'tpunit::TestFixture' is uninitialized when used here to access 'tpunit::TestFixture::Test<SimpleTest<14> >' [-Wuninitialized]
        TEST(SimpleTest::test_set_100000_uint64),
        ^
./tpunit.h:144:25: note: expanded from macro 'TEST'
#define TEST(M)         Test(&M, #M)
                        ^
SimpleTest.cc:39:9: warning: base class 'tpunit::TestFixture' is uninitialized when used here to access 'tpunit::TestFixture::Test<SimpleTest<14> >' [-Wuninitialized]
        TEST(SimpleTest::test_multiset_100000_uint32)
        ^
./tpunit.h:144:25: note: expanded from macro 'TEST'
#define TEST(M)         Test(&M, #M)
                        ^
SimpleTest.cc:32:9: warning: base class 'tpunit::TestFixture' is uninitialized when used here to access 'tpunit::TestFixture::Test<SimpleTest<15> >' [-Wuninitialized]
        TEST(SimpleTest::test_empty),
        ^
./tpunit.h:144:25: note: expanded from macro 'TEST'
#define TEST(M)         Test(&M, #M)
                        ^
SimpleTest.cc:246:23: note: in instantiation of member function 'SimpleTest<15>::SimpleTest' requested here
struct SimpleTest<15> __SimpleTest15;
                      ^
SimpleTest.cc:33:9: warning: base class 'tpunit::TestFixture' is uninitialized when used here to access 'tpunit::TestFixture::Test<SimpleTest<15> >' [-Wuninitialized]
        TEST(SimpleTest::test_set_insert_erase_3200),
        ^
./tpunit.h:144:25: note: expanded from macro 'TEST'
#define TEST(M)         Test(&M, #M)
                        ^
SimpleTest.cc:34:9: warning: base class 'tpunit::TestFixture' is uninitialized when used here to access 'tpunit::TestFixture::Test<SimpleTest<15> >' [-Wuninitialized]
        TEST(SimpleTest::test_set_insert_erase_3200_descending),
        ^
./tpunit.h:144:25: note: expanded from macro 'TEST'
#define TEST(M)         Test(&M, #M)
                        ^
SimpleTest.cc:35:9: warning: base class 'tpunit::TestFixture' is uninitialized when used here to access 'tpunit::TestFixture::Test<SimpleTest<15> >' [-Wuninitialized]
        TEST(SimpleTest::test_map_insert_erase_3200),
        ^
./tpunit.h:144:25: note: expanded from macro 'TEST'
#define TEST(M)         Test(&M, #M)
                        ^
SimpleTest.cc:36:9: warning: base class 'tpunit::TestFixture' is uninitialized when used here to access 'tpunit::TestFixture::Test<SimpleTest<15> >' [-Wuninitialized]
        TEST(SimpleTest::test_map_insert_erase_3200_descending),
        ^
./tpunit.h:144:25: note: expanded from macro 'TEST'
#define TEST(M)         Test(&M, #M)
                        ^
SimpleTest.cc:37:9: warning: base class 'tpunit::TestFixture' is uninitialized when used here to access 'tpunit::TestFixture::Test<SimpleTest<15> >' [-Wuninitialized]
        TEST(SimpleTest::test2_map_insert_erase_strings),
        ^
./tpunit.h:144:25: note: expanded from macro 'TEST'
#define TEST(M)         Test(&M, #M)
                        ^
SimpleTest.cc:38:9: warning: base class 'tpunit::TestFixture' is uninitialized when used here to access 'tpunit::TestFixture::Test<SimpleTest<15> >' [-Wuninitialized]
        TEST(SimpleTest::test_set_100000_uint64),
        ^
./tpunit.h:144:25: note: expanded from macro 'TEST'
#define TEST(M)         Test(&M, #M)
                        ^
SimpleTest.cc:39:9: warning: base class 'tpunit::TestFixture' is uninitialized when used here to access 'tpunit::TestFixture::Test<SimpleTest<15> >' [-Wuninitialized]
        TEST(SimpleTest::test_multiset_100000_uint32)
        ^
./tpunit.h:144:25: note: expanded from macro 'TEST'
#define TEST(M)         Test(&M, #M)
                        ^
SimpleTest.cc:32:9: warning: base class 'tpunit::TestFixture' is uninitialized when used here to access 'tpunit::TestFixture::Test<SimpleTest<16> >' [-Wuninitialized]
        TEST(SimpleTest::test_empty),
        ^
./tpunit.h:144:25: note: expanded from macro 'TEST'
#define TEST(M)         Test(&M, #M)
                        ^
SimpleTest.cc:247:23: note: in instantiation of member function 'SimpleTest<16>::SimpleTest' requested here
struct SimpleTest<16> __SimpleTest16;
                      ^
SimpleTest.cc:33:9: warning: base class 'tpunit::TestFixture' is uninitialized when used here to access 'tpunit::TestFixture::Test<SimpleTest<16> >' [-Wuninitialized]
        TEST(SimpleTest::test_set_insert_erase_3200),
        ^
./tpunit.h:144:25: note: expanded from macro 'TEST'
#define TEST(M)         Test(&M, #M)
                        ^
SimpleTest.cc:34:9: warning: base class 'tpunit::TestFixture' is uninitialized when used here to access 'tpunit::TestFixture::Test<SimpleTest<16> >' [-Wuninitialized]
        TEST(SimpleTest::test_set_insert_erase_3200_descending),
        ^
./tpunit.h:144:25: note: expanded from macro 'TEST'
#define TEST(M)         Test(&M, #M)
                        ^
SimpleTest.cc:35:9: warning: base class 'tpunit::TestFixture' is uninitialized when used here to access 'tpunit::TestFixture::Test<SimpleTest<16> >' [-Wuninitialized]
        TEST(SimpleTest::test_map_insert_erase_3200),
        ^
./tpunit.h:144:25: note: expanded from macro 'TEST'
#define TEST(M)         Test(&M, #M)
                        ^
SimpleTest.cc:36:9: warning: base class 'tpunit::TestFixture' is uninitialized when used here to access 'tpunit::TestFixture::Test<SimpleTest<16> >' [-Wuninitialized]
        TEST(SimpleTest::test_map_insert_erase_3200_descending),
        ^
./tpunit.h:144:25: note: expanded from macro 'TEST'
#define TEST(M)         Test(&M, #M)
                        ^
SimpleTest.cc:37:9: warning: base class 'tpunit::TestFixture' is uninitialized when used here to access 'tpunit::TestFixture::Test<SimpleTest<16> >' [-Wuninitialized]
        TEST(SimpleTest::test2_map_insert_erase_strings),
        ^
./tpunit.h:144:25: note: expanded from macro 'TEST'
#define TEST(M)         Test(&M, #M)
                        ^
SimpleTest.cc:38:9: warning: base class 'tpunit::TestFixture' is uninitialized when used here to access 'tpunit::TestFixture::Test<SimpleTest<16> >' [-Wuninitialized]
        TEST(SimpleTest::test_set_100000_uint64),
        ^
./tpunit.h:144:25: note: expanded from macro 'TEST'
#define TEST(M)         Test(&M, #M)
                        ^
SimpleTest.cc:39:9: warning: base class 'tpunit::TestFixture' is uninitialized when used here to access 'tpunit::TestFixture::Test<SimpleTest<16> >' [-Wuninitialized]
        TEST(SimpleTest::test_multiset_100000_uint32)
        ^
./tpunit.h:144:25: note: expanded from macro 'TEST'
#define TEST(M)         Test(&M, #M)
                        ^
SimpleTest.cc:32:9: warning: base class 'tpunit::TestFixture' is uninitialized when used here to access 'tpunit::TestFixture::Test<SimpleTest<17> >' [-Wuninitialized]
        TEST(SimpleTest::test_empty),
        ^
./tpunit.h:144:25: note: expanded from macro 'TEST'
#define TEST(M)         Test(&M, #M)
                        ^
SimpleTest.cc:248:23: note: in instantiation of member function 'SimpleTest<17>::SimpleTest' requested here
struct SimpleTest<17> __SimpleTest17;
                      ^
SimpleTest.cc:33:9: warning: base class 'tpunit::TestFixture' is uninitialized when used here to access 'tpunit::TestFixture::Test<SimpleTest<17> >' [-Wuninitialized]
        TEST(SimpleTest::test_set_insert_erase_3200),
        ^
./tpunit.h:144:25: note: expanded from macro 'TEST'
#define TEST(M)         Test(&M, #M)
                        ^
SimpleTest.cc:34:9: warning: base class 'tpunit::TestFixture' is uninitialized when used here to access 'tpunit::TestFixture::Test<SimpleTest<17> >' [-Wuninitialized]
        TEST(SimpleTest::test_set_insert_erase_3200_descending),
        ^
./tpunit.h:144:25: note: expanded from macro 'TEST'
#define TEST(M)         Test(&M, #M)
                        ^
SimpleTest.cc:35:9: warning: base class 'tpunit::TestFixture' is uninitialized when used here to access 'tpunit::TestFixture::Test<SimpleTest<17> >' [-Wuninitialized]
        TEST(SimpleTest::test_map_insert_erase_3200),
        ^
./tpunit.h:144:25: note: expanded from macro 'TEST'
#define TEST(M)         Test(&M, #M)
                        ^
SimpleTest.cc:36:9: warning: base class 'tpunit::TestFixture' is uninitialized when used here to access 'tpunit::TestFixture::Test<SimpleTest<17> >' [-Wuninitialized]
        TEST(SimpleTest::test_map_insert_erase_3200_descending),
        ^
./tpunit.h:144:25: note: expanded from macro 'TEST'
#define TEST(M)         Test(&M, #M)
                        ^
SimpleTest.cc:37:9: warning: base class 'tpunit::TestFixture' is uninitialized when used here to access 'tpunit::TestFixture::Test<SimpleTest<17> >' [-Wuninitialized]
        TEST(SimpleTest::test2_map_insert_erase_strings),
        ^
./tpunit.h:144:25: note: expanded from macro 'TEST'
#define TEST(M)         Test(&M, #M)
                        ^
SimpleTest.cc:38:9: warning: base class 'tpunit::TestFixture' is uninitialized when used here to access 'tpunit::TestFixture::Test<SimpleTest<17> >' [-Wuninitialized]
        TEST(SimpleTest::test_set_100000_uint64),
        ^
./tpunit.h:144:25: note: expanded from macro 'TEST'
#define TEST(M)         Test(&M, #M)
                        ^
SimpleTest.cc:39:9: warning: base class 'tpunit::TestFixture' is uninitialized when used here to access 'tpunit::TestFixture::Test<SimpleTest<17> >' [-Wuninitialized]
        TEST(SimpleTest::test_multiset_100000_uint32)
        ^
./tpunit.h:144:25: note: expanded from macro 'TEST'
#define TEST(M)         Test(&M, #M)
                        ^
SimpleTest.cc:32:9: warning: base class 'tpunit::TestFixture' is uninitialized when used here to access 'tpunit::TestFixture::Test<SimpleTest<19> >' [-Wuninitialized]
        TEST(SimpleTest::test_empty),
        ^
./tpunit.h:144:25: note: expanded from macro 'TEST'
#define TEST(M)         Test(&M, #M)
                        ^
SimpleTest.cc:249:23: note: in instantiation of member function 'SimpleTest<19>::SimpleTest' requested here
struct SimpleTest<19> __SimpleTest19;
                      ^
SimpleTest.cc:33:9: warning: base class 'tpunit::TestFixture' is uninitialized when used here to access 'tpunit::TestFixture::Test<SimpleTest<19> >' [-Wuninitialized]
        TEST(SimpleTest::test_set_insert_erase_3200),
        ^
./tpunit.h:144:25: note: expanded from macro 'TEST'
#define TEST(M)         Test(&M, #M)
                        ^
SimpleTest.cc:34:9: warning: base class 'tpunit::TestFixture' is uninitialized when used here to access 'tpunit::TestFixture::Test<SimpleTest<19> >' [-Wuninitialized]
        TEST(SimpleTest::test_set_insert_erase_3200_descending),
        ^
./tpunit.h:144:25: note: expanded from macro 'TEST'
#define TEST(M)         Test(&M, #M)
                        ^
SimpleTest.cc:35:9: warning: base class 'tpunit::TestFixture' is uninitialized when used here to access 'tpunit::TestFixture::Test<SimpleTest<19> >' [-Wuninitialized]
        TEST(SimpleTest::test_map_insert_erase_3200),
        ^
./tpunit.h:144:25: note: expanded from macro 'TEST'
#define TEST(M)         Test(&M, #M)
                        ^
SimpleTest.cc:36:9: warning: base class 'tpunit::TestFixture' is uninitialized when used here to access 'tpunit::TestFixture::Test<SimpleTest<19> >' [-Wuninitialized]
        TEST(SimpleTest::test_map_insert_erase_3200_descending),
        ^
./tpunit.h:144:25: note: expanded from macro 'TEST'
#define TEST(M)         Test(&M, #M)
                        ^
SimpleTest.cc:37:9: warning: base class 'tpunit::TestFixture' is uninitialized when used here to access 'tpunit::TestFixture::Test<SimpleTest<19> >' [-Wuninitialized]
        TEST(SimpleTest::test2_map_insert_erase_strings),
        ^
./tpunit.h:144:25: note: expanded from macro 'TEST'
#define TEST(M)         Test(&M, #M)
                        ^
SimpleTest.cc:38:9: warning: base class 'tpunit::TestFixture' is uninitialized when used here to access 'tpunit::TestFixture::Test<SimpleTest<19> >' [-Wuninitialized]
        TEST(SimpleTest::test_set_100000_uint64),
        ^
./tpunit.h:144:25: note: expanded from macro 'TEST'
#define TEST(M)         Test(&M, #M)
                        ^
SimpleTest.cc:39:9: warning: base class 'tpunit::TestFixture' is uninitialized when used here to access 'tpunit::TestFixture::Test<SimpleTest<19> >' [-Wuninitialized]
        TEST(SimpleTest::test_multiset_100000_uint32)
        ^
./tpunit.h:144:25: note: expanded from macro 'TEST'
#define TEST(M)         Test(&M, #M)
                        ^
SimpleTest.cc:32:9: warning: base class 'tpunit::TestFixture' is uninitialized when used here to access 'tpunit::TestFixture::Test<SimpleTest<20> >' [-Wuninitialized]
        TEST(SimpleTest::test_empty),
        ^
./tpunit.h:144:25: note: expanded from macro 'TEST'
#define TEST(M)         Test(&M, #M)
                        ^
SimpleTest.cc:250:23: note: in instantiation of member function 'SimpleTest<20>::SimpleTest' requested here
struct SimpleTest<20> __SimpleTest20;
                      ^
SimpleTest.cc:33:9: warning: base class 'tpunit::TestFixture' is uninitialized when used here to access 'tpunit::TestFixture::Test<SimpleTest<20> >' [-Wuninitialized]
        TEST(SimpleTest::test_set_insert_erase_3200),
        ^
./tpunit.h:144:25: note: expanded from macro 'TEST'
#define TEST(M)         Test(&M, #M)
                        ^
SimpleTest.cc:34:9: warning: base class 'tpunit::TestFixture' is uninitialized when used here to access 'tpunit::TestFixture::Test<SimpleTest<20> >' [-Wuninitialized]
        TEST(SimpleTest::test_set_insert_erase_3200_descending),
        ^
./tpunit.h:144:25: note: expanded from macro 'TEST'
#define TEST(M)         Test(&M, #M)
                        ^
SimpleTest.cc:35:9: warning: base class 'tpunit::TestFixture' is uninitialized when used here to access 'tpunit::TestFixture::Test<SimpleTest<20> >' [-Wuninitialized]
        TEST(SimpleTest::test_map_insert_erase_3200),
        ^
./tpunit.h:144:25: note: expanded from macro 'TEST'
#define TEST(M)         Test(&M, #M)
                        ^
SimpleTest.cc:36:9: warning: base class 'tpunit::TestFixture' is uninitialized when used here to access 'tpunit::TestFixture::Test<SimpleTest<20> >' [-Wuninitialized]
        TEST(SimpleTest::test_map_insert_erase_3200_descending),
        ^
./tpunit.h:144:25: note: expanded from macro 'TEST'
#define TEST(M)         Test(&M, #M)
                        ^
SimpleTest.cc:37:9: warning: base class 'tpunit::TestFixture' is uninitialized when used here to access 'tpunit::TestFixture::Test<SimpleTest<20> >' [-Wuninitialized]
        TEST(SimpleTest::test2_map_insert_erase_strings),
        ^
./tpunit.h:144:25: note: expanded from macro 'TEST'
#define TEST(M)         Test(&M, #M)
                        ^
SimpleTest.cc:38:9: warning: base class 'tpunit::TestFixture' is uninitialized when used here to access 'tpunit::TestFixture::Test<SimpleTest<20> >' [-Wuninitialized]
        TEST(SimpleTest::test_set_100000_uint64),
        ^
./tpunit.h:144:25: note: expanded from macro 'TEST'
#define TEST(M)         Test(&M, #M)
                        ^
SimpleTest.cc:39:9: warning: base class 'tpunit::TestFixture' is uninitialized when used here to access 'tpunit::TestFixture::Test<SimpleTest<20> >' [-Wuninitialized]
        TEST(SimpleTest::test_multiset_100000_uint32)
        ^
./tpunit.h:144:25: note: expanded from macro 'TEST'
#define TEST(M)         Test(&M, #M)
                        ^
SimpleTest.cc:32:9: warning: base class 'tpunit::TestFixture' is uninitialized when used here to access 'tpunit::TestFixture::Test<SimpleTest<21> >' [-Wuninitialized]
        TEST(SimpleTest::test_empty),
        ^
./tpunit.h:144:25: note: expanded from macro 'TEST'
#define TEST(M)         Test(&M, #M)
                        ^
SimpleTest.cc:251:23: note: in instantiation of member function 'SimpleTest<21>::SimpleTest' requested here
struct SimpleTest<21> __SimpleTest21;
                      ^
SimpleTest.cc:33:9: warning: base class 'tpunit::TestFixture' is uninitialized when used here to access 'tpunit::TestFixture::Test<SimpleTest<21> >' [-Wuninitialized]
        TEST(SimpleTest::test_set_insert_erase_3200),
        ^
./tpunit.h:144:25: note: expanded from macro 'TEST'
#define TEST(M)         Test(&M, #M)
                        ^
SimpleTest.cc:34:9: warning: base class 'tpunit::TestFixture' is uninitialized when used here to access 'tpunit::TestFixture::Test<SimpleTest<21> >' [-Wuninitialized]
        TEST(SimpleTest::test_set_insert_erase_3200_descending),
        ^
./tpunit.h:144:25: note: expanded from macro 'TEST'
#define TEST(M)         Test(&M, #M)
                        ^
SimpleTest.cc:35:9: warning: base class 'tpunit::TestFixture' is uninitialized when used here to access 'tpunit::TestFixture::Test<SimpleTest<21> >' [-Wuninitialized]
        TEST(SimpleTest::test_map_insert_erase_3200),
        ^
./tpunit.h:144:25: note: expanded from macro 'TEST'
#define TEST(M)         Test(&M, #M)
                        ^
SimpleTest.cc:36:9: warning: base class 'tpunit::TestFixture' is uninitialized when used here to access 'tpunit::TestFixture::Test<SimpleTest<21> >' [-Wuninitialized]
        TEST(SimpleTest::test_map_insert_erase_3200_descending),
        ^
./tpunit.h:144:25: note: expanded from macro 'TEST'
#define TEST(M)         Test(&M, #M)
                        ^
SimpleTest.cc:37:9: warning: base class 'tpunit::TestFixture' is uninitialized when used here to access 'tpunit::TestFixture::Test<SimpleTest<21> >' [-Wuninitialized]
        TEST(SimpleTest::test2_map_insert_erase_strings),
        ^
./tpunit.h:144:25: note: expanded from macro 'TEST'
#define TEST(M)         Test(&M, #M)
                        ^
SimpleTest.cc:38:9: warning: base class 'tpunit::TestFixture' is uninitialized when used here to access 'tpunit::TestFixture::Test<SimpleTest<21> >' [-Wuninitialized]
        TEST(SimpleTest::test_set_100000_uint64),
        ^
./tpunit.h:144:25: note: expanded from macro 'TEST'
#define TEST(M)         Test(&M, #M)
                        ^
SimpleTest.cc:39:9: warning: base class 'tpunit::TestFixture' is uninitialized when used here to access 'tpunit::TestFixture::Test<SimpleTest<21> >' [-Wuninitialized]
        TEST(SimpleTest::test_multiset_100000_uint32)
        ^
./tpunit.h:144:25: note: expanded from macro 'TEST'
#define TEST(M)         Test(&M, #M)
                        ^
SimpleTest.cc:32:9: warning: base class 'tpunit::TestFixture' is uninitialized when used here to access 'tpunit::TestFixture::Test<SimpleTest<23> >' [-Wuninitialized]
        TEST(SimpleTest::test_empty),
        ^
./tpunit.h:144:25: note: expanded from macro 'TEST'
#define TEST(M)         Test(&M, #M)
                        ^
SimpleTest.cc:252:23: note: in instantiation of member function 'SimpleTest<23>::SimpleTest' requested here
struct SimpleTest<23> __SimpleTest23;
                      ^
SimpleTest.cc:33:9: warning: base class 'tpunit::TestFixture' is uninitialized when used here to access 'tpunit::TestFixture::Test<SimpleTest<23> >' [-Wuninitialized]
        TEST(SimpleTest::test_set_insert_erase_3200),
        ^
./tpunit.h:144:25: note: expanded from macro 'TEST'
#define TEST(M)         Test(&M, #M)
                        ^
SimpleTest.cc:34:9: warning: base class 'tpunit::TestFixture' is uninitialized when used here to access 'tpunit::TestFixture::Test<SimpleTest<23> >' [-Wuninitialized]
        TEST(SimpleTest::test_set_insert_erase_3200_descending),
        ^
./tpunit.h:144:25: note: expanded from macro 'TEST'
#define TEST(M)         Test(&M, #M)
                        ^
SimpleTest.cc:35:9: warning: base class 'tpunit::TestFixture' is uninitialized when used here to access 'tpunit::TestFixture::Test<SimpleTest<23> >' [-Wuninitialized]
        TEST(SimpleTest::test_map_insert_erase_3200),
        ^
./tpunit.h:144:25: note: expanded from macro 'TEST'
#define TEST(M)         Test(&M, #M)
                        ^
SimpleTest.cc:36:9: warning: base class 'tpunit::TestFixture' is uninitialized when used here to access 'tpunit::TestFixture::Test<SimpleTest<23> >' [-Wuninitialized]
        TEST(SimpleTest::test_map_insert_erase_3200_descending),
        ^
./tpunit.h:144:25: note: expanded from macro 'TEST'
#define TEST(M)         Test(&M, #M)
                        ^
SimpleTest.cc:37:9: warning: base class 'tpunit::TestFixture' is uninitialized when used here to access 'tpunit::TestFixture::Test<SimpleTest<23> >' [-Wuninitialized]
        TEST(SimpleTest::test2_map_insert_erase_strings),
        ^
./tpunit.h:144:25: note: expanded from macro 'TEST'
#define TEST(M)         Test(&M, #M)
                        ^
SimpleTest.cc:38:9: warning: base class 'tpunit::TestFixture' is uninitialized when used here to access 'tpunit::TestFixture::Test<SimpleTest<23> >' [-Wuninitialized]
        TEST(SimpleTest::test_set_100000_uint64),
        ^
./tpunit.h:144:25: note: expanded from macro 'TEST'
#define TEST(M)         Test(&M, #M)
                        ^
SimpleTest.cc:39:9: warning: base class 'tpunit::TestFixture' is uninitialized when used here to access 'tpunit::TestFixture::Test<SimpleTest<23> >' [-Wuninitialized]
        TEST(SimpleTest::test_multiset_100000_uint32)
        ^
./tpunit.h:144:25: note: expanded from macro 'TEST'
#define TEST(M)         Test(&M, #M)
                        ^
SimpleTest.cc:32:9: warning: base class 'tpunit::TestFixture' is uninitialized when used here to access 'tpunit::TestFixture::Test<SimpleTest<24> >' [-Wuninitialized]
        TEST(SimpleTest::test_empty),
        ^
./tpunit.h:144:25: note: expanded from macro 'TEST'
#define TEST(M)         Test(&M, #M)
                        ^
SimpleTest.cc:253:23: note: in instantiation of member function 'SimpleTest<24>::SimpleTest' requested here
struct SimpleTest<24> __SimpleTest24;
                      ^
SimpleTest.cc:33:9: warning: base class 'tpunit::TestFixture' is uninitialized when used here to access 'tpunit::TestFixture::Test<SimpleTest<24> >' [-Wuninitialized]
        TEST(SimpleTest::test_set_insert_erase_3200),
        ^
./tpunit.h:144:25: note: expanded from macro 'TEST'
#define TEST(M)         Test(&M, #M)
                        ^
SimpleTest.cc:34:9: warning: base class 'tpunit::TestFixture' is uninitialized when used here to access 'tpunit::TestFixture::Test<SimpleTest<24> >' [-Wuninitialized]
        TEST(SimpleTest::test_set_insert_erase_3200_descending),
        ^
./tpunit.h:144:25: note: expanded from macro 'TEST'
#define TEST(M)         Test(&M, #M)
                        ^
SimpleTest.cc:35:9: warning: base class 'tpunit::TestFixture' is uninitialized when used here to access 'tpunit::TestFixture::Test<SimpleTest<24> >' [-Wuninitialized]
        TEST(SimpleTest::test_map_insert_erase_3200),
        ^
./tpunit.h:144:25: note: expanded from macro 'TEST'
#define TEST(M)         Test(&M, #M)
                        ^
SimpleTest.cc:36:9: warning: base class 'tpunit::TestFixture' is uninitialized when used here to access 'tpunit::TestFixture::Test<SimpleTest<24> >' [-Wuninitialized]
        TEST(SimpleTest::test_map_insert_erase_3200_descending),
        ^
./tpunit.h:144:25: note: expanded from macro 'TEST'
#define TEST(M)         Test(&M, #M)
                        ^
SimpleTest.cc:37:9: warning: base class 'tpunit::TestFixture' is uninitialized when used here to access 'tpunit::TestFixture::Test<SimpleTest<24> >' [-Wuninitialized]
        TEST(SimpleTest::test2_map_insert_erase_strings),
        ^
./tpunit.h:144:25: note: expanded from macro 'TEST'
#define TEST(M)         Test(&M, #M)
                        ^
SimpleTest.cc:38:9: warning: base class 'tpunit::TestFixture' is uninitialized when used here to access 'tpunit::TestFixture::Test<SimpleTest<24> >' [-Wuninitialized]
        TEST(SimpleTest::test_set_100000_uint64),
        ^
./tpunit.h:144:25: note: expanded from macro 'TEST'
#define TEST(M)         Test(&M, #M)
                        ^
SimpleTest.cc:39:9: warning: base class 'tpunit::TestFixture' is uninitialized when used here to access 'tpunit::TestFixture::Test<SimpleTest<24> >' [-Wuninitialized]
        TEST(SimpleTest::test_multiset_100000_uint32)
        ^
./tpunit.h:144:25: note: expanded from macro 'TEST'
#define TEST(M)         Test(&M, #M)
                        ^
SimpleTest.cc:32:9: warning: base class 'tpunit::TestFixture' is uninitialized when used here to access 'tpunit::TestFixture::Test<SimpleTest<32> >' [-Wuninitialized]
        TEST(SimpleTest::test_empty),
        ^
./tpunit.h:144:25: note: expanded from macro 'TEST'
#define TEST(M)         Test(&M, #M)
                        ^
SimpleTest.cc:254:23: note: in instantiation of member function 'SimpleTest<32>::SimpleTest' requested here
struct SimpleTest<32> __SimpleTest32;
                      ^
SimpleTest.cc:33:9: warning: base class 'tpunit::TestFixture' is uninitialized when used here to access 'tpunit::TestFixture::Test<SimpleTest<32> >' [-Wuninitialized]
        TEST(SimpleTest::test_set_insert_erase_3200),
        ^
./tpunit.h:144:25: note: expanded from macro 'TEST'
#define TEST(M)         Test(&M, #M)
                        ^
SimpleTest.cc:34:9: warning: base class 'tpunit::TestFixture' is uninitialized when used here to access 'tpunit::TestFixture::Test<SimpleTest<32> >' [-Wuninitialized]
        TEST(SimpleTest::test_set_insert_erase_3200_descending),
        ^
./tpunit.h:144:25: note: expanded from macro 'TEST'
#define TEST(M)         Test(&M, #M)
                        ^
SimpleTest.cc:35:9: warning: base class 'tpunit::TestFixture' is uninitialized when used here to access 'tpunit::TestFixture::Test<SimpleTest<32> >' [-Wuninitialized]
        TEST(SimpleTest::test_map_insert_erase_3200),
        ^
./tpunit.h:144:25: note: expanded from macro 'TEST'
#define TEST(M)         Test(&M, #M)
                        ^
SimpleTest.cc:36:9: warning: base class 'tpunit::TestFixture' is uninitialized when used here to access 'tpunit::TestFixture::Test<SimpleTest<32> >' [-Wuninitialized]
        TEST(SimpleTest::test_map_insert_erase_3200_descending),
        ^
./tpunit.h:144:25: note: expanded from macro 'TEST'
#define TEST(M)         Test(&M, #M)
                        ^
SimpleTest.cc:37:9: warning: base class 'tpunit::TestFixture' is uninitialized when used here to access 'tpunit::TestFixture::Test<SimpleTest<32> >' [-Wuninitialized]
        TEST(SimpleTest::test2_map_insert_erase_strings),
        ^
./tpunit.h:144:25: note: expanded from macro 'TEST'
#define TEST(M)         Test(&M, #M)
                        ^
SimpleTest.cc:38:9: warning: base class 'tpunit::TestFixture' is uninitialized when used here to access 'tpunit::TestFixture::Test<SimpleTest<32> >' [-Wuninitialized]
        TEST(SimpleTest::test_set_100000_uint64),
        ^
./tpunit.h:144:25: note: expanded from macro 'TEST'
#define TEST(M)         Test(&M, #M)
                        ^
SimpleTest.cc:39:9: warning: base class 'tpunit::TestFixture' is uninitialized when used here to access 'tpunit::TestFixture::Test<SimpleTest<32> >' [-Wuninitialized]
        TEST(SimpleTest::test_multiset_100000_uint32)
        ^
./tpunit.h:144:25: note: expanded from macro 'TEST'
#define TEST(M)         Test(&M, #M)
                        ^
SimpleTest.cc:32:9: warning: base class 'tpunit::TestFixture' is uninitialized when used here to access 'tpunit::TestFixture::Test<SimpleTest<48> >' [-Wuninitialized]
        TEST(SimpleTest::test_empty),
        ^
./tpunit.h:144:25: note: expanded from macro 'TEST'
#define TEST(M)         Test(&M, #M)
                        ^
SimpleTest.cc:255:23: note: in instantiation of member function 'SimpleTest<48>::SimpleTest' requested here
struct SimpleTest<48> __SimpleTest48;
                      ^
SimpleTest.cc:33:9: warning: base class 'tpunit::TestFixture' is uninitialized when used here to access 'tpunit::TestFixture::Test<SimpleTest<48> >' [-Wuninitialized]
        TEST(SimpleTest::test_set_insert_erase_3200),
        ^
./tpunit.h:144:25: note: expanded from macro 'TEST'
#define TEST(M)         Test(&M, #M)
                        ^
SimpleTest.cc:34:9: warning: base class 'tpunit::TestFixture' is uninitialized when used here to access 'tpunit::TestFixture::Test<SimpleTest<48> >' [-Wuninitialized]
        TEST(SimpleTest::test_set_insert_erase_3200_descending),
        ^
./tpunit.h:144:25: note: expanded from macro 'TEST'
#define TEST(M)         Test(&M, #M)
                        ^
SimpleTest.cc:35:9: warning: base class 'tpunit::TestFixture' is uninitialized when used here to access 'tpunit::TestFixture::Test<SimpleTest<48> >' [-Wuninitialized]
        TEST(SimpleTest::test_map_insert_erase_3200),
        ^
./tpunit.h:144:25: note: expanded from macro 'TEST'
#define TEST(M)         Test(&M, #M)
                        ^
SimpleTest.cc:36:9: warning: base class 'tpunit::TestFixture' is uninitialized when used here to access 'tpunit::TestFixture::Test<SimpleTest<48> >' [-Wuninitialized]
        TEST(SimpleTest::test_map_insert_erase_3200_descending),
        ^
./tpunit.h:144:25: note: expanded from macro 'TEST'
#define TEST(M)         Test(&M, #M)
                        ^
SimpleTest.cc:37:9: warning: base class 'tpunit::TestFixture' is uninitialized when used here to access 'tpunit::TestFixture::Test<SimpleTest<48> >' [-Wuninitialized]
        TEST(SimpleTest::test2_map_insert_erase_strings),
        ^
./tpunit.h:144:25: note: expanded from macro 'TEST'
#define TEST(M)         Test(&M, #M)
                        ^
SimpleTest.cc:38:9: warning: base class 'tpunit::TestFixture' is uninitialized when used here to access 'tpunit::TestFixture::Test<SimpleTest<48> >' [-Wuninitialized]
        TEST(SimpleTest::test_set_100000_uint64),
        ^
./tpunit.h:144:25: note: expanded from macro 'TEST'
#define TEST(M)         Test(&M, #M)
                        ^
SimpleTest.cc:39:9: warning: base class 'tpunit::TestFixture' is uninitialized when used here to access 'tpunit::TestFixture::Test<SimpleTest<48> >' [-Wuninitialized]
        TEST(SimpleTest::test_multiset_100000_uint32)
        ^
./tpunit.h:144:25: note: expanded from macro 'TEST'
#define TEST(M)         Test(&M, #M)
                        ^
SimpleTest.cc:32:9: warning: base class 'tpunit::TestFixture' is uninitialized when used here to access 'tpunit::TestFixture::Test<SimpleTest<63> >' [-Wuninitialized]
        TEST(SimpleTest::test_empty),
        ^
./tpunit.h:144:25: note: expanded from macro 'TEST'
#define TEST(M)         Test(&M, #M)
                        ^
SimpleTest.cc:256:23: note: in instantiation of member function 'SimpleTest<63>::SimpleTest' requested here
struct SimpleTest<63> __SimpleTest63;
                      ^
SimpleTest.cc:33:9: warning: base class 'tpunit::TestFixture' is uninitialized when used here to access 'tpunit::TestFixture::Test<SimpleTest<63> >' [-Wuninitialized]
        TEST(SimpleTest::test_set_insert_erase_3200),
        ^
./tpunit.h:144:25: note: expanded from macro 'TEST'
#define TEST(M)         Test(&M, #M)
                        ^
SimpleTest.cc:34:9: warning: base class 'tpunit::TestFixture' is uninitialized when used here to access 'tpunit::TestFixture::Test<SimpleTest<63> >' [-Wuninitialized]
        TEST(SimpleTest::test_set_insert_erase_3200_descending),
        ^
./tpunit.h:144:25: note: expanded from macro 'TEST'
#define TEST(M)         Test(&M, #M)
                        ^
SimpleTest.cc:35:9: warning: base class 'tpunit::TestFixture' is uninitialized when used here to access 'tpunit::TestFixture::Test<SimpleTest<63> >' [-Wuninitialized]
        TEST(SimpleTest::test_map_insert_erase_3200),
        ^
./tpunit.h:144:25: note: expanded from macro 'TEST'
#define TEST(M)         Test(&M, #M)
                        ^
SimpleTest.cc:36:9: warning: base class 'tpunit::TestFixture' is uninitialized when used here to access 'tpunit::TestFixture::Test<SimpleTest<63> >' [-Wuninitialized]
        TEST(SimpleTest::test_map_insert_erase_3200_descending),
        ^
./tpunit.h:144:25: note: expanded from macro 'TEST'
#define TEST(M)         Test(&M, #M)
                        ^
SimpleTest.cc:37:9: warning: base class 'tpunit::TestFixture' is uninitialized when used here to access 'tpunit::TestFixture::Test<SimpleTest<63> >' [-Wuninitialized]
        TEST(SimpleTest::test2_map_insert_erase_strings),
        ^
./tpunit.h:144:25: note: expanded from macro 'TEST'
#define TEST(M)         Test(&M, #M)
                        ^
SimpleTest.cc:38:9: warning: base class 'tpunit::TestFixture' is uninitialized when used here to access 'tpunit::TestFixture::Test<SimpleTest<63> >' [-Wuninitialized]
        TEST(SimpleTest::test_set_100000_uint64),
        ^
./tpunit.h:144:25: note: expanded from macro 'TEST'
#define TEST(M)         Test(&M, #M)
                        ^
SimpleTest.cc:39:9: warning: base class 'tpunit::TestFixture' is uninitialized when used here to access 'tpunit::TestFixture::Test<SimpleTest<63> >' [-Wuninitialized]
        TEST(SimpleTest::test_multiset_100000_uint32)
        ^
./tpunit.h:144:25: note: expanded from macro 'TEST'
#define TEST(M)         Test(&M, #M)
                        ^
SimpleTest.cc:32:9: warning: base class 'tpunit::TestFixture' is uninitialized when used here to access 'tpunit::TestFixture::Test<SimpleTest<64> >' [-Wuninitialized]
        TEST(SimpleTest::test_empty),
        ^
./tpunit.h:144:25: note: expanded from macro 'TEST'
#define TEST(M)         Test(&M, #M)
                        ^
SimpleTest.cc:257:23: note: in instantiation of member function 'SimpleTest<64>::SimpleTest' requested here
struct SimpleTest<64> __SimpleTest64;
                      ^
SimpleTest.cc:33:9: warning: base class 'tpunit::TestFixture' is uninitialized when used here to access 'tpunit::TestFixture::Test<SimpleTest<64> >' [-Wuninitialized]
        TEST(SimpleTest::test_set_insert_erase_3200),
        ^
./tpunit.h:144:25: note: expanded from macro 'TEST'
#define TEST(M)         Test(&M, #M)
                        ^
SimpleTest.cc:34:9: warning: base class 'tpunit::TestFixture' is uninitialized when used here to access 'tpunit::TestFixture::Test<SimpleTest<64> >' [-Wuninitialized]
        TEST(SimpleTest::test_set_insert_erase_3200_descending),
        ^
./tpunit.h:144:25: note: expanded from macro 'TEST'
#define TEST(M)         Test(&M, #M)
                        ^
SimpleTest.cc:35:9: warning: base class 'tpunit::TestFixture' is uninitialized when used here to access 'tpunit::TestFixture::Test<SimpleTest<64> >' [-Wuninitialized]
        TEST(SimpleTest::test_map_insert_erase_3200),
        ^
./tpunit.h:144:25: note: expanded from macro 'TEST'
#define TEST(M)         Test(&M, #M)
                        ^
SimpleTest.cc:36:9: warning: base class 'tpunit::TestFixture' is uninitialized when used here to access 'tpunit::TestFixture::Test<SimpleTest<64> >' [-Wuninitialized]
        TEST(SimpleTest::test_map_insert_erase_3200_descending),
        ^
./tpunit.h:144:25: note: expanded from macro 'TEST'
#define TEST(M)         Test(&M, #M)
                        ^
SimpleTest.cc:37:9: warning: base class 'tpunit::TestFixture' is uninitialized when used here to access 'tpunit::TestFixture::Test<SimpleTest<64> >' [-Wuninitialized]
        TEST(SimpleTest::test2_map_insert_erase_strings),
        ^
./tpunit.h:144:25: note: expanded from macro 'TEST'
#define TEST(M)         Test(&M, #M)
                        ^
SimpleTest.cc:38:9: warning: base class 'tpunit::TestFixture' is uninitialized when used here to access 'tpunit::TestFixture::Test<SimpleTest<64> >' [-Wuninitialized]
        TEST(SimpleTest::test_set_100000_uint64),
        ^
./tpunit.h:144:25: note: expanded from macro 'TEST'
#define TEST(M)         Test(&M, #M)
                        ^
SimpleTest.cc:39:9: warning: base class 'tpunit::TestFixture' is uninitialized when used here to access 'tpunit::TestFixture::Test<SimpleTest<64> >' [-Wuninitialized]
        TEST(SimpleTest::test_multiset_100000_uint32)
        ^
./tpunit.h:144:25: note: expanded from macro 'TEST'
#define TEST(M)         Test(&M, #M)
                        ^
SimpleTest.cc:32:9: warning: base class 'tpunit::TestFixture' is uninitialized when used here to access 'tpunit::TestFixture::Test<SimpleTest<65> >' [-Wuninitialized]
        TEST(SimpleTest::test_empty),
        ^
./tpunit.h:144:25: note: expanded from macro 'TEST'
#define TEST(M)         Test(&M, #M)
                        ^
SimpleTest.cc:258:23: note: in instantiation of member function 'SimpleTest<65>::SimpleTest' requested here
struct SimpleTest<65> __SimpleTest65;
                      ^
SimpleTest.cc:33:9: warning: base class 'tpunit::TestFixture' is uninitialized when used here to access 'tpunit::TestFixture::Test<SimpleTest<65> >' [-Wuninitialized]
        TEST(SimpleTest::test_set_insert_erase_3200),
        ^
./tpunit.h:144:25: note: expanded from macro 'TEST'
#define TEST(M)         Test(&M, #M)
                        ^
SimpleTest.cc:34:9: warning: base class 'tpunit::TestFixture' is uninitialized when used here to access 'tpunit::TestFixture::Test<SimpleTest<65> >' [-Wuninitialized]
        TEST(SimpleTest::test_set_insert_erase_3200_descending),
        ^
./tpunit.h:144:25: note: expanded from macro 'TEST'
#define TEST(M)         Test(&M, #M)
                        ^
SimpleTest.cc:35:9: warning: base class 'tpunit::TestFixture' is uninitialized when used here to access 'tpunit::TestFixture::Test<SimpleTest<65> >' [-Wuninitialized]
        TEST(SimpleTest::test_map_insert_erase_3200),
        ^
./tpunit.h:144:25: note: expanded from macro 'TEST'
#define TEST(M)         Test(&M, #M)
                        ^
SimpleTest.cc:36:9: warning: base class 'tpunit::TestFixture' is uninitialized when used here to access 'tpunit::TestFixture::Test<SimpleTest<65> >' [-Wuninitialized]
        TEST(SimpleTest::test_map_insert_erase_3200_descending),
        ^
./tpunit.h:144:25: note: expanded from macro 'TEST'
#define TEST(M)         Test(&M, #M)
                        ^
SimpleTest.cc:37:9: warning: base class 'tpunit::TestFixture' is uninitialized when used here to access 'tpunit::TestFixture::Test<SimpleTest<65> >' [-Wuninitialized]
        TEST(SimpleTest::test2_map_insert_erase_strings),
        ^
./tpunit.h:144:25: note: expanded from macro 'TEST'
#define TEST(M)         Test(&M, #M)
                        ^
SimpleTest.cc:38:9: warning: base class 'tpunit::TestFixture' is uninitialized when used here to access 'tpunit::TestFixture::Test<SimpleTest<65> >' [-Wuninitialized]
        TEST(SimpleTest::test_set_100000_uint64),
        ^
./tpunit.h:144:25: note: expanded from macro 'TEST'
#define TEST(M)         Test(&M, #M)
                        ^
SimpleTest.cc:39:9: warning: base class 'tpunit::TestFixture' is uninitialized when used here to access 'tpunit::TestFixture::Test<SimpleTest<65> >' [-Wuninitialized]
        TEST(SimpleTest::test_multiset_100000_uint32)
        ^
./tpunit.h:144:25: note: expanded from macro 'TEST'
#define TEST(M)         Test(&M, #M)
                        ^
SimpleTest.cc:32:9: warning: base class 'tpunit::TestFixture' is uninitialized when used here to access 'tpunit::TestFixture::Test<SimpleTest<101> >' [-Wuninitialized]
        TEST(SimpleTest::test_empty),
        ^
./tpunit.h:144:25: note: expanded from macro 'TEST'
#define TEST(M)         Test(&M, #M)
                        ^
SimpleTest.cc:259:24: note: in instantiation of member function 'SimpleTest<101>::SimpleTest' requested here
struct SimpleTest<101> __SimpleTest101;
                       ^
SimpleTest.cc:33:9: warning: base class 'tpunit::TestFixture' is uninitialized when used here to access 'tpunit::TestFixture::Test<SimpleTest<101> >' [-Wuninitialized]
        TEST(SimpleTest::test_set_insert_erase_3200),
        ^
./tpunit.h:144:25: note: expanded from macro 'TEST'
#define TEST(M)         Test(&M, #M)
                        ^
SimpleTest.cc:34:9: warning: base class 'tpunit::TestFixture' is uninitialized when used here to access 'tpunit::TestFixture::Test<SimpleTest<101> >' [-Wuninitialized]
        TEST(SimpleTest::test_set_insert_erase_3200_descending),
        ^
./tpunit.h:144:25: note: expanded from macro 'TEST'
#define TEST(M)         Test(&M, #M)
                        ^
SimpleTest.cc:35:9: warning: base class 'tpunit::TestFixture' is uninitialized when used here to access 'tpunit::TestFixture::Test<SimpleTest<101> >' [-Wuninitialized]
        TEST(SimpleTest::test_map_insert_erase_3200),
        ^
./tpunit.h:144:25: note: expanded from macro 'TEST'
#define TEST(M)         Test(&M, #M)
                        ^
SimpleTest.cc:36:9: warning: base class 'tpunit::TestFixture' is uninitialized when used here to access 'tpunit::TestFixture::Test<SimpleTest<101> >' [-Wuninitialized]
        TEST(SimpleTest::test_map_insert_erase_3200_descending),
        ^
./tpunit.h:144:25: note: expanded from macro 'TEST'
#define TEST(M)         Test(&M, #M)
                        ^
SimpleTest.cc:37:9: warning: base class 'tpunit::TestFixture' is uninitialized when used here to access 'tpunit::TestFixture::Test<SimpleTest<101> >' [-Wuninitialized]
        TEST(SimpleTest::test2_map_insert_erase_strings),
        ^
./tpunit.h:144:25: note: expanded from macro 'TEST'
#define TEST(M)         Test(&M, #M)
                        ^
SimpleTest.cc:38:9: warning: base class 'tpunit::TestFixture' is uninitialized when used here to access 'tpunit::TestFixture::Test<SimpleTest<101> >' [-Wuninitialized]
        TEST(SimpleTest::test_set_100000_uint64),
        ^
./tpunit.h:144:25: note: expanded from macro 'TEST'
#define TEST(M)         Test(&M, #M)
                        ^
SimpleTest.cc:39:9: warning: base class 'tpunit::TestFixture' is uninitialized when used here to access 'tpunit::TestFixture::Test<SimpleTest<101> >' [-Wuninitialized]
        TEST(SimpleTest::test_multiset_100000_uint32)
        ^
./tpunit.h:144:25: note: expanded from macro 'TEST'
#define TEST(M)         Test(&M, #M)
                        ^
SimpleTest.cc:32:9: warning: base class 'tpunit::TestFixture' is uninitialized when used here to access 'tpunit::TestFixture::Test<SimpleTest<203> >' [-Wuninitialized]
        TEST(SimpleTest::test_empty),
        ^
./tpunit.h:144:25: note: expanded from macro 'TEST'
#define TEST(M)         Test(&M, #M)
                        ^
SimpleTest.cc:260:24: note: in instantiation of member function 'SimpleTest<203>::SimpleTest' requested here
struct SimpleTest<203> __SimpleTest203;
                       ^
SimpleTest.cc:33:9: warning: base class 'tpunit::TestFixture' is uninitialized when used here to access 'tpunit::TestFixture::Test<SimpleTest<203> >' [-Wuninitialized]
        TEST(SimpleTest::test_set_insert_erase_3200),
        ^
./tpunit.h:144:25: note: expanded from macro 'TEST'
#define TEST(M)         Test(&M, #M)
                        ^
SimpleTest.cc:34:9: warning: base class 'tpunit::TestFixture' is uninitialized when used here to access 'tpunit::TestFixture::Test<SimpleTest<203> >' [-Wuninitialized]
        TEST(SimpleTest::test_set_insert_erase_3200_descending),
        ^
./tpunit.h:144:25: note: expanded from macro 'TEST'
#define TEST(M)         Test(&M, #M)
                        ^
SimpleTest.cc:35:9: warning: base class 'tpunit::TestFixture' is uninitialized when used here to access 'tpunit::TestFixture::Test<SimpleTest<203> >' [-Wuninitialized]
        TEST(SimpleTest::test_map_insert_erase_3200),
        ^
./tpunit.h:144:25: note: expanded from macro 'TEST'
#define TEST(M)         Test(&M, #M)
                        ^
SimpleTest.cc:36:9: warning: base class 'tpunit::TestFixture' is uninitialized when used here to access 'tpunit::TestFixture::Test<SimpleTest<203> >' [-Wuninitialized]
        TEST(SimpleTest::test_map_insert_erase_3200_descending),
        ^
./tpunit.h:144:25: note: expanded from macro 'TEST'
#define TEST(M)         Test(&M, #M)
                        ^
SimpleTest.cc:37:9: warning: base class 'tpunit::TestFixture' is uninitialized when used here to access 'tpunit::TestFixture::Test<SimpleTest<203> >' [-Wuninitialized]
        TEST(SimpleTest::test2_map_insert_erase_strings),
        ^
./tpunit.h:144:25: note: expanded from macro 'TEST'
#define TEST(M)         Test(&M, #M)
                        ^
SimpleTest.cc:38:9: warning: base class 'tpunit::TestFixture' is uninitialized when used here to access 'tpunit::TestFixture::Test<SimpleTest<203> >' [-Wuninitialized]
        TEST(SimpleTest::test_set_100000_uint64),
        ^
./tpunit.h:144:25: note: expanded from macro 'TEST'
#define TEST(M)         Test(&M, #M)
                        ^
SimpleTest.cc:39:9: warning: base class 'tpunit::TestFixture' is uninitialized when used here to access 'tpunit::TestFixture::Test<SimpleTest<203> >' [-Wuninitialized]
        TEST(SimpleTest::test_multiset_100000_uint32)
        ^
./tpunit.h:144:25: note: expanded from macro 'TEST'
#define TEST(M)         Test(&M, #M)
                        ^
176 warnings generated.
g++ -DPACKAGE_NAME=\"stx-btree\" -DPACKAGE_TARNAME=\"stx-btree\" -DPACKAGE_VERSION=\"0.9\" -DPACKAGE_STRING=\"stx-btree\ 0.9\" -DPACKAGE_BUGREPORT=\"\" -DPACKAGE_URL=\"\" -DPACKAGE=\"stx-btree\" -DVERSION=\"0.9\" -DSTDC_HEADERS=1 -DHAVE_SYS_TYPES_H=1 -DHAVE_SYS_STAT_H=1 -DHAVE_STDLIB_H=1 -DHAVE_STRING_H=1 -DHAVE_MEMORY_H=1 -DHAVE_STRINGS_H=1 -DHAVE_INTTYPES_H=1 -DHAVE_STDINT_H=1 -DHAVE_UNISTD_H=1 -I.   -Wdate-time -D_FORTIFY_SOURCE=2 -W -Wall -Wold-style-cast -Wshadow -DBTREE_DEBUG -I../include -g -O2 -fdebug-prefix-map=/<<PKGBUILDDIR>>=. -fstack-protector-strong -Wformat -Werror=format-security -c -o LargeTest.o LargeTest.cc
LargeTest.cc:30:9: warning: base class 'tpunit::TestFixture' is uninitialized when used here to access 'tpunit::TestFixture::Test<LargeTest>' [-Wuninitialized]
        TEST(LargeTest::test_320_mod_1000),
        ^
./tpunit.h:144:25: note: expanded from macro 'TEST'
#define TEST(M)         Test(&M, #M)
                        ^
LargeTest.cc:31:9: warning: base class 'tpunit::TestFixture' is uninitialized when used here to access 'tpunit::TestFixture::Test<LargeTest>' [-Wuninitialized]
        TEST(LargeTest::test_320_mod_10000),
        ^
./tpunit.h:144:25: note: expanded from macro 'TEST'
#define TEST(M)         Test(&M, #M)
                        ^
LargeTest.cc:32:9: warning: base class 'tpunit::TestFixture' is uninitialized when used here to access 'tpunit::TestFixture::Test<LargeTest>' [-Wuninitialized]
        TEST(LargeTest::test_3200_mod_10),
        ^
./tpunit.h:144:25: note: expanded from macro 'TEST'
#define TEST(M)         Test(&M, #M)
                        ^
LargeTest.cc:33:9: warning: base class 'tpunit::TestFixture' is uninitialized when used here to access 'tpunit::TestFixture::Test<LargeTest>' [-Wuninitialized]
        TEST(LargeTest::test_3200_mod_100),
        ^
./tpunit.h:144:25: note: expanded from macro 'TEST'
#define TEST(M)         Test(&M, #M)
                        ^
LargeTest.cc:34:9: warning: base class 'tpunit::TestFixture' is uninitialized when used here to access 'tpunit::TestFixture::Test<LargeTest>' [-Wuninitialized]
        TEST(LargeTest::test_3200_mod_1000),
        ^
./tpunit.h:144:25: note: expanded from macro 'TEST'
#define TEST(M)         Test(&M, #M)
                        ^
LargeTest.cc:35:9: warning: base class 'tpunit::TestFixture' is uninitialized when used here to access 'tpunit::TestFixture::Test<LargeTest>' [-Wuninitialized]
        TEST(LargeTest::test_3200_mod_10000),
        ^
./tpunit.h:144:25: note: expanded from macro 'TEST'
#define TEST(M)         Test(&M, #M)
                        ^
LargeTest.cc:36:9: warning: base class 'tpunit::TestFixture' is uninitialized when used here to access 'tpunit::TestFixture::Test<LargeTest>' [-Wuninitialized]
        TEST(LargeTest::test_32000_mod_10000),
        ^
./tpunit.h:144:25: note: expanded from macro 'TEST'
#define TEST(M)         Test(&M, #M)
                        ^
LargeTest.cc:37:9: warning: base class 'tpunit::TestFixture' is uninitialized when used here to access 'tpunit::TestFixture::Test<LargeTest>' [-Wuninitialized]
        TEST(LargeTest::test_sequence)
        ^
./tpunit.h:144:25: note: expanded from macro 'TEST'
#define TEST(M)         Test(&M, #M)
                        ^
8 warnings generated.
g++ -DPACKAGE_NAME=\"stx-btree\" -DPACKAGE_TARNAME=\"stx-btree\" -DPACKAGE_VERSION=\"0.9\" -DPACKAGE_STRING=\"stx-btree\ 0.9\" -DPACKAGE_BUGREPORT=\"\" -DPACKAGE_URL=\"\" -DPACKAGE=\"stx-btree\" -DVERSION=\"0.9\" -DSTDC_HEADERS=1 -DHAVE_SYS_TYPES_H=1 -DHAVE_SYS_STAT_H=1 -DHAVE_STDLIB_H=1 -DHAVE_STRING_H=1 -DHAVE_MEMORY_H=1 -DHAVE_STRINGS_H=1 -DHAVE_INTTYPES_H=1 -DHAVE_STDINT_H=1 -DHAVE_UNISTD_H=1 -I.   -Wdate-time -D_FORTIFY_SOURCE=2 -W -Wall -Wold-style-cast -Wshadow -DBTREE_DEBUG -I../include -g -O2 -fdebug-prefix-map=/<<PKGBUILDDIR>>=. -fstack-protector-strong -Wformat -Werror=format-security -c -o BoundTest.o BoundTest.cc
BoundTest.cc:29:9: warning: base class 'tpunit::TestFixture' is uninitialized when used here to access 'tpunit::TestFixture::Test<BoundTest>' [-Wuninitialized]
        TEST(BoundTest::test_3200_10),
        ^
./tpunit.h:144:25: note: expanded from macro 'TEST'
#define TEST(M)         Test(&M, #M)
                        ^
BoundTest.cc:30:9: warning: base class 'tpunit::TestFixture' is uninitialized when used here to access 'tpunit::TestFixture::Test<BoundTest>' [-Wuninitialized]
        TEST(BoundTest::test_320_1000)
        ^
./tpunit.h:144:25: note: expanded from macro 'TEST'
#define TEST(M)         Test(&M, #M)
                        ^
2 warnings generated.
g++ -DPACKAGE_NAME=\"stx-btree\" -DPACKAGE_TARNAME=\"stx-btree\" -DPACKAGE_VERSION=\"0.9\" -DPACKAGE_STRING=\"stx-btree\ 0.9\" -DPACKAGE_BUGREPORT=\"\" -DPACKAGE_URL=\"\" -DPACKAGE=\"stx-btree\" -DVERSION=\"0.9\" -DSTDC_HEADERS=1 -DHAVE_SYS_TYPES_H=1 -DHAVE_SYS_STAT_H=1 -DHAVE_STDLIB_H=1 -DHAVE_STRING_H=1 -DHAVE_MEMORY_H=1 -DHAVE_STRINGS_H=1 -DHAVE_INTTYPES_H=1 -DHAVE_STDINT_H=1 -DHAVE_UNISTD_H=1 -I.   -Wdate-time -D_FORTIFY_SOURCE=2 -W -Wall -Wold-style-cast -Wshadow -DBTREE_DEBUG -I../include -g -O2 -fdebug-prefix-map=/<<PKGBUILDDIR>>=. -fstack-protector-strong -Wformat -Werror=format-security -c -o IteratorTest.o IteratorTest.cc
IteratorTest.cc:33:9: warning: base class 'tpunit::TestFixture' is uninitialized when used here to access 'tpunit::TestFixture::Test<IteratorTest>' [-Wuninitialized]
        TEST(IteratorTest::test_iterator1),
        ^
./tpunit.h:144:25: note: expanded from macro 'TEST'
#define TEST(M)         Test(&M, #M)
                        ^
IteratorTest.cc:34:9: warning: base class 'tpunit::TestFixture' is uninitialized when used here to access 'tpunit::TestFixture::Test<IteratorTest>' [-Wuninitialized]
        TEST(IteratorTest::test_iterator2),
        ^
./tpunit.h:144:25: note: expanded from macro 'TEST'
#define TEST(M)         Test(&M, #M)
                        ^
IteratorTest.cc:35:9: warning: base class 'tpunit::TestFixture' is uninitialized when used here to access 'tpunit::TestFixture::Test<IteratorTest>' [-Wuninitialized]
        TEST(IteratorTest::test_iterator3),
        ^
./tpunit.h:144:25: note: expanded from macro 'TEST'
#define TEST(M)         Test(&M, #M)
                        ^
IteratorTest.cc:36:9: warning: base class 'tpunit::TestFixture' is uninitialized when used here to access 'tpunit::TestFixture::Test<IteratorTest>' [-Wuninitialized]
        TEST(IteratorTest::test_iterator4),
        ^
./tpunit.h:144:25: note: expanded from macro 'TEST'
#define TEST(M)         Test(&M, #M)
                        ^
IteratorTest.cc:37:9: warning: base class 'tpunit::TestFixture' is uninitialized when used here to access 'tpunit::TestFixture::Test<IteratorTest>' [-Wuninitialized]
        TEST(IteratorTest::test_iterator5),
        ^
./tpunit.h:144:25: note: expanded from macro 'TEST'
#define TEST(M)         Test(&M, #M)
                        ^
IteratorTest.cc:38:9: warning: base class 'tpunit::TestFixture' is uninitialized when used here to access 'tpunit::TestFixture::Test<IteratorTest>' [-Wuninitialized]
        TEST(IteratorTest::test_erase_iterator1)
        ^
./tpunit.h:144:25: note: expanded from macro 'TEST'
#define TEST(M)         Test(&M, #M)
                        ^
6 warnings generated.
g++ -DPACKAGE_NAME=\"stx-btree\" -DPACKAGE_TARNAME=\"stx-btree\" -DPACKAGE_VERSION=\"0.9\" -DPACKAGE_STRING=\"stx-btree\ 0.9\" -DPACKAGE_BUGREPORT=\"\" -DPACKAGE_URL=\"\" -DPACKAGE=\"stx-btree\" -DVERSION=\"0.9\" -DSTDC_HEADERS=1 -DHAVE_SYS_TYPES_H=1 -DHAVE_SYS_STAT_H=1 -DHAVE_STDLIB_H=1 -DHAVE_STRING_H=1 -DHAVE_MEMORY_H=1 -DHAVE_STRINGS_H=1 -DHAVE_INTTYPES_H=1 -DHAVE_STDINT_H=1 -DHAVE_UNISTD_H=1 -I.   -Wdate-time -D_FORTIFY_SOURCE=2 -W -Wall -Wold-style-cast -Wshadow -DBTREE_DEBUG -I../include -g -O2 -fdebug-prefix-map=/<<PKGBUILDDIR>>=. -fstack-protector-strong -Wformat -Werror=format-security -c -o StructureTest.o StructureTest.cc
StructureTest.cc:28:9: warning: base class 'tpunit::TestFixture' is uninitialized when used here to access 'tpunit::TestFixture::Test<StructureTest>' [-Wuninitialized]
        TEST(StructureTest::test_insert_erase)
        ^
./tpunit.h:144:25: note: expanded from macro 'TEST'
#define TEST(M)         Test(&M, #M)
                        ^
1 warning generated.
g++ -DPACKAGE_NAME=\"stx-btree\" -DPACKAGE_TARNAME=\"stx-btree\" -DPACKAGE_VERSION=\"0.9\" -DPACKAGE_STRING=\"stx-btree\ 0.9\" -DPACKAGE_BUGREPORT=\"\" -DPACKAGE_URL=\"\" -DPACKAGE=\"stx-btree\" -DVERSION=\"0.9\" -DSTDC_HEADERS=1 -DHAVE_SYS_TYPES_H=1 -DHAVE_SYS_STAT_H=1 -DHAVE_STDLIB_H=1 -DHAVE_STRING_H=1 -DHAVE_MEMORY_H=1 -DHAVE_STRINGS_H=1 -DHAVE_INTTYPES_H=1 -DHAVE_STDINT_H=1 -DHAVE_UNISTD_H=1 -I.   -Wdate-time -D_FORTIFY_SOURCE=2 -W -Wall -Wold-style-cast -Wshadow -DBTREE_DEBUG -I../include -g -O2 -fdebug-prefix-map=/<<PKGBUILDDIR>>=. -fstack-protector-strong -Wformat -Werror=format-security -c -o DumpRestoreTest.o DumpRestoreTest.cc
DumpRestoreTest.cc:31:9: warning: base class 'tpunit::TestFixture' is uninitialized when used here to access 'tpunit::TestFixture::Test<DumpRestoreTest>' [-Wuninitialized]
        TEST(DumpRestoreTest::test_dump_restore_3200)
        ^
./tpunit.h:144:25: note: expanded from macro 'TEST'
#define TEST(M)         Test(&M, #M)
                        ^
1 warning generated.
g++ -DPACKAGE_NAME=\"stx-btree\" -DPACKAGE_TARNAME=\"stx-btree\" -DPACKAGE_VERSION=\"0.9\" -DPACKAGE_STRING=\"stx-btree\ 0.9\" -DPACKAGE_BUGREPORT=\"\" -DPACKAGE_URL=\"\" -DPACKAGE=\"stx-btree\" -DVERSION=\"0.9\" -DSTDC_HEADERS=1 -DHAVE_SYS_TYPES_H=1 -DHAVE_SYS_STAT_H=1 -DHAVE_STDLIB_H=1 -DHAVE_STRING_H=1 -DHAVE_MEMORY_H=1 -DHAVE_STRINGS_H=1 -DHAVE_INTTYPES_H=1 -DHAVE_STDINT_H=1 -DHAVE_UNISTD_H=1 -I.   -Wdate-time -D_FORTIFY_SOURCE=2 -W -Wall -Wold-style-cast -Wshadow -DBTREE_DEBUG -I../include -g -O2 -fdebug-prefix-map=/<<PKGBUILDDIR>>=. -fstack-protector-strong -Wformat -Werror=format-security -c -o RelationTest.o RelationTest.cc
RelationTest.cc:28:9: warning: base class 'tpunit::TestFixture' is uninitialized when used here to access 'tpunit::TestFixture::Test<RelationTest>' [-Wuninitialized]
        TEST(RelationTest::test_relations)
        ^
./tpunit.h:144:25: note: expanded from macro 'TEST'
#define TEST(M)         Test(&M, #M)
                        ^
1 warning generated.
g++ -DPACKAGE_NAME=\"stx-btree\" -DPACKAGE_TARNAME=\"stx-btree\" -DPACKAGE_VERSION=\"0.9\" -DPACKAGE_STRING=\"stx-btree\ 0.9\" -DPACKAGE_BUGREPORT=\"\" -DPACKAGE_URL=\"\" -DPACKAGE=\"stx-btree\" -DVERSION=\"0.9\" -DSTDC_HEADERS=1 -DHAVE_SYS_TYPES_H=1 -DHAVE_SYS_STAT_H=1 -DHAVE_STDLIB_H=1 -DHAVE_STRING_H=1 -DHAVE_MEMORY_H=1 -DHAVE_STRINGS_H=1 -DHAVE_INTTYPES_H=1 -DHAVE_STDINT_H=1 -DHAVE_UNISTD_H=1 -I.   -Wdate-time -D_FORTIFY_SOURCE=2 -W -Wall -Wold-style-cast -Wshadow -DBTREE_DEBUG -I../include -g -O2 -fdebug-prefix-map=/<<PKGBUILDDIR>>=. -fstack-protector-strong -Wformat -Werror=format-security -c -o BulkLoadTest.o BulkLoadTest.cc
BulkLoadTest.cc:31:9: warning: base class 'tpunit::TestFixture' is uninitialized when used here to access 'tpunit::TestFixture::Test<BulkLoadTest>' [-Wuninitialized]
        TEST(BulkLoadTest::test_set),
        ^
./tpunit.h:144:25: note: expanded from macro 'TEST'
#define TEST(M)         Test(&M, #M)
                        ^
BulkLoadTest.cc:32:9: warning: base class 'tpunit::TestFixture' is uninitialized when used here to access 'tpunit::TestFixture::Test<BulkLoadTest>' [-Wuninitialized]
        TEST(BulkLoadTest::test_map)
        ^
./tpunit.h:144:25: note: expanded from macro 'TEST'
#define TEST(M)         Test(&M, #M)
                        ^
2 warnings generated.
g++ -W -Wall -Wold-style-cast -Wshadow -DBTREE_DEBUG -I../include -g -O2 -fdebug-prefix-map=/<<PKGBUILDDIR>>=. -fstack-protector-strong -Wformat -Werror=format-security  -Wl,-z,defs -Wl,-z,relro -o testsuite tpunit.o InstantiationTest.o SimpleTest.o LargeTest.o BoundTest.o IteratorTest.o StructureTest.o DumpRestoreTest.o RelationTest.o BulkLoadTest.o  
make[3]: Leaving directory '/<<PKGBUILDDIR>>/testsuite'
Making all in speedtest
make[3]: Entering directory '/<<PKGBUILDDIR>>/speedtest'
make[3]: Nothing to be done for 'all'.
make[3]: Leaving directory '/<<PKGBUILDDIR>>/speedtest'
Making all in memprofile
make[3]: Entering directory '/<<PKGBUILDDIR>>/memprofile'
make[3]: Nothing to be done for 'all'.
make[3]: Leaving directory '/<<PKGBUILDDIR>>/memprofile'
Making all in wxbtreedemo
make[3]: Entering directory '/<<PKGBUILDDIR>>/wxbtreedemo'
g++ -DPACKAGE_NAME=\"stx-btree\" -DPACKAGE_TARNAME=\"stx-btree\" -DPACKAGE_VERSION=\"0.9\" -DPACKAGE_STRING=\"stx-btree\ 0.9\" -DPACKAGE_BUGREPORT=\"\" -DPACKAGE_URL=\"\" -DPACKAGE=\"stx-btree\" -DVERSION=\"0.9\" -DSTDC_HEADERS=1 -DHAVE_SYS_TYPES_H=1 -DHAVE_SYS_STAT_H=1 -DHAVE_STDLIB_H=1 -DHAVE_STRING_H=1 -DHAVE_MEMORY_H=1 -DHAVE_STRINGS_H=1 -DHAVE_INTTYPES_H=1 -DHAVE_STDINT_H=1 -DHAVE_UNISTD_H=1 -I.   -Wdate-time -D_FORTIFY_SOURCE=2 -I/usr/include -I/usr/lib/x86_64-linux-gnu/wx/include/gtk2-unicode-3.0 -I/usr/include/wx-3.0 -D_FILE_OFFSET_BITS=64 -DWXUSINGDLL -D__WXGTK__ -pthread -I../include -DBTREE_DEBUG -g -O2 -fdebug-prefix-map=/<<PKGBUILDDIR>>=. -fstack-protector-strong -Wformat -Werror=format-security -c -o WMain.o WMain.cpp
g++ -DPACKAGE_NAME=\"stx-btree\" -DPACKAGE_TARNAME=\"stx-btree\" -DPACKAGE_VERSION=\"0.9\" -DPACKAGE_STRING=\"stx-btree\ 0.9\" -DPACKAGE_BUGREPORT=\"\" -DPACKAGE_URL=\"\" -DPACKAGE=\"stx-btree\" -DVERSION=\"0.9\" -DSTDC_HEADERS=1 -DHAVE_SYS_TYPES_H=1 -DHAVE_SYS_STAT_H=1 -DHAVE_STDLIB_H=1 -DHAVE_STRING_H=1 -DHAVE_MEMORY_H=1 -DHAVE_STRINGS_H=1 -DHAVE_INTTYPES_H=1 -DHAVE_STDINT_H=1 -DHAVE_UNISTD_H=1 -I.   -Wdate-time -D_FORTIFY_SOURCE=2 -I/usr/include -I/usr/lib/x86_64-linux-gnu/wx/include/gtk2-unicode-3.0 -I/usr/include/wx-3.0 -D_FILE_OFFSET_BITS=64 -DWXUSINGDLL -D__WXGTK__ -pthread -I../include -DBTREE_DEBUG -g -O2 -fdebug-prefix-map=/<<PKGBUILDDIR>>=. -fstack-protector-strong -Wformat -Werror=format-security -c -o WMain_wxg.o WMain_wxg.cpp
g++ -DPACKAGE_NAME=\"stx-btree\" -DPACKAGE_TARNAME=\"stx-btree\" -DPACKAGE_VERSION=\"0.9\" -DPACKAGE_STRING=\"stx-btree\ 0.9\" -DPACKAGE_BUGREPORT=\"\" -DPACKAGE_URL=\"\" -DPACKAGE=\"stx-btree\" -DVERSION=\"0.9\" -DSTDC_HEADERS=1 -DHAVE_SYS_TYPES_H=1 -DHAVE_SYS_STAT_H=1 -DHAVE_STDLIB_H=1 -DHAVE_STRING_H=1 -DHAVE_MEMORY_H=1 -DHAVE_STRINGS_H=1 -DHAVE_INTTYPES_H=1 -DHAVE_STDINT_H=1 -DHAVE_UNISTD_H=1 -I.   -Wdate-time -D_FORTIFY_SOURCE=2 -I/usr/include -I/usr/lib/x86_64-linux-gnu/wx/include/gtk2-unicode-3.0 -I/usr/include/wx-3.0 -D_FILE_OFFSET_BITS=64 -DWXUSINGDLL -D__WXGTK__ -pthread -I../include -DBTREE_DEBUG -g -O2 -fdebug-prefix-map=/<<PKGBUILDDIR>>=. -fstack-protector-strong -Wformat -Werror=format-security -c -o WTreeDrawing.o WTreeDrawing.cpp
WTreeDrawing.cpp:373:1: warning: control reaches end of non-void function [-Wreturn-type]
}
^
./WMain.h:151:34: note: in instantiation of function template specialization 'WTreeDrawing::BTreeOp_Draw::opInteger<stx::btree_map<int, int, std::less<int>, BTreeBundle::btree_traits_nodebug<4, int>, std::allocator<std::pair<int, int> > > >' requested here
                return operation.opInteger(btmap_int_4_slots);
                                 ^
WTreeDrawing.cpp:398:23: note: in instantiation of function template specialization 'BTreeBundle::run<WTreeDrawing::BTreeOp_Draw>' requested here
    wmain->treebundle.run(drawop);
                      ^
WTreeDrawing.cpp:367:1: warning: control reaches end of non-void function [-Wreturn-type]
}
^
WTreeDrawing.cpp:372:5: note: in instantiation of function template specialization 'WTreeDrawing::BTreeOp_Draw::draw_tree<stx::btree_map<int, int, std::less<int>, BTreeBundle::btree_traits_nodebug<4, int>, std::allocator<std::pair<int, int> > > >' requested here
    draw_tree(bt);
    ^
./WMain.h:151:34: note: in instantiation of function template specialization 'WTreeDrawing::BTreeOp_Draw::opInteger<stx::btree_map<int, int, std::less<int>, BTreeBundle::btree_traits_nodebug<4, int>, std::allocator<std::pair<int, int> > > >' requested here
                return operation.opInteger(btmap_int_4_slots);
                                 ^
WTreeDrawing.cpp:398:23: note: in instantiation of function template specialization 'BTreeBundle::run<WTreeDrawing::BTreeOp_Draw>' requested here
    wmain->treebundle.run(drawop);
                      ^
WTreeDrawing.cpp:77:30: error: typedef 'btree_impl' cannot be referenced with a class specifier
    typedef class BTreeType::btree_impl btree_impl;
                             ^
WTreeDrawing.cpp:339:21: note: in instantiation of function template specialization 'WTreeDrawing::BTreeOp_Draw::draw_node<stx::btree_map<int, int, std::less<int>, BTreeBundle::btree_traits_nodebug<4, int>, std::allocator<std::pair<int, int> > > >' requested here
        wxSize ts = draw_node<BTreeType>(-1, -1, bt.tree.m_root);
                    ^
WTreeDrawing.cpp:372:5: note: in instantiation of function template specialization 'WTreeDrawing::BTreeOp_Draw::draw_tree<stx::btree_map<int, int, std::less<int>, BTreeBundle::btree_traits_nodebug<4, int>, std::allocator<std::pair<int, int> > > >' requested here
    draw_tree(bt);
    ^
./WMain.h:151:34: note: in instantiation of function template specialization 'WTreeDrawing::BTreeOp_Draw::opInteger<stx::btree_map<int, int, std::less<int>, BTreeBundle::btree_traits_nodebug<4, int>, std::allocator<std::pair<int, int> > > >' requested here
                return operation.opInteger(btmap_int_4_slots);
                                 ^
WTreeDrawing.cpp:398:23: note: in instantiation of function template specialization 'BTreeBundle::run<WTreeDrawing::BTreeOp_Draw>' requested here
    wmain->treebundle.run(drawop);
                      ^
../include/stx/btree_map.h:99:62: note: declared here
                       traits, false, allocator_type, false> btree_impl;
                                                             ^
WTreeDrawing.cpp:77:30: error: typedef 'btree_impl' cannot be referenced with a class specifier
    typedef class BTreeType::btree_impl btree_impl;
                             ^
WTreeDrawing.cpp:339:21: note: in instantiation of function template specialization 'WTreeDrawing::BTreeOp_Draw::draw_node<stx::btree_map<int, int, std::less<int>, BTreeBundle::btree_traits_nodebug<5, int>, std::allocator<std::pair<int, int> > > >' requested here
        wxSize ts = draw_node<BTreeType>(-1, -1, bt.tree.m_root);
                    ^
WTreeDrawing.cpp:372:5: note: in instantiation of function template specialization 'WTreeDrawing::BTreeOp_Draw::draw_tree<stx::btree_map<int, int, std::less<int>, BTreeBundle::btree_traits_nodebug<5, int>, std::allocator<std::pair<int, int> > > >' requested here
    draw_tree(bt);
    ^
./WMain.h:154:34: note: in instantiation of function template specialization 'WTreeDrawing::BTreeOp_Draw::opInteger<stx::btree_map<int, int, std::less<int>, BTreeBundle::btree_traits_nodebug<5, int>, std::allocator<std::pair<int, int> > > >' requested here
                return operation.opInteger(btmap_int_5_slots);
                                 ^
WTreeDrawing.cpp:398:23: note: in instantiation of function template specialization 'BTreeBundle::run<WTreeDrawing::BTreeOp_Draw>' requested here
    wmain->treebundle.run(drawop);
                      ^
../include/stx/btree_map.h:99:62: note: declared here
                       traits, false, allocator_type, false> btree_impl;
                                                             ^
WTreeDrawing.cpp:77:30: error: typedef 'btree_impl' cannot be referenced with a class specifier
    typedef class BTreeType::btree_impl btree_impl;
                             ^
WTreeDrawing.cpp:339:21: note: in instantiation of function template specialization 'WTreeDrawing::BTreeOp_Draw::draw_node<stx::btree_map<int, int, std::less<int>, BTreeBundle::btree_traits_nodebug<6, int>, std::allocator<std::pair<int, int> > > >' requested here
        wxSize ts = draw_node<BTreeType>(-1, -1, bt.tree.m_root);
                    ^
WTreeDrawing.cpp:372:5: note: in instantiation of function template specialization 'WTreeDrawing::BTreeOp_Draw::draw_tree<stx::btree_map<int, int, std::less<int>, BTreeBundle::btree_traits_nodebug<6, int>, std::allocator<std::pair<int, int> > > >' requested here
    draw_tree(bt);
    ^
./WMain.h:157:34: note: in instantiation of function template specialization 'WTreeDrawing::BTreeOp_Draw::opInteger<stx::btree_map<int, int, std::less<int>, BTreeBundle::btree_traits_nodebug<6, int>, std::allocator<std::pair<int, int> > > >' requested here
                return operation.opInteger(btmap_int_6_slots);
                                 ^
WTreeDrawing.cpp:398:23: note: in instantiation of function template specialization 'BTreeBundle::run<WTreeDrawing::BTreeOp_Draw>' requested here
    wmain->treebundle.run(drawop);
                      ^
../include/stx/btree_map.h:99:62: note: declared here
                       traits, false, allocator_type, false> btree_impl;
                                                             ^
WTreeDrawing.cpp:77:30: error: typedef 'btree_impl' cannot be referenced with a class specifier
    typedef class BTreeType::btree_impl btree_impl;
                             ^
WTreeDrawing.cpp:339:21: note: in instantiation of function template specialization 'WTreeDrawing::BTreeOp_Draw::draw_node<stx::btree_map<int, int, std::less<int>, BTreeBundle::btree_traits_nodebug<7, int>, std::allocator<std::pair<int, int> > > >' requested here
        wxSize ts = draw_node<BTreeType>(-1, -1, bt.tree.m_root);
                    ^
WTreeDrawing.cpp:372:5: note: in instantiation of function template specialization 'WTreeDrawing::BTreeOp_Draw::draw_tree<stx::btree_map<int, int, std::less<int>, BTreeBundle::btree_traits_nodebug<7, int>, std::allocator<std::pair<int, int> > > >' requested here
    draw_tree(bt);
    ^
./WMain.h:160:34: note: in instantiation of function template specialization 'WTreeDrawing::BTreeOp_Draw::opInteger<stx::btree_map<int, int, std::less<int>, BTreeBundle::btree_traits_nodebug<7, int>, std::allocator<std::pair<int, int> > > >' requested here
                return operation.opInteger(btmap_int_7_slots);
                                 ^
WTreeDrawing.cpp:398:23: note: in instantiation of function template specialization 'BTreeBundle::run<WTreeDrawing::BTreeOp_Draw>' requested here
    wmain->treebundle.run(drawop);
                      ^
../include/stx/btree_map.h:99:62: note: declared here
                       traits, false, allocator_type, false> btree_impl;
                                                             ^
WTreeDrawing.cpp:77:30: error: typedef 'btree_impl' cannot be referenced with a class specifier
    typedef class BTreeType::btree_impl btree_impl;
                             ^
WTreeDrawing.cpp:339:21: note: in instantiation of function template specialization 'WTreeDrawing::BTreeOp_Draw::draw_node<stx::btree_map<int, int, std::less<int>, BTreeBundle::btree_traits_nodebug<8, int>, std::allocator<std::pair<int, int> > > >' requested here
        wxSize ts = draw_node<BTreeType>(-1, -1, bt.tree.m_root);
                    ^
WTreeDrawing.cpp:372:5: note: in instantiation of function template specialization 'WTreeDrawing::BTreeOp_Draw::draw_tree<stx::btree_map<int, int, std::less<int>, BTreeBundle::btree_traits_nodebug<8, int>, std::allocator<std::pair<int, int> > > >' requested here
    draw_tree(bt);
    ^
./WMain.h:163:34: note: in instantiation of function template specialization 'WTreeDrawing::BTreeOp_Draw::opInteger<stx::btree_map<int, int, std::less<int>, BTreeBundle::btree_traits_nodebug<8, int>, std::allocator<std::pair<int, int> > > >' requested here
                return operation.opInteger(btmap_int_8_slots);
                                 ^
WTreeDrawing.cpp:398:23: note: in instantiation of function template specialization 'BTreeBundle::run<WTreeDrawing::BTreeOp_Draw>' requested here
    wmain->treebundle.run(drawop);
                      ^
../include/stx/btree_map.h:99:62: note: declared here
                       traits, false, allocator_type, false> btree_impl;
                                                             ^
WTreeDrawing.cpp:77:30: error: typedef 'btree_impl' cannot be referenced with a class specifier
    typedef class BTreeType::btree_impl btree_impl;
                             ^
WTreeDrawing.cpp:339:21: note: in instantiation of function template specialization 'WTreeDrawing::BTreeOp_Draw::draw_node<stx::btree_map<int, int, std::less<int>, BTreeBundle::btree_traits_nodebug<9, int>, std::allocator<std::pair<int, int> > > >' requested here
        wxSize ts = draw_node<BTreeType>(-1, -1, bt.tree.m_root);
                    ^
WTreeDrawing.cpp:372:5: note: in instantiation of function template specialization 'WTreeDrawing::BTreeOp_Draw::draw_tree<stx::btree_map<int, int, std::less<int>, BTreeBundle::btree_traits_nodebug<9, int>, std::allocator<std::pair<int, int> > > >' requested here
    draw_tree(bt);
    ^
./WMain.h:166:34: note: in instantiation of function template specialization 'WTreeDrawing::BTreeOp_Draw::opInteger<stx::btree_map<int, int, std::less<int>, BTreeBundle::btree_traits_nodebug<9, int>, std::allocator<std::pair<int, int> > > >' requested here
                return operation.opInteger(btmap_int_9_slots);
                                 ^
WTreeDrawing.cpp:398:23: note: in instantiation of function template specialization 'BTreeBundle::run<WTreeDrawing::BTreeOp_Draw>' requested here
    wmain->treebundle.run(drawop);
                      ^
../include/stx/btree_map.h:99:62: note: declared here
                       traits, false, allocator_type, false> btree_impl;
                                                             ^
WTreeDrawing.cpp:77:30: error: typedef 'btree_impl' cannot be referenced with a class specifier
    typedef class BTreeType::btree_impl btree_impl;
                             ^
WTreeDrawing.cpp:339:21: note: in instantiation of function template specialization 'WTreeDrawing::BTreeOp_Draw::draw_node<stx::btree_map<int, int, std::less<int>, BTreeBundle::btree_traits_nodebug<10, int>, std::allocator<std::pair<int, int> > > >' requested here
        wxSize ts = draw_node<BTreeType>(-1, -1, bt.tree.m_root);
                    ^
WTreeDrawing.cpp:372:5: note: in instantiation of function template specialization 'WTreeDrawing::BTreeOp_Draw::draw_tree<stx::btree_map<int, int, std::less<int>, BTreeBundle::btree_traits_nodebug<10, int>, std::allocator<std::pair<int, int> > > >' requested here
    draw_tree(bt);
    ^
./WMain.h:169:34: note: in instantiation of function template specialization 'WTreeDrawing::BTreeOp_Draw::opInteger<stx::btree_map<int, int, std::less<int>, BTreeBundle::btree_traits_nodebug<10, int>, std::allocator<std::pair<int, int> > > >' requested here
                return operation.opInteger(btmap_int_10_slots);
                                 ^
WTreeDrawing.cpp:398:23: note: in instantiation of function template specialization 'BTreeBundle::run<WTreeDrawing::BTreeOp_Draw>' requested here
    wmain->treebundle.run(drawop);
                      ^
../include/stx/btree_map.h:99:62: note: declared here
                       traits, false, allocator_type, false> btree_impl;
                                                             ^
WTreeDrawing.cpp:77:30: error: typedef 'btree_impl' cannot be referenced with a class specifier
    typedef class BTreeType::btree_impl btree_impl;
                             ^
WTreeDrawing.cpp:339:21: note: in instantiation of function template specialization 'WTreeDrawing::BTreeOp_Draw::draw_node<stx::btree_map<int, int, std::less<int>, BTreeBundle::btree_traits_nodebug<11, int>, std::allocator<std::pair<int, int> > > >' requested here
        wxSize ts = draw_node<BTreeType>(-1, -1, bt.tree.m_root);
                    ^
WTreeDrawing.cpp:372:5: note: in instantiation of function template specialization 'WTreeDrawing::BTreeOp_Draw::draw_tree<stx::btree_map<int, int, std::less<int>, BTreeBundle::btree_traits_nodebug<11, int>, std::allocator<std::pair<int, int> > > >' requested here
    draw_tree(bt);
    ^
./WMain.h:172:34: note: in instantiation of function template specialization 'WTreeDrawing::BTreeOp_Draw::opInteger<stx::btree_map<int, int, std::less<int>, BTreeBundle::btree_traits_nodebug<11, int>, std::allocator<std::pair<int, int> > > >' requested here
                return operation.opInteger(btmap_int_11_slots);
                                 ^
WTreeDrawing.cpp:398:23: note: in instantiation of function template specialization 'BTreeBundle::run<WTreeDrawing::BTreeOp_Draw>' requested here
    wmain->treebundle.run(drawop);
                      ^
../include/stx/btree_map.h:99:62: note: declared here
                       traits, false, allocator_type, false> btree_impl;
                                                             ^
WTreeDrawing.cpp:77:30: error: typedef 'btree_impl' cannot be referenced with a class specifier
    typedef class BTreeType::btree_impl btree_impl;
                             ^
WTreeDrawing.cpp:339:21: note: in instantiation of function template specialization 'WTreeDrawing::BTreeOp_Draw::draw_node<stx::btree_map<int, int, std::less<int>, BTreeBundle::btree_traits_nodebug<12, int>, std::allocator<std::pair<int, int> > > >' requested here
        wxSize ts = draw_node<BTreeType>(-1, -1, bt.tree.m_root);
                    ^
WTreeDrawing.cpp:372:5: note: in instantiation of function template specialization 'WTreeDrawing::BTreeOp_Draw::draw_tree<stx::btree_map<int, int, std::less<int>, BTreeBundle::btree_traits_nodebug<12, int>, std::allocator<std::pair<int, int> > > >' requested here
    draw_tree(bt);
    ^
./WMain.h:175:34: note: in instantiation of function template specialization 'WTreeDrawing::BTreeOp_Draw::opInteger<stx::btree_map<int, int, std::less<int>, BTreeBundle::btree_traits_nodebug<12, int>, std::allocator<std::pair<int, int> > > >' requested here
                return operation.opInteger(btmap_int_12_slots);
                                 ^
WTreeDrawing.cpp:398:23: note: in instantiation of function template specialization 'BTreeBundle::run<WTreeDrawing::BTreeOp_Draw>' requested here
    wmain->treebundle.run(drawop);
                      ^
../include/stx/btree_map.h:99:62: note: declared here
                       traits, false, allocator_type, false> btree_impl;
                                                             ^
WTreeDrawing.cpp:77:30: error: typedef 'btree_impl' cannot be referenced with a class specifier
    typedef class BTreeType::btree_impl btree_impl;
                             ^
WTreeDrawing.cpp:339:21: note: in instantiation of function template specialization 'WTreeDrawing::BTreeOp_Draw::draw_node<stx::btree_map<int, int, std::less<int>, BTreeBundle::btree_traits_nodebug<13, int>, std::allocator<std::pair<int, int> > > >' requested here
        wxSize ts = draw_node<BTreeType>(-1, -1, bt.tree.m_root);
                    ^
WTreeDrawing.cpp:372:5: note: in instantiation of function template specialization 'WTreeDrawing::BTreeOp_Draw::draw_tree<stx::btree_map<int, int, std::less<int>, BTreeBundle::btree_traits_nodebug<13, int>, std::allocator<std::pair<int, int> > > >' requested here
    draw_tree(bt);
    ^
./WMain.h:178:34: note: in instantiation of function template specialization 'WTreeDrawing::BTreeOp_Draw::opInteger<stx::btree_map<int, int, std::less<int>, BTreeBundle::btree_traits_nodebug<13, int>, std::allocator<std::pair<int, int> > > >' requested here
                return operation.opInteger(btmap_int_13_slots);
                                 ^
WTreeDrawing.cpp:398:23: note: in instantiation of function template specialization 'BTreeBundle::run<WTreeDrawing::BTreeOp_Draw>' requested here
    wmain->treebundle.run(drawop);
                      ^
../include/stx/btree_map.h:99:62: note: declared here
                       traits, false, allocator_type, false> btree_impl;
                                                             ^
WTreeDrawing.cpp:77:30: error: typedef 'btree_impl' cannot be referenced with a class specifier
    typedef class BTreeType::btree_impl btree_impl;
                             ^
WTreeDrawing.cpp:339:21: note: in instantiation of function template specialization 'WTreeDrawing::BTreeOp_Draw::draw_node<stx::btree_map<int, int, std::less<int>, BTreeBundle::btree_traits_nodebug<14, int>, std::allocator<std::pair<int, int> > > >' requested here
        wxSize ts = draw_node<BTreeType>(-1, -1, bt.tree.m_root);
                    ^
WTreeDrawing.cpp:372:5: note: in instantiation of function template specialization 'WTreeDrawing::BTreeOp_Draw::draw_tree<stx::btree_map<int, int, std::less<int>, BTreeBundle::btree_traits_nodebug<14, int>, std::allocator<std::pair<int, int> > > >' requested here
    draw_tree(bt);
    ^
./WMain.h:181:34: note: in instantiation of function template specialization 'WTreeDrawing::BTreeOp_Draw::opInteger<stx::btree_map<int, int, std::less<int>, BTreeBundle::btree_traits_nodebug<14, int>, std::allocator<std::pair<int, int> > > >' requested here
                return operation.opInteger(btmap_int_14_slots);
                                 ^
WTreeDrawing.cpp:398:23: note: in instantiation of function template specialization 'BTreeBundle::run<WTreeDrawing::BTreeOp_Draw>' requested here
    wmain->treebundle.run(drawop);
                      ^
../include/stx/btree_map.h:99:62: note: declared here
                       traits, false, allocator_type, false> btree_impl;
                                                             ^
WTreeDrawing.cpp:77:30: error: typedef 'btree_impl' cannot be referenced with a class specifier
    typedef class BTreeType::btree_impl btree_impl;
                             ^
WTreeDrawing.cpp:339:21: note: in instantiation of function template specialization 'WTreeDrawing::BTreeOp_Draw::draw_node<stx::btree_map<int, int, std::less<int>, BTreeBundle::btree_traits_nodebug<15, int>, std::allocator<std::pair<int, int> > > >' requested here
        wxSize ts = draw_node<BTreeType>(-1, -1, bt.tree.m_root);
                    ^
WTreeDrawing.cpp:372:5: note: in instantiation of function template specialization 'WTreeDrawing::BTreeOp_Draw::draw_tree<stx::btree_map<int, int, std::less<int>, BTreeBundle::btree_traits_nodebug<15, int>, std::allocator<std::pair<int, int> > > >' requested here
    draw_tree(bt);
    ^
./WMain.h:184:34: note: in instantiation of function template specialization 'WTreeDrawing::BTreeOp_Draw::opInteger<stx::btree_map<int, int, std::less<int>, BTreeBundle::btree_traits_nodebug<15, int>, std::allocator<std::pair<int, int> > > >' requested here
                return operation.opInteger(btmap_int_15_slots);
                                 ^
WTreeDrawing.cpp:398:23: note: in instantiation of function template specialization 'BTreeBundle::run<WTreeDrawing::BTreeOp_Draw>' requested here
    wmain->treebundle.run(drawop);
                      ^
../include/stx/btree_map.h:99:62: note: declared here
                       traits, false, allocator_type, false> btree_impl;
                                                             ^
WTreeDrawing.cpp:77:30: error: typedef 'btree_impl' cannot be referenced with a class specifier
    typedef class BTreeType::btree_impl btree_impl;
                             ^
WTreeDrawing.cpp:339:21: note: in instantiation of function template specialization 'WTreeDrawing::BTreeOp_Draw::draw_node<stx::btree_map<int, int, std::less<int>, BTreeBundle::btree_traits_nodebug<16, int>, std::allocator<std::pair<int, int> > > >' requested here
        wxSize ts = draw_node<BTreeType>(-1, -1, bt.tree.m_root);
                    ^
WTreeDrawing.cpp:372:5: note: in instantiation of function template specialization 'WTreeDrawing::BTreeOp_Draw::draw_tree<stx::btree_map<int, int, std::less<int>, BTreeBundle::btree_traits_nodebug<16, int>, std::allocator<std::pair<int, int> > > >' requested here
    draw_tree(bt);
    ^
./WMain.h:187:34: note: in instantiation of function template specialization 'WTreeDrawing::BTreeOp_Draw::opInteger<stx::btree_map<int, int, std::less<int>, BTreeBundle::btree_traits_nodebug<16, int>, std::allocator<std::pair<int, int> > > >' requested here
                return operation.opInteger(btmap_int_16_slots);
                                 ^
WTreeDrawing.cpp:398:23: note: in instantiation of function template specialization 'BTreeBundle::run<WTreeDrawing::BTreeOp_Draw>' requested here
    wmain->treebundle.run(drawop);
                      ^
../include/stx/btree_map.h:99:62: note: declared here
                       traits, false, allocator_type, false> btree_impl;
                                                             ^
WTreeDrawing.cpp:77:30: error: typedef 'btree_impl' cannot be referenced with a class specifier
    typedef class BTreeType::btree_impl btree_impl;
                             ^
WTreeDrawing.cpp:339:21: note: in instantiation of function template specialization 'WTreeDrawing::BTreeOp_Draw::draw_node<stx::btree_map<int, int, std::less<int>, BTreeBundle::btree_traits_nodebug<32, int>, std::allocator<std::pair<int, int> > > >' requested here
        wxSize ts = draw_node<BTreeType>(-1, -1, bt.tree.m_root);
                    ^
WTreeDrawing.cpp:372:5: note: in instantiation of function template specialization 'WTreeDrawing::BTreeOp_Draw::draw_tree<stx::btree_map<int, int, std::less<int>, BTreeBundle::btree_traits_nodebug<32, int>, std::allocator<std::pair<int, int> > > >' requested here
    draw_tree(bt);
    ^
./WMain.h:190:34: note: in instantiation of function template specialization 'WTreeDrawing::BTreeOp_Draw::opInteger<stx::btree_map<int, int, std::less<int>, BTreeBundle::btree_traits_nodebug<32, int>, std::allocator<std::pair<int, int> > > >' requested here
                return operation.opInteger(btmap_int_32_slots);
                                 ^
WTreeDrawing.cpp:398:23: note: in instantiation of function template specialization 'BTreeBundle::run<WTreeDrawing::BTreeOp_Draw>' requested here
    wmain->treebundle.run(drawop);
                      ^
../include/stx/btree_map.h:99:62: note: declared here
                       traits, false, allocator_type, false> btree_impl;
                                                             ^
WTreeDrawing.cpp:77:30: error: typedef 'btree_impl' cannot be referenced with a class specifier
    typedef class BTreeType::btree_impl btree_impl;
                             ^
WTreeDrawing.cpp:339:21: note: in instantiation of function template specialization 'WTreeDrawing::BTreeOp_Draw::draw_node<stx::btree_map<wxString, wxString, std::less<wxString>, BTreeBundle::btree_traits_nodebug<4, wxString>, std::allocator<std::pair<wxString, wxString> > > >' requested here
        wxSize ts = draw_node<BTreeType>(-1, -1, bt.tree.m_root);
                    ^
WTreeDrawing.cpp:384:5: note: in instantiation of function template specialization 'WTreeDrawing::BTreeOp_Draw::draw_tree<stx::btree_map<wxString, wxString, std::less<wxString>, BTreeBundle::btree_traits_nodebug<4, wxString>, std::allocator<std::pair<wxString, wxString> > > >' requested here
    draw_tree(bt);
    ^
./WMain.h:196:34: note: in instantiation of function template specialization 'WTreeDrawing::BTreeOp_Draw::opString<stx::btree_map<wxString, wxString, std::less<wxString>, BTreeBundle::btree_traits_nodebug<4, wxString>, std::allocator<std::pair<wxString, wxString> > > >' requested here
                return operation.opString(btmap_string_4_slots);
                                 ^
WTreeDrawing.cpp:398:23: note: in instantiation of function template specialization 'BTreeBundle::run<WTreeDrawing::BTreeOp_Draw>' requested here
    wmain->treebundle.run(drawop);
                      ^
../include/stx/btree_map.h:99:62: note: declared here
                       traits, false, allocator_type, false> btree_impl;
                                                             ^
WTreeDrawing.cpp:77:30: error: typedef 'btree_impl' cannot be referenced with a class specifier
    typedef class BTreeType::btree_impl btree_impl;
                             ^
WTreeDrawing.cpp:339:21: note: in instantiation of function template specialization 'WTreeDrawing::BTreeOp_Draw::draw_node<stx::btree_map<wxString, wxString, std::less<wxString>, BTreeBundle::btree_traits_nodebug<5, wxString>, std::allocator<std::pair<wxString, wxString> > > >' requested here
        wxSize ts = draw_node<BTreeType>(-1, -1, bt.tree.m_root);
                    ^
WTreeDrawing.cpp:384:5: note: in instantiation of function template specialization 'WTreeDrawing::BTreeOp_Draw::draw_tree<stx::btree_map<wxString, wxString, std::less<wxString>, BTreeBundle::btree_traits_nodebug<5, wxString>, std::allocator<std::pair<wxString, wxString> > > >' requested here
    draw_tree(bt);
    ^
./WMain.h:199:34: note: in instantiation of function template specialization 'WTreeDrawing::BTreeOp_Draw::opString<stx::btree_map<wxString, wxString, std::less<wxString>, BTreeBundle::btree_traits_nodebug<5, wxString>, std::allocator<std::pair<wxString, wxString> > > >' requested here
                return operation.opString(btmap_string_5_slots);
                                 ^
WTreeDrawing.cpp:398:23: note: in instantiation of function template specialization 'BTreeBundle::run<WTreeDrawing::BTreeOp_Draw>' requested here
    wmain->treebundle.run(drawop);
                      ^
../include/stx/btree_map.h:99:62: note: declared here
                       traits, false, allocator_type, false> btree_impl;
                                                             ^
WTreeDrawing.cpp:77:30: error: typedef 'btree_impl' cannot be referenced with a class specifier
    typedef class BTreeType::btree_impl btree_impl;
                             ^
WTreeDrawing.cpp:339:21: note: in instantiation of function template specialization 'WTreeDrawing::BTreeOp_Draw::draw_node<stx::btree_map<wxString, wxString, std::less<wxString>, BTreeBundle::btree_traits_nodebug<6, wxString>, std::allocator<std::pair<wxString, wxString> > > >' requested here
        wxSize ts = draw_node<BTreeType>(-1, -1, bt.tree.m_root);
                    ^
WTreeDrawing.cpp:384:5: note: in instantiation of function template specialization 'WTreeDrawing::BTreeOp_Draw::draw_tree<stx::btree_map<wxString, wxString, std::less<wxString>, BTreeBundle::btree_traits_nodebug<6, wxString>, std::allocator<std::pair<wxString, wxString> > > >' requested here
    draw_tree(bt);
    ^
./WMain.h:202:34: note: in instantiation of function template specialization 'WTreeDrawing::BTreeOp_Draw::opString<stx::btree_map<wxString, wxString, std::less<wxString>, BTreeBundle::btree_traits_nodebug<6, wxString>, std::allocator<std::pair<wxString, wxString> > > >' requested here
                return operation.opString(btmap_string_6_slots);
                                 ^
WTreeDrawing.cpp:398:23: note: in instantiation of function template specialization 'BTreeBundle::run<WTreeDrawing::BTreeOp_Draw>' requested here
    wmain->treebundle.run(drawop);
                      ^
../include/stx/btree_map.h:99:62: note: declared here
                       traits, false, allocator_type, false> btree_impl;
                                                             ^
WTreeDrawing.cpp:77:30: error: typedef 'btree_impl' cannot be referenced with a class specifier
    typedef class BTreeType::btree_impl btree_impl;
                             ^
WTreeDrawing.cpp:339:21: note: in instantiation of function template specialization 'WTreeDrawing::BTreeOp_Draw::draw_node<stx::btree_map<wxString, wxString, std::less<wxString>, BTreeBundle::btree_traits_nodebug<7, wxString>, std::allocator<std::pair<wxString, wxString> > > >' requested here
        wxSize ts = draw_node<BTreeType>(-1, -1, bt.tree.m_root);
                    ^
WTreeDrawing.cpp:384:5: note: in instantiation of function template specialization 'WTreeDrawing::BTreeOp_Draw::draw_tree<stx::btree_map<wxString, wxString, std::less<wxString>, BTreeBundle::btree_traits_nodebug<7, wxString>, std::allocator<std::pair<wxString, wxString> > > >' requested here
    draw_tree(bt);
    ^
./WMain.h:205:34: note: in instantiation of function template specialization 'WTreeDrawing::BTreeOp_Draw::opString<stx::btree_map<wxString, wxString, std::less<wxString>, BTreeBundle::btree_traits_nodebug<7, wxString>, std::allocator<std::pair<wxString, wxString> > > >' requested here
                return operation.opString(btmap_string_7_slots);
                                 ^
WTreeDrawing.cpp:398:23: note: in instantiation of function template specialization 'BTreeBundle::run<WTreeDrawing::BTreeOp_Draw>' requested here
    wmain->treebundle.run(drawop);
                      ^
../include/stx/btree_map.h:99:62: note: declared here
                       traits, false, allocator_type, false> btree_impl;
                                                             ^
WTreeDrawing.cpp:77:30: error: typedef 'btree_impl' cannot be referenced with a class specifier
    typedef class BTreeType::btree_impl btree_impl;
                             ^
WTreeDrawing.cpp:339:21: note: in instantiation of function template specialization 'WTreeDrawing::BTreeOp_Draw::draw_node<stx::btree_map<wxString, wxString, std::less<wxString>, BTreeBundle::btree_traits_nodebug<8, wxString>, std::allocator<std::pair<wxString, wxString> > > >' requested here
        wxSize ts = draw_node<BTreeType>(-1, -1, bt.tree.m_root);
                    ^
WTreeDrawing.cpp:384:5: note: in instantiation of function template specialization 'WTreeDrawing::BTreeOp_Draw::draw_tree<stx::btree_map<wxString, wxString, std::less<wxString>, BTreeBundle::btree_traits_nodebug<8, wxString>, std::allocator<std::pair<wxString, wxString> > > >' requested here
    draw_tree(bt);
    ^
./WMain.h:208:34: note: in instantiation of function template specialization 'WTreeDrawing::BTreeOp_Draw::opString<stx::btree_map<wxString, wxString, std::less<wxString>, BTreeBundle::btree_traits_nodebug<8, wxString>, std::allocator<std::pair<wxString, wxString> > > >' requested here
                return operation.opString(btmap_string_8_slots);
                                 ^
WTreeDrawing.cpp:398:23: note: in instantiation of function template specialization 'BTreeBundle::run<WTreeDrawing::BTreeOp_Draw>' requested here
    wmain->treebundle.run(drawop);
                      ^
../include/stx/btree_map.h:99:62: note: declared here
                       traits, false, allocator_type, false> btree_impl;
                                                             ^
fatal error: too many errors emitted, stopping now [-ferror-limit=]
2 warnings and 20 errors generated.
Makefile:404: recipe for target 'WTreeDrawing.o' failed
make[3]: *** [WTreeDrawing.o] Error 1
make[3]: Leaving directory '/<<PKGBUILDDIR>>/wxbtreedemo'
Makefile:375: recipe for target 'all-recursive' failed
make[2]: *** [all-recursive] Error 1
make[2]: Leaving directory '/<<PKGBUILDDIR>>'
dh_auto_build: make -j1 returned exit code 2
debian/rules:13: recipe for target 'override_dh_auto_build' failed
make[1]: *** [override_dh_auto_build] Error 2
make[1]: Leaving directory '/<<PKGBUILDDIR>>'
debian/rules:17: recipe for target 'build-arch' failed
make: *** [build-arch] Error 2
dpkg-buildpackage: error: debian/rules build-arch subprocess returned exit status 2
--------------------------------------------------------------------------------
Build finished at 2018-02-07T20:28:54Z

Finished
--------


+------------------------------------------------------------------------------+
| Cleanup                                                                      |
+------------------------------------------------------------------------------+

Purging /<<BUILDDIR>>
Not cleaning session: cloned chroot in use
E: Build failure (dpkg-buildpackage died)

+------------------------------------------------------------------------------+
| Summary                                                                      |
+------------------------------------------------------------------------------+

Build Architecture: amd64
Build Type: any
Build-Space: 131532
Build-Time: 153
Distribution: unstable
Fail-Stage: build
Host Architecture: amd64
Install-Time: 18
Job: stx-btree_0.9-2
Machine Architecture: amd64
Package: stx-btree
Package-Time: 185
Source-Version: 0.9-2
Space: 131532
Status: attempted
Version: 0.9-2
--------------------------------------------------------------------------------
Finished at 2018-02-07T20:28:54Z
Build needed 00:03:05, 131532k disk space
E: Build failure (dpkg-buildpackage died)
DC-Status: Failed 186.371129186s
