DC-Build-Header: clearsilver 0.10.5-1.4 / 2015-03-26 08:03:39 +0000
DC-Task: source:clearsilver version:0.10.5-1.4 architecture:any chroot:unstable esttime:340 logfile:/tmp/clearsilver_0.10.5-1.4_unstable_clang.log modes:binary-only:parallel:clang
DC-Sbuild-call: su user -c 'sbuild -n --apt-update -d unstable -v  --chroot-setup-commands=/tmp/clang clearsilver_0.10.5-1.4'
sbuild (Debian sbuild) 0.63.2 (18 Aug 2012) on ip-172-31-12-110.us-west-2.compute.internal

╔══════════════════════════════════════════════════════════════════════════════╗
║ clearsilver 0.10.5-1.4 (amd64)                             26 Mar 2015 08:03 ║
╚══════════════════════════════════════════════════════════════════════════════╝

Package: clearsilver
Version: 0.10.5-1.4
Source Version: 0.10.5-1.4
Distribution: unstable
Machine Architecture: amd64
Host Architecture: amd64
Build Architecture: amd64

I: NOTICE: Log filtering will replace 'build/clearsilver-gztUyw/clearsilver-0.10.5' with '«PKGBUILDDIR»'
I: NOTICE: Log filtering will replace 'build/clearsilver-gztUyw' with '«BUILDDIR»'
I: NOTICE: Log filtering will replace 'var/lib/schroot/mount/unstable-amd64-sbuild-82ed4469-9416-478c-bc21-289947142f4c' with '«CHROOT»'

┌──────────────────────────────────────────────────────────────────────────────┐
│ Update chroot                                                                │
└──────────────────────────────────────────────────────────────────────────────┘

Get:1 http://localhost:9999 unstable InRelease [257 kB]
Get:2 http://localhost:9999 unstable/main Sources/DiffIndex [7876 B]
Get:3 http://localhost:9999 unstable/main amd64 Packages/DiffIndex [7876 B]
Get:4 http://localhost:9999 unstable/main Translation-en/DiffIndex [7876 B]
Get:5 http://localhost:9999 unstable/main 2015-03-25-1448.37.pdiff [3021 B]
Get:6 http://localhost:9999 unstable/main 2015-03-25-2049.47.pdiff [5545 B]
Get:7 http://localhost:9999 unstable/main 2015-03-26-0248.39.pdiff [3389 B]
Get:8 http://localhost:9999 unstable/main 2015-03-26-0248.39.pdiff [3389 B]
Get:9 http://localhost:9999 unstable/main amd64 2015-03-25-1448.37.pdiff [4095 B]
Get:10 http://localhost:9999 unstable/main amd64 2015-03-25-2049.47.pdiff [4595 B]
Get:11 http://localhost:9999 unstable/main amd64 2015-03-26-0248.39.pdiff [3173 B]
Get:12 http://localhost:9999 unstable/main 2015-03-25-2049.47.pdiff [2032 B]
Get:13 http://localhost:9999 unstable/main amd64 2015-03-26-0248.39.pdiff [3173 B]
Get:14 http://localhost:9999 unstable/main 2015-03-25-2049.47.pdiff [2032 B]
Fetched 306 kB in 4s (63.5 kB/s)
Reading package lists...
Reading package lists...
Building dependency tree...
Reading state information...
0 upgraded, 0 newly installed, 0 to remove and 0 not upgraded.

┌──────────────────────────────────────────────────────────────────────────────┐
│ Fetch source files                                                           │
└──────────────────────────────────────────────────────────────────────────────┘


Check APT
─────────

Checking available source versions...

Download source files with APT
──────────────────────────────

Reading package lists...
Building dependency tree...
Reading state information...
Need to get 449 kB of source archives.
Get:1 http://localhost:9999/debian/ unstable/main clearsilver 0.10.5-1.4 (dsc) [2214 B]
Get:2 http://localhost:9999/debian/ unstable/main clearsilver 0.10.5-1.4 (tar) [439 kB]
Get:3 http://localhost:9999/debian/ unstable/main clearsilver 0.10.5-1.4 (diff) [7300 B]
Fetched 449 kB in 1s (259 kB/s)
Download complete and in download only mode

Check arch
──────────


┌──────────────────────────────────────────────────────────────────────────────┐
│ Chroot Setup Commands                                                        │
└──────────────────────────────────────────────────────────────────────────────┘


/tmp/clang
──────────

+ echo 'Entering customization script...'
Entering customization script...
+ CLANG_VERSION=3.6
+ echo 'Install of clang-3.6'
Install of clang-3.6
+ apt-get update
Hit http://localhost:9999 unstable InRelease
Get:1 http://localhost:9999 unstable/main Sources/DiffIndex [7876 B]
Get:2 http://localhost:9999 unstable/main amd64 Packages/DiffIndex [7876 B]
Get:3 http://localhost:9999 unstable/main Translation-en/DiffIndex [7876 B]
Fetched 23.6 kB in 1s (12.6 kB/s)
Reading package lists...
+ apt-get install --yes --no-install-recommends --force-yes clang-3.6
Reading package lists...
Building dependency tree...
Reading state information...
The following extra packages will be installed:
  libbsd0 libclang-common-3.6-dev libclang1-3.6 libedit2 libffi6 libllvm3.6
  libobjc-4.9-dev libobjc4
Suggested packages:
  gnustep gnustep-devel clang-3.6-doc
Recommended packages:
  llvm-3.6-dev python
The following NEW packages will be installed:
  clang-3.6 libbsd0 libclang-common-3.6-dev libclang1-3.6 libedit2 libffi6
  libllvm3.6 libobjc-4.9-dev libobjc4
0 upgraded, 9 newly installed, 0 to remove and 0 not upgraded.
Need to get 39.2 MB of archives.
After this operation, 153 MB of additional disk space will be used.
Get:1 http://localhost:9999/debian/ unstable/main libbsd0 amd64 0.7.0-2 [67.9 kB]
Get:2 http://localhost:9999/debian/ unstable/main libedit2 amd64 3.1-20140620-2 [85.1 kB]
Get:3 http://localhost:9999/debian/ unstable/main libffi6 amd64 3.1-2+b2 [20.1 kB]
Get:4 http://localhost:9999/debian/ unstable/main libllvm3.6 amd64 1:3.6-2 [8137 kB]
Get:5 http://localhost:9999/debian/ unstable/main libobjc4 amd64 4.9.2-10 [112 kB]
Get:6 http://localhost:9999/debian/ unstable/main libobjc-4.9-dev amd64 4.9.2-10 [372 kB]
Get:7 http://localhost:9999/debian/ unstable/main libclang1-3.6 amd64 1:3.6-2 [3839 kB]
Get:8 http://localhost:9999/debian/ unstable/main libclang-common-3.6-dev amd64 1:3.6-2 [706 kB]
Get:9 http://localhost:9999/debian/ unstable/main clang-3.6 amd64 1:3.6-2 [25.8 MB]
debconf: unable to initialize frontend: Dialog
debconf: (Dialog frontend will not work on a dumb terminal, an emacs shell buffer, or without a controlling terminal.)
debconf: falling back to frontend: Readline
debconf: unable to initialize frontend: Readline
debconf: (This frontend requires a controlling tty.)
debconf: falling back to frontend: Teletype
dpkg-preconfigure: unable to re-open stdin: 
Fetched 39.2 MB in 0s (39.5 MB/s)
Selecting previously unselected package libbsd0:amd64.
(Reading database ... (Reading database ... 5%(Reading database ... 10%(Reading database ... 15%(Reading database ... 20%(Reading database ... 25%(Reading database ... 30%(Reading database ... 35%(Reading database ... 40%(Reading database ... 45%(Reading database ... 50%(Reading database ... 55%(Reading database ... 60%(Reading database ... 65%(Reading database ... 70%(Reading database ... 75%(Reading database ... 80%(Reading database ... 85%(Reading database ... 90%(Reading database ... 95%(Reading database ... 100%(Reading database ... 11980 files and directories currently installed.)
Preparing to unpack .../libbsd0_0.7.0-2_amd64.deb ...
Unpacking libbsd0:amd64 (0.7.0-2) ...
Selecting previously unselected package libedit2:amd64.
Preparing to unpack .../libedit2_3.1-20140620-2_amd64.deb ...
Unpacking libedit2:amd64 (3.1-20140620-2) ...
Selecting previously unselected package libffi6:amd64.
Preparing to unpack .../libffi6_3.1-2+b2_amd64.deb ...
Unpacking libffi6:amd64 (3.1-2+b2) ...
Selecting previously unselected package libllvm3.6:amd64.
Preparing to unpack .../libllvm3.6_1%3a3.6-2_amd64.deb ...
Unpacking libllvm3.6:amd64 (1:3.6-2) ...
Selecting previously unselected package libobjc4:amd64.
Preparing to unpack .../libobjc4_4.9.2-10_amd64.deb ...
Unpacking libobjc4:amd64 (4.9.2-10) ...
Selecting previously unselected package libobjc-4.9-dev:amd64.
Preparing to unpack .../libobjc-4.9-dev_4.9.2-10_amd64.deb ...
Unpacking libobjc-4.9-dev:amd64 (4.9.2-10) ...
Selecting previously unselected package libclang1-3.6:amd64.
Preparing to unpack .../libclang1-3.6_1%3a3.6-2_amd64.deb ...
Unpacking libclang1-3.6:amd64 (1:3.6-2) ...
Selecting previously unselected package libclang-common-3.6-dev.
Preparing to unpack .../libclang-common-3.6-dev_1%3a3.6-2_amd64.deb ...
Unpacking libclang-common-3.6-dev (1:3.6-2) ...
Selecting previously unselected package clang-3.6.
Preparing to unpack .../clang-3.6_1%3a3.6-2_amd64.deb ...
Unpacking clang-3.6 (1:3.6-2) ...
Setting up libbsd0:amd64 (0.7.0-2) ...
Setting up libedit2:amd64 (3.1-20140620-2) ...
Setting up libffi6:amd64 (3.1-2+b2) ...
Setting up libllvm3.6:amd64 (1:3.6-2) ...
Setting up libobjc4:amd64 (4.9.2-10) ...
Setting up libobjc-4.9-dev:amd64 (4.9.2-10) ...
Setting up libclang1-3.6:amd64 (1:3.6-2) ...
Setting up libclang-common-3.6-dev (1:3.6-2) ...
Setting up clang-3.6 (1:3.6-2) ...
Processing triggers for libc-bin (2.19-17) ...
+ echo 'Replace gcc, g++ & cpp by clang'
Replace gcc, g++ & cpp by clang
+ VERSIONS='4.6 4.7 4.8 4.9 5'
+ cd /usr/bin
+ for VERSION in '$VERSIONS'
+ rm -f g++-4.6 gcc-4.6 cpp-4.6 gcc
+ ln -s clang++-3.6 g++-4.6
+ ln -s clang-3.6 gcc-4.6
+ ln -s clang-3.6 cpp-4.6
+ ln -s clang-3.6 gcc
+ echo 'gcc-4.6 hold'
+ dpkg --set-selections
+ echo 'g++-4.6 hold'
+ dpkg --set-selections
+ for VERSION in '$VERSIONS'
+ rm -f g++-4.7 gcc-4.7 cpp-4.7 gcc
+ ln -s clang++-3.6 g++-4.7
+ ln -s clang-3.6 gcc-4.7
+ ln -s clang-3.6 cpp-4.7
+ ln -s clang-3.6 gcc
+ echo 'gcc-4.7 hold'
+ dpkg --set-selections
+ echo 'g++-4.7 hold'
+ dpkg --set-selections
+ for VERSION in '$VERSIONS'
+ rm -f g++-4.8 gcc-4.8 cpp-4.8 gcc
+ ln -s clang++-3.6 g++-4.8
+ ln -s clang-3.6 gcc-4.8
+ ln -s clang-3.6 cpp-4.8
+ ln -s clang-3.6 gcc
+ echo 'gcc-4.8 hold'
+ dpkg --set-selections
dpkg: warning: package not in database at line 1: gcc-4.8
dpkg: warning: found unknown packages; this might mean the available database
is outdated, and needs to be updated through a frontend method
+ echo 'g++-4.8 hold'
+ dpkg --set-selections
dpkg: warning: package not in database at line 1: g++-4.8
dpkg: warning: found unknown packages; this might mean the available database
is outdated, and needs to be updated through a frontend method
+ for VERSION in '$VERSIONS'
+ rm -f g++-4.9 gcc-4.9 cpp-4.9 gcc
+ ln -s clang++-3.6 g++-4.9
+ ln -s clang-3.6 gcc-4.9
+ ln -s clang-3.6 cpp-4.9
+ ln -s clang-3.6 gcc
+ echo 'gcc-4.9 hold'
+ dpkg --set-selections
+ echo 'g++-4.9 hold'
+ dpkg --set-selections
+ for VERSION in '$VERSIONS'
+ rm -f g++-5 gcc-5 cpp-5 gcc
+ ln -s clang++-3.6 g++-5
+ ln -s clang-3.6 gcc-5
+ ln -s clang-3.6 cpp-5
+ ln -s clang-3.6 gcc
+ echo 'gcc-5 hold'
+ dpkg --set-selections
dpkg: warning: package not in database at line 1: gcc-5
dpkg: warning: found unknown packages; this might mean the available database
is outdated, and needs to be updated through a frontend method
+ echo 'g++-5 hold'
+ dpkg --set-selections
dpkg: warning: package not in database at line 1: g++-5
dpkg: warning: found unknown packages; this might mean the available database
is outdated, and needs to be updated through a frontend method
+ cd -
/«BUILDDIR»
+ echo 'Check if gcc, g++ & cpp are actually clang'
Check if gcc, g++ & cpp are actually clang
+ gcc --version
+ grep clang
+ cpp --version
+ grep clang
+ g++ --version
+ grep clang

I: Finished running '/tmp/clang'.

Finished processing commands.
────────────────────────────────────────────────────────────────────────────────
Merged Build-Depends: build-essential, fakeroot
Filtered Build-Depends: build-essential, fakeroot
dpkg-deb: building package `sbuild-build-depends-core-dummy' in `/«BUILDDIR»/resolver-aF66vC/apt_archive/sbuild-build-depends-core-dummy.deb'.
OK
Reading package lists...

┌──────────────────────────────────────────────────────────────────────────────┐
│ Install core build dependencies (apt-based resolver)                         │
└──────────────────────────────────────────────────────────────────────────────┘

Installing build dependencies
Reading package lists...
Building dependency tree...
Reading state information...
The following NEW packages will be installed:
  sbuild-build-depends-core-dummy
0 upgraded, 1 newly installed, 0 to remove and 0 not upgraded.
Need to get 0 B/816 B of archives.
After this operation, 0 B of additional disk space will be used.
Selecting previously unselected package sbuild-build-depends-core-dummy.
(Reading database ... (Reading database ... 5%(Reading database ... 10%(Reading database ... 15%(Reading database ... 20%(Reading database ... 25%(Reading database ... 30%(Reading database ... 35%(Reading database ... 40%(Reading database ... 45%(Reading database ... 50%(Reading database ... 55%(Reading database ... 60%(Reading database ... 65%(Reading database ... 70%(Reading database ... 75%(Reading database ... 80%(Reading database ... 85%(Reading database ... 90%(Reading database ... 95%(Reading database ... 100%(Reading database ... 12200 files and directories currently installed.)
Preparing to unpack .../sbuild-build-depends-core-dummy.deb ...
Unpacking sbuild-build-depends-core-dummy (0.invalid.0) ...
Setting up sbuild-build-depends-core-dummy (0.invalid.0) ...
Merged Build-Depends: base-files, base-passwd, bash, bsdutils, coreutils, dash, debianutils, diffutils, dpkg, e2fsprogs, findutils, grep, gzip, hostname, init, libc-bin, login, mount, ncurses-base, ncurses-bin, perl-base, sed, sysvinit-utils, tar, util-linux, libc6-dev | libc-dev, gcc (>= 4:4.9.1), g++ (>= 4:4.9.1), make, dpkg-dev (>= 1.17.11), python-all-dev (>= 2.5.4-1~), debhelper (>= 9), cdbs (>= 0.4.41), zlib1g-dev, autotools-dev, quilt, python-support
Filtered Build-Depends: base-files, base-passwd, bash, bsdutils, coreutils, dash, debianutils, diffutils, dpkg, e2fsprogs, findutils, grep, gzip, hostname, init, libc-bin, login, mount, ncurses-base, ncurses-bin, perl-base, sed, sysvinit-utils, tar, util-linux, libc6-dev, gcc (>= 4:4.9.1), g++ (>= 4:4.9.1), make, dpkg-dev (>= 1.17.11), python-all-dev (>= 2.5.4-1~), debhelper (>= 9), cdbs (>= 0.4.41), zlib1g-dev, autotools-dev, quilt, python-support
dpkg-deb: building package `sbuild-build-depends-clearsilver-dummy' in `/«BUILDDIR»/resolver-_ZsnBa/apt_archive/sbuild-build-depends-clearsilver-dummy.deb'.
OK
Reading package lists...

┌──────────────────────────────────────────────────────────────────────────────┐
│ Install clearsilver build dependencies (apt-based resolver)                  │
└──────────────────────────────────────────────────────────────────────────────┘

Installing build dependencies
Reading package lists...
Building dependency tree...
Reading state information...
The following extra packages will be installed:
  autotools-dev bsdmainutils cdbs debhelper diffstat file gettext gettext-base
  groff-base intltool-debian libasprintf0c2 libcroco3 libexpat1 libexpat1-dev
  libglib2.0-0 libicu52 libmagic1 libpipeline1 libpython-all-dev libpython-dev
  libpython-stdlib libpython2.7 libpython2.7-dev libpython2.7-minimal
  libpython2.7-stdlib libsqlite3-0 libssl1.0.0 libunistring0 libxml2 man-db
  mime-support po-debconf python python-all python-all-dev python-dev
  python-minimal python-support python2.7 python2.7-dev python2.7-minimal
  quilt zlib1g-dev
Suggested packages:
  wamerican wordlist whois vacation devscripts dh-make gettext-doc groff
  www-browser libmail-box-perl python-doc python-tk python2.7-doc
  binfmt-support procmail graphviz default-mta mail-transport-agent
Recommended packages:
  curl wget lynx-cur autopoint libasprintf-dev libgettextpo-dev
  libglib2.0-data shared-mime-info xdg-user-dirs xml-core
  libmail-sendmail-perl
The following NEW packages will be installed:
  autotools-dev bsdmainutils cdbs debhelper diffstat file gettext gettext-base
  groff-base intltool-debian libasprintf0c2 libcroco3 libexpat1 libexpat1-dev
  libglib2.0-0 libicu52 libmagic1 libpipeline1 libpython-all-dev libpython-dev
  libpython-stdlib libpython2.7 libpython2.7-dev libpython2.7-minimal
  libpython2.7-stdlib libsqlite3-0 libssl1.0.0 libunistring0 libxml2 man-db
  mime-support po-debconf python python-all python-all-dev python-dev
  python-minimal python-support python2.7 python2.7-dev python2.7-minimal
  quilt sbuild-build-depends-clearsilver-dummy zlib1g-dev
0 upgraded, 44 newly installed, 0 to remove and 0 not upgraded.
Need to get 42.2 MB/42.2 MB of archives.
After this operation, 114 MB of additional disk space will be used.
Get:1 http://localhost:9999/debian/ unstable/main libpipeline1 amd64 1.4.0-1 [27.9 kB]
Get:2 http://localhost:9999/debian/ unstable/main libssl1.0.0 amd64 1.0.1k-3 [1037 kB]
Get:3 http://localhost:9999/debian/ unstable/main groff-base amd64 1.22.3-1 [1205 kB]
Get:4 http://localhost:9999/debian/ unstable/main bsdmainutils amd64 9.0.6 [183 kB]
Get:5 http://localhost:9999/debian/ unstable/main man-db amd64 2.7.0.2-5 [1000 kB]
Get:6 http://localhost:9999/debian/ unstable/main libasprintf0c2 amd64 0.19.3-2 [31.3 kB]
Get:7 http://localhost:9999/debian/ unstable/main libmagic1 amd64 1:5.22+15-2 [249 kB]
Get:8 http://localhost:9999/debian/ unstable/main libsqlite3-0 amd64 3.8.7.4-1 [439 kB]
Get:9 http://localhost:9999/debian/ unstable/main libicu52 amd64 52.1-8 [6780 kB]
Get:10 http://localhost:9999/debian/ unstable/main libxml2 amd64 2.9.2+dfsg1-3 [934 kB]
Get:11 http://localhost:9999/debian/ unstable/main libpython2.7-minimal amd64 2.7.9-2 [376 kB]
Get:12 http://localhost:9999/debian/ unstable/main python2.7-minimal amd64 2.7.9-2 [1401 kB]
Get:13 http://localhost:9999/debian/ unstable/main python-minimal amd64 2.7.9-1 [40.3 kB]
Get:14 http://localhost:9999/debian/ unstable/main mime-support all 3.58 [36.0 kB]
Get:15 http://localhost:9999/debian/ unstable/main libexpat1 amd64 2.1.0-6+b3 [80.3 kB]
Get:16 http://localhost:9999/debian/ unstable/main libpython2.7-stdlib amd64 2.7.9-2 [1844 kB]
Get:17 http://localhost:9999/debian/ unstable/main python2.7 amd64 2.7.9-2 [251 kB]
Get:18 http://localhost:9999/debian/ unstable/main libpython-stdlib amd64 2.7.9-1 [19.5 kB]
Get:19 http://localhost:9999/debian/ unstable/main python amd64 2.7.9-1 [151 kB]
Get:20 http://localhost:9999/debian/ unstable/main libglib2.0-0 amd64 2.42.1-1 [2401 kB]
Get:21 http://localhost:9999/debian/ unstable/main libcroco3 amd64 0.6.8-3+b1 [135 kB]
Get:22 http://localhost:9999/debian/ unstable/main libpython2.7 amd64 2.7.9-2 [1080 kB]
Get:23 http://localhost:9999/debian/ unstable/main libexpat1-dev amd64 2.1.0-6+b3 [126 kB]
Get:24 http://localhost:9999/debian/ unstable/main libpython2.7-dev amd64 2.7.9-2 [18.6 MB]
Get:25 http://localhost:9999/debian/ unstable/main libunistring0 amd64 0.9.3-5.2+b1 [288 kB]
Get:26 http://localhost:9999/debian/ unstable/main file amd64 1:5.22+15-2 [60.1 kB]
Get:27 http://localhost:9999/debian/ unstable/main gettext-base amd64 0.19.3-2 [121 kB]
Get:28 http://localhost:9999/debian/ unstable/main python-support all 1.0.15 [33.6 kB]
Get:29 http://localhost:9999/debian/ unstable/main autotools-dev all 20140911.1 [70.5 kB]
Get:30 http://localhost:9999/debian/ unstable/main cdbs all 0.4.129 [76.3 kB]
Get:31 http://localhost:9999/debian/ unstable/main gettext amd64 0.19.3-2 [1240 kB]
Get:32 http://localhost:9999/debian/ unstable/main intltool-debian all 0.35.0+20060710.1 [30.8 kB]
Get:33 http://localhost:9999/debian/ unstable/main po-debconf all 1.0.16+nmu3 [220 kB]
Get:34 http://localhost:9999/debian/ unstable/main debhelper all 9.20150101 [813 kB]
Get:35 http://localhost:9999/debian/ unstable/main diffstat amd64 1.58-1 [29.4 kB]
Get:36 http://localhost:9999/debian/ unstable/main libpython-dev amd64 2.7.9-1 [19.6 kB]
Get:37 http://localhost:9999/debian/ unstable/main libpython-all-dev amd64 2.7.9-1 [1008 B]
Get:38 http://localhost:9999/debian/ unstable/main python-all amd64 2.7.9-1 [996 B]
Get:39 http://localhost:9999/debian/ unstable/main python2.7-dev amd64 2.7.9-2 [276 kB]
Get:40 http://localhost:9999/debian/ unstable/main python-dev amd64 2.7.9-1 [1182 B]
Get:41 http://localhost:9999/debian/ unstable/main python-all-dev amd64 2.7.9-1 [1024 B]
Get:42 http://localhost:9999/debian/ unstable/main quilt all 0.63-3 [312 kB]
Get:43 http://localhost:9999/debian/ unstable/main zlib1g-dev amd64 1:1.2.8.dfsg-2+b1 [206 kB]
Extracting templates from packages: 68%Extracting templates from packages: 100%
Preconfiguring packages ...
Fetched 42.2 MB in 1s (33.3 MB/s)
Selecting previously unselected package libpipeline1:amd64.
(Reading database ... (Reading database ... 5%(Reading database ... 10%(Reading database ... 15%(Reading database ... 20%(Reading database ... 25%(Reading database ... 30%(Reading database ... 35%(Reading database ... 40%(Reading database ... 45%(Reading database ... 50%(Reading database ... 55%(Reading database ... 60%(Reading database ... 65%(Reading database ... 70%(Reading database ... 75%(Reading database ... 80%(Reading database ... 85%(Reading database ... 90%(Reading database ... 95%(Reading database ... 100%(Reading database ... 12200 files and directories currently installed.)
Preparing to unpack .../libpipeline1_1.4.0-1_amd64.deb ...
Unpacking libpipeline1:amd64 (1.4.0-1) ...
Selecting previously unselected package libssl1.0.0:amd64.
Preparing to unpack .../libssl1.0.0_1.0.1k-3_amd64.deb ...
Unpacking libssl1.0.0:amd64 (1.0.1k-3) ...
Selecting previously unselected package groff-base.
Preparing to unpack .../groff-base_1.22.3-1_amd64.deb ...
Unpacking groff-base (1.22.3-1) ...
Selecting previously unselected package bsdmainutils.
Preparing to unpack .../bsdmainutils_9.0.6_amd64.deb ...
Unpacking bsdmainutils (9.0.6) ...
Selecting previously unselected package man-db.
Preparing to unpack .../man-db_2.7.0.2-5_amd64.deb ...
Unpacking man-db (2.7.0.2-5) ...
Selecting previously unselected package libasprintf0c2:amd64.
Preparing to unpack .../libasprintf0c2_0.19.3-2_amd64.deb ...
Unpacking libasprintf0c2:amd64 (0.19.3-2) ...
Selecting previously unselected package libmagic1:amd64.
Preparing to unpack .../libmagic1_1%3a5.22+15-2_amd64.deb ...
Unpacking libmagic1:amd64 (1:5.22+15-2) ...
Selecting previously unselected package libsqlite3-0:amd64.
Preparing to unpack .../libsqlite3-0_3.8.7.4-1_amd64.deb ...
Unpacking libsqlite3-0:amd64 (3.8.7.4-1) ...
Selecting previously unselected package libicu52:amd64.
Preparing to unpack .../libicu52_52.1-8_amd64.deb ...
Unpacking libicu52:amd64 (52.1-8) ...
Selecting previously unselected package libxml2:amd64.
Preparing to unpack .../libxml2_2.9.2+dfsg1-3_amd64.deb ...
Unpacking libxml2:amd64 (2.9.2+dfsg1-3) ...
Selecting previously unselected package libpython2.7-minimal:amd64.
Preparing to unpack .../libpython2.7-minimal_2.7.9-2_amd64.deb ...
Unpacking libpython2.7-minimal:amd64 (2.7.9-2) ...
Selecting previously unselected package python2.7-minimal.
Preparing to unpack .../python2.7-minimal_2.7.9-2_amd64.deb ...
Unpacking python2.7-minimal (2.7.9-2) ...
Selecting previously unselected package python-minimal.
Preparing to unpack .../python-minimal_2.7.9-1_amd64.deb ...
Unpacking python-minimal (2.7.9-1) ...
Selecting previously unselected package mime-support.
Preparing to unpack .../mime-support_3.58_all.deb ...
Unpacking mime-support (3.58) ...
Selecting previously unselected package libexpat1:amd64.
Preparing to unpack .../libexpat1_2.1.0-6+b3_amd64.deb ...
Unpacking libexpat1:amd64 (2.1.0-6+b3) ...
Selecting previously unselected package libpython2.7-stdlib:amd64.
Preparing to unpack .../libpython2.7-stdlib_2.7.9-2_amd64.deb ...
Unpacking libpython2.7-stdlib:amd64 (2.7.9-2) ...
Selecting previously unselected package python2.7.
Preparing to unpack .../python2.7_2.7.9-2_amd64.deb ...
Unpacking python2.7 (2.7.9-2) ...
Selecting previously unselected package libpython-stdlib:amd64.
Preparing to unpack .../libpython-stdlib_2.7.9-1_amd64.deb ...
Unpacking libpython-stdlib:amd64 (2.7.9-1) ...
Setting up libpython2.7-minimal:amd64 (2.7.9-2) ...
Setting up python2.7-minimal (2.7.9-2) ...
Setting up python-minimal (2.7.9-1) ...
Selecting previously unselected package python.
(Reading database ... (Reading database ... 5%(Reading database ... 10%(Reading database ... 15%(Reading database ... 20%(Reading database ... 25%(Reading database ... 30%(Reading database ... 35%(Reading database ... 40%(Reading database ... 45%(Reading database ... 50%(Reading database ... 55%(Reading database ... 60%(Reading database ... 65%(Reading database ... 70%(Reading database ... 75%(Reading database ... 80%(Reading database ... 85%(Reading database ... 90%(Reading database ... 95%(Reading database ... 100%(Reading database ... 13615 files and directories currently installed.)
Preparing to unpack .../python_2.7.9-1_amd64.deb ...
Unpacking python (2.7.9-1) ...
Selecting previously unselected package libglib2.0-0:amd64.
Preparing to unpack .../libglib2.0-0_2.42.1-1_amd64.deb ...
Unpacking libglib2.0-0:amd64 (2.42.1-1) ...
Selecting previously unselected package libcroco3:amd64.
Preparing to unpack .../libcroco3_0.6.8-3+b1_amd64.deb ...
Unpacking libcroco3:amd64 (0.6.8-3+b1) ...
Selecting previously unselected package libpython2.7:amd64.
Preparing to unpack .../libpython2.7_2.7.9-2_amd64.deb ...
Unpacking libpython2.7:amd64 (2.7.9-2) ...
Selecting previously unselected package libexpat1-dev:amd64.
Preparing to unpack .../libexpat1-dev_2.1.0-6+b3_amd64.deb ...
Unpacking libexpat1-dev:amd64 (2.1.0-6+b3) ...
Selecting previously unselected package libpython2.7-dev:amd64.
Preparing to unpack .../libpython2.7-dev_2.7.9-2_amd64.deb ...
Unpacking libpython2.7-dev:amd64 (2.7.9-2) ...
Selecting previously unselected package libunistring0:amd64.
Preparing to unpack .../libunistring0_0.9.3-5.2+b1_amd64.deb ...
Unpacking libunistring0:amd64 (0.9.3-5.2+b1) ...
Selecting previously unselected package file.
Preparing to unpack .../file_1%3a5.22+15-2_amd64.deb ...
Unpacking file (1:5.22+15-2) ...
Selecting previously unselected package gettext-base.
Preparing to unpack .../gettext-base_0.19.3-2_amd64.deb ...
Unpacking gettext-base (0.19.3-2) ...
Selecting previously unselected package python-support.
Preparing to unpack .../python-support_1.0.15_all.deb ...
Unpacking python-support (1.0.15) ...
Selecting previously unselected package autotools-dev.
Preparing to unpack .../autotools-dev_20140911.1_all.deb ...
Unpacking autotools-dev (20140911.1) ...
Selecting previously unselected package cdbs.
Preparing to unpack .../archives/cdbs_0.4.129_all.deb ...
Unpacking cdbs (0.4.129) ...
Selecting previously unselected package gettext.
Preparing to unpack .../gettext_0.19.3-2_amd64.deb ...
Unpacking gettext (0.19.3-2) ...
Selecting previously unselected package intltool-debian.
Preparing to unpack .../intltool-debian_0.35.0+20060710.1_all.deb ...
Unpacking intltool-debian (0.35.0+20060710.1) ...
Selecting previously unselected package po-debconf.
Preparing to unpack .../po-debconf_1.0.16+nmu3_all.deb ...
Unpacking po-debconf (1.0.16+nmu3) ...
Selecting previously unselected package debhelper.
Preparing to unpack .../debhelper_9.20150101_all.deb ...
Unpacking debhelper (9.20150101) ...
Selecting previously unselected package diffstat.
Preparing to unpack .../diffstat_1.58-1_amd64.deb ...
Unpacking diffstat (1.58-1) ...
Selecting previously unselected package libpython-dev:amd64.
Preparing to unpack .../libpython-dev_2.7.9-1_amd64.deb ...
Unpacking libpython-dev:amd64 (2.7.9-1) ...
Selecting previously unselected package libpython-all-dev:amd64.
Preparing to unpack .../libpython-all-dev_2.7.9-1_amd64.deb ...
Unpacking libpython-all-dev:amd64 (2.7.9-1) ...
Selecting previously unselected package python-all.
Preparing to unpack .../python-all_2.7.9-1_amd64.deb ...
Unpacking python-all (2.7.9-1) ...
Selecting previously unselected package python2.7-dev.
Preparing to unpack .../python2.7-dev_2.7.9-2_amd64.deb ...
Unpacking python2.7-dev (2.7.9-2) ...
Selecting previously unselected package python-dev.
Preparing to unpack .../python-dev_2.7.9-1_amd64.deb ...
Unpacking python-dev (2.7.9-1) ...
Selecting previously unselected package python-all-dev.
Preparing to unpack .../python-all-dev_2.7.9-1_amd64.deb ...
Unpacking python-all-dev (2.7.9-1) ...
Selecting previously unselected package quilt.
Preparing to unpack .../archives/quilt_0.63-3_all.deb ...
Unpacking quilt (0.63-3) ...
Selecting previously unselected package zlib1g-dev:amd64.
Preparing to unpack .../zlib1g-dev_1%3a1.2.8.dfsg-2+b1_amd64.deb ...
Unpacking zlib1g-dev:amd64 (1:1.2.8.dfsg-2+b1) ...
Selecting previously unselected package sbuild-build-depends-clearsilver-dummy.
Preparing to unpack .../sbuild-build-depends-clearsilver-dummy.deb ...
Unpacking sbuild-build-depends-clearsilver-dummy (0.invalid.0) ...
Setting up libpipeline1:amd64 (1.4.0-1) ...
Setting up libssl1.0.0:amd64 (1.0.1k-3) ...
Setting up groff-base (1.22.3-1) ...
Setting up bsdmainutils (9.0.6) ...
update-alternatives: using /usr/bin/bsd-write to provide /usr/bin/write (write) in auto mode
update-alternatives: using /usr/bin/bsd-from to provide /usr/bin/from (from) in auto mode
Setting up man-db (2.7.0.2-5) ...
Not building database; man-db/auto-update is not 'true'.
Setting up libasprintf0c2:amd64 (0.19.3-2) ...
Setting up libmagic1:amd64 (1:5.22+15-2) ...
Setting up libsqlite3-0:amd64 (3.8.7.4-1) ...
Setting up libicu52:amd64 (52.1-8) ...
Setting up libxml2:amd64 (2.9.2+dfsg1-3) ...
Setting up mime-support (3.58) ...
Setting up libexpat1:amd64 (2.1.0-6+b3) ...
Setting up libpython2.7-stdlib:amd64 (2.7.9-2) ...
Setting up python2.7 (2.7.9-2) ...
Setting up libpython-stdlib:amd64 (2.7.9-1) ...
Setting up python (2.7.9-1) ...
Setting up libglib2.0-0:amd64 (2.42.1-1) ...
No schema files found: doing nothing.
Setting up libcroco3:amd64 (0.6.8-3+b1) ...
Setting up libpython2.7:amd64 (2.7.9-2) ...
Setting up libexpat1-dev:amd64 (2.1.0-6+b3) ...
Setting up libpython2.7-dev:amd64 (2.7.9-2) ...
Setting up libunistring0:amd64 (0.9.3-5.2+b1) ...
Setting up file (1:5.22+15-2) ...
Setting up gettext-base (0.19.3-2) ...
Setting up python-support (1.0.15) ...
Setting up autotools-dev (20140911.1) ...
Setting up cdbs (0.4.129) ...
Setting up gettext (0.19.3-2) ...
Setting up intltool-debian (0.35.0+20060710.1) ...
Setting up po-debconf (1.0.16+nmu3) ...
Setting up debhelper (9.20150101) ...
Setting up diffstat (1.58-1) ...
Setting up libpython-dev:amd64 (2.7.9-1) ...
Setting up libpython-all-dev:amd64 (2.7.9-1) ...
Setting up python-all (2.7.9-1) ...
Setting up python2.7-dev (2.7.9-2) ...
Setting up python-dev (2.7.9-1) ...
Setting up python-all-dev (2.7.9-1) ...
Setting up quilt (0.63-3) ...
Setting up zlib1g-dev:amd64 (1:1.2.8.dfsg-2+b1) ...
Setting up sbuild-build-depends-clearsilver-dummy (0.invalid.0) ...
Processing triggers for libc-bin (2.19-17) ...

┌──────────────────────────────────────────────────────────────────────────────┐
│ Build environment                                                            │
└──────────────────────────────────────────────────────────────────────────────┘

Kernel: Linux 3.2.0-4-amd64 amd64 (x86_64)
Toolchain package versions: binutils_2.25-5 dpkg-dev_1.17.24 g++-4.9_4.9.2-10 gcc-4.9_4.9.2-10 libc6-dev_2.19-17 libstdc++-4.9-dev_4.9.2-10 libstdc++6_4.9.2-10 linux-libc-dev_3.16.7-ckt7-1
Package versions: acl_2.2.52-2 adduser_3.113+nmu3 apt_1.0.9.7 apt-utils_1.0.9.7 autotools-dev_20140911.1 base-files_8 base-passwd_3.5.37 bash_4.3-12 binutils_2.25-5 bsdmainutils_9.0.6 bsdutils_1:2.25.2-5 build-essential_11.7 bzip2_1.0.6-7+b2 cdbs_0.4.129 clang-3.6_1:3.6-2 coreutils_8.23-4 cpp_4:4.9.2-2 cpp-4.9_4.9.2-10 dash_0.5.7-4+b1 debconf_1.5.56 debfoster_2.7-2 debhelper_9.20150101 debian-archive-keyring_2014.3 debianutils_4.4+b1 diffstat_1.58-1 diffutils_1:3.3-1+b1 dmsetup_2:1.02.90-2.1 dpkg_1.17.24 dpkg-dev_1.17.24 e2fslibs_1.42.12-1.1 e2fsprogs_1.42.12-1.1 fakeroot_1.20.2-1 file_1:5.22+15-2 findutils_4.4.2-9+b1 g++_4:4.9.2-2 g++-4.9_4.9.2-10 gcc_4:4.9.2-2 gcc-4.9_4.9.2-10 gcc-4.9-base_4.9.2-10 gettext_0.19.3-2 gettext-base_0.19.3-2 gnupg_1.4.18-7 gpgv_1.4.18-7 grep_2.20-4.1 groff-base_1.22.3-1 gzip_1.6-4 hostname_3.15 init_1.22 initscripts_2.88dsf-58 insserv_1.14.0-5 intltool-debian_0.35.0+20060710.1 less_458-3 libacl1_2.2.52-2 libapt-inst1.5_1.0.9.7 libapt-pkg4.12_1.0.9.7 libasan1_4.9.2-10 libasprintf0c2_0.19.3-2 libatomic1_4.9.2-10 libattr1_1:2.4.47-2 libaudit-common_1:2.4-1 libaudit1_1:2.4-1+b1 libblkid1_2.25.2-5 libbsd0_0.7.0-2 libbz2-1.0_1.0.6-7+b2 libc-bin_2.19-17 libc-dev-bin_2.19-17 libc6_2.19-17 libc6-dev_2.19-17 libcap2_1:2.24-7 libcap2-bin_1:2.24-7 libcilkrts5_4.9.2-10 libclang-common-3.6-dev_1:3.6-2 libclang1-3.6_1:3.6-2 libcloog-isl4_0.18.2-1+b2 libcomerr2_1.42.12-1.1 libcroco3_0.6.8-3+b1 libcryptsetup4_2:1.6.6-5 libdb5.3_5.3.28-9 libdebconfclient0_0.192 libdevmapper1.02.1_2:1.02.90-2.1 libdpkg-perl_1.17.24 libedit2_3.1-20140620-2 libexpat1_2.1.0-6+b3 libexpat1-dev_2.1.0-6+b3 libfakeroot_1.20.2-1 libffi6_3.1-2+b2 libgc1c2_1:7.2d-6.4 libgcc-4.9-dev_4.9.2-10 libgcc1_1:4.9.2-10 libgcrypt20_1.6.3-2 libgdbm3_1.8.3-13.1 libglib2.0-0_2.42.1-1 libgmp10_2:6.0.0+dfsg-6 libgomp1_4.9.2-10 libgpg-error0_1.17-3 libicu52_52.1-8 libisl10_0.12.2-2 libitm1_4.9.2-10 libkmod2_20-1 libllvm3.6_1:3.6-2 liblsan0_4.9.2-10 liblzma5_5.1.1alpha+20120614-2+b3 libmagic1_1:5.22+15-2 libmount1_2.25.2-5 libmpc3_1.0.3-1 libmpfr4_3.1.2-3 libncurses5_5.9+20140913-1+b1 libncursesw5_5.9+20140913-1+b1 libobjc-4.9-dev_4.9.2-10 libobjc4_4.9.2-10 libpam-modules_1.1.8-3.1 libpam-modules-bin_1.1.8-3.1 libpam-runtime_1.1.8-3.1 libpam0g_1.1.8-3.1 libpcre3_2:8.35-3.3 libpipeline1_1.4.0-1 libprocps3_2:3.3.9-9 libpython-all-dev_2.7.9-1 libpython-dev_2.7.9-1 libpython-stdlib_2.7.9-1 libpython2.7_2.7.9-2 libpython2.7-dev_2.7.9-2 libpython2.7-minimal_2.7.9-2 libpython2.7-stdlib_2.7.9-2 libquadmath0_4.9.2-10 libreadline6_6.3-8+b3 libselinux1_2.3-2 libsemanage-common_2.3-1 libsemanage1_2.3-1+b1 libsepol1_2.3-2 libslang2_2.3.0-2 libsmartcols1_2.25.2-5 libsqlite3-0_3.8.7.4-1 libss2_1.42.12-1.1 libssl1.0.0_1.0.1k-3 libstdc++-4.9-dev_4.9.2-10 libstdc++6_4.9.2-10 libsystemd0_215-12 libtimedate-perl_2.3000-2 libtinfo5_5.9+20140913-1+b1 libtsan0_4.9.2-10 libubsan0_4.9.2-10 libudev1_215-12 libunistring0_0.9.3-5.2+b1 libusb-0.1-4_2:0.1.12-25 libustr-1.0-1_1.0.4-3+b2 libuuid1_2.25.2-5 libxml2_2.9.2+dfsg1-3 linux-libc-dev_3.16.7-ckt7-1 login_1:4.2-3 lsb-base_4.1+Debian13+nmu1 make_4.0-8.1 man-db_2.7.0.2-5 mawk_1.3.3-17 mime-support_3.58 mount_2.25.2-5 multiarch-support_2.19-17 ncurses-base_5.9+20140913-1 ncurses-bin_5.9+20140913-1+b1 nvi_1.81.6-11+b1 passwd_1:4.2-3 patch_2.7.5-1 perl_5.20.2-2 perl-base_5.20.2-2 perl-modules_5.20.2-2 po-debconf_1.0.16+nmu3 procps_2:3.3.9-9 python_2.7.9-1 python-all_2.7.9-1 python-all-dev_2.7.9-1 python-dev_2.7.9-1 python-minimal_2.7.9-1 python-support_1.0.15 python2.7_2.7.9-2 python2.7-dev_2.7.9-2 python2.7-minimal_2.7.9-2 quilt_0.63-3 readline-common_6.3-8 sbuild-build-depends-clearsilver-dummy_0.invalid.0 sbuild-build-depends-core-dummy_0.invalid.0 sed_4.2.2-4+b1 sensible-utils_0.0.9 startpar_0.59-3 sudo_1.8.12-1 systemd_215-12 systemd-sysv_215-12 sysv-rc_2.88dsf-58 sysvinit-utils_2.88dsf-58 tar_1.27.1-2+b1 tzdata_2015b-1 udev_215-12 util-linux_2.25.2-5 xz-utils_5.1.1alpha+20120614-2+b3 zlib1g_1:1.2.8.dfsg-2+b1 zlib1g-dev_1:1.2.8.dfsg-2+b1

┌──────────────────────────────────────────────────────────────────────────────┐
│ Build                                                                        │
└──────────────────────────────────────────────────────────────────────────────┘


Unpack source
─────────────

gpgv: keyblock resource `/sbuild-nonexistent/.gnupg/trustedkeys.gpg': file open error
gpgv: Signature made Sat Aug  2 15:52:08 2014 UTC using RSA key ID 8649AA06
gpgv: Can't check signature: public key not found
dpkg-source: warning: failed to verify signature on ./clearsilver_0.10.5-1.4.dsc
dpkg-source: info: extracting clearsilver in clearsilver-0.10.5
dpkg-source: info: unpacking clearsilver_0.10.5.orig.tar.gz
dpkg-source: info: unpacking clearsilver_0.10.5-1.4.debian.tar.xz
dpkg-source: info: applying perl_installdir.diff
dpkg-source: info: applying man_fixes.diff
dpkg-source: info: applying fix_64bit_crc_test.diff
dpkg-source: info: applying CVE-2011-4357.diff

Check disc space
────────────────

Sufficient free space for build

User Environment
────────────────

DEB_BUILD_OPTIONS=parallel=10
HOME=/sbuild-nonexistent
LOGNAME=user
PATH=/usr/local/sbin:/usr/local/bin:/usr/sbin:/usr/bin:/sbin:/bin:/usr/games
SCHROOT_ALIAS_NAME=unstable-amd64-sbuild
SCHROOT_CHROOT_NAME=unstable-amd64-sbuild
SCHROOT_COMMAND=env
SCHROOT_GID=1001
SCHROOT_GROUP=user
SCHROOT_SESSION_ID=unstable-amd64-sbuild-82ed4469-9416-478c-bc21-289947142f4c
SCHROOT_UID=1001
SCHROOT_USER=user
SHELL=/bin/sh
USER=user

dpkg-buildpackage
─────────────────

dpkg-buildpackage: source package clearsilver
dpkg-buildpackage: source version 0.10.5-1.4
dpkg-buildpackage: source distribution unstable
dpkg-buildpackage: source changed by gregor herrmann <gregoa@debian.org>
 dpkg-source --before-build clearsilver-0.10.5
dpkg-buildpackage: host architecture amd64
 fakeroot debian/rules clean
test -x debian/rules
rm -f debian/stamp-makefile-build debian/stamp-makefile-install
/usr/bin/make  -C .  -k distclean
Makefile:10: rules.mk: No such file or directory
make[1]: Entering directory '/«PKGBUILDDIR»'
./configure
checking for gcc... gcc
checking for C compiler default output file name... a.out
checking whether the C compiler works... yes
checking whether we are cross compiling... no
checking for suffix of executables... 
checking for suffix of object files... o
checking whether we are using the GNU C compiler... yes
checking whether gcc accepts -g... yes
checking for gcc option to accept ANSI C... none needed
checking how to run the C preprocessor... gcc -E
checking whether ln -s works... yes
checking for ar... ar
checking for ranlib... ranlib
checking whether make sets $(MAKE)... yes
checking for a BSD-compatible install... /usr/bin/install -c
checking for Neotonic Paths... not found
checking for dirent.h that defines DIR... yes
checking for library containing opendir... none required
checking for egrep... grep -E
checking for ANSI C header files... yes
checking for sys/wait.h that is POSIX.1 compatible... yes
checking for sys/types.h... yes
checking for sys/stat.h... yes
checking for stdlib.h... yes
checking for string.h... yes
checking for memory.h... yes
checking for strings.h... yes
checking for inttypes.h... yes
checking for stdint.h... yes
checking for unistd.h... yes
checking fcntl.h usability... yes
checking fcntl.h presence... yes
checking for fcntl.h... yes
checking stdarg.h usability... yes
checking stdarg.h presence... yes
checking for stdarg.h... yes
checking varargs.h usability... no
checking varargs.h presence... no
checking for varargs.h... no
checking limits.h usability... yes
checking limits.h presence... yes
checking for limits.h... yes
checking for strings.h... (cached) yes
checking sys/ioctl.h usability... yes
checking sys/ioctl.h presence... yes
checking for sys/ioctl.h... yes
checking sys/time.h usability... yes
checking sys/time.h presence... yes
checking for sys/time.h... yes
checking for unistd.h... (cached) yes
checking features.h usability... yes
checking features.h presence... yes
checking for features.h... yes
checking for an ANSI C-conforming const... yes
checking for mode_t... yes
checking for off_t... yes
checking for pid_t... yes
checking for size_t... yes
checking whether time.h and sys/time.h may both be included... yes
checking whether struct tm is in sys/time.h or time.h... time.h
checking for struct tm.tm_zone... yes
checking return type of signal handlers... void
checking for strftime... yes
checking for vprintf... yes
checking for _doprnt... no
checking for wait3 that fills in rusage... yes
checking for gettimeofday... yes
checking for mktime... yes
checking for putenv... yes
checking for strerror... yes
checking for strspn... yes
checking for strtod... yes
checking for strtol... yes
checking for strtoul... yes
checking for random... yes
checking for rand... yes
checking for drand48... yes
checking for lockf... yes
checking pthread.h usability... yes
checking pthread.h presence... yes
checking for pthread.h... yes
checking build system type... x86_64-unknown-linux-gnu
checking host system type... x86_64-unknown-linux-gnu
checking for snprintf... yes
checking for vsnprintf... yes
checking for localtime_r... yes
checking whether localtime_r is declared... yes
checking for gmtime_r... yes
checking whether gmtime_r is declared... yes
checking for strtok_r... yes
checking whether strtok_r is declared... yes
checking for mkstemp... yes
checking for regexec... yes
checking for deflate in -lz... yes
checking for apache apxs... not found
checking for python includes... not found
checking for perl >= 5.006... found /usr/bin/perl
checking for ruby... not found
checking for j2sdk path... not found
checking for csharp path... not found
configure: creating ./config.status
config.status: creating rules.mk
config.status: creating cs_config.h
make[2]: Entering directory '/«PKGBUILDDIR»/util'
rm -f Makefile.depends ../libs/libneo_utl.a *.o
make[2]: Leaving directory '/«PKGBUILDDIR»/util'
make[2]: Entering directory '/«PKGBUILDDIR»/cs'
rm -f Makefile.depends ../libs/libneo_cs.a cstest cs test core *.o *.out
make[2]: Leaving directory '/«PKGBUILDDIR»/cs'
make[2]: Entering directory '/«PKGBUILDDIR»/cgi'
rm -f Makefile.depends ../libs/libneo_cgi.a cs_static.cgi cs_static.cso cgi_cstest *.o
make[2]: Leaving directory '/«PKGBUILDDIR»/cgi'
make[2]: *** No rule to make target 'distclean'.
make[2]: Entering directory '/«PKGBUILDDIR»/perl'
make[2]: Leaving directory '/«PKGBUILDDIR»/perl'
make[1]: [distclean] Error 2 (ignored)
Makefile:98: recipe for target 'distclean' failed
rm -f config.cache config.log config.status rules.mk cs_config.h
rm -rf autom4te.cache
make[1]: Leaving directory '/«PKGBUILDDIR»'
rm -f debian/stamp-autotools
rmdir --ignore-fail-on-non-empty .
rmdir: failed to remove '.': Invalid argument
make: [makefile-clean] Error 1 (ignored)
/usr/share/cdbs/1/class/autotools.mk:52: recipe for target 'makefile-clean' failed
for i in ./config.guess ./config.sub  ; do \
	if test -e $i.cdbs-orig ; then \
		mv $i.cdbs-orig $i ; \
	fi ; \
done
dh_clean 
rm -f debian/stamp-autotools-files
/usr/bin/make -f debian/rules reverse-config
make[1]: Entering directory '/«PKGBUILDDIR»'
for i in ./config.guess ./config.sub  ; do \
	if test -e $i.cdbs-orig ; then \
		mv $i.cdbs-orig $i ; \
	fi ; \
done
make[1]: Leaving directory '/«PKGBUILDDIR»'
if [ -d "." ]; then \
  cd . && QUILT_PATCHES=/«PKGBUILDDIR»/debian/patches quilt --quiltrc /dev/null pop -a -R || test $? = 2 ; \
fi
Removing patch CVE-2011-4357.diff
Restoring python/neo_cgi.c

Removing patch fix_64bit_crc_test.diff
Restoring cs/csparse.c

Removing patch man_fixes.diff
Restoring man/man3/wdb_keys.3
Restoring man/man3/nerr_register.3
Restoring man/man3/nerr_pass_ctx.3
Restoring man/man3/nerr_pass.3
Restoring man/man3/nerr_match.3
Restoring man/man3/nerr_log_error.3
Restoring man/man3/nerr_init.3
Restoring man/man3/nerr_ignore.3
Restoring man/man3/nerr_handle.3
Restoring man/man3/nerr_error_traceback.3
Restoring man/man3/nerr_error_string.3
Restoring man/man3/hdf_set_copy.3
Restoring man/man3/hdf_get_valuef.3

Removing patch perl_installdir.diff
Restoring Makefile

No patches applied
rm -rf ./.pc
rm -f debian/stamp-patch*
 debian/rules build-arch
test -x debian/rules
mkdir -p "."
/usr/bin/make -f debian/rules reverse-config
make[1]: Entering directory '/«PKGBUILDDIR»'
for i in ./config.guess ./config.sub  ; do \
	if test -e $i.cdbs-orig ; then \
		mv $i.cdbs-orig $i ; \
	fi ; \
done
make[1]: Leaving directory '/«PKGBUILDDIR»'
cd . && QUILT_PATCHES=/«PKGBUILDDIR»/debian/patches quilt --quiltrc /dev/null push -a || test $? = 2
Applying patch perl_installdir.diff
patching file Makefile

Applying patch man_fixes.diff
patching file man/man3/hdf_get_valuef.3
patching file man/man3/hdf_set_copy.3
patching file man/man3/nerr_error_string.3
patching file man/man3/nerr_error_traceback.3
patching file man/man3/nerr_handle.3
patching file man/man3/nerr_ignore.3
patching file man/man3/nerr_init.3
patching file man/man3/nerr_log_error.3
patching file man/man3/nerr_match.3
patching file man/man3/nerr_pass.3
patching file man/man3/nerr_pass_ctx.3
patching file man/man3/nerr_register.3
patching file man/man3/wdb_keys.3

Applying patch fix_64bit_crc_test.diff
patching file cs/csparse.c

Applying patch CVE-2011-4357.diff
patching file python/neo_cgi.c

Now at patch CVE-2011-4357.diff
touch debian/stamp-patched
/usr/bin/make -f debian/rules update-config
make[1]: Entering directory '/«PKGBUILDDIR»'
if test -e /usr/share/misc/config.guess ; then \
	for i in ./config.guess ; do \
		if ! test -e $i.cdbs-orig ; then \
			mv $i $i.cdbs-orig ; \
			cp --remove-destination /usr/share/misc/config.guess $i ; \
		fi ; \
	done ; \
fi
if test -e /usr/share/misc/config.sub ; then \
	for i in ./config.sub ; do \
		if ! test -e $i.cdbs-orig ; then \
			mv $i $i.cdbs-orig ; \
			cp --remove-destination /usr/share/misc/config.sub $i ; \
		fi ; \
	done ; \
fi
make[1]: Leaving directory '/«PKGBUILDDIR»'
if test -e /usr/share/misc/config.guess ; then \
	for i in ./config.guess ; do \
		if ! test -e $i.cdbs-orig ; then \
			mv $i $i.cdbs-orig ; \
			cp --remove-destination /usr/share/misc/config.guess $i ; \
		fi ; \
	done ; \
fi
if test -e /usr/share/misc/config.sub ; then \
	for i in ./config.sub ; do \
		if ! test -e $i.cdbs-orig ; then \
			mv $i $i.cdbs-orig ; \
			cp --remove-destination /usr/share/misc/config.sub $i ; \
		fi ; \
	done ; \
fi
touch debian/stamp-autotools-files
chmod a+x /«PKGBUILDDIR»/./configure
mkdir -p .
cd . &&   CFLAGS="-g -O2 -fstack-protector-strong -Wformat -Werror=format-security -Wall -fPIC" CXXFLAGS="-g -O2 -fstack-protector-strong -Wformat -Werror=format-security -Wall" CPPFLAGS="-D_FORTIFY_SOURCE=2" LDFLAGS="-Wl,-z,relro" /«PKGBUILDDIR»/./configure --build=x86_64-linux-gnu  --prefix=/usr --includedir="\${prefix}/include" --mandir="\${prefix}/share/man" --infodir="\${prefix}/share/info" --sysconfdir=/etc --localstatedir=/var --libexecdir="\${prefix}/lib/clearsilver" --srcdir=. --disable-maintainer-mode --disable-dependency-tracking --disable-silent-rules   --enable-python --with-perl=/usr/bin/perl --disable-ruby --disable-csharp --disable-apache --enable-gettext 
checking for gcc... gcc
checking for C compiler default output file name... a.out
checking whether the C compiler works... yes
checking whether we are cross compiling... no
checking for suffix of executables... 
checking for suffix of object files... o
checking whether we are using the GNU C compiler... yes
checking whether gcc accepts -g... yes
checking for gcc option to accept ANSI C... none needed
checking how to run the C preprocessor... gcc -E
checking whether ln -s works... yes
checking for ar... ar
checking for ranlib... ranlib
checking whether make sets $(MAKE)... yes
checking for a BSD-compatible install... /usr/bin/install -c
checking for Neotonic Paths... not found
checking for dirent.h that defines DIR... yes
checking for library containing opendir... none required
checking for egrep... grep -E
checking for ANSI C header files... yes
checking for sys/wait.h that is POSIX.1 compatible... yes
checking for sys/types.h... yes
checking for sys/stat.h... yes
checking for stdlib.h... yes
checking for string.h... yes
checking for memory.h... yes
checking for strings.h... yes
checking for inttypes.h... yes
checking for stdint.h... yes
checking for unistd.h... yes
checking fcntl.h usability... yes
checking fcntl.h presence... yes
checking for fcntl.h... yes
checking stdarg.h usability... yes
checking stdarg.h presence... yes
checking for stdarg.h... yes
checking varargs.h usability... no
checking varargs.h presence... no
checking for varargs.h... no
checking limits.h usability... yes
checking limits.h presence... yes
checking for limits.h... yes
checking for strings.h... (cached) yes
checking sys/ioctl.h usability... yes
checking sys/ioctl.h presence... yes
checking for sys/ioctl.h... yes
checking sys/time.h usability... yes
checking sys/time.h presence... yes
checking for sys/time.h... yes
checking for unistd.h... (cached) yes
checking features.h usability... yes
checking features.h presence... yes
checking for features.h... yes
checking for an ANSI C-conforming const... yes
checking for mode_t... yes
checking for off_t... yes
checking for pid_t... yes
checking for size_t... yes
checking whether time.h and sys/time.h may both be included... yes
checking whether struct tm is in sys/time.h or time.h... time.h
checking for struct tm.tm_zone... yes
checking return type of signal handlers... void
checking for strftime... yes
checking for vprintf... yes
checking for _doprnt... no
checking for wait3 that fills in rusage... yes
checking for gettimeofday... yes
checking for mktime... yes
checking for putenv... yes
checking for strerror... yes
checking for strspn... yes
checking for strtod... yes
checking for strtol... yes
checking for strtoul... yes
checking for random... yes
checking for rand... yes
checking for drand48... yes
Disabling wdb code
checking for lockf... yes
checking pthread.h usability... yes
checking pthread.h presence... yes
checking for pthread.h... yes
checking build system type... x86_64-pc-linux-gnu
checking host system type... x86_64-pc-linux-gnu
checking for snprintf... yes
checking for vsnprintf... yes
checking for localtime_r... yes
checking whether localtime_r is declared... yes
checking for gmtime_r... yes
checking whether gmtime_r is declared... yes
checking for strtok_r... yes
checking whether strtok_r is declared... yes
checking for mkstemp... yes
checking for regexec... yes
checking for deflate in -lz... yes
Disabling Apache 1.3.x Module
checking for python includes... not found
checking for perl >= 5.006... found /usr/bin/perl
Disabling ruby module
checking for j2sdk path... not found
Disabling csharp module
checking for gettext... yes
checking libintl.h usability... yes
checking libintl.h presence... yes
checking for libintl.h... yes
Enabling gettext message translation
configure: creating ./config.status
config.status: creating rules.mk
config.status: creating cs_config.h
touch debian/stamp-autotools
/usr/bin/make  -C .  
make[1]: Entering directory '/«PKGBUILDDIR»'
*******************************************
** Building Dependencies 
** OSNAME: Linux
** (done) 
make[2]: Entering directory '/«PKGBUILDDIR»/util'
*******************************************
** Building Dependencies 
** OSNAME: Linux
** (done) 
make[2]: Leaving directory '/«PKGBUILDDIR»/util'
make[2]: Entering directory '/«PKGBUILDDIR»/cs'
*******************************************
** Building Dependencies 
** OSNAME: Linux
** (done) 
make[2]: Leaving directory '/«PKGBUILDDIR»/cs'
make[2]: Entering directory '/«PKGBUILDDIR»/cgi'
*******************************************
** Building Dependencies 
** OSNAME: Linux
** (done) 
make[2]: Leaving directory '/«PKGBUILDDIR»/cgi'
make[2]: Entering directory '/«PKGBUILDDIR»/util'
gcc -g -O2 -fstack-protector-strong -Wformat -Werror=format-security -Wall -fPIC -Wall -I.. -D_FORTIFY_SOURCE=2 -fPIC -o neo_err.o -c neo_err.c
gcc -g -O2 -fstack-protector-strong -Wformat -Werror=format-security -Wall -fPIC -Wall -I.. -D_FORTIFY_SOURCE=2 -fPIC -o neo_files.o -c neo_files.c
neo_files.c:219:12: error: expected expression
    return nerr_raise(NERR_ASSERT, "Invalid call to ne_listdir_fmatch");
           ^
../util/neo_err.h:88:69: note: expanded from macro 'nerr_raise'
   nerr_raisef(__PRETTY_FUNCTION__,__FILE__,__LINE__,e,f,__VA_ARGS__)
                                                                    ^
1 error generated.
make[2]: *** [neo_files.o] Error 1
../rules.mk:145: recipe for target 'neo_files.o' failed
make[2]: Leaving directory '/«PKGBUILDDIR»/util'
make[2]: Entering directory '/«PKGBUILDDIR»/cs'
gcc -g -O2 -fstack-protector-strong -Wformat -Werror=format-security -Wall -fPIC -Wall -I.. -D_FORTIFY_SOURCE=2 -fPIC -o csparse.o -c csparse.c
csparse.c:265:12: error: expected expression
    return nerr_raise (NERR_NOMEM, "Unable to allocate memory for node");
           ^
../util/neo_err.h:88:69: note: expanded from macro 'nerr_raise'
   nerr_raisef(__PRETTY_FUNCTION__,__FILE__,__LINE__,e,f,__VA_ARGS__)
                                                                    ^
csparse.c:378:12: error: expected expression
    return nerr_raise (NERR_NOMEM,
           ^
../util/neo_err.h:88:69: note: expanded from macro 'nerr_raise'
   nerr_raisef(__PRETTY_FUNCTION__,__FILE__,__LINE__,e,f,__VA_ARGS__)
                                                                    ^
csparse.c:409:12: error: expected expression
    return nerr_raise (NERR_ASSERT, "path is NULL");
           ^
../util/neo_err.h:88:69: note: expanded from macro 'nerr_raise'
   nerr_raisef(__PRETTY_FUNCTION__,__FILE__,__LINE__,e,f,__VA_ARGS__)
                                                                    ^
csparse.c:794:22: error: expected expression
              return nerr_raise(NERR_NOMEM, "Unable to allocate memory to create mapped name");
                     ^
../util/neo_err.h:88:69: note: expanded from macro 'nerr_raise'
   nerr_raisef(__PRETTY_FUNCTION__,__FILE__,__LINE__,e,f,__VA_ARGS__)
                                                                    ^
csparse.c:817:13: error: expected expression
            return nerr_raise(NERR_NOMEM,
                   ^
../util/neo_err.h:88:69: note: expanded from macro 'nerr_raise'
   nerr_raisef(__PRETTY_FUNCTION__,__FILE__,__LINE__,e,f,__VA_ARGS__)
                                                                    ^
csparse.c:1193:25: warning: comparison of unsigned expression >= 0 is always true [-Wtautological-compare]
      if (tokens[0].len >= 0)
          ~~~~~~~~~~~~~ ^  ~
csparse.c:1396:23: warning: comparison of unsigned expression >= 0 is always true [-Wtautological-compare]
    if (tokens[0].len >= 0)
        ~~~~~~~~~~~~~ ^  ~
csparse.c:2123:12: error: expected expression
    return nerr_raise (NERR_ASSERT, "expr is NULL");
           ^
../util/neo_err.h:88:69: note: expanded from macro 'nerr_raise'
   nerr_raisef(__PRETTY_FUNCTION__,__FILE__,__LINE__,e,f,__VA_ARGS__)
                                                                    ^
csparse.c:2125:12: error: expected expression
    return nerr_raise (NERR_ASSERT, "result is NULL");
           ^
../util/neo_err.h:88:69: note: expanded from macro 'nerr_raise'
   nerr_raisef(__PRETTY_FUNCTION__,__FILE__,__LINE__,e,f,__VA_ARGS__)
                                                                    ^
csparse.c:2203:18: error: expected expression
          return nerr_raise(NERR_ASSERT, "LPAREN should be handled above");
                 ^
../util/neo_err.h:88:69: note: expanded from macro 'nerr_raise'
   nerr_raisef(__PRETTY_FUNCTION__,__FILE__,__LINE__,e,f,__VA_ARGS__)
                                                                    ^
csparse.c:2424:11: error: expected expression
          return nerr_raise(NERR_NOMEM, "Unable to allocate memory for lvar_eval");
                 ^
../util/neo_err.h:88:69: note: expanded from macro 'nerr_raise'
   nerr_raisef(__PRETTY_FUNCTION__,__FILE__,__LINE__,e,f,__VA_ARGS__)
                                                                    ^
csparse.c:3445:28: error: expected expression
  if (carg == NULL) return nerr_raise (NERR_ASSERT, "No arguments in loop eval?");
                           ^
../util/neo_err.h:88:69: note: expanded from macro 'nerr_raise'
   nerr_raisef(__PRETTY_FUNCTION__,__FILE__,__LINE__,e,f,__VA_ARGS__)
                                                                    ^
csparse.c:3535:12: error: expected expression
    return nerr_raise (NERR_ASSERT, "No parse tree exists");
           ^
../util/neo_err.h:88:69: note: expanded from macro 'nerr_raise'
   nerr_raisef(__PRETTY_FUNCTION__,__FILE__,__LINE__,e,f,__VA_ARGS__)
                                                                    ^
csparse.c:3608:10: error: expected expression
          err = nerr_raise(NERR_ASSERT,
                ^
../util/neo_err.h:88:69: note: expanded from macro 'nerr_raise'
   nerr_raisef(__PRETTY_FUNCTION__,__FILE__,__LINE__,e,f,__VA_ARGS__)
                                                                    ^
csparse.c:3618:10: error: expected expression
          err = nerr_raise(NERR_ASSERT,
                ^
../util/neo_err.h:88:69: note: expanded from macro 'nerr_raise'
   nerr_raisef(__PRETTY_FUNCTION__,__FILE__,__LINE__,e,f,__VA_ARGS__)
                                                                    ^
csparse.c:3941:12: error: expected expression
    return nerr_raise(NERR_NOMEM, "Unable to allocate memory for string slice");
           ^
../util/neo_err.h:88:69: note: expanded from macro 'nerr_raise'
   nerr_raisef(__PRETTY_FUNCTION__,__FILE__,__LINE__,e,f,__VA_ARGS__)
                                                                    ^
csparse.c:4055:12: error: expected expression
    return nerr_raise (NERR_NOMEM, "Unable to allocate memory for CSPARSE");
           ^
../util/neo_err.h:88:69: note: expanded from macro 'nerr_raise'
   nerr_raisef(__PRETTY_FUNCTION__,__FILE__,__LINE__,e,f,__VA_ARGS__)
                                                                    ^
csparse.c:4082:12: error: expected expression
    return nerr_raise (NERR_NOMEM,
           ^
../util/neo_err.h:88:69: note: expanded from macro 'nerr_raise'
   nerr_raisef(__PRETTY_FUNCTION__,__FILE__,__LINE__,e,f,__VA_ARGS__)
                                                                    ^
csparse.c:4328:12: error: expected expression
    return nerr_raise (NERR_ASSERT, "No parse tree exists");
           ^
../util/neo_err.h:88:69: note: expanded from macro 'nerr_raise'
   nerr_raisef(__PRETTY_FUNCTION__,__FILE__,__LINE__,e,f,__VA_ARGS__)
                                                                    ^
2 warnings and 17 errors generated.
make[2]: *** [csparse.o] Error 1
../rules.mk:145: recipe for target 'csparse.o' failed
make[2]: Leaving directory '/«PKGBUILDDIR»/cs'
make[2]: Entering directory '/«PKGBUILDDIR»/cgi'
gcc -g -O2 -fstack-protector-strong -Wformat -Werror=format-security -Wall -fPIC -Wall -I.. -D_FORTIFY_SOURCE=2 -fPIC -o cgiwrap.o -c cgiwrap.c
gcc -g -O2 -fstack-protector-strong -Wformat -Werror=format-security -Wall -fPIC -Wall -I.. -D_FORTIFY_SOURCE=2 -fPIC -o cgi.o -c cgi.c
cgi.c:588:12: error: expected expression
    return nerr_raise(NERR_ASSERT, "method and type must not be NULL to register cb");
           ^
../util/neo_err.h:88:69: note: expanded from macro 'nerr_raise'
   nerr_raisef(__PRETTY_FUNCTION__,__FILE__,__LINE__,e,f,__VA_ARGS__)
                                                                    ^
cgi.c:592:12: error: expected expression
    return nerr_raise(NERR_NOMEM, "Unable to allocate memory to register parse cb");
           ^
../util/neo_err.h:88:69: note: expanded from macro 'nerr_raise'
   nerr_raisef(__PRETTY_FUNCTION__,__FILE__,__LINE__,e,f,__VA_ARGS__)
                                                                    ^
cgi.c:603:12: error: expected expression
    return nerr_raise(NERR_NOMEM, "Unable to allocate memory to register parse cb");
           ^
../util/neo_err.h:88:69: note: expanded from macro 'nerr_raise'
   nerr_raisef(__PRETTY_FUNCTION__,__FILE__,__LINE__,e,f,__VA_ARGS__)
                                                                    ^
cgi.c:756:12: error: expected expression
    return nerr_raise(NERR_NOMEM, "Unable to allocate space for CGI");
           ^
../util/neo_err.h:88:69: note: expanded from macro 'nerr_raise'
   nerr_raisef(__PRETTY_FUNCTION__,__FILE__,__LINE__,e,f,__VA_ARGS__)
                                                                    ^
4 errors generated.
make[2]: *** [cgi.o] Error 1
../rules.mk:145: recipe for target 'cgi.o' failed
make[2]: Leaving directory '/«PKGBUILDDIR»/cgi'
Checking if your kit is complete...
Looks good
Warning: -L../libs changed to -L/«PKGBUILDDIR»/perl/../libs
Warning (mostly harmless): No library found for -lneo_cgi
Warning (mostly harmless): No library found for -lneo_cs
Warning (mostly harmless): No library found for -lneo_utl
Generating a Unix-style Makefile
Writing Makefile for ClearSilver
Writing MYMETA.yml and MYMETA.json
make[2]: Entering directory '/«PKGBUILDDIR»/perl'
cp ClearSilver.pm blib/lib/ClearSilver.pm
Running Mkbootstrap for ClearSilver ()
chmod 644 ClearSilver.bs
/usr/bin/perl /usr/share/perl/5.20/ExtUtils/xsubpp  -typemap /usr/share/perl/5.20/ExtUtils/typemap -typemap typemap  ClearSilver.xs > ClearSilver.xsc && mv ClearSilver.xsc ClearSilver.c
Please specify prototyping behavior for ClearSilver.xs (see perlxs manual)
cc -c  -I../ -D_REENTRANT -D_GNU_SOURCE -DDEBIAN -fwrapv -fno-strict-aliasing -pipe -I/usr/local/include -D_LARGEFILE_SOURCE -D_FILE_OFFSET_BITS=64 -O2 -g   -DVERSION=\"0.01\" -DXS_VERSION=\"0.01\" -fPIC "-I/usr/lib/x86_64-linux-gnu/perl/5.20/CORE"   ClearSilver.c
In file included from ClearSilver.xs:2:
In file included from /usr/lib/x86_64-linux-gnu/perl/5.20/CORE/perl.h:5199:
/usr/lib/x86_64-linux-gnu/perl/5.20/CORE/inline.h:311:9: warning: nonnull parameter 'pv' will evaluate to 'true' on first encounter [-Wpointer-bool-conversion]
    if (pv && len > 1) {
        ^~ ~~
1 warning generated.
rm -f blib/arch/auto/ClearSilver/ClearSilver.so
cc  -shared -L/usr/local/lib -fstack-protector ClearSilver.o  -o blib/arch/auto/ClearSilver/ClearSilver.so 	\
   -L/«PKGBUILDDIR»/perl/../libs -lz  	\
  
chmod 755 blib/arch/auto/ClearSilver/ClearSilver.so
/usr/bin/perl -MExtUtils::Command::MM -e 'cp_nonempty' -- ClearSilver.bs blib/arch/auto/ClearSilver/ClearSilver.bs 644
Manifying blib/man3/ClearSilver.3pm
make[2]: Leaving directory '/«PKGBUILDDIR»/perl'
make[1]: Leaving directory '/«PKGBUILDDIR»'
touch debian/stamp-makefile-build
DEB_MAKE_CHECK_TARGET unset, not running checks
install -d debian/tmp/usr/lib/python2.7/dist-packages
make -C ./python distclean
make[1]: Entering directory '/«PKGBUILDDIR»/python'
rm -f Makefile.depends neo_cgi.so *.o
rm -f -r build
make[1]: Leaving directory '/«PKGBUILDDIR»/python'
make -C ./python \
	PYTHON=/usr/bin/python2.7 PYTHON_INC=-I/usr/include/python2.7
make[1]: Entering directory '/«PKGBUILDDIR»/python'
*******************************************
** Building Dependencies 
** OSNAME: Linux
** (done) 
make[1]: *** No rule to make target '../libs/libneo_cgi.a', needed by 'neo_cgi.so'.  Stop.
make[1]: Leaving directory '/«PKGBUILDDIR»/python'
make: *** [build-python-2.7] Error 2
debian/rules:32: recipe for target 'build-python-2.7' failed
dpkg-buildpackage: error: debian/rules build-arch gave error exit status 2
────────────────────────────────────────────────────────────────────────────────
Build finished at 20150326-0805

Finished
────────

E: Build failure (dpkg-buildpackage died)

┌──────────────────────────────────────────────────────────────────────────────┐
│ Cleanup                                                                      │
└──────────────────────────────────────────────────────────────────────────────┘

Purging /«BUILDDIR»
Not cleaning session: cloned chroot in use

┌──────────────────────────────────────────────────────────────────────────────┐
│ Summary                                                                      │
└──────────────────────────────────────────────────────────────────────────────┘

Build Architecture: amd64
Build-Space: 3900
Build-Time: 39
Distribution: unstable
Fail-Stage: build
Host Architecture: amd64
Install-Time: 16
Job: clearsilver_0.10.5-1.4
Machine Architecture: amd64
Package: clearsilver
Package-Time: 82
Source-Version: 0.10.5-1.4
Space: 3900
Status: attempted
Version: 0.10.5-1.4
────────────────────────────────────────────────────────────────────────────────
Finished at 20150326-0805
Build needed 00:01:22, 3900k disc space
DC-Status: Failed 82.678401818s
DC-Time-Estimation: 82.678401818 versus expected 340 (r/m: 3.112319451317433 ; m: 82.678401818)
