DC-Build-Header: diagnostics 0.3.3-10 / 2015-03-26 04:13:31 +0000
DC-Task: source:diagnostics version:0.3.3-10 architecture:any chroot:unstable esttime:1131 logfile:/tmp/diagnostics_0.3.3-10_unstable_clang.log modes:binary-only:parallel:clang
DC-Sbuild-call: su user -c 'sbuild -n --apt-update -d unstable -v  --chroot-setup-commands=/tmp/clang diagnostics_0.3.3-10'
sbuild (Debian sbuild) 0.63.2 (18 Aug 2012) on ip-172-31-13-50.us-west-2.compute.internal

╔══════════════════════════════════════════════════════════════════════════════╗
║ diagnostics 0.3.3-10 (amd64)                               26 Mar 2015 04:13 ║
╚══════════════════════════════════════════════════════════════════════════════╝

Package: diagnostics
Version: 0.3.3-10
Source Version: 0.3.3-10
Distribution: unstable
Machine Architecture: amd64
Host Architecture: amd64
Build Architecture: amd64

I: NOTICE: Log filtering will replace 'build/diagnostics-YS5IoU/diagnostics-0.3.3' with '«PKGBUILDDIR»'
I: NOTICE: Log filtering will replace 'build/diagnostics-YS5IoU' with '«BUILDDIR»'
I: NOTICE: Log filtering will replace 'var/lib/schroot/mount/unstable-amd64-sbuild-094c3ce4-1b32-4d72-ad5e-4fa02336dfe4' with '«CHROOT»'

┌──────────────────────────────────────────────────────────────────────────────┐
│ Update chroot                                                                │
└──────────────────────────────────────────────────────────────────────────────┘

Get:1 http://localhost:9999 unstable InRelease [257 kB]
Get:2 http://localhost:9999 unstable/main Sources/DiffIndex [7876 B]
Get:3 http://localhost:9999 unstable/main amd64 Packages/DiffIndex [7876 B]
Get:4 http://localhost:9999 unstable/main Translation-en/DiffIndex [7876 B]
Get:5 http://localhost:9999 unstable/main 2015-03-25-1448.37.pdiff [3021 B]
Get:6 http://localhost:9999 unstable/main 2015-03-25-2049.47.pdiff [5545 B]
Get:7 http://localhost:9999 unstable/main 2015-03-26-0248.39.pdiff [3389 B]
Get:8 http://localhost:9999 unstable/main 2015-03-26-0248.39.pdiff [3389 B]
Get:9 http://localhost:9999 unstable/main amd64 2015-03-25-1448.37.pdiff [4095 B]
Get:10 http://localhost:9999 unstable/main amd64 2015-03-25-2049.47.pdiff [4595 B]
Get:11 http://localhost:9999 unstable/main amd64 2015-03-26-0248.39.pdiff [3173 B]
Get:12 http://localhost:9999 unstable/main 2015-03-25-2049.47.pdiff [2032 B]
Get:13 http://localhost:9999 unstable/main amd64 2015-03-26-0248.39.pdiff [3173 B]
Get:14 http://localhost:9999 unstable/main 2015-03-25-2049.47.pdiff [2032 B]
Fetched 306 kB in 4s (63.5 kB/s)
Reading package lists...
Reading package lists...
Building dependency tree...
Reading state information...
0 upgraded, 0 newly installed, 0 to remove and 0 not upgraded.

┌──────────────────────────────────────────────────────────────────────────────┐
│ Fetch source files                                                           │
└──────────────────────────────────────────────────────────────────────────────┘


Check APT
─────────

Checking available source versions...

Download source files with APT
──────────────────────────────

Reading package lists...
Building dependency tree...
Reading state information...
Need to get 656 kB of source archives.
Get:1 http://localhost:9999/debian/ unstable/main diagnostics 0.3.3-10 (dsc) [2021 B]
Get:2 http://localhost:9999/debian/ unstable/main diagnostics 0.3.3-10 (tar) [643 kB]
Get:3 http://localhost:9999/debian/ unstable/main diagnostics 0.3.3-10 (diff) [11.1 kB]
Fetched 656 kB in 0s (2388 kB/s)
Download complete and in download only mode

Check arch
──────────


┌──────────────────────────────────────────────────────────────────────────────┐
│ Chroot Setup Commands                                                        │
└──────────────────────────────────────────────────────────────────────────────┘


/tmp/clang
──────────

+ echo 'Entering customization script...'
Entering customization script...
+ CLANG_VERSION=3.6
+ echo 'Install of clang-3.6'
Install of clang-3.6
+ apt-get update
Hit http://localhost:9999 unstable InRelease
Get:1 http://localhost:9999 unstable/main Sources/DiffIndex [7876 B]
Get:2 http://localhost:9999 unstable/main amd64 Packages/DiffIndex [7876 B]
Get:3 http://localhost:9999 unstable/main Translation-en/DiffIndex [7876 B]
Fetched 23.6 kB in 1s (12.5 kB/s)
Reading package lists...
+ apt-get install --yes --no-install-recommends --force-yes clang-3.6
Reading package lists...
Building dependency tree...
Reading state information...
The following extra packages will be installed:
  libbsd0 libclang-common-3.6-dev libclang1-3.6 libedit2 libffi6 libllvm3.6
  libobjc-4.9-dev libobjc4
Suggested packages:
  gnustep gnustep-devel clang-3.6-doc
Recommended packages:
  llvm-3.6-dev python
The following NEW packages will be installed:
  clang-3.6 libbsd0 libclang-common-3.6-dev libclang1-3.6 libedit2 libffi6
  libllvm3.6 libobjc-4.9-dev libobjc4
0 upgraded, 9 newly installed, 0 to remove and 0 not upgraded.
Need to get 39.2 MB of archives.
After this operation, 153 MB of additional disk space will be used.
Get:1 http://localhost:9999/debian/ unstable/main libbsd0 amd64 0.7.0-2 [67.9 kB]
Get:2 http://localhost:9999/debian/ unstable/main libedit2 amd64 3.1-20140620-2 [85.1 kB]
Get:3 http://localhost:9999/debian/ unstable/main libffi6 amd64 3.1-2+b2 [20.1 kB]
Get:4 http://localhost:9999/debian/ unstable/main libllvm3.6 amd64 1:3.6-2 [8137 kB]
Get:5 http://localhost:9999/debian/ unstable/main libobjc4 amd64 4.9.2-10 [112 kB]
Get:6 http://localhost:9999/debian/ unstable/main libobjc-4.9-dev amd64 4.9.2-10 [372 kB]
Get:7 http://localhost:9999/debian/ unstable/main libclang1-3.6 amd64 1:3.6-2 [3839 kB]
Get:8 http://localhost:9999/debian/ unstable/main libclang-common-3.6-dev amd64 1:3.6-2 [706 kB]
Get:9 http://localhost:9999/debian/ unstable/main clang-3.6 amd64 1:3.6-2 [25.8 MB]
debconf: unable to initialize frontend: Dialog
debconf: (Dialog frontend will not work on a dumb terminal, an emacs shell buffer, or without a controlling terminal.)
debconf: falling back to frontend: Readline
debconf: unable to initialize frontend: Readline
debconf: (This frontend requires a controlling tty.)
debconf: falling back to frontend: Teletype
dpkg-preconfigure: unable to re-open stdin: 
Fetched 39.2 MB in 1s (38.4 MB/s)
Selecting previously unselected package libbsd0:amd64.
(Reading database ... (Reading database ... 5%(Reading database ... 10%(Reading database ... 15%(Reading database ... 20%(Reading database ... 25%(Reading database ... 30%(Reading database ... 35%(Reading database ... 40%(Reading database ... 45%(Reading database ... 50%(Reading database ... 55%(Reading database ... 60%(Reading database ... 65%(Reading database ... 70%(Reading database ... 75%(Reading database ... 80%(Reading database ... 85%(Reading database ... 90%(Reading database ... 95%(Reading database ... 100%(Reading database ... 11980 files and directories currently installed.)
Preparing to unpack .../libbsd0_0.7.0-2_amd64.deb ...
Unpacking libbsd0:amd64 (0.7.0-2) ...
Selecting previously unselected package libedit2:amd64.
Preparing to unpack .../libedit2_3.1-20140620-2_amd64.deb ...
Unpacking libedit2:amd64 (3.1-20140620-2) ...
Selecting previously unselected package libffi6:amd64.
Preparing to unpack .../libffi6_3.1-2+b2_amd64.deb ...
Unpacking libffi6:amd64 (3.1-2+b2) ...
Selecting previously unselected package libllvm3.6:amd64.
Preparing to unpack .../libllvm3.6_1%3a3.6-2_amd64.deb ...
Unpacking libllvm3.6:amd64 (1:3.6-2) ...
Selecting previously unselected package libobjc4:amd64.
Preparing to unpack .../libobjc4_4.9.2-10_amd64.deb ...
Unpacking libobjc4:amd64 (4.9.2-10) ...
Selecting previously unselected package libobjc-4.9-dev:amd64.
Preparing to unpack .../libobjc-4.9-dev_4.9.2-10_amd64.deb ...
Unpacking libobjc-4.9-dev:amd64 (4.9.2-10) ...
Selecting previously unselected package libclang1-3.6:amd64.
Preparing to unpack .../libclang1-3.6_1%3a3.6-2_amd64.deb ...
Unpacking libclang1-3.6:amd64 (1:3.6-2) ...
Selecting previously unselected package libclang-common-3.6-dev.
Preparing to unpack .../libclang-common-3.6-dev_1%3a3.6-2_amd64.deb ...
Unpacking libclang-common-3.6-dev (1:3.6-2) ...
Selecting previously unselected package clang-3.6.
Preparing to unpack .../clang-3.6_1%3a3.6-2_amd64.deb ...
Unpacking clang-3.6 (1:3.6-2) ...
Setting up libbsd0:amd64 (0.7.0-2) ...
Setting up libedit2:amd64 (3.1-20140620-2) ...
Setting up libffi6:amd64 (3.1-2+b2) ...
Setting up libllvm3.6:amd64 (1:3.6-2) ...
Setting up libobjc4:amd64 (4.9.2-10) ...
Setting up libobjc-4.9-dev:amd64 (4.9.2-10) ...
Setting up libclang1-3.6:amd64 (1:3.6-2) ...
Setting up libclang-common-3.6-dev (1:3.6-2) ...
Setting up clang-3.6 (1:3.6-2) ...
Processing triggers for libc-bin (2.19-17) ...
+ echo 'Replace gcc, g++ & cpp by clang'
Replace gcc, g++ & cpp by clang
+ VERSIONS='4.6 4.7 4.8 4.9 5'
+ cd /usr/bin
+ for VERSION in '$VERSIONS'
+ rm -f g++-4.6 gcc-4.6 cpp-4.6 gcc
+ ln -s clang++-3.6 g++-4.6
+ ln -s clang-3.6 gcc-4.6
+ ln -s clang-3.6 cpp-4.6
+ ln -s clang-3.6 gcc
+ echo 'gcc-4.6 hold'
+ dpkg --set-selections
+ echo 'g++-4.6 hold'
+ dpkg --set-selections
+ for VERSION in '$VERSIONS'
+ rm -f g++-4.7 gcc-4.7 cpp-4.7 gcc
+ ln -s clang++-3.6 g++-4.7
+ ln -s clang-3.6 gcc-4.7
+ ln -s clang-3.6 cpp-4.7
+ ln -s clang-3.6 gcc
+ dpkg --set-selections
+ echo 'gcc-4.7 hold'
+ echo 'g++-4.7 hold'
+ dpkg --set-selections
+ for VERSION in '$VERSIONS'
+ rm -f g++-4.8 gcc-4.8 cpp-4.8 gcc
+ ln -s clang++-3.6 g++-4.8
+ ln -s clang-3.6 gcc-4.8
+ ln -s clang-3.6 cpp-4.8
+ ln -s clang-3.6 gcc
+ echo 'gcc-4.8 hold'
+ dpkg --set-selections
dpkg: warning: package not in database at line 1: gcc-4.8
dpkg: warning: found unknown packages; this might mean the available database
is outdated, and needs to be updated through a frontend method
+ echo 'g++-4.8 hold'
+ dpkg --set-selections
dpkg: warning: package not in database at line 1: g++-4.8
dpkg: warning: found unknown packages; this might mean the available database
is outdated, and needs to be updated through a frontend method
+ for VERSION in '$VERSIONS'
+ rm -f g++-4.9 gcc-4.9 cpp-4.9 gcc
+ ln -s clang++-3.6 g++-4.9
+ ln -s clang-3.6 gcc-4.9
+ ln -s clang-3.6 cpp-4.9
+ ln -s clang-3.6 gcc
+ echo 'gcc-4.9 hold'
+ dpkg --set-selections
+ echo 'g++-4.9 hold'
+ dpkg --set-selections
+ for VERSION in '$VERSIONS'
+ rm -f g++-5 gcc-5 cpp-5 gcc
+ ln -s clang++-3.6 g++-5
+ ln -s clang-3.6 gcc-5
+ ln -s clang-3.6 cpp-5
+ ln -s clang-3.6 gcc
+ echo 'gcc-5 hold'
+ dpkg --set-selections
dpkg: warning: package not in database at line 1: gcc-5
dpkg: warning: found unknown packages; this might mean the available database
is outdated, and needs to be updated through a frontend method
+ echo 'g++-5 hold'
+ dpkg --set-selections
dpkg: warning: package not in database at line 1: g++-5
dpkg: warning: found unknown packages; this might mean the available database
is outdated, and needs to be updated through a frontend method
+ cd -
/«BUILDDIR»
+ echo 'Check if gcc, g++ & cpp are actually clang'
Check if gcc, g++ & cpp are actually clang
+ gcc --version
+ grep clang
+ cpp --version
+ grep clang
+ g++ --version
+ grep clang

I: Finished running '/tmp/clang'.

Finished processing commands.
────────────────────────────────────────────────────────────────────────────────
Merged Build-Depends: build-essential, fakeroot
Filtered Build-Depends: build-essential, fakeroot
dpkg-deb: building package `sbuild-build-depends-core-dummy' in `/«BUILDDIR»/resolver-GrrH4j/apt_archive/sbuild-build-depends-core-dummy.deb'.
OK
Reading package lists...

┌──────────────────────────────────────────────────────────────────────────────┐
│ Install core build dependencies (apt-based resolver)                         │
└──────────────────────────────────────────────────────────────────────────────┘

Installing build dependencies
Reading package lists...
Building dependency tree...
Reading state information...
The following NEW packages will be installed:
  sbuild-build-depends-core-dummy
0 upgraded, 1 newly installed, 0 to remove and 0 not upgraded.
Need to get 0 B/816 B of archives.
After this operation, 0 B of additional disk space will be used.
Selecting previously unselected package sbuild-build-depends-core-dummy.
(Reading database ... (Reading database ... 5%(Reading database ... 10%(Reading database ... 15%(Reading database ... 20%(Reading database ... 25%(Reading database ... 30%(Reading database ... 35%(Reading database ... 40%(Reading database ... 45%(Reading database ... 50%(Reading database ... 55%(Reading database ... 60%(Reading database ... 65%(Reading database ... 70%(Reading database ... 75%(Reading database ... 80%(Reading database ... 85%(Reading database ... 90%(Reading database ... 95%(Reading database ... 100%(Reading database ... 12200 files and directories currently installed.)
Preparing to unpack .../sbuild-build-depends-core-dummy.deb ...
Unpacking sbuild-build-depends-core-dummy (0.invalid.0) ...
Setting up sbuild-build-depends-core-dummy (0.invalid.0) ...
Merged Build-Depends: base-files, base-passwd, bash, bsdutils, coreutils, dash, debianutils, diffutils, dpkg, e2fsprogs, findutils, grep, gzip, hostname, init, libc-bin, login, mount, ncurses-base, ncurses-bin, perl-base, sed, sysvinit-utils, tar, util-linux, libc6-dev | libc-dev, gcc (>= 4:4.9.1), g++ (>= 4:4.9.1), make, dpkg-dev (>= 1.17.11), dpkg-dev (>= 1.16.0~), debhelper (>= 9), automake1.11 | automake (>= 1:1.9), pkg-config, libtool, libltdl-dev (>= 2.4.2-1~), libace-dev (>= 5.7.7-3), dh-autoreconf
Filtered Build-Depends: base-files, base-passwd, bash, bsdutils, coreutils, dash, debianutils, diffutils, dpkg, e2fsprogs, findutils, grep, gzip, hostname, init, libc-bin, login, mount, ncurses-base, ncurses-bin, perl-base, sed, sysvinit-utils, tar, util-linux, libc6-dev, gcc (>= 4:4.9.1), g++ (>= 4:4.9.1), make, dpkg-dev (>= 1.17.11), dpkg-dev (>= 1.16.0~), debhelper (>= 9), automake1.11, pkg-config, libtool, libltdl-dev (>= 2.4.2-1~), libace-dev (>= 5.7.7-3), dh-autoreconf
dpkg-deb: building package `sbuild-build-depends-diagnostics-dummy' in `/«BUILDDIR»/resolver-plq705/apt_archive/sbuild-build-depends-diagnostics-dummy.deb'.
OK
Reading package lists...

┌──────────────────────────────────────────────────────────────────────────────┐
│ Install diagnostics build dependencies (apt-based resolver)                  │
└──────────────────────────────────────────────────────────────────────────────┘

Installing build dependencies
Reading package lists...
Building dependency tree...
Reading state information...
The following extra packages will be installed:
  autoconf automake1.11 autopoint autotools-dev bsdmainutils debhelper
  dh-autoreconf file gettext gettext-base groff-base intltool-debian
  libace-6.2.8 libace-dev libasprintf0c2 libcroco3 libglib2.0-0 libicu52
  libltdl-dev libltdl7 libmagic1 libpipeline1 libsigsegv2 libtool
  libunistring0 libxml2 m4 man-db pkg-config po-debconf
Suggested packages:
  autoconf-archive gnu-standards autoconf-doc wamerican wordlist whois
  vacation dh-make gettext-doc groff libace-doc libtool-doc gfortran
  fortran95-compiler gcj-jdk www-browser libmail-box-perl
Recommended packages:
  automake automaken curl wget lynx-cur libasprintf-dev libgettextpo-dev
  libglib2.0-data shared-mime-info xdg-user-dirs xml-core
  libmail-sendmail-perl
The following NEW packages will be installed:
  autoconf automake1.11 autopoint autotools-dev bsdmainutils debhelper
  dh-autoreconf file gettext gettext-base groff-base intltool-debian
  libace-6.2.8 libace-dev libasprintf0c2 libcroco3 libglib2.0-0 libicu52
  libltdl-dev libltdl7 libmagic1 libpipeline1 libsigsegv2 libtool
  libunistring0 libxml2 m4 man-db pkg-config po-debconf
  sbuild-build-depends-diagnostics-dummy
0 upgraded, 31 newly installed, 0 to remove and 0 not upgraded.
Need to get 19.5 MB/19.5 MB of archives.
After this operation, 71.1 MB of additional disk space will be used.
Get:1 http://localhost:9999/debian/ unstable/main libpipeline1 amd64 1.4.0-1 [27.9 kB]
Get:2 http://localhost:9999/debian/ unstable/main groff-base amd64 1.22.3-1 [1205 kB]
Get:3 http://localhost:9999/debian/ unstable/main bsdmainutils amd64 9.0.6 [183 kB]
Get:4 http://localhost:9999/debian/ unstable/main man-db amd64 2.7.0.2-5 [1000 kB]
Get:5 http://localhost:9999/debian/ unstable/main libasprintf0c2 amd64 0.19.3-2 [31.3 kB]
Get:6 http://localhost:9999/debian/ unstable/main libmagic1 amd64 1:5.22+15-2 [249 kB]
Get:7 http://localhost:9999/debian/ unstable/main libicu52 amd64 52.1-8 [6780 kB]
Get:8 http://localhost:9999/debian/ unstable/main libxml2 amd64 2.9.2+dfsg1-3 [934 kB]
Get:9 http://localhost:9999/debian/ unstable/main libglib2.0-0 amd64 2.42.1-1 [2401 kB]
Get:10 http://localhost:9999/debian/ unstable/main libcroco3 amd64 0.6.8-3+b1 [135 kB]
Get:11 http://localhost:9999/debian/ unstable/main libltdl7 amd64 2.4.2-1.11 [45.2 kB]
Get:12 http://localhost:9999/debian/ unstable/main libsigsegv2 amd64 2.10-4+b1 [29.2 kB]
Get:13 http://localhost:9999/debian/ unstable/main libunistring0 amd64 0.9.3-5.2+b1 [288 kB]
Get:14 http://localhost:9999/debian/ unstable/main file amd64 1:5.22+15-2 [60.1 kB]
Get:15 http://localhost:9999/debian/ unstable/main gettext-base amd64 0.19.3-2 [121 kB]
Get:16 http://localhost:9999/debian/ unstable/main m4 amd64 1.4.17-4 [254 kB]
Get:17 http://localhost:9999/debian/ unstable/main autoconf all 2.69-8 [340 kB]
Get:18 http://localhost:9999/debian/ unstable/main autotools-dev all 20140911.1 [70.5 kB]
Get:19 http://localhost:9999/debian/ unstable/main automake1.11 all 1:1.11.6-3 [537 kB]
Get:20 http://localhost:9999/debian/ unstable/main autopoint all 0.19.3-2 [413 kB]
Get:21 http://localhost:9999/debian/ unstable/main gettext amd64 0.19.3-2 [1240 kB]
Get:22 http://localhost:9999/debian/ unstable/main intltool-debian all 0.35.0+20060710.1 [30.8 kB]
Get:23 http://localhost:9999/debian/ unstable/main po-debconf all 1.0.16+nmu3 [220 kB]
Get:24 http://localhost:9999/debian/ unstable/main debhelper all 9.20150101 [813 kB]
Get:25 http://localhost:9999/debian/ unstable/main libtool all 2.4.2-1.11 [190 kB]
Get:26 http://localhost:9999/debian/ unstable/main dh-autoreconf all 10 [15.2 kB]
Get:27 http://localhost:9999/debian/ unstable/main libace-6.2.8 amd64 6.2.8+dfsg-1 [637 kB]
Get:28 http://localhost:9999/debian/ unstable/main libace-dev amd64 6.2.8+dfsg-1 [998 kB]
Get:29 http://localhost:9999/debian/ unstable/main libltdl-dev amd64 2.4.2-1.11 [157 kB]
Get:30 http://localhost:9999/debian/ unstable/main pkg-config amd64 0.28-1 [57.5 kB]
Extracting templates from packages: 96%Extracting templates from packages: 100%
Preconfiguring packages ...
Fetched 19.5 MB in 0s (22.1 MB/s)
Selecting previously unselected package libpipeline1:amd64.
(Reading database ... (Reading database ... 5%(Reading database ... 10%(Reading database ... 15%(Reading database ... 20%(Reading database ... 25%(Reading database ... 30%(Reading database ... 35%(Reading database ... 40%(Reading database ... 45%(Reading database ... 50%(Reading database ... 55%(Reading database ... 60%(Reading database ... 65%(Reading database ... 70%(Reading database ... 75%(Reading database ... 80%(Reading database ... 85%(Reading database ... 90%(Reading database ... 95%(Reading database ... 100%(Reading database ... 12200 files and directories currently installed.)
Preparing to unpack .../libpipeline1_1.4.0-1_amd64.deb ...
Unpacking libpipeline1:amd64 (1.4.0-1) ...
Selecting previously unselected package groff-base.
Preparing to unpack .../groff-base_1.22.3-1_amd64.deb ...
Unpacking groff-base (1.22.3-1) ...
Selecting previously unselected package bsdmainutils.
Preparing to unpack .../bsdmainutils_9.0.6_amd64.deb ...
Unpacking bsdmainutils (9.0.6) ...
Selecting previously unselected package man-db.
Preparing to unpack .../man-db_2.7.0.2-5_amd64.deb ...
Unpacking man-db (2.7.0.2-5) ...
Selecting previously unselected package libasprintf0c2:amd64.
Preparing to unpack .../libasprintf0c2_0.19.3-2_amd64.deb ...
Unpacking libasprintf0c2:amd64 (0.19.3-2) ...
Selecting previously unselected package libmagic1:amd64.
Preparing to unpack .../libmagic1_1%3a5.22+15-2_amd64.deb ...
Unpacking libmagic1:amd64 (1:5.22+15-2) ...
Selecting previously unselected package libicu52:amd64.
Preparing to unpack .../libicu52_52.1-8_amd64.deb ...
Unpacking libicu52:amd64 (52.1-8) ...
Selecting previously unselected package libxml2:amd64.
Preparing to unpack .../libxml2_2.9.2+dfsg1-3_amd64.deb ...
Unpacking libxml2:amd64 (2.9.2+dfsg1-3) ...
Selecting previously unselected package libglib2.0-0:amd64.
Preparing to unpack .../libglib2.0-0_2.42.1-1_amd64.deb ...
Unpacking libglib2.0-0:amd64 (2.42.1-1) ...
Selecting previously unselected package libcroco3:amd64.
Preparing to unpack .../libcroco3_0.6.8-3+b1_amd64.deb ...
Unpacking libcroco3:amd64 (0.6.8-3+b1) ...
Selecting previously unselected package libltdl7:amd64.
Preparing to unpack .../libltdl7_2.4.2-1.11_amd64.deb ...
Unpacking libltdl7:amd64 (2.4.2-1.11) ...
Selecting previously unselected package libsigsegv2:amd64.
Preparing to unpack .../libsigsegv2_2.10-4+b1_amd64.deb ...
Unpacking libsigsegv2:amd64 (2.10-4+b1) ...
Selecting previously unselected package libunistring0:amd64.
Preparing to unpack .../libunistring0_0.9.3-5.2+b1_amd64.deb ...
Unpacking libunistring0:amd64 (0.9.3-5.2+b1) ...
Selecting previously unselected package file.
Preparing to unpack .../file_1%3a5.22+15-2_amd64.deb ...
Unpacking file (1:5.22+15-2) ...
Selecting previously unselected package gettext-base.
Preparing to unpack .../gettext-base_0.19.3-2_amd64.deb ...
Unpacking gettext-base (0.19.3-2) ...
Selecting previously unselected package m4.
Preparing to unpack .../archives/m4_1.4.17-4_amd64.deb ...
Unpacking m4 (1.4.17-4) ...
Selecting previously unselected package autoconf.
Preparing to unpack .../autoconf_2.69-8_all.deb ...
Unpacking autoconf (2.69-8) ...
Selecting previously unselected package autotools-dev.
Preparing to unpack .../autotools-dev_20140911.1_all.deb ...
Unpacking autotools-dev (20140911.1) ...
Selecting previously unselected package automake1.11.
Preparing to unpack .../automake1.11_1%3a1.11.6-3_all.deb ...
Unpacking automake1.11 (1:1.11.6-3) ...
Selecting previously unselected package autopoint.
Preparing to unpack .../autopoint_0.19.3-2_all.deb ...
Unpacking autopoint (0.19.3-2) ...
Selecting previously unselected package gettext.
Preparing to unpack .../gettext_0.19.3-2_amd64.deb ...
Unpacking gettext (0.19.3-2) ...
Selecting previously unselected package intltool-debian.
Preparing to unpack .../intltool-debian_0.35.0+20060710.1_all.deb ...
Unpacking intltool-debian (0.35.0+20060710.1) ...
Selecting previously unselected package po-debconf.
Preparing to unpack .../po-debconf_1.0.16+nmu3_all.deb ...
Unpacking po-debconf (1.0.16+nmu3) ...
Selecting previously unselected package debhelper.
Preparing to unpack .../debhelper_9.20150101_all.deb ...
Unpacking debhelper (9.20150101) ...
Selecting previously unselected package libtool.
Preparing to unpack .../libtool_2.4.2-1.11_all.deb ...
Unpacking libtool (2.4.2-1.11) ...
Selecting previously unselected package dh-autoreconf.
Preparing to unpack .../dh-autoreconf_10_all.deb ...
Unpacking dh-autoreconf (10) ...
Selecting previously unselected package libace-6.2.8.
Preparing to unpack .../libace-6.2.8_6.2.8+dfsg-1_amd64.deb ...
Unpacking libace-6.2.8 (6.2.8+dfsg-1) ...
Selecting previously unselected package libace-dev.
Preparing to unpack .../libace-dev_6.2.8+dfsg-1_amd64.deb ...
Unpacking libace-dev (6.2.8+dfsg-1) ...
Selecting previously unselected package libltdl-dev:amd64.
Preparing to unpack .../libltdl-dev_2.4.2-1.11_amd64.deb ...
Unpacking libltdl-dev:amd64 (2.4.2-1.11) ...
Selecting previously unselected package pkg-config.
Preparing to unpack .../pkg-config_0.28-1_amd64.deb ...
Unpacking pkg-config (0.28-1) ...
Selecting previously unselected package sbuild-build-depends-diagnostics-dummy.
Preparing to unpack .../sbuild-build-depends-diagnostics-dummy.deb ...
Unpacking sbuild-build-depends-diagnostics-dummy (0.invalid.0) ...
Setting up libpipeline1:amd64 (1.4.0-1) ...
Setting up groff-base (1.22.3-1) ...
Setting up bsdmainutils (9.0.6) ...
update-alternatives: using /usr/bin/bsd-write to provide /usr/bin/write (write) in auto mode
update-alternatives: using /usr/bin/bsd-from to provide /usr/bin/from (from) in auto mode
Setting up man-db (2.7.0.2-5) ...
Not building database; man-db/auto-update is not 'true'.
Setting up libasprintf0c2:amd64 (0.19.3-2) ...
Setting up libmagic1:amd64 (1:5.22+15-2) ...
Setting up libicu52:amd64 (52.1-8) ...
Setting up libxml2:amd64 (2.9.2+dfsg1-3) ...
Setting up libglib2.0-0:amd64 (2.42.1-1) ...
No schema files found: doing nothing.
Setting up libcroco3:amd64 (0.6.8-3+b1) ...
Setting up libltdl7:amd64 (2.4.2-1.11) ...
Setting up libsigsegv2:amd64 (2.10-4+b1) ...
Setting up libunistring0:amd64 (0.9.3-5.2+b1) ...
Setting up file (1:5.22+15-2) ...
Setting up gettext-base (0.19.3-2) ...
Setting up m4 (1.4.17-4) ...
Setting up autoconf (2.69-8) ...
Setting up autotools-dev (20140911.1) ...
Setting up automake1.11 (1:1.11.6-3) ...
update-alternatives: using /usr/bin/automake-1.11 to provide /usr/bin/automake (automake) in auto mode
Setting up autopoint (0.19.3-2) ...
Setting up gettext (0.19.3-2) ...
Setting up intltool-debian (0.35.0+20060710.1) ...
Setting up po-debconf (1.0.16+nmu3) ...
Setting up debhelper (9.20150101) ...
Setting up libtool (2.4.2-1.11) ...
Setting up dh-autoreconf (10) ...
Setting up libace-6.2.8 (6.2.8+dfsg-1) ...
Setting up libace-dev (6.2.8+dfsg-1) ...
Setting up libltdl-dev:amd64 (2.4.2-1.11) ...
Setting up pkg-config (0.28-1) ...
Setting up sbuild-build-depends-diagnostics-dummy (0.invalid.0) ...
Processing triggers for libc-bin (2.19-17) ...

┌──────────────────────────────────────────────────────────────────────────────┐
│ Build environment                                                            │
└──────────────────────────────────────────────────────────────────────────────┘

Kernel: Linux 3.2.0-4-amd64 amd64 (x86_64)
Toolchain package versions: binutils_2.25-5 dpkg-dev_1.17.24 g++-4.9_4.9.2-10 gcc-4.9_4.9.2-10 libc6-dev_2.19-17 libstdc++-4.9-dev_4.9.2-10 libstdc++6_4.9.2-10 linux-libc-dev_3.16.7-ckt7-1
Package versions: acl_2.2.52-2 adduser_3.113+nmu3 apt_1.0.9.7 apt-utils_1.0.9.7 autoconf_2.69-8 automake1.11_1:1.11.6-3 autopoint_0.19.3-2 autotools-dev_20140911.1 base-files_8 base-passwd_3.5.37 bash_4.3-12 binutils_2.25-5 bsdmainutils_9.0.6 bsdutils_1:2.25.2-5 build-essential_11.7 bzip2_1.0.6-7+b2 clang-3.6_1:3.6-2 coreutils_8.23-4 cpp_4:4.9.2-2 cpp-4.9_4.9.2-10 dash_0.5.7-4+b1 debconf_1.5.56 debfoster_2.7-2 debhelper_9.20150101 debian-archive-keyring_2014.3 debianutils_4.4+b1 dh-autoreconf_10 diffutils_1:3.3-1+b1 dmsetup_2:1.02.90-2.1 dpkg_1.17.24 dpkg-dev_1.17.24 e2fslibs_1.42.12-1.1 e2fsprogs_1.42.12-1.1 fakeroot_1.20.2-1 file_1:5.22+15-2 findutils_4.4.2-9+b1 g++_4:4.9.2-2 g++-4.9_4.9.2-10 gcc_4:4.9.2-2 gcc-4.9_4.9.2-10 gcc-4.9-base_4.9.2-10 gettext_0.19.3-2 gettext-base_0.19.3-2 gnupg_1.4.18-7 gpgv_1.4.18-7 grep_2.20-4.1 groff-base_1.22.3-1 gzip_1.6-4 hostname_3.15 init_1.22 initscripts_2.88dsf-58 insserv_1.14.0-5 intltool-debian_0.35.0+20060710.1 less_458-3 libace-6.2.8_6.2.8+dfsg-1 libace-dev_6.2.8+dfsg-1 libacl1_2.2.52-2 libapt-inst1.5_1.0.9.7 libapt-pkg4.12_1.0.9.7 libasan1_4.9.2-10 libasprintf0c2_0.19.3-2 libatomic1_4.9.2-10 libattr1_1:2.4.47-2 libaudit-common_1:2.4-1 libaudit1_1:2.4-1+b1 libblkid1_2.25.2-5 libbsd0_0.7.0-2 libbz2-1.0_1.0.6-7+b2 libc-bin_2.19-17 libc-dev-bin_2.19-17 libc6_2.19-17 libc6-dev_2.19-17 libcap2_1:2.24-7 libcap2-bin_1:2.24-7 libcilkrts5_4.9.2-10 libclang-common-3.6-dev_1:3.6-2 libclang1-3.6_1:3.6-2 libcloog-isl4_0.18.2-1+b2 libcomerr2_1.42.12-1.1 libcroco3_0.6.8-3+b1 libcryptsetup4_2:1.6.6-5 libdb5.3_5.3.28-9 libdebconfclient0_0.192 libdevmapper1.02.1_2:1.02.90-2.1 libdpkg-perl_1.17.24 libedit2_3.1-20140620-2 libfakeroot_1.20.2-1 libffi6_3.1-2+b2 libgc1c2_1:7.2d-6.4 libgcc-4.9-dev_4.9.2-10 libgcc1_1:4.9.2-10 libgcrypt20_1.6.3-2 libgdbm3_1.8.3-13.1 libglib2.0-0_2.42.1-1 libgmp10_2:6.0.0+dfsg-6 libgomp1_4.9.2-10 libgpg-error0_1.17-3 libicu52_52.1-8 libisl10_0.12.2-2 libitm1_4.9.2-10 libkmod2_20-1 libllvm3.6_1:3.6-2 liblsan0_4.9.2-10 libltdl-dev_2.4.2-1.11 libltdl7_2.4.2-1.11 liblzma5_5.1.1alpha+20120614-2+b3 libmagic1_1:5.22+15-2 libmount1_2.25.2-5 libmpc3_1.0.3-1 libmpfr4_3.1.2-3 libncurses5_5.9+20140913-1+b1 libncursesw5_5.9+20140913-1+b1 libobjc-4.9-dev_4.9.2-10 libobjc4_4.9.2-10 libpam-modules_1.1.8-3.1 libpam-modules-bin_1.1.8-3.1 libpam-runtime_1.1.8-3.1 libpam0g_1.1.8-3.1 libpcre3_2:8.35-3.3 libpipeline1_1.4.0-1 libprocps3_2:3.3.9-9 libquadmath0_4.9.2-10 libreadline6_6.3-8+b3 libselinux1_2.3-2 libsemanage-common_2.3-1 libsemanage1_2.3-1+b1 libsepol1_2.3-2 libsigsegv2_2.10-4+b1 libslang2_2.3.0-2 libsmartcols1_2.25.2-5 libss2_1.42.12-1.1 libstdc++-4.9-dev_4.9.2-10 libstdc++6_4.9.2-10 libsystemd0_215-12 libtimedate-perl_2.3000-2 libtinfo5_5.9+20140913-1+b1 libtool_2.4.2-1.11 libtsan0_4.9.2-10 libubsan0_4.9.2-10 libudev1_215-12 libunistring0_0.9.3-5.2+b1 libusb-0.1-4_2:0.1.12-25 libustr-1.0-1_1.0.4-3+b2 libuuid1_2.25.2-5 libxml2_2.9.2+dfsg1-3 linux-libc-dev_3.16.7-ckt7-1 login_1:4.2-3 lsb-base_4.1+Debian13+nmu1 m4_1.4.17-4 make_4.0-8.1 man-db_2.7.0.2-5 mawk_1.3.3-17 mount_2.25.2-5 multiarch-support_2.19-17 ncurses-base_5.9+20140913-1 ncurses-bin_5.9+20140913-1+b1 nvi_1.81.6-11+b1 passwd_1:4.2-3 patch_2.7.5-1 perl_5.20.2-2 perl-base_5.20.2-2 perl-modules_5.20.2-2 pkg-config_0.28-1 po-debconf_1.0.16+nmu3 procps_2:3.3.9-9 readline-common_6.3-8 sbuild-build-depends-core-dummy_0.invalid.0 sbuild-build-depends-diagnostics-dummy_0.invalid.0 sed_4.2.2-4+b1 sensible-utils_0.0.9 startpar_0.59-3 sudo_1.8.12-1 systemd_215-12 systemd-sysv_215-12 sysv-rc_2.88dsf-58 sysvinit-utils_2.88dsf-58 tar_1.27.1-2+b1 tzdata_2015b-1 udev_215-12 util-linux_2.25.2-5 xz-utils_5.1.1alpha+20120614-2+b3 zlib1g_1:1.2.8.dfsg-2+b1

┌──────────────────────────────────────────────────────────────────────────────┐
│ Build                                                                        │
└──────────────────────────────────────────────────────────────────────────────┘


Unpack source
─────────────

gpgv: keyblock resource `/sbuild-nonexistent/.gnupg/trustedkeys.gpg': file open error
gpgv: Signature made Mon Jul  7 12:13:09 2014 UTC using RSA key ID E3386741
gpgv: Can't check signature: public key not found
dpkg-source: warning: failed to verify signature on ./diagnostics_0.3.3-10.dsc
dpkg-source: info: extracting diagnostics in diagnostics-0.3.3
dpkg-source: info: unpacking diagnostics_0.3.3.orig.tar.gz
dpkg-source: info: unpacking diagnostics_0.3.3-10.debian.tar.xz
dpkg-source: info: applying stacktrace-fixes
dpkg-source: info: applying automake-1.12

Check disc space
────────────────

Sufficient free space for build

User Environment
────────────────

DEB_BUILD_OPTIONS=parallel=10
HOME=/sbuild-nonexistent
LOGNAME=user
PATH=/usr/local/sbin:/usr/local/bin:/usr/sbin:/usr/bin:/sbin:/bin:/usr/games
SCHROOT_ALIAS_NAME=unstable-amd64-sbuild
SCHROOT_CHROOT_NAME=unstable-amd64-sbuild
SCHROOT_COMMAND=env
SCHROOT_GID=1001
SCHROOT_GROUP=user
SCHROOT_SESSION_ID=unstable-amd64-sbuild-094c3ce4-1b32-4d72-ad5e-4fa02336dfe4
SCHROOT_UID=1001
SCHROOT_USER=user
SHELL=/bin/sh
USER=user

dpkg-buildpackage
─────────────────

dpkg-buildpackage: source package diagnostics
dpkg-buildpackage: source version 0.3.3-10
dpkg-buildpackage: source distribution unstable
dpkg-buildpackage: source changed by Michael Tautschnig <mt@debian.org>
 dpkg-source --before-build diagnostics-0.3.3
dpkg-buildpackage: host architecture amd64
 fakeroot debian/rules clean
dh clean --with autoreconf
   dh_testdir
   debian/rules override_dh_auto_clean
make[1]: Entering directory '/«PKGBUILDDIR»'
dh_auto_clean
rm -f -r libltdl
make[1]: Leaving directory '/«PKGBUILDDIR»'
   dh_autoreconf_clean
   dh_clean
 debian/rules build-arch
dh build-arch --with autoreconf
   dh_testdir -a
   dh_autoreconf -a
main::scan_file() called too early to check prototype at /usr/bin/aclocal line 643.
configure.ac:36: warning: LTDL_INIT was called before LT_INIT
m4/libtool.m4:69: LT_INIT is expanded from...
m4/libtool.m4:107: AC_PROG_LIBTOOL is expanded from...
configure.ac:36: the top level
configure.ac:36: warning: LTDL_INIT was called before LT_INIT
m4/libtool.m4:69: LT_INIT is expanded from...
m4/libtool.m4:107: AC_PROG_LIBTOOL is expanded from...
configure.ac:36: the top level
libtoolize: putting auxiliary files in AC_CONFIG_AUX_DIR, `config'.
libtoolize: copying file `config/ltmain.sh'
libtoolize: putting auxiliary files in `config'.
libtoolize: copying file `libltdl/config/compile'
libtoolize: copying file `libltdl/config/config.guess'
libtoolize: copying file `libltdl/config/config.sub'
libtoolize: copying file `libltdl/config/depcomp'
libtoolize: copying file `libltdl/config/install-sh'
libtoolize: copying file `libltdl/config/missing'
libtoolize: copying file `libltdl/config/ltmain.sh'
libtoolize: putting macros in AC_CONFIG_MACRO_DIR, `m4'.
libtoolize: copying file `m4/argz.m4'
libtoolize: copying file `m4/libtool.m4'
libtoolize: copying file `m4/ltdl.m4'
libtoolize: copying file `m4/ltoptions.m4'
libtoolize: copying file `m4/ltsugar.m4'
libtoolize: copying file `m4/ltversion.m4'
libtoolize: copying file `m4/lt~obsolete.m4'
libtoolize: putting macros in `libltdl/m4'.
libtoolize: copying file `libltdl/m4/argz.m4'
libtoolize: copying file `libltdl/m4/libtool.m4'
libtoolize: copying file `libltdl/m4/ltdl.m4'
libtoolize: copying file `libltdl/m4/ltoptions.m4'
libtoolize: copying file `libltdl/m4/ltsugar.m4'
libtoolize: copying file `libltdl/m4/ltversion.m4'
libtoolize: copying file `libltdl/m4/lt~obsolete.m4'
libtoolize: putting libltdl files in `libltdl'.
libtoolize: copying file `libltdl/COPYING.LIB'
libtoolize: copying file `libltdl/README'
libtoolize: copying file `libltdl/Makefile.am'
libtoolize: copying file `libltdl/configure.ac'
libtoolize: copying file `libltdl/aclocal.m4'
libtoolize: copying file `libltdl/Makefile.in'
libtoolize: copying file `libltdl/config-h.in'
libtoolize: copying file `libltdl/configure'
libtoolize: copying file `libltdl/argz_.h'
libtoolize: copying file `libltdl/argz.c'
libtoolize: copying file `libltdl/loaders/dld_link.c'
libtoolize: copying file `libltdl/loaders/dlopen.c'
libtoolize: copying file `libltdl/loaders/dyld.c'
libtoolize: copying file `libltdl/loaders/load_add_on.c'
libtoolize: copying file `libltdl/loaders/loadlibrary.c'
libtoolize: copying file `libltdl/loaders/shl_load.c'
libtoolize: copying file `libltdl/lt__dirent.c'
libtoolize: copying file `libltdl/lt__strl.c'
libtoolize: copying file `libltdl/libltdl/lt__alloc.h'
libtoolize: copying file `libltdl/libltdl/lt__dirent.h'
libtoolize: copying file `libltdl/libltdl/lt__glibc.h'
libtoolize: copying file `libltdl/libltdl/lt__private.h'
libtoolize: copying file `libltdl/libltdl/lt__strl.h'
libtoolize: copying file `libltdl/libltdl/lt_dlloader.h'
libtoolize: copying file `libltdl/libltdl/lt_error.h'
libtoolize: copying file `libltdl/libltdl/lt_system.h'
libtoolize: copying file `libltdl/libltdl/slist.h'
libtoolize: copying file `libltdl/loaders/preopen.c'
libtoolize: copying file `libltdl/lt__alloc.c'
libtoolize: copying file `libltdl/lt_dlloader.c'
libtoolize: copying file `libltdl/lt_error.c'
libtoolize: copying file `libltdl/ltdl.c'
libtoolize: copying file `libltdl/ltdl.h'
libtoolize: copying file `libltdl/slist.c'
libtoolize: Remember to add `LT_CONFIG_LTDL_DIR([libltdl])' to `configure.ac'.
libtoolize: Consider using `AC_CONFIG_AUX_DIR([libltdl/config])' in configure.ac.
libtoolize: Consider using `AC_CONFIG_MACRO_DIR([libltdl/m4])' in configure.ac.
main::scan_file() called too early to check prototype at /usr/bin/aclocal line 643.
configure.ac:36: warning: LTDL_INIT was called before LT_INIT
m4/libtool.m4:69: LT_INIT is expanded from...
m4/libtool.m4:107: AC_PROG_LIBTOOL is expanded from...
configure.ac:36: the top level
configure.ac:36: warning: LTDL_INIT was called before LT_INIT
m4/libtool.m4:69: LT_INIT is expanded from...
m4/libtool.m4:107: AC_PROG_LIBTOOL is expanded from...
configure.ac:36: the top level
configure.ac:36: warning: LTDL_INIT was called before LT_INIT
m4/libtool.m4:69: LT_INIT is expanded from...
m4/libtool.m4:107: AC_PROG_LIBTOOL is expanded from...
configure.ac:36: the top level
configure.ac:36: warning: LTDL_INIT was called before LT_INIT
m4/libtool.m4:69: LT_INIT is expanded from...
m4/libtool.m4:107: AC_PROG_LIBTOOL is expanded from...
configure.ac:36: the top level
   debian/rules override_dh_auto_configure
make[1]: Entering directory '/«PKGBUILDDIR»'
./configure --host=x86_64-linux-gnu --build=x86_64-linux-gnu \
	--prefix=/usr --mandir=\${prefix}/share/man \
	--infodir=\${prefix}/share/info \
	--disable-update-makefiles \
	--with-ltdl-include=/usr/include --with-ltdl-lib=/usr/lib/x86_64-linux-gnu \
	CXXFLAGS="-g -O2 -fstack-protector-strong -Wformat -Werror=format-security -Wall -Werror -pedantic -Wno-unused-function" # LDFLAGS="-Wl,-z,defs"
checking for a BSD-compatible install... /usr/bin/install -c
checking whether build environment is sane... yes
checking for a thread-safe mkdir -p... /bin/mkdir -p
checking for gawk... no
checking for mawk... mawk
checking whether make sets $(MAKE)... yes
checking for x86_64-linux-gnu-g++... x86_64-linux-gnu-g++
checking whether the C++ compiler works... yes
checking for C++ compiler default output file name... a.out
checking for suffix of executables... 
checking whether we are cross compiling... no
checking for suffix of object files... o
checking whether we are using the GNU C++ compiler... yes
checking whether x86_64-linux-gnu-g++ accepts -g... yes
checking for style of include used by make... GNU
checking dependency style of x86_64-linux-gnu-g++... gcc3
checking for x86_64-linux-gnu-gcc... x86_64-linux-gnu-gcc
checking whether we are using the GNU C compiler... yes
checking whether x86_64-linux-gnu-gcc accepts -g... yes
checking for x86_64-linux-gnu-gcc option to accept ISO C89... none needed
checking dependency style of x86_64-linux-gnu-gcc... gcc3
checking how to run the C preprocessor... x86_64-linux-gnu-gcc -E
checking how to run the C++ preprocessor... x86_64-linux-gnu-g++ -E
checking whether ln -s works... yes
checking whether make sets $(MAKE)... (cached) yes
checking for gawk... (cached) mawk
checking for grep that handles long lines and -e... /bin/grep
checking for egrep... /bin/grep -E
checking for ANSI C header files... yes
checking for sys/types.h... yes
checking for sys/stat.h... yes
checking for stdlib.h... yes
checking for string.h... yes
checking for memory.h... yes
checking for strings.h... yes
checking for inttypes.h... yes
checking for stdint.h... yes
checking for unistd.h... yes
checking build system type... x86_64-pc-linux-gnu
checking host system type... x86_64-pc-linux-gnu
checking for fgrep... /bin/grep -F
checking for x86_64-linux-gnu-objdump... x86_64-linux-gnu-objdump
checking for a sed that does not truncate output... /bin/sed
checking whether the shell understands some XSI constructs... yes
checking whether the shell understands "+="... yes
./configure: line 5630:  /usr/lib/llvm-3.6/bin/../lib/clang/3.6.0:/usr/bin/../lib/gcc/x86_64-linux-gnu/4.9:/usr/bin/../lib/gcc/x86_64-linux-gnu/4.9/../../../x86_64-linux-gnu:/lib/x86_64-linux-gnu:/lib/../lib64:/usr/lib/x86_64-linux-gnu:/usr/bin/../lib/gcc/x86_64-linux-gnu/4.9/../../..:/usr/lib/llvm-3.6/bin/../lib:/lib:/usr/lib: No such file or directory
./configure: line 5664: : command not found
./configure: line 5671: : command not found
checking dynamic linker characteristics... GNU/Linux ld.so
checking which extension is used for runtime loadable modules... .so
checking which variable specifies run-time module search path... LD_LIBRARY_PATH
checking for the default library search path... /lib /usr/lib /usr/lib/x86_64-linux-gnu/libfakeroot /usr/local/lib /lib/x86_64-linux-gnu /usr/lib/x86_64-linux-gnu 
checking for library containing dlopen... -ldl
checking for dlerror... yes
checking for shl_load... no
checking for shl_load in -ldld... no
checking for dld_link in -ldld... no
checking for BSD- or MS-compatible name lister (nm)... /usr/bin/nm -B
checking the name lister (/usr/bin/nm -B) interface... BSD nm
checking how to print strings... printf
checking for ld used by x86_64-linux-gnu-gcc... /usr/bin/x86_64-linux-gnu-ld
checking if the linker (/usr/bin/x86_64-linux-gnu-ld) is GNU ld... yes
checking command to parse /usr/bin/nm -B output from x86_64-linux-gnu-gcc object... failed
cat: conftest.c: No such file or directory
checking for _ prefix in compiled symbols... no
checking for dlfcn.h... yes
checking whether deplibs are loaded by dlopen... yes
checking for argz.h... yes
checking for error_t... yes
checking for argz_add... yes
checking for argz_append... yes
checking for argz_count... yes
checking for argz_create_sep... yes
checking for argz_insert... yes
checking for argz_next... yes
checking for argz_stringify... yes
checking if argz actually works... yes
checking for objdir... .libs
checking whether libtool supports -dlopen/-dlpreopen... no
checking for ltdl.h... yes
checking whether lt_dlinterface_register is declared... yes
checking for lt_dladvise_preload in -lltdl... yes
checking where to find libltdl headers... -I/usr/include
checking where to find libltdl library... -L/usr/lib/x86_64-linux-gnu -lltdl
checking for unistd.h... (cached) yes
checking for dl.h... no
checking for sys/dl.h... no
checking for dld.h... no
checking for mach-o/dyld.h... no
checking for dirent.h... yes
checking for closedir... yes
checking for opendir... yes
checking for readdir... yes
checking for strlcat... no
checking for strlcpy... no
checking the maximum length of command line arguments... 1572864
checking how to convert x86_64-pc-linux-gnu file names to x86_64-pc-linux-gnu format... func_convert_file_noop
checking how to convert x86_64-pc-linux-gnu file names to toolchain format... func_convert_file_noop
checking for /usr/bin/x86_64-linux-gnu-ld option to reload object files... -r
checking how to recognize dependent libraries... pass_all
checking for x86_64-linux-gnu-dlltool... no
checking for dlltool... no
checking how to associate runtime and link libraries... printf %s\n
checking for x86_64-linux-gnu-ar... x86_64-linux-gnu-ar
checking for archiver @FILE support... @
checking for x86_64-linux-gnu-strip... x86_64-linux-gnu-strip
checking for x86_64-linux-gnu-ranlib... x86_64-linux-gnu-ranlib
checking for sysroot... no
checking for x86_64-linux-gnu-mt... no
checking for mt... no
checking if : is a manifest tool... no
checking for objdir... (cached) .libs
checking if x86_64-linux-gnu-gcc supports -fno-rtti -fno-exceptions... yes
checking for x86_64-linux-gnu-gcc option to produce PIC... -fPIC -DPIC
checking if x86_64-linux-gnu-gcc PIC flag -fPIC -DPIC works... yes
checking if x86_64-linux-gnu-gcc static flag -static works... yes
checking if x86_64-linux-gnu-gcc supports -c -o file.o... yes
checking if x86_64-linux-gnu-gcc supports -c -o file.o... (cached) yes
checking whether the x86_64-linux-gnu-gcc linker (/usr/bin/x86_64-linux-gnu-ld -m elf_x86_64) supports shared libraries... yes
checking whether -lc should be explicitly linked in... no
checking dynamic linker characteristics... (cached) GNU/Linux ld.so
checking how to hardcode library paths into programs... immediate
checking whether stripping libraries is possible... yes
checking if libtool supports shared libraries... yes
checking whether to build shared libraries... yes
checking whether to build static libraries... yes
checking how to run the C++ preprocessor... x86_64-linux-gnu-g++ -E
checking for ld used by x86_64-linux-gnu-g++... /usr/bin/x86_64-linux-gnu-ld -m elf_x86_64
checking if the linker (/usr/bin/x86_64-linux-gnu-ld -m elf_x86_64) is GNU ld... yes
checking whether the x86_64-linux-gnu-g++ linker (/usr/bin/x86_64-linux-gnu-ld -m elf_x86_64) supports shared libraries... yes
checking for x86_64-linux-gnu-g++ option to produce PIC... -fPIC -DPIC
checking if x86_64-linux-gnu-g++ PIC flag -fPIC -DPIC works... yes
checking if x86_64-linux-gnu-g++ static flag -static works... yes
checking if x86_64-linux-gnu-g++ supports -c -o file.o... yes
checking if x86_64-linux-gnu-g++ supports -c -o file.o... (cached) yes
checking whether the x86_64-linux-gnu-g++ linker (/usr/bin/x86_64-linux-gnu-ld -m elf_x86_64) supports shared libraries... yes
checking dynamic linker characteristics... (cached) GNU/Linux ld.so
checking how to hardcode library paths into programs... immediate
checking for pkg-config... yes
checking for x86_64-linux-gnu-pkg-config... no
checking for pkg-config... /usr/bin/pkg-config
checking pkg-config is at least version 0.9.0... yes
checking for ACE... yes
checking string usability... yes
checking string presence... yes
checking for string... yes
checking algorithm usability... yes
checking algorithm presence... yes
checking for algorithm... yes
checking exception usability... yes
checking exception presence... yes
checking for exception... yes
checking cstdio usability... yes
checking cstdio presence... yes
checking for cstdio... yes
checking cstdlib usability... yes
checking cstdlib presence... yes
checking for cstdlib... yes
checking cassert usability... yes
checking cassert presence... yes
checking for cassert... yes
checking fstream usability... yes
checking fstream presence... yes
checking for fstream... yes
checking map usability... yes
checking map presence... yes
checking for map... yes
checking stack usability... yes
checking stack presence... yes
checking for stack... yes
checking sstream usability... yes
checking sstream presence... yes
checking for sstream... yes
checking iostream usability... yes
checking iostream presence... yes
checking for iostream... yes
checking utility usability... yes
checking utility presence... yes
checking for utility... yes
checking limits usability... yes
checking limits presence... yes
checking for limits... yes
checking cmath usability... yes
checking cmath presence... yes
checking for cmath... yes
checking vector usability... yes
checking vector presence... yes
checking for vector... yes
checking for addr2line... yes
checking link.h usability... yes
checking link.h presence... yes
checking for link.h... yes
checking for pid_t... yes
checking for size_t... yes
checking for ptrdiff_t... yes
checking for stdlib.h... (cached) yes
checking for GNU libc compatible malloc... yes
checking for atexit... yes
checking for gettimeofday... yes
checking for x86_64-linux-gnu-doxygen... no
checking for doxygen... no
configure: WARNING: doxygen not found - will not generate any doxygen documentation
checking for x86_64-linux-gnu-perl... no
checking for perl... /usr/bin/perl
configure: creating ./config.status
config.status: creating diagnostics/extensions/stacktrace/Makefile
config.status: creating diagnostics/basic_exceptions/Makefile
config.status: creating diagnostics/unittest/test_system/Makefile
config.status: creating diagnostics/extensions/memory/Makefile
config.status: creating diagnostics/extensions/instrumentation/Makefile
config.status: creating diagnostics/unittest/Makefile
config.status: creating diagnostics/macros/Makefile
config.status: creating diagnostics/frame/Makefile
config.status: creating diagnostics/extensions/Makefile
config.status: creating diagnostics/util/Makefile
config.status: creating diagnostics/logger/Makefile
config.status: creating diagnostics/Makefile
config.status: creating Makefile
config.status: creating config.h
config.status: executing diagnostics/features.hpp commands
config.status: creating diagnostics/features.hpp - prefix DIAGNOSTICS for config.h defines
config.status: executing depfiles commands
config.status: executing libtool commands
=== configuring in libltdl (/«PKGBUILDDIR»/libltdl)
configure: running /bin/bash ./configure --disable-option-checking '--prefix=/usr'  '--host=x86_64-linux-gnu' '--build=x86_64-linux-gnu' '--mandir=${prefix}/share/man' '--infodir=${prefix}/share/info' '--disable-update-makefiles' '--with-ltdl-include=/usr/include' '--with-ltdl-lib=/usr/lib/x86_64-linux-gnu' 'CXXFLAGS=-g -O2 -fstack-protector-strong -Wformat -Werror=format-security -Wall -Werror -pedantic -Wno-unused-function' 'build_alias=x86_64-linux-gnu' 'host_alias=x86_64-linux-gnu' 'LDFLAGS=-Wl,-z,relro' 'CPPFLAGS=-D_FORTIFY_SOURCE=2' 'CFLAGS=-g -O2 -fstack-protector-strong -Wformat -Werror=format-security' '--enable-ltdl-convenience' --cache-file=/dev/null --srcdir=.
checking for a BSD-compatible install... /usr/bin/install -c
checking whether build environment is sane... yes
checking for a thread-safe mkdir -p... /bin/mkdir -p
checking for gawk... no
checking for mawk... mawk
checking whether make sets $(MAKE)... yes
checking whether make supports nested variables... yes
checking build system type... x86_64-pc-linux-gnu
checking host system type... x86_64-pc-linux-gnu
checking how to print strings... printf
checking for style of include used by make... GNU
checking for x86_64-linux-gnu-gcc... x86_64-linux-gnu-gcc
checking whether the C compiler works... yes
checking for C compiler default output file name... a.out
checking for suffix of executables... 
checking whether we are cross compiling... no
checking for suffix of object files... o
checking whether we are using the GNU C compiler... yes
checking whether x86_64-linux-gnu-gcc accepts -g... yes
checking for x86_64-linux-gnu-gcc option to accept ISO C89... none needed
checking whether x86_64-linux-gnu-gcc understands -c and -o together... yes
checking dependency style of x86_64-linux-gnu-gcc... gcc3
checking for a sed that does not truncate output... /bin/sed
checking for grep that handles long lines and -e... /bin/grep
checking for egrep... /bin/grep -E
checking for fgrep... /bin/grep -F
checking for ld used by x86_64-linux-gnu-gcc... /usr/bin/x86_64-linux-gnu-ld
checking if the linker (/usr/bin/x86_64-linux-gnu-ld) is GNU ld... yes
checking for BSD- or MS-compatible name lister (nm)... /usr/bin/nm -B
checking the name lister (/usr/bin/nm -B) interface... BSD nm
checking whether ln -s works... yes
checking the maximum length of command line arguments... 1572864
checking whether the shell understands some XSI constructs... yes
checking whether the shell understands "+="... yes
checking how to convert x86_64-pc-linux-gnu file names to x86_64-pc-linux-gnu format... func_convert_file_noop
checking how to convert x86_64-pc-linux-gnu file names to toolchain format... func_convert_file_noop
checking for /usr/bin/x86_64-linux-gnu-ld option to reload object files... -r
checking for x86_64-linux-gnu-objdump... x86_64-linux-gnu-objdump
checking how to recognize dependent libraries... pass_all
checking for x86_64-linux-gnu-dlltool... no
checking for dlltool... no
checking how to associate runtime and link libraries... printf %s\n
checking for x86_64-linux-gnu-ar... x86_64-linux-gnu-ar
checking for archiver @FILE support... @
checking for x86_64-linux-gnu-strip... x86_64-linux-gnu-strip
checking for x86_64-linux-gnu-ranlib... x86_64-linux-gnu-ranlib
checking command to parse /usr/bin/nm -B output from x86_64-linux-gnu-gcc object... ok
checking for sysroot... no
checking for x86_64-linux-gnu-mt... no
checking for mt... no
checking if : is a manifest tool... no
checking how to run the C preprocessor... x86_64-linux-gnu-gcc -E
checking for ANSI C header files... yes
checking for sys/types.h... yes
checking for sys/stat.h... yes
checking for stdlib.h... yes
checking for string.h... yes
checking for memory.h... yes
checking for strings.h... yes
checking for inttypes.h... yes
checking for stdint.h... yes
checking for unistd.h... yes
checking for dlfcn.h... yes
checking for objdir... .libs
checking if x86_64-linux-gnu-gcc supports -fno-rtti -fno-exceptions... yes
checking for x86_64-linux-gnu-gcc option to produce PIC... -fPIC -DPIC
checking if x86_64-linux-gnu-gcc PIC flag -fPIC -DPIC works... yes
checking if x86_64-linux-gnu-gcc static flag -static works... yes
checking if x86_64-linux-gnu-gcc supports -c -o file.o... yes
checking if x86_64-linux-gnu-gcc supports -c -o file.o... (cached) yes
checking whether the x86_64-linux-gnu-gcc linker (/usr/bin/x86_64-linux-gnu-ld -m elf_x86_64) supports shared libraries... yes
checking whether -lc should be explicitly linked in... no
checking dynamic linker characteristics... GNU/Linux ld.so
checking how to hardcode library paths into programs... immediate
checking for shl_load... no
checking for shl_load in -ldld... no
checking for dlopen... no
checking for dlopen in -ldl... yes
checking whether a program can dlopen itself... yes
checking whether a statically linked program can dlopen itself... no
checking whether stripping libraries is possible... yes
checking if libtool supports shared libraries... yes
checking whether to build shared libraries... yes
checking whether to build static libraries... yes
checking which extension is used for runtime loadable modules... .so
checking which variable specifies run-time module search path... LD_LIBRARY_PATH
checking for the default library search path... /lib /usr/lib /usr/lib/x86_64-linux-gnu/libfakeroot /usr/local/lib /lib/x86_64-linux-gnu /usr/lib/x86_64-linux-gnu 
checking for library containing dlopen... -ldl
checking for dlerror... yes
checking for shl_load... (cached) no
checking for shl_load in -ldld... (cached) no
checking for dld_link in -ldld... no
checking for _ prefix in compiled symbols... no
checking whether deplibs are loaded by dlopen... yes
checking for argz.h... yes
checking for error_t... yes
checking for argz_add... yes
checking for argz_append... yes
checking for argz_count... yes
checking for argz_create_sep... yes
checking for argz_insert... yes
checking for argz_next... yes
checking for argz_stringify... yes
checking if argz actually works... yes
checking whether libtool supports -dlopen/-dlpreopen... yes
checking for unistd.h... (cached) yes
checking for dl.h... no
checking for sys/dl.h... no
checking for dld.h... no
checking for mach-o/dyld.h... no
checking for dirent.h... yes
checking for closedir... yes
checking for opendir... yes
checking for readdir... yes
checking for strlcat... no
checking for strlcpy... no
checking that generated files are newer than configure... done
configure: creating ./config.status
config.status: creating Makefile
config.status: creating config.h
config.status: executing depfiles commands
config.status: executing libtool commands
make[1]: Leaving directory '/«PKGBUILDDIR»'
   dh_auto_build -a
make[1]: Entering directory '/«PKGBUILDDIR»'
rm -f *.o *.lo *.la
rm -f diag_stamp_*
touch diag_stamp_2
make  all-recursive
make[2]: Entering directory '/«PKGBUILDDIR»'
Making all in .
make[3]: Entering directory '/«PKGBUILDDIR»'
if test -f ./config/update-makefiles ; then \
	./config/update-makefiles  --disable diagnostics/ ; fi
make[3]: Leaving directory '/«PKGBUILDDIR»'
Making all in diagnostics
make[3]: Entering directory '/«PKGBUILDDIR»/diagnostics'
rm -f *.o *.lo *.la
rm -f diag_stamp_*
touch diag_stamp_2
make  all-recursive
make[4]: Entering directory '/«PKGBUILDDIR»/diagnostics'
Making all in extensions
make[5]: Entering directory '/«PKGBUILDDIR»/diagnostics/extensions'
rm -f *.o *.lo *.la
rm -f diag_stamp_*
touch diag_stamp_2
make  all-recursive
make[6]: Entering directory '/«PKGBUILDDIR»/diagnostics/extensions'
Making all in instrumentation
make[7]: Entering directory '/«PKGBUILDDIR»/diagnostics/extensions/instrumentation'
rm -f *.o *.lo *.la
rm -f diag_stamp_*
touch diag_stamp_2
make  all-recursive
make[8]: Entering directory '/«PKGBUILDDIR»/diagnostics/extensions/instrumentation'
make[9]: Entering directory '/«PKGBUILDDIR»/diagnostics/extensions/instrumentation'
/bin/bash ../../../libtool --tag=CXX   --mode=compile x86_64-linux-gnu-g++ -DHAVE_CONFIG_H   -I../../.. -DDEBUG__LEVEL__=2 -I/usr/include -D_FORTIFY_SOURCE=2  -g -O2 -fstack-protector-strong -Wformat -Werror=format-security -Wall -Werror -pedantic -Wno-unused-function -MT load_symbol.lo -MD -MP -MF .deps/load_symbol.Tpo -c -o load_symbol.lo load_symbol.cpp
libtool: compile:  x86_64-linux-gnu-g++ -DHAVE_CONFIG_H -I../../.. -DDEBUG__LEVEL__=2 -I/usr/include -D_FORTIFY_SOURCE=2 -g -O2 -fstack-protector-strong -Wformat -Werror=format-security -Wall -Werror -pedantic -Wno-unused-function -MT load_symbol.lo -MD -MP -MF .deps/load_symbol.Tpo -c load_symbol.cpp  -fPIC -DPIC -o .libs/load_symbol.o
libtool: compile:  x86_64-linux-gnu-g++ -DHAVE_CONFIG_H -I../../.. -DDEBUG__LEVEL__=2 -I/usr/include -D_FORTIFY_SOURCE=2 -g -O2 -fstack-protector-strong -Wformat -Werror=format-security -Wall -Werror -pedantic -Wno-unused-function -MT load_symbol.lo -MD -MP -MF .deps/load_symbol.Tpo -c load_symbol.cpp -o load_symbol.o >/dev/null 2>&1
mv -f .deps/load_symbol.Tpo .deps/load_symbol.Plo
/bin/bash ../../../libtool --tag=CXX   --mode=link x86_64-linux-gnu-g++  -g -O2 -fstack-protector-strong -Wformat -Werror=format-security -Wall -Werror -pedantic -Wno-unused-function  -Wl,-z,relro -lACE -lpthread -o libinstrumentation.la  load_symbol.lo  -ldl 
libtool: link: x86_64-linux-gnu-ar cru .libs/libinstrumentation.a .libs/load_symbol.o 
libtool: link: x86_64-linux-gnu-ranlib .libs/libinstrumentation.a
libtool: link: ( cd ".libs" && rm -f "libinstrumentation.la" && ln -s "../libinstrumentation.la" "libinstrumentation.la" )
make[9]: Leaving directory '/«PKGBUILDDIR»/diagnostics/extensions/instrumentation'
make[8]: Leaving directory '/«PKGBUILDDIR»/diagnostics/extensions/instrumentation'
make[7]: Leaving directory '/«PKGBUILDDIR»/diagnostics/extensions/instrumentation'
Making all in memory
make[7]: Entering directory '/«PKGBUILDDIR»/diagnostics/extensions/memory'
rm -f *.o *.lo *.la
rm -f diag_stamp_*
touch diag_stamp_2
make  all-recursive
make[8]: Entering directory '/«PKGBUILDDIR»/diagnostics/extensions/memory'
make[9]: Entering directory '/«PKGBUILDDIR»/diagnostics/extensions/memory'
/bin/bash ../../../libtool --tag=CXX   --mode=compile x86_64-linux-gnu-g++ -DHAVE_CONFIG_H   -I../../.. -DDEBUG__LEVEL__=2 -D_FORTIFY_SOURCE=2  -g -O2 -fstack-protector-strong -Wformat -Werror=format-security -Wall -Werror -pedantic -Wno-unused-function -MT allocation_database.lo -MD -MP -MF .deps/allocation_database.Tpo -c -o allocation_database.lo allocation_database.cpp
libtool: compile:  x86_64-linux-gnu-g++ -DHAVE_CONFIG_H -I../../.. -DDEBUG__LEVEL__=2 -D_FORTIFY_SOURCE=2 -g -O2 -fstack-protector-strong -Wformat -Werror=format-security -Wall -Werror -pedantic -Wno-unused-function -MT allocation_database.lo -MD -MP -MF .deps/allocation_database.Tpo -c allocation_database.cpp  -fPIC -DPIC -o .libs/allocation_database.o
libtool: compile:  x86_64-linux-gnu-g++ -DHAVE_CONFIG_H -I../../.. -DDEBUG__LEVEL__=2 -D_FORTIFY_SOURCE=2 -g -O2 -fstack-protector-strong -Wformat -Werror=format-security -Wall -Werror -pedantic -Wno-unused-function -MT allocation_database.lo -MD -MP -MF .deps/allocation_database.Tpo -c allocation_database.cpp -o allocation_database.o >/dev/null 2>&1
mv -f .deps/allocation_database.Tpo .deps/allocation_database.Plo
/bin/bash ../../../libtool --tag=CXX   --mode=compile x86_64-linux-gnu-g++ -DHAVE_CONFIG_H   -I../../.. -DDEBUG__LEVEL__=2 -D_FORTIFY_SOURCE=2  -g -O2 -fstack-protector-strong -Wformat -Werror=format-security -Wall -Werror -pedantic -Wno-unused-function -MT annotations.lo -MD -MP -MF .deps/annotations.Tpo -c -o annotations.lo annotations.cpp
libtool: compile:  x86_64-linux-gnu-g++ -DHAVE_CONFIG_H -I../../.. -DDEBUG__LEVEL__=2 -D_FORTIFY_SOURCE=2 -g -O2 -fstack-protector-strong -Wformat -Werror=format-security -Wall -Werror -pedantic -Wno-unused-function -MT annotations.lo -MD -MP -MF .deps/annotations.Tpo -c annotations.cpp  -fPIC -DPIC -o .libs/annotations.o
libtool: compile:  x86_64-linux-gnu-g++ -DHAVE_CONFIG_H -I../../.. -DDEBUG__LEVEL__=2 -D_FORTIFY_SOURCE=2 -g -O2 -fstack-protector-strong -Wformat -Werror=format-security -Wall -Werror -pedantic -Wno-unused-function -MT annotations.lo -MD -MP -MF .deps/annotations.Tpo -c annotations.cpp -o annotations.o >/dev/null 2>&1
mv -f .deps/annotations.Tpo .deps/annotations.Plo
/bin/bash ../../../libtool --tag=CXX   --mode=link x86_64-linux-gnu-g++  -g -O2 -fstack-protector-strong -Wformat -Werror=format-security -Wall -Werror -pedantic -Wno-unused-function  -Wl,-z,relro -lACE -lpthread -o libmemory.la  allocation_database.lo annotations.lo  -ldl 
libtool: link: x86_64-linux-gnu-ar cru .libs/libmemory.a .libs/allocation_database.o .libs/annotations.o 
libtool: link: x86_64-linux-gnu-ranlib .libs/libmemory.a
libtool: link: ( cd ".libs" && rm -f "libmemory.la" && ln -s "../libmemory.la" "libmemory.la" )
/bin/bash ../../../libtool --tag=CXX   --mode=compile x86_64-linux-gnu-g++ -DHAVE_CONFIG_H   -I../../.. -DDEBUG__LEVEL__=2 -D_FORTIFY_SOURCE=2  -g -O2 -fstack-protector-strong -Wformat -Werror=format-security -Wall -Werror -pedantic -Wno-unused-function -MT dummy.ts.lo -MD -MP -MF .deps/dummy.ts.Tpo -c -o dummy.ts.lo dummy.ts.cpp
libtool: compile:  x86_64-linux-gnu-g++ -DHAVE_CONFIG_H -I../../.. -DDEBUG__LEVEL__=2 -D_FORTIFY_SOURCE=2 -g -O2 -fstack-protector-strong -Wformat -Werror=format-security -Wall -Werror -pedantic -Wno-unused-function -MT dummy.ts.lo -MD -MP -MF .deps/dummy.ts.Tpo -c dummy.ts.cpp  -fPIC -DPIC -o .libs/dummy.ts.o
libtool: compile:  x86_64-linux-gnu-g++ -DHAVE_CONFIG_H -I../../.. -DDEBUG__LEVEL__=2 -D_FORTIFY_SOURCE=2 -g -O2 -fstack-protector-strong -Wformat -Werror=format-security -Wall -Werror -pedantic -Wno-unused-function -MT dummy.ts.lo -MD -MP -MF .deps/dummy.ts.Tpo -c dummy.ts.cpp -o dummy.ts.o >/dev/null 2>&1
mv -f .deps/dummy.ts.Tpo .deps/dummy.ts.Plo
/bin/bash ../../../libtool --tag=CXX   --mode=link x86_64-linux-gnu-g++  -g -O2 -fstack-protector-strong -Wformat -Werror=format-security -Wall -Werror -pedantic -Wno-unused-function  -Wl,-z,relro -lACE -lpthread -o libdummy_ts.la  dummy.ts.lo  -ldl 
libtool: link: x86_64-linux-gnu-ar cru .libs/libdummy_ts.a .libs/dummy.ts.o 
libtool: link: x86_64-linux-gnu-ranlib .libs/libdummy_ts.a
libtool: link: ( cd ".libs" && rm -f "libdummy_ts.la" && ln -s "../libdummy_ts.la" "libdummy_ts.la" )
make[9]: Leaving directory '/«PKGBUILDDIR»/diagnostics/extensions/memory'
make[8]: Leaving directory '/«PKGBUILDDIR»/diagnostics/extensions/memory'
make[7]: Leaving directory '/«PKGBUILDDIR»/diagnostics/extensions/memory'
Making all in stacktrace
make[7]: Entering directory '/«PKGBUILDDIR»/diagnostics/extensions/stacktrace'
rm -f *.o *.lo *.la
rm -f diag_stamp_*
touch diag_stamp_2
make  all-recursive
make[8]: Entering directory '/«PKGBUILDDIR»/diagnostics/extensions/stacktrace'
make[9]: Entering directory '/«PKGBUILDDIR»/diagnostics/extensions/stacktrace'
/bin/bash ../../../libtool --tag=CXX   --mode=compile x86_64-linux-gnu-g++ -DHAVE_CONFIG_H   -I../../.. -DDEBUG__LEVEL__=2 -D_FORTIFY_SOURCE=2 -g -O2 -fstack-protector-strong -Wformat -Werror=format-security -Wall -Werror -pedantic -Wno-unused-function  -MT posix.lo -MD -MP -MF .deps/posix.Tpo -c -o posix.lo posix.cpp
libtool: compile:  x86_64-linux-gnu-g++ -DHAVE_CONFIG_H -I../../.. -DDEBUG__LEVEL__=2 -D_FORTIFY_SOURCE=2 -g -O2 -fstack-protector-strong -Wformat -Werror=format-security -Wall -Werror -pedantic -Wno-unused-function -MT posix.lo -MD -MP -MF .deps/posix.Tpo -c posix.cpp  -fPIC -DPIC -o .libs/posix.o
libtool: compile:  x86_64-linux-gnu-g++ -DHAVE_CONFIG_H -I../../.. -DDEBUG__LEVEL__=2 -D_FORTIFY_SOURCE=2 -g -O2 -fstack-protector-strong -Wformat -Werror=format-security -Wall -Werror -pedantic -Wno-unused-function -MT posix.lo -MD -MP -MF .deps/posix.Tpo -c posix.cpp -o posix.o >/dev/null 2>&1
mv -f .deps/posix.Tpo .deps/posix.Plo
/bin/bash ../../../libtool --tag=CXX   --mode=compile x86_64-linux-gnu-g++ -DHAVE_CONFIG_H   -I../../.. -DDEBUG__LEVEL__=2 -D_FORTIFY_SOURCE=2 -g -O2 -fstack-protector-strong -Wformat -Werror=format-security -Wall -Werror -pedantic -Wno-unused-function  -MT posix_descriptor.lo -MD -MP -MF .deps/posix_descriptor.Tpo -c -o posix_descriptor.lo posix_descriptor.cpp
libtool: compile:  x86_64-linux-gnu-g++ -DHAVE_CONFIG_H -I../../.. -DDEBUG__LEVEL__=2 -D_FORTIFY_SOURCE=2 -g -O2 -fstack-protector-strong -Wformat -Werror=format-security -Wall -Werror -pedantic -Wno-unused-function -MT posix_descriptor.lo -MD -MP -MF .deps/posix_descriptor.Tpo -c posix_descriptor.cpp  -fPIC -DPIC -o .libs/posix_descriptor.o
libtool: compile:  x86_64-linux-gnu-g++ -DHAVE_CONFIG_H -I../../.. -DDEBUG__LEVEL__=2 -D_FORTIFY_SOURCE=2 -g -O2 -fstack-protector-strong -Wformat -Werror=format-security -Wall -Werror -pedantic -Wno-unused-function -MT posix_descriptor.lo -MD -MP -MF .deps/posix_descriptor.Tpo -c posix_descriptor.cpp -o posix_descriptor.o >/dev/null 2>&1
mv -f .deps/posix_descriptor.Tpo .deps/posix_descriptor.Plo
/bin/bash ../../../libtool --tag=CXX   --mode=compile x86_64-linux-gnu-g++ -DHAVE_CONFIG_H   -I../../.. -DDEBUG__LEVEL__=2 -D_FORTIFY_SOURCE=2 -g -O2 -fstack-protector-strong -Wformat -Werror=format-security -Wall -Werror -pedantic -Wno-unused-function  -MT posix_error.lo -MD -MP -MF .deps/posix_error.Tpo -c -o posix_error.lo posix_error.cpp
libtool: compile:  x86_64-linux-gnu-g++ -DHAVE_CONFIG_H -I../../.. -DDEBUG__LEVEL__=2 -D_FORTIFY_SOURCE=2 -g -O2 -fstack-protector-strong -Wformat -Werror=format-security -Wall -Werror -pedantic -Wno-unused-function -MT posix_error.lo -MD -MP -MF .deps/posix_error.Tpo -c posix_error.cpp  -fPIC -DPIC -o .libs/posix_error.o
libtool: compile:  x86_64-linux-gnu-g++ -DHAVE_CONFIG_H -I../../.. -DDEBUG__LEVEL__=2 -D_FORTIFY_SOURCE=2 -g -O2 -fstack-protector-strong -Wformat -Werror=format-security -Wall -Werror -pedantic -Wno-unused-function -MT posix_error.lo -MD -MP -MF .deps/posix_error.Tpo -c posix_error.cpp -o posix_error.o >/dev/null 2>&1
mv -f .deps/posix_error.Tpo .deps/posix_error.Plo
/bin/bash ../../../libtool --tag=CXX   --mode=compile x86_64-linux-gnu-g++ -DHAVE_CONFIG_H   -I../../.. -DDEBUG__LEVEL__=2 -D_FORTIFY_SOURCE=2 -g -O2 -fstack-protector-strong -Wformat -Werror=format-security -Wall -Werror -pedantic -Wno-unused-function  -MT posix_error_string.lo -MD -MP -MF .deps/posix_error_string.Tpo -c -o posix_error_string.lo posix_error_string.cpp
libtool: compile:  x86_64-linux-gnu-g++ -DHAVE_CONFIG_H -I../../.. -DDEBUG__LEVEL__=2 -D_FORTIFY_SOURCE=2 -g -O2 -fstack-protector-strong -Wformat -Werror=format-security -Wall -Werror -pedantic -Wno-unused-function -MT posix_error_string.lo -MD -MP -MF .deps/posix_error_string.Tpo -c posix_error_string.cpp  -fPIC -DPIC -o .libs/posix_error_string.o
libtool: compile:  x86_64-linux-gnu-g++ -DHAVE_CONFIG_H -I../../.. -DDEBUG__LEVEL__=2 -D_FORTIFY_SOURCE=2 -g -O2 -fstack-protector-strong -Wformat -Werror=format-security -Wall -Werror -pedantic -Wno-unused-function -MT posix_error_string.lo -MD -MP -MF .deps/posix_error_string.Tpo -c posix_error_string.cpp -o posix_error_string.o >/dev/null 2>&1
mv -f .deps/posix_error_string.Tpo .deps/posix_error_string.Plo
/bin/bash ../../../libtool --tag=CXX   --mode=compile x86_64-linux-gnu-g++ -DHAVE_CONFIG_H   -I../../.. -DDEBUG__LEVEL__=2 -D_FORTIFY_SOURCE=2 -g -O2 -fstack-protector-strong -Wformat -Werror=format-security -Wall -Werror -pedantic -Wno-unused-function  -MT posix_pipe.lo -MD -MP -MF .deps/posix_pipe.Tpo -c -o posix_pipe.lo posix_pipe.cpp
libtool: compile:  x86_64-linux-gnu-g++ -DHAVE_CONFIG_H -I../../.. -DDEBUG__LEVEL__=2 -D_FORTIFY_SOURCE=2 -g -O2 -fstack-protector-strong -Wformat -Werror=format-security -Wall -Werror -pedantic -Wno-unused-function -MT posix_pipe.lo -MD -MP -MF .deps/posix_pipe.Tpo -c posix_pipe.cpp  -fPIC -DPIC -o .libs/posix_pipe.o
libtool: compile:  x86_64-linux-gnu-g++ -DHAVE_CONFIG_H -I../../.. -DDEBUG__LEVEL__=2 -D_FORTIFY_SOURCE=2 -g -O2 -fstack-protector-strong -Wformat -Werror=format-security -Wall -Werror -pedantic -Wno-unused-function -MT posix_pipe.lo -MD -MP -MF .deps/posix_pipe.Tpo -c posix_pipe.cpp -o posix_pipe.o >/dev/null 2>&1
mv -f .deps/posix_pipe.Tpo .deps/posix_pipe.Plo
/bin/bash ../../../libtool --tag=CXX   --mode=compile x86_64-linux-gnu-g++ -DHAVE_CONFIG_H   -I../../.. -DDEBUG__LEVEL__=2 -D_FORTIFY_SOURCE=2 -g -O2 -fstack-protector-strong -Wformat -Werror=format-security -Wall -Werror -pedantic -Wno-unused-function  -MT posix_process.lo -MD -MP -MF .deps/posix_process.Tpo -c -o posix_process.lo posix_process.cpp
libtool: compile:  x86_64-linux-gnu-g++ -DHAVE_CONFIG_H -I../../.. -DDEBUG__LEVEL__=2 -D_FORTIFY_SOURCE=2 -g -O2 -fstack-protector-strong -Wformat -Werror=format-security -Wall -Werror -pedantic -Wno-unused-function -MT posix_process.lo -MD -MP -MF .deps/posix_process.Tpo -c posix_process.cpp  -fPIC -DPIC -o .libs/posix_process.o
libtool: compile:  x86_64-linux-gnu-g++ -DHAVE_CONFIG_H -I../../.. -DDEBUG__LEVEL__=2 -D_FORTIFY_SOURCE=2 -g -O2 -fstack-protector-strong -Wformat -Werror=format-security -Wall -Werror -pedantic -Wno-unused-function -MT posix_process.lo -MD -MP -MF .deps/posix_process.Tpo -c posix_process.cpp -o posix_process.o >/dev/null 2>&1
mv -f .deps/posix_process.Tpo .deps/posix_process.Plo
/bin/bash ../../../libtool --tag=CXX   --mode=compile x86_64-linux-gnu-g++ -DHAVE_CONFIG_H   -I../../.. -DDEBUG__LEVEL__=2 -D_FORTIFY_SOURCE=2 -g -O2 -fstack-protector-strong -Wformat -Werror=format-security -Wall -Werror -pedantic -Wno-unused-function  -MT traceback_addr2line.lo -MD -MP -MF .deps/traceback_addr2line.Tpo -c -o traceback_addr2line.lo traceback_addr2line.cpp
libtool: compile:  x86_64-linux-gnu-g++ -DHAVE_CONFIG_H -I../../.. -DDEBUG__LEVEL__=2 -D_FORTIFY_SOURCE=2 -g -O2 -fstack-protector-strong -Wformat -Werror=format-security -Wall -Werror -pedantic -Wno-unused-function -MT traceback_addr2line.lo -MD -MP -MF .deps/traceback_addr2line.Tpo -c traceback_addr2line.cpp  -fPIC -DPIC -o .libs/traceback_addr2line.o
libtool: compile:  x86_64-linux-gnu-g++ -DHAVE_CONFIG_H -I../../.. -DDEBUG__LEVEL__=2 -D_FORTIFY_SOURCE=2 -g -O2 -fstack-protector-strong -Wformat -Werror=format-security -Wall -Werror -pedantic -Wno-unused-function -MT traceback_addr2line.lo -MD -MP -MF .deps/traceback_addr2line.Tpo -c traceback_addr2line.cpp -o traceback_addr2line.o >/dev/null 2>&1
mv -f .deps/traceback_addr2line.Tpo .deps/traceback_addr2line.Plo
/bin/bash ../../../libtool --tag=CXX   --mode=compile x86_64-linux-gnu-g++ -DHAVE_CONFIG_H   -I../../.. -DDEBUG__LEVEL__=2 -D_FORTIFY_SOURCE=2 -g -O2 -fstack-protector-strong -Wformat -Werror=format-security -Wall -Werror -pedantic -Wno-unused-function  -MT traceback_handler.lo -MD -MP -MF .deps/traceback_handler.Tpo -c -o traceback_handler.lo traceback_handler.cpp
libtool: compile:  x86_64-linux-gnu-g++ -DHAVE_CONFIG_H -I../../.. -DDEBUG__LEVEL__=2 -D_FORTIFY_SOURCE=2 -g -O2 -fstack-protector-strong -Wformat -Werror=format-security -Wall -Werror -pedantic -Wno-unused-function -MT traceback_handler.lo -MD -MP -MF .deps/traceback_handler.Tpo -c traceback_handler.cpp  -fPIC -DPIC -o .libs/traceback_handler.o
libtool: compile:  x86_64-linux-gnu-g++ -DHAVE_CONFIG_H -I../../.. -DDEBUG__LEVEL__=2 -D_FORTIFY_SOURCE=2 -g -O2 -fstack-protector-strong -Wformat -Werror=format-security -Wall -Werror -pedantic -Wno-unused-function -MT traceback_handler.lo -MD -MP -MF .deps/traceback_handler.Tpo -c traceback_handler.cpp -o traceback_handler.o >/dev/null 2>&1
mv -f .deps/traceback_handler.Tpo .deps/traceback_handler.Plo
/bin/bash ../../../libtool --tag=CXX   --mode=compile x86_64-linux-gnu-g++ -DHAVE_CONFIG_H   -I../../.. -DDEBUG__LEVEL__=2 -D_FORTIFY_SOURCE=2 -g -O2 -fstack-protector-strong -Wformat -Werror=format-security -Wall -Werror -pedantic -Wno-unused-function  -MT traceback_resolve.lo -MD -MP -MF .deps/traceback_resolve.Tpo -c -o traceback_resolve.lo traceback_resolve.cpp
libtool: compile:  x86_64-linux-gnu-g++ -DHAVE_CONFIG_H -I../../.. -DDEBUG__LEVEL__=2 -D_FORTIFY_SOURCE=2 -g -O2 -fstack-protector-strong -Wformat -Werror=format-security -Wall -Werror -pedantic -Wno-unused-function -MT traceback_resolve.lo -MD -MP -MF .deps/traceback_resolve.Tpo -c traceback_resolve.cpp  -fPIC -DPIC -o .libs/traceback_resolve.o
libtool: compile:  x86_64-linux-gnu-g++ -DHAVE_CONFIG_H -I../../.. -DDEBUG__LEVEL__=2 -D_FORTIFY_SOURCE=2 -g -O2 -fstack-protector-strong -Wformat -Werror=format-security -Wall -Werror -pedantic -Wno-unused-function -MT traceback_resolve.lo -MD -MP -MF .deps/traceback_resolve.Tpo -c traceback_resolve.cpp -o traceback_resolve.o >/dev/null 2>&1
mv -f .deps/traceback_resolve.Tpo .deps/traceback_resolve.Plo
/bin/bash ../../../libtool --tag=CXX   --mode=compile x86_64-linux-gnu-g++ -DHAVE_CONFIG_H   -I../../.. -DDEBUG__LEVEL__=2 -D_FORTIFY_SOURCE=2 -g -O2 -fstack-protector-strong -Wformat -Werror=format-security -Wall -Werror -pedantic -Wno-unused-function  -MT traceback_walk.lo -MD -MP -MF .deps/traceback_walk.Tpo -c -o traceback_walk.lo traceback_walk.cpp
libtool: compile:  x86_64-linux-gnu-g++ -DHAVE_CONFIG_H -I../../.. -DDEBUG__LEVEL__=2 -D_FORTIFY_SOURCE=2 -g -O2 -fstack-protector-strong -Wformat -Werror=format-security -Wall -Werror -pedantic -Wno-unused-function -MT traceback_walk.lo -MD -MP -MF .deps/traceback_walk.Tpo -c traceback_walk.cpp  -fPIC -DPIC -o .libs/traceback_walk.o
libtool: compile:  x86_64-linux-gnu-g++ -DHAVE_CONFIG_H -I../../.. -DDEBUG__LEVEL__=2 -D_FORTIFY_SOURCE=2 -g -O2 -fstack-protector-strong -Wformat -Werror=format-security -Wall -Werror -pedantic -Wno-unused-function -MT traceback_walk.lo -MD -MP -MF .deps/traceback_walk.Tpo -c traceback_walk.cpp -o traceback_walk.o >/dev/null 2>&1
mv -f .deps/traceback_walk.Tpo .deps/traceback_walk.Plo
/bin/bash ../../../libtool --tag=CXX   --mode=link x86_64-linux-gnu-g++ -g -O2 -fstack-protector-strong -Wformat -Werror=format-security -Wall -Werror -pedantic -Wno-unused-function   -Wl,-z,relro -lACE -lpthread -o libstacktrace.la  posix.lo posix_descriptor.lo posix_error.lo posix_error_string.lo posix_pipe.lo posix_process.lo traceback_addr2line.lo traceback_handler.lo traceback_resolve.lo traceback_walk.lo  -ldl 
libtool: link: x86_64-linux-gnu-ar cru .libs/libstacktrace.a .libs/posix.o .libs/posix_descriptor.o .libs/posix_error.o .libs/posix_error_string.o .libs/posix_pipe.o .libs/posix_process.o .libs/traceback_addr2line.o .libs/traceback_handler.o .libs/traceback_resolve.o .libs/traceback_walk.o 
libtool: link: x86_64-linux-gnu-ranlib .libs/libstacktrace.a
libtool: link: ( cd ".libs" && rm -f "libstacktrace.la" && ln -s "../libstacktrace.la" "libstacktrace.la" )
make[9]: Leaving directory '/«PKGBUILDDIR»/diagnostics/extensions/stacktrace'
make[8]: Leaving directory '/«PKGBUILDDIR»/diagnostics/extensions/stacktrace'
make[7]: Leaving directory '/«PKGBUILDDIR»/diagnostics/extensions/stacktrace'
make[7]: Entering directory '/«PKGBUILDDIR»/diagnostics/extensions'
make[7]: Nothing to be done for 'all-am'.
make[7]: Leaving directory '/«PKGBUILDDIR»/diagnostics/extensions'
make[6]: Leaving directory '/«PKGBUILDDIR»/diagnostics/extensions'
make[5]: Leaving directory '/«PKGBUILDDIR»/diagnostics/extensions'
Making all in frame
make[5]: Entering directory '/«PKGBUILDDIR»/diagnostics/frame'
rm -f *.o *.lo *.la
rm -f diag_stamp_*
touch diag_stamp_2
make  all-recursive
make[6]: Entering directory '/«PKGBUILDDIR»/diagnostics/frame'
make[7]: Entering directory '/«PKGBUILDDIR»/diagnostics/frame'
/bin/bash ../../libtool --tag=CXX   --mode=compile x86_64-linux-gnu-g++ -DHAVE_CONFIG_H   -I../.. -DDEBUG__LEVEL__=2 -D_FORTIFY_SOURCE=2  -g -O2 -fstack-protector-strong -Wformat -Werror=format-security -Wall -Werror -pedantic -Wno-unused-function -MT exception.lo -MD -MP -MF .deps/exception.Tpo -c -o exception.lo exception.cpp
libtool: compile:  x86_64-linux-gnu-g++ -DHAVE_CONFIG_H -I../.. -DDEBUG__LEVEL__=2 -D_FORTIFY_SOURCE=2 -g -O2 -fstack-protector-strong -Wformat -Werror=format-security -Wall -Werror -pedantic -Wno-unused-function -MT exception.lo -MD -MP -MF .deps/exception.Tpo -c exception.cpp  -fPIC -DPIC -o .libs/exception.o
libtool: compile:  x86_64-linux-gnu-g++ -DHAVE_CONFIG_H -I../.. -DDEBUG__LEVEL__=2 -D_FORTIFY_SOURCE=2 -g -O2 -fstack-protector-strong -Wformat -Werror=format-security -Wall -Werror -pedantic -Wno-unused-function -MT exception.lo -MD -MP -MF .deps/exception.Tpo -c exception.cpp -o exception.o >/dev/null 2>&1
mv -f .deps/exception.Tpo .deps/exception.Plo
/bin/bash ../../libtool --tag=CXX   --mode=compile x86_64-linux-gnu-g++ -DHAVE_CONFIG_H   -I../.. -DDEBUG__LEVEL__=2 -D_FORTIFY_SOURCE=2  -g -O2 -fstack-protector-strong -Wformat -Werror=format-security -Wall -Werror -pedantic -Wno-unused-function -MT logger.lo -MD -MP -MF .deps/logger.Tpo -c -o logger.lo logger.cpp
libtool: compile:  x86_64-linux-gnu-g++ -DHAVE_CONFIG_H -I../.. -DDEBUG__LEVEL__=2 -D_FORTIFY_SOURCE=2 -g -O2 -fstack-protector-strong -Wformat -Werror=format-security -Wall -Werror -pedantic -Wno-unused-function -MT logger.lo -MD -MP -MF .deps/logger.Tpo -c logger.cpp  -fPIC -DPIC -o .libs/logger.o
libtool: compile:  x86_64-linux-gnu-g++ -DHAVE_CONFIG_H -I../.. -DDEBUG__LEVEL__=2 -D_FORTIFY_SOURCE=2 -g -O2 -fstack-protector-strong -Wformat -Werror=format-security -Wall -Werror -pedantic -Wno-unused-function -MT logger.lo -MD -MP -MF .deps/logger.Tpo -c logger.cpp -o logger.o >/dev/null 2>&1
mv -f .deps/logger.Tpo .deps/logger.Plo
/bin/bash ../../libtool --tag=CXX   --mode=compile x86_64-linux-gnu-g++ -DHAVE_CONFIG_H   -I../.. -DDEBUG__LEVEL__=2 -D_FORTIFY_SOURCE=2  -g -O2 -fstack-protector-strong -Wformat -Werror=format-security -Wall -Werror -pedantic -Wno-unused-function -MT logging_config.lo -MD -MP -MF .deps/logging_config.Tpo -c -o logging_config.lo logging_config.cpp
libtool: compile:  x86_64-linux-gnu-g++ -DHAVE_CONFIG_H -I../.. -DDEBUG__LEVEL__=2 -D_FORTIFY_SOURCE=2 -g -O2 -fstack-protector-strong -Wformat -Werror=format-security -Wall -Werror -pedantic -Wno-unused-function -MT logging_config.lo -MD -MP -MF .deps/logging_config.Tpo -c logging_config.cpp  -fPIC -DPIC -o .libs/logging_config.o
libtool: compile:  x86_64-linux-gnu-g++ -DHAVE_CONFIG_H -I../.. -DDEBUG__LEVEL__=2 -D_FORTIFY_SOURCE=2 -g -O2 -fstack-protector-strong -Wformat -Werror=format-security -Wall -Werror -pedantic -Wno-unused-function -MT logging_config.lo -MD -MP -MF .deps/logging_config.Tpo -c logging_config.cpp -o logging_config.o >/dev/null 2>&1
mv -f .deps/logging_config.Tpo .deps/logging_config.Plo
/bin/bash ../../libtool --tag=CXX   --mode=compile x86_64-linux-gnu-g++ -DHAVE_CONFIG_H   -I../.. -DDEBUG__LEVEL__=2 -D_FORTIFY_SOURCE=2  -g -O2 -fstack-protector-strong -Wformat -Werror=format-security -Wall -Werror -pedantic -Wno-unused-function -MT logging_config_exception.lo -MD -MP -MF .deps/logging_config_exception.Tpo -c -o logging_config_exception.lo logging_config_exception.cpp
libtool: compile:  x86_64-linux-gnu-g++ -DHAVE_CONFIG_H -I../.. -DDEBUG__LEVEL__=2 -D_FORTIFY_SOURCE=2 -g -O2 -fstack-protector-strong -Wformat -Werror=format-security -Wall -Werror -pedantic -Wno-unused-function -MT logging_config_exception.lo -MD -MP -MF .deps/logging_config_exception.Tpo -c logging_config_exception.cpp  -fPIC -DPIC -o .libs/logging_config_exception.o
libtool: compile:  x86_64-linux-gnu-g++ -DHAVE_CONFIG_H -I../.. -DDEBUG__LEVEL__=2 -D_FORTIFY_SOURCE=2 -g -O2 -fstack-protector-strong -Wformat -Werror=format-security -Wall -Werror -pedantic -Wno-unused-function -MT logging_config_exception.lo -MD -MP -MF .deps/logging_config_exception.Tpo -c logging_config_exception.cpp -o logging_config_exception.o >/dev/null 2>&1
mv -f .deps/logging_config_exception.Tpo .deps/logging_config_exception.Plo
/bin/bash ../../libtool --tag=CXX   --mode=compile x86_64-linux-gnu-g++ -DHAVE_CONFIG_H   -I../.. -DDEBUG__LEVEL__=2 -D_FORTIFY_SOURCE=2  -g -O2 -fstack-protector-strong -Wformat -Werror=format-security -Wall -Werror -pedantic -Wno-unused-function -MT logging_facility.lo -MD -MP -MF .deps/logging_facility.Tpo -c -o logging_facility.lo logging_facility.cpp
libtool: compile:  x86_64-linux-gnu-g++ -DHAVE_CONFIG_H -I../.. -DDEBUG__LEVEL__=2 -D_FORTIFY_SOURCE=2 -g -O2 -fstack-protector-strong -Wformat -Werror=format-security -Wall -Werror -pedantic -Wno-unused-function -MT logging_facility.lo -MD -MP -MF .deps/logging_facility.Tpo -c logging_facility.cpp  -fPIC -DPIC -o .libs/logging_facility.o
libtool: compile:  x86_64-linux-gnu-g++ -DHAVE_CONFIG_H -I../.. -DDEBUG__LEVEL__=2 -D_FORTIFY_SOURCE=2 -g -O2 -fstack-protector-strong -Wformat -Werror=format-security -Wall -Werror -pedantic -Wno-unused-function -MT logging_facility.lo -MD -MP -MF .deps/logging_facility.Tpo -c logging_facility.cpp -o logging_facility.o >/dev/null 2>&1
mv -f .deps/logging_facility.Tpo .deps/logging_facility.Plo
/bin/bash ../../libtool --tag=CXX   --mode=compile x86_64-linux-gnu-g++ -DHAVE_CONFIG_H   -I../.. -DDEBUG__LEVEL__=2 -D_FORTIFY_SOURCE=2  -g -O2 -fstack-protector-strong -Wformat -Werror=format-security -Wall -Werror -pedantic -Wno-unused-function -MT logging_implementation.lo -MD -MP -MF .deps/logging_implementation.Tpo -c -o logging_implementation.lo logging_implementation.cpp
libtool: compile:  x86_64-linux-gnu-g++ -DHAVE_CONFIG_H -I../.. -DDEBUG__LEVEL__=2 -D_FORTIFY_SOURCE=2 -g -O2 -fstack-protector-strong -Wformat -Werror=format-security -Wall -Werror -pedantic -Wno-unused-function -MT logging_implementation.lo -MD -MP -MF .deps/logging_implementation.Tpo -c logging_implementation.cpp  -fPIC -DPIC -o .libs/logging_implementation.o
libtool: compile:  x86_64-linux-gnu-g++ -DHAVE_CONFIG_H -I../.. -DDEBUG__LEVEL__=2 -D_FORTIFY_SOURCE=2 -g -O2 -fstack-protector-strong -Wformat -Werror=format-security -Wall -Werror -pedantic -Wno-unused-function -MT logging_implementation.lo -MD -MP -MF .deps/logging_implementation.Tpo -c logging_implementation.cpp -o logging_implementation.o >/dev/null 2>&1
mv -f .deps/logging_implementation.Tpo .deps/logging_implementation.Plo
/bin/bash ../../libtool --tag=CXX   --mode=compile x86_64-linux-gnu-g++ -DHAVE_CONFIG_H   -I../.. -DDEBUG__LEVEL__=2 -D_FORTIFY_SOURCE=2  -g -O2 -fstack-protector-strong -Wformat -Werror=format-security -Wall -Werror -pedantic -Wno-unused-function -MT logging_mutex.lo -MD -MP -MF .deps/logging_mutex.Tpo -c -o logging_mutex.lo logging_mutex.cpp
libtool: compile:  x86_64-linux-gnu-g++ -DHAVE_CONFIG_H -I../.. -DDEBUG__LEVEL__=2 -D_FORTIFY_SOURCE=2 -g -O2 -fstack-protector-strong -Wformat -Werror=format-security -Wall -Werror -pedantic -Wno-unused-function -MT logging_mutex.lo -MD -MP -MF .deps/logging_mutex.Tpo -c logging_mutex.cpp  -fPIC -DPIC -o .libs/logging_mutex.o
libtool: compile:  x86_64-linux-gnu-g++ -DHAVE_CONFIG_H -I../.. -DDEBUG__LEVEL__=2 -D_FORTIFY_SOURCE=2 -g -O2 -fstack-protector-strong -Wformat -Werror=format-security -Wall -Werror -pedantic -Wno-unused-function -MT logging_mutex.lo -MD -MP -MF .deps/logging_mutex.Tpo -c logging_mutex.cpp -o logging_mutex.o >/dev/null 2>&1
mv -f .deps/logging_mutex.Tpo .deps/logging_mutex.Plo
/bin/bash ../../libtool --tag=CXX   --mode=compile x86_64-linux-gnu-g++ -DHAVE_CONFIG_H   -I../.. -DDEBUG__LEVEL__=2 -D_FORTIFY_SOURCE=2  -g -O2 -fstack-protector-strong -Wformat -Werror=format-security -Wall -Werror -pedantic -Wno-unused-function -MT record.lo -MD -MP -MF .deps/record.Tpo -c -o record.lo record.cpp
libtool: compile:  x86_64-linux-gnu-g++ -DHAVE_CONFIG_H -I../.. -DDEBUG__LEVEL__=2 -D_FORTIFY_SOURCE=2 -g -O2 -fstack-protector-strong -Wformat -Werror=format-security -Wall -Werror -pedantic -Wno-unused-function -MT record.lo -MD -MP -MF .deps/record.Tpo -c record.cpp  -fPIC -DPIC -o .libs/record.o
libtool: compile:  x86_64-linux-gnu-g++ -DHAVE_CONFIG_H -I../.. -DDEBUG__LEVEL__=2 -D_FORTIFY_SOURCE=2 -g -O2 -fstack-protector-strong -Wformat -Werror=format-security -Wall -Werror -pedantic -Wno-unused-function -MT record.lo -MD -MP -MF .deps/record.Tpo -c record.cpp -o record.o >/dev/null 2>&1
mv -f .deps/record.Tpo .deps/record.Plo
/bin/bash ../../libtool --tag=CXX   --mode=compile x86_64-linux-gnu-g++ -DHAVE_CONFIG_H   -I../.. -DDEBUG__LEVEL__=2 -D_FORTIFY_SOURCE=2  -g -O2 -fstack-protector-strong -Wformat -Werror=format-security -Wall -Werror -pedantic -Wno-unused-function -MT std_exception.lo -MD -MP -MF .deps/std_exception.Tpo -c -o std_exception.lo std_exception.cpp
libtool: compile:  x86_64-linux-gnu-g++ -DHAVE_CONFIG_H -I../.. -DDEBUG__LEVEL__=2 -D_FORTIFY_SOURCE=2 -g -O2 -fstack-protector-strong -Wformat -Werror=format-security -Wall -Werror -pedantic -Wno-unused-function -MT std_exception.lo -MD -MP -MF .deps/std_exception.Tpo -c std_exception.cpp  -fPIC -DPIC -o .libs/std_exception.o
libtool: compile:  x86_64-linux-gnu-g++ -DHAVE_CONFIG_H -I../.. -DDEBUG__LEVEL__=2 -D_FORTIFY_SOURCE=2 -g -O2 -fstack-protector-strong -Wformat -Werror=format-security -Wall -Werror -pedantic -Wno-unused-function -MT std_exception.lo -MD -MP -MF .deps/std_exception.Tpo -c std_exception.cpp -o std_exception.o >/dev/null 2>&1
mv -f .deps/std_exception.Tpo .deps/std_exception.Plo
/bin/bash ../../libtool --tag=CXX   --mode=compile x86_64-linux-gnu-g++ -DHAVE_CONFIG_H   -I../.. -DDEBUG__LEVEL__=2 -D_FORTIFY_SOURCE=2  -g -O2 -fstack-protector-strong -Wformat -Werror=format-security -Wall -Werror -pedantic -Wno-unused-function -MT version.lo -MD -MP -MF .deps/version.Tpo -c -o version.lo version.cpp
libtool: compile:  x86_64-linux-gnu-g++ -DHAVE_CONFIG_H -I../.. -DDEBUG__LEVEL__=2 -D_FORTIFY_SOURCE=2 -g -O2 -fstack-protector-strong -Wformat -Werror=format-security -Wall -Werror -pedantic -Wno-unused-function -MT version.lo -MD -MP -MF .deps/version.Tpo -c version.cpp  -fPIC -DPIC -o .libs/version.o
libtool: compile:  x86_64-linux-gnu-g++ -DHAVE_CONFIG_H -I../.. -DDEBUG__LEVEL__=2 -D_FORTIFY_SOURCE=2 -g -O2 -fstack-protector-strong -Wformat -Werror=format-security -Wall -Werror -pedantic -Wno-unused-function -MT version.lo -MD -MP -MF .deps/version.Tpo -c version.cpp -o version.o >/dev/null 2>&1
mv -f .deps/version.Tpo .deps/version.Plo
/bin/bash ../../libtool --tag=CXX   --mode=link x86_64-linux-gnu-g++  -g -O2 -fstack-protector-strong -Wformat -Werror=format-security -Wall -Werror -pedantic -Wno-unused-function  -Wl,-z,relro -lACE -lpthread -o libframe.la  exception.lo logger.lo logging_config.lo logging_config_exception.lo logging_facility.lo logging_implementation.lo logging_mutex.lo record.lo std_exception.lo version.lo  -ldl 
libtool: link: x86_64-linux-gnu-ar cru .libs/libframe.a .libs/exception.o .libs/logger.o .libs/logging_config.o .libs/logging_config_exception.o .libs/logging_facility.o .libs/logging_implementation.o .libs/logging_mutex.o .libs/record.o .libs/std_exception.o .libs/version.o 
libtool: link: x86_64-linux-gnu-ranlib .libs/libframe.a
libtool: link: ( cd ".libs" && rm -f "libframe.la" && ln -s "../libframe.la" "libframe.la" )
make[7]: Leaving directory '/«PKGBUILDDIR»/diagnostics/frame'
make[6]: Leaving directory '/«PKGBUILDDIR»/diagnostics/frame'
make[5]: Leaving directory '/«PKGBUILDDIR»/diagnostics/frame'
Making all in logger
make[5]: Entering directory '/«PKGBUILDDIR»/diagnostics/logger'
rm -f *.o *.lo *.la
rm -f diag_stamp_*
touch diag_stamp_2
make  all-recursive
make[6]: Entering directory '/«PKGBUILDDIR»/diagnostics/logger'
make[7]: Entering directory '/«PKGBUILDDIR»/diagnostics/logger'
/bin/bash ../../libtool --tag=CXX   --mode=compile x86_64-linux-gnu-g++ -DHAVE_CONFIG_H   -I../.. -DDEBUG__LEVEL__=2 -D_FORTIFY_SOURCE=2  -g -O2 -fstack-protector-strong -Wformat -Werror=format-security -Wall -Werror -pedantic -Wno-unused-function -MT file_logger.lo -MD -MP -MF .deps/file_logger.Tpo -c -o file_logger.lo file_logger.cpp
libtool: compile:  x86_64-linux-gnu-g++ -DHAVE_CONFIG_H -I../.. -DDEBUG__LEVEL__=2 -D_FORTIFY_SOURCE=2 -g -O2 -fstack-protector-strong -Wformat -Werror=format-security -Wall -Werror -pedantic -Wno-unused-function -MT file_logger.lo -MD -MP -MF .deps/file_logger.Tpo -c file_logger.cpp  -fPIC -DPIC -o .libs/file_logger.o
libtool: compile:  x86_64-linux-gnu-g++ -DHAVE_CONFIG_H -I../.. -DDEBUG__LEVEL__=2 -D_FORTIFY_SOURCE=2 -g -O2 -fstack-protector-strong -Wformat -Werror=format-security -Wall -Werror -pedantic -Wno-unused-function -MT file_logger.lo -MD -MP -MF .deps/file_logger.Tpo -c file_logger.cpp -o file_logger.o >/dev/null 2>&1
mv -f .deps/file_logger.Tpo .deps/file_logger.Plo
/bin/bash ../../libtool --tag=CXX   --mode=compile x86_64-linux-gnu-g++ -DHAVE_CONFIG_H   -I../.. -DDEBUG__LEVEL__=2 -D_FORTIFY_SOURCE=2  -g -O2 -fstack-protector-strong -Wformat -Werror=format-security -Wall -Werror -pedantic -Wno-unused-function -MT intending_file_logger.lo -MD -MP -MF .deps/intending_file_logger.Tpo -c -o intending_file_logger.lo intending_file_logger.cpp
libtool: compile:  x86_64-linux-gnu-g++ -DHAVE_CONFIG_H -I../.. -DDEBUG__LEVEL__=2 -D_FORTIFY_SOURCE=2 -g -O2 -fstack-protector-strong -Wformat -Werror=format-security -Wall -Werror -pedantic -Wno-unused-function -MT intending_file_logger.lo -MD -MP -MF .deps/intending_file_logger.Tpo -c intending_file_logger.cpp  -fPIC -DPIC -o .libs/intending_file_logger.o
libtool: compile:  x86_64-linux-gnu-g++ -DHAVE_CONFIG_H -I../.. -DDEBUG__LEVEL__=2 -D_FORTIFY_SOURCE=2 -g -O2 -fstack-protector-strong -Wformat -Werror=format-security -Wall -Werror -pedantic -Wno-unused-function -MT intending_file_logger.lo -MD -MP -MF .deps/intending_file_logger.Tpo -c intending_file_logger.cpp -o intending_file_logger.o >/dev/null 2>&1
mv -f .deps/intending_file_logger.Tpo .deps/intending_file_logger.Plo
/bin/bash ../../libtool --tag=CXX   --mode=compile x86_64-linux-gnu-g++ -DHAVE_CONFIG_H   -I../.. -DDEBUG__LEVEL__=2 -D_FORTIFY_SOURCE=2  -g -O2 -fstack-protector-strong -Wformat -Werror=format-security -Wall -Werror -pedantic -Wno-unused-function -MT intending_stream_logger.lo -MD -MP -MF .deps/intending_stream_logger.Tpo -c -o intending_stream_logger.lo intending_stream_logger.cpp
libtool: compile:  x86_64-linux-gnu-g++ -DHAVE_CONFIG_H -I../.. -DDEBUG__LEVEL__=2 -D_FORTIFY_SOURCE=2 -g -O2 -fstack-protector-strong -Wformat -Werror=format-security -Wall -Werror -pedantic -Wno-unused-function -MT intending_stream_logger.lo -MD -MP -MF .deps/intending_stream_logger.Tpo -c intending_stream_logger.cpp  -fPIC -DPIC -o .libs/intending_stream_logger.o
libtool: compile:  x86_64-linux-gnu-g++ -DHAVE_CONFIG_H -I../.. -DDEBUG__LEVEL__=2 -D_FORTIFY_SOURCE=2 -g -O2 -fstack-protector-strong -Wformat -Werror=format-security -Wall -Werror -pedantic -Wno-unused-function -MT intending_stream_logger.lo -MD -MP -MF .deps/intending_stream_logger.Tpo -c intending_stream_logger.cpp -o intending_stream_logger.o >/dev/null 2>&1
mv -f .deps/intending_stream_logger.Tpo .deps/intending_stream_logger.Plo
/bin/bash ../../libtool --tag=CXX   --mode=compile x86_64-linux-gnu-g++ -DHAVE_CONFIG_H   -I../.. -DDEBUG__LEVEL__=2 -D_FORTIFY_SOURCE=2  -g -O2 -fstack-protector-strong -Wformat -Werror=format-security -Wall -Werror -pedantic -Wno-unused-function -MT stream_logger.lo -MD -MP -MF .deps/stream_logger.Tpo -c -o stream_logger.lo stream_logger.cpp
libtool: compile:  x86_64-linux-gnu-g++ -DHAVE_CONFIG_H -I../.. -DDEBUG__LEVEL__=2 -D_FORTIFY_SOURCE=2 -g -O2 -fstack-protector-strong -Wformat -Werror=format-security -Wall -Werror -pedantic -Wno-unused-function -MT stream_logger.lo -MD -MP -MF .deps/stream_logger.Tpo -c stream_logger.cpp  -fPIC -DPIC -o .libs/stream_logger.o
libtool: compile:  x86_64-linux-gnu-g++ -DHAVE_CONFIG_H -I../.. -DDEBUG__LEVEL__=2 -D_FORTIFY_SOURCE=2 -g -O2 -fstack-protector-strong -Wformat -Werror=format-security -Wall -Werror -pedantic -Wno-unused-function -MT stream_logger.lo -MD -MP -MF .deps/stream_logger.Tpo -c stream_logger.cpp -o stream_logger.o >/dev/null 2>&1
mv -f .deps/stream_logger.Tpo .deps/stream_logger.Plo
/bin/bash ../../libtool --tag=CXX   --mode=link x86_64-linux-gnu-g++  -g -O2 -fstack-protector-strong -Wformat -Werror=format-security -Wall -Werror -pedantic -Wno-unused-function  -Wl,-z,relro -lACE -lpthread -o liblogger.la  file_logger.lo intending_file_logger.lo intending_stream_logger.lo stream_logger.lo  -ldl 
libtool: link: x86_64-linux-gnu-ar cru .libs/liblogger.a .libs/file_logger.o .libs/intending_file_logger.o .libs/intending_stream_logger.o .libs/stream_logger.o 
libtool: link: x86_64-linux-gnu-ranlib .libs/liblogger.a
libtool: link: ( cd ".libs" && rm -f "liblogger.la" && ln -s "../liblogger.la" "liblogger.la" )
make[7]: Leaving directory '/«PKGBUILDDIR»/diagnostics/logger'
make[6]: Leaving directory '/«PKGBUILDDIR»/diagnostics/logger'
make[5]: Leaving directory '/«PKGBUILDDIR»/diagnostics/logger'
Making all in macros
make[5]: Entering directory '/«PKGBUILDDIR»/diagnostics/macros'
rm -f *.o *.lo *.la
rm -f diag_stamp_*
touch diag_stamp_2
make  all-recursive
make[6]: Entering directory '/«PKGBUILDDIR»/diagnostics/macros'
make[7]: Entering directory '/«PKGBUILDDIR»/diagnostics/macros'
make[7]: Nothing to be done for 'all-am'.
make[7]: Leaving directory '/«PKGBUILDDIR»/diagnostics/macros'
make[6]: Leaving directory '/«PKGBUILDDIR»/diagnostics/macros'
make[5]: Leaving directory '/«PKGBUILDDIR»/diagnostics/macros'
Making all in unittest
make[5]: Entering directory '/«PKGBUILDDIR»/diagnostics/unittest'
rm -f *.o *.lo *.la
rm -f diag_stamp_*
touch diag_stamp_2
make  all-recursive
make[6]: Entering directory '/«PKGBUILDDIR»/diagnostics/unittest'
Making all in test_system
make[7]: Entering directory '/«PKGBUILDDIR»/diagnostics/unittest/test_system'
rm -f *.o *.lo *.la
rm -f diag_stamp_*
touch diag_stamp_2
make  all-recursive
make[8]: Entering directory '/«PKGBUILDDIR»/diagnostics/unittest/test_system'
make[9]: Entering directory '/«PKGBUILDDIR»/diagnostics/unittest/test_system'
/bin/bash ../../../libtool --tag=CXX   --mode=compile x86_64-linux-gnu-g++ -DHAVE_CONFIG_H   -I../../.. -DDEBUG__LEVEL__=2 -D_FORTIFY_SOURCE=2  -g -O2 -fstack-protector-strong -Wformat -Werror=format-security -Wall -Werror -pedantic -Wno-unused-function -MT current_test_logger.lo -MD -MP -MF .deps/current_test_logger.Tpo -c -o current_test_logger.lo current_test_logger.cpp
libtool: compile:  x86_64-linux-gnu-g++ -DHAVE_CONFIG_H -I../../.. -DDEBUG__LEVEL__=2 -D_FORTIFY_SOURCE=2 -g -O2 -fstack-protector-strong -Wformat -Werror=format-security -Wall -Werror -pedantic -Wno-unused-function -MT current_test_logger.lo -MD -MP -MF .deps/current_test_logger.Tpo -c current_test_logger.cpp  -fPIC -DPIC -o .libs/current_test_logger.o
libtool: compile:  x86_64-linux-gnu-g++ -DHAVE_CONFIG_H -I../../.. -DDEBUG__LEVEL__=2 -D_FORTIFY_SOURCE=2 -g -O2 -fstack-protector-strong -Wformat -Werror=format-security -Wall -Werror -pedantic -Wno-unused-function -MT current_test_logger.lo -MD -MP -MF .deps/current_test_logger.Tpo -c current_test_logger.cpp -o current_test_logger.o >/dev/null 2>&1
mv -f .deps/current_test_logger.Tpo .deps/current_test_logger.Plo
/bin/bash ../../../libtool --tag=CXX   --mode=compile x86_64-linux-gnu-g++ -DHAVE_CONFIG_H   -I../../.. -DDEBUG__LEVEL__=2 -D_FORTIFY_SOURCE=2  -g -O2 -fstack-protector-strong -Wformat -Werror=format-security -Wall -Werror -pedantic -Wno-unused-function -MT file_test_data_source.lo -MD -MP -MF .deps/file_test_data_source.Tpo -c -o file_test_data_source.lo file_test_data_source.cpp
libtool: compile:  x86_64-linux-gnu-g++ -DHAVE_CONFIG_H -I../../.. -DDEBUG__LEVEL__=2 -D_FORTIFY_SOURCE=2 -g -O2 -fstack-protector-strong -Wformat -Werror=format-security -Wall -Werror -pedantic -Wno-unused-function -MT file_test_data_source.lo -MD -MP -MF .deps/file_test_data_source.Tpo -c file_test_data_source.cpp  -fPIC -DPIC -o .libs/file_test_data_source.o
libtool: compile:  x86_64-linux-gnu-g++ -DHAVE_CONFIG_H -I../../.. -DDEBUG__LEVEL__=2 -D_FORTIFY_SOURCE=2 -g -O2 -fstack-protector-strong -Wformat -Werror=format-security -Wall -Werror -pedantic -Wno-unused-function -MT file_test_data_source.lo -MD -MP -MF .deps/file_test_data_source.Tpo -c file_test_data_source.cpp -o file_test_data_source.o >/dev/null 2>&1
mv -f .deps/file_test_data_source.Tpo .deps/file_test_data_source.Plo
/bin/bash ../../../libtool --tag=CXX   --mode=compile x86_64-linux-gnu-g++ -DHAVE_CONFIG_H   -I../../.. -DDEBUG__LEVEL__=2 -D_FORTIFY_SOURCE=2  -g -O2 -fstack-protector-strong -Wformat -Werror=format-security -Wall -Werror -pedantic -Wno-unused-function -MT filter_test_data.lo -MD -MP -MF .deps/filter_test_data.Tpo -c -o filter_test_data.lo filter_test_data.cpp
libtool: compile:  x86_64-linux-gnu-g++ -DHAVE_CONFIG_H -I../../.. -DDEBUG__LEVEL__=2 -D_FORTIFY_SOURCE=2 -g -O2 -fstack-protector-strong -Wformat -Werror=format-security -Wall -Werror -pedantic -Wno-unused-function -MT filter_test_data.lo -MD -MP -MF .deps/filter_test_data.Tpo -c filter_test_data.cpp  -fPIC -DPIC -o .libs/filter_test_data.o
libtool: compile:  x86_64-linux-gnu-g++ -DHAVE_CONFIG_H -I../../.. -DDEBUG__LEVEL__=2 -D_FORTIFY_SOURCE=2 -g -O2 -fstack-protector-strong -Wformat -Werror=format-security -Wall -Werror -pedantic -Wno-unused-function -MT filter_test_data.lo -MD -MP -MF .deps/filter_test_data.Tpo -c filter_test_data.cpp -o filter_test_data.o >/dev/null 2>&1
mv -f .deps/filter_test_data.Tpo .deps/filter_test_data.Plo
/bin/bash ../../../libtool --tag=CXX   --mode=compile x86_64-linux-gnu-g++ -DHAVE_CONFIG_H   -I../../.. -DDEBUG__LEVEL__=2 -D_FORTIFY_SOURCE=2  -g -O2 -fstack-protector-strong -Wformat -Werror=format-security -Wall -Werror -pedantic -Wno-unused-function -MT interactive_test_data_adaptor.lo -MD -MP -MF .deps/interactive_test_data_adaptor.Tpo -c -o interactive_test_data_adaptor.lo interactive_test_data_adaptor.cpp
libtool: compile:  x86_64-linux-gnu-g++ -DHAVE_CONFIG_H -I../../.. -DDEBUG__LEVEL__=2 -D_FORTIFY_SOURCE=2 -g -O2 -fstack-protector-strong -Wformat -Werror=format-security -Wall -Werror -pedantic -Wno-unused-function -MT interactive_test_data_adaptor.lo -MD -MP -MF .deps/interactive_test_data_adaptor.Tpo -c interactive_test_data_adaptor.cpp  -fPIC -DPIC -o .libs/interactive_test_data_adaptor.o
libtool: compile:  x86_64-linux-gnu-g++ -DHAVE_CONFIG_H -I../../.. -DDEBUG__LEVEL__=2 -D_FORTIFY_SOURCE=2 -g -O2 -fstack-protector-strong -Wformat -Werror=format-security -Wall -Werror -pedantic -Wno-unused-function -MT interactive_test_data_adaptor.lo -MD -MP -MF .deps/interactive_test_data_adaptor.Tpo -c interactive_test_data_adaptor.cpp -o interactive_test_data_adaptor.o >/dev/null 2>&1
mv -f .deps/interactive_test_data_adaptor.Tpo .deps/interactive_test_data_adaptor.Plo
/bin/bash ../../../libtool --tag=CXX   --mode=compile x86_64-linux-gnu-g++ -DHAVE_CONFIG_H   -I../../.. -DDEBUG__LEVEL__=2 -D_FORTIFY_SOURCE=2  -g -O2 -fstack-protector-strong -Wformat -Werror=format-security -Wall -Werror -pedantic -Wno-unused-function -MT list_test_suite_traversal.lo -MD -MP -MF .deps/list_test_suite_traversal.Tpo -c -o list_test_suite_traversal.lo list_test_suite_traversal.cpp
libtool: compile:  x86_64-linux-gnu-g++ -DHAVE_CONFIG_H -I../../.. -DDEBUG__LEVEL__=2 -D_FORTIFY_SOURCE=2 -g -O2 -fstack-protector-strong -Wformat -Werror=format-security -Wall -Werror -pedantic -Wno-unused-function -MT list_test_suite_traversal.lo -MD -MP -MF .deps/list_test_suite_traversal.Tpo -c list_test_suite_traversal.cpp  -fPIC -DPIC -o .libs/list_test_suite_traversal.o
libtool: compile:  x86_64-linux-gnu-g++ -DHAVE_CONFIG_H -I../../.. -DDEBUG__LEVEL__=2 -D_FORTIFY_SOURCE=2 -g -O2 -fstack-protector-strong -Wformat -Werror=format-security -Wall -Werror -pedantic -Wno-unused-function -MT list_test_suite_traversal.lo -MD -MP -MF .deps/list_test_suite_traversal.Tpo -c list_test_suite_traversal.cpp -o list_test_suite_traversal.o >/dev/null 2>&1
mv -f .deps/list_test_suite_traversal.Tpo .deps/list_test_suite_traversal.Plo
/bin/bash ../../../libtool --tag=CXX   --mode=compile x86_64-linux-gnu-g++ -DHAVE_CONFIG_H   -I../../.. -DDEBUG__LEVEL__=2 -D_FORTIFY_SOURCE=2  -g -O2 -fstack-protector-strong -Wformat -Werror=format-security -Wall -Werror -pedantic -Wno-unused-function -MT mutexed_test_data.lo -MD -MP -MF .deps/mutexed_test_data.Tpo -c -o mutexed_test_data.lo mutexed_test_data.cpp
libtool: compile:  x86_64-linux-gnu-g++ -DHAVE_CONFIG_H -I../../.. -DDEBUG__LEVEL__=2 -D_FORTIFY_SOURCE=2 -g -O2 -fstack-protector-strong -Wformat -Werror=format-security -Wall -Werror -pedantic -Wno-unused-function -MT mutexed_test_data.lo -MD -MP -MF .deps/mutexed_test_data.Tpo -c mutexed_test_data.cpp  -fPIC -DPIC -o .libs/mutexed_test_data.o
libtool: compile:  x86_64-linux-gnu-g++ -DHAVE_CONFIG_H -I../../.. -DDEBUG__LEVEL__=2 -D_FORTIFY_SOURCE=2 -g -O2 -fstack-protector-strong -Wformat -Werror=format-security -Wall -Werror -pedantic -Wno-unused-function -MT mutexed_test_data.lo -MD -MP -MF .deps/mutexed_test_data.Tpo -c mutexed_test_data.cpp -o mutexed_test_data.o >/dev/null 2>&1
mv -f .deps/mutexed_test_data.Tpo .deps/mutexed_test_data.Plo
/bin/bash ../../../libtool --tag=CXX   --mode=compile x86_64-linux-gnu-g++ -DHAVE_CONFIG_H   -I../../.. -DDEBUG__LEVEL__=2 -D_FORTIFY_SOURCE=2  -g -O2 -fstack-protector-strong -Wformat -Werror=format-security -Wall -Werror -pedantic -Wno-unused-function -MT run_test_suite_traversal.lo -MD -MP -MF .deps/run_test_suite_traversal.Tpo -c -o run_test_suite_traversal.lo run_test_suite_traversal.cpp
libtool: compile:  x86_64-linux-gnu-g++ -DHAVE_CONFIG_H -I../../.. -DDEBUG__LEVEL__=2 -D_FORTIFY_SOURCE=2 -g -O2 -fstack-protector-strong -Wformat -Werror=format-security -Wall -Werror -pedantic -Wno-unused-function -MT run_test_suite_traversal.lo -MD -MP -MF .deps/run_test_suite_traversal.Tpo -c run_test_suite_traversal.cpp  -fPIC -DPIC -o .libs/run_test_suite_traversal.o
libtool: compile:  x86_64-linux-gnu-g++ -DHAVE_CONFIG_H -I../../.. -DDEBUG__LEVEL__=2 -D_FORTIFY_SOURCE=2 -g -O2 -fstack-protector-strong -Wformat -Werror=format-security -Wall -Werror -pedantic -Wno-unused-function -MT run_test_suite_traversal.lo -MD -MP -MF .deps/run_test_suite_traversal.Tpo -c run_test_suite_traversal.cpp -o run_test_suite_traversal.o >/dev/null 2>&1
mv -f .deps/run_test_suite_traversal.Tpo .deps/run_test_suite_traversal.Plo
/bin/bash ../../../libtool --tag=CXX   --mode=compile x86_64-linux-gnu-g++ -DHAVE_CONFIG_H   -I../../.. -DDEBUG__LEVEL__=2 -D_FORTIFY_SOURCE=2  -g -O2 -fstack-protector-strong -Wformat -Werror=format-security -Wall -Werror -pedantic -Wno-unused-function -MT stream_test_data_adaptor.lo -MD -MP -MF .deps/stream_test_data_adaptor.Tpo -c -o stream_test_data_adaptor.lo stream_test_data_adaptor.cpp
libtool: compile:  x86_64-linux-gnu-g++ -DHAVE_CONFIG_H -I../../.. -DDEBUG__LEVEL__=2 -D_FORTIFY_SOURCE=2 -g -O2 -fstack-protector-strong -Wformat -Werror=format-security -Wall -Werror -pedantic -Wno-unused-function -MT stream_test_data_adaptor.lo -MD -MP -MF .deps/stream_test_data_adaptor.Tpo -c stream_test_data_adaptor.cpp  -fPIC -DPIC -o .libs/stream_test_data_adaptor.o
libtool: compile:  x86_64-linux-gnu-g++ -DHAVE_CONFIG_H -I../../.. -DDEBUG__LEVEL__=2 -D_FORTIFY_SOURCE=2 -g -O2 -fstack-protector-strong -Wformat -Werror=format-security -Wall -Werror -pedantic -Wno-unused-function -MT stream_test_data_adaptor.lo -MD -MP -MF .deps/stream_test_data_adaptor.Tpo -c stream_test_data_adaptor.cpp -o stream_test_data_adaptor.o >/dev/null 2>&1
mv -f .deps/stream_test_data_adaptor.Tpo .deps/stream_test_data_adaptor.Plo
/bin/bash ../../../libtool --tag=CXX   --mode=compile x86_64-linux-gnu-g++ -DHAVE_CONFIG_H   -I../../.. -DDEBUG__LEVEL__=2 -D_FORTIFY_SOURCE=2  -g -O2 -fstack-protector-strong -Wformat -Werror=format-security -Wall -Werror -pedantic -Wno-unused-function -MT stream_test_system.lo -MD -MP -MF .deps/stream_test_system.Tpo -c -o stream_test_system.lo stream_test_system.cpp
libtool: compile:  x86_64-linux-gnu-g++ -DHAVE_CONFIG_H -I../../.. -DDEBUG__LEVEL__=2 -D_FORTIFY_SOURCE=2 -g -O2 -fstack-protector-strong -Wformat -Werror=format-security -Wall -Werror -pedantic -Wno-unused-function -MT stream_test_system.lo -MD -MP -MF .deps/stream_test_system.Tpo -c stream_test_system.cpp  -fPIC -DPIC -o .libs/stream_test_system.o
libtool: compile:  x86_64-linux-gnu-g++ -DHAVE_CONFIG_H -I../../.. -DDEBUG__LEVEL__=2 -D_FORTIFY_SOURCE=2 -g -O2 -fstack-protector-strong -Wformat -Werror=format-security -Wall -Werror -pedantic -Wno-unused-function -MT stream_test_system.lo -MD -MP -MF .deps/stream_test_system.Tpo -c stream_test_system.cpp -o stream_test_system.o >/dev/null 2>&1
mv -f .deps/stream_test_system.Tpo .deps/stream_test_system.Plo
/bin/bash ../../../libtool --tag=CXX   --mode=compile x86_64-linux-gnu-g++ -DHAVE_CONFIG_H   -I../../.. -DDEBUG__LEVEL__=2 -D_FORTIFY_SOURCE=2  -g -O2 -fstack-protector-strong -Wformat -Werror=format-security -Wall -Werror -pedantic -Wno-unused-function -MT test_data_adaptor.lo -MD -MP -MF .deps/test_data_adaptor.Tpo -c -o test_data_adaptor.lo test_data_adaptor.cpp
libtool: compile:  x86_64-linux-gnu-g++ -DHAVE_CONFIG_H -I../../.. -DDEBUG__LEVEL__=2 -D_FORTIFY_SOURCE=2 -g -O2 -fstack-protector-strong -Wformat -Werror=format-security -Wall -Werror -pedantic -Wno-unused-function -MT test_data_adaptor.lo -MD -MP -MF .deps/test_data_adaptor.Tpo -c test_data_adaptor.cpp  -fPIC -DPIC -o .libs/test_data_adaptor.o
libtool: compile:  x86_64-linux-gnu-g++ -DHAVE_CONFIG_H -I../../.. -DDEBUG__LEVEL__=2 -D_FORTIFY_SOURCE=2 -g -O2 -fstack-protector-strong -Wformat -Werror=format-security -Wall -Werror -pedantic -Wno-unused-function -MT test_data_adaptor.lo -MD -MP -MF .deps/test_data_adaptor.Tpo -c test_data_adaptor.cpp -o test_data_adaptor.o >/dev/null 2>&1
mv -f .deps/test_data_adaptor.Tpo .deps/test_data_adaptor.Plo
/bin/bash ../../../libtool --tag=CXX   --mode=compile x86_64-linux-gnu-g++ -DHAVE_CONFIG_H   -I../../.. -DDEBUG__LEVEL__=2 -D_FORTIFY_SOURCE=2  -g -O2 -fstack-protector-strong -Wformat -Werror=format-security -Wall -Werror -pedantic -Wno-unused-function -MT test_data_source.lo -MD -MP -MF .deps/test_data_source.Tpo -c -o test_data_source.lo test_data_source.cpp
libtool: compile:  x86_64-linux-gnu-g++ -DHAVE_CONFIG_H -I../../.. -DDEBUG__LEVEL__=2 -D_FORTIFY_SOURCE=2 -g -O2 -fstack-protector-strong -Wformat -Werror=format-security -Wall -Werror -pedantic -Wno-unused-function -MT test_data_source.lo -MD -MP -MF .deps/test_data_source.Tpo -c test_data_source.cpp  -fPIC -DPIC -o .libs/test_data_source.o
libtool: compile:  x86_64-linux-gnu-g++ -DHAVE_CONFIG_H -I../../.. -DDEBUG__LEVEL__=2 -D_FORTIFY_SOURCE=2 -g -O2 -fstack-protector-strong -Wformat -Werror=format-security -Wall -Werror -pedantic -Wno-unused-function -MT test_data_source.lo -MD -MP -MF .deps/test_data_source.Tpo -c test_data_source.cpp -o test_data_source.o >/dev/null 2>&1
mv -f .deps/test_data_source.Tpo .deps/test_data_source.Plo
/bin/bash ../../../libtool --tag=CXX   --mode=compile x86_64-linux-gnu-g++ -DHAVE_CONFIG_H   -I../../.. -DDEBUG__LEVEL__=2 -D_FORTIFY_SOURCE=2  -g -O2 -fstack-protector-strong -Wformat -Werror=format-security -Wall -Werror -pedantic -Wno-unused-function -MT test_list_result.lo -MD -MP -MF .deps/test_list_result.Tpo -c -o test_list_result.lo test_list_result.cpp
libtool: compile:  x86_64-linux-gnu-g++ -DHAVE_CONFIG_H -I../../.. -DDEBUG__LEVEL__=2 -D_FORTIFY_SOURCE=2 -g -O2 -fstack-protector-strong -Wformat -Werror=format-security -Wall -Werror -pedantic -Wno-unused-function -MT test_list_result.lo -MD -MP -MF .deps/test_list_result.Tpo -c test_list_result.cpp  -fPIC -DPIC -o .libs/test_list_result.o
libtool: compile:  x86_64-linux-gnu-g++ -DHAVE_CONFIG_H -I../../.. -DDEBUG__LEVEL__=2 -D_FORTIFY_SOURCE=2 -g -O2 -fstack-protector-strong -Wformat -Werror=format-security -Wall -Werror -pedantic -Wno-unused-function -MT test_list_result.lo -MD -MP -MF .deps/test_list_result.Tpo -c test_list_result.cpp -o test_list_result.o >/dev/null 2>&1
mv -f .deps/test_list_result.Tpo .deps/test_list_result.Plo
/bin/bash ../../../libtool --tag=CXX   --mode=compile x86_64-linux-gnu-g++ -DHAVE_CONFIG_H   -I../../.. -DDEBUG__LEVEL__=2 -D_FORTIFY_SOURCE=2  -g -O2 -fstack-protector-strong -Wformat -Werror=format-security -Wall -Werror -pedantic -Wno-unused-function -MT test_logger.lo -MD -MP -MF .deps/test_logger.Tpo -c -o test_logger.lo test_logger.cpp
libtool: compile:  x86_64-linux-gnu-g++ -DHAVE_CONFIG_H -I../../.. -DDEBUG__LEVEL__=2 -D_FORTIFY_SOURCE=2 -g -O2 -fstack-protector-strong -Wformat -Werror=format-security -Wall -Werror -pedantic -Wno-unused-function -MT test_logger.lo -MD -MP -MF .deps/test_logger.Tpo -c test_logger.cpp  -fPIC -DPIC -o .libs/test_logger.o
libtool: compile:  x86_64-linux-gnu-g++ -DHAVE_CONFIG_H -I../../.. -DDEBUG__LEVEL__=2 -D_FORTIFY_SOURCE=2 -g -O2 -fstack-protector-strong -Wformat -Werror=format-security -Wall -Werror -pedantic -Wno-unused-function -MT test_logger.lo -MD -MP -MF .deps/test_logger.Tpo -c test_logger.cpp -o test_logger.o >/dev/null 2>&1
mv -f .deps/test_logger.Tpo .deps/test_logger.Plo
/bin/bash ../../../libtool --tag=CXX   --mode=compile x86_64-linux-gnu-g++ -DHAVE_CONFIG_H   -I../../.. -DDEBUG__LEVEL__=2 -D_FORTIFY_SOURCE=2  -g -O2 -fstack-protector-strong -Wformat -Werror=format-security -Wall -Werror -pedantic -Wno-unused-function -MT test_run_result.lo -MD -MP -MF .deps/test_run_result.Tpo -c -o test_run_result.lo test_run_result.cpp
libtool: compile:  x86_64-linux-gnu-g++ -DHAVE_CONFIG_H -I../../.. -DDEBUG__LEVEL__=2 -D_FORTIFY_SOURCE=2 -g -O2 -fstack-protector-strong -Wformat -Werror=format-security -Wall -Werror -pedantic -Wno-unused-function -MT test_run_result.lo -MD -MP -MF .deps/test_run_result.Tpo -c test_run_result.cpp  -fPIC -DPIC -o .libs/test_run_result.o
libtool: compile:  x86_64-linux-gnu-g++ -DHAVE_CONFIG_H -I../../.. -DDEBUG__LEVEL__=2 -D_FORTIFY_SOURCE=2 -g -O2 -fstack-protector-strong -Wformat -Werror=format-security -Wall -Werror -pedantic -Wno-unused-function -MT test_run_result.lo -MD -MP -MF .deps/test_run_result.Tpo -c test_run_result.cpp -o test_run_result.o >/dev/null 2>&1
mv -f .deps/test_run_result.Tpo .deps/test_run_result.Plo
/bin/bash ../../../libtool --tag=CXX   --mode=compile x86_64-linux-gnu-g++ -DHAVE_CONFIG_H   -I../../.. -DDEBUG__LEVEL__=2 -D_FORTIFY_SOURCE=2  -g -O2 -fstack-protector-strong -Wformat -Werror=format-security -Wall -Werror -pedantic -Wno-unused-function -MT test_suite_traversal.lo -MD -MP -MF .deps/test_suite_traversal.Tpo -c -o test_suite_traversal.lo test_suite_traversal.cpp
libtool: compile:  x86_64-linux-gnu-g++ -DHAVE_CONFIG_H -I../../.. -DDEBUG__LEVEL__=2 -D_FORTIFY_SOURCE=2 -g -O2 -fstack-protector-strong -Wformat -Werror=format-security -Wall -Werror -pedantic -Wno-unused-function -MT test_suite_traversal.lo -MD -MP -MF .deps/test_suite_traversal.Tpo -c test_suite_traversal.cpp  -fPIC -DPIC -o .libs/test_suite_traversal.o
libtool: compile:  x86_64-linux-gnu-g++ -DHAVE_CONFIG_H -I../../.. -DDEBUG__LEVEL__=2 -D_FORTIFY_SOURCE=2 -g -O2 -fstack-protector-strong -Wformat -Werror=format-security -Wall -Werror -pedantic -Wno-unused-function -MT test_suite_traversal.lo -MD -MP -MF .deps/test_suite_traversal.Tpo -c test_suite_traversal.cpp -o test_suite_traversal.o >/dev/null 2>&1
mv -f .deps/test_suite_traversal.Tpo .deps/test_suite_traversal.Plo
/bin/bash ../../../libtool --tag=CXX   --mode=compile x86_64-linux-gnu-g++ -DHAVE_CONFIG_H   -I../../.. -DDEBUG__LEVEL__=2 -D_FORTIFY_SOURCE=2  -g -O2 -fstack-protector-strong -Wformat -Werror=format-security -Wall -Werror -pedantic -Wno-unused-function -MT test_system.lo -MD -MP -MF .deps/test_system.Tpo -c -o test_system.lo test_system.cpp
libtool: compile:  x86_64-linux-gnu-g++ -DHAVE_CONFIG_H -I../../.. -DDEBUG__LEVEL__=2 -D_FORTIFY_SOURCE=2 -g -O2 -fstack-protector-strong -Wformat -Werror=format-security -Wall -Werror -pedantic -Wno-unused-function -MT test_system.lo -MD -MP -MF .deps/test_system.Tpo -c test_system.cpp  -fPIC -DPIC -o .libs/test_system.o
libtool: compile:  x86_64-linux-gnu-g++ -DHAVE_CONFIG_H -I../../.. -DDEBUG__LEVEL__=2 -D_FORTIFY_SOURCE=2 -g -O2 -fstack-protector-strong -Wformat -Werror=format-security -Wall -Werror -pedantic -Wno-unused-function -MT test_system.lo -MD -MP -MF .deps/test_system.Tpo -c test_system.cpp -o test_system.o >/dev/null 2>&1
mv -f .deps/test_system.Tpo .deps/test_system.Plo
/bin/bash ../../../libtool --tag=CXX   --mode=link x86_64-linux-gnu-g++  -g -O2 -fstack-protector-strong -Wformat -Werror=format-security -Wall -Werror -pedantic -Wno-unused-function  -Wl,-z,relro -lACE -lpthread -o libtest_system.la  current_test_logger.lo file_test_data_source.lo filter_test_data.lo interactive_test_data_adaptor.lo list_test_suite_traversal.lo mutexed_test_data.lo run_test_suite_traversal.lo stream_test_data_adaptor.lo stream_test_system.lo test_data_adaptor.lo test_data_source.lo test_list_result.lo test_logger.lo test_run_result.lo test_suite_traversal.lo test_system.lo  -ldl 
libtool: link: x86_64-linux-gnu-ar cru .libs/libtest_system.a .libs/current_test_logger.o .libs/file_test_data_source.o .libs/filter_test_data.o .libs/interactive_test_data_adaptor.o .libs/list_test_suite_traversal.o .libs/mutexed_test_data.o .libs/run_test_suite_traversal.o .libs/stream_test_data_adaptor.o .libs/stream_test_system.o .libs/test_data_adaptor.o .libs/test_data_source.o .libs/test_list_result.o .libs/test_logger.o .libs/test_run_result.o .libs/test_suite_traversal.o .libs/test_system.o 
libtool: link: x86_64-linux-gnu-ranlib .libs/libtest_system.a
libtool: link: ( cd ".libs" && rm -f "libtest_system.la" && ln -s "../libtest_system.la" "libtest_system.la" )
/bin/bash ../../../libtool --tag=CXX   --mode=compile x86_64-linux-gnu-g++ -DHAVE_CONFIG_H   -I../../.. -DDEBUG__LEVEL__=2 -D_FORTIFY_SOURCE=2  -g -O2 -fstack-protector-strong -Wformat -Werror=format-security -Wall -Werror -pedantic -Wno-unused-function -MT test_data_adaptor.ts.lo -MD -MP -MF .deps/test_data_adaptor.ts.Tpo -c -o test_data_adaptor.ts.lo test_data_adaptor.ts.cpp
libtool: compile:  x86_64-linux-gnu-g++ -DHAVE_CONFIG_H -I../../.. -DDEBUG__LEVEL__=2 -D_FORTIFY_SOURCE=2 -g -O2 -fstack-protector-strong -Wformat -Werror=format-security -Wall -Werror -pedantic -Wno-unused-function -MT test_data_adaptor.ts.lo -MD -MP -MF .deps/test_data_adaptor.ts.Tpo -c test_data_adaptor.ts.cpp  -fPIC -DPIC -o .libs/test_data_adaptor.ts.o
libtool: compile:  x86_64-linux-gnu-g++ -DHAVE_CONFIG_H -I../../.. -DDEBUG__LEVEL__=2 -D_FORTIFY_SOURCE=2 -g -O2 -fstack-protector-strong -Wformat -Werror=format-security -Wall -Werror -pedantic -Wno-unused-function -MT test_data_adaptor.ts.lo -MD -MP -MF .deps/test_data_adaptor.ts.Tpo -c test_data_adaptor.ts.cpp -o test_data_adaptor.ts.o >/dev/null 2>&1
mv -f .deps/test_data_adaptor.ts.Tpo .deps/test_data_adaptor.ts.Plo
/bin/bash ../../../libtool --tag=CXX   --mode=compile x86_64-linux-gnu-g++ -DHAVE_CONFIG_H   -I../../.. -DDEBUG__LEVEL__=2 -D_FORTIFY_SOURCE=2  -g -O2 -fstack-protector-strong -Wformat -Werror=format-security -Wall -Werror -pedantic -Wno-unused-function -MT test_data_source.ts.lo -MD -MP -MF .deps/test_data_source.ts.Tpo -c -o test_data_source.ts.lo test_data_source.ts.cpp
libtool: compile:  x86_64-linux-gnu-g++ -DHAVE_CONFIG_H -I../../.. -DDEBUG__LEVEL__=2 -D_FORTIFY_SOURCE=2 -g -O2 -fstack-protector-strong -Wformat -Werror=format-security -Wall -Werror -pedantic -Wno-unused-function -MT test_data_source.ts.lo -MD -MP -MF .deps/test_data_source.ts.Tpo -c test_data_source.ts.cpp  -fPIC -DPIC -o .libs/test_data_source.ts.o
libtool: compile:  x86_64-linux-gnu-g++ -DHAVE_CONFIG_H -I../../.. -DDEBUG__LEVEL__=2 -D_FORTIFY_SOURCE=2 -g -O2 -fstack-protector-strong -Wformat -Werror=format-security -Wall -Werror -pedantic -Wno-unused-function -MT test_data_source.ts.lo -MD -MP -MF .deps/test_data_source.ts.Tpo -c test_data_source.ts.cpp -o test_data_source.ts.o >/dev/null 2>&1
mv -f .deps/test_data_source.ts.Tpo .deps/test_data_source.ts.Plo
/bin/bash ../../../libtool --tag=CXX   --mode=link x86_64-linux-gnu-g++  -g -O2 -fstack-protector-strong -Wformat -Werror=format-security -Wall -Werror -pedantic -Wno-unused-function  -Wl,-z,relro -lACE -lpthread -o libtest_system_ts.la  test_data_adaptor.ts.lo test_data_source.ts.lo  -ldl 
libtool: link: x86_64-linux-gnu-ar cru .libs/libtest_system_ts.a .libs/test_data_adaptor.ts.o .libs/test_data_source.ts.o 
libtool: link: x86_64-linux-gnu-ranlib .libs/libtest_system_ts.a
libtool: link: ( cd ".libs" && rm -f "libtest_system_ts.la" && ln -s "../libtest_system_ts.la" "libtest_system_ts.la" )
make[9]: Leaving directory '/«PKGBUILDDIR»/diagnostics/unittest/test_system'
make[8]: Leaving directory '/«PKGBUILDDIR»/diagnostics/unittest/test_system'
make[7]: Leaving directory '/«PKGBUILDDIR»/diagnostics/unittest/test_system'
make[7]: Entering directory '/«PKGBUILDDIR»/diagnostics/unittest'
/bin/bash ../../libtool --tag=CXX   --mode=compile x86_64-linux-gnu-g++ -DHAVE_CONFIG_H   -I../.. -DDEBUG__LEVEL__=2 -D_FORTIFY_SOURCE=2  -g -O2 -fstack-protector-strong -Wformat -Werror=format-security -Wall -Werror -pedantic -Wno-unused-function -MT name_separators.lo -MD -MP -MF .deps/name_separators.Tpo -c -o name_separators.lo name_separators.cpp
libtool: compile:  x86_64-linux-gnu-g++ -DHAVE_CONFIG_H -I../.. -DDEBUG__LEVEL__=2 -D_FORTIFY_SOURCE=2 -g -O2 -fstack-protector-strong -Wformat -Werror=format-security -Wall -Werror -pedantic -Wno-unused-function -MT name_separators.lo -MD -MP -MF .deps/name_separators.Tpo -c name_separators.cpp  -fPIC -DPIC -o .libs/name_separators.o
libtool: compile:  x86_64-linux-gnu-g++ -DHAVE_CONFIG_H -I../.. -DDEBUG__LEVEL__=2 -D_FORTIFY_SOURCE=2 -g -O2 -fstack-protector-strong -Wformat -Werror=format-security -Wall -Werror -pedantic -Wno-unused-function -MT name_separators.lo -MD -MP -MF .deps/name_separators.Tpo -c name_separators.cpp -o name_separators.o >/dev/null 2>&1
mv -f .deps/name_separators.Tpo .deps/name_separators.Plo
/bin/bash ../../libtool --tag=CXX   --mode=compile x86_64-linux-gnu-g++ -DHAVE_CONFIG_H   -I../.. -DDEBUG__LEVEL__=2 -D_FORTIFY_SOURCE=2  -g -O2 -fstack-protector-strong -Wformat -Werror=format-security -Wall -Werror -pedantic -Wno-unused-function -MT std_test_case.lo -MD -MP -MF .deps/std_test_case.Tpo -c -o std_test_case.lo std_test_case.cpp
libtool: compile:  x86_64-linux-gnu-g++ -DHAVE_CONFIG_H -I../.. -DDEBUG__LEVEL__=2 -D_FORTIFY_SOURCE=2 -g -O2 -fstack-protector-strong -Wformat -Werror=format-security -Wall -Werror -pedantic -Wno-unused-function -MT std_test_case.lo -MD -MP -MF .deps/std_test_case.Tpo -c std_test_case.cpp  -fPIC -DPIC -o .libs/std_test_case.o
libtool: compile:  x86_64-linux-gnu-g++ -DHAVE_CONFIG_H -I../.. -DDEBUG__LEVEL__=2 -D_FORTIFY_SOURCE=2 -g -O2 -fstack-protector-strong -Wformat -Werror=format-security -Wall -Werror -pedantic -Wno-unused-function -MT std_test_case.lo -MD -MP -MF .deps/std_test_case.Tpo -c std_test_case.cpp -o std_test_case.o >/dev/null 2>&1
mv -f .deps/std_test_case.Tpo .deps/std_test_case.Plo
/bin/bash ../../libtool --tag=CXX   --mode=compile x86_64-linux-gnu-g++ -DHAVE_CONFIG_H   -I../.. -DDEBUG__LEVEL__=2 -D_FORTIFY_SOURCE=2  -g -O2 -fstack-protector-strong -Wformat -Werror=format-security -Wall -Werror -pedantic -Wno-unused-function -MT stream_test_system_main.lo -MD -MP -MF .deps/stream_test_system_main.Tpo -c -o stream_test_system_main.lo stream_test_system_main.cpp
libtool: compile:  x86_64-linux-gnu-g++ -DHAVE_CONFIG_H -I../.. -DDEBUG__LEVEL__=2 -D_FORTIFY_SOURCE=2 -g -O2 -fstack-protector-strong -Wformat -Werror=format-security -Wall -Werror -pedantic -Wno-unused-function -MT stream_test_system_main.lo -MD -MP -MF .deps/stream_test_system_main.Tpo -c stream_test_system_main.cpp  -fPIC -DPIC -o .libs/stream_test_system_main.o
libtool: compile:  x86_64-linux-gnu-g++ -DHAVE_CONFIG_H -I../.. -DDEBUG__LEVEL__=2 -D_FORTIFY_SOURCE=2 -g -O2 -fstack-protector-strong -Wformat -Werror=format-security -Wall -Werror -pedantic -Wno-unused-function -MT stream_test_system_main.lo -MD -MP -MF .deps/stream_test_system_main.Tpo -c stream_test_system_main.cpp -o stream_test_system_main.o >/dev/null 2>&1
mv -f .deps/stream_test_system_main.Tpo .deps/stream_test_system_main.Plo
/bin/bash ../../libtool --tag=CXX   --mode=compile x86_64-linux-gnu-g++ -DHAVE_CONFIG_H   -I../.. -DDEBUG__LEVEL__=2 -D_FORTIFY_SOURCE=2  -g -O2 -fstack-protector-strong -Wformat -Werror=format-security -Wall -Werror -pedantic -Wno-unused-function -MT test_case.lo -MD -MP -MF .deps/test_case.Tpo -c -o test_case.lo test_case.cpp
libtool: compile:  x86_64-linux-gnu-g++ -DHAVE_CONFIG_H -I../.. -DDEBUG__LEVEL__=2 -D_FORTIFY_SOURCE=2 -g -O2 -fstack-protector-strong -Wformat -Werror=format-security -Wall -Werror -pedantic -Wno-unused-function -MT test_case.lo -MD -MP -MF .deps/test_case.Tpo -c test_case.cpp  -fPIC -DPIC -o .libs/test_case.o
libtool: compile:  x86_64-linux-gnu-g++ -DHAVE_CONFIG_H -I../.. -DDEBUG__LEVEL__=2 -D_FORTIFY_SOURCE=2 -g -O2 -fstack-protector-strong -Wformat -Werror=format-security -Wall -Werror -pedantic -Wno-unused-function -MT test_case.lo -MD -MP -MF .deps/test_case.Tpo -c test_case.cpp -o test_case.o >/dev/null 2>&1
mv -f .deps/test_case.Tpo .deps/test_case.Plo
/bin/bash ../../libtool --tag=CXX   --mode=compile x86_64-linux-gnu-g++ -DHAVE_CONFIG_H   -I../.. -DDEBUG__LEVEL__=2 -D_FORTIFY_SOURCE=2  -g -O2 -fstack-protector-strong -Wformat -Werror=format-security -Wall -Werror -pedantic -Wno-unused-function -MT test_data.lo -MD -MP -MF .deps/test_data.Tpo -c -o test_data.lo test_data.cpp
libtool: compile:  x86_64-linux-gnu-g++ -DHAVE_CONFIG_H -I../.. -DDEBUG__LEVEL__=2 -D_FORTIFY_SOURCE=2 -g -O2 -fstack-protector-strong -Wformat -Werror=format-security -Wall -Werror -pedantic -Wno-unused-function -MT test_data.lo -MD -MP -MF .deps/test_data.Tpo -c test_data.cpp  -fPIC -DPIC -o .libs/test_data.o
libtool: compile:  x86_64-linux-gnu-g++ -DHAVE_CONFIG_H -I../.. -DDEBUG__LEVEL__=2 -D_FORTIFY_SOURCE=2 -g -O2 -fstack-protector-strong -Wformat -Werror=format-security -Wall -Werror -pedantic -Wno-unused-function -MT test_data.lo -MD -MP -MF .deps/test_data.Tpo -c test_data.cpp -o test_data.o >/dev/null 2>&1
mv -f .deps/test_data.Tpo .deps/test_data.Plo
/bin/bash ../../libtool --tag=CXX   --mode=compile x86_64-linux-gnu-g++ -DHAVE_CONFIG_H   -I../.. -DDEBUG__LEVEL__=2 -D_FORTIFY_SOURCE=2  -g -O2 -fstack-protector-strong -Wformat -Werror=format-security -Wall -Werror -pedantic -Wno-unused-function -MT test_exception.lo -MD -MP -MF .deps/test_exception.Tpo -c -o test_exception.lo test_exception.cpp
libtool: compile:  x86_64-linux-gnu-g++ -DHAVE_CONFIG_H -I../.. -DDEBUG__LEVEL__=2 -D_FORTIFY_SOURCE=2 -g -O2 -fstack-protector-strong -Wformat -Werror=format-security -Wall -Werror -pedantic -Wno-unused-function -MT test_exception.lo -MD -MP -MF .deps/test_exception.Tpo -c test_exception.cpp  -fPIC -DPIC -o .libs/test_exception.o
libtool: compile:  x86_64-linux-gnu-g++ -DHAVE_CONFIG_H -I../.. -DDEBUG__LEVEL__=2 -D_FORTIFY_SOURCE=2 -g -O2 -fstack-protector-strong -Wformat -Werror=format-security -Wall -Werror -pedantic -Wno-unused-function -MT test_exception.lo -MD -MP -MF .deps/test_exception.Tpo -c test_exception.cpp -o test_exception.o >/dev/null 2>&1
mv -f .deps/test_exception.Tpo .deps/test_exception.Plo
/bin/bash ../../libtool --tag=CXX   --mode=compile x86_64-linux-gnu-g++ -DHAVE_CONFIG_H   -I../.. -DDEBUG__LEVEL__=2 -D_FORTIFY_SOURCE=2  -g -O2 -fstack-protector-strong -Wformat -Werror=format-security -Wall -Werror -pedantic -Wno-unused-function -MT test_suite.lo -MD -MP -MF .deps/test_suite.Tpo -c -o test_suite.lo test_suite.cpp
libtool: compile:  x86_64-linux-gnu-g++ -DHAVE_CONFIG_H -I../.. -DDEBUG__LEVEL__=2 -D_FORTIFY_SOURCE=2 -g -O2 -fstack-protector-strong -Wformat -Werror=format-security -Wall -Werror -pedantic -Wno-unused-function -MT test_suite.lo -MD -MP -MF .deps/test_suite.Tpo -c test_suite.cpp  -fPIC -DPIC -o .libs/test_suite.o
libtool: compile:  x86_64-linux-gnu-g++ -DHAVE_CONFIG_H -I../.. -DDEBUG__LEVEL__=2 -D_FORTIFY_SOURCE=2 -g -O2 -fstack-protector-strong -Wformat -Werror=format-security -Wall -Werror -pedantic -Wno-unused-function -MT test_suite.lo -MD -MP -MF .deps/test_suite.Tpo -c test_suite.cpp -o test_suite.o >/dev/null 2>&1
mv -f .deps/test_suite.Tpo .deps/test_suite.Plo
/bin/bash ../../libtool --tag=CXX   --mode=compile x86_64-linux-gnu-g++ -DHAVE_CONFIG_H   -I../.. -DDEBUG__LEVEL__=2 -D_FORTIFY_SOURCE=2  -g -O2 -fstack-protector-strong -Wformat -Werror=format-security -Wall -Werror -pedantic -Wno-unused-function -MT test_system_exception.lo -MD -MP -MF .deps/test_system_exception.Tpo -c -o test_system_exception.lo test_system_exception.cpp
libtool: compile:  x86_64-linux-gnu-g++ -DHAVE_CONFIG_H -I../.. -DDEBUG__LEVEL__=2 -D_FORTIFY_SOURCE=2 -g -O2 -fstack-protector-strong -Wformat -Werror=format-security -Wall -Werror -pedantic -Wno-unused-function -MT test_system_exception.lo -MD -MP -MF .deps/test_system_exception.Tpo -c test_system_exception.cpp  -fPIC -DPIC -o .libs/test_system_exception.o
libtool: compile:  x86_64-linux-gnu-g++ -DHAVE_CONFIG_H -I../.. -DDEBUG__LEVEL__=2 -D_FORTIFY_SOURCE=2 -g -O2 -fstack-protector-strong -Wformat -Werror=format-security -Wall -Werror -pedantic -Wno-unused-function -MT test_system_exception.lo -MD -MP -MF .deps/test_system_exception.Tpo -c test_system_exception.cpp -o test_system_exception.o >/dev/null 2>&1
mv -f .deps/test_system_exception.Tpo .deps/test_system_exception.Plo
/bin/bash ../../libtool --tag=CXX   --mode=link x86_64-linux-gnu-g++  -g -O2 -fstack-protector-strong -Wformat -Werror=format-security -Wall -Werror -pedantic -Wno-unused-function  -Wl,-z,relro -lACE -lpthread -o libunittest.la  name_separators.lo std_test_case.lo stream_test_system_main.lo test_case.lo test_data.lo test_exception.lo test_suite.lo test_system_exception.lo  -ldl 
libtool: link: x86_64-linux-gnu-ar cru .libs/libunittest.a .libs/name_separators.o .libs/std_test_case.o .libs/stream_test_system_main.o .libs/test_case.o .libs/test_data.o .libs/test_exception.o .libs/test_suite.o .libs/test_system_exception.o 
libtool: link: x86_64-linux-gnu-ranlib .libs/libunittest.a
libtool: link: ( cd ".libs" && rm -f "libunittest.la" && ln -s "../libunittest.la" "libunittest.la" )
make[7]: Leaving directory '/«PKGBUILDDIR»/diagnostics/unittest'
make[6]: Leaving directory '/«PKGBUILDDIR»/diagnostics/unittest'
make[5]: Leaving directory '/«PKGBUILDDIR»/diagnostics/unittest'
Making all in util
make[5]: Entering directory '/«PKGBUILDDIR»/diagnostics/util'
rm -f *.o *.lo *.la
rm -f diag_stamp_*
touch diag_stamp_2
make  all-recursive
make[6]: Entering directory '/«PKGBUILDDIR»/diagnostics/util'
make[7]: Entering directory '/«PKGBUILDDIR»/diagnostics/util'
/bin/bash ../../libtool --tag=CXX   --mode=compile x86_64-linux-gnu-g++ -DHAVE_CONFIG_H   -I../.. -DDEBUG__LEVEL__=2 -D_FORTIFY_SOURCE=2  -g -O2 -fstack-protector-strong -Wformat -Werror=format-security -Wall -Werror -pedantic -Wno-unused-function -MT diff.lo -MD -MP -MF .deps/diff.Tpo -c -o diff.lo diff.cpp
libtool: compile:  x86_64-linux-gnu-g++ -DHAVE_CONFIG_H -I../.. -DDEBUG__LEVEL__=2 -D_FORTIFY_SOURCE=2 -g -O2 -fstack-protector-strong -Wformat -Werror=format-security -Wall -Werror -pedantic -Wno-unused-function -MT diff.lo -MD -MP -MF .deps/diff.Tpo -c diff.cpp  -fPIC -DPIC -o .libs/diff.o
libtool: compile:  x86_64-linux-gnu-g++ -DHAVE_CONFIG_H -I../.. -DDEBUG__LEVEL__=2 -D_FORTIFY_SOURCE=2 -g -O2 -fstack-protector-strong -Wformat -Werror=format-security -Wall -Werror -pedantic -Wno-unused-function -MT diff.lo -MD -MP -MF .deps/diff.Tpo -c diff.cpp -o diff.o >/dev/null 2>&1
mv -f .deps/diff.Tpo .deps/diff.Plo
/bin/bash ../../libtool --tag=CXX   --mode=compile x86_64-linux-gnu-g++ -DHAVE_CONFIG_H   -I../.. -DDEBUG__LEVEL__=2 -D_FORTIFY_SOURCE=2  -g -O2 -fstack-protector-strong -Wformat -Werror=format-security -Wall -Werror -pedantic -Wno-unused-function -MT diff_generator.lo -MD -MP -MF .deps/diff_generator.Tpo -c -o diff_generator.lo diff_generator.cpp
libtool: compile:  x86_64-linux-gnu-g++ -DHAVE_CONFIG_H -I../.. -DDEBUG__LEVEL__=2 -D_FORTIFY_SOURCE=2 -g -O2 -fstack-protector-strong -Wformat -Werror=format-security -Wall -Werror -pedantic -Wno-unused-function -MT diff_generator.lo -MD -MP -MF .deps/diff_generator.Tpo -c diff_generator.cpp  -fPIC -DPIC -o .libs/diff_generator.o
libtool: compile:  x86_64-linux-gnu-g++ -DHAVE_CONFIG_H -I../.. -DDEBUG__LEVEL__=2 -D_FORTIFY_SOURCE=2 -g -O2 -fstack-protector-strong -Wformat -Werror=format-security -Wall -Werror -pedantic -Wno-unused-function -MT diff_generator.lo -MD -MP -MF .deps/diff_generator.Tpo -c diff_generator.cpp -o diff_generator.o >/dev/null 2>&1
mv -f .deps/diff_generator.Tpo .deps/diff_generator.Plo
/bin/bash ../../libtool --tag=CXX   --mode=compile x86_64-linux-gnu-g++ -DHAVE_CONFIG_H   -I../.. -DDEBUG__LEVEL__=2 -D_FORTIFY_SOURCE=2  -g -O2 -fstack-protector-strong -Wformat -Werror=format-security -Wall -Werror -pedantic -Wno-unused-function -MT marshaling.lo -MD -MP -MF .deps/marshaling.Tpo -c -o marshaling.lo marshaling.cpp
libtool: compile:  x86_64-linux-gnu-g++ -DHAVE_CONFIG_H -I../.. -DDEBUG__LEVEL__=2 -D_FORTIFY_SOURCE=2 -g -O2 -fstack-protector-strong -Wformat -Werror=format-security -Wall -Werror -pedantic -Wno-unused-function -MT marshaling.lo -MD -MP -MF .deps/marshaling.Tpo -c marshaling.cpp  -fPIC -DPIC -o .libs/marshaling.o
libtool: compile:  x86_64-linux-gnu-g++ -DHAVE_CONFIG_H -I../.. -DDEBUG__LEVEL__=2 -D_FORTIFY_SOURCE=2 -g -O2 -fstack-protector-strong -Wformat -Werror=format-security -Wall -Werror -pedantic -Wno-unused-function -MT marshaling.lo -MD -MP -MF .deps/marshaling.Tpo -c marshaling.cpp -o marshaling.o >/dev/null 2>&1
mv -f .deps/marshaling.Tpo .deps/marshaling.Plo
/bin/bash ../../libtool --tag=CXX   --mode=compile x86_64-linux-gnu-g++ -DHAVE_CONFIG_H   -I../.. -DDEBUG__LEVEL__=2 -D_FORTIFY_SOURCE=2  -g -O2 -fstack-protector-strong -Wformat -Werror=format-security -Wall -Werror -pedantic -Wno-unused-function -MT diff_exception.lo -MD -MP -MF .deps/diff_exception.Tpo -c -o diff_exception.lo diff_exception.cpp
libtool: compile:  x86_64-linux-gnu-g++ -DHAVE_CONFIG_H -I../.. -DDEBUG__LEVEL__=2 -D_FORTIFY_SOURCE=2 -g -O2 -fstack-protector-strong -Wformat -Werror=format-security -Wall -Werror -pedantic -Wno-unused-function -MT diff_exception.lo -MD -MP -MF .deps/diff_exception.Tpo -c diff_exception.cpp  -fPIC -DPIC -o .libs/diff_exception.o
libtool: compile:  x86_64-linux-gnu-g++ -DHAVE_CONFIG_H -I../.. -DDEBUG__LEVEL__=2 -D_FORTIFY_SOURCE=2 -g -O2 -fstack-protector-strong -Wformat -Werror=format-security -Wall -Werror -pedantic -Wno-unused-function -MT diff_exception.lo -MD -MP -MF .deps/diff_exception.Tpo -c diff_exception.cpp -o diff_exception.o >/dev/null 2>&1
mv -f .deps/diff_exception.Tpo .deps/diff_exception.Plo
/bin/bash ../../libtool --tag=CXX   --mode=link x86_64-linux-gnu-g++  -g -O2 -fstack-protector-strong -Wformat -Werror=format-security -Wall -Werror -pedantic -Wno-unused-function  -Wl,-z,relro -lACE -lpthread -o libutil.la  diff.lo diff_generator.lo marshaling.lo diff_exception.lo  -ldl 
libtool: link: x86_64-linux-gnu-ar cru .libs/libutil.a .libs/diff.o .libs/diff_generator.o .libs/marshaling.o .libs/diff_exception.o 
libtool: link: x86_64-linux-gnu-ranlib .libs/libutil.a
libtool: link: ( cd ".libs" && rm -f "libutil.la" && ln -s "../libutil.la" "libutil.la" )
/bin/bash ../../libtool --tag=CXX   --mode=compile x86_64-linux-gnu-g++ -DHAVE_CONFIG_H   -I../.. -DDEBUG__LEVEL__=2 -D_FORTIFY_SOURCE=2  -g -O2 -fstack-protector-strong -Wformat -Werror=format-security -Wall -Werror -pedantic -Wno-unused-function -MT blind_test_run_result.ts.lo -MD -MP -MF .deps/blind_test_run_result.ts.Tpo -c -o blind_test_run_result.ts.lo blind_test_run_result.ts.cpp
libtool: compile:  x86_64-linux-gnu-g++ -DHAVE_CONFIG_H -I../.. -DDEBUG__LEVEL__=2 -D_FORTIFY_SOURCE=2 -g -O2 -fstack-protector-strong -Wformat -Werror=format-security -Wall -Werror -pedantic -Wno-unused-function -MT blind_test_run_result.ts.lo -MD -MP -MF .deps/blind_test_run_result.ts.Tpo -c blind_test_run_result.ts.cpp  -fPIC -DPIC -o .libs/blind_test_run_result.ts.o
libtool: compile:  x86_64-linux-gnu-g++ -DHAVE_CONFIG_H -I../.. -DDEBUG__LEVEL__=2 -D_FORTIFY_SOURCE=2 -g -O2 -fstack-protector-strong -Wformat -Werror=format-security -Wall -Werror -pedantic -Wno-unused-function -MT blind_test_run_result.ts.lo -MD -MP -MF .deps/blind_test_run_result.ts.Tpo -c blind_test_run_result.ts.cpp -o blind_test_run_result.ts.o >/dev/null 2>&1
mv -f .deps/blind_test_run_result.ts.Tpo .deps/blind_test_run_result.ts.Plo
/bin/bash ../../libtool --tag=CXX   --mode=compile x86_64-linux-gnu-g++ -DHAVE_CONFIG_H   -I../.. -DDEBUG__LEVEL__=2 -D_FORTIFY_SOURCE=2  -g -O2 -fstack-protector-strong -Wformat -Werror=format-security -Wall -Werror -pedantic -Wno-unused-function -MT dummy_logger.ts.lo -MD -MP -MF .deps/dummy_logger.ts.Tpo -c -o dummy_logger.ts.lo dummy_logger.ts.cpp
libtool: compile:  x86_64-linux-gnu-g++ -DHAVE_CONFIG_H -I../.. -DDEBUG__LEVEL__=2 -D_FORTIFY_SOURCE=2 -g -O2 -fstack-protector-strong -Wformat -Werror=format-security -Wall -Werror -pedantic -Wno-unused-function -MT dummy_logger.ts.lo -MD -MP -MF .deps/dummy_logger.ts.Tpo -c dummy_logger.ts.cpp  -fPIC -DPIC -o .libs/dummy_logger.ts.o
libtool: compile:  x86_64-linux-gnu-g++ -DHAVE_CONFIG_H -I../.. -DDEBUG__LEVEL__=2 -D_FORTIFY_SOURCE=2 -g -O2 -fstack-protector-strong -Wformat -Werror=format-security -Wall -Werror -pedantic -Wno-unused-function -MT dummy_logger.ts.lo -MD -MP -MF .deps/dummy_logger.ts.Tpo -c dummy_logger.ts.cpp -o dummy_logger.ts.o >/dev/null 2>&1
mv -f .deps/dummy_logger.ts.Tpo .deps/dummy_logger.ts.Plo
/bin/bash ../../libtool --tag=CXX   --mode=compile x86_64-linux-gnu-g++ -DHAVE_CONFIG_H   -I../.. -DDEBUG__LEVEL__=2 -D_FORTIFY_SOURCE=2  -g -O2 -fstack-protector-strong -Wformat -Werror=format-security -Wall -Werror -pedantic -Wno-unused-function -MT dummy_test_case.ts.lo -MD -MP -MF .deps/dummy_test_case.ts.Tpo -c -o dummy_test_case.ts.lo dummy_test_case.ts.cpp
libtool: compile:  x86_64-linux-gnu-g++ -DHAVE_CONFIG_H -I../.. -DDEBUG__LEVEL__=2 -D_FORTIFY_SOURCE=2 -g -O2 -fstack-protector-strong -Wformat -Werror=format-security -Wall -Werror -pedantic -Wno-unused-function -MT dummy_test_case.ts.lo -MD -MP -MF .deps/dummy_test_case.ts.Tpo -c dummy_test_case.ts.cpp  -fPIC -DPIC -o .libs/dummy_test_case.ts.o
libtool: compile:  x86_64-linux-gnu-g++ -DHAVE_CONFIG_H -I../.. -DDEBUG__LEVEL__=2 -D_FORTIFY_SOURCE=2 -g -O2 -fstack-protector-strong -Wformat -Werror=format-security -Wall -Werror -pedantic -Wno-unused-function -MT dummy_test_case.ts.lo -MD -MP -MF .deps/dummy_test_case.ts.Tpo -c dummy_test_case.ts.cpp -o dummy_test_case.ts.o >/dev/null 2>&1
mv -f .deps/dummy_test_case.ts.Tpo .deps/dummy_test_case.ts.Plo
/bin/bash ../../libtool --tag=CXX   --mode=compile x86_64-linux-gnu-g++ -DHAVE_CONFIG_H   -I../.. -DDEBUG__LEVEL__=2 -D_FORTIFY_SOURCE=2  -g -O2 -fstack-protector-strong -Wformat -Werror=format-security -Wall -Werror -pedantic -Wno-unused-function -MT dummy_test_data_source.ts.lo -MD -MP -MF .deps/dummy_test_data_source.ts.Tpo -c -o dummy_test_data_source.ts.lo dummy_test_data_source.ts.cpp
libtool: compile:  x86_64-linux-gnu-g++ -DHAVE_CONFIG_H -I../.. -DDEBUG__LEVEL__=2 -D_FORTIFY_SOURCE=2 -g -O2 -fstack-protector-strong -Wformat -Werror=format-security -Wall -Werror -pedantic -Wno-unused-function -MT dummy_test_data_source.ts.lo -MD -MP -MF .deps/dummy_test_data_source.ts.Tpo -c dummy_test_data_source.ts.cpp  -fPIC -DPIC -o .libs/dummy_test_data_source.ts.o
libtool: compile:  x86_64-linux-gnu-g++ -DHAVE_CONFIG_H -I../.. -DDEBUG__LEVEL__=2 -D_FORTIFY_SOURCE=2 -g -O2 -fstack-protector-strong -Wformat -Werror=format-security -Wall -Werror -pedantic -Wno-unused-function -MT dummy_test_data_source.ts.lo -MD -MP -MF .deps/dummy_test_data_source.ts.Tpo -c dummy_test_data_source.ts.cpp -o dummy_test_data_source.ts.o >/dev/null 2>&1
mv -f .deps/dummy_test_data_source.ts.Tpo .deps/dummy_test_data_source.ts.Plo
/bin/bash ../../libtool --tag=CXX   --mode=compile x86_64-linux-gnu-g++ -DHAVE_CONFIG_H   -I../.. -DDEBUG__LEVEL__=2 -D_FORTIFY_SOURCE=2  -g -O2 -fstack-protector-strong -Wformat -Werror=format-security -Wall -Werror -pedantic -Wno-unused-function -MT dummy_test_data.ts.lo -MD -MP -MF .deps/dummy_test_data.ts.Tpo -c -o dummy_test_data.ts.lo dummy_test_data.ts.cpp
libtool: compile:  x86_64-linux-gnu-g++ -DHAVE_CONFIG_H -I../.. -DDEBUG__LEVEL__=2 -D_FORTIFY_SOURCE=2 -g -O2 -fstack-protector-strong -Wformat -Werror=format-security -Wall -Werror -pedantic -Wno-unused-function -MT dummy_test_data.ts.lo -MD -MP -MF .deps/dummy_test_data.ts.Tpo -c dummy_test_data.ts.cpp  -fPIC -DPIC -o .libs/dummy_test_data.ts.o
libtool: compile:  x86_64-linux-gnu-g++ -DHAVE_CONFIG_H -I../.. -DDEBUG__LEVEL__=2 -D_FORTIFY_SOURCE=2 -g -O2 -fstack-protector-strong -Wformat -Werror=format-security -Wall -Werror -pedantic -Wno-unused-function -MT dummy_test_data.ts.lo -MD -MP -MF .deps/dummy_test_data.ts.Tpo -c dummy_test_data.ts.cpp -o dummy_test_data.ts.o >/dev/null 2>&1
mv -f .deps/dummy_test_data.ts.Tpo .deps/dummy_test_data.ts.Plo
/bin/bash ../../libtool --tag=CXX   --mode=compile x86_64-linux-gnu-g++ -DHAVE_CONFIG_H   -I../.. -DDEBUG__LEVEL__=2 -D_FORTIFY_SOURCE=2  -g -O2 -fstack-protector-strong -Wformat -Werror=format-security -Wall -Werror -pedantic -Wno-unused-function -MT dummy_test_suite_traversal.ts.lo -MD -MP -MF .deps/dummy_test_suite_traversal.ts.Tpo -c -o dummy_test_suite_traversal.ts.lo dummy_test_suite_traversal.ts.cpp
libtool: compile:  x86_64-linux-gnu-g++ -DHAVE_CONFIG_H -I../.. -DDEBUG__LEVEL__=2 -D_FORTIFY_SOURCE=2 -g -O2 -fstack-protector-strong -Wformat -Werror=format-security -Wall -Werror -pedantic -Wno-unused-function -MT dummy_test_suite_traversal.ts.lo -MD -MP -MF .deps/dummy_test_suite_traversal.ts.Tpo -c dummy_test_suite_traversal.ts.cpp  -fPIC -DPIC -o .libs/dummy_test_suite_traversal.ts.o
libtool: compile:  x86_64-linux-gnu-g++ -DHAVE_CONFIG_H -I../.. -DDEBUG__LEVEL__=2 -D_FORTIFY_SOURCE=2 -g -O2 -fstack-protector-strong -Wformat -Werror=format-security -Wall -Werror -pedantic -Wno-unused-function -MT dummy_test_suite_traversal.ts.lo -MD -MP -MF .deps/dummy_test_suite_traversal.ts.Tpo -c dummy_test_suite_traversal.ts.cpp -o dummy_test_suite_traversal.ts.o >/dev/null 2>&1
mv -f .deps/dummy_test_suite_traversal.ts.Tpo .deps/dummy_test_suite_traversal.ts.Plo
/bin/bash ../../libtool --tag=CXX   --mode=compile x86_64-linux-gnu-g++ -DHAVE_CONFIG_H   -I../.. -DDEBUG__LEVEL__=2 -D_FORTIFY_SOURCE=2  -g -O2 -fstack-protector-strong -Wformat -Werror=format-security -Wall -Werror -pedantic -Wno-unused-function -MT dump_test_suite.ts.lo -MD -MP -MF .deps/dump_test_suite.ts.Tpo -c -o dump_test_suite.ts.lo dump_test_suite.ts.cpp
libtool: compile:  x86_64-linux-gnu-g++ -DHAVE_CONFIG_H -I../.. -DDEBUG__LEVEL__=2 -D_FORTIFY_SOURCE=2 -g -O2 -fstack-protector-strong -Wformat -Werror=format-security -Wall -Werror -pedantic -Wno-unused-function -MT dump_test_suite.ts.lo -MD -MP -MF .deps/dump_test_suite.ts.Tpo -c dump_test_suite.ts.cpp  -fPIC -DPIC -o .libs/dump_test_suite.ts.o
libtool: compile:  x86_64-linux-gnu-g++ -DHAVE_CONFIG_H -I../.. -DDEBUG__LEVEL__=2 -D_FORTIFY_SOURCE=2 -g -O2 -fstack-protector-strong -Wformat -Werror=format-security -Wall -Werror -pedantic -Wno-unused-function -MT dump_test_suite.ts.lo -MD -MP -MF .deps/dump_test_suite.ts.Tpo -c dump_test_suite.ts.cpp -o dump_test_suite.ts.o >/dev/null 2>&1
mv -f .deps/dump_test_suite.ts.Tpo .deps/dump_test_suite.ts.Plo
/bin/bash ../../libtool --tag=CXX   --mode=compile x86_64-linux-gnu-g++ -DHAVE_CONFIG_H   -I../.. -DDEBUG__LEVEL__=2 -D_FORTIFY_SOURCE=2  -g -O2 -fstack-protector-strong -Wformat -Werror=format-security -Wall -Werror -pedantic -Wno-unused-function -MT record_vectors.ts.lo -MD -MP -MF .deps/record_vectors.ts.Tpo -c -o record_vectors.ts.lo record_vectors.ts.cpp
libtool: compile:  x86_64-linux-gnu-g++ -DHAVE_CONFIG_H -I../.. -DDEBUG__LEVEL__=2 -D_FORTIFY_SOURCE=2 -g -O2 -fstack-protector-strong -Wformat -Werror=format-security -Wall -Werror -pedantic -Wno-unused-function -MT record_vectors.ts.lo -MD -MP -MF .deps/record_vectors.ts.Tpo -c record_vectors.ts.cpp  -fPIC -DPIC -o .libs/record_vectors.ts.o
libtool: compile:  x86_64-linux-gnu-g++ -DHAVE_CONFIG_H -I../.. -DDEBUG__LEVEL__=2 -D_FORTIFY_SOURCE=2 -g -O2 -fstack-protector-strong -Wformat -Werror=format-security -Wall -Werror -pedantic -Wno-unused-function -MT record_vectors.ts.lo -MD -MP -MF .deps/record_vectors.ts.Tpo -c record_vectors.ts.cpp -o record_vectors.ts.o >/dev/null 2>&1
mv -f .deps/record_vectors.ts.Tpo .deps/record_vectors.ts.Plo
/bin/bash ../../libtool --tag=CXX   --mode=compile x86_64-linux-gnu-g++ -DHAVE_CONFIG_H   -I../.. -DDEBUG__LEVEL__=2 -D_FORTIFY_SOURCE=2  -g -O2 -fstack-protector-strong -Wformat -Werror=format-security -Wall -Werror -pedantic -Wno-unused-function -MT test_suites.ts.lo -MD -MP -MF .deps/test_suites.ts.Tpo -c -o test_suites.ts.lo test_suites.ts.cpp
libtool: compile:  x86_64-linux-gnu-g++ -DHAVE_CONFIG_H -I../.. -DDEBUG__LEVEL__=2 -D_FORTIFY_SOURCE=2 -g -O2 -fstack-protector-strong -Wformat -Werror=format-security -Wall -Werror -pedantic -Wno-unused-function -MT test_suites.ts.lo -MD -MP -MF .deps/test_suites.ts.Tpo -c test_suites.ts.cpp  -fPIC -DPIC -o .libs/test_suites.ts.o
libtool: compile:  x86_64-linux-gnu-g++ -DHAVE_CONFIG_H -I../.. -DDEBUG__LEVEL__=2 -D_FORTIFY_SOURCE=2 -g -O2 -fstack-protector-strong -Wformat -Werror=format-security -Wall -Werror -pedantic -Wno-unused-function -MT test_suites.ts.lo -MD -MP -MF .deps/test_suites.ts.Tpo -c test_suites.ts.cpp -o test_suites.ts.o >/dev/null 2>&1
mv -f .deps/test_suites.ts.Tpo .deps/test_suites.ts.Plo
/bin/bash ../../libtool --tag=CXX   --mode=link x86_64-linux-gnu-g++  -g -O2 -fstack-protector-strong -Wformat -Werror=format-security -Wall -Werror -pedantic -Wno-unused-function  -Wl,-z,relro -lACE -lpthread -o libutil_ts.la  blind_test_run_result.ts.lo dummy_logger.ts.lo dummy_test_case.ts.lo dummy_test_data_source.ts.lo dummy_test_data.ts.lo dummy_test_suite_traversal.ts.lo dump_test_suite.ts.lo record_vectors.ts.lo test_suites.ts.lo  -ldl 
libtool: link: x86_64-linux-gnu-ar cru .libs/libutil_ts.a .libs/blind_test_run_result.ts.o .libs/dummy_logger.ts.o .libs/dummy_test_case.ts.o .libs/dummy_test_data_source.ts.o .libs/dummy_test_data.ts.o .libs/dummy_test_suite_traversal.ts.o .libs/dump_test_suite.ts.o .libs/record_vectors.ts.o .libs/test_suites.ts.o 
libtool: link: x86_64-linux-gnu-ranlib .libs/libutil_ts.a
libtool: link: ( cd ".libs" && rm -f "libutil_ts.la" && ln -s "../libutil_ts.la" "libutil_ts.la" )
make[7]: Leaving directory '/«PKGBUILDDIR»/diagnostics/util'
make[6]: Leaving directory '/«PKGBUILDDIR»/diagnostics/util'
make[5]: Leaving directory '/«PKGBUILDDIR»/diagnostics/util'
Making all in basic_exceptions
make[5]: Entering directory '/«PKGBUILDDIR»/diagnostics/basic_exceptions'
rm -f *.o *.lo *.la
rm -f diag_stamp_*
touch diag_stamp_2
make  all-recursive
make[6]: Entering directory '/«PKGBUILDDIR»/diagnostics/basic_exceptions'
make[7]: Entering directory '/«PKGBUILDDIR»/diagnostics/basic_exceptions'
/bin/bash ../../libtool --tag=CXX   --mode=compile x86_64-linux-gnu-g++ -DHAVE_CONFIG_H   -I../.. -DDEBUG__LEVEL__=2 -D_FORTIFY_SOURCE=2  -g -O2 -fstack-protector-strong -Wformat -Werror=format-security -Wall -Werror -pedantic -Wno-unused-function -MT invalid_argument.lo -MD -MP -MF .deps/invalid_argument.Tpo -c -o invalid_argument.lo invalid_argument.cpp
libtool: compile:  x86_64-linux-gnu-g++ -DHAVE_CONFIG_H -I../.. -DDEBUG__LEVEL__=2 -D_FORTIFY_SOURCE=2 -g -O2 -fstack-protector-strong -Wformat -Werror=format-security -Wall -Werror -pedantic -Wno-unused-function -MT invalid_argument.lo -MD -MP -MF .deps/invalid_argument.Tpo -c invalid_argument.cpp  -fPIC -DPIC -o .libs/invalid_argument.o
libtool: compile:  x86_64-linux-gnu-g++ -DHAVE_CONFIG_H -I../.. -DDEBUG__LEVEL__=2 -D_FORTIFY_SOURCE=2 -g -O2 -fstack-protector-strong -Wformat -Werror=format-security -Wall -Werror -pedantic -Wno-unused-function -MT invalid_argument.lo -MD -MP -MF .deps/invalid_argument.Tpo -c invalid_argument.cpp -o invalid_argument.o >/dev/null 2>&1
mv -f .deps/invalid_argument.Tpo .deps/invalid_argument.Plo
/bin/bash ../../libtool --tag=CXX   --mode=compile x86_64-linux-gnu-g++ -DHAVE_CONFIG_H   -I../.. -DDEBUG__LEVEL__=2 -D_FORTIFY_SOURCE=2  -g -O2 -fstack-protector-strong -Wformat -Werror=format-security -Wall -Werror -pedantic -Wno-unused-function -MT invalid_protocol.lo -MD -MP -MF .deps/invalid_protocol.Tpo -c -o invalid_protocol.lo invalid_protocol.cpp
libtool: compile:  x86_64-linux-gnu-g++ -DHAVE_CONFIG_H -I../.. -DDEBUG__LEVEL__=2 -D_FORTIFY_SOURCE=2 -g -O2 -fstack-protector-strong -Wformat -Werror=format-security -Wall -Werror -pedantic -Wno-unused-function -MT invalid_protocol.lo -MD -MP -MF .deps/invalid_protocol.Tpo -c invalid_protocol.cpp  -fPIC -DPIC -o .libs/invalid_protocol.o
libtool: compile:  x86_64-linux-gnu-g++ -DHAVE_CONFIG_H -I../.. -DDEBUG__LEVEL__=2 -D_FORTIFY_SOURCE=2 -g -O2 -fstack-protector-strong -Wformat -Werror=format-security -Wall -Werror -pedantic -Wno-unused-function -MT invalid_protocol.lo -MD -MP -MF .deps/invalid_protocol.Tpo -c invalid_protocol.cpp -o invalid_protocol.o >/dev/null 2>&1
mv -f .deps/invalid_protocol.Tpo .deps/invalid_protocol.Plo
/bin/bash ../../libtool --tag=CXX   --mode=compile x86_64-linux-gnu-g++ -DHAVE_CONFIG_H   -I../.. -DDEBUG__LEVEL__=2 -D_FORTIFY_SOURCE=2  -g -O2 -fstack-protector-strong -Wformat -Werror=format-security -Wall -Werror -pedantic -Wno-unused-function -MT low_level_exception.lo -MD -MP -MF .deps/low_level_exception.Tpo -c -o low_level_exception.lo low_level_exception.cpp
libtool: compile:  x86_64-linux-gnu-g++ -DHAVE_CONFIG_H -I../.. -DDEBUG__LEVEL__=2 -D_FORTIFY_SOURCE=2 -g -O2 -fstack-protector-strong -Wformat -Werror=format-security -Wall -Werror -pedantic -Wno-unused-function -MT low_level_exception.lo -MD -MP -MF .deps/low_level_exception.Tpo -c low_level_exception.cpp  -fPIC -DPIC -o .libs/low_level_exception.o
libtool: compile:  x86_64-linux-gnu-g++ -DHAVE_CONFIG_H -I../.. -DDEBUG__LEVEL__=2 -D_FORTIFY_SOURCE=2 -g -O2 -fstack-protector-strong -Wformat -Werror=format-security -Wall -Werror -pedantic -Wno-unused-function -MT low_level_exception.lo -MD -MP -MF .deps/low_level_exception.Tpo -c low_level_exception.cpp -o low_level_exception.o >/dev/null 2>&1
mv -f .deps/low_level_exception.Tpo .deps/low_level_exception.Plo
/bin/bash ../../libtool --tag=CXX   --mode=compile x86_64-linux-gnu-g++ -DHAVE_CONFIG_H   -I../.. -DDEBUG__LEVEL__=2 -D_FORTIFY_SOURCE=2  -g -O2 -fstack-protector-strong -Wformat -Werror=format-security -Wall -Werror -pedantic -Wno-unused-function -MT not_implemented.lo -MD -MP -MF .deps/not_implemented.Tpo -c -o not_implemented.lo not_implemented.cpp
libtool: compile:  x86_64-linux-gnu-g++ -DHAVE_CONFIG_H -I../.. -DDEBUG__LEVEL__=2 -D_FORTIFY_SOURCE=2 -g -O2 -fstack-protector-strong -Wformat -Werror=format-security -Wall -Werror -pedantic -Wno-unused-function -MT not_implemented.lo -MD -MP -MF .deps/not_implemented.Tpo -c not_implemented.cpp  -fPIC -DPIC -o .libs/not_implemented.o
libtool: compile:  x86_64-linux-gnu-g++ -DHAVE_CONFIG_H -I../.. -DDEBUG__LEVEL__=2 -D_FORTIFY_SOURCE=2 -g -O2 -fstack-protector-strong -Wformat -Werror=format-security -Wall -Werror -pedantic -Wno-unused-function -MT not_implemented.lo -MD -MP -MF .deps/not_implemented.Tpo -c not_implemented.cpp -o not_implemented.o >/dev/null 2>&1
mv -f .deps/not_implemented.Tpo .deps/not_implemented.Plo
/bin/bash ../../libtool --tag=CXX   --mode=compile x86_64-linux-gnu-g++ -DHAVE_CONFIG_H   -I../.. -DDEBUG__LEVEL__=2 -D_FORTIFY_SOURCE=2  -g -O2 -fstack-protector-strong -Wformat -Werror=format-security -Wall -Werror -pedantic -Wno-unused-function -MT parse_error.lo -MD -MP -MF .deps/parse_error.Tpo -c -o parse_error.lo parse_error.cpp
libtool: compile:  x86_64-linux-gnu-g++ -DHAVE_CONFIG_H -I../.. -DDEBUG__LEVEL__=2 -D_FORTIFY_SOURCE=2 -g -O2 -fstack-protector-strong -Wformat -Werror=format-security -Wall -Werror -pedantic -Wno-unused-function -MT parse_error.lo -MD -MP -MF .deps/parse_error.Tpo -c parse_error.cpp  -fPIC -DPIC -o .libs/parse_error.o
libtool: compile:  x86_64-linux-gnu-g++ -DHAVE_CONFIG_H -I../.. -DDEBUG__LEVEL__=2 -D_FORTIFY_SOURCE=2 -g -O2 -fstack-protector-strong -Wformat -Werror=format-security -Wall -Werror -pedantic -Wno-unused-function -MT parse_error.lo -MD -MP -MF .deps/parse_error.Tpo -c parse_error.cpp -o parse_error.o >/dev/null 2>&1
mv -f .deps/parse_error.Tpo .deps/parse_error.Plo
/bin/bash ../../libtool --tag=CXX   --mode=compile x86_64-linux-gnu-g++ -DHAVE_CONFIG_H   -I../.. -DDEBUG__LEVEL__=2 -D_FORTIFY_SOURCE=2  -g -O2 -fstack-protector-strong -Wformat -Werror=format-security -Wall -Werror -pedantic -Wno-unused-function -MT violated_invariance.lo -MD -MP -MF .deps/violated_invariance.Tpo -c -o violated_invariance.lo violated_invariance.cpp
libtool: compile:  x86_64-linux-gnu-g++ -DHAVE_CONFIG_H -I../.. -DDEBUG__LEVEL__=2 -D_FORTIFY_SOURCE=2 -g -O2 -fstack-protector-strong -Wformat -Werror=format-security -Wall -Werror -pedantic -Wno-unused-function -MT violated_invariance.lo -MD -MP -MF .deps/violated_invariance.Tpo -c violated_invariance.cpp  -fPIC -DPIC -o .libs/violated_invariance.o
libtool: compile:  x86_64-linux-gnu-g++ -DHAVE_CONFIG_H -I../.. -DDEBUG__LEVEL__=2 -D_FORTIFY_SOURCE=2 -g -O2 -fstack-protector-strong -Wformat -Werror=format-security -Wall -Werror -pedantic -Wno-unused-function -MT violated_invariance.lo -MD -MP -MF .deps/violated_invariance.Tpo -c violated_invariance.cpp -o violated_invariance.o >/dev/null 2>&1
mv -f .deps/violated_invariance.Tpo .deps/violated_invariance.Plo
/bin/bash ../../libtool --tag=CXX   --mode=link x86_64-linux-gnu-g++  -g -O2 -fstack-protector-strong -Wformat -Werror=format-security -Wall -Werror -pedantic -Wno-unused-function  -Wl,-z,relro -lACE -lpthread -o libbasic_exceptions.la  invalid_argument.lo invalid_protocol.lo low_level_exception.lo not_implemented.lo parse_error.lo violated_invariance.lo  -ldl 
libtool: link: x86_64-linux-gnu-ar cru .libs/libbasic_exceptions.a .libs/invalid_argument.o .libs/invalid_protocol.o .libs/low_level_exception.o .libs/not_implemented.o .libs/parse_error.o .libs/violated_invariance.o 
libtool: link: x86_64-linux-gnu-ranlib .libs/libbasic_exceptions.a
libtool: link: ( cd ".libs" && rm -f "libbasic_exceptions.la" && ln -s "../libbasic_exceptions.la" "libbasic_exceptions.la" )
make[7]: Leaving directory '/«PKGBUILDDIR»/diagnostics/basic_exceptions'
make[6]: Leaving directory '/«PKGBUILDDIR»/diagnostics/basic_exceptions'
make[5]: Leaving directory '/«PKGBUILDDIR»/diagnostics/basic_exceptions'
make[5]: Entering directory '/«PKGBUILDDIR»/diagnostics'
/bin/bash ../libtool --tag=CC   --mode=link x86_64-linux-gnu-gcc  -g -O2 -fstack-protector-strong -Wformat -Werror=format-security -version-info 1:2:1 -L/usr/lib/x86_64-linux-gnu -lltdl -Wl,-z,relro -lACE -lpthread -o libdiagnostics.la -rpath /usr/lib  extensions/instrumentation/libinstrumentation.la extensions/memory/libmemory.la frame/libframe.la logger/liblogger.la unittest/libunittest.la unittest/test_system/libtest_system.la util/libutil.la basic_exceptions/libbasic_exceptions.la extensions/stacktrace/libstacktrace.la -ldl 
libtool: link: x86_64-linux-gnu-gcc -shared  -fPIC -DPIC  -Wl,--whole-archive extensions/instrumentation/.libs/libinstrumentation.a extensions/memory/.libs/libmemory.a frame/.libs/libframe.a logger/.libs/liblogger.a unittest/.libs/libunittest.a unittest/test_system/.libs/libtest_system.a util/.libs/libutil.a basic_exceptions/.libs/libbasic_exceptions.a extensions/stacktrace/.libs/libstacktrace.a -Wl,--no-whole-archive  -L/usr/lib/x86_64-linux-gnu /usr/lib/x86_64-linux-gnu/libltdl.so -lACE -lpthread -ldl  -O2 -Wl,-z -Wl,relro   -Wl,-soname -Wl,libdiagnostics.so.0 -o .libs/libdiagnostics.so.0.1.2
libtool: link: (cd ".libs" && rm -f "libdiagnostics.so.0" && ln -s "libdiagnostics.so.0.1.2" "libdiagnostics.so.0")
libtool: link: (cd ".libs" && rm -f "libdiagnostics.so" && ln -s "libdiagnostics.so.0.1.2" "libdiagnostics.so")
libtool: link: (cd .libs/libdiagnostics.lax/libinstrumentation.a && x86_64-linux-gnu-ar x "/«PKGBUILDDIR»/diagnostics/extensions/instrumentation/.libs/libinstrumentation.a")
libtool: link: (cd .libs/libdiagnostics.lax/libmemory.a && x86_64-linux-gnu-ar x "/«PKGBUILDDIR»/diagnostics/extensions/memory/.libs/libmemory.a")
libtool: link: (cd .libs/libdiagnostics.lax/libframe.a && x86_64-linux-gnu-ar x "/«PKGBUILDDIR»/diagnostics/frame/.libs/libframe.a")
libtool: link: (cd .libs/libdiagnostics.lax/liblogger.a && x86_64-linux-gnu-ar x "/«PKGBUILDDIR»/diagnostics/logger/.libs/liblogger.a")
libtool: link: (cd .libs/libdiagnostics.lax/libunittest.a && x86_64-linux-gnu-ar x "/«PKGBUILDDIR»/diagnostics/unittest/.libs/libunittest.a")
libtool: link: (cd .libs/libdiagnostics.lax/libtest_system.a && x86_64-linux-gnu-ar x "/«PKGBUILDDIR»/diagnostics/unittest/test_system/.libs/libtest_system.a")
libtool: link: (cd .libs/libdiagnostics.lax/libutil.a && x86_64-linux-gnu-ar x "/«PKGBUILDDIR»/diagnostics/util/.libs/libutil.a")
libtool: link: (cd .libs/libdiagnostics.lax/libbasic_exceptions.a && x86_64-linux-gnu-ar x "/«PKGBUILDDIR»/diagnostics/basic_exceptions/.libs/libbasic_exceptions.a")
libtool: link: (cd .libs/libdiagnostics.lax/libstacktrace.a && x86_64-linux-gnu-ar x "/«PKGBUILDDIR»/diagnostics/extensions/stacktrace/.libs/libstacktrace.a")
libtool: link: x86_64-linux-gnu-ar cru .libs/libdiagnostics.a   .libs/libdiagnostics.lax/libinstrumentation.a/load_symbol.o  .libs/libdiagnostics.lax/libmemory.a/allocation_database.o .libs/libdiagnostics.lax/libmemory.a/annotations.o  .libs/libdiagnostics.lax/libframe.a/exception.o .libs/libdiagnostics.lax/libframe.a/logger.o .libs/libdiagnostics.lax/libframe.a/logging_config.o .libs/libdiagnostics.lax/libframe.a/logging_config_exception.o .libs/libdiagnostics.lax/libframe.a/logging_facility.o .libs/libdiagnostics.lax/libframe.a/logging_implementation.o .libs/libdiagnostics.lax/libframe.a/logging_mutex.o .libs/libdiagnostics.lax/libframe.a/record.o .libs/libdiagnostics.lax/libframe.a/std_exception.o .libs/libdiagnostics.lax/libframe.a/version.o  .libs/libdiagnostics.lax/liblogger.a/file_logger.o .libs/libdiagnostics.lax/liblogger.a/intending_file_logger.o .libs/libdiagnostics.lax/liblogger.a/intending_stream_logger.o .libs/libdiagnostics.lax/liblogger.a/stream_logger.o  .libs/libdiagnostics.lax/libunittest.a/name_separators.o .libs/libdiagnostics.lax/libunittest.a/std_test_case.o .libs/libdiagnostics.lax/libunittest.a/stream_test_system_main.o .libs/libdiagnostics.lax/libunittest.a/test_case.o .libs/libdiagnostics.lax/libunittest.a/test_data.o .libs/libdiagnostics.lax/libunittest.a/test_exception.o .libs/libdiagnostics.lax/libunittest.a/test_suite.o .libs/libdiagnostics.lax/libunittest.a/test_system_exception.o  .libs/libdiagnostics.lax/libtest_system.a/current_test_logger.o .libs/libdiagnostics.lax/libtest_system.a/file_test_data_source.o .libs/libdiagnostics.lax/libtest_system.a/filter_test_data.o .libs/libdiagnostics.lax/libtest_system.a/interactive_test_data_adaptor.o .libs/libdiagnostics.lax/libtest_system.a/list_test_suite_traversal.o .libs/libdiagnostics.lax/libtest_system.a/mutexed_test_data.o .libs/libdiagnostics.lax/libtest_system.a/run_test_suite_traversal.o .libs/libdiagnostics.lax/libtest_system.a/stream_test_data_adaptor.o .libs/libdiagnostics.lax/libtest_system.a/stream_test_system.o .libs/libdiagnostics.lax/libtest_system.a/test_data_adaptor.o .libs/libdiagnostics.lax/libtest_system.a/test_data_source.o .libs/libdiagnostics.lax/libtest_system.a/test_list_result.o .libs/libdiagnostics.lax/libtest_system.a/test_logger.o .libs/libdiagnostics.lax/libtest_system.a/test_run_result.o .libs/libdiagnostics.lax/libtest_system.a/test_suite_traversal.o .libs/libdiagnostics.lax/libtest_system.a/test_system.o  .libs/libdiagnostics.lax/libutil.a/diff.o .libs/libdiagnostics.lax/libutil.a/diff_exception.o .libs/libdiagnostics.lax/libutil.a/diff_generator.o .libs/libdiagnostics.lax/libutil.a/marshaling.o  .libs/libdiagnostics.lax/libbasic_exceptions.a/invalid_argument.o .libs/libdiagnostics.lax/libbasic_exceptions.a/invalid_protocol.o .libs/libdiagnostics.lax/libbasic_exceptions.a/low_level_exception.o .libs/libdiagnostics.lax/libbasic_exceptions.a/not_implemented.o .libs/libdiagnostics.lax/libbasic_exceptions.a/parse_error.o .libs/libdiagnostics.lax/libbasic_exceptions.a/violated_invariance.o  .libs/libdiagnostics.lax/libstacktrace.a/posix.o .libs/libdiagnostics.lax/libstacktrace.a/posix_descriptor.o .libs/libdiagnostics.lax/libstacktrace.a/posix_error.o .libs/libdiagnostics.lax/libstacktrace.a/posix_error_string.o .libs/libdiagnostics.lax/libstacktrace.a/posix_pipe.o .libs/libdiagnostics.lax/libstacktrace.a/posix_process.o .libs/libdiagnostics.lax/libstacktrace.a/traceback_addr2line.o .libs/libdiagnostics.lax/libstacktrace.a/traceback_handler.o .libs/libdiagnostics.lax/libstacktrace.a/traceback_resolve.o .libs/libdiagnostics.lax/libstacktrace.a/traceback_walk.o 
libtool: link: x86_64-linux-gnu-ranlib .libs/libdiagnostics.a
libtool: link: rm -fr .libs/libdiagnostics.lax
libtool: link: ( cd ".libs" && rm -f "libdiagnostics.la" && ln -s "../libdiagnostics.la" "libdiagnostics.la" )
make[5]: Leaving directory '/«PKGBUILDDIR»/diagnostics'
make[4]: Leaving directory '/«PKGBUILDDIR»/diagnostics'
make[3]: Leaving directory '/«PKGBUILDDIR»/diagnostics'
make[2]: Leaving directory '/«PKGBUILDDIR»'
make[1]: Leaving directory '/«PKGBUILDDIR»'
   debian/rules override_dh_auto_test
make[1]: Entering directory '/«PKGBUILDDIR»'
# run all internal tests
/usr/bin/make check CXXFLAGS="-g -O2 -fstack-protector-strong -Wformat -Werror=format-security -Wall -pedantic -Wno-unused-function"
make[2]: Entering directory '/«PKGBUILDDIR»'
/usr/bin/make  check-recursive
make[3]: Entering directory '/«PKGBUILDDIR»'
Making check in .
make[4]: Entering directory '/«PKGBUILDDIR»'
if test -f ./config/update-makefiles ; then \
	./config/update-makefiles  --disable diagnostics/ ; fi
make[4]: Leaving directory '/«PKGBUILDDIR»'
Making check in diagnostics
make[4]: Entering directory '/«PKGBUILDDIR»/diagnostics'
/usr/bin/make  check-recursive
make[5]: Entering directory '/«PKGBUILDDIR»/diagnostics'
Making check in extensions
make[6]: Entering directory '/«PKGBUILDDIR»/diagnostics/extensions'
/usr/bin/make  check-recursive
make[7]: Entering directory '/«PKGBUILDDIR»/diagnostics/extensions'
Making check in instrumentation
make[8]: Entering directory '/«PKGBUILDDIR»/diagnostics/extensions/instrumentation'
/usr/bin/make  check-recursive
make[9]: Entering directory '/«PKGBUILDDIR»/diagnostics/extensions/instrumentation'
make[10]: Entering directory '/«PKGBUILDDIR»/diagnostics/extensions/instrumentation'
make[10]: Nothing to be done for 'check-am'.
make[10]: Leaving directory '/«PKGBUILDDIR»/diagnostics/extensions/instrumentation'
make[9]: Leaving directory '/«PKGBUILDDIR»/diagnostics/extensions/instrumentation'
make[8]: Leaving directory '/«PKGBUILDDIR»/diagnostics/extensions/instrumentation'
Making check in memory
make[8]: Entering directory '/«PKGBUILDDIR»/diagnostics/extensions/memory'
/usr/bin/make  check-recursive
make[9]: Entering directory '/«PKGBUILDDIR»/diagnostics/extensions/memory'
make[10]: Entering directory '/«PKGBUILDDIR»/diagnostics/extensions/memory'
make[10]: Nothing to be done for 'check-am'.
make[10]: Leaving directory '/«PKGBUILDDIR»/diagnostics/extensions/memory'
make[9]: Leaving directory '/«PKGBUILDDIR»/diagnostics/extensions/memory'
make[8]: Leaving directory '/«PKGBUILDDIR»/diagnostics/extensions/memory'
Making check in stacktrace
make[8]: Entering directory '/«PKGBUILDDIR»/diagnostics/extensions/stacktrace'
/usr/bin/make  check-recursive
make[9]: Entering directory '/«PKGBUILDDIR»/diagnostics/extensions/stacktrace'
make[10]: Entering directory '/«PKGBUILDDIR»/diagnostics/extensions/stacktrace'
/usr/bin/make  stacktrace use_case
make[11]: Entering directory '/«PKGBUILDDIR»/diagnostics/extensions/stacktrace'
x86_64-linux-gnu-g++ -DHAVE_CONFIG_H   -I../../.. -DDEBUG__LEVEL__=2 -D_FORTIFY_SOURCE=2 -g -O1  -MT stacktrace-stacktrace.t.o -MD -MP -MF .deps/stacktrace-stacktrace.t.Tpo -c -o stacktrace-stacktrace.t.o `test -f 'stacktrace.t.cpp' || echo './'`stacktrace.t.cpp
stacktrace.t.cpp:125:6: warning: conversion from string literal to 'char *const' is deprecated [-Wc++11-compat-deprecated-writable-strings]
    {"sh", "-c", "echo stdout; echo stderr >&2; exit 17", NULL};
     ^
stacktrace.t.cpp:125:12: warning: conversion from string literal to 'char *const' is deprecated [-Wc++11-compat-deprecated-writable-strings]
    {"sh", "-c", "echo stdout; echo stderr >&2; exit 17", NULL};
           ^
stacktrace.t.cpp:125:18: warning: conversion from string literal to 'char *const' is deprecated [-Wc++11-compat-deprecated-writable-strings]
    {"sh", "-c", "echo stdout; echo stderr >&2; exit 17", NULL};
                 ^
stacktrace.t.cpp:132:6: warning: conversion from string literal to 'char *const' is deprecated [-Wc++11-compat-deprecated-writable-strings]
    {"sh", "-c", "echo stdout-only; exit 18", NULL};
     ^
stacktrace.t.cpp:132:12: warning: conversion from string literal to 'char *const' is deprecated [-Wc++11-compat-deprecated-writable-strings]
    {"sh", "-c", "echo stdout-only; exit 18", NULL};
           ^
stacktrace.t.cpp:132:18: warning: conversion from string literal to 'char *const' is deprecated [-Wc++11-compat-deprecated-writable-strings]
    {"sh", "-c", "echo stdout-only; exit 18", NULL};
                 ^
stacktrace.t.cpp:139:6: warning: conversion from string literal to 'char *const' is deprecated [-Wc++11-compat-deprecated-writable-strings]
    {"sh", "-c", "echo stderr-only >&2; exit 19", NULL};
     ^
stacktrace.t.cpp:139:12: warning: conversion from string literal to 'char *const' is deprecated [-Wc++11-compat-deprecated-writable-strings]
    {"sh", "-c", "echo stderr-only >&2; exit 19", NULL};
           ^
stacktrace.t.cpp:139:18: warning: conversion from string literal to 'char *const' is deprecated [-Wc++11-compat-deprecated-writable-strings]
    {"sh", "-c", "echo stderr-only >&2; exit 19", NULL};
                 ^
stacktrace.t.cpp:146:6: warning: conversion from string literal to 'char *const' is deprecated [-Wc++11-compat-deprecated-writable-strings]
    {"sh", "-c",
     ^
stacktrace.t.cpp:146:12: warning: conversion from string literal to 'char *const' is deprecated [-Wc++11-compat-deprecated-writable-strings]
    {"sh", "-c",
           ^
stacktrace.t.cpp:147:6: warning: conversion from string literal to 'char *const' is deprecated [-Wc++11-compat-deprecated-writable-strings]
     "sleep 1; echo sleep-stdout; echo sleep-stderr >&2; exit 20", NULL};
     ^
12 warnings generated.
mv -f .deps/stacktrace-stacktrace.t.Tpo .deps/stacktrace-stacktrace.t.Po
/bin/bash ../../../libtool --tag=CXX   --mode=link x86_64-linux-gnu-g++ -g -O1   -Wl,-z,relro -lACE -lpthread -o stacktrace stacktrace-stacktrace.t.o ../../../diagnostics/libdiagnostics.la ../../unittest/test_system/libtest_system_ts.la ../../util/libutil_ts.la -ldl 
libtool: link: x86_64-linux-gnu-g++ -g -O1 -Wl,-z -Wl,relro -o .libs/stacktrace stacktrace-stacktrace.t.o  ../../../diagnostics/.libs/libdiagnostics.so ../../unittest/test_system/.libs/libtest_system_ts.a ../../util/.libs/libutil_ts.a -lACE -lpthread -ldl
x86_64-linux-gnu-g++ -DHAVE_CONFIG_H   -I../../.. -DDEBUG__LEVEL__=2 -D_FORTIFY_SOURCE=2 -g -O2 -fstack-protector-strong -Wformat -Werror=format-security -Wall -pedantic -Wno-unused-function  -MT use_case.t.o -MD -MP -MF .deps/use_case.t.Tpo -c -o use_case.t.o use_case.t.cpp
mv -f .deps/use_case.t.Tpo .deps/use_case.t.Po
/bin/bash ../../../libtool --tag=CXX   --mode=link x86_64-linux-gnu-g++ -g -O2 -fstack-protector-strong -Wformat -Werror=format-security -Wall -pedantic -Wno-unused-function   -Wl,-z,relro -lACE -lpthread -o use_case use_case.t.o ../../../diagnostics/libdiagnostics.la -ldl 
libtool: link: x86_64-linux-gnu-g++ -g -O2 -fstack-protector-strong -Wformat -Werror=format-security -Wall -pedantic -Wno-unused-function -Wl,-z -Wl,relro -o .libs/use_case use_case.t.o  -lACE -lpthread ../../../diagnostics/.libs/libdiagnostics.so -ldl
make[11]: Leaving directory '/«PKGBUILDDIR»/diagnostics/extensions/stacktrace'
/usr/bin/make  check-TESTS
make[11]: Entering directory '/«PKGBUILDDIR»/diagnostics/extensions/stacktrace'

********************************************************************************
Started RUN with mask /*
            and level AUD
     with build Level AUD
  in test application /«PKGBUILDDIR»/diagnostics/extensions/stacktrace/.libs/lt-stacktrace
--------------------------------------------------------------------------------
Test_Run_Result [ip-172-31-13-50 32617/139748763998016]: CASE="/Stacktrace/fct/normal/test_posix" (build: AUD target: PRO) in 0.000355 secs
SUCCEEDED


Test_Run_Result [ip-172-31-13-50 32617/139748763998016]: CASE="/Stacktrace/fct/normal/test_posix_process" (build: AUD target: PRO) in 1.011378 secs
SUCCEEDED


Test_Run_Result [ip-172-31-13-50 32617/139748763998016]: CASE="/Stacktrace/fct/normal/test_traceback" (build: AUD target: PRO) in 0.116227 secs
  FAILED_ASSERTION [TES]: CONDITION="((v.loc.at(0).function) == ("call_my_visitor_2"))" EXCEPTION="::diagnostics::unittest::Test_Exception" WHAT="(v.loc.at(0).function)==("call_my_visitor_2") EVALUATES TO (diagnostics::testing::COMPONENT_Stacktrace::test_traceback(diagnostics::unittest::Test_Data&))==(call_my_visitor_2)" [stacktrace.t.cpp stacktrace.t.cpp 214]
  UNEXPECTED_EXCEPTION [TES]: at the end of CASE="/Stacktrace/fct/normal/test_traceback EXCEPTION="Test_Exception" WHAT="(v.loc.at(0).function)==("call_my_visitor_2") EVALUATES TO (diagnostics::testing::COMPONENT_Stacktrace::test_traceback(diagnostics::unittest::Test_Data&))==(call_my_visitor_2)" [  0]
FAILED: 2 failure(s) counted.


--------------------------------------------------------------------------------
Finished RUN with mask /*
             and level AUD
      with build Level AUD
   in test application /«PKGBUILDDIR»/diagnostics/extensions/stacktrace/.libs/lt-stacktrace
SUCCESS         2 ( 66%)
FAILURES        1 ( 33%)
INVALIDATIONS   0 (  0%)
TOTAL           3
********************************************************************************

FAIL: stacktrace
Exception std::out_of_range: vector::_M_range_check: __n (which is 0) >= this->size() (which is 0)
  at /usr/lib/x86_64-linux-gnu/libstdc++.so.6@0x5ebb5
  at /usr/lib/x86_64-linux-gnu/libstdc++.so.6@0x5ec00
  at /usr/lib/x86_64-linux-gnu/libstdc++.so.6@0x5ee18
  at /usr/lib/x86_64-linux-gnu/libstdc++.so.6@0xb4cde
  at /lib/x86_64-linux-gnu/libc.so.6@0x21b44
  at /«PKGBUILDDIR»/diagnostics/extensions/stacktrace/.libs/lt-use_case@0x4007e8
  at <unknown>@0xffffffffffffffff
Aborted
XFAIL: use_case
=========================================
1 of 2 tests failed
Please report to christian@schallhart.net
=========================================
make[11]: *** [check-TESTS] Error 1
Makefile:671: recipe for target 'check-TESTS' failed
make[11]: Leaving directory '/«PKGBUILDDIR»/diagnostics/extensions/stacktrace'
make[10]: *** [check-am] Error 2
Makefile:819: recipe for target 'check-am' failed
make[10]: Leaving directory '/«PKGBUILDDIR»/diagnostics/extensions/stacktrace'
make[9]: *** [check-recursive] Error 1
Makefile:542: recipe for target 'check-recursive' failed
make[9]: Leaving directory '/«PKGBUILDDIR»/diagnostics/extensions/stacktrace'
make[8]: *** [check] Error 2
Makefile:822: recipe for target 'check' failed
make[8]: Leaving directory '/«PKGBUILDDIR»/diagnostics/extensions/stacktrace'
make[8]: Entering directory '/«PKGBUILDDIR»/diagnostics/extensions'
make[8]: Nothing to be done for 'check-am'.
make[8]: Leaving directory '/«PKGBUILDDIR»/diagnostics/extensions'
make[7]: *** [check-recursive] Error 1
Makefile:355: recipe for target 'check-recursive' failed
make[7]: Leaving directory '/«PKGBUILDDIR»/diagnostics/extensions'
make[6]: *** [check] Error 2
Makefile:540: recipe for target 'check' failed
make[6]: Leaving directory '/«PKGBUILDDIR»/diagnostics/extensions'
Making check in frame
make[6]: Entering directory '/«PKGBUILDDIR»/diagnostics/frame'
/usr/bin/make  check-recursive
make[7]: Entering directory '/«PKGBUILDDIR»/diagnostics/frame'
make[8]: Entering directory '/«PKGBUILDDIR»/diagnostics/frame'
/usr/bin/make  level logging_config logging_facility record type
make[9]: Entering directory '/«PKGBUILDDIR»/diagnostics/frame'
x86_64-linux-gnu-g++ -DHAVE_CONFIG_H   -I../.. -DDEBUG__LEVEL__=2 -D_FORTIFY_SOURCE=2  -g -O2 -fstack-protector-strong -Wformat -Werror=format-security -Wall -pedantic -Wno-unused-function -MT level.t.o -MD -MP -MF .deps/level.t.Tpo -c -o level.t.o level.t.cpp
mv -f .deps/level.t.Tpo .deps/level.t.Po
/bin/bash ../../libtool --tag=CXX   --mode=link x86_64-linux-gnu-g++  -g -O2 -fstack-protector-strong -Wformat -Werror=format-security -Wall -pedantic -Wno-unused-function  -Wl,-z,relro -lACE -lpthread -o level level.t.o ../../diagnostics/libdiagnostics.la ../unittest/test_system/libtest_system_ts.la ../util/libutil_ts.la -ldl 
libtool: link: x86_64-linux-gnu-g++ -g -O2 -fstack-protector-strong -Wformat -Werror=format-security -Wall -pedantic -Wno-unused-function -Wl,-z -Wl,relro -o .libs/level level.t.o  ../../diagnostics/.libs/libdiagnostics.so ../unittest/test_system/.libs/libtest_system_ts.a ../util/.libs/libutil_ts.a -lACE -lpthread -ldl
x86_64-linux-gnu-g++ -DHAVE_CONFIG_H   -I../.. -DDEBUG__LEVEL__=2 -D_FORTIFY_SOURCE=2  -g -O2 -fstack-protector-strong -Wformat -Werror=format-security -Wall -pedantic -Wno-unused-function -MT logging_config.t.o -MD -MP -MF .deps/logging_config.t.Tpo -c -o logging_config.t.o logging_config.t.cpp
mv -f .deps/logging_config.t.Tpo .deps/logging_config.t.Po
/bin/bash ../../libtool --tag=CXX   --mode=link x86_64-linux-gnu-g++  -g -O2 -fstack-protector-strong -Wformat -Werror=format-security -Wall -pedantic -Wno-unused-function  -Wl,-z,relro -lACE -lpthread -o logging_config logging_config.t.o ../../diagnostics/libdiagnostics.la ../unittest/test_system/libtest_system_ts.la ../util/libutil_ts.la -ldl 
libtool: link: x86_64-linux-gnu-g++ -g -O2 -fstack-protector-strong -Wformat -Werror=format-security -Wall -pedantic -Wno-unused-function -Wl,-z -Wl,relro -o .libs/logging_config logging_config.t.o  ../../diagnostics/.libs/libdiagnostics.so ../unittest/test_system/.libs/libtest_system_ts.a ../util/.libs/libutil_ts.a -lACE -lpthread -ldl
x86_64-linux-gnu-g++ -DHAVE_CONFIG_H   -I../.. -DDEBUG__LEVEL__=2 -D_FORTIFY_SOURCE=2  -g -O2 -fstack-protector-strong -Wformat -Werror=format-security -Wall -pedantic -Wno-unused-function -MT logging_facility.t.o -MD -MP -MF .deps/logging_facility.t.Tpo -c -o logging_facility.t.o logging_facility.t.cpp
mv -f .deps/logging_facility.t.Tpo .deps/logging_facility.t.Po
/bin/bash ../../libtool --tag=CXX   --mode=link x86_64-linux-gnu-g++  -g -O2 -fstack-protector-strong -Wformat -Werror=format-security -Wall -pedantic -Wno-unused-function  -Wl,-z,relro -lACE -lpthread -o logging_facility logging_facility.t.o ../../diagnostics/libdiagnostics.la ../unittest/test_system/libtest_system_ts.la ../util/libutil_ts.la -ldl 
libtool: link: x86_64-linux-gnu-g++ -g -O2 -fstack-protector-strong -Wformat -Werror=format-security -Wall -pedantic -Wno-unused-function -Wl,-z -Wl,relro -o .libs/logging_facility logging_facility.t.o  ../../diagnostics/.libs/libdiagnostics.so ../unittest/test_system/.libs/libtest_system_ts.a ../util/.libs/libutil_ts.a -lACE -lpthread -ldl
x86_64-linux-gnu-g++ -DHAVE_CONFIG_H   -I../.. -DDEBUG__LEVEL__=2 -D_FORTIFY_SOURCE=2  -g -O2 -fstack-protector-strong -Wformat -Werror=format-security -Wall -pedantic -Wno-unused-function -MT record.t.o -MD -MP -MF .deps/record.t.Tpo -c -o record.t.o record.t.cpp
In file included from record.t.cpp:36:
In file included from ../../diagnostics/unittest.hpp:44:
In file included from ../../diagnostics/macros/test_front_end.hpp:47:
In file included from ../../diagnostics/macros/relation_modifier.hpp:44:
../../diagnostics/util/to_string.hpp:59:8: error: call to function 'operator<<' that is neither visible in the template definition nor found by argument-dependent lookup
    os << t;
       ^
record.t.cpp:124:41: note: in instantiation of function template specialization 'diagnostics::internal::to_string<diagnostics::Record>' requested here
                (DIAGNOSTICS_COMPILATION_MODE_ID+"r1",to_string(r1)));
                                                      ^
../../diagnostics/macros/test_front_end.hpp:155:90: note: expanded from macro 'TEST_ASSERT'
                          0,"CONDITION=\"" #COND "\" EXCEPTION=\"" "Test_Exception" "\"",COND,\
                                                                                         ^
../../diagnostics/macros/assert_annotation.hpp:57:15: note: expanded from macro 'DIAGNOSTICS_BASE_ASSERT'
    do { if(!(COND)) { \
              ^
../../diagnostics/frame/record.hpp:200:18: note: 'operator<<' should be declared prior to the call site or in namespace 'diagnostics'
::std::ostream & operator<<(::std::ostream & stream, ::diagnostics::Record const & record);
                 ^
1 error generated.
make[9]: *** [record.t.o] Error 1
Makefile:514: recipe for target 'record.t.o' failed
make[9]: Leaving directory '/«PKGBUILDDIR»/diagnostics/frame'
make[8]: *** [check-am] Error 2
Makefile:866: recipe for target 'check-am' failed
make[8]: Leaving directory '/«PKGBUILDDIR»/diagnostics/frame'
make[7]: *** [check-recursive] Error 1
Makefile:589: recipe for target 'check-recursive' failed
make[7]: Leaving directory '/«PKGBUILDDIR»/diagnostics/frame'
make[6]: *** [check] Error 2
Makefile:869: recipe for target 'check' failed
make[6]: Leaving directory '/«PKGBUILDDIR»/diagnostics/frame'
Making check in logger
make[6]: Entering directory '/«PKGBUILDDIR»/diagnostics/logger'
/usr/bin/make  check-recursive
make[7]: Entering directory '/«PKGBUILDDIR»/diagnostics/logger'
make[8]: Entering directory '/«PKGBUILDDIR»/diagnostics/logger'
/usr/bin/make  file_logger stream_logger
make[9]: Entering directory '/«PKGBUILDDIR»/diagnostics/logger'
x86_64-linux-gnu-g++ -DHAVE_CONFIG_H   -I../.. -DDEBUG__LEVEL__=2 -D_FORTIFY_SOURCE=2  -g -O2 -fstack-protector-strong -Wformat -Werror=format-security -Wall -pedantic -Wno-unused-function -MT file_logger.t.o -MD -MP -MF .deps/file_logger.t.Tpo -c -o file_logger.t.o file_logger.t.cpp
In file included from file_logger.t.cpp:36:
In file included from ../../diagnostics/unittest.hpp:44:
In file included from ../../diagnostics/macros/test_front_end.hpp:47:
In file included from ../../diagnostics/macros/relation_modifier.hpp:44:
../../diagnostics/util/to_string.hpp:59:8: error: call to function 'operator<<' that is neither visible in the template definition nor found by argument-dependent lookup
    os << t;
       ^
file_logger.t.cpp:109:23: note: in instantiation of function template specialization 'diagnostics::internal::to_string<diagnostics::Record>' requested here
                TEST_ASSERT(buffer==to_string(r1));
                                    ^
../../diagnostics/macros/test_front_end.hpp:155:90: note: expanded from macro 'TEST_ASSERT'
                          0,"CONDITION=\"" #COND "\" EXCEPTION=\"" "Test_Exception" "\"",COND,\
                                                                                         ^
../../diagnostics/macros/assert_annotation.hpp:57:15: note: expanded from macro 'DIAGNOSTICS_BASE_ASSERT'
    do { if(!(COND)) { \
              ^
../../diagnostics/frame/record.hpp:200:18: note: 'operator<<' should be declared prior to the call site or in namespace 'diagnostics'
::std::ostream & operator<<(::std::ostream & stream, ::diagnostics::Record const & record);
                 ^
1 error generated.
make[9]: *** [file_logger.t.o] Error 1
Makefile:463: recipe for target 'file_logger.t.o' failed
make[9]: Leaving directory '/«PKGBUILDDIR»/diagnostics/logger'
make[8]: *** [check-am] Error 2
Makefile:815: recipe for target 'check-am' failed
make[8]: Leaving directory '/«PKGBUILDDIR»/diagnostics/logger'
make[7]: *** [check-recursive] Error 1
Makefile:538: recipe for target 'check-recursive' failed
make[7]: Leaving directory '/«PKGBUILDDIR»/diagnostics/logger'
make[6]: *** [check] Error 2
Makefile:818: recipe for target 'check' failed
make[6]: Leaving directory '/«PKGBUILDDIR»/diagnostics/logger'
Making check in macros
make[6]: Entering directory '/«PKGBUILDDIR»/diagnostics/macros'
/usr/bin/make  check-recursive
make[7]: Entering directory '/«PKGBUILDDIR»/diagnostics/macros'
make[8]: Entering directory '/«PKGBUILDDIR»/diagnostics/macros'
/usr/bin/make  assert_annotation block_annotation check_annotation exceptionless_block_annotation invariance_annotation relation_modifier test_front_end throwing_block_annotation
make[9]: Entering directory '/«PKGBUILDDIR»/diagnostics/macros'
x86_64-linux-gnu-g++ -DHAVE_CONFIG_H   -I../.. -DDEBUG__LEVEL__=2 -D_FORTIFY_SOURCE=2  -g -O2 -fstack-protector-strong -Wformat -Werror=format-security -Wall -pedantic -Wno-unused-function -MT assert_annotation.t.o -MD -MP -MF .deps/assert_annotation.t.Tpo -c -o assert_annotation.t.o assert_annotation.t.cpp
mv -f .deps/assert_annotation.t.Tpo .deps/assert_annotation.t.Po
/bin/bash ../../libtool --tag=CXX   --mode=link x86_64-linux-gnu-g++  -g -O2 -fstack-protector-strong -Wformat -Werror=format-security -Wall -pedantic -Wno-unused-function  -Wl,-z,relro -lACE -lpthread -o assert_annotation assert_annotation.t.o ../../diagnostics/libdiagnostics.la ../unittest/test_system/libtest_system_ts.la ../util/libutil_ts.la -ldl 
libtool: link: x86_64-linux-gnu-g++ -g -O2 -fstack-protector-strong -Wformat -Werror=format-security -Wall -pedantic -Wno-unused-function -Wl,-z -Wl,relro -o .libs/assert_annotation assert_annotation.t.o  ../../diagnostics/.libs/libdiagnostics.so ../unittest/test_system/.libs/libtest_system_ts.a ../util/.libs/libutil_ts.a -lACE -lpthread -ldl
x86_64-linux-gnu-g++ -DHAVE_CONFIG_H   -I../.. -DDEBUG__LEVEL__=2 -D_FORTIFY_SOURCE=2  -g -O2 -fstack-protector-strong -Wformat -Werror=format-security -Wall -pedantic -Wno-unused-function -MT block_annotation.t.o -MD -MP -MF .deps/block_annotation.t.Tpo -c -o block_annotation.t.o block_annotation.t.cpp
mv -f .deps/block_annotation.t.Tpo .deps/block_annotation.t.Po
/bin/bash ../../libtool --tag=CXX   --mode=link x86_64-linux-gnu-g++  -g -O2 -fstack-protector-strong -Wformat -Werror=format-security -Wall -pedantic -Wno-unused-function  -Wl,-z,relro -lACE -lpthread -o block_annotation block_annotation.t.o ../../diagnostics/libdiagnostics.la ../unittest/test_system/libtest_system_ts.la ../util/libutil_ts.la -ldl 
libtool: link: x86_64-linux-gnu-g++ -g -O2 -fstack-protector-strong -Wformat -Werror=format-security -Wall -pedantic -Wno-unused-function -Wl,-z -Wl,relro -o .libs/block_annotation block_annotation.t.o  ../../diagnostics/.libs/libdiagnostics.so ../unittest/test_system/.libs/libtest_system_ts.a ../util/.libs/libutil_ts.a -lACE -lpthread -ldl
x86_64-linux-gnu-g++ -DHAVE_CONFIG_H   -I../.. -DDEBUG__LEVEL__=2 -D_FORTIFY_SOURCE=2  -g -O2 -fstack-protector-strong -Wformat -Werror=format-security -Wall -pedantic -Wno-unused-function -MT check_annotation.t.o -MD -MP -MF .deps/check_annotation.t.Tpo -c -o check_annotation.t.o check_annotation.t.cpp
mv -f .deps/check_annotation.t.Tpo .deps/check_annotation.t.Po
/bin/bash ../../libtool --tag=CXX   --mode=link x86_64-linux-gnu-g++  -g -O2 -fstack-protector-strong -Wformat -Werror=format-security -Wall -pedantic -Wno-unused-function  -Wl,-z,relro -lACE -lpthread -o check_annotation check_annotation.t.o ../../diagnostics/libdiagnostics.la ../unittest/test_system/libtest_system_ts.la ../util/libutil_ts.la -ldl 
libtool: link: x86_64-linux-gnu-g++ -g -O2 -fstack-protector-strong -Wformat -Werror=format-security -Wall -pedantic -Wno-unused-function -Wl,-z -Wl,relro -o .libs/check_annotation check_annotation.t.o  ../../diagnostics/.libs/libdiagnostics.so ../unittest/test_system/.libs/libtest_system_ts.a ../util/.libs/libutil_ts.a -lACE -lpthread -ldl
x86_64-linux-gnu-g++ -DHAVE_CONFIG_H   -I../.. -DDEBUG__LEVEL__=2 -D_FORTIFY_SOURCE=2  -g -O2 -fstack-protector-strong -Wformat -Werror=format-security -Wall -pedantic -Wno-unused-function -MT exceptionless_block_annotation.t.o -MD -MP -MF .deps/exceptionless_block_annotation.t.Tpo -c -o exceptionless_block_annotation.t.o exceptionless_block_annotation.t.cpp
mv -f .deps/exceptionless_block_annotation.t.Tpo .deps/exceptionless_block_annotation.t.Po
/bin/bash ../../libtool --tag=CXX   --mode=link x86_64-linux-gnu-g++  -g -O2 -fstack-protector-strong -Wformat -Werror=format-security -Wall -pedantic -Wno-unused-function  -Wl,-z,relro -lACE -lpthread -o exceptionless_block_annotation exceptionless_block_annotation.t.o ../../diagnostics/libdiagnostics.la ../unittest/test_system/libtest_system_ts.la ../util/libutil_ts.la -ldl 
libtool: link: x86_64-linux-gnu-g++ -g -O2 -fstack-protector-strong -Wformat -Werror=format-security -Wall -pedantic -Wno-unused-function -Wl,-z -Wl,relro -o .libs/exceptionless_block_annotation exceptionless_block_annotation.t.o  ../../diagnostics/.libs/libdiagnostics.so ../unittest/test_system/.libs/libtest_system_ts.a ../util/.libs/libutil_ts.a -lACE -lpthread -ldl
x86_64-linux-gnu-g++ -DHAVE_CONFIG_H   -I../.. -DDEBUG__LEVEL__=2 -D_FORTIFY_SOURCE=2  -g -O2 -fstack-protector-strong -Wformat -Werror=format-security -Wall -pedantic -Wno-unused-function -MT invariance_annotation.t.o -MD -MP -MF .deps/invariance_annotation.t.Tpo -c -o invariance_annotation.t.o invariance_annotation.t.cpp
mv -f .deps/invariance_annotation.t.Tpo .deps/invariance_annotation.t.Po
/bin/bash ../../libtool --tag=CXX   --mode=link x86_64-linux-gnu-g++  -g -O2 -fstack-protector-strong -Wformat -Werror=format-security -Wall -pedantic -Wno-unused-function  -Wl,-z,relro -lACE -lpthread -o invariance_annotation invariance_annotation.t.o ../../diagnostics/libdiagnostics.la ../unittest/test_system/libtest_system_ts.la ../util/libutil_ts.la -ldl 
libtool: link: x86_64-linux-gnu-g++ -g -O2 -fstack-protector-strong -Wformat -Werror=format-security -Wall -pedantic -Wno-unused-function -Wl,-z -Wl,relro -o .libs/invariance_annotation invariance_annotation.t.o  ../../diagnostics/.libs/libdiagnostics.so ../unittest/test_system/.libs/libtest_system_ts.a ../util/.libs/libutil_ts.a -lACE -lpthread -ldl
x86_64-linux-gnu-g++ -DHAVE_CONFIG_H   -I../.. -DDEBUG__LEVEL__=2 -D_FORTIFY_SOURCE=2  -g -O2 -fstack-protector-strong -Wformat -Werror=format-security -Wall -pedantic -Wno-unused-function -MT relation_modifier.t.o -MD -MP -MF .deps/relation_modifier.t.Tpo -c -o relation_modifier.t.o relation_modifier.t.cpp
mv -f .deps/relation_modifier.t.Tpo .deps/relation_modifier.t.Po
/bin/bash ../../libtool --tag=CXX   --mode=link x86_64-linux-gnu-g++  -g -O2 -fstack-protector-strong -Wformat -Werror=format-security -Wall -pedantic -Wno-unused-function  -Wl,-z,relro -lACE -lpthread -o relation_modifier relation_modifier.t.o ../../diagnostics/libdiagnostics.la ../unittest/test_system/libtest_system_ts.la ../util/libutil_ts.la -ldl 
libtool: link: x86_64-linux-gnu-g++ -g -O2 -fstack-protector-strong -Wformat -Werror=format-security -Wall -pedantic -Wno-unused-function -Wl,-z -Wl,relro -o .libs/relation_modifier relation_modifier.t.o  ../../diagnostics/.libs/libdiagnostics.so ../unittest/test_system/.libs/libtest_system_ts.a ../util/.libs/libutil_ts.a -lACE -lpthread -ldl
x86_64-linux-gnu-g++ -DHAVE_CONFIG_H   -I../.. -DDEBUG__LEVEL__=2 -D_FORTIFY_SOURCE=2  -g -O2 -fstack-protector-strong -Wformat -Werror=format-security -Wall -pedantic -Wno-unused-function -MT test_front_end.t.o -MD -MP -MF .deps/test_front_end.t.Tpo -c -o test_front_end.t.o test_front_end.t.cpp
mv -f .deps/test_front_end.t.Tpo .deps/test_front_end.t.Po
/bin/bash ../../libtool --tag=CXX   --mode=link x86_64-linux-gnu-g++  -g -O2 -fstack-protector-strong -Wformat -Werror=format-security -Wall -pedantic -Wno-unused-function  -Wl,-z,relro -lACE -lpthread -o test_front_end test_front_end.t.o ../../diagnostics/libdiagnostics.la ../unittest/test_system/libtest_system_ts.la ../util/libutil_ts.la -ldl 
libtool: link: x86_64-linux-gnu-g++ -g -O2 -fstack-protector-strong -Wformat -Werror=format-security -Wall -pedantic -Wno-unused-function -Wl,-z -Wl,relro -o .libs/test_front_end test_front_end.t.o  ../../diagnostics/.libs/libdiagnostics.so ../unittest/test_system/.libs/libtest_system_ts.a ../util/.libs/libutil_ts.a -lACE -lpthread -ldl
x86_64-linux-gnu-g++ -DHAVE_CONFIG_H   -I../.. -DDEBUG__LEVEL__=2 -D_FORTIFY_SOURCE=2  -g -O2 -fstack-protector-strong -Wformat -Werror=format-security -Wall -pedantic -Wno-unused-function -MT throwing_block_annotation.t.o -MD -MP -MF .deps/throwing_block_annotation.t.Tpo -c -o throwing_block_annotation.t.o throwing_block_annotation.t.cpp
throwing_block_annotation.t.cpp:224:5: warning: exception of type int & will be caught by earlier handler
    TEST_CASE(0)
    ^
throwing_block_annotation.t.cpp:122:89: note: expanded from macro 'TEST_CASE'
        DIAGNOSTICS_BASE_THROWING_BLOCK_EXIT(LEVEL_AUDIT,50,int,PRED,EMPTY,rethrow,EXPLICIT_TE,int,STR_WHAT_INT); \
                                                                                               ^
../../diagnostics/macros/throwing_block_annotation.hpp:127:11: note: expanded from macro 'DIAGNOSTICS_BASE_THROWING_BLOCK_EXIT'
    catch(BASE & e) { \
          ^
throwing_block_annotation.t.cpp:224:5: note: for type int &
throwing_block_annotation.t.cpp:122:54: note: expanded from macro 'TEST_CASE'
        DIAGNOSTICS_BASE_THROWING_BLOCK_EXIT(LEVEL_AUDIT,50,int,PRED,EMPTY,rethrow,EXPLICIT_TE,int,STR_WHAT_INT); \
                                                            ^
../../diagnostics/macros/throwing_block_annotation.hpp:114:11: note: expanded from macro 'DIAGNOSTICS_BASE_THROWING_BLOCK_EXIT'
    catch(EXCEP & e) { \
          ^
throwing_block_annotation.t.cpp:224:5: warning: exception of type int & will be caught by earlier handler
    TEST_CASE(0)
    ^
throwing_block_annotation.t.cpp:175:89: note: expanded from macro 'TEST_CASE'
        DIAGNOSTICS_BASE_THROWING_BLOCK_EXIT(LEVEL_AUDIT,50,int,PRED,EMPTY,rethrow,EXPLICIT_TE,int,STR_WHAT_INT); \
                                                                                               ^
../../diagnostics/macros/throwing_block_annotation.hpp:127:11: note: expanded from macro 'DIAGNOSTICS_BASE_THROWING_BLOCK_EXIT'
    catch(BASE & e) { \
          ^
throwing_block_annotation.t.cpp:224:5: note: for type int &
throwing_block_annotation.t.cpp:175:54: note: expanded from macro 'TEST_CASE'
        DIAGNOSTICS_BASE_THROWING_BLOCK_EXIT(LEVEL_AUDIT,50,int,PRED,EMPTY,rethrow,EXPLICIT_TE,int,STR_WHAT_INT); \
                                                            ^
../../diagnostics/macros/throwing_block_annotation.hpp:114:11: note: expanded from macro 'DIAGNOSTICS_BASE_THROWING_BLOCK_EXIT'
    catch(EXCEP & e) { \
          ^
throwing_block_annotation.t.cpp:229:5: warning: exception of type int & will be caught by earlier handler
    TEST_CASE(1)
    ^
throwing_block_annotation.t.cpp:122:89: note: expanded from macro 'TEST_CASE'
        DIAGNOSTICS_BASE_THROWING_BLOCK_EXIT(LEVEL_AUDIT,50,int,PRED,EMPTY,rethrow,EXPLICIT_TE,int,STR_WHAT_INT); \
                                                                                               ^
../../diagnostics/macros/throwing_block_annotation.hpp:127:11: note: expanded from macro 'DIAGNOSTICS_BASE_THROWING_BLOCK_EXIT'
    catch(BASE & e) { \
          ^
throwing_block_annotation.t.cpp:229:5: note: for type int &
throwing_block_annotation.t.cpp:122:54: note: expanded from macro 'TEST_CASE'
        DIAGNOSTICS_BASE_THROWING_BLOCK_EXIT(LEVEL_AUDIT,50,int,PRED,EMPTY,rethrow,EXPLICIT_TE,int,STR_WHAT_INT); \
                                                            ^
../../diagnostics/macros/throwing_block_annotation.hpp:114:11: note: expanded from macro 'DIAGNOSTICS_BASE_THROWING_BLOCK_EXIT'
    catch(EXCEP & e) { \
          ^
throwing_block_annotation.t.cpp:229:5: warning: exception of type ::diagnostics::unittest::Test_Exception & will be caught by earlier handler
    TEST_CASE(1)
    ^
throwing_block_annotation.t.cpp:130:2: note: expanded from macro 'TEST_CASE'
        DIAGNOSTICS_BASE_THROWING_BLOCK_EXIT(LEVEL_AUDIT,60, \
        ^
../../diagnostics/macros/throwing_block_annotation.hpp:126:5: note: expanded from macro 'DIAGNOSTICS_BASE_THROWING_BLOCK_EXIT'
    DIAGNOSTICS_BASE_CONCAT(DIAGNOSTICS_INTERNAL_THROWING_HANDLE_TE,HANDLE_TE_EXLPLICITLY)((LEVEL),(NR_WHAT),(RETHROW),EXCEP,PRED) \
    ^
../../diagnostics/util/preprocessor.hpp:46:38: note: expanded from macro 'DIAGNOSTICS_BASE_CONCAT'
#define DIAGNOSTICS_BASE_CONCAT(A,B) DIAGNOSTICS_INTERNAL_BASE_CONCAT(A,B)
                                     ^
../../diagnostics/util/preprocessor.hpp:42:47: note: expanded from macro 'DIAGNOSTICS_INTERNAL_BASE_CONCAT'
#define DIAGNOSTICS_INTERNAL_BASE_CONCAT(A,B) A ## B
                                              ^
<scratch space>:27:1: note: expanded from here
DIAGNOSTICS_INTERNAL_THROWING_HANDLE_TE1
^
../../diagnostics/macros/throwing_block_annotation.hpp:66:11: note: expanded from macro 'DIAGNOSTICS_INTERNAL_THROWING_HANDLE_TE1'
    catch(::diagnostics::unittest::Test_Exception & e) { \
          ^
throwing_block_annotation.t.cpp:229:5: note: for type class diagnostics::unittest::Test_Exception &
throwing_block_annotation.t.cpp:131:46: note: expanded from macro 'TEST_CASE'
                                             Test_Exception, \
                                             ^
../../diagnostics/macros/throwing_block_annotation.hpp:114:11: note: expanded from macro 'DIAGNOSTICS_BASE_THROWING_BLOCK_EXIT'
    catch(EXCEP & e) { \
          ^
throwing_block_annotation.t.cpp:229:5: warning: exception of type int & will be caught by earlier handler
    TEST_CASE(1)
    ^
throwing_block_annotation.t.cpp:175:89: note: expanded from macro 'TEST_CASE'
        DIAGNOSTICS_BASE_THROWING_BLOCK_EXIT(LEVEL_AUDIT,50,int,PRED,EMPTY,rethrow,EXPLICIT_TE,int,STR_WHAT_INT); \
                                                                                               ^
../../diagnostics/macros/throwing_block_annotation.hpp:127:11: note: expanded from macro 'DIAGNOSTICS_BASE_THROWING_BLOCK_EXIT'
    catch(BASE & e) { \
          ^
throwing_block_annotation.t.cpp:229:5: note: for type int &
throwing_block_annotation.t.cpp:175:54: note: expanded from macro 'TEST_CASE'
        DIAGNOSTICS_BASE_THROWING_BLOCK_EXIT(LEVEL_AUDIT,50,int,PRED,EMPTY,rethrow,EXPLICIT_TE,int,STR_WHAT_INT); \
                                                            ^
../../diagnostics/macros/throwing_block_annotation.hpp:114:11: note: expanded from macro 'DIAGNOSTICS_BASE_THROWING_BLOCK_EXIT'
    catch(EXCEP & e) { \
          ^
throwing_block_annotation.t.cpp:229:5: warning: exception of type ::diagnostics::unittest::Test_Exception & will be caught by earlier handler
    TEST_CASE(1)
    ^
throwing_block_annotation.t.cpp:183:2: note: expanded from macro 'TEST_CASE'
        DIAGNOSTICS_BASE_THROWING_BLOCK_EXIT(LEVEL_AUDIT,60, \
        ^
../../diagnostics/macros/throwing_block_annotation.hpp:126:5: note: expanded from macro 'DIAGNOSTICS_BASE_THROWING_BLOCK_EXIT'
    DIAGNOSTICS_BASE_CONCAT(DIAGNOSTICS_INTERNAL_THROWING_HANDLE_TE,HANDLE_TE_EXLPLICITLY)((LEVEL),(NR_WHAT),(RETHROW),EXCEP,PRED) \
    ^
../../diagnostics/util/preprocessor.hpp:46:38: note: expanded from macro 'DIAGNOSTICS_BASE_CONCAT'
#define DIAGNOSTICS_BASE_CONCAT(A,B) DIAGNOSTICS_INTERNAL_BASE_CONCAT(A,B)
                                     ^
../../diagnostics/util/preprocessor.hpp:42:47: note: expanded from macro 'DIAGNOSTICS_INTERNAL_BASE_CONCAT'
#define DIAGNOSTICS_INTERNAL_BASE_CONCAT(A,B) A ## B
                                              ^
<scratch space>:71:1: note: expanded from here
DIAGNOSTICS_INTERNAL_THROWING_HANDLE_TE1
^
../../diagnostics/macros/throwing_block_annotation.hpp:66:11: note: expanded from macro 'DIAGNOSTICS_INTERNAL_THROWING_HANDLE_TE1'
    catch(::diagnostics::unittest::Test_Exception & e) { \
          ^
throwing_block_annotation.t.cpp:229:5: note: for type class diagnostics::unittest::Test_Exception &
throwing_block_annotation.t.cpp:184:46: note: expanded from macro 'TEST_CASE'
                                             Test_Exception, \
                                             ^
../../diagnostics/macros/throwing_block_annotation.hpp:114:11: note: expanded from macro 'DIAGNOSTICS_BASE_THROWING_BLOCK_EXIT'
    catch(EXCEP & e) { \
          ^
6 warnings generated.
mv -f .deps/throwing_block_annotation.t.Tpo .deps/throwing_block_annotation.t.Po
/bin/bash ../../libtool --tag=CXX   --mode=link x86_64-linux-gnu-g++  -g -O2 -fstack-protector-strong -Wformat -Werror=format-security -Wall -pedantic -Wno-unused-function  -Wl,-z,relro -lACE -lpthread -o throwing_block_annotation throwing_block_annotation.t.o ../../diagnostics/libdiagnostics.la ../unittest/test_system/libtest_system_ts.la ../util/libutil_ts.la -ldl 
libtool: link: x86_64-linux-gnu-g++ -g -O2 -fstack-protector-strong -Wformat -Werror=format-security -Wall -pedantic -Wno-unused-function -Wl,-z -Wl,relro -o .libs/throwing_block_annotation throwing_block_annotation.t.o  ../../diagnostics/.libs/libdiagnostics.so ../unittest/test_system/.libs/libtest_system_ts.a ../util/.libs/libutil_ts.a -lACE -lpthread -ldl
make[9]: Leaving directory '/«PKGBUILDDIR»/diagnostics/macros'
/usr/bin/make  check-TESTS
make[9]: Entering directory '/«PKGBUILDDIR»/diagnostics/macros'

********************************************************************************
Started RUN with mask /*
            and level AUD
     with build Level AUD
  in test application /«PKGBUILDDIR»/diagnostics/macros/.libs/lt-assert_annotation
--------------------------------------------------------------------------------
Test_Run_Result [ip-172-31-13-50 1251/139667587262272]: CASE="/assert_annotation/fct/normal/throw_succeed" (build: AUD target: PRO) in 0.000065 secs
SUCCEEDED


Test_Run_Result [ip-172-31-13-50 1251/139667587262272]: CASE="/assert_annotation/fct/normal/throw_fail" (build: AUD target: PRO) in 0.000283 secs
SUCCEEDED


Test_Run_Result [ip-172-31-13-50 1251/139667587262272]: CASE="/assert_annotation/fct/normal/nothrow_succeed" (build: AUD target: PRO) in 0.000036 secs
SUCCEEDED


Test_Run_Result [ip-172-31-13-50 1251/139667587262272]: CASE="/assert_annotation/fct/normal/nothrow_fail" (build: AUD target: PRO) in 0.000067 secs
SUCCEEDED


--------------------------------------------------------------------------------
Finished RUN with mask /*
             and level AUD
      with build Level AUD
   in test application /«PKGBUILDDIR»/diagnostics/macros/.libs/lt-assert_annotation
SUCCESS         4 (100%)
FAILURES        0 (  0%)
INVALIDATIONS   0 (  0%)
TOTAL           4
********************************************************************************

PASS: assert_annotation

********************************************************************************
Started RUN with mask /*
            and level AUD
     with build Level AUD
  in test application /«PKGBUILDDIR»/diagnostics/macros/.libs/lt-block_annotation
--------------------------------------------------------------------------------
Test_Run_Result [ip-172-31-13-50 1275/139953504249664]: CASE="/block_annotation/fct/normal/block_guard" (build: AUD target: PRO) in 0.000092 secs
SUCCEEDED


Test_Run_Result [ip-172-31-13-50 1275/139953504249664]: CASE="/block_annotation/fct/normal/block_guard_macro" (build: AUD target: PRO) in 0.000079 secs
SUCCEEDED


Test_Run_Result [ip-172-31-13-50 1275/139953504249664]: CASE="/block_annotation/fct/normal/block_enter_exit" (build: AUD target: PRO) in 0.000051 secs
SUCCEEDED


--------------------------------------------------------------------------------
Finished RUN with mask /*
             and level AUD
      with build Level AUD
   in test application /«PKGBUILDDIR»/diagnostics/macros/.libs/lt-block_annotation
SUCCESS         3 (100%)
FAILURES        0 (  0%)
INVALIDATIONS   0 (  0%)
TOTAL           3
********************************************************************************

PASS: block_annotation

********************************************************************************
Started RUN with mask /*
            and level AUD
     with build Level AUD
  in test application /«PKGBUILDDIR»/diagnostics/macros/.libs/lt-check_annotation
--------------------------------------------------------------------------------
Test_Run_Result [ip-172-31-13-50 1299/139751718995776]: CASE="/check_annotation/fct/normal/throw_succeed" (build: AUD target: PRO) in 0.000066 secs
SUCCEEDED


Test_Run_Result [ip-172-31-13-50 1299/139751718995776]: CASE="/check_annotation/fct/normal/throw_fail" (build: AUD target: PRO) in 0.000284 secs
SUCCEEDED


Test_Run_Result [ip-172-31-13-50 1299/139751718995776]: CASE="/check_annotation/fct/normal/nothrow_succeed" (build: AUD target: PRO) in 0.000034 secs
SUCCEEDED


Test_Run_Result [ip-172-31-13-50 1299/139751718995776]: CASE="/check_annotation/fct/normal/nothrow_fail" (build: AUD target: PRO) in 0.000067 secs
SUCCEEDED


--------------------------------------------------------------------------------
Finished RUN with mask /*
             and level AUD
      with build Level AUD
   in test application /«PKGBUILDDIR»/diagnostics/macros/.libs/lt-check_annotation
SUCCESS         4 (100%)
FAILURES        0 (  0%)
INVALIDATIONS   0 (  0%)
TOTAL           4
********************************************************************************

PASS: check_annotation

********************************************************************************
Started RUN with mask /*
            and level AUD
     with build Level AUD
  in test application /«PKGBUILDDIR»/diagnostics/macros/.libs/lt-exceptionless_block_annotation
--------------------------------------------------------------------------------
Test_Run_Result [ip-172-31-13-50 1323/140659247343424]: CASE="/exceptionless_block_annotation/fct/normal/no_explicit_te_rethrow" (build: AUD target: PRO) in 0.000318 secs
SUCCEEDED


Test_Run_Result [ip-172-31-13-50 1323/140659247343424]: CASE="/exceptionless_block_annotation/fct/normal/no_explicit_te_norethrow" (build: AUD target: PRO) in 0.000109 secs
SUCCEEDED


Test_Run_Result [ip-172-31-13-50 1323/140659247343424]: CASE="/exceptionless_block_annotation/fct/normal/explicit_te_rethrow" (build: AUD target: PRO) in 0.000188 secs
SUCCEEDED


Test_Run_Result [ip-172-31-13-50 1323/140659247343424]: CASE="/exceptionless_block_annotation/fct/normal/explicit_te_norethrow" (build: AUD target: PRO) in 0.000123 secs
SUCCEEDED


--------------------------------------------------------------------------------
Finished RUN with mask /*
             and level AUD
      with build Level AUD
   in test application /«PKGBUILDDIR»/diagnostics/macros/.libs/lt-exceptionless_block_annotation
SUCCESS         4 (100%)
FAILURES        0 (  0%)
INVALIDATIONS   0 (  0%)
TOTAL           4
********************************************************************************

PASS: exceptionless_block_annotation

********************************************************************************
Started RUN with mask /*
            and level AUD
     with build Level AUD
  in test application /«PKGBUILDDIR»/diagnostics/macros/.libs/lt-invariance_annotation
--------------------------------------------------------------------------------
Test_Run_Result [ip-172-31-13-50 1347/139906936178496]: CASE="/invariance_annotation/fct/normal/guard" (build: AUD target: PRO) in 0.000194 secs
SUCCEEDED


Test_Run_Result [ip-172-31-13-50 1347/139906936178496]: CASE="/invariance_annotation/fct/normal/macros" (build: AUD target: PRO) in 0.000055 secs
SUCCEEDED


Test_Run_Result [ip-172-31-13-50 1347/139906936178496]: CASE="/invariance_annotation/fct/normal/returning" (build: AUD target: PRO) in 0.000053 secs
SUCCEEDED


Test_Run_Result [ip-172-31-13-50 1347/139906936178496]: CASE="/invariance_annotation/fct/normal/throw_with_implicit_te" (build: AUD target: PRO) in 0.000119 secs
SUCCEEDED


Test_Run_Result [ip-172-31-13-50 1347/139906936178496]: CASE="/invariance_annotation/fct/normal/throw_with_explicit_te" (build: AUD target: PRO) in 0.000110 secs
SUCCEEDED


Test_Run_Result [ip-172-31-13-50 1347/139906936178496]: CASE="/invariance_annotation/fct/normal/throw_with_implicit_te_int_as_base" (build: AUD target: PRO) in 0.000103 secs
SUCCEEDED


--------------------------------------------------------------------------------
Finished RUN with mask /*
             and level AUD
      with build Level AUD
   in test application /«PKGBUILDDIR»/diagnostics/macros/.libs/lt-invariance_annotation
SUCCESS         6 (100%)
FAILURES        0 (  0%)
INVALIDATIONS   0 (  0%)
TOTAL           6
********************************************************************************

PASS: invariance_annotation

********************************************************************************
Started RUN with mask /*
            and level AUD
     with build Level AUD
  in test application /«PKGBUILDDIR»/diagnostics/macros/.libs/lt-relation_modifier
--------------------------------------------------------------------------------
Test_Run_Result [ip-172-31-13-50 1371/140274281928512]: CASE="/relation_modifier/fct/normal/test_successful_and_failing_assert" (build: AUD target: PRO) in 0.000182 secs
SUCCEEDED


Test_Run_Result [ip-172-31-13-50 1371/140274281928512]: CASE="/relation_modifier/fct/normal/test_number_of_evaluations" (build: AUD target: PRO) in 0.000063 secs
SUCCEEDED


--------------------------------------------------------------------------------
Finished RUN with mask /*
             and level AUD
      with build Level AUD
   in test application /«PKGBUILDDIR»/diagnostics/macros/.libs/lt-relation_modifier
SUCCESS         2 (100%)
FAILURES        0 (  0%)
INVALIDATIONS   0 (  0%)
TOTAL           2
********************************************************************************

PASS: relation_modifier

********************************************************************************
Started RUN with mask /*
            and level AUD
     with build Level AUD
  in test application /«PKGBUILDDIR»/diagnostics/macros/.libs/lt-test_front_end
--------------------------------------------------------------------------------
Test_Run_Result [ip-172-31-13-50 1395/140331353855808]: CASE="/test_front_end/fct/normal/bla" (build: AUD target: PRO) in 0.000023 secs
SUCCEEDED


--------------------------------------------------------------------------------
Finished RUN with mask /*
             and level AUD
      with build Level AUD
   in test application /«PKGBUILDDIR»/diagnostics/macros/.libs/lt-test_front_end
SUCCESS         1 (100%)
FAILURES        0 (  0%)
INVALIDATIONS   0 (  0%)
TOTAL           1
********************************************************************************

PASS: test_front_end

********************************************************************************
Started RUN with mask /*
            and level AUD
     with build Level AUD
  in test application /«PKGBUILDDIR»/diagnostics/macros/.libs/lt-throwing_block_annotation
--------------------------------------------------------------------------------
Test_Run_Result [ip-172-31-13-50 1420/140612604499776]: CASE="/throwing_block_annotation/fct/normal/no_explicit_te_rethrow" (build: AUD target: PRO) in 0.000391 secs
SUCCEEDED


Test_Run_Result [ip-172-31-13-50 1420/140612604499776]: CASE="/throwing_block_annotation/fct/normal/no_explicit_te_nothrow" (build: AUD target: PRO) in 0.000127 secs
SUCCEEDED


Test_Run_Result [ip-172-31-13-50 1420/140612604499776]: CASE="/throwing_block_annotation/fct/normal/explicit_te_rethrow" (build: AUD target: PRO) in 0.000288 secs
SUCCEEDED


Test_Run_Result [ip-172-31-13-50 1420/140612604499776]: CASE="/throwing_block_annotation/fct/normal/explicit_te_nothrow" (build: AUD target: PRO) in 0.000150 secs
SUCCEEDED


--------------------------------------------------------------------------------
Finished RUN with mask /*
             and level AUD
      with build Level AUD
   in test application /«PKGBUILDDIR»/diagnostics/macros/.libs/lt-throwing_block_annotation
SUCCESS         4 (100%)
FAILURES        0 (  0%)
INVALIDATIONS   0 (  0%)
TOTAL           4
********************************************************************************

PASS: throwing_block_annotation
==================
All 8 tests passed
==================
make[9]: Leaving directory '/«PKGBUILDDIR»/diagnostics/macros'
make[8]: Leaving directory '/«PKGBUILDDIR»/diagnostics/macros'
make[7]: Leaving directory '/«PKGBUILDDIR»/diagnostics/macros'
make[6]: Leaving directory '/«PKGBUILDDIR»/diagnostics/macros'
Making check in unittest
make[6]: Entering directory '/«PKGBUILDDIR»/diagnostics/unittest'
/usr/bin/make  check-recursive
make[7]: Entering directory '/«PKGBUILDDIR»/diagnostics/unittest'
Making check in test_system
make[8]: Entering directory '/«PKGBUILDDIR»/diagnostics/unittest/test_system'
/usr/bin/make  check-recursive
make[9]: Entering directory '/«PKGBUILDDIR»/diagnostics/unittest/test_system'
make[10]: Entering directory '/«PKGBUILDDIR»/diagnostics/unittest/test_system'
/usr/bin/make  file_test_data_source filter_test_data list_test_suite_traversal stream_test_data_adaptor stream_test_system test_list_result test_logger test_run_result test_suite_traversal
make[11]: Entering directory '/«PKGBUILDDIR»/diagnostics/unittest/test_system'
x86_64-linux-gnu-g++ -DHAVE_CONFIG_H   -I../../.. -DDEBUG__LEVEL__=2 -D_FORTIFY_SOURCE=2  -g -O2 -fstack-protector-strong -Wformat -Werror=format-security -Wall -pedantic -Wno-unused-function -MT file_test_data_source.t.o -MD -MP -MF .deps/file_test_data_source.t.Tpo -c -o file_test_data_source.t.o file_test_data_source.t.cpp
mv -f .deps/file_test_data_source.t.Tpo .deps/file_test_data_source.t.Po
/bin/bash ../../../libtool --tag=CXX   --mode=link x86_64-linux-gnu-g++  -g -O2 -fstack-protector-strong -Wformat -Werror=format-security -Wall -pedantic -Wno-unused-function  -Wl,-z,relro -lACE -lpthread -o file_test_data_source file_test_data_source.t.o ../../../diagnostics/libdiagnostics.la libtest_system_ts.la ../../util/libutil_ts.la -ldl 
libtool: link: x86_64-linux-gnu-g++ -g -O2 -fstack-protector-strong -Wformat -Werror=format-security -Wall -pedantic -Wno-unused-function -Wl,-z -Wl,relro -o .libs/file_test_data_source file_test_data_source.t.o  ../../../diagnostics/.libs/libdiagnostics.so ./.libs/libtest_system_ts.a ../../util/.libs/libutil_ts.a -lACE -lpthread -ldl
x86_64-linux-gnu-g++ -DHAVE_CONFIG_H   -I../../.. -DDEBUG__LEVEL__=2 -D_FORTIFY_SOURCE=2  -g -O2 -fstack-protector-strong -Wformat -Werror=format-security -Wall -pedantic -Wno-unused-function -MT filter_test_data.t.o -MD -MP -MF .deps/filter_test_data.t.Tpo -c -o filter_test_data.t.o filter_test_data.t.cpp
mv -f .deps/filter_test_data.t.Tpo .deps/filter_test_data.t.Po
/bin/bash ../../../libtool --tag=CXX   --mode=link x86_64-linux-gnu-g++  -g -O2 -fstack-protector-strong -Wformat -Werror=format-security -Wall -pedantic -Wno-unused-function  -Wl,-z,relro -lACE -lpthread -o filter_test_data filter_test_data.t.o ../../../diagnostics/libdiagnostics.la libtest_system_ts.la ../../util/libutil_ts.la -ldl 
libtool: link: x86_64-linux-gnu-g++ -g -O2 -fstack-protector-strong -Wformat -Werror=format-security -Wall -pedantic -Wno-unused-function -Wl,-z -Wl,relro -o .libs/filter_test_data filter_test_data.t.o  ../../../diagnostics/.libs/libdiagnostics.so ./.libs/libtest_system_ts.a ../../util/.libs/libutil_ts.a -lACE -lpthread -ldl
x86_64-linux-gnu-g++ -DHAVE_CONFIG_H   -I../../.. -DDEBUG__LEVEL__=2 -D_FORTIFY_SOURCE=2  -g -O2 -fstack-protector-strong -Wformat -Werror=format-security -Wall -pedantic -Wno-unused-function -MT list_test_suite_traversal.t.o -MD -MP -MF .deps/list_test_suite_traversal.t.Tpo -c -o list_test_suite_traversal.t.o list_test_suite_traversal.t.cpp
mv -f .deps/list_test_suite_traversal.t.Tpo .deps/list_test_suite_traversal.t.Po
/bin/bash ../../../libtool --tag=CXX   --mode=link x86_64-linux-gnu-g++  -g -O2 -fstack-protector-strong -Wformat -Werror=format-security -Wall -pedantic -Wno-unused-function  -Wl,-z,relro -lACE -lpthread -o list_test_suite_traversal list_test_suite_traversal.t.o ../../../diagnostics/libdiagnostics.la libtest_system_ts.la ../../util/libutil_ts.la -ldl 
libtool: link: x86_64-linux-gnu-g++ -g -O2 -fstack-protector-strong -Wformat -Werror=format-security -Wall -pedantic -Wno-unused-function -Wl,-z -Wl,relro -o .libs/list_test_suite_traversal list_test_suite_traversal.t.o  ../../../diagnostics/.libs/libdiagnostics.so ./.libs/libtest_system_ts.a ../../util/.libs/libutil_ts.a -lACE -lpthread -ldl
x86_64-linux-gnu-g++ -DHAVE_CONFIG_H   -I../../.. -DDEBUG__LEVEL__=2 -D_FORTIFY_SOURCE=2  -g -O2 -fstack-protector-strong -Wformat -Werror=format-security -Wall -pedantic -Wno-unused-function -MT stream_test_data_adaptor.t.o -MD -MP -MF .deps/stream_test_data_adaptor.t.Tpo -c -o stream_test_data_adaptor.t.o stream_test_data_adaptor.t.cpp
mv -f .deps/stream_test_data_adaptor.t.Tpo .deps/stream_test_data_adaptor.t.Po
/bin/bash ../../../libtool --tag=CXX   --mode=link x86_64-linux-gnu-g++  -g -O2 -fstack-protector-strong -Wformat -Werror=format-security -Wall -pedantic -Wno-unused-function  -Wl,-z,relro -lACE -lpthread -o stream_test_data_adaptor stream_test_data_adaptor.t.o ../../../diagnostics/libdiagnostics.la libtest_system_ts.la ../../util/libutil_ts.la -ldl 
libtool: link: x86_64-linux-gnu-g++ -g -O2 -fstack-protector-strong -Wformat -Werror=format-security -Wall -pedantic -Wno-unused-function -Wl,-z -Wl,relro -o .libs/stream_test_data_adaptor stream_test_data_adaptor.t.o  ../../../diagnostics/.libs/libdiagnostics.so ./.libs/libtest_system_ts.a ../../util/.libs/libutil_ts.a -lACE -lpthread -ldl
x86_64-linux-gnu-g++ -DHAVE_CONFIG_H   -I../../.. -DDEBUG__LEVEL__=2 -D_FORTIFY_SOURCE=2  -g -O2 -fstack-protector-strong -Wformat -Werror=format-security -Wall -pedantic -Wno-unused-function -MT stream_test_system.t.o -MD -MP -MF .deps/stream_test_system.t.Tpo -c -o stream_test_system.t.o stream_test_system.t.cpp
mv -f .deps/stream_test_system.t.Tpo .deps/stream_test_system.t.Po
/bin/bash ../../../libtool --tag=CXX   --mode=link x86_64-linux-gnu-g++  -g -O2 -fstack-protector-strong -Wformat -Werror=format-security -Wall -pedantic -Wno-unused-function  -Wl,-z,relro -lACE -lpthread -o stream_test_system stream_test_system.t.o ../../../diagnostics/libdiagnostics.la libtest_system_ts.la ../../util/libutil_ts.la -ldl 
libtool: link: x86_64-linux-gnu-g++ -g -O2 -fstack-protector-strong -Wformat -Werror=format-security -Wall -pedantic -Wno-unused-function -Wl,-z -Wl,relro -o .libs/stream_test_system stream_test_system.t.o  ../../../diagnostics/.libs/libdiagnostics.so ./.libs/libtest_system_ts.a ../../util/.libs/libutil_ts.a -lACE -lpthread -ldl
x86_64-linux-gnu-g++ -DHAVE_CONFIG_H   -I../../.. -DDEBUG__LEVEL__=2 -D_FORTIFY_SOURCE=2  -g -O2 -fstack-protector-strong -Wformat -Werror=format-security -Wall -pedantic -Wno-unused-function -MT test_list_result.t.o -MD -MP -MF .deps/test_list_result.t.Tpo -c -o test_list_result.t.o test_list_result.t.cpp
In file included from test_list_result.t.cpp:36:
In file included from ../../../diagnostics/unittest.hpp:44:
In file included from ../../../diagnostics/macros/test_front_end.hpp:47:
In file included from ../../../diagnostics/macros/relation_modifier.hpp:44:
../../../diagnostics/util/to_string.hpp:59:8: error: call to function 'operator<<' that is neither visible in the template definition nor found by argument-dependent lookup
    os << t;
       ^
test_list_result.t.cpp:101:39: note: in instantiation of function template specialization 'diagnostics::internal::to_string<diagnostics::unittest::Test_List_Result>' requested here
    TEST_ASSERT(test_data.compare("t",to_string(t)));
                                      ^
../../../diagnostics/macros/test_front_end.hpp:155:90: note: expanded from macro 'TEST_ASSERT'
                          0,"CONDITION=\"" #COND "\" EXCEPTION=\"" "Test_Exception" "\"",COND,\
                                                                                         ^
../../../diagnostics/macros/assert_annotation.hpp:57:15: note: expanded from macro 'DIAGNOSTICS_BASE_ASSERT'
    do { if(!(COND)) { \
              ^
../../../diagnostics/unittest/test_system/test_list_result.hpp:196:18: note: 'operator<<' should be declared prior to the call site or in namespace 'diagnostics::unittest'
::std::ostream & operator<<(::std::ostream & stream, ::diagnostics::unittest::Test_List_Result const & r);
                 ^
1 error generated.
make[11]: *** [test_list_result.t.o] Error 1
Makefile:604: recipe for target 'test_list_result.t.o' failed
make[11]: Leaving directory '/«PKGBUILDDIR»/diagnostics/unittest/test_system'
make[10]: *** [check-am] Error 2
Makefile:956: recipe for target 'check-am' failed
make[10]: Leaving directory '/«PKGBUILDDIR»/diagnostics/unittest/test_system'
make[9]: *** [check-recursive] Error 1
Makefile:679: recipe for target 'check-recursive' failed
make[9]: Leaving directory '/«PKGBUILDDIR»/diagnostics/unittest/test_system'
make[8]: *** [check] Error 2
Makefile:959: recipe for target 'check' failed
make[8]: Leaving directory '/«PKGBUILDDIR»/diagnostics/unittest/test_system'
make[8]: Entering directory '/«PKGBUILDDIR»/diagnostics/unittest'
/usr/bin/make  func_test_case name_separators std_test_case test_case_cstr test_suite
make[9]: Entering directory '/«PKGBUILDDIR»/diagnostics/unittest'
x86_64-linux-gnu-g++ -DHAVE_CONFIG_H   -I../.. -DDEBUG__LEVEL__=2 -D_FORTIFY_SOURCE=2  -g -O2 -fstack-protector-strong -Wformat -Werror=format-security -Wall -pedantic -Wno-unused-function -MT func_test_case.t.o -MD -MP -MF .deps/func_test_case.t.Tpo -c -o func_test_case.t.o func_test_case.t.cpp
mv -f .deps/func_test_case.t.Tpo .deps/func_test_case.t.Po
/bin/bash ../../libtool --tag=CXX   --mode=link x86_64-linux-gnu-g++  -g -O2 -fstack-protector-strong -Wformat -Werror=format-security -Wall -pedantic -Wno-unused-function  -Wl,-z,relro -lACE -lpthread -o func_test_case func_test_case.t.o ../../diagnostics/libdiagnostics.la test_system/libtest_system_ts.la ../util/libutil_ts.la -ldl 
libtool: link: x86_64-linux-gnu-g++ -g -O2 -fstack-protector-strong -Wformat -Werror=format-security -Wall -pedantic -Wno-unused-function -Wl,-z -Wl,relro -o .libs/func_test_case func_test_case.t.o  ../../diagnostics/.libs/libdiagnostics.so test_system/.libs/libtest_system_ts.a ../util/.libs/libutil_ts.a -lACE -lpthread -ldl
x86_64-linux-gnu-g++ -DHAVE_CONFIG_H   -I../.. -DDEBUG__LEVEL__=2 -D_FORTIFY_SOURCE=2  -g -O2 -fstack-protector-strong -Wformat -Werror=format-security -Wall -pedantic -Wno-unused-function -MT name_separators.t.o -MD -MP -MF .deps/name_separators.t.Tpo -c -o name_separators.t.o name_separators.t.cpp
mv -f .deps/name_separators.t.Tpo .deps/name_separators.t.Po
/bin/bash ../../libtool --tag=CXX   --mode=link x86_64-linux-gnu-g++  -g -O2 -fstack-protector-strong -Wformat -Werror=format-security -Wall -pedantic -Wno-unused-function  -Wl,-z,relro -lACE -lpthread -o name_separators name_separators.t.o ../../diagnostics/libdiagnostics.la test_system/libtest_system_ts.la ../util/libutil_ts.la -ldl 
libtool: link: x86_64-linux-gnu-g++ -g -O2 -fstack-protector-strong -Wformat -Werror=format-security -Wall -pedantic -Wno-unused-function -Wl,-z -Wl,relro -o .libs/name_separators name_separators.t.o  ../../diagnostics/.libs/libdiagnostics.so test_system/.libs/libtest_system_ts.a ../util/.libs/libutil_ts.a -lACE -lpthread -ldl
x86_64-linux-gnu-g++ -DHAVE_CONFIG_H   -I../.. -DDEBUG__LEVEL__=2 -D_FORTIFY_SOURCE=2  -g -O2 -fstack-protector-strong -Wformat -Werror=format-security -Wall -pedantic -Wno-unused-function -MT std_test_case.t.o -MD -MP -MF .deps/std_test_case.t.Tpo -c -o std_test_case.t.o std_test_case.t.cpp
mv -f .deps/std_test_case.t.Tpo .deps/std_test_case.t.Po
/bin/bash ../../libtool --tag=CXX   --mode=link x86_64-linux-gnu-g++  -g -O2 -fstack-protector-strong -Wformat -Werror=format-security -Wall -pedantic -Wno-unused-function  -Wl,-z,relro -lACE -lpthread -o std_test_case std_test_case.t.o ../../diagnostics/libdiagnostics.la test_system/libtest_system_ts.la ../util/libutil_ts.la -ldl 
libtool: link: x86_64-linux-gnu-g++ -g -O2 -fstack-protector-strong -Wformat -Werror=format-security -Wall -pedantic -Wno-unused-function -Wl,-z -Wl,relro -o .libs/std_test_case std_test_case.t.o  ../../diagnostics/.libs/libdiagnostics.so test_system/.libs/libtest_system_ts.a ../util/.libs/libutil_ts.a -lACE -lpthread -ldl
x86_64-linux-gnu-g++ -DHAVE_CONFIG_H   -I../.. -DDEBUG__LEVEL__=2 -D_FORTIFY_SOURCE=2  -g -O2 -fstack-protector-strong -Wformat -Werror=format-security -Wall -pedantic -Wno-unused-function -MT test_case_cstr.t.o -MD -MP -MF .deps/test_case_cstr.t.Tpo -c -o test_case_cstr.t.o test_case_cstr.t.cpp
mv -f .deps/test_case_cstr.t.Tpo .deps/test_case_cstr.t.Po
/bin/bash ../../libtool --tag=CXX   --mode=link x86_64-linux-gnu-g++  -g -O2 -fstack-protector-strong -Wformat -Werror=format-security -Wall -pedantic -Wno-unused-function  -Wl,-z,relro -lACE -lpthread -o test_case_cstr test_case_cstr.t.o ../../diagnostics/libdiagnostics.la test_system/libtest_system_ts.la ../util/libutil_ts.la -ldl 
libtool: link: x86_64-linux-gnu-g++ -g -O2 -fstack-protector-strong -Wformat -Werror=format-security -Wall -pedantic -Wno-unused-function -Wl,-z -Wl,relro -o .libs/test_case_cstr test_case_cstr.t.o  ../../diagnostics/.libs/libdiagnostics.so test_system/.libs/libtest_system_ts.a ../util/.libs/libutil_ts.a -lACE -lpthread -ldl
x86_64-linux-gnu-g++ -DHAVE_CONFIG_H   -I../.. -DDEBUG__LEVEL__=2 -D_FORTIFY_SOURCE=2  -g -O2 -fstack-protector-strong -Wformat -Werror=format-security -Wall -pedantic -Wno-unused-function -MT test_suite.t.o -MD -MP -MF .deps/test_suite.t.Tpo -c -o test_suite.t.o test_suite.t.cpp
mv -f .deps/test_suite.t.Tpo .deps/test_suite.t.Po
/bin/bash ../../libtool --tag=CXX   --mode=link x86_64-linux-gnu-g++  -g -O2 -fstack-protector-strong -Wformat -Werror=format-security -Wall -pedantic -Wno-unused-function  -Wl,-z,relro -lACE -lpthread -o test_suite test_suite.t.o ../../diagnostics/libdiagnostics.la test_system/libtest_system_ts.la ../util/libutil_ts.la -ldl 
libtool: link: x86_64-linux-gnu-g++ -g -O2 -fstack-protector-strong -Wformat -Werror=format-security -Wall -pedantic -Wno-unused-function -Wl,-z -Wl,relro -o .libs/test_suite test_suite.t.o  ../../diagnostics/.libs/libdiagnostics.so test_system/.libs/libtest_system_ts.a ../util/.libs/libutil_ts.a -lACE -lpthread -ldl
make[9]: Leaving directory '/«PKGBUILDDIR»/diagnostics/unittest'
/usr/bin/make  check-TESTS
make[9]: Entering directory '/«PKGBUILDDIR»/diagnostics/unittest'

********************************************************************************
Started RUN with mask /*
            and level AUD
     with build Level AUD
  in test application /«PKGBUILDDIR»/diagnostics/unittest/.libs/lt-func_test_case
--------------------------------------------------------------------------------
Test_Run_Result [ip-172-31-13-50 2330/140454259410752]: CASE="/Func_Test_Case/fct/normal/composition_from_function" (build: AUD target: PRO) in 0.000135 secs
SUCCEEDED


Test_Run_Result [ip-172-31-13-50 2330/140454259410752]: CASE="/Func_Test_Case/fct/normal/composition_from_object" (build: AUD target: PRO) in 0.000022 secs
SUCCEEDED


--------------------------------------------------------------------------------
Finished RUN with mask /*
             and level AUD
      with build Level AUD
   in test application /«PKGBUILDDIR»/diagnostics/unittest/.libs/lt-func_test_case
SUCCESS         2 (100%)
FAILURES        0 (  0%)
INVALIDATIONS   0 (  0%)
TOTAL           2
********************************************************************************

PASS: func_test_case

********************************************************************************
Started RUN with mask /*
            and level AUD
     with build Level AUD
  in test application /«PKGBUILDDIR»/diagnostics/unittest/.libs/lt-name_separators
--------------------------------------------------------------------------------
Test_Run_Result [ip-172-31-13-50 2354/140388669105984]: CASE="/name_seperators/fct/normal/test_name_adheres_convention" (build: AUD target: PRO) in 0.000042 secs
SUCCEEDED


Test_Run_Result [ip-172-31-13-50 2354/140388669105984]: CASE="/name_seperators/fct/normal/test_path_adheres_convention" (build: AUD target: PRO) in 0.000031 secs
SUCCEEDED


Test_Run_Result [ip-172-31-13-50 2354/140388669105984]: CASE="/name_seperators/fct/normal/test_mask_adheres_convention" (build: AUD target: PRO) in 0.000036 secs
SUCCEEDED


Test_Run_Result [ip-172-31-13-50 2354/140388669105984]: CASE="/name_seperators/impl/case_seperator_twice_is_data_seperator" (build: AUD target: PRO) in 0.000008 secs
SUCCEEDED


--------------------------------------------------------------------------------
Finished RUN with mask /*
             and level AUD
      with build Level AUD
   in test application /«PKGBUILDDIR»/diagnostics/unittest/.libs/lt-name_separators
SUCCESS         4 (100%)
FAILURES        0 (  0%)
INVALIDATIONS   0 (  0%)
TOTAL           4
********************************************************************************

PASS: name_separators

********************************************************************************
Started RUN with mask /*
            and level AUD
     with build Level AUD
  in test application /«PKGBUILDDIR»/diagnostics/unittest/.libs/lt-std_test_case
--------------------------------------------------------------------------------
Test_Run_Result [ip-172-31-13-50 2378/140207890237248]: CASE="/Std_Test_Case/fct/normal/timeout_eq_0" (build: AUD target: PRO) in 0.000025 secs
SUCCEEDED


Test_Run_Result [ip-172-31-13-50 2378/140207890237248]: CASE="/Std_Test_Case/fct/normal/timeout_gt_0" (build: AUD target: PRO) in 0.000016 secs
SUCCEEDED


Test_Run_Result [ip-172-31-13-50 2378/140207890237248]: CASE="/Std_Test_Case/fct/normal/all_is_testable_at_combinations" (build: AUD target: PRO) in 0.000008 secs
SUCCEEDED


Test_Run_Result [ip-172-31-13-50 2378/140207890237248]: CASE="/Std_Test_Case/fct/abnormal/case_seperator" (build: AUD target: PRO) in 0.000173 secs
SUCCEEDED


Test_Run_Result [ip-172-31-13-50 2378/140207890237248]: CASE="/Std_Test_Case/fct/abnormal/empty_name" (build: AUD target: PRO) in 0.000027 secs
SUCCEEDED


Test_Run_Result [ip-172-31-13-50 2378/140207890237248]: CASE="/Std_Test_Case/fct/abnormal/data_seperator" (build: AUD target: PRO) in 0.000057 secs
SUCCEEDED


Test_Run_Result [ip-172-31-13-50 2378/140207890237248]: CASE="/Std_Test_Case/fct/abnormal/timeout_lt_0" (build: AUD target: PRO) in 0.000028 secs
SUCCEEDED


Test_Run_Result [ip-172-31-13-50 2378/140207890237248]: CASE="/Std_Test_Case/fct/abnormal/is_testable_at_LEVEL_TEST" (build: AUD target: PRO) in 0.000042 secs
SUCCEEDED


--------------------------------------------------------------------------------
Finished RUN with mask /*
             and level AUD
      with build Level AUD
   in test application /«PKGBUILDDIR»/diagnostics/unittest/.libs/lt-std_test_case
SUCCESS         8 (100%)
FAILURES        0 (  0%)
INVALIDATIONS   0 (  0%)
TOTAL           8
********************************************************************************

PASS: std_test_case

********************************************************************************
Started RUN with mask /*
            and level AUD
     with build Level AUD
  in test application /«PKGBUILDDIR»/diagnostics/unittest/.libs/lt-test_case_cstr
--------------------------------------------------------------------------------
Test_Run_Result [ip-172-31-13-50 2402/140466517485376]: CASE="/Test_Case_Cstr/fct/normal/normal_composition" (build: AUD target: PRO) in 0.000177 secs
SUCCEEDED


Test_Run_Result [ip-172-31-13-50 2402/140466517485376]: CASE="/Test_Case_Cstr/fct/abnormal/erronous_composition_attempts" (build: AUD target: PRO) in 0.000232 secs
SUCCEEDED


--------------------------------------------------------------------------------
Finished RUN with mask /*
             and level AUD
      with build Level AUD
   in test application /«PKGBUILDDIR»/diagnostics/unittest/.libs/lt-test_case_cstr
SUCCESS         2 (100%)
FAILURES        0 (  0%)
INVALIDATIONS   0 (  0%)
TOTAL           2
********************************************************************************

PASS: test_case_cstr

********************************************************************************
Started RUN with mask /*
            and level AUD
     with build Level AUD
  in test application /«PKGBUILDDIR»/diagnostics/unittest/.libs/lt-test_suite
--------------------------------------------------------------------------------
Test_Run_Result [ip-172-31-13-50 2426/139805758265152]: CASE="/Test_Suite/fct/normal/std_usage" (build: AUD target: PRO) in 0.000031 secs
SUCCEEDED


Test_Run_Result [ip-172-31-13-50 2426/139805758265152]: CASE="/Test_Suite/fct/abnormal/invalid_case_adds" (build: AUD target: PRO) in 0.000155 secs
SUCCEEDED


Test_Run_Result [ip-172-31-13-50 2426/139805758265152]: CASE="/Test_Suite/fct/abnormal/invalid_suite_adds" (build: AUD target: PRO) in 0.000046 secs
SUCCEEDED


Test_Run_Result [ip-172-31-13-50 2426/139805758265152]: CASE="/Test_Suite/fct/abnormal/case_seperator" (build: AUD target: PRO) in 0.000051 secs
SUCCEEDED


Test_Run_Result [ip-172-31-13-50 2426/139805758265152]: CASE="/Test_Suite/fct/abnormal/data_seperator" (build: AUD target: PRO) in 0.000056 secs
SUCCEEDED


--------------------------------------------------------------------------------
Finished RUN with mask /*
             and level AUD
      with build Level AUD
   in test application /«PKGBUILDDIR»/diagnostics/unittest/.libs/lt-test_suite
SUCCESS         5 (100%)
FAILURES        0 (  0%)
INVALIDATIONS   0 (  0%)
TOTAL           5
********************************************************************************

PASS: test_suite
==================
All 5 tests passed
==================
make[9]: Leaving directory '/«PKGBUILDDIR»/diagnostics/unittest'
make[8]: Leaving directory '/«PKGBUILDDIR»/diagnostics/unittest'
make[7]: *** [check-recursive] Error 1
Makefile:587: recipe for target 'check-recursive' failed
make[7]: Leaving directory '/«PKGBUILDDIR»/diagnostics/unittest'
make[6]: *** [check] Error 2
Makefile:867: recipe for target 'check' failed
make[6]: Leaving directory '/«PKGBUILDDIR»/diagnostics/unittest'
Making check in util
make[6]: Entering directory '/«PKGBUILDDIR»/diagnostics/util'
/usr/bin/make  check-recursive
make[7]: Entering directory '/«PKGBUILDDIR»/diagnostics/util'
make[8]: Entering directory '/«PKGBUILDDIR»/diagnostics/util'
/usr/bin/make  diff diff_generator
make[9]: Entering directory '/«PKGBUILDDIR»/diagnostics/util'
x86_64-linux-gnu-g++ -DHAVE_CONFIG_H   -I../.. -DDEBUG__LEVEL__=2 -D_FORTIFY_SOURCE=2  -g -O2 -fstack-protector-strong -Wformat -Werror=format-security -Wall -pedantic -Wno-unused-function -MT diff.t.o -MD -MP -MF .deps/diff.t.Tpo -c -o diff.t.o diff.t.cpp
mv -f .deps/diff.t.Tpo .deps/diff.t.Po
/bin/bash ../../libtool --tag=CXX   --mode=link x86_64-linux-gnu-g++  -g -O2 -fstack-protector-strong -Wformat -Werror=format-security -Wall -pedantic -Wno-unused-function  -Wl,-z,relro -lACE -lpthread -o diff diff.t.o ../../diagnostics/libdiagnostics.la ../unittest/test_system/libtest_system_ts.la libutil_ts.la -ldl 
libtool: link: x86_64-linux-gnu-g++ -g -O2 -fstack-protector-strong -Wformat -Werror=format-security -Wall -pedantic -Wno-unused-function -Wl,-z -Wl,relro -o .libs/diff diff.t.o  ../../diagnostics/.libs/libdiagnostics.so ../unittest/test_system/.libs/libtest_system_ts.a ./.libs/libutil_ts.a -lACE -lpthread -ldl
x86_64-linux-gnu-g++ -DHAVE_CONFIG_H   -I../.. -DDEBUG__LEVEL__=2 -D_FORTIFY_SOURCE=2  -g -O2 -fstack-protector-strong -Wformat -Werror=format-security -Wall -pedantic -Wno-unused-function -MT diff_generator.t.o -MD -MP -MF .deps/diff_generator.t.Tpo -c -o diff_generator.t.o diff_generator.t.cpp
mv -f .deps/diff_generator.t.Tpo .deps/diff_generator.t.Po
/bin/bash ../../libtool --tag=CXX   --mode=link x86_64-linux-gnu-g++  -g -O2 -fstack-protector-strong -Wformat -Werror=format-security -Wall -pedantic -Wno-unused-function  -Wl,-z,relro -lACE -lpthread -o diff_generator diff_generator.t.o ../../diagnostics/libdiagnostics.la ../unittest/test_system/libtest_system_ts.la libutil_ts.la -ldl 
libtool: link: x86_64-linux-gnu-g++ -g -O2 -fstack-protector-strong -Wformat -Werror=format-security -Wall -pedantic -Wno-unused-function -Wl,-z -Wl,relro -o .libs/diff_generator diff_generator.t.o  ../../diagnostics/.libs/libdiagnostics.so ../unittest/test_system/.libs/libtest_system_ts.a ./.libs/libutil_ts.a -lACE -lpthread -ldl
make[9]: Leaving directory '/«PKGBUILDDIR»/diagnostics/util'
/usr/bin/make  check-TESTS
make[9]: Entering directory '/«PKGBUILDDIR»/diagnostics/util'

********************************************************************************
Started RUN with mask /*
            and level AUD
     with build Level AUD
  in test application /«PKGBUILDDIR»/diagnostics/util/.libs/lt-diff
--------------------------------------------------------------------------------
Test_Run_Result [ip-172-31-13-50 2630/140130752186176]: CASE="/diff/fct/normal/diff_call_by_value" (build: AUD target: PRO) in 0.000092 secs
SUCCEEDED


Test_Run_Result [ip-172-31-13-50 2630/140130752186176]: CASE="/diff/fct/normal/diff_return_value" (build: AUD target: PRO) in 0.000019 secs
SUCCEEDED


Test_Run_Result [ip-172-31-13-50 2630/140130752186176]: CASE="/diff/fct/normal/diff_functional_test" (build: AUD target: PRO) in 0.000053 secs
SUCCEEDED


--------------------------------------------------------------------------------
Finished RUN with mask /*
             and level AUD
      with build Level AUD
   in test application /«PKGBUILDDIR»/diagnostics/util/.libs/lt-diff
SUCCESS         3 (100%)
FAILURES        0 (  0%)
INVALIDATIONS   0 (  0%)
TOTAL           3
********************************************************************************

PASS: diff

********************************************************************************
Started RUN with mask /*
            and level AUD
     with build Level AUD
  in test application /«PKGBUILDDIR»/diagnostics/util/.libs/lt-diff_generator
--------------------------------------------------------------------------------
Test_Run_Result [ip-172-31-13-50 2654/139668618569536]: CASE="/diff_generator/fct/normal/no_init" (build: AUD target: PRO) in 0.000043 secs
SUCCEEDED


Test_Run_Result [ip-172-31-13-50 2654/139668618569536]: CASE="/diff_generator/fct/normal/init_empty" (build: AUD target: PRO) in 0.000015 secs
SUCCEEDED


Test_Run_Result [ip-172-31-13-50 2654/139668618569536]: CASE="/diff_generator/fct/normal/one_line" (build: AUD target: PRO) in 0.000096 secs
SUCCEEDED


Test_Run_Result [ip-172-31-13-50 2654/139668618569536]: CASE="/diff_generator/fct/normal/multi_call" (build: AUD target: PRO) in 0.000035 secs
SUCCEEDED


Test_Run_Result [ip-172-31-13-50 2654/139668618569536]: CASE="/diff_generator/fct/normal/multi_line" (build: AUD target: PRO) in 0.000410 secs
SUCCEEDED


Test_Run_Result [ip-172-31-13-50 2654/139668618569536]: CASE="/diff_generator/fct/normal/big_data" (build: AUD target: PRO) in 0.041715 secs
SUCCEEDED


--------------------------------------------------------------------------------
Finished RUN with mask /*
             and level AUD
      with build Level AUD
   in test application /«PKGBUILDDIR»/diagnostics/util/.libs/lt-diff_generator
SUCCESS         6 (100%)
FAILURES        0 (  0%)
INVALIDATIONS   0 (  0%)
TOTAL           6
********************************************************************************

PASS: diff_generator
==================
All 2 tests passed
==================
make[9]: Leaving directory '/«PKGBUILDDIR»/diagnostics/util'
make[8]: Leaving directory '/«PKGBUILDDIR»/diagnostics/util'
make[7]: Leaving directory '/«PKGBUILDDIR»/diagnostics/util'
make[6]: Leaving directory '/«PKGBUILDDIR»/diagnostics/util'
Making check in basic_exceptions
make[6]: Entering directory '/«PKGBUILDDIR»/diagnostics/basic_exceptions'
/usr/bin/make  check-recursive
make[7]: Entering directory '/«PKGBUILDDIR»/diagnostics/basic_exceptions'
make[8]: Entering directory '/«PKGBUILDDIR»/diagnostics/basic_exceptions'
make[8]: Nothing to be done for 'check-am'.
make[8]: Leaving directory '/«PKGBUILDDIR»/diagnostics/basic_exceptions'
make[7]: Leaving directory '/«PKGBUILDDIR»/diagnostics/basic_exceptions'
make[6]: Leaving directory '/«PKGBUILDDIR»/diagnostics/basic_exceptions'
make[6]: Entering directory '/«PKGBUILDDIR»/diagnostics'
/usr/bin/make  lib_annotations
make[7]: Entering directory '/«PKGBUILDDIR»/diagnostics'
x86_64-linux-gnu-g++ -DHAVE_CONFIG_H   -I.. -DDEBUG__LEVEL__=2 -D_FORTIFY_SOURCE=2  -g -O2 -fstack-protector-strong -Wformat -Werror=format-security -Wall -pedantic -Wno-unused-function -MT lib_annotations.t.o -MD -MP -MF .deps/lib_annotations.t.Tpo -c -o lib_annotations.t.o lib_annotations.t.cpp
mv -f .deps/lib_annotations.t.Tpo .deps/lib_annotations.t.Po
/bin/bash ../libtool --tag=CXX   --mode=link x86_64-linux-gnu-g++  -g -O2 -fstack-protector-strong -Wformat -Werror=format-security -Wall -pedantic -Wno-unused-function  -Wl,-z,relro -lACE -lpthread -o lib_annotations lib_annotations.t.o libdiagnostics.la unittest/test_system/libtest_system_ts.la util/libutil_ts.la -ldl 
libtool: link: x86_64-linux-gnu-g++ -g -O2 -fstack-protector-strong -Wformat -Werror=format-security -Wall -pedantic -Wno-unused-function -Wl,-z -Wl,relro -o .libs/lib_annotations lib_annotations.t.o  ./.libs/libdiagnostics.so unittest/test_system/.libs/libtest_system_ts.a util/.libs/libutil_ts.a -lACE -lpthread -ldl
make[7]: Leaving directory '/«PKGBUILDDIR»/diagnostics'
/usr/bin/make  check-TESTS
make[7]: Entering directory '/«PKGBUILDDIR»/diagnostics'

********************************************************************************
Started RUN with mask /*
            and level AUD
     with build Level AUD
  in test application /«PKGBUILDDIR»/diagnostics/.libs/lt-lib_annotations
--------------------------------------------------------------------------------
Test_Run_Result [ip-172-31-13-50 2775/139929290803008]: CASE="/lib_annotations/fct/normal/test_exec" (build: AUD target: PRO) in 0.000023 secs
SUCCEEDED


--------------------------------------------------------------------------------
Finished RUN with mask /*
             and level AUD
      with build Level AUD
   in test application /«PKGBUILDDIR»/diagnostics/.libs/lt-lib_annotations
SUCCESS         1 (100%)
FAILURES        0 (  0%)
INVALIDATIONS   0 (  0%)
TOTAL           1
********************************************************************************

PASS: lib_annotations
=============
1 test passed
=============
make[7]: Leaving directory '/«PKGBUILDDIR»/diagnostics'
make[6]: Leaving directory '/«PKGBUILDDIR»/diagnostics'
make[5]: *** [check-recursive] Error 1
Makefile:540: recipe for target 'check-recursive' failed
make[5]: Leaving directory '/«PKGBUILDDIR»/diagnostics'
make[4]: *** [check] Error 2
Makefile:820: recipe for target 'check' failed
make[4]: Leaving directory '/«PKGBUILDDIR»/diagnostics'
make[3]: *** [check-recursive] Error 1
Makefile:456: recipe for target 'check-recursive' failed
make[3]: Leaving directory '/«PKGBUILDDIR»'
make[2]: *** [check] Error 2
Makefile:776: recipe for target 'check' failed
make[2]: Leaving directory '/«PKGBUILDDIR»'
make[1]: *** [override_dh_auto_test] Error 2
debian/rules:34: recipe for target 'override_dh_auto_test' failed
make[1]: Leaving directory '/«PKGBUILDDIR»'
make: *** [build-arch] Error 2
debian/rules:15: recipe for target 'build-arch' failed
dpkg-buildpackage: error: debian/rules build-arch gave error exit status 2
────────────────────────────────────────────────────────────────────────────────
Build finished at 20150326-0417

Finished
────────

E: Build failure (dpkg-buildpackage died)

┌──────────────────────────────────────────────────────────────────────────────┐
│ Cleanup                                                                      │
└──────────────────────────────────────────────────────────────────────────────┘

Purging /«BUILDDIR»
Not cleaning session: cloned chroot in use

┌──────────────────────────────────────────────────────────────────────────────┐
│ Summary                                                                      │
└──────────────────────────────────────────────────────────────────────────────┘

Build Architecture: amd64
Build-Space: 73980
Build-Time: 199
Distribution: unstable
Fail-Stage: build
Host Architecture: amd64
Install-Time: 11
Job: diagnostics_0.3.3-10
Machine Architecture: amd64
Package: diagnostics
Package-Time: 235
Source-Version: 0.3.3-10
Space: 73980
Status: attempted
Version: 0.3.3-10
────────────────────────────────────────────────────────────────────────────────
Finished at 20150326-0417
Build needed 00:03:55, 73980k disc space
DC-Status: Failed 235.938842721s
DC-Time-Estimation: 235.938842721 versus expected 1131 (r/m: 3.7936151036284373 ; m: 235.938842721)
