DC-Build-Header: dymo-cups-drivers 1.4.0-5 / 2015-03-26 08:08:27 +0000
DC-Task: source:dymo-cups-drivers version:1.4.0-5 architecture:any chroot:unstable esttime:312 logfile:/tmp/dymo-cups-drivers_1.4.0-5_unstable_clang.log modes:binary-only:parallel:clang
DC-Sbuild-call: su user -c 'sbuild -n --apt-update -d unstable -v  --chroot-setup-commands=/tmp/clang dymo-cups-drivers_1.4.0-5'
sbuild (Debian sbuild) 0.63.2 (18 Aug 2012) on ip-172-31-5-78.us-west-2.compute.internal

╔══════════════════════════════════════════════════════════════════════════════╗
║ dymo-cups-drivers 1.4.0-5 (amd64)                          26 Mar 2015 08:08 ║
╚══════════════════════════════════════════════════════════════════════════════╝

Package: dymo-cups-drivers
Version: 1.4.0-5
Source Version: 1.4.0-5
Distribution: unstable
Machine Architecture: amd64
Host Architecture: amd64
Build Architecture: amd64

I: NOTICE: Log filtering will replace 'build/dymo-cups-drivers-g3fCo2/dymo-cups-drivers-1.4.0' with '«PKGBUILDDIR»'
I: NOTICE: Log filtering will replace 'build/dymo-cups-drivers-g3fCo2' with '«BUILDDIR»'
I: NOTICE: Log filtering will replace 'var/lib/schroot/mount/unstable-amd64-sbuild-10a3c63e-6844-4a72-84c6-7d6aa8afe111' with '«CHROOT»'

┌──────────────────────────────────────────────────────────────────────────────┐
│ Update chroot                                                                │
└──────────────────────────────────────────────────────────────────────────────┘

Get:1 http://localhost:9999 unstable InRelease [257 kB]
Get:2 http://localhost:9999 unstable/main Sources/DiffIndex [7876 B]
Get:3 http://localhost:9999 unstable/main amd64 Packages/DiffIndex [7876 B]
Get:4 http://localhost:9999 unstable/main Translation-en/DiffIndex [7876 B]
Get:5 http://localhost:9999 unstable/main 2015-03-25-1448.37.pdiff [3021 B]
Get:6 http://localhost:9999 unstable/main 2015-03-25-2049.47.pdiff [5545 B]
Get:7 http://localhost:9999 unstable/main 2015-03-26-0248.39.pdiff [3389 B]
Get:8 http://localhost:9999 unstable/main 2015-03-26-0248.39.pdiff [3389 B]
Get:9 http://localhost:9999 unstable/main amd64 2015-03-25-1448.37.pdiff [4095 B]
Get:10 http://localhost:9999 unstable/main amd64 2015-03-25-2049.47.pdiff [4595 B]
Get:11 http://localhost:9999 unstable/main amd64 2015-03-26-0248.39.pdiff [3173 B]
Get:12 http://localhost:9999 unstable/main 2015-03-25-2049.47.pdiff [2032 B]
Get:13 http://localhost:9999 unstable/main amd64 2015-03-26-0248.39.pdiff [3173 B]
Get:14 http://localhost:9999 unstable/main 2015-03-25-2049.47.pdiff [2032 B]
Fetched 306 kB in 5s (57.1 kB/s)
Reading package lists...
Reading package lists...
Building dependency tree...
Reading state information...
0 upgraded, 0 newly installed, 0 to remove and 0 not upgraded.

┌──────────────────────────────────────────────────────────────────────────────┐
│ Fetch source files                                                           │
└──────────────────────────────────────────────────────────────────────────────┘


Check APT
─────────

Checking available source versions...

Download source files with APT
──────────────────────────────

Reading package lists...
Building dependency tree...
Reading state information...
NOTICE: 'dymo-cups-drivers' packaging is maintained in the 'Git' version control system at:
https://alioth.debian.org/anonscm/git/printing/dymo-cups-drivers.git
Need to get 425 kB of source archives.
Get:1 http://localhost:9999/debian/ unstable/main dymo-cups-drivers 1.4.0-5 (dsc) [1964 B]
Get:2 http://localhost:9999/debian/ unstable/main dymo-cups-drivers 1.4.0-5 (tar) [420 kB]
Get:3 http://localhost:9999/debian/ unstable/main dymo-cups-drivers 1.4.0-5 (diff) [3012 B]
Fetched 425 kB in 0s (1675 kB/s)
Download complete and in download only mode

Check arch
──────────


┌──────────────────────────────────────────────────────────────────────────────┐
│ Chroot Setup Commands                                                        │
└──────────────────────────────────────────────────────────────────────────────┘


/tmp/clang
──────────

+ echo 'Entering customization script...'
Entering customization script...
+ CLANG_VERSION=3.6
+ echo 'Install of clang-3.6'
Install of clang-3.6
+ apt-get update
Hit http://localhost:9999 unstable InRelease
Get:1 http://localhost:9999 unstable/main Sources/DiffIndex [7876 B]
Get:2 http://localhost:9999 unstable/main amd64 Packages/DiffIndex [7876 B]
Get:3 http://localhost:9999 unstable/main Translation-en/DiffIndex [7876 B]
Fetched 23.6 kB in 2s (11.3 kB/s)
Reading package lists...
+ apt-get install --yes --no-install-recommends --force-yes clang-3.6
Reading package lists...
Building dependency tree...
Reading state information...
The following extra packages will be installed:
  libbsd0 libclang-common-3.6-dev libclang1-3.6 libedit2 libffi6 libllvm3.6
  libobjc-4.9-dev libobjc4
Suggested packages:
  gnustep gnustep-devel clang-3.6-doc
Recommended packages:
  llvm-3.6-dev python
The following NEW packages will be installed:
  clang-3.6 libbsd0 libclang-common-3.6-dev libclang1-3.6 libedit2 libffi6
  libllvm3.6 libobjc-4.9-dev libobjc4
0 upgraded, 9 newly installed, 0 to remove and 0 not upgraded.
Need to get 39.2 MB of archives.
After this operation, 153 MB of additional disk space will be used.
Get:1 http://localhost:9999/debian/ unstable/main libbsd0 amd64 0.7.0-2 [67.9 kB]
Get:2 http://localhost:9999/debian/ unstable/main libedit2 amd64 3.1-20140620-2 [85.1 kB]
Get:3 http://localhost:9999/debian/ unstable/main libffi6 amd64 3.1-2+b2 [20.1 kB]
Get:4 http://localhost:9999/debian/ unstable/main libllvm3.6 amd64 1:3.6-2 [8137 kB]
Get:5 http://localhost:9999/debian/ unstable/main libobjc4 amd64 4.9.2-10 [112 kB]
Get:6 http://localhost:9999/debian/ unstable/main libobjc-4.9-dev amd64 4.9.2-10 [372 kB]
Get:7 http://localhost:9999/debian/ unstable/main libclang1-3.6 amd64 1:3.6-2 [3839 kB]
Get:8 http://localhost:9999/debian/ unstable/main libclang-common-3.6-dev amd64 1:3.6-2 [706 kB]
Get:9 http://localhost:9999/debian/ unstable/main clang-3.6 amd64 1:3.6-2 [25.8 MB]
debconf: unable to initialize frontend: Dialog
debconf: (Dialog frontend will not work on a dumb terminal, an emacs shell buffer, or without a controlling terminal.)
debconf: falling back to frontend: Readline
debconf: unable to initialize frontend: Readline
debconf: (This frontend requires a controlling tty.)
debconf: falling back to frontend: Teletype
dpkg-preconfigure: unable to re-open stdin: 
Fetched 39.2 MB in 1s (35.2 MB/s)
Selecting previously unselected package libbsd0:amd64.
(Reading database ... (Reading database ... 5%(Reading database ... 10%(Reading database ... 15%(Reading database ... 20%(Reading database ... 25%(Reading database ... 30%(Reading database ... 35%(Reading database ... 40%(Reading database ... 45%(Reading database ... 50%(Reading database ... 55%(Reading database ... 60%(Reading database ... 65%(Reading database ... 70%(Reading database ... 75%(Reading database ... 80%(Reading database ... 85%(Reading database ... 90%(Reading database ... 95%(Reading database ... 100%(Reading database ... 11980 files and directories currently installed.)
Preparing to unpack .../libbsd0_0.7.0-2_amd64.deb ...
Unpacking libbsd0:amd64 (0.7.0-2) ...
Selecting previously unselected package libedit2:amd64.
Preparing to unpack .../libedit2_3.1-20140620-2_amd64.deb ...
Unpacking libedit2:amd64 (3.1-20140620-2) ...
Selecting previously unselected package libffi6:amd64.
Preparing to unpack .../libffi6_3.1-2+b2_amd64.deb ...
Unpacking libffi6:amd64 (3.1-2+b2) ...
Selecting previously unselected package libllvm3.6:amd64.
Preparing to unpack .../libllvm3.6_1%3a3.6-2_amd64.deb ...
Unpacking libllvm3.6:amd64 (1:3.6-2) ...
Selecting previously unselected package libobjc4:amd64.
Preparing to unpack .../libobjc4_4.9.2-10_amd64.deb ...
Unpacking libobjc4:amd64 (4.9.2-10) ...
Selecting previously unselected package libobjc-4.9-dev:amd64.
Preparing to unpack .../libobjc-4.9-dev_4.9.2-10_amd64.deb ...
Unpacking libobjc-4.9-dev:amd64 (4.9.2-10) ...
Selecting previously unselected package libclang1-3.6:amd64.
Preparing to unpack .../libclang1-3.6_1%3a3.6-2_amd64.deb ...
Unpacking libclang1-3.6:amd64 (1:3.6-2) ...
Selecting previously unselected package libclang-common-3.6-dev.
Preparing to unpack .../libclang-common-3.6-dev_1%3a3.6-2_amd64.deb ...
Unpacking libclang-common-3.6-dev (1:3.6-2) ...
Selecting previously unselected package clang-3.6.
Preparing to unpack .../clang-3.6_1%3a3.6-2_amd64.deb ...
Unpacking clang-3.6 (1:3.6-2) ...
Setting up libbsd0:amd64 (0.7.0-2) ...
Setting up libedit2:amd64 (3.1-20140620-2) ...
Setting up libffi6:amd64 (3.1-2+b2) ...
Setting up libllvm3.6:amd64 (1:3.6-2) ...
Setting up libobjc4:amd64 (4.9.2-10) ...
Setting up libobjc-4.9-dev:amd64 (4.9.2-10) ...
Setting up libclang1-3.6:amd64 (1:3.6-2) ...
Setting up libclang-common-3.6-dev (1:3.6-2) ...
Setting up clang-3.6 (1:3.6-2) ...
Processing triggers for libc-bin (2.19-17) ...
+ echo 'Replace gcc, g++ & cpp by clang'
Replace gcc, g++ & cpp by clang
+ VERSIONS='4.6 4.7 4.8 4.9 5'
+ cd /usr/bin
+ for VERSION in '$VERSIONS'
+ rm -f g++-4.6 gcc-4.6 cpp-4.6 gcc
+ ln -s clang++-3.6 g++-4.6
+ ln -s clang-3.6 gcc-4.6
+ ln -s clang-3.6 cpp-4.6
+ ln -s clang-3.6 gcc
+ echo 'gcc-4.6 hold'
+ dpkg --set-selections
+ echo 'g++-4.6 hold'
+ dpkg --set-selections
+ for VERSION in '$VERSIONS'
+ rm -f g++-4.7 gcc-4.7 cpp-4.7 gcc
+ ln -s clang++-3.6 g++-4.7
+ ln -s clang-3.6 gcc-4.7
+ ln -s clang-3.6 cpp-4.7
+ ln -s clang-3.6 gcc
+ echo 'gcc-4.7 hold'
+ dpkg --set-selections
+ echo 'g++-4.7 hold'
+ dpkg --set-selections
+ for VERSION in '$VERSIONS'
+ rm -f g++-4.8 gcc-4.8 cpp-4.8 gcc
+ ln -s clang++-3.6 g++-4.8
+ ln -s clang-3.6 gcc-4.8
+ ln -s clang-3.6 cpp-4.8
+ ln -s clang-3.6 gcc
+ echo 'gcc-4.8 hold'
+ dpkg --set-selections
dpkg: warning: package not in database at line 1: gcc-4.8
dpkg: warning: found unknown packages; this might mean the available database
is outdated, and needs to be updated through a frontend method
+ echo 'g++-4.8 hold'
+ dpkg --set-selections
dpkg: warning: package not in database at line 1: g++-4.8
dpkg: warning: found unknown packages; this might mean the available database
is outdated, and needs to be updated through a frontend method
+ for VERSION in '$VERSIONS'
+ rm -f g++-4.9 gcc-4.9 cpp-4.9 gcc
+ ln -s clang++-3.6 g++-4.9
+ ln -s clang-3.6 gcc-4.9
+ ln -s clang-3.6 cpp-4.9
+ ln -s clang-3.6 gcc
+ echo 'gcc-4.9 hold'
+ dpkg --set-selections
+ echo 'g++-4.9 hold'
+ dpkg --set-selections
+ for VERSION in '$VERSIONS'
+ rm -f g++-5 gcc-5 cpp-5 gcc
+ ln -s clang++-3.6 g++-5
+ ln -s clang-3.6 gcc-5
+ ln -s clang-3.6 cpp-5
+ ln -s clang-3.6 gcc
+ echo 'gcc-5 hold'
+ dpkg --set-selections
dpkg: warning: package not in database at line 1: gcc-5
dpkg: warning: found unknown packages; this might mean the available database
is outdated, and needs to be updated through a frontend method
+ echo 'g++-5 hold'
+ dpkg --set-selections
dpkg: warning: package not in database at line 1: g++-5
dpkg: warning: found unknown packages; this might mean the available database
is outdated, and needs to be updated through a frontend method
+ cd -
/«BUILDDIR»
+ echo 'Check if gcc, g++ & cpp are actually clang'
Check if gcc, g++ & cpp are actually clang
+ gcc --version
+ grep clang
+ cpp --version
+ grep clang
+ g++ --version
+ grep clang

I: Finished running '/tmp/clang'.

Finished processing commands.
────────────────────────────────────────────────────────────────────────────────
Merged Build-Depends: build-essential, fakeroot
Filtered Build-Depends: build-essential, fakeroot
dpkg-deb: building package `sbuild-build-depends-core-dummy' in `/«BUILDDIR»/resolver-To2oaE/apt_archive/sbuild-build-depends-core-dummy.deb'.
OK
Reading package lists...

┌──────────────────────────────────────────────────────────────────────────────┐
│ Install core build dependencies (apt-based resolver)                         │
└──────────────────────────────────────────────────────────────────────────────┘

Installing build dependencies
Reading package lists...
Building dependency tree...
Reading state information...
The following NEW packages will be installed:
  sbuild-build-depends-core-dummy
0 upgraded, 1 newly installed, 0 to remove and 0 not upgraded.
Need to get 0 B/818 B of archives.
After this operation, 0 B of additional disk space will be used.
Selecting previously unselected package sbuild-build-depends-core-dummy.
(Reading database ... (Reading database ... 5%(Reading database ... 10%(Reading database ... 15%(Reading database ... 20%(Reading database ... 25%(Reading database ... 30%(Reading database ... 35%(Reading database ... 40%(Reading database ... 45%(Reading database ... 50%(Reading database ... 55%(Reading database ... 60%(Reading database ... 65%(Reading database ... 70%(Reading database ... 75%(Reading database ... 80%(Reading database ... 85%(Reading database ... 90%(Reading database ... 95%(Reading database ... 100%(Reading database ... 12200 files and directories currently installed.)
Preparing to unpack .../sbuild-build-depends-core-dummy.deb ...
Unpacking sbuild-build-depends-core-dummy (0.invalid.0) ...
Setting up sbuild-build-depends-core-dummy (0.invalid.0) ...
Merged Build-Depends: base-files, base-passwd, bash, bsdutils, coreutils, dash, debianutils, diffutils, dpkg, e2fsprogs, findutils, grep, gzip, hostname, init, libc-bin, login, mount, ncurses-base, ncurses-bin, perl-base, sed, sysvinit-utils, tar, util-linux, libc6-dev | libc-dev, gcc (>= 4:4.9.1), g++ (>= 4:4.9.1), make, dpkg-dev (>= 1.17.11), debhelper (>= 9), dh-autoreconf, pyppd, libcups2-dev, libcupsimage2-dev, libcppunit-dev, cups-client
Filtered Build-Depends: base-files, base-passwd, bash, bsdutils, coreutils, dash, debianutils, diffutils, dpkg, e2fsprogs, findutils, grep, gzip, hostname, init, libc-bin, login, mount, ncurses-base, ncurses-bin, perl-base, sed, sysvinit-utils, tar, util-linux, libc6-dev, gcc (>= 4:4.9.1), g++ (>= 4:4.9.1), make, dpkg-dev (>= 1.17.11), debhelper (>= 9), dh-autoreconf, pyppd, libcups2-dev, libcupsimage2-dev, libcppunit-dev, cups-client
dpkg-deb: building package `sbuild-build-depends-dymo-cups-drivers-dummy' in `/«BUILDDIR»/resolver-tWr1Uy/apt_archive/sbuild-build-depends-dymo-cups-drivers-dummy.deb'.
OK
Reading package lists...

┌──────────────────────────────────────────────────────────────────────────────┐
│ Install dymo-cups-drivers build dependencies (apt-based resolver)            │
└──────────────────────────────────────────────────────────────────────────────┘

Installing build dependencies
Reading package lists...
Building dependency tree...
Reading state information...
The following extra packages will be installed:
  autoconf automake autopoint autotools-dev bsdmainutils cups-client
  cups-common debhelper dh-autoreconf dh-python file gettext gettext-base
  groff-base intltool-debian libasprintf0c2 libavahi-client3
  libavahi-common-data libavahi-common3 libcppunit-1.13-0 libcppunit-dev
  libcroco3 libcups2 libcups2-dev libcupsfilters-dev libcupsfilters1
  libcupsimage2 libcupsimage2-dev libdbus-1-3 libexpat1 libglib2.0-0
  libgnutls-deb0-28 libgssapi-krb5-2 libhogweed2 libicu52 libjbig-dev libjbig0
  libjpeg-dev libjpeg62-turbo libjpeg62-turbo-dev libk5crypto3 libkeyutils1
  libkrb5-3 libkrb5support0 liblzma-dev libmagic1 libmpdec2 libnettle4
  libp11-kit0 libpipeline1 libpng12-0 libpng12-dev libpython3-stdlib
  libpython3.4-minimal libpython3.4-stdlib libsigsegv2 libsqlite3-0
  libssl1.0.0 libtasn1-6 libtiff5 libtiff5-dev libtiffxx5 libtool
  libunistring0 libxml2 m4 man-db mime-support po-debconf pyppd python3
  python3-minimal python3.4 python3.4-minimal zlib1g-dev
Suggested packages:
  autoconf-archive gnu-standards autoconf-doc wamerican wordlist whois
  vacation cups xpp cups-bsd smbclient dh-make gettext-doc groff
  libcppunit-doc gnutls-bin krb5-doc krb5-user liblzma-doc libtool-doc
  automaken gfortran fortran95-compiler gcj-jdk www-browser libmail-box-perl
  python3-doc python3-tk python3-venv python3.4-venv python3.4-doc
  binfmt-support
Recommended packages:
  curl wget lynx-cur libasprintf-dev libgettextpo-dev dbus libglib2.0-data
  shared-mime-info xdg-user-dirs krb5-locales libltdl-dev xml-core
  libmail-sendmail-perl
The following NEW packages will be installed:
  autoconf automake autopoint autotools-dev bsdmainutils cups-client
  cups-common debhelper dh-autoreconf dh-python file gettext gettext-base
  groff-base intltool-debian libasprintf0c2 libavahi-client3
  libavahi-common-data libavahi-common3 libcppunit-1.13-0 libcppunit-dev
  libcroco3 libcups2 libcups2-dev libcupsfilters-dev libcupsfilters1
  libcupsimage2 libcupsimage2-dev libdbus-1-3 libexpat1 libglib2.0-0
  libgnutls-deb0-28 libgssapi-krb5-2 libhogweed2 libicu52 libjbig-dev libjbig0
  libjpeg-dev libjpeg62-turbo libjpeg62-turbo-dev libk5crypto3 libkeyutils1
  libkrb5-3 libkrb5support0 liblzma-dev libmagic1 libmpdec2 libnettle4
  libp11-kit0 libpipeline1 libpng12-0 libpng12-dev libpython3-stdlib
  libpython3.4-minimal libpython3.4-stdlib libsigsegv2 libsqlite3-0
  libssl1.0.0 libtasn1-6 libtiff5 libtiff5-dev libtiffxx5 libtool
  libunistring0 libxml2 m4 man-db mime-support po-debconf pyppd python3
  python3-minimal python3.4 python3.4-minimal
  sbuild-build-depends-dymo-cups-drivers-dummy zlib1g-dev
0 upgraded, 76 newly installed, 0 to remove and 0 not upgraded.
Need to get 30.2 MB/30.2 MB of archives.
After this operation, 105 MB of additional disk space will be used.
Get:1 http://localhost:9999/debian/ unstable/main libpipeline1 amd64 1.4.0-1 [27.9 kB]
Get:2 http://localhost:9999/debian/ unstable/main libssl1.0.0 amd64 1.0.1k-3 [1037 kB]
Get:3 http://localhost:9999/debian/ unstable/main groff-base amd64 1.22.3-1 [1205 kB]
Get:4 http://localhost:9999/debian/ unstable/main bsdmainutils amd64 9.0.6 [183 kB]
Get:5 http://localhost:9999/debian/ unstable/main man-db amd64 2.7.0.2-5 [1000 kB]
Get:6 http://localhost:9999/debian/ unstable/main libasprintf0c2 amd64 0.19.3-2 [31.3 kB]
Get:7 http://localhost:9999/debian/ unstable/main libnettle4 amd64 2.7.1-5 [176 kB]
Get:8 http://localhost:9999/debian/ unstable/main libhogweed2 amd64 2.7.1-5 [125 kB]
Get:9 http://localhost:9999/debian/ unstable/main libp11-kit0 amd64 0.20.7-1 [81.2 kB]
Get:10 http://localhost:9999/debian/ unstable/main libtasn1-6 amd64 4.2-2 [48.6 kB]
Get:11 http://localhost:9999/debian/ unstable/main libgnutls-deb0-28 amd64 3.3.8-6 [694 kB]
Get:12 http://localhost:9999/debian/ unstable/main libkeyutils1 amd64 1.5.9-5+b1 [12.0 kB]
Get:13 http://localhost:9999/debian/ unstable/main libkrb5support0 amd64 1.12.1+dfsg-19 [58.5 kB]
Get:14 http://localhost:9999/debian/ unstable/main libk5crypto3 amd64 1.12.1+dfsg-19 [115 kB]
Get:15 http://localhost:9999/debian/ unstable/main libkrb5-3 amd64 1.12.1+dfsg-19 [303 kB]
Get:16 http://localhost:9999/debian/ unstable/main libgssapi-krb5-2 amd64 1.12.1+dfsg-19 [150 kB]
Get:17 http://localhost:9999/debian/ unstable/main libmagic1 amd64 1:5.22+15-2 [249 kB]
Get:18 http://localhost:9999/debian/ unstable/main libsqlite3-0 amd64 3.8.7.4-1 [439 kB]
Get:19 http://localhost:9999/debian/ unstable/main libicu52 amd64 52.1-8 [6780 kB]
Get:20 http://localhost:9999/debian/ unstable/main libxml2 amd64 2.9.2+dfsg1-3 [934 kB]
Get:21 http://localhost:9999/debian/ unstable/main libavahi-common-data amd64 0.6.31-4+b2 [98.7 kB]
Get:22 http://localhost:9999/debian/ unstable/main libavahi-common3 amd64 0.6.31-4+b2 [51.2 kB]
Get:23 http://localhost:9999/debian/ unstable/main libdbus-1-3 amd64 1.8.16-1 [169 kB]
Get:24 http://localhost:9999/debian/ unstable/main libavahi-client3 amd64 0.6.31-4+b2 [54.5 kB]
Get:25 http://localhost:9999/debian/ unstable/main libcppunit-1.13-0 amd64 1.13.2-2 [116 kB]
Get:26 http://localhost:9999/debian/ unstable/main libglib2.0-0 amd64 2.42.1-1 [2401 kB]
Get:27 http://localhost:9999/debian/ unstable/main libcroco3 amd64 0.6.8-3+b1 [135 kB]
Get:28 http://localhost:9999/debian/ unstable/main libcups2 amd64 1.7.5-11 [283 kB]
Get:29 http://localhost:9999/debian/ unstable/main libcupsimage2 amd64 1.7.5-11 [116 kB]
Get:30 http://localhost:9999/debian/ unstable/main libjpeg62-turbo amd64 1:1.3.1-12 [116 kB]
Get:31 http://localhost:9999/debian/ unstable/main libpng12-0 amd64 1.2.50-2+b2 [172 kB]
Get:32 http://localhost:9999/debian/ unstable/main libjbig0 amd64 2.1-3.1 [30.7 kB]
Get:33 http://localhost:9999/debian/ unstable/main libtiff5 amd64 4.0.3-12.3 [217 kB]
Get:34 http://localhost:9999/debian/ unstable/main libcupsfilters1 amd64 1.0.61-5 [106 kB]
Get:35 http://localhost:9999/debian/ unstable/main libexpat1 amd64 2.1.0-6+b3 [80.3 kB]
Get:36 http://localhost:9999/debian/ unstable/main libmpdec2 amd64 2.4.1-1 [85.7 kB]
Get:37 http://localhost:9999/debian/ unstable/main libpython3.4-minimal amd64 3.4.2-4 [495 kB]
Get:38 http://localhost:9999/debian/ unstable/main mime-support all 3.58 [36.0 kB]
Get:39 http://localhost:9999/debian/ unstable/main libpython3.4-stdlib amd64 3.4.2-4 [2091 kB]
Get:40 http://localhost:9999/debian/ unstable/main libsigsegv2 amd64 2.10-4+b1 [29.2 kB]
Get:41 http://localhost:9999/debian/ unstable/main libtiffxx5 amd64 4.0.3-12.3 [78.4 kB]
Get:42 http://localhost:9999/debian/ unstable/main libunistring0 amd64 0.9.3-5.2+b1 [288 kB]
Get:43 http://localhost:9999/debian/ unstable/main python3.4-minimal amd64 3.4.2-4 [1649 kB]
Get:44 http://localhost:9999/debian/ unstable/main file amd64 1:5.22+15-2 [60.1 kB]
Get:45 http://localhost:9999/debian/ unstable/main gettext-base amd64 0.19.3-2 [121 kB]
Get:46 http://localhost:9999/debian/ unstable/main m4 amd64 1.4.17-4 [254 kB]
Get:47 http://localhost:9999/debian/ unstable/main autoconf all 2.69-8 [340 kB]
Get:48 http://localhost:9999/debian/ unstable/main autotools-dev all 20140911.1 [70.5 kB]
Get:49 http://localhost:9999/debian/ unstable/main automake all 1:1.14.1-4 [725 kB]
Get:50 http://localhost:9999/debian/ unstable/main autopoint all 0.19.3-2 [413 kB]
Get:51 http://localhost:9999/debian/ unstable/main cups-common all 1.7.5-11 [273 kB]
Get:52 http://localhost:9999/debian/ unstable/main cups-client amd64 1.7.5-11 [299 kB]
Get:53 http://localhost:9999/debian/ unstable/main gettext amd64 0.19.3-2 [1240 kB]
Get:54 http://localhost:9999/debian/ unstable/main intltool-debian all 0.35.0+20060710.1 [30.8 kB]
Get:55 http://localhost:9999/debian/ unstable/main po-debconf all 1.0.16+nmu3 [220 kB]
Get:56 http://localhost:9999/debian/ unstable/main debhelper all 9.20150101 [813 kB]
Get:57 http://localhost:9999/debian/ unstable/main libtool all 2.4.2-1.11 [190 kB]
Get:58 http://localhost:9999/debian/ unstable/main dh-autoreconf all 10 [15.2 kB]
Get:59 http://localhost:9999/debian/ unstable/main python3.4 amd64 3.4.2-4 [209 kB]
Get:60 http://localhost:9999/debian/ unstable/main python3-minimal amd64 3.4.2-2 [34.7 kB]
Get:61 http://localhost:9999/debian/ unstable/main libpython3-stdlib amd64 3.4.2-2 [18.1 kB]
Get:62 http://localhost:9999/debian/ unstable/main python3 amd64 3.4.2-2 [21.2 kB]
Get:63 http://localhost:9999/debian/ unstable/main dh-python all 1.20141111-2 [66.4 kB]
Get:64 http://localhost:9999/debian/ unstable/main libcppunit-dev amd64 1.13.2-2 [174 kB]
Get:65 http://localhost:9999/debian/ unstable/main libcups2-dev amd64 1.7.5-11 [321 kB]
Get:66 http://localhost:9999/debian/ unstable/main libcupsfilters-dev amd64 1.0.61-5 [113 kB]
Get:67 http://localhost:9999/debian/ unstable/main zlib1g-dev amd64 1:1.2.8.dfsg-2+b1 [206 kB]
Get:68 http://localhost:9999/debian/ unstable/main libpng12-dev amd64 1.2.50-2+b2 [248 kB]
Get:69 http://localhost:9999/debian/ unstable/main libjpeg62-turbo-dev amd64 1:1.3.1-12 [455 kB]
Get:70 http://localhost:9999/debian/ unstable/main libjpeg-dev all 1:1.3.1-12 [49.3 kB]
Get:71 http://localhost:9999/debian/ unstable/main libjbig-dev amd64 2.1-3.1 [29.9 kB]
Get:72 http://localhost:9999/debian/ unstable/main liblzma-dev amd64 5.1.1alpha+20120614-2+b3 [256 kB]
Get:73 http://localhost:9999/debian/ unstable/main libtiff5-dev amd64 4.0.3-12.3 [339 kB]
Get:74 http://localhost:9999/debian/ unstable/main libcupsimage2-dev amd64 1.7.5-11 [18.0 kB]
Get:75 http://localhost:9999/debian/ unstable/main pyppd all 1.0.2-2 [22.4 kB]
Extracting templates from packages: 39%Extracting templates from packages: 78%Extracting templates from packages: 100%
Preconfiguring packages ...
Fetched 30.2 MB in 1s (16.1 MB/s)
Selecting previously unselected package libpipeline1:amd64.
(Reading database ... (Reading database ... 5%(Reading database ... 10%(Reading database ... 15%(Reading database ... 20%(Reading database ... 25%(Reading database ... 30%(Reading database ... 35%(Reading database ... 40%(Reading database ... 45%(Reading database ... 50%(Reading database ... 55%(Reading database ... 60%(Reading database ... 65%(Reading database ... 70%(Reading database ... 75%(Reading database ... 80%(Reading database ... 85%(Reading database ... 90%(Reading database ... 95%(Reading database ... 100%(Reading database ... 12200 files and directories currently installed.)
Preparing to unpack .../libpipeline1_1.4.0-1_amd64.deb ...
Unpacking libpipeline1:amd64 (1.4.0-1) ...
Selecting previously unselected package libssl1.0.0:amd64.
Preparing to unpack .../libssl1.0.0_1.0.1k-3_amd64.deb ...
Unpacking libssl1.0.0:amd64 (1.0.1k-3) ...
Selecting previously unselected package groff-base.
Preparing to unpack .../groff-base_1.22.3-1_amd64.deb ...
Unpacking groff-base (1.22.3-1) ...
Selecting previously unselected package bsdmainutils.
Preparing to unpack .../bsdmainutils_9.0.6_amd64.deb ...
Unpacking bsdmainutils (9.0.6) ...
Selecting previously unselected package man-db.
Preparing to unpack .../man-db_2.7.0.2-5_amd64.deb ...
Unpacking man-db (2.7.0.2-5) ...
Selecting previously unselected package libasprintf0c2:amd64.
Preparing to unpack .../libasprintf0c2_0.19.3-2_amd64.deb ...
Unpacking libasprintf0c2:amd64 (0.19.3-2) ...
Selecting previously unselected package libnettle4:amd64.
Preparing to unpack .../libnettle4_2.7.1-5_amd64.deb ...
Unpacking libnettle4:amd64 (2.7.1-5) ...
Selecting previously unselected package libhogweed2:amd64.
Preparing to unpack .../libhogweed2_2.7.1-5_amd64.deb ...
Unpacking libhogweed2:amd64 (2.7.1-5) ...
Selecting previously unselected package libp11-kit0:amd64.
Preparing to unpack .../libp11-kit0_0.20.7-1_amd64.deb ...
Unpacking libp11-kit0:amd64 (0.20.7-1) ...
Selecting previously unselected package libtasn1-6:amd64.
Preparing to unpack .../libtasn1-6_4.2-2_amd64.deb ...
Unpacking libtasn1-6:amd64 (4.2-2) ...
Selecting previously unselected package libgnutls-deb0-28:amd64.
Preparing to unpack .../libgnutls-deb0-28_3.3.8-6_amd64.deb ...
Unpacking libgnutls-deb0-28:amd64 (3.3.8-6) ...
Selecting previously unselected package libkeyutils1:amd64.
Preparing to unpack .../libkeyutils1_1.5.9-5+b1_amd64.deb ...
Unpacking libkeyutils1:amd64 (1.5.9-5+b1) ...
Selecting previously unselected package libkrb5support0:amd64.
Preparing to unpack .../libkrb5support0_1.12.1+dfsg-19_amd64.deb ...
Unpacking libkrb5support0:amd64 (1.12.1+dfsg-19) ...
Selecting previously unselected package libk5crypto3:amd64.
Preparing to unpack .../libk5crypto3_1.12.1+dfsg-19_amd64.deb ...
Unpacking libk5crypto3:amd64 (1.12.1+dfsg-19) ...
Selecting previously unselected package libkrb5-3:amd64.
Preparing to unpack .../libkrb5-3_1.12.1+dfsg-19_amd64.deb ...
Unpacking libkrb5-3:amd64 (1.12.1+dfsg-19) ...
Selecting previously unselected package libgssapi-krb5-2:amd64.
Preparing to unpack .../libgssapi-krb5-2_1.12.1+dfsg-19_amd64.deb ...
Unpacking libgssapi-krb5-2:amd64 (1.12.1+dfsg-19) ...
Selecting previously unselected package libmagic1:amd64.
Preparing to unpack .../libmagic1_1%3a5.22+15-2_amd64.deb ...
Unpacking libmagic1:amd64 (1:5.22+15-2) ...
Selecting previously unselected package libsqlite3-0:amd64.
Preparing to unpack .../libsqlite3-0_3.8.7.4-1_amd64.deb ...
Unpacking libsqlite3-0:amd64 (3.8.7.4-1) ...
Selecting previously unselected package libicu52:amd64.
Preparing to unpack .../libicu52_52.1-8_amd64.deb ...
Unpacking libicu52:amd64 (52.1-8) ...
Selecting previously unselected package libxml2:amd64.
Preparing to unpack .../libxml2_2.9.2+dfsg1-3_amd64.deb ...
Unpacking libxml2:amd64 (2.9.2+dfsg1-3) ...
Selecting previously unselected package libavahi-common-data:amd64.
Preparing to unpack .../libavahi-common-data_0.6.31-4+b2_amd64.deb ...
Unpacking libavahi-common-data:amd64 (0.6.31-4+b2) ...
Selecting previously unselected package libavahi-common3:amd64.
Preparing to unpack .../libavahi-common3_0.6.31-4+b2_amd64.deb ...
Unpacking libavahi-common3:amd64 (0.6.31-4+b2) ...
Selecting previously unselected package libdbus-1-3:amd64.
Preparing to unpack .../libdbus-1-3_1.8.16-1_amd64.deb ...
Unpacking libdbus-1-3:amd64 (1.8.16-1) ...
Selecting previously unselected package libavahi-client3:amd64.
Preparing to unpack .../libavahi-client3_0.6.31-4+b2_amd64.deb ...
Unpacking libavahi-client3:amd64 (0.6.31-4+b2) ...
Selecting previously unselected package libcppunit-1.13-0:amd64.
Preparing to unpack .../libcppunit-1.13-0_1.13.2-2_amd64.deb ...
Unpacking libcppunit-1.13-0:amd64 (1.13.2-2) ...
Selecting previously unselected package libglib2.0-0:amd64.
Preparing to unpack .../libglib2.0-0_2.42.1-1_amd64.deb ...
Unpacking libglib2.0-0:amd64 (2.42.1-1) ...
Selecting previously unselected package libcroco3:amd64.
Preparing to unpack .../libcroco3_0.6.8-3+b1_amd64.deb ...
Unpacking libcroco3:amd64 (0.6.8-3+b1) ...
Selecting previously unselected package libcups2:amd64.
Preparing to unpack .../libcups2_1.7.5-11_amd64.deb ...
Unpacking libcups2:amd64 (1.7.5-11) ...
Selecting previously unselected package libcupsimage2:amd64.
Preparing to unpack .../libcupsimage2_1.7.5-11_amd64.deb ...
Unpacking libcupsimage2:amd64 (1.7.5-11) ...
Selecting previously unselected package libjpeg62-turbo:amd64.
Preparing to unpack .../libjpeg62-turbo_1%3a1.3.1-12_amd64.deb ...
Unpacking libjpeg62-turbo:amd64 (1:1.3.1-12) ...
Selecting previously unselected package libpng12-0:amd64.
Preparing to unpack .../libpng12-0_1.2.50-2+b2_amd64.deb ...
Unpacking libpng12-0:amd64 (1.2.50-2+b2) ...
Selecting previously unselected package libjbig0:amd64.
Preparing to unpack .../libjbig0_2.1-3.1_amd64.deb ...
Unpacking libjbig0:amd64 (2.1-3.1) ...
Selecting previously unselected package libtiff5:amd64.
Preparing to unpack .../libtiff5_4.0.3-12.3_amd64.deb ...
Unpacking libtiff5:amd64 (4.0.3-12.3) ...
Selecting previously unselected package libcupsfilters1:amd64.
Preparing to unpack .../libcupsfilters1_1.0.61-5_amd64.deb ...
Unpacking libcupsfilters1:amd64 (1.0.61-5) ...
Selecting previously unselected package libexpat1:amd64.
Preparing to unpack .../libexpat1_2.1.0-6+b3_amd64.deb ...
Unpacking libexpat1:amd64 (2.1.0-6+b3) ...
Selecting previously unselected package libmpdec2:amd64.
Preparing to unpack .../libmpdec2_2.4.1-1_amd64.deb ...
Unpacking libmpdec2:amd64 (2.4.1-1) ...
Selecting previously unselected package libpython3.4-minimal:amd64.
Preparing to unpack .../libpython3.4-minimal_3.4.2-4_amd64.deb ...
Unpacking libpython3.4-minimal:amd64 (3.4.2-4) ...
Selecting previously unselected package mime-support.
Preparing to unpack .../mime-support_3.58_all.deb ...
Unpacking mime-support (3.58) ...
Selecting previously unselected package libpython3.4-stdlib:amd64.
Preparing to unpack .../libpython3.4-stdlib_3.4.2-4_amd64.deb ...
Unpacking libpython3.4-stdlib:amd64 (3.4.2-4) ...
Selecting previously unselected package libsigsegv2:amd64.
Preparing to unpack .../libsigsegv2_2.10-4+b1_amd64.deb ...
Unpacking libsigsegv2:amd64 (2.10-4+b1) ...
Selecting previously unselected package libtiffxx5:amd64.
Preparing to unpack .../libtiffxx5_4.0.3-12.3_amd64.deb ...
Unpacking libtiffxx5:amd64 (4.0.3-12.3) ...
Selecting previously unselected package libunistring0:amd64.
Preparing to unpack .../libunistring0_0.9.3-5.2+b1_amd64.deb ...
Unpacking libunistring0:amd64 (0.9.3-5.2+b1) ...
Selecting previously unselected package python3.4-minimal.
Preparing to unpack .../python3.4-minimal_3.4.2-4_amd64.deb ...
Unpacking python3.4-minimal (3.4.2-4) ...
Selecting previously unselected package file.
Preparing to unpack .../file_1%3a5.22+15-2_amd64.deb ...
Unpacking file (1:5.22+15-2) ...
Selecting previously unselected package gettext-base.
Preparing to unpack .../gettext-base_0.19.3-2_amd64.deb ...
Unpacking gettext-base (0.19.3-2) ...
Selecting previously unselected package m4.
Preparing to unpack .../archives/m4_1.4.17-4_amd64.deb ...
Unpacking m4 (1.4.17-4) ...
Selecting previously unselected package autoconf.
Preparing to unpack .../autoconf_2.69-8_all.deb ...
Unpacking autoconf (2.69-8) ...
Selecting previously unselected package autotools-dev.
Preparing to unpack .../autotools-dev_20140911.1_all.deb ...
Unpacking autotools-dev (20140911.1) ...
Selecting previously unselected package automake.
Preparing to unpack .../automake_1%3a1.14.1-4_all.deb ...
Unpacking automake (1:1.14.1-4) ...
Selecting previously unselected package autopoint.
Preparing to unpack .../autopoint_0.19.3-2_all.deb ...
Unpacking autopoint (0.19.3-2) ...
Selecting previously unselected package cups-common.
Preparing to unpack .../cups-common_1.7.5-11_all.deb ...
Unpacking cups-common (1.7.5-11) ...
Selecting previously unselected package cups-client.
Preparing to unpack .../cups-client_1.7.5-11_amd64.deb ...
Unpacking cups-client (1.7.5-11) ...
Selecting previously unselected package gettext.
Preparing to unpack .../gettext_0.19.3-2_amd64.deb ...
Unpacking gettext (0.19.3-2) ...
Selecting previously unselected package intltool-debian.
Preparing to unpack .../intltool-debian_0.35.0+20060710.1_all.deb ...
Unpacking intltool-debian (0.35.0+20060710.1) ...
Selecting previously unselected package po-debconf.
Preparing to unpack .../po-debconf_1.0.16+nmu3_all.deb ...
Unpacking po-debconf (1.0.16+nmu3) ...
Selecting previously unselected package debhelper.
Preparing to unpack .../debhelper_9.20150101_all.deb ...
Unpacking debhelper (9.20150101) ...
Selecting previously unselected package libtool.
Preparing to unpack .../libtool_2.4.2-1.11_all.deb ...
Unpacking libtool (2.4.2-1.11) ...
Selecting previously unselected package dh-autoreconf.
Preparing to unpack .../dh-autoreconf_10_all.deb ...
Unpacking dh-autoreconf (10) ...
Selecting previously unselected package python3.4.
Preparing to unpack .../python3.4_3.4.2-4_amd64.deb ...
Unpacking python3.4 (3.4.2-4) ...
Selecting previously unselected package python3-minimal.
Preparing to unpack .../python3-minimal_3.4.2-2_amd64.deb ...
Unpacking python3-minimal (3.4.2-2) ...
Selecting previously unselected package libpython3-stdlib:amd64.
Preparing to unpack .../libpython3-stdlib_3.4.2-2_amd64.deb ...
Unpacking libpython3-stdlib:amd64 (3.4.2-2) ...
Selecting previously unselected package python3.
Preparing to unpack .../python3_3.4.2-2_amd64.deb ...
Unpacking python3 (3.4.2-2) ...
Selecting previously unselected package dh-python.
Preparing to unpack .../dh-python_1.20141111-2_all.deb ...
Unpacking dh-python (1.20141111-2) ...
Selecting previously unselected package libcppunit-dev.
Preparing to unpack .../libcppunit-dev_1.13.2-2_amd64.deb ...
Unpacking libcppunit-dev (1.13.2-2) ...
Selecting previously unselected package libcups2-dev:amd64.
Preparing to unpack .../libcups2-dev_1.7.5-11_amd64.deb ...
Unpacking libcups2-dev:amd64 (1.7.5-11) ...
Selecting previously unselected package libcupsfilters-dev.
Preparing to unpack .../libcupsfilters-dev_1.0.61-5_amd64.deb ...
Unpacking libcupsfilters-dev (1.0.61-5) ...
Selecting previously unselected package zlib1g-dev:amd64.
Preparing to unpack .../zlib1g-dev_1%3a1.2.8.dfsg-2+b1_amd64.deb ...
Unpacking zlib1g-dev:amd64 (1:1.2.8.dfsg-2+b1) ...
Selecting previously unselected package libpng12-dev:amd64.
Preparing to unpack .../libpng12-dev_1.2.50-2+b2_amd64.deb ...
Unpacking libpng12-dev:amd64 (1.2.50-2+b2) ...
Selecting previously unselected package libjpeg62-turbo-dev:amd64.
Preparing to unpack .../libjpeg62-turbo-dev_1%3a1.3.1-12_amd64.deb ...
Unpacking libjpeg62-turbo-dev:amd64 (1:1.3.1-12) ...
Selecting previously unselected package libjpeg-dev.
Preparing to unpack .../libjpeg-dev_1%3a1.3.1-12_all.deb ...
Unpacking libjpeg-dev (1:1.3.1-12) ...
Selecting previously unselected package libjbig-dev:amd64.
Preparing to unpack .../libjbig-dev_2.1-3.1_amd64.deb ...
Unpacking libjbig-dev:amd64 (2.1-3.1) ...
Selecting previously unselected package liblzma-dev:amd64.
Preparing to unpack .../liblzma-dev_5.1.1alpha+20120614-2+b3_amd64.deb ...
Unpacking liblzma-dev:amd64 (5.1.1alpha+20120614-2+b3) ...
Selecting previously unselected package libtiff5-dev:amd64.
Preparing to unpack .../libtiff5-dev_4.0.3-12.3_amd64.deb ...
Unpacking libtiff5-dev:amd64 (4.0.3-12.3) ...
Selecting previously unselected package libcupsimage2-dev.
Preparing to unpack .../libcupsimage2-dev_1.7.5-11_amd64.deb ...
Unpacking libcupsimage2-dev (1.7.5-11) ...
Selecting previously unselected package pyppd.
Preparing to unpack .../archives/pyppd_1.0.2-2_all.deb ...
Unpacking pyppd (1.0.2-2) ...
Selecting previously unselected package sbuild-build-depends-dymo-cups-drivers-dummy.
Preparing to unpack .../sbuild-build-depends-dymo-cups-drivers-dummy.deb ...
Unpacking sbuild-build-depends-dymo-cups-drivers-dummy (0.invalid.0) ...
Setting up libpipeline1:amd64 (1.4.0-1) ...
Setting up libssl1.0.0:amd64 (1.0.1k-3) ...
Setting up groff-base (1.22.3-1) ...
Setting up bsdmainutils (9.0.6) ...
update-alternatives: using /usr/bin/bsd-write to provide /usr/bin/write (write) in auto mode
update-alternatives: using /usr/bin/bsd-from to provide /usr/bin/from (from) in auto mode
Setting up man-db (2.7.0.2-5) ...
Not building database; man-db/auto-update is not 'true'.
Setting up libasprintf0c2:amd64 (0.19.3-2) ...
Setting up libnettle4:amd64 (2.7.1-5) ...
Setting up libhogweed2:amd64 (2.7.1-5) ...
Setting up libp11-kit0:amd64 (0.20.7-1) ...
Setting up libtasn1-6:amd64 (4.2-2) ...
Setting up libgnutls-deb0-28:amd64 (3.3.8-6) ...
Setting up libkeyutils1:amd64 (1.5.9-5+b1) ...
Setting up libkrb5support0:amd64 (1.12.1+dfsg-19) ...
Setting up libk5crypto3:amd64 (1.12.1+dfsg-19) ...
Setting up libkrb5-3:amd64 (1.12.1+dfsg-19) ...
Setting up libgssapi-krb5-2:amd64 (1.12.1+dfsg-19) ...
Setting up libmagic1:amd64 (1:5.22+15-2) ...
Setting up libsqlite3-0:amd64 (3.8.7.4-1) ...
Setting up libicu52:amd64 (52.1-8) ...
Setting up libxml2:amd64 (2.9.2+dfsg1-3) ...
Setting up libavahi-common-data:amd64 (0.6.31-4+b2) ...
Setting up libavahi-common3:amd64 (0.6.31-4+b2) ...
Setting up libdbus-1-3:amd64 (1.8.16-1) ...
Setting up libavahi-client3:amd64 (0.6.31-4+b2) ...
Setting up libcppunit-1.13-0:amd64 (1.13.2-2) ...
Setting up libglib2.0-0:amd64 (2.42.1-1) ...
No schema files found: doing nothing.
Setting up libcroco3:amd64 (0.6.8-3+b1) ...
Setting up libcups2:amd64 (1.7.5-11) ...
Setting up libjpeg62-turbo:amd64 (1:1.3.1-12) ...
Setting up libpng12-0:amd64 (1.2.50-2+b2) ...
Setting up libjbig0:amd64 (2.1-3.1) ...
Setting up libtiff5:amd64 (4.0.3-12.3) ...
Setting up libexpat1:amd64 (2.1.0-6+b3) ...
Setting up libmpdec2:amd64 (2.4.1-1) ...
Setting up libpython3.4-minimal:amd64 (3.4.2-4) ...
Setting up mime-support (3.58) ...
Setting up libpython3.4-stdlib:amd64 (3.4.2-4) ...
Setting up libsigsegv2:amd64 (2.10-4+b1) ...
Setting up libtiffxx5:amd64 (4.0.3-12.3) ...
Setting up libunistring0:amd64 (0.9.3-5.2+b1) ...
Setting up python3.4-minimal (3.4.2-4) ...
Setting up file (1:5.22+15-2) ...
Setting up gettext-base (0.19.3-2) ...
Setting up m4 (1.4.17-4) ...
Setting up autoconf (2.69-8) ...
Setting up autotools-dev (20140911.1) ...
Setting up automake (1:1.14.1-4) ...
update-alternatives: using /usr/bin/automake-1.14 to provide /usr/bin/automake (automake) in auto mode
Setting up autopoint (0.19.3-2) ...
Setting up cups-common (1.7.5-11) ...
Setting up gettext (0.19.3-2) ...
Setting up intltool-debian (0.35.0+20060710.1) ...
Setting up po-debconf (1.0.16+nmu3) ...
Setting up debhelper (9.20150101) ...
Setting up libtool (2.4.2-1.11) ...
Setting up dh-autoreconf (10) ...
Setting up python3.4 (3.4.2-4) ...
Setting up python3-minimal (3.4.2-2) ...
Setting up libpython3-stdlib:amd64 (3.4.2-2) ...
Setting up libcppunit-dev (1.13.2-2) ...
Setting up libcups2-dev:amd64 (1.7.5-11) ...
Setting up zlib1g-dev:amd64 (1:1.2.8.dfsg-2+b1) ...
Setting up libpng12-dev:amd64 (1.2.50-2+b2) ...
Setting up libjpeg62-turbo-dev:amd64 (1:1.3.1-12) ...
Setting up libjpeg-dev (1:1.3.1-12) ...
Setting up libjbig-dev:amd64 (2.1-3.1) ...
Setting up liblzma-dev:amd64 (5.1.1alpha+20120614-2+b3) ...
Setting up libtiff5-dev:amd64 (4.0.3-12.3) ...
Setting up libcupsimage2:amd64 (1.7.5-11) ...
Setting up libcupsfilters1:amd64 (1.0.61-5) ...
Setting up cups-client (1.7.5-11) ...
Adding group `lpadmin' (GID 108) ...
Done.
Setting up python3 (3.4.2-2) ...
Setting up dh-python (1.20141111-2) ...
Setting up libcupsfilters-dev (1.0.61-5) ...
Setting up libcupsimage2-dev (1.7.5-11) ...
Setting up pyppd (1.0.2-2) ...
Setting up sbuild-build-depends-dymo-cups-drivers-dummy (0.invalid.0) ...
Processing triggers for libc-bin (2.19-17) ...

┌──────────────────────────────────────────────────────────────────────────────┐
│ Build environment                                                            │
└──────────────────────────────────────────────────────────────────────────────┘

Kernel: Linux 3.2.0-4-amd64 amd64 (x86_64)
Toolchain package versions: binutils_2.25-5 dpkg-dev_1.17.24 g++-4.9_4.9.2-10 gcc-4.9_4.9.2-10 libc6-dev_2.19-17 libstdc++-4.9-dev_4.9.2-10 libstdc++6_4.9.2-10 linux-libc-dev_3.16.7-ckt7-1
Package versions: acl_2.2.52-2 adduser_3.113+nmu3 apt_1.0.9.7 apt-utils_1.0.9.7 autoconf_2.69-8 automake_1:1.14.1-4 autopoint_0.19.3-2 autotools-dev_20140911.1 base-files_8 base-passwd_3.5.37 bash_4.3-12 binutils_2.25-5 bsdmainutils_9.0.6 bsdutils_1:2.25.2-5 build-essential_11.7 bzip2_1.0.6-7+b2 clang-3.6_1:3.6-2 coreutils_8.23-4 cpp_4:4.9.2-2 cpp-4.9_4.9.2-10 cups-client_1.7.5-11 cups-common_1.7.5-11 dash_0.5.7-4+b1 debconf_1.5.56 debfoster_2.7-2 debhelper_9.20150101 debian-archive-keyring_2014.3 debianutils_4.4+b1 dh-autoreconf_10 dh-python_1.20141111-2 diffutils_1:3.3-1+b1 dmsetup_2:1.02.90-2.1 dpkg_1.17.24 dpkg-dev_1.17.24 e2fslibs_1.42.12-1.1 e2fsprogs_1.42.12-1.1 fakeroot_1.20.2-1 file_1:5.22+15-2 findutils_4.4.2-9+b1 g++_4:4.9.2-2 g++-4.9_4.9.2-10 gcc_4:4.9.2-2 gcc-4.9_4.9.2-10 gcc-4.9-base_4.9.2-10 gettext_0.19.3-2 gettext-base_0.19.3-2 gnupg_1.4.18-7 gpgv_1.4.18-7 grep_2.20-4.1 groff-base_1.22.3-1 gzip_1.6-4 hostname_3.15 init_1.22 initscripts_2.88dsf-58 insserv_1.14.0-5 intltool-debian_0.35.0+20060710.1 less_458-3 libacl1_2.2.52-2 libapt-inst1.5_1.0.9.7 libapt-pkg4.12_1.0.9.7 libasan1_4.9.2-10 libasprintf0c2_0.19.3-2 libatomic1_4.9.2-10 libattr1_1:2.4.47-2 libaudit-common_1:2.4-1 libaudit1_1:2.4-1+b1 libavahi-client3_0.6.31-4+b2 libavahi-common-data_0.6.31-4+b2 libavahi-common3_0.6.31-4+b2 libblkid1_2.25.2-5 libbsd0_0.7.0-2 libbz2-1.0_1.0.6-7+b2 libc-bin_2.19-17 libc-dev-bin_2.19-17 libc6_2.19-17 libc6-dev_2.19-17 libcap2_1:2.24-7 libcap2-bin_1:2.24-7 libcilkrts5_4.9.2-10 libclang-common-3.6-dev_1:3.6-2 libclang1-3.6_1:3.6-2 libcloog-isl4_0.18.2-1+b2 libcomerr2_1.42.12-1.1 libcppunit-1.13-0_1.13.2-2 libcppunit-dev_1.13.2-2 libcroco3_0.6.8-3+b1 libcryptsetup4_2:1.6.6-5 libcups2_1.7.5-11 libcups2-dev_1.7.5-11 libcupsfilters-dev_1.0.61-5 libcupsfilters1_1.0.61-5 libcupsimage2_1.7.5-11 libcupsimage2-dev_1.7.5-11 libdb5.3_5.3.28-9 libdbus-1-3_1.8.16-1 libdebconfclient0_0.192 libdevmapper1.02.1_2:1.02.90-2.1 libdpkg-perl_1.17.24 libedit2_3.1-20140620-2 libexpat1_2.1.0-6+b3 libfakeroot_1.20.2-1 libffi6_3.1-2+b2 libgc1c2_1:7.2d-6.4 libgcc-4.9-dev_4.9.2-10 libgcc1_1:4.9.2-10 libgcrypt20_1.6.3-2 libgdbm3_1.8.3-13.1 libglib2.0-0_2.42.1-1 libgmp10_2:6.0.0+dfsg-6 libgnutls-deb0-28_3.3.8-6 libgomp1_4.9.2-10 libgpg-error0_1.17-3 libgssapi-krb5-2_1.12.1+dfsg-19 libhogweed2_2.7.1-5 libicu52_52.1-8 libisl10_0.12.2-2 libitm1_4.9.2-10 libjbig-dev_2.1-3.1 libjbig0_2.1-3.1 libjpeg-dev_1:1.3.1-12 libjpeg62-turbo_1:1.3.1-12 libjpeg62-turbo-dev_1:1.3.1-12 libk5crypto3_1.12.1+dfsg-19 libkeyutils1_1.5.9-5+b1 libkmod2_20-1 libkrb5-3_1.12.1+dfsg-19 libkrb5support0_1.12.1+dfsg-19 libllvm3.6_1:3.6-2 liblsan0_4.9.2-10 liblzma-dev_5.1.1alpha+20120614-2+b3 liblzma5_5.1.1alpha+20120614-2+b3 libmagic1_1:5.22+15-2 libmount1_2.25.2-5 libmpc3_1.0.3-1 libmpdec2_2.4.1-1 libmpfr4_3.1.2-3 libncurses5_5.9+20140913-1+b1 libncursesw5_5.9+20140913-1+b1 libnettle4_2.7.1-5 libobjc-4.9-dev_4.9.2-10 libobjc4_4.9.2-10 libp11-kit0_0.20.7-1 libpam-modules_1.1.8-3.1 libpam-modules-bin_1.1.8-3.1 libpam-runtime_1.1.8-3.1 libpam0g_1.1.8-3.1 libpcre3_2:8.35-3.3 libpipeline1_1.4.0-1 libpng12-0_1.2.50-2+b2 libpng12-dev_1.2.50-2+b2 libprocps3_2:3.3.9-9 libpython3-stdlib_3.4.2-2 libpython3.4-minimal_3.4.2-4 libpython3.4-stdlib_3.4.2-4 libquadmath0_4.9.2-10 libreadline6_6.3-8+b3 libselinux1_2.3-2 libsemanage-common_2.3-1 libsemanage1_2.3-1+b1 libsepol1_2.3-2 libsigsegv2_2.10-4+b1 libslang2_2.3.0-2 libsmartcols1_2.25.2-5 libsqlite3-0_3.8.7.4-1 libss2_1.42.12-1.1 libssl1.0.0_1.0.1k-3 libstdc++-4.9-dev_4.9.2-10 libstdc++6_4.9.2-10 libsystemd0_215-12 libtasn1-6_4.2-2 libtiff5_4.0.3-12.3 libtiff5-dev_4.0.3-12.3 libtiffxx5_4.0.3-12.3 libtimedate-perl_2.3000-2 libtinfo5_5.9+20140913-1+b1 libtool_2.4.2-1.11 libtsan0_4.9.2-10 libubsan0_4.9.2-10 libudev1_215-12 libunistring0_0.9.3-5.2+b1 libusb-0.1-4_2:0.1.12-25 libustr-1.0-1_1.0.4-3+b2 libuuid1_2.25.2-5 libxml2_2.9.2+dfsg1-3 linux-libc-dev_3.16.7-ckt7-1 login_1:4.2-3 lsb-base_4.1+Debian13+nmu1 m4_1.4.17-4 make_4.0-8.1 man-db_2.7.0.2-5 mawk_1.3.3-17 mime-support_3.58 mount_2.25.2-5 multiarch-support_2.19-17 ncurses-base_5.9+20140913-1 ncurses-bin_5.9+20140913-1+b1 nvi_1.81.6-11+b1 passwd_1:4.2-3 patch_2.7.5-1 perl_5.20.2-2 perl-base_5.20.2-2 perl-modules_5.20.2-2 po-debconf_1.0.16+nmu3 procps_2:3.3.9-9 pyppd_1.0.2-2 python3_3.4.2-2 python3-minimal_3.4.2-2 python3.4_3.4.2-4 python3.4-minimal_3.4.2-4 readline-common_6.3-8 sbuild-build-depends-core-dummy_0.invalid.0 sbuild-build-depends-dymo-cups-drivers-dummy_0.invalid.0 sed_4.2.2-4+b1 sensible-utils_0.0.9 startpar_0.59-3 sudo_1.8.12-1 systemd_215-12 systemd-sysv_215-12 sysv-rc_2.88dsf-58 sysvinit-utils_2.88dsf-58 tar_1.27.1-2+b1 tzdata_2015b-1 udev_215-12 util-linux_2.25.2-5 xz-utils_5.1.1alpha+20120614-2+b3 zlib1g_1:1.2.8.dfsg-2+b1 zlib1g-dev_1:1.2.8.dfsg-2+b1

┌──────────────────────────────────────────────────────────────────────────────┐
│ Build                                                                        │
└──────────────────────────────────────────────────────────────────────────────┘


Unpack source
─────────────

gpgv: keyblock resource `/sbuild-nonexistent/.gnupg/trustedkeys.gpg': file open error
gpgv: Signature made Tue Sep 16 16:40:02 2014 UTC using RSA key ID CA163455
gpgv: Can't check signature: public key not found
dpkg-source: warning: failed to verify signature on ./dymo-cups-drivers_1.4.0-5.dsc
dpkg-source: info: extracting dymo-cups-drivers in dymo-cups-drivers-1.4.0
dpkg-source: info: unpacking dymo-cups-drivers_1.4.0.orig.tar.gz
dpkg-source: info: unpacking dymo-cups-drivers_1.4.0-5.debian.tar.xz
dpkg-source: info: applying inheritate_CXXFLAGS.patch
dpkg-source: info: applying port_tests_to_newer_cups_headers.patch
dpkg-source: info: applying dont_fail_on_uninstalled_filter_ppdtest.patch

Check disc space
────────────────

Sufficient free space for build

User Environment
────────────────

DEB_BUILD_OPTIONS=parallel=10
HOME=/sbuild-nonexistent
LOGNAME=user
PATH=/usr/local/sbin:/usr/local/bin:/usr/sbin:/usr/bin:/sbin:/bin:/usr/games
SCHROOT_ALIAS_NAME=unstable-amd64-sbuild
SCHROOT_CHROOT_NAME=unstable-amd64-sbuild
SCHROOT_COMMAND=env
SCHROOT_GID=1001
SCHROOT_GROUP=user
SCHROOT_SESSION_ID=unstable-amd64-sbuild-10a3c63e-6844-4a72-84c6-7d6aa8afe111
SCHROOT_UID=1001
SCHROOT_USER=user
SHELL=/bin/sh
USER=user

dpkg-buildpackage
─────────────────

dpkg-buildpackage: source package dymo-cups-drivers
dpkg-buildpackage: source version 1.4.0-5
dpkg-buildpackage: source distribution unstable
dpkg-buildpackage: source changed by Didier Raboud <odyx@debian.org>
 dpkg-source --before-build dymo-cups-drivers-1.4.0
dpkg-buildpackage: host architecture amd64
 fakeroot debian/rules clean
dh clean --with autoreconf,pyppd --parallel
   dh_testdir -O--parallel
   dh_auto_clean -O--parallel
   dh_autoreconf_clean -O--parallel
   dh_clean -O--parallel
 debian/rules build-arch
dh build-arch --with autoreconf,pyppd --parallel
   dh_testdir -a -O--parallel
   dh_autoreconf -a -O--parallel
configure.ac:22: warning: AM_INIT_AUTOMAKE: two- and three-arguments forms are deprecated.  For more info, see:
configure.ac:22: http://www.gnu.org/software/automake/manual/automake.html#Modernize-AM_005fINIT_005fAUTOMAKE-invocation
configure.ac:95: installing './compile'
ppd/Makefile.am:53: warning: deprecated feature: target 'testppd' overrides 'testppd$(EXEEXT)'
ppd/Makefile.am:53: change your target to read 'testppd$(EXEEXT)'
/usr/share/automake-1.14/am/program.am: target 'testppd$(EXEEXT)' was defined here
ppd/Makefile.am:49:   while processing program 'testppd'
samples/custom_paper/Makefile.am:28: warning: 'INCLUDES' is the old name for 'AM_CPPFLAGS' (or '*_CPPFLAGS')
samples/custom_paper_tape/Makefile.am:28: warning: 'INCLUDES' is the old name for 'AM_CPPFLAGS' (or '*_CPPFLAGS')
samples/paper_bounds/Makefile.am:28: warning: 'INCLUDES' is the old name for 'AM_CPPFLAGS' (or '*_CPPFLAGS')
samples/test_label/Makefile.am:30: warning: 'INCLUDES' is the old name for 'AM_CPPFLAGS' (or '*_CPPFLAGS')
src/common/tests/Makefile.am:41: warning: 'INCLUDES' is the old name for 'AM_CPPFLAGS' (or '*_CPPFLAGS')
src/common/tests/Makefile.am:24: warning: source file '../Halftoning.cpp' is in a subdirectory,
src/common/tests/Makefile.am:24: but option 'subdir-objects' is disabled
automake: warning: possible forward-incompatibility.
automake: At least a source file is in a subdirectory, but the 'subdir-objects'
automake: automake option hasn't been enabled.  For now, the corresponding output
automake: object file(s) will be placed in the top-level directory.  However,
automake: this behaviour will change in future Automake versions: they will
automake: unconditionally cause object files to be placed in the same subdirectory
automake: of the corresponding sources.
automake: You are advised to start using 'subdir-objects' option throughout your
automake: project, to avoid future incompatibilities.
src/common/tests/Makefile.am:24: warning: source file '../ErrorDiffusionHalftoning.cpp' is in a subdirectory,
src/common/tests/Makefile.am:24: but option 'subdir-objects' is disabled
src/common/tests/Makefile.am:24: warning: source file '../NonLinearLaplacianHalftoning.cpp' is in a subdirectory,
src/common/tests/Makefile.am:24: but option 'subdir-objects' is disabled
parallel-tests: installing './test-driver'
src/lm/Makefile.am:22: warning: 'INCLUDES' is the old name for 'AM_CPPFLAGS' (or '*_CPPFLAGS')
src/lm/Makefile.am:26: warning: source file '../common/CupsPrintEnvironment.cpp' is in a subdirectory,
src/lm/Makefile.am:26: but option 'subdir-objects' is disabled
src/lm/Makefile.am:26: warning: source file '../common/Halftoning.cpp' is in a subdirectory,
src/lm/Makefile.am:26: but option 'subdir-objects' is disabled
src/lm/Makefile.am:26: warning: source file '../common/ErrorDiffusionHalftoning.cpp' is in a subdirectory,
src/lm/Makefile.am:26: but option 'subdir-objects' is disabled
src/lm/Makefile.am:26: warning: source file '../common/NonLinearLaplacianHalftoning.cpp' is in a subdirectory,
src/lm/Makefile.am:26: but option 'subdir-objects' is disabled
src/lm/Makefile.am:26: warning: source file '../common/DummyLanguageMonitor.cpp' is in a subdirectory,
src/lm/Makefile.am:26: but option 'subdir-objects' is disabled
src/lm/tests/Makefile.am:44: warning: 'INCLUDES' is the old name for 'AM_CPPFLAGS' (or '*_CPPFLAGS')
src/lm/tests/Makefile.am:24: warning: source file '../../common/tests/testsMain.cpp' is in a subdirectory,
src/lm/tests/Makefile.am:24: but option 'subdir-objects' is disabled
src/lm/tests/Makefile.am:24: warning: source file '../../common/tests/MOCK_PrintEnvironment.cpp' is in a subdirectory,
src/lm/tests/Makefile.am:24: but option 'subdir-objects' is disabled
src/lm/tests/Makefile.am:24: warning: source file '../../common/tests/TestCommon.cpp' is in a subdirectory,
src/lm/tests/Makefile.am:24: but option 'subdir-objects' is disabled
src/lm/tests/Makefile.am:24: warning: source file '../../common/DummyLanguageMonitor.cpp' is in a subdirectory,
src/lm/tests/Makefile.am:24: but option 'subdir-objects' is disabled
src/lm/tests/Makefile.am:24: warning: source file '../LabelManagerDriver.cpp' is in a subdirectory,
src/lm/tests/Makefile.am:24: but option 'subdir-objects' is disabled
src/lm/tests/Makefile.am:24: warning: source file '../CupsFilterLabelManager.cpp' is in a subdirectory,
src/lm/tests/Makefile.am:24: but option 'subdir-objects' is disabled
src/lm/tests/Makefile.am:24: warning: source file '../LabelManagerLanguageMonitor.cpp' is in a subdirectory,
src/lm/tests/Makefile.am:24: but option 'subdir-objects' is disabled
src/lw/Makefile.am:48: warning: 'INCLUDES' is the old name for 'AM_CPPFLAGS' (or '*_CPPFLAGS')
src/lw/Makefile.am:24: warning: source file '../common/CupsPrintEnvironment.cpp' is in a subdirectory,
src/lw/Makefile.am:24: but option 'subdir-objects' is disabled
src/lw/Makefile.am:24: warning: source file '../common/Halftoning.cpp' is in a subdirectory,
src/lw/Makefile.am:24: but option 'subdir-objects' is disabled
src/lw/Makefile.am:24: warning: source file '../common/ErrorDiffusionHalftoning.cpp' is in a subdirectory,
src/lw/Makefile.am:24: but option 'subdir-objects' is disabled
src/lw/Makefile.am:24: warning: source file '../common/NonLinearLaplacianHalftoning.cpp' is in a subdirectory,
src/lw/Makefile.am:24: but option 'subdir-objects' is disabled
src/lw/Makefile.am:24: warning: source file '../common/DummyLanguageMonitor.cpp' is in a subdirectory,
src/lw/Makefile.am:24: but option 'subdir-objects' is disabled
src/lw/tests/Makefile.am:49: warning: 'INCLUDES' is the old name for 'AM_CPPFLAGS' (or '*_CPPFLAGS')
src/lw/tests/Makefile.am:24: warning: source file '../../common/tests/testsMain.cpp' is in a subdirectory,
src/lw/tests/Makefile.am:24: but option 'subdir-objects' is disabled
src/lw/tests/Makefile.am:24: warning: source file '../../common/tests/MOCK_PrintEnvironment.cpp' is in a subdirectory,
src/lw/tests/Makefile.am:24: but option 'subdir-objects' is disabled
src/lw/tests/Makefile.am:24: warning: source file '../../common/tests/TestCommon.cpp' is in a subdirectory,
src/lw/tests/Makefile.am:24: but option 'subdir-objects' is disabled
src/lw/tests/Makefile.am:24: warning: source file '../../common/DummyLanguageMonitor.cpp' is in a subdirectory,
src/lw/tests/Makefile.am:24: but option 'subdir-objects' is disabled
src/lw/tests/Makefile.am:24: warning: source file '../LabelWriterLanguageMonitor.cpp' is in a subdirectory,
src/lw/tests/Makefile.am:24: but option 'subdir-objects' is disabled
src/lw/tests/Makefile.am:24: warning: source file '../LabelWriterDriver.cpp' is in a subdirectory,
src/lw/tests/Makefile.am:24: but option 'subdir-objects' is disabled
src/lw/tests/Makefile.am:24: warning: source file '../CupsFilterLabelWriter.cpp' is in a subdirectory,
src/lw/tests/Makefile.am:24: but option 'subdir-objects' is disabled
   dh_auto_configure -a -O--parallel
configure: WARNING: unrecognized options: --disable-maintainer-mode
checking for a BSD-compatible install... /usr/bin/install -c
checking whether build environment is sane... yes
checking for a thread-safe mkdir -p... /bin/mkdir -p
checking for gawk... no
checking for mawk... mawk
checking whether make sets $(MAKE)... yes
checking whether make supports nested variables... yes
checking for cups-config... /usr/bin/cups-config
checking for style of include used by make... GNU
checking for gcc... gcc
checking whether the C compiler works... yes
checking for C compiler default output file name... a.out
checking for suffix of executables... 
checking whether we are cross compiling... no
checking for suffix of object files... o
checking whether we are using the GNU C compiler... yes
checking whether gcc accepts -g... yes
checking for gcc option to accept ISO C89... none needed
checking whether gcc understands -c and -o together... yes
checking dependency style of gcc... none
checking for cupsMarkOptions in -lcups... yes
checking for cupsRasterReadHeader in -lcupsimage... yes
checking how to run the C preprocessor... gcc -E
checking for grep that handles long lines and -e... /bin/grep
checking for egrep... /bin/grep -E
checking for ANSI C header files... yes
checking for sys/types.h... yes
checking for sys/stat.h... yes
checking for stdlib.h... yes
checking for string.h... yes
checking for memory.h... yes
checking for strings.h... yes
checking for inttypes.h... yes
checking for stdint.h... yes
checking for unistd.h... yes
checking cups/cups.h usability... yes
checking cups/cups.h presence... yes
checking for cups/cups.h... yes
checking cups/raster.h usability... yes
checking cups/raster.h presence... yes
checking for cups/raster.h... yes
checking for g++... g++
checking whether we are using the GNU C++ compiler... yes
checking whether g++ accepts -g... yes
checking dependency style of g++... none
checking for gcc... (cached) gcc
checking whether we are using the GNU C compiler... (cached) yes
checking whether gcc accepts -g... (cached) yes
checking for gcc option to accept ISO C89... (cached) none needed
checking whether gcc understands -c and -o together... (cached) yes
checking dependency style of gcc... (cached) none
checking for ANSI C header files... (cached) yes
checking fcntl.h usability... yes
checking fcntl.h presence... yes
checking for fcntl.h... yes
checking for stdlib.h... (cached) yes
checking for string.h... (cached) yes
checking for unistd.h... (cached) yes
checking for stdbool.h that conforms to C99... yes
checking for _Bool... yes
checking for an ANSI C-conforming const... yes
checking for inline... inline
checking for size_t... yes
checking for memset... yes
checking for strcasecmp... yes
checking that generated files are newer than configure... done
configure: creating ./config.status
config.status: creating Makefile
config.status: creating src/Makefile
config.status: creating src/common/tests/Makefile
config.status: creating src/lm/Makefile
config.status: creating src/lm/tests/Makefile
config.status: creating src/lw/Makefile
config.status: creating src/lw/tests/Makefile
config.status: creating ppd/Makefile
config.status: creating docs/Makefile
config.status: creating samples/Makefile
config.status: creating samples/paper_list/Makefile
config.status: creating samples/paper_bounds/Makefile
config.status: creating samples/test_label/Makefile
config.status: creating samples/custom_paper/Makefile
config.status: creating samples/custom_paper_tape/Makefile
config.status: creating src/config.h
config.status: executing depfiles commands
configure: WARNING: unrecognized options: --disable-maintainer-mode
   dh_auto_build -a -O--parallel
make[1]: Entering directory '/«PKGBUILDDIR»'
Making all in src
make[2]: Entering directory '/«PKGBUILDDIR»/src'
make  all-recursive
make[3]: Entering directory '/«PKGBUILDDIR»/src'
Making all in lw
make[4]: Entering directory '/«PKGBUILDDIR»/src/lw'
Making all in tests
make[5]: Entering directory '/«PKGBUILDDIR»/src/lw/tests'
make[5]: Nothing to be done for 'all'.
make[5]: Leaving directory '/«PKGBUILDDIR»/src/lw/tests'
make[5]: Entering directory '/«PKGBUILDDIR»/src/lw'
g++ -DHAVE_CONFIG_H -I. -I../../src -I../common  -D_FORTIFY_SOURCE=2  -g -O2 -fstack-protector-strong -Wformat -Werror=format-security -O2 -Wall -Wno-unknown-pragmas   -c -o raster2dymolw.o raster2dymolw.cpp
g++ -DHAVE_CONFIG_H -I. -I../../src -I../common  -D_FORTIFY_SOURCE=2  -g -O2 -fstack-protector-strong -Wformat -Werror=format-security -O2 -Wall -Wno-unknown-pragmas   -c -o LabelWriterDriver.o LabelWriterDriver.cpp
g++ -DHAVE_CONFIG_H -I. -I../../src -I../common  -D_FORTIFY_SOURCE=2  -g -O2 -fstack-protector-strong -Wformat -Werror=format-security -O2 -Wall -Wno-unknown-pragmas   -c -o LabelWriterLanguageMonitor.o LabelWriterLanguageMonitor.cpp
g++ -DHAVE_CONFIG_H -I. -I../../src -I../common  -D_FORTIFY_SOURCE=2  -g -O2 -fstack-protector-strong -Wformat -Werror=format-security -O2 -Wall -Wno-unknown-pragmas   -c -o CupsFilterLabelWriter.o CupsFilterLabelWriter.cpp
g++ -DHAVE_CONFIG_H -I. -I../../src -I../common  -D_FORTIFY_SOURCE=2  -g -O2 -fstack-protector-strong -Wformat -Werror=format-security -O2 -Wall -Wno-unknown-pragmas   -c -o CupsPrintEnvironment.o `test -f '../common/CupsPrintEnvironment.cpp' || echo './'`../common/CupsPrintEnvironment.cpp
g++ -DHAVE_CONFIG_H -I. -I../../src -I../common  -D_FORTIFY_SOURCE=2  -g -O2 -fstack-protector-strong -Wformat -Werror=format-security -O2 -Wall -Wno-unknown-pragmas   -c -o Halftoning.o `test -f '../common/Halftoning.cpp' || echo './'`../common/Halftoning.cpp
g++ -DHAVE_CONFIG_H -I. -I../../src -I../common  -D_FORTIFY_SOURCE=2  -g -O2 -fstack-protector-strong -Wformat -Werror=format-security -O2 -Wall -Wno-unknown-pragmas   -c -o ErrorDiffusionHalftoning.o `test -f '../common/ErrorDiffusionHalftoning.cpp' || echo './'`../common/ErrorDiffusionHalftoning.cpp
g++ -DHAVE_CONFIG_H -I. -I../../src -I../common  -D_FORTIFY_SOURCE=2  -g -O2 -fstack-protector-strong -Wformat -Werror=format-security -O2 -Wall -Wno-unknown-pragmas   -c -o NonLinearLaplacianHalftoning.o `test -f '../common/NonLinearLaplacianHalftoning.cpp' || echo './'`../common/NonLinearLaplacianHalftoning.cpp
g++ -DHAVE_CONFIG_H -I. -I../../src -I../common  -D_FORTIFY_SOURCE=2  -g -O2 -fstack-protector-strong -Wformat -Werror=format-security -O2 -Wall -Wno-unknown-pragmas   -c -o DummyLanguageMonitor.o `test -f '../common/DummyLanguageMonitor.cpp' || echo './'`../common/DummyLanguageMonitor.cpp
In file included from ../common/DummyLanguageMonitor.cpp:22:
../common/DummyLanguageMonitor.h:46:22: warning: private field 'Environment_' is not used [-Wunused-private-field]
  IPrintEnvironment& Environment_;
                     ^
1 warning generated.
LabelWriterDriver.cpp:141:27: warning: comparison of unsigned expression >= 0 is always true [-Wtautological-compare]
  for (i = BufSize - 1; i >= 0; --i)
                        ~ ^  ~
In file included from LabelWriterLanguageMonitor.cpp:22:
./LabelWriterLanguageMonitor.h:103:43: warning: private field 'LastReadStatusResult_' is not used [-Wunused-private-field]
  bool                                    LastReadStatusResult_;
                                          ^
In file included from ../common/CupsPrintEnvironment.cpp:23:
../common/CupsPrintEnvironment.h:59:9: warning: private field 'PRNFile_' is not used [-Wunused-private-field]
  FILE* PRNFile_;
        ^
1 warning generated.
1 warning generated.
1 warning generated.
g++  -g -O2 -fstack-protector-strong -Wformat -Werror=format-security -O2 -Wall -Wno-unknown-pragmas    -Wl,-z,relro -o raster2dymolw raster2dymolw.o LabelWriterDriver.o LabelWriterLanguageMonitor.o CupsFilterLabelWriter.o CupsPrintEnvironment.o Halftoning.o ErrorDiffusionHalftoning.o NonLinearLaplacianHalftoning.o DummyLanguageMonitor.o  -lcupsimage -lcups 
make[5]: Leaving directory '/«PKGBUILDDIR»/src/lw'
make[4]: Leaving directory '/«PKGBUILDDIR»/src/lw'
Making all in lm
make[4]: Entering directory '/«PKGBUILDDIR»/src/lm'
Making all in tests
make[5]: Entering directory '/«PKGBUILDDIR»/src/lm/tests'
make[5]: Nothing to be done for 'all'.
make[5]: Leaving directory '/«PKGBUILDDIR»/src/lm/tests'
make[5]: Entering directory '/«PKGBUILDDIR»/src/lm'
g++ -DHAVE_CONFIG_H -I. -I../../src -I../common  -D_FORTIFY_SOURCE=2  -g -O2 -fstack-protector-strong -Wformat -Werror=format-security -O2 -Wall -Wno-unknown-pragmas   -c -o raster2dymolm.o raster2dymolm.cpp
g++ -DHAVE_CONFIG_H -I. -I../../src -I../common  -D_FORTIFY_SOURCE=2  -g -O2 -fstack-protector-strong -Wformat -Werror=format-security -O2 -Wall -Wno-unknown-pragmas   -c -o LabelManagerDriver.o LabelManagerDriver.cpp
g++ -DHAVE_CONFIG_H -I. -I../../src -I../common  -D_FORTIFY_SOURCE=2  -g -O2 -fstack-protector-strong -Wformat -Werror=format-security -O2 -Wall -Wno-unknown-pragmas   -c -o CupsFilterLabelManager.o CupsFilterLabelManager.cpp
g++ -DHAVE_CONFIG_H -I. -I../../src -I../common  -D_FORTIFY_SOURCE=2  -g -O2 -fstack-protector-strong -Wformat -Werror=format-security -O2 -Wall -Wno-unknown-pragmas   -c -o LabelManagerLanguageMonitor.o LabelManagerLanguageMonitor.cpp
g++ -DHAVE_CONFIG_H -I. -I../../src -I../common  -D_FORTIFY_SOURCE=2  -g -O2 -fstack-protector-strong -Wformat -Werror=format-security -O2 -Wall -Wno-unknown-pragmas   -c -o CupsPrintEnvironment.o `test -f '../common/CupsPrintEnvironment.cpp' || echo './'`../common/CupsPrintEnvironment.cpp
g++ -DHAVE_CONFIG_H -I. -I../../src -I../common  -D_FORTIFY_SOURCE=2  -g -O2 -fstack-protector-strong -Wformat -Werror=format-security -O2 -Wall -Wno-unknown-pragmas   -c -o Halftoning.o `test -f '../common/Halftoning.cpp' || echo './'`../common/Halftoning.cpp
g++ -DHAVE_CONFIG_H -I. -I../../src -I../common  -D_FORTIFY_SOURCE=2  -g -O2 -fstack-protector-strong -Wformat -Werror=format-security -O2 -Wall -Wno-unknown-pragmas   -c -o ErrorDiffusionHalftoning.o `test -f '../common/ErrorDiffusionHalftoning.cpp' || echo './'`../common/ErrorDiffusionHalftoning.cpp
g++ -DHAVE_CONFIG_H -I. -I../../src -I../common  -D_FORTIFY_SOURCE=2  -g -O2 -fstack-protector-strong -Wformat -Werror=format-security -O2 -Wall -Wno-unknown-pragmas   -c -o NonLinearLaplacianHalftoning.o `test -f '../common/NonLinearLaplacianHalftoning.cpp' || echo './'`../common/NonLinearLaplacianHalftoning.cpp
g++ -DHAVE_CONFIG_H -I. -I../../src -I../common  -D_FORTIFY_SOURCE=2  -g -O2 -fstack-protector-strong -Wformat -Werror=format-security -O2 -Wall -Wno-unknown-pragmas   -c -o DummyLanguageMonitor.o `test -f '../common/DummyLanguageMonitor.cpp' || echo './'`../common/DummyLanguageMonitor.cpp
In file included from ../common/DummyLanguageMonitor.cpp:22:
../common/DummyLanguageMonitor.h:46:22: warning: private field 'Environment_' is not used [-Wunused-private-field]
  IPrintEnvironment& Environment_;
                     ^
1 warning generated.
LabelManagerDriver.cpp:172:27: warning: comparison of unsigned expression >= 0 is always true [-Wtautological-compare]
  for (i = BufSize - 1; i >= 0; --i)
                        ~ ^  ~
In file included from ../common/CupsPrintEnvironment.cpp:23:
../common/CupsPrintEnvironment.h:59:9: warning: private field 'PRNFile_' is not used [-Wunused-private-field]
  FILE* PRNFile_;
        ^
In file included from LabelManagerLanguageMonitor.cpp:22:
./LabelManagerLanguageMonitor.h:88:49: warning: private field 'UseSleep_' is not used [-Wunused-private-field]
        bool                                    UseSleep_; // for test purpose only
                                                ^
./LabelManagerLanguageMonitor.h:89:49: warning: private field 'LastReadStatusResult_' is not used [-Wunused-private-field]
        bool                                    LastReadStatusResult_;
                                                ^
In file included from LabelManagerDriver.cpp:21:
./LabelManagerDriver.h:175:19: warning: private field 'HLockFile_' is not used [-Wunused-private-field]
  FILE*           HLockFile_;
                  ^
1 warning generated.
2 warnings generated.
2 warnings generated.
g++  -g -O2 -fstack-protector-strong -Wformat -Werror=format-security -O2 -Wall -Wno-unknown-pragmas    -Wl,-z,relro -o raster2dymolm raster2dymolm.o LabelManagerDriver.o CupsFilterLabelManager.o LabelManagerLanguageMonitor.o CupsPrintEnvironment.o Halftoning.o ErrorDiffusionHalftoning.o NonLinearLaplacianHalftoning.o DummyLanguageMonitor.o  -lcupsimage -lcups 
make[5]: Leaving directory '/«PKGBUILDDIR»/src/lm'
make[4]: Leaving directory '/«PKGBUILDDIR»/src/lm'
Making all in common/tests
make[4]: Entering directory '/«PKGBUILDDIR»/src/common/tests'
make[4]: Nothing to be done for 'all'.
make[4]: Leaving directory '/«PKGBUILDDIR»/src/common/tests'
make[4]: Entering directory '/«PKGBUILDDIR»/src'
make[4]: Leaving directory '/«PKGBUILDDIR»/src'
make[3]: Leaving directory '/«PKGBUILDDIR»/src'
make[2]: Leaving directory '/«PKGBUILDDIR»/src'
Making all in ppd
make[2]: Entering directory '/«PKGBUILDDIR»/ppd'
make[2]: Nothing to be done for 'all'.
make[2]: Leaving directory '/«PKGBUILDDIR»/ppd'
Making all in docs
make[2]: Entering directory '/«PKGBUILDDIR»/docs'
make[2]: Nothing to be done for 'all'.
make[2]: Leaving directory '/«PKGBUILDDIR»/docs'
Making all in samples
make[2]: Entering directory '/«PKGBUILDDIR»/samples'
Making all in paper_bounds
make[3]: Entering directory '/«PKGBUILDDIR»/samples/paper_bounds'
make[3]: Nothing to be done for 'all'.
make[3]: Leaving directory '/«PKGBUILDDIR»/samples/paper_bounds'
Making all in paper_list
make[3]: Entering directory '/«PKGBUILDDIR»/samples/paper_list'
make[3]: Nothing to be done for 'all'.
make[3]: Leaving directory '/«PKGBUILDDIR»/samples/paper_list'
Making all in test_label
make[3]: Entering directory '/«PKGBUILDDIR»/samples/test_label'
make[3]: Nothing to be done for 'all'.
make[3]: Leaving directory '/«PKGBUILDDIR»/samples/test_label'
Making all in custom_paper
make[3]: Entering directory '/«PKGBUILDDIR»/samples/custom_paper'
make[3]: Nothing to be done for 'all'.
make[3]: Leaving directory '/«PKGBUILDDIR»/samples/custom_paper'
Making all in custom_paper_tape
make[3]: Entering directory '/«PKGBUILDDIR»/samples/custom_paper_tape'
make[3]: Nothing to be done for 'all'.
make[3]: Leaving directory '/«PKGBUILDDIR»/samples/custom_paper_tape'
make[3]: Entering directory '/«PKGBUILDDIR»/samples'
make[3]: Nothing to be done for 'all-am'.
make[3]: Leaving directory '/«PKGBUILDDIR»/samples'
make[2]: Leaving directory '/«PKGBUILDDIR»/samples'
make[2]: Entering directory '/«PKGBUILDDIR»'
make[2]: Nothing to be done for 'all-am'.
make[2]: Leaving directory '/«PKGBUILDDIR»'
make[1]: Leaving directory '/«PKGBUILDDIR»'
   dh_auto_test -a -O--parallel
make[1]: Entering directory '/«PKGBUILDDIR»'
Making check in src
make[2]: Entering directory '/«PKGBUILDDIR»/src'
Making check in lw
make[3]: Entering directory '/«PKGBUILDDIR»/src/lw'
Making check in tests
make[4]: Entering directory '/«PKGBUILDDIR»/src/lw/tests'
make  tests
make[5]: Entering directory '/«PKGBUILDDIR»/src/lw/tests'
g++ -DHAVE_CONFIG_H -I. -I../../../src -I../../common -I../../common/tests  -D_FORTIFY_SOURCE=2  -g -O2 -fstack-protector-strong -Wformat -Werror=format-security -O2 -Wall -Wno-unknown-pragmas   -c -o testsMain.o `test -f '../../common/tests/testsMain.cpp' || echo './'`../../common/tests/testsMain.cpp
g++ -DHAVE_CONFIG_H -I. -I../../../src -I../../common -I../../common/tests  -D_FORTIFY_SOURCE=2  -g -O2 -fstack-protector-strong -Wformat -Werror=format-security -O2 -Wall -Wno-unknown-pragmas   -c -o MOCK_PrintEnvironment.o `test -f '../../common/tests/MOCK_PrintEnvironment.cpp' || echo './'`../../common/tests/MOCK_PrintEnvironment.cpp
g++ -DHAVE_CONFIG_H -I. -I../../../src -I../../common -I../../common/tests  -D_FORTIFY_SOURCE=2  -g -O2 -fstack-protector-strong -Wformat -Werror=format-security -O2 -Wall -Wno-unknown-pragmas   -c -o TestCommon.o `test -f '../../common/tests/TestCommon.cpp' || echo './'`../../common/tests/TestCommon.cpp
g++ -DHAVE_CONFIG_H -I. -I../../../src -I../../common -I../../common/tests  -D_FORTIFY_SOURCE=2  -g -O2 -fstack-protector-strong -Wformat -Werror=format-security -O2 -Wall -Wno-unknown-pragmas   -c -o DummyLanguageMonitor.o `test -f '../../common/DummyLanguageMonitor.cpp' || echo './'`../../common/DummyLanguageMonitor.cpp
g++ -DHAVE_CONFIG_H -I. -I../../../src -I../../common -I../../common/tests  -D_FORTIFY_SOURCE=2  -g -O2 -fstack-protector-strong -Wformat -Werror=format-security -O2 -Wall -Wno-unknown-pragmas   -c -o LabelWriterLanguageMonitor.o `test -f '../LabelWriterLanguageMonitor.cpp' || echo './'`../LabelWriterLanguageMonitor.cpp
g++ -DHAVE_CONFIG_H -I. -I../../../src -I../../common -I../../common/tests  -D_FORTIFY_SOURCE=2  -g -O2 -fstack-protector-strong -Wformat -Werror=format-security -O2 -Wall -Wno-unknown-pragmas   -c -o LabelWriterDriver.o `test -f '../LabelWriterDriver.cpp' || echo './'`../LabelWriterDriver.cpp
g++ -DHAVE_CONFIG_H -I. -I../../../src -I../../common -I../../common/tests  -D_FORTIFY_SOURCE=2  -g -O2 -fstack-protector-strong -Wformat -Werror=format-security -O2 -Wall -Wno-unknown-pragmas   -c -o CupsFilterLabelWriter.o `test -f '../CupsFilterLabelWriter.cpp' || echo './'`../CupsFilterLabelWriter.cpp
g++ -DHAVE_CONFIG_H -I. -I../../../src -I../../common -I../../common/tests  -D_FORTIFY_SOURCE=2  -g -O2 -fstack-protector-strong -Wformat -Werror=format-security -O2 -Wall -Wno-unknown-pragmas   -c -o TestLabelWriterDriver.o TestLabelWriterDriver.cpp
g++ -DHAVE_CONFIG_H -I. -I../../../src -I../../common -I../../common/tests  -D_FORTIFY_SOURCE=2  -g -O2 -fstack-protector-strong -Wformat -Werror=format-security -O2 -Wall -Wno-unknown-pragmas   -c -o TestLabelWriterFilter.o TestLabelWriterFilter.cpp
g++ -DHAVE_CONFIG_H -I. -I../../../src -I../../common -I../../common/tests  -D_FORTIFY_SOURCE=2  -g -O2 -fstack-protector-strong -Wformat -Werror=format-security -O2 -Wall -Wno-unknown-pragmas   -c -o TestLabelWriterLanguageMonitor.o TestLabelWriterLanguageMonitor.cpp
In file included from ../../common/DummyLanguageMonitor.cpp:22:
../../common/DummyLanguageMonitor.h:46:22: warning: private field 'Environment_' is not used [-Wunused-private-field]
  IPrintEnvironment& Environment_;
                     ^
1 warning generated.
g++ -DHAVE_CONFIG_H -I. -I../../../src -I../../common -I../../common/tests  -D_FORTIFY_SOURCE=2  -g -O2 -fstack-protector-strong -Wformat -Werror=format-security -O2 -Wall -Wno-unknown-pragmas   -c -o MOCK_LWLMPrintEnvironment.o MOCK_LWLMPrintEnvironment.cpp
../LabelWriterDriver.cpp:141:27: warning: comparison of unsigned expression >= 0 is always true [-Wtautological-compare]
  for (i = BufSize - 1; i >= 0; --i)
                        ~ ^  ~
In file included from ../LabelWriterLanguageMonitor.cpp:22:
../LabelWriterLanguageMonitor.h:103:43: warning: private field 'LastReadStatusResult_' is not used [-Wunused-private-field]
  bool                                    LastReadStatusResult_;
                                          ^
MOCK_LWLMPrintEnvironment.cpp:28:19: warning: unused variable 'PAPER_FEED_BIT' [-Wunused-const-variable]
static const byte PAPER_FEED_BIT    = 0x40;
                  ^
1 warning generated.
1 warning generated.
In file included from TestLabelWriterDriver.cpp:21:
In file included from ./TestLabelWriterDriver.h:24:
In file included from /usr/include/cppunit/extensions/HelperMacros.h:9:
In file included from /usr/include/cppunit/TestCaller.h:5:
In file included from /usr/include/cppunit/TestCase.h:6:
/usr/include/cppunit/TestAssert.h:61:13: error: call to function 'operator<<' that is neither visible in the template definition nor found by argument-dependent lookup
        ost << x;
            ^
/usr/include/cppunit/TestAssert.h:116:50: note: in instantiation of member function 'CppUnit::assertion_traits<std::vector<unsigned char, std::allocator<unsigned char> > >::toString' requested here
    Asserter::failNotEqual( assertion_traits<T>::toString(expected),
                                                 ^
TestLabelWriterDriver.cpp:69:3: note: in instantiation of function template specialization 'CppUnit::assertEquals<std::vector<unsigned char, std::allocator<unsigned char> > >' requested here
  CPPUNIT_ASSERT_EQUAL(
  ^
/usr/include/cppunit/TestAssert.h:205:17: note: expanded from macro 'CPPUNIT_ASSERT_EQUAL'
  ( CPPUNIT_NS::assertEquals( (expected),              \
                ^
../../common/tests/TestCommon.h:32:1: note: 'operator<<' should be declared prior to the call site
operator<<(ostream& s, const buffer_t& b);
^
1In file included from  error generated.
make[5]: *** [TestLabelWriterDriver.o] Error 1
make[5]: *** Waiting for unfinished jobs....
Makefile:583: recipe for target 'TestLabelWriterDriver.o' failed
TestLabelWriterLanguageMonitor.cpp:21:
In file included from ./TestLabelWriterLanguageMonitor.h:24:
In file included from /usr/include/cppunit/extensions/HelperMacros.h:9:
In file included from /usr/include/cppunit/TestCaller.h:5:
In file included from /usr/include/cppunit/TestCase.h:6:
/usr/include/cppunit/TestAssert.h:61:13: error: call to function 'operator<<' that is neither visible in the template definition nor found by argument-dependent lookup
        ost << x;
            ^
/usr/include/cppunit/TestAssert.h:116:50: note: in instantiation of member function 'CppUnit::assertion_traits<std::vector<unsigned char, std::allocator<unsigned char> > >::toString' requested here
    Asserter::failNotEqual( assertion_traits<T>::toString(expected),
                                                 ^
TestLabelWriterLanguageMonitor.cpp:73:3: note: in instantiation of function template specialization 'CppUnit::assertEquals<std::vector<unsigned char, std::allocator<unsigned char> > >' requested here
  CPPUNIT_ASSERT_EQUAL(
  ^
/usr/include/cppunit/TestAssert.h:205:17: note: expanded from macro 'CPPUNIT_ASSERT_EQUAL'
  ( CPPUNIT_NS::assertEquals( (expected),              \
                ^
../../common/tests/TestCommon.h:32:1: note: 'operator<<' should be declared prior to the call site
operator<<(ostream& s, const buffer_t& b);
^
1 error generated.
make[5]: *** [TestLabelWriterLanguageMonitor.o] Error 1
Makefile:583: recipe for target 'TestLabelWriterLanguageMonitor.o' failed
1 warning generated.
make[5]: Leaving directory '/«PKGBUILDDIR»/src/lw/tests'
make[4]: *** [check-am] Error 2
Makefile:936: recipe for target 'check-am' failed
make[4]: Leaving directory '/«PKGBUILDDIR»/src/lw/tests'
make[3]: *** [check-recursive] Error 1
Makefile:545: recipe for target 'check-recursive' failed
make[3]: Leaving directory '/«PKGBUILDDIR»/src/lw'
make[2]: *** [check-recursive] Error 1
Makefile:344: recipe for target 'check-recursive' failed
make[2]: Leaving directory '/«PKGBUILDDIR»/src'
make[1]: *** [check-recursive] Error 1
Makefile:353: recipe for target 'check-recursive' failed
make[1]: Leaving directory '/«PKGBUILDDIR»'
dh_auto_test: make -j10 check returned exit code 2
make: *** [build-arch] Error 2
debian/rules:4: recipe for target 'build-arch' failed
dpkg-buildpackage: error: debian/rules build-arch gave error exit status 2
────────────────────────────────────────────────────────────────────────────────
Build finished at 20150326-0809

Finished
────────

E: Build failure (dpkg-buildpackage died)

┌──────────────────────────────────────────────────────────────────────────────┐
│ Cleanup                                                                      │
└──────────────────────────────────────────────────────────────────────────────┘

Purging /«BUILDDIR»
Not cleaning session: cloned chroot in use

┌──────────────────────────────────────────────────────────────────────────────┐
│ Summary                                                                      │
└──────────────────────────────────────────────────────────────────────────────┘

Build Architecture: amd64
Build-Space: 8892
Build-Time: 26
Distribution: unstable
Fail-Stage: build
Host Architecture: amd64
Install-Time: 21
Job: dymo-cups-drivers_1.4.0-5
Machine Architecture: amd64
Package: dymo-cups-drivers
Package-Time: 75
Source-Version: 1.4.0-5
Space: 8892
Status: attempted
Version: 1.4.0-5
────────────────────────────────────────────────────────────────────────────────
Finished at 20150326-0809
Build needed 00:01:15, 8892k disc space
DC-Status: Failed 76.585975928s
DC-Time-Estimation: 76.585975928 versus expected 312 (r/m: 3.073852898255386 ; m: 76.585975928)
