DC-Build-Header: einspline 0.9.2-2 / 2015-03-26 05:14:46 +0000
DC-Task: source:einspline version:0.9.2-2 architecture:any chroot:unstable esttime:788 logfile:/tmp/einspline_0.9.2-2_unstable_clang.log modes:binary-only:parallel:clang
DC-Sbuild-call: su user -c 'sbuild -n --apt-update -d unstable -v  --chroot-setup-commands=/tmp/clang einspline_0.9.2-2'
sbuild (Debian sbuild) 0.63.2 (18 Aug 2012) on ip-172-31-4-109.us-west-2.compute.internal

╔══════════════════════════════════════════════════════════════════════════════╗
║ einspline 0.9.2-2 (amd64)                                  26 Mar 2015 05:14 ║
╚══════════════════════════════════════════════════════════════════════════════╝

Package: einspline
Version: 0.9.2-2
Source Version: 0.9.2-2
Distribution: unstable
Machine Architecture: amd64
Host Architecture: amd64
Build Architecture: amd64

I: NOTICE: Log filtering will replace 'build/einspline-2PP7Q3/einspline-0.9.2' with '«PKGBUILDDIR»'
I: NOTICE: Log filtering will replace 'build/einspline-2PP7Q3' with '«BUILDDIR»'
I: NOTICE: Log filtering will replace 'var/lib/schroot/mount/unstable-amd64-sbuild-fd7db5a3-af2e-4763-bb33-4bfae68f50bd' with '«CHROOT»'

┌──────────────────────────────────────────────────────────────────────────────┐
│ Update chroot                                                                │
└──────────────────────────────────────────────────────────────────────────────┘

Get:1 http://localhost:9999 unstable InRelease [257 kB]
Get:2 http://localhost:9999 unstable/main Sources/DiffIndex [7876 B]
Get:3 http://localhost:9999 unstable/main amd64 Packages/DiffIndex [7876 B]
Get:4 http://localhost:9999 unstable/main Translation-en/DiffIndex [7876 B]
Get:5 http://localhost:9999 unstable/main 2015-03-25-1448.37.pdiff [3021 B]
Get:6 http://localhost:9999 unstable/main 2015-03-25-2049.47.pdiff [5545 B]
Get:7 http://localhost:9999 unstable/main 2015-03-26-0248.39.pdiff [3389 B]
Get:8 http://localhost:9999 unstable/main 2015-03-26-0248.39.pdiff [3389 B]
Get:9 http://localhost:9999 unstable/main amd64 2015-03-25-1448.37.pdiff [4095 B]
Get:10 http://localhost:9999 unstable/main amd64 2015-03-25-2049.47.pdiff [4595 B]
Get:11 http://localhost:9999 unstable/main amd64 2015-03-26-0248.39.pdiff [3173 B]
Get:12 http://localhost:9999 unstable/main 2015-03-25-2049.47.pdiff [2032 B]
Get:13 http://localhost:9999 unstable/main amd64 2015-03-26-0248.39.pdiff [3173 B]
Get:14 http://localhost:9999 unstable/main 2015-03-25-2049.47.pdiff [2032 B]
Fetched 306 kB in 4s (63.5 kB/s)
Reading package lists...
Reading package lists...
Building dependency tree...
Reading state information...
0 upgraded, 0 newly installed, 0 to remove and 0 not upgraded.

┌──────────────────────────────────────────────────────────────────────────────┐
│ Fetch source files                                                           │
└──────────────────────────────────────────────────────────────────────────────┘


Check APT
─────────

Checking available source versions...

Download source files with APT
──────────────────────────────

Reading package lists...
Building dependency tree...
Reading state information...
NOTICE: 'einspline' packaging is maintained in the 'Git' version control system at:
git://anonscm.debian.org/debian-science/packages/einspline.git
Need to get 831 kB of source archives.
Get:1 http://localhost:9999/debian/ unstable/main einspline 0.9.2-2 (dsc) [2142 B]
Get:2 http://localhost:9999/debian/ unstable/main einspline 0.9.2-2 (tar) [821 kB]
Get:3 http://localhost:9999/debian/ unstable/main einspline 0.9.2-2 (diff) [8272 B]
Fetched 831 kB in 3s (236 kB/s)
Download complete and in download only mode

Check arch
──────────


┌──────────────────────────────────────────────────────────────────────────────┐
│ Chroot Setup Commands                                                        │
└──────────────────────────────────────────────────────────────────────────────┘


/tmp/clang
──────────

+ echo 'Entering customization script...'
Entering customization script...
+ CLANG_VERSION=3.6
+ echo 'Install of clang-3.6'
Install of clang-3.6
+ apt-get update
Hit http://localhost:9999 unstable InRelease
Get:1 http://localhost:9999 unstable/main Sources/DiffIndex [7876 B]
Get:2 http://localhost:9999 unstable/main amd64 Packages/DiffIndex [7876 B]
Get:3 http://localhost:9999 unstable/main Translation-en/DiffIndex [7876 B]
Fetched 23.6 kB in 1s (12.6 kB/s)
Reading package lists...
+ apt-get install --yes --no-install-recommends --force-yes clang-3.6
Reading package lists...
Building dependency tree...
Reading state information...
The following extra packages will be installed:
  libbsd0 libclang-common-3.6-dev libclang1-3.6 libedit2 libffi6 libllvm3.6
  libobjc-4.9-dev libobjc4
Suggested packages:
  gnustep gnustep-devel clang-3.6-doc
Recommended packages:
  llvm-3.6-dev python
The following NEW packages will be installed:
  clang-3.6 libbsd0 libclang-common-3.6-dev libclang1-3.6 libedit2 libffi6
  libllvm3.6 libobjc-4.9-dev libobjc4
0 upgraded, 9 newly installed, 0 to remove and 0 not upgraded.
Need to get 39.2 MB of archives.
After this operation, 153 MB of additional disk space will be used.
Get:1 http://localhost:9999/debian/ unstable/main libbsd0 amd64 0.7.0-2 [67.9 kB]
Get:2 http://localhost:9999/debian/ unstable/main libedit2 amd64 3.1-20140620-2 [85.1 kB]
Get:3 http://localhost:9999/debian/ unstable/main libffi6 amd64 3.1-2+b2 [20.1 kB]
Get:4 http://localhost:9999/debian/ unstable/main libllvm3.6 amd64 1:3.6-2 [8137 kB]
Get:5 http://localhost:9999/debian/ unstable/main libobjc4 amd64 4.9.2-10 [112 kB]
Get:6 http://localhost:9999/debian/ unstable/main libobjc-4.9-dev amd64 4.9.2-10 [372 kB]
Get:7 http://localhost:9999/debian/ unstable/main libclang1-3.6 amd64 1:3.6-2 [3839 kB]
Get:8 http://localhost:9999/debian/ unstable/main libclang-common-3.6-dev amd64 1:3.6-2 [706 kB]
Get:9 http://localhost:9999/debian/ unstable/main clang-3.6 amd64 1:3.6-2 [25.8 MB]
debconf: unable to initialize frontend: Dialog
debconf: (Dialog frontend will not work on a dumb terminal, an emacs shell buffer, or without a controlling terminal.)
debconf: falling back to frontend: Readline
debconf: unable to initialize frontend: Readline
debconf: (This frontend requires a controlling tty.)
debconf: falling back to frontend: Teletype
dpkg-preconfigure: unable to re-open stdin: 
Fetched 39.2 MB in 1s (37.7 MB/s)
Selecting previously unselected package libbsd0:amd64.
(Reading database ... (Reading database ... 5%(Reading database ... 10%(Reading database ... 15%(Reading database ... 20%(Reading database ... 25%(Reading database ... 30%(Reading database ... 35%(Reading database ... 40%(Reading database ... 45%(Reading database ... 50%(Reading database ... 55%(Reading database ... 60%(Reading database ... 65%(Reading database ... 70%(Reading database ... 75%(Reading database ... 80%(Reading database ... 85%(Reading database ... 90%(Reading database ... 95%(Reading database ... 100%(Reading database ... 11980 files and directories currently installed.)
Preparing to unpack .../libbsd0_0.7.0-2_amd64.deb ...
Unpacking libbsd0:amd64 (0.7.0-2) ...
Selecting previously unselected package libedit2:amd64.
Preparing to unpack .../libedit2_3.1-20140620-2_amd64.deb ...
Unpacking libedit2:amd64 (3.1-20140620-2) ...
Selecting previously unselected package libffi6:amd64.
Preparing to unpack .../libffi6_3.1-2+b2_amd64.deb ...
Unpacking libffi6:amd64 (3.1-2+b2) ...
Selecting previously unselected package libllvm3.6:amd64.
Preparing to unpack .../libllvm3.6_1%3a3.6-2_amd64.deb ...
Unpacking libllvm3.6:amd64 (1:3.6-2) ...
Selecting previously unselected package libobjc4:amd64.
Preparing to unpack .../libobjc4_4.9.2-10_amd64.deb ...
Unpacking libobjc4:amd64 (4.9.2-10) ...
Selecting previously unselected package libobjc-4.9-dev:amd64.
Preparing to unpack .../libobjc-4.9-dev_4.9.2-10_amd64.deb ...
Unpacking libobjc-4.9-dev:amd64 (4.9.2-10) ...
Selecting previously unselected package libclang1-3.6:amd64.
Preparing to unpack .../libclang1-3.6_1%3a3.6-2_amd64.deb ...
Unpacking libclang1-3.6:amd64 (1:3.6-2) ...
Selecting previously unselected package libclang-common-3.6-dev.
Preparing to unpack .../libclang-common-3.6-dev_1%3a3.6-2_amd64.deb ...
Unpacking libclang-common-3.6-dev (1:3.6-2) ...
Selecting previously unselected package clang-3.6.
Preparing to unpack .../clang-3.6_1%3a3.6-2_amd64.deb ...
Unpacking clang-3.6 (1:3.6-2) ...
Setting up libbsd0:amd64 (0.7.0-2) ...
Setting up libedit2:amd64 (3.1-20140620-2) ...
Setting up libffi6:amd64 (3.1-2+b2) ...
Setting up libllvm3.6:amd64 (1:3.6-2) ...
Setting up libobjc4:amd64 (4.9.2-10) ...
Setting up libobjc-4.9-dev:amd64 (4.9.2-10) ...
Setting up libclang1-3.6:amd64 (1:3.6-2) ...
Setting up libclang-common-3.6-dev (1:3.6-2) ...
Setting up clang-3.6 (1:3.6-2) ...
Processing triggers for libc-bin (2.19-17) ...
+ echo 'Replace gcc, g++ & cpp by clang'
Replace gcc, g++ & cpp by clang
+ VERSIONS='4.6 4.7 4.8 4.9 5'
+ cd /usr/bin
+ for VERSION in '$VERSIONS'
+ rm -f g++-4.6 gcc-4.6 cpp-4.6 gcc
+ ln -s clang++-3.6 g++-4.6
+ ln -s clang-3.6 gcc-4.6
+ ln -s clang-3.6 cpp-4.6
+ ln -s clang-3.6 gcc
+ echo 'gcc-4.6 hold'
+ dpkg --set-selections
+ echo 'g++-4.6 hold'
+ dpkg --set-selections
+ for VERSION in '$VERSIONS'
+ rm -f g++-4.7 gcc-4.7 cpp-4.7 gcc
+ ln -s clang++-3.6 g++-4.7
+ ln -s clang-3.6 gcc-4.7
+ ln -s clang-3.6 cpp-4.7
+ ln -s clang-3.6 gcc
+ echo 'gcc-4.7 hold'
+ dpkg --set-selections
+ echo 'g++-4.7 hold'
+ dpkg --set-selections
+ for VERSION in '$VERSIONS'
+ rm -f g++-4.8 gcc-4.8 cpp-4.8 gcc
+ ln -s clang++-3.6 g++-4.8
+ ln -s clang-3.6 gcc-4.8
+ ln -s clang-3.6 cpp-4.8
+ ln -s clang-3.6 gcc
+ echo 'gcc-4.8 hold'
+ dpkg --set-selections
dpkg: warning: package not in database at line 1: gcc-4.8
dpkg: warning: found unknown packages; this might mean the available database
is outdated, and needs to be updated through a frontend method
+ echo 'g++-4.8 hold'
+ dpkg --set-selections
dpkg: warning: package not in database at line 1: g++-4.8
dpkg: warning: found unknown packages; this might mean the available database
is outdated, and needs to be updated through a frontend method
+ for VERSION in '$VERSIONS'
+ rm -f g++-4.9 gcc-4.9 cpp-4.9 gcc
+ ln -s clang++-3.6 g++-4.9
+ ln -s clang-3.6 gcc-4.9
+ ln -s clang-3.6 cpp-4.9
+ ln -s clang-3.6 gcc
+ echo 'gcc-4.9 hold'
+ dpkg --set-selections
+ echo 'g++-4.9 hold'
+ dpkg --set-selections
+ for VERSION in '$VERSIONS'
+ rm -f g++-5 gcc-5 cpp-5 gcc
+ ln -s clang++-3.6 g++-5
+ ln -s clang-3.6 gcc-5
+ ln -s clang-3.6 cpp-5
+ ln -s clang-3.6 gcc
+ echo 'gcc-5 hold'
+ dpkg --set-selections
dpkg: warning: package not in database at line 1: gcc-5
dpkg: warning: found unknown packages; this might mean the available database
is outdated, and needs to be updated through a frontend method
+ echo 'g++-5 hold'
+ dpkg --set-selections
dpkg: warning: package not in database at line 1: g++-5
dpkg: warning: found unknown packages; this might mean the available database
is outdated, and needs to be updated through a frontend method
+ cd -
/«BUILDDIR»
+ echo 'Check if gcc, g++ & cpp are actually clang'
Check if gcc, g++ & cpp are actually clang
+ gcc --version
+ grep clang
+ cpp --version
+ grep clang
+ g++ --version
+ grep clang

I: Finished running '/tmp/clang'.

Finished processing commands.
────────────────────────────────────────────────────────────────────────────────
Merged Build-Depends: build-essential, fakeroot
Filtered Build-Depends: build-essential, fakeroot
dpkg-deb: building package `sbuild-build-depends-core-dummy' in `/«BUILDDIR»/resolver-YyLRld/apt_archive/sbuild-build-depends-core-dummy.deb'.
OK
Reading package lists...

┌──────────────────────────────────────────────────────────────────────────────┐
│ Install core build dependencies (apt-based resolver)                         │
└──────────────────────────────────────────────────────────────────────────────┘

Installing build dependencies
Reading package lists...
Building dependency tree...
Reading state information...
The following NEW packages will be installed:
  sbuild-build-depends-core-dummy
0 upgraded, 1 newly installed, 0 to remove and 0 not upgraded.
Need to get 0 B/816 B of archives.
After this operation, 0 B of additional disk space will be used.
Selecting previously unselected package sbuild-build-depends-core-dummy.
(Reading database ... (Reading database ... 5%(Reading database ... 10%(Reading database ... 15%(Reading database ... 20%(Reading database ... 25%(Reading database ... 30%(Reading database ... 35%(Reading database ... 40%(Reading database ... 45%(Reading database ... 50%(Reading database ... 55%(Reading database ... 60%(Reading database ... 65%(Reading database ... 70%(Reading database ... 75%(Reading database ... 80%(Reading database ... 85%(Reading database ... 90%(Reading database ... 95%(Reading database ... 100%(Reading database ... 12200 files and directories currently installed.)
Preparing to unpack .../sbuild-build-depends-core-dummy.deb ...
Unpacking sbuild-build-depends-core-dummy (0.invalid.0) ...
Setting up sbuild-build-depends-core-dummy (0.invalid.0) ...
Merged Build-Depends: base-files, base-passwd, bash, bsdutils, coreutils, dash, debianutils, diffutils, dpkg, e2fsprogs, findutils, grep, gzip, hostname, init, libc-bin, login, mount, ncurses-base, ncurses-bin, perl-base, sed, sysvinit-utils, tar, util-linux, libc6-dev | libc-dev, gcc (>= 4:4.9.1), g++ (>= 4:4.9.1), make, dpkg-dev (>= 1.17.11), debhelper (>= 9), dh-exec, dh-autoreconf, gfortran, libfftw3-dev, pkg-config
Filtered Build-Depends: base-files, base-passwd, bash, bsdutils, coreutils, dash, debianutils, diffutils, dpkg, e2fsprogs, findutils, grep, gzip, hostname, init, libc-bin, login, mount, ncurses-base, ncurses-bin, perl-base, sed, sysvinit-utils, tar, util-linux, libc6-dev, gcc (>= 4:4.9.1), g++ (>= 4:4.9.1), make, dpkg-dev (>= 1.17.11), debhelper (>= 9), dh-exec, dh-autoreconf, gfortran, libfftw3-dev, pkg-config
dpkg-deb: building package `sbuild-build-depends-einspline-dummy' in `/«BUILDDIR»/resolver-_kopkb/apt_archive/sbuild-build-depends-einspline-dummy.deb'.
OK
Reading package lists...

┌──────────────────────────────────────────────────────────────────────────────┐
│ Install einspline build dependencies (apt-based resolver)                    │
└──────────────────────────────────────────────────────────────────────────────┘

Installing build dependencies
Reading package lists...
Building dependency tree...
Reading state information...
The following extra packages will be installed:
  autoconf automake autopoint autotools-dev bsdmainutils debhelper
  dh-autoreconf dh-exec file gettext gettext-base gfortran gfortran-4.9
  groff-base intltool-debian libasprintf0c2 libcroco3 libfftw3-bin
  libfftw3-dev libfftw3-double3 libfftw3-long3 libfftw3-quad3 libfftw3-single3
  libgfortran-4.9-dev libgfortran3 libglib2.0-0 libicu52 libmagic1
  libpipeline1 libsigsegv2 libtool libunistring0 libxml2 m4 man-db pkg-config
  po-debconf
Suggested packages:
  autoconf-archive gnu-standards autoconf-doc wamerican wordlist whois
  vacation dh-make gettext-doc gfortran-multilib gfortran-doc
  gfortran-4.9-multilib gfortran-4.9-doc libgfortran3-dbg groff libfftw3-doc
  libtool-doc automaken gcj-jdk www-browser libmail-box-perl
Recommended packages:
  curl wget lynx-cur libasprintf-dev libgettextpo-dev libglib2.0-data
  shared-mime-info xdg-user-dirs libltdl-dev xml-core libmail-sendmail-perl
The following NEW packages will be installed:
  autoconf automake autopoint autotools-dev bsdmainutils debhelper
  dh-autoreconf dh-exec file gettext gettext-base gfortran gfortran-4.9
  groff-base intltool-debian libasprintf0c2 libcroco3 libfftw3-bin
  libfftw3-dev libfftw3-double3 libfftw3-long3 libfftw3-quad3 libfftw3-single3
  libgfortran-4.9-dev libgfortran3 libglib2.0-0 libicu52 libmagic1
  libpipeline1 libsigsegv2 libtool libunistring0 libxml2 m4 man-db pkg-config
  po-debconf sbuild-build-depends-einspline-dummy
0 upgraded, 38 newly installed, 0 to remove and 0 not upgraded.
Need to get 28.4 MB/28.4 MB of archives.
After this operation, 107 MB of additional disk space will be used.
Get:1 http://localhost:9999/debian/ unstable/main libpipeline1 amd64 1.4.0-1 [27.9 kB]
Get:2 http://localhost:9999/debian/ unstable/main groff-base amd64 1.22.3-1 [1205 kB]
Get:3 http://localhost:9999/debian/ unstable/main bsdmainutils amd64 9.0.6 [183 kB]
Get:4 http://localhost:9999/debian/ unstable/main man-db amd64 2.7.0.2-5 [1000 kB]
Get:5 http://localhost:9999/debian/ unstable/main libasprintf0c2 amd64 0.19.3-2 [31.3 kB]
Get:6 http://localhost:9999/debian/ unstable/main libmagic1 amd64 1:5.22+15-2 [249 kB]
Get:7 http://localhost:9999/debian/ unstable/main libicu52 amd64 52.1-8 [6780 kB]
Get:8 http://localhost:9999/debian/ unstable/main libxml2 amd64 2.9.2+dfsg1-3 [934 kB]
Get:9 http://localhost:9999/debian/ unstable/main libglib2.0-0 amd64 2.42.1-1 [2401 kB]
Get:10 http://localhost:9999/debian/ unstable/main libcroco3 amd64 0.6.8-3+b1 [135 kB]
Get:11 http://localhost:9999/debian/ unstable/main libfftw3-double3 amd64 3.3.4-2 [722 kB]
Get:12 http://localhost:9999/debian/ unstable/main libfftw3-long3 amd64 3.3.4-2 [312 kB]
Get:13 http://localhost:9999/debian/ unstable/main libfftw3-quad3 amd64 3.3.4-2 [556 kB]
Get:14 http://localhost:9999/debian/ unstable/main libfftw3-single3 amd64 3.3.4-2 [754 kB]
Get:15 http://localhost:9999/debian/ unstable/main libgfortran3 amd64 4.9.2-10 [255 kB]
Get:16 http://localhost:9999/debian/ unstable/main libsigsegv2 amd64 2.10-4+b1 [29.2 kB]
Get:17 http://localhost:9999/debian/ unstable/main libunistring0 amd64 0.9.3-5.2+b1 [288 kB]
Get:18 http://localhost:9999/debian/ unstable/main file amd64 1:5.22+15-2 [60.1 kB]
Get:19 http://localhost:9999/debian/ unstable/main gettext-base amd64 0.19.3-2 [121 kB]
Get:20 http://localhost:9999/debian/ unstable/main m4 amd64 1.4.17-4 [254 kB]
Get:21 http://localhost:9999/debian/ unstable/main autoconf all 2.69-8 [340 kB]
Get:22 http://localhost:9999/debian/ unstable/main autotools-dev all 20140911.1 [70.5 kB]
Get:23 http://localhost:9999/debian/ unstable/main automake all 1:1.14.1-4 [725 kB]
Get:24 http://localhost:9999/debian/ unstable/main autopoint all 0.19.3-2 [413 kB]
Get:25 http://localhost:9999/debian/ unstable/main gettext amd64 0.19.3-2 [1240 kB]
Get:26 http://localhost:9999/debian/ unstable/main intltool-debian all 0.35.0+20060710.1 [30.8 kB]
Get:27 http://localhost:9999/debian/ unstable/main po-debconf all 1.0.16+nmu3 [220 kB]
Get:28 http://localhost:9999/debian/ unstable/main debhelper all 9.20150101 [813 kB]
Get:29 http://localhost:9999/debian/ unstable/main libtool all 2.4.2-1.11 [190 kB]
Get:30 http://localhost:9999/debian/ unstable/main dh-autoreconf all 10 [15.2 kB]
Get:31 http://localhost:9999/debian/ unstable/main libgfortran-4.9-dev amd64 4.9.2-10 [281 kB]
Get:32 http://localhost:9999/debian/ unstable/main gfortran-4.9 amd64 4.9.2-10 [5465 kB]
Get:33 http://localhost:9999/debian/ unstable/main gfortran amd64 4:4.9.2-2 [1292 B]
Get:34 http://localhost:9999/debian/ unstable/main libfftw3-bin amd64 3.3.4-2 [48.6 kB]
Get:35 http://localhost:9999/debian/ unstable/main libfftw3-dev amd64 3.3.4-2 [2180 kB]
Get:36 http://localhost:9999/debian/ unstable/main pkg-config amd64 0.28-1 [57.5 kB]
Get:37 http://localhost:9999/debian/ unstable/main dh-exec amd64 0.14 [23.6 kB]
Extracting templates from packages: 78%Extracting templates from packages: 100%
Preconfiguring packages ...
Fetched 28.4 MB in 0s (29.3 MB/s)
Selecting previously unselected package libpipeline1:amd64.
(Reading database ... (Reading database ... 5%(Reading database ... 10%(Reading database ... 15%(Reading database ... 20%(Reading database ... 25%(Reading database ... 30%(Reading database ... 35%(Reading database ... 40%(Reading database ... 45%(Reading database ... 50%(Reading database ... 55%(Reading database ... 60%(Reading database ... 65%(Reading database ... 70%(Reading database ... 75%(Reading database ... 80%(Reading database ... 85%(Reading database ... 90%(Reading database ... 95%(Reading database ... 100%(Reading database ... 12200 files and directories currently installed.)
Preparing to unpack .../libpipeline1_1.4.0-1_amd64.deb ...
Unpacking libpipeline1:amd64 (1.4.0-1) ...
Selecting previously unselected package groff-base.
Preparing to unpack .../groff-base_1.22.3-1_amd64.deb ...
Unpacking groff-base (1.22.3-1) ...
Selecting previously unselected package bsdmainutils.
Preparing to unpack .../bsdmainutils_9.0.6_amd64.deb ...
Unpacking bsdmainutils (9.0.6) ...
Selecting previously unselected package man-db.
Preparing to unpack .../man-db_2.7.0.2-5_amd64.deb ...
Unpacking man-db (2.7.0.2-5) ...
Selecting previously unselected package libasprintf0c2:amd64.
Preparing to unpack .../libasprintf0c2_0.19.3-2_amd64.deb ...
Unpacking libasprintf0c2:amd64 (0.19.3-2) ...
Selecting previously unselected package libmagic1:amd64.
Preparing to unpack .../libmagic1_1%3a5.22+15-2_amd64.deb ...
Unpacking libmagic1:amd64 (1:5.22+15-2) ...
Selecting previously unselected package libicu52:amd64.
Preparing to unpack .../libicu52_52.1-8_amd64.deb ...
Unpacking libicu52:amd64 (52.1-8) ...
Selecting previously unselected package libxml2:amd64.
Preparing to unpack .../libxml2_2.9.2+dfsg1-3_amd64.deb ...
Unpacking libxml2:amd64 (2.9.2+dfsg1-3) ...
Selecting previously unselected package libglib2.0-0:amd64.
Preparing to unpack .../libglib2.0-0_2.42.1-1_amd64.deb ...
Unpacking libglib2.0-0:amd64 (2.42.1-1) ...
Selecting previously unselected package libcroco3:amd64.
Preparing to unpack .../libcroco3_0.6.8-3+b1_amd64.deb ...
Unpacking libcroco3:amd64 (0.6.8-3+b1) ...
Selecting previously unselected package libfftw3-double3:amd64.
Preparing to unpack .../libfftw3-double3_3.3.4-2_amd64.deb ...
Unpacking libfftw3-double3:amd64 (3.3.4-2) ...
Selecting previously unselected package libfftw3-long3:amd64.
Preparing to unpack .../libfftw3-long3_3.3.4-2_amd64.deb ...
Unpacking libfftw3-long3:amd64 (3.3.4-2) ...
Selecting previously unselected package libfftw3-quad3:amd64.
Preparing to unpack .../libfftw3-quad3_3.3.4-2_amd64.deb ...
Unpacking libfftw3-quad3:amd64 (3.3.4-2) ...
Selecting previously unselected package libfftw3-single3:amd64.
Preparing to unpack .../libfftw3-single3_3.3.4-2_amd64.deb ...
Unpacking libfftw3-single3:amd64 (3.3.4-2) ...
Selecting previously unselected package libgfortran3:amd64.
Preparing to unpack .../libgfortran3_4.9.2-10_amd64.deb ...
Unpacking libgfortran3:amd64 (4.9.2-10) ...
Selecting previously unselected package libsigsegv2:amd64.
Preparing to unpack .../libsigsegv2_2.10-4+b1_amd64.deb ...
Unpacking libsigsegv2:amd64 (2.10-4+b1) ...
Selecting previously unselected package libunistring0:amd64.
Preparing to unpack .../libunistring0_0.9.3-5.2+b1_amd64.deb ...
Unpacking libunistring0:amd64 (0.9.3-5.2+b1) ...
Selecting previously unselected package file.
Preparing to unpack .../file_1%3a5.22+15-2_amd64.deb ...
Unpacking file (1:5.22+15-2) ...
Selecting previously unselected package gettext-base.
Preparing to unpack .../gettext-base_0.19.3-2_amd64.deb ...
Unpacking gettext-base (0.19.3-2) ...
Selecting previously unselected package m4.
Preparing to unpack .../archives/m4_1.4.17-4_amd64.deb ...
Unpacking m4 (1.4.17-4) ...
Selecting previously unselected package autoconf.
Preparing to unpack .../autoconf_2.69-8_all.deb ...
Unpacking autoconf (2.69-8) ...
Selecting previously unselected package autotools-dev.
Preparing to unpack .../autotools-dev_20140911.1_all.deb ...
Unpacking autotools-dev (20140911.1) ...
Selecting previously unselected package automake.
Preparing to unpack .../automake_1%3a1.14.1-4_all.deb ...
Unpacking automake (1:1.14.1-4) ...
Selecting previously unselected package autopoint.
Preparing to unpack .../autopoint_0.19.3-2_all.deb ...
Unpacking autopoint (0.19.3-2) ...
Selecting previously unselected package gettext.
Preparing to unpack .../gettext_0.19.3-2_amd64.deb ...
Unpacking gettext (0.19.3-2) ...
Selecting previously unselected package intltool-debian.
Preparing to unpack .../intltool-debian_0.35.0+20060710.1_all.deb ...
Unpacking intltool-debian (0.35.0+20060710.1) ...
Selecting previously unselected package po-debconf.
Preparing to unpack .../po-debconf_1.0.16+nmu3_all.deb ...
Unpacking po-debconf (1.0.16+nmu3) ...
Selecting previously unselected package debhelper.
Preparing to unpack .../debhelper_9.20150101_all.deb ...
Unpacking debhelper (9.20150101) ...
Selecting previously unselected package libtool.
Preparing to unpack .../libtool_2.4.2-1.11_all.deb ...
Unpacking libtool (2.4.2-1.11) ...
Selecting previously unselected package dh-autoreconf.
Preparing to unpack .../dh-autoreconf_10_all.deb ...
Unpacking dh-autoreconf (10) ...
Selecting previously unselected package libgfortran-4.9-dev:amd64.
Preparing to unpack .../libgfortran-4.9-dev_4.9.2-10_amd64.deb ...
Unpacking libgfortran-4.9-dev:amd64 (4.9.2-10) ...
Selecting previously unselected package gfortran-4.9.
Preparing to unpack .../gfortran-4.9_4.9.2-10_amd64.deb ...
Unpacking gfortran-4.9 (4.9.2-10) ...
Selecting previously unselected package gfortran.
Preparing to unpack .../gfortran_4%3a4.9.2-2_amd64.deb ...
Unpacking gfortran (4:4.9.2-2) ...
Selecting previously unselected package libfftw3-bin.
Preparing to unpack .../libfftw3-bin_3.3.4-2_amd64.deb ...
Unpacking libfftw3-bin (3.3.4-2) ...
Selecting previously unselected package libfftw3-dev:amd64.
Preparing to unpack .../libfftw3-dev_3.3.4-2_amd64.deb ...
Unpacking libfftw3-dev:amd64 (3.3.4-2) ...
Selecting previously unselected package pkg-config.
Preparing to unpack .../pkg-config_0.28-1_amd64.deb ...
Unpacking pkg-config (0.28-1) ...
Selecting previously unselected package dh-exec.
Preparing to unpack .../dh-exec_0.14_amd64.deb ...
Unpacking dh-exec (0.14) ...
Selecting previously unselected package sbuild-build-depends-einspline-dummy.
Preparing to unpack .../sbuild-build-depends-einspline-dummy.deb ...
Unpacking sbuild-build-depends-einspline-dummy (0.invalid.0) ...
Setting up libpipeline1:amd64 (1.4.0-1) ...
Setting up groff-base (1.22.3-1) ...
Setting up bsdmainutils (9.0.6) ...
update-alternatives: using /usr/bin/bsd-write to provide /usr/bin/write (write) in auto mode
update-alternatives: using /usr/bin/bsd-from to provide /usr/bin/from (from) in auto mode
Setting up man-db (2.7.0.2-5) ...
Not building database; man-db/auto-update is not 'true'.
Setting up libasprintf0c2:amd64 (0.19.3-2) ...
Setting up libmagic1:amd64 (1:5.22+15-2) ...
Setting up libicu52:amd64 (52.1-8) ...
Setting up libxml2:amd64 (2.9.2+dfsg1-3) ...
Setting up libglib2.0-0:amd64 (2.42.1-1) ...
No schema files found: doing nothing.
Setting up libcroco3:amd64 (0.6.8-3+b1) ...
Setting up libfftw3-double3:amd64 (3.3.4-2) ...
Setting up libfftw3-long3:amd64 (3.3.4-2) ...
Setting up libfftw3-quad3:amd64 (3.3.4-2) ...
Setting up libfftw3-single3:amd64 (3.3.4-2) ...
Setting up libgfortran3:amd64 (4.9.2-10) ...
Setting up libsigsegv2:amd64 (2.10-4+b1) ...
Setting up libunistring0:amd64 (0.9.3-5.2+b1) ...
Setting up file (1:5.22+15-2) ...
Setting up gettext-base (0.19.3-2) ...
Setting up m4 (1.4.17-4) ...
Setting up autoconf (2.69-8) ...
Setting up autotools-dev (20140911.1) ...
Setting up automake (1:1.14.1-4) ...
update-alternatives: using /usr/bin/automake-1.14 to provide /usr/bin/automake (automake) in auto mode
Setting up autopoint (0.19.3-2) ...
Setting up gettext (0.19.3-2) ...
Setting up intltool-debian (0.35.0+20060710.1) ...
Setting up po-debconf (1.0.16+nmu3) ...
Setting up debhelper (9.20150101) ...
Setting up libtool (2.4.2-1.11) ...
Setting up dh-autoreconf (10) ...
Setting up libgfortran-4.9-dev:amd64 (4.9.2-10) ...
Setting up gfortran-4.9 (4.9.2-10) ...
Setting up gfortran (4:4.9.2-2) ...
update-alternatives: using /usr/bin/gfortran to provide /usr/bin/f95 (f95) in auto mode
update-alternatives: using /usr/bin/gfortran to provide /usr/bin/f77 (f77) in auto mode
Setting up libfftw3-bin (3.3.4-2) ...
Setting up libfftw3-dev:amd64 (3.3.4-2) ...
Setting up pkg-config (0.28-1) ...
Setting up dh-exec (0.14) ...
Setting up sbuild-build-depends-einspline-dummy (0.invalid.0) ...
Processing triggers for libc-bin (2.19-17) ...

┌──────────────────────────────────────────────────────────────────────────────┐
│ Build environment                                                            │
└──────────────────────────────────────────────────────────────────────────────┘

Kernel: Linux 3.2.0-4-amd64 amd64 (x86_64)
Toolchain package versions: binutils_2.25-5 dpkg-dev_1.17.24 g++-4.9_4.9.2-10 gcc-4.9_4.9.2-10 libc6-dev_2.19-17 libstdc++-4.9-dev_4.9.2-10 libstdc++6_4.9.2-10 linux-libc-dev_3.16.7-ckt7-1
Package versions: acl_2.2.52-2 adduser_3.113+nmu3 apt_1.0.9.7 apt-utils_1.0.9.7 autoconf_2.69-8 automake_1:1.14.1-4 autopoint_0.19.3-2 autotools-dev_20140911.1 base-files_8 base-passwd_3.5.37 bash_4.3-12 binutils_2.25-5 bsdmainutils_9.0.6 bsdutils_1:2.25.2-5 build-essential_11.7 bzip2_1.0.6-7+b2 clang-3.6_1:3.6-2 coreutils_8.23-4 cpp_4:4.9.2-2 cpp-4.9_4.9.2-10 dash_0.5.7-4+b1 debconf_1.5.56 debfoster_2.7-2 debhelper_9.20150101 debian-archive-keyring_2014.3 debianutils_4.4+b1 dh-autoreconf_10 dh-exec_0.14 diffutils_1:3.3-1+b1 dmsetup_2:1.02.90-2.1 dpkg_1.17.24 dpkg-dev_1.17.24 e2fslibs_1.42.12-1.1 e2fsprogs_1.42.12-1.1 fakeroot_1.20.2-1 file_1:5.22+15-2 findutils_4.4.2-9+b1 g++_4:4.9.2-2 g++-4.9_4.9.2-10 gcc_4:4.9.2-2 gcc-4.9_4.9.2-10 gcc-4.9-base_4.9.2-10 gettext_0.19.3-2 gettext-base_0.19.3-2 gfortran_4:4.9.2-2 gfortran-4.9_4.9.2-10 gnupg_1.4.18-7 gpgv_1.4.18-7 grep_2.20-4.1 groff-base_1.22.3-1 gzip_1.6-4 hostname_3.15 init_1.22 initscripts_2.88dsf-58 insserv_1.14.0-5 intltool-debian_0.35.0+20060710.1 less_458-3 libacl1_2.2.52-2 libapt-inst1.5_1.0.9.7 libapt-pkg4.12_1.0.9.7 libasan1_4.9.2-10 libasprintf0c2_0.19.3-2 libatomic1_4.9.2-10 libattr1_1:2.4.47-2 libaudit-common_1:2.4-1 libaudit1_1:2.4-1+b1 libblkid1_2.25.2-5 libbsd0_0.7.0-2 libbz2-1.0_1.0.6-7+b2 libc-bin_2.19-17 libc-dev-bin_2.19-17 libc6_2.19-17 libc6-dev_2.19-17 libcap2_1:2.24-7 libcap2-bin_1:2.24-7 libcilkrts5_4.9.2-10 libclang-common-3.6-dev_1:3.6-2 libclang1-3.6_1:3.6-2 libcloog-isl4_0.18.2-1+b2 libcomerr2_1.42.12-1.1 libcroco3_0.6.8-3+b1 libcryptsetup4_2:1.6.6-5 libdb5.3_5.3.28-9 libdebconfclient0_0.192 libdevmapper1.02.1_2:1.02.90-2.1 libdpkg-perl_1.17.24 libedit2_3.1-20140620-2 libfakeroot_1.20.2-1 libffi6_3.1-2+b2 libfftw3-bin_3.3.4-2 libfftw3-dev_3.3.4-2 libfftw3-double3_3.3.4-2 libfftw3-long3_3.3.4-2 libfftw3-quad3_3.3.4-2 libfftw3-single3_3.3.4-2 libgc1c2_1:7.2d-6.4 libgcc-4.9-dev_4.9.2-10 libgcc1_1:4.9.2-10 libgcrypt20_1.6.3-2 libgdbm3_1.8.3-13.1 libgfortran-4.9-dev_4.9.2-10 libgfortran3_4.9.2-10 libglib2.0-0_2.42.1-1 libgmp10_2:6.0.0+dfsg-6 libgomp1_4.9.2-10 libgpg-error0_1.17-3 libicu52_52.1-8 libisl10_0.12.2-2 libitm1_4.9.2-10 libkmod2_20-1 libllvm3.6_1:3.6-2 liblsan0_4.9.2-10 liblzma5_5.1.1alpha+20120614-2+b3 libmagic1_1:5.22+15-2 libmount1_2.25.2-5 libmpc3_1.0.3-1 libmpfr4_3.1.2-3 libncurses5_5.9+20140913-1+b1 libncursesw5_5.9+20140913-1+b1 libobjc-4.9-dev_4.9.2-10 libobjc4_4.9.2-10 libpam-modules_1.1.8-3.1 libpam-modules-bin_1.1.8-3.1 libpam-runtime_1.1.8-3.1 libpam0g_1.1.8-3.1 libpcre3_2:8.35-3.3 libpipeline1_1.4.0-1 libprocps3_2:3.3.9-9 libquadmath0_4.9.2-10 libreadline6_6.3-8+b3 libselinux1_2.3-2 libsemanage-common_2.3-1 libsemanage1_2.3-1+b1 libsepol1_2.3-2 libsigsegv2_2.10-4+b1 libslang2_2.3.0-2 libsmartcols1_2.25.2-5 libss2_1.42.12-1.1 libstdc++-4.9-dev_4.9.2-10 libstdc++6_4.9.2-10 libsystemd0_215-12 libtimedate-perl_2.3000-2 libtinfo5_5.9+20140913-1+b1 libtool_2.4.2-1.11 libtsan0_4.9.2-10 libubsan0_4.9.2-10 libudev1_215-12 libunistring0_0.9.3-5.2+b1 libusb-0.1-4_2:0.1.12-25 libustr-1.0-1_1.0.4-3+b2 libuuid1_2.25.2-5 libxml2_2.9.2+dfsg1-3 linux-libc-dev_3.16.7-ckt7-1 login_1:4.2-3 lsb-base_4.1+Debian13+nmu1 m4_1.4.17-4 make_4.0-8.1 man-db_2.7.0.2-5 mawk_1.3.3-17 mount_2.25.2-5 multiarch-support_2.19-17 ncurses-base_5.9+20140913-1 ncurses-bin_5.9+20140913-1+b1 nvi_1.81.6-11+b1 passwd_1:4.2-3 patch_2.7.5-1 perl_5.20.2-2 perl-base_5.20.2-2 perl-modules_5.20.2-2 pkg-config_0.28-1 po-debconf_1.0.16+nmu3 procps_2:3.3.9-9 readline-common_6.3-8 sbuild-build-depends-core-dummy_0.invalid.0 sbuild-build-depends-einspline-dummy_0.invalid.0 sed_4.2.2-4+b1 sensible-utils_0.0.9 startpar_0.59-3 sudo_1.8.12-1 systemd_215-12 systemd-sysv_215-12 sysv-rc_2.88dsf-58 sysvinit-utils_2.88dsf-58 tar_1.27.1-2+b1 tzdata_2015b-1 udev_215-12 util-linux_2.25.2-5 xz-utils_5.1.1alpha+20120614-2+b3 zlib1g_1:1.2.8.dfsg-2+b1

┌──────────────────────────────────────────────────────────────────────────────┐
│ Build                                                                        │
└──────────────────────────────────────────────────────────────────────────────┘


Unpack source
─────────────

gpgv: keyblock resource `/sbuild-nonexistent/.gnupg/trustedkeys.gpg': file open error
gpgv: Signature made Thu Sep 18 12:48:31 2014 UTC using RSA key ID 0ECEBE4A
gpgv: Can't check signature: public key not found
dpkg-source: warning: failed to verify signature on ./einspline_0.9.2-2.dsc
dpkg-source: info: extracting einspline in einspline-0.9.2
dpkg-source: info: unpacking einspline_0.9.2.orig.tar.gz
dpkg-source: info: unpacking einspline_0.9.2-2.debian.tar.xz
dpkg-source: info: applying missing-doc.patch
dpkg-source: info: applying fix-html-errors.patch

Check disc space
────────────────

Sufficient free space for build

User Environment
────────────────

DEB_BUILD_OPTIONS=parallel=10
HOME=/sbuild-nonexistent
LOGNAME=user
PATH=/usr/local/sbin:/usr/local/bin:/usr/sbin:/usr/bin:/sbin:/bin:/usr/games
SCHROOT_ALIAS_NAME=unstable-amd64-sbuild
SCHROOT_CHROOT_NAME=unstable-amd64-sbuild
SCHROOT_COMMAND=env
SCHROOT_GID=1001
SCHROOT_GROUP=user
SCHROOT_SESSION_ID=unstable-amd64-sbuild-fd7db5a3-af2e-4763-bb33-4bfae68f50bd
SCHROOT_UID=1001
SCHROOT_USER=user
SHELL=/bin/sh
USER=user

dpkg-buildpackage
─────────────────

dpkg-buildpackage: source package einspline
dpkg-buildpackage: source version 0.9.2-2
dpkg-buildpackage: source distribution unstable
dpkg-buildpackage: source changed by Sébastien Villemot <sebastien@debian.org>
 dpkg-source --before-build einspline-0.9.2
dpkg-buildpackage: host architecture amd64
 fakeroot debian/rules clean
dh clean --parallel --with autoreconf
   dh_testdir -O--parallel
   dh_auto_clean -O--parallel
   dh_autoreconf_clean -O--parallel
   dh_clean -O--parallel
 debian/rules build-arch
dh build-arch --parallel --with autoreconf
   dh_testdir -a -O--parallel
   dh_autoreconf -a -O--parallel
configure.ac:18: warning: AC_CACHE_VAL(ac_cxx_restrict, ...): suspicious cache-id, must contain _cv_ to be cached
../../lib/autoconf/general.m4:2031: AC_CACHE_VAL is expanded from...
../../lib/autoconf/general.m4:2052: AC_CACHE_CHECK is expanded from...
m4/ac_cxx_restrict.m4:9: AC_CXX_RESTRICT is expanded from...
configure.ac:18: the top level
configure.ac:149: warning: AC_CACHE_VAL(ax_have_mmx_ext, ...): suspicious cache-id, must contain _cv_ to be cached
../../lib/autoconf/general.m4:2031: AC_CACHE_VAL is expanded from...
../../lib/autoconf/general.m4:2052: AC_CACHE_CHECK is expanded from...
m4/ax_ext.m4:7: AX_EXT is expanded from...
configure.ac:149: the top level
configure.ac:149: warning: AC_CACHE_VAL(ax_have_sse_ext, ...): suspicious cache-id, must contain _cv_ to be cached
../../lib/autoconf/general.m4:2031: AC_CACHE_VAL is expanded from...
../../lib/autoconf/general.m4:2052: AC_CACHE_CHECK is expanded from...
m4/ax_ext.m4:7: AX_EXT is expanded from...
configure.ac:149: the top level
configure.ac:149: warning: AC_CACHE_VAL(ax_have_sse2_ext, ...): suspicious cache-id, must contain _cv_ to be cached
../../lib/autoconf/general.m4:2031: AC_CACHE_VAL is expanded from...
../../lib/autoconf/general.m4:2052: AC_CACHE_CHECK is expanded from...
m4/ax_ext.m4:7: AX_EXT is expanded from...
configure.ac:149: the top level
configure.ac:149: warning: AC_CACHE_VAL(ax_have_sse3_ext, ...): suspicious cache-id, must contain _cv_ to be cached
../../lib/autoconf/general.m4:2031: AC_CACHE_VAL is expanded from...
../../lib/autoconf/general.m4:2052: AC_CACHE_CHECK is expanded from...
m4/ax_ext.m4:7: AX_EXT is expanded from...
configure.ac:149: the top level
configure.ac:149: warning: AC_CACHE_VAL(ax_have_ssse3_ext, ...): suspicious cache-id, must contain _cv_ to be cached
../../lib/autoconf/general.m4:2031: AC_CACHE_VAL is expanded from...
../../lib/autoconf/general.m4:2052: AC_CACHE_CHECK is expanded from...
m4/ax_ext.m4:7: AX_EXT is expanded from...
configure.ac:149: the top level
configure.ac:149: warning: AC_CACHE_VAL(ax_have_sse4_1_ext, ...): suspicious cache-id, must contain _cv_ to be cached
../../lib/autoconf/general.m4:2031: AC_CACHE_VAL is expanded from...
../../lib/autoconf/general.m4:2052: AC_CACHE_CHECK is expanded from...
m4/ax_ext.m4:7: AX_EXT is expanded from...
configure.ac:149: the top level
configure.ac:149: warning: AC_CACHE_VAL(ax_have_sse4_2_ext, ...): suspicious cache-id, must contain _cv_ to be cached
../../lib/autoconf/general.m4:2031: AC_CACHE_VAL is expanded from...
../../lib/autoconf/general.m4:2052: AC_CACHE_CHECK is expanded from...
m4/ax_ext.m4:7: AX_EXT is expanded from...
configure.ac:149: the top level
configure.ac:18: warning: AC_CACHE_VAL(ac_cxx_restrict, ...): suspicious cache-id, must contain _cv_ to be cached
../../lib/autoconf/general.m4:2031: AC_CACHE_VAL is expanded from...
../../lib/autoconf/general.m4:2052: AC_CACHE_CHECK is expanded from...
m4/ac_cxx_restrict.m4:9: AC_CXX_RESTRICT is expanded from...
configure.ac:18: the top level
configure.ac:149: warning: AC_CACHE_VAL(ax_have_mmx_ext, ...): suspicious cache-id, must contain _cv_ to be cached
../../lib/autoconf/general.m4:2031: AC_CACHE_VAL is expanded from...
../../lib/autoconf/general.m4:2052: AC_CACHE_CHECK is expanded from...
m4/ax_ext.m4:7: AX_EXT is expanded from...
configure.ac:149: the top level
configure.ac:149: warning: AC_CACHE_VAL(ax_have_sse_ext, ...): suspicious cache-id, must contain _cv_ to be cached
../../lib/autoconf/general.m4:2031: AC_CACHE_VAL is expanded from...
../../lib/autoconf/general.m4:2052: AC_CACHE_CHECK is expanded from...
m4/ax_ext.m4:7: AX_EXT is expanded from...
configure.ac:149: the top level
configure.ac:149: warning: AC_CACHE_VAL(ax_have_sse2_ext, ...): suspicious cache-id, must contain _cv_ to be cached
../../lib/autoconf/general.m4:2031: AC_CACHE_VAL is expanded from...
../../lib/autoconf/general.m4:2052: AC_CACHE_CHECK is expanded from...
m4/ax_ext.m4:7: AX_EXT is expanded from...
configure.ac:149: the top level
configure.ac:149: warning: AC_CACHE_VAL(ax_have_sse3_ext, ...): suspicious cache-id, must contain _cv_ to be cached
../../lib/autoconf/general.m4:2031: AC_CACHE_VAL is expanded from...
../../lib/autoconf/general.m4:2052: AC_CACHE_CHECK is expanded from...
m4/ax_ext.m4:7: AX_EXT is expanded from...
configure.ac:149: the top level
configure.ac:149: warning: AC_CACHE_VAL(ax_have_ssse3_ext, ...): suspicious cache-id, must contain _cv_ to be cached
../../lib/autoconf/general.m4:2031: AC_CACHE_VAL is expanded from...
../../lib/autoconf/general.m4:2052: AC_CACHE_CHECK is expanded from...
m4/ax_ext.m4:7: AX_EXT is expanded from...
configure.ac:149: the top level
configure.ac:149: warning: AC_CACHE_VAL(ax_have_sse4_1_ext, ...): suspicious cache-id, must contain _cv_ to be cached
../../lib/autoconf/general.m4:2031: AC_CACHE_VAL is expanded from...
../../lib/autoconf/general.m4:2052: AC_CACHE_CHECK is expanded from...
m4/ax_ext.m4:7: AX_EXT is expanded from...
configure.ac:149: the top level
configure.ac:149: warning: AC_CACHE_VAL(ax_have_sse4_2_ext, ...): suspicious cache-id, must contain _cv_ to be cached
../../lib/autoconf/general.m4:2031: AC_CACHE_VAL is expanded from...
../../lib/autoconf/general.m4:2052: AC_CACHE_CHECK is expanded from...
m4/ax_ext.m4:7: AX_EXT is expanded from...
configure.ac:149: the top level
libtoolize: putting auxiliary files in `.'.
libtoolize: copying file `./ltmain.sh'
libtoolize: Consider adding `AC_CONFIG_MACRO_DIR([m4])' to configure.ac and
libtoolize: rerunning libtoolize, to keep the correct libtool macros in-tree.
libtoolize: Consider adding `-I m4' to ACLOCAL_AMFLAGS in Makefile.am.
configure.ac:18: warning: AC_CACHE_VAL(ac_cxx_restrict, ...): suspicious cache-id, must contain _cv_ to be cached
../../lib/autoconf/general.m4:2031: AC_CACHE_VAL is expanded from...
../../lib/autoconf/general.m4:2052: AC_CACHE_CHECK is expanded from...
m4/ac_cxx_restrict.m4:9: AC_CXX_RESTRICT is expanded from...
configure.ac:18: the top level
configure.ac:149: warning: AC_CACHE_VAL(ax_have_mmx_ext, ...): suspicious cache-id, must contain _cv_ to be cached
../../lib/autoconf/general.m4:2031: AC_CACHE_VAL is expanded from...
../../lib/autoconf/general.m4:2052: AC_CACHE_CHECK is expanded from...
m4/ax_ext.m4:7: AX_EXT is expanded from...
configure.ac:149: the top level
configure.ac:149: warning: AC_CACHE_VAL(ax_have_sse_ext, ...): suspicious cache-id, must contain _cv_ to be cached
../../lib/autoconf/general.m4:2031: AC_CACHE_VAL is expanded from...
../../lib/autoconf/general.m4:2052: AC_CACHE_CHECK is expanded from...
m4/ax_ext.m4:7: AX_EXT is expanded from...
configure.ac:149: the top level
configure.ac:149: warning: AC_CACHE_VAL(ax_have_sse2_ext, ...): suspicious cache-id, must contain _cv_ to be cached
../../lib/autoconf/general.m4:2031: AC_CACHE_VAL is expanded from...
../../lib/autoconf/general.m4:2052: AC_CACHE_CHECK is expanded from...
m4/ax_ext.m4:7: AX_EXT is expanded from...
configure.ac:149: the top level
configure.ac:149: warning: AC_CACHE_VAL(ax_have_sse3_ext, ...): suspicious cache-id, must contain _cv_ to be cached
../../lib/autoconf/general.m4:2031: AC_CACHE_VAL is expanded from...
../../lib/autoconf/general.m4:2052: AC_CACHE_CHECK is expanded from...
m4/ax_ext.m4:7: AX_EXT is expanded from...
configure.ac:149: the top level
configure.ac:149: warning: AC_CACHE_VAL(ax_have_ssse3_ext, ...): suspicious cache-id, must contain _cv_ to be cached
../../lib/autoconf/general.m4:2031: AC_CACHE_VAL is expanded from...
../../lib/autoconf/general.m4:2052: AC_CACHE_CHECK is expanded from...
m4/ax_ext.m4:7: AX_EXT is expanded from...
configure.ac:149: the top level
configure.ac:149: warning: AC_CACHE_VAL(ax_have_sse4_1_ext, ...): suspicious cache-id, must contain _cv_ to be cached
../../lib/autoconf/general.m4:2031: AC_CACHE_VAL is expanded from...
../../lib/autoconf/general.m4:2052: AC_CACHE_CHECK is expanded from...
m4/ax_ext.m4:7: AX_EXT is expanded from...
configure.ac:149: the top level
configure.ac:149: warning: AC_CACHE_VAL(ax_have_sse4_2_ext, ...): suspicious cache-id, must contain _cv_ to be cached
../../lib/autoconf/general.m4:2031: AC_CACHE_VAL is expanded from...
../../lib/autoconf/general.m4:2052: AC_CACHE_CHECK is expanded from...
m4/ax_ext.m4:7: AX_EXT is expanded from...
configure.ac:149: the top level
configure.ac:18: warning: AC_CACHE_VAL(ac_cxx_restrict, ...): suspicious cache-id, must contain _cv_ to be cached
../../lib/autoconf/general.m4:2031: AC_CACHE_VAL is expanded from...
../../lib/autoconf/general.m4:2052: AC_CACHE_CHECK is expanded from...
m4/ac_cxx_restrict.m4:9: AC_CXX_RESTRICT is expanded from...
configure.ac:18: the top level
configure.ac:149: warning: AC_CACHE_VAL(ax_have_mmx_ext, ...): suspicious cache-id, must contain _cv_ to be cached
../../lib/autoconf/general.m4:2031: AC_CACHE_VAL is expanded from...
../../lib/autoconf/general.m4:2052: AC_CACHE_CHECK is expanded from...
m4/ax_ext.m4:7: AX_EXT is expanded from...
configure.ac:149: the top level
configure.ac:149: warning: AC_CACHE_VAL(ax_have_sse_ext, ...): suspicious cache-id, must contain _cv_ to be cached
../../lib/autoconf/general.m4:2031: AC_CACHE_VAL is expanded from...
../../lib/autoconf/general.m4:2052: AC_CACHE_CHECK is expanded from...
m4/ax_ext.m4:7: AX_EXT is expanded from...
configure.ac:149: the top level
configure.ac:149: warning: AC_CACHE_VAL(ax_have_sse2_ext, ...): suspicious cache-id, must contain _cv_ to be cached
../../lib/autoconf/general.m4:2031: AC_CACHE_VAL is expanded from...
../../lib/autoconf/general.m4:2052: AC_CACHE_CHECK is expanded from...
m4/ax_ext.m4:7: AX_EXT is expanded from...
configure.ac:149: the top level
configure.ac:149: warning: AC_CACHE_VAL(ax_have_sse3_ext, ...): suspicious cache-id, must contain _cv_ to be cached
../../lib/autoconf/general.m4:2031: AC_CACHE_VAL is expanded from...
../../lib/autoconf/general.m4:2052: AC_CACHE_CHECK is expanded from...
m4/ax_ext.m4:7: AX_EXT is expanded from...
configure.ac:149: the top level
configure.ac:149: warning: AC_CACHE_VAL(ax_have_ssse3_ext, ...): suspicious cache-id, must contain _cv_ to be cached
../../lib/autoconf/general.m4:2031: AC_CACHE_VAL is expanded from...
../../lib/autoconf/general.m4:2052: AC_CACHE_CHECK is expanded from...
m4/ax_ext.m4:7: AX_EXT is expanded from...
configure.ac:149: the top level
configure.ac:149: warning: AC_CACHE_VAL(ax_have_sse4_1_ext, ...): suspicious cache-id, must contain _cv_ to be cached
../../lib/autoconf/general.m4:2031: AC_CACHE_VAL is expanded from...
../../lib/autoconf/general.m4:2052: AC_CACHE_CHECK is expanded from...
m4/ax_ext.m4:7: AX_EXT is expanded from...
configure.ac:149: the top level
configure.ac:149: warning: AC_CACHE_VAL(ax_have_sse4_2_ext, ...): suspicious cache-id, must contain _cv_ to be cached
../../lib/autoconf/general.m4:2031: AC_CACHE_VAL is expanded from...
../../lib/autoconf/general.m4:2052: AC_CACHE_CHECK is expanded from...
m4/ax_ext.m4:7: AX_EXT is expanded from...
configure.ac:149: the top level
configure.ac:18: warning: AC_CACHE_VAL(ac_cxx_restrict, ...): suspicious cache-id, must contain _cv_ to be cached
../../lib/autoconf/general.m4:2031: AC_CACHE_VAL is expanded from...
../../lib/autoconf/general.m4:2052: AC_CACHE_CHECK is expanded from...
m4/ac_cxx_restrict.m4:9: AC_CXX_RESTRICT is expanded from...
configure.ac:18: the top level
configure.ac:149: warning: AC_CACHE_VAL(ax_have_mmx_ext, ...): suspicious cache-id, must contain _cv_ to be cached
../../lib/autoconf/general.m4:2031: AC_CACHE_VAL is expanded from...
../../lib/autoconf/general.m4:2052: AC_CACHE_CHECK is expanded from...
m4/ax_ext.m4:7: AX_EXT is expanded from...
configure.ac:149: the top level
configure.ac:149: warning: AC_CACHE_VAL(ax_have_sse_ext, ...): suspicious cache-id, must contain _cv_ to be cached
../../lib/autoconf/general.m4:2031: AC_CACHE_VAL is expanded from...
../../lib/autoconf/general.m4:2052: AC_CACHE_CHECK is expanded from...
m4/ax_ext.m4:7: AX_EXT is expanded from...
configure.ac:149: the top level
configure.ac:149: warning: AC_CACHE_VAL(ax_have_sse2_ext, ...): suspicious cache-id, must contain _cv_ to be cached
../../lib/autoconf/general.m4:2031: AC_CACHE_VAL is expanded from...
../../lib/autoconf/general.m4:2052: AC_CACHE_CHECK is expanded from...
m4/ax_ext.m4:7: AX_EXT is expanded from...
configure.ac:149: the top level
configure.ac:149: warning: AC_CACHE_VAL(ax_have_sse3_ext, ...): suspicious cache-id, must contain _cv_ to be cached
../../lib/autoconf/general.m4:2031: AC_CACHE_VAL is expanded from...
../../lib/autoconf/general.m4:2052: AC_CACHE_CHECK is expanded from...
m4/ax_ext.m4:7: AX_EXT is expanded from...
configure.ac:149: the top level
configure.ac:149: warning: AC_CACHE_VAL(ax_have_ssse3_ext, ...): suspicious cache-id, must contain _cv_ to be cached
../../lib/autoconf/general.m4:2031: AC_CACHE_VAL is expanded from...
../../lib/autoconf/general.m4:2052: AC_CACHE_CHECK is expanded from...
m4/ax_ext.m4:7: AX_EXT is expanded from...
configure.ac:149: the top level
configure.ac:149: warning: AC_CACHE_VAL(ax_have_sse4_1_ext, ...): suspicious cache-id, must contain _cv_ to be cached
../../lib/autoconf/general.m4:2031: AC_CACHE_VAL is expanded from...
../../lib/autoconf/general.m4:2052: AC_CACHE_CHECK is expanded from...
m4/ax_ext.m4:7: AX_EXT is expanded from...
configure.ac:149: the top level
configure.ac:149: warning: AC_CACHE_VAL(ax_have_sse4_2_ext, ...): suspicious cache-id, must contain _cv_ to be cached
../../lib/autoconf/general.m4:2031: AC_CACHE_VAL is expanded from...
../../lib/autoconf/general.m4:2052: AC_CACHE_CHECK is expanded from...
m4/ax_ext.m4:7: AX_EXT is expanded from...
configure.ac:149: the top level
configure.ac:18: warning: AC_CACHE_VAL(ac_cxx_restrict, ...): suspicious cache-id, must contain _cv_ to be cached
../../lib/autoconf/general.m4:2031: AC_CACHE_VAL is expanded from...
../../lib/autoconf/general.m4:2052: AC_CACHE_CHECK is expanded from...
m4/ac_cxx_restrict.m4:9: AC_CXX_RESTRICT is expanded from...
configure.ac:18: the top level
configure.ac:149: warning: AC_CACHE_VAL(ax_have_mmx_ext, ...): suspicious cache-id, must contain _cv_ to be cached
../../lib/autoconf/general.m4:2031: AC_CACHE_VAL is expanded from...
../../lib/autoconf/general.m4:2052: AC_CACHE_CHECK is expanded from...
m4/ax_ext.m4:7: AX_EXT is expanded from...
configure.ac:149: the top level
configure.ac:149: warning: AC_CACHE_VAL(ax_have_sse_ext, ...): suspicious cache-id, must contain _cv_ to be cached
../../lib/autoconf/general.m4:2031: AC_CACHE_VAL is expanded from...
../../lib/autoconf/general.m4:2052: AC_CACHE_CHECK is expanded from...
m4/ax_ext.m4:7: AX_EXT is expanded from...
configure.ac:149: the top level
configure.ac:149: warning: AC_CACHE_VAL(ax_have_sse2_ext, ...): suspicious cache-id, must contain _cv_ to be cached
../../lib/autoconf/general.m4:2031: AC_CACHE_VAL is expanded from...
../../lib/autoconf/general.m4:2052: AC_CACHE_CHECK is expanded from...
m4/ax_ext.m4:7: AX_EXT is expanded from...
configure.ac:149: the top level
configure.ac:149: warning: AC_CACHE_VAL(ax_have_sse3_ext, ...): suspicious cache-id, must contain _cv_ to be cached
../../lib/autoconf/general.m4:2031: AC_CACHE_VAL is expanded from...
../../lib/autoconf/general.m4:2052: AC_CACHE_CHECK is expanded from...
m4/ax_ext.m4:7: AX_EXT is expanded from...
configure.ac:149: the top level
configure.ac:149: warning: AC_CACHE_VAL(ax_have_ssse3_ext, ...): suspicious cache-id, must contain _cv_ to be cached
../../lib/autoconf/general.m4:2031: AC_CACHE_VAL is expanded from...
../../lib/autoconf/general.m4:2052: AC_CACHE_CHECK is expanded from...
m4/ax_ext.m4:7: AX_EXT is expanded from...
configure.ac:149: the top level
configure.ac:149: warning: AC_CACHE_VAL(ax_have_sse4_1_ext, ...): suspicious cache-id, must contain _cv_ to be cached
../../lib/autoconf/general.m4:2031: AC_CACHE_VAL is expanded from...
../../lib/autoconf/general.m4:2052: AC_CACHE_CHECK is expanded from...
m4/ax_ext.m4:7: AX_EXT is expanded from...
configure.ac:149: the top level
configure.ac:149: warning: AC_CACHE_VAL(ax_have_sse4_2_ext, ...): suspicious cache-id, must contain _cv_ to be cached
../../lib/autoconf/general.m4:2031: AC_CACHE_VAL is expanded from...
../../lib/autoconf/general.m4:2052: AC_CACHE_CHECK is expanded from...
m4/ax_ext.m4:7: AX_EXT is expanded from...
configure.ac:149: the top level
configure.ac:5: warning: AM_INIT_AUTOMAKE: two- and three-arguments forms are deprecated.  For more info, see:
configure.ac:5: http://www.gnu.org/software/automake/manual/automake.html#Modernize-AM_005fINIT_005fAUTOMAKE-invocation
configure.ac:11: installing './compile'
   debian/rules override_dh_auto_configure
make[1]: Entering directory '/«PKGBUILDDIR»'
dh_auto_configure -- --enable-portable-binary --enable-pthread --enable-blips
configure: WARNING: unrecognized options: --disable-maintainer-mode
checking for a BSD-compatible install... /usr/bin/install -c
checking whether build environment is sane... yes
checking for a thread-safe mkdir -p... /bin/mkdir -p
checking for gawk... no
checking for mawk... mawk
checking whether make sets $(MAKE)... yes
checking whether make supports nested variables... yes
checking for style of include used by make... GNU
checking for gcc... gcc
checking whether the C compiler works... yes
checking for C compiler default output file name... a.out
checking for suffix of executables... 
checking whether we are cross compiling... no
checking for suffix of object files... o
checking whether we are using the GNU C compiler... yes
checking whether gcc accepts -g... yes
checking for gcc option to accept ISO C89... none needed
checking whether gcc understands -c and -o together... yes
checking dependency style of gcc... none
checking for gcc option to accept ISO C99... none needed
checking for gcc option to accept ISO Standard C... (cached) none needed
checking for g++... g++
checking whether we are using the GNU C++ compiler... yes
checking whether g++ accepts -g... yes
checking dependency style of g++... none
checking for pkg-config... /usr/bin/pkg-config
checking pkg-config is at least version 0.9.0... yes
checking for C compiler vendor... gnu
checking build system type... x86_64-pc-linux-gnu
checking host system type... x86_64-pc-linux-gnu
checking for C++ compiler vendor... gnu
checking for restrict... __restrict__
*************** Enabling F77! ***************
checking for g77... no
checking for xlf... no
checking for f77... f77
checking whether we are using the GNU Fortran 77 compiler... yes
checking whether f77 accepts -g... yes
checking for Fortran 77 compiler vendor... unknown
checking how to print strings... printf
checking for a sed that does not truncate output... /bin/sed
checking for grep that handles long lines and -e... /bin/grep
checking for egrep... /bin/grep -E
checking for fgrep... /bin/grep -F
checking for ld used by gcc... /usr/bin/ld
checking if the linker (/usr/bin/ld) is GNU ld... yes
checking for BSD- or MS-compatible name lister (nm)... /usr/bin/nm -B
checking the name lister (/usr/bin/nm -B) interface... BSD nm
checking whether ln -s works... yes
checking the maximum length of command line arguments... 1572864
checking whether the shell understands some XSI constructs... yes
checking whether the shell understands "+="... yes
checking how to convert x86_64-pc-linux-gnu file names to x86_64-pc-linux-gnu format... func_convert_file_noop
checking how to convert x86_64-pc-linux-gnu file names to toolchain format... func_convert_file_noop
checking for /usr/bin/ld option to reload object files... -r
checking for objdump... objdump
checking how to recognize dependent libraries... pass_all
checking for dlltool... no
checking how to associate runtime and link libraries... printf %s\n
checking for ar... ar
checking for archiver @FILE support... @
checking for strip... strip
checking for ranlib... ranlib
checking command to parse /usr/bin/nm -B output from gcc object... ok
checking for sysroot... no
checking for mt... no
checking if : is a manifest tool... no
checking how to run the C preprocessor... gcc -E
checking for ANSI C header files... yes
checking for sys/types.h... yes
checking for sys/stat.h... yes
checking for stdlib.h... yes
checking for string.h... yes
checking for memory.h... yes
checking for strings.h... yes
checking for inttypes.h... yes
checking for stdint.h... yes
checking for unistd.h... yes
checking for dlfcn.h... yes
checking for objdir... .libs
checking if gcc supports -fno-rtti -fno-exceptions... yes
checking for gcc option to produce PIC... -fPIC -DPIC
checking if gcc PIC flag -fPIC -DPIC works... yes
checking if gcc static flag -static works... yes
checking if gcc supports -c -o file.o... yes
checking if gcc supports -c -o file.o... (cached) yes
checking whether the gcc linker (/usr/bin/ld -m elf_x86_64) supports shared libraries... yes
checking whether -lc should be explicitly linked in... no
checking dynamic linker characteristics... GNU/Linux ld.so
checking how to hardcode library paths into programs... immediate
checking whether stripping libraries is possible... yes
checking if libtool supports shared libraries... yes
checking whether to build shared libraries... yes
checking whether to build static libraries... yes
checking how to run the C++ preprocessor... g++ -E
checking for ld used by g++... /usr/bin/ld -m elf_x86_64
checking if the linker (/usr/bin/ld -m elf_x86_64) is GNU ld... yes
checking whether the g++ linker (/usr/bin/ld -m elf_x86_64) supports shared libraries... yes
checking for g++ option to produce PIC... -fPIC -DPIC
checking if g++ PIC flag -fPIC -DPIC works... yes
checking if g++ static flag -static works... yes
checking if g++ supports -c -o file.o... yes
checking if g++ supports -c -o file.o... (cached) yes
checking whether the g++ linker (/usr/bin/ld -m elf_x86_64) supports shared libraries... yes
checking dynamic linker characteristics... (cached) GNU/Linux ld.so
checking how to hardcode library paths into programs... immediate
checking if libtool supports shared libraries... yes
checking whether to build shared libraries... yes
checking whether to build static libraries... yes
checking for f77 option to produce PIC... -fPIC
checking if f77 PIC flag -fPIC works... yes
checking if f77 static flag -static works... yes
checking if f77 supports -c -o file.o... yes
checking if f77 supports -c -o file.o... (cached) yes
checking whether the f77 linker (/usr/bin/ld -m elf_x86_64) supports shared libraries... yes
checking dynamic linker characteristics... (cached) GNU/Linux ld.so
checking how to hardcode library paths into programs... immediate
enable_foratran = 
checking for sqrt in -lm... yes
checking LIBS = -lm ... checking for ANSI C header files... (cached) yes
checking for stdlib.h... (cached) yes
checking sys/time.h usability... yes
checking sys/time.h presence... yes
checking for sys/time.h... yes
checking for unistd.h... (cached) yes
checking for variable-length arrays... yes
checking optimal compiler flags... -g -O2 -fstack-protector-strong -Wformat -Werror=format-security -g
checking for FFTW3... yes
checking for FFTW3F... yes
*************** Enabling F77! ***************
checking how to get verbose linking output from f77... -v
checking for Fortran 77 libraries of f77...  -L/usr/lib/gcc/x86_64-linux-gnu/4.9 -L/usr/lib/gcc/x86_64-linux-gnu/4.9/../../../x86_64-linux-gnu -L/usr/lib/gcc/x86_64-linux-gnu/4.9/../../../../lib -L/lib/x86_64-linux-gnu -L/lib/../lib -L/usr/lib/x86_64-linux-gnu -L/usr/lib/../lib -L/usr/lib/gcc/x86_64-linux-gnu/4.9/../../.. -lgfortran -lm -lquadmath
checking for dummy main to link with Fortran 77 libraries... none
checking for Fortran 77 name-mangling scheme... lower case, underscore, no extra underscore
checking how to get verbose linking output from f77... (cached) -v
checking for Fortran 77 libraries of f77... (cached)  -L/usr/lib/gcc/x86_64-linux-gnu/4.9 -L/usr/lib/gcc/x86_64-linux-gnu/4.9/../../../x86_64-linux-gnu -L/usr/lib/gcc/x86_64-linux-gnu/4.9/../../../../lib -L/lib/x86_64-linux-gnu -L/lib/../lib -L/usr/lib/x86_64-linux-gnu -L/usr/lib/../lib -L/usr/lib/gcc/x86_64-linux-gnu/4.9/../../.. -lgfortran -lm -lquadmath
checking for dummy main to link with Fortran 77 libraries... (cached) none
checking for stdbool.h that conforms to C99... yes
checking for _Bool... yes
checking for an ANSI C-conforming const... yes
checking for inline... inline
checking for size_t... yes
checking for error_at_line... yes
checking for working strtod... yes
checking for clock_gettime... yes
checking for floor... yes
checking for pow... yes
checking for sqrt... yes
checking for strtol... yes
checking for posix_memalign... yes
checking that generated files are newer than configure... done
configure: creating ./config.status
config.status: creating Makefile
config.status: creating src/Makefile
config.status: creating doc/Makefile
config.status: creating www/Makefile
config.status: creating einspline.pc
config.status: creating src/config.h
config.status: executing depfiles commands
config.status: executing libtool commands
configure: WARNING: unrecognized options: --disable-maintainer-mode
make[1]: Leaving directory '/«PKGBUILDDIR»'
   dh_auto_build -a -O--parallel
make[1]: Entering directory '/«PKGBUILDDIR»'
Making all in src
make[2]: Entering directory '/«PKGBUILDDIR»/src'
make  all-am
make[3]: Entering directory '/«PKGBUILDDIR»/src'
/bin/bash ../libtool  --tag=CC   --mode=compile gcc -DHAVE_CONFIG_H -I.   -D_FORTIFY_SOURCE=2  -g -O2 -fstack-protector-strong -Wformat -Werror=format-security -g -pthread -c -o bspline_create.lo bspline_create.c
/bin/bash ../libtool  --tag=CC   --mode=compile gcc -DHAVE_CONFIG_H -I.   -D_FORTIFY_SOURCE=2  -g -O2 -fstack-protector-strong -Wformat -Werror=format-security -g -pthread -c -o bspline_data.lo bspline_data.c
/bin/bash ../libtool  --tag=CC   --mode=compile gcc -DHAVE_CONFIG_H -I.   -D_FORTIFY_SOURCE=2  -g -O2 -fstack-protector-strong -Wformat -Werror=format-security -g -pthread -c -o multi_bspline_create.lo multi_bspline_create.c
/bin/bash ../libtool  --tag=CC   --mode=compile gcc -DHAVE_CONFIG_H -I.   -D_FORTIFY_SOURCE=2  -g -O2 -fstack-protector-strong -Wformat -Werror=format-security -g -pthread -c -o multi_nubspline_create.lo multi_nubspline_create.c
/bin/bash ../libtool  --tag=CC   --mode=compile gcc -DHAVE_CONFIG_H -I.   -D_FORTIFY_SOURCE=2  -g -O2 -fstack-protector-strong -Wformat -Werror=format-security -g -pthread -c -o nubspline_create.lo nubspline_create.c
/bin/bash ../libtool  --tag=CC   --mode=compile gcc -DHAVE_CONFIG_H -I.   -D_FORTIFY_SOURCE=2  -g -O2 -fstack-protector-strong -Wformat -Werror=format-security -g -pthread -c -o nubasis.lo nubasis.c
/bin/bash ../libtool  --tag=CC   --mode=compile gcc -DHAVE_CONFIG_H -I.   -D_FORTIFY_SOURCE=2  -g -O2 -fstack-protector-strong -Wformat -Werror=format-security -g -pthread -c -o nugrid.lo nugrid.c
/bin/bash ../libtool  --tag=CC   --mode=compile gcc -DHAVE_CONFIG_H -I.   -D_FORTIFY_SOURCE=2  -g -O2 -fstack-protector-strong -Wformat -Werror=format-security -g -pthread -c -o multi_bspline_eval_std_s.lo multi_bspline_eval_std_s.c
/bin/bash ../libtool  --tag=CXX   --mode=compile g++ -DHAVE_CONFIG_H -I.   -D_FORTIFY_SOURCE=2  -g -O2 -fstack-protector-strong -Wformat -Werror=format-security -g -pthread -c -o multi_bspline_eval_std_s_cpp.lo multi_bspline_eval_std_s_cpp.cc
/bin/bash ../libtool  --tag=CC   --mode=compile gcc -DHAVE_CONFIG_H -I.   -D_FORTIFY_SOURCE=2  -g -O2 -fstack-protector-strong -Wformat -Werror=format-security -g -pthread -c -o multi_bspline_eval_std_c.lo multi_bspline_eval_std_c.c
libtool: compile:  gcc -DHAVE_CONFIG_H -I. -D_FORTIFY_SOURCE=2 -g -O2 -fstack-protector-strong -Wformat -Werror=format-security -g -pthread -c bspline_data.c  -fPIC -DPIC -o .libs/bspline_data.o
libtool: compile:  gcc -DHAVE_CONFIG_H -I. -D_FORTIFY_SOURCE=2 -g -O2 -fstack-protector-strong -Wformat -Werror=format-security -g -pthread -c multi_bspline_create.c  -fPIC -DPIC -o .libs/multi_bspline_create.o
libtool: compile:  gcc -DHAVE_CONFIG_H -I. -D_FORTIFY_SOURCE=2 -g -O2 -fstack-protector-strong -Wformat -Werror=format-security -g -pthread -c bspline_create.c  -fPIC -DPIC -o .libs/bspline_create.o
libtool: compile:  gcc -DHAVE_CONFIG_H -I. -D_FORTIFY_SOURCE=2 -g -O2 -fstack-protector-strong -Wformat -Werror=format-security -g -pthread -c multi_nubspline_create.c  -fPIC -DPIC -o .libs/multi_nubspline_create.o
libtool: compile:  gcc -DHAVE_CONFIG_H -I. -D_FORTIFY_SOURCE=2 -g -O2 -fstack-protector-strong -Wformat -Werror=format-security -g -pthread -c nubspline_create.c  -fPIC -DPIC -o .libs/nubspline_create.o
libtool: compile:  gcc -DHAVE_CONFIG_H -I. -D_FORTIFY_SOURCE=2 -g -O2 -fstack-protector-strong -Wformat -Werror=format-security -g -pthread -c multi_bspline_eval_std_s.c  -fPIC -DPIC -o .libs/multi_bspline_eval_std_s.o
libtool: compile:  gcc -DHAVE_CONFIG_H -I. -D_FORTIFY_SOURCE=2 -g -O2 -fstack-protector-strong -Wformat -Werror=format-security -g -pthread -c nugrid.c  -fPIC -DPIC -o .libs/nugrid.o
libtool: compile:  gcc -DHAVE_CONFIG_H -I. -D_FORTIFY_SOURCE=2 -g -O2 -fstack-protector-strong -Wformat -Werror=format-security -g -pthread -c nubasis.c  -fPIC -DPIC -o .libs/nubasis.o
libtool: compile:  gcc -DHAVE_CONFIG_H -I. -D_FORTIFY_SOURCE=2 -g -O2 -fstack-protector-strong -Wformat -Werror=format-security -g -pthread -c multi_bspline_eval_std_c.c  -fPIC -DPIC -o .libs/multi_bspline_eval_std_c.o
libtool: compile:  g++ -DHAVE_CONFIG_H -I. -D_FORTIFY_SOURCE=2 -g -O2 -fstack-protector-strong -Wformat -Werror=format-security -g -pthread -c multi_bspline_eval_std_s_cpp.cc  -fPIC -DPIC -o .libs/multi_bspline_eval_std_s_cpp.o
bspline_data.c:24:1: warning: '/*' within block comment [-Wcomment]
/*   SSE Data    */
^
1 warning generated.
libtool: compile:  gcc -DHAVE_CONFIG_H -I. -D_FORTIFY_SOURCE=2 -g -O2 -fstack-protector-strong -Wformat -Werror=format-security -g -pthread -c bspline_data.c -o bspline_data.o >/dev/null 2>&1
/bin/bash ../libtool  --tag=CXX   --mode=compile g++ -DHAVE_CONFIG_H -I.   -D_FORTIFY_SOURCE=2  -g -O2 -fstack-protector-strong -Wformat -Werror=format-security -g -pthread -c -o multi_bspline_eval_std_c_cpp.lo multi_bspline_eval_std_c_cpp.cc
libtool: compile:  gcc -DHAVE_CONFIG_H -I. -D_FORTIFY_SOURCE=2 -g -O2 -fstack-protector-strong -Wformat -Werror=format-security -g -pthread -c nugrid.c -o nugrid.o >/dev/null 2>&1
nubspline_create.c:1072:11: warning: 9 enumeration values not handled in switch: 'U1D', 'U2D', 'U3D'... [-Wswitch]
  switch (spline->sp_code) {
          ^
libtool: compile:  g++ -DHAVE_CONFIG_H -I. -D_FORTIFY_SOURCE=2 -g -O2 -fstack-protector-strong -Wformat -Werror=format-security -g -pthread -c multi_bspline_eval_std_c_cpp.cc  -fPIC -DPIC -o .libs/multi_bspline_eval_std_c_cpp.o
libtool: compile:  gcc -DHAVE_CONFIG_H -I. -D_FORTIFY_SOURCE=2 -g -O2 -fstack-protector-strong -Wformat -Werror=format-security -g -pthread -c nubasis.c -o nubasis.o >/dev/null 2>&1
/bin/bash ../libtool  --tag=CC   --mode=compile gcc -DHAVE_CONFIG_H -I.   -D_FORTIFY_SOURCE=2  -g -O2 -fstack-protector-strong -Wformat -Werror=format-security -g -pthread -c -o multi_bspline_eval_std_d.lo multi_bspline_eval_std_d.c
libtool: compile:  gcc -DHAVE_CONFIG_H -I. -D_FORTIFY_SOURCE=2 -g -O2 -fstack-protector-strong -Wformat -Werror=format-security -g -pthread -c multi_bspline_eval_std_d.c  -fPIC -DPIC -o .libs/multi_bspline_eval_std_d.o
libtool: compile:  gcc -DHAVE_CONFIG_H -I. -D_FORTIFY_SOURCE=2 -g -O2 -fstack-protector-strong -Wformat -Werror=format-security -g -pthread -c multi_nubspline_create.c -o multi_nubspline_create.o >/dev/null 2>&1
libtool: compile:  gcc -DHAVE_CONFIG_H -I. -D_FORTIFY_SOURCE=2 -g -O2 -fstack-protector-strong -Wformat -Werror=format-security -g -pthread -c multi_bspline_create.c -o multi_bspline_create.o >/dev/null 2>&1
/bin/bash ../libtool  --tag=CXX   --mode=compile g++ -DHAVE_CONFIG_H -I.   -D_FORTIFY_SOURCE=2  -g -O2 -fstack-protector-strong -Wformat -Werror=format-security -g -pthread -c -o multi_bspline_eval_std_d_cpp.lo multi_bspline_eval_std_d_cpp.cc
1 warning generated.
libtool: compile:  gcc -DHAVE_CONFIG_H -I. -D_FORTIFY_SOURCE=2 -g -O2 -fstack-protector-strong -Wformat -Werror=format-security -g -pthread -c nubspline_create.c -o nubspline_create.o >/dev/null 2>&1
libtool: compile:  g++ -DHAVE_CONFIG_H -I. -D_FORTIFY_SOURCE=2 -g -O2 -fstack-protector-strong -Wformat -Werror=format-security -g -pthread -c multi_bspline_eval_std_d_cpp.cc  -fPIC -DPIC -o .libs/multi_bspline_eval_std_d_cpp.o
libtool: compile:  gcc -DHAVE_CONFIG_H -I. -D_FORTIFY_SOURCE=2 -g -O2 -fstack-protector-strong -Wformat -Werror=format-security -g -pthread -c multi_bspline_eval_std_c.c -o multi_bspline_eval_std_c.o >/dev/null 2>&1
libtool: compile:  gcc -DHAVE_CONFIG_H -I. -D_FORTIFY_SOURCE=2 -g -O2 -fstack-protector-strong -Wformat -Werror=format-security -g -pthread -c multi_bspline_eval_std_s.c -o multi_bspline_eval_std_s.o >/dev/null 2>&1
libtool: compile:  gcc -DHAVE_CONFIG_H -I. -D_FORTIFY_SOURCE=2 -g -O2 -fstack-protector-strong -Wformat -Werror=format-security -g -pthread -c bspline_create.c -o bspline_create.o >/dev/null 2>&1
/bin/bash ../libtool  --tag=CC   --mode=compile gcc -DHAVE_CONFIG_H -I.   -D_FORTIFY_SOURCE=2  -g -O2 -fstack-protector-strong -Wformat -Werror=format-security -g -pthread -c -o multi_bspline_eval_std_z.lo multi_bspline_eval_std_z.c
libtool: compile:  gcc -DHAVE_CONFIG_H -I. -D_FORTIFY_SOURCE=2 -g -O2 -fstack-protector-strong -Wformat -Werror=format-security -g -pthread -c multi_bspline_eval_std_z.c  -fPIC -DPIC -o .libs/multi_bspline_eval_std_z.o
/bin/bash ../libtool  --tag=CXX   --mode=compile g++ -DHAVE_CONFIG_H -I.   -D_FORTIFY_SOURCE=2  -g -O2 -fstack-protector-strong -Wformat -Werror=format-security -g -pthread -c -o multi_bspline_eval_std_z_cpp.lo multi_bspline_eval_std_z_cpp.cc
libtool: compile:  g++ -DHAVE_CONFIG_H -I. -D_FORTIFY_SOURCE=2 -g -O2 -fstack-protector-strong -Wformat -Werror=format-security -g -pthread -c multi_bspline_eval_std_z_cpp.cc  -fPIC -DPIC -o .libs/multi_bspline_eval_std_z_cpp.o
/bin/bash ../libtool  --tag=CC   --mode=compile gcc -DHAVE_CONFIG_H -I.   -D_FORTIFY_SOURCE=2  -g -O2 -fstack-protector-strong -Wformat -Werror=format-security -g -pthread -c -o multi_nubspline_eval_std_z.lo multi_nubspline_eval_std_z.c
libtool: compile:  gcc -DHAVE_CONFIG_H -I. -D_FORTIFY_SOURCE=2 -g -O2 -fstack-protector-strong -Wformat -Werror=format-security -g -pthread -c multi_nubspline_eval_std_z.c  -fPIC -DPIC -o .libs/multi_nubspline_eval_std_z.o
libtool: compile:  gcc -DHAVE_CONFIG_H -I. -D_FORTIFY_SOURCE=2 -g -O2 -fstack-protector-strong -Wformat -Werror=format-security -g -pthread -c multi_bspline_eval_std_d.c -o multi_bspline_eval_std_d.o >/dev/null 2>&1
libtool: compile:  g++ -DHAVE_CONFIG_H -I. -D_FORTIFY_SOURCE=2 -g -O2 -fstack-protector-strong -Wformat -Werror=format-security -g -pthread -c multi_bspline_eval_std_s_cpp.cc -o multi_bspline_eval_std_s_cpp.o >/dev/null 2>&1
libtool: compile:  gcc -DHAVE_CONFIG_H -I. -D_FORTIFY_SOURCE=2 -g -O2 -fstack-protector-strong -Wformat -Werror=format-security -g -pthread -c multi_nubspline_eval_std_z.c -o multi_nubspline_eval_std_z.o >/dev/null 2>&1
libtool: compile:  g++ -DHAVE_CONFIG_H -I. -D_FORTIFY_SOURCE=2 -g -O2 -fstack-protector-strong -Wformat -Werror=format-security -g -pthread -c multi_bspline_eval_std_c_cpp.cc -o multi_bspline_eval_std_c_cpp.o >/dev/null 2>&1
/bin/bash ../libtool  --tag=CXX   --mode=compile g++ -DHAVE_CONFIG_H -I.   -D_FORTIFY_SOURCE=2  -g -O2 -fstack-protector-strong -Wformat -Werror=format-security -g -pthread -c -o multi_nubspline_eval_std_z_cpp.lo multi_nubspline_eval_std_z_cpp.cc
/bin/bash ../libtool  --tag=CC   --mode=compile gcc -DHAVE_CONFIG_H -I.   -D_FORTIFY_SOURCE=2  -g -O2 -fstack-protector-strong -Wformat -Werror=format-security -g -pthread -c -o blip_create.lo blip_create.c
libtool: compile:  g++ -DHAVE_CONFIG_H -I. -D_FORTIFY_SOURCE=2 -g -O2 -fstack-protector-strong -Wformat -Werror=format-security -g -pthread -c multi_nubspline_eval_std_z_cpp.cc  -fPIC -DPIC -o .libs/multi_nubspline_eval_std_z_cpp.o
libtool: compile:  gcc -DHAVE_CONFIG_H -I. -D_FORTIFY_SOURCE=2 -g -O2 -fstack-protector-strong -Wformat -Werror=format-security -g -pthread -c blip_create.c  -fPIC -DPIC -o .libs/blip_create.o
/bin/bash ../libtool  --tag=CC   --mode=compile gcc -DHAVE_CONFIG_H -I.   -D_FORTIFY_SOURCE=2  -g -O2 -fstack-protector-strong -Wformat -Werror=format-security -g -pthread -c -o fbspline.lo fbspline.c
libtool: compile:  gcc -DHAVE_CONFIG_H -I. -D_FORTIFY_SOURCE=2 -g -O2 -fstack-protector-strong -Wformat -Werror=format-security -g -pthread -c fbspline.c  -fPIC -DPIC -o .libs/fbspline.o
In file included from blip_create.c:13:
./aligned_alloc.h:12:3: warning: ignoring return value of function declared with warn_unused_result attribute [-Wunused-result]
  posix_memalign (&ptr, alignment, size);
  ^~~~~~~~~~~~~~  ~~~~~~~~~~~~~~~~~~~~~
libtool: compile:  gcc -DHAVE_CONFIG_H -I. -D_FORTIFY_SOURCE=2 -g -O2 -fstack-protector-strong -Wformat -Werror=format-security -g -pthread -c multi_bspline_eval_std_z.c -o multi_bspline_eval_std_z.o >/dev/null 2>&1
/bin/bash ../libtool  --tag=CC   --mode=compile gcc -DHAVE_CONFIG_H -I.   -D_FORTIFY_SOURCE=2  -g -O2 -fstack-protector-strong -Wformat -Werror=format-security -g -pthread -c -o fmulti_bspline.lo fmulti_bspline.c
1 warning generated.
libtool: compile:  gcc -DHAVE_CONFIG_H -I. -D_FORTIFY_SOURCE=2 -g -O2 -fstack-protector-strong -Wformat -Werror=format-security -g -pthread -c blip_create.c -o blip_create.o >/dev/null 2>&1
libtool: compile:  g++ -DHAVE_CONFIG_H -I. -D_FORTIFY_SOURCE=2 -g -O2 -fstack-protector-strong -Wformat -Werror=format-security -g -pthread -c multi_bspline_eval_std_d_cpp.cc -o multi_bspline_eval_std_d_cpp.o >/dev/null 2>&1
libtool: compile:  gcc -DHAVE_CONFIG_H -I. -D_FORTIFY_SOURCE=2 -g -O2 -fstack-protector-strong -Wformat -Werror=format-security -g -pthread -c fmulti_bspline.c  -fPIC -DPIC -o .libs/fmulti_bspline.o
/bin/bash ../libtool  --tag=CC   --mode=compile gcc -DHAVE_CONFIG_H -I.   -D_FORTIFY_SOURCE=2  -g -O2 -fstack-protector-strong -Wformat -Werror=format-security -g -pthread -c -o fnubspline.lo fnubspline.c
gcc -DHAVE_CONFIG_H -I.   -D_FORTIFY_SOURCE=2  -g -O2 -fstack-protector-strong -Wformat -Werror=format-security -g -pthread -c -o time_multi.o time_multi.c
libtool: compile:  gcc -DHAVE_CONFIG_H -I. -D_FORTIFY_SOURCE=2 -g -O2 -fstack-protector-strong -Wformat -Werror=format-security -g -pthread -c fnubspline.c  -fPIC -DPIC -o .libs/fnubspline.o
libtool: compile:  g++ -DHAVE_CONFIG_H -I. -D_FORTIFY_SOURCE=2 -g -O2 -fstack-protector-strong -Wformat -Werror=format-security -g -pthread -c multi_nubspline_eval_std_z_cpp.cc -o multi_nubspline_eval_std_z_cpp.o >/dev/null 2>&1
libtool: compile:  gcc -DHAVE_CONFIG_H -I. -D_FORTIFY_SOURCE=2 -g -O2 -fstack-protector-strong -Wformat -Werror=format-security -g -pthread -c fmulti_bspline.c -o fmulti_bspline.o >/dev/null 2>&1
libtool: compile:  g++ -DHAVE_CONFIG_H -I. -D_FORTIFY_SOURCE=2 -g -O2 -fstack-protector-strong -Wformat -Werror=format-security -g -pthread -c multi_bspline_eval_std_z_cpp.cc -o multi_bspline_eval_std_z_cpp.o >/dev/null 2>&1
time_multi.c:1168:54: warning: incompatible pointer types passing 'complex_float [num_splines]' to parameter of type 'float *' [-Wincompatible-pointer-types]
    eval_multi_UBspline_3d_s (multi_spline, x, y, z, multi_vals);
                                                     ^~~~~~~~~~
./multi_bspline_eval_s.h:89:22: note: passing argument to parameter 'vals' here
                          float* restrict vals);
                                          ^
time_multi.c:1170:53: warning: incompatible pointer types passing 'complex_float *' (aka '_Complex float *') to parameter of type 'float *' [-Wincompatible-pointer-types]
      eval_UBspline_3d_s (norm_splines[j], x, y, z, &(norm_vals[j]));
                                                    ^~~~~~~~~~~~~~~
./bspline_eval_std_s.h:403:23: note: passing argument to parameter 'val' here
                    float* restrict val)
                                    ^
time_multi.c:1181:7: warning: incompatible pointer types passing 'complex_float [num_splines]' to parameter of type 'float *' [-Wincompatible-pointer-types]
                                  multi_vals, multi_grads);
                                  ^~~~~~~~~~
./multi_bspline_eval_s.h:94:25: note: passing argument to parameter 'vals' here
                             float* restrict vals,
                                             ^
time_multi.c:1181:19: warning: incompatible pointer types passing 'complex_float [3 * num_splines]' to parameter of type 'float *' [-Wincompatible-pointer-types]
                                  multi_vals, multi_grads);
                                              ^~~~~~~~~~~
./multi_bspline_eval_s.h:95:25: note: passing argument to parameter 'grads' here
                             float* restrict grads);
                                             ^
time_multi.c:1183:56: warning: incompatible pointer types passing 'complex_float *' (aka '_Complex float *') to parameter of type 'float *' [-Wincompatible-pointer-types]
      eval_UBspline_3d_s_vg (norm_splines[j], x, y, z, &(norm_vals[j]),
                                                       ^~~~~~~~~~~~~~~
./bspline_eval_std_s.h:467:20: note: passing argument to parameter 'val' here
                        float* restrict val, float* restrict grad)
                                        ^
time_multi.c:1184:6: warning: incompatible pointer types passing 'complex_float *' (aka '_Complex float *') to parameter of type 'float *' [-Wincompatible-pointer-types]
                          &(norm_grads[3*j]));
                          ^~~~~~~~~~~~~~~~~~
./bspline_eval_std_s.h:467:41: note: passing argument to parameter 'grad' here
                        float* restrict val, float* restrict grad)
                                                             ^
time_multi.c:1201:7: warning: incompatible pointer types passing 'complex_float [num_splines]' to parameter of type 'float *' [-Wincompatible-pointer-types]
                                  multi_vals, multi_grads, multi_lapl);
                                  ^~~~~~~~~~
./multi_bspline_eval_s.h:100:26: note: passing argument to parameter 'vals' here
                              float* restrict vals,
                                              ^
time_multi.c:1201:19: warning: incompatible pointer types passing 'complex_float [3 * num_splines]' to parameter of type 'float *' [-Wincompatible-pointer-types]
                                  multi_vals, multi_grads, multi_lapl);
                                              ^~~~~~~~~~~
./multi_bspline_eval_s.h:101:26: note: passing argument to parameter 'grads' here
                              float* restrict grads,
                                              ^
time_multi.c:1201:32: warning: incompatible pointer types passing 'complex_float [num_splines]' to parameter of type 'float *' [-Wincompatible-pointer-types]
                                  multi_vals, multi_grads, multi_lapl);
                                                           ^~~~~~~~~~
./multi_bspline_eval_s.h:102:26: note: passing argument to parameter 'lapl' here
                              float* restrict lapl);
                                              ^
time_multi.c:1203:57: warning: incompatible pointer types passing 'complex_float *' (aka '_Complex float *') to parameter of type 'float *' [-Wincompatible-pointer-types]
      eval_UBspline_3d_s_vgl (norm_splines[j], x, y, z, &(norm_vals[j]),
                                                        ^~~~~~~~~~~~~~~
./bspline_eval_std_s.h:576:20: note: passing argument to parameter 'val' here
                        float* restrict val, float* restrict grad, float* restrict lapl)
                                        ^
time_multi.c:1204:6: warning: incompatible pointer types passing 'complex_float *' (aka '_Complex float *') to parameter of type 'float *' [-Wincompatible-pointer-types]
                          &(norm_grads[3*j]), &(norm_lapl[j]));
                          ^~~~~~~~~~~~~~~~~~
./bspline_eval_std_s.h:576:41: note: passing argument to parameter 'grad' here
                        float* restrict val, float* restrict grad, float* restrict lapl)
                                                             ^
time_multi.c:1204:26: warning: incompatible pointer types passing 'complex_float *' (aka '_Complex float *') to parameter of type 'float *' [-Wincompatible-pointer-types]
                          &(norm_grads[3*j]), &(norm_lapl[j]));
                                              ^~~~~~~~~~~~~~~
./bspline_eval_std_s.h:576:63: note: passing argument to parameter 'lapl' here
                        float* restrict val, float* restrict grad, float* restrict lapl)
                                                                                   ^
time_multi.c:1225:7: warning: incompatible pointer types passing 'complex_float [num_splines]' to parameter of type 'float *' [-Wincompatible-pointer-types]
                                  multi_vals, multi_grads, multi_hess);
                                  ^~~~~~~~~~
./multi_bspline_eval_s.h:107:26: note: passing argument to parameter 'vals' here
                              float* restrict vals,
                                              ^
time_multi.c:1225:19: warning: incompatible pointer types passing 'complex_float [3 * num_splines]' to parameter of type 'float *' [-Wincompatible-pointer-types]
                                  multi_vals, multi_grads, multi_hess);
                                              ^~~~~~~~~~~
./multi_bspline_eval_s.h:108:26: note: passing argument to parameter 'grads' here
                              float* restrict grads,
                                              ^
time_multi.c:1225:32: warning: incompatible pointer types passing 'complex_float [9 * num_splines]' to parameter of type 'float *' [-Wincompatible-pointer-types]
                                  multi_vals, multi_grads, multi_hess);
                                                           ^~~~~~~~~~
./multi_bspline_eval_s.h:109:26: note: passing argument to parameter 'hess' here
                              float* restrict hess);
                                              ^
time_multi.c:1227:57: warning: incompatible pointer types passing 'complex_float *' (aka '_Complex float *') to parameter of type 'float *' [-Wincompatible-pointer-types]
      eval_UBspline_3d_s_vgh (norm_splines[j], x, y, z, &(norm_vals[j]),
                                                        ^~~~~~~~~~~~~~~
./bspline_eval_std_s.h:739:20: note: passing argument to parameter 'val' here
                        float* restrict val, float* restrict grad, float* restrict hess)
                                        ^
time_multi.c:1228:6: warning: incompatible pointer types passing 'complex_float *' (aka '_Complex float *') to parameter of type 'float *' [-Wincompatible-pointer-types]
                          &(norm_grads[3*j]), &(norm_hess[9*j]));
                          ^~~~~~~~~~~~~~~~~~
./bspline_eval_std_s.h:739:41: note: passing argument to parameter 'grad' here
                        float* restrict val, float* restrict grad, float* restrict hess)
                                                             ^
time_multi.c:1228:26: warning: incompatible pointer types passing 'complex_float *' (aka '_Complex float *') to parameter of type 'float *' [-Wincompatible-pointer-types]
                          &(norm_grads[3*j]), &(norm_hess[9*j]));
                                              ^~~~~~~~~~~~~~~~~
./bspline_eval_std_s.h:739:63: note: passing argument to parameter 'hess' here
                        float* restrict val, float* restrict grad, float* restrict hess)
                                                                                   ^
time_multi.c:2780:1: warning: type specifier missing, defaults to 'int' [-Wimplicit-int]
main()
^
libtool: compile:  gcc -DHAVE_CONFIG_H -I. -D_FORTIFY_SOURCE=2 -g -O2 -fstack-protector-strong -Wformat -Werror=format-security -g -pthread -c fnubspline.c -o fnubspline.o >/dev/null 2>&1
libtool: compile:  gcc -DHAVE_CONFIG_H -I. -D_FORTIFY_SOURCE=2 -g -O2 -fstack-protector-strong -Wformat -Werror=format-security -g -pthread -c fbspline.c -o fbspline.o >/dev/null 2>&1
19 warnings generated.
/bin/bash ../libtool  --tag=CXX   --mode=link g++  -g -O2 -fstack-protector-strong -Wformat -Werror=format-security -g -pthread  -Wl,-z,relro -o libeinspline.la -rpath /usr/lib/x86_64-linux-gnu bspline_create.lo bspline_data.lo multi_bspline_create.lo multi_nubspline_create.lo nubspline_create.lo nubasis.lo nugrid.lo multi_bspline_eval_std_s.lo multi_bspline_eval_std_s_cpp.lo multi_bspline_eval_std_c.lo multi_bspline_eval_std_c_cpp.lo multi_bspline_eval_std_d.lo multi_bspline_eval_std_d_cpp.lo multi_bspline_eval_std_z.lo multi_bspline_eval_std_z_cpp.lo multi_nubspline_eval_std_z.lo multi_nubspline_eval_std_z_cpp.lo blip_create.lo  fbspline.lo fmulti_bspline.lo fnubspline.lo -L/usr/lib/gcc/x86_64-linux-gnu/4.9 -L/usr/lib/gcc/x86_64-linux-gnu/4.9/../../../x86_64-linux-gnu -L/usr/lib/gcc/x86_64-linux-gnu/4.9/../../../../lib -L/lib/x86_64-linux-gnu -L/lib/../lib -L/usr/lib/x86_64-linux-gnu -L/usr/lib/../lib -L/usr/lib/gcc/x86_64-linux-gnu/4.9/../../.. -lgfortran -lm -lquadmath -lfftw3  -lfftw3f  -lm  
libtool: link: g++  -fPIC -DPIC -shared -nostdlib /usr/bin/../lib/gcc/x86_64-linux-gnu/4.9/../../../x86_64-linux-gnu/crti.o /usr/bin/../lib/gcc/x86_64-linux-gnu/4.9/crtbeginS.o  .libs/bspline_create.o .libs/bspline_data.o .libs/multi_bspline_create.o .libs/multi_nubspline_create.o .libs/nubspline_create.o .libs/nubasis.o .libs/nugrid.o .libs/multi_bspline_eval_std_s.o .libs/multi_bspline_eval_std_s_cpp.o .libs/multi_bspline_eval_std_c.o .libs/multi_bspline_eval_std_c_cpp.o .libs/multi_bspline_eval_std_d.o .libs/multi_bspline_eval_std_d_cpp.o .libs/multi_bspline_eval_std_z.o .libs/multi_bspline_eval_std_z_cpp.o .libs/multi_nubspline_eval_std_z.o .libs/multi_nubspline_eval_std_z_cpp.o .libs/blip_create.o .libs/fbspline.o .libs/fmulti_bspline.o .libs/fnubspline.o   -L/usr/lib/gcc/x86_64-linux-gnu/4.9 -L/usr/lib/gcc/x86_64-linux-gnu/4.9/../../../x86_64-linux-gnu -L/usr/lib/gcc/x86_64-linux-gnu/4.9/../../../../lib -L/lib/x86_64-linux-gnu -L/lib/../lib -L/usr/lib/x86_64-linux-gnu -L/usr/lib/../lib -L/usr/lib/gcc/x86_64-linux-gnu/4.9/../../.. -lgfortran -lquadmath -lfftw3 -lfftw3f -L/usr/bin/../lib/gcc/x86_64-linux-gnu/4.9 -L/usr/bin/../lib/gcc/x86_64-linux-gnu/4.9/../../../x86_64-linux-gnu -L/lib/../lib64 -L/usr/bin/../lib/gcc/x86_64-linux-gnu/4.9/../../.. -L/usr/lib/llvm-3.6/bin/../lib -L/lib -L/usr/lib -lstdc++ -lm -lc -lgcc_s /usr/bin/../lib/gcc/x86_64-linux-gnu/4.9/crtendS.o /usr/bin/../lib/gcc/x86_64-linux-gnu/4.9/../../../x86_64-linux-gnu/crtn.o  -O2 -pthread -Wl,-z -Wl,relro   -pthread -Wl,-soname -Wl,libeinspline.so.0 -o .libs/libeinspline.so.0.0.0
clang: warning: argument unused during compilation: '-pthread'
clang: warning: argument unused during compilation: '-pthread'
libtool: link: (cd ".libs" && rm -f "libeinspline.so.0" && ln -s "libeinspline.so.0.0.0" "libeinspline.so.0")
libtool: link: (cd ".libs" && rm -f "libeinspline.so" && ln -s "libeinspline.so.0.0.0" "libeinspline.so")
libtool: link: ar cru .libs/libeinspline.a  bspline_create.o bspline_data.o multi_bspline_create.o multi_nubspline_create.o nubspline_create.o nubasis.o nugrid.o multi_bspline_eval_std_s.o multi_bspline_eval_std_s_cpp.o multi_bspline_eval_std_c.o multi_bspline_eval_std_c_cpp.o multi_bspline_eval_std_d.o multi_bspline_eval_std_d_cpp.o multi_bspline_eval_std_z.o multi_bspline_eval_std_z_cpp.o multi_nubspline_eval_std_z.o multi_nubspline_eval_std_z_cpp.o blip_create.o fbspline.o fmulti_bspline.o fnubspline.o
libtool: link: ranlib .libs/libeinspline.a
libtool: link: ( cd ".libs" && rm -f "libeinspline.la" && ln -s "../libeinspline.la" "libeinspline.la" )
/bin/bash ../libtool  --tag=CC   --mode=link gcc  -g -O2 -fstack-protector-strong -Wformat -Werror=format-security -g -pthread  -Wl,-z,relro -o time_multi time_multi.o libeinspline.la -L/usr/lib/gcc/x86_64-linux-gnu/4.9 -L/usr/lib/gcc/x86_64-linux-gnu/4.9/../../../x86_64-linux-gnu -L/usr/lib/gcc/x86_64-linux-gnu/4.9/../../../../lib -L/lib/x86_64-linux-gnu -L/lib/../lib -L/usr/lib/x86_64-linux-gnu -L/usr/lib/../lib -L/usr/lib/gcc/x86_64-linux-gnu/4.9/../../.. -lgfortran -lm -lquadmath -lfftw3  -lfftw3f  -lm  
libtool: link: gcc -g -O2 -fstack-protector-strong -Wformat -Werror=format-security -g -pthread -Wl,-z -Wl,relro -o .libs/time_multi time_multi.o  ./.libs/libeinspline.so -L/usr/lib/gcc/x86_64-linux-gnu/4.9 -L/usr/lib/gcc/x86_64-linux-gnu/4.9/../../../x86_64-linux-gnu -L/usr/lib/gcc/x86_64-linux-gnu/4.9/../../../../lib -L/lib/x86_64-linux-gnu -L/lib/../lib -L/usr/lib/x86_64-linux-gnu -L/usr/lib/../lib -L/usr/lib/gcc/x86_64-linux-gnu/4.9/../../.. -lgfortran -lquadmath -lfftw3 -lfftw3f -lm -pthread
time_multi.o: In function `test_1d_float_all':
/«PKGBUILDDIR»/src/time_multi.c:107: undefined reference to `eval_UBspline_1d_s_vg'
/«PKGBUILDDIR»/src/time_multi.c:125: undefined reference to `eval_UBspline_1d_s_vgl'
time_multi.o: In function `test_2d_float_all':
/«PKGBUILDDIR»/src/time_multi.c:200: undefined reference to `eval_UBspline_2d_s'
/«PKGBUILDDIR»/src/time_multi.c:213: undefined reference to `eval_UBspline_2d_s_vg'
/«PKGBUILDDIR»/src/time_multi.c:233: undefined reference to `eval_UBspline_2d_s_vgl'
/«PKGBUILDDIR»/src/time_multi.c:257: undefined reference to `eval_UBspline_2d_s_vgh'
time_multi.o: In function `test_3d_float_all':
/«PKGBUILDDIR»/src/time_multi.c:343: undefined reference to `eval_UBspline_3d_s'
/«PKGBUILDDIR»/src/time_multi.c:356: undefined reference to `eval_UBspline_3d_s_vg'
/«PKGBUILDDIR»/src/time_multi.c:376: undefined reference to `eval_UBspline_3d_s_vgl'
/«PKGBUILDDIR»/src/time_multi.c:400: undefined reference to `eval_UBspline_3d_s_vgh'
time_multi.o: In function `test_1d_double_all':
/«PKGBUILDDIR»/src/time_multi.c:527: undefined reference to `eval_UBspline_1d_d_vg'
/«PKGBUILDDIR»/src/time_multi.c:545: undefined reference to `eval_UBspline_1d_d_vgl'
time_multi.o: In function `test_2d_double_all':
/«PKGBUILDDIR»/src/time_multi.c:620: undefined reference to `eval_UBspline_2d_d'
/«PKGBUILDDIR»/src/time_multi.c:633: undefined reference to `eval_UBspline_2d_d_vg'
/«PKGBUILDDIR»/src/time_multi.c:653: undefined reference to `eval_UBspline_2d_d_vgl'
/«PKGBUILDDIR»/src/time_multi.c:677: undefined reference to `eval_UBspline_2d_d_vgh'
time_multi.o: In function `test_3d_double_all':
/«PKGBUILDDIR»/src/time_multi.c:765: undefined reference to `eval_UBspline_3d_d_vg'
/«PKGBUILDDIR»/src/time_multi.c:785: undefined reference to `eval_UBspline_3d_d_vgl'
/«PKGBUILDDIR»/src/time_multi.c:809: undefined reference to `eval_UBspline_3d_d_vgh'
time_multi.o: In function `test_1d_complex_float_all':
/«PKGBUILDDIR»/src/time_multi.c:916: undefined reference to `eval_UBspline_1d_c_vg'
/«PKGBUILDDIR»/src/time_multi.c:934: undefined reference to `eval_UBspline_1d_c_vgl'
time_multi.o: In function `test_2d_complex_float_all':
/«PKGBUILDDIR»/src/time_multi.c:1008: undefined reference to `eval_UBspline_2d_c'
/«PKGBUILDDIR»/src/time_multi.c:1021: undefined reference to `eval_UBspline_2d_c_vg'
/«PKGBUILDDIR»/src/time_multi.c:1051: undefined reference to `eval_UBspline_2d_c_vgl'
/«PKGBUILDDIR»/src/time_multi.c:1080: undefined reference to `eval_UBspline_2d_c_vgh'
time_multi.o: In function `test_3d_real_float_all':
/«PKGBUILDDIR»/src/time_multi.c:1170: undefined reference to `eval_UBspline_3d_s'
/«PKGBUILDDIR»/src/time_multi.c:1183: undefined reference to `eval_UBspline_3d_s_vg'
/«PKGBUILDDIR»/src/time_multi.c:1203: undefined reference to `eval_UBspline_3d_s_vgl'
/«PKGBUILDDIR»/src/time_multi.c:1227: undefined reference to `eval_UBspline_3d_s_vgh'
time_multi.o: In function `test_3d_complex_float_all':
/«PKGBUILDDIR»/src/time_multi.c:1307: undefined reference to `eval_UBspline_3d_c'
/«PKGBUILDDIR»/src/time_multi.c:1320: undefined reference to `eval_UBspline_3d_c_vg'
/«PKGBUILDDIR»/src/time_multi.c:1340: undefined reference to `eval_UBspline_3d_c_vgl'
/«PKGBUILDDIR»/src/time_multi.c:1364: undefined reference to `eval_UBspline_3d_c_vgh'
time_multi.o: In function `test_complex_double':
/«PKGBUILDDIR»/src/time_multi.c:1442: undefined reference to `eval_UBspline_3d_z'
/«PKGBUILDDIR»/src/time_multi.c:1474: undefined reference to `eval_UBspline_3d_z'
time_multi.o: In function `test_1d_complex_double_all':
/«PKGBUILDDIR»/src/time_multi.c:1575: undefined reference to `eval_UBspline_1d_z_vg'
/«PKGBUILDDIR»/src/time_multi.c:1593: undefined reference to `eval_UBspline_1d_z_vgl'
time_multi.o: In function `test_2d_complex_double_all':
/«PKGBUILDDIR»/src/time_multi.c:1667: undefined reference to `eval_UBspline_2d_z'
/«PKGBUILDDIR»/src/time_multi.c:1680: undefined reference to `eval_UBspline_2d_z_vg'
/«PKGBUILDDIR»/src/time_multi.c:1700: undefined reference to `eval_UBspline_2d_z_vgl'
/«PKGBUILDDIR»/src/time_multi.c:1729: undefined reference to `eval_UBspline_2d_z_vgh'
time_multi.o: In function `time_3d_complex_float_all':
/«PKGBUILDDIR»/src/time_multi.c:1831: undefined reference to `eval_UBspline_3d_c'
/«PKGBUILDDIR»/src/time_multi.c:1885: undefined reference to `eval_UBspline_3d_c_vgh'
time_multi.o: In function `time_3d_real_float_all':
/«PKGBUILDDIR»/src/time_multi.c:1973: undefined reference to `eval_UBspline_3d_s'
/«PKGBUILDDIR»/src/time_multi.c:2006: undefined reference to `eval_UBspline_3d_s_vgh'
time_multi.o: In function `time_3d_real_double_all':
/«PKGBUILDDIR»/src/time_multi.c:2102: undefined reference to `eval_UBspline_3d_d'
/«PKGBUILDDIR»/src/time_multi.c:2135: undefined reference to `eval_UBspline_3d_d_vgh'
time_multi.o: In function `time_3d_complex_double_all':
/«PKGBUILDDIR»/src/time_multi.c:2228: undefined reference to `eval_UBspline_3d_z'
/«PKGBUILDDIR»/src/time_multi.c:2282: undefined reference to `eval_UBspline_3d_z_vgh'
time_multi.o: In function `test_complex_double_vgh':
/«PKGBUILDDIR»/src/time_multi.c:2357: undefined reference to `eval_UBspline_3d_z_vgh'
/«PKGBUILDDIR»/src/time_multi.c:2408: undefined reference to `eval_UBspline_3d_z_vgh'
time_multi.o: In function `test_double':
/«PKGBUILDDIR»/src/time_multi.c:2479: undefined reference to `eval_UBspline_3d_d'
/«PKGBUILDDIR»/src/time_multi.c:2511: undefined reference to `eval_UBspline_3d_d'
time_multi.o: In function `test_double_vgh':
/«PKGBUILDDIR»/src/time_multi.c:2583: undefined reference to `eval_UBspline_3d_d_vgh'
/«PKGBUILDDIR»/src/time_multi.c:2638: undefined reference to `eval_UBspline_3d_d_vgh'
./.libs/libeinspline.so: undefined reference to `eval_NUBspline_2d_c_vgh'
./.libs/libeinspline.so: undefined reference to `eval_NUBspline_3d_z_vg'
./.libs/libeinspline.so: undefined reference to `eval_NUBspline_3d_s_vgh'
./.libs/libeinspline.so: undefined reference to `eval_UBspline_3d_z_vgl'
./.libs/libeinspline.so: undefined reference to `eval_NUBspline_3d_d'
./.libs/libeinspline.so: undefined reference to `eval_NUBspline_3d_z_vgl'
./.libs/libeinspline.so: undefined reference to `eval_NUBspline_3d_z'
./.libs/libeinspline.so: undefined reference to `eval_NUBspline_2d_z'
./.libs/libeinspline.so: undefined reference to `eval_NUBspline_3d_c_vgl'
./.libs/libeinspline.so: undefined reference to `eval_NUBspline_3d_s_vg'
./.libs/libeinspline.so: undefined reference to `eval_NUBspline_2d_s_vgh'
./.libs/libeinspline.so: undefined reference to `eval_NUBspline_2d_z_vgl'
./.libs/libeinspline.so: undefined reference to `eval_NUBspline_2d_d_vg'
./.libs/libeinspline.so: undefined reference to `eval_NUBspline_2d_c_vgl'
./.libs/libeinspline.so: undefined reference to `eval_NUBspline_3d_c_vg'
./.libs/libeinspline.so: undefined reference to `eval_NUBspline_3d_d_vgl'
./.libs/libeinspline.so: undefined reference to `eval_NUBspline_3d_s_vgl'
./.libs/libeinspline.so: undefined reference to `eval_NUBspline_2d_d'
./.libs/libeinspline.so: undefined reference to `eval_NUBspline_2d_d_vgl'
./.libs/libeinspline.so: undefined reference to `eval_NUBspline_2d_z_vg'
./.libs/libeinspline.so: undefined reference to `eval_NUBspline_2d_s'
./.libs/libeinspline.so: undefined reference to `eval_NUBspline_2d_c'
./.libs/libeinspline.so: undefined reference to `eval_UBspline_3d_z_vg'
./.libs/libeinspline.so: undefined reference to `eval_NUBspline_2d_c_vg'
./.libs/libeinspline.so: undefined reference to `eval_NUBspline_3d_z_vgh'
./.libs/libeinspline.so: undefined reference to `eval_NUBspline_2d_s_vg'
./.libs/libeinspline.so: undefined reference to `eval_NUBspline_3d_d_vg'
./.libs/libeinspline.so: undefined reference to `eval_NUBspline_3d_c'
./.libs/libeinspline.so: undefined reference to `eval_NUBspline_3d_s'
./.libs/libeinspline.so: undefined reference to `eval_NUBspline_3d_c_vgh'
./.libs/libeinspline.so: undefined reference to `eval_NUBspline_2d_s_vgl'
./.libs/libeinspline.so: undefined reference to `eval_NUBspline_2d_z_vgh'
clang: error: linker command failed with exit code 1 (use -v to see invocation)
make[3]: *** [time_multi] Error 1
Makefile:851: recipe for target 'time_multi' failed
make[3]: Leaving directory '/«PKGBUILDDIR»/src'
make[2]: *** [all] Error 2
Makefile:664: recipe for target 'all' failed
make[2]: Leaving directory '/«PKGBUILDDIR»/src'
make[1]: *** [all-recursive] Error 1
Makefile:462: recipe for target 'all-recursive' failed
make[1]: Leaving directory '/«PKGBUILDDIR»'
dh_auto_build: make -j10 returned exit code 2
make: *** [build-arch] Error 2
debian/rules:4: recipe for target 'build-arch' failed
dpkg-buildpackage: error: debian/rules build-arch gave error exit status 2
────────────────────────────────────────────────────────────────────────────────
Build finished at 20150326-0516

Finished
────────

E: Build failure (dpkg-buildpackage died)

┌──────────────────────────────────────────────────────────────────────────────┐
│ Cleanup                                                                      │
└──────────────────────────────────────────────────────────────────────────────┘

Purging /«BUILDDIR»
Not cleaning session: cloned chroot in use

┌──────────────────────────────────────────────────────────────────────────────┐
│ Summary                                                                      │
└──────────────────────────────────────────────────────────────────────────────┘

Build Architecture: amd64
Build-Space: 13104
Build-Time: 44
Distribution: unstable
Fail-Stage: build
Host Architecture: amd64
Install-Time: 12
Job: einspline_0.9.2-2
Machine Architecture: amd64
Package: einspline
Package-Time: 85
Source-Version: 0.9.2-2
Space: 13104
Status: attempted
Version: 0.9.2-2
────────────────────────────────────────────────────────────────────────────────
Finished at 20150326-0516
Build needed 00:01:25, 13104k disc space
DC-Status: Failed 85.357605647s
DC-Time-Estimation: 85.357605647 versus expected 788 (r/m: 8.231749110428511 ; m: 85.357605647)
