DC-Build-Header: uhub 0.4.1-3 / 2015-03-26 08:19:19 +0000
DC-Task: source:uhub version:0.4.1-3 architecture:any chroot:unstable esttime:243 logfile:/tmp/uhub_0.4.1-3_unstable_clang.log modes:binary-only:parallel:clang
DC-Sbuild-call: su user -c 'sbuild -n --apt-update -d unstable -v  --chroot-setup-commands=/tmp/clang uhub_0.4.1-3'
sbuild (Debian sbuild) 0.63.2 (18 Aug 2012) on ip-172-31-6-98.us-west-2.compute.internal

╔══════════════════════════════════════════════════════════════════════════════╗
║ uhub 0.4.1-3 (amd64)                                       26 Mar 2015 08:19 ║
╚══════════════════════════════════════════════════════════════════════════════╝

Package: uhub
Version: 0.4.1-3
Source Version: 0.4.1-3
Distribution: unstable
Machine Architecture: amd64
Host Architecture: amd64
Build Architecture: amd64

I: NOTICE: Log filtering will replace 'build/uhub-2e37Wk/uhub-0.4.1' with '«PKGBUILDDIR»'
I: NOTICE: Log filtering will replace 'build/uhub-2e37Wk' with '«BUILDDIR»'
I: NOTICE: Log filtering will replace 'var/lib/schroot/mount/unstable-amd64-sbuild-24990778-cc75-4902-8502-d4d23d15f294' with '«CHROOT»'

┌──────────────────────────────────────────────────────────────────────────────┐
│ Update chroot                                                                │
└──────────────────────────────────────────────────────────────────────────────┘

Get:1 http://localhost:9999 unstable InRelease [257 kB]
Get:2 http://localhost:9999 unstable/main Sources/DiffIndex [7876 B]
Get:3 http://localhost:9999 unstable/main amd64 Packages/DiffIndex [7876 B]
Get:4 http://localhost:9999 unstable/main Translation-en/DiffIndex [7876 B]
Get:5 http://localhost:9999 unstable/main 2015-03-25-1448.37.pdiff [3021 B]
Get:6 http://localhost:9999 unstable/main 2015-03-25-2049.47.pdiff [5545 B]
Get:7 http://localhost:9999 unstable/main 2015-03-26-0248.39.pdiff [3389 B]
Get:8 http://localhost:9999 unstable/main 2015-03-26-0248.39.pdiff [3389 B]
Get:9 http://localhost:9999 unstable/main amd64 2015-03-25-1448.37.pdiff [4095 B]
Get:10 http://localhost:9999 unstable/main amd64 2015-03-25-2049.47.pdiff [4595 B]
Get:11 http://localhost:9999 unstable/main amd64 2015-03-26-0248.39.pdiff [3173 B]
Get:12 http://localhost:9999 unstable/main 2015-03-25-2049.47.pdiff [2032 B]
Get:13 http://localhost:9999 unstable/main amd64 2015-03-26-0248.39.pdiff [3173 B]
Get:14 http://localhost:9999 unstable/main 2015-03-25-2049.47.pdiff [2032 B]
Fetched 306 kB in 4s (63.6 kB/s)
Reading package lists...
Reading package lists...
Building dependency tree...
Reading state information...
0 upgraded, 0 newly installed, 0 to remove and 0 not upgraded.

┌──────────────────────────────────────────────────────────────────────────────┐
│ Fetch source files                                                           │
└──────────────────────────────────────────────────────────────────────────────┘


Check APT
─────────

Checking available source versions...

Download source files with APT
──────────────────────────────

Reading package lists...
Building dependency tree...
Reading state information...
NOTICE: 'uhub' packaging is maintained in the 'Git' version control system at:
git://github.com/tehnick/uhub-debian.git
Need to get 167 kB of source archives.
Get:1 http://localhost:9999/debian/ unstable/main uhub 0.4.1-3 (dsc) [1805 B]
Get:2 http://localhost:9999/debian/ unstable/main uhub 0.4.1-3 (tar) [159 kB]
Get:3 http://localhost:9999/debian/ unstable/main uhub 0.4.1-3 (diff) [6016 B]
Fetched 167 kB in 2s (82.3 kB/s)
Download complete and in download only mode

Check arch
──────────


┌──────────────────────────────────────────────────────────────────────────────┐
│ Chroot Setup Commands                                                        │
└──────────────────────────────────────────────────────────────────────────────┘


/tmp/clang
──────────

+ echo 'Entering customization script...'
Entering customization script...
+ CLANG_VERSION=3.6
+ echo 'Install of clang-3.6'
Install of clang-3.6
+ apt-get update
Hit http://localhost:9999 unstable InRelease
Get:1 http://localhost:9999 unstable/main Sources/DiffIndex [7876 B]
Get:2 http://localhost:9999 unstable/main amd64 Packages/DiffIndex [7876 B]
Get:3 http://localhost:9999 unstable/main Translation-en/DiffIndex [7876 B]
Fetched 23.6 kB in 1s (12.6 kB/s)
Reading package lists...
+ apt-get install --yes --no-install-recommends --force-yes clang-3.6
Reading package lists...
Building dependency tree...
Reading state information...
The following extra packages will be installed:
  libbsd0 libclang-common-3.6-dev libclang1-3.6 libedit2 libffi6 libllvm3.6
  libobjc-4.9-dev libobjc4
Suggested packages:
  gnustep gnustep-devel clang-3.6-doc
Recommended packages:
  llvm-3.6-dev python
The following NEW packages will be installed:
  clang-3.6 libbsd0 libclang-common-3.6-dev libclang1-3.6 libedit2 libffi6
  libllvm3.6 libobjc-4.9-dev libobjc4
0 upgraded, 9 newly installed, 0 to remove and 0 not upgraded.
Need to get 39.2 MB of archives.
After this operation, 153 MB of additional disk space will be used.
Get:1 http://localhost:9999/debian/ unstable/main libbsd0 amd64 0.7.0-2 [67.9 kB]
Get:2 http://localhost:9999/debian/ unstable/main libedit2 amd64 3.1-20140620-2 [85.1 kB]
Get:3 http://localhost:9999/debian/ unstable/main libffi6 amd64 3.1-2+b2 [20.1 kB]
Get:4 http://localhost:9999/debian/ unstable/main libllvm3.6 amd64 1:3.6-2 [8137 kB]
Get:5 http://localhost:9999/debian/ unstable/main libobjc4 amd64 4.9.2-10 [112 kB]
Get:6 http://localhost:9999/debian/ unstable/main libobjc-4.9-dev amd64 4.9.2-10 [372 kB]
Get:7 http://localhost:9999/debian/ unstable/main libclang1-3.6 amd64 1:3.6-2 [3839 kB]
Get:8 http://localhost:9999/debian/ unstable/main libclang-common-3.6-dev amd64 1:3.6-2 [706 kB]
Get:9 http://localhost:9999/debian/ unstable/main clang-3.6 amd64 1:3.6-2 [25.8 MB]
debconf: unable to initialize frontend: Dialog
debconf: (Dialog frontend will not work on a dumb terminal, an emacs shell buffer, or without a controlling terminal.)
debconf: falling back to frontend: Readline
debconf: unable to initialize frontend: Readline
debconf: (This frontend requires a controlling tty.)
debconf: falling back to frontend: Teletype
dpkg-preconfigure: unable to re-open stdin: 
Fetched 39.2 MB in 0s (39.2 MB/s)
Selecting previously unselected package libbsd0:amd64.
(Reading database ... (Reading database ... 5%(Reading database ... 10%(Reading database ... 15%(Reading database ... 20%(Reading database ... 25%(Reading database ... 30%(Reading database ... 35%(Reading database ... 40%(Reading database ... 45%(Reading database ... 50%(Reading database ... 55%(Reading database ... 60%(Reading database ... 65%(Reading database ... 70%(Reading database ... 75%(Reading database ... 80%(Reading database ... 85%(Reading database ... 90%(Reading database ... 95%(Reading database ... 100%(Reading database ... 11980 files and directories currently installed.)
Preparing to unpack .../libbsd0_0.7.0-2_amd64.deb ...
Unpacking libbsd0:amd64 (0.7.0-2) ...
Selecting previously unselected package libedit2:amd64.
Preparing to unpack .../libedit2_3.1-20140620-2_amd64.deb ...
Unpacking libedit2:amd64 (3.1-20140620-2) ...
Selecting previously unselected package libffi6:amd64.
Preparing to unpack .../libffi6_3.1-2+b2_amd64.deb ...
Unpacking libffi6:amd64 (3.1-2+b2) ...
Selecting previously unselected package libllvm3.6:amd64.
Preparing to unpack .../libllvm3.6_1%3a3.6-2_amd64.deb ...
Unpacking libllvm3.6:amd64 (1:3.6-2) ...
Selecting previously unselected package libobjc4:amd64.
Preparing to unpack .../libobjc4_4.9.2-10_amd64.deb ...
Unpacking libobjc4:amd64 (4.9.2-10) ...
Selecting previously unselected package libobjc-4.9-dev:amd64.
Preparing to unpack .../libobjc-4.9-dev_4.9.2-10_amd64.deb ...
Unpacking libobjc-4.9-dev:amd64 (4.9.2-10) ...
Selecting previously unselected package libclang1-3.6:amd64.
Preparing to unpack .../libclang1-3.6_1%3a3.6-2_amd64.deb ...
Unpacking libclang1-3.6:amd64 (1:3.6-2) ...
Selecting previously unselected package libclang-common-3.6-dev.
Preparing to unpack .../libclang-common-3.6-dev_1%3a3.6-2_amd64.deb ...
Unpacking libclang-common-3.6-dev (1:3.6-2) ...
Selecting previously unselected package clang-3.6.
Preparing to unpack .../clang-3.6_1%3a3.6-2_amd64.deb ...
Unpacking clang-3.6 (1:3.6-2) ...
Setting up libbsd0:amd64 (0.7.0-2) ...
Setting up libedit2:amd64 (3.1-20140620-2) ...
Setting up libffi6:amd64 (3.1-2+b2) ...
Setting up libllvm3.6:amd64 (1:3.6-2) ...
Setting up libobjc4:amd64 (4.9.2-10) ...
Setting up libobjc-4.9-dev:amd64 (4.9.2-10) ...
Setting up libclang1-3.6:amd64 (1:3.6-2) ...
Setting up libclang-common-3.6-dev (1:3.6-2) ...
Setting up clang-3.6 (1:3.6-2) ...
Processing triggers for libc-bin (2.19-17) ...
+ echo 'Replace gcc, g++ & cpp by clang'
Replace gcc, g++ & cpp by clang
+ VERSIONS='4.6 4.7 4.8 4.9 5'
+ cd /usr/bin
+ for VERSION in '$VERSIONS'
+ rm -f g++-4.6 gcc-4.6 cpp-4.6 gcc
+ ln -s clang++-3.6 g++-4.6
+ ln -s clang-3.6 gcc-4.6
+ ln -s clang-3.6 cpp-4.6
+ ln -s clang-3.6 gcc
+ echo 'gcc-4.6 hold'
+ dpkg --set-selections
+ echo 'g++-4.6 hold'
+ dpkg --set-selections
+ for VERSION in '$VERSIONS'
+ rm -f g++-4.7 gcc-4.7 cpp-4.7 gcc
+ ln -s clang++-3.6 g++-4.7
+ ln -s clang-3.6 gcc-4.7
+ ln -s clang-3.6 cpp-4.7
+ ln -s clang-3.6 gcc
+ echo 'gcc-4.7 hold'
+ dpkg --set-selections
+ echo 'g++-4.7 hold'
+ dpkg --set-selections
+ for VERSION in '$VERSIONS'
+ rm -f g++-4.8 gcc-4.8 cpp-4.8 gcc
+ ln -s clang++-3.6 g++-4.8
+ ln -s clang-3.6 gcc-4.8
+ ln -s clang-3.6 cpp-4.8
+ ln -s clang-3.6 gcc
+ echo 'gcc-4.8 hold'
+ dpkg --set-selections
dpkg: warning: package not in database at line 1: gcc-4.8
dpkg: warning: found unknown packages; this might mean the available database
is outdated, and needs to be updated through a frontend method
+ echo 'g++-4.8 hold'
+ dpkg --set-selections
dpkg: warning: package not in database at line 1: g++-4.8
dpkg: warning: found unknown packages; this might mean the available database
is outdated, and needs to be updated through a frontend method
+ for VERSION in '$VERSIONS'
+ rm -f g++-4.9 gcc-4.9 cpp-4.9 gcc
+ ln -s clang++-3.6 g++-4.9
+ ln -s clang-3.6 gcc-4.9
+ ln -s clang-3.6 cpp-4.9
+ ln -s clang-3.6 gcc
+ echo 'gcc-4.9 hold'
+ dpkg --set-selections
+ echo 'g++-4.9 hold'
+ dpkg --set-selections
+ for VERSION in '$VERSIONS'
+ rm -f g++-5 gcc-5 cpp-5 gcc
+ ln -s clang++-3.6 g++-5
+ ln -s clang-3.6 gcc-5
+ ln -s clang-3.6 cpp-5
+ ln -s clang-3.6 gcc
+ echo 'gcc-5 hold'
+ dpkg --set-selections
dpkg: warning: package not in database at line 1: gcc-5
dpkg: warning: found unknown packages; this might mean the available database
is outdated, and needs to be updated through a frontend method
+ echo 'g++-5 hold'
+ dpkg --set-selections
dpkg: warning: package not in database at line 1: g++-5
dpkg: warning: found unknown packages; this might mean the available database
is outdated, and needs to be updated through a frontend method
+ cd -
/«BUILDDIR»
+ echo 'Check if gcc, g++ & cpp are actually clang'
Check if gcc, g++ & cpp are actually clang
+ gcc --version
+ grep clang
+ cpp --version
+ grep clang
+ g++ --version
+ grep clang

I: Finished running '/tmp/clang'.

Finished processing commands.
────────────────────────────────────────────────────────────────────────────────
Merged Build-Depends: build-essential, fakeroot
Filtered Build-Depends: build-essential, fakeroot
dpkg-deb: building package `sbuild-build-depends-core-dummy' in `/«BUILDDIR»/resolver-my1bVI/apt_archive/sbuild-build-depends-core-dummy.deb'.
OK
Reading package lists...

┌──────────────────────────────────────────────────────────────────────────────┐
│ Install core build dependencies (apt-based resolver)                         │
└──────────────────────────────────────────────────────────────────────────────┘

Installing build dependencies
Reading package lists...
Building dependency tree...
Reading state information...
The following NEW packages will be installed:
  sbuild-build-depends-core-dummy
0 upgraded, 1 newly installed, 0 to remove and 0 not upgraded.
Need to get 0 B/816 B of archives.
After this operation, 0 B of additional disk space will be used.
Selecting previously unselected package sbuild-build-depends-core-dummy.
(Reading database ... (Reading database ... 5%(Reading database ... 10%(Reading database ... 15%(Reading database ... 20%(Reading database ... 25%(Reading database ... 30%(Reading database ... 35%(Reading database ... 40%(Reading database ... 45%(Reading database ... 50%(Reading database ... 55%(Reading database ... 60%(Reading database ... 65%(Reading database ... 70%(Reading database ... 75%(Reading database ... 80%(Reading database ... 85%(Reading database ... 90%(Reading database ... 95%(Reading database ... 100%(Reading database ... 12200 files and directories currently installed.)
Preparing to unpack .../sbuild-build-depends-core-dummy.deb ...
Unpacking sbuild-build-depends-core-dummy (0.invalid.0) ...
Setting up sbuild-build-depends-core-dummy (0.invalid.0) ...
Merged Build-Depends: base-files, base-passwd, bash, bsdutils, coreutils, dash, debianutils, diffutils, dpkg, e2fsprogs, findutils, grep, gzip, hostname, init, libc-bin, login, mount, ncurses-base, ncurses-bin, perl-base, sed, sysvinit-utils, tar, util-linux, libc6-dev | libc-dev, gcc (>= 4:4.9.1), g++ (>= 4:4.9.1), make, dpkg-dev (>= 1.17.11), debhelper (>= 8), cmake (>= 2.8.3), fakeroot, libsqlite3-dev, libssl-dev
Filtered Build-Depends: base-files, base-passwd, bash, bsdutils, coreutils, dash, debianutils, diffutils, dpkg, e2fsprogs, findutils, grep, gzip, hostname, init, libc-bin, login, mount, ncurses-base, ncurses-bin, perl-base, sed, sysvinit-utils, tar, util-linux, libc6-dev, gcc (>= 4:4.9.1), g++ (>= 4:4.9.1), make, dpkg-dev (>= 1.17.11), debhelper (>= 8), cmake (>= 2.8.3), fakeroot, libsqlite3-dev, libssl-dev
dpkg-deb: building package `sbuild-build-depends-uhub-dummy' in `/«BUILDDIR»/resolver-YzIGa4/apt_archive/sbuild-build-depends-uhub-dummy.deb'.
OK
Reading package lists...

┌──────────────────────────────────────────────────────────────────────────────┐
│ Install uhub build dependencies (apt-based resolver)                         │
└──────────────────────────────────────────────────────────────────────────────┘

Installing build dependencies
Reading package lists...
Building dependency tree...
Reading state information...
The following extra packages will be installed:
  bsdmainutils cmake cmake-data debhelper file gettext gettext-base groff-base
  intltool-debian libarchive13 libasprintf0c2 libcroco3 libcurl3 libexpat1
  libglib2.0-0 libgnutls-deb0-28 libgssapi-krb5-2 libhogweed2 libicu52
  libidn11 libk5crypto3 libkeyutils1 libkrb5-3 libkrb5support0 libldap-2.4-2
  liblzo2-2 libmagic1 libnettle4 libp11-kit0 libpipeline1 librtmp1 libsasl2-2
  libsasl2-modules-db libsqlite3-0 libsqlite3-dev libssh2-1 libssl-dev
  libssl1.0.0 libtasn1-6 libunistring0 libxml2 man-db po-debconf zlib1g-dev
Suggested packages:
  wamerican wordlist whois vacation codeblocks eclipse ninja-build dh-make
  gettext-doc groff lrzip gnutls-bin krb5-doc krb5-user sqlite3-doc
  www-browser libmail-box-perl
Recommended packages:
  curl wget lynx-cur autopoint libasprintf-dev libgettextpo-dev
  ca-certificates libglib2.0-data shared-mime-info xdg-user-dirs krb5-locales
  libsasl2-modules libssl-doc xml-core libmail-sendmail-perl
The following NEW packages will be installed:
  bsdmainutils cmake cmake-data debhelper file gettext gettext-base groff-base
  intltool-debian libarchive13 libasprintf0c2 libcroco3 libcurl3 libexpat1
  libglib2.0-0 libgnutls-deb0-28 libgssapi-krb5-2 libhogweed2 libicu52
  libidn11 libk5crypto3 libkeyutils1 libkrb5-3 libkrb5support0 libldap-2.4-2
  liblzo2-2 libmagic1 libnettle4 libp11-kit0 libpipeline1 librtmp1 libsasl2-2
  libsasl2-modules-db libsqlite3-0 libsqlite3-dev libssh2-1 libssl-dev
  libssl1.0.0 libtasn1-6 libunistring0 libxml2 man-db po-debconf
  sbuild-build-depends-uhub-dummy zlib1g-dev
0 upgraded, 45 newly installed, 0 to remove and 0 not upgraded.
Need to get 25.7 MB/25.7 MB of archives.
After this operation, 93.0 MB of additional disk space will be used.
Get:1 http://localhost:9999/debian/ unstable/main libpipeline1 amd64 1.4.0-1 [27.9 kB]
Get:2 http://localhost:9999/debian/ unstable/main libssl1.0.0 amd64 1.0.1k-3 [1037 kB]
Get:3 http://localhost:9999/debian/ unstable/main groff-base amd64 1.22.3-1 [1205 kB]
Get:4 http://localhost:9999/debian/ unstable/main bsdmainutils amd64 9.0.6 [183 kB]
Get:5 http://localhost:9999/debian/ unstable/main man-db amd64 2.7.0.2-5 [1000 kB]
Get:6 http://localhost:9999/debian/ unstable/main libasprintf0c2 amd64 0.19.3-2 [31.3 kB]
Get:7 http://localhost:9999/debian/ unstable/main libnettle4 amd64 2.7.1-5 [176 kB]
Get:8 http://localhost:9999/debian/ unstable/main libhogweed2 amd64 2.7.1-5 [125 kB]
Get:9 http://localhost:9999/debian/ unstable/main libp11-kit0 amd64 0.20.7-1 [81.2 kB]
Get:10 http://localhost:9999/debian/ unstable/main libtasn1-6 amd64 4.2-2 [48.6 kB]
Get:11 http://localhost:9999/debian/ unstable/main libgnutls-deb0-28 amd64 3.3.8-6 [694 kB]
Get:12 http://localhost:9999/debian/ unstable/main libkeyutils1 amd64 1.5.9-5+b1 [12.0 kB]
Get:13 http://localhost:9999/debian/ unstable/main libkrb5support0 amd64 1.12.1+dfsg-19 [58.5 kB]
Get:14 http://localhost:9999/debian/ unstable/main libk5crypto3 amd64 1.12.1+dfsg-19 [115 kB]
Get:15 http://localhost:9999/debian/ unstable/main libkrb5-3 amd64 1.12.1+dfsg-19 [303 kB]
Get:16 http://localhost:9999/debian/ unstable/main libgssapi-krb5-2 amd64 1.12.1+dfsg-19 [150 kB]
Get:17 http://localhost:9999/debian/ unstable/main libidn11 amd64 1.29-1+b2 [136 kB]
Get:18 http://localhost:9999/debian/ unstable/main libsasl2-modules-db amd64 2.1.26.dfsg1-13 [67.0 kB]
Get:19 http://localhost:9999/debian/ unstable/main libsasl2-2 amd64 2.1.26.dfsg1-13 [104 kB]
Get:20 http://localhost:9999/debian/ unstable/main libldap-2.4-2 amd64 2.4.40-4 [217 kB]
Get:21 http://localhost:9999/debian/ unstable/main libmagic1 amd64 1:5.22+15-2 [249 kB]
Get:22 http://localhost:9999/debian/ unstable/main libsqlite3-0 amd64 3.8.7.4-1 [439 kB]
Get:23 http://localhost:9999/debian/ unstable/main libicu52 amd64 52.1-8 [6780 kB]
Get:24 http://localhost:9999/debian/ unstable/main libxml2 amd64 2.9.2+dfsg1-3 [934 kB]
Get:25 http://localhost:9999/debian/ unstable/main cmake-data all 3.0.2-1 [929 kB]
Get:26 http://localhost:9999/debian/ unstable/main liblzo2-2 amd64 2.08-1.2 [54.6 kB]
Get:27 http://localhost:9999/debian/ unstable/main libarchive13 amd64 3.1.2-11 [269 kB]
Get:28 http://localhost:9999/debian/ unstable/main librtmp1 amd64 2.4+20131018.git79459a2-5 [59.6 kB]
Get:29 http://localhost:9999/debian/ unstable/main libssh2-1 amd64 1.4.3-4.1 [125 kB]
Get:30 http://localhost:9999/debian/ unstable/main libcurl3 amd64 7.38.0-4 [259 kB]
Get:31 http://localhost:9999/debian/ unstable/main libexpat1 amd64 2.1.0-6+b3 [80.3 kB]
Get:32 http://localhost:9999/debian/ unstable/main cmake amd64 3.0.2-1 [2384 kB]
Get:33 http://localhost:9999/debian/ unstable/main libglib2.0-0 amd64 2.42.1-1 [2401 kB]
Get:34 http://localhost:9999/debian/ unstable/main libcroco3 amd64 0.6.8-3+b1 [135 kB]
Get:35 http://localhost:9999/debian/ unstable/main libunistring0 amd64 0.9.3-5.2+b1 [288 kB]
Get:36 http://localhost:9999/debian/ unstable/main file amd64 1:5.22+15-2 [60.1 kB]
Get:37 http://localhost:9999/debian/ unstable/main gettext-base amd64 0.19.3-2 [121 kB]
Get:38 http://localhost:9999/debian/ unstable/main gettext amd64 0.19.3-2 [1240 kB]
Get:39 http://localhost:9999/debian/ unstable/main intltool-debian all 0.35.0+20060710.1 [30.8 kB]
Get:40 http://localhost:9999/debian/ unstable/main po-debconf all 1.0.16+nmu3 [220 kB]
Get:41 http://localhost:9999/debian/ unstable/main debhelper all 9.20150101 [813 kB]
Get:42 http://localhost:9999/debian/ unstable/main libsqlite3-dev amd64 3.8.7.4-1 [538 kB]
Get:43 http://localhost:9999/debian/ unstable/main zlib1g-dev amd64 1:1.2.8.dfsg-2+b1 [206 kB]
Get:44 http://localhost:9999/debian/ unstable/main libssl-dev amd64 1.0.1k-3 [1271 kB]
Extracting templates from packages: 66%Extracting templates from packages: 100%
Preconfiguring packages ...
Fetched 25.7 MB in 0s (32.8 MB/s)
Selecting previously unselected package libpipeline1:amd64.
(Reading database ... (Reading database ... 5%(Reading database ... 10%(Reading database ... 15%(Reading database ... 20%(Reading database ... 25%(Reading database ... 30%(Reading database ... 35%(Reading database ... 40%(Reading database ... 45%(Reading database ... 50%(Reading database ... 55%(Reading database ... 60%(Reading database ... 65%(Reading database ... 70%(Reading database ... 75%(Reading database ... 80%(Reading database ... 85%(Reading database ... 90%(Reading database ... 95%(Reading database ... 100%(Reading database ... 12200 files and directories currently installed.)
Preparing to unpack .../libpipeline1_1.4.0-1_amd64.deb ...
Unpacking libpipeline1:amd64 (1.4.0-1) ...
Selecting previously unselected package libssl1.0.0:amd64.
Preparing to unpack .../libssl1.0.0_1.0.1k-3_amd64.deb ...
Unpacking libssl1.0.0:amd64 (1.0.1k-3) ...
Selecting previously unselected package groff-base.
Preparing to unpack .../groff-base_1.22.3-1_amd64.deb ...
Unpacking groff-base (1.22.3-1) ...
Selecting previously unselected package bsdmainutils.
Preparing to unpack .../bsdmainutils_9.0.6_amd64.deb ...
Unpacking bsdmainutils (9.0.6) ...
Selecting previously unselected package man-db.
Preparing to unpack .../man-db_2.7.0.2-5_amd64.deb ...
Unpacking man-db (2.7.0.2-5) ...
Selecting previously unselected package libasprintf0c2:amd64.
Preparing to unpack .../libasprintf0c2_0.19.3-2_amd64.deb ...
Unpacking libasprintf0c2:amd64 (0.19.3-2) ...
Selecting previously unselected package libnettle4:amd64.
Preparing to unpack .../libnettle4_2.7.1-5_amd64.deb ...
Unpacking libnettle4:amd64 (2.7.1-5) ...
Selecting previously unselected package libhogweed2:amd64.
Preparing to unpack .../libhogweed2_2.7.1-5_amd64.deb ...
Unpacking libhogweed2:amd64 (2.7.1-5) ...
Selecting previously unselected package libp11-kit0:amd64.
Preparing to unpack .../libp11-kit0_0.20.7-1_amd64.deb ...
Unpacking libp11-kit0:amd64 (0.20.7-1) ...
Selecting previously unselected package libtasn1-6:amd64.
Preparing to unpack .../libtasn1-6_4.2-2_amd64.deb ...
Unpacking libtasn1-6:amd64 (4.2-2) ...
Selecting previously unselected package libgnutls-deb0-28:amd64.
Preparing to unpack .../libgnutls-deb0-28_3.3.8-6_amd64.deb ...
Unpacking libgnutls-deb0-28:amd64 (3.3.8-6) ...
Selecting previously unselected package libkeyutils1:amd64.
Preparing to unpack .../libkeyutils1_1.5.9-5+b1_amd64.deb ...
Unpacking libkeyutils1:amd64 (1.5.9-5+b1) ...
Selecting previously unselected package libkrb5support0:amd64.
Preparing to unpack .../libkrb5support0_1.12.1+dfsg-19_amd64.deb ...
Unpacking libkrb5support0:amd64 (1.12.1+dfsg-19) ...
Selecting previously unselected package libk5crypto3:amd64.
Preparing to unpack .../libk5crypto3_1.12.1+dfsg-19_amd64.deb ...
Unpacking libk5crypto3:amd64 (1.12.1+dfsg-19) ...
Selecting previously unselected package libkrb5-3:amd64.
Preparing to unpack .../libkrb5-3_1.12.1+dfsg-19_amd64.deb ...
Unpacking libkrb5-3:amd64 (1.12.1+dfsg-19) ...
Selecting previously unselected package libgssapi-krb5-2:amd64.
Preparing to unpack .../libgssapi-krb5-2_1.12.1+dfsg-19_amd64.deb ...
Unpacking libgssapi-krb5-2:amd64 (1.12.1+dfsg-19) ...
Selecting previously unselected package libidn11:amd64.
Preparing to unpack .../libidn11_1.29-1+b2_amd64.deb ...
Unpacking libidn11:amd64 (1.29-1+b2) ...
Selecting previously unselected package libsasl2-modules-db:amd64.
Preparing to unpack .../libsasl2-modules-db_2.1.26.dfsg1-13_amd64.deb ...
Unpacking libsasl2-modules-db:amd64 (2.1.26.dfsg1-13) ...
Selecting previously unselected package libsasl2-2:amd64.
Preparing to unpack .../libsasl2-2_2.1.26.dfsg1-13_amd64.deb ...
Unpacking libsasl2-2:amd64 (2.1.26.dfsg1-13) ...
Selecting previously unselected package libldap-2.4-2:amd64.
Preparing to unpack .../libldap-2.4-2_2.4.40-4_amd64.deb ...
Unpacking libldap-2.4-2:amd64 (2.4.40-4) ...
Selecting previously unselected package libmagic1:amd64.
Preparing to unpack .../libmagic1_1%3a5.22+15-2_amd64.deb ...
Unpacking libmagic1:amd64 (1:5.22+15-2) ...
Selecting previously unselected package libsqlite3-0:amd64.
Preparing to unpack .../libsqlite3-0_3.8.7.4-1_amd64.deb ...
Unpacking libsqlite3-0:amd64 (3.8.7.4-1) ...
Selecting previously unselected package libicu52:amd64.
Preparing to unpack .../libicu52_52.1-8_amd64.deb ...
Unpacking libicu52:amd64 (52.1-8) ...
Selecting previously unselected package libxml2:amd64.
Preparing to unpack .../libxml2_2.9.2+dfsg1-3_amd64.deb ...
Unpacking libxml2:amd64 (2.9.2+dfsg1-3) ...
Selecting previously unselected package cmake-data.
Preparing to unpack .../cmake-data_3.0.2-1_all.deb ...
Unpacking cmake-data (3.0.2-1) ...
Selecting previously unselected package liblzo2-2:amd64.
Preparing to unpack .../liblzo2-2_2.08-1.2_amd64.deb ...
Unpacking liblzo2-2:amd64 (2.08-1.2) ...
Selecting previously unselected package libarchive13:amd64.
Preparing to unpack .../libarchive13_3.1.2-11_amd64.deb ...
Unpacking libarchive13:amd64 (3.1.2-11) ...
Selecting previously unselected package librtmp1:amd64.
Preparing to unpack .../librtmp1_2.4+20131018.git79459a2-5_amd64.deb ...
Unpacking librtmp1:amd64 (2.4+20131018.git79459a2-5) ...
Selecting previously unselected package libssh2-1:amd64.
Preparing to unpack .../libssh2-1_1.4.3-4.1_amd64.deb ...
Unpacking libssh2-1:amd64 (1.4.3-4.1) ...
Selecting previously unselected package libcurl3:amd64.
Preparing to unpack .../libcurl3_7.38.0-4_amd64.deb ...
Unpacking libcurl3:amd64 (7.38.0-4) ...
Selecting previously unselected package libexpat1:amd64.
Preparing to unpack .../libexpat1_2.1.0-6+b3_amd64.deb ...
Unpacking libexpat1:amd64 (2.1.0-6+b3) ...
Selecting previously unselected package cmake.
Preparing to unpack .../cmake_3.0.2-1_amd64.deb ...
Unpacking cmake (3.0.2-1) ...
Selecting previously unselected package libglib2.0-0:amd64.
Preparing to unpack .../libglib2.0-0_2.42.1-1_amd64.deb ...
Unpacking libglib2.0-0:amd64 (2.42.1-1) ...
Selecting previously unselected package libcroco3:amd64.
Preparing to unpack .../libcroco3_0.6.8-3+b1_amd64.deb ...
Unpacking libcroco3:amd64 (0.6.8-3+b1) ...
Selecting previously unselected package libunistring0:amd64.
Preparing to unpack .../libunistring0_0.9.3-5.2+b1_amd64.deb ...
Unpacking libunistring0:amd64 (0.9.3-5.2+b1) ...
Selecting previously unselected package file.
Preparing to unpack .../file_1%3a5.22+15-2_amd64.deb ...
Unpacking file (1:5.22+15-2) ...
Selecting previously unselected package gettext-base.
Preparing to unpack .../gettext-base_0.19.3-2_amd64.deb ...
Unpacking gettext-base (0.19.3-2) ...
Selecting previously unselected package gettext.
Preparing to unpack .../gettext_0.19.3-2_amd64.deb ...
Unpacking gettext (0.19.3-2) ...
Selecting previously unselected package intltool-debian.
Preparing to unpack .../intltool-debian_0.35.0+20060710.1_all.deb ...
Unpacking intltool-debian (0.35.0+20060710.1) ...
Selecting previously unselected package po-debconf.
Preparing to unpack .../po-debconf_1.0.16+nmu3_all.deb ...
Unpacking po-debconf (1.0.16+nmu3) ...
Selecting previously unselected package debhelper.
Preparing to unpack .../debhelper_9.20150101_all.deb ...
Unpacking debhelper (9.20150101) ...
Selecting previously unselected package libsqlite3-dev:amd64.
Preparing to unpack .../libsqlite3-dev_3.8.7.4-1_amd64.deb ...
Unpacking libsqlite3-dev:amd64 (3.8.7.4-1) ...
Selecting previously unselected package zlib1g-dev:amd64.
Preparing to unpack .../zlib1g-dev_1%3a1.2.8.dfsg-2+b1_amd64.deb ...
Unpacking zlib1g-dev:amd64 (1:1.2.8.dfsg-2+b1) ...
Selecting previously unselected package libssl-dev:amd64.
Preparing to unpack .../libssl-dev_1.0.1k-3_amd64.deb ...
Unpacking libssl-dev:amd64 (1.0.1k-3) ...
Selecting previously unselected package sbuild-build-depends-uhub-dummy.
Preparing to unpack .../sbuild-build-depends-uhub-dummy.deb ...
Unpacking sbuild-build-depends-uhub-dummy (0.invalid.0) ...
Setting up libpipeline1:amd64 (1.4.0-1) ...
Setting up libssl1.0.0:amd64 (1.0.1k-3) ...
Setting up groff-base (1.22.3-1) ...
Setting up bsdmainutils (9.0.6) ...
update-alternatives: using /usr/bin/bsd-write to provide /usr/bin/write (write) in auto mode
update-alternatives: using /usr/bin/bsd-from to provide /usr/bin/from (from) in auto mode
Setting up man-db (2.7.0.2-5) ...
Not building database; man-db/auto-update is not 'true'.
Setting up libasprintf0c2:amd64 (0.19.3-2) ...
Setting up libnettle4:amd64 (2.7.1-5) ...
Setting up libhogweed2:amd64 (2.7.1-5) ...
Setting up libp11-kit0:amd64 (0.20.7-1) ...
Setting up libtasn1-6:amd64 (4.2-2) ...
Setting up libgnutls-deb0-28:amd64 (3.3.8-6) ...
Setting up libkeyutils1:amd64 (1.5.9-5+b1) ...
Setting up libkrb5support0:amd64 (1.12.1+dfsg-19) ...
Setting up libk5crypto3:amd64 (1.12.1+dfsg-19) ...
Setting up libkrb5-3:amd64 (1.12.1+dfsg-19) ...
Setting up libgssapi-krb5-2:amd64 (1.12.1+dfsg-19) ...
Setting up libidn11:amd64 (1.29-1+b2) ...
Setting up libsasl2-modules-db:amd64 (2.1.26.dfsg1-13) ...
Setting up libsasl2-2:amd64 (2.1.26.dfsg1-13) ...
Setting up libldap-2.4-2:amd64 (2.4.40-4) ...
Setting up libmagic1:amd64 (1:5.22+15-2) ...
Setting up libsqlite3-0:amd64 (3.8.7.4-1) ...
Setting up libicu52:amd64 (52.1-8) ...
Setting up libxml2:amd64 (2.9.2+dfsg1-3) ...
Setting up cmake-data (3.0.2-1) ...
Setting up liblzo2-2:amd64 (2.08-1.2) ...
Setting up libarchive13:amd64 (3.1.2-11) ...
Setting up librtmp1:amd64 (2.4+20131018.git79459a2-5) ...
Setting up libssh2-1:amd64 (1.4.3-4.1) ...
Setting up libcurl3:amd64 (7.38.0-4) ...
Setting up libexpat1:amd64 (2.1.0-6+b3) ...
Setting up cmake (3.0.2-1) ...
Setting up libglib2.0-0:amd64 (2.42.1-1) ...
No schema files found: doing nothing.
Setting up libcroco3:amd64 (0.6.8-3+b1) ...
Setting up libunistring0:amd64 (0.9.3-5.2+b1) ...
Setting up file (1:5.22+15-2) ...
Setting up gettext-base (0.19.3-2) ...
Setting up gettext (0.19.3-2) ...
Setting up intltool-debian (0.35.0+20060710.1) ...
Setting up po-debconf (1.0.16+nmu3) ...
Setting up debhelper (9.20150101) ...
Setting up libsqlite3-dev:amd64 (3.8.7.4-1) ...
Setting up zlib1g-dev:amd64 (1:1.2.8.dfsg-2+b1) ...
Setting up libssl-dev:amd64 (1.0.1k-3) ...
Setting up sbuild-build-depends-uhub-dummy (0.invalid.0) ...
Processing triggers for libc-bin (2.19-17) ...

┌──────────────────────────────────────────────────────────────────────────────┐
│ Build environment                                                            │
└──────────────────────────────────────────────────────────────────────────────┘

Kernel: Linux 3.2.0-4-amd64 amd64 (x86_64)
Toolchain package versions: binutils_2.25-5 dpkg-dev_1.17.24 g++-4.9_4.9.2-10 gcc-4.9_4.9.2-10 libc6-dev_2.19-17 libstdc++-4.9-dev_4.9.2-10 libstdc++6_4.9.2-10 linux-libc-dev_3.16.7-ckt7-1
Package versions: acl_2.2.52-2 adduser_3.113+nmu3 apt_1.0.9.7 apt-utils_1.0.9.7 base-files_8 base-passwd_3.5.37 bash_4.3-12 binutils_2.25-5 bsdmainutils_9.0.6 bsdutils_1:2.25.2-5 build-essential_11.7 bzip2_1.0.6-7+b2 clang-3.6_1:3.6-2 cmake_3.0.2-1 cmake-data_3.0.2-1 coreutils_8.23-4 cpp_4:4.9.2-2 cpp-4.9_4.9.2-10 dash_0.5.7-4+b1 debconf_1.5.56 debfoster_2.7-2 debhelper_9.20150101 debian-archive-keyring_2014.3 debianutils_4.4+b1 diffutils_1:3.3-1+b1 dmsetup_2:1.02.90-2.1 dpkg_1.17.24 dpkg-dev_1.17.24 e2fslibs_1.42.12-1.1 e2fsprogs_1.42.12-1.1 fakeroot_1.20.2-1 file_1:5.22+15-2 findutils_4.4.2-9+b1 g++_4:4.9.2-2 g++-4.9_4.9.2-10 gcc_4:4.9.2-2 gcc-4.9_4.9.2-10 gcc-4.9-base_4.9.2-10 gettext_0.19.3-2 gettext-base_0.19.3-2 gnupg_1.4.18-7 gpgv_1.4.18-7 grep_2.20-4.1 groff-base_1.22.3-1 gzip_1.6-4 hostname_3.15 init_1.22 initscripts_2.88dsf-58 insserv_1.14.0-5 intltool-debian_0.35.0+20060710.1 less_458-3 libacl1_2.2.52-2 libapt-inst1.5_1.0.9.7 libapt-pkg4.12_1.0.9.7 libarchive13_3.1.2-11 libasan1_4.9.2-10 libasprintf0c2_0.19.3-2 libatomic1_4.9.2-10 libattr1_1:2.4.47-2 libaudit-common_1:2.4-1 libaudit1_1:2.4-1+b1 libblkid1_2.25.2-5 libbsd0_0.7.0-2 libbz2-1.0_1.0.6-7+b2 libc-bin_2.19-17 libc-dev-bin_2.19-17 libc6_2.19-17 libc6-dev_2.19-17 libcap2_1:2.24-7 libcap2-bin_1:2.24-7 libcilkrts5_4.9.2-10 libclang-common-3.6-dev_1:3.6-2 libclang1-3.6_1:3.6-2 libcloog-isl4_0.18.2-1+b2 libcomerr2_1.42.12-1.1 libcroco3_0.6.8-3+b1 libcryptsetup4_2:1.6.6-5 libcurl3_7.38.0-4 libdb5.3_5.3.28-9 libdebconfclient0_0.192 libdevmapper1.02.1_2:1.02.90-2.1 libdpkg-perl_1.17.24 libedit2_3.1-20140620-2 libexpat1_2.1.0-6+b3 libfakeroot_1.20.2-1 libffi6_3.1-2+b2 libgc1c2_1:7.2d-6.4 libgcc-4.9-dev_4.9.2-10 libgcc1_1:4.9.2-10 libgcrypt20_1.6.3-2 libgdbm3_1.8.3-13.1 libglib2.0-0_2.42.1-1 libgmp10_2:6.0.0+dfsg-6 libgnutls-deb0-28_3.3.8-6 libgomp1_4.9.2-10 libgpg-error0_1.17-3 libgssapi-krb5-2_1.12.1+dfsg-19 libhogweed2_2.7.1-5 libicu52_52.1-8 libidn11_1.29-1+b2 libisl10_0.12.2-2 libitm1_4.9.2-10 libk5crypto3_1.12.1+dfsg-19 libkeyutils1_1.5.9-5+b1 libkmod2_20-1 libkrb5-3_1.12.1+dfsg-19 libkrb5support0_1.12.1+dfsg-19 libldap-2.4-2_2.4.40-4 libllvm3.6_1:3.6-2 liblsan0_4.9.2-10 liblzma5_5.1.1alpha+20120614-2+b3 liblzo2-2_2.08-1.2 libmagic1_1:5.22+15-2 libmount1_2.25.2-5 libmpc3_1.0.3-1 libmpfr4_3.1.2-3 libncurses5_5.9+20140913-1+b1 libncursesw5_5.9+20140913-1+b1 libnettle4_2.7.1-5 libobjc-4.9-dev_4.9.2-10 libobjc4_4.9.2-10 libp11-kit0_0.20.7-1 libpam-modules_1.1.8-3.1 libpam-modules-bin_1.1.8-3.1 libpam-runtime_1.1.8-3.1 libpam0g_1.1.8-3.1 libpcre3_2:8.35-3.3 libpipeline1_1.4.0-1 libprocps3_2:3.3.9-9 libquadmath0_4.9.2-10 libreadline6_6.3-8+b3 librtmp1_2.4+20131018.git79459a2-5 libsasl2-2_2.1.26.dfsg1-13 libsasl2-modules-db_2.1.26.dfsg1-13 libselinux1_2.3-2 libsemanage-common_2.3-1 libsemanage1_2.3-1+b1 libsepol1_2.3-2 libslang2_2.3.0-2 libsmartcols1_2.25.2-5 libsqlite3-0_3.8.7.4-1 libsqlite3-dev_3.8.7.4-1 libss2_1.42.12-1.1 libssh2-1_1.4.3-4.1 libssl-dev_1.0.1k-3 libssl1.0.0_1.0.1k-3 libstdc++-4.9-dev_4.9.2-10 libstdc++6_4.9.2-10 libsystemd0_215-12 libtasn1-6_4.2-2 libtimedate-perl_2.3000-2 libtinfo5_5.9+20140913-1+b1 libtsan0_4.9.2-10 libubsan0_4.9.2-10 libudev1_215-12 libunistring0_0.9.3-5.2+b1 libusb-0.1-4_2:0.1.12-25 libustr-1.0-1_1.0.4-3+b2 libuuid1_2.25.2-5 libxml2_2.9.2+dfsg1-3 linux-libc-dev_3.16.7-ckt7-1 login_1:4.2-3 lsb-base_4.1+Debian13+nmu1 make_4.0-8.1 man-db_2.7.0.2-5 mawk_1.3.3-17 mount_2.25.2-5 multiarch-support_2.19-17 ncurses-base_5.9+20140913-1 ncurses-bin_5.9+20140913-1+b1 nvi_1.81.6-11+b1 passwd_1:4.2-3 patch_2.7.5-1 perl_5.20.2-2 perl-base_5.20.2-2 perl-modules_5.20.2-2 po-debconf_1.0.16+nmu3 procps_2:3.3.9-9 readline-common_6.3-8 sbuild-build-depends-core-dummy_0.invalid.0 sbuild-build-depends-uhub-dummy_0.invalid.0 sed_4.2.2-4+b1 sensible-utils_0.0.9 startpar_0.59-3 sudo_1.8.12-1 systemd_215-12 systemd-sysv_215-12 sysv-rc_2.88dsf-58 sysvinit-utils_2.88dsf-58 tar_1.27.1-2+b1 tzdata_2015b-1 udev_215-12 util-linux_2.25.2-5 xz-utils_5.1.1alpha+20120614-2+b3 zlib1g_1:1.2.8.dfsg-2+b1 zlib1g-dev_1:1.2.8.dfsg-2+b1

┌──────────────────────────────────────────────────────────────────────────────┐
│ Build                                                                        │
└──────────────────────────────────────────────────────────────────────────────┘


Unpack source
─────────────

gpgv: keyblock resource `/sbuild-nonexistent/.gnupg/trustedkeys.gpg': file open error
gpgv: Signature made Sun May 12 17:11:38 2013 UTC using RSA key ID 28F39278
gpgv: Can't check signature: public key not found
dpkg-source: warning: failed to verify signature on ./uhub_0.4.1-3.dsc
dpkg-source: info: extracting uhub in uhub-0.4.1
dpkg-source: info: unpacking uhub_0.4.1.orig.tar.xz
dpkg-source: info: unpacking uhub_0.4.1-3.debian.tar.gz
dpkg-source: info: applying fix-build-on-hurd-i386

Check disc space
────────────────

Sufficient free space for build

User Environment
────────────────

DEB_BUILD_OPTIONS=parallel=10
HOME=/sbuild-nonexistent
LOGNAME=user
PATH=/usr/local/sbin:/usr/local/bin:/usr/sbin:/usr/bin:/sbin:/bin:/usr/games
SCHROOT_ALIAS_NAME=unstable-amd64-sbuild
SCHROOT_CHROOT_NAME=unstable-amd64-sbuild
SCHROOT_COMMAND=env
SCHROOT_GID=1001
SCHROOT_GROUP=user
SCHROOT_SESSION_ID=unstable-amd64-sbuild-24990778-cc75-4902-8502-d4d23d15f294
SCHROOT_UID=1001
SCHROOT_USER=user
SHELL=/bin/sh
USER=user

dpkg-buildpackage
─────────────────

dpkg-buildpackage: source package uhub
dpkg-buildpackage: source version 0.4.1-3
dpkg-buildpackage: source distribution unstable
dpkg-buildpackage: source changed by Boris Pek <tehnick-8@mail.ru>
 dpkg-source --before-build uhub-0.4.1
dpkg-buildpackage: host architecture amd64
 fakeroot debian/rules clean
dh clean --parallel
   dh_testdir -O--parallel
   debian/rules override_dh_auto_clean
make[1]: Entering directory '/«PKGBUILDDIR»'
dh_auto_clean
rm -f /«PKGBUILDDIR»/src/version.h
make[1]: Leaving directory '/«PKGBUILDDIR»'
   dh_clean -O--parallel
 debian/rules build-arch
dh build-arch --parallel
   dh_testdir -a -O--parallel
   dh_auto_configure -a -O--parallel
-- The C compiler identification is Clang 3.6.0
-- Check for working C compiler: /usr/bin/cc
-- Check for working C compiler: /usr/bin/cc -- works
-- Detecting C compiler ABI info
-- Detecting C compiler ABI info - done
-- Could NOT find Git (missing:  GIT_EXECUTABLE) 
-- Found OpenSSL: /usr/lib/x86_64-linux-gnu/libssl.so;/usr/lib/x86_64-linux-gnu/libcrypto.so (found version "1.0.1k") 
CMake Warning (dev) at CMakeLists.txt:70 (add_executable):
  Policy CMP0037 is not set: Target names should not be reserved and should
  match a validity pattern.  Run "cmake --help-policy CMP0037" for policy
  details.  Use the cmake_policy command to set the policy and suppress this
  warning.

  The target name "test" is reserved or not valid for certain CMake features,
  such as generator expressions, and may result in undefined behavior.
This warning is for project developers.  Use -Wno-dev to suppress it.

-- Configuring uhub version: 0.4.1-release
-- Configuring done
-- Generating done
-- Build files have been written to: /«PKGBUILDDIR»/obj-x86_64-linux-gnu
   dh_auto_build -a -O--parallel
make[1]: Entering directory '/«PKGBUILDDIR»/obj-x86_64-linux-gnu'
/usr/bin/cmake -H/«PKGBUILDDIR» -B/«PKGBUILDDIR»/obj-x86_64-linux-gnu --check-build-system CMakeFiles/Makefile.cmake 0
/usr/bin/cmake -E cmake_progress_start /«PKGBUILDDIR»/obj-x86_64-linux-gnu/CMakeFiles /«PKGBUILDDIR»/obj-x86_64-linux-gnu/CMakeFiles/progress.marks
make -f CMakeFiles/Makefile2 all
make[2]: Entering directory '/«PKGBUILDDIR»/obj-x86_64-linux-gnu'
make -f CMakeFiles/utils.dir/build.make CMakeFiles/utils.dir/depend
make -f CMakeFiles/adcclient.dir/build.make CMakeFiles/adcclient.dir/depend
make[3]: Entering directory '/«PKGBUILDDIR»/obj-x86_64-linux-gnu'
cd /«PKGBUILDDIR»/obj-x86_64-linux-gnu && /usr/bin/cmake -E cmake_depends "Unix Makefiles" /«PKGBUILDDIR» /«PKGBUILDDIR» /«PKGBUILDDIR»/obj-x86_64-linux-gnu /«PKGBUILDDIR»/obj-x86_64-linux-gnu /«PKGBUILDDIR»/obj-x86_64-linux-gnu/CMakeFiles/utils.dir/DependInfo.cmake --color=
make[3]: Entering directory '/«PKGBUILDDIR»/obj-x86_64-linux-gnu'
cd /«PKGBUILDDIR»/obj-x86_64-linux-gnu && /usr/bin/cmake -E cmake_depends "Unix Makefiles" /«PKGBUILDDIR» /«PKGBUILDDIR» /«PKGBUILDDIR»/obj-x86_64-linux-gnu /«PKGBUILDDIR»/obj-x86_64-linux-gnu /«PKGBUILDDIR»/obj-x86_64-linux-gnu/CMakeFiles/adcclient.dir/DependInfo.cmake --color=
Scanning dependencies of target adcclient
make[3]: Leaving directory '/«PKGBUILDDIR»/obj-x86_64-linux-gnu'
make -f CMakeFiles/adcclient.dir/build.make CMakeFiles/adcclient.dir/build
make[3]: Entering directory '/«PKGBUILDDIR»/obj-x86_64-linux-gnu'
/usr/bin/cmake -E cmake_progress_report /«PKGBUILDDIR»/obj-x86_64-linux-gnu/CMakeFiles 3
/usr/bin/cmake -E cmake_progress_report /«PKGBUILDDIR»/obj-x86_64-linux-gnu/CMakeFiles 4
Scanning dependencies of target utils
make[3]: Leaving directory '/«PKGBUILDDIR»/obj-x86_64-linux-gnu'
make -f CMakeFiles/utils.dir/build.make CMakeFiles/utils.dir/build
make[3]: Entering directory '/«PKGBUILDDIR»/obj-x86_64-linux-gnu'
/usr/bin/cmake -E cmake_progress_report /«PKGBUILDDIR»/obj-x86_64-linux-gnu/CMakeFiles 64
[  1%] /usr/bin/cmake -E cmake_progress_report /«PKGBUILDDIR»/obj-x86_64-linux-gnu/CMakeFiles 65
[  2%] /usr/bin/cmake -E cmake_progress_report /«PKGBUILDDIR»/obj-x86_64-linux-gnu/CMakeFiles 66
/usr/bin/cmake -E cmake_progress_report /«PKGBUILDDIR»/obj-x86_64-linux-gnu/CMakeFiles 67
/usr/bin/cmake -E cmake_progress_report /«PKGBUILDDIR»/obj-x86_64-linux-gnu/CMakeFiles 68
/usr/bin/cmake -E cmake_progress_report /«PKGBUILDDIR»/obj-x86_64-linux-gnu/CMakeFiles 69
/usr/bin/cmake -E cmake_progress_report /«PKGBUILDDIR»/obj-x86_64-linux-gnu/CMakeFiles 70
/usr/bin/cmake -E cmake_progress_report /«PKGBUILDDIR»/obj-x86_64-linux-gnu/CMakeFiles 71
[  4%] [  5%] [  6%] [  8%] [  9%] Building C object CMakeFiles/adcclient.dir/src/core/ioqueue.c.o
Building C object CMakeFiles/adcclient.dir/src/tools/adcclient.c.o
[ 10%] [ 12%] /usr/bin/cc  -DSSL_SUPPORT=1 -DSSL_USE_OPENSSL=1 -g -O2 -fstack-protector-strong -Wformat -Werror=format-security -D_FORTIFY_SOURCE=2  -O3 -DNDEBUG -I/«PKGBUILDDIR»/src    -o CMakeFiles/adcclient.dir/src/core/ioqueue.c.o   -c /«PKGBUILDDIR»/src/core/ioqueue.c
[ 13%] /usr/bin/cc  -DSSL_SUPPORT=1 -DSSL_USE_OPENSSL=1 -g -O2 -fstack-protector-strong -Wformat -Werror=format-security -D_FORTIFY_SOURCE=2  -O3 -DNDEBUG -I/«PKGBUILDDIR»/src    -o CMakeFiles/adcclient.dir/src/tools/adcclient.c.o   -c /«PKGBUILDDIR»/src/tools/adcclient.c
Building C object CMakeFiles/utils.dir/src/util/list.c.o
/usr/bin/cc  -DSSL_SUPPORT=1 -DSSL_USE_OPENSSL=1 -g -O2 -fstack-protector-strong -Wformat -Werror=format-security -D_FORTIFY_SOURCE=2  -O3 -DNDEBUG -I/«PKGBUILDDIR»/src    -o CMakeFiles/utils.dir/src/util/list.c.o   -c /«PKGBUILDDIR»/src/util/list.c
Building C object CMakeFiles/utils.dir/src/util/memory.c.o
Building C object CMakeFiles/utils.dir/src/util/threads.c.o
Building C object CMakeFiles/utils.dir/src/util/credentials.c.o
Building C object CMakeFiles/utils.dir/src/util/cbuffer.c.o
/usr/bin/cc  -DSSL_SUPPORT=1 -DSSL_USE_OPENSSL=1 -g -O2 -fstack-protector-strong -Wformat -Werror=format-security -D_FORTIFY_SOURCE=2  -O3 -DNDEBUG -I/«PKGBUILDDIR»/src    -o CMakeFiles/utils.dir/src/util/cbuffer.c.o   -c /«PKGBUILDDIR»/src/util/cbuffer.c
/usr/bin/cc  -DSSL_SUPPORT=1 -DSSL_USE_OPENSSL=1 -g -O2 -fstack-protector-strong -Wformat -Werror=format-security -D_FORTIFY_SOURCE=2  -O3 -DNDEBUG -I/«PKGBUILDDIR»/src    -o CMakeFiles/utils.dir/src/util/memory.c.o   -c /«PKGBUILDDIR»/src/util/memory.c
/usr/bin/cc  -DSSL_SUPPORT=1 -DSSL_USE_OPENSSL=1 -g -O2 -fstack-protector-strong -Wformat -Werror=format-security -D_FORTIFY_SOURCE=2  -O3 -DNDEBUG -I/«PKGBUILDDIR»/src    -o CMakeFiles/utils.dir/src/util/threads.c.o   -c /«PKGBUILDDIR»/src/util/threads.c
Building C object CMakeFiles/utils.dir/src/util/misc.c.o
Building C object CMakeFiles/utils.dir/src/util/log.c.o
/usr/bin/cc  -DSSL_SUPPORT=1 -DSSL_USE_OPENSSL=1 -g -O2 -fstack-protector-strong -Wformat -Werror=format-security -D_FORTIFY_SOURCE=2  -O3 -DNDEBUG -I/«PKGBUILDDIR»/src    -o CMakeFiles/utils.dir/src/util/credentials.c.o   -c /«PKGBUILDDIR»/src/util/credentials.c
/usr/bin/cc  -DSSL_SUPPORT=1 -DSSL_USE_OPENSSL=1 -g -O2 -fstack-protector-strong -Wformat -Werror=format-security -D_FORTIFY_SOURCE=2  -O3 -DNDEBUG -I/«PKGBUILDDIR»/src    -o CMakeFiles/utils.dir/src/util/misc.c.o   -c /«PKGBUILDDIR»/src/util/misc.c
Building C object CMakeFiles/utils.dir/src/util/config_token.c.o
/usr/bin/cc  -DSSL_SUPPORT=1 -DSSL_USE_OPENSSL=1 -g -O2 -fstack-protector-strong -Wformat -Werror=format-security -D_FORTIFY_SOURCE=2  -O3 -DNDEBUG -I/«PKGBUILDDIR»/src    -o CMakeFiles/utils.dir/src/util/log.c.o   -c /«PKGBUILDDIR»/src/util/log.c
/usr/bin/cc  -DSSL_SUPPORT=1 -DSSL_USE_OPENSSL=1 -g -O2 -fstack-protector-strong -Wformat -Werror=format-security -D_FORTIFY_SOURCE=2  -O3 -DNDEBUG -I/«PKGBUILDDIR»/src    -o CMakeFiles/utils.dir/src/util/config_token.c.o   -c /«PKGBUILDDIR»/src/util/config_token.c
/«PKGBUILDDIR»/src/tools/adcclient.c:178:5: warning: implicit declaration of function 'ADC_client_connect_internal' is invalid in C99 [-Wimplicit-function-declaration]
                                ADC_client_connect_internal(client);
                                ^
/usr/bin/cmake -E cmake_progress_report /«PKGBUILDDIR»/obj-x86_64-linux-gnu/CMakeFiles 72
/usr/bin/cmake -E cmake_progress_report /«PKGBUILDDIR»/obj-x86_64-linux-gnu/CMakeFiles 73
/usr/bin/cmake -E cmake_progress_report /«PKGBUILDDIR»/obj-x86_64-linux-gnu/CMakeFiles 74
/usr/bin/cmake -E cmake_progress_report /«PKGBUILDDIR»/obj-x86_64-linux-gnu/CMakeFiles 75
[ 14%] [ 16%] [ 17%] [ 18%] Building C object CMakeFiles/utils.dir/src/util/rbtree.c.o
/usr/bin/cc  -DSSL_SUPPORT=1 -DSSL_USE_OPENSSL=1 -g -O2 -fstack-protector-strong -Wformat -Werror=format-security -D_FORTIFY_SOURCE=2  -O3 -DNDEBUG -I/«PKGBUILDDIR»/src    -o CMakeFiles/utils.dir/src/util/rbtree.c.o   -c /«PKGBUILDDIR»/src/util/rbtree.c
Building C object CMakeFiles/utils.dir/src/util/getopt.c.o
/usr/bin/cc  -DSSL_SUPPORT=1 -DSSL_USE_OPENSSL=1 -g -O2 -fstack-protector-strong -Wformat -Werror=format-security -D_FORTIFY_SOURCE=2  -O3 -DNDEBUG -I/«PKGBUILDDIR»/src    -o CMakeFiles/utils.dir/src/util/getopt.c.o   -c /«PKGBUILDDIR»/src/util/getopt.c
Building C object CMakeFiles/utils.dir/src/util/tiger.c.o
Building C object CMakeFiles/utils.dir/src/util/floodctl.c.o
/usr/bin/cc  -DSSL_SUPPORT=1 -DSSL_USE_OPENSSL=1 -g -O2 -fstack-protector-strong -Wformat -Werror=format-security -D_FORTIFY_SOURCE=2  -O3 -DNDEBUG -I/«PKGBUILDDIR»/src    -o CMakeFiles/utils.dir/src/util/tiger.c.o   -c /«PKGBUILDDIR»/src/util/tiger.c
/usr/bin/cc  -DSSL_SUPPORT=1 -DSSL_USE_OPENSSL=1 -g -O2 -fstack-protector-strong -Wformat -Werror=format-security -D_FORTIFY_SOURCE=2  -O3 -DNDEBUG -I/«PKGBUILDDIR»/src    -o CMakeFiles/utils.dir/src/util/floodctl.c.o   -c /«PKGBUILDDIR»/src/util/floodctl.c
1 warning generated.
Linking C static library libadcclient.a
/usr/bin/cmake -P CMakeFiles/adcclient.dir/cmake_clean_target.cmake
/usr/bin/cmake -E cmake_link_script CMakeFiles/adcclient.dir/link.txt --verbose=1
/usr/bin/ar cr libadcclient.a  CMakeFiles/adcclient.dir/src/tools/adcclient.c.o CMakeFiles/adcclient.dir/src/core/ioqueue.c.o
/usr/bin/ranlib libadcclient.a
make[3]: Leaving directory '/«PKGBUILDDIR»/obj-x86_64-linux-gnu'
/usr/bin/cmake -E cmake_progress_report /«PKGBUILDDIR»/obj-x86_64-linux-gnu/CMakeFiles  3 4
[ 18%] Built target adcclient
Linking C static library libutils.a
/usr/bin/cmake -P CMakeFiles/utils.dir/cmake_clean_target.cmake
/usr/bin/cmake -E cmake_link_script CMakeFiles/utils.dir/link.txt --verbose=1
/usr/bin/ar cr libutils.a  CMakeFiles/utils.dir/src/util/list.c.o CMakeFiles/utils.dir/src/util/cbuffer.c.o CMakeFiles/utils.dir/src/util/threads.c.o CMakeFiles/utils.dir/src/util/credentials.c.o CMakeFiles/utils.dir/src/util/memory.c.o CMakeFiles/utils.dir/src/util/misc.c.o CMakeFiles/utils.dir/src/util/log.c.o CMakeFiles/utils.dir/src/util/config_token.c.o CMakeFiles/utils.dir/src/util/rbtree.c.o CMakeFiles/utils.dir/src/util/floodctl.c.o CMakeFiles/utils.dir/src/util/getopt.c.o CMakeFiles/utils.dir/src/util/tiger.c.o
/usr/bin/ranlib libutils.a
make[3]: Leaving directory '/«PKGBUILDDIR»/obj-x86_64-linux-gnu'
/usr/bin/cmake -E cmake_progress_report /«PKGBUILDDIR»/obj-x86_64-linux-gnu/CMakeFiles  64 65 66 67 68 69 70 71 72 73 74 75
[ 18%] Built target utils
make -f CMakeFiles/network.dir/build.make CMakeFiles/network.dir/depend
make[3]: Entering directory '/«PKGBUILDDIR»/obj-x86_64-linux-gnu'
cd /«PKGBUILDDIR»/obj-x86_64-linux-gnu && /usr/bin/cmake -E cmake_depends "Unix Makefiles" /«PKGBUILDDIR» /«PKGBUILDDIR» /«PKGBUILDDIR»/obj-x86_64-linux-gnu /«PKGBUILDDIR»/obj-x86_64-linux-gnu /«PKGBUILDDIR»/obj-x86_64-linux-gnu/CMakeFiles/network.dir/DependInfo.cmake --color=
Scanning dependencies of target network
make[3]: Leaving directory '/«PKGBUILDDIR»/obj-x86_64-linux-gnu'
make -f CMakeFiles/network.dir/build.make CMakeFiles/network.dir/build
make[3]: Entering directory '/«PKGBUILDDIR»/obj-x86_64-linux-gnu'
/usr/bin/cmake -E cmake_progress_report /«PKGBUILDDIR»/obj-x86_64-linux-gnu/CMakeFiles 15
/usr/bin/cmake -E cmake_progress_report /«PKGBUILDDIR»/obj-x86_64-linux-gnu/CMakeFiles 16
/usr/bin/cmake -E cmake_progress_report /«PKGBUILDDIR»/obj-x86_64-linux-gnu/CMakeFiles 17
/usr/bin/cmake -E cmake_progress_report /«PKGBUILDDIR»/obj-x86_64-linux-gnu/CMakeFiles 18
/usr/bin/cmake -E cmake_progress_report /«PKGBUILDDIR»/obj-x86_64-linux-gnu/CMakeFiles 19
/usr/bin/cmake -E cmake_progress_report /«PKGBUILDDIR»/obj-x86_64-linux-gnu/CMakeFiles 20
/usr/bin/cmake -E cmake_progress_report /«PKGBUILDDIR»/obj-x86_64-linux-gnu/CMakeFiles 21
/usr/bin/cmake -E cmake_progress_report /«PKGBUILDDIR»/obj-x86_64-linux-gnu/CMakeFiles 22
/usr/bin/cmake -E cmake_progress_report /«PKGBUILDDIR»/obj-x86_64-linux-gnu/CMakeFiles 23
/usr/bin/cmake -E cmake_progress_report /«PKGBUILDDIR»/obj-x86_64-linux-gnu/CMakeFiles 24
[ 20%] [ 21%] [ 22%] [ 24%] [ 25%] [ 26%] [ 28%] [ 29%] [ 30%] [ 32%] Building C object CMakeFiles/network.dir/src/network/timeout.c.o
/usr/bin/cc  -DSSL_SUPPORT=1 -DSSL_USE_OPENSSL=1 -g -O2 -fstack-protector-strong -Wformat -Werror=format-security -D_FORTIFY_SOURCE=2  -O3 -DNDEBUG -I/«PKGBUILDDIR»/src    -o CMakeFiles/network.dir/src/network/timeout.c.o   -c /«PKGBUILDDIR»/src/network/timeout.c
Building C object CMakeFiles/network.dir/src/network/kqueue.c.o
Building C object CMakeFiles/network.dir/src/network/dnsresolver.c.o
Building C object CMakeFiles/network.dir/src/network/epoll.c.o
/usr/bin/cc  -DSSL_SUPPORT=1 -DSSL_USE_OPENSSL=1 -g -O2 -fstack-protector-strong -Wformat -Werror=format-security -D_FORTIFY_SOURCE=2  -O3 -DNDEBUG -I/«PKGBUILDDIR»/src    -o CMakeFiles/network.dir/src/network/dnsresolver.c.o   -c /«PKGBUILDDIR»/src/network/dnsresolver.c
/usr/bin/cc  -DSSL_SUPPORT=1 -DSSL_USE_OPENSSL=1 -g -O2 -fstack-protector-strong -Wformat -Werror=format-security -D_FORTIFY_SOURCE=2  -O3 -DNDEBUG -I/«PKGBUILDDIR»/src    -o CMakeFiles/network.dir/src/network/kqueue.c.o   -c /«PKGBUILDDIR»/src/network/kqueue.c
/usr/bin/cc  -DSSL_SUPPORT=1 -DSSL_USE_OPENSSL=1 -g -O2 -fstack-protector-strong -Wformat -Werror=format-security -D_FORTIFY_SOURCE=2  -O3 -DNDEBUG -I/«PKGBUILDDIR»/src    -o CMakeFiles/network.dir/src/network/epoll.c.o   -c /«PKGBUILDDIR»/src/network/epoll.c
Building C object CMakeFiles/network.dir/src/network/ipcalc.c.o
Building C object CMakeFiles/network.dir/src/network/select.c.o
Building C object CMakeFiles/network.dir/src/network/timer.c.o
/usr/bin/cc  -DSSL_SUPPORT=1 -DSSL_USE_OPENSSL=1 -g -O2 -fstack-protector-strong -Wformat -Werror=format-security -D_FORTIFY_SOURCE=2  -O3 -DNDEBUG -I/«PKGBUILDDIR»/src    -o CMakeFiles/network.dir/src/network/ipcalc.c.o   -c /«PKGBUILDDIR»/src/network/ipcalc.c
Building C object CMakeFiles/network.dir/src/network/openssl.c.o
Building C object CMakeFiles/network.dir/src/network/backend.c.o
Building C object CMakeFiles/network.dir/src/network/network.c.o
/usr/bin/cc  -DSSL_SUPPORT=1 -DSSL_USE_OPENSSL=1 -g -O2 -fstack-protector-strong -Wformat -Werror=format-security -D_FORTIFY_SOURCE=2  -O3 -DNDEBUG -I/«PKGBUILDDIR»/src    -o CMakeFiles/network.dir/src/network/select.c.o   -c /«PKGBUILDDIR»/src/network/select.c
/usr/bin/cc  -DSSL_SUPPORT=1 -DSSL_USE_OPENSSL=1 -g -O2 -fstack-protector-strong -Wformat -Werror=format-security -D_FORTIFY_SOURCE=2  -O3 -DNDEBUG -I/«PKGBUILDDIR»/src    -o CMakeFiles/network.dir/src/network/backend.c.o   -c /«PKGBUILDDIR»/src/network/backend.c
/usr/bin/cc  -DSSL_SUPPORT=1 -DSSL_USE_OPENSSL=1 -g -O2 -fstack-protector-strong -Wformat -Werror=format-security -D_FORTIFY_SOURCE=2  -O3 -DNDEBUG -I/«PKGBUILDDIR»/src    -o CMakeFiles/network.dir/src/network/openssl.c.o   -c /«PKGBUILDDIR»/src/network/openssl.c
/usr/bin/cc  -DSSL_SUPPORT=1 -DSSL_USE_OPENSSL=1 -g -O2 -fstack-protector-strong -Wformat -Werror=format-security -D_FORTIFY_SOURCE=2  -O3 -DNDEBUG -I/«PKGBUILDDIR»/src    -o CMakeFiles/network.dir/src/network/timer.c.o   -c /«PKGBUILDDIR»/src/network/timer.c
/usr/bin/cc  -DSSL_SUPPORT=1 -DSSL_USE_OPENSSL=1 -g -O2 -fstack-protector-strong -Wformat -Werror=format-security -D_FORTIFY_SOURCE=2  -O3 -DNDEBUG -I/«PKGBUILDDIR»/src    -o CMakeFiles/network.dir/src/network/network.c.o   -c /«PKGBUILDDIR»/src/network/network.c
/«PKGBUILDDIR»/src/network/openssl.c/usr/bin/cmake -E cmake_progress_report /«PKGBUILDDIR»/obj-x86_64-linux-gnu/CMakeFiles 25
:70:2: warning: implicit declaration of function 'ENGINE_cleanup' is invalid in C99 [-Wimplicit-function-declaration]
        ENGINE_cleanup();
        ^
/«PKGBUILDDIR»/src/network/openssl.c:71:2: warning: implicit declaration of function 'CONF_modules_unload' is invalid in C99 [-Wimplicit-function-declaration]
        CONF_modules_unload(1);
        ^
/«PKGBUILDDIR»/src/network/openssl.c:185:1: warning: control may reach end of non-void function [-Wreturn-type]
}
^
[ 33%] Building C object CMakeFiles/network.dir/src/network/connection.c.o
/usr/bin/cc  -DSSL_SUPPORT=1 -DSSL_USE_OPENSSL=1 -g -O2 -fstack-protector-strong -Wformat -Werror=format-security -D_FORTIFY_SOURCE=2  -O3 -DNDEBUG -I/«PKGBUILDDIR»/src    -o CMakeFiles/network.dir/src/network/connection.c.o   -c /«PKGBUILDDIR»/src/network/connection.c
3 warnings generated.
Linking C static library libnetwork.a
/usr/bin/cmake -P CMakeFiles/network.dir/cmake_clean_target.cmake
/usr/bin/cmake -E cmake_link_script CMakeFiles/network.dir/link.txt --verbose=1
/usr/bin/ar cr libnetwork.a  CMakeFiles/network.dir/src/network/timeout.c.o CMakeFiles/network.dir/src/network/network.c.o CMakeFiles/network.dir/src/network/select.c.o CMakeFiles/network.dir/src/network/dnsresolver.c.o CMakeFiles/network.dir/src/network/kqueue.c.o CMakeFiles/network.dir/src/network/ipcalc.c.o CMakeFiles/network.dir/src/network/epoll.c.o CMakeFiles/network.dir/src/network/backend.c.o CMakeFiles/network.dir/src/network/openssl.c.o CMakeFiles/network.dir/src/network/timer.c.o CMakeFiles/network.dir/src/network/connection.c.o
/usr/bin/ranlib libnetwork.a
make[3]: Leaving directory '/«PKGBUILDDIR»/obj-x86_64-linux-gnu'
/usr/bin/cmake -E cmake_progress_report /«PKGBUILDDIR»/obj-x86_64-linux-gnu/CMakeFiles  15 16 17 18 19 20 21 22 23 24 25
[ 33%] Built target network
make -f CMakeFiles/adc.dir/build.make CMakeFiles/adc.dir/depend
make -f CMakeFiles/mod_auth_simple.dir/build.make CMakeFiles/mod_auth_simple.dir/depend
make -f CMakeFiles/mod_auth_sqlite.dir/build.make CMakeFiles/mod_auth_sqlite.dir/depend
make -f CMakeFiles/mod_chat_history.dir/build.make CMakeFiles/mod_chat_history.dir/depend
make -f CMakeFiles/mod_chat_only.dir/build.make CMakeFiles/mod_chat_only.dir/depend
make -f CMakeFiles/mod_example.dir/build.make CMakeFiles/mod_example.dir/depend
make -f CMakeFiles/mod_logging.dir/build.make CMakeFiles/mod_logging.dir/depend
make[3]: Entering directory '/«PKGBUILDDIR»/obj-x86_64-linux-gnu'
cd /«PKGBUILDDIR»/obj-x86_64-linux-gnu && /usr/bin/cmake -E cmake_depends "Unix Makefiles" /«PKGBUILDDIR» /«PKGBUILDDIR» /«PKGBUILDDIR»/obj-x86_64-linux-gnu /«PKGBUILDDIR»/obj-x86_64-linux-gnu /«PKGBUILDDIR»/obj-x86_64-linux-gnu/CMakeFiles/mod_auth_simple.dir/DependInfo.cmake --color=
make -f CMakeFiles/mod_no_guest_downloads.dir/build.make CMakeFiles/mod_no_guest_downloads.dir/depend
make -f CMakeFiles/mod_topic.dir/build.make CMakeFiles/mod_topic.dir/depend
make -f CMakeFiles/mod_welcome.dir/build.make CMakeFiles/mod_welcome.dir/depend
make[3]: Entering directory '/«PKGBUILDDIR»/obj-x86_64-linux-gnu'
make[3]: Entering directory '/«PKGBUILDDIR»/obj-x86_64-linux-gnu'
make[3]: Entering directory '/«PKGBUILDDIR»/obj-x86_64-linux-gnu'
cd /«PKGBUILDDIR»/obj-x86_64-linux-gnu && /usr/bin/cmake -E cmake_depends "Unix Makefiles" /«PKGBUILDDIR» /«PKGBUILDDIR» /«PKGBUILDDIR»/obj-x86_64-linux-gnu /«PKGBUILDDIR»/obj-x86_64-linux-gnu /«PKGBUILDDIR»/obj-x86_64-linux-gnu/CMakeFiles/adc.dir/DependInfo.cmake --color=
make[3]: Entering directory '/«PKGBUILDDIR»/obj-x86_64-linux-gnu'
make[3]: Entering directory '/«PKGBUILDDIR»/obj-x86_64-linux-gnu'
make[3]: Entering directory '/«PKGBUILDDIR»/obj-x86_64-linux-gnu'
make[3]: Entering directory '/«PKGBUILDDIR»/obj-x86_64-linux-gnu'
make[3]: Entering directory '/«PKGBUILDDIR»/obj-x86_64-linux-gnu'
make[3]: Entering directory '/«PKGBUILDDIR»/obj-x86_64-linux-gnu'
cd /«PKGBUILDDIR»/obj-x86_64-linux-gnu && /usr/bin/cmake -E cmake_depends "Unix Makefiles" /«PKGBUILDDIR» /«PKGBUILDDIR» /«PKGBUILDDIR»/obj-x86_64-linux-gnu /«PKGBUILDDIR»/obj-x86_64-linux-gnu /«PKGBUILDDIR»/obj-x86_64-linux-gnu/CMakeFiles/mod_no_guest_downloads.dir/DependInfo.cmake --color=
cd /«PKGBUILDDIR»/obj-x86_64-linux-gnu && /usr/bin/cmake -E cmake_depends "Unix Makefiles" /«PKGBUILDDIR» /«PKGBUILDDIR» /«PKGBUILDDIR»/obj-x86_64-linux-gnu /«PKGBUILDDIR»/obj-x86_64-linux-gnu /«PKGBUILDDIR»/obj-x86_64-linux-gnu/CMakeFiles/mod_topic.dir/DependInfo.cmake --color=
cd /«PKGBUILDDIR»/obj-x86_64-linux-gnu && /usr/bin/cmake -E cmake_depends "Unix Makefiles" /«PKGBUILDDIR» /«PKGBUILDDIR» /«PKGBUILDDIR»/obj-x86_64-linux-gnu /«PKGBUILDDIR»/obj-x86_64-linux-gnu /«PKGBUILDDIR»/obj-x86_64-linux-gnu/CMakeFiles/mod_logging.dir/DependInfo.cmake --color=
cd /«PKGBUILDDIR»/obj-x86_64-linux-gnu && /usr/bin/cmake -E cmake_depends "Unix Makefiles" /«PKGBUILDDIR» /«PKGBUILDDIR» /«PKGBUILDDIR»/obj-x86_64-linux-gnu /«PKGBUILDDIR»/obj-x86_64-linux-gnu /«PKGBUILDDIR»/obj-x86_64-linux-gnu/CMakeFiles/mod_chat_only.dir/DependInfo.cmake --color=
cd /«PKGBUILDDIR»/obj-x86_64-linux-gnu && /usr/bin/cmake -E cmake_depends "Unix Makefiles" /«PKGBUILDDIR» /«PKGBUILDDIR» /«PKGBUILDDIR»/obj-x86_64-linux-gnu /«PKGBUILDDIR»/obj-x86_64-linux-gnu /«PKGBUILDDIR»/obj-x86_64-linux-gnu/CMakeFiles/mod_auth_sqlite.dir/DependInfo.cmake --color=
cd /«PKGBUILDDIR»/obj-x86_64-linux-gnu && /usr/bin/cmake -E cmake_depends "Unix Makefiles" /«PKGBUILDDIR» /«PKGBUILDDIR» /«PKGBUILDDIR»/obj-x86_64-linux-gnu /«PKGBUILDDIR»/obj-x86_64-linux-gnu /«PKGBUILDDIR»/obj-x86_64-linux-gnu/CMakeFiles/mod_welcome.dir/DependInfo.cmake --color=
cd /«PKGBUILDDIR»/obj-x86_64-linux-gnu && /usr/bin/cmake -E cmake_depends "Unix Makefiles" /«PKGBUILDDIR» /«PKGBUILDDIR» /«PKGBUILDDIR»/obj-x86_64-linux-gnu /«PKGBUILDDIR»/obj-x86_64-linux-gnu /«PKGBUILDDIR»/obj-x86_64-linux-gnu/CMakeFiles/mod_example.dir/DependInfo.cmake --color=
cd /«PKGBUILDDIR»/obj-x86_64-linux-gnu && /usr/bin/cmake -E cmake_depends "Unix Makefiles" /«PKGBUILDDIR» /«PKGBUILDDIR» /«PKGBUILDDIR»/obj-x86_64-linux-gnu /«PKGBUILDDIR»/obj-x86_64-linux-gnu /«PKGBUILDDIR»/obj-x86_64-linux-gnu/CMakeFiles/mod_chat_history.dir/DependInfo.cmake --color=
Scanning dependencies of target mod_auth_simple
make[3]: Leaving directory '/«PKGBUILDDIR»/obj-x86_64-linux-gnu'
make -f CMakeFiles/mod_auth_simple.dir/build.make CMakeFiles/mod_auth_simple.dir/build
Scanning dependencies of target mod_welcome
Scanning dependencies of target mod_example
Scanning dependencies of target mod_no_guest_downloads
Scanning dependencies of target mod_topic
Scanning dependencies of target mod_chat_only
Scanning dependencies of target adc
Scanning dependencies of target mod_auth_sqlite
make[3]: Leaving directory '/«PKGBUILDDIR»/obj-x86_64-linux-gnu'
make[3]: Leaving directory '/«PKGBUILDDIR»/obj-x86_64-linux-gnu'
make -f CMakeFiles/mod_topic.dir/build.make CMakeFiles/mod_topic.dir/build
make -f CMakeFiles/mod_welcome.dir/build.make CMakeFiles/mod_welcome.dir/build
make[3]: Leaving directory '/«PKGBUILDDIR»/obj-x86_64-linux-gnu'
Scanning dependencies of target mod_chat_history
make -f CMakeFiles/mod_example.dir/build.make CMakeFiles/mod_example.dir/build
make[3]: Leaving directory '/«PKGBUILDDIR»/obj-x86_64-linux-gnu'
make -f CMakeFiles/mod_no_guest_downloads.dir/build.make CMakeFiles/mod_no_guest_downloads.dir/build
make[3]: Leaving directory '/«PKGBUILDDIR»/obj-x86_64-linux-gnu'
make -f CMakeFiles/adc.dir/build.make CMakeFiles/adc.dir/build
make[3]: Entering directory '/«PKGBUILDDIR»/obj-x86_64-linux-gnu'
/usr/bin/cmake -E cmake_progress_report /«PKGBUILDDIR»/obj-x86_64-linux-gnu/CMakeFiles 5
make[3]: Leaving directory '/«PKGBUILDDIR»/obj-x86_64-linux-gnu'
make -f CMakeFiles/mod_chat_only.dir/build.make CMakeFiles/mod_chat_only.dir/build
make[3]: Entering directory '/«PKGBUILDDIR»/obj-x86_64-linux-gnu'
/usr/bin/cmake -E cmake_progress_report /«PKGBUILDDIR»/obj-x86_64-linux-gnu/CMakeFiles 13
make[3]: Leaving directory '/«PKGBUILDDIR»/obj-x86_64-linux-gnu'
make -f CMakeFiles/mod_auth_sqlite.dir/build.make CMakeFiles/mod_auth_sqlite.dir/build
make[3]: Leaving directory '/«PKGBUILDDIR»/obj-x86_64-linux-gnu'
make -f CMakeFiles/mod_chat_history.dir/build.make CMakeFiles/mod_chat_history.dir/build
Scanning dependencies of target mod_logging
make[3]: Leaving directory '/«PKGBUILDDIR»/obj-x86_64-linux-gnu'
make -f CMakeFiles/mod_logging.dir/build.make CMakeFiles/mod_logging.dir/build
make[3]: Entering directory '/«PKGBUILDDIR»/obj-x86_64-linux-gnu'
/usr/bin/cmake -E cmake_progress_report /«PKGBUILDDIR»/obj-x86_64-linux-gnu/CMakeFiles 9
make[3]: Entering directory '/«PKGBUILDDIR»/obj-x86_64-linux-gnu'
make[3]: Entering directory '/«PKGBUILDDIR»/obj-x86_64-linux-gnu'
make[3]: Entering directory '/«PKGBUILDDIR»/obj-x86_64-linux-gnu'
/usr/bin/cmake -E cmake_progress_report /«PKGBUILDDIR»/obj-x86_64-linux-gnu/CMakeFiles 14
make[3]: Entering directory '/«PKGBUILDDIR»/obj-x86_64-linux-gnu'
/usr/bin/cmake -E cmake_progress_report /«PKGBUILDDIR»/obj-x86_64-linux-gnu/CMakeFiles 8
/usr/bin/cmake -E cmake_progress_report /«PKGBUILDDIR»/obj-x86_64-linux-gnu/CMakeFiles 7
make[3]: Entering directory '/«PKGBUILDDIR»/obj-x86_64-linux-gnu'
/usr/bin/cmake -E cmake_progress_report /«PKGBUILDDIR»/obj-x86_64-linux-gnu/CMakeFiles 1
/usr/bin/cmake -E cmake_progress_report /«PKGBUILDDIR»/obj-x86_64-linux-gnu/CMakeFiles 12
make[3]: Entering directory '/«PKGBUILDDIR»/obj-x86_64-linux-gnu'
/usr/bin/cmake -E cmake_progress_report /«PKGBUILDDIR»/obj-x86_64-linux-gnu/CMakeFiles 6
make[3]: Entering directory '/«PKGBUILDDIR»/obj-x86_64-linux-gnu'
/usr/bin/cmake -E cmake_progress_report /«PKGBUILDDIR»/obj-x86_64-linux-gnu/CMakeFiles 10
[ 34%] [ 36%] [ 37%] [ 38%] [ 40%] [ 41%] [ 42%] [ 44%] [ 45%] [ 46%] Building C object CMakeFiles/mod_topic.dir/src/plugins/mod_topic.c.o
Building C object CMakeFiles/mod_example.dir/src/plugins/mod_example.c.o
Building C object CMakeFiles/mod_chat_history.dir/src/plugins/mod_chat_history.c.o
Building C object CMakeFiles/mod_auth_simple.dir/src/plugins/mod_auth_simple.c.o
/usr/bin/cc  -DSSL_SUPPORT=1 -DSSL_USE_OPENSSL=1 -Dmod_topic_EXPORTS -g -O2 -fstack-protector-strong -Wformat -Werror=format-security -D_FORTIFY_SOURCE=2  -O3 -DNDEBUG -fPIC -I/«PKGBUILDDIR»/src    -o CMakeFiles/mod_topic.dir/src/plugins/mod_topic.c.o   -c /«PKGBUILDDIR»/src/plugins/mod_topic.c
Building C object CMakeFiles/mod_chat_only.dir/src/plugins/mod_chat_only.c.o
/usr/bin/cc  -DSSL_SUPPORT=1 -DSSL_USE_OPENSSL=1 -Dmod_auth_simple_EXPORTS -g -O2 -fstack-protector-strong -Wformat -Werror=format-security -D_FORTIFY_SOURCE=2  -O3 -DNDEBUG -fPIC -I/«PKGBUILDDIR»/src    -o CMakeFiles/mod_auth_simple.dir/src/plugins/mod_auth_simple.c.o   -c /«PKGBUILDDIR»/src/plugins/mod_auth_simple.c
/usr/bin/cc  -DSSL_SUPPORT=1 -DSSL_USE_OPENSSL=1 -Dmod_example_EXPORTS -g -O2 -fstack-protector-strong -Wformat -Werror=format-security -D_FORTIFY_SOURCE=2  -O3 -DNDEBUG -fPIC -I/«PKGBUILDDIR»/src    -o CMakeFiles/mod_example.dir/src/plugins/mod_example.c.o   -c /«PKGBUILDDIR»/src/plugins/mod_example.c
Building C object CMakeFiles/mod_welcome.dir/src/plugins/mod_welcome.c.o
/usr/bin/cc  -DSSL_SUPPORT=1 -DSSL_USE_OPENSSL=1 -Dmod_welcome_EXPORTS -g -O2 -fstack-protector-strong -Wformat -Werror=format-security -D_FORTIFY_SOURCE=2  -O3 -DNDEBUG -fPIC -I/«PKGBUILDDIR»/src    -o CMakeFiles/mod_welcome.dir/src/plugins/mod_welcome.c.o   -c /«PKGBUILDDIR»/src/plugins/mod_welcome.c
Building C object CMakeFiles/mod_auth_sqlite.dir/src/plugins/mod_auth_sqlite.c.o
/usr/bin/cc  -DSSL_SUPPORT=1 -DSSL_USE_OPENSSL=1 -Dmod_chat_history_EXPORTS -g -O2 -fstack-protector-strong -Wformat -Werror=format-security -D_FORTIFY_SOURCE=2  -O3 -DNDEBUG -fPIC -I/«PKGBUILDDIR»/src    -o CMakeFiles/mod_chat_history.dir/src/plugins/mod_chat_history.c.o   -c /«PKGBUILDDIR»/src/plugins/mod_chat_history.c
Building C object CMakeFiles/mod_logging.dir/src/plugins/mod_logging.c.o
/usr/bin/cc  -DSSL_SUPPORT=1 -DSSL_USE_OPENSSL=1 -Dmod_chat_only_EXPORTS -g -O2 -fstack-protector-strong -Wformat -Werror=format-security -D_FORTIFY_SOURCE=2  -O3 -DNDEBUG -fPIC -I/«PKGBUILDDIR»/src    -o CMakeFiles/mod_chat_only.dir/src/plugins/mod_chat_only.c.o   -c /«PKGBUILDDIR»/src/plugins/mod_chat_only.c
Building C object CMakeFiles/mod_no_guest_downloads.dir/src/plugins/mod_no_guest_downloads.c.o
/usr/bin/cc  -DSSL_SUPPORT=1 -DSSL_USE_OPENSSL=1 -Dmod_no_guest_downloads_EXPORTS -g -O2 -fstack-protector-strong -Wformat -Werror=format-security -D_FORTIFY_SOURCE=2  -O3 -DNDEBUG -fPIC -I/«PKGBUILDDIR»/src    -o CMakeFiles/mod_no_guest_downloads.dir/src/plugins/mod_no_guest_downloads.c.o   -c /«PKGBUILDDIR»/src/plugins/mod_no_guest_downloads.c
Building C object CMakeFiles/adc.dir/src/adc/message.c.o
/usr/bin/cc  -DSSL_SUPPORT=1 -DSSL_USE_OPENSSL=1 -g -O2 -fstack-protector-strong -Wformat -Werror=format-security -D_FORTIFY_SOURCE=2  -O3 -DNDEBUG -I/«PKGBUILDDIR»/src    -o CMakeFiles/adc.dir/src/adc/message.c.o   -c /«PKGBUILDDIR»/src/adc/message.c
/usr/bin/cc  -DSSL_SUPPORT=1 -DSSL_USE_OPENSSL=1 -Dmod_auth_sqlite_EXPORTS -g -O2 -fstack-protector-strong -Wformat -Werror=format-security -D_FORTIFY_SOURCE=2  -O3 -DNDEBUG -fPIC -I/«PKGBUILDDIR»/src    -o CMakeFiles/mod_auth_sqlite.dir/src/plugins/mod_auth_sqlite.c.o   -c /«PKGBUILDDIR»/src/plugins/mod_auth_sqlite.c
/usr/bin/cc  -DSSL_SUPPORT=1 -DSSL_USE_OPENSSL=1 -Dmod_logging_EXPORTS -g -O2 -fstack-protector-strong -Wformat -Werror=format-security -D_FORTIFY_SOURCE=2  -O3 -DNDEBUG -fPIC -I/«PKGBUILDDIR»/src    -o CMakeFiles/mod_logging.dir/src/plugins/mod_logging.c.o   -c /«PKGBUILDDIR»/src/plugins/mod_logging.c
Linking C shared module mod_no_guest_downloads.so
/usr/bin/cmake -E cmake_link_script CMakeFiles/mod_no_guest_downloads.dir/link.txt --verbose=1
Linking C shared module mod_example.so
/usr/bin/cmake -E cmake_link_script CMakeFiles/mod_example.dir/link.txt --verbose=1
Linking C shared module mod_topic.so
/usr/bin/cmake -E cmake_link_script CMakeFiles/mod_topic.dir/link.txt --verbose=1
/usr/bin/cc  -fPIC -g -O2 -fstack-protector-strong -Wformat -Werror=format-security -D_FORTIFY_SOURCE=2  -O3 -DNDEBUG  -Wl,-z,relro -Wl,--as-needed -shared -Wl,-soname,mod_no_guest_downloads.so -o mod_no_guest_downloads.so CMakeFiles/mod_no_guest_downloads.dir/src/plugins/mod_no_guest_downloads.c.o libutils.a libnetwork.a 
/usr/bin/cc  -fPIC -g -O2 -fstack-protector-strong -Wformat -Werror=format-security -D_FORTIFY_SOURCE=2  -O3 -DNDEBUG  -Wl,-z,relro -Wl,--as-needed -shared -Wl,-soname,mod_example.so -o mod_example.so CMakeFiles/mod_example.dir/src/plugins/mod_example.c.o libutils.a libnetwork.a 
Linking C shared module mod_chat_only.so
/usr/bin/cmake -E cmake_link_script CMakeFiles/mod_chat_only.dir/link.txt --verbose=1
/usr/bin/cc  -fPIC -g -O2 -fstack-protector-strong -Wformat -Werror=format-security -D_FORTIFY_SOURCE=2  -O3 -DNDEBUG  -Wl,-z,relro -Wl,--as-needed -shared -Wl,-soname,mod_topic.so -o mod_topic.so CMakeFiles/mod_topic.dir/src/plugins/mod_topic.c.o libutils.a libnetwork.a 
/usr/bin/cmake -E cmake_progress_report /«PKGBUILDDIR»/obj-x86_64-linux-gnu/CMakeFiles 11
/usr/bin/cc  -fPIC -g -O2 -fstack-protector-strong -Wformat -Werror=format-security -D_FORTIFY_SOURCE=2  -O3 -DNDEBUG  -Wl,-z,relro -Wl,--as-needed -shared -Wl,-soname,mod_chat_only.so -o mod_chat_only.so CMakeFiles/mod_chat_only.dir/src/plugins/mod_chat_only.c.o libutils.a libnetwork.a 
Linking C shared module mod_chat_history.so
Linking C shared module mod_auth_simple.so
/usr/bin/cmake -E cmake_link_script CMakeFiles/mod_auth_simple.dir/link.txt --verbose=1
/usr/bin/cmake -E cmake_link_script CMakeFiles/mod_chat_history.dir/link.txt --verbose=1
/usr/bin/ld: /usr/bin/ld: libutils.a(cbuffer.c.o): relocation R_X86_64_32 against `.bss' can not be used when making a shared object; recompile with -fPIC
libutils.a: error adding symbols: Bad value
clang: error: linker command failed with exit code 1 (use -v to see invocation)
make[3]: *** [mod_topic.so] Error 1
[ 48%] CMakeFiles/mod_topic.dir/build.make:90: recipe for target 'mod_topic.so' failed
make[3]: Leaving directory '/«PKGBUILDDIR»/obj-x86_64-linux-gnu'
make[2]: *** [CMakeFiles/mod_topic.dir/all] Error 2
CMakeFiles/Makefile2:378: recipe for target 'CMakeFiles/mod_topic.dir/all' failed
make[2]: *** Waiting for unfinished jobs....
/usr/bin/cmake -E cmake_progress_report /«PKGBUILDDIR»/obj-x86_64-linux-gnu/CMakeFiles 2
make[3]: Leaving directory '/«PKGBUILDDIR»/obj-x86_64-linux-gnu'
/usr/bin/cmake -E cmake_progress_report /«PKGBUILDDIR»/obj-x86_64-linux-gnu/CMakeFiles  12
libutils.a(memory.c.o): relocation R_X86_64_PC32 against undefined symbol `malloc@@GLIBC_2.2.5' can not be used when making a shared object; recompile with -fPIC
/usr/bin/ld: final link failed: Bad value
clang: error: linker command failed with exit code 1 (use -v to see invocation)
make[3]: *** [mod_example.so] Error 1
CMakeFiles/mod_example.dir/build.make:90: recipe for target 'mod_example.so' failed
make[3]: Leaving directory '/«PKGBUILDDIR»/obj-x86_64-linux-gnu'
make[2]: *** [CMakeFiles/mod_example.dir/all] Error 2
CMakeFiles/Makefile2:273: recipe for target 'CMakeFiles/mod_example.dir/all' failed
/usr/bin/cc  -fPIC -g -O2 -fstack-protector-strong -Wformat -Werror=format-security -D_FORTIFY_SOURCE=2  -O3 -DNDEBUG  -Wl,-z,relro -Wl,--as-needed -shared -Wl,-soname,mod_chat_history.so -o mod_chat_history.so CMakeFiles/mod_chat_history.dir/src/plugins/mod_chat_history.c.o libutils.a libnetwork.a 
/usr/bin/cc  -fPIC -g -O2 -fstack-protector-strong -Wformat -Werror=format-security -D_FORTIFY_SOURCE=2  -O3 -DNDEBUG  -Wl,-z,relro -Wl,--as-needed -shared -Wl,-soname,mod_auth_simple.so -o mod_auth_simple.so CMakeFiles/mod_auth_simple.dir/src/plugins/mod_auth_simple.c.o libutils.a libnetwork.a 
Linking C shared module mod_welcome.so
/usr/bin/cmake -E cmake_link_script CMakeFiles/mod_welcome.dir/link.txt --verbose=1
[ 49%] Building C object CMakeFiles/mod_logging.dir/src/adc/sid.c.o
/usr/bin/cc  -DSSL_SUPPORT=1 -DSSL_USE_OPENSSL=1 -Dmod_logging_EXPORTS -g -O2 -fstack-protector-strong -Wformat -Werror=format-security -D_FORTIFY_SOURCE=2  -O3 -DNDEBUG -fPIC -I/«PKGBUILDDIR»/src    -o CMakeFiles/mod_logging.dir/src/adc/sid.c.o   -c /«PKGBUILDDIR»/src/adc/sid.c
[ 49%] Built target mod_no_guest_downloads
/usr/bin/ld: libutils.a(memory.c.o): relocation R_X86_64_PC32 against undefined symbol `malloc@@GLIBC_2.2.5' can not be used when making a shared object; recompile with -fPIC
/usr/bin/ld: final link failed: Bad value
clang: error: linker command failed with exit code 1 (use -v to see invocation)
make[3]: *** [mod_chat_only.so] Error 1
CMakeFiles/mod_chat_only.dir/build.make:90: recipe for target 'mod_chat_only.so' failed
make[3]: Leaving directory '/«PKGBUILDDIR»/obj-x86_64-linux-gnu'
make[2]: *** [CMakeFiles/mod_chat_only.dir/all] Error 2
CMakeFiles/Makefile2:238: recipe for target 'CMakeFiles/mod_chat_only.dir/all' failed
/usr/bin/ld: /usr/bin/cc  -fPIC -g -O2 -fstack-protector-strong -Wformat -Werror=format-security -D_FORTIFY_SOURCE=2  -O3 -DNDEBUG  -Wl,-z,relro -Wl,--as-needed -shared -Wl,-soname,mod_welcome.so -o mod_welcome.so CMakeFiles/mod_welcome.dir/src/plugins/mod_welcome.c.o libutils.a libnetwork.a -lssl -lcrypto 
Linking C shared module mod_auth_sqlite.so
/usr/bin/cmake -E cmake_link_script CMakeFiles/mod_auth_sqlite.dir/link.txt --verbose=1
libutils.a(list.c.o): relocation R_X86_64_32 against `.rodata.str1.1' can not be used when making a shared object; recompile with -fPIC
libutils.a: error adding symbols: Bad value
clang: error: linker command failed with exit code 1 (use -v to see invocation)
make[3]: *** [mod_auth_simple.so] Error 1
CMakeFiles/mod_auth_simple.dir/build.make:90: recipe for target 'mod_auth_simple.so' failed
make[3]: Leaving directory '/«PKGBUILDDIR»/obj-x86_64-linux-gnu'
make[2]: *** [CMakeFiles/mod_auth_simple.dir/all] Error 2
CMakeFiles/Makefile2:133: recipe for target 'CMakeFiles/mod_auth_simple.dir/all' failed
/usr/bin/ld: libutils.a(list.c.o): relocation R_X86_64_32 against `.rodata.str1.1' can not be used when making a shared object; recompile with -fPIC
libutils.a: error adding symbols: Bad value
clang: error: linker command failed with exit code 1 (use -v to see invocation)
make[3]: *** [mod_chat_history.so] Error 1
CMakeFiles/mod_chat_history.dir/build.make:90: recipe for target 'mod_chat_history.so' failed
make[3]: Leaving directory '/«PKGBUILDDIR»/obj-x86_64-linux-gnu'
make[2]: *** [CMakeFiles/mod_chat_history.dir/all] Error 2
CMakeFiles/Makefile2:203: recipe for target 'CMakeFiles/mod_chat_history.dir/all' failed
Building C object CMakeFiles/adc.dir/src/adc/sid.c.o
/usr/bin/cc  -DSSL_SUPPORT=1 -DSSL_USE_OPENSSL=1 -g -O2 -fstack-protector-strong -Wformat -Werror=format-security -D_FORTIFY_SOURCE=2  -O3 -DNDEBUG -I/«PKGBUILDDIR»/src    -o CMakeFiles/adc.dir/src/adc/sid.c.o   -c /«PKGBUILDDIR»/src/adc/sid.c
/usr/bin/cc  -fPIC -g -O2 -fstack-protector-strong -Wformat -Werror=format-security -D_FORTIFY_SOURCE=2  -O3 -DNDEBUG  -Wl,-z,relro -Wl,--as-needed -shared -Wl,-soname,mod_auth_sqlite.so -o mod_auth_sqlite.so CMakeFiles/mod_auth_sqlite.dir/src/plugins/mod_auth_sqlite.c.o -lsqlite3 libutils.a libnetwork.a 
/usr/bin/ld: libutils.a(cbuffer.c.o): relocation R_X86_64_32 against `.bss' can not be used when making a shared object; recompile with -fPIC
libutils.a: error adding symbols: Bad value
clang: error: linker command failed with exit code 1 (use -v to see invocation)
make[3]: *** [mod_welcome.so] Error 1
CMakeFiles/mod_welcome.dir/build.make:92: recipe for target 'mod_welcome.so' failed
make[3]: Leaving directory '/«PKGBUILDDIR»/obj-x86_64-linux-gnu'
make[2]: *** [CMakeFiles/mod_welcome.dir/all] Error 2
CMakeFiles/Makefile2:413: recipe for target 'CMakeFiles/mod_welcome.dir/all' failed
/usr/bin/ld: libutils.a(credentials.c.o): relocation R_X86_64_32S against `.rodata' can not be used when making a shared object; recompile with -fPIC
libutils.a: error adding symbols: Bad value
clang: error: linker command failed with exit code 1 (use -v to see invocation)
make[3]: *** [mod_auth_sqlite.so] Error 1
CMakeFiles/mod_auth_sqlite.dir/build.make:90: recipe for target 'mod_auth_sqlite.so' failed
make[3]: Leaving directory '/«PKGBUILDDIR»/obj-x86_64-linux-gnu'
make[2]: *** [CMakeFiles/mod_auth_sqlite.dir/all] Error 2
CMakeFiles/Makefile2:168: recipe for target 'CMakeFiles/mod_auth_sqlite.dir/all' failed
Linking C shared module mod_logging.so
/usr/bin/cmake -E cmake_link_script CMakeFiles/mod_logging.dir/link.txt --verbose=1
/usr/bin/cc  -fPIC -g -O2 -fstack-protector-strong -Wformat -Werror=format-security -D_FORTIFY_SOURCE=2  -O3 -DNDEBUG  -Wl,-z,relro -Wl,--as-needed -shared -Wl,-soname,mod_logging.so -o mod_logging.so CMakeFiles/mod_logging.dir/src/plugins/mod_logging.c.o CMakeFiles/mod_logging.dir/src/adc/sid.c.o libutils.a libnetwork.a -lssl -lcrypto 
/usr/bin/ld: libutils.a(credentials.c.o): relocation R_X86_64_32S against `.rodata' can not be used when making a shared object; recompile with -fPIC
libutils.a: error adding symbols: Bad value
clang: error: linker command failed with exit code 1 (use -v to see invocation)
make[3]: *** [mod_logging.so] Error 1
CMakeFiles/mod_logging.dir/build.make:117: recipe for target 'mod_logging.so' failed
make[3]: Leaving directory '/«PKGBUILDDIR»/obj-x86_64-linux-gnu'
make[2]: *** [CMakeFiles/mod_logging.dir/all] Error 2
CMakeFiles/Makefile2:308: recipe for target 'CMakeFiles/mod_logging.dir/all' failed
Linking C static library libadc.a
/usr/bin/cmake -P CMakeFiles/adc.dir/cmake_clean_target.cmake
/usr/bin/cmake -E cmake_link_script CMakeFiles/adc.dir/link.txt --verbose=1
/usr/bin/ar cr libadc.a  CMakeFiles/adc.dir/src/adc/message.c.o CMakeFiles/adc.dir/src/adc/sid.c.o
/usr/bin/ranlib libadc.a
make[3]: Leaving directory '/«PKGBUILDDIR»/obj-x86_64-linux-gnu'
/usr/bin/cmake -E cmake_progress_report /«PKGBUILDDIR»/obj-x86_64-linux-gnu/CMakeFiles  1 2
[ 49%] Built target adc
make[2]: Leaving directory '/«PKGBUILDDIR»/obj-x86_64-linux-gnu'
make[1]: *** [all] Error 2
Makefile:120: recipe for target 'all' failed
make[1]: Leaving directory '/«PKGBUILDDIR»/obj-x86_64-linux-gnu'
dh_auto_build: make -j10 returned exit code 2
make: *** [build-arch] Error 2
debian/rules:15: recipe for target 'build-arch' failed
dpkg-buildpackage: error: debian/rules build-arch gave error exit status 2
────────────────────────────────────────────────────────────────────────────────
Build finished at 20150326-0820

Finished
────────

E: Build failure (dpkg-buildpackage died)

┌──────────────────────────────────────────────────────────────────────────────┐
│ Cleanup                                                                      │
└──────────────────────────────────────────────────────────────────────────────┘

Purging /«BUILDDIR»
Not cleaning session: cloned chroot in use

┌──────────────────────────────────────────────────────────────────────────────┐
│ Summary                                                                      │
└──────────────────────────────────────────────────────────────────────────────┘

Build Architecture: amd64
Build-Space: 4136
Build-Time: 11
Distribution: unstable
Fail-Stage: build
Host Architecture: amd64
Install-Time: 13
Job: uhub_0.4.1-3
Machine Architecture: amd64
Package: uhub
Package-Time: 50
Source-Version: 0.4.1-3
Space: 4136
Status: attempted
Version: 0.4.1-3
────────────────────────────────────────────────────────────────────────────────
Finished at 20150326-0820
Build needed 00:00:50, 4136k disc space
DC-Status: Failed 51.444419018s
DC-Time-Estimation: 51.444419018 versus expected 243 (r/m: 3.7235444512450653 ; m: 51.444419018)
